[
  {
    "Plan": {
      "Node Type": "Aggregate",
      "Strategy": "Plain",
      "Partial Mode": "Finalize",
      "Parallel Aware": false,
      "Startup Cost": 748070.62,
      "Total Cost": 748070.63,
      "Plan Rows": 1,
      "Plan Width": 128,
      "Actual Startup Time": 3081.07,
      "Actual Total Time": 3283.362,
      "Actual Rows": 1,
      "Actual Loops": 1,
      "Plans": [
        {
          "Node Type": "Gather",
          "Parent Relationship": "Outer",
          "Parallel Aware": false,
          "Startup Cost": 748070.17,
          "Total Cost": 748070.58,
          "Plan Rows": 4,
          "Plan Width": 128,
          "Actual Startup Time": 3078.352,
          "Actual Total Time": 3283.332,
          "Actual Rows": 5,
          "Actual Loops": 1,
          "Workers Planned": 4,
          "Workers Launched": 4,
          "Single Copy": false,
          "Plans": [
            {
              "Node Type": "Aggregate",
              "Strategy": "Plain",
              "Partial Mode": "Partial",
              "Parent Relationship": "Outer",
              "Parallel Aware": false,
              "Startup Cost": 747070.17,
              "Total Cost": 747070.18,
              "Plan Rows": 1,
              "Plan Width": 128,
              "Actual Startup Time": 3066.169,
              "Actual Total Time": 3066.291,
              "Actual Rows": 1,
              "Actual Loops": 5,
              "Plans": [
                {
                  "Node Type": "Hash Join",
                  "Parent Relationship": "Outer",
                  "Parallel Aware": true,
                  "Join Type": "Inner",
                  "Startup Cost": 676779.65,
                  "Total Cost": 747070.16,
                  "Plan Rows": 1,
                  "Plan Width": 81,
                  "Actual Startup Time": 2832.201,
                  "Actual Total Time": 3064.385,
                  "Actual Rows": 7794,
                  "Actual Loops": 5,
                  "Inner Unique": false,
                  "Hash Cond": "(n.id = ci.person_id)",
                  "Plans": [
                    {
                      "Node Type": "Seq Scan",
                      "Parent Relationship": "Outer",
                      "Parallel Aware": true,
                      "Relation Name": "name",
                      "Alias": "n",
                      "Startup Cost": 0.0,
                      "Total Cost": 68635.58,
                      "Plan Rows": 441309,
                      "Plan Width": 19,
                      "Actual Startup Time": 0.045,
                      "Actual Total Time": 179.273,
                      "Actual Rows": 347916,
                      "Actual Loops": 5,
                      "Filter": "((gender)::text = 'm'::text)",
                      "Rows Removed by Filter": 485582
                    },
                    {
                      "Node Type": "Hash",
                      "Parent Relationship": "Inner",
                      "Parallel Aware": true,
                      "Startup Cost": 676779.64,
                      "Total Cost": 676779.64,
                      "Plan Rows": 1,
                      "Plan Width": 70,
                      "Actual Startup Time": 2830.485,
                      "Actual Total Time": 2830.603,
                      "Actual Rows": 9919,
                      "Actual Loops": 5,
                      "Hash Buckets": 65536,
                      "Original Hash Buckets": 1024,
                      "Hash Batches": 1,
                      "Original Hash Batches": 1,
                      "Peak Memory Usage": 4472,
                      "Plans": [
                        {
                          "Node Type": "Hash Join",
                          "Parent Relationship": "Outer",
                          "Parallel Aware": false,
                          "Join Type": "Inner",
                          "Startup Cost": 632090.94,
                          "Total Cost": 676779.64,
                          "Plan Rows": 1,
                          "Plan Width": 70,
                          "Actual Startup Time": 2663.566,
                          "Actual Total Time": 2805.372,
                          "Actual Rows": 9919,
                          "Actual Loops": 5,
                          "Inner Unique": false,
                          "Hash Cond": "(t.id = cc.movie_id)",
                          "Plans": [
                            {
                              "Node Type": "Hash Join",
                              "Parent Relationship": "Outer",
                              "Parallel Aware": true,
                              "Join Type": "Inner",
                              "Startup Cost": 628988.52,
                              "Total Cost": 673677.21,
                              "Plan Rows": 1,
                              "Plan Width": 90,
                              "Actual Startup Time": 2552.645,
                              "Actual Total Time": 2742.1,
                              "Actual Rows": 25829,
                              "Actual Loops": 5,
                              "Inner Unique": false,
                              "Hash Cond": "(t.id = mi.movie_id)",
                              "Plans": [
                                {
                                  "Node Type": "Seq Scan",
                                  "Parent Relationship": "Outer",
                                  "Parallel Aware": true,
                                  "Relation Name": "title",
                                  "Alias": "t",
                                  "Startup Cost": 0.0,
                                  "Total Cost": 42318.49,
                                  "Plan Rows": 632049,
                                  "Plan Width": 21,
                                  "Actual Startup Time": 0.025,
                                  "Actual Total Time": 94.454,
                                  "Actual Rows": 505662,
                                  "Actual Loops": 5
                                },
                                {
                                  "Node Type": "Hash",
                                  "Parent Relationship": "Inner",
                                  "Parallel Aware": true,
                                  "Startup Cost": 628988.51,
                                  "Total Cost": 628988.51,
                                  "Plan Rows": 1,
                                  "Plan Width": 69,
                                  "Actual Startup Time": 2545.977,
                                  "Actual Total Time": 2546.08,
                                  "Actual Rows": 25829,
                                  "Actual Loops": 5,
                                  "Hash Buckets": 131072,
                                  "Original Hash Buckets": 1024,
                                  "Hash Batches": 1,
                                  "Original Hash Batches": 1,
                                  "Peak Memory Usage": 10936,
                                  "Plans": [
                                    {
                                      "Node Type": "Hash Join",
                                      "Parent Relationship": "Outer",
                                      "Parallel Aware": true,
                                      "Join Type": "Inner",
                                      "Startup Cost": 275652.2,
                                      "Total Cost": 628988.51,
                                      "Plan Rows": 1,
                                      "Plan Width": 69,
                                      "Actual Startup Time": 1144.12,
                                      "Actual Total Time": 2472.18,
                                      "Actual Rows": 25829,
                                      "Actual Loops": 5,
                                      "Inner Unique": false,
                                      "Hash Cond": "(ci.movie_id = mi.movie_id)",
                                      "Plans": [
                                        {
                                          "Node Type": "Seq Scan",
                                          "Parent Relationship": "Outer",
                                          "Parallel Aware": true,
                                          "Relation Name": "cast_info",
                                          "Alias": "ci",
                                          "Startup Cost": 0.0,
                                          "Total Cost": 350807.07,
                                          "Plan Rows": 674462,
                                          "Plan Width": 8,
                                          "Actual Startup Time": 0.043,
                                          "Actual Total Time": 1205.883,
                                          "Actual Rows": 805586,
                                          "Actual Loops": 5,
                                          "Filter": "(note = ANY ('{(writer),(producer),(uncredited),\"(executive producer)\",\"(written by)\"}'::text[]))",
                                          "Rows Removed by Filter": 6443283
                                        },
                                        {
                                          "Node Type": "Hash",
                                          "Parent Relationship": "Inner",
                                          "Parallel Aware": true,
                                          "Startup Cost": 275652.19,
                                          "Total Cost": 275652.19,
                                          "Plan Rows": 1,
                                          "Plan Width": 61,
                                          "Actual Startup Time": 1143.771,
                                          "Actual Total Time": 1143.87,
                                          "Actual Rows": 3221,
                                          "Actual Loops": 5,
                                          "Hash Buckets": 16384,
                                          "Original Hash Buckets": 1024,
                                          "Hash Batches": 1,
                                          "Original Hash Batches": 1,
                                          "Peak Memory Usage": 1272,
                                          "Plans": [
                                            {
                                              "Node Type": "Hash Join",
                                              "Parent Relationship": "Outer",
                                              "Parallel Aware": true,
                                              "Join Type": "Inner",
                                              "Startup Cost": 260381.92,
                                              "Total Cost": 275652.19,
                                              "Plan Rows": 1,
                                              "Plan Width": 61,
                                              "Actual Startup Time": 1047.373,
                                              "Actual Total Time": 1125.092,
                                              "Actual Rows": 3221,
                                              "Actual Loops": 5,
                                              "Inner Unique": false,
                                              "Hash Cond": "(mi_idx.movie_id = mi.movie_id)",
                                              "Plans": [
                                                {
                                                  "Node Type": "Hash Join",
                                                  "Parent Relationship": "Outer",
                                                  "Parallel Aware": false,
                                                  "Join Type": "Inner",
                                                  "Startup Cost": 2.43,
                                                  "Total Cost": 15253.6,
                                                  "Plan Rows": 5089,
                                                  "Plan Width": 10,
                                                  "Actual Startup Time": 0.086,
                                                  "Actual Total Time": 65.588,
                                                  "Actual Rows": 91985,
                                                  "Actual Loops": 5,
                                                  "Inner Unique": true,
                                                  "Hash Cond": "(mi_idx.info_type_id = it2.id)",
                                                  "Plans": [
                                                    {
                                                      "Node Type": "Seq Scan",
                                                      "Parent Relationship": "Outer",
                                                      "Parallel Aware": true,
                                                      "Relation Name": "movie_info_idx",
                                                      "Alias": "mi_idx",
                                                      "Startup Cost": 0.0,
                                                      "Total Cost": 13685.15,
                                                      "Plan Rows": 575015,
                                                      "Plan Width": 14,
                                                      "Actual Startup Time": 0.018,
                                                      "Actual Total Time": 31.062,
                                                      "Actual Rows": 276007,
                                                      "Actual Loops": 5
                                                    },
                                                    {
                                                      "Node Type": "Hash",
                                                      "Parent Relationship": "Inner",
                                                      "Parallel Aware": false,
                                                      "Startup Cost": 2.41,
                                                      "Total Cost": 2.41,
                                                      "Plan Rows": 1,
                                                      "Plan Width": 4,
                                                      "Actual Startup Time": 0.028,
                                                      "Actual Total Time": 0.029,
                                                      "Actual Rows": 1,
                                                      "Actual Loops": 5,
                                                      "Hash Buckets": 1024,
                                                      "Original Hash Buckets": 1024,
                                                      "Hash Batches": 1,
                                                      "Original Hash Batches": 1,
                                                      "Peak Memory Usage": 9,
                                                      "Plans": [
                                                        {
                                                          "Node Type": "Seq Scan",
                                                          "Parent Relationship": "Outer",
                                                          "Parallel Aware": false,
                                                          "Relation Name": "info_type",
                                                          "Alias": "it2",
                                                          "Startup Cost": 0.0,
                                                          "Total Cost": 2.41,
                                                          "Plan Rows": 1,
                                                          "Plan Width": 4,
                                                          "Actual Startup Time": 0.02,
                                                          "Actual Total Time": 0.022,
                                                          "Actual Rows": 1,
                                                          "Actual Loops": 5,
                                                          "Filter": "((info)::text = 'votes'::text)",
                                                          "Rows Removed by Filter": 112
                                                        }
                                                      ]
                                                    }
                                                  ]
                                                },
                                                {
                                                  "Node Type": "Hash",
                                                  "Parent Relationship": "Inner",
                                                  "Parallel Aware": true,
                                                  "Startup Cost": 260379.48,
                                                  "Total Cost": 260379.48,
                                                  "Plan Rows": 1,
                                                  "Plan Width": 51,
                                                  "Actual Startup Time": 1045.967,
                                                  "Actual Total Time": 1046.055,
                                                  "Actual Rows": 3560,
                                                  "Actual Loops": 5,
                                                  "Hash Buckets": 16384,
                                                  "Original Hash Buckets": 1024,
                                                  "Hash Batches": 1,
                                                  "Original Hash Batches": 1,
                                                  "Peak Memory Usage": 1176,
                                                  "Plans": [
                                                    {
                                                      "Node Type": "Hash Join",
                                                      "Parent Relationship": "Outer",
                                                      "Parallel Aware": true,
                                                      "Join Type": "Inner",
                                                      "Startup Cost": 46346.34,
                                                      "Total Cost": 260379.48,
                                                      "Plan Rows": 1,
                                                      "Plan Width": 51,
                                                      "Actual Startup Time": 923.678,
                                                      "Actual Total Time": 1015.315,
                                                      "Actual Rows": 3560,
                                                      "Actual Loops": 5,
                                                      "Inner Unique": false,
                                                      "Hash Cond": "(mi.movie_id = mk.movie_id)",
                                                      "Plans": [
                                                        {
                                                          "Node Type": "Hash Join",
                                                          "Parent Relationship": "Outer",
                                                          "Parallel Aware": false,
                                                          "Join Type": "Inner",
                                                          "Startup Cost": 2.43,
                                                          "Total Cost": 214034.3,
                                                          "Plan Rows": 334,
                                                          "Plan Width": 47,
                                                          "Actual Startup Time": 649.442,
                                                          "Actual Total Time": 734.069,
                                                          "Actual Rows": 36748,
                                                          "Actual Loops": 5,
                                                          "Inner Unique": true,
                                                          "Hash Cond": "(mi.info_type_id = it1.id)",
                                                          "Plans": [
                                                            {
                                                              "Node Type": "Seq Scan",
                                                              "Parent Relationship": "Outer",
                                                              "Parallel Aware": true,
                                                              "Relation Name": "movie_info",
                                                              "Alias": "mi",
                                                              "Startup Cost": 0.0,
                                                              "Total Cost": 213929.22,
                                                              "Plan Rows": 37691,
                                                              "Plan Width": 51,
                                                              "Actual Startup Time": 467.962,
                                                              "Actual Total Time": 726.926,
                                                              "Actual Rows": 37097,
                                                              "Actual Loops": 5,
                                                              "Filter": "(info = ANY ('{Thriller,Family,Action,Western,War,Horror}'::text[]))",
                                                              "Rows Removed by Filter": 2930047
                                                            },
                                                            {
                                                              "Node Type": "Hash",
                                                              "Parent Relationship": "Inner",
                                                              "Parallel Aware": false,
                                                              "Startup Cost": 2.41,
                                                              "Total Cost": 2.41,
                                                              "Plan Rows": 1,
                                                              "Plan Width": 4,
                                                              "Actual Startup Time": 0.052,
                                                              "Actual Total Time": 0.054,
                                                              "Actual Rows": 1,
                                                              "Actual Loops": 5,
                                                              "Hash Buckets": 1024,
                                                              "Original Hash Buckets": 1024,
                                                              "Hash Batches": 1,
                                                              "Original Hash Batches": 1,
                                                              "Peak Memory Usage": 9,
                                                              "Plans": [
                                                                {
                                                                  "Node Type": "Seq Scan",
                                                                  "Parent Relationship": "Outer",
                                                                  "Parallel Aware": false,
                                                                  "Relation Name": "info_type",
                                                                  "Alias": "it1",
                                                                  "Startup Cost": 0.0,
                                                                  "Total Cost": 2.41,
                                                                  "Plan Rows": 1,
                                                                  "Plan Width": 4,
                                                                  "Actual Startup Time": 0.036,
                                                                  "Actual Total Time": 0.044,
                                                                  "Actual Rows": 1,
                                                                  "Actual Loops": 5,
                                                                  "Filter": "((info)::text = 'genres'::text)",
                                                                  "Rows Removed by Filter": 112
                                                                }
                                                              ]
                                                            }
                                                          ]
                                                        },
                                                        {
                                                          "Node Type": "Hash",
                                                          "Parent Relationship": "Inner",
                                                          "Parallel Aware": true,
                                                          "Startup Cost": 46342.97,
                                                          "Total Cost": 46342.97,
                                                          "Plan Rows": 76,
                                                          "Plan Width": 4,
                                                          "Actual Startup Time": 274.119,
                                                          "Actual Total Time": 274.124,
                                                          "Actual Rows": 4564,
                                                          "Actual Loops": 5,
                                                          "Hash Buckets": 32768,
                                                          "Original Hash Buckets": 1024,
                                                          "Hash Batches": 1,
                                                          "Original Hash Batches": 1,
                                                          "Peak Memory Usage": 1464,
                                                          "Plans": [
                                                            {
                                                              "Node Type": "Hash Join",
                                                              "Parent Relationship": "Outer",
                                                              "Parallel Aware": false,
                                                              "Join Type": "Inner",
                                                              "Startup Cost": 3464.78,
                                                              "Total Cost": 46342.97,
                                                              "Plan Rows": 76,
                                                              "Plan Width": 4,
                                                              "Actual Startup Time": 31.029,
                                                              "Actual Total Time": 227.113,
                                                              "Actual Rows": 4564,
                                                              "Actual Loops": 5,
                                                              "Inner Unique": true,
                                                              "Hash Cond": "(mk.keyword_id = k.id)",
                                                              "Plans": [
                                                                {
                                                                  "Node Type": "Seq Scan",
                                                                  "Parent Relationship": "Outer",
                                                                  "Parallel Aware": true,
                                                                  "Relation Name": "movie_keyword",
                                                                  "Alias": "mk",
                                                                  "Startup Cost": 0.0,
                                                                  "Total Cost": 39047.32,
                                                                  "Plan Rows": 1459332,
                                                                  "Plan Width": 8,
                                                                  "Actual Startup Time": 0.03,
                                                                  "Actual Total Time": 116.084,
                                                                  "Actual Rows": 904786,
                                                                  "Actual Loops": 5
                                                                },
                                                                {
                                                                  "Node Type": "Hash",
                                                                  "Parent Relationship": "Inner",
                                                                  "Parallel Aware": false,
                                                                  "Startup Cost": 3464.69,
                                                                  "Total Cost": 3464.69,
                                                                  "Plan Rows": 7,
                                                                  "Plan Width": 4,
                                                                  "Actual Startup Time": 30.871,
                                                                  "Actual Total Time": 30.872,
                                                                  "Actual Rows": 6,
                                                                  "Actual Loops": 5,
                                                                  "Hash Buckets": 1024,
                                                                  "Original Hash Buckets": 1024,
                                                                  "Hash Batches": 1,
                                                                  "Original Hash Batches": 1,
                                                                  "Peak Memory Usage": 9,
                                                                  "Plans": [
                                                                    {
                                                                      "Node Type": "Seq Scan",
                                                                      "Parent Relationship": "Outer",
                                                                      "Parallel Aware": false,
                                                                      "Relation Name": "keyword",
                                                                      "Alias": "k",
                                                                      "Startup Cost": 0.0,
                                                                      "Total Cost": 3464.69,
                                                                      "Plan Rows": 7,
                                                                      "Plan Width": 4,
                                                                      "Actual Startup Time": 0.034,
                                                                      "Actual Total Time": 30.859,
                                                                      "Actual Rows": 6,
                                                                      "Actual Loops": 5,
                                                                      "Filter": "(keyword = ANY ('{marvel-cinematic-universe,based-on-comic,death,revenge,hero,based-on-comic,murdered-in-a-shower}'::text[]))",
                                                                      "Rows Removed by Filter": 134164
                                                                    }
                                                                  ]
                                                                }
                                                              ]
                                                            }
                                                          ]
                                                        }
                                                      ]
                                                    }
                                                  ]
                                                }
                                              ]
                                            }
                                          ]
                                        }
                                      ]
                                    }
                                  ]
                                }
                              ]
                            },
                            {
                              "Node Type": "Hash",
                              "Parent Relationship": "Inner",
                              "Parallel Aware": false,
                              "Startup Cost": 2996.88,
                              "Total Cost": 2996.88,
                              "Plan Rows": 8443,
                              "Plan Width": 4,
                              "Actual Startup Time": 59.366,
                              "Actual Total Time": 59.377,
                              "Actual Rows": 17879,
                              "Actual Loops": 5,
                              "Hash Buckets": 32768,
                              "Original Hash Buckets": 16384,
                              "Hash Batches": 1,
                              "Original Hash Batches": 1,
                              "Peak Memory Usage": 885,
                              "Plans": [
                                {
                                  "Node Type": "Hash Join",
                                  "Parent Relationship": "Outer",
                                  "Parallel Aware": false,
                                  "Join Type": "Inner",
                                  "Startup Cost": 2.12,
                                  "Total Cost": 2996.88,
                                  "Plan Rows": 8443,
                                  "Plan Width": 4,
                                  "Actual Startup Time": 0.287,
                                  "Actual Total Time": 55.137,
                                  "Actual Rows": 17879,
                                  "Actual Loops": 5,
                                  "Inner Unique": true,
                                  "Hash Cond": "(cc.status_id = cct2.id)",
                                  "Plans": [
                                    {
                                      "Node Type": "Hash Join",
                                      "Parent Relationship": "Outer",
                                      "Parallel Aware": false,
                                      "Join Type": "Inner",
                                      "Startup Cost": 1.06,
                                      "Total Cost": 2813.24,
                                      "Plan Rows": 33772,
                                      "Plan Width": 8,
                                      "Actual Startup Time": 0.129,
                                      "Actual Total Time": 45.467,
                                      "Actual Rows": 85941,
                                      "Actual Loops": 5,
                                      "Inner Unique": true,
                                      "Hash Cond": "(cc.subject_id = cct1.id)",
                                      "Plans": [
                                        {
                                          "Node Type": "Seq Scan",
                                          "Parent Relationship": "Outer",
                                          "Parallel Aware": false,
                                          "Relation Name": "complete_cast",
                                          "Alias": "cc",
                                          "Startup Cost": 0.0,
                                          "Total Cost": 2081.86,
                                          "Plan Rows": 135086,
                                          "Plan Width": 12,
                                          "Actual Startup Time": 0.055,
                                          "Actual Total Time": 21.031,
                                          "Actual Rows": 135086,
                                          "Actual Loops": 5
                                        },
                                        {
                                          "Node Type": "Hash",
                                          "Parent Relationship": "Inner",
                                          "Parallel Aware": false,
                                          "Startup Cost": 1.05,
                                          "Total Cost": 1.05,
                                          "Plan Rows": 1,
                                          "Plan Width": 4,
                                          "Actual Startup Time": 0.023,
                                          "Actual Total Time": 0.025,
                                          "Actual Rows": 1,
                                          "Actual Loops": 5,
                                          "Hash Buckets": 1024,
                                          "Original Hash Buckets": 1024,
                                          "Hash Batches": 1,
                                          "Original Hash Batches": 1,
                                          "Peak Memory Usage": 9,
                                          "Plans": [
                                            {
                                              "Node Type": "Seq Scan",
                                              "Parent Relationship": "Outer",
                                              "Parallel Aware": false,
                                              "Relation Name": "comp_cast_type",
                                              "Alias": "cct1",
                                              "Startup Cost": 0.0,
                                              "Total Cost": 1.05,
                                              "Plan Rows": 1,
                                              "Plan Width": 4,
                                              "Actual Startup Time": 0.01,
                                              "Actual Total Time": 0.013,
                                              "Actual Rows": 1,
                                              "Actual Loops": 5,
                                              "Filter": "((kind)::text = 'cast'::text)",
                                              "Rows Removed by Filter": 3
                                            }
                                          ]
                                        }
                                      ]
                                    },
                                    {
                                      "Node Type": "Hash",
                                      "Parent Relationship": "Inner",
                                      "Parallel Aware": false,
                                      "Startup Cost": 1.05,
                                      "Total Cost": 1.05,
                                      "Plan Rows": 1,
                                      "Plan Width": 4,
                                      "Actual Startup Time": 0.103,
                                      "Actual Total Time": 0.107,
                                      "Actual Rows": 1,
                                      "Actual Loops": 5,
                                      "Hash Buckets": 1024,
                                      "Original Hash Buckets": 1024,
                                      "Hash Batches": 1,
                                      "Original Hash Batches": 1,
                                      "Peak Memory Usage": 9,
                                      "Plans": [
                                        {
                                          "Node Type": "Seq Scan",
                                          "Parent Relationship": "Outer",
                                          "Parallel Aware": false,
                                          "Relation Name": "comp_cast_type",
                                          "Alias": "cct2",
                                          "Startup Cost": 0.0,
                                          "Total Cost": 1.05,
                                          "Plan Rows": 1,
                                          "Plan Width": 4,
                                          "Actual Startup Time": 0.079,
                                          "Actual Total Time": 0.081,
                                          "Actual Rows": 1,
                                          "Actual Loops": 5,
                                          "Filter": "((kind)::text = 'complete+verified'::text)",
                                          "Rows Removed by Filter": 3
                                        }
                                      ]
                                    }
                                  ]
                                }
                              ]
                            }
                          ]
                        }
                      ]
                    }
                  ]
                }
              ]
            }
          ]
        }
      ]
    },
    "Planning Time": 151.251,
    "Triggers": [],
    "Execution Time": 3284.299
  }
]