[
    {
        "Bao": {
            "Bao prediction": "NaN",
            "Bao recommended hint": "(no hint)"
        }
    },
    {
        "Plan": {
            "Node Type": "Aggregate",
            "Strategy": "Plain",
            "Partial Mode": "Finalize",
            "Parallel Aware": false,
            "Startup Cost": 348487.09,
            "Total Cost": 348487.1,
            "Plan Rows": 1,
            "Plan Width": 8,
            "Actual Startup Time": 514.814,
            "Actual Total Time": 535.061,
            "Actual Rows": 1,
            "Actual Loops": 1,
            "Output": [
                "count(*)"
            ],
            "Plans": [
                {
                    "Node Type": "Gather",
                    "Parent Relationship": "Outer",
                    "Parallel Aware": false,
                    "Startup Cost": 348486.46,
                    "Total Cost": 348487.07,
                    "Plan Rows": 6,
                    "Plan Width": 8,
                    "Actual Startup Time": 514.493,
                    "Actual Total Time": 535.052,
                    "Actual Rows": 7,
                    "Actual Loops": 1,
                    "Output": [
                        "(PARTIAL count(*))"
                    ],
                    "Workers Planned": 6,
                    "Workers Launched": 6,
                    "Single Copy": false,
                    "Plans": [
                        {
                            "Node Type": "Aggregate",
                            "Strategy": "Plain",
                            "Partial Mode": "Partial",
                            "Parent Relationship": "Outer",
                            "Parallel Aware": false,
                            "Startup Cost": 347486.46,
                            "Total Cost": 347486.47,
                            "Plan Rows": 1,
                            "Plan Width": 8,
                            "Actual Startup Time": 504.617,
                            "Actual Total Time": 504.618,
                            "Actual Rows": 1,
                            "Actual Loops": 7,
                            "Output": [
                                "PARTIAL count(*)"
                            ],
                            "Workers": [
                                {
                                    "Worker Number": 0,
                                    "Actual Startup Time": 502.256,
                                    "Actual Total Time": 502.258,
                                    "Actual Rows": 1,
                                    "Actual Loops": 1
                                },
                                {
                                    "Worker Number": 1,
                                    "Actual Startup Time": 502.603,
                                    "Actual Total Time": 502.604,
                                    "Actual Rows": 1,
                                    "Actual Loops": 1
                                },
                                {
                                    "Worker Number": 2,
                                    "Actual Startup Time": 502.862,
                                    "Actual Total Time": 502.862,
                                    "Actual Rows": 1,
                                    "Actual Loops": 1
                                },
                                {
                                    "Worker Number": 3,
                                    "Actual Startup Time": 503.17,
                                    "Actual Total Time": 503.172,
                                    "Actual Rows": 1,
                                    "Actual Loops": 1
                                },
                                {
                                    "Worker Number": 4,
                                    "Actual Startup Time": 503.59,
                                    "Actual Total Time": 503.591,
                                    "Actual Rows": 1,
                                    "Actual Loops": 1
                                },
                                {
                                    "Worker Number": 5,
                                    "Actual Startup Time": 503.806,
                                    "Actual Total Time": 503.807,
                                    "Actual Rows": 1,
                                    "Actual Loops": 1
                                }
                            ],
                            "Plans": [
                                {
                                    "Node Type": "Index Scan",
                                    "Parent Relationship": "Outer",
                                    "Parallel Aware": true,
                                    "Scan Direction": "Forward",
                                    "Index Name": "role_id_cast_info",
                                    "Relation Name": "cast_info",
                                    "Schema": "public",
                                    "Alias": "ci",
                                    "Startup Cost": 0.56,
                                    "Total Cost": 342814.42,
                                    "Plan Rows": 1868816,
                                    "Plan Width": 0,
                                    "Actual Startup Time": 135.119,
                                    "Actual Total Time": 435.331,
                                    "Actual Rows": 1350340,
                                    "Actual Loops": 7,
                                    "Output": [
                                        "id",
                                        "person_id",
                                        "movie_id",
                                        "person_role_id",
                                        "note",
                                        "nr_order",
                                        "role_id"
                                    ],
                                    "Index Cond": "(ci.role_id = 1)",
                                    "Rows Removed by Index Recheck": 0,
                                    "Filter": "(ci.person_id > 430637)",
                                    "Rows Removed by Filter": 459759,
                                    "Workers": [
                                        {
                                            "Worker Number": 0,
                                            "Actual Startup Time": 132.651,
                                            "Actual Total Time": 431.209,
                                            "Actual Rows": 984722,
                                            "Actual Loops": 1
                                        },
                                        {
                                            "Worker Number": 1,
                                            "Actual Startup Time": 133.173,
                                            "Actual Total Time": 433.797,
                                            "Actual Rows": 1577914,
                                            "Actual Loops": 1
                                        },
                                        {
                                            "Worker Number": 2,
                                            "Actual Startup Time": 133.36,
                                            "Actual Total Time": 435.208,
                                            "Actual Rows": 1574819,
                                            "Actual Loops": 1
                                        },
                                        {
                                            "Worker Number": 3,
                                            "Actual Startup Time": 133.679,
                                            "Actual Total Time": 431.646,
                                            "Actual Rows": 1037400,
                                            "Actual Loops": 1
                                        },
                                        {
                                            "Worker Number": 4,
                                            "Actual Startup Time": 134.101,
                                            "Actual Total Time": 432.669,
                                            "Actual Rows": 1029992,
                                            "Actual Loops": 1
                                        },
                                        {
                                            "Worker Number": 5,
                                            "Actual Startup Time": 134.352,
                                            "Actual Total Time": 437.338,
                                            "Actual Rows": 1555710,
                                            "Actual Loops": 1
                                        }
                                    ]
                                }
                            ]
                        }
                    ]
                }
            ]
        },
        "Planning Time": 237.077,
        "Triggers": [],
        "Execution Time": 535.13
    }
]