{
  "Plan": {
    "Node Type": "Merge Join",
    "Parallel Aware": false,
    "Join Type": "Inner",
    "Startup Cost": 451243.02,
    "Total Cost": 502033.58,
    "Plan Rows": 2581606,
    "Plan Width": 4,
    "Actual Startup Time": 3057.508,
    "Actual Total Time": 3815.529,
    "Actual Rows": 2583037,
    "Actual Loops": 1,
    "Inner Unique": false,
    "Merge Cond": "(cn.id = mc.company_id)",
    "Plans": [
      {
        "Node Type": "Index Only Scan",
        "Parent Relationship": "Outer",
        "Parallel Aware": false,
        "Scan Direction": "Forward",
        "Index Name": "company_name_pkey",
        "Relation Name": "company_name",
        "Alias": "cn",
        "Startup Cost": 0.42,
        "Total Cost": 11881.93,
        "Plan Rows": 234997,
        "Plan Width": 4,
        "Actual Startup Time": 0.031,
        "Actual Total Time": 113.432,
        "Actual Rows": 211061,
        "Actual Loops": 1,
        "Heap Fetches": 211061
      },
      {
        "Node Type": "Sort",
        "Parent Relationship": "Inner",
        "Parallel Aware": false,
        "Startup Cost": 450847.92,
        "Total Cost": 457301.93,
        "Plan Rows": 2581606,
        "Plan Width": 4,
        "Actual Startup Time": 3057.466,
        "Actual Total Time": 3416.633,
        "Actual Rows": 2583037,
        "Actual Loops": 1,
        "Sort Key": [
          "mc.company_id"
        ],
        "Sort Method": "quicksort",
        "Sort Space Used": 219384,
        "Sort Space Type": "Memory",
        "Plans": [
          {
            "Node Type": "Hash Join",
            "Parent Relationship": "Outer",
            "Parallel Aware": false,
            "Join Type": "Inner",
            "Startup Cost": 92891.7,
            "Total Cost": 175908.98,
            "Plan Rows": 2581606,
            "Plan Width": 4,
            "Actual Startup Time": 815.162,
            "Actual Total Time": 2572.997,
            "Actual Rows": 2583037,
            "Actual Loops": 1,
            "Inner Unique": true,
            "Hash Cond": "(t.kind_id = kt.id)",
            "Plans": [
              {
                "Node Type": "Hash Join",
                "Parent Relationship": "Outer",
                "Parallel Aware": false,
                "Join Type": "Inner",
                "Startup Cost": 92890.54,
                "Total Cost": 165028.19,
                "Plan Rows": 2581606,
                "Plan Width": 8,
                "Actual Startup Time": 815.103,
                "Actual Total Time": 2284.975,
                "Actual Rows": 2583037,
                "Actual Loops": 1,
                "Inner Unique": true,
                "Hash Cond": "(mc.movie_id = t.id)",
                "Plans": [
                  {
                    "Node Type": "Hash Join",
                    "Parent Relationship": "Outer",
                    "Parallel Aware": false,
                    "Join Type": "Inner",
                    "Startup Cost": 1.09,
                    "Total Cost": 65362.02,
                    "Plan Rows": 2581606,
                    "Plan Width": 8,
                    "Actual Startup Time": 0.045,
                    "Actual Total Time": 602.894,
                    "Actual Rows": 2583037,
                    "Actual Loops": 1,
                    "Inner Unique": true,
                    "Hash Cond": "(mc.company_type_id = ct.id)",
                    "Plans": [
                      {
                        "Node Type": "Seq Scan",
                        "Parent Relationship": "Outer",
                        "Parallel Aware": false,
                        "Relation Name": "movie_companies",
                        "Alias": "mc",
                        "Startup Cost": 0.0,
                        "Total Cost": 51404.11,
                        "Plan Rows": 2581606,
                        "Plan Width": 12,
                        "Actual Startup Time": 0.018,
                        "Actual Total Time": 265.074,
                        "Actual Rows": 2583037,
                        "Actual Loops": 1,
                        "Filter": "(company_id < 211061)",
                        "Rows Removed by Filter": 26092
                      },
                      {
                        "Node Type": "Hash",
                        "Parent Relationship": "Inner",
                        "Parallel Aware": false,
                        "Startup Cost": 1.04,
                        "Total Cost": 1.04,
                        "Plan Rows": 4,
                        "Plan Width": 4,
                        "Actual Startup Time": 0.015,
                        "Actual Total Time": 0.017,
                        "Actual Rows": 4,
                        "Actual Loops": 1,
                        "Hash Buckets": 1024,
                        "Original Hash Buckets": 1024,
                        "Hash Batches": 1,
                        "Original Hash Batches": 1,
                        "Peak Memory Usage": 9,
                        "Plans": [
                          {
                            "Node Type": "Seq Scan",
                            "Parent Relationship": "Outer",
                            "Parallel Aware": false,
                            "Relation Name": "company_type",
                            "Alias": "ct",
                            "Startup Cost": 0.0,
                            "Total Cost": 1.04,
                            "Plan Rows": 4,
                            "Plan Width": 4,
                            "Actual Startup Time": 0.009,
                            "Actual Total Time": 0.011,
                            "Actual Rows": 4,
                            "Actual Loops": 1
                          }
                        ]
                      }
                    ]
                  },
                  {
                    "Node Type": "Hash",
                    "Parent Relationship": "Inner",
                    "Parallel Aware": false,
                    "Startup Cost": 61283.09,
                    "Total Cost": 61283.09,
                    "Plan Rows": 2528509,
                    "Plan Width": 8,
                    "Actual Startup Time": 808.782,
                    "Actual Total Time": 808.782,
                    "Actual Rows": 2528312,
                    "Actual Loops": 1,
                    "Hash Buckets": 4194304,
                    "Original Hash Buckets": 4194304,
                    "Hash Batches": 1,
                    "Original Hash Batches": 1,
                    "Peak Memory Usage": 131531,
                    "Plans": [
                      {
                        "Node Type": "Seq Scan",
                        "Parent Relationship": "Outer",
                        "Parallel Aware": false,
                        "Relation Name": "title",
                        "Alias": "t",
                        "Startup Cost": 0.0,
                        "Total Cost": 61283.09,
                        "Plan Rows": 2528509,
                        "Plan Width": 8,
                        "Actual Startup Time": 0.023,
                        "Actual Total Time": 284.192,
                        "Actual Rows": 2528312,
                        "Actual Loops": 1
                      }
                    ]
                  }
                ]
              },
              {
                "Node Type": "Hash",
                "Parent Relationship": "Inner",
                "Parallel Aware": false,
                "Startup Cost": 1.07,
                "Total Cost": 1.07,
                "Plan Rows": 7,
                "Plan Width": 4,
                "Actual Startup Time": 0.028,
                "Actual Total Time": 0.029,
                "Actual Rows": 7,
                "Actual Loops": 1,
                "Hash Buckets": 1024,
                "Original Hash Buckets": 1024,
                "Hash Batches": 1,
                "Original Hash Batches": 1,
                "Peak Memory Usage": 9,
                "Plans": [
                  {
                    "Node Type": "Seq Scan",
                    "Parent Relationship": "Outer",
                    "Parallel Aware": false,
                    "Relation Name": "kind_type",
                    "Alias": "kt",
                    "Startup Cost": 0.0,
                    "Total Cost": 1.07,
                    "Plan Rows": 7,
                    "Plan Width": 4,
                    "Actual Startup Time": 0.016,
                    "Actual Total Time": 0.019,
                    "Actual Rows": 7,
                    "Actual Loops": 1
                  }
                ]
              }
            ]
          }
        ]
      }
    ]
  },
  "Planning Time": 1.351,
  "Triggers": [],
  "Execution Time": 3894.576
}