[
    {
        "Bao": {
            "Bao prediction": 508.39,
            "Bao recommended hint": "(no hint)"
        }
    },
    {
        "Plan": {
            "Node Type": "Aggregate",
            "Strategy": "Plain",
            "Partial Mode": "Finalize",
            "Parallel Aware": false,
            "Startup Cost": 353755.64,
            "Total Cost": 353755.65,
            "Plan Rows": 1,
            "Plan Width": 8,
            "Actual Startup Time": 830.058,
            "Actual Total Time": 856.975,
            "Actual Rows": 1,
            "Actual Loops": 1,
            "Output": [
                "count(*)"
            ],
            "Plans": [
                {
                    "Node Type": "Gather",
                    "Parent Relationship": "Outer",
                    "Parallel Aware": false,
                    "Startup Cost": 353755.02,
                    "Total Cost": 353755.63,
                    "Plan Rows": 6,
                    "Plan Width": 8,
                    "Actual Startup Time": 829.97,
                    "Actual Total Time": 856.966,
                    "Actual Rows": 7,
                    "Actual Loops": 1,
                    "Output": [
                        "(PARTIAL count(*))"
                    ],
                    "Workers Planned": 6,
                    "Workers Launched": 6,
                    "Single Copy": false,
                    "Plans": [
                        {
                            "Node Type": "Aggregate",
                            "Strategy": "Plain",
                            "Partial Mode": "Partial",
                            "Parent Relationship": "Outer",
                            "Parallel Aware": false,
                            "Startup Cost": 352755.02,
                            "Total Cost": 352755.03,
                            "Plan Rows": 1,
                            "Plan Width": 8,
                            "Actual Startup Time": 821.478,
                            "Actual Total Time": 821.478,
                            "Actual Rows": 1,
                            "Actual Loops": 7,
                            "Output": [
                                "PARTIAL count(*)"
                            ],
                            "Workers": [
                                {
                                    "Worker Number": 0,
                                    "Actual Startup Time": 818.779,
                                    "Actual Total Time": 818.78,
                                    "Actual Rows": 1,
                                    "Actual Loops": 1
                                },
                                {
                                    "Worker Number": 1,
                                    "Actual Startup Time": 819.131,
                                    "Actual Total Time": 819.132,
                                    "Actual Rows": 1,
                                    "Actual Loops": 1
                                },
                                {
                                    "Worker Number": 2,
                                    "Actual Startup Time": 819.498,
                                    "Actual Total Time": 819.499,
                                    "Actual Rows": 1,
                                    "Actual Loops": 1
                                },
                                {
                                    "Worker Number": 3,
                                    "Actual Startup Time": 820.234,
                                    "Actual Total Time": 820.234,
                                    "Actual Rows": 1,
                                    "Actual Loops": 1
                                },
                                {
                                    "Worker Number": 4,
                                    "Actual Startup Time": 820.049,
                                    "Actual Total Time": 820.049,
                                    "Actual Rows": 1,
                                    "Actual Loops": 1
                                },
                                {
                                    "Worker Number": 5,
                                    "Actual Startup Time": 823.433,
                                    "Actual Total Time": 823.434,
                                    "Actual Rows": 1,
                                    "Actual Loops": 1
                                }
                            ],
                            "Plans": [
                                {
                                    "Node Type": "Seq Scan",
                                    "Parent Relationship": "Outer",
                                    "Parallel Aware": true,
                                    "Relation Name": "cast_info",
                                    "Schema": "public",
                                    "Alias": "ci",
                                    "Startup Cost": 0.0,
                                    "Total Cost": 343318.94,
                                    "Plan Rows": 3774431,
                                    "Plan Width": 0,
                                    "Actual Startup Time": 157.483,
                                    "Actual Total Time": 661.366,
                                    "Actual Rows": 3223038,
                                    "Actual Loops": 7,
                                    "Output": [
                                        "id",
                                        "person_id",
                                        "movie_id",
                                        "person_role_id",
                                        "note",
                                        "nr_order",
                                        "role_id"
                                    ],
                                    "Filter": "((ci.person_id > 1322896) AND (ci.role_id < 11))",
                                    "Rows Removed by Filter": 1954725,
                                    "Workers": [
                                        {
                                            "Worker Number": 0,
                                            "Actual Startup Time": 154.762,
                                            "Actual Total Time": 660.865,
                                            "Actual Rows": 2377266,
                                            "Actual Loops": 1
                                        },
                                        {
                                            "Worker Number": 1,
                                            "Actual Startup Time": 155.152,
                                            "Actual Total Time": 660.11,
                                            "Actual Rows": 3448404,
                                            "Actual Loops": 1
                                        },
                                        {
                                            "Worker Number": 2,
                                            "Actual Startup Time": 155.495,
                                            "Actual Total Time": 661.894,
                                            "Actual Rows": 2379968,
                                            "Actual Loops": 1
                                        },
                                        {
                                            "Worker Number": 3,
                                            "Actual Startup Time": 156.242,
                                            "Actual Total Time": 661.179,
                                            "Actual Rows": 3448980,
                                            "Actual Loops": 1
                                        },
                                        {
                                            "Worker Number": 4,
                                            "Actual Startup Time": 156.053,
                                            "Actual Total Time": 660.864,
                                            "Actual Rows": 3447637,
                                            "Actual Loops": 1
                                        },
                                        {
                                            "Worker Number": 5,
                                            "Actual Startup Time": 159.456,
                                            "Actual Total Time": 665.058,
                                            "Actual Rows": 3431122,
                                            "Actual Loops": 1
                                        }
                                    ]
                                }
                            ]
                        }
                    ]
                }
            ]
        },
        "Planning Time": 421.281,
        "Triggers": [],
        "Execution Time": 857.083
    }
]