[
  {
    "Plan": {
      "Node Type": "Aggregate",
      "Strategy": "Plain",
      "Partial Mode": "Finalize",
      "Parallel Aware": false,
      "Startup Cost": 333883.93,
      "Total Cost": 333883.94,
      "Plan Rows": 1,
      "Plan Width": 8,
      "Actual Startup Time": 346.66,
      "Actual Total Time": 361.782,
      "Actual Rows": 1,
      "Actual Loops": 1,
      "Plans": [
        {
          "Node Type": "Gather",
          "Parent Relationship": "Outer",
          "Parallel Aware": false,
          "Startup Cost": 333883.41,
          "Total Cost": 333883.92,
          "Plan Rows": 5,
          "Plan Width": 8,
          "Actual Startup Time": 333.175,
          "Actual Total Time": 361.774,
          "Actual Rows": 6,
          "Actual Loops": 1,
          "Workers Planned": 5,
          "Workers Launched": 5,
          "Single Copy": false,
          "Plans": [
            {
              "Node Type": "Aggregate",
              "Strategy": "Plain",
              "Partial Mode": "Partial",
              "Parent Relationship": "Outer",
              "Parallel Aware": false,
              "Startup Cost": 332883.41,
              "Total Cost": 332883.42,
              "Plan Rows": 1,
              "Plan Width": 8,
              "Actual Startup Time": 324.896,
              "Actual Total Time": 324.902,
              "Actual Rows": 1,
              "Actual Loops": 6,
              "Plans": [
                {
                  "Node Type": "Nested Loop",
                  "Parent Relationship": "Outer",
                  "Parallel Aware": false,
                  "Join Type": "Inner",
                  "Startup Cost": 29458.51,
                  "Total Cost": 332823.88,
                  "Plan Rows": 23811,
                  "Plan Width": 0,
                  "Actual Startup Time": 124.449,
                  "Actual Total Time": 321.492,
                  "Actual Rows": 53815,
                  "Actual Loops": 6,
                  "Inner Unique": true,
                  "Join Filter": "(ci.movie_id = t.id)",
                  "Rows Removed by Join Filter": 0,
                  "Plans": [
                    {
                      "Node Type": "Hash Join",
                      "Parent Relationship": "Outer",
                      "Parallel Aware": true,
                      "Join Type": "Inner",
                      "Startup Cost": 29458.08,
                      "Total Cost": 295155.94,
                      "Plan Rows": 63797,
                      "Plan Width": 8,
                      "Actual Startup Time": 124.365,
                      "Actual Total Time": 164.888,
                      "Actual Rows": 53815,
                      "Actual Loops": 6,
                      "Inner Unique": false,
                      "Hash Cond": "(ci.movie_id = mi_idx.movie_id)",
                      "Plans": [
                        {
                          "Node Type": "Bitmap Heap Scan",
                          "Parent Relationship": "Outer",
                          "Parallel Aware": true,
                          "Relation Name": "cast_info",
                          "Alias": "ci",
                          "Startup Cost": 8585.25,
                          "Total Cost": 273853.7,
                          "Plan Rows": 43624,
                          "Plan Width": 4,
                          "Actual Startup Time": 20.979,
                          "Actual Total Time": 33.882,
                          "Actual Rows": 49195,
                          "Actual Loops": 6,
                          "Recheck Cond": "(person_id < 45238)",
                          "Rows Removed by Index Recheck": 0,
                          "Filter": "(role_id < 3)",
                          "Rows Removed by Filter": 17116,
                          "Exact Heap Blocks": 1016,
                          "Lossy Heap Blocks": 0,
                          "Plans": [
                            {
                              "Node Type": "Bitmap Index Scan",
                              "Parent Relationship": "Outer",
                              "Parallel Aware": false,
                              "Index Name": "person_id_cast_info",
                              "Startup Cost": 0.0,
                              "Total Cost": 8530.72,
                              "Plan Rows": 390687,
                              "Plan Width": 0,
                              "Actual Startup Time": 20.249,
                              "Actual Total Time": 20.25,
                              "Actual Rows": 397865,
                              "Actual Loops": 1,
                              "Index Cond": "(person_id < 45238)"
                            }
                          ]
                        },
                        {
                          "Node Type": "Hash",
                          "Parent Relationship": "Inner",
                          "Parallel Aware": true,
                          "Startup Cost": 13685.15,
                          "Total Cost": 13685.15,
                          "Plan Rows": 575015,
                          "Plan Width": 4,
                          "Actual Startup Time": 100.212,
                          "Actual Total Time": 100.214,
                          "Actual Rows": 230006,
                          "Actual Loops": 6,
                          "Hash Buckets": 2097152,
                          "Original Hash Buckets": 2097152,
                          "Hash Batches": 1,
                          "Original Hash Batches": 1,
                          "Peak Memory Usage": 70464,
                          "Plans": [
                            {
                              "Node Type": "Seq Scan",
                              "Parent Relationship": "Outer",
                              "Parallel Aware": true,
                              "Relation Name": "movie_info_idx",
                              "Alias": "mi_idx",
                              "Startup Cost": 0.0,
                              "Total Cost": 13685.15,
                              "Plan Rows": 575015,
                              "Plan Width": 4,
                              "Actual Startup Time": 0.031,
                              "Actual Total Time": 31.196,
                              "Actual Rows": 230006,
                              "Actual Loops": 6
                            }
                          ]
                        }
                      ]
                    },
                    {
                      "Node Type": "Index Only Scan",
                      "Parent Relationship": "Inner",
                      "Parallel Aware": false,
                      "Scan Direction": "Forward",
                      "Index Name": "title_pkey",
                      "Relation Name": "title",
                      "Alias": "t",
                      "Startup Cost": 0.43,
                      "Total Cost": 0.58,
                      "Plan Rows": 1,
                      "Plan Width": 4,
                      "Actual Startup Time": 0.003,
                      "Actual Total Time": 0.003,
                      "Actual Rows": 1,
                      "Actual Loops": 322888,
                      "Index Cond": "(id = mi_idx.movie_id)",
                      "Rows Removed by Index Recheck": 0,
                      "Heap Fetches": 322888
                    }
                  ]
                }
              ]
            }
          ]
        }
      ]
    },
    "Planning Time": 0.513,
    "Triggers": [],
    "Execution Time": 361.846
  }
]