{
  "Plan": {
    "Node Type": "Aggregate",
    "Strategy": "Plain",
    "Partial Mode": "Finalize",
    "Parallel Aware": false,
    "Startup Cost": 314904.17,
    "Total Cost": 314904.18,
    "Plan Rows": 1,
    "Plan Width": 8,
    "Actual Startup Time": 671.248,
    "Actual Total Time": 691.902,
    "Actual Rows": 1,
    "Actual Loops": 1,
    "Plans": [
      {
        "Node Type": "Gather",
        "Parent Relationship": "Outer",
        "Parallel Aware": false,
        "Startup Cost": 314904.06,
        "Total Cost": 314904.17,
        "Plan Rows": 1,
        "Plan Width": 8,
        "Actual Startup Time": 670.697,
        "Actual Total Time": 691.894,
        "Actual Rows": 2,
        "Actual Loops": 1,
        "Workers Planned": 1,
        "Workers Launched": 1,
        "Single Copy": false,
        "Plans": [
          {
            "Node Type": "Aggregate",
            "Strategy": "Plain",
            "Partial Mode": "Partial",
            "Parent Relationship": "Outer",
            "Parallel Aware": false,
            "Startup Cost": 313904.06,
            "Total Cost": 313904.07,
            "Plan Rows": 1,
            "Plan Width": 8,
            "Actual Startup Time": 664.522,
            "Actual Total Time": 664.527,
            "Actual Rows": 1,
            "Actual Loops": 2,
            "Plans": [
              {
                "Node Type": "Hash Join",
                "Parent Relationship": "Outer",
                "Parallel Aware": true,
                "Join Type": "Inner",
                "Startup Cost": 252358.05,
                "Total Cost": 313754.52,
                "Plan Rows": 59817,
                "Plan Width": 0,
                "Actual Startup Time": 417.08,
                "Actual Total Time": 663.159,
                "Actual Rows": 29967,
                "Actual Loops": 2,
                "Inner Unique": false,
                "Hash Cond": "(mk.movie_id = t.id)",
                "Plans": [
                  {
                    "Node Type": "Seq Scan",
                    "Parent Relationship": "Outer",
                    "Parallel Aware": true,
                    "Relation Name": "movie_keyword",
                    "Alias": "mk",
                    "Startup Cost": 0.0,
                    "Total Cost": 51065.35,
                    "Plan Rows": 2661135,
                    "Plan Width": 4,
                    "Actual Startup Time": 0.019,
                    "Actual Total Time": 148.423,
                    "Actual Rows": 2261965,
                    "Actual Loops": 2
                  },
                  {
                    "Node Type": "Hash",
                    "Parent Relationship": "Inner",
                    "Parallel Aware": true,
                    "Startup Cost": 251940.17,
                    "Total Cost": 251940.17,
                    "Plan Rows": 33430,
                    "Plan Width": 8,
                    "Actual Startup Time": 358.245,
                    "Actual Total Time": 358.249,
                    "Actual Rows": 35811,
                    "Actual Loops": 2,
                    "Hash Buckets": 131072,
                    "Original Hash Buckets": 65536,
                    "Hash Batches": 1,
                    "Original Hash Batches": 1,
                    "Peak Memory Usage": 4352,
                    "Plans": [
                      {
                        "Node Type": "Hash Join",
                        "Parent Relationship": "Outer",
                        "Parallel Aware": true,
                        "Join Type": "Inner",
                        "Startup Cost": 78574.12,
                        "Total Cost": 251940.17,
                        "Plan Rows": 33430,
                        "Plan Width": 8,
                        "Actual Startup Time": 232.097,
                        "Actual Total Time": 349.483,
                        "Actual Rows": 35811,
                        "Actual Loops": 2,
                        "Inner Unique": true,
                        "Hash Cond": "(mi.movie_id = t.id)",
                        "Plans": [
                          {
                            "Node Type": "Bitmap Heap Scan",
                            "Parent Relationship": "Outer",
                            "Parallel Aware": true,
                            "Relation Name": "movie_info",
                            "Alias": "mi",
                            "Startup Cost": 23159.21,
                            "Total Cost": 194551.43,
                            "Plan Rows": 751938,
                            "Plan Width": 4,
                            "Actual Startup Time": 49.809,
                            "Actual Total Time": 108.49,
                            "Actual Rows": 649494,
                            "Actual Loops": 2,
                            "Recheck Cond": "(info_type_id = 4)",
                            "Rows Removed by Index Recheck": 0,
                            "Exact Heap Blocks": 4064,
                            "Lossy Heap Blocks": 0,
                            "Plans": [
                              {
                                "Node Type": "Bitmap Index Scan",
                                "Parent Relationship": "Outer",
                                "Parallel Aware": false,
                                "Index Name": "info_type_id_movie_info",
                                "Startup Cost": 0.0,
                                "Total Cost": 22839.64,
                                "Plan Rows": 1278294,
                                "Plan Width": 0,
                                "Actual Startup Time": 48.559,
                                "Actual Total Time": 48.559,
                                "Actual Rows": 1298989,
                                "Actual Loops": 1,
                                "Index Cond": "(info_type_id = 4)"
                              }
                            ]
                          },
                          {
                            "Node Type": "Hash",
                            "Parent Relationship": "Inner",
                            "Parallel Aware": true,
                            "Startup Cost": 54588.39,
                            "Total Cost": 54588.39,
                            "Plan Rows": 66121,
                            "Plan Width": 4,
                            "Actual Startup Time": 148.126,
                            "Actual Total Time": 148.127,
                            "Actual Rows": 57658,
                            "Actual Loops": 2,
                            "Hash Buckets": 131072,
                            "Original Hash Buckets": 131072,
                            "Hash Batches": 1,
                            "Original Hash Batches": 1,
                            "Peak Memory Usage": 5568,
                            "Plans": [
                              {
                                "Node Type": "Seq Scan",
                                "Parent Relationship": "Outer",
                                "Parallel Aware": true,
                                "Relation Name": "title",
                                "Alias": "t",
                                "Startup Cost": 0.0,
                                "Total Cost": 54588.39,
                                "Plan Rows": 66121,
                                "Plan Width": 4,
                                "Actual Startup Time": 67.691,
                                "Actual Total Time": 136.036,
                                "Actual Rows": 57658,
                                "Actual Loops": 2,
                                "Filter": "(production_year < 1930)",
                                "Rows Removed by Filter": 1206498
                              }
                            ]
                          }
                        ]
                      }
                    ]
                  }
                ]
              }
            ]
          }
        ]
      }
    ]
  },
  "Planning Time": 1.146,
  "Triggers": [],
  "Execution Time": 692.005
}