{
  "Plan": {
    "Node Type": "Aggregate",
    "Strategy": "Plain",
    "Partial Mode": "Simple",
    "Parallel Aware": false,
    "Startup Cost": 3156.8,
    "Total Cost": 3156.81,
    "Plan Rows": 1,
    "Plan Width": 8,
    "Actual Startup Time": 54.866,
    "Actual Total Time": 54.868,
    "Actual Rows": 1,
    "Actual Loops": 1,
    "Plans": [
      {
        "Node Type": "Nested Loop",
        "Parent Relationship": "Outer",
        "Parallel Aware": false,
        "Join Type": "Inner",
        "Startup Cost": 7.21,
        "Total Cost": 3156.57,
        "Plan Rows": 93,
        "Plan Width": 0,
        "Actual Startup Time": 2.272,
        "Actual Total Time": 53.443,
        "Actual Rows": 19633,
        "Actual Loops": 1,
        "Inner Unique": false,
        "Plans": [
          {
            "Node Type": "Nested Loop",
            "Parent Relationship": "Outer",
            "Parallel Aware": false,
            "Join Type": "Inner",
            "Startup Cost": 6.78,
            "Total Cost": 3005.96,
            "Plan Rows": 248,
            "Plan Width": 8,
            "Actual Startup Time": 2.25,
            "Actual Total Time": 24.841,
            "Actual Rows": 2960,
            "Actual Loops": 1,
            "Inner Unique": true,
            "Plans": [
              {
                "Node Type": "Bitmap Heap Scan",
                "Parent Relationship": "Outer",
                "Parallel Aware": false,
                "Relation Name": "movie_keyword",
                "Alias": "mk",
                "Startup Cost": 6.35,
                "Total Cost": 922.98,
                "Plan Rows": 248,
                "Plan Width": 4,
                "Actual Startup Time": 2.218,
                "Actual Total Time": 7.35,
                "Actual Rows": 2960,
                "Actual Loops": 1,
                "Recheck Cond": "(keyword_id = 1827)",
                "Rows Removed by Index Recheck": 0,
                "Exact Heap Blocks": 2720,
                "Lossy Heap Blocks": 0,
                "Plans": [
                  {
                    "Node Type": "Bitmap Index Scan",
                    "Parent Relationship": "Outer",
                    "Parallel Aware": false,
                    "Index Name": "keyword_id_movie_keyword",
                    "Startup Cost": 0.0,
                    "Total Cost": 6.29,
                    "Plan Rows": 248,
                    "Plan Width": 0,
                    "Actual Startup Time": 1.082,
                    "Actual Total Time": 1.083,
                    "Actual Rows": 2960,
                    "Actual Loops": 1,
                    "Index Cond": "(keyword_id = 1827)"
                  }
                ]
              },
              {
                "Node Type": "Index Only Scan",
                "Parent Relationship": "Inner",
                "Parallel Aware": false,
                "Scan Direction": "Forward",
                "Index Name": "title_pkey",
                "Relation Name": "title",
                "Alias": "t",
                "Startup Cost": 0.43,
                "Total Cost": 8.4,
                "Plan Rows": 1,
                "Plan Width": 4,
                "Actual Startup Time": 0.005,
                "Actual Total Time": 0.005,
                "Actual Rows": 1,
                "Actual Loops": 2960,
                "Index Cond": "(id = mk.movie_id)",
                "Rows Removed by Index Recheck": 0,
                "Heap Fetches": 2960
              }
            ]
          },
          {
            "Node Type": "Index Scan",
            "Parent Relationship": "Inner",
            "Parallel Aware": false,
            "Scan Direction": "Forward",
            "Index Name": "movie_id_movie_companies",
            "Relation Name": "movie_companies",
            "Alias": "mc",
            "Startup Cost": 0.43,
            "Total Cost": 0.59,
            "Plan Rows": 2,
            "Plan Width": 4,
            "Actual Startup Time": 0.006,
            "Actual Total Time": 0.009,
            "Actual Rows": 7,
            "Actual Loops": 2960,
            "Index Cond": "(movie_id = t.id)",
            "Rows Removed by Index Recheck": 0,
            "Filter": "((company_id < 45545) AND (company_type_id < 2))",
            "Rows Removed by Filter": 2
          }
        ]
      }
    ]
  },
  "Planning Time": 1.057,
  "Triggers": [],
  "Execution Time": 54.947
}