[
  {
    "Plan": {
      "Node Type": "Aggregate",
      "Strategy": "Plain",
      "Partial Mode": "Finalize",
      "Parallel Aware": false,
      "Startup Cost": 242287.5,
      "Total Cost": 242287.51,
      "Plan Rows": 1,
      "Plan Width": 8,
      "Actual Startup Time": 225.658,
      "Actual Total Time": 261.93,
      "Actual Rows": 1,
      "Actual Loops": 1,
      "Plans": [
        {
          "Node Type": "Gather",
          "Parent Relationship": "Outer",
          "Parallel Aware": false,
          "Startup Cost": 242287.08,
          "Total Cost": 242287.49,
          "Plan Rows": 4,
          "Plan Width": 8,
          "Actual Startup Time": 225.372,
          "Actual Total Time": 261.92,
          "Actual Rows": 5,
          "Actual Loops": 1,
          "Workers Planned": 4,
          "Workers Launched": 4,
          "Single Copy": false,
          "Plans": [
            {
              "Node Type": "Aggregate",
              "Strategy": "Plain",
              "Partial Mode": "Partial",
              "Parent Relationship": "Outer",
              "Parallel Aware": false,
              "Startup Cost": 241287.08,
              "Total Cost": 241287.09,
              "Plan Rows": 1,
              "Plan Width": 8,
              "Actual Startup Time": 215.884,
              "Actual Total Time": 215.885,
              "Actual Rows": 1,
              "Actual Loops": 5,
              "Plans": [
                {
                  "Node Type": "Nested Loop",
                  "Parent Relationship": "Outer",
                  "Parallel Aware": false,
                  "Join Type": "Inner",
                  "Startup Cost": 0.43,
                  "Total Cost": 241261.79,
                  "Plan Rows": 10117,
                  "Plan Width": 0,
                  "Actual Startup Time": 64.191,
                  "Actual Total Time": 215.19,
                  "Actual Rows": 6158,
                  "Actual Loops": 5,
                  "Inner Unique": false,
                  "Plans": [
                    {
                      "Node Type": "Seq Scan",
                      "Parent Relationship": "Outer",
                      "Parallel Aware": true,
                      "Relation Name": "title",
                      "Alias": "t",
                      "Startup Cost": 0.0,
                      "Total Cost": 43899.32,
                      "Plan Rows": 8436,
                      "Plan Width": 4,
                      "Actual Startup Time": 59.114,
                      "Actual Total Time": 89.671,
                      "Actual Rows": 7010,
                      "Actual Loops": 5,
                      "Filter": "(production_year < 1912)",
                      "Rows Removed by Filter": 498652
                    },
                    {
                      "Node Type": "Index Scan",
                      "Parent Relationship": "Inner",
                      "Parallel Aware": false,
                      "Scan Direction": "Forward",
                      "Index Name": "movie_id_movie_info",
                      "Relation Name": "movie_info",
                      "Alias": "mi",
                      "Startup Cost": 0.43,
                      "Total Cost": 23.32,
                      "Plan Rows": 8,
                      "Plan Width": 4,
                      "Actual Startup Time": 0.013,
                      "Actual Total Time": 0.017,
                      "Actual Rows": 1,
                      "Actual Loops": 35050,
                      "Index Cond": "(movie_id = t.id)",
                      "Rows Removed by Index Recheck": 0,
                      "Filter": "(info_type_id = 16)",
                      "Rows Removed by Filter": 9
                    }
                  ]
                }
              ]
            }
          ]
        }
      ]
    },
    "Planning Time": 0.597,
    "Triggers": [],
    "Execution Time": 262.013
  }
]