[
  {
    "Plan": {
      "Node Type": "Aggregate",
      "Strategy": "Plain",
      "Partial Mode": "Finalize",
      "Parallel Aware": false,
      "Startup Cost": 45902.69,
      "Total Cost": 45902.7,
      "Plan Rows": 1,
      "Plan Width": 8,
      "Actual Startup Time": 161.374,
      "Actual Total Time": 169.207,
      "Actual Rows": 1,
      "Actual Loops": 1,
      "Plans": [
        {
          "Node Type": "Gather",
          "Parent Relationship": "Outer",
          "Parallel Aware": false,
          "Startup Cost": 45902.37,
          "Total Cost": 45902.68,
          "Plan Rows": 3,
          "Plan Width": 8,
          "Actual Startup Time": 161.261,
          "Actual Total Time": 169.198,
          "Actual Rows": 4,
          "Actual Loops": 1,
          "Workers Planned": 3,
          "Workers Launched": 3,
          "Single Copy": false,
          "Plans": [
            {
              "Node Type": "Aggregate",
              "Strategy": "Plain",
              "Partial Mode": "Partial",
              "Parent Relationship": "Outer",
              "Parallel Aware": false,
              "Startup Cost": 44902.37,
              "Total Cost": 44902.38,
              "Plan Rows": 1,
              "Plan Width": 8,
              "Actual Startup Time": 153.379,
              "Actual Total Time": 153.38,
              "Actual Rows": 1,
              "Actual Loops": 4,
              "Plans": [
                {
                  "Node Type": "Seq Scan",
                  "Parent Relationship": "Outer",
                  "Parallel Aware": true,
                  "Relation Name": "movie_keyword",
                  "Alias": "mk",
                  "Startup Cost": 0.0,
                  "Total Cost": 42695.65,
                  "Plan Rows": 882687,
                  "Plan Width": 0,
                  "Actual Startup Time": 0.242,
                  "Actual Total Time": 121.365,
                  "Actual Rows": 680302,
                  "Actual Loops": 4,
                  "Filter": "(keyword_id > 2922)",
                  "Rows Removed by Filter": 450680
                }
              ]
            }
          ]
        }
      ]
    },
    "Planning Time": 0.08,
    "Triggers": [],
    "Execution Time": 169.236
  }
]