{
    "Plan": {
        "Node Type": "Aggregate",
        "Strategy": "Plain",
        "Partial Mode": "Finalize",
        "Parallel Aware": false,
        "Startup Cost": 290018.1,
        "Total Cost": 290018.11,
        "Plan Rows": 1,
        "Plan Width": 8,
        "Actual Startup Time": 1172.578,
        "Actual Total Time": 1217.499,
        "Actual Rows": 1,
        "Actual Loops": 1,
        "Output": [
            "count(*)"
        ],
        "Plans": [
            {
                "Node Type": "Gather",
                "Parent Relationship": "Outer",
                "Parallel Aware": false,
                "Startup Cost": 290017.58,
                "Total Cost": 290018.09,
                "Plan Rows": 5,
                "Plan Width": 8,
                "Actual Startup Time": 1161.136,
                "Actual Total Time": 1217.484,
                "Actual Rows": 6,
                "Actual Loops": 1,
                "Output": [
                    "(PARTIAL count(*))"
                ],
                "Workers Planned": 5,
                "Workers Launched": 5,
                "Single Copy": false,
                "Plans": [
                    {
                        "Node Type": "Aggregate",
                        "Strategy": "Plain",
                        "Partial Mode": "Partial",
                        "Parent Relationship": "Outer",
                        "Parallel Aware": false,
                        "Startup Cost": 289017.58,
                        "Total Cost": 289017.59,
                        "Plan Rows": 1,
                        "Plan Width": 8,
                        "Actual Startup Time": 1149.99,
                        "Actual Total Time": 1150.093,
                        "Actual Rows": 1,
                        "Actual Loops": 6,
                        "Output": [
                            "PARTIAL count(*)"
                        ],
                        "Workers": [
                            {
                                "Worker Number": 0,
                                "Actual Startup Time": 1147.719,
                                "Actual Total Time": 1147.725,
                                "Actual Rows": 1,
                                "Actual Loops": 1
                            },
                            {
                                "Worker Number": 1,
                                "Actual Startup Time": 1147.792,
                                "Actual Total Time": 1147.797,
                                "Actual Rows": 1,
                                "Actual Loops": 1
                            },
                            {
                                "Worker Number": 2,
                                "Actual Startup Time": 1147.781,
                                "Actual Total Time": 1147.785,
                                "Actual Rows": 1,
                                "Actual Loops": 1
                            },
                            {
                                "Worker Number": 3,
                                "Actual Startup Time": 1148.694,
                                "Actual Total Time": 1148.699,
                                "Actual Rows": 1,
                                "Actual Loops": 1
                            },
                            {
                                "Worker Number": 4,
                                "Actual Startup Time": 1147.807,
                                "Actual Total Time": 1147.812,
                                "Actual Rows": 1,
                                "Actual Loops": 1
                            }
                        ],
                        "Plans": [
                            {
                                "Node Type": "Hash Join",
                                "Parent Relationship": "Outer",
                                "Parallel Aware": true,
                                "Join Type": "Inner",
                                "Startup Cost": 79041.01,
                                "Total Cost": 287424.85,
                                "Plan Rows": 637090,
                                "Plan Width": 0,
                                "Actual Startup Time": 354.159,
                                "Actual Total Time": 1072.475,
                                "Actual Rows": 1964438,
                                "Actual Loops": 6,
                                "Inner Unique": false,
                                "Hash Cond": "(mi.movie_id = t.id)",
                                "Workers": [
                                    {
                                        "Worker Number": 0,
                                        "Actual Startup Time": 351.997,
                                        "Actual Total Time": 1071.981,
                                        "Actual Rows": 1915312,
                                        "Actual Loops": 1
                                    },
                                    {
                                        "Worker Number": 1,
                                        "Actual Startup Time": 352.088,
                                        "Actual Total Time": 1071.181,
                                        "Actual Rows": 1973217,
                                        "Actual Loops": 1
                                    },
                                    {
                                        "Worker Number": 2,
                                        "Actual Startup Time": 352.062,
                                        "Actual Total Time": 1070.508,
                                        "Actual Rows": 1989796,
                                        "Actual Loops": 1
                                    },
                                    {
                                        "Worker Number": 3,
                                        "Actual Startup Time": 352.3,
                                        "Actual Total Time": 1074.337,
                                        "Actual Rows": 1880590,
                                        "Actual Loops": 1
                                    },
                                    {
                                        "Worker Number": 4,
                                        "Actual Startup Time": 352.088,
                                        "Actual Total Time": 1070.109,
                                        "Actual Rows": 1966265,
                                        "Actual Loops": 1
                                    }
                                ],
                                "Plans": [
                                    {
                                        "Node Type": "Seq Scan",
                                        "Parent Relationship": "Outer",
                                        "Parallel Aware": true,
                                        "Relation Name": "movie_info",
                                        "Schema": "public",
                                        "Alias": "mi",
                                        "Startup Cost": 0.0,
                                        "Total Cost": 198880.74,
                                        "Plan Rows": 1986127,
                                        "Plan Width": 4,
                                        "Actual Startup Time": 15.291,
                                        "Actual Total Time": 320.704,
                                        "Actual Rows": 1651959,
                                        "Actual Loops": 6,
                                        "Output": [
                                            "mi.id",
                                            "mi.movie_id",
                                            "mi.info_type_id",
                                            "mi.info",
                                            "mi.note"
                                        ],
                                        "Filter": "(mi.info_type_id > 4)",
                                        "Rows Removed by Filter": 820661,
                                        "Workers": [
                                            {
                                                "Worker Number": 0,
                                                "Actual Startup Time": 15.304,
                                                "Actual Total Time": 329.649,
                                                "Actual Rows": 1557747,
                                                "Actual Loops": 1
                                            },
                                            {
                                                "Worker Number": 1,
                                                "Actual Startup Time": 15.309,
                                                "Actual Total Time": 328.564,
                                                "Actual Rows": 1688965,
                                                "Actual Loops": 1
                                            },
                                            {
                                                "Worker Number": 2,
                                                "Actual Startup Time": 15.305,
                                                "Actual Total Time": 324.465,
                                                "Actual Rows": 1652862,
                                                "Actual Loops": 1
                                            },
                                            {
                                                "Worker Number": 3,
                                                "Actual Startup Time": 15.307,
                                                "Actual Total Time": 331.392,
                                                "Actual Rows": 1583178,
                                                "Actual Loops": 1
                                            },
                                            {
                                                "Worker Number": 4,
                                                "Actual Startup Time": 15.237,
                                                "Actual Total Time": 325.39,
                                                "Actual Rows": 1636204,
                                                "Actual Loops": 1
                                            }
                                        ]
                                    },
                                    {
                                        "Node Type": "Hash",
                                        "Parent Relationship": "Inner",
                                        "Parallel Aware": true,
                                        "Startup Cost": 75770.81,
                                        "Total Cost": 75770.81,
                                        "Plan Rows": 261616,
                                        "Plan Width": 8,
                                        "Actual Startup Time": 334.966,
                                        "Actual Total Time": 335.067,
                                        "Actual Rows": 105056,
                                        "Actual Loops": 6,
                                        "Output": [
                                            "t.id",
                                            "mc.movie_id"
                                        ],
                                        "Hash Buckets": 1048576,
                                        "Original Hash Buckets": 1048576,
                                        "Hash Batches": 1,
                                        "Original Hash Batches": 1,
                                        "Peak Memory Usage": 32960,
                                        "Workers": [
                                            {
                                                "Worker Number": 0,
                                                "Actual Startup Time": 336.02,
                                                "Actual Total Time": 336.024,
                                                "Actual Rows": 101655,
                                                "Actual Loops": 1
                                            },
                                            {
                                                "Worker Number": 1,
                                                "Actual Startup Time": 336.111,
                                                "Actual Total Time": 336.115,
                                                "Actual Rows": 110596,
                                                "Actual Loops": 1
                                            },
                                            {
                                                "Worker Number": 2,
                                                "Actual Startup Time": 336.075,
                                                "Actual Total Time": 336.078,
                                                "Actual Rows": 100216,
                                                "Actual Loops": 1
                                            },
                                            {
                                                "Worker Number": 3,
                                                "Actual Startup Time": 336.385,
                                                "Actual Total Time": 336.389,
                                                "Actual Rows": 104349,
                                                "Actual Loops": 1
                                            },
                                            {
                                                "Worker Number": 4,
                                                "Actual Startup Time": 336.024,
                                                "Actual Total Time": 336.028,
                                                "Actual Rows": 105666,
                                                "Actual Loops": 1
                                            }
                                        ],
                                        "Plans": [
                                            {
                                                "Node Type": "Hash Join",
                                                "Parent Relationship": "Outer",
                                                "Parallel Aware": true,
                                                "Join Type": "Inner",
                                                "Startup Cost": 46354.92,
                                                "Total Cost": 75770.81,
                                                "Plan Rows": 261616,
                                                "Plan Width": 8,
                                                "Actual Startup Time": 144.796,
                                                "Actual Total Time": 293.408,
                                                "Actual Rows": 105056,
                                                "Actual Loops": 6,
                                                "Output": [
                                                    "t.id",
                                                    "mc.movie_id"
                                                ],
                                                "Inner Unique": true,
                                                "Hash Cond": "(mc.movie_id = t.id)",
                                                "Workers": [
                                                    {
                                                        "Worker Number": 0,
                                                        "Actual Startup Time": 144.866,
                                                        "Actual Total Time": 293.318,
                                                        "Actual Rows": 101655,
                                                        "Actual Loops": 1
                                                    },
                                                    {
                                                        "Worker Number": 1,
                                                        "Actual Startup Time": 144.673,
                                                        "Actual Total Time": 293.16,
                                                        "Actual Rows": 110596,
                                                        "Actual Loops": 1
                                                    },
                                                    {
                                                        "Worker Number": 2,
                                                        "Actual Startup Time": 144.646,
                                                        "Actual Total Time": 293.594,
                                                        "Actual Rows": 100216,
                                                        "Actual Loops": 1
                                                    },
                                                    {
                                                        "Worker Number": 3,
                                                        "Actual Startup Time": 145.004,
                                                        "Actual Total Time": 293.075,
                                                        "Actual Rows": 104349,
                                                        "Actual Loops": 1
                                                    },
                                                    {
                                                        "Worker Number": 4,
                                                        "Actual Startup Time": 144.708,
                                                        "Actual Total Time": 293.829,
                                                        "Actual Rows": 105666,
                                                        "Actual Loops": 1
                                                    }
                                                ],
                                                "Plans": [
                                                    {
                                                        "Node Type": "Seq Scan",
                                                        "Parent Relationship": "Outer",
                                                        "Parallel Aware": true,
                                                        "Relation Name": "movie_companies",
                                                        "Schema": "public",
                                                        "Alias": "mc",
                                                        "Startup Cost": 0.0,
                                                        "Total Cost": 27206.55,
                                                        "Plan Rows": 841655,
                                                        "Plan Width": 4,
                                                        "Actual Startup Time": 0.022,
                                                        "Actual Total Time": 41.792,
                                                        "Actual Rows": 434855,
                                                        "Actual Loops": 6,
                                                        "Output": [
                                                            "mc.id",
                                                            "mc.movie_id",
                                                            "mc.company_id",
                                                            "mc.company_type_id",
                                                            "mc.note"
                                                        ],
                                                        "Workers": [
                                                            {
                                                                "Worker Number": 0,
                                                                "Actual Startup Time": 0.03,
                                                                "Actual Total Time": 42.949,
                                                                "Actual Rows": 419999,
                                                                "Actual Loops": 1
                                                            },
                                                            {
                                                                "Worker Number": 1,
                                                                "Actual Startup Time": 0.02,
                                                                "Actual Total Time": 42.836,
                                                                "Actual Rows": 453271,
                                                                "Actual Loops": 1
                                                            },
                                                            {
                                                                "Worker Number": 2,
                                                                "Actual Startup Time": 0.021,
                                                                "Actual Total Time": 43.543,
                                                                "Actual Rows": 417599,
                                                                "Actual Loops": 1
                                                            },
                                                            {
                                                                "Worker Number": 3,
                                                                "Actual Startup Time": 0.023,
                                                                "Actual Total Time": 43.138,
                                                                "Actual Rows": 421457,
                                                                "Actual Loops": 1
                                                            },
                                                            {
                                                                "Worker Number": 4,
                                                                "Actual Startup Time": 0.025,
                                                                "Actual Total Time": 42.646,
                                                                "Actual Rows": 441471,
                                                                "Actual Loops": 1
                                                            }
                                                        ]
                                                    },
                                                    {
                                                        "Node Type": "Hash",
                                                        "Parent Relationship": "Inner",
                                                        "Parallel Aware": true,
                                                        "Startup Cost": 43899.01,
                                                        "Total Cost": 43899.01,
                                                        "Plan Rows": 196473,
                                                        "Plan Width": 4,
                                                        "Actual Startup Time": 142.759,
                                                        "Actual Total Time": 142.76,
                                                        "Actual Rows": 130821,
                                                        "Actual Loops": 6,
                                                        "Output": [
                                                            "t.id"
                                                        ],
                                                        "Hash Buckets": 1048576,
                                                        "Original Hash Buckets": 1048576,
                                                        "Hash Batches": 1,
                                                        "Original Hash Batches": 1,
                                                        "Peak Memory Usage": 39040,
                                                        "Workers": [
                                                            {
                                                                "Worker Number": 0,
                                                                "Actual Startup Time": 144.44,
                                                                "Actual Total Time": 144.441,
                                                                "Actual Rows": 115507,
                                                                "Actual Loops": 1
                                                            },
                                                            {
                                                                "Worker Number": 1,
                                                                "Actual Startup Time": 144.56,
                                                                "Actual Total Time": 144.56,
                                                                "Actual Rows": 124355,
                                                                "Actual Loops": 1
                                                            },
                                                            {
                                                                "Worker Number": 2,
                                                                "Actual Startup Time": 144.555,
                                                                "Actual Total Time": 144.556,
                                                                "Actual Rows": 122902,
                                                                "Actual Loops": 1
                                                            },
                                                            {
                                                                "Worker Number": 3,
                                                                "Actual Startup Time": 144.456,
                                                                "Actual Total Time": 144.457,
                                                                "Actual Rows": 117985,
                                                                "Actual Loops": 1
                                                            },
                                                            {
                                                                "Worker Number": 4,
                                                                "Actual Startup Time": 144.474,
                                                                "Actual Total Time": 144.475,
                                                                "Actual Rows": 121596,
                                                                "Actual Loops": 1
                                                            }
                                                        ],
                                                        "Plans": [
                                                            {
                                                                "Node Type": "Seq Scan",
                                                                "Parent Relationship": "Outer",
                                                                "Parallel Aware": true,
                                                                "Relation Name": "title",
                                                                "Schema": "public",
                                                                "Alias": "t",
                                                                "Startup Cost": 0.0,
                                                                "Total Cost": 43899.01,
                                                                "Plan Rows": 196473,
                                                                "Plan Width": 4,
                                                                "Actual Startup Time": 0.067,
                                                                "Actual Total Time": 78.74,
                                                                "Actual Rows": 130821,
                                                                "Actual Loops": 6,
                                                                "Output": [
                                                                    "t.id"
                                                                ],
                                                                "Filter": "(t.production_year > 2007)",
                                                                "Rows Removed by Filter": 290564,
                                                                "Workers": [
                                                                    {
                                                                        "Worker Number": 0,
                                                                        "Actual Startup Time": 0.09,
                                                                        "Actual Total Time": 79.722,
                                                                        "Actual Rows": 115507,
                                                                        "Actual Loops": 1
                                                                    },
                                                                    {
                                                                        "Worker Number": 1,
                                                                        "Actual Startup Time": 0.074,
                                                                        "Actual Total Time": 79.78,
                                                                        "Actual Rows": 124355,
                                                                        "Actual Loops": 1
                                                                    },
                                                                    {
                                                                        "Worker Number": 2,
                                                                        "Actual Startup Time": 0.076,
                                                                        "Actual Total Time": 79.828,
                                                                        "Actual Rows": 122902,
                                                                        "Actual Loops": 1
                                                                    },
                                                                    {
                                                                        "Worker Number": 3,
                                                                        "Actual Startup Time": 0.07,
                                                                        "Actual Total Time": 81.396,
                                                                        "Actual Rows": 117985,
                                                                        "Actual Loops": 1
                                                                    },
                                                                    {
                                                                        "Worker Number": 4,
                                                                        "Actual Startup Time": 0.072,
                                                                        "Actual Total Time": 80.18,
                                                                        "Actual Rows": 121596,
                                                                        "Actual Loops": 1
                                                                    }
                                                                ]
                                                            }
                                                        ]
                                                    }
                                                ]
                                            }
                                        ]
                                    }
                                ]
                            }
                        ]
                    }
                ]
            }
        ]
    },
    "Planning Time": 1.708,
    "Triggers": [],
    "Execution Time": 1217.606
}