{
    "Plan": {
        "Node Type": "Aggregate",
        "Strategy": "Plain",
        "Partial Mode": "Finalize",
        "Parallel Aware": false,
        "Startup Cost": 79074.65,
        "Total Cost": 79074.66,
        "Plan Rows": 1,
        "Plan Width": 8,
        "Actual Startup Time": 204.745,
        "Actual Total Time": 220.788,
        "Actual Rows": 1,
        "Actual Loops": 1,
        "Output": [
            "count(*)"
        ],
        "Plans": [
            {
                "Node Type": "Gather",
                "Parent Relationship": "Outer",
                "Parallel Aware": false,
                "Startup Cost": 79074.33,
                "Total Cost": 79074.64,
                "Plan Rows": 3,
                "Plan Width": 8,
                "Actual Startup Time": 204.375,
                "Actual Total Time": 220.78,
                "Actual Rows": 4,
                "Actual Loops": 1,
                "Output": [
                    "(PARTIAL count(*))"
                ],
                "Workers Planned": 3,
                "Workers Launched": 3,
                "Single Copy": false,
                "Plans": [
                    {
                        "Node Type": "Aggregate",
                        "Strategy": "Plain",
                        "Partial Mode": "Partial",
                        "Parent Relationship": "Outer",
                        "Parallel Aware": false,
                        "Startup Cost": 78074.33,
                        "Total Cost": 78074.34,
                        "Plan Rows": 1,
                        "Plan Width": 8,
                        "Actual Startup Time": 195.409,
                        "Actual Total Time": 195.415,
                        "Actual Rows": 1,
                        "Actual Loops": 4,
                        "Output": [
                            "PARTIAL count(*)"
                        ],
                        "Workers": [
                            {
                                "Worker Number": 0,
                                "Actual Startup Time": 192.415,
                                "Actual Total Time": 192.417,
                                "Actual Rows": 1,
                                "Actual Loops": 1
                            },
                            {
                                "Worker Number": 1,
                                "Actual Startup Time": 192.345,
                                "Actual Total Time": 192.358,
                                "Actual Rows": 1,
                                "Actual Loops": 1
                            },
                            {
                                "Worker Number": 2,
                                "Actual Startup Time": 193.171,
                                "Actual Total Time": 193.174,
                                "Actual Rows": 1,
                                "Actual Loops": 1
                            }
                        ],
                        "Plans": [
                            {
                                "Node Type": "Hash Join",
                                "Parent Relationship": "Outer",
                                "Parallel Aware": true,
                                "Join Type": "Inner",
                                "Startup Cost": 45617.0,
                                "Total Cost": 78057.3,
                                "Plan Rows": 6813,
                                "Plan Width": 0,
                                "Actual Startup Time": 132.61,
                                "Actual Total Time": 194.888,
                                "Actual Rows": 12439,
                                "Actual Loops": 4,
                                "Inner Unique": true,
                                "Hash Cond": "(mc.movie_id = t.id)",
                                "Workers": [
                                    {
                                        "Worker Number": 0,
                                        "Actual Startup Time": 129.574,
                                        "Actual Total Time": 191.94,
                                        "Actual Rows": 10915,
                                        "Actual Loops": 1
                                    },
                                    {
                                        "Worker Number": 1,
                                        "Actual Startup Time": 129.582,
                                        "Actual Total Time": 191.818,
                                        "Actual Rows": 12303,
                                        "Actual Loops": 1
                                    },
                                    {
                                        "Worker Number": 2,
                                        "Actual Startup Time": 130.39,
                                        "Actual Total Time": 192.646,
                                        "Actual Rows": 12529,
                                        "Actual Loops": 1
                                    }
                                ],
                                "Plans": [
                                    {
                                        "Node Type": "Seq Scan",
                                        "Parent Relationship": "Outer",
                                        "Parallel Aware": true,
                                        "Relation Name": "movie_companies",
                                        "Schema": "public",
                                        "Alias": "mc",
                                        "Startup Cost": 0.0,
                                        "Total Cost": 31414.82,
                                        "Plan Rows": 390662,
                                        "Plan Width": 4,
                                        "Actual Startup Time": 29.303,
                                        "Actual Total Time": 64.406,
                                        "Actual Rows": 274474,
                                        "Actual Loops": 4,
                                        "Output": [
                                            "mc.id",
                                            "mc.movie_id",
                                            "mc.company_id",
                                            "mc.company_type_id",
                                            "mc.note"
                                        ],
                                        "Filter": "((mc.company_id < 103787) AND (mc.company_type_id > 1))",
                                        "Rows Removed by Filter": 377808,
                                        "Workers": [
                                            {
                                                "Worker Number": 0,
                                                "Actual Startup Time": 29.298,
                                                "Actual Total Time": 64.414,
                                                "Actual Rows": 256669,
                                                "Actual Loops": 1
                                            },
                                            {
                                                "Worker Number": 1,
                                                "Actual Startup Time": 29.292,
                                                "Actual Total Time": 64.553,
                                                "Actual Rows": 257521,
                                                "Actual Loops": 1
                                            },
                                            {
                                                "Worker Number": 2,
                                                "Actual Startup Time": 29.291,
                                                "Actual Total Time": 64.313,
                                                "Actual Rows": 269963,
                                                "Actual Loops": 1
                                            }
                                        ]
                                    },
                                    {
                                        "Node Type": "Hash",
                                        "Parent Relationship": "Inner",
                                        "Parallel Aware": true,
                                        "Startup Cost": 45479.21,
                                        "Total Cost": 45479.21,
                                        "Plan Rows": 11023,
                                        "Plan Width": 4,
                                        "Actual Startup Time": 101.695,
                                        "Actual Total Time": 101.696,
                                        "Actual Rows": 11696,
                                        "Actual Loops": 4,
                                        "Output": [
                                            "t.id"
                                        ],
                                        "Hash Buckets": 65536,
                                        "Original Hash Buckets": 65536,
                                        "Hash Batches": 1,
                                        "Original Hash Batches": 1,
                                        "Peak Memory Usage": 2400,
                                        "Workers": [
                                            {
                                                "Worker Number": 0,
                                                "Actual Startup Time": 99.518,
                                                "Actual Total Time": 99.519,
                                                "Actual Rows": 9180,
                                                "Actual Loops": 1
                                            },
                                            {
                                                "Worker Number": 1,
                                                "Actual Startup Time": 99.537,
                                                "Actual Total Time": 99.538,
                                                "Actual Rows": 9513,
                                                "Actual Loops": 1
                                            },
                                            {
                                                "Worker Number": 2,
                                                "Actual Startup Time": 100.371,
                                                "Actual Total Time": 100.372,
                                                "Actual Rows": 10452,
                                                "Actual Loops": 1
                                            }
                                        ],
                                        "Plans": [
                                            {
                                                "Node Type": "Seq Scan",
                                                "Parent Relationship": "Outer",
                                                "Parallel Aware": true,
                                                "Relation Name": "title",
                                                "Schema": "public",
                                                "Alias": "t",
                                                "Startup Cost": 0.0,
                                                "Total Cost": 45479.21,
                                                "Plan Rows": 11023,
                                                "Plan Width": 4,
                                                "Actual Startup Time": 0.06,
                                                "Actual Total Time": 96.309,
                                                "Actual Rows": 11696,
                                                "Actual Loops": 4,
                                                "Output": [
                                                    "t.id"
                                                ],
                                                "Filter": "((t.production_year < 2003) AND (t.kind_id = 2))",
                                                "Rows Removed by Filter": 620382,
                                                "Workers": [
                                                    {
                                                        "Worker Number": 0,
                                                        "Actual Startup Time": 0.066,
                                                        "Actual Total Time": 94.114,
                                                        "Actual Rows": 9180,
                                                        "Actual Loops": 1
                                                    },
                                                    {
                                                        "Worker Number": 1,
                                                        "Actual Startup Time": 0.072,
                                                        "Actual Total Time": 94.083,
                                                        "Actual Rows": 9513,
                                                        "Actual Loops": 1
                                                    },
                                                    {
                                                        "Worker Number": 2,
                                                        "Actual Startup Time": 0.06,
                                                        "Actual Total Time": 95.325,
                                                        "Actual Rows": 10452,
                                                        "Actual Loops": 1
                                                    }
                                                ]
                                            }
                                        ]
                                    }
                                ]
                            }
                        ]
                    }
                ]
            }
        ]
    },
    "Planning Time": 0.751,
    "Triggers": [],
    "Execution Time": 220.857
}