[
    {
        "Bao": {
            "Bao prediction": "NaN",
            "Bao recommended hint": "(no hint)"
        }
    },
    {
        "Plan": {
            "Node Type": "Aggregate",
            "Strategy": "Plain",
            "Partial Mode": "Finalize",
            "Parallel Aware": false,
            "Startup Cost": 32724.41,
            "Total Cost": 32724.42,
            "Plan Rows": 1,
            "Plan Width": 8,
            "Actual Startup Time": 87.641,
            "Actual Total Time": 93.872,
            "Actual Rows": 1,
            "Actual Loops": 1,
            "Output": [
                "count(*)"
            ],
            "Plans": [
                {
                    "Node Type": "Gather",
                    "Parent Relationship": "Outer",
                    "Parallel Aware": false,
                    "Startup Cost": 32724.09,
                    "Total Cost": 32724.4,
                    "Plan Rows": 3,
                    "Plan Width": 8,
                    "Actual Startup Time": 87.574,
                    "Actual Total Time": 93.866,
                    "Actual Rows": 4,
                    "Actual Loops": 1,
                    "Output": [
                        "(PARTIAL count(*))"
                    ],
                    "Workers Planned": 3,
                    "Workers Launched": 3,
                    "Single Copy": false,
                    "Plans": [
                        {
                            "Node Type": "Aggregate",
                            "Strategy": "Plain",
                            "Partial Mode": "Partial",
                            "Parent Relationship": "Outer",
                            "Parallel Aware": false,
                            "Startup Cost": 31724.09,
                            "Total Cost": 31724.1,
                            "Plan Rows": 1,
                            "Plan Width": 8,
                            "Actual Startup Time": 79.512,
                            "Actual Total Time": 79.513,
                            "Actual Rows": 1,
                            "Actual Loops": 4,
                            "Output": [
                                "PARTIAL count(*)"
                            ],
                            "Workers": [
                                {
                                    "Worker Number": 0,
                                    "Actual Startup Time": 76.8,
                                    "Actual Total Time": 76.801,
                                    "Actual Rows": 1,
                                    "Actual Loops": 1
                                },
                                {
                                    "Worker Number": 1,
                                    "Actual Startup Time": 76.862,
                                    "Actual Total Time": 76.863,
                                    "Actual Rows": 1,
                                    "Actual Loops": 1
                                },
                                {
                                    "Worker Number": 2,
                                    "Actual Startup Time": 77.077,
                                    "Actual Total Time": 77.078,
                                    "Actual Rows": 1,
                                    "Actual Loops": 1
                                }
                            ],
                            "Plans": [
                                {
                                    "Node Type": "Seq Scan",
                                    "Parent Relationship": "Outer",
                                    "Parallel Aware": true,
                                    "Relation Name": "movie_companies",
                                    "Schema": "public",
                                    "Alias": "mc",
                                    "Startup Cost": 0.0,
                                    "Total Cost": 31414.82,
                                    "Plan Rows": 123708,
                                    "Plan Width": 0,
                                    "Actual Startup Time": 40.927,
                                    "Actual Total Time": 72.525,
                                    "Actual Rows": 175076,
                                    "Actual Loops": 4,
                                    "Output": [
                                        "id",
                                        "movie_id",
                                        "company_id",
                                        "company_type_id",
                                        "note"
                                    ],
                                    "Filter": "((mc.company_id > 36426) AND (mc.company_type_id > 1))",
                                    "Rows Removed by Filter": 477206,
                                    "Workers": [
                                        {
                                            "Worker Number": 0,
                                            "Actual Startup Time": 38.209,
                                            "Actual Total Time": 69.962,
                                            "Actual Rows": 167085,
                                            "Actual Loops": 1
                                        },
                                        {
                                            "Worker Number": 1,
                                            "Actual Startup Time": 38.281,
                                            "Actual Total Time": 70.14,
                                            "Actual Rows": 164893,
                                            "Actual Loops": 1
                                        },
                                        {
                                            "Worker Number": 2,
                                            "Actual Startup Time": 38.496,
                                            "Actual Total Time": 70.283,
                                            "Actual Rows": 166307,
                                            "Actual Loops": 1
                                        }
                                    ]
                                }
                            ]
                        }
                    ]
                }
            ]
        },
        "Planning Time": 208.47,
        "Triggers": [],
        "Execution Time": 93.915
    }
]