[
  {
    "Plan": {
      "Node Type": "Aggregate",
      "Strategy": "Plain",
      "Partial Mode": "Finalize",
      "Parallel Aware": false,
      "Startup Cost": 330535.19,
      "Total Cost": 330535.2,
      "Plan Rows": 1,
      "Plan Width": 8,
      "Actual Startup Time": 580.94,
      "Actual Total Time": 646.541,
      "Actual Rows": 1,
      "Actual Loops": 1,
      "Plans": [
        {
          "Node Type": "Gather",
          "Parent Relationship": "Outer",
          "Parallel Aware": false,
          "Startup Cost": 330534.56,
          "Total Cost": 330535.17,
          "Plan Rows": 6,
          "Plan Width": 8,
          "Actual Startup Time": 580.816,
          "Actual Total Time": 646.53,
          "Actual Rows": 7,
          "Actual Loops": 1,
          "Workers Planned": 6,
          "Workers Launched": 6,
          "Single Copy": false,
          "Plans": [
            {
              "Node Type": "Aggregate",
              "Strategy": "Plain",
              "Partial Mode": "Partial",
              "Parent Relationship": "Outer",
              "Parallel Aware": false,
              "Startup Cost": 329534.56,
              "Total Cost": 329534.57,
              "Plan Rows": 1,
              "Plan Width": 8,
              "Actual Startup Time": 571.376,
              "Actual Total Time": 571.377,
              "Actual Rows": 1,
              "Actual Loops": 7,
              "Plans": [
                {
                  "Node Type": "Seq Scan",
                  "Parent Relationship": "Outer",
                  "Parallel Aware": true,
                  "Relation Name": "cast_info",
                  "Alias": "ci",
                  "Startup Cost": 0.0,
                  "Total Cost": 328162.03,
                  "Plan Rows": 549015,
                  "Plan Width": 0,
                  "Actual Startup Time": 0.051,
                  "Actual Total Time": 546.23,
                  "Actual Rows": 484833,
                  "Actual Loops": 7,
                  "Filter": "(person_id < 326280)",
                  "Rows Removed by Filter": 4692931
                }
              ]
            }
          ]
        }
      ]
    },
    "Planning Time": 0.115,
    "Triggers": [],
    "Execution Time": 646.594
  }
]