{
  "Plan": {
    "Node Type": "Aggregate",
    "Strategy": "Plain",
    "Partial Mode": "Finalize",
    "Parallel Aware": false,
    "Startup Cost": 105731.72,
    "Total Cost": 105731.73,
    "Plan Rows": 1,
    "Plan Width": 8,
    "Actual Startup Time": 348.5,
    "Actual Total Time": 366.914,
    "Actual Rows": 1,
    "Actual Loops": 1,
    "Plans": [
      {
        "Node Type": "Gather",
        "Parent Relationship": "Outer",
        "Parallel Aware": false,
        "Startup Cost": 105731.61,
        "Total Cost": 105731.72,
        "Plan Rows": 1,
        "Plan Width": 8,
        "Actual Startup Time": 347.931,
        "Actual Total Time": 366.906,
        "Actual Rows": 2,
        "Actual Loops": 1,
        "Workers Planned": 1,
        "Workers Launched": 1,
        "Single Copy": false,
        "Plans": [
          {
            "Node Type": "Aggregate",
            "Strategy": "Plain",
            "Partial Mode": "Partial",
            "Parent Relationship": "Outer",
            "Parallel Aware": false,
            "Startup Cost": 104731.61,
            "Total Cost": 104731.62,
            "Plan Rows": 1,
            "Plan Width": 8,
            "Actual Startup Time": 341.83,
            "Actual Total Time": 341.834,
            "Actual Rows": 1,
            "Actual Loops": 2,
            "Plans": [
              {
                "Node Type": "Hash Join",
                "Parent Relationship": "Outer",
                "Parallel Aware": true,
                "Join Type": "Inner",
                "Startup Cost": 72923.55,
                "Total Cost": 104670.25,
                "Plan Rows": 24542,
                "Plan Width": 0,
                "Actual Startup Time": 202.364,
                "Actual Total Time": 340.814,
                "Actual Rows": 16936,
                "Actual Loops": 2,
                "Inner Unique": true,
                "Hash Cond": "(mk.movie_id = t.id)",
                "Plans": [
                  {
                    "Node Type": "Bitmap Heap Scan",
                    "Parent Relationship": "Outer",
                    "Parallel Aware": true,
                    "Relation Name": "movie_keyword",
                    "Alias": "mk",
                    "Startup Cost": 17388.91,
                    "Total Cost": 47869.94,
                    "Plan Rows": 482162,
                    "Plan Width": 4,
                    "Actual Startup Time": 47.965,
                    "Actual Total Time": 133.616,
                    "Actual Rows": 415120,
                    "Actual Loops": 2,
                    "Recheck Cond": "(keyword_id < 797)",
                    "Rows Removed by Index Recheck": 0,
                    "Exact Heap Blocks": 12296,
                    "Lossy Heap Blocks": 0,
                    "Plans": [
                      {
                        "Node Type": "Bitmap Index Scan",
                        "Parent Relationship": "Outer",
                        "Parallel Aware": false,
                        "Index Name": "keyword_id_movie_keyword",
                        "Startup Cost": 0.0,
                        "Total Cost": 17183.99,
                        "Plan Rows": 819675,
                        "Plan Width": 0,
                        "Actual Startup Time": 44.411,
                        "Actual Total Time": 44.412,
                        "Actual Rows": 830240,
                        "Actual Loops": 1,
                        "Index Cond": "(keyword_id < 797)"
                      }
                    ]
                  },
                  {
                    "Node Type": "Hash",
                    "Parent Relationship": "Inner",
                    "Parallel Aware": true,
                    "Startup Cost": 54588.39,
                    "Total Cost": 54588.39,
                    "Plan Rows": 75700,
                    "Plan Width": 4,
                    "Actual Startup Time": 152.008,
                    "Actual Total Time": 152.009,
                    "Actual Rows": 64348,
                    "Actual Loops": 2,
                    "Hash Buckets": 131072,
                    "Original Hash Buckets": 131072,
                    "Hash Batches": 1,
                    "Original Hash Batches": 1,
                    "Peak Memory Usage": 6080,
                    "Plans": [
                      {
                        "Node Type": "Seq Scan",
                        "Parent Relationship": "Outer",
                        "Parallel Aware": true,
                        "Relation Name": "title",
                        "Alias": "t",
                        "Startup Cost": 0.0,
                        "Total Cost": 54588.39,
                        "Plan Rows": 75700,
                        "Plan Width": 4,
                        "Actual Startup Time": 0.045,
                        "Actual Total Time": 136.06,
                        "Actual Rows": 64348,
                        "Actual Loops": 2,
                        "Filter": "(production_year = 2009)",
                        "Rows Removed by Filter": 1199808
                      }
                    ]
                  }
                ]
              }
            ]
          }
        ]
      }
    ]
  },
  "Planning Time": 0.448,
  "Triggers": [],
  "Execution Time": 367.012
}