[
  {
    "Plan": {
      "Node Type": "Aggregate",
      "Strategy": "Plain",
      "Partial Mode": "Finalize",
      "Parallel Aware": false,
      "Startup Cost": 45438.69,
      "Total Cost": 45438.7,
      "Plan Rows": 1,
      "Plan Width": 8,
      "Actual Startup Time": 169.244,
      "Actual Total Time": 179.171,
      "Actual Rows": 1,
      "Actual Loops": 1,
      "Plans": [
        {
          "Node Type": "Gather",
          "Parent Relationship": "Outer",
          "Parallel Aware": false,
          "Startup Cost": 45438.37,
          "Total Cost": 45438.68,
          "Plan Rows": 3,
          "Plan Width": 8,
          "Actual Startup Time": 169.159,
          "Actual Total Time": 179.163,
          "Actual Rows": 4,
          "Actual Loops": 1,
          "Workers Planned": 3,
          "Workers Launched": 3,
          "Single Copy": false,
          "Plans": [
            {
              "Node Type": "Aggregate",
              "Strategy": "Plain",
              "Partial Mode": "Partial",
              "Parent Relationship": "Outer",
              "Parallel Aware": false,
              "Startup Cost": 44438.37,
              "Total Cost": 44438.38,
              "Plan Rows": 1,
              "Plan Width": 8,
              "Actual Startup Time": 162.021,
              "Actual Total Time": 162.022,
              "Actual Rows": 1,
              "Actual Loops": 4,
              "Plans": [
                {
                  "Node Type": "Seq Scan",
                  "Parent Relationship": "Outer",
                  "Parallel Aware": true,
                  "Relation Name": "movie_keyword",
                  "Alias": "mk",
                  "Startup Cost": 0.0,
                  "Total Cost": 42695.65,
                  "Plan Rows": 697088,
                  "Plan Width": 0,
                  "Actual Startup Time": 0.058,
                  "Actual Total Time": 131.855,
                  "Actual Rows": 541169,
                  "Actual Loops": 4,
                  "Filter": "(keyword_id < 4161)",
                  "Rows Removed by Filter": 589814
                }
              ]
            }
          ]
        }
      ]
    },
    "Planning Time": 0.19,
    "Triggers": [],
    "Execution Time": 179.228
  }
]