[
    {
        "Bao": {
            "Bao prediction": "NaN",
            "Bao recommended hint": "(no hint)"
        }
    },
    {
        "Plan": {
            "Node Type": "Aggregate",
            "Strategy": "Plain",
            "Partial Mode": "Finalize",
            "Parallel Aware": false,
            "Startup Cost": 31691.47,
            "Total Cost": 31691.48,
            "Plan Rows": 1,
            "Plan Width": 8,
            "Actual Startup Time": 78.521,
            "Actual Total Time": 84.277,
            "Actual Rows": 1,
            "Actual Loops": 1,
            "Output": [
                "count(*)"
            ],
            "Plans": [
                {
                    "Node Type": "Gather",
                    "Parent Relationship": "Outer",
                    "Parallel Aware": false,
                    "Startup Cost": 31691.15,
                    "Total Cost": 31691.46,
                    "Plan Rows": 3,
                    "Plan Width": 8,
                    "Actual Startup Time": 78.236,
                    "Actual Total Time": 84.27,
                    "Actual Rows": 4,
                    "Actual Loops": 1,
                    "Output": [
                        "(PARTIAL count(*))"
                    ],
                    "Workers Planned": 3,
                    "Workers Launched": 3,
                    "Single Copy": false,
                    "Plans": [
                        {
                            "Node Type": "Aggregate",
                            "Strategy": "Plain",
                            "Partial Mode": "Partial",
                            "Parent Relationship": "Outer",
                            "Parallel Aware": false,
                            "Startup Cost": 30691.15,
                            "Total Cost": 30691.16,
                            "Plan Rows": 1,
                            "Plan Width": 8,
                            "Actual Startup Time": 69.754,
                            "Actual Total Time": 69.755,
                            "Actual Rows": 1,
                            "Actual Loops": 4,
                            "Output": [
                                "PARTIAL count(*)"
                            ],
                            "Workers": [
                                {
                                    "Worker Number": 0,
                                    "Actual Startup Time": 66.87,
                                    "Actual Total Time": 66.872,
                                    "Actual Rows": 1,
                                    "Actual Loops": 1
                                },
                                {
                                    "Worker Number": 1,
                                    "Actual Startup Time": 66.841,
                                    "Actual Total Time": 66.842,
                                    "Actual Rows": 1,
                                    "Actual Loops": 1
                                },
                                {
                                    "Worker Number": 2,
                                    "Actual Startup Time": 67.352,
                                    "Actual Total Time": 67.354,
                                    "Actual Rows": 1,
                                    "Actual Loops": 1
                                }
                            ],
                            "Plans": [
                                {
                                    "Node Type": "Bitmap Heap Scan",
                                    "Parent Relationship": "Outer",
                                    "Parallel Aware": true,
                                    "Relation Name": "movie_keyword",
                                    "Schema": "public",
                                    "Alias": "mk",
                                    "Startup Cost": 5079.15,
                                    "Total Cost": 30498.15,
                                    "Plan Rows": 77200,
                                    "Plan Width": 0,
                                    "Actual Startup Time": 13.099,
                                    "Actual Total Time": 66.017,
                                    "Actual Rows": 58715,
                                    "Actual Loops": 4,
                                    "Recheck Cond": "(mk.keyword_id > 62664)",
                                    "Rows Removed by Index Recheck": 0,
                                    "Exact Heap Blocks": 11765,
                                    "Lossy Heap Blocks": 0,
                                    "Workers": [
                                        {
                                            "Worker Number": 0,
                                            "Actual Startup Time": 10.336,
                                            "Actual Total Time": 63.662,
                                            "Actual Rows": 35125,
                                            "Actual Loops": 1
                                        },
                                        {
                                            "Worker Number": 1,
                                            "Actual Startup Time": 10.36,
                                            "Actual Total Time": 63.856,
                                            "Actual Rows": 33632,
                                            "Actual Loops": 1
                                        },
                                        {
                                            "Worker Number": 2,
                                            "Actual Startup Time": 10.698,
                                            "Actual Total Time": 64.162,
                                            "Actual Rows": 34288,
                                            "Actual Loops": 1
                                        }
                                    ],
                                    "Plans": [
                                        {
                                            "Node Type": "Bitmap Index Scan",
                                            "Parent Relationship": "Outer",
                                            "Parallel Aware": false,
                                            "Index Name": "keyword_id_movie_keyword",
                                            "Startup Cost": 0.0,
                                            "Total Cost": 5019.32,
                                            "Plan Rows": 239319,
                                            "Plan Width": 0,
                                            "Actual Startup Time": 17.674,
                                            "Actual Total Time": 17.675,
                                            "Actual Rows": 234861,
                                            "Actual Loops": 1,
                                            "Index Cond": "(mk.keyword_id > 62664)"
                                        }
                                    ]
                                }
                            ]
                        }
                    ]
                }
            ]
        },
        "Planning Time": 183.366,
        "Triggers": [],
        "Execution Time": 84.332
    }
]