[
  {
    "Plan": {
      "Node Type": "Aggregate",
      "Strategy": "Plain",
      "Partial Mode": "Finalize",
      "Parallel Aware": false,
      "Startup Cost": 395753.48,
      "Total Cost": 395753.49,
      "Plan Rows": 1,
      "Plan Width": 8,
      "Actual Startup Time": 1146.793,
      "Actual Total Time": 1213.153,
      "Actual Rows": 1,
      "Actual Loops": 1,
      "Plans": [
        {
          "Node Type": "Gather",
          "Parent Relationship": "Outer",
          "Parallel Aware": false,
          "Startup Cost": 395752.86,
          "Total Cost": 395753.47,
          "Plan Rows": 6,
          "Plan Width": 8,
          "Actual Startup Time": 1144.065,
          "Actual Total Time": 1213.137,
          "Actual Rows": 7,
          "Actual Loops": 1,
          "Workers Planned": 6,
          "Workers Launched": 6,
          "Single Copy": false,
          "Plans": [
            {
              "Node Type": "Aggregate",
              "Strategy": "Plain",
              "Partial Mode": "Partial",
              "Parent Relationship": "Outer",
              "Parallel Aware": false,
              "Startup Cost": 394752.86,
              "Total Cost": 394752.87,
              "Plan Rows": 1,
              "Plan Width": 8,
              "Actual Startup Time": 1136.181,
              "Actual Total Time": 1136.185,
              "Actual Rows": 1,
              "Actual Loops": 7,
              "Plans": [
                {
                  "Node Type": "Hash Join",
                  "Parent Relationship": "Outer",
                  "Parallel Aware": true,
                  "Join Type": "Inner",
                  "Startup Cost": 44904.68,
                  "Total Cost": 394046.87,
                  "Plan Rows": 282394,
                  "Plan Width": 0,
                  "Actual Startup Time": 486.88,
                  "Actual Total Time": 1129.719,
                  "Actual Rows": 106510,
                  "Actual Loops": 7,
                  "Inner Unique": true,
                  "Hash Cond": "(ci.movie_id = t.id)",
                  "Plans": [
                    {
                      "Node Type": "Seq Scan",
                      "Parent Relationship": "Outer",
                      "Parallel Aware": true,
                      "Relation Name": "cast_info",
                      "Alias": "ci",
                      "Startup Cost": 0.0,
                      "Total Cost": 343316.27,
                      "Plan Rows": 2219393,
                      "Plan Width": 4,
                      "Actual Startup Time": 387.416,
                      "Actual Total Time": 753.513,
                      "Actual Rows": 1431965,
                      "Actual Loops": 7,
                      "Filter": "((person_id < 3039900) AND (role_id > 2))",
                      "Rows Removed by Filter": 3745798
                    },
                    {
                      "Node Type": "Hash",
                      "Parent Relationship": "Inner",
                      "Parallel Aware": true,
                      "Startup Cost": 43899.32,
                      "Total Cost": 43899.32,
                      "Plan Rows": 80429,
                      "Plan Width": 4,
                      "Actual Startup Time": 97.517,
                      "Actual Total Time": 97.519,
                      "Actual Rows": 48264,
                      "Actual Loops": 7,
                      "Hash Buckets": 524288,
                      "Original Hash Buckets": 524288,
                      "Hash Batches": 1,
                      "Original Hash Batches": 1,
                      "Peak Memory Usage": 17376,
                      "Plans": [
                        {
                          "Node Type": "Seq Scan",
                          "Parent Relationship": "Outer",
                          "Parallel Aware": true,
                          "Relation Name": "title",
                          "Alias": "t",
                          "Startup Cost": 0.0,
                          "Total Cost": 43899.32,
                          "Plan Rows": 80429,
                          "Plan Width": 4,
                          "Actual Startup Time": 0.04,
                          "Actual Total Time": 74.904,
                          "Actual Rows": 48264,
                          "Actual Loops": 7,
                          "Filter": "(production_year < 1968)",
                          "Rows Removed by Filter": 312924
                        }
                      ]
                    }
                  ]
                }
              ]
            }
          ]
        }
      ]
    },
    "Planning Time": 0.279,
    "Triggers": [],
    "Execution Time": 1213.211
  }
]