[
  {
    "Plan": {
      "Node Type": "Aggregate",
      "Strategy": "Plain",
      "Partial Mode": "Finalize",
      "Parallel Aware": false,
      "Startup Cost": 237824.1,
      "Total Cost": 237824.11,
      "Plan Rows": 1,
      "Plan Width": 8,
      "Actual Startup Time": 692.655,
      "Actual Total Time": 736.33,
      "Actual Rows": 1,
      "Actual Loops": 1,
      "Plans": [
        {
          "Node Type": "Gather",
          "Parent Relationship": "Outer",
          "Parallel Aware": false,
          "Startup Cost": 237823.78,
          "Total Cost": 237824.09,
          "Plan Rows": 3,
          "Plan Width": 8,
          "Actual Startup Time": 689.761,
          "Actual Total Time": 736.315,
          "Actual Rows": 4,
          "Actual Loops": 1,
          "Workers Planned": 3,
          "Workers Launched": 3,
          "Single Copy": false,
          "Plans": [
            {
              "Node Type": "Aggregate",
              "Strategy": "Plain",
              "Partial Mode": "Partial",
              "Parent Relationship": "Outer",
              "Parallel Aware": false,
              "Startup Cost": 236823.78,
              "Total Cost": 236823.79,
              "Plan Rows": 1,
              "Plan Width": 8,
              "Actual Startup Time": 681.134,
              "Actual Total Time": 681.139,
              "Actual Rows": 1,
              "Actual Loops": 4,
              "Plans": [
                {
                  "Node Type": "Nested Loop",
                  "Parent Relationship": "Outer",
                  "Parallel Aware": false,
                  "Join Type": "Inner",
                  "Startup Cost": 59728.56,
                  "Total Cost": 236502.56,
                  "Plan Rows": 128488,
                  "Plan Width": 0,
                  "Actual Startup Time": 248.209,
                  "Actual Total Time": 671.9,
                  "Actual Rows": 157508,
                  "Actual Loops": 4,
                  "Inner Unique": false,
                  "Plans": [
                    {
                      "Node Type": "Hash Join",
                      "Parent Relationship": "Outer",
                      "Parallel Aware": true,
                      "Join Type": "Inner",
                      "Startup Cost": 59728.12,
                      "Total Cost": 87350.63,
                      "Plan Rows": 54389,
                      "Plan Width": 8,
                      "Actual Startup Time": 247.994,
                      "Actual Total Time": 345.397,
                      "Actual Rows": 20935,
                      "Actual Loops": 4,
                      "Inner Unique": true,
                      "Hash Cond": "(mk.movie_id = t.id)",
                      "Plans": [
                        {
                          "Node Type": "Bitmap Heap Scan",
                          "Parent Relationship": "Outer",
                          "Parallel Aware": true,
                          "Relation Name": "movie_keyword",
                          "Alias": "mk",
                          "Startup Cost": 13777.38,
                          "Total Cost": 40849.97,
                          "Plan Rows": 209488,
                          "Plan Width": 4,
                          "Actual Startup Time": 65.798,
                          "Actual Total Time": 116.612,
                          "Actual Rows": 163983,
                          "Actual Loops": 4,
                          "Recheck Cond": "(keyword_id < 508)",
                          "Rows Removed by Index Recheck": 0,
                          "Exact Heap Blocks": 8431,
                          "Lossy Heap Blocks": 0,
                          "Plans": [
                            {
                              "Node Type": "Bitmap Index Scan",
                              "Parent Relationship": "Outer",
                              "Parallel Aware": false,
                              "Index Name": "keyword_id_movie_keyword",
                              "Startup Cost": 0.0,
                              "Total Cost": 13615.02,
                              "Plan Rows": 649412,
                              "Plan Width": 0,
                              "Actual Startup Time": 59.918,
                              "Actual Total Time": 59.918,
                              "Actual Rows": 655932,
                              "Actual Loops": 1,
                              "Index Cond": "(keyword_id < 508)"
                            }
                          ]
                        },
                        {
                          "Node Type": "Hash",
                          "Parent Relationship": "Inner",
                          "Parallel Aware": true,
                          "Startup Cost": 43899.32,
                          "Total Cost": 43899.32,
                          "Plan Rows": 164114,
                          "Plan Width": 4,
                          "Actual Startup Time": 176.896,
                          "Actual Total Time": 176.897,
                          "Actual Rows": 165516,
                          "Actual Loops": 4,
                          "Hash Buckets": 1048576,
                          "Original Hash Buckets": 1048576,
                          "Hash Batches": 1,
                          "Original Hash Batches": 1,
                          "Peak Memory Usage": 34144,
                          "Plans": [
                            {
                              "Node Type": "Seq Scan",
                              "Parent Relationship": "Outer",
                              "Parallel Aware": true,
                              "Relation Name": "title",
                              "Alias": "t",
                              "Startup Cost": 0.0,
                              "Total Cost": 43899.32,
                              "Plan Rows": 164114,
                              "Plan Width": 4,
                              "Actual Startup Time": 0.051,
                              "Actual Total Time": 104.913,
                              "Actual Rows": 165516,
                              "Actual Loops": 4,
                              "Filter": "(production_year > 2008)",
                              "Rows Removed by Filter": 466562
                            }
                          ]
                        }
                      ]
                    },
                    {
                      "Node Type": "Index Scan",
                      "Parent Relationship": "Inner",
                      "Parallel Aware": false,
                      "Scan Direction": "Forward",
                      "Index Name": "movie_id_movie_info",
                      "Relation Name": "movie_info",
                      "Alias": "mi",
                      "Startup Cost": 0.43,
                      "Total Cost": 2.57,
                      "Plan Rows": 17,
                      "Plan Width": 4,
                      "Actual Startup Time": 0.005,
                      "Actual Total Time": 0.015,
                      "Actual Rows": 8,
                      "Actual Loops": 83739,
                      "Index Cond": "(movie_id = t.id)",
                      "Rows Removed by Index Recheck": 0,
                      "Filter": "(info_type_id < 7)",
                      "Rows Removed by Filter": 26
                    }
                  ]
                }
              ]
            }
          ]
        }
      ]
    },
    "Planning Time": 1.382,
    "Triggers": [],
    "Execution Time": 736.462
  }
]