{
  "Plan": {
    "Node Type": "Aggregate",
    "Strategy": "Plain",
    "Partial Mode": "Finalize",
    "Parallel Aware": false,
    "Startup Cost": 862944.52,
    "Total Cost": 862944.53,
    "Plan Rows": 1,
    "Plan Width": 8,
    "Actual Startup Time": 11409.72,
    "Actual Total Time": 11486.272,
    "Actual Rows": 1,
    "Actual Loops": 1,
    "Plans": [
      {
        "Node Type": "Gather",
        "Parent Relationship": "Outer",
        "Parallel Aware": false,
        "Startup Cost": 862944.4,
        "Total Cost": 862944.51,
        "Plan Rows": 1,
        "Plan Width": 8,
        "Actual Startup Time": 11401.613,
        "Actual Total Time": 11486.264,
        "Actual Rows": 2,
        "Actual Loops": 1,
        "Workers Planned": 1,
        "Workers Launched": 1,
        "Single Copy": false,
        "Plans": [
          {
            "Node Type": "Aggregate",
            "Strategy": "Plain",
            "Partial Mode": "Partial",
            "Parent Relationship": "Outer",
            "Parallel Aware": false,
            "Startup Cost": 861944.4,
            "Total Cost": 861944.41,
            "Plan Rows": 1,
            "Plan Width": 8,
            "Actual Startup Time": 11392.977,
            "Actual Total Time": 11392.991,
            "Actual Rows": 1,
            "Actual Loops": 2,
            "Plans": [
              {
                "Node Type": "Hash Join",
                "Parent Relationship": "Outer",
                "Parallel Aware": true,
                "Join Type": "Inner",
                "Startup Cost": 142508.97,
                "Total Cost": 825868.07,
                "Plan Rows": 14430534,
                "Plan Width": 0,
                "Actual Startup Time": 1069.291,
                "Actual Total Time": 9786.355,
                "Actual Rows": 41414402,
                "Actual Loops": 2,
                "Inner Unique": false,
                "Hash Cond": "(ci.movie_id = t.id)",
                "Plans": [
                  {
                    "Node Type": "Seq Scan",
                    "Parent Relationship": "Outer",
                    "Parallel Aware": true,
                    "Relation Name": "cast_info",
                    "Alias": "ci",
                    "Startup Cost": 0.0,
                    "Total Cost": 519069.44,
                    "Plan Rows": 21174439,
                    "Plan Width": 4,
                    "Actual Startup Time": 0.019,
                    "Actual Total Time": 1790.936,
                    "Actual Rows": 18004615,
                    "Actual Loops": 2,
                    "Filter": "(person_id < 4020289)",
                    "Rows Removed by Filter": 117557
                  },
                  {
                    "Node Type": "Hash",
                    "Parent Relationship": "Inner",
                    "Parallel Aware": true,
                    "Startup Cost": 129839.48,
                    "Total Cost": 129839.48,
                    "Plan Rows": 1013559,
                    "Plan Width": 8,
                    "Actual Startup Time": 1054.373,
                    "Actual Total Time": 1054.38,
                    "Actual Rows": 866110,
                    "Actual Loops": 2,
                    "Hash Buckets": 2097152,
                    "Original Hash Buckets": 2097152,
                    "Hash Batches": 1,
                    "Original Hash Batches": 1,
                    "Peak Memory Usage": 84192,
                    "Plans": [
                      {
                        "Node Type": "Hash Join",
                        "Parent Relationship": "Outer",
                        "Parallel Aware": true,
                        "Join Type": "Inner",
                        "Startup Cost": 69460.7,
                        "Total Cost": 129839.48,
                        "Plan Rows": 1013559,
                        "Plan Width": 8,
                        "Actual Startup Time": 521.701,
                        "Actual Total Time": 883.274,
                        "Actual Rows": 866110,
                        "Actual Loops": 2,
                        "Inner Unique": true,
                        "Hash Cond": "(mk.movie_id = t.id)",
                        "Plans": [
                          {
                            "Node Type": "Seq Scan",
                            "Parent Relationship": "Outer",
                            "Parallel Aware": true,
                            "Relation Name": "movie_keyword",
                            "Alias": "mk",
                            "Startup Cost": 0.0,
                            "Total Cost": 57718.19,
                            "Plan Rows": 1013559,
                            "Plan Width": 4,
                            "Actual Startup Time": 0.819,
                            "Actual Total Time": 188.952,
                            "Actual Rows": 866110,
                            "Actual Loops": 2,
                            "Filter": "(keyword_id > 8170)",
                            "Rows Removed by Filter": 1395856
                          },
                          {
                            "Node Type": "Hash",
                            "Parent Relationship": "Inner",
                            "Parallel Aware": true,
                            "Startup Cost": 50870.31,
                            "Total Cost": 50870.31,
                            "Plan Rows": 1487231,
                            "Plan Width": 4,
                            "Actual Startup Time": 507.343,
                            "Actual Total Time": 507.347,
                            "Actual Rows": 1264156,
                            "Actual Loops": 2,
                            "Hash Buckets": 4194304,
                            "Original Hash Buckets": 4194304,
                            "Hash Batches": 1,
                            "Original Hash Batches": 1,
                            "Peak Memory Usage": 131712,
                            "Plans": [
                              {
                                "Node Type": "Seq Scan",
                                "Parent Relationship": "Outer",
                                "Parallel Aware": true,
                                "Relation Name": "title",
                                "Alias": "t",
                                "Startup Cost": 0.0,
                                "Total Cost": 50870.31,
                                "Plan Rows": 1487231,
                                "Plan Width": 4,
                                "Actual Startup Time": 0.042,
                                "Actual Total Time": 154.799,
                                "Actual Rows": 1264156,
                                "Actual Loops": 2
                              }
                            ]
                          }
                        ]
                      }
                    ]
                  }
                ]
              }
            ]
          }
        ]
      }
    ]
  },
  "Planning Time": 0.998,
  "Triggers": [],
  "Execution Time": 11486.365
}