[
  {
    "Plan": {
      "Node Type": "Aggregate",
      "Strategy": "Plain",
      "Partial Mode": "Finalize",
      "Parallel Aware": false,
      "Startup Cost": 47316.54,
      "Total Cost": 47316.55,
      "Plan Rows": 1,
      "Plan Width": 8,
      "Actual Startup Time": 115.481,
      "Actual Total Time": 126.979,
      "Actual Rows": 1,
      "Actual Loops": 1,
      "Plans": [
        {
          "Node Type": "Gather",
          "Parent Relationship": "Outer",
          "Parallel Aware": false,
          "Startup Cost": 47316.12,
          "Total Cost": 47316.53,
          "Plan Rows": 4,
          "Plan Width": 8,
          "Actual Startup Time": 115.265,
          "Actual Total Time": 126.966,
          "Actual Rows": 5,
          "Actual Loops": 1,
          "Workers Planned": 4,
          "Workers Launched": 4,
          "Single Copy": false,
          "Plans": [
            {
              "Node Type": "Aggregate",
              "Strategy": "Plain",
              "Partial Mode": "Partial",
              "Parent Relationship": "Outer",
              "Parallel Aware": false,
              "Startup Cost": 46316.12,
              "Total Cost": 46316.13,
              "Plan Rows": 1,
              "Plan Width": 8,
              "Actual Startup Time": 108.522,
              "Actual Total Time": 108.523,
              "Actual Rows": 1,
              "Actual Loops": 5,
              "Plans": [
                {
                  "Node Type": "Seq Scan",
                  "Parent Relationship": "Outer",
                  "Parallel Aware": true,
                  "Relation Name": "title",
                  "Alias": "t",
                  "Startup Cost": 0.0,
                  "Total Cost": 45479.59,
                  "Plan Rows": 334614,
                  "Plan Width": 0,
                  "Actual Startup Time": 0.034,
                  "Actual Total Time": 93.607,
                  "Actual Rows": 282472,
                  "Actual Loops": 5,
                  "Filter": "((production_year > 1962) AND (kind_id = 7))",
                  "Rows Removed by Filter": 223190
                }
              ]
            }
          ]
        }
      ]
    },
    "Planning Time": 0.111,
    "Triggers": [],
    "Execution Time": 127.012
  }
]