[
  {
    "Plan": {
      "Node Type": "Aggregate",
      "Strategy": "Plain",
      "Partial Mode": "Finalize",
      "Parallel Aware": false,
      "Startup Cost": 203882.51,
      "Total Cost": 203882.52,
      "Plan Rows": 1,
      "Plan Width": 8,
      "Actual Startup Time": 240.551,
      "Actual Total Time": 262.298,
      "Actual Rows": 1,
      "Actual Loops": 1,
      "Plans": [
        {
          "Node Type": "Gather",
          "Parent Relationship": "Outer",
          "Parallel Aware": false,
          "Startup Cost": 203881.88,
          "Total Cost": 203882.49,
          "Plan Rows": 6,
          "Plan Width": 8,
          "Actual Startup Time": 240.418,
          "Actual Total Time": 262.285,
          "Actual Rows": 7,
          "Actual Loops": 1,
          "Workers Planned": 6,
          "Workers Launched": 6,
          "Single Copy": false,
          "Plans": [
            {
              "Node Type": "Aggregate",
              "Strategy": "Plain",
              "Partial Mode": "Partial",
              "Parent Relationship": "Outer",
              "Parallel Aware": false,
              "Startup Cost": 202881.88,
              "Total Cost": 202881.89,
              "Plan Rows": 1,
              "Plan Width": 8,
              "Actual Startup Time": 231.888,
              "Actual Total Time": 231.889,
              "Actual Rows": 1,
              "Actual Loops": 7,
              "Plans": [
                {
                  "Node Type": "Index Scan",
                  "Parent Relationship": "Outer",
                  "Parallel Aware": true,
                  "Scan Direction": "Forward",
                  "Index Name": "role_id_cast_info",
                  "Relation Name": "cast_info",
                  "Alias": "ci",
                  "Startup Cost": 0.56,
                  "Total Cost": 201884.69,
                  "Plan Rows": 398876,
                  "Plan Width": 0,
                  "Actual Startup Time": 6.924,
                  "Actual Total Time": 231.851,
                  "Actual Rows": 272,
                  "Actual Loops": 7,
                  "Index Cond": "(role_id = 2)",
                  "Rows Removed by Index Recheck": 0,
                  "Filter": "(person_id < 1143530)",
                  "Rows Removed by Filter": 1064296
                }
              ]
            }
          ]
        }
      ]
    },
    "Planning Time": 0.117,
    "Triggers": [],
    "Execution Time": 262.338
  }
]