[
  {
    "Plan": {
      "Node Type": "Aggregate",
      "Strategy": "Plain",
      "Partial Mode": "Finalize",
      "Parallel Aware": false,
      "Startup Cost": 199863.16,
      "Total Cost": 199863.17,
      "Plan Rows": 1,
      "Plan Width": 8,
      "Actual Startup Time": 265.66,
      "Actual Total Time": 279.101,
      "Actual Rows": 1,
      "Actual Loops": 1,
      "Plans": [
        {
          "Node Type": "Gather",
          "Parent Relationship": "Outer",
          "Parallel Aware": false,
          "Startup Cost": 199862.53,
          "Total Cost": 199863.14,
          "Plan Rows": 6,
          "Plan Width": 8,
          "Actual Startup Time": 265.564,
          "Actual Total Time": 279.089,
          "Actual Rows": 7,
          "Actual Loops": 1,
          "Workers Planned": 6,
          "Workers Launched": 6,
          "Single Copy": false,
          "Plans": [
            {
              "Node Type": "Aggregate",
              "Strategy": "Plain",
              "Partial Mode": "Partial",
              "Parent Relationship": "Outer",
              "Parallel Aware": false,
              "Startup Cost": 198862.53,
              "Total Cost": 198862.54,
              "Plan Rows": 1,
              "Plan Width": 8,
              "Actual Startup Time": 256.61,
              "Actual Total Time": 256.611,
              "Actual Rows": 1,
              "Actual Loops": 7,
              "Plans": [
                {
                  "Node Type": "Index Scan",
                  "Parent Relationship": "Outer",
                  "Parallel Aware": true,
                  "Scan Direction": "Forward",
                  "Index Name": "role_id_cast_info",
                  "Relation Name": "cast_info",
                  "Alias": "ci",
                  "Startup Cost": 0.56,
                  "Total Cost": 197877.72,
                  "Plan Rows": 393924,
                  "Plan Width": 0,
                  "Actual Startup Time": 5.731,
                  "Actual Total Time": 256.576,
                  "Actual Rows": 272,
                  "Actual Loops": 7,
                  "Index Cond": "(role_id = 2)",
                  "Rows Removed by Index Recheck": 0,
                  "Filter": "(person_id < 1143530)",
                  "Rows Removed by Filter": 1064296
                }
              ]
            }
          ]
        }
      ]
    },
    "Planning Time": 0.235,
    "Triggers": [],
    "Execution Time": 279.146
  }
]