[
    {
        "Bao": {
            "Bao prediction": "NaN",
            "Bao recommended hint": "(no hint)"
        }
    },
    {
        "Plan": {
            "Node Type": "Aggregate",
            "Strategy": "Plain",
            "Partial Mode": "Finalize",
            "Parallel Aware": false,
            "Startup Cost": 42074.1,
            "Total Cost": 42074.11,
            "Plan Rows": 1,
            "Plan Width": 8,
            "Actual Startup Time": 134.233,
            "Actual Total Time": 141.404,
            "Actual Rows": 1,
            "Actual Loops": 1,
            "Output": [
                "count(*)"
            ],
            "Plans": [
                {
                    "Node Type": "Gather",
                    "Parent Relationship": "Outer",
                    "Parallel Aware": false,
                    "Startup Cost": 42073.78,
                    "Total Cost": 42074.09,
                    "Plan Rows": 3,
                    "Plan Width": 8,
                    "Actual Startup Time": 133.848,
                    "Actual Total Time": 141.396,
                    "Actual Rows": 4,
                    "Actual Loops": 1,
                    "Output": [
                        "(PARTIAL count(*))"
                    ],
                    "Workers Planned": 3,
                    "Workers Launched": 3,
                    "Single Copy": false,
                    "Plans": [
                        {
                            "Node Type": "Aggregate",
                            "Strategy": "Plain",
                            "Partial Mode": "Partial",
                            "Parent Relationship": "Outer",
                            "Parallel Aware": false,
                            "Startup Cost": 41073.78,
                            "Total Cost": 41073.79,
                            "Plan Rows": 1,
                            "Plan Width": 8,
                            "Actual Startup Time": 124.963,
                            "Actual Total Time": 124.965,
                            "Actual Rows": 1,
                            "Actual Loops": 4,
                            "Output": [
                                "PARTIAL count(*)"
                            ],
                            "Workers": [
                                {
                                    "Worker Number": 0,
                                    "Actual Startup Time": 121.982,
                                    "Actual Total Time": 121.984,
                                    "Actual Rows": 1,
                                    "Actual Loops": 1
                                },
                                {
                                    "Worker Number": 1,
                                    "Actual Startup Time": 121.798,
                                    "Actual Total Time": 121.799,
                                    "Actual Rows": 1,
                                    "Actual Loops": 1
                                },
                                {
                                    "Worker Number": 2,
                                    "Actual Startup Time": 122.501,
                                    "Actual Total Time": 122.503,
                                    "Actual Rows": 1,
                                    "Actual Loops": 1
                                }
                            ],
                            "Plans": [
                                {
                                    "Node Type": "Bitmap Heap Scan",
                                    "Parent Relationship": "Outer",
                                    "Parallel Aware": true,
                                    "Relation Name": "movie_keyword",
                                    "Schema": "public",
                                    "Alias": "mk",
                                    "Startup Cost": 13532.78,
                                    "Total Cost": 40559.28,
                                    "Plan Rows": 205800,
                                    "Plan Width": 0,
                                    "Actual Startup Time": 31.231,
                                    "Actual Total Time": 115.041,
                                    "Actual Rows": 159910,
                                    "Actual Loops": 4,
                                    "Recheck Cond": "(mk.keyword_id < 496)",
                                    "Rows Removed by Index Recheck": 0,
                                    "Exact Heap Blocks": 11985,
                                    "Lossy Heap Blocks": 0,
                                    "Workers": [
                                        {
                                            "Worker Number": 0,
                                            "Actual Startup Time": 28.431,
                                            "Actual Total Time": 112.785,
                                            "Actual Rows": 109960,
                                            "Actual Loops": 1
                                        },
                                        {
                                            "Worker Number": 1,
                                            "Actual Startup Time": 28.081,
                                            "Actual Total Time": 112.536,
                                            "Actual Rows": 112164,
                                            "Actual Loops": 1
                                        },
                                        {
                                            "Worker Number": 2,
                                            "Actual Startup Time": 28.849,
                                            "Actual Total Time": 113.395,
                                            "Actual Rows": 106384,
                                            "Actual Loops": 1
                                        }
                                    ],
                                    "Plans": [
                                        {
                                            "Node Type": "Bitmap Index Scan",
                                            "Parent Relationship": "Outer",
                                            "Parallel Aware": false,
                                            "Index Name": "keyword_id_movie_keyword",
                                            "Startup Cost": 0.0,
                                            "Total Cost": 13373.28,
                                            "Plan Rows": 637980,
                                            "Plan Width": 0,
                                            "Actual Startup Time": 36.048,
                                            "Actual Total Time": 36.048,
                                            "Actual Rows": 639638,
                                            "Actual Loops": 1,
                                            "Index Cond": "(mk.keyword_id < 496)"
                                        }
                                    ]
                                }
                            ]
                        }
                    ]
                }
            ]
        },
        "Planning Time": 180.895,
        "Triggers": [],
        "Execution Time": 141.455
    }
]