[
  {
    "Plan": {
      "Node Type": "Aggregate",
      "Strategy": "Plain",
      "Partial Mode": "Finalize",
      "Parallel Aware": false,
      "Startup Cost": 46560.98,
      "Total Cost": 46560.99,
      "Plan Rows": 1,
      "Plan Width": 8,
      "Actual Startup Time": 101.197,
      "Actual Total Time": 112.522,
      "Actual Rows": 1,
      "Actual Loops": 1,
      "Plans": [
        {
          "Node Type": "Gather",
          "Parent Relationship": "Outer",
          "Parallel Aware": false,
          "Startup Cost": 46560.56,
          "Total Cost": 46560.97,
          "Plan Rows": 4,
          "Plan Width": 8,
          "Actual Startup Time": 100.873,
          "Actual Total Time": 112.513,
          "Actual Rows": 5,
          "Actual Loops": 1,
          "Workers Planned": 4,
          "Workers Launched": 4,
          "Single Copy": false,
          "Plans": [
            {
              "Node Type": "Aggregate",
              "Strategy": "Plain",
              "Partial Mode": "Partial",
              "Parent Relationship": "Outer",
              "Parallel Aware": false,
              "Startup Cost": 45560.56,
              "Total Cost": 45560.57,
              "Plan Rows": 1,
              "Plan Width": 8,
              "Actual Startup Time": 91.028,
              "Actual Total Time": 91.03,
              "Actual Rows": 1,
              "Actual Loops": 5,
              "Plans": [
                {
                  "Node Type": "Seq Scan",
                  "Parent Relationship": "Outer",
                  "Parallel Aware": true,
                  "Relation Name": "title",
                  "Alias": "t",
                  "Startup Cost": 0.0,
                  "Total Cost": 45479.59,
                  "Plan Rows": 32390,
                  "Plan Width": 0,
                  "Actual Startup Time": 0.146,
                  "Actual Total Time": 88.47,
                  "Actual Rows": 52818,
                  "Actual Loops": 5,
                  "Filter": "((kind_id < 3) AND (production_year < 1976))",
                  "Rows Removed by Filter": 452844
                }
              ]
            }
          ]
        }
      ]
    },
    "Planning Time": 0.198,
    "Triggers": [],
    "Execution Time": 112.582
  }
]