[
  {
    "Plan": {
      "Node Type": "Aggregate",
      "Strategy": "Plain",
      "Partial Mode": "Finalize",
      "Parallel Aware": false,
      "Startup Cost": 112991.8,
      "Total Cost": 112991.81,
      "Plan Rows": 1,
      "Plan Width": 8,
      "Actual Startup Time": 705.859,
      "Actual Total Time": 727.116,
      "Actual Rows": 1,
      "Actual Loops": 1,
      "Plans": [
        {
          "Node Type": "Gather",
          "Parent Relationship": "Outer",
          "Parallel Aware": false,
          "Startup Cost": 112991.48,
          "Total Cost": 112991.79,
          "Plan Rows": 3,
          "Plan Width": 8,
          "Actual Startup Time": 695.557,
          "Actual Total Time": 727.106,
          "Actual Rows": 4,
          "Actual Loops": 1,
          "Workers Planned": 3,
          "Workers Launched": 3,
          "Single Copy": false,
          "Plans": [
            {
              "Node Type": "Aggregate",
              "Strategy": "Plain",
              "Partial Mode": "Partial",
              "Parent Relationship": "Outer",
              "Parallel Aware": false,
              "Startup Cost": 111991.48,
              "Total Cost": 111991.49,
              "Plan Rows": 1,
              "Plan Width": 8,
              "Actual Startup Time": 690.177,
              "Actual Total Time": 690.463,
              "Actual Rows": 1,
              "Actual Loops": 4,
              "Plans": [
                {
                  "Node Type": "Hash Join",
                  "Parent Relationship": "Outer",
                  "Parallel Aware": true,
                  "Join Type": "Inner",
                  "Startup Cost": 65604.27,
                  "Total Cost": 111658.24,
                  "Plan Rows": 133296,
                  "Plan Width": 0,
                  "Actual Startup Time": 373.526,
                  "Actual Total Time": 644.271,
                  "Actual Rows": 947993,
                  "Actual Loops": 4,
                  "Inner Unique": false,
                  "Hash Cond": "(mk.movie_id = t.id)",
                  "Plans": [
                    {
                      "Node Type": "Seq Scan",
                      "Parent Relationship": "Outer",
                      "Parallel Aware": true,
                      "Relation Name": "movie_keyword",
                      "Alias": "mk",
                      "Startup Cost": 0.0,
                      "Total Cost": 42695.65,
                      "Plan Rows": 747445,
                      "Plan Width": 4,
                      "Actual Startup Time": 0.038,
                      "Actual Total Time": 119.141,
                      "Actual Rows": 582143,
                      "Actual Loops": 4,
                      "Filter": "(keyword_id < 5113)",
                      "Rows Removed by Filter": 548840
                    },
                    {
                      "Node Type": "Hash",
                      "Parent Relationship": "Inner",
                      "Parallel Aware": true,
                      "Startup Cost": 63255.8,
                      "Total Cost": 63255.8,
                      "Plan Rows": 187878,
                      "Plan Width": 8,
                      "Actual Startup Time": 371.574,
                      "Actual Total Time": 371.859,
                      "Actual Rows": 196398,
                      "Actual Loops": 4,
                      "Hash Buckets": 1048576,
                      "Original Hash Buckets": 524288,
                      "Hash Batches": 1,
                      "Original Hash Batches": 1,
                      "Peak Memory Usage": 43072,
                      "Plans": [
                        {
                          "Node Type": "Hash Join",
                          "Parent Relationship": "Outer",
                          "Parallel Aware": true,
                          "Join Type": "Inner",
                          "Startup Cost": 48061.24,
                          "Total Cost": 63255.8,
                          "Plan Rows": 187878,
                          "Plan Width": 8,
                          "Actual Startup Time": 178.652,
                          "Actual Total Time": 299.17,
                          "Actual Rows": 196398,
                          "Actual Loops": 4,
                          "Inner Unique": true,
                          "Hash Cond": "(mi_idx.movie_id = t.id)",
                          "Plans": [
                            {
                              "Node Type": "Seq Scan",
                              "Parent Relationship": "Outer",
                              "Parallel Aware": true,
                              "Relation Name": "movie_info_idx",
                              "Alias": "mi_idx",
                              "Startup Cost": 0.0,
                              "Total Cost": 13685.15,
                              "Plan Rows": 575015,
                              "Plan Width": 4,
                              "Actual Startup Time": 0.017,
                              "Actual Total Time": 37.413,
                              "Actual Rows": 345009,
                              "Actual Loops": 4
                            },
                            {
                              "Node Type": "Hash",
                              "Parent Relationship": "Inner",
                              "Parallel Aware": true,
                              "Startup Cost": 45479.59,
                              "Total Cost": 45479.59,
                              "Plan Rows": 206532,
                              "Plan Width": 4,
                              "Actual Startup Time": 176.657,
                              "Actual Total Time": 176.658,
                              "Actual Rows": 184499,
                              "Actual Loops": 4,
                              "Hash Buckets": 1048576,
                              "Original Hash Buckets": 1048576,
                              "Hash Batches": 1,
                              "Original Hash Batches": 1,
                              "Peak Memory Usage": 37120,
                              "Plans": [
                                {
                                  "Node Type": "Seq Scan",
                                  "Parent Relationship": "Outer",
                                  "Parallel Aware": true,
                                  "Relation Name": "title",
                                  "Alias": "t",
                                  "Startup Cost": 0.0,
                                  "Total Cost": 45479.59,
                                  "Plan Rows": 206532,
                                  "Plan Width": 4,
                                  "Actual Startup Time": 0.032,
                                  "Actual Total Time": 108.676,
                                  "Actual Rows": 184499,
                                  "Actual Loops": 4,
                                  "Filter": "((kind_id < 7) AND (production_year > 1968))",
                                  "Rows Removed by Filter": 447579
                                }
                              ]
                            }
                          ]
                        }
                      ]
                    }
                  ]
                }
              ]
            }
          ]
        }
      ]
    },
    "Planning Time": 0.519,
    "Triggers": [],
    "Execution Time": 727.172
  }
]