[
  {
    "Plan": {
      "Node Type": "Aggregate",
      "Strategy": "Plain",
      "Partial Mode": "Simple",
      "Parallel Aware": false,
      "Startup Cost": 2995.03,
      "Total Cost": 2995.04,
      "Plan Rows": 1,
      "Plan Width": 8,
      "Actual Startup Time": 19.64,
      "Actual Total Time": 19.642,
      "Actual Rows": 1,
      "Actual Loops": 1,
      "Plans": [
        {
          "Node Type": "Nested Loop",
          "Parent Relationship": "Outer",
          "Parallel Aware": false,
          "Join Type": "Inner",
          "Startup Cost": 7.18,
          "Total Cost": 2994.92,
          "Plan Rows": 46,
          "Plan Width": 0,
          "Actual Startup Time": 1.101,
          "Actual Total Time": 19.614,
          "Actual Rows": 154,
          "Actual Loops": 1,
          "Inner Unique": false,
          "Plans": [
            {
              "Node Type": "Nested Loop",
              "Parent Relationship": "Outer",
              "Parallel Aware": false,
              "Join Type": "Inner",
              "Startup Cost": 6.75,
              "Total Cost": 2959.11,
              "Plan Rows": 44,
              "Plan Width": 8,
              "Actual Startup Time": 1.09,
              "Actual Total Time": 19.025,
              "Actual Rows": 69,
              "Actual Loops": 1,
              "Inner Unique": true,
              "Plans": [
                {
                  "Node Type": "Bitmap Heap Scan",
                  "Parent Relationship": "Outer",
                  "Parallel Aware": false,
                  "Relation Name": "movie_keyword",
                  "Alias": "mk",
                  "Startup Cost": 6.32,
                  "Total Cost": 908.7,
                  "Plan Rows": 244,
                  "Plan Width": 4,
                  "Actual Startup Time": 1.041,
                  "Actual Total Time": 5.413,
                  "Actual Rows": 2714,
                  "Actual Loops": 1,
                  "Recheck Cond": "(keyword_id = 1806)",
                  "Rows Removed by Index Recheck": 0,
                  "Exact Heap Blocks": 2379,
                  "Lossy Heap Blocks": 0,
                  "Plans": [
                    {
                      "Node Type": "Bitmap Index Scan",
                      "Parent Relationship": "Outer",
                      "Parallel Aware": false,
                      "Index Name": "keyword_id_movie_keyword",
                      "Startup Cost": 0.0,
                      "Total Cost": 6.26,
                      "Plan Rows": 244,
                      "Plan Width": 0,
                      "Actual Startup Time": 0.567,
                      "Actual Total Time": 0.567,
                      "Actual Rows": 2714,
                      "Actual Loops": 1,
                      "Index Cond": "(keyword_id = 1806)"
                    }
                  ]
                },
                {
                  "Node Type": "Index Scan",
                  "Parent Relationship": "Inner",
                  "Parallel Aware": false,
                  "Scan Direction": "Forward",
                  "Index Name": "title_pkey",
                  "Relation Name": "title",
                  "Alias": "t",
                  "Startup Cost": 0.43,
                  "Total Cost": 8.4,
                  "Plan Rows": 1,
                  "Plan Width": 4,
                  "Actual Startup Time": 0.005,
                  "Actual Total Time": 0.005,
                  "Actual Rows": 0,
                  "Actual Loops": 2714,
                  "Index Cond": "(id = mk.movie_id)",
                  "Rows Removed by Index Recheck": 0,
                  "Filter": "((production_year < 1993) AND (kind_id = 7))",
                  "Rows Removed by Filter": 1
                }
              ]
            },
            {
              "Node Type": "Index Only Scan",
              "Parent Relationship": "Inner",
              "Parallel Aware": false,
              "Scan Direction": "Forward",
              "Index Name": "movie_id_movie_companies",
              "Relation Name": "movie_companies",
              "Alias": "mc",
              "Startup Cost": 0.43,
              "Total Cost": 0.76,
              "Plan Rows": 5,
              "Plan Width": 4,
              "Actual Startup Time": 0.006,
              "Actual Total Time": 0.008,
              "Actual Rows": 2,
              "Actual Loops": 69,
              "Index Cond": "(movie_id = t.id)",
              "Rows Removed by Index Recheck": 0,
              "Heap Fetches": 154
            }
          ]
        }
      ]
    },
    "Planning Time": 0.721,
    "Triggers": [],
    "Execution Time": 19.689
  }
]