[
    {
        "Bao": {
            "Bao prediction": 1047.176,
            "Bao recommended hint": "SET enable_nestloop TO off; "
        }
    },
    {
        "Plan": {
            "Node Type": "Aggregate",
            "Strategy": "Plain",
            "Partial Mode": "Finalize",
            "Parallel Aware": false,
            "Startup Cost": 90034.0,
            "Total Cost": 90034.01,
            "Plan Rows": 1,
            "Plan Width": 8,
            "Actual Startup Time": 277.108,
            "Actual Total Time": 289.112,
            "Actual Rows": 1,
            "Actual Loops": 1,
            "Output": [
                "count(*)"
            ],
            "Plans": [
                {
                    "Node Type": "Gather",
                    "Parent Relationship": "Outer",
                    "Parallel Aware": false,
                    "Startup Cost": 90033.58,
                    "Total Cost": 90033.99,
                    "Plan Rows": 4,
                    "Plan Width": 8,
                    "Actual Startup Time": 274.602,
                    "Actual Total Time": 289.103,
                    "Actual Rows": 5,
                    "Actual Loops": 1,
                    "Output": [
                        "(PARTIAL count(*))"
                    ],
                    "Workers Planned": 4,
                    "Workers Launched": 4,
                    "Single Copy": false,
                    "Plans": [
                        {
                            "Node Type": "Aggregate",
                            "Strategy": "Plain",
                            "Partial Mode": "Partial",
                            "Parent Relationship": "Outer",
                            "Parallel Aware": false,
                            "Startup Cost": 89033.58,
                            "Total Cost": 89033.59,
                            "Plan Rows": 1,
                            "Plan Width": 8,
                            "Actual Startup Time": 265.167,
                            "Actual Total Time": 265.173,
                            "Actual Rows": 1,
                            "Actual Loops": 5,
                            "Output": [
                                "PARTIAL count(*)"
                            ],
                            "Workers": [
                                {
                                    "Worker Number": 0,
                                    "Actual Startup Time": 262.658,
                                    "Actual Total Time": 262.664,
                                    "Actual Rows": 1,
                                    "Actual Loops": 1
                                },
                                {
                                    "Worker Number": 1,
                                    "Actual Startup Time": 262.911,
                                    "Actual Total Time": 262.917,
                                    "Actual Rows": 1,
                                    "Actual Loops": 1
                                },
                                {
                                    "Worker Number": 2,
                                    "Actual Startup Time": 263.05,
                                    "Actual Total Time": 263.056,
                                    "Actual Rows": 1,
                                    "Actual Loops": 1
                                },
                                {
                                    "Worker Number": 3,
                                    "Actual Startup Time": 263.468,
                                    "Actual Total Time": 263.473,
                                    "Actual Rows": 1,
                                    "Actual Loops": 1
                                }
                            ],
                            "Plans": [
                                {
                                    "Node Type": "Hash Join",
                                    "Parent Relationship": "Outer",
                                    "Parallel Aware": true,
                                    "Join Type": "Inner",
                                    "Startup Cost": 44315.32,
                                    "Total Cost": 89029.79,
                                    "Plan Rows": 1517,
                                    "Plan Width": 0,
                                    "Actual Startup Time": 114.768,
                                    "Actual Total Time": 264.768,
                                    "Actual Rows": 2997,
                                    "Actual Loops": 5,
                                    "Inner Unique": false,
                                    "Hash Cond": "(t.id = mi_idx.movie_id)",
                                    "Workers": [
                                        {
                                            "Worker Number": 0,
                                            "Actual Startup Time": 112.228,
                                            "Actual Total Time": 262.253,
                                            "Actual Rows": 2637,
                                            "Actual Loops": 1
                                        },
                                        {
                                            "Worker Number": 1,
                                            "Actual Startup Time": 112.456,
                                            "Actual Total Time": 262.488,
                                            "Actual Rows": 2771,
                                            "Actual Loops": 1
                                        },
                                        {
                                            "Worker Number": 2,
                                            "Actual Startup Time": 112.748,
                                            "Actual Total Time": 262.628,
                                            "Actual Rows": 2781,
                                            "Actual Loops": 1
                                        },
                                        {
                                            "Worker Number": 3,
                                            "Actual Startup Time": 113.074,
                                            "Actual Total Time": 263.038,
                                            "Actual Rows": 2861,
                                            "Actual Loops": 1
                                        }
                                    ],
                                    "Plans": [
                                        {
                                            "Node Type": "Seq Scan",
                                            "Parent Relationship": "Outer",
                                            "Parallel Aware": true,
                                            "Relation Name": "title",
                                            "Schema": "public",
                                            "Alias": "t",
                                            "Startup Cost": 0.0,
                                            "Total Cost": 42318.81,
                                            "Plan Rows": 632080,
                                            "Plan Width": 4,
                                            "Actual Startup Time": 0.013,
                                            "Actual Total Time": 80.968,
                                            "Actual Rows": 505662,
                                            "Actual Loops": 5,
                                            "Output": [
                                                "t.id",
                                                "t.title",
                                                "t.imdb_index",
                                                "t.kind_id",
                                                "t.production_year",
                                                "t.imdb_id",
                                                "t.phonetic_code",
                                                "t.episode_of_id",
                                                "t.season_nr",
                                                "t.episode_nr",
                                                "t.series_years",
                                                "t.md5sum"
                                            ],
                                            "Workers": [
                                                {
                                                    "Worker Number": 0,
                                                    "Actual Startup Time": 0.021,
                                                    "Actual Total Time": 83.566,
                                                    "Actual Rows": 457668,
                                                    "Actual Loops": 1
                                                },
                                                {
                                                    "Worker Number": 1,
                                                    "Actual Startup Time": 0.016,
                                                    "Actual Total Time": 83.27,
                                                    "Actual Rows": 471654,
                                                    "Actual Loops": 1
                                                },
                                                {
                                                    "Worker Number": 2,
                                                    "Actual Startup Time": 0.009,
                                                    "Actual Total Time": 83.578,
                                                    "Actual Rows": 465670,
                                                    "Actual Loops": 1
                                                },
                                                {
                                                    "Worker Number": 3,
                                                    "Actual Startup Time": 0.01,
                                                    "Actual Total Time": 83.16,
                                                    "Actual Rows": 471323,
                                                    "Actual Loops": 1
                                                }
                                            ]
                                        },
                                        {
                                            "Node Type": "Hash",
                                            "Parent Relationship": "Inner",
                                            "Parallel Aware": true,
                                            "Startup Cost": 44188.52,
                                            "Total Cost": 44188.52,
                                            "Plan Rows": 10144,
                                            "Plan Width": 8,
                                            "Actual Startup Time": 113.625,
                                            "Actual Total Time": 113.63,
                                            "Actual Rows": 2997,
                                            "Actual Loops": 5,
                                            "Output": [
                                                "mi_idx.movie_id",
                                                "mk.movie_id"
                                            ],
                                            "Hash Buckets": 32768,
                                            "Original Hash Buckets": 32768,
                                            "Hash Batches": 1,
                                            "Original Hash Batches": 1,
                                            "Peak Memory Usage": 896,
                                            "Workers": [
                                                {
                                                    "Worker Number": 0,
                                                    "Actual Startup Time": 111.645,
                                                    "Actual Total Time": 111.651,
                                                    "Actual Rows": 2354,
                                                    "Actual Loops": 1
                                                },
                                                {
                                                    "Worker Number": 1,
                                                    "Actual Startup Time": 112.012,
                                                    "Actual Total Time": 112.016,
                                                    "Actual Rows": 2578,
                                                    "Actual Loops": 1
                                                },
                                                {
                                                    "Worker Number": 2,
                                                    "Actual Startup Time": 112.177,
                                                    "Actual Total Time": 112.182,
                                                    "Actual Rows": 2295,
                                                    "Actual Loops": 1
                                                },
                                                {
                                                    "Worker Number": 3,
                                                    "Actual Startup Time": 112.563,
                                                    "Actual Total Time": 112.566,
                                                    "Actual Rows": 2421,
                                                    "Actual Loops": 1
                                                }
                                            ],
                                            "Plans": [
                                                {
                                                    "Node Type": "Hash Join",
                                                    "Parent Relationship": "Outer",
                                                    "Parallel Aware": true,
                                                    "Join Type": "Inner",
                                                    "Startup Cost": 18223.68,
                                                    "Total Cost": 44188.52,
                                                    "Plan Rows": 10144,
                                                    "Plan Width": 8,
                                                    "Actual Startup Time": 93.395,
                                                    "Actual Total Time": 111.87,
                                                    "Actual Rows": 2997,
                                                    "Actual Loops": 5,
                                                    "Output": [
                                                        "mi_idx.movie_id",
                                                        "mk.movie_id"
                                                    ],
                                                    "Inner Unique": false,
                                                    "Hash Cond": "(mk.movie_id = mi_idx.movie_id)",
                                                    "Workers": [
                                                        {
                                                            "Worker Number": 0,
                                                            "Actual Startup Time": 91.435,
                                                            "Actual Total Time": 110.417,
                                                            "Actual Rows": 2354,
                                                            "Actual Loops": 1
                                                        },
                                                        {
                                                            "Worker Number": 1,
                                                            "Actual Startup Time": 91.717,
                                                            "Actual Total Time": 110.229,
                                                            "Actual Rows": 2578,
                                                            "Actual Loops": 1
                                                        },
                                                        {
                                                            "Worker Number": 2,
                                                            "Actual Startup Time": 91.958,
                                                            "Actual Total Time": 110.534,
                                                            "Actual Rows": 2295,
                                                            "Actual Loops": 1
                                                        },
                                                        {
                                                            "Worker Number": 3,
                                                            "Actual Startup Time": 92.254,
                                                            "Actual Total Time": 110.817,
                                                            "Actual Rows": 2421,
                                                            "Actual Loops": 1
                                                        }
                                                    ],
                                                    "Plans": [
                                                        {
                                                            "Node Type": "Bitmap Heap Scan",
                                                            "Parent Relationship": "Outer",
                                                            "Parallel Aware": true,
                                                            "Relation Name": "movie_keyword",
                                                            "Schema": "public",
                                                            "Alias": "mk",
                                                            "Startup Cost": 711.57,
                                                            "Total Cost": 26593.71,
                                                            "Plan Rows": 10786,
                                                            "Plan Width": 4,
                                                            "Actual Startup Time": 6.194,
                                                            "Actual Total Time": 20.403,
                                                            "Actual Rows": 5326,
                                                            "Actual Loops": 5,
                                                            "Output": [
                                                                "mk.id",
                                                                "mk.movie_id",
                                                                "mk.keyword_id"
                                                            ],
                                                            "Recheck Cond": "(mk.keyword_id < 22)",
                                                            "Rows Removed by Index Recheck": 0,
                                                            "Exact Heap Blocks": 3656,
                                                            "Lossy Heap Blocks": 0,
                                                            "Workers": [
                                                                {
                                                                    "Worker Number": 0,
                                                                    "Actual Startup Time": 6.155,
                                                                    "Actual Total Time": 20.913,
                                                                    "Actual Rows": 4149,
                                                                    "Actual Loops": 1
                                                                },
                                                                {
                                                                    "Worker Number": 1,
                                                                    "Actual Startup Time": 6.172,
                                                                    "Actual Total Time": 20.832,
                                                                    "Actual Rows": 4485,
                                                                    "Actual Loops": 1
                                                                },
                                                                {
                                                                    "Worker Number": 2,
                                                                    "Actual Startup Time": 6.224,
                                                                    "Actual Total Time": 20.956,
                                                                    "Actual Rows": 4098,
                                                                    "Actual Loops": 1
                                                                },
                                                                {
                                                                    "Worker Number": 3,
                                                                    "Actual Startup Time": 6.174,
                                                                    "Actual Total Time": 21.001,
                                                                    "Actual Rows": 4348,
                                                                    "Actual Loops": 1
                                                                }
                                                            ],
                                                            "Plans": [
                                                                {
                                                                    "Node Type": "Bitmap Index Scan",
                                                                    "Parent Relationship": "Outer",
                                                                    "Parallel Aware": false,
                                                                    "Index Name": "keyword_id_movie_keyword",
                                                                    "Startup Cost": 0.0,
                                                                    "Total Cost": 703.21,
                                                                    "Plan Rows": 33437,
                                                                    "Plan Width": 0,
                                                                    "Actual Startup Time": 4.13,
                                                                    "Actual Total Time": 4.131,
                                                                    "Actual Rows": 26630,
                                                                    "Actual Loops": 1,
                                                                    "Index Cond": "(mk.keyword_id < 22)",
                                                                    "Workers": [
                                                                        {
                                                                            "Worker Number": 0,
                                                                            "Actual Startup Time": 4.13,
                                                                            "Actual Total Time": 4.131,
                                                                            "Actual Rows": 26630,
                                                                            "Actual Loops": 1
                                                                        }
                                                                    ]
                                                                }
                                                            ]
                                                        },
                                                        {
                                                            "Node Type": "Hash",
                                                            "Parent Relationship": "Inner",
                                                            "Parallel Aware": true,
                                                            "Startup Cost": 15122.68,
                                                            "Total Cost": 15122.68,
                                                            "Plan Rows": 191154,
                                                            "Plan Width": 4,
                                                            "Actual Startup Time": 85.349,
                                                            "Actual Total Time": 85.35,
                                                            "Actual Rows": 91985,
                                                            "Actual Loops": 5,
                                                            "Output": [
                                                                "mi_idx.movie_id"
                                                            ],
                                                            "Hash Buckets": 524288,
                                                            "Original Hash Buckets": 524288,
                                                            "Hash Batches": 1,
                                                            "Original Hash Batches": 1,
                                                            "Peak Memory Usage": 22176,
                                                            "Workers": [
                                                                {
                                                                    "Worker Number": 0,
                                                                    "Actual Startup Time": 85.211,
                                                                    "Actual Total Time": 85.213,
                                                                    "Actual Rows": 85572,
                                                                    "Actual Loops": 1
                                                                },
                                                                {
                                                                    "Worker Number": 1,
                                                                    "Actual Startup Time": 85.451,
                                                                    "Actual Total Time": 85.452,
                                                                    "Actual Rows": 89516,
                                                                    "Actual Loops": 1
                                                                },
                                                                {
                                                                    "Worker Number": 2,
                                                                    "Actual Startup Time": 85.634,
                                                                    "Actual Total Time": 85.635,
                                                                    "Actual Rows": 86446,
                                                                    "Actual Loops": 1
                                                                },
                                                                {
                                                                    "Worker Number": 3,
                                                                    "Actual Startup Time": 85.986,
                                                                    "Actual Total Time": 85.986,
                                                                    "Actual Rows": 89164,
                                                                    "Actual Loops": 1
                                                                }
                                                            ],
                                                            "Plans": [
                                                                {
                                                                    "Node Type": "Seq Scan",
                                                                    "Parent Relationship": "Outer",
                                                                    "Parallel Aware": true,
                                                                    "Relation Name": "movie_info_idx",
                                                                    "Schema": "public",
                                                                    "Alias": "mi_idx",
                                                                    "Startup Cost": 0.0,
                                                                    "Total Cost": 15122.68,
                                                                    "Plan Rows": 191154,
                                                                    "Plan Width": 4,
                                                                    "Actual Startup Time": 0.066,
                                                                    "Actual Total Time": 45.185,
                                                                    "Actual Rows": 91985,
                                                                    "Actual Loops": 5,
                                                                    "Output": [
                                                                        "mi_idx.movie_id"
                                                                    ],
                                                                    "Filter": "(mi_idx.info_type_id < 100)",
                                                                    "Rows Removed by Filter": 184022,
                                                                    "Workers": [
                                                                        {
                                                                            "Worker Number": 0,
                                                                            "Actual Startup Time": 0.064,
                                                                            "Actual Total Time": 45.611,
                                                                            "Actual Rows": 85572,
                                                                            "Actual Loops": 1
                                                                        },
                                                                        {
                                                                            "Worker Number": 1,
                                                                            "Actual Startup Time": 0.071,
                                                                            "Actual Total Time": 46.231,
                                                                            "Actual Rows": 89516,
                                                                            "Actual Loops": 1
                                                                        },
                                                                        {
                                                                            "Worker Number": 2,
                                                                            "Actual Startup Time": 0.073,
                                                                            "Actual Total Time": 45.567,
                                                                            "Actual Rows": 86446,
                                                                            "Actual Loops": 1
                                                                        },
                                                                        {
                                                                            "Worker Number": 3,
                                                                            "Actual Startup Time": 0.093,
                                                                            "Actual Total Time": 46.365,
                                                                            "Actual Rows": 89164,
                                                                            "Actual Loops": 1
                                                                        }
                                                                    ]
                                                                }
                                                            ]
                                                        }
                                                    ]
                                                }
                                            ]
                                        }
                                    ]
                                }
                            ]
                        }
                    ]
                }
            ]
        },
        "Planning Time": 998.66,
        "Triggers": [],
        "Execution Time": 289.253
    }
]