{
  "Plan": {
    "Node Type": "Aggregate",
    "Strategy": "Plain",
    "Partial Mode": "Simple",
    "Parallel Aware": false,
    "Startup Cost": 1227.66,
    "Total Cost": 1227.67,
    "Plan Rows": 1,
    "Plan Width": 8,
    "Actual Startup Time": 67.876,
    "Actual Total Time": 67.877,
    "Actual Rows": 1,
    "Actual Loops": 1,
    "Plans": [
      {
        "Node Type": "Nested Loop",
        "Parent Relationship": "Outer",
        "Parallel Aware": false,
        "Join Type": "Inner",
        "Startup Cost": 1.29,
        "Total Cost": 1227.37,
        "Plan Rows": 116,
        "Plan Width": 0,
        "Actual Startup Time": 0.155,
        "Actual Total Time": 65.914,
        "Actual Rows": 24375,
        "Actual Loops": 1,
        "Inner Unique": false,
        "Plans": [
          {
            "Node Type": "Nested Loop",
            "Parent Relationship": "Outer",
            "Parallel Aware": false,
            "Join Type": "Inner",
            "Startup Cost": 0.86,
            "Total Cost": 1143.92,
            "Plan Rows": 31,
            "Plan Width": 8,
            "Actual Startup Time": 0.125,
            "Actual Total Time": 14.531,
            "Actual Rows": 1775,
            "Actual Loops": 1,
            "Inner Unique": true,
            "Plans": [
              {
                "Node Type": "Index Scan",
                "Parent Relationship": "Outer",
                "Parallel Aware": false,
                "Scan Direction": "Forward",
                "Index Name": "company_id_movie_companies",
                "Relation Name": "movie_companies",
                "Alias": "mc",
                "Startup Cost": 0.43,
                "Total Cost": 273.57,
                "Plan Rows": 103,
                "Plan Width": 4,
                "Actual Startup Time": 0.1,
                "Actual Total Time": 3.452,
                "Actual Rows": 1776,
                "Actual Loops": 1,
                "Index Cond": "(company_id = 11153)",
                "Rows Removed by Index Recheck": 0
              },
              {
                "Node Type": "Index Scan",
                "Parent Relationship": "Inner",
                "Parallel Aware": false,
                "Scan Direction": "Forward",
                "Index Name": "title_pkey",
                "Relation Name": "title",
                "Alias": "t",
                "Startup Cost": 0.43,
                "Total Cost": 8.45,
                "Plan Rows": 1,
                "Plan Width": 4,
                "Actual Startup Time": 0.006,
                "Actual Total Time": 0.006,
                "Actual Rows": 1,
                "Actual Loops": 1776,
                "Index Cond": "(id = mc.movie_id)",
                "Rows Removed by Index Recheck": 0,
                "Filter": "(kind_id < 3)",
                "Rows Removed by Filter": 0
              }
            ]
          },
          {
            "Node Type": "Index Scan",
            "Parent Relationship": "Inner",
            "Parallel Aware": false,
            "Scan Direction": "Forward",
            "Index Name": "movie_id_movie_info",
            "Relation Name": "movie_info",
            "Alias": "mi",
            "Startup Cost": 0.43,
            "Total Cost": 2.42,
            "Plan Rows": 27,
            "Plan Width": 4,
            "Actual Startup Time": 0.008,
            "Actual Total Time": 0.027,
            "Actual Rows": 14,
            "Actual Loops": 1775,
            "Index Cond": "(movie_id = t.id)",
            "Rows Removed by Index Recheck": 0,
            "Filter": "(info_type_id < 16)",
            "Rows Removed by Filter": 7
          }
        ]
      }
    ]
  },
  "Planning Time": 0.873,
  "Triggers": [],
  "Execution Time": 67.933
}