[
  {
    "Plan": {
      "Node Type": "Aggregate",
      "Strategy": "Plain",
      "Partial Mode": "Finalize",
      "Parallel Aware": false,
      "Startup Cost": 241408.31,
      "Total Cost": 241408.32,
      "Plan Rows": 1,
      "Plan Width": 8,
      "Actual Startup Time": 1602.326,
      "Actual Total Time": 1641.299,
      "Actual Rows": 1,
      "Actual Loops": 1,
      "Plans": [
        {
          "Node Type": "Gather",
          "Parent Relationship": "Outer",
          "Parallel Aware": false,
          "Startup Cost": 241407.99,
          "Total Cost": 241408.3,
          "Plan Rows": 3,
          "Plan Width": 8,
          "Actual Startup Time": 1594.588,
          "Actual Total Time": 1641.29,
          "Actual Rows": 4,
          "Actual Loops": 1,
          "Workers Planned": 3,
          "Workers Launched": 3,
          "Single Copy": false,
          "Plans": [
            {
              "Node Type": "Aggregate",
              "Strategy": "Plain",
              "Partial Mode": "Partial",
              "Parent Relationship": "Outer",
              "Parallel Aware": false,
              "Startup Cost": 240407.99,
              "Total Cost": 240408.0,
              "Plan Rows": 1,
              "Plan Width": 8,
              "Actual Startup Time": 1586.908,
              "Actual Total Time": 1586.912,
              "Actual Rows": 1,
              "Actual Loops": 4,
              "Plans": [
                {
                  "Node Type": "Nested Loop",
                  "Parent Relationship": "Outer",
                  "Parallel Aware": false,
                  "Join Type": "Inner",
                  "Startup Cost": 56793.32,
                  "Total Cost": 240339.71,
                  "Plan Rows": 27311,
                  "Plan Width": 0,
                  "Actual Startup Time": 350.223,
                  "Actual Total Time": 1575.953,
                  "Actual Rows": 184985,
                  "Actual Loops": 4,
                  "Inner Unique": false,
                  "Plans": [
                    {
                      "Node Type": "Hash Join",
                      "Parent Relationship": "Outer",
                      "Parallel Aware": true,
                      "Join Type": "Inner",
                      "Startup Cost": 56792.89,
                      "Total Cost": 82758.22,
                      "Plan Rows": 99923,
                      "Plan Width": 8,
                      "Actual Startup Time": 350.089,
                      "Actual Total Time": 418.311,
                      "Actual Rows": 76742,
                      "Actual Loops": 4,
                      "Inner Unique": true,
                      "Hash Cond": "(mk.movie_id = t.id)",
                      "Plans": [
                        {
                          "Node Type": "Bitmap Heap Scan",
                          "Parent Relationship": "Outer",
                          "Parallel Aware": true,
                          "Relation Name": "movie_keyword",
                          "Alias": "mk",
                          "Startup Cost": 6573.08,
                          "Total Cost": 32276.12,
                          "Plan Rows": 99923,
                          "Plan Width": 4,
                          "Actual Startup Time": 28.581,
                          "Actual Total Time": 63.181,
                          "Actual Rows": 76742,
                          "Actual Loops": 4,
                          "Recheck Cond": "(keyword_id > 52966)",
                          "Rows Removed by Index Recheck": 0,
                          "Exact Heap Blocks": 6666,
                          "Lossy Heap Blocks": 0,
                          "Plans": [
                            {
                              "Node Type": "Bitmap Index Scan",
                              "Parent Relationship": "Outer",
                              "Parallel Aware": false,
                              "Index Name": "keyword_id_movie_keyword",
                              "Startup Cost": 0.0,
                              "Total Cost": 6495.64,
                              "Plan Rows": 309761,
                              "Plan Width": 0,
                              "Actual Startup Time": 25.389,
                              "Actual Total Time": 25.389,
                              "Actual Rows": 306968,
                              "Actual Loops": 1,
                              "Index Cond": "(keyword_id > 52966)"
                            }
                          ]
                        },
                        {
                          "Node Type": "Hash",
                          "Parent Relationship": "Inner",
                          "Parallel Aware": true,
                          "Startup Cost": 42318.81,
                          "Total Cost": 42318.81,
                          "Plan Rows": 632080,
                          "Plan Width": 4,
                          "Actual Startup Time": 314.957,
                          "Actual Total Time": 314.957,
                          "Actual Rows": 632078,
                          "Actual Loops": 4,
                          "Hash Buckets": 4194304,
                          "Original Hash Buckets": 4194304,
                          "Hash Batches": 1,
                          "Original Hash Batches": 1,
                          "Peak Memory Usage": 131744,
                          "Plans": [
                            {
                              "Node Type": "Seq Scan",
                              "Parent Relationship": "Outer",
                              "Parallel Aware": true,
                              "Relation Name": "title",
                              "Alias": "t",
                              "Startup Cost": 0.0,
                              "Total Cost": 42318.81,
                              "Plan Rows": 632080,
                              "Plan Width": 4,
                              "Actual Startup Time": 0.019,
                              "Actual Total Time": 93.834,
                              "Actual Rows": 632078,
                              "Actual Loops": 4
                            }
                          ]
                        }
                      ]
                    },
                    {
                      "Node Type": "Index Scan",
                      "Parent Relationship": "Inner",
                      "Parallel Aware": false,
                      "Scan Direction": "Forward",
                      "Index Name": "movie_id_movie_info",
                      "Relation Name": "movie_info",
                      "Alias": "mi",
                      "Startup Cost": 0.43,
                      "Total Cost": 1.56,
                      "Plan Rows": 2,
                      "Plan Width": 4,
                      "Actual Startup Time": 0.006,
                      "Actual Total Time": 0.015,
                      "Actual Rows": 2,
                      "Actual Loops": 306968,
                      "Index Cond": "(movie_id = t.id)",
                      "Rows Removed by Index Recheck": 0,
                      "Filter": "(info_type_id = 18)",
                      "Rows Removed by Filter": 55
                    }
                  ]
                }
              ]
            }
          ]
        }
      ]
    },
    "Planning Time": 0.426,
    "Triggers": [],
    "Execution Time": 1641.352
  }
]