[
  {
    "Plan": {
      "Node Type": "Aggregate",
      "Strategy": "Plain",
      "Partial Mode": "Finalize",
      "Parallel Aware": false,
      "Startup Cost": 32974.99,
      "Total Cost": 32975.0,
      "Plan Rows": 1,
      "Plan Width": 8,
      "Actual Startup Time": 91.226,
      "Actual Total Time": 98.823,
      "Actual Rows": 1,
      "Actual Loops": 1,
      "Plans": [
        {
          "Node Type": "Gather",
          "Parent Relationship": "Outer",
          "Parallel Aware": false,
          "Startup Cost": 32974.67,
          "Total Cost": 32974.98,
          "Plan Rows": 3,
          "Plan Width": 8,
          "Actual Startup Time": 91.104,
          "Actual Total Time": 98.814,
          "Actual Rows": 4,
          "Actual Loops": 1,
          "Workers Planned": 3,
          "Workers Launched": 3,
          "Single Copy": false,
          "Plans": [
            {
              "Node Type": "Aggregate",
              "Strategy": "Plain",
              "Partial Mode": "Partial",
              "Parent Relationship": "Outer",
              "Parallel Aware": false,
              "Startup Cost": 31974.67,
              "Total Cost": 31974.68,
              "Plan Rows": 1,
              "Plan Width": 8,
              "Actual Startup Time": 84.334,
              "Actual Total Time": 84.335,
              "Actual Rows": 1,
              "Actual Loops": 4,
              "Plans": [
                {
                  "Node Type": "Seq Scan",
                  "Parent Relationship": "Outer",
                  "Parallel Aware": true,
                  "Relation Name": "movie_companies",
                  "Alias": "mc",
                  "Startup Cost": 0.0,
                  "Total Cost": 31414.82,
                  "Plan Rows": 223941,
                  "Plan Width": 0,
                  "Actual Startup Time": 45.682,
                  "Actual Total Time": 78.965,
                  "Actual Rows": 110936,
                  "Actual Loops": 4,
                  "Filter": "((company_id < 11763) AND (company_type_id > 1))",
                  "Rows Removed by Filter": 541346
                }
              ]
            }
          ]
        }
      ]
    },
    "Planning Time": 0.116,
    "Triggers": [],
    "Execution Time": 98.854
  }
]