[
  {
    "Plan": {
      "Node Type": "Aggregate",
      "Strategy": "Plain",
      "Partial Mode": "Finalize",
      "Parallel Aware": false,
      "Startup Cost": 23034.48,
      "Total Cost": 23034.49,
      "Plan Rows": 1,
      "Plan Width": 8,
      "Actual Startup Time": 47.77,
      "Actual Total Time": 51.8,
      "Actual Rows": 1,
      "Actual Loops": 1,
      "Plans": [
        {
          "Node Type": "Gather",
          "Parent Relationship": "Outer",
          "Parallel Aware": false,
          "Startup Cost": 23034.17,
          "Total Cost": 23034.48,
          "Plan Rows": 3,
          "Plan Width": 8,
          "Actual Startup Time": 47.582,
          "Actual Total Time": 51.792,
          "Actual Rows": 4,
          "Actual Loops": 1,
          "Workers Planned": 3,
          "Workers Launched": 3,
          "Single Copy": false,
          "Plans": [
            {
              "Node Type": "Aggregate",
              "Strategy": "Plain",
              "Partial Mode": "Partial",
              "Parent Relationship": "Outer",
              "Parallel Aware": false,
              "Startup Cost": 22034.17,
              "Total Cost": 22034.18,
              "Plan Rows": 1,
              "Plan Width": 8,
              "Actual Startup Time": 40.744,
              "Actual Total Time": 40.745,
              "Actual Rows": 1,
              "Actual Loops": 4,
              "Plans": [
                {
                  "Node Type": "Bitmap Heap Scan",
                  "Parent Relationship": "Outer",
                  "Parallel Aware": true,
                  "Relation Name": "movie_companies",
                  "Alias": "mc",
                  "Startup Cost": 2652.34,
                  "Total Cost": 21935.53,
                  "Plan Rows": 39455,
                  "Plan Width": 0,
                  "Actual Startup Time": 13.835,
                  "Actual Total Time": 37.519,
                  "Actual Rows": 29432,
                  "Actual Loops": 4,
                  "Recheck Cond": "(company_id > 147599)",
                  "Rows Removed by Index Recheck": 0,
                  "Exact Heap Blocks": 1892,
                  "Lossy Heap Blocks": 0,
                  "Plans": [
                    {
                      "Node Type": "Bitmap Index Scan",
                      "Parent Relationship": "Outer",
                      "Parallel Aware": false,
                      "Index Name": "company_id_movie_companies",
                      "Startup Cost": 0.0,
                      "Total Cost": 2621.76,
                      "Plan Rows": 122311,
                      "Plan Width": 0,
                      "Actual Startup Time": 18.454,
                      "Actual Total Time": 18.454,
                      "Actual Rows": 117726,
                      "Actual Loops": 1,
                      "Index Cond": "(company_id > 147599)"
                    }
                  ]
                }
              ]
            }
          ]
        }
      ]
    },
    "Planning Time": 0.203,
    "Triggers": [],
    "Execution Time": 51.887
  }
]