[
  {
    "Plan": {
      "Node Type": "Aggregate",
      "Strategy": "Plain",
      "Partial Mode": "Finalize",
      "Parallel Aware": false,
      "Startup Cost": 33142.16,
      "Total Cost": 33142.17,
      "Plan Rows": 1,
      "Plan Width": 8,
      "Actual Startup Time": 110.048,
      "Actual Total Time": 119.439,
      "Actual Rows": 1,
      "Actual Loops": 1,
      "Plans": [
        {
          "Node Type": "Gather",
          "Parent Relationship": "Outer",
          "Parallel Aware": false,
          "Startup Cost": 33141.84,
          "Total Cost": 33142.15,
          "Plan Rows": 3,
          "Plan Width": 8,
          "Actual Startup Time": 109.927,
          "Actual Total Time": 119.427,
          "Actual Rows": 4,
          "Actual Loops": 1,
          "Workers Planned": 3,
          "Workers Launched": 3,
          "Single Copy": false,
          "Plans": [
            {
              "Node Type": "Aggregate",
              "Strategy": "Plain",
              "Partial Mode": "Partial",
              "Parent Relationship": "Outer",
              "Parallel Aware": false,
              "Startup Cost": 32141.84,
              "Total Cost": 32141.85,
              "Plan Rows": 1,
              "Plan Width": 8,
              "Actual Startup Time": 101.313,
              "Actual Total Time": 101.314,
              "Actual Rows": 1,
              "Actual Loops": 4,
              "Plans": [
                {
                  "Node Type": "Seq Scan",
                  "Parent Relationship": "Outer",
                  "Parallel Aware": true,
                  "Relation Name": "movie_companies",
                  "Alias": "mc",
                  "Startup Cost": 0.0,
                  "Total Cost": 31414.82,
                  "Plan Rows": 290809,
                  "Plan Width": 0,
                  "Actual Startup Time": 1.079,
                  "Actual Total Time": 90.684,
                  "Actual Rows": 184274,
                  "Actual Loops": 4,
                  "Filter": "((company_id > 1575) AND (company_type_id < 2))",
                  "Rows Removed by Filter": 468008
                }
              ]
            }
          ]
        }
      ]
    },
    "Planning Time": 0.191,
    "Triggers": [],
    "Execution Time": 119.491
  }
]