[
  {
    "Plan": {
      "Node Type": "Aggregate",
      "Strategy": "Plain",
      "Partial Mode": "Finalize",
      "Parallel Aware": false,
      "Startup Cost": 79206.35,
      "Total Cost": 79206.36,
      "Plan Rows": 1,
      "Plan Width": 8,
      "Actual Startup Time": 359.504,
      "Actual Total Time": 377.198,
      "Actual Rows": 1,
      "Actual Loops": 1,
      "Plans": [
        {
          "Node Type": "Gather",
          "Parent Relationship": "Outer",
          "Parallel Aware": false,
          "Startup Cost": 79206.03,
          "Total Cost": 79206.34,
          "Plan Rows": 3,
          "Plan Width": 8,
          "Actual Startup Time": 357.432,
          "Actual Total Time": 377.185,
          "Actual Rows": 4,
          "Actual Loops": 1,
          "Workers Planned": 3,
          "Workers Launched": 3,
          "Single Copy": false,
          "Plans": [
            {
              "Node Type": "Aggregate",
              "Strategy": "Plain",
              "Partial Mode": "Partial",
              "Parent Relationship": "Outer",
              "Parallel Aware": false,
              "Startup Cost": 78206.03,
              "Total Cost": 78206.04,
              "Plan Rows": 1,
              "Plan Width": 8,
              "Actual Startup Time": 351.085,
              "Actual Total Time": 351.089,
              "Actual Rows": 1,
              "Actual Loops": 4,
              "Plans": [
                {
                  "Node Type": "Hash Join",
                  "Parent Relationship": "Outer",
                  "Parallel Aware": true,
                  "Join Type": "Inner",
                  "Startup Cost": 46832.64,
                  "Total Cost": 77916.8,
                  "Plan Rows": 115695,
                  "Plan Width": 0,
                  "Actual Startup Time": 164.054,
                  "Actual Total Time": 344.44,
                  "Actual Rows": 141244,
                  "Actual Loops": 4,
                  "Inner Unique": true,
                  "Hash Cond": "(mc.movie_id = t.id)",
                  "Plans": [
                    {
                      "Node Type": "Seq Scan",
                      "Parent Relationship": "Outer",
                      "Parallel Aware": true,
                      "Relation Name": "movie_companies",
                      "Alias": "mc",
                      "Startup Cost": 0.0,
                      "Total Cost": 29310.68,
                      "Plan Rows": 675611,
                      "Plan Width": 4,
                      "Actual Startup Time": 0.112,
                      "Actual Total Time": 85.923,
                      "Actual Rows": 525710,
                      "Actual Loops": 4,
                      "Filter": "(company_id > 460)",
                      "Rows Removed by Filter": 126572
                    },
                    {
                      "Node Type": "Hash",
                      "Parent Relationship": "Inner",
                      "Parallel Aware": true,
                      "Startup Cost": 45479.59,
                      "Total Cost": 45479.59,
                      "Plan Rows": 108244,
                      "Plan Width": 4,
                      "Actual Startup Time": 161.169,
                      "Actual Total Time": 161.171,
                      "Actual Rows": 92062,
                      "Actual Loops": 4,
                      "Hash Buckets": 524288,
                      "Original Hash Buckets": 524288,
                      "Hash Batches": 1,
                      "Original Hash Batches": 1,
                      "Peak Memory Usage": 18592,
                      "Plans": [
                        {
                          "Node Type": "Seq Scan",
                          "Parent Relationship": "Outer",
                          "Parallel Aware": true,
                          "Relation Name": "title",
                          "Alias": "t",
                          "Startup Cost": 0.0,
                          "Total Cost": 45479.59,
                          "Plan Rows": 108244,
                          "Plan Width": 4,
                          "Actual Startup Time": 0.044,
                          "Actual Total Time": 121.771,
                          "Actual Rows": 92062,
                          "Actual Loops": 4,
                          "Filter": "((kind_id < 7) AND (production_year > 2004))",
                          "Rows Removed by Filter": 540016
                        }
                      ]
                    }
                  ]
                }
              ]
            }
          ]
        }
      ]
    },
    "Planning Time": 0.407,
    "Triggers": [],
    "Execution Time": 377.246
  }
]