[
  {
    "Plan": {
      "Node Type": "Aggregate",
      "Strategy": "Plain",
      "Partial Mode": "Finalize",
      "Parallel Aware": false,
      "Startup Cost": 218987.51,
      "Total Cost": 218987.52,
      "Plan Rows": 1,
      "Plan Width": 8,
      "Actual Startup Time": 213.453,
      "Actual Total Time": 224.528,
      "Actual Rows": 1,
      "Actual Loops": 1,
      "Plans": [
        {
          "Node Type": "Gather",
          "Parent Relationship": "Outer",
          "Parallel Aware": false,
          "Startup Cost": 218986.98,
          "Total Cost": 218987.49,
          "Plan Rows": 5,
          "Plan Width": 8,
          "Actual Startup Time": 207.845,
          "Actual Total Time": 224.519,
          "Actual Rows": 6,
          "Actual Loops": 1,
          "Workers Planned": 5,
          "Workers Launched": 5,
          "Single Copy": false,
          "Plans": [
            {
              "Node Type": "Aggregate",
              "Strategy": "Plain",
              "Partial Mode": "Partial",
              "Parent Relationship": "Outer",
              "Parallel Aware": false,
              "Startup Cost": 217986.98,
              "Total Cost": 217986.99,
              "Plan Rows": 1,
              "Plan Width": 8,
              "Actual Startup Time": 197.573,
              "Actual Total Time": 197.577,
              "Actual Rows": 1,
              "Actual Loops": 6,
              "Plans": [
                {
                  "Node Type": "Hash Join",
                  "Parent Relationship": "Outer",
                  "Parallel Aware": true,
                  "Join Type": "Inner",
                  "Startup Cost": 54507.1,
                  "Total Cost": 217925.19,
                  "Plan Rows": 24717,
                  "Plan Width": 0,
                  "Actual Startup Time": 166.316,
                  "Actual Total Time": 195.187,
                  "Actual Rows": 49199,
                  "Actual Loops": 6,
                  "Inner Unique": true,
                  "Hash Cond": "(mi.movie_id = t.id)",
                  "Plans": [
                    {
                      "Node Type": "Bitmap Heap Scan",
                      "Parent Relationship": "Outer",
                      "Parallel Aware": true,
                      "Relation Name": "movie_info",
                      "Alias": "mi",
                      "Startup Cost": 8535.51,
                      "Total Cost": 171706.27,
                      "Plan Rows": 94221,
                      "Plan Width": 4,
                      "Actual Startup Time": 16.935,
                      "Actual Total Time": 29.842,
                      "Actual Rows": 79074,
                      "Actual Loops": 6,
                      "Recheck Cond": "(info_type_id = 6)",
                      "Rows Removed by Index Recheck": 0,
                      "Exact Heap Blocks": 642,
                      "Lossy Heap Blocks": 0,
                      "Plans": [
                        {
                          "Node Type": "Bitmap Index Scan",
                          "Parent Relationship": "Outer",
                          "Parallel Aware": false,
                          "Index Name": "info_type_id_movie_info",
                          "Startup Cost": 0.0,
                          "Total Cost": 8417.73,
                          "Plan Rows": 471106,
                          "Plan Width": 0,
                          "Actual Startup Time": 16.366,
                          "Actual Total Time": 16.367,
                          "Actual Rows": 474443,
                          "Actual Loops": 1,
                          "Index Cond": "(info_type_id = 6)"
                        }
                      ]
                    },
                    {
                      "Node Type": "Hash",
                      "Parent Relationship": "Inner",
                      "Parallel Aware": true,
                      "Startup Cost": 43898.92,
                      "Total Cost": 43898.92,
                      "Plan Rows": 165814,
                      "Plan Width": 4,
                      "Actual Startup Time": 132.49,
                      "Actual Total Time": 132.49,
                      "Actual Rows": 110471,
                      "Actual Loops": 6,
                      "Hash Buckets": 1048576,
                      "Original Hash Buckets": 1048576,
                      "Hash Batches": 1,
                      "Original Hash Batches": 1,
                      "Peak Memory Usage": 34176,
                      "Plans": [
                        {
                          "Node Type": "Seq Scan",
                          "Parent Relationship": "Outer",
                          "Parallel Aware": true,
                          "Relation Name": "title",
                          "Alias": "t",
                          "Startup Cost": 0.0,
                          "Total Cost": 43898.92,
                          "Plan Rows": 165814,
                          "Plan Width": 4,
                          "Actual Startup Time": 44.675,
                          "Actual Total Time": 85.999,
                          "Actual Rows": 110471,
                          "Actual Loops": 6,
                          "Filter": "(kind_id = 1)",
                          "Rows Removed by Filter": 310914
                        }
                      ]
                    }
                  ]
                }
              ]
            }
          ]
        }
      ]
    },
    "Planning Time": 0.62,
    "Triggers": [],
    "Execution Time": 224.618
  }
]