[
  {
    "Plan": {
      "Node Type": "Aggregate",
      "Strategy": "Plain",
      "Partial Mode": "Finalize",
      "Parallel Aware": false,
      "Startup Cost": 39602.37,
      "Total Cost": 39602.38,
      "Plan Rows": 1,
      "Plan Width": 8,
      "Actual Startup Time": 135.605,
      "Actual Total Time": 143.578,
      "Actual Rows": 1,
      "Actual Loops": 1,
      "Plans": [
        {
          "Node Type": "Gather",
          "Parent Relationship": "Outer",
          "Parallel Aware": false,
          "Startup Cost": 39602.05,
          "Total Cost": 39602.36,
          "Plan Rows": 3,
          "Plan Width": 8,
          "Actual Startup Time": 135.372,
          "Actual Total Time": 143.568,
          "Actual Rows": 4,
          "Actual Loops": 1,
          "Workers Planned": 3,
          "Workers Launched": 3,
          "Single Copy": false,
          "Plans": [
            {
              "Node Type": "Aggregate",
              "Strategy": "Plain",
              "Partial Mode": "Partial",
              "Parent Relationship": "Outer",
              "Parallel Aware": false,
              "Startup Cost": 38602.05,
              "Total Cost": 38602.06,
              "Plan Rows": 1,
              "Plan Width": 8,
              "Actual Startup Time": 126.106,
              "Actual Total Time": 126.108,
              "Actual Rows": 1,
              "Actual Loops": 4,
              "Plans": [
                {
                  "Node Type": "Bitmap Heap Scan",
                  "Parent Relationship": "Outer",
                  "Parallel Aware": true,
                  "Relation Name": "movie_keyword",
                  "Alias": "mk",
                  "Startup Cost": 11520.65,
                  "Total Cost": 38164.15,
                  "Plan Rows": 175160,
                  "Plan Width": 0,
                  "Actual Startup Time": 48.028,
                  "Actual Total Time": 118.521,
                  "Actual Rows": 131516,
                  "Actual Loops": 4,
                  "Recheck Cond": "(keyword_id > 34549)",
                  "Rows Removed by Index Recheck": 0,
                  "Exact Heap Blocks": 10115,
                  "Lossy Heap Blocks": 0,
                  "Plans": [
                    {
                      "Node Type": "Bitmap Index Scan",
                      "Parent Relationship": "Outer",
                      "Parallel Aware": false,
                      "Index Name": "keyword_id_movie_keyword",
                      "Startup Cost": 0.0,
                      "Total Cost": 11384.9,
                      "Plan Rows": 542996,
                      "Plan Width": 0,
                      "Actual Startup Time": 52.949,
                      "Actual Total Time": 52.949,
                      "Actual Rows": 526063,
                      "Actual Loops": 1,
                      "Index Cond": "(keyword_id > 34549)"
                    }
                  ]
                }
              ]
            }
          ]
        }
      ]
    },
    "Planning Time": 0.187,
    "Triggers": [],
    "Execution Time": 143.658
  }
]