[
  {
    "Plan": {
      "Node Type": "Aggregate",
      "Strategy": "Plain",
      "Partial Mode": "Finalize",
      "Parallel Aware": false,
      "Startup Cost": 32334.36,
      "Total Cost": 32334.37,
      "Plan Rows": 1,
      "Plan Width": 8,
      "Actual Startup Time": 99.911,
      "Actual Total Time": 107.316,
      "Actual Rows": 1,
      "Actual Loops": 1,
      "Plans": [
        {
          "Node Type": "Gather",
          "Parent Relationship": "Outer",
          "Parallel Aware": false,
          "Startup Cost": 32334.04,
          "Total Cost": 32334.35,
          "Plan Rows": 3,
          "Plan Width": 8,
          "Actual Startup Time": 99.681,
          "Actual Total Time": 107.309,
          "Actual Rows": 4,
          "Actual Loops": 1,
          "Workers Planned": 3,
          "Workers Launched": 3,
          "Single Copy": false,
          "Plans": [
            {
              "Node Type": "Aggregate",
              "Strategy": "Plain",
              "Partial Mode": "Partial",
              "Parent Relationship": "Outer",
              "Parallel Aware": false,
              "Startup Cost": 31334.04,
              "Total Cost": 31334.05,
              "Plan Rows": 1,
              "Plan Width": 8,
              "Actual Startup Time": 92.784,
              "Actual Total Time": 92.785,
              "Actual Rows": 1,
              "Actual Loops": 4,
              "Plans": [
                {
                  "Node Type": "Bitmap Heap Scan",
                  "Parent Relationship": "Outer",
                  "Parallel Aware": true,
                  "Relation Name": "movie_keyword",
                  "Alias": "mk",
                  "Startup Cost": 5602.55,
                  "Total Cost": 31121.13,
                  "Plan Rows": 85166,
                  "Plan Width": 0,
                  "Actual Startup Time": 31.297,
                  "Actual Total Time": 88.736,
                  "Actual Rows": 64214,
                  "Actual Loops": 4,
                  "Recheck Cond": "(keyword_id > 59853)",
                  "Rows Removed by Index Recheck": 0,
                  "Exact Heap Blocks": 11259,
                  "Lossy Heap Blocks": 0,
                  "Plans": [
                    {
                      "Node Type": "Bitmap Index Scan",
                      "Parent Relationship": "Outer",
                      "Parallel Aware": false,
                      "Index Name": "keyword_id_movie_keyword",
                      "Startup Cost": 0.0,
                      "Total Cost": 5536.55,
                      "Plan Rows": 264015,
                      "Plan Width": 0,
                      "Actual Startup Time": 32.922,
                      "Actual Total Time": 32.923,
                      "Actual Rows": 256855,
                      "Actual Loops": 1,
                      "Index Cond": "(keyword_id > 59853)"
                    }
                  ]
                }
              ]
            }
          ]
        }
      ]
    },
    "Planning Time": 0.178,
    "Triggers": [],
    "Execution Time": 107.39
  }
]