[
  {
    "Plan": {
      "Node Type": "Aggregate",
      "Strategy": "Plain",
      "Partial Mode": "Finalize",
      "Parallel Aware": false,
      "Startup Cost": 116443.03,
      "Total Cost": 116443.04,
      "Plan Rows": 1,
      "Plan Width": 8,
      "Actual Startup Time": 667.481,
      "Actual Total Time": 689.656,
      "Actual Rows": 1,
      "Actual Loops": 1,
      "Plans": [
        {
          "Node Type": "Gather",
          "Parent Relationship": "Outer",
          "Parallel Aware": false,
          "Startup Cost": 116442.71,
          "Total Cost": 116443.02,
          "Plan Rows": 3,
          "Plan Width": 8,
          "Actual Startup Time": 665.046,
          "Actual Total Time": 689.647,
          "Actual Rows": 4,
          "Actual Loops": 1,
          "Workers Planned": 3,
          "Workers Launched": 3,
          "Single Copy": false,
          "Plans": [
            {
              "Node Type": "Aggregate",
              "Strategy": "Plain",
              "Partial Mode": "Partial",
              "Parent Relationship": "Outer",
              "Parallel Aware": false,
              "Startup Cost": 115442.71,
              "Total Cost": 115442.72,
              "Plan Rows": 1,
              "Plan Width": 8,
              "Actual Startup Time": 657.379,
              "Actual Total Time": 657.383,
              "Actual Rows": 1,
              "Actual Loops": 4,
              "Plans": [
                {
                  "Node Type": "Nested Loop",
                  "Parent Relationship": "Outer",
                  "Parallel Aware": false,
                  "Join Type": "Inner",
                  "Startup Cost": 58613.27,
                  "Total Cost": 115396.51,
                  "Plan Rows": 18481,
                  "Plan Width": 0,
                  "Actual Startup Time": 213.84,
                  "Actual Total Time": 643.58,
                  "Actual Rows": 271958,
                  "Actual Loops": 4,
                  "Inner Unique": false,
                  "Plans": [
                    {
                      "Node Type": "Hash Join",
                      "Parent Relationship": "Outer",
                      "Parallel Aware": true,
                      "Join Type": "Inner",
                      "Startup Cost": 58612.84,
                      "Total Cost": 85662.78,
                      "Plan Rows": 40085,
                      "Plan Width": 8,
                      "Actual Startup Time": 213.73,
                      "Actual Total Time": 281.837,
                      "Actual Rows": 71165,
                      "Actual Loops": 4,
                      "Inner Unique": true,
                      "Hash Cond": "(mk.movie_id = t.id)",
                      "Plans": [
                        {
                          "Node Type": "Bitmap Heap Scan",
                          "Parent Relationship": "Outer",
                          "Parallel Aware": true,
                          "Relation Name": "movie_keyword",
                          "Alias": "mk",
                          "Startup Cost": 11287.91,
                          "Total Cost": 37887.32,
                          "Plan Rows": 171633,
                          "Plan Width": 4,
                          "Actual Startup Time": 33.498,
                          "Actual Total Time": 86.156,
                          "Actual Rows": 132894,
                          "Actual Loops": 4,
                          "Recheck Cond": "(keyword_id > 34356)",
                          "Rows Removed by Index Recheck": 0,
                          "Exact Heap Blocks": 6960,
                          "Lossy Heap Blocks": 0,
                          "Plans": [
                            {
                              "Node Type": "Bitmap Index Scan",
                              "Parent Relationship": "Outer",
                              "Parallel Aware": false,
                              "Index Name": "keyword_id_movie_keyword",
                              "Startup Cost": 0.0,
                              "Total Cost": 11154.9,
                              "Plan Rows": 532062,
                              "Plan Width": 0,
                              "Actual Startup Time": 29.955,
                              "Actual Total Time": 29.955,
                              "Actual Rows": 531576,
                              "Actual Loops": 1,
                              "Index Cond": "(keyword_id > 34356)"
                            }
                          ]
                        },
                        {
                          "Node Type": "Hash",
                          "Parent Relationship": "Inner",
                          "Parallel Aware": true,
                          "Startup Cost": 45479.59,
                          "Total Cost": 45479.59,
                          "Plan Rows": 147627,
                          "Plan Width": 4,
                          "Actual Startup Time": 158.593,
                          "Actual Total Time": 158.594,
                          "Actual Rows": 119778,
                          "Actual Loops": 4,
                          "Hash Buckets": 1048576,
                          "Original Hash Buckets": 1048576,
                          "Hash Batches": 1,
                          "Original Hash Batches": 1,
                          "Peak Memory Usage": 27008,
                          "Plans": [
                            {
                              "Node Type": "Seq Scan",
                              "Parent Relationship": "Outer",
                              "Parallel Aware": true,
                              "Relation Name": "title",
                              "Alias": "t",
                              "Startup Cost": 0.0,
                              "Total Cost": 45479.59,
                              "Plan Rows": 147627,
                              "Plan Width": 4,
                              "Actual Startup Time": 50.501,
                              "Actual Total Time": 113.212,
                              "Actual Rows": 119778,
                              "Actual Loops": 4,
                              "Filter": "((production_year > 1955) AND (kind_id = 1))",
                              "Rows Removed by Filter": 512300
                            }
                          ]
                        }
                      ]
                    },
                    {
                      "Node Type": "Index Scan",
                      "Parent Relationship": "Inner",
                      "Parallel Aware": false,
                      "Scan Direction": "Forward",
                      "Index Name": "movie_id_movie_companies",
                      "Relation Name": "movie_companies",
                      "Alias": "mc",
                      "Startup Cost": 0.43,
                      "Total Cost": 0.72,
                      "Plan Rows": 2,
                      "Plan Width": 4,
                      "Actual Startup Time": 0.003,
                      "Actual Total Time": 0.005,
                      "Actual Rows": 4,
                      "Actual Loops": 284661,
                      "Index Cond": "(movie_id = t.id)",
                      "Rows Removed by Index Recheck": 0,
                      "Filter": "(company_id > 13015)",
                      "Rows Removed by Filter": 8
                    }
                  ]
                }
              ]
            }
          ]
        }
      ]
    },
    "Planning Time": 0.525,
    "Triggers": [],
    "Execution Time": 689.712
  }
]