[
  {
    "Plan": {
      "Node Type": "Aggregate",
      "Strategy": "Plain",
      "Partial Mode": "Finalize",
      "Parallel Aware": false,
      "Startup Cost": 117769.21,
      "Total Cost": 117769.22,
      "Plan Rows": 1,
      "Plan Width": 8,
      "Actual Startup Time": 757.407,
      "Actual Total Time": 778.676,
      "Actual Rows": 1,
      "Actual Loops": 1,
      "Plans": [
        {
          "Node Type": "Gather",
          "Parent Relationship": "Outer",
          "Parallel Aware": false,
          "Startup Cost": 117768.89,
          "Total Cost": 117769.2,
          "Plan Rows": 3,
          "Plan Width": 8,
          "Actual Startup Time": 754.042,
          "Actual Total Time": 778.667,
          "Actual Rows": 4,
          "Actual Loops": 1,
          "Workers Planned": 3,
          "Workers Launched": 3,
          "Single Copy": false,
          "Plans": [
            {
              "Node Type": "Aggregate",
              "Strategy": "Plain",
              "Partial Mode": "Partial",
              "Parent Relationship": "Outer",
              "Parallel Aware": false,
              "Startup Cost": 116768.89,
              "Total Cost": 116768.9,
              "Plan Rows": 1,
              "Plan Width": 8,
              "Actual Startup Time": 743.89,
              "Actual Total Time": 743.894,
              "Actual Rows": 1,
              "Actual Loops": 4,
              "Plans": [
                {
                  "Node Type": "Nested Loop",
                  "Parent Relationship": "Outer",
                  "Parallel Aware": false,
                  "Join Type": "Inner",
                  "Startup Cost": 58931.64,
                  "Total Cost": 116721.61,
                  "Plan Rows": 18911,
                  "Plan Width": 0,
                  "Actual Startup Time": 235.26,
                  "Actual Total Time": 727.806,
                  "Actual Rows": 271958,
                  "Actual Loops": 4,
                  "Inner Unique": false,
                  "Plans": [
                    {
                      "Node Type": "Hash Join",
                      "Parent Relationship": "Outer",
                      "Parallel Aware": true,
                      "Join Type": "Inner",
                      "Startup Cost": 58931.21,
                      "Total Cost": 86052.51,
                      "Plan Rows": 41401,
                      "Plan Width": 8,
                      "Actual Startup Time": 235.131,
                      "Actual Total Time": 315.675,
                      "Actual Rows": 71165,
                      "Actual Loops": 4,
                      "Inner Unique": true,
                      "Hash Cond": "(mk.movie_id = t.id)",
                      "Plans": [
                        {
                          "Node Type": "Bitmap Heap Scan",
                          "Parent Relationship": "Outer",
                          "Parallel Aware": true,
                          "Relation Name": "movie_keyword",
                          "Alias": "mk",
                          "Startup Cost": 11597.24,
                          "Total Cost": 38255.62,
                          "Plan Rows": 176350,
                          "Plan Width": 4,
                          "Actual Startup Time": 37.398,
                          "Actual Total Time": 98.428,
                          "Actual Rows": 132894,
                          "Actual Loops": 4,
                          "Recheck Cond": "(keyword_id > 34356)",
                          "Rows Removed by Index Recheck": 0,
                          "Exact Heap Blocks": 4972,
                          "Lossy Heap Blocks": 0,
                          "Plans": [
                            {
                              "Node Type": "Bitmap Index Scan",
                              "Parent Relationship": "Outer",
                              "Parallel Aware": false,
                              "Index Name": "keyword_id_movie_keyword",
                              "Startup Cost": 0.0,
                              "Total Cost": 11460.57,
                              "Plan Rows": 546685,
                              "Plan Width": 0,
                              "Actual Startup Time": 33.719,
                              "Actual Total Time": 33.72,
                              "Actual Rows": 531576,
                              "Actual Loops": 1,
                              "Index Cond": "(keyword_id > 34356)"
                            }
                          ]
                        },
                        {
                          "Node Type": "Hash",
                          "Parent Relationship": "Inner",
                          "Parallel Aware": true,
                          "Startup Cost": 45479.1,
                          "Total Cost": 45479.1,
                          "Plan Rows": 148390,
                          "Plan Width": 4,
                          "Actual Startup Time": 173.041,
                          "Actual Total Time": 173.042,
                          "Actual Rows": 119778,
                          "Actual Loops": 4,
                          "Hash Buckets": 1048576,
                          "Original Hash Buckets": 1048576,
                          "Hash Batches": 1,
                          "Original Hash Batches": 1,
                          "Peak Memory Usage": 26976,
                          "Plans": [
                            {
                              "Node Type": "Seq Scan",
                              "Parent Relationship": "Outer",
                              "Parallel Aware": true,
                              "Relation Name": "title",
                              "Alias": "t",
                              "Startup Cost": 0.0,
                              "Total Cost": 45479.1,
                              "Plan Rows": 148390,
                              "Plan Width": 4,
                              "Actual Startup Time": 53.308,
                              "Actual Total Time": 120.839,
                              "Actual Rows": 119778,
                              "Actual Loops": 4,
                              "Filter": "((production_year > 1955) AND (kind_id = 1))",
                              "Rows Removed by Filter": 512300
                            }
                          ]
                        }
                      ]
                    },
                    {
                      "Node Type": "Index Scan",
                      "Parent Relationship": "Inner",
                      "Parallel Aware": false,
                      "Scan Direction": "Forward",
                      "Index Name": "movie_id_movie_companies",
                      "Relation Name": "movie_companies",
                      "Alias": "mc",
                      "Startup Cost": 0.43,
                      "Total Cost": 0.72,
                      "Plan Rows": 2,
                      "Plan Width": 4,
                      "Actual Startup Time": 0.003,
                      "Actual Total Time": 0.005,
                      "Actual Rows": 4,
                      "Actual Loops": 284661,
                      "Index Cond": "(movie_id = t.id)",
                      "Rows Removed by Index Recheck": 0,
                      "Filter": "(company_id > 13015)",
                      "Rows Removed by Filter": 8
                    }
                  ]
                }
              ]
            }
          ]
        }
      ]
    },
    "Planning Time": 1.51,
    "Triggers": [],
    "Execution Time": 778.795
  }
]