{
  "Plan": {
    "Node Type": "Aggregate",
    "Strategy": "Plain",
    "Partial Mode": "Finalize",
    "Parallel Aware": false,
    "Startup Cost": 412854.75,
    "Total Cost": 412854.76,
    "Plan Rows": 1,
    "Plan Width": 8,
    "Actual Startup Time": 2379.333,
    "Actual Total Time": 2421.365,
    "Actual Rows": 1,
    "Actual Loops": 1,
    "Plans": [
      {
        "Node Type": "Gather",
        "Parent Relationship": "Outer",
        "Parallel Aware": false,
        "Startup Cost": 412854.63,
        "Total Cost": 412854.74,
        "Plan Rows": 1,
        "Plan Width": 8,
        "Actual Startup Time": 2375.556,
        "Actual Total Time": 2421.359,
        "Actual Rows": 2,
        "Actual Loops": 1,
        "Workers Planned": 1,
        "Workers Launched": 1,
        "Single Copy": false,
        "Plans": [
          {
            "Node Type": "Aggregate",
            "Strategy": "Plain",
            "Partial Mode": "Partial",
            "Parent Relationship": "Outer",
            "Parallel Aware": false,
            "Startup Cost": 411854.63,
            "Total Cost": 411854.64,
            "Plan Rows": 1,
            "Plan Width": 8,
            "Actual Startup Time": 2366.701,
            "Actual Total Time": 2366.708,
            "Actual Rows": 1,
            "Actual Loops": 2,
            "Plans": [
              {
                "Node Type": "Hash Join",
                "Parent Relationship": "Outer",
                "Parallel Aware": true,
                "Join Type": "Inner",
                "Startup Cost": 118622.07,
                "Total Cost": 409851.13,
                "Plan Rows": 801402,
                "Plan Width": 0,
                "Actual Startup Time": 678.216,
                "Actual Total Time": 2183.671,
                "Actual Rows": 4182434,
                "Actual Loops": 2,
                "Inner Unique": false,
                "Hash Cond": "(mi.movie_id = t.id)",
                "Plans": [
                  {
                    "Node Type": "Seq Scan",
                    "Parent Relationship": "Outer",
                    "Parallel Aware": true,
                    "Relation Name": "movie_info",
                    "Alias": "mi",
                    "Startup Cost": 0.0,
                    "Total Cost": 270696.42,
                    "Plan Rows": 4218272,
                    "Plan Width": 4,
                    "Actual Startup Time": 0.018,
                    "Actual Total Time": 698.002,
                    "Actual Rows": 3643432,
                    "Actual Loops": 2,
                    "Filter": "(info_type_id < 8)",
                    "Rows Removed by Filter": 3774428
                  },
                  {
                    "Node Type": "Hash",
                    "Parent Relationship": "Inner",
                    "Parallel Aware": true,
                    "Startup Cost": 115090.21,
                    "Total Cost": 115090.21,
                    "Plan Rows": 282549,
                    "Plan Width": 8,
                    "Actual Startup Time": 673.143,
                    "Actual Total Time": 673.148,
                    "Actual Rows": 294975,
                    "Actual Loops": 2,
                    "Hash Buckets": 1048576,
                    "Original Hash Buckets": 524288,
                    "Hash Batches": 1,
                    "Original Hash Batches": 1,
                    "Peak Memory Usage": 35392,
                    "Plans": [
                      {
                        "Node Type": "Hash Join",
                        "Parent Relationship": "Outer",
                        "Parallel Aware": true,
                        "Join Type": "Inner",
                        "Startup Cost": 83098.89,
                        "Total Cost": 115090.21,
                        "Plan Rows": 282549,
                        "Plan Width": 8,
                        "Actual Startup Time": 421.77,
                        "Actual Total Time": 604.727,
                        "Actual Rows": 294975,
                        "Actual Loops": 2,
                        "Inner Unique": true,
                        "Hash Cond": "(mk.movie_id = t.id)",
                        "Plans": [
                          {
                            "Node Type": "Bitmap Heap Scan",
                            "Parent Relationship": "Outer",
                            "Parallel Aware": true,
                            "Relation Name": "movie_keyword",
                            "Alias": "mk",
                            "Startup Cost": 17969.99,
                            "Total Cost": 48653.18,
                            "Plan Rows": 498335,
                            "Plan Width": 4,
                            "Actual Startup Time": 52.462,
                            "Actual Total Time": 135.512,
                            "Actual Rows": 419300,
                            "Actual Loops": 2,
                            "Recheck Cond": "(keyword_id > 21924)",
                            "Rows Removed by Index Recheck": 0,
                            "Exact Heap Blocks": 12562,
                            "Lossy Heap Blocks": 0,
                            "Plans": [
                              {
                                "Node Type": "Bitmap Index Scan",
                                "Parent Relationship": "Outer",
                                "Parallel Aware": false,
                                "Index Name": "keyword_id_movie_keyword",
                                "Startup Cost": 0.0,
                                "Total Cost": 17758.2,
                                "Plan Rows": 847169,
                                "Plan Width": 0,
                                "Actual Startup Time": 48.772,
                                "Actual Total Time": 48.772,
                                "Actual Rows": 838599,
                                "Actual Loops": 1,
                                "Index Cond": "(keyword_id > 21924)"
                              }
                            ]
                          },
                          {
                            "Node Type": "Hash",
                            "Parent Relationship": "Inner",
                            "Parallel Aware": true,
                            "Startup Cost": 54588.39,
                            "Total Cost": 54588.39,
                            "Plan Rows": 843241,
                            "Plan Width": 4,
                            "Actual Startup Time": 360.777,
                            "Actual Total Time": 360.777,
                            "Actual Rows": 721649,
                            "Actual Loops": 2,
                            "Hash Buckets": 2097152,
                            "Original Hash Buckets": 2097152,
                            "Hash Batches": 1,
                            "Original Hash Batches": 1,
                            "Peak Memory Usage": 72864,
                            "Plans": [
                              {
                                "Node Type": "Seq Scan",
                                "Parent Relationship": "Outer",
                                "Parallel Aware": true,
                                "Relation Name": "title",
                                "Alias": "t",
                                "Startup Cost": 0.0,
                                "Total Cost": 54588.39,
                                "Plan Rows": 843241,
                                "Plan Width": 4,
                                "Actual Startup Time": 0.028,
                                "Actual Total Time": 169.142,
                                "Actual Rows": 721649,
                                "Actual Loops": 2,
                                "Filter": "(production_year < 2006)",
                                "Rows Removed by Filter": 542507
                              }
                            ]
                          }
                        ]
                      }
                    ]
                  }
                ]
              }
            ]
          }
        ]
      }
    ]
  },
  "Planning Time": 0.559,
  "Triggers": [],
  "Execution Time": 2421.454
}