{
  "Plan": {
    "Node Type": "Aggregate",
    "Strategy": "Plain",
    "Partial Mode": "Finalize",
    "Parallel Aware": false,
    "Startup Cost": 376094.9,
    "Total Cost": 376094.91,
    "Plan Rows": 1,
    "Plan Width": 8,
    "Actual Startup Time": 883.992,
    "Actual Total Time": 920.928,
    "Actual Rows": 1,
    "Actual Loops": 1,
    "Plans": [
      {
        "Node Type": "Gather",
        "Parent Relationship": "Outer",
        "Parallel Aware": false,
        "Startup Cost": 376094.78,
        "Total Cost": 376094.89,
        "Plan Rows": 1,
        "Plan Width": 8,
        "Actual Startup Time": 883.739,
        "Actual Total Time": 920.92,
        "Actual Rows": 2,
        "Actual Loops": 1,
        "Workers Planned": 1,
        "Workers Launched": 1,
        "Single Copy": false,
        "Plans": [
          {
            "Node Type": "Aggregate",
            "Strategy": "Plain",
            "Partial Mode": "Partial",
            "Parent Relationship": "Outer",
            "Parallel Aware": false,
            "Startup Cost": 375094.78,
            "Total Cost": 375094.79,
            "Plan Rows": 1,
            "Plan Width": 8,
            "Actual Startup Time": 877.519,
            "Actual Total Time": 877.524,
            "Actual Rows": 1,
            "Actual Loops": 2,
            "Plans": [
              {
                "Node Type": "Nested Loop",
                "Parent Relationship": "Outer",
                "Parallel Aware": false,
                "Join Type": "Inner",
                "Startup Cost": 58402.28,
                "Total Cost": 375035.71,
                "Plan Rows": 23630,
                "Plan Width": 0,
                "Actual Startup Time": 153.738,
                "Actual Total Time": 876.762,
                "Actual Rows": 14014,
                "Actual Loops": 2,
                "Inner Unique": false,
                "Join Filter": "(t.id = mi.movie_id)",
                "Rows Removed by Join Filter": 0,
                "Plans": [
                  {
                    "Node Type": "Hash Join",
                    "Parent Relationship": "Outer",
                    "Parallel Aware": true,
                    "Join Type": "Inner",
                    "Startup Cost": 58401.85,
                    "Total Cost": 365592.04,
                    "Plan Rows": 4041,
                    "Plan Width": 8,
                    "Actual Startup Time": 153.662,
                    "Actual Total Time": 844.866,
                    "Actual Rows": 2126,
                    "Actual Loops": 2,
                    "Inner Unique": true,
                    "Hash Cond": "(ci.movie_id = t.id)",
                    "Plans": [
                      {
                        "Node Type": "Index Scan",
                        "Parent Relationship": "Outer",
                        "Parallel Aware": true,
                        "Scan Direction": "Forward",
                        "Index Name": "role_id_cast_info",
                        "Relation Name": "cast_info",
                        "Alias": "ci",
                        "Startup Cost": 0.56,
                        "Total Cost": 305110.75,
                        "Plan Rows": 792386,
                        "Plan Width": 4,
                        "Actual Startup Time": 0.111,
                        "Actual Total Time": 649.529,
                        "Actual Rows": 353224,
                        "Actual Loops": 2,
                        "Index Cond": "(role_id > 4)",
                        "Rows Removed by Index Recheck": 0,
                        "Filter": "(person_id < 512973)",
                        "Rows Removed by Filter": 4339127
                      },
                      {
                        "Node Type": "Hash",
                        "Parent Relationship": "Inner",
                        "Parallel Aware": true,
                        "Startup Cost": 58306.47,
                        "Total Cost": 58306.47,
                        "Plan Rows": 7585,
                        "Plan Width": 4,
                        "Actual Startup Time": 152.276,
                        "Actual Total Time": 152.277,
                        "Actual Rows": 7246,
                        "Actual Loops": 2,
                        "Hash Buckets": 16384,
                        "Original Hash Buckets": 16384,
                        "Hash Batches": 1,
                        "Original Hash Batches": 1,
                        "Peak Memory Usage": 736,
                        "Plans": [
                          {
                            "Node Type": "Seq Scan",
                            "Parent Relationship": "Outer",
                            "Parallel Aware": true,
                            "Relation Name": "title",
                            "Alias": "t",
                            "Startup Cost": 0.0,
                            "Total Cost": 58306.47,
                            "Plan Rows": 7585,
                            "Plan Width": 4,
                            "Actual Startup Time": 0.385,
                            "Actual Total Time": 149.241,
                            "Actual Rows": 7246,
                            "Actual Loops": 2,
                            "Filter": "((kind_id > 2) AND (production_year = 1987))",
                            "Rows Removed by Filter": 1256910
                          }
                        ]
                      }
                    ]
                  },
                  {
                    "Node Type": "Index Only Scan",
                    "Parent Relationship": "Inner",
                    "Parallel Aware": false,
                    "Scan Direction": "Forward",
                    "Index Name": "movie_id_movie_info",
                    "Relation Name": "movie_info",
                    "Alias": "mi",
                    "Startup Cost": 0.43,
                    "Total Cost": 1.81,
                    "Plan Rows": 42,
                    "Plan Width": 4,
                    "Actual Startup Time": 0.006,
                    "Actual Total Time": 0.014,
                    "Actual Rows": 7,
                    "Actual Loops": 4251,
                    "Index Cond": "(movie_id = ci.movie_id)",
                    "Rows Removed by Index Recheck": 0,
                    "Heap Fetches": 28029
                  }
                ]
              }
            ]
          }
        ]
      }
    ]
  },
  "Planning Time": 1.039,
  "Triggers": [],
  "Execution Time": 921.037
}