[
  {
    "Plan": {
      "Node Type": "Aggregate",
      "Strategy": "Plain",
      "Partial Mode": "Finalize",
      "Parallel Aware": false,
      "Startup Cost": 46499.58,
      "Total Cost": 46499.59,
      "Plan Rows": 1,
      "Plan Width": 8,
      "Actual Startup Time": 86.295,
      "Actual Total Time": 97.796,
      "Actual Rows": 1,
      "Actual Loops": 1,
      "Plans": [
        {
          "Node Type": "Gather",
          "Parent Relationship": "Outer",
          "Parallel Aware": false,
          "Startup Cost": 46499.16,
          "Total Cost": 46499.57,
          "Plan Rows": 4,
          "Plan Width": 8,
          "Actual Startup Time": 86.177,
          "Actual Total Time": 97.79,
          "Actual Rows": 5,
          "Actual Loops": 1,
          "Workers Planned": 4,
          "Workers Launched": 4,
          "Single Copy": false,
          "Plans": [
            {
              "Node Type": "Aggregate",
              "Strategy": "Plain",
              "Partial Mode": "Partial",
              "Parent Relationship": "Outer",
              "Parallel Aware": false,
              "Startup Cost": 45499.16,
              "Total Cost": 45499.17,
              "Plan Rows": 1,
              "Plan Width": 8,
              "Actual Startup Time": 79.702,
              "Actual Total Time": 79.703,
              "Actual Rows": 1,
              "Actual Loops": 5,
              "Plans": [
                {
                  "Node Type": "Seq Scan",
                  "Parent Relationship": "Outer",
                  "Parallel Aware": true,
                  "Relation Name": "title",
                  "Alias": "t",
                  "Startup Cost": 0.0,
                  "Total Cost": 45479.1,
                  "Plan Rows": 8026,
                  "Plan Width": 0,
                  "Actual Startup Time": 52.619,
                  "Actual Total Time": 79.393,
                  "Actual Rows": 4421,
                  "Actual Loops": 5,
                  "Filter": "((kind_id < 2) AND (production_year = 2008))",
                  "Rows Removed by Filter": 501241
                }
              ]
            }
          ]
        }
      ]
    },
    "Planning Time": 0.154,
    "Triggers": [],
    "Execution Time": 97.847
  }
]