[
  {
    "Plan": {
      "Node Type": "Aggregate",
      "Strategy": "Plain",
      "Partial Mode": "Finalize",
      "Parallel Aware": false,
      "Startup Cost": 33171.4,
      "Total Cost": 33171.41,
      "Plan Rows": 1,
      "Plan Width": 8,
      "Actual Startup Time": 81.989,
      "Actual Total Time": 90.103,
      "Actual Rows": 1,
      "Actual Loops": 1,
      "Plans": [
        {
          "Node Type": "Gather",
          "Parent Relationship": "Outer",
          "Parallel Aware": false,
          "Startup Cost": 33171.08,
          "Total Cost": 33171.39,
          "Plan Rows": 3,
          "Plan Width": 8,
          "Actual Startup Time": 81.884,
          "Actual Total Time": 90.095,
          "Actual Rows": 4,
          "Actual Loops": 1,
          "Workers Planned": 3,
          "Workers Launched": 3,
          "Single Copy": false,
          "Plans": [
            {
              "Node Type": "Aggregate",
              "Strategy": "Plain",
              "Partial Mode": "Partial",
              "Parent Relationship": "Outer",
              "Parallel Aware": false,
              "Startup Cost": 32171.08,
              "Total Cost": 32171.09,
              "Plan Rows": 1,
              "Plan Width": 8,
              "Actual Startup Time": 78.509,
              "Actual Total Time": 78.511,
              "Actual Rows": 1,
              "Actual Loops": 4,
              "Plans": [
                {
                  "Node Type": "Seq Scan",
                  "Parent Relationship": "Outer",
                  "Parallel Aware": true,
                  "Relation Name": "movie_companies",
                  "Alias": "mc",
                  "Startup Cost": 0.0,
                  "Total Cost": 31414.82,
                  "Plan Rows": 302504,
                  "Plan Width": 0,
                  "Actual Startup Time": 34.925,
                  "Actual Total Time": 71.037,
                  "Actual Rows": 156810,
                  "Actual Loops": 4,
                  "Filter": "((company_id < 34551) AND (company_type_id > 1))",
                  "Rows Removed by Filter": 495472
                }
              ]
            }
          ]
        }
      ]
    },
    "Planning Time": 0.083,
    "Triggers": [],
    "Execution Time": 90.126
  }
]