{
  "Plan": {
    "Node Type": "Aggregate",
    "Strategy": "Plain",
    "Partial Mode": "Finalize",
    "Parallel Aware": false,
    "Startup Cost": 605181.3,
    "Total Cost": 605181.31,
    "Plan Rows": 1,
    "Plan Width": 8,
    "Actual Startup Time": 2124.592,
    "Actual Total Time": 2191.151,
    "Actual Rows": 1,
    "Actual Loops": 1,
    "Plans": [
      {
        "Node Type": "Gather",
        "Parent Relationship": "Outer",
        "Parallel Aware": false,
        "Startup Cost": 605181.18,
        "Total Cost": 605181.29,
        "Plan Rows": 1,
        "Plan Width": 8,
        "Actual Startup Time": 2124.344,
        "Actual Total Time": 2191.141,
        "Actual Rows": 2,
        "Actual Loops": 1,
        "Workers Planned": 1,
        "Workers Launched": 1,
        "Single Copy": false,
        "Plans": [
          {
            "Node Type": "Aggregate",
            "Strategy": "Plain",
            "Partial Mode": "Partial",
            "Parent Relationship": "Outer",
            "Parallel Aware": false,
            "Startup Cost": 604181.18,
            "Total Cost": 604181.19,
            "Plan Rows": 1,
            "Plan Width": 8,
            "Actual Startup Time": 2118.726,
            "Actual Total Time": 2118.73,
            "Actual Rows": 1,
            "Actual Loops": 2,
            "Plans": [
              {
                "Node Type": "Hash Join",
                "Parent Relationship": "Outer",
                "Parallel Aware": true,
                "Join Type": "Inner",
                "Startup Cost": 58804.72,
                "Total Cost": 603526.41,
                "Plan Rows": 261911,
                "Plan Width": 0,
                "Actual Startup Time": 1906.732,
                "Actual Total Time": 2118.721,
                "Actual Rows": 2,
                "Actual Loops": 2,
                "Inner Unique": true,
                "Hash Cond": "(ci.movie_id = t.id)",
                "Plans": [
                  {
                    "Node Type": "Seq Scan",
                    "Parent Relationship": "Outer",
                    "Parallel Aware": true,
                    "Relation Name": "cast_info",
                    "Alias": "ci",
                    "Startup Cost": 0.0,
                    "Total Cost": 519069.44,
                    "Plan Rows": 9772268,
                    "Plan Width": 4,
                    "Actual Startup Time": 0.016,
                    "Actual Total Time": 1394.446,
                    "Actual Rows": 8309066,
                    "Actual Loops": 2,
                    "Filter": "(person_id < 1645011)",
                    "Rows Removed by Filter": 9813106
                  },
                  {
                    "Node Type": "Hash",
                    "Parent Relationship": "Inner",
                    "Parallel Aware": true,
                    "Startup Cost": 58306.47,
                    "Total Cost": 58306.47,
                    "Plan Rows": 39860,
                    "Plan Width": 4,
                    "Actual Startup Time": 132.813,
                    "Actual Total Time": 132.814,
                    "Actual Rows": 2,
                    "Actual Loops": 2,
                    "Hash Buckets": 131072,
                    "Original Hash Buckets": 131072,
                    "Hash Batches": 1,
                    "Original Hash Batches": 1,
                    "Peak Memory Usage": 1056,
                    "Plans": [
                      {
                        "Node Type": "Seq Scan",
                        "Parent Relationship": "Outer",
                        "Parallel Aware": true,
                        "Relation Name": "title",
                        "Alias": "t",
                        "Startup Cost": 0.0,
                        "Total Cost": 58306.47,
                        "Plan Rows": 39860,
                        "Plan Width": 4,
                        "Actual Startup Time": 94.242,
                        "Actual Total Time": 132.745,
                        "Actual Rows": 2,
                        "Actual Loops": 2,
                        "Filter": "((production_year < 1929) AND (kind_id = 7))",
                        "Rows Removed by Filter": 1264154
                      }
                    ]
                  }
                ]
              }
            ]
          }
        ]
      }
    ]
  },
  "Planning Time": 0.439,
  "Triggers": [],
  "Execution Time": 2191.231
}