[
    {
        "Bao": {
            "Bao prediction": "NaN",
            "Bao recommended hint": "(no hint)"
        }
    },
    {
        "Plan": {
            "Node Type": "Aggregate",
            "Strategy": "Plain",
            "Partial Mode": "Finalize",
            "Parallel Aware": false,
            "Startup Cost": 420616.43,
            "Total Cost": 420616.44,
            "Plan Rows": 1,
            "Plan Width": 8,
            "Actual Startup Time": 2582.521,
            "Actual Total Time": 2619.411,
            "Actual Rows": 1,
            "Actual Loops": 1,
            "Output": [
                "count(*)"
            ],
            "Plans": [
                {
                    "Node Type": "Gather",
                    "Parent Relationship": "Outer",
                    "Parallel Aware": false,
                    "Startup Cost": 420615.8,
                    "Total Cost": 420616.41,
                    "Plan Rows": 6,
                    "Plan Width": 8,
                    "Actual Startup Time": 2574.624,
                    "Actual Total Time": 2619.402,
                    "Actual Rows": 7,
                    "Actual Loops": 1,
                    "Output": [
                        "(PARTIAL count(*))"
                    ],
                    "Workers Planned": 6,
                    "Workers Launched": 6,
                    "Single Copy": false,
                    "Plans": [
                        {
                            "Node Type": "Aggregate",
                            "Strategy": "Plain",
                            "Partial Mode": "Partial",
                            "Parent Relationship": "Outer",
                            "Parallel Aware": false,
                            "Startup Cost": 419615.8,
                            "Total Cost": 419615.81,
                            "Plan Rows": 1,
                            "Plan Width": 8,
                            "Actual Startup Time": 2563.389,
                            "Actual Total Time": 2563.515,
                            "Actual Rows": 1,
                            "Actual Loops": 7,
                            "Output": [
                                "PARTIAL count(*)"
                            ],
                            "Workers": [
                                {
                                    "Worker Number": 0,
                                    "Actual Startup Time": 2561.47,
                                    "Actual Total Time": 2561.475,
                                    "Actual Rows": 1,
                                    "Actual Loops": 1
                                },
                                {
                                    "Worker Number": 1,
                                    "Actual Startup Time": 2562.456,
                                    "Actual Total Time": 2562.461,
                                    "Actual Rows": 1,
                                    "Actual Loops": 1
                                },
                                {
                                    "Worker Number": 2,
                                    "Actual Startup Time": 2561.345,
                                    "Actual Total Time": 2561.351,
                                    "Actual Rows": 1,
                                    "Actual Loops": 1
                                },
                                {
                                    "Worker Number": 3,
                                    "Actual Startup Time": 2561.342,
                                    "Actual Total Time": 2561.348,
                                    "Actual Rows": 1,
                                    "Actual Loops": 1
                                },
                                {
                                    "Worker Number": 4,
                                    "Actual Startup Time": 2561.605,
                                    "Actual Total Time": 2561.61,
                                    "Actual Rows": 1,
                                    "Actual Loops": 1
                                },
                                {
                                    "Worker Number": 5,
                                    "Actual Startup Time": 2561.44,
                                    "Actual Total Time": 2561.445,
                                    "Actual Rows": 1,
                                    "Actual Loops": 1
                                }
                            ],
                            "Plans": [
                                {
                                    "Node Type": "Hash Join",
                                    "Parent Relationship": "Outer",
                                    "Parallel Aware": true,
                                    "Join Type": "Inner",
                                    "Startup Cost": 78346.47,
                                    "Total Cost": 417213.06,
                                    "Plan Rows": 961097,
                                    "Plan Width": 0,
                                    "Actual Startup Time": 315.513,
                                    "Actual Total Time": 2432.545,
                                    "Actual Rows": 2490882,
                                    "Actual Loops": 7,
                                    "Inner Unique": false,
                                    "Hash Cond": "(ci.movie_id = t.id)",
                                    "Workers": [
                                        {
                                            "Worker Number": 0,
                                            "Actual Startup Time": 313.738,
                                            "Actual Total Time": 2428.108,
                                            "Actual Rows": 2388095,
                                            "Actual Loops": 1
                                        },
                                        {
                                            "Worker Number": 1,
                                            "Actual Startup Time": 313.73,
                                            "Actual Total Time": 2427.383,
                                            "Actual Rows": 2069702,
                                            "Actual Loops": 1
                                        },
                                        {
                                            "Worker Number": 2,
                                            "Actual Startup Time": 313.688,
                                            "Actual Total Time": 2425.964,
                                            "Actual Rows": 2078297,
                                            "Actual Loops": 1
                                        },
                                        {
                                            "Worker Number": 3,
                                            "Actual Startup Time": 313.703,
                                            "Actual Total Time": 2431.933,
                                            "Actual Rows": 2294085,
                                            "Actual Loops": 1
                                        },
                                        {
                                            "Worker Number": 4,
                                            "Actual Startup Time": 313.771,
                                            "Actual Total Time": 2429.734,
                                            "Actual Rows": 2232640,
                                            "Actual Loops": 1
                                        },
                                        {
                                            "Worker Number": 5,
                                            "Actual Startup Time": 313.734,
                                            "Actual Total Time": 2440.098,
                                            "Actual Rows": 3018815,
                                            "Actual Loops": 1
                                        }
                                    ],
                                    "Plans": [
                                        {
                                            "Node Type": "Seq Scan",
                                            "Parent Relationship": "Outer",
                                            "Parallel Aware": true,
                                            "Relation Name": "cast_info",
                                            "Schema": "public",
                                            "Alias": "ci",
                                            "Startup Cost": 0.0,
                                            "Total Cost": 313108.29,
                                            "Plan Rows": 6042129,
                                            "Plan Width": 4,
                                            "Actual Startup Time": 0.027,
                                            "Actual Total Time": 584.563,
                                            "Actual Rows": 5177763,
                                            "Actual Loops": 7,
                                            "Output": [
                                                "ci.id",
                                                "ci.person_id",
                                                "ci.movie_id",
                                                "ci.person_role_id",
                                                "ci.note",
                                                "ci.nr_order",
                                                "ci.role_id"
                                            ],
                                            "Workers": [
                                                {
                                                    "Worker Number": 0,
                                                    "Actual Startup Time": 0.027,
                                                    "Actual Total Time": 618.026,
                                                    "Actual Rows": 4880171,
                                                    "Actual Loops": 1
                                                },
                                                {
                                                    "Worker Number": 1,
                                                    "Actual Startup Time": 0.027,
                                                    "Actual Total Time": 603.655,
                                                    "Actual Rows": 4320476,
                                                    "Actual Loops": 1
                                                },
                                                {
                                                    "Worker Number": 2,
                                                    "Actual Startup Time": 0.032,
                                                    "Actual Total Time": 600.007,
                                                    "Actual Rows": 4305726,
                                                    "Actual Loops": 1
                                                },
                                                {
                                                    "Worker Number": 3,
                                                    "Actual Startup Time": 0.029,
                                                    "Actual Total Time": 588.781,
                                                    "Actual Rows": 4738161,
                                                    "Actual Loops": 1
                                                },
                                                {
                                                    "Worker Number": 4,
                                                    "Actual Startup Time": 0.035,
                                                    "Actual Total Time": 593.753,
                                                    "Actual Rows": 4622168,
                                                    "Actual Loops": 1
                                                },
                                                {
                                                    "Worker Number": 5,
                                                    "Actual Startup Time": 0.03,
                                                    "Actual Total Time": 587.71,
                                                    "Actual Rows": 6333605,
                                                    "Actual Loops": 1
                                                }
                                            ]
                                        },
                                        {
                                            "Node Type": "Hash",
                                            "Parent Relationship": "Inner",
                                            "Parallel Aware": true,
                                            "Startup Cost": 76724.82,
                                            "Total Cost": 76724.82,
                                            "Plan Rows": 129732,
                                            "Plan Width": 8,
                                            "Actual Startup Time": 313.681,
                                            "Actual Total Time": 313.805,
                                            "Actual Rows": 105557,
                                            "Actual Loops": 7,
                                            "Output": [
                                                "t.id",
                                                "mc.movie_id"
                                            ],
                                            "Hash Buckets": 1048576,
                                            "Original Hash Buckets": 524288,
                                            "Hash Batches": 1,
                                            "Original Hash Batches": 1,
                                            "Peak Memory Usage": 41280,
                                            "Workers": [
                                                {
                                                    "Worker Number": 0,
                                                    "Actual Startup Time": 312.599,
                                                    "Actual Total Time": 312.603,
                                                    "Actual Rows": 96442,
                                                    "Actual Loops": 1
                                                },
                                                {
                                                    "Worker Number": 1,
                                                    "Actual Startup Time": 312.767,
                                                    "Actual Total Time": 312.771,
                                                    "Actual Rows": 94778,
                                                    "Actual Loops": 1
                                                },
                                                {
                                                    "Worker Number": 2,
                                                    "Actual Startup Time": 312.768,
                                                    "Actual Total Time": 312.773,
                                                    "Actual Rows": 94715,
                                                    "Actual Loops": 1
                                                },
                                                {
                                                    "Worker Number": 3,
                                                    "Actual Startup Time": 312.894,
                                                    "Actual Total Time": 312.898,
                                                    "Actual Rows": 94375,
                                                    "Actual Loops": 1
                                                },
                                                {
                                                    "Worker Number": 4,
                                                    "Actual Startup Time": 313.059,
                                                    "Actual Total Time": 313.063,
                                                    "Actual Rows": 93760,
                                                    "Actual Loops": 1
                                                },
                                                {
                                                    "Worker Number": 5,
                                                    "Actual Startup Time": 312.753,
                                                    "Actual Total Time": 312.756,
                                                    "Actual Rows": 128805,
                                                    "Actual Loops": 1
                                                }
                                            ],
                                            "Plans": [
                                                {
                                                    "Node Type": "Hash Join",
                                                    "Parent Relationship": "Outer",
                                                    "Parallel Aware": true,
                                                    "Join Type": "Inner",
                                                    "Startup Cost": 46287.74,
                                                    "Total Cost": 76724.82,
                                                    "Plan Rows": 129732,
                                                    "Plan Width": 8,
                                                    "Actual Startup Time": 157.739,
                                                    "Actual Total Time": 251.027,
                                                    "Actual Rows": 105557,
                                                    "Actual Loops": 7,
                                                    "Output": [
                                                        "t.id",
                                                        "mc.movie_id"
                                                    ],
                                                    "Inner Unique": true,
                                                    "Hash Cond": "(mc.movie_id = t.id)",
                                                    "Workers": [
                                                        {
                                                            "Worker Number": 0,
                                                            "Actual Startup Time": 156.757,
                                                            "Actual Total Time": 250.378,
                                                            "Actual Rows": 96442,
                                                            "Actual Loops": 1
                                                        },
                                                        {
                                                            "Worker Number": 1,
                                                            "Actual Startup Time": 156.843,
                                                            "Actual Total Time": 250.967,
                                                            "Actual Rows": 94778,
                                                            "Actual Loops": 1
                                                        },
                                                        {
                                                            "Worker Number": 2,
                                                            "Actual Startup Time": 156.875,
                                                            "Actual Total Time": 250.422,
                                                            "Actual Rows": 94715,
                                                            "Actual Loops": 1
                                                        },
                                                        {
                                                            "Worker Number": 3,
                                                            "Actual Startup Time": 156.894,
                                                            "Actual Total Time": 250.788,
                                                            "Actual Rows": 94375,
                                                            "Actual Loops": 1
                                                        },
                                                        {
                                                            "Worker Number": 4,
                                                            "Actual Startup Time": 157.04,
                                                            "Actual Total Time": 250.983,
                                                            "Actual Rows": 93760,
                                                            "Actual Loops": 1
                                                        },
                                                        {
                                                            "Worker Number": 5,
                                                            "Actual Startup Time": 156.733,
                                                            "Actual Total Time": 248.561,
                                                            "Actual Rows": 128805,
                                                            "Actual Loops": 1
                                                        }
                                                    ],
                                                    "Plans": [
                                                        {
                                                            "Node Type": "Seq Scan",
                                                            "Parent Relationship": "Outer",
                                                            "Parallel Aware": true,
                                                            "Relation Name": "movie_companies",
                                                            "Schema": "public",
                                                            "Alias": "mc",
                                                            "Startup Cost": 0.0,
                                                            "Total Cost": 29310.68,
                                                            "Plan Rows": 429104,
                                                            "Plan Width": 4,
                                                            "Actual Startup Time": 24.017,
                                                            "Actual Total Time": 55.116,
                                                            "Actual Rows": 190698,
                                                            "Actual Loops": 7,
                                                            "Output": [
                                                                "mc.id",
                                                                "mc.movie_id",
                                                                "mc.company_id",
                                                                "mc.company_type_id",
                                                                "mc.note"
                                                            ],
                                                            "Filter": "(mc.company_type_id = 2)",
                                                            "Rows Removed by Filter": 182035,
                                                            "Workers": [
                                                                {
                                                                    "Worker Number": 0,
                                                                    "Actual Startup Time": 24.087,
                                                                    "Actual Total Time": 57.311,
                                                                    "Actual Rows": 173803,
                                                                    "Actual Loops": 1
                                                                },
                                                                {
                                                                    "Worker Number": 1,
                                                                    "Actual Startup Time": 24.066,
                                                                    "Actual Total Time": 56.232,
                                                                    "Actual Rows": 170447,
                                                                    "Actual Loops": 1
                                                                },
                                                                {
                                                                    "Worker Number": 2,
                                                                    "Actual Startup Time": 23.991,
                                                                    "Actual Total Time": 55.639,
                                                                    "Actual Rows": 168712,
                                                                    "Actual Loops": 1
                                                                },
                                                                {
                                                                    "Worker Number": 3,
                                                                    "Actual Startup Time": 23.988,
                                                                    "Actual Total Time": 55.971,
                                                                    "Actual Rows": 169866,
                                                                    "Actual Loops": 1
                                                                },
                                                                {
                                                                    "Worker Number": 4,
                                                                    "Actual Startup Time": 24.016,
                                                                    "Actual Total Time": 55.931,
                                                                    "Actual Rows": 170066,
                                                                    "Actual Loops": 1
                                                                },
                                                                {
                                                                    "Worker Number": 5,
                                                                    "Actual Startup Time": 23.977,
                                                                    "Actual Total Time": 53.809,
                                                                    "Actual Rows": 231641,
                                                                    "Actual Loops": 1
                                                                }
                                                            ]
                                                        },
                                                        {
                                                            "Node Type": "Hash",
                                                            "Parent Relationship": "Inner",
                                                            "Parallel Aware": true,
                                                            "Startup Cost": 43899.01,
                                                            "Total Cost": 43899.01,
                                                            "Plan Rows": 191099,
                                                            "Plan Width": 4,
                                                            "Actual Startup Time": 132.28,
                                                            "Actual Total Time": 132.281,
                                                            "Actual Rows": 107668,
                                                            "Actual Loops": 7,
                                                            "Output": [
                                                                "t.id"
                                                            ],
                                                            "Hash Buckets": 1048576,
                                                            "Original Hash Buckets": 1048576,
                                                            "Hash Batches": 1,
                                                            "Original Hash Batches": 1,
                                                            "Peak Memory Usage": 37824,
                                                            "Workers": [
                                                                {
                                                                    "Worker Number": 0,
                                                                    "Actual Startup Time": 132.486,
                                                                    "Actual Total Time": 132.487,
                                                                    "Actual Rows": 90264,
                                                                    "Actual Loops": 1
                                                                },
                                                                {
                                                                    "Worker Number": 1,
                                                                    "Actual Startup Time": 132.495,
                                                                    "Actual Total Time": 132.497,
                                                                    "Actual Rows": 93270,
                                                                    "Actual Loops": 1
                                                                },
                                                                {
                                                                    "Worker Number": 2,
                                                                    "Actual Startup Time": 132.511,
                                                                    "Actual Total Time": 132.513,
                                                                    "Actual Rows": 92576,
                                                                    "Actual Loops": 1
                                                                },
                                                                {
                                                                    "Worker Number": 3,
                                                                    "Actual Startup Time": 132.581,
                                                                    "Actual Total Time": 132.582,
                                                                    "Actual Rows": 90786,
                                                                    "Actual Loops": 1
                                                                },
                                                                {
                                                                    "Worker Number": 4,
                                                                    "Actual Startup Time": 132.685,
                                                                    "Actual Total Time": 132.686,
                                                                    "Actual Rows": 91807,
                                                                    "Actual Loops": 1
                                                                },
                                                                {
                                                                    "Worker Number": 5,
                                                                    "Actual Startup Time": 132.423,
                                                                    "Actual Total Time": 132.424,
                                                                    "Actual Rows": 126104,
                                                                    "Actual Loops": 1
                                                                }
                                                            ],
                                                            "Plans": [
                                                                {
                                                                    "Node Type": "Seq Scan",
                                                                    "Parent Relationship": "Outer",
                                                                    "Parallel Aware": true,
                                                                    "Relation Name": "title",
                                                                    "Schema": "public",
                                                                    "Alias": "t",
                                                                    "Startup Cost": 0.0,
                                                                    "Total Cost": 43899.01,
                                                                    "Plan Rows": 191099,
                                                                    "Plan Width": 4,
                                                                    "Actual Startup Time": 0.043,
                                                                    "Actual Total Time": 79.309,
                                                                    "Actual Rows": 107668,
                                                                    "Actual Loops": 7,
                                                                    "Output": [
                                                                        "t.id"
                                                                    ],
                                                                    "Filter": "(t.kind_id < 3)",
                                                                    "Rows Removed by Filter": 253519,
                                                                    "Workers": [
                                                                        {
                                                                            "Worker Number": 0,
                                                                            "Actual Startup Time": 0.069,
                                                                            "Actual Total Time": 80.184,
                                                                            "Actual Rows": 90264,
                                                                            "Actual Loops": 1
                                                                        },
                                                                        {
                                                                            "Worker Number": 1,
                                                                            "Actual Startup Time": 0.039,
                                                                            "Actual Total Time": 80.813,
                                                                            "Actual Rows": 93270,
                                                                            "Actual Loops": 1
                                                                        },
                                                                        {
                                                                            "Worker Number": 2,
                                                                            "Actual Startup Time": 0.039,
                                                                            "Actual Total Time": 80.555,
                                                                            "Actual Rows": 92576,
                                                                            "Actual Loops": 1
                                                                        },
                                                                        {
                                                                            "Worker Number": 3,
                                                                            "Actual Startup Time": 0.04,
                                                                            "Actual Total Time": 79.78,
                                                                            "Actual Rows": 90786,
                                                                            "Actual Loops": 1
                                                                        },
                                                                        {
                                                                            "Worker Number": 4,
                                                                            "Actual Startup Time": 0.039,
                                                                            "Actual Total Time": 80.732,
                                                                            "Actual Rows": 91807,
                                                                            "Actual Loops": 1
                                                                        },
                                                                        {
                                                                            "Worker Number": 5,
                                                                            "Actual Startup Time": 0.061,
                                                                            "Actual Total Time": 78.855,
                                                                            "Actual Rows": 126104,
                                                                            "Actual Loops": 1
                                                                        }
                                                                    ]
                                                                }
                                                            ]
                                                        }
                                                    ]
                                                }
                                            ]
                                        }
                                    ]
                                }
                            ]
                        }
                    ]
                }
            ]
        },
        "Planning Time": 177.398,
        "Triggers": [],
        "Execution Time": 2619.53
    }
]