{
  "Plan": {
    "Node Type": "Aggregate",
    "Strategy": "Plain",
    "Partial Mode": "Simple",
    "Parallel Aware": false,
    "Startup Cost": 766.29,
    "Total Cost": 766.3,
    "Plan Rows": 1,
    "Plan Width": 8,
    "Actual Startup Time": 70.376,
    "Actual Total Time": 70.377,
    "Actual Rows": 1,
    "Actual Loops": 1,
    "Plans": [
      {
        "Node Type": "Nested Loop",
        "Parent Relationship": "Outer",
        "Parallel Aware": false,
        "Join Type": "Inner",
        "Startup Cost": 1.29,
        "Total Cost": 765.8,
        "Plan Rows": 193,
        "Plan Width": 0,
        "Actual Startup Time": 0.128,
        "Actual Total Time": 65.145,
        "Actual Rows": 83915,
        "Actual Loops": 1,
        "Inner Unique": false,
        "Plans": [
          {
            "Node Type": "Nested Loop",
            "Parent Relationship": "Outer",
            "Parallel Aware": false,
            "Join Type": "Inner",
            "Startup Cost": 0.86,
            "Total Cost": 696.33,
            "Plan Rows": 33,
            "Plan Width": 8,
            "Actual Startup Time": 0.108,
            "Actual Total Time": 13.22,
            "Actual Rows": 1024,
            "Actual Loops": 1,
            "Inner Unique": true,
            "Plans": [
              {
                "Node Type": "Index Scan",
                "Parent Relationship": "Outer",
                "Parallel Aware": false,
                "Scan Direction": "Forward",
                "Index Name": "company_id_movie_companies",
                "Relation Name": "movie_companies",
                "Alias": "mc",
                "Startup Cost": 0.43,
                "Total Cost": 273.83,
                "Plan Rows": 50,
                "Plan Width": 4,
                "Actual Startup Time": 0.085,
                "Actual Total Time": 2.632,
                "Actual Rows": 1740,
                "Actual Loops": 1,
                "Index Cond": "(company_id = 595)",
                "Rows Removed by Index Recheck": 0,
                "Filter": "(company_type_id = 1)",
                "Rows Removed by Filter": 86
              },
              {
                "Node Type": "Index Scan",
                "Parent Relationship": "Inner",
                "Parallel Aware": false,
                "Scan Direction": "Forward",
                "Index Name": "title_pkey",
                "Relation Name": "title",
                "Alias": "t",
                "Startup Cost": 0.43,
                "Total Cost": 8.45,
                "Plan Rows": 1,
                "Plan Width": 4,
                "Actual Startup Time": 0.006,
                "Actual Total Time": 0.006,
                "Actual Rows": 1,
                "Actual Loops": 1740,
                "Index Cond": "(id = mc.movie_id)",
                "Rows Removed by Index Recheck": 0,
                "Filter": "(production_year > 1993)",
                "Rows Removed by Filter": 0
              }
            ]
          },
          {
            "Node Type": "Index Only Scan",
            "Parent Relationship": "Inner",
            "Parallel Aware": false,
            "Scan Direction": "Forward",
            "Index Name": "movie_id_movie_info",
            "Relation Name": "movie_info",
            "Alias": "mi",
            "Startup Cost": 0.43,
            "Total Cost": 1.69,
            "Plan Rows": 42,
            "Plan Width": 4,
            "Actual Startup Time": 0.009,
            "Actual Total Time": 0.043,
            "Actual Rows": 82,
            "Actual Loops": 1024,
            "Index Cond": "(movie_id = t.id)",
            "Rows Removed by Index Recheck": 0,
            "Heap Fetches": 83915
          }
        ]
      }
    ]
  },
  "Planning Time": 1.091,
  "Triggers": [],
  "Execution Time": 70.447
}