[
  {
    "Plan": {
      "Node Type": "Aggregate",
      "Strategy": "Plain",
      "Partial Mode": "Finalize",
      "Parallel Aware": false,
      "Startup Cost": 60448.91,
      "Total Cost": 60448.92,
      "Plan Rows": 1,
      "Plan Width": 8,
      "Actual Startup Time": 222.398,
      "Actual Total Time": 243.619,
      "Actual Rows": 1,
      "Actual Loops": 1,
      "Plans": [
        {
          "Node Type": "Gather",
          "Parent Relationship": "Outer",
          "Parallel Aware": false,
          "Startup Cost": 60448.7,
          "Total Cost": 60448.91,
          "Plan Rows": 2,
          "Plan Width": 8,
          "Actual Startup Time": 221.733,
          "Actual Total Time": 243.612,
          "Actual Rows": 3,
          "Actual Loops": 1,
          "Workers Planned": 2,
          "Workers Launched": 2,
          "Single Copy": false,
          "Plans": [
            {
              "Node Type": "Aggregate",
              "Strategy": "Plain",
              "Partial Mode": "Partial",
              "Parent Relationship": "Outer",
              "Parallel Aware": false,
              "Startup Cost": 59448.7,
              "Total Cost": 59448.71,
              "Plan Rows": 1,
              "Plan Width": 8,
              "Actual Startup Time": 218.328,
              "Actual Total Time": 218.332,
              "Actual Rows": 1,
              "Actual Loops": 3,
              "Plans": [
                {
                  "Node Type": "Hash Join",
                  "Parent Relationship": "Outer",
                  "Parallel Aware": true,
                  "Join Type": "Inner",
                  "Startup Cost": 44199.52,
                  "Total Cost": 59394.08,
                  "Plan Rows": 21847,
                  "Plan Width": 0,
                  "Actual Startup Time": 158.554,
                  "Actual Total Time": 217.877,
                  "Actual Rows": 6672,
                  "Actual Loops": 3,
                  "Inner Unique": true,
                  "Hash Cond": "(mi_idx.movie_id = t.id)",
                  "Plans": [
                    {
                      "Node Type": "Seq Scan",
                      "Parent Relationship": "Outer",
                      "Parallel Aware": true,
                      "Relation Name": "movie_info_idx",
                      "Alias": "mi_idx",
                      "Startup Cost": 0.0,
                      "Total Cost": 13685.15,
                      "Plan Rows": 575015,
                      "Plan Width": 4,
                      "Actual Startup Time": 0.01,
                      "Actual Total Time": 44.872,
                      "Actual Rows": 460012,
                      "Actual Loops": 3
                    },
                    {
                      "Node Type": "Hash",
                      "Parent Relationship": "Inner",
                      "Parallel Aware": true,
                      "Startup Cost": 43899.32,
                      "Total Cost": 43899.32,
                      "Plan Rows": 24016,
                      "Plan Width": 4,
                      "Actual Startup Time": 120.039,
                      "Actual Total Time": 120.04,
                      "Actual Rows": 33731,
                      "Actual Loops": 3,
                      "Hash Buckets": 131072,
                      "Original Hash Buckets": 131072,
                      "Hash Batches": 1,
                      "Original Hash Batches": 1,
                      "Peak Memory Usage": 5056,
                      "Plans": [
                        {
                          "Node Type": "Seq Scan",
                          "Parent Relationship": "Outer",
                          "Parallel Aware": true,
                          "Relation Name": "title",
                          "Alias": "t",
                          "Startup Cost": 0.0,
                          "Total Cost": 43899.32,
                          "Plan Rows": 24016,
                          "Plan Width": 4,
                          "Actual Startup Time": 38.803,
                          "Actual Total Time": 109.904,
                          "Actual Rows": 33731,
                          "Actual Loops": 3,
                          "Filter": "(production_year < 1925)",
                          "Rows Removed by Filter": 809039
                        }
                      ]
                    }
                  ]
                }
              ]
            }
          ]
        }
      ]
    },
    "Planning Time": 0.238,
    "Triggers": [],
    "Execution Time": 243.658
  }
]