[
  {
    "Plan": {
      "Node Type": "Aggregate",
      "Strategy": "Plain",
      "Partial Mode": "Finalize",
      "Parallel Aware": false,
      "Startup Cost": 60459.52,
      "Total Cost": 60459.53,
      "Plan Rows": 1,
      "Plan Width": 8,
      "Actual Startup Time": 251.694,
      "Actual Total Time": 266.407,
      "Actual Rows": 1,
      "Actual Loops": 1,
      "Plans": [
        {
          "Node Type": "Gather",
          "Parent Relationship": "Outer",
          "Parallel Aware": false,
          "Startup Cost": 60459.3,
          "Total Cost": 60459.51,
          "Plan Rows": 2,
          "Plan Width": 8,
          "Actual Startup Time": 250.766,
          "Actual Total Time": 266.397,
          "Actual Rows": 3,
          "Actual Loops": 1,
          "Workers Planned": 2,
          "Workers Launched": 2,
          "Single Copy": false,
          "Plans": [
            {
              "Node Type": "Aggregate",
              "Strategy": "Plain",
              "Partial Mode": "Partial",
              "Parent Relationship": "Outer",
              "Parallel Aware": false,
              "Startup Cost": 59459.3,
              "Total Cost": 59459.31,
              "Plan Rows": 1,
              "Plan Width": 8,
              "Actual Startup Time": 243.59,
              "Actual Total Time": 243.594,
              "Actual Rows": 1,
              "Actual Loops": 3,
              "Plans": [
                {
                  "Node Type": "Hash Join",
                  "Parent Relationship": "Outer",
                  "Parallel Aware": true,
                  "Join Type": "Inner",
                  "Startup Cost": 44208.43,
                  "Total Cost": 59402.99,
                  "Plan Rows": 22526,
                  "Plan Width": 0,
                  "Actual Startup Time": 182.565,
                  "Actual Total Time": 243.152,
                  "Actual Rows": 6672,
                  "Actual Loops": 3,
                  "Inner Unique": true,
                  "Hash Cond": "(mi_idx.movie_id = t.id)",
                  "Plans": [
                    {
                      "Node Type": "Seq Scan",
                      "Parent Relationship": "Outer",
                      "Parallel Aware": true,
                      "Relation Name": "movie_info_idx",
                      "Alias": "mi_idx",
                      "Startup Cost": 0.0,
                      "Total Cost": 13685.15,
                      "Plan Rows": 575015,
                      "Plan Width": 4,
                      "Actual Startup Time": 0.026,
                      "Actual Total Time": 45.338,
                      "Actual Rows": 460012,
                      "Actual Loops": 3
                    },
                    {
                      "Node Type": "Hash",
                      "Parent Relationship": "Inner",
                      "Parallel Aware": true,
                      "Startup Cost": 43898.92,
                      "Total Cost": 43898.92,
                      "Plan Rows": 24761,
                      "Plan Width": 4,
                      "Actual Startup Time": 139.415,
                      "Actual Total Time": 139.416,
                      "Actual Rows": 33731,
                      "Actual Loops": 3,
                      "Hash Buckets": 131072,
                      "Original Hash Buckets": 131072,
                      "Hash Batches": 1,
                      "Original Hash Batches": 1,
                      "Peak Memory Usage": 5024,
                      "Plans": [
                        {
                          "Node Type": "Seq Scan",
                          "Parent Relationship": "Outer",
                          "Parallel Aware": true,
                          "Relation Name": "title",
                          "Alias": "t",
                          "Startup Cost": 0.0,
                          "Total Cost": 43898.92,
                          "Plan Rows": 24761,
                          "Plan Width": 4,
                          "Actual Startup Time": 60.596,
                          "Actual Total Time": 127.987,
                          "Actual Rows": 33731,
                          "Actual Loops": 3,
                          "Filter": "(production_year < 1925)",
                          "Rows Removed by Filter": 809039
                        }
                      ]
                    }
                  ]
                }
              ]
            }
          ]
        }
      ]
    },
    "Planning Time": 0.633,
    "Triggers": [],
    "Execution Time": 266.478
  }
]