[
  {
    "Plan": {
      "Node Type": "Aggregate",
      "Strategy": "Plain",
      "Partial Mode": "Finalize",
      "Parallel Aware": false,
      "Startup Cost": 45456.24,
      "Total Cost": 45456.25,
      "Plan Rows": 1,
      "Plan Width": 8,
      "Actual Startup Time": 169.79,
      "Actual Total Time": 181.343,
      "Actual Rows": 1,
      "Actual Loops": 1,
      "Plans": [
        {
          "Node Type": "Gather",
          "Parent Relationship": "Outer",
          "Parallel Aware": false,
          "Startup Cost": 45455.93,
          "Total Cost": 45456.24,
          "Plan Rows": 3,
          "Plan Width": 8,
          "Actual Startup Time": 169.699,
          "Actual Total Time": 181.331,
          "Actual Rows": 4,
          "Actual Loops": 1,
          "Workers Planned": 3,
          "Workers Launched": 3,
          "Single Copy": false,
          "Plans": [
            {
              "Node Type": "Aggregate",
              "Strategy": "Plain",
              "Partial Mode": "Partial",
              "Parent Relationship": "Outer",
              "Parallel Aware": false,
              "Startup Cost": 44455.93,
              "Total Cost": 44455.94,
              "Plan Rows": 1,
              "Plan Width": 8,
              "Actual Startup Time": 164.457,
              "Actual Total Time": 164.459,
              "Actual Rows": 1,
              "Actual Loops": 4,
              "Plans": [
                {
                  "Node Type": "Seq Scan",
                  "Parent Relationship": "Outer",
                  "Parallel Aware": true,
                  "Relation Name": "movie_keyword",
                  "Alias": "mk",
                  "Startup Cost": 0.0,
                  "Total Cost": 42695.65,
                  "Plan Rows": 704109,
                  "Plan Width": 0,
                  "Actual Startup Time": 0.035,
                  "Actual Total Time": 134.454,
                  "Actual Rows": 549028,
                  "Actual Loops": 4,
                  "Filter": "(keyword_id < 4372)",
                  "Rows Removed by Filter": 581955
                }
              ]
            }
          ]
        }
      ]
    },
    "Planning Time": 0.096,
    "Triggers": [],
    "Execution Time": 181.379
  }
]