[
    {
        "Bao": {
            "Bao prediction": "NaN",
            "Bao recommended hint": "(no hint)"
        }
    },
    {
        "Plan": {
            "Node Type": "Aggregate",
            "Strategy": "Plain",
            "Partial Mode": "Finalize",
            "Parallel Aware": false,
            "Startup Cost": 29900.99,
            "Total Cost": 29901.0,
            "Plan Rows": 1,
            "Plan Width": 8,
            "Actual Startup Time": 77.222,
            "Actual Total Time": 80.559,
            "Actual Rows": 1,
            "Actual Loops": 1,
            "Output": [
                "count(*)"
            ],
            "Plans": [
                {
                    "Node Type": "Gather",
                    "Parent Relationship": "Outer",
                    "Parallel Aware": false,
                    "Startup Cost": 29900.67,
                    "Total Cost": 29900.98,
                    "Plan Rows": 3,
                    "Plan Width": 8,
                    "Actual Startup Time": 77.076,
                    "Actual Total Time": 80.55,
                    "Actual Rows": 4,
                    "Actual Loops": 1,
                    "Output": [
                        "(PARTIAL count(*))"
                    ],
                    "Workers Planned": 3,
                    "Workers Launched": 3,
                    "Single Copy": false,
                    "Plans": [
                        {
                            "Node Type": "Aggregate",
                            "Strategy": "Plain",
                            "Partial Mode": "Partial",
                            "Parent Relationship": "Outer",
                            "Parallel Aware": false,
                            "Startup Cost": 28900.67,
                            "Total Cost": 28900.68,
                            "Plan Rows": 1,
                            "Plan Width": 8,
                            "Actual Startup Time": 68.418,
                            "Actual Total Time": 68.42,
                            "Actual Rows": 1,
                            "Actual Loops": 4,
                            "Output": [
                                "PARTIAL count(*)"
                            ],
                            "Workers": [
                                {
                                    "Worker Number": 0,
                                    "Actual Startup Time": 65.143,
                                    "Actual Total Time": 65.145,
                                    "Actual Rows": 1,
                                    "Actual Loops": 1
                                },
                                {
                                    "Worker Number": 1,
                                    "Actual Startup Time": 65.662,
                                    "Actual Total Time": 65.664,
                                    "Actual Rows": 1,
                                    "Actual Loops": 1
                                },
                                {
                                    "Worker Number": 2,
                                    "Actual Startup Time": 66.094,
                                    "Actual Total Time": 66.095,
                                    "Actual Rows": 1,
                                    "Actual Loops": 1
                                }
                            ],
                            "Plans": [
                                {
                                    "Node Type": "Bitmap Heap Scan",
                                    "Parent Relationship": "Outer",
                                    "Parallel Aware": true,
                                    "Relation Name": "movie_companies",
                                    "Schema": "public",
                                    "Alias": "mc",
                                    "Startup Cost": 8130.05,
                                    "Total Cost": 28745.55,
                                    "Plan Rows": 62047,
                                    "Plan Width": 0,
                                    "Actual Startup Time": 19.654,
                                    "Actual Total Time": 60.912,
                                    "Actual Rows": 95426,
                                    "Actual Loops": 4,
                                    "Recheck Cond": "(mc.company_id > 84083)",
                                    "Rows Removed by Index Recheck": 0,
                                    "Filter": "(mc.company_type_id > 1)",
                                    "Rows Removed by Filter": 0,
                                    "Exact Heap Blocks": 2474,
                                    "Lossy Heap Blocks": 0,
                                    "Workers": [
                                        {
                                            "Worker Number": 0,
                                            "Actual Startup Time": 16.501,
                                            "Actual Total Time": 58.158,
                                            "Actual Rows": 76991,
                                            "Actual Loops": 1
                                        },
                                        {
                                            "Worker Number": 1,
                                            "Actual Startup Time": 16.879,
                                            "Actual Total Time": 58.911,
                                            "Actual Rows": 79701,
                                            "Actual Loops": 1
                                        },
                                        {
                                            "Worker Number": 2,
                                            "Actual Startup Time": 17.449,
                                            "Actual Total Time": 59.162,
                                            "Actual Rows": 78853,
                                            "Actual Loops": 1
                                        }
                                    ],
                                    "Plans": [
                                        {
                                            "Node Type": "Bitmap Index Scan",
                                            "Parent Relationship": "Outer",
                                            "Parallel Aware": false,
                                            "Index Name": "company_id_movie_companies",
                                            "Startup Cost": 0.0,
                                            "Total Cost": 8081.96,
                                            "Plan Rows": 377271,
                                            "Plan Width": 0,
                                            "Actual Startup Time": 26.524,
                                            "Actual Total Time": 26.524,
                                            "Actual Rows": 381702,
                                            "Actual Loops": 1,
                                            "Index Cond": "(mc.company_id > 84083)"
                                        }
                                    ]
                                }
                            ]
                        }
                    ]
                }
            ]
        },
        "Planning Time": 310.817,
        "Triggers": [],
        "Execution Time": 80.618
    }
]