[
  {
    "Plan": {
      "Node Type": "Aggregate",
      "Strategy": "Plain",
      "Partial Mode": "Finalize",
      "Parallel Aware": false,
      "Startup Cost": 32972.76,
      "Total Cost": 32972.77,
      "Plan Rows": 1,
      "Plan Width": 8,
      "Actual Startup Time": 79.378,
      "Actual Total Time": 87.341,
      "Actual Rows": 1,
      "Actual Loops": 1,
      "Plans": [
        {
          "Node Type": "Gather",
          "Parent Relationship": "Outer",
          "Parallel Aware": false,
          "Startup Cost": 32972.45,
          "Total Cost": 32972.76,
          "Plan Rows": 3,
          "Plan Width": 8,
          "Actual Startup Time": 79.28,
          "Actual Total Time": 87.334,
          "Actual Rows": 4,
          "Actual Loops": 1,
          "Workers Planned": 3,
          "Workers Launched": 3,
          "Single Copy": false,
          "Plans": [
            {
              "Node Type": "Aggregate",
              "Strategy": "Plain",
              "Partial Mode": "Partial",
              "Parent Relationship": "Outer",
              "Parallel Aware": false,
              "Startup Cost": 31972.45,
              "Total Cost": 31972.46,
              "Plan Rows": 1,
              "Plan Width": 8,
              "Actual Startup Time": 74.025,
              "Actual Total Time": 74.026,
              "Actual Rows": 1,
              "Actual Loops": 4,
              "Plans": [
                {
                  "Node Type": "Seq Scan",
                  "Parent Relationship": "Outer",
                  "Parallel Aware": true,
                  "Relation Name": "movie_companies",
                  "Alias": "mc",
                  "Startup Cost": 0.0,
                  "Total Cost": 31414.82,
                  "Plan Rows": 223051,
                  "Plan Width": 0,
                  "Actual Startup Time": 38.907,
                  "Actual Total Time": 69.293,
                  "Actual Rows": 110555,
                  "Actual Loops": 4,
                  "Filter": "((company_id < 11695) AND (company_type_id > 1))",
                  "Rows Removed by Filter": 541727
                }
              ]
            }
          ]
        }
      ]
    },
    "Planning Time": 0.102,
    "Triggers": [],
    "Execution Time": 87.377
  }
]