[
  {
    "Plan": {
      "Node Type": "Aggregate",
      "Strategy": "Plain",
      "Partial Mode": "Finalize",
      "Parallel Aware": false,
      "Startup Cost": 399218.91,
      "Total Cost": 399218.92,
      "Plan Rows": 1,
      "Plan Width": 8,
      "Actual Startup Time": 2683.5,
      "Actual Total Time": 2732.304,
      "Actual Rows": 1,
      "Actual Loops": 1,
      "Plans": [
        {
          "Node Type": "Gather",
          "Parent Relationship": "Outer",
          "Parallel Aware": false,
          "Startup Cost": 399218.29,
          "Total Cost": 399218.9,
          "Plan Rows": 6,
          "Plan Width": 8,
          "Actual Startup Time": 2671.858,
          "Actual Total Time": 2732.291,
          "Actual Rows": 7,
          "Actual Loops": 1,
          "Workers Planned": 6,
          "Workers Launched": 6,
          "Single Copy": false,
          "Plans": [
            {
              "Node Type": "Aggregate",
              "Strategy": "Plain",
              "Partial Mode": "Partial",
              "Parent Relationship": "Outer",
              "Parallel Aware": false,
              "Startup Cost": 398218.29,
              "Total Cost": 398218.3,
              "Plan Rows": 1,
              "Plan Width": 8,
              "Actual Startup Time": 2656.494,
              "Actual Total Time": 2656.498,
              "Actual Rows": 1,
              "Actual Loops": 7,
              "Plans": [
                {
                  "Node Type": "Hash Join",
                  "Parent Relationship": "Outer",
                  "Parallel Aware": true,
                  "Join Type": "Inner",
                  "Startup Cost": 50249.26,
                  "Total Cost": 391005.92,
                  "Plan Rows": 2884949,
                  "Plan Width": 0,
                  "Actual Startup Time": 219.975,
                  "Actual Total Time": 2525.73,
                  "Actual Rows": 2445052,
                  "Actual Loops": 7,
                  "Inner Unique": true,
                  "Hash Cond": "(ci.movie_id = t.id)",
                  "Plans": [
                    {
                      "Node Type": "Seq Scan",
                      "Parent Relationship": "Outer",
                      "Parallel Aware": true,
                      "Relation Name": "cast_info",
                      "Alias": "ci",
                      "Startup Cost": 0.0,
                      "Total Cost": 328211.39,
                      "Plan Rows": 4779139,
                      "Plan Width": 4,
                      "Actual Startup Time": 0.04,
                      "Actual Total Time": 723.483,
                      "Actual Rows": 4104368,
                      "Actual Loops": 7,
                      "Filter": "(person_id < 2920939)",
                      "Rows Removed by Filter": 1073396
                    },
                    {
                      "Node Type": "Hash",
                      "Parent Relationship": "Inner",
                      "Parallel Aware": true,
                      "Startup Cost": 45479.59,
                      "Total Cost": 45479.59,
                      "Plan Rows": 381574,
                      "Plan Width": 4,
                      "Actual Startup Time": 214.86,
                      "Actual Total Time": 214.861,
                      "Actual Rows": 215319,
                      "Actual Loops": 7,
                      "Hash Buckets": 2097152,
                      "Original Hash Buckets": 2097152,
                      "Hash Batches": 1,
                      "Original Hash Batches": 1,
                      "Peak Memory Usage": 75520,
                      "Plans": [
                        {
                          "Node Type": "Seq Scan",
                          "Parent Relationship": "Outer",
                          "Parallel Aware": true,
                          "Relation Name": "title",
                          "Alias": "t",
                          "Startup Cost": 0.0,
                          "Total Cost": 45479.59,
                          "Plan Rows": 381574,
                          "Plan Width": 4,
                          "Actual Startup Time": 0.048,
                          "Actual Total Time": 91.585,
                          "Actual Rows": 215319,
                          "Actual Loops": 7,
                          "Filter": "((kind_id > 1) AND (production_year < 2011))",
                          "Rows Removed by Filter": 145868
                        }
                      ]
                    }
                  ]
                }
              ]
            }
          ]
        }
      ]
    },
    "Planning Time": 0.614,
    "Triggers": [],
    "Execution Time": 2732.39
  }
]