[
  {
    "Plan": {
      "Node Type": "Aggregate",
      "Strategy": "Plain",
      "Partial Mode": "Finalize",
      "Parallel Aware": false,
      "Startup Cost": 399115.35,
      "Total Cost": 399115.36,
      "Plan Rows": 1,
      "Plan Width": 8,
      "Actual Startup Time": 2400.098,
      "Actual Total Time": 2466.115,
      "Actual Rows": 1,
      "Actual Loops": 1,
      "Plans": [
        {
          "Node Type": "Gather",
          "Parent Relationship": "Outer",
          "Parallel Aware": false,
          "Startup Cost": 399114.72,
          "Total Cost": 399115.33,
          "Plan Rows": 6,
          "Plan Width": 8,
          "Actual Startup Time": 2384.629,
          "Actual Total Time": 2466.102,
          "Actual Rows": 7,
          "Actual Loops": 1,
          "Workers Planned": 6,
          "Workers Launched": 6,
          "Single Copy": false,
          "Plans": [
            {
              "Node Type": "Aggregate",
              "Strategy": "Plain",
              "Partial Mode": "Partial",
              "Parent Relationship": "Outer",
              "Parallel Aware": false,
              "Startup Cost": 398114.72,
              "Total Cost": 398114.73,
              "Plan Rows": 1,
              "Plan Width": 8,
              "Actual Startup Time": 2369.428,
              "Actual Total Time": 2369.431,
              "Actual Rows": 1,
              "Actual Loops": 7,
              "Plans": [
                {
                  "Node Type": "Hash Join",
                  "Parent Relationship": "Outer",
                  "Parallel Aware": true,
                  "Join Type": "Inner",
                  "Startup Cost": 50240.24,
                  "Total Cost": 390926.79,
                  "Plan Rows": 2875174,
                  "Plan Width": 0,
                  "Actual Startup Time": 187.475,
                  "Actual Total Time": 2261.673,
                  "Actual Rows": 2445052,
                  "Actual Loops": 7,
                  "Inner Unique": true,
                  "Hash Cond": "(ci.movie_id = t.id)",
                  "Plans": [
                    {
                      "Node Type": "Seq Scan",
                      "Parent Relationship": "Outer",
                      "Parallel Aware": true,
                      "Relation Name": "cast_info",
                      "Alias": "ci",
                      "Startup Cost": 0.0,
                      "Total Cost": 328162.03,
                      "Plan Rows": 4771239,
                      "Plan Width": 4,
                      "Actual Startup Time": 0.021,
                      "Actual Total Time": 630.92,
                      "Actual Rows": 4104368,
                      "Actual Loops": 7,
                      "Filter": "(person_id < 2920939)",
                      "Rows Removed by Filter": 1073396
                    },
                    {
                      "Node Type": "Hash",
                      "Parent Relationship": "Inner",
                      "Parallel Aware": true,
                      "Startup Cost": 45479.1,
                      "Total Cost": 45479.1,
                      "Plan Rows": 380891,
                      "Plan Width": 4,
                      "Actual Startup Time": 182.499,
                      "Actual Total Time": 182.5,
                      "Actual Rows": 215319,
                      "Actual Loops": 7,
                      "Hash Buckets": 2097152,
                      "Original Hash Buckets": 2097152,
                      "Hash Batches": 1,
                      "Original Hash Batches": 1,
                      "Peak Memory Usage": 75520,
                      "Plans": [
                        {
                          "Node Type": "Seq Scan",
                          "Parent Relationship": "Outer",
                          "Parallel Aware": true,
                          "Relation Name": "title",
                          "Alias": "t",
                          "Startup Cost": 0.0,
                          "Total Cost": 45479.1,
                          "Plan Rows": 380891,
                          "Plan Width": 4,
                          "Actual Startup Time": 0.041,
                          "Actual Total Time": 79.066,
                          "Actual Rows": 215319,
                          "Actual Loops": 7,
                          "Filter": "((kind_id > 1) AND (production_year < 2011))",
                          "Rows Removed by Filter": 145868
                        }
                      ]
                    }
                  ]
                }
              ]
            }
          ]
        }
      ]
    },
    "Planning Time": 0.63,
    "Triggers": [],
    "Execution Time": 2466.202
  }
]