[
  {
    "Plan": {
      "Node Type": "Aggregate",
      "Strategy": "Plain",
      "Partial Mode": "Finalize",
      "Parallel Aware": false,
      "Startup Cost": 33377.37,
      "Total Cost": 33377.38,
      "Plan Rows": 1,
      "Plan Width": 8,
      "Actual Startup Time": 104.898,
      "Actual Total Time": 112.5,
      "Actual Rows": 1,
      "Actual Loops": 1,
      "Plans": [
        {
          "Node Type": "Gather",
          "Parent Relationship": "Outer",
          "Parallel Aware": false,
          "Startup Cost": 33377.05,
          "Total Cost": 33377.36,
          "Plan Rows": 3,
          "Plan Width": 8,
          "Actual Startup Time": 104.809,
          "Actual Total Time": 112.493,
          "Actual Rows": 4,
          "Actual Loops": 1,
          "Workers Planned": 3,
          "Workers Launched": 3,
          "Single Copy": false,
          "Plans": [
            {
              "Node Type": "Aggregate",
              "Strategy": "Plain",
              "Partial Mode": "Partial",
              "Parent Relationship": "Outer",
              "Parallel Aware": false,
              "Startup Cost": 32377.05,
              "Total Cost": 32377.06,
              "Plan Rows": 1,
              "Plan Width": 8,
              "Actual Startup Time": 98.028,
              "Actual Total Time": 98.029,
              "Actual Rows": 1,
              "Actual Loops": 4,
              "Plans": [
                {
                  "Node Type": "Seq Scan",
                  "Parent Relationship": "Outer",
                  "Parallel Aware": true,
                  "Relation Name": "movie_companies",
                  "Alias": "mc",
                  "Startup Cost": 0.0,
                  "Total Cost": 31414.82,
                  "Plan Rows": 384893,
                  "Plan Width": 0,
                  "Actual Startup Time": 44.686,
                  "Actual Total Time": 84.083,
                  "Actual Rows": 317750,
                  "Actual Loops": 4,
                  "Filter": "((company_id > 141) AND (company_type_id = 2))",
                  "Rows Removed by Filter": 334532
                }
              ]
            }
          ]
        }
      ]
    },
    "Planning Time": 0.133,
    "Triggers": [],
    "Execution Time": 112.545
  }
]