[
  {
    "Plan": {
      "Node Type": "Aggregate",
      "Strategy": "Plain",
      "Partial Mode": "Finalize",
      "Parallel Aware": false,
      "Startup Cost": 33371.95,
      "Total Cost": 33371.96,
      "Plan Rows": 1,
      "Plan Width": 8,
      "Actual Startup Time": 106.233,
      "Actual Total Time": 114.164,
      "Actual Rows": 1,
      "Actual Loops": 1,
      "Plans": [
        {
          "Node Type": "Gather",
          "Parent Relationship": "Outer",
          "Parallel Aware": false,
          "Startup Cost": 33371.63,
          "Total Cost": 33371.94,
          "Plan Rows": 3,
          "Plan Width": 8,
          "Actual Startup Time": 106.09,
          "Actual Total Time": 114.154,
          "Actual Rows": 4,
          "Actual Loops": 1,
          "Workers Planned": 3,
          "Workers Launched": 3,
          "Single Copy": false,
          "Plans": [
            {
              "Node Type": "Aggregate",
              "Strategy": "Plain",
              "Partial Mode": "Partial",
              "Parent Relationship": "Outer",
              "Parallel Aware": false,
              "Startup Cost": 32371.63,
              "Total Cost": 32371.64,
              "Plan Rows": 1,
              "Plan Width": 8,
              "Actual Startup Time": 98.265,
              "Actual Total Time": 98.267,
              "Actual Rows": 1,
              "Actual Loops": 4,
              "Plans": [
                {
                  "Node Type": "Seq Scan",
                  "Parent Relationship": "Outer",
                  "Parallel Aware": true,
                  "Relation Name": "movie_companies",
                  "Alias": "mc",
                  "Startup Cost": 0.0,
                  "Total Cost": 31414.82,
                  "Plan Rows": 382724,
                  "Plan Width": 0,
                  "Actual Startup Time": 50.086,
                  "Actual Total Time": 86.053,
                  "Actual Rows": 317750,
                  "Actual Loops": 4,
                  "Filter": "((company_id > 141) AND (company_type_id = 2))",
                  "Rows Removed by Filter": 334532
                }
              ]
            }
          ]
        }
      ]
    },
    "Planning Time": 0.222,
    "Triggers": [],
    "Execution Time": 114.222
  }
]