[
  {
    "Plan": {
      "Node Type": "Aggregate",
      "Strategy": "Plain",
      "Partial Mode": "Finalize",
      "Parallel Aware": false,
      "Startup Cost": 82369.63,
      "Total Cost": 82369.64,
      "Plan Rows": 1,
      "Plan Width": 8,
      "Actual Startup Time": 391.712,
      "Actual Total Time": 407.429,
      "Actual Rows": 1,
      "Actual Loops": 1,
      "Plans": [
        {
          "Node Type": "Gather",
          "Parent Relationship": "Outer",
          "Parallel Aware": false,
          "Startup Cost": 82369.31,
          "Total Cost": 82369.62,
          "Plan Rows": 3,
          "Plan Width": 8,
          "Actual Startup Time": 387.498,
          "Actual Total Time": 407.412,
          "Actual Rows": 4,
          "Actual Loops": 1,
          "Workers Planned": 3,
          "Workers Launched": 3,
          "Single Copy": false,
          "Plans": [
            {
              "Node Type": "Aggregate",
              "Strategy": "Plain",
              "Partial Mode": "Partial",
              "Parent Relationship": "Outer",
              "Parallel Aware": false,
              "Startup Cost": 81369.31,
              "Total Cost": 81369.32,
              "Plan Rows": 1,
              "Plan Width": 8,
              "Actual Startup Time": 375.263,
              "Actual Total Time": 375.266,
              "Actual Rows": 1,
              "Actual Loops": 4,
              "Plans": [
                {
                  "Node Type": "Hash Join",
                  "Parent Relationship": "Outer",
                  "Parallel Aware": true,
                  "Join Type": "Inner",
                  "Startup Cost": 49072.32,
                  "Total Cost": 81102.73,
                  "Plan Rows": 106632,
                  "Plan Width": 0,
                  "Actual Startup Time": 294.46,
                  "Actual Total Time": 373.695,
                  "Actual Rows": 32394,
                  "Actual Loops": 4,
                  "Inner Unique": true,
                  "Hash Cond": "(mc.movie_id = t.id)",
                  "Plans": [
                    {
                      "Node Type": "Seq Scan",
                      "Parent Relationship": "Outer",
                      "Parallel Aware": true,
                      "Relation Name": "movie_companies",
                      "Alias": "mc",
                      "Startup Cost": 0.0,
                      "Total Cost": 31414.82,
                      "Plan Rows": 234510,
                      "Plan Width": 4,
                      "Actual Startup Time": 35.256,
                      "Actual Total Time": 69.712,
                      "Actual Rows": 114316,
                      "Actual Loops": 4,
                      "Filter": "((company_id < 12673) AND (company_type_id > 1))",
                      "Rows Removed by Filter": 537966
                    },
                    {
                      "Node Type": "Hash",
                      "Parent Relationship": "Inner",
                      "Parallel Aware": true,
                      "Startup Cost": 45479.59,
                      "Total Cost": 45479.59,
                      "Plan Rows": 287419,
                      "Plan Width": 4,
                      "Actual Startup Time": 251.145,
                      "Actual Total Time": 251.146,
                      "Actual Rows": 308822,
                      "Actual Loops": 4,
                      "Hash Buckets": 2097152,
                      "Original Hash Buckets": 2097152,
                      "Hash Batches": 1,
                      "Original Hash Batches": 1,
                      "Peak Memory Usage": 64768,
                      "Plans": [
                        {
                          "Node Type": "Seq Scan",
                          "Parent Relationship": "Outer",
                          "Parallel Aware": true,
                          "Relation Name": "title",
                          "Alias": "t",
                          "Startup Cost": 0.0,
                          "Total Cost": 45479.59,
                          "Plan Rows": 287419,
                          "Plan Width": 4,
                          "Actual Startup Time": 0.055,
                          "Actual Total Time": 117.24,
                          "Actual Rows": 308822,
                          "Actual Loops": 4,
                          "Filter": "((production_year > 1984) AND (kind_id = 7))",
                          "Rows Removed by Filter": 323256
                        }
                      ]
                    }
                  ]
                }
              ]
            }
          ]
        }
      ]
    },
    "Planning Time": 0.724,
    "Triggers": [],
    "Execution Time": 407.502
  }
]