[
  {
    "Plan": {
      "Node Type": "Aggregate",
      "Strategy": "Plain",
      "Partial Mode": "Finalize",
      "Parallel Aware": false,
      "Startup Cost": 251189.07,
      "Total Cost": 251189.08,
      "Plan Rows": 1,
      "Plan Width": 8,
      "Actual Startup Time": 669.833,
      "Actual Total Time": 713.738,
      "Actual Rows": 1,
      "Actual Loops": 1,
      "Plans": [
        {
          "Node Type": "Gather",
          "Parent Relationship": "Outer",
          "Parallel Aware": false,
          "Startup Cost": 251188.55,
          "Total Cost": 251189.06,
          "Plan Rows": 5,
          "Plan Width": 8,
          "Actual Startup Time": 651.624,
          "Actual Total Time": 713.726,
          "Actual Rows": 6,
          "Actual Loops": 1,
          "Workers Planned": 5,
          "Workers Launched": 5,
          "Single Copy": false,
          "Plans": [
            {
              "Node Type": "Aggregate",
              "Strategy": "Plain",
              "Partial Mode": "Partial",
              "Parent Relationship": "Outer",
              "Parallel Aware": false,
              "Startup Cost": 250188.55,
              "Total Cost": 250188.56,
              "Plan Rows": 1,
              "Plan Width": 8,
              "Actual Startup Time": 637.605,
              "Actual Total Time": 637.61,
              "Actual Rows": 1,
              "Actual Loops": 6,
              "Plans": [
                {
                  "Node Type": "Hash Join",
                  "Parent Relationship": "Outer",
                  "Parallel Aware": true,
                  "Join Type": "Inner",
                  "Startup Cost": 49522.2,
                  "Total Cost": 249496.03,
                  "Plan Rows": 277007,
                  "Plan Width": 0,
                  "Actual Startup Time": 243.35,
                  "Actual Total Time": 627.635,
                  "Actual Rows": 216705,
                  "Actual Loops": 6,
                  "Inner Unique": true,
                  "Hash Cond": "(mi.movie_id = t.id)",
                  "Plans": [
                    {
                      "Node Type": "Seq Scan",
                      "Parent Relationship": "Outer",
                      "Parallel Aware": true,
                      "Relation Name": "movie_info",
                      "Alias": "mi",
                      "Startup Cost": 0.0,
                      "Total Cost": 198952.16,
                      "Plan Rows": 389205,
                      "Plan Width": 4,
                      "Actual Startup Time": 17.24,
                      "Actual Total Time": 306.304,
                      "Actual Rows": 310939,
                      "Actual Loops": 6,
                      "Filter": "(info_type_id > 17)",
                      "Rows Removed by Filter": 2161681
                    },
                    {
                      "Node Type": "Hash",
                      "Parent Relationship": "Inner",
                      "Parallel Aware": true,
                      "Startup Cost": 43898.92,
                      "Total Cost": 43898.92,
                      "Plan Rows": 449863,
                      "Plan Width": 4,
                      "Actual Startup Time": 220.594,
                      "Actual Total Time": 220.595,
                      "Actual Rows": 298897,
                      "Actual Loops": 6,
                      "Hash Buckets": 2097152,
                      "Original Hash Buckets": 2097152,
                      "Hash Batches": 1,
                      "Original Hash Batches": 1,
                      "Peak Memory Usage": 86656,
                      "Plans": [
                        {
                          "Node Type": "Seq Scan",
                          "Parent Relationship": "Outer",
                          "Parallel Aware": true,
                          "Relation Name": "title",
                          "Alias": "t",
                          "Startup Cost": 0.0,
                          "Total Cost": 43898.92,
                          "Plan Rows": 449863,
                          "Plan Width": 4,
                          "Actual Startup Time": 0.037,
                          "Actual Total Time": 92.453,
                          "Actual Rows": 298897,
                          "Actual Loops": 6,
                          "Filter": "(production_year > 1988)",
                          "Rows Removed by Filter": 122488
                        }
                      ]
                    }
                  ]
                }
              ]
            }
          ]
        }
      ]
    },
    "Planning Time": 0.592,
    "Triggers": [],
    "Execution Time": 713.82
  }
]