[
  {
    "Plan": {
      "Node Type": "Aggregate",
      "Strategy": "Plain",
      "Partial Mode": "Finalize",
      "Parallel Aware": false,
      "Startup Cost": 337777.82,
      "Total Cost": 337777.83,
      "Plan Rows": 1,
      "Plan Width": 8,
      "Actual Startup Time": 1493.186,
      "Actual Total Time": 1524.837,
      "Actual Rows": 1,
      "Actual Loops": 1,
      "Plans": [
        {
          "Node Type": "Gather",
          "Parent Relationship": "Outer",
          "Parallel Aware": false,
          "Startup Cost": 337777.2,
          "Total Cost": 337777.81,
          "Plan Rows": 6,
          "Plan Width": 8,
          "Actual Startup Time": 1468.479,
          "Actual Total Time": 1524.823,
          "Actual Rows": 7,
          "Actual Loops": 1,
          "Workers Planned": 6,
          "Workers Launched": 6,
          "Single Copy": false,
          "Plans": [
            {
              "Node Type": "Aggregate",
              "Strategy": "Plain",
              "Partial Mode": "Partial",
              "Parent Relationship": "Outer",
              "Parallel Aware": false,
              "Startup Cost": 336777.2,
              "Total Cost": 336777.21,
              "Plan Rows": 1,
              "Plan Width": 8,
              "Actual Startup Time": 1452.634,
              "Actual Total Time": 1453.131,
              "Actual Rows": 1,
              "Actual Loops": 7,
              "Plans": [
                {
                  "Node Type": "Hash Join",
                  "Parent Relationship": "Outer",
                  "Parallel Aware": true,
                  "Join Type": "Inner",
                  "Startup Cost": 72602.46,
                  "Total Cost": 335098.69,
                  "Plan Rows": 671401,
                  "Plan Width": 0,
                  "Actual Startup Time": 484.046,
                  "Actual Total Time": 1363.915,
                  "Actual Rows": 1538886,
                  "Actual Loops": 7,
                  "Inner Unique": false,
                  "Hash Cond": "(ci.movie_id = t.id)",
                  "Plans": [
                    {
                      "Node Type": "Index Scan",
                      "Parent Relationship": "Outer",
                      "Parallel Aware": true,
                      "Scan Direction": "Forward",
                      "Index Name": "role_id_cast_info",
                      "Relation Name": "cast_info",
                      "Alias": "ci",
                      "Startup Cost": 0.56,
                      "Total Cost": 255086.64,
                      "Plan Rows": 1230040,
                      "Plan Width": 4,
                      "Actual Startup Time": 0.293,
                      "Actual Total Time": 353.751,
                      "Actual Rows": 1186208,
                      "Actual Loops": 7,
                      "Index Cond": "(role_id > 4)",
                      "Rows Removed by Index Recheck": 0,
                      "Filter": "(person_id > 803368)",
                      "Rows Removed by Filter": 154464
                    },
                    {
                      "Node Type": "Hash",
                      "Parent Relationship": "Inner",
                      "Parallel Aware": true,
                      "Startup Cost": 65414.21,
                      "Total Cost": 65414.21,
                      "Plan Rows": 575015,
                      "Plan Width": 8,
                      "Actual Startup Time": 478.982,
                      "Actual Total Time": 479.477,
                      "Actual Rows": 197148,
                      "Actual Loops": 7,
                      "Hash Buckets": 2097152,
                      "Original Hash Buckets": 2097152,
                      "Hash Batches": 1,
                      "Original Hash Batches": 1,
                      "Peak Memory Usage": 70464,
                      "Plans": [
                        {
                          "Node Type": "Hash Join",
                          "Parent Relationship": "Outer",
                          "Parallel Aware": true,
                          "Join Type": "Inner",
                          "Startup Cost": 50219.64,
                          "Total Cost": 65414.21,
                          "Plan Rows": 575015,
                          "Plan Width": 8,
                          "Actual Startup Time": 293.386,
                          "Actual Total Time": 396.918,
                          "Actual Rows": 197148,
                          "Actual Loops": 7,
                          "Inner Unique": true,
                          "Hash Cond": "(mi_idx.movie_id = t.id)",
                          "Plans": [
                            {
                              "Node Type": "Seq Scan",
                              "Parent Relationship": "Outer",
                              "Parallel Aware": true,
                              "Relation Name": "movie_info_idx",
                              "Alias": "mi_idx",
                              "Startup Cost": 0.0,
                              "Total Cost": 13685.15,
                              "Plan Rows": 575015,
                              "Plan Width": 4,
                              "Actual Startup Time": 0.037,
                              "Actual Total Time": 26.522,
                              "Actual Rows": 197148,
                              "Actual Loops": 7
                            },
                            {
                              "Node Type": "Hash",
                              "Parent Relationship": "Inner",
                              "Parallel Aware": true,
                              "Startup Cost": 42318.73,
                              "Total Cost": 42318.73,
                              "Plan Rows": 632073,
                              "Plan Width": 4,
                              "Actual Startup Time": 289.361,
                              "Actual Total Time": 289.362,
                              "Actual Rows": 361187,
                              "Actual Loops": 7,
                              "Hash Buckets": 4194304,
                              "Original Hash Buckets": 4194304,
                              "Hash Batches": 1,
                              "Original Hash Batches": 1,
                              "Peak Memory Usage": 131776,
                              "Plans": [
                                {
                                  "Node Type": "Seq Scan",
                                  "Parent Relationship": "Outer",
                                  "Parallel Aware": true,
                                  "Relation Name": "title",
                                  "Alias": "t",
                                  "Startup Cost": 0.0,
                                  "Total Cost": 42318.73,
                                  "Plan Rows": 632073,
                                  "Plan Width": 4,
                                  "Actual Startup Time": 0.04,
                                  "Actual Total Time": 86.54,
                                  "Actual Rows": 361187,
                                  "Actual Loops": 7
                                }
                              ]
                            }
                          ]
                        }
                      ]
                    }
                  ]
                }
              ]
            }
          ]
        }
      ]
    },
    "Planning Time": 1.26,
    "Triggers": [],
    "Execution Time": 1524.925
  }
]