[
    {
        "Bao": {
            "Bao prediction": "NaN",
            "Bao recommended hint": "(no hint)"
        }
    },
    {
        "Plan": {
            "Node Type": "Aggregate",
            "Strategy": "Plain",
            "Partial Mode": "Finalize",
            "Parallel Aware": false,
            "Startup Cost": 345837.03,
            "Total Cost": 345837.04,
            "Plan Rows": 1,
            "Plan Width": 8,
            "Actual Startup Time": 626.552,
            "Actual Total Time": 653.18,
            "Actual Rows": 1,
            "Actual Loops": 1,
            "Output": [
                "count(*)"
            ],
            "Plans": [
                {
                    "Node Type": "Gather",
                    "Parent Relationship": "Outer",
                    "Parallel Aware": false,
                    "Startup Cost": 345836.41,
                    "Total Cost": 345837.02,
                    "Plan Rows": 6,
                    "Plan Width": 8,
                    "Actual Startup Time": 626.465,
                    "Actual Total Time": 653.169,
                    "Actual Rows": 7,
                    "Actual Loops": 1,
                    "Output": [
                        "(PARTIAL count(*))"
                    ],
                    "Workers Planned": 6,
                    "Workers Launched": 6,
                    "Single Copy": false,
                    "Plans": [
                        {
                            "Node Type": "Aggregate",
                            "Strategy": "Plain",
                            "Partial Mode": "Partial",
                            "Parent Relationship": "Outer",
                            "Parallel Aware": false,
                            "Startup Cost": 344836.41,
                            "Total Cost": 344836.42,
                            "Plan Rows": 1,
                            "Plan Width": 8,
                            "Actual Startup Time": 616.347,
                            "Actual Total Time": 616.348,
                            "Actual Rows": 1,
                            "Actual Loops": 7,
                            "Output": [
                                "PARTIAL count(*)"
                            ],
                            "Workers": [
                                {
                                    "Worker Number": 0,
                                    "Actual Startup Time": 614.187,
                                    "Actual Total Time": 614.188,
                                    "Actual Rows": 1,
                                    "Actual Loops": 1
                                },
                                {
                                    "Worker Number": 1,
                                    "Actual Startup Time": 614.693,
                                    "Actual Total Time": 614.694,
                                    "Actual Rows": 1,
                                    "Actual Loops": 1
                                },
                                {
                                    "Worker Number": 2,
                                    "Actual Startup Time": 614.735,
                                    "Actual Total Time": 614.737,
                                    "Actual Rows": 1,
                                    "Actual Loops": 1
                                },
                                {
                                    "Worker Number": 3,
                                    "Actual Startup Time": 614.827,
                                    "Actual Total Time": 614.829,
                                    "Actual Rows": 1,
                                    "Actual Loops": 1
                                },
                                {
                                    "Worker Number": 4,
                                    "Actual Startup Time": 615.175,
                                    "Actual Total Time": 615.176,
                                    "Actual Rows": 1,
                                    "Actual Loops": 1
                                },
                                {
                                    "Worker Number": 5,
                                    "Actual Startup Time": 615.198,
                                    "Actual Total Time": 615.199,
                                    "Actual Rows": 1,
                                    "Actual Loops": 1
                                }
                            ],
                            "Plans": [
                                {
                                    "Node Type": "Seq Scan",
                                    "Parent Relationship": "Outer",
                                    "Parallel Aware": true,
                                    "Relation Name": "cast_info",
                                    "Schema": "public",
                                    "Alias": "ci",
                                    "Startup Cost": 0.0,
                                    "Total Cost": 343318.94,
                                    "Plan Rows": 606988,
                                    "Plan Width": 0,
                                    "Actual Startup Time": 383.221,
                                    "Actual Total Time": 579.37,
                                    "Actual Rows": 797881,
                                    "Actual Loops": 7,
                                    "Output": [
                                        "id",
                                        "person_id",
                                        "movie_id",
                                        "person_role_id",
                                        "note",
                                        "nr_order",
                                        "role_id"
                                    ],
                                    "Filter": "((ci.person_id > 3093840) AND (ci.role_id > 1))",
                                    "Rows Removed by Filter": 4379882,
                                    "Workers": [
                                        {
                                            "Worker Number": 0,
                                            "Actual Startup Time": 381.07,
                                            "Actual Total Time": 577.351,
                                            "Actual Rows": 867653,
                                            "Actual Loops": 1
                                        },
                                        {
                                            "Worker Number": 1,
                                            "Actual Startup Time": 381.554,
                                            "Actual Total Time": 578.181,
                                            "Actual Rows": 864846,
                                            "Actual Loops": 1
                                        },
                                        {
                                            "Worker Number": 2,
                                            "Actual Startup Time": 381.607,
                                            "Actual Total Time": 578.575,
                                            "Actual Rows": 855913,
                                            "Actual Loops": 1
                                        },
                                        {
                                            "Worker Number": 3,
                                            "Actual Startup Time": 381.713,
                                            "Actual Total Time": 578.497,
                                            "Actual Rows": 860557,
                                            "Actual Loops": 1
                                        },
                                        {
                                            "Worker Number": 4,
                                            "Actual Startup Time": 382.06,
                                            "Actual Total Time": 578.588,
                                            "Actual Rows": 541081,
                                            "Actual Loops": 1
                                        },
                                        {
                                            "Worker Number": 5,
                                            "Actual Startup Time": 382.068,
                                            "Actual Total Time": 579.095,
                                            "Actual Rows": 529187,
                                            "Actual Loops": 1
                                        }
                                    ]
                                }
                            ]
                        }
                    ]
                }
            ]
        },
        "Planning Time": 192.071,
        "Triggers": [],
        "Execution Time": 653.268
    }
]