[
  {
    "Plan": {
      "Node Type": "Aggregate",
      "Strategy": "Plain",
      "Partial Mode": "Finalize",
      "Parallel Aware": false,
      "Startup Cost": 45107.88,
      "Total Cost": 45107.89,
      "Plan Rows": 1,
      "Plan Width": 8,
      "Actual Startup Time": 136.78,
      "Actual Total Time": 146.082,
      "Actual Rows": 1,
      "Actual Loops": 1,
      "Plans": [
        {
          "Node Type": "Gather",
          "Parent Relationship": "Outer",
          "Parallel Aware": false,
          "Startup Cost": 45107.56,
          "Total Cost": 45107.87,
          "Plan Rows": 3,
          "Plan Width": 8,
          "Actual Startup Time": 136.698,
          "Actual Total Time": 146.074,
          "Actual Rows": 4,
          "Actual Loops": 1,
          "Workers Planned": 3,
          "Workers Launched": 3,
          "Single Copy": false,
          "Plans": [
            {
              "Node Type": "Aggregate",
              "Strategy": "Plain",
              "Partial Mode": "Partial",
              "Parent Relationship": "Outer",
              "Parallel Aware": false,
              "Startup Cost": 44107.56,
              "Total Cost": 44107.57,
              "Plan Rows": 1,
              "Plan Width": 8,
              "Actual Startup Time": 130.417,
              "Actual Total Time": 130.418,
              "Actual Rows": 1,
              "Actual Loops": 4,
              "Plans": [
                {
                  "Node Type": "Seq Scan",
                  "Parent Relationship": "Outer",
                  "Parallel Aware": true,
                  "Relation Name": "movie_keyword",
                  "Alias": "mk",
                  "Startup Cost": 0.0,
                  "Total Cost": 42695.65,
                  "Plan Rows": 564762,
                  "Plan Width": 0,
                  "Actual Startup Time": 0.933,
                  "Actual Total Time": 109.472,
                  "Actual Rows": 438511,
                  "Actual Loops": 4,
                  "Filter": "(keyword_id > 7920)",
                  "Rows Removed by Filter": 692472
                }
              ]
            }
          ]
        }
      ]
    },
    "Planning Time": 0.128,
    "Triggers": [],
    "Execution Time": 146.127
  }
]