{
  "Plan": {
    "Node Type": "Aggregate",
    "Strategy": "Plain",
    "Partial Mode": "Finalize",
    "Parallel Aware": false,
    "Startup Cost": 329025.19,
    "Total Cost": 329025.2,
    "Plan Rows": 1,
    "Plan Width": 8,
    "Actual Startup Time": 1755.257,
    "Actual Total Time": 1799.382,
    "Actual Rows": 1,
    "Actual Loops": 1,
    "Plans": [
      {
        "Node Type": "Gather",
        "Parent Relationship": "Outer",
        "Parallel Aware": false,
        "Startup Cost": 329025.08,
        "Total Cost": 329025.19,
        "Plan Rows": 1,
        "Plan Width": 8,
        "Actual Startup Time": 1744.832,
        "Actual Total Time": 1799.372,
        "Actual Rows": 2,
        "Actual Loops": 1,
        "Workers Planned": 1,
        "Workers Launched": 1,
        "Single Copy": false,
        "Plans": [
          {
            "Node Type": "Aggregate",
            "Strategy": "Plain",
            "Partial Mode": "Partial",
            "Parent Relationship": "Outer",
            "Parallel Aware": false,
            "Startup Cost": 328025.08,
            "Total Cost": 328025.09,
            "Plan Rows": 1,
            "Plan Width": 8,
            "Actual Startup Time": 1729.539,
            "Actual Total Time": 1729.546,
            "Actual Rows": 1,
            "Actual Loops": 2,
            "Plans": [
              {
                "Node Type": "Hash Join",
                "Parent Relationship": "Outer",
                "Parallel Aware": true,
                "Join Type": "Inner",
                "Startup Cost": 161774.11,
                "Total Cost": 327727.04,
                "Plan Rows": 119216,
                "Plan Width": 0,
                "Actual Startup Time": 1525.866,
                "Actual Total Time": 1666.346,
                "Actual Rows": 1491070,
                "Actual Loops": 2,
                "Inner Unique": false,
                "Hash Cond": "(mi.movie_id = t.id)",
                "Plans": [
                  {
                    "Node Type": "Bitmap Heap Scan",
                    "Parent Relationship": "Outer",
                    "Parallel Aware": true,
                    "Relation Name": "movie_info",
                    "Alias": "mi",
                    "Startup Cost": 2584.16,
                    "Total Cost": 167416.95,
                    "Plan Rows": 83774,
                    "Plan Width": 4,
                    "Actual Startup Time": 8.697,
                    "Actual Total Time": 18.102,
                    "Actual Rows": 70032,
                    "Actual Loops": 2,
                    "Recheck Cond": "(info_type_id = 9)",
                    "Rows Removed by Index Recheck": 0,
                    "Exact Heap Blocks": 849,
                    "Lossy Heap Blocks": 0,
                    "Plans": [
                      {
                        "Node Type": "Bitmap Index Scan",
                        "Parent Relationship": "Outer",
                        "Parallel Aware": false,
                        "Index Name": "info_type_id_movie_info",
                        "Startup Cost": 0.0,
                        "Total Cost": 2548.55,
                        "Plan Rows": 142416,
                        "Plan Width": 0,
                        "Actual Startup Time": 8.507,
                        "Actual Total Time": 8.507,
                        "Actual Rows": 140065,
                        "Actual Loops": 1,
                        "Index Cond": "(info_type_id = 9)"
                      }
                    ]
                  },
                  {
                    "Node Type": "Hash",
                    "Parent Relationship": "Inner",
                    "Parallel Aware": true,
                    "Startup Cost": 132734.54,
                    "Total Cost": 132734.54,
                    "Plan Rows": 2116433,
                    "Plan Width": 8,
                    "Actual Startup Time": 1494.254,
                    "Actual Total Time": 1494.258,
                    "Actual Rows": 1808994,
                    "Actual Loops": 2,
                    "Hash Buckets": 4194304,
                    "Original Hash Buckets": 4194304,
                    "Hash Batches": 1,
                    "Original Hash Batches": 1,
                    "Peak Memory Usage": 174336,
                    "Plans": [
                      {
                        "Node Type": "Hash Join",
                        "Parent Relationship": "Outer",
                        "Parallel Aware": true,
                        "Join Type": "Inner",
                        "Startup Cost": 69460.7,
                        "Total Cost": 132734.54,
                        "Plan Rows": 2116433,
                        "Plan Width": 8,
                        "Actual Startup Time": 577.555,
                        "Actual Total Time": 1143.233,
                        "Actual Rows": 1808994,
                        "Actual Loops": 2,
                        "Inner Unique": true,
                        "Hash Cond": "(mk.movie_id = t.id)",
                        "Plans": [
                          {
                            "Node Type": "Seq Scan",
                            "Parent Relationship": "Outer",
                            "Parallel Aware": true,
                            "Relation Name": "movie_keyword",
                            "Alias": "mk",
                            "Startup Cost": 0.0,
                            "Total Cost": 57718.19,
                            "Plan Rows": 2116433,
                            "Plan Width": 4,
                            "Actual Startup Time": 0.017,
                            "Actual Total Time": 228.273,
                            "Actual Rows": 1808994,
                            "Actual Loops": 2,
                            "Filter": "(keyword_id < 20353)",
                            "Rows Removed by Filter": 452972
                          },
                          {
                            "Node Type": "Hash",
                            "Parent Relationship": "Inner",
                            "Parallel Aware": true,
                            "Startup Cost": 50870.31,
                            "Total Cost": 50870.31,
                            "Plan Rows": 1487231,
                            "Plan Width": 4,
                            "Actual Startup Time": 564.351,
                            "Actual Total Time": 564.352,
                            "Actual Rows": 1264156,
                            "Actual Loops": 2,
                            "Hash Buckets": 4194304,
                            "Original Hash Buckets": 4194304,
                            "Hash Batches": 1,
                            "Original Hash Batches": 1,
                            "Peak Memory Usage": 131712,
                            "Plans": [
                              {
                                "Node Type": "Seq Scan",
                                "Parent Relationship": "Outer",
                                "Parallel Aware": true,
                                "Relation Name": "title",
                                "Alias": "t",
                                "Startup Cost": 0.0,
                                "Total Cost": 50870.31,
                                "Plan Rows": 1487231,
                                "Plan Width": 4,
                                "Actual Startup Time": 0.036,
                                "Actual Total Time": 157.605,
                                "Actual Rows": 1264156,
                                "Actual Loops": 2
                              }
                            ]
                          }
                        ]
                      }
                    ]
                  }
                ]
              }
            ]
          }
        ]
      }
    ]
  },
  "Planning Time": 0.93,
  "Triggers": [],
  "Execution Time": 1799.496
}