[
  {
    "Plan": {
      "Node Type": "Aggregate",
      "Strategy": "Plain",
      "Partial Mode": "Finalize",
      "Parallel Aware": false,
      "Startup Cost": 107346.26,
      "Total Cost": 107346.27,
      "Plan Rows": 1,
      "Plan Width": 8,
      "Actual Startup Time": 592.936,
      "Actual Total Time": 613.121,
      "Actual Rows": 1,
      "Actual Loops": 1,
      "Plans": [
        {
          "Node Type": "Gather",
          "Parent Relationship": "Outer",
          "Parallel Aware": false,
          "Startup Cost": 107346.04,
          "Total Cost": 107346.25,
          "Plan Rows": 2,
          "Plan Width": 8,
          "Actual Startup Time": 591.594,
          "Actual Total Time": 613.112,
          "Actual Rows": 3,
          "Actual Loops": 1,
          "Workers Planned": 2,
          "Workers Launched": 2,
          "Single Copy": false,
          "Plans": [
            {
              "Node Type": "Aggregate",
              "Strategy": "Plain",
              "Partial Mode": "Partial",
              "Parent Relationship": "Outer",
              "Parallel Aware": false,
              "Startup Cost": 106346.04,
              "Total Cost": 106346.05,
              "Plan Rows": 1,
              "Plan Width": 8,
              "Actual Startup Time": 585.873,
              "Actual Total Time": 585.879,
              "Actual Rows": 1,
              "Actual Loops": 3,
              "Plans": [
                {
                  "Node Type": "Hash Join",
                  "Parent Relationship": "Outer",
                  "Parallel Aware": true,
                  "Join Type": "Inner",
                  "Startup Cost": 90109.78,
                  "Total Cost": 106173.66,
                  "Plan Rows": 68953,
                  "Plan Width": 0,
                  "Actual Startup Time": 479.981,
                  "Actual Total Time": 584.049,
                  "Actual Rows": 30220,
                  "Actual Loops": 3,
                  "Inner Unique": false,
                  "Hash Cond": "(mi_idx.movie_id = t.id)",
                  "Plans": [
                    {
                      "Node Type": "Seq Scan",
                      "Parent Relationship": "Outer",
                      "Parallel Aware": true,
                      "Relation Name": "movie_info_idx",
                      "Alias": "mi_idx",
                      "Startup Cost": 0.0,
                      "Total Cost": 13685.15,
                      "Plan Rows": 575015,
                      "Plan Width": 4,
                      "Actual Startup Time": 0.018,
                      "Actual Total Time": 48.49,
                      "Actual Rows": 460012,
                      "Actual Loops": 3
                    },
                    {
                      "Node Type": "Hash",
                      "Parent Relationship": "Inner",
                      "Parallel Aware": true,
                      "Startup Cost": 88887.22,
                      "Total Cost": 88887.22,
                      "Plan Rows": 97805,
                      "Plan Width": 8,
                      "Actual Startup Time": 477.082,
                      "Actual Total Time": 477.086,
                      "Actual Rows": 21824,
                      "Actual Loops": 3,
                      "Hash Buckets": 524288,
                      "Original Hash Buckets": 524288,
                      "Hash Batches": 1,
                      "Original Hash Batches": 1,
                      "Peak Memory Usage": 6720,
                      "Plans": [
                        {
                          "Node Type": "Hash Join",
                          "Parent Relationship": "Outer",
                          "Parallel Aware": true,
                          "Join Type": "Inner",
                          "Startup Cost": 46009.14,
                          "Total Cost": 88887.22,
                          "Plan Rows": 97805,
                          "Plan Width": 8,
                          "Actual Startup Time": 160.167,
                          "Actual Total Time": 469.036,
                          "Actual Rows": 21824,
                          "Actual Loops": 3,
                          "Inner Unique": true,
                          "Hash Cond": "(mk.movie_id = t.id)",
                          "Plans": [
                            {
                              "Node Type": "Seq Scan",
                              "Parent Relationship": "Outer",
                              "Parallel Aware": true,
                              "Relation Name": "movie_keyword",
                              "Alias": "mk",
                              "Startup Cost": 0.0,
                              "Total Cost": 39047.32,
                              "Plan Rows": 1459332,
                              "Plan Width": 4,
                              "Actual Startup Time": 0.025,
                              "Actual Total Time": 144.325,
                              "Actual Rows": 1507977,
                              "Actual Loops": 3
                            },
                            {
                              "Node Type": "Hash",
                              "Parent Relationship": "Inner",
                              "Parallel Aware": true,
                              "Startup Cost": 45479.59,
                              "Total Cost": 45479.59,
                              "Plan Rows": 42364,
                              "Plan Width": 4,
                              "Actual Startup Time": 159.168,
                              "Actual Total Time": 159.169,
                              "Actual Rows": 56689,
                              "Actual Loops": 3,
                              "Hash Buckets": 262144,
                              "Original Hash Buckets": 262144,
                              "Hash Batches": 1,
                              "Original Hash Batches": 1,
                              "Peak Memory Usage": 8768,
                              "Plans": [
                                {
                                  "Node Type": "Seq Scan",
                                  "Parent Relationship": "Outer",
                                  "Parallel Aware": true,
                                  "Relation Name": "title",
                                  "Alias": "t",
                                  "Startup Cost": 0.0,
                                  "Total Cost": 45479.59,
                                  "Plan Rows": 42364,
                                  "Plan Width": 4,
                                  "Actual Startup Time": 0.036,
                                  "Actual Total Time": 135.938,
                                  "Actual Rows": 56689,
                                  "Actual Loops": 3,
                                  "Filter": "((kind_id > 1) AND (production_year > 2011))",
                                  "Rows Removed by Filter": 786081
                                }
                              ]
                            }
                          ]
                        }
                      ]
                    }
                  ]
                }
              ]
            }
          ]
        }
      ]
    },
    "Planning Time": 0.698,
    "Triggers": [],
    "Execution Time": 613.18
  }
]