[
  {
    "Plan": {
      "Node Type": "Aggregate",
      "Strategy": "Plain",
      "Partial Mode": "Finalize",
      "Parallel Aware": false,
      "Startup Cost": 98619.11,
      "Total Cost": 98619.12,
      "Plan Rows": 1,
      "Plan Width": 8,
      "Actual Startup Time": 979.942,
      "Actual Total Time": 1001.687,
      "Actual Rows": 1,
      "Actual Loops": 1,
      "Plans": [
        {
          "Node Type": "Gather",
          "Parent Relationship": "Outer",
          "Parallel Aware": false,
          "Startup Cost": 98618.89,
          "Total Cost": 98619.1,
          "Plan Rows": 2,
          "Plan Width": 8,
          "Actual Startup Time": 968.85,
          "Actual Total Time": 1001.675,
          "Actual Rows": 3,
          "Actual Loops": 1,
          "Workers Planned": 2,
          "Workers Launched": 2,
          "Single Copy": false,
          "Plans": [
            {
              "Node Type": "Aggregate",
              "Strategy": "Plain",
              "Partial Mode": "Partial",
              "Parent Relationship": "Outer",
              "Parallel Aware": false,
              "Startup Cost": 97618.89,
              "Total Cost": 97618.9,
              "Plan Rows": 1,
              "Plan Width": 8,
              "Actual Startup Time": 961.698,
              "Actual Total Time": 962.898,
              "Actual Rows": 1,
              "Actual Loops": 3,
              "Plans": [
                {
                  "Node Type": "Hash Join",
                  "Parent Relationship": "Outer",
                  "Parallel Aware": true,
                  "Join Type": "Inner",
                  "Startup Cost": 81081.71,
                  "Total Cost": 97315.12,
                  "Plan Rows": 121509,
                  "Plan Width": 0,
                  "Actual Startup Time": 742.447,
                  "Actual Total Time": 930.181,
                  "Actual Rows": 600169,
                  "Actual Loops": 3,
                  "Inner Unique": false,
                  "Hash Cond": "(mi_idx.movie_id = t.id)",
                  "Plans": [
                    {
                      "Node Type": "Seq Scan",
                      "Parent Relationship": "Outer",
                      "Parallel Aware": true,
                      "Relation Name": "movie_info_idx",
                      "Alias": "mi_idx",
                      "Startup Cost": 0.0,
                      "Total Cost": 13685.15,
                      "Plan Rows": 575015,
                      "Plan Width": 4,
                      "Actual Startup Time": 0.026,
                      "Actual Total Time": 47.449,
                      "Actual Rows": 460012,
                      "Actual Loops": 3
                    },
                    {
                      "Node Type": "Hash",
                      "Parent Relationship": "Inner",
                      "Parallel Aware": true,
                      "Startup Cost": 78927.31,
                      "Total Cost": 78927.31,
                      "Plan Rows": 172352,
                      "Plan Width": 8,
                      "Actual Startup Time": 737.931,
                      "Actual Total Time": 739.128,
                      "Actual Rows": 397508,
                      "Actual Loops": 3,
                      "Hash Buckets": 2097152,
                      "Original Hash Buckets": 1048576,
                      "Hash Batches": 1,
                      "Original Hash Batches": 1,
                      "Peak Memory Usage": 71264,
                      "Plans": [
                        {
                          "Node Type": "Hash Join",
                          "Parent Relationship": "Outer",
                          "Parallel Aware": true,
                          "Join Type": "Inner",
                          "Startup Cost": 48387.16,
                          "Total Cost": 78927.31,
                          "Plan Rows": 172352,
                          "Plan Width": 8,
                          "Actual Startup Time": 279.438,
                          "Actual Total Time": 568.265,
                          "Actual Rows": 397508,
                          "Actual Loops": 3,
                          "Inner Unique": true,
                          "Hash Cond": "(mc.movie_id = t.id)",
                          "Plans": [
                            {
                              "Node Type": "Seq Scan",
                              "Parent Relationship": "Outer",
                              "Parallel Aware": true,
                              "Relation Name": "movie_companies",
                              "Alias": "mc",
                              "Startup Cost": 0.0,
                              "Total Cost": 29310.68,
                              "Plan Rows": 468367,
                              "Plan Width": 4,
                              "Actual Startup Time": 10.295,
                              "Actual Total Time": 111.539,
                              "Actual Rows": 480197,
                              "Actual Loops": 3,
                              "Filter": "(company_id > 9749)",
                              "Rows Removed by Filter": 389513
                            },
                            {
                              "Node Type": "Hash",
                              "Parent Relationship": "Inner",
                              "Parallel Aware": true,
                              "Startup Cost": 45479.59,
                              "Total Cost": 45479.59,
                              "Plan Rows": 232606,
                              "Plan Width": 4,
                              "Actual Startup Time": 266.147,
                              "Actual Total Time": 266.148,
                              "Actual Rows": 316898,
                              "Actual Loops": 3,
                              "Hash Buckets": 1048576,
                              "Original Hash Buckets": 1048576,
                              "Hash Batches": 1,
                              "Original Hash Batches": 1,
                              "Peak Memory Usage": 45440,
                              "Plans": [
                                {
                                  "Node Type": "Seq Scan",
                                  "Parent Relationship": "Outer",
                                  "Parallel Aware": true,
                                  "Relation Name": "title",
                                  "Alias": "t",
                                  "Startup Cost": 0.0,
                                  "Total Cost": 45479.59,
                                  "Plan Rows": 232606,
                                  "Plan Width": 4,
                                  "Actual Startup Time": 0.047,
                                  "Actual Total Time": 150.202,
                                  "Actual Rows": 316898,
                                  "Actual Loops": 3,
                                  "Filter": "((kind_id < 7) AND (production_year < 2013))",
                                  "Rows Removed by Filter": 525873
                                }
                              ]
                            }
                          ]
                        }
                      ]
                    }
                  ]
                }
              ]
            }
          ]
        }
      ]
    },
    "Planning Time": 1.216,
    "Triggers": [],
    "Execution Time": 1001.739
  }
]