{
  "Plan": {
    "Node Type": "Aggregate",
    "Strategy": "Plain",
    "Partial Mode": "Finalize",
    "Parallel Aware": false,
    "Startup Cost": 243202.0,
    "Total Cost": 243202.01,
    "Plan Rows": 1,
    "Plan Width": 8,
    "Actual Startup Time": 408.859,
    "Actual Total Time": 421.565,
    "Actual Rows": 1,
    "Actual Loops": 1,
    "Plans": [
      {
        "Node Type": "Gather",
        "Parent Relationship": "Outer",
        "Parallel Aware": false,
        "Startup Cost": 243201.89,
        "Total Cost": 243202.0,
        "Plan Rows": 1,
        "Plan Width": 8,
        "Actual Startup Time": 405.355,
        "Actual Total Time": 421.558,
        "Actual Rows": 2,
        "Actual Loops": 1,
        "Workers Planned": 1,
        "Workers Launched": 1,
        "Single Copy": false,
        "Plans": [
          {
            "Node Type": "Aggregate",
            "Strategy": "Plain",
            "Partial Mode": "Partial",
            "Parent Relationship": "Outer",
            "Parallel Aware": false,
            "Startup Cost": 242201.89,
            "Total Cost": 242201.9,
            "Plan Rows": 1,
            "Plan Width": 8,
            "Actual Startup Time": 397.204,
            "Actual Total Time": 397.208,
            "Actual Rows": 1,
            "Actual Loops": 2,
            "Plans": [
              {
                "Node Type": "Hash Join",
                "Parent Relationship": "Outer",
                "Parallel Aware": true,
                "Join Type": "Inner",
                "Startup Cost": 69594.23,
                "Total Cost": 242019.07,
                "Plan Rows": 73125,
                "Plan Width": 0,
                "Actual Startup Time": 373.28,
                "Actual Total Time": 397.193,
                "Actual Rows": 84,
                "Actual Loops": 2,
                "Inner Unique": true,
                "Hash Cond": "(mi.movie_id = t.id)",
                "Plans": [
                  {
                    "Node Type": "Bitmap Heap Scan",
                    "Parent Relationship": "Outer",
                    "Parallel Aware": true,
                    "Relation Name": "movie_info",
                    "Alias": "mi",
                    "Startup Cost": 3705.36,
                    "Total Cost": 175814.43,
                    "Plan Rows": 120298,
                    "Plan Width": 4,
                    "Actual Startup Time": 7.033,
                    "Actual Total Time": 22.233,
                    "Actual Rows": 98877,
                    "Actual Loops": 2,
                    "Recheck Cond": "(info_type_id > 106)",
                    "Rows Removed by Index Recheck": 0,
                    "Exact Heap Blocks": 2927,
                    "Lossy Heap Blocks": 0,
                    "Plans": [
                      {
                        "Node Type": "Bitmap Index Scan",
                        "Parent Relationship": "Outer",
                        "Parallel Aware": false,
                        "Index Name": "info_type_id_movie_info",
                        "Startup Cost": 0.0,
                        "Total Cost": 3654.24,
                        "Plan Rows": 204507,
                        "Plan Width": 0,
                        "Actual Startup Time": 6.318,
                        "Actual Total Time": 6.319,
                        "Actual Rows": 197754,
                        "Actual Loops": 1,
                        "Index Cond": "(info_type_id > 106)"
                      }
                    ]
                  },
                  {
                    "Node Type": "Hash",
                    "Parent Relationship": "Inner",
                    "Parallel Aware": true,
                    "Startup Cost": 54588.39,
                    "Total Cost": 54588.39,
                    "Plan Rows": 904038,
                    "Plan Width": 4,
                    "Actual Startup Time": 345.563,
                    "Actual Total Time": 345.564,
                    "Actual Rows": 771632,
                    "Actual Loops": 2,
                    "Hash Buckets": 2097152,
                    "Original Hash Buckets": 2097152,
                    "Hash Batches": 1,
                    "Original Hash Batches": 1,
                    "Peak Memory Usage": 76800,
                    "Plans": [
                      {
                        "Node Type": "Seq Scan",
                        "Parent Relationship": "Outer",
                        "Parallel Aware": true,
                        "Relation Name": "title",
                        "Alias": "t",
                        "Startup Cost": 0.0,
                        "Total Cost": 54588.39,
                        "Plan Rows": 904038,
                        "Plan Width": 4,
                        "Actual Startup Time": 0.03,
                        "Actual Total Time": 154.485,
                        "Actual Rows": 771632,
                        "Actual Loops": 2,
                        "Filter": "(kind_id = 7)",
                        "Rows Removed by Filter": 492524
                      }
                    ]
                  }
                ]
              }
            ]
          }
        ]
      }
    ]
  },
  "Planning Time": 0.658,
  "Triggers": [],
  "Execution Time": 421.654
}