[
  {
    "Plan": {
      "Node Type": "Aggregate",
      "Strategy": "Plain",
      "Partial Mode": "Finalize",
      "Parallel Aware": false,
      "Startup Cost": 13134.25,
      "Total Cost": 13134.26,
      "Plan Rows": 1,
      "Plan Width": 8,
      "Actual Startup Time": 20.253,
      "Actual Total Time": 23.543,
      "Actual Rows": 1,
      "Actual Loops": 1,
      "Plans": [
        {
          "Node Type": "Gather",
          "Parent Relationship": "Outer",
          "Parallel Aware": false,
          "Startup Cost": 13134.13,
          "Total Cost": 13134.24,
          "Plan Rows": 1,
          "Plan Width": 8,
          "Actual Startup Time": 19.939,
          "Actual Total Time": 23.533,
          "Actual Rows": 2,
          "Actual Loops": 1,
          "Workers Planned": 1,
          "Workers Launched": 1,
          "Single Copy": false,
          "Plans": [
            {
              "Node Type": "Aggregate",
              "Strategy": "Plain",
              "Partial Mode": "Partial",
              "Parent Relationship": "Outer",
              "Parallel Aware": false,
              "Startup Cost": 12134.13,
              "Total Cost": 12134.14,
              "Plan Rows": 1,
              "Plan Width": 8,
              "Actual Startup Time": 13.145,
              "Actual Total Time": 13.148,
              "Actual Rows": 1,
              "Actual Loops": 2,
              "Plans": [
                {
                  "Node Type": "Nested Loop",
                  "Parent Relationship": "Outer",
                  "Parallel Aware": false,
                  "Join Type": "Inner",
                  "Startup Cost": 50.53,
                  "Total Cost": 12134.01,
                  "Plan Rows": 49,
                  "Plan Width": 0,
                  "Actual Startup Time": 1.754,
                  "Actual Total Time": 13.094,
                  "Actual Rows": 138,
                  "Actual Loops": 2,
                  "Inner Unique": false,
                  "Plans": [
                    {
                      "Node Type": "Nested Loop",
                      "Parent Relationship": "Outer",
                      "Parallel Aware": false,
                      "Join Type": "Inner",
                      "Startup Cost": 50.11,
                      "Total Cost": 11986.94,
                      "Plan Rows": 265,
                      "Plan Width": 8,
                      "Actual Startup Time": 1.639,
                      "Actual Total Time": 10.785,
                      "Actual Rows": 151,
                      "Actual Loops": 2,
                      "Inner Unique": true,
                      "Plans": [
                        {
                          "Node Type": "Bitmap Heap Scan",
                          "Parent Relationship": "Outer",
                          "Parallel Aware": true,
                          "Relation Name": "movie_companies",
                          "Alias": "mc",
                          "Startup Cost": 49.68,
                          "Total Cost": 6445.65,
                          "Plan Rows": 680,
                          "Plan Width": 4,
                          "Actual Startup Time": 1.496,
                          "Actual Total Time": 2.691,
                          "Actual Rows": 900,
                          "Actual Loops": 2,
                          "Recheck Cond": "(company_id = 436)",
                          "Rows Removed by Index Recheck": 0,
                          "Filter": "(company_type_id > 1)",
                          "Rows Removed by Filter": 108,
                          "Exact Heap Blocks": 411,
                          "Lossy Heap Blocks": 0,
                          "Plans": [
                            {
                              "Node Type": "Bitmap Index Scan",
                              "Parent Relationship": "Outer",
                              "Parallel Aware": false,
                              "Index Name": "company_id_movie_companies",
                              "Startup Cost": 0.0,
                              "Total Cost": 49.39,
                              "Plan Rows": 2261,
                              "Plan Width": 0,
                              "Actual Startup Time": 2.012,
                              "Actual Total Time": 2.012,
                              "Actual Rows": 2018,
                              "Actual Loops": 1,
                              "Index Cond": "(company_id = 436)"
                            }
                          ]
                        },
                        {
                          "Node Type": "Index Scan",
                          "Parent Relationship": "Inner",
                          "Parallel Aware": false,
                          "Scan Direction": "Forward",
                          "Index Name": "title_pkey",
                          "Relation Name": "title",
                          "Alias": "t",
                          "Startup Cost": 0.43,
                          "Total Cost": 8.15,
                          "Plan Rows": 1,
                          "Plan Width": 4,
                          "Actual Startup Time": 0.008,
                          "Actual Total Time": 0.008,
                          "Actual Rows": 0,
                          "Actual Loops": 1801,
                          "Index Cond": "(id = mc.movie_id)",
                          "Rows Removed by Index Recheck": 0,
                          "Filter": "(kind_id < 7)",
                          "Rows Removed by Filter": 1
                        }
                      ]
                    },
                    {
                      "Node Type": "Index Scan",
                      "Parent Relationship": "Inner",
                      "Parallel Aware": false,
                      "Scan Direction": "Forward",
                      "Index Name": "movie_id_movie_info_idx",
                      "Relation Name": "movie_info_idx",
                      "Alias": "mi_idx",
                      "Startup Cost": 0.43,
                      "Total Cost": 0.54,
                      "Plan Rows": 1,
                      "Plan Width": 4,
                      "Actual Startup Time": 0.014,
                      "Actual Total Time": 0.014,
                      "Actual Rows": 1,
                      "Actual Loops": 302,
                      "Index Cond": "(movie_id = t.id)",
                      "Rows Removed by Index Recheck": 0,
                      "Filter": "(info_type_id = 101)",
                      "Rows Removed by Filter": 2
                    }
                  ]
                }
              ]
            }
          ]
        }
      ]
    },
    "Planning Time": 1.528,
    "Triggers": [],
    "Execution Time": 23.665
  }
]