[
  {
    "Plan": {
      "Node Type": "Aggregate",
      "Strategy": "Plain",
      "Partial Mode": "Finalize",
      "Parallel Aware": false,
      "Startup Cost": 475480.7,
      "Total Cost": 475480.71,
      "Plan Rows": 1,
      "Plan Width": 8,
      "Actual Startup Time": 2858.74,
      "Actual Total Time": 2911.796,
      "Actual Rows": 1,
      "Actual Loops": 1,
      "Plans": [
        {
          "Node Type": "Gather",
          "Parent Relationship": "Outer",
          "Parallel Aware": false,
          "Startup Cost": 475480.08,
          "Total Cost": 475480.69,
          "Plan Rows": 6,
          "Plan Width": 8,
          "Actual Startup Time": 2846.913,
          "Actual Total Time": 2911.779,
          "Actual Rows": 7,
          "Actual Loops": 1,
          "Workers Planned": 6,
          "Workers Launched": 6,
          "Single Copy": false,
          "Plans": [
            {
              "Node Type": "Aggregate",
              "Strategy": "Plain",
              "Partial Mode": "Partial",
              "Parent Relationship": "Outer",
              "Parallel Aware": false,
              "Startup Cost": 474480.08,
              "Total Cost": 474480.09,
              "Plan Rows": 1,
              "Plan Width": 8,
              "Actual Startup Time": 2831.15,
              "Actual Total Time": 2831.484,
              "Actual Rows": 1,
              "Actual Loops": 7,
              "Plans": [
                {
                  "Node Type": "Hash Join",
                  "Parent Relationship": "Outer",
                  "Parallel Aware": true,
                  "Join Type": "Inner",
                  "Startup Cost": 100080.98,
                  "Total Cost": 468101.43,
                  "Plan Rows": 2551460,
                  "Plan Width": 0,
                  "Actual Startup Time": 613.703,
                  "Actual Total Time": 2568.247,
                  "Actual Rows": 5548775,
                  "Actual Loops": 7,
                  "Inner Unique": false,
                  "Hash Cond": "(ci.movie_id = t.id)",
                  "Plans": [
                    {
                      "Node Type": "Seq Scan",
                      "Parent Relationship": "Outer",
                      "Parallel Aware": true,
                      "Relation Name": "cast_info",
                      "Alias": "ci",
                      "Startup Cost": 0.0,
                      "Total Cost": 343316.27,
                      "Plan Rows": 4392979,
                      "Plan Width": 4,
                      "Actual Startup Time": 83.583,
                      "Actual Total Time": 771.578,
                      "Actual Rows": 3665722,
                      "Actual Loops": 7,
                      "Filter": "((person_id > 598374) AND (role_id < 10))",
                      "Rows Removed by Filter": 1512041
                    },
                    {
                      "Node Type": "Hash",
                      "Parent Relationship": "Inner",
                      "Parallel Aware": true,
                      "Startup Cost": 94159.54,
                      "Total Cost": 94159.54,
                      "Plan Rows": 473715,
                      "Plan Width": 8,
                      "Actual Startup Time": 524.964,
                      "Actual Total Time": 525.296,
                      "Actual Rows": 208749,
                      "Actual Loops": 7,
                      "Hash Buckets": 2097152,
                      "Original Hash Buckets": 2097152,
                      "Hash Batches": 1,
                      "Original Hash Batches": 1,
                      "Peak Memory Usage": 73696,
                      "Plans": [
                        {
                          "Node Type": "Hash Join",
                          "Parent Relationship": "Outer",
                          "Parallel Aware": true,
                          "Join Type": "Inner",
                          "Startup Cost": 50220.38,
                          "Total Cost": 94159.54,
                          "Plan Rows": 473715,
                          "Plan Width": 8,
                          "Actual Startup Time": 300.865,
                          "Actual Total Time": 435.439,
                          "Actual Rows": 208749,
                          "Actual Loops": 7,
                          "Inner Unique": true,
                          "Hash Cond": "(mk.movie_id = t.id)",
                          "Plans": [
                            {
                              "Node Type": "Seq Scan",
                              "Parent Relationship": "Outer",
                              "Parallel Aware": true,
                              "Relation Name": "movie_keyword",
                              "Alias": "mk",
                              "Startup Cost": 0.0,
                              "Total Cost": 42695.65,
                              "Plan Rows": 473715,
                              "Plan Width": 4,
                              "Actual Startup Time": 0.645,
                              "Actual Total Time": 74.83,
                              "Actual Rows": 208749,
                              "Actual Loops": 7,
                              "Filter": "(keyword_id > 11360)",
                              "Rows Removed by Filter": 437527
                            },
                            {
                              "Node Type": "Hash",
                              "Parent Relationship": "Inner",
                              "Parallel Aware": true,
                              "Startup Cost": 42319.06,
                              "Total Cost": 42319.06,
                              "Plan Rows": 632106,
                              "Plan Width": 4,
                              "Actual Startup Time": 294.679,
                              "Actual Total Time": 294.681,
                              "Actual Rows": 361187,
                              "Actual Loops": 7,
                              "Hash Buckets": 4194304,
                              "Original Hash Buckets": 4194304,
                              "Hash Batches": 1,
                              "Original Hash Batches": 1,
                              "Peak Memory Usage": 131776,
                              "Plans": [
                                {
                                  "Node Type": "Seq Scan",
                                  "Parent Relationship": "Outer",
                                  "Parallel Aware": true,
                                  "Relation Name": "title",
                                  "Alias": "t",
                                  "Startup Cost": 0.0,
                                  "Total Cost": 42319.06,
                                  "Plan Rows": 632106,
                                  "Plan Width": 4,
                                  "Actual Startup Time": 0.07,
                                  "Actual Total Time": 82.519,
                                  "Actual Rows": 361187,
                                  "Actual Loops": 7
                                }
                              ]
                            }
                          ]
                        }
                      ]
                    }
                  ]
                }
              ]
            }
          ]
        }
      ]
    },
    "Planning Time": 1.344,
    "Triggers": [],
    "Execution Time": 2911.894
  }
]