[
  {
    "Plan": {
      "Node Type": "Aggregate",
      "Strategy": "Plain",
      "Partial Mode": "Finalize",
      "Parallel Aware": false,
      "Startup Cost": 387065.94,
      "Total Cost": 387065.95,
      "Plan Rows": 1,
      "Plan Width": 8,
      "Actual Startup Time": 605.273,
      "Actual Total Time": 633.859,
      "Actual Rows": 1,
      "Actual Loops": 1,
      "Plans": [
        {
          "Node Type": "Gather",
          "Parent Relationship": "Outer",
          "Parallel Aware": false,
          "Startup Cost": 387065.32,
          "Total Cost": 387065.93,
          "Plan Rows": 6,
          "Plan Width": 8,
          "Actual Startup Time": 603.251,
          "Actual Total Time": 633.848,
          "Actual Rows": 7,
          "Actual Loops": 1,
          "Workers Planned": 6,
          "Workers Launched": 6,
          "Single Copy": false,
          "Plans": [
            {
              "Node Type": "Aggregate",
              "Strategy": "Plain",
              "Partial Mode": "Partial",
              "Parent Relationship": "Outer",
              "Parallel Aware": false,
              "Startup Cost": 386065.32,
              "Total Cost": 386065.33,
              "Plan Rows": 1,
              "Plan Width": 8,
              "Actual Startup Time": 592.418,
              "Actual Total Time": 592.421,
              "Actual Rows": 1,
              "Actual Loops": 7,
              "Plans": [
                {
                  "Node Type": "Hash Join",
                  "Parent Relationship": "Outer",
                  "Parallel Aware": true,
                  "Join Type": "Inner",
                  "Startup Cost": 46318.29,
                  "Total Cost": 385651.08,
                  "Plan Rows": 165695,
                  "Plan Width": 0,
                  "Actual Startup Time": 274.579,
                  "Actual Total Time": 588.635,
                  "Actual Rows": 78748,
                  "Actual Loops": 7,
                  "Inner Unique": true,
                  "Hash Cond": "(ci.movie_id = t.id)",
                  "Plans": [
                    {
                      "Node Type": "Index Scan",
                      "Parent Relationship": "Outer",
                      "Parallel Aware": true,
                      "Scan Direction": "Forward",
                      "Index Name": "role_id_cast_info",
                      "Relation Name": "cast_info",
                      "Alias": "ci",
                      "Startup Cost": 0.56,
                      "Total Cost": 335235.55,
                      "Plan Rows": 1561066,
                      "Plan Width": 4,
                      "Actual Startup Time": 182.438,
                      "Actual Total Time": 363.321,
                      "Actual Rows": 867034,
                      "Actual Loops": 7,
                      "Index Cond": "(role_id < 2)",
                      "Rows Removed by Index Recheck": 0,
                      "Filter": "(person_id > 902428)",
                      "Rows Removed by Filter": 943064
                    },
                    {
                      "Node Type": "Hash",
                      "Parent Relationship": "Inner",
                      "Parallel Aware": true,
                      "Startup Cost": 45479.1,
                      "Total Cost": 45479.1,
                      "Plan Rows": 67090,
                      "Plan Width": 4,
                      "Actual Startup Time": 89.962,
                      "Actual Total Time": 89.963,
                      "Actual Rows": 30897,
                      "Actual Loops": 7,
                      "Hash Buckets": 524288,
                      "Original Hash Buckets": 524288,
                      "Hash Batches": 1,
                      "Original Hash Batches": 1,
                      "Peak Memory Usage": 12672,
                      "Plans": [
                        {
                          "Node Type": "Seq Scan",
                          "Parent Relationship": "Outer",
                          "Parallel Aware": true,
                          "Relation Name": "title",
                          "Alias": "t",
                          "Startup Cost": 0.0,
                          "Total Cost": 45479.1,
                          "Plan Rows": 67090,
                          "Plan Width": 4,
                          "Actual Startup Time": 43.311,
                          "Actual Total Time": 77.475,
                          "Actual Rows": 30897,
                          "Actual Loops": 7,
                          "Filter": "((production_year > 2005) AND (kind_id = 1))",
                          "Rows Removed by Filter": 330290
                        }
                      ]
                    }
                  ]
                }
              ]
            }
          ]
        }
      ]
    },
    "Planning Time": 0.621,
    "Triggers": [],
    "Execution Time": 633.937
  }
]