{
  "Plan": {
    "Node Type": "Aggregate",
    "Strategy": "Plain",
    "Partial Mode": "Finalize",
    "Parallel Aware": false,
    "Startup Cost": 90911.18,
    "Total Cost": 90911.19,
    "Plan Rows": 1,
    "Plan Width": 8,
    "Actual Startup Time": 443.414,
    "Actual Total Time": 512.621,
    "Actual Rows": 1,
    "Actual Loops": 1,
    "Plans": [
      {
        "Node Type": "Gather",
        "Parent Relationship": "Outer",
        "Parallel Aware": false,
        "Startup Cost": 90911.07,
        "Total Cost": 90911.18,
        "Plan Rows": 1,
        "Plan Width": 8,
        "Actual Startup Time": 443.083,
        "Actual Total Time": 512.612,
        "Actual Rows": 2,
        "Actual Loops": 1,
        "Workers Planned": 1,
        "Workers Launched": 1,
        "Single Copy": false,
        "Plans": [
          {
            "Node Type": "Aggregate",
            "Strategy": "Plain",
            "Partial Mode": "Partial",
            "Parent Relationship": "Outer",
            "Parallel Aware": false,
            "Startup Cost": 89911.07,
            "Total Cost": 89911.08,
            "Plan Rows": 1,
            "Plan Width": 8,
            "Actual Startup Time": 436.92,
            "Actual Total Time": 436.922,
            "Actual Rows": 1,
            "Actual Loops": 2,
            "Plans": [
              {
                "Node Type": "Nested Loop",
                "Parent Relationship": "Outer",
                "Parallel Aware": false,
                "Join Type": "Inner",
                "Startup Cost": 297.33,
                "Total Cost": 89617.68,
                "Plan Rows": 117355,
                "Plan Width": 0,
                "Actual Startup Time": 4.563,
                "Actual Total Time": 424.896,
                "Actual Rows": 209909,
                "Actual Loops": 2,
                "Inner Unique": false,
                "Plans": [
                  {
                    "Node Type": "Nested Loop",
                    "Parent Relationship": "Outer",
                    "Parallel Aware": false,
                    "Join Type": "Inner",
                    "Startup Cost": 296.77,
                    "Total Cost": 71697.18,
                    "Plan Rows": 8190,
                    "Plan Width": 8,
                    "Actual Startup Time": 4.418,
                    "Actual Total Time": 51.627,
                    "Actual Rows": 7186,
                    "Actual Loops": 2,
                    "Inner Unique": true,
                    "Plans": [
                      {
                        "Node Type": "Bitmap Heap Scan",
                        "Parent Relationship": "Outer",
                        "Parallel Aware": true,
                        "Relation Name": "movie_keyword",
                        "Alias": "mk",
                        "Startup Cost": 296.34,
                        "Total Cost": 22105.09,
                        "Plan Rows": 8190,
                        "Plan Width": 4,
                        "Actual Startup Time": 4.253,
                        "Actual Total Time": 15.851,
                        "Actual Rows": 7186,
                        "Actual Loops": 2,
                        "Recheck Cond": "(keyword_id < 3)",
                        "Rows Removed by Index Recheck": 0,
                        "Exact Heap Blocks": 3948,
                        "Lossy Heap Blocks": 0,
                        "Plans": [
                          {
                            "Node Type": "Bitmap Index Scan",
                            "Parent Relationship": "Outer",
                            "Parallel Aware": false,
                            "Index Name": "keyword_id_movie_keyword",
                            "Startup Cost": 0.0,
                            "Total Cost": 292.86,
                            "Plan Rows": 13923,
                            "Plan Width": 0,
                            "Actual Startup Time": 5.279,
                            "Actual Total Time": 5.28,
                            "Actual Rows": 14373,
                            "Actual Loops": 1,
                            "Index Cond": "(keyword_id < 3)"
                          }
                        ]
                      },
                      {
                        "Node Type": "Index Only Scan",
                        "Parent Relationship": "Inner",
                        "Parallel Aware": false,
                        "Scan Direction": "Forward",
                        "Index Name": "title_pkey",
                        "Relation Name": "title",
                        "Alias": "t",
                        "Startup Cost": 0.43,
                        "Total Cost": 6.06,
                        "Plan Rows": 1,
                        "Plan Width": 4,
                        "Actual Startup Time": 0.005,
                        "Actual Total Time": 0.005,
                        "Actual Rows": 1,
                        "Actual Loops": 14373,
                        "Index Cond": "(id = mk.movie_id)",
                        "Rows Removed by Index Recheck": 0,
                        "Heap Fetches": 14373
                      }
                    ]
                  },
                  {
                    "Node Type": "Index Only Scan",
                    "Parent Relationship": "Inner",
                    "Parallel Aware": false,
                    "Scan Direction": "Forward",
                    "Index Name": "movie_id_cast_info",
                    "Relation Name": "cast_info",
                    "Alias": "ci",
                    "Startup Cost": 0.56,
                    "Total Cost": 1.82,
                    "Plan Rows": 37,
                    "Plan Width": 4,
                    "Actual Startup Time": 0.008,
                    "Actual Total Time": 0.049,
                    "Actual Rows": 29,
                    "Actual Loops": 14373,
                    "Index Cond": "(movie_id = t.id)",
                    "Rows Removed by Index Recheck": 0,
                    "Heap Fetches": 419818
                  }
                ]
              }
            ]
          }
        ]
      }
    ]
  },
  "Planning Time": 0.911,
  "Triggers": [],
  "Execution Time": 512.733
}