[
  {
    "Plan": {
      "Node Type": "Aggregate",
      "Strategy": "Plain",
      "Partial Mode": "Finalize",
      "Parallel Aware": false,
      "Startup Cost": 123439.91,
      "Total Cost": 123439.92,
      "Plan Rows": 1,
      "Plan Width": 8,
      "Actual Startup Time": 653.408,
      "Actual Total Time": 664.759,
      "Actual Rows": 1,
      "Actual Loops": 1,
      "Plans": [
        {
          "Node Type": "Gather",
          "Parent Relationship": "Outer",
          "Parallel Aware": false,
          "Startup Cost": 123439.6,
          "Total Cost": 123439.91,
          "Plan Rows": 3,
          "Plan Width": 8,
          "Actual Startup Time": 650.07,
          "Actual Total Time": 664.753,
          "Actual Rows": 4,
          "Actual Loops": 1,
          "Workers Planned": 3,
          "Workers Launched": 3,
          "Single Copy": false,
          "Plans": [
            {
              "Node Type": "Aggregate",
              "Strategy": "Plain",
              "Partial Mode": "Partial",
              "Parent Relationship": "Outer",
              "Parallel Aware": false,
              "Startup Cost": 122439.6,
              "Total Cost": 122439.61,
              "Plan Rows": 1,
              "Plan Width": 8,
              "Actual Startup Time": 645.153,
              "Actual Total Time": 645.158,
              "Actual Rows": 1,
              "Actual Loops": 4,
              "Plans": [
                {
                  "Node Type": "Hash Join",
                  "Parent Relationship": "Outer",
                  "Parallel Aware": true,
                  "Join Type": "Inner",
                  "Startup Cost": 77290.44,
                  "Total Cost": 122124.92,
                  "Plan Rows": 125869,
                  "Plan Width": 0,
                  "Actual Startup Time": 362.36,
                  "Actual Total Time": 608.384,
                  "Actual Rows": 823819,
                  "Actual Loops": 4,
                  "Inner Unique": false,
                  "Hash Cond": "(mk.movie_id = t.id)",
                  "Plans": [
                    {
                      "Node Type": "Seq Scan",
                      "Parent Relationship": "Outer",
                      "Parallel Aware": true,
                      "Relation Name": "movie_keyword",
                      "Alias": "mk",
                      "Startup Cost": 0.0,
                      "Total Cost": 39047.32,
                      "Plan Rows": 1459332,
                      "Plan Width": 4,
                      "Actual Startup Time": 0.012,
                      "Actual Total Time": 88.984,
                      "Actual Rows": 1130982,
                      "Actual Loops": 4
                    },
                    {
                      "Node Type": "Hash",
                      "Parent Relationship": "Inner",
                      "Parallel Aware": true,
                      "Startup Cost": 76608.96,
                      "Total Cost": 76608.96,
                      "Plan Rows": 54518,
                      "Plan Width": 8,
                      "Actual Startup Time": 347.854,
                      "Actual Total Time": 347.858,
                      "Actual Rows": 108142,
                      "Actual Loops": 4,
                      "Hash Buckets": 524288,
                      "Original Hash Buckets": 262144,
                      "Hash Batches": 1,
                      "Original Hash Batches": 1,
                      "Peak Memory Usage": 23136,
                      "Plans": [
                        {
                          "Node Type": "Hash Join",
                          "Parent Relationship": "Outer",
                          "Parallel Aware": true,
                          "Join Type": "Inner",
                          "Startup Cost": 30953.9,
                          "Total Cost": 76608.96,
                          "Plan Rows": 54518,
                          "Plan Width": 8,
                          "Actual Startup Time": 122.521,
                          "Actual Total Time": 310.318,
                          "Actual Rows": 108142,
                          "Actual Loops": 4,
                          "Inner Unique": false,
                          "Hash Cond": "(t.id = mc.movie_id)",
                          "Plans": [
                            {
                              "Node Type": "Seq Scan",
                              "Parent Relationship": "Outer",
                              "Parallel Aware": true,
                              "Relation Name": "title",
                              "Alias": "t",
                              "Startup Cost": 0.0,
                              "Total Cost": 42318.81,
                              "Plan Rows": 632080,
                              "Plan Width": 4,
                              "Actual Startup Time": 0.008,
                              "Actual Total Time": 68.919,
                              "Actual Rows": 632078,
                              "Actual Loops": 4
                            },
                            {
                              "Node Type": "Hash",
                              "Parent Relationship": "Inner",
                              "Parallel Aware": true,
                              "Startup Cost": 30074.58,
                              "Total Cost": 30074.58,
                              "Plan Rows": 70345,
                              "Plan Width": 4,
                              "Actual Startup Time": 109.871,
                              "Actual Total Time": 109.873,
                              "Actual Rows": 108142,
                              "Actual Loops": 4,
                              "Hash Buckets": 524288,
                              "Original Hash Buckets": 262144,
                              "Hash Batches": 1,
                              "Original Hash Batches": 1,
                              "Peak Memory Usage": 23104,
                              "Plans": [
                                {
                                  "Node Type": "Bitmap Heap Scan",
                                  "Parent Relationship": "Outer",
                                  "Parallel Aware": true,
                                  "Relation Name": "movie_companies",
                                  "Alias": "mc",
                                  "Startup Cost": 9214.92,
                                  "Total Cost": 30074.58,
                                  "Plan Rows": 70345,
                                  "Plan Width": 4,
                                  "Actual Startup Time": 30.792,
                                  "Actual Total Time": 68.816,
                                  "Actual Rows": 108142,
                                  "Actual Loops": 4,
                                  "Recheck Cond": "(company_id > 78883)",
                                  "Rows Removed by Index Recheck": 0,
                                  "Filter": "(company_type_id = 2)",
                                  "Rows Removed by Filter": 0,
                                  "Exact Heap Blocks": 3091,
                                  "Lossy Heap Blocks": 0,
                                  "Plans": [
                                    {
                                      "Node Type": "Bitmap Index Scan",
                                      "Parent Relationship": "Outer",
                                      "Parallel Aware": false,
                                      "Index Name": "company_id_movie_companies",
                                      "Startup Cost": 0.0,
                                      "Total Cost": 9160.41,
                                      "Plan Rows": 427730,
                                      "Plan Width": 0,
                                      "Actual Startup Time": 29.826,
                                      "Actual Total Time": 29.826,
                                      "Actual Rows": 432568,
                                      "Actual Loops": 1,
                                      "Index Cond": "(company_id > 78883)"
                                    }
                                  ]
                                }
                              ]
                            }
                          ]
                        }
                      ]
                    }
                  ]
                }
              ]
            }
          ]
        }
      ]
    },
    "Planning Time": 1.148,
    "Triggers": [],
    "Execution Time": 664.839
  }
]