[
  {
    "Plan": {
      "Node Type": "Aggregate",
      "Strategy": "Plain",
      "Partial Mode": "Finalize",
      "Parallel Aware": false,
      "Startup Cost": 123363.67,
      "Total Cost": 123363.68,
      "Plan Rows": 1,
      "Plan Width": 8,
      "Actual Startup Time": 656.72,
      "Actual Total Time": 676.016,
      "Actual Rows": 1,
      "Actual Loops": 1,
      "Plans": [
        {
          "Node Type": "Gather",
          "Parent Relationship": "Outer",
          "Parallel Aware": false,
          "Startup Cost": 123363.35,
          "Total Cost": 123363.66,
          "Plan Rows": 3,
          "Plan Width": 8,
          "Actual Startup Time": 653.678,
          "Actual Total Time": 676.007,
          "Actual Rows": 4,
          "Actual Loops": 1,
          "Workers Planned": 3,
          "Workers Launched": 3,
          "Single Copy": false,
          "Plans": [
            {
              "Node Type": "Aggregate",
              "Strategy": "Plain",
              "Partial Mode": "Partial",
              "Parent Relationship": "Outer",
              "Parallel Aware": false,
              "Startup Cost": 122363.35,
              "Total Cost": 122363.36,
              "Plan Rows": 1,
              "Plan Width": 8,
              "Actual Startup Time": 644.256,
              "Actual Total Time": 644.631,
              "Actual Rows": 1,
              "Actual Loops": 4,
              "Plans": [
                {
                  "Node Type": "Hash Join",
                  "Parent Relationship": "Outer",
                  "Parallel Aware": true,
                  "Join Type": "Inner",
                  "Startup Cost": 77219.88,
                  "Total Cost": 122051.52,
                  "Plan Rows": 124730,
                  "Plan Width": 0,
                  "Actual Startup Time": 374.291,
                  "Actual Total Time": 610.82,
                  "Actual Rows": 823819,
                  "Actual Loops": 4,
                  "Inner Unique": false,
                  "Hash Cond": "(mk.movie_id = t.id)",
                  "Plans": [
                    {
                      "Node Type": "Seq Scan",
                      "Parent Relationship": "Outer",
                      "Parallel Aware": true,
                      "Relation Name": "movie_keyword",
                      "Alias": "mk",
                      "Startup Cost": 0.0,
                      "Total Cost": 39047.32,
                      "Plan Rows": 1459332,
                      "Plan Width": 4,
                      "Actual Startup Time": 0.029,
                      "Actual Total Time": 86.832,
                      "Actual Rows": 1130982,
                      "Actual Loops": 4
                    },
                    {
                      "Node Type": "Hash",
                      "Parent Relationship": "Inner",
                      "Parallel Aware": true,
                      "Startup Cost": 76544.58,
                      "Total Cost": 76544.58,
                      "Plan Rows": 54024,
                      "Plan Width": 8,
                      "Actual Startup Time": 358.886,
                      "Actual Total Time": 359.259,
                      "Actual Rows": 108142,
                      "Actual Loops": 4,
                      "Hash Buckets": 524288,
                      "Original Hash Buckets": 262144,
                      "Hash Batches": 1,
                      "Original Hash Batches": 1,
                      "Peak Memory Usage": 23136,
                      "Plans": [
                        {
                          "Node Type": "Hash Join",
                          "Parent Relationship": "Outer",
                          "Parallel Aware": true,
                          "Join Type": "Inner",
                          "Startup Cost": 30891.21,
                          "Total Cost": 76544.58,
                          "Plan Rows": 54024,
                          "Plan Width": 8,
                          "Actual Startup Time": 127.808,
                          "Actual Total Time": 318.983,
                          "Actual Rows": 108142,
                          "Actual Loops": 4,
                          "Inner Unique": false,
                          "Hash Cond": "(t.id = mc.movie_id)",
                          "Plans": [
                            {
                              "Node Type": "Seq Scan",
                              "Parent Relationship": "Outer",
                              "Parallel Aware": true,
                              "Relation Name": "title",
                              "Alias": "t",
                              "Startup Cost": 0.0,
                              "Total Cost": 42318.73,
                              "Plan Rows": 632073,
                              "Plan Width": 4,
                              "Actual Startup Time": 0.011,
                              "Actual Total Time": 73.546,
                              "Actual Rows": 632078,
                              "Actual Loops": 4
                            },
                            {
                              "Node Type": "Hash",
                              "Parent Relationship": "Inner",
                              "Parallel Aware": true,
                              "Startup Cost": 30019.86,
                              "Total Cost": 30019.86,
                              "Plan Rows": 69708,
                              "Plan Width": 4,
                              "Actual Startup Time": 110.495,
                              "Actual Total Time": 110.497,
                              "Actual Rows": 108142,
                              "Actual Loops": 4,
                              "Hash Buckets": 524288,
                              "Original Hash Buckets": 262144,
                              "Hash Batches": 1,
                              "Original Hash Batches": 1,
                              "Peak Memory Usage": 23136,
                              "Plans": [
                                {
                                  "Node Type": "Bitmap Heap Scan",
                                  "Parent Relationship": "Outer",
                                  "Parallel Aware": true,
                                  "Relation Name": "movie_companies",
                                  "Alias": "mc",
                                  "Startup Cost": 9170.48,
                                  "Total Cost": 30019.86,
                                  "Plan Rows": 69708,
                                  "Plan Width": 4,
                                  "Actual Startup Time": 32.234,
                                  "Actual Total Time": 69.022,
                                  "Actual Rows": 108142,
                                  "Actual Loops": 4,
                                  "Recheck Cond": "(company_id > 78883)",
                                  "Rows Removed by Index Recheck": 0,
                                  "Filter": "(company_type_id = 2)",
                                  "Rows Removed by Filter": 0,
                                  "Exact Heap Blocks": 2883,
                                  "Lossy Heap Blocks": 0,
                                  "Plans": [
                                    {
                                      "Node Type": "Bitmap Index Scan",
                                      "Parent Relationship": "Outer",
                                      "Parallel Aware": false,
                                      "Index Name": "company_id_movie_companies",
                                      "Startup Cost": 0.0,
                                      "Total Cost": 9116.46,
                                      "Plan Rows": 425604,
                                      "Plan Width": 0,
                                      "Actual Startup Time": 31.932,
                                      "Actual Total Time": 31.932,
                                      "Actual Rows": 432568,
                                      "Actual Loops": 1,
                                      "Index Cond": "(company_id > 78883)"
                                    }
                                  ]
                                }
                              ]
                            }
                          ]
                        }
                      ]
                    }
                  ]
                }
              ]
            }
          ]
        }
      ]
    },
    "Planning Time": 1.43,
    "Triggers": [],
    "Execution Time": 676.116
  }
]