{
  "Plan": {
    "Node Type": "Aggregate",
    "Strategy": "Plain",
    "Partial Mode": "Finalize",
    "Parallel Aware": false,
    "Startup Cost": 499412.32,
    "Total Cost": 499412.33,
    "Plan Rows": 1,
    "Plan Width": 8,
    "Actual Startup Time": 1840.832,
    "Actual Total Time": 1878.225,
    "Actual Rows": 1,
    "Actual Loops": 1,
    "Plans": [
      {
        "Node Type": "Gather",
        "Parent Relationship": "Outer",
        "Parallel Aware": false,
        "Startup Cost": 499412.21,
        "Total Cost": 499412.32,
        "Plan Rows": 1,
        "Plan Width": 8,
        "Actual Startup Time": 1840.476,
        "Actual Total Time": 1878.218,
        "Actual Rows": 2,
        "Actual Loops": 1,
        "Workers Planned": 1,
        "Workers Launched": 1,
        "Single Copy": false,
        "Plans": [
          {
            "Node Type": "Aggregate",
            "Strategy": "Plain",
            "Partial Mode": "Partial",
            "Parent Relationship": "Outer",
            "Parallel Aware": false,
            "Startup Cost": 498412.21,
            "Total Cost": 498412.22,
            "Plan Rows": 1,
            "Plan Width": 8,
            "Actual Startup Time": 1834.486,
            "Actual Total Time": 1834.49,
            "Actual Rows": 1,
            "Actual Loops": 2,
            "Plans": [
              {
                "Node Type": "Nested Loop",
                "Parent Relationship": "Outer",
                "Parallel Aware": false,
                "Join Type": "Inner",
                "Startup Cost": 58627.96,
                "Total Cost": 498353.67,
                "Plan Rows": 23417,
                "Plan Width": 0,
                "Actual Startup Time": 190.287,
                "Actual Total Time": 1833.847,
                "Actual Rows": 8057,
                "Actual Loops": 2,
                "Inner Unique": false,
                "Join Filter": "(t.id = mi.movie_id)",
                "Rows Removed by Join Filter": 0,
                "Plans": [
                  {
                    "Node Type": "Hash Join",
                    "Parent Relationship": "Outer",
                    "Parallel Aware": true,
                    "Join Type": "Inner",
                    "Startup Cost": 58627.52,
                    "Total Cost": 364435.74,
                    "Plan Rows": 96268,
                    "Plan Width": 8,
                    "Actual Startup Time": 174.559,
                    "Actual Total Time": 1538.509,
                    "Actual Rows": 64090,
                    "Actual Loops": 2,
                    "Inner Unique": true,
                    "Hash Cond": "(ci.movie_id = t.id)",
                    "Plans": [
                      {
                        "Node Type": "Index Scan",
                        "Parent Relationship": "Outer",
                        "Parallel Aware": true,
                        "Scan Direction": "Forward",
                        "Index Name": "role_id_cast_info",
                        "Relation Name": "cast_info",
                        "Alias": "ci",
                        "Startup Cost": 0.56,
                        "Total Cost": 291150.53,
                        "Plan Rows": 5584086,
                        "Plan Width": 4,
                        "Actual Startup Time": 0.207,
                        "Actual Total Time": 735.037,
                        "Actual Rows": 4692352,
                        "Actual Loops": 2,
                        "Index Cond": "(role_id > 4)",
                        "Rows Removed by Index Recheck": 0
                      },
                      {
                        "Node Type": "Hash",
                        "Parent Relationship": "Inner",
                        "Parallel Aware": true,
                        "Startup Cost": 58306.47,
                        "Total Cost": 58306.47,
                        "Plan Rows": 25639,
                        "Plan Width": 4,
                        "Actual Startup Time": 172.815,
                        "Actual Total Time": 172.816,
                        "Actual Rows": 20700,
                        "Actual Loops": 2,
                        "Hash Buckets": 65536,
                        "Original Hash Buckets": 65536,
                        "Hash Batches": 1,
                        "Original Hash Batches": 1,
                        "Peak Memory Usage": 2176,
                        "Plans": [
                          {
                            "Node Type": "Seq Scan",
                            "Parent Relationship": "Outer",
                            "Parallel Aware": true,
                            "Relation Name": "title",
                            "Alias": "t",
                            "Startup Cost": 0.0,
                            "Total Cost": 58306.47,
                            "Plan Rows": 25639,
                            "Plan Width": 4,
                            "Actual Startup Time": 0.061,
                            "Actual Total Time": 163.953,
                            "Actual Rows": 20700,
                            "Actual Loops": 2,
                            "Filter": "((kind_id > 3) AND (production_year = 2013))",
                            "Rows Removed by Filter": 1243456
                          }
                        ]
                      }
                    ]
                  },
                  {
                    "Node Type": "Index Scan",
                    "Parent Relationship": "Inner",
                    "Parallel Aware": false,
                    "Scan Direction": "Forward",
                    "Index Name": "movie_id_movie_info",
                    "Relation Name": "movie_info",
                    "Alias": "mi",
                    "Startup Cost": 0.43,
                    "Total Cost": 1.37,
                    "Plan Rows": 2,
                    "Plan Width": 4,
                    "Actual Startup Time": 0.004,
                    "Actual Total Time": 0.004,
                    "Actual Rows": 0,
                    "Actual Loops": 128180,
                    "Index Cond": "(movie_id = ci.movie_id)",
                    "Rows Removed by Index Recheck": 0,
                    "Filter": "(info_type_id = 15)",
                    "Rows Removed by Filter": 3
                  }
                ]
              }
            ]
          }
        ]
      }
    ]
  },
  "Planning Time": 1.014,
  "Triggers": [],
  "Execution Time": 1878.321
}