[
  {
    "Plan": {
      "Node Type": "Aggregate",
      "Strategy": "Plain",
      "Partial Mode": "Finalize",
      "Parallel Aware": false,
      "Startup Cost": 99228.71,
      "Total Cost": 99228.72,
      "Plan Rows": 1,
      "Plan Width": 8,
      "Actual Startup Time": 600.544,
      "Actual Total Time": 617.656,
      "Actual Rows": 1,
      "Actual Loops": 1,
      "Plans": [
        {
          "Node Type": "Gather",
          "Parent Relationship": "Outer",
          "Parallel Aware": false,
          "Startup Cost": 99228.5,
          "Total Cost": 99228.71,
          "Plan Rows": 2,
          "Plan Width": 8,
          "Actual Startup Time": 594.616,
          "Actual Total Time": 617.647,
          "Actual Rows": 3,
          "Actual Loops": 1,
          "Workers Planned": 2,
          "Workers Launched": 2,
          "Single Copy": false,
          "Plans": [
            {
              "Node Type": "Aggregate",
              "Strategy": "Plain",
              "Partial Mode": "Partial",
              "Parent Relationship": "Outer",
              "Parallel Aware": false,
              "Startup Cost": 98228.5,
              "Total Cost": 98228.51,
              "Plan Rows": 1,
              "Plan Width": 8,
              "Actual Startup Time": 591.215,
              "Actual Total Time": 591.619,
              "Actual Rows": 1,
              "Actual Loops": 3,
              "Plans": [
                {
                  "Node Type": "Hash Join",
                  "Parent Relationship": "Outer",
                  "Parallel Aware": true,
                  "Join Type": "Inner",
                  "Startup Cost": 81280.2,
                  "Total Cost": 98056.23,
                  "Plan Rows": 68908,
                  "Plan Width": 0,
                  "Actual Startup Time": 486.974,
                  "Actual Total Time": 587.136,
                  "Actual Rows": 92013,
                  "Actual Loops": 3,
                  "Inner Unique": false,
                  "Hash Cond": "(mi_idx.movie_id = t.id)",
                  "Plans": [
                    {
                      "Node Type": "Seq Scan",
                      "Parent Relationship": "Outer",
                      "Parallel Aware": true,
                      "Relation Name": "movie_info_idx",
                      "Alias": "mi_idx",
                      "Startup Cost": 0.0,
                      "Total Cost": 15122.68,
                      "Plan Rows": 381618,
                      "Plan Width": 4,
                      "Actual Startup Time": 0.015,
                      "Actual Total Time": 50.795,
                      "Actual Rows": 306617,
                      "Actual Loops": 3,
                      "Filter": "(info_type_id < 101)",
                      "Rows Removed by Filter": 153395
                    },
                    {
                      "Node Type": "Hash",
                      "Parent Relationship": "Inner",
                      "Parallel Aware": true,
                      "Startup Cost": 79439.27,
                      "Total Cost": 79439.27,
                      "Plan Rows": 147274,
                      "Plan Width": 8,
                      "Actual Startup Time": 484.565,
                      "Actual Total Time": 484.967,
                      "Actual Rows": 105047,
                      "Actual Loops": 3,
                      "Hash Buckets": 524288,
                      "Original Hash Buckets": 524288,
                      "Hash Batches": 1,
                      "Original Hash Batches": 1,
                      "Peak Memory Usage": 16448,
                      "Plans": [
                        {
                          "Node Type": "Hash Join",
                          "Parent Relationship": "Outer",
                          "Parallel Aware": true,
                          "Join Type": "Inner",
                          "Startup Cost": 47057.15,
                          "Total Cost": 79439.27,
                          "Plan Rows": 147274,
                          "Plan Width": 8,
                          "Actual Startup Time": 287.837,
                          "Actual Total Time": 451.186,
                          "Actual Rows": 105047,
                          "Actual Loops": 3,
                          "Inner Unique": true,
                          "Hash Cond": "(mc.movie_id = t.id)",
                          "Plans": [
                            {
                              "Node Type": "Seq Scan",
                              "Parent Relationship": "Outer",
                              "Parallel Aware": true,
                              "Relation Name": "movie_companies",
                              "Alias": "mc",
                              "Startup Cost": 0.0,
                              "Total Cost": 31414.82,
                              "Plan Rows": 368499,
                              "Plan Width": 4,
                              "Actual Startup Time": 41.888,
                              "Actual Total Time": 97.437,
                              "Actual Rows": 321041,
                              "Actual Loops": 3,
                              "Filter": "((company_id < 85258) AND (company_type_id > 1))",
                              "Rows Removed by Filter": 548669
                            },
                            {
                              "Node Type": "Hash",
                              "Parent Relationship": "Inner",
                              "Parallel Aware": true,
                              "Startup Cost": 43899.32,
                              "Total Cost": 43899.32,
                              "Plan Rows": 252626,
                              "Plan Width": 4,
                              "Actual Startup Time": 242.536,
                              "Actual Total Time": 242.538,
                              "Actual Rows": 337640,
                              "Actual Loops": 3,
                              "Hash Buckets": 1048576,
                              "Original Hash Buckets": 1048576,
                              "Hash Batches": 1,
                              "Original Hash Batches": 1,
                              "Peak Memory Usage": 47872,
                              "Plans": [
                                {
                                  "Node Type": "Seq Scan",
                                  "Parent Relationship": "Outer",
                                  "Parallel Aware": true,
                                  "Relation Name": "title",
                                  "Alias": "t",
                                  "Startup Cost": 0.0,
                                  "Total Cost": 43899.32,
                                  "Plan Rows": 252626,
                                  "Plan Width": 4,
                                  "Actual Startup Time": 0.036,
                                  "Actual Total Time": 134.39,
                                  "Actual Rows": 337640,
                                  "Actual Loops": 3,
                                  "Filter": "(production_year > 2005)",
                                  "Rows Removed by Filter": 505131
                                }
                              ]
                            }
                          ]
                        }
                      ]
                    }
                  ]
                }
              ]
            }
          ]
        }
      ]
    },
    "Planning Time": 0.644,
    "Triggers": [],
    "Execution Time": 617.705
  }
]