[
  {
    "Plan": {
      "Node Type": "Aggregate",
      "Strategy": "Plain",
      "Partial Mode": "Finalize",
      "Parallel Aware": false,
      "Startup Cost": 27112.89,
      "Total Cost": 27112.9,
      "Plan Rows": 1,
      "Plan Width": 8,
      "Actual Startup Time": 68.391,
      "Actual Total Time": 72.439,
      "Actual Rows": 1,
      "Actual Loops": 1,
      "Plans": [
        {
          "Node Type": "Gather",
          "Parent Relationship": "Outer",
          "Parallel Aware": false,
          "Startup Cost": 27112.57,
          "Total Cost": 27112.88,
          "Plan Rows": 3,
          "Plan Width": 8,
          "Actual Startup Time": 68.239,
          "Actual Total Time": 72.433,
          "Actual Rows": 4,
          "Actual Loops": 1,
          "Workers Planned": 3,
          "Workers Launched": 3,
          "Single Copy": false,
          "Plans": [
            {
              "Node Type": "Aggregate",
              "Strategy": "Plain",
              "Partial Mode": "Partial",
              "Parent Relationship": "Outer",
              "Parallel Aware": false,
              "Startup Cost": 26112.57,
              "Total Cost": 26112.58,
              "Plan Rows": 1,
              "Plan Width": 8,
              "Actual Startup Time": 61.05,
              "Actual Total Time": 61.051,
              "Actual Rows": 1,
              "Actual Loops": 4,
              "Plans": [
                {
                  "Node Type": "Bitmap Heap Scan",
                  "Parent Relationship": "Outer",
                  "Parallel Aware": true,
                  "Relation Name": "movie_companies",
                  "Alias": "mc",
                  "Startup Cost": 5888.16,
                  "Total Cost": 25999.98,
                  "Plan Rows": 45036,
                  "Plan Width": 0,
                  "Actual Startup Time": 24.391,
                  "Actual Total Time": 56.306,
                  "Actual Rows": 67428,
                  "Actual Loops": 4,
                  "Recheck Cond": "(company_id > 97722)",
                  "Rows Removed by Index Recheck": 0,
                  "Filter": "(company_type_id = 2)",
                  "Rows Removed by Filter": 0,
                  "Exact Heap Blocks": 2489,
                  "Lossy Heap Blocks": 0,
                  "Plans": [
                    {
                      "Node Type": "Bitmap Index Scan",
                      "Parent Relationship": "Outer",
                      "Parallel Aware": false,
                      "Index Name": "company_id_movie_companies",
                      "Startup Cost": 0.0,
                      "Total Cost": 5853.26,
                      "Plan Rows": 273177,
                      "Plan Width": 0,
                      "Actual Startup Time": 29.57,
                      "Actual Total Time": 29.571,
                      "Actual Rows": 269710,
                      "Actual Loops": 1,
                      "Index Cond": "(company_id > 97722)"
                    }
                  ]
                }
              ]
            }
          ]
        }
      ]
    },
    "Planning Time": 0.211,
    "Triggers": [],
    "Execution Time": 72.506
  }
]