[
  {
    "Plan": {
      "Node Type": "Aggregate",
      "Strategy": "Plain",
      "Partial Mode": "Simple",
      "Parallel Aware": false,
      "Startup Cost": 1040.58,
      "Total Cost": 1040.59,
      "Plan Rows": 1,
      "Plan Width": 8,
      "Actual Startup Time": 0.191,
      "Actual Total Time": 0.192,
      "Actual Rows": 1,
      "Actual Loops": 1,
      "Plans": [
        {
          "Node Type": "Index Scan",
          "Parent Relationship": "Outer",
          "Parallel Aware": false,
          "Scan Direction": "Forward",
          "Index Name": "person_id_cast_info",
          "Relation Name": "cast_info",
          "Alias": "ci",
          "Startup Cost": 0.56,
          "Total Cost": 1039.59,
          "Plan Rows": 398,
          "Plan Width": 0,
          "Actual Startup Time": 0.03,
          "Actual Total Time": 0.156,
          "Actual Rows": 585,
          "Actual Loops": 1,
          "Index Cond": "(person_id = 2905681)",
          "Rows Removed by Index Recheck": 0,
          "Filter": "(role_id < 7)",
          "Rows Removed by Filter": 59
        }
      ]
    },
    "Planning Time": 0.096,
    "Triggers": [],
    "Execution Time": 0.21
  }
]