[
  {
    "Plan": {
      "Node Type": "Aggregate",
      "Strategy": "Plain",
      "Partial Mode": "Finalize",
      "Parallel Aware": false,
      "Startup Cost": 32136.02,
      "Total Cost": 32136.03,
      "Plan Rows": 1,
      "Plan Width": 8,
      "Actual Startup Time": 112.906,
      "Actual Total Time": 120.723,
      "Actual Rows": 1,
      "Actual Loops": 1,
      "Plans": [
        {
          "Node Type": "Gather",
          "Parent Relationship": "Outer",
          "Parallel Aware": false,
          "Startup Cost": 32135.7,
          "Total Cost": 32136.01,
          "Plan Rows": 3,
          "Plan Width": 8,
          "Actual Startup Time": 112.813,
          "Actual Total Time": 120.713,
          "Actual Rows": 4,
          "Actual Loops": 1,
          "Workers Planned": 3,
          "Workers Launched": 3,
          "Single Copy": false,
          "Plans": [
            {
              "Node Type": "Aggregate",
              "Strategy": "Plain",
              "Partial Mode": "Partial",
              "Parent Relationship": "Outer",
              "Parallel Aware": false,
              "Startup Cost": 31135.7,
              "Total Cost": 31135.71,
              "Plan Rows": 1,
              "Plan Width": 8,
              "Actual Startup Time": 106.994,
              "Actual Total Time": 106.995,
              "Actual Rows": 1,
              "Actual Loops": 4,
              "Plans": [
                {
                  "Node Type": "Seq Scan",
                  "Parent Relationship": "Outer",
                  "Parallel Aware": true,
                  "Relation Name": "movie_companies",
                  "Alias": "mc",
                  "Startup Cost": 0.0,
                  "Total Cost": 29310.68,
                  "Plan Rows": 730009,
                  "Plan Width": 0,
                  "Actual Startup Time": 0.036,
                  "Actual Total Time": 80.771,
                  "Actual Rows": 565163,
                  "Actual Loops": 4,
                  "Filter": "(company_id < 88447)",
                  "Rows Removed by Filter": 87119
                }
              ]
            }
          ]
        }
      ]
    },
    "Planning Time": 0.155,
    "Triggers": [],
    "Execution Time": 120.769
  }
]