[
  {
    "Plan": {
      "Node Type": "Aggregate",
      "Strategy": "Plain",
      "Partial Mode": "Finalize",
      "Parallel Aware": false,
      "Startup Cost": 62186.39,
      "Total Cost": 62186.4,
      "Plan Rows": 1,
      "Plan Width": 8,
      "Actual Startup Time": 171.411,
      "Actual Total Time": 185.663,
      "Actual Rows": 1,
      "Actual Loops": 1,
      "Plans": [
        {
          "Node Type": "Gather",
          "Parent Relationship": "Outer",
          "Parallel Aware": false,
          "Startup Cost": 62186.17,
          "Total Cost": 62186.38,
          "Plan Rows": 2,
          "Plan Width": 8,
          "Actual Startup Time": 171.242,
          "Actual Total Time": 185.653,
          "Actual Rows": 3,
          "Actual Loops": 1,
          "Workers Planned": 2,
          "Workers Launched": 2,
          "Single Copy": false,
          "Plans": [
            {
              "Node Type": "Aggregate",
              "Strategy": "Plain",
              "Partial Mode": "Partial",
              "Parent Relationship": "Outer",
              "Parallel Aware": false,
              "Startup Cost": 61186.17,
              "Total Cost": 61186.18,
              "Plan Rows": 1,
              "Plan Width": 8,
              "Actual Startup Time": 165.043,
              "Actual Total Time": 165.046,
              "Actual Rows": 1,
              "Actual Loops": 3,
              "Plans": [
                {
                  "Node Type": "Hash Join",
                  "Parent Relationship": "Outer",
                  "Parallel Aware": true,
                  "Join Type": "Inner",
                  "Startup Cost": 45560.52,
                  "Total Cost": 61181.31,
                  "Plan Rows": 1944,
                  "Plan Width": 0,
                  "Actual Startup Time": 132.954,
                  "Actual Total Time": 164.872,
                  "Actual Rows": 2390,
                  "Actual Loops": 3,
                  "Inner Unique": true,
                  "Hash Cond": "(mi_idx.movie_id = t.id)",
                  "Plans": [
                    {
                      "Node Type": "Seq Scan",
                      "Parent Relationship": "Outer",
                      "Parallel Aware": true,
                      "Relation Name": "movie_info_idx",
                      "Alias": "mi_idx",
                      "Startup Cost": 0.0,
                      "Total Cost": 15122.68,
                      "Plan Rows": 189755,
                      "Plan Width": 4,
                      "Actual Startup Time": 0.015,
                      "Actual Total Time": 38.718,
                      "Actual Rows": 153308,
                      "Actual Loops": 3,
                      "Filter": "(info_type_id < 100)",
                      "Rows Removed by Filter": 306703
                    },
                    {
                      "Node Type": "Hash",
                      "Parent Relationship": "Inner",
                      "Parallel Aware": true,
                      "Startup Cost": 45479.59,
                      "Total Cost": 45479.59,
                      "Plan Rows": 6475,
                      "Plan Width": 4,
                      "Actual Startup Time": 111.956,
                      "Actual Total Time": 111.957,
                      "Actual Rows": 5152,
                      "Actual Loops": 3,
                      "Hash Buckets": 32768,
                      "Original Hash Buckets": 32768,
                      "Hash Batches": 1,
                      "Original Hash Batches": 1,
                      "Peak Memory Usage": 896,
                      "Plans": [
                        {
                          "Node Type": "Seq Scan",
                          "Parent Relationship": "Outer",
                          "Parallel Aware": true,
                          "Relation Name": "title",
                          "Alias": "t",
                          "Startup Cost": 0.0,
                          "Total Cost": 45479.59,
                          "Plan Rows": 6475,
                          "Plan Width": 4,
                          "Actual Startup Time": 69.906,
                          "Actual Total Time": 110.125,
                          "Actual Rows": 5152,
                          "Actual Loops": 3,
                          "Filter": "((kind_id = 1) AND (production_year = 2005))",
                          "Rows Removed by Filter": 837618
                        }
                      ]
                    }
                  ]
                }
              ]
            }
          ]
        }
      ]
    },
    "Planning Time": 0.468,
    "Triggers": [],
    "Execution Time": 185.719
  }
]