[
  {
    "Plan": {
      "Node Type": "Aggregate",
      "Strategy": "Plain",
      "Partial Mode": "Finalize",
      "Parallel Aware": false,
      "Startup Cost": 32806.43,
      "Total Cost": 32806.44,
      "Plan Rows": 1,
      "Plan Width": 8,
      "Actual Startup Time": 102.266,
      "Actual Total Time": 108.131,
      "Actual Rows": 1,
      "Actual Loops": 1,
      "Plans": [
        {
          "Node Type": "Gather",
          "Parent Relationship": "Outer",
          "Parallel Aware": false,
          "Startup Cost": 32806.11,
          "Total Cost": 32806.42,
          "Plan Rows": 3,
          "Plan Width": 8,
          "Actual Startup Time": 102.152,
          "Actual Total Time": 108.124,
          "Actual Rows": 4,
          "Actual Loops": 1,
          "Workers Planned": 3,
          "Workers Launched": 3,
          "Single Copy": false,
          "Plans": [
            {
              "Node Type": "Aggregate",
              "Strategy": "Plain",
              "Partial Mode": "Partial",
              "Parent Relationship": "Outer",
              "Parallel Aware": false,
              "Startup Cost": 31806.11,
              "Total Cost": 31806.12,
              "Plan Rows": 1,
              "Plan Width": 8,
              "Actual Startup Time": 94.719,
              "Actual Total Time": 94.72,
              "Actual Rows": 1,
              "Actual Loops": 4,
              "Plans": [
                {
                  "Node Type": "Seq Scan",
                  "Parent Relationship": "Outer",
                  "Parallel Aware": true,
                  "Relation Name": "movie_companies",
                  "Alias": "mc",
                  "Startup Cost": 0.0,
                  "Total Cost": 31414.82,
                  "Plan Rows": 156516,
                  "Plan Width": 0,
                  "Actual Startup Time": 55.05,
                  "Actual Total Time": 90.947,
                  "Actual Rows": 70455,
                  "Actual Loops": 4,
                  "Filter": "((company_id < 3813) AND (company_type_id > 1))",
                  "Rows Removed by Filter": 581828
                }
              ]
            }
          ]
        }
      ]
    },
    "Planning Time": 0.198,
    "Triggers": [],
    "Execution Time": 108.183
  }
]