[
  {
    "Plan": {
      "Node Type": "Aggregate",
      "Strategy": "Plain",
      "Partial Mode": "Finalize",
      "Parallel Aware": false,
      "Startup Cost": 124452.93,
      "Total Cost": 124452.94,
      "Plan Rows": 1,
      "Plan Width": 8,
      "Actual Startup Time": 791.592,
      "Actual Total Time": 812.669,
      "Actual Rows": 1,
      "Actual Loops": 1,
      "Plans": [
        {
          "Node Type": "Gather",
          "Parent Relationship": "Outer",
          "Parallel Aware": false,
          "Startup Cost": 124452.61,
          "Total Cost": 124452.92,
          "Plan Rows": 3,
          "Plan Width": 8,
          "Actual Startup Time": 778.011,
          "Actual Total Time": 812.658,
          "Actual Rows": 4,
          "Actual Loops": 1,
          "Workers Planned": 3,
          "Workers Launched": 3,
          "Single Copy": false,
          "Plans": [
            {
              "Node Type": "Aggregate",
              "Strategy": "Plain",
              "Partial Mode": "Partial",
              "Parent Relationship": "Outer",
              "Parallel Aware": false,
              "Startup Cost": 123452.61,
              "Total Cost": 123452.62,
              "Plan Rows": 1,
              "Plan Width": 8,
              "Actual Startup Time": 768.785,
              "Actual Total Time": 768.928,
              "Actual Rows": 1,
              "Actual Loops": 4,
              "Plans": [
                {
                  "Node Type": "Hash Join",
                  "Parent Relationship": "Outer",
                  "Parallel Aware": true,
                  "Join Type": "Inner",
                  "Startup Cost": 91993.91,
                  "Total Cost": 122974.1,
                  "Plan Rows": 191406,
                  "Plan Width": 0,
                  "Actual Startup Time": 508.406,
                  "Actual Total Time": 723.953,
                  "Actual Rows": 1139205,
                  "Actual Loops": 4,
                  "Inner Unique": false,
                  "Hash Cond": "(mc.movie_id = t.id)",
                  "Plans": [
                    {
                      "Node Type": "Seq Scan",
                      "Parent Relationship": "Outer",
                      "Parallel Aware": true,
                      "Relation Name": "movie_companies",
                      "Alias": "mc",
                      "Startup Cost": 0.0,
                      "Total Cost": 27206.55,
                      "Plan Rows": 841655,
                      "Plan Width": 4,
                      "Actual Startup Time": 0.019,
                      "Actual Total Time": 56.087,
                      "Actual Rows": 652282,
                      "Actual Loops": 4
                    },
                    {
                      "Node Type": "Hash",
                      "Parent Relationship": "Inner",
                      "Parallel Aware": true,
                      "Startup Cost": 89675.46,
                      "Total Cost": 89675.46,
                      "Plan Rows": 185476,
                      "Plan Width": 8,
                      "Actual Startup Time": 496.956,
                      "Actual Total Time": 497.097,
                      "Actual Rows": 140829,
                      "Actual Loops": 4,
                      "Hash Buckets": 1048576,
                      "Original Hash Buckets": 1048576,
                      "Hash Batches": 1,
                      "Original Hash Batches": 1,
                      "Peak Memory Usage": 30272,
                      "Plans": [
                        {
                          "Node Type": "Hash Join",
                          "Parent Relationship": "Outer",
                          "Parallel Aware": true,
                          "Join Type": "Inner",
                          "Startup Cost": 62416.13,
                          "Total Cost": 89675.46,
                          "Plan Rows": 185476,
                          "Plan Width": 8,
                          "Actual Startup Time": 360.833,
                          "Actual Total Time": 458.794,
                          "Actual Rows": 140829,
                          "Actual Loops": 4,
                          "Inner Unique": true,
                          "Hash Cond": "(mk.movie_id = t.id)",
                          "Plans": [
                            {
                              "Node Type": "Bitmap Heap Scan",
                              "Parent Relationship": "Outer",
                              "Parallel Aware": true,
                              "Relation Name": "movie_keyword",
                              "Alias": "mk",
                              "Startup Cost": 12196.49,
                              "Total Cost": 38968.94,
                              "Plan Rows": 185476,
                              "Plan Width": 4,
                              "Actual Startup Time": 34.584,
                              "Actual Total Time": 89.118,
                              "Actual Rows": 140829,
                              "Actual Loops": 4,
                              "Recheck Cond": "(keyword_id > 32586)",
                              "Rows Removed by Index Recheck": 0,
                              "Exact Heap Blocks": 6565,
                              "Lossy Heap Blocks": 0,
                              "Plans": [
                                {
                                  "Node Type": "Bitmap Index Scan",
                                  "Parent Relationship": "Outer",
                                  "Parallel Aware": false,
                                  "Index Name": "keyword_id_movie_keyword",
                                  "Startup Cost": 0.0,
                                  "Total Cost": 12052.75,
                                  "Plan Rows": 574975,
                                  "Plan Width": 0,
                                  "Actual Startup Time": 31.064,
                                  "Actual Total Time": 31.065,
                                  "Actual Rows": 563317,
                                  "Actual Loops": 1,
                                  "Index Cond": "(keyword_id > 32586)"
                                }
                              ]
                            },
                            {
                              "Node Type": "Hash",
                              "Parent Relationship": "Inner",
                              "Parallel Aware": true,
                              "Startup Cost": 42318.73,
                              "Total Cost": 42318.73,
                              "Plan Rows": 632073,
                              "Plan Width": 4,
                              "Actual Startup Time": 318.966,
                              "Actual Total Time": 318.967,
                              "Actual Rows": 632078,
                              "Actual Loops": 4,
                              "Hash Buckets": 4194304,
                              "Original Hash Buckets": 4194304,
                              "Hash Batches": 1,
                              "Original Hash Batches": 1,
                              "Peak Memory Usage": 131776,
                              "Plans": [
                                {
                                  "Node Type": "Seq Scan",
                                  "Parent Relationship": "Outer",
                                  "Parallel Aware": true,
                                  "Relation Name": "title",
                                  "Alias": "t",
                                  "Startup Cost": 0.0,
                                  "Total Cost": 42318.73,
                                  "Plan Rows": 632073,
                                  "Plan Width": 4,
                                  "Actual Startup Time": 0.047,
                                  "Actual Total Time": 95.679,
                                  "Actual Rows": 632078,
                                  "Actual Loops": 4
                                }
                              ]
                            }
                          ]
                        }
                      ]
                    }
                  ]
                }
              ]
            }
          ]
        }
      ]
    },
    "Planning Time": 1.39,
    "Triggers": [],
    "Execution Time": 812.773
  }
]