[
  {
    "Plan": {
      "Node Type": "Aggregate",
      "Strategy": "Plain",
      "Partial Mode": "Finalize",
      "Parallel Aware": false,
      "Startup Cost": 32928.21,
      "Total Cost": 32928.22,
      "Plan Rows": 1,
      "Plan Width": 8,
      "Actual Startup Time": 111.148,
      "Actual Total Time": 120.609,
      "Actual Rows": 1,
      "Actual Loops": 1,
      "Plans": [
        {
          "Node Type": "Gather",
          "Parent Relationship": "Outer",
          "Parallel Aware": false,
          "Startup Cost": 32927.89,
          "Total Cost": 32928.2,
          "Plan Rows": 3,
          "Plan Width": 8,
          "Actual Startup Time": 110.828,
          "Actual Total Time": 120.601,
          "Actual Rows": 4,
          "Actual Loops": 1,
          "Workers Planned": 3,
          "Workers Launched": 3,
          "Single Copy": false,
          "Plans": [
            {
              "Node Type": "Aggregate",
              "Strategy": "Plain",
              "Partial Mode": "Partial",
              "Parent Relationship": "Outer",
              "Parallel Aware": false,
              "Startup Cost": 31927.89,
              "Total Cost": 31927.9,
              "Plan Rows": 1,
              "Plan Width": 8,
              "Actual Startup Time": 101.914,
              "Actual Total Time": 101.916,
              "Actual Rows": 1,
              "Actual Loops": 4,
              "Plans": [
                {
                  "Node Type": "Seq Scan",
                  "Parent Relationship": "Outer",
                  "Parallel Aware": true,
                  "Relation Name": "movie_companies",
                  "Alias": "mc",
                  "Startup Cost": 0.0,
                  "Total Cost": 31414.82,
                  "Plan Rows": 205228,
                  "Plan Width": 0,
                  "Actual Startup Time": 44.333,
                  "Actual Total Time": 89.384,
                  "Actual Rows": 222636,
                  "Actual Loops": 4,
                  "Filter": "((company_id > 11836) AND (company_type_id > 1))",
                  "Rows Removed by Filter": 429647
                }
              ]
            }
          ]
        }
      ]
    },
    "Planning Time": 0.093,
    "Triggers": [],
    "Execution Time": 120.645
  }
]