[
  {
    "Plan": {
      "Node Type": "Aggregate",
      "Strategy": "Plain",
      "Partial Mode": "Finalize",
      "Parallel Aware": false,
      "Startup Cost": 33081.87,
      "Total Cost": 33081.88,
      "Plan Rows": 1,
      "Plan Width": 8,
      "Actual Startup Time": 108.316,
      "Actual Total Time": 114.354,
      "Actual Rows": 1,
      "Actual Loops": 1,
      "Plans": [
        {
          "Node Type": "Gather",
          "Parent Relationship": "Outer",
          "Parallel Aware": false,
          "Startup Cost": 33081.55,
          "Total Cost": 33081.86,
          "Plan Rows": 3,
          "Plan Width": 8,
          "Actual Startup Time": 108.158,
          "Actual Total Time": 114.345,
          "Actual Rows": 4,
          "Actual Loops": 1,
          "Workers Planned": 3,
          "Workers Launched": 3,
          "Single Copy": false,
          "Plans": [
            {
              "Node Type": "Aggregate",
              "Strategy": "Plain",
              "Partial Mode": "Partial",
              "Parent Relationship": "Outer",
              "Parallel Aware": false,
              "Startup Cost": 32081.55,
              "Total Cost": 32081.56,
              "Plan Rows": 1,
              "Plan Width": 8,
              "Actual Startup Time": 100.364,
              "Actual Total Time": 100.365,
              "Actual Rows": 1,
              "Actual Loops": 4,
              "Plans": [
                {
                  "Node Type": "Seq Scan",
                  "Parent Relationship": "Outer",
                  "Parallel Aware": true,
                  "Relation Name": "movie_companies",
                  "Alias": "mc",
                  "Startup Cost": 0.0,
                  "Total Cost": 31414.82,
                  "Plan Rows": 266694,
                  "Plan Width": 0,
                  "Actual Startup Time": 0.047,
                  "Actual Total Time": 82.876,
                  "Actual Rows": 282270,
                  "Actual Loops": 4,
                  "Filter": "((company_id < 18968) AND (company_type_id < 2))",
                  "Rows Removed by Filter": 370012
                }
              ]
            }
          ]
        }
      ]
    },
    "Planning Time": 0.214,
    "Triggers": [],
    "Execution Time": 114.412
  }
]