[
  {
    "Plan": {
      "Node Type": "Aggregate",
      "Strategy": "Plain",
      "Partial Mode": "Finalize",
      "Parallel Aware": false,
      "Startup Cost": 75748.38,
      "Total Cost": 75748.39,
      "Plan Rows": 1,
      "Plan Width": 8,
      "Actual Startup Time": 505.19,
      "Actual Total Time": 525.231,
      "Actual Rows": 1,
      "Actual Loops": 1,
      "Plans": [
        {
          "Node Type": "Gather",
          "Parent Relationship": "Outer",
          "Parallel Aware": false,
          "Startup Cost": 75748.06,
          "Total Cost": 75748.37,
          "Plan Rows": 3,
          "Plan Width": 8,
          "Actual Startup Time": 493.247,
          "Actual Total Time": 525.223,
          "Actual Rows": 4,
          "Actual Loops": 1,
          "Workers Planned": 3,
          "Workers Launched": 3,
          "Single Copy": false,
          "Plans": [
            {
              "Node Type": "Aggregate",
              "Strategy": "Plain",
              "Partial Mode": "Partial",
              "Parent Relationship": "Outer",
              "Parallel Aware": false,
              "Startup Cost": 74748.06,
              "Total Cost": 74748.07,
              "Plan Rows": 1,
              "Plan Width": 8,
              "Actual Startup Time": 478.291,
              "Actual Total Time": 478.294,
              "Actual Rows": 1,
              "Actual Loops": 4,
              "Plans": [
                {
                  "Node Type": "Hash Join",
                  "Parent Relationship": "Outer",
                  "Parallel Aware": true,
                  "Join Type": "Inner",
                  "Startup Cost": 54765.89,
                  "Total Cost": 74578.96,
                  "Plan Rows": 67641,
                  "Plan Width": 0,
                  "Actual Startup Time": 409.609,
                  "Actual Total Time": 474.935,
                  "Actual Rows": 50823,
                  "Actual Loops": 4,
                  "Inner Unique": true,
                  "Hash Cond": "(mc.movie_id = t.id)",
                  "Plans": [
                    {
                      "Node Type": "Bitmap Heap Scan",
                      "Parent Relationship": "Outer",
                      "Parallel Aware": true,
                      "Relation Name": "movie_companies",
                      "Alias": "mc",
                      "Startup Cost": 4545.5,
                      "Total Cost": 24181.02,
                      "Plan Rows": 67641,
                      "Plan Width": 4,
                      "Actual Startup Time": 17.21,
                      "Actual Total Time": 46.725,
                      "Actual Rows": 50823,
                      "Actual Loops": 4,
                      "Recheck Cond": "(company_id < 67)",
                      "Rows Removed by Index Recheck": 0,
                      "Exact Heap Blocks": 6966,
                      "Lossy Heap Blocks": 0,
                      "Plans": [
                        {
                          "Node Type": "Bitmap Index Scan",
                          "Parent Relationship": "Outer",
                          "Parallel Aware": false,
                          "Index Name": "company_id_movie_companies",
                          "Startup Cost": 0.0,
                          "Total Cost": 4493.08,
                          "Plan Rows": 209687,
                          "Plan Width": 0,
                          "Actual Startup Time": 13.566,
                          "Actual Total Time": 13.567,
                          "Actual Rows": 203291,
                          "Actual Loops": 1,
                          "Index Cond": "(company_id < 67)"
                        }
                      ]
                    },
                    {
                      "Node Type": "Hash",
                      "Parent Relationship": "Inner",
                      "Parallel Aware": true,
                      "Startup Cost": 42319.06,
                      "Total Cost": 42319.06,
                      "Plan Rows": 632106,
                      "Plan Width": 4,
                      "Actual Startup Time": 382.876,
                      "Actual Total Time": 382.877,
                      "Actual Rows": 632078,
                      "Actual Loops": 4,
                      "Hash Buckets": 4194304,
                      "Original Hash Buckets": 4194304,
                      "Hash Batches": 1,
                      "Original Hash Batches": 1,
                      "Peak Memory Usage": 131744,
                      "Plans": [
                        {
                          "Node Type": "Seq Scan",
                          "Parent Relationship": "Outer",
                          "Parallel Aware": true,
                          "Relation Name": "title",
                          "Alias": "t",
                          "Startup Cost": 0.0,
                          "Total Cost": 42319.06,
                          "Plan Rows": 632106,
                          "Plan Width": 4,
                          "Actual Startup Time": 0.049,
                          "Actual Total Time": 116.614,
                          "Actual Rows": 632078,
                          "Actual Loops": 4
                        }
                      ]
                    }
                  ]
                }
              ]
            }
          ]
        }
      ]
    },
    "Planning Time": 0.407,
    "Triggers": [],
    "Execution Time": 525.296
  }
]