[
  {
    "Plan": {
      "Node Type": "Aggregate",
      "Strategy": "Plain",
      "Partial Mode": "Finalize",
      "Parallel Aware": false,
      "Startup Cost": 71611.9,
      "Total Cost": 71611.91,
      "Plan Rows": 1,
      "Plan Width": 8,
      "Actual Startup Time": 245.328,
      "Actual Total Time": 259.384,
      "Actual Rows": 1,
      "Actual Loops": 1,
      "Plans": [
        {
          "Node Type": "Gather",
          "Parent Relationship": "Outer",
          "Parallel Aware": false,
          "Startup Cost": 71611.48,
          "Total Cost": 71611.89,
          "Plan Rows": 4,
          "Plan Width": 8,
          "Actual Startup Time": 243.172,
          "Actual Total Time": 259.375,
          "Actual Rows": 5,
          "Actual Loops": 1,
          "Workers Planned": 4,
          "Workers Launched": 4,
          "Single Copy": false,
          "Plans": [
            {
              "Node Type": "Aggregate",
              "Strategy": "Plain",
              "Partial Mode": "Partial",
              "Parent Relationship": "Outer",
              "Parallel Aware": false,
              "Startup Cost": 70611.48,
              "Total Cost": 70611.49,
              "Plan Rows": 1,
              "Plan Width": 8,
              "Actual Startup Time": 232.734,
              "Actual Total Time": 232.738,
              "Actual Rows": 1,
              "Actual Loops": 5,
              "Plans": [
                {
                  "Node Type": "Hash Join",
                  "Parent Relationship": "Outer",
                  "Parallel Aware": true,
                  "Join Type": "Inner",
                  "Startup Cost": 24841.05,
                  "Total Cost": 70484.28,
                  "Plan Rows": 50881,
                  "Plan Width": 0,
                  "Actual Startup Time": 78.009,
                  "Actual Total Time": 230.529,
                  "Actual Rows": 40658,
                  "Actual Loops": 5,
                  "Inner Unique": false,
                  "Hash Cond": "(t.id = mc.movie_id)",
                  "Plans": [
                    {
                      "Node Type": "Seq Scan",
                      "Parent Relationship": "Outer",
                      "Parallel Aware": true,
                      "Relation Name": "title",
                      "Alias": "t",
                      "Startup Cost": 0.0,
                      "Total Cost": 42318.73,
                      "Plan Rows": 632073,
                      "Plan Width": 4,
                      "Actual Startup Time": 0.013,
                      "Actual Total Time": 67.326,
                      "Actual Rows": 505662,
                      "Actual Loops": 5
                    },
                    {
                      "Node Type": "Hash",
                      "Parent Relationship": "Inner",
                      "Parallel Aware": true,
                      "Startup Cost": 24020.39,
                      "Total Cost": 24020.39,
                      "Plan Rows": 65653,
                      "Plan Width": 4,
                      "Actual Startup Time": 76.026,
                      "Actual Total Time": 76.027,
                      "Actual Rows": 40658,
                      "Actual Loops": 5,
                      "Hash Buckets": 262144,
                      "Original Hash Buckets": 262144,
                      "Hash Batches": 1,
                      "Original Hash Batches": 1,
                      "Peak Memory Usage": 10080,
                      "Plans": [
                        {
                          "Node Type": "Bitmap Heap Scan",
                          "Parent Relationship": "Outer",
                          "Parallel Aware": true,
                          "Relation Name": "movie_companies",
                          "Alias": "mc",
                          "Startup Cost": 4409.73,
                          "Total Cost": 24020.39,
                          "Plan Rows": 65653,
                          "Plan Width": 4,
                          "Actual Startup Time": 21.019,
                          "Actual Total Time": 59.334,
                          "Actual Rows": 40658,
                          "Actual Loops": 5,
                          "Recheck Cond": "(company_id < 67)",
                          "Rows Removed by Index Recheck": 0,
                          "Exact Heap Blocks": 7137,
                          "Lossy Heap Blocks": 0,
                          "Plans": [
                            {
                              "Node Type": "Bitmap Index Scan",
                              "Parent Relationship": "Outer",
                              "Parallel Aware": false,
                              "Index Name": "company_id_movie_companies",
                              "Startup Cost": 0.0,
                              "Total Cost": 4358.85,
                              "Plan Rows": 203523,
                              "Plan Width": 0,
                              "Actual Startup Time": 20.863,
                              "Actual Total Time": 20.863,
                              "Actual Rows": 203291,
                              "Actual Loops": 1,
                              "Index Cond": "(company_id < 67)"
                            }
                          ]
                        }
                      ]
                    }
                  ]
                }
              ]
            }
          ]
        }
      ]
    },
    "Planning Time": 0.637,
    "Triggers": [],
    "Execution Time": 259.535
  }
]