[
  {
    "Plan": {
      "Node Type": "Aggregate",
      "Strategy": "Plain",
      "Partial Mode": "Finalize",
      "Parallel Aware": false,
      "Startup Cost": 109839.76,
      "Total Cost": 109839.77,
      "Plan Rows": 1,
      "Plan Width": 8,
      "Actual Startup Time": 337.358,
      "Actual Total Time": 349.279,
      "Actual Rows": 1,
      "Actual Loops": 1,
      "Plans": [
        {
          "Node Type": "Gather",
          "Parent Relationship": "Outer",
          "Parallel Aware": false,
          "Startup Cost": 109839.44,
          "Total Cost": 109839.75,
          "Plan Rows": 3,
          "Plan Width": 8,
          "Actual Startup Time": 335.575,
          "Actual Total Time": 349.27,
          "Actual Rows": 4,
          "Actual Loops": 1,
          "Workers Planned": 3,
          "Workers Launched": 3,
          "Single Copy": false,
          "Plans": [
            {
              "Node Type": "Aggregate",
              "Strategy": "Plain",
              "Partial Mode": "Partial",
              "Parent Relationship": "Outer",
              "Parallel Aware": false,
              "Startup Cost": 108839.44,
              "Total Cost": 108839.45,
              "Plan Rows": 1,
              "Plan Width": 8,
              "Actual Startup Time": 328.295,
              "Actual Total Time": 328.36,
              "Actual Rows": 1,
              "Actual Loops": 4,
              "Plans": [
                {
                  "Node Type": "Hash Join",
                  "Parent Relationship": "Outer",
                  "Parallel Aware": true,
                  "Join Type": "Inner",
                  "Startup Cost": 62806.46,
                  "Total Cost": 108688.49,
                  "Plan Rows": 60378,
                  "Plan Width": 0,
                  "Actual Startup Time": 189.02,
                  "Actual Total Time": 326.668,
                  "Actual Rows": 41356,
                  "Actual Loops": 4,
                  "Inner Unique": false,
                  "Hash Cond": "(mk.movie_id = t.id)",
                  "Plans": [
                    {
                      "Node Type": "Seq Scan",
                      "Parent Relationship": "Outer",
                      "Parallel Aware": true,
                      "Relation Name": "movie_keyword",
                      "Alias": "mk",
                      "Startup Cost": 0.0,
                      "Total Cost": 42695.65,
                      "Plan Rows": 782615,
                      "Plan Width": 4,
                      "Actual Startup Time": 0.172,
                      "Actual Total Time": 96.401,
                      "Actual Rows": 606273,
                      "Actual Loops": 4,
                      "Filter": "(keyword_id > 3778)",
                      "Rows Removed by Filter": 524710
                    },
                    {
                      "Node Type": "Hash",
                      "Parent Relationship": "Inner",
                      "Parallel Aware": true,
                      "Startup Cost": 61790.52,
                      "Total Cost": 61790.52,
                      "Plan Rows": 81275,
                      "Plan Width": 8,
                      "Actual Startup Time": 186.482,
                      "Actual Total Time": 186.545,
                      "Actual Rows": 23056,
                      "Actual Loops": 4,
                      "Hash Buckets": 262144,
                      "Original Hash Buckets": 262144,
                      "Hash Batches": 1,
                      "Original Hash Batches": 1,
                      "Peak Memory Usage": 5728,
                      "Plans": [
                        {
                          "Node Type": "Hash Join",
                          "Parent Relationship": "Outer",
                          "Parallel Aware": true,
                          "Join Type": "Inner",
                          "Startup Cost": 46595.96,
                          "Total Cost": 61790.52,
                          "Plan Rows": 81275,
                          "Plan Width": 8,
                          "Actual Startup Time": 117.203,
                          "Actual Total Time": 181.125,
                          "Actual Rows": 23056,
                          "Actual Loops": 4,
                          "Inner Unique": true,
                          "Hash Cond": "(mi_idx.movie_id = t.id)",
                          "Plans": [
                            {
                              "Node Type": "Seq Scan",
                              "Parent Relationship": "Outer",
                              "Parallel Aware": true,
                              "Relation Name": "movie_info_idx",
                              "Alias": "mi_idx",
                              "Startup Cost": 0.0,
                              "Total Cost": 13685.15,
                              "Plan Rows": 575015,
                              "Plan Width": 4,
                              "Actual Startup Time": 0.017,
                              "Actual Total Time": 27.018,
                              "Actual Rows": 345009,
                              "Actual Loops": 4
                            },
                            {
                              "Node Type": "Hash",
                              "Parent Relationship": "Inner",
                              "Parallel Aware": true,
                              "Startup Cost": 45479.21,
                              "Total Cost": 45479.21,
                              "Plan Rows": 89340,
                              "Plan Width": 4,
                              "Actual Startup Time": 115.209,
                              "Actual Total Time": 115.211,
                              "Actual Rows": 54632,
                              "Actual Loops": 4,
                              "Hash Buckets": 524288,
                              "Original Hash Buckets": 524288,
                              "Hash Batches": 1,
                              "Original Hash Batches": 1,
                              "Peak Memory Usage": 12672,
                              "Plans": [
                                {
                                  "Node Type": "Seq Scan",
                                  "Parent Relationship": "Outer",
                                  "Parallel Aware": true,
                                  "Relation Name": "title",
                                  "Alias": "t",
                                  "Startup Cost": 0.0,
                                  "Total Cost": 45479.21,
                                  "Plan Rows": 89340,
                                  "Plan Width": 4,
                                  "Actual Startup Time": 0.04,
                                  "Actual Total Time": 92.662,
                                  "Actual Rows": 54632,
                                  "Actual Loops": 4,
                                  "Filter": "((kind_id > 1) AND (production_year < 1978))",
                                  "Rows Removed by Filter": 577446
                                }
                              ]
                            }
                          ]
                        }
                      ]
                    }
                  ]
                }
              ]
            }
          ]
        }
      ]
    },
    "Planning Time": 0.873,
    "Triggers": [],
    "Execution Time": 349.333
  }
]