[
  {
    "Plan": {
      "Node Type": "Aggregate",
      "Strategy": "Plain",
      "Partial Mode": "Finalize",
      "Parallel Aware": false,
      "Startup Cost": 46353.4,
      "Total Cost": 46353.41,
      "Plan Rows": 1,
      "Plan Width": 8,
      "Actual Startup Time": 145.522,
      "Actual Total Time": 155.289,
      "Actual Rows": 1,
      "Actual Loops": 1,
      "Plans": [
        {
          "Node Type": "Gather",
          "Parent Relationship": "Outer",
          "Parallel Aware": false,
          "Startup Cost": 46353.08,
          "Total Cost": 46353.39,
          "Plan Rows": 3,
          "Plan Width": 8,
          "Actual Startup Time": 145.346,
          "Actual Total Time": 155.28,
          "Actual Rows": 4,
          "Actual Loops": 1,
          "Workers Planned": 3,
          "Workers Launched": 3,
          "Single Copy": false,
          "Plans": [
            {
              "Node Type": "Aggregate",
              "Strategy": "Plain",
              "Partial Mode": "Partial",
              "Parent Relationship": "Outer",
              "Parallel Aware": false,
              "Startup Cost": 45353.08,
              "Total Cost": 45353.09,
              "Plan Rows": 1,
              "Plan Width": 8,
              "Actual Startup Time": 141.96,
              "Actual Total Time": 141.962,
              "Actual Rows": 1,
              "Actual Loops": 4,
              "Plans": [
                {
                  "Node Type": "Seq Scan",
                  "Parent Relationship": "Outer",
                  "Parallel Aware": true,
                  "Relation Name": "movie_keyword",
                  "Alias": "mk",
                  "Startup Cost": 0.0,
                  "Total Cost": 42695.65,
                  "Plan Rows": 1062972,
                  "Plan Width": 0,
                  "Actual Startup Time": 0.024,
                  "Actual Total Time": 108.344,
                  "Actual Rows": 823184,
                  "Actual Loops": 4,
                  "Filter": "(keyword_id < 14723)",
                  "Rows Removed by Filter": 307798
                }
              ]
            }
          ]
        }
      ]
    },
    "Planning Time": 0.126,
    "Triggers": [],
    "Execution Time": 155.328
  }
]