[
  {
    "Plan": {
      "Node Type": "Aggregate",
      "Strategy": "Plain",
      "Partial Mode": "Finalize",
      "Parallel Aware": false,
      "Startup Cost": 46355.65,
      "Total Cost": 46355.66,
      "Plan Rows": 1,
      "Plan Width": 8,
      "Actual Startup Time": 192.692,
      "Actual Total Time": 205.223,
      "Actual Rows": 1,
      "Actual Loops": 1,
      "Plans": [
        {
          "Node Type": "Gather",
          "Parent Relationship": "Outer",
          "Parallel Aware": false,
          "Startup Cost": 46355.33,
          "Total Cost": 46355.64,
          "Plan Rows": 3,
          "Plan Width": 8,
          "Actual Startup Time": 192.561,
          "Actual Total Time": 205.215,
          "Actual Rows": 4,
          "Actual Loops": 1,
          "Workers Planned": 3,
          "Workers Launched": 3,
          "Single Copy": false,
          "Plans": [
            {
              "Node Type": "Aggregate",
              "Strategy": "Plain",
              "Partial Mode": "Partial",
              "Parent Relationship": "Outer",
              "Parallel Aware": false,
              "Startup Cost": 45355.33,
              "Total Cost": 45355.34,
              "Plan Rows": 1,
              "Plan Width": 8,
              "Actual Startup Time": 185.743,
              "Actual Total Time": 185.744,
              "Actual Rows": 1,
              "Actual Loops": 4,
              "Plans": [
                {
                  "Node Type": "Seq Scan",
                  "Parent Relationship": "Outer",
                  "Parallel Aware": true,
                  "Relation Name": "movie_keyword",
                  "Alias": "mk",
                  "Startup Cost": 0.0,
                  "Total Cost": 42695.65,
                  "Plan Rows": 1063872,
                  "Plan Width": 0,
                  "Actual Startup Time": 0.055,
                  "Actual Total Time": 142.407,
                  "Actual Rows": 823184,
                  "Actual Loops": 4,
                  "Filter": "(keyword_id < 14723)",
                  "Rows Removed by Filter": 307798
                }
              ]
            }
          ]
        }
      ]
    },
    "Planning Time": 0.181,
    "Triggers": [],
    "Execution Time": 205.281
  }
]