[
  {
    "Plan": {
      "Node Type": "Aggregate",
      "Strategy": "Plain",
      "Partial Mode": "Finalize",
      "Parallel Aware": false,
      "Startup Cost": 45340.32,
      "Total Cost": 45340.33,
      "Plan Rows": 1,
      "Plan Width": 8,
      "Actual Startup Time": 142.662,
      "Actual Total Time": 151.805,
      "Actual Rows": 1,
      "Actual Loops": 1,
      "Plans": [
        {
          "Node Type": "Gather",
          "Parent Relationship": "Outer",
          "Parallel Aware": false,
          "Startup Cost": 45340.01,
          "Total Cost": 45340.32,
          "Plan Rows": 3,
          "Plan Width": 8,
          "Actual Startup Time": 142.559,
          "Actual Total Time": 151.798,
          "Actual Rows": 4,
          "Actual Loops": 1,
          "Workers Planned": 3,
          "Workers Launched": 3,
          "Single Copy": false,
          "Plans": [
            {
              "Node Type": "Aggregate",
              "Strategy": "Plain",
              "Partial Mode": "Partial",
              "Parent Relationship": "Outer",
              "Parallel Aware": false,
              "Startup Cost": 44340.01,
              "Total Cost": 44340.02,
              "Plan Rows": 1,
              "Plan Width": 8,
              "Actual Startup Time": 136.007,
              "Actual Total Time": 136.009,
              "Actual Rows": 1,
              "Actual Loops": 4,
              "Plans": [
                {
                  "Node Type": "Seq Scan",
                  "Parent Relationship": "Outer",
                  "Parallel Aware": true,
                  "Relation Name": "movie_keyword",
                  "Alias": "mk",
                  "Startup Cost": 0.0,
                  "Total Cost": 42695.65,
                  "Plan Rows": 657741,
                  "Plan Width": 0,
                  "Actual Startup Time": 0.905,
                  "Actual Total Time": 112.331,
                  "Actual Rows": 509683,
                  "Actual Loops": 4,
                  "Filter": "(keyword_id > 6039)",
                  "Rows Removed by Filter": 621300
                }
              ]
            }
          ]
        }
      ]
    },
    "Planning Time": 0.183,
    "Triggers": [],
    "Execution Time": 151.863
  }
]