[
  {
    "Plan": {
      "Node Type": "Aggregate",
      "Strategy": "Plain",
      "Partial Mode": "Finalize",
      "Parallel Aware": false,
      "Startup Cost": 180422.39,
      "Total Cost": 180422.4,
      "Plan Rows": 1,
      "Plan Width": 8,
      "Actual Startup Time": 163.633,
      "Actual Total Time": 193.524,
      "Actual Rows": 1,
      "Actual Loops": 1,
      "Plans": [
        {
          "Node Type": "Gather",
          "Parent Relationship": "Outer",
          "Parallel Aware": false,
          "Startup Cost": 180421.97,
          "Total Cost": 180422.38,
          "Plan Rows": 4,
          "Plan Width": 8,
          "Actual Startup Time": 163.445,
          "Actual Total Time": 193.516,
          "Actual Rows": 5,
          "Actual Loops": 1,
          "Workers Planned": 4,
          "Workers Launched": 4,
          "Single Copy": false,
          "Plans": [
            {
              "Node Type": "Aggregate",
              "Strategy": "Plain",
              "Partial Mode": "Partial",
              "Parent Relationship": "Outer",
              "Parallel Aware": false,
              "Startup Cost": 179421.97,
              "Total Cost": 179421.98,
              "Plan Rows": 1,
              "Plan Width": 8,
              "Actual Startup Time": 157.489,
              "Actual Total Time": 157.49,
              "Actual Rows": 1,
              "Actual Loops": 5,
              "Plans": [
                {
                  "Node Type": "Nested Loop",
                  "Parent Relationship": "Outer",
                  "Parallel Aware": false,
                  "Join Type": "Inner",
                  "Startup Cost": 0.56,
                  "Total Cost": 179378.43,
                  "Plan Rows": 17417,
                  "Plan Width": 0,
                  "Actual Startup Time": 1.996,
                  "Actual Total Time": 155.735,
                  "Actual Rows": 15851,
                  "Actual Loops": 5,
                  "Inner Unique": false,
                  "Plans": [
                    {
                      "Node Type": "Seq Scan",
                      "Parent Relationship": "Outer",
                      "Parallel Aware": true,
                      "Relation Name": "title",
                      "Alias": "t",
                      "Startup Cost": 0.0,
                      "Total Cost": 45479.59,
                      "Plan Rows": 1215,
                      "Plan Width": 4,
                      "Actual Startup Time": 1.018,
                      "Actual Total Time": 74.366,
                      "Actual Rows": 1000,
                      "Actual Loops": 5,
                      "Filter": "((kind_id < 3) AND (production_year = 1978))",
                      "Rows Removed by Filter": 504662
                    },
                    {
                      "Node Type": "Index Only Scan",
                      "Parent Relationship": "Inner",
                      "Parallel Aware": false,
                      "Scan Direction": "Forward",
                      "Index Name": "movie_id_cast_info",
                      "Relation Name": "cast_info",
                      "Alias": "ci",
                      "Startup Cost": 0.56,
                      "Total Cost": 109.85,
                      "Plan Rows": 35,
                      "Plan Width": 4,
                      "Actual Startup Time": 0.016,
                      "Actual Total Time": 0.079,
                      "Actual Rows": 16,
                      "Actual Loops": 5002,
                      "Index Cond": "(movie_id = t.id)",
                      "Rows Removed by Index Recheck": 0,
                      "Heap Fetches": 79256
                    }
                  ]
                }
              ]
            }
          ]
        }
      ]
    },
    "Planning Time": 0.21,
    "Triggers": [],
    "Execution Time": 193.561
  }
]