{
  "Plan": {
    "Node Type": "Aggregate",
    "Strategy": "Plain",
    "Partial Mode": "Finalize",
    "Parallel Aware": false,
    "Startup Cost": 121515.5,
    "Total Cost": 121515.51,
    "Plan Rows": 1,
    "Plan Width": 8,
    "Actual Startup Time": 172.045,
    "Actual Total Time": 183.859,
    "Actual Rows": 1,
    "Actual Loops": 1,
    "Plans": [
      {
        "Node Type": "Gather",
        "Parent Relationship": "Outer",
        "Parallel Aware": false,
        "Startup Cost": 121515.39,
        "Total Cost": 121515.5,
        "Plan Rows": 1,
        "Plan Width": 8,
        "Actual Startup Time": 171.729,
        "Actual Total Time": 183.853,
        "Actual Rows": 2,
        "Actual Loops": 1,
        "Workers Planned": 1,
        "Workers Launched": 1,
        "Single Copy": false,
        "Plans": [
          {
            "Node Type": "Aggregate",
            "Strategy": "Plain",
            "Partial Mode": "Partial",
            "Parent Relationship": "Outer",
            "Parallel Aware": false,
            "Startup Cost": 120515.39,
            "Total Cost": 120515.4,
            "Plan Rows": 1,
            "Plan Width": 8,
            "Actual Startup Time": 165.801,
            "Actual Total Time": 165.803,
            "Actual Rows": 1,
            "Actual Loops": 2,
            "Plans": [
              {
                "Node Type": "Hash Join",
                "Parent Relationship": "Outer",
                "Parallel Aware": true,
                "Join Type": "Inner",
                "Startup Cost": 59583.86,
                "Total Cost": 120513.86,
                "Plan Rows": 612,
                "Plan Width": 0,
                "Actual Startup Time": 159.594,
                "Actual Total Time": 165.794,
                "Actual Rows": 20,
                "Actual Loops": 2,
                "Inner Unique": true,
                "Hash Cond": "(mi.movie_id = t.id)",
                "Plans": [
                  {
                    "Node Type": "Bitmap Heap Scan",
                    "Parent Relationship": "Outer",
                    "Parallel Aware": true,
                    "Relation Name": "movie_info",
                    "Alias": "mi",
                    "Startup Cost": 404.29,
                    "Total Cost": 61300.05,
                    "Plan Rows": 13044,
                    "Plan Width": 4,
                    "Actual Startup Time": 1.565,
                    "Actual Total Time": 5.432,
                    "Actual Rows": 9270,
                    "Actual Loops": 2,
                    "Recheck Cond": "(info_type_id = 90)",
                    "Rows Removed by Index Recheck": 0,
                    "Exact Heap Blocks": 1344,
                    "Lossy Heap Blocks": 0,
                    "Plans": [
                      {
                        "Node Type": "Bitmap Index Scan",
                        "Parent Relationship": "Outer",
                        "Parallel Aware": false,
                        "Index Name": "info_type_id_movie_info",
                        "Startup Cost": 0.0,
                        "Total Cost": 398.75,
                        "Plan Rows": 22175,
                        "Plan Width": 0,
                        "Actual Startup Time": 1.228,
                        "Actual Total Time": 1.228,
                        "Actual Rows": 18539,
                        "Actual Loops": 1,
                        "Index Cond": "(info_type_id = 90)"
                      }
                    ]
                  },
                  {
                    "Node Type": "Hash",
                    "Parent Relationship": "Inner",
                    "Parallel Aware": true,
                    "Startup Cost": 58306.47,
                    "Total Cost": 58306.47,
                    "Plan Rows": 69848,
                    "Plan Width": 4,
                    "Actual Startup Time": 155.589,
                    "Actual Total Time": 155.589,
                    "Actual Rows": 62374,
                    "Actual Loops": 2,
                    "Hash Buckets": 131072,
                    "Original Hash Buckets": 131072,
                    "Hash Batches": 1,
                    "Original Hash Batches": 1,
                    "Peak Memory Usage": 5952,
                    "Plans": [
                      {
                        "Node Type": "Seq Scan",
                        "Parent Relationship": "Outer",
                        "Parallel Aware": true,
                        "Relation Name": "title",
                        "Alias": "t",
                        "Startup Cost": 0.0,
                        "Total Cost": 58306.47,
                        "Plan Rows": 69848,
                        "Plan Width": 4,
                        "Actual Startup Time": 0.036,
                        "Actual Total Time": 139.874,
                        "Actual Rows": 62374,
                        "Actual Loops": 2,
                        "Filter": "((kind_id > 1) AND (production_year = 2012))",
                        "Rows Removed by Filter": 1201782
                      }
                    ]
                  }
                ]
              }
            ]
          }
        ]
      }
    ]
  },
  "Planning Time": 0.473,
  "Triggers": [],
  "Execution Time": 183.949
}