[
  {
    "Plan": {
      "Node Type": "Aggregate",
      "Strategy": "Plain",
      "Partial Mode": "Finalize",
      "Parallel Aware": false,
      "Startup Cost": 350318.52,
      "Total Cost": 350318.53,
      "Plan Rows": 1,
      "Plan Width": 8,
      "Actual Startup Time": 799.695,
      "Actual Total Time": 856.942,
      "Actual Rows": 1,
      "Actual Loops": 1,
      "Plans": [
        {
          "Node Type": "Gather",
          "Parent Relationship": "Outer",
          "Parallel Aware": false,
          "Startup Cost": 350317.9,
          "Total Cost": 350318.51,
          "Plan Rows": 6,
          "Plan Width": 8,
          "Actual Startup Time": 799.492,
          "Actual Total Time": 856.93,
          "Actual Rows": 7,
          "Actual Loops": 1,
          "Workers Planned": 6,
          "Workers Launched": 6,
          "Single Copy": false,
          "Plans": [
            {
              "Node Type": "Aggregate",
              "Strategy": "Plain",
              "Partial Mode": "Partial",
              "Parent Relationship": "Outer",
              "Parallel Aware": false,
              "Startup Cost": 349317.9,
              "Total Cost": 349317.91,
              "Plan Rows": 1,
              "Plan Width": 8,
              "Actual Startup Time": 790.572,
              "Actual Total Time": 790.574,
              "Actual Rows": 1,
              "Actual Loops": 7,
              "Plans": [
                {
                  "Node Type": "Seq Scan",
                  "Parent Relationship": "Outer",
                  "Parallel Aware": true,
                  "Relation Name": "cast_info",
                  "Alias": "ci",
                  "Startup Cost": 0.0,
                  "Total Cost": 343316.27,
                  "Plan Rows": 2400651,
                  "Plan Width": 0,
                  "Actual Startup Time": 363.615,
                  "Actual Total Time": 700.565,
                  "Actual Rows": 1778596,
                  "Actual Loops": 7,
                  "Filter": "((person_id < 3394712) AND (role_id > 2))",
                  "Rows Removed by Filter": 3399168
                }
              ]
            }
          ]
        }
      ]
    },
    "Planning Time": 0.107,
    "Triggers": [],
    "Execution Time": 856.989
  }
]