{
  "Plan": {
    "Node Type": "Aggregate",
    "Strategy": "Plain",
    "Partial Mode": "Finalize",
    "Parallel Aware": false,
    "Startup Cost": 404475.49,
    "Total Cost": 404475.5,
    "Plan Rows": 1,
    "Plan Width": 8,
    "Actual Startup Time": 6340.072,
    "Actual Total Time": 6406.136,
    "Actual Rows": 1,
    "Actual Loops": 1,
    "Plans": [
      {
        "Node Type": "Gather",
        "Parent Relationship": "Outer",
        "Parallel Aware": false,
        "Startup Cost": 404475.38,
        "Total Cost": 404475.49,
        "Plan Rows": 1,
        "Plan Width": 8,
        "Actual Startup Time": 6337.998,
        "Actual Total Time": 6406.128,
        "Actual Rows": 2,
        "Actual Loops": 1,
        "Workers Planned": 1,
        "Workers Launched": 1,
        "Single Copy": false,
        "Plans": [
          {
            "Node Type": "Aggregate",
            "Strategy": "Plain",
            "Partial Mode": "Partial",
            "Parent Relationship": "Outer",
            "Parallel Aware": false,
            "Startup Cost": 403475.38,
            "Total Cost": 403475.39,
            "Plan Rows": 1,
            "Plan Width": 8,
            "Actual Startup Time": 6332.304,
            "Actual Total Time": 6332.316,
            "Actual Rows": 1,
            "Actual Loops": 2,
            "Plans": [
              {
                "Node Type": "Nested Loop",
                "Parent Relationship": "Outer",
                "Parallel Aware": false,
                "Join Type": "Inner",
                "Startup Cost": 70564.31,
                "Total Cost": 400889.91,
                "Plan Rows": 1034186,
                "Plan Width": 0,
                "Actual Startup Time": 249.09,
                "Actual Total Time": 5970.706,
                "Actual Rows": 8373640,
                "Actual Loops": 2,
                "Inner Unique": false,
                "Join Filter": "(t.id = ci.movie_id)",
                "Rows Removed by Join Filter": 0,
                "Plans": [
                  {
                    "Node Type": "Hash Join",
                    "Parent Relationship": "Outer",
                    "Parallel Aware": true,
                    "Join Type": "Inner",
                    "Startup Cost": 70563.74,
                    "Total Cost": 100495.02,
                    "Plan Rows": 72174,
                    "Plan Width": 8,
                    "Actual Startup Time": 249.003,
                    "Actual Total Time": 420.686,
                    "Actual Rows": 164938,
                    "Actual Loops": 2,
                    "Inner Unique": true,
                    "Hash Cond": "(mk.movie_id = t.id)",
                    "Plans": [
                      {
                        "Node Type": "Bitmap Heap Scan",
                        "Parent Relationship": "Outer",
                        "Parallel Aware": true,
                        "Relation Name": "movie_keyword",
                        "Alias": "mk",
                        "Startup Cost": 13059.55,
                        "Total Cost": 42040.23,
                        "Plan Rows": 362134,
                        "Plan Width": 4,
                        "Actual Startup Time": 35.01,
                        "Actual Total Time": 124.45,
                        "Actual Rows": 312040,
                        "Actual Loops": 2,
                        "Recheck Cond": "(keyword_id < 482)",
                        "Rows Removed by Index Recheck": 0,
                        "Exact Heap Blocks": 13746,
                        "Lossy Heap Blocks": 0,
                        "Plans": [
                          {
                            "Node Type": "Bitmap Index Scan",
                            "Parent Relationship": "Outer",
                            "Parallel Aware": false,
                            "Index Name": "keyword_id_movie_keyword",
                            "Startup Cost": 0.0,
                            "Total Cost": 12905.64,
                            "Plan Rows": 615628,
                            "Plan Width": 0,
                            "Actual Startup Time": 31.393,
                            "Actual Total Time": 31.406,
                            "Actual Rows": 624081,
                            "Actual Loops": 1,
                            "Index Cond": "(keyword_id < 482)"
                          }
                        ]
                      },
                      {
                        "Node Type": "Hash",
                        "Parent Relationship": "Inner",
                        "Parallel Aware": true,
                        "Startup Cost": 53799.08,
                        "Total Cost": 53799.08,
                        "Plan Rows": 296409,
                        "Plan Width": 4,
                        "Actual Startup Time": 172.793,
                        "Actual Total Time": 172.794,
                        "Actual Rows": 262064,
                        "Actual Loops": 2,
                        "Hash Buckets": 524288,
                        "Original Hash Buckets": 524288,
                        "Hash Batches": 1,
                        "Original Hash Batches": 1,
                        "Peak Memory Usage": 24640,
                        "Plans": [
                          {
                            "Node Type": "Bitmap Heap Scan",
                            "Parent Relationship": "Outer",
                            "Parallel Aware": true,
                            "Relation Name": "title",
                            "Alias": "t",
                            "Startup Cost": 11948.82,
                            "Total Cost": 53799.08,
                            "Plan Rows": 296409,
                            "Plan Width": 4,
                            "Actual Startup Time": 31.101,
                            "Actual Total Time": 102.801,
                            "Actual Rows": 262064,
                            "Actual Loops": 2,
                            "Recheck Cond": "(kind_id = 1)",
                            "Rows Removed by Index Recheck": 0,
                            "Filter": "(production_year < 2010)",
                            "Rows Removed by Filter": 69348,
                            "Exact Heap Blocks": 7995,
                            "Lossy Heap Blocks": 0,
                            "Plans": [
                              {
                                "Node Type": "Bitmap Index Scan",
                                "Parent Relationship": "Outer",
                                "Parallel Aware": false,
                                "Index Name": "kind_id_title",
                                "Startup Cost": 0.0,
                                "Total Cost": 11822.85,
                                "Plan Rows": 663256,
                                "Plan Width": 0,
                                "Actual Startup Time": 30.535,
                                "Actual Total Time": 30.536,
                                "Actual Rows": 662825,
                                "Actual Loops": 1,
                                "Index Cond": "(kind_id = 1)"
                              }
                            ]
                          }
                        ]
                      }
                    ]
                  },
                  {
                    "Node Type": "Index Only Scan",
                    "Parent Relationship": "Inner",
                    "Parallel Aware": false,
                    "Scan Direction": "Forward",
                    "Index Name": "movie_id_cast_info",
                    "Relation Name": "cast_info",
                    "Alias": "ci",
                    "Startup Cost": 0.56,
                    "Total Cost": 3.7,
                    "Plan Rows": 37,
                    "Plan Width": 4,
                    "Actual Startup Time": 0.004,
                    "Actual Total Time": 0.029,
                    "Actual Rows": 51,
                    "Actual Loops": 329877,
                    "Index Cond": "(movie_id = mk.movie_id)",
                    "Rows Removed by Index Recheck": 0,
                    "Heap Fetches": 16747279
                  }
                ]
              }
            ]
          }
        ]
      }
    ]
  },
  "Planning Time": 0.575,
  "Triggers": [],
  "Execution Time": 6406.228
}