[
  {
    "Plan": {
      "Node Type": "Aggregate",
      "Strategy": "Plain",
      "Partial Mode": "Finalize",
      "Parallel Aware": false,
      "Startup Cost": 80671.86,
      "Total Cost": 80671.87,
      "Plan Rows": 1,
      "Plan Width": 8,
      "Actual Startup Time": 376.92,
      "Actual Total Time": 392.244,
      "Actual Rows": 1,
      "Actual Loops": 1,
      "Plans": [
        {
          "Node Type": "Gather",
          "Parent Relationship": "Outer",
          "Parallel Aware": false,
          "Startup Cost": 80671.44,
          "Total Cost": 80671.85,
          "Plan Rows": 4,
          "Plan Width": 8,
          "Actual Startup Time": 372.829,
          "Actual Total Time": 392.234,
          "Actual Rows": 5,
          "Actual Loops": 1,
          "Workers Planned": 4,
          "Workers Launched": 4,
          "Single Copy": false,
          "Plans": [
            {
              "Node Type": "Aggregate",
              "Strategy": "Plain",
              "Partial Mode": "Partial",
              "Parent Relationship": "Outer",
              "Parallel Aware": false,
              "Startup Cost": 79671.44,
              "Total Cost": 79671.45,
              "Plan Rows": 1,
              "Plan Width": 8,
              "Actual Startup Time": 363.681,
              "Actual Total Time": 363.684,
              "Actual Rows": 1,
              "Actual Loops": 5,
              "Plans": [
                {
                  "Node Type": "Hash Join",
                  "Parent Relationship": "Outer",
                  "Parallel Aware": true,
                  "Join Type": "Inner",
                  "Startup Cost": 32913.38,
                  "Total Cost": 79113.02,
                  "Plan Rows": 223368,
                  "Plan Width": 0,
                  "Actual Startup Time": 141.12,
                  "Actual Total Time": 355.981,
                  "Actual Rows": 181469,
                  "Actual Loops": 5,
                  "Inner Unique": false,
                  "Hash Cond": "(t.id = mc.movie_id)",
                  "Plans": [
                    {
                      "Node Type": "Seq Scan",
                      "Parent Relationship": "Outer",
                      "Parallel Aware": true,
                      "Relation Name": "title",
                      "Alias": "t",
                      "Startup Cost": 0.0,
                      "Total Cost": 42318.73,
                      "Plan Rows": 632073,
                      "Plan Width": 4,
                      "Actual Startup Time": 0.011,
                      "Actual Total Time": 64.558,
                      "Actual Rows": 505662,
                      "Actual Loops": 5
                    },
                    {
                      "Node Type": "Hash",
                      "Parent Relationship": "Inner",
                      "Parallel Aware": true,
                      "Startup Cost": 29310.68,
                      "Total Cost": 29310.68,
                      "Plan Rows": 288216,
                      "Plan Width": 4,
                      "Actual Startup Time": 136.779,
                      "Actual Total Time": 136.78,
                      "Actual Rows": 181469,
                      "Actual Loops": 5,
                      "Hash Buckets": 1048576,
                      "Original Hash Buckets": 1048576,
                      "Hash Batches": 1,
                      "Original Hash Batches": 1,
                      "Peak Memory Usage": 43744,
                      "Plans": [
                        {
                          "Node Type": "Seq Scan",
                          "Parent Relationship": "Outer",
                          "Parallel Aware": true,
                          "Relation Name": "movie_companies",
                          "Alias": "mc",
                          "Startup Cost": 0.0,
                          "Total Cost": 29310.68,
                          "Plan Rows": 288216,
                          "Plan Width": 4,
                          "Actual Startup Time": 22.21,
                          "Actual Total Time": 73.474,
                          "Actual Rows": 181469,
                          "Actual Loops": 5,
                          "Filter": "(company_id > 20981)",
                          "Rows Removed by Filter": 340356
                        }
                      ]
                    }
                  ]
                }
              ]
            }
          ]
        }
      ]
    },
    "Planning Time": 0.594,
    "Triggers": [],
    "Execution Time": 392.309
  }
]