[
    {
        "Bao": {
            "Bao prediction": "NaN",
            "Bao recommended hint": "(no hint)"
        }
    },
    {
        "Plan": {
            "Node Type": "Aggregate",
            "Strategy": "Plain",
            "Partial Mode": "Finalize",
            "Parallel Aware": false,
            "Startup Cost": 31498.12,
            "Total Cost": 31498.13,
            "Plan Rows": 1,
            "Plan Width": 8,
            "Actual Startup Time": 98.473,
            "Actual Total Time": 104.561,
            "Actual Rows": 1,
            "Actual Loops": 1,
            "Output": [
                "count(*)"
            ],
            "Plans": [
                {
                    "Node Type": "Gather",
                    "Parent Relationship": "Outer",
                    "Parallel Aware": false,
                    "Startup Cost": 31497.8,
                    "Total Cost": 31498.11,
                    "Plan Rows": 3,
                    "Plan Width": 8,
                    "Actual Startup Time": 98.34,
                    "Actual Total Time": 104.554,
                    "Actual Rows": 4,
                    "Actual Loops": 1,
                    "Output": [
                        "(PARTIAL count(*))"
                    ],
                    "Workers Planned": 3,
                    "Workers Launched": 3,
                    "Single Copy": false,
                    "Plans": [
                        {
                            "Node Type": "Aggregate",
                            "Strategy": "Plain",
                            "Partial Mode": "Partial",
                            "Parent Relationship": "Outer",
                            "Parallel Aware": false,
                            "Startup Cost": 30497.8,
                            "Total Cost": 30497.81,
                            "Plan Rows": 1,
                            "Plan Width": 8,
                            "Actual Startup Time": 90.354,
                            "Actual Total Time": 90.355,
                            "Actual Rows": 1,
                            "Actual Loops": 4,
                            "Output": [
                                "PARTIAL count(*)"
                            ],
                            "Workers": [
                                {
                                    "Worker Number": 0,
                                    "Actual Startup Time": 87.623,
                                    "Actual Total Time": 87.624,
                                    "Actual Rows": 1,
                                    "Actual Loops": 1
                                },
                                {
                                    "Worker Number": 1,
                                    "Actual Startup Time": 87.681,
                                    "Actual Total Time": 87.682,
                                    "Actual Rows": 1,
                                    "Actual Loops": 1
                                },
                                {
                                    "Worker Number": 2,
                                    "Actual Startup Time": 88.054,
                                    "Actual Total Time": 88.056,
                                    "Actual Rows": 1,
                                    "Actual Loops": 1
                                }
                            ],
                            "Plans": [
                                {
                                    "Node Type": "Seq Scan",
                                    "Parent Relationship": "Outer",
                                    "Parallel Aware": true,
                                    "Relation Name": "movie_companies",
                                    "Schema": "public",
                                    "Alias": "mc",
                                    "Startup Cost": 0.0,
                                    "Total Cost": 29310.68,
                                    "Plan Rows": 474848,
                                    "Plan Width": 0,
                                    "Actual Startup Time": 8.608,
                                    "Actual Total Time": 74.136,
                                    "Actual Rows": 368144,
                                    "Actual Loops": 4,
                                    "Output": [
                                        "id",
                                        "movie_id",
                                        "company_id",
                                        "company_type_id",
                                        "note"
                                    ],
                                    "Filter": "(mc.company_id > 8434)",
                                    "Rows Removed by Filter": 284139,
                                    "Workers": [
                                        {
                                            "Worker Number": 0,
                                            "Actual Startup Time": 5.866,
                                            "Actual Total Time": 71.816,
                                            "Actual Rows": 333680,
                                            "Actual Loops": 1
                                        },
                                        {
                                            "Worker Number": 1,
                                            "Actual Startup Time": 5.946,
                                            "Actual Total Time": 71.949,
                                            "Actual Rows": 333674,
                                            "Actual Loops": 1
                                        },
                                        {
                                            "Worker Number": 2,
                                            "Actual Startup Time": 6.323,
                                            "Actual Total Time": 72.352,
                                            "Actual Rows": 337190,
                                            "Actual Loops": 1
                                        }
                                    ]
                                }
                            ]
                        }
                    ]
                }
            ]
        },
        "Planning Time": 203.269,
        "Triggers": [],
        "Execution Time": 104.602
    }
]