[
  {
    "Plan": {
      "Node Type": "Aggregate",
      "Strategy": "Plain",
      "Partial Mode": "Finalize",
      "Parallel Aware": false,
      "Startup Cost": 45733.57,
      "Total Cost": 45733.58,
      "Plan Rows": 1,
      "Plan Width": 8,
      "Actual Startup Time": 175.892,
      "Actual Total Time": 187.752,
      "Actual Rows": 1,
      "Actual Loops": 1,
      "Plans": [
        {
          "Node Type": "Gather",
          "Parent Relationship": "Outer",
          "Parallel Aware": false,
          "Startup Cost": 45733.25,
          "Total Cost": 45733.56,
          "Plan Rows": 3,
          "Plan Width": 8,
          "Actual Startup Time": 175.749,
          "Actual Total Time": 187.744,
          "Actual Rows": 4,
          "Actual Loops": 1,
          "Workers Planned": 3,
          "Workers Launched": 3,
          "Single Copy": false,
          "Plans": [
            {
              "Node Type": "Aggregate",
              "Strategy": "Plain",
              "Partial Mode": "Partial",
              "Parent Relationship": "Outer",
              "Parallel Aware": false,
              "Startup Cost": 44733.25,
              "Total Cost": 44733.26,
              "Plan Rows": 1,
              "Plan Width": 8,
              "Actual Startup Time": 166.828,
              "Actual Total Time": 166.83,
              "Actual Rows": 1,
              "Actual Loops": 4,
              "Plans": [
                {
                  "Node Type": "Seq Scan",
                  "Parent Relationship": "Outer",
                  "Parallel Aware": true,
                  "Relation Name": "movie_keyword",
                  "Alias": "mk",
                  "Startup Cost": 0.0,
                  "Total Cost": 42695.65,
                  "Plan Rows": 815040,
                  "Plan Width": 0,
                  "Actual Startup Time": 0.573,
                  "Actual Total Time": 132.726,
                  "Actual Rows": 630041,
                  "Actual Loops": 4,
                  "Filter": "(keyword_id > 3557)",
                  "Rows Removed by Filter": 500941
                }
              ]
            }
          ]
        }
      ]
    },
    "Planning Time": 0.152,
    "Triggers": [],
    "Execution Time": 187.802
  }
]