{
    "Plan": {
        "Node Type": "Aggregate",
        "Strategy": "Plain",
        "Partial Mode": "Finalize",
        "Parallel Aware": false,
        "Startup Cost": 80726.58,
        "Total Cost": 80726.59,
        "Plan Rows": 1,
        "Plan Width": 8,
        "Actual Startup Time": 284.947,
        "Actual Total Time": 298.445,
        "Actual Rows": 1,
        "Actual Loops": 1,
        "Output": [
            "count(*)"
        ],
        "Plans": [
            {
                "Node Type": "Gather",
                "Parent Relationship": "Outer",
                "Parallel Aware": false,
                "Startup Cost": 80726.26,
                "Total Cost": 80726.57,
                "Plan Rows": 3,
                "Plan Width": 8,
                "Actual Startup Time": 282.44,
                "Actual Total Time": 298.435,
                "Actual Rows": 4,
                "Actual Loops": 1,
                "Output": [
                    "(PARTIAL count(*))"
                ],
                "Workers Planned": 3,
                "Workers Launched": 3,
                "Single Copy": false,
                "Plans": [
                    {
                        "Node Type": "Aggregate",
                        "Strategy": "Plain",
                        "Partial Mode": "Partial",
                        "Parent Relationship": "Outer",
                        "Parallel Aware": false,
                        "Startup Cost": 79726.26,
                        "Total Cost": 79726.27,
                        "Plan Rows": 1,
                        "Plan Width": 8,
                        "Actual Startup Time": 273.391,
                        "Actual Total Time": 273.394,
                        "Actual Rows": 1,
                        "Actual Loops": 4,
                        "Output": [
                            "PARTIAL count(*)"
                        ],
                        "Workers": [
                            {
                                "Worker Number": 0,
                                "Actual Startup Time": 270.167,
                                "Actual Total Time": 270.169,
                                "Actual Rows": 1,
                                "Actual Loops": 1
                            },
                            {
                                "Worker Number": 1,
                                "Actual Startup Time": 270.966,
                                "Actual Total Time": 270.969,
                                "Actual Rows": 1,
                                "Actual Loops": 1
                            },
                            {
                                "Worker Number": 2,
                                "Actual Startup Time": 270.683,
                                "Actual Total Time": 270.687,
                                "Actual Rows": 1,
                                "Actual Loops": 1
                            }
                        ],
                        "Plans": [
                            {
                                "Node Type": "Hash Join",
                                "Parent Relationship": "Outer",
                                "Parallel Aware": true,
                                "Join Type": "Inner",
                                "Startup Cost": 47491.51,
                                "Total Cost": 79566.2,
                                "Plan Rows": 64024,
                                "Plan Width": 0,
                                "Actual Startup Time": 180.12,
                                "Actual Total Time": 269.265,
                                "Actual Rows": 104444,
                                "Actual Loops": 4,
                                "Inner Unique": true,
                                "Hash Cond": "(mc.movie_id = t.id)",
                                "Workers": [
                                    {
                                        "Worker Number": 0,
                                        "Actual Startup Time": 176.989,
                                        "Actual Total Time": 266.213,
                                        "Actual Rows": 98257,
                                        "Actual Loops": 1
                                    },
                                    {
                                        "Worker Number": 1,
                                        "Actual Startup Time": 177.432,
                                        "Actual Total Time": 266.896,
                                        "Actual Rows": 105405,
                                        "Actual Loops": 1
                                    },
                                    {
                                        "Worker Number": 2,
                                        "Actual Startup Time": 177.502,
                                        "Actual Total Time": 266.74,
                                        "Actual Rows": 98290,
                                        "Actual Loops": 1
                                    }
                                ],
                                "Plans": [
                                    {
                                        "Node Type": "Seq Scan",
                                        "Parent Relationship": "Outer",
                                        "Parallel Aware": true,
                                        "Relation Name": "movie_companies",
                                        "Schema": "public",
                                        "Alias": "mc",
                                        "Startup Cost": 0.0,
                                        "Total Cost": 31414.82,
                                        "Plan Rows": 251382,
                                        "Plan Width": 4,
                                        "Actual Startup Time": 2.69,
                                        "Actual Total Time": 61.045,
                                        "Actual Rows": 140764,
                                        "Actual Loops": 4,
                                        "Output": [
                                            "mc.id",
                                            "mc.movie_id",
                                            "mc.company_id",
                                            "mc.company_type_id",
                                            "mc.note"
                                        ],
                                        "Filter": "((mc.company_id > 5413) AND (mc.company_type_id = 1))",
                                        "Rows Removed by Filter": 511518,
                                        "Workers": [
                                            {
                                                "Worker Number": 0,
                                                "Actual Startup Time": 2.705,
                                                "Actual Total Time": 61.729,
                                                "Actual Rows": 131237,
                                                "Actual Loops": 1
                                            },
                                            {
                                                "Worker Number": 1,
                                                "Actual Startup Time": 2.681,
                                                "Actual Total Time": 61.897,
                                                "Actual Rows": 142601,
                                                "Actual Loops": 1
                                            },
                                            {
                                                "Worker Number": 2,
                                                "Actual Startup Time": 2.679,
                                                "Actual Total Time": 61.734,
                                                "Actual Rows": 132210,
                                                "Actual Loops": 1
                                            }
                                        ]
                                    },
                                    {
                                        "Node Type": "Hash",
                                        "Parent Relationship": "Inner",
                                        "Parallel Aware": true,
                                        "Startup Cost": 45479.21,
                                        "Total Cost": 45479.21,
                                        "Plan Rows": 160984,
                                        "Plan Width": 4,
                                        "Actual Startup Time": 162.945,
                                        "Actual Total Time": 162.946,
                                        "Actual Rows": 156802,
                                        "Actual Loops": 4,
                                        "Output": [
                                            "t.id"
                                        ],
                                        "Hash Buckets": 1048576,
                                        "Original Hash Buckets": 1048576,
                                        "Hash Batches": 1,
                                        "Original Hash Batches": 1,
                                        "Peak Memory Usage": 32800,
                                        "Workers": [
                                            {
                                                "Worker Number": 0,
                                                "Actual Startup Time": 164.431,
                                                "Actual Total Time": 164.432,
                                                "Actual Rows": 146493,
                                                "Actual Loops": 1
                                            },
                                            {
                                                "Worker Number": 1,
                                                "Actual Startup Time": 164.886,
                                                "Actual Total Time": 164.887,
                                                "Actual Rows": 156790,
                                                "Actual Loops": 1
                                            },
                                            {
                                                "Worker Number": 2,
                                                "Actual Startup Time": 164.932,
                                                "Actual Total Time": 164.934,
                                                "Actual Rows": 146001,
                                                "Actual Loops": 1
                                            }
                                        ],
                                        "Plans": [
                                            {
                                                "Node Type": "Seq Scan",
                                                "Parent Relationship": "Outer",
                                                "Parallel Aware": true,
                                                "Relation Name": "title",
                                                "Schema": "public",
                                                "Alias": "t",
                                                "Startup Cost": 0.0,
                                                "Total Cost": 45479.21,
                                                "Plan Rows": 160984,
                                                "Plan Width": 4,
                                                "Actual Startup Time": 49.641,
                                                "Actual Total Time": 107.119,
                                                "Actual Rows": 156802,
                                                "Actual Loops": 4,
                                                "Output": [
                                                    "t.id"
                                                ],
                                                "Filter": "((t.production_year > 1910) AND (t.kind_id = 1))",
                                                "Rows Removed by Filter": 475276,
                                                "Workers": [
                                                    {
                                                        "Worker Number": 0,
                                                        "Actual Startup Time": 63.39,
                                                        "Actual Total Time": 108.166,
                                                        "Actual Rows": 146493,
                                                        "Actual Loops": 1
                                                    },
                                                    {
                                                        "Worker Number": 1,
                                                        "Actual Startup Time": 63.263,
                                                        "Actual Total Time": 107.949,
                                                        "Actual Rows": 156790,
                                                        "Actual Loops": 1
                                                    },
                                                    {
                                                        "Worker Number": 2,
                                                        "Actual Startup Time": 63.219,
                                                        "Actual Total Time": 108.046,
                                                        "Actual Rows": 146001,
                                                        "Actual Loops": 1
                                                    }
                                                ]
                                            }
                                        ]
                                    }
                                ]
                            }
                        ]
                    }
                ]
            }
        ]
    },
    "Planning Time": 0.799,
    "Triggers": [],
    "Execution Time": 298.517
}