{
  "Plan": {
    "Node Type": "Aggregate",
    "Strategy": "Plain",
    "Partial Mode": "Finalize",
    "Parallel Aware": false,
    "Startup Cost": 968692.61,
    "Total Cost": 968692.62,
    "Plan Rows": 1,
    "Plan Width": 8,
    "Actual Startup Time": 7270.165,
    "Actual Total Time": 7347.239,
    "Actual Rows": 1,
    "Actual Loops": 1,
    "Plans": [
      {
        "Node Type": "Gather",
        "Parent Relationship": "Outer",
        "Parallel Aware": false,
        "Startup Cost": 968692.5,
        "Total Cost": 968692.61,
        "Plan Rows": 1,
        "Plan Width": 8,
        "Actual Startup Time": 7265.764,
        "Actual Total Time": 7347.23,
        "Actual Rows": 2,
        "Actual Loops": 1,
        "Workers Planned": 1,
        "Workers Launched": 1,
        "Single Copy": false,
        "Plans": [
          {
            "Node Type": "Aggregate",
            "Strategy": "Plain",
            "Partial Mode": "Partial",
            "Parent Relationship": "Outer",
            "Parallel Aware": false,
            "Startup Cost": 967692.5,
            "Total Cost": 967692.51,
            "Plan Rows": 1,
            "Plan Width": 8,
            "Actual Startup Time": 7259.364,
            "Actual Total Time": 7259.369,
            "Actual Rows": 1,
            "Actual Loops": 2,
            "Plans": [
              {
                "Node Type": "Merge Join",
                "Parent Relationship": "Outer",
                "Parallel Aware": false,
                "Join Type": "Inner",
                "Startup Cost": 793870.18,
                "Total Cost": 966462.16,
                "Plan Rows": 492138,
                "Plan Width": 0,
                "Actual Startup Time": 6430.398,
                "Actual Total Time": 7200.414,
                "Actual Rows": 1575897,
                "Actual Loops": 2,
                "Inner Unique": false,
                "Merge Cond": "(mk.movie_id = t.id)",
                "Plans": [
                  {
                    "Node Type": "Index Only Scan",
                    "Parent Relationship": "Outer",
                    "Parallel Aware": true,
                    "Scan Direction": "Forward",
                    "Index Name": "movie_id_movie_keyword",
                    "Relation Name": "movie_keyword",
                    "Alias": "mk",
                    "Startup Cost": 0.43,
                    "Total Cost": 158560.11,
                    "Plan Rows": 2661135,
                    "Plan Width": 4,
                    "Actual Startup Time": 0.114,
                    "Actual Total Time": 409.83,
                    "Actual Rows": 2261842,
                    "Actual Loops": 2,
                    "Heap Fetches": 4523685
                  },
                  {
                    "Node Type": "Sort",
                    "Parent Relationship": "Inner",
                    "Parallel Aware": false,
                    "Startup Cost": 793869.48,
                    "Total Cost": 795038.41,
                    "Plan Rows": 467571,
                    "Plan Width": 8,
                    "Actual Startup Time": 6336.162,
                    "Actual Total Time": 6509.606,
                    "Actual Rows": 2093247,
                    "Actual Loops": 2,
                    "Sort Key": [
                      "t.id"
                    ],
                    "Sort Method": "quicksort",
                    "Sort Space Used": 57983,
                    "Sort Space Type": "Memory",
                    "Workers": [
                      {
                        "Worker Number": 0,
                        "Sort Method": "quicksort",
                        "Sort Space Used": 57983,
                        "Sort Space Type": "Memory"
                      }
                    ],
                    "Plans": [
                      {
                        "Node Type": "Hash Join",
                        "Parent Relationship": "Outer",
                        "Parallel Aware": false,
                        "Join Type": "Inner",
                        "Startup Cost": 39770.58,
                        "Total Cost": 749836.39,
                        "Plan Rows": 467571,
                        "Plan Width": 8,
                        "Actual Startup Time": 69.88,
                        "Actual Total Time": 6145.177,
                        "Actual Rows": 712676,
                        "Actual Loops": 2,
                        "Inner Unique": true,
                        "Hash Cond": "(ci.movie_id = t.id)",
                        "Plans": [
                          {
                            "Node Type": "Seq Scan",
                            "Parent Relationship": "Outer",
                            "Parallel Aware": false,
                            "Relation Name": "cast_info",
                            "Alias": "ci",
                            "Startup Cost": 0.0,
                            "Total Cost": 614967.12,
                            "Plan Rows": 36228012,
                            "Plan Width": 4,
                            "Actual Startup Time": 0.066,
                            "Actual Total Time": 2525.588,
                            "Actual Rows": 36244344,
                            "Actual Loops": 2
                          },
                          {
                            "Node Type": "Hash",
                            "Parent Relationship": "Inner",
                            "Parallel Aware": false,
                            "Startup Cost": 39362.7,
                            "Total Cost": 39362.7,
                            "Plan Rows": 32631,
                            "Plan Width": 4,
                            "Actual Startup Time": 69.284,
                            "Actual Total Time": 69.286,
                            "Actual Rows": 43053,
                            "Actual Loops": 2,
                            "Hash Buckets": 65536,
                            "Original Hash Buckets": 32768,
                            "Hash Batches": 1,
                            "Original Hash Batches": 1,
                            "Peak Memory Usage": 2026,
                            "Plans": [
                              {
                                "Node Type": "Bitmap Heap Scan",
                                "Parent Relationship": "Outer",
                                "Parallel Aware": false,
                                "Relation Name": "title",
                                "Alias": "t",
                                "Startup Cost": 1831.29,
                                "Total Cost": 39362.7,
                                "Plan Rows": 32631,
                                "Plan Width": 4,
                                "Actual Startup Time": 18.863,
                                "Actual Total Time": 61.209,
                                "Actual Rows": 43053,
                                "Actual Loops": 2,
                                "Recheck Cond": "(kind_id = 3)",
                                "Rows Removed by Index Recheck": 0,
                                "Filter": "(production_year < 1995)",
                                "Rows Removed by Filter": 57484,
                                "Exact Heap Blocks": 12707,
                                "Lossy Heap Blocks": 0,
                                "Plans": [
                                  {
                                    "Node Type": "Bitmap Index Scan",
                                    "Parent Relationship": "Outer",
                                    "Parallel Aware": false,
                                    "Index Name": "kind_id_title",
                                    "Startup Cost": 0.0,
                                    "Total Cost": 1823.13,
                                    "Plan Rows": 102227,
                                    "Plan Width": 0,
                                    "Actual Startup Time": 15.443,
                                    "Actual Total Time": 15.443,
                                    "Actual Rows": 100537,
                                    "Actual Loops": 2,
                                    "Index Cond": "(kind_id = 3)"
                                  }
                                ]
                              }
                            ]
                          }
                        ]
                      }
                    ]
                  }
                ]
              }
            ]
          }
        ]
      }
    ]
  },
  "Planning Time": 1.032,
  "Triggers": [],
  "Execution Time": 7358.301
}