{
    "Plan": {
        "Node Type": "Aggregate",
        "Strategy": "Plain",
        "Partial Mode": "Finalize",
        "Parallel Aware": false,
        "Startup Cost": 77338.28,
        "Total Cost": 77338.29,
        "Plan Rows": 1,
        "Plan Width": 8,
        "Actual Startup Time": 170.233,
        "Actual Total Time": 183.848,
        "Actual Rows": 1,
        "Actual Loops": 1,
        "Output": [
            "count(*)"
        ],
        "Plans": [
            {
                "Node Type": "Gather",
                "Parent Relationship": "Outer",
                "Parallel Aware": false,
                "Startup Cost": 77337.96,
                "Total Cost": 77338.27,
                "Plan Rows": 3,
                "Plan Width": 8,
                "Actual Startup Time": 169.85,
                "Actual Total Time": 183.841,
                "Actual Rows": 4,
                "Actual Loops": 1,
                "Output": [
                    "(PARTIAL count(*))"
                ],
                "Workers Planned": 3,
                "Workers Launched": 3,
                "Single Copy": false,
                "Plans": [
                    {
                        "Node Type": "Aggregate",
                        "Strategy": "Plain",
                        "Partial Mode": "Partial",
                        "Parent Relationship": "Outer",
                        "Parallel Aware": false,
                        "Startup Cost": 76337.96,
                        "Total Cost": 76337.97,
                        "Plan Rows": 1,
                        "Plan Width": 8,
                        "Actual Startup Time": 165.102,
                        "Actual Total Time": 165.105,
                        "Actual Rows": 1,
                        "Actual Loops": 4,
                        "Output": [
                            "PARTIAL count(*)"
                        ],
                        "Workers": [
                            {
                                "Worker Number": 0,
                                "Actual Startup Time": 163.196,
                                "Actual Total Time": 163.199,
                                "Actual Rows": 1,
                                "Actual Loops": 1
                            },
                            {
                                "Worker Number": 1,
                                "Actual Startup Time": 163.569,
                                "Actual Total Time": 163.571,
                                "Actual Rows": 1,
                                "Actual Loops": 1
                            },
                            {
                                "Worker Number": 2,
                                "Actual Startup Time": 164.234,
                                "Actual Total Time": 164.237,
                                "Actual Rows": 1,
                                "Actual Loops": 1
                            }
                        ],
                        "Plans": [
                            {
                                "Node Type": "Hash Join",
                                "Parent Relationship": "Outer",
                                "Parallel Aware": true,
                                "Join Type": "Inner",
                                "Startup Cost": 44213.99,
                                "Total Cost": 76312.02,
                                "Plan Rows": 10376,
                                "Plan Width": 0,
                                "Actual Startup Time": 138.28,
                                "Actual Total Time": 164.48,
                                "Actual Rows": 14747,
                                "Actual Loops": 4,
                                "Inner Unique": true,
                                "Hash Cond": "(mc.movie_id = t.id)",
                                "Workers": [
                                    {
                                        "Worker Number": 0,
                                        "Actual Startup Time": 136.398,
                                        "Actual Total Time": 162.596,
                                        "Actual Rows": 13952,
                                        "Actual Loops": 1
                                    },
                                    {
                                        "Worker Number": 1,
                                        "Actual Startup Time": 136.707,
                                        "Actual Total Time": 162.953,
                                        "Actual Rows": 14180,
                                        "Actual Loops": 1
                                    },
                                    {
                                        "Worker Number": 2,
                                        "Actual Startup Time": 137.429,
                                        "Actual Total Time": 163.634,
                                        "Actual Rows": 13835,
                                        "Actual Loops": 1
                                    }
                                ],
                                "Plans": [
                                    {
                                        "Node Type": "Seq Scan",
                                        "Parent Relationship": "Outer",
                                        "Parallel Aware": true,
                                        "Relation Name": "movie_companies",
                                        "Schema": "public",
                                        "Alias": "mc",
                                        "Startup Cost": 0.0,
                                        "Total Cost": 31414.82,
                                        "Plan Rows": 260269,
                                        "Plan Width": 4,
                                        "Actual Startup Time": 27.825,
                                        "Actual Total Time": 57.016,
                                        "Actual Rows": 126286,
                                        "Actual Loops": 4,
                                        "Output": [
                                            "mc.id",
                                            "mc.movie_id",
                                            "mc.company_id",
                                            "mc.company_type_id",
                                            "mc.note"
                                        ],
                                        "Filter": "((mc.company_id < 15647) AND (mc.company_type_id = 2))",
                                        "Rows Removed by Filter": 525996,
                                        "Workers": [
                                            {
                                                "Worker Number": 0,
                                                "Actual Startup Time": 27.822,
                                                "Actual Total Time": 57.078,
                                                "Actual Rows": 121335,
                                                "Actual Loops": 1
                                            },
                                            {
                                                "Worker Number": 1,
                                                "Actual Startup Time": 27.824,
                                                "Actual Total Time": 57.062,
                                                "Actual Rows": 120869,
                                                "Actual Loops": 1
                                            },
                                            {
                                                "Worker Number": 2,
                                                "Actual Startup Time": 27.825,
                                                "Actual Total Time": 56.932,
                                                "Actual Rows": 121047,
                                                "Actual Loops": 1
                                            }
                                        ]
                                    },
                                    {
                                        "Node Type": "Hash",
                                        "Parent Relationship": "Inner",
                                        "Parallel Aware": true,
                                        "Startup Cost": 43899.01,
                                        "Total Cost": 43899.01,
                                        "Plan Rows": 25199,
                                        "Plan Width": 4,
                                        "Actual Startup Time": 89.518,
                                        "Actual Total Time": 89.519,
                                        "Actual Rows": 25134,
                                        "Actual Loops": 4,
                                        "Output": [
                                            "t.id"
                                        ],
                                        "Hash Buckets": 131072,
                                        "Original Hash Buckets": 131072,
                                        "Hash Batches": 1,
                                        "Original Hash Batches": 1,
                                        "Peak Memory Usage": 5056,
                                        "Workers": [
                                            {
                                                "Worker Number": 0,
                                                "Actual Startup Time": 88.351,
                                                "Actual Total Time": 88.352,
                                                "Actual Rows": 22907,
                                                "Actual Loops": 1
                                            },
                                            {
                                                "Worker Number": 1,
                                                "Actual Startup Time": 88.641,
                                                "Actual Total Time": 88.641,
                                                "Actual Rows": 23632,
                                                "Actual Loops": 1
                                            },
                                            {
                                                "Worker Number": 2,
                                                "Actual Startup Time": 89.402,
                                                "Actual Total Time": 89.403,
                                                "Actual Rows": 23726,
                                                "Actual Loops": 1
                                            }
                                        ],
                                        "Plans": [
                                            {
                                                "Node Type": "Seq Scan",
                                                "Parent Relationship": "Outer",
                                                "Parallel Aware": true,
                                                "Relation Name": "title",
                                                "Schema": "public",
                                                "Alias": "t",
                                                "Startup Cost": 0.0,
                                                "Total Cost": 43899.01,
                                                "Plan Rows": 25199,
                                                "Plan Width": 4,
                                                "Actual Startup Time": 52.904,
                                                "Actual Total Time": 82.741,
                                                "Actual Rows": 25134,
                                                "Actual Loops": 4,
                                                "Output": [
                                                    "t.id"
                                                ],
                                                "Filter": "(t.kind_id = 3)",
                                                "Rows Removed by Filter": 606944,
                                                "Workers": [
                                                    {
                                                        "Worker Number": 0,
                                                        "Actual Startup Time": 51.759,
                                                        "Actual Total Time": 81.511,
                                                        "Actual Rows": 22907,
                                                        "Actual Loops": 1
                                                    },
                                                    {
                                                        "Worker Number": 1,
                                                        "Actual Startup Time": 50.418,
                                                        "Actual Total Time": 82.309,
                                                        "Actual Rows": 23632,
                                                        "Actual Loops": 1
                                                    },
                                                    {
                                                        "Worker Number": 2,
                                                        "Actual Startup Time": 56.185,
                                                        "Actual Total Time": 82.926,
                                                        "Actual Rows": 23726,
                                                        "Actual Loops": 1
                                                    }
                                                ]
                                            }
                                        ]
                                    }
                                ]
                            }
                        ]
                    }
                ]
            }
        ]
    },
    "Planning Time": 0.472,
    "Triggers": [],
    "Execution Time": 183.896
}