[
    {
        "Bao": {
            "Bao prediction": "NaN",
            "Bao recommended hint": "(no hint)"
        }
    },
    {
        "Plan": {
            "Node Type": "Aggregate",
            "Strategy": "Plain",
            "Partial Mode": "Finalize",
            "Parallel Aware": false,
            "Startup Cost": 72031.05,
            "Total Cost": 72031.06,
            "Plan Rows": 1,
            "Plan Width": 8,
            "Actual Startup Time": 115.898,
            "Actual Total Time": 128.28,
            "Actual Rows": 1,
            "Actual Loops": 1,
            "Output": [
                "count(*)"
            ],
            "Plans": [
                {
                    "Node Type": "Gather",
                    "Parent Relationship": "Outer",
                    "Parallel Aware": false,
                    "Startup Cost": 72030.74,
                    "Total Cost": 72031.05,
                    "Plan Rows": 3,
                    "Plan Width": 8,
                    "Actual Startup Time": 115.315,
                    "Actual Total Time": 128.271,
                    "Actual Rows": 4,
                    "Actual Loops": 1,
                    "Output": [
                        "(PARTIAL count(*))"
                    ],
                    "Workers Planned": 3,
                    "Workers Launched": 3,
                    "Single Copy": false,
                    "Plans": [
                        {
                            "Node Type": "Aggregate",
                            "Strategy": "Plain",
                            "Partial Mode": "Partial",
                            "Parent Relationship": "Outer",
                            "Parallel Aware": false,
                            "Startup Cost": 71030.74,
                            "Total Cost": 71030.75,
                            "Plan Rows": 1,
                            "Plan Width": 8,
                            "Actual Startup Time": 106.228,
                            "Actual Total Time": 106.232,
                            "Actual Rows": 1,
                            "Actual Loops": 4,
                            "Output": [
                                "PARTIAL count(*)"
                            ],
                            "Workers": [
                                {
                                    "Worker Number": 0,
                                    "Actual Startup Time": 103.428,
                                    "Actual Total Time": 103.431,
                                    "Actual Rows": 1,
                                    "Actual Loops": 1
                                },
                                {
                                    "Worker Number": 1,
                                    "Actual Startup Time": 103.12,
                                    "Actual Total Time": 103.123,
                                    "Actual Rows": 1,
                                    "Actual Loops": 1
                                },
                                {
                                    "Worker Number": 2,
                                    "Actual Startup Time": 103.467,
                                    "Actual Total Time": 103.47,
                                    "Actual Rows": 1,
                                    "Actual Loops": 1
                                }
                            ],
                            "Plans": [
                                {
                                    "Node Type": "Nested Loop",
                                    "Parent Relationship": "Outer",
                                    "Parallel Aware": false,
                                    "Join Type": "Inner",
                                    "Startup Cost": 39892.39,
                                    "Total Cost": 71018.38,
                                    "Plan Rows": 4941,
                                    "Plan Width": 0,
                                    "Actual Startup Time": 60.385,
                                    "Actual Total Time": 105.363,
                                    "Actual Rows": 8961,
                                    "Actual Loops": 4,
                                    "Inner Unique": false,
                                    "Join Filter": "(t.id = ci.movie_id)",
                                    "Rows Removed by Join Filter": 0,
                                    "Workers": [
                                        {
                                            "Worker Number": 0,
                                            "Actual Startup Time": 57.493,
                                            "Actual Total Time": 102.615,
                                            "Actual Rows": 6612,
                                            "Actual Loops": 1
                                        },
                                        {
                                            "Worker Number": 1,
                                            "Actual Startup Time": 57.362,
                                            "Actual Total Time": 102.386,
                                            "Actual Rows": 6102,
                                            "Actual Loops": 1
                                        },
                                        {
                                            "Worker Number": 2,
                                            "Actual Startup Time": 57.602,
                                            "Actual Total Time": 102.699,
                                            "Actual Rows": 6302,
                                            "Actual Loops": 1
                                        }
                                    ],
                                    "Plans": [
                                        {
                                            "Node Type": "Hash Join",
                                            "Parent Relationship": "Outer",
                                            "Parallel Aware": true,
                                            "Join Type": "Inner",
                                            "Startup Cost": 39891.83,
                                            "Total Cost": 64711.93,
                                            "Plan Rows": 345,
                                            "Plan Width": 8,
                                            "Actual Startup Time": 60.278,
                                            "Actual Total Time": 76.36,
                                            "Actual Rows": 217,
                                            "Actual Loops": 4,
                                            "Output": [
                                                "t.id",
                                                "mk.movie_id"
                                            ],
                                            "Inner Unique": true,
                                            "Hash Cond": "(mk.movie_id = t.id)",
                                            "Workers": [
                                                {
                                                    "Worker Number": 0,
                                                    "Actual Startup Time": 57.362,
                                                    "Actual Total Time": 70.7,
                                                    "Actual Rows": 178,
                                                    "Actual Loops": 1
                                                },
                                                {
                                                    "Worker Number": 1,
                                                    "Actual Startup Time": 57.226,
                                                    "Actual Total Time": 71.983,
                                                    "Actual Rows": 160,
                                                    "Actual Loops": 1
                                                },
                                                {
                                                    "Worker Number": 2,
                                                    "Actual Startup Time": 57.48,
                                                    "Actual Total Time": 73.455,
                                                    "Actual Rows": 157,
                                                    "Actual Loops": 1
                                                }
                                            ],
                                            "Plans": [
                                                {
                                                    "Node Type": "Bitmap Heap Scan",
                                                    "Parent Relationship": "Outer",
                                                    "Parallel Aware": true,
                                                    "Relation Name": "movie_keyword",
                                                    "Schema": "public",
                                                    "Alias": "mk",
                                                    "Startup Cost": 1593.97,
                                                    "Total Cost": 26350.54,
                                                    "Plan Rows": 24205,
                                                    "Plan Width": 4,
                                                    "Actual Startup Time": 13.091,
                                                    "Actual Total Time": 34.131,
                                                    "Actual Rows": 18148,
                                                    "Actual Loops": 4,
                                                    "Output": [
                                                        "mk.id",
                                                        "mk.movie_id",
                                                        "mk.keyword_id"
                                                    ],
                                                    "Recheck Cond": "(mk.keyword_id < 66)",
                                                    "Rows Removed by Index Recheck": 0,
                                                    "Exact Heap Blocks": 7722,
                                                    "Lossy Heap Blocks": 0,
                                                    "Workers": [
                                                        {
                                                            "Worker Number": 0,
                                                            "Actual Startup Time": 13.144,
                                                            "Actual Total Time": 32.322,
                                                            "Actual Rows": 14793,
                                                            "Actual Loops": 1
                                                        },
                                                        {
                                                            "Worker Number": 1,
                                                            "Actual Startup Time": 13.107,
                                                            "Actual Total Time": 33.415,
                                                            "Actual Rows": 15784,
                                                            "Actual Loops": 1
                                                        },
                                                        {
                                                            "Worker Number": 2,
                                                            "Actual Startup Time": 13.139,
                                                            "Actual Total Time": 34.54,
                                                            "Actual Rows": 13623,
                                                            "Actual Loops": 1
                                                        }
                                                    ],
                                                    "Plans": [
                                                        {
                                                            "Node Type": "Bitmap Index Scan",
                                                            "Parent Relationship": "Outer",
                                                            "Parallel Aware": false,
                                                            "Index Name": "keyword_id_movie_keyword",
                                                            "Startup Cost": 0.0,
                                                            "Total Cost": 1575.21,
                                                            "Plan Rows": 75037,
                                                            "Plan Width": 0,
                                                            "Actual Startup Time": 8.437,
                                                            "Actual Total Time": 8.438,
                                                            "Actual Rows": 72592,
                                                            "Actual Loops": 1,
                                                            "Index Cond": "(mk.keyword_id < 66)"
                                                        }
                                                    ]
                                                },
                                                {
                                                    "Node Type": "Hash",
                                                    "Parent Relationship": "Inner",
                                                    "Parallel Aware": true,
                                                    "Startup Cost": 38185.38,
                                                    "Total Cost": 38185.38,
                                                    "Plan Rows": 8998,
                                                    "Plan Width": 4,
                                                    "Actual Startup Time": 37.807,
                                                    "Actual Total Time": 37.808,
                                                    "Actual Rows": 5740,
                                                    "Actual Loops": 4,
                                                    "Output": [
                                                        "t.id"
                                                    ],
                                                    "Hash Buckets": 65536,
                                                    "Original Hash Buckets": 65536,
                                                    "Hash Batches": 1,
                                                    "Original Hash Batches": 1,
                                                    "Peak Memory Usage": 1472,
                                                    "Workers": [
                                                        {
                                                            "Worker Number": 0,
                                                            "Actual Startup Time": 34.865,
                                                            "Actual Total Time": 34.866,
                                                            "Actual Rows": 3477,
                                                            "Actual Loops": 1
                                                        },
                                                        {
                                                            "Worker Number": 1,
                                                            "Actual Startup Time": 34.955,
                                                            "Actual Total Time": 34.956,
                                                            "Actual Rows": 3652,
                                                            "Actual Loops": 1
                                                        },
                                                        {
                                                            "Worker Number": 2,
                                                            "Actual Startup Time": 35.101,
                                                            "Actual Total Time": 35.102,
                                                            "Actual Rows": 3013,
                                                            "Actual Loops": 1
                                                        }
                                                    ],
                                                    "Plans": [
                                                        {
                                                            "Node Type": "Bitmap Heap Scan",
                                                            "Parent Relationship": "Outer",
                                                            "Parallel Aware": true,
                                                            "Relation Name": "title",
                                                            "Schema": "public",
                                                            "Alias": "t",
                                                            "Startup Cost": 1809.4,
                                                            "Total Cost": 38185.38,
                                                            "Plan Rows": 8998,
                                                            "Plan Width": 4,
                                                            "Actual Startup Time": 2.921,
                                                            "Actual Total Time": 35.082,
                                                            "Actual Rows": 5740,
                                                            "Actual Loops": 4,
                                                            "Output": [
                                                                "t.id"
                                                            ],
                                                            "Recheck Cond": "(t.kind_id = 3)",
                                                            "Rows Removed by Index Recheck": 0,
                                                            "Filter": "(t.production_year > 2006)",
                                                            "Rows Removed by Filter": 19394,
                                                            "Exact Heap Blocks": 7089,
                                                            "Lossy Heap Blocks": 0,
                                                            "Workers": [
                                                                {
                                                                    "Worker Number": 0,
                                                                    "Actual Startup Time": 0.136,
                                                                    "Actual Total Time": 32.574,
                                                                    "Actual Rows": 3477,
                                                                    "Actual Loops": 1
                                                                },
                                                                {
                                                                    "Worker Number": 1,
                                                                    "Actual Startup Time": 0.299,
                                                                    "Actual Total Time": 32.635,
                                                                    "Actual Rows": 3652,
                                                                    "Actual Loops": 1
                                                                },
                                                                {
                                                                    "Worker Number": 2,
                                                                    "Actual Startup Time": 0.251,
                                                                    "Actual Total Time": 32.671,
                                                                    "Actual Rows": 3013,
                                                                    "Actual Loops": 1
                                                                }
                                                            ],
                                                            "Plans": [
                                                                {
                                                                    "Node Type": "Bitmap Index Scan",
                                                                    "Parent Relationship": "Outer",
                                                                    "Parallel Aware": false,
                                                                    "Index Name": "kind_id_title",
                                                                    "Startup Cost": 0.0,
                                                                    "Total Cost": 1800.4,
                                                                    "Plan Rows": 100796,
                                                                    "Plan Width": 0,
                                                                    "Actual Startup Time": 8.026,
                                                                    "Actual Total Time": 8.026,
                                                                    "Actual Rows": 100537,
                                                                    "Actual Loops": 1,
                                                                    "Index Cond": "(t.kind_id = 3)"
                                                                }
                                                            ]
                                                        }
                                                    ]
                                                }
                                            ]
                                        },
                                        {
                                            "Node Type": "Index Only Scan",
                                            "Parent Relationship": "Inner",
                                            "Parallel Aware": false,
                                            "Scan Direction": "Forward",
                                            "Index Name": "movie_id_cast_info",
                                            "Relation Name": "cast_info",
                                            "Schema": "public",
                                            "Alias": "ci",
                                            "Startup Cost": 0.56,
                                            "Total Cost": 17.8,
                                            "Plan Rows": 38,
                                            "Plan Width": 4,
                                            "Actual Startup Time": 0.017,
                                            "Actual Total Time": 0.127,
                                            "Actual Rows": 41,
                                            "Actual Loops": 868,
                                            "Output": [
                                                "ci.movie_id"
                                            ],
                                            "Index Cond": "(ci.movie_id = mk.movie_id)",
                                            "Rows Removed by Index Recheck": 0,
                                            "Heap Fetches": 35844,
                                            "Workers": [
                                                {
                                                    "Worker Number": 0,
                                                    "Actual Startup Time": 0.023,
                                                    "Actual Total Time": 0.172,
                                                    "Actual Rows": 37,
                                                    "Actual Loops": 178
                                                },
                                                {
                                                    "Worker Number": 1,
                                                    "Actual Startup Time": 0.026,
                                                    "Actual Total Time": 0.183,
                                                    "Actual Rows": 38,
                                                    "Actual Loops": 160
                                                },
                                                {
                                                    "Worker Number": 2,
                                                    "Actual Startup Time": 0.024,
                                                    "Actual Total Time": 0.179,
                                                    "Actual Rows": 40,
                                                    "Actual Loops": 157
                                                }
                                            ]
                                        }
                                    ]
                                }
                            ]
                        }
                    ]
                }
            ]
        },
        "Planning Time": 298.825,
        "Triggers": [],
        "Execution Time": 128.374
    }
]