{
  "Plan": {
    "Node Type": "Aggregate",
    "Strategy": "Plain",
    "Partial Mode": "Finalize",
    "Parallel Aware": false,
    "Startup Cost": 388482.97,
    "Total Cost": 388482.98,
    "Plan Rows": 1,
    "Plan Width": 8,
    "Actual Startup Time": 4286.636,
    "Actual Total Time": 4368.484,
    "Actual Rows": 1,
    "Actual Loops": 1,
    "Plans": [
      {
        "Node Type": "Gather",
        "Parent Relationship": "Outer",
        "Parallel Aware": false,
        "Startup Cost": 388482.85,
        "Total Cost": 388482.96,
        "Plan Rows": 1,
        "Plan Width": 8,
        "Actual Startup Time": 4285.726,
        "Actual Total Time": 4368.476,
        "Actual Rows": 2,
        "Actual Loops": 1,
        "Workers Planned": 1,
        "Workers Launched": 1,
        "Single Copy": false,
        "Plans": [
          {
            "Node Type": "Aggregate",
            "Strategy": "Plain",
            "Partial Mode": "Partial",
            "Parent Relationship": "Outer",
            "Parallel Aware": false,
            "Startup Cost": 387482.85,
            "Total Cost": 387482.86,
            "Plan Rows": 1,
            "Plan Width": 8,
            "Actual Startup Time": 4281.266,
            "Actual Total Time": 4281.272,
            "Actual Rows": 1,
            "Actual Loops": 2,
            "Plans": [
              {
                "Node Type": "Nested Loop",
                "Parent Relationship": "Outer",
                "Parallel Aware": false,
                "Join Type": "Inner",
                "Startup Cost": 40256.71,
                "Total Cost": 384780.46,
                "Plan Rows": 1080959,
                "Plan Width": 0,
                "Actual Startup Time": 176.433,
                "Actual Total Time": 4150.426,
                "Actual Rows": 2958333,
                "Actual Loops": 2,
                "Inner Unique": false,
                "Plans": [
                  {
                    "Node Type": "Hash Join",
                    "Parent Relationship": "Outer",
                    "Parallel Aware": true,
                    "Join Type": "Inner",
                    "Startup Cost": 40256.14,
                    "Total Cost": 101148.73,
                    "Plan Rows": 111173,
                    "Plan Width": 8,
                    "Actual Startup Time": 176.284,
                    "Actual Total Time": 611.781,
                    "Actual Rows": 129946,
                    "Actual Loops": 2,
                    "Inner Unique": false,
                    "Hash Cond": "(t.id = mc.movie_id)",
                    "Plans": [
                      {
                        "Node Type": "Seq Scan",
                        "Parent Relationship": "Outer",
                        "Parallel Aware": true,
                        "Relation Name": "title",
                        "Alias": "t",
                        "Startup Cost": 0.0,
                        "Total Cost": 54588.39,
                        "Plan Rows": 904038,
                        "Plan Width": 4,
                        "Actual Startup Time": 0.011,
                        "Actual Total Time": 140.973,
                        "Actual Rows": 771632,
                        "Actual Loops": 2,
                        "Filter": "(kind_id = 7)",
                        "Rows Removed by Filter": 492524
                      },
                      {
                        "Node Type": "Hash",
                        "Parent Relationship": "Inner",
                        "Parallel Aware": true,
                        "Startup Cost": 37970.02,
                        "Total Cost": 37970.02,
                        "Plan Rows": 182890,
                        "Plan Width": 4,
                        "Actual Startup Time": 171.42,
                        "Actual Total Time": 171.421,
                        "Actual Rows": 225968,
                        "Actual Loops": 2,
                        "Hash Buckets": 524288,
                        "Original Hash Buckets": 524288,
                        "Hash Batches": 1,
                        "Original Hash Batches": 1,
                        "Peak Memory Usage": 21792,
                        "Plans": [
                          {
                            "Node Type": "Bitmap Heap Scan",
                            "Parent Relationship": "Outer",
                            "Parallel Aware": true,
                            "Relation Name": "movie_companies",
                            "Alias": "mc",
                            "Startup Cost": 13607.12,
                            "Total Cost": 37970.02,
                            "Plan Rows": 182890,
                            "Plan Width": 4,
                            "Actual Startup Time": 46.382,
                            "Actual Total Time": 122.212,
                            "Actual Rows": 225968,
                            "Actual Loops": 2,
                            "Recheck Cond": "(company_id < 819)",
                            "Rows Removed by Index Recheck": 0,
                            "Filter": "(company_type_id < 2)",
                            "Rows Removed by Filter": 87660,
                            "Exact Heap Blocks": 11049,
                            "Lossy Heap Blocks": 0,
                            "Plans": [
                              {
                                "Node Type": "Bitmap Index Scan",
                                "Parent Relationship": "Outer",
                                "Parallel Aware": false,
                                "Index Name": "company_id_movie_companies",
                                "Startup Cost": 0.0,
                                "Total Cost": 13529.39,
                                "Plan Rows": 631595,
                                "Plan Width": 0,
                                "Actual Startup Time": 43.497,
                                "Actual Total Time": 43.498,
                                "Actual Rows": 627255,
                                "Actual Loops": 1,
                                "Index Cond": "(company_id < 819)"
                              }
                            ]
                          }
                        ]
                      }
                    ]
                  },
                  {
                    "Node Type": "Index Scan",
                    "Parent Relationship": "Inner",
                    "Parallel Aware": false,
                    "Scan Direction": "Forward",
                    "Index Name": "movie_id_cast_info",
                    "Relation Name": "cast_info",
                    "Alias": "ci",
                    "Startup Cost": 0.56,
                    "Total Cost": 2.3,
                    "Plan Rows": 25,
                    "Plan Width": 4,
                    "Actual Startup Time": 0.009,
                    "Actual Total Time": 0.025,
                    "Actual Rows": 23,
                    "Actual Loops": 259893,
                    "Index Cond": "(movie_id = t.id)",
                    "Rows Removed by Index Recheck": 0,
                    "Filter": "(person_id > 1145214)",
                    "Rows Removed by Filter": 10
                  }
                ]
              }
            ]
          }
        ]
      }
    ]
  },
  "Planning Time": 1.032,
  "Triggers": [],
  "Execution Time": 4368.609
}