[
  {
    "Plan": {
      "Node Type": "Aggregate",
      "Strategy": "Plain",
      "Partial Mode": "Finalize",
      "Parallel Aware": false,
      "Startup Cost": 46009.17,
      "Total Cost": 46009.18,
      "Plan Rows": 1,
      "Plan Width": 8,
      "Actual Startup Time": 203.862,
      "Actual Total Time": 216.659,
      "Actual Rows": 1,
      "Actual Loops": 1,
      "Plans": [
        {
          "Node Type": "Gather",
          "Parent Relationship": "Outer",
          "Parallel Aware": false,
          "Startup Cost": 46008.85,
          "Total Cost": 46009.16,
          "Plan Rows": 3,
          "Plan Width": 8,
          "Actual Startup Time": 203.75,
          "Actual Total Time": 216.649,
          "Actual Rows": 4,
          "Actual Loops": 1,
          "Workers Planned": 3,
          "Workers Launched": 3,
          "Single Copy": false,
          "Plans": [
            {
              "Node Type": "Aggregate",
              "Strategy": "Plain",
              "Partial Mode": "Partial",
              "Parent Relationship": "Outer",
              "Parallel Aware": false,
              "Startup Cost": 45008.85,
              "Total Cost": 45008.86,
              "Plan Rows": 1,
              "Plan Width": 8,
              "Actual Startup Time": 196.704,
              "Actual Total Time": 196.706,
              "Actual Rows": 1,
              "Actual Loops": 4,
              "Plans": [
                {
                  "Node Type": "Seq Scan",
                  "Parent Relationship": "Outer",
                  "Parallel Aware": true,
                  "Relation Name": "movie_keyword",
                  "Alias": "mk",
                  "Startup Cost": 0.0,
                  "Total Cost": 42695.65,
                  "Plan Rows": 925278,
                  "Plan Width": 0,
                  "Actual Startup Time": 0.053,
                  "Actual Total Time": 152.755,
                  "Actual Rows": 716427,
                  "Actual Loops": 4,
                  "Filter": "(keyword_id < 8815)",
                  "Rows Removed by Filter": 414556
                }
              ]
            }
          ]
        }
      ]
    },
    "Planning Time": 0.176,
    "Triggers": [],
    "Execution Time": 216.724
  }
]