{
  "Plan": {
    "Node Type": "Aggregate",
    "Strategy": "Plain",
    "Partial Mode": "Finalize",
    "Parallel Aware": false,
    "Startup Cost": 122804.22,
    "Total Cost": 122804.23,
    "Plan Rows": 1,
    "Plan Width": 8,
    "Actual Startup Time": 881.67,
    "Actual Total Time": 924.155,
    "Actual Rows": 1,
    "Actual Loops": 1,
    "Plans": [
      {
        "Node Type": "Gather",
        "Parent Relationship": "Outer",
        "Parallel Aware": false,
        "Startup Cost": 122804.1,
        "Total Cost": 122804.21,
        "Plan Rows": 1,
        "Plan Width": 8,
        "Actual Startup Time": 876.36,
        "Actual Total Time": 924.14,
        "Actual Rows": 2,
        "Actual Loops": 1,
        "Workers Planned": 1,
        "Workers Launched": 1,
        "Single Copy": false,
        "Plans": [
          {
            "Node Type": "Aggregate",
            "Strategy": "Plain",
            "Partial Mode": "Partial",
            "Parent Relationship": "Outer",
            "Parallel Aware": false,
            "Startup Cost": 121804.1,
            "Total Cost": 121804.11,
            "Plan Rows": 1,
            "Plan Width": 8,
            "Actual Startup Time": 862.3,
            "Actual Total Time": 862.309,
            "Actual Rows": 1,
            "Actual Loops": 2,
            "Plans": [
              {
                "Node Type": "Hash Join",
                "Parent Relationship": "Outer",
                "Parallel Aware": true,
                "Join Type": "Inner",
                "Startup Cost": 101323.67,
                "Total Cost": 121697.69,
                "Plan Rows": 42564,
                "Plan Width": 0,
                "Actual Startup Time": 764.247,
                "Actual Total Time": 854.595,
                "Actual Rows": 152733,
                "Actual Loops": 2,
                "Inner Unique": false,
                "Hash Cond": "(mi_idx.movie_id = t.id)",
                "Plans": [
                  {
                    "Node Type": "Seq Scan",
                    "Parent Relationship": "Outer",
                    "Parallel Aware": true,
                    "Relation Name": "movie_info_idx",
                    "Alias": "mi_idx",
                    "Startup Cost": 0.0,
                    "Total Cost": 18082.32,
                    "Plan Rows": 544356,
                    "Plan Width": 4,
                    "Actual Startup Time": 0.027,
                    "Actual Total Time": 69.821,
                    "Actual Rows": 460055,
                    "Actual Loops": 2,
                    "Filter": "(info_type_id > 99)",
                    "Rows Removed by Filter": 229962
                  },
                  {
                    "Node Type": "Hash",
                    "Parent Relationship": "Inner",
                    "Parallel Aware": true,
                    "Startup Cost": 99870.07,
                    "Total Cost": 99870.07,
                    "Plan Rows": 116288,
                    "Plan Width": 8,
                    "Actual Startup Time": 716.822,
                    "Actual Total Time": 716.828,
                    "Actual Rows": 98171,
                    "Actual Loops": 2,
                    "Hash Buckets": 262144,
                    "Original Hash Buckets": 262144,
                    "Hash Batches": 1,
                    "Original Hash Batches": 1,
                    "Peak Memory Usage": 9760,
                    "Plans": [
                      {
                        "Node Type": "Hash Join",
                        "Parent Relationship": "Outer",
                        "Parallel Aware": true,
                        "Join Type": "Inner",
                        "Startup Cost": 73657.22,
                        "Total Cost": 99870.07,
                        "Plan Rows": 116288,
                        "Plan Width": 8,
                        "Actual Startup Time": 607.752,
                        "Actual Total Time": 689.597,
                        "Actual Rows": 98171,
                        "Actual Loops": 2,
                        "Inner Unique": true,
                        "Hash Cond": "(mk.movie_id = t.id)",
                        "Plans": [
                          {
                            "Node Type": "Bitmap Heap Scan",
                            "Parent Relationship": "Outer",
                            "Parallel Aware": true,
                            "Relation Name": "movie_keyword",
                            "Alias": "mk",
                            "Startup Cost": 4196.52,
                            "Total Cost": 30104.12,
                            "Plan Rows": 116288,
                            "Plan Width": 4,
                            "Actual Startup Time": 14.659,
                            "Actual Total Time": 60.938,
                            "Actual Rows": 98171,
                            "Actual Loops": 2,
                            "Recheck Cond": "(keyword_id > 69543)",
                            "Rows Removed by Index Recheck": 0,
                            "Exact Heap Blocks": 8914,
                            "Lossy Heap Blocks": 0,
                            "Plans": [
                              {
                                "Node Type": "Bitmap Index Scan",
                                "Parent Relationship": "Outer",
                                "Parallel Aware": false,
                                "Index Name": "keyword_id_movie_keyword",
                                "Startup Cost": 0.0,
                                "Total Cost": 4147.1,
                                "Plan Rows": 197689,
                                "Plan Width": 0,
                                "Actual Startup Time": 11.666,
                                "Actual Total Time": 11.666,
                                "Actual Rows": 196342,
                                "Actual Loops": 1,
                                "Index Cond": "(keyword_id > 69543)"
                              }
                            ]
                          },
                          {
                            "Node Type": "Hash",
                            "Parent Relationship": "Inner",
                            "Parallel Aware": true,
                            "Startup Cost": 50870.31,
                            "Total Cost": 50870.31,
                            "Plan Rows": 1487231,
                            "Plan Width": 4,
                            "Actual Startup Time": 573.95,
                            "Actual Total Time": 573.952,
                            "Actual Rows": 1264156,
                            "Actual Loops": 2,
                            "Hash Buckets": 4194304,
                            "Original Hash Buckets": 4194304,
                            "Hash Batches": 1,
                            "Original Hash Batches": 1,
                            "Peak Memory Usage": 131712,
                            "Plans": [
                              {
                                "Node Type": "Seq Scan",
                                "Parent Relationship": "Outer",
                                "Parallel Aware": true,
                                "Relation Name": "title",
                                "Alias": "t",
                                "Startup Cost": 0.0,
                                "Total Cost": 50870.31,
                                "Plan Rows": 1487231,
                                "Plan Width": 4,
                                "Actual Startup Time": 0.029,
                                "Actual Total Time": 179.246,
                                "Actual Rows": 1264156,
                                "Actual Loops": 2
                              }
                            ]
                          }
                        ]
                      }
                    ]
                  }
                ]
              }
            ]
          }
        ]
      }
    ]
  },
  "Planning Time": 0.829,
  "Triggers": [],
  "Execution Time": 924.244
}