{
  "Plan": {
    "Node Type": "Aggregate",
    "Strategy": "Plain",
    "Partial Mode": "Finalize",
    "Parallel Aware": false,
    "Startup Cost": 109008.06,
    "Total Cost": 109008.07,
    "Plan Rows": 1,
    "Plan Width": 8,
    "Actual Startup Time": 728.248,
    "Actual Total Time": 744.315,
    "Actual Rows": 1,
    "Actual Loops": 1,
    "Plans": [
      {
        "Node Type": "Gather",
        "Parent Relationship": "Outer",
        "Parallel Aware": false,
        "Startup Cost": 109007.94,
        "Total Cost": 109008.05,
        "Plan Rows": 1,
        "Plan Width": 8,
        "Actual Startup Time": 724.055,
        "Actual Total Time": 744.308,
        "Actual Rows": 2,
        "Actual Loops": 1,
        "Workers Planned": 1,
        "Workers Launched": 1,
        "Single Copy": false,
        "Plans": [
          {
            "Node Type": "Aggregate",
            "Strategy": "Plain",
            "Partial Mode": "Partial",
            "Parent Relationship": "Outer",
            "Parallel Aware": false,
            "Startup Cost": 108007.94,
            "Total Cost": 108007.95,
            "Plan Rows": 1,
            "Plan Width": 8,
            "Actual Startup Time": 717.062,
            "Actual Total Time": 717.065,
            "Actual Rows": 1,
            "Actual Loops": 2,
            "Plans": [
              {
                "Node Type": "Hash Join",
                "Parent Relationship": "Outer",
                "Parallel Aware": true,
                "Join Type": "Inner",
                "Startup Cost": 66716.65,
                "Total Cost": 106736.98,
                "Plan Rows": 508385,
                "Plan Width": 0,
                "Actual Startup Time": 456.675,
                "Actual Total Time": 702.308,
                "Actual Rows": 370061,
                "Actual Loops": 2,
                "Inner Unique": true,
                "Hash Cond": "(mc.movie_id = t.id)",
                "Plans": [
                  {
                    "Node Type": "Seq Scan",
                    "Parent Relationship": "Outer",
                    "Parallel Aware": true,
                    "Relation Name": "movie_companies",
                    "Alias": "mc",
                    "Startup Cost": 0.0,
                    "Total Cost": 37974.77,
                    "Plan Rows": 779260,
                    "Plan Width": 4,
                    "Actual Startup Time": 48.148,
                    "Actual Total Time": 114.029,
                    "Actual Rows": 667442,
                    "Actual Loops": 2,
                    "Filter": "(company_type_id > 1)",
                    "Rows Removed by Filter": 637123
                  },
                  {
                    "Node Type": "Hash",
                    "Parent Relationship": "Inner",
                    "Parallel Aware": true,
                    "Startup Cost": 54588.39,
                    "Total Cost": 54588.39,
                    "Plan Rows": 970261,
                    "Plan Width": 4,
                    "Actual Startup Time": 393.765,
                    "Actual Total Time": 393.766,
                    "Actual Rows": 821757,
                    "Actual Loops": 2,
                    "Hash Buckets": 2097152,
                    "Original Hash Buckets": 2097152,
                    "Hash Batches": 1,
                    "Original Hash Batches": 1,
                    "Peak Memory Usage": 80704,
                    "Plans": [
                      {
                        "Node Type": "Seq Scan",
                        "Parent Relationship": "Outer",
                        "Parallel Aware": true,
                        "Relation Name": "title",
                        "Alias": "t",
                        "Startup Cost": 0.0,
                        "Total Cost": 54588.39,
                        "Plan Rows": 970261,
                        "Plan Width": 4,
                        "Actual Startup Time": 0.028,
                        "Actual Total Time": 171.239,
                        "Actual Rows": 821757,
                        "Actual Loops": 2,
                        "Filter": "(production_year > 1994)",
                        "Rows Removed by Filter": 442399
                      }
                    ]
                  }
                ]
              }
            ]
          }
        ]
      }
    ]
  },
  "Planning Time": 0.488,
  "Triggers": [],
  "Execution Time": 744.388
}