{
  "Plan": {
    "Node Type": "Aggregate",
    "Strategy": "Plain",
    "Partial Mode": "Finalize",
    "Parallel Aware": false,
    "Startup Cost": 94365.89,
    "Total Cost": 94365.9,
    "Plan Rows": 1,
    "Plan Width": 8,
    "Actual Startup Time": 359.846,
    "Actual Total Time": 376.144,
    "Actual Rows": 1,
    "Actual Loops": 1,
    "Plans": [
      {
        "Node Type": "Gather",
        "Parent Relationship": "Outer",
        "Parallel Aware": false,
        "Startup Cost": 94365.77,
        "Total Cost": 94365.88,
        "Plan Rows": 1,
        "Plan Width": 8,
        "Actual Startup Time": 359.487,
        "Actual Total Time": 376.137,
        "Actual Rows": 2,
        "Actual Loops": 1,
        "Workers Planned": 1,
        "Workers Launched": 1,
        "Single Copy": false,
        "Plans": [
          {
            "Node Type": "Aggregate",
            "Strategy": "Plain",
            "Partial Mode": "Partial",
            "Parent Relationship": "Outer",
            "Parallel Aware": false,
            "Startup Cost": 93365.77,
            "Total Cost": 93365.78,
            "Plan Rows": 1,
            "Plan Width": 8,
            "Actual Startup Time": 356.561,
            "Actual Total Time": 356.565,
            "Actual Rows": 1,
            "Actual Loops": 2,
            "Plans": [
              {
                "Node Type": "Hash Join",
                "Parent Relationship": "Outer",
                "Parallel Aware": true,
                "Join Type": "Inner",
                "Startup Cost": 55094.65,
                "Total Cost": 93261.28,
                "Plan Rows": 41796,
                "Plan Width": 0,
                "Actual Startup Time": 139.631,
                "Actual Total Time": 355.351,
                "Actual Rows": 26818,
                "Actual Loops": 2,
                "Inner Unique": true,
                "Hash Cond": "(mc.movie_id = t.id)",
                "Plans": [
                  {
                    "Node Type": "Seq Scan",
                    "Parent Relationship": "Outer",
                    "Parallel Aware": true,
                    "Relation Name": "movie_companies",
                    "Alias": "mc",
                    "Startup Cost": 0.0,
                    "Total Cost": 34137.82,
                    "Plan Rows": 1534782,
                    "Plan Width": 4,
                    "Actual Startup Time": 0.014,
                    "Actual Total Time": 94.536,
                    "Actual Rows": 1304564,
                    "Actual Loops": 2
                  },
                  {
                    "Node Type": "Hash",
                    "Parent Relationship": "Inner",
                    "Parallel Aware": true,
                    "Startup Cost": 54588.39,
                    "Total Cost": 54588.39,
                    "Plan Rows": 40501,
                    "Plan Width": 4,
                    "Actual Startup Time": 137.819,
                    "Actual Total Time": 137.82,
                    "Actual Rows": 33671,
                    "Actual Loops": 2,
                    "Hash Buckets": 131072,
                    "Original Hash Buckets": 131072,
                    "Hash Batches": 1,
                    "Original Hash Batches": 1,
                    "Peak Memory Usage": 3680,
                    "Plans": [
                      {
                        "Node Type": "Seq Scan",
                        "Parent Relationship": "Outer",
                        "Parallel Aware": true,
                        "Relation Name": "title",
                        "Alias": "t",
                        "Startup Cost": 0.0,
                        "Total Cost": 54588.39,
                        "Plan Rows": 40501,
                        "Plan Width": 4,
                        "Actual Startup Time": 0.046,
                        "Actual Total Time": 127.539,
                        "Actual Rows": 33671,
                        "Actual Loops": 2,
                        "Filter": "(production_year > 2012)",
                        "Rows Removed by Filter": 1230485
                      }
                    ]
                  }
                ]
              }
            ]
          }
        ]
      }
    ]
  },
  "Planning Time": 0.345,
  "Triggers": [],
  "Execution Time": 376.202
}