[
  {
    "Plan": {
      "Node Type": "Aggregate",
      "Strategy": "Plain",
      "Partial Mode": "Finalize",
      "Parallel Aware": false,
      "Startup Cost": 46364.53,
      "Total Cost": 46364.54,
      "Plan Rows": 1,
      "Plan Width": 8,
      "Actual Startup Time": 190.813,
      "Actual Total Time": 200.886,
      "Actual Rows": 1,
      "Actual Loops": 1,
      "Plans": [
        {
          "Node Type": "Gather",
          "Parent Relationship": "Outer",
          "Parallel Aware": false,
          "Startup Cost": 46364.21,
          "Total Cost": 46364.52,
          "Plan Rows": 3,
          "Plan Width": 8,
          "Actual Startup Time": 190.638,
          "Actual Total Time": 200.875,
          "Actual Rows": 4,
          "Actual Loops": 1,
          "Workers Planned": 3,
          "Workers Launched": 3,
          "Single Copy": false,
          "Plans": [
            {
              "Node Type": "Aggregate",
              "Strategy": "Plain",
              "Partial Mode": "Partial",
              "Parent Relationship": "Outer",
              "Parallel Aware": false,
              "Startup Cost": 45364.21,
              "Total Cost": 45364.22,
              "Plan Rows": 1,
              "Plan Width": 8,
              "Actual Startup Time": 186.943,
              "Actual Total Time": 186.944,
              "Actual Rows": 1,
              "Actual Loops": 4,
              "Plans": [
                {
                  "Node Type": "Seq Scan",
                  "Parent Relationship": "Outer",
                  "Parallel Aware": true,
                  "Relation Name": "movie_keyword",
                  "Alias": "mk",
                  "Startup Cost": 0.0,
                  "Total Cost": 42695.65,
                  "Plan Rows": 1067424,
                  "Plan Width": 0,
                  "Actual Startup Time": 0.031,
                  "Actual Total Time": 139.642,
                  "Actual Rows": 826286,
                  "Actual Loops": 4,
                  "Filter": "(keyword_id < 14971)",
                  "Rows Removed by Filter": 304697
                }
              ]
            }
          ]
        }
      ]
    },
    "Planning Time": 0.1,
    "Triggers": [],
    "Execution Time": 200.914
  }
]