{
  "Plan": {
    "Node Type": "Aggregate",
    "Strategy": "Plain",
    "Partial Mode": "Finalize",
    "Parallel Aware": false,
    "Startup Cost": 389682.38,
    "Total Cost": 389682.39,
    "Plan Rows": 1,
    "Plan Width": 8,
    "Actual Startup Time": 2258.548,
    "Actual Total Time": 2301.352,
    "Actual Rows": 1,
    "Actual Loops": 1,
    "Plans": [
      {
        "Node Type": "Gather",
        "Parent Relationship": "Outer",
        "Parallel Aware": false,
        "Startup Cost": 389682.26,
        "Total Cost": 389682.37,
        "Plan Rows": 1,
        "Plan Width": 8,
        "Actual Startup Time": 2246.036,
        "Actual Total Time": 2301.342,
        "Actual Rows": 2,
        "Actual Loops": 1,
        "Workers Planned": 1,
        "Workers Launched": 1,
        "Single Copy": false,
        "Plans": [
          {
            "Node Type": "Aggregate",
            "Strategy": "Plain",
            "Partial Mode": "Partial",
            "Parent Relationship": "Outer",
            "Parallel Aware": false,
            "Startup Cost": 388682.26,
            "Total Cost": 388682.27,
            "Plan Rows": 1,
            "Plan Width": 8,
            "Actual Startup Time": 2234.899,
            "Actual Total Time": 2237.549,
            "Actual Rows": 1,
            "Actual Loops": 2,
            "Plans": [
              {
                "Node Type": "Hash Join",
                "Parent Relationship": "Outer",
                "Parallel Aware": true,
                "Join Type": "Inner",
                "Startup Cost": 193054.87,
                "Total Cost": 384966.0,
                "Plan Rows": 1486505,
                "Plan Width": 0,
                "Actual Startup Time": 1470.674,
                "Actual Total Time": 2096.544,
                "Actual Rows": 2777352,
                "Actual Loops": 2,
                "Inner Unique": false,
                "Hash Cond": "(mi.movie_id = t.id)",
                "Plans": [
                  {
                    "Node Type": "Bitmap Heap Scan",
                    "Parent Relationship": "Outer",
                    "Parallel Aware": true,
                    "Relation Name": "movie_info",
                    "Alias": "mi",
                    "Startup Cost": 37261.42,
                    "Total Cost": 214378.69,
                    "Plan Rows": 1209942,
                    "Plan Width": 4,
                    "Actual Startup Time": 66.299,
                    "Actual Total Time": 175.761,
                    "Actual Rows": 1045534,
                    "Actual Loops": 2,
                    "Recheck Cond": "(info_type_id < 3)",
                    "Rows Removed by Index Recheck": 0,
                    "Exact Heap Blocks": 8058,
                    "Lossy Heap Blocks": 0,
                    "Plans": [
                      {
                        "Node Type": "Bitmap Index Scan",
                        "Parent Relationship": "Outer",
                        "Parallel Aware": false,
                        "Index Name": "info_type_id_movie_info",
                        "Startup Cost": 0.0,
                        "Total Cost": 36747.19,
                        "Plan Rows": 2056901,
                        "Plan Width": 0,
                        "Actual Startup Time": 64.378,
                        "Actual Total Time": 64.379,
                        "Actual Rows": 2091068,
                        "Actual Loops": 1,
                        "Index Cond": "(info_type_id < 3)"
                      }
                    ]
                  },
                  {
                    "Node Type": "Hash",
                    "Parent Relationship": "Inner",
                    "Parallel Aware": true,
                    "Startup Cost": 132953.75,
                    "Total Cost": 132953.75,
                    "Plan Rows": 1827176,
                    "Plan Width": 8,
                    "Actual Startup Time": 1382.494,
                    "Actual Total Time": 1385.142,
                    "Actual Rows": 1448414,
                    "Actual Loops": 2,
                    "Hash Buckets": 4194304,
                    "Original Hash Buckets": 4194304,
                    "Hash Batches": 1,
                    "Original Hash Batches": 1,
                    "Peak Memory Usage": 146112,
                    "Plans": [
                      {
                        "Node Type": "Hash Join",
                        "Parent Relationship": "Outer",
                        "Parallel Aware": true,
                        "Join Type": "Inner",
                        "Startup Cost": 69084.56,
                        "Total Cost": 132953.75,
                        "Plan Rows": 1827176,
                        "Plan Width": 8,
                        "Actual Startup Time": 477.813,
                        "Actual Total Time": 1081.637,
                        "Actual Rows": 1448414,
                        "Actual Loops": 2,
                        "Inner Unique": true,
                        "Hash Cond": "(mk.movie_id = t.id)",
                        "Plans": [
                          {
                            "Node Type": "Seq Scan",
                            "Parent Relationship": "Outer",
                            "Parallel Aware": true,
                            "Relation Name": "movie_keyword",
                            "Alias": "mk",
                            "Startup Cost": 0.0,
                            "Total Cost": 57718.19,
                            "Plan Rows": 2343232,
                            "Plan Width": 4,
                            "Actual Startup Time": 0.016,
                            "Actual Total Time": 254.869,
                            "Actual Rows": 2001086,
                            "Actual Loops": 2,
                            "Filter": "(keyword_id < 34696)",
                            "Rows Removed by Filter": 260879
                          },
                          {
                            "Node Type": "Hash",
                            "Parent Relationship": "Inner",
                            "Parallel Aware": true,
                            "Startup Cost": 54588.39,
                            "Total Cost": 54588.39,
                            "Plan Rows": 1159694,
                            "Plan Width": 4,
                            "Actual Startup Time": 471.449,
                            "Actual Total Time": 471.45,
                            "Actual Rows": 981094,
                            "Actual Loops": 2,
                            "Hash Buckets": 2097152,
                            "Original Hash Buckets": 2097152,
                            "Hash Batches": 1,
                            "Original Hash Batches": 1,
                            "Peak Memory Usage": 93152,
                            "Plans": [
                              {
                                "Node Type": "Seq Scan",
                                "Parent Relationship": "Outer",
                                "Parallel Aware": true,
                                "Relation Name": "title",
                                "Alias": "t",
                                "Startup Cost": 0.0,
                                "Total Cost": 54588.39,
                                "Plan Rows": 1159694,
                                "Plan Width": 4,
                                "Actual Startup Time": 0.034,
                                "Actual Total Time": 198.856,
                                "Actual Rows": 981094,
                                "Actual Loops": 2,
                                "Filter": "(production_year > 1978)",
                                "Rows Removed by Filter": 283062
                              }
                            ]
                          }
                        ]
                      }
                    ]
                  }
                ]
              }
            ]
          }
        ]
      }
    ]
  },
  "Planning Time": 1.013,
  "Triggers": [],
  "Execution Time": 2301.458
}