{
    "Plan": {
        "Node Type": "Aggregate",
        "Strategy": "Plain",
        "Partial Mode": "Finalize",
        "Parallel Aware": false,
        "Startup Cost": 125213.03,
        "Total Cost": 125213.04,
        "Plan Rows": 1,
        "Plan Width": 8,
        "Actual Startup Time": 639.792,
        "Actual Total Time": 667.016,
        "Actual Rows": 1,
        "Actual Loops": 1,
        "Output": [
            "count(*)"
        ],
        "Plans": [
            {
                "Node Type": "Gather",
                "Parent Relationship": "Outer",
                "Parallel Aware": false,
                "Startup Cost": 125212.71,
                "Total Cost": 125213.02,
                "Plan Rows": 3,
                "Plan Width": 8,
                "Actual Startup Time": 636.584,
                "Actual Total Time": 667.006,
                "Actual Rows": 4,
                "Actual Loops": 1,
                "Output": [
                    "(PARTIAL count(*))"
                ],
                "Workers Planned": 3,
                "Workers Launched": 3,
                "Single Copy": false,
                "Plans": [
                    {
                        "Node Type": "Aggregate",
                        "Strategy": "Plain",
                        "Partial Mode": "Partial",
                        "Parent Relationship": "Outer",
                        "Parallel Aware": false,
                        "Startup Cost": 124212.71,
                        "Total Cost": 124212.72,
                        "Plan Rows": 1,
                        "Plan Width": 8,
                        "Actual Startup Time": 626.417,
                        "Actual Total Time": 626.534,
                        "Actual Rows": 1,
                        "Actual Loops": 4,
                        "Output": [
                            "PARTIAL count(*)"
                        ],
                        "Workers": [
                            {
                                "Worker Number": 0,
                                "Actual Startup Time": 623.12,
                                "Actual Total Time": 623.133,
                                "Actual Rows": 1,
                                "Actual Loops": 1
                            },
                            {
                                "Worker Number": 1,
                                "Actual Startup Time": 623.204,
                                "Actual Total Time": 623.208,
                                "Actual Rows": 1,
                                "Actual Loops": 1
                            },
                            {
                                "Worker Number": 2,
                                "Actual Startup Time": 623.529,
                                "Actual Total Time": 623.535,
                                "Actual Rows": 1,
                                "Actual Loops": 1
                            }
                        ],
                        "Plans": [
                            {
                                "Node Type": "Hash Join",
                                "Parent Relationship": "Outer",
                                "Parallel Aware": true,
                                "Join Type": "Inner",
                                "Startup Cost": 79387.81,
                                "Total Cost": 124079.51,
                                "Plan Rows": 53282,
                                "Plan Width": 0,
                                "Actual Startup Time": 328.355,
                                "Actual Total Time": 593.7,
                                "Actual Rows": 735282,
                                "Actual Loops": 4,
                                "Inner Unique": false,
                                "Hash Cond": "(mk.movie_id = t.id)",
                                "Workers": [
                                    {
                                        "Worker Number": 0,
                                        "Actual Startup Time": 325.175,
                                        "Actual Total Time": 592.076,
                                        "Actual Rows": 788673,
                                        "Actual Loops": 1
                                    },
                                    {
                                        "Worker Number": 1,
                                        "Actual Startup Time": 325.239,
                                        "Actual Total Time": 592.225,
                                        "Actual Rows": 789940,
                                        "Actual Loops": 1
                                    },
                                    {
                                        "Worker Number": 2,
                                        "Actual Startup Time": 325.182,
                                        "Actual Total Time": 591.804,
                                        "Actual Rows": 497610,
                                        "Actual Loops": 1
                                    }
                                ],
                                "Plans": [
                                    {
                                        "Node Type": "Seq Scan",
                                        "Parent Relationship": "Outer",
                                        "Parallel Aware": true,
                                        "Relation Name": "movie_keyword",
                                        "Schema": "public",
                                        "Alias": "mk",
                                        "Startup Cost": 0.0,
                                        "Total Cost": 39047.32,
                                        "Plan Rows": 1459332,
                                        "Plan Width": 4,
                                        "Actual Startup Time": 0.02,
                                        "Actual Total Time": 104.384,
                                        "Actual Rows": 1130982,
                                        "Actual Loops": 4,
                                        "Output": [
                                            "mk.id",
                                            "mk.movie_id",
                                            "mk.keyword_id"
                                        ],
                                        "Workers": [
                                            {
                                                "Worker Number": 0,
                                                "Actual Startup Time": 0.021,
                                                "Actual Total Time": 110.568,
                                                "Actual Rows": 1201390,
                                                "Actual Loops": 1
                                            },
                                            {
                                                "Worker Number": 1,
                                                "Actual Startup Time": 0.018,
                                                "Actual Total Time": 110.336,
                                                "Actual Rows": 1212120,
                                                "Actual Loops": 1
                                            },
                                            {
                                                "Worker Number": 2,
                                                "Actual Startup Time": 0.029,
                                                "Actual Total Time": 108.516,
                                                "Actual Rows": 746785,
                                                "Actual Loops": 1
                                            }
                                        ]
                                    },
                                    {
                                        "Node Type": "Hash",
                                        "Parent Relationship": "Inner",
                                        "Parallel Aware": true,
                                        "Startup Cost": 79015.58,
                                        "Total Cost": 79015.58,
                                        "Plan Rows": 29778,
                                        "Plan Width": 8,
                                        "Actual Startup Time": 326.323,
                                        "Actual Total Time": 326.439,
                                        "Actual Rows": 82340,
                                        "Actual Loops": 4,
                                        "Output": [
                                            "t.id",
                                            "mc.movie_id"
                                        ],
                                        "Hash Buckets": 524288,
                                        "Original Hash Buckets": 131072,
                                        "Hash Batches": 1,
                                        "Original Hash Batches": 1,
                                        "Peak Memory Usage": 20128,
                                        "Workers": [
                                            {
                                                "Worker Number": 0,
                                                "Actual Startup Time": 324.473,
                                                "Actual Total Time": 324.484,
                                                "Actual Rows": 89424,
                                                "Actual Loops": 1
                                            },
                                            {
                                                "Worker Number": 1,
                                                "Actual Startup Time": 324.562,
                                                "Actual Total Time": 324.565,
                                                "Actual Rows": 90403,
                                                "Actual Loops": 1
                                            },
                                            {
                                                "Worker Number": 2,
                                                "Actual Startup Time": 324.27,
                                                "Actual Total Time": 324.274,
                                                "Actual Rows": 55237,
                                                "Actual Loops": 1
                                            }
                                        ],
                                        "Plans": [
                                            {
                                                "Node Type": "Hash Join",
                                                "Parent Relationship": "Outer",
                                                "Parallel Aware": true,
                                                "Join Type": "Inner",
                                                "Startup Cost": 47252.48,
                                                "Total Cost": 79015.58,
                                                "Plan Rows": 29778,
                                                "Plan Width": 8,
                                                "Actual Startup Time": 202.127,
                                                "Actual Total Time": 294.056,
                                                "Actual Rows": 82340,
                                                "Actual Loops": 4,
                                                "Output": [
                                                    "t.id",
                                                    "mc.movie_id"
                                                ],
                                                "Inner Unique": true,
                                                "Hash Cond": "(mc.movie_id = t.id)",
                                                "Workers": [
                                                    {
                                                        "Worker Number": 0,
                                                        "Actual Startup Time": 200.26,
                                                        "Actual Total Time": 293.112,
                                                        "Actual Rows": 89424,
                                                        "Actual Loops": 1
                                                    },
                                                    {
                                                        "Worker Number": 1,
                                                        "Actual Startup Time": 200.308,
                                                        "Actual Total Time": 293.059,
                                                        "Actual Rows": 90403,
                                                        "Actual Loops": 1
                                                    },
                                                    {
                                                        "Worker Number": 2,
                                                        "Actual Startup Time": 200.173,
                                                        "Actual Total Time": 289.281,
                                                        "Actual Rows": 55237,
                                                        "Actual Loops": 1
                                                    }
                                                ],
                                                "Plans": [
                                                    {
                                                        "Node Type": "Seq Scan",
                                                        "Parent Relationship": "Outer",
                                                        "Parallel Aware": true,
                                                        "Relation Name": "movie_companies",
                                                        "Schema": "public",
                                                        "Alias": "mc",
                                                        "Startup Cost": 0.0,
                                                        "Total Cost": 31414.82,
                                                        "Plan Rows": 132679,
                                                        "Plan Width": 4,
                                                        "Actual Startup Time": 29.333,
                                                        "Actual Total Time": 66.259,
                                                        "Actual Rows": 183307,
                                                        "Actual Loops": 4,
                                                        "Output": [
                                                            "mc.id",
                                                            "mc.movie_id",
                                                            "mc.company_id",
                                                            "mc.company_type_id",
                                                            "mc.note"
                                                        ],
                                                        "Filter": "((mc.company_id > 29358) AND (mc.company_type_id = 2))",
                                                        "Rows Removed by Filter": 468975,
                                                        "Workers": [
                                                            {
                                                                "Worker Number": 0,
                                                                "Actual Startup Time": 29.387,
                                                                "Actual Total Time": 66.775,
                                                                "Actual Rows": 200235,
                                                                "Actual Loops": 1
                                                            },
                                                            {
                                                                "Worker Number": 1,
                                                                "Actual Startup Time": 29.36,
                                                                "Actual Total Time": 67.055,
                                                                "Actual Rows": 201703,
                                                                "Actual Loops": 1
                                                            },
                                                            {
                                                                "Worker Number": 2,
                                                                "Actual Startup Time": 29.342,
                                                                "Actual Total Time": 66.948,
                                                                "Actual Rows": 119012,
                                                                "Actual Loops": 1
                                                            }
                                                        ]
                                                    },
                                                    {
                                                        "Node Type": "Hash",
                                                        "Parent Relationship": "Inner",
                                                        "Parallel Aware": true,
                                                        "Startup Cost": 45479.21,
                                                        "Total Cost": 45479.21,
                                                        "Plan Rows": 141862,
                                                        "Plan Width": 4,
                                                        "Actual Startup Time": 169.256,
                                                        "Actual Total Time": 169.257,
                                                        "Actual Rows": 160446,
                                                        "Actual Loops": 4,
                                                        "Output": [
                                                            "t.id"
                                                        ],
                                                        "Hash Buckets": 1048576,
                                                        "Original Hash Buckets": 1048576,
                                                        "Hash Batches": 1,
                                                        "Original Hash Batches": 1,
                                                        "Peak Memory Usage": 33344,
                                                        "Workers": [
                                                            {
                                                                "Worker Number": 0,
                                                                "Actual Startup Time": 170.776,
                                                                "Actual Total Time": 170.777,
                                                                "Actual Rows": 166303,
                                                                "Actual Loops": 1
                                                            },
                                                            {
                                                                "Worker Number": 1,
                                                                "Actual Startup Time": 170.831,
                                                                "Actual Total Time": 170.832,
                                                                "Actual Rows": 169202,
                                                                "Actual Loops": 1
                                                            },
                                                            {
                                                                "Worker Number": 2,
                                                                "Actual Startup Time": 170.616,
                                                                "Actual Total Time": 170.617,
                                                                "Actual Rows": 106066,
                                                                "Actual Loops": 1
                                                            }
                                                        ],
                                                        "Plans": [
                                                            {
                                                                "Node Type": "Seq Scan",
                                                                "Parent Relationship": "Outer",
                                                                "Parallel Aware": true,
                                                                "Relation Name": "title",
                                                                "Schema": "public",
                                                                "Alias": "t",
                                                                "Startup Cost": 0.0,
                                                                "Total Cost": 45479.21,
                                                                "Plan Rows": 141862,
                                                                "Plan Width": 4,
                                                                "Actual Startup Time": 0.066,
                                                                "Actual Total Time": 106.899,
                                                                "Actual Rows": 160446,
                                                                "Actual Loops": 4,
                                                                "Output": [
                                                                    "t.id"
                                                                ],
                                                                "Filter": "((t.kind_id < 7) AND (t.production_year < 2006))",
                                                                "Rows Removed by Filter": 471632,
                                                                "Workers": [
                                                                    {
                                                                        "Worker Number": 0,
                                                                        "Actual Startup Time": 0.077,
                                                                        "Actual Total Time": 107.552,
                                                                        "Actual Rows": 166303,
                                                                        "Actual Loops": 1
                                                                    },
                                                                    {
                                                                        "Worker Number": 1,
                                                                        "Actual Startup Time": 0.099,
                                                                        "Actual Total Time": 107.922,
                                                                        "Actual Rows": 169202,
                                                                        "Actual Loops": 1
                                                                    },
                                                                    {
                                                                        "Worker Number": 2,
                                                                        "Actual Startup Time": 0.069,
                                                                        "Actual Total Time": 107.49,
                                                                        "Actual Rows": 106066,
                                                                        "Actual Loops": 1
                                                                    }
                                                                ]
                                                            }
                                                        ]
                                                    }
                                                ]
                                            }
                                        ]
                                    }
                                ]
                            }
                        ]
                    }
                ]
            }
        ]
    },
    "Planning Time": 1.593,
    "Triggers": [],
    "Execution Time": 667.102
}