[
  {
    "Plan": {
      "Node Type": "Aggregate",
      "Strategy": "Plain",
      "Partial Mode": "Finalize",
      "Parallel Aware": false,
      "Startup Cost": 698211.23,
      "Total Cost": 698211.24,
      "Plan Rows": 1,
      "Plan Width": 96,
      "Actual Startup Time": 2726.009,
      "Actual Total Time": 2887.571,
      "Actual Rows": 1,
      "Actual Loops": 1,
      "Plans": [
        {
          "Node Type": "Gather",
          "Parent Relationship": "Outer",
          "Parallel Aware": false,
          "Startup Cost": 698210.79,
          "Total Cost": 698211.2,
          "Plan Rows": 4,
          "Plan Width": 96,
          "Actual Startup Time": 2716.11,
          "Actual Total Time": 2887.546,
          "Actual Rows": 5,
          "Actual Loops": 1,
          "Workers Planned": 4,
          "Workers Launched": 4,
          "Single Copy": false,
          "Plans": [
            {
              "Node Type": "Aggregate",
              "Strategy": "Plain",
              "Partial Mode": "Partial",
              "Parent Relationship": "Outer",
              "Parallel Aware": false,
              "Startup Cost": 697210.79,
              "Total Cost": 697210.8,
              "Plan Rows": 1,
              "Plan Width": 96,
              "Actual Startup Time": 2705.35,
              "Actual Total Time": 2705.499,
              "Actual Rows": 1,
              "Actual Loops": 5,
              "Plans": [
                {
                  "Node Type": "Hash Join",
                  "Parent Relationship": "Outer",
                  "Parallel Aware": true,
                  "Join Type": "Inner",
                  "Startup Cost": 627681.62,
                  "Total Cost": 697210.7,
                  "Plan Rows": 12,
                  "Plan Width": 66,
                  "Actual Startup Time": 2554.375,
                  "Actual Total Time": 2702.442,
                  "Actual Rows": 17098,
                  "Actual Loops": 5,
                  "Inner Unique": false,
                  "Hash Cond": "(n.id = ci.person_id)",
                  "Plans": [
                    {
                      "Node Type": "Seq Scan",
                      "Parent Relationship": "Outer",
                      "Parallel Aware": true,
                      "Relation Name": "name",
                      "Alias": "n",
                      "Startup Cost": 0.0,
                      "Total Cost": 68635.58,
                      "Plan Rows": 238261,
                      "Plan Width": 4,
                      "Actual Startup Time": 62.525,
                      "Actual Total Time": 155.983,
                      "Actual Rows": 192311,
                      "Actual Loops": 5,
                      "Filter": "((gender)::text = 'f'::text)",
                      "Rows Removed by Filter": 641187
                    },
                    {
                      "Node Type": "Hash",
                      "Parent Relationship": "Inner",
                      "Parallel Aware": true,
                      "Startup Cost": 627681.18,
                      "Total Cost": 627681.18,
                      "Plan Rows": 35,
                      "Plan Width": 70,
                      "Actual Startup Time": 2490.923,
                      "Actual Total Time": 2491.07,
                      "Actual Rows": 113501,
                      "Actual Loops": 5,
                      "Hash Buckets": 1048576,
                      "Original Hash Buckets": 1024,
                      "Hash Batches": 1,
                      "Original Hash Batches": 1,
                      "Peak Memory Usage": 55000,
                      "Plans": [
                        {
                          "Node Type": "Hash Join",
                          "Parent Relationship": "Outer",
                          "Parallel Aware": true,
                          "Join Type": "Inner",
                          "Startup Cost": 274047.47,
                          "Total Cost": 627681.18,
                          "Plan Rows": 35,
                          "Plan Width": 70,
                          "Actual Startup Time": 1074.315,
                          "Actual Total Time": 2372.299,
                          "Actual Rows": 113501,
                          "Actual Loops": 5,
                          "Inner Unique": false,
                          "Hash Cond": "(ci.movie_id = t.id)",
                          "Plans": [
                            {
                              "Node Type": "Seq Scan",
                              "Parent Relationship": "Outer",
                              "Parallel Aware": true,
                              "Relation Name": "cast_info",
                              "Alias": "ci",
                              "Startup Cost": 0.0,
                              "Total Cost": 350807.07,
                              "Plan Rows": 753763,
                              "Plan Width": 8,
                              "Actual Startup Time": 0.031,
                              "Actual Total Time": 1102.824,
                              "Actual Rows": 896875,
                              "Actual Loops": 5,
                              "Filter": "(note = ANY ('{(voice),(uncredited),\"(executive producer)\",(writer),(producer)}'::text[]))",
                              "Rows Removed by Filter": 6351994
                            },
                            {
                              "Node Type": "Hash",
                              "Parent Relationship": "Inner",
                              "Parallel Aware": true,
                              "Startup Cost": 274047.32,
                              "Total Cost": 274047.32,
                              "Plan Rows": 12,
                              "Plan Width": 78,
                              "Actual Startup Time": 1074.143,
                              "Actual Total Time": 1074.286,
                              "Actual Rows": 21780,
                              "Actual Loops": 5,
                              "Hash Buckets": 131072,
                              "Original Hash Buckets": 1024,
                              "Hash Batches": 1,
                              "Original Hash Batches": 1,
                              "Peak Memory Usage": 10488,
                              "Plans": [
                                {
                                  "Node Type": "Hash Join",
                                  "Parent Relationship": "Outer",
                                  "Parallel Aware": true,
                                  "Join Type": "Inner",
                                  "Startup Cost": 229358.59,
                                  "Total Cost": 274047.32,
                                  "Plan Rows": 12,
                                  "Plan Width": 78,
                                  "Actual Startup Time": 822.35,
                                  "Actual Total Time": 1013.565,
                                  "Actual Rows": 21780,
                                  "Actual Loops": 5,
                                  "Inner Unique": false,
                                  "Hash Cond": "(t.id = mi.movie_id)",
                                  "Plans": [
                                    {
                                      "Node Type": "Seq Scan",
                                      "Parent Relationship": "Outer",
                                      "Parallel Aware": true,
                                      "Relation Name": "title",
                                      "Alias": "t",
                                      "Startup Cost": 0.0,
                                      "Total Cost": 42318.49,
                                      "Plan Rows": 632049,
                                      "Plan Width": 21,
                                      "Actual Startup Time": 0.025,
                                      "Actual Total Time": 95.824,
                                      "Actual Rows": 505662,
                                      "Actual Loops": 5
                                    },
                                    {
                                      "Node Type": "Hash",
                                      "Parent Relationship": "Inner",
                                      "Parallel Aware": true,
                                      "Startup Cost": 229358.34,
                                      "Total Cost": 229358.34,
                                      "Plan Rows": 20,
                                      "Plan Width": 57,
                                      "Actual Startup Time": 821.664,
                                      "Actual Total Time": 821.804,
                                      "Actual Rows": 21780,
                                      "Actual Loops": 5,
                                      "Hash Buckets": 131072,
                                      "Original Hash Buckets": 1024,
                                      "Hash Batches": 1,
                                      "Original Hash Batches": 1,
                                      "Peak Memory Usage": 8152,
                                      "Plans": [
                                        {
                                          "Node Type": "Hash Join",
                                          "Parent Relationship": "Outer",
                                          "Parallel Aware": true,
                                          "Join Type": "Inner",
                                          "Startup Cost": 214049.87,
                                          "Total Cost": 229358.34,
                                          "Plan Rows": 20,
                                          "Plan Width": 57,
                                          "Actual Startup Time": 700.951,
                                          "Actual Total Time": 788.516,
                                          "Actual Rows": 21780,
                                          "Actual Loops": 5,
                                          "Inner Unique": false,
                                          "Hash Cond": "(mi_idx.movie_id = mi.movie_id)",
                                          "Plans": [
                                            {
                                              "Node Type": "Hash Join",
                                              "Parent Relationship": "Outer",
                                              "Parallel Aware": false,
                                              "Join Type": "Inner",
                                              "Startup Cost": 2.43,
                                              "Total Cost": 15253.6,
                                              "Plan Rows": 5089,
                                              "Plan Width": 10,
                                              "Actual Startup Time": 0.085,
                                              "Actual Total Time": 62.441,
                                              "Actual Rows": 91985,
                                              "Actual Loops": 5,
                                              "Inner Unique": true,
                                              "Hash Cond": "(mi_idx.info_type_id = it2.id)",
                                              "Plans": [
                                                {
                                                  "Node Type": "Seq Scan",
                                                  "Parent Relationship": "Outer",
                                                  "Parallel Aware": true,
                                                  "Relation Name": "movie_info_idx",
                                                  "Alias": "mi_idx",
                                                  "Startup Cost": 0.0,
                                                  "Total Cost": 13685.15,
                                                  "Plan Rows": 575015,
                                                  "Plan Width": 14,
                                                  "Actual Startup Time": 0.017,
                                                  "Actual Total Time": 30.589,
                                                  "Actual Rows": 276007,
                                                  "Actual Loops": 5
                                                },
                                                {
                                                  "Node Type": "Hash",
                                                  "Parent Relationship": "Inner",
                                                  "Parallel Aware": false,
                                                  "Startup Cost": 2.41,
                                                  "Total Cost": 2.41,
                                                  "Plan Rows": 1,
                                                  "Plan Width": 4,
                                                  "Actual Startup Time": 0.026,
                                                  "Actual Total Time": 0.028,
                                                  "Actual Rows": 1,
                                                  "Actual Loops": 5,
                                                  "Hash Buckets": 1024,
                                                  "Original Hash Buckets": 1024,
                                                  "Hash Batches": 1,
                                                  "Original Hash Batches": 1,
                                                  "Peak Memory Usage": 9,
                                                  "Plans": [
                                                    {
                                                      "Node Type": "Seq Scan",
                                                      "Parent Relationship": "Outer",
                                                      "Parallel Aware": false,
                                                      "Relation Name": "info_type",
                                                      "Alias": "it2",
                                                      "Startup Cost": 0.0,
                                                      "Total Cost": 2.41,
                                                      "Plan Rows": 1,
                                                      "Plan Width": 4,
                                                      "Actual Startup Time": 0.018,
                                                      "Actual Total Time": 0.02,
                                                      "Actual Rows": 1,
                                                      "Actual Loops": 5,
                                                      "Filter": "((info)::text = 'votes'::text)",
                                                      "Rows Removed by Filter": 112
                                                    }
                                                  ]
                                                }
                                              ]
                                            },
                                            {
                                              "Node Type": "Hash",
                                              "Parent Relationship": "Inner",
                                              "Parallel Aware": true,
                                              "Startup Cost": 214042.92,
                                              "Total Cost": 214042.92,
                                              "Plan Rows": 362,
                                              "Plan Width": 47,
                                              "Actual Startup Time": 700.557,
                                              "Actual Total Time": 700.565,
                                              "Actual Rows": 41244,
                                              "Actual Loops": 5,
                                              "Hash Buckets": 262144,
                                              "Original Hash Buckets": 2048,
                                              "Hash Batches": 1,
                                              "Original Hash Batches": 1,
                                              "Peak Memory Usage": 13840,
                                              "Plans": [
                                                {
                                                  "Node Type": "Hash Join",
                                                  "Parent Relationship": "Outer",
                                                  "Parallel Aware": false,
                                                  "Join Type": "Inner",
                                                  "Startup Cost": 2.43,
                                                  "Total Cost": 214042.92,
                                                  "Plan Rows": 362,
                                                  "Plan Width": 47,
                                                  "Actual Startup Time": 600.336,
                                                  "Actual Total Time": 673.878,
                                                  "Actual Rows": 41244,
                                                  "Actual Loops": 5,
                                                  "Inner Unique": true,
                                                  "Hash Cond": "(mi.info_type_id = it1.id)",
                                                  "Plans": [
                                                    {
                                                      "Node Type": "Seq Scan",
                                                      "Parent Relationship": "Outer",
                                                      "Parallel Aware": true,
                                                      "Relation Name": "movie_info",
                                                      "Alias": "mi",
                                                      "Startup Cost": 0.0,
                                                      "Total Cost": 213929.22,
                                                      "Plan Rows": 40856,
                                                      "Plan Width": 51,
                                                      "Actual Startup Time": 411.938,
                                                      "Actual Total Time": 667.609,
                                                      "Actual Rows": 41595,
                                                      "Actual Loops": 5,
                                                      "Filter": "(info = ANY ('{Family,Horror,Thriller,Western,Action,Crime}'::text[]))",
                                                      "Rows Removed by Filter": 2925549
                                                    },
                                                    {
                                                      "Node Type": "Hash",
                                                      "Parent Relationship": "Inner",
                                                      "Parallel Aware": false,
                                                      "Startup Cost": 2.41,
                                                      "Total Cost": 2.41,
                                                      "Plan Rows": 1,
                                                      "Plan Width": 4,
                                                      "Actual Startup Time": 0.062,
                                                      "Actual Total Time": 0.065,
                                                      "Actual Rows": 1,
                                                      "Actual Loops": 5,
                                                      "Hash Buckets": 1024,
                                                      "Original Hash Buckets": 1024,
                                                      "Hash Batches": 1,
                                                      "Original Hash Batches": 1,
                                                      "Peak Memory Usage": 9,
                                                      "Plans": [
                                                        {
                                                          "Node Type": "Seq Scan",
                                                          "Parent Relationship": "Outer",
                                                          "Parallel Aware": false,
                                                          "Relation Name": "info_type",
                                                          "Alias": "it1",
                                                          "Startup Cost": 0.0,
                                                          "Total Cost": 2.41,
                                                          "Plan Rows": 1,
                                                          "Plan Width": 4,
                                                          "Actual Startup Time": 0.041,
                                                          "Actual Total Time": 0.047,
                                                          "Actual Rows": 1,
                                                          "Actual Loops": 5,
                                                          "Filter": "((info)::text = 'genres'::text)",
                                                          "Rows Removed by Filter": 112
                                                        }
                                                      ]
                                                    }
                                                  ]
                                                }
                                              ]
                                            }
                                          ]
                                        }
                                      ]
                                    }
                                  ]
                                }
                              ]
                            }
                          ]
                        }
                      ]
                    }
                  ]
                }
              ]
            }
          ]
        }
      ]
    },
    "Planning Time": 2.981,
    "Triggers": [],
    "Execution Time": 2887.933
  }
]