[
  {
    "Plan": {
      "Node Type": "Aggregate",
      "Strategy": "Plain",
      "Partial Mode": "Finalize",
      "Parallel Aware": false,
      "Startup Cost": 45078.44,
      "Total Cost": 45078.45,
      "Plan Rows": 1,
      "Plan Width": 8,
      "Actual Startup Time": 121.184,
      "Actual Total Time": 132.345,
      "Actual Rows": 1,
      "Actual Loops": 1,
      "Plans": [
        {
          "Node Type": "Gather",
          "Parent Relationship": "Outer",
          "Parallel Aware": false,
          "Startup Cost": 45078.12,
          "Total Cost": 45078.43,
          "Plan Rows": 3,
          "Plan Width": 8,
          "Actual Startup Time": 121.045,
          "Actual Total Time": 132.334,
          "Actual Rows": 4,
          "Actual Loops": 1,
          "Workers Planned": 3,
          "Workers Launched": 3,
          "Single Copy": false,
          "Plans": [
            {
              "Node Type": "Aggregate",
              "Strategy": "Plain",
              "Partial Mode": "Partial",
              "Parent Relationship": "Outer",
              "Parallel Aware": false,
              "Startup Cost": 44078.12,
              "Total Cost": 44078.13,
              "Plan Rows": 1,
              "Plan Width": 8,
              "Actual Startup Time": 117.274,
              "Actual Total Time": 117.276,
              "Actual Rows": 1,
              "Actual Loops": 4,
              "Plans": [
                {
                  "Node Type": "Seq Scan",
                  "Parent Relationship": "Outer",
                  "Parallel Aware": true,
                  "Relation Name": "movie_keyword",
                  "Alias": "mk",
                  "Startup Cost": 0.0,
                  "Total Cost": 42695.65,
                  "Plan Rows": 552986,
                  "Plan Width": 0,
                  "Actual Startup Time": 0.027,
                  "Actual Total Time": 98.63,
                  "Actual Rows": 427919,
                  "Actual Loops": 4,
                  "Filter": "(keyword_id < 2727)",
                  "Rows Removed by Filter": 703063
                }
              ]
            }
          ]
        }
      ]
    },
    "Planning Time": 0.094,
    "Triggers": [],
    "Execution Time": 132.376
  }
]