[
  {
    "Plan": {
      "Node Type": "Aggregate",
      "Strategy": "Plain",
      "Partial Mode": "Finalize",
      "Parallel Aware": false,
      "Startup Cost": 159676.66,
      "Total Cost": 159676.67,
      "Plan Rows": 1,
      "Plan Width": 8,
      "Actual Startup Time": 316.398,
      "Actual Total Time": 333.912,
      "Actual Rows": 1,
      "Actual Loops": 1,
      "Plans": [
        {
          "Node Type": "Gather",
          "Parent Relationship": "Outer",
          "Parallel Aware": false,
          "Startup Cost": 159676.13,
          "Total Cost": 159676.64,
          "Plan Rows": 5,
          "Plan Width": 8,
          "Actual Startup Time": 316.275,
          "Actual Total Time": 333.9,
          "Actual Rows": 6,
          "Actual Loops": 1,
          "Workers Planned": 5,
          "Workers Launched": 5,
          "Single Copy": false,
          "Plans": [
            {
              "Node Type": "Aggregate",
              "Strategy": "Plain",
              "Partial Mode": "Partial",
              "Parent Relationship": "Outer",
              "Parallel Aware": false,
              "Startup Cost": 158676.13,
              "Total Cost": 158676.14,
              "Plan Rows": 1,
              "Plan Width": 8,
              "Actual Startup Time": 309.343,
              "Actual Total Time": 309.344,
              "Actual Rows": 1,
              "Actual Loops": 6,
              "Plans": [
                {
                  "Node Type": "Index Scan",
                  "Parent Relationship": "Outer",
                  "Parallel Aware": true,
                  "Scan Direction": "Forward",
                  "Index Name": "role_id_cast_info",
                  "Relation Name": "cast_info",
                  "Alias": "ci",
                  "Startup Cost": 0.56,
                  "Total Cost": 155872.35,
                  "Plan Rows": 1121515,
                  "Plan Width": 0,
                  "Actual Startup Time": 0.084,
                  "Actual Total Time": 253.901,
                  "Actual Rows": 949220,
                  "Actual Loops": 6,
                  "Index Cond": "(role_id > 8)",
                  "Rows Removed by Index Recheck": 0,
                  "Filter": "(person_id > 74469)",
                  "Rows Removed by Filter": 6229
                }
              ]
            }
          ]
        }
      ]
    },
    "Planning Time": 0.151,
    "Triggers": [],
    "Execution Time": 333.966
  }
]