[
  {
    "Plan": {
      "Node Type": "Aggregate",
      "Strategy": "Plain",
      "Partial Mode": "Finalize",
      "Parallel Aware": false,
      "Startup Cost": 101790.39,
      "Total Cost": 101790.4,
      "Plan Rows": 1,
      "Plan Width": 8,
      "Actual Startup Time": 656.262,
      "Actual Total Time": 671.934,
      "Actual Rows": 1,
      "Actual Loops": 1,
      "Plans": [
        {
          "Node Type": "Gather",
          "Parent Relationship": "Outer",
          "Parallel Aware": false,
          "Startup Cost": 101790.08,
          "Total Cost": 101790.39,
          "Plan Rows": 3,
          "Plan Width": 8,
          "Actual Startup Time": 647.189,
          "Actual Total Time": 671.925,
          "Actual Rows": 4,
          "Actual Loops": 1,
          "Workers Planned": 3,
          "Workers Launched": 3,
          "Single Copy": false,
          "Plans": [
            {
              "Node Type": "Aggregate",
              "Strategy": "Plain",
              "Partial Mode": "Partial",
              "Parent Relationship": "Outer",
              "Parallel Aware": false,
              "Startup Cost": 100790.08,
              "Total Cost": 100790.09,
              "Plan Rows": 1,
              "Plan Width": 8,
              "Actual Startup Time": 637.864,
              "Actual Total Time": 638.405,
              "Actual Rows": 1,
              "Actual Loops": 4,
              "Plans": [
                {
                  "Node Type": "Hash Join",
                  "Parent Relationship": "Outer",
                  "Parallel Aware": true,
                  "Join Type": "Inner",
                  "Startup Cost": 67648.51,
                  "Total Cost": 100280.21,
                  "Plan Rows": 203947,
                  "Plan Width": 0,
                  "Actual Startup Time": 420.877,
                  "Actual Total Time": 616.092,
                  "Actual Rows": 550972,
                  "Actual Loops": 4,
                  "Inner Unique": false,
                  "Hash Cond": "(mc.movie_id = t.id)",
                  "Plans": [
                    {
                      "Node Type": "Seq Scan",
                      "Parent Relationship": "Outer",
                      "Parallel Aware": true,
                      "Relation Name": "movie_companies",
                      "Alias": "mc",
                      "Startup Cost": 0.0,
                      "Total Cost": 29310.68,
                      "Plan Rows": 658996,
                      "Plan Width": 4,
                      "Actual Startup Time": 0.204,
                      "Actual Total Time": 69.164,
                      "Actual Rows": 512319,
                      "Actual Loops": 4,
                      "Filter": "(company_id > 594)",
                      "Rows Removed by Filter": 139963
                    },
                    {
                      "Node Type": "Hash",
                      "Parent Relationship": "Inner",
                      "Parallel Aware": true,
                      "Startup Cost": 63573.19,
                      "Total Cost": 63573.19,
                      "Plan Rows": 326026,
                      "Plan Width": 8,
                      "Actual Startup Time": 415.604,
                      "Actual Total Time": 416.144,
                      "Actual Rows": 237277,
                      "Actual Loops": 4,
                      "Hash Buckets": 1048576,
                      "Original Hash Buckets": 1048576,
                      "Hash Batches": 1,
                      "Original Hash Batches": 1,
                      "Peak Memory Usage": 45376,
                      "Plans": [
                        {
                          "Node Type": "Hash Join",
                          "Parent Relationship": "Outer",
                          "Parallel Aware": true,
                          "Join Type": "Inner",
                          "Startup Cost": 48378.63,
                          "Total Cost": 63573.19,
                          "Plan Rows": 326026,
                          "Plan Width": 8,
                          "Actual Startup Time": 243.991,
                          "Actual Total Time": 353.838,
                          "Actual Rows": 237277,
                          "Actual Loops": 4,
                          "Inner Unique": true,
                          "Hash Cond": "(mi_idx.movie_id = t.id)",
                          "Plans": [
                            {
                              "Node Type": "Seq Scan",
                              "Parent Relationship": "Outer",
                              "Parallel Aware": true,
                              "Relation Name": "movie_info_idx",
                              "Alias": "mi_idx",
                              "Startup Cost": 0.0,
                              "Total Cost": 13685.15,
                              "Plan Rows": 575015,
                              "Plan Width": 4,
                              "Actual Startup Time": 0.027,
                              "Actual Total Time": 28.528,
                              "Actual Rows": 345009,
                              "Actual Loops": 4
                            },
                            {
                              "Node Type": "Hash",
                              "Parent Relationship": "Inner",
                              "Parallel Aware": true,
                              "Startup Cost": 43898.92,
                              "Total Cost": 43898.92,
                              "Plan Rows": 358377,
                              "Plan Width": 4,
                              "Actual Startup Time": 239.298,
                              "Actual Total Time": 239.299,
                              "Actual Rows": 360824,
                              "Actual Loops": 4,
                              "Hash Buckets": 2097152,
                              "Original Hash Buckets": 2097152,
                              "Hash Batches": 1,
                              "Original Hash Batches": 1,
                              "Peak Memory Usage": 72896,
                              "Plans": [
                                {
                                  "Node Type": "Seq Scan",
                                  "Parent Relationship": "Outer",
                                  "Parallel Aware": true,
                                  "Relation Name": "title",
                                  "Alias": "t",
                                  "Startup Cost": 0.0,
                                  "Total Cost": 43898.92,
                                  "Plan Rows": 358377,
                                  "Plan Width": 4,
                                  "Actual Startup Time": 0.048,
                                  "Actual Total Time": 108.327,
                                  "Actual Rows": 360824,
                                  "Actual Loops": 4,
                                  "Filter": "(production_year < 2006)",
                                  "Rows Removed by Filter": 271254
                                }
                              ]
                            }
                          ]
                        }
                      ]
                    }
                  ]
                }
              ]
            }
          ]
        }
      ]
    },
    "Planning Time": 1.362,
    "Triggers": [],
    "Execution Time": 672.01
  }
]