{
  "Plan": {
    "Node Type": "Aggregate",
    "Strategy": "Plain",
    "Partial Mode": "Simple",
    "Parallel Aware": false,
    "Startup Cost": 4957.1,
    "Total Cost": 4957.11,
    "Plan Rows": 1,
    "Plan Width": 64,
    "Actual Startup Time": 50.461,
    "Actual Total Time": 50.466,
    "Actual Rows": 1,
    "Actual Loops": 1,
    "Plans": [
      {
        "Node Type": "Nested Loop",
        "Parent Relationship": "Outer",
        "Parallel Aware": false,
        "Join Type": "Inner",
        "Startup Cost": 12.11,
        "Total Cost": 4957.09,
        "Plan Rows": 1,
        "Plan Width": 23,
        "Actual Startup Time": 50.457,
        "Actual Total Time": 50.462,
        "Actual Rows": 0,
        "Actual Loops": 1,
        "Inner Unique": true,
        "Join Filter": "(mi_idx.info_type_id = it2.id)",
        "Rows Removed by Join Filter": 0,
        "Plans": [
          {
            "Node Type": "Nested Loop",
            "Parent Relationship": "Outer",
            "Parallel Aware": false,
            "Join Type": "Inner",
            "Startup Cost": 12.11,
            "Total Cost": 4954.67,
            "Plan Rows": 1,
            "Plan Width": 27,
            "Actual Startup Time": 50.456,
            "Actual Total Time": 50.461,
            "Actual Rows": 0,
            "Actual Loops": 1,
            "Inner Unique": true,
            "Join Filter": "(t.kind_id = kt.id)",
            "Rows Removed by Join Filter": 0,
            "Plans": [
              {
                "Node Type": "Nested Loop",
                "Parent Relationship": "Outer",
                "Parallel Aware": false,
                "Join Type": "Inner",
                "Startup Cost": 12.11,
                "Total Cost": 4953.57,
                "Plan Rows": 1,
                "Plan Width": 31,
                "Actual Startup Time": 50.456,
                "Actual Total Time": 50.46,
                "Actual Rows": 0,
                "Actual Loops": 1,
                "Inner Unique": true,
                "Join Filter": "(mi.info_type_id = it1.id)",
                "Rows Removed by Join Filter": 0,
                "Plans": [
                  {
                    "Node Type": "Nested Loop",
                    "Parent Relationship": "Outer",
                    "Parallel Aware": false,
                    "Join Type": "Inner",
                    "Startup Cost": 12.11,
                    "Total Cost": 4951.14,
                    "Plan Rows": 1,
                    "Plan Width": 35,
                    "Actual Startup Time": 50.455,
                    "Actual Total Time": 50.459,
                    "Actual Rows": 0,
                    "Actual Loops": 1,
                    "Inner Unique": false,
                    "Plans": [
                      {
                        "Node Type": "Nested Loop",
                        "Parent Relationship": "Outer",
                        "Parallel Aware": false,
                        "Join Type": "Inner",
                        "Startup Cost": 11.68,
                        "Total Cost": 4949.32,
                        "Plan Rows": 1,
                        "Plan Width": 43,
                        "Actual Startup Time": 17.315,
                        "Actual Total Time": 50.352,
                        "Actual Rows": 1,
                        "Actual Loops": 1,
                        "Inner Unique": true,
                        "Plans": [
                          {
                            "Node Type": "Nested Loop",
                            "Parent Relationship": "Outer",
                            "Parallel Aware": false,
                            "Join Type": "Inner",
                            "Startup Cost": 11.25,
                            "Total Cost": 4931.42,
                            "Plan Rows": 36,
                            "Plan Width": 18,
                            "Actual Startup Time": 1.286,
                            "Actual Total Time": 49.478,
                            "Actual Rows": 71,
                            "Actual Loops": 1,
                            "Inner Unique": false,
                            "Plans": [
                              {
                                "Node Type": "Nested Loop",
                                "Parent Relationship": "Outer",
                                "Parallel Aware": false,
                                "Join Type": "Inner",
                                "Startup Cost": 10.82,
                                "Total Cost": 4897.25,
                                "Plan Rows": 67,
                                "Plan Width": 4,
                                "Actual Startup Time": 1.172,
                                "Actual Total Time": 47.005,
                                "Actual Rows": 196,
                                "Actual Loops": 1,
                                "Inner Unique": false,
                                "Plans": [
                                  {
                                    "Node Type": "Seq Scan",
                                    "Parent Relationship": "Outer",
                                    "Parallel Aware": false,
                                    "Relation Name": "keyword",
                                    "Alias": "k",
                                    "Startup Cost": 0.0,
                                    "Total Cost": 2626.12,
                                    "Plan Rows": 2,
                                    "Plan Width": 4,
                                    "Actual Startup Time": 1.113,
                                    "Actual Total Time": 30.836,
                                    "Actual Rows": 2,
                                    "Actual Loops": 1,
                                    "Filter": "(keyword = ANY ('{marvel-cinematic-universe,archeologist}'::text[]))",
                                    "Rows Removed by Filter": 134168
                                  },
                                  {
                                    "Node Type": "Bitmap Heap Scan",
                                    "Parent Relationship": "Inner",
                                    "Parallel Aware": false,
                                    "Relation Name": "movie_keyword",
                                    "Alias": "mk",
                                    "Startup Cost": 10.82,
                                    "Total Cost": 1132.48,
                                    "Plan Rows": 308,
                                    "Plan Width": 8,
                                    "Actual Startup Time": 7.699,
                                    "Actual Total Time": 8.037,
                                    "Actual Rows": 98,
                                    "Actual Loops": 2,
                                    "Recheck Cond": "(keyword_id = k.id)",
                                    "Rows Removed by Index Recheck": 0,
                                    "Exact Heap Blocks": 183,
                                    "Lossy Heap Blocks": 0,
                                    "Plans": [
                                      {
                                        "Node Type": "Bitmap Index Scan",
                                        "Parent Relationship": "Outer",
                                        "Parallel Aware": false,
                                        "Index Name": "keyword_id_movie_keyword",
                                        "Startup Cost": 0.0,
                                        "Total Cost": 10.74,
                                        "Plan Rows": 308,
                                        "Plan Width": 0,
                                        "Actual Startup Time": 7.656,
                                        "Actual Total Time": 7.656,
                                        "Actual Rows": 98,
                                        "Actual Loops": 2,
                                        "Index Cond": "(keyword_id = k.id)"
                                      }
                                    ]
                                  }
                                ]
                              },
                              {
                                "Node Type": "Index Scan",
                                "Parent Relationship": "Inner",
                                "Parallel Aware": false,
                                "Scan Direction": "Forward",
                                "Index Name": "movie_id_movie_info_idx",
                                "Relation Name": "movie_info_idx",
                                "Alias": "mi_idx",
                                "Startup Cost": 0.43,
                                "Total Cost": 0.5,
                                "Plan Rows": 1,
                                "Plan Width": 14,
                                "Actual Startup Time": 0.011,
                                "Actual Total Time": 0.012,
                                "Actual Rows": 0,
                                "Actual Loops": 196,
                                "Index Cond": "(movie_id = mk.movie_id)",
                                "Rows Removed by Index Recheck": 0,
                                "Filter": "(info > '6.9'::text)",
                                "Rows Removed by Filter": 2
                              }
                            ]
                          },
                          {
                            "Node Type": "Index Scan",
                            "Parent Relationship": "Inner",
                            "Parallel Aware": false,
                            "Scan Direction": "Forward",
                            "Index Name": "title_pkey",
                            "Relation Name": "title",
                            "Alias": "t",
                            "Startup Cost": 0.43,
                            "Total Cost": 0.5,
                            "Plan Rows": 1,
                            "Plan Width": 25,
                            "Actual Startup Time": 0.012,
                            "Actual Total Time": 0.012,
                            "Actual Rows": 0,
                            "Actual Loops": 71,
                            "Index Cond": "(id = mk.movie_id)",
                            "Rows Removed by Index Recheck": 0,
                            "Filter": "((production_year > 1969) AND ((title ~~ '%murder%'::text) OR (title ~~ '%Murder%'::text) OR (title ~~ '%Mord%'::text)))",
                            "Rows Removed by Filter": 1
                          }
                        ]
                      },
                      {
                        "Node Type": "Index Scan",
                        "Parent Relationship": "Inner",
                        "Parallel Aware": false,
                        "Scan Direction": "Forward",
                        "Index Name": "movie_id_movie_info",
                        "Relation Name": "movie_info",
                        "Alias": "mi",
                        "Startup Cost": 0.43,
                        "Total Cost": 1.8,
                        "Plan Rows": 2,
                        "Plan Width": 8,
                        "Actual Startup Time": 0.103,
                        "Actual Total Time": 0.103,
                        "Actual Rows": 0,
                        "Actual Loops": 1,
                        "Index Cond": "(movie_id = mk.movie_id)",
                        "Rows Removed by Index Recheck": 0,
                        "Filter": "(info = ANY ('{America,Germany,German,Sweden,American,Swedish,Denish,Norway,Danish,USA}'::text[]))",
                        "Rows Removed by Filter": 28
                      }
                    ]
                  },
                  {
                    "Node Type": "Seq Scan",
                    "Parent Relationship": "Inner",
                    "Parallel Aware": false,
                    "Relation Name": "info_type",
                    "Alias": "it1",
                    "Startup Cost": 0.0,
                    "Total Cost": 2.41,
                    "Plan Rows": 1,
                    "Plan Width": 4,
                    "Actual Startup Time": 0.0,
                    "Actual Total Time": 0.0,
                    "Actual Rows": 0,
                    "Actual Loops": 0,
                    "Filter": "((info)::text = 'countries'::text)",
                    "Rows Removed by Filter": 0
                  }
                ]
              },
              {
                "Node Type": "Seq Scan",
                "Parent Relationship": "Inner",
                "Parallel Aware": false,
                "Relation Name": "kind_type",
                "Alias": "kt",
                "Startup Cost": 0.0,
                "Total Cost": 1.09,
                "Plan Rows": 1,
                "Plan Width": 4,
                "Actual Startup Time": 0.0,
                "Actual Total Time": 0.0,
                "Actual Rows": 0,
                "Actual Loops": 0,
                "Filter": "((kind)::text = 'episode'::text)",
                "Rows Removed by Filter": 0
              }
            ]
          },
          {
            "Node Type": "Seq Scan",
            "Parent Relationship": "Inner",
            "Parallel Aware": false,
            "Relation Name": "info_type",
            "Alias": "it2",
            "Startup Cost": 0.0,
            "Total Cost": 2.41,
            "Plan Rows": 1,
            "Plan Width": 4,
            "Actual Startup Time": 0.0,
            "Actual Total Time": 0.0,
            "Actual Rows": 0,
            "Actual Loops": 0,
            "Filter": "((info)::text = 'rating'::text)",
            "Rows Removed by Filter": 0
          }
        ]
      }
    ]
  },
  "Planning Time": 2.503,
  "Triggers": [],
  "Execution Time": 50.612
}