{
  "Plan": {
    "Node Type": "Aggregate",
    "Strategy": "Plain",
    "Partial Mode": "Finalize",
    "Parallel Aware": false,
    "Startup Cost": 88207.72,
    "Total Cost": 88207.73,
    "Plan Rows": 1,
    "Plan Width": 8,
    "Actual Startup Time": 335.066,
    "Actual Total Time": 367.886,
    "Actual Rows": 1,
    "Actual Loops": 1,
    "Plans": [
      {
        "Node Type": "Gather",
        "Parent Relationship": "Outer",
        "Parallel Aware": false,
        "Startup Cost": 88207.6,
        "Total Cost": 88207.71,
        "Plan Rows": 1,
        "Plan Width": 8,
        "Actual Startup Time": 335.021,
        "Actual Total Time": 367.879,
        "Actual Rows": 2,
        "Actual Loops": 1,
        "Workers Planned": 1,
        "Workers Launched": 1,
        "Single Copy": false,
        "Plans": [
          {
            "Node Type": "Aggregate",
            "Strategy": "Plain",
            "Partial Mode": "Partial",
            "Parent Relationship": "Outer",
            "Parallel Aware": false,
            "Startup Cost": 87207.6,
            "Total Cost": 87207.61,
            "Plan Rows": 1,
            "Plan Width": 8,
            "Actual Startup Time": 328.96,
            "Actual Total Time": 328.963,
            "Actual Rows": 1,
            "Actual Loops": 2,
            "Plans": [
              {
                "Node Type": "Nested Loop",
                "Parent Relationship": "Outer",
                "Parallel Aware": false,
                "Join Type": "Inner",
                "Startup Cost": 54756.14,
                "Total Cost": 87198.04,
                "Plan Rows": 3826,
                "Plan Width": 0,
                "Actual Startup Time": 141.506,
                "Actual Total Time": 328.342,
                "Actual Rows": 7778,
                "Actual Loops": 2,
                "Inner Unique": false,
                "Join Filter": "(t.id = mi.movie_id)",
                "Rows Removed by Join Filter": 0,
                "Plans": [
                  {
                    "Node Type": "Hash Join",
                    "Parent Relationship": "Outer",
                    "Parallel Aware": true,
                    "Join Type": "Inner",
                    "Startup Cost": 54755.7,
                    "Total Cost": 72939.49,
                    "Plan Rows": 7306,
                    "Plan Width": 8,
                    "Actual Startup Time": 141.223,
                    "Actual Total Time": 243.017,
                    "Actual Rows": 8482,
                    "Actual Loops": 2,
                    "Inner Unique": true,
                    "Hash Cond": "(mi_idx.movie_id = t.id)",
                    "Plans": [
                      {
                        "Node Type": "Seq Scan",
                        "Parent Relationship": "Outer",
                        "Parallel Aware": true,
                        "Relation Name": "movie_info_idx",
                        "Alias": "mi_idx",
                        "Startup Cost": 0.0,
                        "Total Cost": 16052.85,
                        "Plan Rows": 811785,
                        "Plan Width": 4,
                        "Actual Startup Time": 0.018,
                        "Actual Total Time": 47.088,
                        "Actual Rows": 690018,
                        "Actual Loops": 2
                      },
                      {
                        "Node Type": "Hash",
                        "Parent Relationship": "Inner",
                        "Parallel Aware": true,
                        "Startup Cost": 54588.39,
                        "Total Cost": 54588.39,
                        "Plan Rows": 13385,
                        "Plan Width": 4,
                        "Actual Startup Time": 139.75,
                        "Actual Total Time": 139.751,
                        "Actual Rows": 11520,
                        "Actual Loops": 2,
                        "Hash Buckets": 32768,
                        "Original Hash Buckets": 32768,
                        "Hash Batches": 1,
                        "Original Hash Batches": 1,
                        "Peak Memory Usage": 1184,
                        "Plans": [
                          {
                            "Node Type": "Seq Scan",
                            "Parent Relationship": "Outer",
                            "Parallel Aware": true,
                            "Relation Name": "title",
                            "Alias": "t",
                            "Startup Cost": 0.0,
                            "Total Cost": 54588.39,
                            "Plan Rows": 13385,
                            "Plan Width": 4,
                            "Actual Startup Time": 0.056,
                            "Actual Total Time": 135.42,
                            "Actual Rows": 11520,
                            "Actual Loops": 2,
                            "Filter": "(production_year = 1990)",
                            "Rows Removed by Filter": 1252636
                          }
                        ]
                      }
                    ]
                  },
                  {
                    "Node Type": "Index Scan",
                    "Parent Relationship": "Inner",
                    "Parallel Aware": false,
                    "Scan Direction": "Forward",
                    "Index Name": "movie_id_movie_info",
                    "Relation Name": "movie_info",
                    "Alias": "mi",
                    "Startup Cost": 0.43,
                    "Total Cost": 1.9,
                    "Plan Rows": 4,
                    "Plan Width": 4,
                    "Actual Startup Time": 0.009,
                    "Actual Total Time": 0.01,
                    "Actual Rows": 1,
                    "Actual Loops": 16963,
                    "Index Cond": "(movie_id = mi_idx.movie_id)",
                    "Rows Removed by Index Recheck": 0,
                    "Filter": "(info_type_id = 8)",
                    "Rows Removed by Filter": 14
                  }
                ]
              }
            ]
          }
        ]
      }
    ]
  },
  "Planning Time": 0.861,
  "Triggers": [],
  "Execution Time": 368.01
}