{
  "Plan": {
    "Node Type": "Aggregate",
    "Strategy": "Plain",
    "Partial Mode": "Finalize",
    "Parallel Aware": false,
    "Startup Cost": 247893.19,
    "Total Cost": 247893.2,
    "Plan Rows": 1,
    "Plan Width": 8,
    "Actual Startup Time": 786.877,
    "Actual Total Time": 814.458,
    "Actual Rows": 1,
    "Actual Loops": 1,
    "Plans": [
      {
        "Node Type": "Gather",
        "Parent Relationship": "Outer",
        "Parallel Aware": false,
        "Startup Cost": 247893.07,
        "Total Cost": 247893.18,
        "Plan Rows": 1,
        "Plan Width": 8,
        "Actual Startup Time": 785.453,
        "Actual Total Time": 814.449,
        "Actual Rows": 2,
        "Actual Loops": 1,
        "Workers Planned": 1,
        "Workers Launched": 1,
        "Single Copy": false,
        "Plans": [
          {
            "Node Type": "Aggregate",
            "Strategy": "Plain",
            "Partial Mode": "Partial",
            "Parent Relationship": "Outer",
            "Parallel Aware": false,
            "Startup Cost": 246893.07,
            "Total Cost": 246893.08,
            "Plan Rows": 1,
            "Plan Width": 8,
            "Actual Startup Time": 779.465,
            "Actual Total Time": 779.469,
            "Actual Rows": 1,
            "Actual Loops": 2,
            "Plans": [
              {
                "Node Type": "Hash Join",
                "Parent Relationship": "Outer",
                "Parallel Aware": true,
                "Join Type": "Inner",
                "Startup Cost": 62106.92,
                "Total Cost": 246849.66,
                "Plan Rows": 17365,
                "Plan Width": 0,
                "Actual Startup Time": 533.751,
                "Actual Total Time": 777.155,
                "Actual Rows": 40835,
                "Actual Loops": 2,
                "Inner Unique": true,
                "Hash Cond": "(ci.movie_id = t.id)",
                "Plans": [
                  {
                    "Node Type": "Index Scan",
                    "Parent Relationship": "Outer",
                    "Parallel Aware": true,
                    "Scan Direction": "Forward",
                    "Index Name": "role_id_cast_info",
                    "Relation Name": "cast_info",
                    "Alias": "ci",
                    "Startup Cost": 0.56,
                    "Total Cost": 184520.29,
                    "Plan Rows": 84958,
                    "Plan Width": 4,
                    "Actual Startup Time": 303.87,
                    "Actual Total Time": 447.381,
                    "Actual Rows": 440079,
                    "Actual Loops": 2,
                    "Index Cond": "(role_id > 8)",
                    "Rows Removed by Index Recheck": 0,
                    "Filter": "(person_id > 3892736)",
                    "Rows Removed by Filter": 2426268
                  },
                  {
                    "Node Type": "Hash",
                    "Parent Relationship": "Inner",
                    "Parallel Aware": true,
                    "Startup Cost": 58306.47,
                    "Total Cost": 58306.47,
                    "Plan Rows": 303991,
                    "Plan Width": 4,
                    "Actual Startup Time": 223.491,
                    "Actual Total Time": 223.493,
                    "Actual Rows": 193080,
                    "Actual Loops": 2,
                    "Hash Buckets": 524288,
                    "Original Hash Buckets": 524288,
                    "Hash Batches": 1,
                    "Original Hash Batches": 1,
                    "Peak Memory Usage": 19264,
                    "Plans": [
                      {
                        "Node Type": "Seq Scan",
                        "Parent Relationship": "Outer",
                        "Parallel Aware": true,
                        "Relation Name": "title",
                        "Alias": "t",
                        "Startup Cost": 0.0,
                        "Total Cost": 58306.47,
                        "Plan Rows": 303991,
                        "Plan Width": 4,
                        "Actual Startup Time": 0.031,
                        "Actual Total Time": 169.157,
                        "Actual Rows": 193080,
                        "Actual Loops": 2,
                        "Filter": "((kind_id > 1) AND (production_year < 1991))",
                        "Rows Removed by Filter": 1071076
                      }
                    ]
                  }
                ]
              }
            ]
          }
        ]
      }
    ]
  },
  "Planning Time": 0.516,
  "Triggers": [],
  "Execution Time": 814.557
}