[
  {
    "Plan": {
      "Node Type": "Aggregate",
      "Strategy": "Plain",
      "Partial Mode": "Finalize",
      "Parallel Aware": false,
      "Startup Cost": 45949.8,
      "Total Cost": 45949.81,
      "Plan Rows": 1,
      "Plan Width": 8,
      "Actual Startup Time": 160.965,
      "Actual Total Time": 171.008,
      "Actual Rows": 1,
      "Actual Loops": 1,
      "Plans": [
        {
          "Node Type": "Gather",
          "Parent Relationship": "Outer",
          "Parallel Aware": false,
          "Startup Cost": 45949.48,
          "Total Cost": 45949.79,
          "Plan Rows": 3,
          "Plan Width": 8,
          "Actual Startup Time": 160.86,
          "Actual Total Time": 171.0,
          "Actual Rows": 4,
          "Actual Loops": 1,
          "Workers Planned": 3,
          "Workers Launched": 3,
          "Single Copy": false,
          "Plans": [
            {
              "Node Type": "Aggregate",
              "Strategy": "Plain",
              "Partial Mode": "Partial",
              "Parent Relationship": "Outer",
              "Parallel Aware": false,
              "Startup Cost": 44949.48,
              "Total Cost": 44949.49,
              "Plan Rows": 1,
              "Plan Width": 8,
              "Actual Startup Time": 152.446,
              "Actual Total Time": 152.447,
              "Actual Rows": 1,
              "Actual Loops": 4,
              "Plans": [
                {
                  "Node Type": "Seq Scan",
                  "Parent Relationship": "Outer",
                  "Parallel Aware": true,
                  "Relation Name": "movie_keyword",
                  "Alias": "mk",
                  "Startup Cost": 0.0,
                  "Total Cost": 42695.65,
                  "Plan Rows": 901531,
                  "Plan Width": 0,
                  "Actual Startup Time": 0.478,
                  "Actual Total Time": 119.035,
                  "Actual Rows": 695770,
                  "Actual Loops": 4,
                  "Filter": "(keyword_id > 2843)",
                  "Rows Removed by Filter": 435212
                }
              ]
            }
          ]
        }
      ]
    },
    "Planning Time": 0.162,
    "Triggers": [],
    "Execution Time": 171.058
  }
]