[
  {
    "Plan": {
      "Node Type": "Aggregate",
      "Strategy": "Plain",
      "Partial Mode": "Finalize",
      "Parallel Aware": false,
      "Startup Cost": 95112.34,
      "Total Cost": 95112.35,
      "Plan Rows": 1,
      "Plan Width": 8,
      "Actual Startup Time": 468.657,
      "Actual Total Time": 483.415,
      "Actual Rows": 1,
      "Actual Loops": 1,
      "Plans": [
        {
          "Node Type": "Gather",
          "Parent Relationship": "Outer",
          "Parallel Aware": false,
          "Startup Cost": 95112.03,
          "Total Cost": 95112.34,
          "Plan Rows": 3,
          "Plan Width": 8,
          "Actual Startup Time": 462.81,
          "Actual Total Time": 483.407,
          "Actual Rows": 4,
          "Actual Loops": 1,
          "Workers Planned": 3,
          "Workers Launched": 3,
          "Single Copy": false,
          "Plans": [
            {
              "Node Type": "Aggregate",
              "Strategy": "Plain",
              "Partial Mode": "Partial",
              "Parent Relationship": "Outer",
              "Parallel Aware": false,
              "Startup Cost": 94112.03,
              "Total Cost": 94112.04,
              "Plan Rows": 1,
              "Plan Width": 8,
              "Actual Startup Time": 455.726,
              "Actual Total Time": 455.73,
              "Actual Rows": 1,
              "Actual Loops": 4,
              "Plans": [
                {
                  "Node Type": "Hash Join",
                  "Parent Relationship": "Outer",
                  "Parallel Aware": true,
                  "Join Type": "Inner",
                  "Startup Cost": 47636.2,
                  "Total Cost": 92938.11,
                  "Plan Rows": 469566,
                  "Plan Width": 0,
                  "Actual Startup Time": 224.808,
                  "Actual Total Time": 444.044,
                  "Actual Rows": 265194,
                  "Actual Loops": 4,
                  "Inner Unique": true,
                  "Hash Cond": "(mk.movie_id = t.id)",
                  "Plans": [
                    {
                      "Node Type": "Seq Scan",
                      "Parent Relationship": "Outer",
                      "Parallel Aware": true,
                      "Relation Name": "movie_keyword",
                      "Alias": "mk",
                      "Startup Cost": 0.0,
                      "Total Cost": 42695.65,
                      "Plan Rows": 992861,
                      "Plan Width": 4,
                      "Actual Startup Time": 0.036,
                      "Actual Total Time": 113.705,
                      "Actual Rows": 771272,
                      "Actual Loops": 4,
                      "Filter": "(keyword_id < 11617)",
                      "Rows Removed by Filter": 359710
                    },
                    {
                      "Node Type": "Hash",
                      "Parent Relationship": "Inner",
                      "Parallel Aware": true,
                      "Startup Cost": 43899.32,
                      "Total Cost": 43899.32,
                      "Plan Rows": 298950,
                      "Plan Width": 4,
                      "Actual Startup Time": 219.824,
                      "Actual Total Time": 219.825,
                      "Actual Rows": 298130,
                      "Actual Loops": 4,
                      "Hash Buckets": 2097152,
                      "Original Hash Buckets": 2097152,
                      "Hash Batches": 1,
                      "Original Hash Batches": 1,
                      "Peak Memory Usage": 63104,
                      "Plans": [
                        {
                          "Node Type": "Seq Scan",
                          "Parent Relationship": "Outer",
                          "Parallel Aware": true,
                          "Relation Name": "title",
                          "Alias": "t",
                          "Startup Cost": 0.0,
                          "Total Cost": 43899.32,
                          "Plan Rows": 298950,
                          "Plan Width": 4,
                          "Actual Startup Time": 0.042,
                          "Actual Total Time": 108.272,
                          "Actual Rows": 298130,
                          "Actual Loops": 4,
                          "Filter": "(production_year > 2003)",
                          "Rows Removed by Filter": 333948
                        }
                      ]
                    }
                  ]
                }
              ]
            }
          ]
        }
      ]
    },
    "Planning Time": 0.303,
    "Triggers": [],
    "Execution Time": 483.453
  }
]