[
  {
    "Plan": {
      "Node Type": "Aggregate",
      "Strategy": "Plain",
      "Partial Mode": "Finalize",
      "Parallel Aware": false,
      "Startup Cost": 450375.56,
      "Total Cost": 450375.57,
      "Plan Rows": 1,
      "Plan Width": 8,
      "Actual Startup Time": 4889.656,
      "Actual Total Time": 4952.432,
      "Actual Rows": 1,
      "Actual Loops": 1,
      "Plans": [
        {
          "Node Type": "Gather",
          "Parent Relationship": "Outer",
          "Parallel Aware": false,
          "Startup Cost": 450374.94,
          "Total Cost": 450375.55,
          "Plan Rows": 6,
          "Plan Width": 8,
          "Actual Startup Time": 4877.706,
          "Actual Total Time": 4952.42,
          "Actual Rows": 7,
          "Actual Loops": 1,
          "Workers Planned": 6,
          "Workers Launched": 6,
          "Single Copy": false,
          "Plans": [
            {
              "Node Type": "Aggregate",
              "Strategy": "Plain",
              "Partial Mode": "Partial",
              "Parent Relationship": "Outer",
              "Parallel Aware": false,
              "Startup Cost": 449374.94,
              "Total Cost": 449374.95,
              "Plan Rows": 1,
              "Plan Width": 8,
              "Actual Startup Time": 4867.379,
              "Actual Total Time": 4868.042,
              "Actual Rows": 1,
              "Actual Loops": 7,
              "Plans": [
                {
                  "Node Type": "Hash Join",
                  "Parent Relationship": "Outer",
                  "Parallel Aware": true,
                  "Join Type": "Inner",
                  "Startup Cost": 97139.16,
                  "Total Cost": 442182.95,
                  "Plan Rows": 2876793,
                  "Plan Width": 0,
                  "Actual Startup Time": 535.423,
                  "Actual Total Time": 4009.914,
                  "Actual Rows": 19053277,
                  "Actual Loops": 7,
                  "Inner Unique": false,
                  "Hash Cond": "(ci.movie_id = t.id)",
                  "Plans": [
                    {
                      "Node Type": "Seq Scan",
                      "Parent Relationship": "Outer",
                      "Parallel Aware": true,
                      "Relation Name": "cast_info",
                      "Alias": "ci",
                      "Startup Cost": 0.0,
                      "Total Cost": 313106.51,
                      "Plan Rows": 6041951,
                      "Plan Width": 4,
                      "Actual Startup Time": 0.037,
                      "Actual Total Time": 556.186,
                      "Actual Rows": 5177763,
                      "Actual Loops": 7
                    },
                    {
                      "Node Type": "Hash",
                      "Parent Relationship": "Inner",
                      "Parallel Aware": true,
                      "Startup Cost": 92284.84,
                      "Total Cost": 92284.84,
                      "Plan Rows": 388346,
                      "Plan Width": 8,
                      "Actual Startup Time": 531.96,
                      "Actual Total Time": 532.621,
                      "Actual Rows": 378719,
                      "Actual Loops": 7,
                      "Hash Buckets": 4194304,
                      "Original Hash Buckets": 2097152,
                      "Hash Batches": 1,
                      "Original Hash Batches": 1,
                      "Peak Memory Usage": 152960,
                      "Plans": [
                        {
                          "Node Type": "Hash Join",
                          "Parent Relationship": "Outer",
                          "Parallel Aware": true,
                          "Join Type": "Inner",
                          "Startup Cost": 46941.6,
                          "Total Cost": 92284.84,
                          "Plan Rows": 388346,
                          "Plan Width": 8,
                          "Actual Startup Time": 150.496,
                          "Actual Total Time": 327.683,
                          "Actual Rows": 378719,
                          "Actual Loops": 7,
                          "Inner Unique": true,
                          "Hash Cond": "(mk.movie_id = t.id)",
                          "Plans": [
                            {
                              "Node Type": "Seq Scan",
                              "Parent Relationship": "Outer",
                              "Parallel Aware": true,
                              "Relation Name": "movie_keyword",
                              "Alias": "mk",
                              "Startup Cost": 0.0,
                              "Total Cost": 42695.65,
                              "Plan Rows": 1008605,
                              "Plan Width": 4,
                              "Actual Startup Time": 0.036,
                              "Actual Total Time": 83.003,
                              "Actual Rows": 447064,
                              "Actual Loops": 7,
                              "Filter": "(keyword_id < 12015)",
                              "Rows Removed by Filter": 199212
                            },
                            {
                              "Node Type": "Hash",
                              "Parent Relationship": "Inner",
                              "Parallel Aware": true,
                              "Startup Cost": 43899.32,
                              "Total Cost": 43899.32,
                              "Plan Rows": 243382,
                              "Plan Width": 4,
                              "Actual Startup Time": 149.348,
                              "Actual Total Time": 149.35,
                              "Actual Rows": 138921,
                              "Actual Loops": 7,
                              "Hash Buckets": 1048576,
                              "Original Hash Buckets": 1048576,
                              "Hash Batches": 1,
                              "Original Hash Batches": 1,
                              "Peak Memory Usage": 46368,
                              "Plans": [
                                {
                                  "Node Type": "Seq Scan",
                                  "Parent Relationship": "Outer",
                                  "Parallel Aware": true,
                                  "Relation Name": "title",
                                  "Alias": "t",
                                  "Startup Cost": 0.0,
                                  "Total Cost": 43899.32,
                                  "Plan Rows": 243382,
                                  "Plan Width": 4,
                                  "Actual Startup Time": 0.055,
                                  "Actual Total Time": 82.94,
                                  "Actual Rows": 138921,
                                  "Actual Loops": 7,
                                  "Filter": "(kind_id < 6)",
                                  "Rows Removed by Filter": 222266
                                }
                              ]
                            }
                          ]
                        }
                      ]
                    }
                  ]
                }
              ]
            }
          ]
        }
      ]
    },
    "Planning Time": 1.049,
    "Triggers": [],
    "Execution Time": 4952.489
  }
]