{
  "Plan": {
    "Node Type": "Aggregate",
    "Strategy": "Plain",
    "Partial Mode": "Finalize",
    "Parallel Aware": false,
    "Startup Cost": 1482729.62,
    "Total Cost": 1482729.63,
    "Plan Rows": 1,
    "Plan Width": 8,
    "Actual Startup Time": 3972.528,
    "Actual Total Time": 4023.7,
    "Actual Rows": 1,
    "Actual Loops": 1,
    "Plans": [
      {
        "Node Type": "Gather",
        "Parent Relationship": "Outer",
        "Parallel Aware": false,
        "Startup Cost": 1482729.51,
        "Total Cost": 1482729.62,
        "Plan Rows": 1,
        "Plan Width": 8,
        "Actual Startup Time": 3972.422,
        "Actual Total Time": 4023.683,
        "Actual Rows": 2,
        "Actual Loops": 1,
        "Workers Planned": 1,
        "Workers Launched": 1,
        "Single Copy": false,
        "Plans": [
          {
            "Node Type": "Aggregate",
            "Strategy": "Plain",
            "Partial Mode": "Partial",
            "Parent Relationship": "Outer",
            "Parallel Aware": false,
            "Startup Cost": 1481729.51,
            "Total Cost": 1481729.52,
            "Plan Rows": 1,
            "Plan Width": 8,
            "Actual Startup Time": 3966.225,
            "Actual Total Time": 3966.227,
            "Actual Rows": 1,
            "Actual Loops": 2,
            "Plans": [
              {
                "Node Type": "Merge Join",
                "Parent Relationship": "Outer",
                "Parallel Aware": false,
                "Join Type": "Inner",
                "Startup Cost": 22.13,
                "Total Cost": 1466034.32,
                "Plan Rows": 6278078,
                "Plan Width": 0,
                "Actual Startup Time": 7.059,
                "Actual Total Time": 3861.766,
                "Actual Rows": 2273028,
                "Actual Loops": 2,
                "Inner Unique": false,
                "Merge Cond": "(mi.movie_id = t.id)",
                "Plans": [
                  {
                    "Node Type": "Index Only Scan",
                    "Parent Relationship": "Outer",
                    "Parallel Aware": true,
                    "Scan Direction": "Forward",
                    "Index Name": "movie_id_movie_info",
                    "Relation Name": "movie_info",
                    "Alias": "mi",
                    "Startup Cost": 0.43,
                    "Total Cost": 1018223.42,
                    "Plan Rows": 8696274,
                    "Plan Width": 4,
                    "Actual Startup Time": 0.102,
                    "Actual Total Time": 773.564,
                    "Actual Rows": 2365869,
                    "Actual Loops": 2,
                    "Heap Fetches": 4731738
                  },
                  {
                    "Node Type": "Materialize",
                    "Parent Relationship": "Inner",
                    "Parallel Aware": false,
                    "Startup Cost": 14.65,
                    "Total Cost": 336719.41,
                    "Plan Rows": 1825244,
                    "Plan Width": 8,
                    "Actual Startup Time": 1.049,
                    "Actual Total Time": 2708.983,
                    "Actual Rows": 2500512,
                    "Actual Loops": 2,
                    "Plans": [
                      {
                        "Node Type": "Merge Join",
                        "Parent Relationship": "Outer",
                        "Parallel Aware": false,
                        "Join Type": "Inner",
                        "Startup Cost": 14.65,
                        "Total Cost": 332156.3,
                        "Plan Rows": 1825244,
                        "Plan Width": 8,
                        "Actual Startup Time": 1.038,
                        "Actual Total Time": 2551.951,
                        "Actual Rows": 454977,
                        "Actual Loops": 2,
                        "Inner Unique": true,
                        "Merge Cond": "(mk.movie_id = t.id)",
                        "Plans": [
                          {
                            "Node Type": "Index Only Scan",
                            "Parent Relationship": "Outer",
                            "Parallel Aware": false,
                            "Scan Direction": "Forward",
                            "Index Name": "movie_id_movie_keyword",
                            "Relation Name": "movie_keyword",
                            "Alias": "mk",
                            "Startup Cost": 0.43,
                            "Total Cost": 177188.06,
                            "Plan Rows": 4523930,
                            "Plan Width": 4,
                            "Actual Startup Time": 0.16,
                            "Actual Total Time": 958.896,
                            "Actual Rows": 4523930,
                            "Actual Loops": 2,
                            "Heap Fetches": 9047860
                          },
                          {
                            "Node Type": "Index Scan",
                            "Parent Relationship": "Inner",
                            "Parallel Aware": false,
                            "Scan Direction": "Forward",
                            "Index Name": "title_pkey",
                            "Relation Name": "title",
                            "Alias": "t",
                            "Startup Cost": 0.43,
                            "Total Cost": 122981.43,
                            "Plan Rows": 1020076,
                            "Plan Width": 4,
                            "Actual Startup Time": 0.132,
                            "Actual Total Time": 1283.199,
                            "Actual Rows": 1117980,
                            "Actual Loops": 2,
                            "Filter": "((production_year > 1993) AND (kind_id = 7))",
                            "Rows Removed by Filter": 1408883
                          }
                        ]
                      }
                    ]
                  }
                ]
              }
            ]
          }
        ]
      }
    ]
  },
  "Planning Time": 1.087,
  "Triggers": [],
  "Execution Time": 4023.81
}