[
  {
    "Plan": {
      "Node Type": "Aggregate",
      "Strategy": "Plain",
      "Partial Mode": "Finalize",
      "Parallel Aware": false,
      "Startup Cost": 45914.44,
      "Total Cost": 45914.45,
      "Plan Rows": 1,
      "Plan Width": 8,
      "Actual Startup Time": 173.074,
      "Actual Total Time": 182.562,
      "Actual Rows": 1,
      "Actual Loops": 1,
      "Plans": [
        {
          "Node Type": "Gather",
          "Parent Relationship": "Outer",
          "Parallel Aware": false,
          "Startup Cost": 45914.12,
          "Total Cost": 45914.43,
          "Plan Rows": 3,
          "Plan Width": 8,
          "Actual Startup Time": 172.896,
          "Actual Total Time": 182.554,
          "Actual Rows": 4,
          "Actual Loops": 1,
          "Workers Planned": 3,
          "Workers Launched": 3,
          "Single Copy": false,
          "Plans": [
            {
              "Node Type": "Aggregate",
              "Strategy": "Plain",
              "Partial Mode": "Partial",
              "Parent Relationship": "Outer",
              "Parallel Aware": false,
              "Startup Cost": 44914.12,
              "Total Cost": 44914.13,
              "Plan Rows": 1,
              "Plan Width": 8,
              "Actual Startup Time": 167.199,
              "Actual Total Time": 167.2,
              "Actual Rows": 1,
              "Actual Loops": 4,
              "Plans": [
                {
                  "Node Type": "Seq Scan",
                  "Parent Relationship": "Outer",
                  "Parallel Aware": true,
                  "Relation Name": "movie_keyword",
                  "Alias": "mk",
                  "Startup Cost": 0.0,
                  "Total Cost": 42695.65,
                  "Plan Rows": 887388,
                  "Plan Width": 0,
                  "Actual Startup Time": 0.233,
                  "Actual Total Time": 131.296,
                  "Actual Rows": 685882,
                  "Actual Loops": 4,
                  "Filter": "(keyword_id > 2881)",
                  "Rows Removed by Filter": 445101
                }
              ]
            }
          ]
        }
      ]
    },
    "Planning Time": 0.158,
    "Triggers": [],
    "Execution Time": 182.615
  }
]