[
  {
    "Plan": {
      "Node Type": "Aggregate",
      "Strategy": "Plain",
      "Partial Mode": "Finalize",
      "Parallel Aware": false,
      "Startup Cost": 351078.37,
      "Total Cost": 351078.38,
      "Plan Rows": 1,
      "Plan Width": 8,
      "Actual Startup Time": 776.495,
      "Actual Total Time": 831.524,
      "Actual Rows": 1,
      "Actual Loops": 1,
      "Plans": [
        {
          "Node Type": "Gather",
          "Parent Relationship": "Outer",
          "Parallel Aware": false,
          "Startup Cost": 351077.74,
          "Total Cost": 351078.35,
          "Plan Rows": 6,
          "Plan Width": 8,
          "Actual Startup Time": 776.371,
          "Actual Total Time": 831.505,
          "Actual Rows": 7,
          "Actual Loops": 1,
          "Workers Planned": 6,
          "Workers Launched": 6,
          "Single Copy": false,
          "Plans": [
            {
              "Node Type": "Aggregate",
              "Strategy": "Plain",
              "Partial Mode": "Partial",
              "Parent Relationship": "Outer",
              "Parallel Aware": false,
              "Startup Cost": 350077.74,
              "Total Cost": 350077.76,
              "Plan Rows": 1,
              "Plan Width": 8,
              "Actual Startup Time": 766.805,
              "Actual Total Time": 766.806,
              "Actual Rows": 1,
              "Actual Loops": 7,
              "Plans": [
                {
                  "Node Type": "Seq Scan",
                  "Parent Relationship": "Outer",
                  "Parallel Aware": true,
                  "Relation Name": "cast_info",
                  "Alias": "ci",
                  "Startup Cost": 0.0,
                  "Total Cost": 343257.03,
                  "Plan Rows": 2728286,
                  "Plan Width": 0,
                  "Actual Startup Time": 343.368,
                  "Actual Total Time": 672.288,
                  "Actual Rows": 2296273,
                  "Actual Loops": 7,
                  "Filter": "((person_id < 4054593) AND (role_id > 2))",
                  "Rows Removed by Filter": 2881490
                }
              ]
            }
          ]
        }
      ]
    },
    "Planning Time": 0.283,
    "Triggers": [],
    "Execution Time": 831.596
  }
]