[
  {
    "Plan": {
      "Node Type": "Aggregate",
      "Strategy": "Plain",
      "Partial Mode": "Finalize",
      "Parallel Aware": false,
      "Startup Cost": 33431.04,
      "Total Cost": 33431.05,
      "Plan Rows": 1,
      "Plan Width": 8,
      "Actual Startup Time": 144.194,
      "Actual Total Time": 155.243,
      "Actual Rows": 1,
      "Actual Loops": 1,
      "Plans": [
        {
          "Node Type": "Gather",
          "Parent Relationship": "Outer",
          "Parallel Aware": false,
          "Startup Cost": 33430.72,
          "Total Cost": 33431.03,
          "Plan Rows": 3,
          "Plan Width": 8,
          "Actual Startup Time": 144.057,
          "Actual Total Time": 155.233,
          "Actual Rows": 4,
          "Actual Loops": 1,
          "Workers Planned": 3,
          "Workers Launched": 3,
          "Single Copy": false,
          "Plans": [
            {
              "Node Type": "Aggregate",
              "Strategy": "Plain",
              "Partial Mode": "Partial",
              "Parent Relationship": "Outer",
              "Parallel Aware": false,
              "Startup Cost": 32430.72,
              "Total Cost": 32430.73,
              "Plan Rows": 1,
              "Plan Width": 8,
              "Actual Startup Time": 135.31,
              "Actual Total Time": 135.311,
              "Actual Rows": 1,
              "Actual Loops": 4,
              "Plans": [
                {
                  "Node Type": "Seq Scan",
                  "Parent Relationship": "Outer",
                  "Parallel Aware": true,
                  "Relation Name": "movie_companies",
                  "Alias": "mc",
                  "Startup Cost": 0.0,
                  "Total Cost": 31414.82,
                  "Plan Rows": 406361,
                  "Plan Width": 0,
                  "Actual Startup Time": 57.286,
                  "Actual Total Time": 114.069,
                  "Actual Rows": 328036,
                  "Actual Loops": 4,
                  "Filter": "((company_id > 19) AND (company_type_id > 1))",
                  "Rows Removed by Filter": 324246
                }
              ]
            }
          ]
        }
      ]
    },
    "Planning Time": 0.259,
    "Triggers": [],
    "Execution Time": 155.303
  }
]