[
  {
    "Plan": {
      "Node Type": "Aggregate",
      "Strategy": "Plain",
      "Partial Mode": "Finalize",
      "Parallel Aware": false,
      "Startup Cost": 356956.25,
      "Total Cost": 356956.26,
      "Plan Rows": 1,
      "Plan Width": 8,
      "Actual Startup Time": 1839.636,
      "Actual Total Time": 1856.863,
      "Actual Rows": 1,
      "Actual Loops": 1,
      "Plans": [
        {
          "Node Type": "Gather",
          "Parent Relationship": "Outer",
          "Parallel Aware": false,
          "Startup Cost": 356956.03,
          "Total Cost": 356956.24,
          "Plan Rows": 2,
          "Plan Width": 8,
          "Actual Startup Time": 1833.38,
          "Actual Total Time": 1856.855,
          "Actual Rows": 3,
          "Actual Loops": 1,
          "Workers Planned": 2,
          "Workers Launched": 2,
          "Single Copy": false,
          "Plans": [
            {
              "Node Type": "Aggregate",
              "Strategy": "Plain",
              "Partial Mode": "Partial",
              "Parent Relationship": "Outer",
              "Parallel Aware": false,
              "Startup Cost": 355956.03,
              "Total Cost": 355956.04,
              "Plan Rows": 1,
              "Plan Width": 8,
              "Actual Startup Time": 1827.06,
              "Actual Total Time": 1827.065,
              "Actual Rows": 1,
              "Actual Loops": 3,
              "Plans": [
                {
                  "Node Type": "Hash Join",
                  "Parent Relationship": "Outer",
                  "Parallel Aware": true,
                  "Join Type": "Inner",
                  "Startup Cost": 339401.9,
                  "Total Cost": 355528.43,
                  "Plan Rows": 171042,
                  "Plan Width": 0,
                  "Actual Startup Time": 1714.478,
                  "Actual Total Time": 1820.195,
                  "Actual Rows": 145601,
                  "Actual Loops": 3,
                  "Inner Unique": false,
                  "Hash Cond": "(mi_idx.movie_id = t.id)",
                  "Plans": [
                    {
                      "Node Type": "Seq Scan",
                      "Parent Relationship": "Outer",
                      "Parallel Aware": true,
                      "Relation Name": "movie_info_idx",
                      "Alias": "mi_idx",
                      "Startup Cost": 0.0,
                      "Total Cost": 13685.15,
                      "Plan Rows": 575015,
                      "Plan Width": 4,
                      "Actual Startup Time": 0.023,
                      "Actual Total Time": 38.679,
                      "Actual Rows": 460012,
                      "Actual Loops": 3
                    },
                    {
                      "Node Type": "Hash",
                      "Parent Relationship": "Inner",
                      "Parallel Aware": true,
                      "Startup Cost": 337835.03,
                      "Total Cost": 337835.03,
                      "Plan Rows": 125350,
                      "Plan Width": 8,
                      "Actual Startup Time": 1709.953,
                      "Actual Total Time": 1709.957,
                      "Actual Rows": 117554,
                      "Actual Loops": 3,
                      "Hash Buckets": 1048576,
                      "Original Hash Buckets": 1048576,
                      "Hash Batches": 1,
                      "Original Hash Batches": 1,
                      "Peak Memory Usage": 22048,
                      "Plans": [
                        {
                          "Node Type": "Hash Join",
                          "Parent Relationship": "Outer",
                          "Parallel Aware": true,
                          "Join Type": "Inner",
                          "Startup Cost": 81245.85,
                          "Total Cost": 337835.03,
                          "Plan Rows": 125350,
                          "Plan Width": 8,
                          "Actual Startup Time": 1559.924,
                          "Actual Total Time": 1660.764,
                          "Actual Rows": 117554,
                          "Actual Loops": 3,
                          "Inner Unique": true,
                          "Hash Cond": "(ci.movie_id = t.id)",
                          "Plans": [
                            {
                              "Node Type": "Bitmap Heap Scan",
                              "Parent Relationship": "Outer",
                              "Parallel Aware": true,
                              "Relation Name": "cast_info",
                              "Alias": "ci",
                              "Startup Cost": 30819.71,
                              "Total Cost": 287010.55,
                              "Plan Rows": 151747,
                              "Plan Width": 4,
                              "Actual Startup Time": 1128.618,
                              "Actual Total Time": 1161.756,
                              "Actual Rows": 134657,
                              "Actual Loops": 3,
                              "Recheck Cond": "(person_id < 144456)",
                              "Rows Removed by Index Recheck": 0,
                              "Filter": "(role_id > 1)",
                              "Rows Removed by Filter": 344211,
                              "Exact Heap Blocks": 5252,
                              "Lossy Heap Blocks": 0,
                              "Plans": [
                                {
                                  "Node Type": "Bitmap Index Scan",
                                  "Parent Relationship": "Outer",
                                  "Parallel Aware": false,
                                  "Index Name": "person_id_cast_info",
                                  "Startup Cost": 0.0,
                                  "Total Cost": 30592.08,
                                  "Plan Rows": 1401536,
                                  "Plan Width": 0,
                                  "Actual Startup Time": 1072.554,
                                  "Actual Total Time": 1072.554,
                                  "Actual Rows": 1436605,
                                  "Actual Loops": 1,
                                  "Index Cond": "(person_id < 144456)"
                                }
                              ]
                            },
                            {
                              "Node Type": "Hash",
                              "Parent Relationship": "Inner",
                              "Parallel Aware": true,
                              "Startup Cost": 43899.32,
                              "Total Cost": 43899.32,
                              "Plan Rows": 522146,
                              "Plan Width": 4,
                              "Actual Startup Time": 426.242,
                              "Actual Total Time": 426.242,
                              "Actual Rows": 691596,
                              "Actual Loops": 3,
                              "Hash Buckets": 2097152,
                              "Original Hash Buckets": 2097152,
                              "Hash Batches": 1,
                              "Original Hash Batches": 1,
                              "Peak Memory Usage": 97568,
                              "Plans": [
                                {
                                  "Node Type": "Seq Scan",
                                  "Parent Relationship": "Outer",
                                  "Parallel Aware": true,
                                  "Relation Name": "title",
                                  "Alias": "t",
                                  "Startup Cost": 0.0,
                                  "Total Cost": 43899.32,
                                  "Plan Rows": 522146,
                                  "Plan Width": 4,
                                  "Actual Startup Time": 0.049,
                                  "Actual Total Time": 151.919,
                                  "Actual Rows": 691596,
                                  "Actual Loops": 3,
                                  "Filter": "(production_year > 1970)",
                                  "Rows Removed by Filter": 151175
                                }
                              ]
                            }
                          ]
                        }
                      ]
                    }
                  ]
                }
              ]
            }
          ]
        }
      ]
    },
    "Planning Time": 0.888,
    "Triggers": [],
    "Execution Time": 1856.923
  }
]