{
  "Plan": {
    "Node Type": "Aggregate",
    "Strategy": "Plain",
    "Partial Mode": "Finalize",
    "Parallel Aware": false,
    "Startup Cost": 100869.07,
    "Total Cost": 100869.08,
    "Plan Rows": 1,
    "Plan Width": 8,
    "Actual Startup Time": 367.23,
    "Actual Total Time": 382.999,
    "Actual Rows": 1,
    "Actual Loops": 1,
    "Plans": [
      {
        "Node Type": "Gather",
        "Parent Relationship": "Outer",
        "Parallel Aware": false,
        "Startup Cost": 100868.96,
        "Total Cost": 100869.07,
        "Plan Rows": 1,
        "Plan Width": 8,
        "Actual Startup Time": 367.01,
        "Actual Total Time": 382.981,
        "Actual Rows": 2,
        "Actual Loops": 1,
        "Workers Planned": 1,
        "Workers Launched": 1,
        "Single Copy": false,
        "Plans": [
          {
            "Node Type": "Aggregate",
            "Strategy": "Plain",
            "Partial Mode": "Partial",
            "Parent Relationship": "Outer",
            "Parallel Aware": false,
            "Startup Cost": 99868.96,
            "Total Cost": 99868.97,
            "Plan Rows": 1,
            "Plan Width": 8,
            "Actual Startup Time": 361.376,
            "Actual Total Time": 361.379,
            "Actual Rows": 1,
            "Actual Loops": 2,
            "Plans": [
              {
                "Node Type": "Hash Join",
                "Parent Relationship": "Outer",
                "Parallel Aware": true,
                "Join Type": "Inner",
                "Startup Cost": 58547.83,
                "Total Cost": 99828.09,
                "Plan Rows": 16349,
                "Plan Width": 0,
                "Actual Startup Time": 152.0,
                "Actual Total Time": 360.805,
                "Actual Rows": 10102,
                "Actual Loops": 2,
                "Inner Unique": true,
                "Hash Cond": "(mc.movie_id = t.id)",
                "Plans": [
                  {
                    "Node Type": "Seq Scan",
                    "Parent Relationship": "Outer",
                    "Parallel Aware": true,
                    "Relation Name": "movie_companies",
                    "Alias": "mc",
                    "Startup Cost": 0.0,
                    "Total Cost": 37974.77,
                    "Plan Rows": 1259233,
                    "Plan Width": 4,
                    "Actual Startup Time": 0.018,
                    "Actual Total Time": 122.388,
                    "Actual Rows": 1066629,
                    "Actual Loops": 2,
                    "Filter": "(company_id < 75605)",
                    "Rows Removed by Filter": 237936
                  },
                  {
                    "Node Type": "Hash",
                    "Parent Relationship": "Inner",
                    "Parallel Aware": true,
                    "Startup Cost": 58306.47,
                    "Total Cost": 58306.47,
                    "Plan Rows": 19309,
                    "Plan Width": 4,
                    "Actual Startup Time": 150.49,
                    "Actual Total Time": 150.491,
                    "Actual Rows": 19754,
                    "Actual Loops": 2,
                    "Hash Buckets": 65536,
                    "Original Hash Buckets": 65536,
                    "Hash Batches": 1,
                    "Original Hash Batches": 1,
                    "Peak Memory Usage": 2080,
                    "Plans": [
                      {
                        "Node Type": "Seq Scan",
                        "Parent Relationship": "Outer",
                        "Parallel Aware": true,
                        "Relation Name": "title",
                        "Alias": "t",
                        "Startup Cost": 0.0,
                        "Total Cost": 58306.47,
                        "Plan Rows": 19309,
                        "Plan Width": 4,
                        "Actual Startup Time": 0.032,
                        "Actual Total Time": 143.576,
                        "Actual Rows": 19754,
                        "Actual Loops": 2,
                        "Filter": "((kind_id > 1) AND (production_year = 1998))",
                        "Rows Removed by Filter": 1244402
                      }
                    ]
                  }
                ]
              }
            ]
          }
        ]
      }
    ]
  },
  "Planning Time": 0.466,
  "Triggers": [],
  "Execution Time": 383.067
}