[
    {
        "Bao": {
            "Bao prediction": 673.083,
            "Bao recommended hint": "(no hint)"
        }
    },
    {
        "Plan": {
            "Node Type": "Aggregate",
            "Strategy": "Plain",
            "Partial Mode": "Finalize",
            "Parallel Aware": false,
            "Startup Cost": 43110.33,
            "Total Cost": 43110.34,
            "Plan Rows": 1,
            "Plan Width": 8,
            "Actual Startup Time": 152.656,
            "Actual Total Time": 158.498,
            "Actual Rows": 1,
            "Actual Loops": 1,
            "Output": [
                "count(*)"
            ],
            "Plans": [
                {
                    "Node Type": "Gather",
                    "Parent Relationship": "Outer",
                    "Parallel Aware": false,
                    "Startup Cost": 43110.01,
                    "Total Cost": 43110.32,
                    "Plan Rows": 3,
                    "Plan Width": 8,
                    "Actual Startup Time": 152.348,
                    "Actual Total Time": 158.49,
                    "Actual Rows": 4,
                    "Actual Loops": 1,
                    "Output": [
                        "(PARTIAL count(*))"
                    ],
                    "Workers Planned": 3,
                    "Workers Launched": 3,
                    "Single Copy": false,
                    "Plans": [
                        {
                            "Node Type": "Aggregate",
                            "Strategy": "Plain",
                            "Partial Mode": "Partial",
                            "Parent Relationship": "Outer",
                            "Parallel Aware": false,
                            "Startup Cost": 42110.01,
                            "Total Cost": 42110.02,
                            "Plan Rows": 1,
                            "Plan Width": 8,
                            "Actual Startup Time": 143.922,
                            "Actual Total Time": 143.924,
                            "Actual Rows": 1,
                            "Actual Loops": 4,
                            "Output": [
                                "PARTIAL count(*)"
                            ],
                            "Workers": [
                                {
                                    "Worker Number": 0,
                                    "Actual Startup Time": 141.204,
                                    "Actual Total Time": 141.206,
                                    "Actual Rows": 1,
                                    "Actual Loops": 1
                                },
                                {
                                    "Worker Number": 1,
                                    "Actual Startup Time": 141.201,
                                    "Actual Total Time": 141.203,
                                    "Actual Rows": 1,
                                    "Actual Loops": 1
                                },
                                {
                                    "Worker Number": 2,
                                    "Actual Startup Time": 141.558,
                                    "Actual Total Time": 141.56,
                                    "Actual Rows": 1,
                                    "Actual Loops": 1
                                }
                            ],
                            "Plans": [
                                {
                                    "Node Type": "Bitmap Heap Scan",
                                    "Parent Relationship": "Outer",
                                    "Parallel Aware": true,
                                    "Relation Name": "movie_keyword",
                                    "Schema": "public",
                                    "Alias": "mk",
                                    "Startup Cost": 14376.74,
                                    "Total Cost": 41563.47,
                                    "Plan Rows": 218618,
                                    "Plan Width": 0,
                                    "Actual Startup Time": 58.294,
                                    "Actual Total Time": 134.433,
                                    "Actual Rows": 166085,
                                    "Actual Loops": 4,
                                    "Recheck Cond": "(mk.keyword_id > 28256)",
                                    "Rows Removed by Index Recheck": 0,
                                    "Exact Heap Blocks": 10460,
                                    "Lossy Heap Blocks": 0,
                                    "Workers": [
                                        {
                                            "Worker Number": 0,
                                            "Actual Startup Time": 55.646,
                                            "Actual Total Time": 132.498,
                                            "Actual Rows": 142376,
                                            "Actual Loops": 1
                                        },
                                        {
                                            "Worker Number": 1,
                                            "Actual Startup Time": 55.765,
                                            "Actual Total Time": 132.849,
                                            "Actual Rows": 121980,
                                            "Actual Loops": 1
                                        },
                                        {
                                            "Worker Number": 2,
                                            "Actual Startup Time": 55.996,
                                            "Actual Total Time": 132.576,
                                            "Actual Rows": 103343,
                                            "Actual Loops": 1
                                        }
                                    ],
                                    "Plans": [
                                        {
                                            "Node Type": "Bitmap Index Scan",
                                            "Parent Relationship": "Outer",
                                            "Parallel Aware": false,
                                            "Index Name": "keyword_id_movie_keyword",
                                            "Startup Cost": 0.0,
                                            "Total Cost": 14207.31,
                                            "Plan Rows": 677717,
                                            "Plan Width": 0,
                                            "Actual Startup Time": 62.328,
                                            "Actual Total Time": 62.329,
                                            "Actual Rows": 664339,
                                            "Actual Loops": 1,
                                            "Index Cond": "(mk.keyword_id > 28256)"
                                        }
                                    ]
                                }
                            ]
                        }
                    ]
                }
            ]
        },
        "Planning Time": 607.882,
        "Triggers": [],
        "Execution Time": 158.613
    }
]