[
  {
    "Plan": {
      "Node Type": "Aggregate",
      "Strategy": "Plain",
      "Partial Mode": "Finalize",
      "Parallel Aware": false,
      "Startup Cost": 58452.88,
      "Total Cost": 58452.89,
      "Plan Rows": 1,
      "Plan Width": 8,
      "Actual Startup Time": 98.418,
      "Actual Total Time": 111.407,
      "Actual Rows": 1,
      "Actual Loops": 1,
      "Plans": [
        {
          "Node Type": "Gather",
          "Parent Relationship": "Outer",
          "Parallel Aware": false,
          "Startup Cost": 58452.46,
          "Total Cost": 58452.87,
          "Plan Rows": 4,
          "Plan Width": 8,
          "Actual Startup Time": 98.276,
          "Actual Total Time": 111.399,
          "Actual Rows": 5,
          "Actual Loops": 1,
          "Workers Planned": 4,
          "Workers Launched": 4,
          "Single Copy": false,
          "Plans": [
            {
              "Node Type": "Aggregate",
              "Strategy": "Plain",
              "Partial Mode": "Partial",
              "Parent Relationship": "Outer",
              "Parallel Aware": false,
              "Startup Cost": 57452.46,
              "Total Cost": 57452.47,
              "Plan Rows": 1,
              "Plan Width": 8,
              "Actual Startup Time": 88.58,
              "Actual Total Time": 88.582,
              "Actual Rows": 1,
              "Actual Loops": 5,
              "Plans": [
                {
                  "Node Type": "Nested Loop",
                  "Parent Relationship": "Outer",
                  "Parallel Aware": false,
                  "Join Type": "Inner",
                  "Startup Cost": 0.43,
                  "Total Cost": 57451.84,
                  "Plan Rows": 250,
                  "Plan Width": 0,
                  "Actual Startup Time": 15.085,
                  "Actual Total Time": 88.556,
                  "Actual Rows": 110,
                  "Actual Loops": 5,
                  "Inner Unique": false,
                  "Plans": [
                    {
                      "Node Type": "Seq Scan",
                      "Parent Relationship": "Outer",
                      "Parallel Aware": true,
                      "Relation Name": "title",
                      "Alias": "t",
                      "Startup Cost": 0.0,
                      "Total Cost": 43899.32,
                      "Plan Rows": 875,
                      "Plan Width": 4,
                      "Actual Startup Time": 1.499,
                      "Actual Total Time": 78.549,
                      "Actual Rows": 703,
                      "Actual Loops": 5,
                      "Filter": "(production_year > 2013)",
                      "Rows Removed by Filter": 504959
                    },
                    {
                      "Node Type": "Index Scan",
                      "Parent Relationship": "Inner",
                      "Parallel Aware": false,
                      "Scan Direction": "Forward",
                      "Index Name": "movie_id_movie_companies",
                      "Relation Name": "movie_companies",
                      "Alias": "mc",
                      "Startup Cost": 0.43,
                      "Total Cost": 15.48,
                      "Plan Rows": 1,
                      "Plan Width": 4,
                      "Actual Startup Time": 0.014,
                      "Actual Total Time": 0.014,
                      "Actual Rows": 0,
                      "Actual Loops": 3515,
                      "Index Cond": "(movie_id = t.id)",
                      "Rows Removed by Index Recheck": 0,
                      "Filter": "((company_id < 12563) AND (company_type_id > 1))",
                      "Rows Removed by Filter": 2
                    }
                  ]
                }
              ]
            }
          ]
        }
      ]
    },
    "Planning Time": 0.222,
    "Triggers": [],
    "Execution Time": 111.441
  }
]