[
  {
    "Plan": {
      "Node Type": "Aggregate",
      "Strategy": "Plain",
      "Partial Mode": "Finalize",
      "Parallel Aware": false,
      "Startup Cost": 81954.13,
      "Total Cost": 81954.14,
      "Plan Rows": 1,
      "Plan Width": 8,
      "Actual Startup Time": 289.035,
      "Actual Total Time": 304.088,
      "Actual Rows": 1,
      "Actual Loops": 1,
      "Plans": [
        {
          "Node Type": "Gather",
          "Parent Relationship": "Outer",
          "Parallel Aware": false,
          "Startup Cost": 81953.71,
          "Total Cost": 81954.12,
          "Plan Rows": 4,
          "Plan Width": 8,
          "Actual Startup Time": 284.38,
          "Actual Total Time": 304.078,
          "Actual Rows": 5,
          "Actual Loops": 1,
          "Workers Planned": 4,
          "Workers Launched": 4,
          "Single Copy": false,
          "Plans": [
            {
              "Node Type": "Aggregate",
              "Strategy": "Plain",
              "Partial Mode": "Partial",
              "Parent Relationship": "Outer",
              "Parallel Aware": false,
              "Startup Cost": 80953.71,
              "Total Cost": 80953.72,
              "Plan Rows": 1,
              "Plan Width": 8,
              "Actual Startup Time": 275.823,
              "Actual Total Time": 275.826,
              "Actual Rows": 1,
              "Actual Loops": 5,
              "Plans": [
                {
                  "Node Type": "Hash Join",
                  "Parent Relationship": "Outer",
                  "Parallel Aware": true,
                  "Join Type": "Inner",
                  "Startup Cost": 34410.98,
                  "Total Cost": 80489.31,
                  "Plan Rows": 185762,
                  "Plan Width": 0,
                  "Actual Startup Time": 106.546,
                  "Actual Total Time": 271.682,
                  "Actual Rows": 93610,
                  "Actual Loops": 5,
                  "Inner Unique": false,
                  "Hash Cond": "(t.id = mc.movie_id)",
                  "Plans": [
                    {
                      "Node Type": "Seq Scan",
                      "Parent Relationship": "Outer",
                      "Parallel Aware": true,
                      "Relation Name": "title",
                      "Alias": "t",
                      "Startup Cost": 0.0,
                      "Total Cost": 42318.73,
                      "Plan Rows": 632073,
                      "Plan Width": 4,
                      "Actual Startup Time": 0.01,
                      "Actual Total Time": 61.193,
                      "Actual Rows": 505662,
                      "Actual Loops": 5
                    },
                    {
                      "Node Type": "Hash",
                      "Parent Relationship": "Inner",
                      "Parallel Aware": true,
                      "Startup Cost": 31414.82,
                      "Total Cost": 31414.82,
                      "Plan Rows": 239693,
                      "Plan Width": 4,
                      "Actual Startup Time": 102.952,
                      "Actual Total Time": 102.953,
                      "Actual Rows": 93610,
                      "Actual Loops": 5,
                      "Hash Buckets": 1048576,
                      "Original Hash Buckets": 1048576,
                      "Hash Batches": 1,
                      "Original Hash Batches": 1,
                      "Peak Memory Usage": 26560,
                      "Plans": [
                        {
                          "Node Type": "Seq Scan",
                          "Parent Relationship": "Outer",
                          "Parallel Aware": true,
                          "Relation Name": "movie_companies",
                          "Alias": "mc",
                          "Startup Cost": 0.0,
                          "Total Cost": 31414.82,
                          "Plan Rows": 239693,
                          "Plan Width": 4,
                          "Actual Startup Time": 44.839,
                          "Actual Total Time": 72.057,
                          "Actual Rows": 93610,
                          "Actual Loops": 5,
                          "Filter": "((company_id < 13157) AND (company_type_id > 1))",
                          "Rows Removed by Filter": 428216
                        }
                      ]
                    }
                  ]
                }
              ]
            }
          ]
        }
      ]
    },
    "Planning Time": 0.521,
    "Triggers": [],
    "Execution Time": 304.156
  }
]