[
  {
    "Plan": {
      "Node Type": "Aggregate",
      "Strategy": "Plain",
      "Partial Mode": "Finalize",
      "Parallel Aware": false,
      "Startup Cost": 356634.35,
      "Total Cost": 356634.36,
      "Plan Rows": 1,
      "Plan Width": 8,
      "Actual Startup Time": 592.034,
      "Actual Total Time": 608.923,
      "Actual Rows": 1,
      "Actual Loops": 1,
      "Plans": [
        {
          "Node Type": "Gather",
          "Parent Relationship": "Outer",
          "Parallel Aware": false,
          "Startup Cost": 356634.04,
          "Total Cost": 356634.35,
          "Plan Rows": 3,
          "Plan Width": 8,
          "Actual Startup Time": 583.88,
          "Actual Total Time": 608.916,
          "Actual Rows": 4,
          "Actual Loops": 1,
          "Workers Planned": 3,
          "Workers Launched": 3,
          "Single Copy": false,
          "Plans": [
            {
              "Node Type": "Aggregate",
              "Strategy": "Plain",
              "Partial Mode": "Partial",
              "Parent Relationship": "Outer",
              "Parallel Aware": false,
              "Startup Cost": 355634.04,
              "Total Cost": 355634.05,
              "Plan Rows": 1,
              "Plan Width": 8,
              "Actual Startup Time": 577.96,
              "Actual Total Time": 577.966,
              "Actual Rows": 1,
              "Actual Loops": 4,
              "Plans": [
                {
                  "Node Type": "Hash Join",
                  "Parent Relationship": "Outer",
                  "Parallel Aware": true,
                  "Join Type": "Inner",
                  "Startup Cost": 324904.02,
                  "Total Cost": 355509.34,
                  "Plan Rows": 49879,
                  "Plan Width": 0,
                  "Actual Startup Time": 474.819,
                  "Actual Total Time": 574.466,
                  "Actual Rows": 82740,
                  "Actual Loops": 4,
                  "Inner Unique": false,
                  "Hash Cond": "(mc.movie_id = t.id)",
                  "Plans": [
                    {
                      "Node Type": "Seq Scan",
                      "Parent Relationship": "Outer",
                      "Parallel Aware": true,
                      "Relation Name": "movie_companies",
                      "Alias": "mc",
                      "Startup Cost": 0.0,
                      "Total Cost": 29310.68,
                      "Plan Rows": 318633,
                      "Plan Width": 4,
                      "Actual Startup Time": 9.441,
                      "Actual Total Time": 61.619,
                      "Actual Rows": 245323,
                      "Actual Loops": 4,
                      "Filter": "(company_id > 17385)",
                      "Rows Removed by Filter": 406959
                    },
                    {
                      "Node Type": "Hash",
                      "Parent Relationship": "Inner",
                      "Parallel Aware": true,
                      "Startup Cost": 323914.52,
                      "Total Cost": 323914.52,
                      "Plan Rows": 79160,
                      "Plan Width": 8,
                      "Actual Startup Time": 462.299,
                      "Actual Total Time": 462.303,
                      "Actual Rows": 89868,
                      "Actual Loops": 4,
                      "Hash Buckets": 524288,
                      "Original Hash Buckets": 524288,
                      "Hash Batches": 1,
                      "Original Hash Batches": 1,
                      "Peak Memory Usage": 18208,
                      "Plans": [
                        {
                          "Node Type": "Hash Join",
                          "Parent Relationship": "Outer",
                          "Parallel Aware": true,
                          "Join Type": "Inner",
                          "Startup Cost": 58960.41,
                          "Total Cost": 323914.52,
                          "Plan Rows": 79160,
                          "Plan Width": 8,
                          "Actual Startup Time": 362.754,
                          "Actual Total Time": 432.7,
                          "Actual Rows": 89868,
                          "Actual Loops": 4,
                          "Inner Unique": true,
                          "Hash Cond": "(ci.movie_id = t.id)",
                          "Plans": [
                            {
                              "Node Type": "Bitmap Heap Scan",
                              "Parent Relationship": "Outer",
                              "Parallel Aware": true,
                              "Relation Name": "cast_info",
                              "Alias": "ci",
                              "Startup Cost": 8740.03,
                              "Total Cost": 273486.35,
                              "Plan Rows": 79160,
                              "Plan Width": 4,
                              "Actual Startup Time": 11.948,
                              "Actual Total Time": 29.391,
                              "Actual Rows": 89868,
                              "Actual Loops": 4,
                              "Recheck Cond": "(person_id > 3995810)",
                              "Rows Removed by Index Recheck": 0,
                              "Exact Heap Blocks": 1280,
                              "Lossy Heap Blocks": 0,
                              "Plans": [
                                {
                                  "Node Type": "Bitmap Index Scan",
                                  "Parent Relationship": "Outer",
                                  "Parallel Aware": false,
                                  "Index Name": "person_id_cast_info",
                                  "Startup Cost": 0.0,
                                  "Total Cost": 8641.08,
                                  "Plan Rows": 395802,
                                  "Plan Width": 0,
                                  "Actual Startup Time": 11.247,
                                  "Actual Total Time": 11.248,
                                  "Actual Rows": 359470,
                                  "Actual Loops": 1,
                                  "Index Cond": "(person_id > 3995810)"
                                }
                              ]
                            },
                            {
                              "Node Type": "Hash",
                              "Parent Relationship": "Inner",
                              "Parallel Aware": true,
                              "Startup Cost": 42319.06,
                              "Total Cost": 42319.06,
                              "Plan Rows": 632106,
                              "Plan Width": 4,
                              "Actual Startup Time": 341.628,
                              "Actual Total Time": 341.629,
                              "Actual Rows": 632078,
                              "Actual Loops": 4,
                              "Hash Buckets": 4194304,
                              "Original Hash Buckets": 4194304,
                              "Hash Batches": 1,
                              "Original Hash Batches": 1,
                              "Peak Memory Usage": 131744,
                              "Plans": [
                                {
                                  "Node Type": "Seq Scan",
                                  "Parent Relationship": "Outer",
                                  "Parallel Aware": true,
                                  "Relation Name": "title",
                                  "Alias": "t",
                                  "Startup Cost": 0.0,
                                  "Total Cost": 42319.06,
                                  "Plan Rows": 632106,
                                  "Plan Width": 4,
                                  "Actual Startup Time": 0.056,
                                  "Actual Total Time": 96.486,
                                  "Actual Rows": 632078,
                                  "Actual Loops": 4
                                }
                              ]
                            }
                          ]
                        }
                      ]
                    }
                  ]
                }
              ]
            }
          ]
        }
      ]
    },
    "Planning Time": 1.53,
    "Triggers": [],
    "Execution Time": 609.028
  }
]