[
  {
    "Plan": {
      "Node Type": "Aggregate",
      "Strategy": "Plain",
      "Partial Mode": "Finalize",
      "Parallel Aware": false,
      "Startup Cost": 45466.39,
      "Total Cost": 45466.4,
      "Plan Rows": 1,
      "Plan Width": 8,
      "Actual Startup Time": 129.604,
      "Actual Total Time": 137.219,
      "Actual Rows": 1,
      "Actual Loops": 1,
      "Plans": [
        {
          "Node Type": "Gather",
          "Parent Relationship": "Outer",
          "Parallel Aware": false,
          "Startup Cost": 45466.07,
          "Total Cost": 45466.38,
          "Plan Rows": 3,
          "Plan Width": 8,
          "Actual Startup Time": 129.487,
          "Actual Total Time": 137.21,
          "Actual Rows": 4,
          "Actual Loops": 1,
          "Workers Planned": 3,
          "Workers Launched": 3,
          "Single Copy": false,
          "Plans": [
            {
              "Node Type": "Aggregate",
              "Strategy": "Plain",
              "Partial Mode": "Partial",
              "Parent Relationship": "Outer",
              "Parallel Aware": false,
              "Startup Cost": 44466.07,
              "Total Cost": 44466.08,
              "Plan Rows": 1,
              "Plan Width": 8,
              "Actual Startup Time": 126.333,
              "Actual Total Time": 126.334,
              "Actual Rows": 1,
              "Actual Loops": 4,
              "Plans": [
                {
                  "Node Type": "Seq Scan",
                  "Parent Relationship": "Outer",
                  "Parallel Aware": true,
                  "Relation Name": "movie_keyword",
                  "Alias": "mk",
                  "Startup Cost": 0.0,
                  "Total Cost": 42695.65,
                  "Plan Rows": 708168,
                  "Plan Width": 0,
                  "Actual Startup Time": 0.022,
                  "Actual Total Time": 101.964,
                  "Actual Rows": 551870,
                  "Actual Loops": 4,
                  "Filter": "(keyword_id < 4456)",
                  "Rows Removed by Filter": 579113
                }
              ]
            }
          ]
        }
      ]
    },
    "Planning Time": 0.07,
    "Triggers": [],
    "Execution Time": 137.243
  }
]