[
  {
    "Plan": {
      "Node Type": "Aggregate",
      "Strategy": "Plain",
      "Partial Mode": "Finalize",
      "Parallel Aware": false,
      "Startup Cost": 31932.81,
      "Total Cost": 31932.82,
      "Plan Rows": 1,
      "Plan Width": 8,
      "Actual Startup Time": 117.238,
      "Actual Total Time": 124.79,
      "Actual Rows": 1,
      "Actual Loops": 1,
      "Plans": [
        {
          "Node Type": "Gather",
          "Parent Relationship": "Outer",
          "Parallel Aware": false,
          "Startup Cost": 31932.49,
          "Total Cost": 31932.8,
          "Plan Rows": 3,
          "Plan Width": 8,
          "Actual Startup Time": 117.125,
          "Actual Total Time": 124.782,
          "Actual Rows": 4,
          "Actual Loops": 1,
          "Workers Planned": 3,
          "Workers Launched": 3,
          "Single Copy": false,
          "Plans": [
            {
              "Node Type": "Aggregate",
              "Strategy": "Plain",
              "Partial Mode": "Partial",
              "Parent Relationship": "Outer",
              "Parallel Aware": false,
              "Startup Cost": 30932.49,
              "Total Cost": 30932.5,
              "Plan Rows": 1,
              "Plan Width": 8,
              "Actual Startup Time": 110.79,
              "Actual Total Time": 110.791,
              "Actual Rows": 1,
              "Actual Loops": 4,
              "Plans": [
                {
                  "Node Type": "Seq Scan",
                  "Parent Relationship": "Outer",
                  "Parallel Aware": true,
                  "Relation Name": "movie_companies",
                  "Alias": "mc",
                  "Startup Cost": 0.0,
                  "Total Cost": 29310.68,
                  "Plan Rows": 648724,
                  "Plan Width": 0,
                  "Actual Startup Time": 0.408,
                  "Actual Total Time": 86.463,
                  "Actual Rows": 504442,
                  "Actual Loops": 4,
                  "Filter": "(company_id > 677)",
                  "Rows Removed by Filter": 147840
                }
              ]
            }
          ]
        }
      ]
    },
    "Planning Time": 0.188,
    "Triggers": [],
    "Execution Time": 124.846
  }
]