[
  {
    "Plan": {
      "Node Type": "Aggregate",
      "Strategy": "Plain",
      "Partial Mode": "Finalize",
      "Parallel Aware": false,
      "Startup Cost": 45542.48,
      "Total Cost": 45542.49,
      "Plan Rows": 1,
      "Plan Width": 8,
      "Actual Startup Time": 149.229,
      "Actual Total Time": 158.245,
      "Actual Rows": 1,
      "Actual Loops": 1,
      "Plans": [
        {
          "Node Type": "Gather",
          "Parent Relationship": "Outer",
          "Parallel Aware": false,
          "Startup Cost": 45542.17,
          "Total Cost": 45542.48,
          "Plan Rows": 3,
          "Plan Width": 8,
          "Actual Startup Time": 149.063,
          "Actual Total Time": 158.236,
          "Actual Rows": 4,
          "Actual Loops": 1,
          "Workers Planned": 3,
          "Workers Launched": 3,
          "Single Copy": false,
          "Plans": [
            {
              "Node Type": "Aggregate",
              "Strategy": "Plain",
              "Partial Mode": "Partial",
              "Parent Relationship": "Outer",
              "Parallel Aware": false,
              "Startup Cost": 44542.17,
              "Total Cost": 44542.18,
              "Plan Rows": 1,
              "Plan Width": 8,
              "Actual Startup Time": 143.374,
              "Actual Total Time": 143.376,
              "Actual Rows": 1,
              "Actual Loops": 4,
              "Plans": [
                {
                  "Node Type": "Seq Scan",
                  "Parent Relationship": "Outer",
                  "Parallel Aware": true,
                  "Relation Name": "movie_keyword",
                  "Alias": "mk",
                  "Startup Cost": 0.0,
                  "Total Cost": 42695.65,
                  "Plan Rows": 738605,
                  "Plan Width": 0,
                  "Actual Startup Time": 0.419,
                  "Actual Total Time": 116.313,
                  "Actual Rows": 566454,
                  "Actual Loops": 4,
                  "Filter": "(keyword_id > 4673)",
                  "Rows Removed by Filter": 564528
                }
              ]
            }
          ]
        }
      ]
    },
    "Planning Time": 0.19,
    "Triggers": [],
    "Execution Time": 158.301
  }
]