[
    {
        "Bao": {
            "Bao prediction": "NaN",
            "Bao recommended hint": "(no hint)"
        }
    },
    {
        "Plan": {
            "Node Type": "Aggregate",
            "Strategy": "Plain",
            "Partial Mode": "Finalize",
            "Parallel Aware": false,
            "Startup Cost": 326272.83,
            "Total Cost": 326272.84,
            "Plan Rows": 1,
            "Plan Width": 8,
            "Actual Startup Time": 560.09,
            "Actual Total Time": 579.016,
            "Actual Rows": 1,
            "Actual Loops": 1,
            "Output": [
                "count(*)"
            ],
            "Plans": [
                {
                    "Node Type": "Gather",
                    "Parent Relationship": "Outer",
                    "Parallel Aware": false,
                    "Startup Cost": 326272.2,
                    "Total Cost": 326272.81,
                    "Plan Rows": 6,
                    "Plan Width": 8,
                    "Actual Startup Time": 559.971,
                    "Actual Total Time": 579.005,
                    "Actual Rows": 7,
                    "Actual Loops": 1,
                    "Output": [
                        "(PARTIAL count(*))"
                    ],
                    "Workers Planned": 6,
                    "Workers Launched": 6,
                    "Single Copy": false,
                    "Plans": [
                        {
                            "Node Type": "Aggregate",
                            "Strategy": "Plain",
                            "Partial Mode": "Partial",
                            "Parent Relationship": "Outer",
                            "Parallel Aware": false,
                            "Startup Cost": 325272.2,
                            "Total Cost": 325272.21,
                            "Plan Rows": 1,
                            "Plan Width": 8,
                            "Actual Startup Time": 548.41,
                            "Actual Total Time": 548.412,
                            "Actual Rows": 1,
                            "Actual Loops": 7,
                            "Output": [
                                "PARTIAL count(*)"
                            ],
                            "Workers": [
                                {
                                    "Worker Number": 0,
                                    "Actual Startup Time": 545.716,
                                    "Actual Total Time": 545.718,
                                    "Actual Rows": 1,
                                    "Actual Loops": 1
                                },
                                {
                                    "Worker Number": 1,
                                    "Actual Startup Time": 546.303,
                                    "Actual Total Time": 546.304,
                                    "Actual Rows": 1,
                                    "Actual Loops": 1
                                },
                                {
                                    "Worker Number": 2,
                                    "Actual Startup Time": 546.227,
                                    "Actual Total Time": 546.229,
                                    "Actual Rows": 1,
                                    "Actual Loops": 1
                                },
                                {
                                    "Worker Number": 3,
                                    "Actual Startup Time": 546.244,
                                    "Actual Total Time": 546.245,
                                    "Actual Rows": 1,
                                    "Actual Loops": 1
                                },
                                {
                                    "Worker Number": 4,
                                    "Actual Startup Time": 547.217,
                                    "Actual Total Time": 547.218,
                                    "Actual Rows": 1,
                                    "Actual Loops": 1
                                },
                                {
                                    "Worker Number": 5,
                                    "Actual Startup Time": 547.872,
                                    "Actual Total Time": 547.873,
                                    "Actual Rows": 1,
                                    "Actual Loops": 1
                                }
                            ],
                            "Plans": [
                                {
                                    "Node Type": "Index Scan",
                                    "Parent Relationship": "Outer",
                                    "Parallel Aware": true,
                                    "Scan Direction": "Forward",
                                    "Index Name": "role_id_cast_info",
                                    "Relation Name": "cast_info",
                                    "Schema": "public",
                                    "Alias": "ci",
                                    "Startup Cost": 0.56,
                                    "Total Cost": 322560.04,
                                    "Plan Rows": 1084866,
                                    "Plan Width": 0,
                                    "Actual Startup Time": 0.29,
                                    "Actual Total Time": 466.849,
                                    "Actual Rows": 1254725,
                                    "Actual Loops": 7,
                                    "Output": [
                                        "id",
                                        "person_id",
                                        "movie_id",
                                        "person_role_id",
                                        "note",
                                        "nr_order",
                                        "role_id"
                                    ],
                                    "Index Cond": "(ci.role_id > 3)",
                                    "Rows Removed by Index Recheck": 0,
                                    "Filter": "(ci.person_id > 1637599)",
                                    "Rows Removed by Filter": 475795,
                                    "Workers": [
                                        {
                                            "Worker Number": 0,
                                            "Actual Startup Time": 0.165,
                                            "Actual Total Time": 464.992,
                                            "Actual Rows": 1151203,
                                            "Actual Loops": 1
                                        },
                                        {
                                            "Worker Number": 1,
                                            "Actual Startup Time": 0.173,
                                            "Actual Total Time": 463.438,
                                            "Actual Rows": 1182385,
                                            "Actual Loops": 1
                                        },
                                        {
                                            "Worker Number": 2,
                                            "Actual Startup Time": 0.808,
                                            "Actual Total Time": 463.956,
                                            "Actual Rows": 1175362,
                                            "Actual Loops": 1
                                        },
                                        {
                                            "Worker Number": 3,
                                            "Actual Startup Time": 0.559,
                                            "Actual Total Time": 470.661,
                                            "Actual Rows": 1632050,
                                            "Actual Loops": 1
                                        },
                                        {
                                            "Worker Number": 4,
                                            "Actual Startup Time": 0.136,
                                            "Actual Total Time": 466.573,
                                            "Actual Rows": 1152766,
                                            "Actual Loops": 1
                                        },
                                        {
                                            "Worker Number": 5,
                                            "Actual Startup Time": 0.123,
                                            "Actual Total Time": 465.284,
                                            "Actual Rows": 1181581,
                                            "Actual Loops": 1
                                        }
                                    ]
                                }
                            ]
                        }
                    ]
                }
            ]
        },
        "Planning Time": 296.032,
        "Triggers": [],
        "Execution Time": 579.12
    }
]