{
  "Plan": {
    "Node Type": "Aggregate",
    "Strategy": "Plain",
    "Partial Mode": "Finalize",
    "Parallel Aware": false,
    "Startup Cost": 78171.36,
    "Total Cost": 78171.37,
    "Plan Rows": 1,
    "Plan Width": 8,
    "Actual Startup Time": 209.961,
    "Actual Total Time": 222.731,
    "Actual Rows": 1,
    "Actual Loops": 1,
    "Plans": [
      {
        "Node Type": "Gather",
        "Parent Relationship": "Outer",
        "Parallel Aware": false,
        "Startup Cost": 78171.25,
        "Total Cost": 78171.36,
        "Plan Rows": 1,
        "Plan Width": 8,
        "Actual Startup Time": 209.706,
        "Actual Total Time": 222.714,
        "Actual Rows": 2,
        "Actual Loops": 1,
        "Workers Planned": 1,
        "Workers Launched": 1,
        "Single Copy": false,
        "Plans": [
          {
            "Node Type": "Aggregate",
            "Strategy": "Plain",
            "Partial Mode": "Partial",
            "Parent Relationship": "Outer",
            "Parallel Aware": false,
            "Startup Cost": 77171.25,
            "Total Cost": 77171.26,
            "Plan Rows": 1,
            "Plan Width": 8,
            "Actual Startup Time": 205.669,
            "Actual Total Time": 205.673,
            "Actual Rows": 1,
            "Actual Loops": 2,
            "Plans": [
              {
                "Node Type": "Hash Join",
                "Parent Relationship": "Outer",
                "Parallel Aware": true,
                "Join Type": "Inner",
                "Startup Cost": 58374.64,
                "Total Cost": 77168.76,
                "Plan Rows": 995,
                "Plan Width": 0,
                "Actual Startup Time": 140.757,
                "Actual Total Time": 205.638,
                "Actual Rows": 498,
                "Actual Loops": 2,
                "Inner Unique": true,
                "Hash Cond": "(mi_idx.movie_id = t.id)",
                "Plans": [
                  {
                    "Node Type": "Seq Scan",
                    "Parent Relationship": "Outer",
                    "Parallel Aware": true,
                    "Relation Name": "movie_info_idx",
                    "Alias": "mi_idx",
                    "Startup Cost": 0.0,
                    "Total Cost": 18082.32,
                    "Plan Rows": 271164,
                    "Plan Width": 4,
                    "Actual Startup Time": 0.021,
                    "Actual Total Time": 48.878,
                    "Actual Rows": 230092,
                    "Actual Loops": 2,
                    "Filter": "(info_type_id > 100)",
                    "Rows Removed by Filter": 459925
                  },
                  {
                    "Node Type": "Hash",
                    "Parent Relationship": "Inner",
                    "Parallel Aware": true,
                    "Startup Cost": 58306.47,
                    "Total Cost": 58306.47,
                    "Plan Rows": 5454,
                    "Plan Width": 4,
                    "Actual Startup Time": 139.232,
                    "Actual Total Time": 139.233,
                    "Actual Rows": 3898,
                    "Actual Loops": 2,
                    "Hash Buckets": 16384,
                    "Original Hash Buckets": 16384,
                    "Hash Batches": 1,
                    "Original Hash Batches": 1,
                    "Peak Memory Usage": 480,
                    "Plans": [
                      {
                        "Node Type": "Seq Scan",
                        "Parent Relationship": "Outer",
                        "Parallel Aware": true,
                        "Relation Name": "title",
                        "Alias": "t",
                        "Startup Cost": 0.0,
                        "Total Cost": 58306.47,
                        "Plan Rows": 5454,
                        "Plan Width": 4,
                        "Actual Startup Time": 0.23,
                        "Actual Total Time": 137.659,
                        "Actual Rows": 3898,
                        "Actual Loops": 2,
                        "Filter": "((kind_id = 7) AND (production_year = 1976))",
                        "Rows Removed by Filter": 1260258
                      }
                    ]
                  }
                ]
              }
            ]
          }
        ]
      }
    ]
  },
  "Planning Time": 0.453,
  "Triggers": [],
  "Execution Time": 222.801
}