[
    {
        "Bao": {
            "Bao prediction": 590.329,
            "Bao recommended hint": "(no hint)"
        }
    },
    {
        "Plan": {
            "Node Type": "Aggregate",
            "Strategy": "Plain",
            "Partial Mode": "Simple",
            "Parallel Aware": false,
            "Startup Cost": 26536.76,
            "Total Cost": 26536.77,
            "Plan Rows": 1,
            "Plan Width": 8,
            "Actual Startup Time": 51.134,
            "Actual Total Time": 51.135,
            "Actual Rows": 1,
            "Actual Loops": 1,
            "Output": [
                "count(*)"
            ],
            "Plans": [
                {
                    "Node Type": "Bitmap Heap Scan",
                    "Parent Relationship": "Outer",
                    "Parallel Aware": false,
                    "Relation Name": "movie_keyword",
                    "Schema": "public",
                    "Alias": "mk",
                    "Startup Cost": 1221.45,
                    "Total Cost": 26393.21,
                    "Plan Rows": 57421,
                    "Plan Width": 0,
                    "Actual Startup Time": 18.241,
                    "Actual Total Time": 47.447,
                    "Actual Rows": 51698,
                    "Actual Loops": 1,
                    "Recheck Cond": "(mk.keyword_id < 52)",
                    "Rows Removed by Index Recheck": 0,
                    "Exact Heap Blocks": 15396,
                    "Lossy Heap Blocks": 0,
                    "Plans": [
                        {
                            "Node Type": "Bitmap Index Scan",
                            "Parent Relationship": "Outer",
                            "Parallel Aware": false,
                            "Index Name": "keyword_id_movie_keyword",
                            "Startup Cost": 0.0,
                            "Total Cost": 1207.09,
                            "Plan Rows": 57421,
                            "Plan Width": 0,
                            "Actual Startup Time": 12.397,
                            "Actual Total Time": 12.398,
                            "Actual Rows": 51698,
                            "Actual Loops": 1,
                            "Index Cond": "(mk.keyword_id < 52)"
                        }
                    ]
                }
            ]
        },
        "Planning Time": 1409.18,
        "Triggers": [],
        "Execution Time": 51.234
    }
]