[
  {
    "Plan": {
      "Node Type": "Aggregate",
      "Strategy": "Plain",
      "Partial Mode": "Finalize",
      "Parallel Aware": false,
      "Startup Cost": 92256.85,
      "Total Cost": 92256.86,
      "Plan Rows": 1,
      "Plan Width": 8,
      "Actual Startup Time": 553.406,
      "Actual Total Time": 569.678,
      "Actual Rows": 1,
      "Actual Loops": 1,
      "Plans": [
        {
          "Node Type": "Gather",
          "Parent Relationship": "Outer",
          "Parallel Aware": false,
          "Startup Cost": 92256.53,
          "Total Cost": 92256.84,
          "Plan Rows": 3,
          "Plan Width": 8,
          "Actual Startup Time": 542.468,
          "Actual Total Time": 569.668,
          "Actual Rows": 4,
          "Actual Loops": 1,
          "Workers Planned": 3,
          "Workers Launched": 3,
          "Single Copy": false,
          "Plans": [
            {
              "Node Type": "Aggregate",
              "Strategy": "Plain",
              "Partial Mode": "Partial",
              "Parent Relationship": "Outer",
              "Parallel Aware": false,
              "Startup Cost": 91256.53,
              "Total Cost": 91256.54,
              "Plan Rows": 1,
              "Plan Width": 8,
              "Actual Startup Time": 530.562,
              "Actual Total Time": 530.565,
              "Actual Rows": 1,
              "Actual Loops": 4,
              "Plans": [
                {
                  "Node Type": "Hash Join",
                  "Parent Relationship": "Outer",
                  "Parallel Aware": true,
                  "Join Type": "Inner",
                  "Startup Cost": 63297.96,
                  "Total Cost": 90759.43,
                  "Plan Rows": 198841,
                  "Plan Width": 0,
                  "Actual Startup Time": 409.556,
                  "Actual Total Time": 521.4,
                  "Actual Rows": 153842,
                  "Actual Loops": 4,
                  "Inner Unique": true,
                  "Hash Cond": "(mk.movie_id = t.id)",
                  "Plans": [
                    {
                      "Node Type": "Bitmap Heap Scan",
                      "Parent Relationship": "Outer",
                      "Parallel Aware": true,
                      "Relation Name": "movie_keyword",
                      "Alias": "mk",
                      "Startup Cost": 13077.58,
                      "Total Cost": 40017.09,
                      "Plan Rows": 198841,
                      "Plan Width": 4,
                      "Actual Startup Time": 35.328,
                      "Actual Total Time": 92.803,
                      "Actual Rows": 153842,
                      "Actual Loops": 4,
                      "Recheck Cond": "(keyword_id > 29703)",
                      "Rows Removed by Index Recheck": 0,
                      "Exact Heap Blocks": 9061,
                      "Lossy Heap Blocks": 0,
                      "Plans": [
                        {
                          "Node Type": "Bitmap Index Scan",
                          "Parent Relationship": "Outer",
                          "Parallel Aware": false,
                          "Index Name": "keyword_id_movie_keyword",
                          "Startup Cost": 0.0,
                          "Total Cost": 12923.48,
                          "Plan Rows": 616406,
                          "Plan Width": 0,
                          "Actual Startup Time": 31.887,
                          "Actual Total Time": 31.888,
                          "Actual Rows": 615369,
                          "Actual Loops": 1,
                          "Index Cond": "(keyword_id > 29703)"
                        }
                      ]
                    },
                    {
                      "Node Type": "Hash",
                      "Parent Relationship": "Inner",
                      "Parallel Aware": true,
                      "Startup Cost": 42319.06,
                      "Total Cost": 42319.06,
                      "Plan Rows": 632106,
                      "Plan Width": 4,
                      "Actual Startup Time": 366.079,
                      "Actual Total Time": 366.08,
                      "Actual Rows": 632078,
                      "Actual Loops": 4,
                      "Hash Buckets": 4194304,
                      "Original Hash Buckets": 4194304,
                      "Hash Batches": 1,
                      "Original Hash Batches": 1,
                      "Peak Memory Usage": 131744,
                      "Plans": [
                        {
                          "Node Type": "Seq Scan",
                          "Parent Relationship": "Outer",
                          "Parallel Aware": true,
                          "Relation Name": "title",
                          "Alias": "t",
                          "Startup Cost": 0.0,
                          "Total Cost": 42319.06,
                          "Plan Rows": 632106,
                          "Plan Width": 4,
                          "Actual Startup Time": 0.03,
                          "Actual Total Time": 113.19,
                          "Actual Rows": 632078,
                          "Actual Loops": 4
                        }
                      ]
                    }
                  ]
                }
              ]
            }
          ]
        }
      ]
    },
    "Planning Time": 0.23,
    "Triggers": [],
    "Execution Time": 569.729
  }
]