{
  "Plan": {
    "Node Type": "Aggregate",
    "Strategy": "Plain",
    "Partial Mode": "Finalize",
    "Parallel Aware": false,
    "Startup Cost": 99746.07,
    "Total Cost": 99746.08,
    "Plan Rows": 1,
    "Plan Width": 8,
    "Actual Startup Time": 695.069,
    "Actual Total Time": 716.023,
    "Actual Rows": 1,
    "Actual Loops": 1,
    "Plans": [
      {
        "Node Type": "Gather",
        "Parent Relationship": "Outer",
        "Parallel Aware": false,
        "Startup Cost": 99745.96,
        "Total Cost": 99746.07,
        "Plan Rows": 1,
        "Plan Width": 8,
        "Actual Startup Time": 688.555,
        "Actual Total Time": 716.014,
        "Actual Rows": 2,
        "Actual Loops": 1,
        "Workers Planned": 1,
        "Workers Launched": 1,
        "Single Copy": false,
        "Plans": [
          {
            "Node Type": "Aggregate",
            "Strategy": "Plain",
            "Partial Mode": "Partial",
            "Parent Relationship": "Outer",
            "Parallel Aware": false,
            "Startup Cost": 98745.96,
            "Total Cost": 98745.97,
            "Plan Rows": 1,
            "Plan Width": 8,
            "Actual Startup Time": 676.968,
            "Actual Total Time": 676.973,
            "Actual Rows": 1,
            "Actual Loops": 2,
            "Plans": [
              {
                "Node Type": "Hash Join",
                "Parent Relationship": "Outer",
                "Parallel Aware": true,
                "Join Type": "Inner",
                "Startup Cost": 72706.38,
                "Total Cost": 98521.05,
                "Plan Rows": 89962,
                "Plan Width": 0,
                "Actual Startup Time": 603.45,
                "Actual Total Time": 673.423,
                "Actual Rows": 74801,
                "Actual Loops": 2,
                "Inner Unique": true,
                "Hash Cond": "(mk.movie_id = t.id)",
                "Plans": [
                  {
                    "Node Type": "Bitmap Heap Scan",
                    "Parent Relationship": "Outer",
                    "Parallel Aware": true,
                    "Relation Name": "movie_keyword",
                    "Alias": "mk",
                    "Startup Cost": 3245.68,
                    "Total Cost": 28824.2,
                    "Plan Rows": 89962,
                    "Plan Width": 4,
                    "Actual Startup Time": 11.034,
                    "Actual Total Time": 55.612,
                    "Actual Rows": 74801,
                    "Actual Loops": 2,
                    "Recheck Cond": "(keyword_id > 73942)",
                    "Rows Removed by Index Recheck": 0,
                    "Exact Heap Blocks": 11882,
                    "Lossy Heap Blocks": 0,
                    "Plans": [
                      {
                        "Node Type": "Bitmap Index Scan",
                        "Parent Relationship": "Outer",
                        "Parallel Aware": false,
                        "Index Name": "keyword_id_movie_keyword",
                        "Startup Cost": 0.0,
                        "Total Cost": 3207.44,
                        "Plan Rows": 152935,
                        "Plan Width": 0,
                        "Actual Startup Time": 8.224,
                        "Actual Total Time": 8.225,
                        "Actual Rows": 149602,
                        "Actual Loops": 1,
                        "Index Cond": "(keyword_id > 73942)"
                      }
                    ]
                  },
                  {
                    "Node Type": "Hash",
                    "Parent Relationship": "Inner",
                    "Parallel Aware": true,
                    "Startup Cost": 50870.31,
                    "Total Cost": 50870.31,
                    "Plan Rows": 1487231,
                    "Plan Width": 4,
                    "Actual Startup Time": 570.54,
                    "Actual Total Time": 570.541,
                    "Actual Rows": 1264156,
                    "Actual Loops": 2,
                    "Hash Buckets": 4194304,
                    "Original Hash Buckets": 4194304,
                    "Hash Batches": 1,
                    "Original Hash Batches": 1,
                    "Peak Memory Usage": 131712,
                    "Plans": [
                      {
                        "Node Type": "Seq Scan",
                        "Parent Relationship": "Outer",
                        "Parallel Aware": true,
                        "Relation Name": "title",
                        "Alias": "t",
                        "Startup Cost": 0.0,
                        "Total Cost": 50870.31,
                        "Plan Rows": 1487231,
                        "Plan Width": 4,
                        "Actual Startup Time": 0.032,
                        "Actual Total Time": 160.997,
                        "Actual Rows": 1264156,
                        "Actual Loops": 2
                      }
                    ]
                  }
                ]
              }
            ]
          }
        ]
      }
    ]
  },
  "Planning Time": 0.794,
  "Triggers": [],
  "Execution Time": 716.111
}