[
  {
    "Plan": {
      "Node Type": "Aggregate",
      "Strategy": "Plain",
      "Partial Mode": "Finalize",
      "Parallel Aware": false,
      "Startup Cost": 99084.02,
      "Total Cost": 99084.03,
      "Plan Rows": 1,
      "Plan Width": 8,
      "Actual Startup Time": 243.769,
      "Actual Total Time": 271.369,
      "Actual Rows": 1,
      "Actual Loops": 1,
      "Plans": [
        {
          "Node Type": "Gather",
          "Parent Relationship": "Outer",
          "Parallel Aware": false,
          "Startup Cost": 99083.7,
          "Total Cost": 99084.01,
          "Plan Rows": 3,
          "Plan Width": 8,
          "Actual Startup Time": 242.675,
          "Actual Total Time": 271.362,
          "Actual Rows": 4,
          "Actual Loops": 1,
          "Workers Planned": 3,
          "Workers Launched": 3,
          "Single Copy": false,
          "Plans": [
            {
              "Node Type": "Aggregate",
              "Strategy": "Plain",
              "Partial Mode": "Partial",
              "Parent Relationship": "Outer",
              "Parallel Aware": false,
              "Startup Cost": 98083.7,
              "Total Cost": 98083.71,
              "Plan Rows": 1,
              "Plan Width": 8,
              "Actual Startup Time": 239.96,
              "Actual Total Time": 239.964,
              "Actual Rows": 1,
              "Actual Loops": 4,
              "Plans": [
                {
                  "Node Type": "Nested Loop",
                  "Parent Relationship": "Outer",
                  "Parallel Aware": false,
                  "Join Type": "Inner",
                  "Startup Cost": 48392.06,
                  "Total Cost": 98052.49,
                  "Plan Rows": 12485,
                  "Plan Width": 0,
                  "Actual Startup Time": 95.341,
                  "Actual Total Time": 238.383,
                  "Actual Rows": 24633,
                  "Actual Loops": 4,
                  "Inner Unique": false,
                  "Join Filter": "(t.id = ci.movie_id)",
                  "Rows Removed by Join Filter": 0,
                  "Plans": [
                    {
                      "Node Type": "Hash Join",
                      "Parent Relationship": "Outer",
                      "Parallel Aware": true,
                      "Join Type": "Inner",
                      "Startup Cost": 48391.5,
                      "Total Cost": 73799.76,
                      "Plan Rows": 2717,
                      "Plan Width": 8,
                      "Actual Startup Time": 95.221,
                      "Actual Total Time": 127.699,
                      "Actual Rows": 1700,
                      "Actual Loops": 4,
                      "Inner Unique": true,
                      "Hash Cond": "(mk.movie_id = t.id)",
                      "Plans": [
                        {
                          "Node Type": "Bitmap Heap Scan",
                          "Parent Relationship": "Outer",
                          "Parallel Aware": true,
                          "Relation Name": "movie_keyword",
                          "Alias": "mk",
                          "Startup Cost": 4152.22,
                          "Total Cost": 29394.87,
                          "Plan Rows": 63092,
                          "Plan Width": 4,
                          "Actual Startup Time": 13.319,
                          "Actual Total Time": 35.41,
                          "Actual Rows": 47194,
                          "Actual Loops": 4,
                          "Recheck Cond": "(keyword_id < 137)",
                          "Rows Removed by Index Recheck": 0,
                          "Exact Heap Blocks": 11065,
                          "Lossy Heap Blocks": 0,
                          "Plans": [
                            {
                              "Node Type": "Bitmap Index Scan",
                              "Parent Relationship": "Outer",
                              "Parallel Aware": false,
                              "Index Name": "keyword_id_movie_keyword",
                              "Startup Cost": 0.0,
                              "Total Cost": 4103.32,
                              "Plan Rows": 195585,
                              "Plan Width": 0,
                              "Actual Startup Time": 9.809,
                              "Actual Total Time": 9.81,
                              "Actual Rows": 188777,
                              "Actual Loops": 1,
                              "Index Cond": "(keyword_id < 137)"
                            }
                          ]
                        },
                        {
                          "Node Type": "Hash",
                          "Parent Relationship": "Inner",
                          "Parallel Aware": true,
                          "Startup Cost": 43899.01,
                          "Total Cost": 43899.01,
                          "Plan Rows": 27222,
                          "Plan Width": 4,
                          "Actual Startup Time": 81.423,
                          "Actual Total Time": 81.423,
                          "Actual Rows": 27107,
                          "Actual Loops": 4,
                          "Hash Buckets": 131072,
                          "Original Hash Buckets": 131072,
                          "Hash Batches": 1,
                          "Original Hash Batches": 1,
                          "Peak Memory Usage": 5344,
                          "Plans": [
                            {
                              "Node Type": "Seq Scan",
                              "Parent Relationship": "Outer",
                              "Parallel Aware": true,
                              "Relation Name": "title",
                              "Alias": "t",
                              "Startup Cost": 0.0,
                              "Total Cost": 43899.01,
                              "Plan Rows": 27222,
                              "Plan Width": 4,
                              "Actual Startup Time": 0.017,
                              "Actual Total Time": 72.222,
                              "Actual Rows": 27107,
                              "Actual Loops": 4,
                              "Filter": "(production_year = 2006)",
                              "Rows Removed by Filter": 604971
                            }
                          ]
                        }
                      ]
                    },
                    {
                      "Node Type": "Index Scan",
                      "Parent Relationship": "Inner",
                      "Parallel Aware": false,
                      "Scan Direction": "Forward",
                      "Index Name": "movie_id_cast_info",
                      "Relation Name": "cast_info",
                      "Alias": "ci",
                      "Startup Cost": 0.56,
                      "Total Cost": 8.78,
                      "Plan Rows": 12,
                      "Plan Width": 4,
                      "Actual Startup Time": 0.01,
                      "Actual Total Time": 0.063,
                      "Actual Rows": 14,
                      "Actual Loops": 6798,
                      "Index Cond": "(movie_id = mk.movie_id)",
                      "Rows Removed by Index Recheck": 0,
                      "Filter": "(person_id < 1147057)",
                      "Rows Removed by Filter": 34
                    }
                  ]
                }
              ]
            }
          ]
        }
      ]
    },
    "Planning Time": 0.485,
    "Triggers": [],
    "Execution Time": 271.417
  }
]