[
  {
    "Plan": {
      "Node Type": "Aggregate",
      "Strategy": "Plain",
      "Partial Mode": "Finalize",
      "Parallel Aware": false,
      "Startup Cost": 122102.08,
      "Total Cost": 122102.09,
      "Plan Rows": 1,
      "Plan Width": 8,
      "Actual Startup Time": 556.884,
      "Actual Total Time": 575.869,
      "Actual Rows": 1,
      "Actual Loops": 1,
      "Plans": [
        {
          "Node Type": "Gather",
          "Parent Relationship": "Outer",
          "Parallel Aware": false,
          "Startup Cost": 122101.76,
          "Total Cost": 122102.07,
          "Plan Rows": 3,
          "Plan Width": 8,
          "Actual Startup Time": 551.524,
          "Actual Total Time": 575.858,
          "Actual Rows": 4,
          "Actual Loops": 1,
          "Workers Planned": 3,
          "Workers Launched": 3,
          "Single Copy": false,
          "Plans": [
            {
              "Node Type": "Aggregate",
              "Strategy": "Plain",
              "Partial Mode": "Partial",
              "Parent Relationship": "Outer",
              "Parallel Aware": false,
              "Startup Cost": 121101.76,
              "Total Cost": 121101.77,
              "Plan Rows": 1,
              "Plan Width": 8,
              "Actual Startup Time": 546.911,
              "Actual Total Time": 547.04,
              "Actual Rows": 1,
              "Actual Loops": 4,
              "Plans": [
                {
                  "Node Type": "Hash Join",
                  "Parent Relationship": "Outer",
                  "Parallel Aware": true,
                  "Join Type": "Inner",
                  "Startup Cost": 90407.62,
                  "Total Cost": 120957.07,
                  "Plan Rows": 57877,
                  "Plan Width": 0,
                  "Actual Startup Time": 342.862,
                  "Actual Total Time": 520.311,
                  "Actual Rows": 670842,
                  "Actual Loops": 4,
                  "Inner Unique": false,
                  "Hash Cond": "(mc.movie_id = t.id)",
                  "Plans": [
                    {
                      "Node Type": "Seq Scan",
                      "Parent Relationship": "Outer",
                      "Parallel Aware": true,
                      "Relation Name": "movie_companies",
                      "Alias": "mc",
                      "Startup Cost": 0.0,
                      "Total Cost": 27206.55,
                      "Plan Rows": 841655,
                      "Plan Width": 4,
                      "Actual Startup Time": 0.02,
                      "Actual Total Time": 56.287,
                      "Actual Rows": 652282,
                      "Actual Loops": 4
                    },
                    {
                      "Node Type": "Hash",
                      "Parent Relationship": "Inner",
                      "Parallel Aware": true,
                      "Startup Cost": 89706.55,
                      "Total Cost": 89706.55,
                      "Plan Rows": 56086,
                      "Plan Width": 8,
                      "Actual Startup Time": 340.719,
                      "Actual Total Time": 340.847,
                      "Actual Rows": 76365,
                      "Actual Loops": 4,
                      "Hash Buckets": 524288,
                      "Original Hash Buckets": 262144,
                      "Hash Batches": 1,
                      "Original Hash Batches": 1,
                      "Peak Memory Usage": 18144,
                      "Plans": [
                        {
                          "Node Type": "Hash Join",
                          "Parent Relationship": "Outer",
                          "Parallel Aware": true,
                          "Join Type": "Inner",
                          "Startup Cost": 61932.53,
                          "Total Cost": 89706.55,
                          "Plan Rows": 56086,
                          "Plan Width": 8,
                          "Actual Startup Time": 207.203,
                          "Actual Total Time": 313.369,
                          "Actual Rows": 76365,
                          "Actual Loops": 4,
                          "Inner Unique": true,
                          "Hash Cond": "(mk.movie_id = t.id)",
                          "Plans": [
                            {
                              "Node Type": "Bitmap Heap Scan",
                              "Parent Relationship": "Outer",
                              "Parallel Aware": true,
                              "Relation Name": "movie_keyword",
                              "Alias": "mk",
                              "Startup Cost": 14434.04,
                              "Total Cost": 41631.86,
                              "Plan Rows": 219505,
                              "Plan Width": 4,
                              "Actual Startup Time": 44.647,
                              "Actual Total Time": 106.571,
                              "Actual Rows": 171305,
                              "Actual Loops": 4,
                              "Recheck Cond": "(keyword_id < 568)",
                              "Rows Removed by Index Recheck": 0,
                              "Exact Heap Blocks": 8292,
                              "Lossy Heap Blocks": 0,
                              "Plans": [
                                {
                                  "Node Type": "Bitmap Index Scan",
                                  "Parent Relationship": "Outer",
                                  "Parallel Aware": false,
                                  "Index Name": "keyword_id_movie_keyword",
                                  "Startup Cost": 0.0,
                                  "Total Cost": 14263.93,
                                  "Plan Rows": 680466,
                                  "Plan Width": 0,
                                  "Actual Startup Time": 40.219,
                                  "Actual Total Time": 40.22,
                                  "Actual Rows": 685221,
                                  "Actual Loops": 1,
                                  "Index Cond": "(keyword_id < 568)"
                                }
                              ]
                            },
                            {
                              "Node Type": "Hash",
                              "Parent Relationship": "Inner",
                              "Parallel Aware": true,
                              "Startup Cost": 45479.59,
                              "Total Cost": 45479.59,
                              "Plan Rows": 161512,
                              "Plan Width": 4,
                              "Actual Startup Time": 158.86,
                              "Actual Total Time": 158.861,
                              "Actual Rows": 130466,
                              "Actual Loops": 4,
                              "Hash Buckets": 1048576,
                              "Original Hash Buckets": 1048576,
                              "Hash Batches": 1,
                              "Original Hash Batches": 1,
                              "Peak Memory Usage": 28672,
                              "Plans": [
                                {
                                  "Node Type": "Seq Scan",
                                  "Parent Relationship": "Outer",
                                  "Parallel Aware": true,
                                  "Relation Name": "title",
                                  "Alias": "t",
                                  "Startup Cost": 0.0,
                                  "Total Cost": 45479.59,
                                  "Plan Rows": 161512,
                                  "Plan Width": 4,
                                  "Actual Startup Time": 0.03,
                                  "Actual Total Time": 103.17,
                                  "Actual Rows": 130466,
                                  "Actual Loops": 4,
                                  "Filter": "((kind_id < 4) AND (production_year > 1982))",
                                  "Rows Removed by Filter": 501612
                                }
                              ]
                            }
                          ]
                        }
                      ]
                    }
                  ]
                }
              ]
            }
          ]
        }
      ]
    },
    "Planning Time": 1.452,
    "Triggers": [],
    "Execution Time": 575.98
  }
]