{
  "Plan": {
    "Node Type": "Aggregate",
    "Strategy": "Plain",
    "Partial Mode": "Finalize",
    "Parallel Aware": false,
    "Startup Cost": 345464.43,
    "Total Cost": 345464.44,
    "Plan Rows": 1,
    "Plan Width": 8,
    "Actual Startup Time": 1391.873,
    "Actual Total Time": 1448.843,
    "Actual Rows": 1,
    "Actual Loops": 1,
    "Plans": [
      {
        "Node Type": "Gather",
        "Parent Relationship": "Outer",
        "Parallel Aware": false,
        "Startup Cost": 345464.32,
        "Total Cost": 345464.43,
        "Plan Rows": 1,
        "Plan Width": 8,
        "Actual Startup Time": 1391.563,
        "Actual Total Time": 1448.834,
        "Actual Rows": 2,
        "Actual Loops": 1,
        "Workers Planned": 1,
        "Workers Launched": 1,
        "Single Copy": false,
        "Plans": [
          {
            "Node Type": "Aggregate",
            "Strategy": "Plain",
            "Partial Mode": "Partial",
            "Parent Relationship": "Outer",
            "Parallel Aware": false,
            "Startup Cost": 344464.32,
            "Total Cost": 344464.33,
            "Plan Rows": 1,
            "Plan Width": 8,
            "Actual Startup Time": 1387.811,
            "Actual Total Time": 1387.815,
            "Actual Rows": 1,
            "Actual Loops": 2,
            "Plans": [
              {
                "Node Type": "Hash Join",
                "Parent Relationship": "Outer",
                "Parallel Aware": true,
                "Join Type": "Inner",
                "Startup Cost": 58392.73,
                "Total Cost": 344396.68,
                "Plan Rows": 27057,
                "Plan Width": 0,
                "Actual Startup Time": 198.827,
                "Actual Total Time": 1386.971,
                "Actual Rows": 14442,
                "Actual Loops": 2,
                "Inner Unique": true,
                "Hash Cond": "(mi.movie_id = t.id)",
                "Plans": [
                  {
                    "Node Type": "Seq Scan",
                    "Parent Relationship": "Outer",
                    "Parallel Aware": true,
                    "Relation Name": "movie_info",
                    "Alias": "mi",
                    "Startup Cost": 0.0,
                    "Total Cost": 270696.42,
                    "Plan Rows": 5831431,
                    "Plan Width": 4,
                    "Actual Startup Time": 39.166,
                    "Actual Total Time": 825.812,
                    "Actual Rows": 4955877,
                    "Actual Loops": 2,
                    "Filter": "(info_type_id > 4)",
                    "Rows Removed by Filter": 2461983
                  },
                  {
                    "Node Type": "Hash",
                    "Parent Relationship": "Inner",
                    "Parallel Aware": true,
                    "Startup Cost": 58306.47,
                    "Total Cost": 58306.47,
                    "Plan Rows": 6901,
                    "Plan Width": 4,
                    "Actual Startup Time": 158.187,
                    "Actual Total Time": 158.188,
                    "Actual Rows": 5307,
                    "Actual Loops": 2,
                    "Hash Buckets": 16384,
                    "Original Hash Buckets": 16384,
                    "Hash Batches": 1,
                    "Original Hash Batches": 1,
                    "Peak Memory Usage": 576,
                    "Plans": [
                      {
                        "Node Type": "Seq Scan",
                        "Parent Relationship": "Outer",
                        "Parallel Aware": true,
                        "Relation Name": "title",
                        "Alias": "t",
                        "Startup Cost": 0.0,
                        "Total Cost": 58306.47,
                        "Plan Rows": 6901,
                        "Plan Width": 4,
                        "Actual Startup Time": 0.191,
                        "Actual Total Time": 155.871,
                        "Actual Rows": 5307,
                        "Actual Loops": 2,
                        "Filter": "((kind_id = 7) AND (production_year = 1985))",
                        "Rows Removed by Filter": 1258849
                      }
                    ]
                  }
                ]
              }
            ]
          }
        ]
      }
    ]
  },
  "Planning Time": 0.461,
  "Triggers": [],
  "Execution Time": 1448.929
}