[
  {
    "Plan": {
      "Node Type": "Aggregate",
      "Strategy": "Plain",
      "Partial Mode": "Finalize",
      "Parallel Aware": false,
      "Startup Cost": 279751.72,
      "Total Cost": 279751.73,
      "Plan Rows": 1,
      "Plan Width": 8,
      "Actual Startup Time": 1140.849,
      "Actual Total Time": 1190.841,
      "Actual Rows": 1,
      "Actual Loops": 1,
      "Plans": [
        {
          "Node Type": "Gather",
          "Parent Relationship": "Outer",
          "Parallel Aware": false,
          "Startup Cost": 279751.19,
          "Total Cost": 279751.7,
          "Plan Rows": 5,
          "Plan Width": 8,
          "Actual Startup Time": 1110.108,
          "Actual Total Time": 1190.83,
          "Actual Rows": 6,
          "Actual Loops": 1,
          "Workers Planned": 5,
          "Workers Launched": 5,
          "Single Copy": false,
          "Plans": [
            {
              "Node Type": "Aggregate",
              "Strategy": "Plain",
              "Partial Mode": "Partial",
              "Parent Relationship": "Outer",
              "Parallel Aware": false,
              "Startup Cost": 278751.19,
              "Total Cost": 278751.2,
              "Plan Rows": 1,
              "Plan Width": 8,
              "Actual Startup Time": 1098.586,
              "Actual Total Time": 1099.192,
              "Actual Rows": 1,
              "Actual Loops": 6,
              "Plans": [
                {
                  "Node Type": "Hash Join",
                  "Parent Relationship": "Outer",
                  "Parallel Aware": true,
                  "Join Type": "Inner",
                  "Startup Cost": 72601.89,
                  "Total Cost": 277422.02,
                  "Plan Rows": 531670,
                  "Plan Width": 0,
                  "Actual Startup Time": 471.786,
                  "Actual Total Time": 1058.987,
                  "Actual Rows": 853819,
                  "Actual Loops": 6,
                  "Inner Unique": false,
                  "Hash Cond": "(mi.movie_id = t.id)",
                  "Plans": [
                    {
                      "Node Type": "Seq Scan",
                      "Parent Relationship": "Outer",
                      "Parallel Aware": true,
                      "Relation Name": "movie_info",
                      "Alias": "mi",
                      "Startup Cost": 0.0,
                      "Total Cost": 198952.16,
                      "Plan Rows": 974046,
                      "Plan Width": 4,
                      "Actual Startup Time": 0.036,
                      "Actual Total Time": 326.629,
                      "Actual Rows": 820661,
                      "Actual Loops": 6,
                      "Filter": "(info_type_id < 5)",
                      "Rows Removed by Filter": 1651959
                    },
                    {
                      "Node Type": "Hash",
                      "Parent Relationship": "Inner",
                      "Parallel Aware": true,
                      "Startup Cost": 65414.21,
                      "Total Cost": 65414.21,
                      "Plan Rows": 575015,
                      "Plan Width": 8,
                      "Actual Startup Time": 465.949,
                      "Actual Total Time": 466.553,
                      "Actual Rows": 230006,
                      "Actual Loops": 6,
                      "Hash Buckets": 2097152,
                      "Original Hash Buckets": 2097152,
                      "Hash Batches": 1,
                      "Original Hash Batches": 1,
                      "Peak Memory Usage": 70464,
                      "Plans": [
                        {
                          "Node Type": "Hash Join",
                          "Parent Relationship": "Outer",
                          "Parallel Aware": true,
                          "Join Type": "Inner",
                          "Startup Cost": 50219.64,
                          "Total Cost": 65414.21,
                          "Plan Rows": 575015,
                          "Plan Width": 8,
                          "Actual Startup Time": 287.707,
                          "Actual Total Time": 388.267,
                          "Actual Rows": 230006,
                          "Actual Loops": 6,
                          "Inner Unique": true,
                          "Hash Cond": "(mi_idx.movie_id = t.id)",
                          "Plans": [
                            {
                              "Node Type": "Seq Scan",
                              "Parent Relationship": "Outer",
                              "Parallel Aware": true,
                              "Relation Name": "movie_info_idx",
                              "Alias": "mi_idx",
                              "Startup Cost": 0.0,
                              "Total Cost": 13685.15,
                              "Plan Rows": 575015,
                              "Plan Width": 4,
                              "Actual Startup Time": 0.035,
                              "Actual Total Time": 24.355,
                              "Actual Rows": 230006,
                              "Actual Loops": 6
                            },
                            {
                              "Node Type": "Hash",
                              "Parent Relationship": "Inner",
                              "Parallel Aware": true,
                              "Startup Cost": 42318.73,
                              "Total Cost": 42318.73,
                              "Plan Rows": 632073,
                              "Plan Width": 4,
                              "Actual Startup Time": 283.166,
                              "Actual Total Time": 283.167,
                              "Actual Rows": 421385,
                              "Actual Loops": 6,
                              "Hash Buckets": 4194304,
                              "Original Hash Buckets": 4194304,
                              "Hash Batches": 1,
                              "Original Hash Batches": 1,
                              "Peak Memory Usage": 131776,
                              "Plans": [
                                {
                                  "Node Type": "Seq Scan",
                                  "Parent Relationship": "Outer",
                                  "Parallel Aware": true,
                                  "Relation Name": "title",
                                  "Alias": "t",
                                  "Startup Cost": 0.0,
                                  "Total Cost": 42318.73,
                                  "Plan Rows": 632073,
                                  "Plan Width": 4,
                                  "Actual Startup Time": 0.039,
                                  "Actual Total Time": 82.145,
                                  "Actual Rows": 421385,
                                  "Actual Loops": 6
                                }
                              ]
                            }
                          ]
                        }
                      ]
                    }
                  ]
                }
              ]
            }
          ]
        }
      ]
    },
    "Planning Time": 0.794,
    "Triggers": [],
    "Execution Time": 1190.908
  }
]