[
  {
    "Plan": {
      "Node Type": "Aggregate",
      "Strategy": "Plain",
      "Partial Mode": "Finalize",
      "Parallel Aware": false,
      "Startup Cost": 357956.72,
      "Total Cost": 357956.73,
      "Plan Rows": 1,
      "Plan Width": 8,
      "Actual Startup Time": 449.132,
      "Actual Total Time": 511.446,
      "Actual Rows": 1,
      "Actual Loops": 1,
      "Plans": [
        {
          "Node Type": "Gather",
          "Parent Relationship": "Outer",
          "Parallel Aware": false,
          "Startup Cost": 357956.3,
          "Total Cost": 357956.71,
          "Plan Rows": 4,
          "Plan Width": 8,
          "Actual Startup Time": 449.005,
          "Actual Total Time": 511.436,
          "Actual Rows": 5,
          "Actual Loops": 1,
          "Workers Planned": 4,
          "Workers Launched": 4,
          "Single Copy": false,
          "Plans": [
            {
              "Node Type": "Aggregate",
              "Strategy": "Plain",
              "Partial Mode": "Partial",
              "Parent Relationship": "Outer",
              "Parallel Aware": false,
              "Startup Cost": 356956.3,
              "Total Cost": 356956.31,
              "Plan Rows": 1,
              "Plan Width": 8,
              "Actual Startup Time": 439.392,
              "Actual Total Time": 439.393,
              "Actual Rows": 1,
              "Actual Loops": 5,
              "Plans": [
                {
                  "Node Type": "Nested Loop",
                  "Parent Relationship": "Outer",
                  "Parallel Aware": false,
                  "Join Type": "Inner",
                  "Startup Cost": 0.56,
                  "Total Cost": 356720.96,
                  "Plan Rows": 94135,
                  "Plan Width": 0,
                  "Actual Startup Time": 0.806,
                  "Actual Total Time": 434.471,
                  "Actual Rows": 64308,
                  "Actual Loops": 5,
                  "Inner Unique": false,
                  "Plans": [
                    {
                      "Node Type": "Seq Scan",
                      "Parent Relationship": "Outer",
                      "Parallel Aware": true,
                      "Relation Name": "title",
                      "Alias": "t",
                      "Startup Cost": 0.0,
                      "Total Cost": 45479.1,
                      "Plan Rows": 11996,
                      "Plan Width": 4,
                      "Actual Startup Time": 0.488,
                      "Actual Total Time": 70.14,
                      "Actual Rows": 7750,
                      "Actual Loops": 5,
                      "Filter": "((kind_id < 7) AND (production_year = 2008))",
                      "Rows Removed by Filter": 497912
                    },
                    {
                      "Node Type": "Index Scan",
                      "Parent Relationship": "Inner",
                      "Parallel Aware": false,
                      "Scan Direction": "Forward",
                      "Index Name": "movie_id_cast_info",
                      "Relation Name": "cast_info",
                      "Alias": "ci",
                      "Startup Cost": 0.56,
                      "Total Cost": 25.75,
                      "Plan Rows": 20,
                      "Plan Width": 4,
                      "Actual Startup Time": 0.012,
                      "Actual Total Time": 0.046,
                      "Actual Rows": 8,
                      "Actual Loops": 38752,
                      "Index Cond": "(movie_id = t.id)",
                      "Rows Removed by Index Recheck": 0,
                      "Filter": "(role_id < 3)",
                      "Rows Removed by Filter": 8
                    }
                  ]
                }
              ]
            }
          ]
        }
      ]
    },
    "Planning Time": 0.622,
    "Triggers": [],
    "Execution Time": 511.543
  }
]