[
  {
    "Plan": {
      "Node Type": "Aggregate",
      "Strategy": "Plain",
      "Partial Mode": "Finalize",
      "Parallel Aware": false,
      "Startup Cost": 9777.52,
      "Total Cost": 9777.53,
      "Plan Rows": 1,
      "Plan Width": 8,
      "Actual Startup Time": 35.712,
      "Actual Total Time": 38.153,
      "Actual Rows": 1,
      "Actual Loops": 1,
      "Plans": [
        {
          "Node Type": "Gather",
          "Parent Relationship": "Outer",
          "Parallel Aware": false,
          "Startup Cost": 9777.2,
          "Total Cost": 9777.51,
          "Plan Rows": 3,
          "Plan Width": 8,
          "Actual Startup Time": 35.601,
          "Actual Total Time": 38.146,
          "Actual Rows": 4,
          "Actual Loops": 1,
          "Workers Planned": 3,
          "Workers Launched": 3,
          "Single Copy": false,
          "Plans": [
            {
              "Node Type": "Aggregate",
              "Strategy": "Plain",
              "Partial Mode": "Partial",
              "Parent Relationship": "Outer",
              "Parallel Aware": false,
              "Startup Cost": 8777.2,
              "Total Cost": 8777.21,
              "Plan Rows": 1,
              "Plan Width": 8,
              "Actual Startup Time": 28.758,
              "Actual Total Time": 28.759,
              "Actual Rows": 1,
              "Actual Loops": 4,
              "Plans": [
                {
                  "Node Type": "Index Scan",
                  "Parent Relationship": "Outer",
                  "Parallel Aware": true,
                  "Scan Direction": "Forward",
                  "Index Name": "role_id_cast_info",
                  "Relation Name": "cast_info",
                  "Alias": "ci",
                  "Startup Cost": 0.56,
                  "Total Cost": 8600.37,
                  "Plan Rows": 70733,
                  "Plan Width": 0,
                  "Actual Startup Time": 0.184,
                  "Actual Total Time": 26.573,
                  "Actual Rows": 21828,
                  "Actual Loops": 4,
                  "Index Cond": "(role_id > 10)",
                  "Rows Removed by Index Recheck": 0,
                  "Filter": "(person_id < 2754965)",
                  "Rows Removed by Filter": 57202
                }
              ]
            }
          ]
        }
      ]
    },
    "Planning Time": 0.23,
    "Triggers": [],
    "Execution Time": 38.213
  }
]