[
  {
    "Plan": {
      "Node Type": "Aggregate",
      "Strategy": "Plain",
      "Partial Mode": "Finalize",
      "Parallel Aware": false,
      "Startup Cost": 563276.77,
      "Total Cost": 563276.78,
      "Plan Rows": 1,
      "Plan Width": 8,
      "Actual Startup Time": 5559.043,
      "Actual Total Time": 5625.459,
      "Actual Rows": 1,
      "Actual Loops": 1,
      "Plans": [
        {
          "Node Type": "Gather",
          "Parent Relationship": "Outer",
          "Parallel Aware": false,
          "Startup Cost": 563276.15,
          "Total Cost": 563276.76,
          "Plan Rows": 6,
          "Plan Width": 8,
          "Actual Startup Time": 5549.122,
          "Actual Total Time": 5625.427,
          "Actual Rows": 7,
          "Actual Loops": 1,
          "Workers Planned": 6,
          "Workers Launched": 6,
          "Single Copy": false,
          "Plans": [
            {
              "Node Type": "Aggregate",
              "Strategy": "Plain",
              "Partial Mode": "Partial",
              "Parent Relationship": "Outer",
              "Parallel Aware": false,
              "Startup Cost": 562276.15,
              "Total Cost": 562276.16,
              "Plan Rows": 1,
              "Plan Width": 8,
              "Actual Startup Time": 5539.148,
              "Actual Total Time": 5539.152,
              "Actual Rows": 1,
              "Actual Loops": 7,
              "Plans": [
                {
                  "Node Type": "Nested Loop",
                  "Parent Relationship": "Outer",
                  "Parallel Aware": false,
                  "Join Type": "Inner",
                  "Startup Cost": 109051.51,
                  "Total Cost": 561081.63,
                  "Plan Rows": 477807,
                  "Plan Width": 0,
                  "Actual Startup Time": 264.437,
                  "Actual Total Time": 5198.125,
                  "Actual Rows": 8162822,
                  "Actual Loops": 7,
                  "Inner Unique": false,
                  "Join Filter": "(t.id = mi.movie_id)",
                  "Rows Removed by Join Filter": 0,
                  "Plans": [
                    {
                      "Node Type": "Hash Join",
                      "Parent Relationship": "Outer",
                      "Parallel Aware": true,
                      "Join Type": "Inner",
                      "Startup Cost": 109051.08,
                      "Total Cost": 369358.73,
                      "Plan Rows": 81375,
                      "Plan Width": 8,
                      "Actual Startup Time": 264.218,
                      "Actual Total Time": 604.4,
                      "Actual Rows": 138281,
                      "Actual Loops": 7,
                      "Inner Unique": true,
                      "Hash Cond": "(ci.movie_id = t.id)",
                      "Plans": [
                        {
                          "Node Type": "Bitmap Heap Scan",
                          "Parent Relationship": "Outer",
                          "Parallel Aware": true,
                          "Relation Name": "cast_info",
                          "Alias": "ci",
                          "Startup Cost": 62068.93,
                          "Total Cost": 321829.1,
                          "Plan Rows": 208564,
                          "Plan Width": 4,
                          "Actual Startup Time": 120.685,
                          "Actual Total Time": 225.555,
                          "Actual Rows": 390340,
                          "Actual Loops": 7,
                          "Recheck Cond": "(person_id > 3539589)",
                          "Rows Removed by Index Recheck": 0,
                          "Filter": "(role_id > 2)",
                          "Rows Removed by Filter": 0,
                          "Exact Heap Blocks": 5348,
                          "Lossy Heap Blocks": 0,
                          "Plans": [
                            {
                              "Node Type": "Bitmap Index Scan",
                              "Parent Relationship": "Outer",
                              "Parallel Aware": false,
                              "Index Name": "person_id_cast_info",
                              "Startup Cost": 0.0,
                              "Total Cost": 61756.08,
                              "Plan Rows": 2829269,
                              "Plan Width": 0,
                              "Actual Startup Time": 114.129,
                              "Actual Total Time": 114.13,
                              "Actual Rows": 2732379,
                              "Actual Loops": 1,
                              "Index Cond": "(person_id > 3539589)"
                            }
                          ]
                        },
                        {
                          "Node Type": "Hash",
                          "Parent Relationship": "Inner",
                          "Parallel Aware": true,
                          "Startup Cost": 43899.32,
                          "Total Cost": 43899.32,
                          "Plan Rows": 246626,
                          "Plan Width": 4,
                          "Actual Startup Time": 140.799,
                          "Actual Total Time": 140.8,
                          "Actual Rows": 140721,
                          "Actual Loops": 7,
                          "Hash Buckets": 1048576,
                          "Original Hash Buckets": 1048576,
                          "Hash Batches": 1,
                          "Original Hash Batches": 1,
                          "Peak Memory Usage": 46848,
                          "Plans": [
                            {
                              "Node Type": "Seq Scan",
                              "Parent Relationship": "Outer",
                              "Parallel Aware": true,
                              "Relation Name": "title",
                              "Alias": "t",
                              "Startup Cost": 0.0,
                              "Total Cost": 43899.32,
                              "Plan Rows": 246626,
                              "Plan Width": 4,
                              "Actual Startup Time": 0.052,
                              "Actual Total Time": 79.71,
                              "Actual Rows": 140721,
                              "Actual Loops": 7,
                              "Filter": "(kind_id < 7)",
                              "Rows Removed by Filter": 220466
                            }
                          ]
                        }
                      ]
                    },
                    {
                      "Node Type": "Index Only Scan",
                      "Parent Relationship": "Inner",
                      "Parallel Aware": false,
                      "Scan Direction": "Forward",
                      "Index Name": "movie_id_movie_info",
                      "Relation Name": "movie_info",
                      "Alias": "mi",
                      "Startup Cost": 0.43,
                      "Total Cost": 1.84,
                      "Plan Rows": 41,
                      "Plan Width": 4,
                      "Actual Startup Time": 0.007,
                      "Actual Total Time": 0.028,
                      "Actual Rows": 59,
                      "Actual Loops": 967968,
                      "Index Cond": "(movie_id = ci.movie_id)",
                      "Rows Removed by Index Recheck": 0,
                      "Heap Fetches": 57139756
                    }
                  ]
                }
              ]
            }
          ]
        }
      ]
    },
    "Planning Time": 0.645,
    "Triggers": [],
    "Execution Time": 5625.551
  }
]