[
  {
    "Plan": {
      "Node Type": "Aggregate",
      "Strategy": "Plain",
      "Partial Mode": "Finalize",
      "Parallel Aware": false,
      "Startup Cost": 95674.19,
      "Total Cost": 95674.2,
      "Plan Rows": 1,
      "Plan Width": 8,
      "Actual Startup Time": 456.162,
      "Actual Total Time": 471.463,
      "Actual Rows": 1,
      "Actual Loops": 1,
      "Plans": [
        {
          "Node Type": "Gather",
          "Parent Relationship": "Outer",
          "Parallel Aware": false,
          "Startup Cost": 95673.87,
          "Total Cost": 95674.18,
          "Plan Rows": 3,
          "Plan Width": 8,
          "Actual Startup Time": 451.229,
          "Actual Total Time": 471.451,
          "Actual Rows": 4,
          "Actual Loops": 1,
          "Workers Planned": 3,
          "Workers Launched": 3,
          "Single Copy": false,
          "Plans": [
            {
              "Node Type": "Aggregate",
              "Strategy": "Plain",
              "Partial Mode": "Partial",
              "Parent Relationship": "Outer",
              "Parallel Aware": false,
              "Startup Cost": 94673.87,
              "Total Cost": 94673.88,
              "Plan Rows": 1,
              "Plan Width": 8,
              "Actual Startup Time": 442.919,
              "Actual Total Time": 442.922,
              "Actual Rows": 1,
              "Actual Loops": 4,
              "Plans": [
                {
                  "Node Type": "Hash Join",
                  "Parent Relationship": "Outer",
                  "Parallel Aware": true,
                  "Join Type": "Inner",
                  "Startup Cost": 48491.47,
                  "Total Cost": 93745.06,
                  "Plan Rows": 371526,
                  "Plan Width": 0,
                  "Actual Startup Time": 190.967,
                  "Actual Total Time": 417.219,
                  "Actual Rows": 647710,
                  "Actual Loops": 4,
                  "Inner Unique": true,
                  "Hash Cond": "(mk.movie_id = t.id)",
                  "Plans": [
                    {
                      "Node Type": "Seq Scan",
                      "Parent Relationship": "Outer",
                      "Parallel Aware": true,
                      "Relation Name": "movie_keyword",
                      "Alias": "mk",
                      "Startup Cost": 0.0,
                      "Total Cost": 42695.65,
                      "Plan Rows": 974449,
                      "Plan Width": 4,
                      "Actual Startup Time": 0.026,
                      "Actual Total Time": 105.998,
                      "Actual Rows": 752334,
                      "Actual Loops": 4,
                      "Filter": "(keyword_id < 10689)",
                      "Rows Removed by Filter": 378649
                    },
                    {
                      "Node Type": "Hash",
                      "Parent Relationship": "Inner",
                      "Parallel Aware": true,
                      "Startup Cost": 45479.1,
                      "Total Cost": 45479.1,
                      "Plan Rows": 240990,
                      "Plan Width": 4,
                      "Actual Startup Time": 185.692,
                      "Actual Total Time": 185.693,
                      "Actual Rows": 244444,
                      "Actual Loops": 4,
                      "Hash Buckets": 1048576,
                      "Original Hash Buckets": 1048576,
                      "Hash Batches": 1,
                      "Original Hash Batches": 1,
                      "Peak Memory Usage": 46496,
                      "Plans": [
                        {
                          "Node Type": "Seq Scan",
                          "Parent Relationship": "Outer",
                          "Parallel Aware": true,
                          "Relation Name": "title",
                          "Alias": "t",
                          "Startup Cost": 0.0,
                          "Total Cost": 45479.1,
                          "Plan Rows": 240990,
                          "Plan Width": 4,
                          "Actual Startup Time": 0.037,
                          "Actual Total Time": 105.375,
                          "Actual Rows": 244444,
                          "Actual Loops": 4,
                          "Filter": "((kind_id < 7) AND (production_year > 0))",
                          "Rows Removed by Filter": 387634
                        }
                      ]
                    }
                  ]
                }
              ]
            }
          ]
        }
      ]
    },
    "Planning Time": 0.63,
    "Triggers": [],
    "Execution Time": 471.533
  }
]