[
  {
    "Plan": {
      "Node Type": "Aggregate",
      "Strategy": "Plain",
      "Partial Mode": "Finalize",
      "Parallel Aware": false,
      "Startup Cost": 90683.99,
      "Total Cost": 90684.0,
      "Plan Rows": 1,
      "Plan Width": 8,
      "Actual Startup Time": 444.339,
      "Actual Total Time": 457.933,
      "Actual Rows": 1,
      "Actual Loops": 1,
      "Plans": [
        {
          "Node Type": "Gather",
          "Parent Relationship": "Outer",
          "Parallel Aware": false,
          "Startup Cost": 90683.67,
          "Total Cost": 90683.98,
          "Plan Rows": 3,
          "Plan Width": 8,
          "Actual Startup Time": 438.483,
          "Actual Total Time": 457.923,
          "Actual Rows": 4,
          "Actual Loops": 1,
          "Workers Planned": 3,
          "Workers Launched": 3,
          "Single Copy": false,
          "Plans": [
            {
              "Node Type": "Aggregate",
              "Strategy": "Plain",
              "Partial Mode": "Partial",
              "Parent Relationship": "Outer",
              "Parallel Aware": false,
              "Startup Cost": 89683.67,
              "Total Cost": 89683.68,
              "Plan Rows": 1,
              "Plan Width": 8,
              "Actual Startup Time": 426.492,
              "Actual Total Time": 426.495,
              "Actual Rows": 1,
              "Actual Loops": 4,
              "Plans": [
                {
                  "Node Type": "Hash Join",
                  "Parent Relationship": "Outer",
                  "Parallel Aware": true,
                  "Join Type": "Inner",
                  "Startup Cost": 62010.71,
                  "Total Cost": 89347.42,
                  "Plan Rows": 134501,
                  "Plan Width": 0,
                  "Actual Startup Time": 319.175,
                  "Actual Total Time": 421.502,
                  "Actual Rows": 93042,
                  "Actual Loops": 4,
                  "Inner Unique": true,
                  "Hash Cond": "(mk.movie_id = t.id)",
                  "Plans": [
                    {
                      "Node Type": "Bitmap Heap Scan",
                      "Parent Relationship": "Outer",
                      "Parallel Aware": true,
                      "Relation Name": "movie_keyword",
                      "Alias": "mk",
                      "Startup Cost": 12535.4,
                      "Total Cost": 39371.8,
                      "Plan Rows": 190592,
                      "Plan Width": 4,
                      "Actual Startup Time": 35.926,
                      "Actual Total Time": 87.359,
                      "Actual Rows": 150762,
                      "Actual Loops": 4,
                      "Recheck Cond": "(keyword_id < 449)",
                      "Rows Removed by Index Recheck": 0,
                      "Exact Heap Blocks": 7271,
                      "Lossy Heap Blocks": 0,
                      "Plans": [
                        {
                          "Node Type": "Bitmap Index Scan",
                          "Parent Relationship": "Outer",
                          "Parallel Aware": false,
                          "Index Name": "keyword_id_movie_keyword",
                          "Startup Cost": 0.0,
                          "Total Cost": 12387.7,
                          "Plan Rows": 590835,
                          "Plan Width": 0,
                          "Actual Startup Time": 32.392,
                          "Actual Total Time": 32.392,
                          "Actual Rows": 603050,
                          "Actual Loops": 1,
                          "Index Cond": "(keyword_id < 449)"
                        }
                      ]
                    },
                    {
                      "Node Type": "Hash",
                      "Parent Relationship": "Inner",
                      "Parallel Aware": true,
                      "Startup Cost": 43899.32,
                      "Total Cost": 43899.32,
                      "Plan Rows": 446079,
                      "Plan Width": 4,
                      "Actual Startup Time": 275.49,
                      "Actual Total Time": 275.491,
                      "Actual Rows": 443018,
                      "Actual Loops": 4,
                      "Hash Buckets": 2097152,
                      "Original Hash Buckets": 2097152,
                      "Hash Batches": 1,
                      "Original Hash Batches": 1,
                      "Peak Memory Usage": 85792,
                      "Plans": [
                        {
                          "Node Type": "Seq Scan",
                          "Parent Relationship": "Outer",
                          "Parallel Aware": true,
                          "Relation Name": "title",
                          "Alias": "t",
                          "Startup Cost": 0.0,
                          "Total Cost": 43899.32,
                          "Plan Rows": 446079,
                          "Plan Width": 4,
                          "Actual Startup Time": 0.043,
                          "Actual Total Time": 116.367,
                          "Actual Rows": 443018,
                          "Actual Loops": 4,
                          "Filter": "(production_year > 1989)",
                          "Rows Removed by Filter": 189060
                        }
                      ]
                    }
                  ]
                }
              ]
            }
          ]
        }
      ]
    },
    "Planning Time": 0.525,
    "Triggers": [],
    "Execution Time": 458.016
  }
]