[
  {
    "Plan": {
      "Node Type": "Aggregate",
      "Strategy": "Plain",
      "Partial Mode": "Finalize",
      "Parallel Aware": false,
      "Startup Cost": 239208.61,
      "Total Cost": 239208.62,
      "Plan Rows": 1,
      "Plan Width": 8,
      "Actual Startup Time": 358.045,
      "Actual Total Time": 373.48,
      "Actual Rows": 1,
      "Actual Loops": 1,
      "Plans": [
        {
          "Node Type": "Gather",
          "Parent Relationship": "Outer",
          "Parallel Aware": false,
          "Startup Cost": 239208.09,
          "Total Cost": 239208.6,
          "Plan Rows": 5,
          "Plan Width": 8,
          "Actual Startup Time": 353.365,
          "Actual Total Time": 373.465,
          "Actual Rows": 6,
          "Actual Loops": 1,
          "Workers Planned": 5,
          "Workers Launched": 5,
          "Single Copy": false,
          "Plans": [
            {
              "Node Type": "Aggregate",
              "Strategy": "Plain",
              "Partial Mode": "Partial",
              "Parent Relationship": "Outer",
              "Parallel Aware": false,
              "Startup Cost": 238208.09,
              "Total Cost": 238208.1,
              "Plan Rows": 1,
              "Plan Width": 8,
              "Actual Startup Time": 343.18,
              "Actual Total Time": 343.185,
              "Actual Rows": 1,
              "Actual Loops": 6,
              "Plans": [
                {
                  "Node Type": "Hash Join",
                  "Parent Relationship": "Outer",
                  "Parallel Aware": true,
                  "Join Type": "Inner",
                  "Startup Cost": 72008.38,
                  "Total Cost": 237977.36,
                  "Plan Rows": 92289,
                  "Plan Width": 0,
                  "Actual Startup Time": 225.025,
                  "Actual Total Time": 339.865,
                  "Actual Rows": 43092,
                  "Actual Loops": 6,
                  "Inner Unique": true,
                  "Hash Cond": "(mi.movie_id = t.id)",
                  "Plans": [
                    {
                      "Node Type": "Bitmap Heap Scan",
                      "Parent Relationship": "Outer",
                      "Parallel Aware": true,
                      "Relation Name": "movie_info",
                      "Alias": "mi",
                      "Startup Cost": 23754.83,
                      "Total Cost": 189033.77,
                      "Plan Rows": 262875,
                      "Plan Width": 4,
                      "Actual Startup Time": 62.471,
                      "Actual Total Time": 99.125,
                      "Actual Rows": 214821,
                      "Actual Loops": 6,
                      "Recheck Cond": "(info_type_id = 2)",
                      "Rows Removed by Index Recheck": 0,
                      "Exact Heap Blocks": 1664,
                      "Lossy Heap Blocks": 0,
                      "Plans": [
                        {
                          "Node Type": "Bitmap Index Scan",
                          "Parent Relationship": "Outer",
                          "Parallel Aware": false,
                          "Index Name": "info_type_id_movie_info",
                          "Startup Cost": 0.0,
                          "Total Cost": 23426.24,
                          "Plan Rows": 1314374,
                          "Plan Width": 0,
                          "Actual Startup Time": 60.318,
                          "Actual Total Time": 60.319,
                          "Actual Rows": 1288928,
                          "Actual Loops": 1,
                          "Index Cond": "(info_type_id = 2)"
                        }
                      ]
                    },
                    {
                      "Node Type": "Hash",
                      "Parent Relationship": "Inner",
                      "Parallel Aware": true,
                      "Startup Cost": 45479.59,
                      "Total Cost": 45479.59,
                      "Plan Rows": 221917,
                      "Plan Width": 4,
                      "Actual Startup Time": 159.435,
                      "Actual Total Time": 159.436,
                      "Actual Rows": 135136,
                      "Actual Loops": 6,
                      "Hash Buckets": 1048576,
                      "Original Hash Buckets": 1048576,
                      "Hash Batches": 1,
                      "Original Hash Batches": 1,
                      "Peak Memory Usage": 40000,
                      "Plans": [
                        {
                          "Node Type": "Seq Scan",
                          "Parent Relationship": "Outer",
                          "Parallel Aware": true,
                          "Relation Name": "title",
                          "Alias": "t",
                          "Startup Cost": 0.0,
                          "Total Cost": 45479.59,
                          "Plan Rows": 221917,
                          "Plan Width": 4,
                          "Actual Startup Time": 0.057,
                          "Actual Total Time": 94.837,
                          "Actual Rows": 135136,
                          "Actual Loops": 6,
                          "Filter": "((kind_id > 4) AND (production_year < 2006))",
                          "Rows Removed by Filter": 286250
                        }
                      ]
                    }
                  ]
                }
              ]
            }
          ]
        }
      ]
    },
    "Planning Time": 0.417,
    "Triggers": [],
    "Execution Time": 373.546
  }
]