[
  {
    "Plan": {
      "Node Type": "Aggregate",
      "Strategy": "Plain",
      "Partial Mode": "Finalize",
      "Parallel Aware": false,
      "Startup Cost": 45807.75,
      "Total Cost": 45807.76,
      "Plan Rows": 1,
      "Plan Width": 8,
      "Actual Startup Time": 169.211,
      "Actual Total Time": 179.159,
      "Actual Rows": 1,
      "Actual Loops": 1,
      "Plans": [
        {
          "Node Type": "Gather",
          "Parent Relationship": "Outer",
          "Parallel Aware": false,
          "Startup Cost": 45807.43,
          "Total Cost": 45807.74,
          "Plan Rows": 3,
          "Plan Width": 8,
          "Actual Startup Time": 169.054,
          "Actual Total Time": 179.149,
          "Actual Rows": 4,
          "Actual Loops": 1,
          "Workers Planned": 3,
          "Workers Launched": 3,
          "Single Copy": false,
          "Plans": [
            {
              "Node Type": "Aggregate",
              "Strategy": "Plain",
              "Partial Mode": "Partial",
              "Parent Relationship": "Outer",
              "Parallel Aware": false,
              "Startup Cost": 44807.43,
              "Total Cost": 44807.44,
              "Plan Rows": 1,
              "Plan Width": 8,
              "Actual Startup Time": 163.417,
              "Actual Total Time": 163.418,
              "Actual Rows": 1,
              "Actual Loops": 4,
              "Plans": [
                {
                  "Node Type": "Seq Scan",
                  "Parent Relationship": "Outer",
                  "Parallel Aware": true,
                  "Relation Name": "movie_keyword",
                  "Alias": "mk",
                  "Startup Cost": 0.0,
                  "Total Cost": 42695.65,
                  "Plan Rows": 844711,
                  "Plan Width": 0,
                  "Actual Startup Time": 0.308,
                  "Actual Total Time": 129.025,
                  "Actual Rows": 653802,
                  "Actual Loops": 4,
                  "Filter": "(keyword_id > 3278)",
                  "Rows Removed by Filter": 477180
                }
              ]
            }
          ]
        }
      ]
    },
    "Planning Time": 0.11,
    "Triggers": [],
    "Execution Time": 179.194
  }
]