[
  {
    "Plan": {
      "Node Type": "Aggregate",
      "Strategy": "Plain",
      "Partial Mode": "Finalize",
      "Parallel Aware": false,
      "Startup Cost": 98686.73,
      "Total Cost": 98686.74,
      "Plan Rows": 1,
      "Plan Width": 8,
      "Actual Startup Time": 506.453,
      "Actual Total Time": 522.763,
      "Actual Rows": 1,
      "Actual Loops": 1,
      "Plans": [
        {
          "Node Type": "Gather",
          "Parent Relationship": "Outer",
          "Parallel Aware": false,
          "Startup Cost": 98686.52,
          "Total Cost": 98686.73,
          "Plan Rows": 2,
          "Plan Width": 8,
          "Actual Startup Time": 503.675,
          "Actual Total Time": 522.756,
          "Actual Rows": 3,
          "Actual Loops": 1,
          "Workers Planned": 2,
          "Workers Launched": 2,
          "Single Copy": false,
          "Plans": [
            {
              "Node Type": "Aggregate",
              "Strategy": "Plain",
              "Partial Mode": "Partial",
              "Parent Relationship": "Outer",
              "Parallel Aware": false,
              "Startup Cost": 97686.52,
              "Total Cost": 97686.53,
              "Plan Rows": 1,
              "Plan Width": 8,
              "Actual Startup Time": 495.692,
              "Actual Total Time": 495.697,
              "Actual Rows": 1,
              "Actual Loops": 3,
              "Plans": [
                {
                  "Node Type": "Hash Join",
                  "Parent Relationship": "Outer",
                  "Parallel Aware": true,
                  "Join Type": "Inner",
                  "Startup Cost": 81417.75,
                  "Total Cost": 97499.94,
                  "Plan Rows": 74630,
                  "Plan Width": 0,
                  "Actual Startup Time": 380.835,
                  "Actual Total Time": 487.132,
                  "Actual Rows": 213263,
                  "Actual Loops": 3,
                  "Inner Unique": false,
                  "Hash Cond": "(mi_idx.movie_id = t.id)",
                  "Plans": [
                    {
                      "Node Type": "Seq Scan",
                      "Parent Relationship": "Outer",
                      "Parallel Aware": true,
                      "Relation Name": "movie_info_idx",
                      "Alias": "mi_idx",
                      "Startup Cost": 0.0,
                      "Total Cost": 13685.15,
                      "Plan Rows": 575015,
                      "Plan Width": 4,
                      "Actual Startup Time": 0.028,
                      "Actual Total Time": 36.735,
                      "Actual Rows": 460012,
                      "Actual Loops": 3
                    },
                    {
                      "Node Type": "Hash",
                      "Parent Relationship": "Inner",
                      "Parallel Aware": true,
                      "Startup Cost": 80094.59,
                      "Total Cost": 80094.59,
                      "Plan Rows": 105853,
                      "Plan Width": 8,
                      "Actual Startup Time": 376.648,
                      "Actual Total Time": 376.652,
                      "Actual Rows": 127710,
                      "Actual Loops": 3,
                      "Hash Buckets": 524288,
                      "Original Hash Buckets": 524288,
                      "Hash Batches": 1,
                      "Original Hash Batches": 1,
                      "Peak Memory Usage": 19168,
                      "Plans": [
                        {
                          "Node Type": "Hash Join",
                          "Parent Relationship": "Outer",
                          "Parallel Aware": true,
                          "Join Type": "Inner",
                          "Startup Cost": 47684.17,
                          "Total Cost": 80094.59,
                          "Plan Rows": 105853,
                          "Plan Width": 8,
                          "Actual Startup Time": 219.7,
                          "Actual Total Time": 347.185,
                          "Actual Rows": 127710,
                          "Actual Loops": 3,
                          "Inner Unique": true,
                          "Hash Cond": "(mc.movie_id = t.id)",
                          "Plans": [
                            {
                              "Node Type": "Seq Scan",
                              "Parent Relationship": "Outer",
                              "Parallel Aware": true,
                              "Relation Name": "movie_companies",
                              "Alias": "mc",
                              "Startup Cost": 0.0,
                              "Total Cost": 31414.82,
                              "Plan Rows": 379275,
                              "Plan Width": 4,
                              "Actual Startup Time": 36.461,
                              "Actual Total Time": 83.573,
                              "Actual Rows": 347789,
                              "Actual Loops": 3,
                              "Filter": "((company_id < 94872) AND (company_type_id = 2))",
                              "Rows Removed by Filter": 521920
                            },
                            {
                              "Node Type": "Hash",
                              "Parent Relationship": "Inner",
                              "Parallel Aware": true,
                              "Startup Cost": 45479.1,
                              "Total Cost": 45479.1,
                              "Plan Rows": 176406,
                              "Plan Width": 4,
                              "Actual Startup Time": 178.8,
                              "Actual Total Time": 178.801,
                              "Actual Rows": 201279,
                              "Actual Loops": 3,
                              "Hash Buckets": 1048576,
                              "Original Hash Buckets": 1048576,
                              "Hash Batches": 1,
                              "Original Hash Batches": 1,
                              "Peak Memory Usage": 31872,
                              "Plans": [
                                {
                                  "Node Type": "Seq Scan",
                                  "Parent Relationship": "Outer",
                                  "Parallel Aware": true,
                                  "Relation Name": "title",
                                  "Alias": "t",
                                  "Startup Cost": 0.0,
                                  "Total Cost": 45479.1,
                                  "Plan Rows": 176406,
                                  "Plan Width": 4,
                                  "Actual Startup Time": 0.049,
                                  "Actual Total Time": 115.811,
                                  "Actual Rows": 201279,
                                  "Actual Loops": 3,
                                  "Filter": "((kind_id < 7) AND (production_year > 1988))",
                                  "Rows Removed by Filter": 641492
                                }
                              ]
                            }
                          ]
                        }
                      ]
                    }
                  ]
                }
              ]
            }
          ]
        }
      ]
    },
    "Planning Time": 1.591,
    "Triggers": [],
    "Execution Time": 522.846
  }
]