[
  {
    "Plan": {
      "Node Type": "Aggregate",
      "Strategy": "Plain",
      "Partial Mode": "Finalize",
      "Parallel Aware": false,
      "Startup Cost": 46481.57,
      "Total Cost": 46481.58,
      "Plan Rows": 1,
      "Plan Width": 8,
      "Actual Startup Time": 93.119,
      "Actual Total Time": 105.929,
      "Actual Rows": 1,
      "Actual Loops": 1,
      "Plans": [
        {
          "Node Type": "Gather",
          "Parent Relationship": "Outer",
          "Parallel Aware": false,
          "Startup Cost": 46481.15,
          "Total Cost": 46481.56,
          "Plan Rows": 4,
          "Plan Width": 8,
          "Actual Startup Time": 92.997,
          "Actual Total Time": 105.923,
          "Actual Rows": 5,
          "Actual Loops": 1,
          "Workers Planned": 4,
          "Workers Launched": 4,
          "Single Copy": false,
          "Plans": [
            {
              "Node Type": "Aggregate",
              "Strategy": "Plain",
              "Partial Mode": "Partial",
              "Parent Relationship": "Outer",
              "Parallel Aware": false,
              "Startup Cost": 45481.15,
              "Total Cost": 45481.16,
              "Plan Rows": 1,
              "Plan Width": 8,
              "Actual Startup Time": 84.005,
              "Actual Total Time": 84.006,
              "Actual Rows": 1,
              "Actual Loops": 5,
              "Plans": [
                {
                  "Node Type": "Seq Scan",
                  "Parent Relationship": "Outer",
                  "Parallel Aware": true,
                  "Relation Name": "title",
                  "Alias": "t",
                  "Startup Cost": 0.0,
                  "Total Cost": 45479.1,
                  "Plan Rows": 820,
                  "Plan Width": 0,
                  "Actual Startup Time": 2.256,
                  "Actual Total Time": 83.907,
                  "Actual Rows": 767,
                  "Actual Loops": 5,
                  "Filter": "((kind_id < 4) AND (production_year = 1959))",
                  "Rows Removed by Filter": 504895
                }
              ]
            }
          ]
        }
      ]
    },
    "Planning Time": 0.173,
    "Triggers": [],
    "Execution Time": 105.987
  }
]