[
  {
    "Plan": {
      "Node Type": "Aggregate",
      "Strategy": "Plain",
      "Partial Mode": "Finalize",
      "Parallel Aware": false,
      "Startup Cost": 44690.5,
      "Total Cost": 44690.51,
      "Plan Rows": 1,
      "Plan Width": 8,
      "Actual Startup Time": 125.356,
      "Actual Total Time": 134.574,
      "Actual Rows": 1,
      "Actual Loops": 1,
      "Plans": [
        {
          "Node Type": "Gather",
          "Parent Relationship": "Outer",
          "Parallel Aware": false,
          "Startup Cost": 44690.18,
          "Total Cost": 44690.49,
          "Plan Rows": 3,
          "Plan Width": 8,
          "Actual Startup Time": 125.197,
          "Actual Total Time": 134.563,
          "Actual Rows": 4,
          "Actual Loops": 1,
          "Workers Planned": 3,
          "Workers Launched": 3,
          "Single Copy": false,
          "Plans": [
            {
              "Node Type": "Aggregate",
              "Strategy": "Plain",
              "Partial Mode": "Partial",
              "Parent Relationship": "Outer",
              "Parallel Aware": false,
              "Startup Cost": 43690.18,
              "Total Cost": 43690.19,
              "Plan Rows": 1,
              "Plan Width": 8,
              "Actual Startup Time": 117.154,
              "Actual Total Time": 117.156,
              "Actual Rows": 1,
              "Actual Loops": 4,
              "Plans": [
                {
                  "Node Type": "Seq Scan",
                  "Parent Relationship": "Outer",
                  "Parallel Aware": true,
                  "Relation Name": "movie_keyword",
                  "Alias": "mk",
                  "Startup Cost": 0.0,
                  "Total Cost": 42695.65,
                  "Plan Rows": 397812,
                  "Plan Width": 0,
                  "Actual Startup Time": 0.96,
                  "Actual Total Time": 102.456,
                  "Actual Rows": 308938,
                  "Actual Loops": 4,
                  "Filter": "(keyword_id > 14646)",
                  "Rows Removed by Filter": 822044
                }
              ]
            }
          ]
        }
      ]
    },
    "Planning Time": 0.109,
    "Triggers": [],
    "Execution Time": 134.612
  }
]