[
  {
    "Plan": {
      "Node Type": "Aggregate",
      "Strategy": "Plain",
      "Partial Mode": "Finalize",
      "Parallel Aware": false,
      "Startup Cost": 123044.93,
      "Total Cost": 123044.94,
      "Plan Rows": 1,
      "Plan Width": 8,
      "Actual Startup Time": 584.77,
      "Actual Total Time": 601.566,
      "Actual Rows": 1,
      "Actual Loops": 1,
      "Plans": [
        {
          "Node Type": "Gather",
          "Parent Relationship": "Outer",
          "Parallel Aware": false,
          "Startup Cost": 123044.61,
          "Total Cost": 123044.92,
          "Plan Rows": 3,
          "Plan Width": 8,
          "Actual Startup Time": 579.309,
          "Actual Total Time": 601.559,
          "Actual Rows": 4,
          "Actual Loops": 1,
          "Workers Planned": 3,
          "Workers Launched": 3,
          "Single Copy": false,
          "Plans": [
            {
              "Node Type": "Aggregate",
              "Strategy": "Plain",
              "Partial Mode": "Partial",
              "Parent Relationship": "Outer",
              "Parallel Aware": false,
              "Startup Cost": 122044.61,
              "Total Cost": 122044.62,
              "Plan Rows": 1,
              "Plan Width": 8,
              "Actual Startup Time": 563.582,
              "Actual Total Time": 563.588,
              "Actual Rows": 1,
              "Actual Loops": 4,
              "Plans": [
                {
                  "Node Type": "Hash Join",
                  "Parent Relationship": "Outer",
                  "Parallel Aware": true,
                  "Join Type": "Inner",
                  "Startup Cost": 75089.0,
                  "Total Cost": 121845.36,
                  "Plan Rows": 79700,
                  "Plan Width": 0,
                  "Actual Startup Time": 418.168,
                  "Actual Total Time": 552.172,
                  "Actual Rows": 288022,
                  "Actual Loops": 4,
                  "Inner Unique": false,
                  "Hash Cond": "(mk.movie_id = t.id)",
                  "Plans": [
                    {
                      "Node Type": "Seq Scan",
                      "Parent Relationship": "Outer",
                      "Parallel Aware": true,
                      "Relation Name": "movie_keyword",
                      "Alias": "mk",
                      "Startup Cost": 0.0,
                      "Total Cost": 42695.65,
                      "Plan Rows": 1014295,
                      "Plan Width": 4,
                      "Actual Startup Time": 0.031,
                      "Actual Total Time": 99.24,
                      "Actual Rows": 786400,
                      "Actual Loops": 4,
                      "Filter": "(keyword_id < 12109)",
                      "Rows Removed by Filter": 344583
                    },
                    {
                      "Node Type": "Hash",
                      "Parent Relationship": "Inner",
                      "Parallel Aware": true,
                      "Startup Cost": 74287.89,
                      "Total Cost": 74287.89,
                      "Plan Rows": 64089,
                      "Plan Width": 8,
                      "Actual Startup Time": 373.804,
                      "Actual Total Time": 373.808,
                      "Actual Rows": 48814,
                      "Actual Loops": 4,
                      "Hash Buckets": 262144,
                      "Original Hash Buckets": 262144,
                      "Hash Batches": 1,
                      "Original Hash Batches": 1,
                      "Peak Memory Usage": 9792,
                      "Plans": [
                        {
                          "Node Type": "Hash Join",
                          "Parent Relationship": "Outer",
                          "Parallel Aware": true,
                          "Join Type": "Inner",
                          "Startup Cost": 54528.54,
                          "Total Cost": 74287.89,
                          "Plan Rows": 64089,
                          "Plan Width": 8,
                          "Actual Startup Time": 326.287,
                          "Actual Total Time": 357.412,
                          "Actual Rows": 48814,
                          "Actual Loops": 4,
                          "Inner Unique": true,
                          "Hash Cond": "(mc.movie_id = t.id)",
                          "Plans": [
                            {
                              "Node Type": "Bitmap Heap Scan",
                              "Parent Relationship": "Outer",
                              "Parallel Aware": true,
                              "Relation Name": "movie_companies",
                              "Alias": "mc",
                              "Startup Cost": 4308.16,
                              "Total Cost": 23899.27,
                              "Plan Rows": 64089,
                              "Plan Width": 4,
                              "Actual Startup Time": 8.712,
                              "Actual Total Time": 19.305,
                              "Actual Rows": 48814,
                              "Actual Loops": 4,
                              "Recheck Cond": "(company_id > 114956)",
                              "Rows Removed by Index Recheck": 0,
                              "Exact Heap Blocks": 1140,
                              "Lossy Heap Blocks": 0,
                              "Plans": [
                                {
                                  "Node Type": "Bitmap Index Scan",
                                  "Parent Relationship": "Outer",
                                  "Parallel Aware": false,
                                  "Index Name": "company_id_movie_companies",
                                  "Startup Cost": 0.0,
                                  "Total Cost": 4258.49,
                                  "Plan Rows": 198675,
                                  "Plan Width": 0,
                                  "Actual Startup Time": 8.109,
                                  "Actual Total Time": 8.11,
                                  "Actual Rows": 195257,
                                  "Actual Loops": 1,
                                  "Index Cond": "(company_id > 114956)"
                                }
                              ]
                            },
                            {
                              "Node Type": "Hash",
                              "Parent Relationship": "Inner",
                              "Parallel Aware": true,
                              "Startup Cost": 42319.06,
                              "Total Cost": 42319.06,
                              "Plan Rows": 632106,
                              "Plan Width": 4,
                              "Actual Startup Time": 308.372,
                              "Actual Total Time": 308.372,
                              "Actual Rows": 632078,
                              "Actual Loops": 4,
                              "Hash Buckets": 4194304,
                              "Original Hash Buckets": 4194304,
                              "Hash Batches": 1,
                              "Original Hash Batches": 1,
                              "Peak Memory Usage": 131776,
                              "Plans": [
                                {
                                  "Node Type": "Seq Scan",
                                  "Parent Relationship": "Outer",
                                  "Parallel Aware": true,
                                  "Relation Name": "title",
                                  "Alias": "t",
                                  "Startup Cost": 0.0,
                                  "Total Cost": 42319.06,
                                  "Plan Rows": 632106,
                                  "Plan Width": 4,
                                  "Actual Startup Time": 0.049,
                                  "Actual Total Time": 90.791,
                                  "Actual Rows": 632078,
                                  "Actual Loops": 4
                                }
                              ]
                            }
                          ]
                        }
                      ]
                    }
                  ]
                }
              ]
            }
          ]
        }
      ]
    },
    "Planning Time": 1.224,
    "Triggers": [],
    "Execution Time": 601.652
  }
]