[
  {
    "Plan": {
      "Node Type": "Aggregate",
      "Strategy": "Plain",
      "Partial Mode": "Finalize",
      "Parallel Aware": false,
      "Startup Cost": 45860.69,
      "Total Cost": 45860.7,
      "Plan Rows": 1,
      "Plan Width": 8,
      "Actual Startup Time": 165.15,
      "Actual Total Time": 174.15,
      "Actual Rows": 1,
      "Actual Loops": 1,
      "Plans": [
        {
          "Node Type": "Gather",
          "Parent Relationship": "Outer",
          "Parallel Aware": false,
          "Startup Cost": 45860.38,
          "Total Cost": 45860.69,
          "Plan Rows": 3,
          "Plan Width": 8,
          "Actual Startup Time": 164.893,
          "Actual Total Time": 174.14,
          "Actual Rows": 4,
          "Actual Loops": 1,
          "Workers Planned": 3,
          "Workers Launched": 3,
          "Single Copy": false,
          "Plans": [
            {
              "Node Type": "Aggregate",
              "Strategy": "Plain",
              "Partial Mode": "Partial",
              "Parent Relationship": "Outer",
              "Parallel Aware": false,
              "Startup Cost": 44860.38,
              "Total Cost": 44860.39,
              "Plan Rows": 1,
              "Plan Width": 8,
              "Actual Startup Time": 157.742,
              "Actual Total Time": 157.744,
              "Actual Rows": 1,
              "Actual Loops": 4,
              "Plans": [
                {
                  "Node Type": "Seq Scan",
                  "Parent Relationship": "Outer",
                  "Parallel Aware": true,
                  "Relation Name": "movie_keyword",
                  "Alias": "mk",
                  "Startup Cost": 0.0,
                  "Total Cost": 42695.65,
                  "Plan Rows": 865889,
                  "Plan Width": 0,
                  "Actual Startup Time": 0.471,
                  "Actual Total Time": 124.038,
                  "Actual Rows": 670799,
                  "Actual Loops": 4,
                  "Filter": "(keyword_id > 3042)",
                  "Rows Removed by Filter": 460184
                }
              ]
            }
          ]
        }
      ]
    },
    "Planning Time": 0.187,
    "Triggers": [],
    "Execution Time": 174.212
  }
]