{
  "Plan": {
    "Node Type": "Aggregate",
    "Strategy": "Plain",
    "Partial Mode": "Finalize",
    "Parallel Aware": false,
    "Startup Cost": 415574.19,
    "Total Cost": 415574.2,
    "Plan Rows": 1,
    "Plan Width": 8,
    "Actual Startup Time": 3466.987,
    "Actual Total Time": 3520.198,
    "Actual Rows": 1,
    "Actual Loops": 1,
    "Plans": [
      {
        "Node Type": "Gather",
        "Parent Relationship": "Outer",
        "Parallel Aware": false,
        "Startup Cost": 415574.07,
        "Total Cost": 415574.18,
        "Plan Rows": 1,
        "Plan Width": 8,
        "Actual Startup Time": 3463.939,
        "Actual Total Time": 3520.191,
        "Actual Rows": 2,
        "Actual Loops": 1,
        "Workers Planned": 1,
        "Workers Launched": 1,
        "Single Copy": false,
        "Plans": [
          {
            "Node Type": "Aggregate",
            "Strategy": "Plain",
            "Partial Mode": "Partial",
            "Parent Relationship": "Outer",
            "Parallel Aware": false,
            "Startup Cost": 414574.07,
            "Total Cost": 414574.08,
            "Plan Rows": 1,
            "Plan Width": 8,
            "Actual Startup Time": 3458.017,
            "Actual Total Time": 3458.022,
            "Actual Rows": 1,
            "Actual Loops": 2,
            "Plans": [
              {
                "Node Type": "Hash Join",
                "Parent Relationship": "Outer",
                "Parallel Aware": true,
                "Join Type": "Inner",
                "Startup Cost": 111617.43,
                "Total Cost": 408194.64,
                "Plan Rows": 2551775,
                "Plan Width": 0,
                "Actual Startup Time": 778.524,
                "Actual Total Time": 3218.555,
                "Actual Rows": 5916360,
                "Actual Loops": 2,
                "Inner Unique": false,
                "Hash Cond": "(mi.movie_id = t.id)",
                "Plans": [
                  {
                    "Node Type": "Seq Scan",
                    "Parent Relationship": "Outer",
                    "Parallel Aware": true,
                    "Relation Name": "movie_info",
                    "Alias": "mi",
                    "Startup Cost": 0.0,
                    "Total Cost": 248955.74,
                    "Plan Rows": 8696274,
                    "Plan Width": 4,
                    "Actual Startup Time": 0.014,
                    "Actual Total Time": 636.316,
                    "Actual Rows": 7417860,
                    "Actual Loops": 2
                  },
                  {
                    "Node Type": "Hash",
                    "Parent Relationship": "Inner",
                    "Parallel Aware": true,
                    "Startup Cost": 106162.4,
                    "Total Cost": 106162.4,
                    "Plan Rows": 436403,
                    "Plan Width": 8,
                    "Actual Startup Time": 767.676,
                    "Actual Total Time": 767.679,
                    "Actual Rows": 378357,
                    "Actual Loops": 2,
                    "Hash Buckets": 1048576,
                    "Original Hash Buckets": 1048576,
                    "Hash Batches": 1,
                    "Original Hash Batches": 1,
                    "Peak Memory Usage": 37824,
                    "Plans": [
                      {
                        "Node Type": "Hash Join",
                        "Parent Relationship": "Outer",
                        "Parallel Aware": true,
                        "Join Type": "Inner",
                        "Startup Cost": 43429.81,
                        "Total Cost": 106162.4,
                        "Plan Rows": 436403,
                        "Plan Width": 8,
                        "Actual Startup Time": 209.901,
                        "Actual Total Time": 668.973,
                        "Actual Rows": 378357,
                        "Actual Loops": 2,
                        "Inner Unique": false,
                        "Hash Cond": "(t.id = mc.movie_id)",
                        "Plans": [
                          {
                            "Node Type": "Seq Scan",
                            "Parent Relationship": "Outer",
                            "Parallel Aware": true,
                            "Relation Name": "title",
                            "Alias": "t",
                            "Startup Cost": 0.0,
                            "Total Cost": 50870.31,
                            "Plan Rows": 1487231,
                            "Plan Width": 4,
                            "Actual Startup Time": 0.009,
                            "Actual Total Time": 118.947,
                            "Actual Rows": 1264156,
                            "Actual Loops": 2
                          },
                          {
                            "Node Type": "Hash",
                            "Parent Relationship": "Inner",
                            "Parallel Aware": true,
                            "Startup Cost": 37974.77,
                            "Total Cost": 37974.77,
                            "Plan Rows": 436403,
                            "Plan Width": 4,
                            "Actual Startup Time": 204.422,
                            "Actual Total Time": 204.423,
                            "Actual Rows": 378357,
                            "Actual Loops": 2,
                            "Hash Buckets": 1048576,
                            "Original Hash Buckets": 1048576,
                            "Hash Batches": 1,
                            "Original Hash Batches": 1,
                            "Peak Memory Usage": 37824,
                            "Plans": [
                              {
                                "Node Type": "Seq Scan",
                                "Parent Relationship": "Outer",
                                "Parallel Aware": true,
                                "Relation Name": "movie_companies",
                                "Alias": "mc",
                                "Startup Cost": 0.0,
                                "Total Cost": 37974.77,
                                "Plan Rows": 436403,
                                "Plan Width": 4,
                                "Actual Startup Time": 33.708,
                                "Actual Total Time": 122.048,
                                "Actual Rows": 378357,
                                "Actual Loops": 2,
                                "Filter": "(company_id > 35923)",
                                "Rows Removed by Filter": 926208
                              }
                            ]
                          }
                        ]
                      }
                    ]
                  }
                ]
              }
            ]
          }
        ]
      }
    ]
  },
  "Planning Time": 0.672,
  "Triggers": [],
  "Execution Time": 3520.291
}