[
  {
    "Plan": {
      "Node Type": "Aggregate",
      "Strategy": "Plain",
      "Partial Mode": "Finalize",
      "Parallel Aware": false,
      "Startup Cost": 343646.32,
      "Total Cost": 343646.33,
      "Plan Rows": 1,
      "Plan Width": 8,
      "Actual Startup Time": 905.368,
      "Actual Total Time": 949.123,
      "Actual Rows": 1,
      "Actual Loops": 1,
      "Plans": [
        {
          "Node Type": "Gather",
          "Parent Relationship": "Outer",
          "Parallel Aware": false,
          "Startup Cost": 343645.69,
          "Total Cost": 343646.3,
          "Plan Rows": 6,
          "Plan Width": 8,
          "Actual Startup Time": 905.211,
          "Actual Total Time": 949.111,
          "Actual Rows": 7,
          "Actual Loops": 1,
          "Workers Planned": 6,
          "Workers Launched": 6,
          "Single Copy": false,
          "Plans": [
            {
              "Node Type": "Aggregate",
              "Strategy": "Plain",
              "Partial Mode": "Partial",
              "Parent Relationship": "Outer",
              "Parallel Aware": false,
              "Startup Cost": 342645.69,
              "Total Cost": 342645.7,
              "Plan Rows": 1,
              "Plan Width": 8,
              "Actual Startup Time": 899.639,
              "Actual Total Time": 899.64,
              "Actual Rows": 1,
              "Actual Loops": 7,
              "Plans": [
                {
                  "Node Type": "Seq Scan",
                  "Parent Relationship": "Outer",
                  "Parallel Aware": true,
                  "Relation Name": "cast_info",
                  "Alias": "ci",
                  "Startup Cost": 0.0,
                  "Total Cost": 328211.39,
                  "Plan Rows": 5773720,
                  "Plan Width": 0,
                  "Actual Startup Time": 0.044,
                  "Actual Total Time": 655.614,
                  "Actual Rows": 4960165,
                  "Actual Loops": 7,
                  "Filter": "(person_id < 3761447)",
                  "Rows Removed by Filter": 217599
                }
              ]
            }
          ]
        }
      ]
    },
    "Planning Time": 0.14,
    "Triggers": [],
    "Execution Time": 949.18
  }
]