{
    "Plan": {
        "Node Type": "Aggregate",
        "Strategy": "Plain",
        "Partial Mode": "Finalize",
        "Parallel Aware": false,
        "Startup Cost": 332520.34,
        "Total Cost": 332520.35,
        "Plan Rows": 1,
        "Plan Width": 8,
        "Actual Startup Time": 380.634,
        "Actual Total Time": 427.598,
        "Actual Rows": 1,
        "Actual Loops": 1,
        "Output": [
            "count(*)"
        ],
        "Plans": [
            {
                "Node Type": "Gather",
                "Parent Relationship": "Outer",
                "Parallel Aware": false,
                "Startup Cost": 332519.92,
                "Total Cost": 332520.33,
                "Plan Rows": 4,
                "Plan Width": 8,
                "Actual Startup Time": 380.496,
                "Actual Total Time": 427.587,
                "Actual Rows": 5,
                "Actual Loops": 1,
                "Output": [
                    "(PARTIAL count(*))"
                ],
                "Workers Planned": 4,
                "Workers Launched": 4,
                "Single Copy": false,
                "Plans": [
                    {
                        "Node Type": "Aggregate",
                        "Strategy": "Plain",
                        "Partial Mode": "Partial",
                        "Parent Relationship": "Outer",
                        "Parallel Aware": false,
                        "Startup Cost": 331519.92,
                        "Total Cost": 331519.93,
                        "Plan Rows": 1,
                        "Plan Width": 8,
                        "Actual Startup Time": 370.573,
                        "Actual Total Time": 370.574,
                        "Actual Rows": 1,
                        "Actual Loops": 5,
                        "Output": [
                            "PARTIAL count(*)"
                        ],
                        "Workers": [
                            {
                                "Worker Number": 0,
                                "Actual Startup Time": 367.776,
                                "Actual Total Time": 367.778,
                                "Actual Rows": 1,
                                "Actual Loops": 1
                            },
                            {
                                "Worker Number": 1,
                                "Actual Startup Time": 368.487,
                                "Actual Total Time": 368.489,
                                "Actual Rows": 1,
                                "Actual Loops": 1
                            },
                            {
                                "Worker Number": 2,
                                "Actual Startup Time": 368.177,
                                "Actual Total Time": 368.179,
                                "Actual Rows": 1,
                                "Actual Loops": 1
                            },
                            {
                                "Worker Number": 3,
                                "Actual Startup Time": 368.713,
                                "Actual Total Time": 368.714,
                                "Actual Rows": 1,
                                "Actual Loops": 1
                            }
                        ],
                        "Plans": [
                            {
                                "Node Type": "Nested Loop",
                                "Parent Relationship": "Outer",
                                "Parallel Aware": false,
                                "Join Type": "Inner",
                                "Startup Cost": 0.56,
                                "Total Cost": 331348.35,
                                "Plan Rows": 68628,
                                "Plan Width": 0,
                                "Actual Startup Time": 62.572,
                                "Actual Total Time": 364.571,
                                "Actual Rows": 66076,
                                "Actual Loops": 5,
                                "Inner Unique": false,
                                "Workers": [
                                    {
                                        "Worker Number": 0,
                                        "Actual Startup Time": 58.552,
                                        "Actual Total Time": 361.824,
                                        "Actual Rows": 43481,
                                        "Actual Loops": 1
                                    },
                                    {
                                        "Worker Number": 1,
                                        "Actual Startup Time": 59.321,
                                        "Actual Total Time": 363.027,
                                        "Actual Rows": 70247,
                                        "Actual Loops": 1
                                    },
                                    {
                                        "Worker Number": 2,
                                        "Actual Startup Time": 62.325,
                                        "Actual Total Time": 361.882,
                                        "Actual Rows": 46225,
                                        "Actual Loops": 1
                                    },
                                    {
                                        "Worker Number": 3,
                                        "Actual Startup Time": 58.885,
                                        "Actual Total Time": 362.494,
                                        "Actual Rows": 46660,
                                        "Actual Loops": 1
                                    }
                                ],
                                "Plans": [
                                    {
                                        "Node Type": "Seq Scan",
                                        "Parent Relationship": "Outer",
                                        "Parallel Aware": true,
                                        "Relation Name": "title",
                                        "Schema": "public",
                                        "Alias": "t",
                                        "Startup Cost": 0.0,
                                        "Total Cost": 45479.21,
                                        "Plan Rows": 6309,
                                        "Plan Width": 4,
                                        "Actual Startup Time": 62.474,
                                        "Actual Total Time": 94.711,
                                        "Actual Rows": 18579,
                                        "Actual Loops": 5,
                                        "Output": [
                                            "t.id",
                                            "t.title",
                                            "t.imdb_index",
                                            "t.kind_id",
                                            "t.production_year",
                                            "t.imdb_id",
                                            "t.phonetic_code",
                                            "t.episode_of_id",
                                            "t.season_nr",
                                            "t.episode_nr",
                                            "t.series_years",
                                            "t.md5sum"
                                        ],
                                        "Filter": "((t.production_year < 1922) AND (t.kind_id = 1))",
                                        "Rows Removed by Filter": 487083,
                                        "Workers": [
                                            {
                                                "Worker Number": 0,
                                                "Actual Startup Time": 58.433,
                                                "Actual Total Time": 87.604,
                                                "Actual Rows": 12162,
                                                "Actual Loops": 1
                                            },
                                            {
                                                "Worker Number": 1,
                                                "Actual Startup Time": 59.223,
                                                "Actual Total Time": 91.986,
                                                "Actual Rows": 19643,
                                                "Actual Loops": 1
                                            },
                                            {
                                                "Worker Number": 2,
                                                "Actual Startup Time": 62.221,
                                                "Actual Total Time": 90.626,
                                                "Actual Rows": 12870,
                                                "Actual Loops": 1
                                            },
                                            {
                                                "Worker Number": 3,
                                                "Actual Startup Time": 58.749,
                                                "Actual Total Time": 90.786,
                                                "Actual Rows": 13180,
                                                "Actual Loops": 1
                                            }
                                        ]
                                    },
                                    {
                                        "Node Type": "Index Scan",
                                        "Parent Relationship": "Inner",
                                        "Parallel Aware": false,
                                        "Scan Direction": "Forward",
                                        "Index Name": "movie_id_cast_info",
                                        "Relation Name": "cast_info",
                                        "Schema": "public",
                                        "Alias": "ci",
                                        "Startup Cost": 0.56,
                                        "Total Cost": 45.02,
                                        "Plan Rows": 29,
                                        "Plan Width": 4,
                                        "Actual Startup Time": 0.007,
                                        "Actual Total Time": 0.014,
                                        "Actual Rows": 4,
                                        "Actual Loops": 92897,
                                        "Output": [
                                            "ci.id",
                                            "ci.person_id",
                                            "ci.movie_id",
                                            "ci.person_role_id",
                                            "ci.note",
                                            "ci.nr_order",
                                            "ci.role_id"
                                        ],
                                        "Index Cond": "(ci.movie_id = t.id)",
                                        "Rows Removed by Index Recheck": 0,
                                        "Filter": "(ci.person_id < 2818292)",
                                        "Rows Removed by Filter": 1,
                                        "Workers": [
                                            {
                                                "Worker Number": 0,
                                                "Actual Startup Time": 0.011,
                                                "Actual Total Time": 0.021,
                                                "Actual Rows": 4,
                                                "Actual Loops": 12162
                                            },
                                            {
                                                "Worker Number": 1,
                                                "Actual Startup Time": 0.006,
                                                "Actual Total Time": 0.013,
                                                "Actual Rows": 4,
                                                "Actual Loops": 19643
                                            },
                                            {
                                                "Worker Number": 2,
                                                "Actual Startup Time": 0.01,
                                                "Actual Total Time": 0.02,
                                                "Actual Rows": 4,
                                                "Actual Loops": 12870
                                            },
                                            {
                                                "Worker Number": 3,
                                                "Actual Startup Time": 0.01,
                                                "Actual Total Time": 0.02,
                                                "Actual Rows": 4,
                                                "Actual Loops": 13180
                                            }
                                        ]
                                    }
                                ]
                            }
                        ]
                    }
                ]
            }
        ]
    },
    "Planning Time": 0.765,
    "Triggers": [],
    "Execution Time": 427.696
}