[
  {
    "Plan": {
      "Node Type": "Aggregate",
      "Strategy": "Plain",
      "Partial Mode": "Finalize",
      "Parallel Aware": false,
      "Startup Cost": 33250.04,
      "Total Cost": 33250.05,
      "Plan Rows": 1,
      "Plan Width": 8,
      "Actual Startup Time": 87.377,
      "Actual Total Time": 93.718,
      "Actual Rows": 1,
      "Actual Loops": 1,
      "Plans": [
        {
          "Node Type": "Gather",
          "Parent Relationship": "Outer",
          "Parallel Aware": false,
          "Startup Cost": 33249.73,
          "Total Cost": 33250.04,
          "Plan Rows": 3,
          "Plan Width": 8,
          "Actual Startup Time": 87.215,
          "Actual Total Time": 93.708,
          "Actual Rows": 4,
          "Actual Loops": 1,
          "Workers Planned": 3,
          "Workers Launched": 3,
          "Single Copy": false,
          "Plans": [
            {
              "Node Type": "Aggregate",
              "Strategy": "Plain",
              "Partial Mode": "Partial",
              "Parent Relationship": "Outer",
              "Parallel Aware": false,
              "Startup Cost": 32249.73,
              "Total Cost": 32249.74,
              "Plan Rows": 1,
              "Plan Width": 8,
              "Actual Startup Time": 82.061,
              "Actual Total Time": 82.062,
              "Actual Rows": 1,
              "Actual Loops": 4,
              "Plans": [
                {
                  "Node Type": "Seq Scan",
                  "Parent Relationship": "Outer",
                  "Parallel Aware": true,
                  "Relation Name": "movie_companies",
                  "Alias": "mc",
                  "Startup Cost": 0.0,
                  "Total Cost": 31414.82,
                  "Plan Rows": 333963,
                  "Plan Width": 0,
                  "Actual Startup Time": 39.66,
                  "Actual Total Time": 74.027,
                  "Actual Rows": 186931,
                  "Actual Loops": 4,
                  "Filter": "((company_id < 70905) AND (company_type_id > 1))",
                  "Rows Removed by Filter": 465352
                }
              ]
            }
          ]
        }
      ]
    },
    "Planning Time": 0.119,
    "Triggers": [],
    "Execution Time": 93.754
  }
]