[
  {
    "Plan": {
      "Node Type": "Aggregate",
      "Strategy": "Plain",
      "Partial Mode": "Finalize",
      "Parallel Aware": false,
      "Startup Cost": 339224.99,
      "Total Cost": 339225.0,
      "Plan Rows": 1,
      "Plan Width": 8,
      "Actual Startup Time": 789.112,
      "Actual Total Time": 848.032,
      "Actual Rows": 1,
      "Actual Loops": 1,
      "Plans": [
        {
          "Node Type": "Gather",
          "Parent Relationship": "Outer",
          "Parallel Aware": false,
          "Startup Cost": 339224.36,
          "Total Cost": 339224.97,
          "Plan Rows": 6,
          "Plan Width": 8,
          "Actual Startup Time": 788.86,
          "Actual Total Time": 848.023,
          "Actual Rows": 7,
          "Actual Loops": 1,
          "Workers Planned": 6,
          "Workers Launched": 6,
          "Single Copy": false,
          "Plans": [
            {
              "Node Type": "Aggregate",
              "Strategy": "Plain",
              "Partial Mode": "Partial",
              "Parent Relationship": "Outer",
              "Parallel Aware": false,
              "Startup Cost": 338224.36,
              "Total Cost": 338224.37,
              "Plan Rows": 1,
              "Plan Width": 8,
              "Actual Startup Time": 779.12,
              "Actual Total Time": 779.121,
              "Actual Rows": 1,
              "Actual Loops": 7,
              "Plans": [
                {
                  "Node Type": "Seq Scan",
                  "Parent Relationship": "Outer",
                  "Parallel Aware": true,
                  "Relation Name": "cast_info",
                  "Alias": "ci",
                  "Startup Cost": 0.0,
                  "Total Cost": 328162.03,
                  "Plan Rows": 4024934,
                  "Plan Width": 0,
                  "Actual Startup Time": 0.052,
                  "Actual Total Time": 619.918,
                  "Actual Rows": 3457603,
                  "Actual Loops": 7,
                  "Filter": "(person_id < 2483737)",
                  "Rows Removed by Filter": 1720161
                }
              ]
            }
          ]
        }
      ]
    },
    "Planning Time": 0.211,
    "Triggers": [],
    "Execution Time": 848.105
  }
]