[
  {
    "Plan": {
      "Node Type": "Aggregate",
      "Strategy": "Plain",
      "Partial Mode": "Finalize",
      "Parallel Aware": false,
      "Startup Cost": 47084.8,
      "Total Cost": 47084.81,
      "Plan Rows": 1,
      "Plan Width": 8,
      "Actual Startup Time": 153.242,
      "Actual Total Time": 167.813,
      "Actual Rows": 1,
      "Actual Loops": 1,
      "Plans": [
        {
          "Node Type": "Gather",
          "Parent Relationship": "Outer",
          "Parallel Aware": false,
          "Startup Cost": 47084.38,
          "Total Cost": 47084.79,
          "Plan Rows": 4,
          "Plan Width": 8,
          "Actual Startup Time": 152.945,
          "Actual Total Time": 167.797,
          "Actual Rows": 5,
          "Actual Loops": 1,
          "Workers Planned": 4,
          "Workers Launched": 4,
          "Single Copy": false,
          "Plans": [
            {
              "Node Type": "Aggregate",
              "Strategy": "Plain",
              "Partial Mode": "Partial",
              "Parent Relationship": "Outer",
              "Parallel Aware": false,
              "Startup Cost": 46084.38,
              "Total Cost": 46084.39,
              "Plan Rows": 1,
              "Plan Width": 8,
              "Actual Startup Time": 143.293,
              "Actual Total Time": 143.295,
              "Actual Rows": 1,
              "Actual Loops": 5,
              "Plans": [
                {
                  "Node Type": "Seq Scan",
                  "Parent Relationship": "Outer",
                  "Parallel Aware": true,
                  "Relation Name": "title",
                  "Alias": "t",
                  "Startup Cost": 0.0,
                  "Total Cost": 45479.59,
                  "Plan Rows": 241916,
                  "Plan Width": 0,
                  "Actual Startup Time": 0.058,
                  "Actual Total Time": 127.413,
                  "Actual Rows": 210038,
                  "Actual Loops": 5,
                  "Filter": "((production_year > 1996) AND (kind_id = 7))",
                  "Rows Removed by Filter": 295624
                }
              ]
            }
          ]
        }
      ]
    },
    "Planning Time": 0.201,
    "Triggers": [],
    "Execution Time": 167.877
  }
]