{
  "Plan": {
    "Node Type": "Aggregate",
    "Strategy": "Plain",
    "Partial Mode": "Finalize",
    "Parallel Aware": false,
    "Startup Cost": 219667.4,
    "Total Cost": 219667.41,
    "Plan Rows": 1,
    "Plan Width": 8,
    "Actual Startup Time": 1704.099,
    "Actual Total Time": 1731.414,
    "Actual Rows": 1,
    "Actual Loops": 1,
    "Plans": [
      {
        "Node Type": "Gather",
        "Parent Relationship": "Outer",
        "Parallel Aware": false,
        "Startup Cost": 219667.28,
        "Total Cost": 219667.39,
        "Plan Rows": 1,
        "Plan Width": 8,
        "Actual Startup Time": 1697.67,
        "Actual Total Time": 1731.407,
        "Actual Rows": 2,
        "Actual Loops": 1,
        "Workers Planned": 1,
        "Workers Launched": 1,
        "Single Copy": false,
        "Plans": [
          {
            "Node Type": "Aggregate",
            "Strategy": "Plain",
            "Partial Mode": "Partial",
            "Parent Relationship": "Outer",
            "Parallel Aware": false,
            "Startup Cost": 218667.28,
            "Total Cost": 218667.29,
            "Plan Rows": 1,
            "Plan Width": 8,
            "Actual Startup Time": 1690.891,
            "Actual Total Time": 1690.898,
            "Actual Rows": 1,
            "Actual Loops": 2,
            "Plans": [
              {
                "Node Type": "Hash Join",
                "Parent Relationship": "Outer",
                "Parallel Aware": true,
                "Join Type": "Inner",
                "Startup Cost": 170219.71,
                "Total Cost": 217176.09,
                "Plan Rows": 596476,
                "Plan Width": 0,
                "Actual Startup Time": 1205.092,
                "Actual Total Time": 1660.154,
                "Actual Rows": 749516,
                "Actual Loops": 2,
                "Inner Unique": false,
                "Hash Cond": "(mc.movie_id = t.id)",
                "Plans": [
                  {
                    "Node Type": "Seq Scan",
                    "Parent Relationship": "Outer",
                    "Parallel Aware": true,
                    "Relation Name": "movie_companies",
                    "Alias": "mc",
                    "Startup Cost": 0.0,
                    "Total Cost": 37974.77,
                    "Plan Rows": 1459448,
                    "Plan Width": 4,
                    "Actual Startup Time": 0.021,
                    "Actual Total Time": 135.313,
                    "Actual Rows": 1238903,
                    "Actual Loops": 2,
                    "Filter": "(company_id > 19)",
                    "Rows Removed by Filter": 65662
                  },
                  {
                    "Node Type": "Hash",
                    "Parent Relationship": "Inner",
                    "Parallel Aware": true,
                    "Startup Cost": 162621.82,
                    "Total Cost": 162621.82,
                    "Plan Rows": 607831,
                    "Plan Width": 8,
                    "Actual Startup Time": 1195.47,
                    "Actual Total Time": 1195.474,
                    "Actual Rows": 460218,
                    "Actual Loops": 2,
                    "Hash Buckets": 1048576,
                    "Original Hash Buckets": 1048576,
                    "Hash Batches": 1,
                    "Original Hash Batches": 1,
                    "Peak Memory Usage": 44224,
                    "Plans": [
                      {
                        "Node Type": "Hash Join",
                        "Parent Relationship": "Outer",
                        "Parallel Aware": true,
                        "Join Type": "Inner",
                        "Startup Cost": 69461.26,
                        "Total Cost": 162621.82,
                        "Plan Rows": 607831,
                        "Plan Width": 8,
                        "Actual Startup Time": 587.399,
                        "Actual Total Time": 1050.882,
                        "Actual Rows": 460218,
                        "Actual Loops": 2,
                        "Inner Unique": true,
                        "Hash Cond": "(ci.movie_id = t.id)",
                        "Plans": [
                          {
                            "Node Type": "Index Scan",
                            "Parent Relationship": "Outer",
                            "Parallel Aware": true,
                            "Scan Direction": "Forward",
                            "Index Name": "role_id_cast_info",
                            "Relation Name": "cast_info",
                            "Alias": "ci",
                            "Startup Cost": 0.56,
                            "Total Cost": 91565.57,
                            "Plan Rows": 607831,
                            "Plan Width": 4,
                            "Actual Startup Time": 0.129,
                            "Actual Total Time": 223.921,
                            "Actual Rows": 460218,
                            "Actual Loops": 2,
                            "Index Cond": "(role_id = 4)",
                            "Rows Removed by Index Recheck": 0,
                            "Filter": "(person_id < 1297631)",
                            "Rows Removed by Filter": 904254
                          },
                          {
                            "Node Type": "Hash",
                            "Parent Relationship": "Inner",
                            "Parallel Aware": true,
                            "Startup Cost": 50870.31,
                            "Total Cost": 50870.31,
                            "Plan Rows": 1487231,
                            "Plan Width": 4,
                            "Actual Startup Time": 570.903,
                            "Actual Total Time": 570.905,
                            "Actual Rows": 1264156,
                            "Actual Loops": 2,
                            "Hash Buckets": 4194304,
                            "Original Hash Buckets": 4194304,
                            "Hash Batches": 1,
                            "Original Hash Batches": 1,
                            "Peak Memory Usage": 131712,
                            "Plans": [
                              {
                                "Node Type": "Seq Scan",
                                "Parent Relationship": "Outer",
                                "Parallel Aware": true,
                                "Relation Name": "title",
                                "Alias": "t",
                                "Startup Cost": 0.0,
                                "Total Cost": 50870.31,
                                "Plan Rows": 1487231,
                                "Plan Width": 4,
                                "Actual Startup Time": 0.034,
                                "Actual Total Time": 157.803,
                                "Actual Rows": 1264156,
                                "Actual Loops": 2
                              }
                            ]
                          }
                        ]
                      }
                    ]
                  }
                ]
              }
            ]
          }
        ]
      }
    ]
  },
  "Planning Time": 1.182,
  "Triggers": [],
  "Execution Time": 1731.505
}