[
  {
    "Plan": {
      "Node Type": "Aggregate",
      "Strategy": "Plain",
      "Partial Mode": "Finalize",
      "Parallel Aware": false,
      "Startup Cost": 45376.83,
      "Total Cost": 45376.84,
      "Plan Rows": 1,
      "Plan Width": 8,
      "Actual Startup Time": 163.197,
      "Actual Total Time": 172.793,
      "Actual Rows": 1,
      "Actual Loops": 1,
      "Plans": [
        {
          "Node Type": "Gather",
          "Parent Relationship": "Outer",
          "Parallel Aware": false,
          "Startup Cost": 45376.51,
          "Total Cost": 45376.82,
          "Plan Rows": 3,
          "Plan Width": 8,
          "Actual Startup Time": 163.107,
          "Actual Total Time": 172.785,
          "Actual Rows": 4,
          "Actual Loops": 1,
          "Workers Planned": 3,
          "Workers Launched": 3,
          "Single Copy": false,
          "Plans": [
            {
              "Node Type": "Aggregate",
              "Strategy": "Plain",
              "Partial Mode": "Partial",
              "Parent Relationship": "Outer",
              "Parallel Aware": false,
              "Startup Cost": 44376.51,
              "Total Cost": 44376.52,
              "Plan Rows": 1,
              "Plan Width": 8,
              "Actual Startup Time": 154.259,
              "Actual Total Time": 154.261,
              "Actual Rows": 1,
              "Actual Loops": 4,
              "Plans": [
                {
                  "Node Type": "Seq Scan",
                  "Parent Relationship": "Outer",
                  "Parallel Aware": true,
                  "Relation Name": "movie_keyword",
                  "Alias": "mk",
                  "Startup Cost": 0.0,
                  "Total Cost": 42695.65,
                  "Plan Rows": 672342,
                  "Plan Width": 0,
                  "Actual Startup Time": 0.078,
                  "Actual Total Time": 126.376,
                  "Actual Rows": 521642,
                  "Actual Loops": 4,
                  "Filter": "(keyword_id < 3725)",
                  "Rows Removed by Filter": 609340
                }
              ]
            }
          ]
        }
      ]
    },
    "Planning Time": 0.151,
    "Triggers": [],
    "Execution Time": 172.842
  }
]