[
  {
    "Plan": {
      "Node Type": "Aggregate",
      "Strategy": "Plain",
      "Partial Mode": "Finalize",
      "Parallel Aware": false,
      "Startup Cost": 100039.64,
      "Total Cost": 100039.65,
      "Plan Rows": 1,
      "Plan Width": 8,
      "Actual Startup Time": 300.81,
      "Actual Total Time": 338.897,
      "Actual Rows": 1,
      "Actual Loops": 1,
      "Plans": [
        {
          "Node Type": "Gather",
          "Parent Relationship": "Outer",
          "Parallel Aware": false,
          "Startup Cost": 100039.33,
          "Total Cost": 100039.64,
          "Plan Rows": 3,
          "Plan Width": 8,
          "Actual Startup Time": 300.468,
          "Actual Total Time": 338.888,
          "Actual Rows": 4,
          "Actual Loops": 1,
          "Workers Planned": 3,
          "Workers Launched": 3,
          "Single Copy": false,
          "Plans": [
            {
              "Node Type": "Aggregate",
              "Strategy": "Plain",
              "Partial Mode": "Partial",
              "Parent Relationship": "Outer",
              "Parallel Aware": false,
              "Startup Cost": 99039.33,
              "Total Cost": 99039.34,
              "Plan Rows": 1,
              "Plan Width": 8,
              "Actual Startup Time": 292.43,
              "Actual Total Time": 292.432,
              "Actual Rows": 1,
              "Actual Loops": 4,
              "Plans": [
                {
                  "Node Type": "Nested Loop",
                  "Parent Relationship": "Outer",
                  "Parallel Aware": false,
                  "Join Type": "Inner",
                  "Startup Cost": 806.63,
                  "Total Cost": 98860.1,
                  "Plan Rows": 71691,
                  "Plan Width": 0,
                  "Actual Startup Time": 9.449,
                  "Actual Total Time": 280.918,
                  "Actual Rows": 201012,
                  "Actual Loops": 4,
                  "Inner Unique": false,
                  "Plans": [
                    {
                      "Node Type": "Nested Loop",
                      "Parent Relationship": "Outer",
                      "Parallel Aware": false,
                      "Join Type": "Inner",
                      "Startup Cost": 806.2,
                      "Total Cost": 75605.96,
                      "Plan Rows": 12210,
                      "Plan Width": 8,
                      "Actual Startup Time": 9.262,
                      "Actual Total Time": 70.845,
                      "Actual Rows": 8678,
                      "Actual Loops": 4,
                      "Inner Unique": true,
                      "Plans": [
                        {
                          "Node Type": "Bitmap Heap Scan",
                          "Parent Relationship": "Outer",
                          "Parallel Aware": true,
                          "Relation Name": "movie_keyword",
                          "Alias": "mk",
                          "Startup Cost": 805.77,
                          "Total Cost": 26513.74,
                          "Plan Rows": 12210,
                          "Plan Width": 4,
                          "Actual Startup Time": 9.064,
                          "Actual Total Time": 27.211,
                          "Actual Rows": 8678,
                          "Actual Loops": 4,
                          "Recheck Cond": "(keyword_id = 2488)",
                          "Rows Removed by Index Recheck": 0,
                          "Exact Heap Blocks": 6231,
                          "Lossy Heap Blocks": 0,
                          "Plans": [
                            {
                              "Node Type": "Bitmap Index Scan",
                              "Parent Relationship": "Outer",
                              "Parallel Aware": false,
                              "Index Name": "keyword_id_movie_keyword",
                              "Startup Cost": 0.0,
                              "Total Cost": 796.31,
                              "Plan Rows": 37850,
                              "Plan Width": 0,
                              "Actual Startup Time": 11.561,
                              "Actual Total Time": 11.561,
                              "Actual Rows": 34710,
                              "Actual Loops": 1,
                              "Index Cond": "(keyword_id = 2488)"
                            }
                          ]
                        },
                        {
                          "Node Type": "Index Only Scan",
                          "Parent Relationship": "Inner",
                          "Parallel Aware": false,
                          "Scan Direction": "Forward",
                          "Index Name": "title_pkey",
                          "Relation Name": "title",
                          "Alias": "t",
                          "Startup Cost": 0.43,
                          "Total Cost": 4.02,
                          "Plan Rows": 1,
                          "Plan Width": 4,
                          "Actual Startup Time": 0.004,
                          "Actual Total Time": 0.004,
                          "Actual Rows": 1,
                          "Actual Loops": 34710,
                          "Index Cond": "(id = mk.movie_id)",
                          "Rows Removed by Index Recheck": 0,
                          "Heap Fetches": 34710
                        }
                      ]
                    },
                    {
                      "Node Type": "Index Only Scan",
                      "Parent Relationship": "Inner",
                      "Parallel Aware": false,
                      "Scan Direction": "Forward",
                      "Index Name": "movie_id_movie_info",
                      "Relation Name": "movie_info",
                      "Alias": "mi",
                      "Startup Cost": 0.43,
                      "Total Cost": 1.49,
                      "Plan Rows": 41,
                      "Plan Width": 4,
                      "Actual Startup Time": 0.006,
                      "Actual Total Time": 0.022,
                      "Actual Rows": 23,
                      "Actual Loops": 34710,
                      "Index Cond": "(movie_id = t.id)",
                      "Rows Removed by Index Recheck": 0,
                      "Heap Fetches": 804047
                    }
                  ]
                }
              ]
            }
          ]
        }
      ]
    },
    "Planning Time": 0.817,
    "Triggers": [],
    "Execution Time": 338.969
  }
]