[
  {
    "Plan": {
      "Node Type": "Aggregate",
      "Strategy": "Plain",
      "Partial Mode": "Finalize",
      "Parallel Aware": false,
      "Startup Cost": 46390.17,
      "Total Cost": 46390.18,
      "Plan Rows": 1,
      "Plan Width": 8,
      "Actual Startup Time": 141.523,
      "Actual Total Time": 155.715,
      "Actual Rows": 1,
      "Actual Loops": 1,
      "Plans": [
        {
          "Node Type": "Gather",
          "Parent Relationship": "Outer",
          "Parallel Aware": false,
          "Startup Cost": 46389.75,
          "Total Cost": 46390.16,
          "Plan Rows": 4,
          "Plan Width": 8,
          "Actual Startup Time": 141.232,
          "Actual Total Time": 155.704,
          "Actual Rows": 5,
          "Actual Loops": 1,
          "Workers Planned": 4,
          "Workers Launched": 4,
          "Single Copy": false,
          "Plans": [
            {
              "Node Type": "Aggregate",
              "Strategy": "Plain",
              "Partial Mode": "Partial",
              "Parent Relationship": "Outer",
              "Parallel Aware": false,
              "Startup Cost": 45389.75,
              "Total Cost": 45389.76,
              "Plan Rows": 1,
              "Plan Width": 8,
              "Actual Startup Time": 131.497,
              "Actual Total Time": 131.498,
              "Actual Rows": 1,
              "Actual Loops": 5,
              "Plans": [
                {
                  "Node Type": "Seq Scan",
                  "Parent Relationship": "Outer",
                  "Parallel Aware": true,
                  "Relation Name": "title",
                  "Alias": "t",
                  "Startup Cost": 0.0,
                  "Total Cost": 43899.32,
                  "Plan Rows": 596170,
                  "Plan Width": 0,
                  "Actual Startup Time": 0.055,
                  "Actual Total Time": 105.529,
                  "Actual Rows": 477775,
                  "Actual Loops": 5,
                  "Filter": "(production_year < 2013)",
                  "Rows Removed by Filter": 27887
                }
              ]
            }
          ]
        }
      ]
    },
    "Planning Time": 0.126,
    "Triggers": [],
    "Execution Time": 155.789
  }
]