{
    "Plan": {
        "Node Type": "Aggregate",
        "Strategy": "Plain",
        "Partial Mode": "Finalize",
        "Parallel Aware": false,
        "Startup Cost": 80182.47,
        "Total Cost": 80182.48,
        "Plan Rows": 1,
        "Plan Width": 8,
        "Actual Startup Time": 413.39,
        "Actual Total Time": 430.277,
        "Actual Rows": 1,
        "Actual Loops": 1,
        "Output": [
            "count(*)"
        ],
        "Plans": [
            {
                "Node Type": "Gather",
                "Parent Relationship": "Outer",
                "Parallel Aware": false,
                "Startup Cost": 80182.05,
                "Total Cost": 80182.46,
                "Plan Rows": 4,
                "Plan Width": 8,
                "Actual Startup Time": 409.813,
                "Actual Total Time": 430.266,
                "Actual Rows": 5,
                "Actual Loops": 1,
                "Output": [
                    "(PARTIAL count(*))"
                ],
                "Workers Planned": 4,
                "Workers Launched": 4,
                "Single Copy": false,
                "Plans": [
                    {
                        "Node Type": "Aggregate",
                        "Strategy": "Plain",
                        "Partial Mode": "Partial",
                        "Parent Relationship": "Outer",
                        "Parallel Aware": false,
                        "Startup Cost": 79182.05,
                        "Total Cost": 79182.06,
                        "Plan Rows": 1,
                        "Plan Width": 8,
                        "Actual Startup Time": 399.725,
                        "Actual Total Time": 399.729,
                        "Actual Rows": 1,
                        "Actual Loops": 5,
                        "Output": [
                            "PARTIAL count(*)"
                        ],
                        "Workers": [
                            {
                                "Worker Number": 0,
                                "Actual Startup Time": 397.223,
                                "Actual Total Time": 397.226,
                                "Actual Rows": 1,
                                "Actual Loops": 1
                            },
                            {
                                "Worker Number": 1,
                                "Actual Startup Time": 397.88,
                                "Actual Total Time": 397.883,
                                "Actual Rows": 1,
                                "Actual Loops": 1
                            },
                            {
                                "Worker Number": 2,
                                "Actual Startup Time": 397.25,
                                "Actual Total Time": 397.254,
                                "Actual Rows": 1,
                                "Actual Loops": 1
                            },
                            {
                                "Worker Number": 3,
                                "Actual Startup Time": 397.232,
                                "Actual Total Time": 397.234,
                                "Actual Rows": 1,
                                "Actual Loops": 1
                            }
                        ],
                        "Plans": [
                            {
                                "Node Type": "Hash Join",
                                "Parent Relationship": "Outer",
                                "Parallel Aware": true,
                                "Join Type": "Inner",
                                "Startup Cost": 32552.13,
                                "Total Cost": 78679.63,
                                "Plan Rows": 200970,
                                "Plan Width": 0,
                                "Actual Startup Time": 143.369,
                                "Actual Total Time": 391.628,
                                "Actual Rows": 161261,
                                "Actual Loops": 5,
                                "Inner Unique": false,
                                "Hash Cond": "(t.id = mc.movie_id)",
                                "Workers": [
                                    {
                                        "Worker Number": 0,
                                        "Actual Startup Time": 141.016,
                                        "Actual Total Time": 389.883,
                                        "Actual Rows": 178197,
                                        "Actual Loops": 1
                                    },
                                    {
                                        "Worker Number": 1,
                                        "Actual Startup Time": 140.947,
                                        "Actual Total Time": 389.078,
                                        "Actual Rows": 129362,
                                        "Actual Loops": 1
                                    },
                                    {
                                        "Worker Number": 2,
                                        "Actual Startup Time": 141.021,
                                        "Actual Total Time": 388.533,
                                        "Actual Rows": 127785,
                                        "Actual Loops": 1
                                    },
                                    {
                                        "Worker Number": 3,
                                        "Actual Startup Time": 140.995,
                                        "Actual Total Time": 389.754,
                                        "Actual Rows": 179585,
                                        "Actual Loops": 1
                                    }
                                ],
                                "Plans": [
                                    {
                                        "Node Type": "Seq Scan",
                                        "Parent Relationship": "Outer",
                                        "Parallel Aware": true,
                                        "Relation Name": "title",
                                        "Schema": "public",
                                        "Alias": "t",
                                        "Startup Cost": 0.0,
                                        "Total Cost": 42318.81,
                                        "Plan Rows": 632080,
                                        "Plan Width": 4,
                                        "Actual Startup Time": 0.024,
                                        "Actual Total Time": 73.055,
                                        "Actual Rows": 505662,
                                        "Actual Loops": 5,
                                        "Output": [
                                            "t.id",
                                            "t.title",
                                            "t.imdb_index",
                                            "t.kind_id",
                                            "t.production_year",
                                            "t.imdb_id",
                                            "t.phonetic_code",
                                            "t.episode_of_id",
                                            "t.season_nr",
                                            "t.episode_nr",
                                            "t.series_years",
                                            "t.md5sum"
                                        ],
                                        "Workers": [
                                            {
                                                "Worker Number": 0,
                                                "Actual Startup Time": 0.028,
                                                "Actual Total Time": 73.084,
                                                "Actual Rows": 558034,
                                                "Actual Loops": 1
                                            },
                                            {
                                                "Worker Number": 1,
                                                "Actual Startup Time": 0.034,
                                                "Actual Total Time": 79.818,
                                                "Actual Rows": 404672,
                                                "Actual Loops": 1
                                            },
                                            {
                                                "Worker Number": 2,
                                                "Actual Startup Time": 0.031,
                                                "Actual Total Time": 79.469,
                                                "Actual Rows": 399328,
                                                "Actual Loops": 1
                                            },
                                            {
                                                "Worker Number": 3,
                                                "Actual Startup Time": 0.021,
                                                "Actual Total Time": 73.317,
                                                "Actual Rows": 560462,
                                                "Actual Loops": 1
                                            }
                                        ]
                                    },
                                    {
                                        "Node Type": "Hash",
                                        "Parent Relationship": "Inner",
                                        "Parallel Aware": true,
                                        "Startup Cost": 29310.68,
                                        "Total Cost": 29310.68,
                                        "Plan Rows": 259316,
                                        "Plan Width": 4,
                                        "Actual Startup Time": 138.871,
                                        "Actual Total Time": 138.872,
                                        "Actual Rows": 161261,
                                        "Actual Loops": 5,
                                        "Output": [
                                            "mc.movie_id"
                                        ],
                                        "Hash Buckets": 1048576,
                                        "Original Hash Buckets": 1048576,
                                        "Hash Batches": 1,
                                        "Original Hash Batches": 1,
                                        "Peak Memory Usage": 39808,
                                        "Workers": [
                                            {
                                                "Worker Number": 0,
                                                "Actual Startup Time": 140.293,
                                                "Actual Total Time": 140.294,
                                                "Actual Rows": 180292,
                                                "Actual Loops": 1
                                            },
                                            {
                                                "Worker Number": 1,
                                                "Actual Startup Time": 140.269,
                                                "Actual Total Time": 140.27,
                                                "Actual Rows": 125493,
                                                "Actual Loops": 1
                                            },
                                            {
                                                "Worker Number": 2,
                                                "Actual Startup Time": 140.394,
                                                "Actual Total Time": 140.395,
                                                "Actual Rows": 124024,
                                                "Actual Loops": 1
                                            },
                                            {
                                                "Worker Number": 3,
                                                "Actual Startup Time": 140.317,
                                                "Actual Total Time": 140.318,
                                                "Actual Rows": 178971,
                                                "Actual Loops": 1
                                            }
                                        ],
                                        "Plans": [
                                            {
                                                "Node Type": "Seq Scan",
                                                "Parent Relationship": "Outer",
                                                "Parallel Aware": true,
                                                "Relation Name": "movie_companies",
                                                "Schema": "public",
                                                "Alias": "mc",
                                                "Startup Cost": 0.0,
                                                "Total Cost": 29310.68,
                                                "Plan Rows": 259316,
                                                "Plan Width": 4,
                                                "Actual Startup Time": 24.575,
                                                "Actual Total Time": 78.711,
                                                "Actual Rows": 161261,
                                                "Actual Loops": 5,
                                                "Output": [
                                                    "mc.movie_id"
                                                ],
                                                "Filter": "(mc.company_id > 29689)",
                                                "Rows Removed by Filter": 360565,
                                                "Workers": [
                                                    {
                                                        "Worker Number": 0,
                                                        "Actual Startup Time": 24.558,
                                                        "Actual Total Time": 77.513,
                                                        "Actual Rows": 180292,
                                                        "Actual Loops": 1
                                                    },
                                                    {
                                                        "Worker Number": 1,
                                                        "Actual Startup Time": 24.545,
                                                        "Actual Total Time": 81.693,
                                                        "Actual Rows": 125493,
                                                        "Actual Loops": 1
                                                    },
                                                    {
                                                        "Worker Number": 2,
                                                        "Actual Startup Time": 24.571,
                                                        "Actual Total Time": 81.345,
                                                        "Actual Rows": 124024,
                                                        "Actual Loops": 1
                                                    },
                                                    {
                                                        "Worker Number": 3,
                                                        "Actual Startup Time": 24.54,
                                                        "Actual Total Time": 77.208,
                                                        "Actual Rows": 178971,
                                                        "Actual Loops": 1
                                                    }
                                                ]
                                            }
                                        ]
                                    }
                                ]
                            }
                        ]
                    }
                ]
            }
        ]
    },
    "Planning Time": 0.794,
    "Triggers": [],
    "Execution Time": 430.354
}