{
  "Plan": {
    "Node Type": "Aggregate",
    "Strategy": "Plain",
    "Partial Mode": "Finalize",
    "Parallel Aware": false,
    "Startup Cost": 84249.16,
    "Total Cost": 84249.17,
    "Plan Rows": 1,
    "Plan Width": 8,
    "Actual Startup Time": 220.918,
    "Actual Total Time": 237.569,
    "Actual Rows": 1,
    "Actual Loops": 1,
    "Plans": [
      {
        "Node Type": "Gather",
        "Parent Relationship": "Outer",
        "Parallel Aware": false,
        "Startup Cost": 84249.05,
        "Total Cost": 84249.16,
        "Plan Rows": 1,
        "Plan Width": 8,
        "Actual Startup Time": 220.442,
        "Actual Total Time": 237.562,
        "Actual Rows": 2,
        "Actual Loops": 1,
        "Workers Planned": 1,
        "Workers Launched": 1,
        "Single Copy": false,
        "Plans": [
          {
            "Node Type": "Aggregate",
            "Strategy": "Plain",
            "Partial Mode": "Partial",
            "Parent Relationship": "Outer",
            "Parallel Aware": false,
            "Startup Cost": 83249.05,
            "Total Cost": 83249.06,
            "Plan Rows": 1,
            "Plan Width": 8,
            "Actual Startup Time": 214.539,
            "Actual Total Time": 214.543,
            "Actual Rows": 1,
            "Actual Loops": 2,
            "Plans": [
              {
                "Node Type": "Hash Join",
                "Parent Relationship": "Outer",
                "Parallel Aware": true,
                "Join Type": "Inner",
                "Startup Cost": 57827.15,
                "Total Cost": 83240.97,
                "Plan Rows": 3230,
                "Plan Width": 0,
                "Actual Startup Time": 166.048,
                "Actual Total Time": 214.365,
                "Actual Rows": 2205,
                "Actual Loops": 2,
                "Inner Unique": true,
                "Hash Cond": "(mk.movie_id = t.id)",
                "Plans": [
                  {
                    "Node Type": "Bitmap Heap Scan",
                    "Parent Relationship": "Outer",
                    "Parallel Aware": true,
                    "Relation Name": "movie_keyword",
                    "Alias": "mk",
                    "Startup Cost": 2292.51,
                    "Total Cost": 27539.75,
                    "Plan Rows": 63459,
                    "Plan Width": 4,
                    "Actual Startup Time": 11.518,
                    "Actual Total Time": 47.987,
                    "Actual Rows": 60960,
                    "Actual Loops": 2,
                    "Recheck Cond": "(keyword_id < 117)",
                    "Rows Removed by Index Recheck": 0,
                    "Exact Heap Blocks": 15105,
                    "Lossy Heap Blocks": 0,
                    "Plans": [
                      {
                        "Node Type": "Bitmap Index Scan",
                        "Parent Relationship": "Outer",
                        "Parallel Aware": false,
                        "Index Name": "keyword_id_movie_keyword",
                        "Startup Cost": 0.0,
                        "Total Cost": 2265.54,
                        "Plan Rows": 107881,
                        "Plan Width": 0,
                        "Actual Startup Time": 8.129,
                        "Actual Total Time": 8.13,
                        "Actual Rows": 121921,
                        "Actual Loops": 1,
                        "Index Cond": "(keyword_id < 117)"
                      }
                    ]
                  },
                  {
                    "Node Type": "Hash",
                    "Parent Relationship": "Inner",
                    "Parallel Aware": true,
                    "Startup Cost": 54588.39,
                    "Total Cost": 54588.39,
                    "Plan Rows": 75700,
                    "Plan Width": 4,
                    "Actual Startup Time": 152.134,
                    "Actual Total Time": 152.134,
                    "Actual Rows": 64348,
                    "Actual Loops": 2,
                    "Hash Buckets": 131072,
                    "Original Hash Buckets": 131072,
                    "Hash Batches": 1,
                    "Original Hash Batches": 1,
                    "Peak Memory Usage": 6112,
                    "Plans": [
                      {
                        "Node Type": "Seq Scan",
                        "Parent Relationship": "Outer",
                        "Parallel Aware": true,
                        "Relation Name": "title",
                        "Alias": "t",
                        "Startup Cost": 0.0,
                        "Total Cost": 54588.39,
                        "Plan Rows": 75700,
                        "Plan Width": 4,
                        "Actual Startup Time": 0.035,
                        "Actual Total Time": 135.498,
                        "Actual Rows": 64348,
                        "Actual Loops": 2,
                        "Filter": "(production_year = 2009)",
                        "Rows Removed by Filter": 1199808
                      }
                    ]
                  }
                ]
              }
            ]
          }
        ]
      }
    ]
  },
  "Planning Time": 0.446,
  "Triggers": [],
  "Execution Time": 237.661
}