[
  {
    "Plan": {
      "Node Type": "Aggregate",
      "Strategy": "Plain",
      "Partial Mode": "Finalize",
      "Parallel Aware": false,
      "Startup Cost": 353690.01,
      "Total Cost": 353690.02,
      "Plan Rows": 1,
      "Plan Width": 8,
      "Actual Startup Time": 828.645,
      "Actual Total Time": 872.317,
      "Actual Rows": 1,
      "Actual Loops": 1,
      "Plans": [
        {
          "Node Type": "Gather",
          "Parent Relationship": "Outer",
          "Parallel Aware": false,
          "Startup Cost": 353689.39,
          "Total Cost": 353690.0,
          "Plan Rows": 6,
          "Plan Width": 8,
          "Actual Startup Time": 828.45,
          "Actual Total Time": 872.3,
          "Actual Rows": 7,
          "Actual Loops": 1,
          "Workers Planned": 6,
          "Workers Launched": 6,
          "Single Copy": false,
          "Plans": [
            {
              "Node Type": "Aggregate",
              "Strategy": "Plain",
              "Partial Mode": "Partial",
              "Parent Relationship": "Outer",
              "Parallel Aware": false,
              "Startup Cost": 352689.39,
              "Total Cost": 352689.4,
              "Plan Rows": 1,
              "Plan Width": 8,
              "Actual Startup Time": 819.684,
              "Actual Total Time": 819.685,
              "Actual Rows": 1,
              "Actual Loops": 7,
              "Plans": [
                {
                  "Node Type": "Seq Scan",
                  "Parent Relationship": "Outer",
                  "Parallel Aware": true,
                  "Relation Name": "cast_info",
                  "Alias": "ci",
                  "Startup Cost": 0.0,
                  "Total Cost": 343316.27,
                  "Plan Rows": 3749247,
                  "Plan Width": 0,
                  "Actual Startup Time": 45.814,
                  "Actual Total Time": 676.743,
                  "Actual Rows": 3155224,
                  "Actual Loops": 7,
                  "Filter": "((person_id > 247675) AND (role_id < 4))",
                  "Rows Removed by Filter": 2022539
                }
              ]
            }
          ]
        }
      ]
    },
    "Planning Time": 0.226,
    "Triggers": [],
    "Execution Time": 872.387
  }
]