{
  "Plan": {
    "Node Type": "Aggregate",
    "Strategy": "Plain",
    "Partial Mode": "Simple",
    "Parallel Aware": false,
    "Startup Cost": 2581.07,
    "Total Cost": 2581.08,
    "Plan Rows": 1,
    "Plan Width": 8,
    "Actual Startup Time": 11.714,
    "Actual Total Time": 11.717,
    "Actual Rows": 1,
    "Actual Loops": 1,
    "Plans": [
      {
        "Node Type": "Nested Loop",
        "Parent Relationship": "Outer",
        "Parallel Aware": false,
        "Join Type": "Inner",
        "Startup Cost": 1.43,
        "Total Cost": 2580.88,
        "Plan Rows": 76,
        "Plan Width": 0,
        "Actual Startup Time": 0.218,
        "Actual Total Time": 11.115,
        "Actual Rows": 3203,
        "Actual Loops": 1,
        "Inner Unique": false,
        "Plans": [
          {
            "Node Type": "Nested Loop",
            "Parent Relationship": "Outer",
            "Parallel Aware": false,
            "Join Type": "Inner",
            "Startup Cost": 0.99,
            "Total Cost": 2501.05,
            "Plan Rows": 13,
            "Plan Width": 8,
            "Actual Startup Time": 0.148,
            "Actual Total Time": 2.598,
            "Actual Rows": 62,
            "Actual Loops": 1,
            "Inner Unique": true,
            "Plans": [
              {
                "Node Type": "Index Scan",
                "Parent Relationship": "Outer",
                "Parallel Aware": false,
                "Scan Direction": "Forward",
                "Index Name": "person_id_cast_info",
                "Relation Name": "cast_info",
                "Alias": "ci",
                "Startup Cost": 0.56,
                "Total Cost": 1059.67,
                "Plan Rows": 171,
                "Plan Width": 4,
                "Actual Startup Time": 0.104,
                "Actual Total Time": 0.248,
                "Actual Rows": 194,
                "Actual Loops": 1,
                "Index Cond": "(person_id = 578363)",
                "Rows Removed by Index Recheck": 0,
                "Filter": "(role_id = 1)",
                "Rows Removed by Filter": 0
              },
              {
                "Node Type": "Index Scan",
                "Parent Relationship": "Inner",
                "Parallel Aware": false,
                "Scan Direction": "Forward",
                "Index Name": "title_pkey",
                "Relation Name": "title",
                "Alias": "t",
                "Startup Cost": 0.43,
                "Total Cost": 8.43,
                "Plan Rows": 1,
                "Plan Width": 4,
                "Actual Startup Time": 0.011,
                "Actual Total Time": 0.011,
                "Actual Rows": 0,
                "Actual Loops": 194,
                "Index Cond": "(id = ci.movie_id)",
                "Rows Removed by Index Recheck": 0,
                "Filter": "((kind_id < 4) AND (production_year < 1984))",
                "Rows Removed by Filter": 1
              }
            ]
          },
          {
            "Node Type": "Index Only Scan",
            "Parent Relationship": "Inner",
            "Parallel Aware": false,
            "Scan Direction": "Forward",
            "Index Name": "movie_id_movie_info",
            "Relation Name": "movie_info",
            "Alias": "mi",
            "Startup Cost": 0.43,
            "Total Cost": 5.72,
            "Plan Rows": 42,
            "Plan Width": 4,
            "Actual Startup Time": 0.039,
            "Actual Total Time": 0.122,
            "Actual Rows": 52,
            "Actual Loops": 62,
            "Index Cond": "(movie_id = t.id)",
            "Rows Removed by Index Recheck": 0,
            "Heap Fetches": 3203
          }
        ]
      }
    ]
  },
  "Planning Time": 1.056,
  "Triggers": [],
  "Execution Time": 11.796
}