[
  {
    "Plan": {
      "Node Type": "Aggregate",
      "Strategy": "Plain",
      "Partial Mode": "Finalize",
      "Parallel Aware": false,
      "Startup Cost": 341029.99,
      "Total Cost": 341030.0,
      "Plan Rows": 1,
      "Plan Width": 8,
      "Actual Startup Time": 935.858,
      "Actual Total Time": 986.401,
      "Actual Rows": 1,
      "Actual Loops": 1,
      "Plans": [
        {
          "Node Type": "Gather",
          "Parent Relationship": "Outer",
          "Parallel Aware": false,
          "Startup Cost": 341029.37,
          "Total Cost": 341029.98,
          "Plan Rows": 6,
          "Plan Width": 8,
          "Actual Startup Time": 935.632,
          "Actual Total Time": 986.384,
          "Actual Rows": 7,
          "Actual Loops": 1,
          "Workers Planned": 6,
          "Workers Launched": 6,
          "Single Copy": false,
          "Plans": [
            {
              "Node Type": "Aggregate",
              "Strategy": "Plain",
              "Partial Mode": "Partial",
              "Parent Relationship": "Outer",
              "Parallel Aware": false,
              "Startup Cost": 340029.37,
              "Total Cost": 340029.38,
              "Plan Rows": 1,
              "Plan Width": 8,
              "Actual Startup Time": 927.091,
              "Actual Total Time": 927.092,
              "Actual Rows": 1,
              "Actual Loops": 7,
              "Plans": [
                {
                  "Node Type": "Seq Scan",
                  "Parent Relationship": "Outer",
                  "Parallel Aware": true,
                  "Relation Name": "cast_info",
                  "Alias": "ci",
                  "Startup Cost": 0.0,
                  "Total Cost": 328211.39,
                  "Plan Rows": 4727190,
                  "Plan Width": 0,
                  "Actual Startup Time": 103.168,
                  "Actual Total Time": 700.297,
                  "Actual Rows": 4034886,
                  "Actual Loops": 7,
                  "Filter": "(person_id > 782181)",
                  "Rows Removed by Filter": 1142877
                }
              ]
            }
          ]
        }
      ]
    },
    "Planning Time": 0.109,
    "Triggers": [],
    "Execution Time": 986.448
  }
]