{
  "Plan": {
    "Node Type": "Aggregate",
    "Strategy": "Plain",
    "Partial Mode": "Finalize",
    "Parallel Aware": false,
    "Startup Cost": 149215.29,
    "Total Cost": 149215.3,
    "Plan Rows": 1,
    "Plan Width": 8,
    "Actual Startup Time": 738.74,
    "Actual Total Time": 787.48,
    "Actual Rows": 1,
    "Actual Loops": 1,
    "Plans": [
      {
        "Node Type": "Gather",
        "Parent Relationship": "Outer",
        "Parallel Aware": false,
        "Startup Cost": 149215.18,
        "Total Cost": 149215.29,
        "Plan Rows": 1,
        "Plan Width": 8,
        "Actual Startup Time": 738.492,
        "Actual Total Time": 787.472,
        "Actual Rows": 2,
        "Actual Loops": 1,
        "Workers Planned": 1,
        "Workers Launched": 1,
        "Single Copy": false,
        "Plans": [
          {
            "Node Type": "Aggregate",
            "Strategy": "Plain",
            "Partial Mode": "Partial",
            "Parent Relationship": "Outer",
            "Parallel Aware": false,
            "Startup Cost": 148215.18,
            "Total Cost": 148215.19,
            "Plan Rows": 1,
            "Plan Width": 8,
            "Actual Startup Time": 731.944,
            "Actual Total Time": 731.947,
            "Actual Rows": 1,
            "Actual Loops": 2,
            "Plans": [
              {
                "Node Type": "Nested Loop",
                "Parent Relationship": "Outer",
                "Parallel Aware": false,
                "Join Type": "Inner",
                "Startup Cost": 54916.01,
                "Total Cost": 147820.31,
                "Plan Rows": 157949,
                "Plan Width": 0,
                "Actual Startup Time": 143.861,
                "Actual Total Time": 700.272,
                "Actual Rows": 713698,
                "Actual Loops": 2,
                "Inner Unique": false,
                "Join Filter": "(t.id = mi.movie_id)",
                "Rows Removed by Join Filter": 0,
                "Plans": [
                  {
                    "Node Type": "Hash Join",
                    "Parent Relationship": "Outer",
                    "Parallel Aware": true,
                    "Join Type": "Inner",
                    "Startup Cost": 54915.58,
                    "Total Cost": 93082.21,
                    "Plan Rows": 27012,
                    "Plan Width": 8,
                    "Actual Startup Time": 143.792,
                    "Actual Total Time": 365.138,
                    "Actual Rows": 19700,
                    "Actual Loops": 2,
                    "Inner Unique": true,
                    "Hash Cond": "(mc.movie_id = t.id)",
                    "Plans": [
                      {
                        "Node Type": "Seq Scan",
                        "Parent Relationship": "Outer",
                        "Parallel Aware": true,
                        "Relation Name": "movie_companies",
                        "Alias": "mc",
                        "Startup Cost": 0.0,
                        "Total Cost": 34137.82,
                        "Plan Rows": 1534782,
                        "Plan Width": 4,
                        "Actual Startup Time": 0.012,
                        "Actual Total Time": 95.142,
                        "Actual Rows": 1304564,
                        "Actual Loops": 2
                      },
                      {
                        "Node Type": "Hash",
                        "Parent Relationship": "Inner",
                        "Parallel Aware": true,
                        "Startup Cost": 54588.39,
                        "Total Cost": 54588.39,
                        "Plan Rows": 26175,
                        "Plan Width": 4,
                        "Actual Startup Time": 142.303,
                        "Actual Total Time": 142.304,
                        "Actual Rows": 23292,
                        "Actual Loops": 2,
                        "Hash Buckets": 65536,
                        "Original Hash Buckets": 65536,
                        "Hash Batches": 1,
                        "Original Hash Batches": 1,
                        "Peak Memory Usage": 2368,
                        "Plans": [
                          {
                            "Node Type": "Seq Scan",
                            "Parent Relationship": "Outer",
                            "Parallel Aware": true,
                            "Relation Name": "title",
                            "Alias": "t",
                            "Startup Cost": 0.0,
                            "Total Cost": 54588.39,
                            "Plan Rows": 26175,
                            "Plan Width": 4,
                            "Actual Startup Time": 0.052,
                            "Actual Total Time": 134.988,
                            "Actual Rows": 23292,
                            "Actual Loops": 2,
                            "Filter": "(production_year = 1998)",
                            "Rows Removed by Filter": 1240864
                          }
                        ]
                      }
                    ]
                  },
                  {
                    "Node Type": "Index Only Scan",
                    "Parent Relationship": "Inner",
                    "Parallel Aware": false,
                    "Scan Direction": "Forward",
                    "Index Name": "movie_id_movie_info",
                    "Relation Name": "movie_info",
                    "Alias": "mi",
                    "Startup Cost": 0.43,
                    "Total Cost": 1.5,
                    "Plan Rows": 42,
                    "Plan Width": 4,
                    "Actual Startup Time": 0.004,
                    "Actual Total Time": 0.014,
                    "Actual Rows": 36,
                    "Actual Loops": 39399,
                    "Index Cond": "(movie_id = mc.movie_id)",
                    "Rows Removed by Index Recheck": 0,
                    "Heap Fetches": 1427396
                  }
                ]
              }
            ]
          }
        ]
      }
    ]
  },
  "Planning Time": 0.982,
  "Triggers": [],
  "Execution Time": 787.577
}