[
  {
    "Plan": {
      "Node Type": "Aggregate",
      "Strategy": "Plain",
      "Partial Mode": "Finalize",
      "Parallel Aware": false,
      "Startup Cost": 47388.45,
      "Total Cost": 47388.46,
      "Plan Rows": 1,
      "Plan Width": 8,
      "Actual Startup Time": 125.681,
      "Actual Total Time": 141.33,
      "Actual Rows": 1,
      "Actual Loops": 1,
      "Plans": [
        {
          "Node Type": "Gather",
          "Parent Relationship": "Outer",
          "Parallel Aware": false,
          "Startup Cost": 47388.03,
          "Total Cost": 47388.44,
          "Plan Rows": 4,
          "Plan Width": 8,
          "Actual Startup Time": 125.554,
          "Actual Total Time": 141.321,
          "Actual Rows": 5,
          "Actual Loops": 1,
          "Workers Planned": 4,
          "Workers Launched": 4,
          "Single Copy": false,
          "Plans": [
            {
              "Node Type": "Aggregate",
              "Strategy": "Plain",
              "Partial Mode": "Partial",
              "Parent Relationship": "Outer",
              "Parallel Aware": false,
              "Startup Cost": 46388.03,
              "Total Cost": 46388.04,
              "Plan Rows": 1,
              "Plan Width": 8,
              "Actual Startup Time": 116.825,
              "Actual Total Time": 116.826,
              "Actual Rows": 1,
              "Actual Loops": 5,
              "Plans": [
                {
                  "Node Type": "Seq Scan",
                  "Parent Relationship": "Outer",
                  "Parallel Aware": true,
                  "Relation Name": "title",
                  "Alias": "t",
                  "Startup Cost": 0.0,
                  "Total Cost": 45479.1,
                  "Plan Rows": 363574,
                  "Plan Width": 0,
                  "Actual Startup Time": 0.036,
                  "Actual Total Time": 98.984,
                  "Actual Rows": 314246,
                  "Actual Loops": 5,
                  "Filter": "((kind_id > 1) AND (production_year > 1978))",
                  "Rows Removed by Filter": 191416
                }
              ]
            }
          ]
        }
      ]
    },
    "Planning Time": 0.173,
    "Triggers": [],
    "Execution Time": 141.386
  }
]