[
    {
        "Bao": {
            "Bao prediction": "NaN",
            "Bao recommended hint": "(no hint)"
        }
    },
    {
        "Plan": {
            "Node Type": "Aggregate",
            "Strategy": "Plain",
            "Partial Mode": "Finalize",
            "Parallel Aware": false,
            "Startup Cost": 33422.55,
            "Total Cost": 33422.56,
            "Plan Rows": 1,
            "Plan Width": 8,
            "Actual Startup Time": 96.989,
            "Actual Total Time": 100.655,
            "Actual Rows": 1,
            "Actual Loops": 1,
            "Output": [
                "count(*)"
            ],
            "Plans": [
                {
                    "Node Type": "Gather",
                    "Parent Relationship": "Outer",
                    "Parallel Aware": false,
                    "Startup Cost": 33422.23,
                    "Total Cost": 33422.54,
                    "Plan Rows": 3,
                    "Plan Width": 8,
                    "Actual Startup Time": 96.887,
                    "Actual Total Time": 100.648,
                    "Actual Rows": 4,
                    "Actual Loops": 1,
                    "Output": [
                        "(PARTIAL count(*))"
                    ],
                    "Workers Planned": 3,
                    "Workers Launched": 3,
                    "Single Copy": false,
                    "Plans": [
                        {
                            "Node Type": "Aggregate",
                            "Strategy": "Plain",
                            "Partial Mode": "Partial",
                            "Parent Relationship": "Outer",
                            "Parallel Aware": false,
                            "Startup Cost": 32422.23,
                            "Total Cost": 32422.24,
                            "Plan Rows": 1,
                            "Plan Width": 8,
                            "Actual Startup Time": 89.079,
                            "Actual Total Time": 89.081,
                            "Actual Rows": 1,
                            "Actual Loops": 4,
                            "Output": [
                                "PARTIAL count(*)"
                            ],
                            "Workers": [
                                {
                                    "Worker Number": 0,
                                    "Actual Startup Time": 86.245,
                                    "Actual Total Time": 86.246,
                                    "Actual Rows": 1,
                                    "Actual Loops": 1
                                },
                                {
                                    "Worker Number": 1,
                                    "Actual Startup Time": 86.572,
                                    "Actual Total Time": 86.573,
                                    "Actual Rows": 1,
                                    "Actual Loops": 1
                                },
                                {
                                    "Worker Number": 2,
                                    "Actual Startup Time": 86.849,
                                    "Actual Total Time": 86.85,
                                    "Actual Rows": 1,
                                    "Actual Loops": 1
                                }
                            ],
                            "Plans": [
                                {
                                    "Node Type": "Seq Scan",
                                    "Parent Relationship": "Outer",
                                    "Parallel Aware": true,
                                    "Relation Name": "movie_companies",
                                    "Schema": "public",
                                    "Alias": "mc",
                                    "Startup Cost": 0.0,
                                    "Total Cost": 31414.82,
                                    "Plan Rows": 402964,
                                    "Plan Width": 0,
                                    "Actual Startup Time": 41.133,
                                    "Actual Total Time": 75.979,
                                    "Actual Rows": 324218,
                                    "Actual Loops": 4,
                                    "Output": [
                                        "id",
                                        "movie_id",
                                        "company_id",
                                        "company_type_id",
                                        "note"
                                    ],
                                    "Filter": "((mc.company_id > 27) AND (mc.company_type_id > 1))",
                                    "Rows Removed by Filter": 328064,
                                    "Workers": [
                                        {
                                            "Worker Number": 0,
                                            "Actual Startup Time": 38.302,
                                            "Actual Total Time": 73.34,
                                            "Actual Rows": 314429,
                                            "Actual Loops": 1
                                        },
                                        {
                                            "Worker Number": 1,
                                            "Actual Startup Time": 38.629,
                                            "Actual Total Time": 73.674,
                                            "Actual Rows": 314032,
                                            "Actual Loops": 1
                                        },
                                        {
                                            "Worker Number": 2,
                                            "Actual Startup Time": 38.904,
                                            "Actual Total Time": 74.017,
                                            "Actual Rows": 313457,
                                            "Actual Loops": 1
                                        }
                                    ]
                                }
                            ]
                        }
                    ]
                }
            ]
        },
        "Planning Time": 201.123,
        "Triggers": [],
        "Execution Time": 100.697
    }
]