[
  {
    "Plan": {
      "Node Type": "Aggregate",
      "Strategy": "Plain",
      "Partial Mode": "Finalize",
      "Parallel Aware": false,
      "Startup Cost": 45367.87,
      "Total Cost": 45367.88,
      "Plan Rows": 1,
      "Plan Width": 8,
      "Actual Startup Time": 155.178,
      "Actual Total Time": 166.219,
      "Actual Rows": 1,
      "Actual Loops": 1,
      "Plans": [
        {
          "Node Type": "Gather",
          "Parent Relationship": "Outer",
          "Parallel Aware": false,
          "Startup Cost": 45367.56,
          "Total Cost": 45367.87,
          "Plan Rows": 3,
          "Plan Width": 8,
          "Actual Startup Time": 155.056,
          "Actual Total Time": 166.209,
          "Actual Rows": 4,
          "Actual Loops": 1,
          "Workers Planned": 3,
          "Workers Launched": 3,
          "Single Copy": false,
          "Plans": [
            {
              "Node Type": "Aggregate",
              "Strategy": "Plain",
              "Partial Mode": "Partial",
              "Parent Relationship": "Outer",
              "Parallel Aware": false,
              "Startup Cost": 44367.56,
              "Total Cost": 44367.57,
              "Plan Rows": 1,
              "Plan Width": 8,
              "Actual Startup Time": 148.462,
              "Actual Total Time": 148.463,
              "Actual Rows": 1,
              "Actual Loops": 4,
              "Plans": [
                {
                  "Node Type": "Seq Scan",
                  "Parent Relationship": "Outer",
                  "Parallel Aware": true,
                  "Relation Name": "movie_keyword",
                  "Alias": "mk",
                  "Startup Cost": 0.0,
                  "Total Cost": 42695.65,
                  "Plan Rows": 668761,
                  "Plan Width": 0,
                  "Actual Startup Time": 0.054,
                  "Actual Total Time": 122.167,
                  "Actual Rows": 518660,
                  "Actual Loops": 4,
                  "Filter": "(keyword_id < 3673)",
                  "Rows Removed by Filter": 612323
                }
              ]
            }
          ]
        }
      ]
    },
    "Planning Time": 0.26,
    "Triggers": [],
    "Execution Time": 166.275
  }
]