{
  "Plan": {
    "Node Type": "Aggregate",
    "Strategy": "Plain",
    "Partial Mode": "Finalize",
    "Parallel Aware": false,
    "Startup Cost": 909967.11,
    "Total Cost": 909967.12,
    "Plan Rows": 1,
    "Plan Width": 8,
    "Actual Startup Time": 4689.317,
    "Actual Total Time": 4766.306,
    "Actual Rows": 1,
    "Actual Loops": 1,
    "Plans": [
      {
        "Node Type": "Gather",
        "Parent Relationship": "Outer",
        "Parallel Aware": false,
        "Startup Cost": 909966.99,
        "Total Cost": 909967.1,
        "Plan Rows": 1,
        "Plan Width": 8,
        "Actual Startup Time": 4685.837,
        "Actual Total Time": 4766.297,
        "Actual Rows": 2,
        "Actual Loops": 1,
        "Workers Planned": 1,
        "Workers Launched": 1,
        "Single Copy": false,
        "Plans": [
          {
            "Node Type": "Aggregate",
            "Strategy": "Plain",
            "Partial Mode": "Partial",
            "Parent Relationship": "Outer",
            "Parallel Aware": false,
            "Startup Cost": 908966.99,
            "Total Cost": 908967.0,
            "Plan Rows": 1,
            "Plan Width": 8,
            "Actual Startup Time": 4679.416,
            "Actual Total Time": 4679.422,
            "Actual Rows": 1,
            "Actual Loops": 2,
            "Plans": [
              {
                "Node Type": "Hash Join",
                "Parent Relationship": "Outer",
                "Parallel Aware": true,
                "Join Type": "Inner",
                "Startup Cost": 297235.92,
                "Total Cost": 889275.8,
                "Plan Rows": 7876479,
                "Plan Width": 0,
                "Actual Startup Time": 807.727,
                "Actual Total Time": 4518.493,
                "Actual Rows": 4020596,
                "Actual Loops": 2,
                "Inner Unique": false,
                "Hash Cond": "(ci.movie_id = t.id)",
                "Plans": [
                  {
                    "Node Type": "Seq Scan",
                    "Parent Relationship": "Outer",
                    "Parallel Aware": true,
                    "Relation Name": "cast_info",
                    "Alias": "ci",
                    "Startup Cost": 0.0,
                    "Total Cost": 465792.95,
                    "Plan Rows": 21310595,
                    "Plan Width": 4,
                    "Actual Startup Time": 0.015,
                    "Actual Total Time": 1305.528,
                    "Actual Rows": 18122172,
                    "Actual Loops": 2
                  },
                  {
                    "Node Type": "Hash",
                    "Parent Relationship": "Inner",
                    "Parallel Aware": true,
                    "Startup Cost": 290364.85,
                    "Total Cost": 290364.85,
                    "Plan Rows": 549686,
                    "Plan Width": 8,
                    "Actual Startup Time": 797.659,
                    "Actual Total Time": 797.663,
                    "Actual Rows": 103010,
                    "Actual Loops": 2,
                    "Hash Buckets": 1048576,
                    "Original Hash Buckets": 1048576,
                    "Hash Batches": 1,
                    "Original Hash Batches": 1,
                    "Peak Memory Usage": 16288,
                    "Plans": [
                      {
                        "Node Type": "Hash Join",
                        "Parent Relationship": "Outer",
                        "Parallel Aware": true,
                        "Join Type": "Inner",
                        "Startup Cost": 107765.29,
                        "Total Cost": 290364.85,
                        "Plan Rows": 549686,
                        "Plan Width": 8,
                        "Actual Startup Time": 415.48,
                        "Actual Total Time": 767.201,
                        "Actual Rows": 103010,
                        "Actual Loops": 2,
                        "Inner Unique": true,
                        "Hash Cond": "(mi.movie_id = t.id)",
                        "Plans": [
                          {
                            "Node Type": "Bitmap Heap Scan",
                            "Parent Relationship": "Outer",
                            "Parallel Aware": true,
                            "Relation Name": "movie_info",
                            "Alias": "mi",
                            "Startup Cost": 41958.26,
                            "Total Cost": 220981.46,
                            "Plan Rows": 1362416,
                            "Plan Width": 4,
                            "Actual Startup Time": 91.797,
                            "Actual Total Time": 242.978,
                            "Actual Rows": 1116925,
                            "Actual Loops": 2,
                            "Recheck Cond": "(info_type_id > 16)",
                            "Rows Removed by Index Recheck": 0,
                            "Exact Heap Blocks": 27605,
                            "Lossy Heap Blocks": 0,
                            "Plans": [
                              {
                                "Node Type": "Bitmap Index Scan",
                                "Parent Relationship": "Outer",
                                "Parallel Aware": false,
                                "Index Name": "info_type_id_movie_info",
                                "Startup Cost": 0.0,
                                "Total Cost": 41379.24,
                                "Plan Rows": 2316107,
                                "Plan Width": 0,
                                "Actual Startup Time": 83.729,
                                "Actual Total Time": 83.729,
                                "Actual Rows": 2233850,
                                "Actual Loops": 1,
                                "Index Cond": "(info_type_id > 16)"
                              }
                            ]
                          },
                          {
                            "Node Type": "Hash",
                            "Parent Relationship": "Inner",
                            "Parallel Aware": true,
                            "Startup Cost": 58306.47,
                            "Total Cost": 58306.47,
                            "Plan Rows": 600045,
                            "Plan Width": 4,
                            "Actual Startup Time": 318.247,
                            "Actual Total Time": 318.248,
                            "Actual Rows": 558990,
                            "Actual Loops": 2,
                            "Hash Buckets": 2097152,
                            "Original Hash Buckets": 1048576,
                            "Hash Batches": 1,
                            "Original Hash Batches": 1,
                            "Peak Memory Usage": 68320,
                            "Plans": [
                              {
                                "Node Type": "Seq Scan",
                                "Parent Relationship": "Outer",
                                "Parallel Aware": true,
                                "Relation Name": "title",
                                "Alias": "t",
                                "Startup Cost": 0.0,
                                "Total Cost": 58306.47,
                                "Plan Rows": 600045,
                                "Plan Width": 4,
                                "Actual Startup Time": 0.034,
                                "Actual Total Time": 162.586,
                                "Actual Rows": 558990,
                                "Actual Loops": 2,
                                "Filter": "((production_year > 1993) AND (kind_id = 7))",
                                "Rows Removed by Filter": 705166
                              }
                            ]
                          }
                        ]
                      }
                    ]
                  }
                ]
              }
            ]
          }
        ]
      }
    ]
  },
  "Planning Time": 1.058,
  "Triggers": [],
  "Execution Time": 4766.456
}