{
  "Plan": {
    "Node Type": "Aggregate",
    "Strategy": "Plain",
    "Partial Mode": "Finalize",
    "Parallel Aware": false,
    "Startup Cost": 610377.83,
    "Total Cost": 610377.84,
    "Plan Rows": 1,
    "Plan Width": 8,
    "Actual Startup Time": 3479.709,
    "Actual Total Time": 3547.633,
    "Actual Rows": 1,
    "Actual Loops": 1,
    "Plans": [
      {
        "Node Type": "Gather",
        "Parent Relationship": "Outer",
        "Parallel Aware": false,
        "Startup Cost": 610377.72,
        "Total Cost": 610377.83,
        "Plan Rows": 1,
        "Plan Width": 8,
        "Actual Startup Time": 3477.258,
        "Actual Total Time": 3547.62,
        "Actual Rows": 2,
        "Actual Loops": 1,
        "Workers Planned": 1,
        "Workers Launched": 1,
        "Single Copy": false,
        "Plans": [
          {
            "Node Type": "Aggregate",
            "Strategy": "Plain",
            "Partial Mode": "Partial",
            "Parent Relationship": "Outer",
            "Parallel Aware": false,
            "Startup Cost": 609377.72,
            "Total Cost": 609377.73,
            "Plan Rows": 1,
            "Plan Width": 8,
            "Actual Startup Time": 3467.582,
            "Actual Total Time": 3467.588,
            "Actual Rows": 1,
            "Actual Loops": 2,
            "Plans": [
              {
                "Node Type": "Hash Join",
                "Parent Relationship": "Outer",
                "Parallel Aware": true,
                "Join Type": "Inner",
                "Startup Cost": 66891.78,
                "Total Cost": 602224.68,
                "Plan Rows": 2861216,
                "Plan Width": 0,
                "Actual Startup Time": 379.287,
                "Actual Total Time": 3370.485,
                "Actual Rows": 2333671,
                "Actual Loops": 2,
                "Inner Unique": true,
                "Hash Cond": "(ci.movie_id = t.id)",
                "Plans": [
                  {
                    "Node Type": "Seq Scan",
                    "Parent Relationship": "Outer",
                    "Parallel Aware": true,
                    "Relation Name": "cast_info",
                    "Alias": "ci",
                    "Startup Cost": 0.0,
                    "Total Cost": 519069.44,
                    "Plan Rows": 6195594,
                    "Plan Width": 4,
                    "Actual Startup Time": 0.02,
                    "Actual Total Time": 1422.018,
                    "Actual Rows": 5288410,
                    "Actual Loops": 2,
                    "Filter": "(person_id < 1037906)",
                    "Rows Removed by Filter": 12833762
                  },
                  {
                    "Node Type": "Hash",
                    "Parent Relationship": "Inner",
                    "Parallel Aware": true,
                    "Startup Cost": 58306.47,
                    "Total Cost": 58306.47,
                    "Plan Rows": 686825,
                    "Plan Width": 4,
                    "Actual Startup Time": 362.681,
                    "Actual Total Time": 362.682,
                    "Actual Rows": 564453,
                    "Actual Loops": 2,
                    "Hash Buckets": 2097152,
                    "Original Hash Buckets": 2097152,
                    "Hash Batches": 1,
                    "Original Hash Batches": 1,
                    "Peak Memory Usage": 60576,
                    "Plans": [
                      {
                        "Node Type": "Seq Scan",
                        "Parent Relationship": "Outer",
                        "Parallel Aware": true,
                        "Relation Name": "title",
                        "Alias": "t",
                        "Startup Cost": 0.0,
                        "Total Cost": 58306.47,
                        "Plan Rows": 686825,
                        "Plan Width": 4,
                        "Actual Startup Time": 0.055,
                        "Actual Total Time": 175.024,
                        "Actual Rows": 564453,
                        "Actual Loops": 2,
                        "Filter": "((production_year < 2010) AND (kind_id = 7))",
                        "Rows Removed by Filter": 699703
                      }
                    ]
                  }
                ]
              }
            ]
          }
        ]
      }
    ]
  },
  "Planning Time": 0.888,
  "Triggers": [],
  "Execution Time": 3547.727
}