[
  {
    "Plan": {
      "Node Type": "Aggregate",
      "Strategy": "Plain",
      "Partial Mode": "Finalize",
      "Parallel Aware": false,
      "Startup Cost": 63198.21,
      "Total Cost": 63198.22,
      "Plan Rows": 1,
      "Plan Width": 8,
      "Actual Startup Time": 281.186,
      "Actual Total Time": 296.798,
      "Actual Rows": 1,
      "Actual Loops": 1,
      "Plans": [
        {
          "Node Type": "Gather",
          "Parent Relationship": "Outer",
          "Parallel Aware": false,
          "Startup Cost": 63198.0,
          "Total Cost": 63198.21,
          "Plan Rows": 2,
          "Plan Width": 8,
          "Actual Startup Time": 279.33,
          "Actual Total Time": 296.788,
          "Actual Rows": 3,
          "Actual Loops": 1,
          "Workers Planned": 2,
          "Workers Launched": 2,
          "Single Copy": false,
          "Plans": [
            {
              "Node Type": "Aggregate",
              "Strategy": "Plain",
              "Partial Mode": "Partial",
              "Parent Relationship": "Outer",
              "Parallel Aware": false,
              "Startup Cost": 62198.0,
              "Total Cost": 62198.01,
              "Plan Rows": 1,
              "Plan Width": 8,
              "Actual Startup Time": 271.702,
              "Actual Total Time": 271.835,
              "Actual Rows": 1,
              "Actual Loops": 3,
              "Plans": [
                {
                  "Node Type": "Hash Join",
                  "Parent Relationship": "Outer",
                  "Parallel Aware": true,
                  "Join Type": "Inner",
                  "Startup Cost": 46009.57,
                  "Total Cost": 62134.0,
                  "Plan Rows": 25598,
                  "Plan Width": 0,
                  "Actual Startup Time": 207.17,
                  "Actual Total Time": 268.986,
                  "Actual Rows": 60014,
                  "Actual Loops": 3,
                  "Inner Unique": true,
                  "Hash Cond": "(mi_idx.movie_id = t.id)",
                  "Plans": [
                    {
                      "Node Type": "Seq Scan",
                      "Parent Relationship": "Outer",
                      "Parallel Aware": true,
                      "Relation Name": "movie_info_idx",
                      "Alias": "mi_idx",
                      "Startup Cost": 0.0,
                      "Total Cost": 15122.68,
                      "Plan Rows": 381618,
                      "Plan Width": 4,
                      "Actual Startup Time": 0.012,
                      "Actual Total Time": 50.234,
                      "Actual Rows": 306617,
                      "Actual Loops": 3,
                      "Filter": "(info_type_id < 101)",
                      "Rows Removed by Filter": 153395
                    },
                    {
                      "Node Type": "Hash",
                      "Parent Relationship": "Inner",
                      "Parallel Aware": true,
                      "Startup Cost": 45479.59,
                      "Total Cost": 45479.59,
                      "Plan Rows": 42399,
                      "Plan Width": 4,
                      "Actual Startup Time": 168.693,
                      "Actual Total Time": 168.696,
                      "Actual Rows": 103542,
                      "Actual Loops": 3,
                      "Hash Buckets": 524288,
                      "Original Hash Buckets": 262144,
                      "Hash Batches": 1,
                      "Original Hash Batches": 1,
                      "Peak Memory Usage": 18336,
                      "Plans": [
                        {
                          "Node Type": "Seq Scan",
                          "Parent Relationship": "Outer",
                          "Parallel Aware": true,
                          "Relation Name": "title",
                          "Alias": "t",
                          "Startup Cost": 0.0,
                          "Total Cost": 45479.59,
                          "Plan Rows": 42399,
                          "Plan Width": 4,
                          "Actual Startup Time": 73.699,
                          "Actual Total Time": 127.848,
                          "Actual Rows": 103542,
                          "Actual Loops": 3,
                          "Filter": "((production_year < 1989) AND (kind_id = 1))",
                          "Rows Removed by Filter": 739229
                        }
                      ]
                    }
                  ]
                }
              ]
            }
          ]
        }
      ]
    },
    "Planning Time": 0.652,
    "Triggers": [],
    "Execution Time": 296.869
  }
]