[
  {
    "Plan": {
      "Node Type": "Aggregate",
      "Strategy": "Plain",
      "Partial Mode": "Finalize",
      "Parallel Aware": false,
      "Startup Cost": 90709.45,
      "Total Cost": 90709.46,
      "Plan Rows": 1,
      "Plan Width": 8,
      "Actual Startup Time": 823.654,
      "Actual Total Time": 854.508,
      "Actual Rows": 1,
      "Actual Loops": 1,
      "Plans": [
        {
          "Node Type": "Gather",
          "Parent Relationship": "Outer",
          "Parallel Aware": false,
          "Startup Cost": 90709.13,
          "Total Cost": 90709.44,
          "Plan Rows": 3,
          "Plan Width": 8,
          "Actual Startup Time": 820.041,
          "Actual Total Time": 854.472,
          "Actual Rows": 4,
          "Actual Loops": 1,
          "Workers Planned": 3,
          "Workers Launched": 3,
          "Single Copy": false,
          "Plans": [
            {
              "Node Type": "Aggregate",
              "Strategy": "Plain",
              "Partial Mode": "Partial",
              "Parent Relationship": "Outer",
              "Parallel Aware": false,
              "Startup Cost": 89709.13,
              "Total Cost": 89709.14,
              "Plan Rows": 1,
              "Plan Width": 8,
              "Actual Startup Time": 811.142,
              "Actual Total Time": 811.151,
              "Actual Rows": 1,
              "Actual Loops": 4,
              "Plans": [
                {
                  "Node Type": "Nested Loop",
                  "Parent Relationship": "Outer",
                  "Parallel Aware": false,
                  "Join Type": "Inner",
                  "Startup Cost": 48141.82,
                  "Total Cost": 89608.34,
                  "Plan Rows": 40317,
                  "Plan Width": 0,
                  "Actual Startup Time": 217.864,
                  "Actual Total Time": 752.614,
                  "Actual Rows": 1006877,
                  "Actual Loops": 4,
                  "Inner Unique": false,
                  "Plans": [
                    {
                      "Node Type": "Hash Join",
                      "Parent Relationship": "Outer",
                      "Parallel Aware": true,
                      "Join Type": "Inner",
                      "Startup Cost": 48141.38,
                      "Total Cost": 72861.56,
                      "Plan Rows": 6866,
                      "Plan Width": 8,
                      "Actual Startup Time": 217.75,
                      "Actual Total Time": 245.916,
                      "Actual Rows": 13603,
                      "Actual Loops": 4,
                      "Inner Unique": true,
                      "Hash Cond": "(mk.movie_id = t.id)",
                      "Plans": [
                        {
                          "Node Type": "Bitmap Heap Scan",
                          "Parent Relationship": "Outer",
                          "Parallel Aware": true,
                          "Relation Name": "movie_keyword",
                          "Alias": "mk",
                          "Startup Cost": 1159.23,
                          "Total Cost": 25833.21,
                          "Plan Rows": 17598,
                          "Plan Width": 4,
                          "Actual Startup Time": 5.672,
                          "Actual Total Time": 23.002,
                          "Actual Rows": 13603,
                          "Actual Loops": 4,
                          "Recheck Cond": "(keyword_id > 97561)",
                          "Rows Removed by Index Recheck": 0,
                          "Exact Heap Blocks": 3118,
                          "Lossy Heap Blocks": 0,
                          "Plans": [
                            {
                              "Node Type": "Bitmap Index Scan",
                              "Parent Relationship": "Outer",
                              "Parallel Aware": false,
                              "Index Name": "keyword_id_movie_keyword",
                              "Startup Cost": 0.0,
                              "Total Cost": 1145.59,
                              "Plan Rows": 54555,
                              "Plan Width": 0,
                              "Actual Startup Time": 3.966,
                              "Actual Total Time": 3.966,
                              "Actual Rows": 54413,
                              "Actual Loops": 1,
                              "Index Cond": "(keyword_id > 97561)"
                            }
                          ]
                        },
                        {
                          "Node Type": "Hash",
                          "Parent Relationship": "Inner",
                          "Parallel Aware": true,
                          "Startup Cost": 43899.32,
                          "Total Cost": 43899.32,
                          "Plan Rows": 246626,
                          "Plan Width": 4,
                          "Actual Startup Time": 208.856,
                          "Actual Total Time": 208.86,
                          "Actual Rows": 246262,
                          "Actual Loops": 4,
                          "Hash Buckets": 1048576,
                          "Original Hash Buckets": 1048576,
                          "Hash Batches": 1,
                          "Original Hash Batches": 1,
                          "Peak Memory Usage": 46816,
                          "Plans": [
                            {
                              "Node Type": "Seq Scan",
                              "Parent Relationship": "Outer",
                              "Parallel Aware": true,
                              "Relation Name": "title",
                              "Alias": "t",
                              "Startup Cost": 0.0,
                              "Total Cost": 43899.32,
                              "Plan Rows": 246626,
                              "Plan Width": 4,
                              "Actual Startup Time": 0.044,
                              "Actual Total Time": 115.655,
                              "Actual Rows": 246262,
                              "Actual Loops": 4,
                              "Filter": "(kind_id < 7)",
                              "Rows Removed by Filter": 385816
                            }
                          ]
                        }
                      ]
                    },
                    {
                      "Node Type": "Index Only Scan",
                      "Parent Relationship": "Inner",
                      "Parallel Aware": false,
                      "Scan Direction": "Forward",
                      "Index Name": "movie_id_movie_info",
                      "Relation Name": "movie_info",
                      "Alias": "mi",
                      "Startup Cost": 0.43,
                      "Total Cost": 2.03,
                      "Plan Rows": 41,
                      "Plan Width": 4,
                      "Actual Startup Time": 0.007,
                      "Actual Total Time": 0.03,
                      "Actual Rows": 74,
                      "Actual Loops": 54413,
                      "Index Cond": "(movie_id = t.id)",
                      "Rows Removed by Index Recheck": 0,
                      "Heap Fetches": 4027509
                    }
                  ]
                }
              ]
            }
          ]
        }
      ]
    },
    "Planning Time": 0.868,
    "Triggers": [],
    "Execution Time": 854.587
  }
]