[
  {
    "Plan": {
      "Node Type": "Aggregate",
      "Strategy": "Plain",
      "Partial Mode": "Finalize",
      "Parallel Aware": false,
      "Startup Cost": 454958.58,
      "Total Cost": 454958.59,
      "Plan Rows": 1,
      "Plan Width": 8,
      "Actual Startup Time": 2995.478,
      "Actual Total Time": 3061.256,
      "Actual Rows": 1,
      "Actual Loops": 1,
      "Plans": [
        {
          "Node Type": "Gather",
          "Parent Relationship": "Outer",
          "Parallel Aware": false,
          "Startup Cost": 454957.95,
          "Total Cost": 454958.56,
          "Plan Rows": 6,
          "Plan Width": 8,
          "Actual Startup Time": 2977.57,
          "Actual Total Time": 3061.242,
          "Actual Rows": 7,
          "Actual Loops": 1,
          "Workers Planned": 6,
          "Workers Launched": 6,
          "Single Copy": false,
          "Plans": [
            {
              "Node Type": "Aggregate",
              "Strategy": "Plain",
              "Partial Mode": "Partial",
              "Parent Relationship": "Outer",
              "Parallel Aware": false,
              "Startup Cost": 453957.95,
              "Total Cost": 453957.96,
              "Plan Rows": 1,
              "Plan Width": 8,
              "Actual Startup Time": 2966.644,
              "Actual Total Time": 2966.941,
              "Actual Rows": 1,
              "Actual Loops": 7,
              "Plans": [
                {
                  "Node Type": "Hash Join",
                  "Parent Relationship": "Outer",
                  "Parallel Aware": true,
                  "Join Type": "Inner",
                  "Startup Cost": 94447.13,
                  "Total Cost": 452218.93,
                  "Plan Rows": 695611,
                  "Plan Width": 0,
                  "Actual Startup Time": 376.809,
                  "Actual Total Time": 2578.458,
                  "Actual Rows": 8243549,
                  "Actual Loops": 7,
                  "Inner Unique": false,
                  "Hash Cond": "(ci.movie_id = t.id)",
                  "Plans": [
                    {
                      "Node Type": "Seq Scan",
                      "Parent Relationship": "Outer",
                      "Parallel Aware": true,
                      "Relation Name": "cast_info",
                      "Alias": "ci",
                      "Startup Cost": 0.0,
                      "Total Cost": 343257.03,
                      "Plan Rows": 3272227,
                      "Plan Width": 4,
                      "Actual Startup Time": 0.024,
                      "Actual Total Time": 760.053,
                      "Actual Rows": 3411234,
                      "Actual Loops": 7,
                      "Filter": "((person_id < 3024647) AND (role_id < 4))",
                      "Rows Removed by Filter": 1766530
                    },
                    {
                      "Node Type": "Hash",
                      "Parent Relationship": "Inner",
                      "Parallel Aware": true,
                      "Startup Cost": 92279.93,
                      "Total Cost": 92279.93,
                      "Plan Rows": 173376,
                      "Plan Width": 8,
                      "Actual Startup Time": 373.306,
                      "Actual Total Time": 373.602,
                      "Actual Rows": 242941,
                      "Actual Loops": 7,
                      "Hash Buckets": 2097152,
                      "Original Hash Buckets": 1048576,
                      "Hash Batches": 1,
                      "Original Hash Batches": 1,
                      "Peak Memory Usage": 91200,
                      "Plans": [
                        {
                          "Node Type": "Hash Join",
                          "Parent Relationship": "Outer",
                          "Parallel Aware": true,
                          "Join Type": "Inner",
                          "Startup Cost": 46745.97,
                          "Total Cost": 92279.93,
                          "Plan Rows": 173376,
                          "Plan Width": 8,
                          "Actual Startup Time": 145.876,
                          "Actual Total Time": 278.713,
                          "Actual Rows": 242941,
                          "Actual Loops": 7,
                          "Inner Unique": true,
                          "Hash Cond": "(mk.movie_id = t.id)",
                          "Plans": [
                            {
                              "Node Type": "Seq Scan",
                              "Parent Relationship": "Outer",
                              "Parallel Aware": true,
                              "Relation Name": "movie_keyword",
                              "Alias": "mk",
                              "Startup Cost": 0.0,
                              "Total Cost": 42695.65,
                              "Plan Rows": 1081260,
                              "Plan Width": 4,
                              "Actual Startup Time": 0.085,
                              "Actual Total Time": 82.824,
                              "Actual Rows": 476407,
                              "Actual Loops": 7,
                              "Filter": "(keyword_id > 1417)",
                              "Rows Removed by Filter": 169868
                            },
                            {
                              "Node Type": "Hash",
                              "Parent Relationship": "Inner",
                              "Parallel Aware": true,
                              "Startup Cost": 45479.1,
                              "Total Cost": 45479.1,
                              "Plan Rows": 101350,
                              "Plan Width": 4,
                              "Actual Startup Time": 119.547,
                              "Actual Total Time": 119.548,
                              "Actual Rows": 65164,
                              "Actual Loops": 7,
                              "Hash Buckets": 524288,
                              "Original Hash Buckets": 524288,
                              "Hash Batches": 1,
                              "Original Hash Batches": 1,
                              "Peak Memory Usage": 22080,
                              "Plans": [
                                {
                                  "Node Type": "Seq Scan",
                                  "Parent Relationship": "Outer",
                                  "Parallel Aware": true,
                                  "Relation Name": "title",
                                  "Alias": "t",
                                  "Startup Cost": 0.0,
                                  "Total Cost": 45479.1,
                                  "Plan Rows": 101350,
                                  "Plan Width": 4,
                                  "Actual Startup Time": 55.836,
                                  "Actual Total Time": 87.406,
                                  "Actual Rows": 65164,
                                  "Actual Loops": 7,
                                  "Filter": "((production_year < 2007) AND (kind_id = 1))",
                                  "Rows Removed by Filter": 296024
                                }
                              ]
                            }
                          ]
                        }
                      ]
                    }
                  ]
                }
              ]
            }
          ]
        }
      ]
    },
    "Planning Time": 1.383,
    "Triggers": [],
    "Execution Time": 3061.372
  }
]