[
  {
    "Plan": {
      "Node Type": "Aggregate",
      "Strategy": "Plain",
      "Partial Mode": "Finalize",
      "Parallel Aware": false,
      "Startup Cost": 30354.14,
      "Total Cost": 30354.15,
      "Plan Rows": 1,
      "Plan Width": 8,
      "Actual Startup Time": 192.265,
      "Actual Total Time": 211.706,
      "Actual Rows": 1,
      "Actual Loops": 1,
      "Plans": [
        {
          "Node Type": "Gather",
          "Parent Relationship": "Outer",
          "Parallel Aware": false,
          "Startup Cost": 30353.82,
          "Total Cost": 30354.13,
          "Plan Rows": 3,
          "Plan Width": 8,
          "Actual Startup Time": 192.254,
          "Actual Total Time": 211.698,
          "Actual Rows": 4,
          "Actual Loops": 1,
          "Workers Planned": 3,
          "Workers Launched": 3,
          "Single Copy": false,
          "Plans": [
            {
              "Node Type": "Aggregate",
              "Strategy": "Plain",
              "Partial Mode": "Partial",
              "Parent Relationship": "Outer",
              "Parallel Aware": false,
              "Startup Cost": 29353.82,
              "Total Cost": 29353.83,
              "Plan Rows": 1,
              "Plan Width": 8,
              "Actual Startup Time": 188.1,
              "Actual Total Time": 188.102,
              "Actual Rows": 1,
              "Actual Loops": 4,
              "Plans": [
                {
                  "Node Type": "Nested Loop",
                  "Parent Relationship": "Outer",
                  "Parallel Aware": false,
                  "Join Type": "Inner",
                  "Startup Cost": 0.99,
                  "Total Cost": 29346.15,
                  "Plan Rows": 3070,
                  "Plan Width": 0,
                  "Actual Startup Time": 0.15,
                  "Actual Total Time": 185.135,
                  "Actual Rows": 41624,
                  "Actual Loops": 4,
                  "Inner Unique": true,
                  "Plans": [
                    {
                      "Node Type": "Index Scan",
                      "Parent Relationship": "Outer",
                      "Parallel Aware": true,
                      "Scan Direction": "Forward",
                      "Index Name": "role_id_cast_info",
                      "Relation Name": "cast_info",
                      "Alias": "ci",
                      "Startup Cost": 0.56,
                      "Total Cost": 9091.72,
                      "Plan Rows": 3070,
                      "Plan Width": 4,
                      "Actual Startup Time": 0.046,
                      "Actual Total Time": 18.827,
                      "Actual Rows": 41624,
                      "Actual Loops": 4,
                      "Index Cond": "(role_id = 11)",
                      "Rows Removed by Index Recheck": 0,
                      "Filter": "(person_id > 3860112)",
                      "Rows Removed by Filter": 37405
                    },
                    {
                      "Node Type": "Index Only Scan",
                      "Parent Relationship": "Inner",
                      "Parallel Aware": false,
                      "Scan Direction": "Forward",
                      "Index Name": "title_pkey",
                      "Relation Name": "title",
                      "Alias": "t",
                      "Startup Cost": 0.43,
                      "Total Cost": 6.6,
                      "Plan Rows": 1,
                      "Plan Width": 4,
                      "Actual Startup Time": 0.004,
                      "Actual Total Time": 0.004,
                      "Actual Rows": 1,
                      "Actual Loops": 166497,
                      "Index Cond": "(id = ci.movie_id)",
                      "Rows Removed by Index Recheck": 0,
                      "Heap Fetches": 166497
                    }
                  ]
                }
              ]
            }
          ]
        }
      ]
    },
    "Planning Time": 0.319,
    "Triggers": [],
    "Execution Time": 211.759
  }
]