{
  "Plan": {
    "Node Type": "Aggregate",
    "Strategy": "Plain",
    "Partial Mode": "Finalize",
    "Parallel Aware": false,
    "Startup Cost": 2850707.36,
    "Total Cost": 2850707.37,
    "Plan Rows": 1,
    "Plan Width": 8,
    "Actual Startup Time": 28522.388,
    "Actual Total Time": 28522.493,
    "Actual Rows": 1,
    "Actual Loops": 1,
    "Plans": [
      {
        "Node Type": "Gather",
        "Parent Relationship": "Outer",
        "Parallel Aware": false,
        "Startup Cost": 2850707.25,
        "Total Cost": 2850707.36,
        "Plan Rows": 1,
        "Plan Width": 8,
        "Actual Startup Time": 28522.377,
        "Actual Total Time": 28522.487,
        "Actual Rows": 2,
        "Actual Loops": 1,
        "Workers Planned": 1,
        "Workers Launched": 1,
        "Single Copy": false,
        "Plans": [
          {
            "Node Type": "Aggregate",
            "Strategy": "Plain",
            "Partial Mode": "Partial",
            "Parent Relationship": "Outer",
            "Parallel Aware": false,
            "Startup Cost": 2849707.25,
            "Total Cost": 2849707.26,
            "Plan Rows": 1,
            "Plan Width": 8,
            "Actual Startup Time": 25991.424,
            "Actual Total Time": 25991.429,
            "Actual Rows": 1,
            "Actual Loops": 2,
            "Plans": [
              {
                "Node Type": "Merge Join",
                "Parent Relationship": "Outer",
                "Parallel Aware": false,
                "Join Type": "Inner",
                "Startup Cost": 2503708.07,
                "Total Cost": 2806508.65,
                "Plan Rows": 17279439,
                "Plan Width": 0,
                "Actual Startup Time": 12098.366,
                "Actual Total Time": 22863.834,
                "Actual Rows": 74676758,
                "Actual Loops": 2,
                "Inner Unique": false,
                "Merge Cond": "(ci.movie_id = t.id)",
                "Plans": [
                  {
                    "Node Type": "Sort",
                    "Parent Relationship": "Outer",
                    "Parallel Aware": false,
                    "Startup Cost": 1525115.74,
                    "Total Cost": 1546932.26,
                    "Plan Rows": 8726606,
                    "Plan Width": 4,
                    "Actual Startup Time": 3659.556,
                    "Actual Total Time": 4793.477,
                    "Actual Rows": 7411821,
                    "Actual Loops": 2,
                    "Sort Key": [
                      "ci.movie_id"
                    ],
                    "Sort Method": "quicksort",
                    "Sort Space Used": 807924,
                    "Sort Space Type": "Memory",
                    "Workers": [
                      {
                        "Worker Number": 0,
                        "Sort Method": "quicksort",
                        "Sort Space Used": 476759,
                        "Sort Space Type": "Memory"
                      }
                    ],
                    "Plans": [
                      {
                        "Node Type": "Seq Scan",
                        "Parent Relationship": "Outer",
                        "Parallel Aware": true,
                        "Relation Name": "cast_info",
                        "Alias": "ci",
                        "Startup Cost": 0.0,
                        "Total Cost": 519069.44,
                        "Plan Rows": 8726606,
                        "Plan Width": 4,
                        "Actual Startup Time": 0.039,
                        "Actual Total Time": 1682.228,
                        "Actual Rows": 7411821,
                        "Actual Loops": 2,
                        "Filter": "(person_id < 1462315)",
                        "Rows Removed by Filter": 10710351
                      }
                    ]
                  },
                  {
                    "Node Type": "Sort",
                    "Parent Relationship": "Inner",
                    "Parallel Aware": false,
                    "Startup Cost": 978591.4,
                    "Total Cost": 991107.0,
                    "Plan Rows": 5006240,
                    "Plan Width": 8,
                    "Actual Startup Time": 8438.768,
                    "Actual Total Time": 11197.13,
                    "Actual Rows": 76690286,
                    "Actual Loops": 2,
                    "Sort Key": [
                      "t.id"
                    ],
                    "Sort Method": "quicksort",
                    "Sort Space Used": 856076,
                    "Sort Space Type": "Memory",
                    "Workers": [
                      {
                        "Worker Number": 0,
                        "Sort Method": "quicksort",
                        "Sort Space Used": 856076,
                        "Sort Space Type": "Memory"
                      }
                    ],
                    "Plans": [
                      {
                        "Node Type": "Hash Join",
                        "Parent Relationship": "Outer",
                        "Parallel Aware": false,
                        "Join Type": "Inner",
                        "Startup Cost": 72877.8,
                        "Total Cost": 421514.64,
                        "Plan Rows": 5006240,
                        "Plan Width": 8,
                        "Actual Startup Time": 387.843,
                        "Actual Total Time": 5920.858,
                        "Actual Rows": 9874334,
                        "Actual Loops": 2,
                        "Inner Unique": true,
                        "Hash Cond": "(mi.movie_id = t.id)",
                        "Plans": [
                          {
                            "Node Type": "Seq Scan",
                            "Parent Relationship": "Outer",
                            "Parallel Aware": false,
                            "Relation Name": "movie_info",
                            "Alias": "mi",
                            "Startup Cost": 0.0,
                            "Total Cost": 309829.65,
                            "Plan Rows": 14783665,
                            "Plan Width": 4,
                            "Actual Startup Time": 0.048,
                            "Actual Total Time": 1211.593,
                            "Actual Rows": 14835720,
                            "Actual Loops": 2
                          },
                          {
                            "Node Type": "Hash",
                            "Parent Relationship": "Inner",
                            "Parallel Aware": false,
                            "Startup Cost": 62175.75,
                            "Total Cost": 62175.75,
                            "Plan Rows": 856164,
                            "Plan Width": 4,
                            "Actual Startup Time": 379.268,
                            "Actual Total Time": 379.27,
                            "Actual Rows": 854214,
                            "Actual Loops": 2,
                            "Hash Buckets": 1048576,
                            "Original Hash Buckets": 1048576,
                            "Hash Batches": 1,
                            "Original Hash Batches": 1,
                            "Peak Memory Usage": 38223,
                            "Plans": [
                              {
                                "Node Type": "Bitmap Heap Scan",
                                "Parent Relationship": "Outer",
                                "Parallel Aware": false,
                                "Relation Name": "title",
                                "Alias": "t",
                                "Startup Cost": 15475.7,
                                "Total Cost": 62175.75,
                                "Plan Rows": 856164,
                                "Plan Width": 4,
                                "Actual Startup Time": 34.236,
                                "Actual Total Time": 190.968,
                                "Actual Rows": 854214,
                                "Actual Loops": 2,
                                "Recheck Cond": "(kind_id < 4)",
                                "Rows Removed by Index Recheck": 0,
                                "Exact Heap Blocks": 35470,
                                "Lossy Heap Blocks": 0,
                                "Plans": [
                                  {
                                    "Node Type": "Bitmap Index Scan",
                                    "Parent Relationship": "Outer",
                                    "Parallel Aware": false,
                                    "Index Name": "kind_id_title",
                                    "Startup Cost": 0.0,
                                    "Total Cost": 15261.66,
                                    "Plan Rows": 856164,
                                    "Plan Width": 0,
                                    "Actual Startup Time": 29.391,
                                    "Actual Total Time": 29.391,
                                    "Actual Rows": 854214,
                                    "Actual Loops": 2,
                                    "Index Cond": "(kind_id < 4)"
                                  }
                                ]
                              }
                            ]
                          }
                        ]
                      }
                    ]
                  }
                ]
              }
            ]
          }
        ]
      }
    ]
  },
  "Planning Time": 1.053,
  "Triggers": [],
  "Execution Time": 28597.012
}