[
  {
    "Plan": {
      "Node Type": "Aggregate",
      "Strategy": "Plain",
      "Partial Mode": "Finalize",
      "Parallel Aware": false,
      "Startup Cost": 47062.92,
      "Total Cost": 47062.93,
      "Plan Rows": 1,
      "Plan Width": 8,
      "Actual Startup Time": 92.372,
      "Actual Total Time": 104.265,
      "Actual Rows": 1,
      "Actual Loops": 1,
      "Plans": [
        {
          "Node Type": "Gather",
          "Parent Relationship": "Outer",
          "Parallel Aware": false,
          "Startup Cost": 47062.5,
          "Total Cost": 47062.91,
          "Plan Rows": 4,
          "Plan Width": 8,
          "Actual Startup Time": 92.187,
          "Actual Total Time": 104.255,
          "Actual Rows": 5,
          "Actual Loops": 1,
          "Workers Planned": 4,
          "Workers Launched": 4,
          "Single Copy": false,
          "Plans": [
            {
              "Node Type": "Aggregate",
              "Strategy": "Plain",
              "Partial Mode": "Partial",
              "Parent Relationship": "Outer",
              "Parallel Aware": false,
              "Startup Cost": 46062.5,
              "Total Cost": 46062.51,
              "Plan Rows": 1,
              "Plan Width": 8,
              "Actual Startup Time": 87.138,
              "Actual Total Time": 87.139,
              "Actual Rows": 1,
              "Actual Loops": 5,
              "Plans": [
                {
                  "Node Type": "Seq Scan",
                  "Parent Relationship": "Outer",
                  "Parallel Aware": true,
                  "Relation Name": "title",
                  "Alias": "t",
                  "Startup Cost": 0.0,
                  "Total Cost": 45479.59,
                  "Plan Rows": 233166,
                  "Plan Width": 0,
                  "Actual Startup Time": 0.035,
                  "Actual Total Time": 79.459,
                  "Actual Rows": 182052,
                  "Actual Loops": 5,
                  "Filter": "((kind_id < 7) AND (production_year > 1915))",
                  "Rows Removed by Filter": 323610
                }
              ]
            }
          ]
        }
      ]
    },
    "Planning Time": 0.085,
    "Triggers": [],
    "Execution Time": 104.295
  }
]