[
  {
    "Plan": {
      "Node Type": "Aggregate",
      "Strategy": "Plain",
      "Partial Mode": "Finalize",
      "Parallel Aware": false,
      "Startup Cost": 46442.97,
      "Total Cost": 46442.98,
      "Plan Rows": 1,
      "Plan Width": 8,
      "Actual Startup Time": 161.193,
      "Actual Total Time": 171.043,
      "Actual Rows": 1,
      "Actual Loops": 1,
      "Plans": [
        {
          "Node Type": "Gather",
          "Parent Relationship": "Outer",
          "Parallel Aware": false,
          "Startup Cost": 46442.65,
          "Total Cost": 46442.96,
          "Plan Rows": 3,
          "Plan Width": 8,
          "Actual Startup Time": 161.054,
          "Actual Total Time": 171.034,
          "Actual Rows": 4,
          "Actual Loops": 1,
          "Workers Planned": 3,
          "Workers Launched": 3,
          "Single Copy": false,
          "Plans": [
            {
              "Node Type": "Aggregate",
              "Strategy": "Plain",
              "Partial Mode": "Partial",
              "Parent Relationship": "Outer",
              "Parallel Aware": false,
              "Startup Cost": 45442.65,
              "Total Cost": 45442.66,
              "Plan Rows": 1,
              "Plan Width": 8,
              "Actual Startup Time": 155.061,
              "Actual Total Time": 155.063,
              "Actual Rows": 1,
              "Actual Loops": 4,
              "Plans": [
                {
                  "Node Type": "Seq Scan",
                  "Parent Relationship": "Outer",
                  "Parallel Aware": true,
                  "Relation Name": "movie_keyword",
                  "Alias": "mk",
                  "Startup Cost": 0.0,
                  "Total Cost": 42695.65,
                  "Plan Rows": 1098800,
                  "Plan Width": 0,
                  "Actual Startup Time": 0.152,
                  "Actual Total Time": 117.856,
                  "Actual Rows": 849832,
                  "Actual Loops": 4,
                  "Filter": "(keyword_id > 1213)",
                  "Rows Removed by Filter": 281150
                }
              ]
            }
          ]
        }
      ]
    },
    "Planning Time": 0.154,
    "Triggers": [],
    "Execution Time": 171.094
  }
]