[
  {
    "Plan": {
      "Node Type": "Aggregate",
      "Strategy": "Plain",
      "Partial Mode": "Finalize",
      "Parallel Aware": false,
      "Startup Cost": 335328.02,
      "Total Cost": 335328.03,
      "Plan Rows": 1,
      "Plan Width": 8,
      "Actual Startup Time": 723.539,
      "Actual Total Time": 769.584,
      "Actual Rows": 1,
      "Actual Loops": 1,
      "Plans": [
        {
          "Node Type": "Gather",
          "Parent Relationship": "Outer",
          "Parallel Aware": false,
          "Startup Cost": 335327.39,
          "Total Cost": 335328.0,
          "Plan Rows": 6,
          "Plan Width": 8,
          "Actual Startup Time": 723.38,
          "Actual Total Time": 769.575,
          "Actual Rows": 7,
          "Actual Loops": 1,
          "Workers Planned": 6,
          "Workers Launched": 6,
          "Single Copy": false,
          "Plans": [
            {
              "Node Type": "Aggregate",
              "Strategy": "Plain",
              "Partial Mode": "Partial",
              "Parent Relationship": "Outer",
              "Parallel Aware": false,
              "Startup Cost": 334327.39,
              "Total Cost": 334327.4,
              "Plan Rows": 1,
              "Plan Width": 8,
              "Actual Startup Time": 715.244,
              "Actual Total Time": 715.246,
              "Actual Rows": 1,
              "Actual Loops": 7,
              "Plans": [
                {
                  "Node Type": "Seq Scan",
                  "Parent Relationship": "Outer",
                  "Parallel Aware": true,
                  "Relation Name": "cast_info",
                  "Alias": "ci",
                  "Startup Cost": 0.0,
                  "Total Cost": 328211.39,
                  "Plan Rows": 2446401,
                  "Plan Width": 0,
                  "Actual Startup Time": 0.052,
                  "Actual Total Time": 602.095,
                  "Actual Rows": 2115589,
                  "Actual Loops": 7,
                  "Filter": "(person_id < 1460698)",
                  "Rows Removed by Filter": 3062175
                }
              ]
            }
          ]
        }
      ]
    },
    "Planning Time": 0.09,
    "Triggers": [],
    "Execution Time": 769.62
  }
]