[
  {
    "Plan": {
      "Node Type": "Aggregate",
      "Strategy": "Plain",
      "Partial Mode": "Finalize",
      "Parallel Aware": false,
      "Startup Cost": 335337.18,
      "Total Cost": 335337.19,
      "Plan Rows": 1,
      "Plan Width": 8,
      "Actual Startup Time": 691.705,
      "Actual Total Time": 749.31,
      "Actual Rows": 1,
      "Actual Loops": 1,
      "Plans": [
        {
          "Node Type": "Gather",
          "Parent Relationship": "Outer",
          "Parallel Aware": false,
          "Startup Cost": 335336.55,
          "Total Cost": 335337.16,
          "Plan Rows": 6,
          "Plan Width": 8,
          "Actual Startup Time": 691.57,
          "Actual Total Time": 749.299,
          "Actual Rows": 7,
          "Actual Loops": 1,
          "Workers Planned": 6,
          "Workers Launched": 6,
          "Single Copy": false,
          "Plans": [
            {
              "Node Type": "Aggregate",
              "Strategy": "Plain",
              "Partial Mode": "Partial",
              "Parent Relationship": "Outer",
              "Parallel Aware": false,
              "Startup Cost": 334336.55,
              "Total Cost": 334336.56,
              "Plan Rows": 1,
              "Plan Width": 8,
              "Actual Startup Time": 681.217,
              "Actual Total Time": 681.218,
              "Actual Rows": 1,
              "Actual Loops": 7,
              "Plans": [
                {
                  "Node Type": "Seq Scan",
                  "Parent Relationship": "Outer",
                  "Parallel Aware": true,
                  "Relation Name": "cast_info",
                  "Alias": "ci",
                  "Startup Cost": 0.0,
                  "Total Cost": 328162.03,
                  "Plan Rows": 2469810,
                  "Plan Width": 0,
                  "Actual Startup Time": 0.054,
                  "Actual Total Time": 584.677,
                  "Actual Rows": 2115589,
                  "Actual Loops": 7,
                  "Filter": "(person_id < 1460698)",
                  "Rows Removed by Filter": 3062175
                }
              ]
            }
          ]
        }
      ]
    },
    "Planning Time": 0.174,
    "Triggers": [],
    "Execution Time": 749.375
  }
]