[
  {
    "Plan": {
      "Node Type": "Aggregate",
      "Strategy": "Plain",
      "Partial Mode": "Finalize",
      "Parallel Aware": false,
      "Startup Cost": 227194.5,
      "Total Cost": 227194.51,
      "Plan Rows": 1,
      "Plan Width": 8,
      "Actual Startup Time": 229.14,
      "Actual Total Time": 256.667,
      "Actual Rows": 1,
      "Actual Loops": 1,
      "Plans": [
        {
          "Node Type": "Gather",
          "Parent Relationship": "Outer",
          "Parallel Aware": false,
          "Startup Cost": 227194.08,
          "Total Cost": 227194.49,
          "Plan Rows": 4,
          "Plan Width": 8,
          "Actual Startup Time": 228.972,
          "Actual Total Time": 256.654,
          "Actual Rows": 5,
          "Actual Loops": 1,
          "Workers Planned": 4,
          "Workers Launched": 4,
          "Single Copy": false,
          "Plans": [
            {
              "Node Type": "Aggregate",
              "Strategy": "Plain",
              "Partial Mode": "Partial",
              "Parent Relationship": "Outer",
              "Parallel Aware": false,
              "Startup Cost": 226194.08,
              "Total Cost": 226194.09,
              "Plan Rows": 1,
              "Plan Width": 8,
              "Actual Startup Time": 221.072,
              "Actual Total Time": 221.074,
              "Actual Rows": 1,
              "Actual Loops": 5,
              "Plans": [
                {
                  "Node Type": "Nested Loop",
                  "Parent Relationship": "Outer",
                  "Parallel Aware": false,
                  "Join Type": "Inner",
                  "Startup Cost": 0.43,
                  "Total Cost": 226149.32,
                  "Plan Rows": 17902,
                  "Plan Width": 0,
                  "Actual Startup Time": 64.548,
                  "Actual Total Time": 217.43,
                  "Actual Rows": 66340,
                  "Actual Loops": 5,
                  "Inner Unique": false,
                  "Plans": [
                    {
                      "Node Type": "Seq Scan",
                      "Parent Relationship": "Outer",
                      "Parallel Aware": true,
                      "Relation Name": "title",
                      "Alias": "t",
                      "Startup Cost": 0.0,
                      "Total Cost": 45479.59,
                      "Plan Rows": 4059,
                      "Plan Width": 4,
                      "Actual Startup Time": 64.397,
                      "Actual Total Time": 89.374,
                      "Actual Rows": 8564,
                      "Actual Loops": 5,
                      "Filter": "((kind_id < 7) AND (production_year < 1913))",
                      "Rows Removed by Filter": 497099
                    },
                    {
                      "Node Type": "Index Scan",
                      "Parent Relationship": "Inner",
                      "Parallel Aware": false,
                      "Scan Direction": "Forward",
                      "Index Name": "movie_id_movie_info",
                      "Relation Name": "movie_info",
                      "Alias": "mi",
                      "Startup Cost": 0.43,
                      "Total Cost": 44.2,
                      "Plan Rows": 31,
                      "Plan Width": 4,
                      "Actual Startup Time": 0.006,
                      "Actual Total Time": 0.014,
                      "Actual Rows": 8,
                      "Actual Loops": 42819,
                      "Index Cond": "(movie_id = t.id)",
                      "Rows Removed by Index Recheck": 0,
                      "Filter": "(info_type_id > 3)",
                      "Rows Removed by Filter": 3
                    }
                  ]
                }
              ]
            }
          ]
        }
      ]
    },
    "Planning Time": 0.392,
    "Triggers": [],
    "Execution Time": 256.722
  }
]