[
  {
    "Plan": {
      "Node Type": "Aggregate",
      "Strategy": "Plain",
      "Partial Mode": "Finalize",
      "Parallel Aware": false,
      "Startup Cost": 46483.15,
      "Total Cost": 46483.16,
      "Plan Rows": 1,
      "Plan Width": 8,
      "Actual Startup Time": 88.119,
      "Actual Total Time": 100.161,
      "Actual Rows": 1,
      "Actual Loops": 1,
      "Plans": [
        {
          "Node Type": "Gather",
          "Parent Relationship": "Outer",
          "Parallel Aware": false,
          "Startup Cost": 46482.73,
          "Total Cost": 46483.14,
          "Plan Rows": 4,
          "Plan Width": 8,
          "Actual Startup Time": 87.982,
          "Actual Total Time": 100.152,
          "Actual Rows": 5,
          "Actual Loops": 1,
          "Workers Planned": 4,
          "Workers Launched": 4,
          "Single Copy": false,
          "Plans": [
            {
              "Node Type": "Aggregate",
              "Strategy": "Plain",
              "Partial Mode": "Partial",
              "Parent Relationship": "Outer",
              "Parallel Aware": false,
              "Startup Cost": 45482.73,
              "Total Cost": 45482.74,
              "Plan Rows": 1,
              "Plan Width": 8,
              "Actual Startup Time": 80.542,
              "Actual Total Time": 80.543,
              "Actual Rows": 1,
              "Actual Loops": 5,
              "Plans": [
                {
                  "Node Type": "Seq Scan",
                  "Parent Relationship": "Outer",
                  "Parallel Aware": true,
                  "Relation Name": "title",
                  "Alias": "t",
                  "Startup Cost": 0.0,
                  "Total Cost": 45479.1,
                  "Plan Rows": 1454,
                  "Plan Width": 0,
                  "Actual Startup Time": 1.083,
                  "Actual Total Time": 80.409,
                  "Actual Rows": 1183,
                  "Actual Loops": 5,
                  "Filter": "((kind_id < 7) AND (production_year = 1974))",
                  "Rows Removed by Filter": 504480
                }
              ]
            }
          ]
        }
      ]
    },
    "Planning Time": 0.197,
    "Triggers": [],
    "Execution Time": 100.224
  }
]