{
  "Plan": {
    "Node Type": "Aggregate",
    "Strategy": "Plain",
    "Partial Mode": "Finalize",
    "Parallel Aware": false,
    "Startup Cost": 419852.48,
    "Total Cost": 419852.49,
    "Plan Rows": 1,
    "Plan Width": 8,
    "Actual Startup Time": 3382.707,
    "Actual Total Time": 3416.901,
    "Actual Rows": 1,
    "Actual Loops": 1,
    "Plans": [
      {
        "Node Type": "Gather",
        "Parent Relationship": "Outer",
        "Parallel Aware": false,
        "Startup Cost": 419852.37,
        "Total Cost": 419852.48,
        "Plan Rows": 1,
        "Plan Width": 8,
        "Actual Startup Time": 3373.663,
        "Actual Total Time": 3416.893,
        "Actual Rows": 2,
        "Actual Loops": 1,
        "Workers Planned": 1,
        "Workers Launched": 1,
        "Single Copy": false,
        "Plans": [
          {
            "Node Type": "Aggregate",
            "Strategy": "Plain",
            "Partial Mode": "Partial",
            "Parent Relationship": "Outer",
            "Parallel Aware": false,
            "Startup Cost": 418852.37,
            "Total Cost": 418852.38,
            "Plan Rows": 1,
            "Plan Width": 8,
            "Actual Startup Time": 3364.693,
            "Actual Total Time": 3365.788,
            "Actual Rows": 1,
            "Actual Loops": 2,
            "Plans": [
              {
                "Node Type": "Hash Join",
                "Parent Relationship": "Outer",
                "Parallel Aware": true,
                "Join Type": "Inner",
                "Startup Cost": 208479.98,
                "Total Cost": 413579.79,
                "Plan Rows": 2109031,
                "Plan Width": 0,
                "Actual Startup Time": 1371.009,
                "Actual Total Time": 2799.418,
                "Actual Rows": 14143962,
                "Actual Loops": 2,
                "Inner Unique": false,
                "Hash Cond": "(mi.movie_id = t.id)",
                "Plans": [
                  {
                    "Node Type": "Bitmap Heap Scan",
                    "Parent Relationship": "Outer",
                    "Parallel Aware": true,
                    "Relation Name": "movie_info",
                    "Alias": "mi",
                    "Startup Cost": 54025.71,
                    "Total Cost": 237947.81,
                    "Plan Rows": 1754328,
                    "Plan Width": 4,
                    "Actual Startup Time": 95.172,
                    "Actual Total Time": 236.292,
                    "Actual Rows": 1518360,
                    "Actual Loops": 2,
                    "Recheck Cond": "(info_type_id = 16)",
                    "Rows Removed by Index Recheck": 0,
                    "Exact Heap Blocks": 13106,
                    "Lossy Heap Blocks": 0,
                    "Plans": [
                      {
                        "Node Type": "Bitmap Index Scan",
                        "Parent Relationship": "Outer",
                        "Parallel Aware": false,
                        "Index Name": "info_type_id_movie_info",
                        "Startup Cost": 0.0,
                        "Total Cost": 53280.12,
                        "Plan Rows": 2982358,
                        "Plan Width": 0,
                        "Actual Startup Time": 91.064,
                        "Actual Total Time": 91.065,
                        "Actual Rows": 3036719,
                        "Actual Loops": 1,
                        "Index Cond": "(info_type_id = 16)"
                      }
                    ]
                  },
                  {
                    "Node Type": "Hash",
                    "Parent Relationship": "Inner",
                    "Parallel Aware": true,
                    "Startup Cost": 132105.13,
                    "Total Cost": 132105.13,
                    "Plan Rows": 1787931,
                    "Plan Width": 8,
                    "Actual Startup Time": 1256.335,
                    "Actual Total Time": 1257.428,
                    "Actual Rows": 1800298,
                    "Actual Loops": 2,
                    "Hash Buckets": 4194304,
                    "Original Hash Buckets": 4194304,
                    "Hash Batches": 1,
                    "Original Hash Batches": 1,
                    "Peak Memory Usage": 173664,
                    "Plans": [
                      {
                        "Node Type": "Hash Join",
                        "Parent Relationship": "Outer",
                        "Parallel Aware": true,
                        "Join Type": "Inner",
                        "Startup Cost": 67765.61,
                        "Total Cost": 132105.13,
                        "Plan Rows": 1787931,
                        "Plan Width": 8,
                        "Actual Startup Time": 396.385,
                        "Actual Total Time": 943.274,
                        "Actual Rows": 1800298,
                        "Actual Loops": 2,
                        "Inner Unique": true,
                        "Hash Cond": "(mk.movie_id = t.id)",
                        "Plans": [
                          {
                            "Node Type": "Seq Scan",
                            "Parent Relationship": "Outer",
                            "Parallel Aware": true,
                            "Relation Name": "movie_keyword",
                            "Alias": "mk",
                            "Startup Cost": 0.0,
                            "Total Cost": 57718.19,
                            "Plan Rows": 2522406,
                            "Plan Width": 4,
                            "Actual Startup Time": 0.019,
                            "Actual Total Time": 217.828,
                            "Actual Rows": 2140762,
                            "Actual Loops": 2,
                            "Filter": "(keyword_id > 196)",
                            "Rows Removed by Filter": 121203
                          },
                          {
                            "Node Type": "Hash",
                            "Parent Relationship": "Inner",
                            "Parallel Aware": true,
                            "Startup Cost": 54588.39,
                            "Total Cost": 54588.39,
                            "Plan Rows": 1054178,
                            "Plan Width": 4,
                            "Actual Startup Time": 390.527,
                            "Actual Total Time": 390.528,
                            "Actual Rows": 897076,
                            "Actual Loops": 2,
                            "Hash Buckets": 2097152,
                            "Original Hash Buckets": 2097152,
                            "Hash Batches": 1,
                            "Original Hash Batches": 1,
                            "Peak Memory Usage": 86592,
                            "Plans": [
                              {
                                "Node Type": "Seq Scan",
                                "Parent Relationship": "Outer",
                                "Parallel Aware": true,
                                "Relation Name": "title",
                                "Alias": "t",
                                "Startup Cost": 0.0,
                                "Total Cost": 54588.39,
                                "Plan Rows": 1054178,
                                "Plan Width": 4,
                                "Actual Startup Time": 0.042,
                                "Actual Total Time": 165.562,
                                "Actual Rows": 897076,
                                "Actual Loops": 2,
                                "Filter": "(production_year < 2009)",
                                "Rows Removed by Filter": 367080
                              }
                            ]
                          }
                        ]
                      }
                    ]
                  }
                ]
              }
            ]
          }
        ]
      }
    ]
  },
  "Planning Time": 0.565,
  "Triggers": [],
  "Execution Time": 3416.972
}