[
  {
    "Plan": {
      "Node Type": "Aggregate",
      "Strategy": "Plain",
      "Partial Mode": "Finalize",
      "Parallel Aware": false,
      "Startup Cost": 159267.23,
      "Total Cost": 159267.24,
      "Plan Rows": 1,
      "Plan Width": 8,
      "Actual Startup Time": 285.198,
      "Actual Total Time": 300.736,
      "Actual Rows": 1,
      "Actual Loops": 1,
      "Plans": [
        {
          "Node Type": "Gather",
          "Parent Relationship": "Outer",
          "Parallel Aware": false,
          "Startup Cost": 159266.71,
          "Total Cost": 159267.22,
          "Plan Rows": 5,
          "Plan Width": 8,
          "Actual Startup Time": 285.028,
          "Actual Total Time": 300.726,
          "Actual Rows": 6,
          "Actual Loops": 1,
          "Workers Planned": 5,
          "Workers Launched": 5,
          "Single Copy": false,
          "Plans": [
            {
              "Node Type": "Aggregate",
              "Strategy": "Plain",
              "Partial Mode": "Partial",
              "Parent Relationship": "Outer",
              "Parallel Aware": false,
              "Startup Cost": 158266.71,
              "Total Cost": 158266.72,
              "Plan Rows": 1,
              "Plan Width": 8,
              "Actual Startup Time": 276.641,
              "Actual Total Time": 276.642,
              "Actual Rows": 1,
              "Actual Loops": 6,
              "Plans": [
                {
                  "Node Type": "Index Scan",
                  "Parent Relationship": "Outer",
                  "Parallel Aware": true,
                  "Scan Direction": "Forward",
                  "Index Name": "role_id_cast_info",
                  "Relation Name": "cast_info",
                  "Alias": "ci",
                  "Startup Cost": 0.56,
                  "Total Cost": 155872.35,
                  "Plan Rows": 957745,
                  "Plan Width": 0,
                  "Actual Startup Time": 0.26,
                  "Actual Total Time": 225.52,
                  "Actual Rows": 898646,
                  "Actual Loops": 6,
                  "Index Cond": "(role_id > 8)",
                  "Rows Removed by Index Recheck": 0,
                  "Filter": "(person_id > 586831)",
                  "Rows Removed by Filter": 56803
                }
              ]
            }
          ]
        }
      ]
    },
    "Planning Time": 0.106,
    "Triggers": [],
    "Execution Time": 300.777
  }
]