[
  {
    "Plan": {
      "Node Type": "Aggregate",
      "Strategy": "Plain",
      "Partial Mode": "Finalize",
      "Parallel Aware": false,
      "Startup Cost": 251682.86,
      "Total Cost": 251682.87,
      "Plan Rows": 1,
      "Plan Width": 8,
      "Actual Startup Time": 1437.975,
      "Actual Total Time": 1487.277,
      "Actual Rows": 1,
      "Actual Loops": 1,
      "Plans": [
        {
          "Node Type": "Gather",
          "Parent Relationship": "Outer",
          "Parallel Aware": false,
          "Startup Cost": 251682.34,
          "Total Cost": 251682.85,
          "Plan Rows": 5,
          "Plan Width": 8,
          "Actual Startup Time": 1430.014,
          "Actual Total Time": 1487.258,
          "Actual Rows": 6,
          "Actual Loops": 1,
          "Workers Planned": 5,
          "Workers Launched": 5,
          "Single Copy": false,
          "Plans": [
            {
              "Node Type": "Aggregate",
              "Strategy": "Plain",
              "Partial Mode": "Partial",
              "Parent Relationship": "Outer",
              "Parallel Aware": false,
              "Startup Cost": 250682.34,
              "Total Cost": 250682.35,
              "Plan Rows": 1,
              "Plan Width": 8,
              "Actual Startup Time": 1421.298,
              "Actual Total Time": 1421.301,
              "Actual Rows": 1,
              "Actual Loops": 6,
              "Plans": [
                {
                  "Node Type": "Hash Join",
                  "Parent Relationship": "Outer",
                  "Parallel Aware": true,
                  "Join Type": "Inner",
                  "Startup Cost": 48430.57,
                  "Total Cost": 247909.98,
                  "Plan Rows": 1108944,
                  "Plan Width": 0,
                  "Actual Startup Time": 191.343,
                  "Actual Total Time": 1322.712,
                  "Actual Rows": 1746728,
                  "Actual Loops": 6,
                  "Inner Unique": true,
                  "Hash Cond": "(mi.movie_id = t.id)",
                  "Plans": [
                    {
                      "Node Type": "Seq Scan",
                      "Parent Relationship": "Outer",
                      "Parallel Aware": true,
                      "Relation Name": "movie_info",
                      "Alias": "mi",
                      "Startup Cost": 0.0,
                      "Total Cost": 191685.19,
                      "Plan Rows": 2969219,
                      "Plan Width": 4,
                      "Actual Startup Time": 0.034,
                      "Actual Total Time": 357.432,
                      "Actual Rows": 2472620,
                      "Actual Loops": 6
                    },
                    {
                      "Node Type": "Hash",
                      "Parent Relationship": "Inner",
                      "Parallel Aware": true,
                      "Startup Cost": 45479.59,
                      "Total Cost": 45479.59,
                      "Plan Rows": 236079,
                      "Plan Width": 4,
                      "Actual Startup Time": 185.907,
                      "Actual Total Time": 185.908,
                      "Actual Rows": 157122,
                      "Actual Loops": 6,
                      "Hash Buckets": 1048576,
                      "Original Hash Buckets": 1048576,
                      "Hash Batches": 1,
                      "Original Hash Batches": 1,
                      "Peak Memory Usage": 45184,
                      "Plans": [
                        {
                          "Node Type": "Seq Scan",
                          "Parent Relationship": "Outer",
                          "Parallel Aware": true,
                          "Relation Name": "title",
                          "Alias": "t",
                          "Startup Cost": 0.0,
                          "Total Cost": 45479.59,
                          "Plan Rows": 236079,
                          "Plan Width": 4,
                          "Actual Startup Time": 0.045,
                          "Actual Total Time": 103.193,
                          "Actual Rows": 157122,
                          "Actual Loops": 6,
                          "Filter": "((kind_id < 7) AND (production_year > 1911))",
                          "Rows Removed by Filter": 264264
                        }
                      ]
                    }
                  ]
                }
              ]
            }
          ]
        }
      ]
    },
    "Planning Time": 0.336,
    "Triggers": [],
    "Execution Time": 1487.34
  }
]