[
    {
        "Bao": {
            "Bao prediction": "NaN",
            "Bao recommended hint": "(no hint)"
        }
    },
    {
        "Plan": {
            "Node Type": "Aggregate",
            "Strategy": "Plain",
            "Partial Mode": "Finalize",
            "Parallel Aware": false,
            "Startup Cost": 32747.86,
            "Total Cost": 32747.87,
            "Plan Rows": 1,
            "Plan Width": 8,
            "Actual Startup Time": 77.536,
            "Actual Total Time": 83.246,
            "Actual Rows": 1,
            "Actual Loops": 1,
            "Output": [
                "count(*)"
            ],
            "Plans": [
                {
                    "Node Type": "Gather",
                    "Parent Relationship": "Outer",
                    "Parallel Aware": false,
                    "Startup Cost": 32747.54,
                    "Total Cost": 32747.85,
                    "Plan Rows": 3,
                    "Plan Width": 8,
                    "Actual Startup Time": 77.405,
                    "Actual Total Time": 83.24,
                    "Actual Rows": 4,
                    "Actual Loops": 1,
                    "Output": [
                        "(PARTIAL count(*))"
                    ],
                    "Workers Planned": 3,
                    "Workers Launched": 3,
                    "Single Copy": false,
                    "Plans": [
                        {
                            "Node Type": "Aggregate",
                            "Strategy": "Plain",
                            "Partial Mode": "Partial",
                            "Parent Relationship": "Outer",
                            "Parallel Aware": false,
                            "Startup Cost": 31747.54,
                            "Total Cost": 31747.55,
                            "Plan Rows": 1,
                            "Plan Width": 8,
                            "Actual Startup Time": 69.404,
                            "Actual Total Time": 69.405,
                            "Actual Rows": 1,
                            "Actual Loops": 4,
                            "Output": [
                                "PARTIAL count(*)"
                            ],
                            "Workers": [
                                {
                                    "Worker Number": 0,
                                    "Actual Startup Time": 66.612,
                                    "Actual Total Time": 66.613,
                                    "Actual Rows": 1,
                                    "Actual Loops": 1
                                },
                                {
                                    "Worker Number": 1,
                                    "Actual Startup Time": 66.767,
                                    "Actual Total Time": 66.768,
                                    "Actual Rows": 1,
                                    "Actual Loops": 1
                                },
                                {
                                    "Worker Number": 2,
                                    "Actual Startup Time": 67.115,
                                    "Actual Total Time": 67.116,
                                    "Actual Rows": 1,
                                    "Actual Loops": 1
                                }
                            ],
                            "Plans": [
                                {
                                    "Node Type": "Seq Scan",
                                    "Parent Relationship": "Outer",
                                    "Parallel Aware": true,
                                    "Relation Name": "movie_companies",
                                    "Schema": "public",
                                    "Alias": "mc",
                                    "Startup Cost": 0.0,
                                    "Total Cost": 31414.82,
                                    "Plan Rows": 133089,
                                    "Plan Width": 0,
                                    "Actual Startup Time": 18.129,
                                    "Actual Total Time": 67.98,
                                    "Actual Rows": 23020,
                                    "Actual Loops": 4,
                                    "Output": [
                                        "id",
                                        "movie_id",
                                        "company_id",
                                        "company_type_id",
                                        "note"
                                    ],
                                    "Filter": "((mc.company_id > 25734) AND (mc.company_type_id = 1))",
                                    "Rows Removed by Filter": 629263,
                                    "Workers": [
                                        {
                                            "Worker Number": 0,
                                            "Actual Startup Time": 15.359,
                                            "Actual Total Time": 65.298,
                                            "Actual Rows": 16640,
                                            "Actual Loops": 1
                                        },
                                        {
                                            "Worker Number": 1,
                                            "Actual Startup Time": 15.478,
                                            "Actual Total Time": 65.428,
                                            "Actual Rows": 16999,
                                            "Actual Loops": 1
                                        },
                                        {
                                            "Worker Number": 2,
                                            "Actual Startup Time": 15.86,
                                            "Actual Total Time": 65.744,
                                            "Actual Rows": 19773,
                                            "Actual Loops": 1
                                        }
                                    ]
                                }
                            ]
                        }
                    ]
                }
            ]
        },
        "Planning Time": 208.836,
        "Triggers": [],
        "Execution Time": 83.286
    }
]