[
  {
    "Plan": {
      "Node Type": "Aggregate",
      "Strategy": "Plain",
      "Partial Mode": "Finalize",
      "Parallel Aware": false,
      "Startup Cost": 32686.44,
      "Total Cost": 32686.45,
      "Plan Rows": 1,
      "Plan Width": 8,
      "Actual Startup Time": 93.166,
      "Actual Total Time": 100.908,
      "Actual Rows": 1,
      "Actual Loops": 1,
      "Plans": [
        {
          "Node Type": "Gather",
          "Parent Relationship": "Outer",
          "Parallel Aware": false,
          "Startup Cost": 32686.12,
          "Total Cost": 32686.43,
          "Plan Rows": 3,
          "Plan Width": 8,
          "Actual Startup Time": 93.094,
          "Actual Total Time": 100.9,
          "Actual Rows": 4,
          "Actual Loops": 1,
          "Workers Planned": 3,
          "Workers Launched": 3,
          "Single Copy": false,
          "Plans": [
            {
              "Node Type": "Aggregate",
              "Strategy": "Plain",
              "Partial Mode": "Partial",
              "Parent Relationship": "Outer",
              "Parallel Aware": false,
              "Startup Cost": 31686.12,
              "Total Cost": 31686.13,
              "Plan Rows": 1,
              "Plan Width": 8,
              "Actual Startup Time": 84.443,
              "Actual Total Time": 84.444,
              "Actual Rows": 1,
              "Actual Loops": 4,
              "Plans": [
                {
                  "Node Type": "Seq Scan",
                  "Parent Relationship": "Outer",
                  "Parallel Aware": true,
                  "Relation Name": "movie_companies",
                  "Alias": "mc",
                  "Startup Cost": 0.0,
                  "Total Cost": 31414.82,
                  "Plan Rows": 108520,
                  "Plan Width": 0,
                  "Actual Startup Time": 0.05,
                  "Actual Total Time": 75.005,
                  "Actual Rows": 121187,
                  "Actual Loops": 4,
                  "Filter": "((company_id < 1129) AND (company_type_id < 2))",
                  "Rows Removed by Filter": 531096
                }
              ]
            }
          ]
        }
      ]
    },
    "Planning Time": 0.197,
    "Triggers": [],
    "Execution Time": 100.963
  }
]