[
  {
    "Plan": {
      "Node Type": "Aggregate",
      "Strategy": "Plain",
      "Partial Mode": "Finalize",
      "Parallel Aware": false,
      "Startup Cost": 199946.34,
      "Total Cost": 199946.35,
      "Plan Rows": 1,
      "Plan Width": 8,
      "Actual Startup Time": 196.614,
      "Actual Total Time": 227.27,
      "Actual Rows": 1,
      "Actual Loops": 1,
      "Plans": [
        {
          "Node Type": "Gather",
          "Parent Relationship": "Outer",
          "Parallel Aware": false,
          "Startup Cost": 199945.92,
          "Total Cost": 199946.33,
          "Plan Rows": 4,
          "Plan Width": 8,
          "Actual Startup Time": 196.466,
          "Actual Total Time": 227.26,
          "Actual Rows": 5,
          "Actual Loops": 1,
          "Workers Planned": 4,
          "Workers Launched": 4,
          "Single Copy": false,
          "Plans": [
            {
              "Node Type": "Aggregate",
              "Strategy": "Plain",
              "Partial Mode": "Partial",
              "Parent Relationship": "Outer",
              "Parallel Aware": false,
              "Startup Cost": 198945.92,
              "Total Cost": 198945.93,
              "Plan Rows": 1,
              "Plan Width": 8,
              "Actual Startup Time": 186.543,
              "Actual Total Time": 186.545,
              "Actual Rows": 1,
              "Actual Loops": 5,
              "Plans": [
                {
                  "Node Type": "Nested Loop",
                  "Parent Relationship": "Outer",
                  "Parallel Aware": false,
                  "Join Type": "Inner",
                  "Startup Cost": 0.43,
                  "Total Cost": 198930.21,
                  "Plan Rows": 6286,
                  "Plan Width": 0,
                  "Actual Startup Time": 59.601,
                  "Actual Total Time": 184.258,
                  "Actual Rows": 38274,
                  "Actual Loops": 5,
                  "Inner Unique": false,
                  "Plans": [
                    {
                      "Node Type": "Seq Scan",
                      "Parent Relationship": "Outer",
                      "Parallel Aware": true,
                      "Relation Name": "title",
                      "Alias": "t",
                      "Startup Cost": 0.0,
                      "Total Cost": 45479.1,
                      "Plan Rows": 1603,
                      "Plan Width": 4,
                      "Actual Startup Time": 59.514,
                      "Actual Total Time": 82.485,
                      "Actual Rows": 5821,
                      "Actual Loops": 5,
                      "Filter": "((production_year < 1911) AND (kind_id = 1))",
                      "Rows Removed by Filter": 499842
                    },
                    {
                      "Node Type": "Index Scan",
                      "Parent Relationship": "Inner",
                      "Parallel Aware": false,
                      "Scan Direction": "Forward",
                      "Index Name": "movie_id_movie_info",
                      "Relation Name": "movie_info",
                      "Alias": "mi",
                      "Startup Cost": 0.43,
                      "Total Cost": 95.45,
                      "Plan Rows": 28,
                      "Plan Width": 4,
                      "Actual Startup Time": 0.008,
                      "Actual Total Time": 0.017,
                      "Actual Rows": 7,
                      "Actual Loops": 29104,
                      "Index Cond": "(movie_id = t.id)",
                      "Rows Removed by Index Recheck": 0,
                      "Filter": "(info_type_id > 4)",
                      "Rows Removed by Filter": 3
                    }
                  ]
                }
              ]
            }
          ]
        }
      ]
    },
    "Planning Time": 0.735,
    "Triggers": [],
    "Execution Time": 227.357
  }
]