[
  {
    "Plan": {
      "Node Type": "Aggregate",
      "Strategy": "Plain",
      "Partial Mode": "Finalize",
      "Parallel Aware": false,
      "Startup Cost": 44742.9,
      "Total Cost": 44742.91,
      "Plan Rows": 1,
      "Plan Width": 8,
      "Actual Startup Time": 130.583,
      "Actual Total Time": 140.401,
      "Actual Rows": 1,
      "Actual Loops": 1,
      "Plans": [
        {
          "Node Type": "Gather",
          "Parent Relationship": "Outer",
          "Parallel Aware": false,
          "Startup Cost": 44742.58,
          "Total Cost": 44742.89,
          "Plan Rows": 3,
          "Plan Width": 8,
          "Actual Startup Time": 130.446,
          "Actual Total Time": 140.393,
          "Actual Rows": 4,
          "Actual Loops": 1,
          "Workers Planned": 3,
          "Workers Launched": 3,
          "Single Copy": false,
          "Plans": [
            {
              "Node Type": "Aggregate",
              "Strategy": "Plain",
              "Partial Mode": "Partial",
              "Parent Relationship": "Outer",
              "Parallel Aware": false,
              "Startup Cost": 43742.58,
              "Total Cost": 43742.59,
              "Plan Rows": 1,
              "Plan Width": 8,
              "Actual Startup Time": 123.48,
              "Actual Total Time": 123.481,
              "Actual Rows": 1,
              "Actual Loops": 4,
              "Plans": [
                {
                  "Node Type": "Seq Scan",
                  "Parent Relationship": "Outer",
                  "Parallel Aware": true,
                  "Relation Name": "movie_keyword",
                  "Alias": "mk",
                  "Startup Cost": 0.0,
                  "Total Cost": 42695.65,
                  "Plan Rows": 418770,
                  "Plan Width": 0,
                  "Actual Startup Time": 2.337,
                  "Actual Total Time": 107.753,
                  "Actual Rows": 327527,
                  "Actual Loops": 4,
                  "Filter": "(keyword_id > 13418)",
                  "Rows Removed by Filter": 803455
                }
              ]
            }
          ]
        }
      ]
    },
    "Planning Time": 0.186,
    "Triggers": [],
    "Execution Time": 140.456
  }
]