[
  {
    "Plan": {
      "Node Type": "Aggregate",
      "Strategy": "Plain",
      "Partial Mode": "Finalize",
      "Parallel Aware": false,
      "Startup Cost": 80854.54,
      "Total Cost": 80854.55,
      "Plan Rows": 1,
      "Plan Width": 8,
      "Actual Startup Time": 302.788,
      "Actual Total Time": 316.715,
      "Actual Rows": 1,
      "Actual Loops": 1,
      "Plans": [
        {
          "Node Type": "Gather",
          "Parent Relationship": "Outer",
          "Parallel Aware": false,
          "Startup Cost": 80854.22,
          "Total Cost": 80854.53,
          "Plan Rows": 3,
          "Plan Width": 8,
          "Actual Startup Time": 298.695,
          "Actual Total Time": 316.706,
          "Actual Rows": 4,
          "Actual Loops": 1,
          "Workers Planned": 3,
          "Workers Launched": 3,
          "Single Copy": false,
          "Plans": [
            {
              "Node Type": "Aggregate",
              "Strategy": "Plain",
              "Partial Mode": "Partial",
              "Parent Relationship": "Outer",
              "Parallel Aware": false,
              "Startup Cost": 79854.22,
              "Total Cost": 79854.23,
              "Plan Rows": 1,
              "Plan Width": 8,
              "Actual Startup Time": 285.865,
              "Actual Total Time": 285.869,
              "Actual Rows": 1,
              "Actual Loops": 4,
              "Plans": [
                {
                  "Node Type": "Nested Loop",
                  "Parent Relationship": "Outer",
                  "Parallel Aware": false,
                  "Join Type": "Inner",
                  "Startup Cost": 49204.32,
                  "Total Cost": 79830.83,
                  "Plan Rows": 9355,
                  "Plan Width": 0,
                  "Actual Startup Time": 223.489,
                  "Actual Total Time": 282.755,
                  "Actual Rows": 69610,
                  "Actual Loops": 4,
                  "Inner Unique": false,
                  "Plans": [
                    {
                      "Node Type": "Hash Join",
                      "Parent Relationship": "Outer",
                      "Parallel Aware": true,
                      "Join Type": "Inner",
                      "Startup Cost": 49203.89,
                      "Total Cost": 73917.55,
                      "Plan Rows": 9065,
                      "Plan Width": 8,
                      "Actual Startup Time": 223.406,
                      "Actual Total Time": 243.125,
                      "Actual Rows": 5819,
                      "Actual Loops": 4,
                      "Inner Unique": true,
                      "Hash Cond": "(mk.movie_id = t.id)",
                      "Plans": [
                        {
                          "Node Type": "Bitmap Heap Scan",
                          "Parent Relationship": "Outer",
                          "Parallel Aware": true,
                          "Relation Name": "movie_keyword",
                          "Alias": "mk",
                          "Startup Cost": 1132.89,
                          "Total Cost": 25801.48,
                          "Plan Rows": 17168,
                          "Plan Width": 4,
                          "Actual Startup Time": 5.121,
                          "Actual Total Time": 18.286,
                          "Actual Rows": 12995,
                          "Actual Loops": 4,
                          "Recheck Cond": "(keyword_id > 98652)",
                          "Rows Removed by Index Recheck": 0,
                          "Exact Heap Blocks": 4222,
                          "Lossy Heap Blocks": 0,
                          "Plans": [
                            {
                              "Node Type": "Bitmap Index Scan",
                              "Parent Relationship": "Outer",
                              "Parallel Aware": false,
                              "Index Name": "keyword_id_movie_keyword",
                              "Startup Cost": 0.0,
                              "Total Cost": 1119.58,
                              "Plan Rows": 53220,
                              "Plan Width": 0,
                              "Actual Startup Time": 3.402,
                              "Actual Total Time": 3.403,
                              "Actual Rows": 51980,
                              "Actual Loops": 1,
                              "Index Cond": "(keyword_id > 98652)"
                            }
                          ]
                        },
                        {
                          "Node Type": "Hash",
                          "Parent Relationship": "Inner",
                          "Parallel Aware": true,
                          "Startup Cost": 43898.92,
                          "Total Cost": 43898.92,
                          "Plan Rows": 333767,
                          "Plan Width": 4,
                          "Actual Startup Time": 210.713,
                          "Actual Total Time": 210.714,
                          "Actual Rows": 330716,
                          "Actual Loops": 4,
                          "Hash Buckets": 2097152,
                          "Original Hash Buckets": 2097152,
                          "Hash Batches": 1,
                          "Original Hash Batches": 1,
                          "Peak Memory Usage": 68192,
                          "Plans": [
                            {
                              "Node Type": "Seq Scan",
                              "Parent Relationship": "Outer",
                              "Parallel Aware": true,
                              "Relation Name": "title",
                              "Alias": "t",
                              "Startup Cost": 0.0,
                              "Total Cost": 43898.92,
                              "Plan Rows": 333767,
                              "Plan Width": 4,
                              "Actual Startup Time": 0.035,
                              "Actual Total Time": 99.671,
                              "Actual Rows": 330716,
                              "Actual Loops": 4,
                              "Filter": "(production_year > 2001)",
                              "Rows Removed by Filter": 301362
                            }
                          ]
                        }
                      ]
                    },
                    {
                      "Node Type": "Index Only Scan",
                      "Parent Relationship": "Inner",
                      "Parallel Aware": false,
                      "Scan Direction": "Forward",
                      "Index Name": "movie_id_movie_companies",
                      "Relation Name": "movie_companies",
                      "Alias": "mc",
                      "Startup Cost": 0.43,
                      "Total Cost": 0.6,
                      "Plan Rows": 5,
                      "Plan Width": 4,
                      "Actual Startup Time": 0.003,
                      "Actual Total Time": 0.006,
                      "Actual Rows": 12,
                      "Actual Loops": 23275,
                      "Index Cond": "(movie_id = t.id)",
                      "Rows Removed by Index Recheck": 0,
                      "Heap Fetches": 278438
                    }
                  ]
                }
              ]
            }
          ]
        }
      ]
    },
    "Planning Time": 1.509,
    "Triggers": [],
    "Execution Time": 316.821
  }
]