[
  {
    "Plan": {
      "Node Type": "Aggregate",
      "Strategy": "Plain",
      "Partial Mode": "Finalize",
      "Parallel Aware": false,
      "Startup Cost": 157398.48,
      "Total Cost": 157398.49,
      "Plan Rows": 1,
      "Plan Width": 8,
      "Actual Startup Time": 115.585,
      "Actual Total Time": 129.867,
      "Actual Rows": 1,
      "Actual Loops": 1,
      "Plans": [
        {
          "Node Type": "Gather",
          "Parent Relationship": "Outer",
          "Parallel Aware": false,
          "Startup Cost": 157398.06,
          "Total Cost": 157398.47,
          "Plan Rows": 4,
          "Plan Width": 8,
          "Actual Startup Time": 115.35,
          "Actual Total Time": 129.808,
          "Actual Rows": 5,
          "Actual Loops": 1,
          "Workers Planned": 4,
          "Workers Launched": 4,
          "Single Copy": false,
          "Plans": [
            {
              "Node Type": "Aggregate",
              "Strategy": "Plain",
              "Partial Mode": "Partial",
              "Parent Relationship": "Outer",
              "Parallel Aware": false,
              "Startup Cost": 156398.06,
              "Total Cost": 156398.07,
              "Plan Rows": 1,
              "Plan Width": 8,
              "Actual Startup Time": 106.903,
              "Actual Total Time": 106.905,
              "Actual Rows": 1,
              "Actual Loops": 5,
              "Plans": [
                {
                  "Node Type": "Nested Loop",
                  "Parent Relationship": "Outer",
                  "Parallel Aware": false,
                  "Join Type": "Inner",
                  "Startup Cost": 0.43,
                  "Total Cost": 156395.13,
                  "Plan Rows": 1171,
                  "Plan Width": 0,
                  "Actual Startup Time": 0.595,
                  "Actual Total Time": 106.776,
                  "Actual Rows": 672,
                  "Actual Loops": 5,
                  "Inner Unique": false,
                  "Plans": [
                    {
                      "Node Type": "Seq Scan",
                      "Parent Relationship": "Outer",
                      "Parallel Aware": true,
                      "Relation Name": "title",
                      "Alias": "t",
                      "Startup Cost": 0.0,
                      "Total Cost": 45479.59,
                      "Plan Rows": 976,
                      "Plan Width": 4,
                      "Actual Startup Time": 0.281,
                      "Actual Total Time": 93.224,
                      "Actual Rows": 661,
                      "Actual Loops": 5,
                      "Filter": "((kind_id = 7) AND (production_year = 1952))",
                      "Rows Removed by Filter": 505002
                    },
                    {
                      "Node Type": "Index Scan",
                      "Parent Relationship": "Inner",
                      "Parallel Aware": false,
                      "Scan Direction": "Forward",
                      "Index Name": "movie_id_movie_info",
                      "Relation Name": "movie_info",
                      "Alias": "mi",
                      "Startup Cost": 0.43,
                      "Total Cost": 113.56,
                      "Plan Rows": 8,
                      "Plan Width": 4,
                      "Actual Startup Time": 0.015,
                      "Actual Total Time": 0.02,
                      "Actual Rows": 1,
                      "Actual Loops": 3303,
                      "Index Cond": "(movie_id = t.id)",
                      "Rows Removed by Index Recheck": 0,
                      "Filter": "(info_type_id = 16)",
                      "Rows Removed by Filter": 4
                    }
                  ]
                }
              ]
            }
          ]
        }
      ]
    },
    "Planning Time": 0.315,
    "Triggers": [],
    "Execution Time": 129.915
  }
]