[
    {
        "Bao": {
            "Bao prediction": 679.479,
            "Bao recommended hint": "(no hint)"
        }
    },
    {
        "Plan": {
            "Node Type": "Aggregate",
            "Strategy": "Plain",
            "Partial Mode": "Finalize",
            "Parallel Aware": false,
            "Startup Cost": 248908.47,
            "Total Cost": 248908.48,
            "Plan Rows": 1,
            "Plan Width": 8,
            "Actual Startup Time": 485.374,
            "Actual Total Time": 508.866,
            "Actual Rows": 1,
            "Actual Loops": 1,
            "Output": [
                "count(*)"
            ],
            "Plans": [
                {
                    "Node Type": "Gather",
                    "Parent Relationship": "Outer",
                    "Parallel Aware": false,
                    "Startup Cost": 248907.95,
                    "Total Cost": 248908.46,
                    "Plan Rows": 5,
                    "Plan Width": 8,
                    "Actual Startup Time": 484.877,
                    "Actual Total Time": 508.857,
                    "Actual Rows": 6,
                    "Actual Loops": 1,
                    "Output": [
                        "(PARTIAL count(*))"
                    ],
                    "Workers Planned": 5,
                    "Workers Launched": 5,
                    "Single Copy": false,
                    "Plans": [
                        {
                            "Node Type": "Aggregate",
                            "Strategy": "Plain",
                            "Partial Mode": "Partial",
                            "Parent Relationship": "Outer",
                            "Parallel Aware": false,
                            "Startup Cost": 247907.95,
                            "Total Cost": 247907.96,
                            "Plan Rows": 1,
                            "Plan Width": 8,
                            "Actual Startup Time": 476.384,
                            "Actual Total Time": 476.387,
                            "Actual Rows": 1,
                            "Actual Loops": 6,
                            "Output": [
                                "PARTIAL count(*)"
                            ],
                            "Workers": [
                                {
                                    "Worker Number": 0,
                                    "Actual Startup Time": 473.256,
                                    "Actual Total Time": 473.259,
                                    "Actual Rows": 1,
                                    "Actual Loops": 1
                                },
                                {
                                    "Worker Number": 1,
                                    "Actual Startup Time": 473.533,
                                    "Actual Total Time": 473.536,
                                    "Actual Rows": 1,
                                    "Actual Loops": 1
                                },
                                {
                                    "Worker Number": 2,
                                    "Actual Startup Time": 474.0,
                                    "Actual Total Time": 474.003,
                                    "Actual Rows": 1,
                                    "Actual Loops": 1
                                },
                                {
                                    "Worker Number": 3,
                                    "Actual Startup Time": 478.869,
                                    "Actual Total Time": 478.872,
                                    "Actual Rows": 1,
                                    "Actual Loops": 1
                                },
                                {
                                    "Worker Number": 4,
                                    "Actual Startup Time": 474.617,
                                    "Actual Total Time": 474.62,
                                    "Actual Rows": 1,
                                    "Actual Loops": 1
                                }
                            ],
                            "Plans": [
                                {
                                    "Node Type": "Hash Join",
                                    "Parent Relationship": "Outer",
                                    "Parallel Aware": true,
                                    "Join Type": "Inner",
                                    "Startup Cost": 45700.67,
                                    "Total Cost": 247821.45,
                                    "Plan Rows": 34597,
                                    "Plan Width": 0,
                                    "Actual Startup Time": 96.809,
                                    "Actual Total Time": 475.227,
                                    "Actual Rows": 21779,
                                    "Actual Loops": 6,
                                    "Inner Unique": true,
                                    "Hash Cond": "(mi.movie_id = t.id)",
                                    "Workers": [
                                        {
                                            "Worker Number": 0,
                                            "Actual Startup Time": 93.659,
                                            "Actual Total Time": 472.17,
                                            "Actual Rows": 21228,
                                            "Actual Loops": 1
                                        },
                                        {
                                            "Worker Number": 1,
                                            "Actual Startup Time": 93.864,
                                            "Actual Total Time": 472.432,
                                            "Actual Rows": 21112,
                                            "Actual Loops": 1
                                        },
                                        {
                                            "Worker Number": 2,
                                            "Actual Startup Time": 94.463,
                                            "Actual Total Time": 472.748,
                                            "Actual Rows": 15033,
                                            "Actual Loops": 1
                                        },
                                        {
                                            "Worker Number": 3,
                                            "Actual Startup Time": 99.22,
                                            "Actual Total Time": 477.764,
                                            "Actual Rows": 21411,
                                            "Actual Loops": 1
                                        },
                                        {
                                            "Worker Number": 4,
                                            "Actual Startup Time": 95.195,
                                            "Actual Total Time": 473.396,
                                            "Actual Rows": 22494,
                                            "Actual Loops": 1
                                        }
                                    ],
                                    "Plans": [
                                        {
                                            "Node Type": "Seq Scan",
                                            "Parent Relationship": "Outer",
                                            "Parallel Aware": true,
                                            "Relation Name": "movie_info",
                                            "Schema": "public",
                                            "Alias": "mi",
                                            "Startup Cost": 0.0,
                                            "Total Cost": 198880.74,
                                            "Plan Rows": 1234303,
                                            "Plan Width": 4,
                                            "Actual Startup Time": 14.341,
                                            "Actual Total Time": 294.694,
                                            "Actual Rows": 1037249,
                                            "Actual Loops": 6,
                                            "Output": [
                                                "mi.id",
                                                "mi.movie_id",
                                                "mi.info_type_id",
                                                "mi.info",
                                                "mi.note"
                                            ],
                                            "Filter": "(mi.info_type_id > 8)",
                                            "Rows Removed by Filter": 1435371,
                                            "Workers": [
                                                {
                                                    "Worker Number": 0,
                                                    "Actual Startup Time": 14.339,
                                                    "Actual Total Time": 299.218,
                                                    "Actual Rows": 1038771,
                                                    "Actual Loops": 1
                                                },
                                                {
                                                    "Worker Number": 1,
                                                    "Actual Startup Time": 14.327,
                                                    "Actual Total Time": 296.965,
                                                    "Actual Rows": 1040372,
                                                    "Actual Loops": 1
                                                },
                                                {
                                                    "Worker Number": 2,
                                                    "Actual Startup Time": 14.328,
                                                    "Actual Total Time": 298.018,
                                                    "Actual Rows": 669999,
                                                    "Actual Loops": 1
                                                },
                                                {
                                                    "Worker Number": 3,
                                                    "Actual Startup Time": 14.339,
                                                    "Actual Total Time": 296.56,
                                                    "Actual Rows": 1041011,
                                                    "Actual Loops": 1
                                                },
                                                {
                                                    "Worker Number": 4,
                                                    "Actual Startup Time": 14.348,
                                                    "Actual Total Time": 295.968,
                                                    "Actual Rows": 1029587,
                                                    "Actual Loops": 1
                                                }
                                            ]
                                        },
                                        {
                                            "Node Type": "Hash",
                                            "Parent Relationship": "Inner",
                                            "Parallel Aware": true,
                                            "Startup Cost": 45479.21,
                                            "Total Cost": 45479.21,
                                            "Plan Rows": 17717,
                                            "Plan Width": 4,
                                            "Actual Startup Time": 80.825,
                                            "Actual Total Time": 80.826,
                                            "Actual Rows": 14013,
                                            "Actual Loops": 6,
                                            "Output": [
                                                "t.id"
                                            ],
                                            "Hash Buckets": 131072,
                                            "Original Hash Buckets": 131072,
                                            "Hash Batches": 1,
                                            "Original Hash Batches": 1,
                                            "Peak Memory Usage": 4384,
                                            "Workers": [
                                                {
                                                    "Worker Number": 0,
                                                    "Actual Startup Time": 78.519,
                                                    "Actual Total Time": 78.52,
                                                    "Actual Rows": 11920,
                                                    "Actual Loops": 1
                                                },
                                                {
                                                    "Worker Number": 1,
                                                    "Actual Startup Time": 78.824,
                                                    "Actual Total Time": 78.825,
                                                    "Actual Rows": 11750,
                                                    "Actual Loops": 1
                                                },
                                                {
                                                    "Worker Number": 2,
                                                    "Actual Startup Time": 79.146,
                                                    "Actual Total Time": 79.147,
                                                    "Actual Rows": 9454,
                                                    "Actual Loops": 1
                                                },
                                                {
                                                    "Worker Number": 3,
                                                    "Actual Startup Time": 84.498,
                                                    "Actual Total Time": 84.499,
                                                    "Actual Rows": 16235,
                                                    "Actual Loops": 1
                                                },
                                                {
                                                    "Worker Number": 4,
                                                    "Actual Startup Time": 79.894,
                                                    "Actual Total Time": 79.895,
                                                    "Actual Rows": 12898,
                                                    "Actual Loops": 1
                                                }
                                            ],
                                            "Plans": [
                                                {
                                                    "Node Type": "Seq Scan",
                                                    "Parent Relationship": "Outer",
                                                    "Parallel Aware": true,
                                                    "Relation Name": "title",
                                                    "Schema": "public",
                                                    "Alias": "t",
                                                    "Startup Cost": 0.0,
                                                    "Total Cost": 45479.21,
                                                    "Plan Rows": 17717,
                                                    "Plan Width": 4,
                                                    "Actual Startup Time": 0.04,
                                                    "Actual Total Time": 74.517,
                                                    "Actual Rows": 14013,
                                                    "Actual Loops": 6,
                                                    "Output": [
                                                        "t.id"
                                                    ],
                                                    "Filter": "((t.kind_id = 7) AND (t.production_year = 2007))",
                                                    "Rows Removed by Filter": 407373,
                                                    "Workers": [
                                                        {
                                                            "Worker Number": 0,
                                                            "Actual Startup Time": 0.039,
                                                            "Actual Total Time": 72.957,
                                                            "Actual Rows": 11920,
                                                            "Actual Loops": 1
                                                        },
                                                        {
                                                            "Worker Number": 1,
                                                            "Actual Startup Time": 0.042,
                                                            "Actual Total Time": 73.071,
                                                            "Actual Rows": 11750,
                                                            "Actual Loops": 1
                                                        },
                                                        {
                                                            "Worker Number": 2,
                                                            "Actual Startup Time": 0.044,
                                                            "Actual Total Time": 73.206,
                                                            "Actual Rows": 9454,
                                                            "Actual Loops": 1
                                                        },
                                                        {
                                                            "Worker Number": 3,
                                                            "Actual Startup Time": 0.021,
                                                            "Actual Total Time": 77.577,
                                                            "Actual Rows": 16235,
                                                            "Actual Loops": 1
                                                        },
                                                        {
                                                            "Worker Number": 4,
                                                            "Actual Startup Time": 0.052,
                                                            "Actual Total Time": 74.104,
                                                            "Actual Rows": 12898,
                                                            "Actual Loops": 1
                                                        }
                                                    ]
                                                }
                                            ]
                                        }
                                    ]
                                }
                            ]
                        }
                    ]
                }
            ]
        },
        "Planning Time": 446.792,
        "Triggers": [],
        "Execution Time": 508.963
    }
]