[
  {
    "Plan": {
      "Node Type": "Aggregate",
      "Strategy": "Plain",
      "Partial Mode": "Finalize",
      "Parallel Aware": false,
      "Startup Cost": 32258.55,
      "Total Cost": 32258.56,
      "Plan Rows": 1,
      "Plan Width": 8,
      "Actual Startup Time": 145.152,
      "Actual Total Time": 153.081,
      "Actual Rows": 1,
      "Actual Loops": 1,
      "Plans": [
        {
          "Node Type": "Gather",
          "Parent Relationship": "Outer",
          "Parallel Aware": false,
          "Startup Cost": 32258.23,
          "Total Cost": 32258.54,
          "Plan Rows": 3,
          "Plan Width": 8,
          "Actual Startup Time": 144.964,
          "Actual Total Time": 153.072,
          "Actual Rows": 4,
          "Actual Loops": 1,
          "Workers Planned": 3,
          "Workers Launched": 3,
          "Single Copy": false,
          "Plans": [
            {
              "Node Type": "Aggregate",
              "Strategy": "Plain",
              "Partial Mode": "Partial",
              "Parent Relationship": "Outer",
              "Parallel Aware": false,
              "Startup Cost": 31258.23,
              "Total Cost": 31258.24,
              "Plan Rows": 1,
              "Plan Width": 8,
              "Actual Startup Time": 136.259,
              "Actual Total Time": 136.26,
              "Actual Rows": 1,
              "Actual Loops": 4,
              "Plans": [
                {
                  "Node Type": "Seq Scan",
                  "Parent Relationship": "Outer",
                  "Parallel Aware": true,
                  "Relation Name": "movie_companies",
                  "Alias": "mc",
                  "Startup Cost": 0.0,
                  "Total Cost": 29310.68,
                  "Plan Rows": 779021,
                  "Plan Width": 0,
                  "Actual Startup Time": 0.03,
                  "Actual Total Time": 100.454,
                  "Actual Rows": 604673,
                  "Actual Loops": 4,
                  "Filter": "(company_id < 116549)",
                  "Rows Removed by Filter": 47609
                }
              ]
            }
          ]
        }
      ]
    },
    "Planning Time": 0.172,
    "Triggers": [],
    "Execution Time": 153.134
  }
]