[
  {
    "Plan": {
      "Node Type": "Aggregate",
      "Strategy": "Plain",
      "Partial Mode": "Finalize",
      "Parallel Aware": false,
      "Startup Cost": 32256.9,
      "Total Cost": 32256.91,
      "Plan Rows": 1,
      "Plan Width": 8,
      "Actual Startup Time": 126.913,
      "Actual Total Time": 134.473,
      "Actual Rows": 1,
      "Actual Loops": 1,
      "Plans": [
        {
          "Node Type": "Gather",
          "Parent Relationship": "Outer",
          "Parallel Aware": false,
          "Startup Cost": 32256.59,
          "Total Cost": 32256.9,
          "Plan Rows": 3,
          "Plan Width": 8,
          "Actual Startup Time": 126.777,
          "Actual Total Time": 134.465,
          "Actual Rows": 4,
          "Actual Loops": 1,
          "Workers Planned": 3,
          "Workers Launched": 3,
          "Single Copy": false,
          "Plans": [
            {
              "Node Type": "Aggregate",
              "Strategy": "Plain",
              "Partial Mode": "Partial",
              "Parent Relationship": "Outer",
              "Parallel Aware": false,
              "Startup Cost": 31256.59,
              "Total Cost": 31256.6,
              "Plan Rows": 1,
              "Plan Width": 8,
              "Actual Startup Time": 119.219,
              "Actual Total Time": 119.22,
              "Actual Rows": 1,
              "Actual Loops": 4,
              "Plans": [
                {
                  "Node Type": "Seq Scan",
                  "Parent Relationship": "Outer",
                  "Parallel Aware": true,
                  "Relation Name": "movie_companies",
                  "Alias": "mc",
                  "Startup Cost": 0.0,
                  "Total Cost": 29310.68,
                  "Plan Rows": 778362,
                  "Plan Width": 0,
                  "Actual Startup Time": 0.04,
                  "Actual Total Time": 88.237,
                  "Actual Rows": 604673,
                  "Actual Loops": 4,
                  "Filter": "(company_id < 116549)",
                  "Rows Removed by Filter": 47609
                }
              ]
            }
          ]
        }
      ]
    },
    "Planning Time": 0.154,
    "Triggers": [],
    "Execution Time": 134.519
  }
]