[
    {
        "Bao": {
            "Bao prediction": 1004.499,
            "Bao recommended hint": "(no hint)"
        }
    },
    {
        "Plan": {
            "Node Type": "Aggregate",
            "Strategy": "Plain",
            "Partial Mode": "Finalize",
            "Parallel Aware": false,
            "Startup Cost": 181487.02,
            "Total Cost": 181487.03,
            "Plan Rows": 1,
            "Plan Width": 8,
            "Actual Startup Time": 561.421,
            "Actual Total Time": 580.257,
            "Actual Rows": 1,
            "Actual Loops": 1,
            "Output": [
                "count(*)"
            ],
            "Plans": [
                {
                    "Node Type": "Gather",
                    "Parent Relationship": "Outer",
                    "Parallel Aware": false,
                    "Startup Cost": 181486.5,
                    "Total Cost": 181487.01,
                    "Plan Rows": 5,
                    "Plan Width": 8,
                    "Actual Startup Time": 557.025,
                    "Actual Total Time": 580.245,
                    "Actual Rows": 6,
                    "Actual Loops": 1,
                    "Output": [
                        "(PARTIAL count(*))"
                    ],
                    "Workers Planned": 5,
                    "Workers Launched": 5,
                    "Single Copy": false,
                    "Plans": [
                        {
                            "Node Type": "Aggregate",
                            "Strategy": "Plain",
                            "Partial Mode": "Partial",
                            "Parent Relationship": "Outer",
                            "Parallel Aware": false,
                            "Startup Cost": 180486.5,
                            "Total Cost": 180486.51,
                            "Plan Rows": 1,
                            "Plan Width": 8,
                            "Actual Startup Time": 545.317,
                            "Actual Total Time": 545.572,
                            "Actual Rows": 1,
                            "Actual Loops": 6,
                            "Output": [
                                "PARTIAL count(*)"
                            ],
                            "Workers": [
                                {
                                    "Worker Number": 0,
                                    "Actual Startup Time": 542.341,
                                    "Actual Total Time": 542.346,
                                    "Actual Rows": 1,
                                    "Actual Loops": 1
                                },
                                {
                                    "Worker Number": 1,
                                    "Actual Startup Time": 542.884,
                                    "Actual Total Time": 542.889,
                                    "Actual Rows": 1,
                                    "Actual Loops": 1
                                },
                                {
                                    "Worker Number": 2,
                                    "Actual Startup Time": 542.202,
                                    "Actual Total Time": 542.209,
                                    "Actual Rows": 1,
                                    "Actual Loops": 1
                                },
                                {
                                    "Worker Number": 3,
                                    "Actual Startup Time": 542.561,
                                    "Actual Total Time": 542.567,
                                    "Actual Rows": 1,
                                    "Actual Loops": 1
                                },
                                {
                                    "Worker Number": 4,
                                    "Actual Startup Time": 545.829,
                                    "Actual Total Time": 545.835,
                                    "Actual Rows": 1,
                                    "Actual Loops": 1
                                }
                            ],
                            "Plans": [
                                {
                                    "Node Type": "Hash Join",
                                    "Parent Relationship": "Outer",
                                    "Parallel Aware": true,
                                    "Join Type": "Inner",
                                    "Startup Cost": 62252.34,
                                    "Total Cost": 180389.58,
                                    "Plan Rows": 38770,
                                    "Plan Width": 0,
                                    "Actual Startup Time": 216.299,
                                    "Actual Total Time": 543.506,
                                    "Actual Rows": 25958,
                                    "Actual Loops": 6,
                                    "Inner Unique": false,
                                    "Hash Cond": "(ci.movie_id = t.id)",
                                    "Workers": [
                                        {
                                            "Worker Number": 0,
                                            "Actual Startup Time": 213.839,
                                            "Actual Total Time": 540.124,
                                            "Actual Rows": 27374,
                                            "Actual Loops": 1
                                        },
                                        {
                                            "Worker Number": 1,
                                            "Actual Startup Time": 212.996,
                                            "Actual Total Time": 540.84,
                                            "Actual Rows": 25518,
                                            "Actual Loops": 1
                                        },
                                        {
                                            "Worker Number": 2,
                                            "Actual Startup Time": 213.264,
                                            "Actual Total Time": 540.181,
                                            "Actual Rows": 25057,
                                            "Actual Loops": 1
                                        },
                                        {
                                            "Worker Number": 3,
                                            "Actual Startup Time": 213.349,
                                            "Actual Total Time": 540.431,
                                            "Actual Rows": 26225,
                                            "Actual Loops": 1
                                        },
                                        {
                                            "Worker Number": 4,
                                            "Actual Startup Time": 217.387,
                                            "Actual Total Time": 543.856,
                                            "Actual Rows": 24636,
                                            "Actual Loops": 1
                                        }
                                    ],
                                    "Plans": [
                                        {
                                            "Node Type": "Index Scan",
                                            "Parent Relationship": "Outer",
                                            "Parallel Aware": true,
                                            "Scan Direction": "Forward",
                                            "Index Name": "role_id_cast_info",
                                            "Relation Name": "cast_info",
                                            "Schema": "public",
                                            "Alias": "ci",
                                            "Startup Cost": 0.56,
                                            "Total Cost": 115696.32,
                                            "Plan Rows": 607987,
                                            "Plan Width": 4,
                                            "Actual Startup Time": 0.154,
                                            "Actual Total Time": 202.035,
                                            "Actual Rows": 654005,
                                            "Actual Loops": 6,
                                            "Output": [
                                                "ci.id",
                                                "ci.person_id",
                                                "ci.movie_id",
                                                "ci.person_role_id",
                                                "ci.note",
                                                "ci.nr_order",
                                                "ci.role_id"
                                            ],
                                            "Index Cond": "(ci.role_id = 10)",
                                            "Rows Removed by Index Recheck": 0,
                                            "Filter": "(ci.person_id > 1007542)",
                                            "Rows Removed by Filter": 66498,
                                            "Workers": [
                                                {
                                                    "Worker Number": 0,
                                                    "Actual Startup Time": 0.262,
                                                    "Actual Total Time": 199.074,
                                                    "Actual Rows": 647392,
                                                    "Actual Loops": 1
                                                },
                                                {
                                                    "Worker Number": 1,
                                                    "Actual Startup Time": 0.073,
                                                    "Actual Total Time": 207.129,
                                                    "Actual Rows": 657479,
                                                    "Actual Loops": 1
                                                },
                                                {
                                                    "Worker Number": 2,
                                                    "Actual Startup Time": 0.278,
                                                    "Actual Total Time": 206.608,
                                                    "Actual Rows": 655748,
                                                    "Actual Loops": 1
                                                },
                                                {
                                                    "Worker Number": 3,
                                                    "Actual Startup Time": 0.071,
                                                    "Actual Total Time": 199.101,
                                                    "Actual Rows": 641614,
                                                    "Actual Loops": 1
                                                },
                                                {
                                                    "Worker Number": 4,
                                                    "Actual Startup Time": 0.195,
                                                    "Actual Total Time": 199.503,
                                                    "Actual Rows": 647512,
                                                    "Actual Loops": 1
                                                }
                                            ]
                                        },
                                        {
                                            "Node Type": "Hash",
                                            "Parent Relationship": "Inner",
                                            "Parallel Aware": true,
                                            "Startup Cost": 61412.05,
                                            "Total Cost": 61412.05,
                                            "Plan Rows": 67178,
                                            "Plan Width": 8,
                                            "Actual Startup Time": 214.02,
                                            "Actual Total Time": 214.273,
                                            "Actual Rows": 29508,
                                            "Actual Loops": 6,
                                            "Output": [
                                                "t.id",
                                                "mi_idx.movie_id"
                                            ],
                                            "Hash Buckets": 262144,
                                            "Original Hash Buckets": 262144,
                                            "Hash Batches": 1,
                                            "Original Hash Batches": 1,
                                            "Peak Memory Usage": 9088,
                                            "Workers": [
                                                {
                                                    "Worker Number": 0,
                                                    "Actual Startup Time": 212.493,
                                                    "Actual Total Time": 212.497,
                                                    "Actual Rows": 27860,
                                                    "Actual Loops": 1
                                                },
                                                {
                                                    "Worker Number": 1,
                                                    "Actual Startup Time": 212.206,
                                                    "Actual Total Time": 212.21,
                                                    "Actual Rows": 29398,
                                                    "Actual Loops": 1
                                                },
                                                {
                                                    "Worker Number": 2,
                                                    "Actual Startup Time": 212.301,
                                                    "Actual Total Time": 212.305,
                                                    "Actual Rows": 28921,
                                                    "Actual Loops": 1
                                                },
                                                {
                                                    "Worker Number": 3,
                                                    "Actual Startup Time": 212.76,
                                                    "Actual Total Time": 212.764,
                                                    "Actual Rows": 29671,
                                                    "Actual Loops": 1
                                                },
                                                {
                                                    "Worker Number": 4,
                                                    "Actual Startup Time": 216.036,
                                                    "Actual Total Time": 216.04,
                                                    "Actual Rows": 28768,
                                                    "Actual Loops": 1
                                                }
                                            ],
                                            "Plans": [
                                                {
                                                    "Node Type": "Hash Join",
                                                    "Parent Relationship": "Outer",
                                                    "Parallel Aware": true,
                                                    "Join Type": "Inner",
                                                    "Startup Cost": 45281.73,
                                                    "Total Cost": 61412.05,
                                                    "Plan Rows": 67178,
                                                    "Plan Width": 8,
                                                    "Actual Startup Time": 134.926,
                                                    "Actual Total Time": 203.815,
                                                    "Actual Rows": 29508,
                                                    "Actual Loops": 6,
                                                    "Output": [
                                                        "t.id",
                                                        "mi_idx.movie_id"
                                                    ],
                                                    "Inner Unique": true,
                                                    "Hash Cond": "(mi_idx.movie_id = t.id)",
                                                    "Workers": [
                                                        {
                                                            "Worker Number": 0,
                                                            "Actual Startup Time": 133.198,
                                                            "Actual Total Time": 202.231,
                                                            "Actual Rows": 27860,
                                                            "Actual Loops": 1
                                                        },
                                                        {
                                                            "Worker Number": 1,
                                                            "Actual Startup Time": 133.328,
                                                            "Actual Total Time": 202.63,
                                                            "Actual Rows": 29398,
                                                            "Actual Loops": 1
                                                        },
                                                        {
                                                            "Worker Number": 2,
                                                            "Actual Startup Time": 133.312,
                                                            "Actual Total Time": 201.603,
                                                            "Actual Rows": 28921,
                                                            "Actual Loops": 1
                                                        },
                                                        {
                                                            "Worker Number": 3,
                                                            "Actual Startup Time": 133.694,
                                                            "Actual Total Time": 201.885,
                                                            "Actual Rows": 29671,
                                                            "Actual Loops": 1
                                                        },
                                                        {
                                                            "Worker Number": 4,
                                                            "Actual Startup Time": 137.11,
                                                            "Actual Total Time": 205.644,
                                                            "Actual Rows": 28768,
                                                            "Actual Loops": 1
                                                        }
                                                    ],
                                                    "Plans": [
                                                        {
                                                            "Node Type": "Seq Scan",
                                                            "Parent Relationship": "Outer",
                                                            "Parallel Aware": true,
                                                            "Relation Name": "movie_info_idx",
                                                            "Schema": "public",
                                                            "Alias": "mi_idx",
                                                            "Startup Cost": 0.0,
                                                            "Total Cost": 15122.68,
                                                            "Plan Rows": 383860,
                                                            "Plan Width": 4,
                                                            "Actual Startup Time": 0.033,
                                                            "Actual Total Time": 34.843,
                                                            "Actual Rows": 153352,
                                                            "Actual Loops": 6,
                                                            "Output": [
                                                                "mi_idx.id",
                                                                "mi_idx.movie_id",
                                                                "mi_idx.info_type_id",
                                                                "mi_idx.info",
                                                                "mi_idx.note"
                                                            ],
                                                            "Filter": "(mi_idx.info_type_id > 99)",
                                                            "Rows Removed by Filter": 76654,
                                                            "Workers": [
                                                                {
                                                                    "Worker Number": 0,
                                                                    "Actual Startup Time": 0.032,
                                                                    "Actual Total Time": 35.227,
                                                                    "Actual Rows": 149928,
                                                                    "Actual Loops": 1
                                                                },
                                                                {
                                                                    "Worker Number": 1,
                                                                    "Actual Startup Time": 0.04,
                                                                    "Actual Total Time": 36.068,
                                                                    "Actual Rows": 152070,
                                                                    "Actual Loops": 1
                                                                },
                                                                {
                                                                    "Worker Number": 2,
                                                                    "Actual Startup Time": 0.041,
                                                                    "Actual Total Time": 35.668,
                                                                    "Actual Rows": 150510,
                                                                    "Actual Loops": 1
                                                                },
                                                                {
                                                                    "Worker Number": 3,
                                                                    "Actual Startup Time": 0.034,
                                                                    "Actual Total Time": 34.863,
                                                                    "Actual Rows": 147485,
                                                                    "Actual Loops": 1
                                                                },
                                                                {
                                                                    "Worker Number": 4,
                                                                    "Actual Startup Time": 0.038,
                                                                    "Actual Total Time": 35.085,
                                                                    "Actual Rows": 149340,
                                                                    "Actual Loops": 1
                                                                }
                                                            ]
                                                        },
                                                        {
                                                            "Node Type": "Hash",
                                                            "Parent Relationship": "Inner",
                                                            "Parallel Aware": true,
                                                            "Startup Cost": 43899.01,
                                                            "Total Cost": 43899.01,
                                                            "Plan Rows": 110618,
                                                            "Plan Width": 4,
                                                            "Actual Startup Time": 133.056,
                                                            "Actual Total Time": 133.058,
                                                            "Actual Rows": 72919,
                                                            "Actual Loops": 6,
                                                            "Output": [
                                                                "t.id"
                                                            ],
                                                            "Hash Buckets": 524288,
                                                            "Original Hash Buckets": 524288,
                                                            "Hash Batches": 1,
                                                            "Original Hash Batches": 1,
                                                            "Peak Memory Usage": 21344,
                                                            "Workers": [
                                                                {
                                                                    "Worker Number": 0,
                                                                    "Actual Startup Time": 132.886,
                                                                    "Actual Total Time": 132.887,
                                                                    "Actual Rows": 67087,
                                                                    "Actual Loops": 1
                                                                },
                                                                {
                                                                    "Worker Number": 1,
                                                                    "Actual Startup Time": 132.682,
                                                                    "Actual Total Time": 132.684,
                                                                    "Actual Rows": 67909,
                                                                    "Actual Loops": 1
                                                                },
                                                                {
                                                                    "Worker Number": 2,
                                                                    "Actual Startup Time": 132.67,
                                                                    "Actual Total Time": 132.672,
                                                                    "Actual Rows": 67775,
                                                                    "Actual Loops": 1
                                                                },
                                                                {
                                                                    "Worker Number": 3,
                                                                    "Actual Startup Time": 133.142,
                                                                    "Actual Total Time": 133.143,
                                                                    "Actual Rows": 67025,
                                                                    "Actual Loops": 1
                                                                },
                                                                {
                                                                    "Worker Number": 4,
                                                                    "Actual Startup Time": 136.465,
                                                                    "Actual Total Time": 136.466,
                                                                    "Actual Rows": 66275,
                                                                    "Actual Loops": 1
                                                                }
                                                            ],
                                                            "Plans": [
                                                                {
                                                                    "Node Type": "Seq Scan",
                                                                    "Parent Relationship": "Outer",
                                                                    "Parallel Aware": true,
                                                                    "Relation Name": "title",
                                                                    "Schema": "public",
                                                                    "Alias": "t",
                                                                    "Startup Cost": 0.0,
                                                                    "Total Cost": 43899.01,
                                                                    "Plan Rows": 110618,
                                                                    "Plan Width": 4,
                                                                    "Actual Startup Time": 0.061,
                                                                    "Actual Total Time": 95.591,
                                                                    "Actual Rows": 72919,
                                                                    "Actual Loops": 6,
                                                                    "Output": [
                                                                        "t.id"
                                                                    ],
                                                                    "Filter": "(t.production_year < 1975)",
                                                                    "Rows Removed by Filter": 348466,
                                                                    "Workers": [
                                                                        {
                                                                            "Worker Number": 0,
                                                                            "Actual Startup Time": 0.067,
                                                                            "Actual Total Time": 96.075,
                                                                            "Actual Rows": 67087,
                                                                            "Actual Loops": 1
                                                                        },
                                                                        {
                                                                            "Worker Number": 1,
                                                                            "Actual Startup Time": 0.041,
                                                                            "Actual Total Time": 97.439,
                                                                            "Actual Rows": 67909,
                                                                            "Actual Loops": 1
                                                                        },
                                                                        {
                                                                            "Worker Number": 2,
                                                                            "Actual Startup Time": 0.064,
                                                                            "Actual Total Time": 97.738,
                                                                            "Actual Rows": 67775,
                                                                            "Actual Loops": 1
                                                                        },
                                                                        {
                                                                            "Worker Number": 3,
                                                                            "Actual Startup Time": 0.095,
                                                                            "Actual Total Time": 95.963,
                                                                            "Actual Rows": 67025,
                                                                            "Actual Loops": 1
                                                                        },
                                                                        {
                                                                            "Worker Number": 4,
                                                                            "Actual Startup Time": 0.076,
                                                                            "Actual Total Time": 96.269,
                                                                            "Actual Rows": 66275,
                                                                            "Actual Loops": 1
                                                                        }
                                                                    ]
                                                                }
                                                            ]
                                                        }
                                                    ]
                                                }
                                            ]
                                        }
                                    ]
                                }
                            ]
                        }
                    ]
                }
            ]
        },
        "Planning Time": 916.262,
        "Triggers": [],
        "Execution Time": 580.398
    }
]