[
  {
    "Plan": {
      "Node Type": "Aggregate",
      "Strategy": "Plain",
      "Partial Mode": "Finalize",
      "Parallel Aware": false,
      "Startup Cost": 94611.64,
      "Total Cost": 94611.65,
      "Plan Rows": 1,
      "Plan Width": 8,
      "Actual Startup Time": 702.623,
      "Actual Total Time": 723.269,
      "Actual Rows": 1,
      "Actual Loops": 1,
      "Plans": [
        {
          "Node Type": "Gather",
          "Parent Relationship": "Outer",
          "Parallel Aware": false,
          "Startup Cost": 94611.42,
          "Total Cost": 94611.63,
          "Plan Rows": 2,
          "Plan Width": 8,
          "Actual Startup Time": 697.131,
          "Actual Total Time": 723.259,
          "Actual Rows": 3,
          "Actual Loops": 1,
          "Workers Planned": 2,
          "Workers Launched": 2,
          "Single Copy": false,
          "Plans": [
            {
              "Node Type": "Aggregate",
              "Strategy": "Plain",
              "Partial Mode": "Partial",
              "Parent Relationship": "Outer",
              "Parallel Aware": false,
              "Startup Cost": 93611.42,
              "Total Cost": 93611.43,
              "Plan Rows": 1,
              "Plan Width": 8,
              "Actual Startup Time": 691.803,
              "Actual Total Time": 692.46,
              "Actual Rows": 1,
              "Actual Loops": 3,
              "Plans": [
                {
                  "Node Type": "Hash Join",
                  "Parent Relationship": "Outer",
                  "Parallel Aware": true,
                  "Join Type": "Inner",
                  "Startup Cost": 77455.14,
                  "Total Cost": 93473.96,
                  "Plan Rows": 54984,
                  "Plan Width": 0,
                  "Actual Startup Time": 552.286,
                  "Actual Total Time": 680.752,
                  "Actual Rows": 239011,
                  "Actual Loops": 3,
                  "Inner Unique": false,
                  "Hash Cond": "(mi_idx.movie_id = t.id)",
                  "Plans": [
                    {
                      "Node Type": "Seq Scan",
                      "Parent Relationship": "Outer",
                      "Parallel Aware": true,
                      "Relation Name": "movie_info_idx",
                      "Alias": "mi_idx",
                      "Startup Cost": 0.0,
                      "Total Cost": 13685.15,
                      "Plan Rows": 575015,
                      "Plan Width": 4,
                      "Actual Startup Time": 0.018,
                      "Actual Total Time": 42.589,
                      "Actual Rows": 460012,
                      "Actual Loops": 3
                    },
                    {
                      "Node Type": "Hash",
                      "Parent Relationship": "Inner",
                      "Parallel Aware": true,
                      "Startup Cost": 76480.25,
                      "Total Cost": 76480.25,
                      "Plan Rows": 77991,
                      "Plan Width": 8,
                      "Actual Startup Time": 550.761,
                      "Actual Total Time": 551.414,
                      "Actual Rows": 160101,
                      "Actual Loops": 3,
                      "Hash Buckets": 524288,
                      "Original Hash Buckets": 262144,
                      "Hash Batches": 1,
                      "Original Hash Batches": 1,
                      "Peak Memory Usage": 24960,
                      "Plans": [
                        {
                          "Node Type": "Hash Join",
                          "Parent Relationship": "Outer",
                          "Parallel Aware": true,
                          "Join Type": "Inner",
                          "Startup Cost": 46562.07,
                          "Total Cost": 76480.25,
                          "Plan Rows": 77991,
                          "Plan Width": 8,
                          "Actual Startup Time": 324.286,
                          "Actual Total Time": 474.512,
                          "Actual Rows": 160101,
                          "Actual Loops": 3,
                          "Inner Unique": true,
                          "Hash Cond": "(mc.movie_id = t.id)",
                          "Plans": [
                            {
                              "Node Type": "Seq Scan",
                              "Parent Relationship": "Outer",
                              "Parallel Aware": true,
                              "Relation Name": "movie_companies",
                              "Alias": "mc",
                              "Startup Cost": 0.0,
                              "Total Cost": 29310.68,
                              "Plan Rows": 231428,
                              "Plan Width": 4,
                              "Actual Startup Time": 22.492,
                              "Actual Total Time": 89.064,
                              "Actual Rows": 236011,
                              "Actual Loops": 3,
                              "Filter": "(company_id > 44018)",
                              "Rows Removed by Filter": 633699
                            },
                            {
                              "Node Type": "Hash",
                              "Parent Relationship": "Inner",
                              "Parallel Aware": true,
                              "Startup Cost": 43899.32,
                              "Total Cost": 43899.32,
                              "Plan Rows": 213020,
                              "Plan Width": 4,
                              "Actual Startup Time": 298.156,
                              "Actual Total Time": 298.158,
                              "Actual Rows": 284738,
                              "Actual Loops": 3,
                              "Hash Buckets": 1048576,
                              "Original Hash Buckets": 1048576,
                              "Hash Batches": 1,
                              "Original Hash Batches": 1,
                              "Peak Memory Usage": 41696,
                              "Plans": [
                                {
                                  "Node Type": "Seq Scan",
                                  "Parent Relationship": "Outer",
                                  "Parallel Aware": true,
                                  "Relation Name": "title",
                                  "Alias": "t",
                                  "Startup Cost": 0.0,
                                  "Total Cost": 43899.32,
                                  "Plan Rows": 213020,
                                  "Plan Width": 4,
                                  "Actual Startup Time": 0.025,
                                  "Actual Total Time": 138.648,
                                  "Actual Rows": 284738,
                                  "Actual Loops": 3,
                                  "Filter": "(kind_id < 4)",
                                  "Rows Removed by Filter": 558033
                                }
                              ]
                            }
                          ]
                        }
                      ]
                    }
                  ]
                }
              ]
            }
          ]
        }
      ]
    },
    "Planning Time": 0.671,
    "Triggers": [],
    "Execution Time": 723.323
  }
]