[
  {
    "Plan": {
      "Node Type": "Aggregate",
      "Strategy": "Plain",
      "Partial Mode": "Finalize",
      "Parallel Aware": false,
      "Startup Cost": 334435.94,
      "Total Cost": 334435.95,
      "Plan Rows": 1,
      "Plan Width": 8,
      "Actual Startup Time": 671.421,
      "Actual Total Time": 726.462,
      "Actual Rows": 1,
      "Actual Loops": 1,
      "Plans": [
        {
          "Node Type": "Gather",
          "Parent Relationship": "Outer",
          "Parallel Aware": false,
          "Startup Cost": 334435.32,
          "Total Cost": 334435.92,
          "Plan Rows": 6,
          "Plan Width": 8,
          "Actual Startup Time": 671.305,
          "Actual Total Time": 726.453,
          "Actual Rows": 7,
          "Actual Loops": 1,
          "Workers Planned": 6,
          "Workers Launched": 6,
          "Single Copy": false,
          "Plans": [
            {
              "Node Type": "Aggregate",
              "Strategy": "Plain",
              "Partial Mode": "Partial",
              "Parent Relationship": "Outer",
              "Parallel Aware": false,
              "Startup Cost": 333435.32,
              "Total Cost": 333435.33,
              "Plan Rows": 1,
              "Plan Width": 8,
              "Actual Startup Time": 662.523,
              "Actual Total Time": 662.524,
              "Actual Rows": 1,
              "Actual Loops": 7,
              "Plans": [
                {
                  "Node Type": "Seq Scan",
                  "Parent Relationship": "Outer",
                  "Parallel Aware": true,
                  "Relation Name": "cast_info",
                  "Alias": "ci",
                  "Startup Cost": 0.0,
                  "Total Cost": 328162.03,
                  "Plan Rows": 2109316,
                  "Plan Width": 0,
                  "Actual Startup Time": 269.009,
                  "Actual Total Time": 583.877,
                  "Actual Rows": 1804680,
                  "Actual Loops": 7,
                  "Filter": "(person_id > 2418684)",
                  "Rows Removed by Filter": 3373083
                }
              ]
            }
          ]
        }
      ]
    },
    "Planning Time": 0.149,
    "Triggers": [],
    "Execution Time": 726.523
  }
]