[
  {
    "Plan": {
      "Node Type": "Aggregate",
      "Strategy": "Plain",
      "Partial Mode": "Finalize",
      "Parallel Aware": false,
      "Startup Cost": 345999.87,
      "Total Cost": 345999.88,
      "Plan Rows": 1,
      "Plan Width": 8,
      "Actual Startup Time": 672.301,
      "Actual Total Time": 727.665,
      "Actual Rows": 1,
      "Actual Loops": 1,
      "Plans": [
        {
          "Node Type": "Gather",
          "Parent Relationship": "Outer",
          "Parallel Aware": false,
          "Startup Cost": 345999.24,
          "Total Cost": 345999.85,
          "Plan Rows": 6,
          "Plan Width": 8,
          "Actual Startup Time": 672.157,
          "Actual Total Time": 727.652,
          "Actual Rows": 7,
          "Actual Loops": 1,
          "Workers Planned": 6,
          "Workers Launched": 6,
          "Single Copy": false,
          "Plans": [
            {
              "Node Type": "Aggregate",
              "Strategy": "Plain",
              "Partial Mode": "Partial",
              "Parent Relationship": "Outer",
              "Parallel Aware": false,
              "Startup Cost": 344999.24,
              "Total Cost": 344999.26,
              "Plan Rows": 1,
              "Plan Width": 8,
              "Actual Startup Time": 663.494,
              "Actual Total Time": 663.495,
              "Actual Rows": 1,
              "Actual Loops": 7,
              "Plans": [
                {
                  "Node Type": "Seq Scan",
                  "Parent Relationship": "Outer",
                  "Parallel Aware": true,
                  "Relation Name": "cast_info",
                  "Alias": "ci",
                  "Startup Cost": 0.0,
                  "Total Cost": 343257.03,
                  "Plan Rows": 696886,
                  "Plan Width": 0,
                  "Actual Startup Time": 333.412,
                  "Actual Total Time": 609.116,
                  "Actual Rows": 1308987,
                  "Actual Loops": 7,
                  "Filter": "((person_id > 2783151) AND (role_id > 2))",
                  "Rows Removed by Filter": 3868777
                }
              ]
            }
          ]
        }
      ]
    },
    "Planning Time": 0.227,
    "Triggers": [],
    "Execution Time": 727.738
  }
]