{
  "Plan": {
    "Node Type": "Aggregate",
    "Strategy": "Plain",
    "Partial Mode": "Finalize",
    "Parallel Aware": false,
    "Startup Cost": 98170.64,
    "Total Cost": 98170.65,
    "Plan Rows": 1,
    "Plan Width": 8,
    "Actual Startup Time": 182.693,
    "Actual Total Time": 197.554,
    "Actual Rows": 1,
    "Actual Loops": 1,
    "Plans": [
      {
        "Node Type": "Gather",
        "Parent Relationship": "Outer",
        "Parallel Aware": false,
        "Startup Cost": 98170.52,
        "Total Cost": 98170.63,
        "Plan Rows": 1,
        "Plan Width": 8,
        "Actual Startup Time": 182.439,
        "Actual Total Time": 197.545,
        "Actual Rows": 2,
        "Actual Loops": 1,
        "Workers Planned": 1,
        "Workers Launched": 1,
        "Single Copy": false,
        "Plans": [
          {
            "Node Type": "Aggregate",
            "Strategy": "Plain",
            "Partial Mode": "Partial",
            "Parent Relationship": "Outer",
            "Parallel Aware": false,
            "Startup Cost": 97170.52,
            "Total Cost": 97170.53,
            "Plan Rows": 1,
            "Plan Width": 8,
            "Actual Startup Time": 176.335,
            "Actual Total Time": 176.337,
            "Actual Rows": 1,
            "Actual Loops": 2,
            "Plans": [
              {
                "Node Type": "Nested Loop",
                "Parent Relationship": "Outer",
                "Parallel Aware": false,
                "Join Type": "Inner",
                "Startup Cost": 1.0,
                "Total Cost": 96971.56,
                "Plan Rows": 79585,
                "Plan Width": 0,
                "Actual Startup Time": 2.286,
                "Actual Total Time": 174.295,
                "Actual Rows": 29570,
                "Actual Loops": 2,
                "Inner Unique": false,
                "Join Filter": "(t.id = ci.movie_id)",
                "Rows Removed by Join Filter": 0,
                "Plans": [
                  {
                    "Node Type": "Nested Loop",
                    "Parent Relationship": "Outer",
                    "Parallel Aware": false,
                    "Join Type": "Inner",
                    "Startup Cost": 0.43,
                    "Total Cost": 85788.86,
                    "Plan Rows": 5554,
                    "Plan Width": 8,
                    "Actual Startup Time": 2.105,
                    "Actual Total Time": 141.823,
                    "Actual Rows": 2004,
                    "Actual Loops": 2,
                    "Inner Unique": false,
                    "Plans": [
                      {
                        "Node Type": "Seq Scan",
                        "Parent Relationship": "Outer",
                        "Parallel Aware": true,
                        "Relation Name": "title",
                        "Alias": "t",
                        "Startup Cost": 0.0,
                        "Total Cost": 58306.47,
                        "Plan Rows": 3104,
                        "Plan Width": 4,
                        "Actual Startup Time": 0.16,
                        "Actual Total Time": 132.876,
                        "Actual Rows": 2600,
                        "Actual Loops": 2,
                        "Filter": "((kind_id = 7) AND (production_year = 1956))",
                        "Rows Removed by Filter": 1261556
                      },
                      {
                        "Node Type": "Index Only Scan",
                        "Parent Relationship": "Inner",
                        "Parallel Aware": false,
                        "Scan Direction": "Forward",
                        "Index Name": "movie_id_movie_keyword",
                        "Relation Name": "movie_keyword",
                        "Alias": "mk",
                        "Startup Cost": 0.43,
                        "Total Cost": 8.4,
                        "Plan Rows": 45,
                        "Plan Width": 4,
                        "Actual Startup Time": 0.003,
                        "Actual Total Time": 0.003,
                        "Actual Rows": 1,
                        "Actual Loops": 5201,
                        "Index Cond": "(movie_id = t.id)",
                        "Rows Removed by Index Recheck": 0,
                        "Heap Fetches": 4008
                      }
                    ]
                  },
                  {
                    "Node Type": "Index Only Scan",
                    "Parent Relationship": "Inner",
                    "Parallel Aware": false,
                    "Scan Direction": "Forward",
                    "Index Name": "movie_id_cast_info",
                    "Relation Name": "cast_info",
                    "Alias": "ci",
                    "Startup Cost": 0.56,
                    "Total Cost": 1.55,
                    "Plan Rows": 37,
                    "Plan Width": 4,
                    "Actual Startup Time": 0.004,
                    "Actual Total Time": 0.014,
                    "Actual Rows": 15,
                    "Actual Loops": 4008,
                    "Index Cond": "(movie_id = mk.movie_id)",
                    "Rows Removed by Index Recheck": 0,
                    "Heap Fetches": 59139
                  }
                ]
              }
            ]
          }
        ]
      }
    ]
  },
  "Planning Time": 0.948,
  "Triggers": [],
  "Execution Time": 197.637
}