{
    "Plan": {
        "Node Type": "Aggregate",
        "Strategy": "Plain",
        "Partial Mode": "Finalize",
        "Parallel Aware": false,
        "Startup Cost": 602341.48,
        "Total Cost": 602341.49,
        "Plan Rows": 1,
        "Plan Width": 8,
        "Actual Startup Time": 1657.852,
        "Actual Total Time": 1721.58,
        "Actual Rows": 1,
        "Actual Loops": 1,
        "Output": [
            "count(*)"
        ],
        "Plans": [
            {
                "Node Type": "Gather",
                "Parent Relationship": "Outer",
                "Parallel Aware": false,
                "Startup Cost": 602340.86,
                "Total Cost": 602341.47,
                "Plan Rows": 6,
                "Plan Width": 8,
                "Actual Startup Time": 1637.595,
                "Actual Total Time": 1721.561,
                "Actual Rows": 7,
                "Actual Loops": 1,
                "Output": [
                    "(PARTIAL count(*))"
                ],
                "Workers Planned": 6,
                "Workers Launched": 6,
                "Single Copy": false,
                "Plans": [
                    {
                        "Node Type": "Aggregate",
                        "Strategy": "Plain",
                        "Partial Mode": "Partial",
                        "Parent Relationship": "Outer",
                        "Parallel Aware": false,
                        "Startup Cost": 601340.86,
                        "Total Cost": 601340.87,
                        "Plan Rows": 1,
                        "Plan Width": 8,
                        "Actual Startup Time": 1620.533,
                        "Actual Total Time": 1621.0,
                        "Actual Rows": 1,
                        "Actual Loops": 7,
                        "Output": [
                            "PARTIAL count(*)"
                        ],
                        "Workers": [
                            {
                                "Worker Number": 0,
                                "Actual Startup Time": 1617.224,
                                "Actual Total Time": 1617.233,
                                "Actual Rows": 1,
                                "Actual Loops": 1
                            },
                            {
                                "Worker Number": 1,
                                "Actual Startup Time": 1617.331,
                                "Actual Total Time": 1617.345,
                                "Actual Rows": 1,
                                "Actual Loops": 1
                            },
                            {
                                "Worker Number": 2,
                                "Actual Startup Time": 1617.349,
                                "Actual Total Time": 1617.354,
                                "Actual Rows": 1,
                                "Actual Loops": 1
                            },
                            {
                                "Worker Number": 3,
                                "Actual Startup Time": 1617.651,
                                "Actual Total Time": 1617.669,
                                "Actual Rows": 1,
                                "Actual Loops": 1
                            },
                            {
                                "Worker Number": 4,
                                "Actual Startup Time": 1617.552,
                                "Actual Total Time": 1617.559,
                                "Actual Rows": 1,
                                "Actual Loops": 1
                            },
                            {
                                "Worker Number": 5,
                                "Actual Startup Time": 1620.089,
                                "Actual Total Time": 1620.094,
                                "Actual Rows": 1,
                                "Actual Loops": 1
                            }
                        ],
                        "Plans": [
                            {
                                "Node Type": "Hash Join",
                                "Parent Relationship": "Outer",
                                "Parallel Aware": true,
                                "Join Type": "Inner",
                                "Startup Cost": 253939.13,
                                "Total Cost": 600256.8,
                                "Plan Rows": 433623,
                                "Plan Width": 0,
                                "Actual Startup Time": 698.772,
                                "Actual Total Time": 1583.658,
                                "Actual Rows": 789775,
                                "Actual Loops": 7,
                                "Inner Unique": false,
                                "Hash Cond": "(ci.movie_id = t.id)",
                                "Workers": [
                                    {
                                        "Worker Number": 0,
                                        "Actual Startup Time": 695.796,
                                        "Actual Total Time": 1581.135,
                                        "Actual Rows": 866683,
                                        "Actual Loops": 1
                                    },
                                    {
                                        "Worker Number": 1,
                                        "Actual Startup Time": 695.825,
                                        "Actual Total Time": 1578.139,
                                        "Actual Rows": 580671,
                                        "Actual Loops": 1
                                    },
                                    {
                                        "Worker Number": 2,
                                        "Actual Startup Time": 695.997,
                                        "Actual Total Time": 1581.57,
                                        "Actual Rows": 864198,
                                        "Actual Loops": 1
                                    },
                                    {
                                        "Worker Number": 3,
                                        "Actual Startup Time": 696.224,
                                        "Actual Total Time": 1581.759,
                                        "Actual Rows": 855150,
                                        "Actual Loops": 1
                                    },
                                    {
                                        "Worker Number": 4,
                                        "Actual Startup Time": 695.878,
                                        "Actual Total Time": 1583.966,
                                        "Actual Rows": 796584,
                                        "Actual Loops": 1
                                    },
                                    {
                                        "Worker Number": 5,
                                        "Actual Startup Time": 696.744,
                                        "Actual Total Time": 1583.65,
                                        "Actual Rows": 875811,
                                        "Actual Loops": 1
                                    }
                                ],
                                "Plans": [
                                    {
                                        "Node Type": "Index Scan",
                                        "Parent Relationship": "Outer",
                                        "Parallel Aware": true,
                                        "Scan Direction": "Forward",
                                        "Index Name": "role_id_cast_info",
                                        "Relation Name": "cast_info",
                                        "Schema": "public",
                                        "Alias": "ci",
                                        "Startup Cost": 0.56,
                                        "Total Cost": 342814.42,
                                        "Plan Rows": 703086,
                                        "Plan Width": 4,
                                        "Actual Startup Time": 0.261,
                                        "Actual Total Time": 412.303,
                                        "Actual Rows": 1240434,
                                        "Actual Loops": 7,
                                        "Output": [
                                            "ci.id",
                                            "ci.person_id",
                                            "ci.movie_id",
                                            "ci.person_role_id",
                                            "ci.note",
                                            "ci.nr_order",
                                            "ci.role_id"
                                        ],
                                        "Index Cond": "(ci.role_id < 2)",
                                        "Rows Removed by Index Recheck": 0,
                                        "Filter": "(ci.person_id < 1184648)",
                                        "Rows Removed by Filter": 569665,
                                        "Workers": [
                                            {
                                                "Worker Number": 0,
                                                "Actual Startup Time": 0.325,
                                                "Actual Total Time": 414.316,
                                                "Actual Rows": 1355251,
                                                "Actual Loops": 1
                                            },
                                            {
                                                "Worker Number": 1,
                                                "Actual Startup Time": 0.297,
                                                "Actual Total Time": 429.567,
                                                "Actual Rows": 912600,
                                                "Actual Loops": 1
                                            },
                                            {
                                                "Worker Number": 2,
                                                "Actual Startup Time": 0.365,
                                                "Actual Total Time": 413.458,
                                                "Actual Rows": 1365001,
                                                "Actual Loops": 1
                                            },
                                            {
                                                "Worker Number": 3,
                                                "Actual Startup Time": 0.365,
                                                "Actual Total Time": 411.803,
                                                "Actual Rows": 1340893,
                                                "Actual Loops": 1
                                            },
                                            {
                                                "Worker Number": 4,
                                                "Actual Startup Time": 0.132,
                                                "Actual Total Time": 405.814,
                                                "Actual Rows": 1242930,
                                                "Actual Loops": 1
                                            },
                                            {
                                                "Worker Number": 5,
                                                "Actual Startup Time": 0.158,
                                                "Actual Total Time": 412.554,
                                                "Actual Rows": 1378650,
                                                "Actual Loops": 1
                                            }
                                        ]
                                    },
                                    {
                                        "Node Type": "Hash",
                                        "Parent Relationship": "Inner",
                                        "Parallel Aware": true,
                                        "Startup Cost": 250040.26,
                                        "Total Cost": 250040.26,
                                        "Plan Rows": 311864,
                                        "Plan Width": 8,
                                        "Actual Startup Time": 693.726,
                                        "Actual Total Time": 694.19,
                                        "Actual Rows": 198854,
                                        "Actual Loops": 7,
                                        "Output": [
                                            "t.id",
                                            "mi.movie_id"
                                        ],
                                        "Hash Buckets": 2097152,
                                        "Original Hash Buckets": 2097152,
                                        "Hash Batches": 1,
                                        "Original Hash Batches": 1,
                                        "Peak Memory Usage": 70912,
                                        "Workers": [
                                            {
                                                "Worker Number": 0,
                                                "Actual Startup Time": 694.995,
                                                "Actual Total Time": 694.999,
                                                "Actual Rows": 220635,
                                                "Actual Loops": 1
                                            },
                                            {
                                                "Worker Number": 1,
                                                "Actual Startup Time": 695.155,
                                                "Actual Total Time": 695.166,
                                                "Actual Rows": 147184,
                                                "Actual Loops": 1
                                            },
                                            {
                                                "Worker Number": 2,
                                                "Actual Startup Time": 695.034,
                                                "Actual Total Time": 695.037,
                                                "Actual Rows": 220835,
                                                "Actual Loops": 1
                                            },
                                            {
                                                "Worker Number": 3,
                                                "Actual Startup Time": 695.471,
                                                "Actual Total Time": 695.487,
                                                "Actual Rows": 215042,
                                                "Actual Loops": 1
                                            },
                                            {
                                                "Worker Number": 4,
                                                "Actual Startup Time": 695.319,
                                                "Actual Total Time": 695.324,
                                                "Actual Rows": 191274,
                                                "Actual Loops": 1
                                            },
                                            {
                                                "Worker Number": 5,
                                                "Actual Startup Time": 696.258,
                                                "Actual Total Time": 696.262,
                                                "Actual Rows": 221937,
                                                "Actual Loops": 1
                                            }
                                        ],
                                        "Plans": [
                                            {
                                                "Node Type": "Hash Join",
                                                "Parent Relationship": "Outer",
                                                "Parallel Aware": true,
                                                "Join Type": "Inner",
                                                "Startup Cost": 49583.65,
                                                "Total Cost": 250040.26,
                                                "Plan Rows": 311864,
                                                "Plan Width": 8,
                                                "Actual Startup Time": 247.862,
                                                "Actual Total Time": 606.235,
                                                "Actual Rows": 198854,
                                                "Actual Loops": 7,
                                                "Output": [
                                                    "t.id",
                                                    "mi.movie_id"
                                                ],
                                                "Inner Unique": true,
                                                "Hash Cond": "(mi.movie_id = t.id)",
                                                "Workers": [
                                                    {
                                                        "Worker Number": 0,
                                                        "Actual Startup Time": 247.82,
                                                        "Actual Total Time": 605.161,
                                                        "Actual Rows": 220635,
                                                        "Actual Loops": 1
                                                    },
                                                    {
                                                        "Worker Number": 1,
                                                        "Actual Startup Time": 247.838,
                                                        "Actual Total Time": 606.715,
                                                        "Actual Rows": 147184,
                                                        "Actual Loops": 1
                                                    },
                                                    {
                                                        "Worker Number": 2,
                                                        "Actual Startup Time": 247.804,
                                                        "Actual Total Time": 606.559,
                                                        "Actual Rows": 220835,
                                                        "Actual Loops": 1
                                                    },
                                                    {
                                                        "Worker Number": 3,
                                                        "Actual Startup Time": 247.854,
                                                        "Actual Total Time": 605.725,
                                                        "Actual Rows": 215042,
                                                        "Actual Loops": 1
                                                    },
                                                    {
                                                        "Worker Number": 4,
                                                        "Actual Startup Time": 247.835,
                                                        "Actual Total Time": 605.877,
                                                        "Actual Rows": 191274,
                                                        "Actual Loops": 1
                                                    },
                                                    {
                                                        "Worker Number": 5,
                                                        "Actual Startup Time": 247.948,
                                                        "Actual Total Time": 605.698,
                                                        "Actual Rows": 221937,
                                                        "Actual Loops": 1
                                                    }
                                                ],
                                                "Plans": [
                                                    {
                                                        "Node Type": "Seq Scan",
                                                        "Parent Relationship": "Outer",
                                                        "Parallel Aware": true,
                                                        "Relation Name": "movie_info",
                                                        "Schema": "public",
                                                        "Alias": "mi",
                                                        "Startup Cost": 0.0,
                                                        "Total Cost": 198880.74,
                                                        "Plan Rows": 600336,
                                                        "Plan Width": 4,
                                                        "Actual Startup Time": 66.968,
                                                        "Actual Total Time": 287.81,
                                                        "Actual Rows": 433817,
                                                        "Actual Loops": 7,
                                                        "Output": [
                                                            "mi.id",
                                                            "mi.movie_id",
                                                            "mi.info_type_id",
                                                            "mi.info",
                                                            "mi.note"
                                                        ],
                                                        "Filter": "(mi.info_type_id = 16)",
                                                        "Rows Removed by Filter": 1685572,
                                                        "Workers": [
                                                            {
                                                                "Worker Number": 0,
                                                                "Actual Startup Time": 66.979,
                                                                "Actual Total Time": 287.442,
                                                                "Actual Rows": 476781,
                                                                "Actual Loops": 1
                                                            },
                                                            {
                                                                "Worker Number": 1,
                                                                "Actual Startup Time": 66.944,
                                                                "Actual Total Time": 293.679,
                                                                "Actual Rows": 317843,
                                                                "Actual Loops": 1
                                                            },
                                                            {
                                                                "Worker Number": 2,
                                                                "Actual Startup Time": 66.956,
                                                                "Actual Total Time": 287.612,
                                                                "Actual Rows": 479899,
                                                                "Actual Loops": 1
                                                            },
                                                            {
                                                                "Worker Number": 3,
                                                                "Actual Startup Time": 66.994,
                                                                "Actual Total Time": 287.522,
                                                                "Actual Rows": 470808,
                                                                "Actual Loops": 1
                                                            },
                                                            {
                                                                "Worker Number": 4,
                                                                "Actual Startup Time": 66.979,
                                                                "Actual Total Time": 286.848,
                                                                "Actual Rows": 421436,
                                                                "Actual Loops": 1
                                                            },
                                                            {
                                                                "Worker Number": 5,
                                                                "Actual Startup Time": 66.959,
                                                                "Actual Total Time": 288.11,
                                                                "Actual Rows": 484186,
                                                                "Actual Loops": 1
                                                            }
                                                        ]
                                                    },
                                                    {
                                                        "Node Type": "Hash",
                                                        "Parent Relationship": "Inner",
                                                        "Parallel Aware": true,
                                                        "Startup Cost": 45479.21,
                                                        "Total Cost": 45479.21,
                                                        "Plan Rows": 328355,
                                                        "Plan Width": 4,
                                                        "Actual Startup Time": 178.807,
                                                        "Actual Total Time": 178.811,
                                                        "Actual Rows": 185447,
                                                        "Actual Loops": 7,
                                                        "Output": [
                                                            "t.id"
                                                        ],
                                                        "Hash Buckets": 2097152,
                                                        "Original Hash Buckets": 2097152,
                                                        "Hash Batches": 1,
                                                        "Original Hash Batches": 1,
                                                        "Peak Memory Usage": 67296,
                                                        "Workers": [
                                                            {
                                                                "Worker Number": 0,
                                                                "Actual Startup Time": 180.745,
                                                                "Actual Total Time": 180.746,
                                                                "Actual Rows": 198601,
                                                                "Actual Loops": 1
                                                            },
                                                            {
                                                                "Worker Number": 1,
                                                                "Actual Startup Time": 180.735,
                                                                "Actual Total Time": 180.742,
                                                                "Actual Rows": 138509,
                                                                "Actual Loops": 1
                                                            },
                                                            {
                                                                "Worker Number": 2,
                                                                "Actual Startup Time": 180.759,
                                                                "Actual Total Time": 180.76,
                                                                "Actual Rows": 201782,
                                                                "Actual Loops": 1
                                                            },
                                                            {
                                                                "Worker Number": 3,
                                                                "Actual Startup Time": 180.759,
                                                                "Actual Total Time": 180.772,
                                                                "Actual Rows": 186571,
                                                                "Actual Loops": 1
                                                            },
                                                            {
                                                                "Worker Number": 4,
                                                                "Actual Startup Time": 180.692,
                                                                "Actual Total Time": 180.693,
                                                                "Actual Rows": 178237,
                                                                "Actual Loops": 1
                                                            },
                                                            {
                                                                "Worker Number": 5,
                                                                "Actual Startup Time": 180.793,
                                                                "Actual Total Time": 180.794,
                                                                "Actual Rows": 208650,
                                                                "Actual Loops": 1
                                                            }
                                                        ],
                                                        "Plans": [
                                                            {
                                                                "Node Type": "Seq Scan",
                                                                "Parent Relationship": "Outer",
                                                                "Parallel Aware": true,
                                                                "Relation Name": "title",
                                                                "Schema": "public",
                                                                "Alias": "t",
                                                                "Startup Cost": 0.0,
                                                                "Total Cost": 45479.21,
                                                                "Plan Rows": 328355,
                                                                "Plan Width": 4,
                                                                "Actual Startup Time": 0.056,
                                                                "Actual Total Time": 81.015,
                                                                "Actual Rows": 185447,
                                                                "Actual Loops": 7,
                                                                "Output": [
                                                                    "t.id"
                                                                ],
                                                                "Filter": "((t.kind_id > 1) AND (t.production_year < 2009))",
                                                                "Rows Removed by Filter": 175741,
                                                                "Workers": [
                                                                    {
                                                                        "Worker Number": 0,
                                                                        "Actual Startup Time": 0.069,
                                                                        "Actual Total Time": 81.165,
                                                                        "Actual Rows": 198601,
                                                                        "Actual Loops": 1
                                                                    },
                                                                    {
                                                                        "Worker Number": 1,
                                                                        "Actual Startup Time": 0.078,
                                                                        "Actual Total Time": 82.8,
                                                                        "Actual Rows": 138509,
                                                                        "Actual Loops": 1
                                                                    },
                                                                    {
                                                                        "Worker Number": 2,
                                                                        "Actual Startup Time": 0.067,
                                                                        "Actual Total Time": 81.148,
                                                                        "Actual Rows": 201782,
                                                                        "Actual Loops": 1
                                                                    },
                                                                    {
                                                                        "Worker Number": 3,
                                                                        "Actual Startup Time": 0.042,
                                                                        "Actual Total Time": 84.632,
                                                                        "Actual Rows": 186571,
                                                                        "Actual Loops": 1
                                                                    },
                                                                    {
                                                                        "Worker Number": 4,
                                                                        "Actual Startup Time": 0.065,
                                                                        "Actual Total Time": 80.314,
                                                                        "Actual Rows": 178237,
                                                                        "Actual Loops": 1
                                                                    },
                                                                    {
                                                                        "Worker Number": 5,
                                                                        "Actual Startup Time": 0.052,
                                                                        "Actual Total Time": 81.265,
                                                                        "Actual Rows": 208650,
                                                                        "Actual Loops": 1
                                                                    }
                                                                ]
                                                            }
                                                        ]
                                                    }
                                                ]
                                            }
                                        ]
                                    }
                                ]
                            }
                        ]
                    }
                ]
            }
        ]
    },
    "Planning Time": 1.518,
    "Triggers": [],
    "Execution Time": 1721.685
}