[
  {
    "Plan": {
      "Node Type": "Aggregate",
      "Strategy": "Plain",
      "Partial Mode": "Finalize",
      "Parallel Aware": false,
      "Startup Cost": 429804.46,
      "Total Cost": 429804.47,
      "Plan Rows": 1,
      "Plan Width": 8,
      "Actual Startup Time": 2275.843,
      "Actual Total Time": 2306.829,
      "Actual Rows": 1,
      "Actual Loops": 1,
      "Plans": [
        {
          "Node Type": "Gather",
          "Parent Relationship": "Outer",
          "Parallel Aware": false,
          "Startup Cost": 429803.84,
          "Total Cost": 429804.45,
          "Plan Rows": 6,
          "Plan Width": 8,
          "Actual Startup Time": 2262.275,
          "Actual Total Time": 2306.819,
          "Actual Rows": 7,
          "Actual Loops": 1,
          "Workers Planned": 6,
          "Workers Launched": 6,
          "Single Copy": false,
          "Plans": [
            {
              "Node Type": "Aggregate",
              "Strategy": "Plain",
              "Partial Mode": "Partial",
              "Parent Relationship": "Outer",
              "Parallel Aware": false,
              "Startup Cost": 428803.84,
              "Total Cost": 428803.85,
              "Plan Rows": 1,
              "Plan Width": 8,
              "Actual Startup Time": 2253.983,
              "Actual Total Time": 2253.988,
              "Actual Rows": 1,
              "Actual Loops": 7,
              "Plans": [
                {
                  "Node Type": "Hash Join",
                  "Parent Relationship": "Outer",
                  "Parallel Aware": true,
                  "Join Type": "Inner",
                  "Startup Cost": 82087.73,
                  "Total Cost": 423328.92,
                  "Plan Rows": 2189967,
                  "Plan Width": 0,
                  "Actual Startup Time": 304.18,
                  "Actual Total Time": 2110.189,
                  "Actual Rows": 3387042,
                  "Actual Loops": 7,
                  "Inner Unique": false,
                  "Hash Cond": "(ci.movie_id = t.id)",
                  "Plans": [
                    {
                      "Node Type": "Seq Scan",
                      "Parent Relationship": "Outer",
                      "Parallel Aware": true,
                      "Relation Name": "cast_info",
                      "Alias": "ci",
                      "Startup Cost": 0.0,
                      "Total Cost": 313108.29,
                      "Plan Rows": 6042129,
                      "Plan Width": 4,
                      "Actual Startup Time": 0.023,
                      "Actual Total Time": 475.702,
                      "Actual Rows": 5177763,
                      "Actual Loops": 7
                    },
                    {
                      "Node Type": "Hash",
                      "Parent Relationship": "Inner",
                      "Parallel Aware": true,
                      "Startup Cost": 79224.02,
                      "Total Cost": 79224.02,
                      "Plan Rows": 229097,
                      "Plan Width": 8,
                      "Actual Startup Time": 302.281,
                      "Actual Total Time": 302.284,
                      "Actual Rows": 131506,
                      "Actual Loops": 7,
                      "Hash Buckets": 1048576,
                      "Original Hash Buckets": 1048576,
                      "Hash Batches": 1,
                      "Original Hash Batches": 1,
                      "Peak Memory Usage": 44320,
                      "Plans": [
                        {
                          "Node Type": "Hash Join",
                          "Parent Relationship": "Outer",
                          "Parallel Aware": true,
                          "Join Type": "Inner",
                          "Startup Cost": 33005.79,
                          "Total Cost": 79224.02,
                          "Plan Rows": 229097,
                          "Plan Width": 8,
                          "Actual Startup Time": 102.928,
                          "Actual Total Time": 260.245,
                          "Actual Rows": 131506,
                          "Actual Loops": 7,
                          "Inner Unique": false,
                          "Hash Cond": "(t.id = mc.movie_id)",
                          "Plans": [
                            {
                              "Node Type": "Seq Scan",
                              "Parent Relationship": "Outer",
                              "Parallel Aware": true,
                              "Relation Name": "title",
                              "Alias": "t",
                              "Startup Cost": 0.0,
                              "Total Cost": 42318.81,
                              "Plan Rows": 632080,
                              "Plan Width": 4,
                              "Actual Startup Time": 0.01,
                              "Actual Total Time": 48.162,
                              "Actual Rows": 361187,
                              "Actual Loops": 7
                            },
                            {
                              "Node Type": "Hash",
                              "Parent Relationship": "Inner",
                              "Parallel Aware": true,
                              "Startup Cost": 29310.68,
                              "Total Cost": 29310.68,
                              "Plan Rows": 295609,
                              "Plan Width": 4,
                              "Actual Startup Time": 101.801,
                              "Actual Total Time": 101.803,
                              "Actual Rows": 131506,
                              "Actual Loops": 7,
                              "Hash Buckets": 1048576,
                              "Original Hash Buckets": 1048576,
                              "Hash Batches": 1,
                              "Original Hash Batches": 1,
                              "Peak Memory Usage": 44288,
                              "Plans": [
                                {
                                  "Node Type": "Seq Scan",
                                  "Parent Relationship": "Outer",
                                  "Parallel Aware": true,
                                  "Relation Name": "movie_companies",
                                  "Alias": "mc",
                                  "Startup Cost": 0.0,
                                  "Total Cost": 29310.68,
                                  "Plan Rows": 295609,
                                  "Plan Width": 4,
                                  "Actual Startup Time": 11.754,
                                  "Actual Total Time": 52.447,
                                  "Actual Rows": 131506,
                                  "Actual Loops": 7,
                                  "Filter": "(company_id > 20117)",
                                  "Rows Removed by Filter": 241227
                                }
                              ]
                            }
                          ]
                        }
                      ]
                    }
                  ]
                }
              ]
            }
          ]
        }
      ]
    },
    "Planning Time": 0.506,
    "Triggers": [],
    "Execution Time": 2306.874
  }
]