{
  "Plan": {
    "Node Type": "Aggregate",
    "Strategy": "Plain",
    "Partial Mode": "Finalize",
    "Parallel Aware": false,
    "Startup Cost": 399063.84,
    "Total Cost": 399063.85,
    "Plan Rows": 1,
    "Plan Width": 8,
    "Actual Startup Time": 3206.669,
    "Actual Total Time": 3249.843,
    "Actual Rows": 1,
    "Actual Loops": 1,
    "Plans": [
      {
        "Node Type": "Gather",
        "Parent Relationship": "Outer",
        "Parallel Aware": false,
        "Startup Cost": 399063.73,
        "Total Cost": 399063.84,
        "Plan Rows": 1,
        "Plan Width": 8,
        "Actual Startup Time": 3205.266,
        "Actual Total Time": 3249.834,
        "Actual Rows": 2,
        "Actual Loops": 1,
        "Workers Planned": 1,
        "Workers Launched": 1,
        "Single Copy": false,
        "Plans": [
          {
            "Node Type": "Aggregate",
            "Strategy": "Plain",
            "Partial Mode": "Partial",
            "Parent Relationship": "Outer",
            "Parallel Aware": false,
            "Startup Cost": 398063.73,
            "Total Cost": 398063.74,
            "Plan Rows": 1,
            "Plan Width": 8,
            "Actual Startup Time": 3198.744,
            "Actual Total Time": 3198.75,
            "Actual Rows": 1,
            "Actual Loops": 2,
            "Plans": [
              {
                "Node Type": "Hash Join",
                "Parent Relationship": "Outer",
                "Parallel Aware": true,
                "Join Type": "Inner",
                "Startup Cost": 102258.13,
                "Total Cost": 393817.06,
                "Plan Rows": 1698669,
                "Plan Width": 0,
                "Actual Startup Time": 731.984,
                "Actual Total Time": 3019.443,
                "Actual Rows": 4013572,
                "Actual Loops": 2,
                "Inner Unique": false,
                "Hash Cond": "(mi.movie_id = t.id)",
                "Plans": [
                  {
                    "Node Type": "Seq Scan",
                    "Parent Relationship": "Outer",
                    "Parallel Aware": true,
                    "Relation Name": "movie_info",
                    "Alias": "mi",
                    "Startup Cost": 0.0,
                    "Total Cost": 248955.74,
                    "Plan Rows": 8696274,
                    "Plan Width": 4,
                    "Actual Startup Time": 0.019,
                    "Actual Total Time": 691.871,
                    "Actual Rows": 7417860,
                    "Actual Loops": 2
                  },
                  {
                    "Node Type": "Hash",
                    "Parent Relationship": "Inner",
                    "Parallel Aware": true,
                    "Startup Cost": 98626.82,
                    "Total Cost": 98626.82,
                    "Plan Rows": 290505,
                    "Plan Width": 8,
                    "Actual Startup Time": 724.431,
                    "Actual Total Time": 724.436,
                    "Actual Rows": 250884,
                    "Actual Loops": 2,
                    "Hash Buckets": 524288,
                    "Original Hash Buckets": 524288,
                    "Hash Batches": 1,
                    "Original Hash Batches": 1,
                    "Peak Memory Usage": 23744,
                    "Plans": [
                      {
                        "Node Type": "Hash Join",
                        "Parent Relationship": "Outer",
                        "Parallel Aware": true,
                        "Join Type": "Inner",
                        "Startup Cost": 36752.47,
                        "Total Cost": 98626.82,
                        "Plan Rows": 290505,
                        "Plan Width": 8,
                        "Actual Startup Time": 162.455,
                        "Actual Total Time": 646.461,
                        "Actual Rows": 250884,
                        "Actual Loops": 2,
                        "Inner Unique": false,
                        "Hash Cond": "(t.id = mc.movie_id)",
                        "Plans": [
                          {
                            "Node Type": "Seq Scan",
                            "Parent Relationship": "Outer",
                            "Parallel Aware": true,
                            "Relation Name": "title",
                            "Alias": "t",
                            "Startup Cost": 0.0,
                            "Total Cost": 50870.31,
                            "Plan Rows": 1487231,
                            "Plan Width": 4,
                            "Actual Startup Time": 0.016,
                            "Actual Total Time": 146.37,
                            "Actual Rows": 1264156,
                            "Actual Loops": 2
                          },
                          {
                            "Node Type": "Hash",
                            "Parent Relationship": "Inner",
                            "Parallel Aware": true,
                            "Startup Cost": 33121.15,
                            "Total Cost": 33121.15,
                            "Plan Rows": 290505,
                            "Plan Width": 4,
                            "Actual Startup Time": 158.801,
                            "Actual Total Time": 158.802,
                            "Actual Rows": 250884,
                            "Actual Loops": 2,
                            "Hash Buckets": 524288,
                            "Original Hash Buckets": 524288,
                            "Hash Batches": 1,
                            "Original Hash Batches": 1,
                            "Peak Memory Usage": 23744,
                            "Plans": [
                              {
                                "Node Type": "Bitmap Heap Scan",
                                "Parent Relationship": "Outer",
                                "Parallel Aware": true,
                                "Relation Name": "movie_companies",
                                "Alias": "mc",
                                "Startup Cost": 10699.84,
                                "Total Cost": 33121.15,
                                "Plan Rows": 290505,
                                "Plan Width": 4,
                                "Actual Startup Time": 36.404,
                                "Actual Total Time": 91.146,
                                "Actual Rows": 250884,
                                "Actual Loops": 2,
                                "Recheck Cond": "(company_id > 74138)",
                                "Rows Removed by Index Recheck": 0,
                                "Exact Heap Blocks": 5034,
                                "Lossy Heap Blocks": 0,
                                "Plans": [
                                  {
                                    "Node Type": "Bitmap Index Scan",
                                    "Parent Relationship": "Outer",
                                    "Parallel Aware": false,
                                    "Index Name": "company_id_movie_companies",
                                    "Startup Cost": 0.0,
                                    "Total Cost": 10576.37,
                                    "Plan Rows": 493859,
                                    "Plan Width": 0,
                                    "Actual Startup Time": 35.332,
                                    "Actual Total Time": 35.332,
                                    "Actual Rows": 501769,
                                    "Actual Loops": 1,
                                    "Index Cond": "(company_id > 74138)"
                                  }
                                ]
                              }
                            ]
                          }
                        ]
                      }
                    ]
                  }
                ]
              }
            ]
          }
        ]
      }
    ]
  },
  "Planning Time": 0.52,
  "Triggers": [],
  "Execution Time": 3249.945
}