{
    "Plan": {
        "Node Type": "Aggregate",
        "Strategy": "Plain",
        "Partial Mode": "Simple",
        "Parallel Aware": false,
        "Startup Cost": 40004760042.0,
        "Total Cost": 40004760042.01,
        "Plan Rows": 1,
        "Plan Width": 8,
        "Actual Startup Time": 60569.126,
        "Actual Total Time": 60577.622,
        "Actual Rows": 1,
        "Actual Loops": 1,
        "Output": [
            "count(*)"
        ],
        "Plans": [
            {
                "Node Type": "Merge Join",
                "Parent Relationship": "Outer",
                "Parallel Aware": false,
                "Join Type": "Inner",
                "Startup Cost": 40004760041.97,
                "Total Cost": 40004760042.0,
                "Plan Rows": 1,
                "Plan Width": 0,
                "Actual Startup Time": 60569.107,
                "Actual Total Time": 60577.608,
                "Actual Rows": 15,
                "Actual Loops": 1,
                "Inner Unique": false,
                "Merge Cond": "(chn.id = ci.person_role_id)",
                "Plans": [
                    {
                        "Node Type": "Sort",
                        "Parent Relationship": "Outer",
                        "Parallel Aware": false,
                        "Startup Cost": 47261.32,
                        "Total Cost": 47261.32,
                        "Plan Rows": 1,
                        "Plan Width": 4,
                        "Actual Startup Time": 98.292,
                        "Actual Total Time": 98.424,
                        "Actual Rows": 1,
                        "Actual Loops": 1,
                        "Output": [
                            "chn.id"
                        ],
                        "Sort Key": [
                            "chn.id"
                        ],
                        "Sort Method": "quicksort",
                        "Sort Space Used": 25,
                        "Sort Space Type": "Memory",
                        "Plans": [
                            {
                                "Node Type": "Gather",
                                "Parent Relationship": "Outer",
                                "Parallel Aware": false,
                                "Startup Cost": 1000.0,
                                "Total Cost": 47261.31,
                                "Plan Rows": 1,
                                "Plan Width": 4,
                                "Actual Startup Time": 12.737,
                                "Actual Total Time": 98.413,
                                "Actual Rows": 1,
                                "Actual Loops": 1,
                                "Output": [
                                    "chn.id"
                                ],
                                "Workers Planned": 4,
                                "Workers Launched": 4,
                                "Single Copy": false,
                                "Plans": [
                                    {
                                        "Node Type": "Seq Scan",
                                        "Parent Relationship": "Outer",
                                        "Parallel Aware": true,
                                        "Relation Name": "char_name",
                                        "Schema": "public",
                                        "Alias": "chn",
                                        "Startup Cost": 0.0,
                                        "Total Cost": 46261.21,
                                        "Plan Rows": 1,
                                        "Plan Width": 4,
                                        "Actual Startup Time": 72.167,
                                        "Actual Total Time": 89.255,
                                        "Actual Rows": 0,
                                        "Actual Loops": 5,
                                        "Output": [
                                            "chn.id"
                                        ],
                                        "Filter": "(chn.name = 'Queen'::text)",
                                        "Rows Removed by Filter": 628068,
                                        "Workers": [
                                            {
                                                "Worker Number": 0,
                                                "Actual Startup Time": 86.658,
                                                "Actual Total Time": 86.659,
                                                "Actual Rows": 0,
                                                "Actual Loops": 1
                                            },
                                            {
                                                "Worker Number": 1,
                                                "Actual Startup Time": 87.256,
                                                "Actual Total Time": 87.256,
                                                "Actual Rows": 0,
                                                "Actual Loops": 1
                                            },
                                            {
                                                "Worker Number": 2,
                                                "Actual Startup Time": 87.246,
                                                "Actual Total Time": 87.247,
                                                "Actual Rows": 0,
                                                "Actual Loops": 1
                                            },
                                            {
                                                "Worker Number": 3,
                                                "Actual Startup Time": 87.253,
                                                "Actual Total Time": 87.254,
                                                "Actual Rows": 0,
                                                "Actual Loops": 1
                                            }
                                        ]
                                    }
                                ]
                            }
                        ]
                    },
                    {
                        "Node Type": "Sort",
                        "Parent Relationship": "Inner",
                        "Parallel Aware": false,
                        "Startup Cost": 40004712780.65,
                        "Total Cost": 40004712780.66,
                        "Plan Rows": 1,
                        "Plan Width": 4,
                        "Actual Startup Time": 60470.808,
                        "Actual Total Time": 60479.172,
                        "Actual Rows": 15,
                        "Actual Loops": 1,
                        "Output": [
                            "ci.person_role_id"
                        ],
                        "Sort Key": [
                            "ci.person_role_id"
                        ],
                        "Sort Method": "quicksort",
                        "Sort Space Used": 25,
                        "Sort Space Type": "Memory",
                        "Plans": [
                            {
                                "Node Type": "Hash Join",
                                "Parent Relationship": "Outer",
                                "Parallel Aware": false,
                                "Join Type": "Inner",
                                "Startup Cost": 40004710154.19,
                                "Total Cost": 40004712780.64,
                                "Plan Rows": 1,
                                "Plan Width": 4,
                                "Actual Startup Time": 60462.251,
                                "Actual Total Time": 60479.147,
                                "Actual Rows": 15,
                                "Actual Loops": 1,
                                "Output": [
                                    "ci.person_role_id"
                                ],
                                "Inner Unique": false,
                                "Hash Cond": "(t.id = mi.movie_id)",
                                "Plans": [
                                    {
                                        "Node Type": "Nested Loop",
                                        "Parent Relationship": "Outer",
                                        "Parallel Aware": false,
                                        "Join Type": "Inner",
                                        "Startup Cost": 40003371744.85,
                                        "Total Cost": 40003374371.11,
                                        "Plan Rows": 1,
                                        "Plan Width": 20,
                                        "Actual Startup Time": 55578.662,
                                        "Actual Total Time": 55587.215,
                                        "Actual Rows": 3,
                                        "Actual Loops": 1,
                                        "Output": [
                                            "ci.movie_id",
                                            "ci.person_role_id",
                                            "cc.movie_id",
                                            "mk.movie_id",
                                            "t.id"
                                        ],
                                        "Inner Unique": true,
                                        "Join Filter": "(ci.person_id = n.id)",
                                        "Rows Removed by Join Filter": 0,
                                        "Plans": [
                                            {
                                                "Node Type": "Hash Join",
                                                "Parent Relationship": "Outer",
                                                "Parallel Aware": false,
                                                "Join Type": "Inner",
                                                "Startup Cost": 40003371744.42,
                                                "Total Cost": 40003374370.55,
                                                "Plan Rows": 1,
                                                "Plan Width": 32,
                                                "Actual Startup Time": 55578.612,
                                                "Actual Total Time": 55587.106,
                                                "Actual Rows": 15,
                                                "Actual Loops": 1,
                                                "Output": [
                                                    "an.person_id",
                                                    "ci.movie_id",
                                                    "ci.person_id",
                                                    "ci.person_role_id",
                                                    "cc.movie_id",
                                                    "mk.movie_id",
                                                    "pi.person_id",
                                                    "t.id"
                                                ],
                                                "Inner Unique": false,
                                                "Hash Cond": "(k.id = mk.keyword_id)",
                                                "Plans": [
                                                    {
                                                        "Node Type": "Seq Scan",
                                                        "Parent Relationship": "Outer",
                                                        "Parallel Aware": false,
                                                        "Relation Name": "keyword",
                                                        "Schema": "public",
                                                        "Alias": "k",
                                                        "Startup Cost": 0.0,
                                                        "Total Cost": 2626.12,
                                                        "Plan Rows": 1,
                                                        "Plan Width": 4,
                                                        "Actual Startup Time": 0.065,
                                                        "Actual Total Time": 8.533,
                                                        "Actual Rows": 1,
                                                        "Actual Loops": 1,
                                                        "Output": [
                                                            "k.id",
                                                            "k.keyword",
                                                            "k.phonetic_code"
                                                        ],
                                                        "Filter": "(k.keyword = 'computer-animation'::text)",
                                                        "Rows Removed by Filter": 134169
                                                    },
                                                    {
                                                        "Node Type": "Hash",
                                                        "Parent Relationship": "Inner",
                                                        "Parallel Aware": false,
                                                        "Startup Cost": 40003371744.4,
                                                        "Total Cost": 40003371744.4,
                                                        "Plan Rows": 1,
                                                        "Plan Width": 36,
                                                        "Actual Startup Time": 55578.524,
                                                        "Actual Total Time": 55578.546,
                                                        "Actual Rows": 1620,
                                                        "Actual Loops": 1,
                                                        "Output": [
                                                            "an.person_id",
                                                            "ci.movie_id",
                                                            "ci.person_id",
                                                            "ci.person_role_id",
                                                            "cc.movie_id",
                                                            "mk.movie_id",
                                                            "mk.keyword_id",
                                                            "pi.person_id",
                                                            "t.id"
                                                        ],
                                                        "Hash Buckets": 2048,
                                                        "Original Hash Buckets": 1024,
                                                        "Hash Batches": 1,
                                                        "Original Hash Batches": 1,
                                                        "Peak Memory Usage": 124,
                                                        "Plans": [
                                                            {
                                                                "Node Type": "Hash Join",
                                                                "Parent Relationship": "Outer",
                                                                "Parallel Aware": false,
                                                                "Join Type": "Inner",
                                                                "Startup Cost": 40003291500.72,
                                                                "Total Cost": 40003371744.4,
                                                                "Plan Rows": 1,
                                                                "Plan Width": 36,
                                                                "Actual Startup Time": 55547.041,
                                                                "Actual Total Time": 55578.27,
                                                                "Actual Rows": 1620,
                                                                "Actual Loops": 1,
                                                                "Output": [
                                                                    "an.person_id",
                                                                    "ci.movie_id",
                                                                    "ci.person_id",
                                                                    "ci.person_role_id",
                                                                    "cc.movie_id",
                                                                    "mk.movie_id",
                                                                    "mk.keyword_id",
                                                                    "pi.person_id",
                                                                    "t.id"
                                                                ],
                                                                "Inner Unique": false,
                                                                "Hash Cond": "(t.id = ci.movie_id)",
                                                                "Plans": [
                                                                    {
                                                                        "Node Type": "Seq Scan",
                                                                        "Parent Relationship": "Outer",
                                                                        "Parallel Aware": false,
                                                                        "Relation Name": "title",
                                                                        "Schema": "public",
                                                                        "Alias": "t",
                                                                        "Startup Cost": 0.0,
                                                                        "Total Cost": 80243.64,
                                                                        "Plan Rows": 11,
                                                                        "Plan Width": 4,
                                                                        "Actual Startup Time": 14.292,
                                                                        "Actual Total Time": 276.556,
                                                                        "Actual Rows": 3,
                                                                        "Actual Loops": 1,
                                                                        "Output": [
                                                                            "t.id",
                                                                            "t.title",
                                                                            "t.imdb_index",
                                                                            "t.kind_id",
                                                                            "t.production_year",
                                                                            "t.imdb_id",
                                                                            "t.phonetic_code",
                                                                            "t.episode_of_id",
                                                                            "t.season_nr",
                                                                            "t.episode_nr",
                                                                            "t.series_years",
                                                                            "t.md5sum"
                                                                        ],
                                                                        "Filter": "((t.production_year >= 1994) AND (t.production_year <= 2012) AND (t.title = 'Shrek 2'::text))",
                                                                        "Rows Removed by Filter": 2528309
                                                                    },
                                                                    {
                                                                        "Node Type": "Hash",
                                                                        "Parent Relationship": "Inner",
                                                                        "Parallel Aware": false,
                                                                        "Startup Cost": 40003291481.58,
                                                                        "Total Cost": 40003291481.58,
                                                                        "Plan Rows": 1531,
                                                                        "Plan Width": 32,
                                                                        "Actual Startup Time": 55301.461,
                                                                        "Actual Total Time": 55301.482,
                                                                        "Actual Rows": 113011,
                                                                        "Actual Loops": 1,
                                                                        "Output": [
                                                                            "an.person_id",
                                                                            "ci.movie_id",
                                                                            "ci.person_id",
                                                                            "ci.person_role_id",
                                                                            "cc.movie_id",
                                                                            "mk.movie_id",
                                                                            "mk.keyword_id",
                                                                            "pi.person_id"
                                                                        ],
                                                                        "Hash Buckets": 131072,
                                                                        "Original Hash Buckets": 2048,
                                                                        "Hash Batches": 1,
                                                                        "Original Hash Batches": 1,
                                                                        "Peak Memory Usage": 8068,
                                                                        "Plans": [
                                                                            {
                                                                                "Node Type": "Hash Join",
                                                                                "Parent Relationship": "Outer",
                                                                                "Parallel Aware": false,
                                                                                "Join Type": "Inner",
                                                                                "Startup Cost": 40003291407.27,
                                                                                "Total Cost": 40003291481.58,
                                                                                "Plan Rows": 1531,
                                                                                "Plan Width": 32,
                                                                                "Actual Startup Time": 55261.491,
                                                                                "Actual Total Time": 55285.452,
                                                                                "Actual Rows": 113011,
                                                                                "Actual Loops": 1,
                                                                                "Output": [
                                                                                    "an.person_id",
                                                                                    "ci.movie_id",
                                                                                    "ci.person_id",
                                                                                    "ci.person_role_id",
                                                                                    "cc.movie_id",
                                                                                    "mk.movie_id",
                                                                                    "mk.keyword_id",
                                                                                    "pi.person_id"
                                                                                ],
                                                                                "Inner Unique": false,
                                                                                "Hash Cond": "(it3.id = pi.info_type_id)",
                                                                                "Plans": [
                                                                                    {
                                                                                        "Node Type": "Index Scan",
                                                                                        "Parent Relationship": "Outer",
                                                                                        "Parallel Aware": false,
                                                                                        "Scan Direction": "Forward",
                                                                                        "Index Name": "info_type_pkey",
                                                                                        "Relation Name": "info_type",
                                                                                        "Schema": "public",
                                                                                        "Alias": "it3",
                                                                                        "Startup Cost": 0.14,
                                                                                        "Total Cost": 14.12,
                                                                                        "Plan Rows": 1,
                                                                                        "Plan Width": 4,
                                                                                        "Actual Startup Time": 0.031,
                                                                                        "Actual Total Time": 0.053,
                                                                                        "Actual Rows": 1,
                                                                                        "Actual Loops": 1,
                                                                                        "Output": [
                                                                                            "it3.id",
                                                                                            "it3.info"
                                                                                        ],
                                                                                        "Filter": "((it3.info)::text = 'height'::text)",
                                                                                        "Rows Removed by Filter": 112
                                                                                    },
                                                                                    {
                                                                                        "Node Type": "Hash",
                                                                                        "Parent Relationship": "Inner",
                                                                                        "Parallel Aware": false,
                                                                                        "Startup Cost": 40003289244.92,
                                                                                        "Total Cost": 40003289244.92,
                                                                                        "Plan Rows": 172976,
                                                                                        "Plan Width": 36,
                                                                                        "Actual Startup Time": 55261.216,
                                                                                        "Actual Total Time": 55261.234,
                                                                                        "Actual Rows": 8158601,
                                                                                        "Actual Loops": 1,
                                                                                        "Output": [
                                                                                            "an.person_id",
                                                                                            "ci.movie_id",
                                                                                            "ci.person_id",
                                                                                            "ci.person_role_id",
                                                                                            "cc.movie_id",
                                                                                            "mk.movie_id",
                                                                                            "mk.keyword_id",
                                                                                            "pi.person_id",
                                                                                            "pi.info_type_id"
                                                                                        ],
                                                                                        "Hash Buckets": 8388608,
                                                                                        "Original Hash Buckets": 262144,
                                                                                        "Hash Batches": 1,
                                                                                        "Original Hash Batches": 1,
                                                                                        "Peak Memory Usage": 608149,
                                                                                        "Plans": [
                                                                                            {
                                                                                                "Node Type": "Merge Join",
                                                                                                "Parent Relationship": "Outer",
                                                                                                "Parallel Aware": false,
                                                                                                "Join Type": "Inner",
                                                                                                "Startup Cost": 40003276271.75,
                                                                                                "Total Cost": 40003289244.92,
                                                                                                "Plan Rows": 172976,
                                                                                                "Plan Width": 36,
                                                                                                "Actual Startup Time": 51691.377,
                                                                                                "Actual Total Time": 53909.341,
                                                                                                "Actual Rows": 8158601,
                                                                                                "Actual Loops": 1,
                                                                                                "Output": [
                                                                                                    "an.person_id",
                                                                                                    "ci.movie_id",
                                                                                                    "ci.person_id",
                                                                                                    "ci.person_role_id",
                                                                                                    "cc.movie_id",
                                                                                                    "mk.movie_id",
                                                                                                    "mk.keyword_id",
                                                                                                    "pi.person_id",
                                                                                                    "pi.info_type_id"
                                                                                                ],
                                                                                                "Inner Unique": false,
                                                                                                "Merge Cond": "(ci.role_id = rt.id)",
                                                                                                "Plans": [
                                                                                                    {
                                                                                                        "Node Type": "Sort",
                                                                                                        "Parent Relationship": "Outer",
                                                                                                        "Parallel Aware": false,
                                                                                                        "Startup Cost": 40003276270.59,
                                                                                                        "Total Cost": 40003281459.85,
                                                                                                        "Plan Rows": 2075706,
                                                                                                        "Plan Width": 40,
                                                                                                        "Actual Startup Time": 46868.23,
                                                                                                        "Actual Total Time": 50257.637,
                                                                                                        "Actual Rows": 43582224,
                                                                                                        "Actual Loops": 1,
                                                                                                        "Output": [
                                                                                                            "an.person_id",
                                                                                                            "ci.movie_id",
                                                                                                            "ci.person_id",
                                                                                                            "ci.role_id",
                                                                                                            "ci.person_role_id",
                                                                                                            "cc.movie_id",
                                                                                                            "mk.movie_id",
                                                                                                            "mk.keyword_id",
                                                                                                            "pi.person_id",
                                                                                                            "pi.info_type_id"
                                                                                                        ],
                                                                                                        "Sort Key": [
                                                                                                            "ci.role_id"
                                                                                                        ],
                                                                                                        "Sort Method": "external merge",
                                                                                                        "Sort Space Used": 2138040,
                                                                                                        "Sort Space Type": "Disk",
                                                                                                        "Plans": [
                                                                                                            {
                                                                                                                "Node Type": "Nested Loop",
                                                                                                                "Parent Relationship": "Outer",
                                                                                                                "Parallel Aware": false,
                                                                                                                "Join Type": "Inner",
                                                                                                                "Startup Cost": 40001242691.17,
                                                                                                                "Total Cost": 40003058475.36,
                                                                                                                "Plan Rows": 2075706,
                                                                                                                "Plan Width": 40,
                                                                                                                "Actual Startup Time": 4714.143,
                                                                                                                "Actual Total Time": 30717.441,
                                                                                                                "Actual Rows": 43652089,
                                                                                                                "Actual Loops": 1,
                                                                                                                "Output": [
                                                                                                                    "an.person_id",
                                                                                                                    "ci.movie_id",
                                                                                                                    "ci.person_id",
                                                                                                                    "ci.role_id",
                                                                                                                    "ci.person_role_id",
                                                                                                                    "cc.movie_id",
                                                                                                                    "mk.movie_id",
                                                                                                                    "mk.keyword_id",
                                                                                                                    "pi.person_id",
                                                                                                                    "pi.info_type_id"
                                                                                                                ],
                                                                                                                "Inner Unique": false,
                                                                                                                "Plans": [
                                                                                                                    {
                                                                                                                        "Node Type": "Nested Loop",
                                                                                                                        "Parent Relationship": "Outer",
                                                                                                                        "Parallel Aware": false,
                                                                                                                        "Join Type": "Inner",
                                                                                                                        "Startup Cost": 30001242690.47,
                                                                                                                        "Total Cost": 30002623973.5,
                                                                                                                        "Plan Rows": 82629,
                                                                                                                        "Plan Width": 32,
                                                                                                                        "Actual Startup Time": 4714.093,
                                                                                                                        "Actual Total Time": 11362.13,
                                                                                                                        "Actual Rows": 1070672,
                                                                                                                        "Actual Loops": 1,
                                                                                                                        "Output": [
                                                                                                                            "an.person_id",
                                                                                                                            "ci.movie_id",
                                                                                                                            "ci.person_id",
                                                                                                                            "ci.role_id",
                                                                                                                            "ci.person_role_id",
                                                                                                                            "cc.movie_id",
                                                                                                                            "mk.movie_id",
                                                                                                                            "mk.keyword_id"
                                                                                                                        ],
                                                                                                                        "Inner Unique": true,
                                                                                                                        "Plans": [
                                                                                                                            {
                                                                                                                                "Node Type": "Merge Join",
                                                                                                                                "Parent Relationship": "Outer",
                                                                                                                                "Parallel Aware": false,
                                                                                                                                "Join Type": "Inner",
                                                                                                                                "Startup Cost": 20001242690.33,
                                                                                                                                "Total Cost": 20001250556.54,
                                                                                                                                "Plan Rows": 330521,
                                                                                                                                "Plan Width": 36,
                                                                                                                                "Actual Startup Time": 4714.062,
                                                                                                                                "Actual Total Time": 5628.602,
                                                                                                                                "Actual Rows": 1377697,
                                                                                                                                "Actual Loops": 1,
                                                                                                                                "Output": [
                                                                                                                                    "an.person_id",
                                                                                                                                    "ci.movie_id",
                                                                                                                                    "ci.person_id",
                                                                                                                                    "ci.role_id",
                                                                                                                                    "ci.person_role_id",
                                                                                                                                    "cc.movie_id",
                                                                                                                                    "cc.subject_id",
                                                                                                                                    "mk.movie_id",
                                                                                                                                    "mk.keyword_id"
                                                                                                                                ],
                                                                                                                                "Inner Unique": false,
                                                                                                                                "Merge Cond": "(ci.person_id = an.person_id)",
                                                                                                                                "Plans": [
                                                                                                                                    {
                                                                                                                                        "Node Type": "Sort",
                                                                                                                                        "Parent Relationship": "Outer",
                                                                                                                                        "Parallel Aware": false,
                                                                                                                                        "Startup Cost": 20001133129.89,
                                                                                                                                        "Total Cost": 20001133473.02,
                                                                                                                                        "Plan Rows": 137252,
                                                                                                                                        "Plan Width": 32,
                                                                                                                                        "Actual Startup Time": 4446.079,
                                                                                                                                        "Actual Total Time": 4578.491,
                                                                                                                                        "Actual Rows": 611513,
                                                                                                                                        "Actual Loops": 1,
                                                                                                                                        "Output": [
                                                                                                                                            "cc.movie_id",
                                                                                                                                            "cc.subject_id",
                                                                                                                                            "ci.movie_id",
                                                                                                                                            "ci.person_id",
                                                                                                                                            "ci.role_id",
                                                                                                                                            "ci.person_role_id",
                                                                                                                                            "mk.movie_id",
                                                                                                                                            "mk.keyword_id"
                                                                                                                                        ],
                                                                                                                                        "Sort Key": [
                                                                                                                                            "ci.person_id"
                                                                                                                                        ],
                                                                                                                                        "Sort Method": "quicksort",
                                                                                                                                        "Sort Space Used": 72351,
                                                                                                                                        "Sort Space Type": "Memory",
                                                                                                                                        "Plans": [
                                                                                                                                            {
                                                                                                                                                "Node Type": "Merge Join",
                                                                                                                                                "Parent Relationship": "Outer",
                                                                                                                                                "Parallel Aware": false,
                                                                                                                                                "Join Type": "Inner",
                                                                                                                                                "Startup Cost": 20001094195.83,
                                                                                                                                                "Total Cost": 20001121417.86,
                                                                                                                                                "Plan Rows": 137252,
                                                                                                                                                "Plan Width": 32,
                                                                                                                                                "Actual Startup Time": 4021.953,
                                                                                                                                                "Actual Total Time": 4326.169,
                                                                                                                                                "Actual Rows": 611513,
                                                                                                                                                "Actual Loops": 1,
                                                                                                                                                "Output": [
                                                                                                                                                    "cc.movie_id",
                                                                                                                                                    "cc.subject_id",
                                                                                                                                                    "ci.movie_id",
                                                                                                                                                    "ci.person_id",
                                                                                                                                                    "ci.role_id",
                                                                                                                                                    "ci.person_role_id",
                                                                                                                                                    "mk.movie_id",
                                                                                                                                                    "mk.keyword_id"
                                                                                                                                                ],
                                                                                                                                                "Inner Unique": false,
                                                                                                                                                "Merge Cond": "(mk.movie_id = ci.movie_id)",
                                                                                                                                                "Plans": [
                                                                                                                                                    {
                                                                                                                                                        "Node Type": "Sort",
                                                                                                                                                        "Parent Relationship": "Outer",
                                                                                                                                                        "Parallel Aware": false,
                                                                                                                                                        "Startup Cost": 10000264596.15,
                                                                                                                                                        "Total Cost": 10000268437.79,
                                                                                                                                                        "Plan Rows": 1536657,
                                                                                                                                                        "Plan Width": 16,
                                                                                                                                                        "Actual Startup Time": 856.296,
                                                                                                                                                        "Actual Total Time": 894.703,
                                                                                                                                                        "Actual Rows": 1023805,
                                                                                                                                                        "Actual Loops": 1,
                                                                                                                                                        "Output": [
                                                                                                                                                            "cc.movie_id",
                                                                                                                                                            "cc.subject_id",
                                                                                                                                                            "mk.movie_id",
                                                                                                                                                            "mk.keyword_id"
                                                                                                                                                        ],
                                                                                                                                                        "Sort Key": [
                                                                                                                                                            "cc.movie_id"
                                                                                                                                                        ],
                                                                                                                                                        "Sort Method": "quicksort",
                                                                                                                                                        "Sort Space Used": 72567,
                                                                                                                                                        "Sort Space Type": "Memory",
                                                                                                                                                        "Plans": [
                                                                                                                                                            {
                                                                                                                                                                "Node Type": "Hash Join",
                                                                                                                                                                "Parent Relationship": "Outer",
                                                                                                                                                                "Parallel Aware": false,
                                                                                                                                                                "Join Type": "Inner",
                                                                                                                                                                "Startup Cost": 10000004669.56,
                                                                                                                                                                "Total Cost": 10000106694.16,
                                                                                                                                                                "Plan Rows": 1536657,
                                                                                                                                                                "Plan Width": 16,
                                                                                                                                                                "Actual Startup Time": 32.977,
                                                                                                                                                                "Actual Total Time": 707.981,
                                                                                                                                                                "Actual Rows": 1023805,
                                                                                                                                                                "Actual Loops": 1,
                                                                                                                                                                "Output": [
                                                                                                                                                                    "cc.movie_id",
                                                                                                                                                                    "cc.subject_id",
                                                                                                                                                                    "mk.movie_id",
                                                                                                                                                                    "mk.keyword_id"
                                                                                                                                                                ],
                                                                                                                                                                "Inner Unique": false,
                                                                                                                                                                "Hash Cond": "(mk.movie_id = cc.movie_id)",
                                                                                                                                                                "Plans": [
                                                                                                                                                                    {
                                                                                                                                                                        "Node Type": "Seq Scan",
                                                                                                                                                                        "Parent Relationship": "Outer",
                                                                                                                                                                        "Parallel Aware": false,
                                                                                                                                                                        "Relation Name": "movie_keyword",
                                                                                                                                                                        "Schema": "public",
                                                                                                                                                                        "Alias": "mk",
                                                                                                                                                                        "Startup Cost": 0.0,
                                                                                                                                                                        "Total Cost": 69693.3,
                                                                                                                                                                        "Plan Rows": 4523930,
                                                                                                                                                                        "Plan Width": 8,
                                                                                                                                                                        "Actual Startup Time": 0.014,
                                                                                                                                                                        "Actual Total Time": 292.982,
                                                                                                                                                                        "Actual Rows": 4523930,
                                                                                                                                                                        "Actual Loops": 1,
                                                                                                                                                                        "Output": [
                                                                                                                                                                            "mk.id",
                                                                                                                                                                            "mk.movie_id",
                                                                                                                                                                            "mk.keyword_id"
                                                                                                                                                                        ]
                                                                                                                                                                    },
                                                                                                                                                                    {
                                                                                                                                                                        "Node Type": "Hash",
                                                                                                                                                                        "Parent Relationship": "Inner",
                                                                                                                                                                        "Parallel Aware": false,
                                                                                                                                                                        "Startup Cost": 10000004247.41,
                                                                                                                                                                        "Total Cost": 10000004247.41,
                                                                                                                                                                        "Plan Rows": 33772,
                                                                                                                                                                        "Plan Width": 8,
                                                                                                                                                                        "Actual Startup Time": 32.829,
                                                                                                                                                                        "Actual Total Time": 32.832,
                                                                                                                                                                        "Actual Rows": 24592,
                                                                                                                                                                        "Actual Loops": 1,
                                                                                                                                                                        "Output": [
                                                                                                                                                                            "cc.movie_id",
                                                                                                                                                                            "cc.subject_id"
                                                                                                                                                                        ],
                                                                                                                                                                        "Hash Buckets": 65536,
                                                                                                                                                                        "Original Hash Buckets": 65536,
                                                                                                                                                                        "Hash Batches": 1,
                                                                                                                                                                        "Original Hash Batches": 1,
                                                                                                                                                                        "Peak Memory Usage": 1473,
                                                                                                                                                                        "Plans": [
                                                                                                                                                                            {
                                                                                                                                                                                "Node Type": "Hash Join",
                                                                                                                                                                                "Parent Relationship": "Outer",
                                                                                                                                                                                "Parallel Aware": false,
                                                                                                                                                                                "Join Type": "Inner",
                                                                                                                                                                                "Startup Cost": 10000003770.44,
                                                                                                                                                                                "Total Cost": 10000004247.41,
                                                                                                                                                                                "Plan Rows": 33772,
                                                                                                                                                                                "Plan Width": 8,
                                                                                                                                                                                "Actual Startup Time": 27.071,
                                                                                                                                                                                "Actual Total Time": 29.853,
                                                                                                                                                                                "Actual Rows": 24592,
                                                                                                                                                                                "Actual Loops": 1,
                                                                                                                                                                                "Output": [
                                                                                                                                                                                    "cc.movie_id",
                                                                                                                                                                                    "cc.subject_id"
                                                                                                                                                                                ],
                                                                                                                                                                                "Inner Unique": false,
                                                                                                                                                                                "Hash Cond": "(cct2.id = cc.status_id)",
                                                                                                                                                                                "Plans": [
                                                                                                                                                                                    {
                                                                                                                                                                                        "Node Type": "Seq Scan",
                                                                                                                                                                                        "Parent Relationship": "Outer",
                                                                                                                                                                                        "Parallel Aware": false,
                                                                                                                                                                                        "Relation Name": "comp_cast_type",
                                                                                                                                                                                        "Schema": "public",
                                                                                                                                                                                        "Alias": "cct2",
                                                                                                                                                                                        "Startup Cost": 10000000000.0,
                                                                                                                                                                                        "Total Cost": 10000000001.05,
                                                                                                                                                                                        "Plan Rows": 1,
                                                                                                                                                                                        "Plan Width": 4,
                                                                                                                                                                                        "Actual Startup Time": 0.01,
                                                                                                                                                                                        "Actual Total Time": 0.011,
                                                                                                                                                                                        "Actual Rows": 1,
                                                                                                                                                                                        "Actual Loops": 1,
                                                                                                                                                                                        "Output": [
                                                                                                                                                                                            "cct2.id",
                                                                                                                                                                                            "cct2.kind"
                                                                                                                                                                                        ],
                                                                                                                                                                                        "Filter": "((cct2.kind)::text = 'complete+verified'::text)",
                                                                                                                                                                                        "Rows Removed by Filter": 3
                                                                                                                                                                                    },
                                                                                                                                                                                    {
                                                                                                                                                                                        "Node Type": "Hash",
                                                                                                                                                                                        "Parent Relationship": "Inner",
                                                                                                                                                                                        "Parallel Aware": false,
                                                                                                                                                                                        "Startup Cost": 2081.86,
                                                                                                                                                                                        "Total Cost": 2081.86,
                                                                                                                                                                                        "Plan Rows": 135086,
                                                                                                                                                                                        "Plan Width": 12,
                                                                                                                                                                                        "Actual Startup Time": 26.82,
                                                                                                                                                                                        "Actual Total Time": 26.821,
                                                                                                                                                                                        "Actual Rows": 135086,
                                                                                                                                                                                        "Actual Loops": 1,
                                                                                                                                                                                        "Output": [
                                                                                                                                                                                            "cc.movie_id",
                                                                                                                                                                                            "cc.subject_id",
                                                                                                                                                                                            "cc.status_id"
                                                                                                                                                                                        ],
                                                                                                                                                                                        "Hash Buckets": 262144,
                                                                                                                                                                                        "Original Hash Buckets": 262144,
                                                                                                                                                                                        "Hash Batches": 1,
                                                                                                                                                                                        "Original Hash Batches": 1,
                                                                                                                                                                                        "Peak Memory Usage": 7853,
                                                                                                                                                                                        "Plans": [
                                                                                                                                                                                            {
                                                                                                                                                                                                "Node Type": "Seq Scan",
                                                                                                                                                                                                "Parent Relationship": "Outer",
                                                                                                                                                                                                "Parallel Aware": false,
                                                                                                                                                                                                "Relation Name": "complete_cast",
                                                                                                                                                                                                "Schema": "public",
                                                                                                                                                                                                "Alias": "cc",
                                                                                                                                                                                                "Startup Cost": 0.0,
                                                                                                                                                                                                "Total Cost": 2081.86,
                                                                                                                                                                                                "Plan Rows": 135086,
                                                                                                                                                                                                "Plan Width": 12,
                                                                                                                                                                                                "Actual Startup Time": 0.016,
                                                                                                                                                                                                "Actual Total Time": 13.414,
                                                                                                                                                                                                "Actual Rows": 135086,
                                                                                                                                                                                                "Actual Loops": 1,
                                                                                                                                                                                                "Output": [
                                                                                                                                                                                                    "cc.movie_id",
                                                                                                                                                                                                    "cc.subject_id",
                                                                                                                                                                                                    "cc.status_id"
                                                                                                                                                                                                ]
                                                                                                                                                                                            }
                                                                                                                                                                                        ]
                                                                                                                                                                                    }
                                                                                                                                                                                ]
                                                                                                                                                                            }
                                                                                                                                                                        ]
                                                                                                                                                                    }
                                                                                                                                                                ]
                                                                                                                                                            }
                                                                                                                                                        ]
                                                                                                                                                    },
                                                                                                                                                    {
                                                                                                                                                        "Node Type": "Sort",
                                                                                                                                                        "Parent Relationship": "Inner",
                                                                                                                                                        "Parallel Aware": false,
                                                                                                                                                        "Startup Cost": 10000829598.92,
                                                                                                                                                        "Total Cost": 10000831598.86,
                                                                                                                                                        "Plan Rows": 799978,
                                                                                                                                                        "Plan Width": 16,
                                                                                                                                                        "Actual Startup Time": 3164.493,
                                                                                                                                                        "Actual Total Time": 3256.364,
                                                                                                                                                        "Actual Rows": 1439853,
                                                                                                                                                        "Actual Loops": 1,
                                                                                                                                                        "Output": [
                                                                                                                                                            "ci.movie_id",
                                                                                                                                                            "ci.person_id",
                                                                                                                                                            "ci.role_id",
                                                                                                                                                            "ci.person_role_id"
                                                                                                                                                        ],
                                                                                                                                                        "Sort Key": [
                                                                                                                                                            "ci.movie_id"
                                                                                                                                                        ],
                                                                                                                                                        "Sort Method": "quicksort",
                                                                                                                                                        "Sort Space Used": 63797,
                                                                                                                                                        "Sort Space Type": "Memory",
                                                                                                                                                        "Plans": [
                                                                                                                                                            {
                                                                                                                                                                "Node Type": "Seq Scan",
                                                                                                                                                                "Parent Relationship": "Outer",
                                                                                                                                                                "Parallel Aware": false,
                                                                                                                                                                "Relation Name": "cast_info",
                                                                                                                                                                "Schema": "public",
                                                                                                                                                                "Alias": "ci",
                                                                                                                                                                "Startup Cost": 10000000000.0,
                                                                                                                                                                "Total Cost": 10000751162.67,
                                                                                                                                                                "Plan Rows": 799978,
                                                                                                                                                                "Plan Width": 16,
                                                                                                                                                                "Actual Startup Time": 0.024,
                                                                                                                                                                "Actual Total Time": 2998.35,
                                                                                                                                                                "Actual Rows": 836701,
                                                                                                                                                                "Actual Loops": 1,
                                                                                                                                                                "Output": [
                                                                                                                                                                    "ci.movie_id",
                                                                                                                                                                    "ci.person_id",
                                                                                                                                                                    "ci.role_id",
                                                                                                                                                                    "ci.person_role_id"
                                                                                                                                                                ],
                                                                                                                                                                "Filter": "(ci.note = ANY ('{(voice),\"(voice) (uncredited)\",\"(voice: English version)\"}'::text[]))",
                                                                                                                                                                "Rows Removed by Filter": 35407643
                                                                                                                                                            }
                                                                                                                                                        ]
                                                                                                                                                    }
                                                                                                                                                ]
                                                                                                                                            }
                                                                                                                                        ]
                                                                                                                                    },
                                                                                                                                    {
                                                                                                                                        "Node Type": "Sort",
                                                                                                                                        "Parent Relationship": "Inner",
                                                                                                                                        "Parallel Aware": false,
                                                                                                                                        "Startup Cost": 109559.99,
                                                                                                                                        "Total Cost": 111813.35,
                                                                                                                                        "Plan Rows": 901343,
                                                                                                                                        "Plan Width": 4,
                                                                                                                                        "Actual Startup Time": 267.963,
                                                                                                                                        "Actual Total Time": 569.742,
                                                                                                                                        "Actual Rows": 2136333,
                                                                                                                                        "Actual Loops": 1,
                                                                                                                                        "Output": [
                                                                                                                                            "an.person_id"
                                                                                                                                        ],
                                                                                                                                        "Sort Key": [
                                                                                                                                            "an.person_id"
                                                                                                                                        ],
                                                                                                                                        "Sort Method": "quicksort",
                                                                                                                                        "Sort Space Used": 66827,
                                                                                                                                        "Sort Space Type": "Memory",
                                                                                                                                        "Plans": [
                                                                                                                                            {
                                                                                                                                                "Node Type": "Seq Scan",
                                                                                                                                                "Parent Relationship": "Outer",
                                                                                                                                                "Parallel Aware": false,
                                                                                                                                                "Relation Name": "aka_name",
                                                                                                                                                "Schema": "public",
                                                                                                                                                "Alias": "an",
                                                                                                                                                "Startup Cost": 0.0,
                                                                                                                                                "Total Cost": 20409.43,
                                                                                                                                                "Plan Rows": 901343,
                                                                                                                                                "Plan Width": 4,
                                                                                                                                                "Actual Startup Time": 0.02,
                                                                                                                                                "Actual Total Time": 89.173,
                                                                                                                                                "Actual Rows": 901343,
                                                                                                                                                "Actual Loops": 1,
                                                                                                                                                "Output": [
                                                                                                                                                    "an.person_id"
                                                                                                                                                ]
                                                                                                                                            }
                                                                                                                                        ]
                                                                                                                                    }
                                                                                                                                ]
                                                                                                                            },
                                                                                                                            {
                                                                                                                                "Node Type": "Bitmap Heap Scan",
                                                                                                                                "Parent Relationship": "Inner",
                                                                                                                                "Parallel Aware": false,
                                                                                                                                "Relation Name": "comp_cast_type",
                                                                                                                                "Schema": "public",
                                                                                                                                "Alias": "cct1",
                                                                                                                                "Startup Cost": 0.14,
                                                                                                                                "Total Cost": 4.15,
                                                                                                                                "Plan Rows": 1,
                                                                                                                                "Plan Width": 4,
                                                                                                                                "Actual Startup Time": 0.002,
                                                                                                                                "Actual Total Time": 0.002,
                                                                                                                                "Actual Rows": 1,
                                                                                                                                "Actual Loops": 1377697,
                                                                                                                                "Output": [
                                                                                                                                    "cct1.id",
                                                                                                                                    "cct1.kind"
                                                                                                                                ],
                                                                                                                                "Recheck Cond": "(cct1.id = cc.subject_id)",
                                                                                                                                "Rows Removed by Index Recheck": 0,
                                                                                                                                "Filter": "((cct1.kind)::text = 'cast'::text)",
                                                                                                                                "Rows Removed by Filter": 0,
                                                                                                                                "Exact Heap Blocks": 1377697,
                                                                                                                                "Lossy Heap Blocks": 0,
                                                                                                                                "Plans": [
                                                                                                                                    {
                                                                                                                                        "Node Type": "Bitmap Index Scan",
                                                                                                                                        "Parent Relationship": "Outer",
                                                                                                                                        "Parallel Aware": false,
                                                                                                                                        "Index Name": "comp_cast_type_pkey",
                                                                                                                                        "Startup Cost": 0.0,
                                                                                                                                        "Total Cost": 0.14,
                                                                                                                                        "Plan Rows": 1,
                                                                                                                                        "Plan Width": 0,
                                                                                                                                        "Actual Startup Time": 0.001,
                                                                                                                                        "Actual Total Time": 0.001,
                                                                                                                                        "Actual Rows": 1,
                                                                                                                                        "Actual Loops": 1377697,
                                                                                                                                        "Index Cond": "(cct1.id = cc.subject_id)"
                                                                                                                                    }
                                                                                                                                ]
                                                                                                                            }
                                                                                                                        ]
                                                                                                                    },
                                                                                                                    {
                                                                                                                        "Node Type": "Bitmap Heap Scan",
                                                                                                                        "Parent Relationship": "Inner",
                                                                                                                        "Parallel Aware": false,
                                                                                                                        "Relation Name": "person_info",
                                                                                                                        "Schema": "public",
                                                                                                                        "Alias": "pi",
                                                                                                                        "Startup Cost": 0.7,
                                                                                                                        "Total Cost": 5.01,
                                                                                                                        "Plan Rows": 25,
                                                                                                                        "Plan Width": 8,
                                                                                                                        "Actual Startup Time": 0.009,
                                                                                                                        "Actual Total Time": 0.012,
                                                                                                                        "Actual Rows": 41,
                                                                                                                        "Actual Loops": 1070672,
                                                                                                                        "Output": [
                                                                                                                            "pi.id",
                                                                                                                            "pi.person_id",
                                                                                                                            "pi.info_type_id",
                                                                                                                            "pi.info",
                                                                                                                            "pi.note"
                                                                                                                        ],
                                                                                                                        "Recheck Cond": "(pi.person_id = ci.person_id)",
                                                                                                                        "Rows Removed by Index Recheck": 0,
                                                                                                                        "Exact Heap Blocks": 2489480,
                                                                                                                        "Lossy Heap Blocks": 0,
                                                                                                                        "Plans": [
                                                                                                                            {
                                                                                                                                "Node Type": "Bitmap Index Scan",
                                                                                                                                "Parent Relationship": "Outer",
                                                                                                                                "Parallel Aware": false,
                                                                                                                                "Index Name": "person_id_person_info",
                                                                                                                                "Startup Cost": 0.0,
                                                                                                                                "Total Cost": 0.69,
                                                                                                                                "Plan Rows": 25,
                                                                                                                                "Plan Width": 0,
                                                                                                                                "Actual Startup Time": 0.008,
                                                                                                                                "Actual Total Time": 0.008,
                                                                                                                                "Actual Rows": 41,
                                                                                                                                "Actual Loops": 1070672,
                                                                                                                                "Index Cond": "(pi.person_id = ci.person_id)"
                                                                                                                            }
                                                                                                                        ]
                                                                                                                    }
                                                                                                                ]
                                                                                                            }
                                                                                                        ]
                                                                                                    },
                                                                                                    {
                                                                                                        "Node Type": "Materialize",
                                                                                                        "Parent Relationship": "Inner",
                                                                                                        "Parallel Aware": false,
                                                                                                        "Startup Cost": 1.16,
                                                                                                        "Total Cost": 1.17,
                                                                                                        "Plan Rows": 1,
                                                                                                        "Plan Width": 4,
                                                                                                        "Actual Startup Time": 0.057,
                                                                                                        "Actual Total Time": 263.373,
                                                                                                        "Actual Rows": 1,
                                                                                                        "Actual Loops": 1,
                                                                                                        "Output": [
                                                                                                            "rt.id"
                                                                                                        ],
                                                                                                        "Plans": [
                                                                                                            {
                                                                                                                "Node Type": "Sort",
                                                                                                                "Parent Relationship": "Outer",
                                                                                                                "Parallel Aware": false,
                                                                                                                "Startup Cost": 1.16,
                                                                                                                "Total Cost": 1.16,
                                                                                                                "Plan Rows": 1,
                                                                                                                "Plan Width": 4,
                                                                                                                "Actual Startup Time": 0.049,
                                                                                                                "Actual Total Time": 0.051,
                                                                                                                "Actual Rows": 1,
                                                                                                                "Actual Loops": 1,
                                                                                                                "Output": [
                                                                                                                    "rt.id"
                                                                                                                ],
                                                                                                                "Sort Key": [
                                                                                                                    "rt.id"
                                                                                                                ],
                                                                                                                "Sort Method": "quicksort",
                                                                                                                "Sort Space Used": 25,
                                                                                                                "Sort Space Type": "Memory",
                                                                                                                "Plans": [
                                                                                                                    {
                                                                                                                        "Node Type": "Seq Scan",
                                                                                                                        "Parent Relationship": "Outer",
                                                                                                                        "Parallel Aware": false,
                                                                                                                        "Relation Name": "role_type",
                                                                                                                        "Schema": "public",
                                                                                                                        "Alias": "rt",
                                                                                                                        "Startup Cost": 0.0,
                                                                                                                        "Total Cost": 1.15,
                                                                                                                        "Plan Rows": 1,
                                                                                                                        "Plan Width": 4,
                                                                                                                        "Actual Startup Time": 0.024,
                                                                                                                        "Actual Total Time": 0.026,
                                                                                                                        "Actual Rows": 1,
                                                                                                                        "Actual Loops": 1,
                                                                                                                        "Output": [
                                                                                                                            "rt.id"
                                                                                                                        ],
                                                                                                                        "Filter": "((rt.role)::text = 'actress'::text)",
                                                                                                                        "Rows Removed by Filter": 11
                                                                                                                    }
                                                                                                                ]
                                                                                                            }
                                                                                                        ]
                                                                                                    }
                                                                                                ]
                                                                                            }
                                                                                        ]
                                                                                    }
                                                                                ]
                                                                            }
                                                                        ]
                                                                    }
                                                                ]
                                                            }
                                                        ]
                                                    }
                                                ]
                                            },
                                            {
                                                "Node Type": "Index Scan",
                                                "Parent Relationship": "Inner",
                                                "Parallel Aware": false,
                                                "Scan Direction": "Forward",
                                                "Index Name": "name_pkey",
                                                "Relation Name": "name",
                                                "Schema": "public",
                                                "Alias": "n",
                                                "Startup Cost": 0.43,
                                                "Total Cost": 0.55,
                                                "Plan Rows": 1,
                                                "Plan Width": 4,
                                                "Actual Startup Time": 0.007,
                                                "Actual Total Time": 0.007,
                                                "Actual Rows": 0,
                                                "Actual Loops": 15,
                                                "Output": [
                                                    "n.id",
                                                    "n.name",
                                                    "n.imdb_index",
                                                    "n.imdb_id",
                                                    "n.gender",
                                                    "n.name_pcode_cf",
                                                    "n.name_pcode_nf",
                                                    "n.surname_pcode",
                                                    "n.md5sum"
                                                ],
                                                "Index Cond": "(n.id = pi.person_id)",
                                                "Rows Removed by Index Recheck": 0,
                                                "Filter": "((n.name ~~ '%An%'::text) AND ((n.gender)::text = 'f'::text))",
                                                "Rows Removed by Filter": 1
                                            }
                                        ]
                                    },
                                    {
                                        "Node Type": "Hash",
                                        "Parent Relationship": "Inner",
                                        "Parallel Aware": false,
                                        "Startup Cost": 1338311.22,
                                        "Total Cost": 1338311.22,
                                        "Plan Rows": 7850,
                                        "Plan Width": 8,
                                        "Actual Startup Time": 4883.564,
                                        "Actual Total Time": 4891.901,
                                        "Actual Rows": 382603,
                                        "Actual Loops": 1,
                                        "Output": [
                                            "mc.movie_id",
                                            "mi.movie_id"
                                        ],
                                        "Hash Buckets": 524288,
                                        "Original Hash Buckets": 8192,
                                        "Hash Batches": 1,
                                        "Original Hash Batches": 1,
                                        "Peak Memory Usage": 19042,
                                        "Plans": [
                                            {
                                                "Node Type": "Gather",
                                                "Parent Relationship": "Outer",
                                                "Parallel Aware": false,
                                                "Startup Cost": 1326285.52,
                                                "Total Cost": 1338311.22,
                                                "Plan Rows": 7850,
                                                "Plan Width": 8,
                                                "Actual Startup Time": 4730.896,
                                                "Actual Total Time": 4854.028,
                                                "Actual Rows": 382603,
                                                "Actual Loops": 1,
                                                "Output": [
                                                    "mc.movie_id",
                                                    "mi.movie_id"
                                                ],
                                                "Workers Planned": 1,
                                                "Workers Launched": 1,
                                                "Single Copy": false,
                                                "Plans": [
                                                    {
                                                        "Node Type": "Hash Join",
                                                        "Parent Relationship": "Outer",
                                                        "Parallel Aware": true,
                                                        "Join Type": "Inner",
                                                        "Startup Cost": 1325285.52,
                                                        "Total Cost": 1336526.22,
                                                        "Plan Rows": 4618,
                                                        "Plan Width": 8,
                                                        "Actual Startup Time": 4724.88,
                                                        "Actual Total Time": 4783.466,
                                                        "Actual Rows": 191302,
                                                        "Actual Loops": 2,
                                                        "Output": [
                                                            "mc.movie_id",
                                                            "mi.movie_id"
                                                        ],
                                                        "Inner Unique": false,
                                                        "Hash Cond": "(cn.id = mc.company_id)",
                                                        "Workers": [
                                                            {
                                                                "Worker Number": 0,
                                                                "Actual Startup Time": 4719.227,
                                                                "Actual Total Time": 4792.617,
                                                                "Actual Rows": 235154,
                                                                "Actual Loops": 1
                                                            }
                                                        ],
                                                        "Plans": [
                                                            {
                                                                "Node Type": "Seq Scan",
                                                                "Parent Relationship": "Outer",
                                                                "Parallel Aware": true,
                                                                "Relation Name": "company_name",
                                                                "Schema": "public",
                                                                "Alias": "cn",
                                                                "Startup Cost": 0.0,
                                                                "Total Cost": 4722.92,
                                                                "Plan Rows": 49589,
                                                                "Plan Width": 4,
                                                                "Actual Startup Time": 0.023,
                                                                "Actual Total Time": 15.51,
                                                                "Actual Rows": 42422,
                                                                "Actual Loops": 2,
                                                                "Output": [
                                                                    "cn.id",
                                                                    "cn.name",
                                                                    "cn.country_code",
                                                                    "cn.imdb_id",
                                                                    "cn.name_pcode_nf",
                                                                    "cn.name_pcode_sf",
                                                                    "cn.md5sum"
                                                                ],
                                                                "Filter": "((cn.country_code)::text = '[us]'::text)",
                                                                "Rows Removed by Filter": 75077,
                                                                "Workers": [
                                                                    {
                                                                        "Worker Number": 0,
                                                                        "Actual Startup Time": 0.026,
                                                                        "Actual Total Time": 19.789,
                                                                        "Actual Rows": 50584,
                                                                        "Actual Loops": 1
                                                                    }
                                                                ]
                                                            },
                                                            {
                                                                "Node Type": "Hash",
                                                                "Parent Relationship": "Inner",
                                                                "Parallel Aware": true,
                                                                "Startup Cost": 1325230.82,
                                                                "Total Cost": 1325230.82,
                                                                "Plan Rows": 4376,
                                                                "Plan Width": 12,
                                                                "Actual Startup Time": 4724.221,
                                                                "Actual Total Time": 4724.233,
                                                                "Actual Rows": 358396,
                                                                "Actual Loops": 2,
                                                                "Output": [
                                                                    "mi.movie_id",
                                                                    "mc.movie_id",
                                                                    "mc.company_id"
                                                                ],
                                                                "Hash Buckets": 1048576,
                                                                "Original Hash Buckets": 32768,
                                                                "Hash Batches": 1,
                                                                "Original Hash Batches": 1,
                                                                "Peak Memory Usage": 49792,
                                                                "Workers": [
                                                                    {
                                                                        "Worker Number": 0,
                                                                        "Actual Startup Time": 4718.721,
                                                                        "Actual Total Time": 4718.726,
                                                                        "Actual Rows": 258350,
                                                                        "Actual Loops": 1
                                                                    }
                                                                ],
                                                                "Plans": [
                                                                    {
                                                                        "Node Type": "Merge Join",
                                                                        "Parent Relationship": "Outer",
                                                                        "Parallel Aware": false,
                                                                        "Join Type": "Inner",
                                                                        "Startup Cost": 1312137.53,
                                                                        "Total Cost": 1325230.82,
                                                                        "Plan Rows": 4376,
                                                                        "Plan Width": 12,
                                                                        "Actual Startup Time": 3837.166,
                                                                        "Actual Total Time": 4341.626,
                                                                        "Actual Rows": 358396,
                                                                        "Actual Loops": 2,
                                                                        "Output": [
                                                                            "mi.movie_id",
                                                                            "mc.movie_id",
                                                                            "mc.company_id"
                                                                        ],
                                                                        "Inner Unique": false,
                                                                        "Merge Cond": "(mi.movie_id = mc.movie_id)",
                                                                        "Workers": [
                                                                            {
                                                                                "Worker Number": 0,
                                                                                "Actual Startup Time": 4049.177,
                                                                                "Actual Total Time": 4531.534,
                                                                                "Actual Rows": 258350,
                                                                                "Actual Loops": 1
                                                                            }
                                                                        ],
                                                                        "Plans": [
                                                                            {
                                                                                "Node Type": "Sort",
                                                                                "Parent Relationship": "Outer",
                                                                                "Parallel Aware": false,
                                                                                "Startup Cost": 903051.43,
                                                                                "Total Cost": 903053.46,
                                                                                "Plan Rows": 812,
                                                                                "Plan Width": 4,
                                                                                "Actual Startup Time": 1652.783,
                                                                                "Actual Total Time": 1664.257,
                                                                                "Actual Rows": 193804,
                                                                                "Actual Loops": 2,
                                                                                "Output": [
                                                                                    "mi.movie_id"
                                                                                ],
                                                                                "Sort Key": [
                                                                                    "mi.movie_id"
                                                                                ],
                                                                                "Sort Method": "quicksort",
                                                                                "Sort Space Used": 17666,
                                                                                "Sort Space Type": "Memory",
                                                                                "Workers": [
                                                                                    {
                                                                                        "Worker Number": 0,
                                                                                        "Actual Startup Time": 1646.635,
                                                                                        "Actual Total Time": 1654.955,
                                                                                        "Actual Rows": 141819,
                                                                                        "Actual Loops": 1
                                                                                    }
                                                                                ],
                                                                                "Plans": [
                                                                                    {
                                                                                        "Node Type": "Merge Join",
                                                                                        "Parent Relationship": "Outer",
                                                                                        "Parallel Aware": false,
                                                                                        "Join Type": "Inner",
                                                                                        "Startup Cost": 2.86,
                                                                                        "Total Cost": 903012.19,
                                                                                        "Plan Rows": 812,
                                                                                        "Plan Width": 4,
                                                                                        "Actual Startup Time": 934.89,
                                                                                        "Actual Total Time": 1609.905,
                                                                                        "Actual Rows": 193810,
                                                                                        "Actual Loops": 2,
                                                                                        "Output": [
                                                                                            "mi.movie_id"
                                                                                        ],
                                                                                        "Inner Unique": false,
                                                                                        "Merge Cond": "(mi.info_type_id = it.id)",
                                                                                        "Workers": [
                                                                                            {
                                                                                                "Worker Number": 0,
                                                                                                "Actual Startup Time": 929.234,
                                                                                                "Actual Total Time": 1599.669,
                                                                                                "Actual Rows": 141819,
                                                                                                "Actual Loops": 1
                                                                                            }
                                                                                        ],
                                                                                        "Plans": [
                                                                                            {
                                                                                                "Node Type": "Index Scan",
                                                                                                "Parent Relationship": "Outer",
                                                                                                "Parallel Aware": true,
                                                                                                "Scan Direction": "Forward",
                                                                                                "Index Name": "info_type_id_movie_info",
                                                                                                "Relation Name": "movie_info",
                                                                                                "Schema": "public",
                                                                                                "Alias": "mi",
                                                                                                "Startup Cost": 0.43,
                                                                                                "Total Cost": 902768.22,
                                                                                                "Plan Rows": 91744,
                                                                                                "Plan Width": 8,
                                                                                                "Actual Startup Time": 20.511,
                                                                                                "Actual Total Time": 1570.3,
                                                                                                "Actual Rows": 193842,
                                                                                                "Actual Loops": 2,
                                                                                                "Output": [
                                                                                                    "mi.id",
                                                                                                    "mi.movie_id",
                                                                                                    "mi.info_type_id",
                                                                                                    "mi.info",
                                                                                                    "mi.note"
                                                                                                ],
                                                                                                "Filter": "(mi.info ~~ 'USA:%200%'::text)",
                                                                                                "Rows Removed by Filter": 7224018,
                                                                                                "Workers": [
                                                                                                    {
                                                                                                        "Worker Number": 0,
                                                                                                        "Actual Startup Time": 36.41,
                                                                                                        "Actual Total Time": 1561.178,
                                                                                                        "Actual Rows": 141831,
                                                                                                        "Actual Loops": 1
                                                                                                    }
                                                                                                ]
                                                                                            },
                                                                                            {
                                                                                                "Node Type": "Materialize",
                                                                                                "Parent Relationship": "Inner",
                                                                                                "Parallel Aware": false,
                                                                                                "Startup Cost": 2.42,
                                                                                                "Total Cost": 2.43,
                                                                                                "Plan Rows": 1,
                                                                                                "Plan Width": 4,
                                                                                                "Actual Startup Time": 0.059,
                                                                                                "Actual Total Time": 8.06,
                                                                                                "Actual Rows": 1,
                                                                                                "Actual Loops": 2,
                                                                                                "Output": [
                                                                                                    "it.id"
                                                                                                ],
                                                                                                "Workers": [
                                                                                                    {
                                                                                                        "Worker Number": 0,
                                                                                                        "Actual Startup Time": 0.089,
                                                                                                        "Actual Total Time": 7.428,
                                                                                                        "Actual Rows": 1,
                                                                                                        "Actual Loops": 1
                                                                                                    }
                                                                                                ],
                                                                                                "Plans": [
                                                                                                    {
                                                                                                        "Node Type": "Sort",
                                                                                                        "Parent Relationship": "Outer",
                                                                                                        "Parallel Aware": false,
                                                                                                        "Startup Cost": 2.42,
                                                                                                        "Total Cost": 2.43,
                                                                                                        "Plan Rows": 1,
                                                                                                        "Plan Width": 4,
                                                                                                        "Actual Startup Time": 0.052,
                                                                                                        "Actual Total Time": 0.054,
                                                                                                        "Actual Rows": 1,
                                                                                                        "Actual Loops": 2,
                                                                                                        "Output": [
                                                                                                            "it.id"
                                                                                                        ],
                                                                                                        "Sort Key": [
                                                                                                            "it.id"
                                                                                                        ],
                                                                                                        "Sort Method": "quicksort",
                                                                                                        "Sort Space Used": 25,
                                                                                                        "Sort Space Type": "Memory",
                                                                                                        "Workers": [
                                                                                                            {
                                                                                                                "Worker Number": 0,
                                                                                                                "Actual Startup Time": 0.079,
                                                                                                                "Actual Total Time": 0.081,
                                                                                                                "Actual Rows": 1,
                                                                                                                "Actual Loops": 1
                                                                                                            }
                                                                                                        ],
                                                                                                        "Plans": [
                                                                                                            {
                                                                                                                "Node Type": "Seq Scan",
                                                                                                                "Parent Relationship": "Outer",
                                                                                                                "Parallel Aware": false,
                                                                                                                "Relation Name": "info_type",
                                                                                                                "Schema": "public",
                                                                                                                "Alias": "it",
                                                                                                                "Startup Cost": 0.0,
                                                                                                                "Total Cost": 2.41,
                                                                                                                "Plan Rows": 1,
                                                                                                                "Plan Width": 4,
                                                                                                                "Actual Startup Time": 0.033,
                                                                                                                "Actual Total Time": 0.039,
                                                                                                                "Actual Rows": 1,
                                                                                                                "Actual Loops": 2,
                                                                                                                "Output": [
                                                                                                                    "it.id"
                                                                                                                ],
                                                                                                                "Filter": "((it.info)::text = 'release dates'::text)",
                                                                                                                "Rows Removed by Filter": 112,
                                                                                                                "Workers": [
                                                                                                                    {
                                                                                                                        "Worker Number": 0,
                                                                                                                        "Actual Startup Time": 0.052,
                                                                                                                        "Actual Total Time": 0.059,
                                                                                                                        "Actual Rows": 1,
                                                                                                                        "Actual Loops": 1
                                                                                                                    }
                                                                                                                ]
                                                                                                            }
                                                                                                        ]
                                                                                                    }
                                                                                                ]
                                                                                            }
                                                                                        ]
                                                                                    }
                                                                                ]
                                                                            },
                                                                            {
                                                                                "Node Type": "Sort",
                                                                                "Parent Relationship": "Inner",
                                                                                "Parallel Aware": false,
                                                                                "Startup Cost": 409085.91,
                                                                                "Total Cost": 415608.74,
                                                                                "Plan Rows": 2609129,
                                                                                "Plan Width": 8,
                                                                                "Actual Startup Time": 2184.347,
                                                                                "Actual Total Time": 2450.524,
                                                                                "Actual Rows": 2731238,
                                                                                "Actual Loops": 2,
                                                                                "Output": [
                                                                                    "mc.movie_id",
                                                                                    "mc.company_id"
                                                                                ],
                                                                                "Sort Key": [
                                                                                    "mc.movie_id"
                                                                                ],
                                                                                "Sort Method": "quicksort",
                                                                                "Sort Space Used": 220607,
                                                                                "Sort Space Type": "Memory",
                                                                                "Workers": [
                                                                                    {
                                                                                        "Worker Number": 0,
                                                                                        "Actual Startup Time": 2402.527,
                                                                                        "Actual Total Time": 2662.786,
                                                                                        "Actual Rows": 2697130,
                                                                                        "Actual Loops": 1
                                                                                    }
                                                                                ],
                                                                                "Plans": [
                                                                                    {
                                                                                        "Node Type": "Index Scan",
                                                                                        "Parent Relationship": "Outer",
                                                                                        "Parallel Aware": false,
                                                                                        "Scan Direction": "Forward",
                                                                                        "Index Name": "company_id_movie_companies",
                                                                                        "Relation Name": "movie_companies",
                                                                                        "Schema": "public",
                                                                                        "Alias": "mc",
                                                                                        "Startup Cost": 0.43,
                                                                                        "Total Cost": 131016.21,
                                                                                        "Plan Rows": 2609129,
                                                                                        "Plan Width": 8,
                                                                                        "Actual Startup Time": 0.066,
                                                                                        "Actual Total Time": 1482.693,
                                                                                        "Actual Rows": 2609129,
                                                                                        "Actual Loops": 2,
                                                                                        "Output": [
                                                                                            "mc.movie_id",
                                                                                            "mc.company_id"
                                                                                        ],
                                                                                        "Workers": [
                                                                                            {
                                                                                                "Worker Number": 0,
                                                                                                "Actual Startup Time": 0.115,
                                                                                                "Actual Total Time": 1561.344,
                                                                                                "Actual Rows": 2609129,
                                                                                                "Actual Loops": 1
                                                                                            }
                                                                                        ]
                                                                                    }
                                                                                ]
                                                                            }
                                                                        ]
                                                                    }
                                                                ]
                                                            }
                                                        ]
                                                    }
                                                ]
                                            }
                                        ]
                                    }
                                ]
                            }
                        ]
                    }
                ]
            }
        ]
    },
    "Planning Time": 1949.511,
    "Triggers": [],
    "Execution Time": 60864.663
}