[
  {
    "Plan": {
      "Node Type": "Aggregate",
      "Strategy": "Plain",
      "Partial Mode": "Finalize",
      "Parallel Aware": false,
      "Startup Cost": 564580.64,
      "Total Cost": 564580.65,
      "Plan Rows": 1,
      "Plan Width": 128,
      "Actual Startup Time": 3426.978,
      "Actual Total Time": 3568.387,
      "Actual Rows": 1,
      "Actual Loops": 1,
      "Plans": [
        {
          "Node Type": "Gather",
          "Parent Relationship": "Outer",
          "Parallel Aware": false,
          "Startup Cost": 564580.3,
          "Total Cost": 564580.61,
          "Plan Rows": 3,
          "Plan Width": 128,
          "Actual Startup Time": 3407.832,
          "Actual Total Time": 3568.372,
          "Actual Rows": 4,
          "Actual Loops": 1,
          "Workers Planned": 3,
          "Workers Launched": 3,
          "Single Copy": false,
          "Plans": [
            {
              "Node Type": "Aggregate",
              "Strategy": "Plain",
              "Partial Mode": "Partial",
              "Parent Relationship": "Outer",
              "Parallel Aware": false,
              "Startup Cost": 563580.3,
              "Total Cost": 563580.31,
              "Plan Rows": 1,
              "Plan Width": 128,
              "Actual Startup Time": 3393.506,
              "Actual Total Time": 3393.526,
              "Actual Rows": 1,
              "Actual Loops": 4,
              "Plans": [
                {
                  "Node Type": "Hash Join",
                  "Parent Relationship": "Outer",
                  "Parallel Aware": true,
                  "Join Type": "Inner",
                  "Startup Cost": 547721.36,
                  "Total Cost": 563128.69,
                  "Plan Rows": 45161,
                  "Plan Width": 64,
                  "Actual Startup Time": 3233.495,
                  "Actual Total Time": 3364.413,
                  "Actual Rows": 224408,
                  "Actual Loops": 4,
                  "Inner Unique": false,
                  "Hash Cond": "(an.person_id = n.id)",
                  "Plans": [
                    {
                      "Node Type": "Seq Scan",
                      "Parent Relationship": "Outer",
                      "Parallel Aware": true,
                      "Relation Name": "aka_name",
                      "Alias": "an",
                      "Startup Cost": 0.0,
                      "Total Cost": 14303.56,
                      "Plan Rows": 290756,
                      "Plan Width": 20,
                      "Actual Startup Time": 0.059,
                      "Actual Total Time": 36.821,
                      "Actual Rows": 225336,
                      "Actual Loops": 4
                    },
                    {
                      "Node Type": "Hash",
                      "Parent Relationship": "Inner",
                      "Parallel Aware": true,
                      "Startup Cost": 547480.62,
                      "Total Cost": 547480.62,
                      "Plan Rows": 19259,
                      "Plan Width": 56,
                      "Actual Startup Time": 3229.128,
                      "Actual Total Time": 3229.147,
                      "Actual Rows": 154109,
                      "Actual Loops": 4,
                      "Hash Buckets": 1048576,
                      "Original Hash Buckets": 65536,
                      "Hash Batches": 1,
                      "Original Hash Batches": 1,
                      "Peak Memory Usage": 72768,
                      "Plans": [
                        {
                          "Node Type": "Hash Join",
                          "Parent Relationship": "Outer",
                          "Parallel Aware": true,
                          "Join Type": "Inner",
                          "Startup Cost": 516871.78,
                          "Total Cost": 547480.62,
                          "Plan Rows": 19259,
                          "Plan Width": 56,
                          "Actual Startup Time": 2822.717,
                          "Actual Total Time": 3097.565,
                          "Actual Rows": 154109,
                          "Actual Loops": 4,
                          "Inner Unique": false,
                          "Hash Cond": "(mc.movie_id = ci.movie_id)",
                          "Plans": [
                            {
                              "Node Type": "Hash Join",
                              "Parent Relationship": "Outer",
                              "Parallel Aware": true,
                              "Join Type": "Inner",
                              "Startup Cost": 5349.63,
                              "Total Cost": 34765.57,
                              "Plan Rows": 305267,
                              "Plan Width": 4,
                              "Actual Startup Time": 17.877,
                              "Actual Total Time": 197.939,
                              "Actual Rows": 288450,
                              "Actual Loops": 4,
                              "Inner Unique": true,
                              "Hash Cond": "(mc.company_id = cn.id)",
                              "Plans": [
                                {
                                  "Node Type": "Seq Scan",
                                  "Parent Relationship": "Outer",
                                  "Parallel Aware": true,
                                  "Relation Name": "movie_companies",
                                  "Alias": "mc",
                                  "Startup Cost": 0.0,
                                  "Total Cost": 27206.55,
                                  "Plan Rows": 841655,
                                  "Plan Width": 8,
                                  "Actual Startup Time": 0.025,
                                  "Actual Total Time": 68.957,
                                  "Actual Rows": 652282,
                                  "Actual Loops": 4
                                },
                                {
                                  "Node Type": "Hash",
                                  "Parent Relationship": "Inner",
                                  "Parallel Aware": true,
                                  "Startup Cost": 4722.92,
                                  "Total Cost": 4722.92,
                                  "Plan Rows": 50137,
                                  "Plan Width": 4,
                                  "Actual Startup Time": 17.36,
                                  "Actual Total Time": 17.361,
                                  "Actual Rows": 21211,
                                  "Actual Loops": 4,
                                  "Hash Buckets": 131072,
                                  "Original Hash Buckets": 131072,
                                  "Hash Batches": 1,
                                  "Original Hash Batches": 1,
                                  "Peak Memory Usage": 4416,
                                  "Plans": [
                                    {
                                      "Node Type": "Seq Scan",
                                      "Parent Relationship": "Outer",
                                      "Parallel Aware": true,
                                      "Relation Name": "company_name",
                                      "Alias": "cn",
                                      "Startup Cost": 0.0,
                                      "Total Cost": 4722.92,
                                      "Plan Rows": 50137,
                                      "Plan Width": 4,
                                      "Actual Startup Time": 0.022,
                                      "Actual Total Time": 10.796,
                                      "Actual Rows": 21211,
                                      "Actual Loops": 4,
                                      "Filter": "((country_code)::text = '[us]'::text)",
                                      "Rows Removed by Filter": 37538
                                    }
                                  ]
                                }
                              ]
                            },
                            {
                              "Node Type": "Hash",
                              "Parent Relationship": "Inner",
                              "Parallel Aware": true,
                              "Startup Cost": 511313.86,
                              "Total Cost": 511313.86,
                              "Plan Rows": 16663,
                              "Plan Width": 64,
                              "Actual Startup Time": 2803.703,
                              "Actual Total Time": 2803.714,
                              "Actual Rows": 90368,
                              "Actual Loops": 4,
                              "Hash Buckets": 524288,
                              "Original Hash Buckets": 131072,
                              "Hash Batches": 1,
                              "Original Hash Batches": 1,
                              "Peak Memory Usage": 43872,
                              "Plans": [
                                {
                                  "Node Type": "Hash Join",
                                  "Parent Relationship": "Outer",
                                  "Parallel Aware": true,
                                  "Join Type": "Inner",
                                  "Startup Cost": 466597.42,
                                  "Total Cost": 511313.86,
                                  "Plan Rows": 16663,
                                  "Plan Width": 64,
                                  "Actual Startup Time": 2470.528,
                                  "Actual Total Time": 2725.995,
                                  "Actual Rows": 90368,
                                  "Actual Loops": 4,
                                  "Inner Unique": false,
                                  "Hash Cond": "(t.id = ci.movie_id)",
                                  "Plans": [
                                    {
                                      "Node Type": "Seq Scan",
                                      "Parent Relationship": "Outer",
                                      "Parallel Aware": true,
                                      "Relation Name": "title",
                                      "Alias": "t",
                                      "Startup Cost": 0.0,
                                      "Total Cost": 42318.49,
                                      "Plan Rows": 632049,
                                      "Plan Width": 21,
                                      "Actual Startup Time": 0.029,
                                      "Actual Total Time": 93.823,
                                      "Actual Rows": 632078,
                                      "Actual Loops": 4
                                    },
                                    {
                                      "Node Type": "Hash",
                                      "Parent Relationship": "Inner",
                                      "Parallel Aware": true,
                                      "Startup Cost": 466458.56,
                                      "Total Cost": 466458.56,
                                      "Plan Rows": 11109,
                                      "Plan Width": 43,
                                      "Actual Startup Time": 2469.977,
                                      "Actual Total Time": 2469.985,
                                      "Actual Rows": 90368,
                                      "Actual Loops": 4,
                                      "Hash Buckets": 524288,
                                      "Original Hash Buckets": 131072,
                                      "Hash Batches": 1,
                                      "Original Hash Batches": 1,
                                      "Peak Memory Usage": 34432,
                                      "Plans": [
                                        {
                                          "Node Type": "Nested Loop",
                                          "Parent Relationship": "Outer",
                                          "Parallel Aware": false,
                                          "Join Type": "Inner",
                                          "Startup Cost": 71615.46,
                                          "Total Cost": 466458.56,
                                          "Plan Rows": 11109,
                                          "Plan Width": 43,
                                          "Actual Startup Time": 741.66,
                                          "Actual Total Time": 2374.545,
                                          "Actual Rows": 90368,
                                          "Actual Loops": 4,
                                          "Inner Unique": true,
                                          "Plans": [
                                            {
                                              "Node Type": "Hash Join",
                                              "Parent Relationship": "Outer",
                                              "Parallel Aware": false,
                                              "Join Type": "Inner",
                                              "Startup Cost": 71615.01,
                                              "Total Cost": 416877.97,
                                              "Plan Rows": 11109,
                                              "Plan Width": 31,
                                              "Actual Startup Time": 741.558,
                                              "Actual Total Time": 1707.433,
                                              "Actual Rows": 97579,
                                              "Actual Loops": 4,
                                              "Inner Unique": true,
                                              "Hash Cond": "(ci.role_id = rt.id)",
                                              "Plans": [
                                                {
                                                  "Node Type": "Hash Join",
                                                  "Parent Relationship": "Outer",
                                                  "Parallel Aware": true,
                                                  "Join Type": "Inner",
                                                  "Startup Cost": 71613.85,
                                                  "Total Cost": 416403.29,
                                                  "Plan Rows": 133306,
                                                  "Plan Width": 35,
                                                  "Actual Startup Time": 741.398,
                                                  "Actual Total Time": 1681.332,
                                                  "Actual Rows": 138448,
                                                  "Actual Loops": 4,
                                                  "Inner Unique": true,
                                                  "Hash Cond": "(ci.person_id = n.id)",
                                                  "Plans": [
                                                    {
                                                      "Node Type": "Seq Scan",
                                                      "Parent Relationship": "Outer",
                                                      "Parallel Aware": true,
                                                      "Relation Name": "cast_info",
                                                      "Alias": "ci",
                                                      "Startup Cost": 0.0,
                                                      "Total Cost": 343259.37,
                                                      "Plan Rows": 582884,
                                                      "Plan Width": 16,
                                                      "Actual Startup Time": 0.027,
                                                      "Actual Total Time": 1205.352,
                                                      "Actual Rows": 868615,
                                                      "Actual Loops": 4,
                                                      "Filter": "(note = ANY ('{(writer),(producer),(uncredited),(voice)}'::text[]))",
                                                      "Rows Removed by Filter": 8192471
                                                    },
                                                    {
                                                      "Node Type": "Hash",
                                                      "Parent Relationship": "Inner",
                                                      "Parallel Aware": true,
                                                      "Startup Cost": 68635.58,
                                                      "Total Cost": 68635.58,
                                                      "Plan Rows": 238261,
                                                      "Plan Width": 19,
                                                      "Actual Startup Time": 299.791,
                                                      "Actual Total Time": 299.792,
                                                      "Actual Rows": 240389,
                                                      "Actual Loops": 4,
                                                      "Hash Buckets": 1048576,
                                                      "Original Hash Buckets": 1048576,
                                                      "Hash Batches": 1,
                                                      "Original Hash Batches": 1,
                                                      "Peak Memory Usage": 60576,
                                                      "Plans": [
                                                        {
                                                          "Node Type": "Seq Scan",
                                                          "Parent Relationship": "Outer",
                                                          "Parallel Aware": true,
                                                          "Relation Name": "name",
                                                          "Alias": "n",
                                                          "Startup Cost": 0.0,
                                                          "Total Cost": 68635.58,
                                                          "Plan Rows": 238261,
                                                          "Plan Width": 19,
                                                          "Actual Startup Time": 85.716,
                                                          "Actual Total Time": 194.283,
                                                          "Actual Rows": 240389,
                                                          "Actual Loops": 4,
                                                          "Filter": "((gender)::text = 'f'::text)",
                                                          "Rows Removed by Filter": 801484
                                                        }
                                                      ]
                                                    }
                                                  ]
                                                },
                                                {
                                                  "Node Type": "Hash",
                                                  "Parent Relationship": "Inner",
                                                  "Parallel Aware": false,
                                                  "Startup Cost": 1.15,
                                                  "Total Cost": 1.15,
                                                  "Plan Rows": 1,
                                                  "Plan Width": 4,
                                                  "Actual Startup Time": 0.11,
                                                  "Actual Total Time": 0.111,
                                                  "Actual Rows": 1,
                                                  "Actual Loops": 4,
                                                  "Hash Buckets": 1024,
                                                  "Original Hash Buckets": 1024,
                                                  "Hash Batches": 1,
                                                  "Original Hash Batches": 1,
                                                  "Peak Memory Usage": 9,
                                                  "Plans": [
                                                    {
                                                      "Node Type": "Seq Scan",
                                                      "Parent Relationship": "Outer",
                                                      "Parallel Aware": false,
                                                      "Relation Name": "role_type",
                                                      "Alias": "rt",
                                                      "Startup Cost": 0.0,
                                                      "Total Cost": 1.15,
                                                      "Plan Rows": 1,
                                                      "Plan Width": 4,
                                                      "Actual Startup Time": 0.08,
                                                      "Actual Total Time": 0.085,
                                                      "Actual Rows": 1,
                                                      "Actual Loops": 4,
                                                      "Filter": "((role)::text = 'actress'::text)",
                                                      "Rows Removed by Filter": 11
                                                    }
                                                  ]
                                                }
                                              ]
                                            },
                                            {
                                              "Node Type": "Bitmap Heap Scan",
                                              "Parent Relationship": "Inner",
                                              "Parallel Aware": false,
                                              "Relation Name": "char_name",
                                              "Alias": "chn",
                                              "Startup Cost": 0.45,
                                              "Total Cost": 4.46,
                                              "Plan Rows": 1,
                                              "Plan Width": 20,
                                              "Actual Startup Time": 0.005,
                                              "Actual Total Time": 0.005,
                                              "Actual Rows": 1,
                                              "Actual Loops": 390317,
                                              "Recheck Cond": "(id = ci.person_role_id)",
                                              "Rows Removed by Index Recheck": 0,
                                              "Exact Heap Blocks": 101622,
                                              "Lossy Heap Blocks": 0,
                                              "Plans": [
                                                {
                                                  "Node Type": "Bitmap Index Scan",
                                                  "Parent Relationship": "Outer",
                                                  "Parallel Aware": false,
                                                  "Index Name": "char_name_pkey",
                                                  "Startup Cost": 0.0,
                                                  "Total Cost": 0.45,
                                                  "Plan Rows": 1,
                                                  "Plan Width": 0,
                                                  "Actual Startup Time": 0.003,
                                                  "Actual Total Time": 0.003,
                                                  "Actual Rows": 1,
                                                  "Actual Loops": 390317,
                                                  "Index Cond": "(id = ci.person_role_id)"
                                                }
                                              ]
                                            }
                                          ]
                                        }
                                      ]
                                    }
                                  ]
                                }
                              ]
                            }
                          ]
                        }
                      ]
                    }
                  ]
                }
              ]
            }
          ]
        }
      ]
    },
    "Planning Time": 12.982,
    "Triggers": [],
    "Execution Time": 3569.022
  }
]