[
  {
    "Plan": {
      "Node Type": "Aggregate",
      "Strategy": "Plain",
      "Partial Mode": "Finalize",
      "Parallel Aware": false,
      "Startup Cost": 46333.89,
      "Total Cost": 46333.9,
      "Plan Rows": 1,
      "Plan Width": 8,
      "Actual Startup Time": 174.607,
      "Actual Total Time": 184.286,
      "Actual Rows": 1,
      "Actual Loops": 1,
      "Plans": [
        {
          "Node Type": "Gather",
          "Parent Relationship": "Outer",
          "Parallel Aware": false,
          "Startup Cost": 46333.57,
          "Total Cost": 46333.88,
          "Plan Rows": 3,
          "Plan Width": 8,
          "Actual Startup Time": 174.49,
          "Actual Total Time": 184.277,
          "Actual Rows": 4,
          "Actual Loops": 1,
          "Workers Planned": 3,
          "Workers Launched": 3,
          "Single Copy": false,
          "Plans": [
            {
              "Node Type": "Aggregate",
              "Strategy": "Plain",
              "Partial Mode": "Partial",
              "Parent Relationship": "Outer",
              "Parallel Aware": false,
              "Startup Cost": 45333.57,
              "Total Cost": 45333.58,
              "Plan Rows": 1,
              "Plan Width": 8,
              "Actual Startup Time": 167.905,
              "Actual Total Time": 167.906,
              "Actual Rows": 1,
              "Actual Loops": 4,
              "Plans": [
                {
                  "Node Type": "Seq Scan",
                  "Parent Relationship": "Outer",
                  "Parallel Aware": true,
                  "Relation Name": "movie_keyword",
                  "Alias": "mk",
                  "Startup Cost": 0.0,
                  "Total Cost": 42695.65,
                  "Plan Rows": 1055168,
                  "Plan Width": 0,
                  "Actual Startup Time": 0.189,
                  "Actual Total Time": 128.723,
                  "Actual Rows": 815484,
                  "Actual Loops": 4,
                  "Filter": "(keyword_id > 1611)",
                  "Rows Removed by Filter": 315498
                }
              ]
            }
          ]
        }
      ]
    },
    "Planning Time": 0.159,
    "Triggers": [],
    "Execution Time": 184.334
  }
]