{
  "Plan": {
    "Node Type": "Aggregate",
    "Strategy": "Plain",
    "Partial Mode": "Finalize",
    "Parallel Aware": false,
    "Startup Cost": 2042835.7,
    "Total Cost": 2042835.71,
    "Plan Rows": 1,
    "Plan Width": 8,
    "Actual Startup Time": 41399.726,
    "Actual Total Time": 41600.394,
    "Actual Rows": 1,
    "Actual Loops": 1,
    "Plans": [
      {
        "Node Type": "Gather",
        "Parent Relationship": "Outer",
        "Parallel Aware": false,
        "Startup Cost": 2042835.59,
        "Total Cost": 2042835.7,
        "Plan Rows": 1,
        "Plan Width": 8,
        "Actual Startup Time": 41369.851,
        "Actual Total Time": 41600.385,
        "Actual Rows": 2,
        "Actual Loops": 1,
        "Workers Planned": 1,
        "Workers Launched": 1,
        "Single Copy": false,
        "Plans": [
          {
            "Node Type": "Aggregate",
            "Strategy": "Plain",
            "Partial Mode": "Partial",
            "Parent Relationship": "Outer",
            "Parallel Aware": false,
            "Startup Cost": 2041835.59,
            "Total Cost": 2041835.6,
            "Plan Rows": 1,
            "Plan Width": 8,
            "Actual Startup Time": 41322.901,
            "Actual Total Time": 41322.908,
            "Actual Rows": 1,
            "Actual Loops": 2,
            "Plans": [
              {
                "Node Type": "Hash Join",
                "Parent Relationship": "Outer",
                "Parallel Aware": true,
                "Join Type": "Inner",
                "Startup Cost": 826393.66,
                "Total Cost": 1811941.91,
                "Plan Rows": 91957474,
                "Plan Width": 0,
                "Actual Startup Time": 12977.196,
                "Actual Total Time": 35088.371,
                "Actual Rows": 149452131,
                "Actual Loops": 2,
                "Inner Unique": false,
                "Hash Cond": "(mi.movie_id = t.id)",
                "Plans": [
                  {
                    "Node Type": "Seq Scan",
                    "Parent Relationship": "Outer",
                    "Parallel Aware": true,
                    "Relation Name": "movie_info",
                    "Alias": "mi",
                    "Startup Cost": 0.0,
                    "Total Cost": 248955.74,
                    "Plan Rows": 8696274,
                    "Plan Width": 4,
                    "Actual Startup Time": 0.015,
                    "Actual Total Time": 674.375,
                    "Actual Rows": 7417860,
                    "Actual Loops": 2
                  },
                  {
                    "Node Type": "Hash",
                    "Parent Relationship": "Inner",
                    "Parallel Aware": true,
                    "Startup Cost": 629812.29,
                    "Total Cost": 629812.29,
                    "Plan Rows": 15726509,
                    "Plan Width": 8,
                    "Actual Startup Time": 12878.618,
                    "Actual Total Time": 12878.622,
                    "Actual Rows": 13429820,
                    "Actual Loops": 2,
                    "Hash Buckets": 33554432,
                    "Original Hash Buckets": 33554432,
                    "Hash Batches": 1,
                    "Original Hash Batches": 1,
                    "Peak Memory Usage": 1312928,
                    "Plans": [
                      {
                        "Node Type": "Hash Join",
                        "Parent Relationship": "Outer",
                        "Parallel Aware": true,
                        "Join Type": "Inner",
                        "Startup Cost": 69460.7,
                        "Total Cost": 629812.29,
                        "Plan Rows": 15726509,
                        "Plan Width": 8,
                        "Actual Startup Time": 495.333,
                        "Actual Total Time": 8334.087,
                        "Actual Rows": 13429820,
                        "Actual Loops": 2,
                        "Inner Unique": true,
                        "Hash Cond": "(ci.movie_id = t.id)",
                        "Plans": [
                          {
                            "Node Type": "Seq Scan",
                            "Parent Relationship": "Outer",
                            "Parallel Aware": true,
                            "Relation Name": "cast_info",
                            "Alias": "ci",
                            "Startup Cost": 0.0,
                            "Total Cost": 519069.44,
                            "Plan Rows": 15726509,
                            "Plan Width": 4,
                            "Actual Startup Time": 0.016,
                            "Actual Total Time": 1951.016,
                            "Actual Rows": 13429820,
                            "Actual Loops": 2,
                            "Filter": "(role_id < 5)",
                            "Rows Removed by Filter": 4692352
                          },
                          {
                            "Node Type": "Hash",
                            "Parent Relationship": "Inner",
                            "Parallel Aware": true,
                            "Startup Cost": 50870.31,
                            "Total Cost": 50870.31,
                            "Plan Rows": 1487231,
                            "Plan Width": 4,
                            "Actual Startup Time": 484.816,
                            "Actual Total Time": 484.817,
                            "Actual Rows": 1264156,
                            "Actual Loops": 2,
                            "Hash Buckets": 4194304,
                            "Original Hash Buckets": 4194304,
                            "Hash Batches": 1,
                            "Original Hash Batches": 1,
                            "Peak Memory Usage": 131712,
                            "Plans": [
                              {
                                "Node Type": "Seq Scan",
                                "Parent Relationship": "Outer",
                                "Parallel Aware": true,
                                "Relation Name": "title",
                                "Alias": "t",
                                "Startup Cost": 0.0,
                                "Total Cost": 50870.31,
                                "Plan Rows": 1487231,
                                "Plan Width": 4,
                                "Actual Startup Time": 0.037,
                                "Actual Total Time": 153.35,
                                "Actual Rows": 1264156,
                                "Actual Loops": 2
                              }
                            ]
                          }
                        ]
                      }
                    ]
                  }
                ]
              }
            ]
          }
        ]
      }
    ]
  },
  "Planning Time": 0.892,
  "Triggers": [],
  "Execution Time": 41600.485
}