[
  {
    "Plan": {
      "Node Type": "Aggregate",
      "Strategy": "Plain",
      "Partial Mode": "Finalize",
      "Parallel Aware": false,
      "Startup Cost": 33021.0,
      "Total Cost": 33021.01,
      "Plan Rows": 1,
      "Plan Width": 8,
      "Actual Startup Time": 102.073,
      "Actual Total Time": 110.098,
      "Actual Rows": 1,
      "Actual Loops": 1,
      "Plans": [
        {
          "Node Type": "Gather",
          "Parent Relationship": "Outer",
          "Parallel Aware": false,
          "Startup Cost": 33020.68,
          "Total Cost": 33020.99,
          "Plan Rows": 3,
          "Plan Width": 8,
          "Actual Startup Time": 101.815,
          "Actual Total Time": 110.087,
          "Actual Rows": 4,
          "Actual Loops": 1,
          "Workers Planned": 3,
          "Workers Launched": 3,
          "Single Copy": false,
          "Plans": [
            {
              "Node Type": "Aggregate",
              "Strategy": "Plain",
              "Partial Mode": "Partial",
              "Parent Relationship": "Outer",
              "Parallel Aware": false,
              "Startup Cost": 32020.68,
              "Total Cost": 32020.69,
              "Plan Rows": 1,
              "Plan Width": 8,
              "Actual Startup Time": 97.849,
              "Actual Total Time": 97.85,
              "Actual Rows": 1,
              "Actual Loops": 4,
              "Plans": [
                {
                  "Node Type": "Seq Scan",
                  "Parent Relationship": "Outer",
                  "Parallel Aware": true,
                  "Relation Name": "movie_companies",
                  "Alias": "mc",
                  "Startup Cost": 0.0,
                  "Total Cost": 31414.82,
                  "Plan Rows": 242345,
                  "Plan Width": 0,
                  "Actual Startup Time": 46.54,
                  "Actual Total Time": 91.353,
                  "Actual Rows": 117797,
                  "Actual Loops": 4,
                  "Filter": "((company_id < 13523) AND (company_type_id > 1))",
                  "Rows Removed by Filter": 534485
                }
              ]
            }
          ]
        }
      ]
    },
    "Planning Time": 0.198,
    "Triggers": [],
    "Execution Time": 110.145
  }
]