{
  "Plan": {
    "Node Type": "Aggregate",
    "Strategy": "Plain",
    "Partial Mode": "Finalize",
    "Parallel Aware": false,
    "Startup Cost": 101795.7,
    "Total Cost": 101795.71,
    "Plan Rows": 1,
    "Plan Width": 8,
    "Actual Startup Time": 326.52,
    "Actual Total Time": 342.231,
    "Actual Rows": 1,
    "Actual Loops": 1,
    "Plans": [
      {
        "Node Type": "Gather",
        "Parent Relationship": "Outer",
        "Parallel Aware": false,
        "Startup Cost": 101795.59,
        "Total Cost": 101795.7,
        "Plan Rows": 1,
        "Plan Width": 8,
        "Actual Startup Time": 326.14,
        "Actual Total Time": 342.224,
        "Actual Rows": 2,
        "Actual Loops": 1,
        "Workers Planned": 1,
        "Workers Launched": 1,
        "Single Copy": false,
        "Plans": [
          {
            "Node Type": "Aggregate",
            "Strategy": "Plain",
            "Partial Mode": "Partial",
            "Parent Relationship": "Outer",
            "Parallel Aware": false,
            "Startup Cost": 100795.59,
            "Total Cost": 100795.6,
            "Plan Rows": 1,
            "Plan Width": 8,
            "Actual Startup Time": 319.852,
            "Actual Total Time": 319.856,
            "Actual Rows": 1,
            "Actual Loops": 2,
            "Plans": [
              {
                "Node Type": "Nested Loop",
                "Parent Relationship": "Outer",
                "Parallel Aware": false,
                "Join Type": "Inner",
                "Startup Cost": 26756.12,
                "Total Cost": 100782.97,
                "Plan Rows": 5048,
                "Plan Width": 0,
                "Actual Startup Time": 80.776,
                "Actual Total Time": 319.242,
                "Actual Rows": 6710,
                "Actual Loops": 2,
                "Inner Unique": false,
                "Plans": [
                  {
                    "Node Type": "Hash Join",
                    "Parent Relationship": "Outer",
                    "Parallel Aware": true,
                    "Join Type": "Inner",
                    "Startup Cost": 26755.69,
                    "Total Cost": 85251.06,
                    "Plan Rows": 28076,
                    "Plan Width": 8,
                    "Actual Startup Time": 80.704,
                    "Actual Total Time": 271.927,
                    "Actual Rows": 17561,
                    "Actual Loops": 2,
                    "Inner Unique": false,
                    "Hash Cond": "(t.id = mc.movie_id)",
                    "Plans": [
                      {
                        "Node Type": "Seq Scan",
                        "Parent Relationship": "Outer",
                        "Parallel Aware": true,
                        "Relation Name": "title",
                        "Alias": "t",
                        "Startup Cost": 0.0,
                        "Total Cost": 54588.39,
                        "Plan Rows": 598692,
                        "Plan Width": 4,
                        "Actual Startup Time": 0.01,
                        "Actual Total Time": 133.904,
                        "Actual Rows": 510876,
                        "Actual Loops": 2,
                        "Filter": "(production_year < 2000)",
                        "Rows Removed by Filter": 753280
                      },
                      {
                        "Node Type": "Hash",
                        "Parent Relationship": "Inner",
                        "Parallel Aware": true,
                        "Startup Cost": 25883.89,
                        "Total Cost": 25883.89,
                        "Plan Rows": 69744,
                        "Plan Width": 4,
                        "Actual Startup Time": 78.348,
                        "Actual Total Time": 78.35,
                        "Actual Rows": 27195,
                        "Actual Loops": 2,
                        "Hash Buckets": 131072,
                        "Original Hash Buckets": 131072,
                        "Hash Batches": 1,
                        "Original Hash Batches": 1,
                        "Peak Memory Usage": 3200,
                        "Plans": [
                          {
                            "Node Type": "Bitmap Heap Scan",
                            "Parent Relationship": "Outer",
                            "Parallel Aware": true,
                            "Relation Name": "movie_companies",
                            "Alias": "mc",
                            "Startup Cost": 5033.45,
                            "Total Cost": 25883.89,
                            "Plan Rows": 69744,
                            "Plan Width": 4,
                            "Actual Startup Time": 59.027,
                            "Actual Total Time": 72.89,
                            "Actual Rows": 27195,
                            "Actual Loops": 2,
                            "Recheck Cond": "(company_id < 93)",
                            "Rows Removed by Index Recheck": 0,
                            "Filter": "(company_type_id > 1)",
                            "Rows Removed by Filter": 89138,
                            "Exact Heap Blocks": 13653,
                            "Lossy Heap Blocks": 0,
                            "Plans": [
                              {
                                "Node Type": "Bitmap Index Scan",
                                "Parent Relationship": "Outer",
                                "Parallel Aware": false,
                                "Index Name": "company_id_movie_companies",
                                "Startup Cost": 0.0,
                                "Total Cost": 5003.81,
                                "Plan Rows": 233517,
                                "Plan Width": 0,
                                "Actual Startup Time": 25.43,
                                "Actual Total Time": 25.43,
                                "Actual Rows": 232665,
                                "Actual Loops": 1,
                                "Index Cond": "(company_id < 93)"
                              }
                            ]
                          }
                        ]
                      }
                    ]
                  },
                  {
                    "Node Type": "Index Scan",
                    "Parent Relationship": "Inner",
                    "Parallel Aware": false,
                    "Scan Direction": "Forward",
                    "Index Name": "movie_id_movie_info_idx",
                    "Relation Name": "movie_info_idx",
                    "Alias": "mi_idx",
                    "Startup Cost": 0.43,
                    "Total Cost": 0.54,
                    "Plan Rows": 1,
                    "Plan Width": 4,
                    "Actual Startup Time": 0.002,
                    "Actual Total Time": 0.002,
                    "Actual Rows": 0,
                    "Actual Loops": 35122,
                    "Index Cond": "(movie_id = t.id)",
                    "Rows Removed by Index Recheck": 0,
                    "Filter": "(info_type_id < 100)",
                    "Rows Removed by Filter": 1
                  }
                ]
              }
            ]
          }
        ]
      }
    ]
  },
  "Planning Time": 0.941,
  "Triggers": [],
  "Execution Time": 342.334
}