[
  {
    "Plan": {
      "Node Type": "Aggregate",
      "Strategy": "Plain",
      "Partial Mode": "Finalize",
      "Parallel Aware": false,
      "Startup Cost": 252575.39,
      "Total Cost": 252575.4,
      "Plan Rows": 1,
      "Plan Width": 8,
      "Actual Startup Time": 753.384,
      "Actual Total Time": 798.408,
      "Actual Rows": 1,
      "Actual Loops": 1,
      "Plans": [
        {
          "Node Type": "Gather",
          "Parent Relationship": "Outer",
          "Parallel Aware": false,
          "Startup Cost": 252574.87,
          "Total Cost": 252575.38,
          "Plan Rows": 5,
          "Plan Width": 8,
          "Actual Startup Time": 750.828,
          "Actual Total Time": 798.394,
          "Actual Rows": 6,
          "Actual Loops": 1,
          "Workers Planned": 5,
          "Workers Launched": 5,
          "Single Copy": false,
          "Plans": [
            {
              "Node Type": "Aggregate",
              "Strategy": "Plain",
              "Partial Mode": "Partial",
              "Parent Relationship": "Outer",
              "Parallel Aware": false,
              "Startup Cost": 251574.87,
              "Total Cost": 251574.88,
              "Plan Rows": 1,
              "Plan Width": 8,
              "Actual Startup Time": 740.81,
              "Actual Total Time": 740.815,
              "Actual Rows": 1,
              "Actual Loops": 6,
              "Plans": [
                {
                  "Node Type": "Hash Join",
                  "Parent Relationship": "Outer",
                  "Parallel Aware": true,
                  "Join Type": "Inner",
                  "Startup Cost": 46831.3,
                  "Total Cost": 250763.2,
                  "Plan Rows": 324668,
                  "Plan Width": 0,
                  "Actual Startup Time": 120.909,
                  "Actual Total Time": 720.563,
                  "Actual Rows": 434709,
                  "Actual Loops": 6,
                  "Inner Unique": true,
                  "Hash Cond": "(mi.movie_id = t.id)",
                  "Plans": [
                    {
                      "Node Type": "Seq Scan",
                      "Parent Relationship": "Outer",
                      "Parallel Aware": true,
                      "Relation Name": "movie_info",
                      "Alias": "mi",
                      "Startup Cost": 0.0,
                      "Total Cost": 198952.16,
                      "Plan Rows": 1897040,
                      "Plan Width": 4,
                      "Actual Startup Time": 0.029,
                      "Actual Total Time": 348.659,
                      "Actual Rows": 1594192,
                      "Actual Loops": 6,
                      "Filter": "(info_type_id < 16)",
                      "Rows Removed by Filter": 878428
                    },
                    {
                      "Node Type": "Hash",
                      "Parent Relationship": "Inner",
                      "Parallel Aware": true,
                      "Startup Cost": 45479.1,
                      "Total Cost": 45479.1,
                      "Plan Rows": 108176,
                      "Plan Width": 4,
                      "Actual Startup Time": 105.242,
                      "Actual Total Time": 105.244,
                      "Actual Rows": 52448,
                      "Actual Loops": 6,
                      "Hash Buckets": 524288,
                      "Original Hash Buckets": 524288,
                      "Hash Batches": 1,
                      "Original Hash Batches": 1,
                      "Peak Memory Usage": 16512,
                      "Plans": [
                        {
                          "Node Type": "Seq Scan",
                          "Parent Relationship": "Outer",
                          "Parallel Aware": true,
                          "Relation Name": "title",
                          "Alias": "t",
                          "Startup Cost": 0.0,
                          "Total Cost": 45479.1,
                          "Plan Rows": 108176,
                          "Plan Width": 4,
                          "Actual Startup Time": 44.264,
                          "Actual Total Time": 84.964,
                          "Actual Rows": 52448,
                          "Actual Loops": 6,
                          "Filter": "((production_year > 1994) AND (kind_id = 1))",
                          "Rows Removed by Filter": 368938
                        }
                      ]
                    }
                  ]
                }
              ]
            }
          ]
        }
      ]
    },
    "Planning Time": 0.622,
    "Triggers": [],
    "Execution Time": 798.479
  }
]