[
  {
    "Plan": {
      "Node Type": "Aggregate",
      "Strategy": "Plain",
      "Partial Mode": "Finalize",
      "Parallel Aware": false,
      "Startup Cost": 275168.81,
      "Total Cost": 275168.82,
      "Plan Rows": 1,
      "Plan Width": 8,
      "Actual Startup Time": 509.982,
      "Actual Total Time": 527.124,
      "Actual Rows": 1,
      "Actual Loops": 1,
      "Plans": [
        {
          "Node Type": "Gather",
          "Parent Relationship": "Outer",
          "Parallel Aware": false,
          "Startup Cost": 275168.18,
          "Total Cost": 275168.79,
          "Plan Rows": 6,
          "Plan Width": 8,
          "Actual Startup Time": 508.762,
          "Actual Total Time": 527.115,
          "Actual Rows": 7,
          "Actual Loops": 1,
          "Workers Planned": 6,
          "Workers Launched": 6,
          "Single Copy": false,
          "Plans": [
            {
              "Node Type": "Aggregate",
              "Strategy": "Plain",
              "Partial Mode": "Partial",
              "Parent Relationship": "Outer",
              "Parallel Aware": false,
              "Startup Cost": 274168.18,
              "Total Cost": 274168.19,
              "Plan Rows": 1,
              "Plan Width": 8,
              "Actual Startup Time": 499.193,
              "Actual Total Time": 499.196,
              "Actual Rows": 1,
              "Actual Loops": 7,
              "Plans": [
                {
                  "Node Type": "Hash Join",
                  "Parent Relationship": "Outer",
                  "Parallel Aware": true,
                  "Join Type": "Inner",
                  "Startup Cost": 44191.38,
                  "Total Cost": 274043.01,
                  "Plan Rows": 50069,
                  "Plan Width": 0,
                  "Actual Startup Time": 80.129,
                  "Actual Total Time": 496.511,
                  "Actual Rows": 46742,
                  "Actual Loops": 7,
                  "Inner Unique": true,
                  "Hash Cond": "(ci.movie_id = t.id)",
                  "Plans": [
                    {
                      "Node Type": "Index Scan",
                      "Parent Relationship": "Outer",
                      "Parallel Aware": true,
                      "Scan Direction": "Forward",
                      "Index Name": "role_id_cast_info",
                      "Relation Name": "cast_info",
                      "Alias": "ci",
                      "Startup Cost": 0.56,
                      "Total Cost": 226293.54,
                      "Plan Rows": 1355674,
                      "Plan Width": 4,
                      "Actual Startup Time": 0.348,
                      "Actual Total Time": 255.568,
                      "Actual Rows": 1191348,
                      "Actual Loops": 7,
                      "Index Cond": "(role_id > 5)",
                      "Rows Removed by Index Recheck": 0,
                      "Filter": "(person_id > 128905)",
                      "Rows Removed by Filter": 20982
                    },
                    {
                      "Node Type": "Hash",
                      "Parent Relationship": "Inner",
                      "Parallel Aware": true,
                      "Startup Cost": 43899.01,
                      "Total Cost": 43899.01,
                      "Plan Rows": 23345,
                      "Plan Width": 4,
                      "Actual Startup Time": 78.544,
                      "Actual Total Time": 78.546,
                      "Actual Rows": 13572,
                      "Actual Loops": 7,
                      "Hash Buckets": 131072,
                      "Original Hash Buckets": 131072,
                      "Hash Batches": 1,
                      "Original Hash Batches": 1,
                      "Peak Memory Usage": 4864,
                      "Plans": [
                        {
                          "Node Type": "Seq Scan",
                          "Parent Relationship": "Outer",
                          "Parallel Aware": true,
                          "Relation Name": "title",
                          "Alias": "t",
                          "Startup Cost": 0.0,
                          "Total Cost": 43899.01,
                          "Plan Rows": 23345,
                          "Plan Width": 4,
                          "Actual Startup Time": 0.043,
                          "Actual Total Time": 72.226,
                          "Actual Rows": 13572,
                          "Actual Loops": 7,
                          "Filter": "(production_year = 2005)",
                          "Rows Removed by Filter": 347615
                        }
                      ]
                    }
                  ]
                }
              ]
            }
          ]
        }
      ]
    },
    "Planning Time": 0.44,
    "Triggers": [],
    "Execution Time": 527.18
  }
]