[
  {
    "Plan": {
      "Node Type": "Aggregate",
      "Strategy": "Plain",
      "Partial Mode": "Simple",
      "Parallel Aware": false,
      "Startup Cost": 5393.51,
      "Total Cost": 5393.52,
      "Plan Rows": 1,
      "Plan Width": 8,
      "Actual Startup Time": 3.978,
      "Actual Total Time": 3.98,
      "Actual Rows": 1,
      "Actual Loops": 1,
      "Plans": [
        {
          "Node Type": "Index Scan",
          "Parent Relationship": "Outer",
          "Parallel Aware": false,
          "Scan Direction": "Forward",
          "Index Name": "company_id_movie_companies",
          "Relation Name": "movie_companies",
          "Alias": "mc",
          "Startup Cost": 0.43,
          "Total Cost": 5390.75,
          "Plan Rows": 1104,
          "Plan Width": 0,
          "Actual Startup Time": 3.901,
          "Actual Total Time": 3.964,
          "Actual Rows": 33,
          "Actual Loops": 1,
          "Index Cond": "(company_id = 31)",
          "Rows Removed by Index Recheck": 0,
          "Filter": "(company_type_id = 2)",
          "Rows Removed by Filter": 2727
        }
      ]
    },
    "Planning Time": 0.184,
    "Triggers": [],
    "Execution Time": 4.029
  }
]