[
  {
    "Plan": {
      "Node Type": "Aggregate",
      "Strategy": "Plain",
      "Partial Mode": "Finalize",
      "Parallel Aware": false,
      "Startup Cost": 138347.51,
      "Total Cost": 138347.52,
      "Plan Rows": 1,
      "Plan Width": 8,
      "Actual Startup Time": 603.469,
      "Actual Total Time": 661.409,
      "Actual Rows": 1,
      "Actual Loops": 1,
      "Plans": [
        {
          "Node Type": "Gather",
          "Parent Relationship": "Outer",
          "Parallel Aware": false,
          "Startup Cost": 138347.19,
          "Total Cost": 138347.5,
          "Plan Rows": 3,
          "Plan Width": 8,
          "Actual Startup Time": 602.668,
          "Actual Total Time": 661.395,
          "Actual Rows": 4,
          "Actual Loops": 1,
          "Workers Planned": 3,
          "Workers Launched": 3,
          "Single Copy": false,
          "Plans": [
            {
              "Node Type": "Aggregate",
              "Strategy": "Plain",
              "Partial Mode": "Partial",
              "Parent Relationship": "Outer",
              "Parallel Aware": false,
              "Startup Cost": 137347.19,
              "Total Cost": 137347.2,
              "Plan Rows": 1,
              "Plan Width": 8,
              "Actual Startup Time": 596.851,
              "Actual Total Time": 596.855,
              "Actual Rows": 1,
              "Actual Loops": 4,
              "Plans": [
                {
                  "Node Type": "Nested Loop",
                  "Parent Relationship": "Outer",
                  "Parallel Aware": false,
                  "Join Type": "Inner",
                  "Startup Cost": 45745.2,
                  "Total Cost": 136714.52,
                  "Plan Rows": 253070,
                  "Plan Width": 0,
                  "Actual Startup Time": 122.38,
                  "Actual Total Time": 582.965,
                  "Actual Rows": 203657,
                  "Actual Loops": 4,
                  "Inner Unique": false,
                  "Join Filter": "(t.id = ci.movie_id)",
                  "Rows Removed by Join Filter": 0,
                  "Plans": [
                    {
                      "Node Type": "Hash Join",
                      "Parent Relationship": "Outer",
                      "Parallel Aware": true,
                      "Join Type": "Inner",
                      "Startup Cost": 45744.64,
                      "Total Cost": 89833.62,
                      "Plan Rows": 17805,
                      "Plan Width": 8,
                      "Actual Startup Time": 122.284,
                      "Actual Total Time": 292.454,
                      "Actual Rows": 6624,
                      "Actual Loops": 4,
                      "Inner Unique": true,
                      "Hash Cond": "(mk.movie_id = t.id)",
                      "Plans": [
                        {
                          "Node Type": "Seq Scan",
                          "Parent Relationship": "Outer",
                          "Parallel Aware": true,
                          "Relation Name": "movie_keyword",
                          "Alias": "mk",
                          "Startup Cost": 0.0,
                          "Total Cost": 42695.65,
                          "Plan Rows": 530791,
                          "Plan Width": 4,
                          "Actual Startup Time": 0.031,
                          "Actual Total Time": 115.851,
                          "Actual Rows": 410225,
                          "Actual Loops": 4,
                          "Filter": "(keyword_id < 2489)",
                          "Rows Removed by Filter": 720758
                        },
                        {
                          "Node Type": "Hash",
                          "Parent Relationship": "Inner",
                          "Parallel Aware": true,
                          "Startup Cost": 45479.59,
                          "Total Cost": 45479.59,
                          "Plan Rows": 21204,
                          "Plan Width": 4,
                          "Actual Startup Time": 121.429,
                          "Actual Total Time": 121.43,
                          "Actual Rows": 24434,
                          "Actual Loops": 4,
                          "Hash Buckets": 131072,
                          "Original Hash Buckets": 131072,
                          "Hash Batches": 1,
                          "Original Hash Batches": 1,
                          "Peak Memory Usage": 4928,
                          "Plans": [
                            {
                              "Node Type": "Seq Scan",
                              "Parent Relationship": "Outer",
                              "Parallel Aware": true,
                              "Relation Name": "title",
                              "Alias": "t",
                              "Startup Cost": 0.0,
                              "Total Cost": 45479.59,
                              "Plan Rows": 21204,
                              "Plan Width": 4,
                              "Actual Startup Time": 0.037,
                              "Actual Total Time": 111.038,
                              "Actual Rows": 24434,
                              "Actual Loops": 4,
                              "Filter": "((kind_id > 2) AND (production_year = 2007))",
                              "Rows Removed by Filter": 607644
                            }
                          ]
                        }
                      ]
                    },
                    {
                      "Node Type": "Index Scan",
                      "Parent Relationship": "Inner",
                      "Parallel Aware": false,
                      "Scan Direction": "Forward",
                      "Index Name": "movie_id_cast_info",
                      "Relation Name": "cast_info",
                      "Alias": "ci",
                      "Startup Cost": 0.56,
                      "Total Cost": 2.2,
                      "Plan Rows": 35,
                      "Plan Width": 4,
                      "Actual Startup Time": 0.006,
                      "Actual Total Time": 0.04,
                      "Actual Rows": 31,
                      "Actual Loops": 26497,
                      "Index Cond": "(movie_id = mk.movie_id)",
                      "Rows Removed by Index Recheck": 0,
                      "Filter": "(role_id < 11)",
                      "Rows Removed by Filter": 0
                    }
                  ]
                }
              ]
            }
          ]
        }
      ]
    },
    "Planning Time": 0.618,
    "Triggers": [],
    "Execution Time": 661.484
  }
]