{
  "Plan": {
    "Node Type": "Aggregate",
    "Strategy": "Plain",
    "Partial Mode": "Finalize",
    "Parallel Aware": false,
    "Startup Cost": 79160.93,
    "Total Cost": 79160.94,
    "Plan Rows": 1,
    "Plan Width": 8,
    "Actual Startup Time": 350.115,
    "Actual Total Time": 357.447,
    "Actual Rows": 1,
    "Actual Loops": 1,
    "Plans": [
      {
        "Node Type": "Gather",
        "Parent Relationship": "Outer",
        "Parallel Aware": false,
        "Startup Cost": 79160.82,
        "Total Cost": 79160.93,
        "Plan Rows": 1,
        "Plan Width": 8,
        "Actual Startup Time": 348.306,
        "Actual Total Time": 357.439,
        "Actual Rows": 2,
        "Actual Loops": 1,
        "Workers Planned": 1,
        "Workers Launched": 1,
        "Single Copy": false,
        "Plans": [
          {
            "Node Type": "Aggregate",
            "Strategy": "Plain",
            "Partial Mode": "Partial",
            "Parent Relationship": "Outer",
            "Parallel Aware": false,
            "Startup Cost": 78160.82,
            "Total Cost": 78160.83,
            "Plan Rows": 1,
            "Plan Width": 8,
            "Actual Startup Time": 342.915,
            "Actual Total Time": 342.919,
            "Actual Rows": 1,
            "Actual Loops": 2,
            "Plans": [
              {
                "Node Type": "Hash Join",
                "Parent Relationship": "Outer",
                "Parallel Aware": true,
                "Join Type": "Inner",
                "Startup Cost": 58331.81,
                "Total Cost": 77833.26,
                "Plan Rows": 131024,
                "Plan Width": 0,
                "Actual Startup Time": 229.331,
                "Actual Total Time": 333.139,
                "Actual Rows": 198682,
                "Actual Loops": 2,
                "Inner Unique": true,
                "Hash Cond": "(mi_idx.movie_id = t.id)",
                "Plans": [
                  {
                    "Node Type": "Seq Scan",
                    "Parent Relationship": "Outer",
                    "Parallel Aware": true,
                    "Relation Name": "movie_info_idx",
                    "Alias": "mi_idx",
                    "Startup Cost": 0.0,
                    "Total Cost": 18082.32,
                    "Plan Rows": 540622,
                    "Plan Width": 4,
                    "Actual Startup Time": 0.023,
                    "Actual Total Time": 69.399,
                    "Actual Rows": 459925,
                    "Actual Loops": 2,
                    "Filter": "(info_type_id < 101)",
                    "Rows Removed by Filter": 230092
                  },
                  {
                    "Node Type": "Hash",
                    "Parent Relationship": "Inner",
                    "Parallel Aware": true,
                    "Startup Cost": 53826.3,
                    "Total Cost": 53826.3,
                    "Plan Rows": 360441,
                    "Plan Width": 4,
                    "Actual Startup Time": 170.403,
                    "Actual Total Time": 170.404,
                    "Actual Rows": 266694,
                    "Actual Loops": 2,
                    "Hash Buckets": 1048576,
                    "Original Hash Buckets": 1048576,
                    "Hash Batches": 1,
                    "Original Hash Batches": 1,
                    "Peak Memory Usage": 29088,
                    "Plans": [
                      {
                        "Node Type": "Bitmap Heap Scan",
                        "Parent Relationship": "Outer",
                        "Parallel Aware": true,
                        "Relation Name": "title",
                        "Alias": "t",
                        "Startup Cost": 11976.04,
                        "Total Cost": 53826.3,
                        "Plan Rows": 360441,
                        "Plan Width": 4,
                        "Actual Startup Time": 26.227,
                        "Actual Total Time": 101.161,
                        "Actual Rows": 266694,
                        "Actual Loops": 2,
                        "Recheck Cond": "(kind_id = 1)",
                        "Rows Removed by Index Recheck": 0,
                        "Filter": "(production_year > 1932)",
                        "Rows Removed by Filter": 64718,
                        "Exact Heap Blocks": 8695,
                        "Lossy Heap Blocks": 0,
                        "Plans": [
                          {
                            "Node Type": "Bitmap Index Scan",
                            "Parent Relationship": "Outer",
                            "Parallel Aware": false,
                            "Index Name": "kind_id_title",
                            "Startup Cost": 0.0,
                            "Total Cost": 11822.85,
                            "Plan Rows": 663256,
                            "Plan Width": 0,
                            "Actual Startup Time": 24.454,
                            "Actual Total Time": 24.454,
                            "Actual Rows": 662825,
                            "Actual Loops": 1,
                            "Index Cond": "(kind_id = 1)"
                          }
                        ]
                      }
                    ]
                  }
                ]
              }
            ]
          }
        ]
      }
    ]
  },
  "Planning Time": 0.293,
  "Triggers": [],
  "Execution Time": 357.494
}