[
  {
    "Plan": {
      "Node Type": "Aggregate",
      "Strategy": "Plain",
      "Partial Mode": "Finalize",
      "Parallel Aware": false,
      "Startup Cost": 48676.84,
      "Total Cost": 48676.85,
      "Plan Rows": 1,
      "Plan Width": 8,
      "Actual Startup Time": 93.459,
      "Actual Total Time": 106.02,
      "Actual Rows": 1,
      "Actual Loops": 1,
      "Plans": [
        {
          "Node Type": "Gather",
          "Parent Relationship": "Outer",
          "Parallel Aware": false,
          "Startup Cost": 48676.42,
          "Total Cost": 48676.83,
          "Plan Rows": 4,
          "Plan Width": 8,
          "Actual Startup Time": 93.336,
          "Actual Total Time": 106.011,
          "Actual Rows": 5,
          "Actual Loops": 1,
          "Workers Planned": 4,
          "Workers Launched": 4,
          "Single Copy": false,
          "Plans": [
            {
              "Node Type": "Aggregate",
              "Strategy": "Plain",
              "Partial Mode": "Partial",
              "Parent Relationship": "Outer",
              "Parallel Aware": false,
              "Startup Cost": 47676.42,
              "Total Cost": 47676.43,
              "Plan Rows": 1,
              "Plan Width": 8,
              "Actual Startup Time": 84.88,
              "Actual Total Time": 84.882,
              "Actual Rows": 1,
              "Actual Loops": 5,
              "Plans": [
                {
                  "Node Type": "Nested Loop",
                  "Parent Relationship": "Outer",
                  "Parallel Aware": false,
                  "Join Type": "Inner",
                  "Startup Cost": 0.43,
                  "Total Cost": 47676.05,
                  "Plan Rows": 151,
                  "Plan Width": 0,
                  "Actual Startup Time": 73.333,
                  "Actual Total Time": 84.875,
                  "Actual Rows": 2,
                  "Actual Loops": 5,
                  "Inner Unique": false,
                  "Plans": [
                    {
                      "Node Type": "Seq Scan",
                      "Parent Relationship": "Outer",
                      "Parallel Aware": true,
                      "Relation Name": "title",
                      "Alias": "t",
                      "Startup Cost": 0.0,
                      "Total Cost": 45479.1,
                      "Plan Rows": 277,
                      "Plan Width": 4,
                      "Actual Startup Time": 73.292,
                      "Actual Total Time": 84.831,
                      "Actual Rows": 1,
                      "Actual Loops": 5,
                      "Filter": "((kind_id > 4) AND (production_year = 1943))",
                      "Rows Removed by Filter": 505662
                    },
                    {
                      "Node Type": "Index Only Scan",
                      "Parent Relationship": "Inner",
                      "Parallel Aware": false,
                      "Scan Direction": "Forward",
                      "Index Name": "movie_id_movie_info_idx",
                      "Relation Name": "movie_info_idx",
                      "Alias": "mi_idx",
                      "Startup Cost": 0.43,
                      "Total Cost": 7.9,
                      "Plan Rows": 3,
                      "Plan Width": 4,
                      "Actual Startup Time": 0.047,
                      "Actual Total Time": 0.049,
                      "Actual Rows": 3,
                      "Actual Loops": 4,
                      "Index Cond": "(movie_id = t.id)",
                      "Rows Removed by Index Recheck": 0,
                      "Heap Fetches": 12
                    }
                  ]
                }
              ]
            }
          ]
        }
      ]
    },
    "Planning Time": 0.667,
    "Triggers": [],
    "Execution Time": 106.095
  }
]