{
  "Plan": {
    "Node Type": "Aggregate",
    "Strategy": "Plain",
    "Partial Mode": "Finalize",
    "Parallel Aware": false,
    "Startup Cost": 50236.32,
    "Total Cost": 50236.33,
    "Plan Rows": 1,
    "Plan Width": 8,
    "Actual Startup Time": 74.319,
    "Actual Total Time": 81.645,
    "Actual Rows": 1,
    "Actual Loops": 1,
    "Plans": [
      {
        "Node Type": "Gather",
        "Parent Relationship": "Outer",
        "Parallel Aware": false,
        "Startup Cost": 50236.21,
        "Total Cost": 50236.32,
        "Plan Rows": 1,
        "Plan Width": 8,
        "Actual Startup Time": 74.034,
        "Actual Total Time": 81.64,
        "Actual Rows": 2,
        "Actual Loops": 1,
        "Workers Planned": 1,
        "Workers Launched": 1,
        "Single Copy": false,
        "Plans": [
          {
            "Node Type": "Aggregate",
            "Strategy": "Plain",
            "Partial Mode": "Partial",
            "Parent Relationship": "Outer",
            "Parallel Aware": false,
            "Startup Cost": 49236.21,
            "Total Cost": 49236.22,
            "Plan Rows": 1,
            "Plan Width": 8,
            "Actual Startup Time": 69.561,
            "Actual Total Time": 69.562,
            "Actual Rows": 1,
            "Actual Loops": 2,
            "Plans": [
              {
                "Node Type": "Nested Loop",
                "Parent Relationship": "Outer",
                "Parallel Aware": false,
                "Join Type": "Inner",
                "Startup Cost": 1617.46,
                "Total Cost": 49231.05,
                "Plan Rows": 2062,
                "Plan Width": 0,
                "Actual Startup Time": 21.164,
                "Actual Total Time": 69.364,
                "Actual Rows": 2844,
                "Actual Loops": 2,
                "Inner Unique": false,
                "Plans": [
                  {
                    "Node Type": "Bitmap Heap Scan",
                    "Parent Relationship": "Outer",
                    "Parallel Aware": true,
                    "Relation Name": "title",
                    "Alias": "t",
                    "Startup Cost": 1617.03,
                    "Total Cost": 38415.15,
                    "Plan Rows": 1152,
                    "Plan Width": 4,
                    "Actual Startup Time": 20.677,
                    "Actual Total Time": 60.589,
                    "Actual Rows": 1134,
                    "Actual Loops": 2,
                    "Recheck Cond": "(kind_id = 2)",
                    "Rows Removed by Index Recheck": 0,
                    "Filter": "(production_year = 1999)",
                    "Rows Removed by Filter": 44292,
                    "Exact Heap Blocks": 20415,
                    "Lossy Heap Blocks": 0,
                    "Plans": [
                      {
                        "Node Type": "Bitmap Index Scan",
                        "Parent Relationship": "Outer",
                        "Parallel Aware": false,
                        "Index Name": "kind_id_title",
                        "Startup Cost": 0.0,
                        "Total Cost": 1616.54,
                        "Plan Rows": 90681,
                        "Plan Width": 0,
                        "Actual Startup Time": 16.404,
                        "Actual Total Time": 16.404,
                        "Actual Rows": 90852,
                        "Actual Loops": 1,
                        "Index Cond": "(kind_id = 2)"
                      }
                    ]
                  },
                  {
                    "Node Type": "Index Only Scan",
                    "Parent Relationship": "Inner",
                    "Parallel Aware": false,
                    "Scan Direction": "Forward",
                    "Index Name": "movie_id_movie_keyword",
                    "Relation Name": "movie_keyword",
                    "Alias": "mk",
                    "Startup Cost": 0.43,
                    "Total Cost": 8.94,
                    "Plan Rows": 45,
                    "Plan Width": 4,
                    "Actual Startup Time": 0.007,
                    "Actual Total Time": 0.007,
                    "Actual Rows": 3,
                    "Actual Loops": 2267,
                    "Index Cond": "(movie_id = t.id)",
                    "Rows Removed by Index Recheck": 0,
                    "Heap Fetches": 5687
                  }
                ]
              }
            ]
          }
        ]
      }
    ]
  },
  "Planning Time": 0.451,
  "Triggers": [],
  "Execution Time": 81.793
}