[
  {
    "Plan": {
      "Node Type": "Aggregate",
      "Strategy": "Plain",
      "Partial Mode": "Finalize",
      "Parallel Aware": false,
      "Startup Cost": 173982.27,
      "Total Cost": 173982.28,
      "Plan Rows": 1,
      "Plan Width": 8,
      "Actual Startup Time": 550.054,
      "Actual Total Time": 607.716,
      "Actual Rows": 1,
      "Actual Loops": 1,
      "Plans": [
        {
          "Node Type": "Gather",
          "Parent Relationship": "Outer",
          "Parallel Aware": false,
          "Startup Cost": 173981.95,
          "Total Cost": 173982.26,
          "Plan Rows": 3,
          "Plan Width": 8,
          "Actual Startup Time": 546.607,
          "Actual Total Time": 607.703,
          "Actual Rows": 4,
          "Actual Loops": 1,
          "Workers Planned": 3,
          "Workers Launched": 3,
          "Single Copy": false,
          "Plans": [
            {
              "Node Type": "Aggregate",
              "Strategy": "Plain",
              "Partial Mode": "Partial",
              "Parent Relationship": "Outer",
              "Parallel Aware": false,
              "Startup Cost": 172981.95,
              "Total Cost": 172981.96,
              "Plan Rows": 1,
              "Plan Width": 8,
              "Actual Startup Time": 537.841,
              "Actual Total Time": 537.845,
              "Actual Rows": 1,
              "Actual Loops": 4,
              "Plans": [
                {
                  "Node Type": "Nested Loop",
                  "Parent Relationship": "Outer",
                  "Parallel Aware": false,
                  "Join Type": "Inner",
                  "Startup Cost": 47306.46,
                  "Total Cost": 172176.47,
                  "Plan Rows": 322191,
                  "Plan Width": 0,
                  "Actual Startup Time": 198.239,
                  "Actual Total Time": 526.749,
                  "Actual Rows": 189766,
                  "Actual Loops": 4,
                  "Inner Unique": false,
                  "Plans": [
                    {
                      "Node Type": "Hash Join",
                      "Parent Relationship": "Outer",
                      "Parallel Aware": true,
                      "Join Type": "Inner",
                      "Startup Cost": 47305.9,
                      "Total Cost": 78975.92,
                      "Plan Rows": 22472,
                      "Plan Width": 8,
                      "Actual Startup Time": 198.124,
                      "Actual Total Time": 244.874,
                      "Actual Rows": 10513,
                      "Actual Loops": 4,
                      "Inner Unique": true,
                      "Hash Cond": "(mc.movie_id = t.id)",
                      "Plans": [
                        {
                          "Node Type": "Seq Scan",
                          "Parent Relationship": "Outer",
                          "Parallel Aware": true,
                          "Relation Name": "movie_companies",
                          "Alias": "mc",
                          "Startup Cost": 0.0,
                          "Total Cost": 31414.82,
                          "Plan Rows": 97221,
                          "Plan Width": 4,
                          "Actual Startup Time": 33.171,
                          "Actual Total Time": 62.299,
                          "Actual Rows": 40248,
                          "Actual Loops": 4,
                          "Filter": "((company_id < 656) AND (company_type_id = 2))",
                          "Rows Removed by Filter": 612034
                        },
                        {
                          "Node Type": "Hash",
                          "Parent Relationship": "Inner",
                          "Parallel Aware": true,
                          "Startup Cost": 45479.59,
                          "Total Cost": 45479.59,
                          "Plan Rows": 146105,
                          "Plan Width": 4,
                          "Actual Startup Time": 159.668,
                          "Actual Total Time": 159.669,
                          "Actual Rows": 121592,
                          "Actual Loops": 4,
                          "Hash Buckets": 1048576,
                          "Original Hash Buckets": 1048576,
                          "Hash Batches": 1,
                          "Original Hash Batches": 1,
                          "Peak Memory Usage": 27296,
                          "Plans": [
                            {
                              "Node Type": "Seq Scan",
                              "Parent Relationship": "Outer",
                              "Parallel Aware": true,
                              "Relation Name": "title",
                              "Alias": "t",
                              "Startup Cost": 0.0,
                              "Total Cost": 45479.59,
                              "Plan Rows": 146105,
                              "Plan Width": 4,
                              "Actual Startup Time": 0.042,
                              "Actual Total Time": 106.882,
                              "Actual Rows": 121592,
                              "Actual Loops": 4,
                              "Filter": "((production_year < 1999) AND (kind_id = 7))",
                              "Rows Removed by Filter": 510486
                            }
                          ]
                        }
                      ]
                    },
                    {
                      "Node Type": "Index Only Scan",
                      "Parent Relationship": "Inner",
                      "Parallel Aware": false,
                      "Scan Direction": "Forward",
                      "Index Name": "movie_id_cast_info",
                      "Relation Name": "cast_info",
                      "Alias": "ci",
                      "Startup Cost": 0.56,
                      "Total Cost": 3.8,
                      "Plan Rows": 35,
                      "Plan Width": 4,
                      "Actual Startup Time": 0.005,
                      "Actual Total Time": 0.025,
                      "Actual Rows": 18,
                      "Actual Loops": 42052,
                      "Index Cond": "(movie_id = t.id)",
                      "Rows Removed by Index Recheck": 0,
                      "Heap Fetches": 759062
                    }
                  ]
                }
              ]
            }
          ]
        }
      ]
    },
    "Planning Time": 1.519,
    "Triggers": [],
    "Execution Time": 607.822
  }
]