[
  {
    "Plan": {
      "Node Type": "Aggregate",
      "Strategy": "Plain",
      "Partial Mode": "Finalize",
      "Parallel Aware": false,
      "Startup Cost": 153015.79,
      "Total Cost": 153015.8,
      "Plan Rows": 1,
      "Plan Width": 8,
      "Actual Startup Time": 503.737,
      "Actual Total Time": 559.485,
      "Actual Rows": 1,
      "Actual Loops": 1,
      "Plans": [
        {
          "Node Type": "Gather",
          "Parent Relationship": "Outer",
          "Parallel Aware": false,
          "Startup Cost": 153015.37,
          "Total Cost": 153015.78,
          "Plan Rows": 4,
          "Plan Width": 8,
          "Actual Startup Time": 502.083,
          "Actual Total Time": 559.474,
          "Actual Rows": 5,
          "Actual Loops": 1,
          "Workers Planned": 4,
          "Workers Launched": 4,
          "Single Copy": false,
          "Plans": [
            {
              "Node Type": "Aggregate",
              "Strategy": "Plain",
              "Partial Mode": "Partial",
              "Parent Relationship": "Outer",
              "Parallel Aware": false,
              "Startup Cost": 152015.37,
              "Total Cost": 152015.38,
              "Plan Rows": 1,
              "Plan Width": 8,
              "Actual Startup Time": 492.017,
              "Actual Total Time": 492.021,
              "Actual Rows": 1,
              "Actual Loops": 5,
              "Plans": [
                {
                  "Node Type": "Nested Loop",
                  "Parent Relationship": "Outer",
                  "Parallel Aware": false,
                  "Join Type": "Inner",
                  "Startup Cost": 32618.57,
                  "Total Cost": 151396.57,
                  "Plan Rows": 247520,
                  "Plan Width": 0,
                  "Actual Startup Time": 81.645,
                  "Actual Total Time": 481.943,
                  "Actual Rows": 151812,
                  "Actual Loops": 5,
                  "Inner Unique": false,
                  "Plans": [
                    {
                      "Node Type": "Hash Join",
                      "Parent Relationship": "Outer",
                      "Parallel Aware": true,
                      "Join Type": "Inner",
                      "Startup Cost": 32618.01,
                      "Total Cost": 78884.65,
                      "Plan Rows": 17274,
                      "Plan Width": 8,
                      "Actual Startup Time": 81.535,
                      "Actual Total Time": 183.916,
                      "Actual Rows": 8410,
                      "Actual Loops": 5,
                      "Inner Unique": false,
                      "Hash Cond": "(t.id = mc.movie_id)",
                      "Plans": [
                        {
                          "Node Type": "Seq Scan",
                          "Parent Relationship": "Outer",
                          "Parallel Aware": true,
                          "Relation Name": "title",
                          "Alias": "t",
                          "Startup Cost": 0.0,
                          "Total Cost": 45479.1,
                          "Plan Rows": 146365,
                          "Plan Width": 4,
                          "Actual Startup Time": 0.014,
                          "Actual Total Time": 73.748,
                          "Actual Rows": 97274,
                          "Actual Loops": 5,
                          "Filter": "((production_year < 1999) AND (kind_id = 7))",
                          "Rows Removed by Filter": 408389
                        },
                        {
                          "Node Type": "Hash",
                          "Parent Relationship": "Inner",
                          "Parallel Aware": true,
                          "Startup Cost": 31414.82,
                          "Total Cost": 31414.82,
                          "Plan Rows": 96255,
                          "Plan Width": 4,
                          "Actual Startup Time": 79.053,
                          "Actual Total Time": 79.054,
                          "Actual Rows": 32198,
                          "Actual Loops": 5,
                          "Hash Buckets": 524288,
                          "Original Hash Buckets": 524288,
                          "Hash Batches": 1,
                          "Original Hash Batches": 1,
                          "Peak Memory Usage": 10528,
                          "Plans": [
                            {
                              "Node Type": "Seq Scan",
                              "Parent Relationship": "Outer",
                              "Parallel Aware": true,
                              "Relation Name": "movie_companies",
                              "Alias": "mc",
                              "Startup Cost": 0.0,
                              "Total Cost": 31414.82,
                              "Plan Rows": 96255,
                              "Plan Width": 4,
                              "Actual Startup Time": 43.036,
                              "Actual Total Time": 68.459,
                              "Actual Rows": 32198,
                              "Actual Loops": 5,
                              "Filter": "((company_id < 656) AND (company_type_id = 2))",
                              "Rows Removed by Filter": 489627
                            }
                          ]
                        }
                      ]
                    },
                    {
                      "Node Type": "Index Only Scan",
                      "Parent Relationship": "Inner",
                      "Parallel Aware": false,
                      "Scan Direction": "Forward",
                      "Index Name": "movie_id_cast_info",
                      "Relation Name": "cast_info",
                      "Alias": "ci",
                      "Startup Cost": 0.56,
                      "Total Cost": 3.83,
                      "Plan Rows": 37,
                      "Plan Width": 4,
                      "Actual Startup Time": 0.007,
                      "Actual Total Time": 0.034,
                      "Actual Rows": 18,
                      "Actual Loops": 42052,
                      "Index Cond": "(movie_id = t.id)",
                      "Rows Removed by Index Recheck": 0,
                      "Heap Fetches": 759062
                    }
                  ]
                }
              ]
            }
          ]
        }
      ]
    },
    "Planning Time": 1.395,
    "Triggers": [],
    "Execution Time": 559.588
  }
]