[
  {
    "Plan": {
      "Node Type": "Aggregate",
      "Strategy": "Plain",
      "Partial Mode": "Finalize",
      "Parallel Aware": false,
      "Startup Cost": 45013.82,
      "Total Cost": 45013.83,
      "Plan Rows": 1,
      "Plan Width": 8,
      "Actual Startup Time": 91.865,
      "Actual Total Time": 103.425,
      "Actual Rows": 1,
      "Actual Loops": 1,
      "Plans": [
        {
          "Node Type": "Gather",
          "Parent Relationship": "Outer",
          "Parallel Aware": false,
          "Startup Cost": 45013.4,
          "Total Cost": 45013.81,
          "Plan Rows": 4,
          "Plan Width": 8,
          "Actual Startup Time": 91.547,
          "Actual Total Time": 103.417,
          "Actual Rows": 5,
          "Actual Loops": 1,
          "Workers Planned": 4,
          "Workers Launched": 4,
          "Single Copy": false,
          "Plans": [
            {
              "Node Type": "Aggregate",
              "Strategy": "Plain",
              "Partial Mode": "Partial",
              "Parent Relationship": "Outer",
              "Parallel Aware": false,
              "Startup Cost": 44013.4,
              "Total Cost": 44013.41,
              "Plan Rows": 1,
              "Plan Width": 8,
              "Actual Startup Time": 85.889,
              "Actual Total Time": 85.892,
              "Actual Rows": 1,
              "Actual Loops": 5,
              "Plans": [
                {
                  "Node Type": "Seq Scan",
                  "Parent Relationship": "Outer",
                  "Parallel Aware": true,
                  "Relation Name": "title",
                  "Alias": "t",
                  "Startup Cost": 0.0,
                  "Total Cost": 43899.32,
                  "Plan Rows": 45630,
                  "Plan Width": 0,
                  "Actual Startup Time": 0.068,
                  "Actual Total Time": 83.661,
                  "Actual Rows": 38998,
                  "Actual Loops": 5,
                  "Filter": "(production_year < 1955)",
                  "Rows Removed by Filter": 466665
                }
              ]
            }
          ]
        }
      ]
    },
    "Planning Time": 0.08,
    "Triggers": [],
    "Execution Time": 103.457
  }
]