{
    "Plan": {
        "Node Type": "Aggregate",
        "Strategy": "Plain",
        "Partial Mode": "Finalize",
        "Parallel Aware": false,
        "Startup Cost": 33852.91,
        "Total Cost": 33852.92,
        "Plan Rows": 1,
        "Plan Width": 8,
        "Actual Startup Time": 227.188,
        "Actual Total Time": 242.616,
        "Actual Rows": 1,
        "Actual Loops": 1,
        "Output": [
            "count(*)"
        ],
        "Plans": [
            {
                "Node Type": "Gather",
                "Parent Relationship": "Outer",
                "Parallel Aware": false,
                "Startup Cost": 33852.59,
                "Total Cost": 33852.9,
                "Plan Rows": 3,
                "Plan Width": 8,
                "Actual Startup Time": 227.176,
                "Actual Total Time": 242.608,
                "Actual Rows": 4,
                "Actual Loops": 1,
                "Output": [
                    "(PARTIAL count(*))"
                ],
                "Workers Planned": 3,
                "Workers Launched": 3,
                "Single Copy": false,
                "Plans": [
                    {
                        "Node Type": "Aggregate",
                        "Strategy": "Plain",
                        "Partial Mode": "Partial",
                        "Parent Relationship": "Outer",
                        "Parallel Aware": false,
                        "Startup Cost": 32852.59,
                        "Total Cost": 32852.6,
                        "Plan Rows": 1,
                        "Plan Width": 8,
                        "Actual Startup Time": 214.466,
                        "Actual Total Time": 214.469,
                        "Actual Rows": 1,
                        "Actual Loops": 4,
                        "Output": [
                            "PARTIAL count(*)"
                        ],
                        "Workers": [
                            {
                                "Worker Number": 0,
                                "Actual Startup Time": 209.905,
                                "Actual Total Time": 209.909,
                                "Actual Rows": 1,
                                "Actual Loops": 1
                            },
                            {
                                "Worker Number": 1,
                                "Actual Startup Time": 210.06,
                                "Actual Total Time": 210.064,
                                "Actual Rows": 1,
                                "Actual Loops": 1
                            },
                            {
                                "Worker Number": 2,
                                "Actual Startup Time": 211.447,
                                "Actual Total Time": 211.449,
                                "Actual Rows": 1,
                                "Actual Loops": 1
                            }
                        ],
                        "Plans": [
                            {
                                "Node Type": "Nested Loop",
                                "Parent Relationship": "Outer",
                                "Parallel Aware": false,
                                "Join Type": "Inner",
                                "Startup Cost": 32570.41,
                                "Total Cost": 32852.55,
                                "Plan Rows": 15,
                                "Plan Width": 0,
                                "Actual Startup Time": 193.144,
                                "Actual Total Time": 214.385,
                                "Actual Rows": 179,
                                "Actual Loops": 4,
                                "Inner Unique": true,
                                "Workers": [
                                    {
                                        "Worker Number": 0,
                                        "Actual Startup Time": 191.809,
                                        "Actual Total Time": 209.806,
                                        "Actual Rows": 179,
                                        "Actual Loops": 1
                                    },
                                    {
                                        "Worker Number": 1,
                                        "Actual Startup Time": 191.057,
                                        "Actual Total Time": 209.978,
                                        "Actual Rows": 133,
                                        "Actual Loops": 1
                                    },
                                    {
                                        "Worker Number": 2,
                                        "Actual Startup Time": 190.952,
                                        "Actual Total Time": 211.364,
                                        "Actual Rows": 141,
                                        "Actual Loops": 1
                                    }
                                ],
                                "Plans": [
                                    {
                                        "Node Type": "Merge Join",
                                        "Parent Relationship": "Outer",
                                        "Parallel Aware": false,
                                        "Join Type": "Inner",
                                        "Startup Cost": 32569.98,
                                        "Total Cost": 32631.43,
                                        "Plan Rows": 39,
                                        "Plan Width": 8,
                                        "Actual Startup Time": 193.012,
                                        "Actual Total Time": 209.869,
                                        "Actual Rows": 179,
                                        "Actual Loops": 4,
                                        "Output": [
                                            "ci.movie_id",
                                            "mk.movie_id"
                                        ],
                                        "Inner Unique": false,
                                        "Merge Cond": "(ci.movie_id = mk.movie_id)",
                                        "Workers": [
                                            {
                                                "Worker Number": 0,
                                                "Actual Startup Time": 191.621,
                                                "Actual Total Time": 204.058,
                                                "Actual Rows": 179,
                                                "Actual Loops": 1
                                            },
                                            {
                                                "Worker Number": 1,
                                                "Actual Startup Time": 190.903,
                                                "Actual Total Time": 205.041,
                                                "Actual Rows": 133,
                                                "Actual Loops": 1
                                            },
                                            {
                                                "Worker Number": 2,
                                                "Actual Startup Time": 190.806,
                                                "Actual Total Time": 206.498,
                                                "Actual Rows": 141,
                                                "Actual Loops": 1
                                            }
                                        ],
                                        "Plans": [
                                            {
                                                "Node Type": "Sort",
                                                "Parent Relationship": "Outer",
                                                "Parallel Aware": false,
                                                "Startup Cost": 9067.22,
                                                "Total Cost": 9081.54,
                                                "Plan Rows": 5730,
                                                "Plan Width": 4,
                                                "Actual Startup Time": 46.184,
                                                "Actual Total Time": 53.296,
                                                "Actual Rows": 44496,
                                                "Actual Loops": 4,
                                                "Output": [
                                                    "ci.movie_id"
                                                ],
                                                "Sort Key": [
                                                    "ci.movie_id"
                                                ],
                                                "Sort Method": "quicksort",
                                                "Sort Space Used": 6290,
                                                "Sort Space Type": "Memory",
                                                "Workers": [
                                                    {
                                                        "Worker Number": 0,
                                                        "Actual Startup Time": 41.528,
                                                        "Actual Total Time": 47.139,
                                                        "Actual Rows": 34783,
                                                        "Actual Loops": 1
                                                    },
                                                    {
                                                        "Worker Number": 1,
                                                        "Actual Startup Time": 44.071,
                                                        "Actual Total Time": 49.851,
                                                        "Actual Rows": 34935,
                                                        "Actual Loops": 1
                                                    },
                                                    {
                                                        "Worker Number": 2,
                                                        "Actual Startup Time": 42.515,
                                                        "Actual Total Time": 49.018,
                                                        "Actual Rows": 39699,
                                                        "Actual Loops": 1
                                                    }
                                                ],
                                                "Plans": [
                                                    {
                                                        "Node Type": "Index Scan",
                                                        "Parent Relationship": "Outer",
                                                        "Parallel Aware": true,
                                                        "Scan Direction": "Forward",
                                                        "Index Name": "role_id_cast_info",
                                                        "Relation Name": "cast_info",
                                                        "Schema": "public",
                                                        "Alias": "ci",
                                                        "Startup Cost": 0.56,
                                                        "Total Cost": 8709.54,
                                                        "Plan Rows": 5730,
                                                        "Plan Width": 4,
                                                        "Actual Startup Time": 0.114,
                                                        "Actual Total Time": 30.767,
                                                        "Actual Rows": 44572,
                                                        "Actual Loops": 4,
                                                        "Output": [
                                                            "ci.movie_id"
                                                        ],
                                                        "Index Cond": "(ci.role_id > 10)",
                                                        "Rows Removed by Index Recheck": 0,
                                                        "Filter": "(ci.person_id > 3626733)",
                                                        "Rows Removed by Filter": 34458,
                                                        "Workers": [
                                                            {
                                                                "Worker Number": 0,
                                                                "Actual Startup Time": 0.092,
                                                                "Actual Total Time": 28.854,
                                                                "Actual Rows": 34868,
                                                                "Actual Loops": 1
                                                            },
                                                            {
                                                                "Worker Number": 1,
                                                                "Actual Startup Time": 0.117,
                                                                "Actual Total Time": 29.258,
                                                                "Actual Rows": 35000,
                                                                "Actual Loops": 1
                                                            },
                                                            {
                                                                "Worker Number": 2,
                                                                "Actual Startup Time": 0.161,
                                                                "Actual Total Time": 29.053,
                                                                "Actual Rows": 39768,
                                                                "Actual Loops": 1
                                                            }
                                                        ]
                                                    }
                                                ]
                                            },
                                            {
                                                "Node Type": "Sort",
                                                "Parent Relationship": "Inner",
                                                "Parallel Aware": false,
                                                "Startup Cost": 23502.76,
                                                "Total Cost": 23518.97,
                                                "Plan Rows": 6484,
                                                "Plan Width": 4,
                                                "Actual Startup Time": 146.33,
                                                "Actual Total Time": 147.088,
                                                "Actual Rows": 6527,
                                                "Actual Loops": 4,
                                                "Output": [
                                                    "mk.movie_id"
                                                ],
                                                "Sort Key": [
                                                    "mk.movie_id"
                                                ],
                                                "Sort Method": "quicksort",
                                                "Sort Space Used": 498,
                                                "Sort Space Type": "Memory",
                                                "Workers": [
                                                    {
                                                        "Worker Number": 0,
                                                        "Actual Startup Time": 148.771,
                                                        "Actual Total Time": 149.527,
                                                        "Actual Rows": 6526,
                                                        "Actual Loops": 1
                                                    },
                                                    {
                                                        "Worker Number": 1,
                                                        "Actual Startup Time": 146.488,
                                                        "Actual Total Time": 147.277,
                                                        "Actual Rows": 6526,
                                                        "Actual Loops": 1
                                                    },
                                                    {
                                                        "Worker Number": 2,
                                                        "Actual Startup Time": 148.016,
                                                        "Actual Total Time": 148.785,
                                                        "Actual Rows": 6527,
                                                        "Actual Loops": 1
                                                    }
                                                ],
                                                "Plans": [
                                                    {
                                                        "Node Type": "Index Scan",
                                                        "Parent Relationship": "Outer",
                                                        "Parallel Aware": false,
                                                        "Scan Direction": "Forward",
                                                        "Index Name": "keyword_id_movie_keyword",
                                                        "Relation Name": "movie_keyword",
                                                        "Schema": "public",
                                                        "Alias": "mk",
                                                        "Startup Cost": 0.43,
                                                        "Total Cost": 23092.24,
                                                        "Plan Rows": 6484,
                                                        "Plan Width": 4,
                                                        "Actual Startup Time": 7.451,
                                                        "Actual Total Time": 139.791,
                                                        "Actual Rows": 6525,
                                                        "Actual Loops": 4,
                                                        "Output": [
                                                            "mk.movie_id"
                                                        ],
                                                        "Index Cond": "(mk.keyword_id = 70)",
                                                        "Rows Removed by Index Recheck": 0,
                                                        "Workers": [
                                                            {
                                                                "Worker Number": 0,
                                                                "Actual Startup Time": 8.6,
                                                                "Actual Total Time": 140.793,
                                                                "Actual Rows": 6525,
                                                                "Actual Loops": 1
                                                            },
                                                            {
                                                                "Worker Number": 1,
                                                                "Actual Startup Time": 7.0,
                                                                "Actual Total Time": 138.95,
                                                                "Actual Rows": 6525,
                                                                "Actual Loops": 1
                                                            },
                                                            {
                                                                "Worker Number": 2,
                                                                "Actual Startup Time": 8.47,
                                                                "Actual Total Time": 140.673,
                                                                "Actual Rows": 6525,
                                                                "Actual Loops": 1
                                                            }
                                                        ]
                                                    }
                                                ]
                                            }
                                        ]
                                    },
                                    {
                                        "Node Type": "Index Only Scan",
                                        "Parent Relationship": "Inner",
                                        "Parallel Aware": false,
                                        "Scan Direction": "Forward",
                                        "Index Name": "title_pkey",
                                        "Relation Name": "title",
                                        "Schema": "public",
                                        "Alias": "t",
                                        "Startup Cost": 0.43,
                                        "Total Cost": 5.67,
                                        "Plan Rows": 1,
                                        "Plan Width": 4,
                                        "Actual Startup Time": 0.024,
                                        "Actual Total Time": 0.024,
                                        "Actual Rows": 1,
                                        "Actual Loops": 715,
                                        "Output": [
                                            "t.id"
                                        ],
                                        "Index Cond": "(t.id = ci.movie_id)",
                                        "Rows Removed by Index Recheck": 0,
                                        "Heap Fetches": 715,
                                        "Workers": [
                                            {
                                                "Worker Number": 0,
                                                "Actual Startup Time": 0.031,
                                                "Actual Total Time": 0.031,
                                                "Actual Rows": 1,
                                                "Actual Loops": 179
                                            },
                                            {
                                                "Worker Number": 1,
                                                "Actual Startup Time": 0.035,
                                                "Actual Total Time": 0.035,
                                                "Actual Rows": 1,
                                                "Actual Loops": 133
                                            },
                                            {
                                                "Worker Number": 2,
                                                "Actual Startup Time": 0.033,
                                                "Actual Total Time": 0.033,
                                                "Actual Rows": 1,
                                                "Actual Loops": 141
                                            }
                                        ]
                                    }
                                ]
                            }
                        ]
                    }
                ]
            }
        ]
    },
    "Planning Time": 1.571,
    "Triggers": [],
    "Execution Time": 242.727
}