[
  {
    "Plan": {
      "Node Type": "Aggregate",
      "Strategy": "Plain",
      "Partial Mode": "Finalize",
      "Parallel Aware": false,
      "Startup Cost": 341351.09,
      "Total Cost": 341351.1,
      "Plan Rows": 1,
      "Plan Width": 8,
      "Actual Startup Time": 852.25,
      "Actual Total Time": 898.664,
      "Actual Rows": 1,
      "Actual Loops": 1,
      "Plans": [
        {
          "Node Type": "Gather",
          "Parent Relationship": "Outer",
          "Parallel Aware": false,
          "Startup Cost": 341350.46,
          "Total Cost": 341351.07,
          "Plan Rows": 6,
          "Plan Width": 8,
          "Actual Startup Time": 852.009,
          "Actual Total Time": 898.647,
          "Actual Rows": 7,
          "Actual Loops": 1,
          "Workers Planned": 6,
          "Workers Launched": 6,
          "Single Copy": false,
          "Plans": [
            {
              "Node Type": "Aggregate",
              "Strategy": "Plain",
              "Partial Mode": "Partial",
              "Parent Relationship": "Outer",
              "Parallel Aware": false,
              "Startup Cost": 340350.46,
              "Total Cost": 340350.47,
              "Plan Rows": 1,
              "Plan Width": 8,
              "Actual Startup Time": 844.109,
              "Actual Total Time": 844.11,
              "Actual Rows": 1,
              "Actual Loops": 7,
              "Plans": [
                {
                  "Node Type": "Seq Scan",
                  "Parent Relationship": "Outer",
                  "Parallel Aware": true,
                  "Relation Name": "cast_info",
                  "Alias": "ci",
                  "Startup Cost": 0.0,
                  "Total Cost": 328211.39,
                  "Plan Rows": 4855628,
                  "Plan Width": 0,
                  "Actual Startup Time": 0.051,
                  "Actual Total Time": 643.541,
                  "Actual Rows": 4174206,
                  "Actual Loops": 7,
                  "Filter": "(person_id < 2962713)",
                  "Rows Removed by Filter": 1003557
                }
              ]
            }
          ]
        }
      ]
    },
    "Planning Time": 0.1,
    "Triggers": [],
    "Execution Time": 898.71
  }
]