[
  {
    "Plan": {
      "Node Type": "Aggregate",
      "Strategy": "Plain",
      "Partial Mode": "Finalize",
      "Parallel Aware": false,
      "Startup Cost": 300899.02,
      "Total Cost": 300899.03,
      "Plan Rows": 1,
      "Plan Width": 8,
      "Actual Startup Time": 2882.514,
      "Actual Total Time": 2934.036,
      "Actual Rows": 1,
      "Actual Loops": 1,
      "Plans": [
        {
          "Node Type": "Gather",
          "Parent Relationship": "Outer",
          "Parallel Aware": false,
          "Startup Cost": 300898.49,
          "Total Cost": 300899.0,
          "Plan Rows": 5,
          "Plan Width": 8,
          "Actual Startup Time": 2863.657,
          "Actual Total Time": 2934.023,
          "Actual Rows": 6,
          "Actual Loops": 1,
          "Workers Planned": 5,
          "Workers Launched": 5,
          "Single Copy": false,
          "Plans": [
            {
              "Node Type": "Aggregate",
              "Strategy": "Plain",
              "Partial Mode": "Partial",
              "Parent Relationship": "Outer",
              "Parallel Aware": false,
              "Startup Cost": 299898.49,
              "Total Cost": 299898.5,
              "Plan Rows": 1,
              "Plan Width": 8,
              "Actual Startup Time": 2853.373,
              "Actual Total Time": 2853.473,
              "Actual Rows": 1,
              "Actual Loops": 6,
              "Plans": [
                {
                  "Node Type": "Hash Join",
                  "Parent Relationship": "Outer",
                  "Parallel Aware": true,
                  "Join Type": "Inner",
                  "Startup Cost": 93882.01,
                  "Total Cost": 298427.78,
                  "Plan Rows": 588285,
                  "Plan Width": 0,
                  "Actual Startup Time": 420.665,
                  "Actual Total Time": 2223.65,
                  "Actual Rows": 14601064,
                  "Actual Loops": 6,
                  "Inner Unique": false,
                  "Hash Cond": "(mi.movie_id = t.id)",
                  "Plans": [
                    {
                      "Node Type": "Seq Scan",
                      "Parent Relationship": "Outer",
                      "Parallel Aware": true,
                      "Relation Name": "movie_info",
                      "Alias": "mi",
                      "Startup Cost": 0.0,
                      "Total Cost": 191560.33,
                      "Plan Rows": 2956733,
                      "Plan Width": 4,
                      "Actual Startup Time": 0.034,
                      "Actual Total Time": 309.474,
                      "Actual Rows": 2472620,
                      "Actual Loops": 6
                    },
                    {
                      "Node Type": "Hash",
                      "Parent Relationship": "Inner",
                      "Parallel Aware": true,
                      "Startup Cost": 91853.62,
                      "Total Cost": 91853.62,
                      "Plan Rows": 162271,
                      "Plan Width": 8,
                      "Actual Startup Time": 404.411,
                      "Actual Total Time": 404.509,
                      "Actual Rows": 213066,
                      "Actual Loops": 6,
                      "Hash Buckets": 2097152,
                      "Original Hash Buckets": 524288,
                      "Hash Batches": 1,
                      "Original Hash Batches": 1,
                      "Peak Memory Usage": 78816,
                      "Plans": [
                        {
                          "Node Type": "Hash Join",
                          "Parent Relationship": "Outer",
                          "Parallel Aware": true,
                          "Join Type": "Inner",
                          "Startup Cost": 47452.84,
                          "Total Cost": 91853.62,
                          "Plan Rows": 162271,
                          "Plan Width": 8,
                          "Actual Startup Time": 169.763,
                          "Actual Total Time": 300.299,
                          "Actual Rows": 213066,
                          "Actual Loops": 6,
                          "Inner Unique": true,
                          "Hash Cond": "(mk.movie_id = t.id)",
                          "Plans": [
                            {
                              "Node Type": "Seq Scan",
                              "Parent Relationship": "Outer",
                              "Parallel Aware": true,
                              "Relation Name": "movie_keyword",
                              "Alias": "mk",
                              "Startup Cost": 0.0,
                              "Total Cost": 42695.65,
                              "Plan Rows": 649575,
                              "Plan Width": 4,
                              "Actual Startup Time": 0.029,
                              "Actual Total Time": 87.89,
                              "Actual Rows": 336421,
                              "Actual Loops": 6,
                              "Filter": "(keyword_id < 3617)",
                              "Rows Removed by Filter": 417568
                            },
                            {
                              "Node Type": "Hash",
                              "Parent Relationship": "Inner",
                              "Parallel Aware": true,
                              "Startup Cost": 45479.1,
                              "Total Cost": 45479.1,
                              "Plan Rows": 157899,
                              "Plan Width": 4,
                              "Actual Startup Time": 143.024,
                              "Actual Total Time": 143.025,
                              "Actual Rows": 100765,
                              "Actual Loops": 6,
                              "Hash Buckets": 1048576,
                              "Original Hash Buckets": 1048576,
                              "Hash Batches": 1,
                              "Original Hash Batches": 1,
                              "Peak Memory Usage": 31904,
                              "Plans": [
                                {
                                  "Node Type": "Seq Scan",
                                  "Parent Relationship": "Outer",
                                  "Parallel Aware": true,
                                  "Relation Name": "title",
                                  "Alias": "t",
                                  "Startup Cost": 0.0,
                                  "Total Cost": 45479.1,
                                  "Plan Rows": 157899,
                                  "Plan Width": 4,
                                  "Actual Startup Time": 48.6,
                                  "Actual Total Time": 93.623,
                                  "Actual Rows": 100765,
                                  "Actual Loops": 6,
                                  "Filter": "((production_year > 1913) AND (kind_id = 1))",
                                  "Rows Removed by Filter": 320620
                                }
                              ]
                            }
                          ]
                        }
                      ]
                    }
                  ]
                }
              ]
            }
          ]
        }
      ]
    },
    "Planning Time": 1.397,
    "Triggers": [],
    "Execution Time": 2934.141
  }
]