[
  {
    "Plan": {
      "Node Type": "Aggregate",
      "Strategy": "Plain",
      "Partial Mode": "Finalize",
      "Parallel Aware": false,
      "Startup Cost": 74330.1,
      "Total Cost": 74330.11,
      "Plan Rows": 1,
      "Plan Width": 8,
      "Actual Startup Time": 229.062,
      "Actual Total Time": 244.29,
      "Actual Rows": 1,
      "Actual Loops": 1,
      "Plans": [
        {
          "Node Type": "Gather",
          "Parent Relationship": "Outer",
          "Parallel Aware": false,
          "Startup Cost": 74329.68,
          "Total Cost": 74330.09,
          "Plan Rows": 4,
          "Plan Width": 8,
          "Actual Startup Time": 227.691,
          "Actual Total Time": 244.281,
          "Actual Rows": 5,
          "Actual Loops": 1,
          "Workers Planned": 4,
          "Workers Launched": 4,
          "Single Copy": false,
          "Plans": [
            {
              "Node Type": "Aggregate",
              "Strategy": "Plain",
              "Partial Mode": "Partial",
              "Parent Relationship": "Outer",
              "Parallel Aware": false,
              "Startup Cost": 73329.68,
              "Total Cost": 73329.69,
              "Plan Rows": 1,
              "Plan Width": 8,
              "Actual Startup Time": 217.973,
              "Actual Total Time": 217.978,
              "Actual Rows": 1,
              "Actual Loops": 5,
              "Plans": [
                {
                  "Node Type": "Hash Join",
                  "Parent Relationship": "Outer",
                  "Parallel Aware": true,
                  "Join Type": "Inner",
                  "Startup Cost": 27718.63,
                  "Total Cost": 73240.19,
                  "Plan Rows": 35796,
                  "Plan Width": 0,
                  "Actual Startup Time": 161.284,
                  "Actual Total Time": 216.701,
                  "Actual Rows": 26347,
                  "Actual Loops": 5,
                  "Inner Unique": false,
                  "Hash Cond": "(t.id = mc.movie_id)",
                  "Plans": [
                    {
                      "Node Type": "Seq Scan",
                      "Parent Relationship": "Outer",
                      "Parallel Aware": true,
                      "Relation Name": "title",
                      "Alias": "t",
                      "Startup Cost": 0.0,
                      "Total Cost": 43898.92,
                      "Plan Rows": 301434,
                      "Plan Width": 4,
                      "Actual Startup Time": 0.014,
                      "Actual Total Time": 80.579,
                      "Actual Rows": 238504,
                      "Actual Loops": 5,
                      "Filter": "(production_year > 2003)",
                      "Rows Removed by Filter": 267159
                    },
                    {
                      "Node Type": "Hash",
                      "Parent Relationship": "Inner",
                      "Parallel Aware": true,
                      "Startup Cost": 26507.97,
                      "Total Cost": 26507.97,
                      "Plan Rows": 96853,
                      "Plan Width": 4,
                      "Actual Startup Time": 79.994,
                      "Actual Total Time": 79.997,
                      "Actual Rows": 60100,
                      "Actual Loops": 5,
                      "Hash Buckets": 524288,
                      "Original Hash Buckets": 524288,
                      "Hash Batches": 1,
                      "Original Hash Batches": 1,
                      "Peak Memory Usage": 15904,
                      "Plans": [
                        {
                          "Node Type": "Bitmap Heap Scan",
                          "Parent Relationship": "Outer",
                          "Parallel Aware": true,
                          "Relation Name": "movie_companies",
                          "Alias": "mc",
                          "Startup Cost": 6507.31,
                          "Total Cost": 26507.97,
                          "Plan Rows": 96853,
                          "Plan Width": 4,
                          "Actual Startup Time": 24.455,
                          "Actual Total Time": 52.289,
                          "Actual Rows": 60100,
                          "Actual Loops": 5,
                          "Recheck Cond": "(company_id > 94211)",
                          "Rows Removed by Index Recheck": 0,
                          "Exact Heap Blocks": 1935,
                          "Lossy Heap Blocks": 0,
                          "Plans": [
                            {
                              "Node Type": "Bitmap Index Scan",
                              "Parent Relationship": "Outer",
                              "Parallel Aware": false,
                              "Index Name": "company_id_movie_companies",
                              "Startup Cost": 0.0,
                              "Total Cost": 6432.25,
                              "Plan Rows": 300243,
                              "Plan Width": 0,
                              "Actual Startup Time": 23.459,
                              "Actual Total Time": 23.459,
                              "Actual Rows": 300501,
                              "Actual Loops": 1,
                              "Index Cond": "(company_id > 94211)"
                            }
                          ]
                        }
                      ]
                    }
                  ]
                }
              ]
            }
          ]
        }
      ]
    },
    "Planning Time": 0.622,
    "Triggers": [],
    "Execution Time": 244.382
  }
]