[
  {
    "Plan": {
      "Node Type": "Aggregate",
      "Strategy": "Plain",
      "Partial Mode": "Finalize",
      "Parallel Aware": false,
      "Startup Cost": 45746.57,
      "Total Cost": 45746.58,
      "Plan Rows": 1,
      "Plan Width": 8,
      "Actual Startup Time": 136.788,
      "Actual Total Time": 144.033,
      "Actual Rows": 1,
      "Actual Loops": 1,
      "Plans": [
        {
          "Node Type": "Gather",
          "Parent Relationship": "Outer",
          "Parallel Aware": false,
          "Startup Cost": 45746.26,
          "Total Cost": 45746.57,
          "Plan Rows": 3,
          "Plan Width": 8,
          "Actual Startup Time": 136.654,
          "Actual Total Time": 144.026,
          "Actual Rows": 4,
          "Actual Loops": 1,
          "Workers Planned": 3,
          "Workers Launched": 3,
          "Single Copy": false,
          "Plans": [
            {
              "Node Type": "Aggregate",
              "Strategy": "Plain",
              "Partial Mode": "Partial",
              "Parent Relationship": "Outer",
              "Parallel Aware": false,
              "Startup Cost": 44746.26,
              "Total Cost": 44746.27,
              "Plan Rows": 1,
              "Plan Width": 8,
              "Actual Startup Time": 132.899,
              "Actual Total Time": 132.9,
              "Actual Rows": 1,
              "Actual Loops": 4,
              "Plans": [
                {
                  "Node Type": "Seq Scan",
                  "Parent Relationship": "Outer",
                  "Parallel Aware": true,
                  "Relation Name": "movie_keyword",
                  "Alias": "mk",
                  "Startup Cost": 0.0,
                  "Total Cost": 42695.65,
                  "Plan Rows": 820241,
                  "Plan Width": 0,
                  "Actual Startup Time": 0.028,
                  "Actual Total Time": 104.574,
                  "Actual Rows": 637550,
                  "Actual Loops": 4,
                  "Filter": "(keyword_id < 6427)",
                  "Rows Removed by Filter": 493432
                }
              ]
            }
          ]
        }
      ]
    },
    "Planning Time": 0.142,
    "Triggers": [],
    "Execution Time": 144.088
  }
]