[
  {
    "Plan": {
      "Node Type": "Aggregate",
      "Strategy": "Plain",
      "Partial Mode": "Finalize",
      "Parallel Aware": false,
      "Startup Cost": 45755.36,
      "Total Cost": 45755.37,
      "Plan Rows": 1,
      "Plan Width": 8,
      "Actual Startup Time": 153.283,
      "Actual Total Time": 162.894,
      "Actual Rows": 1,
      "Actual Loops": 1,
      "Plans": [
        {
          "Node Type": "Gather",
          "Parent Relationship": "Outer",
          "Parallel Aware": false,
          "Startup Cost": 45755.05,
          "Total Cost": 45755.36,
          "Plan Rows": 3,
          "Plan Width": 8,
          "Actual Startup Time": 153.18,
          "Actual Total Time": 162.886,
          "Actual Rows": 4,
          "Actual Loops": 1,
          "Workers Planned": 3,
          "Workers Launched": 3,
          "Single Copy": false,
          "Plans": [
            {
              "Node Type": "Aggregate",
              "Strategy": "Plain",
              "Partial Mode": "Partial",
              "Parent Relationship": "Outer",
              "Parallel Aware": false,
              "Startup Cost": 44755.05,
              "Total Cost": 44755.06,
              "Plan Rows": 1,
              "Plan Width": 8,
              "Actual Startup Time": 146.416,
              "Actual Total Time": 146.417,
              "Actual Rows": 1,
              "Actual Loops": 4,
              "Plans": [
                {
                  "Node Type": "Seq Scan",
                  "Parent Relationship": "Outer",
                  "Parallel Aware": true,
                  "Relation Name": "movie_keyword",
                  "Alias": "mk",
                  "Startup Cost": 0.0,
                  "Total Cost": 42695.65,
                  "Plan Rows": 823757,
                  "Plan Width": 0,
                  "Actual Startup Time": 0.054,
                  "Actual Total Time": 117.107,
                  "Actual Rows": 637550,
                  "Actual Loops": 4,
                  "Filter": "(keyword_id < 6427)",
                  "Rows Removed by Filter": 493432
                }
              ]
            }
          ]
        }
      ]
    },
    "Planning Time": 0.183,
    "Triggers": [],
    "Execution Time": 162.951
  }
]