[
  {
    "Plan": {
      "Node Type": "Aggregate",
      "Strategy": "Plain",
      "Partial Mode": "Finalize",
      "Parallel Aware": false,
      "Startup Cost": 45610.58,
      "Total Cost": 45610.59,
      "Plan Rows": 1,
      "Plan Width": 8,
      "Actual Startup Time": 151.264,
      "Actual Total Time": 161.068,
      "Actual Rows": 1,
      "Actual Loops": 1,
      "Plans": [
        {
          "Node Type": "Gather",
          "Parent Relationship": "Outer",
          "Parallel Aware": false,
          "Startup Cost": 45610.26,
          "Total Cost": 45610.57,
          "Plan Rows": 3,
          "Plan Width": 8,
          "Actual Startup Time": 151.147,
          "Actual Total Time": 161.061,
          "Actual Rows": 4,
          "Actual Loops": 1,
          "Workers Planned": 3,
          "Workers Launched": 3,
          "Single Copy": false,
          "Plans": [
            {
              "Node Type": "Aggregate",
              "Strategy": "Plain",
              "Partial Mode": "Partial",
              "Parent Relationship": "Outer",
              "Parallel Aware": false,
              "Startup Cost": 44610.26,
              "Total Cost": 44610.27,
              "Plan Rows": 1,
              "Plan Width": 8,
              "Actual Startup Time": 145.382,
              "Actual Total Time": 145.383,
              "Actual Rows": 1,
              "Actual Loops": 4,
              "Plans": [
                {
                  "Node Type": "Seq Scan",
                  "Parent Relationship": "Outer",
                  "Parallel Aware": true,
                  "Relation Name": "movie_keyword",
                  "Alias": "mk",
                  "Startup Cost": 0.0,
                  "Total Cost": 42695.65,
                  "Plan Rows": 765842,
                  "Plan Width": 0,
                  "Actual Startup Time": 0.595,
                  "Actual Total Time": 116.675,
                  "Actual Rows": 592383,
                  "Actual Loops": 4,
                  "Filter": "(keyword_id > 4067)",
                  "Rows Removed by Filter": 538600
                }
              ]
            }
          ]
        }
      ]
    },
    "Planning Time": 0.183,
    "Triggers": [],
    "Execution Time": 161.125
  }
]