{
  "Plan": {
    "Node Type": "Aggregate",
    "Strategy": "Plain",
    "Partial Mode": "Finalize",
    "Parallel Aware": false,
    "Startup Cost": 157334.4,
    "Total Cost": 157334.41,
    "Plan Rows": 1,
    "Plan Width": 8,
    "Actual Startup Time": 719.359,
    "Actual Total Time": 740.559,
    "Actual Rows": 1,
    "Actual Loops": 1,
    "Plans": [
      {
        "Node Type": "Gather",
        "Parent Relationship": "Outer",
        "Parallel Aware": false,
        "Startup Cost": 157334.28,
        "Total Cost": 157334.39,
        "Plan Rows": 1,
        "Plan Width": 8,
        "Actual Startup Time": 718.098,
        "Actual Total Time": 740.552,
        "Actual Rows": 2,
        "Actual Loops": 1,
        "Workers Planned": 1,
        "Workers Launched": 1,
        "Single Copy": false,
        "Plans": [
          {
            "Node Type": "Aggregate",
            "Strategy": "Plain",
            "Partial Mode": "Partial",
            "Parent Relationship": "Outer",
            "Parallel Aware": false,
            "Startup Cost": 156334.28,
            "Total Cost": 156334.29,
            "Plan Rows": 1,
            "Plan Width": 8,
            "Actual Startup Time": 711.895,
            "Actual Total Time": 711.901,
            "Actual Rows": 1,
            "Actual Loops": 2,
            "Plans": [
              {
                "Node Type": "Hash Join",
                "Parent Relationship": "Outer",
                "Parallel Aware": true,
                "Join Type": "Inner",
                "Startup Cost": 94556.71,
                "Total Cost": 156115.68,
                "Plan Rows": 87440,
                "Plan Width": 0,
                "Actual Startup Time": 383.544,
                "Actual Total Time": 705.748,
                "Actual Rows": 147992,
                "Actual Loops": 2,
                "Inner Unique": false,
                "Hash Cond": "(mk.movie_id = t.id)",
                "Plans": [
                  {
                    "Node Type": "Seq Scan",
                    "Parent Relationship": "Outer",
                    "Parallel Aware": true,
                    "Relation Name": "movie_keyword",
                    "Alias": "mk",
                    "Startup Cost": 0.0,
                    "Total Cost": 51065.35,
                    "Plan Rows": 2661135,
                    "Plan Width": 4,
                    "Actual Startup Time": 0.011,
                    "Actual Total Time": 152.679,
                    "Actual Rows": 2261965,
                    "Actual Loops": 2
                  },
                  {
                    "Node Type": "Hash",
                    "Parent Relationship": "Inner",
                    "Parallel Aware": true,
                    "Startup Cost": 93945.86,
                    "Total Cost": 93945.86,
                    "Plan Rows": 48868,
                    "Plan Width": 8,
                    "Actual Startup Time": 381.176,
                    "Actual Total Time": 381.181,
                    "Actual Rows": 47125,
                    "Actual Loops": 2,
                    "Hash Buckets": 131072,
                    "Original Hash Buckets": 131072,
                    "Hash Batches": 1,
                    "Original Hash Batches": 1,
                    "Peak Memory Usage": 4736,
                    "Plans": [
                      {
                        "Node Type": "Hash Join",
                        "Parent Relationship": "Outer",
                        "Parallel Aware": true,
                        "Join Type": "Inner",
                        "Startup Cost": 30976.58,
                        "Total Cost": 93945.86,
                        "Plan Rows": 48868,
                        "Plan Width": 8,
                        "Actual Startup Time": 121.484,
                        "Actual Total Time": 368.832,
                        "Actual Rows": 47125,
                        "Actual Loops": 2,
                        "Inner Unique": false,
                        "Hash Cond": "(t.id = mc.movie_id)",
                        "Plans": [
                          {
                            "Node Type": "Seq Scan",
                            "Parent Relationship": "Outer",
                            "Parallel Aware": true,
                            "Relation Name": "title",
                            "Alias": "t",
                            "Startup Cost": 0.0,
                            "Total Cost": 58306.47,
                            "Plan Rows": 700057,
                            "Plan Width": 4,
                            "Actual Startup Time": 0.011,
                            "Actual Total Time": 145.955,
                            "Actual Rows": 656310,
                            "Actual Loops": 2,
                            "Filter": "((kind_id > 3) AND (production_year > 1988))",
                            "Rows Removed by Filter": 607846
                          },
                          {
                            "Node Type": "Hash",
                            "Parent Relationship": "Inner",
                            "Parallel Aware": true,
                            "Startup Cost": 29678.88,
                            "Total Cost": 29678.88,
                            "Plan Rows": 103816,
                            "Plan Width": 4,
                            "Actual Startup Time": 119.234,
                            "Actual Total Time": 119.236,
                            "Actual Rows": 138051,
                            "Actual Loops": 2,
                            "Hash Buckets": 524288,
                            "Original Hash Buckets": 262144,
                            "Hash Batches": 1,
                            "Original Hash Batches": 1,
                            "Peak Memory Usage": 16992,
                            "Plans": [
                              {
                                "Node Type": "Bitmap Heap Scan",
                                "Parent Relationship": "Outer",
                                "Parallel Aware": true,
                                "Relation Name": "movie_companies",
                                "Alias": "mc",
                                "Startup Cost": 7725.46,
                                "Total Cost": 29678.88,
                                "Plan Rows": 103816,
                                "Plan Width": 4,
                                "Actual Startup Time": 31.839,
                                "Actual Total Time": 85.959,
                                "Actual Rows": 138051,
                                "Actual Loops": 2,
                                "Recheck Cond": "(company_id < 172)",
                                "Rows Removed by Index Recheck": 0,
                                "Filter": "(company_type_id < 2)",
                                "Rows Removed by Filter": 39416,
                                "Exact Heap Blocks": 11712,
                                "Lossy Heap Blocks": 0,
                                "Plans": [
                                  {
                                    "Node Type": "Bitmap Index Scan",
                                    "Parent Relationship": "Outer",
                                    "Parallel Aware": false,
                                    "Index Name": "company_id_movie_companies",
                                    "Startup Cost": 0.0,
                                    "Total Cost": 7681.34,
                                    "Plan Rows": 358521,
                                    "Plan Width": 0,
                                    "Actual Startup Time": 29.857,
                                    "Actual Total Time": 29.857,
                                    "Actual Rows": 354933,
                                    "Actual Loops": 1,
                                    "Index Cond": "(company_id < 172)"
                                  }
                                ]
                              }
                            ]
                          }
                        ]
                      }
                    ]
                  }
                ]
              }
            ]
          }
        ]
      }
    ]
  },
  "Planning Time": 1.153,
  "Triggers": [],
  "Execution Time": 740.663
}