{
    "Plan": {
        "Node Type": "Aggregate",
        "Strategy": "Plain",
        "Partial Mode": "Simple",
        "Parallel Aware": false,
        "Startup Cost": 40000438609.97,
        "Total Cost": 40000438609.98,
        "Plan Rows": 1,
        "Plan Width": 96,
        "Actual Startup Time": 1532.757,
        "Actual Total Time": 1532.772,
        "Actual Rows": 1,
        "Actual Loops": 1,
        "Output": [
            "min(cn.name)",
            "min((lt.link)::text)",
            "min(t.title)"
        ],
        "Plans": [
            {
                "Node Type": "Nested Loop",
                "Parent Relationship": "Outer",
                "Parallel Aware": false,
                "Join Type": "Inner",
                "Startup Cost": 40000431304.23,
                "Total Cost": 40000438609.96,
                "Plan Rows": 1,
                "Plan Width": 48,
                "Actual Startup Time": 1532.752,
                "Actual Total Time": 1532.765,
                "Actual Rows": 0,
                "Actual Loops": 1,
                "Output": [
                    "cn.name",
                    "lt.link",
                    "t.title"
                ],
                "Inner Unique": true,
                "Plans": [
                    {
                        "Node Type": "Hash Join",
                        "Parent Relationship": "Outer",
                        "Parallel Aware": false,
                        "Join Type": "Inner",
                        "Startup Cost": 30000431304.09,
                        "Total Cost": 30000438601.79,
                        "Plan Rows": 1,
                        "Plan Width": 52,
                        "Actual Startup Time": 1532.75,
                        "Actual Total Time": 1532.763,
                        "Actual Rows": 0,
                        "Actual Loops": 1,
                        "Output": [
                            "cn.name",
                            "mc.company_type_id",
                            "lt.link",
                            "t.title"
                        ],
                        "Inner Unique": false,
                        "Hash Cond": "(cn.id = mc.company_id)",
                        "Plans": [
                            {
                                "Node Type": "Seq Scan",
                                "Parent Relationship": "Outer",
                                "Parallel Aware": false,
                                "Relation Name": "company_name",
                                "Schema": "public",
                                "Alias": "cn",
                                "Startup Cost": 0.0,
                                "Total Cost": 7107.45,
                                "Plan Rows": 50732,
                                "Plan Width": 23,
                                "Actual Startup Time": 0.037,
                                "Actual Total Time": 0.037,
                                "Actual Rows": 1,
                                "Actual Loops": 1,
                                "Output": [
                                    "cn.id",
                                    "cn.name",
                                    "cn.country_code",
                                    "cn.imdb_id",
                                    "cn.name_pcode_nf",
                                    "cn.name_pcode_sf",
                                    "cn.md5sum"
                                ],
                                "Filter": "(((cn.country_code)::text <> '[pl]'::text) AND ((cn.name ~~ '%Film%'::text) OR (cn.name ~~ '%Warner%'::text)))",
                                "Rows Removed by Filter": 3
                            },
                            {
                                "Node Type": "Hash",
                                "Parent Relationship": "Inner",
                                "Parallel Aware": false,
                                "Startup Cost": 30000431304.07,
                                "Total Cost": 30000431304.07,
                                "Plan Rows": 2,
                                "Plan Width": 37,
                                "Actual Startup Time": 1532.701,
                                "Actual Total Time": 1532.712,
                                "Actual Rows": 0,
                                "Actual Loops": 1,
                                "Output": [
                                    "mc.company_type_id",
                                    "mc.company_id",
                                    "lt.link",
                                    "t.title"
                                ],
                                "Hash Buckets": 1024,
                                "Original Hash Buckets": 1024,
                                "Hash Batches": 1,
                                "Original Hash Batches": 1,
                                "Peak Memory Usage": 8,
                                "Plans": [
                                    {
                                        "Node Type": "Merge Join",
                                        "Parent Relationship": "Outer",
                                        "Parallel Aware": false,
                                        "Join Type": "Inner",
                                        "Startup Cost": 30000430867.92,
                                        "Total Cost": 30000431304.07,
                                        "Plan Rows": 2,
                                        "Plan Width": 37,
                                        "Actual Startup Time": 1532.7,
                                        "Actual Total Time": 1532.711,
                                        "Actual Rows": 0,
                                        "Actual Loops": 1,
                                        "Output": [
                                            "mc.company_type_id",
                                            "mc.company_id",
                                            "lt.link",
                                            "t.title"
                                        ],
                                        "Inner Unique": false,
                                        "Merge Cond": "(ml.movie_id = t.id)",
                                        "Plans": [
                                            {
                                                "Node Type": "Sort",
                                                "Parent Relationship": "Outer",
                                                "Parallel Aware": false,
                                                "Startup Cost": 30000236930.29,
                                                "Total Cost": 30000236930.3,
                                                "Plan Rows": 5,
                                                "Plan Width": 36,
                                                "Actual Startup Time": 894.993,
                                                "Actual Total Time": 895.15,
                                                "Actual Rows": 3704,
                                                "Actual Loops": 1,
                                                "Output": [
                                                    "mk.movie_id",
                                                    "mc.movie_id",
                                                    "mc.company_type_id",
                                                    "mc.company_id",
                                                    "mi.movie_id",
                                                    "ml.movie_id",
                                                    "lt.link"
                                                ],
                                                "Sort Key": [
                                                    "mk.movie_id"
                                                ],
                                                "Sort Method": "quicksort",
                                                "Sort Space Used": 386,
                                                "Sort Space Type": "Memory",
                                                "Plans": [
                                                    {
                                                        "Node Type": "Hash Join",
                                                        "Parent Relationship": "Outer",
                                                        "Parallel Aware": false,
                                                        "Join Type": "Inner",
                                                        "Startup Cost": 30000234197.84,
                                                        "Total Cost": 30000236930.23,
                                                        "Plan Rows": 5,
                                                        "Plan Width": 36,
                                                        "Actual Startup Time": 885.531,
                                                        "Actual Total Time": 894.381,
                                                        "Actual Rows": 3704,
                                                        "Actual Loops": 1,
                                                        "Output": [
                                                            "mk.movie_id",
                                                            "mc.movie_id",
                                                            "mc.company_type_id",
                                                            "mc.company_id",
                                                            "mi.movie_id",
                                                            "ml.movie_id",
                                                            "lt.link"
                                                        ],
                                                        "Inner Unique": true,
                                                        "Hash Cond": "(ml.link_type_id = lt.id)",
                                                        "Plans": [
                                                            {
                                                                "Node Type": "Hash Join",
                                                                "Parent Relationship": "Outer",
                                                                "Parallel Aware": false,
                                                                "Join Type": "Inner",
                                                                "Startup Cost": 20000234185.37,
                                                                "Total Cost": 20000236917.46,
                                                                "Plan Rows": 96,
                                                                "Plan Width": 28,
                                                                "Actual Startup Time": 885.433,
                                                                "Actual Total Time": 893.785,
                                                                "Actual Rows": 3988,
                                                                "Actual Loops": 1,
                                                                "Output": [
                                                                    "mk.movie_id",
                                                                    "mc.movie_id",
                                                                    "mc.company_type_id",
                                                                    "mc.company_id",
                                                                    "mi.movie_id",
                                                                    "ml.link_type_id",
                                                                    "ml.movie_id"
                                                                ],
                                                                "Inner Unique": false,
                                                                "Hash Cond": "(ml.movie_id = mc.movie_id)",
                                                                "Plans": [
                                                                    {
                                                                        "Node Type": "Hash Join",
                                                                        "Parent Relationship": "Outer",
                                                                        "Parallel Aware": false,
                                                                        "Join Type": "Inner",
                                                                        "Startup Cost": 10000173486.23,
                                                                        "Total Cost": 10000176217.03,
                                                                        "Plan Rows": 37,
                                                                        "Plan Width": 16,
                                                                        "Actual Startup Time": 400.23,
                                                                        "Actual Total Time": 408.163,
                                                                        "Actual Rows": 707,
                                                                        "Actual Loops": 1,
                                                                        "Output": [
                                                                            "mk.movie_id",
                                                                            "mi.movie_id",
                                                                            "ml.link_type_id",
                                                                            "ml.movie_id"
                                                                        ],
                                                                        "Inner Unique": false,
                                                                        "Hash Cond": "(k.id = mk.keyword_id)",
                                                                        "Plans": [
                                                                            {
                                                                                "Node Type": "Seq Scan",
                                                                                "Parent Relationship": "Outer",
                                                                                "Parallel Aware": false,
                                                                                "Relation Name": "keyword",
                                                                                "Schema": "public",
                                                                                "Alias": "k",
                                                                                "Startup Cost": 10000000000.0,
                                                                                "Total Cost": 10000002626.12,
                                                                                "Plan Rows": 1,
                                                                                "Plan Width": 4,
                                                                                "Actual Startup Time": 0.503,
                                                                                "Actual Total Time": 8.312,
                                                                                "Actual Rows": 1,
                                                                                "Actual Loops": 1,
                                                                                "Output": [
                                                                                    "k.id",
                                                                                    "k.keyword",
                                                                                    "k.phonetic_code"
                                                                                ],
                                                                                "Filter": "(k.keyword = 'sequel'::text)",
                                                                                "Rows Removed by Filter": 134169
                                                                            },
                                                                            {
                                                                                "Node Type": "Hash",
                                                                                "Parent Relationship": "Inner",
                                                                                "Parallel Aware": false,
                                                                                "Startup Cost": 112254.53,
                                                                                "Total Cost": 112254.53,
                                                                                "Plan Rows": 4898536,
                                                                                "Plan Width": 20,
                                                                                "Actual Startup Time": 387.686,
                                                                                "Actual Total Time": 387.692,
                                                                                "Actual Rows": 572657,
                                                                                "Actual Loops": 1,
                                                                                "Output": [
                                                                                    "mi.movie_id",
                                                                                    "mk.movie_id",
                                                                                    "mk.keyword_id",
                                                                                    "ml.link_type_id",
                                                                                    "ml.movie_id"
                                                                                ],
                                                                                "Hash Buckets": 8388608,
                                                                                "Original Hash Buckets": 8388608,
                                                                                "Hash Batches": 1,
                                                                                "Original Hash Batches": 1,
                                                                                "Peak Memory Usage": 94617,
                                                                                "Plans": [
                                                                                    {
                                                                                        "Node Type": "Merge Join",
                                                                                        "Parent Relationship": "Outer",
                                                                                        "Parallel Aware": false,
                                                                                        "Join Type": "Inner",
                                                                                        "Startup Cost": 2858.78,
                                                                                        "Total Cost": 112254.53,
                                                                                        "Plan Rows": 4898536,
                                                                                        "Plan Width": 20,
                                                                                        "Actual Startup Time": 6.733,
                                                                                        "Actual Total Time": 315.423,
                                                                                        "Actual Rows": 572657,
                                                                                        "Actual Loops": 1,
                                                                                        "Output": [
                                                                                            "mi.movie_id",
                                                                                            "mk.movie_id",
                                                                                            "mk.keyword_id",
                                                                                            "ml.link_type_id",
                                                                                            "ml.movie_id"
                                                                                        ],
                                                                                        "Inner Unique": false,
                                                                                        "Merge Cond": "(mk.movie_id = ml.movie_id)",
                                                                                        "Plans": [
                                                                                            {
                                                                                                "Node Type": "Merge Join",
                                                                                                "Parent Relationship": "Outer",
                                                                                                "Parallel Aware": false,
                                                                                                "Join Type": "Inner",
                                                                                                "Startup Cost": 128.59,
                                                                                                "Total Cost": 1668150.95,
                                                                                                "Plan Rows": 16247781,
                                                                                                "Plan Width": 12,
                                                                                                "Actual Startup Time": 0.083,
                                                                                                "Actual Total Time": 222.445,
                                                                                                "Actual Rows": 106048,
                                                                                                "Actual Loops": 1,
                                                                                                "Output": [
                                                                                                    "mi.movie_id",
                                                                                                    "mk.movie_id",
                                                                                                    "mk.keyword_id"
                                                                                                ],
                                                                                                "Inner Unique": false,
                                                                                                "Merge Cond": "(mi.movie_id = mk.movie_id)",
                                                                                                "Plans": [
                                                                                                    {
                                                                                                        "Node Type": "Index Scan",
                                                                                                        "Parent Relationship": "Outer",
                                                                                                        "Parallel Aware": false,
                                                                                                        "Scan Direction": "Forward",
                                                                                                        "Index Name": "movie_id_movie_info",
                                                                                                        "Relation Name": "movie_info",
                                                                                                        "Schema": "public",
                                                                                                        "Alias": "mi",
                                                                                                        "Startup Cost": 0.43,
                                                                                                        "Total Cost": 1244423.19,
                                                                                                        "Plan Rows": 1348160,
                                                                                                        "Plan Width": 4,
                                                                                                        "Actual Startup Time": 0.062,
                                                                                                        "Actual Total Time": 181.383,
                                                                                                        "Actual Rows": 47584,
                                                                                                        "Actual Loops": 1,
                                                                                                        "Output": [
                                                                                                            "mi.id",
                                                                                                            "mi.movie_id",
                                                                                                            "mi.info_type_id",
                                                                                                            "mi.info",
                                                                                                            "mi.note"
                                                                                                        ],
                                                                                                        "Filter": "(mi.info = ANY ('{Norway,USA,Norwegian,Denmark,Sweden,Bulgaria,Germany,English,Denish}'::text[]))",
                                                                                                        "Rows Removed by Filter": 467126
                                                                                                    },
                                                                                                    {
                                                                                                        "Node Type": "Materialize",
                                                                                                        "Parent Relationship": "Inner",
                                                                                                        "Parallel Aware": false,
                                                                                                        "Startup Cost": 0.43,
                                                                                                        "Total Cost": 188487.28,
                                                                                                        "Plan Rows": 4523930,
                                                                                                        "Plan Width": 8,
                                                                                                        "Actual Startup Time": 0.018,
                                                                                                        "Actual Total Time": 23.341,
                                                                                                        "Actual Rows": 139881,
                                                                                                        "Actual Loops": 1,
                                                                                                        "Output": [
                                                                                                            "mk.id",
                                                                                                            "mk.movie_id",
                                                                                                            "mk.keyword_id"
                                                                                                        ],
                                                                                                        "Plans": [
                                                                                                            {
                                                                                                                "Node Type": "Index Scan",
                                                                                                                "Parent Relationship": "Outer",
                                                                                                                "Parallel Aware": false,
                                                                                                                "Scan Direction": "Forward",
                                                                                                                "Index Name": "movie_id_movie_keyword",
                                                                                                                "Relation Name": "movie_keyword",
                                                                                                                "Schema": "public",
                                                                                                                "Alias": "mk",
                                                                                                                "Startup Cost": 0.43,
                                                                                                                "Total Cost": 177177.46,
                                                                                                                "Plan Rows": 4523930,
                                                                                                                "Plan Width": 8,
                                                                                                                "Actual Startup Time": 0.015,
                                                                                                                "Actual Total Time": 12.888,
                                                                                                                "Actual Rows": 97855,
                                                                                                                "Actual Loops": 1,
                                                                                                                "Output": [
                                                                                                                    "mk.id",
                                                                                                                    "mk.movie_id",
                                                                                                                    "mk.keyword_id"
                                                                                                                ]
                                                                                                            }
                                                                                                        ]
                                                                                                    }
                                                                                                ]
                                                                                            },
                                                                                            {
                                                                                                "Node Type": "Sort",
                                                                                                "Parent Relationship": "Inner",
                                                                                                "Parallel Aware": false,
                                                                                                "Startup Cost": 2693.63,
                                                                                                "Total Cost": 2768.62,
                                                                                                "Plan Rows": 29997,
                                                                                                "Plan Width": 8,
                                                                                                "Actual Startup Time": 6.645,
                                                                                                "Actual Total Time": 29.504,
                                                                                                "Actual Rows": 588419,
                                                                                                "Actual Loops": 1,
                                                                                                "Output": [
                                                                                                    "ml.link_type_id",
                                                                                                    "ml.movie_id"
                                                                                                ],
                                                                                                "Sort Key": [
                                                                                                    "ml.movie_id"
                                                                                                ],
                                                                                                "Sort Method": "quicksort",
                                                                                                "Sort Space Used": 2175,
                                                                                                "Sort Space Type": "Memory",
                                                                                                "Plans": [
                                                                                                    {
                                                                                                        "Node Type": "Seq Scan",
                                                                                                        "Parent Relationship": "Outer",
                                                                                                        "Parallel Aware": false,
                                                                                                        "Relation Name": "movie_link",
                                                                                                        "Schema": "public",
                                                                                                        "Alias": "ml",
                                                                                                        "Startup Cost": 0.0,
                                                                                                        "Total Cost": 462.97,
                                                                                                        "Plan Rows": 29997,
                                                                                                        "Plan Width": 8,
                                                                                                        "Actual Startup Time": 0.022,
                                                                                                        "Actual Total Time": 2.864,
                                                                                                        "Actual Rows": 29997,
                                                                                                        "Actual Loops": 1,
                                                                                                        "Output": [
                                                                                                            "ml.link_type_id",
                                                                                                            "ml.movie_id"
                                                                                                        ]
                                                                                                    }
                                                                                                ]
                                                                                            }
                                                                                        ]
                                                                                    }
                                                                                ]
                                                                            }
                                                                        ]
                                                                    },
                                                                    {
                                                                        "Node Type": "Hash",
                                                                        "Parent Relationship": "Inner",
                                                                        "Parallel Aware": false,
                                                                        "Startup Cost": 10000044881.29,
                                                                        "Total Cost": 10000044881.29,
                                                                        "Plan Rows": 1265428,
                                                                        "Plan Width": 12,
                                                                        "Actual Startup Time": 481.39,
                                                                        "Actual Total Time": 481.39,
                                                                        "Actual Rows": 1271989,
                                                                        "Actual Loops": 1,
                                                                        "Output": [
                                                                            "mc.movie_id",
                                                                            "mc.company_type_id",
                                                                            "mc.company_id"
                                                                        ],
                                                                        "Hash Buckets": 2097152,
                                                                        "Original Hash Buckets": 2097152,
                                                                        "Hash Batches": 1,
                                                                        "Original Hash Batches": 1,
                                                                        "Peak Memory Usage": 71040,
                                                                        "Plans": [
                                                                            {
                                                                                "Node Type": "Seq Scan",
                                                                                "Parent Relationship": "Outer",
                                                                                "Parallel Aware": false,
                                                                                "Relation Name": "movie_companies",
                                                                                "Schema": "public",
                                                                                "Alias": "mc",
                                                                                "Startup Cost": 10000000000.0,
                                                                                "Total Cost": 10000044881.29,
                                                                                "Plan Rows": 1265428,
                                                                                "Plan Width": 12,
                                                                                "Actual Startup Time": 0.036,
                                                                                "Actual Total Time": 262.003,
                                                                                "Actual Rows": 1271989,
                                                                                "Actual Loops": 1,
                                                                                "Output": [
                                                                                    "mc.movie_id",
                                                                                    "mc.company_type_id",
                                                                                    "mc.company_id"
                                                                                ],
                                                                                "Filter": "(mc.note IS NULL)",
                                                                                "Rows Removed by Filter": 1337140
                                                                            }
                                                                        ]
                                                                    }
                                                                ]
                                                            },
                                                            {
                                                                "Node Type": "Hash",
                                                                "Parent Relationship": "Inner",
                                                                "Parallel Aware": false,
                                                                "Startup Cost": 10000000012.45,
                                                                "Total Cost": 10000000012.45,
                                                                "Plan Rows": 1,
                                                                "Plan Width": 16,
                                                                "Actual Startup Time": 0.061,
                                                                "Actual Total Time": 0.062,
                                                                "Actual Rows": 2,
                                                                "Actual Loops": 1,
                                                                "Output": [
                                                                    "lt.link",
                                                                    "lt.id"
                                                                ],
                                                                "Hash Buckets": 1024,
                                                                "Original Hash Buckets": 1024,
                                                                "Hash Batches": 1,
                                                                "Original Hash Batches": 1,
                                                                "Peak Memory Usage": 9,
                                                                "Plans": [
                                                                    {
                                                                        "Node Type": "Index Scan",
                                                                        "Parent Relationship": "Outer",
                                                                        "Parallel Aware": false,
                                                                        "Scan Direction": "Forward",
                                                                        "Index Name": "link_type_pkey",
                                                                        "Relation Name": "link_type",
                                                                        "Schema": "public",
                                                                        "Alias": "lt",
                                                                        "Startup Cost": 10000000000.14,
                                                                        "Total Cost": 10000000012.45,
                                                                        "Plan Rows": 1,
                                                                        "Plan Width": 16,
                                                                        "Actual Startup Time": 0.038,
                                                                        "Actual Total Time": 0.053,
                                                                        "Actual Rows": 2,
                                                                        "Actual Loops": 1,
                                                                        "Output": [
                                                                            "lt.link",
                                                                            "lt.id"
                                                                        ],
                                                                        "Filter": "((lt.link)::text ~~ '%follow%'::text)",
                                                                        "Rows Removed by Filter": 16
                                                                    }
                                                                ]
                                                            }
                                                        ]
                                                    }
                                                ]
                                            },
                                            {
                                                "Node Type": "Sort",
                                                "Parent Relationship": "Inner",
                                                "Parallel Aware": false,
                                                "Startup Cost": 193937.63,
                                                "Total Cost": 196910.98,
                                                "Plan Rows": 1189341,
                                                "Plan Width": 21,
                                                "Actual Startup Time": 618.298,
                                                "Actual Total Time": 628.953,
                                                "Actual Rows": 88279,
                                                "Actual Loops": 1,
                                                "Output": [
                                                    "t.title",
                                                    "t.id"
                                                ],
                                                "Sort Key": [
                                                    "t.id"
                                                ],
                                                "Sort Method": "quicksort",
                                                "Sort Space Used": 131766,
                                                "Sort Space Type": "Memory",
                                                "Plans": [
                                                    {
                                                        "Node Type": "Seq Scan",
                                                        "Parent Relationship": "Outer",
                                                        "Parallel Aware": false,
                                                        "Relation Name": "title",
                                                        "Schema": "public",
                                                        "Alias": "t",
                                                        "Startup Cost": 0.0,
                                                        "Total Cost": 73922.83,
                                                        "Plan Rows": 1189341,
                                                        "Plan Width": 21,
                                                        "Actual Startup Time": 0.012,
                                                        "Actual Total Time": 297.159,
                                                        "Actual Rows": 1189003,
                                                        "Actual Loops": 1,
                                                        "Output": [
                                                            "t.title",
                                                            "t.id"
                                                        ],
                                                        "Filter": "((t.production_year >= 2004) AND (t.production_year <= 2013))",
                                                        "Rows Removed by Filter": 1339309
                                                    }
                                                ]
                                            }
                                        ]
                                    }
                                ]
                            }
                        ]
                    },
                    {
                        "Node Type": "Bitmap Heap Scan",
                        "Parent Relationship": "Inner",
                        "Parallel Aware": false,
                        "Relation Name": "company_type",
                        "Schema": "public",
                        "Alias": "ct",
                        "Startup Cost": 0.14,
                        "Total Cost": 4.15,
                        "Plan Rows": 1,
                        "Plan Width": 4,
                        "Actual Startup Time": 0.0,
                        "Actual Total Time": 0.0,
                        "Actual Rows": 0,
                        "Actual Loops": 0,
                        "Output": [
                            "ct.id",
                            "ct.kind"
                        ],
                        "Recheck Cond": "(ct.id = mc.company_type_id)",
                        "Rows Removed by Index Recheck": 0,
                        "Filter": "((ct.kind)::text = 'production companies'::text)",
                        "Rows Removed by Filter": 0,
                        "Exact Heap Blocks": 0,
                        "Lossy Heap Blocks": 0,
                        "Plans": [
                            {
                                "Node Type": "Bitmap Index Scan",
                                "Parent Relationship": "Outer",
                                "Parallel Aware": false,
                                "Index Name": "company_type_pkey",
                                "Startup Cost": 0.0,
                                "Total Cost": 0.14,
                                "Plan Rows": 1,
                                "Plan Width": 0,
                                "Actual Startup Time": 0.0,
                                "Actual Total Time": 0.0,
                                "Actual Rows": 0,
                                "Actual Loops": 0,
                                "Index Cond": "(ct.id = mc.company_type_id)"
                            }
                        ]
                    }
                ]
            }
        ]
    },
    "Planning Time": 12.532,
    "Triggers": [],
    "Execution Time": 1533.854
}