[
  {
    "Plan": {
      "Node Type": "Aggregate",
      "Strategy": "Plain",
      "Partial Mode": "Finalize",
      "Parallel Aware": false,
      "Startup Cost": 34619.96,
      "Total Cost": 34619.97,
      "Plan Rows": 1,
      "Plan Width": 8,
      "Actual Startup Time": 123.424,
      "Actual Total Time": 132.369,
      "Actual Rows": 1,
      "Actual Loops": 1,
      "Plans": [
        {
          "Node Type": "Gather",
          "Parent Relationship": "Outer",
          "Parallel Aware": false,
          "Startup Cost": 34619.64,
          "Total Cost": 34619.95,
          "Plan Rows": 3,
          "Plan Width": 8,
          "Actual Startup Time": 123.195,
          "Actual Total Time": 132.36,
          "Actual Rows": 4,
          "Actual Loops": 1,
          "Workers Planned": 3,
          "Workers Launched": 3,
          "Single Copy": false,
          "Plans": [
            {
              "Node Type": "Aggregate",
              "Strategy": "Plain",
              "Partial Mode": "Partial",
              "Parent Relationship": "Outer",
              "Parallel Aware": false,
              "Startup Cost": 33619.64,
              "Total Cost": 33619.65,
              "Plan Rows": 1,
              "Plan Width": 8,
              "Actual Startup Time": 113.818,
              "Actual Total Time": 113.819,
              "Actual Rows": 1,
              "Actual Loops": 4,
              "Plans": [
                {
                  "Node Type": "Bitmap Heap Scan",
                  "Parent Relationship": "Outer",
                  "Parallel Aware": true,
                  "Relation Name": "movie_keyword",
                  "Alias": "mk",
                  "Startup Cost": 7463.19,
                  "Total Cost": 33335.9,
                  "Plan Rows": 113497,
                  "Plan Width": 0,
                  "Actual Startup Time": 39.218,
                  "Actual Total Time": 107.835,
                  "Actual Rows": 85530,
                  "Actual Loops": 4,
                  "Recheck Cond": "(keyword_id > 48556)",
                  "Rows Removed by Index Recheck": 0,
                  "Exact Heap Blocks": 8323,
                  "Lossy Heap Blocks": 0,
                  "Plans": [
                    {
                      "Node Type": "Bitmap Index Scan",
                      "Parent Relationship": "Outer",
                      "Parallel Aware": false,
                      "Index Name": "keyword_id_movie_keyword",
                      "Startup Cost": 0.0,
                      "Total Cost": 7375.23,
                      "Plan Rows": 351840,
                      "Plan Width": 0,
                      "Actual Startup Time": 42.351,
                      "Actual Total Time": 42.352,
                      "Actual Rows": 342120,
                      "Actual Loops": 1,
                      "Index Cond": "(keyword_id > 48556)"
                    }
                  ]
                }
              ]
            }
          ]
        }
      ]
    },
    "Planning Time": 0.162,
    "Triggers": [],
    "Execution Time": 132.452
  }
]