{
  "Plan": {
    "Node Type": "Aggregate",
    "Strategy": "Plain",
    "Partial Mode": "Finalize",
    "Parallel Aware": false,
    "Startup Cost": 133784.65,
    "Total Cost": 133784.66,
    "Plan Rows": 1,
    "Plan Width": 8,
    "Actual Startup Time": 1057.671,
    "Actual Total Time": 1083.645,
    "Actual Rows": 1,
    "Actual Loops": 1,
    "Plans": [
      {
        "Node Type": "Gather",
        "Parent Relationship": "Outer",
        "Parallel Aware": false,
        "Startup Cost": 133784.54,
        "Total Cost": 133784.65,
        "Plan Rows": 1,
        "Plan Width": 8,
        "Actual Startup Time": 1048.699,
        "Actual Total Time": 1083.635,
        "Actual Rows": 2,
        "Actual Loops": 1,
        "Workers Planned": 1,
        "Workers Launched": 1,
        "Single Copy": false,
        "Plans": [
          {
            "Node Type": "Aggregate",
            "Strategy": "Plain",
            "Partial Mode": "Partial",
            "Parent Relationship": "Outer",
            "Parallel Aware": false,
            "Startup Cost": 132784.54,
            "Total Cost": 132784.55,
            "Plan Rows": 1,
            "Plan Width": 8,
            "Actual Startup Time": 1043.357,
            "Actual Total Time": 1043.363,
            "Actual Rows": 1,
            "Actual Loops": 2,
            "Plans": [
              {
                "Node Type": "Hash Join",
                "Parent Relationship": "Outer",
                "Parallel Aware": true,
                "Join Type": "Inner",
                "Startup Cost": 108707.33,
                "Total Cost": 132540.05,
                "Plan Rows": 97797,
                "Plan Width": 0,
                "Actual Startup Time": 707.113,
                "Actual Total Time": 1038.009,
                "Actual Rows": 104802,
                "Actual Loops": 2,
                "Inner Unique": false,
                "Hash Cond": "(t.id = mc.movie_id)",
                "Plans": [
                  {
                    "Node Type": "Hash Join",
                    "Parent Relationship": "Outer",
                    "Parallel Aware": true,
                    "Join Type": "Inner",
                    "Startup Cost": 69460.7,
                    "Total Cost": 87644.49,
                    "Plan Rows": 811785,
                    "Plan Width": 8,
                    "Actual Startup Time": 571.041,
                    "Actual Total Time": 815.804,
                    "Actual Rows": 690018,
                    "Actual Loops": 2,
                    "Inner Unique": true,
                    "Hash Cond": "(mi_idx.movie_id = t.id)",
                    "Plans": [
                      {
                        "Node Type": "Seq Scan",
                        "Parent Relationship": "Outer",
                        "Parallel Aware": true,
                        "Relation Name": "movie_info_idx",
                        "Alias": "mi_idx",
                        "Startup Cost": 0.0,
                        "Total Cost": 16052.85,
                        "Plan Rows": 811785,
                        "Plan Width": 4,
                        "Actual Startup Time": 0.022,
                        "Actual Total Time": 58.599,
                        "Actual Rows": 690018,
                        "Actual Loops": 2
                      },
                      {
                        "Node Type": "Hash",
                        "Parent Relationship": "Inner",
                        "Parallel Aware": true,
                        "Startup Cost": 50870.31,
                        "Total Cost": 50870.31,
                        "Plan Rows": 1487231,
                        "Plan Width": 4,
                        "Actual Startup Time": 558.974,
                        "Actual Total Time": 558.975,
                        "Actual Rows": 1264156,
                        "Actual Loops": 2,
                        "Hash Buckets": 4194304,
                        "Original Hash Buckets": 4194304,
                        "Hash Batches": 1,
                        "Original Hash Batches": 1,
                        "Peak Memory Usage": 131712,
                        "Plans": [
                          {
                            "Node Type": "Seq Scan",
                            "Parent Relationship": "Outer",
                            "Parallel Aware": true,
                            "Relation Name": "title",
                            "Alias": "t",
                            "Startup Cost": 0.0,
                            "Total Cost": 50870.31,
                            "Plan Rows": 1487231,
                            "Plan Width": 4,
                            "Actual Startup Time": 0.019,
                            "Actual Total Time": 175.273,
                            "Actual Rows": 1264156,
                            "Actual Loops": 2
                          }
                        ]
                      }
                    ]
                  },
                  {
                    "Node Type": "Hash",
                    "Parent Relationship": "Inner",
                    "Parallel Aware": true,
                    "Startup Cost": 37007.01,
                    "Total Cost": 37007.01,
                    "Plan Rows": 179169,
                    "Plan Width": 4,
                    "Actual Startup Time": 130.412,
                    "Actual Total Time": 130.413,
                    "Actual Rows": 82648,
                    "Actual Loops": 2,
                    "Hash Buckets": 524288,
                    "Original Hash Buckets": 524288,
                    "Hash Batches": 1,
                    "Original Hash Batches": 1,
                    "Peak Memory Usage": 10592,
                    "Plans": [
                      {
                        "Node Type": "Bitmap Heap Scan",
                        "Parent Relationship": "Outer",
                        "Parallel Aware": true,
                        "Relation Name": "movie_companies",
                        "Alias": "mc",
                        "Startup Cost": 12923.8,
                        "Total Cost": 37007.01,
                        "Plan Rows": 179169,
                        "Plan Width": 4,
                        "Actual Startup Time": 83.713,
                        "Actual Total Time": 109.667,
                        "Actual Rows": 82648,
                        "Actual Loops": 2,
                        "Recheck Cond": "(company_id < 686)",
                        "Rows Removed by Index Recheck": 0,
                        "Filter": "(company_type_id = 2)",
                        "Rows Removed by Filter": 214085,
                        "Exact Heap Blocks": 14171,
                        "Lossy Heap Blocks": 0,
                        "Plans": [
                          {
                            "Node Type": "Bitmap Index Scan",
                            "Parent Relationship": "Outer",
                            "Parallel Aware": false,
                            "Index Name": "company_id_movie_companies",
                            "Startup Cost": 0.0,
                            "Total Cost": 12847.66,
                            "Plan Rows": 599897,
                            "Plan Width": 0,
                            "Actual Startup Time": 37.128,
                            "Actual Total Time": 37.128,
                            "Actual Rows": 593466,
                            "Actual Loops": 1,
                            "Index Cond": "(company_id < 686)"
                          }
                        ]
                      }
                    ]
                  }
                ]
              }
            ]
          }
        ]
      }
    ]
  },
  "Planning Time": 0.891,
  "Triggers": [],
  "Execution Time": 1083.741
}