[
  {
    "Plan": {
      "Node Type": "Aggregate",
      "Strategy": "Plain",
      "Partial Mode": "Finalize",
      "Parallel Aware": false,
      "Startup Cost": 94219.38,
      "Total Cost": 94219.39,
      "Plan Rows": 1,
      "Plan Width": 8,
      "Actual Startup Time": 386.815,
      "Actual Total Time": 403.965,
      "Actual Rows": 1,
      "Actual Loops": 1,
      "Plans": [
        {
          "Node Type": "Gather",
          "Parent Relationship": "Outer",
          "Parallel Aware": false,
          "Startup Cost": 94219.06,
          "Total Cost": 94219.37,
          "Plan Rows": 3,
          "Plan Width": 8,
          "Actual Startup Time": 383.382,
          "Actual Total Time": 403.95,
          "Actual Rows": 4,
          "Actual Loops": 1,
          "Workers Planned": 3,
          "Workers Launched": 3,
          "Single Copy": false,
          "Plans": [
            {
              "Node Type": "Aggregate",
              "Strategy": "Plain",
              "Partial Mode": "Partial",
              "Parent Relationship": "Outer",
              "Parallel Aware": false,
              "Startup Cost": 93219.06,
              "Total Cost": 93219.07,
              "Plan Rows": 1,
              "Plan Width": 8,
              "Actual Startup Time": 375.255,
              "Actual Total Time": 375.259,
              "Actual Rows": 1,
              "Actual Loops": 4,
              "Plans": [
                {
                  "Node Type": "Hash Join",
                  "Parent Relationship": "Outer",
                  "Parallel Aware": true,
                  "Join Type": "Inner",
                  "Startup Cost": 48230.39,
                  "Total Cost": 92648.09,
                  "Plan Rows": 228390,
                  "Plan Width": 0,
                  "Actual Startup Time": 195.894,
                  "Actual Total Time": 373.601,
                  "Actual Rows": 35024,
                  "Actual Loops": 4,
                  "Inner Unique": true,
                  "Hash Cond": "(mk.movie_id = t.id)",
                  "Plans": [
                    {
                      "Node Type": "Seq Scan",
                      "Parent Relationship": "Outer",
                      "Parallel Aware": true,
                      "Relation Name": "movie_keyword",
                      "Alias": "mk",
                      "Startup Cost": 0.0,
                      "Total Cost": 42695.65,
                      "Plan Rows": 656019,
                      "Plan Width": 4,
                      "Actual Startup Time": 0.037,
                      "Actual Total Time": 108.795,
                      "Actual Rows": 509049,
                      "Actual Loops": 4,
                      "Filter": "(keyword_id < 3639)",
                      "Rows Removed by Filter": 621934
                    },
                    {
                      "Node Type": "Hash",
                      "Parent Relationship": "Inner",
                      "Parallel Aware": true,
                      "Startup Cost": 45479.59,
                      "Total Cost": 45479.59,
                      "Plan Rows": 220064,
                      "Plan Width": 4,
                      "Actual Startup Time": 190.523,
                      "Actual Total Time": 190.524,
                      "Actual Rows": 200378,
                      "Actual Loops": 4,
                      "Hash Buckets": 1048576,
                      "Original Hash Buckets": 1048576,
                      "Hash Batches": 1,
                      "Original Hash Batches": 1,
                      "Peak Memory Usage": 39616,
                      "Plans": [
                        {
                          "Node Type": "Seq Scan",
                          "Parent Relationship": "Outer",
                          "Parallel Aware": true,
                          "Relation Name": "title",
                          "Alias": "t",
                          "Startup Cost": 0.0,
                          "Total Cost": 45479.59,
                          "Plan Rows": 220064,
                          "Plan Width": 4,
                          "Actual Startup Time": 0.036,
                          "Actual Total Time": 109.938,
                          "Actual Rows": 200378,
                          "Actual Loops": 4,
                          "Filter": "((kind_id > 6) AND (production_year < 2006))",
                          "Rows Removed by Filter": 431700
                        }
                      ]
                    }
                  ]
                }
              ]
            }
          ]
        }
      ]
    },
    "Planning Time": 0.644,
    "Triggers": [],
    "Execution Time": 404.057
  }
]