[
  {
    "Plan": {
      "Node Type": "Aggregate",
      "Strategy": "Plain",
      "Partial Mode": "Finalize",
      "Parallel Aware": false,
      "Startup Cost": 89408.87,
      "Total Cost": 89408.88,
      "Plan Rows": 1,
      "Plan Width": 8,
      "Actual Startup Time": 261.768,
      "Actual Total Time": 279.731,
      "Actual Rows": 1,
      "Actual Loops": 1,
      "Plans": [
        {
          "Node Type": "Gather",
          "Parent Relationship": "Outer",
          "Parallel Aware": false,
          "Startup Cost": 89408.55,
          "Total Cost": 89408.86,
          "Plan Rows": 3,
          "Plan Width": 8,
          "Actual Startup Time": 261.479,
          "Actual Total Time": 279.722,
          "Actual Rows": 4,
          "Actual Loops": 1,
          "Workers Planned": 3,
          "Workers Launched": 3,
          "Single Copy": false,
          "Plans": [
            {
              "Node Type": "Aggregate",
              "Strategy": "Plain",
              "Partial Mode": "Partial",
              "Parent Relationship": "Outer",
              "Parallel Aware": false,
              "Startup Cost": 88408.55,
              "Total Cost": 88408.56,
              "Plan Rows": 1,
              "Plan Width": 8,
              "Actual Startup Time": 252.805,
              "Actual Total Time": 252.808,
              "Actual Rows": 1,
              "Actual Loops": 4,
              "Plans": [
                {
                  "Node Type": "Hash Join",
                  "Parent Relationship": "Outer",
                  "Parallel Aware": true,
                  "Join Type": "Inner",
                  "Startup Cost": 44069.58,
                  "Total Cost": 88375.43,
                  "Plan Rows": 13250,
                  "Plan Width": 0,
                  "Actual Startup Time": 107.211,
                  "Actual Total Time": 252.28,
                  "Actual Rows": 9959,
                  "Actual Loops": 4,
                  "Inner Unique": true,
                  "Hash Cond": "(mk.movie_id = t.id)",
                  "Plans": [
                    {
                      "Node Type": "Seq Scan",
                      "Parent Relationship": "Outer",
                      "Parallel Aware": true,
                      "Relation Name": "movie_keyword",
                      "Alias": "mk",
                      "Startup Cost": 0.0,
                      "Total Cost": 42695.65,
                      "Plan Rows": 613409,
                      "Plan Width": 4,
                      "Actual Startup Time": 0.475,
                      "Actual Total Time": 106.854,
                      "Actual Rows": 476596,
                      "Actual Loops": 4,
                      "Filter": "(keyword_id > 7084)",
                      "Rows Removed by Filter": 654387
                    },
                    {
                      "Node Type": "Hash",
                      "Parent Relationship": "Inner",
                      "Parallel Aware": true,
                      "Startup Cost": 43898.92,
                      "Total Cost": 43898.92,
                      "Plan Rows": 13653,
                      "Plan Width": 4,
                      "Actual Startup Time": 105.15,
                      "Actual Total Time": 105.152,
                      "Actual Rows": 12641,
                      "Actual Loops": 4,
                      "Hash Buckets": 65536,
                      "Original Hash Buckets": 65536,
                      "Hash Batches": 1,
                      "Original Hash Batches": 1,
                      "Peak Memory Usage": 2528,
                      "Plans": [
                        {
                          "Node Type": "Seq Scan",
                          "Parent Relationship": "Outer",
                          "Parallel Aware": true,
                          "Relation Name": "title",
                          "Alias": "t",
                          "Startup Cost": 0.0,
                          "Total Cost": 43898.92,
                          "Plan Rows": 13653,
                          "Plan Width": 4,
                          "Actual Startup Time": 0.043,
                          "Actual Total Time": 98.655,
                          "Actual Rows": 12641,
                          "Actual Loops": 4,
                          "Filter": "(production_year = 1999)",
                          "Rows Removed by Filter": 619437
                        }
                      ]
                    }
                  ]
                }
              ]
            }
          ]
        }
      ]
    },
    "Planning Time": 0.623,
    "Triggers": [],
    "Execution Time": 279.798
  }
]