[
  {
    "Plan": {
      "Node Type": "Aggregate",
      "Strategy": "Plain",
      "Partial Mode": "Finalize",
      "Parallel Aware": false,
      "Startup Cost": 220947.52,
      "Total Cost": 220947.53,
      "Plan Rows": 1,
      "Plan Width": 8,
      "Actual Startup Time": 129.046,
      "Actual Total Time": 141.619,
      "Actual Rows": 1,
      "Actual Loops": 1,
      "Plans": [
        {
          "Node Type": "Gather",
          "Parent Relationship": "Outer",
          "Parallel Aware": false,
          "Startup Cost": 220947.0,
          "Total Cost": 220947.51,
          "Plan Rows": 5,
          "Plan Width": 8,
          "Actual Startup Time": 127.319,
          "Actual Total Time": 141.604,
          "Actual Rows": 6,
          "Actual Loops": 1,
          "Workers Planned": 5,
          "Workers Launched": 5,
          "Single Copy": false,
          "Plans": [
            {
              "Node Type": "Aggregate",
              "Strategy": "Plain",
              "Partial Mode": "Partial",
              "Parent Relationship": "Outer",
              "Parallel Aware": false,
              "Startup Cost": 219947.0,
              "Total Cost": 219947.01,
              "Plan Rows": 1,
              "Plan Width": 8,
              "Actual Startup Time": 116.265,
              "Actual Total Time": 116.27,
              "Actual Rows": 1,
              "Actual Loops": 6,
              "Plans": [
                {
                  "Node Type": "Nested Loop",
                  "Parent Relationship": "Outer",
                  "Parallel Aware": false,
                  "Join Type": "Inner",
                  "Startup Cost": 47265.46,
                  "Total Cost": 219937.14,
                  "Plan Rows": 3942,
                  "Plan Width": 0,
                  "Actual Startup Time": 95.944,
                  "Actual Total Time": 115.604,
                  "Actual Rows": 13630,
                  "Actual Loops": 6,
                  "Inner Unique": false,
                  "Plans": [
                    {
                      "Node Type": "Hash Join",
                      "Parent Relationship": "Outer",
                      "Parallel Aware": true,
                      "Join Type": "Inner",
                      "Startup Cost": 47265.03,
                      "Total Cost": 214023.04,
                      "Plan Rows": 2203,
                      "Plan Width": 8,
                      "Actual Startup Time": 95.841,
                      "Actual Total Time": 108.721,
                      "Actual Rows": 190,
                      "Actual Loops": 6,
                      "Inner Unique": true,
                      "Hash Cond": "(mi.movie_id = t.id)",
                      "Plans": [
                        {
                          "Node Type": "Bitmap Heap Scan",
                          "Parent Relationship": "Outer",
                          "Parallel Aware": true,
                          "Relation Name": "movie_info",
                          "Alias": "mi",
                          "Startup Cost": 2803.64,
                          "Total Cost": 169480.41,
                          "Plan Rows": 30947,
                          "Plan Width": 4,
                          "Actual Startup Time": 6.005,
                          "Actual Total Time": 15.626,
                          "Actual Rows": 24581,
                          "Actual Loops": 6,
                          "Recheck Cond": "(info_type_id = 107)",
                          "Rows Removed by Index Recheck": 0,
                          "Exact Heap Blocks": 1201,
                          "Lossy Heap Blocks": 0,
                          "Plans": [
                            {
                              "Node Type": "Bitmap Index Scan",
                              "Parent Relationship": "Outer",
                              "Parallel Aware": false,
                              "Index Name": "info_type_id_movie_info",
                              "Startup Cost": 0.0,
                              "Total Cost": 2764.95,
                              "Plan Rows": 154736,
                              "Plan Width": 0,
                              "Actual Startup Time": 5.328,
                              "Actual Total Time": 5.333,
                              "Actual Rows": 147487,
                              "Actual Loops": 1,
                              "Index Cond": "(info_type_id = 107)"
                            }
                          ]
                        },
                        {
                          "Node Type": "Hash",
                          "Parent Relationship": "Inner",
                          "Parallel Aware": true,
                          "Startup Cost": 43898.92,
                          "Total Cost": 43898.92,
                          "Plan Rows": 44998,
                          "Plan Width": 4,
                          "Actual Startup Time": 88.004,
                          "Actual Total Time": 88.005,
                          "Actual Rows": 31298,
                          "Actual Loops": 6,
                          "Hash Buckets": 262144,
                          "Original Hash Buckets": 262144,
                          "Hash Batches": 1,
                          "Original Hash Batches": 1,
                          "Peak Memory Usage": 9504,
                          "Plans": [
                            {
                              "Node Type": "Seq Scan",
                              "Parent Relationship": "Outer",
                              "Parallel Aware": true,
                              "Relation Name": "title",
                              "Alias": "t",
                              "Startup Cost": 0.0,
                              "Total Cost": 43898.92,
                              "Plan Rows": 44998,
                              "Plan Width": 4,
                              "Actual Startup Time": 0.11,
                              "Actual Total Time": 76.187,
                              "Actual Rows": 31298,
                              "Actual Loops": 6,
                              "Filter": "(production_year < 1954)",
                              "Rows Removed by Filter": 390087
                            }
                          ]
                        }
                      ]
                    },
                    {
                      "Node Type": "Index Only Scan",
                      "Parent Relationship": "Inner",
                      "Parallel Aware": false,
                      "Scan Direction": "Forward",
                      "Index Name": "movie_id_movie_keyword",
                      "Relation Name": "movie_keyword",
                      "Alias": "mk",
                      "Startup Cost": 0.43,
                      "Total Cost": 2.23,
                      "Plan Rows": 45,
                      "Plan Width": 4,
                      "Actual Startup Time": 0.018,
                      "Actual Total Time": 0.03,
                      "Actual Rows": 72,
                      "Actual Loops": 1138,
                      "Index Cond": "(movie_id = t.id)",
                      "Rows Removed by Index Recheck": 0,
                      "Heap Fetches": 81781
                    }
                  ]
                }
              ]
            }
          ]
        }
      ]
    },
    "Planning Time": 1.399,
    "Triggers": [],
    "Execution Time": 141.728
  }
]