[
  {
    "Plan": {
      "Node Type": "Aggregate",
      "Strategy": "Plain",
      "Partial Mode": "Finalize",
      "Parallel Aware": false,
      "Startup Cost": 91330.56,
      "Total Cost": 91330.57,
      "Plan Rows": 1,
      "Plan Width": 8,
      "Actual Startup Time": 673.865,
      "Actual Total Time": 697.642,
      "Actual Rows": 1,
      "Actual Loops": 1,
      "Plans": [
        {
          "Node Type": "Gather",
          "Parent Relationship": "Outer",
          "Parallel Aware": false,
          "Startup Cost": 91330.24,
          "Total Cost": 91330.55,
          "Plan Rows": 3,
          "Plan Width": 8,
          "Actual Startup Time": 661.509,
          "Actual Total Time": 697.631,
          "Actual Rows": 4,
          "Actual Loops": 1,
          "Workers Planned": 3,
          "Workers Launched": 3,
          "Single Copy": false,
          "Plans": [
            {
              "Node Type": "Aggregate",
              "Strategy": "Plain",
              "Partial Mode": "Partial",
              "Parent Relationship": "Outer",
              "Parallel Aware": false,
              "Startup Cost": 90330.24,
              "Total Cost": 90330.25,
              "Plan Rows": 1,
              "Plan Width": 8,
              "Actual Startup Time": 646.153,
              "Actual Total Time": 646.157,
              "Actual Rows": 1,
              "Actual Loops": 4,
              "Plans": [
                {
                  "Node Type": "Hash Join",
                  "Parent Relationship": "Outer",
                  "Parallel Aware": true,
                  "Join Type": "Inner",
                  "Startup Cost": 62567.3,
                  "Total Cost": 89860.89,
                  "Plan Rows": 187741,
                  "Plan Width": 0,
                  "Actual Startup Time": 505.903,
                  "Actual Total Time": 636.712,
                  "Actual Rows": 145394,
                  "Actual Loops": 4,
                  "Inner Unique": true,
                  "Hash Cond": "(mk.movie_id = t.id)",
                  "Plans": [
                    {
                      "Node Type": "Bitmap Heap Scan",
                      "Parent Relationship": "Outer",
                      "Parallel Aware": true,
                      "Relation Name": "movie_keyword",
                      "Alias": "mk",
                      "Startup Cost": 12346.92,
                      "Total Cost": 39147.68,
                      "Plan Rows": 187741,
                      "Plan Width": 4,
                      "Actual Startup Time": 58.484,
                      "Actual Total Time": 127.822,
                      "Actual Rows": 145394,
                      "Actual Loops": 4,
                      "Recheck Cond": "(keyword_id > 31525)",
                      "Rows Removed by Index Recheck": 0,
                      "Exact Heap Blocks": 6263,
                      "Lossy Heap Blocks": 0,
                      "Plans": [
                        {
                          "Node Type": "Bitmap Index Scan",
                          "Parent Relationship": "Outer",
                          "Parallel Aware": false,
                          "Index Name": "keyword_id_movie_keyword",
                          "Startup Cost": 0.0,
                          "Total Cost": 12201.42,
                          "Plan Rows": 581998,
                          "Plan Width": 0,
                          "Actual Startup Time": 52.933,
                          "Actual Total Time": 52.934,
                          "Actual Rows": 581576,
                          "Actual Loops": 1,
                          "Index Cond": "(keyword_id > 31525)"
                        }
                      ]
                    },
                    {
                      "Node Type": "Hash",
                      "Parent Relationship": "Inner",
                      "Parallel Aware": true,
                      "Startup Cost": 42319.06,
                      "Total Cost": 42319.06,
                      "Plan Rows": 632106,
                      "Plan Width": 4,
                      "Actual Startup Time": 436.111,
                      "Actual Total Time": 436.112,
                      "Actual Rows": 632078,
                      "Actual Loops": 4,
                      "Hash Buckets": 4194304,
                      "Original Hash Buckets": 4194304,
                      "Hash Batches": 1,
                      "Original Hash Batches": 1,
                      "Peak Memory Usage": 131744,
                      "Plans": [
                        {
                          "Node Type": "Seq Scan",
                          "Parent Relationship": "Outer",
                          "Parallel Aware": true,
                          "Relation Name": "title",
                          "Alias": "t",
                          "Startup Cost": 0.0,
                          "Total Cost": 42319.06,
                          "Plan Rows": 632106,
                          "Plan Width": 4,
                          "Actual Startup Time": 0.064,
                          "Actual Total Time": 127.501,
                          "Actual Rows": 632078,
                          "Actual Loops": 4
                        }
                      ]
                    }
                  ]
                }
              ]
            }
          ]
        }
      ]
    },
    "Planning Time": 0.446,
    "Triggers": [],
    "Execution Time": 697.72
  }
]