[
  {
    "Plan": {
      "Node Type": "Aggregate",
      "Strategy": "Plain",
      "Partial Mode": "Finalize",
      "Parallel Aware": false,
      "Startup Cost": 62406.89,
      "Total Cost": 62406.9,
      "Plan Rows": 1,
      "Plan Width": 8,
      "Actual Startup Time": 174.009,
      "Actual Total Time": 188.357,
      "Actual Rows": 1,
      "Actual Loops": 1,
      "Plans": [
        {
          "Node Type": "Gather",
          "Parent Relationship": "Outer",
          "Parallel Aware": false,
          "Startup Cost": 62406.67,
          "Total Cost": 62406.88,
          "Plan Rows": 2,
          "Plan Width": 8,
          "Actual Startup Time": 173.72,
          "Actual Total Time": 188.352,
          "Actual Rows": 3,
          "Actual Loops": 1,
          "Workers Planned": 2,
          "Workers Launched": 2,
          "Single Copy": false,
          "Plans": [
            {
              "Node Type": "Aggregate",
              "Strategy": "Plain",
              "Partial Mode": "Partial",
              "Parent Relationship": "Outer",
              "Parallel Aware": false,
              "Startup Cost": 61406.67,
              "Total Cost": 61406.68,
              "Plan Rows": 1,
              "Plan Width": 8,
              "Actual Startup Time": 166.602,
              "Actual Total Time": 166.604,
              "Actual Rows": 1,
              "Actual Loops": 3,
              "Plans": [
                {
                  "Node Type": "Hash Join",
                  "Parent Relationship": "Outer",
                  "Parallel Aware": true,
                  "Join Type": "Inner",
                  "Startup Cost": 45759.21,
                  "Total Cost": 61389.56,
                  "Plan Rows": 6844,
                  "Plan Width": 0,
                  "Actual Startup Time": 109.862,
                  "Actual Total Time": 166.322,
                  "Actual Rows": 4291,
                  "Actual Loops": 3,
                  "Inner Unique": true,
                  "Hash Cond": "(mi_idx.movie_id = t.id)",
                  "Plans": [
                    {
                      "Node Type": "Seq Scan",
                      "Parent Relationship": "Outer",
                      "Parallel Aware": true,
                      "Relation Name": "movie_info_idx",
                      "Alias": "mi_idx",
                      "Startup Cost": 0.0,
                      "Total Cost": 15122.68,
                      "Plan Rows": 193397,
                      "Plan Width": 4,
                      "Actual Startup Time": 0.014,
                      "Actual Total Time": 37.629,
                      "Actual Rows": 153395,
                      "Actual Loops": 3,
                      "Filter": "(info_type_id > 100)",
                      "Rows Removed by Filter": 306617
                    },
                    {
                      "Node Type": "Hash",
                      "Parent Relationship": "Inner",
                      "Parallel Aware": true,
                      "Startup Cost": 45479.59,
                      "Total Cost": 45479.59,
                      "Plan Rows": 22370,
                      "Plan Width": 4,
                      "Actual Startup Time": 108.849,
                      "Actual Total Time": 108.85,
                      "Actual Rows": 26997,
                      "Actual Loops": 3,
                      "Hash Buckets": 131072,
                      "Original Hash Buckets": 131072,
                      "Hash Batches": 1,
                      "Original Hash Batches": 1,
                      "Peak Memory Usage": 4256,
                      "Plans": [
                        {
                          "Node Type": "Seq Scan",
                          "Parent Relationship": "Outer",
                          "Parallel Aware": true,
                          "Relation Name": "title",
                          "Alias": "t",
                          "Startup Cost": 0.0,
                          "Total Cost": 45479.59,
                          "Plan Rows": 22370,
                          "Plan Width": 4,
                          "Actual Startup Time": 0.107,
                          "Actual Total Time": 101.715,
                          "Actual Rows": 26997,
                          "Actual Loops": 3,
                          "Filter": "((kind_id < 7) AND (production_year > 2011))",
                          "Rows Removed by Filter": 815774
                        }
                      ]
                    }
                  ]
                }
              ]
            }
          ]
        }
      ]
    },
    "Planning Time": 0.24,
    "Triggers": [],
    "Execution Time": 188.393
  }
]