[
  {
    "Plan": {
      "Node Type": "Aggregate",
      "Strategy": "Plain",
      "Partial Mode": "Finalize",
      "Parallel Aware": false,
      "Startup Cost": 207459.36,
      "Total Cost": 207459.37,
      "Plan Rows": 1,
      "Plan Width": 8,
      "Actual Startup Time": 2122.277,
      "Actual Total Time": 2195.672,
      "Actual Rows": 1,
      "Actual Loops": 1,
      "Plans": [
        {
          "Node Type": "Gather",
          "Parent Relationship": "Outer",
          "Parallel Aware": false,
          "Startup Cost": 207459.04,
          "Total Cost": 207459.35,
          "Plan Rows": 3,
          "Plan Width": 8,
          "Actual Startup Time": 2121.048,
          "Actual Total Time": 2195.66,
          "Actual Rows": 4,
          "Actual Loops": 1,
          "Workers Planned": 3,
          "Workers Launched": 3,
          "Single Copy": false,
          "Plans": [
            {
              "Node Type": "Aggregate",
              "Strategy": "Plain",
              "Partial Mode": "Partial",
              "Parent Relationship": "Outer",
              "Parallel Aware": false,
              "Startup Cost": 206459.04,
              "Total Cost": 206459.05,
              "Plan Rows": 1,
              "Plan Width": 8,
              "Actual Startup Time": 2110.629,
              "Actual Total Time": 2110.633,
              "Actual Rows": 1,
              "Actual Loops": 4,
              "Plans": [
                {
                  "Node Type": "Nested Loop",
                  "Parent Relationship": "Outer",
                  "Parallel Aware": false,
                  "Join Type": "Inner",
                  "Startup Cost": 44470.26,
                  "Total Cost": 206117.09,
                  "Plan Rows": 136781,
                  "Plan Width": 0,
                  "Actual Startup Time": 158.484,
                  "Actual Total Time": 2095.742,
                  "Actual Rows": 194758,
                  "Actual Loops": 4,
                  "Inner Unique": false,
                  "Join Filter": "(t.id = ci.movie_id)",
                  "Rows Removed by Join Filter": 0,
                  "Plans": [
                    {
                      "Node Type": "Hash Join",
                      "Parent Relationship": "Outer",
                      "Parallel Aware": true,
                      "Join Type": "Inner",
                      "Startup Cost": 44469.7,
                      "Total Cost": 89366.08,
                      "Plan Rows": 60520,
                      "Plan Width": 8,
                      "Actual Startup Time": 156.244,
                      "Actual Total Time": 378.826,
                      "Actual Rows": 91908,
                      "Actual Loops": 4,
                      "Inner Unique": true,
                      "Hash Cond": "(mk.movie_id = t.id)",
                      "Plans": [
                        {
                          "Node Type": "Seq Scan",
                          "Parent Relationship": "Outer",
                          "Parallel Aware": true,
                          "Relation Name": "movie_keyword",
                          "Alias": "mk",
                          "Startup Cost": 0.0,
                          "Total Cost": 42695.65,
                          "Plan Rows": 838372,
                          "Plan Width": 4,
                          "Actual Startup Time": 0.279,
                          "Actual Total Time": 131.044,
                          "Actual Rows": 648003,
                          "Actual Loops": 4,
                          "Filter": "(keyword_id > 3317)",
                          "Rows Removed by Filter": 482980
                        },
                        {
                          "Node Type": "Hash",
                          "Parent Relationship": "Inner",
                          "Parallel Aware": true,
                          "Startup Cost": 43899.32,
                          "Total Cost": 43899.32,
                          "Plan Rows": 45630,
                          "Plan Width": 4,
                          "Actual Startup Time": 153.128,
                          "Actual Total Time": 153.129,
                          "Actual Rows": 48747,
                          "Actual Loops": 4,
                          "Hash Buckets": 262144,
                          "Original Hash Buckets": 262144,
                          "Hash Batches": 1,
                          "Original Hash Batches": 1,
                          "Peak Memory Usage": 9760,
                          "Plans": [
                            {
                              "Node Type": "Seq Scan",
                              "Parent Relationship": "Outer",
                              "Parallel Aware": true,
                              "Relation Name": "title",
                              "Alias": "t",
                              "Startup Cost": 0.0,
                              "Total Cost": 43899.32,
                              "Plan Rows": 45630,
                              "Plan Width": 4,
                              "Actual Startup Time": 0.159,
                              "Actual Total Time": 130.275,
                              "Actual Rows": 48747,
                              "Actual Loops": 4,
                              "Filter": "(production_year < 1955)",
                              "Rows Removed by Filter": 583331
                            }
                          ]
                        }
                      ]
                    },
                    {
                      "Node Type": "Index Scan",
                      "Parent Relationship": "Inner",
                      "Parallel Aware": false,
                      "Scan Direction": "Forward",
                      "Index Name": "movie_id_cast_info",
                      "Relation Name": "cast_info",
                      "Alias": "ci",
                      "Startup Cost": 0.56,
                      "Total Cost": 1.85,
                      "Plan Rows": 6,
                      "Plan Width": 4,
                      "Actual Startup Time": 0.017,
                      "Actual Total Time": 0.018,
                      "Actual Rows": 2,
                      "Actual Loops": 367630,
                      "Index Cond": "(movie_id = mk.movie_id)",
                      "Rows Removed by Index Recheck": 0,
                      "Filter": "(role_id > 8)",
                      "Rows Removed by Filter": 31
                    }
                  ]
                }
              ]
            }
          ]
        }
      ]
    },
    "Planning Time": 0.908,
    "Triggers": [],
    "Execution Time": 2195.749
  }
]