[
  {
    "Plan": {
      "Node Type": "Aggregate",
      "Strategy": "Plain",
      "Partial Mode": "Finalize",
      "Parallel Aware": false,
      "Startup Cost": 46690.9,
      "Total Cost": 46690.91,
      "Plan Rows": 1,
      "Plan Width": 8,
      "Actual Startup Time": 169.609,
      "Actual Total Time": 179.883,
      "Actual Rows": 1,
      "Actual Loops": 1,
      "Plans": [
        {
          "Node Type": "Gather",
          "Parent Relationship": "Outer",
          "Parallel Aware": false,
          "Startup Cost": 46690.58,
          "Total Cost": 46690.89,
          "Plan Rows": 3,
          "Plan Width": 8,
          "Actual Startup Time": 169.497,
          "Actual Total Time": 179.875,
          "Actual Rows": 4,
          "Actual Loops": 1,
          "Workers Planned": 3,
          "Workers Launched": 3,
          "Single Copy": false,
          "Plans": [
            {
              "Node Type": "Aggregate",
              "Strategy": "Plain",
              "Partial Mode": "Partial",
              "Parent Relationship": "Outer",
              "Parallel Aware": false,
              "Startup Cost": 45690.58,
              "Total Cost": 45690.59,
              "Plan Rows": 1,
              "Plan Width": 8,
              "Actual Startup Time": 163.498,
              "Actual Total Time": 163.5,
              "Actual Rows": 1,
              "Actual Loops": 4,
              "Plans": [
                {
                  "Node Type": "Seq Scan",
                  "Parent Relationship": "Outer",
                  "Parallel Aware": true,
                  "Relation Name": "movie_keyword",
                  "Alias": "mk",
                  "Startup Cost": 0.0,
                  "Total Cost": 42695.65,
                  "Plan Rows": 1197970,
                  "Plan Width": 0,
                  "Actual Startup Time": 0.102,
                  "Actual Total Time": 122.846,
                  "Actual Rows": 926075,
                  "Actual Loops": 4,
                  "Filter": "(keyword_id > 785)",
                  "Rows Removed by Filter": 204908
                }
              ]
            }
          ]
        }
      ]
    },
    "Planning Time": 0.149,
    "Triggers": [],
    "Execution Time": 179.939
  }
]