[
  {
    "Plan": {
      "Node Type": "Aggregate",
      "Strategy": "Plain",
      "Partial Mode": "Finalize",
      "Parallel Aware": false,
      "Startup Cost": 44335.22,
      "Total Cost": 44335.23,
      "Plan Rows": 1,
      "Plan Width": 8,
      "Actual Startup Time": 120.976,
      "Actual Total Time": 130.377,
      "Actual Rows": 1,
      "Actual Loops": 1,
      "Plans": [
        {
          "Node Type": "Gather",
          "Parent Relationship": "Outer",
          "Parallel Aware": false,
          "Startup Cost": 44334.91,
          "Total Cost": 44335.22,
          "Plan Rows": 3,
          "Plan Width": 8,
          "Actual Startup Time": 120.868,
          "Actual Total Time": 130.369,
          "Actual Rows": 4,
          "Actual Loops": 1,
          "Workers Planned": 3,
          "Workers Launched": 3,
          "Single Copy": false,
          "Plans": [
            {
              "Node Type": "Aggregate",
              "Strategy": "Plain",
              "Partial Mode": "Partial",
              "Parent Relationship": "Outer",
              "Parallel Aware": false,
              "Startup Cost": 43334.91,
              "Total Cost": 43334.92,
              "Plan Rows": 1,
              "Plan Width": 8,
              "Actual Startup Time": 115.198,
              "Actual Total Time": 115.199,
              "Actual Rows": 1,
              "Actual Loops": 4,
              "Plans": [
                {
                  "Node Type": "Seq Scan",
                  "Parent Relationship": "Outer",
                  "Parallel Aware": true,
                  "Relation Name": "movie_keyword",
                  "Alias": "mk",
                  "Startup Cost": 0.0,
                  "Total Cost": 42695.65,
                  "Plan Rows": 255701,
                  "Plan Width": 0,
                  "Actual Startup Time": 4.745,
                  "Actual Total Time": 104.651,
                  "Actual Rows": 196502,
                  "Actual Loops": 4,
                  "Filter": "(keyword_id > 23963)",
                  "Rows Removed by Filter": 934480
                }
              ]
            }
          ]
        }
      ]
    },
    "Planning Time": 0.114,
    "Triggers": [],
    "Execution Time": 130.415
  }
]