{
  "Plan": {
    "Node Type": "Aggregate",
    "Strategy": "Plain",
    "Partial Mode": "Simple",
    "Parallel Aware": false,
    "Startup Cost": 7536.08,
    "Total Cost": 7536.09,
    "Plan Rows": 1,
    "Plan Width": 96,
    "Actual Startup Time": 184.433,
    "Actual Total Time": 184.441,
    "Actual Rows": 1,
    "Actual Loops": 1,
    "Plans": [
      {
        "Node Type": "Nested Loop",
        "Parent Relationship": "Outer",
        "Parallel Aware": false,
        "Join Type": "Inner",
        "Startup Cost": 12.96,
        "Total Cost": 7536.07,
        "Plan Rows": 1,
        "Plan Width": 42,
        "Actual Startup Time": 86.594,
        "Actual Total Time": 184.428,
        "Actual Rows": 1,
        "Actual Loops": 1,
        "Inner Unique": true,
        "Join Filter": "(mc.company_type_id = ct.id)",
        "Rows Removed by Join Filter": 0,
        "Plans": [
          {
            "Node Type": "Nested Loop",
            "Parent Relationship": "Outer",
            "Parallel Aware": false,
            "Join Type": "Inner",
            "Startup Cost": 12.96,
            "Total Cost": 7534.98,
            "Plan Rows": 1,
            "Plan Width": 46,
            "Actual Startup Time": 86.588,
            "Actual Total Time": 184.421,
            "Actual Rows": 1,
            "Actual Loops": 1,
            "Inner Unique": true,
            "Plans": [
              {
                "Node Type": "Nested Loop",
                "Parent Relationship": "Outer",
                "Parallel Aware": false,
                "Join Type": "Inner",
                "Startup Cost": 12.54,
                "Total Cost": 7534.44,
                "Plan Rows": 1,
                "Plan Width": 31,
                "Actual Startup Time": 70.58,
                "Actual Total Time": 184.371,
                "Actual Rows": 5,
                "Actual Loops": 1,
                "Inner Unique": true,
                "Join Filter": "(t.kind_id = kt.id)",
                "Rows Removed by Join Filter": 6,
                "Plans": [
                  {
                    "Node Type": "Nested Loop",
                    "Parent Relationship": "Outer",
                    "Parallel Aware": false,
                    "Join Type": "Inner",
                    "Startup Cost": 12.54,
                    "Total Cost": 7533.33,
                    "Plan Rows": 1,
                    "Plan Width": 35,
                    "Actual Startup Time": 55.477,
                    "Actual Total Time": 184.334,
                    "Actual Rows": 8,
                    "Actual Loops": 1,
                    "Inner Unique": true,
                    "Join Filter": "(mi.info_type_id = it1.id)",
                    "Rows Removed by Join Filter": 3,
                    "Plans": [
                      {
                        "Node Type": "Nested Loop",
                        "Parent Relationship": "Outer",
                        "Parallel Aware": false,
                        "Join Type": "Inner",
                        "Startup Cost": 12.54,
                        "Total Cost": 7530.9,
                        "Plan Rows": 1,
                        "Plan Width": 39,
                        "Actual Startup Time": 50.176,
                        "Actual Total Time": 184.265,
                        "Actual Rows": 11,
                        "Actual Loops": 1,
                        "Inner Unique": false,
                        "Join Filter": "(t.id = mi.movie_id)",
                        "Rows Removed by Join Filter": 0,
                        "Plans": [
                          {
                            "Node Type": "Nested Loop",
                            "Parent Relationship": "Outer",
                            "Parallel Aware": false,
                            "Join Type": "Inner",
                            "Startup Cost": 12.11,
                            "Total Cost": 7529.08,
                            "Plan Rows": 1,
                            "Plan Width": 51,
                            "Actual Startup Time": 42.611,
                            "Actual Total Time": 183.484,
                            "Actual Rows": 17,
                            "Actual Loops": 1,
                            "Inner Unique": true,
                            "Join Filter": "(mi_idx.info_type_id = it2.id)",
                            "Rows Removed by Join Filter": 40,
                            "Plans": [
                              {
                                "Node Type": "Nested Loop",
                                "Parent Relationship": "Outer",
                                "Parallel Aware": false,
                                "Join Type": "Inner",
                                "Startup Cost": 12.11,
                                "Total Cost": 7526.65,
                                "Plan Rows": 1,
                                "Plan Width": 55,
                                "Actual Startup Time": 41.199,
                                "Actual Total Time": 182.958,
                                "Actual Rows": 57,
                                "Actual Loops": 1,
                                "Inner Unique": false,
                                "Join Filter": "(t.id = mi_idx.movie_id)",
                                "Rows Removed by Join Filter": 0,
                                "Plans": [
                                  {
                                    "Node Type": "Nested Loop",
                                    "Parent Relationship": "Outer",
                                    "Parallel Aware": false,
                                    "Join Type": "Inner",
                                    "Startup Cost": 11.68,
                                    "Total Cost": 7526.12,
                                    "Plan Rows": 1,
                                    "Plan Width": 41,
                                    "Actual Startup Time": 41.183,
                                    "Actual Total Time": 182.744,
                                    "Actual Rows": 24,
                                    "Actual Loops": 1,
                                    "Inner Unique": false,
                                    "Join Filter": "(t.id = mc.movie_id)",
                                    "Rows Removed by Join Filter": 0,
                                    "Plans": [
                                      {
                                        "Node Type": "Nested Loop",
                                        "Parent Relationship": "Outer",
                                        "Parallel Aware": false,
                                        "Join Type": "Inner",
                                        "Startup Cost": 11.25,
                                        "Total Cost": 7513.94,
                                        "Plan Rows": 21,
                                        "Plan Width": 29,
                                        "Actual Startup Time": 9.391,
                                        "Actual Total Time": 165.769,
                                        "Actual Rows": 2582,
                                        "Actual Loops": 1,
                                        "Inner Unique": true,
                                        "Plans": [
                                          {
                                            "Node Type": "Nested Loop",
                                            "Parent Relationship": "Outer",
                                            "Parallel Aware": false,
                                            "Join Type": "Inner",
                                            "Startup Cost": 10.82,
                                            "Total Cost": 7447.81,
                                            "Plan Rows": 135,
                                            "Plan Width": 4,
                                            "Actual Startup Time": 9.208,
                                            "Actual Total Time": 66.164,
                                            "Actual Rows": 37091,
                                            "Actual Loops": 1,
                                            "Inner Unique": false,
                                            "Plans": [
                                              {
                                                "Node Type": "Seq Scan",
                                                "Parent Relationship": "Outer",
                                                "Parallel Aware": false,
                                                "Relation Name": "keyword",
                                                "Alias": "k",
                                                "Startup Cost": 0.0,
                                                "Total Cost": 2961.55,
                                                "Plan Rows": 4,
                                                "Plan Width": 4,
                                                "Actual Startup Time": 2.561,
                                                "Actual Total Time": 15.165,
                                                "Actual Rows": 3,
                                                "Actual Loops": 1,
                                                "Filter": "(keyword = ANY ('{murder,murder-in-title,blood,violence}'::text[]))",
                                                "Rows Removed by Filter": 134167
                                              },
                                              {
                                                "Node Type": "Bitmap Heap Scan",
                                                "Parent Relationship": "Inner",
                                                "Parallel Aware": false,
                                                "Relation Name": "movie_keyword",
                                                "Alias": "mk",
                                                "Startup Cost": 10.82,
                                                "Total Cost": 1118.49,
                                                "Plan Rows": 308,
                                                "Plan Width": 8,
                                                "Actual Startup Time": 3.563,
                                                "Actual Total Time": 15.885,
                                                "Actual Rows": 12364,
                                                "Actual Loops": 3,
                                                "Recheck Cond": "(keyword_id = k.id)",
                                                "Rows Removed by Index Recheck": 0,
                                                "Exact Heap Blocks": 26312,
                                                "Lossy Heap Blocks": 0,
                                                "Plans": [
                                                  {
                                                    "Node Type": "Bitmap Index Scan",
                                                    "Parent Relationship": "Outer",
                                                    "Parallel Aware": false,
                                                    "Index Name": "keyword_id_movie_keyword",
                                                    "Startup Cost": 0.0,
                                                    "Total Cost": 10.74,
                                                    "Plan Rows": 308,
                                                    "Plan Width": 0,
                                                    "Actual Startup Time": 1.739,
                                                    "Actual Total Time": 1.739,
                                                    "Actual Rows": 12364,
                                                    "Actual Loops": 3,
                                                    "Index Cond": "(keyword_id = k.id)"
                                                  }
                                                ]
                                              }
                                            ]
                                          },
                                          {
                                            "Node Type": "Index Scan",
                                            "Parent Relationship": "Inner",
                                            "Parallel Aware": false,
                                            "Scan Direction": "Forward",
                                            "Index Name": "title_pkey",
                                            "Relation Name": "title",
                                            "Alias": "t",
                                            "Startup Cost": 0.43,
                                            "Total Cost": 0.49,
                                            "Plan Rows": 1,
                                            "Plan Width": 25,
                                            "Actual Startup Time": 0.003,
                                            "Actual Total Time": 0.003,
                                            "Actual Rows": 0,
                                            "Actual Loops": 37091,
                                            "Index Cond": "(id = mk.movie_id)",
                                            "Rows Removed by Index Recheck": 0,
                                            "Filter": "(production_year > 2010)",
                                            "Rows Removed by Filter": 1
                                          }
                                        ]
                                      },
                                      {
                                        "Node Type": "Index Scan",
                                        "Parent Relationship": "Inner",
                                        "Parallel Aware": false,
                                        "Scan Direction": "Forward",
                                        "Index Name": "movie_id_movie_companies",
                                        "Relation Name": "movie_companies",
                                        "Alias": "mc",
                                        "Startup Cost": 0.43,
                                        "Total Cost": 0.57,
                                        "Plan Rows": 1,
                                        "Plan Width": 12,
                                        "Actual Startup Time": 0.006,
                                        "Actual Total Time": 0.006,
                                        "Actual Rows": 0,
                                        "Actual Loops": 2582,
                                        "Index Cond": "(movie_id = mk.movie_id)",
                                        "Rows Removed by Index Recheck": 0,
                                        "Filter": "((note !~~ '%(USA)%'::text) AND (note ~~ '%(200%)%'::text))",
                                        "Rows Removed by Filter": 7
                                      }
                                    ]
                                  },
                                  {
                                    "Node Type": "Index Scan",
                                    "Parent Relationship": "Inner",
                                    "Parallel Aware": false,
                                    "Scan Direction": "Forward",
                                    "Index Name": "movie_id_movie_info_idx",
                                    "Relation Name": "movie_info_idx",
                                    "Alias": "mi_idx",
                                    "Startup Cost": 0.43,
                                    "Total Cost": 0.5,
                                    "Plan Rows": 3,
                                    "Plan Width": 14,
                                    "Actual Startup Time": 0.007,
                                    "Actual Total Time": 0.008,
                                    "Actual Rows": 2,
                                    "Actual Loops": 24,
                                    "Index Cond": "(movie_id = mk.movie_id)",
                                    "Rows Removed by Index Recheck": 0,
                                    "Filter": "(info < '8.5'::text)",
                                    "Rows Removed by Filter": 0
                                  }
                                ]
                              },
                              {
                                "Node Type": "Seq Scan",
                                "Parent Relationship": "Inner",
                                "Parallel Aware": false,
                                "Relation Name": "info_type",
                                "Alias": "it2",
                                "Startup Cost": 0.0,
                                "Total Cost": 2.41,
                                "Plan Rows": 1,
                                "Plan Width": 4,
                                "Actual Startup Time": 0.007,
                                "Actual Total Time": 0.007,
                                "Actual Rows": 1,
                                "Actual Loops": 57,
                                "Filter": "((info)::text = 'rating'::text)",
                                "Rows Removed by Filter": 108
                              }
                            ]
                          },
                          {
                            "Node Type": "Index Scan",
                            "Parent Relationship": "Inner",
                            "Parallel Aware": false,
                            "Scan Direction": "Forward",
                            "Index Name": "movie_id_movie_info",
                            "Relation Name": "movie_info",
                            "Alias": "mi",
                            "Startup Cost": 0.43,
                            "Total Cost": 1.8,
                            "Plan Rows": 2,
                            "Plan Width": 8,
                            "Actual Startup Time": 0.031,
                            "Actual Total Time": 0.044,
                            "Actual Rows": 1,
                            "Actual Loops": 17,
                            "Index Cond": "(movie_id = mk.movie_id)",
                            "Rows Removed by Index Recheck": 0,
                            "Filter": "(info = ANY ('{Sweden,Norway,Germany,Denmark,Swedish,Danish,Norwegian,German,USA,American}'::text[]))",
                            "Rows Removed by Filter": 58
                          }
                        ]
                      },
                      {
                        "Node Type": "Seq Scan",
                        "Parent Relationship": "Inner",
                        "Parallel Aware": false,
                        "Relation Name": "info_type",
                        "Alias": "it1",
                        "Startup Cost": 0.0,
                        "Total Cost": 2.41,
                        "Plan Rows": 1,
                        "Plan Width": 4,
                        "Actual Startup Time": 0.003,
                        "Actual Total Time": 0.004,
                        "Actual Rows": 1,
                        "Actual Loops": 11,
                        "Filter": "((info)::text = 'countries'::text)",
                        "Rows Removed by Filter": 36
                      }
                    ]
                  },
                  {
                    "Node Type": "Seq Scan",
                    "Parent Relationship": "Inner",
                    "Parallel Aware": false,
                    "Relation Name": "kind_type",
                    "Alias": "kt",
                    "Startup Cost": 0.0,
                    "Total Cost": 1.09,
                    "Plan Rows": 2,
                    "Plan Width": 4,
                    "Actual Startup Time": 0.002,
                    "Actual Total Time": 0.002,
                    "Actual Rows": 1,
                    "Actual Loops": 8,
                    "Filter": "((kind)::text = ANY ('{movie,episode}'::text[]))",
                    "Rows Removed by Filter": 2
                  }
                ]
              },
              {
                "Node Type": "Index Scan",
                "Parent Relationship": "Inner",
                "Parallel Aware": false,
                "Scan Direction": "Forward",
                "Index Name": "company_name_pkey",
                "Relation Name": "company_name",
                "Alias": "cn",
                "Startup Cost": 0.42,
                "Total Cost": 0.55,
                "Plan Rows": 1,
                "Plan Width": 23,
                "Actual Startup Time": 0.008,
                "Actual Total Time": 0.008,
                "Actual Rows": 0,
                "Actual Loops": 5,
                "Index Cond": "(id = mc.company_id)",
                "Rows Removed by Index Recheck": 0,
                "Filter": "((country_code)::text <> '[us]'::text)",
                "Rows Removed by Filter": 1
              }
            ]
          },
          {
            "Node Type": "Seq Scan",
            "Parent Relationship": "Inner",
            "Parallel Aware": false,
            "Relation Name": "company_type",
            "Alias": "ct",
            "Startup Cost": 0.0,
            "Total Cost": 1.04,
            "Plan Rows": 4,
            "Plan Width": 4,
            "Actual Startup Time": 0.004,
            "Actual Total Time": 0.004,
            "Actual Rows": 1,
            "Actual Loops": 1
          }
        ]
      }
    ]
  },
  "Planning Time": 3.346,
  "Triggers": [],
  "Execution Time": 184.637
}