[
  {
    "Plan": {
      "Node Type": "Aggregate",
      "Strategy": "Plain",
      "Partial Mode": "Simple",
      "Parallel Aware": false,
      "Startup Cost": 14545.01,
      "Total Cost": 14545.02,
      "Plan Rows": 1,
      "Plan Width": 8,
      "Actual Startup Time": 1.115,
      "Actual Total Time": 1.115,
      "Actual Rows": 1,
      "Actual Loops": 1,
      "Plans": [
        {
          "Node Type": "Index Scan",
          "Parent Relationship": "Outer",
          "Parallel Aware": false,
          "Scan Direction": "Forward",
          "Index Name": "person_id_cast_info",
          "Relation Name": "cast_info",
          "Alias": "ci",
          "Startup Cost": 0.56,
          "Total Cost": 14532.94,
          "Plan Rows": 4829,
          "Plan Width": 0,
          "Actual Startup Time": 0.051,
          "Actual Total Time": 0.904,
          "Actual Rows": 3179,
          "Actual Loops": 1,
          "Index Cond": "(person_id = 257757)",
          "Rows Removed by Index Recheck": 0,
          "Filter": "(role_id < 4)",
          "Rows Removed by Filter": 428
        }
      ]
    },
    "Planning Time": 0.086,
    "Triggers": [],
    "Execution Time": 1.135
  }
]