[
  {
    "Plan": {
      "Node Type": "Aggregate",
      "Strategy": "Plain",
      "Partial Mode": "Finalize",
      "Parallel Aware": false,
      "Startup Cost": 30756.46,
      "Total Cost": 30756.47,
      "Plan Rows": 1,
      "Plan Width": 8,
      "Actual Startup Time": 91.287,
      "Actual Total Time": 99.021,
      "Actual Rows": 1,
      "Actual Loops": 1,
      "Plans": [
        {
          "Node Type": "Gather",
          "Parent Relationship": "Outer",
          "Parallel Aware": false,
          "Startup Cost": 30756.14,
          "Total Cost": 30756.45,
          "Plan Rows": 3,
          "Plan Width": 8,
          "Actual Startup Time": 91.195,
          "Actual Total Time": 99.011,
          "Actual Rows": 4,
          "Actual Loops": 1,
          "Workers Planned": 3,
          "Workers Launched": 3,
          "Single Copy": false,
          "Plans": [
            {
              "Node Type": "Aggregate",
              "Strategy": "Plain",
              "Partial Mode": "Partial",
              "Parent Relationship": "Outer",
              "Parallel Aware": false,
              "Startup Cost": 29756.14,
              "Total Cost": 29756.15,
              "Plan Rows": 1,
              "Plan Width": 8,
              "Actual Startup Time": 83.981,
              "Actual Total Time": 83.982,
              "Actual Rows": 1,
              "Actual Loops": 4,
              "Plans": [
                {
                  "Node Type": "Seq Scan",
                  "Parent Relationship": "Outer",
                  "Parallel Aware": true,
                  "Relation Name": "movie_companies",
                  "Alias": "mc",
                  "Startup Cost": 0.0,
                  "Total Cost": 29310.68,
                  "Plan Rows": 178184,
                  "Plan Width": 0,
                  "Actual Startup Time": 0.043,
                  "Actual Total Time": 73.939,
                  "Actual Rows": 136658,
                  "Actual Loops": 4,
                  "Filter": "(company_id < 554)",
                  "Rows Removed by Filter": 515624
                }
              ]
            }
          ]
        }
      ]
    },
    "Planning Time": 0.188,
    "Triggers": [],
    "Execution Time": 99.076
  }
]