[
  {
    "Plan": {
      "Node Type": "Aggregate",
      "Strategy": "Plain",
      "Partial Mode": "Finalize",
      "Parallel Aware": false,
      "Startup Cost": 373277.44,
      "Total Cost": 373277.45,
      "Plan Rows": 1,
      "Plan Width": 8,
      "Actual Startup Time": 507.668,
      "Actual Total Time": 524.641,
      "Actual Rows": 1,
      "Actual Loops": 1,
      "Plans": [
        {
          "Node Type": "Gather",
          "Parent Relationship": "Outer",
          "Parallel Aware": false,
          "Startup Cost": 373276.81,
          "Total Cost": 373277.42,
          "Plan Rows": 6,
          "Plan Width": 8,
          "Actual Startup Time": 494.187,
          "Actual Total Time": 524.631,
          "Actual Rows": 7,
          "Actual Loops": 1,
          "Workers Planned": 6,
          "Workers Launched": 6,
          "Single Copy": false,
          "Plans": [
            {
              "Node Type": "Aggregate",
              "Strategy": "Plain",
              "Partial Mode": "Partial",
              "Parent Relationship": "Outer",
              "Parallel Aware": false,
              "Startup Cost": 372276.81,
              "Total Cost": 372276.82,
              "Plan Rows": 1,
              "Plan Width": 8,
              "Actual Startup Time": 476.354,
              "Actual Total Time": 476.359,
              "Actual Rows": 1,
              "Actual Loops": 7,
              "Plans": [
                {
                  "Node Type": "Hash Join",
                  "Parent Relationship": "Outer",
                  "Parallel Aware": true,
                  "Join Type": "Inner",
                  "Startup Cost": 111755.58,
                  "Total Cost": 371878.38,
                  "Plan Rows": 159374,
                  "Plan Width": 0,
                  "Actual Startup Time": 405.909,
                  "Actual Total Time": 472.631,
                  "Actual Rows": 83552,
                  "Actual Loops": 7,
                  "Inner Unique": true,
                  "Hash Cond": "(ci.movie_id = t.id)",
                  "Plans": [
                    {
                      "Node Type": "Bitmap Heap Scan",
                      "Parent Relationship": "Outer",
                      "Parallel Aware": true,
                      "Relation Name": "cast_info",
                      "Alias": "ci",
                      "Startup Cost": 61535.94,
                      "Total Cost": 321240.38,
                      "Plan Rows": 159374,
                      "Plan Width": 4,
                      "Actual Startup Time": 170.681,
                      "Actual Total Time": 193.275,
                      "Actual Rows": 83552,
                      "Actual Loops": 7,
                      "Recheck Cond": "(person_id < 276681)",
                      "Rows Removed by Index Recheck": 0,
                      "Filter": "(role_id > 3)",
                      "Rows Removed by Filter": 324883,
                      "Exact Heap Blocks": 6645,
                      "Lossy Heap Blocks": 0,
                      "Plans": [
                        {
                          "Node Type": "Bitmap Index Scan",
                          "Parent Relationship": "Outer",
                          "Parallel Aware": false,
                          "Index Name": "person_id_cast_info",
                          "Startup Cost": 0.0,
                          "Total Cost": 61296.88,
                          "Plan Rows": 2806975,
                          "Plan Width": 0,
                          "Actual Startup Time": 97.213,
                          "Actual Total Time": 97.214,
                          "Actual Rows": 2859045,
                          "Actual Loops": 1,
                          "Index Cond": "(person_id < 276681)"
                        }
                      ]
                    },
                    {
                      "Node Type": "Hash",
                      "Parent Relationship": "Inner",
                      "Parallel Aware": true,
                      "Startup Cost": 42318.73,
                      "Total Cost": 42318.73,
                      "Plan Rows": 632073,
                      "Plan Width": 4,
                      "Actual Startup Time": 229.363,
                      "Actual Total Time": 229.364,
                      "Actual Rows": 361187,
                      "Actual Loops": 7,
                      "Hash Buckets": 4194304,
                      "Original Hash Buckets": 4194304,
                      "Hash Batches": 1,
                      "Original Hash Batches": 1,
                      "Peak Memory Usage": 131776,
                      "Plans": [
                        {
                          "Node Type": "Seq Scan",
                          "Parent Relationship": "Outer",
                          "Parallel Aware": true,
                          "Relation Name": "title",
                          "Alias": "t",
                          "Startup Cost": 0.0,
                          "Total Cost": 42318.73,
                          "Plan Rows": 632073,
                          "Plan Width": 4,
                          "Actual Startup Time": 0.035,
                          "Actual Total Time": 68.91,
                          "Actual Rows": 361187,
                          "Actual Loops": 7
                        }
                      ]
                    }
                  ]
                }
              ]
            }
          ]
        }
      ]
    },
    "Planning Time": 0.415,
    "Triggers": [],
    "Execution Time": 524.706
  }
]