[
  {
    "Plan": {
      "Node Type": "Aggregate",
      "Strategy": "Plain",
      "Partial Mode": "Finalize",
      "Parallel Aware": false,
      "Startup Cost": 254301.36,
      "Total Cost": 254301.37,
      "Plan Rows": 1,
      "Plan Width": 8,
      "Actual Startup Time": 3033.179,
      "Actual Total Time": 3075.473,
      "Actual Rows": 1,
      "Actual Loops": 1,
      "Plans": [
        {
          "Node Type": "Gather",
          "Parent Relationship": "Outer",
          "Parallel Aware": false,
          "Startup Cost": 254301.04,
          "Total Cost": 254301.35,
          "Plan Rows": 3,
          "Plan Width": 8,
          "Actual Startup Time": 3031.569,
          "Actual Total Time": 3075.464,
          "Actual Rows": 4,
          "Actual Loops": 1,
          "Workers Planned": 3,
          "Workers Launched": 3,
          "Single Copy": false,
          "Plans": [
            {
              "Node Type": "Aggregate",
              "Strategy": "Plain",
              "Partial Mode": "Partial",
              "Parent Relationship": "Outer",
              "Parallel Aware": false,
              "Startup Cost": 253301.04,
              "Total Cost": 253301.05,
              "Plan Rows": 1,
              "Plan Width": 8,
              "Actual Startup Time": 3026.668,
              "Actual Total Time": 3026.673,
              "Actual Rows": 1,
              "Actual Loops": 4,
              "Plans": [
                {
                  "Node Type": "Nested Loop",
                  "Parent Relationship": "Outer",
                  "Parallel Aware": false,
                  "Join Type": "Inner",
                  "Startup Cost": 46700.35,
                  "Total Cost": 252139.92,
                  "Plan Rows": 464450,
                  "Plan Width": 0,
                  "Actual Startup Time": 196.988,
                  "Actual Total Time": 2773.511,
                  "Actual Rows": 4399524,
                  "Actual Loops": 4,
                  "Inner Unique": false,
                  "Join Filter": "(t.id = mi.movie_id)",
                  "Rows Removed by Join Filter": 0,
                  "Plans": [
                    {
                      "Node Type": "Hash Join",
                      "Parent Relationship": "Outer",
                      "Parallel Aware": true,
                      "Join Type": "Inner",
                      "Startup Cost": 46699.91,
                      "Total Cost": 77355.0,
                      "Plan Rows": 79100,
                      "Plan Width": 8,
                      "Actual Startup Time": 196.779,
                      "Actual Total Time": 421.454,
                      "Actual Rows": 105218,
                      "Actual Loops": 4,
                      "Inner Unique": true,
                      "Hash Cond": "(mc.movie_id = t.id)",
                      "Plans": [
                        {
                          "Node Type": "Seq Scan",
                          "Parent Relationship": "Outer",
                          "Parallel Aware": true,
                          "Relation Name": "movie_companies",
                          "Alias": "mc",
                          "Startup Cost": 0.0,
                          "Total Cost": 29310.68,
                          "Plan Rows": 512154,
                          "Plan Width": 4,
                          "Actual Startup Time": 4.647,
                          "Actual Total Time": 102.152,
                          "Actual Rows": 395922,
                          "Actual Loops": 4,
                          "Filter": "(company_id > 5509)",
                          "Rows Removed by Filter": 256360
                        },
                        {
                          "Node Type": "Hash",
                          "Parent Relationship": "Inner",
                          "Parallel Aware": true,
                          "Startup Cost": 45479.59,
                          "Total Cost": 45479.59,
                          "Plan Rows": 97626,
                          "Plan Width": 4,
                          "Actual Startup Time": 175.432,
                          "Actual Total Time": 175.433,
                          "Actual Rows": 72423,
                          "Actual Loops": 4,
                          "Hash Buckets": 524288,
                          "Original Hash Buckets": 524288,
                          "Hash Batches": 1,
                          "Original Hash Batches": 1,
                          "Peak Memory Usage": 15488,
                          "Plans": [
                            {
                              "Node Type": "Seq Scan",
                              "Parent Relationship": "Outer",
                              "Parallel Aware": true,
                              "Relation Name": "title",
                              "Alias": "t",
                              "Startup Cost": 0.0,
                              "Total Cost": 45479.59,
                              "Plan Rows": 97626,
                              "Plan Width": 4,
                              "Actual Startup Time": 53.428,
                              "Actual Total Time": 135.087,
                              "Actual Rows": 72423,
                              "Actual Loops": 4,
                              "Filter": "((production_year > 1998) AND (kind_id = 1))",
                              "Rows Removed by Filter": 559655
                            }
                          ]
                        }
                      ]
                    },
                    {
                      "Node Type": "Index Only Scan",
                      "Parent Relationship": "Inner",
                      "Parallel Aware": false,
                      "Scan Direction": "Forward",
                      "Index Name": "movie_id_movie_info",
                      "Relation Name": "movie_info",
                      "Alias": "mi",
                      "Startup Cost": 0.43,
                      "Total Cost": 1.7,
                      "Plan Rows": 41,
                      "Plan Width": 4,
                      "Actual Startup Time": 0.005,
                      "Actual Total Time": 0.017,
                      "Actual Rows": 42,
                      "Actual Loops": 420872,
                      "Index Cond": "(movie_id = mc.movie_id)",
                      "Rows Removed by Index Recheck": 0,
                      "Heap Fetches": 17598098
                    }
                  ]
                }
              ]
            }
          ]
        }
      ]
    },
    "Planning Time": 0.877,
    "Triggers": [],
    "Execution Time": 3075.525
  }
]