[
  {
    "Plan": {
      "Node Type": "Aggregate",
      "Strategy": "Plain",
      "Partial Mode": "Simple",
      "Parallel Aware": false,
      "Startup Cost": 22454.47,
      "Total Cost": 22454.48,
      "Plan Rows": 1,
      "Plan Width": 8,
      "Actual Startup Time": 47.804,
      "Actual Total Time": 47.805,
      "Actual Rows": 1,
      "Actual Loops": 1,
      "Plans": [
        {
          "Node Type": "Bitmap Heap Scan",
          "Parent Relationship": "Outer",
          "Parallel Aware": false,
          "Relation Name": "movie_companies",
          "Alias": "mc",
          "Startup Cost": 2166.42,
          "Total Cost": 22204.8,
          "Plan Rows": 99870,
          "Plan Width": 0,
          "Actual Startup Time": 16.264,
          "Actual Total Time": 40.884,
          "Actual Rows": 94498,
          "Actual Loops": 1,
          "Recheck Cond": "(company_id > 160904)",
          "Rows Removed by Index Recheck": 0,
          "Exact Heap Blocks": 3042,
          "Lossy Heap Blocks": 0,
          "Plans": [
            {
              "Node Type": "Bitmap Index Scan",
              "Parent Relationship": "Outer",
              "Parallel Aware": false,
              "Index Name": "company_id_movie_companies",
              "Startup Cost": 0.0,
              "Total Cost": 2141.45,
              "Plan Rows": 99870,
              "Plan Width": 0,
              "Actual Startup Time": 15.002,
              "Actual Total Time": 15.002,
              "Actual Rows": 94498,
              "Actual Loops": 1,
              "Index Cond": "(company_id > 160904)"
            }
          ]
        }
      ]
    },
    "Planning Time": 0.164,
    "Triggers": [],
    "Execution Time": 47.861
  }
]