[
  {
    "Plan": {
      "Node Type": "Aggregate",
      "Strategy": "Plain",
      "Partial Mode": "Finalize",
      "Parallel Aware": false,
      "Startup Cost": 292671.61,
      "Total Cost": 292671.62,
      "Plan Rows": 1,
      "Plan Width": 8,
      "Actual Startup Time": 1168.648,
      "Actual Total Time": 1217.537,
      "Actual Rows": 1,
      "Actual Loops": 1,
      "Plans": [
        {
          "Node Type": "Gather",
          "Parent Relationship": "Outer",
          "Parallel Aware": false,
          "Startup Cost": 292671.09,
          "Total Cost": 292671.6,
          "Plan Rows": 5,
          "Plan Width": 8,
          "Actual Startup Time": 1157.348,
          "Actual Total Time": 1217.518,
          "Actual Rows": 6,
          "Actual Loops": 1,
          "Workers Planned": 5,
          "Workers Launched": 5,
          "Single Copy": false,
          "Plans": [
            {
              "Node Type": "Aggregate",
              "Strategy": "Plain",
              "Partial Mode": "Partial",
              "Parent Relationship": "Outer",
              "Parallel Aware": false,
              "Startup Cost": 291671.09,
              "Total Cost": 291671.1,
              "Plan Rows": 1,
              "Plan Width": 8,
              "Actual Startup Time": 1146.814,
              "Actual Total Time": 1147.753,
              "Actual Rows": 1,
              "Actual Loops": 6,
              "Plans": [
                {
                  "Node Type": "Hash Join",
                  "Parent Relationship": "Outer",
                  "Parallel Aware": true,
                  "Join Type": "Inner",
                  "Startup Cost": 85192.28,
                  "Total Cost": 290444.06,
                  "Plan Rows": 490811,
                  "Plan Width": 0,
                  "Actual Startup Time": 457.292,
                  "Actual Total Time": 1076.666,
                  "Actual Rows": 1701697,
                  "Actual Loops": 6,
                  "Inner Unique": false,
                  "Hash Cond": "(mi.movie_id = t.id)",
                  "Plans": [
                    {
                      "Node Type": "Seq Scan",
                      "Parent Relationship": "Outer",
                      "Parallel Aware": true,
                      "Relation Name": "movie_info",
                      "Alias": "mi",
                      "Startup Cost": 0.0,
                      "Total Cost": 198952.16,
                      "Plan Rows": 1257696,
                      "Plan Width": 4,
                      "Actual Startup Time": 16.098,
                      "Actual Total Time": 314.415,
                      "Actual Rows": 1037249,
                      "Actual Loops": 6,
                      "Filter": "(info_type_id > 8)",
                      "Rows Removed by Filter": 1435371
                    },
                    {
                      "Node Type": "Hash",
                      "Parent Relationship": "Inner",
                      "Parallel Aware": true,
                      "Startup Cost": 81213.83,
                      "Total Cost": 81213.83,
                      "Plan Rows": 318276,
                      "Plan Width": 8,
                      "Actual Startup Time": 437.214,
                      "Actual Total Time": 438.15,
                      "Actual Rows": 151836,
                      "Actual Loops": 6,
                      "Hash Buckets": 1048576,
                      "Original Hash Buckets": 1048576,
                      "Hash Batches": 1,
                      "Original Hash Batches": 1,
                      "Peak Memory Usage": 43936,
                      "Plans": [
                        {
                          "Node Type": "Hash Join",
                          "Parent Relationship": "Outer",
                          "Parallel Aware": true,
                          "Join Type": "Inner",
                          "Startup Cost": 50969.57,
                          "Total Cost": 81213.83,
                          "Plan Rows": 318276,
                          "Plan Width": 8,
                          "Actual Startup Time": 267.993,
                          "Actual Total Time": 378.918,
                          "Actual Rows": 151836,
                          "Actual Loops": 6,
                          "Inner Unique": true,
                          "Hash Cond": "(mc.movie_id = t.id)",
                          "Plans": [
                            {
                              "Node Type": "Seq Scan",
                              "Parent Relationship": "Outer",
                              "Parallel Aware": true,
                              "Relation Name": "movie_companies",
                              "Alias": "mc",
                              "Startup Cost": 0.0,
                              "Total Cost": 29310.68,
                              "Plan Rows": 355649,
                              "Plan Width": 4,
                              "Actual Startup Time": 7.087,
                              "Actual Total Time": 47.774,
                              "Actual Rows": 185176,
                              "Actual Loops": 6,
                              "Filter": "(company_id > 13972)",
                              "Rows Removed by Filter": 249679
                            },
                            {
                              "Node Type": "Hash",
                              "Parent Relationship": "Inner",
                              "Parallel Aware": true,
                              "Startup Cost": 43898.92,
                              "Total Cost": 43898.92,
                              "Plan Rows": 565652,
                              "Plan Width": 4,
                              "Actual Startup Time": 255.781,
                              "Actual Total Time": 255.782,
                              "Actual Rows": 375537,
                              "Actual Loops": 6,
                              "Hash Buckets": 4194304,
                              "Original Hash Buckets": 4194304,
                              "Hash Batches": 1,
                              "Original Hash Batches": 1,
                              "Peak Memory Usage": 121024,
                              "Plans": [
                                {
                                  "Node Type": "Seq Scan",
                                  "Parent Relationship": "Outer",
                                  "Parallel Aware": true,
                                  "Relation Name": "title",
                                  "Alias": "t",
                                  "Startup Cost": 0.0,
                                  "Total Cost": 43898.92,
                                  "Plan Rows": 565652,
                                  "Plan Width": 4,
                                  "Actual Startup Time": 0.046,
                                  "Actual Total Time": 83.95,
                                  "Actual Rows": 375537,
                                  "Actual Loops": 6,
                                  "Filter": "(production_year > 1955)",
                                  "Rows Removed by Filter": 45848
                                }
                              ]
                            }
                          ]
                        }
                      ]
                    }
                  ]
                }
              ]
            }
          ]
        }
      ]
    },
    "Planning Time": 1.471,
    "Triggers": [],
    "Execution Time": 1217.642
  }
]