[
  {
    "Plan": {
      "Node Type": "Aggregate",
      "Strategy": "Plain",
      "Partial Mode": "Finalize",
      "Parallel Aware": false,
      "Startup Cost": 47321.27,
      "Total Cost": 47321.28,
      "Plan Rows": 1,
      "Plan Width": 8,
      "Actual Startup Time": 265.982,
      "Actual Total Time": 280.928,
      "Actual Rows": 1,
      "Actual Loops": 1,
      "Plans": [
        {
          "Node Type": "Gather",
          "Parent Relationship": "Outer",
          "Parallel Aware": false,
          "Startup Cost": 47320.95,
          "Total Cost": 47321.26,
          "Plan Rows": 3,
          "Plan Width": 8,
          "Actual Startup Time": 265.736,
          "Actual Total Time": 280.915,
          "Actual Rows": 4,
          "Actual Loops": 1,
          "Workers Planned": 3,
          "Workers Launched": 3,
          "Single Copy": false,
          "Plans": [
            {
              "Node Type": "Aggregate",
              "Strategy": "Plain",
              "Partial Mode": "Partial",
              "Parent Relationship": "Outer",
              "Parallel Aware": false,
              "Startup Cost": 46320.95,
              "Total Cost": 46320.96,
              "Plan Rows": 1,
              "Plan Width": 8,
              "Actual Startup Time": 258.358,
              "Actual Total Time": 258.36,
              "Actual Rows": 1,
              "Actual Loops": 4,
              "Plans": [
                {
                  "Node Type": "Seq Scan",
                  "Parent Relationship": "Outer",
                  "Parallel Aware": true,
                  "Relation Name": "movie_keyword",
                  "Alias": "mk",
                  "Startup Cost": 0.0,
                  "Total Cost": 42695.65,
                  "Plan Rows": 1450118,
                  "Plan Width": 0,
                  "Actual Startup Time": 0.066,
                  "Actual Total Time": 184.109,
                  "Actual Rows": 1124150,
                  "Actual Loops": 4,
                  "Filter": "(keyword_id < 112261)",
                  "Rows Removed by Filter": 6832
                }
              ]
            }
          ]
        }
      ]
    },
    "Planning Time": 0.266,
    "Triggers": [],
    "Execution Time": 280.99
  }
]