{
  "Plan": {
    "Node Type": "Aggregate",
    "Strategy": "Plain",
    "Partial Mode": "Finalize",
    "Parallel Aware": false,
    "Startup Cost": 212283.6,
    "Total Cost": 212283.61,
    "Plan Rows": 1,
    "Plan Width": 8,
    "Actual Startup Time": 1628.501,
    "Actual Total Time": 1661.032,
    "Actual Rows": 1,
    "Actual Loops": 1,
    "Plans": [
      {
        "Node Type": "Gather",
        "Parent Relationship": "Outer",
        "Parallel Aware": false,
        "Startup Cost": 212283.49,
        "Total Cost": 212283.6,
        "Plan Rows": 1,
        "Plan Width": 8,
        "Actual Startup Time": 1627.105,
        "Actual Total Time": 1661.021,
        "Actual Rows": 2,
        "Actual Loops": 1,
        "Workers Planned": 1,
        "Workers Launched": 1,
        "Single Copy": false,
        "Plans": [
          {
            "Node Type": "Aggregate",
            "Strategy": "Plain",
            "Partial Mode": "Partial",
            "Parent Relationship": "Outer",
            "Parallel Aware": false,
            "Startup Cost": 211283.49,
            "Total Cost": 211283.5,
            "Plan Rows": 1,
            "Plan Width": 8,
            "Actual Startup Time": 1620.837,
            "Actual Total Time": 1620.843,
            "Actual Rows": 1,
            "Actual Loops": 2,
            "Plans": [
              {
                "Node Type": "Hash Join",
                "Parent Relationship": "Outer",
                "Parallel Aware": true,
                "Join Type": "Inner",
                "Startup Cost": 169533.75,
                "Total Cost": 210729.8,
                "Plan Rows": 221476,
                "Plan Width": 0,
                "Actual Startup Time": 1209.008,
                "Actual Total Time": 1594.719,
                "Actual Rows": 521598,
                "Actual Loops": 2,
                "Inner Unique": false,
                "Hash Cond": "(mc.movie_id = t.id)",
                "Plans": [
                  {
                    "Node Type": "Seq Scan",
                    "Parent Relationship": "Outer",
                    "Parallel Aware": true,
                    "Relation Name": "movie_companies",
                    "Alias": "mc",
                    "Startup Cost": 0.0,
                    "Total Cost": 34137.82,
                    "Plan Rows": 1534782,
                    "Plan Width": 4,
                    "Actual Startup Time": 0.012,
                    "Actual Total Time": 120.876,
                    "Actual Rows": 1304564,
                    "Actual Loops": 2
                  },
                  {
                    "Node Type": "Hash",
                    "Parent Relationship": "Inner",
                    "Parallel Aware": true,
                    "Startup Cost": 166851.08,
                    "Total Cost": 166851.08,
                    "Plan Rows": 214614,
                    "Plan Width": 8,
                    "Actual Startup Time": 1203.032,
                    "Actual Total Time": 1203.034,
                    "Actual Rows": 182453,
                    "Actual Loops": 2,
                    "Hash Buckets": 524288,
                    "Original Hash Buckets": 524288,
                    "Hash Batches": 1,
                    "Original Hash Batches": 1,
                    "Peak Memory Usage": 18400,
                    "Plans": [
                      {
                        "Node Type": "Merge Join",
                        "Parent Relationship": "Outer",
                        "Parallel Aware": false,
                        "Join Type": "Inner",
                        "Startup Cost": 3.03,
                        "Total Cost": 166851.08,
                        "Plan Rows": 214614,
                        "Plan Width": 8,
                        "Actual Startup Time": 0.308,
                        "Actual Total Time": 1135.934,
                        "Actual Rows": 182453,
                        "Actual Loops": 2,
                        "Inner Unique": false,
                        "Merge Cond": "(t.id = mi_idx.movie_id)",
                        "Plans": [
                          {
                            "Node Type": "Index Scan",
                            "Parent Relationship": "Outer",
                            "Parallel Aware": true,
                            "Scan Direction": "Forward",
                            "Index Name": "title_pkey",
                            "Relation Name": "title",
                            "Alias": "t",
                            "Startup Cost": 0.43,
                            "Total Cost": 103647.43,
                            "Plan Rows": 1177078,
                            "Plan Width": 4,
                            "Actual Startup Time": 0.083,
                            "Actual Total Time": 765.07,
                            "Actual Rows": 994929,
                            "Actual Loops": 2,
                            "Filter": "(production_year > 1976)",
                            "Rows Removed by Filter": 268023
                          },
                          {
                            "Node Type": "Index Scan",
                            "Parent Relationship": "Inner",
                            "Parallel Aware": false,
                            "Scan Direction": "Forward",
                            "Index Name": "movie_id_movie_info_idx",
                            "Relation Name": "movie_info_idx",
                            "Alias": "mi_idx",
                            "Startup Cost": 0.43,
                            "Total Cost": 57070.31,
                            "Plan Rows": 460978,
                            "Plan Width": 4,
                            "Actual Startup Time": 0.123,
                            "Actual Total Time": 254.284,
                            "Actual Rows": 460185,
                            "Actual Loops": 2,
                            "Filter": "(info_type_id > 100)",
                            "Rows Removed by Filter": 919850
                          }
                        ]
                      }
                    ]
                  }
                ]
              }
            ]
          }
        ]
      }
    ]
  },
  "Planning Time": 1.089,
  "Triggers": [],
  "Execution Time": 1661.167
}