[
  {
    "Plan": {
      "Node Type": "Aggregate",
      "Strategy": "Plain",
      "Partial Mode": "Finalize",
      "Parallel Aware": false,
      "Startup Cost": 81244.68,
      "Total Cost": 81244.69,
      "Plan Rows": 1,
      "Plan Width": 8,
      "Actual Startup Time": 422.244,
      "Actual Total Time": 440.05,
      "Actual Rows": 1,
      "Actual Loops": 1,
      "Plans": [
        {
          "Node Type": "Gather",
          "Parent Relationship": "Outer",
          "Parallel Aware": false,
          "Startup Cost": 81244.36,
          "Total Cost": 81244.67,
          "Plan Rows": 3,
          "Plan Width": 8,
          "Actual Startup Time": 413.211,
          "Actual Total Time": 440.042,
          "Actual Rows": 4,
          "Actual Loops": 1,
          "Workers Planned": 3,
          "Workers Launched": 3,
          "Single Copy": false,
          "Plans": [
            {
              "Node Type": "Aggregate",
              "Strategy": "Plain",
              "Partial Mode": "Partial",
              "Parent Relationship": "Outer",
              "Parallel Aware": false,
              "Startup Cost": 80244.36,
              "Total Cost": 80244.37,
              "Plan Rows": 1,
              "Plan Width": 8,
              "Actual Startup Time": 401.776,
              "Actual Total Time": 401.779,
              "Actual Rows": 1,
              "Actual Loops": 4,
              "Plans": [
                {
                  "Node Type": "Hash Join",
                  "Parent Relationship": "Outer",
                  "Parallel Aware": true,
                  "Join Type": "Inner",
                  "Startup Cost": 54613.3,
                  "Total Cost": 80077.4,
                  "Plan Rows": 66784,
                  "Plan Width": 0,
                  "Actual Startup Time": 343.622,
                  "Actual Total Time": 399.138,
                  "Actual Rows": 52801,
                  "Actual Loops": 4,
                  "Inner Unique": true,
                  "Hash Cond": "(mk.movie_id = t.id)",
                  "Plans": [
                    {
                      "Node Type": "Bitmap Heap Scan",
                      "Parent Relationship": "Outer",
                      "Parallel Aware": true,
                      "Relation Name": "movie_keyword",
                      "Alias": "mk",
                      "Startup Cost": 4392.91,
                      "Total Cost": 29681.71,
                      "Plan Rows": 66784,
                      "Plan Width": 4,
                      "Actual Startup Time": 14.077,
                      "Actual Total Time": 50.353,
                      "Actual Rows": 52801,
                      "Actual Loops": 4,
                      "Recheck Cond": "(keyword_id > 66496)",
                      "Rows Removed by Index Recheck": 0,
                      "Exact Heap Blocks": 7571,
                      "Lossy Heap Blocks": 0,
                      "Plans": [
                        {
                          "Node Type": "Bitmap Index Scan",
                          "Parent Relationship": "Outer",
                          "Parallel Aware": false,
                          "Index Name": "keyword_id_movie_keyword",
                          "Startup Cost": 0.0,
                          "Total Cost": 4341.16,
                          "Plan Rows": 207030,
                          "Plan Width": 0,
                          "Actual Startup Time": 11.111,
                          "Actual Total Time": 11.111,
                          "Actual Rows": 211203,
                          "Actual Loops": 1,
                          "Index Cond": "(keyword_id > 66496)"
                        }
                      ]
                    },
                    {
                      "Node Type": "Hash",
                      "Parent Relationship": "Inner",
                      "Parallel Aware": true,
                      "Startup Cost": 42319.06,
                      "Total Cost": 42319.06,
                      "Plan Rows": 632106,
                      "Plan Width": 4,
                      "Actual Startup Time": 321.759,
                      "Actual Total Time": 321.76,
                      "Actual Rows": 632078,
                      "Actual Loops": 4,
                      "Hash Buckets": 4194304,
                      "Original Hash Buckets": 4194304,
                      "Hash Batches": 1,
                      "Original Hash Batches": 1,
                      "Peak Memory Usage": 131744,
                      "Plans": [
                        {
                          "Node Type": "Seq Scan",
                          "Parent Relationship": "Outer",
                          "Parallel Aware": true,
                          "Relation Name": "title",
                          "Alias": "t",
                          "Startup Cost": 0.0,
                          "Total Cost": 42319.06,
                          "Plan Rows": 632106,
                          "Plan Width": 4,
                          "Actual Startup Time": 0.032,
                          "Actual Total Time": 97.201,
                          "Actual Rows": 632078,
                          "Actual Loops": 4
                        }
                      ]
                    }
                  ]
                }
              ]
            }
          ]
        }
      ]
    },
    "Planning Time": 0.476,
    "Triggers": [],
    "Execution Time": 440.092
  }
]