{
  "Plan": {
    "Node Type": "Aggregate",
    "Strategy": "Plain",
    "Partial Mode": "Finalize",
    "Parallel Aware": false,
    "Startup Cost": 165188.15,
    "Total Cost": 165188.16,
    "Plan Rows": 1,
    "Plan Width": 8,
    "Actual Startup Time": 885.237,
    "Actual Total Time": 906.09,
    "Actual Rows": 1,
    "Actual Loops": 1,
    "Plans": [
      {
        "Node Type": "Gather",
        "Parent Relationship": "Outer",
        "Parallel Aware": false,
        "Startup Cost": 165188.04,
        "Total Cost": 165188.15,
        "Plan Rows": 1,
        "Plan Width": 8,
        "Actual Startup Time": 885.011,
        "Actual Total Time": 906.08,
        "Actual Rows": 2,
        "Actual Loops": 1,
        "Workers Planned": 1,
        "Workers Launched": 1,
        "Single Copy": false,
        "Plans": [
          {
            "Node Type": "Aggregate",
            "Strategy": "Plain",
            "Partial Mode": "Partial",
            "Parent Relationship": "Outer",
            "Parallel Aware": false,
            "Startup Cost": 164188.04,
            "Total Cost": 164188.05,
            "Plan Rows": 1,
            "Plan Width": 8,
            "Actual Startup Time": 878.952,
            "Actual Total Time": 878.954,
            "Actual Rows": 1,
            "Actual Loops": 2,
            "Plans": [
              {
                "Node Type": "Merge Join",
                "Parent Relationship": "Outer",
                "Parallel Aware": false,
                "Join Type": "Inner",
                "Startup Cost": 2.94,
                "Total Cost": 163956.76,
                "Plan Rows": 92512,
                "Plan Width": 0,
                "Actual Startup Time": 1.219,
                "Actual Total Time": 871.976,
                "Actual Rows": 142308,
                "Actual Loops": 2,
                "Inner Unique": false,
                "Merge Cond": "(t.id = mi_idx.movie_id)",
                "Plans": [
                  {
                    "Node Type": "Index Scan",
                    "Parent Relationship": "Outer",
                    "Parallel Aware": true,
                    "Scan Direction": "Forward",
                    "Index Name": "title_pkey",
                    "Relation Name": "title",
                    "Alias": "t",
                    "Startup Cost": 0.43,
                    "Total Cost": 103647.43,
                    "Plan Rows": 503626,
                    "Plan Width": 4,
                    "Actual Startup Time": 0.157,
                    "Actual Total Time": 613.575,
                    "Actual Rows": 426433,
                    "Actual Loops": 2,
                    "Filter": "(kind_id < 4)",
                    "Rows Removed by Filter": 836464
                  },
                  {
                    "Node Type": "Index Scan",
                    "Parent Relationship": "Inner",
                    "Parallel Aware": false,
                    "Scan Direction": "Forward",
                    "Index Name": "movie_id_movie_info_idx",
                    "Relation Name": "movie_info_idx",
                    "Alias": "mi_idx",
                    "Startup Cost": 0.43,
                    "Total Cost": 57070.31,
                    "Plan Rows": 464428,
                    "Plan Width": 4,
                    "Actual Startup Time": 0.126,
                    "Actual Total Time": 200.684,
                    "Actual Rows": 459925,
                    "Actual Loops": 2,
                    "Filter": "(info_type_id = 100)",
                    "Rows Removed by Filter": 920110
                  }
                ]
              }
            ]
          }
        ]
      }
    ]
  },
  "Planning Time": 0.698,
  "Triggers": [],
  "Execution Time": 906.17
}