[
    {
        "Bao": {
            "Bao prediction": 966.201,
            "Bao recommended hint": "(no hint)"
        }
    },
    {
        "Plan": {
            "Node Type": "Aggregate",
            "Strategy": "Plain",
            "Partial Mode": "Simple",
            "Parallel Aware": false,
            "Startup Cost": 16190.63,
            "Total Cost": 16190.64,
            "Plan Rows": 1,
            "Plan Width": 64,
            "Actual Startup Time": 1373.27,
            "Actual Total Time": 1373.276,
            "Actual Rows": 1,
            "Actual Loops": 1,
            "Output": [
                "min(n.name)",
                "min(t.title)"
            ],
            "Plans": [
                {
                    "Node Type": "Nested Loop",
                    "Parent Relationship": "Outer",
                    "Parallel Aware": false,
                    "Join Type": "Inner",
                    "Startup Cost": 41.24,
                    "Total Cost": 16190.62,
                    "Plan Rows": 1,
                    "Plan Width": 32,
                    "Actual Startup Time": 134.847,
                    "Actual Total Time": 1373.227,
                    "Actual Rows": 38,
                    "Actual Loops": 1,
                    "Output": [
                        "n.name",
                        "t.title"
                    ],
                    "Inner Unique": true,
                    "Plans": [
                        {
                            "Node Type": "Nested Loop",
                            "Parent Relationship": "Outer",
                            "Parallel Aware": false,
                            "Join Type": "Inner",
                            "Startup Cost": 41.1,
                            "Total Cost": 16189.64,
                            "Plan Rows": 1,
                            "Plan Width": 36,
                            "Actual Startup Time": 134.822,
                            "Actual Total Time": 1373.079,
                            "Actual Rows": 38,
                            "Actual Loops": 1,
                            "Output": [
                                "n.name",
                                "pi.info_type_id",
                                "t.title"
                            ],
                            "Inner Unique": false,
                            "Join Filter": "(n.id = an.person_id)",
                            "Rows Removed by Join Filter": 0,
                            "Plans": [
                                {
                                    "Node Type": "Nested Loop",
                                    "Parent Relationship": "Outer",
                                    "Parallel Aware": false,
                                    "Join Type": "Inner",
                                    "Startup Cost": 40.67,
                                    "Total Cost": 16189.15,
                                    "Plan Rows": 1,
                                    "Plan Width": 48,
                                    "Actual Startup Time": 134.781,
                                    "Actual Total Time": 1372.718,
                                    "Actual Rows": 16,
                                    "Actual Loops": 1,
                                    "Output": [
                                        "ci.person_id",
                                        "n.name",
                                        "n.id",
                                        "pi.person_id",
                                        "pi.info_type_id",
                                        "t.title"
                                    ],
                                    "Inner Unique": false,
                                    "Join Filter": "(n.id = pi.person_id)",
                                    "Rows Removed by Join Filter": 0,
                                    "Plans": [
                                        {
                                            "Node Type": "Nested Loop",
                                            "Parent Relationship": "Outer",
                                            "Parallel Aware": false,
                                            "Join Type": "Inner",
                                            "Startup Cost": 40.24,
                                            "Total Cost": 13002.81,
                                            "Plan Rows": 3355,
                                            "Plan Width": 40,
                                            "Actual Startup Time": 1.948,
                                            "Actual Total Time": 863.69,
                                            "Actual Rows": 35884,
                                            "Actual Loops": 1,
                                            "Output": [
                                                "ci.person_id",
                                                "n.name",
                                                "n.id",
                                                "t.title"
                                            ],
                                            "Inner Unique": true,
                                            "Plans": [
                                                {
                                                    "Node Type": "Nested Loop",
                                                    "Parent Relationship": "Outer",
                                                    "Parallel Aware": false,
                                                    "Join Type": "Inner",
                                                    "Startup Cost": 39.81,
                                                    "Total Cost": 9078.5,
                                                    "Plan Rows": 8389,
                                                    "Plan Width": 21,
                                                    "Actual Startup Time": 1.479,
                                                    "Actual Total Time": 341.709,
                                                    "Actual Rows": 76920,
                                                    "Actual Loops": 1,
                                                    "Output": [
                                                        "ci.person_id",
                                                        "t.title"
                                                    ],
                                                    "Inner Unique": false,
                                                    "Plans": [
                                                        {
                                                            "Node Type": "Nested Loop",
                                                            "Parent Relationship": "Outer",
                                                            "Parallel Aware": false,
                                                            "Join Type": "Inner",
                                                            "Startup Cost": 39.25,
                                                            "Total Cost": 7703.31,
                                                            "Plan Rows": 240,
                                                            "Plan Width": 25,
                                                            "Actual Startup Time": 1.323,
                                                            "Actual Total Time": 57.713,
                                                            "Actual Rows": 813,
                                                            "Actual Loops": 1,
                                                            "Output": [
                                                                "ml.linked_movie_id",
                                                                "t.title",
                                                                "t.id"
                                                            ],
                                                            "Inner Unique": true,
                                                            "Plans": [
                                                                {
                                                                    "Node Type": "Nested Loop",
                                                                    "Parent Relationship": "Outer",
                                                                    "Parallel Aware": false,
                                                                    "Join Type": "Inner",
                                                                    "Startup Cost": 38.82,
                                                                    "Total Cost": 245.23,
                                                                    "Plan Rows": 1666,
                                                                    "Plan Width": 4,
                                                                    "Actual Startup Time": 1.061,
                                                                    "Actual Total Time": 3.85,
                                                                    "Actual Rows": 5186,
                                                                    "Actual Loops": 1,
                                                                    "Output": [
                                                                        "ml.linked_movie_id"
                                                                    ],
                                                                    "Inner Unique": false,
                                                                    "Plans": [
                                                                        {
                                                                            "Node Type": "Seq Scan",
                                                                            "Parent Relationship": "Outer",
                                                                            "Parallel Aware": false,
                                                                            "Relation Name": "link_type",
                                                                            "Schema": "public",
                                                                            "Alias": "lt",
                                                                            "Startup Cost": 0.0,
                                                                            "Total Cost": 1.23,
                                                                            "Plan Rows": 1,
                                                                            "Plan Width": 4,
                                                                            "Actual Startup Time": 0.024,
                                                                            "Actual Total Time": 0.031,
                                                                            "Actual Rows": 1,
                                                                            "Actual Loops": 1,
                                                                            "Output": [
                                                                                "lt.id",
                                                                                "lt.link"
                                                                            ],
                                                                            "Filter": "((lt.link)::text = 'features'::text)",
                                                                            "Rows Removed by Filter": 17
                                                                        },
                                                                        {
                                                                            "Node Type": "Bitmap Heap Scan",
                                                                            "Parent Relationship": "Inner",
                                                                            "Parallel Aware": false,
                                                                            "Relation Name": "movie_link",
                                                                            "Schema": "public",
                                                                            "Alias": "ml",
                                                                            "Startup Cost": 38.82,
                                                                            "Total Cost": 225.26,
                                                                            "Plan Rows": 1875,
                                                                            "Plan Width": 8,
                                                                            "Actual Startup Time": 1.025,
                                                                            "Actual Total Time": 2.764,
                                                                            "Actual Rows": 5186,
                                                                            "Actual Loops": 1,
                                                                            "Output": [
                                                                                "ml.id",
                                                                                "ml.movie_id",
                                                                                "ml.linked_movie_id",
                                                                                "ml.link_type_id"
                                                                            ],
                                                                            "Recheck Cond": "(ml.link_type_id = lt.id)",
                                                                            "Rows Removed by Index Recheck": 0,
                                                                            "Exact Heap Blocks": 132,
                                                                            "Lossy Heap Blocks": 0,
                                                                            "Plans": [
                                                                                {
                                                                                    "Node Type": "Bitmap Index Scan",
                                                                                    "Parent Relationship": "Outer",
                                                                                    "Parallel Aware": false,
                                                                                    "Index Name": "link_type_id_movie_link",
                                                                                    "Startup Cost": 0.0,
                                                                                    "Total Cost": 38.35,
                                                                                    "Plan Rows": 1875,
                                                                                    "Plan Width": 0,
                                                                                    "Actual Startup Time": 0.949,
                                                                                    "Actual Total Time": 0.949,
                                                                                    "Actual Rows": 5186,
                                                                                    "Actual Loops": 1,
                                                                                    "Index Cond": "(ml.link_type_id = lt.id)"
                                                                                }
                                                                            ]
                                                                        }
                                                                    ]
                                                                },
                                                                {
                                                                    "Node Type": "Index Scan",
                                                                    "Parent Relationship": "Inner",
                                                                    "Parallel Aware": false,
                                                                    "Scan Direction": "Forward",
                                                                    "Index Name": "title_pkey",
                                                                    "Relation Name": "title",
                                                                    "Schema": "public",
                                                                    "Alias": "t",
                                                                    "Startup Cost": 0.43,
                                                                    "Total Cost": 4.48,
                                                                    "Plan Rows": 1,
                                                                    "Plan Width": 21,
                                                                    "Actual Startup Time": 0.01,
                                                                    "Actual Total Time": 0.01,
                                                                    "Actual Rows": 0,
                                                                    "Actual Loops": 5186,
                                                                    "Output": [
                                                                        "t.id",
                                                                        "t.title",
                                                                        "t.imdb_index",
                                                                        "t.kind_id",
                                                                        "t.production_year",
                                                                        "t.imdb_id",
                                                                        "t.phonetic_code",
                                                                        "t.episode_of_id",
                                                                        "t.season_nr",
                                                                        "t.episode_nr",
                                                                        "t.series_years",
                                                                        "t.md5sum"
                                                                    ],
                                                                    "Index Cond": "(t.id = ml.linked_movie_id)",
                                                                    "Rows Removed by Index Recheck": 0,
                                                                    "Filter": "((t.production_year >= 1994) AND (t.production_year <= 2001))",
                                                                    "Rows Removed by Filter": 1
                                                                }
                                                            ]
                                                        },
                                                        {
                                                            "Node Type": "Index Scan",
                                                            "Parent Relationship": "Inner",
                                                            "Parallel Aware": false,
                                                            "Scan Direction": "Forward",
                                                            "Index Name": "movie_id_cast_info",
                                                            "Relation Name": "cast_info",
                                                            "Schema": "public",
                                                            "Alias": "ci",
                                                            "Startup Cost": 0.56,
                                                            "Total Cost": 5.38,
                                                            "Plan Rows": 35,
                                                            "Plan Width": 8,
                                                            "Actual Startup Time": 0.02,
                                                            "Actual Total Time": 0.327,
                                                            "Actual Rows": 95,
                                                            "Actual Loops": 813,
                                                            "Output": [
                                                                "ci.id",
                                                                "ci.person_id",
                                                                "ci.movie_id",
                                                                "ci.person_role_id",
                                                                "ci.note",
                                                                "ci.nr_order",
                                                                "ci.role_id"
                                                            ],
                                                            "Index Cond": "(ci.movie_id = t.id)",
                                                            "Rows Removed by Index Recheck": 0
                                                        }
                                                    ]
                                                },
                                                {
                                                    "Node Type": "Index Scan",
                                                    "Parent Relationship": "Inner",
                                                    "Parallel Aware": false,
                                                    "Scan Direction": "Forward",
                                                    "Index Name": "name_pkey",
                                                    "Relation Name": "name",
                                                    "Schema": "public",
                                                    "Alias": "n",
                                                    "Startup Cost": 0.43,
                                                    "Total Cost": 0.47,
                                                    "Plan Rows": 1,
                                                    "Plan Width": 19,
                                                    "Actual Startup Time": 0.006,
                                                    "Actual Total Time": 0.006,
                                                    "Actual Rows": 0,
                                                    "Actual Loops": 76920,
                                                    "Output": [
                                                        "n.id",
                                                        "n.name",
                                                        "n.imdb_index",
                                                        "n.imdb_id",
                                                        "n.gender",
                                                        "n.name_pcode_cf",
                                                        "n.name_pcode_nf",
                                                        "n.surname_pcode",
                                                        "n.md5sum"
                                                    ],
                                                    "Index Cond": "(n.id = ci.person_id)",
                                                    "Rows Removed by Index Recheck": 0,
                                                    "Filter": "(((n.name_pcode_cf)::text >= 'B'::text) AND ((n.name_pcode_cf)::text <= 'X'::text) AND (((n.gender)::text = 'm'::text) OR (((n.gender)::text = 'f'::text) AND (n.name ~~ 'B%'::text))))",
                                                    "Rows Removed by Filter": 1
                                                }
                                            ]
                                        },
                                        {
                                            "Node Type": "Index Scan",
                                            "Parent Relationship": "Inner",
                                            "Parallel Aware": false,
                                            "Scan Direction": "Forward",
                                            "Index Name": "person_id_person_info",
                                            "Relation Name": "person_info",
                                            "Schema": "public",
                                            "Alias": "pi",
                                            "Startup Cost": 0.43,
                                            "Total Cost": 0.94,
                                            "Plan Rows": 1,
                                            "Plan Width": 8,
                                            "Actual Startup Time": 0.014,
                                            "Actual Total Time": 0.014,
                                            "Actual Rows": 0,
                                            "Actual Loops": 35884,
                                            "Output": [
                                                "pi.id",
                                                "pi.person_id",
                                                "pi.info_type_id",
                                                "pi.info",
                                                "pi.note"
                                            ],
                                            "Index Cond": "(pi.person_id = ci.person_id)",
                                            "Rows Removed by Index Recheck": 0,
                                            "Filter": "(pi.note = 'Volker Boehm'::text)",
                                            "Rows Removed by Filter": 19
                                        }
                                    ]
                                },
                                {
                                    "Node Type": "Index Scan",
                                    "Parent Relationship": "Inner",
                                    "Parallel Aware": false,
                                    "Scan Direction": "Forward",
                                    "Index Name": "person_id_aka_name",
                                    "Relation Name": "aka_name",
                                    "Schema": "public",
                                    "Alias": "an",
                                    "Startup Cost": 0.42,
                                    "Total Cost": 0.47,
                                    "Plan Rows": 2,
                                    "Plan Width": 4,
                                    "Actual Startup Time": 0.016,
                                    "Actual Total Time": 0.02,
                                    "Actual Rows": 2,
                                    "Actual Loops": 16,
                                    "Output": [
                                        "an.id",
                                        "an.person_id",
                                        "an.name",
                                        "an.imdb_index",
                                        "an.name_pcode_cf",
                                        "an.name_pcode_nf",
                                        "an.surname_pcode",
                                        "an.md5sum"
                                    ],
                                    "Index Cond": "(an.person_id = ci.person_id)",
                                    "Rows Removed by Index Recheck": 0,
                                    "Filter": "(an.name ~~ '%%'::text)",
                                    "Rows Removed by Filter": 0
                                }
                            ]
                        },
                        {
                            "Node Type": "Index Scan",
                            "Parent Relationship": "Inner",
                            "Parallel Aware": false,
                            "Scan Direction": "Forward",
                            "Index Name": "info_type_pkey",
                            "Relation Name": "info_type",
                            "Schema": "public",
                            "Alias": "it",
                            "Startup Cost": 0.14,
                            "Total Cost": 0.56,
                            "Plan Rows": 1,
                            "Plan Width": 4,
                            "Actual Startup Time": 0.003,
                            "Actual Total Time": 0.003,
                            "Actual Rows": 1,
                            "Actual Loops": 38,
                            "Output": [
                                "it.id",
                                "it.info"
                            ],
                            "Index Cond": "(it.id = pi.info_type_id)",
                            "Rows Removed by Index Recheck": 0,
                            "Filter": "((it.info)::text = 'mini biography'::text)",
                            "Rows Removed by Filter": 0
                        }
                    ]
                }
            ]
        },
        "Planning Time": 1375.779,
        "Triggers": [],
        "Execution Time": 1374.179
    }
]