[
  {
    "Plan": {
      "Node Type": "Aggregate",
      "Strategy": "Plain",
      "Partial Mode": "Finalize",
      "Parallel Aware": false,
      "Startup Cost": 44706.4,
      "Total Cost": 44706.41,
      "Plan Rows": 1,
      "Plan Width": 8,
      "Actual Startup Time": 154.154,
      "Actual Total Time": 167.083,
      "Actual Rows": 1,
      "Actual Loops": 1,
      "Plans": [
        {
          "Node Type": "Gather",
          "Parent Relationship": "Outer",
          "Parallel Aware": false,
          "Startup Cost": 44706.08,
          "Total Cost": 44706.39,
          "Plan Rows": 3,
          "Plan Width": 8,
          "Actual Startup Time": 154.032,
          "Actual Total Time": 167.073,
          "Actual Rows": 4,
          "Actual Loops": 1,
          "Workers Planned": 3,
          "Workers Launched": 3,
          "Single Copy": false,
          "Plans": [
            {
              "Node Type": "Aggregate",
              "Strategy": "Plain",
              "Partial Mode": "Partial",
              "Parent Relationship": "Outer",
              "Parallel Aware": false,
              "Startup Cost": 43706.08,
              "Total Cost": 43706.09,
              "Plan Rows": 1,
              "Plan Width": 8,
              "Actual Startup Time": 146.962,
              "Actual Total Time": 146.963,
              "Actual Rows": 1,
              "Actual Loops": 4,
              "Plans": [
                {
                  "Node Type": "Seq Scan",
                  "Parent Relationship": "Outer",
                  "Parallel Aware": true,
                  "Relation Name": "movie_keyword",
                  "Alias": "mk",
                  "Startup Cost": 0.0,
                  "Total Cost": 42695.65,
                  "Plan Rows": 404170,
                  "Plan Width": 0,
                  "Actual Startup Time": 1.802,
                  "Actual Total Time": 127.62,
                  "Actual Rows": 315139,
                  "Actual Loops": 4,
                  "Filter": "(keyword_id > 14225)",
                  "Rows Removed by Filter": 815844
                }
              ]
            }
          ]
        }
      ]
    },
    "Planning Time": 0.142,
    "Triggers": [],
    "Execution Time": 167.136
  }
]