[
  {
    "Plan": {
      "Node Type": "Aggregate",
      "Strategy": "Plain",
      "Partial Mode": "Simple",
      "Parallel Aware": false,
      "Startup Cost": 20819.14,
      "Total Cost": 20819.15,
      "Plan Rows": 1,
      "Plan Width": 8,
      "Actual Startup Time": 27.728,
      "Actual Total Time": 27.729,
      "Actual Rows": 1,
      "Actual Loops": 1,
      "Plans": [
        {
          "Node Type": "Bitmap Heap Scan",
          "Parent Relationship": "Outer",
          "Parallel Aware": false,
          "Relation Name": "movie_companies",
          "Alias": "mc",
          "Startup Cost": 1200.54,
          "Total Cost": 20681.04,
          "Plan Rows": 55240,
          "Plan Width": 0,
          "Actual Startup Time": 6.978,
          "Actual Total Time": 22.918,
          "Actual Rows": 52692,
          "Actual Loops": 1,
          "Recheck Cond": "(company_id > 189360)",
          "Rows Removed by Index Recheck": 0,
          "Exact Heap Blocks": 1947,
          "Lossy Heap Blocks": 0,
          "Plans": [
            {
              "Node Type": "Bitmap Index Scan",
              "Parent Relationship": "Outer",
              "Parallel Aware": false,
              "Index Name": "company_id_movie_companies",
              "Startup Cost": 0.0,
              "Total Cost": 1186.73,
              "Plan Rows": 55240,
              "Plan Width": 0,
              "Actual Startup Time": 6.324,
              "Actual Total Time": 6.324,
              "Actual Rows": 52692,
              "Actual Loops": 1,
              "Index Cond": "(company_id > 189360)"
            }
          ]
        }
      ]
    },
    "Planning Time": 0.154,
    "Triggers": [],
    "Execution Time": 27.782
  }
]