[
  {
    "Plan": {
      "Node Type": "Aggregate",
      "Strategy": "Plain",
      "Partial Mode": "Finalize",
      "Parallel Aware": false,
      "Startup Cost": 235607.54,
      "Total Cost": 235607.55,
      "Plan Rows": 1,
      "Plan Width": 8,
      "Actual Startup Time": 2179.635,
      "Actual Total Time": 2276.98,
      "Actual Rows": 1,
      "Actual Loops": 1,
      "Plans": [
        {
          "Node Type": "Gather",
          "Parent Relationship": "Outer",
          "Parallel Aware": false,
          "Startup Cost": 235607.22,
          "Total Cost": 235607.53,
          "Plan Rows": 3,
          "Plan Width": 8,
          "Actual Startup Time": 2171.502,
          "Actual Total Time": 2276.964,
          "Actual Rows": 4,
          "Actual Loops": 1,
          "Workers Planned": 3,
          "Workers Launched": 3,
          "Single Copy": false,
          "Plans": [
            {
              "Node Type": "Aggregate",
              "Strategy": "Plain",
              "Partial Mode": "Partial",
              "Parent Relationship": "Outer",
              "Parallel Aware": false,
              "Startup Cost": 234607.22,
              "Total Cost": 234607.23,
              "Plan Rows": 1,
              "Plan Width": 8,
              "Actual Startup Time": 2153.253,
              "Actual Total Time": 2153.258,
              "Actual Rows": 1,
              "Actual Loops": 4,
              "Plans": [
                {
                  "Node Type": "Nested Loop",
                  "Parent Relationship": "Outer",
                  "Parallel Aware": false,
                  "Join Type": "Inner",
                  "Startup Cost": 55164.61,
                  "Total Cost": 231970.59,
                  "Plan Rows": 1054652,
                  "Plan Width": 0,
                  "Actual Startup Time": 389.196,
                  "Actual Total Time": 2072.106,
                  "Actual Rows": 1541812,
                  "Actual Loops": 4,
                  "Inner Unique": false,
                  "Plans": [
                    {
                      "Node Type": "Hash Join",
                      "Parent Relationship": "Outer",
                      "Parallel Aware": true,
                      "Join Type": "Inner",
                      "Startup Cost": 55164.04,
                      "Total Cost": 75066.61,
                      "Plan Rows": 73558,
                      "Plan Width": 8,
                      "Actual Startup Time": 389.082,
                      "Actual Total Time": 470.53,
                      "Actual Rows": 55971,
                      "Actual Loops": 4,
                      "Inner Unique": true,
                      "Hash Cond": "(mc.movie_id = t.id)",
                      "Plans": [
                        {
                          "Node Type": "Bitmap Heap Scan",
                          "Parent Relationship": "Outer",
                          "Parallel Aware": true,
                          "Relation Name": "movie_companies",
                          "Alias": "mc",
                          "Startup Cost": 4943.66,
                          "Total Cost": 24653.14,
                          "Plan Rows": 73558,
                          "Plan Width": 4,
                          "Actual Startup Time": 17.409,
                          "Actual Total Time": 44.832,
                          "Actual Rows": 55971,
                          "Actual Loops": 4,
                          "Recheck Cond": "(company_id < 82)",
                          "Rows Removed by Index Recheck": 0,
                          "Exact Heap Blocks": 3788,
                          "Lossy Heap Blocks": 0,
                          "Plans": [
                            {
                              "Node Type": "Bitmap Index Scan",
                              "Parent Relationship": "Outer",
                              "Parallel Aware": false,
                              "Index Name": "company_id_movie_companies",
                              "Startup Cost": 0.0,
                              "Total Cost": 4886.66,
                              "Plan Rows": 228030,
                              "Plan Width": 0,
                              "Actual Startup Time": 13.541,
                              "Actual Total Time": 13.542,
                              "Actual Rows": 223883,
                              "Actual Loops": 1,
                              "Index Cond": "(company_id < 82)"
                            }
                          ]
                        },
                        {
                          "Node Type": "Hash",
                          "Parent Relationship": "Inner",
                          "Parallel Aware": true,
                          "Startup Cost": 42319.06,
                          "Total Cost": 42319.06,
                          "Plan Rows": 632106,
                          "Plan Width": 4,
                          "Actual Startup Time": 359.604,
                          "Actual Total Time": 359.606,
                          "Actual Rows": 632078,
                          "Actual Loops": 4,
                          "Hash Buckets": 4194304,
                          "Original Hash Buckets": 4194304,
                          "Hash Batches": 1,
                          "Original Hash Batches": 1,
                          "Peak Memory Usage": 131744,
                          "Plans": [
                            {
                              "Node Type": "Seq Scan",
                              "Parent Relationship": "Outer",
                              "Parallel Aware": true,
                              "Relation Name": "title",
                              "Alias": "t",
                              "Startup Cost": 0.0,
                              "Total Cost": 42319.06,
                              "Plan Rows": 632106,
                              "Plan Width": 4,
                              "Actual Startup Time": 0.057,
                              "Actual Total Time": 104.119,
                              "Actual Rows": 632078,
                              "Actual Loops": 4
                            }
                          ]
                        }
                      ]
                    },
                    {
                      "Node Type": "Index Only Scan",
                      "Parent Relationship": "Inner",
                      "Parallel Aware": false,
                      "Scan Direction": "Forward",
                      "Index Name": "movie_id_cast_info",
                      "Relation Name": "cast_info",
                      "Alias": "ci",
                      "Startup Cost": 0.56,
                      "Total Cost": 1.78,
                      "Plan Rows": 35,
                      "Plan Width": 4,
                      "Actual Startup Time": 0.005,
                      "Actual Total Time": 0.026,
                      "Actual Rows": 28,
                      "Actual Loops": 223883,
                      "Index Cond": "(movie_id = t.id)",
                      "Rows Removed by Index Recheck": 0,
                      "Heap Fetches": 6167248
                    }
                  ]
                }
              ]
            }
          ]
        }
      ]
    },
    "Planning Time": 1.387,
    "Triggers": [],
    "Execution Time": 2277.109
  }
]