{
  "Plan": {
    "Node Type": "Aggregate",
    "Strategy": "Plain",
    "Partial Mode": "Simple",
    "Parallel Aware": false,
    "Startup Cost": 497913.71,
    "Total Cost": 497913.72,
    "Plan Rows": 1,
    "Plan Width": 32,
    "Actual Startup Time": 1972.442,
    "Actual Total Time": 1972.606,
    "Actual Rows": 1,
    "Actual Loops": 1,
    "Plans": [
      {
        "Node Type": "Merge Join",
        "Parent Relationship": "Outer",
        "Parallel Aware": false,
        "Join Type": "Inner",
        "Startup Cost": 497912.77,
        "Total Cost": 497913.71,
        "Plan Rows": 1,
        "Plan Width": 17,
        "Actual Startup Time": 1972.438,
        "Actual Total Time": 1972.601,
        "Actual Rows": 0,
        "Actual Loops": 1,
        "Inner Unique": true,
        "Merge Cond": "(mc.company_id = cn.id)",
        "Plans": [
          {
            "Node Type": "Sort",
            "Parent Relationship": "Outer",
            "Parallel Aware": false,
            "Startup Cost": 492187.27,
            "Total Cost": 492187.69,
            "Plan Rows": 170,
            "Plan Width": 21,
            "Actual Startup Time": 1914.999,
            "Actual Total Time": 1935.228,
            "Actual Rows": 123288,
            "Actual Loops": 1,
            "Sort Key": [
              "mc.company_id"
            ],
            "Sort Method": "quicksort",
            "Sort Space Used": 17038,
            "Sort Space Type": "Memory",
            "Plans": [
              {
                "Node Type": "Gather",
                "Parent Relationship": "Outer",
                "Parallel Aware": false,
                "Startup Cost": 244221.65,
                "Total Cost": 492180.97,
                "Plan Rows": 170,
                "Plan Width": 21,
                "Actual Startup Time": 286.698,
                "Actual Total Time": 1878.996,
                "Actual Rows": 148552,
                "Actual Loops": 1,
                "Workers Planned": 4,
                "Workers Launched": 4,
                "Single Copy": false,
                "Plans": [
                  {
                    "Node Type": "Merge Join",
                    "Parent Relationship": "Outer",
                    "Parallel Aware": false,
                    "Join Type": "Inner",
                    "Startup Cost": 243221.65,
                    "Total Cost": 491163.97,
                    "Plan Rows": 42,
                    "Plan Width": 21,
                    "Actual Startup Time": 273.692,
                    "Actual Total Time": 1874.21,
                    "Actual Rows": 29710,
                    "Actual Loops": 5,
                    "Inner Unique": false,
                    "Merge Cond": "(mc.movie_id = mk.movie_id)",
                    "Plans": [
                      {
                        "Node Type": "Merge Join",
                        "Parent Relationship": "Outer",
                        "Parallel Aware": false,
                        "Join Type": "Inner",
                        "Startup Cost": 3.07,
                        "Total Cost": 246327.72,
                        "Plan Rows": 652282,
                        "Plan Width": 29,
                        "Actual Startup Time": 1.652,
                        "Actual Total Time": 1570.162,
                        "Actual Rows": 521826,
                        "Actual Loops": 5,
                        "Inner Unique": false,
                        "Merge Cond": "(t.id = mc.movie_id)",
                        "Plans": [
                          {
                            "Node Type": "Index Scan",
                            "Parent Relationship": "Outer",
                            "Parallel Aware": true,
                            "Scan Direction": "Forward",
                            "Index Name": "title_pkey",
                            "Relation Name": "title",
                            "Alias": "t",
                            "Startup Cost": 0.43,
                            "Total Cost": 91395.24,
                            "Plan Rows": 632127,
                            "Plan Width": 21,
                            "Actual Startup Time": 0.185,
                            "Actual Total Time": 396.691,
                            "Actual Rows": 505150,
                            "Actual Loops": 5
                          },
                          {
                            "Node Type": "Index Scan",
                            "Parent Relationship": "Inner",
                            "Parallel Aware": false,
                            "Scan Direction": "Forward",
                            "Index Name": "movie_id_movie_companies",
                            "Relation Name": "movie_companies",
                            "Alias": "mc",
                            "Startup Cost": 0.43,
                            "Total Cost": 140404.76,
                            "Plan Rows": 2609129,
                            "Plan Width": 8,
                            "Actual Startup Time": 0.111,
                            "Actual Total Time": 905.521,
                            "Actual Rows": 2609129,
                            "Actual Loops": 5
                          }
                        ]
                      },
                      {
                        "Node Type": "Sort",
                        "Parent Relationship": "Inner",
                        "Parallel Aware": false,
                        "Startup Cost": 243204.9,
                        "Total Cost": 243204.98,
                        "Plan Rows": 34,
                        "Plan Width": 4,
                        "Actual Startup Time": 267.564,
                        "Actual Total Time": 271.057,
                        "Actual Rows": 64429,
                        "Actual Loops": 5,
                        "Sort Key": [
                          "mk.movie_id"
                        ],
                        "Sort Method": "quicksort",
                        "Sort Space Used": 3498,
                        "Sort Space Type": "Memory",
                        "Workers": [
                          {
                            "Worker Number": 0,
                            "Sort Method": "quicksort",
                            "Sort Space Used": 3498,
                            "Sort Space Type": "Memory"
                          },
                          {
                            "Worker Number": 1,
                            "Sort Method": "quicksort",
                            "Sort Space Used": 3498,
                            "Sort Space Type": "Memory"
                          },
                          {
                            "Worker Number": 2,
                            "Sort Method": "quicksort",
                            "Sort Space Used": 3498,
                            "Sort Space Type": "Memory"
                          },
                          {
                            "Worker Number": 3,
                            "Sort Method": "quicksort",
                            "Sort Space Used": 3498,
                            "Sort Space Type": "Memory"
                          }
                        ],
                        "Plans": [
                          {
                            "Node Type": "Merge Join",
                            "Parent Relationship": "Outer",
                            "Parallel Aware": false,
                            "Join Type": "Inner",
                            "Startup Cost": 842.63,
                            "Total Cost": 243204.03,
                            "Plan Rows": 34,
                            "Plan Width": 4,
                            "Actual Startup Time": 165.137,
                            "Actual Total Time": 257.984,
                            "Actual Rows": 41840,
                            "Actual Loops": 5,
                            "Inner Unique": false,
                            "Merge Cond": "(k.id = mk.keyword_id)",
                            "Plans": [
                              {
                                "Node Type": "Index Scan",
                                "Parent Relationship": "Outer",
                                "Parallel Aware": false,
                                "Scan Direction": "Forward",
                                "Index Name": "keyword_pkey",
                                "Relation Name": "keyword",
                                "Alias": "k",
                                "Startup Cost": 0.42,
                                "Total Cost": 5343.17,
                                "Plan Rows": 1,
                                "Plan Width": 4,
                                "Actual Startup Time": 1.18,
                                "Actual Total Time": 71.026,
                                "Actual Rows": 1,
                                "Actual Loops": 5,
                                "Filter": "(keyword = 'character-name-in-title'::text)",
                                "Rows Removed by Filter": 134169
                              },
                              {
                                "Node Type": "Index Scan",
                                "Parent Relationship": "Inner",
                                "Parallel Aware": false,
                                "Scan Direction": "Forward",
                                "Index Name": "keyword_id_movie_keyword",
                                "Relation Name": "movie_keyword",
                                "Alias": "mk",
                                "Startup Cost": 0.43,
                                "Total Cost": 226550.7,
                                "Plan Rows": 4523930,
                                "Plan Width": 8,
                                "Actual Startup Time": 0.099,
                                "Actual Total Time": 172.105,
                                "Actual Rows": 163762,
                                "Actual Loops": 5
                              }
                            ]
                          }
                        ]
                      }
                    ]
                  }
                ]
              }
            ]
          },
          {
            "Node Type": "Sort",
            "Parent Relationship": "Inner",
            "Parallel Aware": false,
            "Startup Cost": 5725.48,
            "Total Cost": 5725.53,
            "Plan Rows": 21,
            "Plan Width": 4,
            "Actual Startup Time": 27.653,
            "Actual Total Time": 27.681,
            "Actual Rows": 1,
            "Actual Loops": 1,
            "Sort Key": [
              "cn.id"
            ],
            "Sort Method": "quicksort",
            "Sort Space Used": 25,
            "Sort Space Type": "Memory",
            "Plans": [
              {
                "Node Type": "Gather",
                "Parent Relationship": "Outer",
                "Parallel Aware": false,
                "Startup Cost": 1000.0,
                "Total Cost": 5725.02,
                "Plan Rows": 21,
                "Plan Width": 4,
                "Actual Startup Time": 5.85,
                "Actual Total Time": 27.66,
                "Actual Rows": 1,
                "Actual Loops": 1,
                "Workers Planned": 1,
                "Workers Launched": 1,
                "Single Copy": false,
                "Plans": [
                  {
                    "Node Type": "Seq Scan",
                    "Parent Relationship": "Outer",
                    "Parallel Aware": true,
                    "Relation Name": "company_name",
                    "Alias": "cn",
                    "Startup Cost": 0.0,
                    "Total Cost": 4722.92,
                    "Plan Rows": 12,
                    "Plan Width": 4,
                    "Actual Startup Time": 10.916,
                    "Actual Total Time": 21.731,
                    "Actual Rows": 0,
                    "Actual Loops": 2,
                    "Filter": "((country_code)::text = '[sm]'::text)",
                    "Rows Removed by Filter": 117498
                  }
                ]
              }
            ]
          }
        ]
      }
    ]
  },
  "Planning Time": 7.485,
  "Triggers": [],
  "Execution Time": 1974.701
}