{
  "Plan": {
    "Node Type": "Aggregate",
    "Strategy": "Plain",
    "Partial Mode": "Finalize",
    "Parallel Aware": false,
    "Startup Cost": 1538303.58,
    "Total Cost": 1538303.59,
    "Plan Rows": 1,
    "Plan Width": 8,
    "Actual Startup Time": 13454.517,
    "Actual Total Time": 13510.38,
    "Actual Rows": 1,
    "Actual Loops": 1,
    "Plans": [
      {
        "Node Type": "Gather",
        "Parent Relationship": "Outer",
        "Parallel Aware": false,
        "Startup Cost": 1538303.47,
        "Total Cost": 1538303.58,
        "Plan Rows": 1,
        "Plan Width": 8,
        "Actual Startup Time": 13440.934,
        "Actual Total Time": 13510.371,
        "Actual Rows": 2,
        "Actual Loops": 1,
        "Workers Planned": 1,
        "Workers Launched": 1,
        "Single Copy": false,
        "Plans": [
          {
            "Node Type": "Aggregate",
            "Strategy": "Plain",
            "Partial Mode": "Partial",
            "Parent Relationship": "Outer",
            "Parallel Aware": false,
            "Startup Cost": 1537303.47,
            "Total Cost": 1537303.48,
            "Plan Rows": 1,
            "Plan Width": 8,
            "Actual Startup Time": 13434.983,
            "Actual Total Time": 13434.988,
            "Actual Rows": 1,
            "Actual Loops": 2,
            "Plans": [
              {
                "Node Type": "Merge Join",
                "Parent Relationship": "Outer",
                "Parallel Aware": false,
                "Join Type": "Inner",
                "Startup Cost": 382853.34,
                "Total Cost": 1520947.14,
                "Plan Rows": 6542531,
                "Plan Width": 0,
                "Actual Startup Time": 2357.945,
                "Actual Total Time": 11285.949,
                "Actual Rows": 53543300,
                "Actual Loops": 2,
                "Inner Unique": false,
                "Merge Cond": "(mi.movie_id = t.id)",
                "Plans": [
                  {
                    "Node Type": "Index Only Scan",
                    "Parent Relationship": "Outer",
                    "Parallel Aware": true,
                    "Scan Direction": "Forward",
                    "Index Name": "movie_id_movie_info",
                    "Relation Name": "movie_info",
                    "Alias": "mi",
                    "Startup Cost": 0.43,
                    "Total Cost": 1018223.42,
                    "Plan Rows": 8696274,
                    "Plan Width": 4,
                    "Actual Startup Time": 0.091,
                    "Actual Total Time": 2180.587,
                    "Actual Rows": 7417504,
                    "Actual Loops": 2,
                    "Heap Fetches": 14835007
                  },
                  {
                    "Node Type": "Sort",
                    "Parent Relationship": "Inner",
                    "Parallel Aware": false,
                    "Startup Cost": 382852.48,
                    "Total Cost": 387607.8,
                    "Plan Rows": 1902129,
                    "Plan Width": 8,
                    "Actual Startup Time": 2340.673,
                    "Actual Total Time": 4184.696,
                    "Actual Rows": 54501098,
                    "Actual Loops": 2,
                    "Sort Key": [
                      "mk.movie_id"
                    ],
                    "Sort Method": "quicksort",
                    "Sort Space Used": 140232,
                    "Sort Space Type": "Memory",
                    "Workers": [
                      {
                        "Worker Number": 0,
                        "Sort Method": "quicksort",
                        "Sort Space Used": 140232,
                        "Sort Space Type": "Memory"
                      }
                    ],
                    "Plans": [
                      {
                        "Node Type": "Hash Join",
                        "Parent Relationship": "Outer",
                        "Parallel Aware": false,
                        "Join Type": "Inner",
                        "Startup Cost": 98329.68,
                        "Total Cost": 184468.19,
                        "Plan Rows": 1902129,
                        "Plan Width": 8,
                        "Actual Startup Time": 1143.755,
                        "Actual Total Time": 1926.05,
                        "Actual Rows": 1943021,
                        "Actual Loops": 2,
                        "Inner Unique": true,
                        "Hash Cond": "(mk.movie_id = t.id)",
                        "Plans": [
                          {
                            "Node Type": "Seq Scan",
                            "Parent Relationship": "Outer",
                            "Parallel Aware": false,
                            "Relation Name": "movie_keyword",
                            "Alias": "mk",
                            "Startup Cost": 0.0,
                            "Total Cost": 81003.12,
                            "Plan Rows": 1956334,
                            "Plan Width": 4,
                            "Actual Startup Time": 4.156,
                            "Actual Total Time": 395.374,
                            "Actual Rows": 1953453,
                            "Actual Loops": 2,
                            "Filter": "(keyword_id > 6585)",
                            "Rows Removed by Filter": 2570477
                          },
                          {
                            "Node Type": "Hash",
                            "Parent Relationship": "Inner",
                            "Parallel Aware": false,
                            "Startup Cost": 67601.66,
                            "Total Cost": 67601.66,
                            "Plan Rows": 2458241,
                            "Plan Width": 4,
                            "Actual Startup Time": 1109.019,
                            "Actual Total Time": 1109.02,
                            "Actual Rows": 2456218,
                            "Actual Loops": 2,
                            "Hash Buckets": 4194304,
                            "Original Hash Buckets": 4194304,
                            "Hash Batches": 1,
                            "Original Hash Batches": 1,
                            "Peak Memory Usage": 119120,
                            "Plans": [
                              {
                                "Node Type": "Seq Scan",
                                "Parent Relationship": "Outer",
                                "Parallel Aware": false,
                                "Relation Name": "title",
                                "Alias": "t",
                                "Startup Cost": 0.0,
                                "Total Cost": 67601.66,
                                "Plan Rows": 2458241,
                                "Plan Width": 4,
                                "Actual Startup Time": 0.026,
                                "Actual Total Time": 430.09,
                                "Actual Rows": 2456218,
                                "Actual Loops": 2,
                                "Filter": "(production_year > 0)",
                                "Rows Removed by Filter": 72094
                              }
                            ]
                          }
                        ]
                      }
                    ]
                  }
                ]
              }
            ]
          }
        ]
      }
    ]
  },
  "Planning Time": 0.916,
  "Triggers": [],
  "Execution Time": 13538.229
}