[
  {
    "Plan": {
      "Node Type": "Aggregate",
      "Strategy": "Plain",
      "Partial Mode": "Finalize",
      "Parallel Aware": false,
      "Startup Cost": 334913.2,
      "Total Cost": 334913.21,
      "Plan Rows": 1,
      "Plan Width": 8,
      "Actual Startup Time": 681.258,
      "Actual Total Time": 735.295,
      "Actual Rows": 1,
      "Actual Loops": 1,
      "Plans": [
        {
          "Node Type": "Gather",
          "Parent Relationship": "Outer",
          "Parallel Aware": false,
          "Startup Cost": 334912.58,
          "Total Cost": 334913.18,
          "Plan Rows": 6,
          "Plan Width": 8,
          "Actual Startup Time": 681.108,
          "Actual Total Time": 735.285,
          "Actual Rows": 7,
          "Actual Loops": 1,
          "Workers Planned": 6,
          "Workers Launched": 6,
          "Single Copy": false,
          "Plans": [
            {
              "Node Type": "Aggregate",
              "Strategy": "Plain",
              "Partial Mode": "Partial",
              "Parent Relationship": "Outer",
              "Parallel Aware": false,
              "Startup Cost": 333912.58,
              "Total Cost": 333912.59,
              "Plan Rows": 1,
              "Plan Width": 8,
              "Actual Startup Time": 670.443,
              "Actual Total Time": 670.444,
              "Actual Rows": 1,
              "Actual Loops": 7,
              "Plans": [
                {
                  "Node Type": "Seq Scan",
                  "Parent Relationship": "Outer",
                  "Parallel Aware": true,
                  "Relation Name": "cast_info",
                  "Alias": "ci",
                  "Startup Cost": 0.0,
                  "Total Cost": 328162.03,
                  "Plan Rows": 2300220,
                  "Plan Width": 0,
                  "Actual Startup Time": 0.05,
                  "Actual Total Time": 572.933,
                  "Actual Rows": 1975373,
                  "Actual Loops": 7,
                  "Filter": "(person_id < 1361960)",
                  "Rows Removed by Filter": 3202391
                }
              ]
            }
          ]
        }
      ]
    },
    "Planning Time": 0.205,
    "Triggers": [],
    "Execution Time": 735.367
  }
]