[
  {
    "Plan": {
      "Node Type": "Aggregate",
      "Strategy": "Plain",
      "Partial Mode": "Finalize",
      "Parallel Aware": false,
      "Startup Cost": 249397.19,
      "Total Cost": 249397.2,
      "Plan Rows": 1,
      "Plan Width": 8,
      "Actual Startup Time": 699.606,
      "Actual Total Time": 720.448,
      "Actual Rows": 1,
      "Actual Loops": 1,
      "Plans": [
        {
          "Node Type": "Gather",
          "Parent Relationship": "Outer",
          "Parallel Aware": false,
          "Startup Cost": 249396.57,
          "Total Cost": 249397.18,
          "Plan Rows": 6,
          "Plan Width": 8,
          "Actual Startup Time": 691.992,
          "Actual Total Time": 720.439,
          "Actual Rows": 7,
          "Actual Loops": 1,
          "Workers Planned": 6,
          "Workers Launched": 6,
          "Single Copy": false,
          "Plans": [
            {
              "Node Type": "Aggregate",
              "Strategy": "Plain",
              "Partial Mode": "Partial",
              "Parent Relationship": "Outer",
              "Parallel Aware": false,
              "Startup Cost": 248396.57,
              "Total Cost": 248396.58,
              "Plan Rows": 1,
              "Plan Width": 8,
              "Actual Startup Time": 681.095,
              "Actual Total Time": 681.098,
              "Actual Rows": 1,
              "Actual Loops": 7,
              "Plans": [
                {
                  "Node Type": "Hash Join",
                  "Parent Relationship": "Outer",
                  "Parallel Aware": true,
                  "Join Type": "Inner",
                  "Startup Cost": 47525.75,
                  "Total Cost": 247804.3,
                  "Plan Rows": 236908,
                  "Plan Width": 0,
                  "Actual Startup Time": 140.108,
                  "Actual Total Time": 665.508,
                  "Actual Rows": 304865,
                  "Actual Loops": 7,
                  "Inner Unique": true,
                  "Hash Cond": "(ci.movie_id = t.id)",
                  "Plans": [
                    {
                      "Node Type": "Index Scan",
                      "Parent Relationship": "Outer",
                      "Parallel Aware": true,
                      "Scan Direction": "Forward",
                      "Index Name": "role_id_cast_info",
                      "Relation Name": "cast_info",
                      "Alias": "ci",
                      "Startup Cost": 0.56,
                      "Total Cost": 197877.72,
                      "Plan Rows": 914814,
                      "Plan Width": 4,
                      "Actual Startup Time": 0.292,
                      "Actual Total Time": 249.631,
                      "Actual Rows": 1064568,
                      "Actual Loops": 7,
                      "Index Cond": "(role_id = 2)",
                      "Rows Removed by Index Recheck": 0,
                      "Filter": "(person_id < 2784571)",
                      "Rows Removed by Filter": 0
                    },
                    {
                      "Node Type": "Hash",
                      "Parent Relationship": "Inner",
                      "Parallel Aware": true,
                      "Startup Cost": 45479.1,
                      "Total Cost": 45479.1,
                      "Plan Rows": 163687,
                      "Plan Width": 4,
                      "Actual Startup Time": 136.504,
                      "Actual Total Time": 136.505,
                      "Actual Rows": 101597,
                      "Actual Loops": 7,
                      "Hash Buckets": 1048576,
                      "Original Hash Buckets": 1048576,
                      "Hash Batches": 1,
                      "Original Hash Batches": 1,
                      "Peak Memory Usage": 36096,
                      "Plans": [
                        {
                          "Node Type": "Seq Scan",
                          "Parent Relationship": "Outer",
                          "Parallel Aware": true,
                          "Relation Name": "title",
                          "Alias": "t",
                          "Startup Cost": 0.0,
                          "Total Cost": 45479.1,
                          "Plan Rows": 163687,
                          "Plan Width": 4,
                          "Actual Startup Time": 0.042,
                          "Actual Total Time": 86.235,
                          "Actual Rows": 101597,
                          "Actual Loops": 7,
                          "Filter": "((kind_id < 7) AND (production_year < 2008))",
                          "Rows Removed by Filter": 259590
                        }
                      ]
                    }
                  ]
                }
              ]
            }
          ]
        }
      ]
    },
    "Planning Time": 0.69,
    "Triggers": [],
    "Execution Time": 720.529
  }
]