{
  "Plan": {
    "Node Type": "Aggregate",
    "Strategy": "Plain",
    "Partial Mode": "Simple",
    "Parallel Aware": false,
    "Startup Cost": 5281721.53,
    "Total Cost": 5281721.54,
    "Plan Rows": 1,
    "Plan Width": 96,
    "Actual Startup Time": 46323.236,
    "Actual Total Time": 46410.935,
    "Actual Rows": 1,
    "Actual Loops": 1,
    "Plans": [
      {
        "Node Type": "Gather",
        "Parent Relationship": "Outer",
        "Parallel Aware": false,
        "Startup Cost": 5236475.24,
        "Total Cost": 5281721.53,
        "Plan Rows": 1,
        "Plan Width": 48,
        "Actual Startup Time": 46323.226,
        "Actual Total Time": 46410.923,
        "Actual Rows": 0,
        "Actual Loops": 1,
        "Workers Planned": 4,
        "Workers Launched": 4,
        "Single Copy": false,
        "Plans": [
          {
            "Node Type": "Hash Join",
            "Parent Relationship": "Outer",
            "Parallel Aware": true,
            "Join Type": "Inner",
            "Startup Cost": 5235475.24,
            "Total Cost": 5280721.43,
            "Plan Rows": 1,
            "Plan Width": 48,
            "Actual Startup Time": 46004.241,
            "Actual Total Time": 46004.251,
            "Actual Rows": 0,
            "Actual Loops": 5,
            "Inner Unique": false,
            "Hash Cond": "(t.id = mk.movie_id)",
            "Plans": [
              {
                "Node Type": "Seq Scan",
                "Parent Relationship": "Outer",
                "Parallel Aware": true,
                "Relation Name": "title",
                "Alias": "t",
                "Startup Cost": 0.0,
                "Total Cost": 43899.59,
                "Plan Rows": 359090,
                "Plan Width": 21,
                "Actual Startup Time": 0.046,
                "Actual Total Time": 93.451,
                "Actual Rows": 288660,
                "Actual Loops": 5,
                "Filter": "(production_year < 2006)",
                "Rows Removed by Filter": 217003
              },
              {
                "Node Type": "Hash",
                "Parent Relationship": "Inner",
                "Parallel Aware": true,
                "Startup Cost": 5235475.23,
                "Total Cost": 5235475.23,
                "Plan Rows": 1,
                "Plan Width": 39,
                "Actual Startup Time": 45888.468,
                "Actual Total Time": 45888.474,
                "Actual Rows": 1,
                "Actual Loops": 5,
                "Hash Buckets": 1024,
                "Original Hash Buckets": 1024,
                "Hash Batches": 1,
                "Original Hash Batches": 1,
                "Peak Memory Usage": 40,
                "Plans": [
                  {
                    "Node Type": "Hash Join",
                    "Parent Relationship": "Outer",
                    "Parallel Aware": false,
                    "Join Type": "Inner",
                    "Startup Cost": 5166836.95,
                    "Total Cost": 5235475.23,
                    "Plan Rows": 1,
                    "Plan Width": 39,
                    "Actual Startup Time": 17871.79,
                    "Actual Total Time": 17871.799,
                    "Actual Rows": 1,
                    "Actual Loops": 5,
                    "Inner Unique": false,
                    "Hash Cond": "(n.id = ci.person_id)",
                    "Plans": [
                      {
                        "Node Type": "Seq Scan",
                        "Parent Relationship": "Outer",
                        "Parallel Aware": true,
                        "Relation Name": "name",
                        "Alias": "n",
                        "Startup Cost": 0.0,
                        "Total Cost": 68636.05,
                        "Plan Rows": 104,
                        "Plan Width": 19,
                        "Actual Startup Time": 207.722,
                        "Actual Total Time": 207.725,
                        "Actual Rows": 0,
                        "Actual Loops": 5,
                        "Filter": "(name ~~ '%Downey%Robert%'::text)",
                        "Rows Removed by Filter": 833498
                      },
                      {
                        "Node Type": "Hash",
                        "Parent Relationship": "Inner",
                        "Parallel Aware": false,
                        "Startup Cost": 5166821.19,
                        "Total Cost": 5166821.19,
                        "Plan Rows": 1261,
                        "Plan Width": 28,
                        "Actual Startup Time": 44160.13,
                        "Actual Total Time": 44160.137,
                        "Actual Rows": 1242,
                        "Actual Loops": 2,
                        "Hash Buckets": 2048,
                        "Original Hash Buckets": 2048,
                        "Hash Batches": 1,
                        "Original Hash Batches": 1,
                        "Peak Memory Usage": 101,
                        "Plans": [
                          {
                            "Node Type": "Nested Loop",
                            "Parent Relationship": "Outer",
                            "Parallel Aware": false,
                            "Join Type": "Inner",
                            "Startup Cost": 1068488.04,
                            "Total Cost": 5166821.19,
                            "Plan Rows": 1261,
                            "Plan Width": 28,
                            "Actual Startup Time": 15635.108,
                            "Actual Total Time": 44159.769,
                            "Actual Rows": 1242,
                            "Actual Loops": 2,
                            "Inner Unique": false,
                            "Join Filter": "(mk.keyword_id = k.id)",
                            "Rows Removed by Join Filter": 215764235,
                            "Plans": [
                              {
                                "Node Type": "Seq Scan",
                                "Parent Relationship": "Outer",
                                "Parallel Aware": false,
                                "Relation Name": "keyword",
                                "Alias": "k",
                                "Startup Cost": 0.0,
                                "Total Cost": 2626.12,
                                "Plan Rows": 1,
                                "Plan Width": 20,
                                "Actual Startup Time": 0.396,
                                "Actual Total Time": 9.343,
                                "Actual Rows": 1,
                                "Actual Loops": 2,
                                "Filter": "(keyword = 'marvel-cinematic-universe'::text)",
                                "Rows Removed by Filter": 134169
                              },
                              {
                                "Node Type": "Hash Join",
                                "Parent Relationship": "Inner",
                                "Parallel Aware": false,
                                "Join Type": "Inner",
                                "Startup Cost": 1068488.04,
                                "Total Cost": 3050043.88,
                                "Plan Rows": 169132095,
                                "Plan Width": 16,
                                "Actual Startup Time": 15533.854,
                                "Actual Total Time": 35577.312,
                                "Actual Rows": 215765477,
                                "Actual Loops": 2,
                                "Inner Unique": false,
                                "Hash Cond": "(mk.movie_id = ci.movie_id)",
                                "Plans": [
                                  {
                                    "Node Type": "Seq Scan",
                                    "Parent Relationship": "Outer",
                                    "Parallel Aware": false,
                                    "Relation Name": "movie_keyword",
                                    "Alias": "mk",
                                    "Startup Cost": 0.0,
                                    "Total Cost": 69693.3,
                                    "Plan Rows": 4523930,
                                    "Plan Width": 8,
                                    "Actual Startup Time": 0.016,
                                    "Actual Total Time": 334.001,
                                    "Actual Rows": 4523930,
                                    "Actual Loops": 2
                                  },
                                  {
                                    "Node Type": "Hash",
                                    "Parent Relationship": "Inner",
                                    "Parallel Aware": false,
                                    "Startup Cost": 615265.24,
                                    "Total Cost": 615265.24,
                                    "Plan Rows": 36257824,
                                    "Plan Width": 8,
                                    "Actual Startup Time": 15055.714,
                                    "Actual Total Time": 15055.716,
                                    "Actual Rows": 36244344,
                                    "Actual Loops": 2,
                                    "Hash Buckets": 67108864,
                                    "Original Hash Buckets": 67108864,
                                    "Hash Batches": 1,
                                    "Original Hash Batches": 1,
                                    "Peak Memory Usage": 1940083,
                                    "Plans": [
                                      {
                                        "Node Type": "Seq Scan",
                                        "Parent Relationship": "Outer",
                                        "Parallel Aware": false,
                                        "Relation Name": "cast_info",
                                        "Alias": "ci",
                                        "Startup Cost": 0.0,
                                        "Total Cost": 615265.24,
                                        "Plan Rows": 36257824,
                                        "Plan Width": 8,
                                        "Actual Startup Time": 0.052,
                                        "Actual Total Time": 3915.152,
                                        "Actual Rows": 36244344,
                                        "Actual Loops": 2
                                      }
                                    ]
                                  }
                                ]
                              }
                            ]
                          }
                        ]
                      }
                    ]
                  }
                ]
              }
            ]
          }
        ]
      }
    ]
  },
  "Planning Time": 7.082,
  "Triggers": [],
  "Execution Time": 46475.007
}