[
  {
    "Plan": {
      "Node Type": "Aggregate",
      "Strategy": "Plain",
      "Partial Mode": "Finalize",
      "Parallel Aware": false,
      "Startup Cost": 350386.19,
      "Total Cost": 350386.2,
      "Plan Rows": 1,
      "Plan Width": 8,
      "Actual Startup Time": 823.486,
      "Actual Total Time": 885.611,
      "Actual Rows": 1,
      "Actual Loops": 1,
      "Plans": [
        {
          "Node Type": "Gather",
          "Parent Relationship": "Outer",
          "Parallel Aware": false,
          "Startup Cost": 350385.57,
          "Total Cost": 350386.18,
          "Plan Rows": 6,
          "Plan Width": 8,
          "Actual Startup Time": 823.294,
          "Actual Total Time": 885.593,
          "Actual Rows": 7,
          "Actual Loops": 1,
          "Workers Planned": 6,
          "Workers Launched": 6,
          "Single Copy": false,
          "Plans": [
            {
              "Node Type": "Aggregate",
              "Strategy": "Plain",
              "Partial Mode": "Partial",
              "Parent Relationship": "Outer",
              "Parallel Aware": false,
              "Startup Cost": 349385.57,
              "Total Cost": 349385.58,
              "Plan Rows": 1,
              "Plan Width": 8,
              "Actual Startup Time": 817.155,
              "Actual Total Time": 817.158,
              "Actual Rows": 1,
              "Actual Loops": 7,
              "Plans": [
                {
                  "Node Type": "Seq Scan",
                  "Parent Relationship": "Outer",
                  "Parallel Aware": true,
                  "Relation Name": "cast_info",
                  "Alias": "ci",
                  "Startup Cost": 0.0,
                  "Total Cost": 343316.27,
                  "Plan Rows": 2427719,
                  "Plan Width": 0,
                  "Actual Startup Time": 0.032,
                  "Actual Total Time": 702.05,
                  "Actual Rows": 2388796,
                  "Actual Loops": 7,
                  "Filter": "((person_id < 1845100) AND (role_id < 8))",
                  "Rows Removed by Filter": 2788968
                }
              ]
            }
          ]
        }
      ]
    },
    "Planning Time": 0.122,
    "Triggers": [],
    "Execution Time": 885.661
  }
]