[
  {
    "Plan": {
      "Node Type": "Aggregate",
      "Strategy": "Plain",
      "Partial Mode": "Finalize",
      "Parallel Aware": false,
      "Startup Cost": 350385.73,
      "Total Cost": 350385.74,
      "Plan Rows": 1,
      "Plan Width": 8,
      "Actual Startup Time": 825.105,
      "Actual Total Time": 886.24,
      "Actual Rows": 1,
      "Actual Loops": 1,
      "Plans": [
        {
          "Node Type": "Gather",
          "Parent Relationship": "Outer",
          "Parallel Aware": false,
          "Startup Cost": 350385.1,
          "Total Cost": 350385.71,
          "Plan Rows": 6,
          "Plan Width": 8,
          "Actual Startup Time": 824.987,
          "Actual Total Time": 886.231,
          "Actual Rows": 7,
          "Actual Loops": 1,
          "Workers Planned": 6,
          "Workers Launched": 6,
          "Single Copy": false,
          "Plans": [
            {
              "Node Type": "Aggregate",
              "Strategy": "Plain",
              "Partial Mode": "Partial",
              "Parent Relationship": "Outer",
              "Parallel Aware": false,
              "Startup Cost": 349385.1,
              "Total Cost": 349385.11,
              "Plan Rows": 1,
              "Plan Width": 8,
              "Actual Startup Time": 814.549,
              "Actual Total Time": 814.55,
              "Actual Rows": 1,
              "Actual Loops": 7,
              "Plans": [
                {
                  "Node Type": "Seq Scan",
                  "Parent Relationship": "Outer",
                  "Parallel Aware": true,
                  "Relation Name": "cast_info",
                  "Alias": "ci",
                  "Startup Cost": 0.0,
                  "Total Cost": 343257.03,
                  "Plan Rows": 2451230,
                  "Plan Width": 0,
                  "Actual Startup Time": 0.058,
                  "Actual Total Time": 702.059,
                  "Actual Rows": 2388796,
                  "Actual Loops": 7,
                  "Filter": "((person_id < 1845100) AND (role_id < 8))",
                  "Rows Removed by Filter": 2788968
                }
              ]
            }
          ]
        }
      ]
    },
    "Planning Time": 0.227,
    "Triggers": [],
    "Execution Time": 886.313
  }
]