{
    "Plan": {
        "Node Type": "Aggregate",
        "Strategy": "Plain",
        "Partial Mode": "Finalize",
        "Parallel Aware": false,
        "Startup Cost": 655566.11,
        "Total Cost": 655566.12,
        "Plan Rows": 1,
        "Plan Width": 8,
        "Actual Startup Time": 9077.177,
        "Actual Total Time": 9155.03,
        "Actual Rows": 1,
        "Actual Loops": 1,
        "Output": [
            "count(*)"
        ],
        "Plans": [
            {
                "Node Type": "Gather",
                "Parent Relationship": "Outer",
                "Parallel Aware": false,
                "Startup Cost": 655565.48,
                "Total Cost": 655566.09,
                "Plan Rows": 6,
                "Plan Width": 8,
                "Actual Startup Time": 9040.298,
                "Actual Total Time": 9155.017,
                "Actual Rows": 7,
                "Actual Loops": 1,
                "Output": [
                    "(PARTIAL count(*))"
                ],
                "Workers Planned": 6,
                "Workers Launched": 6,
                "Single Copy": false,
                "Plans": [
                    {
                        "Node Type": "Aggregate",
                        "Strategy": "Plain",
                        "Partial Mode": "Partial",
                        "Parent Relationship": "Outer",
                        "Parallel Aware": false,
                        "Startup Cost": 654565.48,
                        "Total Cost": 654565.49,
                        "Plan Rows": 1,
                        "Plan Width": 8,
                        "Actual Startup Time": 9008.06,
                        "Actual Total Time": 9008.986,
                        "Actual Rows": 1,
                        "Actual Loops": 7,
                        "Output": [
                            "PARTIAL count(*)"
                        ],
                        "Workers": [
                            {
                                "Worker Number": 0,
                                "Actual Startup Time": 9002.12,
                                "Actual Total Time": 9002.125,
                                "Actual Rows": 1,
                                "Actual Loops": 1
                            },
                            {
                                "Worker Number": 1,
                                "Actual Startup Time": 9006.351,
                                "Actual Total Time": 9006.368,
                                "Actual Rows": 1,
                                "Actual Loops": 1
                            },
                            {
                                "Worker Number": 2,
                                "Actual Startup Time": 9002.234,
                                "Actual Total Time": 9002.238,
                                "Actual Rows": 1,
                                "Actual Loops": 1
                            },
                            {
                                "Worker Number": 3,
                                "Actual Startup Time": 9002.14,
                                "Actual Total Time": 9002.145,
                                "Actual Rows": 1,
                                "Actual Loops": 1
                            },
                            {
                                "Worker Number": 4,
                                "Actual Startup Time": 9002.149,
                                "Actual Total Time": 9002.157,
                                "Actual Rows": 1,
                                "Actual Loops": 1
                            },
                            {
                                "Worker Number": 5,
                                "Actual Startup Time": 9002.167,
                                "Actual Total Time": 9002.171,
                                "Actual Rows": 1,
                                "Actual Loops": 1
                            }
                        ],
                        "Plans": [
                            {
                                "Node Type": "Hash Join",
                                "Parent Relationship": "Outer",
                                "Parallel Aware": true,
                                "Join Type": "Inner",
                                "Startup Cost": 264949.13,
                                "Total Cost": 624648.77,
                                "Plan Rows": 11966684,
                                "Plan Width": 0,
                                "Actual Startup Time": 1180.827,
                                "Actual Total Time": 7612.241,
                                "Actual Rows": 35304332,
                                "Actual Loops": 7,
                                "Inner Unique": false,
                                "Hash Cond": "(ci.movie_id = t.id)",
                                "Workers": [
                                    {
                                        "Worker Number": 0,
                                        "Actual Startup Time": 1175.462,
                                        "Actual Total Time": 7636.386,
                                        "Actual Rows": 34623330,
                                        "Actual Loops": 1
                                    },
                                    {
                                        "Worker Number": 1,
                                        "Actual Startup Time": 1175.353,
                                        "Actual Total Time": 7576.589,
                                        "Actual Rows": 37862142,
                                        "Actual Loops": 1
                                    },
                                    {
                                        "Worker Number": 2,
                                        "Actual Startup Time": 1175.56,
                                        "Actual Total Time": 7641.823,
                                        "Actual Rows": 34442916,
                                        "Actual Loops": 1
                                    },
                                    {
                                        "Worker Number": 3,
                                        "Actual Startup Time": 1175.591,
                                        "Actual Total Time": 7628.245,
                                        "Actual Rows": 34822228,
                                        "Actual Loops": 1
                                    },
                                    {
                                        "Worker Number": 4,
                                        "Actual Startup Time": 1175.649,
                                        "Actual Total Time": 7578.81,
                                        "Actual Rows": 32389062,
                                        "Actual Loops": 1
                                    },
                                    {
                                        "Worker Number": 5,
                                        "Actual Startup Time": 1175.584,
                                        "Actual Total Time": 7626.009,
                                        "Actual Rows": 34854362,
                                        "Actual Loops": 1
                                    }
                                ],
                                "Plans": [
                                    {
                                        "Node Type": "Seq Scan",
                                        "Parent Relationship": "Outer",
                                        "Parallel Aware": true,
                                        "Relation Name": "cast_info",
                                        "Schema": "public",
                                        "Alias": "ci",
                                        "Startup Cost": 0.0,
                                        "Total Cost": 313108.29,
                                        "Plan Rows": 6042129,
                                        "Plan Width": 4,
                                        "Actual Startup Time": 0.032,
                                        "Actual Total Time": 562.512,
                                        "Actual Rows": 5177763,
                                        "Actual Loops": 7,
                                        "Output": [
                                            "ci.id",
                                            "ci.person_id",
                                            "ci.movie_id",
                                            "ci.person_role_id",
                                            "ci.note",
                                            "ci.nr_order",
                                            "ci.role_id"
                                        ],
                                        "Workers": [
                                            {
                                                "Worker Number": 0,
                                                "Actual Startup Time": 0.032,
                                                "Actual Total Time": 582.85,
                                                "Actual Rows": 5059682,
                                                "Actual Loops": 1
                                            },
                                            {
                                                "Worker Number": 1,
                                                "Actual Startup Time": 0.036,
                                                "Actual Total Time": 580.956,
                                                "Actual Rows": 5586189,
                                                "Actual Loops": 1
                                            },
                                            {
                                                "Worker Number": 2,
                                                "Actual Startup Time": 0.036,
                                                "Actual Total Time": 584.853,
                                                "Actual Rows": 5066449,
                                                "Actual Loops": 1
                                            },
                                            {
                                                "Worker Number": 3,
                                                "Actual Startup Time": 0.032,
                                                "Actual Total Time": 582.013,
                                                "Actual Rows": 5079670,
                                                "Actual Loops": 1
                                            },
                                            {
                                                "Worker Number": 4,
                                                "Actual Startup Time": 0.04,
                                                "Actual Total Time": 591.645,
                                                "Actual Rows": 4704689,
                                                "Actual Loops": 1
                                            },
                                            {
                                                "Worker Number": 5,
                                                "Actual Startup Time": 0.036,
                                                "Actual Total Time": 583.008,
                                                "Actual Rows": 5090062,
                                                "Actual Loops": 1
                                            }
                                        ]
                                    },
                                    {
                                        "Node Type": "Hash",
                                        "Parent Relationship": "Inner",
                                        "Parallel Aware": true,
                                        "Startup Cost": 252430.51,
                                        "Total Cost": 252430.51,
                                        "Plan Rows": 1001489,
                                        "Plan Width": 8,
                                        "Actual Startup Time": 1170.645,
                                        "Actual Total Time": 1171.569,
                                        "Actual Rows": 739212,
                                        "Actual Loops": 7,
                                        "Output": [
                                            "t.id",
                                            "mi.movie_id"
                                        ],
                                        "Hash Buckets": 8388608,
                                        "Original Hash Buckets": 8388608,
                                        "Hash Batches": 1,
                                        "Original Hash Batches": 1,
                                        "Peak Memory Usage": 268064,
                                        "Workers": [
                                            {
                                                "Worker Number": 0,
                                                "Actual Startup Time": 1174.788,
                                                "Actual Total Time": 1174.792,
                                                "Actual Rows": 739482,
                                                "Actual Loops": 1
                                            },
                                            {
                                                "Worker Number": 1,
                                                "Actual Startup Time": 1174.641,
                                                "Actual Total Time": 1174.657,
                                                "Actual Rows": 784693,
                                                "Actual Loops": 1
                                            },
                                            {
                                                "Worker Number": 2,
                                                "Actual Startup Time": 1174.858,
                                                "Actual Total Time": 1174.861,
                                                "Actual Rows": 736782,
                                                "Actual Loops": 1
                                            },
                                            {
                                                "Worker Number": 3,
                                                "Actual Startup Time": 1174.843,
                                                "Actual Total Time": 1174.847,
                                                "Actual Rows": 740109,
                                                "Actual Loops": 1
                                            },
                                            {
                                                "Worker Number": 4,
                                                "Actual Startup Time": 1174.76,
                                                "Actual Total Time": 1174.765,
                                                "Actual Rows": 559445,
                                                "Actual Loops": 1
                                            },
                                            {
                                                "Worker Number": 5,
                                                "Actual Startup Time": 1174.857,
                                                "Actual Total Time": 1174.861,
                                                "Actual Rows": 737784,
                                                "Actual Loops": 1
                                            }
                                        ],
                                        "Plans": [
                                            {
                                                "Node Type": "Hash Join",
                                                "Parent Relationship": "Outer",
                                                "Parallel Aware": true,
                                                "Join Type": "Inner",
                                                "Startup Cost": 50309.73,
                                                "Total Cost": 252430.51,
                                                "Plan Rows": 1001489,
                                                "Plan Width": 8,
                                                "Actual Startup Time": 238.441,
                                                "Actual Total Time": 853.878,
                                                "Actual Rows": 739212,
                                                "Actual Loops": 7,
                                                "Output": [
                                                    "t.id",
                                                    "mi.movie_id"
                                                ],
                                                "Inner Unique": true,
                                                "Hash Cond": "(mi.movie_id = t.id)",
                                                "Workers": [
                                                    {
                                                        "Worker Number": 0,
                                                        "Actual Startup Time": 238.449,
                                                        "Actual Total Time": 851.991,
                                                        "Actual Rows": 739482,
                                                        "Actual Loops": 1
                                                    },
                                                    {
                                                        "Worker Number": 1,
                                                        "Actual Startup Time": 238.428,
                                                        "Actual Total Time": 855.179,
                                                        "Actual Rows": 784693,
                                                        "Actual Loops": 1
                                                    },
                                                    {
                                                        "Worker Number": 2,
                                                        "Actual Startup Time": 238.444,
                                                        "Actual Total Time": 855.016,
                                                        "Actual Rows": 736782,
                                                        "Actual Loops": 1
                                                    },
                                                    {
                                                        "Worker Number": 3,
                                                        "Actual Startup Time": 238.434,
                                                        "Actual Total Time": 855.793,
                                                        "Actual Rows": 740109,
                                                        "Actual Loops": 1
                                                    },
                                                    {
                                                        "Worker Number": 4,
                                                        "Actual Startup Time": 238.434,
                                                        "Actual Total Time": 859.054,
                                                        "Actual Rows": 559445,
                                                        "Actual Loops": 1
                                                    },
                                                    {
                                                        "Worker Number": 5,
                                                        "Actual Startup Time": 238.326,
                                                        "Actual Total Time": 852.78,
                                                        "Actual Rows": 737784,
                                                        "Actual Loops": 1
                                                    }
                                                ],
                                                "Plans": [
                                                    {
                                                        "Node Type": "Seq Scan",
                                                        "Parent Relationship": "Outer",
                                                        "Parallel Aware": true,
                                                        "Relation Name": "movie_info",
                                                        "Schema": "public",
                                                        "Alias": "mi",
                                                        "Startup Cost": 0.0,
                                                        "Total Cost": 198880.74,
                                                        "Plan Rows": 1234303,
                                                        "Plan Width": 4,
                                                        "Actual Startup Time": 14.222,
                                                        "Actual Total Time": 299.097,
                                                        "Actual Rows": 889071,
                                                        "Actual Loops": 7,
                                                        "Output": [
                                                            "mi.id",
                                                            "mi.movie_id",
                                                            "mi.info_type_id",
                                                            "mi.info",
                                                            "mi.note"
                                                        ],
                                                        "Filter": "(mi.info_type_id > 8)",
                                                        "Rows Removed by Filter": 1230318,
                                                        "Workers": [
                                                            {
                                                                "Worker Number": 0,
                                                                "Actual Startup Time": 14.224,
                                                                "Actual Total Time": 302.759,
                                                                "Actual Rows": 886364,
                                                                "Actual Loops": 1
                                                            },
                                                            {
                                                                "Worker Number": 1,
                                                                "Actual Startup Time": 14.223,
                                                                "Actual Total Time": 307.049,
                                                                "Actual Rows": 941396,
                                                                "Actual Loops": 1
                                                            },
                                                            {
                                                                "Worker Number": 2,
                                                                "Actual Startup Time": 14.222,
                                                                "Actual Total Time": 302.556,
                                                                "Actual Rows": 887754,
                                                                "Actual Loops": 1
                                                            },
                                                            {
                                                                "Worker Number": 3,
                                                                "Actual Startup Time": 14.243,
                                                                "Actual Total Time": 302.844,
                                                                "Actual Rows": 890586,
                                                                "Actual Loops": 1
                                                            },
                                                            {
                                                                "Worker Number": 4,
                                                                "Actual Startup Time": 14.162,
                                                                "Actual Total Time": 315.697,
                                                                "Actual Rows": 670547,
                                                                "Actual Loops": 1
                                                            },
                                                            {
                                                                "Worker Number": 5,
                                                                "Actual Startup Time": 14.24,
                                                                "Actual Total Time": 303.393,
                                                                "Actual Rows": 887244,
                                                                "Actual Loops": 1
                                                            }
                                                        ]
                                                    },
                                                    {
                                                        "Node Type": "Hash",
                                                        "Parent Relationship": "Inner",
                                                        "Parallel Aware": true,
                                                        "Startup Cost": 43899.01,
                                                        "Total Cost": 43899.01,
                                                        "Plan Rows": 512858,
                                                        "Plan Width": 4,
                                                        "Actual Startup Time": 222.327,
                                                        "Actual Total Time": 222.329,
                                                        "Actual Rows": 294335,
                                                        "Actual Loops": 7,
                                                        "Output": [
                                                            "t.id"
                                                        ],
                                                        "Hash Buckets": 2097152,
                                                        "Original Hash Buckets": 2097152,
                                                        "Hash Batches": 1,
                                                        "Original Hash Batches": 1,
                                                        "Peak Memory Usage": 97088,
                                                        "Workers": [
                                                            {
                                                                "Worker Number": 0,
                                                                "Actual Startup Time": 224.097,
                                                                "Actual Total Time": 224.098,
                                                                "Actual Rows": 285223,
                                                                "Actual Loops": 1
                                                            },
                                                            {
                                                                "Worker Number": 1,
                                                                "Actual Startup Time": 224.077,
                                                                "Actual Total Time": 224.079,
                                                                "Actual Rows": 286177,
                                                                "Actual Loops": 1
                                                            },
                                                            {
                                                                "Worker Number": 2,
                                                                "Actual Startup Time": 224.127,
                                                                "Actual Total Time": 224.127,
                                                                "Actual Rows": 286364,
                                                                "Actual Loops": 1
                                                            },
                                                            {
                                                                "Worker Number": 3,
                                                                "Actual Startup Time": 223.927,
                                                                "Actual Total Time": 223.927,
                                                                "Actual Rows": 282086,
                                                                "Actual Loops": 1
                                                            },
                                                            {
                                                                "Worker Number": 4,
                                                                "Actual Startup Time": 223.97,
                                                                "Actual Total Time": 223.972,
                                                                "Actual Rows": 221158,
                                                                "Actual Loops": 1
                                                            },
                                                            {
                                                                "Worker Number": 5,
                                                                "Actual Startup Time": 223.994,
                                                                "Actual Total Time": 223.996,
                                                                "Actual Rows": 290391,
                                                                "Actual Loops": 1
                                                            }
                                                        ],
                                                        "Plans": [
                                                            {
                                                                "Node Type": "Seq Scan",
                                                                "Parent Relationship": "Outer",
                                                                "Parallel Aware": true,
                                                                "Relation Name": "title",
                                                                "Schema": "public",
                                                                "Alias": "t",
                                                                "Startup Cost": 0.0,
                                                                "Total Cost": 43899.01,
                                                                "Plan Rows": 512858,
                                                                "Plan Width": 4,
                                                                "Actual Startup Time": 0.065,
                                                                "Actual Total Time": 80.978,
                                                                "Actual Rows": 294335,
                                                                "Actual Loops": 7,
                                                                "Output": [
                                                                    "t.id"
                                                                ],
                                                                "Filter": "(t.production_year > 1971)",
                                                                "Rows Removed by Filter": 66852,
                                                                "Workers": [
                                                                    {
                                                                        "Worker Number": 0,
                                                                        "Actual Startup Time": 0.073,
                                                                        "Actual Total Time": 83.919,
                                                                        "Actual Rows": 285223,
                                                                        "Actual Loops": 1
                                                                    },
                                                                    {
                                                                        "Worker Number": 1,
                                                                        "Actual Startup Time": 0.078,
                                                                        "Actual Total Time": 81.572,
                                                                        "Actual Rows": 286177,
                                                                        "Actual Loops": 1
                                                                    },
                                                                    {
                                                                        "Worker Number": 2,
                                                                        "Actual Startup Time": 0.068,
                                                                        "Actual Total Time": 83.344,
                                                                        "Actual Rows": 286364,
                                                                        "Actual Loops": 1
                                                                    },
                                                                    {
                                                                        "Worker Number": 3,
                                                                        "Actual Startup Time": 0.076,
                                                                        "Actual Total Time": 82.593,
                                                                        "Actual Rows": 282086,
                                                                        "Actual Loops": 1
                                                                    },
                                                                    {
                                                                        "Worker Number": 4,
                                                                        "Actual Startup Time": 0.067,
                                                                        "Actual Total Time": 86.305,
                                                                        "Actual Rows": 221158,
                                                                        "Actual Loops": 1
                                                                    },
                                                                    {
                                                                        "Worker Number": 5,
                                                                        "Actual Startup Time": 0.074,
                                                                        "Actual Total Time": 84.279,
                                                                        "Actual Rows": 290391,
                                                                        "Actual Loops": 1
                                                                    }
                                                                ]
                                                            }
                                                        ]
                                                    }
                                                ]
                                            }
                                        ]
                                    }
                                ]
                            }
                        ]
                    }
                ]
            }
        ]
    },
    "Planning Time": 1.55,
    "Triggers": [],
    "Execution Time": 9155.12
}