[
    {
        "Bao": {
            "Bao prediction": "NaN",
            "Bao recommended hint": "(no hint)"
        }
    },
    {
        "Plan": {
            "Node Type": "Aggregate",
            "Strategy": "Plain",
            "Partial Mode": "Finalize",
            "Parallel Aware": false,
            "Startup Cost": 354366.53,
            "Total Cost": 354366.54,
            "Plan Rows": 1,
            "Plan Width": 8,
            "Actual Startup Time": 985.279,
            "Actual Total Time": 1016.818,
            "Actual Rows": 1,
            "Actual Loops": 1,
            "Output": [
                "count(*)"
            ],
            "Plans": [
                {
                    "Node Type": "Gather",
                    "Parent Relationship": "Outer",
                    "Parallel Aware": false,
                    "Startup Cost": 354365.9,
                    "Total Cost": 354366.51,
                    "Plan Rows": 6,
                    "Plan Width": 8,
                    "Actual Startup Time": 985.182,
                    "Actual Total Time": 1016.806,
                    "Actual Rows": 7,
                    "Actual Loops": 1,
                    "Output": [
                        "(PARTIAL count(*))"
                    ],
                    "Workers Planned": 6,
                    "Workers Launched": 6,
                    "Single Copy": false,
                    "Plans": [
                        {
                            "Node Type": "Aggregate",
                            "Strategy": "Plain",
                            "Partial Mode": "Partial",
                            "Parent Relationship": "Outer",
                            "Parallel Aware": false,
                            "Startup Cost": 353365.9,
                            "Total Cost": 353365.91,
                            "Plan Rows": 1,
                            "Plan Width": 8,
                            "Actual Startup Time": 974.066,
                            "Actual Total Time": 974.067,
                            "Actual Rows": 1,
                            "Actual Loops": 7,
                            "Output": [
                                "PARTIAL count(*)"
                            ],
                            "Workers": [
                                {
                                    "Worker Number": 0,
                                    "Actual Startup Time": 971.412,
                                    "Actual Total Time": 971.413,
                                    "Actual Rows": 1,
                                    "Actual Loops": 1
                                },
                                {
                                    "Worker Number": 1,
                                    "Actual Startup Time": 971.416,
                                    "Actual Total Time": 971.417,
                                    "Actual Rows": 1,
                                    "Actual Loops": 1
                                },
                                {
                                    "Worker Number": 2,
                                    "Actual Startup Time": 972.245,
                                    "Actual Total Time": 972.246,
                                    "Actual Rows": 1,
                                    "Actual Loops": 1
                                },
                                {
                                    "Worker Number": 3,
                                    "Actual Startup Time": 972.299,
                                    "Actual Total Time": 972.3,
                                    "Actual Rows": 1,
                                    "Actual Loops": 1
                                },
                                {
                                    "Worker Number": 4,
                                    "Actual Startup Time": 973.158,
                                    "Actual Total Time": 973.158,
                                    "Actual Rows": 1,
                                    "Actual Loops": 1
                                },
                                {
                                    "Worker Number": 5,
                                    "Actual Startup Time": 973.553,
                                    "Actual Total Time": 973.555,
                                    "Actual Rows": 1,
                                    "Actual Loops": 1
                                }
                            ],
                            "Plans": [
                                {
                                    "Node Type": "Seq Scan",
                                    "Parent Relationship": "Outer",
                                    "Parallel Aware": true,
                                    "Relation Name": "cast_info",
                                    "Schema": "public",
                                    "Alias": "ci",
                                    "Startup Cost": 0.0,
                                    "Total Cost": 343318.94,
                                    "Plan Rows": 4018785,
                                    "Plan Width": 0,
                                    "Actual Startup Time": 131.503,
                                    "Actual Total Time": 789.792,
                                    "Actual Rows": 3311605,
                                    "Actual Loops": 7,
                                    "Output": [
                                        "id",
                                        "person_id",
                                        "movie_id",
                                        "person_role_id",
                                        "note",
                                        "nr_order",
                                        "role_id"
                                    ],
                                    "Filter": "((ci.person_id > 866663) AND (ci.role_id < 10))",
                                    "Rows Removed by Filter": 1866159,
                                    "Workers": [
                                        {
                                            "Worker Number": 0,
                                            "Actual Startup Time": 128.847,
                                            "Actual Total Time": 789.097,
                                            "Actual Rows": 2757328,
                                            "Actual Loops": 1
                                        },
                                        {
                                            "Worker Number": 1,
                                            "Actual Startup Time": 128.838,
                                            "Actual Total Time": 789.152,
                                            "Actual Rows": 2761567,
                                            "Actual Loops": 1
                                        },
                                        {
                                            "Worker Number": 2,
                                            "Actual Startup Time": 129.687,
                                            "Actual Total Time": 793.659,
                                            "Actual Rows": 4409101,
                                            "Actual Loops": 1
                                        },
                                        {
                                            "Worker Number": 3,
                                            "Actual Startup Time": 129.755,
                                            "Actual Total Time": 791.447,
                                            "Actual Rows": 2745792,
                                            "Actual Loops": 1
                                        },
                                        {
                                            "Worker Number": 4,
                                            "Actual Startup Time": 130.591,
                                            "Actual Total Time": 790.73,
                                            "Actual Rows": 2762786,
                                            "Actual Loops": 1
                                        },
                                        {
                                            "Worker Number": 5,
                                            "Actual Startup Time": 130.992,
                                            "Actual Total Time": 788.659,
                                            "Actual Rows": 4443502,
                                            "Actual Loops": 1
                                        }
                                    ]
                                }
                            ]
                        }
                    ]
                }
            ]
        },
        "Planning Time": 285.968,
        "Triggers": [],
        "Execution Time": 1016.911
    }
]