[
  {
    "Plan": {
      "Node Type": "Aggregate",
      "Strategy": "Plain",
      "Partial Mode": "Finalize",
      "Parallel Aware": false,
      "Startup Cost": 345589.34,
      "Total Cost": 345589.35,
      "Plan Rows": 1,
      "Plan Width": 8,
      "Actual Startup Time": 585.917,
      "Actual Total Time": 610.53,
      "Actual Rows": 1,
      "Actual Loops": 1,
      "Plans": [
        {
          "Node Type": "Gather",
          "Parent Relationship": "Outer",
          "Parallel Aware": false,
          "Startup Cost": 345588.72,
          "Total Cost": 345589.33,
          "Plan Rows": 6,
          "Plan Width": 8,
          "Actual Startup Time": 585.838,
          "Actual Total Time": 610.524,
          "Actual Rows": 7,
          "Actual Loops": 1,
          "Workers Planned": 6,
          "Workers Launched": 6,
          "Single Copy": false,
          "Plans": [
            {
              "Node Type": "Aggregate",
              "Strategy": "Plain",
              "Partial Mode": "Partial",
              "Parent Relationship": "Outer",
              "Parallel Aware": false,
              "Startup Cost": 344588.72,
              "Total Cost": 344588.73,
              "Plan Rows": 1,
              "Plan Width": 8,
              "Actual Startup Time": 580.814,
              "Actual Total Time": 580.815,
              "Actual Rows": 1,
              "Actual Loops": 7,
              "Plans": [
                {
                  "Node Type": "Seq Scan",
                  "Parent Relationship": "Outer",
                  "Parallel Aware": true,
                  "Relation Name": "cast_info",
                  "Alias": "ci",
                  "Startup Cost": 0.0,
                  "Total Cost": 343318.94,
                  "Plan Rows": 507911,
                  "Plan Width": 0,
                  "Actual Startup Time": 394.753,
                  "Actual Total Time": 551.429,
                  "Actual Rows": 667616,
                  "Actual Loops": 7,
                  "Filter": "((person_id > 3214622) AND (role_id > 1))",
                  "Rows Removed by Filter": 4510147
                }
              ]
            }
          ]
        }
      ]
    },
    "Planning Time": 0.084,
    "Triggers": [],
    "Execution Time": 610.562
  }
]