[
  {
    "Plan": {
      "Node Type": "Aggregate",
      "Strategy": "Plain",
      "Partial Mode": "Finalize",
      "Parallel Aware": false,
      "Startup Cost": 71086.89,
      "Total Cost": 71086.9,
      "Plan Rows": 1,
      "Plan Width": 8,
      "Actual Startup Time": 217.374,
      "Actual Total Time": 236.078,
      "Actual Rows": 1,
      "Actual Loops": 1,
      "Plans": [
        {
          "Node Type": "Gather",
          "Parent Relationship": "Outer",
          "Parallel Aware": false,
          "Startup Cost": 71086.47,
          "Total Cost": 71086.88,
          "Plan Rows": 4,
          "Plan Width": 8,
          "Actual Startup Time": 216.306,
          "Actual Total Time": 236.07,
          "Actual Rows": 5,
          "Actual Loops": 1,
          "Workers Planned": 4,
          "Workers Launched": 4,
          "Single Copy": false,
          "Plans": [
            {
              "Node Type": "Aggregate",
              "Strategy": "Plain",
              "Partial Mode": "Partial",
              "Parent Relationship": "Outer",
              "Parallel Aware": false,
              "Startup Cost": 70086.47,
              "Total Cost": 70086.48,
              "Plan Rows": 1,
              "Plan Width": 8,
              "Actual Startup Time": 206.148,
              "Actual Total Time": 206.153,
              "Actual Rows": 1,
              "Actual Loops": 5,
              "Plans": [
                {
                  "Node Type": "Nested Loop",
                  "Parent Relationship": "Outer",
                  "Parallel Aware": false,
                  "Join Type": "Inner",
                  "Startup Cost": 21966.45,
                  "Total Cost": 70082.17,
                  "Plan Rows": 1719,
                  "Plan Width": 0,
                  "Actual Startup Time": 116.012,
                  "Actual Total Time": 204.868,
                  "Actual Rows": 19129,
                  "Actual Loops": 5,
                  "Inner Unique": false,
                  "Plans": [
                    {
                      "Node Type": "Hash Join",
                      "Parent Relationship": "Outer",
                      "Parallel Aware": true,
                      "Join Type": "Inner",
                      "Startup Cost": 21966.02,
                      "Total Cost": 68157.94,
                      "Plan Rows": 3150,
                      "Plan Width": 8,
                      "Actual Startup Time": 115.889,
                      "Actual Total Time": 160.959,
                      "Actual Rows": 11482,
                      "Actual Loops": 5,
                      "Inner Unique": false,
                      "Hash Cond": "(t.id = mc.movie_id)",
                      "Plans": [
                        {
                          "Node Type": "Seq Scan",
                          "Parent Relationship": "Outer",
                          "Parallel Aware": true,
                          "Relation Name": "title",
                          "Alias": "t",
                          "Startup Cost": 0.0,
                          "Total Cost": 45479.1,
                          "Plan Rows": 140532,
                          "Plan Width": 4,
                          "Actual Startup Time": 0.017,
                          "Actual Total Time": 87.794,
                          "Actual Rows": 128357,
                          "Actual Loops": 5,
                          "Filter": "((kind_id < 7) AND (production_year < 2006))",
                          "Rows Removed by Filter": 377305
                        },
                        {
                          "Node Type": "Hash",
                          "Parent Relationship": "Inner",
                          "Parallel Aware": true,
                          "Startup Cost": 21737.55,
                          "Total Cost": 21737.55,
                          "Plan Rows": 18278,
                          "Plan Width": 4,
                          "Actual Startup Time": 43.328,
                          "Actual Total Time": 43.33,
                          "Actual Rows": 21277,
                          "Actual Loops": 5,
                          "Hash Buckets": 131072,
                          "Original Hash Buckets": 65536,
                          "Hash Batches": 1,
                          "Original Hash Batches": 1,
                          "Peak Memory Usage": 5824,
                          "Plans": [
                            {
                              "Node Type": "Bitmap Heap Scan",
                              "Parent Relationship": "Outer",
                              "Parallel Aware": true,
                              "Relation Name": "movie_companies",
                              "Alias": "mc",
                              "Startup Cost": 2407.57,
                              "Total Cost": 21737.55,
                              "Plan Rows": 18278,
                              "Plan Width": 4,
                              "Actual Startup Time": 9.012,
                              "Actual Total Time": 29.175,
                              "Actual Rows": 21277,
                              "Actual Loops": 5,
                              "Recheck Cond": "(company_id > 153902)",
                              "Rows Removed by Index Recheck": 0,
                              "Filter": "(company_type_id > 1)",
                              "Rows Removed by Filter": 0,
                              "Exact Heap Blocks": 1369,
                              "Lossy Heap Blocks": 0,
                              "Plans": [
                                {
                                  "Node Type": "Bitmap Index Scan",
                                  "Parent Relationship": "Outer",
                                  "Parallel Aware": false,
                                  "Index Name": "company_id_movie_companies",
                                  "Startup Cost": 0.0,
                                  "Total Cost": 2393.4,
                                  "Plan Rows": 111596,
                                  "Plan Width": 0,
                                  "Actual Startup Time": 14.142,
                                  "Actual Total Time": 14.146,
                                  "Actual Rows": 106386,
                                  "Actual Loops": 1,
                                  "Index Cond": "(company_id > 153902)"
                                }
                              ]
                            }
                          ]
                        }
                      ]
                    },
                    {
                      "Node Type": "Index Only Scan",
                      "Parent Relationship": "Inner",
                      "Parallel Aware": false,
                      "Scan Direction": "Forward",
                      "Index Name": "movie_id_movie_info_idx",
                      "Relation Name": "movie_info_idx",
                      "Alias": "mi_idx",
                      "Startup Cost": 0.43,
                      "Total Cost": 0.58,
                      "Plan Rows": 3,
                      "Plan Width": 4,
                      "Actual Startup Time": 0.003,
                      "Actual Total Time": 0.003,
                      "Actual Rows": 2,
                      "Actual Loops": 57412,
                      "Index Cond": "(movie_id = t.id)",
                      "Rows Removed by Index Recheck": 0,
                      "Heap Fetches": 95643
                    }
                  ]
                }
              ]
            }
          ]
        }
      ]
    },
    "Planning Time": 1.415,
    "Triggers": [],
    "Execution Time": 236.19
  }
]