[
  {
    "Plan": {
      "Node Type": "Aggregate",
      "Strategy": "Plain",
      "Partial Mode": "Finalize",
      "Parallel Aware": false,
      "Startup Cost": 89174.09,
      "Total Cost": 89174.1,
      "Plan Rows": 1,
      "Plan Width": 8,
      "Actual Startup Time": 193.287,
      "Actual Total Time": 210.855,
      "Actual Rows": 1,
      "Actual Loops": 1,
      "Plans": [
        {
          "Node Type": "Gather",
          "Parent Relationship": "Outer",
          "Parallel Aware": false,
          "Startup Cost": 89173.77,
          "Total Cost": 89174.08,
          "Plan Rows": 3,
          "Plan Width": 8,
          "Actual Startup Time": 192.654,
          "Actual Total Time": 210.847,
          "Actual Rows": 4,
          "Actual Loops": 1,
          "Workers Planned": 3,
          "Workers Launched": 3,
          "Single Copy": false,
          "Plans": [
            {
              "Node Type": "Aggregate",
              "Strategy": "Plain",
              "Partial Mode": "Partial",
              "Parent Relationship": "Outer",
              "Parallel Aware": false,
              "Startup Cost": 88173.77,
              "Total Cost": 88173.78,
              "Plan Rows": 1,
              "Plan Width": 8,
              "Actual Startup Time": 186.075,
              "Actual Total Time": 186.079,
              "Actual Rows": 1,
              "Actual Loops": 4,
              "Plans": [
                {
                  "Node Type": "Nested Loop",
                  "Parent Relationship": "Outer",
                  "Parallel Aware": false,
                  "Join Type": "Inner",
                  "Startup Cost": 45753.58,
                  "Total Cost": 88152.58,
                  "Plan Rows": 8475,
                  "Plan Width": 0,
                  "Actual Startup Time": 138.821,
                  "Actual Total Time": 185.904,
                  "Actual Rows": 3491,
                  "Actual Loops": 4,
                  "Inner Unique": false,
                  "Join Filter": "(t.id = mk.movie_id)",
                  "Rows Removed by Join Filter": 0,
                  "Plans": [
                    {
                      "Node Type": "Hash Join",
                      "Parent Relationship": "Outer",
                      "Parallel Aware": true,
                      "Join Type": "Inner",
                      "Startup Cost": 45753.15,
                      "Total Cost": 77527.08,
                      "Plan Rows": 4737,
                      "Plan Width": 8,
                      "Actual Startup Time": 138.362,
                      "Actual Total Time": 179.984,
                      "Actual Rows": 1569,
                      "Actual Loops": 4,
                      "Inner Unique": true,
                      "Hash Cond": "(mc.movie_id = t.id)",
                      "Plans": [
                        {
                          "Node Type": "Seq Scan",
                          "Parent Relationship": "Outer",
                          "Parallel Aware": true,
                          "Relation Name": "movie_companies",
                          "Alias": "mc",
                          "Startup Cost": 0.0,
                          "Total Cost": 31414.82,
                          "Plan Rows": 136807,
                          "Plan Width": 4,
                          "Actual Startup Time": 31.819,
                          "Actual Total Time": 62.455,
                          "Actual Rows": 60784,
                          "Actual Loops": 4,
                          "Filter": "((company_id < 2057) AND (company_type_id = 2))",
                          "Rows Removed by Filter": 591498
                        },
                        {
                          "Node Type": "Hash",
                          "Parent Relationship": "Inner",
                          "Parallel Aware": true,
                          "Startup Cost": 45479.59,
                          "Total Cost": 45479.59,
                          "Plan Rows": 21885,
                          "Plan Width": 4,
                          "Actual Startup Time": 105.244,
                          "Actual Total Time": 105.245,
                          "Actual Rows": 23267,
                          "Actual Loops": 4,
                          "Hash Buckets": 131072,
                          "Original Hash Buckets": 131072,
                          "Hash Batches": 1,
                          "Original Hash Batches": 1,
                          "Peak Memory Usage": 4736,
                          "Plans": [
                            {
                              "Node Type": "Seq Scan",
                              "Parent Relationship": "Outer",
                              "Parallel Aware": true,
                              "Relation Name": "title",
                              "Alias": "t",
                              "Startup Cost": 0.0,
                              "Total Cost": 45479.59,
                              "Plan Rows": 21885,
                              "Plan Width": 4,
                              "Actual Startup Time": 0.036,
                              "Actual Total Time": 96.386,
                              "Actual Rows": 23267,
                              "Actual Loops": 4,
                              "Filter": "((kind_id > 4) AND (production_year = 2010))",
                              "Rows Removed by Filter": 608811
                            }
                          ]
                        }
                      ]
                    },
                    {
                      "Node Type": "Index Only Scan",
                      "Parent Relationship": "Inner",
                      "Parallel Aware": false,
                      "Scan Direction": "Forward",
                      "Index Name": "movie_id_movie_keyword",
                      "Relation Name": "movie_keyword",
                      "Alias": "mk",
                      "Startup Cost": 0.43,
                      "Total Cost": 1.67,
                      "Plan Rows": 46,
                      "Plan Width": 4,
                      "Actual Startup Time": 0.003,
                      "Actual Total Time": 0.003,
                      "Actual Rows": 2,
                      "Actual Loops": 6277,
                      "Index Cond": "(movie_id = mc.movie_id)",
                      "Rows Removed by Index Recheck": 0,
                      "Heap Fetches": 13963
                    }
                  ]
                }
              ]
            }
          ]
        }
      ]
    },
    "Planning Time": 1.391,
    "Triggers": [],
    "Execution Time": 210.917
  }
]