[
  {
    "Plan": {
      "Node Type": "Aggregate",
      "Strategy": "Plain",
      "Partial Mode": "Finalize",
      "Parallel Aware": false,
      "Startup Cost": 42892.05,
      "Total Cost": 42892.06,
      "Plan Rows": 1,
      "Plan Width": 8,
      "Actual Startup Time": 143.743,
      "Actual Total Time": 152.272,
      "Actual Rows": 1,
      "Actual Loops": 1,
      "Plans": [
        {
          "Node Type": "Gather",
          "Parent Relationship": "Outer",
          "Parallel Aware": false,
          "Startup Cost": 42891.73,
          "Total Cost": 42892.04,
          "Plan Rows": 3,
          "Plan Width": 8,
          "Actual Startup Time": 143.47,
          "Actual Total Time": 152.262,
          "Actual Rows": 4,
          "Actual Loops": 1,
          "Workers Planned": 3,
          "Workers Launched": 3,
          "Single Copy": false,
          "Plans": [
            {
              "Node Type": "Aggregate",
              "Strategy": "Plain",
              "Partial Mode": "Partial",
              "Parent Relationship": "Outer",
              "Parallel Aware": false,
              "Startup Cost": 41891.73,
              "Total Cost": 41891.74,
              "Plan Rows": 1,
              "Plan Width": 8,
              "Actual Startup Time": 138.83,
              "Actual Total Time": 138.832,
              "Actual Rows": 1,
              "Actual Loops": 4,
              "Plans": [
                {
                  "Node Type": "Bitmap Heap Scan",
                  "Parent Relationship": "Outer",
                  "Parallel Aware": true,
                  "Relation Name": "movie_keyword",
                  "Alias": "mk",
                  "Startup Cost": 14199.31,
                  "Total Cost": 41351.99,
                  "Plan Rows": 215895,
                  "Plan Width": 0,
                  "Actual Startup Time": 52.127,
                  "Actual Total Time": 129.791,
                  "Actual Rows": 164728,
                  "Actual Loops": 4,
                  "Recheck Cond": "(keyword_id > 28543)",
                  "Rows Removed by Index Recheck": 0,
                  "Exact Heap Blocks": 10448,
                  "Lossy Heap Blocks": 0,
                  "Plans": [
                    {
                      "Node Type": "Bitmap Index Scan",
                      "Parent Relationship": "Outer",
                      "Parallel Aware": false,
                      "Index Name": "keyword_id_movie_keyword",
                      "Startup Cost": 0.0,
                      "Total Cost": 14031.99,
                      "Plan Rows": 669274,
                      "Plan Width": 0,
                      "Actual Startup Time": 52.533,
                      "Actual Total Time": 52.533,
                      "Actual Rows": 658910,
                      "Actual Loops": 1,
                      "Index Cond": "(keyword_id > 28543)"
                    }
                  ]
                }
              ]
            }
          ]
        }
      ]
    },
    "Planning Time": 0.148,
    "Triggers": [],
    "Execution Time": 152.336
  }
]