[
  {
    "Plan": {
      "Node Type": "Aggregate",
      "Strategy": "Plain",
      "Partial Mode": "Simple",
      "Parallel Aware": false,
      "Startup Cost": 7526.86,
      "Total Cost": 7526.87,
      "Plan Rows": 1,
      "Plan Width": 64,
      "Actual Startup Time": 273.92,
      "Actual Total Time": 273.927,
      "Actual Rows": 1,
      "Actual Loops": 1,
      "Plans": [
        {
          "Node Type": "Nested Loop",
          "Parent Relationship": "Outer",
          "Parallel Aware": false,
          "Join Type": "Inner",
          "Startup Cost": 12.11,
          "Total Cost": 7526.86,
          "Plan Rows": 1,
          "Plan Width": 23,
          "Actual Startup Time": 5.771,
          "Actual Total Time": 273.883,
          "Actual Rows": 58,
          "Actual Loops": 1,
          "Inner Unique": true,
          "Join Filter": "(mi.info_type_id = it1.id)",
          "Rows Removed by Join Filter": 2,
          "Plans": [
            {
              "Node Type": "Nested Loop",
              "Parent Relationship": "Outer",
              "Parallel Aware": false,
              "Join Type": "Inner",
              "Startup Cost": 12.11,
              "Total Cost": 7524.43,
              "Plan Rows": 1,
              "Plan Width": 27,
              "Actual Startup Time": 5.755,
              "Actual Total Time": 273.557,
              "Actual Rows": 60,
              "Actual Loops": 1,
              "Inner Unique": false,
              "Join Filter": "(t.id = mi.movie_id)",
              "Rows Removed by Join Filter": 0,
              "Plans": [
                {
                  "Node Type": "Nested Loop",
                  "Parent Relationship": "Outer",
                  "Parallel Aware": false,
                  "Join Type": "Inner",
                  "Startup Cost": 11.68,
                  "Total Cost": 7522.62,
                  "Plan Rows": 1,
                  "Plan Width": 35,
                  "Actual Startup Time": 3.519,
                  "Actual Total Time": 263.043,
                  "Actual Rows": 106,
                  "Actual Loops": 1,
                  "Inner Unique": false,
                  "Join Filter": "(mi_idx.info_type_id = it2.id)",
                  "Rows Removed by Join Filter": 494,
                  "Plans": [
                    {
                      "Node Type": "Seq Scan",
                      "Parent Relationship": "Outer",
                      "Parallel Aware": false,
                      "Relation Name": "info_type",
                      "Alias": "it2",
                      "Startup Cost": 0.0,
                      "Total Cost": 2.41,
                      "Plan Rows": 1,
                      "Plan Width": 4,
                      "Actual Startup Time": 0.071,
                      "Actual Total Time": 0.075,
                      "Actual Rows": 1,
                      "Actual Loops": 1,
                      "Filter": "((info)::text = 'rating'::text)",
                      "Rows Removed by Filter": 112
                    },
                    {
                      "Node Type": "Nested Loop",
                      "Parent Relationship": "Inner",
                      "Parallel Aware": false,
                      "Join Type": "Inner",
                      "Startup Cost": 11.68,
                      "Total Cost": 7519.96,
                      "Plan Rows": 20,
                      "Plan Width": 39,
                      "Actual Startup Time": 3.441,
                      "Actual Total Time": 262.899,
                      "Actual Rows": 600,
                      "Actual Loops": 1,
                      "Inner Unique": false,
                      "Join Filter": "(t.id = mi_idx.movie_id)",
                      "Rows Removed by Join Filter": 0,
                      "Plans": [
                        {
                          "Node Type": "Nested Loop",
                          "Parent Relationship": "Outer",
                          "Parallel Aware": false,
                          "Join Type": "Inner",
                          "Startup Cost": 11.25,
                          "Total Cost": 7515.76,
                          "Plan Rows": 8,
                          "Plan Width": 25,
                          "Actual Startup Time": 3.333,
                          "Actual Total Time": 257.848,
                          "Actual Rows": 315,
                          "Actual Loops": 1,
                          "Inner Unique": false,
                          "Join Filter": "(t.kind_id = kt.id)",
                          "Rows Removed by Join Filter": 5451,
                          "Plans": [
                            {
                              "Node Type": "Seq Scan",
                              "Parent Relationship": "Outer",
                              "Parallel Aware": false,
                              "Relation Name": "kind_type",
                              "Alias": "kt",
                              "Startup Cost": 0.0,
                              "Total Cost": 1.09,
                              "Plan Rows": 1,
                              "Plan Width": 4,
                              "Actual Startup Time": 0.034,
                              "Actual Total Time": 0.037,
                              "Actual Rows": 1,
                              "Actual Loops": 1,
                              "Filter": "((kind)::text = 'tv series'::text)",
                              "Rows Removed by Filter": 6
                            },
                            {
                              "Node Type": "Nested Loop",
                              "Parent Relationship": "Inner",
                              "Parallel Aware": false,
                              "Join Type": "Inner",
                              "Startup Cost": 11.25,
                              "Total Cost": 7513.94,
                              "Plan Rows": 59,
                              "Plan Width": 29,
                              "Actual Startup Time": 2.036,
                              "Actual Total Time": 257.245,
                              "Actual Rows": 5766,
                              "Actual Loops": 1,
                              "Inner Unique": true,
                              "Plans": [
                                {
                                  "Node Type": "Nested Loop",
                                  "Parent Relationship": "Outer",
                                  "Parallel Aware": false,
                                  "Join Type": "Inner",
                                  "Startup Cost": 10.82,
                                  "Total Cost": 7447.81,
                                  "Plan Rows": 135,
                                  "Plan Width": 4,
                                  "Actual Startup Time": 1.874,
                                  "Actual Total Time": 109.539,
                                  "Actual Rows": 23481,
                                  "Actual Loops": 1,
                                  "Inner Unique": false,
                                  "Plans": [
                                    {
                                      "Node Type": "Seq Scan",
                                      "Parent Relationship": "Outer",
                                      "Parallel Aware": false,
                                      "Relation Name": "keyword",
                                      "Alias": "k",
                                      "Startup Cost": 0.0,
                                      "Total Cost": 2961.55,
                                      "Plan Rows": 4,
                                      "Plan Width": 4,
                                      "Actual Startup Time": 0.061,
                                      "Actual Total Time": 15.898,
                                      "Actual Rows": 4,
                                      "Actual Loops": 1,
                                      "Filter": "(keyword = ANY ('{laser,hero,murder,based-on-tv-series}'::text[]))",
                                      "Rows Removed by Filter": 134166
                                    },
                                    {
                                      "Node Type": "Bitmap Heap Scan",
                                      "Parent Relationship": "Inner",
                                      "Parallel Aware": false,
                                      "Relation Name": "movie_keyword",
                                      "Alias": "mk",
                                      "Startup Cost": 10.82,
                                      "Total Cost": 1118.49,
                                      "Plan Rows": 308,
                                      "Plan Width": 8,
                                      "Actual Startup Time": 3.842,
                                      "Actual Total Time": 22.59,
                                      "Actual Rows": 5870,
                                      "Actual Loops": 4,
                                      "Recheck Cond": "(keyword_id = k.id)",
                                      "Rows Removed by Index Recheck": 0,
                                      "Exact Heap Blocks": 15780,
                                      "Lossy Heap Blocks": 0,
                                      "Plans": [
                                        {
                                          "Node Type": "Bitmap Index Scan",
                                          "Parent Relationship": "Outer",
                                          "Parallel Aware": false,
                                          "Index Name": "keyword_id_movie_keyword",
                                          "Startup Cost": 0.0,
                                          "Total Cost": 10.74,
                                          "Plan Rows": 308,
                                          "Plan Width": 0,
                                          "Actual Startup Time": 3.267,
                                          "Actual Total Time": 3.267,
                                          "Actual Rows": 5870,
                                          "Actual Loops": 4,
                                          "Index Cond": "(keyword_id = k.id)"
                                        }
                                      ]
                                    }
                                  ]
                                },
                                {
                                  "Node Type": "Index Scan",
                                  "Parent Relationship": "Inner",
                                  "Parallel Aware": false,
                                  "Scan Direction": "Forward",
                                  "Index Name": "title_pkey",
                                  "Relation Name": "title",
                                  "Alias": "t",
                                  "Startup Cost": 0.43,
                                  "Total Cost": 0.49,
                                  "Plan Rows": 1,
                                  "Plan Width": 25,
                                  "Actual Startup Time": 0.006,
                                  "Actual Total Time": 0.006,
                                  "Actual Rows": 0,
                                  "Actual Loops": 23481,
                                  "Index Cond": "(id = mk.movie_id)",
                                  "Rows Removed by Index Recheck": 0,
                                  "Filter": "(production_year > 2004)",
                                  "Rows Removed by Filter": 1
                                }
                              ]
                            }
                          ]
                        },
                        {
                          "Node Type": "Index Scan",
                          "Parent Relationship": "Inner",
                          "Parallel Aware": false,
                          "Scan Direction": "Forward",
                          "Index Name": "movie_id_movie_info_idx",
                          "Relation Name": "movie_info_idx",
                          "Alias": "mi_idx",
                          "Startup Cost": 0.43,
                          "Total Cost": 0.5,
                          "Plan Rows": 2,
                          "Plan Width": 14,
                          "Actual Startup Time": 0.015,
                          "Actual Total Time": 0.015,
                          "Actual Rows": 2,
                          "Actual Loops": 315,
                          "Index Cond": "(movie_id = mk.movie_id)",
                          "Rows Removed by Index Recheck": 0,
                          "Filter": "(info < '6.4'::text)",
                          "Rows Removed by Filter": 1
                        }
                      ]
                    }
                  ]
                },
                {
                  "Node Type": "Index Scan",
                  "Parent Relationship": "Inner",
                  "Parallel Aware": false,
                  "Scan Direction": "Forward",
                  "Index Name": "movie_id_movie_info",
                  "Relation Name": "movie_info",
                  "Alias": "mi",
                  "Startup Cost": 0.43,
                  "Total Cost": 1.8,
                  "Plan Rows": 1,
                  "Plan Width": 8,
                  "Actual Startup Time": 0.091,
                  "Actual Total Time": 0.098,
                  "Actual Rows": 1,
                  "Actual Loops": 106,
                  "Index Cond": "(movie_id = mk.movie_id)",
                  "Rows Removed by Index Recheck": 0,
                  "Filter": "(info = ANY ('{Norwegian,Denmark,Bulgaria,America,Danish,Germany,Sweden,American,Norway,USA}'::text[]))",
                  "Rows Removed by Filter": 14
                }
              ]
            },
            {
              "Node Type": "Seq Scan",
              "Parent Relationship": "Inner",
              "Parallel Aware": false,
              "Relation Name": "info_type",
              "Alias": "it1",
              "Startup Cost": 0.0,
              "Total Cost": 2.41,
              "Plan Rows": 1,
              "Plan Width": 4,
              "Actual Startup Time": 0.003,
              "Actual Total Time": 0.003,
              "Actual Rows": 1,
              "Actual Loops": 60,
              "Filter": "((info)::text = 'countries'::text)",
              "Rows Removed by Filter": 10
            }
          ]
        }
      ]
    },
    "Planning Time": 10.486,
    "Triggers": [],
    "Execution Time": 274.386
  }
]