{
  "Plan": {
    "Node Type": "Aggregate",
    "Strategy": "Plain",
    "Partial Mode": "Finalize",
    "Parallel Aware": false,
    "Startup Cost": 69413.4,
    "Total Cost": 69413.41,
    "Plan Rows": 1,
    "Plan Width": 8,
    "Actual Startup Time": 183.341,
    "Actual Total Time": 195.05,
    "Actual Rows": 1,
    "Actual Loops": 1,
    "Plans": [
      {
        "Node Type": "Gather",
        "Parent Relationship": "Outer",
        "Parallel Aware": false,
        "Startup Cost": 69413.29,
        "Total Cost": 69413.4,
        "Plan Rows": 1,
        "Plan Width": 8,
        "Actual Startup Time": 183.257,
        "Actual Total Time": 195.045,
        "Actual Rows": 2,
        "Actual Loops": 1,
        "Workers Planned": 1,
        "Workers Launched": 1,
        "Single Copy": false,
        "Plans": [
          {
            "Node Type": "Aggregate",
            "Strategy": "Plain",
            "Partial Mode": "Partial",
            "Parent Relationship": "Outer",
            "Parallel Aware": false,
            "Startup Cost": 68413.29,
            "Total Cost": 68413.3,
            "Plan Rows": 1,
            "Plan Width": 8,
            "Actual Startup Time": 177.27,
            "Actual Total Time": 177.272,
            "Actual Rows": 1,
            "Actual Loops": 2,
            "Plans": [
              {
                "Node Type": "Hash Join",
                "Parent Relationship": "Outer",
                "Parallel Aware": true,
                "Join Type": "Inner",
                "Startup Cost": 58418.81,
                "Total Cost": 68410.99,
                "Plan Rows": 921,
                "Plan Width": 0,
                "Actual Startup Time": 139.556,
                "Actual Total Time": 177.186,
                "Actual Rows": 1171,
                "Actual Loops": 2,
                "Inner Unique": true,
                "Hash Cond": "(ci.movie_id = t.id)",
                "Plans": [
                  {
                    "Node Type": "Index Scan",
                    "Parent Relationship": "Outer",
                    "Parallel Aware": true,
                    "Scan Direction": "Forward",
                    "Index Name": "role_id_cast_info",
                    "Relation Name": "cast_info",
                    "Alias": "ci",
                    "Startup Cost": 0.56,
                    "Total Cost": 9590.86,
                    "Plan Rows": 153101,
                    "Plan Width": 4,
                    "Actual Startup Time": 0.177,
                    "Actual Total Time": 24.417,
                    "Actual Rows": 148660,
                    "Actual Loops": 2,
                    "Index Cond": "(role_id > 10)",
                    "Rows Removed by Index Recheck": 0,
                    "Filter": "(person_id > 460019)",
                    "Rows Removed by Filter": 9398
                  },
                  {
                    "Node Type": "Hash",
                    "Parent Relationship": "Inner",
                    "Parallel Aware": true,
                    "Startup Cost": 58306.47,
                    "Total Cost": 58306.47,
                    "Plan Rows": 8942,
                    "Plan Width": 4,
                    "Actual Startup Time": 138.314,
                    "Actual Total Time": 138.315,
                    "Actual Rows": 6484,
                    "Actual Loops": 2,
                    "Hash Buckets": 16384,
                    "Original Hash Buckets": 16384,
                    "Hash Batches": 1,
                    "Original Hash Batches": 1,
                    "Peak Memory Usage": 640,
                    "Plans": [
                      {
                        "Node Type": "Seq Scan",
                        "Parent Relationship": "Outer",
                        "Parallel Aware": true,
                        "Relation Name": "title",
                        "Alias": "t",
                        "Startup Cost": 0.0,
                        "Total Cost": 58306.47,
                        "Plan Rows": 8942,
                        "Plan Width": 4,
                        "Actual Startup Time": 0.272,
                        "Actual Total Time": 136.341,
                        "Actual Rows": 6484,
                        "Actual Loops": 2,
                        "Filter": "((kind_id < 7) AND (production_year = 1997))",
                        "Rows Removed by Filter": 1257672
                      }
                    ]
                  }
                ]
              }
            ]
          }
        ]
      }
    ]
  },
  "Planning Time": 0.534,
  "Triggers": [],
  "Execution Time": 195.129
}