[
  {
    "Plan": {
      "Node Type": "Aggregate",
      "Strategy": "Plain",
      "Partial Mode": "Finalize",
      "Parallel Aware": false,
      "Startup Cost": 56639.51,
      "Total Cost": 56639.52,
      "Plan Rows": 1,
      "Plan Width": 8,
      "Actual Startup Time": 46.352,
      "Actual Total Time": 52.128,
      "Actual Rows": 1,
      "Actual Loops": 1,
      "Plans": [
        {
          "Node Type": "Gather",
          "Parent Relationship": "Outer",
          "Parallel Aware": false,
          "Startup Cost": 56639.2,
          "Total Cost": 56639.51,
          "Plan Rows": 3,
          "Plan Width": 8,
          "Actual Startup Time": 46.099,
          "Actual Total Time": 52.122,
          "Actual Rows": 4,
          "Actual Loops": 1,
          "Workers Planned": 3,
          "Workers Launched": 3,
          "Single Copy": false,
          "Plans": [
            {
              "Node Type": "Aggregate",
              "Strategy": "Plain",
              "Partial Mode": "Partial",
              "Parent Relationship": "Outer",
              "Parallel Aware": false,
              "Startup Cost": 55639.2,
              "Total Cost": 55639.21,
              "Plan Rows": 1,
              "Plan Width": 8,
              "Actual Startup Time": 36.245,
              "Actual Total Time": 36.247,
              "Actual Rows": 1,
              "Actual Loops": 4,
              "Plans": [
                {
                  "Node Type": "Nested Loop",
                  "Parent Relationship": "Outer",
                  "Parallel Aware": false,
                  "Join Type": "Inner",
                  "Startup Cost": 385.58,
                  "Total Cost": 55628.47,
                  "Plan Rows": 4291,
                  "Plan Width": 0,
                  "Actual Startup Time": 14.776,
                  "Actual Total Time": 36.2,
                  "Actual Rows": 332,
                  "Actual Loops": 4,
                  "Inner Unique": false,
                  "Plans": [
                    {
                      "Node Type": "Nested Loop",
                      "Parent Relationship": "Outer",
                      "Parallel Aware": false,
                      "Join Type": "Inner",
                      "Startup Cost": 385.01,
                      "Total Cost": 51936.6,
                      "Plan Rows": 344,
                      "Plan Width": 8,
                      "Actual Startup Time": 4.134,
                      "Actual Total Time": 32.5,
                      "Actual Rows": 28,
                      "Actual Loops": 4,
                      "Inner Unique": true,
                      "Plans": [
                        {
                          "Node Type": "Bitmap Heap Scan",
                          "Parent Relationship": "Outer",
                          "Parallel Aware": true,
                          "Relation Name": "movie_companies",
                          "Alias": "mc",
                          "Startup Cost": 384.58,
                          "Total Cost": 19674.73,
                          "Plan Rows": 5667,
                          "Plan Width": 4,
                          "Actual Startup Time": 1.556,
                          "Actual Total Time": 3.45,
                          "Actual Rows": 4055,
                          "Actual Loops": 4,
                          "Recheck Cond": "(company_id = 166)",
                          "Rows Removed by Index Recheck": 0,
                          "Exact Heap Blocks": 357,
                          "Lossy Heap Blocks": 0,
                          "Plans": [
                            {
                              "Node Type": "Bitmap Index Scan",
                              "Parent Relationship": "Outer",
                              "Parallel Aware": false,
                              "Index Name": "company_id_movie_companies",
                              "Startup Cost": 0.0,
                              "Total Cost": 380.19,
                              "Plan Rows": 17568,
                              "Plan Width": 0,
                              "Actual Startup Time": 5.567,
                              "Actual Total Time": 5.568,
                              "Actual Rows": 16220,
                              "Actual Loops": 1,
                              "Index Cond": "(company_id = 166)"
                            }
                          ]
                        },
                        {
                          "Node Type": "Index Scan",
                          "Parent Relationship": "Inner",
                          "Parallel Aware": false,
                          "Scan Direction": "Forward",
                          "Index Name": "title_pkey",
                          "Relation Name": "title",
                          "Alias": "t",
                          "Startup Cost": 0.43,
                          "Total Cost": 5.69,
                          "Plan Rows": 1,
                          "Plan Width": 4,
                          "Actual Startup Time": 0.007,
                          "Actual Total Time": 0.007,
                          "Actual Rows": 0,
                          "Actual Loops": 16220,
                          "Index Cond": "(id = mc.movie_id)",
                          "Rows Removed by Index Recheck": 0,
                          "Filter": "((kind_id < 7) AND (production_year > 2010))",
                          "Rows Removed by Filter": 1
                        }
                      ]
                    },
                    {
                      "Node Type": "Index Scan",
                      "Parent Relationship": "Inner",
                      "Parallel Aware": false,
                      "Scan Direction": "Forward",
                      "Index Name": "movie_id_cast_info",
                      "Relation Name": "cast_info",
                      "Alias": "ci",
                      "Startup Cost": 0.56,
                      "Total Cost": 10.41,
                      "Plan Rows": 32,
                      "Plan Width": 4,
                      "Actual Startup Time": 0.028,
                      "Actual Total Time": 0.13,
                      "Actual Rows": 12,
                      "Actual Loops": 112,
                      "Index Cond": "(movie_id = t.id)",
                      "Rows Removed by Index Recheck": 0,
                      "Filter": "(role_id < 10)",
                      "Rows Removed by Filter": 8
                    }
                  ]
                }
              ]
            }
          ]
        }
      ]
    },
    "Planning Time": 1.433,
    "Triggers": [],
    "Execution Time": 52.229
  }
]