[
    {
        "Bao": {
            "Bao prediction": "NaN",
            "Bao recommended hint": "(no hint)"
        }
    },
    {
        "Plan": {
            "Node Type": "Aggregate",
            "Strategy": "Plain",
            "Partial Mode": "Finalize",
            "Parallel Aware": false,
            "Startup Cost": 349586.61,
            "Total Cost": 349586.62,
            "Plan Rows": 1,
            "Plan Width": 8,
            "Actual Startup Time": 685.182,
            "Actual Total Time": 713.1,
            "Actual Rows": 1,
            "Actual Loops": 1,
            "Output": [
                "count(*)"
            ],
            "Plans": [
                {
                    "Node Type": "Gather",
                    "Parent Relationship": "Outer",
                    "Parallel Aware": false,
                    "Startup Cost": 349585.99,
                    "Total Cost": 349586.6,
                    "Plan Rows": 6,
                    "Plan Width": 8,
                    "Actual Startup Time": 685.066,
                    "Actual Total Time": 713.091,
                    "Actual Rows": 7,
                    "Actual Loops": 1,
                    "Output": [
                        "(PARTIAL count(*))"
                    ],
                    "Workers Planned": 6,
                    "Workers Launched": 6,
                    "Single Copy": false,
                    "Plans": [
                        {
                            "Node Type": "Aggregate",
                            "Strategy": "Plain",
                            "Partial Mode": "Partial",
                            "Parent Relationship": "Outer",
                            "Parallel Aware": false,
                            "Startup Cost": 348585.99,
                            "Total Cost": 348586.0,
                            "Plan Rows": 1,
                            "Plan Width": 8,
                            "Actual Startup Time": 675.23,
                            "Actual Total Time": 675.231,
                            "Actual Rows": 1,
                            "Actual Loops": 7,
                            "Output": [
                                "PARTIAL count(*)"
                            ],
                            "Workers": [
                                {
                                    "Worker Number": 0,
                                    "Actual Startup Time": 672.899,
                                    "Actual Total Time": 672.901,
                                    "Actual Rows": 1,
                                    "Actual Loops": 1
                                },
                                {
                                    "Worker Number": 1,
                                    "Actual Startup Time": 673.146,
                                    "Actual Total Time": 673.146,
                                    "Actual Rows": 1,
                                    "Actual Loops": 1
                                },
                                {
                                    "Worker Number": 2,
                                    "Actual Startup Time": 673.39,
                                    "Actual Total Time": 673.391,
                                    "Actual Rows": 1,
                                    "Actual Loops": 1
                                },
                                {
                                    "Worker Number": 3,
                                    "Actual Startup Time": 673.449,
                                    "Actual Total Time": 673.45,
                                    "Actual Rows": 1,
                                    "Actual Loops": 1
                                },
                                {
                                    "Worker Number": 4,
                                    "Actual Startup Time": 674.33,
                                    "Actual Total Time": 674.331,
                                    "Actual Rows": 1,
                                    "Actual Loops": 1
                                },
                                {
                                    "Worker Number": 5,
                                    "Actual Startup Time": 674.666,
                                    "Actual Total Time": 674.667,
                                    "Actual Rows": 1,
                                    "Actual Loops": 1
                                }
                            ],
                            "Plans": [
                                {
                                    "Node Type": "Seq Scan",
                                    "Parent Relationship": "Outer",
                                    "Parallel Aware": true,
                                    "Relation Name": "cast_info",
                                    "Schema": "public",
                                    "Alias": "ci",
                                    "Startup Cost": 0.0,
                                    "Total Cost": 343318.94,
                                    "Plan Rows": 2106820,
                                    "Plan Width": 0,
                                    "Actual Startup Time": 333.048,
                                    "Actual Total Time": 617.671,
                                    "Actual Rows": 1216462,
                                    "Actual Loops": 7,
                                    "Output": [
                                        "id",
                                        "person_id",
                                        "movie_id",
                                        "person_role_id",
                                        "note",
                                        "nr_order",
                                        "role_id"
                                    ],
                                    "Filter": "((ci.person_id < 2914019) AND (ci.role_id > 2))",
                                    "Rows Removed by Filter": 3961302,
                                    "Workers": [
                                        {
                                            "Worker Number": 0,
                                            "Actual Startup Time": 330.719,
                                            "Actual Total Time": 615.179,
                                            "Actual Rows": 859410,
                                            "Actual Loops": 1
                                        },
                                        {
                                            "Worker Number": 1,
                                            "Actual Startup Time": 330.971,
                                            "Actual Total Time": 616.651,
                                            "Actual Rows": 1290263,
                                            "Actual Loops": 1
                                        },
                                        {
                                            "Worker Number": 2,
                                            "Actual Startup Time": 331.206,
                                            "Actual Total Time": 620.088,
                                            "Actual Rows": 1290743,
                                            "Actual Loops": 1
                                        },
                                        {
                                            "Worker Number": 3,
                                            "Actual Startup Time": 331.259,
                                            "Actual Total Time": 620.259,
                                            "Actual Rows": 1278657,
                                            "Actual Loops": 1
                                        },
                                        {
                                            "Worker Number": 4,
                                            "Actual Startup Time": 332.134,
                                            "Actual Total Time": 616.445,
                                            "Actual Rows": 862245,
                                            "Actual Loops": 1
                                        },
                                        {
                                            "Worker Number": 5,
                                            "Actual Startup Time": 332.493,
                                            "Actual Total Time": 617.748,
                                            "Actual Rows": 1299202,
                                            "Actual Loops": 1
                                        }
                                    ]
                                }
                            ]
                        }
                    ]
                }
            ]
        },
        "Planning Time": 226.746,
        "Triggers": [],
        "Execution Time": 713.163
    }
]