[
  {
    "Plan": {
      "Node Type": "Aggregate",
      "Strategy": "Plain",
      "Partial Mode": "Finalize",
      "Parallel Aware": false,
      "Startup Cost": 331094.62,
      "Total Cost": 331094.63,
      "Plan Rows": 1,
      "Plan Width": 8,
      "Actual Startup Time": 563.719,
      "Actual Total Time": 623.118,
      "Actual Rows": 1,
      "Actual Loops": 1,
      "Plans": [
        {
          "Node Type": "Gather",
          "Parent Relationship": "Outer",
          "Parallel Aware": false,
          "Startup Cost": 331093.99,
          "Total Cost": 331094.6,
          "Plan Rows": 6,
          "Plan Width": 8,
          "Actual Startup Time": 563.585,
          "Actual Total Time": 623.106,
          "Actual Rows": 7,
          "Actual Loops": 1,
          "Workers Planned": 6,
          "Workers Launched": 6,
          "Single Copy": false,
          "Plans": [
            {
              "Node Type": "Aggregate",
              "Strategy": "Plain",
              "Partial Mode": "Partial",
              "Parent Relationship": "Outer",
              "Parallel Aware": false,
              "Startup Cost": 330093.99,
              "Total Cost": 330094.0,
              "Plan Rows": 1,
              "Plan Width": 8,
              "Actual Startup Time": 553.57,
              "Actual Total Time": 553.571,
              "Actual Rows": 1,
              "Actual Loops": 7,
              "Plans": [
                {
                  "Node Type": "Seq Scan",
                  "Parent Relationship": "Outer",
                  "Parallel Aware": true,
                  "Relation Name": "cast_info",
                  "Alias": "ci",
                  "Startup Cost": 0.0,
                  "Total Cost": 328162.03,
                  "Plan Rows": 772786,
                  "Plan Width": 0,
                  "Actual Startup Time": 0.054,
                  "Actual Total Time": 519.936,
                  "Actual Rows": 679638,
                  "Actual Loops": 7,
                  "Filter": "(person_id < 461700)",
                  "Rows Removed by Filter": 4498125
                }
              ]
            }
          ]
        }
      ]
    },
    "Planning Time": 0.173,
    "Triggers": [],
    "Execution Time": 623.186
  }
]