[
  {
    "Plan": {
      "Node Type": "Aggregate",
      "Strategy": "Plain",
      "Partial Mode": "Finalize",
      "Parallel Aware": false,
      "Startup Cost": 46195.66,
      "Total Cost": 46195.67,
      "Plan Rows": 1,
      "Plan Width": 8,
      "Actual Startup Time": 167.146,
      "Actual Total Time": 176.083,
      "Actual Rows": 1,
      "Actual Loops": 1,
      "Plans": [
        {
          "Node Type": "Gather",
          "Parent Relationship": "Outer",
          "Parallel Aware": false,
          "Startup Cost": 46195.34,
          "Total Cost": 46195.65,
          "Plan Rows": 3,
          "Plan Width": 8,
          "Actual Startup Time": 166.944,
          "Actual Total Time": 176.075,
          "Actual Rows": 4,
          "Actual Loops": 1,
          "Workers Planned": 3,
          "Workers Launched": 3,
          "Single Copy": false,
          "Plans": [
            {
              "Node Type": "Aggregate",
              "Strategy": "Plain",
              "Partial Mode": "Partial",
              "Parent Relationship": "Outer",
              "Parallel Aware": false,
              "Startup Cost": 45195.34,
              "Total Cost": 45195.35,
              "Plan Rows": 1,
              "Plan Width": 8,
              "Actual Startup Time": 160.578,
              "Actual Total Time": 160.579,
              "Actual Rows": 1,
              "Actual Loops": 4,
              "Plans": [
                {
                  "Node Type": "Seq Scan",
                  "Parent Relationship": "Outer",
                  "Parallel Aware": true,
                  "Relation Name": "movie_keyword",
                  "Alias": "mk",
                  "Startup Cost": 0.0,
                  "Total Cost": 42695.65,
                  "Plan Rows": 999876,
                  "Plan Width": 0,
                  "Actual Startup Time": 0.304,
                  "Actual Total Time": 124.365,
                  "Actual Rows": 771760,
                  "Actual Loops": 4,
                  "Filter": "(keyword_id > 1995)",
                  "Rows Removed by Filter": 359222
                }
              ]
            }
          ]
        }
      ]
    },
    "Planning Time": 0.181,
    "Triggers": [],
    "Execution Time": 176.141
  }
]