[
  {
    "Plan": {
      "Node Type": "Aggregate",
      "Strategy": "Plain",
      "Partial Mode": "Simple",
      "Parallel Aware": false,
      "Startup Cost": 312235.2,
      "Total Cost": 312235.21,
      "Plan Rows": 1,
      "Plan Width": 64,
      "Actual Startup Time": 12462.992,
      "Actual Total Time": 12462.998,
      "Actual Rows": 1,
      "Actual Loops": 1,
      "Output": [
        "min(n.name)",
        "min(t.title)"
      ],
      "Plans": [
        {
          "Node Type": "Nested Loop",
          "Parent Relationship": "Outer",
          "Parallel Aware": false,
          "Join Type": "Inner",
          "Startup Cost": 143540.63,
          "Total Cost": 312178.52,
          "Plan Rows": 11336,
          "Plan Width": 32,
          "Actual Startup Time": 2309.422,
          "Actual Total Time": 12297.664,
          "Actual Rows": 1691231,
          "Actual Loops": 1,
          "Output": [
            "n.name",
            "t.title"
          ],
          "Inner Unique": false,
          "Join Filter": "(n.id = an.person_id)",
          "Rows Removed by Join Filter": 0,
          "Plans": [
            {
              "Node Type": "Hash Join",
              "Parent Relationship": "Outer",
              "Parallel Aware": false,
              "Join Type": "Inner",
              "Startup Cost": 143540.2,
              "Total Cost": 309725.29,
              "Plan Rows": 4851,
              "Plan Width": 40,
              "Actual Startup Time": 2308.228,
              "Actual Total Time": 9100.247,
              "Actual Rows": 2628430,
              "Actual Loops": 1,
              "Output": [
                "ci.person_id",
                "n.name",
                "n.id",
                "t.title"
              ],
              "Inner Unique": true,
              "Hash Cond": "(mc.company_id = cn.id)",
              "Plans": [
                {
                  "Node Type": "Nested Loop",
                  "Parent Relationship": "Outer",
                  "Parallel Aware": false,
                  "Join Type": "Inner",
                  "Startup Cost": 136560.14,
                  "Total Cost": 299174.63,
                  "Plan Rows": 1360200,
                  "Plan Width": 44,
                  "Actual Startup Time": 2189.526,
                  "Actual Total Time": 8050.331,
                  "Actual Rows": 10281080,
                  "Actual Loops": 1,
                  "Output": [
                    "ci.person_id",
                    "mc.company_id",
                    "n.name",
                    "n.id",
                    "t.title"
                  ],
                  "Inner Unique": false,
                  "Join Filter": "(t.id = mc.movie_id)",
                  "Rows Removed by Join Filter": 0,
                  "Plans": [
                    {
                      "Node Type": "Nested Loop",
                      "Parent Relationship": "Outer",
                      "Parallel Aware": false,
                      "Join Type": "Inner",
                      "Startup Cost": 136559.71,
                      "Total Cost": 297686.68,
                      "Plan Rows": 2532,
                      "Plan Width": 52,
                      "Actual Startup Time": 2188.918,
                      "Actual Total Time": 5034.794,
                      "Actual Rows": 448208,
                      "Actual Loops": 1,
                      "Output": [
                        "ci.movie_id",
                        "ci.person_id",
                        "mi.movie_id",
                        "n.name",
                        "n.id",
                        "t.title",
                        "t.id"
                      ],
                      "Inner Unique": true,
                      "Plans": [
                        {
                          "Node Type": "Hash Join",
                          "Parent Relationship": "Outer",
                          "Parallel Aware": false,
                          "Join Type": "Inner",
                          "Startup Cost": 136559.28,
                          "Total Cost": 296382.71,
                          "Plan Rows": 2532,
                          "Plan Width": 56,
                          "Actual Startup Time": 2188.842,
                          "Actual Total Time": 4271.832,
                          "Actual Rows": 453182,
                          "Actual Loops": 1,
                          "Output": [
                            "ci.movie_id",
                            "ci.person_id",
                            "ci.person_role_id",
                            "mi.movie_id",
                            "n.name",
                            "n.id",
                            "t.title",
                            "t.id"
                          ],
                          "Inner Unique": true,
                          "Hash Cond": "(mi.info_type_id = it.id)",
                          "Plans": [
                            {
                              "Node Type": "Nested Loop",
                              "Parent Relationship": "Outer",
                              "Parallel Aware": false,
                              "Join Type": "Inner",
                              "Startup Cost": 136556.85,
                              "Total Cost": 295601.09,
                              "Plan Rows": 286105,
                              "Plan Width": 60,
                              "Actual Startup Time": 2188.782,
                              "Actual Total Time": 4100.973,
                              "Actual Rows": 2025305,
                              "Actual Loops": 1,
                              "Output": [
                                "ci.movie_id",
                                "ci.person_id",
                                "ci.person_role_id",
                                "mi.movie_id",
                                "mi.info_type_id",
                                "n.name",
                                "n.id",
                                "t.title",
                                "t.id"
                              ],
                              "Inner Unique": false,
                              "Join Filter": "(t.id = mi.movie_id)",
                              "Rows Removed by Join Filter": 0,
                              "Plans": [
                                {
                                  "Node Type": "Nested Loop",
                                  "Parent Relationship": "Outer",
                                  "Parallel Aware": false,
                                  "Join Type": "Inner",
                                  "Startup Cost": 136556.42,
                                  "Total Cost": 257371.61,
                                  "Plan Rows": 19105,
                                  "Plan Width": 52,
                                  "Actual Startup Time": 2188.703,
                                  "Actual Total Time": 3049.786,
                                  "Actual Rows": 45476,
                                  "Actual Loops": 1,
                                  "Output": [
                                    "ci.movie_id",
                                    "ci.person_id",
                                    "ci.person_role_id",
                                    "n.name",
                                    "n.id",
                                    "t.title",
                                    "t.id"
                                  ],
                                  "Inner Unique": true,
                                  "Plans": [
                                    {
                                      "Node Type": "Hash Join",
                                      "Parent Relationship": "Outer",
                                      "Parallel Aware": false,
                                      "Join Type": "Inner",
                                      "Startup Cost": 136555.99,
                                      "Total Cost": 210700.67,
                                      "Plan Rows": 84861,
                                      "Plan Width": 33,
                                      "Actual Startup Time": 2188.616,
                                      "Actual Total Time": 2761.493,
                                      "Actual Rows": 45496,
                                      "Actual Loops": 1,
                                      "Output": [
                                        "ci.movie_id",
                                        "ci.person_id",
                                        "ci.person_role_id",
                                        "t.title",
                                        "t.id"
                                      ],
                                      "Inner Unique": false,
                                      "Hash Cond": "(t.id = ci.movie_id)",
                                      "Plans": [
                                        {
                                          "Node Type": "Seq Scan",
                                          "Parent Relationship": "Outer",
                                          "Parallel Aware": false,
                                          "Relation Name": "title",
                                          "Schema": "public",
                                          "Alias": "t",
                                          "Startup Cost": 0.0,
                                          "Total Cost": 67601.66,
                                          "Plan Rows": 911106,
                                          "Plan Width": 21,
                                          "Actual Startup Time": 0.024,
                                          "Actual Total Time": 314.439,
                                          "Actual Rows": 904491,
                                          "Actual Loops": 1,
                                          "Output": [
                                            "t.id",
                                            "t.title",
                                            "t.imdb_index",
                                            "t.kind_id",
                                            "t.production_year",
                                            "t.imdb_id",
                                            "t.phonetic_code",
                                            "t.episode_of_id",
                                            "t.season_nr",
                                            "t.episode_nr",
                                            "t.series_years",
                                            "t.md5sum"
                                          ],
                                          "Filter": "(t.production_year > 2006)",
                                          "Rows Removed by Filter": 1623821
                                        },
                                        {
                                          "Node Type": "Hash",
                                          "Parent Relationship": "Inner",
                                          "Parallel Aware": false,
                                          "Startup Cost": 133612.41,
                                          "Total Cost": 133612.41,
                                          "Plan Rows": 235486,
                                          "Plan Width": 12,
                                          "Actual Startup Time": 2187.051,
                                          "Actual Total Time": 2187.053,
                                          "Actual Rows": 168791,
                                          "Actual Loops": 1,
                                          "Output": [
                                            "ci.movie_id",
                                            "ci.person_id",
                                            "ci.person_role_id"
                                          ],
                                          "Hash Buckets": 262144,
                                          "Original Hash Buckets": 262144,
                                          "Hash Batches": 1,
                                          "Original Hash Batches": 1,
                                          "Peak Memory Usage": 9265,
                                          "Plans": [
                                            {
                                              "Node Type": "Nested Loop",
                                              "Parent Relationship": "Outer",
                                              "Parallel Aware": false,
                                              "Join Type": "Inner",
                                              "Startup Cost": 0.56,
                                              "Total Cost": 133612.41,
                                              "Plan Rows": 235486,
                                              "Plan Width": 12,
                                              "Actual Startup Time": 0.157,
                                              "Actual Total Time": 2114.789,
                                              "Actual Rows": 168791,
                                              "Actual Loops": 1,
                                              "Output": [
                                                "ci.movie_id",
                                                "ci.person_id",
                                                "ci.person_role_id"
                                              ],
                                              "Inner Unique": false,
                                              "Plans": [
                                                {
                                                  "Node Type": "Seq Scan",
                                                  "Parent Relationship": "Outer",
                                                  "Parallel Aware": false,
                                                  "Relation Name": "role_type",
                                                  "Schema": "public",
                                                  "Alias": "rt",
                                                  "Startup Cost": 0.0,
                                                  "Total Cost": 1.15,
                                                  "Plan Rows": 1,
                                                  "Plan Width": 4,
                                                  "Actual Startup Time": 0.012,
                                                  "Actual Total Time": 0.018,
                                                  "Actual Rows": 1,
                                                  "Actual Loops": 1,
                                                  "Output": [
                                                    "rt.id",
                                                    "rt.role"
                                                  ],
                                                  "Filter": "((rt.role)::text = 'actress'::text)",
                                                  "Rows Removed by Filter": 11
                                                },
                                                {
                                                  "Node Type": "Index Scan",
                                                  "Parent Relationship": "Inner",
                                                  "Parallel Aware": false,
                                                  "Scan Direction": "Forward",
                                                  "Index Name": "role_id_cast_info",
                                                  "Relation Name": "cast_info",
                                                  "Schema": "public",
                                                  "Alias": "ci",
                                                  "Startup Cost": 0.56,
                                                  "Total Cost": 131042.32,
                                                  "Plan Rows": 256894,
                                                  "Plan Width": 16,
                                                  "Actual Startup Time": 0.139,
                                                  "Actual Total Time": 2091.392,
                                                  "Actual Rows": 168791,
                                                  "Actual Loops": 1,
                                                  "Output": [
                                                    "ci.id",
                                                    "ci.person_id",
                                                    "ci.movie_id",
                                                    "ci.person_role_id",
                                                    "ci.note",
                                                    "ci.nr_order",
                                                    "ci.role_id"
                                                  ],
                                                  "Index Cond": "(ci.role_id = rt.id)",
                                                  "Rows Removed by Index Recheck": 0,
                                                  "Filter": "(ci.note = ANY ('{(uncredited),(writer),(producer),\"(as Terri Colombino)\"}'::text[]))",
                                                  "Rows Removed by Filter": 7283182
                                                }
                                              ]
                                            }
                                          ]
                                        }
                                      ]
                                    },
                                    {
                                      "Node Type": "Index Scan",
                                      "Parent Relationship": "Inner",
                                      "Parallel Aware": false,
                                      "Scan Direction": "Forward",
                                      "Index Name": "name_pkey",
                                      "Relation Name": "name",
                                      "Schema": "public",
                                      "Alias": "n",
                                      "Startup Cost": 0.43,
                                      "Total Cost": 0.55,
                                      "Plan Rows": 1,
                                      "Plan Width": 19,
                                      "Actual Startup Time": 0.006,
                                      "Actual Total Time": 0.006,
                                      "Actual Rows": 1,
                                      "Actual Loops": 45496,
                                      "Output": [
                                        "n.id",
                                        "n.name",
                                        "n.imdb_index",
                                        "n.imdb_id",
                                        "n.gender",
                                        "n.name_pcode_cf",
                                        "n.name_pcode_nf",
                                        "n.surname_pcode",
                                        "n.md5sum"
                                      ],
                                      "Index Cond": "(n.id = ci.person_id)",
                                      "Rows Removed by Index Recheck": 0,
                                      "Filter": "((n.gender)::text = 'f'::text)",
                                      "Rows Removed by Filter": 0
                                    }
                                  ]
                                },
                                {
                                  "Node Type": "Index Scan",
                                  "Parent Relationship": "Inner",
                                  "Parallel Aware": false,
                                  "Scan Direction": "Forward",
                                  "Index Name": "movie_id_movie_info",
                                  "Relation Name": "movie_info",
                                  "Schema": "public",
                                  "Alias": "mi",
                                  "Startup Cost": 0.43,
                                  "Total Cost": 1.48,
                                  "Plan Rows": 42,
                                  "Plan Width": 8,
                                  "Actual Startup Time": 0.005,
                                  "Actual Total Time": 0.017,
                                  "Actual Rows": 45,
                                  "Actual Loops": 45476,
                                  "Output": [
                                    "mi.id",
                                    "mi.movie_id",
                                    "mi.info_type_id",
                                    "mi.info",
                                    "mi.note"
                                  ],
                                  "Index Cond": "(mi.movie_id = ci.movie_id)",
                                  "Rows Removed by Index Recheck": 0
                                }
                              ]
                            },
                            {
                              "Node Type": "Hash",
                              "Parent Relationship": "Inner",
                              "Parallel Aware": false,
                              "Startup Cost": 2.41,
                              "Total Cost": 2.41,
                              "Plan Rows": 1,
                              "Plan Width": 4,
                              "Actual Startup Time": 0.029,
                              "Actual Total Time": 0.03,
                              "Actual Rows": 1,
                              "Actual Loops": 1,
                              "Output": [
                                "it.id"
                              ],
                              "Hash Buckets": 1024,
                              "Original Hash Buckets": 1024,
                              "Hash Batches": 1,
                              "Original Hash Batches": 1,
                              "Peak Memory Usage": 9,
                              "Plans": [
                                {
                                  "Node Type": "Seq Scan",
                                  "Parent Relationship": "Outer",
                                  "Parallel Aware": false,
                                  "Relation Name": "info_type",
                                  "Schema": "public",
                                  "Alias": "it",
                                  "Startup Cost": 0.0,
                                  "Total Cost": 2.41,
                                  "Plan Rows": 1,
                                  "Plan Width": 4,
                                  "Actual Startup Time": 0.015,
                                  "Actual Total Time": 0.022,
                                  "Actual Rows": 1,
                                  "Actual Loops": 1,
                                  "Output": [
                                    "it.id"
                                  ],
                                  "Filter": "((it.info)::text = 'release dates'::text)",
                                  "Rows Removed by Filter": 112
                                }
                              ]
                            }
                          ]
                        },
                        {
                          "Node Type": "Index Only Scan",
                          "Parent Relationship": "Inner",
                          "Parallel Aware": false,
                          "Scan Direction": "Forward",
                          "Index Name": "char_name_pkey",
                          "Relation Name": "char_name",
                          "Schema": "public",
                          "Alias": "chn",
                          "Startup Cost": 0.43,
                          "Total Cost": 0.51,
                          "Plan Rows": 1,
                          "Plan Width": 4,
                          "Actual Startup Time": 0.001,
                          "Actual Total Time": 0.001,
                          "Actual Rows": 1,
                          "Actual Loops": 453182,
                          "Output": [
                            "chn.id"
                          ],
                          "Index Cond": "(chn.id = ci.person_role_id)",
                          "Rows Removed by Index Recheck": 0,
                          "Heap Fetches": 448208
                        }
                      ]
                    },
                    {
                      "Node Type": "Index Scan",
                      "Parent Relationship": "Inner",
                      "Parallel Aware": false,
                      "Scan Direction": "Forward",
                      "Index Name": "movie_id_movie_companies",
                      "Relation Name": "movie_companies",
                      "Schema": "public",
                      "Alias": "mc",
                      "Startup Cost": 0.43,
                      "Total Cost": 0.53,
                      "Plan Rows": 5,
                      "Plan Width": 8,
                      "Actual Startup Time": 0.001,
                      "Actual Total Time": 0.004,
                      "Actual Rows": 23,
                      "Actual Loops": 448208,
                      "Output": [
                        "mc.id",
                        "mc.movie_id",
                        "mc.company_id",
                        "mc.company_type_id",
                        "mc.note"
                      ],
                      "Index Cond": "(mc.movie_id = mi.movie_id)",
                      "Rows Removed by Index Recheck": 0
                    }
                  ]
                },
                {
                  "Node Type": "Hash",
                  "Parent Relationship": "Inner",
                  "Parallel Aware": false,
                  "Startup Cost": 5932.46,
                  "Total Cost": 5932.46,
                  "Plan Rows": 83808,
                  "Plan Width": 4,
                  "Actual Startup Time": 116.86,
                  "Actual Total Time": 116.86,
                  "Actual Rows": 84843,
                  "Actual Loops": 1,
                  "Output": [
                    "cn.id"
                  ],
                  "Hash Buckets": 131072,
                  "Original Hash Buckets": 131072,
                  "Hash Batches": 1,
                  "Original Hash Batches": 1,
                  "Peak Memory Usage": 4007,
                  "Plans": [
                    {
                      "Node Type": "Seq Scan",
                      "Parent Relationship": "Outer",
                      "Parallel Aware": false,
                      "Relation Name": "company_name",
                      "Schema": "public",
                      "Alias": "cn",
                      "Startup Cost": 0.0,
                      "Total Cost": 5932.46,
                      "Plan Rows": 83808,
                      "Plan Width": 4,
                      "Actual Startup Time": 0.143,
                      "Actual Total Time": 92.535,
                      "Actual Rows": 84843,
                      "Actual Loops": 1,
                      "Output": [
                        "cn.id"
                      ],
                      "Filter": "((cn.country_code)::text = '[us]'::text)",
                      "Rows Removed by Filter": 150154
                    }
                  ]
                }
              ]
            },
            {
              "Node Type": "Index Only Scan",
              "Parent Relationship": "Inner",
              "Parallel Aware": false,
              "Scan Direction": "Forward",
              "Index Name": "person_id_aka_name",
              "Relation Name": "aka_name",
              "Schema": "public",
              "Alias": "an",
              "Startup Cost": 0.42,
              "Total Cost": 0.48,
              "Plan Rows": 2,
              "Plan Width": 4,
              "Actual Startup Time": 0.001,
              "Actual Total Time": 0.001,
              "Actual Rows": 1,
              "Actual Loops": 2628430,
              "Output": [
                "an.person_id"
              ],
              "Index Cond": "(an.person_id = ci.person_id)",
              "Rows Removed by Index Recheck": 0,
              "Heap Fetches": 1691231
            }
          ]
        }
      ]
    },
    "Planning Time": 96308.235,
    "Triggers": [],
    "Execution Time": 12463.726
  }
]