[
  {
    "Plan": {
      "Node Type": "Aggregate",
      "Strategy": "Plain",
      "Partial Mode": "Finalize",
      "Parallel Aware": false,
      "Startup Cost": 52966.33,
      "Total Cost": 52966.34,
      "Plan Rows": 1,
      "Plan Width": 8,
      "Actual Startup Time": 97.959,
      "Actual Total Time": 112.166,
      "Actual Rows": 1,
      "Actual Loops": 1,
      "Plans": [
        {
          "Node Type": "Gather",
          "Parent Relationship": "Outer",
          "Parallel Aware": false,
          "Startup Cost": 52965.91,
          "Total Cost": 52966.32,
          "Plan Rows": 4,
          "Plan Width": 8,
          "Actual Startup Time": 97.696,
          "Actual Total Time": 112.159,
          "Actual Rows": 5,
          "Actual Loops": 1,
          "Workers Planned": 4,
          "Workers Launched": 4,
          "Single Copy": false,
          "Plans": [
            {
              "Node Type": "Aggregate",
              "Strategy": "Plain",
              "Partial Mode": "Partial",
              "Parent Relationship": "Outer",
              "Parallel Aware": false,
              "Startup Cost": 51965.91,
              "Total Cost": 51965.92,
              "Plan Rows": 1,
              "Plan Width": 8,
              "Actual Startup Time": 87.82,
              "Actual Total Time": 87.822,
              "Actual Rows": 1,
              "Actual Loops": 5,
              "Plans": [
                {
                  "Node Type": "Nested Loop",
                  "Parent Relationship": "Outer",
                  "Parallel Aware": false,
                  "Join Type": "Inner",
                  "Startup Cost": 0.43,
                  "Total Cost": 51965.0,
                  "Plan Rows": 363,
                  "Plan Width": 0,
                  "Actual Startup Time": 55.285,
                  "Actual Total Time": 87.705,
                  "Actual Rows": 1203,
                  "Actual Loops": 5,
                  "Inner Unique": false,
                  "Plans": [
                    {
                      "Node Type": "Seq Scan",
                      "Parent Relationship": "Outer",
                      "Parallel Aware": true,
                      "Relation Name": "title",
                      "Alias": "t",
                      "Startup Cost": 0.0,
                      "Total Cost": 45479.59,
                      "Plan Rows": 352,
                      "Plan Width": 4,
                      "Actual Startup Time": 55.174,
                      "Actual Total Time": 80.13,
                      "Actual Rows": 493,
                      "Actual Loops": 5,
                      "Filter": "((kind_id = 1) AND (production_year = 1951))",
                      "Rows Removed by Filter": 505169
                    },
                    {
                      "Node Type": "Index Only Scan",
                      "Parent Relationship": "Inner",
                      "Parallel Aware": false,
                      "Scan Direction": "Forward",
                      "Index Name": "movie_id_movie_companies",
                      "Relation Name": "movie_companies",
                      "Alias": "mc",
                      "Startup Cost": 0.43,
                      "Total Cost": 18.37,
                      "Plan Rows": 5,
                      "Plan Width": 4,
                      "Actual Startup Time": 0.012,
                      "Actual Total Time": 0.015,
                      "Actual Rows": 2,
                      "Actual Loops": 2465,
                      "Index Cond": "(movie_id = t.id)",
                      "Rows Removed by Index Recheck": 0,
                      "Heap Fetches": 6016
                    }
                  ]
                }
              ]
            }
          ]
        }
      ]
    },
    "Planning Time": 0.212,
    "Triggers": [],
    "Execution Time": 112.209
  }
]