[
  {
    "Plan": {
      "Node Type": "Aggregate",
      "Strategy": "Plain",
      "Partial Mode": "Finalize",
      "Parallel Aware": false,
      "Startup Cost": 27814.78,
      "Total Cost": 27814.79,
      "Plan Rows": 1,
      "Plan Width": 8,
      "Actual Startup Time": 66.789,
      "Actual Total Time": 74.313,
      "Actual Rows": 1,
      "Actual Loops": 1,
      "Plans": [
        {
          "Node Type": "Gather",
          "Parent Relationship": "Outer",
          "Parallel Aware": false,
          "Startup Cost": 27814.47,
          "Total Cost": 27814.78,
          "Plan Rows": 3,
          "Plan Width": 8,
          "Actual Startup Time": 66.421,
          "Actual Total Time": 74.307,
          "Actual Rows": 4,
          "Actual Loops": 1,
          "Workers Planned": 3,
          "Workers Launched": 3,
          "Single Copy": false,
          "Plans": [
            {
              "Node Type": "Aggregate",
              "Strategy": "Plain",
              "Partial Mode": "Partial",
              "Parent Relationship": "Outer",
              "Parallel Aware": false,
              "Startup Cost": 26814.47,
              "Total Cost": 26814.48,
              "Plan Rows": 1,
              "Plan Width": 8,
              "Actual Startup Time": 60.963,
              "Actual Total Time": 60.964,
              "Actual Rows": 1,
              "Actual Loops": 4,
              "Plans": [
                {
                  "Node Type": "Bitmap Heap Scan",
                  "Parent Relationship": "Outer",
                  "Parallel Aware": true,
                  "Relation Name": "movie_companies",
                  "Alias": "mc",
                  "Startup Cost": 6456.41,
                  "Total Cost": 26696.31,
                  "Plan Rows": 47261,
                  "Plan Width": 0,
                  "Actual Startup Time": 13.06,
                  "Actual Total Time": 57.524,
                  "Actual Rows": 56096,
                  "Actual Loops": 4,
                  "Recheck Cond": "(company_id < 160)",
                  "Rows Removed by Index Recheck": 0,
                  "Filter": "(company_type_id < 2)",
                  "Rows Removed by Filter": 17123,
                  "Exact Heap Blocks": 9294,
                  "Lossy Heap Blocks": 0,
                  "Plans": [
                    {
                      "Node Type": "Bitmap Index Scan",
                      "Parent Relationship": "Outer",
                      "Parallel Aware": false,
                      "Index Name": "company_id_movie_companies",
                      "Startup Cost": 0.0,
                      "Total Cost": 6419.78,
                      "Plan Rows": 299647,
                      "Plan Width": 0,
                      "Actual Startup Time": 15.553,
                      "Actual Total Time": 15.553,
                      "Actual Rows": 292877,
                      "Actual Loops": 1,
                      "Index Cond": "(company_id < 160)"
                    }
                  ]
                }
              ]
            }
          ]
        }
      ]
    },
    "Planning Time": 0.111,
    "Triggers": [],
    "Execution Time": 74.347
  }
]