{
  "Plan": {
    "Node Type": "Aggregate",
    "Strategy": "Plain",
    "Partial Mode": "Finalize",
    "Parallel Aware": false,
    "Startup Cost": 761998.2,
    "Total Cost": 761998.21,
    "Plan Rows": 1,
    "Plan Width": 8,
    "Actual Startup Time": 9732.864,
    "Actual Total Time": 9826.619,
    "Actual Rows": 1,
    "Actual Loops": 1,
    "Plans": [
      {
        "Node Type": "Gather",
        "Parent Relationship": "Outer",
        "Parallel Aware": false,
        "Startup Cost": 761998.08,
        "Total Cost": 761998.19,
        "Plan Rows": 1,
        "Plan Width": 8,
        "Actual Startup Time": 9712.825,
        "Actual Total Time": 9826.609,
        "Actual Rows": 2,
        "Actual Loops": 1,
        "Workers Planned": 1,
        "Workers Launched": 1,
        "Single Copy": false,
        "Plans": [
          {
            "Node Type": "Aggregate",
            "Strategy": "Plain",
            "Partial Mode": "Partial",
            "Parent Relationship": "Outer",
            "Parallel Aware": false,
            "Startup Cost": 760998.08,
            "Total Cost": 760998.09,
            "Plan Rows": 1,
            "Plan Width": 8,
            "Actual Startup Time": 9688.412,
            "Actual Total Time": 9691.355,
            "Actual Rows": 1,
            "Actual Loops": 2,
            "Plans": [
              {
                "Node Type": "Hash Join",
                "Parent Relationship": "Outer",
                "Parallel Aware": true,
                "Join Type": "Inner",
                "Startup Cost": 707715.8,
                "Total Cost": 755353.01,
                "Plan Rows": 2258028,
                "Plan Width": 0,
                "Actual Startup Time": 9175.293,
                "Actual Total Time": 9613.546,
                "Actual Rows": 1791732,
                "Actual Loops": 2,
                "Inner Unique": false,
                "Hash Cond": "(mk.movie_id = t.id)",
                "Plans": [
                  {
                    "Node Type": "Bitmap Heap Scan",
                    "Parent Relationship": "Outer",
                    "Parallel Aware": true,
                    "Relation Name": "movie_keyword",
                    "Alias": "mk",
                    "Startup Cost": 14282.1,
                    "Total Cost": 43686.46,
                    "Plan Rows": 396028,
                    "Plan Width": 4,
                    "Actual Startup Time": 43.824,
                    "Actual Total Time": 123.586,
                    "Actual Rows": 339871,
                    "Actual Loops": 2,
                    "Recheck Cond": "(keyword_id < 557)",
                    "Rows Removed by Index Recheck": 0,
                    "Exact Heap Blocks": 12246,
                    "Lossy Heap Blocks": 0,
                    "Plans": [
                      {
                        "Node Type": "Bitmap Index Scan",
                        "Parent Relationship": "Outer",
                        "Parallel Aware": false,
                        "Index Name": "keyword_id_movie_keyword",
                        "Startup Cost": 0.0,
                        "Total Cost": 14113.79,
                        "Plan Rows": 673248,
                        "Plan Width": 0,
                        "Actual Startup Time": 40.238,
                        "Actual Total Time": 40.238,
                        "Actual Rows": 679742,
                        "Actual Loops": 1,
                        "Index Cond": "(keyword_id < 557)"
                      }
                    ]
                  },
                  {
                    "Node Type": "Hash",
                    "Parent Relationship": "Inner",
                    "Parallel Aware": true,
                    "Startup Cost": 587437.15,
                    "Total Cost": 587437.15,
                    "Plan Rows": 8479724,
                    "Plan Width": 8,
                    "Actual Startup Time": 9077.046,
                    "Actual Total Time": 9079.987,
                    "Actual Rows": 6318011,
                    "Actual Loops": 2,
                    "Hash Buckets": 16777216,
                    "Original Hash Buckets": 16777216,
                    "Hash Batches": 1,
                    "Original Hash Batches": 1,
                    "Peak Memory Usage": 625408,
                    "Plans": [
                      {
                        "Node Type": "Hash Join",
                        "Parent Relationship": "Outer",
                        "Parallel Aware": true,
                        "Join Type": "Inner",
                        "Startup Cost": 65703.79,
                        "Total Cost": 587437.15,
                        "Plan Rows": 8479724,
                        "Plan Width": 8,
                        "Actual Startup Time": 268.572,
                        "Actual Total Time": 6907.016,
                        "Actual Rows": 6318011,
                        "Actual Loops": 2,
                        "Inner Unique": true,
                        "Hash Cond": "(ci.movie_id = t.id)",
                        "Plans": [
                          {
                            "Node Type": "Seq Scan",
                            "Parent Relationship": "Outer",
                            "Parallel Aware": true,
                            "Relation Name": "cast_info",
                            "Alias": "ci",
                            "Startup Cost": 0.0,
                            "Total Cost": 465792.95,
                            "Plan Rows": 21310595,
                            "Plan Width": 4,
                            "Actual Startup Time": 0.013,
                            "Actual Total Time": 1397.196,
                            "Actual Rows": 18122172,
                            "Actual Loops": 2
                          },
                          {
                            "Node Type": "Hash",
                            "Parent Relationship": "Inner",
                            "Parallel Aware": true,
                            "Startup Cost": 58306.47,
                            "Total Cost": 58306.47,
                            "Plan Rows": 591786,
                            "Plan Width": 4,
                            "Actual Startup Time": 265.732,
                            "Actual Total Time": 265.733,
                            "Actual Rows": 473266,
                            "Actual Loops": 2,
                            "Hash Buckets": 1048576,
                            "Original Hash Buckets": 1048576,
                            "Hash Batches": 1,
                            "Original Hash Batches": 1,
                            "Peak Memory Usage": 45248,
                            "Plans": [
                              {
                                "Node Type": "Seq Scan",
                                "Parent Relationship": "Outer",
                                "Parallel Aware": true,
                                "Relation Name": "title",
                                "Alias": "t",
                                "Startup Cost": 0.0,
                                "Total Cost": 58306.47,
                                "Plan Rows": 591786,
                                "Plan Width": 4,
                                "Actual Startup Time": 0.027,
                                "Actual Total Time": 159.785,
                                "Actual Rows": 473266,
                                "Actual Loops": 2,
                                "Filter": "((kind_id > 2) AND (production_year < 2006))",
                                "Rows Removed by Filter": 790890
                              }
                            ]
                          }
                        ]
                      }
                    ]
                  }
                ]
              }
            ]
          }
        ]
      }
    ]
  },
  "Planning Time": 0.956,
  "Triggers": [],
  "Execution Time": 9826.746
}