{
  "Plan": {
    "Node Type": "Aggregate",
    "Strategy": "Plain",
    "Partial Mode": "Finalize",
    "Parallel Aware": false,
    "Startup Cost": 81779.0,
    "Total Cost": 81779.01,
    "Plan Rows": 1,
    "Plan Width": 8,
    "Actual Startup Time": 254.915,
    "Actual Total Time": 262.711,
    "Actual Rows": 1,
    "Actual Loops": 1,
    "Plans": [
      {
        "Node Type": "Gather",
        "Parent Relationship": "Outer",
        "Parallel Aware": false,
        "Startup Cost": 81778.88,
        "Total Cost": 81778.99,
        "Plan Rows": 1,
        "Plan Width": 8,
        "Actual Startup Time": 254.72,
        "Actual Total Time": 262.704,
        "Actual Rows": 2,
        "Actual Loops": 1,
        "Workers Planned": 1,
        "Workers Launched": 1,
        "Single Copy": false,
        "Plans": [
          {
            "Node Type": "Aggregate",
            "Strategy": "Plain",
            "Partial Mode": "Partial",
            "Parent Relationship": "Outer",
            "Parallel Aware": false,
            "Startup Cost": 80778.88,
            "Total Cost": 80778.89,
            "Plan Rows": 1,
            "Plan Width": 8,
            "Actual Startup Time": 248.788,
            "Actual Total Time": 248.791,
            "Actual Rows": 1,
            "Actual Loops": 2,
            "Plans": [
              {
                "Node Type": "Hash Join",
                "Parent Relationship": "Outer",
                "Parallel Aware": true,
                "Join Type": "Inner",
                "Startup Cost": 39316.33,
                "Total Cost": 80768.69,
                "Plan Rows": 4076,
                "Plan Width": 0,
                "Actual Startup Time": 80.722,
                "Actual Total Time": 248.596,
                "Actual Rows": 2878,
                "Actual Loops": 2,
                "Inner Unique": true,
                "Hash Cond": "(mc.movie_id = t.id)",
                "Plans": [
                  {
                    "Node Type": "Seq Scan",
                    "Parent Relationship": "Outer",
                    "Parallel Aware": true,
                    "Relation Name": "movie_companies",
                    "Alias": "mc",
                    "Startup Cost": 0.0,
                    "Total Cost": 37974.77,
                    "Plan Rows": 1324794,
                    "Plan Width": 4,
                    "Actual Startup Time": 0.061,
                    "Actual Total Time": 123.887,
                    "Actual Rows": 1129226,
                    "Actual Loops": 2,
                    "Filter": "(company_id > 166)",
                    "Rows Removed by Filter": 175338
                  },
                  {
                    "Node Type": "Hash",
                    "Parent Relationship": "Inner",
                    "Parallel Aware": true,
                    "Startup Cost": 39259.13,
                    "Total Cost": 39259.13,
                    "Plan Rows": 4576,
                    "Plan Width": 4,
                    "Actual Startup Time": 54.066,
                    "Actual Total Time": 54.067,
                    "Actual Rows": 2593,
                    "Actual Loops": 2,
                    "Hash Buckets": 8192,
                    "Original Hash Buckets": 8192,
                    "Hash Batches": 1,
                    "Original Hash Batches": 1,
                    "Peak Memory Usage": 288,
                    "Plans": [
                      {
                        "Node Type": "Bitmap Heap Scan",
                        "Parent Relationship": "Outer",
                        "Parallel Aware": true,
                        "Relation Name": "title",
                        "Alias": "t",
                        "Startup Cost": 2182.88,
                        "Total Cost": 39259.13,
                        "Plan Rows": 4576,
                        "Plan Width": 4,
                        "Actual Startup Time": 16.113,
                        "Actual Total Time": 53.069,
                        "Actual Rows": 2593,
                        "Actual Loops": 2,
                        "Recheck Cond": "(kind_id = 4)",
                        "Rows Removed by Index Recheck": 0,
                        "Filter": "(production_year = 2012)",
                        "Rows Removed by Filter": 56524,
                        "Exact Heap Blocks": 11155,
                        "Lossy Heap Blocks": 0,
                        "Plans": [
                          {
                            "Node Type": "Bitmap Index Scan",
                            "Parent Relationship": "Outer",
                            "Parallel Aware": false,
                            "Index Name": "kind_id_title",
                            "Startup Cost": 0.0,
                            "Total Cost": 2180.94,
                            "Plan Rows": 122201,
                            "Plan Width": 0,
                            "Actual Startup Time": 15.716,
                            "Actual Total Time": 15.717,
                            "Actual Rows": 118234,
                            "Actual Loops": 1,
                            "Index Cond": "(kind_id = 4)"
                          }
                        ]
                      }
                    ]
                  }
                ]
              }
            ]
          }
        ]
      }
    ]
  },
  "Planning Time": 0.481,
  "Triggers": [],
  "Execution Time": 262.803
}