[
  {
    "Plan": {
      "Node Type": "Aggregate",
      "Strategy": "Plain",
      "Partial Mode": "Finalize",
      "Parallel Aware": false,
      "Startup Cost": 136719.54,
      "Total Cost": 136719.55,
      "Plan Rows": 1,
      "Plan Width": 8,
      "Actual Startup Time": 570.613,
      "Actual Total Time": 608.152,
      "Actual Rows": 1,
      "Actual Loops": 1,
      "Plans": [
        {
          "Node Type": "Gather",
          "Parent Relationship": "Outer",
          "Parallel Aware": false,
          "Startup Cost": 136719.22,
          "Total Cost": 136719.53,
          "Plan Rows": 3,
          "Plan Width": 8,
          "Actual Startup Time": 568.326,
          "Actual Total Time": 608.142,
          "Actual Rows": 4,
          "Actual Loops": 1,
          "Workers Planned": 3,
          "Workers Launched": 3,
          "Single Copy": false,
          "Plans": [
            {
              "Node Type": "Aggregate",
              "Strategy": "Plain",
              "Partial Mode": "Partial",
              "Parent Relationship": "Outer",
              "Parallel Aware": false,
              "Startup Cost": 135719.22,
              "Total Cost": 135719.23,
              "Plan Rows": 1,
              "Plan Width": 8,
              "Actual Startup Time": 562.176,
              "Actual Total Time": 562.18,
              "Actual Rows": 1,
              "Actual Loops": 4,
              "Plans": [
                {
                  "Node Type": "Nested Loop",
                  "Parent Relationship": "Outer",
                  "Parallel Aware": false,
                  "Join Type": "Inner",
                  "Startup Cost": 53646.41,
                  "Total Cost": 135683.91,
                  "Plan Rows": 14125,
                  "Plan Width": 0,
                  "Actual Startup Time": 147.507,
                  "Actual Total Time": 549.672,
                  "Actual Rows": 283318,
                  "Actual Loops": 4,
                  "Inner Unique": false,
                  "Join Filter": "(t.id = mi.movie_id)",
                  "Rows Removed by Join Filter": 0,
                  "Plans": [
                    {
                      "Node Type": "Hash Join",
                      "Parent Relationship": "Outer",
                      "Parallel Aware": true,
                      "Join Type": "Inner",
                      "Startup Cost": 53645.98,
                      "Total Cost": 80120.0,
                      "Plan Rows": 16253,
                      "Plan Width": 8,
                      "Actual Startup Time": 147.337,
                      "Actual Total Time": 207.952,
                      "Actual Rows": 22565,
                      "Actual Loops": 4,
                      "Inner Unique": true,
                      "Hash Cond": "(mk.movie_id = t.id)",
                      "Plans": [
                        {
                          "Node Type": "Bitmap Heap Scan",
                          "Parent Relationship": "Outer",
                          "Parallel Aware": true,
                          "Relation Name": "movie_keyword",
                          "Alias": "mk",
                          "Startup Cost": 8785.1,
                          "Total Cost": 34908.53,
                          "Plan Rows": 133555,
                          "Plan Width": 4,
                          "Actual Startup Time": 26.257,
                          "Actual Total Time": 64.415,
                          "Actual Rows": 102242,
                          "Actual Loops": 4,
                          "Recheck Cond": "(keyword_id > 42278)",
                          "Rows Removed by Index Recheck": 0,
                          "Exact Heap Blocks": 7816,
                          "Lossy Heap Blocks": 0,
                          "Plans": [
                            {
                              "Node Type": "Bitmap Index Scan",
                              "Parent Relationship": "Outer",
                              "Parallel Aware": false,
                              "Index Name": "keyword_id_movie_keyword",
                              "Startup Cost": 0.0,
                              "Total Cost": 8681.59,
                              "Plan Rows": 414021,
                              "Plan Width": 0,
                              "Actual Startup Time": 22.86,
                              "Actual Total Time": 22.86,
                              "Actual Rows": 408970,
                              "Actual Loops": 1,
                              "Index Cond": "(keyword_id > 42278)"
                            }
                          ]
                        },
                        {
                          "Node Type": "Hash",
                          "Parent Relationship": "Inner",
                          "Parallel Aware": true,
                          "Startup Cost": 43899.32,
                          "Total Cost": 43899.32,
                          "Plan Rows": 76925,
                          "Plan Width": 4,
                          "Actual Startup Time": 118.689,
                          "Actual Total Time": 118.69,
                          "Actual Rows": 80811,
                          "Actual Loops": 4,
                          "Hash Buckets": 524288,
                          "Original Hash Buckets": 524288,
                          "Hash Batches": 1,
                          "Original Hash Batches": 1,
                          "Peak Memory Usage": 16800,
                          "Plans": [
                            {
                              "Node Type": "Seq Scan",
                              "Parent Relationship": "Outer",
                              "Parallel Aware": true,
                              "Relation Name": "title",
                              "Alias": "t",
                              "Startup Cost": 0.0,
                              "Total Cost": 43899.32,
                              "Plan Rows": 76925,
                              "Plan Width": 4,
                              "Actual Startup Time": 0.034,
                              "Actual Total Time": 90.503,
                              "Actual Rows": 80811,
                              "Actual Loops": 4,
                              "Filter": "(production_year < 1967)",
                              "Rows Removed by Filter": 551267
                            }
                          ]
                        }
                      ]
                    },
                    {
                      "Node Type": "Index Scan",
                      "Parent Relationship": "Inner",
                      "Parallel Aware": false,
                      "Scan Direction": "Forward",
                      "Index Name": "movie_id_movie_info",
                      "Relation Name": "movie_info",
                      "Alias": "mi",
                      "Startup Cost": 0.43,
                      "Total Cost": 3.34,
                      "Plan Rows": 6,
                      "Plan Width": 4,
                      "Actual Startup Time": 0.006,
                      "Actual Total Time": 0.014,
                      "Actual Rows": 13,
                      "Actual Loops": 90260,
                      "Index Cond": "(movie_id = mk.movie_id)",
                      "Rows Removed by Index Recheck": 0,
                      "Filter": "(info_type_id > 16)",
                      "Rows Removed by Filter": 26
                    }
                  ]
                }
              ]
            }
          ]
        }
      ]
    },
    "Planning Time": 0.799,
    "Triggers": [],
    "Execution Time": 608.22
  }
]