[
  {
    "Plan": {
      "Node Type": "Aggregate",
      "Strategy": "Plain",
      "Partial Mode": "Finalize",
      "Parallel Aware": false,
      "Startup Cost": 105968.6,
      "Total Cost": 105968.61,
      "Plan Rows": 1,
      "Plan Width": 8,
      "Actual Startup Time": 672.279,
      "Actual Total Time": 692.282,
      "Actual Rows": 1,
      "Actual Loops": 1,
      "Plans": [
        {
          "Node Type": "Gather",
          "Parent Relationship": "Outer",
          "Parallel Aware": false,
          "Startup Cost": 105968.18,
          "Total Cost": 105968.59,
          "Plan Rows": 4,
          "Plan Width": 8,
          "Actual Startup Time": 664.503,
          "Actual Total Time": 692.271,
          "Actual Rows": 5,
          "Actual Loops": 1,
          "Workers Planned": 4,
          "Workers Launched": 4,
          "Single Copy": false,
          "Plans": [
            {
              "Node Type": "Aggregate",
              "Strategy": "Plain",
              "Partial Mode": "Partial",
              "Parent Relationship": "Outer",
              "Parallel Aware": false,
              "Startup Cost": 104968.18,
              "Total Cost": 104968.19,
              "Plan Rows": 1,
              "Plan Width": 8,
              "Actual Startup Time": 633.574,
              "Actual Total Time": 633.578,
              "Actual Rows": 1,
              "Actual Loops": 5,
              "Plans": [
                {
                  "Node Type": "Nested Loop",
                  "Parent Relationship": "Outer",
                  "Parallel Aware": false,
                  "Join Type": "Inner",
                  "Startup Cost": 48718.8,
                  "Total Cost": 104863.16,
                  "Plan Rows": 42009,
                  "Plan Width": 0,
                  "Actual Startup Time": 336.389,
                  "Actual Total Time": 629.069,
                  "Actual Rows": 86881,
                  "Actual Loops": 5,
                  "Inner Unique": false,
                  "Plans": [
                    {
                      "Node Type": "Hash Join",
                      "Parent Relationship": "Outer",
                      "Parallel Aware": true,
                      "Join Type": "Inner",
                      "Startup Cost": 48718.37,
                      "Total Cost": 78771.09,
                      "Plan Rows": 40709,
                      "Plan Width": 8,
                      "Actual Startup Time": 336.239,
                      "Actual Total Time": 454.381,
                      "Actual Rows": 82315,
                      "Actual Loops": 5,
                      "Inner Unique": true,
                      "Hash Cond": "(ci.movie_id = t.id)",
                      "Plans": [
                        {
                          "Node Type": "Index Scan",
                          "Parent Relationship": "Outer",
                          "Parallel Aware": true,
                          "Scan Direction": "Forward",
                          "Index Name": "role_id_cast_info",
                          "Relation Name": "cast_info",
                          "Alias": "ci",
                          "Startup Cost": 0.56,
                          "Total Cost": 29878.05,
                          "Plan Rows": 66755,
                          "Plan Width": 4,
                          "Actual Startup Time": 0.18,
                          "Actual Total Time": 47.841,
                          "Actual Rows": 154271,
                          "Actual Loops": 5,
                          "Index Cond": "(role_id = 9)",
                          "Rows Removed by Index Recheck": 0,
                          "Filter": "(person_id > 2802940)",
                          "Rows Removed by Filter": 64441
                        },
                        {
                          "Node Type": "Hash",
                          "Parent Relationship": "Inner",
                          "Parallel Aware": true,
                          "Startup Cost": 43899.32,
                          "Total Cost": 43899.32,
                          "Plan Rows": 385479,
                          "Plan Width": 4,
                          "Actual Startup Time": 326.623,
                          "Actual Total Time": 326.624,
                          "Actual Rows": 308653,
                          "Actual Loops": 5,
                          "Hash Buckets": 2097152,
                          "Original Hash Buckets": 2097152,
                          "Hash Batches": 1,
                          "Original Hash Batches": 1,
                          "Peak Memory Usage": 76800,
                          "Plans": [
                            {
                              "Node Type": "Seq Scan",
                              "Parent Relationship": "Outer",
                              "Parallel Aware": true,
                              "Relation Name": "title",
                              "Alias": "t",
                              "Startup Cost": 0.0,
                              "Total Cost": 43899.32,
                              "Plan Rows": 385479,
                              "Plan Width": 4,
                              "Actual Startup Time": 0.044,
                              "Actual Total Time": 110.307,
                              "Actual Rows": 308653,
                              "Actual Loops": 5,
                              "Filter": "(kind_id = 7)",
                              "Rows Removed by Filter": 197010
                            }
                          ]
                        }
                      ]
                    },
                    {
                      "Node Type": "Index Only Scan",
                      "Parent Relationship": "Inner",
                      "Parallel Aware": false,
                      "Scan Direction": "Forward",
                      "Index Name": "movie_id_movie_companies",
                      "Relation Name": "movie_companies",
                      "Alias": "mc",
                      "Startup Cost": 0.43,
                      "Total Cost": 0.59,
                      "Plan Rows": 5,
                      "Plan Width": 4,
                      "Actual Startup Time": 0.002,
                      "Actual Total Time": 0.002,
                      "Actual Rows": 1,
                      "Actual Loops": 411575,
                      "Index Cond": "(movie_id = t.id)",
                      "Rows Removed by Index Recheck": 0,
                      "Heap Fetches": 434403
                    }
                  ]
                }
              ]
            }
          ]
        }
      ]
    },
    "Planning Time": 1.51,
    "Triggers": [],
    "Execution Time": 692.376
  }
]