{
    "Plan": {
        "Node Type": "Aggregate",
        "Strategy": "Plain",
        "Partial Mode": "Finalize",
        "Parallel Aware": false,
        "Startup Cost": 377172.44,
        "Total Cost": 377172.45,
        "Plan Rows": 1,
        "Plan Width": 8,
        "Actual Startup Time": 537.36,
        "Actual Total Time": 591.723,
        "Actual Rows": 1,
        "Actual Loops": 1,
        "Output": [
            "count(*)"
        ],
        "Plans": [
            {
                "Node Type": "Gather",
                "Parent Relationship": "Outer",
                "Parallel Aware": false,
                "Startup Cost": 377171.92,
                "Total Cost": 377172.43,
                "Plan Rows": 5,
                "Plan Width": 8,
                "Actual Startup Time": 534.767,
                "Actual Total Time": 591.711,
                "Actual Rows": 6,
                "Actual Loops": 1,
                "Output": [
                    "(PARTIAL count(*))"
                ],
                "Workers Planned": 5,
                "Workers Launched": 5,
                "Single Copy": false,
                "Plans": [
                    {
                        "Node Type": "Aggregate",
                        "Strategy": "Plain",
                        "Partial Mode": "Partial",
                        "Parent Relationship": "Outer",
                        "Parallel Aware": false,
                        "Startup Cost": 376171.92,
                        "Total Cost": 376171.93,
                        "Plan Rows": 1,
                        "Plan Width": 8,
                        "Actual Startup Time": 524.089,
                        "Actual Total Time": 524.094,
                        "Actual Rows": 1,
                        "Actual Loops": 6,
                        "Output": [
                            "PARTIAL count(*)"
                        ],
                        "Workers": [
                            {
                                "Worker Number": 0,
                                "Actual Startup Time": 521.123,
                                "Actual Total Time": 521.128,
                                "Actual Rows": 1,
                                "Actual Loops": 1
                            },
                            {
                                "Worker Number": 1,
                                "Actual Startup Time": 521.885,
                                "Actual Total Time": 521.89,
                                "Actual Rows": 1,
                                "Actual Loops": 1
                            },
                            {
                                "Worker Number": 2,
                                "Actual Startup Time": 522.36,
                                "Actual Total Time": 522.365,
                                "Actual Rows": 1,
                                "Actual Loops": 1
                            },
                            {
                                "Worker Number": 3,
                                "Actual Startup Time": 522.624,
                                "Actual Total Time": 522.628,
                                "Actual Rows": 1,
                                "Actual Loops": 1
                            },
                            {
                                "Worker Number": 4,
                                "Actual Startup Time": 522.726,
                                "Actual Total Time": 522.73,
                                "Actual Rows": 1,
                                "Actual Loops": 1
                            }
                        ],
                        "Plans": [
                            {
                                "Node Type": "Nested Loop",
                                "Parent Relationship": "Outer",
                                "Parallel Aware": false,
                                "Join Type": "Inner",
                                "Startup Cost": 46699.82,
                                "Total Cost": 374473.09,
                                "Plan Rows": 679530,
                                "Plan Width": 0,
                                "Actual Startup Time": 395.063,
                                "Actual Total Time": 522.644,
                                "Actual Rows": 15561,
                                "Actual Loops": 6,
                                "Inner Unique": false,
                                "Join Filter": "(t.id = ci.movie_id)",
                                "Rows Removed by Join Filter": 0,
                                "Workers": [
                                    {
                                        "Worker Number": 0,
                                        "Actual Startup Time": 392.178,
                                        "Actual Total Time": 519.572,
                                        "Actual Rows": 12256,
                                        "Actual Loops": 1
                                    },
                                    {
                                        "Worker Number": 1,
                                        "Actual Startup Time": 392.555,
                                        "Actual Total Time": 520.475,
                                        "Actual Rows": 10205,
                                        "Actual Loops": 1
                                    },
                                    {
                                        "Worker Number": 2,
                                        "Actual Startup Time": 393.7,
                                        "Actual Total Time": 520.822,
                                        "Actual Rows": 11478,
                                        "Actual Loops": 1
                                    },
                                    {
                                        "Worker Number": 3,
                                        "Actual Startup Time": 393.976,
                                        "Actual Total Time": 521.246,
                                        "Actual Rows": 8388,
                                        "Actual Loops": 1
                                    },
                                    {
                                        "Worker Number": 4,
                                        "Actual Startup Time": 393.572,
                                        "Actual Total Time": 521.449,
                                        "Actual Rows": 14730,
                                        "Actual Loops": 1
                                    }
                                ],
                                "Plans": [
                                    {
                                        "Node Type": "Hash Join",
                                        "Parent Relationship": "Outer",
                                        "Parallel Aware": true,
                                        "Join Type": "Inner",
                                        "Startup Cost": 46699.26,
                                        "Total Cost": 246385.62,
                                        "Plan Rows": 47391,
                                        "Plan Width": 8,
                                        "Actual Startup Time": 394.955,
                                        "Actual Total Time": 471.778,
                                        "Actual Rows": 714,
                                        "Actual Loops": 6,
                                        "Output": [
                                            "t.id",
                                            "mi.movie_id"
                                        ],
                                        "Inner Unique": true,
                                        "Hash Cond": "(mi.movie_id = t.id)",
                                        "Workers": [
                                            {
                                                "Worker Number": 0,
                                                "Actual Startup Time": 392.043,
                                                "Actual Total Time": 464.331,
                                                "Actual Rows": 512,
                                                "Actual Loops": 1
                                            },
                                            {
                                                "Worker Number": 1,
                                                "Actual Startup Time": 392.419,
                                                "Actual Total Time": 470.088,
                                                "Actual Rows": 457,
                                                "Actual Loops": 1
                                            },
                                            {
                                                "Worker Number": 2,
                                                "Actual Startup Time": 393.582,
                                                "Actual Total Time": 468.655,
                                                "Actual Rows": 491,
                                                "Actual Loops": 1
                                            },
                                            {
                                                "Worker Number": 3,
                                                "Actual Startup Time": 393.854,
                                                "Actual Total Time": 468.204,
                                                "Actual Rows": 390,
                                                "Actual Loops": 1
                                            },
                                            {
                                                "Worker Number": 4,
                                                "Actual Startup Time": 393.47,
                                                "Actual Total Time": 467.799,
                                                "Actual Rows": 747,
                                                "Actual Loops": 1
                                            }
                                        ],
                                        "Plans": [
                                            {
                                                "Node Type": "Seq Scan",
                                                "Parent Relationship": "Outer",
                                                "Parallel Aware": true,
                                                "Relation Name": "movie_info",
                                                "Schema": "public",
                                                "Alias": "mi",
                                                "Startup Cost": 0.0,
                                                "Total Cost": 198880.74,
                                                "Plan Rows": 306906,
                                                "Plan Width": 4,
                                                "Actual Startup Time": 288.06,
                                                "Actual Total Time": 326.984,
                                                "Actual Rows": 255652,
                                                "Actual Loops": 6,
                                                "Output": [
                                                    "mi.id",
                                                    "mi.movie_id",
                                                    "mi.info_type_id",
                                                    "mi.info",
                                                    "mi.note"
                                                ],
                                                "Filter": "(mi.info_type_id = 3)",
                                                "Rows Removed by Filter": 2216968,
                                                "Workers": [
                                                    {
                                                        "Worker Number": 0,
                                                        "Actual Startup Time": 288.066,
                                                        "Actual Total Time": 324.292,
                                                        "Actual Rows": 175079,
                                                        "Actual Loops": 1
                                                    },
                                                    {
                                                        "Worker Number": 1,
                                                        "Actual Startup Time": 288.054,
                                                        "Actual Total Time": 328.615,
                                                        "Actual Rows": 215487,
                                                        "Actual Loops": 1
                                                    },
                                                    {
                                                        "Worker Number": 2,
                                                        "Actual Startup Time": 288.004,
                                                        "Actual Total Time": 327.874,
                                                        "Actual Rows": 211514,
                                                        "Actual Loops": 1
                                                    },
                                                    {
                                                        "Worker Number": 3,
                                                        "Actual Startup Time": 288.03,
                                                        "Actual Total Time": 327.574,
                                                        "Actual Rows": 209160,
                                                        "Actual Loops": 1
                                                    },
                                                    {
                                                        "Worker Number": 4,
                                                        "Actual Startup Time": 288.012,
                                                        "Actual Total Time": 325.345,
                                                        "Actual Rows": 318347,
                                                        "Actual Loops": 1
                                                    }
                                                ]
                                            },
                                            {
                                                "Node Type": "Hash",
                                                "Parent Relationship": "Inner",
                                                "Parallel Aware": true,
                                                "Startup Cost": 45479.21,
                                                "Total Cost": 45479.21,
                                                "Plan Rows": 97604,
                                                "Plan Width": 4,
                                                "Actual Startup Time": 103.921,
                                                "Actual Total Time": 103.922,
                                                "Actual Rows": 46225,
                                                "Actual Loops": 6,
                                                "Output": [
                                                    "t.id"
                                                ],
                                                "Hash Buckets": 524288,
                                                "Original Hash Buckets": 524288,
                                                "Hash Batches": 1,
                                                "Original Hash Batches": 1,
                                                "Peak Memory Usage": 15040,
                                                "Workers": [
                                                    {
                                                        "Worker Number": 0,
                                                        "Actual Startup Time": 102.678,
                                                        "Actual Total Time": 102.679,
                                                        "Actual Rows": 34734,
                                                        "Actual Loops": 1
                                                    },
                                                    {
                                                        "Worker Number": 1,
                                                        "Actual Startup Time": 103.693,
                                                        "Actual Total Time": 103.694,
                                                        "Actual Rows": 38265,
                                                        "Actual Loops": 1
                                                    },
                                                    {
                                                        "Worker Number": 2,
                                                        "Actual Startup Time": 104.179,
                                                        "Actual Total Time": 104.181,
                                                        "Actual Rows": 39239,
                                                        "Actual Loops": 1
                                                    },
                                                    {
                                                        "Worker Number": 3,
                                                        "Actual Startup Time": 104.466,
                                                        "Actual Total Time": 104.467,
                                                        "Actual Rows": 38041,
                                                        "Actual Loops": 1
                                                    },
                                                    {
                                                        "Worker Number": 4,
                                                        "Actual Startup Time": 104.599,
                                                        "Actual Total Time": 104.599,
                                                        "Actual Rows": 49259,
                                                        "Actual Loops": 1
                                                    }
                                                ],
                                                "Plans": [
                                                    {
                                                        "Node Type": "Seq Scan",
                                                        "Parent Relationship": "Outer",
                                                        "Parallel Aware": true,
                                                        "Relation Name": "title",
                                                        "Schema": "public",
                                                        "Alias": "t",
                                                        "Startup Cost": 0.0,
                                                        "Total Cost": 45479.21,
                                                        "Plan Rows": 97604,
                                                        "Plan Width": 4,
                                                        "Actual Startup Time": 0.071,
                                                        "Actual Total Time": 83.166,
                                                        "Actual Rows": 46225,
                                                        "Actual Loops": 6,
                                                        "Output": [
                                                            "t.id"
                                                        ],
                                                        "Filter": "((t.production_year < 1988) AND (t.kind_id = 7))",
                                                        "Rows Removed by Filter": 375160,
                                                        "Workers": [
                                                            {
                                                                "Worker Number": 0,
                                                                "Actual Startup Time": 0.075,
                                                                "Actual Total Time": 82.121,
                                                                "Actual Rows": 34734,
                                                                "Actual Loops": 1
                                                            },
                                                            {
                                                                "Worker Number": 1,
                                                                "Actual Startup Time": 0.068,
                                                                "Actual Total Time": 84.661,
                                                                "Actual Rows": 38265,
                                                                "Actual Loops": 1
                                                            },
                                                            {
                                                                "Worker Number": 2,
                                                                "Actual Startup Time": 0.085,
                                                                "Actual Total Time": 84.393,
                                                                "Actual Rows": 39239,
                                                                "Actual Loops": 1
                                                            },
                                                            {
                                                                "Worker Number": 3,
                                                                "Actual Startup Time": 0.088,
                                                                "Actual Total Time": 84.394,
                                                                "Actual Rows": 38041,
                                                                "Actual Loops": 1
                                                            },
                                                            {
                                                                "Worker Number": 4,
                                                                "Actual Startup Time": 0.089,
                                                                "Actual Total Time": 83.529,
                                                                "Actual Rows": 49259,
                                                                "Actual Loops": 1
                                                            }
                                                        ]
                                                    }
                                                ]
                                            }
                                        ]
                                    },
                                    {
                                        "Node Type": "Index Only Scan",
                                        "Parent Relationship": "Inner",
                                        "Parallel Aware": false,
                                        "Scan Direction": "Forward",
                                        "Index Name": "movie_id_cast_info",
                                        "Relation Name": "cast_info",
                                        "Schema": "public",
                                        "Alias": "ci",
                                        "Startup Cost": 0.56,
                                        "Total Cost": 2.23,
                                        "Plan Rows": 38,
                                        "Plan Width": 4,
                                        "Actual Startup Time": 0.009,
                                        "Actual Total Time": 0.067,
                                        "Actual Rows": 22,
                                        "Actual Loops": 4282,
                                        "Output": [
                                            "ci.movie_id"
                                        ],
                                        "Index Cond": "(ci.movie_id = mi.movie_id)",
                                        "Rows Removed by Index Recheck": 0,
                                        "Heap Fetches": 93366,
                                        "Workers": [
                                            {
                                                "Worker Number": 0,
                                                "Actual Startup Time": 0.013,
                                                "Actual Total Time": 0.102,
                                                "Actual Rows": 24,
                                                "Actual Loops": 512
                                            },
                                            {
                                                "Worker Number": 1,
                                                "Actual Startup Time": 0.013,
                                                "Actual Total Time": 0.104,
                                                "Actual Rows": 22,
                                                "Actual Loops": 457
                                            },
                                            {
                                                "Worker Number": 2,
                                                "Actual Startup Time": 0.012,
                                                "Actual Total Time": 0.1,
                                                "Actual Rows": 23,
                                                "Actual Loops": 491
                                            },
                                            {
                                                "Worker Number": 3,
                                                "Actual Startup Time": 0.015,
                                                "Actual Total Time": 0.13,
                                                "Actual Rows": 22,
                                                "Actual Loops": 390
                                            },
                                            {
                                                "Worker Number": 4,
                                                "Actual Startup Time": 0.008,
                                                "Actual Total Time": 0.069,
                                                "Actual Rows": 20,
                                                "Actual Loops": 747
                                            }
                                        ]
                                    }
                                ]
                            }
                        ]
                    }
                ]
            }
        ]
    },
    "Planning Time": 1.604,
    "Triggers": [],
    "Execution Time": 591.834
}