{
    "Plan": {
        "Node Type": "Aggregate",
        "Strategy": "Plain",
        "Partial Mode": "Simple",
        "Parallel Aware": false,
        "Startup Cost": 10003668296.36,
        "Total Cost": 10003668296.37,
        "Plan Rows": 1,
        "Plan Width": 8,
        "Actual Startup Time": 4696.643,
        "Actual Total Time": 4696.648,
        "Actual Rows": 1,
        "Actual Loops": 1,
        "Output": [
            "count(*)"
        ],
        "Plans": [
            {
                "Node Type": "Hash Join",
                "Parent Relationship": "Outer",
                "Parallel Aware": false,
                "Join Type": "Inner",
                "Startup Cost": 10000397723.2,
                "Total Cost": 10003666092.54,
                "Plan Rows": 881526,
                "Plan Width": 0,
                "Actual Startup Time": 2169.455,
                "Actual Total Time": 4629.619,
                "Actual Rows": 1707014,
                "Actual Loops": 1,
                "Inner Unique": false,
                "Hash Cond": "(t.id = mi.movie_id)",
                "Plans": [
                    {
                        "Node Type": "Hash Join",
                        "Parent Relationship": "Outer",
                        "Parallel Aware": false,
                        "Join Type": "Inner",
                        "Startup Cost": 10000027862.6,
                        "Total Cost": 10000158631.24,
                        "Plan Rows": 462496,
                        "Plan Width": 8,
                        "Actual Startup Time": 174.904,
                        "Actual Total Time": 2248.692,
                        "Actual Rows": 459925,
                        "Actual Loops": 1,
                        "Output": [
                            "t.id",
                            "mi_idx.movie_id"
                        ],
                        "Inner Unique": false,
                        "Hash Cond": "(t.id = mi_idx.movie_id)",
                        "Plans": [
                            {
                                "Node Type": "Index Scan",
                                "Parent Relationship": "Outer",
                                "Parallel Aware": false,
                                "Scan Direction": "Forward",
                                "Index Name": "title_pkey",
                                "Relation Name": "title",
                                "Schema": "public",
                                "Alias": "t",
                                "Startup Cost": 10000000000.43,
                                "Total Cost": 10000110342.1,
                                "Plan Rows": 2528322,
                                "Plan Width": 4,
                                "Actual Startup Time": 0.016,
                                "Actual Total Time": 1353.789,
                                "Actual Rows": 2528312,
                                "Actual Loops": 1,
                                "Output": [
                                    "t.id",
                                    "t.title",
                                    "t.imdb_index",
                                    "t.kind_id",
                                    "t.production_year",
                                    "t.imdb_id",
                                    "t.phonetic_code",
                                    "t.episode_of_id",
                                    "t.season_nr",
                                    "t.episode_nr",
                                    "t.series_years",
                                    "t.md5sum"
                                ]
                            },
                            {
                                "Node Type": "Hash",
                                "Parent Relationship": "Inner",
                                "Parallel Aware": false,
                                "Startup Cost": 22080.97,
                                "Total Cost": 22080.97,
                                "Plan Rows": 462496,
                                "Plan Width": 4,
                                "Actual Startup Time": 173.017,
                                "Actual Total Time": 173.018,
                                "Actual Rows": 459925,
                                "Actual Loops": 1,
                                "Output": [
                                    "mi_idx.movie_id"
                                ],
                                "Hash Buckets": 524288,
                                "Original Hash Buckets": 524288,
                                "Hash Batches": 1,
                                "Original Hash Batches": 1,
                                "Peak Memory Usage": 20266,
                                "Plans": [
                                    {
                                        "Node Type": "Bitmap Heap Scan",
                                        "Parent Relationship": "Outer",
                                        "Parallel Aware": false,
                                        "Relation Name": "movie_info_idx",
                                        "Schema": "public",
                                        "Alias": "mi_idx",
                                        "Startup Cost": 8364.77,
                                        "Total Cost": 22080.97,
                                        "Plan Rows": 462496,
                                        "Plan Width": 4,
                                        "Actual Startup Time": 26.19,
                                        "Actual Total Time": 92.216,
                                        "Actual Rows": 459925,
                                        "Actual Loops": 1,
                                        "Output": [
                                            "mi_idx.movie_id"
                                        ],
                                        "Recheck Cond": "(mi_idx.info_type_id = 100)",
                                        "Rows Removed by Index Recheck": 0,
                                        "Exact Heap Blocks": 7934,
                                        "Lossy Heap Blocks": 0,
                                        "Plans": [
                                            {
                                                "Node Type": "Bitmap Index Scan",
                                                "Parent Relationship": "Outer",
                                                "Parallel Aware": false,
                                                "Index Name": "info_type_id_movie_info_idx",
                                                "Startup Cost": 0.0,
                                                "Total Cost": 8249.15,
                                                "Plan Rows": 462496,
                                                "Plan Width": 0,
                                                "Actual Startup Time": 25.276,
                                                "Actual Total Time": 25.276,
                                                "Actual Rows": 459925,
                                                "Actual Loops": 1,
                                                "Index Cond": "(mi_idx.info_type_id = 100)"
                                            }
                                        ]
                                    }
                                ]
                            }
                        ]
                    },
                    {
                        "Node Type": "Hash",
                        "Parent Relationship": "Inner",
                        "Parallel Aware": false,
                        "Startup Cost": 309622.75,
                        "Total Cost": 309622.75,
                        "Plan Rows": 4819028,
                        "Plan Width": 4,
                        "Actual Startup Time": 1950.132,
                        "Actual Total Time": 1950.133,
                        "Actual Rows": 4923966,
                        "Actual Loops": 1,
                        "Output": [
                            "mi.movie_id"
                        ],
                        "Hash Buckets": 8388608,
                        "Original Hash Buckets": 8388608,
                        "Hash Batches": 1,
                        "Original Hash Batches": 1,
                        "Peak Memory Usage": 238645,
                        "Plans": [
                            {
                                "Node Type": "Bitmap Heap Scan",
                                "Parent Relationship": "Outer",
                                "Parallel Aware": false,
                                "Relation Name": "movie_info",
                                "Schema": "public",
                                "Alias": "mi",
                                "Startup Cost": 87391.9,
                                "Total Cost": 309622.75,
                                "Plan Rows": 4819028,
                                "Plan Width": 4,
                                "Actual Startup Time": 202.125,
                                "Actual Total Time": 842.988,
                                "Actual Rows": 4923966,
                                "Actual Loops": 1,
                                "Output": [
                                    "mi.movie_id"
                                ],
                                "Recheck Cond": "(mi.info_type_id < 5)",
                                "Rows Removed by Index Recheck": 0,
                                "Exact Heap Blocks": 31604,
                                "Lossy Heap Blocks": 0,
                                "Plans": [
                                    {
                                        "Node Type": "Bitmap Index Scan",
                                        "Parent Relationship": "Outer",
                                        "Parallel Aware": false,
                                        "Index Name": "info_type_id_movie_info",
                                        "Startup Cost": 0.0,
                                        "Total Cost": 86187.14,
                                        "Plan Rows": 4819028,
                                        "Plan Width": 0,
                                        "Actual Startup Time": 197.817,
                                        "Actual Total Time": 197.817,
                                        "Actual Rows": 4923966,
                                        "Actual Loops": 1,
                                        "Index Cond": "(mi.info_type_id < 5)"
                                    }
                                ]
                            }
                        ]
                    }
                ]
            }
        ]
    },
    "Planning Time": 3.31,
    "Triggers": [],
    "Execution Time": 4703.013
}