{
  "Plan": {
    "Node Type": "Aggregate",
    "Strategy": "Plain",
    "Partial Mode": "Simple",
    "Parallel Aware": false,
    "Startup Cost": 1535334.14,
    "Total Cost": 1535334.15,
    "Plan Rows": 1,
    "Plan Width": 128,
    "Actual Startup Time": 34530.063,
    "Actual Total Time": 34530.256,
    "Actual Rows": 1,
    "Actual Loops": 1,
    "Plans": [
      {
        "Node Type": "Nested Loop",
        "Parent Relationship": "Outer",
        "Parallel Aware": false,
        "Join Type": "Inner",
        "Startup Cost": 1444703.27,
        "Total Cost": 1535334.13,
        "Plan Rows": 1,
        "Plan Width": 54,
        "Actual Startup Time": 33148.975,
        "Actual Total Time": 34529.793,
        "Actual Rows": 1728,
        "Actual Loops": 1,
        "Inner Unique": false,
        "Join Filter": "(mk.keyword_id = k.id)",
        "Rows Removed by Join Filter": 3491842,
        "Plans": [
          {
            "Node Type": "Seq Scan",
            "Parent Relationship": "Outer",
            "Parallel Aware": false,
            "Relation Name": "keyword",
            "Alias": "k",
            "Startup Cost": 0.0,
            "Total Cost": 3967.82,
            "Plan Rows": 10,
            "Plan Width": 4,
            "Actual Startup Time": 0.21,
            "Actual Total Time": 48.742,
            "Actual Rows": 10,
            "Actual Loops": 1,
            "Filter": "(keyword = ANY ('{superhero,marvel-comics,based-on-comic,tv-special,fight,violence,magnet,web,claw,laser}'::text[]))",
            "Rows Removed by Filter": 134160
          },
          {
            "Node Type": "Materialize",
            "Parent Relationship": "Inner",
            "Parallel Aware": false,
            "Startup Cost": 1444703.27,
            "Total Cost": 1531363.65,
            "Plan Rows": 18,
            "Plan Width": 58,
            "Actual Startup Time": 3314.032,
            "Actual Total Time": 3418.45,
            "Actual Rows": 349357,
            "Actual Loops": 10,
            "Plans": [
              {
                "Node Type": "Nested Loop",
                "Parent Relationship": "Outer",
                "Parallel Aware": false,
                "Join Type": "Inner",
                "Startup Cost": 1444703.27,
                "Total Cost": 1531363.56,
                "Plan Rows": 18,
                "Plan Width": 58,
                "Actual Startup Time": 33140.293,
                "Actual Total Time": 33797.957,
                "Actual Rows": 349357,
                "Actual Loops": 1,
                "Inner Unique": false,
                "Join Filter": "(cc.subject_id = cct1.id)",
                "Rows Removed by Join Filter": 117853,
                "Plans": [
                  {
                    "Node Type": "Seq Scan",
                    "Parent Relationship": "Outer",
                    "Parallel Aware": false,
                    "Relation Name": "comp_cast_type",
                    "Alias": "cct1",
                    "Startup Cost": 0.0,
                    "Total Cost": 1.05,
                    "Plan Rows": 1,
                    "Plan Width": 4,
                    "Actual Startup Time": 0.006,
                    "Actual Total Time": 0.01,
                    "Actual Rows": 1,
                    "Actual Loops": 1,
                    "Filter": "((kind)::text = 'cast'::text)",
                    "Rows Removed by Filter": 3
                  },
                  {
                    "Node Type": "Hash Join",
                    "Parent Relationship": "Inner",
                    "Parallel Aware": false,
                    "Join Type": "Inner",
                    "Startup Cost": 1444703.27,
                    "Total Cost": 1531361.6,
                    "Plan Rows": 73,
                    "Plan Width": 62,
                    "Actual Startup Time": 33140.284,
                    "Actual Total Time": 33760.423,
                    "Actual Rows": 467210,
                    "Actual Loops": 1,
                    "Inner Unique": false,
                    "Hash Cond": "(mk.movie_id = t.id)",
                    "Plans": [
                      {
                        "Node Type": "Seq Scan",
                        "Parent Relationship": "Outer",
                        "Parallel Aware": false,
                        "Relation Name": "movie_keyword",
                        "Alias": "mk",
                        "Startup Cost": 0.0,
                        "Total Cost": 69693.3,
                        "Plan Rows": 4523930,
                        "Plan Width": 8,
                        "Actual Startup Time": 0.012,
                        "Actual Total Time": 396.953,
                        "Actual Rows": 4523930,
                        "Actual Loops": 1
                      },
                      {
                        "Node Type": "Hash",
                        "Parent Relationship": "Inner",
                        "Parallel Aware": false,
                        "Startup Cost": 1444703.07,
                        "Total Cost": 1444703.07,
                        "Plan Rows": 16,
                        "Plan Width": 74,
                        "Actual Startup Time": 33015.579,
                        "Actual Total Time": 33015.766,
                        "Actual Rows": 2774,
                        "Actual Loops": 1,
                        "Hash Buckets": 4096,
                        "Original Hash Buckets": 1024,
                        "Hash Batches": 1,
                        "Original Hash Batches": 1,
                        "Peak Memory Usage": 325,
                        "Plans": [
                          {
                            "Node Type": "Nested Loop",
                            "Parent Relationship": "Outer",
                            "Parallel Aware": false,
                            "Join Type": "Inner",
                            "Startup Cost": 1326518.51,
                            "Total Cost": 1444703.07,
                            "Plan Rows": 16,
                            "Plan Width": 74,
                            "Actual Startup Time": 23811.092,
                            "Actual Total Time": 33013.355,
                            "Actual Rows": 2774,
                            "Actual Loops": 1,
                            "Inner Unique": false,
                            "Join Filter": "(cc.status_id = cct2.id)",
                            "Rows Removed by Join Filter": 2774,
                            "Plans": [
                              {
                                "Node Type": "Seq Scan",
                                "Parent Relationship": "Outer",
                                "Parallel Aware": false,
                                "Relation Name": "comp_cast_type",
                                "Alias": "cct2",
                                "Startup Cost": 0.0,
                                "Total Cost": 1.05,
                                "Plan Rows": 1,
                                "Plan Width": 4,
                                "Actual Startup Time": 0.006,
                                "Actual Total Time": 0.01,
                                "Actual Rows": 2,
                                "Actual Loops": 1,
                                "Filter": "((kind)::text ~~ '%complete%'::text)",
                                "Rows Removed by Filter": 2
                              },
                              {
                                "Node Type": "Hash Join",
                                "Parent Relationship": "Inner",
                                "Parallel Aware": false,
                                "Join Type": "Inner",
                                "Startup Cost": 1326518.51,
                                "Total Cost": 1444701.23,
                                "Plan Rows": 63,
                                "Plan Width": 78,
                                "Actual Startup Time": 11908.686,
                                "Actual Total Time": 16506.245,
                                "Actual Rows": 2774,
                                "Actual Loops": 2,
                                "Inner Unique": true,
                                "Hash Cond": "(t.kind_id = kt.id)",
                                "Plans": [
                                  {
                                    "Node Type": "Nested Loop",
                                    "Parent Relationship": "Outer",
                                    "Parallel Aware": false,
                                    "Join Type": "Inner",
                                    "Startup Cost": 1326517.41,
                                    "Total Cost": 1444698.28,
                                    "Plan Rows": 440,
                                    "Plan Width": 82,
                                    "Actual Startup Time": 11898.321,
                                    "Actual Total Time": 16504.43,
                                    "Actual Rows": 10446,
                                    "Actual Loops": 2,
                                    "Inner Unique": true,
                                    "Plans": [
                                      {
                                        "Node Type": "Nested Loop",
                                        "Parent Relationship": "Outer",
                                        "Parallel Aware": false,
                                        "Join Type": "Inner",
                                        "Startup Cost": 1326516.98,
                                        "Total Cost": 1444333.85,
                                        "Plan Rows": 801,
                                        "Plan Width": 57,
                                        "Actual Startup Time": 11897.556,
                                        "Actual Total Time": 16327.799,
                                        "Actual Rows": 43538,
                                        "Actual Loops": 2,
                                        "Inner Unique": false,
                                        "Join Filter": "(mi_idx.info_type_id = it2.id)",
                                        "Rows Removed by Join Filter": 23897,
                                        "Plans": [
                                          {
                                            "Node Type": "Seq Scan",
                                            "Parent Relationship": "Outer",
                                            "Parallel Aware": false,
                                            "Relation Name": "info_type",
                                            "Alias": "it2",
                                            "Startup Cost": 0.0,
                                            "Total Cost": 2.41,
                                            "Plan Rows": 1,
                                            "Plan Width": 4,
                                            "Actual Startup Time": 0.014,
                                            "Actual Total Time": 0.019,
                                            "Actual Rows": 1,
                                            "Actual Loops": 2,
                                            "Filter": "((info)::text = 'rating'::text)",
                                            "Rows Removed by Filter": 112
                                          },
                                          {
                                            "Node Type": "Hash Join",
                                            "Parent Relationship": "Inner",
                                            "Parallel Aware": false,
                                            "Join Type": "Inner",
                                            "Startup Cost": 1326516.98,
                                            "Total Cost": 1443199.47,
                                            "Plan Rows": 90557,
                                            "Plan Width": 61,
                                            "Actual Startup Time": 11897.539,
                                            "Actual Total Time": 16321.287,
                                            "Actual Rows": 67435,
                                            "Actual Loops": 2,
                                            "Inner Unique": true,
                                            "Hash Cond": "(ci.person_role_id = chn.id)",
                                            "Plans": [
                                              {
                                                "Node Type": "Hash Join",
                                                "Parent Relationship": "Outer",
                                                "Parallel Aware": false,
                                                "Join Type": "Inner",
                                                "Startup Cost": 1245465.21,
                                                "Total Cost": 1359509.18,
                                                "Plan Rows": 1005151,
                                                "Plan Width": 49,
                                                "Actual Startup Time": 11692.089,
                                                "Actual Total Time": 15891.164,
                                                "Actual Rows": 1974381,
                                                "Actual Loops": 2,
                                                "Inner Unique": false,
                                                "Hash Cond": "(ci.movie_id = mi_idx.movie_id)",
                                                "Plans": [
                                                  {
                                                    "Node Type": "Hash Join",
                                                    "Parent Relationship": "Outer",
                                                    "Parallel Aware": false,
                                                    "Join Type": "Inner",
                                                    "Startup Cost": 1217867.02,
                                                    "Total Cost": 1290294.87,
                                                    "Plan Rows": 5050339,
                                                    "Plan Width": 35,
                                                    "Actual Startup Time": 11481.294,
                                                    "Actual Total Time": 15167.616,
                                                    "Actual Rows": 5212164,
                                                    "Actual Loops": 2,
                                                    "Inner Unique": true,
                                                    "Hash Cond": "(ci.person_id = n.id)",
                                                    "Plans": [
                                                      {
                                                        "Node Type": "Hash Join",
                                                        "Parent Relationship": "Outer",
                                                        "Parallel Aware": false,
                                                        "Join Type": "Inner",
                                                        "Startup Cost": 1068488.04,
                                                        "Total Cost": 1127658.73,
                                                        "Plan Rows": 5050339,
                                                        "Plan Width": 24,
                                                        "Actual Startup Time": 10250.031,
                                                        "Actual Total Time": 11820.851,
                                                        "Actual Rows": 5212164,
                                                        "Actual Loops": 2,
                                                        "Inner Unique": false,
                                                        "Hash Cond": "(cc.movie_id = ci.movie_id)",
                                                        "Plans": [
                                                          {
                                                            "Node Type": "Seq Scan",
                                                            "Parent Relationship": "Outer",
                                                            "Parallel Aware": false,
                                                            "Relation Name": "complete_cast",
                                                            "Alias": "cc",
                                                            "Startup Cost": 0.0,
                                                            "Total Cost": 2081.86,
                                                            "Plan Rows": 135086,
                                                            "Plan Width": 12,
                                                            "Actual Startup Time": 0.03,
                                                            "Actual Total Time": 20.145,
                                                            "Actual Rows": 135086,
                                                            "Actual Loops": 2
                                                          },
                                                          {
                                                            "Node Type": "Hash",
                                                            "Parent Relationship": "Inner",
                                                            "Parallel Aware": false,
                                                            "Startup Cost": 615265.24,
                                                            "Total Cost": 615265.24,
                                                            "Plan Rows": 36257824,
                                                            "Plan Width": 12,
                                                            "Actual Startup Time": 20212.481,
                                                            "Actual Total Time": 20212.482,
                                                            "Actual Rows": 36244344,
                                                            "Actual Loops": 1,
                                                            "Hash Buckets": 67108864,
                                                            "Original Hash Buckets": 67108864,
                                                            "Hash Batches": 1,
                                                            "Original Hash Batches": 1,
                                                            "Peak Memory Usage": 2008722,
                                                            "Plans": [
                                                              {
                                                                "Node Type": "Seq Scan",
                                                                "Parent Relationship": "Outer",
                                                                "Parallel Aware": false,
                                                                "Relation Name": "cast_info",
                                                                "Alias": "ci",
                                                                "Startup Cost": 0.0,
                                                                "Total Cost": 615265.24,
                                                                "Plan Rows": 36257824,
                                                                "Plan Width": 12,
                                                                "Actual Startup Time": 0.037,
                                                                "Actual Total Time": 5243.186,
                                                                "Actual Rows": 36244344,
                                                                "Actual Loops": 1
                                                              }
                                                            ]
                                                          }
                                                        ]
                                                      },
                                                      {
                                                        "Node Type": "Hash",
                                                        "Parent Relationship": "Inner",
                                                        "Parallel Aware": false,
                                                        "Startup Cost": 97286.77,
                                                        "Total Cost": 97286.77,
                                                        "Plan Rows": 4167377,
                                                        "Plan Width": 19,
                                                        "Actual Startup Time": 2429.595,
                                                        "Actual Total Time": 2429.596,
                                                        "Actual Rows": 4167491,
                                                        "Actual Loops": 1,
                                                        "Hash Buckets": 4194304,
                                                        "Original Hash Buckets": 4194304,
                                                        "Hash Batches": 1,
                                                        "Original Hash Batches": 1,
                                                        "Peak Memory Usage": 248744,
                                                        "Plans": [
                                                          {
                                                            "Node Type": "Seq Scan",
                                                            "Parent Relationship": "Outer",
                                                            "Parallel Aware": false,
                                                            "Relation Name": "name",
                                                            "Alias": "n",
                                                            "Startup Cost": 0.0,
                                                            "Total Cost": 97286.77,
                                                            "Plan Rows": 4167377,
                                                            "Plan Width": 19,
                                                            "Actual Startup Time": 0.068,
                                                            "Actual Total Time": 883.316,
                                                            "Actual Rows": 4167491,
                                                            "Actual Loops": 1
                                                          }
                                                        ]
                                                      }
                                                    ]
                                                  },
                                                  {
                                                    "Node Type": "Hash",
                                                    "Parent Relationship": "Inner",
                                                    "Parallel Aware": false,
                                                    "Startup Cost": 25185.44,
                                                    "Total Cost": 25185.44,
                                                    "Plan Rows": 193020,
                                                    "Plan Width": 14,
                                                    "Actual Startup Time": 419.388,
                                                    "Actual Total Time": 419.389,
                                                    "Actual Rows": 192839,
                                                    "Actual Loops": 1,
                                                    "Hash Buckets": 262144,
                                                    "Original Hash Buckets": 262144,
                                                    "Hash Batches": 1,
                                                    "Original Hash Batches": 1,
                                                    "Peak Memory Usage": 10355,
                                                    "Plans": [
                                                      {
                                                        "Node Type": "Seq Scan",
                                                        "Parent Relationship": "Outer",
                                                        "Parallel Aware": false,
                                                        "Relation Name": "movie_info_idx",
                                                        "Alias": "mi_idx",
                                                        "Startup Cost": 0.0,
                                                        "Total Cost": 25185.44,
                                                        "Plan Rows": 193020,
                                                        "Plan Width": 14,
                                                        "Actual Startup Time": 0.051,
                                                        "Actual Total Time": 353.061,
                                                        "Actual Rows": 192839,
                                                        "Actual Loops": 1,
                                                        "Filter": "(info > '7.0'::text)",
                                                        "Rows Removed by Filter": 1187196
                                                      }
                                                    ]
                                                  }
                                                ]
                                              },
                                              {
                                                "Node Type": "Hash",
                                                "Parent Relationship": "Inner",
                                                "Parallel Aware": false,
                                                "Startup Cost": 77515.35,
                                                "Total Cost": 77515.35,
                                                "Plan Rows": 282914,
                                                "Plan Width": 20,
                                                "Actual Startup Time": 404.376,
                                                "Actual Total Time": 404.543,
                                                "Actual Rows": 180152,
                                                "Actual Loops": 1,
                                                "Hash Buckets": 524288,
                                                "Original Hash Buckets": 524288,
                                                "Hash Batches": 1,
                                                "Original Hash Batches": 1,
                                                "Peak Memory Usage": 14028,
                                                "Plans": [
                                                  {
                                                    "Node Type": "Gather",
                                                    "Parent Relationship": "Outer",
                                                    "Parallel Aware": false,
                                                    "Startup Cost": 1000.0,
                                                    "Total Cost": 77515.35,
                                                    "Plan Rows": 282914,
                                                    "Plan Width": 20,
                                                    "Actual Startup Time": 0.68,
                                                    "Actual Total Time": 334.975,
                                                    "Actual Rows": 180152,
                                                    "Actual Loops": 1,
                                                    "Workers Planned": 4,
                                                    "Workers Launched": 4,
                                                    "Single Copy": false,
                                                    "Plans": [
                                                      {
                                                        "Node Type": "Seq Scan",
                                                        "Parent Relationship": "Outer",
                                                        "Parallel Aware": true,
                                                        "Relation Name": "char_name",
                                                        "Alias": "chn",
                                                        "Startup Cost": 0.0,
                                                        "Total Cost": 48223.94,
                                                        "Plan Rows": 70728,
                                                        "Plan Width": 20,
                                                        "Actual Startup Time": 0.111,
                                                        "Actual Total Time": 357.978,
                                                        "Actual Rows": 36030,
                                                        "Actual Loops": 5,
                                                        "Filter": "((name IS NOT NULL) AND ((name ~~ '%man%'::text) OR (name ~~ '%Man%'::text)))",
                                                        "Rows Removed by Filter": 592037
                                                      }
                                                    ]
                                                  }
                                                ]
                                              }
                                            ]
                                          }
                                        ]
                                      },
                                      {
                                        "Node Type": "Index Scan",
                                        "Parent Relationship": "Inner",
                                        "Parallel Aware": false,
                                        "Scan Direction": "Forward",
                                        "Index Name": "title_pkey",
                                        "Relation Name": "title",
                                        "Alias": "t",
                                        "Startup Cost": 0.43,
                                        "Total Cost": 0.45,
                                        "Plan Rows": 1,
                                        "Plan Width": 25,
                                        "Actual Startup Time": 0.004,
                                        "Actual Total Time": 0.004,
                                        "Actual Rows": 0,
                                        "Actual Loops": 87076,
                                        "Index Cond": "(id = ci.movie_id)",
                                        "Rows Removed by Index Recheck": 0,
                                        "Filter": "(production_year > 2000)",
                                        "Rows Removed by Filter": 1
                                      }
                                    ]
                                  },
                                  {
                                    "Node Type": "Hash",
                                    "Parent Relationship": "Inner",
                                    "Parallel Aware": false,
                                    "Startup Cost": 1.09,
                                    "Total Cost": 1.09,
                                    "Plan Rows": 1,
                                    "Plan Width": 4,
                                    "Actual Startup Time": 0.014,
                                    "Actual Total Time": 0.016,
                                    "Actual Rows": 1,
                                    "Actual Loops": 1,
                                    "Hash Buckets": 1024,
                                    "Original Hash Buckets": 1024,
                                    "Hash Batches": 1,
                                    "Original Hash Batches": 1,
                                    "Peak Memory Usage": 9,
                                    "Plans": [
                                      {
                                        "Node Type": "Seq Scan",
                                        "Parent Relationship": "Outer",
                                        "Parallel Aware": false,
                                        "Relation Name": "kind_type",
                                        "Alias": "kt",
                                        "Startup Cost": 0.0,
                                        "Total Cost": 1.09,
                                        "Plan Rows": 1,
                                        "Plan Width": 4,
                                        "Actual Startup Time": 0.006,
                                        "Actual Total Time": 0.008,
                                        "Actual Rows": 1,
                                        "Actual Loops": 1,
                                        "Filter": "((kind)::text = 'movie'::text)",
                                        "Rows Removed by Filter": 6
                                      }
                                    ]
                                  }
                                ]
                              }
                            ]
                          }
                        ]
                      }
                    ]
                  }
                ]
              }
            ]
          }
        ]
      }
    ]
  },
  "Planning Time": 69.121,
  "Triggers": [],
  "Execution Time": 34613.717
}