[
  {
    "Plan": {
      "Node Type": "Aggregate",
      "Strategy": "Plain",
      "Partial Mode": "Finalize",
      "Parallel Aware": false,
      "Startup Cost": 246581.24,
      "Total Cost": 246581.25,
      "Plan Rows": 1,
      "Plan Width": 8,
      "Actual Startup Time": 885.876,
      "Actual Total Time": 950.37,
      "Actual Rows": 1,
      "Actual Loops": 1,
      "Plans": [
        {
          "Node Type": "Gather",
          "Parent Relationship": "Outer",
          "Parallel Aware": false,
          "Startup Cost": 246580.72,
          "Total Cost": 246581.23,
          "Plan Rows": 5,
          "Plan Width": 8,
          "Actual Startup Time": 884.419,
          "Actual Total Time": 950.359,
          "Actual Rows": 6,
          "Actual Loops": 1,
          "Workers Planned": 5,
          "Workers Launched": 5,
          "Single Copy": false,
          "Plans": [
            {
              "Node Type": "Aggregate",
              "Strategy": "Plain",
              "Partial Mode": "Partial",
              "Parent Relationship": "Outer",
              "Parallel Aware": false,
              "Startup Cost": 245580.72,
              "Total Cost": 245580.73,
              "Plan Rows": 1,
              "Plan Width": 8,
              "Actual Startup Time": 876.592,
              "Actual Total Time": 876.633,
              "Actual Rows": 1,
              "Actual Loops": 6,
              "Plans": [
                {
                  "Node Type": "Hash Join",
                  "Parent Relationship": "Outer",
                  "Parallel Aware": true,
                  "Join Type": "Inner",
                  "Startup Cost": 45800.15,
                  "Total Cost": 245279.55,
                  "Plan Rows": 120465,
                  "Plan Width": 0,
                  "Actual Startup Time": 115.983,
                  "Actual Total Time": 852.257,
                  "Actual Rows": 474086,
                  "Actual Loops": 6,
                  "Inner Unique": true,
                  "Hash Cond": "(mi.movie_id = t.id)",
                  "Plans": [
                    {
                      "Node Type": "Seq Scan",
                      "Parent Relationship": "Outer",
                      "Parallel Aware": true,
                      "Relation Name": "movie_info",
                      "Alias": "mi",
                      "Startup Cost": 0.0,
                      "Total Cost": 191685.19,
                      "Plan Rows": 2969219,
                      "Plan Width": 4,
                      "Actual Startup Time": 0.026,
                      "Actual Total Time": 336.416,
                      "Actual Rows": 2472620,
                      "Actual Loops": 6
                    },
                    {
                      "Node Type": "Hash",
                      "Parent Relationship": "Inner",
                      "Parallel Aware": true,
                      "Startup Cost": 45479.59,
                      "Total Cost": 45479.59,
                      "Plan Rows": 25645,
                      "Plan Width": 4,
                      "Actual Startup Time": 102.582,
                      "Actual Total Time": 102.583,
                      "Actual Rows": 39983,
                      "Actual Loops": 6,
                      "Hash Buckets": 262144,
                      "Original Hash Buckets": 131072,
                      "Hash Batches": 1,
                      "Original Hash Batches": 1,
                      "Peak Memory Usage": 12576,
                      "Plans": [
                        {
                          "Node Type": "Seq Scan",
                          "Parent Relationship": "Outer",
                          "Parallel Aware": true,
                          "Relation Name": "title",
                          "Alias": "t",
                          "Startup Cost": 0.0,
                          "Total Cost": 45479.59,
                          "Plan Rows": 25645,
                          "Plan Width": 4,
                          "Actual Startup Time": 51.408,
                          "Actual Total Time": 84.118,
                          "Actual Rows": 39983,
                          "Actual Loops": 6,
                          "Filter": "((production_year < 1973) AND (kind_id = 1))",
                          "Rows Removed by Filter": 381402
                        }
                      ]
                    }
                  ]
                }
              ]
            }
          ]
        }
      ]
    },
    "Planning Time": 0.48,
    "Triggers": [],
    "Execution Time": 950.443
  }
]