[
    {
        "Bao": {
            "Bao prediction": "NaN",
            "Bao recommended hint": "(no hint)"
        }
    },
    {
        "Plan": {
            "Node Type": "Aggregate",
            "Strategy": "Plain",
            "Partial Mode": "Finalize",
            "Parallel Aware": false,
            "Startup Cost": 46507.06,
            "Total Cost": 46507.07,
            "Plan Rows": 1,
            "Plan Width": 8,
            "Actual Startup Time": 84.786,
            "Actual Total Time": 93.349,
            "Actual Rows": 1,
            "Actual Loops": 1,
            "Output": [
                "count(*)"
            ],
            "Plans": [
                {
                    "Node Type": "Gather",
                    "Parent Relationship": "Outer",
                    "Parallel Aware": false,
                    "Startup Cost": 46506.64,
                    "Total Cost": 46507.05,
                    "Plan Rows": 4,
                    "Plan Width": 8,
                    "Actual Startup Time": 84.636,
                    "Actual Total Time": 93.342,
                    "Actual Rows": 5,
                    "Actual Loops": 1,
                    "Output": [
                        "(PARTIAL count(*))"
                    ],
                    "Workers Planned": 4,
                    "Workers Launched": 4,
                    "Single Copy": false,
                    "Plans": [
                        {
                            "Node Type": "Aggregate",
                            "Strategy": "Plain",
                            "Partial Mode": "Partial",
                            "Parent Relationship": "Outer",
                            "Parallel Aware": false,
                            "Startup Cost": 45506.64,
                            "Total Cost": 45506.65,
                            "Plan Rows": 1,
                            "Plan Width": 8,
                            "Actual Startup Time": 75.976,
                            "Actual Total Time": 75.977,
                            "Actual Rows": 1,
                            "Actual Loops": 5,
                            "Output": [
                                "PARTIAL count(*)"
                            ],
                            "Workers": [
                                {
                                    "Worker Number": 0,
                                    "Actual Startup Time": 73.413,
                                    "Actual Total Time": 73.414,
                                    "Actual Rows": 1,
                                    "Actual Loops": 1
                                },
                                {
                                    "Worker Number": 1,
                                    "Actual Startup Time": 73.692,
                                    "Actual Total Time": 73.694,
                                    "Actual Rows": 1,
                                    "Actual Loops": 1
                                },
                                {
                                    "Worker Number": 2,
                                    "Actual Startup Time": 74.019,
                                    "Actual Total Time": 74.02,
                                    "Actual Rows": 1,
                                    "Actual Loops": 1
                                },
                                {
                                    "Worker Number": 3,
                                    "Actual Startup Time": 74.455,
                                    "Actual Total Time": 74.456,
                                    "Actual Rows": 1,
                                    "Actual Loops": 1
                                }
                            ],
                            "Plans": [
                                {
                                    "Node Type": "Seq Scan",
                                    "Parent Relationship": "Outer",
                                    "Parallel Aware": true,
                                    "Relation Name": "title",
                                    "Schema": "public",
                                    "Alias": "t",
                                    "Startup Cost": 0.0,
                                    "Total Cost": 45479.21,
                                    "Plan Rows": 10971,
                                    "Plan Width": 0,
                                    "Actual Startup Time": 38.605,
                                    "Actual Total Time": 75.502,
                                    "Actual Rows": 7912,
                                    "Actual Loops": 5,
                                    "Output": [
                                        "id",
                                        "title",
                                        "imdb_index",
                                        "kind_id",
                                        "production_year",
                                        "imdb_id",
                                        "phonetic_code",
                                        "episode_of_id",
                                        "season_nr",
                                        "episode_nr",
                                        "series_years",
                                        "md5sum"
                                    ],
                                    "Filter": "((t.kind_id < 2) AND (t.production_year = 2012))",
                                    "Rows Removed by Filter": 497750,
                                    "Workers": [
                                        {
                                            "Worker Number": 0,
                                            "Actual Startup Time": 48.972,
                                            "Actual Total Time": 72.941,
                                            "Actual Rows": 6999,
                                            "Actual Loops": 1
                                        },
                                        {
                                            "Worker Number": 1,
                                            "Actual Startup Time": 45.032,
                                            "Actual Total Time": 73.232,
                                            "Actual Rows": 6909,
                                            "Actual Loops": 1
                                        },
                                        {
                                            "Worker Number": 2,
                                            "Actual Startup Time": 44.795,
                                            "Actual Total Time": 73.554,
                                            "Actual Rows": 6851,
                                            "Actual Loops": 1
                                        },
                                        {
                                            "Worker Number": 3,
                                            "Actual Startup Time": 45.363,
                                            "Actual Total Time": 73.977,
                                            "Actual Rows": 6880,
                                            "Actual Loops": 1
                                        }
                                    ]
                                }
                            ]
                        }
                    ]
                }
            ]
        },
        "Planning Time": 202.123,
        "Triggers": [],
        "Execution Time": 93.4
    }
]