[
  {
    "Plan": {
      "Node Type": "Aggregate",
      "Strategy": "Plain",
      "Partial Mode": "Finalize",
      "Parallel Aware": false,
      "Startup Cost": 46878.82,
      "Total Cost": 46878.83,
      "Plan Rows": 1,
      "Plan Width": 8,
      "Actual Startup Time": 164.481,
      "Actual Total Time": 175.362,
      "Actual Rows": 1,
      "Actual Loops": 1,
      "Plans": [
        {
          "Node Type": "Gather",
          "Parent Relationship": "Outer",
          "Parallel Aware": false,
          "Startup Cost": 46878.5,
          "Total Cost": 46878.81,
          "Plan Rows": 3,
          "Plan Width": 8,
          "Actual Startup Time": 164.308,
          "Actual Total Time": 175.352,
          "Actual Rows": 4,
          "Actual Loops": 1,
          "Workers Planned": 3,
          "Workers Launched": 3,
          "Single Copy": false,
          "Plans": [
            {
              "Node Type": "Aggregate",
              "Strategy": "Plain",
              "Partial Mode": "Partial",
              "Parent Relationship": "Outer",
              "Parallel Aware": false,
              "Startup Cost": 45878.5,
              "Total Cost": 45878.51,
              "Plan Rows": 1,
              "Plan Width": 8,
              "Actual Startup Time": 158.253,
              "Actual Total Time": 158.255,
              "Actual Rows": 1,
              "Actual Loops": 4,
              "Plans": [
                {
                  "Node Type": "Seq Scan",
                  "Parent Relationship": "Outer",
                  "Parallel Aware": true,
                  "Relation Name": "movie_keyword",
                  "Alias": "mk",
                  "Startup Cost": 0.0,
                  "Total Cost": 42695.65,
                  "Plan Rows": 1273140,
                  "Plan Width": 0,
                  "Actual Startup Time": 0.07,
                  "Actual Total Time": 116.742,
                  "Actual Rows": 984286,
                  "Actual Loops": 4,
                  "Filter": "(keyword_id > 421)",
                  "Rows Removed by Filter": 146697
                }
              ]
            }
          ]
        }
      ]
    },
    "Planning Time": 0.177,
    "Triggers": [],
    "Execution Time": 175.413
  }
]