{
  "Plan": {
    "Node Type": "Aggregate",
    "Strategy": "Plain",
    "Partial Mode": "Finalize",
    "Parallel Aware": false,
    "Startup Cost": 21305.31,
    "Total Cost": 21305.32,
    "Plan Rows": 1,
    "Plan Width": 8,
    "Actual Startup Time": 37.061,
    "Actual Total Time": 41.276,
    "Actual Rows": 1,
    "Actual Loops": 1,
    "Plans": [
      {
        "Node Type": "Gather",
        "Parent Relationship": "Outer",
        "Parallel Aware": false,
        "Startup Cost": 21305.2,
        "Total Cost": 21305.31,
        "Plan Rows": 1,
        "Plan Width": 8,
        "Actual Startup Time": 36.938,
        "Actual Total Time": 41.271,
        "Actual Rows": 2,
        "Actual Loops": 1,
        "Workers Planned": 1,
        "Workers Launched": 1,
        "Single Copy": false,
        "Plans": [
          {
            "Node Type": "Aggregate",
            "Strategy": "Plain",
            "Partial Mode": "Partial",
            "Parent Relationship": "Outer",
            "Parallel Aware": false,
            "Startup Cost": 20305.2,
            "Total Cost": 20305.21,
            "Plan Rows": 1,
            "Plan Width": 8,
            "Actual Startup Time": 31.019,
            "Actual Total Time": 31.02,
            "Actual Rows": 1,
            "Actual Loops": 2,
            "Plans": [
              {
                "Node Type": "Nested Loop",
                "Parent Relationship": "Outer",
                "Parallel Aware": false,
                "Join Type": "Inner",
                "Startup Cost": 47.96,
                "Total Cost": 20301.58,
                "Plan Rows": 1449,
                "Plan Width": 0,
                "Actual Startup Time": 1.764,
                "Actual Total Time": 30.603,
                "Actual Rows": 2398,
                "Actual Loops": 2,
                "Inner Unique": true,
                "Plans": [
                  {
                    "Node Type": "Bitmap Heap Scan",
                    "Parent Relationship": "Outer",
                    "Parallel Aware": true,
                    "Relation Name": "movie_info",
                    "Alias": "mi",
                    "Startup Cost": 47.53,
                    "Total Cost": 8947.96,
                    "Plan Rows": 1449,
                    "Plan Width": 4,
                    "Actual Startup Time": 1.614,
                    "Actual Total Time": 6.311,
                    "Actual Rows": 2398,
                    "Actual Loops": 2,
                    "Recheck Cond": "(info_type_id = 95)",
                    "Rows Removed by Index Recheck": 0,
                    "Exact Heap Blocks": 1266,
                    "Lossy Heap Blocks": 0,
                    "Plans": [
                      {
                        "Node Type": "Bitmap Index Scan",
                        "Parent Relationship": "Outer",
                        "Parallel Aware": false,
                        "Index Name": "info_type_id_movie_info",
                        "Startup Cost": 0.0,
                        "Total Cost": 46.92,
                        "Plan Rows": 2464,
                        "Plan Width": 0,
                        "Actual Startup Time": 2.342,
                        "Actual Total Time": 2.343,
                        "Actual Rows": 4797,
                        "Actual Loops": 1,
                        "Index Cond": "(info_type_id = 95)"
                      }
                    ]
                  },
                  {
                    "Node Type": "Index Only Scan",
                    "Parent Relationship": "Inner",
                    "Parallel Aware": false,
                    "Scan Direction": "Forward",
                    "Index Name": "title_pkey",
                    "Relation Name": "title",
                    "Alias": "t",
                    "Startup Cost": 0.43,
                    "Total Cost": 7.84,
                    "Plan Rows": 1,
                    "Plan Width": 4,
                    "Actual Startup Time": 0.009,
                    "Actual Total Time": 0.009,
                    "Actual Rows": 1,
                    "Actual Loops": 4797,
                    "Index Cond": "(id = mi.movie_id)",
                    "Rows Removed by Index Recheck": 0,
                    "Heap Fetches": 4797
                  }
                ]
              }
            ]
          }
        ]
      }
    ]
  },
  "Planning Time": 0.433,
  "Triggers": [],
  "Execution Time": 41.408
}