{
    "Plan": {
        "Node Type": "Aggregate",
        "Strategy": "Plain",
        "Partial Mode": "Finalize",
        "Parallel Aware": false,
        "Startup Cost": 268032.77,
        "Total Cost": 268032.78,
        "Plan Rows": 1,
        "Plan Width": 8,
        "Actual Startup Time": 696.404,
        "Actual Total Time": 778.465,
        "Actual Rows": 1,
        "Actual Loops": 1,
        "Output": [
            "count(*)"
        ],
        "Plans": [
            {
                "Node Type": "Gather",
                "Parent Relationship": "Outer",
                "Parallel Aware": false,
                "Startup Cost": 268032.25,
                "Total Cost": 268032.76,
                "Plan Rows": 5,
                "Plan Width": 8,
                "Actual Startup Time": 695.184,
                "Actual Total Time": 778.453,
                "Actual Rows": 6,
                "Actual Loops": 1,
                "Output": [
                    "(PARTIAL count(*))"
                ],
                "Workers Planned": 5,
                "Workers Launched": 5,
                "Single Copy": false,
                "Plans": [
                    {
                        "Node Type": "Aggregate",
                        "Strategy": "Plain",
                        "Partial Mode": "Partial",
                        "Parent Relationship": "Outer",
                        "Parallel Aware": false,
                        "Startup Cost": 267032.25,
                        "Total Cost": 267032.26,
                        "Plan Rows": 1,
                        "Plan Width": 8,
                        "Actual Startup Time": 684.269,
                        "Actual Total Time": 684.273,
                        "Actual Rows": 1,
                        "Actual Loops": 6,
                        "Output": [
                            "PARTIAL count(*)"
                        ],
                        "Workers": [
                            {
                                "Worker Number": 0,
                                "Actual Startup Time": 681.812,
                                "Actual Total Time": 681.817,
                                "Actual Rows": 1,
                                "Actual Loops": 1
                            },
                            {
                                "Worker Number": 1,
                                "Actual Startup Time": 682.194,
                                "Actual Total Time": 682.198,
                                "Actual Rows": 1,
                                "Actual Loops": 1
                            },
                            {
                                "Worker Number": 2,
                                "Actual Startup Time": 682.155,
                                "Actual Total Time": 682.16,
                                "Actual Rows": 1,
                                "Actual Loops": 1
                            },
                            {
                                "Worker Number": 3,
                                "Actual Startup Time": 682.033,
                                "Actual Total Time": 682.037,
                                "Actual Rows": 1,
                                "Actual Loops": 1
                            },
                            {
                                "Worker Number": 4,
                                "Actual Startup Time": 683.116,
                                "Actual Total Time": 683.119,
                                "Actual Rows": 1,
                                "Actual Loops": 1
                            }
                        ],
                        "Plans": [
                            {
                                "Node Type": "Nested Loop",
                                "Parent Relationship": "Outer",
                                "Parallel Aware": false,
                                "Join Type": "Inner",
                                "Startup Cost": 44239.85,
                                "Total Cost": 266818.89,
                                "Plan Rows": 85344,
                                "Plan Width": 0,
                                "Actual Startup Time": 99.101,
                                "Actual Total Time": 674.052,
                                "Actual Rows": 183182,
                                "Actual Loops": 6,
                                "Inner Unique": false,
                                "Join Filter": "(t.id = ci.movie_id)",
                                "Rows Removed by Join Filter": 0,
                                "Workers": [
                                    {
                                        "Worker Number": 0,
                                        "Actual Startup Time": 96.593,
                                        "Actual Total Time": 671.881,
                                        "Actual Rows": 155586,
                                        "Actual Loops": 1
                                    },
                                    {
                                        "Worker Number": 1,
                                        "Actual Startup Time": 96.983,
                                        "Actual Total Time": 672.198,
                                        "Actual Rows": 175572,
                                        "Actual Loops": 1
                                    },
                                    {
                                        "Worker Number": 2,
                                        "Actual Startup Time": 97.024,
                                        "Actual Total Time": 672.756,
                                        "Actual Rows": 140707,
                                        "Actual Loops": 1
                                    },
                                    {
                                        "Worker Number": 3,
                                        "Actual Startup Time": 96.828,
                                        "Actual Total Time": 672.661,
                                        "Actual Rows": 141834,
                                        "Actual Loops": 1
                                    },
                                    {
                                        "Worker Number": 4,
                                        "Actual Startup Time": 97.873,
                                        "Actual Total Time": 673.619,
                                        "Actual Rows": 164074,
                                        "Actual Loops": 1
                                    }
                                ],
                                "Plans": [
                                    {
                                        "Node Type": "Hash Join",
                                        "Parent Relationship": "Outer",
                                        "Parallel Aware": true,
                                        "Join Type": "Inner",
                                        "Startup Cost": 44239.28,
                                        "Total Cost": 243482.81,
                                        "Plan Rows": 5952,
                                        "Plan Width": 8,
                                        "Actual Startup Time": 99.02,
                                        "Actual Total Time": 385.003,
                                        "Actual Rows": 5040,
                                        "Actual Loops": 6,
                                        "Output": [
                                            "t.id",
                                            "mi.movie_id"
                                        ],
                                        "Inner Unique": true,
                                        "Hash Cond": "(mi.movie_id = t.id)",
                                        "Workers": [
                                            {
                                                "Worker Number": 0,
                                                "Actual Startup Time": 96.497,
                                                "Actual Total Time": 375.019,
                                                "Actual Rows": 3851,
                                                "Actual Loops": 1
                                            },
                                            {
                                                "Worker Number": 1,
                                                "Actual Startup Time": 96.903,
                                                "Actual Total Time": 378.988,
                                                "Actual Rows": 4489,
                                                "Actual Loops": 1
                                            },
                                            {
                                                "Worker Number": 2,
                                                "Actual Startup Time": 96.933,
                                                "Actual Total Time": 379.708,
                                                "Actual Rows": 3939,
                                                "Actual Loops": 1
                                            },
                                            {
                                                "Worker Number": 3,
                                                "Actual Startup Time": 96.724,
                                                "Actual Total Time": 379.707,
                                                "Actual Rows": 4147,
                                                "Actual Loops": 1
                                            },
                                            {
                                                "Worker Number": 4,
                                                "Actual Startup Time": 97.781,
                                                "Actual Total Time": 379.779,
                                                "Actual Rows": 4446,
                                                "Actual Loops": 1
                                            }
                                        ],
                                        "Plans": [
                                            {
                                                "Node Type": "Seq Scan",
                                                "Parent Relationship": "Outer",
                                                "Parallel Aware": true,
                                                "Relation Name": "movie_info",
                                                "Schema": "public",
                                                "Alias": "mi",
                                                "Startup Cost": 0.0,
                                                "Total Cost": 198880.74,
                                                "Plan Rows": 138206,
                                                "Plan Width": 4,
                                                "Actual Startup Time": 15.84,
                                                "Actual Total Time": 280.856,
                                                "Actual Rows": 110154,
                                                "Actual Loops": 6,
                                                "Output": [
                                                    "mi.id",
                                                    "mi.movie_id",
                                                    "mi.info_type_id",
                                                    "mi.info",
                                                    "mi.note"
                                                ],
                                                "Filter": "(mi.info_type_id = 18)",
                                                "Rows Removed by Filter": 2362466,
                                                "Workers": [
                                                    {
                                                        "Worker Number": 0,
                                                        "Actual Startup Time": 15.908,
                                                        "Actual Total Time": 276.758,
                                                        "Actual Rows": 79651,
                                                        "Actual Loops": 1
                                                    },
                                                    {
                                                        "Worker Number": 1,
                                                        "Actual Startup Time": 15.908,
                                                        "Actual Total Time": 279.912,
                                                        "Actual Rows": 97983,
                                                        "Actual Loops": 1
                                                    },
                                                    {
                                                        "Worker Number": 2,
                                                        "Actual Startup Time": 15.75,
                                                        "Actual Total Time": 279.796,
                                                        "Actual Rows": 87783,
                                                        "Actual Loops": 1
                                                    },
                                                    {
                                                        "Worker Number": 3,
                                                        "Actual Startup Time": 15.758,
                                                        "Actual Total Time": 280.117,
                                                        "Actual Rows": 88040,
                                                        "Actual Loops": 1
                                                    },
                                                    {
                                                        "Worker Number": 4,
                                                        "Actual Startup Time": 15.795,
                                                        "Actual Total Time": 279.967,
                                                        "Actual Rows": 97060,
                                                        "Actual Loops": 1
                                                    }
                                                ]
                                            },
                                            {
                                                "Node Type": "Hash",
                                                "Parent Relationship": "Inner",
                                                "Parallel Aware": true,
                                                "Startup Cost": 43899.01,
                                                "Total Cost": 43899.01,
                                                "Plan Rows": 27222,
                                                "Plan Width": 4,
                                                "Actual Startup Time": 81.549,
                                                "Actual Total Time": 81.55,
                                                "Actual Rows": 18072,
                                                "Actual Loops": 6,
                                                "Output": [
                                                    "t.id"
                                                ],
                                                "Hash Buckets": 131072,
                                                "Original Hash Buckets": 131072,
                                                "Hash Batches": 1,
                                                "Original Hash Batches": 1,
                                                "Peak Memory Usage": 5344,
                                                "Workers": [
                                                    {
                                                        "Worker Number": 0,
                                                        "Actual Startup Time": 80.133,
                                                        "Actual Total Time": 80.135,
                                                        "Actual Rows": 14410,
                                                        "Actual Loops": 1
                                                    },
                                                    {
                                                        "Worker Number": 1,
                                                        "Actual Startup Time": 80.574,
                                                        "Actual Total Time": 80.576,
                                                        "Actual Rows": 16516,
                                                        "Actual Loops": 1
                                                    },
                                                    {
                                                        "Worker Number": 2,
                                                        "Actual Startup Time": 80.281,
                                                        "Actual Total Time": 80.283,
                                                        "Actual Rows": 15031,
                                                        "Actual Loops": 1
                                                    },
                                                    {
                                                        "Worker Number": 3,
                                                        "Actual Startup Time": 80.269,
                                                        "Actual Total Time": 80.27,
                                                        "Actual Rows": 15287,
                                                        "Actual Loops": 1
                                                    },
                                                    {
                                                        "Worker Number": 4,
                                                        "Actual Startup Time": 81.427,
                                                        "Actual Total Time": 81.428,
                                                        "Actual Rows": 16939,
                                                        "Actual Loops": 1
                                                    }
                                                ],
                                                "Plans": [
                                                    {
                                                        "Node Type": "Seq Scan",
                                                        "Parent Relationship": "Outer",
                                                        "Parallel Aware": true,
                                                        "Relation Name": "title",
                                                        "Schema": "public",
                                                        "Alias": "t",
                                                        "Startup Cost": 0.0,
                                                        "Total Cost": 43899.01,
                                                        "Plan Rows": 27222,
                                                        "Plan Width": 4,
                                                        "Actual Startup Time": 0.074,
                                                        "Actual Total Time": 73.002,
                                                        "Actual Rows": 18072,
                                                        "Actual Loops": 6,
                                                        "Output": [
                                                            "t.id"
                                                        ],
                                                        "Filter": "(t.production_year = 2006)",
                                                        "Rows Removed by Filter": 403314,
                                                        "Workers": [
                                                            {
                                                                "Worker Number": 0,
                                                                "Actual Startup Time": 0.07,
                                                                "Actual Total Time": 71.296,
                                                                "Actual Rows": 14410,
                                                                "Actual Loops": 1
                                                            },
                                                            {
                                                                "Worker Number": 1,
                                                                "Actual Startup Time": 0.061,
                                                                "Actual Total Time": 73.009,
                                                                "Actual Rows": 16516,
                                                                "Actual Loops": 1
                                                            },
                                                            {
                                                                "Worker Number": 2,
                                                                "Actual Startup Time": 0.064,
                                                                "Actual Total Time": 72.654,
                                                                "Actual Rows": 15031,
                                                                "Actual Loops": 1
                                                            },
                                                            {
                                                                "Worker Number": 3,
                                                                "Actual Startup Time": 0.077,
                                                                "Actual Total Time": 72.659,
                                                                "Actual Rows": 15287,
                                                                "Actual Loops": 1
                                                            },
                                                            {
                                                                "Worker Number": 4,
                                                                "Actual Startup Time": 0.144,
                                                                "Actual Total Time": 72.209,
                                                                "Actual Rows": 16939,
                                                                "Actual Loops": 1
                                                            }
                                                        ]
                                                    }
                                                ]
                                            }
                                        ]
                                    },
                                    {
                                        "Node Type": "Index Only Scan",
                                        "Parent Relationship": "Inner",
                                        "Parallel Aware": false,
                                        "Scan Direction": "Forward",
                                        "Index Name": "movie_id_cast_info",
                                        "Relation Name": "cast_info",
                                        "Schema": "public",
                                        "Alias": "ci",
                                        "Startup Cost": 0.56,
                                        "Total Cost": 3.45,
                                        "Plan Rows": 38,
                                        "Plan Width": 4,
                                        "Actual Startup Time": 0.008,
                                        "Actual Total Time": 0.053,
                                        "Actual Rows": 36,
                                        "Actual Loops": 30243,
                                        "Output": [
                                            "ci.movie_id"
                                        ],
                                        "Index Cond": "(ci.movie_id = mi.movie_id)",
                                        "Rows Removed by Index Recheck": 0,
                                        "Heap Fetches": 1099093,
                                        "Workers": [
                                            {
                                                "Worker Number": 0,
                                                "Actual Startup Time": 0.01,
                                                "Actual Total Time": 0.072,
                                                "Actual Rows": 40,
                                                "Actual Loops": 3851
                                            },
                                            {
                                                "Worker Number": 1,
                                                "Actual Startup Time": 0.009,
                                                "Actual Total Time": 0.061,
                                                "Actual Rows": 39,
                                                "Actual Loops": 4489
                                            },
                                            {
                                                "Worker Number": 2,
                                                "Actual Startup Time": 0.01,
                                                "Actual Total Time": 0.07,
                                                "Actual Rows": 36,
                                                "Actual Loops": 3939
                                            },
                                            {
                                                "Worker Number": 3,
                                                "Actual Startup Time": 0.009,
                                                "Actual Total Time": 0.066,
                                                "Actual Rows": 34,
                                                "Actual Loops": 4147
                                            },
                                            {
                                                "Worker Number": 4,
                                                "Actual Startup Time": 0.009,
                                                "Actual Total Time": 0.062,
                                                "Actual Rows": 37,
                                                "Actual Loops": 4446
                                            }
                                        ]
                                    }
                                ]
                            }
                        ]
                    }
                ]
            }
        ]
    },
    "Planning Time": 1.487,
    "Triggers": [],
    "Execution Time": 778.572
}