[
  {
    "Plan": {
      "Node Type": "Aggregate",
      "Strategy": "Plain",
      "Partial Mode": "Finalize",
      "Parallel Aware": false,
      "Startup Cost": 32323.13,
      "Total Cost": 32323.14,
      "Plan Rows": 1,
      "Plan Width": 8,
      "Actual Startup Time": 116.746,
      "Actual Total Time": 124.539,
      "Actual Rows": 1,
      "Actual Loops": 1,
      "Plans": [
        {
          "Node Type": "Gather",
          "Parent Relationship": "Outer",
          "Parallel Aware": false,
          "Startup Cost": 32322.81,
          "Total Cost": 32323.12,
          "Plan Rows": 3,
          "Plan Width": 8,
          "Actual Startup Time": 116.646,
          "Actual Total Time": 124.532,
          "Actual Rows": 4,
          "Actual Loops": 1,
          "Workers Planned": 3,
          "Workers Launched": 3,
          "Single Copy": false,
          "Plans": [
            {
              "Node Type": "Aggregate",
              "Strategy": "Plain",
              "Partial Mode": "Partial",
              "Parent Relationship": "Outer",
              "Parallel Aware": false,
              "Startup Cost": 31322.81,
              "Total Cost": 31322.82,
              "Plan Rows": 1,
              "Plan Width": 8,
              "Actual Startup Time": 111.145,
              "Actual Total Time": 111.146,
              "Actual Rows": 1,
              "Actual Loops": 4,
              "Plans": [
                {
                  "Node Type": "Seq Scan",
                  "Parent Relationship": "Outer",
                  "Parallel Aware": true,
                  "Relation Name": "movie_companies",
                  "Alias": "mc",
                  "Startup Cost": 0.0,
                  "Total Cost": 29310.68,
                  "Plan Rows": 804852,
                  "Plan Width": 0,
                  "Actual Startup Time": 0.032,
                  "Actual Total Time": 82.028,
                  "Actual Rows": 625045,
                  "Actual Loops": 4,
                  "Filter": "(company_id < 152474)",
                  "Rows Removed by Filter": 27237
                }
              ]
            }
          ]
        }
      ]
    },
    "Planning Time": 0.168,
    "Triggers": [],
    "Execution Time": 124.596
  }
]