[
  {
    "Plan": {
      "Node Type": "Aggregate",
      "Strategy": "Plain",
      "Partial Mode": "Finalize",
      "Parallel Aware": false,
      "Startup Cost": 331622.36,
      "Total Cost": 331622.37,
      "Plan Rows": 1,
      "Plan Width": 8,
      "Actual Startup Time": 577.843,
      "Actual Total Time": 627.675,
      "Actual Rows": 1,
      "Actual Loops": 1,
      "Plans": [
        {
          "Node Type": "Gather",
          "Parent Relationship": "Outer",
          "Parallel Aware": false,
          "Startup Cost": 331621.73,
          "Total Cost": 331622.34,
          "Plan Rows": 6,
          "Plan Width": 8,
          "Actual Startup Time": 577.652,
          "Actual Total Time": 627.655,
          "Actual Rows": 7,
          "Actual Loops": 1,
          "Workers Planned": 6,
          "Workers Launched": 6,
          "Single Copy": false,
          "Plans": [
            {
              "Node Type": "Aggregate",
              "Strategy": "Plain",
              "Partial Mode": "Partial",
              "Parent Relationship": "Outer",
              "Parallel Aware": false,
              "Startup Cost": 330621.73,
              "Total Cost": 330621.74,
              "Plan Rows": 1,
              "Plan Width": 8,
              "Actual Startup Time": 569.969,
              "Actual Total Time": 569.97,
              "Actual Rows": 1,
              "Actual Loops": 7,
              "Plans": [
                {
                  "Node Type": "Seq Scan",
                  "Parent Relationship": "Outer",
                  "Parallel Aware": true,
                  "Relation Name": "cast_info",
                  "Alias": "ci",
                  "Startup Cost": 0.0,
                  "Total Cost": 328211.39,
                  "Plan Rows": 964136,
                  "Plan Width": 0,
                  "Actual Startup Time": 343.061,
                  "Actual Total Time": 531.33,
                  "Actual Rows": 817184,
                  "Actual Loops": 7,
                  "Filter": "(person_id > 3075609)",
                  "Rows Removed by Filter": 4360579
                }
              ]
            }
          ]
        }
      ]
    },
    "Planning Time": 0.207,
    "Triggers": [],
    "Execution Time": 627.754
  }
]