[
  {
    "Plan": {
      "Node Type": "Aggregate",
      "Strategy": "Plain",
      "Partial Mode": "Finalize",
      "Parallel Aware": false,
      "Startup Cost": 215592.95,
      "Total Cost": 215592.96,
      "Plan Rows": 1,
      "Plan Width": 8,
      "Actual Startup Time": 108.653,
      "Actual Total Time": 125.521,
      "Actual Rows": 1,
      "Actual Loops": 1,
      "Plans": [
        {
          "Node Type": "Gather",
          "Parent Relationship": "Outer",
          "Parallel Aware": false,
          "Startup Cost": 215592.53,
          "Total Cost": 215592.94,
          "Plan Rows": 4,
          "Plan Width": 8,
          "Actual Startup Time": 108.418,
          "Actual Total Time": 125.508,
          "Actual Rows": 5,
          "Actual Loops": 1,
          "Workers Planned": 4,
          "Workers Launched": 4,
          "Single Copy": false,
          "Plans": [
            {
              "Node Type": "Aggregate",
              "Strategy": "Plain",
              "Partial Mode": "Partial",
              "Parent Relationship": "Outer",
              "Parallel Aware": false,
              "Startup Cost": 214592.53,
              "Total Cost": 214592.54,
              "Plan Rows": 1,
              "Plan Width": 8,
              "Actual Startup Time": 103.811,
              "Actual Total Time": 103.813,
              "Actual Rows": 1,
              "Actual Loops": 5,
              "Plans": [
                {
                  "Node Type": "Nested Loop",
                  "Parent Relationship": "Outer",
                  "Parallel Aware": false,
                  "Join Type": "Inner",
                  "Startup Cost": 0.43,
                  "Total Cost": 214585.41,
                  "Plan Rows": 2849,
                  "Plan Width": 0,
                  "Actual Startup Time": 0.58,
                  "Actual Total Time": 103.709,
                  "Actual Rows": 824,
                  "Actual Loops": 5,
                  "Inner Unique": false,
                  "Plans": [
                    {
                      "Node Type": "Seq Scan",
                      "Parent Relationship": "Outer",
                      "Parallel Aware": true,
                      "Relation Name": "title",
                      "Alias": "t",
                      "Startup Cost": 0.0,
                      "Total Cost": 45479.59,
                      "Plan Rows": 1953,
                      "Plan Width": 4,
                      "Actual Startup Time": 0.153,
                      "Actual Total Time": 83.216,
                      "Actual Rows": 1564,
                      "Actual Loops": 5,
                      "Filter": "((kind_id = 7) AND (production_year = 1974))",
                      "Rows Removed by Filter": 504098
                    },
                    {
                      "Node Type": "Index Scan",
                      "Parent Relationship": "Inner",
                      "Parallel Aware": false,
                      "Scan Direction": "Forward",
                      "Index Name": "movie_id_movie_info",
                      "Relation Name": "movie_info",
                      "Alias": "mi",
                      "Startup Cost": 0.43,
                      "Total Cost": 86.49,
                      "Plan Rows": 10,
                      "Plan Width": 4,
                      "Actual Startup Time": 0.009,
                      "Actual Total Time": 0.013,
                      "Actual Rows": 1,
                      "Actual Loops": 7822,
                      "Index Cond": "(movie_id = t.id)",
                      "Rows Removed by Index Recheck": 0,
                      "Filter": "(info_type_id < 4)",
                      "Rows Removed by Filter": 3
                    }
                  ]
                }
              ]
            }
          ]
        }
      ]
    },
    "Planning Time": 0.744,
    "Triggers": [],
    "Execution Time": 125.596
  }
]