[
  {
    "Plan": {
      "Node Type": "Aggregate",
      "Strategy": "Plain",
      "Partial Mode": "Finalize",
      "Parallel Aware": false,
      "Startup Cost": 217564.96,
      "Total Cost": 217564.97,
      "Plan Rows": 1,
      "Plan Width": 8,
      "Actual Startup Time": 103.805,
      "Actual Total Time": 118.987,
      "Actual Rows": 1,
      "Actual Loops": 1,
      "Plans": [
        {
          "Node Type": "Gather",
          "Parent Relationship": "Outer",
          "Parallel Aware": false,
          "Startup Cost": 217564.54,
          "Total Cost": 217564.95,
          "Plan Rows": 4,
          "Plan Width": 8,
          "Actual Startup Time": 103.677,
          "Actual Total Time": 118.979,
          "Actual Rows": 5,
          "Actual Loops": 1,
          "Workers Planned": 4,
          "Workers Launched": 4,
          "Single Copy": false,
          "Plans": [
            {
              "Node Type": "Aggregate",
              "Strategy": "Plain",
              "Partial Mode": "Partial",
              "Parent Relationship": "Outer",
              "Parallel Aware": false,
              "Startup Cost": 216564.54,
              "Total Cost": 216564.55,
              "Plan Rows": 1,
              "Plan Width": 8,
              "Actual Startup Time": 96.844,
              "Actual Total Time": 96.846,
              "Actual Rows": 1,
              "Actual Loops": 5,
              "Plans": [
                {
                  "Node Type": "Nested Loop",
                  "Parent Relationship": "Outer",
                  "Parallel Aware": false,
                  "Join Type": "Inner",
                  "Startup Cost": 0.43,
                  "Total Cost": 216556.54,
                  "Plan Rows": 3202,
                  "Plan Width": 0,
                  "Actual Startup Time": 0.641,
                  "Actual Total Time": 96.734,
                  "Actual Rows": 824,
                  "Actual Loops": 5,
                  "Inner Unique": false,
                  "Plans": [
                    {
                      "Node Type": "Seq Scan",
                      "Parent Relationship": "Outer",
                      "Parallel Aware": true,
                      "Relation Name": "title",
                      "Alias": "t",
                      "Startup Cost": 0.0,
                      "Total Cost": 45479.1,
                      "Plan Rows": 2254,
                      "Plan Width": 4,
                      "Actual Startup Time": 0.13,
                      "Actual Total Time": 74.096,
                      "Actual Rows": 1564,
                      "Actual Loops": 5,
                      "Filter": "((kind_id = 7) AND (production_year = 1974))",
                      "Rows Removed by Filter": 504098
                    },
                    {
                      "Node Type": "Index Scan",
                      "Parent Relationship": "Inner",
                      "Parallel Aware": false,
                      "Scan Direction": "Forward",
                      "Index Name": "movie_id_movie_info",
                      "Relation Name": "movie_info",
                      "Alias": "mi",
                      "Startup Cost": 0.43,
                      "Total Cost": 75.8,
                      "Plan Rows": 10,
                      "Plan Width": 4,
                      "Actual Startup Time": 0.01,
                      "Actual Total Time": 0.014,
                      "Actual Rows": 1,
                      "Actual Loops": 7822,
                      "Index Cond": "(movie_id = t.id)",
                      "Rows Removed by Index Recheck": 0,
                      "Filter": "(info_type_id < 4)",
                      "Rows Removed by Filter": 3
                    }
                  ]
                }
              ]
            }
          ]
        }
      ]
    },
    "Planning Time": 0.406,
    "Triggers": [],
    "Execution Time": 119.041
  }
]