{
  "Plan": {
    "Node Type": "Aggregate",
    "Strategy": "Plain",
    "Partial Mode": "Finalize",
    "Parallel Aware": false,
    "Startup Cost": 172741.32,
    "Total Cost": 172741.33,
    "Plan Rows": 1,
    "Plan Width": 8,
    "Actual Startup Time": 941.641,
    "Actual Total Time": 957.136,
    "Actual Rows": 1,
    "Actual Loops": 1,
    "Plans": [
      {
        "Node Type": "Gather",
        "Parent Relationship": "Outer",
        "Parallel Aware": false,
        "Startup Cost": 172741.21,
        "Total Cost": 172741.32,
        "Plan Rows": 1,
        "Plan Width": 8,
        "Actual Startup Time": 938.888,
        "Actual Total Time": 957.127,
        "Actual Rows": 2,
        "Actual Loops": 1,
        "Workers Planned": 1,
        "Workers Launched": 1,
        "Single Copy": false,
        "Plans": [
          {
            "Node Type": "Aggregate",
            "Strategy": "Plain",
            "Partial Mode": "Partial",
            "Parent Relationship": "Outer",
            "Parallel Aware": false,
            "Startup Cost": 171741.21,
            "Total Cost": 171741.22,
            "Plan Rows": 1,
            "Plan Width": 8,
            "Actual Startup Time": 932.563,
            "Actual Total Time": 932.569,
            "Actual Rows": 1,
            "Actual Loops": 2,
            "Plans": [
              {
                "Node Type": "Hash Join",
                "Parent Relationship": "Outer",
                "Parallel Aware": true,
                "Join Type": "Inner",
                "Startup Cost": 107967.32,
                "Total Cost": 170927.21,
                "Plan Rows": 325599,
                "Plan Width": 0,
                "Actual Startup Time": 595.031,
                "Actual Total Time": 927.149,
                "Actual Rows": 139497,
                "Actual Loops": 2,
                "Inner Unique": false,
                "Hash Cond": "(mk.movie_id = t.id)",
                "Plans": [
                  {
                    "Node Type": "Seq Scan",
                    "Parent Relationship": "Outer",
                    "Parallel Aware": true,
                    "Relation Name": "movie_keyword",
                    "Alias": "mk",
                    "Startup Cost": 0.0,
                    "Total Cost": 51065.35,
                    "Plan Rows": 2661135,
                    "Plan Width": 4,
                    "Actual Startup Time": 0.012,
                    "Actual Total Time": 159.469,
                    "Actual Rows": 2261965,
                    "Actual Loops": 2
                  },
                  {
                    "Node Type": "Hash",
                    "Parent Relationship": "Inner",
                    "Parallel Aware": true,
                    "Startup Cost": 105692.72,
                    "Total Cost": 105692.72,
                    "Plan Rows": 181968,
                    "Plan Width": 8,
                    "Actual Startup Time": 589.338,
                    "Actual Total Time": 589.343,
                    "Actual Rows": 63340,
                    "Actual Loops": 2,
                    "Hash Buckets": 524288,
                    "Original Hash Buckets": 524288,
                    "Hash Batches": 1,
                    "Original Hash Batches": 1,
                    "Peak Memory Usage": 9088,
                    "Plans": [
                      {
                        "Node Type": "Hash Join",
                        "Parent Relationship": "Outer",
                        "Parallel Aware": true,
                        "Join Type": "Inner",
                        "Startup Cost": 81181.94,
                        "Total Cost": 105692.72,
                        "Plan Rows": 181968,
                        "Plan Width": 8,
                        "Actual Startup Time": 438.549,
                        "Actual Total Time": 572.9,
                        "Actual Rows": 63340,
                        "Actual Loops": 2,
                        "Inner Unique": true,
                        "Hash Cond": "(mc.movie_id = t.id)",
                        "Plans": [
                          {
                            "Node Type": "Bitmap Heap Scan",
                            "Parent Relationship": "Outer",
                            "Parallel Aware": true,
                            "Relation Name": "movie_companies",
                            "Alias": "mc",
                            "Startup Cost": 13931.65,
                            "Total Cost": 37449.56,
                            "Plan Rows": 378233,
                            "Plan Width": 4,
                            "Actual Startup Time": 31.833,
                            "Actual Total Time": 80.727,
                            "Actual Rows": 327766,
                            "Actual Loops": 2,
                            "Recheck Cond": "(company_id > 53493)",
                            "Rows Removed by Index Recheck": 0,
                            "Exact Heap Blocks": 6498,
                            "Lossy Heap Blocks": 0,
                            "Plans": [
                              {
                                "Node Type": "Bitmap Index Scan",
                                "Parent Relationship": "Outer",
                                "Parallel Aware": false,
                                "Index Name": "company_id_movie_companies",
                                "Startup Cost": 0.0,
                                "Total Cost": 13770.9,
                                "Plan Rows": 642996,
                                "Plan Width": 0,
                                "Actual Startup Time": 30.297,
                                "Actual Total Time": 30.297,
                                "Actual Rows": 655531,
                                "Actual Loops": 1,
                                "Index Cond": "(company_id > 53493)"
                              }
                            ]
                          },
                          {
                            "Node Type": "Hash",
                            "Parent Relationship": "Inner",
                            "Parallel Aware": true,
                            "Startup Cost": 58306.47,
                            "Total Cost": 58306.47,
                            "Plan Rows": 715506,
                            "Plan Width": 4,
                            "Actual Startup Time": 379.192,
                            "Actual Total Time": 379.193,
                            "Actual Rows": 650550,
                            "Actual Loops": 2,
                            "Hash Buckets": 2097152,
                            "Original Hash Buckets": 2097152,
                            "Hash Batches": 1,
                            "Original Hash Batches": 1,
                            "Peak Memory Usage": 67328,
                            "Plans": [
                              {
                                "Node Type": "Seq Scan",
                                "Parent Relationship": "Outer",
                                "Parallel Aware": true,
                                "Relation Name": "title",
                                "Alias": "t",
                                "Startup Cost": 0.0,
                                "Total Cost": 58306.47,
                                "Plan Rows": 715506,
                                "Plan Width": 4,
                                "Actual Startup Time": 0.035,
                                "Actual Total Time": 177.868,
                                "Actual Rows": 650550,
                                "Actual Loops": 2,
                                "Filter": "((production_year > 1976) AND (kind_id = 7))",
                                "Rows Removed by Filter": 613606
                              }
                            ]
                          }
                        ]
                      }
                    ]
                  }
                ]
              }
            ]
          }
        ]
      }
    ]
  },
  "Planning Time": 0.975,
  "Triggers": [],
  "Execution Time": 957.239
}