[
  {
    "Plan": {
      "Node Type": "Aggregate",
      "Strategy": "Plain",
      "Partial Mode": "Finalize",
      "Parallel Aware": false,
      "Startup Cost": 442528.4,
      "Total Cost": 442528.41,
      "Plan Rows": 1,
      "Plan Width": 8,
      "Actual Startup Time": 2464.38,
      "Actual Total Time": 2535.155,
      "Actual Rows": 1,
      "Actual Loops": 1,
      "Plans": [
        {
          "Node Type": "Gather",
          "Parent Relationship": "Outer",
          "Parallel Aware": false,
          "Startup Cost": 442527.77,
          "Total Cost": 442528.38,
          "Plan Rows": 6,
          "Plan Width": 8,
          "Actual Startup Time": 2450.69,
          "Actual Total Time": 2535.144,
          "Actual Rows": 7,
          "Actual Loops": 1,
          "Workers Planned": 6,
          "Workers Launched": 6,
          "Single Copy": false,
          "Plans": [
            {
              "Node Type": "Aggregate",
              "Strategy": "Plain",
              "Partial Mode": "Partial",
              "Parent Relationship": "Outer",
              "Parallel Aware": false,
              "Startup Cost": 441527.77,
              "Total Cost": 441527.78,
              "Plan Rows": 1,
              "Plan Width": 8,
              "Actual Startup Time": 2439.906,
              "Actual Total Time": 2440.219,
              "Actual Rows": 1,
              "Actual Loops": 7,
              "Plans": [
                {
                  "Node Type": "Hash Join",
                  "Parent Relationship": "Outer",
                  "Parallel Aware": true,
                  "Join Type": "Inner",
                  "Startup Cost": 85500.2,
                  "Total Cost": 438695.46,
                  "Plan Rows": 1132923,
                  "Plan Width": 0,
                  "Actual Startup Time": 804.161,
                  "Actual Total Time": 2295.161,
                  "Actual Rows": 3184600,
                  "Actual Loops": 7,
                  "Inner Unique": false,
                  "Hash Cond": "(ci.movie_id = t.id)",
                  "Plans": [
                    {
                      "Node Type": "Seq Scan",
                      "Parent Relationship": "Outer",
                      "Parallel Aware": true,
                      "Relation Name": "cast_info",
                      "Alias": "ci",
                      "Startup Cost": 0.0,
                      "Total Cost": 343316.27,
                      "Plan Rows": 1659841,
                      "Plan Width": 4,
                      "Actual Startup Time": 276.106,
                      "Actual Total Time": 724.428,
                      "Actual Rows": 2148038,
                      "Actual Loops": 7,
                      "Filter": "((person_id > 2143480) AND (role_id > 1))",
                      "Rows Removed by Filter": 3029726
                    },
                    {
                      "Node Type": "Hash",
                      "Parent Relationship": "Inner",
                      "Parallel Aware": true,
                      "Startup Cost": 78541.44,
                      "Total Cost": 78541.44,
                      "Plan Rows": 556701,
                      "Plan Width": 8,
                      "Actual Startup Time": 524.355,
                      "Actual Total Time": 524.667,
                      "Actual Rows": 279173,
                      "Actual Loops": 7,
                      "Hash Buckets": 2097152,
                      "Original Hash Buckets": 2097152,
                      "Hash Batches": 1,
                      "Original Hash Batches": 1,
                      "Peak Memory Usage": 92928,
                      "Plans": [
                        {
                          "Node Type": "Hash Join",
                          "Parent Relationship": "Outer",
                          "Parallel Aware": true,
                          "Join Type": "Inner",
                          "Startup Cost": 49125.55,
                          "Total Cost": 78541.44,
                          "Plan Rows": 556701,
                          "Plan Width": 8,
                          "Actual Startup Time": 221.713,
                          "Actual Total Time": 407.393,
                          "Actual Rows": 279173,
                          "Actual Loops": 7,
                          "Inner Unique": true,
                          "Hash Cond": "(mc.movie_id = t.id)",
                          "Plans": [
                            {
                              "Node Type": "Seq Scan",
                              "Parent Relationship": "Outer",
                              "Parallel Aware": true,
                              "Relation Name": "movie_companies",
                              "Alias": "mc",
                              "Startup Cost": 0.0,
                              "Total Cost": 27206.55,
                              "Plan Rows": 841655,
                              "Plan Width": 4,
                              "Actual Startup Time": 0.026,
                              "Actual Total Time": 45.237,
                              "Actual Rows": 372733,
                              "Actual Loops": 7
                            },
                            {
                              "Node Type": "Hash",
                              "Parent Relationship": "Inner",
                              "Parallel Aware": true,
                              "Startup Cost": 43899.32,
                              "Total Cost": 43899.32,
                              "Plan Rows": 418098,
                              "Plan Width": 4,
                              "Actual Startup Time": 218.964,
                              "Actual Total Time": 218.965,
                              "Actual Rows": 238756,
                              "Actual Loops": 7,
                              "Hash Buckets": 2097152,
                              "Original Hash Buckets": 2097152,
                              "Hash Batches": 1,
                              "Original Hash Batches": 1,
                              "Peak Memory Usage": 81888,
                              "Plans": [
                                {
                                  "Node Type": "Seq Scan",
                                  "Parent Relationship": "Outer",
                                  "Parallel Aware": true,
                                  "Relation Name": "title",
                                  "Alias": "t",
                                  "Startup Cost": 0.0,
                                  "Total Cost": 43899.32,
                                  "Plan Rows": 418098,
                                  "Plan Width": 4,
                                  "Actual Startup Time": 0.068,
                                  "Actual Total Time": 90.665,
                                  "Actual Rows": 238756,
                                  "Actual Loops": 7,
                                  "Filter": "(production_year < 2008)",
                                  "Rows Removed by Filter": 122431
                                }
                              ]
                            }
                          ]
                        }
                      ]
                    }
                  ]
                }
              ]
            }
          ]
        }
      ]
    },
    "Planning Time": 0.623,
    "Triggers": [],
    "Execution Time": 2535.228
  }
]