[
  {
    "Plan": {
      "Node Type": "Aggregate",
      "Strategy": "Plain",
      "Partial Mode": "Finalize",
      "Parallel Aware": false,
      "Startup Cost": 442345.81,
      "Total Cost": 442345.82,
      "Plan Rows": 1,
      "Plan Width": 8,
      "Actual Startup Time": 2610.899,
      "Actual Total Time": 2681.314,
      "Actual Rows": 1,
      "Actual Loops": 1,
      "Plans": [
        {
          "Node Type": "Gather",
          "Parent Relationship": "Outer",
          "Parallel Aware": false,
          "Startup Cost": 442345.18,
          "Total Cost": 442345.79,
          "Plan Rows": 6,
          "Plan Width": 8,
          "Actual Startup Time": 2587.485,
          "Actual Total Time": 2681.302,
          "Actual Rows": 7,
          "Actual Loops": 1,
          "Workers Planned": 6,
          "Workers Launched": 6,
          "Single Copy": false,
          "Plans": [
            {
              "Node Type": "Aggregate",
              "Strategy": "Plain",
              "Partial Mode": "Partial",
              "Parent Relationship": "Outer",
              "Parallel Aware": false,
              "Startup Cost": 441345.18,
              "Total Cost": 441345.19,
              "Plan Rows": 1,
              "Plan Width": 8,
              "Actual Startup Time": 2572.264,
              "Actual Total Time": 2572.607,
              "Actual Rows": 1,
              "Actual Loops": 7,
              "Plans": [
                {
                  "Node Type": "Hash Join",
                  "Parent Relationship": "Outer",
                  "Parallel Aware": true,
                  "Join Type": "Inner",
                  "Startup Cost": 85480.58,
                  "Total Cost": 438538.06,
                  "Plan Rows": 1122850,
                  "Plan Width": 0,
                  "Actual Startup Time": 834.722,
                  "Actual Total Time": 2405.885,
                  "Actual Rows": 3184600,
                  "Actual Loops": 7,
                  "Inner Unique": false,
                  "Hash Cond": "(ci.movie_id = t.id)",
                  "Plans": [
                    {
                      "Node Type": "Seq Scan",
                      "Parent Relationship": "Outer",
                      "Parallel Aware": true,
                      "Relation Name": "cast_info",
                      "Alias": "ci",
                      "Startup Cost": 0.0,
                      "Total Cost": 343257.03,
                      "Plan Rows": 1647559,
                      "Plan Width": 4,
                      "Actual Startup Time": 292.316,
                      "Actual Total Time": 764.592,
                      "Actual Rows": 2148038,
                      "Actual Loops": 7,
                      "Filter": "((person_id > 2143480) AND (role_id > 1))",
                      "Rows Removed by Filter": 3029726
                    },
                    {
                      "Node Type": "Hash",
                      "Parent Relationship": "Inner",
                      "Parallel Aware": true,
                      "Startup Cost": 78532.63,
                      "Total Cost": 78532.63,
                      "Plan Rows": 555836,
                      "Plan Width": 8,
                      "Actual Startup Time": 537.448,
                      "Actual Total Time": 537.789,
                      "Actual Rows": 279173,
                      "Actual Loops": 7,
                      "Hash Buckets": 2097152,
                      "Original Hash Buckets": 2097152,
                      "Hash Batches": 1,
                      "Original Hash Batches": 1,
                      "Peak Memory Usage": 92928,
                      "Plans": [
                        {
                          "Node Type": "Hash Join",
                          "Parent Relationship": "Outer",
                          "Parallel Aware": true,
                          "Join Type": "Inner",
                          "Startup Cost": 49116.74,
                          "Total Cost": 78532.63,
                          "Plan Rows": 555836,
                          "Plan Width": 8,
                          "Actual Startup Time": 223.017,
                          "Actual Total Time": 418.224,
                          "Actual Rows": 279173,
                          "Actual Loops": 7,
                          "Inner Unique": true,
                          "Hash Cond": "(mc.movie_id = t.id)",
                          "Plans": [
                            {
                              "Node Type": "Seq Scan",
                              "Parent Relationship": "Outer",
                              "Parallel Aware": true,
                              "Relation Name": "movie_companies",
                              "Alias": "mc",
                              "Startup Cost": 0.0,
                              "Total Cost": 27206.55,
                              "Plan Rows": 841655,
                              "Plan Width": 4,
                              "Actual Startup Time": 0.027,
                              "Actual Total Time": 48.666,
                              "Actual Rows": 372733,
                              "Actual Loops": 7
                            },
                            {
                              "Node Type": "Hash",
                              "Parent Relationship": "Inner",
                              "Parallel Aware": true,
                              "Startup Cost": 43898.92,
                              "Total Cost": 43898.92,
                              "Plan Rows": 417426,
                              "Plan Width": 4,
                              "Actual Startup Time": 220.304,
                              "Actual Total Time": 220.305,
                              "Actual Rows": 238756,
                              "Actual Loops": 7,
                              "Hash Buckets": 2097152,
                              "Original Hash Buckets": 2097152,
                              "Hash Batches": 1,
                              "Original Hash Batches": 1,
                              "Peak Memory Usage": 81888,
                              "Plans": [
                                {
                                  "Node Type": "Seq Scan",
                                  "Parent Relationship": "Outer",
                                  "Parallel Aware": true,
                                  "Relation Name": "title",
                                  "Alias": "t",
                                  "Startup Cost": 0.0,
                                  "Total Cost": 43898.92,
                                  "Plan Rows": 417426,
                                  "Plan Width": 4,
                                  "Actual Startup Time": 0.044,
                                  "Actual Total Time": 92.865,
                                  "Actual Rows": 238756,
                                  "Actual Loops": 7,
                                  "Filter": "(production_year < 2008)",
                                  "Rows Removed by Filter": 122431
                                }
                              ]
                            }
                          ]
                        }
                      ]
                    }
                  ]
                }
              ]
            }
          ]
        }
      ]
    },
    "Planning Time": 1.405,
    "Triggers": [],
    "Execution Time": 2681.413
  }
]