{
  "Plan": {
    "Node Type": "Aggregate",
    "Strategy": "Plain",
    "Partial Mode": "Finalize",
    "Parallel Aware": false,
    "Startup Cost": 171864.63,
    "Total Cost": 171864.64,
    "Plan Rows": 1,
    "Plan Width": 8,
    "Actual Startup Time": 810.041,
    "Actual Total Time": 831.238,
    "Actual Rows": 1,
    "Actual Loops": 1,
    "Plans": [
      {
        "Node Type": "Gather",
        "Parent Relationship": "Outer",
        "Parallel Aware": false,
        "Startup Cost": 171864.52,
        "Total Cost": 171864.63,
        "Plan Rows": 1,
        "Plan Width": 8,
        "Actual Startup Time": 807.05,
        "Actual Total Time": 831.231,
        "Actual Rows": 2,
        "Actual Loops": 1,
        "Workers Planned": 1,
        "Workers Launched": 1,
        "Single Copy": false,
        "Plans": [
          {
            "Node Type": "Aggregate",
            "Strategy": "Plain",
            "Partial Mode": "Partial",
            "Parent Relationship": "Outer",
            "Parallel Aware": false,
            "Startup Cost": 170864.52,
            "Total Cost": 170864.53,
            "Plan Rows": 1,
            "Plan Width": 8,
            "Actual Startup Time": 801.139,
            "Actual Total Time": 801.144,
            "Actual Rows": 1,
            "Actual Loops": 2,
            "Plans": [
              {
                "Node Type": "Hash Join",
                "Parent Relationship": "Outer",
                "Parallel Aware": true,
                "Join Type": "Inner",
                "Startup Cost": 105514.64,
                "Total Cost": 170427.83,
                "Plan Rows": 174675,
                "Plan Width": 0,
                "Actual Startup Time": 502.074,
                "Actual Total Time": 793.259,
                "Actual Rows": 207466,
                "Actual Loops": 2,
                "Inner Unique": false,
                "Hash Cond": "(mk.movie_id = t.id)",
                "Plans": [
                  {
                    "Node Type": "Seq Scan",
                    "Parent Relationship": "Outer",
                    "Parallel Aware": true,
                    "Relation Name": "movie_keyword",
                    "Alias": "mk",
                    "Startup Cost": 0.0,
                    "Total Cost": 57718.19,
                    "Plan Rows": 1644666,
                    "Plan Width": 4,
                    "Actual Startup Time": 0.219,
                    "Actual Total Time": 183.333,
                    "Actual Rows": 1392190,
                    "Actual Loops": 2,
                    "Filter": "(keyword_id > 2839)",
                    "Rows Removed by Filter": 869774
                  },
                  {
                    "Node Type": "Hash",
                    "Parent Relationship": "Inner",
                    "Parallel Aware": true,
                    "Startup Cost": 103540.22,
                    "Total Cost": 103540.22,
                    "Plan Rows": 157954,
                    "Plan Width": 8,
                    "Actual Startup Time": 496.081,
                    "Actual Total Time": 496.085,
                    "Actual Rows": 91306,
                    "Actual Loops": 2,
                    "Hash Buckets": 524288,
                    "Original Hash Buckets": 524288,
                    "Hash Batches": 1,
                    "Original Hash Batches": 1,
                    "Peak Memory Usage": 11264,
                    "Plans": [
                      {
                        "Node Type": "Hash Join",
                        "Parent Relationship": "Outer",
                        "Parallel Aware": true,
                        "Join Type": "Inner",
                        "Startup Cost": 64273.71,
                        "Total Cost": 103540.22,
                        "Plan Rows": 157954,
                        "Plan Width": 8,
                        "Actual Startup Time": 270.931,
                        "Actual Total Time": 474.506,
                        "Actual Rows": 91306,
                        "Actual Loops": 2,
                        "Inner Unique": true,
                        "Hash Cond": "(mc.movie_id = t.id)",
                        "Plans": [
                          {
                            "Node Type": "Seq Scan",
                            "Parent Relationship": "Outer",
                            "Parallel Aware": true,
                            "Relation Name": "movie_companies",
                            "Alias": "mc",
                            "Startup Cost": 0.0,
                            "Total Cost": 37974.77,
                            "Plan Rows": 492091,
                            "Plan Width": 4,
                            "Actual Startup Time": 0.015,
                            "Actual Total Time": 102.12,
                            "Actual Rows": 416075,
                            "Actual Loops": 2,
                            "Filter": "(company_id < 2075)",
                            "Rows Removed by Filter": 888490
                          },
                          {
                            "Node Type": "Hash",
                            "Parent Relationship": "Inner",
                            "Parallel Aware": true,
                            "Startup Cost": 58306.47,
                            "Total Cost": 58306.47,
                            "Plan Rows": 477379,
                            "Plan Width": 4,
                            "Actual Startup Time": 264.042,
                            "Actual Total Time": 264.043,
                            "Actual Rows": 440972,
                            "Actual Loops": 2,
                            "Hash Buckets": 1048576,
                            "Original Hash Buckets": 1048576,
                            "Hash Batches": 1,
                            "Original Hash Batches": 1,
                            "Peak Memory Usage": 42720,
                            "Plans": [
                              {
                                "Node Type": "Seq Scan",
                                "Parent Relationship": "Outer",
                                "Parallel Aware": true,
                                "Relation Name": "title",
                                "Alias": "t",
                                "Startup Cost": 0.0,
                                "Total Cost": 58306.47,
                                "Plan Rows": 477379,
                                "Plan Width": 4,
                                "Actual Startup Time": 0.037,
                                "Actual Total Time": 157.703,
                                "Actual Rows": 440972,
                                "Actual Loops": 2,
                                "Filter": "((production_year > 2001) AND (kind_id = 7))",
                                "Rows Removed by Filter": 823184
                              }
                            ]
                          }
                        ]
                      }
                    ]
                  }
                ]
              }
            ]
          }
        ]
      }
    ]
  },
  "Planning Time": 1.14,
  "Triggers": [],
  "Execution Time": 831.317
}