[
  {
    "Plan": {
      "Node Type": "Aggregate",
      "Strategy": "Plain",
      "Partial Mode": "Finalize",
      "Parallel Aware": false,
      "Startup Cost": 32013.17,
      "Total Cost": 32013.18,
      "Plan Rows": 1,
      "Plan Width": 8,
      "Actual Startup Time": 118.559,
      "Actual Total Time": 126.648,
      "Actual Rows": 1,
      "Actual Loops": 1,
      "Plans": [
        {
          "Node Type": "Gather",
          "Parent Relationship": "Outer",
          "Parallel Aware": false,
          "Startup Cost": 32012.85,
          "Total Cost": 32013.16,
          "Plan Rows": 3,
          "Plan Width": 8,
          "Actual Startup Time": 118.411,
          "Actual Total Time": 126.639,
          "Actual Rows": 4,
          "Actual Loops": 1,
          "Workers Planned": 3,
          "Workers Launched": 3,
          "Single Copy": false,
          "Plans": [
            {
              "Node Type": "Aggregate",
              "Strategy": "Plain",
              "Partial Mode": "Partial",
              "Parent Relationship": "Outer",
              "Parallel Aware": false,
              "Startup Cost": 31012.85,
              "Total Cost": 31012.86,
              "Plan Rows": 1,
              "Plan Width": 8,
              "Actual Startup Time": 109.888,
              "Actual Total Time": 109.889,
              "Actual Rows": 1,
              "Actual Loops": 4,
              "Plans": [
                {
                  "Node Type": "Seq Scan",
                  "Parent Relationship": "Outer",
                  "Parallel Aware": true,
                  "Relation Name": "movie_companies",
                  "Alias": "mc",
                  "Startup Cost": 0.0,
                  "Total Cost": 29310.68,
                  "Plan Rows": 680869,
                  "Plan Width": 0,
                  "Actual Startup Time": 0.051,
                  "Actual Total Time": 83.291,
                  "Actual Rows": 525362,
                  "Actual Loops": 4,
                  "Filter": "(company_id < 73911)",
                  "Rows Removed by Filter": 126920
                }
              ]
            }
          ]
        }
      ]
    },
    "Planning Time": 0.189,
    "Triggers": [],
    "Execution Time": 126.703
  }
]