[
  {
    "Plan": {
      "Node Type": "Aggregate",
      "Strategy": "Plain",
      "Partial Mode": "Finalize",
      "Parallel Aware": false,
      "Startup Cost": 76663.48,
      "Total Cost": 76663.49,
      "Plan Rows": 1,
      "Plan Width": 8,
      "Actual Startup Time": 196.424,
      "Actual Total Time": 214.145,
      "Actual Rows": 1,
      "Actual Loops": 1,
      "Plans": [
        {
          "Node Type": "Gather",
          "Parent Relationship": "Outer",
          "Parallel Aware": false,
          "Startup Cost": 76663.17,
          "Total Cost": 76663.48,
          "Plan Rows": 3,
          "Plan Width": 8,
          "Actual Startup Time": 195.569,
          "Actual Total Time": 214.131,
          "Actual Rows": 4,
          "Actual Loops": 1,
          "Workers Planned": 3,
          "Workers Launched": 3,
          "Single Copy": false,
          "Plans": [
            {
              "Node Type": "Aggregate",
              "Strategy": "Plain",
              "Partial Mode": "Partial",
              "Parent Relationship": "Outer",
              "Parallel Aware": false,
              "Startup Cost": 75663.17,
              "Total Cost": 75663.18,
              "Plan Rows": 1,
              "Plan Width": 8,
              "Actual Startup Time": 187.471,
              "Actual Total Time": 187.474,
              "Actual Rows": 1,
              "Actual Loops": 4,
              "Plans": [
                {
                  "Node Type": "Hash Join",
                  "Parent Relationship": "Outer",
                  "Parallel Aware": true,
                  "Join Type": "Inner",
                  "Startup Cost": 45953.04,
                  "Total Cost": 75641.6,
                  "Plan Rows": 8626,
                  "Plan Width": 0,
                  "Actual Startup Time": 110.884,
                  "Actual Total Time": 187.232,
                  "Actual Rows": 3050,
                  "Actual Loops": 4,
                  "Inner Unique": true,
                  "Hash Cond": "(mc.movie_id = t.id)",
                  "Plans": [
                    {
                      "Node Type": "Seq Scan",
                      "Parent Relationship": "Outer",
                      "Parallel Aware": true,
                      "Relation Name": "movie_companies",
                      "Alias": "mc",
                      "Startup Cost": 0.0,
                      "Total Cost": 29310.68,
                      "Plan Rows": 143956,
                      "Plan Width": 4,
                      "Actual Startup Time": 0.019,
                      "Actual Total Time": 59.293,
                      "Actual Rows": 109829,
                      "Actual Loops": 4,
                      "Filter": "(company_id < 329)",
                      "Rows Removed by Filter": 542454
                    },
                    {
                      "Node Type": "Hash",
                      "Parent Relationship": "Inner",
                      "Parallel Aware": true,
                      "Startup Cost": 45479.59,
                      "Total Cost": 45479.59,
                      "Plan Rows": 37876,
                      "Plan Width": 4,
                      "Actual Startup Time": 108.307,
                      "Actual Total Time": 108.308,
                      "Actual Rows": 33690,
                      "Actual Loops": 4,
                      "Hash Buckets": 262144,
                      "Original Hash Buckets": 262144,
                      "Hash Batches": 1,
                      "Original Hash Batches": 1,
                      "Peak Memory Usage": 7392,
                      "Plans": [
                        {
                          "Node Type": "Seq Scan",
                          "Parent Relationship": "Outer",
                          "Parallel Aware": true,
                          "Relation Name": "title",
                          "Alias": "t",
                          "Startup Cost": 0.0,
                          "Total Cost": 45479.59,
                          "Plan Rows": 37876,
                          "Plan Width": 4,
                          "Actual Startup Time": 0.133,
                          "Actual Total Time": 97.107,
                          "Actual Rows": 33690,
                          "Actual Loops": 4,
                          "Filter": "((kind_id < 7) AND (production_year > 2010))",
                          "Rows Removed by Filter": 598388
                        }
                      ]
                    }
                  ]
                }
              ]
            }
          ]
        }
      ]
    },
    "Planning Time": 0.729,
    "Triggers": [],
    "Execution Time": 214.217
  }
]