[
  {
    "Plan": {
      "Node Type": "Aggregate",
      "Strategy": "Plain",
      "Partial Mode": "Finalize",
      "Parallel Aware": false,
      "Startup Cost": 37734.91,
      "Total Cost": 37734.92,
      "Plan Rows": 1,
      "Plan Width": 8,
      "Actual Startup Time": 42.997,
      "Actual Total Time": 49.483,
      "Actual Rows": 1,
      "Actual Loops": 1,
      "Plans": [
        {
          "Node Type": "Gather",
          "Parent Relationship": "Outer",
          "Parallel Aware": false,
          "Startup Cost": 37734.69,
          "Total Cost": 37734.9,
          "Plan Rows": 2,
          "Plan Width": 8,
          "Actual Startup Time": 42.892,
          "Actual Total Time": 49.477,
          "Actual Rows": 3,
          "Actual Loops": 1,
          "Workers Planned": 2,
          "Workers Launched": 2,
          "Single Copy": false,
          "Plans": [
            {
              "Node Type": "Aggregate",
              "Strategy": "Plain",
              "Partial Mode": "Partial",
              "Parent Relationship": "Outer",
              "Parallel Aware": false,
              "Startup Cost": 36734.69,
              "Total Cost": 36734.7,
              "Plan Rows": 1,
              "Plan Width": 8,
              "Actual Startup Time": 37.785,
              "Actual Total Time": 37.786,
              "Actual Rows": 1,
              "Actual Loops": 3,
              "Plans": [
                {
                  "Node Type": "Nested Loop",
                  "Parent Relationship": "Outer",
                  "Parallel Aware": false,
                  "Join Type": "Inner",
                  "Startup Cost": 156.96,
                  "Total Cost": 36727.15,
                  "Plan Rows": 3016,
                  "Plan Width": 0,
                  "Actual Startup Time": 4.65,
                  "Actual Total Time": 37.361,
                  "Actual Rows": 2498,
                  "Actual Loops": 3,
                  "Inner Unique": true,
                  "Plans": [
                    {
                      "Node Type": "Bitmap Heap Scan",
                      "Parent Relationship": "Outer",
                      "Parallel Aware": true,
                      "Relation Name": "movie_keyword",
                      "Alias": "mk",
                      "Startup Cost": 156.53,
                      "Total Cost": 15809.74,
                      "Plan Rows": 3016,
                      "Plan Width": 4,
                      "Actual Startup Time": 4.565,
                      "Actual Total Time": 12.608,
                      "Actual Rows": 2498,
                      "Actual Loops": 3,
                      "Recheck Cond": "(keyword_id = 889)",
                      "Rows Removed by Index Recheck": 0,
                      "Exact Heap Blocks": 2870,
                      "Lossy Heap Blocks": 0,
                      "Plans": [
                        {
                          "Node Type": "Bitmap Index Scan",
                          "Parent Relationship": "Outer",
                          "Parallel Aware": false,
                          "Index Name": "keyword_id_movie_keyword",
                          "Startup Cost": 0.0,
                          "Total Cost": 154.72,
                          "Plan Rows": 7238,
                          "Plan Width": 0,
                          "Actual Startup Time": 5.61,
                          "Actual Total Time": 5.61,
                          "Actual Rows": 7495,
                          "Actual Loops": 1,
                          "Index Cond": "(keyword_id = 889)"
                        }
                      ]
                    },
                    {
                      "Node Type": "Index Only Scan",
                      "Parent Relationship": "Inner",
                      "Parallel Aware": false,
                      "Scan Direction": "Forward",
                      "Index Name": "title_pkey",
                      "Relation Name": "title",
                      "Alias": "t",
                      "Startup Cost": 0.43,
                      "Total Cost": 6.94,
                      "Plan Rows": 1,
                      "Plan Width": 4,
                      "Actual Startup Time": 0.009,
                      "Actual Total Time": 0.009,
                      "Actual Rows": 1,
                      "Actual Loops": 7495,
                      "Index Cond": "(id = mk.movie_id)",
                      "Rows Removed by Index Recheck": 0,
                      "Heap Fetches": 7495
                    }
                  ]
                }
              ]
            }
          ]
        }
      ]
    },
    "Planning Time": 0.66,
    "Triggers": [],
    "Execution Time": 49.57
  }
]