[
  {
    "Plan": {
      "Node Type": "Aggregate",
      "Strategy": "Plain",
      "Partial Mode": "Finalize",
      "Parallel Aware": false,
      "Startup Cost": 268035.09,
      "Total Cost": 268035.1,
      "Plan Rows": 1,
      "Plan Width": 8,
      "Actual Startup Time": 778.689,
      "Actual Total Time": 804.581,
      "Actual Rows": 1,
      "Actual Loops": 1,
      "Plans": [
        {
          "Node Type": "Gather",
          "Parent Relationship": "Outer",
          "Parallel Aware": false,
          "Startup Cost": 268034.77,
          "Total Cost": 268035.08,
          "Plan Rows": 3,
          "Plan Width": 8,
          "Actual Startup Time": 755.486,
          "Actual Total Time": 804.57,
          "Actual Rows": 4,
          "Actual Loops": 1,
          "Workers Planned": 3,
          "Workers Launched": 3,
          "Single Copy": false,
          "Plans": [
            {
              "Node Type": "Aggregate",
              "Strategy": "Plain",
              "Partial Mode": "Partial",
              "Parent Relationship": "Outer",
              "Parallel Aware": false,
              "Startup Cost": 267034.77,
              "Total Cost": 267034.78,
              "Plan Rows": 1,
              "Plan Width": 8,
              "Actual Startup Time": 749.471,
              "Actual Total Time": 749.651,
              "Actual Rows": 1,
              "Actual Loops": 4,
              "Plans": [
                {
                  "Node Type": "Hash Join",
                  "Parent Relationship": "Outer",
                  "Parallel Aware": true,
                  "Join Type": "Inner",
                  "Startup Cost": 239061.38,
                  "Total Cost": 266919.96,
                  "Plan Rows": 45925,
                  "Plan Width": 0,
                  "Actual Startup Time": 573.802,
                  "Actual Total Time": 718.494,
                  "Actual Rows": 701319,
                  "Actual Loops": 4,
                  "Inner Unique": false,
                  "Hash Cond": "(mk.movie_id = t.id)",
                  "Plans": [
                    {
                      "Node Type": "Bitmap Heap Scan",
                      "Parent Relationship": "Outer",
                      "Parallel Aware": true,
                      "Relation Name": "movie_keyword",
                      "Alias": "mk",
                      "Startup Cost": 13406.18,
                      "Total Cost": 40408.44,
                      "Plan Rows": 203861,
                      "Plan Width": 4,
                      "Actual Startup Time": 35.671,
                      "Actual Total Time": 96.463,
                      "Actual Rows": 160432,
                      "Actual Loops": 4,
                      "Recheck Cond": "(keyword_id < 498)",
                      "Rows Removed by Index Recheck": 0,
                      "Exact Heap Blocks": 6608,
                      "Lossy Heap Blocks": 0,
                      "Plans": [
                        {
                          "Node Type": "Bitmap Index Scan",
                          "Parent Relationship": "Outer",
                          "Parallel Aware": false,
                          "Index Name": "keyword_id_movie_keyword",
                          "Startup Cost": 0.0,
                          "Total Cost": 13248.19,
                          "Plan Rows": 631968,
                          "Plan Width": 0,
                          "Actual Startup Time": 32.072,
                          "Actual Total Time": 32.073,
                          "Actual Rows": 641726,
                          "Actual Loops": 1,
                          "Index Cond": "(keyword_id < 498)"
                        }
                      ]
                    },
                    {
                      "Node Type": "Hash",
                      "Parent Relationship": "Inner",
                      "Parallel Aware": true,
                      "Startup Cost": 224231.2,
                      "Total Cost": 224231.2,
                      "Plan Rows": 113919,
                      "Plan Width": 8,
                      "Actual Startup Time": 535.435,
                      "Actual Total Time": 535.613,
                      "Actual Rows": 149614,
                      "Actual Loops": 4,
                      "Hash Buckets": 1048576,
                      "Original Hash Buckets": 1048576,
                      "Hash Batches": 1,
                      "Original Hash Batches": 1,
                      "Peak Memory Usage": 31712,
                      "Plans": [
                        {
                          "Node Type": "Hash Join",
                          "Parent Relationship": "Outer",
                          "Parallel Aware": true,
                          "Join Type": "Inner",
                          "Startup Cost": 60515.18,
                          "Total Cost": 224231.2,
                          "Plan Rows": 113919,
                          "Plan Width": 8,
                          "Actual Startup Time": 394.001,
                          "Actual Total Time": 486.25,
                          "Actual Rows": 149614,
                          "Actual Loops": 4,
                          "Inner Unique": true,
                          "Hash Cond": "(mi.movie_id = t.id)",
                          "Plans": [
                            {
                              "Node Type": "Bitmap Heap Scan",
                              "Parent Relationship": "Outer",
                              "Parallel Aware": true,
                              "Relation Name": "movie_info",
                              "Alias": "mi",
                              "Startup Cost": 10294.8,
                              "Total Cost": 173711.78,
                              "Plan Rows": 113919,
                              "Plan Width": 4,
                              "Actual Startup Time": 39.421,
                              "Actual Total Time": 85.905,
                              "Actual Rows": 149614,
                              "Actual Loops": 4,
                              "Recheck Cond": "(info_type_id = 15)",
                              "Rows Removed by Index Recheck": 0,
                              "Exact Heap Blocks": 5848,
                              "Lossy Heap Blocks": 0,
                              "Plans": [
                                {
                                  "Node Type": "Bitmap Index Scan",
                                  "Parent Relationship": "Outer",
                                  "Parallel Aware": false,
                                  "Index Name": "info_type_id_movie_info",
                                  "Startup Cost": 0.0,
                                  "Total Cost": 10152.4,
                                  "Plan Rows": 569595,
                                  "Plan Width": 0,
                                  "Actual Startup Time": 36.277,
                                  "Actual Total Time": 36.277,
                                  "Actual Rows": 598457,
                                  "Actual Loops": 1,
                                  "Index Cond": "(info_type_id = 15)"
                                }
                              ]
                            },
                            {
                              "Node Type": "Hash",
                              "Parent Relationship": "Inner",
                              "Parallel Aware": true,
                              "Startup Cost": 42319.06,
                              "Total Cost": 42319.06,
                              "Plan Rows": 632106,
                              "Plan Width": 4,
                              "Actual Startup Time": 347.519,
                              "Actual Total Time": 347.521,
                              "Actual Rows": 632078,
                              "Actual Loops": 4,
                              "Hash Buckets": 4194304,
                              "Original Hash Buckets": 4194304,
                              "Hash Batches": 1,
                              "Original Hash Batches": 1,
                              "Peak Memory Usage": 131744,
                              "Plans": [
                                {
                                  "Node Type": "Seq Scan",
                                  "Parent Relationship": "Outer",
                                  "Parallel Aware": true,
                                  "Relation Name": "title",
                                  "Alias": "t",
                                  "Startup Cost": 0.0,
                                  "Total Cost": 42319.06,
                                  "Plan Rows": 632106,
                                  "Plan Width": 4,
                                  "Actual Startup Time": 0.038,
                                  "Actual Total Time": 98.47,
                                  "Actual Rows": 632078,
                                  "Actual Loops": 4
                                }
                              ]
                            }
                          ]
                        }
                      ]
                    }
                  ]
                }
              ]
            }
          ]
        }
      ]
    },
    "Planning Time": 0.394,
    "Triggers": [],
    "Execution Time": 804.631
  }
]