[
    {
        "Bao": {
            "Bao prediction": "NaN",
            "Bao recommended hint": "(no hint)"
        }
    },
    {
        "Plan": {
            "Node Type": "Aggregate",
            "Strategy": "Plain",
            "Partial Mode": "Finalize",
            "Parallel Aware": false,
            "Startup Cost": 402927.24,
            "Total Cost": 402927.25,
            "Plan Rows": 1,
            "Plan Width": 8,
            "Actual Startup Time": 1736.204,
            "Actual Total Time": 1771.503,
            "Actual Rows": 1,
            "Actual Loops": 1,
            "Output": [
                "count(*)"
            ],
            "Plans": [
                {
                    "Node Type": "Gather",
                    "Parent Relationship": "Outer",
                    "Parallel Aware": false,
                    "Startup Cost": 402926.62,
                    "Total Cost": 402927.23,
                    "Plan Rows": 6,
                    "Plan Width": 8,
                    "Actual Startup Time": 1720.53,
                    "Actual Total Time": 1771.492,
                    "Actual Rows": 7,
                    "Actual Loops": 1,
                    "Output": [
                        "(PARTIAL count(*))"
                    ],
                    "Workers Planned": 6,
                    "Workers Launched": 6,
                    "Single Copy": false,
                    "Plans": [
                        {
                            "Node Type": "Aggregate",
                            "Strategy": "Plain",
                            "Partial Mode": "Partial",
                            "Parent Relationship": "Outer",
                            "Parallel Aware": false,
                            "Startup Cost": 401926.62,
                            "Total Cost": 401926.63,
                            "Plan Rows": 1,
                            "Plan Width": 8,
                            "Actual Startup Time": 1710.916,
                            "Actual Total Time": 1710.919,
                            "Actual Rows": 1,
                            "Actual Loops": 7,
                            "Output": [
                                "PARTIAL count(*)"
                            ],
                            "Workers": [
                                {
                                    "Worker Number": 0,
                                    "Actual Startup Time": 1708.499,
                                    "Actual Total Time": 1708.503,
                                    "Actual Rows": 1,
                                    "Actual Loops": 1
                                },
                                {
                                    "Worker Number": 1,
                                    "Actual Startup Time": 1708.553,
                                    "Actual Total Time": 1708.556,
                                    "Actual Rows": 1,
                                    "Actual Loops": 1
                                },
                                {
                                    "Worker Number": 2,
                                    "Actual Startup Time": 1709.108,
                                    "Actual Total Time": 1709.112,
                                    "Actual Rows": 1,
                                    "Actual Loops": 1
                                },
                                {
                                    "Worker Number": 3,
                                    "Actual Startup Time": 1710.705,
                                    "Actual Total Time": 1710.708,
                                    "Actual Rows": 1,
                                    "Actual Loops": 1
                                },
                                {
                                    "Worker Number": 4,
                                    "Actual Startup Time": 1709.545,
                                    "Actual Total Time": 1709.549,
                                    "Actual Rows": 1,
                                    "Actual Loops": 1
                                },
                                {
                                    "Worker Number": 5,
                                    "Actual Startup Time": 1709.827,
                                    "Actual Total Time": 1709.83,
                                    "Actual Rows": 1,
                                    "Actual Loops": 1
                                }
                            ],
                            "Plans": [
                                {
                                    "Node Type": "Hash Join",
                                    "Parent Relationship": "Outer",
                                    "Parallel Aware": true,
                                    "Join Type": "Inner",
                                    "Startup Cost": 49702.03,
                                    "Total Cost": 398261.16,
                                    "Plan Rows": 1466184,
                                    "Plan Width": 0,
                                    "Actual Startup Time": 195.792,
                                    "Actual Total Time": 1640.299,
                                    "Actual Rows": 1298696,
                                    "Actual Loops": 7,
                                    "Inner Unique": true,
                                    "Hash Cond": "(ci.movie_id = t.id)",
                                    "Workers": [
                                        {
                                            "Worker Number": 0,
                                            "Actual Startup Time": 193.619,
                                            "Actual Total Time": 1633.194,
                                            "Actual Rows": 1038723,
                                            "Actual Loops": 1
                                        },
                                        {
                                            "Worker Number": 1,
                                            "Actual Startup Time": 193.692,
                                            "Actual Total Time": 1632.721,
                                            "Actual Rows": 1046437,
                                            "Actual Loops": 1
                                        },
                                        {
                                            "Worker Number": 2,
                                            "Actual Startup Time": 194.241,
                                            "Actual Total Time": 1629.285,
                                            "Actual Rows": 1097067,
                                            "Actual Loops": 1
                                        },
                                        {
                                            "Worker Number": 3,
                                            "Actual Startup Time": 194.222,
                                            "Actual Total Time": 1646.733,
                                            "Actual Rows": 1374214,
                                            "Actual Loops": 1
                                        },
                                        {
                                            "Worker Number": 4,
                                            "Actual Startup Time": 194.658,
                                            "Actual Total Time": 1642.152,
                                            "Actual Rows": 1519779,
                                            "Actual Loops": 1
                                        },
                                        {
                                            "Worker Number": 5,
                                            "Actual Startup Time": 194.852,
                                            "Actual Total Time": 1641.996,
                                            "Actual Rows": 1382267,
                                            "Actual Loops": 1
                                        }
                                    ],
                                    "Plans": [
                                        {
                                            "Node Type": "Seq Scan",
                                            "Parent Relationship": "Outer",
                                            "Parallel Aware": true,
                                            "Relation Name": "cast_info",
                                            "Schema": "public",
                                            "Alias": "ci",
                                            "Startup Cost": 0.0,
                                            "Total Cost": 343318.94,
                                            "Plan Rows": 1996257,
                                            "Plan Width": 4,
                                            "Actual Startup Time": 0.03,
                                            "Actual Total Time": 651.851,
                                            "Actual Rows": 1870702,
                                            "Actual Loops": 7,
                                            "Output": [
                                                "ci.id",
                                                "ci.person_id",
                                                "ci.movie_id",
                                                "ci.person_role_id",
                                                "ci.note",
                                                "ci.nr_order",
                                                "ci.role_id"
                                            ],
                                            "Filter": "((ci.person_id < 1346893) AND (ci.role_id < 10))",
                                            "Rows Removed by Filter": 3307061,
                                            "Workers": [
                                                {
                                                    "Worker Number": 0,
                                                    "Actual Startup Time": 0.039,
                                                    "Actual Total Time": 671.847,
                                                    "Actual Rows": 1493895,
                                                    "Actual Loops": 1
                                                },
                                                {
                                                    "Worker Number": 1,
                                                    "Actual Startup Time": 0.038,
                                                    "Actual Total Time": 675.362,
                                                    "Actual Rows": 1507493,
                                                    "Actual Loops": 1
                                                },
                                                {
                                                    "Worker Number": 2,
                                                    "Actual Startup Time": 0.032,
                                                    "Actual Total Time": 695.492,
                                                    "Actual Rows": 1575225,
                                                    "Actual Loops": 1
                                                },
                                                {
                                                    "Worker Number": 3,
                                                    "Actual Startup Time": 0.034,
                                                    "Actual Total Time": 624.297,
                                                    "Actual Rows": 1978080,
                                                    "Actual Loops": 1
                                                },
                                                {
                                                    "Worker Number": 4,
                                                    "Actual Startup Time": 0.025,
                                                    "Actual Total Time": 651.516,
                                                    "Actual Rows": 2192156,
                                                    "Actual Loops": 1
                                                },
                                                {
                                                    "Worker Number": 5,
                                                    "Actual Startup Time": 0.029,
                                                    "Actual Total Time": 625.978,
                                                    "Actual Rows": 1995025,
                                                    "Actual Loops": 1
                                                }
                                            ]
                                        },
                                        {
                                            "Node Type": "Hash",
                                            "Parent Relationship": "Inner",
                                            "Parallel Aware": true,
                                            "Startup Cost": 43899.01,
                                            "Total Cost": 43899.01,
                                            "Plan Rows": 464242,
                                            "Plan Width": 4,
                                            "Actual Startup Time": 192.608,
                                            "Actual Total Time": 192.609,
                                            "Actual Rows": 266498,
                                            "Actual Loops": 7,
                                            "Output": [
                                                "t.id"
                                            ],
                                            "Hash Buckets": 2097152,
                                            "Original Hash Buckets": 2097152,
                                            "Hash Batches": 1,
                                            "Original Hash Batches": 1,
                                            "Peak Memory Usage": 89472,
                                            "Workers": [
                                                {
                                                    "Worker Number": 0,
                                                    "Actual Startup Time": 192.512,
                                                    "Actual Total Time": 192.513,
                                                    "Actual Rows": 207065,
                                                    "Actual Loops": 1
                                                },
                                                {
                                                    "Worker Number": 1,
                                                    "Actual Startup Time": 192.596,
                                                    "Actual Total Time": 192.597,
                                                    "Actual Rows": 205901,
                                                    "Actual Loops": 1
                                                },
                                                {
                                                    "Worker Number": 2,
                                                    "Actual Startup Time": 193.23,
                                                    "Actual Total Time": 193.231,
                                                    "Actual Rows": 211387,
                                                    "Actual Loops": 1
                                                },
                                                {
                                                    "Worker Number": 3,
                                                    "Actual Startup Time": 193.455,
                                                    "Actual Total Time": 193.456,
                                                    "Actual Rows": 271396,
                                                    "Actual Loops": 1
                                                },
                                                {
                                                    "Worker Number": 4,
                                                    "Actual Startup Time": 193.631,
                                                    "Actual Total Time": 193.633,
                                                    "Actual Rows": 289157,
                                                    "Actual Loops": 1
                                                },
                                                {
                                                    "Worker Number": 5,
                                                    "Actual Startup Time": 194.05,
                                                    "Actual Total Time": 194.052,
                                                    "Actual Rows": 274233,
                                                    "Actual Loops": 1
                                                }
                                            ],
                                            "Plans": [
                                                {
                                                    "Node Type": "Seq Scan",
                                                    "Parent Relationship": "Outer",
                                                    "Parallel Aware": true,
                                                    "Relation Name": "title",
                                                    "Schema": "public",
                                                    "Alias": "t",
                                                    "Startup Cost": 0.0,
                                                    "Total Cost": 43899.01,
                                                    "Plan Rows": 464242,
                                                    "Plan Width": 4,
                                                    "Actual Startup Time": 0.044,
                                                    "Actual Total Time": 77.145,
                                                    "Actual Rows": 266498,
                                                    "Actual Loops": 7,
                                                    "Output": [
                                                        "t.id"
                                                    ],
                                                    "Filter": "(t.kind_id > 1)",
                                                    "Rows Removed by Filter": 94689,
                                                    "Workers": [
                                                        {
                                                            "Worker Number": 0,
                                                            "Actual Startup Time": 0.058,
                                                            "Actual Total Time": 80.769,
                                                            "Actual Rows": 207065,
                                                            "Actual Loops": 1
                                                        },
                                                        {
                                                            "Worker Number": 1,
                                                            "Actual Startup Time": 0.053,
                                                            "Actual Total Time": 81.159,
                                                            "Actual Rows": 205901,
                                                            "Actual Loops": 1
                                                        },
                                                        {
                                                            "Worker Number": 2,
                                                            "Actual Startup Time": 0.052,
                                                            "Actual Total Time": 82.39,
                                                            "Actual Rows": 211387,
                                                            "Actual Loops": 1
                                                        },
                                                        {
                                                            "Worker Number": 3,
                                                            "Actual Startup Time": 0.052,
                                                            "Actual Total Time": 76.425,
                                                            "Actual Rows": 271396,
                                                            "Actual Loops": 1
                                                        },
                                                        {
                                                            "Worker Number": 4,
                                                            "Actual Startup Time": 0.031,
                                                            "Actual Total Time": 78.19,
                                                            "Actual Rows": 289157,
                                                            "Actual Loops": 1
                                                        },
                                                        {
                                                            "Worker Number": 5,
                                                            "Actual Startup Time": 0.052,
                                                            "Actual Total Time": 76.643,
                                                            "Actual Rows": 274233,
                                                            "Actual Loops": 1
                                                        }
                                                    ]
                                                }
                                            ]
                                        }
                                    ]
                                }
                            ]
                        }
                    ]
                }
            ]
        },
        "Planning Time": 178.484,
        "Triggers": [],
        "Execution Time": 1771.56
    }
]