[
  {
    "Plan": {
      "Node Type": "Aggregate",
      "Strategy": "Plain",
      "Partial Mode": "Finalize",
      "Parallel Aware": false,
      "Startup Cost": 133624.36,
      "Total Cost": 133624.37,
      "Plan Rows": 1,
      "Plan Width": 8,
      "Actual Startup Time": 1002.712,
      "Actual Total Time": 1023.404,
      "Actual Rows": 1,
      "Actual Loops": 1,
      "Plans": [
        {
          "Node Type": "Gather",
          "Parent Relationship": "Outer",
          "Parallel Aware": false,
          "Startup Cost": 133624.04,
          "Total Cost": 133624.35,
          "Plan Rows": 3,
          "Plan Width": 8,
          "Actual Startup Time": 994.528,
          "Actual Total Time": 1023.395,
          "Actual Rows": 4,
          "Actual Loops": 1,
          "Workers Planned": 3,
          "Workers Launched": 3,
          "Single Copy": false,
          "Plans": [
            {
              "Node Type": "Aggregate",
              "Strategy": "Plain",
              "Partial Mode": "Partial",
              "Parent Relationship": "Outer",
              "Parallel Aware": false,
              "Startup Cost": 132624.04,
              "Total Cost": 132624.05,
              "Plan Rows": 1,
              "Plan Width": 8,
              "Actual Startup Time": 983.018,
              "Actual Total Time": 983.647,
              "Actual Rows": 1,
              "Actual Loops": 4,
              "Plans": [
                {
                  "Node Type": "Hash Join",
                  "Parent Relationship": "Outer",
                  "Parallel Aware": true,
                  "Join Type": "Inner",
                  "Startup Cost": 83719.07,
                  "Total Cost": 131470.4,
                  "Plan Rows": 461458,
                  "Plan Width": 0,
                  "Actual Startup Time": 579.319,
                  "Actual Total Time": 905.085,
                  "Actual Rows": 1994622,
                  "Actual Loops": 4,
                  "Inner Unique": false,
                  "Hash Cond": "(mk.movie_id = t.id)",
                  "Plans": [
                    {
                      "Node Type": "Seq Scan",
                      "Parent Relationship": "Outer",
                      "Parallel Aware": true,
                      "Relation Name": "movie_keyword",
                      "Alias": "mk",
                      "Startup Cost": 0.0,
                      "Total Cost": 42695.65,
                      "Plan Rows": 1040539,
                      "Plan Width": 4,
                      "Actual Startup Time": 0.13,
                      "Actual Total Time": 108.005,
                      "Actual Rows": 802734,
                      "Actual Loops": 4,
                      "Filter": "(keyword_id > 1724)",
                      "Rows Removed by Filter": 328249
                    },
                    {
                      "Node Type": "Hash",
                      "Parent Relationship": "Inner",
                      "Parallel Aware": true,
                      "Startup Cost": 80215.17,
                      "Total Cost": 80215.17,
                      "Plan Rows": 280312,
                      "Plan Width": 8,
                      "Actual Startup Time": 571.454,
                      "Actual Total Time": 572.08,
                      "Actual Rows": 281092,
                      "Actual Loops": 4,
                      "Hash Buckets": 2097152,
                      "Original Hash Buckets": 2097152,
                      "Hash Batches": 1,
                      "Original Hash Batches": 1,
                      "Peak Memory Usage": 60448,
                      "Plans": [
                        {
                          "Node Type": "Hash Join",
                          "Parent Relationship": "Outer",
                          "Parallel Aware": true,
                          "Join Type": "Inner",
                          "Startup Cost": 33831.84,
                          "Total Cost": 80215.17,
                          "Plan Rows": 280312,
                          "Plan Width": 8,
                          "Actual Startup Time": 184.259,
                          "Actual Total Time": 482.454,
                          "Actual Rows": 281092,
                          "Actual Loops": 4,
                          "Inner Unique": false,
                          "Hash Cond": "(t.id = mc.movie_id)",
                          "Plans": [
                            {
                              "Node Type": "Seq Scan",
                              "Parent Relationship": "Outer",
                              "Parallel Aware": true,
                              "Relation Name": "title",
                              "Alias": "t",
                              "Startup Cost": 0.0,
                              "Total Cost": 42318.73,
                              "Plan Rows": 632073,
                              "Plan Width": 4,
                              "Actual Startup Time": 0.011,
                              "Actual Total Time": 76.556,
                              "Actual Rows": 632078,
                              "Actual Loops": 4
                            },
                            {
                              "Node Type": "Hash",
                              "Parent Relationship": "Inner",
                              "Parallel Aware": true,
                              "Startup Cost": 29310.68,
                              "Total Cost": 29310.68,
                              "Plan Rows": 361693,
                              "Plan Width": 4,
                              "Actual Startup Time": 180.321,
                              "Actual Total Time": 180.322,
                              "Actual Rows": 281092,
                              "Actual Loops": 4,
                              "Hash Buckets": 2097152,
                              "Original Hash Buckets": 2097152,
                              "Hash Batches": 1,
                              "Original Hash Batches": 1,
                              "Peak Memory Usage": 60416,
                              "Plans": [
                                {
                                  "Node Type": "Seq Scan",
                                  "Parent Relationship": "Outer",
                                  "Parallel Aware": true,
                                  "Relation Name": "movie_companies",
                                  "Alias": "mc",
                                  "Startup Cost": 0.0,
                                  "Total Cost": 29310.68,
                                  "Plan Rows": 361693,
                                  "Plan Width": 4,
                                  "Actual Startup Time": 18.592,
                                  "Actual Total Time": 84.108,
                                  "Actual Rows": 281092,
                                  "Actual Loops": 4,
                                  "Filter": "(company_id > 13631)",
                                  "Rows Removed by Filter": 371190
                                }
                              ]
                            }
                          ]
                        }
                      ]
                    }
                  ]
                }
              ]
            }
          ]
        }
      ]
    },
    "Planning Time": 1.458,
    "Triggers": [],
    "Execution Time": 1023.488
  }
]