[
    {
        "Bao": {
            "Bao prediction": "NaN",
            "Bao recommended hint": "(no hint)"
        }
    },
    {
        "Plan": {
            "Node Type": "Aggregate",
            "Strategy": "Plain",
            "Partial Mode": "Finalize",
            "Parallel Aware": false,
            "Startup Cost": 38295.31,
            "Total Cost": 38295.32,
            "Plan Rows": 1,
            "Plan Width": 8,
            "Actual Startup Time": 116.204,
            "Actual Total Time": 120.598,
            "Actual Rows": 1,
            "Actual Loops": 1,
            "Output": [
                "count(*)"
            ],
            "Plans": [
                {
                    "Node Type": "Gather",
                    "Parent Relationship": "Outer",
                    "Parallel Aware": false,
                    "Startup Cost": 38294.99,
                    "Total Cost": 38295.3,
                    "Plan Rows": 3,
                    "Plan Width": 8,
                    "Actual Startup Time": 116.014,
                    "Actual Total Time": 120.59,
                    "Actual Rows": 4,
                    "Actual Loops": 1,
                    "Output": [
                        "(PARTIAL count(*))"
                    ],
                    "Workers Planned": 3,
                    "Workers Launched": 3,
                    "Single Copy": false,
                    "Plans": [
                        {
                            "Node Type": "Aggregate",
                            "Strategy": "Plain",
                            "Partial Mode": "Partial",
                            "Parent Relationship": "Outer",
                            "Parallel Aware": false,
                            "Startup Cost": 37294.99,
                            "Total Cost": 37295.0,
                            "Plan Rows": 1,
                            "Plan Width": 8,
                            "Actual Startup Time": 107.412,
                            "Actual Total Time": 107.414,
                            "Actual Rows": 1,
                            "Actual Loops": 4,
                            "Output": [
                                "PARTIAL count(*)"
                            ],
                            "Workers": [
                                {
                                    "Worker Number": 0,
                                    "Actual Startup Time": 104.42,
                                    "Actual Total Time": 104.422,
                                    "Actual Rows": 1,
                                    "Actual Loops": 1
                                },
                                {
                                    "Worker Number": 1,
                                    "Actual Startup Time": 104.661,
                                    "Actual Total Time": 104.663,
                                    "Actual Rows": 1,
                                    "Actual Loops": 1
                                },
                                {
                                    "Worker Number": 2,
                                    "Actual Startup Time": 104.97,
                                    "Actual Total Time": 104.971,
                                    "Actual Rows": 1,
                                    "Actual Loops": 1
                                }
                            ],
                            "Plans": [
                                {
                                    "Node Type": "Bitmap Heap Scan",
                                    "Parent Relationship": "Outer",
                                    "Parallel Aware": true,
                                    "Relation Name": "movie_keyword",
                                    "Schema": "public",
                                    "Alias": "mk",
                                    "Startup Cost": 10456.15,
                                    "Total Cost": 36897.52,
                                    "Plan Rows": 158989,
                                    "Plan Width": 0,
                                    "Actual Startup Time": 38.56,
                                    "Actual Total Time": 100.426,
                                    "Actual Rows": 120991,
                                    "Actual Loops": 4,
                                    "Recheck Cond": "(mk.keyword_id > 37065)",
                                    "Rows Removed by Index Recheck": 0,
                                    "Exact Heap Blocks": 10334,
                                    "Lossy Heap Blocks": 0,
                                    "Workers": [
                                        {
                                            "Worker Number": 0,
                                            "Actual Startup Time": 35.724,
                                            "Actual Total Time": 98.076,
                                            "Actual Rows": 89598,
                                            "Actual Loops": 1
                                        },
                                        {
                                            "Worker Number": 1,
                                            "Actual Startup Time": 35.732,
                                            "Actual Total Time": 98.374,
                                            "Actual Rows": 89014,
                                            "Actual Loops": 1
                                        },
                                        {
                                            "Worker Number": 2,
                                            "Actual Startup Time": 36.423,
                                            "Actual Total Time": 98.833,
                                            "Actual Rows": 87517,
                                            "Actual Loops": 1
                                        }
                                    ],
                                    "Plans": [
                                        {
                                            "Node Type": "Bitmap Index Scan",
                                            "Parent Relationship": "Outer",
                                            "Parallel Aware": false,
                                            "Index Name": "keyword_id_movie_keyword",
                                            "Startup Cost": 0.0,
                                            "Total Cost": 10332.94,
                                            "Plan Rows": 492867,
                                            "Plan Width": 0,
                                            "Actual Startup Time": 42.697,
                                            "Actual Total Time": 42.698,
                                            "Actual Rows": 483965,
                                            "Actual Loops": 1,
                                            "Index Cond": "(mk.keyword_id > 37065)"
                                        }
                                    ]
                                }
                            ]
                        }
                    ]
                }
            ]
        },
        "Planning Time": 232.767,
        "Triggers": [],
        "Execution Time": 120.675
    }
]