[
  {
    "Plan": {
      "Node Type": "Aggregate",
      "Strategy": "Plain",
      "Partial Mode": "Finalize",
      "Parallel Aware": false,
      "Startup Cost": 33010.72,
      "Total Cost": 33010.73,
      "Plan Rows": 1,
      "Plan Width": 8,
      "Actual Startup Time": 90.123,
      "Actual Total Time": 98.952,
      "Actual Rows": 1,
      "Actual Loops": 1,
      "Plans": [
        {
          "Node Type": "Gather",
          "Parent Relationship": "Outer",
          "Parallel Aware": false,
          "Startup Cost": 33010.41,
          "Total Cost": 33010.72,
          "Plan Rows": 3,
          "Plan Width": 8,
          "Actual Startup Time": 89.816,
          "Actual Total Time": 98.943,
          "Actual Rows": 4,
          "Actual Loops": 1,
          "Workers Planned": 3,
          "Workers Launched": 3,
          "Single Copy": false,
          "Plans": [
            {
              "Node Type": "Aggregate",
              "Strategy": "Plain",
              "Partial Mode": "Partial",
              "Parent Relationship": "Outer",
              "Parallel Aware": false,
              "Startup Cost": 32010.41,
              "Total Cost": 32010.42,
              "Plan Rows": 1,
              "Plan Width": 8,
              "Actual Startup Time": 85.799,
              "Actual Total Time": 85.8,
              "Actual Rows": 1,
              "Actual Loops": 4,
              "Plans": [
                {
                  "Node Type": "Seq Scan",
                  "Parent Relationship": "Outer",
                  "Parallel Aware": true,
                  "Relation Name": "movie_companies",
                  "Alias": "mc",
                  "Startup Cost": 0.0,
                  "Total Cost": 31414.82,
                  "Plan Rows": 238235,
                  "Plan Width": 0,
                  "Actual Startup Time": 43.246,
                  "Actual Total Time": 79.717,
                  "Actual Rows": 116551,
                  "Actual Loops": 4,
                  "Filter": "((company_id < 13053) AND (company_type_id > 1))",
                  "Rows Removed by Filter": 535731
                }
              ]
            }
          ]
        }
      ]
    },
    "Planning Time": 0.218,
    "Triggers": [],
    "Execution Time": 99.015
  }
]