[
  {
    "Plan": {
      "Node Type": "Aggregate",
      "Strategy": "Plain",
      "Partial Mode": "Finalize",
      "Parallel Aware": false,
      "Startup Cost": 33011.3,
      "Total Cost": 33011.31,
      "Plan Rows": 1,
      "Plan Width": 8,
      "Actual Startup Time": 103.06,
      "Actual Total Time": 111.363,
      "Actual Rows": 1,
      "Actual Loops": 1,
      "Plans": [
        {
          "Node Type": "Gather",
          "Parent Relationship": "Outer",
          "Parallel Aware": false,
          "Startup Cost": 33010.99,
          "Total Cost": 33011.3,
          "Plan Rows": 3,
          "Plan Width": 8,
          "Actual Startup Time": 102.948,
          "Actual Total Time": 111.356,
          "Actual Rows": 4,
          "Actual Loops": 1,
          "Workers Planned": 3,
          "Workers Launched": 3,
          "Single Copy": false,
          "Plans": [
            {
              "Node Type": "Aggregate",
              "Strategy": "Plain",
              "Partial Mode": "Partial",
              "Parent Relationship": "Outer",
              "Parallel Aware": false,
              "Startup Cost": 32010.99,
              "Total Cost": 32011.0,
              "Plan Rows": 1,
              "Plan Width": 8,
              "Actual Startup Time": 94.089,
              "Actual Total Time": 94.09,
              "Actual Rows": 1,
              "Actual Loops": 4,
              "Plans": [
                {
                  "Node Type": "Seq Scan",
                  "Parent Relationship": "Outer",
                  "Parallel Aware": true,
                  "Relation Name": "movie_companies",
                  "Alias": "mc",
                  "Startup Cost": 0.0,
                  "Total Cost": 31414.82,
                  "Plan Rows": 238467,
                  "Plan Width": 0,
                  "Actual Startup Time": 52.557,
                  "Actual Total Time": 88.335,
                  "Actual Rows": 116551,
                  "Actual Loops": 4,
                  "Filter": "((company_id < 13053) AND (company_type_id > 1))",
                  "Rows Removed by Filter": 535731
                }
              ]
            }
          ]
        }
      ]
    },
    "Planning Time": 0.295,
    "Triggers": [],
    "Execution Time": 111.418
  }
]