[
  {
    "Plan": {
      "Node Type": "Aggregate",
      "Strategy": "Plain",
      "Partial Mode": "Finalize",
      "Parallel Aware": false,
      "Startup Cost": 116568.6,
      "Total Cost": 116568.61,
      "Plan Rows": 1,
      "Plan Width": 8,
      "Actual Startup Time": 1071.393,
      "Actual Total Time": 1132.999,
      "Actual Rows": 1,
      "Actual Loops": 1,
      "Plans": [
        {
          "Node Type": "Gather",
          "Parent Relationship": "Outer",
          "Parallel Aware": false,
          "Startup Cost": 116568.28,
          "Total Cost": 116568.59,
          "Plan Rows": 3,
          "Plan Width": 8,
          "Actual Startup Time": 1060.8,
          "Actual Total Time": 1132.983,
          "Actual Rows": 4,
          "Actual Loops": 1,
          "Workers Planned": 3,
          "Workers Launched": 3,
          "Single Copy": false,
          "Plans": [
            {
              "Node Type": "Aggregate",
              "Strategy": "Plain",
              "Partial Mode": "Partial",
              "Parent Relationship": "Outer",
              "Parallel Aware": false,
              "Startup Cost": 115568.28,
              "Total Cost": 115568.29,
              "Plan Rows": 1,
              "Plan Width": 8,
              "Actual Startup Time": 1055.984,
              "Actual Total Time": 1055.988,
              "Actual Rows": 1,
              "Actual Loops": 4,
              "Plans": [
                {
                  "Node Type": "Nested Loop",
                  "Parent Relationship": "Outer",
                  "Parallel Aware": false,
                  "Join Type": "Inner",
                  "Startup Cost": 45580.93,
                  "Total Cost": 115540.36,
                  "Plan Rows": 11170,
                  "Plan Width": 0,
                  "Actual Startup Time": 103.41,
                  "Actual Total Time": 1050.403,
                  "Actual Rows": 87320,
                  "Actual Loops": 4,
                  "Inner Unique": false,
                  "Join Filter": "(t.id = ci.movie_id)",
                  "Rows Removed by Join Filter": 0,
                  "Plans": [
                    {
                      "Node Type": "Hash Join",
                      "Parent Relationship": "Outer",
                      "Parallel Aware": true,
                      "Join Type": "Inner",
                      "Startup Cost": 45580.36,
                      "Total Cost": 91001.02,
                      "Plan Rows": 13241,
                      "Plan Width": 8,
                      "Actual Startup Time": 103.026,
                      "Actual Total Time": 284.04,
                      "Actual Rows": 17424,
                      "Actual Loops": 4,
                      "Inner Unique": true,
                      "Hash Cond": "(mk.movie_id = t.id)",
                      "Plans": [
                        {
                          "Node Type": "Seq Scan",
                          "Parent Relationship": "Outer",
                          "Parallel Aware": true,
                          "Relation Name": "movie_keyword",
                          "Alias": "mk",
                          "Startup Cost": 0.0,
                          "Total Cost": 42695.65,
                          "Plan Rows": 1038099,
                          "Plan Width": 4,
                          "Actual Startup Time": 0.111,
                          "Actual Total Time": 117.912,
                          "Actual Rows": 804811,
                          "Actual Loops": 4,
                          "Filter": "(keyword_id > 1710)",
                          "Rows Removed by Filter": 326172
                        },
                        {
                          "Node Type": "Hash",
                          "Parent Relationship": "Inner",
                          "Parallel Aware": true,
                          "Startup Cost": 45479.59,
                          "Total Cost": 45479.59,
                          "Plan Rows": 8062,
                          "Plan Width": 4,
                          "Actual Startup Time": 101.416,
                          "Actual Total Time": 101.417,
                          "Actual Rows": 5052,
                          "Actual Loops": 4,
                          "Hash Buckets": 32768,
                          "Original Hash Buckets": 32768,
                          "Hash Batches": 1,
                          "Original Hash Batches": 1,
                          "Peak Memory Usage": 1120,
                          "Plans": [
                            {
                              "Node Type": "Seq Scan",
                              "Parent Relationship": "Outer",
                              "Parallel Aware": true,
                              "Relation Name": "title",
                              "Alias": "t",
                              "Startup Cost": 0.0,
                              "Total Cost": 45479.59,
                              "Plan Rows": 8062,
                              "Plan Width": 4,
                              "Actual Startup Time": 0.248,
                              "Actual Total Time": 98.874,
                              "Actual Rows": 5052,
                              "Actual Loops": 4,
                              "Filter": "((kind_id < 3) AND (production_year = 2006))",
                              "Rows Removed by Filter": 627026
                            }
                          ]
                        }
                      ]
                    },
                    {
                      "Node Type": "Index Scan",
                      "Parent Relationship": "Inner",
                      "Parallel Aware": false,
                      "Scan Direction": "Forward",
                      "Index Name": "movie_id_cast_info",
                      "Relation Name": "cast_info",
                      "Alias": "ci",
                      "Startup Cost": 0.56,
                      "Total Cost": 1.83,
                      "Plan Rows": 2,
                      "Plan Width": 4,
                      "Actual Startup Time": 0.007,
                      "Actual Total Time": 0.043,
                      "Actual Rows": 5,
                      "Actual Loops": 69696,
                      "Index Cond": "(movie_id = mk.movie_id)",
                      "Rows Removed by Index Recheck": 0,
                      "Filter": "((person_id < 319322) AND (role_id < 4))",
                      "Rows Removed by Filter": 77
                    }
                  ]
                }
              ]
            }
          ]
        }
      ]
    },
    "Planning Time": 1.338,
    "Triggers": [],
    "Execution Time": 1133.112
  }
]