[
  {
    "Plan": {
      "Node Type": "Aggregate",
      "Strategy": "Plain",
      "Partial Mode": "Finalize",
      "Parallel Aware": false,
      "Startup Cost": 93394.62,
      "Total Cost": 93394.63,
      "Plan Rows": 1,
      "Plan Width": 8,
      "Actual Startup Time": 656.172,
      "Actual Total Time": 698.83,
      "Actual Rows": 1,
      "Actual Loops": 1,
      "Plans": [
        {
          "Node Type": "Gather",
          "Parent Relationship": "Outer",
          "Parallel Aware": false,
          "Startup Cost": 93394.3,
          "Total Cost": 93394.61,
          "Plan Rows": 3,
          "Plan Width": 8,
          "Actual Startup Time": 654.731,
          "Actual Total Time": 698.816,
          "Actual Rows": 4,
          "Actual Loops": 1,
          "Workers Planned": 3,
          "Workers Launched": 3,
          "Single Copy": false,
          "Plans": [
            {
              "Node Type": "Aggregate",
              "Strategy": "Plain",
              "Partial Mode": "Partial",
              "Parent Relationship": "Outer",
              "Parallel Aware": false,
              "Startup Cost": 92394.3,
              "Total Cost": 92394.31,
              "Plan Rows": 1,
              "Plan Width": 8,
              "Actual Startup Time": 646.085,
              "Actual Total Time": 646.158,
              "Actual Rows": 1,
              "Actual Loops": 4,
              "Plans": [
                {
                  "Node Type": "Nested Loop",
                  "Parent Relationship": "Outer",
                  "Parallel Aware": false,
                  "Join Type": "Inner",
                  "Startup Cost": 45674.7,
                  "Total Cost": 92324.99,
                  "Plan Rows": 27722,
                  "Plan Width": 0,
                  "Actual Startup Time": 121.582,
                  "Actual Total Time": 614.413,
                  "Actual Rows": 674951,
                  "Actual Loops": 4,
                  "Inner Unique": false,
                  "Join Filter": "(t.id = mi.movie_id)",
                  "Rows Removed by Join Filter": 0,
                  "Plans": [
                    {
                      "Node Type": "Hash Join",
                      "Parent Relationship": "Outer",
                      "Parallel Aware": true,
                      "Join Type": "Inner",
                      "Startup Cost": 45674.26,
                      "Total Cost": 77592.1,
                      "Plan Rows": 4721,
                      "Plan Width": 8,
                      "Actual Startup Time": 121.465,
                      "Actual Total Time": 229.69,
                      "Actual Rows": 21000,
                      "Actual Loops": 4,
                      "Inner Unique": true,
                      "Hash Cond": "(mc.movie_id = t.id)",
                      "Plans": [
                        {
                          "Node Type": "Seq Scan",
                          "Parent Relationship": "Outer",
                          "Parallel Aware": true,
                          "Relation Name": "movie_companies",
                          "Alias": "mc",
                          "Startup Cost": 0.0,
                          "Total Cost": 31414.82,
                          "Plan Rows": 191627,
                          "Plan Width": 4,
                          "Actual Startup Time": 0.012,
                          "Actual Total Time": 70.416,
                          "Actual Rows": 206051,
                          "Actual Loops": 4,
                          "Filter": "((company_id < 11141) AND (company_type_id = 1))",
                          "Rows Removed by Filter": 446231
                        },
                        {
                          "Node Type": "Hash",
                          "Parent Relationship": "Inner",
                          "Parallel Aware": true,
                          "Startup Cost": 45479.59,
                          "Total Cost": 45479.59,
                          "Plan Rows": 15574,
                          "Plan Width": 4,
                          "Actual Startup Time": 119.999,
                          "Actual Total Time": 120.0,
                          "Actual Rows": 46400,
                          "Actual Loops": 4,
                          "Hash Buckets": 262144,
                          "Original Hash Buckets": 65536,
                          "Hash Batches": 1,
                          "Original Hash Batches": 1,
                          "Peak Memory Usage": 10944,
                          "Plans": [
                            {
                              "Node Type": "Seq Scan",
                              "Parent Relationship": "Outer",
                              "Parallel Aware": true,
                              "Relation Name": "title",
                              "Alias": "t",
                              "Startup Cost": 0.0,
                              "Total Cost": 45479.59,
                              "Plan Rows": 15574,
                              "Plan Width": 4,
                              "Actual Startup Time": 0.417,
                              "Actual Total Time": 100.147,
                              "Actual Rows": 46400,
                              "Actual Loops": 4,
                              "Filter": "((kind_id < 3) AND (production_year < 1958))",
                              "Rows Removed by Filter": 585678
                            }
                          ]
                        }
                      ]
                    },
                    {
                      "Node Type": "Index Only Scan",
                      "Parent Relationship": "Inner",
                      "Parallel Aware": false,
                      "Scan Direction": "Forward",
                      "Index Name": "movie_id_movie_info",
                      "Relation Name": "movie_info",
                      "Alias": "mi",
                      "Startup Cost": 0.43,
                      "Total Cost": 2.61,
                      "Plan Rows": 41,
                      "Plan Width": 4,
                      "Actual Startup Time": 0.004,
                      "Actual Total Time": 0.015,
                      "Actual Rows": 32,
                      "Actual Loops": 83999,
                      "Index Cond": "(movie_id = mc.movie_id)",
                      "Rows Removed by Index Recheck": 0,
                      "Heap Fetches": 2699805
                    }
                  ]
                }
              ]
            }
          ]
        }
      ]
    },
    "Planning Time": 1.205,
    "Triggers": [],
    "Execution Time": 698.909
  }
]