[
    {
        "Bao": {
            "Bao prediction": 581.704,
            "Bao recommended hint": "(no hint)"
        }
    },
    {
        "Plan": {
            "Node Type": "Aggregate",
            "Strategy": "Plain",
            "Partial Mode": "Finalize",
            "Parallel Aware": false,
            "Startup Cost": 76118.99,
            "Total Cost": 76119.0,
            "Plan Rows": 1,
            "Plan Width": 8,
            "Actual Startup Time": 191.336,
            "Actual Total Time": 198.931,
            "Actual Rows": 1,
            "Actual Loops": 1,
            "Output": [
                "count(*)"
            ],
            "Plans": [
                {
                    "Node Type": "Gather",
                    "Parent Relationship": "Outer",
                    "Parallel Aware": false,
                    "Startup Cost": 76118.68,
                    "Total Cost": 76118.99,
                    "Plan Rows": 3,
                    "Plan Width": 8,
                    "Actual Startup Time": 190.229,
                    "Actual Total Time": 198.922,
                    "Actual Rows": 4,
                    "Actual Loops": 1,
                    "Output": [
                        "(PARTIAL count(*))"
                    ],
                    "Workers Planned": 3,
                    "Workers Launched": 3,
                    "Single Copy": false,
                    "Plans": [
                        {
                            "Node Type": "Aggregate",
                            "Strategy": "Plain",
                            "Partial Mode": "Partial",
                            "Parent Relationship": "Outer",
                            "Parallel Aware": false,
                            "Startup Cost": 75118.68,
                            "Total Cost": 75118.69,
                            "Plan Rows": 1,
                            "Plan Width": 8,
                            "Actual Startup Time": 181.555,
                            "Actual Total Time": 181.559,
                            "Actual Rows": 1,
                            "Actual Loops": 4,
                            "Output": [
                                "PARTIAL count(*)"
                            ],
                            "Workers": [
                                {
                                    "Worker Number": 0,
                                    "Actual Startup Time": 178.642,
                                    "Actual Total Time": 178.645,
                                    "Actual Rows": 1,
                                    "Actual Loops": 1
                                },
                                {
                                    "Worker Number": 1,
                                    "Actual Startup Time": 178.645,
                                    "Actual Total Time": 178.648,
                                    "Actual Rows": 1,
                                    "Actual Loops": 1
                                },
                                {
                                    "Worker Number": 2,
                                    "Actual Startup Time": 179.387,
                                    "Actual Total Time": 179.39,
                                    "Actual Rows": 1,
                                    "Actual Loops": 1
                                }
                            ],
                            "Plans": [
                                {
                                    "Node Type": "Hash Join",
                                    "Parent Relationship": "Outer",
                                    "Parallel Aware": true,
                                    "Join Type": "Inner",
                                    "Startup Cost": 49521.84,
                                    "Total Cost": 75101.57,
                                    "Plan Rows": 6841,
                                    "Plan Width": 0,
                                    "Actual Startup Time": 127.163,
                                    "Actual Total Time": 181.402,
                                    "Actual Rows": 1502,
                                    "Actual Loops": 4,
                                    "Inner Unique": true,
                                    "Hash Cond": "(mk.movie_id = t.id)",
                                    "Workers": [
                                        {
                                            "Worker Number": 0,
                                            "Actual Startup Time": 124.134,
                                            "Actual Total Time": 178.486,
                                            "Actual Rows": 1342,
                                            "Actual Loops": 1
                                        },
                                        {
                                            "Worker Number": 1,
                                            "Actual Startup Time": 124.1,
                                            "Actual Total Time": 178.496,
                                            "Actual Rows": 1262,
                                            "Actual Loops": 1
                                        },
                                        {
                                            "Worker Number": 2,
                                            "Actual Startup Time": 125.62,
                                            "Actual Total Time": 179.25,
                                            "Actual Rows": 1269,
                                            "Actual Loops": 1
                                        }
                                    ],
                                    "Plans": [
                                        {
                                            "Node Type": "Bitmap Heap Scan",
                                            "Parent Relationship": "Outer",
                                            "Parallel Aware": true,
                                            "Relation Name": "movie_keyword",
                                            "Schema": "public",
                                            "Alias": "mk",
                                            "Startup Cost": 4896.58,
                                            "Total Cost": 30280.94,
                                            "Plan Rows": 74429,
                                            "Plan Width": 4,
                                            "Actual Startup Time": 17.947,
                                            "Actual Total Time": 58.885,
                                            "Actual Rows": 56732,
                                            "Actual Loops": 4,
                                            "Output": [
                                                "mk.id",
                                                "mk.movie_id",
                                                "mk.keyword_id"
                                            ],
                                            "Recheck Cond": "(mk.keyword_id < 186)",
                                            "Rows Removed by Index Recheck": 0,
                                            "Exact Heap Blocks": 8440,
                                            "Lossy Heap Blocks": 0,
                                            "Workers": [
                                                {
                                                    "Worker Number": 0,
                                                    "Actual Startup Time": 18.005,
                                                    "Actual Total Time": 59.79,
                                                    "Actual Rows": 49545,
                                                    "Actual Loops": 1
                                                },
                                                {
                                                    "Worker Number": 1,
                                                    "Actual Startup Time": 18.02,
                                                    "Actual Total Time": 59.666,
                                                    "Actual Rows": 49020,
                                                    "Actual Loops": 1
                                                },
                                                {
                                                    "Worker Number": 2,
                                                    "Actual Startup Time": 17.902,
                                                    "Actual Total Time": 60.053,
                                                    "Actual Rows": 49622,
                                                    "Actual Loops": 1
                                                }
                                            ],
                                            "Plans": [
                                                {
                                                    "Node Type": "Bitmap Index Scan",
                                                    "Parent Relationship": "Outer",
                                                    "Parallel Aware": false,
                                                    "Index Name": "keyword_id_movie_keyword",
                                                    "Startup Cost": 0.0,
                                                    "Total Cost": 4838.9,
                                                    "Plan Rows": 230729,
                                                    "Plan Width": 0,
                                                    "Actual Startup Time": 14.427,
                                                    "Actual Total Time": 14.427,
                                                    "Actual Rows": 226927,
                                                    "Actual Loops": 1,
                                                    "Index Cond": "(mk.keyword_id < 186)"
                                                }
                                            ]
                                        },
                                        {
                                            "Node Type": "Hash",
                                            "Parent Relationship": "Inner",
                                            "Parallel Aware": true,
                                            "Startup Cost": 43899.01,
                                            "Total Cost": 43899.01,
                                            "Plan Rows": 58100,
                                            "Plan Width": 4,
                                            "Actual Startup Time": 106.745,
                                            "Actual Total Time": 106.746,
                                            "Actual Rows": 57912,
                                            "Actual Loops": 4,
                                            "Output": [
                                                "t.id"
                                            ],
                                            "Hash Buckets": 262144,
                                            "Original Hash Buckets": 262144,
                                            "Hash Batches": 1,
                                            "Original Hash Batches": 1,
                                            "Peak Memory Usage": 11136,
                                            "Workers": [
                                                {
                                                    "Worker Number": 0,
                                                    "Actual Startup Time": 105.54,
                                                    "Actual Total Time": 105.541,
                                                    "Actual Rows": 53925,
                                                    "Actual Loops": 1
                                                },
                                                {
                                                    "Worker Number": 1,
                                                    "Actual Startup Time": 105.547,
                                                    "Actual Total Time": 105.548,
                                                    "Actual Rows": 54772,
                                                    "Actual Loops": 1
                                                },
                                                {
                                                    "Worker Number": 2,
                                                    "Actual Startup Time": 106.222,
                                                    "Actual Total Time": 106.223,
                                                    "Actual Rows": 50173,
                                                    "Actual Loops": 1
                                                }
                                            ],
                                            "Plans": [
                                                {
                                                    "Node Type": "Seq Scan",
                                                    "Parent Relationship": "Outer",
                                                    "Parallel Aware": true,
                                                    "Relation Name": "title",
                                                    "Schema": "public",
                                                    "Alias": "t",
                                                    "Startup Cost": 0.0,
                                                    "Total Cost": 43899.01,
                                                    "Plan Rows": 58100,
                                                    "Plan Width": 4,
                                                    "Actual Startup Time": 0.039,
                                                    "Actual Total Time": 86.277,
                                                    "Actual Rows": 57912,
                                                    "Actual Loops": 4,
                                                    "Output": [
                                                        "t.id"
                                                    ],
                                                    "Filter": "(t.production_year > 2011)",
                                                    "Rows Removed by Filter": 574166,
                                                    "Workers": [
                                                        {
                                                            "Worker Number": 0,
                                                            "Actual Startup Time": 0.048,
                                                            "Actual Total Time": 85.973,
                                                            "Actual Rows": 53925,
                                                            "Actual Loops": 1
                                                        },
                                                        {
                                                            "Worker Number": 1,
                                                            "Actual Startup Time": 0.049,
                                                            "Actual Total Time": 86.087,
                                                            "Actual Rows": 54772,
                                                            "Actual Loops": 1
                                                        },
                                                        {
                                                            "Worker Number": 2,
                                                            "Actual Startup Time": 0.035,
                                                            "Actual Total Time": 87.183,
                                                            "Actual Rows": 50173,
                                                            "Actual Loops": 1
                                                        }
                                                    ]
                                                }
                                            ]
                                        }
                                    ]
                                }
                            ]
                        }
                    ]
                }
            ]
        },
        "Planning Time": 1199.93,
        "Triggers": [],
        "Execution Time": 199.043
    }
]