[
  {
    "Plan": {
      "Node Type": "Aggregate",
      "Strategy": "Plain",
      "Partial Mode": "Finalize",
      "Parallel Aware": false,
      "Startup Cost": 21741.12,
      "Total Cost": 21741.13,
      "Plan Rows": 1,
      "Plan Width": 8,
      "Actual Startup Time": 5.857,
      "Actual Total Time": 6.84,
      "Actual Rows": 1,
      "Actual Loops": 1,
      "Plans": [
        {
          "Node Type": "Gather",
          "Parent Relationship": "Outer",
          "Parallel Aware": false,
          "Startup Cost": 21740.91,
          "Total Cost": 21741.12,
          "Plan Rows": 2,
          "Plan Width": 8,
          "Actual Startup Time": 5.773,
          "Actual Total Time": 6.835,
          "Actual Rows": 3,
          "Actual Loops": 1,
          "Workers Planned": 2,
          "Workers Launched": 2,
          "Single Copy": false,
          "Plans": [
            {
              "Node Type": "Aggregate",
              "Strategy": "Plain",
              "Partial Mode": "Partial",
              "Parent Relationship": "Outer",
              "Parallel Aware": false,
              "Startup Cost": 20740.91,
              "Total Cost": 20740.92,
              "Plan Rows": 1,
              "Plan Width": 8,
              "Actual Startup Time": 2.673,
              "Actual Total Time": 2.674,
              "Actual Rows": 1,
              "Actual Loops": 3,
              "Plans": [
                {
                  "Node Type": "Nested Loop",
                  "Parent Relationship": "Outer",
                  "Parallel Aware": false,
                  "Join Type": "Inner",
                  "Startup Cost": 122.62,
                  "Total Cost": 20738.12,
                  "Plan Rows": 1116,
                  "Plan Width": 0,
                  "Actual Startup Time": 0.452,
                  "Actual Total Time": 2.649,
                  "Actual Rows": 316,
                  "Actual Loops": 3,
                  "Inner Unique": true,
                  "Plans": [
                    {
                      "Node Type": "Bitmap Heap Scan",
                      "Parent Relationship": "Outer",
                      "Parallel Aware": true,
                      "Relation Name": "movie_companies",
                      "Alias": "mc",
                      "Startup Cost": 122.19,
                      "Total Cost": 12047.21,
                      "Plan Rows": 1116,
                      "Plan Width": 4,
                      "Actual Startup Time": 0.362,
                      "Actual Total Time": 1.255,
                      "Actual Rows": 316,
                      "Actual Loops": 3,
                      "Recheck Cond": "(company_id = 394)",
                      "Rows Removed by Index Recheck": 0,
                      "Filter": "(company_type_id = 1)",
                      "Rows Removed by Filter": 1259,
                      "Exact Heap Blocks": 329,
                      "Lossy Heap Blocks": 0,
                      "Plans": [
                        {
                          "Node Type": "Bitmap Index Scan",
                          "Parent Relationship": "Outer",
                          "Parallel Aware": false,
                          "Index Name": "company_id_movie_companies",
                          "Startup Cost": 0.0,
                          "Total Cost": 121.52,
                          "Plan Rows": 5479,
                          "Plan Width": 0,
                          "Actual Startup Time": 0.888,
                          "Actual Total Time": 0.888,
                          "Actual Rows": 4726,
                          "Actual Loops": 1,
                          "Index Cond": "(company_id = 394)"
                        }
                      ]
                    },
                    {
                      "Node Type": "Index Only Scan",
                      "Parent Relationship": "Inner",
                      "Parallel Aware": false,
                      "Scan Direction": "Forward",
                      "Index Name": "title_pkey",
                      "Relation Name": "title",
                      "Alias": "t",
                      "Startup Cost": 0.43,
                      "Total Cost": 7.79,
                      "Plan Rows": 1,
                      "Plan Width": 4,
                      "Actual Startup Time": 0.004,
                      "Actual Total Time": 0.004,
                      "Actual Rows": 1,
                      "Actual Loops": 949,
                      "Index Cond": "(id = mc.movie_id)",
                      "Rows Removed by Index Recheck": 0,
                      "Heap Fetches": 949
                    }
                  ]
                }
              ]
            }
          ]
        }
      ]
    },
    "Planning Time": 0.267,
    "Triggers": [],
    "Execution Time": 6.871
  }
]