[
  {
    "Plan": {
      "Node Type": "Aggregate",
      "Strategy": "Plain",
      "Partial Mode": "Finalize",
      "Parallel Aware": false,
      "Startup Cost": 324439.95,
      "Total Cost": 324439.96,
      "Plan Rows": 1,
      "Plan Width": 8,
      "Actual Startup Time": 1929.072,
      "Actual Total Time": 1964.741,
      "Actual Rows": 1,
      "Actual Loops": 1,
      "Plans": [
        {
          "Node Type": "Gather",
          "Parent Relationship": "Outer",
          "Parallel Aware": false,
          "Startup Cost": 324439.74,
          "Total Cost": 324439.95,
          "Plan Rows": 2,
          "Plan Width": 8,
          "Actual Startup Time": 1911.105,
          "Actual Total Time": 1964.731,
          "Actual Rows": 3,
          "Actual Loops": 1,
          "Workers Planned": 2,
          "Workers Launched": 2,
          "Single Copy": false,
          "Plans": [
            {
              "Node Type": "Aggregate",
              "Strategy": "Plain",
              "Partial Mode": "Partial",
              "Parent Relationship": "Outer",
              "Parallel Aware": false,
              "Startup Cost": 323439.74,
              "Total Cost": 323439.75,
              "Plan Rows": 1,
              "Plan Width": 8,
              "Actual Startup Time": 1904.862,
              "Actual Total Time": 1905.877,
              "Actual Rows": 1,
              "Actual Loops": 3,
              "Plans": [
                {
                  "Node Type": "Hash Join",
                  "Parent Relationship": "Outer",
                  "Parallel Aware": true,
                  "Join Type": "Inner",
                  "Startup Cost": 307041.86,
                  "Total Cost": 323105.89,
                  "Plan Rows": 133541,
                  "Plan Width": 0,
                  "Actual Startup Time": 1616.77,
                  "Actual Total Time": 1857.553,
                  "Actual Rows": 1271189,
                  "Actual Loops": 3,
                  "Inner Unique": false,
                  "Hash Cond": "(mi_idx.movie_id = t.id)",
                  "Plans": [
                    {
                      "Node Type": "Seq Scan",
                      "Parent Relationship": "Outer",
                      "Parallel Aware": true,
                      "Relation Name": "movie_info_idx",
                      "Alias": "mi_idx",
                      "Startup Cost": 0.0,
                      "Total Cost": 13685.15,
                      "Plan Rows": 575015,
                      "Plan Width": 4,
                      "Actual Startup Time": 0.026,
                      "Actual Total Time": 34.621,
                      "Actual Rows": 460012,
                      "Actual Loops": 3
                    },
                    {
                      "Node Type": "Hash",
                      "Parent Relationship": "Inner",
                      "Parallel Aware": true,
                      "Startup Cost": 305818.6,
                      "Total Cost": 305818.6,
                      "Plan Rows": 97861,
                      "Plan Width": 8,
                      "Actual Startup Time": 1611.366,
                      "Actual Total Time": 1612.379,
                      "Actual Rows": 826737,
                      "Actual Loops": 3,
                      "Hash Buckets": 4194304,
                      "Original Hash Buckets": 1048576,
                      "Hash Batches": 1,
                      "Original Hash Batches": 1,
                      "Peak Memory Usage": 154400,
                      "Plans": [
                        {
                          "Node Type": "Hash Join",
                          "Parent Relationship": "Outer",
                          "Parallel Aware": true,
                          "Join Type": "Inner",
                          "Startup Cost": 50421.32,
                          "Total Cost": 305818.6,
                          "Plan Rows": 97861,
                          "Plan Width": 8,
                          "Actual Startup Time": 568.514,
                          "Actual Total Time": 1261.051,
                          "Actual Rows": 826737,
                          "Actual Loops": 3,
                          "Inner Unique": true,
                          "Hash Cond": "(ci.movie_id = t.id)",
                          "Plans": [
                            {
                              "Node Type": "Index Scan",
                              "Parent Relationship": "Outer",
                              "Parallel Aware": true,
                              "Scan Direction": "Forward",
                              "Index Name": "role_id_cast_info",
                              "Relation Name": "cast_info",
                              "Alias": "ci",
                              "Startup Cost": 0.56,
                              "Total Cost": 255086.64,
                              "Plan Rows": 118555,
                              "Plan Width": 4,
                              "Actual Startup Time": 209.667,
                              "Actual Total Time": 478.628,
                              "Actual Rows": 862853,
                              "Actual Loops": 3,
                              "Index Cond": "(role_id > 4)",
                              "Rows Removed by Index Recheck": 0,
                              "Filter": "(person_id > 3559681)",
                              "Rows Removed by Filter": 2265381
                            },
                            {
                              "Node Type": "Hash",
                              "Parent Relationship": "Inner",
                              "Parallel Aware": true,
                              "Startup Cost": 43898.92,
                              "Total Cost": 43898.92,
                              "Plan Rows": 521747,
                              "Plan Width": 4,
                              "Actual Startup Time": 352.87,
                              "Actual Total Time": 352.872,
                              "Actual Rows": 691596,
                              "Actual Loops": 3,
                              "Hash Buckets": 2097152,
                              "Original Hash Buckets": 2097152,
                              "Hash Batches": 1,
                              "Original Hash Batches": 1,
                              "Peak Memory Usage": 97600,
                              "Plans": [
                                {
                                  "Node Type": "Seq Scan",
                                  "Parent Relationship": "Outer",
                                  "Parallel Aware": true,
                                  "Relation Name": "title",
                                  "Alias": "t",
                                  "Startup Cost": 0.0,
                                  "Total Cost": 43898.92,
                                  "Plan Rows": 521747,
                                  "Plan Width": 4,
                                  "Actual Startup Time": 0.05,
                                  "Actual Total Time": 134.452,
                                  "Actual Rows": 691596,
                                  "Actual Loops": 3,
                                  "Filter": "(production_year > 1970)",
                                  "Rows Removed by Filter": 151175
                                }
                              ]
                            }
                          ]
                        }
                      ]
                    }
                  ]
                }
              ]
            }
          ]
        }
      ]
    },
    "Planning Time": 1.056,
    "Triggers": [],
    "Execution Time": 1964.82
  }
]