{
  "Plan": {
    "Node Type": "Aggregate",
    "Strategy": "Plain",
    "Partial Mode": "Finalize",
    "Parallel Aware": false,
    "Startup Cost": 329779.93,
    "Total Cost": 329779.94,
    "Plan Rows": 1,
    "Plan Width": 8,
    "Actual Startup Time": 1737.169,
    "Actual Total Time": 1791.795,
    "Actual Rows": 1,
    "Actual Loops": 1,
    "Plans": [
      {
        "Node Type": "Gather",
        "Parent Relationship": "Outer",
        "Parallel Aware": false,
        "Startup Cost": 329779.82,
        "Total Cost": 329779.93,
        "Plan Rows": 1,
        "Plan Width": 8,
        "Actual Startup Time": 1736.363,
        "Actual Total Time": 1791.788,
        "Actual Rows": 2,
        "Actual Loops": 1,
        "Workers Planned": 1,
        "Workers Launched": 1,
        "Single Copy": false,
        "Plans": [
          {
            "Node Type": "Aggregate",
            "Strategy": "Plain",
            "Partial Mode": "Partial",
            "Parent Relationship": "Outer",
            "Parallel Aware": false,
            "Startup Cost": 328779.82,
            "Total Cost": 328779.83,
            "Plan Rows": 1,
            "Plan Width": 8,
            "Actual Startup Time": 1730.381,
            "Actual Total Time": 1730.385,
            "Actual Rows": 1,
            "Actual Loops": 2,
            "Plans": [
              {
                "Node Type": "Nested Loop",
                "Parent Relationship": "Outer",
                "Parallel Aware": false,
                "Join Type": "Inner",
                "Startup Cost": 31134.37,
                "Total Cost": 327237.88,
                "Plan Rows": 616776,
                "Plan Width": 0,
                "Actual Startup Time": 120.229,
                "Actual Total Time": 1640.796,
                "Actual Rows": 2153910,
                "Actual Loops": 2,
                "Inner Unique": false,
                "Plans": [
                  {
                    "Node Type": "Hash Join",
                    "Parent Relationship": "Outer",
                    "Parallel Aware": true,
                    "Join Type": "Inner",
                    "Startup Cost": 31133.93,
                    "Total Cost": 91255.08,
                    "Plan Rows": 105481,
                    "Plan Width": 8,
                    "Actual Startup Time": 120.157,
                    "Actual Total Time": 472.557,
                    "Actual Rows": 121314,
                    "Actual Loops": 2,
                    "Inner Unique": false,
                    "Hash Cond": "(t.id = mc.movie_id)",
                    "Plans": [
                      {
                        "Node Type": "Seq Scan",
                        "Parent Relationship": "Outer",
                        "Parallel Aware": true,
                        "Relation Name": "title",
                        "Alias": "t",
                        "Startup Cost": 0.0,
                        "Total Cost": 54588.39,
                        "Plan Rows": 785966,
                        "Plan Width": 4,
                        "Actual Startup Time": 0.012,
                        "Actual Total Time": 145.445,
                        "Actual Rows": 674146,
                        "Actual Loops": 2,
                        "Filter": "(production_year < 2005)",
                        "Rows Removed by Filter": 590010
                      },
                      {
                        "Node Type": "Hash",
                        "Parent Relationship": "Inner",
                        "Parallel Aware": true,
                        "Startup Cost": 28639.01,
                        "Total Cost": 28639.01,
                        "Plan Rows": 199594,
                        "Plan Width": 4,
                        "Actual Startup Time": 116.289,
                        "Actual Total Time": 116.29,
                        "Actual Rows": 167228,
                        "Actual Loops": 2,
                        "Hash Buckets": 524288,
                        "Original Hash Buckets": 524288,
                        "Hash Batches": 1,
                        "Original Hash Batches": 1,
                        "Peak Memory Usage": 17216,
                        "Plans": [
                          {
                            "Node Type": "Bitmap Heap Scan",
                            "Parent Relationship": "Outer",
                            "Parallel Aware": true,
                            "Relation Name": "movie_companies",
                            "Alias": "mc",
                            "Startup Cost": 7354.08,
                            "Total Cost": 28639.01,
                            "Plan Rows": 199594,
                            "Plan Width": 4,
                            "Actual Startup Time": 22.197,
                            "Actual Total Time": 77.961,
                            "Actual Rows": 167228,
                            "Actual Loops": 2,
                            "Recheck Cond": "(company_id < 166)",
                            "Rows Removed by Index Recheck": 0,
                            "Exact Heap Blocks": 10860,
                            "Lossy Heap Blocks": 0,
                            "Plans": [
                              {
                                "Node Type": "Bitmap Index Scan",
                                "Parent Relationship": "Outer",
                                "Parallel Aware": false,
                                "Index Name": "company_id_movie_companies",
                                "Startup Cost": 0.0,
                                "Total Cost": 7269.26,
                                "Plan Rows": 339310,
                                "Plan Width": 0,
                                "Actual Startup Time": 21.523,
                                "Actual Total Time": 21.523,
                                "Actual Rows": 334457,
                                "Actual Loops": 1,
                                "Index Cond": "(company_id < 166)"
                              }
                            ]
                          }
                        ]
                      }
                    ]
                  },
                  {
                    "Node Type": "Index Only Scan",
                    "Parent Relationship": "Inner",
                    "Parallel Aware": false,
                    "Scan Direction": "Forward",
                    "Index Name": "movie_id_movie_info",
                    "Relation Name": "movie_info",
                    "Alias": "mi",
                    "Startup Cost": 0.43,
                    "Total Cost": 1.82,
                    "Plan Rows": 42,
                    "Plan Width": 4,
                    "Actual Startup Time": 0.003,
                    "Actual Total Time": 0.008,
                    "Actual Rows": 18,
                    "Actual Loops": 242627,
                    "Index Cond": "(movie_id = t.id)",
                    "Rows Removed by Index Recheck": 0,
                    "Heap Fetches": 4307821
                  }
                ]
              }
            ]
          }
        ]
      }
    ]
  },
  "Planning Time": 0.656,
  "Triggers": [],
  "Execution Time": 1791.882
}