[
    {
        "Bao": {
            "Bao prediction": "NaN",
            "Bao recommended hint": "(no hint)"
        }
    },
    {
        "Plan": {
            "Node Type": "Aggregate",
            "Strategy": "Plain",
            "Partial Mode": "Finalize",
            "Parallel Aware": false,
            "Startup Cost": 25759.71,
            "Total Cost": 25759.72,
            "Plan Rows": 1,
            "Plan Width": 8,
            "Actual Startup Time": 60.178,
            "Actual Total Time": 63.473,
            "Actual Rows": 1,
            "Actual Loops": 1,
            "Output": [
                "count(*)"
            ],
            "Plans": [
                {
                    "Node Type": "Gather",
                    "Parent Relationship": "Outer",
                    "Parallel Aware": false,
                    "Startup Cost": 25759.4,
                    "Total Cost": 25759.71,
                    "Plan Rows": 3,
                    "Plan Width": 8,
                    "Actual Startup Time": 59.97,
                    "Actual Total Time": 63.466,
                    "Actual Rows": 4,
                    "Actual Loops": 1,
                    "Output": [
                        "(PARTIAL count(*))"
                    ],
                    "Workers Planned": 3,
                    "Workers Launched": 3,
                    "Single Copy": false,
                    "Plans": [
                        {
                            "Node Type": "Aggregate",
                            "Strategy": "Plain",
                            "Partial Mode": "Partial",
                            "Parent Relationship": "Outer",
                            "Parallel Aware": false,
                            "Startup Cost": 24759.4,
                            "Total Cost": 24759.41,
                            "Plan Rows": 1,
                            "Plan Width": 8,
                            "Actual Startup Time": 51.658,
                            "Actual Total Time": 51.66,
                            "Actual Rows": 1,
                            "Actual Loops": 4,
                            "Output": [
                                "PARTIAL count(*)"
                            ],
                            "Workers": [
                                {
                                    "Worker Number": 0,
                                    "Actual Startup Time": 48.779,
                                    "Actual Total Time": 48.78,
                                    "Actual Rows": 1,
                                    "Actual Loops": 1
                                },
                                {
                                    "Worker Number": 1,
                                    "Actual Startup Time": 48.893,
                                    "Actual Total Time": 48.895,
                                    "Actual Rows": 1,
                                    "Actual Loops": 1
                                },
                                {
                                    "Worker Number": 2,
                                    "Actual Startup Time": 49.265,
                                    "Actual Total Time": 49.266,
                                    "Actual Rows": 1,
                                    "Actual Loops": 1
                                }
                            ],
                            "Plans": [
                                {
                                    "Node Type": "Bitmap Heap Scan",
                                    "Parent Relationship": "Outer",
                                    "Parallel Aware": true,
                                    "Relation Name": "movie_companies",
                                    "Schema": "public",
                                    "Alias": "mc",
                                    "Startup Cost": 4803.04,
                                    "Total Cost": 24671.31,
                                    "Plan Rows": 35235,
                                    "Plan Width": 0,
                                    "Actual Startup Time": 7.114,
                                    "Actual Total Time": 48.291,
                                    "Actual Rows": 43156,
                                    "Actual Loops": 4,
                                    "Recheck Cond": "(mc.company_id < 82)",
                                    "Rows Removed by Index Recheck": 0,
                                    "Filter": "(mc.company_type_id < 2)",
                                    "Rows Removed by Filter": 12815,
                                    "Exact Heap Blocks": 9581,
                                    "Lossy Heap Blocks": 0,
                                    "Workers": [
                                        {
                                            "Worker Number": 0,
                                            "Actual Startup Time": 4.452,
                                            "Actual Total Time": 45.799,
                                            "Actual Rows": 19007,
                                            "Actual Loops": 1
                                        },
                                        {
                                            "Worker Number": 1,
                                            "Actual Startup Time": 4.397,
                                            "Actual Total Time": 45.942,
                                            "Actual Rows": 19209,
                                            "Actual Loops": 1
                                        },
                                        {
                                            "Worker Number": 2,
                                            "Actual Startup Time": 4.758,
                                            "Actual Total Time": 46.264,
                                            "Actual Rows": 19064,
                                            "Actual Loops": 1
                                        }
                                    ],
                                    "Plans": [
                                        {
                                            "Node Type": "Bitmap Index Scan",
                                            "Parent Relationship": "Outer",
                                            "Parallel Aware": false,
                                            "Index Name": "company_id_movie_companies",
                                            "Startup Cost": 0.0,
                                            "Total Cost": 4775.74,
                                            "Plan Rows": 222841,
                                            "Plan Width": 0,
                                            "Actual Startup Time": 12.265,
                                            "Actual Total Time": 12.266,
                                            "Actual Rows": 223883,
                                            "Actual Loops": 1,
                                            "Index Cond": "(mc.company_id < 82)"
                                        }
                                    ]
                                }
                            ]
                        }
                    ]
                }
            ]
        },
        "Planning Time": 181.459,
        "Triggers": [],
        "Execution Time": 63.527
    }
]