{
  "Plan": {
    "Node Type": "Aggregate",
    "Strategy": "Plain",
    "Partial Mode": "Finalize",
    "Parallel Aware": false,
    "Startup Cost": 122132.11,
    "Total Cost": 122132.12,
    "Plan Rows": 1,
    "Plan Width": 8,
    "Actual Startup Time": 524.632,
    "Actual Total Time": 542.027,
    "Actual Rows": 1,
    "Actual Loops": 1,
    "Plans": [
      {
        "Node Type": "Gather",
        "Parent Relationship": "Outer",
        "Parallel Aware": false,
        "Startup Cost": 122132.0,
        "Total Cost": 122132.11,
        "Plan Rows": 1,
        "Plan Width": 8,
        "Actual Startup Time": 523.671,
        "Actual Total Time": 542.019,
        "Actual Rows": 2,
        "Actual Loops": 1,
        "Workers Planned": 1,
        "Workers Launched": 1,
        "Single Copy": false,
        "Plans": [
          {
            "Node Type": "Aggregate",
            "Strategy": "Plain",
            "Partial Mode": "Partial",
            "Parent Relationship": "Outer",
            "Parallel Aware": false,
            "Startup Cost": 121132.0,
            "Total Cost": 121132.01,
            "Plan Rows": 1,
            "Plan Width": 8,
            "Actual Startup Time": 517.707,
            "Actual Total Time": 517.712,
            "Actual Rows": 1,
            "Actual Loops": 2,
            "Plans": [
              {
                "Node Type": "Hash Join",
                "Parent Relationship": "Outer",
                "Parallel Aware": true,
                "Join Type": "Inner",
                "Startup Cost": 60521.29,
                "Total Cost": 120837.24,
                "Plan Rows": 117902,
                "Plan Width": 0,
                "Actual Startup Time": 210.978,
                "Actual Total Time": 516.663,
                "Actual Rows": 20599,
                "Actual Loops": 2,
                "Inner Unique": true,
                "Hash Cond": "(mk.movie_id = t.id)",
                "Plans": [
                  {
                    "Node Type": "Seq Scan",
                    "Parent Relationship": "Outer",
                    "Parallel Aware": true,
                    "Relation Name": "movie_keyword",
                    "Alias": "mk",
                    "Startup Cost": 0.0,
                    "Total Cost": 57718.19,
                    "Plan Rows": 989622,
                    "Plan Width": 4,
                    "Actual Startup Time": 0.977,
                    "Actual Total Time": 217.885,
                    "Actual Rows": 844476,
                    "Actual Loops": 2,
                    "Filter": "(keyword_id > 8574)",
                    "Rows Removed by Filter": 1417490
                  },
                  {
                    "Node Type": "Hash",
                    "Parent Relationship": "Inner",
                    "Parallel Aware": true,
                    "Startup Cost": 58306.47,
                    "Total Cost": 58306.47,
                    "Plan Rows": 177186,
                    "Plan Width": 4,
                    "Actual Startup Time": 204.257,
                    "Actual Total Time": 204.258,
                    "Actual Rows": 88906,
                    "Actual Loops": 2,
                    "Hash Buckets": 524288,
                    "Original Hash Buckets": 524288,
                    "Hash Batches": 1,
                    "Original Hash Batches": 1,
                    "Peak Memory Usage": 11072,
                    "Plans": [
                      {
                        "Node Type": "Seq Scan",
                        "Parent Relationship": "Outer",
                        "Parallel Aware": true,
                        "Relation Name": "title",
                        "Alias": "t",
                        "Startup Cost": 0.0,
                        "Total Cost": 58306.47,
                        "Plan Rows": 177186,
                        "Plan Width": 4,
                        "Actual Startup Time": 0.034,
                        "Actual Total Time": 171.528,
                        "Actual Rows": 88906,
                        "Actual Loops": 2,
                        "Filter": "((kind_id > 3) AND (production_year < 1977))",
                        "Rows Removed by Filter": 1175250
                      }
                    ]
                  }
                ]
              }
            ]
          }
        ]
      }
    ]
  },
  "Planning Time": 0.658,
  "Triggers": [],
  "Execution Time": 542.099
}