[
  {
    "Bao": {
      "Bao prediction": 846.537,
      "Bao recommended hint": "SET enable_nestloop TO off; SET enable_hashjoin TO off; "
    }
  },
  {
    "Plan": {
      "Node Type": "Aggregate",
      "Strategy": "Plain",
      "Partial Mode": "Simple",
      "Parallel Aware": false,
      "Startup Cost": 302672.55,
      "Total Cost": 302672.56,
      "Plan Rows": 1,
      "Plan Width": 192,
      "Actual Startup Time": 1474.738,
      "Actual Total Time": 1474.939,
      "Actual Rows": 1,
      "Actual Loops": 1,
      "Plans": [
        {
          "Node Type": "Merge Join",
          "Parent Relationship": "Outer",
          "Parallel Aware": false,
          "Join Type": "Inner",
          "Startup Cost": 290211.37,
          "Total Cost": 302672.54,
          "Plan Rows": 1,
          "Plan Width": 84,
          "Actual Startup Time": 1446.222,
          "Actual Total Time": 1474.902,
          "Actual Rows": 114,
          "Actual Loops": 1,
          "Inner Unique": false,
          "Merge Cond": "(cn2.id = mc2.company_id)",
          "Plans": [
            {
              "Node Type": "Index Scan",
              "Parent Relationship": "Outer",
              "Parallel Aware": false,
              "Scan Direction": "Forward",
              "Index Name": "company_name_pkey",
              "Relation Name": "company_name",
              "Alias": "cn2",
              "Startup Cost": 0.42,
              "Total Cost": 11881.93,
              "Plan Rows": 234997,
              "Plan Width": 23,
              "Actual Startup Time": 0.026,
              "Actual Total Time": 23.894,
              "Actual Rows": 79743,
              "Actual Loops": 1
            },
            {
              "Node Type": "Sort",
              "Parent Relationship": "Inner",
              "Parallel Aware": false,
              "Startup Cost": 290210.95,
              "Total Cost": 290210.95,
              "Plan Rows": 1,
              "Plan Width": 69,
              "Actual Startup Time": 1446.176,
              "Actual Total Time": 1446.384,
              "Actual Rows": 114,
              "Actual Loops": 1,
              "Sort Key": [
                "mc2.company_id"
              ],
              "Sort Method": "quicksort",
              "Sort Space Used": 41,
              "Sort Space Type": "Memory",
              "Plans": [
                {
                  "Node Type": "Merge Join",
                  "Parent Relationship": "Outer",
                  "Parallel Aware": false,
                  "Join Type": "Inner",
                  "Startup Cost": 290204.73,
                  "Total Cost": 290210.94,
                  "Plan Rows": 1,
                  "Plan Width": 69,
                  "Actual Startup Time": 1441.472,
                  "Actual Total Time": 1446.303,
                  "Actual Rows": 114,
                  "Actual Loops": 1,
                  "Inner Unique": false,
                  "Merge Cond": "(t2.id = ml.linked_movie_id)",
                  "Plans": [
                    {
                      "Node Type": "Sort",
                      "Parent Relationship": "Outer",
                      "Parallel Aware": false,
                      "Startup Cost": 141353.88,
                      "Total Cost": 141355.68,
                      "Plan Rows": 723,
                      "Plan Width": 31,
                      "Actual Startup Time": 802.039,
                      "Actual Total Time": 802.512,
                      "Actual Rows": 6494,
                      "Actual Loops": 1,
                      "Sort Key": [
                        "mi_idx2.movie_id"
                      ],
                      "Sort Method": "quicksort",
                      "Sort Space Used": 714,
                      "Sort Space Type": "Memory",
                      "Plans": [
                        {
                          "Node Type": "Gather",
                          "Parent Relationship": "Outer",
                          "Parallel Aware": false,
                          "Startup Cost": 141242.26,
                          "Total Cost": 141319.54,
                          "Plan Rows": 723,
                          "Plan Width": 31,
                          "Actual Startup Time": 577.02,
                          "Actual Total Time": 797.275,
                          "Actual Rows": 6494,
                          "Actual Loops": 1,
                          "Workers Planned": 4,
                          "Workers Launched": 4,
                          "Single Copy": false,
                          "Plans": [
                            {
                              "Node Type": "Merge Join",
                              "Parent Relationship": "Outer",
                              "Parallel Aware": false,
                              "Join Type": "Inner",
                              "Startup Cost": 140242.26,
                              "Total Cost": 140247.24,
                              "Plan Rows": 181,
                              "Plan Width": 31,
                              "Actual Startup Time": 711.285,
                              "Actual Total Time": 711.767,
                              "Actual Rows": 1299,
                              "Actual Loops": 5,
                              "Inner Unique": true,
                              "Merge Cond": "(t2.kind_id = kt2.id)",
                              "Plans": [
                                {
                                  "Node Type": "Sort",
                                  "Parent Relationship": "Outer",
                                  "Parallel Aware": false,
                                  "Startup Cost": 140241.16,
                                  "Total Cost": 140242.74,
                                  "Plan Rows": 632,
                                  "Plan Width": 35,
                                  "Actual Startup Time": 710.971,
                                  "Actual Total Time": 711.215,
                                  "Actual Rows": 3964,
                                  "Actual Loops": 5,
                                  "Sort Key": [
                                    "t2.kind_id"
                                  ],
                                  "Sort Method": "quicksort",
                                  "Sort Space Used": 692,
                                  "Sort Space Type": "Memory",
                                  "Workers": [
                                    {
                                      "Worker Number": 0,
                                      "Sort Method": "quicksort",
                                      "Sort Space Used": 395,
                                      "Sort Space Type": "Memory"
                                    },
                                    {
                                      "Worker Number": 1,
                                      "Sort Method": "quicksort",
                                      "Sort Space Used": 393,
                                      "Sort Space Type": "Memory"
                                    },
                                    {
                                      "Worker Number": 2,
                                      "Sort Method": "quicksort",
                                      "Sort Space Used": 383,
                                      "Sort Space Type": "Memory"
                                    },
                                    {
                                      "Worker Number": 3,
                                      "Sort Method": "quicksort",
                                      "Sort Space Used": 391,
                                      "Sort Space Type": "Memory"
                                    }
                                  ],
                                  "Plans": [
                                    {
                                      "Node Type": "Merge Join",
                                      "Parent Relationship": "Outer",
                                      "Parallel Aware": false,
                                      "Join Type": "Inner",
                                      "Startup Cost": 138862.21,
                                      "Total Cost": 140211.76,
                                      "Plan Rows": 632,
                                      "Plan Width": 35,
                                      "Actual Startup Time": 644.231,
                                      "Actual Total Time": 709.353,
                                      "Actual Rows": 3964,
                                      "Actual Loops": 5,
                                      "Inner Unique": false,
                                      "Merge Cond": "(t2.id = mi_idx2.movie_id)",
                                      "Plans": [
                                        {
                                          "Node Type": "Sort",
                                          "Parent Relationship": "Outer",
                                          "Parallel Aware": false,
                                          "Startup Cost": 69142.38,
                                          "Total Cost": 69799.53,
                                          "Plan Rows": 262859,
                                          "Plan Width": 25,
                                          "Actual Startup Time": 218.257,
                                          "Actual Total Time": 249.3,
                                          "Actual Rows": 208514,
                                          "Actual Loops": 5,
                                          "Sort Key": [
                                            "t2.id"
                                          ],
                                          "Sort Method": "quicksort",
                                          "Sort Space Used": 35739,
                                          "Sort Space Type": "Memory",
                                          "Workers": [
                                            {
                                              "Worker Number": 0,
                                              "Sort Method": "quicksort",
                                              "Sort Space Used": 20123,
                                              "Sort Space Type": "Memory"
                                            },
                                            {
                                              "Worker Number": 1,
                                              "Sort Method": "quicksort",
                                              "Sort Space Used": 20132,
                                              "Sort Space Type": "Memory"
                                            },
                                            {
                                              "Worker Number": 2,
                                              "Sort Method": "quicksort",
                                              "Sort Space Used": 19265,
                                              "Sort Space Type": "Memory"
                                            },
                                            {
                                              "Worker Number": 3,
                                              "Sort Method": "quicksort",
                                              "Sort Space Used": 20283,
                                              "Sort Space Type": "Memory"
                                            }
                                          ],
                                          "Plans": [
                                            {
                                              "Node Type": "Seq Scan",
                                              "Parent Relationship": "Outer",
                                              "Parallel Aware": true,
                                              "Relation Name": "title",
                                              "Alias": "t2",
                                              "Startup Cost": 0.0,
                                              "Total Cost": 45479.91,
                                              "Plan Rows": 262859,
                                              "Plan Width": 25,
                                              "Actual Startup Time": 0.048,
                                              "Actual Total Time": 122.327,
                                              "Actual Rows": 208560,
                                              "Actual Loops": 5,
                                              "Filter": "((production_year >= 2000) AND (production_year <= 2010))",
                                              "Rows Removed by Filter": 297102
                                            }
                                          ]
                                        },
                                        {
                                          "Node Type": "Sort",
                                          "Parent Relationship": "Inner",
                                          "Parallel Aware": false,
                                          "Startup Cost": 69719.77,
                                          "Total Cost": 69734.97,
                                          "Plan Rows": 6081,
                                          "Plan Width": 10,
                                          "Actual Startup Time": 425.921,
                                          "Actual Total Time": 428.327,
                                          "Actual Rows": 36749,
                                          "Actual Loops": 5,
                                          "Sort Key": [
                                            "mi_idx2.movie_id"
                                          ],
                                          "Sort Method": "quicksort",
                                          "Sort Space Used": 3259,
                                          "Sort Space Type": "Memory",
                                          "Workers": [
                                            {
                                              "Worker Number": 0,
                                              "Sort Method": "quicksort",
                                              "Sort Space Used": 3259,
                                              "Sort Space Type": "Memory"
                                            },
                                            {
                                              "Worker Number": 1,
                                              "Sort Method": "quicksort",
                                              "Sort Space Used": 3259,
                                              "Sort Space Type": "Memory"
                                            },
                                            {
                                              "Worker Number": 2,
                                              "Sort Method": "quicksort",
                                              "Sort Space Used": 3259,
                                              "Sort Space Type": "Memory"
                                            },
                                            {
                                              "Worker Number": 3,
                                              "Sort Method": "quicksort",
                                              "Sort Space Used": 3259,
                                              "Sort Space Type": "Memory"
                                            }
                                          ],
                                          "Plans": [
                                            {
                                              "Node Type": "Merge Join",
                                              "Parent Relationship": "Outer",
                                              "Parallel Aware": false,
                                              "Join Type": "Inner",
                                              "Startup Cost": 2.86,
                                              "Total Cost": 69337.57,
                                              "Plan Rows": 6081,
                                              "Plan Width": 10,
                                              "Actual Startup Time": 300.52,
                                              "Actual Total Time": 414.195,
                                              "Actual Rows": 36749,
                                              "Actual Loops": 5,
                                              "Inner Unique": true,
                                              "Merge Cond": "(mi_idx2.info_type_id = it2.id)",
                                              "Plans": [
                                                {
                                                  "Node Type": "Index Scan",
                                                  "Parent Relationship": "Outer",
                                                  "Parallel Aware": false,
                                                  "Scan Direction": "Forward",
                                                  "Index Name": "info_type_id_movie_info_idx",
                                                  "Relation Name": "movie_info_idx",
                                                  "Alias": "mi_idx2",
                                                  "Startup Cost": 0.43,
                                                  "Total Cost": 67556.34,
                                                  "Plan Rows": 687197,
                                                  "Plan Width": 14,
                                                  "Actual Startup Time": 0.072,
                                                  "Actual Total Time": 365.705,
                                                  "Actual Rows": 687090,
                                                  "Actual Loops": 5,
                                                  "Filter": "(info < '3.5'::text)",
                                                  "Rows Removed by Filter": 692686
                                                },
                                                {
                                                  "Node Type": "Sort",
                                                  "Parent Relationship": "Inner",
                                                  "Parallel Aware": false,
                                                  "Startup Cost": 2.42,
                                                  "Total Cost": 2.43,
                                                  "Plan Rows": 1,
                                                  "Plan Width": 4,
                                                  "Actual Startup Time": 0.048,
                                                  "Actual Total Time": 0.05,
                                                  "Actual Rows": 1,
                                                  "Actual Loops": 5,
                                                  "Sort Key": [
                                                    "it2.id"
                                                  ],
                                                  "Sort Method": "quicksort",
                                                  "Sort Space Used": 25,
                                                  "Sort Space Type": "Memory",
                                                  "Workers": [
                                                    {
                                                      "Worker Number": 0,
                                                      "Sort Method": "quicksort",
                                                      "Sort Space Used": 25,
                                                      "Sort Space Type": "Memory"
                                                    },
                                                    {
                                                      "Worker Number": 1,
                                                      "Sort Method": "quicksort",
                                                      "Sort Space Used": 25,
                                                      "Sort Space Type": "Memory"
                                                    },
                                                    {
                                                      "Worker Number": 2,
                                                      "Sort Method": "quicksort",
                                                      "Sort Space Used": 25,
                                                      "Sort Space Type": "Memory"
                                                    },
                                                    {
                                                      "Worker Number": 3,
                                                      "Sort Method": "quicksort",
                                                      "Sort Space Used": 25,
                                                      "Sort Space Type": "Memory"
                                                    }
                                                  ],
                                                  "Plans": [
                                                    {
                                                      "Node Type": "Seq Scan",
                                                      "Parent Relationship": "Outer",
                                                      "Parallel Aware": false,
                                                      "Relation Name": "info_type",
                                                      "Alias": "it2",
                                                      "Startup Cost": 0.0,
                                                      "Total Cost": 2.41,
                                                      "Plan Rows": 1,
                                                      "Plan Width": 4,
                                                      "Actual Startup Time": 0.043,
                                                      "Actual Total Time": 0.045,
                                                      "Actual Rows": 1,
                                                      "Actual Loops": 5,
                                                      "Filter": "((info)::text = 'rating'::text COLLATE \"C\")",
                                                      "Rows Removed by Filter": 112
                                                    }
                                                  ]
                                                }
                                              ]
                                            }
                                          ]
                                        }
                                      ]
                                    }
                                  ]
                                },
                                {
                                  "Node Type": "Sort",
                                  "Parent Relationship": "Inner",
                                  "Parallel Aware": false,
                                  "Startup Cost": 1.1,
                                  "Total Cost": 1.1,
                                  "Plan Rows": 2,
                                  "Plan Width": 4,
                                  "Actual Startup Time": 0.065,
                                  "Actual Total Time": 0.065,
                                  "Actual Rows": 2,
                                  "Actual Loops": 5,
                                  "Sort Key": [
                                    "kt2.id"
                                  ],
                                  "Sort Method": "quicksort",
                                  "Sort Space Used": 25,
                                  "Sort Space Type": "Memory",
                                  "Workers": [
                                    {
                                      "Worker Number": 0,
                                      "Sort Method": "quicksort",
                                      "Sort Space Used": 25,
                                      "Sort Space Type": "Memory"
                                    },
                                    {
                                      "Worker Number": 1,
                                      "Sort Method": "quicksort",
                                      "Sort Space Used": 25,
                                      "Sort Space Type": "Memory"
                                    },
                                    {
                                      "Worker Number": 2,
                                      "Sort Method": "quicksort",
                                      "Sort Space Used": 25,
                                      "Sort Space Type": "Memory"
                                    },
                                    {
                                      "Worker Number": 3,
                                      "Sort Method": "quicksort",
                                      "Sort Space Used": 25,
                                      "Sort Space Type": "Memory"
                                    }
                                  ],
                                  "Plans": [
                                    {
                                      "Node Type": "Seq Scan",
                                      "Parent Relationship": "Outer",
                                      "Parallel Aware": false,
                                      "Relation Name": "kind_type",
                                      "Alias": "kt2",
                                      "Startup Cost": 0.0,
                                      "Total Cost": 1.09,
                                      "Plan Rows": 2,
                                      "Plan Width": 4,
                                      "Actual Startup Time": 0.053,
                                      "Actual Total Time": 0.055,
                                      "Actual Rows": 2,
                                      "Actual Loops": 5,
                                      "Filter": "((kind)::text = ANY ('{\"tv series\",episode}'::text[]))",
                                      "Rows Removed by Filter": 5
                                    }
                                  ]
                                }
                              ]
                            }
                          ]
                        }
                      ]
                    },
                    {
                      "Node Type": "Sort",
                      "Parent Relationship": "Inner",
                      "Parallel Aware": false,
                      "Startup Cost": 148850.86,
                      "Total Cost": 148852.15,
                      "Plan Rows": 517,
                      "Plan Width": 54,
                      "Actual Startup Time": 639.109,
                      "Actual Total Time": 641.225,
                      "Actual Rows": 28834,
                      "Actual Loops": 1,
                      "Sort Key": [
                        "ml.linked_movie_id"
                      ],
                      "Sort Method": "quicksort",
                      "Sort Space Used": 5787,
                      "Sort Space Type": "Memory",
                      "Plans": [
                        {
                          "Node Type": "Merge Join",
                          "Parent Relationship": "Outer",
                          "Parallel Aware": false,
                          "Join Type": "Inner",
                          "Startup Cost": 136043.07,
                          "Total Cost": 148827.55,
                          "Plan Rows": 517,
                          "Plan Width": 54,
                          "Actual Startup Time": 583.819,
                          "Actual Total Time": 628.266,
                          "Actual Rows": 36156,
                          "Actual Loops": 1,
                          "Inner Unique": false,
                          "Merge Cond": "(cn1.id = mc1.company_id)",
                          "Plans": [
                            {
                              "Node Type": "Index Scan",
                              "Parent Relationship": "Outer",
                              "Parallel Aware": false,
                              "Scan Direction": "Forward",
                              "Index Name": "company_name_pkey",
                              "Relation Name": "company_name",
                              "Alias": "cn1",
                              "Startup Cost": 0.42,
                              "Total Cost": 12469.43,
                              "Plan Rows": 125473,
                              "Plan Width": 23,
                              "Actual Startup Time": 0.135,
                              "Actual Total Time": 34.987,
                              "Actual Rows": 40708,
                              "Actual Loops": 1,
                              "Filter": "((country_code)::text <> '[us]'::text)",
                              "Rows Removed by Filter": 33447
                            },
                            {
                              "Node Type": "Sort",
                              "Parent Relationship": "Inner",
                              "Parallel Aware": false,
                              "Startup Cost": 136042.5,
                              "Total Cost": 136044.92,
                              "Plan Rows": 967,
                              "Plan Width": 39,
                              "Actual Startup Time": 583.663,
                              "Actual Total Time": 586.015,
                              "Actual Rows": 50005,
                              "Actual Loops": 1,
                              "Sort Key": [
                                "mc1.company_id"
                              ],
                              "Sort Method": "quicksort",
                              "Sort Space Used": 5750,
                              "Sort Space Type": "Memory",
                              "Plans": [
                                {
                                  "Node Type": "Merge Join",
                                  "Parent Relationship": "Outer",
                                  "Parallel Aware": false,
                                  "Join Type": "Inner",
                                  "Startup Cost": 135967.94,
                                  "Total Cost": 135994.55,
                                  "Plan Rows": 967,
                                  "Plan Width": 39,
                                  "Actual Startup Time": 563.924,
                                  "Actual Total Time": 572.392,
                                  "Actual Rows": 50005,
                                  "Actual Loops": 1,
                                  "Inner Unique": true,
                                  "Merge Cond": "(t1.kind_id = kt1.id)",
                                  "Plans": [
                                    {
                                      "Node Type": "Sort",
                                      "Parent Relationship": "Outer",
                                      "Parallel Aware": false,
                                      "Startup Cost": 135966.84,
                                      "Total Cost": 135975.3,
                                      "Plan Rows": 3386,
                                      "Plan Width": 43,
                                      "Actual Startup Time": 563.892,
                                      "Actual Total Time": 565.79,
                                      "Actual Rows": 50005,
                                      "Actual Loops": 1,
                                      "Sort Key": [
                                        "t1.kind_id"
                                      ],
                                      "Sort Method": "quicksort",
                                      "Sort Space Used": 5883,
                                      "Sort Space Type": "Memory",
                                      "Plans": [
                                        {
                                          "Node Type": "Merge Join",
                                          "Parent Relationship": "Outer",
                                          "Parallel Aware": false,
                                          "Join Type": "Inner",
                                          "Startup Cost": 121092.03,
                                          "Total Cost": 135768.33,
                                          "Plan Rows": 3386,
                                          "Plan Width": 43,
                                          "Actual Startup Time": 422.744,
                                          "Actual Total Time": 551.824,
                                          "Actual Rows": 50005,
                                          "Actual Loops": 1,
                                          "Inner Unique": true,
                                          "Merge Cond": "(ml.movie_id = t1.id)",
                                          "Plans": [
                                            {
                                              "Node Type": "Merge Join",
                                              "Parent Relationship": "Outer",
                                              "Parallel Aware": false,
                                              "Join Type": "Inner",
                                              "Startup Cost": 121091.6,
                                              "Total Cost": 126880.45,
                                              "Plan Rows": 3386,
                                              "Plan Width": 34,
                                              "Actual Startup Time": 422.237,
                                              "Actual Total Time": 455.329,
                                              "Actual Rows": 50005,
                                              "Actual Loops": 1,
                                              "Inner Unique": false,
                                              "Merge Cond": "(mc1.movie_id = ml.movie_id)",
                                              "Plans": [
                                                {
                                                  "Node Type": "Index Scan",
                                                  "Parent Relationship": "Outer",
                                                  "Parallel Aware": false,
                                                  "Scan Direction": "Forward",
                                                  "Index Name": "movie_id_movie_companies",
                                                  "Relation Name": "movie_companies",
                                                  "Alias": "mc1",
                                                  "Startup Cost": 0.43,
                                                  "Total Cost": 140404.76,
                                                  "Plan Rows": 2609129,
                                                  "Plan Width": 8,
                                                  "Actual Startup Time": 0.047,
                                                  "Actual Total Time": 19.187,
                                                  "Actual Rows": 84189,
                                                  "Actual Loops": 1
                                                },
                                                {
                                                  "Node Type": "Sort",
                                                  "Parent Relationship": "Inner",
                                                  "Parallel Aware": false,
                                                  "Startup Cost": 121091.17,
                                                  "Total Cost": 121092.86,
                                                  "Plan Rows": 675,
                                                  "Plan Width": 26,
                                                  "Actual Startup Time": 422.119,
                                                  "Actual Total Time": 424.432,
                                                  "Actual Rows": 50147,
                                                  "Actual Loops": 1,
                                                  "Sort Key": [
                                                    "mi_idx1.movie_id"
                                                  ],
                                                  "Sort Method": "quicksort",
                                                  "Sort Space Used": 1058,
                                                  "Sort Space Type": "Memory",
                                                  "Plans": [
                                                    {
                                                      "Node Type": "Gather Merge",
                                                      "Parent Relationship": "Outer",
                                                      "Parallel Aware": false,
                                                      "Startup Cost": 116770.84,
                                                      "Total Cost": 121059.45,
                                                      "Plan Rows": 675,
                                                      "Plan Width": 26,
                                                      "Actual Startup Time": 338.998,
                                                      "Actual Total Time": 420.365,
                                                      "Actual Rows": 8624,
                                                      "Actual Loops": 1,
                                                      "Workers Planned": 3,
                                                      "Workers Launched": 3,
                                                      "Plans": [
                                                        {
                                                          "Node Type": "Merge Join",
                                                          "Parent Relationship": "Outer",
                                                          "Parallel Aware": false,
                                                          "Join Type": "Inner",
                                                          "Startup Cost": 115770.8,
                                                          "Total Cost": 119980.1,
                                                          "Plan Rows": 218,
                                                          "Plan Width": 26,
                                                          "Actual Startup Time": 324.901,
                                                          "Actual Total Time": 398.977,
                                                          "Actual Rows": 2156,
                                                          "Actual Loops": 4,
                                                          "Inner Unique": false,
                                                          "Merge Cond": "(mc2.movie_id = ml.linked_movie_id)",
                                                          "Plans": [
                                                            {
                                                              "Node Type": "Sort",
                                                              "Parent Relationship": "Outer",
                                                              "Parallel Aware": false,
                                                              "Startup Cost": 110037.47,
                                                              "Total Cost": 112141.61,
                                                              "Plan Rows": 841655,
                                                              "Plan Width": 8,
                                                              "Actual Startup Time": 300.03,
                                                              "Actual Total Time": 329.676,
                                                              "Actual Rows": 643751,
                                                              "Actual Loops": 4,
                                                              "Sort Key": [
                                                                "mc2.movie_id"
                                                              ],
                                                              "Sort Method": "quicksort",
                                                              "Sort Space Used": 67636,
                                                              "Sort Space Type": "Memory",
                                                              "Workers": [
                                                                {
                                                                  "Worker Number": 0,
                                                                  "Sort Method": "quicksort",
                                                                  "Sort Space Used": 50688,
                                                                  "Sort Space Type": "Memory"
                                                                },
                                                                {
                                                                  "Worker Number": 1,
                                                                  "Sort Method": "quicksort",
                                                                  "Sort Space Used": 49989,
                                                                  "Sort Space Type": "Memory"
                                                                },
                                                                {
                                                                  "Worker Number": 2,
                                                                  "Sort Method": "quicksort",
                                                                  "Sort Space Used": 52296,
                                                                  "Sort Space Type": "Memory"
                                                                }
                                                              ],
                                                              "Plans": [
                                                                {
                                                                  "Node Type": "Seq Scan",
                                                                  "Parent Relationship": "Outer",
                                                                  "Parallel Aware": true,
                                                                  "Relation Name": "movie_companies",
                                                                  "Alias": "mc2",
                                                                  "Startup Cost": 0.0,
                                                                  "Total Cost": 27206.55,
                                                                  "Plan Rows": 841655,
                                                                  "Plan Width": 8,
                                                                  "Actual Startup Time": 0.065,
                                                                  "Actual Total Time": 110.516,
                                                                  "Actual Rows": 652282,
                                                                  "Actual Loops": 4
                                                                }
                                                              ]
                                                            },
                                                            {
                                                              "Node Type": "Sort",
                                                              "Parent Relationship": "Inner",
                                                              "Parallel Aware": false,
                                                              "Startup Cost": 5733.1,
                                                              "Total Cost": 5733.44,
                                                              "Plan Rows": 135,
                                                              "Plan Width": 18,
                                                              "Actual Startup Time": 24.811,
                                                              "Actual Total Time": 25.056,
                                                              "Actual Rows": 3500,
                                                              "Actual Loops": 4,
                                                              "Sort Key": [
                                                                "ml.linked_movie_id"
                                                              ],
                                                              "Sort Method": "quicksort",
                                                              "Sort Space Used": 193,
                                                              "Sort Space Type": "Memory",
                                                              "Workers": [
                                                                {
                                                                  "Worker Number": 0,
                                                                  "Sort Method": "quicksort",
                                                                  "Sort Space Used": 193,
                                                                  "Sort Space Type": "Memory"
                                                                },
                                                                {
                                                                  "Worker Number": 1,
                                                                  "Sort Method": "quicksort",
                                                                  "Sort Space Used": 193,
                                                                  "Sort Space Type": "Memory"
                                                                },
                                                                {
                                                                  "Worker Number": 2,
                                                                  "Sort Method": "quicksort",
                                                                  "Sort Space Used": 193,
                                                                  "Sort Space Type": "Memory"
                                                                }
                                                              ],
                                                              "Plans": [
                                                                {
                                                                  "Node Type": "Merge Join",
                                                                  "Parent Relationship": "Outer",
                                                                  "Parallel Aware": false,
                                                                  "Join Type": "Inner",
                                                                  "Startup Cost": 5650.47,
                                                                  "Total Cost": 5728.32,
                                                                  "Plan Rows": 135,
                                                                  "Plan Width": 18,
                                                                  "Actual Startup Time": 23.657,
                                                                  "Actual Total Time": 24.157,
                                                                  "Actual Rows": 2064,
                                                                  "Actual Loops": 4,
                                                                  "Inner Unique": true,
                                                                  "Merge Cond": "(mi_idx1.info_type_id = it1.id)",
                                                                  "Plans": [
                                                                    {
                                                                      "Node Type": "Sort",
                                                                      "Parent Relationship": "Outer",
                                                                      "Parallel Aware": false,
                                                                      "Startup Cost": 5648.04,
                                                                      "Total Cost": 5686.29,
                                                                      "Plan Rows": 15300,
                                                                      "Plan Width": 22,
                                                                      "Actual Startup Time": 23.045,
                                                                      "Actual Total Time": 23.395,
                                                                      "Actual Rows": 6192,
                                                                      "Actual Loops": 4,
                                                                      "Sort Key": [
                                                                        "mi_idx1.info_type_id"
                                                                      ],
                                                                      "Sort Method": "quicksort",
                                                                      "Sort Space Used": 676,
                                                                      "Sort Space Type": "Memory",
                                                                      "Workers": [
                                                                        {
                                                                          "Worker Number": 0,
                                                                          "Sort Method": "quicksort",
                                                                          "Sort Space Used": 676,
                                                                          "Sort Space Type": "Memory"
                                                                        },
                                                                        {
                                                                          "Worker Number": 1,
                                                                          "Sort Method": "quicksort",
                                                                          "Sort Space Used": 676,
                                                                          "Sort Space Type": "Memory"
                                                                        },
                                                                        {
                                                                          "Worker Number": 2,
                                                                          "Sort Method": "quicksort",
                                                                          "Sort Space Used": 676,
                                                                          "Sort Space Type": "Memory"
                                                                        }
                                                                      ],
                                                                      "Plans": [
                                                                        {
                                                                          "Node Type": "Merge Join",
                                                                          "Parent Relationship": "Outer",
                                                                          "Parallel Aware": false,
                                                                          "Join Type": "Inner",
                                                                          "Startup Cost": 1870.28,
                                                                          "Total Cost": 4584.6,
                                                                          "Plan Rows": 15300,
                                                                          "Plan Width": 22,
                                                                          "Actual Startup Time": 2.162,
                                                                          "Actual Total Time": 21.207,
                                                                          "Actual Rows": 6192,
                                                                          "Actual Loops": 4,
                                                                          "Inner Unique": false,
                                                                          "Merge Cond": "(mi_idx1.movie_id = ml.movie_id)",
                                                                          "Plans": [
                                                                            {
                                                                              "Node Type": "Index Scan",
                                                                              "Parent Relationship": "Outer",
                                                                              "Parallel Aware": false,
                                                                              "Scan Direction": "Forward",
                                                                              "Index Name": "movie_id_movie_info_idx",
                                                                              "Relation Name": "movie_info_idx",
                                                                              "Alias": "mi_idx1",
                                                                              "Startup Cost": 0.43,
                                                                              "Total Cost": 53622.74,
                                                                              "Plan Rows": 1380035,
                                                                              "Plan Width": 14,
                                                                              "Actual Startup Time": 0.075,
                                                                              "Actual Total Time": 11.932,
                                                                              "Actual Rows": 63901,
                                                                              "Actual Loops": 4
                                                                            },
                                                                            {
                                                                              "Node Type": "Sort",
                                                                              "Parent Relationship": "Inner",
                                                                              "Parallel Aware": false,
                                                                              "Startup Cost": 1869.83,
                                                                              "Total Cost": 1882.33,
                                                                              "Plan Rows": 5000,
                                                                              "Plan Width": 8,
                                                                              "Actual Startup Time": 2.059,
                                                                              "Actual Total Time": 2.463,
                                                                              "Actual Rows": 6443,
                                                                              "Actual Loops": 4,
                                                                              "Sort Key": [
                                                                                "ml.movie_id"
                                                                              ],
                                                                              "Sort Method": "quicksort",
                                                                              "Sort Space Used": 205,
                                                                              "Sort Space Type": "Memory",
                                                                              "Workers": [
                                                                                {
                                                                                  "Worker Number": 0,
                                                                                  "Sort Method": "quicksort",
                                                                                  "Sort Space Used": 205,
                                                                                  "Sort Space Type": "Memory"
                                                                                },
                                                                                {
                                                                                  "Worker Number": 1,
                                                                                  "Sort Method": "quicksort",
                                                                                  "Sort Space Used": 205,
                                                                                  "Sort Space Type": "Memory"
                                                                                },
                                                                                {
                                                                                  "Worker Number": 2,
                                                                                  "Sort Method": "quicksort",
                                                                                  "Sort Space Used": 205,
                                                                                  "Sort Space Type": "Memory"
                                                                                }
                                                                              ],
                                                                              "Plans": [
                                                                                {
                                                                                  "Node Type": "Merge Join",
                                                                                  "Parent Relationship": "Outer",
                                                                                  "Parallel Aware": false,
                                                                                  "Join Type": "Inner",
                                                                                  "Startup Cost": 0.42,
                                                                                  "Total Cost": 1562.63,
                                                                                  "Plan Rows": 5000,
                                                                                  "Plan Width": 8,
                                                                                  "Actual Startup Time": 0.057,
                                                                                  "Actual Total Time": 1.455,
                                                                                  "Actual Rows": 2315,
                                                                                  "Actual Loops": 4,
                                                                                  "Inner Unique": false,
                                                                                  "Merge Cond": "(lt.id = ml.link_type_id)",
                                                                                  "Plans": [
                                                                                    {
                                                                                      "Node Type": "Index Scan",
                                                                                      "Parent Relationship": "Outer",
                                                                                      "Parallel Aware": false,
                                                                                      "Scan Direction": "Forward",
                                                                                      "Index Name": "link_type_pkey",
                                                                                      "Relation Name": "link_type",
                                                                                      "Alias": "lt",
                                                                                      "Startup Cost": 0.14,
                                                                                      "Total Cost": 12.47,
                                                                                      "Plan Rows": 3,
                                                                                      "Plan Width": 4,
                                                                                      "Actual Startup Time": 0.022,
                                                                                      "Actual Total Time": 0.029,
                                                                                      "Actual Rows": 2,
                                                                                      "Actual Loops": 4,
                                                                                      "Filter": "((link)::text = ANY ('{sequel,follows,\"followed by\"}'::text[]))",
                                                                                      "Rows Removed by Filter": 16
                                                                                    },
                                                                                    {
                                                                                      "Node Type": "Index Scan",
                                                                                      "Parent Relationship": "Inner",
                                                                                      "Parallel Aware": false,
                                                                                      "Scan Direction": "Forward",
                                                                                      "Index Name": "link_type_id_movie_link",
                                                                                      "Relation Name": "movie_link",
                                                                                      "Alias": "ml",
                                                                                      "Startup Cost": 0.29,
                                                                                      "Total Cost": 1425.16,
                                                                                      "Plan Rows": 29997,
                                                                                      "Plan Width": 12,
                                                                                      "Actual Startup Time": 0.031,
                                                                                      "Actual Total Time": 1.034,
                                                                                      "Actual Rows": 2316,
                                                                                      "Actual Loops": 4
                                                                                    }
                                                                                  ]
                                                                                }
                                                                              ]
                                                                            }
                                                                          ]
                                                                        }
                                                                      ]
                                                                    },
                                                                    {
                                                                      "Node Type": "Sort",
                                                                      "Parent Relationship": "Inner",
                                                                      "Parallel Aware": false,
                                                                      "Startup Cost": 2.42,
                                                                      "Total Cost": 2.43,
                                                                      "Plan Rows": 1,
                                                                      "Plan Width": 4,
                                                                      "Actual Startup Time": 0.046,
                                                                      "Actual Total Time": 0.047,
                                                                      "Actual Rows": 1,
                                                                      "Actual Loops": 4,
                                                                      "Sort Key": [
                                                                        "it1.id"
                                                                      ],
                                                                      "Sort Method": "quicksort",
                                                                      "Sort Space Used": 25,
                                                                      "Sort Space Type": "Memory",
                                                                      "Workers": [
                                                                        {
                                                                          "Worker Number": 0,
                                                                          "Sort Method": "quicksort",
                                                                          "Sort Space Used": 25,
                                                                          "Sort Space Type": "Memory"
                                                                        },
                                                                        {
                                                                          "Worker Number": 1,
                                                                          "Sort Method": "quicksort",
                                                                          "Sort Space Used": 25,
                                                                          "Sort Space Type": "Memory"
                                                                        },
                                                                        {
                                                                          "Worker Number": 2,
                                                                          "Sort Method": "quicksort",
                                                                          "Sort Space Used": 25,
                                                                          "Sort Space Type": "Memory"
                                                                        }
                                                                      ],
                                                                      "Plans": [
                                                                        {
                                                                          "Node Type": "Seq Scan",
                                                                          "Parent Relationship": "Outer",
                                                                          "Parallel Aware": false,
                                                                          "Relation Name": "info_type",
                                                                          "Alias": "it1",
                                                                          "Startup Cost": 0.0,
                                                                          "Total Cost": 2.41,
                                                                          "Plan Rows": 1,
                                                                          "Plan Width": 4,
                                                                          "Actual Startup Time": 0.04,
                                                                          "Actual Total Time": 0.042,
                                                                          "Actual Rows": 1,
                                                                          "Actual Loops": 4,
                                                                          "Filter": "((info)::text = 'rating'::text COLLATE \"C\")",
                                                                          "Rows Removed by Filter": 112
                                                                        }
                                                                      ]
                                                                    }
                                                                  ]
                                                                }
                                                              ]
                                                            }
                                                          ]
                                                        }
                                                      ]
                                                    }
                                                  ]
                                                }
                                              ]
                                            },
                                            {
                                              "Node Type": "Index Scan",
                                              "Parent Relationship": "Inner",
                                              "Parallel Aware": false,
                                              "Scan Direction": "Forward",
                                              "Index Name": "title_pkey",
                                              "Relation Name": "title",
                                              "Alias": "t1",
                                              "Startup Cost": 0.43,
                                              "Total Cost": 110359.06,
                                              "Plan Rows": 2528509,
                                              "Plan Width": 25,
                                              "Actual Startup Time": 0.025,
                                              "Actual Total Time": 81.53,
                                              "Actual Rows": 164756,
                                              "Actual Loops": 1
                                            }
                                          ]
                                        }
                                      ]
                                    },
                                    {
                                      "Node Type": "Sort",
                                      "Parent Relationship": "Inner",
                                      "Parallel Aware": false,
                                      "Startup Cost": 1.1,
                                      "Total Cost": 1.1,
                                      "Plan Rows": 2,
                                      "Plan Width": 4,
                                      "Actual Startup Time": 0.028,
                                      "Actual Total Time": 0.029,
                                      "Actual Rows": 2,
                                      "Actual Loops": 1,
                                      "Sort Key": [
                                        "kt1.id"
                                      ],
                                      "Sort Method": "quicksort",
                                      "Sort Space Used": 25,
                                      "Sort Space Type": "Memory",
                                      "Plans": [
                                        {
                                          "Node Type": "Seq Scan",
                                          "Parent Relationship": "Outer",
                                          "Parallel Aware": false,
                                          "Relation Name": "kind_type",
                                          "Alias": "kt1",
                                          "Startup Cost": 0.0,
                                          "Total Cost": 1.09,
                                          "Plan Rows": 2,
                                          "Plan Width": 4,
                                          "Actual Startup Time": 0.018,
                                          "Actual Total Time": 0.019,
                                          "Actual Rows": 2,
                                          "Actual Loops": 1,
                                          "Filter": "((kind)::text = ANY ('{\"tv series\",episode}'::text[]))",
                                          "Rows Removed by Filter": 5
                                        }
                                      ]
                                    }
                                  ]
                                }
                              ]
                            }
                          ]
                        }
                      ]
                    }
                  ]
                }
              ]
            }
          ]
        }
      ]
    },
    "Planning Time": 4884.71,
    "Triggers": [],
    "Execution Time": 1481.939
  }
]