{
  "Plan": {
    "Node Type": "Aggregate",
    "Strategy": "Plain",
    "Partial Mode": "Finalize",
    "Parallel Aware": false,
    "Startup Cost": 327875.4,
    "Total Cost": 327875.41,
    "Plan Rows": 1,
    "Plan Width": 8,
    "Actual Startup Time": 1795.677,
    "Actual Total Time": 1847.05,
    "Actual Rows": 1,
    "Actual Loops": 1,
    "Plans": [
      {
        "Node Type": "Gather",
        "Parent Relationship": "Outer",
        "Parallel Aware": false,
        "Startup Cost": 327875.29,
        "Total Cost": 327875.4,
        "Plan Rows": 1,
        "Plan Width": 8,
        "Actual Startup Time": 1795.167,
        "Actual Total Time": 1847.04,
        "Actual Rows": 2,
        "Actual Loops": 1,
        "Workers Planned": 1,
        "Workers Launched": 1,
        "Single Copy": false,
        "Plans": [
          {
            "Node Type": "Aggregate",
            "Strategy": "Plain",
            "Partial Mode": "Partial",
            "Parent Relationship": "Outer",
            "Parallel Aware": false,
            "Startup Cost": 326875.29,
            "Total Cost": 326875.3,
            "Plan Rows": 1,
            "Plan Width": 8,
            "Actual Startup Time": 1789.254,
            "Actual Total Time": 1789.257,
            "Actual Rows": 1,
            "Actual Loops": 2,
            "Plans": [
              {
                "Node Type": "Nested Loop",
                "Parent Relationship": "Outer",
                "Parallel Aware": false,
                "Join Type": "Inner",
                "Startup Cost": 55411.14,
                "Total Cost": 325771.27,
                "Plan Rows": 441608,
                "Plan Width": 0,
                "Actual Startup Time": 152.091,
                "Actual Total Time": 1684.974,
                "Actual Rows": 2397294,
                "Actual Loops": 2,
                "Inner Unique": false,
                "Join Filter": "(t.id = mi.movie_id)",
                "Rows Removed by Join Filter": 0,
                "Plans": [
                  {
                    "Node Type": "Hash Join",
                    "Parent Relationship": "Outer",
                    "Parallel Aware": true,
                    "Join Type": "Inner",
                    "Startup Cost": 55410.7,
                    "Total Cost": 113461.55,
                    "Plan Rows": 117711,
                    "Plan Width": 8,
                    "Actual Startup Time": 152.031,
                    "Actual Total Time": 483.871,
                    "Actual Rows": 91820,
                    "Actual Loops": 2,
                    "Inner Unique": true,
                    "Hash Cond": "(mk.movie_id = t.id)",
                    "Plans": [
                      {
                        "Node Type": "Seq Scan",
                        "Parent Relationship": "Outer",
                        "Parallel Aware": true,
                        "Relation Name": "movie_keyword",
                        "Alias": "mk",
                        "Startup Cost": 0.0,
                        "Total Cost": 51065.35,
                        "Plan Rows": 2661135,
                        "Plan Width": 4,
                        "Actual Startup Time": 0.01,
                        "Actual Total Time": 149.788,
                        "Actual Rows": 2261965,
                        "Actual Loops": 2
                      },
                      {
                        "Node Type": "Hash",
                        "Parent Relationship": "Inner",
                        "Parallel Aware": true,
                        "Startup Cost": 54588.39,
                        "Total Cost": 54588.39,
                        "Plan Rows": 65785,
                        "Plan Width": 4,
                        "Actual Startup Time": 150.445,
                        "Actual Total Time": 150.446,
                        "Actual Rows": 54214,
                        "Actual Loops": 2,
                        "Hash Buckets": 131072,
                        "Original Hash Buckets": 131072,
                        "Hash Batches": 1,
                        "Original Hash Batches": 1,
                        "Peak Memory Usage": 5312,
                        "Plans": [
                          {
                            "Node Type": "Seq Scan",
                            "Parent Relationship": "Outer",
                            "Parallel Aware": true,
                            "Relation Name": "title",
                            "Alias": "t",
                            "Startup Cost": 0.0,
                            "Total Cost": 54588.39,
                            "Plan Rows": 65785,
                            "Plan Width": 4,
                            "Actual Startup Time": 0.052,
                            "Actual Total Time": 135.649,
                            "Actual Rows": 54214,
                            "Actual Loops": 2,
                            "Filter": "(production_year = 2006)",
                            "Rows Removed by Filter": 1209942
                          }
                        ]
                      }
                    ]
                  },
                  {
                    "Node Type": "Index Scan",
                    "Parent Relationship": "Inner",
                    "Parallel Aware": false,
                    "Scan Direction": "Forward",
                    "Index Name": "movie_id_movie_info",
                    "Relation Name": "movie_info",
                    "Alias": "mi",
                    "Startup Cost": 0.43,
                    "Total Cost": 1.47,
                    "Plan Rows": 27,
                    "Plan Width": 4,
                    "Actual Startup Time": 0.002,
                    "Actual Total Time": 0.011,
                    "Actual Rows": 26,
                    "Actual Loops": 183641,
                    "Index Cond": "(movie_id = mk.movie_id)",
                    "Rows Removed by Index Recheck": 0,
                    "Filter": "(info_type_id < 16)",
                    "Rows Removed by Filter": 30
                  }
                ]
              }
            ]
          }
        ]
      }
    ]
  },
  "Planning Time": 0.739,
  "Triggers": [],
  "Execution Time": 1847.153
}