[
  {
    "Plan": {
      "Node Type": "Aggregate",
      "Strategy": "Plain",
      "Partial Mode": "Finalize",
      "Parallel Aware": false,
      "Startup Cost": 47333.28,
      "Total Cost": 47333.29,
      "Plan Rows": 1,
      "Plan Width": 8,
      "Actual Startup Time": 195.687,
      "Actual Total Time": 207.187,
      "Actual Rows": 1,
      "Actual Loops": 1,
      "Plans": [
        {
          "Node Type": "Gather",
          "Parent Relationship": "Outer",
          "Parallel Aware": false,
          "Startup Cost": 47332.96,
          "Total Cost": 47333.27,
          "Plan Rows": 3,
          "Plan Width": 8,
          "Actual Startup Time": 195.504,
          "Actual Total Time": 207.175,
          "Actual Rows": 4,
          "Actual Loops": 1,
          "Workers Planned": 3,
          "Workers Launched": 3,
          "Single Copy": false,
          "Plans": [
            {
              "Node Type": "Aggregate",
              "Strategy": "Plain",
              "Partial Mode": "Partial",
              "Parent Relationship": "Outer",
              "Parallel Aware": false,
              "Startup Cost": 46332.96,
              "Total Cost": 46332.97,
              "Plan Rows": 1,
              "Plan Width": 8,
              "Actual Startup Time": 188.176,
              "Actual Total Time": 188.177,
              "Actual Rows": 1,
              "Actual Loops": 4,
              "Plans": [
                {
                  "Node Type": "Seq Scan",
                  "Parent Relationship": "Outer",
                  "Parallel Aware": true,
                  "Relation Name": "movie_keyword",
                  "Alias": "mk",
                  "Startup Cost": 0.0,
                  "Total Cost": 42695.65,
                  "Plan Rows": 1454922,
                  "Plan Width": 0,
                  "Actual Startup Time": 0.055,
                  "Actual Total Time": 134.245,
                  "Actual Rows": 1127989,
                  "Actual Loops": 4,
                  "Filter": "(keyword_id < 123490)",
                  "Rows Removed by Filter": 2993
                }
              ]
            }
          ]
        }
      ]
    },
    "Planning Time": 0.158,
    "Triggers": [],
    "Execution Time": 207.228
  }
]