[
  {
    "Plan": {
      "Node Type": "Aggregate",
      "Strategy": "Plain",
      "Partial Mode": "Finalize",
      "Parallel Aware": false,
      "Startup Cost": 44672.9,
      "Total Cost": 44672.91,
      "Plan Rows": 1,
      "Plan Width": 8,
      "Actual Startup Time": 125.834,
      "Actual Total Time": 134.879,
      "Actual Rows": 1,
      "Actual Loops": 1,
      "Plans": [
        {
          "Node Type": "Gather",
          "Parent Relationship": "Outer",
          "Parallel Aware": false,
          "Startup Cost": 44672.59,
          "Total Cost": 44672.9,
          "Plan Rows": 3,
          "Plan Width": 8,
          "Actual Startup Time": 125.707,
          "Actual Total Time": 134.871,
          "Actual Rows": 4,
          "Actual Loops": 1,
          "Workers Planned": 3,
          "Workers Launched": 3,
          "Single Copy": false,
          "Plans": [
            {
              "Node Type": "Aggregate",
              "Strategy": "Plain",
              "Partial Mode": "Partial",
              "Parent Relationship": "Outer",
              "Parallel Aware": false,
              "Startup Cost": 43672.59,
              "Total Cost": 43672.6,
              "Plan Rows": 1,
              "Plan Width": 8,
              "Actual Startup Time": 118.448,
              "Actual Total Time": 118.449,
              "Actual Rows": 1,
              "Actual Loops": 4,
              "Plans": [
                {
                  "Node Type": "Seq Scan",
                  "Parent Relationship": "Outer",
                  "Parallel Aware": true,
                  "Relation Name": "movie_keyword",
                  "Alias": "mk",
                  "Startup Cost": 0.0,
                  "Total Cost": 42695.65,
                  "Plan Rows": 390773,
                  "Plan Width": 0,
                  "Actual Startup Time": 2.16,
                  "Actual Total Time": 103.909,
                  "Actual Rows": 304358,
                  "Actual Loops": 4,
                  "Filter": "(keyword_id > 14998)",
                  "Rows Removed by Filter": 826624
                }
              ]
            }
          ]
        }
      ]
    },
    "Planning Time": 0.12,
    "Triggers": [],
    "Execution Time": 134.916
  }
]