[
  {
    "Plan": {
      "Node Type": "Aggregate",
      "Strategy": "Plain",
      "Partial Mode": "Finalize",
      "Parallel Aware": false,
      "Startup Cost": 63831.14,
      "Total Cost": 63831.15,
      "Plan Rows": 1,
      "Plan Width": 8,
      "Actual Startup Time": 285.16,
      "Actual Total Time": 300.072,
      "Actual Rows": 1,
      "Actual Loops": 1,
      "Plans": [
        {
          "Node Type": "Gather",
          "Parent Relationship": "Outer",
          "Parallel Aware": false,
          "Startup Cost": 63830.93,
          "Total Cost": 63831.14,
          "Plan Rows": 2,
          "Plan Width": 8,
          "Actual Startup Time": 283.03,
          "Actual Total Time": 300.065,
          "Actual Rows": 3,
          "Actual Loops": 1,
          "Workers Planned": 2,
          "Workers Launched": 2,
          "Single Copy": false,
          "Plans": [
            {
              "Node Type": "Aggregate",
              "Strategy": "Plain",
              "Partial Mode": "Partial",
              "Parent Relationship": "Outer",
              "Parallel Aware": false,
              "Startup Cost": 62830.93,
              "Total Cost": 62830.94,
              "Plan Rows": 1,
              "Plan Width": 8,
              "Actual Startup Time": 278.805,
              "Actual Total Time": 278.808,
              "Actual Rows": 1,
              "Actual Loops": 3,
              "Plans": [
                {
                  "Node Type": "Hash Join",
                  "Parent Relationship": "Outer",
                  "Parallel Aware": true,
                  "Join Type": "Inner",
                  "Startup Cost": 47304.37,
                  "Total Cost": 62498.93,
                  "Plan Rows": 132798,
                  "Plan Width": 0,
                  "Actual Startup Time": 200.876,
                  "Actual Total Time": 271.58,
                  "Actual Rows": 172247,
                  "Actual Loops": 3,
                  "Inner Unique": true,
                  "Hash Cond": "(mi_idx.movie_id = t.id)",
                  "Plans": [
                    {
                      "Node Type": "Seq Scan",
                      "Parent Relationship": "Outer",
                      "Parallel Aware": true,
                      "Relation Name": "movie_info_idx",
                      "Alias": "mi_idx",
                      "Startup Cost": 0.0,
                      "Total Cost": 13685.15,
                      "Plan Rows": 575015,
                      "Plan Width": 4,
                      "Actual Startup Time": 0.009,
                      "Actual Total Time": 37.186,
                      "Actual Rows": 460012,
                      "Actual Loops": 3
                    },
                    {
                      "Node Type": "Hash",
                      "Parent Relationship": "Inner",
                      "Parallel Aware": true,
                      "Startup Cost": 45479.59,
                      "Total Cost": 45479.59,
                      "Plan Rows": 145983,
                      "Plan Width": 4,
                      "Actual Startup Time": 161.488,
                      "Actual Total Time": 161.489,
                      "Actual Rows": 156701,
                      "Actual Loops": 3,
                      "Hash Buckets": 1048576,
                      "Original Hash Buckets": 1048576,
                      "Hash Batches": 1,
                      "Original Hash Batches": 1,
                      "Peak Memory Usage": 26624,
                      "Plans": [
                        {
                          "Node Type": "Seq Scan",
                          "Parent Relationship": "Outer",
                          "Parallel Aware": true,
                          "Relation Name": "title",
                          "Alias": "t",
                          "Startup Cost": 0.0,
                          "Total Cost": 45479.59,
                          "Plan Rows": 145983,
                          "Plan Width": 4,
                          "Actual Startup Time": 40.555,
                          "Actual Total Time": 109.802,
                          "Actual Rows": 156701,
                          "Actual Loops": 3,
                          "Filter": "((production_year > 1958) AND (kind_id = 1))",
                          "Rows Removed by Filter": 686070
                        }
                      ]
                    }
                  ]
                }
              ]
            }
          ]
        }
      ]
    },
    "Planning Time": 0.577,
    "Triggers": [],
    "Execution Time": 300.137
  }
]