[
  {
    "Plan": {
      "Node Type": "Aggregate",
      "Strategy": "Plain",
      "Partial Mode": "Finalize",
      "Parallel Aware": false,
      "Startup Cost": 81687.12,
      "Total Cost": 81687.13,
      "Plan Rows": 1,
      "Plan Width": 8,
      "Actual Startup Time": 321.01,
      "Actual Total Time": 321.116,
      "Actual Rows": 1,
      "Actual Loops": 1,
      "Plans": [
        {
          "Node Type": "Gather",
          "Parent Relationship": "Outer",
          "Parallel Aware": false,
          "Startup Cost": 81686.7,
          "Total Cost": 81687.11,
          "Plan Rows": 4,
          "Plan Width": 8,
          "Actual Startup Time": 320.996,
          "Actual Total Time": 321.108,
          "Actual Rows": 5,
          "Actual Loops": 1,
          "Workers Planned": 4,
          "Workers Launched": 4,
          "Single Copy": false,
          "Plans": [
            {
              "Node Type": "Aggregate",
              "Strategy": "Plain",
              "Partial Mode": "Partial",
              "Parent Relationship": "Outer",
              "Parallel Aware": false,
              "Startup Cost": 80686.7,
              "Total Cost": 80686.71,
              "Plan Rows": 1,
              "Plan Width": 8,
              "Actual Startup Time": 264.121,
              "Actual Total Time": 264.123,
              "Actual Rows": 1,
              "Actual Loops": 5,
              "Plans": [
                {
                  "Node Type": "Nested Loop",
                  "Parent Relationship": "Outer",
                  "Parallel Aware": false,
                  "Join Type": "Inner",
                  "Startup Cost": 0.87,
                  "Total Cost": 80600.92,
                  "Plan Rows": 34312,
                  "Plan Width": 0,
                  "Actual Startup Time": 1.109,
                  "Actual Total Time": 246.683,
                  "Actual Rows": 320692,
                  "Actual Loops": 5,
                  "Inner Unique": false,
                  "Join Filter": "(t.id = mi.movie_id)",
                  "Rows Removed by Join Filter": 0,
                  "Plans": [
                    {
                      "Node Type": "Nested Loop",
                      "Parent Relationship": "Outer",
                      "Parallel Aware": false,
                      "Join Type": "Inner",
                      "Startup Cost": 0.43,
                      "Total Cost": 69753.56,
                      "Plan Rows": 5844,
                      "Plan Width": 8,
                      "Actual Startup Time": 0.97,
                      "Actual Total Time": 96.686,
                      "Actual Rows": 6490,
                      "Actual Loops": 5,
                      "Inner Unique": false,
                      "Plans": [
                        {
                          "Node Type": "Seq Scan",
                          "Parent Relationship": "Outer",
                          "Parallel Aware": true,
                          "Relation Name": "title",
                          "Alias": "t",
                          "Startup Cost": 0.0,
                          "Total Cost": 43899.32,
                          "Plan Rows": 3266,
                          "Plan Width": 4,
                          "Actual Startup Time": 0.076,
                          "Actual Total Time": 74.419,
                          "Actual Rows": 2808,
                          "Actual Loops": 5,
                          "Filter": "(production_year = 1977)",
                          "Rows Removed by Filter": 502855
                        },
                        {
                          "Node Type": "Index Only Scan",
                          "Parent Relationship": "Inner",
                          "Parallel Aware": false,
                          "Scan Direction": "Forward",
                          "Index Name": "movie_id_movie_keyword",
                          "Relation Name": "movie_keyword",
                          "Alias": "mk",
                          "Startup Cost": 0.43,
                          "Total Cost": 7.46,
                          "Plan Rows": 46,
                          "Plan Width": 4,
                          "Actual Startup Time": 0.007,
                          "Actual Total Time": 0.007,
                          "Actual Rows": 2,
                          "Actual Loops": 14038,
                          "Index Cond": "(movie_id = t.id)",
                          "Rows Removed by Index Recheck": 0,
                          "Heap Fetches": 32452
                        }
                      ]
                    },
                    {
                      "Node Type": "Index Only Scan",
                      "Parent Relationship": "Inner",
                      "Parallel Aware": false,
                      "Scan Direction": "Forward",
                      "Index Name": "movie_id_movie_info",
                      "Relation Name": "movie_info",
                      "Alias": "mi",
                      "Startup Cost": 0.43,
                      "Total Cost": 1.34,
                      "Plan Rows": 41,
                      "Plan Width": 4,
                      "Actual Startup Time": 0.004,
                      "Actual Total Time": 0.018,
                      "Actual Rows": 49,
                      "Actual Loops": 32452,
                      "Index Cond": "(movie_id = mk.movie_id)",
                      "Rows Removed by Index Recheck": 0,
                      "Heap Fetches": 1603461
                    }
                  ]
                }
              ]
            }
          ]
        }
      ]
    },
    "Planning Time": 0.785,
    "Triggers": [],
    "Execution Time": 321.174
  }
]