{
  "Plan": {
    "Node Type": "Aggregate",
    "Strategy": "Plain",
    "Partial Mode": "Finalize",
    "Parallel Aware": false,
    "Startup Cost": 604380.68,
    "Total Cost": 604380.69,
    "Plan Rows": 1,
    "Plan Width": 8,
    "Actual Startup Time": 2308.54,
    "Actual Total Time": 2335.758,
    "Actual Rows": 1,
    "Actual Loops": 1,
    "Plans": [
      {
        "Node Type": "Gather",
        "Parent Relationship": "Outer",
        "Parallel Aware": false,
        "Startup Cost": 604380.56,
        "Total Cost": 604380.67,
        "Plan Rows": 1,
        "Plan Width": 8,
        "Actual Startup Time": 2300.86,
        "Actual Total Time": 2335.749,
        "Actual Rows": 2,
        "Actual Loops": 1,
        "Workers Planned": 1,
        "Workers Launched": 1,
        "Single Copy": false,
        "Plans": [
          {
            "Node Type": "Aggregate",
            "Strategy": "Plain",
            "Partial Mode": "Partial",
            "Parent Relationship": "Outer",
            "Parallel Aware": false,
            "Startup Cost": 603380.56,
            "Total Cost": 603380.57,
            "Plan Rows": 1,
            "Plan Width": 8,
            "Actual Startup Time": 2294.618,
            "Actual Total Time": 2294.621,
            "Actual Rows": 1,
            "Actual Loops": 2,
            "Plans": [
              {
                "Node Type": "Merge Join",
                "Parent Relationship": "Outer",
                "Parallel Aware": false,
                "Join Type": "Inner",
                "Startup Cost": 330792.33,
                "Total Cost": 602005.49,
                "Plan Rows": 550029,
                "Plan Width": 0,
                "Actual Startup Time": 478.774,
                "Actual Total Time": 2251.666,
                "Actual Rows": 1029834,
                "Actual Loops": 2,
                "Inner Unique": false,
                "Merge Cond": "(t.id = mc.movie_id)",
                "Plans": [
                  {
                    "Node Type": "Merge Join",
                    "Parent Relationship": "Outer",
                    "Parallel Aware": false,
                    "Join Type": "Inner",
                    "Startup Cost": 330789.44,
                    "Total Cost": 448711.07,
                    "Plan Rows": 532988,
                    "Plan Width": 8,
                    "Actual Startup Time": 478.64,
                    "Actual Total Time": 1385.297,
                    "Actual Rows": 504100,
                    "Actual Loops": 2,
                    "Inner Unique": false,
                    "Merge Cond": "(t.id = mi.movie_id)",
                    "Plans": [
                      {
                        "Node Type": "Index Scan",
                        "Parent Relationship": "Outer",
                        "Parallel Aware": true,
                        "Scan Direction": "Forward",
                        "Index Name": "title_pkey",
                        "Relation Name": "title",
                        "Alias": "t",
                        "Startup Cost": 0.43,
                        "Total Cost": 103647.43,
                        "Plan Rows": 1054178,
                        "Plan Width": 4,
                        "Actual Startup Time": 0.076,
                        "Actual Total Time": 669.922,
                        "Actual Rows": 896595,
                        "Actual Loops": 2,
                        "Filter": "(production_year < 2009)",
                        "Rows Removed by Filter": 366334
                      },
                      {
                        "Node Type": "Sort",
                        "Parent Relationship": "Inner",
                        "Parallel Aware": false,
                        "Startup Cost": 330786.9,
                        "Total Cost": 333982.63,
                        "Plan Rows": 1278294,
                        "Plan Width": 4,
                        "Actual Startup Time": 478.545,
                        "Actual Total Time": 545.272,
                        "Actual Rows": 1298966,
                        "Actual Loops": 2,
                        "Sort Key": [
                          "mi.movie_id"
                        ],
                        "Sort Method": "quicksort",
                        "Sort Space Used": 110043,
                        "Sort Space Type": "Memory",
                        "Workers": [
                          {
                            "Worker Number": 0,
                            "Sort Method": "quicksort",
                            "Sort Space Used": 110043,
                            "Sort Space Type": "Memory"
                          }
                        ],
                        "Plans": [
                          {
                            "Node Type": "Bitmap Heap Scan",
                            "Parent Relationship": "Outer",
                            "Parallel Aware": false,
                            "Relation Name": "movie_info",
                            "Alias": "mi",
                            "Startup Cost": 23159.21,
                            "Total Cost": 201130.89,
                            "Plan Rows": 1278294,
                            "Plan Width": 4,
                            "Actual Startup Time": 64.479,
                            "Actual Total Time": 205.142,
                            "Actual Rows": 1298989,
                            "Actual Loops": 2,
                            "Recheck Cond": "(info_type_id = 4)",
                            "Rows Removed by Index Recheck": 0,
                            "Exact Heap Blocks": 8382,
                            "Lossy Heap Blocks": 0,
                            "Plans": [
                              {
                                "Node Type": "Bitmap Index Scan",
                                "Parent Relationship": "Outer",
                                "Parallel Aware": false,
                                "Index Name": "info_type_id_movie_info",
                                "Startup Cost": 0.0,
                                "Total Cost": 22839.64,
                                "Plan Rows": 1278294,
                                "Plan Width": 0,
                                "Actual Startup Time": 63.51,
                                "Actual Total Time": 63.511,
                                "Actual Rows": 1298989,
                                "Actual Loops": 2,
                                "Index Cond": "(info_type_id = 4)"
                              }
                            ]
                          }
                        ]
                      }
                    ]
                  },
                  {
                    "Node Type": "Index Only Scan",
                    "Parent Relationship": "Inner",
                    "Parallel Aware": false,
                    "Scan Direction": "Forward",
                    "Index Name": "movie_id_movie_companies",
                    "Relation Name": "movie_companies",
                    "Alias": "mc",
                    "Startup Cost": 0.43,
                    "Total Cost": 140059.44,
                    "Plan Rows": 2609129,
                    "Plan Width": 4,
                    "Actual Startup Time": 0.082,
                    "Actual Total Time": 658.569,
                    "Actual Rows": 2727435,
                    "Actual Loops": 2,
                    "Heap Fetches": 5454870
                  }
                ]
              }
            ]
          }
        ]
      }
    ]
  },
  "Planning Time": 1.075,
  "Triggers": [],
  "Execution Time": 2348.447
}