[
  {
    "Plan": {
      "Node Type": "Aggregate",
      "Strategy": "Plain",
      "Partial Mode": "Finalize",
      "Parallel Aware": false,
      "Startup Cost": 33204.6,
      "Total Cost": 33204.61,
      "Plan Rows": 1,
      "Plan Width": 8,
      "Actual Startup Time": 94.42,
      "Actual Total Time": 104.605,
      "Actual Rows": 1,
      "Actual Loops": 1,
      "Plans": [
        {
          "Node Type": "Gather",
          "Parent Relationship": "Outer",
          "Parallel Aware": false,
          "Startup Cost": 33204.29,
          "Total Cost": 33204.6,
          "Plan Rows": 3,
          "Plan Width": 8,
          "Actual Startup Time": 94.319,
          "Actual Total Time": 104.594,
          "Actual Rows": 4,
          "Actual Loops": 1,
          "Workers Planned": 3,
          "Workers Launched": 3,
          "Single Copy": false,
          "Plans": [
            {
              "Node Type": "Aggregate",
              "Strategy": "Plain",
              "Partial Mode": "Partial",
              "Parent Relationship": "Outer",
              "Parallel Aware": false,
              "Startup Cost": 32204.29,
              "Total Cost": 32204.3,
              "Plan Rows": 1,
              "Plan Width": 8,
              "Actual Startup Time": 90.325,
              "Actual Total Time": 90.326,
              "Actual Rows": 1,
              "Actual Loops": 4,
              "Plans": [
                {
                  "Node Type": "Seq Scan",
                  "Parent Relationship": "Outer",
                  "Parallel Aware": true,
                  "Relation Name": "movie_companies",
                  "Alias": "mc",
                  "Startup Cost": 0.0,
                  "Total Cost": 31414.82,
                  "Plan Rows": 315787,
                  "Plan Width": 0,
                  "Actual Startup Time": 0.115,
                  "Actual Total Time": 78.911,
                  "Actual Rows": 210867,
                  "Actual Loops": 4,
                  "Filter": "((company_id > 687) AND (company_type_id = 1))",
                  "Rows Removed by Filter": 441416
                }
              ]
            }
          ]
        }
      ]
    },
    "Planning Time": 0.248,
    "Triggers": [],
    "Execution Time": 104.657
  }
]