[
  {
    "Plan": {
      "Node Type": "Aggregate",
      "Strategy": "Plain",
      "Partial Mode": "Finalize",
      "Parallel Aware": false,
      "Startup Cost": 33209.82,
      "Total Cost": 33209.83,
      "Plan Rows": 1,
      "Plan Width": 8,
      "Actual Startup Time": 96.949,
      "Actual Total Time": 103.26,
      "Actual Rows": 1,
      "Actual Loops": 1,
      "Plans": [
        {
          "Node Type": "Gather",
          "Parent Relationship": "Outer",
          "Parallel Aware": false,
          "Startup Cost": 33209.51,
          "Total Cost": 33209.82,
          "Plan Rows": 3,
          "Plan Width": 8,
          "Actual Startup Time": 96.832,
          "Actual Total Time": 103.25,
          "Actual Rows": 4,
          "Actual Loops": 1,
          "Workers Planned": 3,
          "Workers Launched": 3,
          "Single Copy": false,
          "Plans": [
            {
              "Node Type": "Aggregate",
              "Strategy": "Plain",
              "Partial Mode": "Partial",
              "Parent Relationship": "Outer",
              "Parallel Aware": false,
              "Startup Cost": 32209.51,
              "Total Cost": 32209.52,
              "Plan Rows": 1,
              "Plan Width": 8,
              "Actual Startup Time": 88.452,
              "Actual Total Time": 88.453,
              "Actual Rows": 1,
              "Actual Loops": 4,
              "Plans": [
                {
                  "Node Type": "Seq Scan",
                  "Parent Relationship": "Outer",
                  "Parallel Aware": true,
                  "Relation Name": "movie_companies",
                  "Alias": "mc",
                  "Startup Cost": 0.0,
                  "Total Cost": 31414.82,
                  "Plan Rows": 317875,
                  "Plan Width": 0,
                  "Actual Startup Time": 0.407,
                  "Actual Total Time": 77.567,
                  "Actual Rows": 210867,
                  "Actual Loops": 4,
                  "Filter": "((company_id > 687) AND (company_type_id = 1))",
                  "Rows Removed by Filter": 441416
                }
              ]
            }
          ]
        }
      ]
    },
    "Planning Time": 0.219,
    "Triggers": [],
    "Execution Time": 103.316
  }
]