[
    {
        "Bao": {
            "Bao prediction": "NaN",
            "Bao recommended hint": "(no hint)"
        }
    },
    {
        "Plan": {
            "Node Type": "Aggregate",
            "Strategy": "Plain",
            "Partial Mode": "Finalize",
            "Parallel Aware": false,
            "Startup Cost": 118412.98,
            "Total Cost": 118412.99,
            "Plan Rows": 1,
            "Plan Width": 8,
            "Actual Startup Time": 177.225,
            "Actual Total Time": 185.277,
            "Actual Rows": 1,
            "Actual Loops": 1,
            "Output": [
                "count(*)"
            ],
            "Plans": [
                {
                    "Node Type": "Gather",
                    "Parent Relationship": "Outer",
                    "Parallel Aware": false,
                    "Startup Cost": 118412.46,
                    "Total Cost": 118412.97,
                    "Plan Rows": 5,
                    "Plan Width": 8,
                    "Actual Startup Time": 177.13,
                    "Actual Total Time": 185.269,
                    "Actual Rows": 6,
                    "Actual Loops": 1,
                    "Output": [
                        "(PARTIAL count(*))"
                    ],
                    "Workers Planned": 5,
                    "Workers Launched": 5,
                    "Single Copy": false,
                    "Plans": [
                        {
                            "Node Type": "Aggregate",
                            "Strategy": "Plain",
                            "Partial Mode": "Partial",
                            "Parent Relationship": "Outer",
                            "Parallel Aware": false,
                            "Startup Cost": 117412.46,
                            "Total Cost": 117412.47,
                            "Plan Rows": 1,
                            "Plan Width": 8,
                            "Actual Startup Time": 167.696,
                            "Actual Total Time": 167.697,
                            "Actual Rows": 1,
                            "Actual Loops": 6,
                            "Output": [
                                "PARTIAL count(*)"
                            ],
                            "Workers": [
                                {
                                    "Worker Number": 0,
                                    "Actual Startup Time": 165.22,
                                    "Actual Total Time": 165.221,
                                    "Actual Rows": 1,
                                    "Actual Loops": 1
                                },
                                {
                                    "Worker Number": 1,
                                    "Actual Startup Time": 165.468,
                                    "Actual Total Time": 165.47,
                                    "Actual Rows": 1,
                                    "Actual Loops": 1
                                },
                                {
                                    "Worker Number": 2,
                                    "Actual Startup Time": 165.946,
                                    "Actual Total Time": 165.947,
                                    "Actual Rows": 1,
                                    "Actual Loops": 1
                                },
                                {
                                    "Worker Number": 3,
                                    "Actual Startup Time": 166.262,
                                    "Actual Total Time": 166.263,
                                    "Actual Rows": 1,
                                    "Actual Loops": 1
                                },
                                {
                                    "Worker Number": 4,
                                    "Actual Startup Time": 166.45,
                                    "Actual Total Time": 166.451,
                                    "Actual Rows": 1,
                                    "Actual Loops": 1
                                }
                            ],
                            "Plans": [
                                {
                                    "Node Type": "Index Scan",
                                    "Parent Relationship": "Outer",
                                    "Parallel Aware": true,
                                    "Scan Direction": "Forward",
                                    "Index Name": "role_id_cast_info",
                                    "Relation Name": "cast_info",
                                    "Schema": "public",
                                    "Alias": "ci",
                                    "Startup Cost": 0.56,
                                    "Total Cost": 115696.32,
                                    "Plan Rows": 686457,
                                    "Plan Width": 0,
                                    "Actual Startup Time": 0.161,
                                    "Actual Total Time": 155.049,
                                    "Actual Rows": 256901,
                                    "Actual Loops": 6,
                                    "Output": [
                                        "id",
                                        "person_id",
                                        "movie_id",
                                        "person_role_id",
                                        "note",
                                        "nr_order",
                                        "role_id"
                                    ],
                                    "Index Cond": "(ci.role_id = 10)",
                                    "Rows Removed by Index Recheck": 0,
                                    "Filter": "(ci.person_id < 2978417)",
                                    "Rows Removed by Filter": 463602,
                                    "Workers": [
                                        {
                                            "Worker Number": 0,
                                            "Actual Startup Time": 0.156,
                                            "Actual Total Time": 152.772,
                                            "Actual Rows": 238644,
                                            "Actual Loops": 1
                                        },
                                        {
                                            "Worker Number": 1,
                                            "Actual Startup Time": 0.241,
                                            "Actual Total Time": 153.215,
                                            "Actual Rows": 238953,
                                            "Actual Loops": 1
                                        },
                                        {
                                            "Worker Number": 2,
                                            "Actual Startup Time": 0.161,
                                            "Actual Total Time": 153.819,
                                            "Actual Rows": 246480,
                                            "Actual Loops": 1
                                        },
                                        {
                                            "Worker Number": 3,
                                            "Actual Startup Time": 0.148,
                                            "Actual Total Time": 153.799,
                                            "Actual Rows": 246922,
                                            "Actual Loops": 1
                                        },
                                        {
                                            "Worker Number": 4,
                                            "Actual Startup Time": 0.228,
                                            "Actual Total Time": 153.958,
                                            "Actual Rows": 248543,
                                            "Actual Loops": 1
                                        }
                                    ]
                                }
                            ]
                        }
                    ]
                }
            ]
        },
        "Planning Time": 177.731,
        "Triggers": [],
        "Execution Time": 185.322
    }
]