{
  "Plan": {
    "Node Type": "Aggregate",
    "Strategy": "Plain",
    "Partial Mode": "Finalize",
    "Parallel Aware": false,
    "Startup Cost": 2154424.55,
    "Total Cost": 2154424.56,
    "Plan Rows": 1,
    "Plan Width": 8,
    "Actual Startup Time": 12901.113,
    "Actual Total Time": 12922.06,
    "Actual Rows": 1,
    "Actual Loops": 1,
    "Plans": [
      {
        "Node Type": "Gather",
        "Parent Relationship": "Outer",
        "Parallel Aware": false,
        "Startup Cost": 2154424.44,
        "Total Cost": 2154424.55,
        "Plan Rows": 1,
        "Plan Width": 8,
        "Actual Startup Time": 12901.103,
        "Actual Total Time": 12922.053,
        "Actual Rows": 2,
        "Actual Loops": 1,
        "Workers Planned": 1,
        "Workers Launched": 1,
        "Single Copy": false,
        "Plans": [
          {
            "Node Type": "Aggregate",
            "Strategy": "Plain",
            "Partial Mode": "Partial",
            "Parent Relationship": "Outer",
            "Parallel Aware": false,
            "Startup Cost": 2153424.44,
            "Total Cost": 2153424.45,
            "Plan Rows": 1,
            "Plan Width": 8,
            "Actual Startup Time": 12840.858,
            "Actual Total Time": 12840.867,
            "Actual Rows": 1,
            "Actual Loops": 2,
            "Plans": [
              {
                "Node Type": "Merge Join",
                "Parent Relationship": "Outer",
                "Parallel Aware": false,
                "Join Type": "Inner",
                "Startup Cost": 2061327.28,
                "Total Cost": 2148339.27,
                "Plan Rows": 2034067,
                "Plan Width": 0,
                "Actual Startup Time": 10086.54,
                "Actual Total Time": 12691.667,
                "Actual Rows": 3576832,
                "Actual Loops": 2,
                "Inner Unique": false,
                "Merge Cond": "(t.id = mi_idx.movie_id)",
                "Plans": [
                  {
                    "Node Type": "Sort",
                    "Parent Relationship": "Outer",
                    "Parallel Aware": false,
                    "Startup Cost": 1996762.12,
                    "Total Cost": 2025041.81,
                    "Plan Rows": 11311876,
                    "Plan Width": 8,
                    "Actual Startup Time": 9916.754,
                    "Actual Total Time": 11322.313,
                    "Actual Rows": 10061211,
                    "Actual Loops": 2,
                    "Sort Key": [
                      "t.id"
                    ],
                    "Sort Method": "quicksort",
                    "Sort Space Used": 895061,
                    "Sort Space Type": "Memory",
                    "Workers": [
                      {
                        "Worker Number": 0,
                        "Sort Method": "quicksort",
                        "Sort Space Used": 834622,
                        "Sort Space Type": "Memory"
                      }
                    ],
                    "Plans": [
                      {
                        "Node Type": "Hash Join",
                        "Parent Relationship": "Outer",
                        "Parallel Aware": true,
                        "Join Type": "Inner",
                        "Startup Cost": 69460.7,
                        "Total Cost": 671500.35,
                        "Plan Rows": 11311876,
                        "Plan Width": 8,
                        "Actual Startup Time": 583.307,
                        "Actual Total Time": 7281.953,
                        "Actual Rows": 10061330,
                        "Actual Loops": 2,
                        "Inner Unique": true,
                        "Hash Cond": "(ci.movie_id = t.id)",
                        "Plans": [
                          {
                            "Node Type": "Seq Scan",
                            "Parent Relationship": "Outer",
                            "Parallel Aware": true,
                            "Relation Name": "cast_info",
                            "Alias": "ci",
                            "Startup Cost": 0.0,
                            "Total Cost": 572345.93,
                            "Plan Rows": 11311876,
                            "Plan Width": 4,
                            "Actual Startup Time": 0.017,
                            "Actual Total Time": 1993.181,
                            "Actual Rows": 10061330,
                            "Actual Loops": 2,
                            "Filter": "((person_id < 3852859) AND (role_id < 3))",
                            "Rows Removed by Filter": 8060842
                          },
                          {
                            "Node Type": "Hash",
                            "Parent Relationship": "Inner",
                            "Parallel Aware": true,
                            "Startup Cost": 50870.31,
                            "Total Cost": 50870.31,
                            "Plan Rows": 1487231,
                            "Plan Width": 4,
                            "Actual Startup Time": 561.975,
                            "Actual Total Time": 561.977,
                            "Actual Rows": 1264156,
                            "Actual Loops": 2,
                            "Hash Buckets": 4194304,
                            "Original Hash Buckets": 4194304,
                            "Hash Batches": 1,
                            "Original Hash Batches": 1,
                            "Peak Memory Usage": 131712,
                            "Plans": [
                              {
                                "Node Type": "Seq Scan",
                                "Parent Relationship": "Outer",
                                "Parallel Aware": true,
                                "Relation Name": "title",
                                "Alias": "t",
                                "Startup Cost": 0.0,
                                "Total Cost": 50870.31,
                                "Plan Rows": 1487231,
                                "Plan Width": 4,
                                "Actual Startup Time": 0.023,
                                "Actual Total Time": 156.409,
                                "Actual Rows": 1264156,
                                "Actual Loops": 2
                              }
                            ]
                          }
                        ]
                      }
                    ]
                  },
                  {
                    "Node Type": "Sort",
                    "Parent Relationship": "Inner",
                    "Parallel Aware": false,
                    "Startup Cost": 64564.02,
                    "Total Cost": 65700.6,
                    "Plan Rows": 454630,
                    "Plan Width": 4,
                    "Actual Startup Time": 169.756,
                    "Actual Total Time": 301.891,
                    "Actual Rows": 3636875,
                    "Actual Loops": 2,
                    "Sort Key": [
                      "mi_idx.movie_id"
                    ],
                    "Sort Method": "quicksort",
                    "Sort Space Used": 33847,
                    "Sort Space Type": "Memory",
                    "Workers": [
                      {
                        "Worker Number": 0,
                        "Sort Method": "quicksort",
                        "Sort Space Used": 33847,
                        "Sort Space Type": "Memory"
                      }
                    ],
                    "Plans": [
                      {
                        "Node Type": "Bitmap Heap Scan",
                        "Parent Relationship": "Outer",
                        "Parallel Aware": false,
                        "Relation Name": "movie_info_idx",
                        "Alias": "mi_idx",
                        "Startup Cost": 8223.81,
                        "Total Cost": 21841.68,
                        "Plan Rows": 454630,
                        "Plan Width": 4,
                        "Actual Startup Time": 20.837,
                        "Actual Total Time": 81.358,
                        "Actual Rows": 459925,
                        "Actual Loops": 2,
                        "Recheck Cond": "(info_type_id < 100)",
                        "Rows Removed by Index Recheck": 0,
                        "Exact Heap Blocks": 7934,
                        "Lossy Heap Blocks": 0,
                        "Plans": [
                          {
                            "Node Type": "Bitmap Index Scan",
                            "Parent Relationship": "Outer",
                            "Parallel Aware": false,
                            "Index Name": "info_type_id_movie_info_idx",
                            "Startup Cost": 0.0,
                            "Total Cost": 8110.15,
                            "Plan Rows": 454630,
                            "Plan Width": 0,
                            "Actual Startup Time": 19.92,
                            "Actual Total Time": 19.921,
                            "Actual Rows": 459925,
                            "Actual Loops": 2,
                            "Index Cond": "(info_type_id < 100)"
                          }
                        ]
                      }
                    ]
                  }
                ]
              }
            ]
          }
        ]
      }
    ]
  },
  "Planning Time": 1.024,
  "Triggers": [],
  "Execution Time": 12961.005
}