[
  {
    "Plan": {
      "Node Type": "Aggregate",
      "Strategy": "Plain",
      "Partial Mode": "Finalize",
      "Parallel Aware": false,
      "Startup Cost": 25243.13,
      "Total Cost": 25243.14,
      "Plan Rows": 1,
      "Plan Width": 8,
      "Actual Startup Time": 79.387,
      "Actual Total Time": 85.357,
      "Actual Rows": 1,
      "Actual Loops": 1,
      "Plans": [
        {
          "Node Type": "Gather",
          "Parent Relationship": "Outer",
          "Parallel Aware": false,
          "Startup Cost": 25242.81,
          "Total Cost": 25243.12,
          "Plan Rows": 3,
          "Plan Width": 8,
          "Actual Startup Time": 79.116,
          "Actual Total Time": 85.35,
          "Actual Rows": 4,
          "Actual Loops": 1,
          "Workers Planned": 3,
          "Workers Launched": 3,
          "Single Copy": false,
          "Plans": [
            {
              "Node Type": "Aggregate",
              "Strategy": "Plain",
              "Partial Mode": "Partial",
              "Parent Relationship": "Outer",
              "Parallel Aware": false,
              "Startup Cost": 24242.81,
              "Total Cost": 24242.82,
              "Plan Rows": 1,
              "Plan Width": 8,
              "Actual Startup Time": 70.963,
              "Actual Total Time": 70.964,
              "Actual Rows": 1,
              "Actual Loops": 4,
              "Plans": [
                {
                  "Node Type": "Bitmap Heap Scan",
                  "Parent Relationship": "Outer",
                  "Parallel Aware": true,
                  "Relation Name": "movie_companies",
                  "Alias": "mc",
                  "Startup Cost": 4384.69,
                  "Total Cost": 24159.47,
                  "Plan Rows": 33334,
                  "Plan Width": 0,
                  "Actual Startup Time": 59.822,
                  "Actual Total Time": 70.205,
                  "Actual Rows": 10504,
                  "Actual Loops": 4,
                  "Recheck Cond": "(company_id < 67)",
                  "Rows Removed by Index Recheck": 0,
                  "Filter": "(company_type_id > 1)",
                  "Rows Removed by Filter": 40319,
                  "Exact Heap Blocks": 8745,
                  "Lossy Heap Blocks": 0,
                  "Plans": [
                    {
                      "Node Type": "Bitmap Index Scan",
                      "Parent Relationship": "Outer",
                      "Parallel Aware": false,
                      "Index Name": "company_id_movie_companies",
                      "Startup Cost": 0.0,
                      "Total Cost": 4358.85,
                      "Plan Rows": 203523,
                      "Plan Width": 0,
                      "Actual Startup Time": 31.219,
                      "Actual Total Time": 31.219,
                      "Actual Rows": 203291,
                      "Actual Loops": 1,
                      "Index Cond": "(company_id < 67)"
                    }
                  ]
                }
              ]
            }
          ]
        }
      ]
    },
    "Planning Time": 0.214,
    "Triggers": [],
    "Execution Time": 85.437
  }
]