[
  {
    "Plan": {
      "Node Type": "Aggregate",
      "Strategy": "Plain",
      "Partial Mode": "Finalize",
      "Parallel Aware": false,
      "Startup Cost": 62307.32,
      "Total Cost": 62307.33,
      "Plan Rows": 1,
      "Plan Width": 8,
      "Actual Startup Time": 127.228,
      "Actual Total Time": 152.782,
      "Actual Rows": 1,
      "Actual Loops": 1,
      "Plans": [
        {
          "Node Type": "Gather",
          "Parent Relationship": "Outer",
          "Parallel Aware": false,
          "Startup Cost": 62306.9,
          "Total Cost": 62307.31,
          "Plan Rows": 4,
          "Plan Width": 8,
          "Actual Startup Time": 126.948,
          "Actual Total Time": 152.771,
          "Actual Rows": 5,
          "Actual Loops": 1,
          "Workers Planned": 4,
          "Workers Launched": 4,
          "Single Copy": false,
          "Plans": [
            {
              "Node Type": "Aggregate",
              "Strategy": "Plain",
              "Partial Mode": "Partial",
              "Parent Relationship": "Outer",
              "Parallel Aware": false,
              "Startup Cost": 61306.9,
              "Total Cost": 61306.91,
              "Plan Rows": 1,
              "Plan Width": 8,
              "Actual Startup Time": 119.621,
              "Actual Total Time": 119.624,
              "Actual Rows": 1,
              "Actual Loops": 5,
              "Plans": [
                {
                  "Node Type": "Nested Loop",
                  "Parent Relationship": "Outer",
                  "Parallel Aware": false,
                  "Join Type": "Inner",
                  "Startup Cost": 0.43,
                  "Total Cost": 61305.45,
                  "Plan Rows": 581,
                  "Plan Width": 0,
                  "Actual Startup Time": 64.065,
                  "Actual Total Time": 118.981,
                  "Actual Rows": 5876,
                  "Actual Loops": 5,
                  "Inner Unique": false,
                  "Plans": [
                    {
                      "Node Type": "Seq Scan",
                      "Parent Relationship": "Outer",
                      "Parallel Aware": true,
                      "Relation Name": "title",
                      "Alias": "t",
                      "Startup Cost": 0.0,
                      "Total Cost": 45479.59,
                      "Plan Rows": 99,
                      "Plan Width": 4,
                      "Actual Startup Time": 63.925,
                      "Actual Total Time": 92.648,
                      "Actual Rows": 508,
                      "Actual Loops": 5,
                      "Filter": "((kind_id = 1) AND (production_year = 1930))",
                      "Rows Removed by Filter": 505154
                    },
                    {
                      "Node Type": "Index Only Scan",
                      "Parent Relationship": "Inner",
                      "Parallel Aware": false,
                      "Scan Direction": "Forward",
                      "Index Name": "movie_id_movie_info",
                      "Relation Name": "movie_info",
                      "Alias": "mi",
                      "Startup Cost": 0.43,
                      "Total Cost": 159.45,
                      "Plan Rows": 41,
                      "Plan Width": 4,
                      "Actual Startup Time": 0.017,
                      "Actual Total Time": 0.05,
                      "Actual Rows": 12,
                      "Actual Loops": 2540,
                      "Index Cond": "(movie_id = t.id)",
                      "Rows Removed by Index Recheck": 0,
                      "Heap Fetches": 29382
                    }
                  ]
                }
              ]
            }
          ]
        }
      ]
    },
    "Planning Time": 0.649,
    "Triggers": [],
    "Execution Time": 152.87
  }
]