{
  "Plan": {
    "Node Type": "Aggregate",
    "Strategy": "Plain",
    "Partial Mode": "Finalize",
    "Parallel Aware": false,
    "Startup Cost": 84237.49,
    "Total Cost": 84237.5,
    "Plan Rows": 1,
    "Plan Width": 8,
    "Actual Startup Time": 188.92,
    "Actual Total Time": 201.295,
    "Actual Rows": 1,
    "Actual Loops": 1,
    "Plans": [
      {
        "Node Type": "Gather",
        "Parent Relationship": "Outer",
        "Parallel Aware": false,
        "Startup Cost": 84237.38,
        "Total Cost": 84237.49,
        "Plan Rows": 1,
        "Plan Width": 8,
        "Actual Startup Time": 188.77,
        "Actual Total Time": 201.289,
        "Actual Rows": 2,
        "Actual Loops": 1,
        "Workers Planned": 1,
        "Workers Launched": 1,
        "Single Copy": false,
        "Plans": [
          {
            "Node Type": "Aggregate",
            "Strategy": "Plain",
            "Partial Mode": "Partial",
            "Parent Relationship": "Outer",
            "Parallel Aware": false,
            "Startup Cost": 83237.38,
            "Total Cost": 83237.39,
            "Plan Rows": 1,
            "Plan Width": 8,
            "Actual Startup Time": 182.705,
            "Actual Total Time": 182.708,
            "Actual Rows": 1,
            "Actual Loops": 2,
            "Plans": [
              {
                "Node Type": "Hash Join",
                "Parent Relationship": "Outer",
                "Parallel Aware": true,
                "Join Type": "Inner",
                "Startup Cost": 61585.88,
                "Total Cost": 83236.64,
                "Plan Rows": 296,
                "Plan Width": 0,
                "Actual Startup Time": 147.364,
                "Actual Total Time": 182.672,
                "Actual Rows": 278,
                "Actual Loops": 2,
                "Inner Unique": true,
                "Hash Cond": "(mc.movie_id = t.id)",
                "Plans": [
                  {
                    "Node Type": "Bitmap Heap Scan",
                    "Parent Relationship": "Outer",
                    "Parallel Aware": true,
                    "Relation Name": "movie_companies",
                    "Alias": "mc",
                    "Startup Cost": 6968.36,
                    "Total Cost": 28122.63,
                    "Plan Rows": 189141,
                    "Plan Width": 4,
                    "Actual Startup Time": 13.081,
                    "Actual Total Time": 34.886,
                    "Actual Rows": 161754,
                    "Actual Loops": 2,
                    "Recheck Cond": "(company_id > 91415)",
                    "Rows Removed by Index Recheck": 0,
                    "Exact Heap Blocks": 2678,
                    "Lossy Heap Blocks": 0,
                    "Plans": [
                      {
                        "Node Type": "Bitmap Index Scan",
                        "Parent Relationship": "Outer",
                        "Parallel Aware": false,
                        "Index Name": "company_id_movie_companies",
                        "Startup Cost": 0.0,
                        "Total Cost": 6887.98,
                        "Plan Rows": 321540,
                        "Plan Width": 0,
                        "Actual Startup Time": 12.399,
                        "Actual Total Time": 12.399,
                        "Actual Rows": 323509,
                        "Actual Loops": 1,
                        "Index Cond": "(company_id > 91415)"
                      }
                    ]
                  },
                  {
                    "Node Type": "Hash",
                    "Parent Relationship": "Inner",
                    "Parallel Aware": true,
                    "Startup Cost": 54588.39,
                    "Total Cost": 54588.39,
                    "Plan Rows": 2330,
                    "Plan Width": 4,
                    "Actual Startup Time": 131.654,
                    "Actual Total Time": 131.654,
                    "Actual Rows": 2298,
                    "Actual Loops": 2,
                    "Hash Buckets": 4096,
                    "Original Hash Buckets": 4096,
                    "Hash Batches": 1,
                    "Original Hash Batches": 1,
                    "Peak Memory Usage": 256,
                    "Plans": [
                      {
                        "Node Type": "Seq Scan",
                        "Parent Relationship": "Outer",
                        "Parallel Aware": true,
                        "Relation Name": "title",
                        "Alias": "t",
                        "Startup Cost": 0.0,
                        "Total Cost": 54588.39,
                        "Plan Rows": 2330,
                        "Plan Width": 4,
                        "Actual Startup Time": 90.35,
                        "Actual Total Time": 130.905,
                        "Actual Rows": 2298,
                        "Actual Loops": 2,
                        "Filter": "(production_year = 1910)",
                        "Rows Removed by Filter": 1261858
                      }
                    ]
                  }
                ]
              }
            ]
          }
        ]
      }
    ]
  },
  "Planning Time": 0.423,
  "Triggers": [],
  "Execution Time": 201.406
}