[
  {
    "Plan": {
      "Node Type": "Aggregate",
      "Strategy": "Plain",
      "Partial Mode": "Simple",
      "Parallel Aware": false,
      "Startup Cost": 24395.55,
      "Total Cost": 24395.56,
      "Plan Rows": 1,
      "Plan Width": 8,
      "Actual Startup Time": 18.206,
      "Actual Total Time": 18.207,
      "Actual Rows": 1,
      "Actual Loops": 1,
      "Plans": [
        {
          "Node Type": "Bitmap Heap Scan",
          "Parent Relationship": "Outer",
          "Parallel Aware": false,
          "Relation Name": "movie_keyword",
          "Alias": "mk",
          "Startup Cost": 389.13,
          "Total Cost": 24350.16,
          "Plan Rows": 18155,
          "Plan Width": 0,
          "Actual Startup Time": 3.505,
          "Actual Total Time": 16.793,
          "Actual Rows": 16315,
          "Actual Loops": 1,
          "Recheck Cond": "(keyword_id > 120123)",
          "Rows Removed by Index Recheck": 0,
          "Exact Heap Blocks": 5025,
          "Lossy Heap Blocks": 0,
          "Plans": [
            {
              "Node Type": "Bitmap Index Scan",
              "Parent Relationship": "Outer",
              "Parallel Aware": false,
              "Index Name": "keyword_id_movie_keyword",
              "Startup Cost": 0.0,
              "Total Cost": 384.6,
              "Plan Rows": 18155,
              "Plan Width": 0,
              "Actual Startup Time": 2.098,
              "Actual Total Time": 2.099,
              "Actual Rows": 16315,
              "Actual Loops": 1,
              "Index Cond": "(keyword_id > 120123)"
            }
          ]
        }
      ]
    },
    "Planning Time": 0.169,
    "Triggers": [],
    "Execution Time": 18.241
  }
]