[
  {
    "Plan": {
      "Node Type": "Aggregate",
      "Strategy": "Plain",
      "Partial Mode": "Finalize",
      "Parallel Aware": false,
      "Startup Cost": 33050.56,
      "Total Cost": 33050.57,
      "Plan Rows": 1,
      "Plan Width": 8,
      "Actual Startup Time": 95.282,
      "Actual Total Time": 103.477,
      "Actual Rows": 1,
      "Actual Loops": 1,
      "Plans": [
        {
          "Node Type": "Gather",
          "Parent Relationship": "Outer",
          "Parallel Aware": false,
          "Startup Cost": 33050.24,
          "Total Cost": 33050.55,
          "Plan Rows": 3,
          "Plan Width": 8,
          "Actual Startup Time": 95.154,
          "Actual Total Time": 103.468,
          "Actual Rows": 4,
          "Actual Loops": 1,
          "Workers Planned": 3,
          "Workers Launched": 3,
          "Single Copy": false,
          "Plans": [
            {
              "Node Type": "Aggregate",
              "Strategy": "Plain",
              "Partial Mode": "Partial",
              "Parent Relationship": "Outer",
              "Parallel Aware": false,
              "Startup Cost": 32050.24,
              "Total Cost": 32050.25,
              "Plan Rows": 1,
              "Plan Width": 8,
              "Actual Startup Time": 86.584,
              "Actual Total Time": 86.585,
              "Actual Rows": 1,
              "Actual Loops": 4,
              "Plans": [
                {
                  "Node Type": "Seq Scan",
                  "Parent Relationship": "Outer",
                  "Parallel Aware": true,
                  "Relation Name": "movie_companies",
                  "Alias": "mc",
                  "Startup Cost": 0.0,
                  "Total Cost": 31414.82,
                  "Plan Rows": 254169,
                  "Plan Width": 0,
                  "Actual Startup Time": 6.627,
                  "Actual Total Time": 79.772,
                  "Actual Rows": 142789,
                  "Actual Loops": 4,
                  "Filter": "((company_id > 4876) AND (company_type_id < 2))",
                  "Rows Removed by Filter": 509493
                }
              ]
            }
          ]
        }
      ]
    },
    "Planning Time": 0.215,
    "Triggers": [],
    "Execution Time": 103.535
  }
]