[
  {
    "Plan": {
      "Node Type": "Aggregate",
      "Strategy": "Plain",
      "Partial Mode": "Finalize",
      "Parallel Aware": false,
      "Startup Cost": 31272.93,
      "Total Cost": 31272.94,
      "Plan Rows": 1,
      "Plan Width": 8,
      "Actual Startup Time": 101.258,
      "Actual Total Time": 108.919,
      "Actual Rows": 1,
      "Actual Loops": 1,
      "Plans": [
        {
          "Node Type": "Gather",
          "Parent Relationship": "Outer",
          "Parallel Aware": false,
          "Startup Cost": 31272.61,
          "Total Cost": 31272.92,
          "Plan Rows": 3,
          "Plan Width": 8,
          "Actual Startup Time": 101.084,
          "Actual Total Time": 108.909,
          "Actual Rows": 4,
          "Actual Loops": 1,
          "Workers Planned": 3,
          "Workers Launched": 3,
          "Single Copy": false,
          "Plans": [
            {
              "Node Type": "Aggregate",
              "Strategy": "Plain",
              "Partial Mode": "Partial",
              "Parent Relationship": "Outer",
              "Parallel Aware": false,
              "Startup Cost": 30272.61,
              "Total Cost": 30272.62,
              "Plan Rows": 1,
              "Plan Width": 8,
              "Actual Startup Time": 94.141,
              "Actual Total Time": 94.143,
              "Actual Rows": 1,
              "Actual Loops": 4,
              "Plans": [
                {
                  "Node Type": "Seq Scan",
                  "Parent Relationship": "Outer",
                  "Parallel Aware": true,
                  "Relation Name": "movie_companies",
                  "Alias": "mc",
                  "Startup Cost": 0.0,
                  "Total Cost": 29310.68,
                  "Plan Rows": 384773,
                  "Plan Width": 0,
                  "Actual Startup Time": 18.544,
                  "Actual Total Time": 80.167,
                  "Actual Rows": 295820,
                  "Actual Loops": 4,
                  "Filter": "(company_id > 12579)",
                  "Rows Removed by Filter": 356462
                }
              ]
            }
          ]
        }
      ]
    },
    "Planning Time": 0.19,
    "Triggers": [],
    "Execution Time": 108.981
  }
]