[
  {
    "Plan": {
      "Node Type": "Aggregate",
      "Strategy": "Plain",
      "Partial Mode": "Finalize",
      "Parallel Aware": false,
      "Startup Cost": 311385.33,
      "Total Cost": 311385.34,
      "Plan Rows": 1,
      "Plan Width": 8,
      "Actual Startup Time": 1003.337,
      "Actual Total Time": 1041.684,
      "Actual Rows": 1,
      "Actual Loops": 1,
      "Plans": [
        {
          "Node Type": "Gather",
          "Parent Relationship": "Outer",
          "Parallel Aware": false,
          "Startup Cost": 311384.71,
          "Total Cost": 311385.32,
          "Plan Rows": 6,
          "Plan Width": 8,
          "Actual Startup Time": 988.251,
          "Actual Total Time": 1041.667,
          "Actual Rows": 7,
          "Actual Loops": 1,
          "Workers Planned": 6,
          "Workers Launched": 6,
          "Single Copy": false,
          "Plans": [
            {
              "Node Type": "Aggregate",
              "Strategy": "Plain",
              "Partial Mode": "Partial",
              "Parent Relationship": "Outer",
              "Parallel Aware": false,
              "Startup Cost": 310384.71,
              "Total Cost": 310384.72,
              "Plan Rows": 1,
              "Plan Width": 8,
              "Actual Startup Time": 968.449,
              "Actual Total Time": 968.653,
              "Actual Rows": 1,
              "Actual Loops": 7,
              "Plans": [
                {
                  "Node Type": "Hash Join",
                  "Parent Relationship": "Outer",
                  "Parallel Aware": true,
                  "Join Type": "Inner",
                  "Startup Cost": 100617.57,
                  "Total Cost": 308642.28,
                  "Plan Rows": 696972,
                  "Plan Width": 0,
                  "Actual Startup Time": 437.78,
                  "Actual Total Time": 951.308,
                  "Actual Rows": 311890,
                  "Actual Loops": 7,
                  "Inner Unique": false,
                  "Hash Cond": "(ci.movie_id = t.id)",
                  "Plans": [
                    {
                      "Node Type": "Index Scan",
                      "Parent Relationship": "Outer",
                      "Parallel Aware": true,
                      "Scan Direction": "Forward",
                      "Index Name": "role_id_cast_info",
                      "Relation Name": "cast_info",
                      "Alias": "ci",
                      "Startup Cost": 0.56,
                      "Total Cost": 201884.69,
                      "Plan Rows": 1037941,
                      "Plan Width": 4,
                      "Actual Startup Time": 0.406,
                      "Actual Total Time": 272.524,
                      "Actual Rows": 1064379,
                      "Actual Loops": 7,
                      "Index Cond": "(role_id = 2)",
                      "Rows Removed by Index Recheck": 0,
                      "Filter": "(person_id > 614830)",
                      "Rows Removed by Filter": 189
                    },
                    {
                      "Node Type": "Hash",
                      "Parent Relationship": "Inner",
                      "Parallel Aware": true,
                      "Startup Cost": 93770.95,
                      "Total Cost": 93770.95,
                      "Plan Rows": 547685,
                      "Plan Width": 8,
                      "Actual Startup Time": 431.773,
                      "Actual Total Time": 431.974,
                      "Actual Rows": 61083,
                      "Actual Loops": 7,
                      "Hash Buckets": 2097152,
                      "Original Hash Buckets": 2097152,
                      "Hash Batches": 1,
                      "Original Hash Batches": 1,
                      "Peak Memory Usage": 33248,
                      "Plans": [
                        {
                          "Node Type": "Hash Join",
                          "Parent Relationship": "Outer",
                          "Parallel Aware": true,
                          "Join Type": "Inner",
                          "Startup Cost": 48717.81,
                          "Total Cost": 93770.95,
                          "Plan Rows": 547685,
                          "Plan Width": 8,
                          "Actual Startup Time": 234.773,
                          "Actual Total Time": 395.63,
                          "Actual Rows": 61083,
                          "Actual Loops": 7,
                          "Inner Unique": true,
                          "Hash Cond": "(mk.movie_id = t.id)",
                          "Plans": [
                            {
                              "Node Type": "Seq Scan",
                              "Parent Relationship": "Outer",
                              "Parallel Aware": true,
                              "Relation Name": "movie_keyword",
                              "Alias": "mk",
                              "Startup Cost": 0.0,
                              "Total Cost": 42695.65,
                              "Plan Rows": 898089,
                              "Plan Width": 4,
                              "Actual Startup Time": 0.129,
                              "Actual Total Time": 95.924,
                              "Actual Rows": 397441,
                              "Actual Loops": 7,
                              "Filter": "(keyword_id > 2845)",
                              "Rows Removed by Filter": 248835
                            },
                            {
                              "Node Type": "Hash",
                              "Parent Relationship": "Inner",
                              "Parallel Aware": true,
                              "Startup Cost": 43899.32,
                              "Total Cost": 43899.32,
                              "Plan Rows": 385479,
                              "Plan Width": 4,
                              "Actual Startup Time": 232.112,
                              "Actual Total Time": 232.114,
                              "Actual Rows": 220466,
                              "Actual Loops": 7,
                              "Hash Buckets": 2097152,
                              "Original Hash Buckets": 2097152,
                              "Hash Batches": 1,
                              "Original Hash Batches": 1,
                              "Peak Memory Usage": 76864,
                              "Plans": [
                                {
                                  "Node Type": "Seq Scan",
                                  "Parent Relationship": "Outer",
                                  "Parallel Aware": true,
                                  "Relation Name": "title",
                                  "Alias": "t",
                                  "Startup Cost": 0.0,
                                  "Total Cost": 43899.32,
                                  "Plan Rows": 385479,
                                  "Plan Width": 4,
                                  "Actual Startup Time": 0.063,
                                  "Actual Total Time": 97.747,
                                  "Actual Rows": 220466,
                                  "Actual Loops": 7,
                                  "Filter": "(kind_id = 7)",
                                  "Rows Removed by Filter": 140721
                                }
                              ]
                            }
                          ]
                        }
                      ]
                    }
                  ]
                }
              ]
            }
          ]
        }
      ]
    },
    "Planning Time": 1.581,
    "Triggers": [],
    "Execution Time": 1041.828
  }
]