[
  {
    "Plan": {
      "Node Type": "Aggregate",
      "Strategy": "Plain",
      "Partial Mode": "Finalize",
      "Parallel Aware": false,
      "Startup Cost": 80449.35,
      "Total Cost": 80449.36,
      "Plan Rows": 1,
      "Plan Width": 8,
      "Actual Startup Time": 253.734,
      "Actual Total Time": 269.956,
      "Actual Rows": 1,
      "Actual Loops": 1,
      "Plans": [
        {
          "Node Type": "Gather",
          "Parent Relationship": "Outer",
          "Parallel Aware": false,
          "Startup Cost": 80448.93,
          "Total Cost": 80449.34,
          "Plan Rows": 4,
          "Plan Width": 8,
          "Actual Startup Time": 252.798,
          "Actual Total Time": 269.945,
          "Actual Rows": 5,
          "Actual Loops": 1,
          "Workers Planned": 4,
          "Workers Launched": 4,
          "Single Copy": false,
          "Plans": [
            {
              "Node Type": "Aggregate",
              "Strategy": "Plain",
              "Partial Mode": "Partial",
              "Parent Relationship": "Outer",
              "Parallel Aware": false,
              "Startup Cost": 79448.93,
              "Total Cost": 79448.94,
              "Plan Rows": 1,
              "Plan Width": 8,
              "Actual Startup Time": 243.301,
              "Actual Total Time": 243.304,
              "Actual Rows": 1,
              "Actual Loops": 5,
              "Plans": [
                {
                  "Node Type": "Hash Join",
                  "Parent Relationship": "Outer",
                  "Parallel Aware": true,
                  "Join Type": "Inner",
                  "Startup Cost": 33300.44,
                  "Total Cost": 79156.66,
                  "Plan Rows": 116909,
                  "Plan Width": 0,
                  "Actual Startup Time": 89.885,
                  "Actual Total Time": 240.62,
                  "Actual Rows": 53643,
                  "Actual Loops": 5,
                  "Inner Unique": false,
                  "Hash Cond": "(t.id = mc.movie_id)",
                  "Plans": [
                    {
                      "Node Type": "Seq Scan",
                      "Parent Relationship": "Outer",
                      "Parallel Aware": true,
                      "Relation Name": "title",
                      "Alias": "t",
                      "Startup Cost": 0.0,
                      "Total Cost": 42318.73,
                      "Plan Rows": 632073,
                      "Plan Width": 4,
                      "Actual Startup Time": 0.012,
                      "Actual Total Time": 64.426,
                      "Actual Rows": 505662,
                      "Actual Loops": 5
                    },
                    {
                      "Node Type": "Hash",
                      "Parent Relationship": "Inner",
                      "Parallel Aware": true,
                      "Startup Cost": 31414.82,
                      "Total Cost": 31414.82,
                      "Plan Rows": 150850,
                      "Plan Width": 4,
                      "Actual Startup Time": 86.901,
                      "Actual Total Time": 86.902,
                      "Actual Rows": 53643,
                      "Actual Loops": 5,
                      "Hash Buckets": 524288,
                      "Original Hash Buckets": 524288,
                      "Hash Batches": 1,
                      "Original Hash Batches": 1,
                      "Peak Memory Usage": 14656,
                      "Plans": [
                        {
                          "Node Type": "Seq Scan",
                          "Parent Relationship": "Outer",
                          "Parallel Aware": true,
                          "Relation Name": "movie_companies",
                          "Alias": "mc",
                          "Startup Cost": 0.0,
                          "Total Cost": 31414.82,
                          "Plan Rows": 150850,
                          "Plan Width": 4,
                          "Actual Startup Time": 43.179,
                          "Actual Total Time": 68.391,
                          "Actual Rows": 53643,
                          "Actual Loops": 5,
                          "Filter": "((company_id < 3175) AND (company_type_id > 1))",
                          "Rows Removed by Filter": 468183
                        }
                      ]
                    }
                  ]
                }
              ]
            }
          ]
        }
      ]
    },
    "Planning Time": 0.653,
    "Triggers": [],
    "Execution Time": 270.031
  }
]