[
  {
    "Plan": {
      "Node Type": "Aggregate",
      "Strategy": "Plain",
      "Partial Mode": "Finalize",
      "Parallel Aware": false,
      "Startup Cost": 46558.03,
      "Total Cost": 46558.04,
      "Plan Rows": 1,
      "Plan Width": 8,
      "Actual Startup Time": 159.393,
      "Actual Total Time": 168.954,
      "Actual Rows": 1,
      "Actual Loops": 1,
      "Plans": [
        {
          "Node Type": "Gather",
          "Parent Relationship": "Outer",
          "Parallel Aware": false,
          "Startup Cost": 46557.72,
          "Total Cost": 46558.03,
          "Plan Rows": 3,
          "Plan Width": 8,
          "Actual Startup Time": 159.226,
          "Actual Total Time": 168.944,
          "Actual Rows": 4,
          "Actual Loops": 1,
          "Workers Planned": 3,
          "Workers Launched": 3,
          "Single Copy": false,
          "Plans": [
            {
              "Node Type": "Aggregate",
              "Strategy": "Plain",
              "Partial Mode": "Partial",
              "Parent Relationship": "Outer",
              "Parallel Aware": false,
              "Startup Cost": 45557.72,
              "Total Cost": 45557.73,
              "Plan Rows": 1,
              "Plan Width": 8,
              "Actual Startup Time": 150.819,
              "Actual Total Time": 150.82,
              "Actual Rows": 1,
              "Actual Loops": 4,
              "Plans": [
                {
                  "Node Type": "Seq Scan",
                  "Parent Relationship": "Outer",
                  "Parallel Aware": true,
                  "Relation Name": "movie_keyword",
                  "Alias": "mk",
                  "Startup Cost": 0.0,
                  "Total Cost": 42695.65,
                  "Plan Rows": 1144825,
                  "Plan Width": 0,
                  "Actual Startup Time": 0.056,
                  "Actual Total Time": 112.533,
                  "Actual Rows": 888066,
                  "Actual Loops": 4,
                  "Filter": "(keyword_id < 19426)",
                  "Rows Removed by Filter": 242917
                }
              ]
            }
          ]
        }
      ]
    },
    "Planning Time": 0.176,
    "Triggers": [],
    "Execution Time": 169.006
  }
]