[
    {
        "Bao": {
            "Bao prediction": 426.444,
            "Bao recommended hint": "(no hint)"
        }
    },
    {
        "Plan": {
            "Node Type": "Aggregate",
            "Strategy": "Plain",
            "Partial Mode": "Finalize",
            "Parallel Aware": false,
            "Startup Cost": 201316.28,
            "Total Cost": 201316.29,
            "Plan Rows": 1,
            "Plan Width": 8,
            "Actual Startup Time": 353.13,
            "Actual Total Time": 366.822,
            "Actual Rows": 1,
            "Actual Loops": 1,
            "Output": [
                "count(*)"
            ],
            "Plans": [
                {
                    "Node Type": "Gather",
                    "Parent Relationship": "Outer",
                    "Parallel Aware": false,
                    "Startup Cost": 201315.76,
                    "Total Cost": 201316.27,
                    "Plan Rows": 5,
                    "Plan Width": 8,
                    "Actual Startup Time": 353.02,
                    "Actual Total Time": 366.815,
                    "Actual Rows": 6,
                    "Actual Loops": 1,
                    "Output": [
                        "(PARTIAL count(*))"
                    ],
                    "Workers Planned": 5,
                    "Workers Launched": 5,
                    "Single Copy": false,
                    "Plans": [
                        {
                            "Node Type": "Aggregate",
                            "Strategy": "Plain",
                            "Partial Mode": "Partial",
                            "Parent Relationship": "Outer",
                            "Parallel Aware": false,
                            "Startup Cost": 200315.76,
                            "Total Cost": 200315.77,
                            "Plan Rows": 1,
                            "Plan Width": 8,
                            "Actual Startup Time": 343.335,
                            "Actual Total Time": 343.338,
                            "Actual Rows": 1,
                            "Actual Loops": 6,
                            "Output": [
                                "PARTIAL count(*)"
                            ],
                            "Workers": [
                                {
                                    "Worker Number": 0,
                                    "Actual Startup Time": 341.121,
                                    "Actual Total Time": 341.124,
                                    "Actual Rows": 1,
                                    "Actual Loops": 1
                                },
                                {
                                    "Worker Number": 1,
                                    "Actual Startup Time": 341.531,
                                    "Actual Total Time": 341.534,
                                    "Actual Rows": 1,
                                    "Actual Loops": 1
                                },
                                {
                                    "Worker Number": 2,
                                    "Actual Startup Time": 341.47,
                                    "Actual Total Time": 341.473,
                                    "Actual Rows": 1,
                                    "Actual Loops": 1
                                },
                                {
                                    "Worker Number": 3,
                                    "Actual Startup Time": 341.501,
                                    "Actual Total Time": 341.504,
                                    "Actual Rows": 1,
                                    "Actual Loops": 1
                                },
                                {
                                    "Worker Number": 4,
                                    "Actual Startup Time": 342.167,
                                    "Actual Total Time": 342.17,
                                    "Actual Rows": 1,
                                    "Actual Loops": 1
                                }
                            ],
                            "Plans": [
                                {
                                    "Node Type": "Hash Join",
                                    "Parent Relationship": "Outer",
                                    "Parallel Aware": true,
                                    "Join Type": "Inner",
                                    "Startup Cost": 45508.4,
                                    "Total Cost": 200305.49,
                                    "Plan Rows": 4109,
                                    "Plan Width": 0,
                                    "Actual Startup Time": 83.175,
                                    "Actual Total Time": 343.256,
                                    "Actual Rows": 900,
                                    "Actual Loops": 6,
                                    "Inner Unique": true,
                                    "Hash Cond": "(ci.movie_id = t.id)",
                                    "Workers": [
                                        {
                                            "Worker Number": 0,
                                            "Actual Startup Time": 80.485,
                                            "Actual Total Time": 341.037,
                                            "Actual Rows": 1065,
                                            "Actual Loops": 1
                                        },
                                        {
                                            "Worker Number": 1,
                                            "Actual Startup Time": 80.852,
                                            "Actual Total Time": 341.458,
                                            "Actual Rows": 602,
                                            "Actual Loops": 1
                                        },
                                        {
                                            "Worker Number": 2,
                                            "Actual Startup Time": 82.666,
                                            "Actual Total Time": 341.394,
                                            "Actual Rows": 929,
                                            "Actual Loops": 1
                                        },
                                        {
                                            "Worker Number": 3,
                                            "Actual Startup Time": 81.52,
                                            "Actual Total Time": 341.422,
                                            "Actual Rows": 838,
                                            "Actual Loops": 1
                                        },
                                        {
                                            "Worker Number": 4,
                                            "Actual Startup Time": 80.118,
                                            "Actual Total Time": 342.092,
                                            "Actual Rows": 871,
                                            "Actual Loops": 1
                                        }
                                    ],
                                    "Plans": [
                                        {
                                            "Node Type": "Index Scan",
                                            "Parent Relationship": "Outer",
                                            "Parallel Aware": true,
                                            "Scan Direction": "Forward",
                                            "Index Name": "role_id_cast_info",
                                            "Relation Name": "cast_info",
                                            "Schema": "public",
                                            "Alias": "ci",
                                            "Startup Cost": 0.56,
                                            "Total Cost": 151820.94,
                                            "Plan Rows": 1133987,
                                            "Plan Width": 4,
                                            "Actual Startup Time": 0.078,
                                            "Actual Total Time": 168.238,
                                            "Actual Rows": 955449,
                                            "Actual Loops": 6,
                                            "Output": [
                                                "ci.id",
                                                "ci.person_id",
                                                "ci.movie_id",
                                                "ci.person_role_id",
                                                "ci.note",
                                                "ci.nr_order",
                                                "ci.role_id"
                                            ],
                                            "Index Cond": "(ci.role_id > 8)",
                                            "Rows Removed by Index Recheck": 0,
                                            "Workers": [
                                                {
                                                    "Worker Number": 0,
                                                    "Actual Startup Time": 0.054,
                                                    "Actual Total Time": 171.336,
                                                    "Actual Rows": 1036249,
                                                    "Actual Loops": 1
                                                },
                                                {
                                                    "Worker Number": 1,
                                                    "Actual Startup Time": 0.12,
                                                    "Actual Total Time": 167.253,
                                                    "Actual Rows": 689533,
                                                    "Actual Loops": 1
                                                },
                                                {
                                                    "Worker Number": 2,
                                                    "Actual Startup Time": 0.181,
                                                    "Actual Total Time": 167.982,
                                                    "Actual Rows": 992576,
                                                    "Actual Loops": 1
                                                },
                                                {
                                                    "Worker Number": 3,
                                                    "Actual Startup Time": 0.037,
                                                    "Actual Total Time": 168.379,
                                                    "Actual Rows": 895290,
                                                    "Actual Loops": 1
                                                },
                                                {
                                                    "Worker Number": 4,
                                                    "Actual Startup Time": 0.056,
                                                    "Actual Total Time": 171.673,
                                                    "Actual Rows": 1029230,
                                                    "Actual Loops": 1
                                                }
                                            ]
                                        },
                                        {
                                            "Node Type": "Hash",
                                            "Parent Relationship": "Inner",
                                            "Parallel Aware": true,
                                            "Startup Cost": 45479.21,
                                            "Total Cost": 45479.21,
                                            "Plan Rows": 2290,
                                            "Plan Width": 4,
                                            "Actual Startup Time": 79.532,
                                            "Actual Total Time": 79.533,
                                            "Actual Rows": 1291,
                                            "Actual Loops": 6,
                                            "Output": [
                                                "t.id"
                                            ],
                                            "Hash Buckets": 16384,
                                            "Original Hash Buckets": 16384,
                                            "Hash Batches": 1,
                                            "Original Hash Batches": 1,
                                            "Peak Memory Usage": 544,
                                            "Workers": [
                                                {
                                                    "Worker Number": 0,
                                                    "Actual Startup Time": 77.889,
                                                    "Actual Total Time": 77.89,
                                                    "Actual Rows": 1098,
                                                    "Actual Loops": 1
                                                },
                                                {
                                                    "Worker Number": 1,
                                                    "Actual Startup Time": 78.242,
                                                    "Actual Total Time": 78.243,
                                                    "Actual Rows": 904,
                                                    "Actual Loops": 1
                                                },
                                                {
                                                    "Worker Number": 2,
                                                    "Actual Startup Time": 78.246,
                                                    "Actual Total Time": 78.247,
                                                    "Actual Rows": 1174,
                                                    "Actual Loops": 1
                                                },
                                                {
                                                    "Worker Number": 3,
                                                    "Actual Startup Time": 78.245,
                                                    "Actual Total Time": 78.246,
                                                    "Actual Rows": 1131,
                                                    "Actual Loops": 1
                                                },
                                                {
                                                    "Worker Number": 4,
                                                    "Actual Startup Time": 78.884,
                                                    "Actual Total Time": 78.885,
                                                    "Actual Rows": 1124,
                                                    "Actual Loops": 1
                                                }
                                            ],
                                            "Plans": [
                                                {
                                                    "Node Type": "Seq Scan",
                                                    "Parent Relationship": "Outer",
                                                    "Parallel Aware": true,
                                                    "Relation Name": "title",
                                                    "Schema": "public",
                                                    "Alias": "t",
                                                    "Startup Cost": 0.0,
                                                    "Total Cost": 45479.21,
                                                    "Plan Rows": 2290,
                                                    "Plan Width": 4,
                                                    "Actual Startup Time": 0.129,
                                                    "Actual Total Time": 78.646,
                                                    "Actual Rows": 1291,
                                                    "Actual Loops": 6,
                                                    "Output": [
                                                        "t.id"
                                                    ],
                                                    "Filter": "((t.kind_id > 1) AND (t.production_year = 1961))",
                                                    "Rows Removed by Filter": 420095,
                                                    "Workers": [
                                                        {
                                                            "Worker Number": 0,
                                                            "Actual Startup Time": 0.05,
                                                            "Actual Total Time": 77.022,
                                                            "Actual Rows": 1098,
                                                            "Actual Loops": 1
                                                        },
                                                        {
                                                            "Worker Number": 1,
                                                            "Actual Startup Time": 0.088,
                                                            "Actual Total Time": 77.377,
                                                            "Actual Rows": 904,
                                                            "Actual Loops": 1
                                                        },
                                                        {
                                                            "Worker Number": 2,
                                                            "Actual Startup Time": 0.057,
                                                            "Actual Total Time": 77.367,
                                                            "Actual Rows": 1174,
                                                            "Actual Loops": 1
                                                        },
                                                        {
                                                            "Worker Number": 3,
                                                            "Actual Startup Time": 0.18,
                                                            "Actual Total Time": 77.344,
                                                            "Actual Rows": 1131,
                                                            "Actual Loops": 1
                                                        },
                                                        {
                                                            "Worker Number": 4,
                                                            "Actual Startup Time": 0.306,
                                                            "Actual Total Time": 77.998,
                                                            "Actual Rows": 1124,
                                                            "Actual Loops": 1
                                                        }
                                                    ]
                                                }
                                            ]
                                        }
                                    ]
                                }
                            ]
                        }
                    ]
                }
            ]
        },
        "Planning Time": 390.602,
        "Triggers": [],
        "Execution Time": 366.937
    }
]