[
  {
    "Plan": {
      "Node Type": "Aggregate",
      "Strategy": "Plain",
      "Partial Mode": "Finalize",
      "Parallel Aware": false,
      "Startup Cost": 193487.3,
      "Total Cost": 193487.31,
      "Plan Rows": 1,
      "Plan Width": 8,
      "Actual Startup Time": 129.455,
      "Actual Total Time": 148.367,
      "Actual Rows": 1,
      "Actual Loops": 1,
      "Plans": [
        {
          "Node Type": "Gather",
          "Parent Relationship": "Outer",
          "Parallel Aware": false,
          "Startup Cost": 193486.88,
          "Total Cost": 193487.29,
          "Plan Rows": 4,
          "Plan Width": 8,
          "Actual Startup Time": 129.324,
          "Actual Total Time": 148.357,
          "Actual Rows": 5,
          "Actual Loops": 1,
          "Workers Planned": 4,
          "Workers Launched": 4,
          "Single Copy": false,
          "Plans": [
            {
              "Node Type": "Aggregate",
              "Strategy": "Plain",
              "Partial Mode": "Partial",
              "Parent Relationship": "Outer",
              "Parallel Aware": false,
              "Startup Cost": 192486.88,
              "Total Cost": 192486.89,
              "Plan Rows": 1,
              "Plan Width": 8,
              "Actual Startup Time": 119.278,
              "Actual Total Time": 119.28,
              "Actual Rows": 1,
              "Actual Loops": 5,
              "Plans": [
                {
                  "Node Type": "Nested Loop",
                  "Parent Relationship": "Outer",
                  "Parallel Aware": false,
                  "Join Type": "Inner",
                  "Startup Cost": 0.43,
                  "Total Cost": 192470.42,
                  "Plan Rows": 6584,
                  "Plan Width": 0,
                  "Actual Startup Time": 1.466,
                  "Actual Total Time": 118.503,
                  "Actual Rows": 9262,
                  "Actual Loops": 5,
                  "Inner Unique": false,
                  "Plans": [
                    {
                      "Node Type": "Seq Scan",
                      "Parent Relationship": "Outer",
                      "Parallel Aware": true,
                      "Relation Name": "title",
                      "Alias": "t",
                      "Startup Cost": 0.0,
                      "Total Cost": 45479.1,
                      "Plan Rows": 1487,
                      "Plan Width": 4,
                      "Actual Startup Time": 1.232,
                      "Actual Total Time": 77.264,
                      "Actual Rows": 1176,
                      "Actual Loops": 5,
                      "Filter": "((kind_id < 7) AND (production_year = 1973))",
                      "Rows Removed by Filter": 504487
                    },
                    {
                      "Node Type": "Index Scan",
                      "Parent Relationship": "Inner",
                      "Parallel Aware": false,
                      "Scan Direction": "Forward",
                      "Index Name": "movie_id_movie_info",
                      "Relation Name": "movie_info",
                      "Alias": "mi",
                      "Startup Cost": 0.43,
                      "Total Cost": 98.53,
                      "Plan Rows": 32,
                      "Plan Width": 4,
                      "Actual Startup Time": 0.012,
                      "Actual Total Time": 0.034,
                      "Actual Rows": 8,
                      "Actual Loops": 5878,
                      "Index Cond": "(movie_id = t.id)",
                      "Rows Removed by Index Recheck": 0,
                      "Filter": "(info_type_id > 3)",
                      "Rows Removed by Filter": 3
                    }
                  ]
                }
              ]
            }
          ]
        }
      ]
    },
    "Planning Time": 0.645,
    "Triggers": [],
    "Execution Time": 148.454
  }
]