[
  {
    "Plan": {
      "Node Type": "Aggregate",
      "Strategy": "Plain",
      "Partial Mode": "Finalize",
      "Parallel Aware": false,
      "Startup Cost": 340279.81,
      "Total Cost": 340279.82,
      "Plan Rows": 1,
      "Plan Width": 8,
      "Actual Startup Time": 787.434,
      "Actual Total Time": 850.833,
      "Actual Rows": 1,
      "Actual Loops": 1,
      "Plans": [
        {
          "Node Type": "Gather",
          "Parent Relationship": "Outer",
          "Parallel Aware": false,
          "Startup Cost": 340279.19,
          "Total Cost": 340279.8,
          "Plan Rows": 6,
          "Plan Width": 8,
          "Actual Startup Time": 787.326,
          "Actual Total Time": 850.823,
          "Actual Rows": 7,
          "Actual Loops": 1,
          "Workers Planned": 6,
          "Workers Launched": 6,
          "Single Copy": false,
          "Plans": [
            {
              "Node Type": "Aggregate",
              "Strategy": "Plain",
              "Partial Mode": "Partial",
              "Parent Relationship": "Outer",
              "Parallel Aware": false,
              "Startup Cost": 339279.19,
              "Total Cost": 339279.2,
              "Plan Rows": 1,
              "Plan Width": 8,
              "Actual Startup Time": 777.999,
              "Actual Total Time": 778.0,
              "Actual Rows": 1,
              "Actual Loops": 7,
              "Plans": [
                {
                  "Node Type": "Seq Scan",
                  "Parent Relationship": "Outer",
                  "Parallel Aware": true,
                  "Relation Name": "cast_info",
                  "Alias": "ci",
                  "Startup Cost": 0.0,
                  "Total Cost": 328162.03,
                  "Plan Rows": 4446865,
                  "Plan Width": 0,
                  "Actual Startup Time": 0.047,
                  "Actual Total Time": 615.478,
                  "Actual Rows": 3825155,
                  "Actual Loops": 7,
                  "Filter": "(person_id < 2759007)",
                  "Rows Removed by Filter": 1352608
                }
              ]
            }
          ]
        }
      ]
    },
    "Planning Time": 0.193,
    "Triggers": [],
    "Execution Time": 850.905
  }
]