{
  "Plan": {
    "Node Type": "Aggregate",
    "Strategy": "Plain",
    "Partial Mode": "Finalize",
    "Parallel Aware": false,
    "Startup Cost": 391816.68,
    "Total Cost": 391816.69,
    "Plan Rows": 1,
    "Plan Width": 8,
    "Actual Startup Time": 2564.241,
    "Actual Total Time": 2605.236,
    "Actual Rows": 1,
    "Actual Loops": 1,
    "Plans": [
      {
        "Node Type": "Gather",
        "Parent Relationship": "Outer",
        "Parallel Aware": false,
        "Startup Cost": 391816.57,
        "Total Cost": 391816.68,
        "Plan Rows": 1,
        "Plan Width": 8,
        "Actual Startup Time": 2559.66,
        "Actual Total Time": 2605.228,
        "Actual Rows": 2,
        "Actual Loops": 1,
        "Workers Planned": 1,
        "Workers Launched": 1,
        "Single Copy": false,
        "Plans": [
          {
            "Node Type": "Aggregate",
            "Strategy": "Plain",
            "Partial Mode": "Partial",
            "Parent Relationship": "Outer",
            "Parallel Aware": false,
            "Startup Cost": 390816.57,
            "Total Cost": 390816.58,
            "Plan Rows": 1,
            "Plan Width": 8,
            "Actual Startup Time": 2553.427,
            "Actual Total Time": 2553.433,
            "Actual Rows": 1,
            "Actual Loops": 2,
            "Plans": [
              {
                "Node Type": "Hash Join",
                "Parent Relationship": "Outer",
                "Parallel Aware": true,
                "Join Type": "Inner",
                "Startup Cost": 87947.18,
                "Total Cost": 387056.78,
                "Plan Rows": 1503916,
                "Plan Width": 0,
                "Actual Startup Time": 781.306,
                "Actual Total Time": 2460.765,
                "Actual Rows": 2146286,
                "Actual Loops": 2,
                "Inner Unique": false,
                "Hash Cond": "(mi.movie_id = t.id)",
                "Plans": [
                  {
                    "Node Type": "Seq Scan",
                    "Parent Relationship": "Outer",
                    "Parallel Aware": true,
                    "Relation Name": "movie_info",
                    "Alias": "mi",
                    "Startup Cost": 0.0,
                    "Total Cost": 270696.42,
                    "Plan Rows": 5217764,
                    "Plan Width": 4,
                    "Actual Startup Time": 0.034,
                    "Actual Total Time": 836.015,
                    "Actual Rows": 4483347,
                    "Actual Loops": 2,
                    "Filter": "(info_type_id < 15)",
                    "Rows Removed by Filter": 2934513
                  },
                  {
                    "Node Type": "Hash",
                    "Parent Relationship": "Inner",
                    "Parallel Aware": true,
                    "Startup Cost": 82588.87,
                    "Total Cost": 82588.87,
                    "Plan Rows": 428665,
                    "Plan Width": 8,
                    "Actual Startup Time": 770.773,
                    "Actual Total Time": 770.778,
                    "Actual Rows": 313280,
                    "Actual Loops": 2,
                    "Hash Buckets": 1048576,
                    "Original Hash Buckets": 1048576,
                    "Hash Batches": 1,
                    "Original Hash Batches": 1,
                    "Peak Memory Usage": 32736,
                    "Plans": [
                      {
                        "Node Type": "Hash Join",
                        "Parent Relationship": "Outer",
                        "Parallel Aware": true,
                        "Join Type": "Inner",
                        "Startup Cost": 64405.08,
                        "Total Cost": 82588.87,
                        "Plan Rows": 428665,
                        "Plan Width": 8,
                        "Actual Startup Time": 456.164,
                        "Actual Total Time": 687.285,
                        "Actual Rows": 313280,
                        "Actual Loops": 2,
                        "Inner Unique": true,
                        "Hash Cond": "(mi_idx.movie_id = t.id)",
                        "Plans": [
                          {
                            "Node Type": "Seq Scan",
                            "Parent Relationship": "Outer",
                            "Parallel Aware": true,
                            "Relation Name": "movie_info_idx",
                            "Alias": "mi_idx",
                            "Startup Cost": 0.0,
                            "Total Cost": 16052.85,
                            "Plan Rows": 811785,
                            "Plan Width": 4,
                            "Actual Startup Time": 0.019,
                            "Actual Total Time": 66.629,
                            "Actual Rows": 690018,
                            "Actual Loops": 2
                          },
                          {
                            "Node Type": "Hash",
                            "Parent Relationship": "Inner",
                            "Parallel Aware": true,
                            "Startup Cost": 54588.39,
                            "Total Cost": 54588.39,
                            "Plan Rows": 785335,
                            "Plan Width": 4,
                            "Actual Startup Time": 446.367,
                            "Actual Total Time": 446.369,
                            "Actual Rows": 661432,
                            "Actual Loops": 2,
                            "Hash Buckets": 2097152,
                            "Original Hash Buckets": 2097152,
                            "Hash Batches": 1,
                            "Original Hash Batches": 1,
                            "Peak Memory Usage": 68160,
                            "Plans": [
                              {
                                "Node Type": "Seq Scan",
                                "Parent Relationship": "Outer",
                                "Parallel Aware": true,
                                "Relation Name": "title",
                                "Alias": "t",
                                "Startup Cost": 0.0,
                                "Total Cost": 54588.39,
                                "Plan Rows": 785335,
                                "Plan Width": 4,
                                "Actual Startup Time": 0.037,
                                "Actual Total Time": 200.564,
                                "Actual Rows": 661432,
                                "Actual Loops": 2,
                                "Filter": "(production_year > 2001)",
                                "Rows Removed by Filter": 602724
                              }
                            ]
                          }
                        ]
                      }
                    ]
                  }
                ]
              }
            ]
          }
        ]
      }
    ]
  },
  "Planning Time": 1.012,
  "Triggers": [],
  "Execution Time": 2605.325
}