[
  {
    "Plan": {
      "Node Type": "Aggregate",
      "Strategy": "Plain",
      "Partial Mode": "Finalize",
      "Parallel Aware": false,
      "Startup Cost": 397479.12,
      "Total Cost": 397479.13,
      "Plan Rows": 1,
      "Plan Width": 8,
      "Actual Startup Time": 1106.119,
      "Actual Total Time": 1159.099,
      "Actual Rows": 1,
      "Actual Loops": 1,
      "Plans": [
        {
          "Node Type": "Gather",
          "Parent Relationship": "Outer",
          "Parallel Aware": false,
          "Startup Cost": 397478.5,
          "Total Cost": 397479.11,
          "Plan Rows": 6,
          "Plan Width": 8,
          "Actual Startup Time": 1104.558,
          "Actual Total Time": 1159.077,
          "Actual Rows": 7,
          "Actual Loops": 1,
          "Workers Planned": 6,
          "Workers Launched": 6,
          "Single Copy": false,
          "Plans": [
            {
              "Node Type": "Aggregate",
              "Strategy": "Plain",
              "Partial Mode": "Partial",
              "Parent Relationship": "Outer",
              "Parallel Aware": false,
              "Startup Cost": 396478.5,
              "Total Cost": 396478.51,
              "Plan Rows": 1,
              "Plan Width": 8,
              "Actual Startup Time": 1097.155,
              "Actual Total Time": 1097.16,
              "Actual Rows": 1,
              "Actual Loops": 7,
              "Plans": [
                {
                  "Node Type": "Hash Join",
                  "Parent Relationship": "Outer",
                  "Parallel Aware": true,
                  "Join Type": "Inner",
                  "Startup Cost": 44344.17,
                  "Total Cost": 396029.75,
                  "Plan Rows": 179501,
                  "Plan Width": 0,
                  "Actual Startup Time": 224.382,
                  "Actual Total Time": 1088.837,
                  "Actual Rows": 159337,
                  "Actual Loops": 7,
                  "Inner Unique": true,
                  "Hash Cond": "(ci.movie_id = t.id)",
                  "Plans": [
                    {
                      "Node Type": "Seq Scan",
                      "Parent Relationship": "Outer",
                      "Parallel Aware": true,
                      "Relation Name": "cast_info",
                      "Alias": "ci",
                      "Startup Cost": 0.0,
                      "Total Cost": 343316.27,
                      "Plan Rows": 3188302,
                      "Plan Width": 4,
                      "Actual Startup Time": 138.854,
                      "Actual Total Time": 689.127,
                      "Actual Rows": 2534087,
                      "Actual Loops": 7,
                      "Filter": "((person_id > 1116046) AND (role_id < 6))",
                      "Rows Removed by Filter": 2643677
                    },
                    {
                      "Node Type": "Hash",
                      "Parent Relationship": "Inner",
                      "Parallel Aware": true,
                      "Startup Cost": 43899.32,
                      "Total Cost": 43899.32,
                      "Plan Rows": 35588,
                      "Plan Width": 4,
                      "Actual Startup Time": 84.07,
                      "Actual Total Time": 84.072,
                      "Actual Rows": 20243,
                      "Actual Loops": 7,
                      "Hash Buckets": 262144,
                      "Original Hash Buckets": 262144,
                      "Hash Batches": 1,
                      "Original Hash Batches": 1,
                      "Peak Memory Usage": 7680,
                      "Plans": [
                        {
                          "Node Type": "Seq Scan",
                          "Parent Relationship": "Outer",
                          "Parallel Aware": true,
                          "Relation Name": "title",
                          "Alias": "t",
                          "Startup Cost": 0.0,
                          "Total Cost": 43899.32,
                          "Plan Rows": 35588,
                          "Plan Width": 4,
                          "Actual Startup Time": 0.047,
                          "Actual Total Time": 74.175,
                          "Actual Rows": 20243,
                          "Actual Loops": 7,
                          "Filter": "(production_year = 2010)",
                          "Rows Removed by Filter": 340944
                        }
                      ]
                    }
                  ]
                }
              ]
            }
          ]
        }
      ]
    },
    "Planning Time": 0.287,
    "Triggers": [],
    "Execution Time": 1159.151
  }
]