[
  {
    "Plan": {
      "Node Type": "Aggregate",
      "Strategy": "Plain",
      "Partial Mode": "Finalize",
      "Parallel Aware": false,
      "Startup Cost": 267387.59,
      "Total Cost": 267387.6,
      "Plan Rows": 1,
      "Plan Width": 8,
      "Actual Startup Time": 555.315,
      "Actual Total Time": 573.286,
      "Actual Rows": 1,
      "Actual Loops": 1,
      "Plans": [
        {
          "Node Type": "Gather",
          "Parent Relationship": "Outer",
          "Parallel Aware": false,
          "Startup Cost": 267387.28,
          "Total Cost": 267387.59,
          "Plan Rows": 3,
          "Plan Width": 8,
          "Actual Startup Time": 551.594,
          "Actual Total Time": 573.277,
          "Actual Rows": 4,
          "Actual Loops": 1,
          "Workers Planned": 3,
          "Workers Launched": 3,
          "Single Copy": false,
          "Plans": [
            {
              "Node Type": "Aggregate",
              "Strategy": "Plain",
              "Partial Mode": "Partial",
              "Parent Relationship": "Outer",
              "Parallel Aware": false,
              "Startup Cost": 266387.28,
              "Total Cost": 266387.29,
              "Plan Rows": 1,
              "Plan Width": 8,
              "Actual Startup Time": 546.879,
              "Actual Total Time": 546.885,
              "Actual Rows": 1,
              "Actual Loops": 4,
              "Plans": [
                {
                  "Node Type": "Hash Join",
                  "Parent Relationship": "Outer",
                  "Parallel Aware": true,
                  "Join Type": "Inner",
                  "Startup Cost": 235665.15,
                  "Total Cost": 266187.62,
                  "Plan Rows": 79862,
                  "Plan Width": 0,
                  "Actual Startup Time": 359.698,
                  "Actual Total Time": 537.999,
                  "Actual Rows": 195588,
                  "Actual Loops": 4,
                  "Inner Unique": false,
                  "Hash Cond": "(mc.movie_id = t.id)",
                  "Plans": [
                    {
                      "Node Type": "Seq Scan",
                      "Parent Relationship": "Outer",
                      "Parallel Aware": true,
                      "Relation Name": "movie_companies",
                      "Alias": "mc",
                      "Startup Cost": 0.0,
                      "Total Cost": 27206.55,
                      "Plan Rows": 841655,
                      "Plan Width": 4,
                      "Actual Startup Time": 0.012,
                      "Actual Total Time": 63.663,
                      "Actual Rows": 652282,
                      "Actual Loops": 4
                    },
                    {
                      "Node Type": "Hash",
                      "Parent Relationship": "Inner",
                      "Parallel Aware": true,
                      "Startup Cost": 235065.36,
                      "Total Cost": 235065.36,
                      "Plan Rows": 47983,
                      "Plan Width": 8,
                      "Actual Startup Time": 358.086,
                      "Actual Total Time": 358.091,
                      "Actual Rows": 88802,
                      "Actual Loops": 4,
                      "Hash Buckets": 524288,
                      "Original Hash Buckets": 262144,
                      "Hash Batches": 1,
                      "Original Hash Batches": 1,
                      "Peak Memory Usage": 20128,
                      "Plans": [
                        {
                          "Node Type": "Hash Join",
                          "Parent Relationship": "Outer",
                          "Parallel Aware": true,
                          "Join Type": "Inner",
                          "Startup Cost": 69096.38,
                          "Total Cost": 235065.36,
                          "Plan Rows": 47983,
                          "Plan Width": 8,
                          "Actual Startup Time": 185.804,
                          "Actual Total Time": 319.298,
                          "Actual Rows": 88802,
                          "Actual Loops": 4,
                          "Inner Unique": true,
                          "Hash Cond": "(mi.movie_id = t.id)",
                          "Plans": [
                            {
                              "Node Type": "Bitmap Heap Scan",
                              "Parent Relationship": "Outer",
                              "Parallel Aware": true,
                              "Relation Name": "movie_info",
                              "Alias": "mi",
                              "Startup Cost": 23754.83,
                              "Total Cost": 189033.77,
                              "Plan Rows": 262875,
                              "Plan Width": 4,
                              "Actual Startup Time": 43.278,
                              "Actual Total Time": 84.42,
                              "Actual Rows": 322232,
                              "Actual Loops": 4,
                              "Recheck Cond": "(info_type_id = 2)",
                              "Rows Removed by Index Recheck": 0,
                              "Exact Heap Blocks": 1802,
                              "Lossy Heap Blocks": 0,
                              "Plans": [
                                {
                                  "Node Type": "Bitmap Index Scan",
                                  "Parent Relationship": "Outer",
                                  "Parallel Aware": false,
                                  "Index Name": "info_type_id_movie_info",
                                  "Startup Cost": 0.0,
                                  "Total Cost": 23426.24,
                                  "Plan Rows": 1314374,
                                  "Plan Width": 0,
                                  "Actual Startup Time": 41.846,
                                  "Actual Total Time": 41.847,
                                  "Actual Rows": 1288928,
                                  "Actual Loops": 1,
                                  "Index Cond": "(info_type_id = 2)"
                                }
                              ]
                            },
                            {
                              "Node Type": "Hash",
                              "Parent Relationship": "Inner",
                              "Parallel Aware": true,
                              "Startup Cost": 43899.32,
                              "Total Cost": 43899.32,
                              "Plan Rows": 115378,
                              "Plan Width": 4,
                              "Actual Startup Time": 140.525,
                              "Actual Total Time": 140.526,
                              "Actual Rows": 119900,
                              "Actual Loops": 4,
                              "Hash Buckets": 524288,
                              "Original Hash Buckets": 524288,
                              "Hash Batches": 1,
                              "Original Hash Batches": 1,
                              "Peak Memory Usage": 22912,
                              "Plans": [
                                {
                                  "Node Type": "Seq Scan",
                                  "Parent Relationship": "Outer",
                                  "Parallel Aware": true,
                                  "Relation Name": "title",
                                  "Alias": "t",
                                  "Startup Cost": 0.0,
                                  "Total Cost": 43899.32,
                                  "Plan Rows": 115378,
                                  "Plan Width": 4,
                                  "Actual Startup Time": 0.027,
                                  "Actual Total Time": 96.584,
                                  "Actual Rows": 119900,
                                  "Actual Loops": 4,
                                  "Filter": "(production_year < 1978)",
                                  "Rows Removed by Filter": 512178
                                }
                              ]
                            }
                          ]
                        }
                      ]
                    }
                  ]
                }
              ]
            }
          ]
        }
      ]
    },
    "Planning Time": 0.733,
    "Triggers": [],
    "Execution Time": 573.348
  }
]