{
  "Plan": {
    "Node Type": "Aggregate",
    "Strategy": "Plain",
    "Partial Mode": "Finalize",
    "Parallel Aware": false,
    "Startup Cost": 184162.32,
    "Total Cost": 184162.33,
    "Plan Rows": 1,
    "Plan Width": 8,
    "Actual Startup Time": 603.989,
    "Actual Total Time": 620.315,
    "Actual Rows": 1,
    "Actual Loops": 1,
    "Plans": [
      {
        "Node Type": "Gather",
        "Parent Relationship": "Outer",
        "Parallel Aware": false,
        "Startup Cost": 184162.21,
        "Total Cost": 184162.32,
        "Plan Rows": 1,
        "Plan Width": 8,
        "Actual Startup Time": 600.393,
        "Actual Total Time": 620.306,
        "Actual Rows": 2,
        "Actual Loops": 1,
        "Workers Planned": 1,
        "Workers Launched": 1,
        "Single Copy": false,
        "Plans": [
          {
            "Node Type": "Aggregate",
            "Strategy": "Plain",
            "Partial Mode": "Partial",
            "Parent Relationship": "Outer",
            "Parallel Aware": false,
            "Startup Cost": 183162.21,
            "Total Cost": 183162.22,
            "Plan Rows": 1,
            "Plan Width": 8,
            "Actual Startup Time": 594.953,
            "Actual Total Time": 594.956,
            "Actual Rows": 1,
            "Actual Loops": 2,
            "Plans": [
              {
                "Node Type": "Nested Loop",
                "Parent Relationship": "Outer",
                "Parallel Aware": false,
                "Join Type": "Inner",
                "Startup Cost": 144763.9,
                "Total Cost": 183123.63,
                "Plan Rows": 15431,
                "Plan Width": 0,
                "Actual Startup Time": 358.055,
                "Actual Total Time": 591.415,
                "Actual Rows": 60872,
                "Actual Loops": 2,
                "Inner Unique": false,
                "Join Filter": "(t.id = mc.movie_id)",
                "Rows Removed by Join Filter": 0,
                "Plans": [
                  {
                    "Node Type": "Merge Join",
                    "Parent Relationship": "Outer",
                    "Parallel Aware": false,
                    "Join Type": "Inner",
                    "Startup Cost": 144763.47,
                    "Total Cost": 148677.2,
                    "Plan Rows": 43023,
                    "Plan Width": 8,
                    "Actual Startup Time": 358.005,
                    "Actual Total Time": 445.575,
                    "Actual Rows": 45867,
                    "Actual Loops": 2,
                    "Inner Unique": false,
                    "Merge Cond": "(t.id = mi_idx.movie_id)",
                    "Plans": [
                      {
                        "Node Type": "Sort",
                        "Parent Relationship": "Outer",
                        "Parallel Aware": false,
                        "Startup Cost": 79364.24,
                        "Total Cost": 79954.15,
                        "Plan Rows": 235965,
                        "Plan Width": 4,
                        "Actual Startup Time": 188.479,
                        "Actual Total Time": 211.798,
                        "Actual Rows": 167870,
                        "Actual Loops": 2,
                        "Sort Key": [
                          "t.id"
                        ],
                        "Sort Method": "quicksort",
                        "Sort Space Used": 14895,
                        "Sort Space Type": "Memory",
                        "Workers": [
                          {
                            "Worker Number": 0,
                            "Sort Method": "quicksort",
                            "Sort Space Used": 13143,
                            "Sort Space Type": "Memory"
                          }
                        ],
                        "Plans": [
                          {
                            "Node Type": "Seq Scan",
                            "Parent Relationship": "Outer",
                            "Parallel Aware": true,
                            "Relation Name": "title",
                            "Alias": "t",
                            "Startup Cost": 0.0,
                            "Total Cost": 58306.47,
                            "Plan Rows": 235965,
                            "Plan Width": 4,
                            "Actual Startup Time": 0.076,
                            "Actual Total Time": 151.232,
                            "Actual Rows": 167996,
                            "Actual Loops": 2,
                            "Filter": "((kind_id < 7) AND (production_year > 2005))",
                            "Rows Removed by Filter": 1096160
                          }
                        ]
                      },
                      {
                        "Node Type": "Sort",
                        "Parent Relationship": "Inner",
                        "Parallel Aware": false,
                        "Startup Cost": 65399.21,
                        "Total Cost": 66551.66,
                        "Plan Rows": 460978,
                        "Plan Width": 4,
                        "Actual Startup Time": 169.513,
                        "Actual Total Time": 188.619,
                        "Actual Rows": 460185,
                        "Actual Loops": 2,
                        "Sort Key": [
                          "mi_idx.movie_id"
                        ],
                        "Sort Method": "quicksort",
                        "Sort Space Used": 33860,
                        "Sort Space Type": "Memory",
                        "Workers": [
                          {
                            "Worker Number": 0,
                            "Sort Method": "quicksort",
                            "Sort Space Used": 33860,
                            "Sort Space Type": "Memory"
                          }
                        ],
                        "Plans": [
                          {
                            "Node Type": "Bitmap Heap Scan",
                            "Parent Relationship": "Outer",
                            "Parallel Aware": false,
                            "Relation Name": "movie_info_idx",
                            "Alias": "mi_idx",
                            "Startup Cost": 8337.01,
                            "Total Cost": 22034.23,
                            "Plan Rows": 460978,
                            "Plan Width": 4,
                            "Actual Startup Time": 18.31,
                            "Actual Total Time": 77.208,
                            "Actual Rows": 460185,
                            "Actual Loops": 2,
                            "Recheck Cond": "(info_type_id > 100)",
                            "Rows Removed by Index Recheck": 0,
                            "Exact Heap Blocks": 7935,
                            "Lossy Heap Blocks": 0,
                            "Plans": [
                              {
                                "Node Type": "Bitmap Index Scan",
                                "Parent Relationship": "Outer",
                                "Parallel Aware": false,
                                "Index Name": "info_type_id_movie_info_idx",
                                "Startup Cost": 0.0,
                                "Total Cost": 8221.76,
                                "Plan Rows": 460978,
                                "Plan Width": 0,
                                "Actual Startup Time": 17.378,
                                "Actual Total Time": 17.379,
                                "Actual Rows": 460185,
                                "Actual Loops": 2,
                                "Index Cond": "(info_type_id > 100)"
                              }
                            ]
                          }
                        ]
                      }
                    ]
                  },
                  {
                    "Node Type": "Index Scan",
                    "Parent Relationship": "Inner",
                    "Parallel Aware": false,
                    "Scan Direction": "Forward",
                    "Index Name": "movie_id_movie_companies",
                    "Relation Name": "movie_companies",
                    "Alias": "mc",
                    "Startup Cost": 0.43,
                    "Total Cost": 0.78,
                    "Plan Rows": 2,
                    "Plan Width": 4,
                    "Actual Startup Time": 0.003,
                    "Actual Total Time": 0.003,
                    "Actual Rows": 1,
                    "Actual Loops": 91734,
                    "Index Cond": "(movie_id = mi_idx.movie_id)",
                    "Rows Removed by Index Recheck": 0,
                    "Filter": "(company_id > 20255)",
                    "Rows Removed by Filter": 2
                  }
                ]
              }
            ]
          }
        ]
      }
    ]
  },
  "Planning Time": 1.068,
  "Triggers": [],
  "Execution Time": 623.83
}