[
  {
    "Plan": {
      "Node Type": "Aggregate",
      "Strategy": "Plain",
      "Partial Mode": "Finalize",
      "Parallel Aware": false,
      "Startup Cost": 624297.02,
      "Total Cost": 624297.03,
      "Plan Rows": 1,
      "Plan Width": 8,
      "Actual Startup Time": 7597.834,
      "Actual Total Time": 7681.788,
      "Actual Rows": 1,
      "Actual Loops": 1,
      "Plans": [
        {
          "Node Type": "Gather",
          "Parent Relationship": "Outer",
          "Parallel Aware": false,
          "Startup Cost": 624296.5,
          "Total Cost": 624297.01,
          "Plan Rows": 5,
          "Plan Width": 8,
          "Actual Startup Time": 7567.928,
          "Actual Total Time": 7681.753,
          "Actual Rows": 6,
          "Actual Loops": 1,
          "Workers Planned": 5,
          "Workers Launched": 5,
          "Single Copy": false,
          "Plans": [
            {
              "Node Type": "Aggregate",
              "Strategy": "Plain",
              "Partial Mode": "Partial",
              "Parent Relationship": "Outer",
              "Parallel Aware": false,
              "Startup Cost": 623296.5,
              "Total Cost": 623296.51,
              "Plan Rows": 1,
              "Plan Width": 8,
              "Actual Startup Time": 7540.066,
              "Actual Total Time": 7541.326,
              "Actual Rows": 1,
              "Actual Loops": 6,
              "Plans": [
                {
                  "Node Type": "Hash Join",
                  "Parent Relationship": "Outer",
                  "Parallel Aware": true,
                  "Join Type": "Inner",
                  "Startup Cost": 394339.58,
                  "Total Cost": 607614.21,
                  "Plan Rows": 6272917,
                  "Plan Width": 0,
                  "Actual Startup Time": 2414.839,
                  "Actual Total Time": 6517.93,
                  "Actual Rows": 24079920,
                  "Actual Loops": 6,
                  "Inner Unique": false,
                  "Hash Cond": "(mi.movie_id = t.id)",
                  "Plans": [
                    {
                      "Node Type": "Seq Scan",
                      "Parent Relationship": "Outer",
                      "Parallel Aware": true,
                      "Relation Name": "movie_info",
                      "Alias": "mi",
                      "Startup Cost": 0.0,
                      "Total Cost": 191685.19,
                      "Plan Rows": 2969219,
                      "Plan Width": 4,
                      "Actual Startup Time": 0.026,
                      "Actual Total Time": 299.696,
                      "Actual Rows": 2472620,
                      "Actual Loops": 6
                    },
                    {
                      "Node Type": "Hash",
                      "Parent Relationship": "Inner",
                      "Parallel Aware": true,
                      "Startup Cost": 383211.11,
                      "Total Cost": 383211.11,
                      "Plan Rows": 890278,
                      "Plan Width": 8,
                      "Actual Startup Time": 2398.342,
                      "Actual Total Time": 2399.6,
                      "Actual Rows": 908851,
                      "Actual Loops": 6,
                      "Hash Buckets": 8388608,
                      "Original Hash Buckets": 8388608,
                      "Hash Batches": 1,
                      "Original Hash Batches": 1,
                      "Peak Memory Usage": 278976,
                      "Plans": [
                        {
                          "Node Type": "Hash Join",
                          "Parent Relationship": "Outer",
                          "Parallel Aware": true,
                          "Join Type": "Inner",
                          "Startup Cost": 48191.99,
                          "Total Cost": 383211.11,
                          "Plan Rows": 890278,
                          "Plan Width": 8,
                          "Actual Startup Time": 446.573,
                          "Actual Total Time": 1896.052,
                          "Actual Rows": 908851,
                          "Actual Loops": 6,
                          "Inner Unique": true,
                          "Hash Cond": "(ci.movie_id = t.id)",
                          "Plans": [
                            {
                              "Node Type": "Seq Scan",
                              "Parent Relationship": "Outer",
                              "Parallel Aware": true,
                              "Relation Name": "cast_info",
                              "Alias": "ci",
                              "Startup Cost": 0.0,
                              "Total Cost": 328211.39,
                              "Plan Rows": 2593416,
                              "Plan Width": 4,
                              "Actual Startup Time": 270.639,
                              "Actual Total Time": 775.322,
                              "Actual Rows": 2544093,
                              "Actual Loops": 6,
                              "Filter": "(person_id > 2115818)",
                              "Rows Removed by Filter": 3496631
                            },
                            {
                              "Node Type": "Hash",
                              "Parent Relationship": "Inner",
                              "Parallel Aware": true,
                              "Startup Cost": 45479.59,
                              "Total Cost": 45479.59,
                              "Plan Rows": 216992,
                              "Plan Width": 4,
                              "Actual Startup Time": 174.198,
                              "Actual Total Time": 174.199,
                              "Actual Rows": 149465,
                              "Actual Loops": 6,
                              "Hash Buckets": 1048576,
                              "Original Hash Buckets": 1048576,
                              "Hash Batches": 1,
                              "Original Hash Batches": 1,
                              "Peak Memory Usage": 43360,
                              "Plans": [
                                {
                                  "Node Type": "Seq Scan",
                                  "Parent Relationship": "Outer",
                                  "Parallel Aware": true,
                                  "Relation Name": "title",
                                  "Alias": "t",
                                  "Startup Cost": 0.0,
                                  "Total Cost": 45479.59,
                                  "Plan Rows": 216992,
                                  "Plan Width": 4,
                                  "Actual Startup Time": 0.073,
                                  "Actual Total Time": 100.031,
                                  "Actual Rows": 149465,
                                  "Actual Loops": 6,
                                  "Filter": "((kind_id < 7) AND (production_year < 2012))",
                                  "Rows Removed by Filter": 271921
                                }
                              ]
                            }
                          ]
                        }
                      ]
                    }
                  ]
                }
              ]
            }
          ]
        }
      ]
    },
    "Planning Time": 0.594,
    "Triggers": [],
    "Execution Time": 7681.85
  }
]