[
    {
        "Bao": {
            "Bao prediction": 641.618,
            "Bao recommended hint": "(no hint)"
        }
    },
    {
        "Plan": {
            "Node Type": "Aggregate",
            "Strategy": "Plain",
            "Partial Mode": "Finalize",
            "Parallel Aware": false,
            "Startup Cost": 30762.48,
            "Total Cost": 30762.49,
            "Plan Rows": 1,
            "Plan Width": 8,
            "Actual Startup Time": 95.575,
            "Actual Total Time": 100.583,
            "Actual Rows": 1,
            "Actual Loops": 1,
            "Output": [
                "count(*)"
            ],
            "Plans": [
                {
                    "Node Type": "Gather",
                    "Parent Relationship": "Outer",
                    "Parallel Aware": false,
                    "Startup Cost": 30762.16,
                    "Total Cost": 30762.47,
                    "Plan Rows": 3,
                    "Plan Width": 8,
                    "Actual Startup Time": 95.331,
                    "Actual Total Time": 100.575,
                    "Actual Rows": 4,
                    "Actual Loops": 1,
                    "Output": [
                        "(PARTIAL count(*))"
                    ],
                    "Workers Planned": 3,
                    "Workers Launched": 3,
                    "Single Copy": false,
                    "Plans": [
                        {
                            "Node Type": "Aggregate",
                            "Strategy": "Plain",
                            "Partial Mode": "Partial",
                            "Parent Relationship": "Outer",
                            "Parallel Aware": false,
                            "Startup Cost": 29762.16,
                            "Total Cost": 29762.17,
                            "Plan Rows": 1,
                            "Plan Width": 8,
                            "Actual Startup Time": 87.32,
                            "Actual Total Time": 87.321,
                            "Actual Rows": 1,
                            "Actual Loops": 4,
                            "Output": [
                                "PARTIAL count(*)"
                            ],
                            "Workers": [
                                {
                                    "Worker Number": 0,
                                    "Actual Startup Time": 84.746,
                                    "Actual Total Time": 84.747,
                                    "Actual Rows": 1,
                                    "Actual Loops": 1
                                },
                                {
                                    "Worker Number": 1,
                                    "Actual Startup Time": 84.84,
                                    "Actual Total Time": 84.842,
                                    "Actual Rows": 1,
                                    "Actual Loops": 1
                                },
                                {
                                    "Worker Number": 2,
                                    "Actual Startup Time": 84.979,
                                    "Actual Total Time": 84.981,
                                    "Actual Rows": 1,
                                    "Actual Loops": 1
                                }
                            ],
                            "Plans": [
                                {
                                    "Node Type": "Bitmap Heap Scan",
                                    "Parent Relationship": "Outer",
                                    "Parallel Aware": true,
                                    "Relation Name": "movie_keyword",
                                    "Schema": "public",
                                    "Alias": "mk",
                                    "Startup Cost": 4322.74,
                                    "Total Cost": 29597.92,
                                    "Plan Rows": 65695,
                                    "Plan Width": 0,
                                    "Actual Startup Time": 29.363,
                                    "Actual Total Time": 83.603,
                                    "Actual Rows": 50518,
                                    "Actual Loops": 4,
                                    "Recheck Cond": "(mk.keyword_id > 68122)",
                                    "Rows Removed by Index Recheck": 0,
                                    "Exact Heap Blocks": 11056,
                                    "Lossy Heap Blocks": 0,
                                    "Workers": [
                                        {
                                            "Worker Number": 0,
                                            "Actual Startup Time": 26.814,
                                            "Actual Total Time": 81.41,
                                            "Actual Rows": 30048,
                                            "Actual Loops": 1
                                        },
                                        {
                                            "Worker Number": 1,
                                            "Actual Startup Time": 26.93,
                                            "Actual Total Time": 81.446,
                                            "Actual Rows": 31334,
                                            "Actual Loops": 1
                                        },
                                        {
                                            "Worker Number": 2,
                                            "Actual Startup Time": 27.165,
                                            "Actual Total Time": 81.597,
                                            "Actual Rows": 30517,
                                            "Actual Loops": 1
                                        }
                                    ],
                                    "Plans": [
                                        {
                                            "Node Type": "Bitmap Index Scan",
                                            "Parent Relationship": "Outer",
                                            "Parallel Aware": false,
                                            "Index Name": "keyword_id_movie_keyword",
                                            "Startup Cost": 0.0,
                                            "Total Cost": 4271.83,
                                            "Plan Rows": 203653,
                                            "Plan Width": 0,
                                            "Actual Startup Time": 32.047,
                                            "Actual Total Time": 32.048,
                                            "Actual Rows": 202073,
                                            "Actual Loops": 1,
                                            "Index Cond": "(mk.keyword_id > 68122)"
                                        }
                                    ]
                                }
                            ]
                        }
                    ]
                }
            ]
        },
        "Planning Time": 1131.983,
        "Triggers": [],
        "Execution Time": 100.708
    }
]