[
  {
    "Plan": {
      "Node Type": "Aggregate",
      "Strategy": "Plain",
      "Partial Mode": "Finalize",
      "Parallel Aware": false,
      "Startup Cost": 33313.74,
      "Total Cost": 33313.75,
      "Plan Rows": 1,
      "Plan Width": 8,
      "Actual Startup Time": 99.285,
      "Actual Total Time": 106.871,
      "Actual Rows": 1,
      "Actual Loops": 1,
      "Plans": [
        {
          "Node Type": "Gather",
          "Parent Relationship": "Outer",
          "Parallel Aware": false,
          "Startup Cost": 33313.42,
          "Total Cost": 33313.73,
          "Plan Rows": 3,
          "Plan Width": 8,
          "Actual Startup Time": 99.099,
          "Actual Total Time": 106.86,
          "Actual Rows": 4,
          "Actual Loops": 1,
          "Workers Planned": 3,
          "Workers Launched": 3,
          "Single Copy": false,
          "Plans": [
            {
              "Node Type": "Aggregate",
              "Strategy": "Plain",
              "Partial Mode": "Partial",
              "Parent Relationship": "Outer",
              "Parallel Aware": false,
              "Startup Cost": 32313.42,
              "Total Cost": 32313.43,
              "Plan Rows": 1,
              "Plan Width": 8,
              "Actual Startup Time": 93.62,
              "Actual Total Time": 93.622,
              "Actual Rows": 1,
              "Actual Loops": 4,
              "Plans": [
                {
                  "Node Type": "Seq Scan",
                  "Parent Relationship": "Outer",
                  "Parallel Aware": true,
                  "Relation Name": "movie_companies",
                  "Alias": "mc",
                  "Startup Cost": 0.0,
                  "Total Cost": 31414.82,
                  "Plan Rows": 359442,
                  "Plan Width": 0,
                  "Actual Startup Time": 44.724,
                  "Actual Total Time": 83.054,
                  "Actual Rows": 226952,
                  "Actual Loops": 4,
                  "Filter": "((company_id < 79509) AND (company_type_id > 1))",
                  "Rows Removed by Filter": 425330
                }
              ]
            }
          ]
        }
      ]
    },
    "Planning Time": 0.229,
    "Triggers": [],
    "Execution Time": 106.928
  }
]