[
  {
    "Plan": {
      "Node Type": "Aggregate",
      "Strategy": "Plain",
      "Partial Mode": "Finalize",
      "Parallel Aware": false,
      "Startup Cost": 79545.52,
      "Total Cost": 79545.53,
      "Plan Rows": 1,
      "Plan Width": 8,
      "Actual Startup Time": 406.279,
      "Actual Total Time": 426.586,
      "Actual Rows": 1,
      "Actual Loops": 1,
      "Plans": [
        {
          "Node Type": "Gather",
          "Parent Relationship": "Outer",
          "Parallel Aware": false,
          "Startup Cost": 79545.21,
          "Total Cost": 79545.52,
          "Plan Rows": 3,
          "Plan Width": 8,
          "Actual Startup Time": 403.74,
          "Actual Total Time": 426.573,
          "Actual Rows": 4,
          "Actual Loops": 1,
          "Workers Planned": 3,
          "Workers Launched": 3,
          "Single Copy": false,
          "Plans": [
            {
              "Node Type": "Aggregate",
              "Strategy": "Plain",
              "Partial Mode": "Partial",
              "Parent Relationship": "Outer",
              "Parallel Aware": false,
              "Startup Cost": 78545.21,
              "Total Cost": 78545.22,
              "Plan Rows": 1,
              "Plan Width": 8,
              "Actual Startup Time": 394.847,
              "Actual Total Time": 394.851,
              "Actual Rows": 1,
              "Actual Loops": 4,
              "Plans": [
                {
                  "Node Type": "Hash Join",
                  "Parent Relationship": "Outer",
                  "Parallel Aware": true,
                  "Join Type": "Inner",
                  "Startup Cost": 47425.34,
                  "Total Cost": 78201.51,
                  "Plan Rows": 137480,
                  "Plan Width": 0,
                  "Actual Startup Time": 199.091,
                  "Actual Total Time": 381.888,
                  "Actual Rows": 264733,
                  "Actual Loops": 4,
                  "Inner Unique": true,
                  "Hash Cond": "(mc.movie_id = t.id)",
                  "Plans": [
                    {
                      "Node Type": "Seq Scan",
                      "Parent Relationship": "Outer",
                      "Parallel Aware": true,
                      "Relation Name": "movie_companies",
                      "Alias": "mc",
                      "Startup Cost": 0.0,
                      "Total Cost": 29310.68,
                      "Plan Rows": 558281,
                      "Plan Width": 4,
                      "Actual Startup Time": 1.078,
                      "Actual Total Time": 81.293,
                      "Actual Rows": 432318,
                      "Actual Loops": 4,
                      "Filter": "(company_id > 2609)",
                      "Rows Removed by Filter": 219965
                    },
                    {
                      "Node Type": "Hash",
                      "Parent Relationship": "Inner",
                      "Parallel Aware": true,
                      "Startup Cost": 45479.59,
                      "Total Cost": 45479.59,
                      "Plan Rows": 155660,
                      "Plan Width": 4,
                      "Actual Startup Time": 177.784,
                      "Actual Total Time": 177.785,
                      "Actual Rows": 158572,
                      "Actual Loops": 4,
                      "Hash Buckets": 1048576,
                      "Original Hash Buckets": 1048576,
                      "Hash Batches": 1,
                      "Original Hash Batches": 1,
                      "Peak Memory Usage": 33056,
                      "Plans": [
                        {
                          "Node Type": "Seq Scan",
                          "Parent Relationship": "Outer",
                          "Parallel Aware": true,
                          "Relation Name": "title",
                          "Alias": "t",
                          "Startup Cost": 0.0,
                          "Total Cost": 45479.59,
                          "Plan Rows": 155660,
                          "Plan Width": 4,
                          "Actual Startup Time": 52.015,
                          "Actual Total Time": 115.682,
                          "Actual Rows": 158572,
                          "Actual Loops": 4,
                          "Filter": "((production_year < 2013) AND (kind_id = 1))",
                          "Rows Removed by Filter": 473506
                        }
                      ]
                    }
                  ]
                }
              ]
            }
          ]
        }
      ]
    },
    "Planning Time": 0.684,
    "Triggers": [],
    "Execution Time": 426.659
  }
]