{
  "Plan": {
    "Node Type": "Aggregate",
    "Strategy": "Plain",
    "Partial Mode": "Finalize",
    "Parallel Aware": false,
    "Startup Cost": 322359.04,
    "Total Cost": 322359.05,
    "Plan Rows": 1,
    "Plan Width": 8,
    "Actual Startup Time": 906.718,
    "Actual Total Time": 920.159,
    "Actual Rows": 1,
    "Actual Loops": 1,
    "Plans": [
      {
        "Node Type": "Gather",
        "Parent Relationship": "Outer",
        "Parallel Aware": false,
        "Startup Cost": 322358.93,
        "Total Cost": 322359.04,
        "Plan Rows": 1,
        "Plan Width": 8,
        "Actual Startup Time": 903.896,
        "Actual Total Time": 920.152,
        "Actual Rows": 2,
        "Actual Loops": 1,
        "Workers Planned": 1,
        "Workers Launched": 1,
        "Single Copy": false,
        "Plans": [
          {
            "Node Type": "Aggregate",
            "Strategy": "Plain",
            "Partial Mode": "Partial",
            "Parent Relationship": "Outer",
            "Parallel Aware": false,
            "Startup Cost": 321358.93,
            "Total Cost": 321358.94,
            "Plan Rows": 1,
            "Plan Width": 8,
            "Actual Startup Time": 897.977,
            "Actual Total Time": 897.981,
            "Actual Rows": 1,
            "Actual Loops": 2,
            "Plans": [
              {
                "Node Type": "Merge Join",
                "Parent Relationship": "Outer",
                "Parallel Aware": false,
                "Join Type": "Inner",
                "Startup Cost": 145667.67,
                "Total Cost": 320609.74,
                "Plan Rows": 299675,
                "Plan Width": 0,
                "Actual Startup Time": 769.148,
                "Actual Total Time": 888.478,
                "Actual Rows": 219765,
                "Actual Loops": 2,
                "Inner Unique": false,
                "Merge Cond": "(mk.movie_id = t.id)",
                "Plans": [
                  {
                    "Node Type": "Index Scan",
                    "Parent Relationship": "Outer",
                    "Parallel Aware": true,
                    "Scan Direction": "Forward",
                    "Index Name": "movie_id_movie_keyword",
                    "Relation Name": "movie_keyword",
                    "Alias": "mk",
                    "Startup Cost": 0.43,
                    "Total Cost": 165212.95,
                    "Plan Rows": 1893894,
                    "Plan Width": 4,
                    "Actual Startup Time": 0.789,
                    "Actual Total Time": 63.422,
                    "Actual Rows": 292396,
                    "Actual Loops": 2,
                    "Filter": "(keyword_id > 1725)",
                    "Rows Removed by Filter": 121885
                  },
                  {
                    "Node Type": "Sort",
                    "Parent Relationship": "Inner",
                    "Parallel Aware": false,
                    "Startup Cost": 145667.02,
                    "Total Cost": 146667.16,
                    "Plan Rows": 400058,
                    "Plan Width": 8,
                    "Actual Startup Time": 768.184,
                    "Actual Total Time": 781.518,
                    "Actual Rows": 384310,
                    "Actual Loops": 2,
                    "Sort Key": [
                      "mi_idx.movie_id"
                    ],
                    "Sort Method": "quicksort",
                    "Sort Space Used": 15002,
                    "Sort Space Type": "Memory",
                    "Workers": [
                      {
                        "Worker Number": 0,
                        "Sort Method": "quicksort",
                        "Sort Space Used": 15002,
                        "Sort Space Type": "Memory"
                      }
                    ],
                    "Plans": [
                      {
                        "Node Type": "Hash Join",
                        "Parent Relationship": "Outer",
                        "Parallel Aware": false,
                        "Join Type": "Inner",
                        "Startup Cost": 83083.97,
                        "Total Cost": 108441.92,
                        "Plan Rows": 400058,
                        "Plan Width": 8,
                        "Actual Startup Time": 440.093,
                        "Actual Total Time": 734.721,
                        "Actual Rows": 188967,
                        "Actual Loops": 2,
                        "Inner Unique": true,
                        "Hash Cond": "(mi_idx.movie_id = t.id)",
                        "Plans": [
                          {
                            "Node Type": "Seq Scan",
                            "Parent Relationship": "Outer",
                            "Parallel Aware": false,
                            "Relation Name": "movie_info_idx",
                            "Alias": "mi_idx",
                            "Startup Cost": 0.0,
                            "Total Cost": 21735.35,
                            "Plan Rows": 1380035,
                            "Plan Width": 4,
                            "Actual Startup Time": 0.052,
                            "Actual Total Time": 88.568,
                            "Actual Rows": 1380035,
                            "Actual Loops": 2
                          },
                          {
                            "Node Type": "Hash",
                            "Parent Relationship": "Inner",
                            "Parallel Aware": false,
                            "Startup Cost": 73922.39,
                            "Total Cost": 73922.39,
                            "Plan Rows": 732926,
                            "Plan Width": 4,
                            "Actual Startup Time": 433.96,
                            "Actual Total Time": 433.961,
                            "Actual Rows": 796159,
                            "Actual Loops": 2,
                            "Hash Buckets": 1048576,
                            "Original Hash Buckets": 1048576,
                            "Hash Batches": 1,
                            "Original Hash Batches": 1,
                            "Peak Memory Usage": 36182,
                            "Plans": [
                              {
                                "Node Type": "Seq Scan",
                                "Parent Relationship": "Outer",
                                "Parallel Aware": false,
                                "Relation Name": "title",
                                "Alias": "t",
                                "Startup Cost": 0.0,
                                "Total Cost": 73922.39,
                                "Plan Rows": 732926,
                                "Plan Width": 4,
                                "Actual Startup Time": 0.045,
                                "Actual Total Time": 272.607,
                                "Actual Rows": 796159,
                                "Actual Loops": 2,
                                "Filter": "((production_year > 2003) AND (kind_id = 7))",
                                "Rows Removed by Filter": 1732153
                              }
                            ]
                          }
                        ]
                      }
                    ]
                  }
                ]
              }
            ]
          }
        ]
      }
    ]
  },
  "Planning Time": 1.066,
  "Triggers": [],
  "Execution Time": 920.532
}