[
  {
    "Plan": {
      "Node Type": "Aggregate",
      "Strategy": "Plain",
      "Partial Mode": "Finalize",
      "Parallel Aware": false,
      "Startup Cost": 289257.42,
      "Total Cost": 289257.43,
      "Plan Rows": 1,
      "Plan Width": 8,
      "Actual Startup Time": 153.226,
      "Actual Total Time": 162.32,
      "Actual Rows": 1,
      "Actual Loops": 1,
      "Plans": [
        {
          "Node Type": "Gather",
          "Parent Relationship": "Outer",
          "Parallel Aware": false,
          "Startup Cost": 289256.79,
          "Total Cost": 289257.4,
          "Plan Rows": 6,
          "Plan Width": 8,
          "Actual Startup Time": 152.647,
          "Actual Total Time": 162.31,
          "Actual Rows": 7,
          "Actual Loops": 1,
          "Workers Planned": 6,
          "Workers Launched": 6,
          "Single Copy": false,
          "Plans": [
            {
              "Node Type": "Aggregate",
              "Strategy": "Plain",
              "Partial Mode": "Partial",
              "Parent Relationship": "Outer",
              "Parallel Aware": false,
              "Startup Cost": 288256.79,
              "Total Cost": 288256.8,
              "Plan Rows": 1,
              "Plan Width": 8,
              "Actual Startup Time": 145.526,
              "Actual Total Time": 145.528,
              "Actual Rows": 1,
              "Actual Loops": 7,
              "Plans": [
                {
                  "Node Type": "Bitmap Heap Scan",
                  "Parent Relationship": "Outer",
                  "Parallel Aware": true,
                  "Relation Name": "cast_info",
                  "Alias": "ci",
                  "Startup Cost": 31951.93,
                  "Total Cost": 287653.81,
                  "Plan Rows": 241191,
                  "Plan Width": 0,
                  "Actual Startup Time": 64.05,
                  "Actual Total Time": 133.167,
                  "Actual Rows": 195477,
                  "Actual Loops": 7,
                  "Recheck Cond": "(person_id > 3796148)",
                  "Rows Removed by Index Recheck": 0,
                  "Exact Heap Blocks": 6132,
                  "Lossy Heap Blocks": 0,
                  "Plans": [
                    {
                      "Node Type": "Bitmap Index Scan",
                      "Parent Relationship": "Outer",
                      "Parallel Aware": false,
                      "Index Name": "person_id_cast_info",
                      "Startup Cost": 0.0,
                      "Total Cost": 31590.15,
                      "Plan Rows": 1447144,
                      "Plan Width": 0,
                      "Actual Startup Time": 67.397,
                      "Actual Total Time": 67.398,
                      "Actual Rows": 1368336,
                      "Actual Loops": 1,
                      "Index Cond": "(person_id > 3796148)"
                    }
                  ]
                }
              ]
            }
          ]
        }
      ]
    },
    "Planning Time": 0.081,
    "Triggers": [],
    "Execution Time": 162.359
  }
]