{
  "Plan": {
    "Node Type": "Aggregate",
    "Strategy": "Plain",
    "Partial Mode": "Finalize",
    "Parallel Aware": false,
    "Startup Cost": 738849.25,
    "Total Cost": 738849.26,
    "Plan Rows": 1,
    "Plan Width": 8,
    "Actual Startup Time": 3359.094,
    "Actual Total Time": 3432.926,
    "Actual Rows": 1,
    "Actual Loops": 1,
    "Plans": [
      {
        "Node Type": "Gather",
        "Parent Relationship": "Outer",
        "Parallel Aware": false,
        "Startup Cost": 738849.14,
        "Total Cost": 738849.25,
        "Plan Rows": 1,
        "Plan Width": 8,
        "Actual Startup Time": 3353.186,
        "Actual Total Time": 3432.916,
        "Actual Rows": 2,
        "Actual Loops": 1,
        "Workers Planned": 1,
        "Workers Launched": 1,
        "Single Copy": false,
        "Plans": [
          {
            "Node Type": "Aggregate",
            "Strategy": "Plain",
            "Partial Mode": "Partial",
            "Parent Relationship": "Outer",
            "Parallel Aware": false,
            "Startup Cost": 737849.14,
            "Total Cost": 737849.15,
            "Plan Rows": 1,
            "Plan Width": 8,
            "Actual Startup Time": 3347.781,
            "Actual Total Time": 3348.722,
            "Actual Rows": 1,
            "Actual Loops": 2,
            "Plans": [
              {
                "Node Type": "Hash Join",
                "Parent Relationship": "Outer",
                "Parallel Aware": true,
                "Join Type": "Inner",
                "Startup Cost": 125953.85,
                "Total Cost": 733558.42,
                "Plan Rows": 1716289,
                "Plan Width": 0,
                "Actual Startup Time": 1297.866,
                "Actual Total Time": 3136.501,
                "Actual Rows": 5550755,
                "Actual Loops": 2,
                "Inner Unique": false,
                "Hash Cond": "(ci.movie_id = t.id)",
                "Plans": [
                  {
                    "Node Type": "Seq Scan",
                    "Parent Relationship": "Outer",
                    "Parallel Aware": true,
                    "Relation Name": "cast_info",
                    "Alias": "ci",
                    "Startup Cost": 0.0,
                    "Total Cost": 572345.93,
                    "Plan Rows": 6710082,
                    "Plan Width": 4,
                    "Actual Startup Time": 514.649,
                    "Actual Total Time": 1476.146,
                    "Actual Rows": 2439558,
                    "Actual Loops": 2,
                    "Filter": "((person_id < 1727147) AND (role_id > 1))",
                    "Rows Removed by Filter": 15682614
                  },
                  {
                    "Node Type": "Hash",
                    "Parent Relationship": "Inner",
                    "Parallel Aware": true,
                    "Startup Cost": 121198.84,
                    "Total Cost": 121198.84,
                    "Plan Rows": 380401,
                    "Plan Width": 8,
                    "Actual Startup Time": 769.543,
                    "Actual Total Time": 770.482,
                    "Actual Rows": 742005,
                    "Actual Loops": 2,
                    "Hash Buckets": 2097152,
                    "Original Hash Buckets": 1048576,
                    "Hash Batches": 1,
                    "Original Hash Batches": 1,
                    "Peak Memory Usage": 82656,
                    "Plans": [
                      {
                        "Node Type": "Hash Join",
                        "Parent Relationship": "Outer",
                        "Parallel Aware": true,
                        "Join Type": "Inner",
                        "Startup Cost": 60132.04,
                        "Total Cost": 121198.84,
                        "Plan Rows": 380401,
                        "Plan Width": 8,
                        "Actual Startup Time": 245.013,
                        "Actual Total Time": 616.386,
                        "Actual Rows": 742005,
                        "Actual Loops": 2,
                        "Inner Unique": true,
                        "Hash Cond": "(mk.movie_id = t.id)",
                        "Plans": [
                          {
                            "Node Type": "Seq Scan",
                            "Parent Relationship": "Outer",
                            "Parallel Aware": true,
                            "Relation Name": "movie_keyword",
                            "Alias": "mk",
                            "Startup Cost": 0.0,
                            "Total Cost": 57718.19,
                            "Plan Rows": 1275655,
                            "Plan Width": 4,
                            "Actual Startup Time": 0.016,
                            "Actual Total Time": 191.847,
                            "Actual Rows": 1085922,
                            "Actual Loops": 2,
                            "Filter": "(keyword_id < 4224)",
                            "Rows Removed by Filter": 1176043
                          },
                          {
                            "Node Type": "Hash",
                            "Parent Relationship": "Inner",
                            "Parallel Aware": true,
                            "Startup Cost": 54588.39,
                            "Total Cost": 54588.39,
                            "Plan Rows": 443492,
                            "Plan Width": 4,
                            "Actual Startup Time": 239.439,
                            "Actual Total Time": 239.44,
                            "Actual Rows": 376838,
                            "Actual Loops": 2,
                            "Hash Buckets": 1048576,
                            "Original Hash Buckets": 1048576,
                            "Hash Batches": 1,
                            "Original Hash Batches": 1,
                            "Peak Memory Usage": 37728,
                            "Plans": [
                              {
                                "Node Type": "Seq Scan",
                                "Parent Relationship": "Outer",
                                "Parallel Aware": true,
                                "Relation Name": "title",
                                "Alias": "t",
                                "Startup Cost": 0.0,
                                "Total Cost": 54588.39,
                                "Plan Rows": 443492,
                                "Plan Width": 4,
                                "Actual Startup Time": 0.036,
                                "Actual Total Time": 147.498,
                                "Actual Rows": 376838,
                                "Actual Loops": 2,
                                "Filter": "(kind_id < 3)",
                                "Rows Removed by Filter": 887318
                              }
                            ]
                          }
                        ]
                      }
                    ]
                  }
                ]
              }
            ]
          }
        ]
      }
    ]
  },
  "Planning Time": 0.981,
  "Triggers": [],
  "Execution Time": 3433.024
}