[
  {
    "Bao": {
      "Bao prediction": 333.211,
      "Bao recommended hint": "SET enable_hashjoin TO off; SET enable_mergejoin TO off; "
    }
  },
  {
    "Plan": {
      "Node Type": "Aggregate",
      "Strategy": "Plain",
      "Partial Mode": "Simple",
      "Parallel Aware": false,
      "Startup Cost": 6196.63,
      "Total Cost": 6196.64,
      "Plan Rows": 1,
      "Plan Width": 96,
      "Actual Startup Time": 561.129,
      "Actual Total Time": 561.136,
      "Actual Rows": 1,
      "Actual Loops": 1,
      "Plans": [
        {
          "Node Type": "Nested Loop",
          "Parent Relationship": "Outer",
          "Parallel Aware": false,
          "Join Type": "Inner",
          "Startup Cost": 14.47,
          "Total Cost": 6196.62,
          "Plan Rows": 1,
          "Plan Width": 48,
          "Actual Startup Time": 118.643,
          "Actual Total Time": 561.07,
          "Actual Rows": 275,
          "Actual Loops": 1,
          "Inner Unique": true,
          "Plans": [
            {
              "Node Type": "Nested Loop",
              "Parent Relationship": "Outer",
              "Parallel Aware": false,
              "Join Type": "Inner",
              "Startup Cost": 14.34,
              "Total Cost": 6196.44,
              "Plan Rows": 1,
              "Plan Width": 52,
              "Actual Startup Time": 118.634,
              "Actual Total Time": 560.81,
              "Actual Rows": 275,
              "Actual Loops": 1,
              "Inner Unique": true,
              "Join Filter": "(ci.person_id = n.id)",
              "Rows Removed by Join Filter": 0,
              "Plans": [
                {
                  "Node Type": "Nested Loop",
                  "Parent Relationship": "Outer",
                  "Parallel Aware": false,
                  "Join Type": "Inner",
                  "Startup Cost": 13.91,
                  "Total Cost": 6195.67,
                  "Plan Rows": 1,
                  "Plan Width": 45,
                  "Actual Startup Time": 5.124,
                  "Actual Total Time": 500.797,
                  "Actual Rows": 36578,
                  "Actual Loops": 1,
                  "Inner Unique": true,
                  "Plans": [
                    {
                      "Node Type": "Nested Loop",
                      "Parent Relationship": "Outer",
                      "Parallel Aware": false,
                      "Join Type": "Inner",
                      "Startup Cost": 13.49,
                      "Total Cost": 6195.22,
                      "Plan Rows": 1,
                      "Plan Width": 49,
                      "Actual Startup Time": 4.982,
                      "Actual Total Time": 396.184,
                      "Actual Rows": 78291,
                      "Actual Loops": 1,
                      "Inner Unique": false,
                      "Join Filter": "(t.id = mc.movie_id)",
                      "Rows Removed by Join Filter": 0,
                      "Plans": [
                        {
                          "Node Type": "Nested Loop",
                          "Parent Relationship": "Outer",
                          "Parallel Aware": false,
                          "Join Type": "Inner",
                          "Startup Cost": 13.06,
                          "Total Cost": 6194.61,
                          "Plan Rows": 1,
                          "Plan Width": 61,
                          "Actual Startup Time": 4.887,
                          "Actual Total Time": 357.369,
                          "Actual Rows": 12691,
                          "Actual Loops": 1,
                          "Inner Unique": true,
                          "Plans": [
                            {
                              "Node Type": "Nested Loop",
                              "Parent Relationship": "Outer",
                              "Parallel Aware": false,
                              "Join Type": "Inner",
                              "Startup Cost": 12.63,
                              "Total Cost": 6193.94,
                              "Plan Rows": 1,
                              "Plan Width": 49,
                              "Actual Startup Time": 4.809,
                              "Actual Total Time": 321.046,
                              "Actual Rows": 12761,
                              "Actual Loops": 1,
                              "Inner Unique": false,
                              "Plans": [
                                {
                                  "Node Type": "Nested Loop",
                                  "Parent Relationship": "Outer",
                                  "Parallel Aware": false,
                                  "Join Type": "Inner",
                                  "Startup Cost": 12.2,
                                  "Total Cost": 6193.39,
                                  "Plan Rows": 1,
                                  "Plan Width": 45,
                                  "Actual Startup Time": 4.753,
                                  "Actual Total Time": 290.785,
                                  "Actual Rows": 4439,
                                  "Actual Loops": 1,
                                  "Inner Unique": false,
                                  "Join Filter": "(t.id = ci.movie_id)",
                                  "Rows Removed by Join Filter": 0,
                                  "Plans": [
                                    {
                                      "Node Type": "Nested Loop",
                                      "Parent Relationship": "Outer",
                                      "Parallel Aware": false,
                                      "Join Type": "Inner",
                                      "Startup Cost": 11.64,
                                      "Total Cost": 6191.69,
                                      "Plan Rows": 1,
                                      "Plan Width": 29,
                                      "Actual Startup Time": 2.333,
                                      "Actual Total Time": 151.129,
                                      "Actual Rows": 738,
                                      "Actual Loops": 1,
                                      "Inner Unique": false,
                                      "Join Filter": "(mi.info_type_id = it.id)",
                                      "Rows Removed by Join Filter": 0,
                                      "Plans": [
                                        {
                                          "Node Type": "Seq Scan",
                                          "Parent Relationship": "Outer",
                                          "Parallel Aware": false,
                                          "Relation Name": "info_type",
                                          "Alias": "it",
                                          "Startup Cost": 0.0,
                                          "Total Cost": 2.41,
                                          "Plan Rows": 1,
                                          "Plan Width": 4,
                                          "Actual Startup Time": 0.03,
                                          "Actual Total Time": 0.037,
                                          "Actual Rows": 1,
                                          "Actual Loops": 1,
                                          "Filter": "((info)::text = 'release dates'::text)",
                                          "Rows Removed by Filter": 112
                                        },
                                        {
                                          "Node Type": "Nested Loop",
                                          "Parent Relationship": "Inner",
                                          "Parallel Aware": false,
                                          "Join Type": "Inner",
                                          "Startup Cost": 11.64,
                                          "Total Cost": 6189.19,
                                          "Plan Rows": 7,
                                          "Plan Width": 33,
                                          "Actual Startup Time": 2.3,
                                          "Actual Total Time": 150.968,
                                          "Actual Rows": 738,
                                          "Actual Loops": 1,
                                          "Inner Unique": false,
                                          "Join Filter": "(t.id = mi.movie_id)",
                                          "Rows Removed by Join Filter": 0,
                                          "Plans": [
                                            {
                                              "Node Type": "Nested Loop",
                                              "Parent Relationship": "Outer",
                                              "Parallel Aware": false,
                                              "Join Type": "Inner",
                                              "Startup Cost": 11.2,
                                              "Total Cost": 6165.43,
                                              "Plan Rows": 15,
                                              "Plan Width": 25,
                                              "Actual Startup Time": 2.194,
                                              "Actual Total Time": 107.463,
                                              "Actual Rows": 495,
                                              "Actual Loops": 1,
                                              "Inner Unique": true,
                                              "Plans": [
                                                {
                                                  "Node Type": "Nested Loop",
                                                  "Parent Relationship": "Outer",
                                                  "Parallel Aware": false,
                                                  "Join Type": "Inner",
                                                  "Startup Cost": 10.77,
                                                  "Total Cost": 6115.96,
                                                  "Plan Rows": 101,
                                                  "Plan Width": 4,
                                                  "Actual Startup Time": 1.681,
                                                  "Actual Total Time": 43.81,
                                                  "Actual Rows": 9696,
                                                  "Actual Loops": 1,
                                                  "Inner Unique": false,
                                                  "Plans": [
                                                    {
                                                      "Node Type": "Seq Scan",
                                                      "Parent Relationship": "Outer",
                                                      "Parallel Aware": false,
                                                      "Relation Name": "keyword",
                                                      "Alias": "k",
                                                      "Startup Cost": 0.0,
                                                      "Total Cost": 2793.84,
                                                      "Plan Rows": 3,
                                                      "Plan Width": 4,
                                                      "Actual Startup Time": 0.025,
                                                      "Actual Total Time": 14.933,
                                                      "Actual Rows": 3,
                                                      "Actual Loops": 1,
                                                      "Filter": "(keyword = ANY ('{hero,martial-arts,hand-to-hand-combat}'::text[]))",
                                                      "Rows Removed by Filter": 134167
                                                    },
                                                    {
                                                      "Node Type": "Bitmap Heap Scan",
                                                      "Parent Relationship": "Inner",
                                                      "Parallel Aware": false,
                                                      "Relation Name": "movie_keyword",
                                                      "Alias": "mk",
                                                      "Startup Cost": 10.77,
                                                      "Total Cost": 1104.35,
                                                      "Plan Rows": 302,
                                                      "Plan Width": 8,
                                                      "Actual Startup Time": 1.029,
                                                      "Actual Total Time": 9.171,
                                                      "Actual Rows": 3232,
                                                      "Actual Loops": 3,
                                                      "Recheck Cond": "(keyword_id = k.id)",
                                                      "Rows Removed by Index Recheck": 0,
                                                      "Exact Heap Blocks": 7446,
                                                      "Lossy Heap Blocks": 0,
                                                      "Plans": [
                                                        {
                                                          "Node Type": "Bitmap Index Scan",
                                                          "Parent Relationship": "Outer",
                                                          "Parallel Aware": false,
                                                          "Index Name": "keyword_id_movie_keyword",
                                                          "Startup Cost": 0.0,
                                                          "Total Cost": 10.7,
                                                          "Plan Rows": 302,
                                                          "Plan Width": 0,
                                                          "Actual Startup Time": 0.706,
                                                          "Actual Total Time": 0.706,
                                                          "Actual Rows": 3232,
                                                          "Actual Loops": 3,
                                                          "Index Cond": "(keyword_id = k.id)"
                                                        }
                                                      ]
                                                    }
                                                  ]
                                                },
                                                {
                                                  "Node Type": "Index Scan",
                                                  "Parent Relationship": "Inner",
                                                  "Parallel Aware": false,
                                                  "Scan Direction": "Forward",
                                                  "Index Name": "title_pkey",
                                                  "Relation Name": "title",
                                                  "Alias": "t",
                                                  "Startup Cost": 0.43,
                                                  "Total Cost": 0.49,
                                                  "Plan Rows": 1,
                                                  "Plan Width": 21,
                                                  "Actual Startup Time": 0.006,
                                                  "Actual Total Time": 0.006,
                                                  "Actual Rows": 0,
                                                  "Actual Loops": 9696,
                                                  "Index Cond": "(id = mk.movie_id)",
                                                  "Rows Removed by Index Recheck": 0,
                                                  "Filter": "(production_year > 2010)",
                                                  "Rows Removed by Filter": 1
                                                }
                                              ]
                                            },
                                            {
                                              "Node Type": "Index Scan",
                                              "Parent Relationship": "Inner",
                                              "Parallel Aware": false,
                                              "Scan Direction": "Forward",
                                              "Index Name": "movie_id_movie_info",
                                              "Relation Name": "movie_info",
                                              "Alias": "mi",
                                              "Startup Cost": 0.43,
                                              "Total Cost": 1.57,
                                              "Plan Rows": 1,
                                              "Plan Width": 8,
                                              "Actual Startup Time": 0.044,
                                              "Actual Total Time": 0.087,
                                              "Actual Rows": 1,
                                              "Actual Loops": 495,
                                              "Index Cond": "(movie_id = mk.movie_id)",
                                              "Rows Removed by Index Recheck": 0,
                                              "Filter": "((info IS NOT NULL) AND ((info ~~ 'Japan:%201%'::text) OR (info ~~ 'USA:%201%'::text)))",
                                              "Rows Removed by Filter": 70
                                            }
                                          ]
                                        }
                                      ]
                                    },
                                    {
                                      "Node Type": "Index Scan",
                                      "Parent Relationship": "Inner",
                                      "Parallel Aware": false,
                                      "Scan Direction": "Forward",
                                      "Index Name": "movie_id_cast_info",
                                      "Relation Name": "cast_info",
                                      "Alias": "ci",
                                      "Startup Cost": 0.56,
                                      "Total Cost": 1.69,
                                      "Plan Rows": 1,
                                      "Plan Width": 16,
                                      "Actual Startup Time": 0.128,
                                      "Actual Total Time": 0.188,
                                      "Actual Rows": 6,
                                      "Actual Loops": 738,
                                      "Index Cond": "(movie_id = mk.movie_id)",
                                      "Rows Removed by Index Recheck": 0,
                                      "Filter": "(note = ANY ('{(voice),\"(voice: Japanese version)\",\"(voice) (uncredited)\",\"(voice: English version)\"}'::text[]))",
                                      "Rows Removed by Filter": 128
                                    }
                                  ]
                                },
                                {
                                  "Node Type": "Index Only Scan",
                                  "Parent Relationship": "Inner",
                                  "Parallel Aware": false,
                                  "Scan Direction": "Forward",
                                  "Index Name": "person_id_aka_name",
                                  "Relation Name": "aka_name",
                                  "Alias": "an",
                                  "Startup Cost": 0.42,
                                  "Total Cost": 0.53,
                                  "Plan Rows": 2,
                                  "Plan Width": 4,
                                  "Actual Startup Time": 0.005,
                                  "Actual Total Time": 0.006,
                                  "Actual Rows": 3,
                                  "Actual Loops": 4439,
                                  "Index Cond": "(person_id = ci.person_id)",
                                  "Rows Removed by Index Recheck": 0,
                                  "Heap Fetches": 12761
                                }
                              ]
                            },
                            {
                              "Node Type": "Index Scan",
                              "Parent Relationship": "Inner",
                              "Parallel Aware": false,
                              "Scan Direction": "Forward",
                              "Index Name": "char_name_pkey",
                              "Relation Name": "char_name",
                              "Alias": "chn",
                              "Startup Cost": 0.43,
                              "Total Cost": 0.68,
                              "Plan Rows": 1,
                              "Plan Width": 20,
                              "Actual Startup Time": 0.003,
                              "Actual Total Time": 0.003,
                              "Actual Rows": 1,
                              "Actual Loops": 12761,
                              "Index Cond": "(id = ci.person_role_id)",
                              "Rows Removed by Index Recheck": 0
                            }
                          ]
                        },
                        {
                          "Node Type": "Index Scan",
                          "Parent Relationship": "Inner",
                          "Parallel Aware": false,
                          "Scan Direction": "Forward",
                          "Index Name": "movie_id_movie_companies",
                          "Relation Name": "movie_companies",
                          "Alias": "mc",
                          "Startup Cost": 0.43,
                          "Total Cost": 0.54,
                          "Plan Rows": 5,
                          "Plan Width": 8,
                          "Actual Startup Time": 0.001,
                          "Actual Total Time": 0.002,
                          "Actual Rows": 6,
                          "Actual Loops": 12691,
                          "Index Cond": "(movie_id = mk.movie_id)",
                          "Rows Removed by Index Recheck": 0
                        }
                      ]
                    },
                    {
                      "Node Type": "Index Scan",
                      "Parent Relationship": "Inner",
                      "Parallel Aware": false,
                      "Scan Direction": "Forward",
                      "Index Name": "company_name_pkey",
                      "Relation Name": "company_name",
                      "Alias": "cn",
                      "Startup Cost": 0.42,
                      "Total Cost": 0.45,
                      "Plan Rows": 1,
                      "Plan Width": 4,
                      "Actual Startup Time": 0.001,
                      "Actual Total Time": 0.001,
                      "Actual Rows": 0,
                      "Actual Loops": 78291,
                      "Index Cond": "(id = mc.company_id)",
                      "Rows Removed by Index Recheck": 0,
                      "Filter": "((country_code)::text = '[us]'::text)",
                      "Rows Removed by Filter": 1
                    }
                  ]
                },
                {
                  "Node Type": "Index Scan",
                  "Parent Relationship": "Inner",
                  "Parallel Aware": false,
                  "Scan Direction": "Forward",
                  "Index Name": "name_pkey",
                  "Relation Name": "name",
                  "Alias": "n",
                  "Startup Cost": 0.43,
                  "Total Cost": 0.77,
                  "Plan Rows": 1,
                  "Plan Width": 19,
                  "Actual Startup Time": 0.001,
                  "Actual Total Time": 0.001,
                  "Actual Rows": 0,
                  "Actual Loops": 36578,
                  "Index Cond": "(id = an.person_id)",
                  "Rows Removed by Index Recheck": 0,
                  "Filter": "((name ~~ '%An%'::text) AND ((gender)::text = 'f'::text))",
                  "Rows Removed by Filter": 1
                }
              ]
            },
            {
              "Node Type": "Index Scan",
              "Parent Relationship": "Inner",
              "Parallel Aware": false,
              "Scan Direction": "Forward",
              "Index Name": "role_type_pkey",
              "Relation Name": "role_type",
              "Alias": "rt",
              "Startup Cost": 0.14,
              "Total Cost": 0.16,
              "Plan Rows": 1,
              "Plan Width": 4,
              "Actual Startup Time": 0.001,
              "Actual Total Time": 0.001,
              "Actual Rows": 1,
              "Actual Loops": 275,
              "Index Cond": "(id = ci.role_id)",
              "Rows Removed by Index Recheck": 0,
              "Filter": "((role)::text = 'actress'::text)",
              "Rows Removed by Filter": 0
            }
          ]
        }
      ]
    },
    "Planning Time": 2626.762,
    "Triggers": [],
    "Execution Time": 561.778
  }
]