[
  {
    "Plan": {
      "Node Type": "Aggregate",
      "Strategy": "Plain",
      "Partial Mode": "Finalize",
      "Parallel Aware": false,
      "Startup Cost": 143197.19,
      "Total Cost": 143197.2,
      "Plan Rows": 1,
      "Plan Width": 8,
      "Actual Startup Time": 1787.992,
      "Actual Total Time": 1812.674,
      "Actual Rows": 1,
      "Actual Loops": 1,
      "Plans": [
        {
          "Node Type": "Gather",
          "Parent Relationship": "Outer",
          "Parallel Aware": false,
          "Startup Cost": 143196.87,
          "Total Cost": 143197.18,
          "Plan Rows": 3,
          "Plan Width": 8,
          "Actual Startup Time": 1776.66,
          "Actual Total Time": 1812.666,
          "Actual Rows": 4,
          "Actual Loops": 1,
          "Workers Planned": 3,
          "Workers Launched": 3,
          "Single Copy": false,
          "Plans": [
            {
              "Node Type": "Aggregate",
              "Strategy": "Plain",
              "Partial Mode": "Partial",
              "Parent Relationship": "Outer",
              "Parallel Aware": false,
              "Startup Cost": 142196.87,
              "Total Cost": 142196.88,
              "Plan Rows": 1,
              "Plan Width": 8,
              "Actual Startup Time": 1764.542,
              "Actual Total Time": 1765.629,
              "Actual Rows": 1,
              "Actual Loops": 4,
              "Plans": [
                {
                  "Node Type": "Hash Join",
                  "Parent Relationship": "Outer",
                  "Parallel Aware": true,
                  "Join Type": "Inner",
                  "Startup Cost": 90812.03,
                  "Total Cost": 139199.47,
                  "Plan Rows": 1198962,
                  "Plan Width": 0,
                  "Actual Startup Time": 713.877,
                  "Actual Total Time": 1451.302,
                  "Actual Rows": 8035349,
                  "Actual Loops": 4,
                  "Inner Unique": false,
                  "Hash Cond": "(mk.movie_id = t.id)",
                  "Plans": [
                    {
                      "Node Type": "Seq Scan",
                      "Parent Relationship": "Outer",
                      "Parallel Aware": true,
                      "Relation Name": "movie_keyword",
                      "Alias": "mk",
                      "Startup Cost": 0.0,
                      "Total Cost": 39047.32,
                      "Plan Rows": 1459332,
                      "Plan Width": 4,
                      "Actual Startup Time": 0.028,
                      "Actual Total Time": 82.791,
                      "Actual Rows": 1130982,
                      "Actual Loops": 4
                    },
                    {
                      "Node Type": "Hash",
                      "Parent Relationship": "Inner",
                      "Parallel Aware": true,
                      "Startup Cost": 82436.22,
                      "Total Cost": 82436.22,
                      "Plan Rows": 670065,
                      "Plan Width": 8,
                      "Actual Startup Time": 706.043,
                      "Actual Total Time": 707.128,
                      "Actual Rows": 501333,
                      "Actual Loops": 4,
                      "Hash Buckets": 2097152,
                      "Original Hash Buckets": 2097152,
                      "Hash Batches": 1,
                      "Original Hash Batches": 1,
                      "Peak Memory Usage": 94848,
                      "Plans": [
                        {
                          "Node Type": "Hash Join",
                          "Parent Relationship": "Outer",
                          "Parallel Aware": true,
                          "Join Type": "Inner",
                          "Startup Cost": 51229.87,
                          "Total Cost": 82436.22,
                          "Plan Rows": 670065,
                          "Plan Width": 8,
                          "Actual Startup Time": 317.99,
                          "Actual Total Time": 568.799,
                          "Actual Rows": 501333,
                          "Actual Loops": 4,
                          "Inner Unique": true,
                          "Hash Cond": "(mc.movie_id = t.id)",
                          "Plans": [
                            {
                              "Node Type": "Seq Scan",
                              "Parent Relationship": "Outer",
                              "Parallel Aware": true,
                              "Relation Name": "movie_companies",
                              "Alias": "mc",
                              "Startup Cost": 0.0,
                              "Total Cost": 29310.68,
                              "Plan Rows": 722160,
                              "Plan Width": 4,
                              "Actual Startup Time": 0.052,
                              "Actual Total Time": 72.479,
                              "Actual Rows": 560435,
                              "Actual Loops": 4,
                              "Filter": "(company_id > 192)",
                              "Rows Removed by Filter": 91847
                            },
                            {
                              "Node Type": "Hash",
                              "Parent Relationship": "Inner",
                              "Parallel Aware": true,
                              "Startup Cost": 43898.92,
                              "Total Cost": 43898.92,
                              "Plan Rows": 586476,
                              "Plan Width": 4,
                              "Actual Startup Time": 311.414,
                              "Actual Total Time": 311.415,
                              "Actual Rows": 585926,
                              "Actual Loops": 4,
                              "Hash Buckets": 4194304,
                              "Original Hash Buckets": 4194304,
                              "Hash Batches": 1,
                              "Original Hash Batches": 1,
                              "Peak Memory Usage": 124544,
                              "Plans": [
                                {
                                  "Node Type": "Seq Scan",
                                  "Parent Relationship": "Outer",
                                  "Parallel Aware": true,
                                  "Relation Name": "title",
                                  "Alias": "t",
                                  "Startup Cost": 0.0,
                                  "Total Cost": 43898.92,
                                  "Plan Rows": 586476,
                                  "Plan Width": 4,
                                  "Actual Startup Time": 0.037,
                                  "Actual Total Time": 103.579,
                                  "Actual Rows": 585926,
                                  "Actual Loops": 4,
                                  "Filter": "(production_year > 1928)",
                                  "Rows Removed by Filter": 46152
                                }
                              ]
                            }
                          ]
                        }
                      ]
                    }
                  ]
                }
              ]
            }
          ]
        }
      ]
    },
    "Planning Time": 1.383,
    "Triggers": [],
    "Execution Time": 1812.753
  }
]