{
  "Plan": {
    "Node Type": "Aggregate",
    "Strategy": "Plain",
    "Partial Mode": "Finalize",
    "Parallel Aware": false,
    "Startup Cost": 30385.59,
    "Total Cost": 30385.6,
    "Plan Rows": 1,
    "Plan Width": 8,
    "Actual Startup Time": 24.566,
    "Actual Total Time": 28.398,
    "Actual Rows": 1,
    "Actual Loops": 1,
    "Plans": [
      {
        "Node Type": "Gather",
        "Parent Relationship": "Outer",
        "Parallel Aware": false,
        "Startup Cost": 30385.48,
        "Total Cost": 30385.59,
        "Plan Rows": 1,
        "Plan Width": 8,
        "Actual Startup Time": 24.305,
        "Actual Total Time": 28.392,
        "Actual Rows": 2,
        "Actual Loops": 1,
        "Workers Planned": 1,
        "Workers Launched": 1,
        "Single Copy": false,
        "Plans": [
          {
            "Node Type": "Aggregate",
            "Strategy": "Plain",
            "Partial Mode": "Partial",
            "Parent Relationship": "Outer",
            "Parallel Aware": false,
            "Startup Cost": 29385.48,
            "Total Cost": 29385.49,
            "Plan Rows": 1,
            "Plan Width": 8,
            "Actual Startup Time": 21.362,
            "Actual Total Time": 21.363,
            "Actual Rows": 1,
            "Actual Loops": 2,
            "Plans": [
              {
                "Node Type": "Nested Loop",
                "Parent Relationship": "Outer",
                "Parallel Aware": false,
                "Join Type": "Inner",
                "Startup Cost": 235.0,
                "Total Cost": 29384.95,
                "Plan Rows": 214,
                "Plan Width": 0,
                "Actual Startup Time": 5.277,
                "Actual Total Time": 21.313,
                "Actual Rows": 351,
                "Actual Loops": 2,
                "Inner Unique": false,
                "Plans": [
                  {
                    "Node Type": "Bitmap Heap Scan",
                    "Parent Relationship": "Outer",
                    "Parallel Aware": true,
                    "Relation Name": "title",
                    "Alias": "t",
                    "Startup Cost": 234.57,
                    "Total Cost": 26193.91,
                    "Plan Rows": 391,
                    "Plan Width": 4,
                    "Actual Startup Time": 5.191,
                    "Actual Total Time": 19.271,
                    "Actual Rows": 214,
                    "Actual Loops": 2,
                    "Recheck Cond": "(kind_id = 6)",
                    "Rows Removed by Index Recheck": 0,
                    "Filter": "(production_year = 2009)",
                    "Rows Removed by Filter": 6086,
                    "Exact Heap Blocks": 6795,
                    "Lossy Heap Blocks": 0,
                    "Plans": [
                      {
                        "Node Type": "Bitmap Index Scan",
                        "Parent Relationship": "Outer",
                        "Parallel Aware": false,
                        "Index Name": "kind_id_title",
                        "Startup Cost": 0.0,
                        "Total Cost": 234.4,
                        "Plan Rows": 13063,
                        "Plan Width": 0,
                        "Actual Startup Time": 5.088,
                        "Actual Total Time": 5.088,
                        "Actual Rows": 12600,
                        "Actual Loops": 1,
                        "Index Cond": "(kind_id = 6)"
                      }
                    ]
                  },
                  {
                    "Node Type": "Index Only Scan",
                    "Parent Relationship": "Inner",
                    "Parallel Aware": false,
                    "Scan Direction": "Forward",
                    "Index Name": "movie_id_movie_info_idx",
                    "Relation Name": "movie_info_idx",
                    "Alias": "mi_idx",
                    "Startup Cost": 0.43,
                    "Total Cost": 8.13,
                    "Plan Rows": 3,
                    "Plan Width": 4,
                    "Actual Startup Time": 0.008,
                    "Actual Total Time": 0.009,
                    "Actual Rows": 2,
                    "Actual Loops": 427,
                    "Index Cond": "(movie_id = t.id)",
                    "Rows Removed by Index Recheck": 0,
                    "Heap Fetches": 702
                  }
                ]
              }
            ]
          }
        ]
      }
    ]
  },
  "Planning Time": 0.277,
  "Triggers": [],
  "Execution Time": 28.456
}