{
  "Plan": {
    "Node Type": "Aggregate",
    "Strategy": "Plain",
    "Partial Mode": "Finalize",
    "Parallel Aware": false,
    "Startup Cost": 287857.6,
    "Total Cost": 287857.61,
    "Plan Rows": 1,
    "Plan Width": 8,
    "Actual Startup Time": 824.765,
    "Actual Total Time": 839.723,
    "Actual Rows": 1,
    "Actual Loops": 1,
    "Plans": [
      {
        "Node Type": "Gather",
        "Parent Relationship": "Outer",
        "Parallel Aware": false,
        "Startup Cost": 287857.49,
        "Total Cost": 287857.6,
        "Plan Rows": 1,
        "Plan Width": 8,
        "Actual Startup Time": 819.892,
        "Actual Total Time": 839.715,
        "Actual Rows": 2,
        "Actual Loops": 1,
        "Workers Planned": 1,
        "Workers Launched": 1,
        "Single Copy": false,
        "Plans": [
          {
            "Node Type": "Aggregate",
            "Strategy": "Plain",
            "Partial Mode": "Partial",
            "Parent Relationship": "Outer",
            "Parallel Aware": false,
            "Startup Cost": 286857.49,
            "Total Cost": 286857.5,
            "Plan Rows": 1,
            "Plan Width": 8,
            "Actual Startup Time": 815.014,
            "Actual Total Time": 815.02,
            "Actual Rows": 1,
            "Actual Loops": 2,
            "Plans": [
              {
                "Node Type": "Hash Join",
                "Parent Relationship": "Outer",
                "Parallel Aware": true,
                "Join Type": "Inner",
                "Startup Cost": 111390.97,
                "Total Cost": 286432.75,
                "Plan Rows": 169894,
                "Plan Width": 0,
                "Actual Startup Time": 632.339,
                "Actual Total Time": 808.142,
                "Actual Rows": 154208,
                "Actual Loops": 2,
                "Inner Unique": false,
                "Hash Cond": "(mi.movie_id = t.id)",
                "Plans": [
                  {
                    "Node Type": "Bitmap Heap Scan",
                    "Parent Relationship": "Outer",
                    "Parallel Aware": true,
                    "Relation Name": "movie_info",
                    "Alias": "mi",
                    "Startup Cost": 22837.73,
                    "Total Cost": 194099.51,
                    "Plan Rows": 741502,
                    "Plan Width": 4,
                    "Actual Startup Time": 39.085,
                    "Actual Total Time": 99.745,
                    "Actual Rows": 644464,
                    "Actual Loops": 2,
                    "Recheck Cond": "(info_type_id = 2)",
                    "Rows Removed by Index Recheck": 0,
                    "Exact Heap Blocks": 4741,
                    "Lossy Heap Blocks": 0,
                    "Plans": [
                      {
                        "Node Type": "Bitmap Index Scan",
                        "Parent Relationship": "Outer",
                        "Parallel Aware": false,
                        "Index Name": "info_type_id_movie_info",
                        "Startup Cost": 0.0,
                        "Total Cost": 22522.59,
                        "Plan Rows": 1260554,
                        "Plan Width": 0,
                        "Actual Startup Time": 37.799,
                        "Actual Total Time": 37.8,
                        "Actual Rows": 1288928,
                        "Actual Loops": 1,
                        "Index Cond": "(info_type_id = 2)"
                      }
                    ]
                  },
                  {
                    "Node Type": "Hash",
                    "Parent Relationship": "Inner",
                    "Parallel Aware": true,
                    "Startup Cost": 84293.79,
                    "Total Cost": 84293.79,
                    "Plan Rows": 340756,
                    "Plan Width": 8,
                    "Actual Startup Time": 585.857,
                    "Actual Total Time": 585.861,
                    "Actual Rows": 213084,
                    "Actual Loops": 2,
                    "Hash Buckets": 1048576,
                    "Original Hash Buckets": 1048576,
                    "Hash Batches": 1,
                    "Original Hash Batches": 1,
                    "Peak Memory Usage": 24896,
                    "Plans": [
                      {
                        "Node Type": "Hash Join",
                        "Parent Relationship": "Outer",
                        "Parallel Aware": true,
                        "Join Type": "Inner",
                        "Startup Cost": 66110.01,
                        "Total Cost": 84293.79,
                        "Plan Rows": 340756,
                        "Plan Width": 8,
                        "Actual Startup Time": 359.514,
                        "Actual Total Time": 536.122,
                        "Actual Rows": 213084,
                        "Actual Loops": 2,
                        "Inner Unique": true,
                        "Hash Cond": "(mi_idx.movie_id = t.id)",
                        "Plans": [
                          {
                            "Node Type": "Seq Scan",
                            "Parent Relationship": "Outer",
                            "Parallel Aware": true,
                            "Relation Name": "movie_info_idx",
                            "Alias": "mi_idx",
                            "Startup Cost": 0.0,
                            "Total Cost": 16052.85,
                            "Plan Rows": 811785,
                            "Plan Width": 4,
                            "Actual Startup Time": 0.02,
                            "Actual Total Time": 50.71,
                            "Actual Rows": 690018,
                            "Actual Loops": 2
                          },
                          {
                            "Node Type": "Hash",
                            "Parent Relationship": "Inner",
                            "Parallel Aware": true,
                            "Startup Cost": 58306.47,
                            "Total Cost": 58306.47,
                            "Plan Rows": 624283,
                            "Plan Width": 4,
                            "Actual Startup Time": 350.878,
                            "Actual Total Time": 350.88,
                            "Actual Rows": 576176,
                            "Actual Loops": 2,
                            "Hash Buckets": 2097152,
                            "Original Hash Buckets": 2097152,
                            "Hash Batches": 1,
                            "Original Hash Batches": 1,
                            "Peak Memory Usage": 61472,
                            "Plans": [
                              {
                                "Node Type": "Seq Scan",
                                "Parent Relationship": "Outer",
                                "Parallel Aware": true,
                                "Relation Name": "title",
                                "Alias": "t",
                                "Startup Cost": 0.0,
                                "Total Cost": 58306.47,
                                "Plan Rows": 624283,
                                "Plan Width": 4,
                                "Actual Startup Time": 0.036,
                                "Actual Total Time": 169.614,
                                "Actual Rows": 576176,
                                "Actual Loops": 2,
                                "Filter": "((kind_id > 1) AND (production_year > 1999))",
                                "Rows Removed by Filter": 687980
                              }
                            ]
                          }
                        ]
                      }
                    ]
                  }
                ]
              }
            ]
          }
        ]
      }
    ]
  },
  "Planning Time": 0.65,
  "Triggers": [],
  "Execution Time": 839.809
}