[
  {
    "Plan": {
      "Node Type": "Aggregate",
      "Strategy": "Plain",
      "Partial Mode": "Finalize",
      "Parallel Aware": false,
      "Startup Cost": 412482.25,
      "Total Cost": 412482.26,
      "Plan Rows": 1,
      "Plan Width": 8,
      "Actual Startup Time": 2608.698,
      "Actual Total Time": 2676.123,
      "Actual Rows": 1,
      "Actual Loops": 1,
      "Plans": [
        {
          "Node Type": "Gather",
          "Parent Relationship": "Outer",
          "Parallel Aware": false,
          "Startup Cost": 412481.63,
          "Total Cost": 412482.24,
          "Plan Rows": 6,
          "Plan Width": 8,
          "Actual Startup Time": 2593.443,
          "Actual Total Time": 2676.111,
          "Actual Rows": 7,
          "Actual Loops": 1,
          "Workers Planned": 6,
          "Workers Launched": 6,
          "Single Copy": false,
          "Plans": [
            {
              "Node Type": "Aggregate",
              "Strategy": "Plain",
              "Partial Mode": "Partial",
              "Parent Relationship": "Outer",
              "Parallel Aware": false,
              "Startup Cost": 411481.63,
              "Total Cost": 411481.64,
              "Plan Rows": 1,
              "Plan Width": 8,
              "Actual Startup Time": 2578.236,
              "Actual Total Time": 2578.239,
              "Actual Rows": 1,
              "Actual Loops": 7,
              "Plans": [
                {
                  "Node Type": "Hash Join",
                  "Parent Relationship": "Outer",
                  "Parallel Aware": true,
                  "Join Type": "Inner",
                  "Startup Cost": 48728.2,
                  "Total Cost": 404308.16,
                  "Plan Rows": 2869387,
                  "Plan Width": 0,
                  "Actual Startup Time": 192.98,
                  "Actual Total Time": 2459.215,
                  "Actual Rows": 2651766,
                  "Actual Loops": 7,
                  "Inner Unique": true,
                  "Hash Cond": "(ci.movie_id = t.id)",
                  "Plans": [
                    {
                      "Node Type": "Seq Scan",
                      "Parent Relationship": "Outer",
                      "Parallel Aware": true,
                      "Relation Name": "cast_info",
                      "Alias": "ci",
                      "Startup Cost": 0.0,
                      "Total Cost": 343257.03,
                      "Plan Rows": 4694440,
                      "Plan Width": 4,
                      "Actual Startup Time": 0.022,
                      "Actual Total Time": 768.522,
                      "Actual Rows": 4363128,
                      "Actual Loops": 7,
                      "Filter": "((person_id < 3388698) AND (role_id < 10))",
                      "Rows Removed by Filter": 814635
                    },
                    {
                      "Node Type": "Hash",
                      "Parent Relationship": "Inner",
                      "Parallel Aware": true,
                      "Startup Cost": 43898.92,
                      "Total Cost": 43898.92,
                      "Plan Rows": 386343,
                      "Plan Width": 4,
                      "Actual Startup Time": 188.12,
                      "Actual Total Time": 188.121,
                      "Actual Rows": 221675,
                      "Actual Loops": 7,
                      "Hash Buckets": 2097152,
                      "Original Hash Buckets": 2097152,
                      "Hash Batches": 1,
                      "Original Hash Batches": 1,
                      "Peak Memory Usage": 77184,
                      "Plans": [
                        {
                          "Node Type": "Seq Scan",
                          "Parent Relationship": "Outer",
                          "Parallel Aware": true,
                          "Relation Name": "title",
                          "Alias": "t",
                          "Startup Cost": 0.0,
                          "Total Cost": 43898.92,
                          "Plan Rows": 386343,
                          "Plan Width": 4,
                          "Actual Startup Time": 0.039,
                          "Actual Total Time": 81.864,
                          "Actual Rows": 221675,
                          "Actual Loops": 7,
                          "Filter": "(production_year < 2007)",
                          "Rows Removed by Filter": 139512
                        }
                      ]
                    }
                  ]
                }
              ]
            }
          ]
        }
      ]
    },
    "Planning Time": 0.656,
    "Triggers": [],
    "Execution Time": 2676.212
  }
]