{
  "Plan": {
    "Node Type": "Aggregate",
    "Strategy": "Plain",
    "Partial Mode": "Finalize",
    "Parallel Aware": false,
    "Startup Cost": 110869.52,
    "Total Cost": 110869.53,
    "Plan Rows": 1,
    "Plan Width": 8,
    "Actual Startup Time": 802.766,
    "Actual Total Time": 815.555,
    "Actual Rows": 1,
    "Actual Loops": 1,
    "Plans": [
      {
        "Node Type": "Gather",
        "Parent Relationship": "Outer",
        "Parallel Aware": false,
        "Startup Cost": 110869.41,
        "Total Cost": 110869.52,
        "Plan Rows": 1,
        "Plan Width": 8,
        "Actual Startup Time": 801.462,
        "Actual Total Time": 815.547,
        "Actual Rows": 2,
        "Actual Loops": 1,
        "Workers Planned": 1,
        "Workers Launched": 1,
        "Single Copy": false,
        "Plans": [
          {
            "Node Type": "Aggregate",
            "Strategy": "Plain",
            "Partial Mode": "Partial",
            "Parent Relationship": "Outer",
            "Parallel Aware": false,
            "Startup Cost": 109869.41,
            "Total Cost": 109869.42,
            "Plan Rows": 1,
            "Plan Width": 8,
            "Actual Startup Time": 795.617,
            "Actual Total Time": 795.621,
            "Actual Rows": 1,
            "Actual Loops": 2,
            "Plans": [
              {
                "Node Type": "Hash Join",
                "Parent Relationship": "Outer",
                "Parallel Aware": true,
                "Join Type": "Inner",
                "Startup Cost": 46535.91,
                "Total Cost": 108924.57,
                "Plan Rows": 377935,
                "Plan Width": 0,
                "Actual Startup Time": 268.971,
                "Actual Total Time": 777.517,
                "Actual Rows": 448456,
                "Actual Loops": 2,
                "Inner Unique": false,
                "Hash Cond": "(t.id = mc.movie_id)",
                "Plans": [
                  {
                    "Node Type": "Seq Scan",
                    "Parent Relationship": "Outer",
                    "Parallel Aware": true,
                    "Relation Name": "title",
                    "Alias": "t",
                    "Startup Cost": 0.0,
                    "Total Cost": 50870.31,
                    "Plan Rows": 1487231,
                    "Plan Width": 4,
                    "Actual Startup Time": 0.01,
                    "Actual Total Time": 123.475,
                    "Actual Rows": 1264156,
                    "Actual Loops": 2
                  },
                  {
                    "Node Type": "Hash",
                    "Parent Relationship": "Inner",
                    "Parallel Aware": true,
                    "Startup Cost": 41811.73,
                    "Total Cost": 41811.73,
                    "Plan Rows": 377935,
                    "Plan Width": 4,
                    "Actual Startup Time": 259.87,
                    "Actual Total Time": 259.871,
                    "Actual Rows": 448456,
                    "Actual Loops": 2,
                    "Hash Buckets": 1048576,
                    "Original Hash Buckets": 1048576,
                    "Hash Batches": 1,
                    "Original Hash Batches": 1,
                    "Peak Memory Usage": 43296,
                    "Plans": [
                      {
                        "Node Type": "Seq Scan",
                        "Parent Relationship": "Outer",
                        "Parallel Aware": true,
                        "Relation Name": "movie_companies",
                        "Alias": "mc",
                        "Startup Cost": 0.0,
                        "Total Cost": 41811.73,
                        "Plan Rows": 377935,
                        "Plan Width": 4,
                        "Actual Startup Time": 69.073,
                        "Actual Total Time": 143.273,
                        "Actual Rows": 448456,
                        "Actual Loops": 2,
                        "Filter": "((company_id > 11474) AND (company_type_id > 1))",
                        "Rows Removed by Filter": 856108
                      }
                    ]
                  }
                ]
              }
            ]
          }
        ]
      }
    ]
  },
  "Planning Time": 0.658,
  "Triggers": [],
  "Execution Time": 815.623
}