[
    {
        "Bao": {
            "Bao prediction": "NaN",
            "Bao recommended hint": "(no hint)"
        }
    },
    {
        "Plan": {
            "Node Type": "Aggregate",
            "Strategy": "Plain",
            "Partial Mode": "Simple",
            "Parallel Aware": false,
            "Startup Cost": 16080.08,
            "Total Cost": 16080.09,
            "Plan Rows": 1,
            "Plan Width": 8,
            "Actual Startup Time": 9.967,
            "Actual Total Time": 9.969,
            "Actual Rows": 1,
            "Actual Loops": 1,
            "Output": [
                "count(*)"
            ],
            "Plans": [
                {
                    "Node Type": "Bitmap Heap Scan",
                    "Parent Relationship": "Outer",
                    "Parallel Aware": false,
                    "Relation Name": "movie_keyword",
                    "Schema": "public",
                    "Alias": "mk",
                    "Startup Cost": 157.7,
                    "Total Cost": 16061.61,
                    "Plan Rows": 7389,
                    "Plan Width": 0,
                    "Actual Startup Time": 1.667,
                    "Actual Total Time": 9.558,
                    "Actual Rows": 7552,
                    "Actual Loops": 1,
                    "Recheck Cond": "(mk.keyword_id = 910)",
                    "Rows Removed by Index Recheck": 0,
                    "Exact Heap Blocks": 5743,
                    "Lossy Heap Blocks": 0,
                    "Plans": [
                        {
                            "Node Type": "Bitmap Index Scan",
                            "Parent Relationship": "Outer",
                            "Parallel Aware": false,
                            "Index Name": "keyword_id_movie_keyword",
                            "Startup Cost": 0.0,
                            "Total Cost": 155.85,
                            "Plan Rows": 7389,
                            "Plan Width": 0,
                            "Actual Startup Time": 1.044,
                            "Actual Total Time": 1.045,
                            "Actual Rows": 7552,
                            "Actual Loops": 1,
                            "Index Cond": "(mk.keyword_id = 910)"
                        }
                    ]
                }
            ]
        },
        "Planning Time": 198.237,
        "Triggers": [],
        "Execution Time": 10.051
    }
]