[
  {
    "Plan": {
      "Node Type": "Aggregate",
      "Strategy": "Plain",
      "Partial Mode": "Finalize",
      "Parallel Aware": false,
      "Startup Cost": 243421.29,
      "Total Cost": 243421.3,
      "Plan Rows": 1,
      "Plan Width": 8,
      "Actual Startup Time": 474.097,
      "Actual Total Time": 487.679,
      "Actual Rows": 1,
      "Actual Loops": 1,
      "Plans": [
        {
          "Node Type": "Gather",
          "Parent Relationship": "Outer",
          "Parallel Aware": false,
          "Startup Cost": 243421.08,
          "Total Cost": 243421.29,
          "Plan Rows": 2,
          "Plan Width": 8,
          "Actual Startup Time": 470.863,
          "Actual Total Time": 487.67,
          "Actual Rows": 3,
          "Actual Loops": 1,
          "Workers Planned": 2,
          "Workers Launched": 2,
          "Single Copy": false,
          "Plans": [
            {
              "Node Type": "Aggregate",
              "Strategy": "Plain",
              "Partial Mode": "Partial",
              "Parent Relationship": "Outer",
              "Parallel Aware": false,
              "Startup Cost": 242421.08,
              "Total Cost": 242421.09,
              "Plan Rows": 1,
              "Plan Width": 8,
              "Actual Startup Time": 461.031,
              "Actual Total Time": 461.037,
              "Actual Rows": 1,
              "Actual Loops": 3,
              "Plans": [
                {
                  "Node Type": "Hash Join",
                  "Parent Relationship": "Outer",
                  "Parallel Aware": true,
                  "Join Type": "Inner",
                  "Startup Cost": 226284.98,
                  "Total Cost": 242257.39,
                  "Plan Rows": 65477,
                  "Plan Width": 0,
                  "Actual Startup Time": 384.214,
                  "Actual Total Time": 459.518,
                  "Actual Rows": 38496,
                  "Actual Loops": 3,
                  "Inner Unique": false,
                  "Hash Cond": "(mi_idx.movie_id = t.id)",
                  "Plans": [
                    {
                      "Node Type": "Seq Scan",
                      "Parent Relationship": "Outer",
                      "Parallel Aware": true,
                      "Relation Name": "movie_info_idx",
                      "Alias": "mi_idx",
                      "Startup Cost": 0.0,
                      "Total Cost": 13685.15,
                      "Plan Rows": 575015,
                      "Plan Width": 4,
                      "Actual Startup Time": 0.024,
                      "Actual Total Time": 33.767,
                      "Actual Rows": 460012,
                      "Actual Loops": 3
                    },
                    {
                      "Node Type": "Hash",
                      "Parent Relationship": "Inner",
                      "Parallel Aware": true,
                      "Startup Cost": 225565.25,
                      "Total Cost": 225565.25,
                      "Plan Rows": 57579,
                      "Plan Width": 8,
                      "Actual Startup Time": 378.099,
                      "Actual Total Time": 378.104,
                      "Actual Rows": 25821,
                      "Actual Loops": 3,
                      "Hash Buckets": 524288,
                      "Original Hash Buckets": 524288,
                      "Hash Batches": 1,
                      "Original Hash Batches": 1,
                      "Peak Memory Usage": 7200,
                      "Plans": [
                        {
                          "Node Type": "Hash Join",
                          "Parent Relationship": "Outer",
                          "Parallel Aware": true,
                          "Join Type": "Inner",
                          "Startup Cost": 61446.53,
                          "Total Cost": 225565.25,
                          "Plan Rows": 57579,
                          "Plan Width": 8,
                          "Actual Startup Time": 292.037,
                          "Actual Total Time": 370.59,
                          "Actual Rows": 25821,
                          "Actual Loops": 3,
                          "Inner Unique": true,
                          "Hash Cond": "(mi.movie_id = t.id)",
                          "Plans": [
                            {
                              "Node Type": "Bitmap Heap Scan",
                              "Parent Relationship": "Outer",
                              "Parallel Aware": true,
                              "Relation Name": "movie_info",
                              "Alias": "mi",
                              "Startup Cost": 12730.49,
                              "Total Cost": 176480.28,
                              "Plan Rows": 140543,
                              "Plan Width": 4,
                              "Actual Startup Time": 23.468,
                              "Actual Total Time": 53.159,
                              "Actual Rows": 220308,
                              "Actual Loops": 3,
                              "Recheck Cond": "(info_type_id = 18)",
                              "Rows Removed by Index Recheck": 0,
                              "Exact Heap Blocks": 2281,
                              "Lossy Heap Blocks": 0,
                              "Plans": [
                                {
                                  "Node Type": "Bitmap Index Scan",
                                  "Parent Relationship": "Outer",
                                  "Parallel Aware": false,
                                  "Index Name": "info_type_id_movie_info",
                                  "Startup Cost": 0.0,
                                  "Total Cost": 12554.81,
                                  "Plan Rows": 702717,
                                  "Plan Width": 0,
                                  "Actual Startup Time": 22.494,
                                  "Actual Total Time": 22.494,
                                  "Actual Rows": 660923,
                                  "Actual Loops": 1,
                                  "Index Cond": "(info_type_id = 18)"
                                }
                              ]
                            },
                            {
                              "Node Type": "Hash",
                              "Parent Relationship": "Inner",
                              "Parallel Aware": true,
                              "Startup Cost": 45479.1,
                              "Total Cost": 45479.1,
                              "Plan Rows": 258955,
                              "Plan Width": 4,
                              "Actual Startup Time": 264.685,
                              "Actual Total Time": 264.685,
                              "Actual Rows": 378076,
                              "Actual Loops": 3,
                              "Hash Buckets": 2097152,
                              "Original Hash Buckets": 1048576,
                              "Hash Batches": 1,
                              "Original Hash Batches": 1,
                              "Peak Memory Usage": 68992,
                              "Plans": [
                                {
                                  "Node Type": "Seq Scan",
                                  "Parent Relationship": "Outer",
                                  "Parallel Aware": true,
                                  "Relation Name": "title",
                                  "Alias": "t",
                                  "Startup Cost": 0.0,
                                  "Total Cost": 45479.1,
                                  "Plan Rows": 258955,
                                  "Plan Width": 4,
                                  "Actual Startup Time": 0.056,
                                  "Actual Total Time": 126.333,
                                  "Actual Rows": 378076,
                                  "Actual Loops": 3,
                                  "Filter": "((production_year > 1992) AND (kind_id = 7))",
                                  "Rows Removed by Filter": 464695
                                }
                              ]
                            }
                          ]
                        }
                      ]
                    }
                  ]
                }
              ]
            }
          ]
        }
      ]
    },
    "Planning Time": 1.466,
    "Triggers": [],
    "Execution Time": 487.789
  }
]