[
  {
    "Plan": {
      "Node Type": "Aggregate",
      "Strategy": "Plain",
      "Partial Mode": "Simple",
      "Parallel Aware": false,
      "Startup Cost": 20249.01,
      "Total Cost": 20249.02,
      "Plan Rows": 1,
      "Plan Width": 8,
      "Actual Startup Time": 16.924,
      "Actual Total Time": 16.925,
      "Actual Rows": 1,
      "Actual Loops": 1,
      "Plans": [
        {
          "Node Type": "Bitmap Heap Scan",
          "Parent Relationship": "Outer",
          "Parallel Aware": false,
          "Relation Name": "movie_companies",
          "Alias": "mc",
          "Startup Cost": 863.9,
          "Total Cost": 20149.83,
          "Plan Rows": 39674,
          "Plan Width": 0,
          "Actual Startup Time": 2.468,
          "Actual Total Time": 13.617,
          "Actual Rows": 39601,
          "Actual Loops": 1,
          "Recheck Cond": "(company_id > 199762)",
          "Rows Removed by Index Recheck": 0,
          "Exact Heap Blocks": 1538,
          "Lossy Heap Blocks": 0,
          "Plans": [
            {
              "Node Type": "Bitmap Index Scan",
              "Parent Relationship": "Outer",
              "Parallel Aware": false,
              "Index Name": "company_id_movie_companies",
              "Startup Cost": 0.0,
              "Total Cost": 853.99,
              "Plan Rows": 39674,
              "Plan Width": 0,
              "Actual Startup Time": 2.217,
              "Actual Total Time": 2.217,
              "Actual Rows": 39601,
              "Actual Loops": 1,
              "Index Cond": "(company_id > 199762)"
            }
          ]
        }
      ]
    },
    "Planning Time": 0.124,
    "Triggers": [],
    "Execution Time": 16.958
  }
]