[
    {
        "Bao": {
            "Bao prediction": "NaN",
            "Bao recommended hint": "(no hint)"
        }
    },
    {
        "Plan": {
            "Node Type": "Aggregate",
            "Strategy": "Plain",
            "Partial Mode": "Finalize",
            "Parallel Aware": false,
            "Startup Cost": 33346.71,
            "Total Cost": 33346.72,
            "Plan Rows": 1,
            "Plan Width": 8,
            "Actual Startup Time": 97.153,
            "Actual Total Time": 103.388,
            "Actual Rows": 1,
            "Actual Loops": 1,
            "Output": [
                "count(*)"
            ],
            "Plans": [
                {
                    "Node Type": "Gather",
                    "Parent Relationship": "Outer",
                    "Parallel Aware": false,
                    "Startup Cost": 33346.39,
                    "Total Cost": 33346.7,
                    "Plan Rows": 3,
                    "Plan Width": 8,
                    "Actual Startup Time": 97.053,
                    "Actual Total Time": 103.382,
                    "Actual Rows": 4,
                    "Actual Loops": 1,
                    "Output": [
                        "(PARTIAL count(*))"
                    ],
                    "Workers Planned": 3,
                    "Workers Launched": 3,
                    "Single Copy": false,
                    "Plans": [
                        {
                            "Node Type": "Aggregate",
                            "Strategy": "Plain",
                            "Partial Mode": "Partial",
                            "Parent Relationship": "Outer",
                            "Parallel Aware": false,
                            "Startup Cost": 32346.39,
                            "Total Cost": 32346.4,
                            "Plan Rows": 1,
                            "Plan Width": 8,
                            "Actual Startup Time": 88.847,
                            "Actual Total Time": 88.848,
                            "Actual Rows": 1,
                            "Actual Loops": 4,
                            "Output": [
                                "PARTIAL count(*)"
                            ],
                            "Workers": [
                                {
                                    "Worker Number": 0,
                                    "Actual Startup Time": 86.041,
                                    "Actual Total Time": 86.043,
                                    "Actual Rows": 1,
                                    "Actual Loops": 1
                                },
                                {
                                    "Worker Number": 1,
                                    "Actual Startup Time": 86.164,
                                    "Actual Total Time": 86.165,
                                    "Actual Rows": 1,
                                    "Actual Loops": 1
                                },
                                {
                                    "Worker Number": 2,
                                    "Actual Startup Time": 86.537,
                                    "Actual Total Time": 86.537,
                                    "Actual Rows": 1,
                                    "Actual Loops": 1
                                }
                            ],
                            "Plans": [
                                {
                                    "Node Type": "Seq Scan",
                                    "Parent Relationship": "Outer",
                                    "Parallel Aware": true,
                                    "Relation Name": "movie_companies",
                                    "Schema": "public",
                                    "Alias": "mc",
                                    "Startup Cost": 0.0,
                                    "Total Cost": 31414.82,
                                    "Plan Rows": 372629,
                                    "Plan Width": 0,
                                    "Actual Startup Time": 45.053,
                                    "Actual Total Time": 78.795,
                                    "Actual Rows": 245874,
                                    "Actual Loops": 4,
                                    "Output": [
                                        "id",
                                        "movie_id",
                                        "company_id",
                                        "company_type_id",
                                        "note"
                                    ],
                                    "Filter": "((mc.company_id < 88137) AND (mc.company_type_id > 1))",
                                    "Rows Removed by Filter": 406408,
                                    "Workers": [
                                        {
                                            "Worker Number": 0,
                                            "Actual Startup Time": 42.247,
                                            "Actual Total Time": 76.363,
                                            "Actual Rows": 239004,
                                            "Actual Loops": 1
                                        },
                                        {
                                            "Worker Number": 1,
                                            "Actual Startup Time": 42.375,
                                            "Actual Total Time": 76.552,
                                            "Actual Rows": 237451,
                                            "Actual Loops": 1
                                        },
                                        {
                                            "Worker Number": 2,
                                            "Actual Startup Time": 42.741,
                                            "Actual Total Time": 76.85,
                                            "Actual Rows": 239160,
                                            "Actual Loops": 1
                                        }
                                    ]
                                }
                            ]
                        }
                    ]
                }
            ]
        },
        "Planning Time": 207.874,
        "Triggers": [],
        "Execution Time": 103.445
    }
]