{
    "Plan": {
        "Node Type": "Aggregate",
        "Strategy": "Plain",
        "Partial Mode": "Finalize",
        "Parallel Aware": false,
        "Startup Cost": 320363.83,
        "Total Cost": 320363.84,
        "Plan Rows": 1,
        "Plan Width": 8,
        "Actual Startup Time": 1592.844,
        "Actual Total Time": 1635.628,
        "Actual Rows": 1,
        "Actual Loops": 1,
        "Output": [
            "count(*)"
        ],
        "Plans": [
            {
                "Node Type": "Gather",
                "Parent Relationship": "Outer",
                "Parallel Aware": false,
                "Startup Cost": 320363.31,
                "Total Cost": 320363.82,
                "Plan Rows": 5,
                "Plan Width": 8,
                "Actual Startup Time": 1579.561,
                "Actual Total Time": 1635.608,
                "Actual Rows": 6,
                "Actual Loops": 1,
                "Output": [
                    "(PARTIAL count(*))"
                ],
                "Workers Planned": 5,
                "Workers Launched": 5,
                "Single Copy": false,
                "Plans": [
                    {
                        "Node Type": "Aggregate",
                        "Strategy": "Plain",
                        "Partial Mode": "Partial",
                        "Parent Relationship": "Outer",
                        "Parallel Aware": false,
                        "Startup Cost": 319363.31,
                        "Total Cost": 319363.32,
                        "Plan Rows": 1,
                        "Plan Width": 8,
                        "Actual Startup Time": 1566.225,
                        "Actual Total Time": 1566.658,
                        "Actual Rows": 1,
                        "Actual Loops": 6,
                        "Output": [
                            "PARTIAL count(*)"
                        ],
                        "Workers": [
                            {
                                "Worker Number": 0,
                                "Actual Startup Time": 1563.198,
                                "Actual Total Time": 1563.205,
                                "Actual Rows": 1,
                                "Actual Loops": 1
                            },
                            {
                                "Worker Number": 1,
                                "Actual Startup Time": 1563.629,
                                "Actual Total Time": 1563.635,
                                "Actual Rows": 1,
                                "Actual Loops": 1
                            },
                            {
                                "Worker Number": 2,
                                "Actual Startup Time": 1564.838,
                                "Actual Total Time": 1564.843,
                                "Actual Rows": 1,
                                "Actual Loops": 1
                            },
                            {
                                "Worker Number": 3,
                                "Actual Startup Time": 1563.389,
                                "Actual Total Time": 1563.394,
                                "Actual Rows": 1,
                                "Actual Loops": 1
                            },
                            {
                                "Worker Number": 4,
                                "Actual Startup Time": 1563.646,
                                "Actual Total Time": 1563.651,
                                "Actual Rows": 1,
                                "Actual Loops": 1
                            }
                        ],
                        "Plans": [
                            {
                                "Node Type": "Hash Join",
                                "Parent Relationship": "Outer",
                                "Parallel Aware": true,
                                "Join Type": "Inner",
                                "Startup Cost": 103567.09,
                                "Total Cost": 313588.27,
                                "Plan Rows": 2310017,
                                "Plan Width": 0,
                                "Actual Startup Time": 472.882,
                                "Actual Total Time": 1438.728,
                                "Actual Rows": 2837427,
                                "Actual Loops": 6,
                                "Inner Unique": false,
                                "Hash Cond": "(mi.movie_id = t.id)",
                                "Workers": [
                                    {
                                        "Worker Number": 0,
                                        "Actual Startup Time": 469.717,
                                        "Actual Total Time": 1446.631,
                                        "Actual Rows": 2980306,
                                        "Actual Loops": 1
                                    },
                                    {
                                        "Worker Number": 1,
                                        "Actual Startup Time": 470.523,
                                        "Actual Total Time": 1426.915,
                                        "Actual Rows": 2183390,
                                        "Actual Loops": 1
                                    },
                                    {
                                        "Worker Number": 2,
                                        "Actual Startup Time": 470.516,
                                        "Actual Total Time": 1441.836,
                                        "Actual Rows": 3202840,
                                        "Actual Loops": 1
                                    },
                                    {
                                        "Worker Number": 3,
                                        "Actual Startup Time": 470.24,
                                        "Actual Total Time": 1444.955,
                                        "Actual Rows": 3026739,
                                        "Actual Loops": 1
                                    },
                                    {
                                        "Worker Number": 4,
                                        "Actual Startup Time": 470.51,
                                        "Actual Total Time": 1440.708,
                                        "Actual Rows": 3179103,
                                        "Actual Loops": 1
                                    }
                                ],
                                "Plans": [
                                    {
                                        "Node Type": "Seq Scan",
                                        "Parent Relationship": "Outer",
                                        "Parallel Aware": true,
                                        "Relation Name": "movie_info",
                                        "Schema": "public",
                                        "Alias": "mi",
                                        "Startup Cost": 0.0,
                                        "Total Cost": 191503.19,
                                        "Plan Rows": 2951019,
                                        "Plan Width": 4,
                                        "Actual Startup Time": 0.034,
                                        "Actual Total Time": 298.923,
                                        "Actual Rows": 2472620,
                                        "Actual Loops": 6,
                                        "Output": [
                                            "mi.id",
                                            "mi.movie_id",
                                            "mi.info_type_id",
                                            "mi.info",
                                            "mi.note"
                                        ],
                                        "Workers": [
                                            {
                                                "Worker Number": 0,
                                                "Actual Startup Time": 0.039,
                                                "Actual Total Time": 313.165,
                                                "Actual Rows": 2560407,
                                                "Actual Loops": 1
                                            },
                                            {
                                                "Worker Number": 1,
                                                "Actual Startup Time": 0.041,
                                                "Actual Total Time": 315.13,
                                                "Actual Rows": 1869213,
                                                "Actual Loops": 1
                                            },
                                            {
                                                "Worker Number": 2,
                                                "Actual Startup Time": 0.036,
                                                "Actual Total Time": 306.667,
                                                "Actual Rows": 2840504,
                                                "Actual Loops": 1
                                            },
                                            {
                                                "Worker Number": 3,
                                                "Actual Startup Time": 0.043,
                                                "Actual Total Time": 312.12,
                                                "Actual Rows": 2579076,
                                                "Actual Loops": 1
                                            },
                                            {
                                                "Worker Number": 4,
                                                "Actual Startup Time": 0.032,
                                                "Actual Total Time": 306.557,
                                                "Actual Rows": 2803607,
                                                "Actual Loops": 1
                                            }
                                        ]
                                    },
                                    {
                                        "Node Type": "Hash",
                                        "Parent Relationship": "Inner",
                                        "Parallel Aware": true,
                                        "Startup Cost": 95586.7,
                                        "Total Cost": 95586.7,
                                        "Plan Rows": 638431,
                                        "Plan Width": 8,
                                        "Actual Startup Time": 467.167,
                                        "Actual Total Time": 467.598,
                                        "Actual Rows": 177828,
                                        "Actual Loops": 6,
                                        "Output": [
                                            "t.id",
                                            "mk.movie_id"
                                        ],
                                        "Hash Buckets": 2097152,
                                        "Original Hash Buckets": 2097152,
                                        "Hash Batches": 1,
                                        "Original Hash Batches": 1,
                                        "Peak Memory Usage": 58240,
                                        "Workers": [
                                            {
                                                "Worker Number": 0,
                                                "Actual Startup Time": 468.989,
                                                "Actual Total Time": 468.994,
                                                "Actual Rows": 183707,
                                                "Actual Loops": 1
                                            },
                                            {
                                                "Worker Number": 1,
                                                "Actual Startup Time": 469.376,
                                                "Actual Total Time": 469.379,
                                                "Actual Rows": 136864,
                                                "Actual Loops": 1
                                            },
                                            {
                                                "Worker Number": 2,
                                                "Actual Startup Time": 469.357,
                                                "Actual Total Time": 469.36,
                                                "Actual Rows": 199683,
                                                "Actual Loops": 1
                                            },
                                            {
                                                "Worker Number": 3,
                                                "Actual Startup Time": 469.135,
                                                "Actual Total Time": 469.139,
                                                "Actual Rows": 186511,
                                                "Actual Loops": 1
                                            },
                                            {
                                                "Worker Number": 4,
                                                "Actual Startup Time": 469.365,
                                                "Actual Total Time": 469.369,
                                                "Actual Rows": 200963,
                                                "Actual Loops": 1
                                            }
                                        ],
                                        "Plans": [
                                            {
                                                "Node Type": "Hash Join",
                                                "Parent Relationship": "Outer",
                                                "Parallel Aware": true,
                                                "Join Type": "Inner",
                                                "Startup Cost": 49887.03,
                                                "Total Cost": 95586.7,
                                                "Plan Rows": 638431,
                                                "Plan Width": 8,
                                                "Actual Startup Time": 202.068,
                                                "Actual Total Time": 386.35,
                                                "Actual Rows": 177828,
                                                "Actual Loops": 6,
                                                "Output": [
                                                    "t.id",
                                                    "mk.movie_id"
                                                ],
                                                "Inner Unique": true,
                                                "Hash Cond": "(mk.movie_id = t.id)",
                                                "Workers": [
                                                    {
                                                        "Worker Number": 0,
                                                        "Actual Startup Time": 202.071,
                                                        "Actual Total Time": 386.832,
                                                        "Actual Rows": 183707,
                                                        "Actual Loops": 1
                                                    },
                                                    {
                                                        "Worker Number": 1,
                                                        "Actual Startup Time": 202.051,
                                                        "Actual Total Time": 385.685,
                                                        "Actual Rows": 136864,
                                                        "Actual Loops": 1
                                                    },
                                                    {
                                                        "Worker Number": 2,
                                                        "Actual Startup Time": 202.09,
                                                        "Actual Total Time": 386.147,
                                                        "Actual Rows": 199683,
                                                        "Actual Loops": 1
                                                    },
                                                    {
                                                        "Worker Number": 3,
                                                        "Actual Startup Time": 202.023,
                                                        "Actual Total Time": 386.424,
                                                        "Actual Rows": 186511,
                                                        "Actual Loops": 1
                                                    },
                                                    {
                                                        "Worker Number": 4,
                                                        "Actual Startup Time": 202.03,
                                                        "Actual Total Time": 386.111,
                                                        "Actual Rows": 200963,
                                                        "Actual Loops": 1
                                                    }
                                                ],
                                                "Plans": [
                                                    {
                                                        "Node Type": "Seq Scan",
                                                        "Parent Relationship": "Outer",
                                                        "Parallel Aware": true,
                                                        "Relation Name": "movie_keyword",
                                                        "Schema": "public",
                                                        "Alias": "mk",
                                                        "Startup Cost": 0.0,
                                                        "Total Cost": 42695.65,
                                                        "Plan Rows": 1144386,
                                                        "Plan Width": 4,
                                                        "Actual Startup Time": 0.047,
                                                        "Actual Total Time": 101.756,
                                                        "Actual Rows": 590655,
                                                        "Actual Loops": 6,
                                                        "Output": [
                                                            "mk.id",
                                                            "mk.movie_id",
                                                            "mk.keyword_id"
                                                        ],
                                                        "Filter": "(mk.keyword_id > 917)",
                                                        "Rows Removed by Filter": 163333,
                                                        "Workers": [
                                                            {
                                                                "Worker Number": 0,
                                                                "Actual Startup Time": 0.032,
                                                                "Actual Total Time": 103.694,
                                                                "Actual Rows": 617715,
                                                                "Actual Loops": 1
                                                            },
                                                            {
                                                                "Worker Number": 1,
                                                                "Actual Startup Time": 0.033,
                                                                "Actual Total Time": 103.581,
                                                                "Actual Rows": 452764,
                                                                "Actual Loops": 1
                                                            },
                                                            {
                                                                "Worker Number": 2,
                                                                "Actual Startup Time": 0.021,
                                                                "Actual Total Time": 103.719,
                                                                "Actual Rows": 656432,
                                                                "Actual Loops": 1
                                                            },
                                                            {
                                                                "Worker Number": 3,
                                                                "Actual Startup Time": 0.029,
                                                                "Actual Total Time": 103.773,
                                                                "Actual Rows": 617602,
                                                                "Actual Loops": 1
                                                            },
                                                            {
                                                                "Worker Number": 4,
                                                                "Actual Startup Time": 0.028,
                                                                "Actual Total Time": 103.488,
                                                                "Actual Rows": 658512,
                                                                "Actual Loops": 1
                                                            }
                                                        ]
                                                    },
                                                    {
                                                        "Node Type": "Hash",
                                                        "Parent Relationship": "Inner",
                                                        "Parallel Aware": true,
                                                        "Startup Cost": 45479.21,
                                                        "Total Cost": 45479.21,
                                                        "Plan Rows": 352626,
                                                        "Plan Width": 4,
                                                        "Actual Startup Time": 199.209,
                                                        "Actual Total Time": 199.21,
                                                        "Actual Rows": 233120,
                                                        "Actual Loops": 6,
                                                        "Output": [
                                                            "t.id"
                                                        ],
                                                        "Hash Buckets": 2097152,
                                                        "Original Hash Buckets": 2097152,
                                                        "Hash Batches": 1,
                                                        "Original Hash Batches": 1,
                                                        "Peak Memory Usage": 71200,
                                                        "Workers": [
                                                            {
                                                                "Worker Number": 0,
                                                                "Actual Startup Time": 201.769,
                                                                "Actual Total Time": 201.77,
                                                                "Actual Rows": 226093,
                                                                "Actual Loops": 1
                                                            },
                                                            {
                                                                "Worker Number": 1,
                                                                "Actual Startup Time": 201.7,
                                                                "Actual Total Time": 201.701,
                                                                "Actual Rows": 184607,
                                                                "Actual Loops": 1
                                                            },
                                                            {
                                                                "Worker Number": 2,
                                                                "Actual Startup Time": 201.741,
                                                                "Actual Total Time": 201.742,
                                                                "Actual Rows": 251659,
                                                                "Actual Loops": 1
                                                            },
                                                            {
                                                                "Worker Number": 3,
                                                                "Actual Startup Time": 201.74,
                                                                "Actual Total Time": 201.741,
                                                                "Actual Rows": 225935,
                                                                "Actual Loops": 1
                                                            },
                                                            {
                                                                "Worker Number": 4,
                                                                "Actual Startup Time": 201.764,
                                                                "Actual Total Time": 201.765,
                                                                "Actual Rows": 246710,
                                                                "Actual Loops": 1
                                                            }
                                                        ],
                                                        "Plans": [
                                                            {
                                                                "Node Type": "Seq Scan",
                                                                "Parent Relationship": "Outer",
                                                                "Parallel Aware": true,
                                                                "Relation Name": "title",
                                                                "Schema": "public",
                                                                "Alias": "t",
                                                                "Startup Cost": 0.0,
                                                                "Total Cost": 45479.21,
                                                                "Plan Rows": 352626,
                                                                "Plan Width": 4,
                                                                "Actual Startup Time": 0.067,
                                                                "Actual Total Time": 91.277,
                                                                "Actual Rows": 233120,
                                                                "Actual Loops": 6,
                                                                "Output": [
                                                                    "t.id"
                                                                ],
                                                                "Filter": "((t.kind_id > 1) AND (t.production_year < 2010))",
                                                                "Rows Removed by Filter": 188265,
                                                                "Workers": [
                                                                    {
                                                                        "Worker Number": 0,
                                                                        "Actual Startup Time": 0.078,
                                                                        "Actual Total Time": 91.241,
                                                                        "Actual Rows": 226093,
                                                                        "Actual Loops": 1
                                                                    },
                                                                    {
                                                                        "Worker Number": 1,
                                                                        "Actual Startup Time": 0.078,
                                                                        "Actual Total Time": 95.763,
                                                                        "Actual Rows": 184607,
                                                                        "Actual Loops": 1
                                                                    },
                                                                    {
                                                                        "Worker Number": 2,
                                                                        "Actual Startup Time": 0.08,
                                                                        "Actual Total Time": 92.755,
                                                                        "Actual Rows": 251659,
                                                                        "Actual Loops": 1
                                                                    },
                                                                    {
                                                                        "Worker Number": 3,
                                                                        "Actual Startup Time": 0.076,
                                                                        "Actual Total Time": 91.571,
                                                                        "Actual Rows": 225935,
                                                                        "Actual Loops": 1
                                                                    },
                                                                    {
                                                                        "Worker Number": 4,
                                                                        "Actual Startup Time": 0.072,
                                                                        "Actual Total Time": 92.714,
                                                                        "Actual Rows": 246710,
                                                                        "Actual Loops": 1
                                                                    }
                                                                ]
                                                            }
                                                        ]
                                                    }
                                                ]
                                            }
                                        ]
                                    }
                                ]
                            }
                        ]
                    }
                ]
            }
        ]
    },
    "Planning Time": 1.563,
    "Triggers": [],
    "Execution Time": 1635.722
}