{
    "Plan": {
        "Node Type": "Aggregate",
        "Strategy": "Plain",
        "Partial Mode": "Simple",
        "Parallel Aware": false,
        "Startup Cost": 20000003650.43,
        "Total Cost": 20000003650.44,
        "Plan Rows": 1,
        "Plan Width": 8,
        "Actual Startup Time": 56.635,
        "Actual Total Time": 56.638,
        "Actual Rows": 1,
        "Actual Loops": 1,
        "Output": [
            "count(*)"
        ],
        "Plans": [
            {
                "Node Type": "Nested Loop",
                "Parent Relationship": "Outer",
                "Parallel Aware": false,
                "Join Type": "Inner",
                "Startup Cost": 20000000011.21,
                "Total Cost": 20000003650.05,
                "Plan Rows": 154,
                "Plan Width": 0,
                "Actual Startup Time": 2.067,
                "Actual Total Time": 55.877,
                "Actual Rows": 8208,
                "Actual Loops": 1,
                "Inner Unique": false,
                "Plans": [
                    {
                        "Node Type": "Nested Loop",
                        "Parent Relationship": "Outer",
                        "Parallel Aware": false,
                        "Join Type": "Inner",
                        "Startup Cost": 10000000010.71,
                        "Total Cost": 10000002959.17,
                        "Plan Rows": 150,
                        "Plan Width": 8,
                        "Actual Startup Time": 1.172,
                        "Actual Total Time": 37.529,
                        "Actual Rows": 523,
                        "Actual Loops": 1,
                        "Output": [
                            "t.id",
                            "mk.movie_id"
                        ],
                        "Inner Unique": true,
                        "Plans": [
                            {
                                "Node Type": "Bitmap Heap Scan",
                                "Parent Relationship": "Outer",
                                "Parallel Aware": false,
                                "Relation Name": "movie_keyword",
                                "Schema": "public",
                                "Alias": "mk",
                                "Startup Cost": 6.32,
                                "Total Cost": 908.7,
                                "Plan Rows": 244,
                                "Plan Width": 4,
                                "Actual Startup Time": 0.977,
                                "Actual Total Time": 10.442,
                                "Actual Rows": 818,
                                "Actual Loops": 1,
                                "Output": [
                                    "mk.id",
                                    "mk.movie_id",
                                    "mk.keyword_id"
                                ],
                                "Recheck Cond": "(mk.keyword_id = 3688)",
                                "Rows Removed by Index Recheck": 0,
                                "Exact Heap Blocks": 788,
                                "Lossy Heap Blocks": 0,
                                "Plans": [
                                    {
                                        "Node Type": "Bitmap Index Scan",
                                        "Parent Relationship": "Outer",
                                        "Parallel Aware": false,
                                        "Index Name": "keyword_id_movie_keyword",
                                        "Startup Cost": 0.0,
                                        "Total Cost": 6.26,
                                        "Plan Rows": 244,
                                        "Plan Width": 0,
                                        "Actual Startup Time": 0.611,
                                        "Actual Total Time": 0.611,
                                        "Actual Rows": 818,
                                        "Actual Loops": 1,
                                        "Index Cond": "(mk.keyword_id = 3688)"
                                    }
                                ]
                            },
                            {
                                "Node Type": "Bitmap Heap Scan",
                                "Parent Relationship": "Inner",
                                "Parallel Aware": false,
                                "Relation Name": "title",
                                "Schema": "public",
                                "Alias": "t",
                                "Startup Cost": 4.39,
                                "Total Cost": 8.4,
                                "Plan Rows": 1,
                                "Plan Width": 4,
                                "Actual Startup Time": 0.03,
                                "Actual Total Time": 0.03,
                                "Actual Rows": 1,
                                "Actual Loops": 818,
                                "Output": [
                                    "t.id",
                                    "t.title",
                                    "t.imdb_index",
                                    "t.kind_id",
                                    "t.production_year",
                                    "t.imdb_id",
                                    "t.phonetic_code",
                                    "t.episode_of_id",
                                    "t.season_nr",
                                    "t.episode_nr",
                                    "t.series_years",
                                    "t.md5sum"
                                ],
                                "Recheck Cond": "(t.id = mk.movie_id)",
                                "Rows Removed by Index Recheck": 0,
                                "Filter": "(t.production_year < 2007)",
                                "Rows Removed by Filter": 0,
                                "Exact Heap Blocks": 818,
                                "Lossy Heap Blocks": 0,
                                "Plans": [
                                    {
                                        "Node Type": "Bitmap Index Scan",
                                        "Parent Relationship": "Outer",
                                        "Parallel Aware": false,
                                        "Index Name": "title_pkey",
                                        "Startup Cost": 0.0,
                                        "Total Cost": 4.39,
                                        "Plan Rows": 1,
                                        "Plan Width": 0,
                                        "Actual Startup Time": 0.016,
                                        "Actual Total Time": 0.016,
                                        "Actual Rows": 1,
                                        "Actual Loops": 818,
                                        "Index Cond": "(t.id = mk.movie_id)"
                                    }
                                ]
                            }
                        ]
                    },
                    {
                        "Node Type": "Bitmap Heap Scan",
                        "Parent Relationship": "Inner",
                        "Parallel Aware": false,
                        "Relation Name": "movie_companies",
                        "Schema": "public",
                        "Alias": "mc",
                        "Startup Cost": 0.49,
                        "Total Cost": 4.56,
                        "Plan Rows": 5,
                        "Plan Width": 4,
                        "Actual Startup Time": 0.024,
                        "Actual Total Time": 0.03,
                        "Actual Rows": 16,
                        "Actual Loops": 523,
                        "Output": [
                            "mc.id",
                            "mc.movie_id",
                            "mc.company_id",
                            "mc.company_type_id",
                            "mc.note"
                        ],
                        "Recheck Cond": "(mc.movie_id = t.id)",
                        "Rows Removed by Index Recheck": 0,
                        "Exact Heap Blocks": 1082,
                        "Lossy Heap Blocks": 0,
                        "Plans": [
                            {
                                "Node Type": "Bitmap Index Scan",
                                "Parent Relationship": "Outer",
                                "Parallel Aware": false,
                                "Index Name": "movie_id_movie_companies",
                                "Startup Cost": 0.0,
                                "Total Cost": 0.49,
                                "Plan Rows": 5,
                                "Plan Width": 0,
                                "Actual Startup Time": 0.017,
                                "Actual Total Time": 0.017,
                                "Actual Rows": 16,
                                "Actual Loops": 523,
                                "Index Cond": "(mc.movie_id = t.id)"
                            }
                        ]
                    }
                ]
            }
        ]
    },
    "Planning Time": 3.768,
    "Triggers": [],
    "Execution Time": 57.116
}