[
    {
        "Bao": {
            "Bao prediction": "NaN",
            "Bao recommended hint": "(no hint)"
        }
    },
    {
        "Plan": {
            "Node Type": "Aggregate",
            "Strategy": "Plain",
            "Partial Mode": "Finalize",
            "Parallel Aware": false,
            "Startup Cost": 30842.34,
            "Total Cost": 30842.35,
            "Plan Rows": 1,
            "Plan Width": 8,
            "Actual Startup Time": 82.438,
            "Actual Total Time": 86.651,
            "Actual Rows": 1,
            "Actual Loops": 1,
            "Output": [
                "count(*)"
            ],
            "Plans": [
                {
                    "Node Type": "Gather",
                    "Parent Relationship": "Outer",
                    "Parallel Aware": false,
                    "Startup Cost": 30842.02,
                    "Total Cost": 30842.33,
                    "Plan Rows": 3,
                    "Plan Width": 8,
                    "Actual Startup Time": 82.307,
                    "Actual Total Time": 86.644,
                    "Actual Rows": 4,
                    "Actual Loops": 1,
                    "Output": [
                        "(PARTIAL count(*))"
                    ],
                    "Workers Planned": 3,
                    "Workers Launched": 3,
                    "Single Copy": false,
                    "Plans": [
                        {
                            "Node Type": "Aggregate",
                            "Strategy": "Plain",
                            "Partial Mode": "Partial",
                            "Parent Relationship": "Outer",
                            "Parallel Aware": false,
                            "Startup Cost": 29842.02,
                            "Total Cost": 29842.03,
                            "Plan Rows": 1,
                            "Plan Width": 8,
                            "Actual Startup Time": 73.754,
                            "Actual Total Time": 73.756,
                            "Actual Rows": 1,
                            "Actual Loops": 4,
                            "Output": [
                                "PARTIAL count(*)"
                            ],
                            "Workers": [
                                {
                                    "Worker Number": 0,
                                    "Actual Startup Time": 70.986,
                                    "Actual Total Time": 70.987,
                                    "Actual Rows": 1,
                                    "Actual Loops": 1
                                },
                                {
                                    "Worker Number": 1,
                                    "Actual Startup Time": 71.009,
                                    "Actual Total Time": 71.01,
                                    "Actual Rows": 1,
                                    "Actual Loops": 1
                                },
                                {
                                    "Worker Number": 2,
                                    "Actual Startup Time": 70.982,
                                    "Actual Total Time": 70.983,
                                    "Actual Rows": 1,
                                    "Actual Loops": 1
                                }
                            ],
                            "Plans": [
                                {
                                    "Node Type": "Bitmap Heap Scan",
                                    "Parent Relationship": "Outer",
                                    "Parallel Aware": true,
                                    "Relation Name": "movie_companies",
                                    "Schema": "public",
                                    "Alias": "mc",
                                    "Startup Cost": 8886.57,
                                    "Total Cost": 29672.43,
                                    "Plan Rows": 67837,
                                    "Plan Width": 0,
                                    "Actual Startup Time": 27.575,
                                    "Actual Total Time": 67.014,
                                    "Actual Rows": 104343,
                                    "Actual Loops": 4,
                                    "Recheck Cond": "(mc.company_id > 80294)",
                                    "Rows Removed by Index Recheck": 0,
                                    "Filter": "(mc.company_type_id > 1)",
                                    "Rows Removed by Filter": 0,
                                    "Exact Heap Blocks": 3669,
                                    "Lossy Heap Blocks": 0,
                                    "Workers": [
                                        {
                                            "Worker Number": 0,
                                            "Actual Startup Time": 24.932,
                                            "Actual Total Time": 64.704,
                                            "Actual Rows": 69524,
                                            "Actual Loops": 1
                                        },
                                        {
                                            "Worker Number": 1,
                                            "Actual Startup Time": 24.875,
                                            "Actual Total Time": 64.7,
                                            "Actual Rows": 69033,
                                            "Actual Loops": 1
                                        },
                                        {
                                            "Worker Number": 2,
                                            "Actual Startup Time": 24.823,
                                            "Actual Total Time": 64.969,
                                            "Actual Rows": 56232,
                                            "Actual Loops": 1
                                        }
                                    ],
                                    "Plans": [
                                        {
                                            "Node Type": "Bitmap Index Scan",
                                            "Parent Relationship": "Outer",
                                            "Parallel Aware": false,
                                            "Index Name": "company_id_movie_companies",
                                            "Startup Cost": 0.0,
                                            "Total Cost": 8834.0,
                                            "Plan Rows": 412476,
                                            "Plan Width": 0,
                                            "Actual Startup Time": 34.845,
                                            "Actual Total Time": 34.85,
                                            "Actual Rows": 417373,
                                            "Actual Loops": 1,
                                            "Index Cond": "(mc.company_id > 80294)"
                                        }
                                    ]
                                }
                            ]
                        }
                    ]
                }
            ]
        },
        "Planning Time": 186.31,
        "Triggers": [],
        "Execution Time": 86.705
    }
]