[
  {
    "Plan": {
      "Node Type": "Aggregate",
      "Strategy": "Plain",
      "Partial Mode": "Finalize",
      "Parallel Aware": false,
      "Startup Cost": 31925.67,
      "Total Cost": 31925.68,
      "Plan Rows": 1,
      "Plan Width": 8,
      "Actual Startup Time": 117.286,
      "Actual Total Time": 125.013,
      "Actual Rows": 1,
      "Actual Loops": 1,
      "Plans": [
        {
          "Node Type": "Gather",
          "Parent Relationship": "Outer",
          "Parallel Aware": false,
          "Startup Cost": 31925.36,
          "Total Cost": 31925.67,
          "Plan Rows": 3,
          "Plan Width": 8,
          "Actual Startup Time": 117.185,
          "Actual Total Time": 125.004,
          "Actual Rows": 4,
          "Actual Loops": 1,
          "Workers Planned": 3,
          "Workers Launched": 3,
          "Single Copy": false,
          "Plans": [
            {
              "Node Type": "Aggregate",
              "Strategy": "Plain",
              "Partial Mode": "Partial",
              "Parent Relationship": "Outer",
              "Parallel Aware": false,
              "Startup Cost": 30925.36,
              "Total Cost": 30925.37,
              "Plan Rows": 1,
              "Plan Width": 8,
              "Actual Startup Time": 113.048,
              "Actual Total Time": 113.049,
              "Actual Rows": 1,
              "Actual Loops": 4,
              "Plans": [
                {
                  "Node Type": "Seq Scan",
                  "Parent Relationship": "Outer",
                  "Parallel Aware": true,
                  "Relation Name": "movie_companies",
                  "Alias": "mc",
                  "Startup Cost": 0.0,
                  "Total Cost": 29310.68,
                  "Plan Rows": 645870,
                  "Plan Width": 0,
                  "Actual Startup Time": 0.308,
                  "Actual Total Time": 86.587,
                  "Actual Rows": 502242,
                  "Actual Loops": 4,
                  "Filter": "(company_id > 687)",
                  "Rows Removed by Filter": 150040
                }
              ]
            }
          ]
        }
      ]
    },
    "Planning Time": 0.176,
    "Triggers": [],
    "Execution Time": 125.072
  }
]