[
  {
    "Plan": {
      "Node Type": "Aggregate",
      "Strategy": "Plain",
      "Partial Mode": "Simple",
      "Parallel Aware": false,
      "Startup Cost": 3836.49,
      "Total Cost": 3836.5,
      "Plan Rows": 1,
      "Plan Width": 96,
      "Actual Startup Time": 117.726,
      "Actual Total Time": 117.732,
      "Actual Rows": 1,
      "Actual Loops": 1,
      "Plans": [
        {
          "Node Type": "Nested Loop",
          "Parent Relationship": "Outer",
          "Parallel Aware": false,
          "Join Type": "Inner",
          "Startup Cost": 11.97,
          "Total Cost": 3836.41,
          "Plan Rows": 10,
          "Plan Width": 46,
          "Actual Startup Time": 10.136,
          "Actual Total Time": 117.535,
          "Actual Rows": 308,
          "Actual Loops": 1,
          "Inner Unique": true,
          "Plans": [
            {
              "Node Type": "Nested Loop",
              "Parent Relationship": "Outer",
              "Parallel Aware": false,
              "Join Type": "Inner",
              "Startup Cost": 11.54,
              "Total Cost": 3791.7,
              "Plan Rows": 10,
              "Plan Width": 33,
              "Actual Startup Time": 9.988,
              "Actual Total Time": 108.7,
              "Actual Rows": 308,
              "Actual Loops": 1,
              "Inner Unique": true,
              "Plans": [
                {
                  "Node Type": "Nested Loop",
                  "Parent Relationship": "Outer",
                  "Parallel Aware": false,
                  "Join Type": "Inner",
                  "Startup Cost": 11.11,
                  "Total Cost": 3786.82,
                  "Plan Rows": 10,
                  "Plan Width": 24,
                  "Actual Startup Time": 9.904,
                  "Actual Total Time": 106.719,
                  "Actual Rows": 308,
                  "Actual Loops": 1,
                  "Inner Unique": true,
                  "Join Filter": "(ml.link_type_id = lt.id)",
                  "Rows Removed by Join Filter": 1900,
                  "Plans": [
                    {
                      "Node Type": "Nested Loop",
                      "Parent Relationship": "Outer",
                      "Parallel Aware": false,
                      "Join Type": "Inner",
                      "Startup Cost": 11.11,
                      "Total Cost": 3783.14,
                      "Plan Rows": 10,
                      "Plan Width": 16,
                      "Actual Startup Time": 9.875,
                      "Actual Total Time": 106.253,
                      "Actual Rows": 308,
                      "Actual Loops": 1,
                      "Inner Unique": false,
                      "Plans": [
                        {
                          "Node Type": "Nested Loop",
                          "Parent Relationship": "Outer",
                          "Parallel Aware": false,
                          "Join Type": "Inner",
                          "Startup Cost": 10.82,
                          "Total Cost": 3768.68,
                          "Plan Rows": 34,
                          "Plan Width": 4,
                          "Actual Startup Time": 9.85,
                          "Actual Total Time": 84.383,
                          "Actual Rows": 20522,
                          "Actual Loops": 1,
                          "Inner Unique": false,
                          "Plans": [
                            {
                              "Node Type": "Seq Scan",
                              "Parent Relationship": "Outer",
                              "Parallel Aware": false,
                              "Relation Name": "keyword",
                              "Alias": "k",
                              "Startup Cost": 0.0,
                              "Total Cost": 2626.12,
                              "Plan Rows": 1,
                              "Plan Width": 4,
                              "Actual Startup Time": 1.348,
                              "Actual Total Time": 11.589,
                              "Actual Rows": 1,
                              "Actual Loops": 1,
                              "Filter": "(keyword = 'female-nudity'::text)",
                              "Rows Removed by Filter": 134169
                            },
                            {
                              "Node Type": "Bitmap Heap Scan",
                              "Parent Relationship": "Inner",
                              "Parallel Aware": false,
                              "Relation Name": "movie_keyword",
                              "Alias": "mk",
                              "Startup Cost": 10.82,
                              "Total Cost": 1139.48,
                              "Plan Rows": 308,
                              "Plan Width": 8,
                              "Actual Startup Time": 8.492,
                              "Actual Total Time": 70.168,
                              "Actual Rows": 20522,
                              "Actual Loops": 1,
                              "Recheck Cond": "(keyword_id = k.id)",
                              "Rows Removed by Index Recheck": 0,
                              "Exact Heap Blocks": 11073,
                              "Lossy Heap Blocks": 0,
                              "Plans": [
                                {
                                  "Node Type": "Bitmap Index Scan",
                                  "Parent Relationship": "Outer",
                                  "Parallel Aware": false,
                                  "Index Name": "keyword_id_movie_keyword",
                                  "Startup Cost": 0.0,
                                  "Total Cost": 10.74,
                                  "Plan Rows": 308,
                                  "Plan Width": 0,
                                  "Actual Startup Time": 5.828,
                                  "Actual Total Time": 5.829,
                                  "Actual Rows": 20522,
                                  "Actual Loops": 1,
                                  "Index Cond": "(keyword_id = k.id)"
                                }
                              ]
                            }
                          ]
                        },
                        {
                          "Node Type": "Index Scan",
                          "Parent Relationship": "Inner",
                          "Parallel Aware": false,
                          "Scan Direction": "Forward",
                          "Index Name": "movie_id_movie_link",
                          "Relation Name": "movie_link",
                          "Alias": "ml",
                          "Startup Cost": 0.29,
                          "Total Cost": 0.38,
                          "Plan Rows": 5,
                          "Plan Width": 12,
                          "Actual Startup Time": 0.001,
                          "Actual Total Time": 0.001,
                          "Actual Rows": 0,
                          "Actual Loops": 20522,
                          "Index Cond": "(movie_id = mk.movie_id)",
                          "Rows Removed by Index Recheck": 0
                        }
                      ]
                    },
                    {
                      "Node Type": "Materialize",
                      "Parent Relationship": "Inner",
                      "Parallel Aware": false,
                      "Startup Cost": 0.0,
                      "Total Cost": 1.27,
                      "Plan Rows": 18,
                      "Plan Width": 16,
                      "Actual Startup Time": 0.0,
                      "Actual Total Time": 0.001,
                      "Actual Rows": 7,
                      "Actual Loops": 308,
                      "Plans": [
                        {
                          "Node Type": "Seq Scan",
                          "Parent Relationship": "Outer",
                          "Parallel Aware": false,
                          "Relation Name": "link_type",
                          "Alias": "lt",
                          "Startup Cost": 0.0,
                          "Total Cost": 1.18,
                          "Plan Rows": 18,
                          "Plan Width": 16,
                          "Actual Startup Time": 0.009,
                          "Actual Total Time": 0.013,
                          "Actual Rows": 16,
                          "Actual Loops": 1
                        }
                      ]
                    }
                  ]
                },
                {
                  "Node Type": "Index Scan",
                  "Parent Relationship": "Inner",
                  "Parallel Aware": false,
                  "Scan Direction": "Forward",
                  "Index Name": "title_pkey",
                  "Relation Name": "title",
                  "Alias": "t1",
                  "Startup Cost": 0.43,
                  "Total Cost": 0.49,
                  "Plan Rows": 1,
                  "Plan Width": 21,
                  "Actual Startup Time": 0.006,
                  "Actual Total Time": 0.006,
                  "Actual Rows": 1,
                  "Actual Loops": 308,
                  "Index Cond": "(id = mk.movie_id)",
                  "Rows Removed by Index Recheck": 0
                }
              ]
            },
            {
              "Node Type": "Index Scan",
              "Parent Relationship": "Inner",
              "Parallel Aware": false,
              "Scan Direction": "Forward",
              "Index Name": "title_pkey",
              "Relation Name": "title",
              "Alias": "t2",
              "Startup Cost": 0.43,
              "Total Cost": 4.47,
              "Plan Rows": 1,
              "Plan Width": 21,
              "Actual Startup Time": 0.028,
              "Actual Total Time": 0.028,
              "Actual Rows": 1,
              "Actual Loops": 308,
              "Index Cond": "(id = ml.linked_movie_id)",
              "Rows Removed by Index Recheck": 0
            }
          ]
        }
      ]
    },
    "Planning Time": 9.068,
    "Triggers": [],
    "Execution Time": 118.259
  }
]