[
  {
    "Plan": {
      "Node Type": "Aggregate",
      "Strategy": "Plain",
      "Partial Mode": "Finalize",
      "Parallel Aware": false,
      "Startup Cost": 46391.82,
      "Total Cost": 46391.83,
      "Plan Rows": 1,
      "Plan Width": 8,
      "Actual Startup Time": 149.301,
      "Actual Total Time": 158.926,
      "Actual Rows": 1,
      "Actual Loops": 1,
      "Plans": [
        {
          "Node Type": "Gather",
          "Parent Relationship": "Outer",
          "Parallel Aware": false,
          "Startup Cost": 46391.5,
          "Total Cost": 46391.81,
          "Plan Rows": 3,
          "Plan Width": 8,
          "Actual Startup Time": 149.156,
          "Actual Total Time": 158.912,
          "Actual Rows": 4,
          "Actual Loops": 1,
          "Workers Planned": 3,
          "Workers Launched": 3,
          "Single Copy": false,
          "Plans": [
            {
              "Node Type": "Aggregate",
              "Strategy": "Plain",
              "Partial Mode": "Partial",
              "Parent Relationship": "Outer",
              "Parallel Aware": false,
              "Startup Cost": 45391.5,
              "Total Cost": 45391.51,
              "Plan Rows": 1,
              "Plan Width": 8,
              "Actual Startup Time": 145.17,
              "Actual Total Time": 145.171,
              "Actual Rows": 1,
              "Actual Loops": 4,
              "Plans": [
                {
                  "Node Type": "Seq Scan",
                  "Parent Relationship": "Outer",
                  "Parallel Aware": true,
                  "Relation Name": "movie_keyword",
                  "Alias": "mk",
                  "Startup Cost": 0.0,
                  "Total Cost": 42695.65,
                  "Plan Rows": 1078338,
                  "Plan Width": 0,
                  "Actual Startup Time": 0.028,
                  "Actual Total Time": 110.524,
                  "Actual Rows": 834150,
                  "Actual Loops": 4,
                  "Filter": "(keyword_id < 15626)",
                  "Rows Removed by Filter": 296832
                }
              ]
            }
          ]
        }
      ]
    },
    "Planning Time": 0.19,
    "Triggers": [],
    "Execution Time": 158.982
  }
]