{
    "Plan": {
        "Node Type": "Aggregate",
        "Strategy": "Plain",
        "Partial Mode": "Finalize",
        "Parallel Aware": false,
        "Startup Cost": 79046.92,
        "Total Cost": 79046.93,
        "Plan Rows": 1,
        "Plan Width": 8,
        "Actual Startup Time": 236.1,
        "Actual Total Time": 251.486,
        "Actual Rows": 1,
        "Actual Loops": 1,
        "Output": [
            "count(*)"
        ],
        "Plans": [
            {
                "Node Type": "Gather",
                "Parent Relationship": "Outer",
                "Parallel Aware": false,
                "Startup Cost": 79046.6,
                "Total Cost": 79046.91,
                "Plan Rows": 3,
                "Plan Width": 8,
                "Actual Startup Time": 235.304,
                "Actual Total Time": 251.476,
                "Actual Rows": 4,
                "Actual Loops": 1,
                "Output": [
                    "(PARTIAL count(*))"
                ],
                "Workers Planned": 3,
                "Workers Launched": 3,
                "Single Copy": false,
                "Plans": [
                    {
                        "Node Type": "Aggregate",
                        "Strategy": "Plain",
                        "Partial Mode": "Partial",
                        "Parent Relationship": "Outer",
                        "Parallel Aware": false,
                        "Startup Cost": 78046.6,
                        "Total Cost": 78046.61,
                        "Plan Rows": 1,
                        "Plan Width": 8,
                        "Actual Startup Time": 226.816,
                        "Actual Total Time": 226.819,
                        "Actual Rows": 1,
                        "Actual Loops": 4,
                        "Output": [
                            "PARTIAL count(*)"
                        ],
                        "Workers": [
                            {
                                "Worker Number": 0,
                                "Actual Startup Time": 223.876,
                                "Actual Total Time": 223.879,
                                "Actual Rows": 1,
                                "Actual Loops": 1
                            },
                            {
                                "Worker Number": 1,
                                "Actual Startup Time": 223.785,
                                "Actual Total Time": 223.789,
                                "Actual Rows": 1,
                                "Actual Loops": 1
                            },
                            {
                                "Worker Number": 2,
                                "Actual Startup Time": 225.044,
                                "Actual Total Time": 225.047,
                                "Actual Rows": 1,
                                "Actual Loops": 1
                            }
                        ],
                        "Plans": [
                            {
                                "Node Type": "Hash Join",
                                "Parent Relationship": "Outer",
                                "Parallel Aware": true,
                                "Join Type": "Inner",
                                "Startup Cost": 45666.05,
                                "Total Cost": 78025.33,
                                "Plan Rows": 8508,
                                "Plan Width": 0,
                                "Actual Startup Time": 163.47,
                                "Actual Total Time": 225.277,
                                "Actual Rows": 35946,
                                "Actual Loops": 4,
                                "Inner Unique": true,
                                "Hash Cond": "(mc.movie_id = t.id)",
                                "Workers": [
                                    {
                                        "Worker Number": 0,
                                        "Actual Startup Time": 149.028,
                                        "Actual Total Time": 222.381,
                                        "Actual Rows": 34165,
                                        "Actual Loops": 1
                                    },
                                    {
                                        "Worker Number": 1,
                                        "Actual Startup Time": 171.139,
                                        "Actual Total Time": 222.253,
                                        "Actual Rows": 34968,
                                        "Actual Loops": 1
                                    },
                                    {
                                        "Worker Number": 2,
                                        "Actual Startup Time": 149.864,
                                        "Actual Total Time": 223.603,
                                        "Actual Rows": 35308,
                                        "Actual Loops": 1
                                    }
                                ],
                                "Plans": [
                                    {
                                        "Node Type": "Seq Scan",
                                        "Parent Relationship": "Outer",
                                        "Parallel Aware": true,
                                        "Relation Name": "movie_companies",
                                        "Schema": "public",
                                        "Alias": "mc",
                                        "Startup Cost": 0.0,
                                        "Total Cost": 31414.82,
                                        "Plan Rows": 359798,
                                        "Plan Width": 4,
                                        "Actual Startup Time": 31.194,
                                        "Actual Total Time": 69.368,
                                        "Actual Rows": 309045,
                                        "Actual Loops": 4,
                                        "Output": [
                                            "mc.id",
                                            "mc.movie_id",
                                            "mc.company_id",
                                            "mc.company_type_id",
                                            "mc.note"
                                        ],
                                        "Filter": "((mc.company_id > 292) AND (mc.company_type_id = 2))",
                                        "Rows Removed by Filter": 343237,
                                        "Workers": [
                                            {
                                                "Worker Number": 0,
                                                "Actual Startup Time": 31.197,
                                                "Actual Total Time": 70.051,
                                                "Actual Rows": 298365,
                                                "Actual Loops": 1
                                            },
                                            {
                                                "Worker Number": 1,
                                                "Actual Startup Time": 31.202,
                                                "Actual Total Time": 69.923,
                                                "Actual Rows": 300014,
                                                "Actual Loops": 1
                                            },
                                            {
                                                "Worker Number": 2,
                                                "Actual Startup Time": 31.193,
                                                "Actual Total Time": 67.91,
                                                "Actual Rows": 301603,
                                                "Actual Loops": 1
                                            }
                                        ]
                                    },
                                    {
                                        "Node Type": "Hash",
                                        "Parent Relationship": "Inner",
                                        "Parallel Aware": true,
                                        "Startup Cost": 45479.21,
                                        "Total Cost": 45479.21,
                                        "Plan Rows": 14947,
                                        "Plan Width": 4,
                                        "Actual Startup Time": 114.214,
                                        "Actual Total Time": 114.216,
                                        "Actual Rows": 38296,
                                        "Actual Loops": 4,
                                        "Output": [
                                            "t.id"
                                        ],
                                        "Hash Buckets": 262144,
                                        "Original Hash Buckets": 65536,
                                        "Hash Batches": 1,
                                        "Original Hash Batches": 1,
                                        "Peak Memory Usage": 9664,
                                        "Workers": [
                                            {
                                                "Worker Number": 0,
                                                "Actual Startup Time": 111.991,
                                                "Actual Total Time": 111.992,
                                                "Actual Rows": 35431,
                                                "Actual Loops": 1
                                            },
                                            {
                                                "Worker Number": 1,
                                                "Actual Startup Time": 112.004,
                                                "Actual Total Time": 112.005,
                                                "Actual Rows": 36503,
                                                "Actual Loops": 1
                                            },
                                            {
                                                "Worker Number": 2,
                                                "Actual Startup Time": 113.413,
                                                "Actual Total Time": 113.414,
                                                "Actual Rows": 36253,
                                                "Actual Loops": 1
                                            }
                                        ],
                                        "Plans": [
                                            {
                                                "Node Type": "Seq Scan",
                                                "Parent Relationship": "Outer",
                                                "Parallel Aware": true,
                                                "Relation Name": "title",
                                                "Schema": "public",
                                                "Alias": "t",
                                                "Startup Cost": 0.0,
                                                "Total Cost": 45479.21,
                                                "Plan Rows": 14947,
                                                "Plan Width": 4,
                                                "Actual Startup Time": 20.699,
                                                "Actual Total Time": 98.491,
                                                "Actual Rows": 38296,
                                                "Actual Loops": 4,
                                                "Output": [
                                                    "t.id"
                                                ],
                                                "Filter": "((t.kind_id < 7) AND (t.production_year < 1946))",
                                                "Rows Removed by Filter": 593782,
                                                "Workers": [
                                                    {
                                                        "Worker Number": 0,
                                                        "Actual Startup Time": 52.472,
                                                        "Actual Total Time": 96.472,
                                                        "Actual Rows": 35431,
                                                        "Actual Loops": 1
                                                    },
                                                    {
                                                        "Worker Number": 1,
                                                        "Actual Startup Time": 3.491,
                                                        "Actual Total Time": 97.404,
                                                        "Actual Rows": 36503,
                                                        "Actual Loops": 1
                                                    },
                                                    {
                                                        "Worker Number": 2,
                                                        "Actual Startup Time": 18.564,
                                                        "Actual Total Time": 96.326,
                                                        "Actual Rows": 36253,
                                                        "Actual Loops": 1
                                                    }
                                                ]
                                            }
                                        ]
                                    }
                                ]
                            }
                        ]
                    }
                ]
            }
        ]
    },
    "Planning Time": 0.798,
    "Triggers": [],
    "Execution Time": 251.564
}