[
    {
        "Bao": {
            "Bao prediction": 657.286,
            "Bao recommended hint": "(no hint)"
        }
    },
    {
        "Plan": {
            "Node Type": "Aggregate",
            "Strategy": "Plain",
            "Partial Mode": "Finalize",
            "Parallel Aware": false,
            "Startup Cost": 227801.1,
            "Total Cost": 227801.11,
            "Plan Rows": 1,
            "Plan Width": 8,
            "Actual Startup Time": 502.589,
            "Actual Total Time": 521.901,
            "Actual Rows": 1,
            "Actual Loops": 1,
            "Output": [
                "count(*)"
            ],
            "Plans": [
                {
                    "Node Type": "Gather",
                    "Parent Relationship": "Outer",
                    "Parallel Aware": false,
                    "Startup Cost": 227800.57,
                    "Total Cost": 227801.08,
                    "Plan Rows": 5,
                    "Plan Width": 8,
                    "Actual Startup Time": 477.977,
                    "Actual Total Time": 521.885,
                    "Actual Rows": 6,
                    "Actual Loops": 1,
                    "Output": [
                        "(PARTIAL count(*))"
                    ],
                    "Workers Planned": 5,
                    "Workers Launched": 5,
                    "Single Copy": false,
                    "Plans": [
                        {
                            "Node Type": "Aggregate",
                            "Strategy": "Plain",
                            "Partial Mode": "Partial",
                            "Parent Relationship": "Outer",
                            "Parallel Aware": false,
                            "Startup Cost": 226800.57,
                            "Total Cost": 226800.58,
                            "Plan Rows": 1,
                            "Plan Width": 8,
                            "Actual Startup Time": 461.074,
                            "Actual Total Time": 461.08,
                            "Actual Rows": 1,
                            "Actual Loops": 6,
                            "Output": [
                                "PARTIAL count(*)"
                            ],
                            "Workers": [
                                {
                                    "Worker Number": 0,
                                    "Actual Startup Time": 457.261,
                                    "Actual Total Time": 457.266,
                                    "Actual Rows": 1,
                                    "Actual Loops": 1
                                },
                                {
                                    "Worker Number": 1,
                                    "Actual Startup Time": 458.867,
                                    "Actual Total Time": 458.872,
                                    "Actual Rows": 1,
                                    "Actual Loops": 1
                                },
                                {
                                    "Worker Number": 2,
                                    "Actual Startup Time": 457.781,
                                    "Actual Total Time": 457.786,
                                    "Actual Rows": 1,
                                    "Actual Loops": 1
                                },
                                {
                                    "Worker Number": 3,
                                    "Actual Startup Time": 457.768,
                                    "Actual Total Time": 457.774,
                                    "Actual Rows": 1,
                                    "Actual Loops": 1
                                },
                                {
                                    "Worker Number": 4,
                                    "Actual Startup Time": 457.713,
                                    "Actual Total Time": 457.718,
                                    "Actual Rows": 1,
                                    "Actual Loops": 1
                                }
                            ],
                            "Plans": [
                                {
                                    "Node Type": "Hash Join",
                                    "Parent Relationship": "Outer",
                                    "Parallel Aware": true,
                                    "Join Type": "Inner",
                                    "Startup Cost": 62312.77,
                                    "Total Cost": 226571.71,
                                    "Plan Rows": 91546,
                                    "Plan Width": 0,
                                    "Actual Startup Time": 349.421,
                                    "Actual Total Time": 458.395,
                                    "Actual Rows": 28180,
                                    "Actual Loops": 6,
                                    "Inner Unique": true,
                                    "Hash Cond": "(mi.movie_id = t.id)",
                                    "Workers": [
                                        {
                                            "Worker Number": 0,
                                            "Actual Startup Time": 345.948,
                                            "Actual Total Time": 454.486,
                                            "Actual Rows": 28113,
                                            "Actual Loops": 1
                                        },
                                        {
                                            "Worker Number": 1,
                                            "Actual Startup Time": 346.011,
                                            "Actual Total Time": 456.079,
                                            "Actual Rows": 27501,
                                            "Actual Loops": 1
                                        },
                                        {
                                            "Worker Number": 2,
                                            "Actual Startup Time": 346.122,
                                            "Actual Total Time": 455.154,
                                            "Actual Rows": 35483,
                                            "Actual Loops": 1
                                        },
                                        {
                                            "Worker Number": 3,
                                            "Actual Startup Time": 346.372,
                                            "Actual Total Time": 455.1,
                                            "Actual Rows": 26829,
                                            "Actual Loops": 1
                                        },
                                        {
                                            "Worker Number": 4,
                                            "Actual Startup Time": 346.332,
                                            "Actual Total Time": 455.164,
                                            "Actual Rows": 24804,
                                            "Actual Loops": 1
                                        }
                                    ],
                                    "Plans": [
                                        {
                                            "Node Type": "Bitmap Heap Scan",
                                            "Parent Relationship": "Outer",
                                            "Parallel Aware": true,
                                            "Relation Name": "movie_info",
                                            "Schema": "public",
                                            "Alias": "mi",
                                            "Startup Cost": 13585.73,
                                            "Total Cost": 177451.4,
                                            "Plan Rows": 149814,
                                            "Plan Width": 4,
                                            "Actual Startup Time": 55.143,
                                            "Actual Total Time": 82.432,
                                            "Actual Rows": 133690,
                                            "Actual Loops": 6,
                                            "Output": [
                                                "mi.id",
                                                "mi.movie_id",
                                                "mi.info_type_id",
                                                "mi.info",
                                                "mi.note"
                                            ],
                                            "Recheck Cond": "(mi.info_type_id < 2)",
                                            "Rows Removed by Index Recheck": 0,
                                            "Exact Heap Blocks": 804,
                                            "Lossy Heap Blocks": 0,
                                            "Workers": [
                                                {
                                                    "Worker Number": 0,
                                                    "Actual Startup Time": 55.2,
                                                    "Actual Total Time": 82.636,
                                                    "Actual Rows": 134776,
                                                    "Actual Loops": 1
                                                },
                                                {
                                                    "Worker Number": 1,
                                                    "Actual Startup Time": 55.106,
                                                    "Actual Total Time": 83.067,
                                                    "Actual Rows": 135808,
                                                    "Actual Loops": 1
                                                },
                                                {
                                                    "Worker Number": 2,
                                                    "Actual Startup Time": 55.009,
                                                    "Actual Total Time": 82.319,
                                                    "Actual Rows": 145104,
                                                    "Actual Loops": 1
                                                },
                                                {
                                                    "Worker Number": 3,
                                                    "Actual Startup Time": 55.102,
                                                    "Actual Total Time": 82.987,
                                                    "Actual Rows": 135162,
                                                    "Actual Loops": 1
                                                },
                                                {
                                                    "Worker Number": 4,
                                                    "Actual Startup Time": 55.281,
                                                    "Actual Total Time": 81.509,
                                                    "Actual Rows": 118836,
                                                    "Actual Loops": 1
                                                }
                                            ],
                                            "Plans": [
                                                {
                                                    "Node Type": "Bitmap Index Scan",
                                                    "Parent Relationship": "Outer",
                                                    "Parallel Aware": false,
                                                    "Index Name": "info_type_id_movie_info",
                                                    "Startup Cost": 0.0,
                                                    "Total Cost": 13398.46,
                                                    "Plan Rows": 749070,
                                                    "Plan Width": 0,
                                                    "Actual Startup Time": 53.885,
                                                    "Actual Total Time": 53.887,
                                                    "Actual Rows": 802140,
                                                    "Actual Loops": 1,
                                                    "Index Cond": "(mi.info_type_id < 2)",
                                                    "Workers": [
                                                        {
                                                            "Worker Number": 2,
                                                            "Actual Startup Time": 53.885,
                                                            "Actual Total Time": 53.887,
                                                            "Actual Rows": 802140,
                                                            "Actual Loops": 1
                                                        }
                                                    ]
                                                }
                                            ]
                                        },
                                        {
                                            "Node Type": "Hash",
                                            "Parent Relationship": "Inner",
                                            "Parallel Aware": true,
                                            "Startup Cost": 43899.01,
                                            "Total Cost": 43899.01,
                                            "Plan Rows": 386243,
                                            "Plan Width": 4,
                                            "Actual Startup Time": 288.237,
                                            "Actual Total Time": 288.238,
                                            "Actual Rows": 259311,
                                            "Actual Loops": 6,
                                            "Output": [
                                                "t.id"
                                            ],
                                            "Hash Buckets": 2097152,
                                            "Original Hash Buckets": 2097152,
                                            "Hash Batches": 1,
                                            "Original Hash Batches": 1,
                                            "Peak Memory Usage": 77344,
                                            "Workers": [
                                                {
                                                    "Worker Number": 0,
                                                    "Actual Startup Time": 290.166,
                                                    "Actual Total Time": 290.167,
                                                    "Actual Rows": 260308,
                                                    "Actual Loops": 1
                                                },
                                                {
                                                    "Worker Number": 1,
                                                    "Actual Startup Time": 290.204,
                                                    "Actual Total Time": 290.205,
                                                    "Actual Rows": 259818,
                                                    "Actual Loops": 1
                                                },
                                                {
                                                    "Worker Number": 2,
                                                    "Actual Startup Time": 290.596,
                                                    "Actual Total Time": 290.597,
                                                    "Actual Rows": 254612,
                                                    "Actual Loops": 1
                                                },
                                                {
                                                    "Worker Number": 3,
                                                    "Actual Startup Time": 290.49,
                                                    "Actual Total Time": 290.492,
                                                    "Actual Rows": 260233,
                                                    "Actual Loops": 1
                                                },
                                                {
                                                    "Worker Number": 4,
                                                    "Actual Startup Time": 290.531,
                                                    "Actual Total Time": 290.532,
                                                    "Actual Rows": 213490,
                                                    "Actual Loops": 1
                                                }
                                            ],
                                            "Plans": [
                                                {
                                                    "Node Type": "Seq Scan",
                                                    "Parent Relationship": "Outer",
                                                    "Parallel Aware": true,
                                                    "Relation Name": "title",
                                                    "Schema": "public",
                                                    "Alias": "t",
                                                    "Startup Cost": 0.0,
                                                    "Total Cost": 43899.01,
                                                    "Plan Rows": 386243,
                                                    "Plan Width": 4,
                                                    "Actual Startup Time": 0.062,
                                                    "Actual Total Time": 117.792,
                                                    "Actual Rows": 259311,
                                                    "Actual Loops": 6,
                                                    "Output": [
                                                        "t.id"
                                                    ],
                                                    "Filter": "(t.kind_id > 4)",
                                                    "Rows Removed by Filter": 162075,
                                                    "Workers": [
                                                        {
                                                            "Worker Number": 0,
                                                            "Actual Startup Time": 0.068,
                                                            "Actual Total Time": 121.479,
                                                            "Actual Rows": 260308,
                                                            "Actual Loops": 1
                                                        },
                                                        {
                                                            "Worker Number": 1,
                                                            "Actual Startup Time": 0.08,
                                                            "Actual Total Time": 121.201,
                                                            "Actual Rows": 259818,
                                                            "Actual Loops": 1
                                                        },
                                                        {
                                                            "Worker Number": 2,
                                                            "Actual Startup Time": 0.082,
                                                            "Actual Total Time": 120.783,
                                                            "Actual Rows": 254612,
                                                            "Actual Loops": 1
                                                        },
                                                        {
                                                            "Worker Number": 3,
                                                            "Actual Startup Time": 0.066,
                                                            "Actual Total Time": 120.34,
                                                            "Actual Rows": 260233,
                                                            "Actual Loops": 1
                                                        },
                                                        {
                                                            "Worker Number": 4,
                                                            "Actual Startup Time": 0.053,
                                                            "Actual Total Time": 112.096,
                                                            "Actual Rows": 213490,
                                                            "Actual Loops": 1
                                                        }
                                                    ]
                                                }
                                            ]
                                        }
                                    ]
                                }
                            ]
                        }
                    ]
                }
            ]
        },
        "Planning Time": 3281.735,
        "Triggers": [],
        "Execution Time": 522.112
    }
]