[
    {
        "Bao": {
            "Bao prediction": 438.536,
            "Bao recommended hint": "(no hint)"
        }
    },
    {
        "Plan": {
            "Node Type": "Aggregate",
            "Strategy": "Plain",
            "Partial Mode": "Finalize",
            "Parallel Aware": false,
            "Startup Cost": 32675.68,
            "Total Cost": 32675.69,
            "Plan Rows": 1,
            "Plan Width": 8,
            "Actual Startup Time": 94.487,
            "Actual Total Time": 99.621,
            "Actual Rows": 1,
            "Actual Loops": 1,
            "Output": [
                "count(*)"
            ],
            "Plans": [
                {
                    "Node Type": "Gather",
                    "Parent Relationship": "Outer",
                    "Parallel Aware": false,
                    "Startup Cost": 32675.36,
                    "Total Cost": 32675.67,
                    "Plan Rows": 3,
                    "Plan Width": 8,
                    "Actual Startup Time": 94.417,
                    "Actual Total Time": 99.616,
                    "Actual Rows": 4,
                    "Actual Loops": 1,
                    "Output": [
                        "(PARTIAL count(*))"
                    ],
                    "Workers Planned": 3,
                    "Workers Launched": 3,
                    "Single Copy": false,
                    "Plans": [
                        {
                            "Node Type": "Aggregate",
                            "Strategy": "Plain",
                            "Partial Mode": "Partial",
                            "Parent Relationship": "Outer",
                            "Parallel Aware": false,
                            "Startup Cost": 31675.36,
                            "Total Cost": 31675.37,
                            "Plan Rows": 1,
                            "Plan Width": 8,
                            "Actual Startup Time": 86.81,
                            "Actual Total Time": 86.811,
                            "Actual Rows": 1,
                            "Actual Loops": 4,
                            "Output": [
                                "PARTIAL count(*)"
                            ],
                            "Workers": [
                                {
                                    "Worker Number": 0,
                                    "Actual Startup Time": 84.087,
                                    "Actual Total Time": 84.088,
                                    "Actual Rows": 1,
                                    "Actual Loops": 1
                                },
                                {
                                    "Worker Number": 1,
                                    "Actual Startup Time": 84.592,
                                    "Actual Total Time": 84.593,
                                    "Actual Rows": 1,
                                    "Actual Loops": 1
                                },
                                {
                                    "Worker Number": 2,
                                    "Actual Startup Time": 84.784,
                                    "Actual Total Time": 84.785,
                                    "Actual Rows": 1,
                                    "Actual Loops": 1
                                }
                            ],
                            "Plans": [
                                {
                                    "Node Type": "Seq Scan",
                                    "Parent Relationship": "Outer",
                                    "Parallel Aware": true,
                                    "Relation Name": "movie_companies",
                                    "Schema": "public",
                                    "Alias": "mc",
                                    "Startup Cost": 0.0,
                                    "Total Cost": 31414.82,
                                    "Plan Rows": 104217,
                                    "Plan Width": 0,
                                    "Actual Startup Time": 46.644,
                                    "Actual Total Time": 79.833,
                                    "Actual Rows": 154703,
                                    "Actual Loops": 4,
                                    "Output": [
                                        "id",
                                        "movie_id",
                                        "company_id",
                                        "company_type_id",
                                        "note"
                                    ],
                                    "Filter": "((mc.company_id > 58970) AND (mc.company_type_id = 2))",
                                    "Rows Removed by Filter": 497580,
                                    "Workers": [
                                        {
                                            "Worker Number": 0,
                                            "Actual Startup Time": 43.932,
                                            "Actual Total Time": 77.428,
                                            "Actual Rows": 162102,
                                            "Actual Loops": 1
                                        },
                                        {
                                            "Worker Number": 1,
                                            "Actual Startup Time": 44.424,
                                            "Actual Total Time": 77.766,
                                            "Actual Rows": 163515,
                                            "Actual Loops": 1
                                        },
                                        {
                                            "Worker Number": 2,
                                            "Actual Startup Time": 44.618,
                                            "Actual Total Time": 77.942,
                                            "Actual Rows": 101689,
                                            "Actual Loops": 1
                                        }
                                    ]
                                }
                            ]
                        }
                    ]
                }
            ]
        },
        "Planning Time": 1340.776,
        "Triggers": [],
        "Execution Time": 99.709
    }
]