[
  {
    "Plan": {
      "Node Type": "Aggregate",
      "Strategy": "Plain",
      "Partial Mode": "Finalize",
      "Parallel Aware": false,
      "Startup Cost": 393062.87,
      "Total Cost": 393062.88,
      "Plan Rows": 1,
      "Plan Width": 8,
      "Actual Startup Time": 2474.694,
      "Actual Total Time": 2573.771,
      "Actual Rows": 1,
      "Actual Loops": 1,
      "Plans": [
        {
          "Node Type": "Gather",
          "Parent Relationship": "Outer",
          "Parallel Aware": false,
          "Startup Cost": 393062.35,
          "Total Cost": 393062.86,
          "Plan Rows": 5,
          "Plan Width": 8,
          "Actual Startup Time": 2473.45,
          "Actual Total Time": 2573.759,
          "Actual Rows": 6,
          "Actual Loops": 1,
          "Workers Planned": 5,
          "Workers Launched": 5,
          "Single Copy": false,
          "Plans": [
            {
              "Node Type": "Aggregate",
              "Strategy": "Plain",
              "Partial Mode": "Partial",
              "Parent Relationship": "Outer",
              "Parallel Aware": false,
              "Startup Cost": 392062.35,
              "Total Cost": 392062.36,
              "Plan Rows": 1,
              "Plan Width": 8,
              "Actual Startup Time": 2463.158,
              "Actual Total Time": 2463.163,
              "Actual Rows": 1,
              "Actual Loops": 6,
              "Plans": [
                {
                  "Node Type": "Nested Loop",
                  "Parent Relationship": "Outer",
                  "Parallel Aware": false,
                  "Join Type": "Inner",
                  "Startup Cost": 44461.96,
                  "Total Cost": 391389.21,
                  "Plan Rows": 269255,
                  "Plan Width": 0,
                  "Actual Startup Time": 117.43,
                  "Actual Total Time": 2446.817,
                  "Actual Rows": 255604,
                  "Actual Loops": 6,
                  "Inner Unique": false,
                  "Join Filter": "(t.id = ci.movie_id)",
                  "Rows Removed by Join Filter": 0,
                  "Plans": [
                    {
                      "Node Type": "Hash Join",
                      "Parent Relationship": "Outer",
                      "Parallel Aware": true,
                      "Join Type": "Inner",
                      "Startup Cost": 44461.39,
                      "Total Cost": 246640.23,
                      "Plan Rows": 87508,
                      "Plan Width": 8,
                      "Actual Startup Time": 116.529,
                      "Actual Total Time": 608.598,
                      "Actual Rows": 80004,
                      "Actual Loops": 6,
                      "Inner Unique": true,
                      "Hash Cond": "(mi.movie_id = t.id)",
                      "Plans": [
                        {
                          "Node Type": "Seq Scan",
                          "Parent Relationship": "Outer",
                          "Parallel Aware": true,
                          "Relation Name": "movie_info",
                          "Alias": "mi",
                          "Startup Cost": 0.0,
                          "Total Cost": 198952.16,
                          "Plan Rows": 1229212,
                          "Plan Width": 4,
                          "Actual Startup Time": 18.76,
                          "Actual Total Time": 325.509,
                          "Actual Rows": 1013905,
                          "Actual Loops": 6,
                          "Filter": "(info_type_id > 9)",
                          "Rows Removed by Filter": 1458715
                        },
                        {
                          "Node Type": "Hash",
                          "Parent Relationship": "Inner",
                          "Parallel Aware": true,
                          "Startup Cost": 43898.92,
                          "Total Cost": 43898.92,
                          "Plan Rows": 44998,
                          "Plan Width": 4,
                          "Actual Startup Time": 95.278,
                          "Actual Total Time": 95.279,
                          "Actual Rows": 31298,
                          "Actual Loops": 6,
                          "Hash Buckets": 262144,
                          "Original Hash Buckets": 262144,
                          "Hash Batches": 1,
                          "Original Hash Batches": 1,
                          "Peak Memory Usage": 9536,
                          "Plans": [
                            {
                              "Node Type": "Seq Scan",
                              "Parent Relationship": "Outer",
                              "Parallel Aware": true,
                              "Relation Name": "title",
                              "Alias": "t",
                              "Startup Cost": 0.0,
                              "Total Cost": 43898.92,
                              "Plan Rows": 44998,
                              "Plan Width": 4,
                              "Actual Startup Time": 0.139,
                              "Actual Total Time": 82.979,
                              "Actual Rows": 31298,
                              "Actual Loops": 6,
                              "Filter": "(production_year < 1954)",
                              "Rows Removed by Filter": 390087
                            }
                          ]
                        }
                      ]
                    },
                    {
                      "Node Type": "Index Scan",
                      "Parent Relationship": "Inner",
                      "Parallel Aware": false,
                      "Scan Direction": "Forward",
                      "Index Name": "movie_id_cast_info",
                      "Relation Name": "cast_info",
                      "Alias": "ci",
                      "Startup Cost": 0.56,
                      "Total Cost": 1.55,
                      "Plan Rows": 8,
                      "Plan Width": 4,
                      "Actual Startup Time": 0.02,
                      "Actual Total Time": 0.022,
                      "Actual Rows": 3,
                      "Actual Loops": 480023,
                      "Index Cond": "(movie_id = mi.movie_id)",
                      "Rows Removed by Index Recheck": 0,
                      "Filter": "(role_id > 6)",
                      "Rows Removed by Filter": 25
                    }
                  ]
                }
              ]
            }
          ]
        }
      ]
    },
    "Planning Time": 1.357,
    "Triggers": [],
    "Execution Time": 2573.881
  }
]