[
  {
    "Plan": {
      "Node Type": "Aggregate",
      "Strategy": "Plain",
      "Partial Mode": "Finalize",
      "Parallel Aware": false,
      "Startup Cost": 115681.41,
      "Total Cost": 115681.42,
      "Plan Rows": 1,
      "Plan Width": 8,
      "Actual Startup Time": 729.723,
      "Actual Total Time": 762.738,
      "Actual Rows": 1,
      "Actual Loops": 1,
      "Plans": [
        {
          "Node Type": "Gather",
          "Parent Relationship": "Outer",
          "Parallel Aware": false,
          "Startup Cost": 115681.1,
          "Total Cost": 115681.41,
          "Plan Rows": 3,
          "Plan Width": 8,
          "Actual Startup Time": 725.33,
          "Actual Total Time": 762.727,
          "Actual Rows": 4,
          "Actual Loops": 1,
          "Workers Planned": 3,
          "Workers Launched": 3,
          "Single Copy": false,
          "Plans": [
            {
              "Node Type": "Aggregate",
              "Strategy": "Plain",
              "Partial Mode": "Partial",
              "Parent Relationship": "Outer",
              "Parallel Aware": false,
              "Startup Cost": 114681.1,
              "Total Cost": 114681.11,
              "Plan Rows": 1,
              "Plan Width": 8,
              "Actual Startup Time": 717.14,
              "Actual Total Time": 717.143,
              "Actual Rows": 1,
              "Actual Loops": 4,
              "Plans": [
                {
                  "Node Type": "Nested Loop",
                  "Parent Relationship": "Outer",
                  "Parallel Aware": false,
                  "Join Type": "Inner",
                  "Startup Cost": 45637.23,
                  "Total Cost": 114516.1,
                  "Plan Rows": 66000,
                  "Plan Width": 0,
                  "Actual Startup Time": 100.333,
                  "Actual Total Time": 666.566,
                  "Actual Rows": 1115519,
                  "Actual Loops": 4,
                  "Inner Unique": false,
                  "Join Filter": "(t.id = mi.movie_id)",
                  "Rows Removed by Join Filter": 0,
                  "Plans": [
                    {
                      "Node Type": "Hash Join",
                      "Parent Relationship": "Outer",
                      "Parallel Aware": true,
                      "Join Type": "Inner",
                      "Startup Cost": 45636.8,
                      "Total Cost": 89816.89,
                      "Plan Rows": 11287,
                      "Plan Width": 8,
                      "Actual Startup Time": 100.251,
                      "Actual Total Time": 233.723,
                      "Actual Rows": 16758,
                      "Actual Loops": 4,
                      "Inner Unique": true,
                      "Hash Cond": "(mk.movie_id = t.id)",
                      "Plans": [
                        {
                          "Node Type": "Seq Scan",
                          "Parent Relationship": "Outer",
                          "Parallel Aware": true,
                          "Relation Name": "movie_keyword",
                          "Alias": "mk",
                          "Startup Cost": 0.0,
                          "Total Cost": 42695.65,
                          "Plan Rows": 565501,
                          "Plan Width": 4,
                          "Actual Startup Time": 0.476,
                          "Actual Total Time": 96.86,
                          "Actual Rows": 438788,
                          "Actual Loops": 4,
                          "Filter": "(keyword_id > 7906)",
                          "Rows Removed by Filter": 692195
                        },
                        {
                          "Node Type": "Hash",
                          "Parent Relationship": "Inner",
                          "Parallel Aware": true,
                          "Startup Cost": 45479.1,
                          "Total Cost": 45479.1,
                          "Plan Rows": 12616,
                          "Plan Width": 4,
                          "Actual Startup Time": 98.521,
                          "Actual Total Time": 98.522,
                          "Actual Rows": 11003,
                          "Actual Loops": 4,
                          "Hash Buckets": 65536,
                          "Original Hash Buckets": 65536,
                          "Hash Batches": 1,
                          "Original Hash Batches": 1,
                          "Peak Memory Usage": 2304,
                          "Plans": [
                            {
                              "Node Type": "Seq Scan",
                              "Parent Relationship": "Outer",
                              "Parallel Aware": true,
                              "Relation Name": "title",
                              "Alias": "t",
                              "Startup Cost": 0.0,
                              "Total Cost": 45479.1,
                              "Plan Rows": 12616,
                              "Plan Width": 4,
                              "Actual Startup Time": 0.143,
                              "Actual Total Time": 94.188,
                              "Actual Rows": 11003,
                              "Actual Loops": 4,
                              "Filter": "((kind_id < 7) AND (production_year = 2009))",
                              "Rows Removed by Filter": 621075
                            }
                          ]
                        }
                      ]
                    },
                    {
                      "Node Type": "Index Only Scan",
                      "Parent Relationship": "Inner",
                      "Parallel Aware": false,
                      "Scan Direction": "Forward",
                      "Index Name": "movie_id_movie_info",
                      "Relation Name": "movie_info",
                      "Alias": "mi",
                      "Startup Cost": 0.43,
                      "Total Cost": 1.66,
                      "Plan Rows": 42,
                      "Plan Width": 4,
                      "Actual Startup Time": 0.005,
                      "Actual Total Time": 0.02,
                      "Actual Rows": 67,
                      "Actual Loops": 67032,
                      "Index Cond": "(movie_id = mk.movie_id)",
                      "Rows Removed by Index Recheck": 0,
                      "Heap Fetches": 4462077
                    }
                  ]
                }
              ]
            }
          ]
        }
      ]
    },
    "Planning Time": 1.487,
    "Triggers": [],
    "Execution Time": 762.832
  }
]