[
  {
    "Plan": {
      "Node Type": "Aggregate",
      "Strategy": "Plain",
      "Partial Mode": "Finalize",
      "Parallel Aware": false,
      "Startup Cost": 47112.79,
      "Total Cost": 47112.8,
      "Plan Rows": 1,
      "Plan Width": 8,
      "Actual Startup Time": 198.613,
      "Actual Total Time": 213.183,
      "Actual Rows": 1,
      "Actual Loops": 1,
      "Plans": [
        {
          "Node Type": "Gather",
          "Parent Relationship": "Outer",
          "Parallel Aware": false,
          "Startup Cost": 47112.48,
          "Total Cost": 47112.79,
          "Plan Rows": 3,
          "Plan Width": 8,
          "Actual Startup Time": 198.462,
          "Actual Total Time": 213.175,
          "Actual Rows": 4,
          "Actual Loops": 1,
          "Workers Planned": 3,
          "Workers Launched": 3,
          "Single Copy": false,
          "Plans": [
            {
              "Node Type": "Aggregate",
              "Strategy": "Plain",
              "Partial Mode": "Partial",
              "Parent Relationship": "Outer",
              "Parallel Aware": false,
              "Startup Cost": 46112.48,
              "Total Cost": 46112.49,
              "Plan Rows": 1,
              "Plan Width": 8,
              "Actual Startup Time": 191.084,
              "Actual Total Time": 191.085,
              "Actual Rows": 1,
              "Actual Loops": 4,
              "Plans": [
                {
                  "Node Type": "Seq Scan",
                  "Parent Relationship": "Outer",
                  "Parallel Aware": true,
                  "Relation Name": "movie_keyword",
                  "Alias": "mk",
                  "Startup Cost": 0.0,
                  "Total Cost": 42695.65,
                  "Plan Rows": 1366729,
                  "Plan Width": 0,
                  "Actual Startup Time": 0.049,
                  "Actual Total Time": 134.914,
                  "Actual Rows": 1057790,
                  "Actual Loops": 4,
                  "Filter": "(keyword_id < 55122)",
                  "Rows Removed by Filter": 73193
                }
              ]
            }
          ]
        }
      ]
    },
    "Planning Time": 0.148,
    "Triggers": [],
    "Execution Time": 213.243
  }
]