[
  {
    "Plan": {
      "Node Type": "Aggregate",
      "Strategy": "Plain",
      "Partial Mode": "Simple",
      "Parallel Aware": false,
      "Startup Cost": 28306.69,
      "Total Cost": 28306.7,
      "Plan Rows": 1,
      "Plan Width": 8,
      "Actual Startup Time": 71.021,
      "Actual Total Time": 71.022,
      "Actual Rows": 1,
      "Actual Loops": 1,
      "Plans": [
        {
          "Node Type": "Bitmap Heap Scan",
          "Parent Relationship": "Outer",
          "Parallel Aware": false,
          "Relation Name": "movie_keyword",
          "Alias": "mk",
          "Startup Cost": 2256.92,
          "Total Cost": 28040.73,
          "Plan Rows": 106385,
          "Plan Width": 0,
          "Actual Startup Time": 23.117,
          "Actual Total Time": 65.618,
          "Actual Rows": 105948,
          "Actual Loops": 1,
          "Recheck Cond": "(keyword_id > 80949)",
          "Rows Removed by Index Recheck": 0,
          "Exact Heap Blocks": 17639,
          "Lossy Heap Blocks": 0,
          "Plans": [
            {
              "Node Type": "Bitmap Index Scan",
              "Parent Relationship": "Outer",
              "Parallel Aware": false,
              "Index Name": "keyword_id_movie_keyword",
              "Startup Cost": 0.0,
              "Total Cost": 2230.32,
              "Plan Rows": 106385,
              "Plan Width": 0,
              "Actual Startup Time": 17.565,
              "Actual Total Time": 17.566,
              "Actual Rows": 105948,
              "Actual Loops": 1,
              "Index Cond": "(keyword_id > 80949)"
            }
          ]
        }
      ]
    },
    "Planning Time": 0.185,
    "Triggers": [],
    "Execution Time": 71.087
  }
]