[
  {
    "Plan": {
      "Node Type": "Aggregate",
      "Strategy": "Plain",
      "Partial Mode": "Finalize",
      "Parallel Aware": false,
      "Startup Cost": 46724.64,
      "Total Cost": 46724.65,
      "Plan Rows": 1,
      "Plan Width": 8,
      "Actual Startup Time": 183.423,
      "Actual Total Time": 193.929,
      "Actual Rows": 1,
      "Actual Loops": 1,
      "Plans": [
        {
          "Node Type": "Gather",
          "Parent Relationship": "Outer",
          "Parallel Aware": false,
          "Startup Cost": 46724.32,
          "Total Cost": 46724.63,
          "Plan Rows": 3,
          "Plan Width": 8,
          "Actual Startup Time": 183.316,
          "Actual Total Time": 193.922,
          "Actual Rows": 4,
          "Actual Loops": 1,
          "Workers Planned": 3,
          "Workers Launched": 3,
          "Single Copy": false,
          "Plans": [
            {
              "Node Type": "Aggregate",
              "Strategy": "Plain",
              "Partial Mode": "Partial",
              "Parent Relationship": "Outer",
              "Parallel Aware": false,
              "Startup Cost": 45724.32,
              "Total Cost": 45724.33,
              "Plan Rows": 1,
              "Plan Width": 8,
              "Actual Startup Time": 175.341,
              "Actual Total Time": 175.342,
              "Actual Rows": 1,
              "Actual Loops": 4,
              "Plans": [
                {
                  "Node Type": "Seq Scan",
                  "Parent Relationship": "Outer",
                  "Parallel Aware": true,
                  "Relation Name": "movie_keyword",
                  "Alias": "mk",
                  "Startup Cost": 0.0,
                  "Total Cost": 42695.65,
                  "Plan Rows": 1211467,
                  "Plan Width": 0,
                  "Actual Startup Time": 0.133,
                  "Actual Total Time": 128.983,
                  "Actual Rows": 936256,
                  "Actual Loops": 4,
                  "Filter": "(keyword_id > 742)",
                  "Rows Removed by Filter": 194726
                }
              ]
            }
          ]
        }
      ]
    },
    "Planning Time": 0.161,
    "Triggers": [],
    "Execution Time": 193.981
  }
]