{
  "Plan": {
    "Node Type": "Aggregate",
    "Strategy": "Plain",
    "Partial Mode": "Finalize",
    "Parallel Aware": false,
    "Startup Cost": 156328.73,
    "Total Cost": 156328.74,
    "Plan Rows": 1,
    "Plan Width": 8,
    "Actual Startup Time": 1189.907,
    "Actual Total Time": 1221.251,
    "Actual Rows": 1,
    "Actual Loops": 1,
    "Plans": [
      {
        "Node Type": "Gather",
        "Parent Relationship": "Outer",
        "Parallel Aware": false,
        "Startup Cost": 156328.62,
        "Total Cost": 156328.73,
        "Plan Rows": 1,
        "Plan Width": 8,
        "Actual Startup Time": 1182.738,
        "Actual Total Time": 1221.244,
        "Actual Rows": 2,
        "Actual Loops": 1,
        "Workers Planned": 1,
        "Workers Launched": 1,
        "Single Copy": false,
        "Plans": [
          {
            "Node Type": "Aggregate",
            "Strategy": "Plain",
            "Partial Mode": "Partial",
            "Parent Relationship": "Outer",
            "Parallel Aware": false,
            "Startup Cost": 155328.62,
            "Total Cost": 155328.63,
            "Plan Rows": 1,
            "Plan Width": 8,
            "Actual Startup Time": 1174.07,
            "Actual Total Time": 1174.076,
            "Actual Rows": 1,
            "Actual Loops": 2,
            "Plans": [
              {
                "Node Type": "Hash Join",
                "Parent Relationship": "Outer",
                "Parallel Aware": true,
                "Join Type": "Inner",
                "Startup Cost": 133307.25,
                "Total Cost": 154762.63,
                "Plan Rows": 226395,
                "Plan Width": 0,
                "Actual Startup Time": 965.129,
                "Actual Total Time": 1144.221,
                "Actual Rows": 769368,
                "Actual Loops": 2,
                "Inner Unique": false,
                "Hash Cond": "(mi_idx.movie_id = t.id)",
                "Plans": [
                  {
                    "Node Type": "Seq Scan",
                    "Parent Relationship": "Outer",
                    "Parallel Aware": true,
                    "Relation Name": "movie_info_idx",
                    "Alias": "mi_idx",
                    "Startup Cost": 0.0,
                    "Total Cost": 18082.32,
                    "Plan Rows": 544356,
                    "Plan Width": 4,
                    "Actual Startup Time": 0.035,
                    "Actual Total Time": 59.628,
                    "Actual Rows": 460055,
                    "Actual Loops": 2,
                    "Filter": "(info_type_id > 99)",
                    "Rows Removed by Filter": 229962
                  },
                  {
                    "Node Type": "Hash",
                    "Parent Relationship": "Inner",
                    "Parallel Aware": true,
                    "Startup Cost": 125575.6,
                    "Total Cost": 125575.6,
                    "Plan Rows": 618532,
                    "Plan Width": 8,
                    "Actual Startup Time": 950.476,
                    "Actual Total Time": 950.481,
                    "Actual Rows": 530558,
                    "Actual Loops": 2,
                    "Hash Buckets": 2097152,
                    "Original Hash Buckets": 2097152,
                    "Hash Batches": 1,
                    "Original Hash Batches": 1,
                    "Peak Memory Usage": 57920,
                    "Plans": [
                      {
                        "Node Type": "Hash Join",
                        "Parent Relationship": "Outer",
                        "Parallel Aware": true,
                        "Join Type": "Inner",
                        "Startup Cost": 91766.3,
                        "Total Cost": 125575.6,
                        "Plan Rows": 618532,
                        "Plan Width": 8,
                        "Actual Startup Time": 587.899,
                        "Actual Total Time": 831.8,
                        "Actual Rows": 530558,
                        "Actual Loops": 2,
                        "Inner Unique": true,
                        "Hash Cond": "(mk.movie_id = t.id)",
                        "Plans": [
                          {
                            "Node Type": "Bitmap Heap Scan",
                            "Parent Relationship": "Outer",
                            "Parallel Aware": true,
                            "Relation Name": "movie_keyword",
                            "Alias": "mk",
                            "Startup Cost": 22305.6,
                            "Total Cost": 54491.25,
                            "Plan Rows": 618532,
                            "Plan Width": 4,
                            "Actual Startup Time": 64.675,
                            "Actual Total Time": 164.561,
                            "Actual Rows": 530558,
                            "Actual Loops": 2,
                            "Recheck Cond": "(keyword_id < 1060)",
                            "Rows Removed by Index Recheck": 0,
                            "Exact Heap Blocks": 13087,
                            "Lossy Heap Blocks": 0,
                            "Plans": [
                              {
                                "Node Type": "Bitmap Index Scan",
                                "Parent Relationship": "Outer",
                                "Parallel Aware": false,
                                "Index Name": "keyword_id_movie_keyword",
                                "Startup Cost": 0.0,
                                "Total Cost": 22042.72,
                                "Plan Rows": 1051505,
                                "Plan Width": 0,
                                "Actual Startup Time": 61.009,
                                "Actual Total Time": 61.009,
                                "Actual Rows": 1061117,
                                "Actual Loops": 1,
                                "Index Cond": "(keyword_id < 1060)"
                              }
                            ]
                          },
                          {
                            "Node Type": "Hash",
                            "Parent Relationship": "Inner",
                            "Parallel Aware": true,
                            "Startup Cost": 50870.31,
                            "Total Cost": 50870.31,
                            "Plan Rows": 1487231,
                            "Plan Width": 4,
                            "Actual Startup Time": 509.419,
                            "Actual Total Time": 509.42,
                            "Actual Rows": 1264156,
                            "Actual Loops": 2,
                            "Hash Buckets": 4194304,
                            "Original Hash Buckets": 4194304,
                            "Hash Batches": 1,
                            "Original Hash Batches": 1,
                            "Peak Memory Usage": 131712,
                            "Plans": [
                              {
                                "Node Type": "Seq Scan",
                                "Parent Relationship": "Outer",
                                "Parallel Aware": true,
                                "Relation Name": "title",
                                "Alias": "t",
                                "Startup Cost": 0.0,
                                "Total Cost": 50870.31,
                                "Plan Rows": 1487231,
                                "Plan Width": 4,
                                "Actual Startup Time": 0.029,
                                "Actual Total Time": 156.075,
                                "Actual Rows": 1264156,
                                "Actual Loops": 2
                              }
                            ]
                          }
                        ]
                      }
                    ]
                  }
                ]
              }
            ]
          }
        ]
      }
    ]
  },
  "Planning Time": 1.004,
  "Triggers": [],
  "Execution Time": 1221.353
}