{
  "Plan": {
    "Node Type": "Aggregate",
    "Strategy": "Plain",
    "Partial Mode": "Finalize",
    "Parallel Aware": false,
    "Startup Cost": 311015.9,
    "Total Cost": 311015.91,
    "Plan Rows": 1,
    "Plan Width": 8,
    "Actual Startup Time": 3378.147,
    "Actual Total Time": 3457.817,
    "Actual Rows": 1,
    "Actual Loops": 1,
    "Plans": [
      {
        "Node Type": "Gather",
        "Parent Relationship": "Outer",
        "Parallel Aware": false,
        "Startup Cost": 311015.78,
        "Total Cost": 311015.89,
        "Plan Rows": 1,
        "Plan Width": 8,
        "Actual Startup Time": 3367.067,
        "Actual Total Time": 3457.803,
        "Actual Rows": 2,
        "Actual Loops": 1,
        "Workers Planned": 1,
        "Workers Launched": 1,
        "Single Copy": false,
        "Plans": [
          {
            "Node Type": "Aggregate",
            "Strategy": "Plain",
            "Partial Mode": "Partial",
            "Parent Relationship": "Outer",
            "Parallel Aware": false,
            "Startup Cost": 310015.78,
            "Total Cost": 310015.79,
            "Plan Rows": 1,
            "Plan Width": 8,
            "Actual Startup Time": 3361.951,
            "Actual Total Time": 3367.96,
            "Actual Rows": 1,
            "Actual Loops": 2,
            "Plans": [
              {
                "Node Type": "Hash Join",
                "Parent Relationship": "Outer",
                "Parallel Aware": true,
                "Join Type": "Inner",
                "Startup Cost": 263948.16,
                "Total Cost": 308896.27,
                "Plan Rows": 447807,
                "Plan Width": 0,
                "Actual Startup Time": 2283.007,
                "Actual Total Time": 3168.078,
                "Actual Rows": 5228272,
                "Actual Loops": 2,
                "Inner Unique": false,
                "Hash Cond": "(mc.movie_id = t.id)",
                "Plans": [
                  {
                    "Node Type": "Seq Scan",
                    "Parent Relationship": "Outer",
                    "Parallel Aware": true,
                    "Relation Name": "movie_companies",
                    "Alias": "mc",
                    "Startup Cost": 0.0,
                    "Total Cost": 37974.77,
                    "Plan Rows": 1157114,
                    "Plan Width": 4,
                    "Actual Startup Time": 0.024,
                    "Actual Total Time": 127.234,
                    "Actual Rows": 977216,
                    "Actual Loops": 2,
                    "Filter": "(company_id < 53707)",
                    "Rows Removed by Filter": 327348
                  },
                  {
                    "Node Type": "Hash",
                    "Parent Relationship": "Inner",
                    "Parallel Aware": true,
                    "Startup Cost": 256753.61,
                    "Total Cost": 256753.61,
                    "Plan Rows": 575564,
                    "Plan Width": 8,
                    "Actual Startup Time": 2273.688,
                    "Actual Total Time": 2279.694,
                    "Actual Rows": 1776325,
                    "Actual Loops": 2,
                    "Hash Buckets": 4194304,
                    "Original Hash Buckets": 1048576,
                    "Hash Batches": 1,
                    "Original Hash Batches": 1,
                    "Peak Memory Usage": 196352,
                    "Plans": [
                      {
                        "Node Type": "Hash Join",
                        "Parent Relationship": "Outer",
                        "Parallel Aware": true,
                        "Join Type": "Inner",
                        "Startup Cost": 70464.68,
                        "Total Cost": 256753.61,
                        "Plan Rows": 575564,
                        "Plan Width": 8,
                        "Actual Startup Time": 496.68,
                        "Actual Total Time": 1753.034,
                        "Actual Rows": 1776325,
                        "Actual Loops": 2,
                        "Inner Unique": true,
                        "Hash Cond": "(ci.movie_id = t.id)",
                        "Plans": [
                          {
                            "Node Type": "Index Scan",
                            "Parent Relationship": "Outer",
                            "Parallel Aware": true,
                            "Scan Direction": "Forward",
                            "Index Name": "role_id_cast_info",
                            "Relation Name": "cast_info",
                            "Alias": "ci",
                            "Startup Cost": 0.56,
                            "Total Cost": 184520.29,
                            "Plan Rows": 673982,
                            "Plan Width": 4,
                            "Actual Startup Time": 0.07,
                            "Actual Total Time": 457.207,
                            "Actual Rows": 1860033,
                            "Actual Loops": 2,
                            "Index Cond": "(role_id > 8)",
                            "Rows Removed by Index Recheck": 0,
                            "Filter": "(person_id > 2956259)",
                            "Rows Removed by Filter": 1006314
                          },
                          {
                            "Node Type": "Hash",
                            "Parent Relationship": "Inner",
                            "Parallel Aware": true,
                            "Startup Cost": 54588.39,
                            "Total Cost": 54588.39,
                            "Plan Rows": 1270058,
                            "Plan Width": 4,
                            "Actual Startup Time": 480.62,
                            "Actual Total Time": 480.621,
                            "Actual Rows": 1073342,
                            "Actual Loops": 2,
                            "Hash Buckets": 4194304,
                            "Original Hash Buckets": 4194304,
                            "Hash Batches": 1,
                            "Original Hash Batches": 1,
                            "Peak Memory Usage": 116768,
                            "Plans": [
                              {
                                "Node Type": "Seq Scan",
                                "Parent Relationship": "Outer",
                                "Parallel Aware": true,
                                "Relation Name": "title",
                                "Alias": "t",
                                "Startup Cost": 0.0,
                                "Total Cost": 54588.39,
                                "Plan Rows": 1270058,
                                "Plan Width": 4,
                                "Actual Startup Time": 0.052,
                                "Actual Total Time": 171.861,
                                "Actual Rows": 1073342,
                                "Actual Loops": 2,
                                "Filter": "(production_year > 1965)",
                                "Rows Removed by Filter": 190814
                              }
                            ]
                          }
                        ]
                      }
                    ]
                  }
                ]
              }
            ]
          }
        ]
      }
    ]
  },
  "Planning Time": 0.715,
  "Triggers": [],
  "Execution Time": 3457.915
}