[
    {
        "Bao": {
            "Bao prediction": "NaN",
            "Bao recommended hint": "(no hint)"
        }
    },
    {
        "Plan": {
            "Node Type": "Aggregate",
            "Strategy": "Plain",
            "Partial Mode": "Simple",
            "Parallel Aware": false,
            "Startup Cost": 14261.46,
            "Total Cost": 14261.47,
            "Plan Rows": 1,
            "Plan Width": 8,
            "Actual Startup Time": 8.441,
            "Actual Total Time": 8.444,
            "Actual Rows": 1,
            "Actual Loops": 1,
            "Output": [
                "count(*)"
            ],
            "Plans": [
                {
                    "Node Type": "Bitmap Heap Scan",
                    "Parent Relationship": "Outer",
                    "Parallel Aware": false,
                    "Relation Name": "movie_keyword",
                    "Schema": "public",
                    "Alias": "mk",
                    "Startup Cost": 131.74,
                    "Total Cost": 14246.2,
                    "Plan Rows": 6104,
                    "Plan Width": 0,
                    "Actual Startup Time": 1.494,
                    "Actual Total Time": 7.676,
                    "Actual Rows": 4668,
                    "Actual Loops": 1,
                    "Recheck Cond": "(mk.keyword_id > 129807)",
                    "Rows Removed by Index Recheck": 0,
                    "Exact Heap Blocks": 1501,
                    "Lossy Heap Blocks": 0,
                    "Plans": [
                        {
                            "Node Type": "Bitmap Index Scan",
                            "Parent Relationship": "Outer",
                            "Parallel Aware": false,
                            "Index Name": "keyword_id_movie_keyword",
                            "Startup Cost": 0.0,
                            "Total Cost": 130.21,
                            "Plan Rows": 6104,
                            "Plan Width": 0,
                            "Actual Startup Time": 0.921,
                            "Actual Total Time": 0.922,
                            "Actual Rows": 4668,
                            "Actual Loops": 1,
                            "Index Cond": "(mk.keyword_id > 129807)"
                        }
                    ]
                }
            ]
        },
        "Planning Time": 277.938,
        "Triggers": [],
        "Execution Time": 8.535
    }
]