[
  {
    "Plan": {
      "Node Type": "Aggregate",
      "Strategy": "Plain",
      "Partial Mode": "Finalize",
      "Parallel Aware": false,
      "Startup Cost": 294301.73,
      "Total Cost": 294301.74,
      "Plan Rows": 1,
      "Plan Width": 8,
      "Actual Startup Time": 828.042,
      "Actual Total Time": 878.294,
      "Actual Rows": 1,
      "Actual Loops": 1,
      "Plans": [
        {
          "Node Type": "Gather",
          "Parent Relationship": "Outer",
          "Parallel Aware": false,
          "Startup Cost": 294301.42,
          "Total Cost": 294301.73,
          "Plan Rows": 3,
          "Plan Width": 8,
          "Actual Startup Time": 825.706,
          "Actual Total Time": 878.283,
          "Actual Rows": 4,
          "Actual Loops": 1,
          "Workers Planned": 3,
          "Workers Launched": 3,
          "Single Copy": false,
          "Plans": [
            {
              "Node Type": "Aggregate",
              "Strategy": "Plain",
              "Partial Mode": "Partial",
              "Parent Relationship": "Outer",
              "Parallel Aware": false,
              "Startup Cost": 293301.42,
              "Total Cost": 293301.43,
              "Plan Rows": 1,
              "Plan Width": 8,
              "Actual Startup Time": 816.499,
              "Actual Total Time": 816.505,
              "Actual Rows": 1,
              "Actual Loops": 4,
              "Plans": [
                {
                  "Node Type": "Hash Join",
                  "Parent Relationship": "Outer",
                  "Parallel Aware": true,
                  "Join Type": "Inner",
                  "Startup Cost": 247904.33,
                  "Total Cost": 292814.05,
                  "Plan Rows": 194948,
                  "Plan Width": 0,
                  "Actual Startup Time": 650.661,
                  "Actual Total Time": 815.843,
                  "Actual Rows": 16252,
                  "Actual Loops": 4,
                  "Inner Unique": false,
                  "Hash Cond": "(mk.movie_id = t.id)",
                  "Plans": [
                    {
                      "Node Type": "Seq Scan",
                      "Parent Relationship": "Outer",
                      "Parallel Aware": true,
                      "Relation Name": "movie_keyword",
                      "Alias": "mk",
                      "Startup Cost": 0.0,
                      "Total Cost": 39047.32,
                      "Plan Rows": 1459332,
                      "Plan Width": 4,
                      "Actual Startup Time": 0.024,
                      "Actual Total Time": 86.186,
                      "Actual Rows": 1130982,
                      "Actual Loops": 4
                    },
                    {
                      "Node Type": "Hash",
                      "Parent Relationship": "Inner",
                      "Parallel Aware": true,
                      "Startup Cost": 247059.95,
                      "Total Cost": 247059.95,
                      "Plan Rows": 67550,
                      "Plan Width": 8,
                      "Actual Startup Time": 646.861,
                      "Actual Total Time": 646.865,
                      "Actual Rows": 9944,
                      "Actual Loops": 4,
                      "Hash Buckets": 524288,
                      "Original Hash Buckets": 524288,
                      "Hash Batches": 1,
                      "Original Hash Batches": 1,
                      "Peak Memory Usage": 5696,
                      "Plans": [
                        {
                          "Node Type": "Hash Join",
                          "Parent Relationship": "Outer",
                          "Parallel Aware": true,
                          "Join Type": "Inner",
                          "Startup Cost": 46222.02,
                          "Total Cost": 247059.95,
                          "Plan Rows": 67550,
                          "Plan Width": 8,
                          "Actual Startup Time": 162.434,
                          "Actual Total Time": 642.557,
                          "Actual Rows": 9944,
                          "Actual Loops": 4,
                          "Inner Unique": true,
                          "Hash Cond": "(mi.movie_id = t.id)",
                          "Plans": [
                            {
                              "Node Type": "Seq Scan",
                              "Parent Relationship": "Outer",
                              "Parallel Aware": true,
                              "Relation Name": "movie_info",
                              "Alias": "mi",
                              "Startup Cost": 0.0,
                              "Total Cost": 198952.16,
                              "Plan Rows": 718388,
                              "Plan Width": 4,
                              "Actual Startup Time": 38.979,
                              "Actual Total Time": 393.083,
                              "Actual Rows": 906244,
                              "Actual Loops": 4,
                              "Filter": "(info_type_id < 4)",
                              "Rows Removed by Filter": 2802686
                            },
                            {
                              "Node Type": "Hash",
                              "Parent Relationship": "Inner",
                              "Parallel Aware": true,
                              "Startup Cost": 45479.1,
                              "Total Cost": 45479.1,
                              "Plan Rows": 59434,
                              "Plan Width": 4,
                              "Actual Startup Time": 122.434,
                              "Actual Total Time": 122.435,
                              "Actual Rows": 64226,
                              "Actual Loops": 4,
                              "Hash Buckets": 262144,
                              "Original Hash Buckets": 262144,
                              "Hash Batches": 1,
                              "Original Hash Batches": 1,
                              "Peak Memory Usage": 12192,
                              "Plans": [
                                {
                                  "Node Type": "Seq Scan",
                                  "Parent Relationship": "Outer",
                                  "Parallel Aware": true,
                                  "Relation Name": "title",
                                  "Alias": "t",
                                  "Startup Cost": 0.0,
                                  "Total Cost": 45479.1,
                                  "Plan Rows": 59434,
                                  "Plan Width": 4,
                                  "Actual Startup Time": 0.041,
                                  "Actual Total Time": 96.253,
                                  "Actual Rows": 64226,
                                  "Actual Loops": 4,
                                  "Filter": "((production_year > 2010) AND (kind_id = 7))",
                                  "Rows Removed by Filter": 567852
                                }
                              ]
                            }
                          ]
                        }
                      ]
                    }
                  ]
                }
              ]
            }
          ]
        }
      ]
    },
    "Planning Time": 1.401,
    "Triggers": [],
    "Execution Time": 878.388
  }
]