[
  {
    "Plan": {
      "Node Type": "Aggregate",
      "Strategy": "Plain",
      "Partial Mode": "Finalize",
      "Parallel Aware": false,
      "Startup Cost": 334675.25,
      "Total Cost": 334675.26,
      "Plan Rows": 1,
      "Plan Width": 8,
      "Actual Startup Time": 639.03,
      "Actual Total Time": 697.958,
      "Actual Rows": 1,
      "Actual Loops": 1,
      "Plans": [
        {
          "Node Type": "Gather",
          "Parent Relationship": "Outer",
          "Parallel Aware": false,
          "Startup Cost": 334674.62,
          "Total Cost": 334675.23,
          "Plan Rows": 6,
          "Plan Width": 8,
          "Actual Startup Time": 638.9,
          "Actual Total Time": 697.935,
          "Actual Rows": 7,
          "Actual Loops": 1,
          "Workers Planned": 6,
          "Workers Launched": 6,
          "Single Copy": false,
          "Plans": [
            {
              "Node Type": "Aggregate",
              "Strategy": "Plain",
              "Partial Mode": "Partial",
              "Parent Relationship": "Outer",
              "Parallel Aware": false,
              "Startup Cost": 333674.62,
              "Total Cost": 333674.64,
              "Plan Rows": 1,
              "Plan Width": 8,
              "Actual Startup Time": 631.104,
              "Actual Total Time": 631.105,
              "Actual Rows": 1,
              "Actual Loops": 7,
              "Plans": [
                {
                  "Node Type": "Seq Scan",
                  "Parent Relationship": "Outer",
                  "Parallel Aware": true,
                  "Relation Name": "cast_info",
                  "Alias": "ci",
                  "Startup Cost": 0.0,
                  "Total Cost": 328162.03,
                  "Plan Rows": 2205040,
                  "Plan Width": 0,
                  "Actual Startup Time": 0.04,
                  "Actual Total Time": 549.701,
                  "Actual Rows": 1891921,
                  "Actual Loops": 7,
                  "Filter": "(person_id < 1305828)",
                  "Rows Removed by Filter": 3285843
                }
              ]
            }
          ]
        }
      ]
    },
    "Planning Time": 0.198,
    "Triggers": [],
    "Execution Time": 698.031
  }
]