[
  {
    "Plan": {
      "Node Type": "Aggregate",
      "Strategy": "Plain",
      "Partial Mode": "Finalize",
      "Parallel Aware": false,
      "Startup Cost": 46711.14,
      "Total Cost": 46711.15,
      "Plan Rows": 1,
      "Plan Width": 8,
      "Actual Startup Time": 166.355,
      "Actual Total Time": 174.958,
      "Actual Rows": 1,
      "Actual Loops": 1,
      "Plans": [
        {
          "Node Type": "Gather",
          "Parent Relationship": "Outer",
          "Parallel Aware": false,
          "Startup Cost": 46710.82,
          "Total Cost": 46711.13,
          "Plan Rows": 3,
          "Plan Width": 8,
          "Actual Startup Time": 166.218,
          "Actual Total Time": 174.949,
          "Actual Rows": 4,
          "Actual Loops": 1,
          "Workers Planned": 3,
          "Workers Launched": 3,
          "Single Copy": false,
          "Plans": [
            {
              "Node Type": "Aggregate",
              "Strategy": "Plain",
              "Partial Mode": "Partial",
              "Parent Relationship": "Outer",
              "Parallel Aware": false,
              "Startup Cost": 45710.82,
              "Total Cost": 45710.83,
              "Plan Rows": 1,
              "Plan Width": 8,
              "Actual Startup Time": 160.173,
              "Actual Total Time": 160.174,
              "Actual Rows": 1,
              "Actual Loops": 4,
              "Plans": [
                {
                  "Node Type": "Seq Scan",
                  "Parent Relationship": "Outer",
                  "Parallel Aware": true,
                  "Relation Name": "movie_keyword",
                  "Alias": "mk",
                  "Startup Cost": 0.0,
                  "Total Cost": 42695.65,
                  "Plan Rows": 1206066,
                  "Plan Width": 0,
                  "Actual Startup Time": 0.105,
                  "Actual Total Time": 119.282,
                  "Actual Rows": 931519,
                  "Actual Loops": 4,
                  "Filter": "(keyword_id > 768)",
                  "Rows Removed by Filter": 199464
                }
              ]
            }
          ]
        }
      ]
    },
    "Planning Time": 0.165,
    "Triggers": [],
    "Execution Time": 175.008
  }
]