[
  {
    "Plan": {
      "Node Type": "Aggregate",
      "Strategy": "Plain",
      "Partial Mode": "Finalize",
      "Parallel Aware": false,
      "Startup Cost": 295271.3,
      "Total Cost": 295271.31,
      "Plan Rows": 1,
      "Plan Width": 8,
      "Actual Startup Time": 164.35,
      "Actual Total Time": 170.978,
      "Actual Rows": 1,
      "Actual Loops": 1,
      "Plans": [
        {
          "Node Type": "Gather",
          "Parent Relationship": "Outer",
          "Parallel Aware": false,
          "Startup Cost": 295270.67,
          "Total Cost": 295271.28,
          "Plan Rows": 6,
          "Plan Width": 8,
          "Actual Startup Time": 163.831,
          "Actual Total Time": 170.969,
          "Actual Rows": 7,
          "Actual Loops": 1,
          "Workers Planned": 6,
          "Workers Launched": 6,
          "Single Copy": false,
          "Plans": [
            {
              "Node Type": "Aggregate",
              "Strategy": "Plain",
              "Partial Mode": "Partial",
              "Parent Relationship": "Outer",
              "Parallel Aware": false,
              "Startup Cost": 294270.67,
              "Total Cost": 294270.68,
              "Plan Rows": 1,
              "Plan Width": 8,
              "Actual Startup Time": 153.738,
              "Actual Total Time": 153.739,
              "Actual Rows": 1,
              "Actual Loops": 7,
              "Plans": [
                {
                  "Node Type": "Bitmap Heap Scan",
                  "Parent Relationship": "Outer",
                  "Parallel Aware": true,
                  "Relation Name": "cast_info",
                  "Alias": "ci",
                  "Startup Cost": 37355.6,
                  "Total Cost": 293565.99,
                  "Plan Rows": 281872,
                  "Plan Width": 0,
                  "Actual Startup Time": 77.626,
                  "Actual Total Time": 138.972,
                  "Actual Rows": 245561,
                  "Actual Loops": 7,
                  "Recheck Cond": "(person_id < 171059)",
                  "Rows Removed by Index Recheck": 0,
                  "Exact Heap Blocks": 4554,
                  "Lossy Heap Blocks": 0,
                  "Plans": [
                    {
                      "Node Type": "Bitmap Index Scan",
                      "Parent Relationship": "Outer",
                      "Parallel Aware": false,
                      "Index Name": "person_id_cast_info",
                      "Startup Cost": 0.0,
                      "Total Cost": 36932.79,
                      "Plan Rows": 1691230,
                      "Plan Width": 0,
                      "Actual Startup Time": 83.696,
                      "Actual Total Time": 83.697,
                      "Actual Rows": 1718929,
                      "Actual Loops": 1,
                      "Index Cond": "(person_id < 171059)"
                    }
                  ]
                }
              ]
            }
          ]
        }
      ]
    },
    "Planning Time": 0.195,
    "Triggers": [],
    "Execution Time": 171.054
  }
]