[
  {
    "Plan": {
      "Node Type": "Aggregate",
      "Strategy": "Plain",
      "Partial Mode": "Finalize",
      "Parallel Aware": false,
      "Startup Cost": 77558.48,
      "Total Cost": 77558.49,
      "Plan Rows": 1,
      "Plan Width": 8,
      "Actual Startup Time": 419.488,
      "Actual Total Time": 456.337,
      "Actual Rows": 1,
      "Actual Loops": 1,
      "Plans": [
        {
          "Node Type": "Gather",
          "Parent Relationship": "Outer",
          "Parallel Aware": false,
          "Startup Cost": 77558.06,
          "Total Cost": 77558.47,
          "Plan Rows": 4,
          "Plan Width": 8,
          "Actual Startup Time": 418.858,
          "Actual Total Time": 456.327,
          "Actual Rows": 5,
          "Actual Loops": 1,
          "Workers Planned": 4,
          "Workers Launched": 4,
          "Single Copy": false,
          "Plans": [
            {
              "Node Type": "Aggregate",
              "Strategy": "Plain",
              "Partial Mode": "Partial",
              "Parent Relationship": "Outer",
              "Parallel Aware": false,
              "Startup Cost": 76558.06,
              "Total Cost": 76558.07,
              "Plan Rows": 1,
              "Plan Width": 8,
              "Actual Startup Time": 406.853,
              "Actual Total Time": 406.854,
              "Actual Rows": 1,
              "Actual Loops": 5,
              "Plans": [
                {
                  "Node Type": "Nested Loop",
                  "Parent Relationship": "Outer",
                  "Parallel Aware": false,
                  "Join Type": "Inner",
                  "Startup Cost": 1.0,
                  "Total Cost": 76465.0,
                  "Plan Rows": 37222,
                  "Plan Width": 0,
                  "Actual Startup Time": 2.829,
                  "Actual Total Time": 397.113,
                  "Actual Rows": 210867,
                  "Actual Loops": 5,
                  "Inner Unique": false,
                  "Join Filter": "(t.id = ci.movie_id)",
                  "Rows Removed by Join Filter": 0,
                  "Plans": [
                    {
                      "Node Type": "Nested Loop",
                      "Parent Relationship": "Outer",
                      "Parallel Aware": false,
                      "Join Type": "Inner",
                      "Startup Cost": 0.43,
                      "Total Cost": 67071.46,
                      "Plan Rows": 4730,
                      "Plan Width": 8,
                      "Actual Startup Time": 2.229,
                      "Actual Total Time": 98.897,
                      "Actual Rows": 10074,
                      "Actual Loops": 5,
                      "Inner Unique": false,
                      "Plans": [
                        {
                          "Node Type": "Seq Scan",
                          "Parent Relationship": "Outer",
                          "Parallel Aware": true,
                          "Relation Name": "title",
                          "Alias": "t",
                          "Startup Cost": 0.0,
                          "Total Cost": 45479.1,
                          "Plan Rows": 2644,
                          "Plan Width": 4,
                          "Actual Startup Time": 0.581,
                          "Actual Total Time": 74.999,
                          "Actual Rows": 2039,
                          "Actual Loops": 5,
                          "Filter": "((kind_id < 7) AND (production_year = 1992))",
                          "Rows Removed by Filter": 503623
                        },
                        {
                          "Node Type": "Index Only Scan",
                          "Parent Relationship": "Inner",
                          "Parallel Aware": false,
                          "Scan Direction": "Forward",
                          "Index Name": "movie_id_movie_keyword",
                          "Relation Name": "movie_keyword",
                          "Alias": "mk",
                          "Startup Cost": 0.43,
                          "Total Cost": 7.72,
                          "Plan Rows": 45,
                          "Plan Width": 4,
                          "Actual Startup Time": 0.01,
                          "Actual Total Time": 0.011,
                          "Actual Rows": 5,
                          "Actual Loops": 10197,
                          "Index Cond": "(movie_id = t.id)",
                          "Rows Removed by Index Recheck": 0,
                          "Heap Fetches": 50370
                        }
                      ]
                    },
                    {
                      "Node Type": "Index Scan",
                      "Parent Relationship": "Inner",
                      "Parallel Aware": false,
                      "Scan Direction": "Forward",
                      "Index Name": "movie_id_cast_info",
                      "Relation Name": "cast_info",
                      "Alias": "ci",
                      "Startup Cost": 0.56,
                      "Total Cost": 1.74,
                      "Plan Rows": 20,
                      "Plan Width": 4,
                      "Actual Startup Time": 0.013,
                      "Actual Total Time": 0.028,
                      "Actual Rows": 21,
                      "Actual Loops": 50370,
                      "Index Cond": "(movie_id = mk.movie_id)",
                      "Rows Removed by Index Recheck": 0,
                      "Filter": "((person_id < 3079204) AND (role_id > 1))",
                      "Rows Removed by Filter": 28
                    }
                  ]
                }
              ]
            }
          ]
        }
      ]
    },
    "Planning Time": 1.363,
    "Triggers": [],
    "Execution Time": 456.444
  }
]