{
  "Plan": {
    "Node Type": "Aggregate",
    "Strategy": "Plain",
    "Partial Mode": "Finalize",
    "Parallel Aware": false,
    "Startup Cost": 34835.95,
    "Total Cost": 34835.96,
    "Plan Rows": 1,
    "Plan Width": 8,
    "Actual Startup Time": 29.399,
    "Actual Total Time": 33.096,
    "Actual Rows": 1,
    "Actual Loops": 1,
    "Plans": [
      {
        "Node Type": "Gather",
        "Parent Relationship": "Outer",
        "Parallel Aware": false,
        "Startup Cost": 34835.84,
        "Total Cost": 34835.95,
        "Plan Rows": 1,
        "Plan Width": 8,
        "Actual Startup Time": 29.245,
        "Actual Total Time": 33.089,
        "Actual Rows": 2,
        "Actual Loops": 1,
        "Workers Planned": 1,
        "Workers Launched": 1,
        "Single Copy": false,
        "Plans": [
          {
            "Node Type": "Aggregate",
            "Strategy": "Plain",
            "Partial Mode": "Partial",
            "Parent Relationship": "Outer",
            "Parallel Aware": false,
            "Startup Cost": 33835.84,
            "Total Cost": 33835.85,
            "Plan Rows": 1,
            "Plan Width": 8,
            "Actual Startup Time": 23.169,
            "Actual Total Time": 23.171,
            "Actual Rows": 1,
            "Actual Loops": 2,
            "Plans": [
              {
                "Node Type": "Nested Loop",
                "Parent Relationship": "Outer",
                "Parallel Aware": false,
                "Join Type": "Inner",
                "Startup Cost": 107.43,
                "Total Cost": 33831.39,
                "Plan Rows": 1779,
                "Plan Width": 0,
                "Actual Startup Time": 1.861,
                "Actual Total Time": 22.955,
                "Actual Rows": 803,
                "Actual Loops": 2,
                "Inner Unique": true,
                "Plans": [
                  {
                    "Node Type": "Bitmap Heap Scan",
                    "Parent Relationship": "Outer",
                    "Parallel Aware": true,
                    "Relation Name": "movie_keyword",
                    "Alias": "mk",
                    "Startup Cost": 107.0,
                    "Total Cost": 12387.58,
                    "Plan Rows": 2927,
                    "Plan Width": 4,
                    "Actual Startup Time": 1.43,
                    "Actual Total Time": 4.781,
                    "Actual Rows": 1756,
                    "Actual Loops": 2,
                    "Recheck Cond": "(keyword_id = 365)",
                    "Rows Removed by Index Recheck": 0,
                    "Exact Heap Blocks": 1079,
                    "Lossy Heap Blocks": 0,
                    "Plans": [
                      {
                        "Node Type": "Bitmap Index Scan",
                        "Parent Relationship": "Outer",
                        "Parallel Aware": false,
                        "Index Name": "keyword_id_movie_keyword",
                        "Startup Cost": 0.0,
                        "Total Cost": 105.75,
                        "Plan Rows": 4976,
                        "Plan Width": 0,
                        "Actual Startup Time": 2.146,
                        "Actual Total Time": 2.146,
                        "Actual Rows": 3511,
                        "Actual Loops": 1,
                        "Index Cond": "(keyword_id = 365)"
                      }
                    ]
                  },
                  {
                    "Node Type": "Index Scan",
                    "Parent Relationship": "Inner",
                    "Parallel Aware": false,
                    "Scan Direction": "Forward",
                    "Index Name": "title_pkey",
                    "Relation Name": "title",
                    "Alias": "t",
                    "Startup Cost": 0.43,
                    "Total Cost": 7.33,
                    "Plan Rows": 1,
                    "Plan Width": 4,
                    "Actual Startup Time": 0.01,
                    "Actual Total Time": 0.01,
                    "Actual Rows": 0,
                    "Actual Loops": 3511,
                    "Index Cond": "(id = mk.movie_id)",
                    "Rows Removed by Index Recheck": 0,
                    "Filter": "(kind_id = 7)",
                    "Rows Removed by Filter": 1
                  }
                ]
              }
            ]
          }
        ]
      }
    ]
  },
  "Planning Time": 0.434,
  "Triggers": [],
  "Execution Time": 33.185
}