[
  {
    "Plan": {
      "Node Type": "Aggregate",
      "Strategy": "Plain",
      "Partial Mode": "Simple",
      "Parallel Aware": false,
      "Startup Cost": 43192.78,
      "Total Cost": 43192.79,
      "Plan Rows": 1,
      "Plan Width": 8,
      "Actual Startup Time": 140.929,
      "Actual Total Time": 152.836,
      "Actual Rows": 1,
      "Actual Loops": 1,
      "Plans": [
        {
          "Node Type": "Gather",
          "Parent Relationship": "Outer",
          "Parallel Aware": false,
          "Startup Cost": 18810.01,
          "Total Cost": 43192.78,
          "Plan Rows": 1,
          "Plan Width": 0,
          "Actual Startup Time": 137.385,
          "Actual Total Time": 152.825,
          "Actual Rows": 1,
          "Actual Loops": 1,
          "Workers Planned": 3,
          "Workers Launched": 3,
          "Single Copy": false,
          "Plans": [
            {
              "Node Type": "Nested Loop",
              "Parent Relationship": "Outer",
              "Parallel Aware": false,
              "Join Type": "Inner",
              "Startup Cost": 17810.01,
              "Total Cost": 42192.68,
              "Plan Rows": 1,
              "Plan Width": 0,
              "Actual Startup Time": 129.143,
              "Actual Total Time": 129.286,
              "Actual Rows": 0,
              "Actual Loops": 4,
              "Inner Unique": true,
              "Plans": [
                {
                  "Node Type": "Hash Join",
                  "Parent Relationship": "Outer",
                  "Parallel Aware": true,
                  "Join Type": "Inner",
                  "Startup Cost": 17809.58,
                  "Total Cost": 38670.08,
                  "Plan Rows": 4192,
                  "Plan Width": 8,
                  "Actual Startup Time": 93.232,
                  "Actual Total Time": 110.132,
                  "Actual Rows": 2392,
                  "Actual Loops": 4,
                  "Inner Unique": false,
                  "Hash Cond": "(mk.movie_id = mi_idx.movie_id)",
                  "Plans": [
                    {
                      "Node Type": "Bitmap Heap Scan",
                      "Parent Relationship": "Outer",
                      "Parallel Aware": true,
                      "Relation Name": "movie_keyword",
                      "Alias": "mk",
                      "Startup Cost": 269.43,
                      "Total Cost": 21097.34,
                      "Plan Rows": 4037,
                      "Plan Width": 4,
                      "Actual Startup Time": 5.884,
                      "Actual Total Time": 18.644,
                      "Actual Rows": 3530,
                      "Actual Loops": 4,
                      "Recheck Cond": "(keyword_id = 1382)",
                      "Rows Removed by Index Recheck": 0,
                      "Exact Heap Blocks": 4730,
                      "Lossy Heap Blocks": 0,
                      "Plans": [
                        {
                          "Node Type": "Bitmap Index Scan",
                          "Parent Relationship": "Outer",
                          "Parallel Aware": false,
                          "Index Name": "keyword_id_movie_keyword",
                          "Startup Cost": 0.0,
                          "Total Cost": 266.3,
                          "Plan Rows": 12516,
                          "Plan Width": 0,
                          "Actual Startup Time": 4.583,
                          "Actual Total Time": 4.584,
                          "Actual Rows": 14120,
                          "Actual Loops": 1,
                          "Index Cond": "(keyword_id = 1382)"
                        }
                      ]
                    },
                    {
                      "Node Type": "Hash",
                      "Parent Relationship": "Inner",
                      "Parallel Aware": true,
                      "Startup Cost": 15122.68,
                      "Total Cost": 15122.68,
                      "Plan Rows": 193397,
                      "Plan Width": 4,
                      "Actual Startup Time": 85.408,
                      "Actual Total Time": 85.409,
                      "Actual Rows": 115046,
                      "Actual Loops": 4,
                      "Hash Buckets": 524288,
                      "Original Hash Buckets": 524288,
                      "Hash Batches": 1,
                      "Original Hash Batches": 1,
                      "Peak Memory Usage": 22176,
                      "Plans": [
                        {
                          "Node Type": "Seq Scan",
                          "Parent Relationship": "Outer",
                          "Parallel Aware": true,
                          "Relation Name": "movie_info_idx",
                          "Alias": "mi_idx",
                          "Startup Cost": 0.0,
                          "Total Cost": 15122.68,
                          "Plan Rows": 193397,
                          "Plan Width": 4,
                          "Actual Startup Time": 0.07,
                          "Actual Total Time": 46.367,
                          "Actual Rows": 115046,
                          "Actual Loops": 4,
                          "Filter": "(info_type_id > 100)",
                          "Rows Removed by Filter": 229962
                        }
                      ]
                    }
                  ]
                },
                {
                  "Node Type": "Index Scan",
                  "Parent Relationship": "Inner",
                  "Parallel Aware": false,
                  "Scan Direction": "Forward",
                  "Index Name": "title_pkey",
                  "Relation Name": "title",
                  "Alias": "t",
                  "Startup Cost": 0.43,
                  "Total Cost": 0.84,
                  "Plan Rows": 1,
                  "Plan Width": 4,
                  "Actual Startup Time": 0.008,
                  "Actual Total Time": 0.008,
                  "Actual Rows": 0,
                  "Actual Loops": 9566,
                  "Index Cond": "(id = mi_idx.movie_id)",
                  "Rows Removed by Index Recheck": 0,
                  "Filter": "((kind_id = 1) AND (production_year = 1927))",
                  "Rows Removed by Filter": 1
                }
              ]
            }
          ]
        }
      ]
    },
    "Planning Time": 0.437,
    "Triggers": [],
    "Execution Time": 152.888
  }
]