[
    {
        "Bao": {
            "Bao prediction": 489.185,
            "Bao recommended hint": "(no hint)"
        }
    },
    {
        "Plan": {
            "Node Type": "Aggregate",
            "Strategy": "Plain",
            "Partial Mode": "Finalize",
            "Parallel Aware": false,
            "Startup Cost": 334246.15,
            "Total Cost": 334246.16,
            "Plan Rows": 1,
            "Plan Width": 8,
            "Actual Startup Time": 833.092,
            "Actual Total Time": 864.294,
            "Actual Rows": 1,
            "Actual Loops": 1,
            "Output": [
                "count(*)"
            ],
            "Plans": [
                {
                    "Node Type": "Gather",
                    "Parent Relationship": "Outer",
                    "Parallel Aware": false,
                    "Startup Cost": 334245.52,
                    "Total Cost": 334246.13,
                    "Plan Rows": 6,
                    "Plan Width": 8,
                    "Actual Startup Time": 833.013,
                    "Actual Total Time": 864.286,
                    "Actual Rows": 7,
                    "Actual Loops": 1,
                    "Output": [
                        "(PARTIAL count(*))"
                    ],
                    "Workers Planned": 6,
                    "Workers Launched": 6,
                    "Single Copy": false,
                    "Plans": [
                        {
                            "Node Type": "Aggregate",
                            "Strategy": "Plain",
                            "Partial Mode": "Partial",
                            "Parent Relationship": "Outer",
                            "Parallel Aware": false,
                            "Startup Cost": 333245.52,
                            "Total Cost": 333245.53,
                            "Plan Rows": 1,
                            "Plan Width": 8,
                            "Actual Startup Time": 823.685,
                            "Actual Total Time": 823.686,
                            "Actual Rows": 1,
                            "Actual Loops": 7,
                            "Output": [
                                "PARTIAL count(*)"
                            ],
                            "Workers": [
                                {
                                    "Worker Number": 0,
                                    "Actual Startup Time": 821.902,
                                    "Actual Total Time": 821.902,
                                    "Actual Rows": 1,
                                    "Actual Loops": 1
                                },
                                {
                                    "Worker Number": 1,
                                    "Actual Startup Time": 821.885,
                                    "Actual Total Time": 821.886,
                                    "Actual Rows": 1,
                                    "Actual Loops": 1
                                },
                                {
                                    "Worker Number": 2,
                                    "Actual Startup Time": 821.906,
                                    "Actual Total Time": 821.907,
                                    "Actual Rows": 1,
                                    "Actual Loops": 1
                                },
                                {
                                    "Worker Number": 3,
                                    "Actual Startup Time": 822.319,
                                    "Actual Total Time": 822.32,
                                    "Actual Rows": 1,
                                    "Actual Loops": 1
                                },
                                {
                                    "Worker Number": 4,
                                    "Actual Startup Time": 822.667,
                                    "Actual Total Time": 822.668,
                                    "Actual Rows": 1,
                                    "Actual Loops": 1
                                },
                                {
                                    "Worker Number": 5,
                                    "Actual Startup Time": 822.904,
                                    "Actual Total Time": 822.905,
                                    "Actual Rows": 1,
                                    "Actual Loops": 1
                                }
                            ],
                            "Plans": [
                                {
                                    "Node Type": "Seq Scan",
                                    "Parent Relationship": "Outer",
                                    "Parallel Aware": true,
                                    "Relation Name": "cast_info",
                                    "Schema": "public",
                                    "Alias": "ci",
                                    "Startup Cost": 0.0,
                                    "Total Cost": 328213.62,
                                    "Plan Rows": 2012763,
                                    "Plan Width": 0,
                                    "Actual Startup Time": 328.963,
                                    "Actual Total Time": 708.773,
                                    "Actual Rows": 1748078,
                                    "Actual Loops": 7,
                                    "Output": [
                                        "id",
                                        "person_id",
                                        "movie_id",
                                        "person_role_id",
                                        "note",
                                        "nr_order",
                                        "role_id"
                                    ],
                                    "Filter": "(ci.person_id > 2462337)",
                                    "Rows Removed by Filter": 3429685,
                                    "Workers": [
                                        {
                                            "Worker Number": 0,
                                            "Actual Startup Time": 327.168,
                                            "Actual Total Time": 709.107,
                                            "Actual Rows": 1700551,
                                            "Actual Loops": 1
                                        },
                                        {
                                            "Worker Number": 1,
                                            "Actual Startup Time": 327.177,
                                            "Actual Total Time": 708.863,
                                            "Actual Rows": 1708106,
                                            "Actual Loops": 1
                                        },
                                        {
                                            "Worker Number": 2,
                                            "Actual Startup Time": 327.17,
                                            "Actual Total Time": 708.979,
                                            "Actual Rows": 1701999,
                                            "Actual Loops": 1
                                        },
                                        {
                                            "Worker Number": 3,
                                            "Actual Startup Time": 327.595,
                                            "Actual Total Time": 711.883,
                                            "Actual Rows": 1666067,
                                            "Actual Loops": 1
                                        },
                                        {
                                            "Worker Number": 4,
                                            "Actual Startup Time": 327.952,
                                            "Actual Total Time": 710.341,
                                            "Actual Rows": 1698464,
                                            "Actual Loops": 1
                                        },
                                        {
                                            "Worker Number": 5,
                                            "Actual Startup Time": 328.195,
                                            "Actual Total Time": 710.848,
                                            "Actual Rows": 1644576,
                                            "Actual Loops": 1
                                        }
                                    ]
                                }
                            ]
                        }
                    ]
                }
            ]
        },
        "Planning Time": 1435.172,
        "Triggers": [],
        "Execution Time": 864.381
    }
]