{
  "Plan": {
    "Node Type": "Aggregate",
    "Strategy": "Plain",
    "Partial Mode": "Finalize",
    "Parallel Aware": false,
    "Startup Cost": 735975.51,
    "Total Cost": 735975.52,
    "Plan Rows": 1,
    "Plan Width": 8,
    "Actual Startup Time": 10997.349,
    "Actual Total Time": 11108.626,
    "Actual Rows": 1,
    "Actual Loops": 1,
    "Plans": [
      {
        "Node Type": "Gather",
        "Parent Relationship": "Outer",
        "Parallel Aware": false,
        "Startup Cost": 735975.39,
        "Total Cost": 735975.5,
        "Plan Rows": 1,
        "Plan Width": 8,
        "Actual Startup Time": 10973.38,
        "Actual Total Time": 11108.616,
        "Actual Rows": 2,
        "Actual Loops": 1,
        "Workers Planned": 1,
        "Workers Launched": 1,
        "Single Copy": false,
        "Plans": [
          {
            "Node Type": "Aggregate",
            "Strategy": "Plain",
            "Partial Mode": "Partial",
            "Parent Relationship": "Outer",
            "Parallel Aware": false,
            "Startup Cost": 734975.39,
            "Total Cost": 734975.4,
            "Plan Rows": 1,
            "Plan Width": 8,
            "Actual Startup Time": 10948.375,
            "Actual Total Time": 10953.529,
            "Actual Rows": 1,
            "Actual Loops": 2,
            "Plans": [
              {
                "Node Type": "Hash Join",
                "Parent Relationship": "Outer",
                "Parallel Aware": true,
                "Join Type": "Inner",
                "Startup Cost": 553574.93,
                "Total Cost": 706522.21,
                "Plan Rows": 11381275,
                "Plan Width": 0,
                "Actual Startup Time": 5966.212,
                "Actual Total Time": 9339.078,
                "Actual Rows": 39999327,
                "Actual Loops": 2,
                "Inner Unique": false,
                "Hash Cond": "(mk.movie_id = t.id)",
                "Plans": [
                  {
                    "Node Type": "Seq Scan",
                    "Parent Relationship": "Outer",
                    "Parallel Aware": true,
                    "Relation Name": "movie_keyword",
                    "Alias": "mk",
                    "Startup Cost": 0.0,
                    "Total Cost": 57718.19,
                    "Plan Rows": 2513815,
                    "Plan Width": 4,
                    "Actual Startup Time": 0.019,
                    "Actual Total Time": 204.462,
                    "Actual Rows": 2142040,
                    "Actual Loops": 2,
                    "Filter": "(keyword_id < 61913)",
                    "Rows Removed by Filter": 119925
                  },
                  {
                    "Node Type": "Hash",
                    "Parent Relationship": "Inner",
                    "Parallel Aware": true,
                    "Startup Cost": 469407.11,
                    "Total Cost": 469407.11,
                    "Plan Rows": 6733425,
                    "Plan Width": 8,
                    "Actual Startup Time": 5909.953,
                    "Actual Total Time": 5915.105,
                    "Actual Rows": 5885742,
                    "Actual Loops": 2,
                    "Hash Buckets": 16777216,
                    "Original Hash Buckets": 16777216,
                    "Hash Batches": 1,
                    "Original Hash Batches": 1,
                    "Peak Memory Usage": 591616,
                    "Plans": [
                      {
                        "Node Type": "Hash Join",
                        "Parent Relationship": "Outer",
                        "Parallel Aware": true,
                        "Join Type": "Inner",
                        "Startup Cost": 71831.42,
                        "Total Cost": 469407.11,
                        "Plan Rows": 6733425,
                        "Plan Width": 8,
                        "Actual Startup Time": 505.701,
                        "Actual Total Time": 4054.856,
                        "Actual Rows": 5885742,
                        "Actual Loops": 2,
                        "Inner Unique": true,
                        "Hash Cond": "(ci.movie_id = t.id)",
                        "Plans": [
                          {
                            "Node Type": "Index Scan",
                            "Parent Relationship": "Outer",
                            "Parallel Aware": true,
                            "Scan Direction": "Forward",
                            "Index Name": "role_id_cast_info",
                            "Relation Name": "cast_info",
                            "Alias": "ci",
                            "Startup Cost": 0.56,
                            "Total Cost": 378519.23,
                            "Plan Rows": 7259809,
                            "Plan Width": 4,
                            "Actual Startup Time": 0.076,
                            "Actual Total Time": 888.233,
                            "Actual Rows": 6056823,
                            "Actual Loops": 2,
                            "Index Cond": "(role_id > 3)",
                            "Rows Removed by Index Recheck": 0
                          },
                          {
                            "Node Type": "Hash",
                            "Parent Relationship": "Inner",
                            "Parallel Aware": true,
                            "Startup Cost": 54588.39,
                            "Total Cost": 54588.39,
                            "Plan Rows": 1379397,
                            "Plan Width": 4,
                            "Actual Startup Time": 494.571,
                            "Actual Total Time": 494.572,
                            "Actual Rows": 1170452,
                            "Actual Loops": 2,
                            "Hash Buckets": 4194304,
                            "Original Hash Buckets": 4194304,
                            "Hash Batches": 1,
                            "Original Hash Batches": 1,
                            "Peak Memory Usage": 124352,
                            "Plans": [
                              {
                                "Node Type": "Seq Scan",
                                "Parent Relationship": "Outer",
                                "Parallel Aware": true,
                                "Relation Name": "title",
                                "Alias": "t",
                                "Startup Cost": 0.0,
                                "Total Cost": 54588.39,
                                "Plan Rows": 1379397,
                                "Plan Width": 4,
                                "Actual Startup Time": 0.044,
                                "Actual Total Time": 178.349,
                                "Actual Rows": 1170452,
                                "Actual Loops": 2,
                                "Filter": "(production_year > 1929)",
                                "Rows Removed by Filter": 93704
                              }
                            ]
                          }
                        ]
                      }
                    ]
                  }
                ]
              }
            ]
          }
        ]
      }
    ]
  },
  "Planning Time": 0.631,
  "Triggers": [],
  "Execution Time": 11108.715
}