[
  {
    "Plan": {
      "Node Type": "Aggregate",
      "Strategy": "Plain",
      "Partial Mode": "Finalize",
      "Parallel Aware": false,
      "Startup Cost": 89003.49,
      "Total Cost": 89003.5,
      "Plan Rows": 1,
      "Plan Width": 8,
      "Actual Startup Time": 618.742,
      "Actual Total Time": 638.799,
      "Actual Rows": 1,
      "Actual Loops": 1,
      "Plans": [
        {
          "Node Type": "Gather",
          "Parent Relationship": "Outer",
          "Parallel Aware": false,
          "Startup Cost": 89003.27,
          "Total Cost": 89003.48,
          "Plan Rows": 2,
          "Plan Width": 8,
          "Actual Startup Time": 606.503,
          "Actual Total Time": 638.79,
          "Actual Rows": 3,
          "Actual Loops": 1,
          "Workers Planned": 2,
          "Workers Launched": 2,
          "Single Copy": false,
          "Plans": [
            {
              "Node Type": "Aggregate",
              "Strategy": "Plain",
              "Partial Mode": "Partial",
              "Parent Relationship": "Outer",
              "Parallel Aware": false,
              "Startup Cost": 88003.27,
              "Total Cost": 88003.28,
              "Plan Rows": 1,
              "Plan Width": 8,
              "Actual Startup Time": 589.647,
              "Actual Total Time": 589.656,
              "Actual Rows": 1,
              "Actual Loops": 3,
              "Plans": [
                {
                  "Node Type": "Hash Join",
                  "Parent Relationship": "Outer",
                  "Parallel Aware": true,
                  "Join Type": "Inner",
                  "Startup Cost": 72033.15,
                  "Total Cost": 87947.09,
                  "Plan Rows": 22472,
                  "Plan Width": 0,
                  "Actual Startup Time": 547.821,
                  "Actual Total Time": 587.321,
                  "Actual Rows": 47577,
                  "Actual Loops": 3,
                  "Inner Unique": false,
                  "Hash Cond": "(mi_idx.movie_id = t.id)",
                  "Plans": [
                    {
                      "Node Type": "Seq Scan",
                      "Parent Relationship": "Outer",
                      "Parallel Aware": true,
                      "Relation Name": "movie_info_idx",
                      "Alias": "mi_idx",
                      "Startup Cost": 0.0,
                      "Total Cost": 13685.15,
                      "Plan Rows": 575015,
                      "Plan Width": 4,
                      "Actual Startup Time": 0.033,
                      "Actual Total Time": 41.868,
                      "Actual Rows": 460012,
                      "Actual Loops": 3
                    },
                    {
                      "Node Type": "Hash",
                      "Parent Relationship": "Inner",
                      "Parallel Aware": true,
                      "Startup Cost": 71634.71,
                      "Total Cost": 71634.71,
                      "Plan Rows": 31875,
                      "Plan Width": 8,
                      "Actual Startup Time": 490.965,
                      "Actual Total Time": 490.972,
                      "Actual Rows": 32808,
                      "Actual Loops": 3,
                      "Hash Buckets": 131072,
                      "Original Hash Buckets": 131072,
                      "Hash Batches": 1,
                      "Original Hash Batches": 1,
                      "Peak Memory Usage": 4928,
                      "Plans": [
                        {
                          "Node Type": "Hash Join",
                          "Parent Relationship": "Outer",
                          "Parallel Aware": true,
                          "Join Type": "Inner",
                          "Startup Cost": 52362.61,
                          "Total Cost": 71634.71,
                          "Plan Rows": 31875,
                          "Plan Width": 8,
                          "Actual Startup Time": 451.121,
                          "Actual Total Time": 478.727,
                          "Actual Rows": 32808,
                          "Actual Loops": 3,
                          "Inner Unique": true,
                          "Hash Cond": "(mc.movie_id = t.id)",
                          "Plans": [
                            {
                              "Node Type": "Bitmap Heap Scan",
                              "Parent Relationship": "Outer",
                              "Parallel Aware": true,
                              "Relation Name": "movie_companies",
                              "Alias": "mc",
                              "Startup Cost": 2142.22,
                              "Total Cost": 21330.66,
                              "Plan Rows": 31875,
                              "Plan Width": 4,
                              "Actual Startup Time": 4.076,
                              "Actual Total Time": 14.043,
                              "Actual Rows": 32808,
                              "Actual Loops": 3,
                              "Recheck Cond": "(company_id > 158464)",
                              "Rows Removed by Index Recheck": 0,
                              "Exact Heap Blocks": 1280,
                              "Lossy Heap Blocks": 0,
                              "Plans": [
                                {
                                  "Node Type": "Bitmap Index Scan",
                                  "Parent Relationship": "Outer",
                                  "Parallel Aware": false,
                                  "Index Name": "company_id_movie_companies",
                                  "Startup Cost": 0.0,
                                  "Total Cost": 2117.52,
                                  "Plan Rows": 98812,
                                  "Plan Width": 0,
                                  "Actual Startup Time": 3.646,
                                  "Actual Total Time": 3.646,
                                  "Actual Rows": 98425,
                                  "Actual Loops": 1,
                                  "Index Cond": "(company_id > 158464)"
                                }
                              ]
                            },
                            {
                              "Node Type": "Hash",
                              "Parent Relationship": "Inner",
                              "Parallel Aware": true,
                              "Startup Cost": 42319.06,
                              "Total Cost": 42319.06,
                              "Plan Rows": 632106,
                              "Plan Width": 4,
                              "Actual Startup Time": 434.663,
                              "Actual Total Time": 434.664,
                              "Actual Rows": 842771,
                              "Actual Loops": 3,
                              "Hash Buckets": 4194304,
                              "Original Hash Buckets": 4194304,
                              "Hash Batches": 1,
                              "Original Hash Batches": 1,
                              "Peak Memory Usage": 131744,
                              "Plans": [
                                {
                                  "Node Type": "Seq Scan",
                                  "Parent Relationship": "Outer",
                                  "Parallel Aware": true,
                                  "Relation Name": "title",
                                  "Alias": "t",
                                  "Startup Cost": 0.0,
                                  "Total Cost": 42319.06,
                                  "Plan Rows": 632106,
                                  "Plan Width": 4,
                                  "Actual Startup Time": 0.047,
                                  "Actual Total Time": 126.304,
                                  "Actual Rows": 842771,
                                  "Actual Loops": 3
                                }
                              ]
                            }
                          ]
                        }
                      ]
                    }
                  ]
                }
              ]
            }
          ]
        }
      ]
    },
    "Planning Time": 1.291,
    "Triggers": [],
    "Execution Time": 638.934
  }
]