[
  {
    "Plan": {
      "Node Type": "Aggregate",
      "Strategy": "Plain",
      "Partial Mode": "Finalize",
      "Parallel Aware": false,
      "Startup Cost": 9811.85,
      "Total Cost": 9811.86,
      "Plan Rows": 1,
      "Plan Width": 8,
      "Actual Startup Time": 33.227,
      "Actual Total Time": 36.118,
      "Actual Rows": 1,
      "Actual Loops": 1,
      "Plans": [
        {
          "Node Type": "Gather",
          "Parent Relationship": "Outer",
          "Parallel Aware": false,
          "Startup Cost": 9811.53,
          "Total Cost": 9811.84,
          "Plan Rows": 3,
          "Plan Width": 8,
          "Actual Startup Time": 33.102,
          "Actual Total Time": 36.107,
          "Actual Rows": 4,
          "Actual Loops": 1,
          "Workers Planned": 3,
          "Workers Launched": 3,
          "Single Copy": false,
          "Plans": [
            {
              "Node Type": "Aggregate",
              "Strategy": "Plain",
              "Partial Mode": "Partial",
              "Parent Relationship": "Outer",
              "Parallel Aware": false,
              "Startup Cost": 8811.53,
              "Total Cost": 8811.54,
              "Plan Rows": 1,
              "Plan Width": 8,
              "Actual Startup Time": 27.96,
              "Actual Total Time": 27.961,
              "Actual Rows": 1,
              "Actual Loops": 4,
              "Plans": [
                {
                  "Node Type": "Index Scan",
                  "Parent Relationship": "Outer",
                  "Parallel Aware": true,
                  "Scan Direction": "Forward",
                  "Index Name": "role_id_cast_info",
                  "Relation Name": "cast_info",
                  "Alias": "ci",
                  "Startup Cost": 0.56,
                  "Total Cost": 8600.37,
                  "Plan Rows": 84464,
                  "Plan Width": 0,
                  "Actual Startup Time": 0.138,
                  "Actual Total Time": 25.436,
                  "Actual Rows": 29166,
                  "Actual Loops": 4,
                  "Index Cond": "(role_id = 11)",
                  "Rows Removed by Index Recheck": 0,
                  "Filter": "(person_id < 3284849)",
                  "Rows Removed by Filter": 49864
                }
              ]
            }
          ]
        }
      ]
    },
    "Planning Time": 0.236,
    "Triggers": [],
    "Execution Time": 36.186
  }
]