[
  {
    "Plan": {
      "Node Type": "Aggregate",
      "Strategy": "Plain",
      "Partial Mode": "Finalize",
      "Parallel Aware": false,
      "Startup Cost": 37746.42,
      "Total Cost": 37746.43,
      "Plan Rows": 1,
      "Plan Width": 8,
      "Actual Startup Time": 129.053,
      "Actual Total Time": 136.722,
      "Actual Rows": 1,
      "Actual Loops": 1,
      "Plans": [
        {
          "Node Type": "Gather",
          "Parent Relationship": "Outer",
          "Parallel Aware": false,
          "Startup Cost": 37746.1,
          "Total Cost": 37746.41,
          "Plan Rows": 3,
          "Plan Width": 8,
          "Actual Startup Time": 128.767,
          "Actual Total Time": 136.713,
          "Actual Rows": 4,
          "Actual Loops": 1,
          "Workers Planned": 3,
          "Workers Launched": 3,
          "Single Copy": false,
          "Plans": [
            {
              "Node Type": "Aggregate",
              "Strategy": "Plain",
              "Partial Mode": "Partial",
              "Parent Relationship": "Outer",
              "Parallel Aware": false,
              "Startup Cost": 36746.1,
              "Total Cost": 36746.11,
              "Plan Rows": 1,
              "Plan Width": 8,
              "Actual Startup Time": 122.387,
              "Actual Total Time": 122.388,
              "Actual Rows": 1,
              "Actual Loops": 4,
              "Plans": [
                {
                  "Node Type": "Bitmap Heap Scan",
                  "Parent Relationship": "Outer",
                  "Parallel Aware": true,
                  "Relation Name": "movie_keyword",
                  "Alias": "mk",
                  "Startup Cost": 10009.08,
                  "Total Cost": 36365.6,
                  "Plan Rows": 152202,
                  "Plan Width": 0,
                  "Actual Startup Time": 46.068,
                  "Actual Total Time": 115.761,
                  "Actual Rows": 115156,
                  "Actual Loops": 4,
                  "Recheck Cond": "(keyword_id > 38553)",
                  "Rows Removed by Index Recheck": 0,
                  "Exact Heap Blocks": 11180,
                  "Lossy Heap Blocks": 0,
                  "Plans": [
                    {
                      "Node Type": "Bitmap Index Scan",
                      "Parent Relationship": "Outer",
                      "Parallel Aware": false,
                      "Index Name": "keyword_id_movie_keyword",
                      "Startup Cost": 0.0,
                      "Total Cost": 9891.12,
                      "Plan Rows": 471825,
                      "Plan Width": 0,
                      "Actual Startup Time": 48.144,
                      "Actual Total Time": 48.144,
                      "Actual Rows": 460624,
                      "Actual Loops": 1,
                      "Index Cond": "(keyword_id > 38553)"
                    }
                  ]
                }
              ]
            }
          ]
        }
      ]
    },
    "Planning Time": 0.183,
    "Triggers": [],
    "Execution Time": 136.798
  }
]