[
  {
    "Plan": {
      "Node Type": "Aggregate",
      "Strategy": "Plain",
      "Partial Mode": "Finalize",
      "Parallel Aware": false,
      "Startup Cost": 39728.92,
      "Total Cost": 39728.93,
      "Plan Rows": 1,
      "Plan Width": 8,
      "Actual Startup Time": 64.894,
      "Actual Total Time": 70.236,
      "Actual Rows": 1,
      "Actual Loops": 1,
      "Plans": [
        {
          "Node Type": "Gather",
          "Parent Relationship": "Outer",
          "Parallel Aware": false,
          "Startup Cost": 39728.5,
          "Total Cost": 39728.91,
          "Plan Rows": 4,
          "Plan Width": 8,
          "Actual Startup Time": 64.611,
          "Actual Total Time": 70.229,
          "Actual Rows": 5,
          "Actual Loops": 1,
          "Workers Planned": 4,
          "Workers Launched": 4,
          "Single Copy": false,
          "Plans": [
            {
              "Node Type": "Aggregate",
              "Strategy": "Plain",
              "Partial Mode": "Partial",
              "Parent Relationship": "Outer",
              "Parallel Aware": false,
              "Startup Cost": 38728.5,
              "Total Cost": 38728.51,
              "Plan Rows": 1,
              "Plan Width": 8,
              "Actual Startup Time": 58.819,
              "Actual Total Time": 58.82,
              "Actual Rows": 1,
              "Actual Loops": 5,
              "Plans": [
                {
                  "Node Type": "Bitmap Heap Scan",
                  "Parent Relationship": "Outer",
                  "Parallel Aware": true,
                  "Relation Name": "title",
                  "Alias": "t",
                  "Startup Cost": 2207.03,
                  "Total Cost": 38663.28,
                  "Plan Rows": 26089,
                  "Plan Width": 0,
                  "Actual Startup Time": 18.753,
                  "Actual Total Time": 56.561,
                  "Actual Rows": 23583,
                  "Actual Loops": 5,
                  "Recheck Cond": "(kind_id = 4)",
                  "Rows Removed by Index Recheck": 0,
                  "Filter": "(production_year > 1965)",
                  "Rows Removed by Filter": 64,
                  "Exact Heap Blocks": 6528,
                  "Lossy Heap Blocks": 0,
                  "Plans": [
                    {
                      "Node Type": "Bitmap Index Scan",
                      "Parent Relationship": "Outer",
                      "Parallel Aware": false,
                      "Index Name": "kind_id_title",
                      "Startup Cost": 0.0,
                      "Total Cost": 2180.94,
                      "Plan Rows": 122201,
                      "Plan Width": 0,
                      "Actual Startup Time": 19.137,
                      "Actual Total Time": 19.137,
                      "Actual Rows": 118234,
                      "Actual Loops": 1,
                      "Index Cond": "(kind_id = 4)"
                    }
                  ]
                }
              ]
            }
          ]
        }
      ]
    },
    "Planning Time": 0.195,
    "Triggers": [],
    "Execution Time": 70.305
  }
]