[
  {
    "Plan": {
      "Node Type": "Aggregate",
      "Strategy": "Plain",
      "Partial Mode": "Finalize",
      "Parallel Aware": false,
      "Startup Cost": 336442.59,
      "Total Cost": 336442.6,
      "Plan Rows": 1,
      "Plan Width": 8,
      "Actual Startup Time": 682.612,
      "Actual Total Time": 713.988,
      "Actual Rows": 1,
      "Actual Loops": 1,
      "Plans": [
        {
          "Node Type": "Gather",
          "Parent Relationship": "Outer",
          "Parallel Aware": false,
          "Startup Cost": 336441.97,
          "Total Cost": 336442.58,
          "Plan Rows": 6,
          "Plan Width": 8,
          "Actual Startup Time": 682.513,
          "Actual Total Time": 713.98,
          "Actual Rows": 7,
          "Actual Loops": 1,
          "Workers Planned": 6,
          "Workers Launched": 6,
          "Single Copy": false,
          "Plans": [
            {
              "Node Type": "Aggregate",
              "Strategy": "Plain",
              "Partial Mode": "Partial",
              "Parent Relationship": "Outer",
              "Parallel Aware": false,
              "Startup Cost": 335441.97,
              "Total Cost": 335441.98,
              "Plan Rows": 1,
              "Plan Width": 8,
              "Actual Startup Time": 673.378,
              "Actual Total Time": 673.379,
              "Actual Rows": 1,
              "Actual Loops": 7,
              "Plans": [
                {
                  "Node Type": "Seq Scan",
                  "Parent Relationship": "Outer",
                  "Parallel Aware": true,
                  "Relation Name": "cast_info",
                  "Alias": "ci",
                  "Startup Cost": 0.0,
                  "Total Cost": 328213.62,
                  "Plan Rows": 2891340,
                  "Plan Width": 0,
                  "Actual Startup Time": 197.224,
                  "Actual Total Time": 557.999,
                  "Actual Rows": 2491362,
                  "Actual Loops": 7,
                  "Filter": "(person_id > 1874023)",
                  "Rows Removed by Filter": 2686402
                }
              ]
            }
          ]
        }
      ]
    },
    "Planning Time": 0.165,
    "Triggers": [],
    "Execution Time": 714.041
  }
]