[
  {
    "Plan": {
      "Node Type": "Aggregate",
      "Strategy": "Plain",
      "Partial Mode": "Finalize",
      "Parallel Aware": false,
      "Startup Cost": 336444.63,
      "Total Cost": 336444.64,
      "Plan Rows": 1,
      "Plan Width": 8,
      "Actual Startup Time": 672.804,
      "Actual Total Time": 730.406,
      "Actual Rows": 1,
      "Actual Loops": 1,
      "Plans": [
        {
          "Node Type": "Gather",
          "Parent Relationship": "Outer",
          "Parallel Aware": false,
          "Startup Cost": 336444.01,
          "Total Cost": 336444.61,
          "Plan Rows": 6,
          "Plan Width": 8,
          "Actual Startup Time": 672.664,
          "Actual Total Time": 730.396,
          "Actual Rows": 7,
          "Actual Loops": 1,
          "Workers Planned": 6,
          "Workers Launched": 6,
          "Single Copy": false,
          "Plans": [
            {
              "Node Type": "Aggregate",
              "Strategy": "Plain",
              "Partial Mode": "Partial",
              "Parent Relationship": "Outer",
              "Parallel Aware": false,
              "Startup Cost": 335444.01,
              "Total Cost": 335444.02,
              "Plan Rows": 1,
              "Plan Width": 8,
              "Actual Startup Time": 665.044,
              "Actual Total Time": 665.045,
              "Actual Rows": 1,
              "Actual Loops": 7,
              "Plans": [
                {
                  "Node Type": "Seq Scan",
                  "Parent Relationship": "Outer",
                  "Parallel Aware": true,
                  "Relation Name": "cast_info",
                  "Alias": "ci",
                  "Startup Cost": 0.0,
                  "Total Cost": 328162.03,
                  "Plan Rows": 2912792,
                  "Plan Width": 0,
                  "Actual Startup Time": 197.727,
                  "Actual Total Time": 567.043,
                  "Actual Rows": 2491362,
                  "Actual Loops": 7,
                  "Filter": "(person_id > 1874023)",
                  "Rows Removed by Filter": 2686402
                }
              ]
            }
          ]
        }
      ]
    },
    "Planning Time": 0.162,
    "Triggers": [],
    "Execution Time": 730.471
  }
]