[
    {
        "Bao": {
            "Bao prediction": "NaN",
            "Bao recommended hint": "(no hint)"
        }
    },
    {
        "Plan": {
            "Node Type": "Aggregate",
            "Strategy": "Plain",
            "Partial Mode": "Finalize",
            "Parallel Aware": false,
            "Startup Cost": 129655.68,
            "Total Cost": 129655.69,
            "Plan Rows": 1,
            "Plan Width": 8,
            "Actual Startup Time": 716.003,
            "Actual Total Time": 736.561,
            "Actual Rows": 1,
            "Actual Loops": 1,
            "Output": [
                "count(*)"
            ],
            "Plans": [
                {
                    "Node Type": "Gather",
                    "Parent Relationship": "Outer",
                    "Parallel Aware": false,
                    "Startup Cost": 129655.36,
                    "Total Cost": 129655.67,
                    "Plan Rows": 3,
                    "Plan Width": 8,
                    "Actual Startup Time": 705.983,
                    "Actual Total Time": 736.551,
                    "Actual Rows": 4,
                    "Actual Loops": 1,
                    "Output": [
                        "(PARTIAL count(*))"
                    ],
                    "Workers Planned": 3,
                    "Workers Launched": 3,
                    "Single Copy": false,
                    "Plans": [
                        {
                            "Node Type": "Aggregate",
                            "Strategy": "Plain",
                            "Partial Mode": "Partial",
                            "Parent Relationship": "Outer",
                            "Parallel Aware": false,
                            "Startup Cost": 128655.36,
                            "Total Cost": 128655.37,
                            "Plan Rows": 1,
                            "Plan Width": 8,
                            "Actual Startup Time": 697.117,
                            "Actual Total Time": 697.255,
                            "Actual Rows": 1,
                            "Actual Loops": 4,
                            "Output": [
                                "PARTIAL count(*)"
                            ],
                            "Workers": [
                                {
                                    "Worker Number": 0,
                                    "Actual Startup Time": 693.693,
                                    "Actual Total Time": 693.699,
                                    "Actual Rows": 1,
                                    "Actual Loops": 1
                                },
                                {
                                    "Worker Number": 1,
                                    "Actual Startup Time": 694.601,
                                    "Actual Total Time": 694.605,
                                    "Actual Rows": 1,
                                    "Actual Loops": 1
                                },
                                {
                                    "Worker Number": 2,
                                    "Actual Startup Time": 694.501,
                                    "Actual Total Time": 694.506,
                                    "Actual Rows": 1,
                                    "Actual Loops": 1
                                }
                            ],
                            "Plans": [
                                {
                                    "Node Type": "Hash Join",
                                    "Parent Relationship": "Outer",
                                    "Parallel Aware": true,
                                    "Join Type": "Inner",
                                    "Startup Cost": 94981.03,
                                    "Total Cost": 128369.95,
                                    "Plan Rows": 114166,
                                    "Plan Width": 0,
                                    "Actual Startup Time": 581.651,
                                    "Actual Total Time": 684.759,
                                    "Actual Rows": 310573,
                                    "Actual Loops": 4,
                                    "Inner Unique": false,
                                    "Hash Cond": "(mc.movie_id = t.id)",
                                    "Workers": [
                                        {
                                            "Worker Number": 0,
                                            "Actual Startup Time": 578.402,
                                            "Actual Total Time": 681.947,
                                            "Actual Rows": 294430,
                                            "Actual Loops": 1
                                        },
                                        {
                                            "Worker Number": 1,
                                            "Actual Startup Time": 578.721,
                                            "Actual Total Time": 682.021,
                                            "Actual Rows": 310889,
                                            "Actual Loops": 1
                                        },
                                        {
                                            "Worker Number": 2,
                                            "Actual Startup Time": 579.158,
                                            "Actual Total Time": 681.873,
                                            "Actual Rows": 312191,
                                            "Actual Loops": 1
                                        }
                                    ],
                                    "Plans": [
                                        {
                                            "Node Type": "Seq Scan",
                                            "Parent Relationship": "Outer",
                                            "Parallel Aware": true,
                                            "Relation Name": "movie_companies",
                                            "Schema": "public",
                                            "Alias": "mc",
                                            "Startup Cost": 0.0,
                                            "Total Cost": 31414.82,
                                            "Plan Rows": 428220,
                                            "Plan Width": 4,
                                            "Actual Startup Time": 26.996,
                                            "Actual Total Time": 63.246,
                                            "Actual Rows": 332326,
                                            "Actual Loops": 4,
                                            "Output": [
                                                "mc.id",
                                                "mc.movie_id",
                                                "mc.company_id",
                                                "mc.company_type_id",
                                                "mc.note"
                                            ],
                                            "Filter": "((mc.company_id < 229605) AND (mc.company_type_id > 1))",
                                            "Rows Removed by Filter": 319957,
                                            "Workers": [
                                                {
                                                    "Worker Number": 0,
                                                    "Actual Startup Time": 27.016,
                                                    "Actual Total Time": 63.307,
                                                    "Actual Rows": 315456,
                                                    "Actual Loops": 1
                                                },
                                                {
                                                    "Worker Number": 1,
                                                    "Actual Startup Time": 26.937,
                                                    "Actual Total Time": 64.012,
                                                    "Actual Rows": 331967,
                                                    "Actual Loops": 1
                                                },
                                                {
                                                    "Worker Number": 2,
                                                    "Actual Startup Time": 27.012,
                                                    "Actual Total Time": 63.963,
                                                    "Actual Rows": 330370,
                                                    "Actual Loops": 1
                                                }
                                            ]
                                        },
                                        {
                                            "Node Type": "Hash",
                                            "Parent Relationship": "Inner",
                                            "Parallel Aware": true,
                                            "Startup Cost": 92263.03,
                                            "Total Cost": 92263.03,
                                            "Plan Rows": 217440,
                                            "Plan Width": 8,
                                            "Actual Startup Time": 545.172,
                                            "Actual Total Time": 545.308,
                                            "Actual Rows": 165514,
                                            "Actual Loops": 4,
                                            "Output": [
                                                "t.id",
                                                "mk.movie_id"
                                            ],
                                            "Hash Buckets": 1048576,
                                            "Original Hash Buckets": 1048576,
                                            "Hash Batches": 1,
                                            "Original Hash Batches": 1,
                                            "Peak Memory Usage": 34112,
                                            "Workers": [
                                                {
                                                    "Worker Number": 0,
                                                    "Actual Startup Time": 544.109,
                                                    "Actual Total Time": 544.113,
                                                    "Actual Rows": 186245,
                                                    "Actual Loops": 1
                                                },
                                                {
                                                    "Worker Number": 1,
                                                    "Actual Startup Time": 544.464,
                                                    "Actual Total Time": 544.468,
                                                    "Actual Rows": 150379,
                                                    "Actual Loops": 1
                                                },
                                                {
                                                    "Worker Number": 2,
                                                    "Actual Startup Time": 544.966,
                                                    "Actual Total Time": 544.969,
                                                    "Actual Rows": 149684,
                                                    "Actual Loops": 1
                                                }
                                            ],
                                            "Plans": [
                                                {
                                                    "Node Type": "Hash Join",
                                                    "Parent Relationship": "Outer",
                                                    "Parallel Aware": true,
                                                    "Join Type": "Inner",
                                                    "Startup Cost": 64520.24,
                                                    "Total Cost": 92263.03,
                                                    "Plan Rows": 217440,
                                                    "Plan Width": 8,
                                                    "Actual Startup Time": 378.434,
                                                    "Actual Total Time": 493.025,
                                                    "Actual Rows": 165514,
                                                    "Actual Loops": 4,
                                                    "Output": [
                                                        "t.id",
                                                        "mk.movie_id"
                                                    ],
                                                    "Inner Unique": true,
                                                    "Hash Cond": "(mk.movie_id = t.id)",
                                                    "Workers": [
                                                        {
                                                            "Worker Number": 0,
                                                            "Actual Startup Time": 377.158,
                                                            "Actual Total Time": 491.938,
                                                            "Actual Rows": 186245,
                                                            "Actual Loops": 1
                                                        },
                                                        {
                                                            "Worker Number": 1,
                                                            "Actual Startup Time": 377.901,
                                                            "Actual Total Time": 493.929,
                                                            "Actual Rows": 150379,
                                                            "Actual Loops": 1
                                                        },
                                                        {
                                                            "Worker Number": 2,
                                                            "Actual Startup Time": 378.278,
                                                            "Actual Total Time": 493.166,
                                                            "Actual Rows": 149684,
                                                            "Actual Loops": 1
                                                        }
                                                    ],
                                                    "Plans": [
                                                        {
                                                            "Node Type": "Bitmap Heap Scan",
                                                            "Parent Relationship": "Outer",
                                                            "Parallel Aware": true,
                                                            "Relation Name": "movie_keyword",
                                                            "Schema": "public",
                                                            "Alias": "mk",
                                                            "Startup Cost": 14300.44,
                                                            "Total Cost": 41472.44,
                                                            "Plan Rows": 217440,
                                                            "Plan Width": 4,
                                                            "Actual Startup Time": 60.403,
                                                            "Actual Total Time": 118.501,
                                                            "Actual Rows": 165514,
                                                            "Actual Loops": 4,
                                                            "Output": [
                                                                "mk.id",
                                                                "mk.movie_id",
                                                                "mk.keyword_id"
                                                            ],
                                                            "Recheck Cond": "(mk.keyword_id > 28393)",
                                                            "Rows Removed by Index Recheck": 0,
                                                            "Exact Heap Blocks": 6329,
                                                            "Lossy Heap Blocks": 0,
                                                            "Workers": [
                                                                {
                                                                    "Worker Number": 0,
                                                                    "Actual Startup Time": 60.336,
                                                                    "Actual Total Time": 121.919,
                                                                    "Actual Rows": 186245,
                                                                    "Actual Loops": 1
                                                                },
                                                                {
                                                                    "Worker Number": 1,
                                                                    "Actual Startup Time": 60.4,
                                                                    "Actual Total Time": 120.009,
                                                                    "Actual Rows": 150379,
                                                                    "Actual Loops": 1
                                                                },
                                                                {
                                                                    "Worker Number": 2,
                                                                    "Actual Startup Time": 60.544,
                                                                    "Actual Total Time": 120.866,
                                                                    "Actual Rows": 149684,
                                                                    "Actual Loops": 1
                                                                }
                                                            ],
                                                            "Plans": [
                                                                {
                                                                    "Node Type": "Bitmap Index Scan",
                                                                    "Parent Relationship": "Outer",
                                                                    "Parallel Aware": false,
                                                                    "Index Name": "keyword_id_movie_keyword",
                                                                    "Startup Cost": 0.0,
                                                                    "Total Cost": 14131.92,
                                                                    "Plan Rows": 674065,
                                                                    "Plan Width": 0,
                                                                    "Actual Startup Time": 56.887,
                                                                    "Actual Total Time": 56.888,
                                                                    "Actual Rows": 662055,
                                                                    "Actual Loops": 1,
                                                                    "Index Cond": "(mk.keyword_id > 28393)",
                                                                    "Workers": [
                                                                        {
                                                                            "Worker Number": 0,
                                                                            "Actual Startup Time": 56.887,
                                                                            "Actual Total Time": 56.888,
                                                                            "Actual Rows": 662055,
                                                                            "Actual Loops": 1
                                                                        }
                                                                    ]
                                                                }
                                                            ]
                                                        },
                                                        {
                                                            "Node Type": "Hash",
                                                            "Parent Relationship": "Inner",
                                                            "Parallel Aware": true,
                                                            "Startup Cost": 42318.81,
                                                            "Total Cost": 42318.81,
                                                            "Plan Rows": 632080,
                                                            "Plan Width": 4,
                                                            "Actual Startup Time": 311.951,
                                                            "Actual Total Time": 311.952,
                                                            "Actual Rows": 632078,
                                                            "Actual Loops": 4,
                                                            "Output": [
                                                                "t.id"
                                                            ],
                                                            "Hash Buckets": 4194304,
                                                            "Original Hash Buckets": 4194304,
                                                            "Hash Batches": 1,
                                                            "Original Hash Batches": 1,
                                                            "Peak Memory Usage": 131712,
                                                            "Workers": [
                                                                {
                                                                    "Worker Number": 0,
                                                                    "Actual Startup Time": 316.762,
                                                                    "Actual Total Time": 316.763,
                                                                    "Actual Rows": 570428,
                                                                    "Actual Loops": 1
                                                                },
                                                                {
                                                                    "Worker Number": 1,
                                                                    "Actual Startup Time": 317.203,
                                                                    "Actual Total Time": 317.203,
                                                                    "Actual Rows": 609363,
                                                                    "Actual Loops": 1
                                                                },
                                                                {
                                                                    "Worker Number": 2,
                                                                    "Actual Startup Time": 317.581,
                                                                    "Actual Total Time": 317.582,
                                                                    "Actual Rows": 608284,
                                                                    "Actual Loops": 1
                                                                }
                                                            ],
                                                            "Plans": [
                                                                {
                                                                    "Node Type": "Seq Scan",
                                                                    "Parent Relationship": "Outer",
                                                                    "Parallel Aware": true,
                                                                    "Relation Name": "title",
                                                                    "Schema": "public",
                                                                    "Alias": "t",
                                                                    "Startup Cost": 0.0,
                                                                    "Total Cost": 42318.81,
                                                                    "Plan Rows": 632080,
                                                                    "Plan Width": 4,
                                                                    "Actual Startup Time": 0.045,
                                                                    "Actual Total Time": 87.407,
                                                                    "Actual Rows": 632078,
                                                                    "Actual Loops": 4,
                                                                    "Output": [
                                                                        "t.id"
                                                                    ],
                                                                    "Workers": [
                                                                        {
                                                                            "Worker Number": 0,
                                                                            "Actual Startup Time": 0.064,
                                                                            "Actual Total Time": 89.67,
                                                                            "Actual Rows": 570428,
                                                                            "Actual Loops": 1
                                                                        },
                                                                        {
                                                                            "Worker Number": 1,
                                                                            "Actual Startup Time": 0.037,
                                                                            "Actual Total Time": 91.944,
                                                                            "Actual Rows": 609363,
                                                                            "Actual Loops": 1
                                                                        },
                                                                        {
                                                                            "Worker Number": 2,
                                                                            "Actual Startup Time": 0.067,
                                                                            "Actual Total Time": 91.154,
                                                                            "Actual Rows": 608284,
                                                                            "Actual Loops": 1
                                                                        }
                                                                    ]
                                                                }
                                                            ]
                                                        }
                                                    ]
                                                }
                                            ]
                                        }
                                    ]
                                }
                            ]
                        }
                    ]
                }
            ]
        },
        "Planning Time": 194.744,
        "Triggers": [],
        "Execution Time": 736.632
    }
]