[
  {
    "Plan": {
      "Node Type": "Aggregate",
      "Strategy": "Plain",
      "Partial Mode": "Finalize",
      "Parallel Aware": false,
      "Startup Cost": 44956.93,
      "Total Cost": 44956.94,
      "Plan Rows": 1,
      "Plan Width": 8,
      "Actual Startup Time": 150.675,
      "Actual Total Time": 161.044,
      "Actual Rows": 1,
      "Actual Loops": 1,
      "Plans": [
        {
          "Node Type": "Gather",
          "Parent Relationship": "Outer",
          "Parallel Aware": false,
          "Startup Cost": 44956.61,
          "Total Cost": 44956.92,
          "Plan Rows": 3,
          "Plan Width": 8,
          "Actual Startup Time": 150.545,
          "Actual Total Time": 161.033,
          "Actual Rows": 4,
          "Actual Loops": 1,
          "Workers Planned": 3,
          "Workers Launched": 3,
          "Single Copy": false,
          "Plans": [
            {
              "Node Type": "Aggregate",
              "Strategy": "Plain",
              "Partial Mode": "Partial",
              "Parent Relationship": "Outer",
              "Parallel Aware": false,
              "Startup Cost": 43956.61,
              "Total Cost": 43956.62,
              "Plan Rows": 1,
              "Plan Width": 8,
              "Actual Startup Time": 141.953,
              "Actual Total Time": 141.955,
              "Actual Rows": 1,
              "Actual Loops": 4,
              "Plans": [
                {
                  "Node Type": "Seq Scan",
                  "Parent Relationship": "Outer",
                  "Parallel Aware": true,
                  "Relation Name": "movie_keyword",
                  "Alias": "mk",
                  "Startup Cost": 0.0,
                  "Total Cost": 42695.65,
                  "Plan Rows": 504382,
                  "Plan Width": 0,
                  "Actual Startup Time": 1.569,
                  "Actual Total Time": 121.005,
                  "Actual Rows": 388843,
                  "Actual Loops": 4,
                  "Filter": "(keyword_id > 10126)",
                  "Rows Removed by Filter": 742139
                }
              ]
            }
          ]
        }
      ]
    },
    "Planning Time": 0.159,
    "Triggers": [],
    "Execution Time": 161.103
  }
]