[
  {
    "Plan": {
      "Node Type": "Aggregate",
      "Strategy": "Plain",
      "Partial Mode": "Finalize",
      "Parallel Aware": false,
      "Startup Cost": 15826.17,
      "Total Cost": 15826.18,
      "Plan Rows": 1,
      "Plan Width": 8,
      "Actual Startup Time": 41.88,
      "Actual Total Time": 50.095,
      "Actual Rows": 1,
      "Actual Loops": 1,
      "Plans": [
        {
          "Node Type": "Gather",
          "Parent Relationship": "Outer",
          "Parallel Aware": false,
          "Startup Cost": 15826.06,
          "Total Cost": 15826.17,
          "Plan Rows": 1,
          "Plan Width": 8,
          "Actual Startup Time": 41.567,
          "Actual Total Time": 50.026,
          "Actual Rows": 2,
          "Actual Loops": 1,
          "Workers Planned": 1,
          "Workers Launched": 1,
          "Single Copy": false,
          "Plans": [
            {
              "Node Type": "Aggregate",
              "Strategy": "Plain",
              "Partial Mode": "Partial",
              "Parent Relationship": "Outer",
              "Parallel Aware": false,
              "Startup Cost": 14826.06,
              "Total Cost": 14826.07,
              "Plan Rows": 1,
              "Plan Width": 8,
              "Actual Startup Time": 38.28,
              "Actual Total Time": 38.295,
              "Actual Rows": 1,
              "Actual Loops": 2,
              "Plans": [
                {
                  "Node Type": "Nested Loop",
                  "Parent Relationship": "Outer",
                  "Parallel Aware": false,
                  "Join Type": "Inner",
                  "Startup Cost": 61.2,
                  "Total Cost": 14825.58,
                  "Plan Rows": 192,
                  "Plan Width": 0,
                  "Actual Startup Time": 11.267,
                  "Actual Total Time": 38.278,
                  "Actual Rows": 26,
                  "Actual Loops": 2,
                  "Inner Unique": false,
                  "Plans": [
                    {
                      "Node Type": "Nested Loop",
                      "Parent Relationship": "Outer",
                      "Parallel Aware": false,
                      "Join Type": "Inner",
                      "Startup Cost": 60.76,
                      "Total Cost": 13557.84,
                      "Plan Rows": 784,
                      "Plan Width": 8,
                      "Actual Startup Time": 8.67,
                      "Actual Total Time": 17.911,
                      "Actual Rows": 738,
                      "Actual Loops": 2,
                      "Inner Unique": true,
                      "Plans": [
                        {
                          "Node Type": "Bitmap Heap Scan",
                          "Parent Relationship": "Outer",
                          "Parallel Aware": true,
                          "Relation Name": "movie_companies",
                          "Alias": "mc",
                          "Startup Cost": 60.33,
                          "Total Cost": 7205.55,
                          "Plan Rows": 784,
                          "Plan Width": 4,
                          "Actual Startup Time": 8.574,
                          "Actual Total Time": 10.903,
                          "Actual Rows": 738,
                          "Actual Loops": 2,
                          "Recheck Cond": "(company_id = 11339)",
                          "Rows Removed by Index Recheck": 0,
                          "Filter": "(company_type_id = 2)",
                          "Rows Removed by Filter": 697,
                          "Exact Heap Blocks": 1519,
                          "Lossy Heap Blocks": 0,
                          "Plans": [
                            {
                              "Node Type": "Bitmap Index Scan",
                              "Parent Relationship": "Outer",
                              "Parallel Aware": false,
                              "Index Name": "company_id_movie_companies",
                              "Startup Cost": 0.0,
                              "Total Cost": 60.0,
                              "Plan Rows": 2609,
                              "Plan Width": 0,
                              "Actual Startup Time": 7.019,
                              "Actual Total Time": 7.02,
                              "Actual Rows": 2869,
                              "Actual Loops": 1,
                              "Index Cond": "(company_id = 11339)"
                            }
                          ]
                        },
                        {
                          "Node Type": "Index Only Scan",
                          "Parent Relationship": "Inner",
                          "Parallel Aware": false,
                          "Scan Direction": "Forward",
                          "Index Name": "title_pkey",
                          "Relation Name": "title",
                          "Alias": "t",
                          "Startup Cost": 0.43,
                          "Total Cost": 8.1,
                          "Plan Rows": 1,
                          "Plan Width": 4,
                          "Actual Startup Time": 0.009,
                          "Actual Total Time": 0.009,
                          "Actual Rows": 1,
                          "Actual Loops": 1475,
                          "Index Cond": "(id = mc.movie_id)",
                          "Rows Removed by Index Recheck": 0,
                          "Heap Fetches": 1475
                        }
                      ]
                    },
                    {
                      "Node Type": "Index Scan",
                      "Parent Relationship": "Inner",
                      "Parallel Aware": false,
                      "Scan Direction": "Forward",
                      "Index Name": "movie_id_movie_info",
                      "Relation Name": "movie_info",
                      "Alias": "mi",
                      "Startup Cost": 0.43,
                      "Total Cost": 1.6,
                      "Plan Rows": 2,
                      "Plan Width": 4,
                      "Actual Startup Time": 0.026,
                      "Actual Total Time": 0.027,
                      "Actual Rows": 0,
                      "Actual Loops": 1475,
                      "Index Cond": "(movie_id = t.id)",
                      "Rows Removed by Index Recheck": 0,
                      "Filter": "(info_type_id = 18)",
                      "Rows Removed by Filter": 11
                    }
                  ]
                }
              ]
            }
          ]
        }
      ]
    },
    "Planning Time": 1.51,
    "Triggers": [],
    "Execution Time": 50.2
  }
]