[
    {
        "Bao": {
            "Bao prediction": "NaN",
            "Bao recommended hint": "(no hint)"
        }
    },
    {
        "Plan": {
            "Node Type": "Aggregate",
            "Strategy": "Plain",
            "Partial Mode": "Finalize",
            "Parallel Aware": false,
            "Startup Cost": 32978.31,
            "Total Cost": 32978.32,
            "Plan Rows": 1,
            "Plan Width": 8,
            "Actual Startup Time": 81.678,
            "Actual Total Time": 85.409,
            "Actual Rows": 1,
            "Actual Loops": 1,
            "Output": [
                "count(*)"
            ],
            "Plans": [
                {
                    "Node Type": "Gather",
                    "Parent Relationship": "Outer",
                    "Parallel Aware": false,
                    "Startup Cost": 32977.99,
                    "Total Cost": 32978.3,
                    "Plan Rows": 3,
                    "Plan Width": 8,
                    "Actual Startup Time": 81.576,
                    "Actual Total Time": 85.402,
                    "Actual Rows": 4,
                    "Actual Loops": 1,
                    "Output": [
                        "(PARTIAL count(*))"
                    ],
                    "Workers Planned": 3,
                    "Workers Launched": 3,
                    "Single Copy": false,
                    "Plans": [
                        {
                            "Node Type": "Aggregate",
                            "Strategy": "Plain",
                            "Partial Mode": "Partial",
                            "Parent Relationship": "Outer",
                            "Parallel Aware": false,
                            "Startup Cost": 31977.99,
                            "Total Cost": 31978.0,
                            "Plan Rows": 1,
                            "Plan Width": 8,
                            "Actual Startup Time": 73.569,
                            "Actual Total Time": 73.57,
                            "Actual Rows": 1,
                            "Actual Loops": 4,
                            "Output": [
                                "PARTIAL count(*)"
                            ],
                            "Workers": [
                                {
                                    "Worker Number": 0,
                                    "Actual Startup Time": 70.856,
                                    "Actual Total Time": 70.857,
                                    "Actual Rows": 1,
                                    "Actual Loops": 1
                                },
                                {
                                    "Worker Number": 1,
                                    "Actual Startup Time": 71.102,
                                    "Actual Total Time": 71.103,
                                    "Actual Rows": 1,
                                    "Actual Loops": 1
                                },
                                {
                                    "Worker Number": 2,
                                    "Actual Startup Time": 71.305,
                                    "Actual Total Time": 71.306,
                                    "Actual Rows": 1,
                                    "Actual Loops": 1
                                }
                            ],
                            "Plans": [
                                {
                                    "Node Type": "Seq Scan",
                                    "Parent Relationship": "Outer",
                                    "Parallel Aware": true,
                                    "Relation Name": "movie_companies",
                                    "Schema": "public",
                                    "Alias": "mc",
                                    "Startup Cost": 0.0,
                                    "Total Cost": 31414.82,
                                    "Plan Rows": 225270,
                                    "Plan Width": 0,
                                    "Actual Startup Time": 11.619,
                                    "Actual Total Time": 67.273,
                                    "Actual Rows": 120755,
                                    "Actual Loops": 4,
                                    "Output": [
                                        "id",
                                        "movie_id",
                                        "company_id",
                                        "company_type_id",
                                        "note"
                                    ],
                                    "Filter": "((mc.company_id > 10278) AND (mc.company_type_id = 1))",
                                    "Rows Removed by Filter": 531527,
                                    "Workers": [
                                        {
                                            "Worker Number": 0,
                                            "Actual Startup Time": 8.902,
                                            "Actual Total Time": 64.76,
                                            "Actual Rows": 96423,
                                            "Actual Loops": 1
                                        },
                                        {
                                            "Worker Number": 1,
                                            "Actual Startup Time": 9.14,
                                            "Actual Total Time": 64.987,
                                            "Actual Rows": 101291,
                                            "Actual Loops": 1
                                        },
                                        {
                                            "Worker Number": 2,
                                            "Actual Startup Time": 9.41,
                                            "Actual Total Time": 65.193,
                                            "Actual Rows": 105489,
                                            "Actual Loops": 1
                                        }
                                    ]
                                }
                            ]
                        }
                    ]
                }
            ]
        },
        "Planning Time": 175.858,
        "Triggers": [],
        "Execution Time": 85.493
    }
]