[
  {
    "Plan": {
      "Node Type": "Aggregate",
      "Strategy": "Plain",
      "Partial Mode": "Simple",
      "Parallel Aware": false,
      "Startup Cost": 5233.89,
      "Total Cost": 5233.9,
      "Plan Rows": 1,
      "Plan Width": 8,
      "Actual Startup Time": 0.388,
      "Actual Total Time": 0.388,
      "Actual Rows": 1,
      "Actual Loops": 1,
      "Plans": [
        {
          "Node Type": "Nested Loop",
          "Parent Relationship": "Outer",
          "Parallel Aware": false,
          "Join Type": "Inner",
          "Startup Cost": 0.99,
          "Total Cost": 5233.13,
          "Plan Rows": 306,
          "Plan Width": 0,
          "Actual Startup Time": 0.035,
          "Actual Total Time": 0.379,
          "Actual Rows": 138,
          "Actual Loops": 1,
          "Inner Unique": true,
          "Plans": [
            {
              "Node Type": "Index Scan",
              "Parent Relationship": "Outer",
              "Parallel Aware": false,
              "Scan Direction": "Forward",
              "Index Name": "person_id_cast_info",
              "Relation Name": "cast_info",
              "Alias": "ci",
              "Startup Cost": 0.56,
              "Total Cost": 1038.33,
              "Plan Rows": 504,
              "Plan Width": 4,
              "Actual Startup Time": 0.013,
              "Actual Total Time": 0.043,
              "Actual Rows": 145,
              "Actual Loops": 1,
              "Index Cond": "(person_id = 3027615)",
              "Rows Removed by Index Recheck": 0
            },
            {
              "Node Type": "Index Scan",
              "Parent Relationship": "Inner",
              "Parallel Aware": false,
              "Scan Direction": "Forward",
              "Index Name": "title_pkey",
              "Relation Name": "title",
              "Alias": "t",
              "Startup Cost": 0.43,
              "Total Cost": 8.32,
              "Plan Rows": 1,
              "Plan Width": 4,
              "Actual Startup Time": 0.002,
              "Actual Total Time": 0.002,
              "Actual Rows": 1,
              "Actual Loops": 145,
              "Index Cond": "(id = ci.movie_id)",
              "Rows Removed by Index Recheck": 0,
              "Filter": "(kind_id = 7)",
              "Rows Removed by Filter": 0
            }
          ]
        }
      ]
    },
    "Planning Time": 0.186,
    "Triggers": [],
    "Execution Time": 0.405
  }
]