{
  "Plan": {
    "Node Type": "Aggregate",
    "Strategy": "Plain",
    "Partial Mode": "Finalize",
    "Parallel Aware": false,
    "Startup Cost": 326453.79,
    "Total Cost": 326453.8,
    "Plan Rows": 1,
    "Plan Width": 8,
    "Actual Startup Time": 601.968,
    "Actual Total Time": 620.146,
    "Actual Rows": 1,
    "Actual Loops": 1,
    "Plans": [
      {
        "Node Type": "Gather",
        "Parent Relationship": "Outer",
        "Parallel Aware": false,
        "Startup Cost": 326453.68,
        "Total Cost": 326453.79,
        "Plan Rows": 1,
        "Plan Width": 8,
        "Actual Startup Time": 596.835,
        "Actual Total Time": 620.138,
        "Actual Rows": 2,
        "Actual Loops": 1,
        "Workers Planned": 1,
        "Workers Launched": 1,
        "Single Copy": false,
        "Plans": [
          {
            "Node Type": "Aggregate",
            "Strategy": "Plain",
            "Partial Mode": "Partial",
            "Parent Relationship": "Outer",
            "Parallel Aware": false,
            "Startup Cost": 325453.68,
            "Total Cost": 325453.69,
            "Plan Rows": 1,
            "Plan Width": 8,
            "Actual Startup Time": 584.209,
            "Actual Total Time": 584.213,
            "Actual Rows": 1,
            "Actual Loops": 2,
            "Plans": [
              {
                "Node Type": "Hash Join",
                "Parent Relationship": "Outer",
                "Parallel Aware": true,
                "Join Type": "Inner",
                "Startup Cost": 73858.47,
                "Total Cost": 325352.13,
                "Plan Rows": 40620,
                "Plan Width": 0,
                "Actual Startup Time": 530.285,
                "Actual Total Time": 580.956,
                "Actual Rows": 74362,
                "Actual Loops": 2,
                "Inner Unique": true,
                "Hash Cond": "(ci.movie_id = t.id)",
                "Plans": [
                  {
                    "Node Type": "Bitmap Heap Scan",
                    "Parent Relationship": "Outer",
                    "Parallel Aware": true,
                    "Relation Name": "cast_info",
                    "Alias": "ci",
                    "Startup Cost": 4397.77,
                    "Total Cost": 255784.8,
                    "Plan Rows": 40620,
                    "Plan Width": 4,
                    "Actual Startup Time": 10.232,
                    "Actual Total Time": 23.868,
                    "Actual Rows": 74362,
                    "Actual Loops": 2,
                    "Recheck Cond": "(person_id < 23248)",
                    "Rows Removed by Index Recheck": 0,
                    "Filter": "(role_id = 1)",
                    "Rows Removed by Filter": 24717,
                    "Exact Heap Blocks": 1239,
                    "Lossy Heap Blocks": 0,
                    "Plans": [
                      {
                        "Node Type": "Bitmap Index Scan",
                        "Parent Relationship": "Outer",
                        "Parallel Aware": false,
                        "Index Name": "person_id_cast_info",
                        "Startup Cost": 0.0,
                        "Total Cost": 4380.5,
                        "Plan Rows": 200525,
                        "Plan Width": 0,
                        "Actual Startup Time": 9.753,
                        "Actual Total Time": 9.754,
                        "Actual Rows": 198158,
                        "Actual Loops": 1,
                        "Index Cond": "(person_id < 23248)"
                      }
                    ]
                  },
                  {
                    "Node Type": "Hash",
                    "Parent Relationship": "Inner",
                    "Parallel Aware": true,
                    "Startup Cost": 50870.31,
                    "Total Cost": 50870.31,
                    "Plan Rows": 1487231,
                    "Plan Width": 4,
                    "Actual Startup Time": 497.85,
                    "Actual Total Time": 497.851,
                    "Actual Rows": 1264156,
                    "Actual Loops": 2,
                    "Hash Buckets": 4194304,
                    "Original Hash Buckets": 4194304,
                    "Hash Batches": 1,
                    "Original Hash Batches": 1,
                    "Peak Memory Usage": 131712,
                    "Plans": [
                      {
                        "Node Type": "Seq Scan",
                        "Parent Relationship": "Outer",
                        "Parallel Aware": true,
                        "Relation Name": "title",
                        "Alias": "t",
                        "Startup Cost": 0.0,
                        "Total Cost": 50870.31,
                        "Plan Rows": 1487231,
                        "Plan Width": 4,
                        "Actual Startup Time": 0.025,
                        "Actual Total Time": 151.568,
                        "Actual Rows": 1264156,
                        "Actual Loops": 2
                      }
                    ]
                  }
                ]
              }
            ]
          }
        ]
      }
    ]
  },
  "Planning Time": 0.761,
  "Triggers": [],
  "Execution Time": 620.234
}