[
  {
    "Plan": {
      "Node Type": "Aggregate",
      "Strategy": "Plain",
      "Partial Mode": "Finalize",
      "Parallel Aware": false,
      "Startup Cost": 342642.73,
      "Total Cost": 342642.74,
      "Plan Rows": 1,
      "Plan Width": 8,
      "Actual Startup Time": 855.808,
      "Actual Total Time": 914.259,
      "Actual Rows": 1,
      "Actual Loops": 1,
      "Plans": [
        {
          "Node Type": "Gather",
          "Parent Relationship": "Outer",
          "Parallel Aware": false,
          "Startup Cost": 342642.1,
          "Total Cost": 342642.71,
          "Plan Rows": 6,
          "Plan Width": 8,
          "Actual Startup Time": 855.692,
          "Actual Total Time": 914.248,
          "Actual Rows": 7,
          "Actual Loops": 1,
          "Workers Planned": 6,
          "Workers Launched": 6,
          "Single Copy": false,
          "Plans": [
            {
              "Node Type": "Aggregate",
              "Strategy": "Plain",
              "Partial Mode": "Partial",
              "Parent Relationship": "Outer",
              "Parallel Aware": false,
              "Startup Cost": 341642.1,
              "Total Cost": 341642.11,
              "Plan Rows": 1,
              "Plan Width": 8,
              "Actual Startup Time": 847.566,
              "Actual Total Time": 847.567,
              "Actual Rows": 1,
              "Actual Loops": 7,
              "Plans": [
                {
                  "Node Type": "Seq Scan",
                  "Parent Relationship": "Outer",
                  "Parallel Aware": true,
                  "Relation Name": "cast_info",
                  "Alias": "ci",
                  "Startup Cost": 0.0,
                  "Total Cost": 328162.03,
                  "Plan Rows": 5392031,
                  "Plan Width": 0,
                  "Actual Startup Time": 55.568,
                  "Actual Total Time": 651.178,
                  "Actual Rows": 4606695,
                  "Actual Loops": 7,
                  "Filter": "(person_id > 383665)",
                  "Rows Removed by Filter": 571068
                }
              ]
            }
          ]
        }
      ]
    },
    "Planning Time": 0.201,
    "Triggers": [],
    "Execution Time": 914.333
  }
]