{
  "Plan": {
    "Node Type": "Aggregate",
    "Strategy": "Plain",
    "Partial Mode": "Finalize",
    "Parallel Aware": false,
    "Startup Cost": 339905.28,
    "Total Cost": 339905.29,
    "Plan Rows": 1,
    "Plan Width": 8,
    "Actual Startup Time": 1055.865,
    "Actual Total Time": 1103.674,
    "Actual Rows": 1,
    "Actual Loops": 1,
    "Plans": [
      {
        "Node Type": "Gather",
        "Parent Relationship": "Outer",
        "Parallel Aware": false,
        "Startup Cost": 339905.17,
        "Total Cost": 339905.28,
        "Plan Rows": 1,
        "Plan Width": 8,
        "Actual Startup Time": 1055.598,
        "Actual Total Time": 1103.664,
        "Actual Rows": 2,
        "Actual Loops": 1,
        "Workers Planned": 1,
        "Workers Launched": 1,
        "Single Copy": false,
        "Plans": [
          {
            "Node Type": "Aggregate",
            "Strategy": "Plain",
            "Partial Mode": "Partial",
            "Parent Relationship": "Outer",
            "Parallel Aware": false,
            "Startup Cost": 338905.17,
            "Total Cost": 338905.18,
            "Plan Rows": 1,
            "Plan Width": 8,
            "Actual Startup Time": 1049.95,
            "Actual Total Time": 1049.954,
            "Actual Rows": 1,
            "Actual Loops": 2,
            "Plans": [
              {
                "Node Type": "Hash Join",
                "Parent Relationship": "Outer",
                "Parallel Aware": true,
                "Join Type": "Inner",
                "Startup Cost": 58434.77,
                "Total Cost": 338841.35,
                "Plan Rows": 25529,
                "Plan Width": 0,
                "Actual Startup Time": 186.925,
                "Actual Total Time": 1048.053,
                "Actual Rows": 37909,
                "Actual Loops": 2,
                "Inner Unique": true,
                "Hash Cond": "(mi.movie_id = t.id)",
                "Plans": [
                  {
                    "Node Type": "Seq Scan",
                    "Parent Relationship": "Outer",
                    "Parallel Aware": true,
                    "Relation Name": "movie_info",
                    "Alias": "mi",
                    "Startup Cost": 0.0,
                    "Total Cost": 270696.42,
                    "Plan Rows": 3699105,
                    "Plan Width": 4,
                    "Actual Startup Time": 38.646,
                    "Actual Total Time": 690.429,
                    "Actual Rows": 3111747,
                    "Actual Loops": 2,
                    "Filter": "(info_type_id > 8)",
                    "Rows Removed by Filter": 4306113
                  },
                  {
                    "Node Type": "Hash",
                    "Parent Relationship": "Inner",
                    "Parallel Aware": true,
                    "Startup Cost": 58306.47,
                    "Total Cost": 58306.47,
                    "Plan Rows": 10264,
                    "Plan Width": 4,
                    "Actual Startup Time": 146.67,
                    "Actual Total Time": 146.671,
                    "Actual Rows": 7224,
                    "Actual Loops": 2,
                    "Hash Buckets": 32768,
                    "Original Hash Buckets": 32768,
                    "Hash Batches": 1,
                    "Original Hash Batches": 1,
                    "Peak Memory Usage": 864,
                    "Plans": [
                      {
                        "Node Type": "Seq Scan",
                        "Parent Relationship": "Outer",
                        "Parallel Aware": true,
                        "Relation Name": "title",
                        "Alias": "t",
                        "Startup Cost": 0.0,
                        "Total Cost": 58306.47,
                        "Plan Rows": 10264,
                        "Plan Width": 4,
                        "Actual Startup Time": 0.809,
                        "Actual Total Time": 143.943,
                        "Actual Rows": 7224,
                        "Actual Loops": 2,
                        "Filter": "((kind_id < 7) AND (production_year = 1998))",
                        "Rows Removed by Filter": 1256932
                      }
                    ]
                  }
                ]
              }
            ]
          }
        ]
      }
    ]
  },
  "Planning Time": 0.455,
  "Triggers": [],
  "Execution Time": 1103.753
}