[
  {
    "Plan": {
      "Node Type": "Aggregate",
      "Strategy": "Plain",
      "Partial Mode": "Simple",
      "Parallel Aware": false,
      "Startup Cost": 17082.73,
      "Total Cost": 17082.74,
      "Plan Rows": 1,
      "Plan Width": 8,
      "Actual Startup Time": 2574.377,
      "Actual Total Time": 2574.379,
      "Actual Rows": 1,
      "Actual Loops": 1,
      "Output": [
        "count(*)"
      ],
      "Plans": [
        {
          "Node Type": "Nested Loop",
          "Parent Relationship": "Outer",
          "Parallel Aware": false,
          "Join Type": "Inner",
          "Startup Cost": 11.67,
          "Total Cost": 17082.72,
          "Plan Rows": 1,
          "Plan Width": 0,
          "Actual Startup Time": 1.142,
          "Actual Total Time": 2571.556,
          "Actual Rows": 11128,
          "Actual Loops": 1,
          "Inner Unique": false,
          "Plans": [
            {
              "Node Type": "Nested Loop",
              "Parent Relationship": "Outer",
              "Parallel Aware": false,
              "Join Type": "Inner",
              "Startup Cost": 11.67,
              "Total Cost": 17080.3,
              "Plan Rows": 1,
              "Plan Width": 4,
              "Actual Startup Time": 1.064,
              "Actual Total Time": 2453.479,
              "Actual Rows": 11128,
              "Actual Loops": 1,
              "Output": [
                "mi.info_type_id"
              ],
              "Inner Unique": true,
              "Join Filter": "(mi.movie_id = t.id)",
              "Rows Removed by Join Filter": 0,
              "Plans": [
                {
                  "Node Type": "Nested Loop",
                  "Parent Relationship": "Outer",
                  "Parallel Aware": false,
                  "Join Type": "Inner",
                  "Startup Cost": 11.24,
                  "Total Cost": 17077.3,
                  "Plan Rows": 6,
                  "Plan Width": 12,
                  "Actual Startup Time": 0.913,
                  "Actual Total Time": 2338.923,
                  "Actual Rows": 11128,
                  "Actual Loops": 1,
                  "Output": [
                    "mk.movie_id",
                    "mi.info_type_id",
                    "mi.movie_id"
                  ],
                  "Inner Unique": false,
                  "Plans": [
                    {
                      "Node Type": "Nested Loop",
                      "Parent Relationship": "Outer",
                      "Parallel Aware": false,
                      "Join Type": "Inner",
                      "Startup Cost": 10.8,
                      "Total Cost": 16384.76,
                      "Plan Rows": 438,
                      "Plan Width": 4,
                      "Actual Startup Time": 0.446,
                      "Actual Total Time": 280.23,
                      "Actual Rows": 29726,
                      "Actual Loops": 1,
                      "Output": [
                        "mk.movie_id"
                      ],
                      "Inner Unique": false,
                      "Plans": [
                        {
                          "Node Type": "Seq Scan",
                          "Parent Relationship": "Outer",
                          "Parallel Aware": false,
                          "Relation Name": "keyword",
                          "Schema": "public",
                          "Alias": "k",
                          "Startup Cost": 0.0,
                          "Total Cost": 2626.12,
                          "Plan Rows": 13,
                          "Plan Width": 4,
                          "Actual Startup Time": 0.213,
                          "Actual Total Time": 40.08,
                          "Actual Rows": 554,
                          "Actual Loops": 1,
                          "Output": [
                            "k.id",
                            "k.keyword",
                            "k.phonetic_code"
                          ],
                          "Filter": "(k.keyword ~~* '%love%'::text)",
                          "Rows Removed by Filter": 133616
                        },
                        {
                          "Node Type": "Bitmap Heap Scan",
                          "Parent Relationship": "Inner",
                          "Parallel Aware": false,
                          "Relation Name": "movie_keyword",
                          "Schema": "public",
                          "Alias": "mk",
                          "Startup Cost": 10.8,
                          "Total Cost": 1055.3,
                          "Plan Rows": 306,
                          "Plan Width": 8,
                          "Actual Startup Time": 0.032,
                          "Actual Total Time": 0.418,
                          "Actual Rows": 54,
                          "Actual Loops": 554,
                          "Output": [
                            "mk.id",
                            "mk.movie_id",
                            "mk.keyword_id"
                          ],
                          "Recheck Cond": "(mk.keyword_id = k.id)",
                          "Rows Removed by Index Recheck": 0,
                          "Exact Heap Blocks": 24452,
                          "Lossy Heap Blocks": 0,
                          "Plans": [
                            {
                              "Node Type": "Bitmap Index Scan",
                              "Parent Relationship": "Outer",
                              "Parallel Aware": false,
                              "Index Name": "keyword_id_movie_keyword",
                              "Startup Cost": 0.0,
                              "Total Cost": 10.73,
                              "Plan Rows": 306,
                              "Plan Width": 0,
                              "Actual Startup Time": 0.021,
                              "Actual Total Time": 0.021,
                              "Actual Rows": 54,
                              "Actual Loops": 554,
                              "Index Cond": "(mk.keyword_id = k.id)"
                            }
                          ]
                        }
                      ]
                    },
                    {
                      "Node Type": "Index Scan",
                      "Parent Relationship": "Inner",
                      "Parallel Aware": false,
                      "Scan Direction": "Forward",
                      "Index Name": "movie_id_movie_info",
                      "Relation Name": "movie_info",
                      "Schema": "public",
                      "Alias": "mi",
                      "Startup Cost": 0.43,
                      "Total Cost": 1.57,
                      "Plan Rows": 1,
                      "Plan Width": 8,
                      "Actual Startup Time": 0.068,
                      "Actual Total Time": 0.069,
                      "Actual Rows": 0,
                      "Actual Loops": 29726,
                      "Output": [
                        "mi.id",
                        "mi.movie_id",
                        "mi.info_type_id",
                        "mi.info",
                        "mi.note"
                      ],
                      "Index Cond": "(mi.movie_id = mk.movie_id)",
                      "Rows Removed by Index Recheck": 0,
                      "Filter": "((mi.info ~~* '%romance%'::text) AND (mi.info_type_id = 3))",
                      "Rows Removed by Filter": 53
                    }
                  ]
                },
                {
                  "Node Type": "Index Only Scan",
                  "Parent Relationship": "Inner",
                  "Parallel Aware": false,
                  "Scan Direction": "Forward",
                  "Index Name": "title_pkey",
                  "Relation Name": "title",
                  "Schema": "public",
                  "Alias": "t",
                  "Startup Cost": 0.43,
                  "Total Cost": 0.49,
                  "Plan Rows": 1,
                  "Plan Width": 4,
                  "Actual Startup Time": 0.01,
                  "Actual Total Time": 0.01,
                  "Actual Rows": 1,
                  "Actual Loops": 11128,
                  "Output": [
                    "t.id"
                  ],
                  "Index Cond": "(t.id = mk.movie_id)",
                  "Rows Removed by Index Recheck": 0,
                  "Heap Fetches": 11128
                }
              ]
            },
            {
              "Node Type": "Seq Scan",
              "Parent Relationship": "Inner",
              "Parallel Aware": false,
              "Relation Name": "info_type",
              "Schema": "public",
              "Alias": "it",
              "Startup Cost": 0.0,
              "Total Cost": 2.41,
              "Plan Rows": 1,
              "Plan Width": 4,
              "Actual Startup Time": 0.003,
              "Actual Total Time": 0.009,
              "Actual Rows": 1,
              "Actual Loops": 11128,
              "Output": [
                "it.id",
                "it.info"
              ],
              "Filter": "(it.id = 3)",
              "Rows Removed by Filter": 112
            }
          ]
        }
      ]
    },
    "Planning Time": 10912.768,
    "Triggers": [],
    "Execution Time": 2574.705
  }
]