{
    "Plan": {
        "Node Type": "Aggregate",
        "Strategy": "Plain",
        "Partial Mode": "Finalize",
        "Parallel Aware": false,
        "Startup Cost": 462862.2,
        "Total Cost": 462862.21,
        "Plan Rows": 1,
        "Plan Width": 8,
        "Actual Startup Time": 3344.311,
        "Actual Total Time": 3395.631,
        "Actual Rows": 1,
        "Actual Loops": 1,
        "Output": [
            "count(*)"
        ],
        "Plans": [
            {
                "Node Type": "Gather",
                "Parent Relationship": "Outer",
                "Parallel Aware": false,
                "Startup Cost": 462861.58,
                "Total Cost": 462862.19,
                "Plan Rows": 6,
                "Plan Width": 8,
                "Actual Startup Time": 3300.275,
                "Actual Total Time": 3395.616,
                "Actual Rows": 7,
                "Actual Loops": 1,
                "Output": [
                    "(PARTIAL count(*))"
                ],
                "Workers Planned": 6,
                "Workers Launched": 6,
                "Single Copy": false,
                "Plans": [
                    {
                        "Node Type": "Aggregate",
                        "Strategy": "Plain",
                        "Partial Mode": "Partial",
                        "Parent Relationship": "Outer",
                        "Parallel Aware": false,
                        "Startup Cost": 461861.58,
                        "Total Cost": 461861.59,
                        "Plan Rows": 1,
                        "Plan Width": 8,
                        "Actual Startup Time": 3276.707,
                        "Actual Total Time": 3277.657,
                        "Actual Rows": 1,
                        "Actual Loops": 7,
                        "Output": [
                            "PARTIAL count(*)"
                        ],
                        "Workers": [
                            {
                                "Worker Number": 0,
                                "Actual Startup Time": 3276.104,
                                "Actual Total Time": 3276.111,
                                "Actual Rows": 1,
                                "Actual Loops": 1
                            },
                            {
                                "Worker Number": 1,
                                "Actual Startup Time": 3272.152,
                                "Actual Total Time": 3272.158,
                                "Actual Rows": 1,
                                "Actual Loops": 1
                            },
                            {
                                "Worker Number": 2,
                                "Actual Startup Time": 3272.419,
                                "Actual Total Time": 3272.425,
                                "Actual Rows": 1,
                                "Actual Loops": 1
                            },
                            {
                                "Worker Number": 3,
                                "Actual Startup Time": 3272.387,
                                "Actual Total Time": 3272.392,
                                "Actual Rows": 1,
                                "Actual Loops": 1
                            },
                            {
                                "Worker Number": 4,
                                "Actual Startup Time": 3272.203,
                                "Actual Total Time": 3272.209,
                                "Actual Rows": 1,
                                "Actual Loops": 1
                            },
                            {
                                "Worker Number": 5,
                                "Actual Startup Time": 3272.411,
                                "Actual Total Time": 3272.416,
                                "Actual Rows": 1,
                                "Actual Loops": 1
                            }
                        ],
                        "Plans": [
                            {
                                "Node Type": "Hash Join",
                                "Parent Relationship": "Outer",
                                "Parallel Aware": true,
                                "Join Type": "Inner",
                                "Startup Cost": 90156.38,
                                "Total Cost": 454279.51,
                                "Plan Rows": 3032828,
                                "Plan Width": 0,
                                "Actual Startup Time": 624.16,
                                "Actual Total Time": 3023.595,
                                "Actual Rows": 6104969,
                                "Actual Loops": 7,
                                "Inner Unique": false,
                                "Hash Cond": "(ci.movie_id = t.id)",
                                "Workers": [
                                    {
                                        "Worker Number": 0,
                                        "Actual Startup Time": 620.284,
                                        "Actual Total Time": 2994.298,
                                        "Actual Rows": 4505130,
                                        "Actual Loops": 1
                                    },
                                    {
                                        "Worker Number": 1,
                                        "Actual Startup Time": 620.21,
                                        "Actual Total Time": 3034.442,
                                        "Actual Rows": 6022351,
                                        "Actual Loops": 1
                                    },
                                    {
                                        "Worker Number": 2,
                                        "Actual Startup Time": 620.443,
                                        "Actual Total Time": 3020.396,
                                        "Actual Rows": 6500270,
                                        "Actual Loops": 1
                                    },
                                    {
                                        "Worker Number": 3,
                                        "Actual Startup Time": 620.377,
                                        "Actual Total Time": 3022.854,
                                        "Actual Rows": 6431920,
                                        "Actual Loops": 1
                                    },
                                    {
                                        "Worker Number": 4,
                                        "Actual Startup Time": 620.166,
                                        "Actual Total Time": 3035.65,
                                        "Actual Rows": 5987043,
                                        "Actual Loops": 1
                                    },
                                    {
                                        "Worker Number": 5,
                                        "Actual Startup Time": 620.392,
                                        "Actual Total Time": 3019.818,
                                        "Actual Rows": 6527276,
                                        "Actual Loops": 1
                                    }
                                ],
                                "Plans": [
                                    {
                                        "Node Type": "Seq Scan",
                                        "Parent Relationship": "Outer",
                                        "Parallel Aware": true,
                                        "Relation Name": "cast_info",
                                        "Schema": "public",
                                        "Alias": "ci",
                                        "Startup Cost": 0.0,
                                        "Total Cost": 343318.94,
                                        "Plan Rows": 2938898,
                                        "Plan Width": 4,
                                        "Actual Startup Time": 0.038,
                                        "Actual Total Time": 692.036,
                                        "Actual Rows": 2984057,
                                        "Actual Loops": 7,
                                        "Output": [
                                            "ci.id",
                                            "ci.person_id",
                                            "ci.movie_id",
                                            "ci.person_role_id",
                                            "ci.note",
                                            "ci.nr_order",
                                            "ci.role_id"
                                        ],
                                        "Filter": "((ci.person_id < 2415884) AND (ci.role_id < 5))",
                                        "Rows Removed by Filter": 2193707,
                                        "Workers": [
                                            {
                                                "Worker Number": 0,
                                                "Actual Startup Time": 0.05,
                                                "Actual Total Time": 731.279,
                                                "Actual Rows": 2184910,
                                                "Actual Loops": 1
                                            },
                                            {
                                                "Worker Number": 1,
                                                "Actual Startup Time": 0.042,
                                                "Actual Total Time": 695.35,
                                                "Actual Rows": 2937518,
                                                "Actual Loops": 1
                                            },
                                            {
                                                "Worker Number": 2,
                                                "Actual Startup Time": 0.034,
                                                "Actual Total Time": 705.975,
                                                "Actual Rows": 3188672,
                                                "Actual Loops": 1
                                            },
                                            {
                                                "Worker Number": 3,
                                                "Actual Startup Time": 0.04,
                                                "Actual Total Time": 703.424,
                                                "Actual Rows": 3154253,
                                                "Actual Loops": 1
                                            },
                                            {
                                                "Worker Number": 4,
                                                "Actual Startup Time": 0.044,
                                                "Actual Total Time": 696.234,
                                                "Actual Rows": 2933202,
                                                "Actual Loops": 1
                                            },
                                            {
                                                "Worker Number": 5,
                                                "Actual Startup Time": 0.04,
                                                "Actual Total Time": 704.453,
                                                "Actual Rows": 3177136,
                                                "Actual Loops": 1
                                            }
                                        ]
                                    },
                                    {
                                        "Node Type": "Hash",
                                        "Parent Relationship": "Inner",
                                        "Parallel Aware": true,
                                        "Startup Cost": 79635.69,
                                        "Total Cost": 79635.69,
                                        "Plan Rows": 841655,
                                        "Plan Width": 8,
                                        "Actual Startup Time": 616.997,
                                        "Actual Total Time": 617.944,
                                        "Actual Rows": 372733,
                                        "Actual Loops": 7,
                                        "Output": [
                                            "t.id",
                                            "mc.movie_id"
                                        ],
                                        "Hash Buckets": 4194304,
                                        "Original Hash Buckets": 4194304,
                                        "Hash Batches": 1,
                                        "Original Hash Batches": 1,
                                        "Peak Memory Usage": 134912,
                                        "Workers": [
                                            {
                                                "Worker Number": 0,
                                                "Actual Startup Time": 619.483,
                                                "Actual Total Time": 619.488,
                                                "Actual Rows": 277932,
                                                "Actual Loops": 1
                                            },
                                            {
                                                "Worker Number": 1,
                                                "Actual Startup Time": 619.336,
                                                "Actual Total Time": 619.34,
                                                "Actual Rows": 366724,
                                                "Actual Loops": 1
                                            },
                                            {
                                                "Worker Number": 2,
                                                "Actual Startup Time": 619.62,
                                                "Actual Total Time": 619.624,
                                                "Actual Rows": 394957,
                                                "Actual Loops": 1
                                            },
                                            {
                                                "Worker Number": 3,
                                                "Actual Startup Time": 619.638,
                                                "Actual Total Time": 619.641,
                                                "Actual Rows": 389881,
                                                "Actual Loops": 1
                                            },
                                            {
                                                "Worker Number": 4,
                                                "Actual Startup Time": 619.439,
                                                "Actual Total Time": 619.443,
                                                "Actual Rows": 369500,
                                                "Actual Loops": 1
                                            },
                                            {
                                                "Worker Number": 5,
                                                "Actual Startup Time": 619.666,
                                                "Actual Total Time": 619.67,
                                                "Actual Rows": 393892,
                                                "Actual Loops": 1
                                            }
                                        ],
                                        "Plans": [
                                            {
                                                "Node Type": "Hash Join",
                                                "Parent Relationship": "Outer",
                                                "Parallel Aware": true,
                                                "Join Type": "Inner",
                                                "Startup Cost": 50219.81,
                                                "Total Cost": 79635.69,
                                                "Plan Rows": 841655,
                                                "Plan Width": 8,
                                                "Actual Startup Time": 260.326,
                                                "Actual Total Time": 456.941,
                                                "Actual Rows": 372733,
                                                "Actual Loops": 7,
                                                "Output": [
                                                    "t.id",
                                                    "mc.movie_id"
                                                ],
                                                "Inner Unique": true,
                                                "Hash Cond": "(mc.movie_id = t.id)",
                                                "Workers": [
                                                    {
                                                        "Worker Number": 0,
                                                        "Actual Startup Time": 260.384,
                                                        "Actual Total Time": 456.809,
                                                        "Actual Rows": 277932,
                                                        "Actual Loops": 1
                                                    },
                                                    {
                                                        "Worker Number": 1,
                                                        "Actual Startup Time": 260.328,
                                                        "Actual Total Time": 458.656,
                                                        "Actual Rows": 366724,
                                                        "Actual Loops": 1
                                                    },
                                                    {
                                                        "Worker Number": 2,
                                                        "Actual Startup Time": 260.303,
                                                        "Actual Total Time": 455.178,
                                                        "Actual Rows": 394957,
                                                        "Actual Loops": 1
                                                    },
                                                    {
                                                        "Worker Number": 3,
                                                        "Actual Startup Time": 260.299,
                                                        "Actual Total Time": 455.117,
                                                        "Actual Rows": 389881,
                                                        "Actual Loops": 1
                                                    },
                                                    {
                                                        "Worker Number": 4,
                                                        "Actual Startup Time": 260.292,
                                                        "Actual Total Time": 457.404,
                                                        "Actual Rows": 369500,
                                                        "Actual Loops": 1
                                                    },
                                                    {
                                                        "Worker Number": 5,
                                                        "Actual Startup Time": 260.261,
                                                        "Actual Total Time": 455.698,
                                                        "Actual Rows": 393892,
                                                        "Actual Loops": 1
                                                    }
                                                ],
                                                "Plans": [
                                                    {
                                                        "Node Type": "Seq Scan",
                                                        "Parent Relationship": "Outer",
                                                        "Parallel Aware": true,
                                                        "Relation Name": "movie_companies",
                                                        "Schema": "public",
                                                        "Alias": "mc",
                                                        "Startup Cost": 0.0,
                                                        "Total Cost": 27206.55,
                                                        "Plan Rows": 841655,
                                                        "Plan Width": 4,
                                                        "Actual Startup Time": 0.027,
                                                        "Actual Total Time": 43.025,
                                                        "Actual Rows": 372733,
                                                        "Actual Loops": 7,
                                                        "Output": [
                                                            "mc.id",
                                                            "mc.movie_id",
                                                            "mc.company_id",
                                                            "mc.company_type_id",
                                                            "mc.note"
                                                        ],
                                                        "Workers": [
                                                            {
                                                                "Worker Number": 0,
                                                                "Actual Startup Time": 0.044,
                                                                "Actual Total Time": 47.203,
                                                                "Actual Rows": 277932,
                                                                "Actual Loops": 1
                                                            },
                                                            {
                                                                "Worker Number": 1,
                                                                "Actual Startup Time": 0.038,
                                                                "Actual Total Time": 43.293,
                                                                "Actual Rows": 366724,
                                                                "Actual Loops": 1
                                                            },
                                                            {
                                                                "Worker Number": 2,
                                                                "Actual Startup Time": 0.028,
                                                                "Actual Total Time": 44.173,
                                                                "Actual Rows": 394957,
                                                                "Actual Loops": 1
                                                            },
                                                            {
                                                                "Worker Number": 3,
                                                                "Actual Startup Time": 0.023,
                                                                "Actual Total Time": 44.213,
                                                                "Actual Rows": 389881,
                                                                "Actual Loops": 1
                                                            },
                                                            {
                                                                "Worker Number": 4,
                                                                "Actual Startup Time": 0.028,
                                                                "Actual Total Time": 43.372,
                                                                "Actual Rows": 369500,
                                                                "Actual Loops": 1
                                                            },
                                                            {
                                                                "Worker Number": 5,
                                                                "Actual Startup Time": 0.019,
                                                                "Actual Total Time": 44.334,
                                                                "Actual Rows": 393892,
                                                                "Actual Loops": 1
                                                            }
                                                        ]
                                                    },
                                                    {
                                                        "Node Type": "Hash",
                                                        "Parent Relationship": "Inner",
                                                        "Parallel Aware": true,
                                                        "Startup Cost": 42318.81,
                                                        "Total Cost": 42318.81,
                                                        "Plan Rows": 632080,
                                                        "Plan Width": 4,
                                                        "Actual Startup Time": 256.561,
                                                        "Actual Total Time": 256.563,
                                                        "Actual Rows": 361187,
                                                        "Actual Loops": 7,
                                                        "Output": [
                                                            "t.id"
                                                        ],
                                                        "Hash Buckets": 4194304,
                                                        "Original Hash Buckets": 4194304,
                                                        "Hash Batches": 1,
                                                        "Original Hash Batches": 1,
                                                        "Peak Memory Usage": 131776,
                                                        "Workers": [
                                                            {
                                                                "Worker Number": 0,
                                                                "Actual Startup Time": 260.011,
                                                                "Actual Total Time": 260.012,
                                                                "Actual Rows": 264753,
                                                                "Actual Loops": 1
                                                            },
                                                            {
                                                                "Worker Number": 1,
                                                                "Actual Startup Time": 260.199,
                                                                "Actual Total Time": 260.2,
                                                                "Actual Rows": 339539,
                                                                "Actual Loops": 1
                                                            },
                                                            {
                                                                "Worker Number": 2,
                                                                "Actual Startup Time": 260.169,
                                                                "Actual Total Time": 260.171,
                                                                "Actual Rows": 366776,
                                                                "Actual Loops": 1
                                                            },
                                                            {
                                                                "Worker Number": 3,
                                                                "Actual Startup Time": 260.189,
                                                                "Actual Total Time": 260.19,
                                                                "Actual Rows": 360707,
                                                                "Actual Loops": 1
                                                            },
                                                            {
                                                                "Worker Number": 4,
                                                                "Actual Startup Time": 260.144,
                                                                "Actual Total Time": 260.145,
                                                                "Actual Rows": 336957,
                                                                "Actual Loops": 1
                                                            },
                                                            {
                                                                "Worker Number": 5,
                                                                "Actual Startup Time": 259.997,
                                                                "Actual Total Time": 259.998,
                                                                "Actual Rows": 367694,
                                                                "Actual Loops": 1
                                                            }
                                                        ],
                                                        "Plans": [
                                                            {
                                                                "Node Type": "Seq Scan",
                                                                "Parent Relationship": "Outer",
                                                                "Parallel Aware": true,
                                                                "Relation Name": "title",
                                                                "Schema": "public",
                                                                "Alias": "t",
                                                                "Startup Cost": 0.0,
                                                                "Total Cost": 42318.81,
                                                                "Plan Rows": 632080,
                                                                "Plan Width": 4,
                                                                "Actual Startup Time": 0.065,
                                                                "Actual Total Time": 70.064,
                                                                "Actual Rows": 361187,
                                                                "Actual Loops": 7,
                                                                "Output": [
                                                                    "t.id"
                                                                ],
                                                                "Workers": [
                                                                    {
                                                                        "Worker Number": 0,
                                                                        "Actual Startup Time": 0.086,
                                                                        "Actual Total Time": 75.076,
                                                                        "Actual Rows": 264753,
                                                                        "Actual Loops": 1
                                                                    },
                                                                    {
                                                                        "Worker Number": 1,
                                                                        "Actual Startup Time": 0.07,
                                                                        "Actual Total Time": 71.514,
                                                                        "Actual Rows": 339539,
                                                                        "Actual Loops": 1
                                                                    },
                                                                    {
                                                                        "Worker Number": 2,
                                                                        "Actual Startup Time": 0.077,
                                                                        "Actual Total Time": 72.372,
                                                                        "Actual Rows": 366776,
                                                                        "Actual Loops": 1
                                                                    },
                                                                    {
                                                                        "Worker Number": 3,
                                                                        "Actual Startup Time": 0.076,
                                                                        "Actual Total Time": 72.366,
                                                                        "Actual Rows": 360707,
                                                                        "Actual Loops": 1
                                                                    },
                                                                    {
                                                                        "Worker Number": 4,
                                                                        "Actual Startup Time": 0.064,
                                                                        "Actual Total Time": 72.219,
                                                                        "Actual Rows": 336957,
                                                                        "Actual Loops": 1
                                                                    },
                                                                    {
                                                                        "Worker Number": 5,
                                                                        "Actual Startup Time": 0.064,
                                                                        "Actual Total Time": 71.833,
                                                                        "Actual Rows": 367694,
                                                                        "Actual Loops": 1
                                                                    }
                                                                ]
                                                            }
                                                        ]
                                                    }
                                                ]
                                            }
                                        ]
                                    }
                                ]
                            }
                        ]
                    }
                ]
            }
        ]
    },
    "Planning Time": 1.546,
    "Triggers": [],
    "Execution Time": 3395.719
}