[
  {
    "Plan": {
      "Node Type": "Aggregate",
      "Strategy": "Plain",
      "Partial Mode": "Finalize",
      "Parallel Aware": false,
      "Startup Cost": 57372.21,
      "Total Cost": 57372.22,
      "Plan Rows": 1,
      "Plan Width": 8,
      "Actual Startup Time": 103.753,
      "Actual Total Time": 117.331,
      "Actual Rows": 1,
      "Actual Loops": 1,
      "Plans": [
        {
          "Node Type": "Gather",
          "Parent Relationship": "Outer",
          "Parallel Aware": false,
          "Startup Cost": 57371.79,
          "Total Cost": 57372.2,
          "Plan Rows": 4,
          "Plan Width": 8,
          "Actual Startup Time": 103.624,
          "Actual Total Time": 117.323,
          "Actual Rows": 5,
          "Actual Loops": 1,
          "Workers Planned": 4,
          "Workers Launched": 4,
          "Single Copy": false,
          "Plans": [
            {
              "Node Type": "Aggregate",
              "Strategy": "Plain",
              "Partial Mode": "Partial",
              "Parent Relationship": "Outer",
              "Parallel Aware": false,
              "Startup Cost": 56371.79,
              "Total Cost": 56371.8,
              "Plan Rows": 1,
              "Plan Width": 8,
              "Actual Startup Time": 93.907,
              "Actual Total Time": 93.908,
              "Actual Rows": 1,
              "Actual Loops": 5,
              "Plans": [
                {
                  "Node Type": "Nested Loop",
                  "Parent Relationship": "Outer",
                  "Parallel Aware": false,
                  "Join Type": "Inner",
                  "Startup Cost": 0.43,
                  "Total Cost": 56367.79,
                  "Plan Rows": 1602,
                  "Plan Width": 0,
                  "Actual Startup Time": 3.593,
                  "Actual Total Time": 93.739,
                  "Actual Rows": 2778,
                  "Actual Loops": 5,
                  "Inner Unique": false,
                  "Plans": [
                    {
                      "Node Type": "Seq Scan",
                      "Parent Relationship": "Outer",
                      "Parallel Aware": true,
                      "Relation Name": "title",
                      "Alias": "t",
                      "Startup Cost": 0.0,
                      "Total Cost": 45479.1,
                      "Plan Rows": 1223,
                      "Plan Width": 4,
                      "Actual Startup Time": 0.877,
                      "Actual Total Time": 81.503,
                      "Actual Rows": 1058,
                      "Actual Loops": 5,
                      "Filter": "((kind_id < 7) AND (production_year = 1966))",
                      "Rows Removed by Filter": 504604
                    },
                    {
                      "Node Type": "Index Scan",
                      "Parent Relationship": "Inner",
                      "Parallel Aware": false,
                      "Scan Direction": "Forward",
                      "Index Name": "movie_id_movie_keyword",
                      "Relation Name": "movie_keyword",
                      "Alias": "mk",
                      "Startup Cost": 0.43,
                      "Total Cost": 8.57,
                      "Plan Rows": 33,
                      "Plan Width": 4,
                      "Actual Startup Time": 0.01,
                      "Actual Total Time": 0.011,
                      "Actual Rows": 3,
                      "Actual Loops": 5291,
                      "Index Cond": "(movie_id = t.id)",
                      "Rows Removed by Index Recheck": 0,
                      "Filter": "(keyword_id < 15013)",
                      "Rows Removed by Filter": 1
                    }
                  ]
                }
              ]
            }
          ]
        }
      ]
    },
    "Planning Time": 0.583,
    "Triggers": [],
    "Execution Time": 117.395
  }
]