[
  {
    "Plan": {
      "Node Type": "Aggregate",
      "Strategy": "Plain",
      "Partial Mode": "Finalize",
      "Parallel Aware": false,
      "Startup Cost": 129160.53,
      "Total Cost": 129160.54,
      "Plan Rows": 1,
      "Plan Width": 8,
      "Actual Startup Time": 197.461,
      "Actual Total Time": 208.713,
      "Actual Rows": 1,
      "Actual Loops": 1,
      "Plans": [
        {
          "Node Type": "Gather",
          "Parent Relationship": "Outer",
          "Parallel Aware": false,
          "Startup Cost": 129160.01,
          "Total Cost": 129160.52,
          "Plan Rows": 5,
          "Plan Width": 8,
          "Actual Startup Time": 197.342,
          "Actual Total Time": 208.705,
          "Actual Rows": 6,
          "Actual Loops": 1,
          "Workers Planned": 5,
          "Workers Launched": 5,
          "Single Copy": false,
          "Plans": [
            {
              "Node Type": "Aggregate",
              "Strategy": "Plain",
              "Partial Mode": "Partial",
              "Parent Relationship": "Outer",
              "Parallel Aware": false,
              "Startup Cost": 128160.01,
              "Total Cost": 128160.02,
              "Plan Rows": 1,
              "Plan Width": 8,
              "Actual Startup Time": 187.345,
              "Actual Total Time": 187.346,
              "Actual Rows": 1,
              "Actual Loops": 6,
              "Plans": [
                {
                  "Node Type": "Index Scan",
                  "Parent Relationship": "Outer",
                  "Parallel Aware": true,
                  "Scan Direction": "Forward",
                  "Index Name": "role_id_cast_info",
                  "Relation Name": "cast_info",
                  "Alias": "ci",
                  "Startup Cost": 0.56,
                  "Total Cost": 127762.24,
                  "Plan Rows": 159110,
                  "Plan Width": 0,
                  "Actual Startup Time": 0.178,
                  "Actual Total Time": 164.531,
                  "Actual Rows": 476452,
                  "Actual Loops": 6,
                  "Index Cond": "(role_id > 9)",
                  "Rows Removed by Index Recheck": 0,
                  "Filter": "(person_id > 3047568)",
                  "Rows Removed by Filter": 296737
                }
              ]
            }
          ]
        }
      ]
    },
    "Planning Time": 0.202,
    "Triggers": [],
    "Execution Time": 208.771
  }
]