[
  {
    "Plan": {
      "Node Type": "Aggregate",
      "Strategy": "Plain",
      "Partial Mode": "Finalize",
      "Parallel Aware": false,
      "Startup Cost": 41021.94,
      "Total Cost": 41021.95,
      "Plan Rows": 1,
      "Plan Width": 8,
      "Actual Startup Time": 194.364,
      "Actual Total Time": 197.098,
      "Actual Rows": 1,
      "Actual Loops": 1,
      "Plans": [
        {
          "Node Type": "Gather",
          "Parent Relationship": "Outer",
          "Parallel Aware": false,
          "Startup Cost": 41021.72,
          "Total Cost": 41021.93,
          "Plan Rows": 2,
          "Plan Width": 8,
          "Actual Startup Time": 53.999,
          "Actual Total Time": 197.079,
          "Actual Rows": 3,
          "Actual Loops": 1,
          "Workers Planned": 2,
          "Workers Launched": 2,
          "Single Copy": false,
          "Plans": [
            {
              "Node Type": "Aggregate",
              "Strategy": "Plain",
              "Partial Mode": "Partial",
              "Parent Relationship": "Outer",
              "Parallel Aware": false,
              "Startup Cost": 40021.72,
              "Total Cost": 40021.73,
              "Plan Rows": 1,
              "Plan Width": 8,
              "Actual Startup Time": 17.889,
              "Actual Total Time": 17.892,
              "Actual Rows": 1,
              "Actual Loops": 3,
              "Plans": [
                {
                  "Node Type": "Nested Loop",
                  "Parent Relationship": "Outer",
                  "Parallel Aware": false,
                  "Join Type": "Inner",
                  "Startup Cost": 175.97,
                  "Total Cost": 40019.52,
                  "Plan Rows": 881,
                  "Plan Width": 0,
                  "Actual Startup Time": 3.462,
                  "Actual Total Time": 17.827,
                  "Actual Rows": 457,
                  "Actual Loops": 3,
                  "Inner Unique": true,
                  "Plans": [
                    {
                      "Node Type": "Bitmap Heap Scan",
                      "Parent Relationship": "Outer",
                      "Parallel Aware": true,
                      "Relation Name": "movie_keyword",
                      "Alias": "mk",
                      "Startup Cost": 175.54,
                      "Total Cost": 16952.14,
                      "Plan Rows": 3393,
                      "Plan Width": 4,
                      "Actual Startup Time": 3.432,
                      "Actual Total Time": 7.504,
                      "Actual Rows": 3075,
                      "Actual Loops": 3,
                      "Recheck Cond": "(keyword_id = 875)",
                      "Rows Removed by Index Recheck": 0,
                      "Exact Heap Blocks": 7172,
                      "Lossy Heap Blocks": 0,
                      "Plans": [
                        {
                          "Node Type": "Bitmap Index Scan",
                          "Parent Relationship": "Outer",
                          "Parallel Aware": false,
                          "Index Name": "keyword_id_movie_keyword",
                          "Startup Cost": 0.0,
                          "Total Cost": 173.5,
                          "Plan Rows": 8143,
                          "Plan Width": 0,
                          "Actual Startup Time": 7.352,
                          "Actual Total Time": 7.353,
                          "Actual Rows": 9226,
                          "Actual Loops": 1,
                          "Index Cond": "(keyword_id = 875)"
                        }
                      ]
                    },
                    {
                      "Node Type": "Index Scan",
                      "Parent Relationship": "Inner",
                      "Parallel Aware": false,
                      "Scan Direction": "Forward",
                      "Index Name": "title_pkey",
                      "Relation Name": "title",
                      "Alias": "t",
                      "Startup Cost": 0.43,
                      "Total Cost": 6.8,
                      "Plan Rows": 1,
                      "Plan Width": 4,
                      "Actual Startup Time": 0.003,
                      "Actual Total Time": 0.003,
                      "Actual Rows": 0,
                      "Actual Loops": 9226,
                      "Index Cond": "(id = mk.movie_id)",
                      "Rows Removed by Index Recheck": 0,
                      "Filter": "(production_year > 2008)",
                      "Rows Removed by Filter": 1
                    }
                  ]
                }
              ]
            }
          ]
        }
      ]
    },
    "Planning Time": 1.928,
    "Triggers": [],
    "Execution Time": 197.231
  }
]