[
  {
    "Plan": {
      "Node Type": "Aggregate",
      "Strategy": "Plain",
      "Partial Mode": "Simple",
      "Parallel Aware": false,
      "Startup Cost": 26907.01,
      "Total Cost": 26907.02,
      "Plan Rows": 1,
      "Plan Width": 8,
      "Actual Startup Time": 36.894,
      "Actual Total Time": 36.895,
      "Actual Rows": 1,
      "Actual Loops": 1,
      "Plans": [
        {
          "Node Type": "Bitmap Heap Scan",
          "Parent Relationship": "Outer",
          "Parallel Aware": false,
          "Relation Name": "movie_keyword",
          "Alias": "mk",
          "Startup Cost": 672.84,
          "Total Cost": 26828.17,
          "Plan Rows": 31537,
          "Plan Width": 0,
          "Actual Startup Time": 11.257,
          "Actual Total Time": 34.308,
          "Actual Rows": 31179,
          "Actual Loops": 1,
          "Recheck Cond": "(keyword_id > 109769)",
          "Rows Removed by Index Recheck": 0,
          "Exact Heap Blocks": 8807,
          "Lossy Heap Blocks": 0,
          "Plans": [
            {
              "Node Type": "Bitmap Index Scan",
              "Parent Relationship": "Outer",
              "Parallel Aware": false,
              "Index Name": "keyword_id_movie_keyword",
              "Startup Cost": 0.0,
              "Total Cost": 664.96,
              "Plan Rows": 31537,
              "Plan Width": 0,
              "Actual Startup Time": 7.302,
              "Actual Total Time": 7.303,
              "Actual Rows": 31179,
              "Actual Loops": 1,
              "Index Cond": "(keyword_id > 109769)"
            }
          ]
        }
      ]
    },
    "Planning Time": 0.211,
    "Triggers": [],
    "Execution Time": 36.943
  }
]