{
    "Plan": {
        "Node Type": "Aggregate",
        "Strategy": "Plain",
        "Partial Mode": "Finalize",
        "Parallel Aware": false,
        "Startup Cost": 97279.7,
        "Total Cost": 97279.71,
        "Plan Rows": 1,
        "Plan Width": 8,
        "Actual Startup Time": 491.253,
        "Actual Total Time": 509.213,
        "Actual Rows": 1,
        "Actual Loops": 1,
        "Output": [
            "count(*)"
        ],
        "Plans": [
            {
                "Node Type": "Gather",
                "Parent Relationship": "Outer",
                "Parallel Aware": false,
                "Startup Cost": 97279.38,
                "Total Cost": 97279.69,
                "Plan Rows": 3,
                "Plan Width": 8,
                "Actual Startup Time": 488.354,
                "Actual Total Time": 509.205,
                "Actual Rows": 4,
                "Actual Loops": 1,
                "Output": [
                    "(PARTIAL count(*))"
                ],
                "Workers Planned": 3,
                "Workers Launched": 3,
                "Single Copy": false,
                "Plans": [
                    {
                        "Node Type": "Aggregate",
                        "Strategy": "Plain",
                        "Partial Mode": "Partial",
                        "Parent Relationship": "Outer",
                        "Parallel Aware": false,
                        "Startup Cost": 96279.38,
                        "Total Cost": 96279.39,
                        "Plan Rows": 1,
                        "Plan Width": 8,
                        "Actual Startup Time": 478.588,
                        "Actual Total Time": 478.594,
                        "Actual Rows": 1,
                        "Actual Loops": 4,
                        "Output": [
                            "PARTIAL count(*)"
                        ],
                        "Workers": [
                            {
                                "Worker Number": 0,
                                "Actual Startup Time": 475.401,
                                "Actual Total Time": 475.406,
                                "Actual Rows": 1,
                                "Actual Loops": 1
                            },
                            {
                                "Worker Number": 1,
                                "Actual Startup Time": 475.399,
                                "Actual Total Time": 475.404,
                                "Actual Rows": 1,
                                "Actual Loops": 1
                            },
                            {
                                "Worker Number": 2,
                                "Actual Startup Time": 475.981,
                                "Actual Total Time": 475.986,
                                "Actual Rows": 1,
                                "Actual Loops": 1
                            }
                        ],
                        "Plans": [
                            {
                                "Node Type": "Hash Join",
                                "Parent Relationship": "Outer",
                                "Parallel Aware": true,
                                "Join Type": "Inner",
                                "Startup Cost": 64111.46,
                                "Total Cost": 96206.04,
                                "Plan Rows": 29334,
                                "Plan Width": 0,
                                "Actual Startup Time": 421.582,
                                "Actual Total Time": 477.235,
                                "Actual Rows": 32397,
                                "Actual Loops": 4,
                                "Inner Unique": false,
                                "Hash Cond": "(mc.movie_id = t.id)",
                                "Workers": [
                                    {
                                        "Worker Number": 0,
                                        "Actual Startup Time": 418.547,
                                        "Actual Total Time": 474.121,
                                        "Actual Rows": 30279,
                                        "Actual Loops": 1
                                    },
                                    {
                                        "Worker Number": 1,
                                        "Actual Startup Time": 418.542,
                                        "Actual Total Time": 474.131,
                                        "Actual Rows": 29774,
                                        "Actual Loops": 1
                                    },
                                    {
                                        "Worker Number": 2,
                                        "Actual Startup Time": 419.106,
                                        "Actual Total Time": 474.604,
                                        "Actual Rows": 33042,
                                        "Actual Loops": 1
                                    }
                                ],
                                "Plans": [
                                    {
                                        "Node Type": "Seq Scan",
                                        "Parent Relationship": "Outer",
                                        "Parallel Aware": true,
                                        "Relation Name": "movie_companies",
                                        "Schema": "public",
                                        "Alias": "mc",
                                        "Startup Cost": 0.0,
                                        "Total Cost": 31414.82,
                                        "Plan Rows": 161712,
                                        "Plan Width": 4,
                                        "Actual Startup Time": 30.456,
                                        "Actual Total Time": 59.197,
                                        "Actual Rows": 73154,
                                        "Actual Loops": 4,
                                        "Output": [
                                            "mc.id",
                                            "mc.movie_id",
                                            "mc.company_id",
                                            "mc.company_type_id",
                                            "mc.note"
                                        ],
                                        "Filter": "((mc.company_id < 4437) AND (mc.company_type_id > 1))",
                                        "Rows Removed by Filter": 579128,
                                        "Workers": [
                                            {
                                                "Worker Number": 0,
                                                "Actual Startup Time": 30.468,
                                                "Actual Total Time": 59.235,
                                                "Actual Rows": 68933,
                                                "Actual Loops": 1
                                            },
                                            {
                                                "Worker Number": 1,
                                                "Actual Startup Time": 30.397,
                                                "Actual Total Time": 59.073,
                                                "Actual Rows": 67789,
                                                "Actual Loops": 1
                                            },
                                            {
                                                "Worker Number": 2,
                                                "Actual Startup Time": 30.476,
                                                "Actual Total Time": 59.915,
                                                "Actual Rows": 73362,
                                                "Actual Loops": 1
                                            }
                                        ]
                                    },
                                    {
                                        "Node Type": "Hash",
                                        "Parent Relationship": "Inner",
                                        "Parallel Aware": true,
                                        "Startup Cost": 62678.24,
                                        "Total Cost": 62678.24,
                                        "Plan Rows": 114658,
                                        "Plan Width": 8,
                                        "Actual Startup Time": 387.53,
                                        "Actual Total Time": 387.534,
                                        "Actual Rows": 114981,
                                        "Actual Loops": 4,
                                        "Output": [
                                            "t.id",
                                            "mi_idx.movie_id"
                                        ],
                                        "Hash Buckets": 524288,
                                        "Original Hash Buckets": 524288,
                                        "Hash Batches": 1,
                                        "Original Hash Batches": 1,
                                        "Peak Memory Usage": 22144,
                                        "Workers": [
                                            {
                                                "Worker Number": 0,
                                                "Actual Startup Time": 387.411,
                                                "Actual Total Time": 387.415,
                                                "Actual Rows": 105348,
                                                "Actual Loops": 1
                                            },
                                            {
                                                "Worker Number": 1,
                                                "Actual Startup Time": 387.313,
                                                "Actual Total Time": 387.317,
                                                "Actual Rows": 104776,
                                                "Actual Loops": 1
                                            },
                                            {
                                                "Worker Number": 2,
                                                "Actual Startup Time": 388.093,
                                                "Actual Total Time": 388.097,
                                                "Actual Rows": 118476,
                                                "Actual Loops": 1
                                            }
                                        ],
                                        "Plans": [
                                            {
                                                "Node Type": "Hash Join",
                                                "Parent Relationship": "Outer",
                                                "Parallel Aware": true,
                                                "Join Type": "Inner",
                                                "Startup Cost": 17511.39,
                                                "Total Cost": 62678.24,
                                                "Plan Rows": 114658,
                                                "Plan Width": 8,
                                                "Actual Startup Time": 95.88,
                                                "Actual Total Time": 345.107,
                                                "Actual Rows": 114981,
                                                "Actual Loops": 4,
                                                "Output": [
                                                    "t.id",
                                                    "mi_idx.movie_id"
                                                ],
                                                "Inner Unique": false,
                                                "Hash Cond": "(t.id = mi_idx.movie_id)",
                                                "Workers": [
                                                    {
                                                        "Worker Number": 0,
                                                        "Actual Startup Time": 95.838,
                                                        "Actual Total Time": 346.211,
                                                        "Actual Rows": 105348,
                                                        "Actual Loops": 1
                                                    },
                                                    {
                                                        "Worker Number": 1,
                                                        "Actual Startup Time": 95.792,
                                                        "Actual Total Time": 347.423,
                                                        "Actual Rows": 104776,
                                                        "Actual Loops": 1
                                                    },
                                                    {
                                                        "Worker Number": 2,
                                                        "Actual Startup Time": 95.902,
                                                        "Actual Total Time": 345.034,
                                                        "Actual Rows": 118476,
                                                        "Actual Loops": 1
                                                    }
                                                ],
                                                "Plans": [
                                                    {
                                                        "Node Type": "Seq Scan",
                                                        "Parent Relationship": "Outer",
                                                        "Parallel Aware": true,
                                                        "Relation Name": "title",
                                                        "Schema": "public",
                                                        "Alias": "t",
                                                        "Startup Cost": 0.0,
                                                        "Total Cost": 42318.81,
                                                        "Plan Rows": 632080,
                                                        "Plan Width": 4,
                                                        "Actual Startup Time": 0.022,
                                                        "Actual Total Time": 79.632,
                                                        "Actual Rows": 632078,
                                                        "Actual Loops": 4,
                                                        "Output": [
                                                            "t.id",
                                                            "t.title",
                                                            "t.imdb_index",
                                                            "t.kind_id",
                                                            "t.production_year",
                                                            "t.imdb_id",
                                                            "t.phonetic_code",
                                                            "t.episode_of_id",
                                                            "t.season_nr",
                                                            "t.episode_nr",
                                                            "t.series_years",
                                                            "t.md5sum"
                                                        ],
                                                        "Workers": [
                                                            {
                                                                "Worker Number": 0,
                                                                "Actual Startup Time": 0.028,
                                                                "Actual Total Time": 82.314,
                                                                "Actual Rows": 577133,
                                                                "Actual Loops": 1
                                                            },
                                                            {
                                                                "Worker Number": 1,
                                                                "Actual Startup Time": 0.03,
                                                                "Actual Total Time": 82.381,
                                                                "Actual Rows": 576482,
                                                                "Actual Loops": 1
                                                            },
                                                            {
                                                                "Worker Number": 2,
                                                                "Actual Startup Time": 0.023,
                                                                "Actual Total Time": 86.277,
                                                                "Actual Rows": 644913,
                                                                "Actual Loops": 1
                                                            }
                                                        ]
                                                    },
                                                    {
                                                        "Node Type": "Hash",
                                                        "Parent Relationship": "Inner",
                                                        "Parallel Aware": true,
                                                        "Startup Cost": 15122.68,
                                                        "Total Cost": 15122.68,
                                                        "Plan Rows": 191097,
                                                        "Plan Width": 4,
                                                        "Actual Startup Time": 93.995,
                                                        "Actual Total Time": 93.996,
                                                        "Actual Rows": 114981,
                                                        "Actual Loops": 4,
                                                        "Output": [
                                                            "mi_idx.movie_id"
                                                        ],
                                                        "Hash Buckets": 524288,
                                                        "Original Hash Buckets": 524288,
                                                        "Hash Batches": 1,
                                                        "Original Hash Batches": 1,
                                                        "Peak Memory Usage": 22144,
                                                        "Workers": [
                                                            {
                                                                "Worker Number": 0,
                                                                "Actual Startup Time": 95.737,
                                                                "Actual Total Time": 95.738,
                                                                "Actual Rows": 101683,
                                                                "Actual Loops": 1
                                                            },
                                                            {
                                                                "Worker Number": 1,
                                                                "Actual Startup Time": 95.582,
                                                                "Actual Total Time": 95.583,
                                                                "Actual Rows": 92358,
                                                                "Actual Loops": 1
                                                            },
                                                            {
                                                                "Worker Number": 2,
                                                                "Actual Startup Time": 95.79,
                                                                "Actual Total Time": 95.791,
                                                                "Actual Rows": 109574,
                                                                "Actual Loops": 1
                                                            }
                                                        ],
                                                        "Plans": [
                                                            {
                                                                "Node Type": "Seq Scan",
                                                                "Parent Relationship": "Outer",
                                                                "Parallel Aware": true,
                                                                "Relation Name": "movie_info_idx",
                                                                "Schema": "public",
                                                                "Alias": "mi_idx",
                                                                "Startup Cost": 0.0,
                                                                "Total Cost": 15122.68,
                                                                "Plan Rows": 191097,
                                                                "Plan Width": 4,
                                                                "Actual Startup Time": 0.037,
                                                                "Actual Total Time": 44.973,
                                                                "Actual Rows": 114981,
                                                                "Actual Loops": 4,
                                                                "Output": [
                                                                    "mi_idx.movie_id"
                                                                ],
                                                                "Filter": "(mi_idx.info_type_id = 101)",
                                                                "Rows Removed by Filter": 230028,
                                                                "Workers": [
                                                                    {
                                                                        "Worker Number": 0,
                                                                        "Actual Startup Time": 0.051,
                                                                        "Actual Total Time": 45.674,
                                                                        "Actual Rows": 101683,
                                                                        "Actual Loops": 1
                                                                    },
                                                                    {
                                                                        "Worker Number": 1,
                                                                        "Actual Startup Time": 0.041,
                                                                        "Actual Total Time": 46.124,
                                                                        "Actual Rows": 92358,
                                                                        "Actual Loops": 1
                                                                    },
                                                                    {
                                                                        "Worker Number": 2,
                                                                        "Actual Startup Time": 0.032,
                                                                        "Actual Total Time": 46.332,
                                                                        "Actual Rows": 109574,
                                                                        "Actual Loops": 1
                                                                    }
                                                                ]
                                                            }
                                                        ]
                                                    }
                                                ]
                                            }
                                        ]
                                    }
                                ]
                            }
                        ]
                    }
                ]
            }
        ]
    },
    "Planning Time": 1.662,
    "Triggers": [],
    "Execution Time": 509.3
}