{
  "Plan": {
    "Node Type": "Aggregate",
    "Strategy": "Plain",
    "Partial Mode": "Simple",
    "Parallel Aware": false,
    "Startup Cost": 804177.83,
    "Total Cost": 804177.84,
    "Plan Rows": 1,
    "Plan Width": 32,
    "Actual Startup Time": 3396.499,
    "Actual Total Time": 3476.842,
    "Actual Rows": 1,
    "Actual Loops": 1,
    "Plans": [
      {
        "Node Type": "Gather",
        "Parent Relationship": "Outer",
        "Parallel Aware": false,
        "Startup Cost": 743133.1,
        "Total Cost": 804177.82,
        "Plan Rows": 1,
        "Plan Width": 17,
        "Actual Startup Time": 3251.282,
        "Actual Total Time": 3476.811,
        "Actual Rows": 17,
        "Actual Loops": 1,
        "Workers Planned": 1,
        "Workers Launched": 1,
        "Single Copy": false,
        "Plans": [
          {
            "Node Type": "Hash Join",
            "Parent Relationship": "Outer",
            "Parallel Aware": false,
            "Join Type": "Inner",
            "Startup Cost": 742133.1,
            "Total Cost": 803177.72,
            "Plan Rows": 1,
            "Plan Width": 17,
            "Actual Startup Time": 3243.509,
            "Actual Total Time": 3388.253,
            "Actual Rows": 8,
            "Actual Loops": 2,
            "Inner Unique": true,
            "Hash Cond": "(mk.keyword_id = k.id)",
            "Plans": [
              {
                "Node Type": "Hash Join",
                "Parent Relationship": "Outer",
                "Parallel Aware": true,
                "Join Type": "Inner",
                "Startup Cost": 738500.6,
                "Total Cost": 799545.22,
                "Plan Rows": 1,
                "Plan Width": 21,
                "Actual Startup Time": 3201.024,
                "Actual Total Time": 3345.729,
                "Actual Rows": 349,
                "Actual Loops": 2,
                "Inner Unique": false,
                "Hash Cond": "(mk.movie_id = t.id)",
                "Plans": [
                  {
                    "Node Type": "Seq Scan",
                    "Parent Relationship": "Outer",
                    "Parallel Aware": true,
                    "Relation Name": "movie_keyword",
                    "Alias": "mk",
                    "Startup Cost": 0.0,
                    "Total Cost": 51065.35,
                    "Plan Rows": 2661135,
                    "Plan Width": 8,
                    "Actual Startup Time": 0.008,
                    "Actual Total Time": 154.409,
                    "Actual Rows": 2261965,
                    "Actual Loops": 2
                  },
                  {
                    "Node Type": "Hash",
                    "Parent Relationship": "Inner",
                    "Parallel Aware": true,
                    "Startup Cost": 738500.59,
                    "Total Cost": 738500.59,
                    "Plan Rows": 1,
                    "Plan Width": 29,
                    "Actual Startup Time": 3060.921,
                    "Actual Total Time": 3060.944,
                    "Actual Rows": 2,
                    "Actual Loops": 2,
                    "Hash Buckets": 1024,
                    "Original Hash Buckets": 1024,
                    "Hash Batches": 1,
                    "Original Hash Batches": 1,
                    "Peak Memory Usage": 40,
                    "Plans": [
                      {
                        "Node Type": "Hash Join",
                        "Parent Relationship": "Outer",
                        "Parallel Aware": true,
                        "Join Type": "Inner",
                        "Startup Cost": 652244.18,
                        "Total Cost": 738500.59,
                        "Plan Rows": 1,
                        "Plan Width": 29,
                        "Actual Startup Time": 2949.617,
                        "Actual Total Time": 3060.905,
                        "Actual Rows": 2,
                        "Actual Loops": 2,
                        "Inner Unique": false,
                        "Hash Cond": "(n.id = ci.person_id)",
                        "Plans": [
                          {
                            "Node Type": "Seq Scan",
                            "Parent Relationship": "Outer",
                            "Parallel Aware": true,
                            "Relation Name": "name",
                            "Alias": "n",
                            "Startup Cost": 0.0,
                            "Total Cost": 86255.48,
                            "Plan Rows": 245,
                            "Plan Width": 4,
                            "Actual Startup Time": 24.727,
                            "Actual Total Time": 247.253,
                            "Actual Rows": 1,
                            "Actual Loops": 2,
                            "Filter": "(name ~~ '%Downey%Robert%'::text)",
                            "Rows Removed by Filter": 2083744
                          },
                          {
                            "Node Type": "Hash",
                            "Parent Relationship": "Inner",
                            "Parallel Aware": true,
                            "Startup Cost": 652244.17,
                            "Total Cost": 652244.17,
                            "Plan Rows": 1,
                            "Plan Width": 33,
                            "Actual Startup Time": 2813.587,
                            "Actual Total Time": 2813.607,
                            "Actual Rows": 4,
                            "Actual Loops": 2,
                            "Hash Buckets": 1024,
                            "Original Hash Buckets": 1024,
                            "Hash Batches": 1,
                            "Original Hash Batches": 1,
                            "Peak Memory Usage": 72,
                            "Plans": [
                              {
                                "Node Type": "Hash Join",
                                "Parent Relationship": "Outer",
                                "Parallel Aware": false,
                                "Join Type": "Inner",
                                "Startup Cost": 594560.41,
                                "Total Cost": 652244.17,
                                "Plan Rows": 1,
                                "Plan Width": 33,
                                "Actual Startup Time": 2782.202,
                                "Actual Total Time": 2813.573,
                                "Actual Rows": 4,
                                "Actual Loops": 2,
                                "Inner Unique": true,
                                "Hash Cond": "(t.kind_id = kt.id)",
                                "Plans": [
                                  {
                                    "Node Type": "Hash Join",
                                    "Parent Relationship": "Outer",
                                    "Parallel Aware": false,
                                    "Join Type": "Inner",
                                    "Startup Cost": 594559.31,
                                    "Total Cost": 652243.04,
                                    "Plan Rows": 8,
                                    "Plan Width": 37,
                                    "Actual Startup Time": 2670.85,
                                    "Actual Total Time": 2813.528,
                                    "Actual Rows": 6,
                                    "Actual Loops": 2,
                                    "Inner Unique": true,
                                    "Hash Cond": "(cc.status_id = cct2.id)",
                                    "Plans": [
                                      {
                                        "Node Type": "Hash Join",
                                        "Parent Relationship": "Outer",
                                        "Parallel Aware": false,
                                        "Join Type": "Inner",
                                        "Startup Cost": 594558.24,
                                        "Total Cost": 652241.81,
                                        "Plan Rows": 31,
                                        "Plan Width": 41,
                                        "Actual Startup Time": 2670.815,
                                        "Actual Total Time": 2813.483,
                                        "Actual Rows": 6,
                                        "Actual Loops": 2,
                                        "Inner Unique": true,
                                        "Hash Cond": "(cc.subject_id = cct1.id)",
                                        "Plans": [
                                          {
                                            "Node Type": "Hash Join",
                                            "Parent Relationship": "Outer",
                                            "Parallel Aware": false,
                                            "Join Type": "Inner",
                                            "Startup Cost": 594557.18,
                                            "Total Cost": 652240.07,
                                            "Plan Rows": 125,
                                            "Plan Width": 45,
                                            "Actual Startup Time": 2658.865,
                                            "Actual Total Time": 2813.451,
                                            "Actual Rows": 8,
                                            "Actual Loops": 2,
                                            "Inner Unique": false,
                                            "Hash Cond": "(t.id = cc.movie_id)",
                                            "Plans": [
                                              {
                                                "Node Type": "Hash Join",
                                                "Parent Relationship": "Outer",
                                                "Parallel Aware": true,
                                                "Join Type": "Inner",
                                                "Startup Cost": 590786.75,
                                                "Total Cost": 648456.66,
                                                "Plan Rows": 2345,
                                                "Plan Width": 33,
                                                "Actual Startup Time": 2594.601,
                                                "Actual Total Time": 2775.991,
                                                "Actual Rows": 228,
                                                "Actual Loops": 2,
                                                "Inner Unique": false,
                                                "Hash Cond": "(t.id = ci.movie_id)",
                                                "Plans": [
                                                  {
                                                    "Node Type": "Seq Scan",
                                                    "Parent Relationship": "Outer",
                                                    "Parallel Aware": true,
                                                    "Relation Name": "title",
                                                    "Alias": "t",
                                                    "Startup Cost": 0.0,
                                                    "Total Cost": 54589.98,
                                                    "Plan Rows": 817639,
                                                    "Plan Width": 25,
                                                    "Actual Startup Time": 0.01,
                                                    "Actual Total Time": 143.659,
                                                    "Actual Rows": 690726,
                                                    "Actual Loops": 2,
                                                    "Filter": "(production_year > 2000)",
                                                    "Rows Removed by Filter": 573430
                                                  },
                                                  {
                                                    "Node Type": "Hash",
                                                    "Parent Relationship": "Inner",
                                                    "Parallel Aware": true,
                                                    "Startup Cost": 590733.43,
                                                    "Total Cost": 590733.43,
                                                    "Plan Rows": 4265,
                                                    "Plan Width": 8,
                                                    "Actual Startup Time": 2593.859,
                                                    "Actual Total Time": 2593.865,
                                                    "Actual Rows": 278,
                                                    "Actual Loops": 2,
                                                    "Hash Buckets": 8192,
                                                    "Original Hash Buckets": 8192,
                                                    "Hash Batches": 1,
                                                    "Original Hash Batches": 1,
                                                    "Peak Memory Usage": 128,
                                                    "Plans": [
                                                      {
                                                        "Node Type": "Hash Join",
                                                        "Parent Relationship": "Outer",
                                                        "Parallel Aware": true,
                                                        "Join Type": "Inner",
                                                        "Startup Cost": 68778.74,
                                                        "Total Cost": 590733.43,
                                                        "Plan Rows": 4265,
                                                        "Plan Width": 8,
                                                        "Actual Startup Time": 344.415,
                                                        "Actual Total Time": 2593.67,
                                                        "Actual Rows": 278,
                                                        "Actual Loops": 2,
                                                        "Inner Unique": true,
                                                        "Hash Cond": "(ci.person_role_id = chn.id)",
                                                        "Plans": [
                                                          {
                                                            "Node Type": "Seq Scan",
                                                            "Parent Relationship": "Outer",
                                                            "Parallel Aware": true,
                                                            "Relation Name": "cast_info",
                                                            "Alias": "ci",
                                                            "Startup Cost": 0.0,
                                                            "Total Cost": 465968.32,
                                                            "Plan Rows": 21328132,
                                                            "Plan Width": 12,
                                                            "Actual Startup Time": 0.016,
                                                            "Actual Total Time": 1259.433,
                                                            "Actual Rows": 18122172,
                                                            "Actual Loops": 2
                                                          },
                                                          {
                                                            "Node Type": "Hash",
                                                            "Parent Relationship": "Inner",
                                                            "Parallel Aware": true,
                                                            "Startup Cost": 68774.12,
                                                            "Total Cost": 68774.12,
                                                            "Plan Rows": 369,
                                                            "Plan Width": 4,
                                                            "Actual Startup Time": 327.196,
                                                            "Actual Total Time": 327.198,
                                                            "Actual Rows": 15,
                                                            "Actual Loops": 2,
                                                            "Hash Buckets": 1024,
                                                            "Original Hash Buckets": 1024,
                                                            "Hash Batches": 1,
                                                            "Original Hash Batches": 1,
                                                            "Peak Memory Usage": 72,
                                                            "Plans": [
                                                              {
                                                                "Node Type": "Seq Scan",
                                                                "Parent Relationship": "Outer",
                                                                "Parallel Aware": true,
                                                                "Relation Name": "char_name",
                                                                "Alias": "chn",
                                                                "Startup Cost": 0.0,
                                                                "Total Cost": 68774.12,
                                                                "Plan Rows": 369,
                                                                "Plan Width": 4,
                                                                "Actual Startup Time": 9.342,
                                                                "Actual Total Time": 327.104,
                                                                "Actual Rows": 15,
                                                                "Actual Loops": 2,
                                                                "Filter": "((name !~~ '%Sherlock%'::text) AND ((name ~~ '%Tony%Stark%'::text) OR (name ~~ '%Iron%Man%'::text)))",
                                                                "Rows Removed by Filter": 1570154
                                                              }
                                                            ]
                                                          }
                                                        ]
                                                      }
                                                    ]
                                                  }
                                                ]
                                              },
                                              {
                                                "Node Type": "Hash",
                                                "Parent Relationship": "Inner",
                                                "Parallel Aware": false,
                                                "Startup Cost": 2081.86,
                                                "Total Cost": 2081.86,
                                                "Plan Rows": 135086,
                                                "Plan Width": 12,
                                                "Actual Startup Time": 36.457,
                                                "Actual Total Time": 36.458,
                                                "Actual Rows": 135086,
                                                "Actual Loops": 2,
                                                "Hash Buckets": 262144,
                                                "Original Hash Buckets": 262144,
                                                "Hash Batches": 1,
                                                "Original Hash Batches": 1,
                                                "Peak Memory Usage": 7853,
                                                "Plans": [
                                                  {
                                                    "Node Type": "Seq Scan",
                                                    "Parent Relationship": "Outer",
                                                    "Parallel Aware": false,
                                                    "Relation Name": "complete_cast",
                                                    "Alias": "cc",
                                                    "Startup Cost": 0.0,
                                                    "Total Cost": 2081.86,
                                                    "Plan Rows": 135086,
                                                    "Plan Width": 12,
                                                    "Actual Startup Time": 0.021,
                                                    "Actual Total Time": 15.418,
                                                    "Actual Rows": 135086,
                                                    "Actual Loops": 2
                                                  }
                                                ]
                                              }
                                            ]
                                          },
                                          {
                                            "Node Type": "Hash",
                                            "Parent Relationship": "Inner",
                                            "Parallel Aware": false,
                                            "Startup Cost": 1.05,
                                            "Total Cost": 1.05,
                                            "Plan Rows": 1,
                                            "Plan Width": 4,
                                            "Actual Startup Time": 0.008,
                                            "Actual Total Time": 0.009,
                                            "Actual Rows": 1,
                                            "Actual Loops": 2,
                                            "Hash Buckets": 1024,
                                            "Original Hash Buckets": 1024,
                                            "Hash Batches": 1,
                                            "Original Hash Batches": 1,
                                            "Peak Memory Usage": 9,
                                            "Plans": [
                                              {
                                                "Node Type": "Seq Scan",
                                                "Parent Relationship": "Outer",
                                                "Parallel Aware": false,
                                                "Relation Name": "comp_cast_type",
                                                "Alias": "cct1",
                                                "Startup Cost": 0.0,
                                                "Total Cost": 1.05,
                                                "Plan Rows": 1,
                                                "Plan Width": 4,
                                                "Actual Startup Time": 0.003,
                                                "Actual Total Time": 0.004,
                                                "Actual Rows": 1,
                                                "Actual Loops": 2,
                                                "Filter": "((kind)::text = 'cast'::text)",
                                                "Rows Removed by Filter": 3
                                              }
                                            ]
                                          }
                                        ]
                                      },
                                      {
                                        "Node Type": "Hash",
                                        "Parent Relationship": "Inner",
                                        "Parallel Aware": false,
                                        "Startup Cost": 1.05,
                                        "Total Cost": 1.05,
                                        "Plan Rows": 1,
                                        "Plan Width": 4,
                                        "Actual Startup Time": 0.02,
                                        "Actual Total Time": 0.021,
                                        "Actual Rows": 2,
                                        "Actual Loops": 2,
                                        "Hash Buckets": 1024,
                                        "Original Hash Buckets": 1024,
                                        "Hash Batches": 1,
                                        "Original Hash Batches": 1,
                                        "Peak Memory Usage": 9,
                                        "Plans": [
                                          {
                                            "Node Type": "Seq Scan",
                                            "Parent Relationship": "Outer",
                                            "Parallel Aware": false,
                                            "Relation Name": "comp_cast_type",
                                            "Alias": "cct2",
                                            "Startup Cost": 0.0,
                                            "Total Cost": 1.05,
                                            "Plan Rows": 1,
                                            "Plan Width": 4,
                                            "Actual Startup Time": 0.017,
                                            "Actual Total Time": 0.017,
                                            "Actual Rows": 2,
                                            "Actual Loops": 2,
                                            "Filter": "((kind)::text ~~ '%complete%'::text)",
                                            "Rows Removed by Filter": 2
                                          }
                                        ]
                                      }
                                    ]
                                  },
                                  {
                                    "Node Type": "Hash",
                                    "Parent Relationship": "Inner",
                                    "Parallel Aware": false,
                                    "Startup Cost": 1.09,
                                    "Total Cost": 1.09,
                                    "Plan Rows": 1,
                                    "Plan Width": 4,
                                    "Actual Startup Time": 0.021,
                                    "Actual Total Time": 0.022,
                                    "Actual Rows": 1,
                                    "Actual Loops": 2,
                                    "Hash Buckets": 1024,
                                    "Original Hash Buckets": 1024,
                                    "Hash Batches": 1,
                                    "Original Hash Batches": 1,
                                    "Peak Memory Usage": 9,
                                    "Plans": [
                                      {
                                        "Node Type": "Seq Scan",
                                        "Parent Relationship": "Outer",
                                        "Parallel Aware": false,
                                        "Relation Name": "kind_type",
                                        "Alias": "kt",
                                        "Startup Cost": 0.0,
                                        "Total Cost": 1.09,
                                        "Plan Rows": 1,
                                        "Plan Width": 4,
                                        "Actual Startup Time": 0.015,
                                        "Actual Total Time": 0.017,
                                        "Actual Rows": 1,
                                        "Actual Loops": 2,
                                        "Filter": "((kind)::text = 'movie'::text)",
                                        "Rows Removed by Filter": 6
                                      }
                                    ]
                                  }
                                ]
                              }
                            ]
                          }
                        ]
                      }
                    ]
                  }
                ]
              },
              {
                "Node Type": "Hash",
                "Parent Relationship": "Inner",
                "Parallel Aware": false,
                "Startup Cost": 3632.4,
                "Total Cost": 3632.4,
                "Plan Rows": 8,
                "Plan Width": 4,
                "Actual Startup Time": 41.974,
                "Actual Total Time": 41.976,
                "Actual Rows": 8,
                "Actual Loops": 2,
                "Hash Buckets": 1024,
                "Original Hash Buckets": 1024,
                "Hash Batches": 1,
                "Original Hash Batches": 1,
                "Peak Memory Usage": 9,
                "Plans": [
                  {
                    "Node Type": "Seq Scan",
                    "Parent Relationship": "Outer",
                    "Parallel Aware": false,
                    "Relation Name": "keyword",
                    "Alias": "k",
                    "Startup Cost": 0.0,
                    "Total Cost": 3632.4,
                    "Plan Rows": 8,
                    "Plan Width": 4,
                    "Actual Startup Time": 0.383,
                    "Actual Total Time": 41.943,
                    "Actual Rows": 8,
                    "Actual Loops": 2,
                    "Filter": "(keyword = ANY ('{superhero,sequel,second-part,marvel-comics,based-on-comic,tv-special,fight,violence}'::text[]))",
                    "Rows Removed by Filter": 134162
                  }
                ]
              }
            ]
          }
        ]
      }
    ]
  },
  "Planning Time": 2.255,
  "Triggers": [],
  "Execution Time": 3477.252
}