[
  {
    "Plan": {
      "Node Type": "Aggregate",
      "Strategy": "Plain",
      "Partial Mode": "Finalize",
      "Parallel Aware": false,
      "Startup Cost": 92247.63,
      "Total Cost": 92247.64,
      "Plan Rows": 1,
      "Plan Width": 8,
      "Actual Startup Time": 526.899,
      "Actual Total Time": 544.888,
      "Actual Rows": 1,
      "Actual Loops": 1,
      "Plans": [
        {
          "Node Type": "Gather",
          "Parent Relationship": "Outer",
          "Parallel Aware": false,
          "Startup Cost": 92247.32,
          "Total Cost": 92247.63,
          "Plan Rows": 3,
          "Plan Width": 8,
          "Actual Startup Time": 512.638,
          "Actual Total Time": 544.878,
          "Actual Rows": 4,
          "Actual Loops": 1,
          "Workers Planned": 3,
          "Workers Launched": 3,
          "Single Copy": false,
          "Plans": [
            {
              "Node Type": "Aggregate",
              "Strategy": "Plain",
              "Partial Mode": "Partial",
              "Parent Relationship": "Outer",
              "Parallel Aware": false,
              "Startup Cost": 91247.32,
              "Total Cost": 91247.33,
              "Plan Rows": 1,
              "Plan Width": 8,
              "Actual Startup Time": 494.91,
              "Actual Total Time": 494.914,
              "Actual Rows": 1,
              "Actual Loops": 4,
              "Plans": [
                {
                  "Node Type": "Hash Join",
                  "Parent Relationship": "Outer",
                  "Parallel Aware": true,
                  "Join Type": "Inner",
                  "Startup Cost": 63290.64,
                  "Total Cost": 90750.48,
                  "Plan Rows": 198733,
                  "Plan Width": 0,
                  "Actual Startup Time": 371.144,
                  "Actual Total Time": 487.542,
                  "Actual Rows": 156192,
                  "Actual Loops": 4,
                  "Inner Unique": true,
                  "Hash Cond": "(mk.movie_id = t.id)",
                  "Plans": [
                    {
                      "Node Type": "Bitmap Heap Scan",
                      "Parent Relationship": "Outer",
                      "Parallel Aware": true,
                      "Relation Name": "movie_keyword",
                      "Alias": "mk",
                      "Startup Cost": 13071.0,
                      "Total Cost": 40009.16,
                      "Plan Rows": 198733,
                      "Plan Width": 4,
                      "Actual Startup Time": 35.311,
                      "Actual Total Time": 94.007,
                      "Actual Rows": 156192,
                      "Actual Loops": 4,
                      "Recheck Cond": "(keyword_id < 483)",
                      "Rows Removed by Index Recheck": 0,
                      "Exact Heap Blocks": 7665,
                      "Lossy Heap Blocks": 0,
                      "Plans": [
                        {
                          "Node Type": "Bitmap Index Scan",
                          "Parent Relationship": "Outer",
                          "Parallel Aware": false,
                          "Index Name": "keyword_id_movie_keyword",
                          "Startup Cost": 0.0,
                          "Total Cost": 12916.98,
                          "Plan Rows": 616073,
                          "Plan Width": 0,
                          "Actual Startup Time": 31.729,
                          "Actual Total Time": 31.73,
                          "Actual Rows": 624768,
                          "Actual Loops": 1,
                          "Index Cond": "(keyword_id < 483)"
                        }
                      ]
                    },
                    {
                      "Node Type": "Hash",
                      "Parent Relationship": "Inner",
                      "Parallel Aware": true,
                      "Startup Cost": 42318.73,
                      "Total Cost": 42318.73,
                      "Plan Rows": 632073,
                      "Plan Width": 4,
                      "Actual Startup Time": 324.74,
                      "Actual Total Time": 324.741,
                      "Actual Rows": 632078,
                      "Actual Loops": 4,
                      "Hash Buckets": 4194304,
                      "Original Hash Buckets": 4194304,
                      "Hash Batches": 1,
                      "Original Hash Batches": 1,
                      "Peak Memory Usage": 131712,
                      "Plans": [
                        {
                          "Node Type": "Seq Scan",
                          "Parent Relationship": "Outer",
                          "Parallel Aware": true,
                          "Relation Name": "title",
                          "Alias": "t",
                          "Startup Cost": 0.0,
                          "Total Cost": 42318.73,
                          "Plan Rows": 632073,
                          "Plan Width": 4,
                          "Actual Startup Time": 0.035,
                          "Actual Total Time": 97.372,
                          "Actual Rows": 632078,
                          "Actual Loops": 4
                        }
                      ]
                    }
                  ]
                }
              ]
            }
          ]
        }
      ]
    },
    "Planning Time": 0.63,
    "Triggers": [],
    "Execution Time": 544.977
  }
]