[
  {
    "Plan": {
      "Node Type": "Aggregate",
      "Strategy": "Plain",
      "Partial Mode": "Finalize",
      "Parallel Aware": false,
      "Startup Cost": 33095.08,
      "Total Cost": 33095.09,
      "Plan Rows": 1,
      "Plan Width": 8,
      "Actual Startup Time": 94.583,
      "Actual Total Time": 102.279,
      "Actual Rows": 1,
      "Actual Loops": 1,
      "Plans": [
        {
          "Node Type": "Gather",
          "Parent Relationship": "Outer",
          "Parallel Aware": false,
          "Startup Cost": 33094.76,
          "Total Cost": 33095.07,
          "Plan Rows": 3,
          "Plan Width": 8,
          "Actual Startup Time": 94.424,
          "Actual Total Time": 102.27,
          "Actual Rows": 4,
          "Actual Loops": 1,
          "Workers Planned": 3,
          "Workers Launched": 3,
          "Single Copy": false,
          "Plans": [
            {
              "Node Type": "Aggregate",
              "Strategy": "Plain",
              "Partial Mode": "Partial",
              "Parent Relationship": "Outer",
              "Parallel Aware": false,
              "Startup Cost": 32094.76,
              "Total Cost": 32094.77,
              "Plan Rows": 1,
              "Plan Width": 8,
              "Actual Startup Time": 88.957,
              "Actual Total Time": 88.958,
              "Actual Rows": 1,
              "Actual Loops": 4,
              "Plans": [
                {
                  "Node Type": "Seq Scan",
                  "Parent Relationship": "Outer",
                  "Parallel Aware": true,
                  "Relation Name": "movie_companies",
                  "Alias": "mc",
                  "Startup Cost": 0.0,
                  "Total Cost": 31414.82,
                  "Plan Rows": 271978,
                  "Plan Width": 0,
                  "Actual Startup Time": 39.213,
                  "Actual Total Time": 77.242,
                  "Actual Rows": 262850,
                  "Actual Loops": 4,
                  "Filter": "((company_id > 3882) AND (company_type_id > 1))",
                  "Rows Removed by Filter": 389432
                }
              ]
            }
          ]
        }
      ]
    },
    "Planning Time": 0.217,
    "Triggers": [],
    "Execution Time": 102.343
  }
]