[
  {
    "Plan": {
      "Node Type": "Aggregate",
      "Strategy": "Plain",
      "Partial Mode": "Finalize",
      "Parallel Aware": false,
      "Startup Cost": 91997.23,
      "Total Cost": 91997.24,
      "Plan Rows": 1,
      "Plan Width": 8,
      "Actual Startup Time": 351.032,
      "Actual Total Time": 366.985,
      "Actual Rows": 1,
      "Actual Loops": 1,
      "Plans": [
        {
          "Node Type": "Gather",
          "Parent Relationship": "Outer",
          "Parallel Aware": false,
          "Startup Cost": 91996.92,
          "Total Cost": 91997.23,
          "Plan Rows": 3,
          "Plan Width": 8,
          "Actual Startup Time": 348.967,
          "Actual Total Time": 366.975,
          "Actual Rows": 4,
          "Actual Loops": 1,
          "Workers Planned": 3,
          "Workers Launched": 3,
          "Single Copy": false,
          "Plans": [
            {
              "Node Type": "Aggregate",
              "Strategy": "Plain",
              "Partial Mode": "Partial",
              "Parent Relationship": "Outer",
              "Parallel Aware": false,
              "Startup Cost": 90996.92,
              "Total Cost": 90996.93,
              "Plan Rows": 1,
              "Plan Width": 8,
              "Actual Startup Time": 341.691,
              "Actual Total Time": 341.695,
              "Actual Rows": 1,
              "Actual Loops": 4,
              "Plans": [
                {
                  "Node Type": "Hash Join",
                  "Parent Relationship": "Outer",
                  "Parallel Aware": true,
                  "Join Type": "Inner",
                  "Startup Cost": 47324.19,
                  "Total Cost": 90819.19,
                  "Plan Rows": 71090,
                  "Plan Width": 0,
                  "Actual Startup Time": 178.049,
                  "Actual Total Time": 336.25,
                  "Actual Rows": 99183,
                  "Actual Loops": 4,
                  "Inner Unique": true,
                  "Hash Cond": "(mk.movie_id = t.id)",
                  "Plans": [
                    {
                      "Node Type": "Seq Scan",
                      "Parent Relationship": "Outer",
                      "Parallel Aware": true,
                      "Relation Name": "movie_keyword",
                      "Alias": "mk",
                      "Startup Cost": 0.0,
                      "Total Cost": 42695.65,
                      "Plan Rows": 304515,
                      "Plan Width": 4,
                      "Actual Startup Time": 2.157,
                      "Actual Total Time": 114.129,
                      "Actual Rows": 235428,
                      "Actual Loops": 4,
                      "Filter": "(keyword_id > 20142)",
                      "Rows Removed by Filter": 895554
                    },
                    {
                      "Node Type": "Hash",
                      "Parent Relationship": "Inner",
                      "Parallel Aware": true,
                      "Startup Cost": 45479.59,
                      "Total Cost": 45479.59,
                      "Plan Rows": 147568,
                      "Plan Width": 4,
                      "Actual Startup Time": 172.064,
                      "Actual Total Time": 172.065,
                      "Actual Rows": 117008,
                      "Actual Loops": 4,
                      "Hash Buckets": 1048576,
                      "Original Hash Buckets": 1048576,
                      "Hash Batches": 1,
                      "Original Hash Batches": 1,
                      "Peak Memory Usage": 26560,
                      "Plans": [
                        {
                          "Node Type": "Seq Scan",
                          "Parent Relationship": "Outer",
                          "Parallel Aware": true,
                          "Relation Name": "title",
                          "Alias": "t",
                          "Startup Cost": 0.0,
                          "Total Cost": 45479.59,
                          "Plan Rows": 147568,
                          "Plan Width": 4,
                          "Actual Startup Time": 0.023,
                          "Actual Total Time": 118.683,
                          "Actual Rows": 117008,
                          "Actual Loops": 4,
                          "Filter": "((kind_id < 3) AND (production_year > 1978))",
                          "Rows Removed by Filter": 515070
                        }
                      ]
                    }
                  ]
                }
              ]
            }
          ]
        }
      ]
    },
    "Planning Time": 0.318,
    "Triggers": [],
    "Execution Time": 367.03
  }
]