[
  {
    "Plan": {
      "Node Type": "Aggregate",
      "Strategy": "Plain",
      "Partial Mode": "Finalize",
      "Parallel Aware": false,
      "Startup Cost": 91984.26,
      "Total Cost": 91984.27,
      "Plan Rows": 1,
      "Plan Width": 8,
      "Actual Startup Time": 286.32,
      "Actual Total Time": 300.742,
      "Actual Rows": 1,
      "Actual Loops": 1,
      "Plans": [
        {
          "Node Type": "Gather",
          "Parent Relationship": "Outer",
          "Parallel Aware": false,
          "Startup Cost": 91983.94,
          "Total Cost": 91984.25,
          "Plan Rows": 3,
          "Plan Width": 8,
          "Actual Startup Time": 284.593,
          "Actual Total Time": 300.734,
          "Actual Rows": 4,
          "Actual Loops": 1,
          "Workers Planned": 3,
          "Workers Launched": 3,
          "Single Copy": false,
          "Plans": [
            {
              "Node Type": "Aggregate",
              "Strategy": "Plain",
              "Partial Mode": "Partial",
              "Parent Relationship": "Outer",
              "Parallel Aware": false,
              "Startup Cost": 90983.94,
              "Total Cost": 90983.95,
              "Plan Rows": 1,
              "Plan Width": 8,
              "Actual Startup Time": 275.855,
              "Actual Total Time": 275.859,
              "Actual Rows": 1,
              "Actual Loops": 4,
              "Plans": [
                {
                  "Node Type": "Hash Join",
                  "Parent Relationship": "Outer",
                  "Parallel Aware": true,
                  "Join Type": "Inner",
                  "Startup Cost": 47316.27,
                  "Total Cost": 90807.71,
                  "Plan Rows": 70492,
                  "Plan Width": 0,
                  "Actual Startup Time": 150.855,
                  "Actual Total Time": 271.641,
                  "Actual Rows": 99183,
                  "Actual Loops": 4,
                  "Inner Unique": true,
                  "Hash Cond": "(mk.movie_id = t.id)",
                  "Plans": [
                    {
                      "Node Type": "Seq Scan",
                      "Parent Relationship": "Outer",
                      "Parallel Aware": true,
                      "Relation Name": "movie_keyword",
                      "Alias": "mk",
                      "Startup Cost": 0.0,
                      "Total Cost": 42695.65,
                      "Plan Rows": 303156,
                      "Plan Width": 4,
                      "Actual Startup Time": 1.424,
                      "Actual Total Time": 88.427,
                      "Actual Rows": 235428,
                      "Actual Loops": 4,
                      "Filter": "(keyword_id > 20142)",
                      "Rows Removed by Filter": 895554
                    },
                    {
                      "Node Type": "Hash",
                      "Parent Relationship": "Inner",
                      "Parallel Aware": true,
                      "Startup Cost": 45479.1,
                      "Total Cost": 45479.1,
                      "Plan Rows": 146974,
                      "Plan Width": 4,
                      "Actual Startup Time": 144.295,
                      "Actual Total Time": 144.296,
                      "Actual Rows": 117008,
                      "Actual Loops": 4,
                      "Hash Buckets": 1048576,
                      "Original Hash Buckets": 1048576,
                      "Hash Batches": 1,
                      "Original Hash Batches": 1,
                      "Peak Memory Usage": 26560,
                      "Plans": [
                        {
                          "Node Type": "Seq Scan",
                          "Parent Relationship": "Outer",
                          "Parallel Aware": true,
                          "Relation Name": "title",
                          "Alias": "t",
                          "Startup Cost": 0.0,
                          "Total Cost": 45479.1,
                          "Plan Rows": 146974,
                          "Plan Width": 4,
                          "Actual Startup Time": 0.042,
                          "Actual Total Time": 100.744,
                          "Actual Rows": 117008,
                          "Actual Loops": 4,
                          "Filter": "((kind_id < 3) AND (production_year > 1978))",
                          "Rows Removed by Filter": 515070
                        }
                      ]
                    }
                  ]
                }
              ]
            }
          ]
        }
      ]
    },
    "Planning Time": 0.606,
    "Triggers": [],
    "Execution Time": 300.822
  }
]