[
    {
        "Bao": {
            "Bao prediction": 679.959,
            "Bao recommended hint": "(no hint)"
        }
    },
    {
        "Plan": {
            "Node Type": "Aggregate",
            "Strategy": "Plain",
            "Partial Mode": "Simple",
            "Parallel Aware": false,
            "Startup Cost": 7489.54,
            "Total Cost": 7489.55,
            "Plan Rows": 1,
            "Plan Width": 64,
            "Actual Startup Time": 343.621,
            "Actual Total Time": 343.629,
            "Actual Rows": 1,
            "Actual Loops": 1,
            "Output": [
                "min(mi_idx.info)",
                "min(t.title)"
            ],
            "Plans": [
                {
                    "Node Type": "Nested Loop",
                    "Parent Relationship": "Outer",
                    "Parallel Aware": false,
                    "Join Type": "Inner",
                    "Startup Cost": 12.09,
                    "Total Cost": 7489.54,
                    "Plan Rows": 1,
                    "Plan Width": 22,
                    "Actual Startup Time": 25.003,
                    "Actual Total Time": 343.267,
                    "Actual Rows": 932,
                    "Actual Loops": 1,
                    "Output": [
                        "mi_idx.info",
                        "t.title"
                    ],
                    "Inner Unique": false,
                    "Join Filter": "(mi.info_type_id = it1.id)",
                    "Rows Removed by Join Filter": 1163,
                    "Plans": [
                        {
                            "Node Type": "Seq Scan",
                            "Parent Relationship": "Outer",
                            "Parallel Aware": false,
                            "Relation Name": "info_type",
                            "Schema": "public",
                            "Alias": "it1",
                            "Startup Cost": 0.0,
                            "Total Cost": 2.41,
                            "Plan Rows": 1,
                            "Plan Width": 4,
                            "Actual Startup Time": 0.032,
                            "Actual Total Time": 0.041,
                            "Actual Rows": 1,
                            "Actual Loops": 1,
                            "Output": [
                                "it1.id",
                                "it1.info"
                            ],
                            "Filter": "((it1.info)::text = 'countries'::text)",
                            "Rows Removed by Filter": 112
                        },
                        {
                            "Node Type": "Nested Loop",
                            "Parent Relationship": "Inner",
                            "Parallel Aware": false,
                            "Join Type": "Inner",
                            "Startup Cost": 12.09,
                            "Total Cost": 7487.1,
                            "Plan Rows": 2,
                            "Plan Width": 26,
                            "Actual Startup Time": 23.976,
                            "Actual Total Time": 342.834,
                            "Actual Rows": 2095,
                            "Actual Loops": 1,
                            "Output": [
                                "mi_idx.info",
                                "mi.info_type_id",
                                "t.title"
                            ],
                            "Inner Unique": false,
                            "Join Filter": "(t.id = mi.movie_id)",
                            "Rows Removed by Join Filter": 0,
                            "Plans": [
                                {
                                    "Node Type": "Nested Loop",
                                    "Parent Relationship": "Outer",
                                    "Parallel Aware": false,
                                    "Join Type": "Inner",
                                    "Startup Cost": 11.65,
                                    "Total Cost": 7485.19,
                                    "Plan Rows": 1,
                                    "Plan Width": 34,
                                    "Actual Startup Time": 13.71,
                                    "Actual Total Time": 187.339,
                                    "Actual Rows": 1427,
                                    "Actual Loops": 1,
                                    "Output": [
                                        "mi_idx.info",
                                        "mi_idx.movie_id",
                                        "mk.movie_id",
                                        "t.title",
                                        "t.id"
                                    ],
                                    "Inner Unique": false,
                                    "Join Filter": "(mi_idx.info_type_id = it2.id)",
                                    "Rows Removed by Join Filter": 3002,
                                    "Plans": [
                                        {
                                            "Node Type": "Seq Scan",
                                            "Parent Relationship": "Outer",
                                            "Parallel Aware": false,
                                            "Relation Name": "info_type",
                                            "Schema": "public",
                                            "Alias": "it2",
                                            "Startup Cost": 0.0,
                                            "Total Cost": 2.41,
                                            "Plan Rows": 1,
                                            "Plan Width": 4,
                                            "Actual Startup Time": 0.031,
                                            "Actual Total Time": 0.036,
                                            "Actual Rows": 1,
                                            "Actual Loops": 1,
                                            "Output": [
                                                "it2.id",
                                                "it2.info"
                                            ],
                                            "Filter": "((it2.info)::text = 'rating'::text)",
                                            "Rows Removed by Filter": 112
                                        },
                                        {
                                            "Node Type": "Nested Loop",
                                            "Parent Relationship": "Inner",
                                            "Parallel Aware": false,
                                            "Join Type": "Inner",
                                            "Startup Cost": 11.65,
                                            "Total Cost": 7482.24,
                                            "Plan Rows": 43,
                                            "Plan Width": 38,
                                            "Actual Startup Time": 13.671,
                                            "Actual Total Time": 186.585,
                                            "Actual Rows": 4429,
                                            "Actual Loops": 1,
                                            "Output": [
                                                "mk.movie_id",
                                                "mi_idx.info",
                                                "mi_idx.movie_id",
                                                "mi_idx.info_type_id",
                                                "t.title",
                                                "t.id"
                                            ],
                                            "Inner Unique": false,
                                            "Join Filter": "(t.id = mi_idx.movie_id)",
                                            "Rows Removed by Join Filter": 0,
                                            "Plans": [
                                                {
                                                    "Node Type": "Nested Loop",
                                                    "Parent Relationship": "Outer",
                                                    "Parallel Aware": false,
                                                    "Join Type": "Inner",
                                                    "Startup Cost": 11.23,
                                                    "Total Cost": 7474.18,
                                                    "Plan Rows": 15,
                                                    "Plan Width": 25,
                                                    "Actual Startup Time": 13.54,
                                                    "Actual Total Time": 159.948,
                                                    "Actual Rows": 2180,
                                                    "Actual Loops": 1,
                                                    "Output": [
                                                        "mk.movie_id",
                                                        "t.title",
                                                        "t.id"
                                                    ],
                                                    "Inner Unique": true,
                                                    "Join Filter": "(t.kind_id = kt.id)",
                                                    "Rows Removed by Join Filter": 1440,
                                                    "Plans": [
                                                        {
                                                            "Node Type": "Nested Loop",
                                                            "Parent Relationship": "Outer",
                                                            "Parallel Aware": false,
                                                            "Join Type": "Inner",
                                                            "Startup Cost": 11.23,
                                                            "Total Cost": 7471.55,
                                                            "Plan Rows": 54,
                                                            "Plan Width": 29,
                                                            "Actual Startup Time": 2.286,
                                                            "Actual Total Time": 158.26,
                                                            "Actual Rows": 2823,
                                                            "Actual Loops": 1,
                                                            "Output": [
                                                                "mk.movie_id",
                                                                "t.title",
                                                                "t.kind_id",
                                                                "t.id"
                                                            ],
                                                            "Inner Unique": true,
                                                            "Plans": [
                                                                {
                                                                    "Node Type": "Nested Loop",
                                                                    "Parent Relationship": "Outer",
                                                                    "Parallel Aware": false,
                                                                    "Join Type": "Inner",
                                                                    "Startup Cost": 10.8,
                                                                    "Total Cost": 7405.43,
                                                                    "Plan Rows": 135,
                                                                    "Plan Width": 4,
                                                                    "Actual Startup Time": 2.055,
                                                                    "Actual Total Time": 71.249,
                                                                    "Actual Rows": 11560,
                                                                    "Actual Loops": 1,
                                                                    "Output": [
                                                                        "mk.movie_id"
                                                                    ],
                                                                    "Inner Unique": false,
                                                                    "Plans": [
                                                                        {
                                                                            "Node Type": "Seq Scan",
                                                                            "Parent Relationship": "Outer",
                                                                            "Parallel Aware": false,
                                                                            "Relation Name": "keyword",
                                                                            "Schema": "public",
                                                                            "Alias": "k",
                                                                            "Startup Cost": 0.0,
                                                                            "Total Cost": 2961.55,
                                                                            "Plan Rows": 4,
                                                                            "Plan Width": 4,
                                                                            "Actual Startup Time": 0.249,
                                                                            "Actual Total Time": 23.211,
                                                                            "Actual Rows": 3,
                                                                            "Actual Loops": 1,
                                                                            "Output": [
                                                                                "k.id",
                                                                                "k.keyword",
                                                                                "k.phonetic_code"
                                                                            ],
                                                                            "Filter": "((k.keyword IS NOT NULL) AND (k.keyword = ANY ('{based-on-comic,based-on-comic,violence,playing-footsie}'::text[])))",
                                                                            "Rows Removed by Filter": 134167
                                                                        },
                                                                        {
                                                                            "Node Type": "Bitmap Heap Scan",
                                                                            "Parent Relationship": "Inner",
                                                                            "Parallel Aware": false,
                                                                            "Relation Name": "movie_keyword",
                                                                            "Schema": "public",
                                                                            "Alias": "mk",
                                                                            "Startup Cost": 10.8,
                                                                            "Total Cost": 1107.92,
                                                                            "Plan Rows": 305,
                                                                            "Plan Width": 8,
                                                                            "Actual Startup Time": 1.91,
                                                                            "Actual Total Time": 15.166,
                                                                            "Actual Rows": 3853,
                                                                            "Actual Loops": 3,
                                                                            "Output": [
                                                                                "mk.id",
                                                                                "mk.movie_id",
                                                                                "mk.keyword_id"
                                                                            ],
                                                                            "Recheck Cond": "(mk.keyword_id = k.id)",
                                                                            "Rows Removed by Index Recheck": 0,
                                                                            "Exact Heap Blocks": 8903,
                                                                            "Lossy Heap Blocks": 0,
                                                                            "Plans": [
                                                                                {
                                                                                    "Node Type": "Bitmap Index Scan",
                                                                                    "Parent Relationship": "Outer",
                                                                                    "Parallel Aware": false,
                                                                                    "Index Name": "keyword_id_movie_keyword",
                                                                                    "Startup Cost": 0.0,
                                                                                    "Total Cost": 10.72,
                                                                                    "Plan Rows": 305,
                                                                                    "Plan Width": 0,
                                                                                    "Actual Startup Time": 1.241,
                                                                                    "Actual Total Time": 1.241,
                                                                                    "Actual Rows": 3853,
                                                                                    "Actual Loops": 3,
                                                                                    "Index Cond": "(mk.keyword_id = k.id)"
                                                                                }
                                                                            ]
                                                                        }
                                                                    ]
                                                                },
                                                                {
                                                                    "Node Type": "Index Scan",
                                                                    "Parent Relationship": "Inner",
                                                                    "Parallel Aware": false,
                                                                    "Scan Direction": "Forward",
                                                                    "Index Name": "title_pkey",
                                                                    "Relation Name": "title",
                                                                    "Schema": "public",
                                                                    "Alias": "t",
                                                                    "Startup Cost": 0.43,
                                                                    "Total Cost": 0.49,
                                                                    "Plan Rows": 1,
                                                                    "Plan Width": 25,
                                                                    "Actual Startup Time": 0.007,
                                                                    "Actual Total Time": 0.007,
                                                                    "Actual Rows": 0,
                                                                    "Actual Loops": 11560,
                                                                    "Output": [
                                                                        "t.id",
                                                                        "t.title",
                                                                        "t.imdb_index",
                                                                        "t.kind_id",
                                                                        "t.production_year",
                                                                        "t.imdb_id",
                                                                        "t.phonetic_code",
                                                                        "t.episode_of_id",
                                                                        "t.season_nr",
                                                                        "t.episode_nr",
                                                                        "t.series_years",
                                                                        "t.md5sum"
                                                                    ],
                                                                    "Index Cond": "(t.id = mk.movie_id)",
                                                                    "Rows Removed by Index Recheck": 0,
                                                                    "Filter": "(t.production_year > 2005)",
                                                                    "Rows Removed by Filter": 1
                                                                }
                                                            ]
                                                        },
                                                        {
                                                            "Node Type": "Materialize",
                                                            "Parent Relationship": "Inner",
                                                            "Parallel Aware": false,
                                                            "Startup Cost": 0.0,
                                                            "Total Cost": 1.1,
                                                            "Plan Rows": 2,
                                                            "Plan Width": 4,
                                                            "Actual Startup Time": 0.0,
                                                            "Actual Total Time": 0.0,
                                                            "Actual Rows": 1,
                                                            "Actual Loops": 2823,
                                                            "Output": [
                                                                "kt.id"
                                                            ],
                                                            "Plans": [
                                                                {
                                                                    "Node Type": "Seq Scan",
                                                                    "Parent Relationship": "Outer",
                                                                    "Parallel Aware": false,
                                                                    "Relation Name": "kind_type",
                                                                    "Schema": "public",
                                                                    "Alias": "kt",
                                                                    "Startup Cost": 0.0,
                                                                    "Total Cost": 1.09,
                                                                    "Plan Rows": 2,
                                                                    "Plan Width": 4,
                                                                    "Actual Startup Time": 0.017,
                                                                    "Actual Total Time": 0.022,
                                                                    "Actual Rows": 2,
                                                                    "Actual Loops": 1,
                                                                    "Output": [
                                                                        "kt.id"
                                                                    ],
                                                                    "Filter": "((kt.kind)::text = ANY ('{movie,episode}'::text[]))",
                                                                    "Rows Removed by Filter": 5
                                                                }
                                                            ]
                                                        }
                                                    ]
                                                },
                                                {
                                                    "Node Type": "Index Scan",
                                                    "Parent Relationship": "Inner",
                                                    "Parallel Aware": false,
                                                    "Scan Direction": "Forward",
                                                    "Index Name": "movie_id_movie_info_idx",
                                                    "Relation Name": "movie_info_idx",
                                                    "Schema": "public",
                                                    "Alias": "mi_idx",
                                                    "Startup Cost": 0.43,
                                                    "Total Cost": 0.5,
                                                    "Plan Rows": 3,
                                                    "Plan Width": 13,
                                                    "Actual Startup Time": 0.011,
                                                    "Actual Total Time": 0.011,
                                                    "Actual Rows": 2,
                                                    "Actual Loops": 2180,
                                                    "Output": [
                                                        "mi_idx.id",
                                                        "mi_idx.movie_id",
                                                        "mi_idx.info_type_id",
                                                        "mi_idx.info",
                                                        "mi_idx.note"
                                                    ],
                                                    "Index Cond": "(mi_idx.movie_id = mk.movie_id)",
                                                    "Rows Removed by Index Recheck": 0,
                                                    "Filter": "(mi_idx.info < '7.6'::text)",
                                                    "Rows Removed by Filter": 0
                                                }
                                            ]
                                        }
                                    ]
                                },
                                {
                                    "Node Type": "Index Scan",
                                    "Parent Relationship": "Inner",
                                    "Parallel Aware": false,
                                    "Scan Direction": "Forward",
                                    "Index Name": "movie_id_movie_info",
                                    "Relation Name": "movie_info",
                                    "Schema": "public",
                                    "Alias": "mi",
                                    "Startup Cost": 0.43,
                                    "Total Cost": 1.86,
                                    "Plan Rows": 4,
                                    "Plan Width": 8,
                                    "Actual Startup Time": 0.036,
                                    "Actual Total Time": 0.108,
                                    "Actual Rows": 1,
                                    "Actual Loops": 1427,
                                    "Output": [
                                        "mi.id",
                                        "mi.movie_id",
                                        "mi.info_type_id",
                                        "mi.info",
                                        "mi.note"
                                    ],
                                    "Index Cond": "(mi.movie_id = mk.movie_id)",
                                    "Rows Removed by Index Recheck": 0,
                                    "Filter": "(mi.info = ANY ('{Germany,Denmark,Sweden,America,Norwegian,German,Bulgaria,Denish,English,USA}'::text[]))",
                                    "Rows Removed by Filter": 76
                                }
                            ]
                        }
                    ]
                }
            ]
        },
        "Planning Time": 1193.876,
        "Triggers": [],
        "Execution Time": 344.632
    }
]