[
  {
    "Plan": {
      "Node Type": "Aggregate",
      "Strategy": "Plain",
      "Partial Mode": "Finalize",
      "Parallel Aware": false,
      "Startup Cost": 44502.75,
      "Total Cost": 44502.76,
      "Plan Rows": 1,
      "Plan Width": 8,
      "Actual Startup Time": 135.134,
      "Actual Total Time": 144.207,
      "Actual Rows": 1,
      "Actual Loops": 1,
      "Plans": [
        {
          "Node Type": "Gather",
          "Parent Relationship": "Outer",
          "Parallel Aware": false,
          "Startup Cost": 44502.43,
          "Total Cost": 44502.74,
          "Plan Rows": 3,
          "Plan Width": 8,
          "Actual Startup Time": 134.926,
          "Actual Total Time": 144.199,
          "Actual Rows": 4,
          "Actual Loops": 1,
          "Workers Planned": 3,
          "Workers Launched": 3,
          "Single Copy": false,
          "Plans": [
            {
              "Node Type": "Aggregate",
              "Strategy": "Plain",
              "Partial Mode": "Partial",
              "Parent Relationship": "Outer",
              "Parallel Aware": false,
              "Startup Cost": 43502.43,
              "Total Cost": 43502.44,
              "Plan Rows": 1,
              "Plan Width": 8,
              "Actual Startup Time": 126.594,
              "Actual Total Time": 126.595,
              "Actual Rows": 1,
              "Actual Loops": 4,
              "Plans": [
                {
                  "Node Type": "Seq Scan",
                  "Parent Relationship": "Outer",
                  "Parallel Aware": true,
                  "Relation Name": "movie_keyword",
                  "Alias": "mk",
                  "Startup Cost": 0.0,
                  "Total Cost": 42695.65,
                  "Plan Rows": 322710,
                  "Plan Width": 0,
                  "Actual Startup Time": 3.756,
                  "Actual Total Time": 112.758,
                  "Actual Rows": 249822,
                  "Actual Loops": 4,
                  "Filter": "(keyword_id > 18573)",
                  "Rows Removed by Filter": 881161
                }
              ]
            }
          ]
        }
      ]
    },
    "Planning Time": 0.183,
    "Triggers": [],
    "Execution Time": 144.26
  }
]