{
  "Plan": {
    "Node Type": "Aggregate",
    "Strategy": "Plain",
    "Partial Mode": "Finalize",
    "Parallel Aware": false,
    "Startup Cost": 102919.99,
    "Total Cost": 102920.0,
    "Plan Rows": 1,
    "Plan Width": 8,
    "Actual Startup Time": 550.912,
    "Actual Total Time": 570.364,
    "Actual Rows": 1,
    "Actual Loops": 1,
    "Plans": [
      {
        "Node Type": "Gather",
        "Parent Relationship": "Outer",
        "Parallel Aware": false,
        "Startup Cost": 102919.88,
        "Total Cost": 102919.99,
        "Plan Rows": 1,
        "Plan Width": 8,
        "Actual Startup Time": 547.015,
        "Actual Total Time": 570.355,
        "Actual Rows": 2,
        "Actual Loops": 1,
        "Workers Planned": 1,
        "Workers Launched": 1,
        "Single Copy": false,
        "Plans": [
          {
            "Node Type": "Aggregate",
            "Strategy": "Plain",
            "Partial Mode": "Partial",
            "Parent Relationship": "Outer",
            "Parallel Aware": false,
            "Startup Cost": 101919.88,
            "Total Cost": 101919.89,
            "Plan Rows": 1,
            "Plan Width": 8,
            "Actual Startup Time": 539.921,
            "Actual Total Time": 539.925,
            "Actual Rows": 1,
            "Actual Loops": 2,
            "Plans": [
              {
                "Node Type": "Hash Join",
                "Parent Relationship": "Outer",
                "Parallel Aware": true,
                "Join Type": "Inner",
                "Startup Cost": 74176.51,
                "Total Cost": 101590.17,
                "Plan Rows": 131885,
                "Plan Width": 0,
                "Actual Startup Time": 422.479,
                "Actual Total Time": 535.608,
                "Actual Rows": 96056,
                "Actual Loops": 2,
                "Inner Unique": true,
                "Hash Cond": "(mk.movie_id = t.id)",
                "Plans": [
                  {
                    "Node Type": "Bitmap Heap Scan",
                    "Parent Relationship": "Outer",
                    "Parallel Aware": true,
                    "Relation Name": "movie_keyword",
                    "Alias": "mk",
                    "Startup Cost": 7058.52,
                    "Total Cost": 33958.52,
                    "Plan Rows": 195680,
                    "Plan Width": 4,
                    "Actual Startup Time": 21.11,
                    "Actual Total Time": 81.642,
                    "Actual Rows": 174028,
                    "Actual Loops": 2,
                    "Recheck Cond": "(keyword_id < 303)",
                    "Rows Removed by Index Recheck": 0,
                    "Exact Heap Blocks": 14095,
                    "Lossy Heap Blocks": 0,
                    "Plans": [
                      {
                        "Node Type": "Bitmap Index Scan",
                        "Parent Relationship": "Outer",
                        "Parallel Aware": false,
                        "Index Name": "keyword_id_movie_keyword",
                        "Startup Cost": 0.0,
                        "Total Cost": 6975.35,
                        "Plan Rows": 332656,
                        "Plan Width": 0,
                        "Actual Startup Time": 17.597,
                        "Actual Total Time": 17.598,
                        "Actual Rows": 348056,
                        "Actual Loops": 1,
                        "Index Cond": "(keyword_id < 303)"
                      }
                    ]
                  },
                  {
                    "Node Type": "Hash",
                    "Parent Relationship": "Inner",
                    "Parallel Aware": true,
                    "Startup Cost": 54588.39,
                    "Total Cost": 54588.39,
                    "Plan Rows": 1002368,
                    "Plan Width": 4,
                    "Actual Startup Time": 387.218,
                    "Actual Total Time": 387.218,
                    "Actual Rows": 850158,
                    "Actual Loops": 2,
                    "Hash Buckets": 2097152,
                    "Original Hash Buckets": 2097152,
                    "Hash Batches": 1,
                    "Original Hash Batches": 1,
                    "Peak Memory Usage": 82944,
                    "Plans": [
                      {
                        "Node Type": "Seq Scan",
                        "Parent Relationship": "Outer",
                        "Parallel Aware": true,
                        "Relation Name": "title",
                        "Alias": "t",
                        "Startup Cost": 0.0,
                        "Total Cost": 54588.39,
                        "Plan Rows": 1002368,
                        "Plan Width": 4,
                        "Actual Startup Time": 0.037,
                        "Actual Total Time": 171.225,
                        "Actual Rows": 850158,
                        "Actual Loops": 2,
                        "Filter": "(production_year > 1992)",
                        "Rows Removed by Filter": 413998
                      }
                    ]
                  }
                ]
              }
            ]
          }
        ]
      }
    ]
  },
  "Planning Time": 0.711,
  "Triggers": [],
  "Execution Time": 570.456
}