{
    "Plan": {
        "Node Type": "Aggregate",
        "Strategy": "Plain",
        "Partial Mode": "Simple",
        "Parallel Aware": false,
        "Startup Cost": 40001134498.2,
        "Total Cost": 40001134498.21,
        "Plan Rows": 1,
        "Plan Width": 96,
        "Actual Startup Time": 1165.45,
        "Actual Total Time": 1165.465,
        "Actual Rows": 1,
        "Actual Loops": 1,
        "Output": [
            "min(cn.name)",
            "min((lt.link)::text)",
            "min(t.title)"
        ],
        "Plans": [
            {
                "Node Type": "Nested Loop",
                "Parent Relationship": "Outer",
                "Parallel Aware": false,
                "Join Type": "Inner",
                "Startup Cost": 40001112540.03,
                "Total Cost": 40001134498.19,
                "Plan Rows": 1,
                "Plan Width": 48,
                "Actual Startup Time": 1165.444,
                "Actual Total Time": 1165.459,
                "Actual Rows": 0,
                "Actual Loops": 1,
                "Output": [
                    "cn.name",
                    "lt.link",
                    "t.title"
                ],
                "Inner Unique": true,
                "Plans": [
                    {
                        "Node Type": "Hash Join",
                        "Parent Relationship": "Outer",
                        "Parallel Aware": false,
                        "Join Type": "Inner",
                        "Startup Cost": 30001112539.9,
                        "Total Cost": 30001134490.03,
                        "Plan Rows": 1,
                        "Plan Width": 52,
                        "Actual Startup Time": 1165.443,
                        "Actual Total Time": 1165.456,
                        "Actual Rows": 0,
                        "Actual Loops": 1,
                        "Output": [
                            "cn.name",
                            "mc.company_type_id",
                            "lt.link",
                            "t.title"
                        ],
                        "Inner Unique": false,
                        "Hash Cond": "(ml.link_type_id = lt.id)",
                        "Plans": [
                            {
                                "Node Type": "Nested Loop",
                                "Parent Relationship": "Outer",
                                "Parallel Aware": false,
                                "Join Type": "Inner",
                                "Startup Cost": 20001112538.66,
                                "Total Cost": 20001134488.76,
                                "Plan Rows": 4,
                                "Plan Width": 44,
                                "Actual Startup Time": 1165.388,
                                "Actual Total Time": 1165.399,
                                "Actual Rows": 0,
                                "Actual Loops": 1,
                                "Output": [
                                    "cn.name",
                                    "mc.company_type_id",
                                    "ml.link_type_id",
                                    "t.title"
                                ],
                                "Inner Unique": true,
                                "Join Filter": "(mk.keyword_id = k.id)",
                                "Rows Removed by Join Filter": 4477,
                                "Plans": [
                                    {
                                        "Node Type": "Merge Join",
                                        "Parent Relationship": "Outer",
                                        "Parallel Aware": false,
                                        "Join Type": "Inner",
                                        "Startup Cost": 20001112538.24,
                                        "Total Cost": 20001121596.56,
                                        "Plan Rows": 503285,
                                        "Plan Width": 48,
                                        "Actual Startup Time": 1111.276,
                                        "Actual Total Time": 1125.855,
                                        "Actual Rows": 4477,
                                        "Actual Loops": 1,
                                        "Output": [
                                            "cn.name",
                                            "mc.company_type_id",
                                            "mk.keyword_id",
                                            "ml.link_type_id",
                                            "t.title"
                                        ],
                                        "Inner Unique": false,
                                        "Merge Cond": "(ml.movie_id = mk.movie_id)",
                                        "Plans": [
                                            {
                                                "Node Type": "Sort",
                                                "Parent Relationship": "Outer",
                                                "Parallel Aware": false,
                                                "Startup Cost": 20001112537.64,
                                                "Total Cost": 20001112565.31,
                                                "Plan Rows": 11069,
                                                "Plan Width": 60,
                                                "Actual Startup Time": 1111.244,
                                                "Actual Total Time": 1111.289,
                                                "Actual Rows": 542,
                                                "Actual Loops": 1,
                                                "Output": [
                                                    "cn.name",
                                                    "mc.movie_id",
                                                    "mc.company_type_id",
                                                    "mi.movie_id",
                                                    "ml.link_type_id",
                                                    "ml.movie_id",
                                                    "t.title",
                                                    "t.id"
                                                ],
                                                "Sort Key": [
                                                    "mc.movie_id"
                                                ],
                                                "Sort Method": "quicksort",
                                                "Sort Space Used": 100,
                                                "Sort Space Type": "Memory",
                                                "Plans": [
                                                    {
                                                        "Node Type": "Nested Loop",
                                                        "Parent Relationship": "Outer",
                                                        "Parallel Aware": false,
                                                        "Join Type": "Inner",
                                                        "Startup Cost": 20000280386.9,
                                                        "Total Cost": 20001111794.12,
                                                        "Plan Rows": 11069,
                                                        "Plan Width": 60,
                                                        "Actual Startup Time": 919.086,
                                                        "Actual Total Time": 1111.075,
                                                        "Actual Rows": 542,
                                                        "Actual Loops": 1,
                                                        "Output": [
                                                            "cn.name",
                                                            "mc.movie_id",
                                                            "mc.company_type_id",
                                                            "mi.movie_id",
                                                            "ml.link_type_id",
                                                            "ml.movie_id",
                                                            "t.title",
                                                            "t.id"
                                                        ],
                                                        "Inner Unique": true,
                                                        "Plans": [
                                                            {
                                                                "Node Type": "Hash Join",
                                                                "Parent Relationship": "Outer",
                                                                "Parallel Aware": false,
                                                                "Join Type": "Inner",
                                                                "Startup Cost": 20000280386.48,
                                                                "Total Cost": 20001088349.12,
                                                                "Plan Rows": 51273,
                                                                "Plan Width": 45,
                                                                "Actual Startup Time": 814.192,
                                                                "Actual Total Time": 1102.631,
                                                                "Actual Rows": 5651,
                                                                "Actual Loops": 1,
                                                                "Output": [
                                                                    "mc.movie_id",
                                                                    "mc.company_type_id",
                                                                    "mc.company_id",
                                                                    "mi.movie_id",
                                                                    "ml.link_type_id",
                                                                    "ml.movie_id",
                                                                    "t.title",
                                                                    "t.id"
                                                                ],
                                                                "Inner Unique": false,
                                                                "Hash Cond": "(mc.movie_id = ml.movie_id)",
                                                                "Plans": [
                                                                    {
                                                                        "Node Type": "Seq Scan",
                                                                        "Parent Relationship": "Outer",
                                                                        "Parallel Aware": false,
                                                                        "Relation Name": "movie_companies",
                                                                        "Schema": "public",
                                                                        "Alias": "mc",
                                                                        "Startup Cost": 10000000000.0,
                                                                        "Total Cost": 10000044881.29,
                                                                        "Plan Rows": 1265428,
                                                                        "Plan Width": 12,
                                                                        "Actual Startup Time": 0.038,
                                                                        "Actual Total Time": 219.179,
                                                                        "Actual Rows": 1271989,
                                                                        "Actual Loops": 1,
                                                                        "Output": [
                                                                            "mc.id",
                                                                            "mc.movie_id",
                                                                            "mc.company_id",
                                                                            "mc.company_type_id",
                                                                            "mc.note"
                                                                        ],
                                                                        "Filter": "(mc.note IS NULL)",
                                                                        "Rows Removed by Filter": 1337140
                                                                    },
                                                                    {
                                                                        "Node Type": "Hash",
                                                                        "Parent Relationship": "Inner",
                                                                        "Parallel Aware": false,
                                                                        "Startup Cost": 10000280070.44,
                                                                        "Total Cost": 10000280070.44,
                                                                        "Plan Rows": 25283,
                                                                        "Plan Width": 33,
                                                                        "Actual Startup Time": 813.457,
                                                                        "Actual Total Time": 813.464,
                                                                        "Actual Rows": 3429,
                                                                        "Actual Loops": 1,
                                                                        "Output": [
                                                                            "mi.movie_id",
                                                                            "ml.link_type_id",
                                                                            "ml.movie_id",
                                                                            "t.title",
                                                                            "t.id"
                                                                        ],
                                                                        "Hash Buckets": 32768,
                                                                        "Original Hash Buckets": 32768,
                                                                        "Hash Batches": 1,
                                                                        "Original Hash Batches": 1,
                                                                        "Peak Memory Usage": 492,
                                                                        "Plans": [
                                                                            {
                                                                                "Node Type": "Nested Loop",
                                                                                "Parent Relationship": "Outer",
                                                                                "Parallel Aware": false,
                                                                                "Join Type": "Inner",
                                                                                "Startup Cost": 10000196632.21,
                                                                                "Total Cost": 10000280070.44,
                                                                                "Plan Rows": 25283,
                                                                                "Plan Width": 33,
                                                                                "Actual Startup Time": 639.932,
                                                                                "Actual Total Time": 811.974,
                                                                                "Actual Rows": 3429,
                                                                                "Actual Loops": 1,
                                                                                "Output": [
                                                                                    "mi.movie_id",
                                                                                    "ml.link_type_id",
                                                                                    "ml.movie_id",
                                                                                    "t.title",
                                                                                    "t.id"
                                                                                ],
                                                                                "Inner Unique": false,
                                                                                "Join Filter": "(ml.movie_id = mi.movie_id)",
                                                                                "Rows Removed by Join Filter": 0,
                                                                                "Plans": [
                                                                                    {
                                                                                        "Node Type": "Merge Join",
                                                                                        "Parent Relationship": "Outer",
                                                                                        "Parallel Aware": false,
                                                                                        "Join Type": "Inner",
                                                                                        "Startup Cost": 196631.3,
                                                                                        "Total Cost": 197358.45,
                                                                                        "Plan Rows": 14111,
                                                                                        "Plan Width": 29,
                                                                                        "Actual Startup Time": 639.843,
                                                                                        "Actual Total Time": 680.95,
                                                                                        "Actual Rows": 13380,
                                                                                        "Actual Loops": 1,
                                                                                        "Output": [
                                                                                            "ml.link_type_id",
                                                                                            "ml.movie_id",
                                                                                            "t.title",
                                                                                            "t.id"
                                                                                        ],
                                                                                        "Inner Unique": false,
                                                                                        "Merge Cond": "(ml.movie_id = t.id)",
                                                                                        "Plans": [
                                                                                            {
                                                                                                "Node Type": "Sort",
                                                                                                "Parent Relationship": "Outer",
                                                                                                "Parallel Aware": false,
                                                                                                "Startup Cost": 2693.63,
                                                                                                "Total Cost": 2768.62,
                                                                                                "Plan Rows": 29997,
                                                                                                "Plan Width": 8,
                                                                                                "Actual Startup Time": 16.976,
                                                                                                "Actual Total Time": 19.575,
                                                                                                "Actual Rows": 29997,
                                                                                                "Actual Loops": 1,
                                                                                                "Output": [
                                                                                                    "ml.link_type_id",
                                                                                                    "ml.movie_id"
                                                                                                ],
                                                                                                "Sort Key": [
                                                                                                    "ml.movie_id"
                                                                                                ],
                                                                                                "Sort Method": "quicksort",
                                                                                                "Sort Space Used": 2175,
                                                                                                "Sort Space Type": "Memory",
                                                                                                "Plans": [
                                                                                                    {
                                                                                                        "Node Type": "Seq Scan",
                                                                                                        "Parent Relationship": "Outer",
                                                                                                        "Parallel Aware": false,
                                                                                                        "Relation Name": "movie_link",
                                                                                                        "Schema": "public",
                                                                                                        "Alias": "ml",
                                                                                                        "Startup Cost": 0.0,
                                                                                                        "Total Cost": 462.97,
                                                                                                        "Plan Rows": 29997,
                                                                                                        "Plan Width": 8,
                                                                                                        "Actual Startup Time": 0.021,
                                                                                                        "Actual Total Time": 7.488,
                                                                                                        "Actual Rows": 29997,
                                                                                                        "Actual Loops": 1,
                                                                                                        "Output": [
                                                                                                            "ml.link_type_id",
                                                                                                            "ml.movie_id"
                                                                                                        ]
                                                                                                    }
                                                                                                ]
                                                                                            },
                                                                                            {
                                                                                                "Node Type": "Sort",
                                                                                                "Parent Relationship": "Inner",
                                                                                                "Parallel Aware": false,
                                                                                                "Startup Cost": 193937.63,
                                                                                                "Total Cost": 196910.98,
                                                                                                "Plan Rows": 1189341,
                                                                                                "Plan Width": 21,
                                                                                                "Actual Startup Time": 622.853,
                                                                                                "Actual Total Time": 643.925,
                                                                                                "Actual Rows": 110898,
                                                                                                "Actual Loops": 1,
                                                                                                "Output": [
                                                                                                    "t.title",
                                                                                                    "t.id"
                                                                                                ],
                                                                                                "Sort Key": [
                                                                                                    "t.id"
                                                                                                ],
                                                                                                "Sort Method": "quicksort",
                                                                                                "Sort Space Used": 131766,
                                                                                                "Sort Space Type": "Memory",
                                                                                                "Plans": [
                                                                                                    {
                                                                                                        "Node Type": "Seq Scan",
                                                                                                        "Parent Relationship": "Outer",
                                                                                                        "Parallel Aware": false,
                                                                                                        "Relation Name": "title",
                                                                                                        "Schema": "public",
                                                                                                        "Alias": "t",
                                                                                                        "Startup Cost": 0.0,
                                                                                                        "Total Cost": 73922.83,
                                                                                                        "Plan Rows": 1189341,
                                                                                                        "Plan Width": 21,
                                                                                                        "Actual Startup Time": 0.014,
                                                                                                        "Actual Total Time": 310.121,
                                                                                                        "Actual Rows": 1189003,
                                                                                                        "Actual Loops": 1,
                                                                                                        "Output": [
                                                                                                            "t.title",
                                                                                                            "t.id"
                                                                                                        ],
                                                                                                        "Filter": "((t.production_year >= 2004) AND (t.production_year <= 2013))",
                                                                                                        "Rows Removed by Filter": 1339309
                                                                                                    }
                                                                                                ]
                                                                                            }
                                                                                        ]
                                                                                    },
                                                                                    {
                                                                                        "Node Type": "Bitmap Heap Scan",
                                                                                        "Parent Relationship": "Inner",
                                                                                        "Parallel Aware": false,
                                                                                        "Relation Name": "movie_info",
                                                                                        "Schema": "public",
                                                                                        "Alias": "mi",
                                                                                        "Startup Cost": 0.91,
                                                                                        "Total Cost": 5.84,
                                                                                        "Plan Rows": 2,
                                                                                        "Plan Width": 4,
                                                                                        "Actual Startup Time": 0.008,
                                                                                        "Actual Total Time": 0.008,
                                                                                        "Actual Rows": 0,
                                                                                        "Actual Loops": 13380,
                                                                                        "Output": [
                                                                                            "mi.id",
                                                                                            "mi.movie_id",
                                                                                            "mi.info_type_id",
                                                                                            "mi.info",
                                                                                            "mi.note"
                                                                                        ],
                                                                                        "Recheck Cond": "(mi.movie_id = t.id)",
                                                                                        "Rows Removed by Index Recheck": 0,
                                                                                        "Filter": "(mi.info = ANY ('{Norwegian,Germany,German,American,Bulgaria,USA,Denmark,America,Norway}'::text[]))",
                                                                                        "Rows Removed by Filter": 10,
                                                                                        "Exact Heap Blocks": 70067,
                                                                                        "Lossy Heap Blocks": 0,
                                                                                        "Plans": [
                                                                                            {
                                                                                                "Node Type": "Bitmap Index Scan",
                                                                                                "Parent Relationship": "Outer",
                                                                                                "Parallel Aware": false,
                                                                                                "Index Name": "movie_id_movie_info",
                                                                                                "Startup Cost": 0.0,
                                                                                                "Total Cost": 0.91,
                                                                                                "Plan Rows": 39,
                                                                                                "Plan Width": 0,
                                                                                                "Actual Startup Time": 0.003,
                                                                                                "Actual Total Time": 0.003,
                                                                                                "Actual Rows": 10,
                                                                                                "Actual Loops": 13380,
                                                                                                "Index Cond": "(mi.movie_id = t.id)"
                                                                                            }
                                                                                        ]
                                                                                    }
                                                                                ]
                                                                            }
                                                                        ]
                                                                    }
                                                                ]
                                                            },
                                                            {
                                                                "Node Type": "Index Scan",
                                                                "Parent Relationship": "Inner",
                                                                "Parallel Aware": false,
                                                                "Scan Direction": "Forward",
                                                                "Index Name": "company_name_pkey",
                                                                "Relation Name": "company_name",
                                                                "Schema": "public",
                                                                "Alias": "cn",
                                                                "Startup Cost": 0.42,
                                                                "Total Cost": 0.46,
                                                                "Plan Rows": 1,
                                                                "Plan Width": 23,
                                                                "Actual Startup Time": 0.001,
                                                                "Actual Total Time": 0.001,
                                                                "Actual Rows": 0,
                                                                "Actual Loops": 5651,
                                                                "Output": [
                                                                    "cn.id",
                                                                    "cn.name",
                                                                    "cn.country_code",
                                                                    "cn.imdb_id",
                                                                    "cn.name_pcode_nf",
                                                                    "cn.name_pcode_sf",
                                                                    "cn.md5sum"
                                                                ],
                                                                "Index Cond": "(cn.id = mc.company_id)",
                                                                "Rows Removed by Index Recheck": 0,
                                                                "Filter": "(((cn.country_code)::text <> '[pl]'::text) AND ((cn.name ~~ '%Film%'::text) OR (cn.name ~~ '%Warner%'::text)))",
                                                                "Rows Removed by Filter": 1
                                                            }
                                                        ]
                                                    }
                                                ]
                                            },
                                            {
                                                "Node Type": "Index Scan",
                                                "Parent Relationship": "Inner",
                                                "Parallel Aware": false,
                                                "Scan Direction": "Forward",
                                                "Index Name": "movie_id_movie_keyword",
                                                "Relation Name": "movie_keyword",
                                                "Schema": "public",
                                                "Alias": "mk",
                                                "Startup Cost": 0.43,
                                                "Total Cost": 177177.46,
                                                "Plan Rows": 4523930,
                                                "Plan Width": 8,
                                                "Actual Startup Time": 0.023,
                                                "Actual Total Time": 9.266,
                                                "Actual Rows": 86029,
                                                "Actual Loops": 1,
                                                "Output": [
                                                    "mk.id",
                                                    "mk.movie_id",
                                                    "mk.keyword_id"
                                                ]
                                            }
                                        ]
                                    },
                                    {
                                        "Node Type": "Materialize",
                                        "Parent Relationship": "Inner",
                                        "Parallel Aware": false,
                                        "Startup Cost": 0.42,
                                        "Total Cost": 5342.93,
                                        "Plan Rows": 1,
                                        "Plan Width": 4,
                                        "Actual Startup Time": 0.0,
                                        "Actual Total Time": 0.009,
                                        "Actual Rows": 1,
                                        "Actual Loops": 4477,
                                        "Output": [
                                            "k.id"
                                        ],
                                        "Plans": [
                                            {
                                                "Node Type": "Index Scan",
                                                "Parent Relationship": "Outer",
                                                "Parallel Aware": false,
                                                "Scan Direction": "Forward",
                                                "Index Name": "keyword_pkey",
                                                "Relation Name": "keyword",
                                                "Schema": "public",
                                                "Alias": "k",
                                                "Startup Cost": 0.42,
                                                "Total Cost": 5342.92,
                                                "Plan Rows": 1,
                                                "Plan Width": 4,
                                                "Actual Startup Time": 0.248,
                                                "Actual Total Time": 38.698,
                                                "Actual Rows": 1,
                                                "Actual Loops": 1,
                                                "Output": [
                                                    "k.id"
                                                ],
                                                "Filter": "(k.keyword = 'sequel'::text)",
                                                "Rows Removed by Filter": 134169
                                            }
                                        ]
                                    }
                                ]
                            },
                            {
                                "Node Type": "Hash",
                                "Parent Relationship": "Inner",
                                "Parallel Aware": false,
                                "Startup Cost": 10000000001.23,
                                "Total Cost": 10000000001.23,
                                "Plan Rows": 1,
                                "Plan Width": 16,
                                "Actual Startup Time": 0.045,
                                "Actual Total Time": 0.046,
                                "Actual Rows": 2,
                                "Actual Loops": 1,
                                "Output": [
                                    "lt.link",
                                    "lt.id"
                                ],
                                "Hash Buckets": 1024,
                                "Original Hash Buckets": 1024,
                                "Hash Batches": 1,
                                "Original Hash Batches": 1,
                                "Peak Memory Usage": 9,
                                "Plans": [
                                    {
                                        "Node Type": "Seq Scan",
                                        "Parent Relationship": "Outer",
                                        "Parallel Aware": false,
                                        "Relation Name": "link_type",
                                        "Schema": "public",
                                        "Alias": "lt",
                                        "Startup Cost": 10000000000.0,
                                        "Total Cost": 10000000001.23,
                                        "Plan Rows": 1,
                                        "Plan Width": 16,
                                        "Actual Startup Time": 0.027,
                                        "Actual Total Time": 0.037,
                                        "Actual Rows": 2,
                                        "Actual Loops": 1,
                                        "Output": [
                                            "lt.link",
                                            "lt.id"
                                        ],
                                        "Filter": "((lt.link)::text ~~ '%follow%'::text)",
                                        "Rows Removed by Filter": 16
                                    }
                                ]
                            }
                        ]
                    },
                    {
                        "Node Type": "Bitmap Heap Scan",
                        "Parent Relationship": "Inner",
                        "Parallel Aware": false,
                        "Relation Name": "company_type",
                        "Schema": "public",
                        "Alias": "ct",
                        "Startup Cost": 0.14,
                        "Total Cost": 4.15,
                        "Plan Rows": 1,
                        "Plan Width": 4,
                        "Actual Startup Time": 0.0,
                        "Actual Total Time": 0.0,
                        "Actual Rows": 0,
                        "Actual Loops": 0,
                        "Output": [
                            "ct.id",
                            "ct.kind"
                        ],
                        "Recheck Cond": "(ct.id = mc.company_type_id)",
                        "Rows Removed by Index Recheck": 0,
                        "Filter": "((ct.kind)::text = 'production companies'::text)",
                        "Rows Removed by Filter": 0,
                        "Exact Heap Blocks": 0,
                        "Lossy Heap Blocks": 0,
                        "Plans": [
                            {
                                "Node Type": "Bitmap Index Scan",
                                "Parent Relationship": "Outer",
                                "Parallel Aware": false,
                                "Index Name": "company_type_pkey",
                                "Startup Cost": 0.0,
                                "Total Cost": 0.14,
                                "Plan Rows": 1,
                                "Plan Width": 0,
                                "Actual Startup Time": 0.0,
                                "Actual Total Time": 0.0,
                                "Actual Rows": 0,
                                "Actual Loops": 0,
                                "Index Cond": "(ct.id = mc.company_type_id)"
                            }
                        ]
                    }
                ]
            }
        ]
    },
    "Planning Time": 12.472,
    "Triggers": [],
    "Execution Time": 1165.712
}