{
  "Plan": {
    "Node Type": "Aggregate",
    "Strategy": "Plain",
    "Partial Mode": "Finalize",
    "Parallel Aware": false,
    "Startup Cost": 569637.3,
    "Total Cost": 569637.31,
    "Plan Rows": 1,
    "Plan Width": 8,
    "Actual Startup Time": 1725.392,
    "Actual Total Time": 1775.74,
    "Actual Rows": 1,
    "Actual Loops": 1,
    "Plans": [
      {
        "Node Type": "Gather",
        "Parent Relationship": "Outer",
        "Parallel Aware": false,
        "Startup Cost": 569637.19,
        "Total Cost": 569637.3,
        "Plan Rows": 1,
        "Plan Width": 8,
        "Actual Startup Time": 1724.249,
        "Actual Total Time": 1775.731,
        "Actual Rows": 2,
        "Actual Loops": 1,
        "Workers Planned": 1,
        "Workers Launched": 1,
        "Single Copy": false,
        "Plans": [
          {
            "Node Type": "Aggregate",
            "Strategy": "Plain",
            "Partial Mode": "Partial",
            "Parent Relationship": "Outer",
            "Parallel Aware": false,
            "Startup Cost": 568637.19,
            "Total Cost": 568637.2,
            "Plan Rows": 1,
            "Plan Width": 8,
            "Actual Startup Time": 1717.759,
            "Actual Total Time": 1717.768,
            "Actual Rows": 1,
            "Actual Loops": 2,
            "Plans": [
              {
                "Node Type": "Nested Loop",
                "Parent Relationship": "Outer",
                "Parallel Aware": false,
                "Join Type": "Inner",
                "Startup Cost": 229013.99,
                "Total Cost": 568564.93,
                "Plan Rows": 28905,
                "Plan Width": 0,
                "Actual Startup Time": 704.873,
                "Actual Total Time": 1715.201,
                "Actual Rows": 37666,
                "Actual Loops": 2,
                "Inner Unique": false,
                "Join Filter": "(t.id = mc.movie_id)",
                "Rows Removed by Join Filter": 0,
                "Plans": [
                  {
                    "Node Type": "Hash Join",
                    "Parent Relationship": "Outer",
                    "Parallel Aware": true,
                    "Join Type": "Inner",
                    "Startup Cost": 229013.56,
                    "Total Cost": 551917.82,
                    "Plan Rows": 28009,
                    "Plan Width": 8,
                    "Actual Startup Time": 704.757,
                    "Actual Total Time": 1624.759,
                    "Actual Rows": 16861,
                    "Actual Loops": 2,
                    "Inner Unique": true,
                    "Hash Cond": "(ci.movie_id = t.id)",
                    "Plans": [
                      {
                        "Node Type": "Bitmap Heap Scan",
                        "Parent Relationship": "Outer",
                        "Parallel Aware": true,
                        "Relation Name": "cast_info",
                        "Alias": "ci",
                        "Startup Cost": 174313.01,
                        "Total Cost": 485030.79,
                        "Plan Rows": 4642462,
                        "Plan Width": 4,
                        "Actual Startup Time": 553.176,
                        "Actual Total Time": 1024.419,
                        "Actual Rows": 3910381,
                        "Actual Loops": 2,
                        "Recheck Cond": "(person_id > 2895702)",
                        "Rows Removed by Index Recheck": 0,
                        "Exact Heap Blocks": 61439,
                        "Lossy Heap Blocks": 0,
                        "Plans": [
                          {
                            "Node Type": "Bitmap Index Scan",
                            "Parent Relationship": "Outer",
                            "Parallel Aware": false,
                            "Index Name": "person_id_cast_info",
                            "Startup Cost": 0.0,
                            "Total Cost": 172339.96,
                            "Plan Rows": 7892186,
                            "Plan Width": 0,
                            "Actual Startup Time": 525.273,
                            "Actual Total Time": 525.274,
                            "Actual Rows": 7820762,
                            "Actual Loops": 1,
                            "Index Cond": "(person_id > 2895702)"
                          }
                        ]
                      },
                      {
                        "Node Type": "Hash",
                        "Parent Relationship": "Inner",
                        "Parallel Aware": true,
                        "Startup Cost": 54588.39,
                        "Total Cost": 54588.39,
                        "Plan Rows": 8973,
                        "Plan Width": 4,
                        "Actual Startup Time": 150.102,
                        "Actual Total Time": 150.103,
                        "Actual Rows": 6997,
                        "Actual Loops": 2,
                        "Hash Buckets": 16384,
                        "Original Hash Buckets": 16384,
                        "Hash Batches": 1,
                        "Original Hash Batches": 1,
                        "Peak Memory Usage": 704,
                        "Plans": [
                          {
                            "Node Type": "Seq Scan",
                            "Parent Relationship": "Outer",
                            "Parallel Aware": true,
                            "Relation Name": "title",
                            "Alias": "t",
                            "Startup Cost": 0.0,
                            "Total Cost": 54588.39,
                            "Plan Rows": 8973,
                            "Plan Width": 4,
                            "Actual Startup Time": 0.07,
                            "Actual Total Time": 147.165,
                            "Actual Rows": 6997,
                            "Actual Loops": 2,
                            "Filter": "(production_year = 1976)",
                            "Rows Removed by Filter": 1257159
                          }
                        ]
                      }
                    ]
                  },
                  {
                    "Node Type": "Index Only Scan",
                    "Parent Relationship": "Inner",
                    "Parallel Aware": false,
                    "Scan Direction": "Forward",
                    "Index Name": "movie_id_movie_companies",
                    "Relation Name": "movie_companies",
                    "Alias": "mc",
                    "Startup Cost": 0.43,
                    "Total Cost": 0.53,
                    "Plan Rows": 5,
                    "Plan Width": 4,
                    "Actual Startup Time": 0.004,
                    "Actual Total Time": 0.005,
                    "Actual Rows": 2,
                    "Actual Loops": 33722,
                    "Index Cond": "(movie_id = ci.movie_id)",
                    "Rows Removed by Index Recheck": 0,
                    "Heap Fetches": 75332
                  }
                ]
              }
            ]
          }
        ]
      }
    ]
  },
  "Planning Time": 0.962,
  "Triggers": [],
  "Execution Time": 1775.857
}