{
  "Plan": {
    "Node Type": "Aggregate",
    "Strategy": "Plain",
    "Partial Mode": "Finalize",
    "Parallel Aware": false,
    "Startup Cost": 107738.94,
    "Total Cost": 107738.95,
    "Plan Rows": 1,
    "Plan Width": 8,
    "Actual Startup Time": 345.506,
    "Actual Total Time": 364.428,
    "Actual Rows": 1,
    "Actual Loops": 1,
    "Plans": [
      {
        "Node Type": "Gather",
        "Parent Relationship": "Outer",
        "Parallel Aware": false,
        "Startup Cost": 107738.83,
        "Total Cost": 107738.94,
        "Plan Rows": 1,
        "Plan Width": 8,
        "Actual Startup Time": 345.201,
        "Actual Total Time": 364.42,
        "Actual Rows": 2,
        "Actual Loops": 1,
        "Workers Planned": 1,
        "Workers Launched": 1,
        "Single Copy": false,
        "Plans": [
          {
            "Node Type": "Aggregate",
            "Strategy": "Plain",
            "Partial Mode": "Partial",
            "Parent Relationship": "Outer",
            "Parallel Aware": false,
            "Startup Cost": 106738.83,
            "Total Cost": 106738.84,
            "Plan Rows": 1,
            "Plan Width": 8,
            "Actual Startup Time": 338.833,
            "Actual Total Time": 338.837,
            "Actual Rows": 1,
            "Actual Loops": 2,
            "Plans": [
              {
                "Node Type": "Nested Loop",
                "Parent Relationship": "Outer",
                "Parallel Aware": false,
                "Join Type": "Inner",
                "Startup Cost": 74142.89,
                "Total Cost": 106735.28,
                "Plan Rows": 1419,
                "Plan Width": 0,
                "Actual Startup Time": 186.254,
                "Actual Total Time": 338.08,
                "Actual Rows": 14692,
                "Actual Loops": 2,
                "Inner Unique": false,
                "Join Filter": "(t.id = mi_idx.movie_id)",
                "Rows Removed by Join Filter": 0,
                "Plans": [
                  {
                    "Node Type": "Hash Join",
                    "Parent Relationship": "Outer",
                    "Parallel Aware": true,
                    "Join Type": "Inner",
                    "Startup Cost": 74142.47,
                    "Total Cost": 105191.5,
                    "Plan Rows": 2599,
                    "Plan Width": 8,
                    "Actual Startup Time": 185.681,
                    "Actual Total Time": 314.54,
                    "Actual Rows": 5518,
                    "Actual Loops": 2,
                    "Inner Unique": true,
                    "Hash Cond": "(mk.movie_id = t.id)",
                    "Plans": [
                      {
                        "Node Type": "Bitmap Heap Scan",
                        "Parent Relationship": "Outer",
                        "Parallel Aware": true,
                        "Relation Name": "movie_keyword",
                        "Alias": "mk",
                        "Startup Cost": 15725.2,
                        "Total Cost": 45629.64,
                        "Plan Rows": 436035,
                        "Plan Width": 4,
                        "Actual Startup Time": 39.11,
                        "Actual Total Time": 132.626,
                        "Actual Rows": 378024,
                        "Actual Loops": 2,
                        "Recheck Cond": "(keyword_id < 689)",
                        "Rows Removed by Index Recheck": 0,
                        "Exact Heap Blocks": 14799,
                        "Lossy Heap Blocks": 0,
                        "Plans": [
                          {
                            "Node Type": "Bitmap Index Scan",
                            "Parent Relationship": "Outer",
                            "Parallel Aware": false,
                            "Index Name": "keyword_id_movie_keyword",
                            "Startup Cost": 0.0,
                            "Total Cost": 15539.88,
                            "Plan Rows": 741260,
                            "Plan Width": 0,
                            "Actual Startup Time": 35.528,
                            "Actual Total Time": 35.529,
                            "Actual Rows": 756048,
                            "Actual Loops": 1,
                            "Index Cond": "(keyword_id < 689)"
                          }
                        ]
                      },
                      {
                        "Node Type": "Hash",
                        "Parent Relationship": "Inner",
                        "Parallel Aware": true,
                        "Startup Cost": 58306.47,
                        "Total Cost": 58306.47,
                        "Plan Rows": 8864,
                        "Plan Width": 4,
                        "Actual Startup Time": 145.006,
                        "Actual Total Time": 145.007,
                        "Actual Rows": 5694,
                        "Actual Loops": 2,
                        "Hash Buckets": 16384,
                        "Original Hash Buckets": 16384,
                        "Hash Batches": 1,
                        "Original Hash Batches": 1,
                        "Peak Memory Usage": 608,
                        "Plans": [
                          {
                            "Node Type": "Seq Scan",
                            "Parent Relationship": "Outer",
                            "Parallel Aware": true,
                            "Relation Name": "title",
                            "Alias": "t",
                            "Startup Cost": 0.0,
                            "Total Cost": 58306.47,
                            "Plan Rows": 8864,
                            "Plan Width": 4,
                            "Actual Startup Time": 0.782,
                            "Actual Total Time": 142.719,
                            "Actual Rows": 5694,
                            "Actual Loops": 2,
                            "Filter": "((kind_id < 4) AND (production_year = 1998))",
                            "Rows Removed by Filter": 1258462
                          }
                        ]
                      }
                    ]
                  },
                  {
                    "Node Type": "Index Only Scan",
                    "Parent Relationship": "Inner",
                    "Parallel Aware": false,
                    "Scan Direction": "Forward",
                    "Index Name": "movie_id_movie_info_idx",
                    "Relation Name": "movie_info_idx",
                    "Alias": "mi_idx",
                    "Startup Cost": 0.43,
                    "Total Cost": 0.56,
                    "Plan Rows": 3,
                    "Plan Width": 4,
                    "Actual Startup Time": 0.003,
                    "Actual Total Time": 0.004,
                    "Actual Rows": 3,
                    "Actual Loops": 11036,
                    "Index Cond": "(movie_id = mk.movie_id)",
                    "Rows Removed by Index Recheck": 0,
                    "Heap Fetches": 29384
                  }
                ]
              }
            ]
          }
        ]
      }
    ]
  },
  "Planning Time": 0.947,
  "Triggers": [],
  "Execution Time": 364.598
}