{
  "Plan": {
    "Node Type": "Aggregate",
    "Strategy": "Plain",
    "Partial Mode": "Finalize",
    "Parallel Aware": false,
    "Startup Cost": 351532.38,
    "Total Cost": 351532.39,
    "Plan Rows": 1,
    "Plan Width": 8,
    "Actual Startup Time": 2247.963,
    "Actual Total Time": 2282.249,
    "Actual Rows": 1,
    "Actual Loops": 1,
    "Plans": [
      {
        "Node Type": "Gather",
        "Parent Relationship": "Outer",
        "Parallel Aware": false,
        "Startup Cost": 351532.26,
        "Total Cost": 351532.37,
        "Plan Rows": 1,
        "Plan Width": 8,
        "Actual Startup Time": 2244.935,
        "Actual Total Time": 2282.238,
        "Actual Rows": 2,
        "Actual Loops": 1,
        "Workers Planned": 1,
        "Workers Launched": 1,
        "Single Copy": false,
        "Plans": [
          {
            "Node Type": "Aggregate",
            "Strategy": "Plain",
            "Partial Mode": "Partial",
            "Parent Relationship": "Outer",
            "Parallel Aware": false,
            "Startup Cost": 350532.26,
            "Total Cost": 350532.27,
            "Plan Rows": 1,
            "Plan Width": 8,
            "Actual Startup Time": 2237.604,
            "Actual Total Time": 2238.184,
            "Actual Rows": 1,
            "Actual Loops": 2,
            "Plans": [
              {
                "Node Type": "Hash Join",
                "Parent Relationship": "Outer",
                "Parallel Aware": true,
                "Join Type": "Inner",
                "Startup Cost": 105437.02,
                "Total Cost": 349638.03,
                "Plan Rows": 357692,
                "Plan Width": 0,
                "Actual Startup Time": 600.723,
                "Actual Total Time": 2147.166,
                "Actual Rows": 1843096,
                "Actual Loops": 2,
                "Inner Unique": false,
                "Hash Cond": "(ci.movie_id = t.id)",
                "Plans": [
                  {
                    "Node Type": "Index Scan",
                    "Parent Relationship": "Outer",
                    "Parallel Aware": true,
                    "Scan Direction": "Forward",
                    "Index Name": "role_id_cast_info",
                    "Relation Name": "cast_info",
                    "Alias": "ci",
                    "Startup Cost": 0.56,
                    "Total Cost": 225853.5,
                    "Plan Rows": 4331734,
                    "Plan Width": 4,
                    "Actual Startup Time": 0.065,
                    "Actual Total Time": 693.759,
                    "Actual Rows": 3725986,
                    "Actual Loops": 2,
                    "Index Cond": "(role_id = 2)",
                    "Rows Removed by Index Recheck": 0
                  },
                  {
                    "Node Type": "Hash",
                    "Parent Relationship": "Inner",
                    "Parallel Aware": true,
                    "Startup Cost": 103901.36,
                    "Total Cost": 103901.36,
                    "Plan Rows": 122808,
                    "Plan Width": 8,
                    "Actual Startup Time": 597.044,
                    "Actual Total Time": 597.622,
                    "Actual Rows": 225792,
                    "Actual Loops": 2,
                    "Hash Buckets": 524288,
                    "Original Hash Buckets": 262144,
                    "Hash Batches": 1,
                    "Original Hash Batches": 1,
                    "Peak Memory Usage": 23840,
                    "Plans": [
                      {
                        "Node Type": "Hash Join",
                        "Parent Relationship": "Outer",
                        "Parallel Aware": true,
                        "Join Type": "Inner",
                        "Startup Cost": 73962.16,
                        "Total Cost": 103901.36,
                        "Plan Rows": 122808,
                        "Plan Width": 8,
                        "Actual Startup Time": 346.626,
                        "Actual Total Time": 542.249,
                        "Actual Rows": 225792,
                        "Actual Loops": 2,
                        "Inner Unique": true,
                        "Hash Cond": "(mk.movie_id = t.id)",
                        "Plans": [
                          {
                            "Node Type": "Bitmap Heap Scan",
                            "Parent Relationship": "Outer",
                            "Parallel Aware": true,
                            "Relation Name": "movie_keyword",
                            "Alias": "mk",
                            "Startup Cost": 13078.45,
                            "Total Cost": 42065.67,
                            "Plan Rows": 362658,
                            "Plan Width": 4,
                            "Actual Startup Time": 58.374,
                            "Actual Total Time": 151.437,
                            "Actual Rows": 312423,
                            "Actual Loops": 2,
                            "Recheck Cond": "(keyword_id < 484)",
                            "Rows Removed by Index Recheck": 0,
                            "Exact Heap Blocks": 14779,
                            "Lossy Heap Blocks": 0,
                            "Plans": [
                              {
                                "Node Type": "Bitmap Index Scan",
                                "Parent Relationship": "Outer",
                                "Parallel Aware": false,
                                "Index Name": "keyword_id_movie_keyword",
                                "Startup Cost": 0.0,
                                "Total Cost": 12924.32,
                                "Plan Rows": 616518,
                                "Plan Width": 0,
                                "Actual Startup Time": 52.633,
                                "Actual Total Time": 52.634,
                                "Actual Rows": 624846,
                                "Actual Loops": 1,
                                "Index Cond": "(keyword_id < 484)"
                              }
                            ]
                          },
                          {
                            "Node Type": "Hash",
                            "Parent Relationship": "Inner",
                            "Parallel Aware": true,
                            "Startup Cost": 54588.39,
                            "Total Cost": 54588.39,
                            "Plan Rows": 503626,
                            "Plan Width": 4,
                            "Actual Startup Time": 281.214,
                            "Actual Total Time": 281.215,
                            "Actual Rows": 427107,
                            "Actual Loops": 2,
                            "Hash Buckets": 1048576,
                            "Original Hash Buckets": 1048576,
                            "Hash Batches": 1,
                            "Original Hash Batches": 1,
                            "Peak Memory Usage": 41664,
                            "Plans": [
                              {
                                "Node Type": "Seq Scan",
                                "Parent Relationship": "Outer",
                                "Parallel Aware": true,
                                "Relation Name": "title",
                                "Alias": "t",
                                "Startup Cost": 0.0,
                                "Total Cost": 54588.39,
                                "Plan Rows": 503626,
                                "Plan Width": 4,
                                "Actual Startup Time": 0.045,
                                "Actual Total Time": 168.148,
                                "Actual Rows": 427107,
                                "Actual Loops": 2,
                                "Filter": "(kind_id < 4)",
                                "Rows Removed by Filter": 837049
                              }
                            ]
                          }
                        ]
                      }
                    ]
                  }
                ]
              }
            ]
          }
        ]
      }
    ]
  },
  "Planning Time": 0.942,
  "Triggers": [],
  "Execution Time": 2282.356
}