[
  {
    "Plan": {
      "Node Type": "Aggregate",
      "Strategy": "Plain",
      "Partial Mode": "Finalize",
      "Parallel Aware": false,
      "Startup Cost": 29193.48,
      "Total Cost": 29193.49,
      "Plan Rows": 1,
      "Plan Width": 8,
      "Actual Startup Time": 82.059,
      "Actual Total Time": 88.469,
      "Actual Rows": 1,
      "Actual Loops": 1,
      "Plans": [
        {
          "Node Type": "Gather",
          "Parent Relationship": "Outer",
          "Parallel Aware": false,
          "Startup Cost": 29193.16,
          "Total Cost": 29193.47,
          "Plan Rows": 3,
          "Plan Width": 8,
          "Actual Startup Time": 81.802,
          "Actual Total Time": 88.461,
          "Actual Rows": 4,
          "Actual Loops": 1,
          "Workers Planned": 3,
          "Workers Launched": 3,
          "Single Copy": false,
          "Plans": [
            {
              "Node Type": "Aggregate",
              "Strategy": "Plain",
              "Partial Mode": "Partial",
              "Parent Relationship": "Outer",
              "Parallel Aware": false,
              "Startup Cost": 28193.16,
              "Total Cost": 28193.17,
              "Plan Rows": 1,
              "Plan Width": 8,
              "Actual Startup Time": 73.911,
              "Actual Total Time": 73.913,
              "Actual Rows": 1,
              "Actual Loops": 4,
              "Plans": [
                {
                  "Node Type": "Bitmap Heap Scan",
                  "Parent Relationship": "Outer",
                  "Parallel Aware": true,
                  "Relation Name": "movie_keyword",
                  "Alias": "mk",
                  "Startup Cost": 3044.71,
                  "Total Cost": 28077.42,
                  "Plan Rows": 46297,
                  "Plan Width": 0,
                  "Actual Startup Time": 24.621,
                  "Actual Total Time": 71.314,
                  "Actual Rows": 35710,
                  "Actual Loops": 4,
                  "Recheck Cond": "(keyword_id > 74617)",
                  "Rows Removed by Index Recheck": 0,
                  "Exact Heap Blocks": 11275,
                  "Lossy Heap Blocks": 0,
                  "Plans": [
                    {
                      "Node Type": "Bitmap Index Scan",
                      "Parent Relationship": "Outer",
                      "Parallel Aware": false,
                      "Index Name": "keyword_id_movie_keyword",
                      "Startup Cost": 0.0,
                      "Total Cost": 3008.83,
                      "Plan Rows": 143520,
                      "Plan Width": 0,
                      "Actual Startup Time": 26.108,
                      "Actual Total Time": 26.109,
                      "Actual Rows": 142839,
                      "Actual Loops": 1,
                      "Index Cond": "(keyword_id > 74617)"
                    }
                  ]
                }
              ]
            }
          ]
        }
      ]
    },
    "Planning Time": 0.16,
    "Triggers": [],
    "Execution Time": 88.534
  }
]