[
  {
    "Plan": {
      "Node Type": "Aggregate",
      "Strategy": "Plain",
      "Partial Mode": "Finalize",
      "Parallel Aware": false,
      "Startup Cost": 574485.72,
      "Total Cost": 574485.73,
      "Plan Rows": 1,
      "Plan Width": 8,
      "Actual Startup Time": 1153.362,
      "Actual Total Time": 1184.858,
      "Actual Rows": 1,
      "Actual Loops": 1,
      "Plans": [
        {
          "Node Type": "Gather",
          "Parent Relationship": "Outer",
          "Parallel Aware": false,
          "Startup Cost": 574485.1,
          "Total Cost": 574485.71,
          "Plan Rows": 6,
          "Plan Width": 8,
          "Actual Startup Time": 1132.551,
          "Actual Total Time": 1184.846,
          "Actual Rows": 7,
          "Actual Loops": 1,
          "Workers Planned": 6,
          "Workers Launched": 6,
          "Single Copy": false,
          "Plans": [
            {
              "Node Type": "Aggregate",
              "Strategy": "Plain",
              "Partial Mode": "Partial",
              "Parent Relationship": "Outer",
              "Parallel Aware": false,
              "Startup Cost": 573485.1,
              "Total Cost": 573485.11,
              "Plan Rows": 1,
              "Plan Width": 8,
              "Actual Startup Time": 1116.087,
              "Actual Total Time": 1116.185,
              "Actual Rows": 1,
              "Actual Loops": 7,
              "Plans": [
                {
                  "Node Type": "Hash Join",
                  "Parent Relationship": "Outer",
                  "Parallel Aware": true,
                  "Join Type": "Inner",
                  "Startup Cost": 311438.74,
                  "Total Cost": 572896.18,
                  "Plan Rows": 235565,
                  "Plan Width": 0,
                  "Actual Startup Time": 815.358,
                  "Actual Total Time": 1101.012,
                  "Actual Rows": 270493,
                  "Actual Loops": 7,
                  "Inner Unique": false,
                  "Hash Cond": "(ci.movie_id = t.id)",
                  "Plans": [
                    {
                      "Node Type": "Bitmap Heap Scan",
                      "Parent Relationship": "Outer",
                      "Parallel Aware": true,
                      "Relation Name": "cast_info",
                      "Alias": "ci",
                      "Startup Cost": 67681.39,
                      "Total Cost": 326752.48,
                      "Plan Rows": 510727,
                      "Plan Width": 4,
                      "Actual Startup Time": 216.084,
                      "Actual Total Time": 310.557,
                      "Actual Rows": 447630,
                      "Actual Loops": 7,
                      "Recheck Cond": "(person_id < 303375)",
                      "Rows Removed by Index Recheck": 0,
                      "Exact Heap Blocks": 4716,
                      "Lossy Heap Blocks": 0,
                      "Plans": [
                        {
                          "Node Type": "Bitmap Index Scan",
                          "Parent Relationship": "Outer",
                          "Parallel Aware": false,
                          "Index Name": "person_id_cast_info",
                          "Startup Cost": 0.0,
                          "Total Cost": 66915.29,
                          "Plan Rows": 3064364,
                          "Plan Width": 0,
                          "Actual Startup Time": 207.3,
                          "Actual Total Time": 207.3,
                          "Actual Rows": 3133412,
                          "Actual Loops": 1,
                          "Index Cond": "(person_id < 303375)"
                        }
                      ]
                    },
                    {
                      "Node Type": "Hash",
                      "Parent Relationship": "Inner",
                      "Parallel Aware": true,
                      "Startup Cost": 240842.01,
                      "Total Cost": 240842.01,
                      "Plan Rows": 233227,
                      "Plan Width": 8,
                      "Actual Startup Time": 594.397,
                      "Actual Total Time": 594.493,
                      "Actual Rows": 174138,
                      "Actual Loops": 7,
                      "Hash Buckets": 2097152,
                      "Original Hash Buckets": 2097152,
                      "Hash Batches": 1,
                      "Original Hash Batches": 1,
                      "Peak Memory Usage": 64192,
                      "Plans": [
                        {
                          "Node Type": "Hash Join",
                          "Parent Relationship": "Outer",
                          "Parallel Aware": true,
                          "Join Type": "Inner",
                          "Startup Cost": 74843.54,
                          "Total Cost": 240842.01,
                          "Plan Rows": 233227,
                          "Plan Width": 8,
                          "Actual Startup Time": 358.489,
                          "Actual Total Time": 497.399,
                          "Actual Rows": 174138,
                          "Actual Loops": 7,
                          "Inner Unique": true,
                          "Hash Cond": "(mi.movie_id = t.id)",
                          "Plans": [
                            {
                              "Node Type": "Bitmap Heap Scan",
                              "Parent Relationship": "Outer",
                              "Parallel Aware": true,
                              "Relation Name": "movie_info",
                              "Alias": "mi",
                              "Startup Cost": 23986.4,
                              "Total Cost": 189289.71,
                              "Plan Rows": 264825,
                              "Plan Width": 4,
                              "Actual Startup Time": 87.737,
                              "Actual Total Time": 119.408,
                              "Actual Rows": 189337,
                              "Actual Loops": 7,
                              "Recheck Cond": "(info_type_id = 8)",
                              "Rows Removed by Index Recheck": 0,
                              "Exact Heap Blocks": 1147,
                              "Lossy Heap Blocks": 0,
                              "Plans": [
                                {
                                  "Node Type": "Bitmap Index Scan",
                                  "Parent Relationship": "Outer",
                                  "Parallel Aware": false,
                                  "Index Name": "info_type_id_movie_info",
                                  "Startup Cost": 0.0,
                                  "Total Cost": 23655.37,
                                  "Plan Rows": 1324124,
                                  "Plan Width": 0,
                                  "Actual Startup Time": 85.608,
                                  "Actual Total Time": 85.608,
                                  "Actual Rows": 1325361,
                                  "Actual Loops": 1,
                                  "Index Cond": "(info_type_id = 8)"
                                }
                              ]
                            },
                            {
                              "Node Type": "Hash",
                              "Parent Relationship": "Inner",
                              "Parallel Aware": true,
                              "Startup Cost": 43898.92,
                              "Total Cost": 43898.92,
                              "Plan Rows": 556658,
                              "Plan Width": 4,
                              "Actual Startup Time": 265.552,
                              "Actual Total Time": 265.553,
                              "Actual Rows": 317796,
                              "Actual Loops": 7,
                              "Hash Buckets": 4194304,
                              "Original Hash Buckets": 4194304,
                              "Hash Batches": 1,
                              "Original Hash Batches": 1,
                              "Peak Memory Usage": 119904,
                              "Plans": [
                                {
                                  "Node Type": "Seq Scan",
                                  "Parent Relationship": "Outer",
                                  "Parallel Aware": true,
                                  "Relation Name": "title",
                                  "Alias": "t",
                                  "Startup Cost": 0.0,
                                  "Total Cost": 43898.92,
                                  "Plan Rows": 556658,
                                  "Plan Width": 4,
                                  "Actual Startup Time": 0.053,
                                  "Actual Total Time": 89.813,
                                  "Actual Rows": 317796,
                                  "Actual Loops": 7,
                                  "Filter": "(production_year < 2012)",
                                  "Rows Removed by Filter": 43392
                                }
                              ]
                            }
                          ]
                        }
                      ]
                    }
                  ]
                }
              ]
            }
          ]
        }
      ]
    },
    "Planning Time": 1.337,
    "Triggers": [],
    "Execution Time": 1184.983
  }
]