[
  {
    "Plan": {
      "Node Type": "Aggregate",
      "Strategy": "Plain",
      "Partial Mode": "Finalize",
      "Parallel Aware": false,
      "Startup Cost": 31777.9,
      "Total Cost": 31777.91,
      "Plan Rows": 1,
      "Plan Width": 8,
      "Actual Startup Time": 114.193,
      "Actual Total Time": 121.896,
      "Actual Rows": 1,
      "Actual Loops": 1,
      "Plans": [
        {
          "Node Type": "Gather",
          "Parent Relationship": "Outer",
          "Parallel Aware": false,
          "Startup Cost": 31777.58,
          "Total Cost": 31777.89,
          "Plan Rows": 3,
          "Plan Width": 8,
          "Actual Startup Time": 114.09,
          "Actual Total Time": 121.888,
          "Actual Rows": 4,
          "Actual Loops": 1,
          "Workers Planned": 3,
          "Workers Launched": 3,
          "Single Copy": false,
          "Plans": [
            {
              "Node Type": "Aggregate",
              "Strategy": "Plain",
              "Partial Mode": "Partial",
              "Parent Relationship": "Outer",
              "Parallel Aware": false,
              "Startup Cost": 30777.58,
              "Total Cost": 30777.59,
              "Plan Rows": 1,
              "Plan Width": 8,
              "Actual Startup Time": 105.569,
              "Actual Total Time": 105.57,
              "Actual Rows": 1,
              "Actual Loops": 4,
              "Plans": [
                {
                  "Node Type": "Seq Scan",
                  "Parent Relationship": "Outer",
                  "Parallel Aware": true,
                  "Relation Name": "movie_companies",
                  "Alias": "mc",
                  "Startup Cost": 0.0,
                  "Total Cost": 29310.68,
                  "Plan Rows": 586759,
                  "Plan Width": 0,
                  "Actual Startup Time": 0.047,
                  "Actual Total Time": 82.371,
                  "Actual Rows": 451140,
                  "Actual Loops": 4,
                  "Filter": "(company_id < 29926)",
                  "Rows Removed by Filter": 201142
                }
              ]
            }
          ]
        }
      ]
    },
    "Planning Time": 0.182,
    "Triggers": [],
    "Execution Time": 121.947
  }
]