[
  {
    "Plan": {
      "Node Type": "Aggregate",
      "Strategy": "Plain",
      "Partial Mode": "Finalize",
      "Parallel Aware": false,
      "Startup Cost": 123698.79,
      "Total Cost": 123698.8,
      "Plan Rows": 1,
      "Plan Width": 8,
      "Actual Startup Time": 611.963,
      "Actual Total Time": 634.962,
      "Actual Rows": 1,
      "Actual Loops": 1,
      "Plans": [
        {
          "Node Type": "Gather",
          "Parent Relationship": "Outer",
          "Parallel Aware": false,
          "Startup Cost": 123698.47,
          "Total Cost": 123698.78,
          "Plan Rows": 3,
          "Plan Width": 8,
          "Actual Startup Time": 606.143,
          "Actual Total Time": 634.945,
          "Actual Rows": 4,
          "Actual Loops": 1,
          "Workers Planned": 3,
          "Workers Launched": 3,
          "Single Copy": false,
          "Plans": [
            {
              "Node Type": "Aggregate",
              "Strategy": "Plain",
              "Partial Mode": "Partial",
              "Parent Relationship": "Outer",
              "Parallel Aware": false,
              "Startup Cost": 122698.47,
              "Total Cost": 122698.48,
              "Plan Rows": 1,
              "Plan Width": 8,
              "Actual Startup Time": 597.986,
              "Actual Total Time": 598.111,
              "Actual Rows": 1,
              "Actual Loops": 4,
              "Plans": [
                {
                  "Node Type": "Hash Join",
                  "Parent Relationship": "Outer",
                  "Parallel Aware": true,
                  "Join Type": "Inner",
                  "Startup Cost": 77736.22,
                  "Total Cost": 122505.29,
                  "Plan Rows": 77272,
                  "Plan Width": 0,
                  "Actual Startup Time": 331.015,
                  "Actual Total Time": 558.245,
                  "Actual Rows": 798130,
                  "Actual Loops": 4,
                  "Inner Unique": false,
                  "Hash Cond": "(mk.movie_id = t.id)",
                  "Plans": [
                    {
                      "Node Type": "Seq Scan",
                      "Parent Relationship": "Outer",
                      "Parallel Aware": true,
                      "Relation Name": "movie_keyword",
                      "Alias": "mk",
                      "Startup Cost": 0.0,
                      "Total Cost": 39047.32,
                      "Plan Rows": 1459332,
                      "Plan Width": 4,
                      "Actual Startup Time": 0.037,
                      "Actual Total Time": 99.807,
                      "Actual Rows": 1130982,
                      "Actual Loops": 4
                    },
                    {
                      "Node Type": "Hash",
                      "Parent Relationship": "Inner",
                      "Parallel Aware": true,
                      "Startup Cost": 77196.38,
                      "Total Cost": 77196.38,
                      "Plan Rows": 43187,
                      "Plan Width": 8,
                      "Actual Startup Time": 291.31,
                      "Actual Total Time": 291.434,
                      "Actual Rows": 19083,
                      "Actual Loops": 4,
                      "Hash Buckets": 262144,
                      "Original Hash Buckets": 262144,
                      "Hash Batches": 1,
                      "Original Hash Batches": 1,
                      "Peak Memory Usage": 5120,
                      "Plans": [
                        {
                          "Node Type": "Hash Join",
                          "Parent Relationship": "Outer",
                          "Parallel Aware": true,
                          "Join Type": "Inner",
                          "Startup Cost": 47425.34,
                          "Total Cost": 77196.38,
                          "Plan Rows": 43187,
                          "Plan Width": 8,
                          "Actual Startup Time": 204.376,
                          "Actual Total Time": 281.416,
                          "Actual Rows": 19083,
                          "Actual Loops": 4,
                          "Inner Unique": true,
                          "Hash Cond": "(mc.movie_id = t.id)",
                          "Plans": [
                            {
                              "Node Type": "Seq Scan",
                              "Parent Relationship": "Outer",
                              "Parallel Aware": true,
                              "Relation Name": "movie_companies",
                              "Alias": "mc",
                              "Startup Cost": 0.0,
                              "Total Cost": 29310.68,
                              "Plan Rows": 175376,
                              "Plan Width": 4,
                              "Actual Startup Time": 0.013,
                              "Actual Total Time": 69.211,
                              "Actual Rows": 134678,
                              "Actual Loops": 4,
                              "Filter": "(company_id < 529)",
                              "Rows Removed by Filter": 517604
                            },
                            {
                              "Node Type": "Hash",
                              "Parent Relationship": "Inner",
                              "Parallel Aware": true,
                              "Startup Cost": 45479.59,
                              "Total Cost": 45479.59,
                              "Plan Rows": 155660,
                              "Plan Width": 4,
                              "Actual Startup Time": 171.16,
                              "Actual Total Time": 171.161,
                              "Actual Rows": 158572,
                              "Actual Loops": 4,
                              "Hash Buckets": 1048576,
                              "Original Hash Buckets": 1048576,
                              "Hash Batches": 1,
                              "Original Hash Batches": 1,
                              "Peak Memory Usage": 33088,
                              "Plans": [
                                {
                                  "Node Type": "Seq Scan",
                                  "Parent Relationship": "Outer",
                                  "Parallel Aware": true,
                                  "Relation Name": "title",
                                  "Alias": "t",
                                  "Startup Cost": 0.0,
                                  "Total Cost": 45479.59,
                                  "Plan Rows": 155660,
                                  "Plan Width": 4,
                                  "Actual Startup Time": 46.903,
                                  "Actual Total Time": 112.36,
                                  "Actual Rows": 158572,
                                  "Actual Loops": 4,
                                  "Filter": "((production_year < 2013) AND (kind_id = 1))",
                                  "Rows Removed by Filter": 473506
                                }
                              ]
                            }
                          ]
                        }
                      ]
                    }
                  ]
                }
              ]
            }
          ]
        }
      ]
    },
    "Planning Time": 0.607,
    "Triggers": [],
    "Execution Time": 635.005
  }
]