[
  {
    "Plan": {
      "Node Type": "Aggregate",
      "Strategy": "Plain",
      "Partial Mode": "Finalize",
      "Parallel Aware": false,
      "Startup Cost": 124806.07,
      "Total Cost": 124806.08,
      "Plan Rows": 1,
      "Plan Width": 8,
      "Actual Startup Time": 1084.157,
      "Actual Total Time": 1118.65,
      "Actual Rows": 1,
      "Actual Loops": 1,
      "Plans": [
        {
          "Node Type": "Gather",
          "Parent Relationship": "Outer",
          "Parallel Aware": false,
          "Startup Cost": 124805.75,
          "Total Cost": 124806.06,
          "Plan Rows": 3,
          "Plan Width": 8,
          "Actual Startup Time": 1083.744,
          "Actual Total Time": 1118.641,
          "Actual Rows": 4,
          "Actual Loops": 1,
          "Workers Planned": 3,
          "Workers Launched": 3,
          "Single Copy": false,
          "Plans": [
            {
              "Node Type": "Aggregate",
              "Strategy": "Plain",
              "Partial Mode": "Partial",
              "Parent Relationship": "Outer",
              "Parallel Aware": false,
              "Startup Cost": 123805.75,
              "Total Cost": 123805.76,
              "Plan Rows": 1,
              "Plan Width": 8,
              "Actual Startup Time": 1074.462,
              "Actual Total Time": 1074.466,
              "Actual Rows": 1,
              "Actual Loops": 4,
              "Plans": [
                {
                  "Node Type": "Nested Loop",
                  "Parent Relationship": "Outer",
                  "Parallel Aware": false,
                  "Join Type": "Inner",
                  "Startup Cost": 45584.15,
                  "Total Cost": 123561.85,
                  "Plan Rows": 97561,
                  "Plan Width": 0,
                  "Actual Startup Time": 95.905,
                  "Actual Total Time": 982.251,
                  "Actual Rows": 2290638,
                  "Actual Loops": 4,
                  "Inner Unique": false,
                  "Join Filter": "(t.id = mi.movie_id)",
                  "Rows Removed by Join Filter": 0,
                  "Plans": [
                    {
                      "Node Type": "Hash Join",
                      "Parent Relationship": "Outer",
                      "Parallel Aware": true,
                      "Join Type": "Inner",
                      "Startup Cost": 45583.71,
                      "Total Cost": 91587.1,
                      "Plan Rows": 16685,
                      "Plan Width": 8,
                      "Actual Startup Time": 95.824,
                      "Actual Total Time": 256.045,
                      "Actual Rows": 28484,
                      "Actual Loops": 4,
                      "Inner Unique": true,
                      "Hash Cond": "(mk.movie_id = t.id)",
                      "Plans": [
                        {
                          "Node Type": "Seq Scan",
                          "Parent Relationship": "Outer",
                          "Parallel Aware": true,
                          "Relation Name": "movie_keyword",
                          "Alias": "mk",
                          "Startup Cost": 0.0,
                          "Total Cost": 42695.65,
                          "Plan Rows": 1260088,
                          "Plan Width": 4,
                          "Actual Startup Time": 0.035,
                          "Actual Total Time": 100.755,
                          "Actual Rows": 973938,
                          "Actual Loops": 4,
                          "Filter": "(keyword_id > 486)",
                          "Rows Removed by Filter": 157045
                        },
                        {
                          "Node Type": "Hash",
                          "Parent Relationship": "Inner",
                          "Parallel Aware": true,
                          "Startup Cost": 45479.1,
                          "Total Cost": 45479.1,
                          "Plan Rows": 8369,
                          "Plan Width": 4,
                          "Actual Startup Time": 94.382,
                          "Actual Total Time": 94.383,
                          "Actual Rows": 7028,
                          "Actual Loops": 4,
                          "Hash Buckets": 65536,
                          "Original Hash Buckets": 65536,
                          "Hash Batches": 1,
                          "Original Hash Batches": 1,
                          "Peak Memory Usage": 1632,
                          "Plans": [
                            {
                              "Node Type": "Seq Scan",
                              "Parent Relationship": "Outer",
                              "Parallel Aware": true,
                              "Relation Name": "title",
                              "Alias": "t",
                              "Startup Cost": 0.0,
                              "Total Cost": 45479.1,
                              "Plan Rows": 8369,
                              "Plan Width": 4,
                              "Actual Startup Time": 0.362,
                              "Actual Total Time": 91.595,
                              "Actual Rows": 7028,
                              "Actual Loops": 4,
                              "Filter": "((kind_id < 7) AND (production_year = 2004))",
                              "Rows Removed by Filter": 625050
                            }
                          ]
                        }
                      ]
                    },
                    {
                      "Node Type": "Index Only Scan",
                      "Parent Relationship": "Inner",
                      "Parallel Aware": false,
                      "Scan Direction": "Forward",
                      "Index Name": "movie_id_movie_info",
                      "Relation Name": "movie_info",
                      "Alias": "mi",
                      "Startup Cost": 0.43,
                      "Total Cost": 1.39,
                      "Plan Rows": 42,
                      "Plan Width": 4,
                      "Actual Startup Time": 0.004,
                      "Actual Total Time": 0.019,
                      "Actual Rows": 80,
                      "Actual Loops": 113938,
                      "Index Cond": "(movie_id = mk.movie_id)",
                      "Rows Removed by Index Recheck": 0,
                      "Heap Fetches": 9162553
                    }
                  ]
                }
              ]
            }
          ]
        }
      ]
    },
    "Planning Time": 1.387,
    "Triggers": [],
    "Execution Time": 1118.746
  }
]