[
  {
    "Plan": {
      "Node Type": "Aggregate",
      "Strategy": "Plain",
      "Partial Mode": "Finalize",
      "Parallel Aware": false,
      "Startup Cost": 340991.81,
      "Total Cost": 340991.82,
      "Plan Rows": 1,
      "Plan Width": 8,
      "Actual Startup Time": 760.528,
      "Actual Total Time": 821.057,
      "Actual Rows": 1,
      "Actual Loops": 1,
      "Plans": [
        {
          "Node Type": "Gather",
          "Parent Relationship": "Outer",
          "Parallel Aware": false,
          "Startup Cost": 340991.18,
          "Total Cost": 340991.79,
          "Plan Rows": 6,
          "Plan Width": 8,
          "Actual Startup Time": 760.415,
          "Actual Total Time": 821.047,
          "Actual Rows": 7,
          "Actual Loops": 1,
          "Workers Planned": 6,
          "Workers Launched": 6,
          "Single Copy": false,
          "Plans": [
            {
              "Node Type": "Aggregate",
              "Strategy": "Plain",
              "Partial Mode": "Partial",
              "Parent Relationship": "Outer",
              "Parallel Aware": false,
              "Startup Cost": 339991.18,
              "Total Cost": 339991.19,
              "Plan Rows": 1,
              "Plan Width": 8,
              "Actual Startup Time": 749.782,
              "Actual Total Time": 749.784,
              "Actual Rows": 1,
              "Actual Loops": 7,
              "Plans": [
                {
                  "Node Type": "Seq Scan",
                  "Parent Relationship": "Outer",
                  "Parallel Aware": true,
                  "Relation Name": "cast_info",
                  "Alias": "ci",
                  "Startup Cost": 0.0,
                  "Total Cost": 328162.03,
                  "Plan Rows": 4731663,
                  "Plan Width": 0,
                  "Actual Startup Time": 94.407,
                  "Actual Total Time": 593.97,
                  "Actual Rows": 4035567,
                  "Actual Loops": 7,
                  "Filter": "(person_id > 781913)",
                  "Rows Removed by Filter": 1142197
                }
              ]
            }
          ]
        }
      ]
    },
    "Planning Time": 0.17,
    "Triggers": [],
    "Execution Time": 821.127
  }
]