[
    {
        "Bao": {
            "Bao prediction": "NaN",
            "Bao recommended hint": "(no hint)"
        }
    },
    {
        "Plan": {
            "Node Type": "Aggregate",
            "Strategy": "Plain",
            "Partial Mode": "Finalize",
            "Parallel Aware": false,
            "Startup Cost": 24588.83,
            "Total Cost": 24588.84,
            "Plan Rows": 1,
            "Plan Width": 8,
            "Actual Startup Time": 65.49,
            "Actual Total Time": 68.974,
            "Actual Rows": 1,
            "Actual Loops": 1,
            "Output": [
                "count(*)"
            ],
            "Plans": [
                {
                    "Node Type": "Gather",
                    "Parent Relationship": "Outer",
                    "Parallel Aware": false,
                    "Startup Cost": 24588.51,
                    "Total Cost": 24588.82,
                    "Plan Rows": 3,
                    "Plan Width": 8,
                    "Actual Startup Time": 65.2,
                    "Actual Total Time": 68.964,
                    "Actual Rows": 4,
                    "Actual Loops": 1,
                    "Output": [
                        "(PARTIAL count(*))"
                    ],
                    "Workers Planned": 3,
                    "Workers Launched": 3,
                    "Single Copy": false,
                    "Plans": [
                        {
                            "Node Type": "Aggregate",
                            "Strategy": "Plain",
                            "Partial Mode": "Partial",
                            "Parent Relationship": "Outer",
                            "Parallel Aware": false,
                            "Startup Cost": 23588.51,
                            "Total Cost": 23588.52,
                            "Plan Rows": 1,
                            "Plan Width": 8,
                            "Actual Startup Time": 56.246,
                            "Actual Total Time": 56.247,
                            "Actual Rows": 1,
                            "Actual Loops": 4,
                            "Output": [
                                "PARTIAL count(*)"
                            ],
                            "Workers": [
                                {
                                    "Worker Number": 0,
                                    "Actual Startup Time": 53.422,
                                    "Actual Total Time": 53.423,
                                    "Actual Rows": 1,
                                    "Actual Loops": 1
                                },
                                {
                                    "Worker Number": 1,
                                    "Actual Startup Time": 53.53,
                                    "Actual Total Time": 53.531,
                                    "Actual Rows": 1,
                                    "Actual Loops": 1
                                },
                                {
                                    "Worker Number": 2,
                                    "Actual Startup Time": 53.501,
                                    "Actual Total Time": 53.504,
                                    "Actual Rows": 1,
                                    "Actual Loops": 1
                                }
                            ],
                            "Plans": [
                                {
                                    "Node Type": "Bitmap Heap Scan",
                                    "Parent Relationship": "Outer",
                                    "Parallel Aware": true,
                                    "Relation Name": "movie_companies",
                                    "Schema": "public",
                                    "Alias": "mc",
                                    "Startup Cost": 3858.36,
                                    "Total Cost": 23514.88,
                                    "Plan Rows": 29452,
                                    "Plan Width": 0,
                                    "Actual Startup Time": 20.604,
                                    "Actual Total Time": 51.78,
                                    "Actual Rows": 45513,
                                    "Actual Loops": 4,
                                    "Recheck Cond": "(mc.company_id > 119521)",
                                    "Rows Removed by Index Recheck": 0,
                                    "Filter": "(mc.company_type_id = 2)",
                                    "Rows Removed by Filter": 0,
                                    "Exact Heap Blocks": 2116,
                                    "Lossy Heap Blocks": 0,
                                    "Workers": [
                                        {
                                            "Worker Number": 0,
                                            "Actual Startup Time": 17.804,
                                            "Actual Total Time": 49.509,
                                            "Actual Rows": 30540,
                                            "Actual Loops": 1
                                        },
                                        {
                                            "Worker Number": 1,
                                            "Actual Startup Time": 17.921,
                                            "Actual Total Time": 49.574,
                                            "Actual Rows": 30972,
                                            "Actual Loops": 1
                                        },
                                        {
                                            "Worker Number": 2,
                                            "Actual Startup Time": 18.005,
                                            "Actual Total Time": 49.572,
                                            "Actual Rows": 29737,
                                            "Actual Loops": 1
                                        }
                                    ],
                                    "Plans": [
                                        {
                                            "Node Type": "Bitmap Index Scan",
                                            "Parent Relationship": "Outer",
                                            "Parallel Aware": false,
                                            "Index Name": "company_id_movie_companies",
                                            "Startup Cost": 0.0,
                                            "Total Cost": 3835.54,
                                            "Plan Rows": 179081,
                                            "Plan Width": 0,
                                            "Actual Startup Time": 27.559,
                                            "Actual Total Time": 27.56,
                                            "Actual Rows": 182053,
                                            "Actual Loops": 1,
                                            "Index Cond": "(mc.company_id > 119521)"
                                        }
                                    ]
                                }
                            ]
                        }
                    ]
                }
            ]
        },
        "Planning Time": 285.064,
        "Triggers": [],
        "Execution Time": 69.08
    }
]