[
    {
        "Bao": {
            "Bao prediction": "NaN",
            "Bao recommended hint": "(no hint)"
        }
    },
    {
        "Plan": {
            "Node Type": "Aggregate",
            "Strategy": "Plain",
            "Partial Mode": "Finalize",
            "Parallel Aware": false,
            "Startup Cost": 242693.06,
            "Total Cost": 242693.07,
            "Plan Rows": 1,
            "Plan Width": 8,
            "Actual Startup Time": 139.307,
            "Actual Total Time": 153.204,
            "Actual Rows": 1,
            "Actual Loops": 1,
            "Output": [
                "count(*)"
            ],
            "Plans": [
                {
                    "Node Type": "Gather",
                    "Parent Relationship": "Outer",
                    "Parallel Aware": false,
                    "Startup Cost": 242692.64,
                    "Total Cost": 242693.05,
                    "Plan Rows": 4,
                    "Plan Width": 8,
                    "Actual Startup Time": 139.186,
                    "Actual Total Time": 153.197,
                    "Actual Rows": 5,
                    "Actual Loops": 1,
                    "Output": [
                        "(PARTIAL count(*))"
                    ],
                    "Workers Planned": 4,
                    "Workers Launched": 4,
                    "Single Copy": false,
                    "Plans": [
                        {
                            "Node Type": "Aggregate",
                            "Strategy": "Plain",
                            "Partial Mode": "Partial",
                            "Parent Relationship": "Outer",
                            "Parallel Aware": false,
                            "Startup Cost": 241692.64,
                            "Total Cost": 241692.65,
                            "Plan Rows": 1,
                            "Plan Width": 8,
                            "Actual Startup Time": 130.016,
                            "Actual Total Time": 130.018,
                            "Actual Rows": 1,
                            "Actual Loops": 5,
                            "Output": [
                                "PARTIAL count(*)"
                            ],
                            "Workers": [
                                {
                                    "Worker Number": 0,
                                    "Actual Startup Time": 127.376,
                                    "Actual Total Time": 127.377,
                                    "Actual Rows": 1,
                                    "Actual Loops": 1
                                },
                                {
                                    "Worker Number": 1,
                                    "Actual Startup Time": 127.458,
                                    "Actual Total Time": 127.459,
                                    "Actual Rows": 1,
                                    "Actual Loops": 1
                                },
                                {
                                    "Worker Number": 2,
                                    "Actual Startup Time": 128.029,
                                    "Actual Total Time": 128.03,
                                    "Actual Rows": 1,
                                    "Actual Loops": 1
                                },
                                {
                                    "Worker Number": 3,
                                    "Actual Startup Time": 128.312,
                                    "Actual Total Time": 128.313,
                                    "Actual Rows": 1,
                                    "Actual Loops": 1
                                }
                            ],
                            "Plans": [
                                {
                                    "Node Type": "Nested Loop",
                                    "Parent Relationship": "Outer",
                                    "Parallel Aware": false,
                                    "Join Type": "Inner",
                                    "Startup Cost": 0.43,
                                    "Total Cost": 241577.99,
                                    "Plan Rows": 45860,
                                    "Plan Width": 0,
                                    "Actual Startup Time": 0.299,
                                    "Actual Total Time": 128.296,
                                    "Actual Rows": 21011,
                                    "Actual Loops": 5,
                                    "Inner Unique": false,
                                    "Workers": [
                                        {
                                            "Worker Number": 0,
                                            "Actual Startup Time": 0.358,
                                            "Actual Total Time": 125.67,
                                            "Actual Rows": 16860,
                                            "Actual Loops": 1
                                        },
                                        {
                                            "Worker Number": 1,
                                            "Actual Startup Time": 0.384,
                                            "Actual Total Time": 125.786,
                                            "Actual Rows": 15942,
                                            "Actual Loops": 1
                                        },
                                        {
                                            "Worker Number": 2,
                                            "Actual Startup Time": 0.374,
                                            "Actual Total Time": 126.276,
                                            "Actual Rows": 17108,
                                            "Actual Loops": 1
                                        },
                                        {
                                            "Worker Number": 3,
                                            "Actual Startup Time": 0.351,
                                            "Actual Total Time": 126.568,
                                            "Actual Rows": 17275,
                                            "Actual Loops": 1
                                        }
                                    ],
                                    "Plans": [
                                        {
                                            "Node Type": "Seq Scan",
                                            "Parent Relationship": "Outer",
                                            "Parallel Aware": true,
                                            "Relation Name": "title",
                                            "Schema": "public",
                                            "Alias": "t",
                                            "Startup Cost": 0.0,
                                            "Total Cost": 45479.21,
                                            "Plan Rows": 7858,
                                            "Plan Width": 4,
                                            "Actual Startup Time": 0.099,
                                            "Actual Total Time": 60.59,
                                            "Actual Rows": 7039,
                                            "Actual Loops": 5,
                                            "Output": [
                                                "t.id",
                                                "t.title",
                                                "t.imdb_index",
                                                "t.kind_id",
                                                "t.production_year",
                                                "t.imdb_id",
                                                "t.phonetic_code",
                                                "t.episode_of_id",
                                                "t.season_nr",
                                                "t.episode_nr",
                                                "t.series_years",
                                                "t.md5sum"
                                            ],
                                            "Filter": "((t.kind_id > 3) AND (t.production_year = 1998))",
                                            "Rows Removed by Filter": 498623,
                                            "Workers": [
                                                {
                                                    "Worker Number": 0,
                                                    "Actual Startup Time": 0.117,
                                                    "Actual Total Time": 56.432,
                                                    "Actual Rows": 5647,
                                                    "Actual Loops": 1
                                                },
                                                {
                                                    "Worker Number": 1,
                                                    "Actual Startup Time": 0.119,
                                                    "Actual Total Time": 57.013,
                                                    "Actual Rows": 5191,
                                                    "Actual Loops": 1
                                                },
                                                {
                                                    "Worker Number": 2,
                                                    "Actual Startup Time": 0.126,
                                                    "Actual Total Time": 55.898,
                                                    "Actual Rows": 5739,
                                                    "Actual Loops": 1
                                                },
                                                {
                                                    "Worker Number": 3,
                                                    "Actual Startup Time": 0.121,
                                                    "Actual Total Time": 55.638,
                                                    "Actual Rows": 5704,
                                                    "Actual Loops": 1
                                                }
                                            ]
                                        },
                                        {
                                            "Node Type": "Index Only Scan",
                                            "Parent Relationship": "Inner",
                                            "Parallel Aware": false,
                                            "Scan Direction": "Forward",
                                            "Index Name": "movie_id_movie_info",
                                            "Relation Name": "movie_info",
                                            "Schema": "public",
                                            "Alias": "mi",
                                            "Startup Cost": 0.43,
                                            "Total Cost": 24.57,
                                            "Plan Rows": 39,
                                            "Plan Width": 4,
                                            "Actual Startup Time": 0.006,
                                            "Actual Total Time": 0.009,
                                            "Actual Rows": 3,
                                            "Actual Loops": 35195,
                                            "Output": [
                                                "mi.movie_id"
                                            ],
                                            "Index Cond": "(mi.movie_id = t.id)",
                                            "Rows Removed by Index Recheck": 0,
                                            "Heap Fetches": 105055,
                                            "Workers": [
                                                {
                                                    "Worker Number": 0,
                                                    "Actual Startup Time": 0.007,
                                                    "Actual Total Time": 0.011,
                                                    "Actual Rows": 3,
                                                    "Actual Loops": 5647
                                                },
                                                {
                                                    "Worker Number": 1,
                                                    "Actual Startup Time": 0.008,
                                                    "Actual Total Time": 0.012,
                                                    "Actual Rows": 3,
                                                    "Actual Loops": 5191
                                                },
                                                {
                                                    "Worker Number": 2,
                                                    "Actual Startup Time": 0.007,
                                                    "Actual Total Time": 0.011,
                                                    "Actual Rows": 3,
                                                    "Actual Loops": 5739
                                                },
                                                {
                                                    "Worker Number": 3,
                                                    "Actual Startup Time": 0.007,
                                                    "Actual Total Time": 0.012,
                                                    "Actual Rows": 3,
                                                    "Actual Loops": 5704
                                                }
                                            ]
                                        }
                                    ]
                                }
                            ]
                        }
                    ]
                }
            ]
        },
        "Planning Time": 198.493,
        "Triggers": [],
        "Execution Time": 153.258
    }
]