[
    {
        "Bao": {
            "Bao prediction": "NaN",
            "Bao recommended hint": "(no hint)"
        }
    },
    {
        "Plan": {
            "Node Type": "Aggregate",
            "Strategy": "Plain",
            "Partial Mode": "Finalize",
            "Parallel Aware": false,
            "Startup Cost": 112705.71,
            "Total Cost": 112705.72,
            "Plan Rows": 1,
            "Plan Width": 8,
            "Actual Startup Time": 680.69,
            "Actual Total Time": 693.089,
            "Actual Rows": 1,
            "Actual Loops": 1,
            "Output": [
                "count(*)"
            ],
            "Plans": [
                {
                    "Node Type": "Gather",
                    "Parent Relationship": "Outer",
                    "Parallel Aware": false,
                    "Startup Cost": 112705.39,
                    "Total Cost": 112705.7,
                    "Plan Rows": 3,
                    "Plan Width": 8,
                    "Actual Startup Time": 675.945,
                    "Actual Total Time": 693.08,
                    "Actual Rows": 4,
                    "Actual Loops": 1,
                    "Output": [
                        "(PARTIAL count(*))"
                    ],
                    "Workers Planned": 3,
                    "Workers Launched": 3,
                    "Single Copy": false,
                    "Plans": [
                        {
                            "Node Type": "Aggregate",
                            "Strategy": "Plain",
                            "Partial Mode": "Partial",
                            "Parent Relationship": "Outer",
                            "Parallel Aware": false,
                            "Startup Cost": 111705.39,
                            "Total Cost": 111705.4,
                            "Plan Rows": 1,
                            "Plan Width": 8,
                            "Actual Startup Time": 667.837,
                            "Actual Total Time": 668.224,
                            "Actual Rows": 1,
                            "Actual Loops": 4,
                            "Output": [
                                "PARTIAL count(*)"
                            ],
                            "Workers": [
                                {
                                    "Worker Number": 0,
                                    "Actual Startup Time": 665.517,
                                    "Actual Total Time": 665.522,
                                    "Actual Rows": 1,
                                    "Actual Loops": 1
                                },
                                {
                                    "Worker Number": 1,
                                    "Actual Startup Time": 665.1,
                                    "Actual Total Time": 665.104,
                                    "Actual Rows": 1,
                                    "Actual Loops": 1
                                },
                                {
                                    "Worker Number": 2,
                                    "Actual Startup Time": 665.057,
                                    "Actual Total Time": 665.061,
                                    "Actual Rows": 1,
                                    "Actual Loops": 1
                                }
                            ],
                            "Plans": [
                                {
                                    "Node Type": "Hash Join",
                                    "Parent Relationship": "Outer",
                                    "Parallel Aware": true,
                                    "Join Type": "Inner",
                                    "Startup Cost": 63100.1,
                                    "Total Cost": 111251.36,
                                    "Plan Rows": 181611,
                                    "Plan Width": 0,
                                    "Actual Startup Time": 319.094,
                                    "Actual Total Time": 598.645,
                                    "Actual Rows": 1612116,
                                    "Actual Loops": 4,
                                    "Inner Unique": false,
                                    "Hash Cond": "(mk.movie_id = t.id)",
                                    "Workers": [
                                        {
                                            "Worker Number": 0,
                                            "Actual Startup Time": 315.916,
                                            "Actual Total Time": 596.2,
                                            "Actual Rows": 1094537,
                                            "Actual Loops": 1
                                        },
                                        {
                                            "Worker Number": 1,
                                            "Actual Startup Time": 316.624,
                                            "Actual Total Time": 596.284,
                                            "Actual Rows": 1779224,
                                            "Actual Loops": 1
                                        },
                                        {
                                            "Worker Number": 2,
                                            "Actual Startup Time": 316.627,
                                            "Actual Total Time": 596.475,
                                            "Actual Rows": 1774028,
                                            "Actual Loops": 1
                                        }
                                    ],
                                    "Plans": [
                                        {
                                            "Node Type": "Seq Scan",
                                            "Parent Relationship": "Outer",
                                            "Parallel Aware": true,
                                            "Relation Name": "movie_keyword",
                                            "Schema": "public",
                                            "Alias": "mk",
                                            "Startup Cost": 0.0,
                                            "Total Cost": 42695.65,
                                            "Plan Rows": 1253039,
                                            "Plan Width": 4,
                                            "Actual Startup Time": 0.011,
                                            "Actual Total Time": 113.011,
                                            "Actual Rows": 974784,
                                            "Actual Loops": 4,
                                            "Output": [
                                                "mk.id",
                                                "mk.movie_id",
                                                "mk.keyword_id"
                                            ],
                                            "Filter": "(mk.keyword_id < 29320)",
                                            "Rows Removed by Filter": 156199,
                                            "Workers": [
                                                {
                                                    "Worker Number": 0,
                                                    "Actual Startup Time": 0.015,
                                                    "Actual Total Time": 116.271,
                                                    "Actual Rows": 650939,
                                                    "Actual Loops": 1
                                                },
                                                {
                                                    "Worker Number": 1,
                                                    "Actual Startup Time": 0.009,
                                                    "Actual Total Time": 114.881,
                                                    "Actual Rows": 1069989,
                                                    "Actual Loops": 1
                                                },
                                                {
                                                    "Worker Number": 2,
                                                    "Actual Startup Time": 0.01,
                                                    "Actual Total Time": 114.978,
                                                    "Actual Rows": 1072389,
                                                    "Actual Loops": 1
                                                }
                                            ]
                                        },
                                        {
                                            "Node Type": "Hash",
                                            "Parent Relationship": "Inner",
                                            "Parallel Aware": true,
                                            "Startup Cost": 61191.54,
                                            "Total Cost": 61191.54,
                                            "Plan Rows": 152685,
                                            "Plan Width": 8,
                                            "Actual Startup Time": 281.441,
                                            "Actual Total Time": 281.826,
                                            "Actual Rows": 157475,
                                            "Actual Loops": 4,
                                            "Output": [
                                                "t.id",
                                                "mi_idx.movie_id"
                                            ],
                                            "Hash Buckets": 1048576,
                                            "Original Hash Buckets": 524288,
                                            "Hash Batches": 1,
                                            "Original Hash Batches": 1,
                                            "Peak Memory Usage": 37024,
                                            "Workers": [
                                                {
                                                    "Worker Number": 0,
                                                    "Actual Startup Time": 279.688,
                                                    "Actual Total Time": 279.691,
                                                    "Actual Rows": 109632,
                                                    "Actual Loops": 1
                                                },
                                                {
                                                    "Worker Number": 1,
                                                    "Actual Startup Time": 280.222,
                                                    "Actual Total Time": 280.225,
                                                    "Actual Rows": 172073,
                                                    "Actual Loops": 1
                                                },
                                                {
                                                    "Worker Number": 2,
                                                    "Actual Startup Time": 280.194,
                                                    "Actual Total Time": 280.197,
                                                    "Actual Rows": 170359,
                                                    "Actual Loops": 1
                                                }
                                            ],
                                            "Plans": [
                                                {
                                                    "Node Type": "Hash Join",
                                                    "Parent Relationship": "Outer",
                                                    "Parallel Aware": true,
                                                    "Join Type": "Inner",
                                                    "Startup Cost": 45996.98,
                                                    "Total Cost": 61191.54,
                                                    "Plan Rows": 152685,
                                                    "Plan Width": 8,
                                                    "Actual Startup Time": 169.508,
                                                    "Actual Total Time": 234.638,
                                                    "Actual Rows": 157475,
                                                    "Actual Loops": 4,
                                                    "Output": [
                                                        "t.id",
                                                        "mi_idx.movie_id"
                                                    ],
                                                    "Inner Unique": true,
                                                    "Hash Cond": "(mi_idx.movie_id = t.id)",
                                                    "Workers": [
                                                        {
                                                            "Worker Number": 0,
                                                            "Actual Startup Time": 167.731,
                                                            "Actual Total Time": 231.935,
                                                            "Actual Rows": 109632,
                                                            "Actual Loops": 1
                                                        },
                                                        {
                                                            "Worker Number": 1,
                                                            "Actual Startup Time": 168.284,
                                                            "Actual Total Time": 233.49,
                                                            "Actual Rows": 172073,
                                                            "Actual Loops": 1
                                                        },
                                                        {
                                                            "Worker Number": 2,
                                                            "Actual Startup Time": 168.285,
                                                            "Actual Total Time": 233.771,
                                                            "Actual Rows": 170359,
                                                            "Actual Loops": 1
                                                        }
                                                    ],
                                                    "Plans": [
                                                        {
                                                            "Node Type": "Seq Scan",
                                                            "Parent Relationship": "Outer",
                                                            "Parallel Aware": true,
                                                            "Relation Name": "movie_info_idx",
                                                            "Schema": "public",
                                                            "Alias": "mi_idx",
                                                            "Startup Cost": 0.0,
                                                            "Total Cost": 13685.15,
                                                            "Plan Rows": 575015,
                                                            "Plan Width": 4,
                                                            "Actual Startup Time": 0.019,
                                                            "Actual Total Time": 30.517,
                                                            "Actual Rows": 345009,
                                                            "Actual Loops": 4,
                                                            "Output": [
                                                                "mi_idx.id",
                                                                "mi_idx.movie_id",
                                                                "mi_idx.info_type_id",
                                                                "mi_idx.info",
                                                                "mi_idx.note"
                                                            ],
                                                            "Workers": [
                                                                {
                                                                    "Worker Number": 0,
                                                                    "Actual Startup Time": 0.024,
                                                                    "Actual Total Time": 31.867,
                                                                    "Actual Rows": 238305,
                                                                    "Actual Loops": 1
                                                                },
                                                                {
                                                                    "Worker Number": 1,
                                                                    "Actual Startup Time": 0.023,
                                                                    "Actual Total Time": 31.325,
                                                                    "Actual Rows": 375485,
                                                                    "Actual Loops": 1
                                                                },
                                                                {
                                                                    "Worker Number": 2,
                                                                    "Actual Startup Time": 0.022,
                                                                    "Actual Total Time": 31.365,
                                                                    "Actual Rows": 371676,
                                                                    "Actual Loops": 1
                                                                }
                                                            ]
                                                        },
                                                        {
                                                            "Node Type": "Hash",
                                                            "Parent Relationship": "Inner",
                                                            "Parallel Aware": true,
                                                            "Startup Cost": 43899.01,
                                                            "Total Cost": 43899.01,
                                                            "Plan Rows": 167838,
                                                            "Plan Width": 4,
                                                            "Actual Startup Time": 137.506,
                                                            "Actual Total Time": 137.507,
                                                            "Actual Rows": 165706,
                                                            "Actual Loops": 4,
                                                            "Output": [
                                                                "t.id"
                                                            ],
                                                            "Hash Buckets": 1048576,
                                                            "Original Hash Buckets": 1048576,
                                                            "Hash Batches": 1,
                                                            "Original Hash Batches": 1,
                                                            "Peak Memory Usage": 34176,
                                                            "Workers": [
                                                                {
                                                                    "Worker Number": 0,
                                                                    "Actual Startup Time": 137.374,
                                                                    "Actual Total Time": 137.375,
                                                                    "Actual Rows": 103641,
                                                                    "Actual Loops": 1
                                                                },
                                                                {
                                                                    "Worker Number": 1,
                                                                    "Actual Startup Time": 137.972,
                                                                    "Actual Total Time": 137.973,
                                                                    "Actual Rows": 179581,
                                                                    "Actual Loops": 1
                                                                },
                                                                {
                                                                    "Worker Number": 2,
                                                                    "Actual Startup Time": 137.948,
                                                                    "Actual Total Time": 137.949,
                                                                    "Actual Rows": 178064,
                                                                    "Actual Loops": 1
                                                                }
                                                            ],
                                                            "Plans": [
                                                                {
                                                                    "Node Type": "Seq Scan",
                                                                    "Parent Relationship": "Outer",
                                                                    "Parallel Aware": true,
                                                                    "Relation Name": "title",
                                                                    "Schema": "public",
                                                                    "Alias": "t",
                                                                    "Startup Cost": 0.0,
                                                                    "Total Cost": 43899.01,
                                                                    "Plan Rows": 167838,
                                                                    "Plan Width": 4,
                                                                    "Actual Startup Time": 37.082,
                                                                    "Actual Total Time": 88.045,
                                                                    "Actual Rows": 165706,
                                                                    "Actual Loops": 4,
                                                                    "Output": [
                                                                        "t.id"
                                                                    ],
                                                                    "Filter": "(t.kind_id = 1)",
                                                                    "Rows Removed by Filter": 466372,
                                                                    "Workers": [
                                                                        {
                                                                            "Worker Number": 0,
                                                                            "Actual Startup Time": 47.887,
                                                                            "Actual Total Time": 88.562,
                                                                            "Actual Rows": 103641,
                                                                            "Actual Loops": 1
                                                                        },
                                                                        {
                                                                            "Worker Number": 1,
                                                                            "Actual Startup Time": 48.044,
                                                                            "Actual Total Time": 88.987,
                                                                            "Actual Rows": 179581,
                                                                            "Actual Loops": 1
                                                                        },
                                                                        {
                                                                            "Worker Number": 2,
                                                                            "Actual Startup Time": 47.839,
                                                                            "Actual Total Time": 88.526,
                                                                            "Actual Rows": 178064,
                                                                            "Actual Loops": 1
                                                                        }
                                                                    ]
                                                                }
                                                            ]
                                                        }
                                                    ]
                                                }
                                            ]
                                        }
                                    ]
                                }
                            ]
                        }
                    ]
                }
            ]
        },
        "Planning Time": 199.823,
        "Triggers": [],
        "Execution Time": 693.161
    }
]