{
  "Plan": {
    "Node Type": "Aggregate",
    "Strategy": "Plain",
    "Partial Mode": "Simple",
    "Parallel Aware": false,
    "Startup Cost": 94249.56,
    "Total Cost": 94249.57,
    "Plan Rows": 1,
    "Plan Width": 96,
    "Actual Startup Time": 357.216,
    "Actual Total Time": 382.076,
    "Actual Rows": 1,
    "Actual Loops": 1,
    "Plans": [
      {
        "Node Type": "Gather",
        "Parent Relationship": "Outer",
        "Parallel Aware": false,
        "Startup Cost": 1002.84,
        "Total Cost": 94249.56,
        "Plan Rows": 1,
        "Plan Width": 49,
        "Actual Startup Time": 165.177,
        "Actual Total Time": 382.033,
        "Actual Rows": 121,
        "Actual Loops": 1,
        "Workers Planned": 1,
        "Workers Launched": 1,
        "Single Copy": false,
        "Plans": [
          {
            "Node Type": "Nested Loop",
            "Parent Relationship": "Outer",
            "Parallel Aware": false,
            "Join Type": "Inner",
            "Startup Cost": 2.83,
            "Total Cost": 93249.46,
            "Plan Rows": 1,
            "Plan Width": 49,
            "Actual Startup Time": 155.062,
            "Actual Total Time": 349.35,
            "Actual Rows": 60,
            "Actual Loops": 2,
            "Inner Unique": true,
            "Plans": [
              {
                "Node Type": "Nested Loop",
                "Parent Relationship": "Outer",
                "Parallel Aware": false,
                "Join Type": "Inner",
                "Startup Cost": 2.4,
                "Total Cost": 93248.8,
                "Plan Rows": 1,
                "Plan Width": 37,
                "Actual Startup Time": 152.131,
                "Actual Total Time": 348.898,
                "Actual Rows": 64,
                "Actual Loops": 2,
                "Inner Unique": true,
                "Plans": [
                  {
                    "Node Type": "Nested Loop",
                    "Parent Relationship": "Outer",
                    "Parallel Aware": false,
                    "Join Type": "Inner",
                    "Startup Cost": 1.98,
                    "Total Cost": 93248.31,
                    "Plan Rows": 1,
                    "Plan Width": 41,
                    "Actual Startup Time": 151.642,
                    "Actual Total Time": 348.493,
                    "Actual Rows": 65,
                    "Actual Loops": 2,
                    "Inner Unique": false,
                    "Join Filter": "(ci.movie_id = mc.movie_id)",
                    "Rows Removed by Join Filter": 0,
                    "Plans": [
                      {
                        "Node Type": "Nested Loop",
                        "Parent Relationship": "Outer",
                        "Parallel Aware": false,
                        "Join Type": "Inner",
                        "Startup Cost": 1.55,
                        "Total Cost": 93247.66,
                        "Plan Rows": 1,
                        "Plan Width": 45,
                        "Actual Startup Time": 151.295,
                        "Actual Total Time": 347.426,
                        "Actual Rows": 78,
                        "Actual Loops": 2,
                        "Inner Unique": true,
                        "Plans": [
                          {
                            "Node Type": "Nested Loop",
                            "Parent Relationship": "Outer",
                            "Parallel Aware": false,
                            "Join Type": "Inner",
                            "Startup Cost": 1.12,
                            "Total Cost": 93246.36,
                            "Plan Rows": 2,
                            "Plan Width": 24,
                            "Actual Startup Time": 150.374,
                            "Actual Total Time": 345.301,
                            "Actual Rows": 212,
                            "Actual Loops": 2,
                            "Inner Unique": true,
                            "Plans": [
                              {
                                "Node Type": "Nested Loop",
                                "Parent Relationship": "Outer",
                                "Parallel Aware": false,
                                "Join Type": "Inner",
                                "Startup Cost": 0.99,
                                "Total Cost": 93241.69,
                                "Plan Rows": 30,
                                "Plan Width": 28,
                                "Actual Startup Time": 150.354,
                                "Actual Total Time": 344.962,
                                "Actual Rows": 212,
                                "Actual Loops": 2,
                                "Inner Unique": false,
                                "Plans": [
                                  {
                                    "Node Type": "Nested Loop",
                                    "Parent Relationship": "Outer",
                                    "Parallel Aware": false,
                                    "Join Type": "Inner",
                                    "Startup Cost": 0.42,
                                    "Total Cost": 93077.98,
                                    "Plan Rows": 12,
                                    "Plan Width": 24,
                                    "Actual Startup Time": 146.695,
                                    "Actual Total Time": 332.324,
                                    "Actual Rows": 779,
                                    "Actual Loops": 2,
                                    "Inner Unique": false,
                                    "Plans": [
                                      {
                                        "Node Type": "Seq Scan",
                                        "Parent Relationship": "Outer",
                                        "Parallel Aware": true,
                                        "Relation Name": "name",
                                        "Alias": "n",
                                        "Startup Cost": 0.0,
                                        "Total Cost": 92383.97,
                                        "Plan Rows": 56,
                                        "Plan Width": 4,
                                        "Actual Startup Time": 146.247,
                                        "Actual Total Time": 320.682,
                                        "Actual Rows": 3384,
                                        "Actual Loops": 2,
                                        "Filter": "((name ~~ '%Ang%'::text) AND ((gender)::text = 'f'::text))",
                                        "Rows Removed by Filter": 2080362
                                      },
                                      {
                                        "Node Type": "Index Scan",
                                        "Parent Relationship": "Inner",
                                        "Parallel Aware": false,
                                        "Scan Direction": "Forward",
                                        "Index Name": "person_id_aka_name",
                                        "Relation Name": "aka_name",
                                        "Alias": "an",
                                        "Startup Cost": 0.42,
                                        "Total Cost": 12.37,
                                        "Plan Rows": 2,
                                        "Plan Width": 20,
                                        "Actual Startup Time": 0.003,
                                        "Actual Total Time": 0.003,
                                        "Actual Rows": 0,
                                        "Actual Loops": 6768,
                                        "Index Cond": "(person_id = n.id)",
                                        "Rows Removed by Index Recheck": 0
                                      }
                                    ]
                                  },
                                  {
                                    "Node Type": "Index Scan",
                                    "Parent Relationship": "Inner",
                                    "Parallel Aware": false,
                                    "Scan Direction": "Forward",
                                    "Index Name": "person_id_cast_info",
                                    "Relation Name": "cast_info",
                                    "Alias": "ci",
                                    "Startup Cost": 0.56,
                                    "Total Cost": 13.51,
                                    "Plan Rows": 13,
                                    "Plan Width": 16,
                                    "Actual Startup Time": 0.015,
                                    "Actual Total Time": 0.016,
                                    "Actual Rows": 0,
                                    "Actual Loops": 1558,
                                    "Index Cond": "(person_id = an.person_id)",
                                    "Rows Removed by Index Recheck": 0,
                                    "Filter": "(note = ANY ('{(voice),\"(voice: Japanese version)\",\"(voice) (uncredited)\",\"(voice: English version)\"}'::text[]))",
                                    "Rows Removed by Filter": 44
                                  }
                                ]
                              },
                              {
                                "Node Type": "Index Scan",
                                "Parent Relationship": "Inner",
                                "Parallel Aware": false,
                                "Scan Direction": "Forward",
                                "Index Name": "role_type_pkey",
                                "Relation Name": "role_type",
                                "Alias": "rt",
                                "Startup Cost": 0.14,
                                "Total Cost": 0.16,
                                "Plan Rows": 1,
                                "Plan Width": 4,
                                "Actual Startup Time": 0.001,
                                "Actual Total Time": 0.001,
                                "Actual Rows": 1,
                                "Actual Loops": 425,
                                "Index Cond": "(id = ci.role_id)",
                                "Rows Removed by Index Recheck": 0,
                                "Filter": "((role)::text = 'actress'::text)",
                                "Rows Removed by Filter": 0
                              }
                            ]
                          },
                          {
                            "Node Type": "Index Scan",
                            "Parent Relationship": "Inner",
                            "Parallel Aware": false,
                            "Scan Direction": "Forward",
                            "Index Name": "title_pkey",
                            "Relation Name": "title",
                            "Alias": "t",
                            "Startup Cost": 0.43,
                            "Total Cost": 0.65,
                            "Plan Rows": 1,
                            "Plan Width": 21,
                            "Actual Startup Time": 0.01,
                            "Actual Total Time": 0.01,
                            "Actual Rows": 0,
                            "Actual Loops": 425,
                            "Index Cond": "(id = ci.movie_id)",
                            "Rows Removed by Index Recheck": 0,
                            "Filter": "((production_year >= 2005) AND (production_year <= 2015))",
                            "Rows Removed by Filter": 1
                          }
                        ]
                      },
                      {
                        "Node Type": "Index Scan",
                        "Parent Relationship": "Inner",
                        "Parallel Aware": false,
                        "Scan Direction": "Forward",
                        "Index Name": "movie_id_movie_companies",
                        "Relation Name": "movie_companies",
                        "Alias": "mc",
                        "Startup Cost": 0.43,
                        "Total Cost": 0.64,
                        "Plan Rows": 1,
                        "Plan Width": 8,
                        "Actual Startup Time": 0.011,
                        "Actual Total Time": 0.013,
                        "Actual Rows": 1,
                        "Actual Loops": 155,
                        "Index Cond": "(movie_id = t.id)",
                        "Rows Removed by Index Recheck": 0,
                        "Filter": "((note IS NOT NULL) AND ((note ~~ '%(USA)%'::text) OR (note ~~ '%(worldwide)%'::text)))",
                        "Rows Removed by Filter": 5
                      }
                    ]
                  },
                  {
                    "Node Type": "Index Scan",
                    "Parent Relationship": "Inner",
                    "Parallel Aware": false,
                    "Scan Direction": "Forward",
                    "Index Name": "company_name_pkey",
                    "Relation Name": "company_name",
                    "Alias": "cn",
                    "Startup Cost": 0.42,
                    "Total Cost": 0.49,
                    "Plan Rows": 1,
                    "Plan Width": 4,
                    "Actual Startup Time": 0.006,
                    "Actual Total Time": 0.006,
                    "Actual Rows": 1,
                    "Actual Loops": 130,
                    "Index Cond": "(id = mc.company_id)",
                    "Rows Removed by Index Recheck": 0,
                    "Filter": "((country_code)::text = '[us]'::text)",
                    "Rows Removed by Filter": 0
                  }
                ]
              },
              {
                "Node Type": "Index Scan",
                "Parent Relationship": "Inner",
                "Parallel Aware": false,
                "Scan Direction": "Forward",
                "Index Name": "char_name_pkey",
                "Relation Name": "char_name",
                "Alias": "chn",
                "Startup Cost": 0.43,
                "Total Cost": 0.66,
                "Plan Rows": 1,
                "Plan Width": 20,
                "Actual Startup Time": 0.007,
                "Actual Total Time": 0.007,
                "Actual Rows": 1,
                "Actual Loops": 127,
                "Index Cond": "(id = ci.person_role_id)",
                "Rows Removed by Index Recheck": 0
              }
            ]
          }
        ]
      }
    ]
  },
  "Planning Time": 2.009,
  "Triggers": [],
  "Execution Time": 382.236
}