[
  {
    "Plan": {
      "Node Type": "Aggregate",
      "Strategy": "Plain",
      "Partial Mode": "Finalize",
      "Parallel Aware": false,
      "Startup Cost": 46807.8,
      "Total Cost": 46807.81,
      "Plan Rows": 1,
      "Plan Width": 8,
      "Actual Startup Time": 92.299,
      "Actual Total Time": 104.53,
      "Actual Rows": 1,
      "Actual Loops": 1,
      "Plans": [
        {
          "Node Type": "Gather",
          "Parent Relationship": "Outer",
          "Parallel Aware": false,
          "Startup Cost": 46807.38,
          "Total Cost": 46807.79,
          "Plan Rows": 4,
          "Plan Width": 8,
          "Actual Startup Time": 91.996,
          "Actual Total Time": 104.519,
          "Actual Rows": 5,
          "Actual Loops": 1,
          "Workers Planned": 4,
          "Workers Launched": 4,
          "Single Copy": false,
          "Plans": [
            {
              "Node Type": "Aggregate",
              "Strategy": "Plain",
              "Partial Mode": "Partial",
              "Parent Relationship": "Outer",
              "Parallel Aware": false,
              "Startup Cost": 45807.38,
              "Total Cost": 45807.39,
              "Plan Rows": 1,
              "Plan Width": 8,
              "Actual Startup Time": 85.472,
              "Actual Total Time": 85.474,
              "Actual Rows": 1,
              "Actual Loops": 5,
              "Plans": [
                {
                  "Node Type": "Seq Scan",
                  "Parent Relationship": "Outer",
                  "Parallel Aware": true,
                  "Relation Name": "title",
                  "Alias": "t",
                  "Startup Cost": 0.0,
                  "Total Cost": 45479.59,
                  "Plan Rows": 131117,
                  "Plan Width": 0,
                  "Actual Startup Time": 0.043,
                  "Actual Total Time": 80.103,
                  "Actual Rows": 121906,
                  "Actual Loops": 5,
                  "Filter": "((kind_id < 7) AND (production_year < 2005))",
                  "Rows Removed by Filter": 383756
                }
              ]
            }
          ]
        }
      ]
    },
    "Planning Time": 0.075,
    "Triggers": [],
    "Execution Time": 104.556
  }
]