{
  "Plan": {
    "Node Type": "Aggregate",
    "Strategy": "Plain",
    "Partial Mode": "Finalize",
    "Parallel Aware": false,
    "Startup Cost": 117615.45,
    "Total Cost": 117615.46,
    "Plan Rows": 1,
    "Plan Width": 8,
    "Actual Startup Time": 458.758,
    "Actual Total Time": 476.046,
    "Actual Rows": 1,
    "Actual Loops": 1,
    "Plans": [
      {
        "Node Type": "Gather",
        "Parent Relationship": "Outer",
        "Parallel Aware": false,
        "Startup Cost": 117615.34,
        "Total Cost": 117615.45,
        "Plan Rows": 1,
        "Plan Width": 8,
        "Actual Startup Time": 458.505,
        "Actual Total Time": 476.039,
        "Actual Rows": 2,
        "Actual Loops": 1,
        "Workers Planned": 1,
        "Workers Launched": 1,
        "Single Copy": false,
        "Plans": [
          {
            "Node Type": "Aggregate",
            "Strategy": "Plain",
            "Partial Mode": "Partial",
            "Parent Relationship": "Outer",
            "Parallel Aware": false,
            "Startup Cost": 116615.34,
            "Total Cost": 116615.35,
            "Plan Rows": 1,
            "Plan Width": 8,
            "Actual Startup Time": 453.266,
            "Actual Total Time": 453.269,
            "Actual Rows": 1,
            "Actual Loops": 2,
            "Plans": [
              {
                "Node Type": "Hash Join",
                "Parent Relationship": "Outer",
                "Parallel Aware": true,
                "Join Type": "Inner",
                "Startup Cost": 58496.49,
                "Total Cost": 116547.34,
                "Plan Rows": 27201,
                "Plan Width": 0,
                "Actual Startup Time": 142.996,
                "Actual Total Time": 452.569,
                "Actual Rows": 14910,
                "Actual Loops": 2,
                "Inner Unique": true,
                "Hash Cond": "(mk.movie_id = t.id)",
                "Plans": [
                  {
                    "Node Type": "Seq Scan",
                    "Parent Relationship": "Outer",
                    "Parallel Aware": true,
                    "Relation Name": "movie_keyword",
                    "Alias": "mk",
                    "Startup Cost": 0.0,
                    "Total Cost": 51065.35,
                    "Plan Rows": 2661135,
                    "Plan Width": 4,
                    "Actual Startup Time": 0.01,
                    "Actual Total Time": 154.183,
                    "Actual Rows": 2261965,
                    "Actual Loops": 2
                  },
                  {
                    "Node Type": "Hash",
                    "Parent Relationship": "Inner",
                    "Parallel Aware": true,
                    "Startup Cost": 58306.47,
                    "Total Cost": 58306.47,
                    "Plan Rows": 15202,
                    "Plan Width": 4,
                    "Actual Startup Time": 141.631,
                    "Actual Total Time": 141.632,
                    "Actual Rows": 11854,
                    "Actual Loops": 2,
                    "Hash Buckets": 32768,
                    "Original Hash Buckets": 32768,
                    "Hash Batches": 1,
                    "Original Hash Batches": 1,
                    "Peak Memory Usage": 1216,
                    "Plans": [
                      {
                        "Node Type": "Seq Scan",
                        "Parent Relationship": "Outer",
                        "Parallel Aware": true,
                        "Relation Name": "title",
                        "Alias": "t",
                        "Startup Cost": 0.0,
                        "Total Cost": 58306.47,
                        "Plan Rows": 15202,
                        "Plan Width": 4,
                        "Actual Startup Time": 0.775,
                        "Actual Total Time": 138.168,
                        "Actual Rows": 11854,
                        "Actual Loops": 2,
                        "Filter": "((kind_id < 7) AND (production_year = 2013))",
                        "Rows Removed by Filter": 1252302
                      }
                    ]
                  }
                ]
              }
            ]
          }
        ]
      }
    ]
  },
  "Planning Time": 0.442,
  "Triggers": [],
  "Execution Time": 476.117
}