{
  "Plan": {
    "Node Type": "Aggregate",
    "Strategy": "Plain",
    "Partial Mode": "Finalize",
    "Parallel Aware": false,
    "Startup Cost": 651946.04,
    "Total Cost": 651946.05,
    "Plan Rows": 1,
    "Plan Width": 8,
    "Actual Startup Time": 2182.715,
    "Actual Total Time": 2240.873,
    "Actual Rows": 1,
    "Actual Loops": 1,
    "Plans": [
      {
        "Node Type": "Gather",
        "Parent Relationship": "Outer",
        "Parallel Aware": false,
        "Startup Cost": 651945.93,
        "Total Cost": 651946.04,
        "Plan Rows": 1,
        "Plan Width": 8,
        "Actual Startup Time": 2182.403,
        "Actual Total Time": 2240.861,
        "Actual Rows": 2,
        "Actual Loops": 1,
        "Workers Planned": 1,
        "Workers Launched": 1,
        "Single Copy": false,
        "Plans": [
          {
            "Node Type": "Aggregate",
            "Strategy": "Plain",
            "Partial Mode": "Partial",
            "Parent Relationship": "Outer",
            "Parallel Aware": false,
            "Startup Cost": 650945.93,
            "Total Cost": 650945.94,
            "Plan Rows": 1,
            "Plan Width": 8,
            "Actual Startup Time": 2176.641,
            "Actual Total Time": 2176.645,
            "Actual Rows": 1,
            "Actual Loops": 2,
            "Plans": [
              {
                "Node Type": "Hash Join",
                "Parent Relationship": "Outer",
                "Parallel Aware": true,
                "Join Type": "Inner",
                "Startup Cost": 58457.13,
                "Total Cost": 650791.65,
                "Plan Rows": 61712,
                "Plan Width": 0,
                "Actual Startup Time": 712.6,
                "Actual Total Time": 2174.077,
                "Actual Rows": 45660,
                "Actual Loops": 2,
                "Inner Unique": true,
                "Hash Cond": "(ci.movie_id = t.id)",
                "Plans": [
                  {
                    "Node Type": "Seq Scan",
                    "Parent Relationship": "Outer",
                    "Parallel Aware": true,
                    "Relation Name": "cast_info",
                    "Alias": "ci",
                    "Startup Cost": 0.0,
                    "Total Cost": 572345.93,
                    "Plan Rows": 7614688,
                    "Plan Width": 4,
                    "Actual Startup Time": 565.52,
                    "Actual Total Time": 1622.357,
                    "Actual Rows": 5300144,
                    "Actual Loops": 2,
                    "Filter": "((person_id > 1936002) AND (role_id < 6))",
                    "Rows Removed by Filter": 12822028
                  },
                  {
                    "Node Type": "Hash",
                    "Parent Relationship": "Inner",
                    "Parallel Aware": true,
                    "Startup Cost": 58306.47,
                    "Total Cost": 58306.47,
                    "Plan Rows": 12053,
                    "Plan Width": 4,
                    "Actual Startup Time": 146.08,
                    "Actual Total Time": 146.081,
                    "Actual Rows": 9446,
                    "Actual Loops": 2,
                    "Hash Buckets": 32768,
                    "Original Hash Buckets": 32768,
                    "Hash Batches": 1,
                    "Original Hash Batches": 1,
                    "Peak Memory Usage": 1024,
                    "Plans": [
                      {
                        "Node Type": "Seq Scan",
                        "Parent Relationship": "Outer",
                        "Parallel Aware": true,
                        "Relation Name": "title",
                        "Alias": "t",
                        "Startup Cost": 0.0,
                        "Total Cost": 58306.47,
                        "Plan Rows": 12053,
                        "Plan Width": 4,
                        "Actual Startup Time": 0.275,
                        "Actual Total Time": 142.556,
                        "Actual Rows": 9446,
                        "Actual Loops": 2,
                        "Filter": "((kind_id < 7) AND (production_year = 2001))",
                        "Rows Removed by Filter": 1254710
                      }
                    ]
                  }
                ]
              }
            ]
          }
        ]
      }
    ]
  },
  "Planning Time": 0.521,
  "Triggers": [],
  "Execution Time": 2240.96
}