[
    {
        "Bao": {
            "Bao prediction": "NaN",
            "Bao recommended hint": "(no hint)"
        }
    },
    {
        "Plan": {
            "Node Type": "Aggregate",
            "Strategy": "Plain",
            "Partial Mode": "Finalize",
            "Parallel Aware": false,
            "Startup Cost": 296350.59,
            "Total Cost": 296350.6,
            "Plan Rows": 1,
            "Plan Width": 8,
            "Actual Startup Time": 133.85,
            "Actual Total Time": 137.904,
            "Actual Rows": 1,
            "Actual Loops": 1,
            "Output": [
                "count(*)"
            ],
            "Plans": [
                {
                    "Node Type": "Gather",
                    "Parent Relationship": "Outer",
                    "Parallel Aware": false,
                    "Startup Cost": 296349.97,
                    "Total Cost": 296350.58,
                    "Plan Rows": 6,
                    "Plan Width": 8,
                    "Actual Startup Time": 133.367,
                    "Actual Total Time": 137.897,
                    "Actual Rows": 7,
                    "Actual Loops": 1,
                    "Output": [
                        "(PARTIAL count(*))"
                    ],
                    "Workers Planned": 6,
                    "Workers Launched": 6,
                    "Single Copy": false,
                    "Plans": [
                        {
                            "Node Type": "Aggregate",
                            "Strategy": "Plain",
                            "Partial Mode": "Partial",
                            "Parent Relationship": "Outer",
                            "Parallel Aware": false,
                            "Startup Cost": 295349.97,
                            "Total Cost": 295349.98,
                            "Plan Rows": 1,
                            "Plan Width": 8,
                            "Actual Startup Time": 122.403,
                            "Actual Total Time": 122.404,
                            "Actual Rows": 1,
                            "Actual Loops": 7,
                            "Output": [
                                "PARTIAL count(*)"
                            ],
                            "Workers": [
                                {
                                    "Worker Number": 0,
                                    "Actual Startup Time": 119.859,
                                    "Actual Total Time": 119.86,
                                    "Actual Rows": 1,
                                    "Actual Loops": 1
                                },
                                {
                                    "Worker Number": 1,
                                    "Actual Startup Time": 120.157,
                                    "Actual Total Time": 120.158,
                                    "Actual Rows": 1,
                                    "Actual Loops": 1
                                },
                                {
                                    "Worker Number": 2,
                                    "Actual Startup Time": 120.354,
                                    "Actual Total Time": 120.355,
                                    "Actual Rows": 1,
                                    "Actual Loops": 1
                                },
                                {
                                    "Worker Number": 3,
                                    "Actual Startup Time": 121.039,
                                    "Actual Total Time": 121.041,
                                    "Actual Rows": 1,
                                    "Actual Loops": 1
                                },
                                {
                                    "Worker Number": 4,
                                    "Actual Startup Time": 121.276,
                                    "Actual Total Time": 121.277,
                                    "Actual Rows": 1,
                                    "Actual Loops": 1
                                },
                                {
                                    "Worker Number": 5,
                                    "Actual Startup Time": 121.588,
                                    "Actual Total Time": 121.589,
                                    "Actual Rows": 1,
                                    "Actual Loops": 1
                                }
                            ],
                            "Plans": [
                                {
                                    "Node Type": "Bitmap Heap Scan",
                                    "Parent Relationship": "Outer",
                                    "Parallel Aware": true,
                                    "Relation Name": "cast_info",
                                    "Schema": "public",
                                    "Alias": "ci",
                                    "Startup Cost": 37890.27,
                                    "Total Cost": 294884.8,
                                    "Plan Rows": 186066,
                                    "Plan Width": 0,
                                    "Actual Startup Time": 97.762,
                                    "Actual Total Time": 119.175,
                                    "Actual Rows": 69957,
                                    "Actual Loops": 7,
                                    "Recheck Cond": "(ci.person_id < 172779)",
                                    "Rows Removed by Index Recheck": 0,
                                    "Filter": "(ci.role_id > 1)",
                                    "Rows Removed by Filter": 177544,
                                    "Exact Heap Blocks": 4988,
                                    "Lossy Heap Blocks": 0,
                                    "Workers": [
                                        {
                                            "Worker Number": 0,
                                            "Actual Startup Time": 95.205,
                                            "Actual Total Time": 116.986,
                                            "Actual Rows": 64774,
                                            "Actual Loops": 1
                                        },
                                        {
                                            "Worker Number": 1,
                                            "Actual Startup Time": 95.493,
                                            "Actual Total Time": 117.041,
                                            "Actual Rows": 72423,
                                            "Actual Loops": 1
                                        },
                                        {
                                            "Worker Number": 2,
                                            "Actual Startup Time": 95.754,
                                            "Actual Total Time": 117.502,
                                            "Actual Rows": 63966,
                                            "Actual Loops": 1
                                        },
                                        {
                                            "Worker Number": 3,
                                            "Actual Startup Time": 96.427,
                                            "Actual Total Time": 117.715,
                                            "Actual Rows": 47681,
                                            "Actual Loops": 1
                                        },
                                        {
                                            "Worker Number": 4,
                                            "Actual Startup Time": 96.638,
                                            "Actual Total Time": 118.165,
                                            "Actual Rows": 71823,
                                            "Actual Loops": 1
                                        },
                                        {
                                            "Worker Number": 5,
                                            "Actual Startup Time": 96.934,
                                            "Actual Total Time": 118.463,
                                            "Actual Rows": 72346,
                                            "Actual Loops": 1
                                        }
                                    ],
                                    "Plans": [
                                        {
                                            "Node Type": "Bitmap Index Scan",
                                            "Parent Relationship": "Outer",
                                            "Parallel Aware": false,
                                            "Index Name": "person_id_cast_info",
                                            "Startup Cost": 0.0,
                                            "Total Cost": 37611.17,
                                            "Plan Rows": 1723014,
                                            "Plan Width": 0,
                                            "Actual Startup Time": 60.794,
                                            "Actual Total Time": 60.794,
                                            "Actual Rows": 1732508,
                                            "Actual Loops": 1,
                                            "Index Cond": "(ci.person_id < 172779)"
                                        }
                                    ]
                                }
                            ]
                        }
                    ]
                }
            ]
        },
        "Planning Time": 176.468,
        "Triggers": [],
        "Execution Time": 138.006
    }
]