[
  {
    "Plan": {
      "Node Type": "Aggregate",
      "Strategy": "Plain",
      "Partial Mode": "Finalize",
      "Parallel Aware": false,
      "Startup Cost": 140030.86,
      "Total Cost": 140030.87,
      "Plan Rows": 1,
      "Plan Width": 8,
      "Actual Startup Time": 1086.873,
      "Actual Total Time": 1137.351,
      "Actual Rows": 1,
      "Actual Loops": 1,
      "Plans": [
        {
          "Node Type": "Gather",
          "Parent Relationship": "Outer",
          "Parallel Aware": false,
          "Startup Cost": 140030.54,
          "Total Cost": 140030.85,
          "Plan Rows": 3,
          "Plan Width": 8,
          "Actual Startup Time": 1078.088,
          "Actual Total Time": 1137.343,
          "Actual Rows": 4,
          "Actual Loops": 1,
          "Workers Planned": 3,
          "Workers Launched": 3,
          "Single Copy": false,
          "Plans": [
            {
              "Node Type": "Aggregate",
              "Strategy": "Plain",
              "Partial Mode": "Partial",
              "Parent Relationship": "Outer",
              "Parallel Aware": false,
              "Startup Cost": 139030.54,
              "Total Cost": 139030.55,
              "Plan Rows": 1,
              "Plan Width": 8,
              "Actual Startup Time": 1064.696,
              "Actual Total Time": 1064.7,
              "Actual Rows": 1,
              "Actual Loops": 4,
              "Plans": [
                {
                  "Node Type": "Nested Loop",
                  "Parent Relationship": "Outer",
                  "Parallel Aware": false,
                  "Join Type": "Inner",
                  "Startup Cost": 52338.29,
                  "Total Cost": 138558.21,
                  "Plan Rows": 188930,
                  "Plan Width": 0,
                  "Actual Startup Time": 374.625,
                  "Actual Total Time": 1010.891,
                  "Actual Rows": 995684,
                  "Actual Loops": 4,
                  "Inner Unique": false,
                  "Plans": [
                    {
                      "Node Type": "Hash Join",
                      "Parent Relationship": "Outer",
                      "Parallel Aware": true,
                      "Join Type": "Inner",
                      "Startup Cost": 52337.85,
                      "Total Cost": 77278.52,
                      "Plan Rows": 32176,
                      "Plan Width": 8,
                      "Actual Startup Time": 374.508,
                      "Actual Total Time": 429.665,
                      "Actual Rows": 26114,
                      "Actual Loops": 4,
                      "Inner Unique": true,
                      "Hash Cond": "(mk.movie_id = t.id)",
                      "Plans": [
                        {
                          "Node Type": "Bitmap Heap Scan",
                          "Parent Relationship": "Outer",
                          "Parallel Aware": true,
                          "Relation Name": "movie_keyword",
                          "Alias": "mk",
                          "Startup Cost": 2117.47,
                          "Total Cost": 26973.68,
                          "Plan Rows": 32176,
                          "Plan Width": 4,
                          "Actual Startup Time": 15.719,
                          "Actual Total Time": 45.815,
                          "Actual Rows": 26114,
                          "Actual Loops": 4,
                          "Recheck Cond": "(keyword_id < 107)",
                          "Rows Removed by Index Recheck": 0,
                          "Exact Heap Blocks": 6779,
                          "Lossy Heap Blocks": 0,
                          "Plans": [
                            {
                              "Node Type": "Bitmap Index Scan",
                              "Parent Relationship": "Outer",
                              "Parallel Aware": false,
                              "Index Name": "keyword_id_movie_keyword",
                              "Startup Cost": 0.0,
                              "Total Cost": 2092.53,
                              "Plan Rows": 99747,
                              "Plan Width": 0,
                              "Actual Startup Time": 10.572,
                              "Actual Total Time": 10.573,
                              "Actual Rows": 104458,
                              "Actual Loops": 1,
                              "Index Cond": "(keyword_id < 107)"
                            }
                          ]
                        },
                        {
                          "Node Type": "Hash",
                          "Parent Relationship": "Inner",
                          "Parallel Aware": true,
                          "Startup Cost": 42319.06,
                          "Total Cost": 42319.06,
                          "Plan Rows": 632106,
                          "Plan Width": 4,
                          "Actual Startup Time": 350.287,
                          "Actual Total Time": 350.287,
                          "Actual Rows": 632078,
                          "Actual Loops": 4,
                          "Hash Buckets": 4194304,
                          "Original Hash Buckets": 4194304,
                          "Hash Batches": 1,
                          "Original Hash Batches": 1,
                          "Peak Memory Usage": 131744,
                          "Plans": [
                            {
                              "Node Type": "Seq Scan",
                              "Parent Relationship": "Outer",
                              "Parallel Aware": true,
                              "Relation Name": "title",
                              "Alias": "t",
                              "Startup Cost": 0.0,
                              "Total Cost": 42319.06,
                              "Plan Rows": 632106,
                              "Plan Width": 4,
                              "Actual Startup Time": 0.049,
                              "Actual Total Time": 103.29,
                              "Actual Rows": 632078,
                              "Actual Loops": 4
                            }
                          ]
                        }
                      ]
                    },
                    {
                      "Node Type": "Index Only Scan",
                      "Parent Relationship": "Inner",
                      "Parallel Aware": false,
                      "Scan Direction": "Forward",
                      "Index Name": "movie_id_movie_info",
                      "Relation Name": "movie_info",
                      "Alias": "mi",
                      "Startup Cost": 0.43,
                      "Total Cost": 1.49,
                      "Plan Rows": 41,
                      "Plan Width": 4,
                      "Actual Startup Time": 0.005,
                      "Actual Total Time": 0.019,
                      "Actual Rows": 38,
                      "Actual Loops": 104458,
                      "Index Cond": "(movie_id = t.id)",
                      "Rows Removed by Index Recheck": 0,
                      "Heap Fetches": 3982735
                    }
                  ]
                }
              ]
            }
          ]
        }
      ]
    },
    "Planning Time": 0.487,
    "Triggers": [],
    "Execution Time": 1137.414
  }
]