[
  {
    "Plan": {
      "Node Type": "Aggregate",
      "Strategy": "Plain",
      "Partial Mode": "Finalize",
      "Parallel Aware": false,
      "Startup Cost": 283470.97,
      "Total Cost": 283470.98,
      "Plan Rows": 1,
      "Plan Width": 8,
      "Actual Startup Time": 126.998,
      "Actual Total Time": 132.993,
      "Actual Rows": 1,
      "Actual Loops": 1,
      "Plans": [
        {
          "Node Type": "Gather",
          "Parent Relationship": "Outer",
          "Parallel Aware": false,
          "Startup Cost": 283470.34,
          "Total Cost": 283470.95,
          "Plan Rows": 6,
          "Plan Width": 8,
          "Actual Startup Time": 126.771,
          "Actual Total Time": 132.985,
          "Actual Rows": 7,
          "Actual Loops": 1,
          "Workers Planned": 6,
          "Workers Launched": 6,
          "Single Copy": false,
          "Plans": [
            {
              "Node Type": "Aggregate",
              "Strategy": "Plain",
              "Partial Mode": "Partial",
              "Parent Relationship": "Outer",
              "Parallel Aware": false,
              "Startup Cost": 282470.34,
              "Total Cost": 282470.35,
              "Plan Rows": 1,
              "Plan Width": 8,
              "Actual Startup Time": 118.672,
              "Actual Total Time": 118.673,
              "Actual Rows": 1,
              "Actual Loops": 7,
              "Plans": [
                {
                  "Node Type": "Bitmap Heap Scan",
                  "Parent Relationship": "Outer",
                  "Parallel Aware": true,
                  "Relation Name": "cast_info",
                  "Alias": "ci",
                  "Startup Cost": 26755.35,
                  "Total Cost": 281965.68,
                  "Plan Rows": 201866,
                  "Plan Width": 0,
                  "Actual Startup Time": 56.585,
                  "Actual Total Time": 106.95,
                  "Actual Rows": 176081,
                  "Actual Loops": 7,
                  "Recheck Cond": "(person_id < 124497)",
                  "Rows Removed by Index Recheck": 0,
                  "Exact Heap Blocks": 3464,
                  "Lossy Heap Blocks": 0,
                  "Plans": [
                    {
                      "Node Type": "Bitmap Index Scan",
                      "Parent Relationship": "Outer",
                      "Parallel Aware": false,
                      "Index Name": "person_id_cast_info",
                      "Startup Cost": 0.0,
                      "Total Cost": 26452.55,
                      "Plan Rows": 1211198,
                      "Plan Width": 0,
                      "Actual Startup Time": 61.869,
                      "Actual Total Time": 61.869,
                      "Actual Rows": 1232570,
                      "Actual Loops": 1,
                      "Index Cond": "(person_id < 124497)"
                    }
                  ]
                }
              ]
            }
          ]
        }
      ]
    },
    "Planning Time": 0.115,
    "Triggers": [],
    "Execution Time": 133.036
  }
]