[
  {
    "Plan": {
      "Node Type": "Aggregate",
      "Strategy": "Plain",
      "Partial Mode": "Finalize",
      "Parallel Aware": false,
      "Startup Cost": 440870.98,
      "Total Cost": 440870.99,
      "Plan Rows": 1,
      "Plan Width": 8,
      "Actual Startup Time": 3040.873,
      "Actual Total Time": 3106.549,
      "Actual Rows": 1,
      "Actual Loops": 1,
      "Plans": [
        {
          "Node Type": "Gather",
          "Parent Relationship": "Outer",
          "Parallel Aware": false,
          "Startup Cost": 440870.35,
          "Total Cost": 440870.96,
          "Plan Rows": 6,
          "Plan Width": 8,
          "Actual Startup Time": 3029.295,
          "Actual Total Time": 3106.537,
          "Actual Rows": 7,
          "Actual Loops": 1,
          "Workers Planned": 6,
          "Workers Launched": 6,
          "Single Copy": false,
          "Plans": [
            {
              "Node Type": "Aggregate",
              "Strategy": "Plain",
              "Partial Mode": "Partial",
              "Parent Relationship": "Outer",
              "Parallel Aware": false,
              "Startup Cost": 439870.35,
              "Total Cost": 439870.36,
              "Plan Rows": 1,
              "Plan Width": 8,
              "Actual Startup Time": 3018.033,
              "Actual Total Time": 3018.845,
              "Actual Rows": 1,
              "Actual Loops": 7,
              "Plans": [
                {
                  "Node Type": "Hash Join",
                  "Parent Relationship": "Outer",
                  "Parallel Aware": true,
                  "Join Type": "Inner",
                  "Startup Cost": 85110.23,
                  "Total Cost": 435184.16,
                  "Plan Rows": 1874478,
                  "Plan Width": 0,
                  "Actual Startup Time": 505.441,
                  "Actual Total Time": 2777.209,
                  "Actual Rows": 4931085,
                  "Actual Loops": 7,
                  "Inner Unique": false,
                  "Hash Cond": "(ci.movie_id = t.id)",
                  "Plans": [
                    {
                      "Node Type": "Seq Scan",
                      "Parent Relationship": "Outer",
                      "Parallel Aware": true,
                      "Relation Name": "cast_info",
                      "Alias": "ci",
                      "Startup Cost": 0.0,
                      "Total Cost": 328162.03,
                      "Plan Rows": 4593522,
                      "Plan Width": 4,
                      "Actual Startup Time": 0.025,
                      "Actual Total Time": 676.112,
                      "Actual Rows": 3950243,
                      "Actual Loops": 7,
                      "Filter": "(person_id < 2828886)",
                      "Rows Removed by Filter": 1227520
                    },
                    {
                      "Node Type": "Hash",
                      "Parent Relationship": "Inner",
                      "Parallel Aware": true,
                      "Startup Cost": 81886.11,
                      "Total Cost": 81886.11,
                      "Plan Rows": 257930,
                      "Plan Width": 8,
                      "Actual Startup Time": 500.446,
                      "Actual Total Time": 501.257,
                      "Actual Rows": 182035,
                      "Actual Loops": 7,
                      "Hash Buckets": 2097152,
                      "Original Hash Buckets": 1048576,
                      "Hash Batches": 1,
                      "Original Hash Batches": 1,
                      "Peak Memory Usage": 74560,
                      "Plans": [
                        {
                          "Node Type": "Hash Join",
                          "Parent Relationship": "Outer",
                          "Parallel Aware": true,
                          "Join Type": "Inner",
                          "Startup Cost": 35574.98,
                          "Total Cost": 81886.11,
                          "Plan Rows": 257930,
                          "Plan Width": 8,
                          "Actual Startup Time": 188.564,
                          "Actual Total Time": 395.951,
                          "Actual Rows": 182035,
                          "Actual Loops": 7,
                          "Inner Unique": false,
                          "Hash Cond": "(t.id = mc.movie_id)",
                          "Plans": [
                            {
                              "Node Type": "Seq Scan",
                              "Parent Relationship": "Outer",
                              "Parallel Aware": true,
                              "Relation Name": "title",
                              "Alias": "t",
                              "Startup Cost": 0.0,
                              "Total Cost": 42318.73,
                              "Plan Rows": 632073,
                              "Plan Width": 4,
                              "Actual Startup Time": 0.017,
                              "Actual Total Time": 62.526,
                              "Actual Rows": 361187,
                              "Actual Loops": 7
                            },
                            {
                              "Node Type": "Hash",
                              "Parent Relationship": "Inner",
                              "Parallel Aware": true,
                              "Startup Cost": 31414.82,
                              "Total Cost": 31414.82,
                              "Plan Rows": 332813,
                              "Plan Width": 4,
                              "Actual Startup Time": 186.873,
                              "Actual Total Time": 186.874,
                              "Actual Rows": 182035,
                              "Actual Loops": 7,
                              "Hash Buckets": 2097152,
                              "Original Hash Buckets": 1048576,
                              "Hash Batches": 1,
                              "Original Hash Batches": 1,
                              "Peak Memory Usage": 74624,
                              "Plans": [
                                {
                                  "Node Type": "Seq Scan",
                                  "Parent Relationship": "Outer",
                                  "Parallel Aware": true,
                                  "Relation Name": "movie_companies",
                                  "Alias": "mc",
                                  "Startup Cost": 0.0,
                                  "Total Cost": 31414.82,
                                  "Plan Rows": 332813,
                                  "Plan Width": 4,
                                  "Actual Startup Time": 0.052,
                                  "Actual Total Time": 68.97,
                                  "Actual Rows": 182035,
                                  "Actual Loops": 7,
                                  "Filter": "((company_id < 73090) AND (company_type_id < 2))",
                                  "Rows Removed by Filter": 190698
                                }
                              ]
                            }
                          ]
                        }
                      ]
                    }
                  ]
                }
              ]
            }
          ]
        }
      ]
    },
    "Planning Time": 1.446,
    "Triggers": [],
    "Execution Time": 3106.642
  }
]