{
  "Plan": {
    "Node Type": "Aggregate",
    "Strategy": "Plain",
    "Partial Mode": "Simple",
    "Parallel Aware": false,
    "Startup Cost": 1900465.91,
    "Total Cost": 1900465.92,
    "Plan Rows": 1,
    "Plan Width": 96,
    "Actual Startup Time": 4716.513,
    "Actual Total Time": 4741.781,
    "Actual Rows": 1,
    "Actual Loops": 1,
    "Plans": [
      {
        "Node Type": "Hash Join",
        "Parent Relationship": "Outer",
        "Parallel Aware": false,
        "Join Type": "Inner",
        "Startup Cost": 1900464.84,
        "Total Cost": 1900465.9,
        "Plan Rows": 1,
        "Plan Width": 42,
        "Actual Startup Time": 4716.488,
        "Actual Total Time": 4741.763,
        "Actual Rows": 53,
        "Actual Loops": 1,
        "Inner Unique": false,
        "Hash Cond": "(ct.id = mc.company_type_id)",
        "Plans": [
          {
            "Node Type": "Seq Scan",
            "Parent Relationship": "Outer",
            "Parallel Aware": false,
            "Relation Name": "company_type",
            "Alias": "ct",
            "Startup Cost": 0.0,
            "Total Cost": 1.05,
            "Plan Rows": 1,
            "Plan Width": 4,
            "Actual Startup Time": 0.06,
            "Actual Total Time": 0.062,
            "Actual Rows": 1,
            "Actual Loops": 1,
            "Filter": "((kind)::text = 'production companies'::text)",
            "Rows Removed by Filter": 3
          },
          {
            "Node Type": "Hash",
            "Parent Relationship": "Inner",
            "Parallel Aware": false,
            "Startup Cost": 1900464.82,
            "Total Cost": 1900464.82,
            "Plan Rows": 1,
            "Plan Width": 46,
            "Actual Startup Time": 4716.354,
            "Actual Total Time": 4741.621,
            "Actual Rows": 213,
            "Actual Loops": 1,
            "Hash Buckets": 1024,
            "Original Hash Buckets": 1024,
            "Hash Batches": 1,
            "Original Hash Batches": 1,
            "Peak Memory Usage": 24,
            "Plans": [
              {
                "Node Type": "Hash Join",
                "Parent Relationship": "Outer",
                "Parallel Aware": false,
                "Join Type": "Inner",
                "Startup Cost": 1900462.36,
                "Total Cost": 1900464.82,
                "Plan Rows": 1,
                "Plan Width": 46,
                "Actual Startup Time": 4716.237,
                "Actual Total Time": 4741.568,
                "Actual Rows": 213,
                "Actual Loops": 1,
                "Inner Unique": true,
                "Hash Cond": "(t.kind_id = kt.id)",
                "Plans": [
                  {
                    "Node Type": "Hash Join",
                    "Parent Relationship": "Outer",
                    "Parallel Aware": false,
                    "Join Type": "Inner",
                    "Startup Cost": 1900461.26,
                    "Total Cost": 1900463.72,
                    "Plan Rows": 1,
                    "Plan Width": 50,
                    "Actual Startup Time": 4716.151,
                    "Actual Total Time": 4741.451,
                    "Actual Rows": 270,
                    "Actual Loops": 1,
                    "Inner Unique": false,
                    "Hash Cond": "(it2.id = mi.info_type_id)",
                    "Plans": [
                      {
                        "Node Type": "Seq Scan",
                        "Parent Relationship": "Outer",
                        "Parallel Aware": false,
                        "Relation Name": "info_type",
                        "Alias": "it2",
                        "Startup Cost": 0.0,
                        "Total Cost": 2.41,
                        "Plan Rows": 1,
                        "Plan Width": 4,
                        "Actual Startup Time": 0.029,
                        "Actual Total Time": 0.04,
                        "Actual Rows": 1,
                        "Actual Loops": 1,
                        "Filter": "((info)::text = 'release dates'::text)",
                        "Rows Removed by Filter": 112
                      },
                      {
                        "Node Type": "Hash",
                        "Parent Relationship": "Inner",
                        "Parallel Aware": false,
                        "Startup Cost": 1900459.55,
                        "Total Cost": 1900459.55,
                        "Plan Rows": 137,
                        "Plan Width": 54,
                        "Actual Startup Time": 4716.08,
                        "Actual Total Time": 4741.343,
                        "Actual Rows": 1610,
                        "Actual Loops": 1,
                        "Hash Buckets": 2048,
                        "Original Hash Buckets": 1024,
                        "Hash Batches": 1,
                        "Original Hash Batches": 1,
                        "Peak Memory Usage": 153,
                        "Plans": [
                          {
                            "Node Type": "Hash Join",
                            "Parent Relationship": "Outer",
                            "Parallel Aware": false,
                            "Join Type": "Inner",
                            "Startup Cost": 1534024.35,
                            "Total Cost": 1900459.55,
                            "Plan Rows": 137,
                            "Plan Width": 54,
                            "Actual Startup Time": 2613.706,
                            "Actual Total Time": 4740.583,
                            "Actual Rows": 1610,
                            "Actual Loops": 1,
                            "Inner Unique": false,
                            "Hash Cond": "(mi.movie_id = t.id)",
                            "Plans": [
                              {
                                "Node Type": "Seq Scan",
                                "Parent Relationship": "Outer",
                                "Parallel Aware": false,
                                "Relation Name": "movie_info",
                                "Alias": "mi",
                                "Startup Cost": 0.0,
                                "Total Cost": 310678.06,
                                "Plan Rows": 14868506,
                                "Plan Width": 8,
                                "Actual Startup Time": 0.054,
                                "Actual Total Time": 1210.239,
                                "Actual Rows": 14835720,
                                "Actual Loops": 1
                              },
                              {
                                "Node Type": "Hash",
                                "Parent Relationship": "Inner",
                                "Parallel Aware": false,
                                "Startup Cost": 1534024.3,
                                "Total Cost": 1534024.3,
                                "Plan Rows": 4,
                                "Plan Width": 62,
                                "Actual Startup Time": 2597.617,
                                "Actual Total Time": 2622.879,
                                "Actual Rows": 88,
                                "Actual Loops": 1,
                                "Hash Buckets": 1024,
                                "Original Hash Buckets": 1024,
                                "Hash Batches": 1,
                                "Original Hash Batches": 1,
                                "Peak Memory Usage": 17,
                                "Plans": [
                                  {
                                    "Node Type": "Hash Join",
                                    "Parent Relationship": "Outer",
                                    "Parallel Aware": false,
                                    "Join Type": "Inner",
                                    "Startup Cost": 1486915.27,
                                    "Total Cost": 1534024.3,
                                    "Plan Rows": 4,
                                    "Plan Width": 62,
                                    "Actual Startup Time": 2597.438,
                                    "Actual Total Time": 2622.838,
                                    "Actual Rows": 88,
                                    "Actual Loops": 1,
                                    "Inner Unique": false,
                                    "Hash Cond": "(t.id = mc.movie_id)",
                                    "Plans": [
                                      {
                                        "Node Type": "Gather",
                                        "Parent Relationship": "Outer",
                                        "Parallel Aware": false,
                                        "Startup Cost": 1000.0,
                                        "Total Cost": 48107.23,
                                        "Plan Rows": 470,
                                        "Plan Width": 25,
                                        "Actual Startup Time": 7.305,
                                        "Actual Total Time": 7.479,
                                        "Actual Rows": 294,
                                        "Actual Loops": 1,
                                        "Workers Planned": 4,
                                        "Workers Launched": 4,
                                        "Single Copy": false,
                                        "Plans": [
                                          {
                                            "Node Type": "Seq Scan",
                                            "Parent Relationship": "Outer",
                                            "Parallel Aware": true,
                                            "Relation Name": "title",
                                            "Alias": "t",
                                            "Startup Cost": 0.0,
                                            "Total Cost": 47060.23,
                                            "Plan Rows": 118,
                                            "Plan Width": 25,
                                            "Actual Startup Time": 6.162,
                                            "Actual Total Time": 144.079,
                                            "Actual Rows": 59,
                                            "Actual Loops": 5,
                                            "Filter": "((title <> ''::text) AND ((title ~~ 'Champion%'::text) OR (title ~~ 'Loser%'::text)))",
                                            "Rows Removed by Filter": 505604
                                          }
                                        ]
                                      },
                                      {
                                        "Node Type": "Hash",
                                        "Parent Relationship": "Inner",
                                        "Parallel Aware": false,
                                        "Startup Cost": 1485636.06,
                                        "Total Cost": 1485636.06,
                                        "Plan Rows": 22337,
                                        "Plan Width": 37,
                                        "Actual Startup Time": 2589.836,
                                        "Actual Total Time": 2614.989,
                                        "Actual Rows": 580109,
                                        "Actual Loops": 1,
                                        "Hash Buckets": 1048576,
                                        "Original Hash Buckets": 32768,
                                        "Hash Batches": 1,
                                        "Original Hash Batches": 1,
                                        "Peak Memory Usage": 49065,
                                        "Plans": [
                                          {
                                            "Node Type": "Hash Join",
                                            "Parent Relationship": "Outer",
                                            "Parallel Aware": false,
                                            "Join Type": "Inner",
                                            "Startup Cost": 1484345.22,
                                            "Total Cost": 1485636.06,
                                            "Plan Rows": 22337,
                                            "Plan Width": 37,
                                            "Actual Startup Time": 2377.086,
                                            "Actual Total Time": 2477.155,
                                            "Actual Rows": 580109,
                                            "Actual Loops": 1,
                                            "Inner Unique": false,
                                            "Hash Cond": "(it.id = miidx.info_type_id)",
                                            "Plans": [
                                              {
                                                "Node Type": "Seq Scan",
                                                "Parent Relationship": "Outer",
                                                "Parallel Aware": false,
                                                "Relation Name": "info_type",
                                                "Alias": "it",
                                                "Startup Cost": 0.0,
                                                "Total Cost": 2.41,
                                                "Plan Rows": 1,
                                                "Plan Width": 4,
                                                "Actual Startup Time": 0.02,
                                                "Actual Total Time": 0.03,
                                                "Actual Rows": 1,
                                                "Actual Loops": 1,
                                                "Filter": "((info)::text = 'rating'::text)",
                                                "Rows Removed by Filter": 112
                                              },
                                              {
                                                "Node Type": "Hash",
                                                "Parent Relationship": "Inner",
                                                "Parallel Aware": false,
                                                "Startup Cost": 1452794.41,
                                                "Total Cost": 1452794.41,
                                                "Plan Rows": 2524065,
                                                "Plan Width": 41,
                                                "Actual Startup Time": 2354.023,
                                                "Actual Total Time": 2379.172,
                                                "Actual Rows": 1742698,
                                                "Actual Loops": 1,
                                                "Hash Buckets": 4194304,
                                                "Original Hash Buckets": 4194304,
                                                "Hash Batches": 1,
                                                "Original Hash Batches": 1,
                                                "Peak Memory Usage": 167249,
                                                "Plans": [
                                                  {
                                                    "Node Type": "Hash Join",
                                                    "Parent Relationship": "Outer",
                                                    "Parallel Aware": false,
                                                    "Join Type": "Inner",
                                                    "Startup Cost": 1398918.24,
                                                    "Total Cost": 1452794.41,
                                                    "Plan Rows": 2524065,
                                                    "Plan Width": 41,
                                                    "Actual Startup Time": 1319.566,
                                                    "Actual Total Time": 1977.047,
                                                    "Actual Rows": 1742698,
                                                    "Actual Loops": 1,
                                                    "Inner Unique": false,
                                                    "Hash Cond": "(miidx.movie_id = mc.movie_id)",
                                                    "Plans": [
                                                      {
                                                        "Node Type": "Seq Scan",
                                                        "Parent Relationship": "Outer",
                                                        "Parallel Aware": false,
                                                        "Relation Name": "movie_info_idx",
                                                        "Alias": "miidx",
                                                        "Startup Cost": 0.0,
                                                        "Total Cost": 21735.35,
                                                        "Plan Rows": 1380035,
                                                        "Plan Width": 14,
                                                        "Actual Startup Time": 0.033,
                                                        "Actual Total Time": 116.223,
                                                        "Actual Rows": 1380035,
                                                        "Actual Loops": 1
                                                      },
                                                      {
                                                        "Node Type": "Hash",
                                                        "Parent Relationship": "Inner",
                                                        "Parallel Aware": false,
                                                        "Startup Cost": 1386992.29,
                                                        "Total Cost": 1386992.29,
                                                        "Plan Rows": 954076,
                                                        "Plan Width": 27,
                                                        "Actual Startup Time": 1313.941,
                                                        "Actual Total Time": 1339.086,
                                                        "Actual Rows": 1153798,
                                                        "Actual Loops": 1,
                                                        "Hash Buckets": 2097152,
                                                        "Original Hash Buckets": 1048576,
                                                        "Hash Batches": 1,
                                                        "Original Hash Batches": 1,
                                                        "Peak Memory Usage": 88960,
                                                        "Plans": [
                                                          {
                                                            "Node Type": "Gather",
                                                            "Parent Relationship": "Outer",
                                                            "Parallel Aware": false,
                                                            "Startup Cost": 38727.23,
                                                            "Total Cost": 1386992.29,
                                                            "Plan Rows": 954076,
                                                            "Plan Width": 27,
                                                            "Actual Startup Time": 588.865,
                                                            "Actual Total Time": 992.873,
                                                            "Actual Rows": 1153798,
                                                            "Actual Loops": 1,
                                                            "Workers Planned": 1,
                                                            "Workers Launched": 1,
                                                            "Single Copy": false,
                                                            "Plans": [
                                                              {
                                                                "Node Type": "Hash Join",
                                                                "Parent Relationship": "Outer",
                                                                "Parallel Aware": true,
                                                                "Join Type": "Inner",
                                                                "Startup Cost": 37727.23,
                                                                "Total Cost": 1290584.69,
                                                                "Plan Rows": 561221,
                                                                "Plan Width": 27,
                                                                "Actual Startup Time": 576.42,
                                                                "Actual Total Time": 730.891,
                                                                "Actual Rows": 576899,
                                                                "Actual Loops": 2,
                                                                "Inner Unique": false,
                                                                "Hash Cond": "(cn.id = mc.company_id)",
                                                                "Plans": [
                                                                  {
                                                                    "Node Type": "Seq Scan",
                                                                    "Parent Relationship": "Outer",
                                                                    "Parallel Aware": true,
                                                                    "Relation Name": "company_name",
                                                                    "Alias": "cn",
                                                                    "Startup Cost": 0.0,
                                                                    "Total Cost": 4722.92,
                                                                    "Plan Rows": 50548,
                                                                    "Plan Width": 23,
                                                                    "Actual Startup Time": 0.031,
                                                                    "Actual Total Time": 18.498,
                                                                    "Actual Rows": 42422,
                                                                    "Actual Loops": 2,
                                                                    "Filter": "((country_code)::text = '[us]'::text)",
                                                                    "Rows Removed by Filter": 75077
                                                                  },
                                                                  {
                                                                    "Node Type": "Hash",
                                                                    "Parent Relationship": "Inner",
                                                                    "Parallel Aware": true,
                                                                    "Startup Cost": 27206.55,
                                                                    "Total Cost": 27206.55,
                                                                    "Plan Rows": 841655,
                                                                    "Plan Width": 12,
                                                                    "Actual Startup Time": 553.334,
                                                                    "Actual Total Time": 553.334,
                                                                    "Actual Rows": 1304564,
                                                                    "Actual Loops": 2,
                                                                    "Hash Buckets": 4194304,
                                                                    "Original Hash Buckets": 4194304,
                                                                    "Hash Batches": 1,
                                                                    "Original Hash Batches": 1,
                                                                    "Peak Memory Usage": 155232,
                                                                    "Plans": [
                                                                      {
                                                                        "Node Type": "Seq Scan",
                                                                        "Parent Relationship": "Outer",
                                                                        "Parallel Aware": true,
                                                                        "Relation Name": "movie_companies",
                                                                        "Alias": "mc",
                                                                        "Startup Cost": 0.0,
                                                                        "Total Cost": 27206.55,
                                                                        "Plan Rows": 841655,
                                                                        "Plan Width": 12,
                                                                        "Actual Startup Time": 0.054,
                                                                        "Actual Total Time": 177.097,
                                                                        "Actual Rows": 1304564,
                                                                        "Actual Loops": 2
                                                                      }
                                                                    ]
                                                                  }
                                                                ]
                                                              }
                                                            ]
                                                          }
                                                        ]
                                                      }
                                                    ]
                                                  }
                                                ]
                                              }
                                            ]
                                          }
                                        ]
                                      }
                                    ]
                                  }
                                ]
                              }
                            ]
                          }
                        ]
                      }
                    ]
                  },
                  {
                    "Node Type": "Hash",
                    "Parent Relationship": "Inner",
                    "Parallel Aware": false,
                    "Startup Cost": 1.09,
                    "Total Cost": 1.09,
                    "Plan Rows": 1,
                    "Plan Width": 4,
                    "Actual Startup Time": 0.045,
                    "Actual Total Time": 0.047,
                    "Actual Rows": 1,
                    "Actual Loops": 1,
                    "Hash Buckets": 1024,
                    "Original Hash Buckets": 1024,
                    "Hash Batches": 1,
                    "Original Hash Batches": 1,
                    "Peak Memory Usage": 9,
                    "Plans": [
                      {
                        "Node Type": "Seq Scan",
                        "Parent Relationship": "Outer",
                        "Parallel Aware": false,
                        "Relation Name": "kind_type",
                        "Alias": "kt",
                        "Startup Cost": 0.0,
                        "Total Cost": 1.09,
                        "Plan Rows": 1,
                        "Plan Width": 4,
                        "Actual Startup Time": 0.032,
                        "Actual Total Time": 0.035,
                        "Actual Rows": 1,
                        "Actual Loops": 1,
                        "Filter": "((kind)::text = 'movie'::text)",
                        "Rows Removed by Filter": 6
                      }
                    ]
                  }
                ]
              }
            ]
          }
        ]
      }
    ]
  },
  "Planning Time": 18.592,
  "Triggers": [],
  "Execution Time": 4749.735
}