[
  {
    "Plan": {
      "Node Type": "Aggregate",
      "Strategy": "Plain",
      "Partial Mode": "Finalize",
      "Parallel Aware": false,
      "Startup Cost": 99523.0,
      "Total Cost": 99523.01,
      "Plan Rows": 1,
      "Plan Width": 8,
      "Actual Startup Time": 611.617,
      "Actual Total Time": 628.455,
      "Actual Rows": 1,
      "Actual Loops": 1,
      "Plans": [
        {
          "Node Type": "Gather",
          "Parent Relationship": "Outer",
          "Parallel Aware": false,
          "Startup Cost": 99522.68,
          "Total Cost": 99522.99,
          "Plan Rows": 3,
          "Plan Width": 8,
          "Actual Startup Time": 603.502,
          "Actual Total Time": 628.445,
          "Actual Rows": 4,
          "Actual Loops": 1,
          "Workers Planned": 3,
          "Workers Launched": 3,
          "Single Copy": false,
          "Plans": [
            {
              "Node Type": "Aggregate",
              "Strategy": "Plain",
              "Partial Mode": "Partial",
              "Parent Relationship": "Outer",
              "Parallel Aware": false,
              "Startup Cost": 98522.68,
              "Total Cost": 98522.69,
              "Plan Rows": 1,
              "Plan Width": 8,
              "Actual Startup Time": 584.656,
              "Actual Total Time": 584.659,
              "Actual Rows": 1,
              "Actual Loops": 4,
              "Plans": [
                {
                  "Node Type": "Hash Join",
                  "Parent Relationship": "Outer",
                  "Parallel Aware": true,
                  "Join Type": "Inner",
                  "Startup Cost": 51563.53,
                  "Total Cost": 96475.26,
                  "Plan Rows": 818970,
                  "Plan Width": 0,
                  "Actual Startup Time": 342.288,
                  "Actual Total Time": 558.078,
                  "Actual Rows": 649041,
                  "Actual Loops": 4,
                  "Inner Unique": true,
                  "Hash Cond": "(mk.movie_id = t.id)",
                  "Plans": [
                    {
                      "Node Type": "Seq Scan",
                      "Parent Relationship": "Outer",
                      "Parallel Aware": true,
                      "Relation Name": "movie_keyword",
                      "Alias": "mk",
                      "Startup Cost": 0.0,
                      "Total Cost": 42695.65,
                      "Plan Rows": 844220,
                      "Plan Width": 4,
                      "Actual Startup Time": 0.226,
                      "Actual Total Time": 104.366,
                      "Actual Rows": 652871,
                      "Actual Loops": 4,
                      "Filter": "(keyword_id > 3287)",
                      "Rows Removed by Filter": 478111
                    },
                    {
                      "Node Type": "Hash",
                      "Parent Relationship": "Inner",
                      "Parallel Aware": true,
                      "Startup Cost": 43898.92,
                      "Total Cost": 43898.92,
                      "Plan Rows": 613169,
                      "Plan Width": 4,
                      "Actual Startup Time": 330.405,
                      "Actual Total Time": 330.406,
                      "Actual Rows": 612586,
                      "Actual Loops": 4,
                      "Hash Buckets": 4194304,
                      "Original Hash Buckets": 4194304,
                      "Hash Batches": 1,
                      "Original Hash Batches": 1,
                      "Peak Memory Usage": 128672,
                      "Plans": [
                        {
                          "Node Type": "Seq Scan",
                          "Parent Relationship": "Outer",
                          "Parallel Aware": true,
                          "Relation Name": "title",
                          "Alias": "t",
                          "Startup Cost": 0.0,
                          "Total Cost": 43898.92,
                          "Plan Rows": 613169,
                          "Plan Width": 4,
                          "Actual Startup Time": 0.036,
                          "Actual Total Time": 110.171,
                          "Actual Rows": 612586,
                          "Actual Loops": 4,
                          "Filter": "(production_year > 1899)",
                          "Rows Removed by Filter": 19492
                        }
                      ]
                    }
                  ]
                }
              ]
            }
          ]
        }
      ]
    },
    "Planning Time": 0.672,
    "Triggers": [],
    "Execution Time": 628.557
  }
]