[
    {
        "Bao": {
            "Bao prediction": "NaN",
            "Bao recommended hint": "(no hint)"
        }
    },
    {
        "Plan": {
            "Node Type": "Aggregate",
            "Strategy": "Plain",
            "Partial Mode": "Finalize",
            "Parallel Aware": false,
            "Startup Cost": 278612.82,
            "Total Cost": 278612.83,
            "Plan Rows": 1,
            "Plan Width": 8,
            "Actual Startup Time": 117.144,
            "Actual Total Time": 121.961,
            "Actual Rows": 1,
            "Actual Loops": 1,
            "Output": [
                "count(*)"
            ],
            "Plans": [
                {
                    "Node Type": "Gather",
                    "Parent Relationship": "Outer",
                    "Parallel Aware": false,
                    "Startup Cost": 278612.19,
                    "Total Cost": 278612.8,
                    "Plan Rows": 6,
                    "Plan Width": 8,
                    "Actual Startup Time": 116.865,
                    "Actual Total Time": 121.956,
                    "Actual Rows": 7,
                    "Actual Loops": 1,
                    "Output": [
                        "(PARTIAL count(*))"
                    ],
                    "Workers Planned": 6,
                    "Workers Launched": 6,
                    "Single Copy": false,
                    "Plans": [
                        {
                            "Node Type": "Aggregate",
                            "Strategy": "Plain",
                            "Partial Mode": "Partial",
                            "Parent Relationship": "Outer",
                            "Parallel Aware": false,
                            "Startup Cost": 277612.19,
                            "Total Cost": 277612.2,
                            "Plan Rows": 1,
                            "Plan Width": 8,
                            "Actual Startup Time": 106.63,
                            "Actual Total Time": 106.631,
                            "Actual Rows": 1,
                            "Actual Loops": 7,
                            "Output": [
                                "PARTIAL count(*)"
                            ],
                            "Workers": [
                                {
                                    "Worker Number": 0,
                                    "Actual Startup Time": 104.017,
                                    "Actual Total Time": 104.018,
                                    "Actual Rows": 1,
                                    "Actual Loops": 1
                                },
                                {
                                    "Worker Number": 1,
                                    "Actual Startup Time": 104.425,
                                    "Actual Total Time": 104.426,
                                    "Actual Rows": 1,
                                    "Actual Loops": 1
                                },
                                {
                                    "Worker Number": 2,
                                    "Actual Startup Time": 104.737,
                                    "Actual Total Time": 104.738,
                                    "Actual Rows": 1,
                                    "Actual Loops": 1
                                },
                                {
                                    "Worker Number": 3,
                                    "Actual Startup Time": 105.196,
                                    "Actual Total Time": 105.197,
                                    "Actual Rows": 1,
                                    "Actual Loops": 1
                                },
                                {
                                    "Worker Number": 4,
                                    "Actual Startup Time": 105.599,
                                    "Actual Total Time": 105.6,
                                    "Actual Rows": 1,
                                    "Actual Loops": 1
                                },
                                {
                                    "Worker Number": 5,
                                    "Actual Startup Time": 105.878,
                                    "Actual Total Time": 105.879,
                                    "Actual Rows": 1,
                                    "Actual Loops": 1
                                }
                            ],
                            "Plans": [
                                {
                                    "Node Type": "Bitmap Heap Scan",
                                    "Parent Relationship": "Outer",
                                    "Parallel Aware": true,
                                    "Relation Name": "cast_info",
                                    "Schema": "public",
                                    "Alias": "ci",
                                    "Startup Cost": 22136.99,
                                    "Total Cost": 277340.44,
                                    "Plan Rows": 108700,
                                    "Plan Width": 0,
                                    "Actual Startup Time": 32.164,
                                    "Actual Total Time": 96.217,
                                    "Actual Rows": 155418,
                                    "Actual Loops": 7,
                                    "Recheck Cond": "(ci.person_id > 3850648)",
                                    "Rows Removed by Index Recheck": 0,
                                    "Filter": "(ci.role_id > 1)",
                                    "Rows Removed by Filter": 0,
                                    "Exact Heap Blocks": 4456,
                                    "Lossy Heap Blocks": 0,
                                    "Workers": [
                                        {
                                            "Worker Number": 0,
                                            "Actual Startup Time": 29.949,
                                            "Actual Total Time": 93.952,
                                            "Actual Rows": 113791,
                                            "Actual Loops": 1
                                        },
                                        {
                                            "Worker Number": 1,
                                            "Actual Startup Time": 29.906,
                                            "Actual Total Time": 94.156,
                                            "Actual Rows": 116144,
                                            "Actual Loops": 1
                                        },
                                        {
                                            "Worker Number": 2,
                                            "Actual Startup Time": 30.458,
                                            "Actual Total Time": 94.565,
                                            "Actual Rows": 116006,
                                            "Actual Loops": 1
                                        },
                                        {
                                            "Worker Number": 3,
                                            "Actual Startup Time": 30.807,
                                            "Actual Total Time": 95.285,
                                            "Actual Rows": 143134,
                                            "Actual Loops": 1
                                        },
                                        {
                                            "Worker Number": 4,
                                            "Actual Startup Time": 31.065,
                                            "Actual Total Time": 95.721,
                                            "Actual Rows": 144870,
                                            "Actual Loops": 1
                                        },
                                        {
                                            "Worker Number": 5,
                                            "Actual Startup Time": 31.33,
                                            "Actual Total Time": 95.971,
                                            "Actual Rows": 146121,
                                            "Actual Loops": 1
                                        }
                                    ],
                                    "Plans": [
                                        {
                                            "Node Type": "Bitmap Index Scan",
                                            "Parent Relationship": "Outer",
                                            "Parallel Aware": false,
                                            "Index Name": "person_id_cast_info",
                                            "Startup Cost": 0.0,
                                            "Total Cost": 21973.94,
                                            "Plan Rows": 1006583,
                                            "Plan Width": 0,
                                            "Actual Startup Time": 39.348,
                                            "Actual Total Time": 39.349,
                                            "Actual Rows": 1087924,
                                            "Actual Loops": 1,
                                            "Index Cond": "(ci.person_id > 3850648)"
                                        }
                                    ]
                                }
                            ]
                        }
                    ]
                }
            ]
        },
        "Planning Time": 175.492,
        "Triggers": [],
        "Execution Time": 122.011
    }
]