[
  {
    "Plan": {
      "Node Type": "Aggregate",
      "Strategy": "Plain",
      "Partial Mode": "Finalize",
      "Parallel Aware": false,
      "Startup Cost": 75239.11,
      "Total Cost": 75239.12,
      "Plan Rows": 1,
      "Plan Width": 8,
      "Actual Startup Time": 230.121,
      "Actual Total Time": 238.19,
      "Actual Rows": 1,
      "Actual Loops": 1,
      "Plans": [
        {
          "Node Type": "Gather",
          "Parent Relationship": "Outer",
          "Parallel Aware": false,
          "Startup Cost": 75238.69,
          "Total Cost": 75239.1,
          "Plan Rows": 4,
          "Plan Width": 8,
          "Actual Startup Time": 228.187,
          "Actual Total Time": 238.182,
          "Actual Rows": 5,
          "Actual Loops": 1,
          "Workers Planned": 4,
          "Workers Launched": 4,
          "Single Copy": false,
          "Plans": [
            {
              "Node Type": "Aggregate",
              "Strategy": "Plain",
              "Partial Mode": "Partial",
              "Parent Relationship": "Outer",
              "Parallel Aware": false,
              "Startup Cost": 74238.69,
              "Total Cost": 74238.7,
              "Plan Rows": 1,
              "Plan Width": 8,
              "Actual Startup Time": 222.785,
              "Actual Total Time": 222.79,
              "Actual Rows": 1,
              "Actual Loops": 5,
              "Plans": [
                {
                  "Node Type": "Hash Join",
                  "Parent Relationship": "Outer",
                  "Parallel Aware": true,
                  "Join Type": "Inner",
                  "Startup Cost": 28301.56,
                  "Total Cost": 74038.75,
                  "Plan Rows": 79976,
                  "Plan Width": 0,
                  "Actual Startup Time": 147.324,
                  "Actual Total Time": 219.414,
                  "Actual Rows": 64391,
                  "Actual Loops": 5,
                  "Inner Unique": false,
                  "Hash Cond": "(t.id = mc.movie_id)",
                  "Plans": [
                    {
                      "Node Type": "Seq Scan",
                      "Parent Relationship": "Outer",
                      "Parallel Aware": true,
                      "Relation Name": "title",
                      "Alias": "t",
                      "Startup Cost": 0.0,
                      "Total Cost": 42318.81,
                      "Plan Rows": 632080,
                      "Plan Width": 4,
                      "Actual Startup Time": 0.008,
                      "Actual Total Time": 64.377,
                      "Actual Rows": 505662,
                      "Actual Loops": 5
                    },
                    {
                      "Node Type": "Hash",
                      "Parent Relationship": "Inner",
                      "Parallel Aware": true,
                      "Startup Cost": 27011.62,
                      "Total Cost": 27011.62,
                      "Plan Rows": 103195,
                      "Plan Width": 4,
                      "Actual Startup Time": 59.202,
                      "Actual Total Time": 59.204,
                      "Actual Rows": 64391,
                      "Actual Loops": 5,
                      "Hash Buckets": 524288,
                      "Original Hash Buckets": 524288,
                      "Hash Batches": 1,
                      "Original Hash Batches": 1,
                      "Peak Memory Usage": 16736,
                      "Plans": [
                        {
                          "Node Type": "Bitmap Heap Scan",
                          "Parent Relationship": "Outer",
                          "Parallel Aware": true,
                          "Relation Name": "movie_companies",
                          "Alias": "mc",
                          "Startup Cost": 6931.69,
                          "Total Cost": 27011.62,
                          "Plan Rows": 103195,
                          "Plan Width": 4,
                          "Actual Startup Time": 14.499,
                          "Actual Total Time": 37.315,
                          "Actual Rows": 64391,
                          "Actual Loops": 5,
                          "Recheck Cond": "(company_id > 91419)",
                          "Rows Removed by Index Recheck": 0,
                          "Exact Heap Blocks": 1557,
                          "Lossy Heap Blocks": 0,
                          "Plans": [
                            {
                              "Node Type": "Bitmap Index Scan",
                              "Parent Relationship": "Outer",
                              "Parallel Aware": false,
                              "Index Name": "company_id_movie_companies",
                              "Startup Cost": 0.0,
                              "Total Cost": 6851.71,
                              "Plan Rows": 319904,
                              "Plan Width": 0,
                              "Actual Startup Time": 14.882,
                              "Actual Total Time": 14.882,
                              "Actual Rows": 321954,
                              "Actual Loops": 1,
                              "Index Cond": "(company_id > 91419)"
                            }
                          ]
                        }
                      ]
                    }
                  ]
                }
              ]
            }
          ]
        }
      ]
    },
    "Planning Time": 0.271,
    "Triggers": [],
    "Execution Time": 238.233
  }
]