{
    "Plan": {
        "Node Type": "Aggregate",
        "Strategy": "Plain",
        "Partial Mode": "Finalize",
        "Parallel Aware": false,
        "Startup Cost": 297305.63,
        "Total Cost": 297305.64,
        "Plan Rows": 1,
        "Plan Width": 8,
        "Actual Startup Time": 1765.47,
        "Actual Total Time": 1816.142,
        "Actual Rows": 1,
        "Actual Loops": 1,
        "Output": [
            "count(*)"
        ],
        "Plans": [
            {
                "Node Type": "Gather",
                "Parent Relationship": "Outer",
                "Parallel Aware": false,
                "Startup Cost": 297305.11,
                "Total Cost": 297305.62,
                "Plan Rows": 5,
                "Plan Width": 8,
                "Actual Startup Time": 1746.213,
                "Actual Total Time": 1816.13,
                "Actual Rows": 6,
                "Actual Loops": 1,
                "Output": [
                    "(PARTIAL count(*))"
                ],
                "Workers Planned": 5,
                "Workers Launched": 5,
                "Single Copy": false,
                "Plans": [
                    {
                        "Node Type": "Aggregate",
                        "Strategy": "Plain",
                        "Partial Mode": "Partial",
                        "Parent Relationship": "Outer",
                        "Parallel Aware": false,
                        "Startup Cost": 296305.11,
                        "Total Cost": 296305.12,
                        "Plan Rows": 1,
                        "Plan Width": 8,
                        "Actual Startup Time": 1735.17,
                        "Actual Total Time": 1735.617,
                        "Actual Rows": 1,
                        "Actual Loops": 6,
                        "Output": [
                            "PARTIAL count(*)"
                        ],
                        "Workers": [
                            {
                                "Worker Number": 0,
                                "Actual Startup Time": 1732.579,
                                "Actual Total Time": 1732.584,
                                "Actual Rows": 1,
                                "Actual Loops": 1
                            },
                            {
                                "Worker Number": 1,
                                "Actual Startup Time": 1732.612,
                                "Actual Total Time": 1732.617,
                                "Actual Rows": 1,
                                "Actual Loops": 1
                            },
                            {
                                "Worker Number": 2,
                                "Actual Startup Time": 1734.476,
                                "Actual Total Time": 1734.482,
                                "Actual Rows": 1,
                                "Actual Loops": 1
                            },
                            {
                                "Worker Number": 3,
                                "Actual Startup Time": 1733.129,
                                "Actual Total Time": 1733.136,
                                "Actual Rows": 1,
                                "Actual Loops": 1
                            },
                            {
                                "Worker Number": 4,
                                "Actual Startup Time": 1733.045,
                                "Actual Total Time": 1733.05,
                                "Actual Rows": 1,
                                "Actual Loops": 1
                            }
                        ],
                        "Plans": [
                            {
                                "Node Type": "Hash Join",
                                "Parent Relationship": "Outer",
                                "Parallel Aware": true,
                                "Join Type": "Inner",
                                "Startup Cost": 84931.56,
                                "Total Cost": 294504.11,
                                "Plan Rows": 720398,
                                "Plan Width": 0,
                                "Actual Startup Time": 421.823,
                                "Actual Total Time": 1520.602,
                                "Actual Rows": 4511896,
                                "Actual Loops": 6,
                                "Inner Unique": false,
                                "Hash Cond": "(mi.movie_id = t.id)",
                                "Workers": [
                                    {
                                        "Worker Number": 0,
                                        "Actual Startup Time": 419.46,
                                        "Actual Total Time": 1514.509,
                                        "Actual Rows": 3548036,
                                        "Actual Loops": 1
                                    },
                                    {
                                        "Worker Number": 1,
                                        "Actual Startup Time": 419.531,
                                        "Actual Total Time": 1514.986,
                                        "Actual Rows": 3501103,
                                        "Actual Loops": 1
                                    },
                                    {
                                        "Worker Number": 2,
                                        "Actual Startup Time": 420.015,
                                        "Actual Total Time": 1518.606,
                                        "Actual Rows": 3510673,
                                        "Actual Loops": 1
                                    },
                                    {
                                        "Worker Number": 3,
                                        "Actual Startup Time": 420.106,
                                        "Actual Total Time": 1527.185,
                                        "Actual Rows": 5351950,
                                        "Actual Loops": 1
                                    },
                                    {
                                        "Worker Number": 4,
                                        "Actual Startup Time": 419.979,
                                        "Actual Total Time": 1523.839,
                                        "Actual Rows": 5537508,
                                        "Actual Loops": 1
                                    }
                                ],
                                "Plans": [
                                    {
                                        "Node Type": "Seq Scan",
                                        "Parent Relationship": "Outer",
                                        "Parallel Aware": true,
                                        "Relation Name": "movie_info",
                                        "Schema": "public",
                                        "Alias": "mi",
                                        "Startup Cost": 0.0,
                                        "Total Cost": 198880.74,
                                        "Plan Rows": 2231456,
                                        "Plan Width": 4,
                                        "Actual Startup Time": 0.043,
                                        "Actual Total Time": 382.048,
                                        "Actual Rows": 1868457,
                                        "Actual Loops": 6,
                                        "Output": [
                                            "mi.id",
                                            "mi.movie_id",
                                            "mi.info_type_id",
                                            "mi.info",
                                            "mi.note"
                                        ],
                                        "Filter": "(mi.info_type_id > 3)",
                                        "Rows Removed by Filter": 604163,
                                        "Workers": [
                                            {
                                                "Worker Number": 0,
                                                "Actual Startup Time": 0.043,
                                                "Actual Total Time": 396.042,
                                                "Actual Rows": 1494210,
                                                "Actual Loops": 1
                                            },
                                            {
                                                "Worker Number": 1,
                                                "Actual Startup Time": 0.062,
                                                "Actual Total Time": 395.199,
                                                "Actual Rows": 1468331,
                                                "Actual Loops": 1
                                            },
                                            {
                                                "Worker Number": 2,
                                                "Actual Startup Time": 0.04,
                                                "Actual Total Time": 400.446,
                                                "Actual Rows": 1462830,
                                                "Actual Loops": 1
                                            },
                                            {
                                                "Worker Number": 3,
                                                "Actual Startup Time": 0.049,
                                                "Actual Total Time": 388.421,
                                                "Actual Rows": 2152733,
                                                "Actual Loops": 1
                                            },
                                            {
                                                "Worker Number": 4,
                                                "Actual Startup Time": 0.05,
                                                "Actual Total Time": 381.331,
                                                "Actual Rows": 2250236,
                                                "Actual Loops": 1
                                            }
                                        ]
                                    },
                                    {
                                        "Node Type": "Hash",
                                        "Parent Relationship": "Inner",
                                        "Parallel Aware": true,
                                        "Startup Cost": 81640.28,
                                        "Total Cost": 81640.28,
                                        "Plan Rows": 263302,
                                        "Plan Width": 8,
                                        "Actual Startup Time": 416.698,
                                        "Actual Total Time": 417.143,
                                        "Actual Rows": 109310,
                                        "Actual Loops": 6,
                                        "Output": [
                                            "t.id",
                                            "mc.movie_id"
                                        ],
                                        "Hash Buckets": 1048576,
                                        "Original Hash Buckets": 1048576,
                                        "Hash Batches": 1,
                                        "Original Hash Batches": 1,
                                        "Peak Memory Usage": 33952,
                                        "Workers": [
                                            {
                                                "Worker Number": 0,
                                                "Actual Startup Time": 417.489,
                                                "Actual Total Time": 417.492,
                                                "Actual Rows": 92749,
                                                "Actual Loops": 1
                                            },
                                            {
                                                "Worker Number": 1,
                                                "Actual Startup Time": 417.439,
                                                "Actual Total Time": 417.442,
                                                "Actual Rows": 91923,
                                                "Actual Loops": 1
                                            },
                                            {
                                                "Worker Number": 2,
                                                "Actual Startup Time": 417.896,
                                                "Actual Total Time": 417.9,
                                                "Actual Rows": 89423,
                                                "Actual Loops": 1
                                            },
                                            {
                                                "Worker Number": 3,
                                                "Actual Startup Time": 418.004,
                                                "Actual Total Time": 418.009,
                                                "Actual Rows": 121331,
                                                "Actual Loops": 1
                                            },
                                            {
                                                "Worker Number": 4,
                                                "Actual Startup Time": 417.942,
                                                "Actual Total Time": 417.946,
                                                "Actual Rows": 131338,
                                                "Actual Loops": 1
                                            }
                                        ],
                                        "Plans": [
                                            {
                                                "Node Type": "Hash Join",
                                                "Parent Relationship": "Outer",
                                                "Parallel Aware": true,
                                                "Join Type": "Inner",
                                                "Startup Cost": 49194.16,
                                                "Total Cost": 81640.28,
                                                "Plan Rows": 263302,
                                                "Plan Width": 8,
                                                "Actual Startup Time": 242.138,
                                                "Actual Total Time": 369.837,
                                                "Actual Rows": 109310,
                                                "Actual Loops": 6,
                                                "Output": [
                                                    "t.id",
                                                    "mc.movie_id"
                                                ],
                                                "Inner Unique": true,
                                                "Hash Cond": "(mc.movie_id = t.id)",
                                                "Workers": [
                                                    {
                                                        "Worker Number": 0,
                                                        "Actual Startup Time": 242.191,
                                                        "Actual Total Time": 368.853,
                                                        "Actual Rows": 92749,
                                                        "Actual Loops": 1
                                                    },
                                                    {
                                                        "Worker Number": 1,
                                                        "Actual Startup Time": 242.182,
                                                        "Actual Total Time": 368.854,
                                                        "Actual Rows": 91923,
                                                        "Actual Loops": 1
                                                    },
                                                    {
                                                        "Worker Number": 2,
                                                        "Actual Startup Time": 242.052,
                                                        "Actual Total Time": 370.883,
                                                        "Actual Rows": 89423,
                                                        "Actual Loops": 1
                                                    },
                                                    {
                                                        "Worker Number": 3,
                                                        "Actual Startup Time": 242.099,
                                                        "Actual Total Time": 369.829,
                                                        "Actual Rows": 121331,
                                                        "Actual Loops": 1
                                                    },
                                                    {
                                                        "Worker Number": 4,
                                                        "Actual Startup Time": 242.042,
                                                        "Actual Total Time": 369.082,
                                                        "Actual Rows": 131338,
                                                        "Actual Loops": 1
                                                    }
                                                ],
                                                "Plans": [
                                                    {
                                                        "Node Type": "Seq Scan",
                                                        "Parent Relationship": "Outer",
                                                        "Parallel Aware": true,
                                                        "Relation Name": "movie_companies",
                                                        "Schema": "public",
                                                        "Alias": "mc",
                                                        "Startup Cost": 0.0,
                                                        "Total Cost": 31414.82,
                                                        "Plan Rows": 392879,
                                                        "Plan Width": 4,
                                                        "Actual Startup Time": 0.033,
                                                        "Actual Total Time": 59.371,
                                                        "Actual Rows": 194277,
                                                        "Actual Loops": 6,
                                                        "Output": [
                                                            "mc.id",
                                                            "mc.movie_id",
                                                            "mc.company_id",
                                                            "mc.company_type_id",
                                                            "mc.note"
                                                        ],
                                                        "Filter": "((mc.company_id > 19) AND (mc.company_type_id < 2))",
                                                        "Rows Removed by Filter": 240578,
                                                        "Workers": [
                                                            {
                                                                "Worker Number": 0,
                                                                "Actual Startup Time": 0.034,
                                                                "Actual Total Time": 62.11,
                                                                "Actual Rows": 164957,
                                                                "Actual Loops": 1
                                                            },
                                                            {
                                                                "Worker Number": 1,
                                                                "Actual Startup Time": 0.051,
                                                                "Actual Total Time": 62.109,
                                                                "Actual Rows": 162299,
                                                                "Actual Loops": 1
                                                            },
                                                            {
                                                                "Worker Number": 2,
                                                                "Actual Startup Time": 0.029,
                                                                "Actual Total Time": 61.884,
                                                                "Actual Rows": 158790,
                                                                "Actual Loops": 1
                                                            },
                                                            {
                                                                "Worker Number": 3,
                                                                "Actual Startup Time": 0.036,
                                                                "Actual Total Time": 58.183,
                                                                "Actual Rows": 215389,
                                                                "Actual Loops": 1
                                                            },
                                                            {
                                                                "Worker Number": 4,
                                                                "Actual Startup Time": 0.032,
                                                                "Actual Total Time": 58.207,
                                                                "Actual Rows": 233751,
                                                                "Actual Loops": 1
                                                            }
                                                        ]
                                                    },
                                                    {
                                                        "Node Type": "Hash",
                                                        "Parent Relationship": "Inner",
                                                        "Parallel Aware": true,
                                                        "Startup Cost": 43899.01,
                                                        "Total Cost": 43899.01,
                                                        "Plan Rows": 423612,
                                                        "Plan Width": 4,
                                                        "Actual Startup Time": 238.744,
                                                        "Actual Total Time": 238.745,
                                                        "Actual Rows": 283386,
                                                        "Actual Loops": 6,
                                                        "Output": [
                                                            "t.id"
                                                        ],
                                                        "Hash Buckets": 2097152,
                                                        "Original Hash Buckets": 2097152,
                                                        "Hash Batches": 1,
                                                        "Original Hash Batches": 1,
                                                        "Peak Memory Usage": 82976,
                                                        "Workers": [
                                                            {
                                                                "Worker Number": 0,
                                                                "Actual Startup Time": 241.813,
                                                                "Actual Total Time": 241.815,
                                                                "Actual Rows": 231907,
                                                                "Actual Loops": 1
                                                            },
                                                            {
                                                                "Worker Number": 1,
                                                                "Actual Startup Time": 241.806,
                                                                "Actual Total Time": 241.807,
                                                                "Actual Rows": 228628,
                                                                "Actual Loops": 1
                                                            },
                                                            {
                                                                "Worker Number": 2,
                                                                "Actual Startup Time": 241.799,
                                                                "Actual Total Time": 241.8,
                                                                "Actual Rows": 227094,
                                                                "Actual Loops": 1
                                                            },
                                                            {
                                                                "Worker Number": 3,
                                                                "Actual Startup Time": 241.788,
                                                                "Actual Total Time": 241.79,
                                                                "Actual Rows": 295976,
                                                                "Actual Loops": 1
                                                            },
                                                            {
                                                                "Worker Number": 4,
                                                                "Actual Startup Time": 241.951,
                                                                "Actual Total Time": 241.952,
                                                                "Actual Rows": 312932,
                                                                "Actual Loops": 1
                                                            }
                                                        ],
                                                        "Plans": [
                                                            {
                                                                "Node Type": "Seq Scan",
                                                                "Parent Relationship": "Outer",
                                                                "Parallel Aware": true,
                                                                "Relation Name": "title",
                                                                "Schema": "public",
                                                                "Alias": "t",
                                                                "Startup Cost": 0.0,
                                                                "Total Cost": 43899.01,
                                                                "Plan Rows": 423612,
                                                                "Plan Width": 4,
                                                                "Actual Startup Time": 0.074,
                                                                "Actual Total Time": 95.146,
                                                                "Actual Rows": 283386,
                                                                "Actual Loops": 6,
                                                                "Output": [
                                                                    "t.id"
                                                                ],
                                                                "Filter": "(t.production_year > 1992)",
                                                                "Rows Removed by Filter": 137999,
                                                                "Workers": [
                                                                    {
                                                                        "Worker Number": 0,
                                                                        "Actual Startup Time": 0.085,
                                                                        "Actual Total Time": 98.87,
                                                                        "Actual Rows": 231907,
                                                                        "Actual Loops": 1
                                                                    },
                                                                    {
                                                                        "Worker Number": 1,
                                                                        "Actual Startup Time": 0.077,
                                                                        "Actual Total Time": 98.398,
                                                                        "Actual Rows": 228628,
                                                                        "Actual Loops": 1
                                                                    },
                                                                    {
                                                                        "Worker Number": 2,
                                                                        "Actual Startup Time": 0.115,
                                                                        "Actual Total Time": 100.425,
                                                                        "Actual Rows": 227094,
                                                                        "Actual Loops": 1
                                                                    },
                                                                    {
                                                                        "Worker Number": 3,
                                                                        "Actual Startup Time": 0.084,
                                                                        "Actual Total Time": 96.68,
                                                                        "Actual Rows": 295976,
                                                                        "Actual Loops": 1
                                                                    },
                                                                    {
                                                                        "Worker Number": 4,
                                                                        "Actual Startup Time": 0.067,
                                                                        "Actual Total Time": 93.841,
                                                                        "Actual Rows": 312932,
                                                                        "Actual Loops": 1
                                                                    }
                                                                ]
                                                            }
                                                        ]
                                                    }
                                                ]
                                            }
                                        ]
                                    }
                                ]
                            }
                        ]
                    }
                ]
            }
        ]
    },
    "Planning Time": 1.857,
    "Triggers": [],
    "Execution Time": 1816.245
}