{
  "Plan": {
    "Node Type": "Aggregate",
    "Strategy": "Plain",
    "Partial Mode": "Finalize",
    "Parallel Aware": false,
    "Startup Cost": 35717.52,
    "Total Cost": 35717.53,
    "Plan Rows": 1,
    "Plan Width": 8,
    "Actual Startup Time": 63.298,
    "Actual Total Time": 73.694,
    "Actual Rows": 1,
    "Actual Loops": 1,
    "Plans": [
      {
        "Node Type": "Gather",
        "Parent Relationship": "Outer",
        "Parallel Aware": false,
        "Startup Cost": 35717.4,
        "Total Cost": 35717.51,
        "Plan Rows": 1,
        "Plan Width": 8,
        "Actual Startup Time": 63.055,
        "Actual Total Time": 73.688,
        "Actual Rows": 2,
        "Actual Loops": 1,
        "Workers Planned": 1,
        "Workers Launched": 1,
        "Single Copy": false,
        "Plans": [
          {
            "Node Type": "Aggregate",
            "Strategy": "Plain",
            "Partial Mode": "Partial",
            "Parent Relationship": "Outer",
            "Parallel Aware": false,
            "Startup Cost": 34717.4,
            "Total Cost": 34717.41,
            "Plan Rows": 1,
            "Plan Width": 8,
            "Actual Startup Time": 56.849,
            "Actual Total Time": 56.851,
            "Actual Rows": 1,
            "Actual Loops": 2,
            "Plans": [
              {
                "Node Type": "Nested Loop",
                "Parent Relationship": "Outer",
                "Parallel Aware": false,
                "Join Type": "Inner",
                "Startup Cost": 106.69,
                "Total Cost": 34713.8,
                "Plan Rows": 1442,
                "Plan Width": 0,
                "Actual Startup Time": 3.578,
                "Actual Total Time": 55.773,
                "Actual Rows": 15894,
                "Actual Loops": 2,
                "Inner Unique": false,
                "Plans": [
                  {
                    "Node Type": "Nested Loop",
                    "Parent Relationship": "Outer",
                    "Parallel Aware": false,
                    "Join Type": "Inner",
                    "Startup Cost": 106.26,
                    "Total Cost": 32996.8,
                    "Plan Rows": 2839,
                    "Plan Width": 8,
                    "Actual Startup Time": 3.275,
                    "Actual Total Time": 29.529,
                    "Actual Rows": 2303,
                    "Actual Loops": 2,
                    "Inner Unique": true,
                    "Plans": [
                      {
                        "Node Type": "Bitmap Heap Scan",
                        "Parent Relationship": "Outer",
                        "Parallel Aware": true,
                        "Relation Name": "movie_keyword",
                        "Alias": "mk",
                        "Startup Cost": 105.83,
                        "Total Cost": 12127.48,
                        "Plan Rows": 2839,
                        "Plan Width": 4,
                        "Actual Startup Time": 3.133,
                        "Actual Total Time": 10.673,
                        "Actual Rows": 2303,
                        "Actual Loops": 2,
                        "Recheck Cond": "(keyword_id = 228)",
                        "Rows Removed by Index Recheck": 0,
                        "Exact Heap Blocks": 3144,
                        "Lossy Heap Blocks": 0,
                        "Plans": [
                          {
                            "Node Type": "Bitmap Index Scan",
                            "Parent Relationship": "Outer",
                            "Parallel Aware": false,
                            "Index Name": "keyword_id_movie_keyword",
                            "Startup Cost": 0.0,
                            "Total Cost": 104.63,
                            "Plan Rows": 4826,
                            "Plan Width": 0,
                            "Actual Startup Time": 4.014,
                            "Actual Total Time": 4.014,
                            "Actual Rows": 4606,
                            "Actual Loops": 1,
                            "Index Cond": "(keyword_id = 228)"
                          }
                        ]
                      },
                      {
                        "Node Type": "Index Only Scan",
                        "Parent Relationship": "Inner",
                        "Parallel Aware": false,
                        "Scan Direction": "Forward",
                        "Index Name": "title_pkey",
                        "Relation Name": "title",
                        "Alias": "t",
                        "Startup Cost": 0.43,
                        "Total Cost": 7.35,
                        "Plan Rows": 1,
                        "Plan Width": 4,
                        "Actual Startup Time": 0.008,
                        "Actual Total Time": 0.008,
                        "Actual Rows": 1,
                        "Actual Loops": 4606,
                        "Index Cond": "(id = mk.movie_id)",
                        "Rows Removed by Index Recheck": 0,
                        "Heap Fetches": 4606
                      }
                    ]
                  },
                  {
                    "Node Type": "Index Scan",
                    "Parent Relationship": "Inner",
                    "Parallel Aware": false,
                    "Scan Direction": "Forward",
                    "Index Name": "movie_id_movie_companies",
                    "Relation Name": "movie_companies",
                    "Alias": "mc",
                    "Startup Cost": 0.43,
                    "Total Cost": 0.57,
                    "Plan Rows": 3,
                    "Plan Width": 4,
                    "Actual Startup Time": 0.007,
                    "Actual Total Time": 0.01,
                    "Actual Rows": 7,
                    "Actual Loops": 4606,
                    "Index Cond": "(movie_id = t.id)",
                    "Rows Removed by Index Recheck": 0,
                    "Filter": "(company_type_id = 1)",
                    "Rows Removed by Filter": 2
                  }
                ]
              }
            ]
          }
        ]
      }
    ]
  },
  "Planning Time": 1.038,
  "Triggers": [],
  "Execution Time": 73.787
}