{
    "Plan": {
        "Node Type": "Aggregate",
        "Strategy": "Plain",
        "Partial Mode": "Finalize",
        "Parallel Aware": false,
        "Startup Cost": 257386.94,
        "Total Cost": 257386.95,
        "Plan Rows": 1,
        "Plan Width": 8,
        "Actual Startup Time": 429.124,
        "Actual Total Time": 452.352,
        "Actual Rows": 1,
        "Actual Loops": 1,
        "Output": [
            "count(*)"
        ],
        "Plans": [
            {
                "Node Type": "Gather",
                "Parent Relationship": "Outer",
                "Parallel Aware": false,
                "Startup Cost": 257386.63,
                "Total Cost": 257386.94,
                "Plan Rows": 3,
                "Plan Width": 8,
                "Actual Startup Time": 426.139,
                "Actual Total Time": 452.341,
                "Actual Rows": 4,
                "Actual Loops": 1,
                "Output": [
                    "(PARTIAL count(*))"
                ],
                "Workers Planned": 3,
                "Workers Launched": 3,
                "Single Copy": false,
                "Plans": [
                    {
                        "Node Type": "Aggregate",
                        "Strategy": "Plain",
                        "Partial Mode": "Partial",
                        "Parent Relationship": "Outer",
                        "Parallel Aware": false,
                        "Startup Cost": 256386.63,
                        "Total Cost": 256386.64,
                        "Plan Rows": 1,
                        "Plan Width": 8,
                        "Actual Startup Time": 416.59,
                        "Actual Total Time": 416.595,
                        "Actual Rows": 1,
                        "Actual Loops": 4,
                        "Output": [
                            "PARTIAL count(*)"
                        ],
                        "Workers": [
                            {
                                "Worker Number": 0,
                                "Actual Startup Time": 413.699,
                                "Actual Total Time": 413.703,
                                "Actual Rows": 1,
                                "Actual Loops": 1
                            },
                            {
                                "Worker Number": 1,
                                "Actual Startup Time": 413.228,
                                "Actual Total Time": 413.233,
                                "Actual Rows": 1,
                                "Actual Loops": 1
                            },
                            {
                                "Worker Number": 2,
                                "Actual Startup Time": 414.118,
                                "Actual Total Time": 414.121,
                                "Actual Rows": 1,
                                "Actual Loops": 1
                            }
                        ],
                        "Plans": [
                            {
                                "Node Type": "Nested Loop",
                                "Parent Relationship": "Outer",
                                "Parallel Aware": false,
                                "Join Type": "Inner",
                                "Startup Cost": 47320.82,
                                "Total Cost": 255678.07,
                                "Plan Rows": 283422,
                                "Plan Width": 0,
                                "Actual Startup Time": 180.145,
                                "Actual Total Time": 409.412,
                                "Actual Rows": 154668,
                                "Actual Loops": 4,
                                "Inner Unique": false,
                                "Join Filter": "(t.id = mi.movie_id)",
                                "Rows Removed by Join Filter": 0,
                                "Workers": [
                                    {
                                        "Worker Number": 0,
                                        "Actual Startup Time": 177.292,
                                        "Actual Total Time": 406.674,
                                        "Actual Rows": 152293,
                                        "Actual Loops": 1
                                    },
                                    {
                                        "Worker Number": 1,
                                        "Actual Startup Time": 177.166,
                                        "Actual Total Time": 406.979,
                                        "Actual Rows": 131329,
                                        "Actual Loops": 1
                                    },
                                    {
                                        "Worker Number": 2,
                                        "Actual Startup Time": 177.529,
                                        "Actual Total Time": 407.148,
                                        "Actual Rows": 151785,
                                        "Actual Loops": 1
                                    }
                                ],
                                "Plans": [
                                    {
                                        "Node Type": "Hash Join",
                                        "Parent Relationship": "Outer",
                                        "Parallel Aware": true,
                                        "Join Type": "Inner",
                                        "Startup Cost": 47320.38,
                                        "Total Cost": 79548.04,
                                        "Plan Rows": 72159,
                                        "Plan Width": 8,
                                        "Actual Startup Time": 180.061,
                                        "Actual Total Time": 255.31,
                                        "Actual Rows": 26228,
                                        "Actual Loops": 4,
                                        "Output": [
                                            "t.id",
                                            "mc.movie_id"
                                        ],
                                        "Inner Unique": true,
                                        "Hash Cond": "(mc.movie_id = t.id)",
                                        "Workers": [
                                            {
                                                "Worker Number": 0,
                                                "Actual Startup Time": 177.189,
                                                "Actual Total Time": 250.931,
                                                "Actual Rows": 26241,
                                                "Actual Loops": 1
                                            },
                                            {
                                                "Worker Number": 1,
                                                "Actual Startup Time": 177.062,
                                                "Actual Total Time": 249.36,
                                                "Actual Rows": 22531,
                                                "Actual Loops": 1
                                            },
                                            {
                                                "Worker Number": 2,
                                                "Actual Startup Time": 177.43,
                                                "Actual Total Time": 252.603,
                                                "Actual Rows": 26008,
                                                "Actual Loops": 1
                                            }
                                        ],
                                        "Plans": [
                                            {
                                                "Node Type": "Seq Scan",
                                                "Parent Relationship": "Outer",
                                                "Parallel Aware": true,
                                                "Relation Name": "movie_companies",
                                                "Schema": "public",
                                                "Alias": "mc",
                                                "Startup Cost": 0.0,
                                                "Total Cost": 31414.82,
                                                "Plan Rows": 309654,
                                                "Plan Width": 4,
                                                "Actual Startup Time": 30.083,
                                                "Actual Total Time": 62.607,
                                                "Actual Rows": 162746,
                                                "Actual Loops": 4,
                                                "Output": [
                                                    "mc.id",
                                                    "mc.movie_id",
                                                    "mc.company_id",
                                                    "mc.company_type_id",
                                                    "mc.note"
                                                ],
                                                "Filter": "((mc.company_id < 41215) AND (mc.company_type_id = 2))",
                                                "Rows Removed by Filter": 489536,
                                                "Workers": [
                                                    {
                                                        "Worker Number": 0,
                                                        "Actual Startup Time": 30.022,
                                                        "Actual Total Time": 62.651,
                                                        "Actual Rows": 160811,
                                                        "Actual Loops": 1
                                                    },
                                                    {
                                                        "Worker Number": 1,
                                                        "Actual Startup Time": 30.072,
                                                        "Actual Total Time": 60.959,
                                                        "Actual Rows": 135428,
                                                        "Actual Loops": 1
                                                    },
                                                    {
                                                        "Worker Number": 2,
                                                        "Actual Startup Time": 30.05,
                                                        "Actual Total Time": 63.324,
                                                        "Actual Rows": 163900,
                                                        "Actual Loops": 1
                                                    }
                                                ]
                                            },
                                            {
                                                "Node Type": "Hash",
                                                "Parent Relationship": "Inner",
                                                "Parallel Aware": true,
                                                "Startup Cost": 45479.21,
                                                "Total Cost": 45479.21,
                                                "Plan Rows": 147294,
                                                "Plan Width": 4,
                                                "Actual Startup Time": 144.832,
                                                "Actual Total Time": 144.834,
                                                "Actual Rows": 121592,
                                                "Actual Loops": 4,
                                                "Output": [
                                                    "t.id"
                                                ],
                                                "Hash Buckets": 1048576,
                                                "Original Hash Buckets": 1048576,
                                                "Hash Batches": 1,
                                                "Original Hash Batches": 1,
                                                "Peak Memory Usage": 27264,
                                                "Workers": [
                                                    {
                                                        "Worker Number": 0,
                                                        "Actual Startup Time": 146.308,
                                                        "Actual Total Time": 146.309,
                                                        "Actual Rows": 110231,
                                                        "Actual Loops": 1
                                                    },
                                                    {
                                                        "Worker Number": 1,
                                                        "Actual Startup Time": 145.859,
                                                        "Actual Total Time": 145.86,
                                                        "Actual Rows": 97997,
                                                        "Actual Loops": 1
                                                    },
                                                    {
                                                        "Worker Number": 2,
                                                        "Actual Startup Time": 146.462,
                                                        "Actual Total Time": 146.463,
                                                        "Actual Rows": 109787,
                                                        "Actual Loops": 1
                                                    }
                                                ],
                                                "Plans": [
                                                    {
                                                        "Node Type": "Seq Scan",
                                                        "Parent Relationship": "Outer",
                                                        "Parallel Aware": true,
                                                        "Relation Name": "title",
                                                        "Schema": "public",
                                                        "Alias": "t",
                                                        "Startup Cost": 0.0,
                                                        "Total Cost": 45479.21,
                                                        "Plan Rows": 147294,
                                                        "Plan Width": 4,
                                                        "Actual Startup Time": 0.057,
                                                        "Actual Total Time": 98.166,
                                                        "Actual Rows": 121592,
                                                        "Actual Loops": 4,
                                                        "Output": [
                                                            "t.id"
                                                        ],
                                                        "Filter": "((t.production_year < 1999) AND (t.kind_id = 7))",
                                                        "Rows Removed by Filter": 510486,
                                                        "Workers": [
                                                            {
                                                                "Worker Number": 0,
                                                                "Actual Startup Time": 0.078,
                                                                "Actual Total Time": 99.94,
                                                                "Actual Rows": 110231,
                                                                "Actual Loops": 1
                                                            },
                                                            {
                                                                "Worker Number": 1,
                                                                "Actual Startup Time": 0.065,
                                                                "Actual Total Time": 99.693,
                                                                "Actual Rows": 97997,
                                                                "Actual Loops": 1
                                                            },
                                                            {
                                                                "Worker Number": 2,
                                                                "Actual Startup Time": 0.067,
                                                                "Actual Total Time": 99.871,
                                                                "Actual Rows": 109787,
                                                                "Actual Loops": 1
                                                            }
                                                        ]
                                                    }
                                                ]
                                            }
                                        ]
                                    },
                                    {
                                        "Node Type": "Index Scan",
                                        "Parent Relationship": "Inner",
                                        "Parallel Aware": false,
                                        "Scan Direction": "Forward",
                                        "Index Name": "movie_id_movie_info",
                                        "Relation Name": "movie_info",
                                        "Schema": "public",
                                        "Alias": "mi",
                                        "Startup Cost": 0.43,
                                        "Total Cost": 2.12,
                                        "Plan Rows": 26,
                                        "Plan Width": 4,
                                        "Actual Startup Time": 0.002,
                                        "Actual Total Time": 0.005,
                                        "Actual Rows": 6,
                                        "Actual Loops": 104910,
                                        "Output": [
                                            "mi.id",
                                            "mi.movie_id",
                                            "mi.info_type_id",
                                            "mi.info",
                                            "mi.note"
                                        ],
                                        "Index Cond": "(mi.movie_id = mc.movie_id)",
                                        "Rows Removed by Index Recheck": 0,
                                        "Filter": "(mi.info_type_id > 4)",
                                        "Rows Removed by Filter": 2,
                                        "Workers": [
                                            {
                                                "Worker Number": 0,
                                                "Actual Startup Time": 0.003,
                                                "Actual Total Time": 0.005,
                                                "Actual Rows": 6,
                                                "Actual Loops": 26241
                                            },
                                            {
                                                "Worker Number": 1,
                                                "Actual Startup Time": 0.003,
                                                "Actual Total Time": 0.006,
                                                "Actual Rows": 6,
                                                "Actual Loops": 22531
                                            },
                                            {
                                                "Worker Number": 2,
                                                "Actual Startup Time": 0.002,
                                                "Actual Total Time": 0.005,
                                                "Actual Rows": 6,
                                                "Actual Loops": 26008
                                            }
                                        ]
                                    }
                                ]
                            }
                        ]
                    }
                ]
            }
        ]
    },
    "Planning Time": 1.666,
    "Triggers": [],
    "Execution Time": 452.445
}