[
  {
    "Plan": {
      "Node Type": "Aggregate",
      "Strategy": "Plain",
      "Partial Mode": "Finalize",
      "Parallel Aware": false,
      "Startup Cost": 340090.42,
      "Total Cost": 340090.43,
      "Plan Rows": 1,
      "Plan Width": 8,
      "Actual Startup Time": 821.276,
      "Actual Total Time": 868.456,
      "Actual Rows": 1,
      "Actual Loops": 1,
      "Plans": [
        {
          "Node Type": "Gather",
          "Parent Relationship": "Outer",
          "Parallel Aware": false,
          "Startup Cost": 340089.8,
          "Total Cost": 340090.41,
          "Plan Rows": 6,
          "Plan Width": 8,
          "Actual Startup Time": 821.065,
          "Actual Total Time": 868.445,
          "Actual Rows": 7,
          "Actual Loops": 1,
          "Workers Planned": 6,
          "Workers Launched": 6,
          "Single Copy": false,
          "Plans": [
            {
              "Node Type": "Aggregate",
              "Strategy": "Plain",
              "Partial Mode": "Partial",
              "Parent Relationship": "Outer",
              "Parallel Aware": false,
              "Startup Cost": 339089.8,
              "Total Cost": 339089.81,
              "Plan Rows": 1,
              "Plan Width": 8,
              "Actual Startup Time": 810.834,
              "Actual Total Time": 810.835,
              "Actual Rows": 1,
              "Actual Loops": 7,
              "Plans": [
                {
                  "Node Type": "Seq Scan",
                  "Parent Relationship": "Outer",
                  "Parallel Aware": true,
                  "Relation Name": "cast_info",
                  "Alias": "ci",
                  "Startup Cost": 0.0,
                  "Total Cost": 328211.39,
                  "Plan Rows": 4351362,
                  "Plan Width": 0,
                  "Actual Startup Time": 124.577,
                  "Actual Total Time": 634.207,
                  "Actual Rows": 3723435,
                  "Actual Loops": 7,
                  "Filter": "(person_id > 1000805)",
                  "Rows Removed by Filter": 1454329
                }
              ]
            }
          ]
        }
      ]
    },
    "Planning Time": 0.171,
    "Triggers": [],
    "Execution Time": 868.522
  }
]