{
  "Plan": {
    "Node Type": "Aggregate",
    "Strategy": "Plain",
    "Partial Mode": "Simple",
    "Parallel Aware": false,
    "Startup Cost": 509866.18,
    "Total Cost": 509866.19,
    "Plan Rows": 1,
    "Plan Width": 8,
    "Actual Startup Time": 2215.144,
    "Actual Total Time": 2215.148,
    "Actual Rows": 1,
    "Actual Loops": 1,
    "Plans": [
      {
        "Node Type": "Hash Join",
        "Parent Relationship": "Outer",
        "Parallel Aware": false,
        "Join Type": "Inner",
        "Startup Cost": 508946.85,
        "Total Cost": 509865.88,
        "Plan Rows": 117,
        "Plan Width": 0,
        "Actual Startup Time": 2214.86,
        "Actual Total Time": 2215.135,
        "Actual Rows": 166,
        "Actual Loops": 1,
        "Inner Unique": false,
        "Hash Cond": "(mk.movie_id = t.id)",
        "Plans": [
          {
            "Node Type": "Bitmap Heap Scan",
            "Parent Relationship": "Outer",
            "Parallel Aware": false,
            "Relation Name": "movie_keyword",
            "Alias": "mk",
            "Startup Cost": 6.35,
            "Total Cost": 922.98,
            "Plan Rows": 248,
            "Plan Width": 4,
            "Actual Startup Time": 0.198,
            "Actual Total Time": 0.404,
            "Actual Rows": 108,
            "Actual Loops": 1,
            "Recheck Cond": "(keyword_id = 7328)",
            "Rows Removed by Index Recheck": 0,
            "Exact Heap Blocks": 101,
            "Lossy Heap Blocks": 0,
            "Plans": [
              {
                "Node Type": "Bitmap Index Scan",
                "Parent Relationship": "Outer",
                "Parallel Aware": false,
                "Index Name": "keyword_id_movie_keyword",
                "Startup Cost": 0.0,
                "Total Cost": 6.29,
                "Plan Rows": 248,
                "Plan Width": 0,
                "Actual Startup Time": 0.165,
                "Actual Total Time": 0.166,
                "Actual Rows": 108,
                "Actual Loops": 1,
                "Index Cond": "(keyword_id = 7328)"
              }
            ]
          },
          {
            "Node Type": "Hash",
            "Parent Relationship": "Inner",
            "Parallel Aware": false,
            "Startup Cost": 494055.47,
            "Total Cost": 494055.47,
            "Plan Rows": 1190802,
            "Plan Width": 8,
            "Actual Startup Time": 2210.802,
            "Actual Total Time": 2210.804,
            "Actual Rows": 683009,
            "Actual Loops": 1,
            "Hash Buckets": 2097152,
            "Original Hash Buckets": 2097152,
            "Hash Batches": 1,
            "Original Hash Batches": 1,
            "Peak Memory Usage": 43065,
            "Plans": [
              {
                "Node Type": "Hash Join",
                "Parent Relationship": "Outer",
                "Parallel Aware": false,
                "Join Type": "Inner",
                "Startup Cost": 174183.75,
                "Total Cost": 494055.47,
                "Plan Rows": 1190802,
                "Plan Width": 8,
                "Actual Startup Time": 614.515,
                "Actual Total Time": 2026.314,
                "Actual Rows": 683009,
                "Actual Loops": 1,
                "Inner Unique": true,
                "Hash Cond": "(ci.movie_id = t.id)",
                "Plans": [
                  {
                    "Node Type": "Bitmap Heap Scan",
                    "Parent Relationship": "Outer",
                    "Parallel Aware": false,
                    "Relation Name": "cast_info",
                    "Alias": "ci",
                    "Startup Cost": 98109.78,
                    "Total Cost": 406321.32,
                    "Plan Rows": 4441963,
                    "Plan Width": 4,
                    "Actual Startup Time": 212.552,
                    "Actual Total Time": 627.721,
                    "Actual Rows": 4246908,
                    "Actual Loops": 1,
                    "Recheck Cond": "(person_id > 3282134)",
                    "Rows Removed by Index Recheck": 0,
                    "Exact Heap Blocks": 59208,
                    "Lossy Heap Blocks": 0,
                    "Plans": [
                      {
                        "Node Type": "Bitmap Index Scan",
                        "Parent Relationship": "Outer",
                        "Parallel Aware": false,
                        "Index Name": "person_id_cast_info",
                        "Startup Cost": 0.0,
                        "Total Cost": 96999.29,
                        "Plan Rows": 4441963,
                        "Plan Width": 0,
                        "Actual Startup Time": 203.546,
                        "Actual Total Time": 203.546,
                        "Actual Rows": 4246908,
                        "Actual Loops": 1,
                        "Index Cond": "(person_id > 3282134)"
                      }
                    ]
                  },
                  {
                    "Node Type": "Hash",
                    "Parent Relationship": "Inner",
                    "Parallel Aware": false,
                    "Startup Cost": 67601.66,
                    "Total Cost": 67601.66,
                    "Plan Rows": 677785,
                    "Plan Width": 4,
                    "Actual Startup Time": 399.969,
                    "Actual Total Time": 399.971,
                    "Actual Rows": 684146,
                    "Actual Loops": 1,
                    "Hash Buckets": 1048576,
                    "Original Hash Buckets": 1048576,
                    "Hash Batches": 1,
                    "Original Hash Batches": 1,
                    "Peak Memory Usage": 32245,
                    "Plans": [
                      {
                        "Node Type": "Seq Scan",
                        "Parent Relationship": "Outer",
                        "Parallel Aware": false,
                        "Relation Name": "title",
                        "Alias": "t",
                        "Startup Cost": 0.0,
                        "Total Cost": 67601.66,
                        "Plan Rows": 677785,
                        "Plan Width": 4,
                        "Actual Startup Time": 0.029,
                        "Actual Total Time": 252.458,
                        "Actual Rows": 684146,
                        "Actual Loops": 1,
                        "Filter": "(production_year < 1990)",
                        "Rows Removed by Filter": 1844166
                      }
                    ]
                  }
                ]
              }
            ]
          }
        ]
      }
    ]
  },
  "Planning Time": 0.802,
  "Triggers": [],
  "Execution Time": 2215.586
}