[
    {
        "Bao": {
            "Bao prediction": "NaN",
            "Bao recommended hint": "(no hint)"
        }
    },
    {
        "Plan": {
            "Node Type": "Aggregate",
            "Strategy": "Plain",
            "Partial Mode": "Finalize",
            "Parallel Aware": false,
            "Startup Cost": 604107.16,
            "Total Cost": 604107.17,
            "Plan Rows": 1,
            "Plan Width": 8,
            "Actual Startup Time": 4763.191,
            "Actual Total Time": 4799.0,
            "Actual Rows": 1,
            "Actual Loops": 1,
            "Output": [
                "count(*)"
            ],
            "Plans": [
                {
                    "Node Type": "Gather",
                    "Parent Relationship": "Outer",
                    "Parallel Aware": false,
                    "Startup Cost": 604106.54,
                    "Total Cost": 604107.15,
                    "Plan Rows": 6,
                    "Plan Width": 8,
                    "Actual Startup Time": 4740.454,
                    "Actual Total Time": 4798.988,
                    "Actual Rows": 7,
                    "Actual Loops": 1,
                    "Output": [
                        "(PARTIAL count(*))"
                    ],
                    "Workers Planned": 6,
                    "Workers Launched": 6,
                    "Single Copy": false,
                    "Plans": [
                        {
                            "Node Type": "Aggregate",
                            "Strategy": "Plain",
                            "Partial Mode": "Partial",
                            "Parent Relationship": "Outer",
                            "Parallel Aware": false,
                            "Startup Cost": 603106.54,
                            "Total Cost": 603106.55,
                            "Plan Rows": 1,
                            "Plan Width": 8,
                            "Actual Startup Time": 4721.254,
                            "Actual Total Time": 4721.259,
                            "Actual Rows": 1,
                            "Actual Loops": 7,
                            "Output": [
                                "PARTIAL count(*)"
                            ],
                            "Workers": [
                                {
                                    "Worker Number": 0,
                                    "Actual Startup Time": 4717.745,
                                    "Actual Total Time": 4717.75,
                                    "Actual Rows": 1,
                                    "Actual Loops": 1
                                },
                                {
                                    "Worker Number": 1,
                                    "Actual Startup Time": 4718.086,
                                    "Actual Total Time": 4718.09,
                                    "Actual Rows": 1,
                                    "Actual Loops": 1
                                },
                                {
                                    "Worker Number": 2,
                                    "Actual Startup Time": 4717.929,
                                    "Actual Total Time": 4717.933,
                                    "Actual Rows": 1,
                                    "Actual Loops": 1
                                },
                                {
                                    "Worker Number": 3,
                                    "Actual Startup Time": 4718.316,
                                    "Actual Total Time": 4718.32,
                                    "Actual Rows": 1,
                                    "Actual Loops": 1
                                },
                                {
                                    "Worker Number": 4,
                                    "Actual Startup Time": 4718.259,
                                    "Actual Total Time": 4718.264,
                                    "Actual Rows": 1,
                                    "Actual Loops": 1
                                },
                                {
                                    "Worker Number": 5,
                                    "Actual Startup Time": 4718.632,
                                    "Actual Total Time": 4718.636,
                                    "Actual Rows": 1,
                                    "Actual Loops": 1
                                }
                            ],
                            "Plans": [
                                {
                                    "Node Type": "Hash Join",
                                    "Parent Relationship": "Outer",
                                    "Parallel Aware": true,
                                    "Join Type": "Inner",
                                    "Startup Cost": 254633.23,
                                    "Total Cost": 596047.07,
                                    "Plan Rows": 2823786,
                                    "Plan Width": 0,
                                    "Actual Startup Time": 1024.342,
                                    "Actual Total Time": 4302.141,
                                    "Actual Rows": 9428870,
                                    "Actual Loops": 7,
                                    "Inner Unique": false,
                                    "Hash Cond": "(ci.movie_id = t.id)",
                                    "Workers": [
                                        {
                                            "Worker Number": 0,
                                            "Actual Startup Time": 1021.955,
                                            "Actual Total Time": 4270.627,
                                            "Actual Rows": 8262553,
                                            "Actual Loops": 1
                                        },
                                        {
                                            "Worker Number": 1,
                                            "Actual Startup Time": 1022.148,
                                            "Actual Total Time": 4292.719,
                                            "Actual Rows": 9205339,
                                            "Actual Loops": 1
                                        },
                                        {
                                            "Worker Number": 2,
                                            "Actual Startup Time": 1022.015,
                                            "Actual Total Time": 4320.037,
                                            "Actual Rows": 10020208,
                                            "Actual Loops": 1
                                        },
                                        {
                                            "Worker Number": 3,
                                            "Actual Startup Time": 1022.793,
                                            "Actual Total Time": 4325.04,
                                            "Actual Rows": 10194486,
                                            "Actual Loops": 1
                                        },
                                        {
                                            "Worker Number": 4,
                                            "Actual Startup Time": 1022.517,
                                            "Actual Total Time": 4326.465,
                                            "Actual Rows": 10171828,
                                            "Actual Loops": 1
                                        },
                                        {
                                            "Worker Number": 5,
                                            "Actual Startup Time": 1022.537,
                                            "Actual Total Time": 4321.616,
                                            "Actual Rows": 10313258,
                                            "Actual Loops": 1
                                        }
                                    ],
                                    "Plans": [
                                        {
                                            "Node Type": "Seq Scan",
                                            "Parent Relationship": "Outer",
                                            "Parallel Aware": true,
                                            "Relation Name": "cast_info",
                                            "Schema": "public",
                                            "Alias": "ci",
                                            "Startup Cost": 0.0,
                                            "Total Cost": 313108.29,
                                            "Plan Rows": 6042129,
                                            "Plan Width": 4,
                                            "Actual Startup Time": 0.042,
                                            "Actual Total Time": 491.487,
                                            "Actual Rows": 5177763,
                                            "Actual Loops": 7,
                                            "Output": [
                                                "ci.id",
                                                "ci.person_id",
                                                "ci.movie_id",
                                                "ci.person_role_id",
                                                "ci.note",
                                                "ci.nr_order",
                                                "ci.role_id"
                                            ],
                                            "Workers": [
                                                {
                                                    "Worker Number": 0,
                                                    "Actual Startup Time": 0.031,
                                                    "Actual Total Time": 514.157,
                                                    "Actual Rows": 4624791,
                                                    "Actual Loops": 1
                                                },
                                                {
                                                    "Worker Number": 1,
                                                    "Actual Startup Time": 0.03,
                                                    "Actual Total Time": 499.458,
                                                    "Actual Rows": 5098094,
                                                    "Actual Loops": 1
                                                },
                                                {
                                                    "Worker Number": 2,
                                                    "Actual Startup Time": 0.027,
                                                    "Actual Total Time": 484.112,
                                                    "Actual Rows": 5423799,
                                                    "Actual Loops": 1
                                                },
                                                {
                                                    "Worker Number": 3,
                                                    "Actual Startup Time": 0.059,
                                                    "Actual Total Time": 505.997,
                                                    "Actual Rows": 5598543,
                                                    "Actual Loops": 1
                                                },
                                                {
                                                    "Worker Number": 4,
                                                    "Actual Startup Time": 0.061,
                                                    "Actual Total Time": 503.201,
                                                    "Actual Rows": 5610015,
                                                    "Actual Loops": 1
                                                },
                                                {
                                                    "Worker Number": 5,
                                                    "Actual Startup Time": 0.075,
                                                    "Actual Total Time": 500.442,
                                                    "Actual Rows": 5586954,
                                                    "Actual Loops": 1
                                                }
                                            ]
                                        },
                                        {
                                            "Node Type": "Hash",
                                            "Parent Relationship": "Inner",
                                            "Parallel Aware": true,
                                            "Startup Cost": 251679.2,
                                            "Total Cost": 251679.2,
                                            "Plan Rows": 236322,
                                            "Plan Width": 8,
                                            "Actual Startup Time": 1019.993,
                                            "Actual Total Time": 1019.997,
                                            "Actual Rows": 486982,
                                            "Actual Loops": 7,
                                            "Output": [
                                                "t.id",
                                                "mi.movie_id"
                                            ],
                                            "Hash Buckets": 4194304,
                                            "Original Hash Buckets": 2097152,
                                            "Hash Batches": 1,
                                            "Original Hash Batches": 1,
                                            "Peak Memory Usage": 182624,
                                            "Workers": [
                                                {
                                                    "Worker Number": 0,
                                                    "Actual Startup Time": 1020.895,
                                                    "Actual Total Time": 1020.899,
                                                    "Actual Rows": 380870,
                                                    "Actual Loops": 1
                                                },
                                                {
                                                    "Worker Number": 1,
                                                    "Actual Startup Time": 1021.247,
                                                    "Actual Total Time": 1021.25,
                                                    "Actual Rows": 378842,
                                                    "Actual Loops": 1
                                                },
                                                {
                                                    "Worker Number": 2,
                                                    "Actual Startup Time": 1021.121,
                                                    "Actual Total Time": 1021.124,
                                                    "Actual Rows": 547028,
                                                    "Actual Loops": 1
                                                },
                                                {
                                                    "Worker Number": 3,
                                                    "Actual Startup Time": 1021.439,
                                                    "Actual Total Time": 1021.442,
                                                    "Actual Rows": 559290,
                                                    "Actual Loops": 1
                                                },
                                                {
                                                    "Worker Number": 4,
                                                    "Actual Startup Time": 1021.409,
                                                    "Actual Total Time": 1021.413,
                                                    "Actual Rows": 557913,
                                                    "Actual Loops": 1
                                                },
                                                {
                                                    "Worker Number": 5,
                                                    "Actual Startup Time": 1021.678,
                                                    "Actual Total Time": 1021.681,
                                                    "Actual Rows": 561496,
                                                    "Actual Loops": 1
                                                }
                                            ],
                                            "Plans": [
                                                {
                                                    "Node Type": "Hash Join",
                                                    "Parent Relationship": "Outer",
                                                    "Parallel Aware": true,
                                                    "Join Type": "Inner",
                                                    "Startup Cost": 46224.81,
                                                    "Total Cost": 251679.2,
                                                    "Plan Rows": 236322,
                                                    "Plan Width": 8,
                                                    "Actual Startup Time": 122.506,
                                                    "Actual Total Time": 765.839,
                                                    "Actual Rows": 486982,
                                                    "Actual Loops": 7,
                                                    "Output": [
                                                        "t.id",
                                                        "mi.movie_id"
                                                    ],
                                                    "Inner Unique": true,
                                                    "Hash Cond": "(mi.movie_id = t.id)",
                                                    "Workers": [
                                                        {
                                                            "Worker Number": 0,
                                                            "Actual Startup Time": 122.464,
                                                            "Actual Total Time": 772.722,
                                                            "Actual Rows": 380870,
                                                            "Actual Loops": 1
                                                        },
                                                        {
                                                            "Worker Number": 1,
                                                            "Actual Startup Time": 122.731,
                                                            "Actual Total Time": 773.344,
                                                            "Actual Rows": 378842,
                                                            "Actual Loops": 1
                                                        },
                                                        {
                                                            "Worker Number": 2,
                                                            "Actual Startup Time": 122.426,
                                                            "Actual Total Time": 763.091,
                                                            "Actual Rows": 547028,
                                                            "Actual Loops": 1
                                                        },
                                                        {
                                                            "Worker Number": 3,
                                                            "Actual Startup Time": 122.407,
                                                            "Actual Total Time": 762.866,
                                                            "Actual Rows": 559290,
                                                            "Actual Loops": 1
                                                        },
                                                        {
                                                            "Worker Number": 4,
                                                            "Actual Startup Time": 122.361,
                                                            "Actual Total Time": 762.488,
                                                            "Actual Rows": 557913,
                                                            "Actual Loops": 1
                                                        },
                                                        {
                                                            "Worker Number": 5,
                                                            "Actual Startup Time": 122.359,
                                                            "Actual Total Time": 763.143,
                                                            "Actual Rows": 561496,
                                                            "Actual Loops": 1
                                                        }
                                                    ],
                                                    "Plans": [
                                                        {
                                                            "Node Type": "Seq Scan",
                                                            "Parent Relationship": "Outer",
                                                            "Parallel Aware": true,
                                                            "Relation Name": "movie_info",
                                                            "Schema": "public",
                                                            "Alias": "mi",
                                                            "Startup Cost": 0.0,
                                                            "Total Cost": 198880.74,
                                                            "Plan Rows": 2504246,
                                                            "Plan Width": 4,
                                                            "Actual Startup Time": 0.023,
                                                            "Actual Total Time": 333.571,
                                                            "Actual Rows": 1800267,
                                                            "Actual Loops": 7,
                                                            "Output": [
                                                                "mi.id",
                                                                "mi.movie_id",
                                                                "mi.info_type_id",
                                                                "mi.info",
                                                                "mi.note"
                                                            ],
                                                            "Filter": "(mi.info_type_id < 17)",
                                                            "Rows Removed by Filter": 319121,
                                                            "Workers": [
                                                                {
                                                                    "Worker Number": 0,
                                                                    "Actual Startup Time": 0.028,
                                                                    "Actual Total Time": 343.125,
                                                                    "Actual Rows": 1392170,
                                                                    "Actual Loops": 1
                                                                },
                                                                {
                                                                    "Worker Number": 1,
                                                                    "Actual Startup Time": 0.036,
                                                                    "Actual Total Time": 343.4,
                                                                    "Actual Rows": 1395145,
                                                                    "Actual Loops": 1
                                                                },
                                                                {
                                                                    "Worker Number": 2,
                                                                    "Actual Startup Time": 0.026,
                                                                    "Actual Total Time": 326.932,
                                                                    "Actual Rows": 2012405,
                                                                    "Actual Loops": 1
                                                                },
                                                                {
                                                                    "Worker Number": 3,
                                                                    "Actual Startup Time": 0.024,
                                                                    "Actual Total Time": 338.431,
                                                                    "Actual Rows": 2053512,
                                                                    "Actual Loops": 1
                                                                },
                                                                {
                                                                    "Worker Number": 4,
                                                                    "Actual Startup Time": 0.021,
                                                                    "Actual Total Time": 337.203,
                                                                    "Actual Rows": 2049415,
                                                                    "Actual Loops": 1
                                                                },
                                                                {
                                                                    "Worker Number": 5,
                                                                    "Actual Startup Time": 0.02,
                                                                    "Actual Total Time": 338.561,
                                                                    "Actual Rows": 2059896,
                                                                    "Actual Loops": 1
                                                                }
                                                            ]
                                                        },
                                                        {
                                                            "Node Type": "Hash",
                                                            "Parent Relationship": "Inner",
                                                            "Parallel Aware": true,
                                                            "Startup Cost": 45479.21,
                                                            "Total Cost": 45479.21,
                                                            "Plan Rows": 59648,
                                                            "Plan Width": 4,
                                                            "Actual Startup Time": 121.101,
                                                            "Actual Total Time": 121.102,
                                                            "Actual Rows": 49949,
                                                            "Actual Loops": 7,
                                                            "Output": [
                                                                "t.id"
                                                            ],
                                                            "Hash Buckets": 524288,
                                                            "Original Hash Buckets": 262144,
                                                            "Hash Batches": 1,
                                                            "Original Hash Batches": 1,
                                                            "Peak Memory Usage": 19936,
                                                            "Workers": [
                                                                {
                                                                    "Worker Number": 0,
                                                                    "Actual Startup Time": 121.464,
                                                                    "Actual Total Time": 121.465,
                                                                    "Actual Rows": 38658,
                                                                    "Actual Loops": 1
                                                                },
                                                                {
                                                                    "Worker Number": 1,
                                                                    "Actual Startup Time": 121.43,
                                                                    "Actual Total Time": 121.431,
                                                                    "Actual Rows": 39154,
                                                                    "Actual Loops": 1
                                                                },
                                                                {
                                                                    "Worker Number": 2,
                                                                    "Actual Startup Time": 121.382,
                                                                    "Actual Total Time": 121.383,
                                                                    "Actual Rows": 53701,
                                                                    "Actual Loops": 1
                                                                },
                                                                {
                                                                    "Worker Number": 3,
                                                                    "Actual Startup Time": 121.363,
                                                                    "Actual Total Time": 121.364,
                                                                    "Actual Rows": 54339,
                                                                    "Actual Loops": 1
                                                                },
                                                                {
                                                                    "Worker Number": 4,
                                                                    "Actual Startup Time": 121.371,
                                                                    "Actual Total Time": 121.372,
                                                                    "Actual Rows": 54667,
                                                                    "Actual Loops": 1
                                                                },
                                                                {
                                                                    "Worker Number": 5,
                                                                    "Actual Startup Time": 121.349,
                                                                    "Actual Total Time": 121.35,
                                                                    "Actual Rows": 53206,
                                                                    "Actual Loops": 1
                                                                }
                                                            ],
                                                            "Plans": [
                                                                {
                                                                    "Node Type": "Seq Scan",
                                                                    "Parent Relationship": "Outer",
                                                                    "Parallel Aware": true,
                                                                    "Relation Name": "title",
                                                                    "Schema": "public",
                                                                    "Alias": "t",
                                                                    "Startup Cost": 0.0,
                                                                    "Total Cost": 45479.21,
                                                                    "Plan Rows": 59648,
                                                                    "Plan Width": 4,
                                                                    "Actual Startup Time": 0.136,
                                                                    "Actual Total Time": 87.632,
                                                                    "Actual Rows": 49949,
                                                                    "Actual Loops": 7,
                                                                    "Output": [
                                                                        "t.id"
                                                                    ],
                                                                    "Filter": "((t.kind_id < 7) AND (t.production_year < 1986))",
                                                                    "Rows Removed by Filter": 311238,
                                                                    "Workers": [
                                                                        {
                                                                            "Worker Number": 0,
                                                                            "Actual Startup Time": 0.149,
                                                                            "Actual Total Time": 88.98,
                                                                            "Actual Rows": 38658,
                                                                            "Actual Loops": 1
                                                                        },
                                                                        {
                                                                            "Worker Number": 1,
                                                                            "Actual Startup Time": 0.147,
                                                                            "Actual Total Time": 88.823,
                                                                            "Actual Rows": 39154,
                                                                            "Actual Loops": 1
                                                                        },
                                                                        {
                                                                            "Worker Number": 2,
                                                                            "Actual Startup Time": 0.112,
                                                                            "Actual Total Time": 87.787,
                                                                            "Actual Rows": 53701,
                                                                            "Actual Loops": 1
                                                                        },
                                                                        {
                                                                            "Worker Number": 3,
                                                                            "Actual Startup Time": 0.146,
                                                                            "Actual Total Time": 87.676,
                                                                            "Actual Rows": 54339,
                                                                            "Actual Loops": 1
                                                                        },
                                                                        {
                                                                            "Worker Number": 4,
                                                                            "Actual Startup Time": 0.172,
                                                                            "Actual Total Time": 87.401,
                                                                            "Actual Rows": 54667,
                                                                            "Actual Loops": 1
                                                                        },
                                                                        {
                                                                            "Worker Number": 5,
                                                                            "Actual Startup Time": 0.174,
                                                                            "Actual Total Time": 87.73,
                                                                            "Actual Rows": 53206,
                                                                            "Actual Loops": 1
                                                                        }
                                                                    ]
                                                                }
                                                            ]
                                                        }
                                                    ]
                                                }
                                            ]
                                        }
                                    ]
                                }
                            ]
                        }
                    ]
                }
            ]
        },
        "Planning Time": 324.584,
        "Triggers": [],
        "Execution Time": 4799.108
    }
]