[
  {
    "Plan": {
      "Node Type": "Aggregate",
      "Strategy": "Plain",
      "Partial Mode": "Finalize",
      "Parallel Aware": false,
      "Startup Cost": 313232.02,
      "Total Cost": 313232.03,
      "Plan Rows": 1,
      "Plan Width": 32,
      "Actual Startup Time": 1667.446,
      "Actual Total Time": 1716.981,
      "Actual Rows": 1,
      "Actual Loops": 1,
      "Plans": [
        {
          "Node Type": "Gather",
          "Parent Relationship": "Outer",
          "Parallel Aware": false,
          "Startup Cost": 313231.6,
          "Total Cost": 313232.01,
          "Plan Rows": 4,
          "Plan Width": 32,
          "Actual Startup Time": 1667.033,
          "Actual Total Time": 1716.962,
          "Actual Rows": 5,
          "Actual Loops": 1,
          "Workers Planned": 4,
          "Workers Launched": 4,
          "Single Copy": false,
          "Plans": [
            {
              "Node Type": "Aggregate",
              "Strategy": "Plain",
              "Partial Mode": "Partial",
              "Parent Relationship": "Outer",
              "Parallel Aware": false,
              "Startup Cost": 312231.6,
              "Total Cost": 312231.61,
              "Plan Rows": 1,
              "Plan Width": 32,
              "Actual Startup Time": 1656.731,
              "Actual Total Time": 1656.745,
              "Actual Rows": 1,
              "Actual Loops": 5,
              "Plans": [
                {
                  "Node Type": "Hash Join",
                  "Parent Relationship": "Outer",
                  "Parallel Aware": true,
                  "Join Type": "Inner",
                  "Startup Cost": 267090.85,
                  "Total Cost": 312231.56,
                  "Plan Rows": 18,
                  "Plan Width": 17,
                  "Actual Startup Time": 1559.576,
                  "Actual Total Time": 1656.685,
                  "Actual Rows": 41,
                  "Actual Loops": 5,
                  "Inner Unique": false,
                  "Hash Cond": "(t.id = mi.movie_id)",
                  "Plans": [
                    {
                      "Node Type": "Seq Scan",
                      "Parent Relationship": "Outer",
                      "Parallel Aware": true,
                      "Relation Name": "title",
                      "Alias": "t",
                      "Startup Cost": 0.0,
                      "Total Cost": 43898.79,
                      "Plan Rows": 248376,
                      "Plan Width": 21,
                      "Actual Startup Time": 0.029,
                      "Actual Total Time": 172.305,
                      "Actual Rows": 202584,
                      "Actual Loops": 5,
                      "Filter": "(production_year > 2005)",
                      "Rows Removed by Filter": 303078
                    },
                    {
                      "Node Type": "Hash",
                      "Parent Relationship": "Inner",
                      "Parallel Aware": true,
                      "Startup Cost": 267090.4,
                      "Total Cost": 267090.4,
                      "Plan Rows": 36,
                      "Plan Width": 8,
                      "Actual Startup Time": 1457.852,
                      "Actual Total Time": 1457.863,
                      "Actual Rows": 353,
                      "Actual Loops": 5,
                      "Hash Buckets": 1024,
                      "Original Hash Buckets": 1024,
                      "Hash Batches": 1,
                      "Original Hash Batches": 1,
                      "Peak Memory Usage": 168,
                      "Plans": [
                        {
                          "Node Type": "Hash Join",
                          "Parent Relationship": "Outer",
                          "Parallel Aware": true,
                          "Join Type": "Inner",
                          "Startup Cost": 45506.24,
                          "Total Cost": 267090.4,
                          "Plan Rows": 36,
                          "Plan Width": 8,
                          "Actual Startup Time": 337.695,
                          "Actual Total Time": 1457.232,
                          "Actual Rows": 353,
                          "Actual Loops": 5,
                          "Inner Unique": false,
                          "Hash Cond": "(mi.movie_id = mk.movie_id)",
                          "Plans": [
                            {
                              "Node Type": "Seq Scan",
                              "Parent Relationship": "Outer",
                              "Parallel Aware": true,
                              "Relation Name": "movie_info",
                              "Alias": "mi",
                              "Startup Cost": 0.0,
                              "Total Cost": 221356.89,
                              "Plan Rows": 30287,
                              "Plan Width": 4,
                              "Actual Startup Time": 0.547,
                              "Actual Total Time": 1120.236,
                              "Actual Rows": 30779,
                              "Actual Loops": 5,
                              "Filter": "(info = ANY ('{Sweden,Norway,Germany,Denmark,Swedish,Denish,Norwegian,German}'::text[]))",
                              "Rows Removed by Filter": 2936365
                            },
                            {
                              "Node Type": "Hash",
                              "Parent Relationship": "Inner",
                              "Parallel Aware": true,
                              "Startup Cost": 45504.48,
                              "Total Cost": 45504.48,
                              "Plan Rows": 141,
                              "Plan Width": 4,
                              "Actual Startup Time": 329.715,
                              "Actual Total Time": 329.722,
                              "Actual Rows": 2590,
                              "Actual Loops": 5,
                              "Hash Buckets": 16384,
                              "Original Hash Buckets": 1024,
                              "Hash Batches": 1,
                              "Original Hash Batches": 1,
                              "Peak Memory Usage": 888,
                              "Plans": [
                                {
                                  "Node Type": "Hash Join",
                                  "Parent Relationship": "Outer",
                                  "Parallel Aware": false,
                                  "Join Type": "Inner",
                                  "Startup Cost": 2626.29,
                                  "Total Cost": 45504.48,
                                  "Plan Rows": 141,
                                  "Plan Width": 4,
                                  "Actual Startup Time": 33.881,
                                  "Actual Total Time": 239.17,
                                  "Actual Rows": 2590,
                                  "Actual Loops": 5,
                                  "Inner Unique": true,
                                  "Hash Cond": "(mk.keyword_id = k.id)",
                                  "Plans": [
                                    {
                                      "Node Type": "Seq Scan",
                                      "Parent Relationship": "Outer",
                                      "Parallel Aware": true,
                                      "Relation Name": "movie_keyword",
                                      "Alias": "mk",
                                      "Startup Cost": 0.0,
                                      "Total Cost": 39047.32,
                                      "Plan Rows": 1459332,
                                      "Plan Width": 8,
                                      "Actual Startup Time": 0.063,
                                      "Actual Total Time": 135.983,
                                      "Actual Rows": 904786,
                                      "Actual Loops": 5
                                    },
                                    {
                                      "Node Type": "Hash",
                                      "Parent Relationship": "Inner",
                                      "Parallel Aware": false,
                                      "Startup Cost": 2626.12,
                                      "Total Cost": 2626.12,
                                      "Plan Rows": 13,
                                      "Plan Width": 4,
                                      "Actual Startup Time": 33.032,
                                      "Actual Total Time": 33.035,
                                      "Actual Rows": 30,
                                      "Actual Loops": 5,
                                      "Hash Buckets": 1024,
                                      "Original Hash Buckets": 1024,
                                      "Hash Batches": 1,
                                      "Original Hash Batches": 1,
                                      "Peak Memory Usage": 10,
                                      "Plans": [
                                        {
                                          "Node Type": "Seq Scan",
                                          "Parent Relationship": "Outer",
                                          "Parallel Aware": false,
                                          "Relation Name": "keyword",
                                          "Alias": "k",
                                          "Startup Cost": 0.0,
                                          "Total Cost": 2626.12,
                                          "Plan Rows": 13,
                                          "Plan Width": 4,
                                          "Actual Startup Time": 3.439,
                                          "Actual Total Time": 32.984,
                                          "Actual Rows": 30,
                                          "Actual Loops": 5,
                                          "Filter": "(keyword ~~ '%sequel%'::text)",
                                          "Rows Removed by Filter": 134140
                                        }
                                      ]
                                    }
                                  ]
                                }
                              ]
                            }
                          ]
                        }
                      ]
                    }
                  ]
                }
              ]
            }
          ]
        }
      ]
    },
    "Planning Time": 3.549,
    "Triggers": [],
    "Execution Time": 1717.3
  }
]