{
  "Plan": {
    "Node Type": "Aggregate",
    "Strategy": "Plain",
    "Partial Mode": "Finalize",
    "Parallel Aware": false,
    "Startup Cost": 114862.57,
    "Total Cost": 114862.58,
    "Plan Rows": 1,
    "Plan Width": 8,
    "Actual Startup Time": 546.81,
    "Actual Total Time": 569.641,
    "Actual Rows": 1,
    "Actual Loops": 1,
    "Plans": [
      {
        "Node Type": "Gather",
        "Parent Relationship": "Outer",
        "Parallel Aware": false,
        "Startup Cost": 114862.46,
        "Total Cost": 114862.57,
        "Plan Rows": 1,
        "Plan Width": 8,
        "Actual Startup Time": 543.806,
        "Actual Total Time": 569.634,
        "Actual Rows": 2,
        "Actual Loops": 1,
        "Workers Planned": 1,
        "Workers Launched": 1,
        "Single Copy": false,
        "Plans": [
          {
            "Node Type": "Aggregate",
            "Strategy": "Plain",
            "Partial Mode": "Partial",
            "Parent Relationship": "Outer",
            "Parallel Aware": false,
            "Startup Cost": 113862.46,
            "Total Cost": 113862.47,
            "Plan Rows": 1,
            "Plan Width": 8,
            "Actual Startup Time": 535.229,
            "Actual Total Time": 535.233,
            "Actual Rows": 1,
            "Actual Loops": 2,
            "Plans": [
              {
                "Node Type": "Nested Loop",
                "Parent Relationship": "Outer",
                "Parallel Aware": false,
                "Join Type": "Inner",
                "Startup Cost": 72020.9,
                "Total Cost": 113794.57,
                "Plan Rows": 27154,
                "Plan Width": 0,
                "Actual Startup Time": 417.726,
                "Actual Total Time": 533.046,
                "Actual Rows": 43152,
                "Actual Loops": 2,
                "Inner Unique": false,
                "Plans": [
                  {
                    "Node Type": "Hash Join",
                    "Parent Relationship": "Outer",
                    "Parallel Aware": true,
                    "Join Type": "Inner",
                    "Startup Cost": 72020.47,
                    "Total Cost": 97077.33,
                    "Plan Rows": 26312,
                    "Plan Width": 8,
                    "Actual Startup Time": 417.66,
                    "Actual Total Time": 467.115,
                    "Actual Rows": 19060,
                    "Actual Loops": 2,
                    "Inner Unique": true,
                    "Hash Cond": "(mk.movie_id = t.id)",
                    "Plans": [
                      {
                        "Node Type": "Bitmap Heap Scan",
                        "Parent Relationship": "Outer",
                        "Parallel Aware": true,
                        "Relation Name": "movie_keyword",
                        "Alias": "mk",
                        "Startup Cost": 1441.56,
                        "Total Cost": 26393.79,
                        "Plan Rows": 39858,
                        "Plan Width": 4,
                        "Actual Startup Time": 7.308,
                        "Actual Total Time": 36.763,
                        "Actual Rows": 33892,
                        "Actual Loops": 2,
                        "Recheck Cond": "(keyword_id < 58)",
                        "Rows Removed by Index Recheck": 0,
                        "Exact Heap Blocks": 12377,
                        "Lossy Heap Blocks": 0,
                        "Plans": [
                          {
                            "Node Type": "Bitmap Index Scan",
                            "Parent Relationship": "Outer",
                            "Parallel Aware": false,
                            "Index Name": "keyword_id_movie_keyword",
                            "Startup Cost": 0.0,
                            "Total Cost": 1424.62,
                            "Plan Rows": 67759,
                            "Plan Width": 0,
                            "Actual Startup Time": 4.545,
                            "Actual Total Time": 4.545,
                            "Actual Rows": 67785,
                            "Actual Loops": 1,
                            "Index Cond": "(keyword_id < 58)"
                          }
                        ]
                      },
                      {
                        "Node Type": "Hash",
                        "Parent Relationship": "Inner",
                        "Parallel Aware": true,
                        "Startup Cost": 58306.47,
                        "Total Cost": 58306.47,
                        "Plan Rows": 981795,
                        "Plan Width": 4,
                        "Actual Startup Time": 395.485,
                        "Actual Total Time": 395.486,
                        "Actual Rows": 887055,
                        "Actual Loops": 2,
                        "Hash Buckets": 2097152,
                        "Original Hash Buckets": 2097152,
                        "Hash Batches": 1,
                        "Original Hash Batches": 1,
                        "Peak Memory Usage": 85824,
                        "Plans": [
                          {
                            "Node Type": "Seq Scan",
                            "Parent Relationship": "Outer",
                            "Parallel Aware": true,
                            "Relation Name": "title",
                            "Alias": "t",
                            "Startup Cost": 0.0,
                            "Total Cost": 58306.47,
                            "Plan Rows": 981795,
                            "Plan Width": 4,
                            "Actual Startup Time": 0.03,
                            "Actual Total Time": 176.665,
                            "Actual Rows": 887055,
                            "Actual Loops": 2,
                            "Filter": "((kind_id > 1) AND (production_year > 1955))",
                            "Rows Removed by Filter": 377101
                          }
                        ]
                      }
                    ]
                  },
                  {
                    "Node Type": "Index Only Scan",
                    "Parent Relationship": "Inner",
                    "Parallel Aware": false,
                    "Scan Direction": "Forward",
                    "Index Name": "movie_id_movie_companies",
                    "Relation Name": "movie_companies",
                    "Alias": "mc",
                    "Startup Cost": 0.43,
                    "Total Cost": 0.59,
                    "Plan Rows": 5,
                    "Plan Width": 4,
                    "Actual Startup Time": 0.002,
                    "Actual Total Time": 0.003,
                    "Actual Rows": 2,
                    "Actual Loops": 38120,
                    "Index Cond": "(movie_id = t.id)",
                    "Rows Removed by Index Recheck": 0,
                    "Heap Fetches": 86305
                  }
                ]
              }
            ]
          }
        ]
      }
    ]
  },
  "Planning Time": 1.168,
  "Triggers": [],
  "Execution Time": 569.792
}