[
  {
    "Plan": {
      "Node Type": "Aggregate",
      "Strategy": "Plain",
      "Partial Mode": "Finalize",
      "Parallel Aware": false,
      "Startup Cost": 467334.66,
      "Total Cost": 467334.67,
      "Plan Rows": 1,
      "Plan Width": 8,
      "Actual Startup Time": 2022.333,
      "Actual Total Time": 2097.427,
      "Actual Rows": 1,
      "Actual Loops": 1,
      "Plans": [
        {
          "Node Type": "Gather",
          "Parent Relationship": "Outer",
          "Parallel Aware": false,
          "Startup Cost": 467334.04,
          "Total Cost": 467334.65,
          "Plan Rows": 6,
          "Plan Width": 8,
          "Actual Startup Time": 2000.084,
          "Actual Total Time": 2097.413,
          "Actual Rows": 7,
          "Actual Loops": 1,
          "Workers Planned": 6,
          "Workers Launched": 6,
          "Single Copy": false,
          "Plans": [
            {
              "Node Type": "Aggregate",
              "Strategy": "Plain",
              "Partial Mode": "Partial",
              "Parent Relationship": "Outer",
              "Parallel Aware": false,
              "Startup Cost": 466334.04,
              "Total Cost": 466334.05,
              "Plan Rows": 1,
              "Plan Width": 8,
              "Actual Startup Time": 1977.071,
              "Actual Total Time": 1977.446,
              "Actual Rows": 1,
              "Actual Loops": 7,
              "Plans": [
                {
                  "Node Type": "Hash Join",
                  "Parent Relationship": "Outer",
                  "Parallel Aware": true,
                  "Join Type": "Inner",
                  "Startup Cost": 104066.82,
                  "Total Cost": 456748.16,
                  "Plan Rows": 3834350,
                  "Plan Width": 0,
                  "Actual Startup Time": 605.814,
                  "Actual Total Time": 1850.331,
                  "Actual Rows": 2657837,
                  "Actual Loops": 7,
                  "Inner Unique": false,
                  "Hash Cond": "(ci.movie_id = t.id)",
                  "Plans": [
                    {
                      "Node Type": "Seq Scan",
                      "Parent Relationship": "Outer",
                      "Parallel Aware": true,
                      "Relation Name": "cast_info",
                      "Alias": "ci",
                      "Startup Cost": 0.0,
                      "Total Cost": 328162.03,
                      "Plan Rows": 3240119,
                      "Plan Width": 4,
                      "Actual Startup Time": 172.672,
                      "Actual Total Time": 619.903,
                      "Actual Rows": 2776606,
                      "Actual Loops": 7,
                      "Filter": "(person_id > 1662684)",
                      "Rows Removed by Filter": 2401157
                    },
                    {
                      "Node Type": "Hash",
                      "Parent Relationship": "Inner",
                      "Parallel Aware": true,
                      "Startup Cost": 92002.4,
                      "Total Cost": 92002.4,
                      "Plan Rows": 965154,
                      "Plan Width": 8,
                      "Actual Startup Time": 426.028,
                      "Actual Total Time": 426.401,
                      "Actual Rows": 171888,
                      "Actual Loops": 7,
                      "Hash Buckets": 4194304,
                      "Original Hash Buckets": 4194304,
                      "Hash Batches": 1,
                      "Original Hash Batches": 1,
                      "Peak Memory Usage": 79936,
                      "Plans": [
                        {
                          "Node Type": "Hash Join",
                          "Parent Relationship": "Outer",
                          "Parallel Aware": true,
                          "Join Type": "Inner",
                          "Startup Cost": 49124.32,
                          "Total Cost": 92002.4,
                          "Plan Rows": 965154,
                          "Plan Width": 8,
                          "Actual Startup Time": 202.102,
                          "Actual Total Time": 360.746,
                          "Actual Rows": 171888,
                          "Actual Loops": 7,
                          "Inner Unique": true,
                          "Hash Cond": "(mk.movie_id = t.id)",
                          "Plans": [
                            {
                              "Node Type": "Seq Scan",
                              "Parent Relationship": "Outer",
                              "Parallel Aware": true,
                              "Relation Name": "movie_keyword",
                              "Alias": "mk",
                              "Startup Cost": 0.0,
                              "Total Cost": 39047.32,
                              "Plan Rows": 1459332,
                              "Plan Width": 4,
                              "Actual Startup Time": 0.033,
                              "Actual Total Time": 63.783,
                              "Actual Rows": 646276,
                              "Actual Loops": 7
                            },
                            {
                              "Node Type": "Hash",
                              "Parent Relationship": "Inner",
                              "Parallel Aware": true,
                              "Startup Cost": 43898.92,
                              "Total Cost": 43898.92,
                              "Plan Rows": 418032,
                              "Plan Width": 4,
                              "Actual Startup Time": 199.884,
                              "Actual Total Time": 199.885,
                              "Actual Rows": 239157,
                              "Actual Loops": 7,
                              "Hash Buckets": 2097152,
                              "Original Hash Buckets": 2097152,
                              "Hash Batches": 1,
                              "Original Hash Batches": 1,
                              "Peak Memory Usage": 81984,
                              "Plans": [
                                {
                                  "Node Type": "Seq Scan",
                                  "Parent Relationship": "Outer",
                                  "Parallel Aware": true,
                                  "Relation Name": "title",
                                  "Alias": "t",
                                  "Startup Cost": 0.0,
                                  "Total Cost": 43898.92,
                                  "Plan Rows": 418032,
                                  "Plan Width": 4,
                                  "Actual Startup Time": 0.051,
                                  "Actual Total Time": 81.176,
                                  "Actual Rows": 239157,
                                  "Actual Loops": 7,
                                  "Filter": "(kind_id > 3)",
                                  "Rows Removed by Filter": 122031
                                }
                              ]
                            }
                          ]
                        }
                      ]
                    }
                  ]
                }
              ]
            }
          ]
        }
      ]
    },
    "Planning Time": 1.324,
    "Triggers": [],
    "Execution Time": 2097.533
  }
]