[
    {
        "Bao": {
            "Bao prediction": "NaN",
            "Bao recommended hint": "(no hint)"
        }
    },
    {
        "Plan": {
            "Node Type": "Aggregate",
            "Strategy": "Plain",
            "Partial Mode": "Simple",
            "Parallel Aware": false,
            "Startup Cost": 12425.64,
            "Total Cost": 12425.65,
            "Plan Rows": 1,
            "Plan Width": 8,
            "Actual Startup Time": 5.469,
            "Actual Total Time": 5.471,
            "Actual Rows": 1,
            "Actual Loops": 1,
            "Output": [
                "count(*)"
            ],
            "Plans": [
                {
                    "Node Type": "Bitmap Heap Scan",
                    "Parent Relationship": "Outer",
                    "Parallel Aware": false,
                    "Relation Name": "movie_keyword",
                    "Schema": "public",
                    "Alias": "mk",
                    "Startup Cost": 107.0,
                    "Total Cost": 12413.2,
                    "Plan Rows": 4976,
                    "Plan Width": 0,
                    "Actual Startup Time": 0.954,
                    "Actual Total Time": 5.171,
                    "Actual Rows": 3922,
                    "Actual Loops": 1,
                    "Recheck Cond": "(mk.keyword_id = 3658)",
                    "Rows Removed by Index Recheck": 0,
                    "Exact Heap Blocks": 2335,
                    "Lossy Heap Blocks": 0,
                    "Plans": [
                        {
                            "Node Type": "Bitmap Index Scan",
                            "Parent Relationship": "Outer",
                            "Parallel Aware": false,
                            "Index Name": "keyword_id_movie_keyword",
                            "Startup Cost": 0.0,
                            "Total Cost": 105.75,
                            "Plan Rows": 4976,
                            "Plan Width": 0,
                            "Actual Startup Time": 0.538,
                            "Actual Total Time": 0.539,
                            "Actual Rows": 3922,
                            "Actual Loops": 1,
                            "Index Cond": "(mk.keyword_id = 3658)"
                        }
                    ]
                }
            ]
        },
        "Planning Time": 258.932,
        "Triggers": [],
        "Execution Time": 5.524
    }
]