[
  {
    "Plan": {
      "Node Type": "Aggregate",
      "Strategy": "Plain",
      "Partial Mode": "Finalize",
      "Parallel Aware": false,
      "Startup Cost": 62190.11,
      "Total Cost": 62190.12,
      "Plan Rows": 1,
      "Plan Width": 8,
      "Actual Startup Time": 194.868,
      "Actual Total Time": 208.355,
      "Actual Rows": 1,
      "Actual Loops": 1,
      "Plans": [
        {
          "Node Type": "Gather",
          "Parent Relationship": "Outer",
          "Parallel Aware": false,
          "Startup Cost": 62189.9,
          "Total Cost": 62190.11,
          "Plan Rows": 2,
          "Plan Width": 8,
          "Actual Startup Time": 194.586,
          "Actual Total Time": 208.345,
          "Actual Rows": 3,
          "Actual Loops": 1,
          "Workers Planned": 2,
          "Workers Launched": 2,
          "Single Copy": false,
          "Plans": [
            {
              "Node Type": "Aggregate",
              "Strategy": "Plain",
              "Partial Mode": "Partial",
              "Parent Relationship": "Outer",
              "Parallel Aware": false,
              "Startup Cost": 61189.9,
              "Total Cost": 61189.91,
              "Plan Rows": 1,
              "Plan Width": 8,
              "Actual Startup Time": 186.853,
              "Actual Total Time": 186.857,
              "Actual Rows": 1,
              "Actual Loops": 3,
              "Plans": [
                {
                  "Node Type": "Hash Join",
                  "Parent Relationship": "Outer",
                  "Parallel Aware": true,
                  "Join Type": "Inner",
                  "Startup Cost": 45564.04,
                  "Total Cost": 61184.83,
                  "Plan Rows": 2028,
                  "Plan Width": 0,
                  "Actual Startup Time": 127.639,
                  "Actual Total Time": 186.769,
                  "Actual Rows": 727,
                  "Actual Loops": 3,
                  "Inner Unique": true,
                  "Hash Cond": "(mi_idx.movie_id = t.id)",
                  "Plans": [
                    {
                      "Node Type": "Seq Scan",
                      "Parent Relationship": "Outer",
                      "Parallel Aware": true,
                      "Relation Name": "movie_info_idx",
                      "Alias": "mi_idx",
                      "Startup Cost": 0.0,
                      "Total Cost": 15122.68,
                      "Plan Rows": 189755,
                      "Plan Width": 4,
                      "Actual Startup Time": 0.015,
                      "Actual Total Time": 41.564,
                      "Actual Rows": 153308,
                      "Actual Loops": 3,
                      "Filter": "(info_type_id < 100)",
                      "Rows Removed by Filter": 306703
                    },
                    {
                      "Node Type": "Hash",
                      "Parent Relationship": "Inner",
                      "Parallel Aware": true,
                      "Startup Cost": 45479.59,
                      "Total Cost": 45479.59,
                      "Plan Rows": 6756,
                      "Plan Width": 4,
                      "Actual Startup Time": 126.235,
                      "Actual Total Time": 126.236,
                      "Actual Rows": 9028,
                      "Actual Loops": 3,
                      "Hash Buckets": 32768,
                      "Original Hash Buckets": 32768,
                      "Hash Batches": 1,
                      "Original Hash Batches": 1,
                      "Peak Memory Usage": 1376,
                      "Plans": [
                        {
                          "Node Type": "Seq Scan",
                          "Parent Relationship": "Outer",
                          "Parallel Aware": true,
                          "Relation Name": "title",
                          "Alias": "t",
                          "Startup Cost": 0.0,
                          "Total Cost": 45479.59,
                          "Plan Rows": 6756,
                          "Plan Width": 4,
                          "Actual Startup Time": 0.341,
                          "Actual Total Time": 122.404,
                          "Actual Rows": 9028,
                          "Actual Loops": 3,
                          "Filter": "((kind_id < 7) AND (production_year > 2012))",
                          "Rows Removed by Filter": 833742
                        }
                      ]
                    }
                  ]
                }
              ]
            }
          ]
        }
      ]
    },
    "Planning Time": 0.665,
    "Triggers": [],
    "Execution Time": 208.439
  }
]