[
  {
    "Plan": {
      "Node Type": "Aggregate",
      "Strategy": "Plain",
      "Partial Mode": "Finalize",
      "Parallel Aware": false,
      "Startup Cost": 429477.04,
      "Total Cost": 429477.05,
      "Plan Rows": 1,
      "Plan Width": 8,
      "Actual Startup Time": 2286.086,
      "Actual Total Time": 2352.211,
      "Actual Rows": 1,
      "Actual Loops": 1,
      "Plans": [
        {
          "Node Type": "Gather",
          "Parent Relationship": "Outer",
          "Parallel Aware": false,
          "Startup Cost": 429476.41,
          "Total Cost": 429477.02,
          "Plan Rows": 6,
          "Plan Width": 8,
          "Actual Startup Time": 2276.673,
          "Actual Total Time": 2352.197,
          "Actual Rows": 7,
          "Actual Loops": 1,
          "Workers Planned": 6,
          "Workers Launched": 6,
          "Single Copy": false,
          "Plans": [
            {
              "Node Type": "Aggregate",
              "Strategy": "Plain",
              "Partial Mode": "Partial",
              "Parent Relationship": "Outer",
              "Parallel Aware": false,
              "Startup Cost": 428476.41,
              "Total Cost": 428476.42,
              "Plan Rows": 1,
              "Plan Width": 8,
              "Actual Startup Time": 2265.013,
              "Actual Total Time": 2265.383,
              "Actual Rows": 1,
              "Actual Loops": 7,
              "Plans": [
                {
                  "Node Type": "Hash Join",
                  "Parent Relationship": "Outer",
                  "Parallel Aware": true,
                  "Join Type": "Inner",
                  "Startup Cost": 70524.46,
                  "Total Cost": 423743.39,
                  "Plan Rows": 1893210,
                  "Plan Width": 0,
                  "Actual Startup Time": 437.055,
                  "Actual Total Time": 2114.17,
                  "Actual Rows": 3499189,
                  "Actual Loops": 7,
                  "Inner Unique": false,
                  "Hash Cond": "(ci.movie_id = t.id)",
                  "Plans": [
                    {
                      "Node Type": "Seq Scan",
                      "Parent Relationship": "Outer",
                      "Parallel Aware": true,
                      "Relation Name": "cast_info",
                      "Alias": "ci",
                      "Startup Cost": 0.0,
                      "Total Cost": 328162.03,
                      "Plan Rows": 4578272,
                      "Plan Width": 4,
                      "Actual Startup Time": 89.291,
                      "Actual Total Time": 635.458,
                      "Actual Rows": 3907505,
                      "Actual Loops": 7,
                      "Filter": "(person_id > 875228)",
                      "Rows Removed by Filter": 1270259
                    },
                    {
                      "Node Type": "Hash",
                      "Parent Relationship": "Inner",
                      "Parallel Aware": true,
                      "Startup Cost": 65079.14,
                      "Total Cost": 65079.14,
                      "Plan Rows": 435626,
                      "Plan Width": 8,
                      "Actual Startup Time": 344.364,
                      "Actual Total Time": 344.733,
                      "Actual Rows": 146956,
                      "Actual Loops": 7,
                      "Hash Buckets": 1048576,
                      "Original Hash Buckets": 1048576,
                      "Hash Batches": 1,
                      "Original Hash Batches": 1,
                      "Peak Memory Usage": 48576,
                      "Plans": [
                        {
                          "Node Type": "Hash Join",
                          "Parent Relationship": "Outer",
                          "Parallel Aware": true,
                          "Join Type": "Inner",
                          "Startup Cost": 49884.58,
                          "Total Cost": 65079.14,
                          "Plan Rows": 435626,
                          "Plan Width": 8,
                          "Actual Startup Time": 220.398,
                          "Actual Total Time": 296.916,
                          "Actual Rows": 146956,
                          "Actual Loops": 7,
                          "Inner Unique": true,
                          "Hash Cond": "(mi_idx.movie_id = t.id)",
                          "Plans": [
                            {
                              "Node Type": "Seq Scan",
                              "Parent Relationship": "Outer",
                              "Parallel Aware": true,
                              "Relation Name": "movie_info_idx",
                              "Alias": "mi_idx",
                              "Startup Cost": 0.0,
                              "Total Cost": 13685.15,
                              "Plan Rows": 575015,
                              "Plan Width": 4,
                              "Actual Startup Time": 0.027,
                              "Actual Total Time": 20.061,
                              "Actual Rows": 197148,
                              "Actual Loops": 7
                            },
                            {
                              "Node Type": "Hash",
                              "Parent Relationship": "Inner",
                              "Parallel Aware": true,
                              "Startup Cost": 43898.92,
                              "Total Cost": 43898.92,
                              "Plan Rows": 478853,
                              "Plan Width": 4,
                              "Actual Startup Time": 217.666,
                              "Actual Total Time": 217.667,
                              "Actual Rows": 271894,
                              "Actual Loops": 7,
                              "Hash Buckets": 2097152,
                              "Original Hash Buckets": 2097152,
                              "Hash Batches": 1,
                              "Original Hash Batches": 1,
                              "Peak Memory Usage": 91008,
                              "Plans": [
                                {
                                  "Node Type": "Seq Scan",
                                  "Parent Relationship": "Outer",
                                  "Parallel Aware": true,
                                  "Relation Name": "title",
                                  "Alias": "t",
                                  "Startup Cost": 0.0,
                                  "Total Cost": 43898.92,
                                  "Plan Rows": 478853,
                                  "Plan Width": 4,
                                  "Actual Startup Time": 0.041,
                                  "Actual Total Time": 82.733,
                                  "Actual Rows": 271894,
                                  "Actual Loops": 7,
                                  "Filter": "(production_year > 1982)",
                                  "Rows Removed by Filter": 89293
                                }
                              ]
                            }
                          ]
                        }
                      ]
                    }
                  ]
                }
              ]
            }
          ]
        }
      ]
    },
    "Planning Time": 1.299,
    "Triggers": [],
    "Execution Time": 2352.31
  }
]