[
  {
    "Plan": {
      "Node Type": "Aggregate",
      "Strategy": "Plain",
      "Partial Mode": "Finalize",
      "Parallel Aware": false,
      "Startup Cost": 128742.46,
      "Total Cost": 128742.47,
      "Plan Rows": 1,
      "Plan Width": 8,
      "Actual Startup Time": 804.221,
      "Actual Total Time": 822.646,
      "Actual Rows": 1,
      "Actual Loops": 1,
      "Plans": [
        {
          "Node Type": "Gather",
          "Parent Relationship": "Outer",
          "Parallel Aware": false,
          "Startup Cost": 128742.14,
          "Total Cost": 128742.45,
          "Plan Rows": 3,
          "Plan Width": 8,
          "Actual Startup Time": 794.843,
          "Actual Total Time": 822.634,
          "Actual Rows": 4,
          "Actual Loops": 1,
          "Workers Planned": 3,
          "Workers Launched": 3,
          "Single Copy": false,
          "Plans": [
            {
              "Node Type": "Aggregate",
              "Strategy": "Plain",
              "Partial Mode": "Partial",
              "Parent Relationship": "Outer",
              "Parallel Aware": false,
              "Startup Cost": 127742.14,
              "Total Cost": 127742.15,
              "Plan Rows": 1,
              "Plan Width": 8,
              "Actual Startup Time": 785.951,
              "Actual Total Time": 786.421,
              "Actual Rows": 1,
              "Actual Loops": 4,
              "Plans": [
                {
                  "Node Type": "Hash Join",
                  "Parent Relationship": "Outer",
                  "Parallel Aware": true,
                  "Join Type": "Inner",
                  "Startup Cost": 96195.96,
                  "Total Cost": 127225.43,
                  "Plan Rows": 206683,
                  "Plan Width": 0,
                  "Actual Startup Time": 502.31,
                  "Actual Total Time": 742.314,
                  "Actual Rows": 1143885,
                  "Actual Loops": 4,
                  "Inner Unique": false,
                  "Hash Cond": "(mc.movie_id = t.id)",
                  "Plans": [
                    {
                      "Node Type": "Seq Scan",
                      "Parent Relationship": "Outer",
                      "Parallel Aware": true,
                      "Relation Name": "movie_companies",
                      "Alias": "mc",
                      "Startup Cost": 0.0,
                      "Total Cost": 27206.55,
                      "Plan Rows": 841655,
                      "Plan Width": 4,
                      "Actual Startup Time": 0.022,
                      "Actual Total Time": 55.616,
                      "Actual Rows": 652282,
                      "Actual Loops": 4
                    },
                    {
                      "Node Type": "Hash",
                      "Parent Relationship": "Inner",
                      "Parallel Aware": true,
                      "Startup Cost": 93692.46,
                      "Total Cost": 93692.46,
                      "Plan Rows": 200280,
                      "Plan Width": 8,
                      "Actual Startup Time": 497.164,
                      "Actual Total Time": 497.633,
                      "Actual Rows": 180730,
                      "Actual Loops": 4,
                      "Hash Buckets": 1048576,
                      "Original Hash Buckets": 1048576,
                      "Hash Batches": 1,
                      "Original Hash Batches": 1,
                      "Peak Memory Usage": 36544,
                      "Plans": [
                        {
                          "Node Type": "Hash Join",
                          "Parent Relationship": "Outer",
                          "Parallel Aware": true,
                          "Join Type": "Inner",
                          "Startup Cost": 50353.24,
                          "Total Cost": 93692.46,
                          "Plan Rows": 200280,
                          "Plan Width": 8,
                          "Actual Startup Time": 294.998,
                          "Actual Total Time": 444.945,
                          "Actual Rows": 180730,
                          "Actual Loops": 4,
                          "Inner Unique": true,
                          "Hash Cond": "(mk.movie_id = t.id)",
                          "Plans": [
                            {
                              "Node Type": "Seq Scan",
                              "Parent Relationship": "Outer",
                              "Parallel Aware": true,
                              "Relation Name": "movie_keyword",
                              "Alias": "mk",
                              "Startup Cost": 0.0,
                              "Total Cost": 42695.65,
                              "Plan Rows": 245168,
                              "Plan Width": 4,
                              "Actual Startup Time": 0.026,
                              "Actual Total Time": 89.223,
                              "Actual Rows": 192828,
                              "Actual Loops": 4,
                              "Filter": "(keyword_id < 726)",
                              "Rows Removed by Filter": 938154
                            },
                            {
                              "Node Type": "Hash",
                              "Parent Relationship": "Inner",
                              "Parallel Aware": true,
                              "Startup Cost": 43898.92,
                              "Total Cost": 43898.92,
                              "Plan Rows": 516346,
                              "Plan Width": 4,
                              "Actual Startup Time": 290.409,
                              "Actual Total Time": 290.41,
                              "Actual Rows": 516138,
                              "Actual Loops": 4,
                              "Hash Buckets": 2097152,
                              "Original Hash Buckets": 2097152,
                              "Hash Batches": 1,
                              "Original Hash Batches": 1,
                              "Peak Memory Usage": 97216,
                              "Plans": [
                                {
                                  "Node Type": "Seq Scan",
                                  "Parent Relationship": "Outer",
                                  "Parallel Aware": true,
                                  "Relation Name": "title",
                                  "Alias": "t",
                                  "Startup Cost": 0.0,
                                  "Total Cost": 43898.92,
                                  "Plan Rows": 516346,
                                  "Plan Width": 4,
                                  "Actual Startup Time": 0.043,
                                  "Actual Total Time": 110.228,
                                  "Actual Rows": 516138,
                                  "Actual Loops": 4,
                                  "Filter": "(production_year < 2011)",
                                  "Rows Removed by Filter": 115940
                                }
                              ]
                            }
                          ]
                        }
                      ]
                    }
                  ]
                }
              ]
            }
          ]
        }
      ]
    },
    "Planning Time": 1.473,
    "Triggers": [],
    "Execution Time": 822.726
  }
]