{
  "Plan": {
    "Node Type": "Aggregate",
    "Strategy": "Plain",
    "Partial Mode": "Finalize",
    "Parallel Aware": false,
    "Startup Cost": 336069.0,
    "Total Cost": 336069.01,
    "Plan Rows": 1,
    "Plan Width": 8,
    "Actual Startup Time": 4683.55,
    "Actual Total Time": 4758.53,
    "Actual Rows": 1,
    "Actual Loops": 1,
    "Plans": [
      {
        "Node Type": "Gather",
        "Parent Relationship": "Outer",
        "Parallel Aware": false,
        "Startup Cost": 336068.89,
        "Total Cost": 336069.0,
        "Plan Rows": 1,
        "Plan Width": 8,
        "Actual Startup Time": 4682.688,
        "Actual Total Time": 4758.522,
        "Actual Rows": 2,
        "Actual Loops": 1,
        "Workers Planned": 1,
        "Workers Launched": 1,
        "Single Copy": false,
        "Plans": [
          {
            "Node Type": "Aggregate",
            "Strategy": "Plain",
            "Partial Mode": "Partial",
            "Parent Relationship": "Outer",
            "Parallel Aware": false,
            "Startup Cost": 335068.89,
            "Total Cost": 335068.9,
            "Plan Rows": 1,
            "Plan Width": 8,
            "Actual Startup Time": 4676.244,
            "Actual Total Time": 4676.249,
            "Actual Rows": 1,
            "Actual Loops": 2,
            "Plans": [
              {
                "Node Type": "Nested Loop",
                "Parent Relationship": "Outer",
                "Parallel Aware": false,
                "Join Type": "Inner",
                "Startup Cost": 36234.27,
                "Total Cost": 333304.21,
                "Plan Rows": 705873,
                "Plan Width": 0,
                "Actual Startup Time": 167.779,
                "Actual Total Time": 4570.363,
                "Actual Rows": 2197320,
                "Actual Loops": 2,
                "Inner Unique": false,
                "Plans": [
                  {
                    "Node Type": "Hash Join",
                    "Parent Relationship": "Outer",
                    "Parallel Aware": true,
                    "Join Type": "Inner",
                    "Startup Cost": 36233.7,
                    "Total Cost": 97538.09,
                    "Plan Rows": 98154,
                    "Plan Width": 8,
                    "Actual Startup Time": 167.691,
                    "Actual Total Time": 660.724,
                    "Actual Rows": 146282,
                    "Actual Loops": 2,
                    "Inner Unique": false,
                    "Hash Cond": "(t.id = mc.movie_id)",
                    "Plans": [
                      {
                        "Node Type": "Seq Scan",
                        "Parent Relationship": "Outer",
                        "Parallel Aware": true,
                        "Relation Name": "title",
                        "Alias": "t",
                        "Startup Cost": 0.0,
                        "Total Cost": 54588.39,
                        "Plan Rows": 982180,
                        "Plan Width": 4,
                        "Actual Startup Time": 0.013,
                        "Actual Total Time": 165.52,
                        "Actual Rows": 835646,
                        "Actual Loops": 2,
                        "Filter": "(production_year < 2008)",
                        "Rows Removed by Filter": 428510
                      },
                      {
                        "Node Type": "Hash",
                        "Parent Relationship": "Inner",
                        "Parallel Aware": true,
                        "Startup Cost": 34375.89,
                        "Total Cost": 34375.89,
                        "Plan Rows": 148625,
                        "Plan Width": 4,
                        "Actual Startup Time": 164.432,
                        "Actual Total Time": 164.434,
                        "Actual Rows": 187926,
                        "Actual Loops": 2,
                        "Hash Buckets": 524288,
                        "Original Hash Buckets": 262144,
                        "Hash Batches": 1,
                        "Original Hash Batches": 1,
                        "Peak Memory Usage": 20896,
                        "Plans": [
                          {
                            "Node Type": "Bitmap Heap Scan",
                            "Parent Relationship": "Outer",
                            "Parallel Aware": true,
                            "Relation Name": "movie_companies",
                            "Alias": "mc",
                            "Startup Cost": 11057.08,
                            "Total Cost": 34375.89,
                            "Plan Rows": 148625,
                            "Plan Width": 4,
                            "Actual Startup Time": 39.907,
                            "Actual Total Time": 117.391,
                            "Actual Rows": 187926,
                            "Actual Loops": 2,
                            "Recheck Cond": "(company_id < 474)",
                            "Rows Removed by Index Recheck": 0,
                            "Filter": "(company_type_id < 2)",
                            "Rows Removed by Filter": 68477,
                            "Exact Heap Blocks": 12721,
                            "Lossy Heap Blocks": 0,
                            "Plans": [
                              {
                                "Node Type": "Bitmap Index Scan",
                                "Parent Relationship": "Outer",
                                "Parallel Aware": false,
                                "Index Name": "company_id_movie_companies",
                                "Startup Cost": 0.0,
                                "Total Cost": 10993.92,
                                "Plan Rows": 513265,
                                "Plan Width": 0,
                                "Actual Startup Time": 39.859,
                                "Actual Total Time": 39.859,
                                "Actual Rows": 512807,
                                "Actual Loops": 1,
                                "Index Cond": "(company_id < 474)"
                              }
                            ]
                          }
                        ]
                      }
                    ]
                  },
                  {
                    "Node Type": "Index Scan",
                    "Parent Relationship": "Inner",
                    "Parallel Aware": false,
                    "Scan Direction": "Forward",
                    "Index Name": "movie_id_cast_info",
                    "Relation Name": "cast_info",
                    "Alias": "ci",
                    "Startup Cost": 0.56,
                    "Total Cost": 2.22,
                    "Plan Rows": 18,
                    "Plan Width": 4,
                    "Actual Startup Time": 0.005,
                    "Actual Total Time": 0.025,
                    "Actual Rows": 15,
                    "Actual Loops": 292563,
                    "Index Cond": "(movie_id = t.id)",
                    "Rows Removed by Index Recheck": 0,
                    "Filter": "(person_id < 1806072)",
                    "Rows Removed by Filter": 13
                  }
                ]
              }
            ]
          }
        ]
      }
    ]
  },
  "Planning Time": 1.174,
  "Triggers": [],
  "Execution Time": 4758.66
}