[
  {
    "Plan": {
      "Node Type": "Aggregate",
      "Strategy": "Plain",
      "Partial Mode": "Finalize",
      "Parallel Aware": false,
      "Startup Cost": 33096.54,
      "Total Cost": 33096.55,
      "Plan Rows": 1,
      "Plan Width": 8,
      "Actual Startup Time": 69.481,
      "Actual Total Time": 84.762,
      "Actual Rows": 1,
      "Actual Loops": 1,
      "Plans": [
        {
          "Node Type": "Gather",
          "Parent Relationship": "Outer",
          "Parallel Aware": false,
          "Startup Cost": 33096.33,
          "Total Cost": 33096.54,
          "Plan Rows": 2,
          "Plan Width": 8,
          "Actual Startup Time": 68.993,
          "Actual Total Time": 84.755,
          "Actual Rows": 3,
          "Actual Loops": 1,
          "Workers Planned": 2,
          "Workers Launched": 2,
          "Single Copy": false,
          "Plans": [
            {
              "Node Type": "Aggregate",
              "Strategy": "Plain",
              "Partial Mode": "Partial",
              "Parent Relationship": "Outer",
              "Parallel Aware": false,
              "Startup Cost": 32096.33,
              "Total Cost": 32096.34,
              "Plan Rows": 1,
              "Plan Width": 8,
              "Actual Startup Time": 64.689,
              "Actual Total Time": 64.691,
              "Actual Rows": 1,
              "Actual Loops": 3,
              "Plans": [
                {
                  "Node Type": "Nested Loop",
                  "Parent Relationship": "Outer",
                  "Parallel Aware": false,
                  "Join Type": "Inner",
                  "Startup Cost": 118.41,
                  "Total Cost": 32063.88,
                  "Plan Rows": 12979,
                  "Plan Width": 0,
                  "Actual Startup Time": 1.783,
                  "Actual Total Time": 63.157,
                  "Actual Rows": 15753,
                  "Actual Loops": 3,
                  "Inner Unique": false,
                  "Plans": [
                    {
                      "Node Type": "Nested Loop",
                      "Parent Relationship": "Outer",
                      "Parallel Aware": false,
                      "Join Type": "Inner",
                      "Startup Cost": 117.97,
                      "Total Cost": 27854.9,
                      "Plan Rows": 2210,
                      "Plan Width": 8,
                      "Actual Startup Time": 1.678,
                      "Actual Total Time": 23.182,
                      "Actual Rows": 1892,
                      "Actual Loops": 3,
                      "Inner Unique": true,
                      "Plans": [
                        {
                          "Node Type": "Bitmap Heap Scan",
                          "Parent Relationship": "Outer",
                          "Parallel Aware": true,
                          "Relation Name": "movie_companies",
                          "Alias": "mc",
                          "Startup Cost": 117.54,
                          "Total Cost": 11803.77,
                          "Plan Rows": 2210,
                          "Plan Width": 4,
                          "Actual Startup Time": 1.567,
                          "Actual Total Time": 6.337,
                          "Actual Rows": 1892,
                          "Actual Loops": 3,
                          "Recheck Cond": "(company_id = 73)",
                          "Rows Removed by Index Recheck": 0,
                          "Exact Heap Blocks": 1749,
                          "Lossy Heap Blocks": 0,
                          "Plans": [
                            {
                              "Node Type": "Bitmap Index Scan",
                              "Parent Relationship": "Outer",
                              "Parallel Aware": false,
                              "Index Name": "company_id_movie_companies",
                              "Startup Cost": 0.0,
                              "Total Cost": 116.22,
                              "Plan Rows": 5305,
                              "Plan Width": 0,
                              "Actual Startup Time": 3.584,
                              "Actual Total Time": 3.585,
                              "Actual Rows": 5677,
                              "Actual Loops": 1,
                              "Index Cond": "(company_id = 73)"
                            }
                          ]
                        },
                        {
                          "Node Type": "Index Only Scan",
                          "Parent Relationship": "Inner",
                          "Parallel Aware": false,
                          "Scan Direction": "Forward",
                          "Index Name": "title_pkey",
                          "Relation Name": "title",
                          "Alias": "t",
                          "Startup Cost": 0.43,
                          "Total Cost": 7.26,
                          "Plan Rows": 1,
                          "Plan Width": 4,
                          "Actual Startup Time": 0.008,
                          "Actual Total Time": 0.008,
                          "Actual Rows": 1,
                          "Actual Loops": 5677,
                          "Index Cond": "(id = mc.movie_id)",
                          "Rows Removed by Index Recheck": 0,
                          "Heap Fetches": 5677
                        }
                      ]
                    },
                    {
                      "Node Type": "Index Only Scan",
                      "Parent Relationship": "Inner",
                      "Parallel Aware": false,
                      "Scan Direction": "Forward",
                      "Index Name": "movie_id_movie_info",
                      "Relation Name": "movie_info",
                      "Alias": "mi",
                      "Startup Cost": 0.43,
                      "Total Cost": 1.49,
                      "Plan Rows": 41,
                      "Plan Width": 4,
                      "Actual Startup Time": 0.008,
                      "Actual Total Time": 0.02,
                      "Actual Rows": 8,
                      "Actual Loops": 5677,
                      "Index Cond": "(movie_id = t.id)",
                      "Rows Removed by Index Recheck": 0,
                      "Heap Fetches": 47258
                    }
                  ]
                }
              ]
            }
          ]
        }
      ]
    },
    "Planning Time": 1.163,
    "Triggers": [],
    "Execution Time": 84.846
  }
]