[
  {
    "Plan": {
      "Node Type": "Aggregate",
      "Strategy": "Plain",
      "Partial Mode": "Finalize",
      "Parallel Aware": false,
      "Startup Cost": 437991.42,
      "Total Cost": 437991.43,
      "Plan Rows": 1,
      "Plan Width": 8,
      "Actual Startup Time": 1383.328,
      "Actual Total Time": 1441.106,
      "Actual Rows": 1,
      "Actual Loops": 1,
      "Plans": [
        {
          "Node Type": "Gather",
          "Parent Relationship": "Outer",
          "Parallel Aware": false,
          "Startup Cost": 437990.79,
          "Total Cost": 437991.4,
          "Plan Rows": 6,
          "Plan Width": 8,
          "Actual Startup Time": 1359.058,
          "Actual Total Time": 1441.091,
          "Actual Rows": 7,
          "Actual Loops": 1,
          "Workers Planned": 6,
          "Workers Launched": 6,
          "Single Copy": false,
          "Plans": [
            {
              "Node Type": "Aggregate",
              "Strategy": "Plain",
              "Partial Mode": "Partial",
              "Parent Relationship": "Outer",
              "Parallel Aware": false,
              "Startup Cost": 436990.79,
              "Total Cost": 436990.8,
              "Plan Rows": 1,
              "Plan Width": 8,
              "Actual Startup Time": 1350.478,
              "Actual Total Time": 1350.877,
              "Actual Rows": 1,
              "Actual Loops": 7,
              "Plans": [
                {
                  "Node Type": "Hash Join",
                  "Parent Relationship": "Outer",
                  "Parallel Aware": true,
                  "Join Type": "Inner",
                  "Startup Cost": 85848.34,
                  "Total Cost": 435819.63,
                  "Plan Rows": 468466,
                  "Plan Width": 0,
                  "Actual Startup Time": 821.667,
                  "Actual Total Time": 1335.634,
                  "Actual Rows": 269365,
                  "Actual Loops": 7,
                  "Inner Unique": false,
                  "Hash Cond": "(ci.movie_id = t.id)",
                  "Plans": [
                    {
                      "Node Type": "Seq Scan",
                      "Parent Relationship": "Outer",
                      "Parallel Aware": true,
                      "Relation Name": "cast_info",
                      "Alias": "ci",
                      "Startup Cost": 0.0,
                      "Total Cost": 343316.27,
                      "Plan Rows": 1371689,
                      "Plan Width": 4,
                      "Actual Startup Time": 360.309,
                      "Actual Total Time": 667.514,
                      "Actual Rows": 722657,
                      "Actual Loops": 7,
                      "Filter": "((person_id < 1874290) AND (role_id > 2))",
                      "Rows Removed by Filter": 4455107
                    },
                    {
                      "Node Type": "Hash",
                      "Parent Relationship": "Inner",
                      "Parallel Aware": true,
                      "Startup Cost": 82366.41,
                      "Total Cost": 82366.41,
                      "Plan Rows": 278555,
                      "Plan Width": 8,
                      "Actual Startup Time": 458.801,
                      "Actual Total Time": 459.199,
                      "Actual Rows": 78617,
                      "Actual Loops": 7,
                      "Hash Buckets": 1048576,
                      "Original Hash Buckets": 1048576,
                      "Hash Batches": 1,
                      "Original Hash Batches": 1,
                      "Peak Memory Usage": 29824,
                      "Plans": [
                        {
                          "Node Type": "Hash Join",
                          "Parent Relationship": "Outer",
                          "Parallel Aware": true,
                          "Join Type": "Inner",
                          "Startup Cost": 50220.38,
                          "Total Cost": 82366.41,
                          "Plan Rows": 278555,
                          "Plan Width": 8,
                          "Actual Startup Time": 342.881,
                          "Actual Total Time": 420.355,
                          "Actual Rows": 78617,
                          "Actual Loops": 7,
                          "Inner Unique": true,
                          "Hash Cond": "(mc.movie_id = t.id)",
                          "Plans": [
                            {
                              "Node Type": "Seq Scan",
                              "Parent Relationship": "Outer",
                              "Parallel Aware": true,
                              "Relation Name": "movie_companies",
                              "Alias": "mc",
                              "Startup Cost": 0.0,
                              "Total Cost": 31414.82,
                              "Plan Rows": 278555,
                              "Plan Width": 4,
                              "Actual Startup Time": 28.275,
                              "Actual Total Time": 55.577,
                              "Actual Rows": 78617,
                              "Actual Loops": 7,
                              "Filter": "((company_id < 20738) AND (company_type_id = 2))",
                              "Rows Removed by Filter": 294116
                            },
                            {
                              "Node Type": "Hash",
                              "Parent Relationship": "Inner",
                              "Parallel Aware": true,
                              "Startup Cost": 42319.06,
                              "Total Cost": 42319.06,
                              "Plan Rows": 632106,
                              "Plan Width": 4,
                              "Actual Startup Time": 309.79,
                              "Actual Total Time": 309.792,
                              "Actual Rows": 361187,
                              "Actual Loops": 7,
                              "Hash Buckets": 4194304,
                              "Original Hash Buckets": 4194304,
                              "Hash Batches": 1,
                              "Original Hash Batches": 1,
                              "Peak Memory Usage": 131776,
                              "Plans": [
                                {
                                  "Node Type": "Seq Scan",
                                  "Parent Relationship": "Outer",
                                  "Parallel Aware": true,
                                  "Relation Name": "title",
                                  "Alias": "t",
                                  "Startup Cost": 0.0,
                                  "Total Cost": 42319.06,
                                  "Plan Rows": 632106,
                                  "Plan Width": 4,
                                  "Actual Startup Time": 0.055,
                                  "Actual Total Time": 89.232,
                                  "Actual Rows": 361187,
                                  "Actual Loops": 7
                                }
                              ]
                            }
                          ]
                        }
                      ]
                    }
                  ]
                }
              ]
            }
          ]
        }
      ]
    },
    "Planning Time": 0.945,
    "Triggers": [],
    "Execution Time": 1441.186
  }
]