[
  {
    "Plan": {
      "Node Type": "Aggregate",
      "Strategy": "Plain",
      "Partial Mode": "Finalize",
      "Parallel Aware": false,
      "Startup Cost": 45471.17,
      "Total Cost": 45471.18,
      "Plan Rows": 1,
      "Plan Width": 8,
      "Actual Startup Time": 143.304,
      "Actual Total Time": 152.789,
      "Actual Rows": 1,
      "Actual Loops": 1,
      "Plans": [
        {
          "Node Type": "Gather",
          "Parent Relationship": "Outer",
          "Parallel Aware": false,
          "Startup Cost": 45470.86,
          "Total Cost": 45471.17,
          "Plan Rows": 3,
          "Plan Width": 8,
          "Actual Startup Time": 143.147,
          "Actual Total Time": 152.78,
          "Actual Rows": 4,
          "Actual Loops": 1,
          "Workers Planned": 3,
          "Workers Launched": 3,
          "Single Copy": false,
          "Plans": [
            {
              "Node Type": "Aggregate",
              "Strategy": "Plain",
              "Partial Mode": "Partial",
              "Parent Relationship": "Outer",
              "Parallel Aware": false,
              "Startup Cost": 44470.86,
              "Total Cost": 44470.87,
              "Plan Rows": 1,
              "Plan Width": 8,
              "Actual Startup Time": 137.901,
              "Actual Total Time": 137.902,
              "Actual Rows": 1,
              "Actual Loops": 4,
              "Plans": [
                {
                  "Node Type": "Seq Scan",
                  "Parent Relationship": "Outer",
                  "Parallel Aware": true,
                  "Relation Name": "movie_keyword",
                  "Alias": "mk",
                  "Startup Cost": 0.0,
                  "Total Cost": 42695.65,
                  "Plan Rows": 710081,
                  "Plan Width": 0,
                  "Actual Startup Time": 0.271,
                  "Actual Total Time": 112.301,
                  "Actual Rows": 547898,
                  "Actual Loops": 4,
                  "Filter": "(keyword_id > 5148)",
                  "Rows Removed by Filter": 583084
                }
              ]
            }
          ]
        }
      ]
    },
    "Planning Time": 0.189,
    "Triggers": [],
    "Execution Time": 152.843
  }
]