{
  "Plan": {
    "Node Type": "Aggregate",
    "Strategy": "Plain",
    "Partial Mode": "Finalize",
    "Parallel Aware": false,
    "Startup Cost": 177614.51,
    "Total Cost": 177614.52,
    "Plan Rows": 1,
    "Plan Width": 8,
    "Actual Startup Time": 761.948,
    "Actual Total Time": 790.98,
    "Actual Rows": 1,
    "Actual Loops": 1,
    "Plans": [
      {
        "Node Type": "Gather",
        "Parent Relationship": "Outer",
        "Parallel Aware": false,
        "Startup Cost": 177614.4,
        "Total Cost": 177614.51,
        "Plan Rows": 1,
        "Plan Width": 8,
        "Actual Startup Time": 760.756,
        "Actual Total Time": 790.971,
        "Actual Rows": 2,
        "Actual Loops": 1,
        "Workers Planned": 1,
        "Workers Launched": 1,
        "Single Copy": false,
        "Plans": [
          {
            "Node Type": "Aggregate",
            "Strategy": "Plain",
            "Partial Mode": "Partial",
            "Parent Relationship": "Outer",
            "Parallel Aware": false,
            "Startup Cost": 176614.4,
            "Total Cost": 176614.41,
            "Plan Rows": 1,
            "Plan Width": 8,
            "Actual Startup Time": 755.063,
            "Actual Total Time": 755.227,
            "Actual Rows": 1,
            "Actual Loops": 2,
            "Plans": [
              {
                "Node Type": "Nested Loop",
                "Parent Relationship": "Outer",
                "Parallel Aware": false,
                "Join Type": "Inner",
                "Startup Cost": 31680.91,
                "Total Cost": 176256.07,
                "Plan Rows": 143332,
                "Plan Width": 0,
                "Actual Startup Time": 126.292,
                "Actual Total Time": 734.033,
                "Actual Rows": 463680,
                "Actual Loops": 2,
                "Inner Unique": false,
                "Plans": [
                  {
                    "Node Type": "Hash Join",
                    "Parent Relationship": "Outer",
                    "Parallel Aware": true,
                    "Join Type": "Inner",
                    "Startup Cost": 31680.48,
                    "Total Cost": 92542.29,
                    "Plan Rows": 28228,
                    "Plan Width": 8,
                    "Actual Startup Time": 126.219,
                    "Actual Total Time": 343.879,
                    "Actual Rows": 61201,
                    "Actual Loops": 2,
                    "Inner Unique": false,
                    "Hash Cond": "(t.id = mc.movie_id)",
                    "Plans": [
                      {
                        "Node Type": "Seq Scan",
                        "Parent Relationship": "Outer",
                        "Parallel Aware": true,
                        "Relation Name": "title",
                        "Alias": "t",
                        "Startup Cost": 0.0,
                        "Total Cost": 58306.47,
                        "Plan Rows": 382287,
                        "Plan Width": 4,
                        "Actual Startup Time": 0.012,
                        "Actual Total Time": 135.065,
                        "Actual Rows": 278398,
                        "Actual Loops": 2,
                        "Filter": "((production_year < 2001) AND (kind_id = 7))",
                        "Rows Removed by Filter": 985758
                      },
                      {
                        "Node Type": "Hash",
                        "Parent Relationship": "Inner",
                        "Parallel Aware": true,
                        "Startup Cost": 30307.75,
                        "Total Cost": 30307.75,
                        "Plan Rows": 109818,
                        "Plan Width": 4,
                        "Actual Startup Time": 122.959,
                        "Actual Total Time": 122.961,
                        "Actual Rows": 144794,
                        "Actual Loops": 2,
                        "Hash Buckets": 524288,
                        "Original Hash Buckets": 262144,
                        "Hash Batches": 1,
                        "Original Hash Batches": 1,
                        "Peak Memory Usage": 17504,
                        "Plans": [
                          {
                            "Node Type": "Bitmap Heap Scan",
                            "Parent Relationship": "Outer",
                            "Parallel Aware": true,
                            "Relation Name": "movie_companies",
                            "Alias": "mc",
                            "Startup Cost": 8171.46,
                            "Total Cost": 30307.75,
                            "Plan Rows": 109818,
                            "Plan Width": 4,
                            "Actual Startup Time": 31.878,
                            "Actual Total Time": 87.377,
                            "Actual Rows": 144794,
                            "Actual Loops": 2,
                            "Recheck Cond": "(company_id < 225)",
                            "Rows Removed by Index Recheck": 0,
                            "Filter": "(company_type_id = 1)",
                            "Rows Removed by Filter": 43517,
                            "Exact Heap Blocks": 11659,
                            "Lossy Heap Blocks": 0,
                            "Plans": [
                              {
                                "Node Type": "Bitmap Index Scan",
                                "Parent Relationship": "Outer",
                                "Parallel Aware": false,
                                "Index Name": "company_id_movie_companies",
                                "Startup Cost": 0.0,
                                "Total Cost": 8124.78,
                                "Plan Rows": 379247,
                                "Plan Width": 0,
                                "Actual Startup Time": 30.668,
                                "Actual Total Time": 30.668,
                                "Actual Rows": 376622,
                                "Actual Loops": 1,
                                "Index Cond": "(company_id < 225)"
                              }
                            ]
                          }
                        ]
                      }
                    ]
                  },
                  {
                    "Node Type": "Index Scan",
                    "Parent Relationship": "Inner",
                    "Parallel Aware": false,
                    "Scan Direction": "Forward",
                    "Index Name": "movie_id_movie_info",
                    "Relation Name": "movie_info",
                    "Alias": "mi",
                    "Startup Cost": 0.43,
                    "Total Cost": 2.61,
                    "Plan Rows": 36,
                    "Plan Width": 4,
                    "Actual Startup Time": 0.002,
                    "Actual Total Time": 0.006,
                    "Actual Rows": 8,
                    "Actual Loops": 122402,
                    "Index Cond": "(movie_id = t.id)",
                    "Rows Removed by Index Recheck": 0,
                    "Filter": "(info_type_id < 18)",
                    "Rows Removed by Filter": 1
                  }
                ]
              }
            ]
          }
        ]
      }
    ]
  },
  "Planning Time": 0.976,
  "Triggers": [],
  "Execution Time": 791.086
}