{
  "Plan": {
    "Node Type": "Aggregate",
    "Strategy": "Plain",
    "Partial Mode": "Finalize",
    "Parallel Aware": false,
    "Startup Cost": 730947.69,
    "Total Cost": 730947.7,
    "Plan Rows": 1,
    "Plan Width": 8,
    "Actual Startup Time": 9017.545,
    "Actual Total Time": 9075.96,
    "Actual Rows": 1,
    "Actual Loops": 1,
    "Plans": [
      {
        "Node Type": "Gather",
        "Parent Relationship": "Outer",
        "Parallel Aware": false,
        "Startup Cost": 730947.58,
        "Total Cost": 730947.69,
        "Plan Rows": 1,
        "Plan Width": 8,
        "Actual Startup Time": 9013.913,
        "Actual Total Time": 9075.953,
        "Actual Rows": 2,
        "Actual Loops": 1,
        "Workers Planned": 1,
        "Workers Launched": 1,
        "Single Copy": false,
        "Plans": [
          {
            "Node Type": "Aggregate",
            "Strategy": "Plain",
            "Partial Mode": "Partial",
            "Parent Relationship": "Outer",
            "Parallel Aware": false,
            "Startup Cost": 729947.58,
            "Total Cost": 729947.59,
            "Plan Rows": 1,
            "Plan Width": 8,
            "Actual Startup Time": 9006.964,
            "Actual Total Time": 9006.97,
            "Actual Rows": 1,
            "Actual Loops": 2,
            "Plans": [
              {
                "Node Type": "Hash Join",
                "Parent Relationship": "Outer",
                "Parallel Aware": true,
                "Join Type": "Inner",
                "Startup Cost": 106811.69,
                "Total Cost": 727043.52,
                "Plan Rows": 1161625,
                "Plan Width": 0,
                "Actual Startup Time": 1086.335,
                "Actual Total Time": 8848.058,
                "Actual Rows": 3677717,
                "Actual Loops": 2,
                "Inner Unique": false,
                "Hash Cond": "(t.id = mc.movie_id)",
                "Plans": [
                  {
                    "Node Type": "Hash Join",
                    "Parent Relationship": "Outer",
                    "Parallel Aware": true,
                    "Join Type": "Inner",
                    "Startup Cost": 69460.7,
                    "Total Cost": 616430.39,
                    "Plan Rows": 10628649,
                    "Plan Width": 8,
                    "Actual Startup Time": 918.045,
                    "Actual Total Time": 6142.779,
                    "Actual Rows": 9039988,
                    "Actual Loops": 2,
                    "Inner Unique": true,
                    "Hash Cond": "(ci.movie_id = t.id)",
                    "Plans": [
                      {
                        "Node Type": "Seq Scan",
                        "Parent Relationship": "Outer",
                        "Parallel Aware": true,
                        "Relation Name": "cast_info",
                        "Alias": "ci",
                        "Startup Cost": 0.0,
                        "Total Cost": 519069.44,
                        "Plan Rows": 10628649,
                        "Plan Width": 4,
                        "Actual Startup Time": 400.394,
                        "Actual Total Time": 1431.506,
                        "Actual Rows": 9039988,
                        "Actual Loops": 2,
                        "Filter": "(person_id > 1803427)",
                        "Rows Removed by Filter": 9082184
                      },
                      {
                        "Node Type": "Hash",
                        "Parent Relationship": "Inner",
                        "Parallel Aware": true,
                        "Startup Cost": 50870.31,
                        "Total Cost": 50870.31,
                        "Plan Rows": 1487231,
                        "Plan Width": 4,
                        "Actual Startup Time": 506.233,
                        "Actual Total Time": 506.234,
                        "Actual Rows": 1264156,
                        "Actual Loops": 2,
                        "Hash Buckets": 4194304,
                        "Original Hash Buckets": 4194304,
                        "Hash Batches": 1,
                        "Original Hash Batches": 1,
                        "Peak Memory Usage": 131712,
                        "Plans": [
                          {
                            "Node Type": "Seq Scan",
                            "Parent Relationship": "Outer",
                            "Parallel Aware": true,
                            "Relation Name": "title",
                            "Alias": "t",
                            "Startup Cost": 0.0,
                            "Total Cost": 50870.31,
                            "Plan Rows": 1487231,
                            "Plan Width": 4,
                            "Actual Startup Time": 0.018,
                            "Actual Total Time": 145.041,
                            "Actual Rows": 1264156,
                            "Actual Loops": 2
                          }
                        ]
                      }
                    ]
                  },
                  {
                    "Node Type": "Hash",
                    "Parent Relationship": "Inner",
                    "Parallel Aware": true,
                    "Startup Cost": 35319.22,
                    "Total Cost": 35319.22,
                    "Plan Rows": 162542,
                    "Plan Width": 4,
                    "Actual Startup Time": 162.635,
                    "Actual Total Time": 162.636,
                    "Actual Rows": 278860,
                    "Actual Loops": 2,
                    "Hash Buckets": 1048576,
                    "Original Hash Buckets": 524288,
                    "Hash Batches": 1,
                    "Original Hash Batches": 1,
                    "Peak Memory Usage": 34112,
                    "Plans": [
                      {
                        "Node Type": "Bitmap Heap Scan",
                        "Parent Relationship": "Outer",
                        "Parallel Aware": true,
                        "Relation Name": "movie_companies",
                        "Alias": "mc",
                        "Startup Cost": 11727.21,
                        "Total Cost": 35319.22,
                        "Plan Rows": 162542,
                        "Plan Width": 4,
                        "Actual Startup Time": 36.958,
                        "Actual Total Time": 92.927,
                        "Actual Rows": 278860,
                        "Actual Loops": 2,
                        "Recheck Cond": "(company_id > 71696)",
                        "Rows Removed by Index Recheck": 0,
                        "Filter": "(company_type_id = 2)",
                        "Rows Removed by Filter": 0,
                        "Exact Heap Blocks": 4581,
                        "Lossy Heap Blocks": 0,
                        "Plans": [
                          {
                            "Node Type": "Bitmap Index Scan",
                            "Parent Relationship": "Outer",
                            "Parallel Aware": false,
                            "Index Name": "company_id_movie_companies",
                            "Startup Cost": 0.0,
                            "Total Cost": 11658.13,
                            "Plan Rows": 544227,
                            "Plan Width": 0,
                            "Actual Startup Time": 36.184,
                            "Actual Total Time": 36.184,
                            "Actual Rows": 557721,
                            "Actual Loops": 1,
                            "Index Cond": "(company_id > 71696)"
                          }
                        ]
                      }
                    ]
                  }
                ]
              }
            ]
          }
        ]
      }
    ]
  },
  "Planning Time": 1.132,
  "Triggers": [],
  "Execution Time": 9076.072
}