[
  {
    "Plan": {
      "Node Type": "Aggregate",
      "Strategy": "Plain",
      "Partial Mode": "Finalize",
      "Parallel Aware": false,
      "Startup Cost": 32757.66,
      "Total Cost": 32757.67,
      "Plan Rows": 1,
      "Plan Width": 8,
      "Actual Startup Time": 71.146,
      "Actual Total Time": 78.869,
      "Actual Rows": 1,
      "Actual Loops": 1,
      "Plans": [
        {
          "Node Type": "Gather",
          "Parent Relationship": "Outer",
          "Parallel Aware": false,
          "Startup Cost": 32757.35,
          "Total Cost": 32757.66,
          "Plan Rows": 3,
          "Plan Width": 8,
          "Actual Startup Time": 71.032,
          "Actual Total Time": 78.859,
          "Actual Rows": 4,
          "Actual Loops": 1,
          "Workers Planned": 3,
          "Workers Launched": 3,
          "Single Copy": false,
          "Plans": [
            {
              "Node Type": "Aggregate",
              "Strategy": "Plain",
              "Partial Mode": "Partial",
              "Parent Relationship": "Outer",
              "Parallel Aware": false,
              "Startup Cost": 31757.35,
              "Total Cost": 31757.36,
              "Plan Rows": 1,
              "Plan Width": 8,
              "Actual Startup Time": 67.157,
              "Actual Total Time": 67.158,
              "Actual Rows": 1,
              "Actual Loops": 4,
              "Plans": [
                {
                  "Node Type": "Seq Scan",
                  "Parent Relationship": "Outer",
                  "Parallel Aware": true,
                  "Relation Name": "movie_companies",
                  "Alias": "mc",
                  "Startup Cost": 0.0,
                  "Total Cost": 31414.82,
                  "Plan Rows": 137011,
                  "Plan Width": 0,
                  "Actual Startup Time": 16.428,
                  "Actual Total Time": 65.867,
                  "Actual Rows": 24764,
                  "Actual Loops": 4,
                  "Filter": "((company_id > 24433) AND (company_type_id = 1))",
                  "Rows Removed by Filter": 627518
                }
              ]
            }
          ]
        }
      ]
    },
    "Planning Time": 0.23,
    "Triggers": [],
    "Execution Time": 78.925
  }
]