[
  {
    "Plan": {
      "Node Type": "Aggregate",
      "Strategy": "Plain",
      "Partial Mode": "Finalize",
      "Parallel Aware": false,
      "Startup Cost": 31296.27,
      "Total Cost": 31296.28,
      "Plan Rows": 1,
      "Plan Width": 8,
      "Actual Startup Time": 95.777,
      "Actual Total Time": 103.993,
      "Actual Rows": 1,
      "Actual Loops": 1,
      "Plans": [
        {
          "Node Type": "Gather",
          "Parent Relationship": "Outer",
          "Parallel Aware": false,
          "Startup Cost": 31295.95,
          "Total Cost": 31296.26,
          "Plan Rows": 3,
          "Plan Width": 8,
          "Actual Startup Time": 95.583,
          "Actual Total Time": 103.986,
          "Actual Rows": 4,
          "Actual Loops": 1,
          "Workers Planned": 3,
          "Workers Launched": 3,
          "Single Copy": false,
          "Plans": [
            {
              "Node Type": "Aggregate",
              "Strategy": "Plain",
              "Partial Mode": "Partial",
              "Parent Relationship": "Outer",
              "Parallel Aware": false,
              "Startup Cost": 30295.95,
              "Total Cost": 30295.96,
              "Plan Rows": 1,
              "Plan Width": 8,
              "Actual Startup Time": 90.05,
              "Actual Total Time": 90.052,
              "Actual Rows": 1,
              "Actual Loops": 4,
              "Plans": [
                {
                  "Node Type": "Seq Scan",
                  "Parent Relationship": "Outer",
                  "Parallel Aware": true,
                  "Relation Name": "movie_companies",
                  "Alias": "mc",
                  "Startup Cost": 0.0,
                  "Total Cost": 29310.68,
                  "Plan Rows": 394108,
                  "Plan Width": 0,
                  "Actual Startup Time": 21.079,
                  "Actual Total Time": 77.337,
                  "Actual Rows": 305967,
                  "Actual Loops": 4,
                  "Filter": "(company_id > 11961)",
                  "Rows Removed by Filter": 346315
                }
              ]
            }
          ]
        }
      ]
    },
    "Planning Time": 0.193,
    "Triggers": [],
    "Execution Time": 104.05
  }
]