[
  {
    "Plan": {
      "Node Type": "Aggregate",
      "Strategy": "Plain",
      "Partial Mode": "Finalize",
      "Parallel Aware": false,
      "Startup Cost": 31609.79,
      "Total Cost": 31609.8,
      "Plan Rows": 1,
      "Plan Width": 8,
      "Actual Startup Time": 104.481,
      "Actual Total Time": 111.962,
      "Actual Rows": 1,
      "Actual Loops": 1,
      "Plans": [
        {
          "Node Type": "Gather",
          "Parent Relationship": "Outer",
          "Parallel Aware": false,
          "Startup Cost": 31609.47,
          "Total Cost": 31609.78,
          "Plan Rows": 3,
          "Plan Width": 8,
          "Actual Startup Time": 104.365,
          "Actual Total Time": 111.953,
          "Actual Rows": 4,
          "Actual Loops": 1,
          "Workers Planned": 3,
          "Workers Launched": 3,
          "Single Copy": false,
          "Plans": [
            {
              "Node Type": "Aggregate",
              "Strategy": "Plain",
              "Partial Mode": "Partial",
              "Parent Relationship": "Outer",
              "Parallel Aware": false,
              "Startup Cost": 30609.47,
              "Total Cost": 30609.48,
              "Plan Rows": 1,
              "Plan Width": 8,
              "Actual Startup Time": 97.272,
              "Actual Total Time": 97.273,
              "Actual Rows": 1,
              "Actual Loops": 4,
              "Plans": [
                {
                  "Node Type": "Seq Scan",
                  "Parent Relationship": "Outer",
                  "Parallel Aware": true,
                  "Relation Name": "movie_companies",
                  "Alias": "mc",
                  "Startup Cost": 0.0,
                  "Total Cost": 29310.68,
                  "Plan Rows": 519515,
                  "Plan Width": 0,
                  "Actual Startup Time": 3.578,
                  "Actual Total Time": 79.523,
                  "Actual Rows": 401342,
                  "Actual Loops": 4,
                  "Filter": "(company_id > 4769)",
                  "Rows Removed by Filter": 250940
                }
              ]
            }
          ]
        }
      ]
    },
    "Planning Time": 0.193,
    "Triggers": [],
    "Execution Time": 112.016
  }
]