{
  "Plan": {
    "Node Type": "Aggregate",
    "Strategy": "Plain",
    "Partial Mode": "Finalize",
    "Parallel Aware": false,
    "Startup Cost": 133794.09,
    "Total Cost": 133794.1,
    "Plan Rows": 1,
    "Plan Width": 8,
    "Actual Startup Time": 859.01,
    "Actual Total Time": 876.919,
    "Actual Rows": 1,
    "Actual Loops": 1,
    "Plans": [
      {
        "Node Type": "Gather",
        "Parent Relationship": "Outer",
        "Parallel Aware": false,
        "Startup Cost": 133793.98,
        "Total Cost": 133794.09,
        "Plan Rows": 1,
        "Plan Width": 8,
        "Actual Startup Time": 854.79,
        "Actual Total Time": 876.911,
        "Actual Rows": 2,
        "Actual Loops": 1,
        "Workers Planned": 1,
        "Workers Launched": 1,
        "Single Copy": false,
        "Plans": [
          {
            "Node Type": "Aggregate",
            "Strategy": "Plain",
            "Partial Mode": "Partial",
            "Parent Relationship": "Outer",
            "Parallel Aware": false,
            "Startup Cost": 132793.98,
            "Total Cost": 132793.99,
            "Plan Rows": 1,
            "Plan Width": 8,
            "Actual Startup Time": 842.502,
            "Actual Total Time": 842.506,
            "Actual Rows": 1,
            "Actual Loops": 2,
            "Plans": [
              {
                "Node Type": "Hash Join",
                "Parent Relationship": "Outer",
                "Parallel Aware": true,
                "Join Type": "Inner",
                "Startup Cost": 70143.75,
                "Total Cost": 130606.69,
                "Plan Rows": 874914,
                "Plan Width": 0,
                "Actual Startup Time": 497.747,
                "Actual Total Time": 814.841,
                "Actual Rows": 710269,
                "Actual Loops": 2,
                "Inner Unique": true,
                "Hash Cond": "(mk.movie_id = t.id)",
                "Plans": [
                  {
                    "Node Type": "Seq Scan",
                    "Parent Relationship": "Outer",
                    "Parallel Aware": true,
                    "Relation Name": "movie_keyword",
                    "Alias": "mk",
                    "Startup Cost": 0.0,
                    "Total Cost": 57718.19,
                    "Plan Rows": 1045619,
                    "Plan Width": 4,
                    "Actual Startup Time": 0.698,
                    "Actual Total Time": 172.173,
                    "Actual Rows": 896388,
                    "Actual Loops": 2,
                    "Filter": "(keyword_id > 7763)",
                    "Rows Removed by Filter": 1365577
                  },
                  {
                    "Node Type": "Hash",
                    "Parent Relationship": "Inner",
                    "Parallel Aware": true,
                    "Startup Cost": 54588.39,
                    "Total Cost": 54588.39,
                    "Plan Rows": 1244429,
                    "Plan Width": 4,
                    "Actual Startup Time": 475.311,
                    "Actual Total Time": 475.312,
                    "Actual Rows": 1052068,
                    "Actual Loops": 2,
                    "Hash Buckets": 4194304,
                    "Original Hash Buckets": 4194304,
                    "Hash Batches": 1,
                    "Original Hash Batches": 1,
                    "Peak Memory Usage": 115136,
                    "Plans": [
                      {
                        "Node Type": "Seq Scan",
                        "Parent Relationship": "Outer",
                        "Parallel Aware": true,
                        "Relation Name": "title",
                        "Alias": "t",
                        "Startup Cost": 0.0,
                        "Total Cost": 54588.39,
                        "Plan Rows": 1244429,
                        "Plan Width": 4,
                        "Actual Startup Time": 0.027,
                        "Actual Total Time": 178.127,
                        "Actual Rows": 1052068,
                        "Actual Loops": 2,
                        "Filter": "(production_year > 1968)",
                        "Rows Removed by Filter": 212088
                      }
                    ]
                  }
                ]
              }
            ]
          }
        ]
      }
    ]
  },
  "Planning Time": 0.684,
  "Triggers": [],
  "Execution Time": 876.985
}