{
    "Plan": {
        "Node Type": "Aggregate",
        "Strategy": "Plain",
        "Partial Mode": "Finalize",
        "Parallel Aware": false,
        "Startup Cost": 410267.3,
        "Total Cost": 410267.31,
        "Plan Rows": 1,
        "Plan Width": 8,
        "Actual Startup Time": 5823.17,
        "Actual Total Time": 5911.58,
        "Actual Rows": 1,
        "Actual Loops": 1,
        "Output": [
            "count(*)"
        ],
        "Plans": [
            {
                "Node Type": "Gather",
                "Parent Relationship": "Outer",
                "Parallel Aware": false,
                "Startup Cost": 410266.68,
                "Total Cost": 410267.29,
                "Plan Rows": 6,
                "Plan Width": 8,
                "Actual Startup Time": 5820.043,
                "Actual Total Time": 5911.569,
                "Actual Rows": 7,
                "Actual Loops": 1,
                "Output": [
                    "(PARTIAL count(*))"
                ],
                "Workers Planned": 6,
                "Workers Launched": 6,
                "Single Copy": false,
                "Plans": [
                    {
                        "Node Type": "Aggregate",
                        "Strategy": "Plain",
                        "Partial Mode": "Partial",
                        "Parent Relationship": "Outer",
                        "Parallel Aware": false,
                        "Startup Cost": 409266.68,
                        "Total Cost": 409266.69,
                        "Plan Rows": 1,
                        "Plan Width": 8,
                        "Actual Startup Time": 5807.817,
                        "Actual Total Time": 5807.819,
                        "Actual Rows": 1,
                        "Actual Loops": 7,
                        "Output": [
                            "PARTIAL count(*)"
                        ],
                        "Workers": [
                            {
                                "Worker Number": 0,
                                "Actual Startup Time": 5804.991,
                                "Actual Total Time": 5804.994,
                                "Actual Rows": 1,
                                "Actual Loops": 1
                            },
                            {
                                "Worker Number": 1,
                                "Actual Startup Time": 5805.376,
                                "Actual Total Time": 5805.378,
                                "Actual Rows": 1,
                                "Actual Loops": 1
                            },
                            {
                                "Worker Number": 2,
                                "Actual Startup Time": 5805.016,
                                "Actual Total Time": 5805.019,
                                "Actual Rows": 1,
                                "Actual Loops": 1
                            },
                            {
                                "Worker Number": 3,
                                "Actual Startup Time": 5808.051,
                                "Actual Total Time": 5808.053,
                                "Actual Rows": 1,
                                "Actual Loops": 1
                            },
                            {
                                "Worker Number": 4,
                                "Actual Startup Time": 5806.67,
                                "Actual Total Time": 5806.672,
                                "Actual Rows": 1,
                                "Actual Loops": 1
                            },
                            {
                                "Worker Number": 5,
                                "Actual Startup Time": 5805.526,
                                "Actual Total Time": 5805.528,
                                "Actual Rows": 1,
                                "Actual Loops": 1
                            }
                        ],
                        "Plans": [
                            {
                                "Node Type": "Nested Loop",
                                "Parent Relationship": "Outer",
                                "Parallel Aware": false,
                                "Join Type": "Inner",
                                "Startup Cost": 98288.16,
                                "Total Cost": 406379.64,
                                "Plan Rows": 1154816,
                                "Plan Width": 0,
                                "Actual Startup Time": 437.221,
                                "Actual Total Time": 5452.523,
                                "Actual Rows": 8100456,
                                "Actual Loops": 7,
                                "Inner Unique": false,
                                "Join Filter": "(t.id = ci.movie_id)",
                                "Rows Removed by Join Filter": 0,
                                "Workers": [
                                    {
                                        "Worker Number": 0,
                                        "Actual Startup Time": 393.331,
                                        "Actual Total Time": 5468.565,
                                        "Actual Rows": 8378932,
                                        "Actual Loops": 1
                                    },
                                    {
                                        "Worker Number": 1,
                                        "Actual Startup Time": 554.377,
                                        "Actual Total Time": 5443.033,
                                        "Actual Rows": 6865285,
                                        "Actual Loops": 1
                                    },
                                    {
                                        "Worker Number": 2,
                                        "Actual Startup Time": 436.969,
                                        "Actual Total Time": 5448.172,
                                        "Actual Rows": 8173176,
                                        "Actual Loops": 1
                                    },
                                    {
                                        "Worker Number": 3,
                                        "Actual Startup Time": 394.292,
                                        "Actual Total Time": 5470.319,
                                        "Actual Rows": 8403935,
                                        "Actual Loops": 1
                                    },
                                    {
                                        "Worker Number": 4,
                                        "Actual Startup Time": 437.375,
                                        "Actual Total Time": 5446.599,
                                        "Actual Rows": 8239318,
                                        "Actual Loops": 1
                                    },
                                    {
                                        "Worker Number": 5,
                                        "Actual Startup Time": 437.491,
                                        "Actual Total Time": 5448.153,
                                        "Actual Rows": 8180067,
                                        "Actual Loops": 1
                                    }
                                ],
                                "Plans": [
                                    {
                                        "Node Type": "Merge Join",
                                        "Parent Relationship": "Outer",
                                        "Parallel Aware": false,
                                        "Join Type": "Inner",
                                        "Startup Cost": 98287.6,
                                        "Total Cost": 241804.26,
                                        "Plan Rows": 80538,
                                        "Plan Width": 8,
                                        "Actual Startup Time": 437.127,
                                        "Actual Total Time": 758.17,
                                        "Actual Rows": 222036,
                                        "Actual Loops": 7,
                                        "Output": [
                                            "t.id",
                                            "mk.movie_id"
                                        ],
                                        "Inner Unique": true,
                                        "Merge Cond": "(mk.movie_id = t.id)",
                                        "Workers": [
                                            {
                                                "Worker Number": 0,
                                                "Actual Startup Time": 393.215,
                                                "Actual Total Time": 708.927,
                                                "Actual Rows": 234201,
                                                "Actual Loops": 1
                                            },
                                            {
                                                "Worker Number": 1,
                                                "Actual Startup Time": 554.252,
                                                "Actual Total Time": 868.986,
                                                "Actual Rows": 187153,
                                                "Actual Loops": 1
                                            },
                                            {
                                                "Worker Number": 2,
                                                "Actual Startup Time": 436.874,
                                                "Actual Total Time": 769.783,
                                                "Actual Rows": 227800,
                                                "Actual Loops": 1
                                            },
                                            {
                                                "Worker Number": 3,
                                                "Actual Startup Time": 394.204,
                                                "Actual Total Time": 705.389,
                                                "Actual Rows": 229898,
                                                "Actual Loops": 1
                                            },
                                            {
                                                "Worker Number": 4,
                                                "Actual Startup Time": 437.264,
                                                "Actual Total Time": 758.598,
                                                "Actual Rows": 222449,
                                                "Actual Loops": 1
                                            },
                                            {
                                                "Worker Number": 5,
                                                "Actual Startup Time": 437.407,
                                                "Actual Total Time": 765.393,
                                                "Actual Rows": 223243,
                                                "Actual Loops": 1
                                            }
                                        ],
                                        "Plans": [
                                            {
                                                "Node Type": "Index Only Scan",
                                                "Parent Relationship": "Outer",
                                                "Parallel Aware": true,
                                                "Scan Direction": "Forward",
                                                "Index Name": "movie_id_movie_keyword",
                                                "Relation Name": "movie_keyword",
                                                "Schema": "public",
                                                "Alias": "mk",
                                                "Startup Cost": 0.43,
                                                "Total Cost": 139478.04,
                                                "Plan Rows": 753988,
                                                "Plan Width": 4,
                                                "Actual Startup Time": 0.191,
                                                "Actual Total Time": 165.801,
                                                "Actual Rows": 646276,
                                                "Actual Loops": 7,
                                                "Output": [
                                                    "mk.movie_id"
                                                ],
                                                "Heap Fetches": 4523930,
                                                "Workers": [
                                                    {
                                                        "Worker Number": 0,
                                                        "Actual Startup Time": 0.183,
                                                        "Actual Total Time": 170.935,
                                                        "Actual Rows": 695019,
                                                        "Actual Loops": 1
                                                    },
                                                    {
                                                        "Worker Number": 1,
                                                        "Actual Startup Time": 0.167,
                                                        "Actual Total Time": 149.905,
                                                        "Actual Rows": 485021,
                                                        "Actual Loops": 1
                                                    },
                                                    {
                                                        "Worker Number": 2,
                                                        "Actual Startup Time": 0.182,
                                                        "Actual Total Time": 173.097,
                                                        "Actual Rows": 665418,
                                                        "Actual Loops": 1
                                                    },
                                                    {
                                                        "Worker Number": 3,
                                                        "Actual Startup Time": 0.183,
                                                        "Actual Total Time": 167.439,
                                                        "Actual Rows": 676164,
                                                        "Actual Loops": 1
                                                    },
                                                    {
                                                        "Worker Number": 4,
                                                        "Actual Startup Time": 0.215,
                                                        "Actual Total Time": 164.627,
                                                        "Actual Rows": 628211,
                                                        "Actual Loops": 1
                                                    },
                                                    {
                                                        "Worker Number": 5,
                                                        "Actual Startup Time": 0.33,
                                                        "Actual Total Time": 169.243,
                                                        "Actual Rows": 645991,
                                                        "Actual Loops": 1
                                                    }
                                                ]
                                            },
                                            {
                                                "Node Type": "Sort",
                                                "Parent Relationship": "Inner",
                                                "Parallel Aware": false,
                                                "Startup Cost": 98286.87,
                                                "Total Cost": 98962.03,
                                                "Plan Rows": 270067,
                                                "Plan Width": 4,
                                                "Actual Startup Time": 436.895,
                                                "Actual Total Time": 508.589,
                                                "Actual Rows": 381825,
                                                "Actual Loops": 7,
                                                "Output": [
                                                    "t.id"
                                                ],
                                                "Sort Key": [
                                                    "t.id"
                                                ],
                                                "Sort Method": "quicksort",
                                                "Sort Space Used": 30223,
                                                "Sort Space Type": "Memory",
                                                "Workers": [
                                                    {
                                                        "Worker Number": 0,
                                                        "Actual Startup Time": 392.995,
                                                        "Actual Total Time": 457.454,
                                                        "Actual Rows": 381923,
                                                        "Actual Loops": 1
                                                    },
                                                    {
                                                        "Worker Number": 1,
                                                        "Actual Startup Time": 554.04,
                                                        "Actual Total Time": 632.302,
                                                        "Actual Rows": 382033,
                                                        "Actual Loops": 1
                                                    },
                                                    {
                                                        "Worker Number": 2,
                                                        "Actual Startup Time": 436.659,
                                                        "Actual Total Time": 510.708,
                                                        "Actual Rows": 382039,
                                                        "Actual Loops": 1
                                                    },
                                                    {
                                                        "Worker Number": 3,
                                                        "Actual Startup Time": 393.983,
                                                        "Actual Total Time": 458.579,
                                                        "Actual Rows": 381077,
                                                        "Actual Loops": 1
                                                    },
                                                    {
                                                        "Worker Number": 4,
                                                        "Actual Startup Time": 437.017,
                                                        "Actual Total Time": 510.562,
                                                        "Actual Rows": 381881,
                                                        "Actual Loops": 1
                                                    },
                                                    {
                                                        "Worker Number": 5,
                                                        "Actual Startup Time": 437.006,
                                                        "Actual Total Time": 511.293,
                                                        "Actual Rows": 382025,
                                                        "Actual Loops": 1
                                                    }
                                                ],
                                                "Plans": [
                                                    {
                                                        "Node Type": "Seq Scan",
                                                        "Parent Relationship": "Outer",
                                                        "Parallel Aware": false,
                                                        "Relation Name": "title",
                                                        "Schema": "public",
                                                        "Alias": "t",
                                                        "Startup Cost": 0.0,
                                                        "Total Cost": 73922.83,
                                                        "Plan Rows": 270067,
                                                        "Plan Width": 4,
                                                        "Actual Startup Time": 0.146,
                                                        "Actual Total Time": 330.72,
                                                        "Actual Rows": 382611,
                                                        "Actual Loops": 7,
                                                        "Output": [
                                                            "t.id"
                                                        ],
                                                        "Filter": "((t.kind_id < 7) AND (t.production_year < 1990))",
                                                        "Rows Removed by Filter": 2145701,
                                                        "Workers": [
                                                            {
                                                                "Worker Number": 0,
                                                                "Actual Startup Time": 0.166,
                                                                "Actual Total Time": 298.384,
                                                                "Actual Rows": 382611,
                                                                "Actual Loops": 1
                                                            },
                                                            {
                                                                "Worker Number": 1,
                                                                "Actual Startup Time": 0.152,
                                                                "Actual Total Time": 404.517,
                                                                "Actual Rows": 382611,
                                                                "Actual Loops": 1
                                                            },
                                                            {
                                                                "Worker Number": 2,
                                                                "Actual Startup Time": 0.161,
                                                                "Actual Total Time": 333.385,
                                                                "Actual Rows": 382611,
                                                                "Actual Loops": 1
                                                            },
                                                            {
                                                                "Worker Number": 3,
                                                                "Actual Startup Time": 0.165,
                                                                "Actual Total Time": 299.574,
                                                                "Actual Rows": 382611,
                                                                "Actual Loops": 1
                                                            },
                                                            {
                                                                "Worker Number": 4,
                                                                "Actual Startup Time": 0.163,
                                                                "Actual Total Time": 333.942,
                                                                "Actual Rows": 382611,
                                                                "Actual Loops": 1
                                                            },
                                                            {
                                                                "Worker Number": 5,
                                                                "Actual Startup Time": 0.157,
                                                                "Actual Total Time": 333.631,
                                                                "Actual Rows": 382611,
                                                                "Actual Loops": 1
                                                            }
                                                        ]
                                                    }
                                                ]
                                            }
                                        ]
                                    },
                                    {
                                        "Node Type": "Index Only Scan",
                                        "Parent Relationship": "Inner",
                                        "Parallel Aware": false,
                                        "Scan Direction": "Forward",
                                        "Index Name": "movie_id_cast_info",
                                        "Relation Name": "cast_info",
                                        "Schema": "public",
                                        "Alias": "ci",
                                        "Startup Cost": 0.56,
                                        "Total Cost": 1.57,
                                        "Plan Rows": 38,
                                        "Plan Width": 4,
                                        "Actual Startup Time": 0.003,
                                        "Actual Total Time": 0.018,
                                        "Actual Rows": 36,
                                        "Actual Loops": 1554249,
                                        "Output": [
                                            "ci.movie_id"
                                        ],
                                        "Index Cond": "(ci.movie_id = mk.movie_id)",
                                        "Rows Removed by Index Recheck": 0,
                                        "Heap Fetches": 56703192,
                                        "Workers": [
                                            {
                                                "Worker Number": 0,
                                                "Actual Startup Time": 0.003,
                                                "Actual Total Time": 0.017,
                                                "Actual Rows": 36,
                                                "Actual Loops": 234201
                                            },
                                            {
                                                "Worker Number": 1,
                                                "Actual Startup Time": 0.004,
                                                "Actual Total Time": 0.02,
                                                "Actual Rows": 37,
                                                "Actual Loops": 187153
                                            },
                                            {
                                                "Worker Number": 2,
                                                "Actual Startup Time": 0.003,
                                                "Actual Total Time": 0.017,
                                                "Actual Rows": 36,
                                                "Actual Loops": 227800
                                            },
                                            {
                                                "Worker Number": 3,
                                                "Actual Startup Time": 0.003,
                                                "Actual Total Time": 0.018,
                                                "Actual Rows": 37,
                                                "Actual Loops": 229898
                                            },
                                            {
                                                "Worker Number": 4,
                                                "Actual Startup Time": 0.003,
                                                "Actual Total Time": 0.018,
                                                "Actual Rows": 37,
                                                "Actual Loops": 222449
                                            },
                                            {
                                                "Worker Number": 5,
                                                "Actual Startup Time": 0.003,
                                                "Actual Total Time": 0.018,
                                                "Actual Rows": 37,
                                                "Actual Loops": 223243
                                            }
                                        ]
                                    }
                                ]
                            }
                        ]
                    }
                ]
            }
        ]
    },
    "Planning Time": 1.512,
    "Triggers": [],
    "Execution Time": 5916.882
}