{
  "Plan": {
    "Node Type": "Aggregate",
    "Strategy": "Plain",
    "Partial Mode": "Finalize",
    "Parallel Aware": false,
    "Startup Cost": 102945.58,
    "Total Cost": 102945.59,
    "Plan Rows": 1,
    "Plan Width": 8,
    "Actual Startup Time": 599.724,
    "Actual Total Time": 613.448,
    "Actual Rows": 1,
    "Actual Loops": 1,
    "Plans": [
      {
        "Node Type": "Gather",
        "Parent Relationship": "Outer",
        "Parallel Aware": false,
        "Startup Cost": 102945.47,
        "Total Cost": 102945.58,
        "Plan Rows": 1,
        "Plan Width": 8,
        "Actual Startup Time": 597.716,
        "Actual Total Time": 613.442,
        "Actual Rows": 2,
        "Actual Loops": 1,
        "Workers Planned": 1,
        "Workers Launched": 1,
        "Single Copy": false,
        "Plans": [
          {
            "Node Type": "Aggregate",
            "Strategy": "Plain",
            "Partial Mode": "Partial",
            "Parent Relationship": "Outer",
            "Parallel Aware": false,
            "Startup Cost": 101945.47,
            "Total Cost": 101945.48,
            "Plan Rows": 1,
            "Plan Width": 8,
            "Actual Startup Time": 593.429,
            "Actual Total Time": 593.434,
            "Actual Rows": 1,
            "Actual Loops": 2,
            "Plans": [
              {
                "Node Type": "Hash Join",
                "Parent Relationship": "Outer",
                "Parallel Aware": true,
                "Join Type": "Inner",
                "Startup Cost": 40207.54,
                "Total Cost": 101476.5,
                "Plan Rows": 187588,
                "Plan Width": 0,
                "Actual Startup Time": 183.004,
                "Actual Total Time": 580.298,
                "Actual Rows": 311926,
                "Actual Loops": 2,
                "Inner Unique": false,
                "Hash Cond": "(t.id = mc.movie_id)",
                "Plans": [
                  {
                    "Node Type": "Seq Scan",
                    "Parent Relationship": "Outer",
                    "Parallel Aware": true,
                    "Relation Name": "title",
                    "Alias": "t",
                    "Startup Cost": 0.0,
                    "Total Cost": 50870.31,
                    "Plan Rows": 1487231,
                    "Plan Width": 4,
                    "Actual Startup Time": 0.01,
                    "Actual Total Time": 117.174,
                    "Actual Rows": 1264156,
                    "Actual Loops": 2
                  },
                  {
                    "Node Type": "Hash",
                    "Parent Relationship": "Inner",
                    "Parallel Aware": true,
                    "Startup Cost": 37862.69,
                    "Total Cost": 37862.69,
                    "Plan Rows": 187588,
                    "Plan Width": 4,
                    "Actual Startup Time": 178.756,
                    "Actual Total Time": 178.757,
                    "Actual Rows": 311926,
                    "Actual Loops": 2,
                    "Hash Buckets": 1048576,
                    "Original Hash Buckets": 524288,
                    "Hash Batches": 1,
                    "Original Hash Batches": 1,
                    "Peak Memory Usage": 36736,
                    "Plans": [
                      {
                        "Node Type": "Bitmap Heap Scan",
                        "Parent Relationship": "Outer",
                        "Parallel Aware": true,
                        "Relation Name": "movie_companies",
                        "Alias": "mc",
                        "Startup Cost": 13530.78,
                        "Total Cost": 37862.69,
                        "Plan Rows": 187588,
                        "Plan Width": 4,
                        "Actual Startup Time": 48.22,
                        "Actual Total Time": 104.855,
                        "Actual Rows": 311926,
                        "Actual Loops": 2,
                        "Recheck Cond": "(company_id > 57066)",
                        "Rows Removed by Index Recheck": 0,
                        "Filter": "(company_type_id = 2)",
                        "Rows Removed by Filter": 8198,
                        "Exact Heap Blocks": 7149,
                        "Lossy Heap Blocks": 0,
                        "Plans": [
                          {
                            "Node Type": "Bitmap Index Scan",
                            "Parent Relationship": "Outer",
                            "Parallel Aware": false,
                            "Index Name": "company_id_movie_companies",
                            "Startup Cost": 0.0,
                            "Total Cost": 13451.05,
                            "Plan Rows": 628083,
                            "Plan Width": 0,
                            "Actual Startup Time": 40.006,
                            "Actual Total Time": 40.007,
                            "Actual Rows": 640249,
                            "Actual Loops": 1,
                            "Index Cond": "(company_id > 57066)"
                          }
                        ]
                      }
                    ]
                  }
                ]
              }
            ]
          }
        ]
      }
    ]
  },
  "Planning Time": 0.583,
  "Triggers": [],
  "Execution Time": 613.526
}