[
  {
    "Plan": {
      "Node Type": "Aggregate",
      "Strategy": "Plain",
      "Partial Mode": "Finalize",
      "Parallel Aware": false,
      "Startup Cost": 299947.73,
      "Total Cost": 299947.74,
      "Plan Rows": 1,
      "Plan Width": 8,
      "Actual Startup Time": 185.486,
      "Actual Total Time": 197.612,
      "Actual Rows": 1,
      "Actual Loops": 1,
      "Plans": [
        {
          "Node Type": "Gather",
          "Parent Relationship": "Outer",
          "Parallel Aware": false,
          "Startup Cost": 299947.1,
          "Total Cost": 299947.71,
          "Plan Rows": 6,
          "Plan Width": 8,
          "Actual Startup Time": 184.674,
          "Actual Total Time": 197.59,
          "Actual Rows": 7,
          "Actual Loops": 1,
          "Workers Planned": 6,
          "Workers Launched": 6,
          "Single Copy": false,
          "Plans": [
            {
              "Node Type": "Aggregate",
              "Strategy": "Plain",
              "Partial Mode": "Partial",
              "Parent Relationship": "Outer",
              "Parallel Aware": false,
              "Startup Cost": 298947.1,
              "Total Cost": 298947.11,
              "Plan Rows": 1,
              "Plan Width": 8,
              "Actual Startup Time": 175.553,
              "Actual Total Time": 175.557,
              "Actual Rows": 1,
              "Actual Loops": 7,
              "Plans": [
                {
                  "Node Type": "Bitmap Heap Scan",
                  "Parent Relationship": "Outer",
                  "Parallel Aware": true,
                  "Relation Name": "cast_info",
                  "Alias": "ci",
                  "Startup Cost": 41554.85,
                  "Total Cost": 298162.89,
                  "Plan Rows": 313684,
                  "Plan Width": 0,
                  "Actual Startup Time": 82.481,
                  "Actual Total Time": 158.881,
                  "Actual Rows": 278045,
                  "Actual Loops": 7,
                  "Recheck Cond": "(person_id < 190917)",
                  "Rows Removed by Index Recheck": 0,
                  "Exact Heap Blocks": 5689,
                  "Lossy Heap Blocks": 0,
                  "Plans": [
                    {
                      "Node Type": "Bitmap Index Scan",
                      "Parent Relationship": "Outer",
                      "Parallel Aware": false,
                      "Index Name": "person_id_cast_info",
                      "Startup Cost": 0.0,
                      "Total Cost": 41084.32,
                      "Plan Rows": 1882101,
                      "Plan Width": 0,
                      "Actual Startup Time": 87.431,
                      "Actual Total Time": 87.431,
                      "Actual Rows": 1946318,
                      "Actual Loops": 1,
                      "Index Cond": "(person_id < 190917)"
                    }
                  ]
                }
              ]
            }
          ]
        }
      ]
    },
    "Planning Time": 0.167,
    "Triggers": [],
    "Execution Time": 197.679
  }
]