[
  {
    "Plan": {
      "Node Type": "Aggregate",
      "Strategy": "Plain",
      "Partial Mode": "Finalize",
      "Parallel Aware": false,
      "Startup Cost": 301033.24,
      "Total Cost": 301033.25,
      "Plan Rows": 1,
      "Plan Width": 8,
      "Actual Startup Time": 217.655,
      "Actual Total Time": 225.337,
      "Actual Rows": 1,
      "Actual Loops": 1,
      "Plans": [
        {
          "Node Type": "Gather",
          "Parent Relationship": "Outer",
          "Parallel Aware": false,
          "Startup Cost": 301032.62,
          "Total Cost": 301033.23,
          "Plan Rows": 6,
          "Plan Width": 8,
          "Actual Startup Time": 217.044,
          "Actual Total Time": 225.328,
          "Actual Rows": 7,
          "Actual Loops": 1,
          "Workers Planned": 6,
          "Workers Launched": 6,
          "Single Copy": false,
          "Plans": [
            {
              "Node Type": "Aggregate",
              "Strategy": "Plain",
              "Partial Mode": "Partial",
              "Parent Relationship": "Outer",
              "Parallel Aware": false,
              "Startup Cost": 300032.62,
              "Total Cost": 300032.63,
              "Plan Rows": 1,
              "Plan Width": 8,
              "Actual Startup Time": 207.734,
              "Actual Total Time": 207.736,
              "Actual Rows": 1,
              "Actual Loops": 7,
              "Plans": [
                {
                  "Node Type": "Bitmap Heap Scan",
                  "Parent Relationship": "Outer",
                  "Parallel Aware": true,
                  "Relation Name": "cast_info",
                  "Alias": "ci",
                  "Startup Cost": 42531.7,
                  "Total Cost": 299230.3,
                  "Plan Rows": 320928,
                  "Plan Width": 0,
                  "Actual Startup Time": 119.461,
                  "Actual Total Time": 190.634,
                  "Actual Rows": 278045,
                  "Actual Loops": 7,
                  "Recheck Cond": "(person_id < 190917)",
                  "Rows Removed by Index Recheck": 0,
                  "Exact Heap Blocks": 3477,
                  "Lossy Heap Blocks": 0,
                  "Plans": [
                    {
                      "Node Type": "Bitmap Index Scan",
                      "Parent Relationship": "Outer",
                      "Parallel Aware": false,
                      "Index Name": "person_id_cast_info",
                      "Startup Cost": 0.0,
                      "Total Cost": 42050.31,
                      "Plan Rows": 1925566,
                      "Plan Width": 0,
                      "Actual Startup Time": 123.025,
                      "Actual Total Time": 123.025,
                      "Actual Rows": 1946318,
                      "Actual Loops": 1,
                      "Index Cond": "(person_id < 190917)"
                    }
                  ]
                }
              ]
            }
          ]
        }
      ]
    },
    "Planning Time": 0.199,
    "Triggers": [],
    "Execution Time": 225.421
  }
]