{
  "Plan": {
    "Node Type": "Aggregate",
    "Strategy": "Plain",
    "Partial Mode": "Finalize",
    "Parallel Aware": false,
    "Startup Cost": 119265.64,
    "Total Cost": 119265.65,
    "Plan Rows": 1,
    "Plan Width": 8,
    "Actual Startup Time": 484.728,
    "Actual Total Time": 501.108,
    "Actual Rows": 1,
    "Actual Loops": 1,
    "Plans": [
      {
        "Node Type": "Gather",
        "Parent Relationship": "Outer",
        "Parallel Aware": false,
        "Startup Cost": 119265.53,
        "Total Cost": 119265.64,
        "Plan Rows": 1,
        "Plan Width": 8,
        "Actual Startup Time": 484.392,
        "Actual Total Time": 501.098,
        "Actual Rows": 2,
        "Actual Loops": 1,
        "Workers Planned": 1,
        "Workers Launched": 1,
        "Single Copy": false,
        "Plans": [
          {
            "Node Type": "Aggregate",
            "Strategy": "Plain",
            "Partial Mode": "Partial",
            "Parent Relationship": "Outer",
            "Parallel Aware": false,
            "Startup Cost": 118265.53,
            "Total Cost": 118265.54,
            "Plan Rows": 1,
            "Plan Width": 8,
            "Actual Startup Time": 477.739,
            "Actual Total Time": 477.744,
            "Actual Rows": 1,
            "Actual Loops": 2,
            "Plans": [
              {
                "Node Type": "Nested Loop",
                "Parent Relationship": "Outer",
                "Parallel Aware": false,
                "Join Type": "Inner",
                "Startup Cost": 38692.63,
                "Total Cost": 118185.14,
                "Plan Rows": 32155,
                "Plan Width": 0,
                "Actual Startup Time": 80.24,
                "Actual Total Time": 468.605,
                "Actual Rows": 160386,
                "Actual Loops": 2,
                "Inner Unique": false,
                "Join Filter": "(t.id = mk.movie_id)",
                "Rows Removed by Join Filter": 0,
                "Plans": [
                  {
                    "Node Type": "Hash Join",
                    "Parent Relationship": "Outer",
                    "Parallel Aware": true,
                    "Join Type": "Inner",
                    "Startup Cost": 38692.2,
                    "Total Cost": 76858.83,
                    "Plan Rows": 22159,
                    "Plan Width": 8,
                    "Actual Startup Time": 79.861,
                    "Actual Total Time": 339.825,
                    "Actual Rows": 39054,
                    "Actual Loops": 2,
                    "Inner Unique": true,
                    "Hash Cond": "(mc.movie_id = t.id)",
                    "Plans": [
                      {
                        "Node Type": "Seq Scan",
                        "Parent Relationship": "Outer",
                        "Parallel Aware": true,
                        "Relation Name": "movie_companies",
                        "Alias": "mc",
                        "Startup Cost": 0.0,
                        "Total Cost": 34137.82,
                        "Plan Rows": 1534782,
                        "Plan Width": 4,
                        "Actual Startup Time": 0.014,
                        "Actual Total Time": 111.309,
                        "Actual Rows": 1304564,
                        "Actual Loops": 2
                      },
                      {
                        "Node Type": "Hash",
                        "Parent Relationship": "Inner",
                        "Parallel Aware": true,
                        "Startup Cost": 38423.79,
                        "Total Cost": 38423.79,
                        "Plan Rows": 21473,
                        "Plan Width": 4,
                        "Actual Startup Time": 78.572,
                        "Actual Total Time": 78.574,
                        "Actual Rows": 19562,
                        "Actual Loops": 2,
                        "Hash Buckets": 65536,
                        "Original Hash Buckets": 65536,
                        "Hash Batches": 1,
                        "Original Hash Batches": 1,
                        "Peak Memory Usage": 2080,
                        "Plans": [
                          {
                            "Node Type": "Bitmap Heap Scan",
                            "Parent Relationship": "Outer",
                            "Parallel Aware": true,
                            "Relation Name": "title",
                            "Alias": "t",
                            "Startup Cost": 1625.66,
                            "Total Cost": 38423.79,
                            "Plan Rows": 21473,
                            "Plan Width": 4,
                            "Actual Startup Time": 20.558,
                            "Actual Total Time": 72.188,
                            "Actual Rows": 19562,
                            "Actual Loops": 2,
                            "Recheck Cond": "(kind_id = 2)",
                            "Rows Removed by Index Recheck": 0,
                            "Filter": "(production_year < 2000)",
                            "Rows Removed by Filter": 25864,
                            "Exact Heap Blocks": 18106,
                            "Lossy Heap Blocks": 0,
                            "Plans": [
                              {
                                "Node Type": "Bitmap Index Scan",
                                "Parent Relationship": "Outer",
                                "Parallel Aware": false,
                                "Index Name": "kind_id_title",
                                "Startup Cost": 0.0,
                                "Total Cost": 1616.54,
                                "Plan Rows": 90681,
                                "Plan Width": 0,
                                "Actual Startup Time": 18.011,
                                "Actual Total Time": 18.011,
                                "Actual Rows": 90852,
                                "Actual Loops": 1,
                                "Index Cond": "(kind_id = 2)"
                              }
                            ]
                          }
                        ]
                      }
                    ]
                  },
                  {
                    "Node Type": "Index Scan",
                    "Parent Relationship": "Inner",
                    "Parallel Aware": false,
                    "Scan Direction": "Forward",
                    "Index Name": "movie_id_movie_keyword",
                    "Relation Name": "movie_keyword",
                    "Alias": "mk",
                    "Startup Cost": 0.43,
                    "Total Cost": 1.4,
                    "Plan Rows": 37,
                    "Plan Width": 4,
                    "Actual Startup Time": 0.002,
                    "Actual Total Time": 0.003,
                    "Actual Rows": 4,
                    "Actual Loops": 78107,
                    "Index Cond": "(movie_id = mc.movie_id)",
                    "Rows Removed by Index Recheck": 0,
                    "Filter": "(keyword_id > 819)",
                    "Rows Removed by Filter": 2
                  }
                ]
              }
            ]
          }
        ]
      }
    ]
  },
  "Planning Time": 1.019,
  "Triggers": [],
  "Execution Time": 501.22
}