[
    {
        "Bao": {
            "Bao prediction": "NaN",
            "Bao recommended hint": "(no hint)"
        }
    },
    {
        "Plan": {
            "Node Type": "Aggregate",
            "Strategy": "Plain",
            "Partial Mode": "Finalize",
            "Parallel Aware": false,
            "Startup Cost": 33235.39,
            "Total Cost": 33235.4,
            "Plan Rows": 1,
            "Plan Width": 8,
            "Actual Startup Time": 94.717,
            "Actual Total Time": 100.623,
            "Actual Rows": 1,
            "Actual Loops": 1,
            "Output": [
                "count(*)"
            ],
            "Plans": [
                {
                    "Node Type": "Gather",
                    "Parent Relationship": "Outer",
                    "Parallel Aware": false,
                    "Startup Cost": 33235.07,
                    "Total Cost": 33235.38,
                    "Plan Rows": 3,
                    "Plan Width": 8,
                    "Actual Startup Time": 94.617,
                    "Actual Total Time": 100.615,
                    "Actual Rows": 4,
                    "Actual Loops": 1,
                    "Output": [
                        "(PARTIAL count(*))"
                    ],
                    "Workers Planned": 3,
                    "Workers Launched": 3,
                    "Single Copy": false,
                    "Plans": [
                        {
                            "Node Type": "Aggregate",
                            "Strategy": "Plain",
                            "Partial Mode": "Partial",
                            "Parent Relationship": "Outer",
                            "Parallel Aware": false,
                            "Startup Cost": 32235.07,
                            "Total Cost": 32235.08,
                            "Plan Rows": 1,
                            "Plan Width": 8,
                            "Actual Startup Time": 86.652,
                            "Actual Total Time": 86.653,
                            "Actual Rows": 1,
                            "Actual Loops": 4,
                            "Output": [
                                "PARTIAL count(*)"
                            ],
                            "Workers": [
                                {
                                    "Worker Number": 0,
                                    "Actual Startup Time": 83.741,
                                    "Actual Total Time": 83.742,
                                    "Actual Rows": 1,
                                    "Actual Loops": 1
                                },
                                {
                                    "Worker Number": 1,
                                    "Actual Startup Time": 84.172,
                                    "Actual Total Time": 84.173,
                                    "Actual Rows": 1,
                                    "Actual Loops": 1
                                },
                                {
                                    "Worker Number": 2,
                                    "Actual Startup Time": 84.452,
                                    "Actual Total Time": 84.453,
                                    "Actual Rows": 1,
                                    "Actual Loops": 1
                                }
                            ],
                            "Plans": [
                                {
                                    "Node Type": "Seq Scan",
                                    "Parent Relationship": "Outer",
                                    "Parallel Aware": true,
                                    "Relation Name": "movie_companies",
                                    "Schema": "public",
                                    "Alias": "mc",
                                    "Startup Cost": 0.0,
                                    "Total Cost": 31414.82,
                                    "Plan Rows": 328101,
                                    "Plan Width": 0,
                                    "Actual Startup Time": 40.779,
                                    "Actual Total Time": 75.115,
                                    "Actual Rows": 290587,
                                    "Actual Loops": 4,
                                    "Output": [
                                        "id",
                                        "movie_id",
                                        "company_id",
                                        "company_type_id",
                                        "note"
                                    ],
                                    "Filter": "((mc.company_id > 742) AND (mc.company_type_id = 2))",
                                    "Rows Removed by Filter": 361695,
                                    "Workers": [
                                        {
                                            "Worker Number": 0,
                                            "Actual Startup Time": 37.857,
                                            "Actual Total Time": 72.552,
                                            "Actual Rows": 277061,
                                            "Actual Loops": 1
                                        },
                                        {
                                            "Worker Number": 1,
                                            "Actual Startup Time": 38.304,
                                            "Actual Total Time": 72.81,
                                            "Actual Rows": 278896,
                                            "Actual Loops": 1
                                        },
                                        {
                                            "Worker Number": 2,
                                            "Actual Startup Time": 38.583,
                                            "Actual Total Time": 73.179,
                                            "Actual Rows": 276854,
                                            "Actual Loops": 1
                                        }
                                    ]
                                }
                            ]
                        }
                    ]
                }
            ]
        },
        "Planning Time": 184.483,
        "Triggers": [],
        "Execution Time": 100.714
    }
]