[
    {
        "Bao": {
            "Bao prediction": "NaN",
            "Bao recommended hint": "(no hint)"
        }
    },
    {
        "Plan": {
            "Node Type": "Aggregate",
            "Strategy": "Plain",
            "Partial Mode": "Finalize",
            "Parallel Aware": false,
            "Startup Cost": 397536.89,
            "Total Cost": 397536.9,
            "Plan Rows": 1,
            "Plan Width": 8,
            "Actual Startup Time": 2271.882,
            "Actual Total Time": 2304.84,
            "Actual Rows": 1,
            "Actual Loops": 1,
            "Output": [
                "count(*)"
            ],
            "Plans": [
                {
                    "Node Type": "Gather",
                    "Parent Relationship": "Outer",
                    "Parallel Aware": false,
                    "Startup Cost": 397536.26,
                    "Total Cost": 397536.87,
                    "Plan Rows": 6,
                    "Plan Width": 8,
                    "Actual Startup Time": 2262.711,
                    "Actual Total Time": 2304.829,
                    "Actual Rows": 7,
                    "Actual Loops": 1,
                    "Output": [
                        "(PARTIAL count(*))"
                    ],
                    "Workers Planned": 6,
                    "Workers Launched": 6,
                    "Single Copy": false,
                    "Plans": [
                        {
                            "Node Type": "Aggregate",
                            "Strategy": "Plain",
                            "Partial Mode": "Partial",
                            "Parent Relationship": "Outer",
                            "Parallel Aware": false,
                            "Startup Cost": 396536.26,
                            "Total Cost": 396536.27,
                            "Plan Rows": 1,
                            "Plan Width": 8,
                            "Actual Startup Time": 2247.884,
                            "Actual Total Time": 2247.887,
                            "Actual Rows": 1,
                            "Actual Loops": 7,
                            "Output": [
                                "PARTIAL count(*)"
                            ],
                            "Workers": [
                                {
                                    "Worker Number": 0,
                                    "Actual Startup Time": 2245.317,
                                    "Actual Total Time": 2245.319,
                                    "Actual Rows": 1,
                                    "Actual Loops": 1
                                },
                                {
                                    "Worker Number": 1,
                                    "Actual Startup Time": 2245.313,
                                    "Actual Total Time": 2245.316,
                                    "Actual Rows": 1,
                                    "Actual Loops": 1
                                },
                                {
                                    "Worker Number": 2,
                                    "Actual Startup Time": 2245.337,
                                    "Actual Total Time": 2245.339,
                                    "Actual Rows": 1,
                                    "Actual Loops": 1
                                },
                                {
                                    "Worker Number": 3,
                                    "Actual Startup Time": 2245.446,
                                    "Actual Total Time": 2245.449,
                                    "Actual Rows": 1,
                                    "Actual Loops": 1
                                },
                                {
                                    "Worker Number": 4,
                                    "Actual Startup Time": 2246.415,
                                    "Actual Total Time": 2246.418,
                                    "Actual Rows": 1,
                                    "Actual Loops": 1
                                },
                                {
                                    "Worker Number": 5,
                                    "Actual Startup Time": 2245.402,
                                    "Actual Total Time": 2245.405,
                                    "Actual Rows": 1,
                                    "Actual Loops": 1
                                }
                            ],
                            "Plans": [
                                {
                                    "Node Type": "Hash Join",
                                    "Parent Relationship": "Outer",
                                    "Parallel Aware": true,
                                    "Join Type": "Inner",
                                    "Startup Cost": 47847.38,
                                    "Total Cost": 389933.75,
                                    "Plan Rows": 2641005,
                                    "Plan Width": 0,
                                    "Actual Startup Time": 172.617,
                                    "Actual Total Time": 2135.466,
                                    "Actual Rows": 2220400,
                                    "Actual Loops": 7,
                                    "Inner Unique": true,
                                    "Hash Cond": "(ci.movie_id = t.id)",
                                    "Workers": [
                                        {
                                            "Worker Number": 0,
                                            "Actual Startup Time": 170.255,
                                            "Actual Total Time": 2124.296,
                                            "Actual Rows": 1879412,
                                            "Actual Loops": 1
                                        },
                                        {
                                            "Worker Number": 1,
                                            "Actual Startup Time": 170.292,
                                            "Actual Total Time": 2136.613,
                                            "Actual Rows": 2319004,
                                            "Actual Loops": 1
                                        },
                                        {
                                            "Worker Number": 2,
                                            "Actual Startup Time": 170.187,
                                            "Actual Total Time": 2139.119,
                                            "Actual Rows": 2400690,
                                            "Actual Loops": 1
                                        },
                                        {
                                            "Worker Number": 3,
                                            "Actual Startup Time": 170.379,
                                            "Actual Total Time": 2136.467,
                                            "Actual Rows": 2334508,
                                            "Actual Loops": 1
                                        },
                                        {
                                            "Worker Number": 4,
                                            "Actual Startup Time": 171.279,
                                            "Actual Total Time": 2138.758,
                                            "Actual Rows": 2264121,
                                            "Actual Loops": 1
                                        },
                                        {
                                            "Worker Number": 5,
                                            "Actual Startup Time": 170.308,
                                            "Actual Total Time": 2137.378,
                                            "Actual Rows": 2461788,
                                            "Actual Loops": 1
                                        }
                                    ],
                                    "Plans": [
                                        {
                                            "Node Type": "Seq Scan",
                                            "Parent Relationship": "Outer",
                                            "Parallel Aware": true,
                                            "Relation Name": "cast_info",
                                            "Schema": "public",
                                            "Alias": "ci",
                                            "Startup Cost": 0.0,
                                            "Total Cost": 328213.62,
                                            "Plan Rows": 5284849,
                                            "Plan Width": 4,
                                            "Actual Startup Time": 0.027,
                                            "Actual Total Time": 698.425,
                                            "Actual Rows": 4515030,
                                            "Actual Loops": 7,
                                            "Output": [
                                                "ci.id",
                                                "ci.person_id",
                                                "ci.movie_id",
                                                "ci.person_role_id",
                                                "ci.note",
                                                "ci.nr_order",
                                                "ci.role_id"
                                            ],
                                            "Filter": "(ci.role_id < 10)",
                                            "Rows Removed by Filter": 662734,
                                            "Workers": [
                                                {
                                                    "Worker Number": 0,
                                                    "Actual Startup Time": 0.034,
                                                    "Actual Total Time": 753.854,
                                                    "Actual Rows": 3803409,
                                                    "Actual Loops": 1
                                                },
                                                {
                                                    "Worker Number": 1,
                                                    "Actual Startup Time": 0.027,
                                                    "Actual Total Time": 682.277,
                                                    "Actual Rows": 4715981,
                                                    "Actual Loops": 1
                                                },
                                                {
                                                    "Worker Number": 2,
                                                    "Actual Startup Time": 0.029,
                                                    "Actual Total Time": 699.931,
                                                    "Actual Rows": 4896452,
                                                    "Actual Loops": 1
                                                },
                                                {
                                                    "Worker Number": 3,
                                                    "Actual Startup Time": 0.026,
                                                    "Actual Total Time": 688.213,
                                                    "Actual Rows": 4764117,
                                                    "Actual Loops": 1
                                                },
                                                {
                                                    "Worker Number": 4,
                                                    "Actual Startup Time": 0.026,
                                                    "Actual Total Time": 688.197,
                                                    "Actual Rows": 4625489,
                                                    "Actual Loops": 1
                                                },
                                                {
                                                    "Worker Number": 5,
                                                    "Actual Startup Time": 0.03,
                                                    "Actual Total Time": 701.408,
                                                    "Actual Rows": 4975297,
                                                    "Actual Loops": 1
                                                }
                                            ]
                                        },
                                        {
                                            "Node Type": "Hash",
                                            "Parent Relationship": "Inner",
                                            "Parallel Aware": true,
                                            "Startup Cost": 43899.01,
                                            "Total Cost": 43899.01,
                                            "Plan Rows": 315870,
                                            "Plan Width": 4,
                                            "Actual Startup Time": 167.541,
                                            "Actual Total Time": 167.542,
                                            "Actual Rows": 180529,
                                            "Actual Loops": 7,
                                            "Output": [
                                                "t.id"
                                            ],
                                            "Hash Buckets": 2097152,
                                            "Original Hash Buckets": 2097152,
                                            "Hash Batches": 1,
                                            "Original Hash Batches": 1,
                                            "Peak Memory Usage": 65920,
                                            "Workers": [
                                                {
                                                    "Worker Number": 0,
                                                    "Actual Startup Time": 169.198,
                                                    "Actual Total Time": 169.199,
                                                    "Actual Rows": 137196,
                                                    "Actual Loops": 1
                                                },
                                                {
                                                    "Worker Number": 1,
                                                    "Actual Startup Time": 169.203,
                                                    "Actual Total Time": 169.204,
                                                    "Actual Rows": 183177,
                                                    "Actual Loops": 1
                                                },
                                                {
                                                    "Worker Number": 2,
                                                    "Actual Startup Time": 169.369,
                                                    "Actual Total Time": 169.37,
                                                    "Actual Rows": 182861,
                                                    "Actual Loops": 1
                                                },
                                                {
                                                    "Worker Number": 3,
                                                    "Actual Startup Time": 169.371,
                                                    "Actual Total Time": 169.372,
                                                    "Actual Rows": 185533,
                                                    "Actual Loops": 1
                                                },
                                                {
                                                    "Worker Number": 4,
                                                    "Actual Startup Time": 170.794,
                                                    "Actual Total Time": 170.795,
                                                    "Actual Rows": 187381,
                                                    "Actual Loops": 1
                                                },
                                                {
                                                    "Worker Number": 5,
                                                    "Actual Startup Time": 169.276,
                                                    "Actual Total Time": 169.277,
                                                    "Actual Rows": 184142,
                                                    "Actual Loops": 1
                                                }
                                            ],
                                            "Plans": [
                                                {
                                                    "Node Type": "Seq Scan",
                                                    "Parent Relationship": "Outer",
                                                    "Parallel Aware": true,
                                                    "Relation Name": "title",
                                                    "Schema": "public",
                                                    "Alias": "t",
                                                    "Startup Cost": 0.0,
                                                    "Total Cost": 43899.01,
                                                    "Plan Rows": 315870,
                                                    "Plan Width": 4,
                                                    "Actual Startup Time": 0.04,
                                                    "Actual Total Time": 77.051,
                                                    "Actual Rows": 180529,
                                                    "Actual Loops": 7,
                                                    "Output": [
                                                        "t.id"
                                                    ],
                                                    "Filter": "(t.production_year < 2004)",
                                                    "Rows Removed by Filter": 180659,
                                                    "Workers": [
                                                        {
                                                            "Worker Number": 0,
                                                            "Actual Startup Time": 0.061,
                                                            "Actual Total Time": 79.919,
                                                            "Actual Rows": 137196,
                                                            "Actual Loops": 1
                                                        },
                                                        {
                                                            "Worker Number": 1,
                                                            "Actual Startup Time": 0.028,
                                                            "Actual Total Time": 77.576,
                                                            "Actual Rows": 183177,
                                                            "Actual Loops": 1
                                                        },
                                                        {
                                                            "Worker Number": 2,
                                                            "Actual Startup Time": 0.046,
                                                            "Actual Total Time": 77.266,
                                                            "Actual Rows": 182861,
                                                            "Actual Loops": 1
                                                        },
                                                        {
                                                            "Worker Number": 3,
                                                            "Actual Startup Time": 0.048,
                                                            "Actual Total Time": 78.222,
                                                            "Actual Rows": 185533,
                                                            "Actual Loops": 1
                                                        },
                                                        {
                                                            "Worker Number": 4,
                                                            "Actual Startup Time": 0.026,
                                                            "Actual Total Time": 79.064,
                                                            "Actual Rows": 187381,
                                                            "Actual Loops": 1
                                                        },
                                                        {
                                                            "Worker Number": 5,
                                                            "Actual Startup Time": 0.057,
                                                            "Actual Total Time": 77.908,
                                                            "Actual Rows": 184142,
                                                            "Actual Loops": 1
                                                        }
                                                    ]
                                                }
                                            ]
                                        }
                                    ]
                                }
                            ]
                        }
                    ]
                }
            ]
        },
        "Planning Time": 300.004,
        "Triggers": [],
        "Execution Time": 2304.939
    }
]