[
    {
        "Bao": {
            "Bao prediction": "NaN",
            "Bao recommended hint": "(no hint)"
        }
    },
    {
        "Plan": {
            "Node Type": "Aggregate",
            "Strategy": "Plain",
            "Partial Mode": "Finalize",
            "Parallel Aware": false,
            "Startup Cost": 227732.7,
            "Total Cost": 227732.71,
            "Plan Rows": 1,
            "Plan Width": 8,
            "Actual Startup Time": 161.535,
            "Actual Total Time": 172.159,
            "Actual Rows": 1,
            "Actual Loops": 1,
            "Output": [
                "count(*)"
            ],
            "Plans": [
                {
                    "Node Type": "Gather",
                    "Parent Relationship": "Outer",
                    "Parallel Aware": false,
                    "Startup Cost": 227732.18,
                    "Total Cost": 227732.69,
                    "Plan Rows": 5,
                    "Plan Width": 8,
                    "Actual Startup Time": 161.195,
                    "Actual Total Time": 172.151,
                    "Actual Rows": 6,
                    "Actual Loops": 1,
                    "Output": [
                        "(PARTIAL count(*))"
                    ],
                    "Workers Planned": 5,
                    "Workers Launched": 5,
                    "Single Copy": false,
                    "Plans": [
                        {
                            "Node Type": "Aggregate",
                            "Strategy": "Plain",
                            "Partial Mode": "Partial",
                            "Parent Relationship": "Outer",
                            "Parallel Aware": false,
                            "Startup Cost": 226732.18,
                            "Total Cost": 226732.19,
                            "Plan Rows": 1,
                            "Plan Width": 8,
                            "Actual Startup Time": 150.535,
                            "Actual Total Time": 150.538,
                            "Actual Rows": 1,
                            "Actual Loops": 6,
                            "Output": [
                                "PARTIAL count(*)"
                            ],
                            "Workers": [
                                {
                                    "Worker Number": 0,
                                    "Actual Startup Time": 148.208,
                                    "Actual Total Time": 148.212,
                                    "Actual Rows": 1,
                                    "Actual Loops": 1
                                },
                                {
                                    "Worker Number": 1,
                                    "Actual Startup Time": 148.234,
                                    "Actual Total Time": 148.238,
                                    "Actual Rows": 1,
                                    "Actual Loops": 1
                                },
                                {
                                    "Worker Number": 2,
                                    "Actual Startup Time": 148.534,
                                    "Actual Total Time": 148.537,
                                    "Actual Rows": 1,
                                    "Actual Loops": 1
                                },
                                {
                                    "Worker Number": 3,
                                    "Actual Startup Time": 148.736,
                                    "Actual Total Time": 148.739,
                                    "Actual Rows": 1,
                                    "Actual Loops": 1
                                },
                                {
                                    "Worker Number": 4,
                                    "Actual Startup Time": 149.164,
                                    "Actual Total Time": 149.168,
                                    "Actual Rows": 1,
                                    "Actual Loops": 1
                                }
                            ],
                            "Plans": [
                                {
                                    "Node Type": "Nested Loop",
                                    "Parent Relationship": "Outer",
                                    "Parallel Aware": false,
                                    "Join Type": "Inner",
                                    "Startup Cost": 58079.07,
                                    "Total Cost": 226704.8,
                                    "Plan Rows": 10950,
                                    "Plan Width": 0,
                                    "Actual Startup Time": 98.626,
                                    "Actual Total Time": 149.898,
                                    "Actual Rows": 8734,
                                    "Actual Loops": 6,
                                    "Inner Unique": false,
                                    "Join Filter": "(t.id = ci.movie_id)",
                                    "Rows Removed by Join Filter": 0,
                                    "Workers": [
                                        {
                                            "Worker Number": 0,
                                            "Actual Startup Time": 96.235,
                                            "Actual Total Time": 147.553,
                                            "Actual Rows": 7439,
                                            "Actual Loops": 1
                                        },
                                        {
                                            "Worker Number": 1,
                                            "Actual Startup Time": 96.41,
                                            "Actual Total Time": 147.69,
                                            "Actual Rows": 5843,
                                            "Actual Loops": 1
                                        },
                                        {
                                            "Worker Number": 2,
                                            "Actual Startup Time": 96.799,
                                            "Actual Total Time": 147.887,
                                            "Actual Rows": 7141,
                                            "Actual Loops": 1
                                        },
                                        {
                                            "Worker Number": 3,
                                            "Actual Startup Time": 96.993,
                                            "Actual Total Time": 148.174,
                                            "Actual Rows": 6055,
                                            "Actual Loops": 1
                                        },
                                        {
                                            "Worker Number": 4,
                                            "Actual Startup Time": 97.027,
                                            "Actual Total Time": 148.435,
                                            "Actual Rows": 8819,
                                            "Actual Loops": 1
                                        }
                                    ],
                                    "Plans": [
                                        {
                                            "Node Type": "Hash Join",
                                            "Parent Relationship": "Outer",
                                            "Parallel Aware": true,
                                            "Join Type": "Inner",
                                            "Startup Cost": 58078.5,
                                            "Total Cost": 222161.87,
                                            "Plan Rows": 1179,
                                            "Plan Width": 8,
                                            "Actual Startup Time": 98.394,
                                            "Actual Total Time": 125.532,
                                            "Actual Rows": 420,
                                            "Actual Loops": 6,
                                            "Output": [
                                                "t.id",
                                                "mi.movie_id"
                                            ],
                                            "Inner Unique": true,
                                            "Hash Cond": "(mi.movie_id = t.id)",
                                            "Workers": [
                                                {
                                                    "Worker Number": 0,
                                                    "Actual Startup Time": 96.01,
                                                    "Actual Total Time": 120.753,
                                                    "Actual Rows": 353,
                                                    "Actual Loops": 1
                                                },
                                                {
                                                    "Worker Number": 1,
                                                    "Actual Startup Time": 96.167,
                                                    "Actual Total Time": 123.3,
                                                    "Actual Rows": 285,
                                                    "Actual Loops": 1
                                                },
                                                {
                                                    "Worker Number": 2,
                                                    "Actual Startup Time": 96.526,
                                                    "Actual Total Time": 122.718,
                                                    "Actual Rows": 247,
                                                    "Actual Loops": 1
                                                },
                                                {
                                                    "Worker Number": 3,
                                                    "Actual Startup Time": 96.729,
                                                    "Actual Total Time": 123.931,
                                                    "Actual Rows": 298,
                                                    "Actual Loops": 1
                                                },
                                                {
                                                    "Worker Number": 4,
                                                    "Actual Startup Time": 96.687,
                                                    "Actual Total Time": 120.757,
                                                    "Actual Rows": 369,
                                                    "Actual Loops": 1
                                                }
                                            ],
                                            "Plans": [
                                                {
                                                    "Node Type": "Bitmap Heap Scan",
                                                    "Parent Relationship": "Outer",
                                                    "Parallel Aware": true,
                                                    "Relation Name": "movie_info",
                                                    "Schema": "public",
                                                    "Alias": "mi",
                                                    "Startup Cost": 12531.92,
                                                    "Total Cost": 176252.49,
                                                    "Plan Rows": 138206,
                                                    "Plan Width": 4,
                                                    "Actual Startup Time": 20.051,
                                                    "Actual Total Time": 36.033,
                                                    "Actual Rows": 110154,
                                                    "Actual Loops": 6,
                                                    "Output": [
                                                        "mi.id",
                                                        "mi.movie_id",
                                                        "mi.info_type_id",
                                                        "mi.info",
                                                        "mi.note"
                                                    ],
                                                    "Recheck Cond": "(mi.info_type_id = 18)",
                                                    "Rows Removed by Index Recheck": 0,
                                                    "Exact Heap Blocks": 1786,
                                                    "Lossy Heap Blocks": 0,
                                                    "Workers": [
                                                        {
                                                            "Worker Number": 0,
                                                            "Actual Startup Time": 19.919,
                                                            "Actual Total Time": 34.843,
                                                            "Actual Rows": 94873,
                                                            "Actual Loops": 1
                                                        },
                                                        {
                                                            "Worker Number": 1,
                                                            "Actual Startup Time": 20.034,
                                                            "Actual Total Time": 36.316,
                                                            "Actual Rows": 104780,
                                                            "Actual Loops": 1
                                                        },
                                                        {
                                                            "Worker Number": 2,
                                                            "Actual Startup Time": 20.11,
                                                            "Actual Total Time": 35.578,
                                                            "Actual Rows": 101844,
                                                            "Actual Loops": 1
                                                        },
                                                        {
                                                            "Worker Number": 3,
                                                            "Actual Startup Time": 20.309,
                                                            "Actual Total Time": 36.286,
                                                            "Actual Rows": 103495,
                                                            "Actual Loops": 1
                                                        },
                                                        {
                                                            "Worker Number": 4,
                                                            "Actual Startup Time": 20.077,
                                                            "Actual Total Time": 34.611,
                                                            "Actual Rows": 93578,
                                                            "Actual Loops": 1
                                                        }
                                                    ],
                                                    "Plans": [
                                                        {
                                                            "Node Type": "Bitmap Index Scan",
                                                            "Parent Relationship": "Outer",
                                                            "Parallel Aware": false,
                                                            "Index Name": "info_type_id_movie_info",
                                                            "Startup Cost": 0.0,
                                                            "Total Cost": 12359.16,
                                                            "Plan Rows": 691030,
                                                            "Plan Width": 0,
                                                            "Actual Startup Time": 18.959,
                                                            "Actual Total Time": 18.96,
                                                            "Actual Rows": 660923,
                                                            "Actual Loops": 1,
                                                            "Index Cond": "(mi.info_type_id = 18)"
                                                        }
                                                    ]
                                                },
                                                {
                                                    "Node Type": "Hash",
                                                    "Parent Relationship": "Inner",
                                                    "Parallel Aware": true,
                                                    "Startup Cost": 45479.21,
                                                    "Total Cost": 45479.21,
                                                    "Plan Rows": 5390,
                                                    "Plan Width": 4,
                                                    "Actual Startup Time": 77.357,
                                                    "Actual Total Time": 77.358,
                                                    "Actual Rows": 4050,
                                                    "Actual Loops": 6,
                                                    "Output": [
                                                        "t.id"
                                                    ],
                                                    "Hash Buckets": 32768,
                                                    "Original Hash Buckets": 32768,
                                                    "Hash Batches": 1,
                                                    "Original Hash Batches": 1,
                                                    "Peak Memory Usage": 1280,
                                                    "Workers": [
                                                        {
                                                            "Worker Number": 0,
                                                            "Actual Startup Time": 75.148,
                                                            "Actual Total Time": 75.149,
                                                            "Actual Rows": 3267,
                                                            "Actual Loops": 1
                                                        },
                                                        {
                                                            "Worker Number": 1,
                                                            "Actual Startup Time": 75.173,
                                                            "Actual Total Time": 75.173,
                                                            "Actual Rows": 3386,
                                                            "Actual Loops": 1
                                                        },
                                                        {
                                                            "Worker Number": 2,
                                                            "Actual Startup Time": 75.47,
                                                            "Actual Total Time": 75.471,
                                                            "Actual Rows": 3116,
                                                            "Actual Loops": 1
                                                        },
                                                        {
                                                            "Worker Number": 3,
                                                            "Actual Startup Time": 75.604,
                                                            "Actual Total Time": 75.605,
                                                            "Actual Rows": 3015,
                                                            "Actual Loops": 1
                                                        },
                                                        {
                                                            "Worker Number": 4,
                                                            "Actual Startup Time": 76.045,
                                                            "Actual Total Time": 76.046,
                                                            "Actual Rows": 3429,
                                                            "Actual Loops": 1
                                                        }
                                                    ],
                                                    "Plans": [
                                                        {
                                                            "Node Type": "Seq Scan",
                                                            "Parent Relationship": "Outer",
                                                            "Parallel Aware": true,
                                                            "Relation Name": "title",
                                                            "Schema": "public",
                                                            "Alias": "t",
                                                            "Startup Cost": 0.0,
                                                            "Total Cost": 45479.21,
                                                            "Plan Rows": 5390,
                                                            "Plan Width": 4,
                                                            "Actual Startup Time": 0.081,
                                                            "Actual Total Time": 75.07,
                                                            "Actual Rows": 4050,
                                                            "Actual Loops": 6,
                                                            "Output": [
                                                                "t.id"
                                                            ],
                                                            "Filter": "((t.kind_id = 7) AND (t.production_year = 1996))",
                                                            "Rows Removed by Filter": 417335,
                                                            "Workers": [
                                                                {
                                                                    "Worker Number": 0,
                                                                    "Actual Startup Time": 0.16,
                                                                    "Actual Total Time": 73.059,
                                                                    "Actual Rows": 3267,
                                                                    "Actual Loops": 1
                                                                },
                                                                {
                                                                    "Worker Number": 1,
                                                                    "Actual Startup Time": 0.06,
                                                                    "Actual Total Time": 73.071,
                                                                    "Actual Rows": 3386,
                                                                    "Actual Loops": 1
                                                                },
                                                                {
                                                                    "Worker Number": 2,
                                                                    "Actual Startup Time": 0.049,
                                                                    "Actual Total Time": 73.266,
                                                                    "Actual Rows": 3116,
                                                                    "Actual Loops": 1
                                                                },
                                                                {
                                                                    "Worker Number": 3,
                                                                    "Actual Startup Time": 0.109,
                                                                    "Actual Total Time": 73.128,
                                                                    "Actual Rows": 3015,
                                                                    "Actual Loops": 1
                                                                },
                                                                {
                                                                    "Worker Number": 4,
                                                                    "Actual Startup Time": 0.053,
                                                                    "Actual Total Time": 73.858,
                                                                    "Actual Rows": 3429,
                                                                    "Actual Loops": 1
                                                                }
                                                            ]
                                                        }
                                                    ]
                                                }
                                            ]
                                        },
                                        {
                                            "Node Type": "Index Scan",
                                            "Parent Relationship": "Inner",
                                            "Parallel Aware": false,
                                            "Scan Direction": "Forward",
                                            "Index Name": "movie_id_cast_info",
                                            "Relation Name": "cast_info",
                                            "Schema": "public",
                                            "Alias": "ci",
                                            "Startup Cost": 0.56,
                                            "Total Cost": 3.54,
                                            "Plan Rows": 25,
                                            "Plan Width": 4,
                                            "Actual Startup Time": 0.024,
                                            "Actual Total Time": 0.055,
                                            "Actual Rows": 21,
                                            "Actual Loops": 2522,
                                            "Output": [
                                                "ci.id",
                                                "ci.person_id",
                                                "ci.movie_id",
                                                "ci.person_role_id",
                                                "ci.note",
                                                "ci.nr_order",
                                                "ci.role_id"
                                            ],
                                            "Index Cond": "(ci.movie_id = mi.movie_id)",
                                            "Rows Removed by Index Recheck": 0,
                                            "Filter": "(ci.role_id > 1)",
                                            "Rows Removed by Filter": 8,
                                            "Workers": [
                                                {
                                                    "Worker Number": 0,
                                                    "Actual Startup Time": 0.031,
                                                    "Actual Total Time": 0.073,
                                                    "Actual Rows": 21,
                                                    "Actual Loops": 353
                                                },
                                                {
                                                    "Worker Number": 1,
                                                    "Actual Startup Time": 0.038,
                                                    "Actual Total Time": 0.083,
                                                    "Actual Rows": 21,
                                                    "Actual Loops": 285
                                                },
                                                {
                                                    "Worker Number": 2,
                                                    "Actual Startup Time": 0.041,
                                                    "Actual Total Time": 0.098,
                                                    "Actual Rows": 29,
                                                    "Actual Loops": 247
                                                },
                                                {
                                                    "Worker Number": 3,
                                                    "Actual Startup Time": 0.034,
                                                    "Actual Total Time": 0.078,
                                                    "Actual Rows": 20,
                                                    "Actual Loops": 298
                                                },
                                                {
                                                    "Worker Number": 4,
                                                    "Actual Startup Time": 0.03,
                                                    "Actual Total Time": 0.072,
                                                    "Actual Rows": 24,
                                                    "Actual Loops": 369
                                                }
                                            ]
                                        }
                                    ]
                                }
                            ]
                        }
                    ]
                }
            ]
        },
        "Planning Time": 187.334,
        "Triggers": [],
        "Execution Time": 172.285
    }
]