[
  {
    "Plan": {
      "Node Type": "Aggregate",
      "Strategy": "Plain",
      "Partial Mode": "Finalize",
      "Parallel Aware": false,
      "Startup Cost": 288686.14,
      "Total Cost": 288686.15,
      "Plan Rows": 1,
      "Plan Width": 8,
      "Actual Startup Time": 1038.756,
      "Actual Total Time": 1086.046,
      "Actual Rows": 1,
      "Actual Loops": 1,
      "Plans": [
        {
          "Node Type": "Gather",
          "Parent Relationship": "Outer",
          "Parallel Aware": false,
          "Startup Cost": 288685.62,
          "Total Cost": 288686.13,
          "Plan Rows": 5,
          "Plan Width": 8,
          "Actual Startup Time": 1032.902,
          "Actual Total Time": 1086.035,
          "Actual Rows": 6,
          "Actual Loops": 1,
          "Workers Planned": 5,
          "Workers Launched": 5,
          "Single Copy": false,
          "Plans": [
            {
              "Node Type": "Aggregate",
              "Strategy": "Plain",
              "Partial Mode": "Partial",
              "Parent Relationship": "Outer",
              "Parallel Aware": false,
              "Startup Cost": 287685.62,
              "Total Cost": 287685.63,
              "Plan Rows": 1,
              "Plan Width": 8,
              "Actual Startup Time": 1022.843,
              "Actual Total Time": 1022.914,
              "Actual Rows": 1,
              "Actual Loops": 6,
              "Plans": [
                {
                  "Node Type": "Hash Join",
                  "Parent Relationship": "Outer",
                  "Parallel Aware": true,
                  "Join Type": "Inner",
                  "Startup Cost": 81589.7,
                  "Total Cost": 285961.7,
                  "Plan Rows": 689568,
                  "Plan Width": 0,
                  "Actual Startup Time": 275.368,
                  "Actual Total Time": 984.574,
                  "Actual Rows": 821324,
                  "Actual Loops": 6,
                  "Inner Unique": false,
                  "Hash Cond": "(mi.movie_id = t.id)",
                  "Plans": [
                    {
                      "Node Type": "Seq Scan",
                      "Parent Relationship": "Outer",
                      "Parallel Aware": true,
                      "Relation Name": "movie_info",
                      "Alias": "mi",
                      "Startup Cost": 0.0,
                      "Total Cost": 191560.33,
                      "Plan Rows": 2956733,
                      "Plan Width": 4,
                      "Actual Startup Time": 0.034,
                      "Actual Total Time": 295.734,
                      "Actual Rows": 2472620,
                      "Actual Loops": 6
                    },
                    {
                      "Node Type": "Hash",
                      "Parent Relationship": "Inner",
                      "Parallel Aware": true,
                      "Startup Cost": 79747.05,
                      "Total Cost": 79747.05,
                      "Plan Rows": 147412,
                      "Plan Width": 8,
                      "Actual Startup Time": 270.535,
                      "Actual Total Time": 270.604,
                      "Actual Rows": 62962,
                      "Actual Loops": 6,
                      "Hash Buckets": 1048576,
                      "Original Hash Buckets": 1048576,
                      "Hash Batches": 1,
                      "Original Hash Batches": 1,
                      "Peak Memory Usage": 23072,
                      "Plans": [
                        {
                          "Node Type": "Hash Join",
                          "Parent Relationship": "Outer",
                          "Parallel Aware": true,
                          "Join Type": "Inner",
                          "Startup Cost": 33792.43,
                          "Total Cost": 79747.05,
                          "Plan Rows": 147412,
                          "Plan Width": 8,
                          "Actual Startup Time": 95.65,
                          "Actual Total Time": 242.26,
                          "Actual Rows": 62962,
                          "Actual Loops": 6,
                          "Inner Unique": false,
                          "Hash Cond": "(t.id = mc.movie_id)",
                          "Plans": [
                            {
                              "Node Type": "Seq Scan",
                              "Parent Relationship": "Outer",
                              "Parallel Aware": true,
                              "Relation Name": "title",
                              "Alias": "t",
                              "Startup Cost": 0.0,
                              "Total Cost": 42318.73,
                              "Plan Rows": 632073,
                              "Plan Width": 4,
                              "Actual Startup Time": 0.01,
                              "Actual Total Time": 58.649,
                              "Actual Rows": 421385,
                              "Actual Loops": 6
                            },
                            {
                              "Node Type": "Hash",
                              "Parent Relationship": "Inner",
                              "Parallel Aware": true,
                              "Startup Cost": 31414.82,
                              "Total Cost": 31414.82,
                              "Plan Rows": 190209,
                              "Plan Width": 4,
                              "Actual Startup Time": 93.906,
                              "Actual Total Time": 93.907,
                              "Actual Rows": 62962,
                              "Actual Loops": 6,
                              "Hash Buckets": 1048576,
                              "Original Hash Buckets": 1048576,
                              "Hash Batches": 1,
                              "Original Hash Batches": 1,
                              "Peak Memory Usage": 23040,
                              "Plans": [
                                {
                                  "Node Type": "Seq Scan",
                                  "Parent Relationship": "Outer",
                                  "Parallel Aware": true,
                                  "Relation Name": "movie_companies",
                                  "Alias": "mc",
                                  "Startup Cost": 0.0,
                                  "Total Cost": 31414.82,
                                  "Plan Rows": 190209,
                                  "Plan Width": 4,
                                  "Actual Startup Time": 41.98,
                                  "Actual Total Time": 65.924,
                                  "Actual Rows": 62962,
                                  "Actual Loops": 6,
                                  "Filter": "((company_id < 9366) AND (company_type_id = 2))",
                                  "Rows Removed by Filter": 371893
                                }
                              ]
                            }
                          ]
                        }
                      ]
                    }
                  ]
                }
              ]
            }
          ]
        }
      ]
    },
    "Planning Time": 1.455,
    "Triggers": [],
    "Execution Time": 1086.142
  }
]