{
  "Plan": {
    "Node Type": "Aggregate",
    "Strategy": "Plain",
    "Partial Mode": "Finalize",
    "Parallel Aware": false,
    "Startup Cost": 80086.68,
    "Total Cost": 80086.69,
    "Plan Rows": 1,
    "Plan Width": 8,
    "Actual Startup Time": 272.3,
    "Actual Total Time": 284.053,
    "Actual Rows": 1,
    "Actual Loops": 1,
    "Plans": [
      {
        "Node Type": "Gather",
        "Parent Relationship": "Outer",
        "Parallel Aware": false,
        "Startup Cost": 80086.57,
        "Total Cost": 80086.68,
        "Plan Rows": 1,
        "Plan Width": 8,
        "Actual Startup Time": 271.739,
        "Actual Total Time": 284.045,
        "Actual Rows": 2,
        "Actual Loops": 1,
        "Workers Planned": 1,
        "Workers Launched": 1,
        "Single Copy": false,
        "Plans": [
          {
            "Node Type": "Aggregate",
            "Strategy": "Plain",
            "Partial Mode": "Partial",
            "Parent Relationship": "Outer",
            "Parallel Aware": false,
            "Startup Cost": 79086.57,
            "Total Cost": 79086.58,
            "Plan Rows": 1,
            "Plan Width": 8,
            "Actual Startup Time": 265.7,
            "Actual Total Time": 265.704,
            "Actual Rows": 1,
            "Actual Loops": 2,
            "Plans": [
              {
                "Node Type": "Hash Join",
                "Parent Relationship": "Outer",
                "Parallel Aware": true,
                "Join Type": "Inner",
                "Startup Cost": 39473.68,
                "Total Cost": 79027.84,
                "Plan Rows": 23492,
                "Plan Width": 0,
                "Actual Startup Time": 115.22,
                "Actual Total Time": 262.537,
                "Actual Rows": 61676,
                "Actual Loops": 2,
                "Inner Unique": true,
                "Hash Cond": "(mc.movie_id = t.id)",
                "Plans": [
                  {
                    "Node Type": "Seq Scan",
                    "Parent Relationship": "Outer",
                    "Parallel Aware": true,
                    "Relation Name": "movie_companies",
                    "Alias": "mc",
                    "Startup Cost": 0.0,
                    "Total Cost": 37974.77,
                    "Plan Rows": 601673,
                    "Plan Width": 4,
                    "Actual Startup Time": 0.016,
                    "Actual Total Time": 127.307,
                    "Actual Rows": 511026,
                    "Actual Loops": 2,
                    "Filter": "(company_id < 5427)",
                    "Rows Removed by Filter": 793539
                  },
                  {
                    "Node Type": "Hash",
                    "Parent Relationship": "Inner",
                    "Parallel Aware": true,
                    "Startup Cost": 38747.81,
                    "Total Cost": 38747.81,
                    "Plan Rows": 58069,
                    "Plan Width": 4,
                    "Actual Startup Time": 65.846,
                    "Actual Total Time": 65.848,
                    "Actual Rows": 50229,
                    "Actual Loops": 2,
                    "Hash Buckets": 131072,
                    "Original Hash Buckets": 131072,
                    "Hash Batches": 1,
                    "Original Hash Batches": 1,
                    "Peak Memory Usage": 4992,
                    "Plans": [
                      {
                        "Node Type": "Bitmap Heap Scan",
                        "Parent Relationship": "Outer",
                        "Parallel Aware": true,
                        "Relation Name": "title",
                        "Alias": "t",
                        "Startup Cost": 1847.81,
                        "Total Cost": 38747.81,
                        "Plan Rows": 58069,
                        "Plan Width": 4,
                        "Actual Startup Time": 16.257,
                        "Actual Total Time": 53.643,
                        "Actual Rows": 50229,
                        "Actual Loops": 2,
                        "Recheck Cond": "(kind_id = 3)",
                        "Rows Removed by Index Recheck": 0,
                        "Filter": "(production_year > 1907)",
                        "Rows Removed by Filter": 40,
                        "Exact Heap Blocks": 10261,
                        "Lossy Heap Blocks": 0,
                        "Plans": [
                          {
                            "Node Type": "Bitmap Index Scan",
                            "Parent Relationship": "Outer",
                            "Parallel Aware": false,
                            "Index Name": "kind_id_title",
                            "Startup Cost": 0.0,
                            "Total Cost": 1823.13,
                            "Plan Rows": 102227,
                            "Plan Width": 0,
                            "Actual Startup Time": 15.652,
                            "Actual Total Time": 15.652,
                            "Actual Rows": 100537,
                            "Actual Loops": 1,
                            "Index Cond": "(kind_id = 3)"
                          }
                        ]
                      }
                    ]
                  }
                ]
              }
            ]
          }
        ]
      }
    ]
  },
  "Planning Time": 0.51,
  "Triggers": [],
  "Execution Time": 284.145
}