{
  "Plan": {
    "Node Type": "Aggregate",
    "Strategy": "Plain",
    "Partial Mode": "Simple",
    "Parallel Aware": false,
    "Startup Cost": 52021.4,
    "Total Cost": 52021.41,
    "Plan Rows": 1,
    "Plan Width": 64,
    "Actual Startup Time": 250.076,
    "Actual Total Time": 250.927,
    "Actual Rows": 1,
    "Actual Loops": 1,
    "Plans": [
      {
        "Node Type": "Gather",
        "Parent Relationship": "Outer",
        "Parallel Aware": false,
        "Startup Cost": 9778.77,
        "Total Cost": 52021.4,
        "Plan Rows": 1,
        "Plan Width": 22,
        "Actual Startup Time": 139.25,
        "Actual Total Time": 250.892,
        "Actual Rows": 51,
        "Actual Loops": 1,
        "Workers Planned": 1,
        "Workers Launched": 0,
        "Single Copy": false,
        "Plans": [
          {
            "Node Type": "Hash Join",
            "Parent Relationship": "Outer",
            "Parallel Aware": false,
            "Join Type": "Inner",
            "Startup Cost": 8778.77,
            "Total Cost": 51021.3,
            "Plan Rows": 1,
            "Plan Width": 22,
            "Actual Startup Time": 138.056,
            "Actual Total Time": 248.839,
            "Actual Rows": 51,
            "Actual Loops": 1,
            "Inner Unique": true,
            "Hash Cond": "(mi.info_type_id = it1.id)",
            "Plans": [
              {
                "Node Type": "Nested Loop",
                "Parent Relationship": "Outer",
                "Parallel Aware": false,
                "Join Type": "Inner",
                "Startup Cost": 8776.34,
                "Total Cost": 51018.87,
                "Plan Rows": 1,
                "Plan Width": 26,
                "Actual Startup Time": 137.983,
                "Actual Total Time": 248.727,
                "Actual Rows": 57,
                "Actual Loops": 1,
                "Inner Unique": false,
                "Join Filter": "(t.id = mi.movie_id)",
                "Rows Removed by Join Filter": 0,
                "Plans": [
                  {
                    "Node Type": "Nested Loop",
                    "Parent Relationship": "Outer",
                    "Parallel Aware": false,
                    "Join Type": "Inner",
                    "Startup Cost": 8775.91,
                    "Total Cost": 51016.96,
                    "Plan Rows": 1,
                    "Plan Width": 34,
                    "Actual Startup Time": 137.891,
                    "Actual Total Time": 246.024,
                    "Actual Rows": 69,
                    "Actual Loops": 1,
                    "Inner Unique": true,
                    "Plans": [
                      {
                        "Node Type": "Nested Loop",
                        "Parent Relationship": "Outer",
                        "Parallel Aware": false,
                        "Join Type": "Inner",
                        "Startup Cost": 8775.49,
                        "Total Cost": 51016.5,
                        "Plan Rows": 1,
                        "Plan Width": 38,
                        "Actual Startup Time": 137.617,
                        "Actual Total Time": 239.114,
                        "Actual Rows": 2629,
                        "Actual Loops": 1,
                        "Inner Unique": false,
                        "Join Filter": "(t.id = mk.movie_id)",
                        "Rows Removed by Join Filter": 0,
                        "Plans": [
                          {
                            "Node Type": "Nested Loop",
                            "Parent Relationship": "Outer",
                            "Parallel Aware": false,
                            "Join Type": "Inner",
                            "Startup Cost": 8775.05,
                            "Total Cost": 51014.18,
                            "Plan Rows": 1,
                            "Plan Width": 30,
                            "Actual Startup Time": 137.594,
                            "Actual Total Time": 237.495,
                            "Actual Rows": 99,
                            "Actual Loops": 1,
                            "Inner Unique": true,
                            "Plans": [
                              {
                                "Node Type": "Nested Loop",
                                "Parent Relationship": "Outer",
                                "Parallel Aware": false,
                                "Join Type": "Inner",
                                "Startup Cost": 8774.92,
                                "Total Cost": 51013.82,
                                "Plan Rows": 1,
                                "Plan Width": 34,
                                "Actual Startup Time": 51.69,
                                "Actual Total Time": 237.198,
                                "Actual Rows": 231,
                                "Actual Loops": 1,
                                "Inner Unique": true,
                                "Plans": [
                                  {
                                    "Node Type": "Nested Loop",
                                    "Parent Relationship": "Outer",
                                    "Parallel Aware": false,
                                    "Join Type": "Inner",
                                    "Startup Cost": 8774.78,
                                    "Total Cost": 51011.85,
                                    "Plan Rows": 12,
                                    "Plan Width": 38,
                                    "Actual Startup Time": 51.68,
                                    "Actual Total Time": 236.775,
                                    "Actual Rows": 312,
                                    "Actual Loops": 1,
                                    "Inner Unique": false,
                                    "Plans": [
                                      {
                                        "Node Type": "Bitmap Heap Scan",
                                        "Parent Relationship": "Outer",
                                        "Parallel Aware": true,
                                        "Relation Name": "title",
                                        "Alias": "t",
                                        "Startup Cost": 8774.35,
                                        "Total Cost": 50353.35,
                                        "Plan Rows": 78,
                                        "Plan Width": 25,
                                        "Actual Startup Time": 50.92,
                                        "Actual Total Time": 232.06,
                                        "Actual Rows": 1155,
                                        "Actual Loops": 1,
                                        "Recheck Cond": "(production_year < 1978)",
                                        "Rows Removed by Index Recheck": 0,
                                        "Filter": "((title ~~ '%murder%'::text) OR (title ~~ '%Murder%'::text) OR (title ~~ '%Mord%'::text))",
                                        "Rows Removed by Filter": 478446,
                                        "Exact Heap Blocks": 35964,
                                        "Lossy Heap Blocks": 0,
                                        "Plans": [
                                          {
                                            "Node Type": "Bitmap Index Scan",
                                            "Parent Relationship": "Outer",
                                            "Parallel Aware": false,
                                            "Index Name": "idx_title_production_year",
                                            "Startup Cost": 0.0,
                                            "Total Cost": 8774.32,
                                            "Plan Rows": 474385,
                                            "Plan Width": 0,
                                            "Actual Startup Time": 45.307,
                                            "Actual Total Time": 45.307,
                                            "Actual Rows": 479601,
                                            "Actual Loops": 1,
                                            "Index Cond": "(production_year < 1978)"
                                          }
                                        ]
                                      },
                                      {
                                        "Node Type": "Index Scan",
                                        "Parent Relationship": "Inner",
                                        "Parallel Aware": false,
                                        "Scan Direction": "Forward",
                                        "Index Name": "movie_id_movie_info_idx",
                                        "Relation Name": "movie_info_idx",
                                        "Alias": "mi_idx",
                                        "Startup Cost": 0.43,
                                        "Total Cost": 8.43,
                                        "Plan Rows": 1,
                                        "Plan Width": 13,
                                        "Actual Startup Time": 0.004,
                                        "Actual Total Time": 0.004,
                                        "Actual Rows": 0,
                                        "Actual Loops": 1155,
                                        "Index Cond": "(movie_id = t.id)",
                                        "Rows Removed by Index Recheck": 0,
                                        "Filter": "(info > '6.0'::text)",
                                        "Rows Removed by Filter": 1
                                      }
                                    ]
                                  },
                                  {
                                    "Node Type": "Index Scan",
                                    "Parent Relationship": "Inner",
                                    "Parallel Aware": false,
                                    "Scan Direction": "Forward",
                                    "Index Name": "info_type_pkey",
                                    "Relation Name": "info_type",
                                    "Alias": "it2",
                                    "Startup Cost": 0.14,
                                    "Total Cost": 0.16,
                                    "Plan Rows": 1,
                                    "Plan Width": 4,
                                    "Actual Startup Time": 0.001,
                                    "Actual Total Time": 0.001,
                                    "Actual Rows": 1,
                                    "Actual Loops": 312,
                                    "Index Cond": "(id = mi_idx.info_type_id)",
                                    "Rows Removed by Index Recheck": 0,
                                    "Filter": "((info)::text = 'rating'::text)",
                                    "Rows Removed by Filter": 0
                                  }
                                ]
                              },
                              {
                                "Node Type": "Index Scan",
                                "Parent Relationship": "Inner",
                                "Parallel Aware": false,
                                "Scan Direction": "Forward",
                                "Index Name": "kind_type_pkey",
                                "Relation Name": "kind_type",
                                "Alias": "kt",
                                "Startup Cost": 0.13,
                                "Total Cost": 0.24,
                                "Plan Rows": 1,
                                "Plan Width": 4,
                                "Actual Startup Time": 0.001,
                                "Actual Total Time": 0.001,
                                "Actual Rows": 0,
                                "Actual Loops": 231,
                                "Index Cond": "(id = t.kind_id)",
                                "Rows Removed by Index Recheck": 0,
                                "Filter": "((kind)::text = 'movie'::text)",
                                "Rows Removed by Filter": 1
                              }
                            ]
                          },
                          {
                            "Node Type": "Index Scan",
                            "Parent Relationship": "Inner",
                            "Parallel Aware": false,
                            "Scan Direction": "Forward",
                            "Index Name": "movie_id_movie_keyword",
                            "Relation Name": "movie_keyword",
                            "Alias": "mk",
                            "Startup Cost": 0.43,
                            "Total Cost": 1.74,
                            "Plan Rows": 47,
                            "Plan Width": 8,
                            "Actual Startup Time": 0.008,
                            "Actual Total Time": 0.013,
                            "Actual Rows": 27,
                            "Actual Loops": 99,
                            "Index Cond": "(movie_id = mi_idx.movie_id)",
                            "Rows Removed by Index Recheck": 0
                          }
                        ]
                      },
                      {
                        "Node Type": "Index Scan",
                        "Parent Relationship": "Inner",
                        "Parallel Aware": false,
                        "Scan Direction": "Forward",
                        "Index Name": "keyword_pkey",
                        "Relation Name": "keyword",
                        "Alias": "k",
                        "Startup Cost": 0.42,
                        "Total Cost": 0.44,
                        "Plan Rows": 1,
                        "Plan Width": 4,
                        "Actual Startup Time": 0.002,
                        "Actual Total Time": 0.002,
                        "Actual Rows": 0,
                        "Actual Loops": 2629,
                        "Index Cond": "(id = mk.keyword_id)",
                        "Rows Removed by Index Recheck": 0,
                        "Filter": "(keyword = ANY ('{murder,murder-in-title}'::text[]))",
                        "Rows Removed by Filter": 1
                      }
                    ]
                  },
                  {
                    "Node Type": "Index Scan",
                    "Parent Relationship": "Inner",
                    "Parallel Aware": false,
                    "Scan Direction": "Forward",
                    "Index Name": "movie_id_movie_info",
                    "Relation Name": "movie_info",
                    "Alias": "mi",
                    "Startup Cost": 0.43,
                    "Total Cost": 1.89,
                    "Plan Rows": 2,
                    "Plan Width": 8,
                    "Actual Startup Time": 0.035,
                    "Actual Total Time": 0.039,
                    "Actual Rows": 1,
                    "Actual Loops": 69,
                    "Index Cond": "(movie_id = mk.movie_id)",
                    "Rows Removed by Index Recheck": 0,
                    "Filter": "(info = ANY ('{Sweden,Norway,Germany,Denmark,Swedish,Denish,Norwegian,German,USA,American}'::text[]))",
                    "Rows Removed by Filter": 37
                  }
                ]
              },
              {
                "Node Type": "Hash",
                "Parent Relationship": "Inner",
                "Parallel Aware": false,
                "Startup Cost": 2.41,
                "Total Cost": 2.41,
                "Plan Rows": 1,
                "Plan Width": 4,
                "Actual Startup Time": 0.057,
                "Actual Total Time": 0.058,
                "Actual Rows": 1,
                "Actual Loops": 1,
                "Hash Buckets": 1024,
                "Original Hash Buckets": 1024,
                "Hash Batches": 1,
                "Original Hash Batches": 1,
                "Peak Memory Usage": 9,
                "Plans": [
                  {
                    "Node Type": "Seq Scan",
                    "Parent Relationship": "Outer",
                    "Parallel Aware": false,
                    "Relation Name": "info_type",
                    "Alias": "it1",
                    "Startup Cost": 0.0,
                    "Total Cost": 2.41,
                    "Plan Rows": 1,
                    "Plan Width": 4,
                    "Actual Startup Time": 0.031,
                    "Actual Total Time": 0.051,
                    "Actual Rows": 1,
                    "Actual Loops": 1,
                    "Filter": "((info)::text = 'countries'::text)",
                    "Rows Removed by Filter": 112
                  }
                ]
              }
            ]
          }
        ]
      }
    ]
  },
  "Planning Time": 2.873,
  "Triggers": [],
  "Execution Time": 251.092
}