{
    "Plan": {
        "Node Type": "Aggregate",
        "Strategy": "Plain",
        "Partial Mode": "Simple",
        "Parallel Aware": false,
        "Startup Cost": 50022524566.96,
        "Total Cost": 50022524566.97,
        "Plan Rows": 1,
        "Plan Width": 64,
        "Actual Startup Time": 47221.328,
        "Actual Total Time": 47221.343,
        "Actual Rows": 1,
        "Actual Loops": 1,
        "Output": [
            "min(an.name)",
            "min(t.title)"
        ],
        "Plans": [
            {
                "Node Type": "Nested Loop",
                "Parent Relationship": "Outer",
                "Parallel Aware": false,
                "Join Type": "Inner",
                "Startup Cost": 50022442429.18,
                "Total Cost": 50022524565.07,
                "Plan Rows": 377,
                "Plan Width": 33,
                "Actual Startup Time": 42778.572,
                "Actual Total Time": 47113.691,
                "Actual Rows": 363828,
                "Actual Loops": 1,
                "Output": [
                    "an.name",
                    "t.title"
                ],
                "Inner Unique": true,
                "Plans": [
                    {
                        "Node Type": "Nested Loop",
                        "Parent Relationship": "Outer",
                        "Parallel Aware": false,
                        "Join Type": "Inner",
                        "Startup Cost": 40022442428.74,
                        "Total Cost": 40022522886.95,
                        "Plan Rows": 377,
                        "Plan Width": 28,
                        "Actual Startup Time": 42778.508,
                        "Actual Total Time": 45353.878,
                        "Actual Rows": 363828,
                        "Actual Loops": 1,
                        "Output": [
                            "an.name",
                            "ci.movie_id",
                            "mc.movie_id",
                            "mk.movie_id"
                        ],
                        "Inner Unique": true,
                        "Join Filter": "(an.person_id = n.id)",
                        "Rows Removed by Join Filter": 0,
                        "Plans": [
                            {
                                "Node Type": "Hash Join",
                                "Parent Relationship": "Outer",
                                "Parallel Aware": false,
                                "Join Type": "Inner",
                                "Startup Cost": 30022442428.3,
                                "Total Cost": 30022521203.87,
                                "Plan Rows": 377,
                                "Plan Width": 36,
                                "Actual Startup Time": 42778.439,
                                "Actual Total Time": 43473.676,
                                "Actual Rows": 363828,
                                "Actual Loops": 1,
                                "Output": [
                                    "an.name",
                                    "an.person_id",
                                    "ci.person_id",
                                    "ci.movie_id",
                                    "mc.movie_id",
                                    "mk.movie_id"
                                ],
                                "Inner Unique": false,
                                "Hash Cond": "(an.person_id = ci.person_id)",
                                "Plans": [
                                    {
                                        "Node Type": "Index Scan",
                                        "Parent Relationship": "Outer",
                                        "Parallel Aware": false,
                                        "Scan Direction": "Forward",
                                        "Index Name": "person_id_aka_name",
                                        "Relation Name": "aka_name",
                                        "Schema": "public",
                                        "Alias": "an",
                                        "Startup Cost": 0.42,
                                        "Total Cost": 72012.16,
                                        "Plan Rows": 901343,
                                        "Plan Width": 20,
                                        "Actual Startup Time": 0.033,
                                        "Actual Total Time": 336.476,
                                        "Actual Rows": 901343,
                                        "Actual Loops": 1,
                                        "Output": [
                                            "an.id",
                                            "an.person_id",
                                            "an.name",
                                            "an.imdb_index",
                                            "an.name_pcode_cf",
                                            "an.name_pcode_nf",
                                            "an.surname_pcode",
                                            "an.md5sum"
                                        ]
                                    },
                                    {
                                        "Node Type": "Hash",
                                        "Parent Relationship": "Inner",
                                        "Parallel Aware": false,
                                        "Startup Cost": 30022442425.93,
                                        "Total Cost": 30022442425.93,
                                        "Plan Rows": 156,
                                        "Plan Width": 16,
                                        "Actual Startup Time": 42778.319,
                                        "Actual Total Time": 42778.329,
                                        "Actual Rows": 389632,
                                        "Actual Loops": 1,
                                        "Output": [
                                            "ci.person_id",
                                            "ci.movie_id",
                                            "mc.movie_id",
                                            "mk.movie_id"
                                        ],
                                        "Hash Buckets": 524288,
                                        "Original Hash Buckets": 1024,
                                        "Hash Batches": 1,
                                        "Original Hash Batches": 1,
                                        "Peak Memory Usage": 22360,
                                        "Plans": [
                                            {
                                                "Node Type": "Merge Join",
                                                "Parent Relationship": "Outer",
                                                "Parallel Aware": false,
                                                "Join Type": "Inner",
                                                "Startup Cost": 30022429936.96,
                                                "Total Cost": 30022442425.93,
                                                "Plan Rows": 156,
                                                "Plan Width": 16,
                                                "Actual Startup Time": 41762.975,
                                                "Actual Total Time": 42727.422,
                                                "Actual Rows": 389632,
                                                "Actual Loops": 1,
                                                "Output": [
                                                    "ci.person_id",
                                                    "ci.movie_id",
                                                    "mc.movie_id",
                                                    "mk.movie_id"
                                                ],
                                                "Inner Unique": false,
                                                "Merge Cond": "(cn.id = mc.company_id)",
                                                "Plans": [
                                                    {
                                                        "Node Type": "Index Scan",
                                                        "Parent Relationship": "Outer",
                                                        "Parallel Aware": false,
                                                        "Scan Direction": "Forward",
                                                        "Index Name": "company_name_pkey",
                                                        "Relation Name": "company_name",
                                                        "Schema": "public",
                                                        "Alias": "cn",
                                                        "Startup Cost": 0.42,
                                                        "Total Cost": 12454.44,
                                                        "Plan Rows": 10262,
                                                        "Plan Width": 4,
                                                        "Actual Startup Time": 0.279,
                                                        "Actual Total Time": 128.466,
                                                        "Actual Rows": 10394,
                                                        "Actual Loops": 1,
                                                        "Output": [
                                                            "cn.id",
                                                            "cn.name",
                                                            "cn.country_code",
                                                            "cn.imdb_id",
                                                            "cn.name_pcode_nf",
                                                            "cn.name_pcode_sf",
                                                            "cn.md5sum"
                                                        ],
                                                        "Filter": "((cn.country_code)::text = '[fr]'::text)",
                                                        "Rows Removed by Filter": 224588
                                                    },
                                                    {
                                                        "Node Type": "Sort",
                                                        "Parent Relationship": "Inner",
                                                        "Parallel Aware": false,
                                                        "Startup Cost": 30022429936.1,
                                                        "Total Cost": 30022429945.05,
                                                        "Plan Rows": 3581,
                                                        "Plan Width": 20,
                                                        "Actual Startup Time": 41714.745,
                                                        "Actual Total Time": 42135.316,
                                                        "Actual Rows": 7796926,
                                                        "Actual Loops": 1,
                                                        "Output": [
                                                            "ci.person_id",
                                                            "ci.movie_id",
                                                            "mc.movie_id",
                                                            "mc.company_id",
                                                            "mk.movie_id"
                                                        ],
                                                        "Sort Key": [
                                                            "mc.company_id"
                                                        ],
                                                        "Sort Method": "quicksort",
                                                        "Sort Space Used": 805743,
                                                        "Sort Space Type": "Memory",
                                                        "Plans": [
                                                            {
                                                                "Node Type": "Hash Join",
                                                                "Parent Relationship": "Outer",
                                                                "Parallel Aware": false,
                                                                "Join Type": "Inner",
                                                                "Startup Cost": 30002151610.74,
                                                                "Total Cost": 30022429724.71,
                                                                "Plan Rows": 3581,
                                                                "Plan Width": 20,
                                                                "Actual Startup Time": 17639.356,
                                                                "Actual Total Time": 40455.519,
                                                                "Actual Rows": 7796926,
                                                                "Actual Loops": 1,
                                                                "Output": [
                                                                    "ci.person_id",
                                                                    "ci.movie_id",
                                                                    "mc.movie_id",
                                                                    "mc.company_id",
                                                                    "mk.movie_id"
                                                                ],
                                                                "Inner Unique": false,
                                                                "Hash Cond": "(mk.movie_id = ci.movie_id)",
                                                                "Plans": [
                                                                    {
                                                                        "Node Type": "Nested Loop",
                                                                        "Parent Relationship": "Outer",
                                                                        "Parallel Aware": false,
                                                                        "Join Type": "Inner",
                                                                        "Startup Cost": 30000000001.34,
                                                                        "Total Cost": 30020278035.85,
                                                                        "Plan Rows": 183,
                                                                        "Plan Width": 12,
                                                                        "Actual Startup Time": 2.153,
                                                                        "Actual Total Time": 21707.614,
                                                                        "Actual Rows": 148552,
                                                                        "Actual Loops": 1,
                                                                        "Output": [
                                                                            "mk.movie_id",
                                                                            "mc.movie_id",
                                                                            "mc.company_id"
                                                                        ],
                                                                        "Inner Unique": false,
                                                                        "Plans": [
                                                                            {
                                                                                "Node Type": "Nested Loop",
                                                                                "Parent Relationship": "Outer",
                                                                                "Parallel Aware": false,
                                                                                "Join Type": "Inner",
                                                                                "Startup Cost": 20000000000.86,
                                                                                "Total Cost": 20020277879.81,
                                                                                "Plan Rows": 34,
                                                                                "Plan Width": 4,
                                                                                "Actual Startup Time": 0.796,
                                                                                "Actual Total Time": 21367.202,
                                                                                "Actual Rows": 41840,
                                                                                "Actual Loops": 1,
                                                                                "Output": [
                                                                                    "mk.movie_id"
                                                                                ],
                                                                                "Inner Unique": true,
                                                                                "Plans": [
                                                                                    {
                                                                                        "Node Type": "Index Scan",
                                                                                        "Parent Relationship": "Outer",
                                                                                        "Parallel Aware": false,
                                                                                        "Scan Direction": "Forward",
                                                                                        "Index Name": "movie_id_movie_keyword",
                                                                                        "Relation Name": "movie_keyword",
                                                                                        "Schema": "public",
                                                                                        "Alias": "mk",
                                                                                        "Startup Cost": 10000000000.43,
                                                                                        "Total Cost": 10000177177.46,
                                                                                        "Plan Rows": 4523930,
                                                                                        "Plan Width": 8,
                                                                                        "Actual Startup Time": 0.022,
                                                                                        "Actual Total Time": 1315.234,
                                                                                        "Actual Rows": 4523930,
                                                                                        "Actual Loops": 1,
                                                                                        "Output": [
                                                                                            "mk.id",
                                                                                            "mk.movie_id",
                                                                                            "mk.keyword_id"
                                                                                        ]
                                                                                    },
                                                                                    {
                                                                                        "Node Type": "Bitmap Heap Scan",
                                                                                        "Parent Relationship": "Inner",
                                                                                        "Parallel Aware": false,
                                                                                        "Relation Name": "keyword",
                                                                                        "Schema": "public",
                                                                                        "Alias": "k",
                                                                                        "Startup Cost": 0.43,
                                                                                        "Total Cost": 4.44,
                                                                                        "Plan Rows": 1,
                                                                                        "Plan Width": 4,
                                                                                        "Actual Startup Time": 0.003,
                                                                                        "Actual Total Time": 0.003,
                                                                                        "Actual Rows": 0,
                                                                                        "Actual Loops": 4523930,
                                                                                        "Output": [
                                                                                            "k.id",
                                                                                            "k.keyword",
                                                                                            "k.phonetic_code"
                                                                                        ],
                                                                                        "Recheck Cond": "(k.id = mk.keyword_id)",
                                                                                        "Rows Removed by Index Recheck": 0,
                                                                                        "Filter": "(k.keyword = 'character-name-in-title'::text)",
                                                                                        "Rows Removed by Filter": 1,
                                                                                        "Exact Heap Blocks": 4523930,
                                                                                        "Lossy Heap Blocks": 0,
                                                                                        "Plans": [
                                                                                            {
                                                                                                "Node Type": "Bitmap Index Scan",
                                                                                                "Parent Relationship": "Outer",
                                                                                                "Parallel Aware": false,
                                                                                                "Index Name": "keyword_pkey",
                                                                                                "Startup Cost": 0.0,
                                                                                                "Total Cost": 0.43,
                                                                                                "Plan Rows": 1,
                                                                                                "Plan Width": 0,
                                                                                                "Actual Startup Time": 0.002,
                                                                                                "Actual Total Time": 0.002,
                                                                                                "Actual Rows": 1,
                                                                                                "Actual Loops": 4523930,
                                                                                                "Index Cond": "(k.id = mk.keyword_id)"
                                                                                            }
                                                                                        ]
                                                                                    }
                                                                                ]
                                                                            },
                                                                            {
                                                                                "Node Type": "Bitmap Heap Scan",
                                                                                "Parent Relationship": "Inner",
                                                                                "Parallel Aware": false,
                                                                                "Relation Name": "movie_companies",
                                                                                "Schema": "public",
                                                                                "Alias": "mc",
                                                                                "Startup Cost": 0.48,
                                                                                "Total Cost": 4.54,
                                                                                "Plan Rows": 5,
                                                                                "Plan Width": 8,
                                                                                "Actual Startup Time": 0.005,
                                                                                "Actual Total Time": 0.006,
                                                                                "Actual Rows": 4,
                                                                                "Actual Loops": 41840,
                                                                                "Output": [
                                                                                    "mc.id",
                                                                                    "mc.movie_id",
                                                                                    "mc.company_id",
                                                                                    "mc.company_type_id",
                                                                                    "mc.note"
                                                                                ],
                                                                                "Recheck Cond": "(mc.movie_id = mk.movie_id)",
                                                                                "Rows Removed by Index Recheck": 0,
                                                                                "Exact Heap Blocks": 62780,
                                                                                "Lossy Heap Blocks": 0,
                                                                                "Plans": [
                                                                                    {
                                                                                        "Node Type": "Bitmap Index Scan",
                                                                                        "Parent Relationship": "Outer",
                                                                                        "Parallel Aware": false,
                                                                                        "Index Name": "movie_id_movie_companies",
                                                                                        "Startup Cost": 0.0,
                                                                                        "Total Cost": 0.48,
                                                                                        "Plan Rows": 5,
                                                                                        "Plan Width": 0,
                                                                                        "Actual Startup Time": 0.003,
                                                                                        "Actual Total Time": 0.003,
                                                                                        "Actual Rows": 4,
                                                                                        "Actual Loops": 41840,
                                                                                        "Index Cond": "(mc.movie_id = mk.movie_id)"
                                                                                    }
                                                                                ]
                                                                            }
                                                                        ]
                                                                    },
                                                                    {
                                                                        "Node Type": "Hash",
                                                                        "Parent Relationship": "Inner",
                                                                        "Parallel Aware": false,
                                                                        "Startup Cost": 1698449.7,
                                                                        "Total Cost": 1698449.7,
                                                                        "Plan Rows": 36252776,
                                                                        "Plan Width": 8,
                                                                        "Actual Startup Time": 17541.391,
                                                                        "Actual Total Time": 17541.392,
                                                                        "Actual Rows": 36244344,
                                                                        "Actual Loops": 1,
                                                                        "Output": [
                                                                            "ci.person_id",
                                                                            "ci.movie_id"
                                                                        ],
                                                                        "Hash Buckets": 67108864,
                                                                        "Original Hash Buckets": 67108864,
                                                                        "Hash Batches": 1,
                                                                        "Original Hash Batches": 1,
                                                                        "Peak Memory Usage": 1940083,
                                                                        "Plans": [
                                                                            {
                                                                                "Node Type": "Index Scan",
                                                                                "Parent Relationship": "Outer",
                                                                                "Parallel Aware": false,
                                                                                "Scan Direction": "Forward",
                                                                                "Index Name": "person_id_cast_info",
                                                                                "Relation Name": "cast_info",
                                                                                "Schema": "public",
                                                                                "Alias": "ci",
                                                                                "Startup Cost": 0.56,
                                                                                "Total Cost": 1698449.7,
                                                                                "Plan Rows": 36252776,
                                                                                "Plan Width": 8,
                                                                                "Actual Startup Time": 0.048,
                                                                                "Actual Total Time": 6936.08,
                                                                                "Actual Rows": 36244344,
                                                                                "Actual Loops": 1,
                                                                                "Output": [
                                                                                    "ci.person_id",
                                                                                    "ci.movie_id"
                                                                                ]
                                                                            }
                                                                        ]
                                                                    }
                                                                ]
                                                            }
                                                        ]
                                                    }
                                                ]
                                            }
                                        ]
                                    }
                                ]
                            },
                            {
                                "Node Type": "Bitmap Heap Scan",
                                "Parent Relationship": "Inner",
                                "Parallel Aware": false,
                                "Relation Name": "name",
                                "Schema": "public",
                                "Alias": "n",
                                "Startup Cost": 0.44,
                                "Total Cost": 4.45,
                                "Plan Rows": 1,
                                "Plan Width": 4,
                                "Actual Startup Time": 0.003,
                                "Actual Total Time": 0.003,
                                "Actual Rows": 1,
                                "Actual Loops": 363828,
                                "Output": [
                                    "n.id",
                                    "n.name",
                                    "n.imdb_index",
                                    "n.imdb_id",
                                    "n.gender",
                                    "n.name_pcode_cf",
                                    "n.name_pcode_nf",
                                    "n.surname_pcode",
                                    "n.md5sum"
                                ],
                                "Recheck Cond": "(n.id = ci.person_id)",
                                "Rows Removed by Index Recheck": 0,
                                "Exact Heap Blocks": 363828,
                                "Lossy Heap Blocks": 0,
                                "Plans": [
                                    {
                                        "Node Type": "Bitmap Index Scan",
                                        "Parent Relationship": "Outer",
                                        "Parallel Aware": false,
                                        "Index Name": "name_pkey",
                                        "Startup Cost": 0.0,
                                        "Total Cost": 0.44,
                                        "Plan Rows": 1,
                                        "Plan Width": 0,
                                        "Actual Startup Time": 0.002,
                                        "Actual Total Time": 0.002,
                                        "Actual Rows": 1,
                                        "Actual Loops": 363828,
                                        "Index Cond": "(n.id = ci.person_id)"
                                    }
                                ]
                            }
                        ]
                    },
                    {
                        "Node Type": "Bitmap Heap Scan",
                        "Parent Relationship": "Inner",
                        "Parallel Aware": false,
                        "Relation Name": "title",
                        "Schema": "public",
                        "Alias": "t",
                        "Startup Cost": 0.44,
                        "Total Cost": 4.45,
                        "Plan Rows": 1,
                        "Plan Width": 21,
                        "Actual Startup Time": 0.003,
                        "Actual Total Time": 0.003,
                        "Actual Rows": 1,
                        "Actual Loops": 363828,
                        "Output": [
                            "t.id",
                            "t.title",
                            "t.imdb_index",
                            "t.kind_id",
                            "t.production_year",
                            "t.imdb_id",
                            "t.phonetic_code",
                            "t.episode_of_id",
                            "t.season_nr",
                            "t.episode_nr",
                            "t.series_years",
                            "t.md5sum"
                        ],
                        "Recheck Cond": "(t.id = ci.movie_id)",
                        "Rows Removed by Index Recheck": 0,
                        "Exact Heap Blocks": 363828,
                        "Lossy Heap Blocks": 0,
                        "Plans": [
                            {
                                "Node Type": "Bitmap Index Scan",
                                "Parent Relationship": "Outer",
                                "Parallel Aware": false,
                                "Index Name": "title_pkey",
                                "Startup Cost": 0.0,
                                "Total Cost": 0.44,
                                "Plan Rows": 1,
                                "Plan Width": 0,
                                "Actual Startup Time": 0.002,
                                "Actual Total Time": 0.002,
                                "Actual Rows": 1,
                                "Actual Loops": 363828,
                                "Index Cond": "(t.id = ci.movie_id)"
                            }
                        ]
                    }
                ]
            }
        ]
    },
    "Planning Time": 8.839,
    "Triggers": [],
    "Execution Time": 47241.129
}