{
  "Plan": {
    "Node Type": "Aggregate",
    "Strategy": "Plain",
    "Partial Mode": "Finalize",
    "Parallel Aware": false,
    "Startup Cost": 1092855.01,
    "Total Cost": 1092855.02,
    "Plan Rows": 1,
    "Plan Width": 8,
    "Actual Startup Time": 11241.074,
    "Actual Total Time": 11320.959,
    "Actual Rows": 1,
    "Actual Loops": 1,
    "Plans": [
      {
        "Node Type": "Gather",
        "Parent Relationship": "Outer",
        "Parallel Aware": false,
        "Startup Cost": 1092854.9,
        "Total Cost": 1092855.01,
        "Plan Rows": 1,
        "Plan Width": 8,
        "Actual Startup Time": 11230.644,
        "Actual Total Time": 11320.95,
        "Actual Rows": 2,
        "Actual Loops": 1,
        "Workers Planned": 1,
        "Workers Launched": 1,
        "Single Copy": false,
        "Plans": [
          {
            "Node Type": "Aggregate",
            "Strategy": "Plain",
            "Partial Mode": "Partial",
            "Parent Relationship": "Outer",
            "Parallel Aware": false,
            "Startup Cost": 1091854.9,
            "Total Cost": 1091854.91,
            "Plan Rows": 1,
            "Plan Width": 8,
            "Actual Startup Time": 11209.341,
            "Actual Total Time": 11209.346,
            "Actual Rows": 1,
            "Actual Loops": 2,
            "Plans": [
              {
                "Node Type": "Hash Join",
                "Parent Relationship": "Outer",
                "Parallel Aware": true,
                "Join Type": "Inner",
                "Startup Cost": 641175.21,
                "Total Cost": 1051143.82,
                "Plan Rows": 16284434,
                "Plan Width": 0,
                "Actual Startup Time": 4721.831,
                "Actual Total Time": 10209.152,
                "Actual Rows": 25754897,
                "Actual Loops": 2,
                "Inner Unique": false,
                "Hash Cond": "(mi.movie_id = t.id)",
                "Plans": [
                  {
                    "Node Type": "Seq Scan",
                    "Parent Relationship": "Outer",
                    "Parallel Aware": true,
                    "Relation Name": "movie_info",
                    "Alias": "mi",
                    "Startup Cost": 0.0,
                    "Total Cost": 248955.74,
                    "Plan Rows": 8696274,
                    "Plan Width": 4,
                    "Actual Startup Time": 0.015,
                    "Actual Total Time": 620.495,
                    "Actual Rows": 7417860,
                    "Actual Loops": 2
                  },
                  {
                    "Node Type": "Hash",
                    "Parent Relationship": "Inner",
                    "Parallel Aware": true,
                    "Startup Cost": 606363.29,
                    "Total Cost": 606363.29,
                    "Plan Rows": 2784954,
                    "Plan Width": 8,
                    "Actual Startup Time": 4684.578,
                    "Actual Total Time": 4684.582,
                    "Actual Rows": 2865268,
                    "Actual Loops": 2,
                    "Hash Buckets": 8388608,
                    "Original Hash Buckets": 8388608,
                    "Hash Batches": 1,
                    "Original Hash Batches": 1,
                    "Peak Memory Usage": 289728,
                    "Plans": [
                      {
                        "Node Type": "Hash Join",
                        "Parent Relationship": "Outer",
                        "Parallel Aware": true,
                        "Join Type": "Inner",
                        "Startup Cost": 59473.49,
                        "Total Cost": 606363.29,
                        "Plan Rows": 2784954,
                        "Plan Width": 8,
                        "Actual Startup Time": 641.366,
                        "Actual Total Time": 3789.287,
                        "Actual Rows": 2865268,
                        "Actual Loops": 2,
                        "Inner Unique": true,
                        "Hash Cond": "(ci.movie_id = t.id)",
                        "Plans": [
                          {
                            "Node Type": "Seq Scan",
                            "Parent Relationship": "Outer",
                            "Parallel Aware": true,
                            "Relation Name": "cast_info",
                            "Alias": "ci",
                            "Startup Cost": 0.0,
                            "Total Cost": 519069.44,
                            "Plan Rows": 10598215,
                            "Plan Width": 4,
                            "Actual Startup Time": 409.615,
                            "Actual Total Time": 1440.493,
                            "Actual Rows": 9012502,
                            "Actual Loops": 2,
                            "Filter": "(person_id > 1809362)",
                            "Rows Removed by Filter": 9109670
                          },
                          {
                            "Node Type": "Hash",
                            "Parent Relationship": "Inner",
                            "Parallel Aware": true,
                            "Startup Cost": 54588.39,
                            "Total Cost": 54588.39,
                            "Plan Rows": 390808,
                            "Plan Width": 4,
                            "Actual Startup Time": 228.416,
                            "Actual Total Time": 228.417,
                            "Actual Rows": 331032,
                            "Actual Loops": 2,
                            "Hash Buckets": 1048576,
                            "Original Hash Buckets": 1048576,
                            "Hash Batches": 1,
                            "Original Hash Batches": 1,
                            "Peak Memory Usage": 34112,
                            "Plans": [
                              {
                                "Node Type": "Seq Scan",
                                "Parent Relationship": "Outer",
                                "Parallel Aware": true,
                                "Relation Name": "title",
                                "Alias": "t",
                                "Startup Cost": 0.0,
                                "Total Cost": 54588.39,
                                "Plan Rows": 390808,
                                "Plan Width": 4,
                                "Actual Startup Time": 0.034,
                                "Actual Total Time": 142.122,
                                "Actual Rows": 331032,
                                "Actual Loops": 2,
                                "Filter": "(production_year > 2008)",
                                "Rows Removed by Filter": 933124
                              }
                            ]
                          }
                        ]
                      }
                    ]
                  }
                ]
              }
            ]
          }
        ]
      }
    ]
  },
  "Planning Time": 1.026,
  "Triggers": [],
  "Execution Time": 11321.058
}