[
  {
    "Plan": {
      "Node Type": "Aggregate",
      "Strategy": "Plain",
      "Partial Mode": "Finalize",
      "Parallel Aware": false,
      "Startup Cost": 40795.62,
      "Total Cost": 40795.63,
      "Plan Rows": 1,
      "Plan Width": 8,
      "Actual Startup Time": 140.858,
      "Actual Total Time": 150.257,
      "Actual Rows": 1,
      "Actual Loops": 1,
      "Plans": [
        {
          "Node Type": "Gather",
          "Parent Relationship": "Outer",
          "Parallel Aware": false,
          "Startup Cost": 40795.31,
          "Total Cost": 40795.62,
          "Plan Rows": 3,
          "Plan Width": 8,
          "Actual Startup Time": 140.592,
          "Actual Total Time": 150.246,
          "Actual Rows": 4,
          "Actual Loops": 1,
          "Workers Planned": 3,
          "Workers Launched": 3,
          "Single Copy": false,
          "Plans": [
            {
              "Node Type": "Aggregate",
              "Strategy": "Plain",
              "Partial Mode": "Partial",
              "Parent Relationship": "Outer",
              "Parallel Aware": false,
              "Startup Cost": 39795.31,
              "Total Cost": 39795.32,
              "Plan Rows": 1,
              "Plan Width": 8,
              "Actual Startup Time": 132.532,
              "Actual Total Time": 132.534,
              "Actual Rows": 1,
              "Actual Loops": 4,
              "Plans": [
                {
                  "Node Type": "Bitmap Heap Scan",
                  "Parent Relationship": "Outer",
                  "Parallel Aware": true,
                  "Relation Name": "movie_keyword",
                  "Alias": "mk",
                  "Startup Cost": 12492.03,
                  "Total Cost": 39320.43,
                  "Plan Rows": 189952,
                  "Plan Width": 0,
                  "Actual Startup Time": 41.816,
                  "Actual Total Time": 123.161,
                  "Actual Rows": 150288,
                  "Actual Loops": 4,
                  "Recheck Cond": "(keyword_id < 445)",
                  "Rows Removed by Index Recheck": 0,
                  "Exact Heap Blocks": 7503,
                  "Lossy Heap Blocks": 0,
                  "Plans": [
                    {
                      "Node Type": "Bitmap Index Scan",
                      "Parent Relationship": "Outer",
                      "Parallel Aware": false,
                      "Index Name": "keyword_id_movie_keyword",
                      "Startup Cost": 0.0,
                      "Total Cost": 12344.82,
                      "Plan Rows": 588851,
                      "Plan Width": 0,
                      "Actual Startup Time": 43.498,
                      "Actual Total Time": 43.499,
                      "Actual Rows": 601152,
                      "Actual Loops": 1,
                      "Index Cond": "(keyword_id < 445)"
                    }
                  ]
                }
              ]
            }
          ]
        }
      ]
    },
    "Planning Time": 0.098,
    "Triggers": [],
    "Execution Time": 150.304
  }
]