[
  {
    "Plan": {
      "Node Type": "Aggregate",
      "Strategy": "Plain",
      "Partial Mode": "Finalize",
      "Parallel Aware": false,
      "Startup Cost": 40765.06,
      "Total Cost": 40765.07,
      "Plan Rows": 1,
      "Plan Width": 8,
      "Actual Startup Time": 129.603,
      "Actual Total Time": 135.587,
      "Actual Rows": 1,
      "Actual Loops": 1,
      "Plans": [
        {
          "Node Type": "Gather",
          "Parent Relationship": "Outer",
          "Parallel Aware": false,
          "Startup Cost": 40764.74,
          "Total Cost": 40765.05,
          "Plan Rows": 3,
          "Plan Width": 8,
          "Actual Startup Time": 129.304,
          "Actual Total Time": 135.578,
          "Actual Rows": 4,
          "Actual Loops": 1,
          "Workers Planned": 3,
          "Workers Launched": 3,
          "Single Copy": false,
          "Plans": [
            {
              "Node Type": "Aggregate",
              "Strategy": "Plain",
              "Partial Mode": "Partial",
              "Parent Relationship": "Outer",
              "Parallel Aware": false,
              "Startup Cost": 39764.74,
              "Total Cost": 39764.75,
              "Plan Rows": 1,
              "Plan Width": 8,
              "Actual Startup Time": 124.784,
              "Actual Total Time": 124.786,
              "Actual Rows": 1,
              "Actual Loops": 4,
              "Plans": [
                {
                  "Node Type": "Bitmap Heap Scan",
                  "Parent Relationship": "Outer",
                  "Parallel Aware": true,
                  "Relation Name": "movie_keyword",
                  "Alias": "mk",
                  "Startup Cost": 12467.06,
                  "Total Cost": 39290.79,
                  "Plan Rows": 189579,
                  "Plan Width": 0,
                  "Actual Startup Time": 50.623,
                  "Actual Total Time": 116.677,
                  "Actual Rows": 150288,
                  "Actual Loops": 4,
                  "Recheck Cond": "(keyword_id < 445)",
                  "Rows Removed by Index Recheck": 0,
                  "Exact Heap Blocks": 10337,
                  "Lossy Heap Blocks": 0,
                  "Plans": [
                    {
                      "Node Type": "Bitmap Index Scan",
                      "Parent Relationship": "Outer",
                      "Parallel Aware": false,
                      "Index Name": "keyword_id_movie_keyword",
                      "Startup Cost": 0.0,
                      "Total Cost": 12320.14,
                      "Plan Rows": 587694,
                      "Plan Width": 0,
                      "Actual Startup Time": 50.817,
                      "Actual Total Time": 50.818,
                      "Actual Rows": 601152,
                      "Actual Loops": 1,
                      "Index Cond": "(keyword_id < 445)"
                    }
                  ]
                }
              ]
            }
          ]
        }
      ]
    },
    "Planning Time": 0.209,
    "Triggers": [],
    "Execution Time": 135.663
  }
]