[
  {
    "Plan": {
      "Node Type": "Aggregate",
      "Strategy": "Plain",
      "Partial Mode": "Finalize",
      "Parallel Aware": false,
      "Startup Cost": 385544.46,
      "Total Cost": 385544.47,
      "Plan Rows": 1,
      "Plan Width": 8,
      "Actual Startup Time": 1934.215,
      "Actual Total Time": 1993.574,
      "Actual Rows": 1,
      "Actual Loops": 1,
      "Plans": [
        {
          "Node Type": "Gather",
          "Parent Relationship": "Outer",
          "Parallel Aware": false,
          "Startup Cost": 385543.94,
          "Total Cost": 385544.45,
          "Plan Rows": 5,
          "Plan Width": 8,
          "Actual Startup Time": 1915.256,
          "Actual Total Time": 1993.531,
          "Actual Rows": 6,
          "Actual Loops": 1,
          "Workers Planned": 5,
          "Workers Launched": 5,
          "Single Copy": false,
          "Plans": [
            {
              "Node Type": "Aggregate",
              "Strategy": "Plain",
              "Partial Mode": "Partial",
              "Parent Relationship": "Outer",
              "Parallel Aware": false,
              "Startup Cost": 384543.94,
              "Total Cost": 384543.95,
              "Plan Rows": 1,
              "Plan Width": 8,
              "Actual Startup Time": 1900.411,
              "Actual Total Time": 1900.961,
              "Actual Rows": 1,
              "Actual Loops": 6,
              "Plans": [
                {
                  "Node Type": "Hash Join",
                  "Parent Relationship": "Outer",
                  "Parallel Aware": true,
                  "Join Type": "Inner",
                  "Startup Cost": 172412.85,
                  "Total Cost": 380998.51,
                  "Plan Rows": 1418172,
                  "Plan Width": 0,
                  "Actual Startup Time": 830.196,
                  "Actual Total Time": 1849.657,
                  "Actual Rows": 916190,
                  "Actual Loops": 6,
                  "Inner Unique": false,
                  "Hash Cond": "(mi.movie_id = t.id)",
                  "Plans": [
                    {
                      "Node Type": "Seq Scan",
                      "Parent Relationship": "Outer",
                      "Parallel Aware": true,
                      "Relation Name": "movie_info",
                      "Alias": "mi",
                      "Startup Cost": 0.0,
                      "Total Cost": 199108.24,
                      "Plan Rows": 1770951,
                      "Plan Width": 4,
                      "Actual Startup Time": 0.031,
                      "Actual Total Time": 459.492,
                      "Actual Rows": 1464430,
                      "Actual Loops": 6,
                      "Filter": "(info_type_id < 13)",
                      "Rows Removed by Filter": 1008190
                    },
                    {
                      "Node Type": "Hash",
                      "Parent Relationship": "Inner",
                      "Parallel Aware": true,
                      "Startup Cost": 167350.97,
                      "Total Cost": 167350.97,
                      "Plan Rows": 404951,
                      "Plan Width": 8,
                      "Actual Startup Time": 824.117,
                      "Actual Total Time": 824.666,
                      "Actual Rows": 326866,
                      "Actual Loops": 6,
                      "Hash Buckets": 2097152,
                      "Original Hash Buckets": 2097152,
                      "Hash Batches": 1,
                      "Original Hash Batches": 1,
                      "Peak Memory Usage": 93184,
                      "Plans": [
                        {
                          "Node Type": "Hash Join",
                          "Parent Relationship": "Outer",
                          "Parallel Aware": true,
                          "Join Type": "Inner",
                          "Startup Cost": 49176.21,
                          "Total Cost": 167350.97,
                          "Plan Rows": 404951,
                          "Plan Width": 8,
                          "Actual Startup Time": 207.029,
                          "Actual Total Time": 667.145,
                          "Actual Rows": 326866,
                          "Actual Loops": 6,
                          "Inner Unique": true,
                          "Hash Cond": "(ci.movie_id = t.id)",
                          "Plans": [
                            {
                              "Node Type": "Index Scan",
                              "Parent Relationship": "Outer",
                              "Parallel Aware": true,
                              "Scan Direction": "Forward",
                              "Index Name": "role_id_cast_info",
                              "Relation Name": "cast_info",
                              "Alias": "ci",
                              "Startup Cost": 0.56,
                              "Total Cost": 115902.88,
                              "Plan Rows": 865691,
                              "Plan Width": 4,
                              "Actual Startup Time": 0.19,
                              "Actual Total Time": 181.54,
                              "Actual Rows": 720503,
                              "Actual Loops": 6,
                              "Index Cond": "(role_id = 10)",
                              "Rows Removed by Index Recheck": 0
                            },
                            {
                              "Node Type": "Hash",
                              "Parent Relationship": "Inner",
                              "Parallel Aware": true,
                              "Startup Cost": 45479.59,
                              "Total Cost": 45479.59,
                              "Plan Rows": 295685,
                              "Plan Width": 4,
                              "Actual Startup Time": 203.66,
                              "Actual Total Time": 203.662,
                              "Actual Rows": 189993,
                              "Actual Loops": 6,
                              "Hash Buckets": 2097152,
                              "Original Hash Buckets": 2097152,
                              "Hash Batches": 1,
                              "Original Hash Batches": 1,
                              "Peak Memory Usage": 61088,
                              "Plans": [
                                {
                                  "Node Type": "Seq Scan",
                                  "Parent Relationship": "Outer",
                                  "Parallel Aware": true,
                                  "Relation Name": "title",
                                  "Alias": "t",
                                  "Startup Cost": 0.0,
                                  "Total Cost": 45479.59,
                                  "Plan Rows": 295685,
                                  "Plan Width": 4,
                                  "Actual Startup Time": 0.053,
                                  "Actual Total Time": 99.616,
                                  "Actual Rows": 189993,
                                  "Actual Loops": 6,
                                  "Filter": "((kind_id > 4) AND (production_year < 2010))",
                                  "Rows Removed by Filter": 231392
                                }
                              ]
                            }
                          ]
                        }
                      ]
                    }
                  ]
                }
              ]
            }
          ]
        }
      ]
    },
    "Planning Time": 1.523,
    "Triggers": [],
    "Execution Time": 1993.683
  }
]