{
  "Plan": {
    "Node Type": "Aggregate",
    "Strategy": "Plain",
    "Partial Mode": "Finalize",
    "Parallel Aware": false,
    "Startup Cost": 193431.07,
    "Total Cost": 193431.08,
    "Plan Rows": 1,
    "Plan Width": 8,
    "Actual Startup Time": 742.052,
    "Actual Total Time": 787.717,
    "Actual Rows": 1,
    "Actual Loops": 1,
    "Plans": [
      {
        "Node Type": "Gather",
        "Parent Relationship": "Outer",
        "Parallel Aware": false,
        "Startup Cost": 193430.95,
        "Total Cost": 193431.06,
        "Plan Rows": 1,
        "Plan Width": 8,
        "Actual Startup Time": 741.473,
        "Actual Total Time": 787.707,
        "Actual Rows": 2,
        "Actual Loops": 1,
        "Workers Planned": 1,
        "Workers Launched": 1,
        "Single Copy": false,
        "Plans": [
          {
            "Node Type": "Aggregate",
            "Strategy": "Plain",
            "Partial Mode": "Partial",
            "Parent Relationship": "Outer",
            "Parallel Aware": false,
            "Startup Cost": 192430.95,
            "Total Cost": 192430.96,
            "Plan Rows": 1,
            "Plan Width": 8,
            "Actual Startup Time": 735.331,
            "Actual Total Time": 735.334,
            "Actual Rows": 1,
            "Actual Loops": 2,
            "Plans": [
              {
                "Node Type": "Nested Loop",
                "Parent Relationship": "Outer",
                "Parallel Aware": false,
                "Join Type": "Inner",
                "Startup Cost": 55652.0,
                "Total Cost": 191880.33,
                "Plan Rows": 220250,
                "Plan Width": 0,
                "Actual Startup Time": 159.076,
                "Actual Total Time": 700.256,
                "Actual Rows": 831513,
                "Actual Loops": 2,
                "Inner Unique": false,
                "Join Filter": "(t.id = mi.movie_id)",
                "Rows Removed by Join Filter": 0,
                "Plans": [
                  {
                    "Node Type": "Hash Join",
                    "Parent Relationship": "Outer",
                    "Parallel Aware": true,
                    "Join Type": "Inner",
                    "Startup Cost": 55651.57,
                    "Total Cost": 98955.1,
                    "Plan Rows": 37667,
                    "Plan Width": 8,
                    "Actual Startup Time": 159.013,
                    "Actual Total Time": 334.514,
                    "Actual Rows": 22033,
                    "Actual Loops": 2,
                    "Inner Unique": true,
                    "Hash Cond": "(mc.movie_id = t.id)",
                    "Plans": [
                      {
                        "Node Type": "Index Scan",
                        "Parent Relationship": "Outer",
                        "Parallel Aware": true,
                        "Scan Direction": "Forward",
                        "Index Name": "company_type_id_movie_companies",
                        "Relation Name": "movie_companies",
                        "Alias": "mc",
                        "Startup Cost": 0.43,
                        "Total Cost": 41574.35,
                        "Plan Rows": 658898,
                        "Plan Width": 4,
                        "Actual Startup Time": 0.125,
                        "Actual Total Time": 104.925,
                        "Actual Rows": 507172,
                        "Actual Loops": 2,
                        "Index Cond": "(company_type_id < 2)",
                        "Rows Removed by Index Recheck": 0,
                        "Filter": "(company_id > 160)",
                        "Rows Removed by Filter": 129950
                      },
                      {
                        "Node Type": "Hash",
                        "Parent Relationship": "Inner",
                        "Parallel Aware": true,
                        "Startup Cost": 54588.39,
                        "Total Cost": 54588.39,
                        "Plan Rows": 85020,
                        "Plan Width": 4,
                        "Actual Startup Time": 155.234,
                        "Actual Total Time": 155.235,
                        "Actual Rows": 70852,
                        "Actual Loops": 2,
                        "Hash Buckets": 262144,
                        "Original Hash Buckets": 262144,
                        "Hash Batches": 1,
                        "Original Hash Batches": 1,
                        "Peak Memory Usage": 7616,
                        "Plans": [
                          {
                            "Node Type": "Seq Scan",
                            "Parent Relationship": "Outer",
                            "Parallel Aware": true,
                            "Relation Name": "title",
                            "Alias": "t",
                            "Startup Cost": 0.0,
                            "Total Cost": 54588.39,
                            "Plan Rows": 85020,
                            "Plan Width": 4,
                            "Actual Startup Time": 0.035,
                            "Actual Total Time": 135.77,
                            "Actual Rows": 70852,
                            "Actual Loops": 2,
                            "Filter": "(production_year = 2010)",
                            "Rows Removed by Filter": 1193304
                          }
                        ]
                      }
                    ]
                  },
                  {
                    "Node Type": "Index Only Scan",
                    "Parent Relationship": "Inner",
                    "Parallel Aware": false,
                    "Scan Direction": "Forward",
                    "Index Name": "movie_id_movie_info",
                    "Relation Name": "movie_info",
                    "Alias": "mi",
                    "Startup Cost": 0.43,
                    "Total Cost": 1.94,
                    "Plan Rows": 42,
                    "Plan Width": 4,
                    "Actual Startup Time": 0.004,
                    "Actual Total Time": 0.013,
                    "Actual Rows": 38,
                    "Actual Loops": 44066,
                    "Index Cond": "(movie_id = mc.movie_id)",
                    "Rows Removed by Index Recheck": 0,
                    "Heap Fetches": 1663026
                  }
                ]
              }
            ]
          }
        ]
      }
    ]
  },
  "Planning Time": 1.011,
  "Triggers": [],
  "Execution Time": 787.822
}