{
  "Plan": {
    "Node Type": "Aggregate",
    "Strategy": "Plain",
    "Partial Mode": "Simple",
    "Parallel Aware": false,
    "Startup Cost": 1474456.82,
    "Total Cost": 1474456.83,
    "Plan Rows": 1,
    "Plan Width": 96,
    "Actual Startup Time": 82761.318,
    "Actual Total Time": 82776.848,
    "Actual Rows": 1,
    "Actual Loops": 1,
    "Plans": [
      {
        "Node Type": "Nested Loop",
        "Parent Relationship": "Outer",
        "Parallel Aware": false,
        "Join Type": "Inner",
        "Startup Cost": 755222.56,
        "Total Cost": 1474456.82,
        "Plan Rows": 1,
        "Plan Width": 48,
        "Actual Startup Time": 10246.729,
        "Actual Total Time": 82776.748,
        "Actual Rows": 15,
        "Actual Loops": 1,
        "Inner Unique": true,
        "Plans": [
          {
            "Node Type": "Nested Loop",
            "Parent Relationship": "Outer",
            "Parallel Aware": false,
            "Join Type": "Inner",
            "Startup Cost": 755222.42,
            "Total Cost": 1474456.64,
            "Plan Rows": 1,
            "Plan Width": 52,
            "Actual Startup Time": 10246.69,
            "Actual Total Time": 82776.398,
            "Actual Rows": 15,
            "Actual Loops": 1,
            "Inner Unique": false,
            "Join Filter": "(t.id = ci.movie_id)",
            "Rows Removed by Join Filter": 33,
            "Plans": [
              {
                "Node Type": "Nested Loop",
                "Parent Relationship": "Outer",
                "Parallel Aware": false,
                "Join Type": "Inner",
                "Startup Cost": 241827.43,
                "Total Cost": 288891.78,
                "Plan Rows": 1,
                "Plan Width": 29,
                "Actual Startup Time": 1280.495,
                "Actual Total Time": 1295.85,
                "Actual Rows": 6,
                "Actual Loops": 1,
                "Inner Unique": false,
                "Join Filter": "(mi.info_type_id = it.id)",
                "Rows Removed by Join Filter": 0,
                "Plans": [
                  {
                    "Node Type": "Seq Scan",
                    "Parent Relationship": "Outer",
                    "Parallel Aware": false,
                    "Relation Name": "info_type",
                    "Alias": "it",
                    "Startup Cost": 0.0,
                    "Total Cost": 2.41,
                    "Plan Rows": 1,
                    "Plan Width": 4,
                    "Actual Startup Time": 0.019,
                    "Actual Total Time": 0.025,
                    "Actual Rows": 1,
                    "Actual Loops": 1,
                    "Filter": "((info)::text = 'release dates'::text)",
                    "Rows Removed by Filter": 112
                  },
                  {
                    "Node Type": "Gather",
                    "Parent Relationship": "Inner",
                    "Parallel Aware": false,
                    "Startup Cost": 241827.43,
                    "Total Cost": 288889.36,
                    "Plan Rows": 1,
                    "Plan Width": 33,
                    "Actual Startup Time": 1280.469,
                    "Actual Total Time": 1295.796,
                    "Actual Rows": 6,
                    "Actual Loops": 1,
                    "Workers Planned": 4,
                    "Workers Launched": 4,
                    "Single Copy": false,
                    "Plans": [
                      {
                        "Node Type": "Hash Join",
                        "Parent Relationship": "Outer",
                        "Parallel Aware": true,
                        "Join Type": "Inner",
                        "Startup Cost": 240827.43,
                        "Total Cost": 287889.26,
                        "Plan Rows": 1,
                        "Plan Width": 33,
                        "Actual Startup Time": 1262.753,
                        "Actual Total Time": 1269.058,
                        "Actual Rows": 1,
                        "Actual Loops": 5,
                        "Inner Unique": false,
                        "Hash Cond": "(t.id = mi.movie_id)",
                        "Plans": [
                          {
                            "Node Type": "Seq Scan",
                            "Parent Relationship": "Outer",
                            "Parallel Aware": true,
                            "Relation Name": "title",
                            "Alias": "t",
                            "Startup Cost": 0.0,
                            "Total Cost": 47060.23,
                            "Plan Rows": 1,
                            "Plan Width": 21,
                            "Actual Startup Time": 130.704,
                            "Actual Total Time": 136.824,
                            "Actual Rows": 0,
                            "Actual Loops": 5,
                            "Filter": "((production_year >= 2000) AND (production_year <= 2005) AND (title = 'Shrek 2'::text))",
                            "Rows Removed by Filter": 505662
                          },
                          {
                            "Node Type": "Hash",
                            "Parent Relationship": "Inner",
                            "Parallel Aware": true,
                            "Startup Cost": 238685.94,
                            "Total Cost": 238685.94,
                            "Plan Rows": 171319,
                            "Plan Width": 12,
                            "Actual Startup Time": 1126.787,
                            "Actual Total Time": 1126.968,
                            "Actual Rows": 76546,
                            "Actual Loops": 5,
                            "Hash Buckets": 1048576,
                            "Original Hash Buckets": 1048576,
                            "Hash Batches": 1,
                            "Original Hash Batches": 1,
                            "Peak Memory Usage": 26240,
                            "Plans": [
                              {
                                "Node Type": "Hash Join",
                                "Parent Relationship": "Outer",
                                "Parallel Aware": true,
                                "Join Type": "Inner",
                                "Startup Cost": 38617.78,
                                "Total Cost": 238685.94,
                                "Plan Rows": 171319,
                                "Plan Width": 12,
                                "Actual Startup Time": 412.919,
                                "Actual Total Time": 1092.248,
                                "Actual Rows": 76546,
                                "Actual Loops": 5,
                                "Inner Unique": false,
                                "Hash Cond": "(mi.movie_id = mc.movie_id)",
                                "Plans": [
                                  {
                                    "Node Type": "Seq Scan",
                                    "Parent Relationship": "Outer",
                                    "Parallel Aware": true,
                                    "Relation Name": "movie_info",
                                    "Alias": "mi",
                                    "Startup Cost": 0.0,
                                    "Total Cost": 199164.27,
                                    "Plan Rows": 93669,
                                    "Plan Width": 8,
                                    "Actual Startup Time": 68.01,
                                    "Actual Total Time": 705.607,
                                    "Actual Rows": 77537,
                                    "Actual Loops": 5,
                                    "Filter": "(info ~~ 'USA:%200%'::text)",
                                    "Rows Removed by Filter": 2889607
                                  },
                                  {
                                    "Node Type": "Hash",
                                    "Parent Relationship": "Inner",
                                    "Parallel Aware": true,
                                    "Startup Cost": 34770.7,
                                    "Total Cost": 34770.7,
                                    "Plan Rows": 307766,
                                    "Plan Width": 4,
                                    "Actual Startup Time": 341.548,
                                    "Actual Total Time": 341.727,
                                    "Actual Rows": 230760,
                                    "Actual Loops": 5,
                                    "Hash Buckets": 2097152,
                                    "Original Hash Buckets": 1048576,
                                    "Hash Batches": 1,
                                    "Original Hash Batches": 1,
                                    "Peak Memory Usage": 69792,
                                    "Plans": [
                                      {
                                        "Node Type": "Hash Join",
                                        "Parent Relationship": "Outer",
                                        "Parallel Aware": true,
                                        "Join Type": "Inner",
                                        "Startup Cost": 5354.77,
                                        "Total Cost": 34770.7,
                                        "Plan Rows": 307766,
                                        "Plan Width": 4,
                                        "Actual Startup Time": 31.502,
                                        "Actual Total Time": 220.15,
                                        "Actual Rows": 230760,
                                        "Actual Loops": 5,
                                        "Inner Unique": true,
                                        "Hash Cond": "(mc.company_id = cn.id)",
                                        "Plans": [
                                          {
                                            "Node Type": "Seq Scan",
                                            "Parent Relationship": "Outer",
                                            "Parallel Aware": true,
                                            "Relation Name": "movie_companies",
                                            "Alias": "mc",
                                            "Startup Cost": 0.0,
                                            "Total Cost": 27206.55,
                                            "Plan Rows": 841655,
                                            "Plan Width": 8,
                                            "Actual Startup Time": 0.028,
                                            "Actual Total Time": 84.844,
                                            "Actual Rows": 521826,
                                            "Actual Loops": 5
                                          },
                                          {
                                            "Node Type": "Hash",
                                            "Parent Relationship": "Inner",
                                            "Parallel Aware": true,
                                            "Startup Cost": 4722.92,
                                            "Total Cost": 4722.92,
                                            "Plan Rows": 50548,
                                            "Plan Width": 4,
                                            "Actual Startup Time": 31.058,
                                            "Actual Total Time": 31.06,
                                            "Actual Rows": 16969,
                                            "Actual Loops": 5,
                                            "Hash Buckets": 131072,
                                            "Original Hash Buckets": 131072,
                                            "Hash Batches": 1,
                                            "Original Hash Batches": 1,
                                            "Peak Memory Usage": 4416,
                                            "Plans": [
                                              {
                                                "Node Type": "Seq Scan",
                                                "Parent Relationship": "Outer",
                                                "Parallel Aware": true,
                                                "Relation Name": "company_name",
                                                "Alias": "cn",
                                                "Startup Cost": 0.0,
                                                "Total Cost": 4722.92,
                                                "Plan Rows": 50548,
                                                "Plan Width": 4,
                                                "Actual Startup Time": 0.086,
                                                "Actual Total Time": 22.287,
                                                "Actual Rows": 16969,
                                                "Actual Loops": 5,
                                                "Filter": "((country_code)::text = '[us]'::text)",
                                                "Rows Removed by Filter": 30031
                                              }
                                            ]
                                          }
                                        ]
                                      }
                                    ]
                                  }
                                ]
                              }
                            ]
                          }
                        ]
                      }
                    ]
                  }
                ]
              },
              {
                "Node Type": "Nested Loop",
                "Parent Relationship": "Inner",
                "Parallel Aware": false,
                "Join Type": "Inner",
                "Startup Cost": 513394.99,
                "Total Cost": 1185564.85,
                "Plan Rows": 1,
                "Plan Width": 47,
                "Actual Startup Time": 2181.307,
                "Actual Total Time": 13580.075,
                "Actual Rows": 8,
                "Actual Loops": 6,
                "Inner Unique": false,
                "Join Filter": "(mk.movie_id = ci.movie_id)",
                "Rows Removed by Join Filter": 314,
                "Plans": [
                  {
                    "Node Type": "Nested Loop",
                    "Parent Relationship": "Outer",
                    "Parallel Aware": false,
                    "Join Type": "Inner",
                    "Startup Cost": 513388.17,
                    "Total Cost": 806978.41,
                    "Plan Rows": 1,
                    "Plan Width": 39,
                    "Actual Startup Time": 1087.307,
                    "Actual Total Time": 1641.171,
                    "Actual Rows": 14,
                    "Actual Loops": 6,
                    "Inner Unique": false,
                    "Join Filter": "(pi.info_type_id = it3.id)",
                    "Rows Removed by Join Filter": 1918,
                    "Plans": [
                      {
                        "Node Type": "Seq Scan",
                        "Parent Relationship": "Outer",
                        "Parallel Aware": false,
                        "Relation Name": "info_type",
                        "Alias": "it3",
                        "Startup Cost": 0.0,
                        "Total Cost": 2.41,
                        "Plan Rows": 1,
                        "Plan Width": 4,
                        "Actual Startup Time": 0.011,
                        "Actual Total Time": 0.026,
                        "Actual Rows": 1,
                        "Actual Loops": 6,
                        "Filter": "((info)::text = 'height'::text)",
                        "Rows Removed by Filter": 112
                      },
                      {
                        "Node Type": "Nested Loop",
                        "Parent Relationship": "Inner",
                        "Parallel Aware": false,
                        "Join Type": "Inner",
                        "Startup Cost": 513388.17,
                        "Total Cost": 806975.98,
                        "Plan Rows": 1,
                        "Plan Width": 43,
                        "Actual Startup Time": 1086.297,
                        "Actual Total Time": 1641.045,
                        "Actual Rows": 1932,
                        "Actual Loops": 6,
                        "Inner Unique": false,
                        "Join Filter": "(n.id = ci.person_id)",
                        "Rows Removed by Join Filter": 6796524,
                        "Plans": [
                          {
                            "Node Type": "Gather",
                            "Parent Relationship": "Outer",
                            "Parallel Aware": false,
                            "Startup Cost": 1000.43,
                            "Total Cost": 126904.55,
                            "Plan Rows": 6886,
                            "Plan Width": 27,
                            "Actual Startup Time": 130.057,
                            "Actual Total Time": 199.278,
                            "Actual Rows": 46248,
                            "Actual Loops": 6,
                            "Workers Planned": 4,
                            "Workers Launched": 4,
                            "Single Copy": false,
                            "Plans": [
                              {
                                "Node Type": "Nested Loop",
                                "Parent Relationship": "Outer",
                                "Parallel Aware": false,
                                "Join Type": "Inner",
                                "Startup Cost": 0.43,
                                "Total Cost": 125215.95,
                                "Plan Rows": 1722,
                                "Plan Width": 27,
                                "Actual Startup Time": 108.043,
                                "Actual Total Time": 384.1,
                                "Actual Rows": 9569,
                                "Actual Loops": 29,
                                "Inner Unique": false,
                                "Plans": [
                                  {
                                    "Node Type": "Seq Scan",
                                    "Parent Relationship": "Outer",
                                    "Parallel Aware": true,
                                    "Relation Name": "name",
                                    "Alias": "n",
                                    "Startup Cost": 0.0,
                                    "Total Cost": 71240.66,
                                    "Plan Rows": 2419,
                                    "Plan Width": 19,
                                    "Actual Startup Time": 107.697,
                                    "Actual Total Time": 288.46,
                                    "Actual Rows": 10347,
                                    "Actual Loops": 29,
                                    "Filter": "((name ~~ '%An%'::text) AND ((gender)::text = 'f'::text))",
                                    "Rows Removed by Filter": 851892
                                  },
                                  {
                                    "Node Type": "Index Scan",
                                    "Parent Relationship": "Inner",
                                    "Parallel Aware": false,
                                    "Scan Direction": "Forward",
                                    "Index Name": "person_id_person_info",
                                    "Relation Name": "person_info",
                                    "Alias": "pi",
                                    "Startup Cost": 0.43,
                                    "Total Cost": 22.06,
                                    "Plan Rows": 25,
                                    "Plan Width": 8,
                                    "Actual Startup Time": 0.008,
                                    "Actual Total Time": 0.008,
                                    "Actual Rows": 1,
                                    "Actual Loops": 300066,
                                    "Index Cond": "(person_id = n.id)",
                                    "Rows Removed by Index Recheck": 0
                                  }
                                ]
                              }
                            ]
                          },
                          {
                            "Node Type": "Materialize",
                            "Parent Relationship": "Inner",
                            "Parallel Aware": false,
                            "Startup Cost": 512387.74,
                            "Total Cost": 679968.14,
                            "Plan Rows": 1,
                            "Plan Width": 32,
                            "Actual Startup Time": 0.016,
                            "Actual Total Time": 0.024,
                            "Actual Rows": 147,
                            "Actual Loops": 277488,
                            "Plans": [
                              {
                                "Node Type": "Nested Loop",
                                "Parent Relationship": "Outer",
                                "Parallel Aware": false,
                                "Join Type": "Inner",
                                "Startup Cost": 512387.74,
                                "Total Cost": 679968.14,
                                "Plan Rows": 1,
                                "Plan Width": 32,
                                "Actual Startup Time": 4511.76,
                                "Actual Total Time": 5202.306,
                                "Actual Rows": 147,
                                "Actual Loops": 1,
                                "Inner Unique": false,
                                "Join Filter": "(ci.person_role_id = chn.id)",
                                "Rows Removed by Join Filter": 1770746,
                                "Plans": [
                                  {
                                    "Node Type": "Gather",
                                    "Parent Relationship": "Outer",
                                    "Parallel Aware": false,
                                    "Startup Cost": 1000.0,
                                    "Total Cost": 47261.39,
                                    "Plan Rows": 1,
                                    "Plan Width": 20,
                                    "Actual Startup Time": 18.889,
                                    "Actual Total Time": 18.957,
                                    "Actual Rows": 1,
                                    "Actual Loops": 1,
                                    "Workers Planned": 4,
                                    "Workers Launched": 4,
                                    "Single Copy": false,
                                    "Plans": [
                                      {
                                        "Node Type": "Seq Scan",
                                        "Parent Relationship": "Outer",
                                        "Parallel Aware": true,
                                        "Relation Name": "char_name",
                                        "Alias": "chn",
                                        "Startup Cost": 0.0,
                                        "Total Cost": 46261.29,
                                        "Plan Rows": 1,
                                        "Plan Width": 20,
                                        "Actual Startup Time": 155.209,
                                        "Actual Total Time": 155.212,
                                        "Actual Rows": 0,
                                        "Actual Loops": 5,
                                        "Filter": "(name = 'Queen'::text)",
                                        "Rows Removed by Filter": 628068
                                      }
                                    ]
                                  },
                                  {
                                    "Node Type": "Merge Join",
                                    "Parent Relationship": "Inner",
                                    "Parallel Aware": false,
                                    "Join Type": "Inner",
                                    "Startup Cost": 511387.74,
                                    "Total Cost": 606572.89,
                                    "Plan Rows": 2090709,
                                    "Plan Width": 20,
                                    "Actual Startup Time": 4447.251,
                                    "Actual Total Time": 5114.613,
                                    "Actual Rows": 1770893,
                                    "Actual Loops": 1,
                                    "Inner Unique": false,
                                    "Merge Cond": "(an.person_id = ci.person_id)",
                                    "Plans": [
                                      {
                                        "Node Type": "Index Only Scan",
                                        "Parent Relationship": "Outer",
                                        "Parallel Aware": false,
                                        "Scan Direction": "Forward",
                                        "Index Name": "person_id_aka_name",
                                        "Relation Name": "aka_name",
                                        "Alias": "an",
                                        "Startup Cost": 0.42,
                                        "Total Cost": 72027.93,
                                        "Plan Rows": 901343,
                                        "Plan Width": 4,
                                        "Actual Startup Time": 0.034,
                                        "Actual Total Time": 346.992,
                                        "Actual Rows": 766497,
                                        "Actual Loops": 1,
                                        "Heap Fetches": 766497
                                      },
                                      {
                                        "Node Type": "Sort",
                                        "Parent Relationship": "Inner",
                                        "Parallel Aware": false,
                                        "Startup Cost": 511386.84,
                                        "Total Cost": 513583.46,
                                        "Plan Rows": 878648,
                                        "Plan Width": 16,
                                        "Actual Startup Time": 4447.191,
                                        "Actual Total Time": 4522.349,
                                        "Actual Rows": 2083010,
                                        "Actual Loops": 1,
                                        "Sort Key": [
                                          "ci.person_id"
                                        ],
                                        "Sort Method": "quicksort",
                                        "Sort Space Used": 63797,
                                        "Sort Space Type": "Memory",
                                        "Plans": [
                                          {
                                            "Node Type": "Gather",
                                            "Parent Relationship": "Outer",
                                            "Parallel Aware": false,
                                            "Startup Cost": 1000.0,
                                            "Total Cost": 424642.65,
                                            "Plan Rows": 878648,
                                            "Plan Width": 16,
                                            "Actual Startup Time": 0.418,
                                            "Actual Total Time": 4256.312,
                                            "Actual Rows": 836701,
                                            "Actual Loops": 1,
                                            "Workers Planned": 6,
                                            "Workers Launched": 0,
                                            "Single Copy": false,
                                            "Plans": [
                                              {
                                                "Node Type": "Seq Scan",
                                                "Parent Relationship": "Outer",
                                                "Parallel Aware": true,
                                                "Relation Name": "cast_info",
                                                "Alias": "ci",
                                                "Startup Cost": 0.0,
                                                "Total Cost": 335777.85,
                                                "Plan Rows": 146441,
                                                "Plan Width": 16,
                                                "Actual Startup Time": 0.018,
                                                "Actual Total Time": 4201.763,
                                                "Actual Rows": 836701,
                                                "Actual Loops": 1,
                                                "Filter": "(note = ANY ('{(voice),\"(voice) (uncredited)\",\"(voice: English version)\"}'::text[]))",
                                                "Rows Removed by Filter": 35407643
                                              }
                                            ]
                                          }
                                        ]
                                      }
                                    ]
                                  }
                                ]
                              }
                            ]
                          }
                        ]
                      }
                    ]
                  },
                  {
                    "Node Type": "Nested Loop",
                    "Parent Relationship": "Inner",
                    "Parallel Aware": false,
                    "Join Type": "Inner",
                    "Startup Cost": 6.82,
                    "Total Cost": 378586.4,
                    "Plan Rows": 3,
                    "Plan Width": 8,
                    "Actual Startup Time": 138.603,
                    "Actual Total Time": 852.763,
                    "Actual Rows": 23,
                    "Actual Loops": 84,
                    "Inner Unique": false,
                    "Join Filter": "(cc.status_id = cct2.id)",
                    "Rows Removed by Join Filter": 51,
                    "Plans": [
                      {
                        "Node Type": "Seq Scan",
                        "Parent Relationship": "Outer",
                        "Parallel Aware": false,
                        "Relation Name": "comp_cast_type",
                        "Alias": "cct2",
                        "Startup Cost": 0.0,
                        "Total Cost": 1.05,
                        "Plan Rows": 1,
                        "Plan Width": 4,
                        "Actual Startup Time": 0.004,
                        "Actual Total Time": 0.004,
                        "Actual Rows": 1,
                        "Actual Loops": 84,
                        "Filter": "((kind)::text = 'complete+verified'::text)",
                        "Rows Removed by Filter": 3
                      },
                      {
                        "Node Type": "Nested Loop",
                        "Parent Relationship": "Inner",
                        "Parallel Aware": false,
                        "Join Type": "Inner",
                        "Startup Cost": 6.82,
                        "Total Cost": 378585.2,
                        "Plan Rows": 12,
                        "Plan Width": 12,
                        "Actual Startup Time": 31.301,
                        "Actual Total Time": 852.737,
                        "Actual Rows": 74,
                        "Actual Loops": 84,
                        "Inner Unique": false,
                        "Join Filter": "(mk.keyword_id = k.id)",
                        "Rows Removed by Join Filter": 1436573,
                        "Plans": [
                          {
                            "Node Type": "Seq Scan",
                            "Parent Relationship": "Outer",
                            "Parallel Aware": false,
                            "Relation Name": "keyword",
                            "Alias": "k",
                            "Startup Cost": 0.0,
                            "Total Cost": 2626.12,
                            "Plan Rows": 1,
                            "Plan Width": 4,
                            "Actual Startup Time": 0.027,
                            "Actual Total Time": 9.045,
                            "Actual Rows": 1,
                            "Actual Loops": 84,
                            "Filter": "(keyword = 'computer-animation'::text)",
                            "Rows Removed by Filter": 134169
                          },
                          {
                            "Node Type": "Nested Loop",
                            "Parent Relationship": "Inner",
                            "Parallel Aware": false,
                            "Join Type": "Inner",
                            "Startup Cost": 6.82,
                            "Total Cost": 356373.63,
                            "Plan Rows": 1566836,
                            "Plan Width": 16,
                            "Actual Startup Time": 0.058,
                            "Actual Total Time": 786.764,
                            "Actual Rows": 1436647,
                            "Actual Loops": 84,
                            "Inner Unique": false,
                            "Join Filter": "(cc.subject_id = cct1.id)",
                            "Rows Removed by Join Filter": 734720,
                            "Plans": [
                              {
                                "Node Type": "Seq Scan",
                                "Parent Relationship": "Outer",
                                "Parallel Aware": false,
                                "Relation Name": "comp_cast_type",
                                "Alias": "cct1",
                                "Startup Cost": 0.0,
                                "Total Cost": 1.05,
                                "Plan Rows": 1,
                                "Plan Width": 4,
                                "Actual Startup Time": 0.001,
                                "Actual Total Time": 0.007,
                                "Actual Rows": 1,
                                "Actual Loops": 84,
                                "Filter": "((kind)::text = 'cast'::text)",
                                "Rows Removed by Filter": 3
                              },
                              {
                                "Node Type": "Merge Join",
                                "Parent Relationship": "Inner",
                                "Parallel Aware": false,
                                "Join Type": "Inner",
                                "Startup Cost": 6.82,
                                "Total Cost": 278031.94,
                                "Plan Rows": 6267251,
                                "Plan Width": 20,
                                "Actual Startup Time": 0.054,
                                "Actual Total Time": 634.736,
                                "Actual Rows": 2171367,
                                "Actual Loops": 84,
                                "Inner Unique": false,
                                "Merge Cond": "(cc.movie_id = mk.movie_id)",
                                "Plans": [
                                  {
                                    "Node Type": "Index Scan",
                                    "Parent Relationship": "Outer",
                                    "Parallel Aware": false,
                                    "Scan Direction": "Forward",
                                    "Index Name": "movie_id_complete_cast",
                                    "Relation Name": "complete_cast",
                                    "Alias": "cc",
                                    "Startup Cost": 0.42,
                                    "Total Cost": 6650.11,
                                    "Plan Rows": 135086,
                                    "Plan Width": 12,
                                    "Actual Startup Time": 0.011,
                                    "Actual Total Time": 35.775,
                                    "Actual Rows": 132440,
                                    "Actual Loops": 84
                                  },
                                  {
                                    "Node Type": "Materialize",
                                    "Parent Relationship": "Inner",
                                    "Parallel Aware": false,
                                    "Startup Cost": 0.43,
                                    "Total Cost": 188458.3,
                                    "Plan Rows": 4523930,
                                    "Plan Width": 8,
                                    "Actual Startup Time": 0.001,
                                    "Actual Total Time": 192.492,
                                    "Actual Rows": 5218744,
                                    "Actual Loops": 84,
                                    "Plans": [
                                      {
                                        "Node Type": "Index Scan",
                                        "Parent Relationship": "Outer",
                                        "Parallel Aware": false,
                                        "Scan Direction": "Forward",
                                        "Index Name": "movie_id_movie_keyword",
                                        "Relation Name": "movie_keyword",
                                        "Alias": "mk",
                                        "Startup Cost": 0.43,
                                        "Total Cost": 177148.48,
                                        "Plan Rows": 4523930,
                                        "Plan Width": 8,
                                        "Actual Startup Time": 0.015,
                                        "Actual Total Time": 832.239,
                                        "Actual Rows": 4523930,
                                        "Actual Loops": 1
                                      }
                                    ]
                                  }
                                ]
                              }
                            ]
                          }
                        ]
                      }
                    ]
                  }
                ]
              }
            ]
          },
          {
            "Node Type": "Index Scan",
            "Parent Relationship": "Inner",
            "Parallel Aware": false,
            "Scan Direction": "Forward",
            "Index Name": "role_type_pkey",
            "Relation Name": "role_type",
            "Alias": "rt",
            "Startup Cost": 0.14,
            "Total Cost": 0.16,
            "Plan Rows": 1,
            "Plan Width": 4,
            "Actual Startup Time": 0.013,
            "Actual Total Time": 0.013,
            "Actual Rows": 1,
            "Actual Loops": 15,
            "Index Cond": "(id = ci.role_id)",
            "Rows Removed by Index Recheck": 0,
            "Filter": "((role)::text = 'actress'::text)",
            "Rows Removed by Filter": 0
          }
        ]
      }
    ]
  },
  "Planning Time": 3433.628,
  "Triggers": [],
  "Execution Time": 82850.228
}