[
  {
    "Plan": {
      "Node Type": "Aggregate",
      "Strategy": "Plain",
      "Partial Mode": "Finalize",
      "Parallel Aware": false,
      "Startup Cost": 336352.28,
      "Total Cost": 336352.29,
      "Plan Rows": 1,
      "Plan Width": 8,
      "Actual Startup Time": 776.717,
      "Actual Total Time": 837.012,
      "Actual Rows": 1,
      "Actual Loops": 1,
      "Plans": [
        {
          "Node Type": "Gather",
          "Parent Relationship": "Outer",
          "Parallel Aware": false,
          "Startup Cost": 336351.66,
          "Total Cost": 336352.27,
          "Plan Rows": 6,
          "Plan Width": 8,
          "Actual Startup Time": 776.584,
          "Actual Total Time": 837.001,
          "Actual Rows": 7,
          "Actual Loops": 1,
          "Workers Planned": 6,
          "Workers Launched": 6,
          "Single Copy": false,
          "Plans": [
            {
              "Node Type": "Aggregate",
              "Strategy": "Plain",
              "Partial Mode": "Partial",
              "Parent Relationship": "Outer",
              "Parallel Aware": false,
              "Startup Cost": 335351.66,
              "Total Cost": 335351.67,
              "Plan Rows": 1,
              "Plan Width": 8,
              "Actual Startup Time": 767.154,
              "Actual Total Time": 767.155,
              "Actual Rows": 1,
              "Actual Loops": 7,
              "Plans": [
                {
                  "Node Type": "Seq Scan",
                  "Parent Relationship": "Outer",
                  "Parallel Aware": true,
                  "Relation Name": "cast_info",
                  "Alias": "ci",
                  "Startup Cost": 0.0,
                  "Total Cost": 328162.03,
                  "Plan Rows": 2875852,
                  "Plan Width": 0,
                  "Actual Startup Time": 0.046,
                  "Actual Total Time": 643.038,
                  "Actual Rows": 2476259,
                  "Actual Loops": 7,
                  "Filter": "(person_id < 1712312)",
                  "Rows Removed by Filter": 2701504
                }
              ]
            }
          ]
        }
      ]
    },
    "Planning Time": 0.196,
    "Triggers": [],
    "Execution Time": 837.085
  }
]