[
    {
        "Bao": {
            "Bao prediction": "NaN",
            "Bao recommended hint": "(no hint)"
        }
    },
    {
        "Plan": {
            "Node Type": "Aggregate",
            "Strategy": "Plain",
            "Partial Mode": "Finalize",
            "Parallel Aware": false,
            "Startup Cost": 33264.48,
            "Total Cost": 33264.49,
            "Plan Rows": 1,
            "Plan Width": 8,
            "Actual Startup Time": 108.036,
            "Actual Total Time": 113.705,
            "Actual Rows": 1,
            "Actual Loops": 1,
            "Output": [
                "count(*)"
            ],
            "Plans": [
                {
                    "Node Type": "Gather",
                    "Parent Relationship": "Outer",
                    "Parallel Aware": false,
                    "Startup Cost": 33264.17,
                    "Total Cost": 33264.48,
                    "Plan Rows": 3,
                    "Plan Width": 8,
                    "Actual Startup Time": 107.944,
                    "Actual Total Time": 113.698,
                    "Actual Rows": 4,
                    "Actual Loops": 1,
                    "Output": [
                        "(PARTIAL count(*))"
                    ],
                    "Workers Planned": 3,
                    "Workers Launched": 3,
                    "Single Copy": false,
                    "Plans": [
                        {
                            "Node Type": "Aggregate",
                            "Strategy": "Plain",
                            "Partial Mode": "Partial",
                            "Parent Relationship": "Outer",
                            "Parallel Aware": false,
                            "Startup Cost": 32264.17,
                            "Total Cost": 32264.18,
                            "Plan Rows": 1,
                            "Plan Width": 8,
                            "Actual Startup Time": 99.556,
                            "Actual Total Time": 99.557,
                            "Actual Rows": 1,
                            "Actual Loops": 4,
                            "Output": [
                                "PARTIAL count(*)"
                            ],
                            "Workers": [
                                {
                                    "Worker Number": 0,
                                    "Actual Startup Time": 96.921,
                                    "Actual Total Time": 96.923,
                                    "Actual Rows": 1,
                                    "Actual Loops": 1
                                },
                                {
                                    "Worker Number": 1,
                                    "Actual Startup Time": 96.948,
                                    "Actual Total Time": 96.949,
                                    "Actual Rows": 1,
                                    "Actual Loops": 1
                                },
                                {
                                    "Worker Number": 2,
                                    "Actual Startup Time": 97.048,
                                    "Actual Total Time": 97.05,
                                    "Actual Rows": 1,
                                    "Actual Loops": 1
                                }
                            ],
                            "Plans": [
                                {
                                    "Node Type": "Seq Scan",
                                    "Parent Relationship": "Outer",
                                    "Parallel Aware": true,
                                    "Relation Name": "movie_companies",
                                    "Schema": "public",
                                    "Alias": "mc",
                                    "Startup Cost": 0.0,
                                    "Total Cost": 31414.82,
                                    "Plan Rows": 339739,
                                    "Plan Width": 0,
                                    "Actual Startup Time": 47.817,
                                    "Actual Total Time": 86.029,
                                    "Actual Rows": 298467,
                                    "Actual Loops": 4,
                                    "Output": [
                                        "id",
                                        "movie_id",
                                        "company_id",
                                        "company_type_id",
                                        "note"
                                    ],
                                    "Filter": "((mc.company_id > 521) AND (mc.company_type_id > 1))",
                                    "Rows Removed by Filter": 353815,
                                    "Workers": [
                                        {
                                            "Worker Number": 0,
                                            "Actual Startup Time": 45.188,
                                            "Actual Total Time": 83.629,
                                            "Actual Rows": 316215,
                                            "Actual Loops": 1
                                        },
                                        {
                                            "Worker Number": 1,
                                            "Actual Startup Time": 45.206,
                                            "Actual Total Time": 83.682,
                                            "Actual Rows": 316162,
                                            "Actual Loops": 1
                                        },
                                        {
                                            "Worker Number": 2,
                                            "Actual Startup Time": 45.313,
                                            "Actual Total Time": 84.032,
                                            "Actual Rows": 198571,
                                            "Actual Loops": 1
                                        }
                                    ]
                                }
                            ]
                        }
                    ]
                }
            ]
        },
        "Planning Time": 200.668,
        "Triggers": [],
        "Execution Time": 113.799
    }
]