[
  {
    "Plan": {
      "Node Type": "Aggregate",
      "Strategy": "Plain",
      "Partial Mode": "Finalize",
      "Parallel Aware": false,
      "Startup Cost": 101724.18,
      "Total Cost": 101724.19,
      "Plan Rows": 1,
      "Plan Width": 8,
      "Actual Startup Time": 368.081,
      "Actual Total Time": 402.229,
      "Actual Rows": 1,
      "Actual Loops": 1,
      "Plans": [
        {
          "Node Type": "Gather",
          "Parent Relationship": "Outer",
          "Parallel Aware": false,
          "Startup Cost": 101723.86,
          "Total Cost": 101724.17,
          "Plan Rows": 3,
          "Plan Width": 8,
          "Actual Startup Time": 365.541,
          "Actual Total Time": 402.217,
          "Actual Rows": 4,
          "Actual Loops": 1,
          "Workers Planned": 3,
          "Workers Launched": 3,
          "Single Copy": false,
          "Plans": [
            {
              "Node Type": "Aggregate",
              "Strategy": "Plain",
              "Partial Mode": "Partial",
              "Parent Relationship": "Outer",
              "Parallel Aware": false,
              "Startup Cost": 100723.86,
              "Total Cost": 100723.87,
              "Plan Rows": 1,
              "Plan Width": 8,
              "Actual Startup Time": 360.106,
              "Actual Total Time": 360.11,
              "Actual Rows": 1,
              "Actual Loops": 4,
              "Plans": [
                {
                  "Node Type": "Nested Loop",
                  "Parent Relationship": "Outer",
                  "Parallel Aware": false,
                  "Join Type": "Inner",
                  "Startup Cost": 48321.78,
                  "Total Cost": 100686.04,
                  "Plan Rows": 15126,
                  "Plan Width": 0,
                  "Actual Startup Time": 137.448,
                  "Actual Total Time": 355.101,
                  "Actual Rows": 96628,
                  "Actual Loops": 4,
                  "Inner Unique": false,
                  "Plans": [
                    {
                      "Node Type": "Hash Join",
                      "Parent Relationship": "Outer",
                      "Parallel Aware": true,
                      "Join Type": "Inner",
                      "Startup Cost": 48321.35,
                      "Total Cost": 73571.12,
                      "Plan Rows": 6403,
                      "Plan Width": 8,
                      "Actual Startup Time": 137.331,
                      "Actual Total Time": 172.712,
                      "Actual Rows": 9835,
                      "Actual Loops": 4,
                      "Inner Unique": true,
                      "Hash Cond": "(mk.movie_id = t.id)",
                      "Plans": [
                        {
                          "Node Type": "Bitmap Heap Scan",
                          "Parent Relationship": "Outer",
                          "Parallel Aware": true,
                          "Relation Name": "movie_keyword",
                          "Alias": "mk",
                          "Startup Cost": 3460.47,
                          "Total Cost": 28572.13,
                          "Plan Rows": 52613,
                          "Plan Width": 4,
                          "Actual Startup Time": 14.489,
                          "Actual Total Time": 38.991,
                          "Actual Rows": 40100,
                          "Actual Loops": 4,
                          "Recheck Cond": "(keyword_id > 72811)",
                          "Rows Removed by Index Recheck": 0,
                          "Exact Heap Blocks": 7233,
                          "Lossy Heap Blocks": 0,
                          "Plans": [
                            {
                              "Node Type": "Bitmap Index Scan",
                              "Parent Relationship": "Outer",
                              "Parallel Aware": false,
                              "Index Name": "keyword_id_movie_keyword",
                              "Startup Cost": 0.0,
                              "Total Cost": 3419.69,
                              "Plan Rows": 163101,
                              "Plan Width": 0,
                              "Actual Startup Time": 11.561,
                              "Actual Total Time": 11.562,
                              "Actual Rows": 160399,
                              "Actual Loops": 1,
                              "Index Cond": "(keyword_id > 72811)"
                            }
                          ]
                        },
                        {
                          "Node Type": "Hash",
                          "Parent Relationship": "Inner",
                          "Parallel Aware": true,
                          "Startup Cost": 43899.32,
                          "Total Cost": 43899.32,
                          "Plan Rows": 76925,
                          "Plan Width": 4,
                          "Actual Startup Time": 120.117,
                          "Actual Total Time": 120.117,
                          "Actual Rows": 80811,
                          "Actual Loops": 4,
                          "Hash Buckets": 524288,
                          "Original Hash Buckets": 524288,
                          "Hash Batches": 1,
                          "Original Hash Batches": 1,
                          "Peak Memory Usage": 16800,
                          "Plans": [
                            {
                              "Node Type": "Seq Scan",
                              "Parent Relationship": "Outer",
                              "Parallel Aware": true,
                              "Relation Name": "title",
                              "Alias": "t",
                              "Startup Cost": 0.0,
                              "Total Cost": 43899.32,
                              "Plan Rows": 76925,
                              "Plan Width": 4,
                              "Actual Startup Time": 0.027,
                              "Actual Total Time": 90.814,
                              "Actual Rows": 80811,
                              "Actual Loops": 4,
                              "Filter": "(production_year < 1967)",
                              "Rows Removed by Filter": 551267
                            }
                          ]
                        }
                      ]
                    },
                    {
                      "Node Type": "Index Scan",
                      "Parent Relationship": "Inner",
                      "Parallel Aware": false,
                      "Scan Direction": "Forward",
                      "Index Name": "movie_id_movie_info",
                      "Relation Name": "movie_info",
                      "Alias": "mi",
                      "Startup Cost": 0.43,
                      "Total Cost": 4.06,
                      "Plan Rows": 17,
                      "Plan Width": 4,
                      "Actual Startup Time": 0.004,
                      "Actual Total Time": 0.018,
                      "Actual Rows": 10,
                      "Actual Loops": 39339,
                      "Index Cond": "(movie_id = t.id)",
                      "Rows Removed by Index Recheck": 0,
                      "Filter": "(info_type_id < 7)",
                      "Rows Removed by Filter": 30
                    }
                  ]
                }
              ]
            }
          ]
        }
      ]
    },
    "Planning Time": 0.892,
    "Triggers": [],
    "Execution Time": 402.349
  }
]