[
  {
    "Plan": {
      "Node Type": "Aggregate",
      "Strategy": "Plain",
      "Partial Mode": "Finalize",
      "Parallel Aware": false,
      "Startup Cost": 45468.95,
      "Total Cost": 45468.96,
      "Plan Rows": 1,
      "Plan Width": 8,
      "Actual Startup Time": 135.088,
      "Actual Total Time": 145.058,
      "Actual Rows": 1,
      "Actual Loops": 1,
      "Plans": [
        {
          "Node Type": "Gather",
          "Parent Relationship": "Outer",
          "Parallel Aware": false,
          "Startup Cost": 45468.64,
          "Total Cost": 45468.95,
          "Plan Rows": 3,
          "Plan Width": 8,
          "Actual Startup Time": 134.828,
          "Actual Total Time": 145.048,
          "Actual Rows": 4,
          "Actual Loops": 1,
          "Workers Planned": 3,
          "Workers Launched": 3,
          "Single Copy": false,
          "Plans": [
            {
              "Node Type": "Aggregate",
              "Strategy": "Plain",
              "Partial Mode": "Partial",
              "Parent Relationship": "Outer",
              "Parallel Aware": false,
              "Startup Cost": 44468.64,
              "Total Cost": 44468.65,
              "Plan Rows": 1,
              "Plan Width": 8,
              "Actual Startup Time": 130.37,
              "Actual Total Time": 130.371,
              "Actual Rows": 1,
              "Actual Loops": 4,
              "Plans": [
                {
                  "Node Type": "Seq Scan",
                  "Parent Relationship": "Outer",
                  "Parallel Aware": true,
                  "Relation Name": "movie_keyword",
                  "Alias": "mk",
                  "Startup Cost": 0.0,
                  "Total Cost": 42695.65,
                  "Plan Rows": 709193,
                  "Plan Width": 0,
                  "Actual Startup Time": 0.567,
                  "Actual Total Time": 106.601,
                  "Actual Rows": 546694,
                  "Actual Loops": 4,
                  "Filter": "(keyword_id > 5166)",
                  "Rows Removed by Filter": 584289
                }
              ]
            }
          ]
        }
      ]
    },
    "Planning Time": 0.192,
    "Triggers": [],
    "Execution Time": 145.113
  }
]