[
    {
        "Bao": {
            "Bao prediction": "NaN",
            "Bao recommended hint": "(no hint)"
        }
    },
    {
        "Plan": {
            "Node Type": "Aggregate",
            "Strategy": "Plain",
            "Partial Mode": "Finalize",
            "Parallel Aware": false,
            "Startup Cost": 55778.25,
            "Total Cost": 55778.26,
            "Plan Rows": 1,
            "Plan Width": 8,
            "Actual Startup Time": 60.089,
            "Actual Total Time": 68.621,
            "Actual Rows": 1,
            "Actual Loops": 1,
            "Output": [
                "count(*)"
            ],
            "Plans": [
                {
                    "Node Type": "Gather",
                    "Parent Relationship": "Outer",
                    "Parallel Aware": false,
                    "Startup Cost": 55777.93,
                    "Total Cost": 55778.24,
                    "Plan Rows": 3,
                    "Plan Width": 8,
                    "Actual Startup Time": 59.276,
                    "Actual Total Time": 68.612,
                    "Actual Rows": 4,
                    "Actual Loops": 1,
                    "Output": [
                        "(PARTIAL count(*))"
                    ],
                    "Workers Planned": 3,
                    "Workers Launched": 3,
                    "Single Copy": false,
                    "Plans": [
                        {
                            "Node Type": "Aggregate",
                            "Strategy": "Plain",
                            "Partial Mode": "Partial",
                            "Parent Relationship": "Outer",
                            "Parallel Aware": false,
                            "Startup Cost": 54777.93,
                            "Total Cost": 54777.94,
                            "Plan Rows": 1,
                            "Plan Width": 8,
                            "Actual Startup Time": 50.406,
                            "Actual Total Time": 50.408,
                            "Actual Rows": 1,
                            "Actual Loops": 4,
                            "Output": [
                                "PARTIAL count(*)"
                            ],
                            "Workers": [
                                {
                                    "Worker Number": 0,
                                    "Actual Startup Time": 46.904,
                                    "Actual Total Time": 46.905,
                                    "Actual Rows": 1,
                                    "Actual Loops": 1
                                },
                                {
                                    "Worker Number": 1,
                                    "Actual Startup Time": 48.025,
                                    "Actual Total Time": 48.027,
                                    "Actual Rows": 1,
                                    "Actual Loops": 1
                                },
                                {
                                    "Worker Number": 2,
                                    "Actual Startup Time": 47.722,
                                    "Actual Total Time": 47.723,
                                    "Actual Rows": 1,
                                    "Actual Loops": 1
                                }
                            ],
                            "Plans": [
                                {
                                    "Node Type": "Nested Loop",
                                    "Parent Relationship": "Outer",
                                    "Parallel Aware": false,
                                    "Join Type": "Inner",
                                    "Startup Cost": 322.3,
                                    "Total Cost": 54774.48,
                                    "Plan Rows": 1379,
                                    "Plan Width": 0,
                                    "Actual Startup Time": 4.428,
                                    "Actual Total Time": 50.186,
                                    "Actual Rows": 2400,
                                    "Actual Loops": 4,
                                    "Inner Unique": false,
                                    "Workers": [
                                        {
                                            "Worker Number": 0,
                                            "Actual Startup Time": 3.669,
                                            "Actual Total Time": 46.687,
                                            "Actual Rows": 981,
                                            "Actual Loops": 1
                                        },
                                        {
                                            "Worker Number": 1,
                                            "Actual Startup Time": 5.399,
                                            "Actual Total Time": 47.853,
                                            "Actual Rows": 933,
                                            "Actual Loops": 1
                                        },
                                        {
                                            "Worker Number": 2,
                                            "Actual Startup Time": 6.169,
                                            "Actual Total Time": 47.534,
                                            "Actual Rows": 1011,
                                            "Actual Loops": 1
                                        }
                                    ],
                                    "Plans": [
                                        {
                                            "Node Type": "Nested Loop",
                                            "Parent Relationship": "Outer",
                                            "Parallel Aware": false,
                                            "Join Type": "Inner",
                                            "Startup Cost": 321.73,
                                            "Total Cost": 51630.7,
                                            "Plan Rows": 296,
                                            "Plan Width": 8,
                                            "Actual Startup Time": 3.297,
                                            "Actual Total Time": 27.217,
                                            "Actual Rows": 111,
                                            "Actual Loops": 4,
                                            "Output": [
                                                "t.id",
                                                "mk.movie_id"
                                            ],
                                            "Inner Unique": true,
                                            "Workers": [
                                                {
                                                    "Worker Number": 0,
                                                    "Actual Startup Time": 2.281,
                                                    "Actual Total Time": 20.323,
                                                    "Actual Rows": 35,
                                                    "Actual Loops": 1
                                                },
                                                {
                                                    "Worker Number": 1,
                                                    "Actual Startup Time": 4.071,
                                                    "Actual Total Time": 25.026,
                                                    "Actual Rows": 40,
                                                    "Actual Loops": 1
                                                },
                                                {
                                                    "Worker Number": 2,
                                                    "Actual Startup Time": 4.382,
                                                    "Actual Total Time": 24.599,
                                                    "Actual Rows": 47,
                                                    "Actual Loops": 1
                                                }
                                            ],
                                            "Plans": [
                                                {
                                                    "Node Type": "Bitmap Heap Scan",
                                                    "Parent Relationship": "Outer",
                                                    "Parallel Aware": true,
                                                    "Relation Name": "movie_keyword",
                                                    "Schema": "public",
                                                    "Alias": "mk",
                                                    "Startup Cost": 321.3,
                                                    "Total Cost": 22747.92,
                                                    "Plan Rows": 4865,
                                                    "Plan Width": 4,
                                                    "Actual Startup Time": 0.645,
                                                    "Actual Total Time": 6.512,
                                                    "Actual Rows": 3591,
                                                    "Actual Loops": 4,
                                                    "Output": [
                                                        "mk.id",
                                                        "mk.movie_id",
                                                        "mk.keyword_id"
                                                    ],
                                                    "Recheck Cond": "(mk.keyword_id = 1)",
                                                    "Rows Removed by Index Recheck": 0,
                                                    "Exact Heap Blocks": 4262,
                                                    "Lossy Heap Blocks": 0,
                                                    "Workers": [
                                                        {
                                                            "Worker Number": 0,
                                                            "Actual Startup Time": 0.168,
                                                            "Actual Total Time": 4.681,
                                                            "Actual Rows": 926,
                                                            "Actual Loops": 1
                                                        },
                                                        {
                                                            "Worker Number": 1,
                                                            "Actual Startup Time": 0.175,
                                                            "Actual Total Time": 5.573,
                                                            "Actual Rows": 1393,
                                                            "Actual Loops": 1
                                                        },
                                                        {
                                                            "Worker Number": 2,
                                                            "Actual Startup Time": 0.149,
                                                            "Actual Total Time": 5.841,
                                                            "Actual Rows": 1243,
                                                            "Actual Loops": 1
                                                        }
                                                    ],
                                                    "Plans": [
                                                        {
                                                            "Node Type": "Bitmap Index Scan",
                                                            "Parent Relationship": "Outer",
                                                            "Parallel Aware": false,
                                                            "Index Name": "keyword_id_movie_keyword",
                                                            "Startup Cost": 0.0,
                                                            "Total Cost": 317.53,
                                                            "Plan Rows": 15080,
                                                            "Plan Width": 0,
                                                            "Actual Startup Time": 1.325,
                                                            "Actual Total Time": 1.325,
                                                            "Actual Rows": 14364,
                                                            "Actual Loops": 1,
                                                            "Index Cond": "(mk.keyword_id = 1)"
                                                        }
                                                    ]
                                                },
                                                {
                                                    "Node Type": "Index Scan",
                                                    "Parent Relationship": "Inner",
                                                    "Parallel Aware": false,
                                                    "Scan Direction": "Forward",
                                                    "Index Name": "title_pkey",
                                                    "Relation Name": "title",
                                                    "Schema": "public",
                                                    "Alias": "t",
                                                    "Startup Cost": 0.43,
                                                    "Total Cost": 5.94,
                                                    "Plan Rows": 1,
                                                    "Plan Width": 4,
                                                    "Actual Startup Time": 0.005,
                                                    "Actual Total Time": 0.005,
                                                    "Actual Rows": 0,
                                                    "Actual Loops": 14364,
                                                    "Output": [
                                                        "t.id",
                                                        "t.title",
                                                        "t.imdb_index",
                                                        "t.kind_id",
                                                        "t.production_year",
                                                        "t.imdb_id",
                                                        "t.phonetic_code",
                                                        "t.episode_of_id",
                                                        "t.season_nr",
                                                        "t.episode_nr",
                                                        "t.series_years",
                                                        "t.md5sum"
                                                    ],
                                                    "Index Cond": "(t.id = mk.movie_id)",
                                                    "Rows Removed by Index Recheck": 0,
                                                    "Filter": "((t.kind_id < 7) AND (t.production_year > 2010))",
                                                    "Rows Removed by Filter": 1,
                                                    "Workers": [
                                                        {
                                                            "Worker Number": 0,
                                                            "Actual Startup Time": 0.016,
                                                            "Actual Total Time": 0.016,
                                                            "Actual Rows": 0,
                                                            "Actual Loops": 926
                                                        },
                                                        {
                                                            "Worker Number": 1,
                                                            "Actual Startup Time": 0.013,
                                                            "Actual Total Time": 0.013,
                                                            "Actual Rows": 0,
                                                            "Actual Loops": 1393
                                                        },
                                                        {
                                                            "Worker Number": 2,
                                                            "Actual Startup Time": 0.014,
                                                            "Actual Total Time": 0.014,
                                                            "Actual Rows": 0,
                                                            "Actual Loops": 1243
                                                        }
                                                    ]
                                                }
                                            ]
                                        },
                                        {
                                            "Node Type": "Index Scan",
                                            "Parent Relationship": "Inner",
                                            "Parallel Aware": false,
                                            "Scan Direction": "Forward",
                                            "Index Name": "movie_id_cast_info",
                                            "Relation Name": "cast_info",
                                            "Schema": "public",
                                            "Alias": "ci",
                                            "Startup Cost": 0.56,
                                            "Total Cost": 10.5,
                                            "Plan Rows": 12,
                                            "Plan Width": 4,
                                            "Actual Startup Time": 0.123,
                                            "Actual Total Time": 0.204,
                                            "Actual Rows": 22,
                                            "Actual Loops": 445,
                                            "Output": [
                                                "ci.id",
                                                "ci.person_id",
                                                "ci.movie_id",
                                                "ci.person_role_id",
                                                "ci.note",
                                                "ci.nr_order",
                                                "ci.role_id"
                                            ],
                                            "Index Cond": "(ci.movie_id = t.id)",
                                            "Rows Removed by Index Recheck": 0,
                                            "Filter": "((ci.person_id > 948325) AND (ci.role_id > 2))",
                                            "Rows Removed by Filter": 31,
                                            "Workers": [
                                                {
                                                    "Worker Number": 0,
                                                    "Actual Startup Time": 0.454,
                                                    "Actual Total Time": 0.745,
                                                    "Actual Rows": 28,
                                                    "Actual Loops": 35
                                                },
                                                {
                                                    "Worker Number": 1,
                                                    "Actual Startup Time": 0.362,
                                                    "Actual Total Time": 0.565,
                                                    "Actual Rows": 23,
                                                    "Actual Loops": 40
                                                },
                                                {
                                                    "Worker Number": 2,
                                                    "Actual Startup Time": 0.292,
                                                    "Actual Total Time": 0.483,
                                                    "Actual Rows": 22,
                                                    "Actual Loops": 47
                                                }
                                            ]
                                        }
                                    ]
                                }
                            ]
                        }
                    ]
                }
            ]
        },
        "Planning Time": 191.176,
        "Triggers": [],
        "Execution Time": 68.695
    }
]