[
  {
    "Plan": {
      "Node Type": "Aggregate",
      "Strategy": "Plain",
      "Partial Mode": "Finalize",
      "Parallel Aware": false,
      "Startup Cost": 46772.82,
      "Total Cost": 46772.83,
      "Plan Rows": 1,
      "Plan Width": 8,
      "Actual Startup Time": 204.606,
      "Actual Total Time": 213.087,
      "Actual Rows": 1,
      "Actual Loops": 1,
      "Plans": [
        {
          "Node Type": "Gather",
          "Parent Relationship": "Outer",
          "Parallel Aware": false,
          "Startup Cost": 46772.5,
          "Total Cost": 46772.81,
          "Plan Rows": 3,
          "Plan Width": 8,
          "Actual Startup Time": 204.487,
          "Actual Total Time": 213.075,
          "Actual Rows": 4,
          "Actual Loops": 1,
          "Workers Planned": 3,
          "Workers Launched": 3,
          "Single Copy": false,
          "Plans": [
            {
              "Node Type": "Aggregate",
              "Strategy": "Plain",
              "Partial Mode": "Partial",
              "Parent Relationship": "Outer",
              "Parallel Aware": false,
              "Startup Cost": 45772.5,
              "Total Cost": 45772.51,
              "Plan Rows": 1,
              "Plan Width": 8,
              "Actual Startup Time": 199.922,
              "Actual Total Time": 199.923,
              "Actual Rows": 1,
              "Actual Loops": 4,
              "Plans": [
                {
                  "Node Type": "Seq Scan",
                  "Parent Relationship": "Outer",
                  "Parallel Aware": true,
                  "Relation Name": "movie_keyword",
                  "Alias": "mk",
                  "Startup Cost": 0.0,
                  "Total Cost": 42695.65,
                  "Plan Rows": 1230739,
                  "Plan Width": 0,
                  "Actual Startup Time": 0.032,
                  "Actual Total Time": 146.392,
                  "Actual Rows": 954660,
                  "Actual Loops": 4,
                  "Filter": "(keyword_id < 26753)",
                  "Rows Removed by Filter": 176323
                }
              ]
            }
          ]
        }
      ]
    },
    "Planning Time": 0.132,
    "Triggers": [],
    "Execution Time": 213.137
  }
]