[
  {
    "Plan": {
      "Node Type": "Aggregate",
      "Strategy": "Plain",
      "Partial Mode": "Finalize",
      "Parallel Aware": false,
      "Startup Cost": 45560.48,
      "Total Cost": 45560.49,
      "Plan Rows": 1,
      "Plan Width": 8,
      "Actual Startup Time": 156.239,
      "Actual Total Time": 165.773,
      "Actual Rows": 1,
      "Actual Loops": 1,
      "Plans": [
        {
          "Node Type": "Gather",
          "Parent Relationship": "Outer",
          "Parallel Aware": false,
          "Startup Cost": 45560.17,
          "Total Cost": 45560.48,
          "Plan Rows": 3,
          "Plan Width": 8,
          "Actual Startup Time": 156.129,
          "Actual Total Time": 165.766,
          "Actual Rows": 4,
          "Actual Loops": 1,
          "Workers Planned": 3,
          "Workers Launched": 3,
          "Single Copy": false,
          "Plans": [
            {
              "Node Type": "Aggregate",
              "Strategy": "Plain",
              "Partial Mode": "Partial",
              "Parent Relationship": "Outer",
              "Parallel Aware": false,
              "Startup Cost": 44560.17,
              "Total Cost": 44560.18,
              "Plan Rows": 1,
              "Plan Width": 8,
              "Actual Startup Time": 149.635,
              "Actual Total Time": 149.636,
              "Actual Rows": 1,
              "Actual Loops": 4,
              "Plans": [
                {
                  "Node Type": "Seq Scan",
                  "Parent Relationship": "Outer",
                  "Parallel Aware": true,
                  "Relation Name": "movie_keyword",
                  "Alias": "mk",
                  "Startup Cost": 0.0,
                  "Total Cost": 42695.65,
                  "Plan Rows": 745805,
                  "Plan Width": 0,
                  "Actual Startup Time": 0.051,
                  "Actual Total Time": 121.25,
                  "Actual Rows": 579130,
                  "Actual Loops": 4,
                  "Filter": "(keyword_id < 5016)",
                  "Rows Removed by Filter": 551853
                }
              ]
            }
          ]
        }
      ]
    },
    "Planning Time": 0.179,
    "Triggers": [],
    "Execution Time": 165.827
  }
]