[
    {
        "Bao": {
            "Bao prediction": "NaN",
            "Bao recommended hint": "(no hint)"
        }
    },
    {
        "Plan": {
            "Node Type": "Aggregate",
            "Strategy": "Plain",
            "Partial Mode": "Finalize",
            "Parallel Aware": false,
            "Startup Cost": 305784.27,
            "Total Cost": 305784.28,
            "Plan Rows": 1,
            "Plan Width": 8,
            "Actual Startup Time": 149.613,
            "Actual Total Time": 158.425,
            "Actual Rows": 1,
            "Actual Loops": 1,
            "Output": [
                "count(*)"
            ],
            "Plans": [
                {
                    "Node Type": "Gather",
                    "Parent Relationship": "Outer",
                    "Parallel Aware": false,
                    "Startup Cost": 305783.64,
                    "Total Cost": 305784.25,
                    "Plan Rows": 6,
                    "Plan Width": 8,
                    "Actual Startup Time": 149.001,
                    "Actual Total Time": 158.417,
                    "Actual Rows": 7,
                    "Actual Loops": 1,
                    "Output": [
                        "(PARTIAL count(*))"
                    ],
                    "Workers Planned": 6,
                    "Workers Launched": 6,
                    "Single Copy": false,
                    "Plans": [
                        {
                            "Node Type": "Aggregate",
                            "Strategy": "Plain",
                            "Partial Mode": "Partial",
                            "Parent Relationship": "Outer",
                            "Parallel Aware": false,
                            "Startup Cost": 304783.64,
                            "Total Cost": 304783.65,
                            "Plan Rows": 1,
                            "Plan Width": 8,
                            "Actual Startup Time": 137.933,
                            "Actual Total Time": 137.937,
                            "Actual Rows": 1,
                            "Actual Loops": 7,
                            "Output": [
                                "PARTIAL count(*)"
                            ],
                            "Workers": [
                                {
                                    "Worker Number": 0,
                                    "Actual Startup Time": 135.308,
                                    "Actual Total Time": 135.312,
                                    "Actual Rows": 1,
                                    "Actual Loops": 1
                                },
                                {
                                    "Worker Number": 1,
                                    "Actual Startup Time": 136.013,
                                    "Actual Total Time": 136.017,
                                    "Actual Rows": 1,
                                    "Actual Loops": 1
                                },
                                {
                                    "Worker Number": 2,
                                    "Actual Startup Time": 136.087,
                                    "Actual Total Time": 136.09,
                                    "Actual Rows": 1,
                                    "Actual Loops": 1
                                },
                                {
                                    "Worker Number": 3,
                                    "Actual Startup Time": 136.598,
                                    "Actual Total Time": 136.601,
                                    "Actual Rows": 1,
                                    "Actual Loops": 1
                                },
                                {
                                    "Worker Number": 4,
                                    "Actual Startup Time": 136.675,
                                    "Actual Total Time": 136.679,
                                    "Actual Rows": 1,
                                    "Actual Loops": 1
                                },
                                {
                                    "Worker Number": 5,
                                    "Actual Startup Time": 136.783,
                                    "Actual Total Time": 136.791,
                                    "Actual Rows": 1,
                                    "Actual Loops": 1
                                }
                            ],
                            "Plans": [
                                {
                                    "Node Type": "Hash Join",
                                    "Parent Relationship": "Outer",
                                    "Parallel Aware": true,
                                    "Join Type": "Inner",
                                    "Startup Cost": 50718.59,
                                    "Total Cost": 304780.23,
                                    "Plan Rows": 1365,
                                    "Plan Width": 0,
                                    "Actual Startup Time": 95.619,
                                    "Actual Total Time": 137.87,
                                    "Actual Rows": 337,
                                    "Actual Loops": 7,
                                    "Inner Unique": true,
                                    "Hash Cond": "(ci.movie_id = t.id)",
                                    "Workers": [
                                        {
                                            "Worker Number": 0,
                                            "Actual Startup Time": 92.851,
                                            "Actual Total Time": 135.24,
                                            "Actual Rows": 294,
                                            "Actual Loops": 1
                                        },
                                        {
                                            "Worker Number": 1,
                                            "Actual Startup Time": 93.179,
                                            "Actual Total Time": 135.949,
                                            "Actual Rows": 536,
                                            "Actual Loops": 1
                                        },
                                        {
                                            "Worker Number": 2,
                                            "Actual Startup Time": 94.513,
                                            "Actual Total Time": 136.034,
                                            "Actual Rows": 186,
                                            "Actual Loops": 1
                                        },
                                        {
                                            "Worker Number": 3,
                                            "Actual Startup Time": 94.024,
                                            "Actual Total Time": 136.526,
                                            "Actual Rows": 295,
                                            "Actual Loops": 1
                                        },
                                        {
                                            "Worker Number": 4,
                                            "Actual Startup Time": 95.123,
                                            "Actual Total Time": 136.613,
                                            "Actual Rows": 249,
                                            "Actual Loops": 1
                                        },
                                        {
                                            "Worker Number": 5,
                                            "Actual Startup Time": 94.139,
                                            "Actual Total Time": 136.727,
                                            "Actual Rows": 270,
                                            "Actual Loops": 1
                                        }
                                    ],
                                    "Plans": [
                                        {
                                            "Node Type": "Bitmap Heap Scan",
                                            "Parent Relationship": "Outer",
                                            "Parallel Aware": true,
                                            "Relation Name": "cast_info",
                                            "Schema": "public",
                                            "Alias": "ci",
                                            "Startup Cost": 12042.73,
                                            "Total Cost": 265865.79,
                                            "Plan Rows": 90885,
                                            "Plan Width": 4,
                                            "Actual Startup Time": 40.707,
                                            "Actual Total Time": 67.043,
                                            "Actual Rows": 79808,
                                            "Actual Loops": 7,
                                            "Output": [
                                                "ci.id",
                                                "ci.person_id",
                                                "ci.movie_id",
                                                "ci.person_role_id",
                                                "ci.note",
                                                "ci.nr_order",
                                                "ci.role_id"
                                            ],
                                            "Recheck Cond": "(ci.person_id < 60758)",
                                            "Rows Removed by Index Recheck": 0,
                                            "Exact Heap Blocks": 1316,
                                            "Lossy Heap Blocks": 0,
                                            "Workers": [
                                                {
                                                    "Worker Number": 0,
                                                    "Actual Startup Time": 40.736,
                                                    "Actual Total Time": 67.248,
                                                    "Actual Rows": 67834,
                                                    "Actual Loops": 1
                                                },
                                                {
                                                    "Worker Number": 1,
                                                    "Actual Startup Time": 40.489,
                                                    "Actual Total Time": 66.796,
                                                    "Actual Rows": 116525,
                                                    "Actual Loops": 1
                                                },
                                                {
                                                    "Worker Number": 2,
                                                    "Actual Startup Time": 40.758,
                                                    "Actual Total Time": 67.213,
                                                    "Actual Rows": 63498,
                                                    "Actual Loops": 1
                                                },
                                                {
                                                    "Worker Number": 3,
                                                    "Actual Startup Time": 40.842,
                                                    "Actual Total Time": 67.33,
                                                    "Actual Rows": 64262,
                                                    "Actual Loops": 1
                                                },
                                                {
                                                    "Worker Number": 4,
                                                    "Actual Startup Time": 40.801,
                                                    "Actual Total Time": 67.387,
                                                    "Actual Rows": 63325,
                                                    "Actual Loops": 1
                                                },
                                                {
                                                    "Worker Number": 5,
                                                    "Actual Startup Time": 40.695,
                                                    "Actual Total Time": 67.56,
                                                    "Actual Rows": 71568,
                                                    "Actual Loops": 1
                                                }
                                            ],
                                            "Plans": [
                                                {
                                                    "Node Type": "Bitmap Index Scan",
                                                    "Parent Relationship": "Outer",
                                                    "Parallel Aware": false,
                                                    "Index Name": "person_id_cast_info",
                                                    "Startup Cost": 0.0,
                                                    "Total Cost": 11906.4,
                                                    "Plan Rows": 545311,
                                                    "Plan Width": 0,
                                                    "Actual Startup Time": 39.228,
                                                    "Actual Total Time": 39.228,
                                                    "Actual Rows": 558657,
                                                    "Actual Loops": 1,
                                                    "Index Cond": "(ci.person_id < 60758)",
                                                    "Workers": [
                                                        {
                                                            "Worker Number": 1,
                                                            "Actual Startup Time": 39.228,
                                                            "Actual Total Time": 39.228,
                                                            "Actual Rows": 558657,
                                                            "Actual Loops": 1
                                                        }
                                                    ]
                                                }
                                            ]
                                        },
                                        {
                                            "Node Type": "Hash",
                                            "Parent Relationship": "Inner",
                                            "Parallel Aware": true,
                                            "Startup Cost": 38557.19,
                                            "Total Cost": 38557.19,
                                            "Plan Rows": 9494,
                                            "Plan Width": 4,
                                            "Actual Startup Time": 53.952,
                                            "Actual Total Time": 53.954,
                                            "Actual Rows": 1984,
                                            "Actual Loops": 7,
                                            "Output": [
                                                "t.id"
                                            ],
                                            "Hash Buckets": 65536,
                                            "Original Hash Buckets": 65536,
                                            "Hash Batches": 1,
                                            "Original Hash Batches": 1,
                                            "Peak Memory Usage": 1120,
                                            "Workers": [
                                                {
                                                    "Worker Number": 0,
                                                    "Actual Startup Time": 51.459,
                                                    "Actual Total Time": 51.46,
                                                    "Actual Rows": 1398,
                                                    "Actual Loops": 1
                                                },
                                                {
                                                    "Worker Number": 1,
                                                    "Actual Startup Time": 52.184,
                                                    "Actual Total Time": 52.185,
                                                    "Actual Rows": 1415,
                                                    "Actual Loops": 1
                                                },
                                                {
                                                    "Worker Number": 2,
                                                    "Actual Startup Time": 52.305,
                                                    "Actual Total Time": 52.306,
                                                    "Actual Rows": 1348,
                                                    "Actual Loops": 1
                                                },
                                                {
                                                    "Worker Number": 3,
                                                    "Actual Startup Time": 52.767,
                                                    "Actual Total Time": 52.769,
                                                    "Actual Rows": 1398,
                                                    "Actual Loops": 1
                                                },
                                                {
                                                    "Worker Number": 4,
                                                    "Actual Startup Time": 52.888,
                                                    "Actual Total Time": 52.89,
                                                    "Actual Rows": 1352,
                                                    "Actual Loops": 1
                                                },
                                                {
                                                    "Worker Number": 5,
                                                    "Actual Startup Time": 52.956,
                                                    "Actual Total Time": 52.962,
                                                    "Actual Rows": 1306,
                                                    "Actual Loops": 1
                                                }
                                            ],
                                            "Plans": [
                                                {
                                                    "Node Type": "Bitmap Heap Scan",
                                                    "Parent Relationship": "Outer",
                                                    "Parallel Aware": true,
                                                    "Relation Name": "title",
                                                    "Schema": "public",
                                                    "Alias": "t",
                                                    "Startup Cost": 2116.1,
                                                    "Total Cost": 38557.19,
                                                    "Plan Rows": 9494,
                                                    "Plan Width": 4,
                                                    "Actual Startup Time": 14.514,
                                                    "Actual Total Time": 52.26,
                                                    "Actual Rows": 1984,
                                                    "Actual Loops": 7,
                                                    "Output": [
                                                        "t.id"
                                                    ],
                                                    "Recheck Cond": "(t.kind_id = 4)",
                                                    "Rows Removed by Index Recheck": 0,
                                                    "Filter": "(t.production_year < 1995)",
                                                    "Rows Removed by Filter": 14907,
                                                    "Exact Heap Blocks": 5299,
                                                    "Lossy Heap Blocks": 0,
                                                    "Workers": [
                                                        {
                                                            "Worker Number": 0,
                                                            "Actual Startup Time": 12.781,
                                                            "Actual Total Time": 49.907,
                                                            "Actual Rows": 1398,
                                                            "Actual Loops": 1
                                                        },
                                                        {
                                                            "Worker Number": 1,
                                                            "Actual Startup Time": 12.579,
                                                            "Actual Total Time": 50.456,
                                                            "Actual Rows": 1415,
                                                            "Actual Loops": 1
                                                        },
                                                        {
                                                            "Worker Number": 2,
                                                            "Actual Startup Time": 13.061,
                                                            "Actual Total Time": 50.707,
                                                            "Actual Rows": 1348,
                                                            "Actual Loops": 1
                                                        },
                                                        {
                                                            "Worker Number": 3,
                                                            "Actual Startup Time": 13.385,
                                                            "Actual Total Time": 51.135,
                                                            "Actual Rows": 1398,
                                                            "Actual Loops": 1
                                                        },
                                                        {
                                                            "Worker Number": 4,
                                                            "Actual Startup Time": 13.293,
                                                            "Actual Total Time": 51.296,
                                                            "Actual Rows": 1352,
                                                            "Actual Loops": 1
                                                        },
                                                        {
                                                            "Worker Number": 5,
                                                            "Actual Startup Time": 13.296,
                                                            "Actual Total Time": 51.331,
                                                            "Actual Rows": 1306,
                                                            "Actual Loops": 1
                                                        }
                                                    ],
                                                    "Plans": [
                                                        {
                                                            "Node Type": "Bitmap Index Scan",
                                                            "Parent Relationship": "Outer",
                                                            "Parallel Aware": false,
                                                            "Index Name": "kind_id_title",
                                                            "Startup Cost": 0.0,
                                                            "Total Cost": 2106.61,
                                                            "Plan Rows": 118157,
                                                            "Plan Width": 0,
                                                            "Actual Startup Time": 18.27,
                                                            "Actual Total Time": 18.27,
                                                            "Actual Rows": 118234,
                                                            "Actual Loops": 1,
                                                            "Index Cond": "(t.kind_id = 4)"
                                                        }
                                                    ]
                                                }
                                            ]
                                        }
                                    ]
                                }
                            ]
                        }
                    ]
                }
            ]
        },
        "Planning Time": 270.518,
        "Triggers": [],
        "Execution Time": 158.568
    }
]