[
  {
    "Plan": {
      "Node Type": "Aggregate",
      "Strategy": "Plain",
      "Partial Mode": "Finalize",
      "Parallel Aware": false,
      "Startup Cost": 112941.44,
      "Total Cost": 112941.45,
      "Plan Rows": 1,
      "Plan Width": 8,
      "Actual Startup Time": 190.945,
      "Actual Total Time": 202.248,
      "Actual Rows": 1,
      "Actual Loops": 1,
      "Plans": [
        {
          "Node Type": "Gather",
          "Parent Relationship": "Outer",
          "Parallel Aware": false,
          "Startup Cost": 112940.92,
          "Total Cost": 112941.43,
          "Plan Rows": 5,
          "Plan Width": 8,
          "Actual Startup Time": 190.863,
          "Actual Total Time": 202.235,
          "Actual Rows": 6,
          "Actual Loops": 1,
          "Workers Planned": 5,
          "Workers Launched": 5,
          "Single Copy": false,
          "Plans": [
            {
              "Node Type": "Aggregate",
              "Strategy": "Plain",
              "Partial Mode": "Partial",
              "Parent Relationship": "Outer",
              "Parallel Aware": false,
              "Startup Cost": 111940.92,
              "Total Cost": 111940.93,
              "Plan Rows": 1,
              "Plan Width": 8,
              "Actual Startup Time": 180.375,
              "Actual Total Time": 180.376,
              "Actual Rows": 1,
              "Actual Loops": 6,
              "Plans": [
                {
                  "Node Type": "Index Scan",
                  "Parent Relationship": "Outer",
                  "Parallel Aware": true,
                  "Scan Direction": "Forward",
                  "Index Name": "role_id_cast_info",
                  "Relation Name": "cast_info",
                  "Alias": "ci",
                  "Startup Cost": 0.56,
                  "Total Cost": 110428.26,
                  "Plan Rows": 605067,
                  "Plan Width": 0,
                  "Actual Startup Time": 0.171,
                  "Actual Total Time": 159.779,
                  "Actual Rows": 374346,
                  "Actual Loops": 6,
                  "Index Cond": "(role_id = 3)",
                  "Rows Removed by Index Recheck": 0,
                  "Filter": "(person_id < 2790618)",
                  "Rows Removed by Filter": 293660
                }
              ]
            }
          ]
        }
      ]
    },
    "Planning Time": 0.237,
    "Triggers": [],
    "Execution Time": 202.316
  }
]