[
  {
    "Plan": {
      "Node Type": "Aggregate",
      "Strategy": "Plain",
      "Partial Mode": "Simple",
      "Parallel Aware": false,
      "Startup Cost": 19016.3,
      "Total Cost": 19016.31,
      "Plan Rows": 1,
      "Plan Width": 8,
      "Actual Startup Time": 27.194,
      "Actual Total Time": 27.195,
      "Actual Rows": 1,
      "Actual Loops": 1,
      "Plans": [
        {
          "Node Type": "Bitmap Heap Scan",
          "Parent Relationship": "Outer",
          "Parallel Aware": false,
          "Relation Name": "movie_keyword",
          "Alias": "mk",
          "Startup Cost": 213.57,
          "Total Cost": 18991.42,
          "Plan Rows": 9953,
          "Plan Width": 0,
          "Actual Startup Time": 6.668,
          "Actual Total Time": 25.535,
          "Actual Rows": 12645,
          "Actual Loops": 1,
          "Recheck Cond": "(keyword_id = 245)",
          "Rows Removed by Index Recheck": 0,
          "Exact Heap Blocks": 8382,
          "Lossy Heap Blocks": 0,
          "Plans": [
            {
              "Node Type": "Bitmap Index Scan",
              "Parent Relationship": "Outer",
              "Parallel Aware": false,
              "Index Name": "keyword_id_movie_keyword",
              "Startup Cost": 0.0,
              "Total Cost": 211.08,
              "Plan Rows": 9953,
              "Plan Width": 0,
              "Actual Startup Time": 3.485,
              "Actual Total Time": 3.485,
              "Actual Rows": 12645,
              "Actual Loops": 1,
              "Index Cond": "(keyword_id = 245)"
            }
          ]
        }
      ]
    },
    "Planning Time": 0.15,
    "Triggers": [],
    "Execution Time": 27.248
  }
]