{
    "Plan": {
        "Node Type": "Aggregate",
        "Strategy": "Plain",
        "Partial Mode": "Simple",
        "Parallel Aware": false,
        "Startup Cost": 20000306319.35,
        "Total Cost": 20000306319.36,
        "Plan Rows": 1,
        "Plan Width": 8,
        "Actual Startup Time": 2861.586,
        "Actual Total Time": 2861.588,
        "Actual Rows": 1,
        "Actual Loops": 1,
        "Output": [
            "count(*)"
        ],
        "Plans": [
            {
                "Node Type": "Hash Join",
                "Parent Relationship": "Outer",
                "Parallel Aware": false,
                "Join Type": "Inner",
                "Startup Cost": 20000117107.9,
                "Total Cost": 20000306160.26,
                "Plan Rows": 63637,
                "Plan Width": 0,
                "Actual Startup Time": 1815.984,
                "Actual Total Time": 2857.696,
                "Actual Rows": 76522,
                "Actual Loops": 1,
                "Inner Unique": true,
                "Hash Cond": "(mk.movie_id = t.id)",
                "Plans": [
                    {
                        "Node Type": "Index Scan",
                        "Parent Relationship": "Outer",
                        "Parallel Aware": false,
                        "Scan Direction": "Forward",
                        "Index Name": "movie_id_movie_keyword",
                        "Relation Name": "movie_keyword",
                        "Schema": "public",
                        "Alias": "mk",
                        "Startup Cost": 10000000000.43,
                        "Total Cost": 10000177177.46,
                        "Plan Rows": 4523930,
                        "Plan Width": 4,
                        "Actual Startup Time": 0.085,
                        "Actual Total Time": 643.175,
                        "Actual Rows": 4523930,
                        "Actual Loops": 1,
                        "Output": [
                            "mk.id",
                            "mk.movie_id",
                            "mk.keyword_id"
                        ]
                    },
                    {
                        "Node Type": "Hash",
                        "Parent Relationship": "Inner",
                        "Parallel Aware": false,
                        "Startup Cost": 10000116662.9,
                        "Total Cost": 10000116662.9,
                        "Plan Rows": 35565,
                        "Plan Width": 4,
                        "Actual Startup Time": 1814.518,
                        "Actual Total Time": 1814.519,
                        "Actual Rows": 36509,
                        "Actual Loops": 1,
                        "Output": [
                            "t.id"
                        ],
                        "Hash Buckets": 65536,
                        "Original Hash Buckets": 65536,
                        "Hash Batches": 1,
                        "Original Hash Batches": 1,
                        "Peak Memory Usage": 1796,
                        "Plans": [
                            {
                                "Node Type": "Index Scan",
                                "Parent Relationship": "Outer",
                                "Parallel Aware": false,
                                "Scan Direction": "Forward",
                                "Index Name": "title_pkey",
                                "Relation Name": "title",
                                "Schema": "public",
                                "Alias": "t",
                                "Startup Cost": 10000000000.43,
                                "Total Cost": 10000116662.9,
                                "Plan Rows": 35565,
                                "Plan Width": 4,
                                "Actual Startup Time": 9.765,
                                "Actual Total Time": 1798.927,
                                "Actual Rows": 36509,
                                "Actual Loops": 1,
                                "Output": [
                                    "t.id"
                                ],
                                "Filter": "(t.production_year = 1996)",
                                "Rows Removed by Filter": 2491803
                            }
                        ]
                    }
                ]
            }
        ]
    },
    "Planning Time": 2.362,
    "Triggers": [],
    "Execution Time": 2861.94
}