[
    {
        "Bao": {
            "Bao prediction": "NaN",
            "Bao recommended hint": "(no hint)"
        }
    },
    {
        "Plan": {
            "Node Type": "Aggregate",
            "Strategy": "Plain",
            "Partial Mode": "Finalize",
            "Parallel Aware": false,
            "Startup Cost": 154570.08,
            "Total Cost": 154570.09,
            "Plan Rows": 1,
            "Plan Width": 8,
            "Actual Startup Time": 341.885,
            "Actual Total Time": 353.491,
            "Actual Rows": 1,
            "Actual Loops": 1,
            "Output": [
                "count(*)"
            ],
            "Plans": [
                {
                    "Node Type": "Gather",
                    "Parent Relationship": "Outer",
                    "Parallel Aware": false,
                    "Startup Cost": 154569.55,
                    "Total Cost": 154570.06,
                    "Plan Rows": 5,
                    "Plan Width": 8,
                    "Actual Startup Time": 341.441,
                    "Actual Total Time": 353.481,
                    "Actual Rows": 6,
                    "Actual Loops": 1,
                    "Output": [
                        "(PARTIAL count(*))"
                    ],
                    "Workers Planned": 5,
                    "Workers Launched": 5,
                    "Single Copy": false,
                    "Plans": [
                        {
                            "Node Type": "Aggregate",
                            "Strategy": "Plain",
                            "Partial Mode": "Partial",
                            "Parent Relationship": "Outer",
                            "Parallel Aware": false,
                            "Startup Cost": 153569.55,
                            "Total Cost": 153569.56,
                            "Plan Rows": 1,
                            "Plan Width": 8,
                            "Actual Startup Time": 331.229,
                            "Actual Total Time": 331.233,
                            "Actual Rows": 1,
                            "Actual Loops": 6,
                            "Output": [
                                "PARTIAL count(*)"
                            ],
                            "Workers": [
                                {
                                    "Worker Number": 0,
                                    "Actual Startup Time": 328.735,
                                    "Actual Total Time": 328.737,
                                    "Actual Rows": 1,
                                    "Actual Loops": 1
                                },
                                {
                                    "Worker Number": 1,
                                    "Actual Startup Time": 329.01,
                                    "Actual Total Time": 329.013,
                                    "Actual Rows": 1,
                                    "Actual Loops": 1
                                },
                                {
                                    "Worker Number": 2,
                                    "Actual Startup Time": 329.35,
                                    "Actual Total Time": 329.354,
                                    "Actual Rows": 1,
                                    "Actual Loops": 1
                                },
                                {
                                    "Worker Number": 3,
                                    "Actual Startup Time": 329.661,
                                    "Actual Total Time": 329.663,
                                    "Actual Rows": 1,
                                    "Actual Loops": 1
                                },
                                {
                                    "Worker Number": 4,
                                    "Actual Startup Time": 330.043,
                                    "Actual Total Time": 330.047,
                                    "Actual Rows": 1,
                                    "Actual Loops": 1
                                }
                            ],
                            "Plans": [
                                {
                                    "Node Type": "Hash Join",
                                    "Parent Relationship": "Outer",
                                    "Parallel Aware": true,
                                    "Join Type": "Inner",
                                    "Startup Cost": 44191.38,
                                    "Total Cost": 153495.62,
                                    "Plan Rows": 29573,
                                    "Plan Width": 0,
                                    "Actual Startup Time": 82.371,
                                    "Actual Total Time": 329.336,
                                    "Actual Rows": 27402,
                                    "Actual Loops": 6,
                                    "Inner Unique": true,
                                    "Hash Cond": "(ci.movie_id = t.id)",
                                    "Workers": [
                                        {
                                            "Worker Number": 0,
                                            "Actual Startup Time": 79.799,
                                            "Actual Total Time": 326.833,
                                            "Actual Rows": 35301,
                                            "Actual Loops": 1
                                        },
                                        {
                                            "Worker Number": 1,
                                            "Actual Startup Time": 80.407,
                                            "Actual Total Time": 327.114,
                                            "Actual Rows": 22354,
                                            "Actual Loops": 1
                                        },
                                        {
                                            "Worker Number": 2,
                                            "Actual Startup Time": 80.763,
                                            "Actual Total Time": 327.363,
                                            "Actual Rows": 23495,
                                            "Actual Loops": 1
                                        },
                                        {
                                            "Worker Number": 3,
                                            "Actual Startup Time": 80.753,
                                            "Actual Total Time": 327.67,
                                            "Actual Rows": 23184,
                                            "Actual Loops": 1
                                        },
                                        {
                                            "Worker Number": 4,
                                            "Actual Startup Time": 81.195,
                                            "Actual Total Time": 328.14,
                                            "Actual Rows": 22358,
                                            "Actual Loops": 1
                                        }
                                    ],
                                    "Plans": [
                                        {
                                            "Node Type": "Index Scan",
                                            "Parent Relationship": "Outer",
                                            "Parallel Aware": true,
                                            "Scan Direction": "Forward",
                                            "Index Name": "role_id_cast_info",
                                            "Relation Name": "cast_info",
                                            "Schema": "public",
                                            "Alias": "ci",
                                            "Startup Cost": 0.56,
                                            "Total Cost": 107202.96,
                                            "Plan Rows": 800703,
                                            "Plan Width": 4,
                                            "Actual Startup Time": 0.138,
                                            "Actual Total Time": 131.899,
                                            "Actual Rows": 668006,
                                            "Actual Loops": 6,
                                            "Output": [
                                                "ci.id",
                                                "ci.person_id",
                                                "ci.movie_id",
                                                "ci.person_role_id",
                                                "ci.note",
                                                "ci.nr_order",
                                                "ci.role_id"
                                            ],
                                            "Index Cond": "(ci.role_id = 3)",
                                            "Rows Removed by Index Recheck": 0,
                                            "Workers": [
                                                {
                                                    "Worker Number": 0,
                                                    "Actual Startup Time": 0.101,
                                                    "Actual Total Time": 131.733,
                                                    "Actual Rows": 816688,
                                                    "Actual Loops": 1
                                                },
                                                {
                                                    "Worker Number": 1,
                                                    "Actual Startup Time": 0.153,
                                                    "Actual Total Time": 132.901,
                                                    "Actual Rows": 570597,
                                                    "Actual Loops": 1
                                                },
                                                {
                                                    "Worker Number": 2,
                                                    "Actual Startup Time": 0.205,
                                                    "Actual Total Time": 132.365,
                                                    "Actual Rows": 566686,
                                                    "Actual Loops": 1
                                                },
                                                {
                                                    "Worker Number": 3,
                                                    "Actual Startup Time": 0.079,
                                                    "Actual Total Time": 132.368,
                                                    "Actual Rows": 565132,
                                                    "Actual Loops": 1
                                                },
                                                {
                                                    "Worker Number": 4,
                                                    "Actual Startup Time": 0.251,
                                                    "Actual Total Time": 132.215,
                                                    "Actual Rows": 562784,
                                                    "Actual Loops": 1
                                                }
                                            ]
                                        },
                                        {
                                            "Node Type": "Hash",
                                            "Parent Relationship": "Inner",
                                            "Parallel Aware": true,
                                            "Startup Cost": 43899.01,
                                            "Total Cost": 43899.01,
                                            "Plan Rows": 23345,
                                            "Plan Width": 4,
                                            "Actual Startup Time": 81.246,
                                            "Actual Total Time": 81.247,
                                            "Actual Rows": 15834,
                                            "Actual Loops": 6,
                                            "Output": [
                                                "t.id"
                                            ],
                                            "Hash Buckets": 131072,
                                            "Original Hash Buckets": 131072,
                                            "Hash Batches": 1,
                                            "Original Hash Batches": 1,
                                            "Peak Memory Usage": 4864,
                                            "Workers": [
                                                {
                                                    "Worker Number": 0,
                                                    "Actual Startup Time": 78.885,
                                                    "Actual Total Time": 78.885,
                                                    "Actual Rows": 14729,
                                                    "Actual Loops": 1
                                                },
                                                {
                                                    "Worker Number": 1,
                                                    "Actual Startup Time": 79.224,
                                                    "Actual Total Time": 79.225,
                                                    "Actual Rows": 11045,
                                                    "Actual Loops": 1
                                                },
                                                {
                                                    "Worker Number": 2,
                                                    "Actual Startup Time": 79.594,
                                                    "Actual Total Time": 79.595,
                                                    "Actual Rows": 11492,
                                                    "Actual Loops": 1
                                                },
                                                {
                                                    "Worker Number": 3,
                                                    "Actual Startup Time": 79.827,
                                                    "Actual Total Time": 79.828,
                                                    "Actual Rows": 11279,
                                                    "Actual Loops": 1
                                                },
                                                {
                                                    "Worker Number": 4,
                                                    "Actual Startup Time": 80.065,
                                                    "Actual Total Time": 80.066,
                                                    "Actual Rows": 11281,
                                                    "Actual Loops": 1
                                                }
                                            ],
                                            "Plans": [
                                                {
                                                    "Node Type": "Seq Scan",
                                                    "Parent Relationship": "Outer",
                                                    "Parallel Aware": true,
                                                    "Relation Name": "title",
                                                    "Schema": "public",
                                                    "Alias": "t",
                                                    "Startup Cost": 0.0,
                                                    "Total Cost": 43899.01,
                                                    "Plan Rows": 23345,
                                                    "Plan Width": 4,
                                                    "Actual Startup Time": 0.053,
                                                    "Actual Total Time": 73.611,
                                                    "Actual Rows": 15834,
                                                    "Actual Loops": 6,
                                                    "Output": [
                                                        "t.id"
                                                    ],
                                                    "Filter": "(t.production_year = 2005)",
                                                    "Rows Removed by Filter": 405551,
                                                    "Workers": [
                                                        {
                                                            "Worker Number": 0,
                                                            "Actual Startup Time": 0.073,
                                                            "Actual Total Time": 71.311,
                                                            "Actual Rows": 14729,
                                                            "Actual Loops": 1
                                                        },
                                                        {
                                                            "Worker Number": 1,
                                                            "Actual Startup Time": 0.056,
                                                            "Actual Total Time": 71.606,
                                                            "Actual Rows": 11045,
                                                            "Actual Loops": 1
                                                        },
                                                        {
                                                            "Worker Number": 2,
                                                            "Actual Startup Time": 0.054,
                                                            "Actual Total Time": 72.713,
                                                            "Actual Rows": 11492,
                                                            "Actual Loops": 1
                                                        },
                                                        {
                                                            "Worker Number": 3,
                                                            "Actual Startup Time": 0.061,
                                                            "Actual Total Time": 72.968,
                                                            "Actual Rows": 11279,
                                                            "Actual Loops": 1
                                                        },
                                                        {
                                                            "Worker Number": 4,
                                                            "Actual Startup Time": 0.059,
                                                            "Actual Total Time": 73.217,
                                                            "Actual Rows": 11281,
                                                            "Actual Loops": 1
                                                        }
                                                    ]
                                                }
                                            ]
                                        }
                                    ]
                                }
                            ]
                        }
                    ]
                }
            ]
        },
        "Planning Time": 173.853,
        "Triggers": [],
        "Execution Time": 353.605
    }
]