{
  "Plan": {
    "Node Type": "Aggregate",
    "Strategy": "Plain",
    "Partial Mode": "Finalize",
    "Parallel Aware": false,
    "Startup Cost": 67657.48,
    "Total Cost": 67657.49,
    "Plan Rows": 1,
    "Plan Width": 8,
    "Actual Startup Time": 52.742,
    "Actual Total Time": 59.227,
    "Actual Rows": 1,
    "Actual Loops": 1,
    "Plans": [
      {
        "Node Type": "Gather",
        "Parent Relationship": "Outer",
        "Parallel Aware": false,
        "Startup Cost": 67657.36,
        "Total Cost": 67657.47,
        "Plan Rows": 1,
        "Plan Width": 8,
        "Actual Startup Time": 52.604,
        "Actual Total Time": 59.221,
        "Actual Rows": 2,
        "Actual Loops": 1,
        "Workers Planned": 1,
        "Workers Launched": 1,
        "Single Copy": false,
        "Plans": [
          {
            "Node Type": "Aggregate",
            "Strategy": "Plain",
            "Partial Mode": "Partial",
            "Parent Relationship": "Outer",
            "Parallel Aware": false,
            "Startup Cost": 66657.36,
            "Total Cost": 66657.37,
            "Plan Rows": 1,
            "Plan Width": 8,
            "Actual Startup Time": 46.505,
            "Actual Total Time": 46.507,
            "Actual Rows": 1,
            "Actual Loops": 2,
            "Plans": [
              {
                "Node Type": "Nested Loop",
                "Parent Relationship": "Outer",
                "Parallel Aware": false,
                "Join Type": "Inner",
                "Startup Cost": 258.79,
                "Total Cost": 66652.72,
                "Plan Rows": 1859,
                "Plan Width": 0,
                "Actual Startup Time": 4.399,
                "Actual Total Time": 46.236,
                "Actual Rows": 2658,
                "Actual Loops": 2,
                "Inner Unique": false,
                "Plans": [
                  {
                    "Node Type": "Nested Loop",
                    "Parent Relationship": "Outer",
                    "Parallel Aware": false,
                    "Join Type": "Inner",
                    "Startup Cost": 258.36,
                    "Total Cost": 65312.21,
                    "Plan Rows": 1802,
                    "Plan Width": 8,
                    "Actual Startup Time": 4.276,
                    "Actual Total Time": 40.086,
                    "Actual Rows": 459,
                    "Actual Loops": 2,
                    "Inner Unique": true,
                    "Plans": [
                      {
                        "Node Type": "Bitmap Heap Scan",
                        "Parent Relationship": "Outer",
                        "Parallel Aware": true,
                        "Relation Name": "movie_keyword",
                        "Alias": "mk",
                        "Startup Cost": 257.93,
                        "Total Cost": 20793.42,
                        "Plan Rows": 7096,
                        "Plan Width": 4,
                        "Actual Startup Time": 3.465,
                        "Actual Total Time": 12.183,
                        "Actual Rows": 4284,
                        "Actual Loops": 2,
                        "Recheck Cond": "(keyword_id = 3636)",
                        "Rows Removed by Index Recheck": 0,
                        "Exact Heap Blocks": 3142,
                        "Lossy Heap Blocks": 0,
                        "Plans": [
                          {
                            "Node Type": "Bitmap Index Scan",
                            "Parent Relationship": "Outer",
                            "Parallel Aware": false,
                            "Index Name": "keyword_id_movie_keyword",
                            "Startup Cost": 0.0,
                            "Total Cost": 254.91,
                            "Plan Rows": 12064,
                            "Plan Width": 0,
                            "Actual Startup Time": 4.859,
                            "Actual Total Time": 4.86,
                            "Actual Rows": 8567,
                            "Actual Loops": 1,
                            "Index Cond": "(keyword_id = 3636)"
                          }
                        ]
                      },
                      {
                        "Node Type": "Index Scan",
                        "Parent Relationship": "Inner",
                        "Parallel Aware": false,
                        "Scan Direction": "Forward",
                        "Index Name": "title_pkey",
                        "Relation Name": "title",
                        "Alias": "t",
                        "Startup Cost": 0.43,
                        "Total Cost": 6.27,
                        "Plan Rows": 1,
                        "Plan Width": 4,
                        "Actual Startup Time": 0.006,
                        "Actual Total Time": 0.006,
                        "Actual Rows": 0,
                        "Actual Loops": 8567,
                        "Index Cond": "(id = mk.movie_id)",
                        "Rows Removed by Index Recheck": 0,
                        "Filter": "((kind_id < 2) AND (production_year > 1902))",
                        "Rows Removed by Filter": 1
                      }
                    ]
                  },
                  {
                    "Node Type": "Index Only Scan",
                    "Parent Relationship": "Inner",
                    "Parallel Aware": false,
                    "Scan Direction": "Forward",
                    "Index Name": "movie_id_movie_companies",
                    "Relation Name": "movie_companies",
                    "Alias": "mc",
                    "Startup Cost": 0.43,
                    "Total Cost": 0.69,
                    "Plan Rows": 5,
                    "Plan Width": 4,
                    "Actual Startup Time": 0.009,
                    "Actual Total Time": 0.012,
                    "Actual Rows": 6,
                    "Actual Loops": 918,
                    "Index Cond": "(movie_id = t.id)",
                    "Rows Removed by Index Recheck": 0,
                    "Heap Fetches": 5315
                  }
                ]
              }
            ]
          }
        ]
      }
    ]
  },
  "Planning Time": 1.085,
  "Triggers": [],
  "Execution Time": 59.326
}