{
  "Plan": {
    "Node Type": "Aggregate",
    "Strategy": "Plain",
    "Partial Mode": "Finalize",
    "Parallel Aware": false,
    "Startup Cost": 635779.04,
    "Total Cost": 635779.05,
    "Plan Rows": 1,
    "Plan Width": 8,
    "Actual Startup Time": 4765.401,
    "Actual Total Time": 4827.149,
    "Actual Rows": 1,
    "Actual Loops": 1,
    "Plans": [
      {
        "Node Type": "Gather",
        "Parent Relationship": "Outer",
        "Parallel Aware": false,
        "Startup Cost": 635778.93,
        "Total Cost": 635779.04,
        "Plan Rows": 1,
        "Plan Width": 8,
        "Actual Startup Time": 4764.602,
        "Actual Total Time": 4827.14,
        "Actual Rows": 2,
        "Actual Loops": 1,
        "Workers Planned": 1,
        "Workers Launched": 1,
        "Single Copy": false,
        "Plans": [
          {
            "Node Type": "Aggregate",
            "Strategy": "Plain",
            "Partial Mode": "Partial",
            "Parent Relationship": "Outer",
            "Parallel Aware": false,
            "Startup Cost": 634778.93,
            "Total Cost": 634778.94,
            "Plan Rows": 1,
            "Plan Width": 8,
            "Actual Startup Time": 4759.464,
            "Actual Total Time": 4759.468,
            "Actual Rows": 1,
            "Actual Loops": 2,
            "Plans": [
              {
                "Node Type": "Hash Join",
                "Parent Relationship": "Outer",
                "Parallel Aware": true,
                "Join Type": "Inner",
                "Startup Cost": 57576.95,
                "Total Cost": 625357.43,
                "Plan Rows": 3768599,
                "Plan Width": 0,
                "Actual Startup Time": 151.026,
                "Actual Total Time": 4635.78,
                "Actual Rows": 3055226,
                "Actual Loops": 2,
                "Inner Unique": true,
                "Hash Cond": "(ci.movie_id = t.id)",
                "Plans": [
                  {
                    "Node Type": "Seq Scan",
                    "Parent Relationship": "Outer",
                    "Parallel Aware": true,
                    "Relation Name": "cast_info",
                    "Alias": "ci",
                    "Startup Cost": 0.0,
                    "Total Cost": 519069.44,
                    "Plan Rows": 18556556,
                    "Plan Width": 4,
                    "Actual Startup Time": 0.021,
                    "Actual Total Time": 1925.098,
                    "Actual Rows": 15802604,
                    "Actual Loops": 2,
                    "Filter": "(role_id < 10)",
                    "Rows Removed by Filter": 2319568
                  },
                  {
                    "Node Type": "Hash",
                    "Parent Relationship": "Inner",
                    "Parallel Aware": true,
                    "Startup Cost": 53801.47,
                    "Total Cost": 53801.47,
                    "Plan Rows": 302038,
                    "Plan Width": 4,
                    "Actual Startup Time": 146.0,
                    "Actual Total Time": 146.002,
                    "Actual Rows": 193288,
                    "Actual Loops": 2,
                    "Hash Buckets": 524288,
                    "Original Hash Buckets": 524288,
                    "Hash Batches": 1,
                    "Original Hash Batches": 1,
                    "Peak Memory Usage": 19264,
                    "Plans": [
                      {
                        "Node Type": "Bitmap Heap Scan",
                        "Parent Relationship": "Outer",
                        "Parallel Aware": true,
                        "Relation Name": "title",
                        "Alias": "t",
                        "Startup Cost": 11951.22,
                        "Total Cost": 53801.47,
                        "Plan Rows": 302038,
                        "Plan Width": 4,
                        "Actual Startup Time": 36.291,
                        "Actual Total Time": 103.785,
                        "Actual Rows": 193288,
                        "Actual Loops": 2,
                        "Recheck Cond": "(kind_id = 1)",
                        "Rows Removed by Index Recheck": 0,
                        "Filter": "(production_year > 1979)",
                        "Rows Removed by Filter": 138125,
                        "Exact Heap Blocks": 7993,
                        "Lossy Heap Blocks": 0,
                        "Plans": [
                          {
                            "Node Type": "Bitmap Index Scan",
                            "Parent Relationship": "Outer",
                            "Parallel Aware": false,
                            "Index Name": "kind_id_title",
                            "Startup Cost": 0.0,
                            "Total Cost": 11822.85,
                            "Plan Rows": 663256,
                            "Plan Width": 0,
                            "Actual Startup Time": 34.372,
                            "Actual Total Time": 34.373,
                            "Actual Rows": 662825,
                            "Actual Loops": 1,
                            "Index Cond": "(kind_id = 1)"
                          }
                        ]
                      }
                    ]
                  }
                ]
              }
            ]
          }
        ]
      }
    ]
  },
  "Planning Time": 0.691,
  "Triggers": [],
  "Execution Time": 4827.259
}