[
  {
    "Plan": {
      "Node Type": "Aggregate",
      "Strategy": "Plain",
      "Partial Mode": "Finalize",
      "Parallel Aware": false,
      "Startup Cost": 142079.39,
      "Total Cost": 142079.4,
      "Plan Rows": 1,
      "Plan Width": 8,
      "Actual Startup Time": 1861.734,
      "Actual Total Time": 1890.059,
      "Actual Rows": 1,
      "Actual Loops": 1,
      "Plans": [
        {
          "Node Type": "Gather",
          "Parent Relationship": "Outer",
          "Parallel Aware": false,
          "Startup Cost": 142079.08,
          "Total Cost": 142079.39,
          "Plan Rows": 3,
          "Plan Width": 8,
          "Actual Startup Time": 1850.955,
          "Actual Total Time": 1890.05,
          "Actual Rows": 4,
          "Actual Loops": 1,
          "Workers Planned": 3,
          "Workers Launched": 3,
          "Single Copy": false,
          "Plans": [
            {
              "Node Type": "Aggregate",
              "Strategy": "Plain",
              "Partial Mode": "Partial",
              "Parent Relationship": "Outer",
              "Parallel Aware": false,
              "Startup Cost": 141079.08,
              "Total Cost": 141079.09,
              "Plan Rows": 1,
              "Plan Width": 8,
              "Actual Startup Time": 1829.411,
              "Actual Total Time": 1829.416,
              "Actual Rows": 1,
              "Actual Loops": 4,
              "Plans": [
                {
                  "Node Type": "Hash Join",
                  "Parent Relationship": "Outer",
                  "Parallel Aware": true,
                  "Join Type": "Inner",
                  "Startup Cost": 89147.91,
                  "Total Cost": 137843.13,
                  "Plan Rows": 1294377,
                  "Plan Width": 0,
                  "Actual Startup Time": 790.342,
                  "Actual Total Time": 1517.921,
                  "Actual Rows": 7362849,
                  "Actual Loops": 4,
                  "Inner Unique": false,
                  "Hash Cond": "(mk.movie_id = t.id)",
                  "Plans": [
                    {
                      "Node Type": "Seq Scan",
                      "Parent Relationship": "Outer",
                      "Parallel Aware": true,
                      "Relation Name": "movie_keyword",
                      "Alias": "mk",
                      "Startup Cost": 0.0,
                      "Total Cost": 39047.32,
                      "Plan Rows": 1459332,
                      "Plan Width": 4,
                      "Actual Startup Time": 0.03,
                      "Actual Total Time": 88.892,
                      "Actual Rows": 1130982,
                      "Actual Loops": 4
                    },
                    {
                      "Node Type": "Hash",
                      "Parent Relationship": "Inner",
                      "Parallel Aware": true,
                      "Startup Cost": 80105.53,
                      "Total Cost": 80105.53,
                      "Plan Rows": 723390,
                      "Plan Width": 8,
                      "Actual Startup Time": 778.641,
                      "Actual Total Time": 778.645,
                      "Actual Rows": 505704,
                      "Actual Loops": 4,
                      "Hash Buckets": 4194304,
                      "Original Hash Buckets": 4194304,
                      "Hash Batches": 1,
                      "Original Hash Batches": 1,
                      "Peak Memory Usage": 112000,
                      "Plans": [
                        {
                          "Node Type": "Hash Join",
                          "Parent Relationship": "Outer",
                          "Parallel Aware": true,
                          "Join Type": "Inner",
                          "Startup Cost": 50689.64,
                          "Total Cost": 80105.53,
                          "Plan Rows": 723390,
                          "Plan Width": 8,
                          "Actual Startup Time": 326.932,
                          "Actual Total Time": 610.796,
                          "Actual Rows": 505704,
                          "Actual Loops": 4,
                          "Inner Unique": true,
                          "Hash Cond": "(mc.movie_id = t.id)",
                          "Plans": [
                            {
                              "Node Type": "Seq Scan",
                              "Parent Relationship": "Outer",
                              "Parallel Aware": true,
                              "Relation Name": "movie_companies",
                              "Alias": "mc",
                              "Startup Cost": 0.0,
                              "Total Cost": 27206.55,
                              "Plan Rows": 841655,
                              "Plan Width": 4,
                              "Actual Startup Time": 0.021,
                              "Actual Total Time": 59.357,
                              "Actual Rows": 652282,
                              "Actual Loops": 4
                            },
                            {
                              "Node Type": "Hash",
                              "Parent Relationship": "Inner",
                              "Parallel Aware": true,
                              "Startup Cost": 43898.92,
                              "Total Cost": 43898.92,
                              "Plan Rows": 543258,
                              "Plan Width": 4,
                              "Actual Startup Time": 320.405,
                              "Actual Total Time": 320.406,
                              "Actual Rows": 539937,
                              "Actual Loops": 4,
                              "Hash Buckets": 4194304,
                              "Original Hash Buckets": 4194304,
                              "Hash Batches": 1,
                              "Original Hash Batches": 1,
                              "Peak Memory Usage": 117344,
                              "Plans": [
                                {
                                  "Node Type": "Seq Scan",
                                  "Parent Relationship": "Outer",
                                  "Parallel Aware": true,
                                  "Relation Name": "title",
                                  "Alias": "t",
                                  "Startup Cost": 0.0,
                                  "Total Cost": 43898.92,
                                  "Plan Rows": 543258,
                                  "Plan Width": 4,
                                  "Actual Startup Time": 0.05,
                                  "Actual Total Time": 107.584,
                                  "Actual Rows": 539937,
                                  "Actual Loops": 4,
                                  "Filter": "(production_year > 1964)",
                                  "Rows Removed by Filter": 92141
                                }
                              ]
                            }
                          ]
                        }
                      ]
                    }
                  ]
                }
              ]
            }
          ]
        }
      ]
    },
    "Planning Time": 1.349,
    "Triggers": [],
    "Execution Time": 1890.195
  }
]