[
    {
        "Bao": {
            "Bao prediction": 2632.732,
            "Bao recommended hint": "SET enable_nestloop TO off; "
        }
    },
    {
        "Plan": {
            "Node Type": "Aggregate",
            "Strategy": "Plain",
            "Partial Mode": "Finalize",
            "Parallel Aware": false,
            "Startup Cost": 767328.49,
            "Total Cost": 767328.5,
            "Plan Rows": 1,
            "Plan Width": 64,
            "Actual Startup Time": 6306.254,
            "Actual Total Time": 6544.63,
            "Actual Rows": 1,
            "Actual Loops": 1,
            "Output": [
                "min(n.name)",
                "min(t.title)"
            ],
            "Plans": [
                {
                    "Node Type": "Gather",
                    "Parent Relationship": "Outer",
                    "Parallel Aware": false,
                    "Startup Cost": 767328.17,
                    "Total Cost": 767328.48,
                    "Plan Rows": 3,
                    "Plan Width": 64,
                    "Actual Startup Time": 6210.74,
                    "Actual Total Time": 6544.603,
                    "Actual Rows": 4,
                    "Actual Loops": 1,
                    "Output": [
                        "(PARTIAL min(n.name))",
                        "(PARTIAL min(t.title))"
                    ],
                    "Workers Planned": 3,
                    "Workers Launched": 3,
                    "Single Copy": false,
                    "Plans": [
                        {
                            "Node Type": "Aggregate",
                            "Strategy": "Plain",
                            "Partial Mode": "Partial",
                            "Parent Relationship": "Outer",
                            "Parallel Aware": false,
                            "Startup Cost": 766328.17,
                            "Total Cost": 766328.18,
                            "Plan Rows": 1,
                            "Plan Width": 64,
                            "Actual Startup Time": 6199.467,
                            "Actual Total Time": 6203.713,
                            "Actual Rows": 1,
                            "Actual Loops": 4,
                            "Output": [
                                "PARTIAL min(n.name)",
                                "PARTIAL min(t.title)"
                            ],
                            "Workers": [
                                {
                                    "Worker Number": 0,
                                    "Actual Startup Time": 6194.524,
                                    "Actual Total Time": 6194.547,
                                    "Actual Rows": 1,
                                    "Actual Loops": 1
                                },
                                {
                                    "Worker Number": 1,
                                    "Actual Startup Time": 6194.79,
                                    "Actual Total Time": 6194.815,
                                    "Actual Rows": 1,
                                    "Actual Loops": 1
                                },
                                {
                                    "Worker Number": 2,
                                    "Actual Startup Time": 6200.139,
                                    "Actual Total Time": 6200.164,
                                    "Actual Rows": 1,
                                    "Actual Loops": 1
                                }
                            ],
                            "Plans": [
                                {
                                    "Node Type": "Hash Join",
                                    "Parent Relationship": "Outer",
                                    "Parallel Aware": true,
                                    "Join Type": "Inner",
                                    "Startup Cost": 750918.62,
                                    "Total Cost": 766313.37,
                                    "Plan Rows": 2960,
                                    "Plan Width": 32,
                                    "Actual Startup Time": 5928.928,
                                    "Actual Total Time": 6140.148,
                                    "Actual Rows": 669470,
                                    "Actual Loops": 4,
                                    "Output": [
                                        "n.name",
                                        "t.title"
                                    ],
                                    "Inner Unique": false,
                                    "Hash Cond": "(an.person_id = n.id)",
                                    "Workers": [
                                        {
                                            "Worker Number": 0,
                                            "Actual Startup Time": 5925.425,
                                            "Actual Total Time": 6126.593,
                                            "Actual Rows": 589544,
                                            "Actual Loops": 1
                                        },
                                        {
                                            "Worker Number": 1,
                                            "Actual Startup Time": 5925.553,
                                            "Actual Total Time": 6129.29,
                                            "Actual Rows": 556255,
                                            "Actual Loops": 1
                                        },
                                        {
                                            "Worker Number": 2,
                                            "Actual Startup Time": 5925.534,
                                            "Actual Total Time": 6146.245,
                                            "Actual Rows": 720108,
                                            "Actual Loops": 1
                                        }
                                    ],
                                    "Plans": [
                                        {
                                            "Node Type": "Seq Scan",
                                            "Parent Relationship": "Outer",
                                            "Parallel Aware": true,
                                            "Relation Name": "aka_name",
                                            "Schema": "public",
                                            "Alias": "an",
                                            "Startup Cost": 0.0,
                                            "Total Cost": 14303.56,
                                            "Plan Rows": 290756,
                                            "Plan Width": 4,
                                            "Actual Startup Time": 0.033,
                                            "Actual Total Time": 30.657,
                                            "Actual Rows": 225336,
                                            "Actual Loops": 4,
                                            "Output": [
                                                "an.id",
                                                "an.person_id",
                                                "an.name",
                                                "an.imdb_index",
                                                "an.name_pcode_cf",
                                                "an.name_pcode_nf",
                                                "an.surname_pcode",
                                                "an.md5sum"
                                            ],
                                            "Workers": [
                                                {
                                                    "Worker Number": 0,
                                                    "Actual Startup Time": 0.039,
                                                    "Actual Total Time": 30.219,
                                                    "Actual Rows": 185443,
                                                    "Actual Loops": 1
                                                },
                                                {
                                                    "Worker Number": 1,
                                                    "Actual Startup Time": 0.036,
                                                    "Actual Total Time": 32.811,
                                                    "Actual Rows": 203198,
                                                    "Actual Loops": 1
                                                },
                                                {
                                                    "Worker Number": 2,
                                                    "Actual Startup Time": 0.046,
                                                    "Actual Total Time": 33.088,
                                                    "Actual Rows": 287610,
                                                    "Actual Loops": 1
                                                }
                                            ]
                                        },
                                        {
                                            "Node Type": "Hash",
                                            "Parent Relationship": "Inner",
                                            "Parallel Aware": true,
                                            "Startup Cost": 750903.19,
                                            "Total Cost": 750903.19,
                                            "Plan Rows": 1234,
                                            "Plan Width": 40,
                                            "Actual Startup Time": 5927.231,
                                            "Actual Total Time": 5931.474,
                                            "Actual Rows": 766560,
                                            "Actual Loops": 4,
                                            "Output": [
                                                "ci.person_id",
                                                "n.name",
                                                "n.id",
                                                "t.title"
                                            ],
                                            "Hash Buckets": 4194304,
                                            "Original Hash Buckets": 4096,
                                            "Hash Batches": 1,
                                            "Original Hash Batches": 1,
                                            "Peak Memory Usage": 297312,
                                            "Workers": [
                                                {
                                                    "Worker Number": 0,
                                                    "Actual Startup Time": 5924.442,
                                                    "Actual Total Time": 5924.462,
                                                    "Actual Rows": 604224,
                                                    "Actual Loops": 1
                                                },
                                                {
                                                    "Worker Number": 1,
                                                    "Actual Startup Time": 5924.532,
                                                    "Actual Total Time": 5924.556,
                                                    "Actual Rows": 619161,
                                                    "Actual Loops": 1
                                                },
                                                {
                                                    "Worker Number": 2,
                                                    "Actual Startup Time": 5924.664,
                                                    "Actual Total Time": 5924.688,
                                                    "Actual Rows": 912556,
                                                    "Actual Loops": 1
                                                }
                                            ],
                                            "Plans": [
                                                {
                                                    "Node Type": "Hash Join",
                                                    "Parent Relationship": "Outer",
                                                    "Parallel Aware": true,
                                                    "Join Type": "Inner",
                                                    "Startup Cost": 720529.83,
                                                    "Total Cost": 750903.19,
                                                    "Plan Rows": 1234,
                                                    "Plan Width": 40,
                                                    "Actual Startup Time": 4471.951,
                                                    "Actual Total Time": 5324.643,
                                                    "Actual Rows": 766560,
                                                    "Actual Loops": 4,
                                                    "Output": [
                                                        "ci.person_id",
                                                        "n.name",
                                                        "n.id",
                                                        "t.title"
                                                    ],
                                                    "Inner Unique": true,
                                                    "Hash Cond": "(mc.company_id = cn.id)",
                                                    "Workers": [
                                                        {
                                                            "Worker Number": 0,
                                                            "Actual Startup Time": 4469.478,
                                                            "Actual Total Time": 5317.868,
                                                            "Actual Rows": 604224,
                                                            "Actual Loops": 1
                                                        },
                                                        {
                                                            "Worker Number": 1,
                                                            "Actual Startup Time": 4469.222,
                                                            "Actual Total Time": 5326.273,
                                                            "Actual Rows": 619161,
                                                            "Actual Loops": 1
                                                        },
                                                        {
                                                            "Worker Number": 2,
                                                            "Actual Startup Time": 4469.191,
                                                            "Actual Total Time": 5318.876,
                                                            "Actual Rows": 912556,
                                                            "Actual Loops": 1
                                                        }
                                                    ],
                                                    "Plans": [
                                                        {
                                                            "Node Type": "Hash Join",
                                                            "Parent Relationship": "Outer",
                                                            "Parallel Aware": true,
                                                            "Join Type": "Inner",
                                                            "Startup Cost": 715178.81,
                                                            "Total Cost": 745543.26,
                                                            "Plan Rows": 3394,
                                                            "Plan Width": 44,
                                                            "Actual Startup Time": 4440.543,
                                                            "Actual Total Time": 5003.577,
                                                            "Actual Rows": 3005722,
                                                            "Actual Loops": 4,
                                                            "Output": [
                                                                "ci.person_id",
                                                                "mc.company_id",
                                                                "n.name",
                                                                "n.id",
                                                                "t.title"
                                                            ],
                                                            "Inner Unique": false,
                                                            "Hash Cond": "(mc.movie_id = t.id)",
                                                            "Workers": [
                                                                {
                                                                    "Worker Number": 0,
                                                                    "Actual Startup Time": 4440.659,
                                                                    "Actual Total Time": 4993.393,
                                                                    "Actual Rows": 2426765,
                                                                    "Actual Loops": 1
                                                                },
                                                                {
                                                                    "Worker Number": 1,
                                                                    "Actual Startup Time": 4440.545,
                                                                    "Actual Total Time": 5003.15,
                                                                    "Actual Rows": 2401361,
                                                                    "Actual Loops": 1
                                                                },
                                                                {
                                                                    "Worker Number": 2,
                                                                    "Actual Startup Time": 4440.523,
                                                                    "Actual Total Time": 5004.136,
                                                                    "Actual Rows": 3561422,
                                                                    "Actual Loops": 1
                                                                }
                                                            ],
                                                            "Plans": [
                                                                {
                                                                    "Node Type": "Seq Scan",
                                                                    "Parent Relationship": "Outer",
                                                                    "Parallel Aware": true,
                                                                    "Relation Name": "movie_companies",
                                                                    "Schema": "public",
                                                                    "Alias": "mc",
                                                                    "Startup Cost": 0.0,
                                                                    "Total Cost": 27206.55,
                                                                    "Plan Rows": 841655,
                                                                    "Plan Width": 8,
                                                                    "Actual Startup Time": 0.029,
                                                                    "Actual Total Time": 66.508,
                                                                    "Actual Rows": 652282,
                                                                    "Actual Loops": 4,
                                                                    "Output": [
                                                                        "mc.id",
                                                                        "mc.movie_id",
                                                                        "mc.company_id",
                                                                        "mc.company_type_id",
                                                                        "mc.note"
                                                                    ],
                                                                    "Workers": [
                                                                        {
                                                                            "Worker Number": 0,
                                                                            "Actual Startup Time": 0.034,
                                                                            "Actual Total Time": 64.673,
                                                                            "Actual Rows": 508625,
                                                                            "Actual Loops": 1
                                                                        },
                                                                        {
                                                                            "Worker Number": 1,
                                                                            "Actual Startup Time": 0.04,
                                                                            "Actual Total Time": 69.006,
                                                                            "Actual Rows": 544268,
                                                                            "Actual Loops": 1
                                                                        },
                                                                        {
                                                                            "Worker Number": 2,
                                                                            "Actual Startup Time": 0.032,
                                                                            "Actual Total Time": 67.373,
                                                                            "Actual Rows": 788122,
                                                                            "Actual Loops": 1
                                                                        }
                                                                    ]
                                                                },
                                                                {
                                                                    "Node Type": "Hash",
                                                                    "Parent Relationship": "Inner",
                                                                    "Parallel Aware": true,
                                                                    "Startup Cost": 715172.41,
                                                                    "Total Cost": 715172.41,
                                                                    "Plan Rows": 512,
                                                                    "Plan Width": 52,
                                                                    "Actual Startup Time": 4440.357,
                                                                    "Actual Total Time": 4444.592,
                                                                    "Actual Rows": 151751,
                                                                    "Actual Loops": 4,
                                                                    "Output": [
                                                                        "ci.movie_id",
                                                                        "ci.person_id",
                                                                        "mi.movie_id",
                                                                        "n.name",
                                                                        "n.id",
                                                                        "t.title",
                                                                        "t.id"
                                                                    ],
                                                                    "Hash Buckets": 1048576,
                                                                    "Original Hash Buckets": 2048,
                                                                    "Hash Batches": 1,
                                                                    "Original Hash Batches": 1,
                                                                    "Peak Memory Usage": 70160,
                                                                    "Workers": [
                                                                        {
                                                                            "Worker Number": 0,
                                                                            "Actual Startup Time": 4440.264,
                                                                            "Actual Total Time": 4440.281,
                                                                            "Actual Rows": 129802,
                                                                            "Actual Loops": 1
                                                                        },
                                                                        {
                                                                            "Worker Number": 1,
                                                                            "Actual Startup Time": 4440.422,
                                                                            "Actual Total Time": 4440.44,
                                                                            "Actual Rows": 134279,
                                                                            "Actual Loops": 1
                                                                        },
                                                                        {
                                                                            "Worker Number": 2,
                                                                            "Actual Startup Time": 4440.406,
                                                                            "Actual Total Time": 4440.424,
                                                                            "Actual Rows": 175026,
                                                                            "Actual Loops": 1
                                                                        }
                                                                    ],
                                                                    "Plans": [
                                                                        {
                                                                            "Node Type": "Hash Join",
                                                                            "Parent Relationship": "Outer",
                                                                            "Parallel Aware": true,
                                                                            "Join Type": "Inner",
                                                                            "Startup Cost": 670424.62,
                                                                            "Total Cost": 715172.41,
                                                                            "Plan Rows": 512,
                                                                            "Plan Width": 52,
                                                                            "Actual Startup Time": 4021.807,
                                                                            "Actual Total Time": 4293.135,
                                                                            "Actual Rows": 151751,
                                                                            "Actual Loops": 4,
                                                                            "Output": [
                                                                                "ci.movie_id",
                                                                                "ci.person_id",
                                                                                "mi.movie_id",
                                                                                "n.name",
                                                                                "n.id",
                                                                                "t.title",
                                                                                "t.id"
                                                                            ],
                                                                            "Inner Unique": true,
                                                                            "Hash Cond": "(ci.person_role_id = chn.id)",
                                                                            "Workers": [
                                                                                {
                                                                                    "Worker Number": 0,
                                                                                    "Actual Startup Time": 4021.841,
                                                                                    "Actual Total Time": 4291.458,
                                                                                    "Actual Rows": 129802,
                                                                                    "Actual Loops": 1
                                                                                },
                                                                                {
                                                                                    "Worker Number": 1,
                                                                                    "Actual Startup Time": 4021.813,
                                                                                    "Actual Total Time": 4289.293,
                                                                                    "Actual Rows": 134279,
                                                                                    "Actual Loops": 1
                                                                                },
                                                                                {
                                                                                    "Worker Number": 2,
                                                                                    "Actual Startup Time": 4021.792,
                                                                                    "Actual Total Time": 4287.129,
                                                                                    "Actual Rows": 175026,
                                                                                    "Actual Loops": 1
                                                                                }
                                                                            ],
                                                                            "Plans": [
                                                                                {
                                                                                    "Node Type": "Hash Join",
                                                                                    "Parent Relationship": "Outer",
                                                                                    "Parallel Aware": true,
                                                                                    "Join Type": "Inner",
                                                                                    "Startup Cost": 616311.74,
                                                                                    "Total Cost": 661058.19,
                                                                                    "Plan Rows": 512,
                                                                                    "Plan Width": 56,
                                                                                    "Actual Startup Time": 3448.339,
                                                                                    "Actual Total Time": 3664.111,
                                                                                    "Actual Rows": 156659,
                                                                                    "Actual Loops": 4,
                                                                                    "Output": [
                                                                                        "ci.movie_id",
                                                                                        "ci.person_id",
                                                                                        "ci.person_role_id",
                                                                                        "mi.movie_id",
                                                                                        "n.name",
                                                                                        "n.id",
                                                                                        "t.title",
                                                                                        "t.id"
                                                                                    ],
                                                                                    "Inner Unique": false,
                                                                                    "Hash Cond": "(t.id = mi.movie_id)",
                                                                                    "Workers": [
                                                                                        {
                                                                                            "Worker Number": 0,
                                                                                            "Actual Startup Time": 3448.367,
                                                                                            "Actual Total Time": 3658.515,
                                                                                            "Actual Rows": 134050,
                                                                                            "Actual Loops": 1
                                                                                        },
                                                                                        {
                                                                                            "Worker Number": 1,
                                                                                            "Actual Startup Time": 3448.439,
                                                                                            "Actual Total Time": 3660.751,
                                                                                            "Actual Rows": 140313,
                                                                                            "Actual Loops": 1
                                                                                        },
                                                                                        {
                                                                                            "Worker Number": 2,
                                                                                            "Actual Startup Time": 3448.259,
                                                                                            "Actual Total Time": 3660.532,
                                                                                            "Actual Rows": 179421,
                                                                                            "Actual Loops": 1
                                                                                        }
                                                                                    ],
                                                                                    "Plans": [
                                                                                        {
                                                                                            "Node Type": "Seq Scan",
                                                                                            "Parent Relationship": "Outer",
                                                                                            "Parallel Aware": true,
                                                                                            "Relation Name": "title",
                                                                                            "Schema": "public",
                                                                                            "Alias": "t",
                                                                                            "Startup Cost": 0.0,
                                                                                            "Total Cost": 43899.32,
                                                                                            "Plan Rows": 225629,
                                                                                            "Plan Width": 21,
                                                                                            "Actual Startup Time": 0.04,
                                                                                            "Actual Total Time": 105.503,
                                                                                            "Actual Rows": 226123,
                                                                                            "Actual Loops": 4,
                                                                                            "Output": [
                                                                                                "t.id",
                                                                                                "t.title",
                                                                                                "t.imdb_index",
                                                                                                "t.kind_id",
                                                                                                "t.production_year",
                                                                                                "t.imdb_id",
                                                                                                "t.phonetic_code",
                                                                                                "t.episode_of_id",
                                                                                                "t.season_nr",
                                                                                                "t.episode_nr",
                                                                                                "t.series_years",
                                                                                                "t.md5sum"
                                                                                            ],
                                                                                            "Filter": "(t.production_year > 2006)",
                                                                                            "Rows Removed by Filter": 405955,
                                                                                            "Workers": [
                                                                                                {
                                                                                                    "Worker Number": 0,
                                                                                                    "Actual Startup Time": 0.043,
                                                                                                    "Actual Total Time": 109.443,
                                                                                                    "Actual Rows": 189732,
                                                                                                    "Actual Loops": 1
                                                                                                },
                                                                                                {
                                                                                                    "Worker Number": 1,
                                                                                                    "Actual Startup Time": 0.05,
                                                                                                    "Actual Total Time": 108.565,
                                                                                                    "Actual Rows": 197183,
                                                                                                    "Actual Loops": 1
                                                                                                },
                                                                                                {
                                                                                                    "Worker Number": 2,
                                                                                                    "Actual Startup Time": 0.041,
                                                                                                    "Actual Total Time": 103.106,
                                                                                                    "Actual Rows": 259893,
                                                                                                    "Actual Loops": 1
                                                                                                }
                                                                                            ]
                                                                                        },
                                                                                        {
                                                                                            "Node Type": "Hash",
                                                                                            "Parent Relationship": "Inner",
                                                                                            "Parallel Aware": true,
                                                                                            "Startup Cost": 616297.39,
                                                                                            "Total Cost": 616297.39,
                                                                                            "Plan Rows": 1148,
                                                                                            "Plan Width": 35,
                                                                                            "Actual Startup Time": 3448.155,
                                                                                            "Actual Total Time": 3452.374,
                                                                                            "Actual Rows": 428587,
                                                                                            "Actual Loops": 4,
                                                                                            "Output": [
                                                                                                "ci.movie_id",
                                                                                                "ci.person_id",
                                                                                                "ci.person_role_id",
                                                                                                "mi.movie_id",
                                                                                                "n.name",
                                                                                                "n.id"
                                                                                            ],
                                                                                            "Hash Buckets": 2097152,
                                                                                            "Original Hash Buckets": 8192,
                                                                                            "Hash Batches": 1,
                                                                                            "Original Hash Batches": 1,
                                                                                            "Peak Memory Usage": 152320,
                                                                                            "Workers": [
                                                                                                {
                                                                                                    "Worker Number": 0,
                                                                                                    "Actual Startup Time": 3448.085,
                                                                                                    "Actual Total Time": 3448.098,
                                                                                                    "Actual Rows": 364125,
                                                                                                    "Actual Loops": 1
                                                                                                },
                                                                                                {
                                                                                                    "Worker Number": 1,
                                                                                                    "Actual Startup Time": 3448.236,
                                                                                                    "Actual Total Time": 3448.249,
                                                                                                    "Actual Rows": 368088,
                                                                                                    "Actual Loops": 1
                                                                                                },
                                                                                                {
                                                                                                    "Worker Number": 2,
                                                                                                    "Actual Startup Time": 3448.132,
                                                                                                    "Actual Total Time": 3448.145,
                                                                                                    "Actual Rows": 479122,
                                                                                                    "Actual Loops": 1
                                                                                                }
                                                                                            ],
                                                                                            "Plans": [
                                                                                                {
                                                                                                    "Node Type": "Hash Join",
                                                                                                    "Parent Relationship": "Outer",
                                                                                                    "Parallel Aware": true,
                                                                                                    "Join Type": "Inner",
                                                                                                    "Startup Cost": 416425.23,
                                                                                                    "Total Cost": 616297.39,
                                                                                                    "Plan Rows": 1148,
                                                                                                    "Plan Width": 35,
                                                                                                    "Actual Startup Time": 2252.183,
                                                                                                    "Actual Total Time": 3137.244,
                                                                                                    "Actual Rows": 428587,
                                                                                                    "Actual Loops": 4,
                                                                                                    "Output": [
                                                                                                        "ci.movie_id",
                                                                                                        "ci.person_id",
                                                                                                        "ci.person_role_id",
                                                                                                        "mi.movie_id",
                                                                                                        "n.name",
                                                                                                        "n.id"
                                                                                                    ],
                                                                                                    "Inner Unique": false,
                                                                                                    "Hash Cond": "(mi.movie_id = ci.movie_id)",
                                                                                                    "Workers": [
                                                                                                        {
                                                                                                            "Worker Number": 0,
                                                                                                            "Actual Startup Time": 2251.997,
                                                                                                            "Actual Total Time": 3130.785,
                                                                                                            "Actual Rows": 364125,
                                                                                                            "Actual Loops": 1
                                                                                                        },
                                                                                                        {
                                                                                                            "Worker Number": 1,
                                                                                                            "Actual Startup Time": 2252.294,
                                                                                                            "Actual Total Time": 3129.633,
                                                                                                            "Actual Rows": 368088,
                                                                                                            "Actual Loops": 1
                                                                                                        },
                                                                                                        {
                                                                                                            "Worker Number": 2,
                                                                                                            "Actual Startup Time": 2252.251,
                                                                                                            "Actual Total Time": 3137.247,
                                                                                                            "Actual Rows": 479122,
                                                                                                            "Actual Loops": 1
                                                                                                        }
                                                                                                    ],
                                                                                                    "Plans": [
                                                                                                        {
                                                                                                            "Node Type": "Hash Join",
                                                                                                            "Parent Relationship": "Outer",
                                                                                                            "Parallel Aware": false,
                                                                                                            "Join Type": "Inner",
                                                                                                            "Startup Cost": 2.43,
                                                                                                            "Total Cost": 199774.14,
                                                                                                            "Plan Rows": 26276,
                                                                                                            "Plan Width": 4,
                                                                                                            "Actual Startup Time": 230.404,
                                                                                                            "Actual Total Time": 875.194,
                                                                                                            "Actual Rows": 759180,
                                                                                                            "Actual Loops": 4,
                                                                                                            "Output": [
                                                                                                                "mi.movie_id"
                                                                                                            ],
                                                                                                            "Inner Unique": true,
                                                                                                            "Hash Cond": "(mi.info_type_id = it.id)",
                                                                                                            "Workers": [
                                                                                                                {
                                                                                                                    "Worker Number": 0,
                                                                                                                    "Actual Startup Time": 230.414,
                                                                                                                    "Actual Total Time": 874.52,
                                                                                                                    "Actual Rows": 643008,
                                                                                                                    "Actual Loops": 1
                                                                                                                },
                                                                                                                {
                                                                                                                    "Worker Number": 1,
                                                                                                                    "Actual Startup Time": 230.343,
                                                                                                                    "Actual Total Time": 877.448,
                                                                                                                    "Actual Rows": 665751,
                                                                                                                    "Actual Loops": 1
                                                                                                                },
                                                                                                                {
                                                                                                                    "Worker Number": 2,
                                                                                                                    "Actual Startup Time": 230.425,
                                                                                                                    "Actual Total Time": 879.806,
                                                                                                                    "Actual Rows": 802475,
                                                                                                                    "Actual Loops": 1
                                                                                                                }
                                                                                                            ],
                                                                                                            "Plans": [
                                                                                                                {
                                                                                                                    "Node Type": "Seq Scan",
                                                                                                                    "Parent Relationship": "Outer",
                                                                                                                    "Parallel Aware": true,
                                                                                                                    "Relation Name": "movie_info",
                                                                                                                    "Schema": "public",
                                                                                                                    "Alias": "mi",
                                                                                                                    "Startup Cost": 0.0,
                                                                                                                    "Total Cost": 191685.19,
                                                                                                                    "Plan Rows": 2969219,
                                                                                                                    "Plan Width": 8,
                                                                                                                    "Actual Startup Time": 0.032,
                                                                                                                    "Actual Total Time": 488.137,
                                                                                                                    "Actual Rows": 3708930,
                                                                                                                    "Actual Loops": 4,
                                                                                                                    "Output": [
                                                                                                                        "mi.id",
                                                                                                                        "mi.movie_id",
                                                                                                                        "mi.info_type_id",
                                                                                                                        "mi.info",
                                                                                                                        "mi.note"
                                                                                                                    ],
                                                                                                                    "Workers": [
                                                                                                                        {
                                                                                                                            "Worker Number": 0,
                                                                                                                            "Actual Startup Time": 0.04,
                                                                                                                            "Actual Total Time": 489.185,
                                                                                                                            "Actual Rows": 3076433,
                                                                                                                            "Actual Loops": 1
                                                                                                                        },
                                                                                                                        {
                                                                                                                            "Worker Number": 1,
                                                                                                                            "Actual Startup Time": 0.038,
                                                                                                                            "Actual Total Time": 483.982,
                                                                                                                            "Actual Rows": 3140661,
                                                                                                                            "Actual Loops": 1
                                                                                                                        },
                                                                                                                        {
                                                                                                                            "Worker Number": 2,
                                                                                                                            "Actual Startup Time": 0.037,
                                                                                                                            "Actual Total Time": 488.056,
                                                                                                                            "Actual Rows": 4083024,
                                                                                                                            "Actual Loops": 1
                                                                                                                        }
                                                                                                                    ]
                                                                                                                },
                                                                                                                {
                                                                                                                    "Node Type": "Hash",
                                                                                                                    "Parent Relationship": "Inner",
                                                                                                                    "Parallel Aware": false,
                                                                                                                    "Startup Cost": 2.41,
                                                                                                                    "Total Cost": 2.41,
                                                                                                                    "Plan Rows": 1,
                                                                                                                    "Plan Width": 4,
                                                                                                                    "Actual Startup Time": 0.059,
                                                                                                                    "Actual Total Time": 0.061,
                                                                                                                    "Actual Rows": 1,
                                                                                                                    "Actual Loops": 4,
                                                                                                                    "Output": [
                                                                                                                        "it.id"
                                                                                                                    ],
                                                                                                                    "Hash Buckets": 1024,
                                                                                                                    "Original Hash Buckets": 1024,
                                                                                                                    "Hash Batches": 1,
                                                                                                                    "Original Hash Batches": 1,
                                                                                                                    "Peak Memory Usage": 9,
                                                                                                                    "Workers": [
                                                                                                                        {
                                                                                                                            "Worker Number": 0,
                                                                                                                            "Actual Startup Time": 0.078,
                                                                                                                            "Actual Total Time": 0.08,
                                                                                                                            "Actual Rows": 1,
                                                                                                                            "Actual Loops": 1
                                                                                                                        },
                                                                                                                        {
                                                                                                                            "Worker Number": 1,
                                                                                                                            "Actual Startup Time": 0.055,
                                                                                                                            "Actual Total Time": 0.056,
                                                                                                                            "Actual Rows": 1,
                                                                                                                            "Actual Loops": 1
                                                                                                                        },
                                                                                                                        {
                                                                                                                            "Worker Number": 2,
                                                                                                                            "Actual Startup Time": 0.072,
                                                                                                                            "Actual Total Time": 0.073,
                                                                                                                            "Actual Rows": 1,
                                                                                                                            "Actual Loops": 1
                                                                                                                        }
                                                                                                                    ],
                                                                                                                    "Plans": [
                                                                                                                        {
                                                                                                                            "Node Type": "Seq Scan",
                                                                                                                            "Parent Relationship": "Outer",
                                                                                                                            "Parallel Aware": false,
                                                                                                                            "Relation Name": "info_type",
                                                                                                                            "Schema": "public",
                                                                                                                            "Alias": "it",
                                                                                                                            "Startup Cost": 0.0,
                                                                                                                            "Total Cost": 2.41,
                                                                                                                            "Plan Rows": 1,
                                                                                                                            "Plan Width": 4,
                                                                                                                            "Actual Startup Time": 0.038,
                                                                                                                            "Actual Total Time": 0.045,
                                                                                                                            "Actual Rows": 1,
                                                                                                                            "Actual Loops": 4,
                                                                                                                            "Output": [
                                                                                                                                "it.id"
                                                                                                                            ],
                                                                                                                            "Filter": "((it.info)::text = 'release dates'::text)",
                                                                                                                            "Rows Removed by Filter": 112,
                                                                                                                            "Workers": [
                                                                                                                                {
                                                                                                                                    "Worker Number": 0,
                                                                                                                                    "Actual Startup Time": 0.048,
                                                                                                                                    "Actual Total Time": 0.056,
                                                                                                                                    "Actual Rows": 1,
                                                                                                                                    "Actual Loops": 1
                                                                                                                                },
                                                                                                                                {
                                                                                                                                    "Worker Number": 1,
                                                                                                                                    "Actual Startup Time": 0.039,
                                                                                                                                    "Actual Total Time": 0.047,
                                                                                                                                    "Actual Rows": 1,
                                                                                                                                    "Actual Loops": 1
                                                                                                                                },
                                                                                                                                {
                                                                                                                                    "Worker Number": 2,
                                                                                                                                    "Actual Startup Time": 0.044,
                                                                                                                                    "Actual Total Time": 0.052,
                                                                                                                                    "Actual Rows": 1,
                                                                                                                                    "Actual Loops": 1
                                                                                                                                }
                                                                                                                            ]
                                                                                                                        }
                                                                                                                    ]
                                                                                                                }
                                                                                                            ]
                                                                                                        },
                                                                                                        {
                                                                                                            "Node Type": "Hash",
                                                                                                            "Parent Relationship": "Inner",
                                                                                                            "Parallel Aware": true,
                                                                                                            "Startup Cost": 416328.33,
                                                                                                            "Total Cost": 416328.33,
                                                                                                            "Plan Rows": 7558,
                                                                                                            "Plan Width": 31,
                                                                                                            "Actual Startup Time": 2021.311,
                                                                                                            "Actual Total Time": 2025.523,
                                                                                                            "Actual Rows": 97578,
                                                                                                            "Actual Loops": 4,
                                                                                                            "Output": [
                                                                                                                "ci.movie_id",
                                                                                                                "ci.person_id",
                                                                                                                "ci.person_role_id",
                                                                                                                "n.name",
                                                                                                                "n.id"
                                                                                                            ],
                                                                                                            "Hash Buckets": 524288,
                                                                                                            "Original Hash Buckets": 65536,
                                                                                                            "Hash Batches": 1,
                                                                                                            "Original Hash Batches": 1,
                                                                                                            "Peak Memory Usage": 32992,
                                                                                                            "Workers": [
                                                                                                                {
                                                                                                                    "Worker Number": 0,
                                                                                                                    "Actual Startup Time": 2021.424,
                                                                                                                    "Actual Total Time": 2021.43,
                                                                                                                    "Actual Rows": 95553,
                                                                                                                    "Actual Loops": 1
                                                                                                                },
                                                                                                                {
                                                                                                                    "Worker Number": 1,
                                                                                                                    "Actual Startup Time": 2021.009,
                                                                                                                    "Actual Total Time": 2021.016,
                                                                                                                    "Actual Rows": 98692,
                                                                                                                    "Actual Loops": 1
                                                                                                                },
                                                                                                                {
                                                                                                                    "Worker Number": 2,
                                                                                                                    "Actual Startup Time": 2021.372,
                                                                                                                    "Actual Total Time": 2021.379,
                                                                                                                    "Actual Rows": 97919,
                                                                                                                    "Actual Loops": 1
                                                                                                                }
                                                                                                            ],
                                                                                                            "Plans": [
                                                                                                                {
                                                                                                                    "Node Type": "Hash Join",
                                                                                                                    "Parent Relationship": "Outer",
                                                                                                                    "Parallel Aware": false,
                                                                                                                    "Join Type": "Inner",
                                                                                                                    "Startup Cost": 71665.84,
                                                                                                                    "Total Cost": 416328.33,
                                                                                                                    "Plan Rows": 7558,
                                                                                                                    "Plan Width": 31,
                                                                                                                    "Actual Startup Time": 835.903,
                                                                                                                    "Actual Total Time": 1937.45,
                                                                                                                    "Actual Rows": 97578,
                                                                                                                    "Actual Loops": 4,
                                                                                                                    "Output": [
                                                                                                                        "ci.movie_id",
                                                                                                                        "ci.person_id",
                                                                                                                        "ci.person_role_id",
                                                                                                                        "n.name",
                                                                                                                        "n.id"
                                                                                                                    ],
                                                                                                                    "Inner Unique": true,
                                                                                                                    "Hash Cond": "(ci.role_id = rt.id)",
                                                                                                                    "Workers": [
                                                                                                                        {
                                                                                                                            "Worker Number": 0,
                                                                                                                            "Actual Startup Time": 835.899,
                                                                                                                            "Actual Total Time": 1930.543,
                                                                                                                            "Actual Rows": 95553,
                                                                                                                            "Actual Loops": 1
                                                                                                                        },
                                                                                                                        {
                                                                                                                            "Worker Number": 1,
                                                                                                                            "Actual Startup Time": 835.917,
                                                                                                                            "Actual Total Time": 1934.146,
                                                                                                                            "Actual Rows": 98692,
                                                                                                                            "Actual Loops": 1
                                                                                                                        },
                                                                                                                        {
                                                                                                                            "Worker Number": 2,
                                                                                                                            "Actual Startup Time": 835.879,
                                                                                                                            "Actual Total Time": 1935.889,
                                                                                                                            "Actual Rows": 97919,
                                                                                                                            "Actual Loops": 1
                                                                                                                        }
                                                                                                                    ],
                                                                                                                    "Plans": [
                                                                                                                        {
                                                                                                                            "Node Type": "Hash Join",
                                                                                                                            "Parent Relationship": "Outer",
                                                                                                                            "Parallel Aware": true,
                                                                                                                            "Join Type": "Inner",
                                                                                                                            "Startup Cost": 71664.68,
                                                                                                                            "Total Cost": 416004.99,
                                                                                                                            "Plan Rows": 90701,
                                                                                                                            "Plan Width": 35,
                                                                                                                            "Actual Startup Time": 835.806,
                                                                                                                            "Actual Total Time": 1912.596,
                                                                                                                            "Actual Rows": 118026,
                                                                                                                            "Actual Loops": 4,
                                                                                                                            "Output": [
                                                                                                                                "ci.movie_id",
                                                                                                                                "ci.person_id",
                                                                                                                                "ci.role_id",
                                                                                                                                "ci.person_role_id",
                                                                                                                                "n.name",
                                                                                                                                "n.id"
                                                                                                                            ],
                                                                                                                            "Inner Unique": true,
                                                                                                                            "Hash Cond": "(ci.person_id = n.id)",
                                                                                                                            "Workers": [
                                                                                                                                {
                                                                                                                                    "Worker Number": 0,
                                                                                                                                    "Actual Startup Time": 835.791,
                                                                                                                                    "Actual Total Time": 1906.462,
                                                                                                                                    "Actual Rows": 116515,
                                                                                                                                    "Actual Loops": 1
                                                                                                                                },
                                                                                                                                {
                                                                                                                                    "Worker Number": 1,
                                                                                                                                    "Actual Startup Time": 835.819,
                                                                                                                                    "Actual Total Time": 1909.41,
                                                                                                                                    "Actual Rows": 119069,
                                                                                                                                    "Actual Loops": 1
                                                                                                                                },
                                                                                                                                {
                                                                                                                                    "Worker Number": 2,
                                                                                                                                    "Actual Startup Time": 835.77,
                                                                                                                                    "Actual Total Time": 1911.385,
                                                                                                                                    "Actual Rows": 117842,
                                                                                                                                    "Actual Loops": 1
                                                                                                                                }
                                                                                                                            ],
                                                                                                                            "Plans": [
                                                                                                                                {
                                                                                                                                    "Node Type": "Seq Scan",
                                                                                                                                    "Parent Relationship": "Outer",
                                                                                                                                    "Parallel Aware": true,
                                                                                                                                    "Relation Name": "cast_info",
                                                                                                                                    "Schema": "public",
                                                                                                                                    "Alias": "ci",
                                                                                                                                    "Startup Cost": 0.0,
                                                                                                                                    "Total Cost": 343316.27,
                                                                                                                                    "Plan Rows": 390112,
                                                                                                                                    "Plan Width": 16,
                                                                                                                                    "Actual Startup Time": 0.023,
                                                                                                                                    "Actual Total Time": 1429.714,
                                                                                                                                    "Actual Rows": 598866,
                                                                                                                                    "Actual Loops": 4,
                                                                                                                                    "Output": [
                                                                                                                                        "ci.id",
                                                                                                                                        "ci.person_id",
                                                                                                                                        "ci.movie_id",
                                                                                                                                        "ci.person_role_id",
                                                                                                                                        "ci.note",
                                                                                                                                        "ci.nr_order",
                                                                                                                                        "ci.role_id"
                                                                                                                                    ],
                                                                                                                                    "Filter": "(ci.note = ANY ('{(voice),\"(executive producer)\",(uncredited),\"(segment ''The Race For The Electric Car'')\"}'::text[]))",
                                                                                                                                    "Rows Removed by Filter": 8462220,
                                                                                                                                    "Workers": [
                                                                                                                                        {
                                                                                                                                            "Worker Number": 0,
                                                                                                                                            "Actual Startup Time": 0.016,
                                                                                                                                            "Actual Total Time": 1429.092,
                                                                                                                                            "Actual Rows": 595575,
                                                                                                                                            "Actual Loops": 1
                                                                                                                                        },
                                                                                                                                        {
                                                                                                                                            "Worker Number": 1,
                                                                                                                                            "Actual Startup Time": 0.027,
                                                                                                                                            "Actual Total Time": 1428.546,
                                                                                                                                            "Actual Rows": 600507,
                                                                                                                                            "Actual Loops": 1
                                                                                                                                        },
                                                                                                                                        {
                                                                                                                                            "Worker Number": 2,
                                                                                                                                            "Actual Startup Time": 0.019,
                                                                                                                                            "Actual Total Time": 1432.402,
                                                                                                                                            "Actual Rows": 597913,
                                                                                                                                            "Actual Loops": 1
                                                                                                                                        }
                                                                                                                                    ]
                                                                                                                                },
                                                                                                                                {
                                                                                                                                    "Node Type": "Hash",
                                                                                                                                    "Parent Relationship": "Inner",
                                                                                                                                    "Parallel Aware": true,
                                                                                                                                    "Startup Cost": 68636.68,
                                                                                                                                    "Total Cost": 68636.68,
                                                                                                                                    "Plan Rows": 242240,
                                                                                                                                    "Plan Width": 19,
                                                                                                                                    "Actual Startup Time": 334.285,
                                                                                                                                    "Actual Total Time": 334.286,
                                                                                                                                    "Actual Rows": 240389,
                                                                                                                                    "Actual Loops": 4,
                                                                                                                                    "Output": [
                                                                                                                                        "n.name",
                                                                                                                                        "n.id"
                                                                                                                                    ],
                                                                                                                                    "Hash Buckets": 1048576,
                                                                                                                                    "Original Hash Buckets": 1048576,
                                                                                                                                    "Hash Batches": 1,
                                                                                                                                    "Original Hash Batches": 1,
                                                                                                                                    "Peak Memory Usage": 60544,
                                                                                                                                    "Workers": [
                                                                                                                                        {
                                                                                                                                            "Worker Number": 0,
                                                                                                                                            "Actual Startup Time": 335.772,
                                                                                                                                            "Actual Total Time": 335.774,
                                                                                                                                            "Actual Rows": 227492,
                                                                                                                                            "Actual Loops": 1
                                                                                                                                        },
                                                                                                                                        {
                                                                                                                                            "Worker Number": 1,
                                                                                                                                            "Actual Startup Time": 335.773,
                                                                                                                                            "Actual Total Time": 335.774,
                                                                                                                                            "Actual Rows": 244516,
                                                                                                                                            "Actual Loops": 1
                                                                                                                                        },
                                                                                                                                        {
                                                                                                                                            "Worker Number": 2,
                                                                                                                                            "Actual Startup Time": 335.77,
                                                                                                                                            "Actual Total Time": 335.772,
                                                                                                                                            "Actual Rows": 245823,
                                                                                                                                            "Actual Loops": 1
                                                                                                                                        }
                                                                                                                                    ],
                                                                                                                                    "Plans": [
                                                                                                                                        {
                                                                                                                                            "Node Type": "Seq Scan",
                                                                                                                                            "Parent Relationship": "Outer",
                                                                                                                                            "Parallel Aware": true,
                                                                                                                                            "Relation Name": "name",
                                                                                                                                            "Schema": "public",
                                                                                                                                            "Alias": "n",
                                                                                                                                            "Startup Cost": 0.0,
                                                                                                                                            "Total Cost": 68636.68,
                                                                                                                                            "Plan Rows": 242240,
                                                                                                                                            "Plan Width": 19,
                                                                                                                                            "Actual Startup Time": 83.03,
                                                                                                                                            "Actual Total Time": 209.606,
                                                                                                                                            "Actual Rows": 240389,
                                                                                                                                            "Actual Loops": 4,
                                                                                                                                            "Output": [
                                                                                                                                                "n.name",
                                                                                                                                                "n.id"
                                                                                                                                            ],
                                                                                                                                            "Filter": "((n.gender)::text = 'f'::text)",
                                                                                                                                            "Rows Removed by Filter": 801484,
                                                                                                                                            "Workers": [
                                                                                                                                                {
                                                                                                                                                    "Worker Number": 0,
                                                                                                                                                    "Actual Startup Time": 83.01,
                                                                                                                                                    "Actual Total Time": 206.669,
                                                                                                                                                    "Actual Rows": 227492,
                                                                                                                                                    "Actual Loops": 1
                                                                                                                                                },
                                                                                                                                                {
                                                                                                                                                    "Worker Number": 1,
                                                                                                                                                    "Actual Startup Time": 82.983,
                                                                                                                                                    "Actual Total Time": 210.001,
                                                                                                                                                    "Actual Rows": 244516,
                                                                                                                                                    "Actual Loops": 1
                                                                                                                                                },
                                                                                                                                                {
                                                                                                                                                    "Worker Number": 2,
                                                                                                                                                    "Actual Startup Time": 83.011,
                                                                                                                                                    "Actual Total Time": 210.012,
                                                                                                                                                    "Actual Rows": 245823,
                                                                                                                                                    "Actual Loops": 1
                                                                                                                                                }
                                                                                                                                            ]
                                                                                                                                        }
                                                                                                                                    ]
                                                                                                                                }
                                                                                                                            ]
                                                                                                                        },
                                                                                                                        {
                                                                                                                            "Node Type": "Hash",
                                                                                                                            "Parent Relationship": "Inner",
                                                                                                                            "Parallel Aware": false,
                                                                                                                            "Startup Cost": 1.15,
                                                                                                                            "Total Cost": 1.15,
                                                                                                                            "Plan Rows": 1,
                                                                                                                            "Plan Width": 4,
                                                                                                                            "Actual Startup Time": 0.061,
                                                                                                                            "Actual Total Time": 0.063,
                                                                                                                            "Actual Rows": 1,
                                                                                                                            "Actual Loops": 4,
                                                                                                                            "Output": [
                                                                                                                                "rt.id"
                                                                                                                            ],
                                                                                                                            "Hash Buckets": 1024,
                                                                                                                            "Original Hash Buckets": 1024,
                                                                                                                            "Hash Batches": 1,
                                                                                                                            "Original Hash Batches": 1,
                                                                                                                            "Peak Memory Usage": 9,
                                                                                                                            "Workers": [
                                                                                                                                {
                                                                                                                                    "Worker Number": 0,
                                                                                                                                    "Actual Startup Time": 0.079,
                                                                                                                                    "Actual Total Time": 0.08,
                                                                                                                                    "Actual Rows": 1,
                                                                                                                                    "Actual Loops": 1
                                                                                                                                },
                                                                                                                                {
                                                                                                                                    "Worker Number": 1,
                                                                                                                                    "Actual Startup Time": 0.071,
                                                                                                                                    "Actual Total Time": 0.072,
                                                                                                                                    "Actual Rows": 1,
                                                                                                                                    "Actual Loops": 1
                                                                                                                                },
                                                                                                                                {
                                                                                                                                    "Worker Number": 2,
                                                                                                                                    "Actual Startup Time": 0.065,
                                                                                                                                    "Actual Total Time": 0.066,
                                                                                                                                    "Actual Rows": 1,
                                                                                                                                    "Actual Loops": 1
                                                                                                                                }
                                                                                                                            ],
                                                                                                                            "Plans": [
                                                                                                                                {
                                                                                                                                    "Node Type": "Seq Scan",
                                                                                                                                    "Parent Relationship": "Outer",
                                                                                                                                    "Parallel Aware": false,
                                                                                                                                    "Relation Name": "role_type",
                                                                                                                                    "Schema": "public",
                                                                                                                                    "Alias": "rt",
                                                                                                                                    "Startup Cost": 0.0,
                                                                                                                                    "Total Cost": 1.15,
                                                                                                                                    "Plan Rows": 1,
                                                                                                                                    "Plan Width": 4,
                                                                                                                                    "Actual Startup Time": 0.051,
                                                                                                                                    "Actual Total Time": 0.054,
                                                                                                                                    "Actual Rows": 1,
                                                                                                                                    "Actual Loops": 4,
                                                                                                                                    "Output": [
                                                                                                                                        "rt.id"
                                                                                                                                    ],
                                                                                                                                    "Filter": "((rt.role)::text = 'actress'::text)",
                                                                                                                                    "Rows Removed by Filter": 11,
                                                                                                                                    "Workers": [
                                                                                                                                        {
                                                                                                                                            "Worker Number": 0,
                                                                                                                                            "Actual Startup Time": 0.066,
                                                                                                                                            "Actual Total Time": 0.068,
                                                                                                                                            "Actual Rows": 1,
                                                                                                                                            "Actual Loops": 1
                                                                                                                                        },
                                                                                                                                        {
                                                                                                                                            "Worker Number": 1,
                                                                                                                                            "Actual Startup Time": 0.063,
                                                                                                                                            "Actual Total Time": 0.065,
                                                                                                                                            "Actual Rows": 1,
                                                                                                                                            "Actual Loops": 1
                                                                                                                                        },
                                                                                                                                        {
                                                                                                                                            "Worker Number": 2,
                                                                                                                                            "Actual Startup Time": 0.056,
                                                                                                                                            "Actual Total Time": 0.058,
                                                                                                                                            "Actual Rows": 1,
                                                                                                                                            "Actual Loops": 1
                                                                                                                                        }
                                                                                                                                    ]
                                                                                                                                }
                                                                                                                            ]
                                                                                                                        }
                                                                                                                    ]
                                                                                                                }
                                                                                                            ]
                                                                                                        }
                                                                                                    ]
                                                                                                }
                                                                                            ]
                                                                                        }
                                                                                    ]
                                                                                },
                                                                                {
                                                                                    "Node Type": "Hash",
                                                                                    "Parent Relationship": "Inner",
                                                                                    "Parallel Aware": true,
                                                                                    "Startup Cost": 44299.06,
                                                                                    "Total Cost": 44299.06,
                                                                                    "Plan Rows": 785106,
                                                                                    "Plan Width": 4,
                                                                                    "Actual Startup Time": 563.765,
                                                                                    "Actual Total Time": 563.766,
                                                                                    "Actual Rows": 785085,
                                                                                    "Actual Loops": 4,
                                                                                    "Output": [
                                                                                        "chn.id"
                                                                                    ],
                                                                                    "Hash Buckets": 4194304,
                                                                                    "Original Hash Buckets": 4194304,
                                                                                    "Hash Batches": 1,
                                                                                    "Original Hash Batches": 1,
                                                                                    "Peak Memory Usage": 155648,
                                                                                    "Workers": [
                                                                                        {
                                                                                            "Worker Number": 0,
                                                                                            "Actual Startup Time": 573.224,
                                                                                            "Actual Total Time": 573.224,
                                                                                            "Actual Rows": 756561,
                                                                                            "Actual Loops": 1
                                                                                        },
                                                                                        {
                                                                                            "Worker Number": 1,
                                                                                            "Actual Startup Time": 535.378,
                                                                                            "Actual Total Time": 535.379,
                                                                                            "Actual Rows": 819588,
                                                                                            "Actual Loops": 1
                                                                                        },
                                                                                        {
                                                                                            "Worker Number": 2,
                                                                                            "Actual Startup Time": 573.236,
                                                                                            "Actual Total Time": 573.237,
                                                                                            "Actual Rows": 785642,
                                                                                            "Actual Loops": 1
                                                                                        }
                                                                                    ],
                                                                                    "Plans": [
                                                                                        {
                                                                                            "Node Type": "Seq Scan",
                                                                                            "Parent Relationship": "Outer",
                                                                                            "Parallel Aware": true,
                                                                                            "Relation Name": "char_name",
                                                                                            "Schema": "public",
                                                                                            "Alias": "chn",
                                                                                            "Startup Cost": 0.0,
                                                                                            "Total Cost": 44299.06,
                                                                                            "Plan Rows": 785106,
                                                                                            "Plan Width": 4,
                                                                                            "Actual Startup Time": 0.055,
                                                                                            "Actual Total Time": 169.001,
                                                                                            "Actual Rows": 785085,
                                                                                            "Actual Loops": 4,
                                                                                            "Output": [
                                                                                                "chn.id"
                                                                                            ],
                                                                                            "Workers": [
                                                                                                {
                                                                                                    "Worker Number": 0,
                                                                                                    "Actual Startup Time": 0.055,
                                                                                                    "Actual Total Time": 165.037,
                                                                                                    "Actual Rows": 756561,
                                                                                                    "Actual Loops": 1
                                                                                                },
                                                                                                {
                                                                                                    "Worker Number": 1,
                                                                                                    "Actual Startup Time": 0.034,
                                                                                                    "Actual Total Time": 172.653,
                                                                                                    "Actual Rows": 819588,
                                                                                                    "Actual Loops": 1
                                                                                                },
                                                                                                {
                                                                                                    "Worker Number": 2,
                                                                                                    "Actual Startup Time": 0.073,
                                                                                                    "Actual Total Time": 170.72,
                                                                                                    "Actual Rows": 785642,
                                                                                                    "Actual Loops": 1
                                                                                                }
                                                                                            ]
                                                                                        }
                                                                                    ]
                                                                                }
                                                                            ]
                                                                        }
                                                                    ]
                                                                }
                                                            ]
                                                        },
                                                        {
                                                            "Node Type": "Hash",
                                                            "Parent Relationship": "Inner",
                                                            "Parallel Aware": true,
                                                            "Startup Cost": 4722.92,
                                                            "Total Cost": 4722.92,
                                                            "Plan Rows": 50248,
                                                            "Plan Width": 4,
                                                            "Actual Startup Time": 30.601,
                                                            "Actual Total Time": 30.603,
                                                            "Actual Rows": 21211,
                                                            "Actual Loops": 4,
                                                            "Output": [
                                                                "cn.id"
                                                            ],
                                                            "Hash Buckets": 131072,
                                                            "Original Hash Buckets": 131072,
                                                            "Hash Batches": 1,
                                                            "Original Hash Batches": 1,
                                                            "Peak Memory Usage": 4448,
                                                            "Workers": [
                                                                {
                                                                    "Worker Number": 0,
                                                                    "Actual Startup Time": 28.445,
                                                                    "Actual Total Time": 28.446,
                                                                    "Actual Rows": 19081,
                                                                    "Actual Loops": 1
                                                                },
                                                                {
                                                                    "Worker Number": 1,
                                                                    "Actual Startup Time": 28.623,
                                                                    "Actual Total Time": 28.624,
                                                                    "Actual Rows": 19773,
                                                                    "Actual Loops": 1
                                                                },
                                                                {
                                                                    "Worker Number": 2,
                                                                    "Actual Startup Time": 28.629,
                                                                    "Actual Total Time": 28.63,
                                                                    "Actual Rows": 18994,
                                                                    "Actual Loops": 1
                                                                }
                                                            ],
                                                            "Plans": [
                                                                {
                                                                    "Node Type": "Seq Scan",
                                                                    "Parent Relationship": "Outer",
                                                                    "Parallel Aware": true,
                                                                    "Relation Name": "company_name",
                                                                    "Schema": "public",
                                                                    "Alias": "cn",
                                                                    "Startup Cost": 0.0,
                                                                    "Total Cost": 4722.92,
                                                                    "Plan Rows": 50248,
                                                                    "Plan Width": 4,
                                                                    "Actual Startup Time": 0.061,
                                                                    "Actual Total Time": 20.066,
                                                                    "Actual Rows": 21211,
                                                                    "Actual Loops": 4,
                                                                    "Output": [
                                                                        "cn.id"
                                                                    ],
                                                                    "Filter": "((cn.country_code)::text = '[us]'::text)",
                                                                    "Rows Removed by Filter": 37538,
                                                                    "Workers": [
                                                                        {
                                                                            "Worker Number": 0,
                                                                            "Actual Startup Time": 0.072,
                                                                            "Actual Total Time": 18.358,
                                                                            "Actual Rows": 19081,
                                                                            "Actual Loops": 1
                                                                        },
                                                                        {
                                                                            "Worker Number": 1,
                                                                            "Actual Startup Time": 0.066,
                                                                            "Actual Total Time": 18.871,
                                                                            "Actual Rows": 19773,
                                                                            "Actual Loops": 1
                                                                        },
                                                                        {
                                                                            "Worker Number": 2,
                                                                            "Actual Startup Time": 0.067,
                                                                            "Actual Total Time": 18.512,
                                                                            "Actual Rows": 18994,
                                                                            "Actual Loops": 1
                                                                        }
                                                                    ]
                                                                }
                                                            ]
                                                        }
                                                    ]
                                                }
                                            ]
                                        }
                                    ]
                                }
                            ]
                        }
                    ]
                }
            ]
        },
        "Planning Time": 2978.626,
        "Triggers": [],
        "Execution Time": 6545.854
    }
]