[
  {
    "Plan": {
      "Node Type": "Aggregate",
      "Strategy": "Plain",
      "Partial Mode": "Finalize",
      "Parallel Aware": false,
      "Startup Cost": 158316.02,
      "Total Cost": 158316.03,
      "Plan Rows": 1,
      "Plan Width": 8,
      "Actual Startup Time": 326.453,
      "Actual Total Time": 346.515,
      "Actual Rows": 1,
      "Actual Loops": 1,
      "Plans": [
        {
          "Node Type": "Gather",
          "Parent Relationship": "Outer",
          "Parallel Aware": false,
          "Startup Cost": 158315.6,
          "Total Cost": 158316.01,
          "Plan Rows": 4,
          "Plan Width": 8,
          "Actual Startup Time": 324.914,
          "Actual Total Time": 346.506,
          "Actual Rows": 5,
          "Actual Loops": 1,
          "Workers Planned": 4,
          "Workers Launched": 4,
          "Single Copy": false,
          "Plans": [
            {
              "Node Type": "Aggregate",
              "Strategy": "Plain",
              "Partial Mode": "Partial",
              "Parent Relationship": "Outer",
              "Parallel Aware": false,
              "Startup Cost": 157315.6,
              "Total Cost": 157315.61,
              "Plan Rows": 1,
              "Plan Width": 8,
              "Actual Startup Time": 315.015,
              "Actual Total Time": 315.019,
              "Actual Rows": 1,
              "Actual Loops": 5,
              "Plans": [
                {
                  "Node Type": "Hash Join",
                  "Parent Relationship": "Outer",
                  "Parallel Aware": true,
                  "Join Type": "Inner",
                  "Startup Cost": 107660.04,
                  "Total Cost": 157190.42,
                  "Plan Rows": 50070,
                  "Plan Width": 0,
                  "Actual Startup Time": 166.658,
                  "Actual Total Time": 313.231,
                  "Actual Rows": 29939,
                  "Actual Loops": 5,
                  "Inner Unique": false,
                  "Hash Cond": "(t.id = ci.movie_id)",
                  "Plans": [
                    {
                      "Node Type": "Seq Scan",
                      "Parent Relationship": "Outer",
                      "Parallel Aware": true,
                      "Relation Name": "title",
                      "Alias": "t",
                      "Startup Cost": 0.0,
                      "Total Cost": 42319.06,
                      "Plan Rows": 632106,
                      "Plan Width": 4,
                      "Actual Startup Time": 0.019,
                      "Actual Total Time": 69.211,
                      "Actual Rows": 505662,
                      "Actual Loops": 5
                    },
                    {
                      "Node Type": "Hash",
                      "Parent Relationship": "Inner",
                      "Parallel Aware": true,
                      "Startup Cost": 107159.34,
                      "Total Cost": 107159.34,
                      "Plan Rows": 40056,
                      "Plan Width": 4,
                      "Actual Startup Time": 164.581,
                      "Actual Total Time": 164.583,
                      "Actual Rows": 29939,
                      "Actual Loops": 5,
                      "Hash Buckets": 262144,
                      "Original Hash Buckets": 262144,
                      "Hash Batches": 1,
                      "Original Hash Batches": 1,
                      "Peak Memory Usage": 7968,
                      "Plans": [
                        {
                          "Node Type": "Index Scan",
                          "Parent Relationship": "Outer",
                          "Parallel Aware": true,
                          "Scan Direction": "Forward",
                          "Index Name": "role_id_cast_info",
                          "Relation Name": "cast_info",
                          "Alias": "ci",
                          "Startup Cost": 0.56,
                          "Total Cost": 107159.34,
                          "Plan Rows": 40056,
                          "Plan Width": 4,
                          "Actual Startup Time": 0.142,
                          "Actual Total Time": 151.274,
                          "Actual Rows": 29939,
                          "Actual Loops": 5,
                          "Index Cond": "(role_id = 3)",
                          "Rows Removed by Index Recheck": 0,
                          "Filter": "(person_id < 187660)",
                          "Rows Removed by Filter": 771668
                        }
                      ]
                    }
                  ]
                }
              ]
            }
          ]
        }
      ]
    },
    "Planning Time": 0.474,
    "Triggers": [],
    "Execution Time": 346.577
  }
]