[
  {
    "Plan": {
      "Node Type": "Aggregate",
      "Strategy": "Plain",
      "Partial Mode": "Finalize",
      "Parallel Aware": false,
      "Startup Cost": 302841.5,
      "Total Cost": 302841.51,
      "Plan Rows": 1,
      "Plan Width": 8,
      "Actual Startup Time": 3807.565,
      "Actual Total Time": 3842.448,
      "Actual Rows": 1,
      "Actual Loops": 1,
      "Plans": [
        {
          "Node Type": "Gather",
          "Parent Relationship": "Outer",
          "Parallel Aware": false,
          "Startup Cost": 302840.98,
          "Total Cost": 302841.49,
          "Plan Rows": 5,
          "Plan Width": 8,
          "Actual Startup Time": 3797.687,
          "Actual Total Time": 3842.43,
          "Actual Rows": 6,
          "Actual Loops": 1,
          "Workers Planned": 5,
          "Workers Launched": 5,
          "Single Copy": false,
          "Plans": [
            {
              "Node Type": "Aggregate",
              "Strategy": "Plain",
              "Partial Mode": "Partial",
              "Parent Relationship": "Outer",
              "Parallel Aware": false,
              "Startup Cost": 301840.98,
              "Total Cost": 301840.99,
              "Plan Rows": 1,
              "Plan Width": 8,
              "Actual Startup Time": 3788.626,
              "Actual Total Time": 3788.819,
              "Actual Rows": 1,
              "Actual Loops": 6,
              "Plans": [
                {
                  "Node Type": "Hash Join",
                  "Parent Relationship": "Outer",
                  "Parallel Aware": true,
                  "Join Type": "Inner",
                  "Startup Cost": 93286.37,
                  "Total Cost": 299337.03,
                  "Plan Rows": 1001580,
                  "Plan Width": 0,
                  "Actual Startup Time": 409.701,
                  "Actual Total Time": 2763.109,
                  "Actual Rows": 24358068,
                  "Actual Loops": 6,
                  "Inner Unique": false,
                  "Hash Cond": "(mi.movie_id = t.id)",
                  "Plans": [
                    {
                      "Node Type": "Seq Scan",
                      "Parent Relationship": "Outer",
                      "Parallel Aware": true,
                      "Relation Name": "movie_info",
                      "Alias": "mi",
                      "Startup Cost": 0.0,
                      "Total Cost": 191685.19,
                      "Plan Rows": 2969219,
                      "Plan Width": 4,
                      "Actual Startup Time": 0.031,
                      "Actual Total Time": 290.703,
                      "Actual Rows": 2472620,
                      "Actual Loops": 6
                    },
                    {
                      "Node Type": "Hash",
                      "Parent Relationship": "Inner",
                      "Parallel Aware": true,
                      "Startup Cost": 89847.29,
                      "Total Cost": 89847.29,
                      "Plan Rows": 275126,
                      "Plan Width": 8,
                      "Actual Startup Time": 393.376,
                      "Actual Total Time": 393.567,
                      "Actual Rows": 260919,
                      "Actual Loops": 6,
                      "Hash Buckets": 2097152,
                      "Original Hash Buckets": 1048576,
                      "Hash Batches": 1,
                      "Original Hash Batches": 1,
                      "Peak Memory Usage": 85920,
                      "Plans": [
                        {
                          "Node Type": "Hash Join",
                          "Parent Relationship": "Outer",
                          "Parallel Aware": true,
                          "Join Type": "Inner",
                          "Startup Cost": 46969.21,
                          "Total Cost": 89847.29,
                          "Plan Rows": 275126,
                          "Plan Width": 8,
                          "Actual Startup Time": 142.461,
                          "Actual Total Time": 286.29,
                          "Actual Rows": 260919,
                          "Actual Loops": 6,
                          "Inner Unique": true,
                          "Hash Cond": "(mk.movie_id = t.id)",
                          "Plans": [
                            {
                              "Node Type": "Seq Scan",
                              "Parent Relationship": "Outer",
                              "Parallel Aware": true,
                              "Relation Name": "movie_keyword",
                              "Alias": "mk",
                              "Startup Cost": 0.0,
                              "Total Cost": 39047.32,
                              "Plan Rows": 1459332,
                              "Plan Width": 4,
                              "Actual Startup Time": 0.033,
                              "Actual Total Time": 71.993,
                              "Actual Rows": 753988,
                              "Actual Loops": 6
                            },
                            {
                              "Node Type": "Hash",
                              "Parent Relationship": "Inner",
                              "Parallel Aware": true,
                              "Startup Cost": 45479.59,
                              "Total Cost": 45479.59,
                              "Plan Rows": 119170,
                              "Plan Width": 4,
                              "Actual Startup Time": 113.716,
                              "Actual Total Time": 113.717,
                              "Actual Rows": 58424,
                              "Actual Loops": 6,
                              "Hash Buckets": 524288,
                              "Original Hash Buckets": 524288,
                              "Hash Batches": 1,
                              "Original Hash Batches": 1,
                              "Peak Memory Usage": 17888,
                              "Plans": [
                                {
                                  "Node Type": "Seq Scan",
                                  "Parent Relationship": "Outer",
                                  "Parallel Aware": true,
                                  "Relation Name": "title",
                                  "Alias": "t",
                                  "Startup Cost": 0.0,
                                  "Total Cost": 45479.59,
                                  "Plan Rows": 119170,
                                  "Plan Width": 4,
                                  "Actual Startup Time": 45.656,
                                  "Actual Total Time": 88.285,
                                  "Actual Rows": 58424,
                                  "Actual Loops": 6,
                                  "Filter": "((production_year > 1987) AND (kind_id = 1))",
                                  "Rows Removed by Filter": 362961
                                }
                              ]
                            }
                          ]
                        }
                      ]
                    }
                  ]
                }
              ]
            }
          ]
        }
      ]
    },
    "Planning Time": 0.46,
    "Triggers": [],
    "Execution Time": 3842.496
  }
]