[
    {
        "Bao": {
            "Bao prediction": 655.683,
            "Bao recommended hint": "(no hint)"
        }
    },
    {
        "Plan": {
            "Node Type": "Aggregate",
            "Strategy": "Plain",
            "Partial Mode": "Finalize",
            "Parallel Aware": false,
            "Startup Cost": 235445.49,
            "Total Cost": 235445.5,
            "Plan Rows": 1,
            "Plan Width": 8,
            "Actual Startup Time": 515.704,
            "Actual Total Time": 538.484,
            "Actual Rows": 1,
            "Actual Loops": 1,
            "Output": [
                "count(*)"
            ],
            "Plans": [
                {
                    "Node Type": "Gather",
                    "Parent Relationship": "Outer",
                    "Parallel Aware": false,
                    "Startup Cost": 235444.97,
                    "Total Cost": 235445.48,
                    "Plan Rows": 5,
                    "Plan Width": 8,
                    "Actual Startup Time": 503.876,
                    "Actual Total Time": 538.474,
                    "Actual Rows": 6,
                    "Actual Loops": 1,
                    "Output": [
                        "(PARTIAL count(*))"
                    ],
                    "Workers Planned": 5,
                    "Workers Launched": 5,
                    "Single Copy": false,
                    "Plans": [
                        {
                            "Node Type": "Aggregate",
                            "Strategy": "Plain",
                            "Partial Mode": "Partial",
                            "Parent Relationship": "Outer",
                            "Parallel Aware": false,
                            "Startup Cost": 234444.97,
                            "Total Cost": 234444.98,
                            "Plan Rows": 1,
                            "Plan Width": 8,
                            "Actual Startup Time": 491.591,
                            "Actual Total Time": 491.595,
                            "Actual Rows": 1,
                            "Actual Loops": 6,
                            "Output": [
                                "PARTIAL count(*)"
                            ],
                            "Workers": [
                                {
                                    "Worker Number": 0,
                                    "Actual Startup Time": 489.484,
                                    "Actual Total Time": 489.487,
                                    "Actual Rows": 1,
                                    "Actual Loops": 1
                                },
                                {
                                    "Worker Number": 1,
                                    "Actual Startup Time": 489.074,
                                    "Actual Total Time": 489.077,
                                    "Actual Rows": 1,
                                    "Actual Loops": 1
                                },
                                {
                                    "Worker Number": 2,
                                    "Actual Startup Time": 489.182,
                                    "Actual Total Time": 489.185,
                                    "Actual Rows": 1,
                                    "Actual Loops": 1
                                },
                                {
                                    "Worker Number": 3,
                                    "Actual Startup Time": 489.879,
                                    "Actual Total Time": 489.882,
                                    "Actual Rows": 1,
                                    "Actual Loops": 1
                                },
                                {
                                    "Worker Number": 4,
                                    "Actual Startup Time": 489.09,
                                    "Actual Total Time": 489.094,
                                    "Actual Rows": 1,
                                    "Actual Loops": 1
                                }
                            ],
                            "Plans": [
                                {
                                    "Node Type": "Nested Loop",
                                    "Parent Relationship": "Outer",
                                    "Parallel Aware": false,
                                    "Join Type": "Inner",
                                    "Startup Cost": 53219.72,
                                    "Total Cost": 234409.51,
                                    "Plan Rows": 14183,
                                    "Plan Width": 0,
                                    "Actual Startup Time": 218.278,
                                    "Actual Total Time": 487.183,
                                    "Actual Rows": 48304,
                                    "Actual Loops": 6,
                                    "Inner Unique": false,
                                    "Workers": [
                                        {
                                            "Worker Number": 0,
                                            "Actual Startup Time": 216.537,
                                            "Actual Total Time": 485.047,
                                            "Actual Rows": 43187,
                                            "Actual Loops": 1
                                        },
                                        {
                                            "Worker Number": 1,
                                            "Actual Startup Time": 215.707,
                                            "Actual Total Time": 484.619,
                                            "Actual Rows": 43164,
                                            "Actual Loops": 1
                                        },
                                        {
                                            "Worker Number": 2,
                                            "Actual Startup Time": 216.154,
                                            "Actual Total Time": 484.794,
                                            "Actual Rows": 43029,
                                            "Actual Loops": 1
                                        },
                                        {
                                            "Worker Number": 3,
                                            "Actual Startup Time": 215.565,
                                            "Actual Total Time": 485.392,
                                            "Actual Rows": 43829,
                                            "Actual Loops": 1
                                        },
                                        {
                                            "Worker Number": 4,
                                            "Actual Startup Time": 215.741,
                                            "Actual Total Time": 484.673,
                                            "Actual Rows": 42910,
                                            "Actual Loops": 1
                                        }
                                    ],
                                    "Plans": [
                                        {
                                            "Node Type": "Hash Join",
                                            "Parent Relationship": "Outer",
                                            "Parallel Aware": true,
                                            "Join Type": "Inner",
                                            "Startup Cost": 53219.29,
                                            "Total Cost": 216247.81,
                                            "Plan Rows": 26956,
                                            "Plan Width": 8,
                                            "Actual Startup Time": 218.192,
                                            "Actual Total Time": 285.654,
                                            "Actual Rows": 35775,
                                            "Actual Loops": 6,
                                            "Output": [
                                                "t.id",
                                                "mi.movie_id"
                                            ],
                                            "Inner Unique": true,
                                            "Hash Cond": "(mi.movie_id = t.id)",
                                            "Workers": [
                                                {
                                                    "Worker Number": 0,
                                                    "Actual Startup Time": 216.442,
                                                    "Actual Total Time": 283.185,
                                                    "Actual Rows": 31719,
                                                    "Actual Loops": 1
                                                },
                                                {
                                                    "Worker Number": 1,
                                                    "Actual Startup Time": 215.612,
                                                    "Actual Total Time": 281.336,
                                                    "Actual Rows": 32212,
                                                    "Actual Loops": 1
                                                },
                                                {
                                                    "Worker Number": 2,
                                                    "Actual Startup Time": 216.036,
                                                    "Actual Total Time": 283.672,
                                                    "Actual Rows": 32089,
                                                    "Actual Loops": 1
                                                },
                                                {
                                                    "Worker Number": 3,
                                                    "Actual Startup Time": 215.489,
                                                    "Actual Total Time": 282.221,
                                                    "Actual Rows": 32337,
                                                    "Actual Loops": 1
                                                },
                                                {
                                                    "Worker Number": 4,
                                                    "Actual Startup Time": 215.638,
                                                    "Actual Total Time": 282.504,
                                                    "Actual Rows": 31828,
                                                    "Actual Loops": 1
                                                }
                                            ],
                                            "Plans": [
                                                {
                                                    "Node Type": "Bitmap Heap Scan",
                                                    "Parent Relationship": "Outer",
                                                    "Parallel Aware": true,
                                                    "Relation Name": "movie_info",
                                                    "Schema": "public",
                                                    "Alias": "mi",
                                                    "Startup Cost": 6209.4,
                                                    "Total Cost": 169058.19,
                                                    "Plan Rows": 68464,
                                                    "Plan Width": 4,
                                                    "Actual Startup Time": 29.009,
                                                    "Actual Total Time": 63.141,
                                                    "Actual Rows": 54810,
                                                    "Actual Loops": 6,
                                                    "Output": [
                                                        "mi.id",
                                                        "mi.movie_id",
                                                        "mi.info_type_id",
                                                        "mi.info",
                                                        "mi.note"
                                                    ],
                                                    "Recheck Cond": "(mi.info_type_id = 98)",
                                                    "Rows Removed by Index Recheck": 0,
                                                    "Exact Heap Blocks": 6445,
                                                    "Lossy Heap Blocks": 0,
                                                    "Workers": [
                                                        {
                                                            "Worker Number": 0,
                                                            "Actual Startup Time": 29.29,
                                                            "Actual Total Time": 64.509,
                                                            "Actual Rows": 47496,
                                                            "Actual Loops": 1
                                                        },
                                                        {
                                                            "Worker Number": 1,
                                                            "Actual Startup Time": 28.905,
                                                            "Actual Total Time": 63.043,
                                                            "Actual Rows": 47824,
                                                            "Actual Loops": 1
                                                        },
                                                        {
                                                            "Worker Number": 2,
                                                            "Actual Startup Time": 29.044,
                                                            "Actual Total Time": 65.032,
                                                            "Actual Rows": 49427,
                                                            "Actual Loops": 1
                                                        },
                                                        {
                                                            "Worker Number": 3,
                                                            "Actual Startup Time": 28.926,
                                                            "Actual Total Time": 63.601,
                                                            "Actual Rows": 50390,
                                                            "Actual Loops": 1
                                                        },
                                                        {
                                                            "Worker Number": 4,
                                                            "Actual Startup Time": 28.934,
                                                            "Actual Total Time": 64.018,
                                                            "Actual Rows": 47801,
                                                            "Actual Loops": 1
                                                        }
                                                    ],
                                                    "Plans": [
                                                        {
                                                            "Node Type": "Bitmap Index Scan",
                                                            "Parent Relationship": "Outer",
                                                            "Parallel Aware": false,
                                                            "Index Name": "info_type_id_movie_info",
                                                            "Startup Cost": 0.0,
                                                            "Total Cost": 6123.82,
                                                            "Plan Rows": 342318,
                                                            "Plan Width": 0,
                                                            "Actual Startup Time": 23.069,
                                                            "Actual Total Time": 23.069,
                                                            "Actual Rows": 328857,
                                                            "Actual Loops": 1,
                                                            "Index Cond": "(mi.info_type_id = 98)",
                                                            "Workers": [
                                                                {
                                                                    "Worker Number": 3,
                                                                    "Actual Startup Time": 23.069,
                                                                    "Actual Total Time": 23.069,
                                                                    "Actual Rows": 328857,
                                                                    "Actual Loops": 1
                                                                }
                                                            ]
                                                        }
                                                    ]
                                                },
                                                {
                                                    "Node Type": "Hash",
                                                    "Parent Relationship": "Inner",
                                                    "Parallel Aware": true,
                                                    "Startup Cost": 43899.01,
                                                    "Total Cost": 43899.01,
                                                    "Plan Rows": 248871,
                                                    "Plan Width": 4,
                                                    "Actual Startup Time": 185.009,
                                                    "Actual Total Time": 185.01,
                                                    "Actual Rows": 164175,
                                                    "Actual Loops": 6,
                                                    "Output": [
                                                        "t.id"
                                                    ],
                                                    "Hash Buckets": 1048576,
                                                    "Original Hash Buckets": 1048576,
                                                    "Hash Batches": 1,
                                                    "Original Hash Batches": 1,
                                                    "Peak Memory Usage": 46848,
                                                    "Workers": [
                                                        {
                                                            "Worker Number": 0,
                                                            "Actual Startup Time": 186.42,
                                                            "Actual Total Time": 186.421,
                                                            "Actual Rows": 146820,
                                                            "Actual Loops": 1
                                                        },
                                                        {
                                                            "Worker Number": 1,
                                                            "Actual Startup Time": 186.12,
                                                            "Actual Total Time": 186.121,
                                                            "Actual Rows": 149088,
                                                            "Actual Loops": 1
                                                        },
                                                        {
                                                            "Worker Number": 2,
                                                            "Actual Startup Time": 186.137,
                                                            "Actual Total Time": 186.138,
                                                            "Actual Rows": 149119,
                                                            "Actual Loops": 1
                                                        },
                                                        {
                                                            "Worker Number": 3,
                                                            "Actual Startup Time": 186.077,
                                                            "Actual Total Time": 186.078,
                                                            "Actual Rows": 147830,
                                                            "Actual Loops": 1
                                                        },
                                                        {
                                                            "Worker Number": 4,
                                                            "Actual Startup Time": 186.018,
                                                            "Actual Total Time": 186.019,
                                                            "Actual Rows": 146767,
                                                            "Actual Loops": 1
                                                        }
                                                    ],
                                                    "Plans": [
                                                        {
                                                            "Node Type": "Seq Scan",
                                                            "Parent Relationship": "Outer",
                                                            "Parallel Aware": true,
                                                            "Relation Name": "title",
                                                            "Schema": "public",
                                                            "Alias": "t",
                                                            "Startup Cost": 0.0,
                                                            "Total Cost": 43899.01,
                                                            "Plan Rows": 248871,
                                                            "Plan Width": 4,
                                                            "Actual Startup Time": 0.048,
                                                            "Actual Total Time": 104.167,
                                                            "Actual Rows": 164175,
                                                            "Actual Loops": 6,
                                                            "Output": [
                                                                "t.id"
                                                            ],
                                                            "Filter": "(t.kind_id < 7)",
                                                            "Rows Removed by Filter": 257211,
                                                            "Workers": [
                                                                {
                                                                    "Worker Number": 0,
                                                                    "Actual Startup Time": 0.047,
                                                                    "Actual Total Time": 106.56,
                                                                    "Actual Rows": 146820,
                                                                    "Actual Loops": 1
                                                                },
                                                                {
                                                                    "Worker Number": 1,
                                                                    "Actual Startup Time": 0.06,
                                                                    "Actual Total Time": 105.344,
                                                                    "Actual Rows": 149088,
                                                                    "Actual Loops": 1
                                                                },
                                                                {
                                                                    "Worker Number": 2,
                                                                    "Actual Startup Time": 0.043,
                                                                    "Actual Total Time": 105.85,
                                                                    "Actual Rows": 149119,
                                                                    "Actual Loops": 1
                                                                },
                                                                {
                                                                    "Worker Number": 3,
                                                                    "Actual Startup Time": 0.059,
                                                                    "Actual Total Time": 105.124,
                                                                    "Actual Rows": 147830,
                                                                    "Actual Loops": 1
                                                                },
                                                                {
                                                                    "Worker Number": 4,
                                                                    "Actual Startup Time": 0.054,
                                                                    "Actual Total Time": 103.922,
                                                                    "Actual Rows": 146767,
                                                                    "Actual Loops": 1
                                                                }
                                                            ]
                                                        }
                                                    ]
                                                }
                                            ]
                                        },
                                        {
                                            "Node Type": "Index Scan",
                                            "Parent Relationship": "Inner",
                                            "Parallel Aware": false,
                                            "Scan Direction": "Forward",
                                            "Index Name": "movie_id_movie_companies",
                                            "Relation Name": "movie_companies",
                                            "Schema": "public",
                                            "Alias": "mc",
                                            "Startup Cost": 0.43,
                                            "Total Cost": 0.64,
                                            "Plan Rows": 3,
                                            "Plan Width": 4,
                                            "Actual Startup Time": 0.005,
                                            "Actual Total Time": 0.005,
                                            "Actual Rows": 1,
                                            "Actual Loops": 214650,
                                            "Output": [
                                                "mc.id",
                                                "mc.movie_id",
                                                "mc.company_id",
                                                "mc.company_type_id",
                                                "mc.note"
                                            ],
                                            "Index Cond": "(mc.movie_id = t.id)",
                                            "Rows Removed by Index Recheck": 0,
                                            "Filter": "(mc.company_type_id = 2)",
                                            "Rows Removed by Filter": 3,
                                            "Workers": [
                                                {
                                                    "Worker Number": 0,
                                                    "Actual Startup Time": 0.006,
                                                    "Actual Total Time": 0.006,
                                                    "Actual Rows": 1,
                                                    "Actual Loops": 31719
                                                },
                                                {
                                                    "Worker Number": 1,
                                                    "Actual Startup Time": 0.006,
                                                    "Actual Total Time": 0.006,
                                                    "Actual Rows": 1,
                                                    "Actual Loops": 32212
                                                },
                                                {
                                                    "Worker Number": 2,
                                                    "Actual Startup Time": 0.005,
                                                    "Actual Total Time": 0.006,
                                                    "Actual Rows": 1,
                                                    "Actual Loops": 32089
                                                },
                                                {
                                                    "Worker Number": 3,
                                                    "Actual Startup Time": 0.006,
                                                    "Actual Total Time": 0.006,
                                                    "Actual Rows": 1,
                                                    "Actual Loops": 32337
                                                },
                                                {
                                                    "Worker Number": 4,
                                                    "Actual Startup Time": 0.006,
                                                    "Actual Total Time": 0.006,
                                                    "Actual Rows": 1,
                                                    "Actual Loops": 31828
                                                }
                                            ]
                                        }
                                    ]
                                }
                            ]
                        }
                    ]
                }
            ]
        },
        "Planning Time": 1507.415,
        "Triggers": [],
        "Execution Time": 538.687
    }
]