[
  {
    "Plan": {
      "Node Type": "Aggregate",
      "Strategy": "Plain",
      "Partial Mode": "Finalize",
      "Parallel Aware": false,
      "Startup Cost": 89819.92,
      "Total Cost": 89819.93,
      "Plan Rows": 1,
      "Plan Width": 8,
      "Actual Startup Time": 444.768,
      "Actual Total Time": 458.595,
      "Actual Rows": 1,
      "Actual Loops": 1,
      "Plans": [
        {
          "Node Type": "Gather",
          "Parent Relationship": "Outer",
          "Parallel Aware": false,
          "Startup Cost": 89819.6,
          "Total Cost": 89819.91,
          "Plan Rows": 3,
          "Plan Width": 8,
          "Actual Startup Time": 438.709,
          "Actual Total Time": 458.577,
          "Actual Rows": 4,
          "Actual Loops": 1,
          "Workers Planned": 3,
          "Workers Launched": 3,
          "Single Copy": false,
          "Plans": [
            {
              "Node Type": "Aggregate",
              "Strategy": "Plain",
              "Partial Mode": "Partial",
              "Parent Relationship": "Outer",
              "Parallel Aware": false,
              "Startup Cost": 88819.6,
              "Total Cost": 88819.61,
              "Plan Rows": 1,
              "Plan Width": 8,
              "Actual Startup Time": 430.678,
              "Actual Total Time": 430.683,
              "Actual Rows": 1,
              "Actual Loops": 4,
              "Plans": [
                {
                  "Node Type": "Hash Join",
                  "Parent Relationship": "Outer",
                  "Parallel Aware": true,
                  "Join Type": "Inner",
                  "Startup Cost": 61365.22,
                  "Total Cost": 88493.04,
                  "Plan Rows": 130624,
                  "Plan Width": 0,
                  "Actual Startup Time": 312.339,
                  "Actual Total Time": 426.819,
                  "Actual Rows": 59636,
                  "Actual Loops": 4,
                  "Inner Unique": true,
                  "Hash Cond": "(mk.movie_id = t.id)",
                  "Plans": [
                    {
                      "Node Type": "Bitmap Heap Scan",
                      "Parent Relationship": "Outer",
                      "Parallel Aware": true,
                      "Relation Name": "movie_keyword",
                      "Alias": "mk",
                      "Startup Cost": 11627.61,
                      "Total Cost": 38291.38,
                      "Plan Rows": 176782,
                      "Plan Width": 4,
                      "Actual Startup Time": 37.3,
                      "Actual Total Time": 98.653,
                      "Actual Rows": 136876,
                      "Actual Loops": 4,
                      "Recheck Cond": "(keyword_id < 394)",
                      "Rows Removed by Index Recheck": 0,
                      "Exact Heap Blocks": 7103,
                      "Lossy Heap Blocks": 0,
                      "Plans": [
                        {
                          "Node Type": "Bitmap Index Scan",
                          "Parent Relationship": "Outer",
                          "Parallel Aware": false,
                          "Index Name": "keyword_id_movie_keyword",
                          "Startup Cost": 0.0,
                          "Total Cost": 11490.61,
                          "Plan Rows": 548023,
                          "Plan Width": 0,
                          "Actual Startup Time": 33.408,
                          "Actual Total Time": 33.41,
                          "Actual Rows": 547506,
                          "Actual Loops": 1,
                          "Index Cond": "(keyword_id < 394)"
                        }
                      ]
                    },
                    {
                      "Node Type": "Hash",
                      "Parent Relationship": "Inner",
                      "Parallel Aware": true,
                      "Startup Cost": 43899.32,
                      "Total Cost": 43899.32,
                      "Plan Rows": 467063,
                      "Plan Width": 4,
                      "Actual Startup Time": 269.861,
                      "Actual Total Time": 269.862,
                      "Actual Rows": 466372,
                      "Actual Loops": 4,
                      "Hash Buckets": 2097152,
                      "Original Hash Buckets": 2097152,
                      "Hash Batches": 1,
                      "Original Hash Batches": 1,
                      "Peak Memory Usage": 89408,
                      "Plans": [
                        {
                          "Node Type": "Seq Scan",
                          "Parent Relationship": "Outer",
                          "Parallel Aware": true,
                          "Relation Name": "title",
                          "Alias": "t",
                          "Startup Cost": 0.0,
                          "Total Cost": 43899.32,
                          "Plan Rows": 467063,
                          "Plan Width": 4,
                          "Actual Startup Time": 0.022,
                          "Actual Total Time": 105.798,
                          "Actual Rows": 466372,
                          "Actual Loops": 4,
                          "Filter": "(kind_id > 1)",
                          "Rows Removed by Filter": 165706
                        }
                      ]
                    }
                  ]
                }
              ]
            }
          ]
        }
      ]
    },
    "Planning Time": 0.272,
    "Triggers": [],
    "Execution Time": 458.647
  }
]