[
  {
    "Plan": {
      "Node Type": "Aggregate",
      "Strategy": "Plain",
      "Partial Mode": "Finalize",
      "Parallel Aware": false,
      "Startup Cost": 89501.97,
      "Total Cost": 89501.98,
      "Plan Rows": 1,
      "Plan Width": 8,
      "Actual Startup Time": 446.69,
      "Actual Total Time": 461.754,
      "Actual Rows": 1,
      "Actual Loops": 1,
      "Plans": [
        {
          "Node Type": "Gather",
          "Parent Relationship": "Outer",
          "Parallel Aware": false,
          "Startup Cost": 89501.65,
          "Total Cost": 89501.96,
          "Plan Rows": 3,
          "Plan Width": 8,
          "Actual Startup Time": 437.352,
          "Actual Total Time": 461.746,
          "Actual Rows": 4,
          "Actual Loops": 1,
          "Workers Planned": 3,
          "Workers Launched": 3,
          "Single Copy": false,
          "Plans": [
            {
              "Node Type": "Aggregate",
              "Strategy": "Plain",
              "Partial Mode": "Partial",
              "Parent Relationship": "Outer",
              "Parallel Aware": false,
              "Startup Cost": 88501.65,
              "Total Cost": 88501.66,
              "Plan Rows": 1,
              "Plan Width": 8,
              "Actual Startup Time": 424.07,
              "Actual Total Time": 424.074,
              "Actual Rows": 1,
              "Actual Loops": 4,
              "Plans": [
                {
                  "Node Type": "Hash Join",
                  "Parent Relationship": "Outer",
                  "Parallel Aware": true,
                  "Join Type": "Inner",
                  "Startup Cost": 61110.3,
                  "Total Cost": 88182.42,
                  "Plan Rows": 127690,
                  "Plan Width": 0,
                  "Actual Startup Time": 316.085,
                  "Actual Total Time": 420.736,
                  "Actual Rows": 59636,
                  "Actual Loops": 4,
                  "Inner Unique": true,
                  "Hash Cond": "(mk.movie_id = t.id)",
                  "Plans": [
                    {
                      "Node Type": "Bitmap Heap Scan",
                      "Parent Relationship": "Outer",
                      "Parallel Aware": true,
                      "Relation Name": "movie_keyword",
                      "Alias": "mk",
                      "Startup Cost": 11383.14,
                      "Total Cost": 38000.89,
                      "Plan Rows": 173099,
                      "Plan Width": 4,
                      "Actual Startup Time": 34.893,
                      "Actual Total Time": 91.329,
                      "Actual Rows": 136876,
                      "Actual Loops": 4,
                      "Recheck Cond": "(keyword_id < 394)",
                      "Rows Removed by Index Recheck": 0,
                      "Exact Heap Blocks": 7871,
                      "Lossy Heap Blocks": 0,
                      "Plans": [
                        {
                          "Node Type": "Bitmap Index Scan",
                          "Parent Relationship": "Outer",
                          "Parallel Aware": false,
                          "Index Name": "keyword_id_movie_keyword",
                          "Startup Cost": 0.0,
                          "Total Cost": 11248.99,
                          "Plan Rows": 536608,
                          "Plan Width": 0,
                          "Actual Startup Time": 31.297,
                          "Actual Total Time": 31.297,
                          "Actual Rows": 547506,
                          "Actual Loops": 1,
                          "Index Cond": "(keyword_id < 394)"
                        }
                      ]
                    },
                    {
                      "Node Type": "Hash",
                      "Parent Relationship": "Inner",
                      "Parallel Aware": true,
                      "Startup Cost": 43898.92,
                      "Total Cost": 43898.92,
                      "Plan Rows": 466259,
                      "Plan Width": 4,
                      "Actual Startup Time": 273.48,
                      "Actual Total Time": 273.481,
                      "Actual Rows": 466372,
                      "Actual Loops": 4,
                      "Hash Buckets": 2097152,
                      "Original Hash Buckets": 2097152,
                      "Hash Batches": 1,
                      "Original Hash Batches": 1,
                      "Peak Memory Usage": 89408,
                      "Plans": [
                        {
                          "Node Type": "Seq Scan",
                          "Parent Relationship": "Outer",
                          "Parallel Aware": true,
                          "Relation Name": "title",
                          "Alias": "t",
                          "Startup Cost": 0.0,
                          "Total Cost": 43898.92,
                          "Plan Rows": 466259,
                          "Plan Width": 4,
                          "Actual Startup Time": 0.044,
                          "Actual Total Time": 105.655,
                          "Actual Rows": 466372,
                          "Actual Loops": 4,
                          "Filter": "(kind_id > 1)",
                          "Rows Removed by Filter": 165706
                        }
                      ]
                    }
                  ]
                }
              ]
            }
          ]
        }
      ]
    },
    "Planning Time": 0.611,
    "Triggers": [],
    "Execution Time": 461.845
  }
]