{
  "Plan": {
    "Node Type": "Aggregate",
    "Strategy": "Plain",
    "Partial Mode": "Finalize",
    "Parallel Aware": false,
    "Startup Cost": 110112.31,
    "Total Cost": 110112.32,
    "Plan Rows": 1,
    "Plan Width": 8,
    "Actual Startup Time": 149.271,
    "Actual Total Time": 160.178,
    "Actual Rows": 1,
    "Actual Loops": 1,
    "Plans": [
      {
        "Node Type": "Gather",
        "Parent Relationship": "Outer",
        "Parallel Aware": false,
        "Startup Cost": 110112.19,
        "Total Cost": 110112.3,
        "Plan Rows": 1,
        "Plan Width": 8,
        "Actual Startup Time": 149.171,
        "Actual Total Time": 160.172,
        "Actual Rows": 2,
        "Actual Loops": 1,
        "Workers Planned": 1,
        "Workers Launched": 1,
        "Single Copy": false,
        "Plans": [
          {
            "Node Type": "Aggregate",
            "Strategy": "Plain",
            "Partial Mode": "Partial",
            "Parent Relationship": "Outer",
            "Parallel Aware": false,
            "Startup Cost": 109112.19,
            "Total Cost": 109112.2,
            "Plan Rows": 1,
            "Plan Width": 8,
            "Actual Startup Time": 143.754,
            "Actual Total Time": 143.755,
            "Actual Rows": 1,
            "Actual Loops": 2,
            "Plans": [
              {
                "Node Type": "Nested Loop",
                "Parent Relationship": "Outer",
                "Parallel Aware": false,
                "Join Type": "Inner",
                "Startup Cost": 0.43,
                "Total Cost": 109084.38,
                "Plan Rows": 11124,
                "Plan Width": 0,
                "Actual Startup Time": 0.675,
                "Actual Total Time": 143.558,
                "Actual Rows": 3042,
                "Actual Loops": 2,
                "Inner Unique": false,
                "Plans": [
                  {
                    "Node Type": "Seq Scan",
                    "Parent Relationship": "Outer",
                    "Parallel Aware": true,
                    "Relation Name": "title",
                    "Alias": "t",
                    "Startup Cost": 0.0,
                    "Total Cost": 58306.47,
                    "Plan Rows": 6217,
                    "Plan Width": 4,
                    "Actual Startup Time": 0.113,
                    "Actual Total Time": 126.291,
                    "Actual Rows": 5197,
                    "Actual Loops": 2,
                    "Filter": "((kind_id > 1) AND (production_year = 1970))",
                    "Rows Removed by Filter": 1258959
                  },
                  {
                    "Node Type": "Index Only Scan",
                    "Parent Relationship": "Inner",
                    "Parallel Aware": false,
                    "Scan Direction": "Forward",
                    "Index Name": "movie_id_movie_keyword",
                    "Relation Name": "movie_keyword",
                    "Alias": "mk",
                    "Startup Cost": 0.43,
                    "Total Cost": 7.72,
                    "Plan Rows": 45,
                    "Plan Width": 4,
                    "Actual Startup Time": 0.003,
                    "Actual Total Time": 0.003,
                    "Actual Rows": 1,
                    "Actual Loops": 10394,
                    "Index Cond": "(movie_id = t.id)",
                    "Rows Removed by Index Recheck": 0,
                    "Heap Fetches": 6084
                  }
                ]
              }
            ]
          }
        ]
      }
    ]
  },
  "Planning Time": 0.21,
  "Triggers": [],
  "Execution Time": 160.219
}