[
  {
    "Plan": {
      "Node Type": "Aggregate",
      "Strategy": "Plain",
      "Partial Mode": "Finalize",
      "Parallel Aware": false,
      "Startup Cost": 112544.99,
      "Total Cost": 112545.0,
      "Plan Rows": 1,
      "Plan Width": 8,
      "Actual Startup Time": 183.111,
      "Actual Total Time": 193.785,
      "Actual Rows": 1,
      "Actual Loops": 1,
      "Plans": [
        {
          "Node Type": "Gather",
          "Parent Relationship": "Outer",
          "Parallel Aware": false,
          "Startup Cost": 112544.47,
          "Total Cost": 112544.98,
          "Plan Rows": 5,
          "Plan Width": 8,
          "Actual Startup Time": 183.008,
          "Actual Total Time": 193.775,
          "Actual Rows": 6,
          "Actual Loops": 1,
          "Workers Planned": 5,
          "Workers Launched": 5,
          "Single Copy": false,
          "Plans": [
            {
              "Node Type": "Aggregate",
              "Strategy": "Plain",
              "Partial Mode": "Partial",
              "Parent Relationship": "Outer",
              "Parallel Aware": false,
              "Startup Cost": 111544.47,
              "Total Cost": 111544.48,
              "Plan Rows": 1,
              "Plan Width": 8,
              "Actual Startup Time": 172.763,
              "Actual Total Time": 172.764,
              "Actual Rows": 1,
              "Actual Loops": 6,
              "Plans": [
                {
                  "Node Type": "Index Scan",
                  "Parent Relationship": "Outer",
                  "Parallel Aware": true,
                  "Scan Direction": "Forward",
                  "Index Name": "role_id_cast_info",
                  "Relation Name": "cast_info",
                  "Alias": "ci",
                  "Startup Cost": 0.56,
                  "Total Cost": 110428.26,
                  "Plan Rows": 446484,
                  "Plan Width": 0,
                  "Actual Startup Time": 0.13,
                  "Actual Total Time": 150.162,
                  "Actual Rows": 459572,
                  "Actual Loops": 6,
                  "Index Cond": "(role_id = 3)",
                  "Rows Removed by Index Recheck": 0,
                  "Filter": "(person_id > 1608033)",
                  "Rows Removed by Filter": 208434
                }
              ]
            }
          ]
        }
      ]
    },
    "Planning Time": 0.252,
    "Triggers": [],
    "Execution Time": 193.846
  }
]