{
  "Plan": {
    "Node Type": "Aggregate",
    "Strategy": "Plain",
    "Partial Mode": "Simple",
    "Parallel Aware": false,
    "Startup Cost": 204080.07,
    "Total Cost": 204080.08,
    "Plan Rows": 1,
    "Plan Width": 64,
    "Actual Startup Time": 2527.735,
    "Actual Total Time": 2556.425,
    "Actual Rows": 1,
    "Actual Loops": 1,
    "Plans": [
      {
        "Node Type": "Nested Loop",
        "Parent Relationship": "Outer",
        "Parallel Aware": false,
        "Join Type": "Inner",
        "Startup Cost": 48111.83,
        "Total Cost": 204080.06,
        "Plan Rows": 1,
        "Plan Width": 60,
        "Actual Startup Time": 1022.196,
        "Actual Total Time": 2556.386,
        "Actual Rows": 10,
        "Actual Loops": 1,
        "Inner Unique": false,
        "Join Filter": "(mi.info_type_id = it1.id)",
        "Rows Removed by Join Filter": 1200,
        "Plans": [
          {
            "Node Type": "Seq Scan",
            "Parent Relationship": "Outer",
            "Parallel Aware": false,
            "Relation Name": "info_type",
            "Alias": "it1",
            "Startup Cost": 0.0,
            "Total Cost": 2.41,
            "Plan Rows": 1,
            "Plan Width": 4,
            "Actual Startup Time": 0.053,
            "Actual Total Time": 0.059,
            "Actual Rows": 1,
            "Actual Loops": 1,
            "Filter": "((info)::text = 'budget'::text)",
            "Rows Removed by Filter": 112
          },
          {
            "Node Type": "Nested Loop",
            "Parent Relationship": "Inner",
            "Parallel Aware": false,
            "Join Type": "Inner",
            "Startup Cost": 48111.83,
            "Total Cost": 204077.19,
            "Plan Rows": 37,
            "Plan Width": 64,
            "Actual Startup Time": 1022.057,
            "Actual Total Time": 2556.23,
            "Actual Rows": 1210,
            "Actual Loops": 1,
            "Inner Unique": false,
            "Join Filter": "(t.id = mi.movie_id)",
            "Rows Removed by Join Filter": 0,
            "Plans": [
              {
                "Node Type": "Nested Loop",
                "Parent Relationship": "Outer",
                "Parallel Aware": false,
                "Join Type": "Inner",
                "Startup Cost": 48111.39,
                "Total Cost": 204075.22,
                "Plan Rows": 1,
                "Plan Width": 29,
                "Actual Startup Time": 1022.022,
                "Actual Total Time": 2555.417,
                "Actual Rows": 10,
                "Actual Loops": 1,
                "Inner Unique": false,
                "Join Filter": "(mi_idx.info_type_id = it2.id)",
                "Rows Removed by Join Filter": 4116,
                "Plans": [
                  {
                    "Node Type": "Seq Scan",
                    "Parent Relationship": "Outer",
                    "Parallel Aware": false,
                    "Relation Name": "info_type",
                    "Alias": "it2",
                    "Startup Cost": 0.0,
                    "Total Cost": 2.41,
                    "Plan Rows": 1,
                    "Plan Width": 4,
                    "Actual Startup Time": 0.034,
                    "Actual Total Time": 0.037,
                    "Actual Rows": 1,
                    "Actual Loops": 1,
                    "Filter": "((info)::text = 'bottom 10 rank'::text)",
                    "Rows Removed by Filter": 112
                  },
                  {
                    "Node Type": "Gather",
                    "Parent Relationship": "Inner",
                    "Parallel Aware": false,
                    "Startup Cost": 48111.39,
                    "Total Cost": 204071.13,
                    "Plan Rows": 134,
                    "Plan Width": 33,
                    "Actual Startup Time": 650.973,
                    "Actual Total Time": 2554.884,
                    "Actual Rows": 4126,
                    "Actual Loops": 1,
                    "Workers Planned": 1,
                    "Workers Launched": 1,
                    "Single Copy": false,
                    "Plans": [
                      {
                        "Node Type": "Hash Join",
                        "Parent Relationship": "Outer",
                        "Parallel Aware": false,
                        "Join Type": "Inner",
                        "Startup Cost": 47111.39,
                        "Total Cost": 203057.73,
                        "Plan Rows": 79,
                        "Plan Width": 33,
                        "Actual Startup Time": 534.477,
                        "Actual Total Time": 2518.478,
                        "Actual Rows": 2063,
                        "Actual Loops": 2,
                        "Inner Unique": true,
                        "Hash Cond": "(mc.company_type_id = ct.id)",
                        "Plans": [
                          {
                            "Node Type": "Nested Loop",
                            "Parent Relationship": "Outer",
                            "Parallel Aware": false,
                            "Join Type": "Inner",
                            "Startup Cost": 47110.31,
                            "Total Cost": 203055.79,
                            "Plan Rows": 158,
                            "Plan Width": 37,
                            "Actual Startup Time": 534.165,
                            "Actual Total Time": 2517.447,
                            "Actual Rows": 2063,
                            "Actual Loops": 2,
                            "Inner Unique": false,
                            "Join Filter": "(t.id = mi_idx.movie_id)",
                            "Rows Removed by Join Filter": 0,
                            "Plans": [
                              {
                                "Node Type": "Hash Join",
                                "Parent Relationship": "Outer",
                                "Parallel Aware": true,
                                "Join Type": "Inner",
                                "Startup Cost": 47109.88,
                                "Total Cost": 203026.13,
                                "Plan Rows": 55,
                                "Plan Width": 29,
                                "Actual Startup Time": 533.557,
                                "Actual Total Time": 2505.382,
                                "Actual Rows": 1064,
                                "Actual Loops": 2,
                                "Inner Unique": true,
                                "Hash Cond": "(mc.movie_id = t.id)",
                                "Plans": [
                                  {
                                    "Node Type": "Merge Join",
                                    "Parent Relationship": "Outer",
                                    "Parallel Aware": false,
                                    "Join Type": "Inner",
                                    "Startup Cost": 49.73,
                                    "Total Cost": 154509.96,
                                    "Plan Rows": 554671,
                                    "Plan Width": 8,
                                    "Actual Startup Time": 110.998,
                                    "Actual Total Time": 1994.118,
                                    "Actual Rows": 576899,
                                    "Actual Loops": 2,
                                    "Inner Unique": false,
                                    "Merge Cond": "(cn.id = mc.company_id)",
                                    "Plans": [
                                      {
                                        "Node Type": "Index Scan",
                                        "Parent Relationship": "Outer",
                                        "Parallel Aware": true,
                                        "Scan Direction": "Forward",
                                        "Index Name": "company_name_pkey",
                                        "Relation Name": "company_name",
                                        "Alias": "cn",
                                        "Startup Cost": 0.42,
                                        "Total Cost": 11265.25,
                                        "Plan Rows": 49958,
                                        "Plan Width": 4,
                                        "Actual Startup Time": 0.061,
                                        "Actual Total Time": 118.006,
                                        "Actual Rows": 42422,
                                        "Actual Loops": 2,
                                        "Filter": "((country_code)::text = '[us]'::text)",
                                        "Rows Removed by Filter": 75077
                                      },
                                      {
                                        "Node Type": "Index Scan",
                                        "Parent Relationship": "Inner",
                                        "Parallel Aware": false,
                                        "Scan Direction": "Forward",
                                        "Index Name": "company_id_movie_companies",
                                        "Relation Name": "movie_companies",
                                        "Alias": "mc",
                                        "Startup Cost": 0.43,
                                        "Total Cost": 131053.9,
                                        "Plan Rows": 2609129,
                                        "Plan Width": 12,
                                        "Actual Startup Time": 0.042,
                                        "Actual Total Time": 1547.028,
                                        "Actual Rows": 2609026,
                                        "Actual Loops": 2
                                      }
                                    ]
                                  },
                                  {
                                    "Node Type": "Hash",
                                    "Parent Relationship": "Inner",
                                    "Parallel Aware": true,
                                    "Startup Cost": 47059.37,
                                    "Total Cost": 47059.37,
                                    "Plan Rows": 63,
                                    "Plan Width": 21,
                                    "Actual Startup Time": 419.786,
                                    "Actual Total Time": 419.788,
                                    "Actual Rows": 1268,
                                    "Actual Loops": 2,
                                    "Hash Buckets": 2048,
                                    "Original Hash Buckets": 1024,
                                    "Hash Batches": 1,
                                    "Original Hash Batches": 1,
                                    "Peak Memory Usage": 216,
                                    "Plans": [
                                      {
                                        "Node Type": "Seq Scan",
                                        "Parent Relationship": "Outer",
                                        "Parallel Aware": true,
                                        "Relation Name": "title",
                                        "Alias": "t",
                                        "Startup Cost": 0.0,
                                        "Total Cost": 47059.37,
                                        "Plan Rows": 63,
                                        "Plan Width": 21,
                                        "Actual Startup Time": 0.601,
                                        "Actual Total Time": 402.361,
                                        "Actual Rows": 1268,
                                        "Actual Loops": 2,
                                        "Filter": "((production_year > 2000) AND ((title ~~ 'Birdemic%'::text) OR (title ~~ '%Movie%'::text)))",
                                        "Rows Removed by Filter": 1262888
                                      }
                                    ]
                                  }
                                ]
                              },
                              {
                                "Node Type": "Index Scan",
                                "Parent Relationship": "Inner",
                                "Parallel Aware": false,
                                "Scan Direction": "Forward",
                                "Index Name": "movie_id_movie_info_idx",
                                "Relation Name": "movie_info_idx",
                                "Alias": "mi_idx",
                                "Startup Cost": 0.43,
                                "Total Cost": 0.5,
                                "Plan Rows": 3,
                                "Plan Width": 8,
                                "Actual Startup Time": 0.01,
                                "Actual Total Time": 0.01,
                                "Actual Rows": 2,
                                "Actual Loops": 2127,
                                "Index Cond": "(movie_id = mc.movie_id)",
                                "Rows Removed by Index Recheck": 0
                              }
                            ]
                          },
                          {
                            "Node Type": "Hash",
                            "Parent Relationship": "Inner",
                            "Parallel Aware": false,
                            "Startup Cost": 1.06,
                            "Total Cost": 1.06,
                            "Plan Rows": 2,
                            "Plan Width": 4,
                            "Actual Startup Time": 0.061,
                            "Actual Total Time": 0.061,
                            "Actual Rows": 2,
                            "Actual Loops": 2,
                            "Hash Buckets": 1024,
                            "Original Hash Buckets": 1024,
                            "Hash Batches": 1,
                            "Original Hash Batches": 1,
                            "Peak Memory Usage": 9,
                            "Plans": [
                              {
                                "Node Type": "Seq Scan",
                                "Parent Relationship": "Outer",
                                "Parallel Aware": false,
                                "Relation Name": "company_type",
                                "Alias": "ct",
                                "Startup Cost": 0.0,
                                "Total Cost": 1.06,
                                "Plan Rows": 2,
                                "Plan Width": 4,
                                "Actual Startup Time": 0.041,
                                "Actual Total Time": 0.045,
                                "Actual Rows": 2,
                                "Actual Loops": 2,
                                "Filter": "((kind IS NOT NULL) AND (((kind)::text = 'production companies'::text) OR ((kind)::text = 'distributors'::text)))",
                                "Rows Removed by Filter": 2
                              }
                            ]
                          }
                        ]
                      }
                    ]
                  }
                ]
              },
              {
                "Node Type": "Index Scan",
                "Parent Relationship": "Inner",
                "Parallel Aware": false,
                "Scan Direction": "Forward",
                "Index Name": "movie_id_movie_info",
                "Relation Name": "movie_info",
                "Alias": "mi",
                "Startup Cost": 0.43,
                "Total Cost": 1.47,
                "Plan Rows": 40,
                "Plan Width": 51,
                "Actual Startup Time": 0.013,
                "Actual Total Time": 0.057,
                "Actual Rows": 121,
                "Actual Loops": 10,
                "Index Cond": "(movie_id = mc.movie_id)",
                "Rows Removed by Index Recheck": 0
              }
            ]
          }
        ]
      }
    ]
  },
  "Planning Time": 8.546,
  "Triggers": [],
  "Execution Time": 2556.624
}