[
  {
    "Plan": {
      "Node Type": "Aggregate",
      "Strategy": "Plain",
      "Partial Mode": "Finalize",
      "Parallel Aware": false,
      "Startup Cost": 31852.7,
      "Total Cost": 31852.71,
      "Plan Rows": 1,
      "Plan Width": 8,
      "Actual Startup Time": 108.178,
      "Actual Total Time": 116.109,
      "Actual Rows": 1,
      "Actual Loops": 1,
      "Plans": [
        {
          "Node Type": "Gather",
          "Parent Relationship": "Outer",
          "Parallel Aware": false,
          "Startup Cost": 31852.38,
          "Total Cost": 31852.69,
          "Plan Rows": 3,
          "Plan Width": 8,
          "Actual Startup Time": 107.891,
          "Actual Total Time": 116.098,
          "Actual Rows": 4,
          "Actual Loops": 1,
          "Workers Planned": 3,
          "Workers Launched": 3,
          "Single Copy": false,
          "Plans": [
            {
              "Node Type": "Aggregate",
              "Strategy": "Plain",
              "Partial Mode": "Partial",
              "Parent Relationship": "Outer",
              "Parallel Aware": false,
              "Startup Cost": 30852.38,
              "Total Cost": 30852.39,
              "Plan Rows": 1,
              "Plan Width": 8,
              "Actual Startup Time": 104.0,
              "Actual Total Time": 104.002,
              "Actual Rows": 1,
              "Actual Loops": 4,
              "Plans": [
                {
                  "Node Type": "Seq Scan",
                  "Parent Relationship": "Outer",
                  "Parallel Aware": true,
                  "Relation Name": "movie_companies",
                  "Alias": "mc",
                  "Startup Cost": 0.0,
                  "Total Cost": 29310.68,
                  "Plan Rows": 616679,
                  "Plan Width": 0,
                  "Actual Startup Time": 0.032,
                  "Actual Total Time": 79.901,
                  "Actual Rows": 479135,
                  "Actual Loops": 4,
                  "Filter": "(company_id < 46856)",
                  "Rows Removed by Filter": 173147
                }
              ]
            }
          ]
        }
      ]
    },
    "Planning Time": 0.198,
    "Triggers": [],
    "Execution Time": 116.167
  }
]