{
  "Plan": {
    "Node Type": "Aggregate",
    "Strategy": "Plain",
    "Partial Mode": "Finalize",
    "Parallel Aware": false,
    "Startup Cost": 290062.58,
    "Total Cost": 290062.59,
    "Plan Rows": 1,
    "Plan Width": 8,
    "Actual Startup Time": 1541.916,
    "Actual Total Time": 1597.156,
    "Actual Rows": 1,
    "Actual Loops": 1,
    "Plans": [
      {
        "Node Type": "Gather",
        "Parent Relationship": "Outer",
        "Parallel Aware": false,
        "Startup Cost": 290062.47,
        "Total Cost": 290062.58,
        "Plan Rows": 1,
        "Plan Width": 8,
        "Actual Startup Time": 1541.758,
        "Actual Total Time": 1597.148,
        "Actual Rows": 2,
        "Actual Loops": 1,
        "Workers Planned": 1,
        "Workers Launched": 1,
        "Single Copy": false,
        "Plans": [
          {
            "Node Type": "Aggregate",
            "Strategy": "Plain",
            "Partial Mode": "Partial",
            "Parent Relationship": "Outer",
            "Parallel Aware": false,
            "Startup Cost": 289062.47,
            "Total Cost": 289062.48,
            "Plan Rows": 1,
            "Plan Width": 8,
            "Actual Startup Time": 1535.686,
            "Actual Total Time": 1535.689,
            "Actual Rows": 1,
            "Actual Loops": 2,
            "Plans": [
              {
                "Node Type": "Nested Loop",
                "Parent Relationship": "Outer",
                "Parallel Aware": false,
                "Join Type": "Inner",
                "Startup Cost": 58708.91,
                "Total Cost": 288864.7,
                "Plan Rows": 79106,
                "Plan Width": 0,
                "Actual Startup Time": 147.324,
                "Actual Total Time": 1526.946,
                "Actual Rows": 160772,
                "Actual Loops": 2,
                "Inner Unique": false,
                "Join Filter": "(t.id = mi.movie_id)",
                "Rows Removed by Join Filter": 0,
                "Plans": [
                  {
                    "Node Type": "Hash Join",
                    "Parent Relationship": "Outer",
                    "Parallel Aware": true,
                    "Join Type": "Inner",
                    "Startup Cost": 58708.47,
                    "Total Cost": 199926.99,
                    "Plan Rows": 55681,
                    "Plan Width": 8,
                    "Actual Startup Time": 147.249,
                    "Actual Total Time": 724.026,
                    "Actual Rows": 39626,
                    "Actual Loops": 2,
                    "Inner Unique": true,
                    "Hash Cond": "(ci.movie_id = t.id)",
                    "Plans": [
                      {
                        "Node Type": "Index Scan",
                        "Parent Relationship": "Outer",
                        "Parallel Aware": true,
                        "Scan Direction": "Forward",
                        "Index Name": "role_id_cast_info",
                        "Relation Name": "cast_info",
                        "Alias": "ci",
                        "Startup Cost": 0.56,
                        "Total Cost": 134450.3,
                        "Plan Rows": 2578582,
                        "Plan Width": 4,
                        "Actual Startup Time": 0.194,
                        "Actual Total Time": 292.288,
                        "Actual Rows": 2161509,
                        "Actual Loops": 2,
                        "Index Cond": "(role_id = 10)",
                        "Rows Removed by Index Recheck": 0
                      },
                      {
                        "Node Type": "Hash",
                        "Parent Relationship": "Inner",
                        "Parallel Aware": true,
                        "Startup Cost": 58306.47,
                        "Total Cost": 58306.47,
                        "Plan Rows": 32115,
                        "Plan Width": 4,
                        "Actual Startup Time": 145.698,
                        "Actual Total Time": 145.699,
                        "Actual Rows": 23172,
                        "Actual Loops": 2,
                        "Hash Buckets": 65536,
                        "Original Hash Buckets": 65536,
                        "Hash Batches": 1,
                        "Original Hash Batches": 1,
                        "Peak Memory Usage": 2368,
                        "Plans": [
                          {
                            "Node Type": "Seq Scan",
                            "Parent Relationship": "Outer",
                            "Parallel Aware": true,
                            "Relation Name": "title",
                            "Alias": "t",
                            "Startup Cost": 0.0,
                            "Total Cost": 58306.47,
                            "Plan Rows": 32115,
                            "Plan Width": 4,
                            "Actual Startup Time": 0.073,
                            "Actual Total Time": 139.633,
                            "Actual Rows": 23172,
                            "Actual Loops": 2,
                            "Filter": "((kind_id < 4) AND (production_year = 2011))",
                            "Rows Removed by Filter": 1240984
                          }
                        ]
                      }
                    ]
                  },
                  {
                    "Node Type": "Index Scan",
                    "Parent Relationship": "Inner",
                    "Parallel Aware": false,
                    "Scan Direction": "Forward",
                    "Index Name": "movie_id_movie_info",
                    "Relation Name": "movie_info",
                    "Alias": "mi",
                    "Startup Cost": 0.43,
                    "Total Cost": 1.47,
                    "Plan Rows": 10,
                    "Plan Width": 4,
                    "Actual Startup Time": 0.008,
                    "Actual Total Time": 0.02,
                    "Actual Rows": 4,
                    "Actual Loops": 79252,
                    "Index Cond": "(movie_id = ci.movie_id)",
                    "Rows Removed by Index Recheck": 0,
                    "Filter": "(info_type_id < 4)",
                    "Rows Removed by Filter": 55
                  }
                ]
              }
            ]
          }
        ]
      }
    ]
  },
  "Planning Time": 0.986,
  "Triggers": [],
  "Execution Time": 1597.26
}