[
  {
    "Plan": {
      "Node Type": "Aggregate",
      "Strategy": "Plain",
      "Partial Mode": "Finalize",
      "Parallel Aware": false,
      "Startup Cost": 92745.88,
      "Total Cost": 92745.89,
      "Plan Rows": 1,
      "Plan Width": 8,
      "Actual Startup Time": 327.599,
      "Actual Total Time": 343.524,
      "Actual Rows": 1,
      "Actual Loops": 1,
      "Plans": [
        {
          "Node Type": "Gather",
          "Parent Relationship": "Outer",
          "Parallel Aware": false,
          "Startup Cost": 92745.56,
          "Total Cost": 92745.87,
          "Plan Rows": 3,
          "Plan Width": 8,
          "Actual Startup Time": 323.337,
          "Actual Total Time": 343.513,
          "Actual Rows": 4,
          "Actual Loops": 1,
          "Workers Planned": 3,
          "Workers Launched": 3,
          "Single Copy": false,
          "Plans": [
            {
              "Node Type": "Aggregate",
              "Strategy": "Plain",
              "Partial Mode": "Partial",
              "Parent Relationship": "Outer",
              "Parallel Aware": false,
              "Startup Cost": 91745.56,
              "Total Cost": 91745.57,
              "Plan Rows": 1,
              "Plan Width": 8,
              "Actual Startup Time": 314.614,
              "Actual Total Time": 314.617,
              "Actual Rows": 1,
              "Actual Loops": 4,
              "Plans": [
                {
                  "Node Type": "Hash Join",
                  "Parent Relationship": "Outer",
                  "Parallel Aware": true,
                  "Join Type": "Inner",
                  "Startup Cost": 47769.5,
                  "Total Cost": 91468.54,
                  "Plan Rows": 110808,
                  "Plan Width": 0,
                  "Actual Startup Time": 176.7,
                  "Actual Total Time": 313.783,
                  "Actual Rows": 19222,
                  "Actual Loops": 4,
                  "Inner Unique": true,
                  "Hash Cond": "(mk.movie_id = t.id)",
                  "Plans": [
                    {
                      "Node Type": "Seq Scan",
                      "Parent Relationship": "Outer",
                      "Parallel Aware": true,
                      "Relation Name": "movie_keyword",
                      "Alias": "mk",
                      "Startup Cost": 0.0,
                      "Total Cost": 42695.65,
                      "Plan Rows": 382243,
                      "Plan Width": 4,
                      "Actual Startup Time": 0.026,
                      "Actual Total Time": 90.032,
                      "Actual Rows": 299430,
                      "Actual Loops": 4,
                      "Filter": "(keyword_id < 1456)",
                      "Rows Removed by Filter": 831553
                    },
                    {
                      "Node Type": "Hash",
                      "Parent Relationship": "Inner",
                      "Parallel Aware": true,
                      "Startup Cost": 45479.1,
                      "Total Cost": 45479.1,
                      "Plan Rows": 183232,
                      "Plan Width": 4,
                      "Actual Startup Time": 171.622,
                      "Actual Total Time": 171.623,
                      "Actual Rows": 199040,
                      "Actual Loops": 4,
                      "Hash Buckets": 1048576,
                      "Original Hash Buckets": 1048576,
                      "Hash Batches": 1,
                      "Original Hash Batches": 1,
                      "Peak Memory Usage": 39392,
                      "Plans": [
                        {
                          "Node Type": "Seq Scan",
                          "Parent Relationship": "Outer",
                          "Parallel Aware": true,
                          "Relation Name": "title",
                          "Alias": "t",
                          "Startup Cost": 0.0,
                          "Total Cost": 45479.1,
                          "Plan Rows": 183232,
                          "Plan Width": 4,
                          "Actual Startup Time": 0.038,
                          "Actual Total Time": 101.781,
                          "Actual Rows": 199040,
                          "Actual Loops": 4,
                          "Filter": "((production_year > 2003) AND (kind_id = 7))",
                          "Rows Removed by Filter": 433038
                        }
                      ]
                    }
                  ]
                }
              ]
            }
          ]
        }
      ]
    },
    "Planning Time": 0.628,
    "Triggers": [],
    "Execution Time": 343.592
  }
]