[
  {
    "Plan": {
      "Node Type": "Aggregate",
      "Strategy": "Plain",
      "Partial Mode": "Finalize",
      "Parallel Aware": false,
      "Startup Cost": 32671.83,
      "Total Cost": 32671.84,
      "Plan Rows": 1,
      "Plan Width": 8,
      "Actual Startup Time": 87.828,
      "Actual Total Time": 96.158,
      "Actual Rows": 1,
      "Actual Loops": 1,
      "Plans": [
        {
          "Node Type": "Gather",
          "Parent Relationship": "Outer",
          "Parallel Aware": false,
          "Startup Cost": 32671.51,
          "Total Cost": 32671.82,
          "Plan Rows": 3,
          "Plan Width": 8,
          "Actual Startup Time": 87.637,
          "Actual Total Time": 96.144,
          "Actual Rows": 4,
          "Actual Loops": 1,
          "Workers Planned": 3,
          "Workers Launched": 3,
          "Single Copy": false,
          "Plans": [
            {
              "Node Type": "Aggregate",
              "Strategy": "Plain",
              "Partial Mode": "Partial",
              "Parent Relationship": "Outer",
              "Parallel Aware": false,
              "Startup Cost": 31671.51,
              "Total Cost": 31671.52,
              "Plan Rows": 1,
              "Plan Width": 8,
              "Actual Startup Time": 80.922,
              "Actual Total Time": 80.924,
              "Actual Rows": 1,
              "Actual Loops": 4,
              "Plans": [
                {
                  "Node Type": "Seq Scan",
                  "Parent Relationship": "Outer",
                  "Parallel Aware": true,
                  "Relation Name": "movie_companies",
                  "Alias": "mc",
                  "Startup Cost": 0.0,
                  "Total Cost": 31414.82,
                  "Plan Rows": 102676,
                  "Plan Width": 0,
                  "Actual Startup Time": 0.037,
                  "Actual Total Time": 74.136,
                  "Actual Rows": 115132,
                  "Actual Loops": 4,
                  "Filter": "((company_id < 851) AND (company_type_id < 2))",
                  "Rows Removed by Filter": 537150
                }
              ]
            }
          ]
        }
      ]
    },
    "Planning Time": 0.225,
    "Triggers": [],
    "Execution Time": 96.224
  }
]