{
  "Plan": {
    "Node Type": "Aggregate",
    "Strategy": "Plain",
    "Partial Mode": "Finalize",
    "Parallel Aware": false,
    "Startup Cost": 420071.9,
    "Total Cost": 420071.91,
    "Plan Rows": 1,
    "Plan Width": 8,
    "Actual Startup Time": 7313.965,
    "Actual Total Time": 7352.376,
    "Actual Rows": 1,
    "Actual Loops": 1,
    "Plans": [
      {
        "Node Type": "Gather",
        "Parent Relationship": "Outer",
        "Parallel Aware": false,
        "Startup Cost": 420071.79,
        "Total Cost": 420071.9,
        "Plan Rows": 1,
        "Plan Width": 8,
        "Actual Startup Time": 7309.535,
        "Actual Total Time": 7352.366,
        "Actual Rows": 2,
        "Actual Loops": 1,
        "Workers Planned": 1,
        "Workers Launched": 1,
        "Single Copy": false,
        "Plans": [
          {
            "Node Type": "Aggregate",
            "Strategy": "Plain",
            "Partial Mode": "Partial",
            "Parent Relationship": "Outer",
            "Parallel Aware": false,
            "Startup Cost": 419071.79,
            "Total Cost": 419071.8,
            "Plan Rows": 1,
            "Plan Width": 8,
            "Actual Startup Time": 7303.723,
            "Actual Total Time": 7304.275,
            "Actual Rows": 1,
            "Actual Loops": 2,
            "Plans": [
              {
                "Node Type": "Hash Join",
                "Parent Relationship": "Outer",
                "Parallel Aware": true,
                "Join Type": "Inner",
                "Startup Cost": 123001.47,
                "Total Cost": 414746.17,
                "Plan Rows": 1730248,
                "Plan Width": 0,
                "Actual Startup Time": 817.898,
                "Actual Total Time": 5587.282,
                "Actual Rows": 43803192,
                "Actual Loops": 2,
                "Inner Unique": false,
                "Hash Cond": "(mi.movie_id = t.id)",
                "Plans": [
                  {
                    "Node Type": "Seq Scan",
                    "Parent Relationship": "Outer",
                    "Parallel Aware": true,
                    "Relation Name": "movie_info",
                    "Alias": "mi",
                    "Startup Cost": 0.0,
                    "Total Cost": 248955.74,
                    "Plan Rows": 8696274,
                    "Plan Width": 4,
                    "Actual Startup Time": 0.018,
                    "Actual Total Time": 622.679,
                    "Actual Rows": 7417860,
                    "Actual Loops": 2
                  },
                  {
                    "Node Type": "Hash",
                    "Parent Relationship": "Inner",
                    "Parallel Aware": true,
                    "Startup Cost": 119302.65,
                    "Total Cost": 119302.65,
                    "Plan Rows": 295906,
                    "Plan Width": 8,
                    "Actual Startup Time": 779.688,
                    "Actual Total Time": 780.238,
                    "Actual Rows": 639196,
                    "Actual Loops": 2,
                    "Hash Buckets": 2097152,
                    "Original Hash Buckets": 524288,
                    "Hash Batches": 1,
                    "Original Hash Batches": 1,
                    "Peak Memory Usage": 78720,
                    "Plans": [
                      {
                        "Node Type": "Hash Join",
                        "Parent Relationship": "Outer",
                        "Parallel Aware": true,
                        "Join Type": "Inner",
                        "Startup Cost": 58475.1,
                        "Total Cost": 119302.65,
                        "Plan Rows": 295906,
                        "Plan Width": 8,
                        "Actual Startup Time": 251.354,
                        "Actual Total Time": 605.418,
                        "Actual Rows": 639196,
                        "Actual Loops": 2,
                        "Inner Unique": true,
                        "Hash Cond": "(mk.movie_id = t.id)",
                        "Plans": [
                          {
                            "Node Type": "Seq Scan",
                            "Parent Relationship": "Outer",
                            "Parallel Aware": true,
                            "Relation Name": "movie_keyword",
                            "Alias": "mk",
                            "Startup Cost": 0.0,
                            "Total Cost": 57718.19,
                            "Plan Rows": 1184519,
                            "Plan Width": 4,
                            "Actual Startup Time": 0.018,
                            "Actual Total Time": 219.401,
                            "Actual Rows": 1009262,
                            "Actual Loops": 2,
                            "Filter": "(keyword_id < 3617)",
                            "Rows Removed by Filter": 1252702
                          },
                          {
                            "Node Type": "Hash",
                            "Parent Relationship": "Inner",
                            "Parallel Aware": true,
                            "Startup Cost": 53831.01,
                            "Total Cost": 53831.01,
                            "Plan Rows": 371527,
                            "Plan Width": 4,
                            "Actual Startup Time": 183.5,
                            "Actual Total Time": 183.502,
                            "Actual Rows": 302295,
                            "Actual Loops": 2,
                            "Hash Buckets": 1048576,
                            "Original Hash Buckets": 1048576,
                            "Hash Batches": 1,
                            "Original Hash Batches": 1,
                            "Peak Memory Usage": 31904,
                            "Plans": [
                              {
                                "Node Type": "Bitmap Heap Scan",
                                "Parent Relationship": "Outer",
                                "Parallel Aware": true,
                                "Relation Name": "title",
                                "Alias": "t",
                                "Startup Cost": 11980.75,
                                "Total Cost": 53831.01,
                                "Plan Rows": 371527,
                                "Plan Width": 4,
                                "Actual Startup Time": 27.557,
                                "Actual Total Time": 102.764,
                                "Actual Rows": 302295,
                                "Actual Loops": 2,
                                "Recheck Cond": "(kind_id = 1)",
                                "Rows Removed by Index Recheck": 0,
                                "Filter": "(production_year > 1913)",
                                "Rows Removed by Filter": 29118,
                                "Exact Heap Blocks": 8692,
                                "Lossy Heap Blocks": 0,
                                "Plans": [
                                  {
                                    "Node Type": "Bitmap Index Scan",
                                    "Parent Relationship": "Outer",
                                    "Parallel Aware": false,
                                    "Index Name": "kind_id_title",
                                    "Startup Cost": 0.0,
                                    "Total Cost": 11822.85,
                                    "Plan Rows": 663256,
                                    "Plan Width": 0,
                                    "Actual Startup Time": 25.774,
                                    "Actual Total Time": 25.775,
                                    "Actual Rows": 662825,
                                    "Actual Loops": 1,
                                    "Index Cond": "(kind_id = 1)"
                                  }
                                ]
                              }
                            ]
                          }
                        ]
                      }
                    ]
                  }
                ]
              }
            ]
          }
        ]
      }
    ]
  },
  "Planning Time": 1.015,
  "Triggers": [],
  "Execution Time": 7352.483
}