[
  {
    "Plan": {
      "Node Type": "Aggregate",
      "Strategy": "Plain",
      "Partial Mode": "Finalize",
      "Parallel Aware": false,
      "Startup Cost": 44553.3,
      "Total Cost": 44553.31,
      "Plan Rows": 1,
      "Plan Width": 8,
      "Actual Startup Time": 117.333,
      "Actual Total Time": 125.773,
      "Actual Rows": 1,
      "Actual Loops": 1,
      "Plans": [
        {
          "Node Type": "Gather",
          "Parent Relationship": "Outer",
          "Parallel Aware": false,
          "Startup Cost": 44552.98,
          "Total Cost": 44553.29,
          "Plan Rows": 3,
          "Plan Width": 8,
          "Actual Startup Time": 117.193,
          "Actual Total Time": 125.766,
          "Actual Rows": 4,
          "Actual Loops": 1,
          "Workers Planned": 3,
          "Workers Launched": 3,
          "Single Copy": false,
          "Plans": [
            {
              "Node Type": "Aggregate",
              "Strategy": "Plain",
              "Partial Mode": "Partial",
              "Parent Relationship": "Outer",
              "Parallel Aware": false,
              "Startup Cost": 43552.98,
              "Total Cost": 43552.99,
              "Plan Rows": 1,
              "Plan Width": 8,
              "Actual Startup Time": 111.939,
              "Actual Total Time": 111.94,
              "Actual Rows": 1,
              "Actual Loops": 4,
              "Plans": [
                {
                  "Node Type": "Seq Scan",
                  "Parent Relationship": "Outer",
                  "Parallel Aware": true,
                  "Relation Name": "movie_keyword",
                  "Alias": "mk",
                  "Startup Cost": 0.0,
                  "Total Cost": 42695.65,
                  "Plan Rows": 342931,
                  "Plan Width": 0,
                  "Actual Startup Time": 1.297,
                  "Actual Total Time": 99.144,
                  "Actual Rows": 264824,
                  "Actual Loops": 4,
                  "Filter": "(keyword_id > 16637)",
                  "Rows Removed by Filter": 866159
                }
              ]
            }
          ]
        }
      ]
    },
    "Planning Time": 0.21,
    "Triggers": [],
    "Execution Time": 125.827
  }
]