[
  {
    "Plan": {
      "Node Type": "Aggregate",
      "Strategy": "Plain",
      "Partial Mode": "Finalize",
      "Parallel Aware": false,
      "Startup Cost": 391810.91,
      "Total Cost": 391810.92,
      "Plan Rows": 1,
      "Plan Width": 8,
      "Actual Startup Time": 1625.271,
      "Actual Total Time": 1671.242,
      "Actual Rows": 1,
      "Actual Loops": 1,
      "Plans": [
        {
          "Node Type": "Gather",
          "Parent Relationship": "Outer",
          "Parallel Aware": false,
          "Startup Cost": 391810.28,
          "Total Cost": 391810.89,
          "Plan Rows": 6,
          "Plan Width": 8,
          "Actual Startup Time": 1621.667,
          "Actual Total Time": 1671.229,
          "Actual Rows": 7,
          "Actual Loops": 1,
          "Workers Planned": 6,
          "Workers Launched": 6,
          "Single Copy": false,
          "Plans": [
            {
              "Node Type": "Aggregate",
              "Strategy": "Plain",
              "Partial Mode": "Partial",
              "Parent Relationship": "Outer",
              "Parallel Aware": false,
              "Startup Cost": 390810.28,
              "Total Cost": 390810.29,
              "Plan Rows": 1,
              "Plan Width": 8,
              "Actual Startup Time": 1614.361,
              "Actual Total Time": 1614.366,
              "Actual Rows": 1,
              "Actual Loops": 7,
              "Plans": [
                {
                  "Node Type": "Hash Join",
                  "Parent Relationship": "Outer",
                  "Parallel Aware": true,
                  "Join Type": "Inner",
                  "Startup Cost": 46317.51,
                  "Total Cost": 389316.73,
                  "Plan Rows": 597420,
                  "Plan Width": 0,
                  "Actual Startup Time": 131.939,
                  "Actual Total Time": 1579.736,
                  "Actual Rows": 740512,
                  "Actual Loops": 7,
                  "Inner Unique": true,
                  "Hash Cond": "(ci.movie_id = t.id)",
                  "Plans": [
                    {
                      "Node Type": "Seq Scan",
                      "Parent Relationship": "Outer",
                      "Parallel Aware": true,
                      "Relation Name": "cast_info",
                      "Alias": "ci",
                      "Startup Cost": 0.0,
                      "Total Cost": 328211.39,
                      "Plan Rows": 5633450,
                      "Plan Width": 4,
                      "Actual Startup Time": 27.465,
                      "Actual Total Time": 631.667,
                      "Actual Rows": 4815266,
                      "Actual Loops": 7,
                      "Filter": "(person_id > 245050)",
                      "Rows Removed by Filter": 362498
                    },
                    {
                      "Node Type": "Hash",
                      "Parent Relationship": "Inner",
                      "Parallel Aware": true,
                      "Startup Cost": 45479.59,
                      "Total Cost": 45479.59,
                      "Plan Rows": 67034,
                      "Plan Width": 4,
                      "Actual Startup Time": 102.259,
                      "Actual Total Time": 102.26,
                      "Actual Rows": 59198,
                      "Actual Loops": 7,
                      "Hash Buckets": 524288,
                      "Original Hash Buckets": 524288,
                      "Hash Batches": 1,
                      "Original Hash Batches": 1,
                      "Peak Memory Usage": 20416,
                      "Plans": [
                        {
                          "Node Type": "Seq Scan",
                          "Parent Relationship": "Outer",
                          "Parallel Aware": true,
                          "Relation Name": "title",
                          "Alias": "t",
                          "Startup Cost": 0.0,
                          "Total Cost": 45479.59,
                          "Plan Rows": 67034,
                          "Plan Width": 4,
                          "Actual Startup Time": 0.038,
                          "Actual Total Time": 74.676,
                          "Actual Rows": 59198,
                          "Actual Loops": 7,
                          "Filter": "((kind_id < 4) AND (production_year < 1995))",
                          "Rows Removed by Filter": 301989
                        }
                      ]
                    }
                  ]
                }
              ]
            }
          ]
        }
      ]
    },
    "Planning Time": 0.671,
    "Triggers": [],
    "Execution Time": 1671.329
  }
]