[
    {
        "Bao": {
            "Bao prediction": "NaN",
            "Bao recommended hint": "(no hint)"
        }
    },
    {
        "Plan": {
            "Node Type": "Aggregate",
            "Strategy": "Plain",
            "Partial Mode": "Finalize",
            "Parallel Aware": false,
            "Startup Cost": 338473.0,
            "Total Cost": 338473.01,
            "Plan Rows": 1,
            "Plan Width": 8,
            "Actual Startup Time": 702.54,
            "Actual Total Time": 729.289,
            "Actual Rows": 1,
            "Actual Loops": 1,
            "Output": [
                "count(*)"
            ],
            "Plans": [
                {
                    "Node Type": "Gather",
                    "Parent Relationship": "Outer",
                    "Parallel Aware": false,
                    "Startup Cost": 338472.37,
                    "Total Cost": 338472.98,
                    "Plan Rows": 6,
                    "Plan Width": 8,
                    "Actual Startup Time": 702.446,
                    "Actual Total Time": 729.281,
                    "Actual Rows": 7,
                    "Actual Loops": 1,
                    "Output": [
                        "(PARTIAL count(*))"
                    ],
                    "Workers Planned": 6,
                    "Workers Launched": 6,
                    "Single Copy": false,
                    "Plans": [
                        {
                            "Node Type": "Aggregate",
                            "Strategy": "Plain",
                            "Partial Mode": "Partial",
                            "Parent Relationship": "Outer",
                            "Parallel Aware": false,
                            "Startup Cost": 337472.37,
                            "Total Cost": 337472.38,
                            "Plan Rows": 1,
                            "Plan Width": 8,
                            "Actual Startup Time": 692.493,
                            "Actual Total Time": 692.494,
                            "Actual Rows": 1,
                            "Actual Loops": 7,
                            "Output": [
                                "PARTIAL count(*)"
                            ],
                            "Workers": [
                                {
                                    "Worker Number": 0,
                                    "Actual Startup Time": 690.152,
                                    "Actual Total Time": 690.153,
                                    "Actual Rows": 1,
                                    "Actual Loops": 1
                                },
                                {
                                    "Worker Number": 1,
                                    "Actual Startup Time": 690.567,
                                    "Actual Total Time": 690.567,
                                    "Actual Rows": 1,
                                    "Actual Loops": 1
                                },
                                {
                                    "Worker Number": 2,
                                    "Actual Startup Time": 690.811,
                                    "Actual Total Time": 690.812,
                                    "Actual Rows": 1,
                                    "Actual Loops": 1
                                },
                                {
                                    "Worker Number": 3,
                                    "Actual Startup Time": 691.074,
                                    "Actual Total Time": 691.074,
                                    "Actual Rows": 1,
                                    "Actual Loops": 1
                                },
                                {
                                    "Worker Number": 4,
                                    "Actual Startup Time": 691.449,
                                    "Actual Total Time": 691.45,
                                    "Actual Rows": 1,
                                    "Actual Loops": 1
                                },
                                {
                                    "Worker Number": 5,
                                    "Actual Startup Time": 691.743,
                                    "Actual Total Time": 691.744,
                                    "Actual Rows": 1,
                                    "Actual Loops": 1
                                }
                            ],
                            "Plans": [
                                {
                                    "Node Type": "Seq Scan",
                                    "Parent Relationship": "Outer",
                                    "Parallel Aware": true,
                                    "Relation Name": "cast_info",
                                    "Schema": "public",
                                    "Alias": "ci",
                                    "Startup Cost": 0.0,
                                    "Total Cost": 328213.62,
                                    "Plan Rows": 3703502,
                                    "Plan Width": 0,
                                    "Actual Startup Time": 147.741,
                                    "Actual Total Time": 555.873,
                                    "Actual Rows": 3177111,
                                    "Actual Loops": 7,
                                    "Output": [
                                        "id",
                                        "person_id",
                                        "movie_id",
                                        "person_role_id",
                                        "note",
                                        "nr_order",
                                        "role_id"
                                    ],
                                    "Filter": "(ci.person_id > 1379664)",
                                    "Rows Removed by Filter": 2000653,
                                    "Workers": [
                                        {
                                            "Worker Number": 0,
                                            "Actual Startup Time": 145.406,
                                            "Actual Total Time": 553.136,
                                            "Actual Rows": 2080904,
                                            "Actual Loops": 1
                                        },
                                        {
                                            "Worker Number": 1,
                                            "Actual Startup Time": 145.818,
                                            "Actual Total Time": 556.873,
                                            "Actual Rows": 3186115,
                                            "Actual Loops": 1
                                        },
                                        {
                                            "Worker Number": 2,
                                            "Actual Startup Time": 146.047,
                                            "Actual Total Time": 556.855,
                                            "Actual Rows": 3240505,
                                            "Actual Loops": 1
                                        },
                                        {
                                            "Worker Number": 3,
                                            "Actual Startup Time": 146.311,
                                            "Actual Total Time": 559.119,
                                            "Actual Rows": 3247726,
                                            "Actual Loops": 1
                                        },
                                        {
                                            "Worker Number": 4,
                                            "Actual Startup Time": 146.698,
                                            "Actual Total Time": 558.01,
                                            "Actual Rows": 3227731,
                                            "Actual Loops": 1
                                        },
                                        {
                                            "Worker Number": 5,
                                            "Actual Startup Time": 146.998,
                                            "Actual Total Time": 558.19,
                                            "Actual Rows": 3221401,
                                            "Actual Loops": 1
                                        }
                                    ]
                                }
                            ]
                        }
                    ]
                }
            ]
        },
        "Planning Time": 244.431,
        "Triggers": [],
        "Execution Time": 729.378
    }
]