{
  "Plan": {
    "Node Type": "Aggregate",
    "Strategy": "Plain",
    "Partial Mode": "Finalize",
    "Parallel Aware": false,
    "Startup Cost": 691124.29,
    "Total Cost": 691124.3,
    "Plan Rows": 1,
    "Plan Width": 8,
    "Actual Startup Time": 3202.599,
    "Actual Total Time": 3242.844,
    "Actual Rows": 1,
    "Actual Loops": 1,
    "Plans": [
      {
        "Node Type": "Gather",
        "Parent Relationship": "Outer",
        "Parallel Aware": false,
        "Startup Cost": 691124.17,
        "Total Cost": 691124.28,
        "Plan Rows": 1,
        "Plan Width": 8,
        "Actual Startup Time": 3199.375,
        "Actual Total Time": 3242.837,
        "Actual Rows": 2,
        "Actual Loops": 1,
        "Workers Planned": 1,
        "Workers Launched": 1,
        "Single Copy": false,
        "Plans": [
          {
            "Node Type": "Aggregate",
            "Strategy": "Plain",
            "Partial Mode": "Partial",
            "Parent Relationship": "Outer",
            "Parallel Aware": false,
            "Startup Cost": 690124.17,
            "Total Cost": 690124.18,
            "Plan Rows": 1,
            "Plan Width": 8,
            "Actual Startup Time": 3194.152,
            "Actual Total Time": 3194.161,
            "Actual Rows": 1,
            "Actual Loops": 2,
            "Plans": [
              {
                "Node Type": "Hash Join",
                "Parent Relationship": "Outer",
                "Parallel Aware": true,
                "Join Type": "Inner",
                "Startup Cost": 334853.25,
                "Total Cost": 688537.99,
                "Plan Rows": 634472,
                "Plan Width": 0,
                "Actual Startup Time": 998.028,
                "Actual Total Time": 2878.175,
                "Actual Rows": 7834270,
                "Actual Loops": 2,
                "Inner Unique": false,
                "Hash Cond": "(ci.movie_id = t.id)",
                "Plans": [
                  {
                    "Node Type": "Bitmap Heap Scan",
                    "Parent Relationship": "Outer",
                    "Parallel Aware": true,
                    "Relation Name": "cast_info",
                    "Alias": "ci",
                    "Startup Cost": 208365.79,
                    "Total Cost": 544620.85,
                    "Plan Rows": 3652666,
                    "Plan Width": 4,
                    "Actual Startup Time": 389.644,
                    "Actual Total Time": 1038.044,
                    "Actual Rows": 4692434,
                    "Actual Loops": 2,
                    "Recheck Cond": "(person_id > 2765228)",
                    "Rows Removed by Index Recheck": 0,
                    "Filter": "(role_id > 1)",
                    "Rows Removed by Filter": 0,
                    "Exact Heap Blocks": 53912,
                    "Lossy Heap Blocks": 0,
                    "Plans": [
                      {
                        "Node Type": "Bitmap Index Scan",
                        "Parent Relationship": "Outer",
                        "Parallel Aware": false,
                        "Index Name": "person_id_cast_info",
                        "Startup Cost": 0.0,
                        "Total Cost": 206813.41,
                        "Plan Rows": 9471046,
                        "Plan Width": 0,
                        "Actual Startup Time": 370.702,
                        "Actual Total Time": 370.703,
                        "Actual Rows": 9384869,
                        "Actual Loops": 1,
                        "Index Cond": "(person_id > 2765228)"
                      }
                    ]
                  },
                  {
                    "Node Type": "Hash",
                    "Parent Relationship": "Inner",
                    "Parallel Aware": true,
                    "Startup Cost": 123258.28,
                    "Total Cost": 123258.28,
                    "Plan Rows": 258334,
                    "Plan Width": 8,
                    "Actual Startup Time": 602.683,
                    "Actual Total Time": 602.688,
                    "Actual Rows": 368880,
                    "Actual Loops": 2,
                    "Hash Buckets": 1048576,
                    "Original Hash Buckets": 524288,
                    "Hash Batches": 1,
                    "Original Hash Batches": 1,
                    "Peak Memory Usage": 41184,
                    "Plans": [
                      {
                        "Node Type": "Hash Join",
                        "Parent Relationship": "Outer",
                        "Parallel Aware": true,
                        "Join Type": "Inner",
                        "Startup Cost": 62612.27,
                        "Total Cost": 123258.28,
                        "Plan Rows": 258334,
                        "Plan Width": 8,
                        "Actual Startup Time": 224.479,
                        "Actual Total Time": 525.2,
                        "Actual Rows": 368880,
                        "Actual Loops": 2,
                        "Inner Unique": true,
                        "Hash Cond": "(mk.movie_id = t.id)",
                        "Plans": [
                          {
                            "Node Type": "Seq Scan",
                            "Parent Relationship": "Outer",
                            "Parallel Aware": true,
                            "Relation Name": "movie_keyword",
                            "Alias": "mk",
                            "Startup Cost": 0.0,
                            "Total Cost": 57718.19,
                            "Plan Rows": 1115362,
                            "Plan Width": 4,
                            "Actual Startup Time": 0.636,
                            "Actual Total Time": 180.353,
                            "Actual Rows": 948162,
                            "Actual Loops": 2,
                            "Filter": "(keyword_id > 7137)",
                            "Rows Removed by Filter": 1313803
                          },
                          {
                            "Node Type": "Hash",
                            "Parent Relationship": "Inner",
                            "Parallel Aware": true,
                            "Startup Cost": 58306.47,
                            "Total Cost": 58306.47,
                            "Plan Rows": 344464,
                            "Plan Width": 4,
                            "Actual Startup Time": 216.9,
                            "Actual Total Time": 216.902,
                            "Actual Rows": 246479,
                            "Actual Loops": 2,
                            "Hash Buckets": 1048576,
                            "Original Hash Buckets": 1048576,
                            "Hash Batches": 1,
                            "Original Hash Batches": 1,
                            "Peak Memory Usage": 27520,
                            "Plans": [
                              {
                                "Node Type": "Seq Scan",
                                "Parent Relationship": "Outer",
                                "Parallel Aware": true,
                                "Relation Name": "title",
                                "Alias": "t",
                                "Startup Cost": 0.0,
                                "Total Cost": 58306.47,
                                "Plan Rows": 344464,
                                "Plan Width": 4,
                                "Actual Startup Time": 0.061,
                                "Actual Total Time": 148.566,
                                "Actual Rows": 246479,
                                "Actual Loops": 2,
                                "Filter": "((kind_id < 7) AND (production_year > 1998))",
                                "Rows Removed by Filter": 1017677
                              }
                            ]
                          }
                        ]
                      }
                    ]
                  }
                ]
              }
            ]
          }
        ]
      }
    ]
  },
  "Planning Time": 0.999,
  "Triggers": [],
  "Execution Time": 3242.96
}