{
  "Plan": {
    "Node Type": "Aggregate",
    "Strategy": "Plain",
    "Partial Mode": "Finalize",
    "Parallel Aware": false,
    "Startup Cost": 499493.44,
    "Total Cost": 499493.45,
    "Plan Rows": 1,
    "Plan Width": 8,
    "Actual Startup Time": 1965.072,
    "Actual Total Time": 2004.63,
    "Actual Rows": 1,
    "Actual Loops": 1,
    "Plans": [
      {
        "Node Type": "Gather",
        "Parent Relationship": "Outer",
        "Parallel Aware": false,
        "Startup Cost": 499493.33,
        "Total Cost": 499493.44,
        "Plan Rows": 1,
        "Plan Width": 8,
        "Actual Startup Time": 1964.041,
        "Actual Total Time": 2004.622,
        "Actual Rows": 2,
        "Actual Loops": 1,
        "Workers Planned": 1,
        "Workers Launched": 1,
        "Single Copy": false,
        "Plans": [
          {
            "Node Type": "Aggregate",
            "Strategy": "Plain",
            "Partial Mode": "Partial",
            "Parent Relationship": "Outer",
            "Parallel Aware": false,
            "Startup Cost": 498493.33,
            "Total Cost": 498493.34,
            "Plan Rows": 1,
            "Plan Width": 8,
            "Actual Startup Time": 1957.958,
            "Actual Total Time": 1957.963,
            "Actual Rows": 1,
            "Actual Loops": 2,
            "Plans": [
              {
                "Node Type": "Hash Join",
                "Parent Relationship": "Outer",
                "Parallel Aware": true,
                "Join Type": "Inner",
                "Startup Cost": 454861.66,
                "Total Cost": 498258.75,
                "Plan Rows": 93830,
                "Plan Width": 0,
                "Actual Startup Time": 1798.881,
                "Actual Total Time": 1950.148,
                "Actual Rows": 185974,
                "Actual Loops": 2,
                "Inner Unique": false,
                "Hash Cond": "(mc.movie_id = t.id)",
                "Plans": [
                  {
                    "Node Type": "Seq Scan",
                    "Parent Relationship": "Outer",
                    "Parallel Aware": true,
                    "Relation Name": "movie_companies",
                    "Alias": "mc",
                    "Startup Cost": 0.0,
                    "Total Cost": 37974.77,
                    "Plan Rows": 779260,
                    "Plan Width": 4,
                    "Actual Startup Time": 46.68,
                    "Actual Total Time": 109.187,
                    "Actual Rows": 667442,
                    "Actual Loops": 2,
                    "Filter": "(company_type_id = 2)",
                    "Rows Removed by Filter": 637123
                  },
                  {
                    "Node Type": "Hash",
                    "Parent Relationship": "Inner",
                    "Parallel Aware": true,
                    "Startup Cost": 452623.21,
                    "Total Cost": 452623.21,
                    "Plan Rows": 179076,
                    "Plan Width": 8,
                    "Actual Startup Time": 1746.628,
                    "Actual Total Time": 1746.632,
                    "Actual Rows": 149788,
                    "Actual Loops": 2,
                    "Hash Buckets": 524288,
                    "Original Hash Buckets": 524288,
                    "Hash Batches": 1,
                    "Original Hash Batches": 1,
                    "Peak Memory Usage": 15840,
                    "Plans": [
                      {
                        "Node Type": "Hash Join",
                        "Parent Relationship": "Outer",
                        "Parallel Aware": true,
                        "Join Type": "Inner",
                        "Startup Cost": 55047.52,
                        "Total Cost": 452623.21,
                        "Plan Rows": 179076,
                        "Plan Width": 8,
                        "Actual Startup Time": 143.076,
                        "Actual Total Time": 1703.154,
                        "Actual Rows": 149788,
                        "Actual Loops": 2,
                        "Inner Unique": true,
                        "Hash Cond": "(ci.movie_id = t.id)",
                        "Plans": [
                          {
                            "Node Type": "Index Scan",
                            "Parent Relationship": "Outer",
                            "Parallel Aware": true,
                            "Scan Direction": "Forward",
                            "Index Name": "role_id_cast_info",
                            "Relation Name": "cast_info",
                            "Alias": "ci",
                            "Startup Cost": 0.56,
                            "Total Cost": 378519.23,
                            "Plan Rows": 7259809,
                            "Plan Width": 4,
                            "Actual Startup Time": 0.181,
                            "Actual Total Time": 792.134,
                            "Actual Rows": 6056823,
                            "Actual Loops": 2,
                            "Index Cond": "(role_id > 3)",
                            "Rows Removed by Index Recheck": 0
                          },
                          {
                            "Node Type": "Hash",
                            "Parent Relationship": "Inner",
                            "Parallel Aware": true,
                            "Startup Cost": 54588.39,
                            "Total Cost": 54588.39,
                            "Plan Rows": 36685,
                            "Plan Width": 4,
                            "Actual Startup Time": 142.462,
                            "Actual Total Time": 142.463,
                            "Actual Rows": 31284,
                            "Actual Loops": 2,
                            "Hash Buckets": 65536,
                            "Original Hash Buckets": 65536,
                            "Hash Batches": 1,
                            "Original Hash Batches": 1,
                            "Peak Memory Usage": 3008,
                            "Plans": [
                              {
                                "Node Type": "Seq Scan",
                                "Parent Relationship": "Outer",
                                "Parallel Aware": true,
                                "Relation Name": "title",
                                "Alias": "t",
                                "Startup Cost": 0.0,
                                "Total Cost": 54588.39,
                                "Plan Rows": 36685,
                                "Plan Width": 4,
                                "Actual Startup Time": 0.03,
                                "Actual Total Time": 133.669,
                                "Actual Rows": 31284,
                                "Actual Loops": 2,
                                "Filter": "(production_year = 2002)",
                                "Rows Removed by Filter": 1232872
                              }
                            ]
                          }
                        ]
                      }
                    ]
                  }
                ]
              }
            ]
          }
        ]
      }
    ]
  },
  "Planning Time": 0.958,
  "Triggers": [],
  "Execution Time": 2004.721
}