[
  {
    "Plan": {
      "Node Type": "Aggregate",
      "Strategy": "Plain",
      "Partial Mode": "Finalize",
      "Parallel Aware": false,
      "Startup Cost": 133502.55,
      "Total Cost": 133502.56,
      "Plan Rows": 1,
      "Plan Width": 8,
      "Actual Startup Time": 899.269,
      "Actual Total Time": 919.755,
      "Actual Rows": 1,
      "Actual Loops": 1,
      "Plans": [
        {
          "Node Type": "Gather",
          "Parent Relationship": "Outer",
          "Parallel Aware": false,
          "Startup Cost": 133502.23,
          "Total Cost": 133502.54,
          "Plan Rows": 3,
          "Plan Width": 8,
          "Actual Startup Time": 889.762,
          "Actual Total Time": 919.746,
          "Actual Rows": 4,
          "Actual Loops": 1,
          "Workers Planned": 3,
          "Workers Launched": 3,
          "Single Copy": false,
          "Plans": [
            {
              "Node Type": "Aggregate",
              "Strategy": "Plain",
              "Partial Mode": "Partial",
              "Parent Relationship": "Outer",
              "Parallel Aware": false,
              "Startup Cost": 132502.23,
              "Total Cost": 132502.24,
              "Plan Rows": 1,
              "Plan Width": 8,
              "Actual Startup Time": 884.563,
              "Actual Total Time": 884.57,
              "Actual Rows": 1,
              "Actual Loops": 4,
              "Plans": [
                {
                  "Node Type": "Hash Join",
                  "Parent Relationship": "Outer",
                  "Parallel Aware": true,
                  "Join Type": "Inner",
                  "Startup Cost": 83847.9,
                  "Total Cost": 131942.89,
                  "Plan Rows": 223734,
                  "Plan Width": 0,
                  "Actual Startup Time": 574.171,
                  "Actual Total Time": 841.042,
                  "Actual Rows": 1098804,
                  "Actual Loops": 4,
                  "Inner Unique": false,
                  "Hash Cond": "(mk.movie_id = t.id)",
                  "Plans": [
                    {
                      "Node Type": "Seq Scan",
                      "Parent Relationship": "Outer",
                      "Parallel Aware": true,
                      "Relation Name": "movie_keyword",
                      "Alias": "mk",
                      "Startup Cost": 0.0,
                      "Total Cost": 42695.65,
                      "Plan Rows": 1247366,
                      "Plan Width": 4,
                      "Actual Startup Time": 0.038,
                      "Actual Total Time": 107.086,
                      "Actual Rows": 965565,
                      "Actual Loops": 4,
                      "Filter": "(keyword_id < 28424)",
                      "Rows Removed by Filter": 165418
                    },
                    {
                      "Node Type": "Hash",
                      "Parent Relationship": "Inner",
                      "Parallel Aware": true,
                      "Startup Cost": 82019.22,
                      "Total Cost": 82019.22,
                      "Plan Rows": 146294,
                      "Plan Width": 8,
                      "Actual Startup Time": 572.378,
                      "Actual Total Time": 572.382,
                      "Actual Rows": 192436,
                      "Actual Loops": 4,
                      "Hash Buckets": 1048576,
                      "Original Hash Buckets": 524288,
                      "Hash Batches": 1,
                      "Original Hash Batches": 1,
                      "Peak Memory Usage": 42496,
                      "Plans": [
                        {
                          "Node Type": "Hash Join",
                          "Parent Relationship": "Outer",
                          "Parallel Aware": true,
                          "Join Type": "Inner",
                          "Startup Cost": 50220.38,
                          "Total Cost": 82019.22,
                          "Plan Rows": 146294,
                          "Plan Width": 8,
                          "Actual Startup Time": 377.838,
                          "Actual Total Time": 497.553,
                          "Actual Rows": 192436,
                          "Actual Loops": 4,
                          "Inner Unique": true,
                          "Hash Cond": "(mc.movie_id = t.id)",
                          "Plans": [
                            {
                              "Node Type": "Seq Scan",
                              "Parent Relationship": "Outer",
                              "Parallel Aware": true,
                              "Relation Name": "movie_companies",
                              "Alias": "mc",
                              "Startup Cost": 0.0,
                              "Total Cost": 31414.82,
                              "Plan Rows": 146294,
                              "Plan Width": 4,
                              "Actual Startup Time": 29.352,
                              "Actual Total Time": 65.806,
                              "Actual Rows": 192436,
                              "Actual Loops": 4,
                              "Filter": "((company_id > 22982) AND (company_type_id > 1))",
                              "Rows Removed by Filter": 459846
                            },
                            {
                              "Node Type": "Hash",
                              "Parent Relationship": "Inner",
                              "Parallel Aware": true,
                              "Startup Cost": 42319.06,
                              "Total Cost": 42319.06,
                              "Plan Rows": 632106,
                              "Plan Width": 4,
                              "Actual Startup Time": 341.743,
                              "Actual Total Time": 341.744,
                              "Actual Rows": 632078,
                              "Actual Loops": 4,
                              "Hash Buckets": 4194304,
                              "Original Hash Buckets": 4194304,
                              "Hash Batches": 1,
                              "Original Hash Batches": 1,
                              "Peak Memory Usage": 131744,
                              "Plans": [
                                {
                                  "Node Type": "Seq Scan",
                                  "Parent Relationship": "Outer",
                                  "Parallel Aware": true,
                                  "Relation Name": "title",
                                  "Alias": "t",
                                  "Startup Cost": 0.0,
                                  "Total Cost": 42319.06,
                                  "Plan Rows": 632106,
                                  "Plan Width": 4,
                                  "Actual Startup Time": 0.045,
                                  "Actual Total Time": 95.145,
                                  "Actual Rows": 632078,
                                  "Actual Loops": 4
                                }
                              ]
                            }
                          ]
                        }
                      ]
                    }
                  ]
                }
              ]
            }
          ]
        }
      ]
    },
    "Planning Time": 0.549,
    "Triggers": [],
    "Execution Time": 919.797
  }
]