{
  "Plan": {
    "Node Type": "Aggregate",
    "Strategy": "Plain",
    "Partial Mode": "Finalize",
    "Parallel Aware": false,
    "Startup Cost": 42721.14,
    "Total Cost": 42721.15,
    "Plan Rows": 1,
    "Plan Width": 8,
    "Actual Startup Time": 84.12,
    "Actual Total Time": 91.933,
    "Actual Rows": 1,
    "Actual Loops": 1,
    "Plans": [
      {
        "Node Type": "Gather",
        "Parent Relationship": "Outer",
        "Parallel Aware": false,
        "Startup Cost": 42721.03,
        "Total Cost": 42721.14,
        "Plan Rows": 1,
        "Plan Width": 8,
        "Actual Startup Time": 83.868,
        "Actual Total Time": 91.927,
        "Actual Rows": 2,
        "Actual Loops": 1,
        "Workers Planned": 1,
        "Workers Launched": 1,
        "Single Copy": false,
        "Plans": [
          {
            "Node Type": "Aggregate",
            "Strategy": "Plain",
            "Partial Mode": "Partial",
            "Parent Relationship": "Outer",
            "Parallel Aware": false,
            "Startup Cost": 41721.03,
            "Total Cost": 41721.04,
            "Plan Rows": 1,
            "Plan Width": 8,
            "Actual Startup Time": 77.612,
            "Actual Total Time": 77.614,
            "Actual Rows": 1,
            "Actual Loops": 2,
            "Plans": [
              {
                "Node Type": "Nested Loop",
                "Parent Relationship": "Outer",
                "Parallel Aware": false,
                "Join Type": "Inner",
                "Startup Cost": 1617.56,
                "Total Cost": 41720.48,
                "Plan Rows": 219,
                "Plan Width": 0,
                "Actual Startup Time": 21.912,
                "Actual Total Time": 77.417,
                "Actual Rows": 1863,
                "Actual Loops": 2,
                "Inner Unique": false,
                "Join Filter": "(t.id = mc.movie_id)",
                "Rows Removed by Join Filter": 0,
                "Plans": [
                  {
                    "Node Type": "Nested Loop",
                    "Parent Relationship": "Outer",
                    "Parallel Aware": false,
                    "Join Type": "Inner",
                    "Startup Cost": 1617.13,
                    "Total Cost": 41580.13,
                    "Plan Rows": 212,
                    "Plan Width": 8,
                    "Actual Startup Time": 21.664,
                    "Actual Total Time": 72.148,
                    "Actual Rows": 688,
                    "Actual Loops": 2,
                    "Inner Unique": false,
                    "Plans": [
                      {
                        "Node Type": "Bitmap Heap Scan",
                        "Parent Relationship": "Outer",
                        "Parallel Aware": true,
                        "Relation Name": "title",
                        "Alias": "t",
                        "Startup Cost": 1616.7,
                        "Total Cost": 38414.83,
                        "Plan Rows": 388,
                        "Plan Width": 4,
                        "Actual Startup Time": 21.472,
                        "Actual Total Time": 65.633,
                        "Actual Rows": 474,
                        "Actual Loops": 2,
                        "Recheck Cond": "(kind_id = 2)",
                        "Rows Removed by Index Recheck": 0,
                        "Filter": "(production_year = 1987)",
                        "Rows Removed by Filter": 44952,
                        "Exact Heap Blocks": 17456,
                        "Lossy Heap Blocks": 0,
                        "Plans": [
                          {
                            "Node Type": "Bitmap Index Scan",
                            "Parent Relationship": "Outer",
                            "Parallel Aware": false,
                            "Index Name": "kind_id_title",
                            "Startup Cost": 0.0,
                            "Total Cost": 1616.54,
                            "Plan Rows": 90681,
                            "Plan Width": 0,
                            "Actual Startup Time": 18.674,
                            "Actual Total Time": 18.675,
                            "Actual Rows": 90852,
                            "Actual Loops": 1,
                            "Index Cond": "(kind_id = 2)"
                          }
                        ]
                      },
                      {
                        "Node Type": "Index Only Scan",
                        "Parent Relationship": "Inner",
                        "Parallel Aware": false,
                        "Scan Direction": "Forward",
                        "Index Name": "movie_id_movie_info_idx",
                        "Relation Name": "movie_info_idx",
                        "Alias": "mi_idx",
                        "Startup Cost": 0.43,
                        "Total Cost": 8.13,
                        "Plan Rows": 3,
                        "Plan Width": 4,
                        "Actual Startup Time": 0.012,
                        "Actual Total Time": 0.013,
                        "Actual Rows": 1,
                        "Actual Loops": 949,
                        "Index Cond": "(movie_id = t.id)",
                        "Rows Removed by Index Recheck": 0,
                        "Heap Fetches": 1377
                      }
                    ]
                  },
                  {
                    "Node Type": "Index Only Scan",
                    "Parent Relationship": "Inner",
                    "Parallel Aware": false,
                    "Scan Direction": "Forward",
                    "Index Name": "movie_id_movie_companies",
                    "Relation Name": "movie_companies",
                    "Alias": "mc",
                    "Startup Cost": 0.43,
                    "Total Cost": 0.6,
                    "Plan Rows": 5,
                    "Plan Width": 4,
                    "Actual Startup Time": 0.006,
                    "Actual Total Time": 0.007,
                    "Actual Rows": 3,
                    "Actual Loops": 1377,
                    "Index Cond": "(movie_id = mi_idx.movie_id)",
                    "Rows Removed by Index Recheck": 0,
                    "Heap Fetches": 3726
                  }
                ]
              }
            ]
          }
        ]
      }
    ]
  },
  "Planning Time": 1.005,
  "Triggers": [],
  "Execution Time": 92.033
}