[
  {
    "Plan": {
      "Node Type": "Aggregate",
      "Strategy": "Plain",
      "Partial Mode": "Simple",
      "Parallel Aware": false,
      "Startup Cost": 17711.25,
      "Total Cost": 17711.26,
      "Plan Rows": 1,
      "Plan Width": 8,
      "Actual Startup Time": 5.093,
      "Actual Total Time": 5.094,
      "Actual Rows": 1,
      "Actual Loops": 1,
      "Plans": [
        {
          "Node Type": "Bitmap Heap Scan",
          "Parent Relationship": "Outer",
          "Parallel Aware": false,
          "Relation Name": "movie_keyword",
          "Alias": "mk",
          "Startup Cost": 188.04,
          "Total Cost": 17689.45,
          "Plan Rows": 8723,
          "Plan Width": 0,
          "Actual Startup Time": 0.725,
          "Actual Total Time": 4.749,
          "Actual Rows": 7554,
          "Actual Loops": 1,
          "Recheck Cond": "(keyword_id > 127230)",
          "Rows Removed by Index Recheck": 0,
          "Exact Heap Blocks": 2420,
          "Lossy Heap Blocks": 0,
          "Plans": [
            {
              "Node Type": "Bitmap Index Scan",
              "Parent Relationship": "Outer",
              "Parallel Aware": false,
              "Index Name": "keyword_id_movie_keyword",
              "Startup Cost": 0.0,
              "Total Cost": 185.86,
              "Plan Rows": 8723,
              "Plan Width": 0,
              "Actual Startup Time": 0.458,
              "Actual Total Time": 0.458,
              "Actual Rows": 7554,
              "Actual Loops": 1,
              "Index Cond": "(keyword_id > 127230)"
            }
          ]
        }
      ]
    },
    "Planning Time": 0.123,
    "Triggers": [],
    "Execution Time": 5.117
  }
]