[
  {
    "Plan": {
      "Node Type": "Aggregate",
      "Strategy": "Plain",
      "Partial Mode": "Simple",
      "Parallel Aware": false,
      "Startup Cost": 17988.02,
      "Total Cost": 17988.03,
      "Plan Rows": 1,
      "Plan Width": 8,
      "Actual Startup Time": 10.821,
      "Actual Total Time": 10.823,
      "Actual Rows": 1,
      "Actual Loops": 1,
      "Plans": [
        {
          "Node Type": "Bitmap Heap Scan",
          "Parent Relationship": "Outer",
          "Parallel Aware": false,
          "Relation Name": "movie_keyword",
          "Alias": "mk",
          "Startup Cost": 193.95,
          "Total Cost": 17965.6,
          "Plan Rows": 8970,
          "Plan Width": 0,
          "Actual Startup Time": 1.999,
          "Actual Total Time": 9.897,
          "Actual Rows": 7554,
          "Actual Loops": 1,
          "Recheck Cond": "(keyword_id > 127230)",
          "Rows Removed by Index Recheck": 0,
          "Exact Heap Blocks": 2420,
          "Lossy Heap Blocks": 0,
          "Plans": [
            {
              "Node Type": "Bitmap Index Scan",
              "Parent Relationship": "Outer",
              "Parallel Aware": false,
              "Index Name": "keyword_id_movie_keyword",
              "Startup Cost": 0.0,
              "Total Cost": 191.71,
              "Plan Rows": 8970,
              "Plan Width": 0,
              "Actual Startup Time": 1.174,
              "Actual Total Time": 1.175,
              "Actual Rows": 7554,
              "Actual Loops": 1,
              "Index Cond": "(keyword_id > 127230)"
            }
          ]
        }
      ]
    },
    "Planning Time": 0.203,
    "Triggers": [],
    "Execution Time": 10.875
  }
]