[
  {
    "Plan": {
      "Node Type": "Aggregate",
      "Strategy": "Plain",
      "Partial Mode": "Finalize",
      "Parallel Aware": false,
      "Startup Cost": 403162.63,
      "Total Cost": 403162.64,
      "Plan Rows": 1,
      "Plan Width": 8,
      "Actual Startup Time": 1751.136,
      "Actual Total Time": 1813.879,
      "Actual Rows": 1,
      "Actual Loops": 1,
      "Plans": [
        {
          "Node Type": "Gather",
          "Parent Relationship": "Outer",
          "Parallel Aware": false,
          "Startup Cost": 403162.01,
          "Total Cost": 403162.62,
          "Plan Rows": 6,
          "Plan Width": 8,
          "Actual Startup Time": 1740.149,
          "Actual Total Time": 1813.866,
          "Actual Rows": 7,
          "Actual Loops": 1,
          "Workers Planned": 6,
          "Workers Launched": 6,
          "Single Copy": false,
          "Plans": [
            {
              "Node Type": "Aggregate",
              "Strategy": "Plain",
              "Partial Mode": "Partial",
              "Parent Relationship": "Outer",
              "Parallel Aware": false,
              "Startup Cost": 402162.01,
              "Total Cost": 402162.02,
              "Plan Rows": 1,
              "Plan Width": 8,
              "Actual Startup Time": 1728.832,
              "Actual Total Time": 1728.972,
              "Actual Rows": 1,
              "Actual Loops": 7,
              "Plans": [
                {
                  "Node Type": "Hash Join",
                  "Parent Relationship": "Outer",
                  "Parallel Aware": true,
                  "Join Type": "Inner",
                  "Startup Cost": 48677.22,
                  "Total Cost": 399316.23,
                  "Plan Rows": 1138311,
                  "Plan Width": 0,
                  "Actual Startup Time": 185.76,
                  "Actual Total Time": 1676.721,
                  "Actual Rows": 1212768,
                  "Actual Loops": 7,
                  "Inner Unique": true,
                  "Hash Cond": "(ci.movie_id = t.id)",
                  "Plans": [
                    {
                      "Node Type": "Seq Scan",
                      "Parent Relationship": "Outer",
                      "Parallel Aware": true,
                      "Relation Name": "cast_info",
                      "Alias": "ci",
                      "Startup Cost": 0.0,
                      "Total Cost": 343257.03,
                      "Plan Rows": 2812178,
                      "Plan Width": 4,
                      "Actual Startup Time": 0.02,
                      "Actual Total Time": 680.974,
                      "Actual Rows": 2828280,
                      "Actual Loops": 7,
                      "Filter": "((person_id < 2257928) AND (role_id < 6))",
                      "Rows Removed by Filter": 2349483
                    },
                    {
                      "Node Type": "Hash",
                      "Parent Relationship": "Inner",
                      "Parallel Aware": true,
                      "Startup Cost": 45479.1,
                      "Total Cost": 45479.1,
                      "Plan Rows": 255850,
                      "Plan Width": 4,
                      "Actual Startup Time": 182.246,
                      "Actual Total Time": 182.247,
                      "Actual Rows": 158205,
                      "Actual Loops": 7,
                      "Hash Buckets": 2097152,
                      "Original Hash Buckets": 1048576,
                      "Hash Batches": 1,
                      "Original Hash Batches": 1,
                      "Peak Memory Usage": 68032,
                      "Plans": [
                        {
                          "Node Type": "Seq Scan",
                          "Parent Relationship": "Outer",
                          "Parallel Aware": true,
                          "Relation Name": "title",
                          "Alias": "t",
                          "Startup Cost": 0.0,
                          "Total Cost": 45479.1,
                          "Plan Rows": 255850,
                          "Plan Width": 4,
                          "Actual Startup Time": 0.044,
                          "Actual Total Time": 80.827,
                          "Actual Rows": 158205,
                          "Actual Loops": 7,
                          "Filter": "((kind_id > 1) AND (production_year > 2000))",
                          "Rows Removed by Filter": 202982
                        }
                      ]
                    }
                  ]
                }
              ]
            }
          ]
        }
      ]
    },
    "Planning Time": 0.666,
    "Triggers": [],
    "Execution Time": 1813.969
  }
]