{
  "Plan": {
    "Node Type": "Aggregate",
    "Strategy": "Plain",
    "Partial Mode": "Finalize",
    "Parallel Aware": false,
    "Startup Cost": 97074.81,
    "Total Cost": 97074.82,
    "Plan Rows": 1,
    "Plan Width": 8,
    "Actual Startup Time": 302.488,
    "Actual Total Time": 313.024,
    "Actual Rows": 1,
    "Actual Loops": 1,
    "Plans": [
      {
        "Node Type": "Gather",
        "Parent Relationship": "Outer",
        "Parallel Aware": false,
        "Startup Cost": 97074.7,
        "Total Cost": 97074.81,
        "Plan Rows": 1,
        "Plan Width": 8,
        "Actual Startup Time": 301.61,
        "Actual Total Time": 313.017,
        "Actual Rows": 2,
        "Actual Loops": 1,
        "Workers Planned": 1,
        "Workers Launched": 1,
        "Single Copy": false,
        "Plans": [
          {
            "Node Type": "Aggregate",
            "Strategy": "Plain",
            "Partial Mode": "Partial",
            "Parent Relationship": "Outer",
            "Parallel Aware": false,
            "Startup Cost": 96074.7,
            "Total Cost": 96074.71,
            "Plan Rows": 1,
            "Plan Width": 8,
            "Actual Startup Time": 295.668,
            "Actual Total Time": 295.672,
            "Actual Rows": 1,
            "Actual Loops": 2,
            "Plans": [
              {
                "Node Type": "Hash Join",
                "Parent Relationship": "Outer",
                "Parallel Aware": true,
                "Join Type": "Inner",
                "Startup Cost": 56740.39,
                "Total Cost": 95895.35,
                "Plan Rows": 71741,
                "Plan Width": 0,
                "Actual Startup Time": 181.199,
                "Actual Total Time": 294.539,
                "Actual Rows": 25178,
                "Actual Loops": 2,
                "Inner Unique": true,
                "Hash Cond": "(mc.movie_id = t.id)",
                "Plans": [
                  {
                    "Node Type": "Seq Scan",
                    "Parent Relationship": "Outer",
                    "Parallel Aware": true,
                    "Relation Name": "movie_companies",
                    "Alias": "mc",
                    "Startup Cost": 0.0,
                    "Total Cost": 37974.77,
                    "Plan Rows": 449594,
                    "Plan Width": 4,
                    "Actual Startup Time": 0.015,
                    "Actual Total Time": 100.902,
                    "Actual Rows": 378819,
                    "Actual Loops": 2,
                    "Filter": "(company_id < 1517)",
                    "Rows Removed by Filter": 925746
                  },
                  {
                    "Node Type": "Hash",
                    "Parent Relationship": "Inner",
                    "Parallel Aware": true,
                    "Startup Cost": 53773.97,
                    "Total Cost": 53773.97,
                    "Plan Rows": 237314,
                    "Plan Width": 4,
                    "Actual Startup Time": 134.437,
                    "Actual Total Time": 134.438,
                    "Actual Rows": 148384,
                    "Actual Loops": 2,
                    "Hash Buckets": 524288,
                    "Original Hash Buckets": 524288,
                    "Hash Batches": 1,
                    "Original Hash Batches": 1,
                    "Peak Memory Usage": 15712,
                    "Plans": [
                      {
                        "Node Type": "Bitmap Heap Scan",
                        "Parent Relationship": "Outer",
                        "Parallel Aware": true,
                        "Relation Name": "title",
                        "Alias": "t",
                        "Startup Cost": 11923.71,
                        "Total Cost": 53773.97,
                        "Plan Rows": 237314,
                        "Plan Width": 4,
                        "Actual Startup Time": 37.102,
                        "Actual Total Time": 100.776,
                        "Actual Rows": 148384,
                        "Actual Loops": 2,
                        "Recheck Cond": "(kind_id = 1)",
                        "Rows Removed by Index Recheck": 0,
                        "Filter": "(production_year > 1997)",
                        "Rows Removed by Filter": 183028,
                        "Exact Heap Blocks": 8200,
                        "Lossy Heap Blocks": 0,
                        "Plans": [
                          {
                            "Node Type": "Bitmap Index Scan",
                            "Parent Relationship": "Outer",
                            "Parallel Aware": false,
                            "Index Name": "kind_id_title",
                            "Startup Cost": 0.0,
                            "Total Cost": 11822.85,
                            "Plan Rows": 663256,
                            "Plan Width": 0,
                            "Actual Startup Time": 35.367,
                            "Actual Total Time": 35.367,
                            "Actual Rows": 662825,
                            "Actual Loops": 1,
                            "Index Cond": "(kind_id = 1)"
                          }
                        ]
                      }
                    ]
                  }
                ]
              }
            ]
          }
        ]
      }
    ]
  },
  "Planning Time": 0.642,
  "Triggers": [],
  "Execution Time": 313.112
}