[
  {
    "Plan": {
      "Node Type": "Aggregate",
      "Strategy": "Plain",
      "Partial Mode": "Simple",
      "Parallel Aware": false,
      "Startup Cost": 5640.45,
      "Total Cost": 5640.46,
      "Plan Rows": 1,
      "Plan Width": 8,
      "Actual Startup Time": 1.996,
      "Actual Total Time": 1.996,
      "Actual Rows": 1,
      "Actual Loops": 1,
      "Plans": [
        {
          "Node Type": "Index Scan",
          "Parent Relationship": "Outer",
          "Parallel Aware": false,
          "Scan Direction": "Forward",
          "Index Name": "company_id_movie_companies",
          "Relation Name": "movie_companies",
          "Alias": "mc",
          "Startup Cost": 0.43,
          "Total Cost": 5637.56,
          "Plan Rows": 1156,
          "Plan Width": 0,
          "Actual Startup Time": 0.965,
          "Actual Total Time": 1.94,
          "Actual Rows": 878,
          "Actual Loops": 1,
          "Index Cond": "(company_id = 64)",
          "Rows Removed by Index Recheck": 0,
          "Filter": "(company_type_id > 1)",
          "Rows Removed by Filter": 822
        }
      ]
    },
    "Planning Time": 0.099,
    "Triggers": [],
    "Execution Time": 2.019
  }
]