[
  {
    "Plan": {
      "Node Type": "Aggregate",
      "Strategy": "Plain",
      "Partial Mode": "Finalize",
      "Parallel Aware": false,
      "Startup Cost": 302993.83,
      "Total Cost": 302993.84,
      "Plan Rows": 1,
      "Plan Width": 8,
      "Actual Startup Time": 4923.475,
      "Actual Total Time": 5007.416,
      "Actual Rows": 1,
      "Actual Loops": 1,
      "Plans": [
        {
          "Node Type": "Gather",
          "Parent Relationship": "Outer",
          "Parallel Aware": false,
          "Startup Cost": 302993.51,
          "Total Cost": 302993.82,
          "Plan Rows": 3,
          "Plan Width": 8,
          "Actual Startup Time": 4921.54,
          "Actual Total Time": 5007.403,
          "Actual Rows": 4,
          "Actual Loops": 1,
          "Workers Planned": 3,
          "Workers Launched": 3,
          "Single Copy": false,
          "Plans": [
            {
              "Node Type": "Aggregate",
              "Strategy": "Plain",
              "Partial Mode": "Partial",
              "Parent Relationship": "Outer",
              "Parallel Aware": false,
              "Startup Cost": 301993.51,
              "Total Cost": 301993.52,
              "Plan Rows": 1,
              "Plan Width": 8,
              "Actual Startup Time": 4912.545,
              "Actual Total Time": 4912.549,
              "Actual Rows": 1,
              "Actual Loops": 4,
              "Plans": [
                {
                  "Node Type": "Nested Loop",
                  "Parent Relationship": "Outer",
                  "Parallel Aware": false,
                  "Join Type": "Inner",
                  "Startup Cost": 46468.11,
                  "Total Cost": 301903.02,
                  "Plan Rows": 36196,
                  "Plan Width": 0,
                  "Actual Startup Time": 161.576,
                  "Actual Total Time": 4833.22,
                  "Actual Rows": 1676394,
                  "Actual Loops": 4,
                  "Inner Unique": false,
                  "Join Filter": "(t.id = ci.movie_id)",
                  "Rows Removed by Join Filter": 0,
                  "Plans": [
                    {
                      "Node Type": "Hash Join",
                      "Parent Relationship": "Outer",
                      "Parallel Aware": true,
                      "Join Type": "Inner",
                      "Startup Cost": 46467.55,
                      "Total Cost": 91376.53,
                      "Plan Rows": 105486,
                      "Plan Width": 8,
                      "Actual Startup Time": 160.403,
                      "Actual Total Time": 321.769,
                      "Actual Rows": 122980,
                      "Actual Loops": 4,
                      "Inner Unique": true,
                      "Hash Cond": "(mk.movie_id = t.id)",
                      "Plans": [
                        {
                          "Node Type": "Seq Scan",
                          "Parent Relationship": "Outer",
                          "Parallel Aware": true,
                          "Relation Name": "movie_keyword",
                          "Alias": "mk",
                          "Startup Cost": 0.0,
                          "Total Cost": 42695.65,
                          "Plan Rows": 843173,
                          "Plan Width": 4,
                          "Actual Startup Time": 0.254,
                          "Actual Total Time": 110.297,
                          "Actual Rows": 651986,
                          "Actual Loops": 4,
                          "Filter": "(keyword_id > 3295)",
                          "Rows Removed by Filter": 478996
                        },
                        {
                          "Node Type": "Hash",
                          "Parent Relationship": "Inner",
                          "Parallel Aware": true,
                          "Startup Cost": 45479.1,
                          "Total Cost": 45479.1,
                          "Plan Rows": 79076,
                          "Plan Width": 4,
                          "Actual Startup Time": 125.221,
                          "Actual Total Time": 125.222,
                          "Actual Rows": 61197,
                          "Actual Loops": 4,
                          "Hash Buckets": 524288,
                          "Original Hash Buckets": 524288,
                          "Hash Batches": 1,
                          "Original Hash Batches": 1,
                          "Peak Memory Usage": 13728,
                          "Plans": [
                            {
                              "Node Type": "Seq Scan",
                              "Parent Relationship": "Outer",
                              "Parallel Aware": true,
                              "Relation Name": "title",
                              "Alias": "t",
                              "Startup Cost": 0.0,
                              "Total Cost": 45479.1,
                              "Plan Rows": 79076,
                              "Plan Width": 4,
                              "Actual Startup Time": 49.634,
                              "Actual Total Time": 105.208,
                              "Actual Rows": 61197,
                              "Actual Loops": 4,
                              "Filter": "((production_year > 2003) AND (kind_id = 1))",
                              "Rows Removed by Filter": 570881
                            }
                          ]
                        }
                      ]
                    },
                    {
                      "Node Type": "Index Scan",
                      "Parent Relationship": "Inner",
                      "Parallel Aware": false,
                      "Scan Direction": "Forward",
                      "Index Name": "movie_id_cast_info",
                      "Relation Name": "cast_info",
                      "Alias": "ci",
                      "Startup Cost": 0.56,
                      "Total Cost": 1.98,
                      "Plan Rows": 1,
                      "Plan Width": 4,
                      "Actual Startup Time": 0.026,
                      "Actual Total Time": 0.035,
                      "Actual Rows": 14,
                      "Actual Loops": 491918,
                      "Index Cond": "(movie_id = mk.movie_id)",
                      "Rows Removed by Index Recheck": 0,
                      "Filter": "((person_id > 3696658) AND (role_id > 2))",
                      "Rows Removed by Filter": 69
                    }
                  ]
                }
              ]
            }
          ]
        }
      ]
    },
    "Planning Time": 1.42,
    "Triggers": [],
    "Execution Time": 5007.533
  }
]