{
  "Plan": {
    "Node Type": "Aggregate",
    "Strategy": "Plain",
    "Partial Mode": "Finalize",
    "Parallel Aware": false,
    "Startup Cost": 120210.56,
    "Total Cost": 120210.57,
    "Plan Rows": 1,
    "Plan Width": 8,
    "Actual Startup Time": 665.599,
    "Actual Total Time": 682.11,
    "Actual Rows": 1,
    "Actual Loops": 1,
    "Plans": [
      {
        "Node Type": "Gather",
        "Parent Relationship": "Outer",
        "Parallel Aware": false,
        "Startup Cost": 120210.45,
        "Total Cost": 120210.56,
        "Plan Rows": 1,
        "Plan Width": 8,
        "Actual Startup Time": 661.884,
        "Actual Total Time": 682.102,
        "Actual Rows": 2,
        "Actual Loops": 1,
        "Workers Planned": 1,
        "Workers Launched": 1,
        "Single Copy": false,
        "Plans": [
          {
            "Node Type": "Aggregate",
            "Strategy": "Plain",
            "Partial Mode": "Partial",
            "Parent Relationship": "Outer",
            "Parallel Aware": false,
            "Startup Cost": 119210.45,
            "Total Cost": 119210.46,
            "Plan Rows": 1,
            "Plan Width": 8,
            "Actual Startup Time": 652.645,
            "Actual Total Time": 652.651,
            "Actual Rows": 1,
            "Actual Loops": 2,
            "Plans": [
              {
                "Node Type": "Hash Join",
                "Parent Relationship": "Outer",
                "Parallel Aware": true,
                "Join Type": "Inner",
                "Startup Cost": 99976.53,
                "Total Cost": 119170.26,
                "Plan Rows": 16074,
                "Plan Width": 0,
                "Actual Startup Time": 604.852,
                "Actual Total Time": 652.204,
                "Actual Rows": 10179,
                "Actual Loops": 2,
                "Inner Unique": false,
                "Hash Cond": "(mi_idx.movie_id = t.id)",
                "Plans": [
                  {
                    "Node Type": "Seq Scan",
                    "Parent Relationship": "Outer",
                    "Parallel Aware": true,
                    "Relation Name": "movie_info_idx",
                    "Alias": "mi_idx",
                    "Startup Cost": 0.0,
                    "Total Cost": 18082.32,
                    "Plan Rows": 271164,
                    "Plan Width": 4,
                    "Actual Startup Time": 0.028,
                    "Actual Total Time": 50.978,
                    "Actual Rows": 230092,
                    "Actual Loops": 2,
                    "Filter": "(info_type_id > 100)",
                    "Rows Removed by Filter": 459925
                  },
                  {
                    "Node Type": "Hash",
                    "Parent Relationship": "Inner",
                    "Parallel Aware": true,
                    "Startup Cost": 98874.53,
                    "Total Cost": 98874.53,
                    "Plan Rows": 88160,
                    "Plan Width": 8,
                    "Actual Startup Time": 572.908,
                    "Actual Total Time": 572.912,
                    "Actual Rows": 18808,
                    "Actual Loops": 2,
                    "Hash Buckets": 262144,
                    "Original Hash Buckets": 262144,
                    "Hash Batches": 1,
                    "Original Hash Batches": 1,
                    "Peak Memory Usage": 3552,
                    "Plans": [
                      {
                        "Node Type": "Hash Join",
                        "Parent Relationship": "Outer",
                        "Parallel Aware": true,
                        "Join Type": "Inner",
                        "Startup Cost": 72612.91,
                        "Total Cost": 98874.53,
                        "Plan Rows": 88160,
                        "Plan Width": 8,
                        "Actual Startup Time": 485.472,
                        "Actual Total Time": 567.307,
                        "Actual Rows": 18808,
                        "Actual Loops": 2,
                        "Inner Unique": true,
                        "Hash Cond": "(mk.movie_id = t.id)",
                        "Plans": [
                          {
                            "Node Type": "Bitmap Heap Scan",
                            "Parent Relationship": "Outer",
                            "Parallel Aware": true,
                            "Relation Name": "movie_keyword",
                            "Alias": "mk",
                            "Startup Cost": 4311.01,
                            "Total Cost": 30258.91,
                            "Plan Rows": 119512,
                            "Plan Width": 4,
                            "Actual Startup Time": 17.815,
                            "Actual Total Time": 69.472,
                            "Actual Rows": 99922,
                            "Actual Loops": 2,
                            "Recheck Cond": "(keyword_id > 68724)",
                            "Rows Removed by Index Recheck": 0,
                            "Exact Heap Blocks": 12442,
                            "Lossy Heap Blocks": 0,
                            "Plans": [
                              {
                                "Node Type": "Bitmap Index Scan",
                                "Parent Relationship": "Outer",
                                "Parallel Aware": false,
                                "Index Name": "keyword_id_movie_keyword",
                                "Startup Cost": 0.0,
                                "Total Cost": 4260.22,
                                "Plan Rows": 203171,
                                "Plan Width": 0,
                                "Actual Startup Time": 14.695,
                                "Actual Total Time": 14.695,
                                "Actual Rows": 199845,
                                "Actual Loops": 1,
                                "Index Cond": "(keyword_id > 68724)"
                              }
                            ]
                          },
                          {
                            "Node Type": "Hash",
                            "Parent Relationship": "Inner",
                            "Parallel Aware": true,
                            "Startup Cost": 54588.39,
                            "Total Cost": 54588.39,
                            "Plan Rows": 1097081,
                            "Plan Width": 4,
                            "Actual Startup Time": 455.438,
                            "Actual Total Time": 455.439,
                            "Actual Rows": 932744,
                            "Actual Loops": 2,
                            "Hash Buckets": 2097152,
                            "Original Hash Buckets": 2097152,
                            "Hash Batches": 1,
                            "Original Hash Batches": 1,
                            "Peak Memory Usage": 89408,
                            "Plans": [
                              {
                                "Node Type": "Seq Scan",
                                "Parent Relationship": "Outer",
                                "Parallel Aware": true,
                                "Relation Name": "title",
                                "Alias": "t",
                                "Startup Cost": 0.0,
                                "Total Cost": 54588.39,
                                "Plan Rows": 1097081,
                                "Plan Width": 4,
                                "Actual Startup Time": 0.036,
                                "Actual Total Time": 172.122,
                                "Actual Rows": 932744,
                                "Actual Loops": 2,
                                "Filter": "(kind_id > 1)",
                                "Rows Removed by Filter": 331412
                              }
                            ]
                          }
                        ]
                      }
                    ]
                  }
                ]
              }
            ]
          }
        ]
      }
    ]
  },
  "Planning Time": 0.786,
  "Triggers": [],
  "Execution Time": 682.198
}