[
  {
    "Plan": {
      "Node Type": "Aggregate",
      "Strategy": "Plain",
      "Partial Mode": "Finalize",
      "Parallel Aware": false,
      "Startup Cost": 295149.2,
      "Total Cost": 295149.21,
      "Plan Rows": 1,
      "Plan Width": 96,
      "Actual Startup Time": 1758.195,
      "Actual Total Time": 1845.372,
      "Actual Rows": 1,
      "Actual Loops": 1,
      "Plans": [
        {
          "Node Type": "Gather",
          "Parent Relationship": "Outer",
          "Parallel Aware": false,
          "Startup Cost": 295148.76,
          "Total Cost": 295149.17,
          "Plan Rows": 4,
          "Plan Width": 96,
          "Actual Startup Time": 1752.0,
          "Actual Total Time": 1845.357,
          "Actual Rows": 5,
          "Actual Loops": 1,
          "Workers Planned": 4,
          "Workers Launched": 4,
          "Single Copy": false,
          "Plans": [
            {
              "Node Type": "Aggregate",
              "Strategy": "Plain",
              "Partial Mode": "Partial",
              "Parent Relationship": "Outer",
              "Parallel Aware": false,
              "Startup Cost": 294148.76,
              "Total Cost": 294148.77,
              "Plan Rows": 1,
              "Plan Width": 96,
              "Actual Startup Time": 1739.046,
              "Actual Total Time": 1739.07,
              "Actual Rows": 1,
              "Actual Loops": 5,
              "Plans": [
                {
                  "Node Type": "Hash Join",
                  "Parent Relationship": "Outer",
                  "Parallel Aware": false,
                  "Join Type": "Inner",
                  "Startup Cost": 249459.84,
                  "Total Cost": 294148.73,
                  "Plan Rows": 5,
                  "Plan Width": 66,
                  "Actual Startup Time": 1526.578,
                  "Actual Total Time": 1738.241,
                  "Actual Rows": 3579,
                  "Actual Loops": 5,
                  "Inner Unique": true,
                  "Hash Cond": "(t.kind_id = kt.id)",
                  "Plans": [
                    {
                      "Node Type": "Hash Join",
                      "Parent Relationship": "Outer",
                      "Parallel Aware": true,
                      "Join Type": "Inner",
                      "Startup Cost": 249458.74,
                      "Total Cost": 294147.48,
                      "Plan Rows": 34,
                      "Plan Width": 70,
                      "Actual Startup Time": 1525.76,
                      "Actual Total Time": 1732.952,
                      "Actual Rows": 49976,
                      "Actual Loops": 5,
                      "Inner Unique": false,
                      "Hash Cond": "(t.id = mi.movie_id)",
                      "Plans": [
                        {
                          "Node Type": "Seq Scan",
                          "Parent Relationship": "Outer",
                          "Parallel Aware": true,
                          "Relation Name": "title",
                          "Alias": "t",
                          "Startup Cost": 0.0,
                          "Total Cost": 42318.49,
                          "Plan Rows": 632049,
                          "Plan Width": 25,
                          "Actual Startup Time": 0.021,
                          "Actual Total Time": 100.962,
                          "Actual Rows": 505662,
                          "Actual Loops": 5
                        },
                        {
                          "Node Type": "Hash",
                          "Parent Relationship": "Inner",
                          "Parallel Aware": true,
                          "Startup Cost": 249458.4,
                          "Total Cost": 249458.4,
                          "Plan Rows": 27,
                          "Plan Width": 61,
                          "Actual Startup Time": 1525.157,
                          "Actual Total Time": 1525.176,
                          "Actual Rows": 49976,
                          "Actual Loops": 5,
                          "Hash Buckets": 262144,
                          "Original Hash Buckets": 1024,
                          "Hash Batches": 1,
                          "Original Hash Batches": 1,
                          "Peak Memory Usage": 22200,
                          "Plans": [
                            {
                              "Node Type": "Hash Join",
                              "Parent Relationship": "Outer",
                              "Parallel Aware": true,
                              "Join Type": "Inner",
                              "Startup Cost": 49606.37,
                              "Total Cost": 249458.4,
                              "Plan Rows": 27,
                              "Plan Width": 61,
                              "Actual Startup Time": 630.55,
                              "Actual Total Time": 1442.849,
                              "Actual Rows": 49976,
                              "Actual Loops": 5,
                              "Inner Unique": false,
                              "Hash Cond": "(mi.movie_id = mc.movie_id)",
                              "Plans": [
                                {
                                  "Node Type": "Hash Join",
                                  "Parent Relationship": "Outer",
                                  "Parallel Aware": false,
                                  "Join Type": "Inner",
                                  "Startup Cost": 2.43,
                                  "Total Cost": 199755.89,
                                  "Plan Rows": 26264,
                                  "Plan Width": 47,
                                  "Actual Startup Time": 232.816,
                                  "Actual Total Time": 947.438,
                                  "Actual Rows": 607344,
                                  "Actual Loops": 5,
                                  "Inner Unique": true,
                                  "Hash Cond": "(mi.info_type_id = it2.id)",
                                  "Plans": [
                                    {
                                      "Node Type": "Seq Scan",
                                      "Parent Relationship": "Outer",
                                      "Parallel Aware": true,
                                      "Relation Name": "movie_info",
                                      "Alias": "mi",
                                      "Startup Cost": 0.0,
                                      "Total Cost": 191670.84,
                                      "Plan Rows": 2967784,
                                      "Plan Width": 51,
                                      "Actual Startup Time": 0.029,
                                      "Actual Total Time": 563.793,
                                      "Actual Rows": 2967144,
                                      "Actual Loops": 5
                                    },
                                    {
                                      "Node Type": "Hash",
                                      "Parent Relationship": "Inner",
                                      "Parallel Aware": false,
                                      "Startup Cost": 2.41,
                                      "Total Cost": 2.41,
                                      "Plan Rows": 1,
                                      "Plan Width": 4,
                                      "Actual Startup Time": 0.034,
                                      "Actual Total Time": 0.036,
                                      "Actual Rows": 1,
                                      "Actual Loops": 5,
                                      "Hash Buckets": 1024,
                                      "Original Hash Buckets": 1024,
                                      "Hash Batches": 1,
                                      "Original Hash Batches": 1,
                                      "Peak Memory Usage": 9,
                                      "Plans": [
                                        {
                                          "Node Type": "Seq Scan",
                                          "Parent Relationship": "Outer",
                                          "Parallel Aware": false,
                                          "Relation Name": "info_type",
                                          "Alias": "it2",
                                          "Startup Cost": 0.0,
                                          "Total Cost": 2.41,
                                          "Plan Rows": 1,
                                          "Plan Width": 4,
                                          "Actual Startup Time": 0.019,
                                          "Actual Total Time": 0.027,
                                          "Actual Rows": 1,
                                          "Actual Loops": 5,
                                          "Filter": "((info)::text = 'release dates'::text)",
                                          "Rows Removed by Filter": 112
                                        }
                                      ]
                                    }
                                  ]
                                },
                                {
                                  "Node Type": "Hash",
                                  "Parent Relationship": "Inner",
                                  "Parallel Aware": true,
                                  "Startup Cost": 49602.03,
                                  "Total Cost": 49602.03,
                                  "Plan Rows": 153,
                                  "Plan Width": 14,
                                  "Actual Startup Time": 396.708,
                                  "Actual Total Time": 396.722,
                                  "Actual Rows": 5488,
                                  "Actual Loops": 5,
                                  "Hash Buckets": 32768,
                                  "Original Hash Buckets": 1024,
                                  "Hash Batches": 1,
                                  "Original Hash Batches": 1,
                                  "Peak Memory Usage": 1912,
                                  "Plans": [
                                    {
                                      "Node Type": "Hash Join",
                                      "Parent Relationship": "Outer",
                                      "Parallel Aware": false,
                                      "Join Type": "Inner",
                                      "Startup Cost": 20090.38,
                                      "Total Cost": 49602.03,
                                      "Plan Rows": 153,
                                      "Plan Width": 14,
                                      "Actual Startup Time": 178.617,
                                      "Actual Total Time": 355.158,
                                      "Actual Rows": 5488,
                                      "Actual Loops": 5,
                                      "Inner Unique": true,
                                      "Hash Cond": "(mc.company_type_id = ct.id)",
                                      "Plans": [
                                        {
                                          "Node Type": "Hash Join",
                                          "Parent Relationship": "Outer",
                                          "Parallel Aware": true,
                                          "Join Type": "Inner",
                                          "Startup Cost": 20089.32,
                                          "Total Cost": 49597.66,
                                          "Plan Rows": 612,
                                          "Plan Width": 18,
                                          "Actual Startup Time": 178.493,
                                          "Actual Total Time": 353.262,
                                          "Actual Rows": 9484,
                                          "Actual Loops": 5,
                                          "Inner Unique": false,
                                          "Hash Cond": "(mc.movie_id = miidx.movie_id)",
                                          "Plans": [
                                            {
                                              "Node Type": "Hash Join",
                                              "Parent Relationship": "Outer",
                                              "Parallel Aware": true,
                                              "Join Type": "Inner",
                                              "Startup Cost": 4772.11,
                                              "Total Cost": 34188.04,
                                              "Plan Rows": 23961,
                                              "Plan Width": 8,
                                              "Actual Startup Time": 16.102,
                                              "Actual Total Time": 178.503,
                                              "Actual Rows": 20999,
                                              "Actual Loops": 5,
                                              "Inner Unique": true,
                                              "Hash Cond": "(mc.company_id = cn.id)",
                                              "Plans": [
                                                {
                                                  "Node Type": "Seq Scan",
                                                  "Parent Relationship": "Outer",
                                                  "Parallel Aware": true,
                                                  "Relation Name": "movie_companies",
                                                  "Alias": "mc",
                                                  "Startup Cost": 0.0,
                                                  "Total Cost": 27206.55,
                                                  "Plan Rows": 841655,
                                                  "Plan Width": 12,
                                                  "Actual Startup Time": 0.026,
                                                  "Actual Total Time": 86.057,
                                                  "Actual Rows": 521826,
                                                  "Actual Loops": 5
                                                },
                                                {
                                                  "Node Type": "Hash",
                                                  "Parent Relationship": "Inner",
                                                  "Parallel Aware": true,
                                                  "Startup Cost": 4722.92,
                                                  "Total Cost": 4722.92,
                                                  "Plan Rows": 3935,
                                                  "Plan Width": 4,
                                                  "Actual Startup Time": 15.809,
                                                  "Actual Total Time": 15.81,
                                                  "Actual Rows": 1350,
                                                  "Actual Loops": 5,
                                                  "Hash Buckets": 8192,
                                                  "Original Hash Buckets": 8192,
                                                  "Hash Batches": 1,
                                                  "Original Hash Batches": 1,
                                                  "Peak Memory Usage": 384,
                                                  "Plans": [
                                                    {
                                                      "Node Type": "Seq Scan",
                                                      "Parent Relationship": "Outer",
                                                      "Parallel Aware": true,
                                                      "Relation Name": "company_name",
                                                      "Alias": "cn",
                                                      "Startup Cost": 0.0,
                                                      "Total Cost": 4722.92,
                                                      "Plan Rows": 3935,
                                                      "Plan Width": 4,
                                                      "Actual Startup Time": 0.046,
                                                      "Actual Total Time": 14.863,
                                                      "Actual Rows": 1350,
                                                      "Actual Loops": 5,
                                                      "Filter": "((country_code)::text = '[jp]'::text)",
                                                      "Rows Removed by Filter": 45649
                                                    }
                                                  ]
                                                }
                                              ]
                                            },
                                            {
                                              "Node Type": "Hash",
                                              "Parent Relationship": "Inner",
                                              "Parallel Aware": true,
                                              "Startup Cost": 15253.6,
                                              "Total Cost": 15253.6,
                                              "Plan Rows": 5089,
                                              "Plan Width": 10,
                                              "Actual Startup Time": 162.224,
                                              "Actual Total Time": 162.228,
                                              "Actual Rows": 91985,
                                              "Actual Loops": 5,
                                              "Hash Buckets": 524288,
                                              "Original Hash Buckets": 16384,
                                              "Hash Batches": 1,
                                              "Original Hash Batches": 1,
                                              "Peak Memory Usage": 26112,
                                              "Plans": [
                                                {
                                                  "Node Type": "Hash Join",
                                                  "Parent Relationship": "Outer",
                                                  "Parallel Aware": false,
                                                  "Join Type": "Inner",
                                                  "Startup Cost": 2.43,
                                                  "Total Cost": 15253.6,
                                                  "Plan Rows": 5089,
                                                  "Plan Width": 10,
                                                  "Actual Startup Time": 0.245,
                                                  "Actual Total Time": 99.514,
                                                  "Actual Rows": 91985,
                                                  "Actual Loops": 5,
                                                  "Inner Unique": true,
                                                  "Hash Cond": "(miidx.info_type_id = it.id)",
                                                  "Plans": [
                                                    {
                                                      "Node Type": "Seq Scan",
                                                      "Parent Relationship": "Outer",
                                                      "Parallel Aware": true,
                                                      "Relation Name": "movie_info_idx",
                                                      "Alias": "miidx",
                                                      "Startup Cost": 0.0,
                                                      "Total Cost": 13685.15,
                                                      "Plan Rows": 575015,
                                                      "Plan Width": 14,
                                                      "Actual Startup Time": 0.069,
                                                      "Actual Total Time": 53.174,
                                                      "Actual Rows": 276007,
                                                      "Actual Loops": 5
                                                    },
                                                    {
                                                      "Node Type": "Hash",
                                                      "Parent Relationship": "Inner",
                                                      "Parallel Aware": false,
                                                      "Startup Cost": 2.41,
                                                      "Total Cost": 2.41,
                                                      "Plan Rows": 1,
                                                      "Plan Width": 4,
                                                      "Actual Startup Time": 0.125,
                                                      "Actual Total Time": 0.126,
                                                      "Actual Rows": 1,
                                                      "Actual Loops": 5,
                                                      "Hash Buckets": 1024,
                                                      "Original Hash Buckets": 1024,
                                                      "Hash Batches": 1,
                                                      "Original Hash Batches": 1,
                                                      "Peak Memory Usage": 9,
                                                      "Plans": [
                                                        {
                                                          "Node Type": "Seq Scan",
                                                          "Parent Relationship": "Outer",
                                                          "Parallel Aware": false,
                                                          "Relation Name": "info_type",
                                                          "Alias": "it",
                                                          "Startup Cost": 0.0,
                                                          "Total Cost": 2.41,
                                                          "Plan Rows": 1,
                                                          "Plan Width": 4,
                                                          "Actual Startup Time": 0.105,
                                                          "Actual Total Time": 0.111,
                                                          "Actual Rows": 1,
                                                          "Actual Loops": 5,
                                                          "Filter": "((info)::text = 'rating'::text)",
                                                          "Rows Removed by Filter": 112
                                                        }
                                                      ]
                                                    }
                                                  ]
                                                }
                                              ]
                                            }
                                          ]
                                        },
                                        {
                                          "Node Type": "Hash",
                                          "Parent Relationship": "Inner",
                                          "Parallel Aware": false,
                                          "Startup Cost": 1.05,
                                          "Total Cost": 1.05,
                                          "Plan Rows": 1,
                                          "Plan Width": 4,
                                          "Actual Startup Time": 0.075,
                                          "Actual Total Time": 0.076,
                                          "Actual Rows": 1,
                                          "Actual Loops": 5,
                                          "Hash Buckets": 1024,
                                          "Original Hash Buckets": 1024,
                                          "Hash Batches": 1,
                                          "Original Hash Batches": 1,
                                          "Peak Memory Usage": 9,
                                          "Plans": [
                                            {
                                              "Node Type": "Seq Scan",
                                              "Parent Relationship": "Outer",
                                              "Parallel Aware": false,
                                              "Relation Name": "company_type",
                                              "Alias": "ct",
                                              "Startup Cost": 0.0,
                                              "Total Cost": 1.05,
                                              "Plan Rows": 1,
                                              "Plan Width": 4,
                                              "Actual Startup Time": 0.058,
                                              "Actual Total Time": 0.061,
                                              "Actual Rows": 1,
                                              "Actual Loops": 5,
                                              "Filter": "((kind)::text = 'distributors'::text)",
                                              "Rows Removed by Filter": 3
                                            }
                                          ]
                                        }
                                      ]
                                    }
                                  ]
                                }
                              ]
                            }
                          ]
                        }
                      ]
                    },
                    {
                      "Node Type": "Hash",
                      "Parent Relationship": "Inner",
                      "Parallel Aware": false,
                      "Startup Cost": 1.09,
                      "Total Cost": 1.09,
                      "Plan Rows": 1,
                      "Plan Width": 4,
                      "Actual Startup Time": 0.119,
                      "Actual Total Time": 0.12,
                      "Actual Rows": 1,
                      "Actual Loops": 5,
                      "Hash Buckets": 1024,
                      "Original Hash Buckets": 1024,
                      "Hash Batches": 1,
                      "Original Hash Batches": 1,
                      "Peak Memory Usage": 9,
                      "Plans": [
                        {
                          "Node Type": "Seq Scan",
                          "Parent Relationship": "Outer",
                          "Parallel Aware": false,
                          "Relation Name": "kind_type",
                          "Alias": "kt",
                          "Startup Cost": 0.0,
                          "Total Cost": 1.09,
                          "Plan Rows": 1,
                          "Plan Width": 4,
                          "Actual Startup Time": 0.094,
                          "Actual Total Time": 0.097,
                          "Actual Rows": 1,
                          "Actual Loops": 5,
                          "Filter": "((kind)::text = 'episode'::text)",
                          "Rows Removed by Filter": 6
                        }
                      ]
                    }
                  ]
                }
              ]
            }
          ]
        }
      ]
    },
    "Planning Time": 17.363,
    "Triggers": [],
    "Execution Time": 1846.084
  }
]