{
  "Plan": {
    "Node Type": "Aggregate",
    "Strategy": "Plain",
    "Partial Mode": "Finalize",
    "Parallel Aware": false,
    "Startup Cost": 112172.29,
    "Total Cost": 112172.3,
    "Plan Rows": 1,
    "Plan Width": 8,
    "Actual Startup Time": 370.492,
    "Actual Total Time": 392.233,
    "Actual Rows": 1,
    "Actual Loops": 1,
    "Plans": [
      {
        "Node Type": "Gather",
        "Parent Relationship": "Outer",
        "Parallel Aware": false,
        "Startup Cost": 112172.18,
        "Total Cost": 112172.29,
        "Plan Rows": 1,
        "Plan Width": 8,
        "Actual Startup Time": 370.13,
        "Actual Total Time": 392.225,
        "Actual Rows": 2,
        "Actual Loops": 1,
        "Workers Planned": 1,
        "Workers Launched": 1,
        "Single Copy": false,
        "Plans": [
          {
            "Node Type": "Aggregate",
            "Strategy": "Plain",
            "Partial Mode": "Partial",
            "Parent Relationship": "Outer",
            "Parallel Aware": false,
            "Startup Cost": 111172.18,
            "Total Cost": 111172.19,
            "Plan Rows": 1,
            "Plan Width": 8,
            "Actual Startup Time": 363.66,
            "Actual Total Time": 363.665,
            "Actual Rows": 1,
            "Actual Loops": 2,
            "Plans": [
              {
                "Node Type": "Nested Loop",
                "Parent Relationship": "Outer",
                "Parallel Aware": false,
                "Join Type": "Inner",
                "Startup Cost": 57088.27,
                "Total Cost": 111053.83,
                "Plan Rows": 47339,
                "Plan Width": 0,
                "Actual Startup Time": 116.216,
                "Actual Total Time": 356.7,
                "Actual Rows": 124662,
                "Actual Loops": 2,
                "Inner Unique": false,
                "Join Filter": "(t.id = mi.movie_id)",
                "Rows Removed by Join Filter": 0,
                "Plans": [
                  {
                    "Node Type": "Hash Join",
                    "Parent Relationship": "Outer",
                    "Parallel Aware": true,
                    "Join Type": "Inner",
                    "Startup Cost": 57087.83,
                    "Total Cost": 89246.37,
                    "Plan Rows": 8096,
                    "Plan Width": 8,
                    "Actual Startup Time": 116.107,
                    "Actual Total Time": 255.024,
                    "Actual Rows": 8511,
                    "Actual Loops": 2,
                    "Inner Unique": true,
                    "Hash Cond": "(mk.movie_id = t.id)",
                    "Plans": [
                      {
                        "Node Type": "Bitmap Heap Scan",
                        "Parent Relationship": "Outer",
                        "Parallel Aware": true,
                        "Relation Name": "movie_keyword",
                        "Alias": "mk",
                        "Startup Cost": 18367.66,
                        "Total Cost": 49189.05,
                        "Plan Rows": 509391,
                        "Plan Width": 4,
                        "Actual Startup Time": 45.147,
                        "Actual Total Time": 136.141,
                        "Actual Rows": 436666,
                        "Actual Loops": 2,
                        "Recheck Cond": "(keyword_id < 830)",
                        "Rows Removed by Index Recheck": 0,
                        "Exact Heap Blocks": 16539,
                        "Lossy Heap Blocks": 0,
                        "Plans": [
                          {
                            "Node Type": "Bitmap Index Scan",
                            "Parent Relationship": "Outer",
                            "Parallel Aware": false,
                            "Index Name": "keyword_id_movie_keyword",
                            "Startup Cost": 0.0,
                            "Total Cost": 18151.17,
                            "Plan Rows": 865965,
                            "Plan Width": 0,
                            "Actual Startup Time": 41.503,
                            "Actual Total Time": 41.504,
                            "Actual Rows": 873331,
                            "Actual Loops": 1,
                            "Index Cond": "(keyword_id < 830)"
                          }
                        ]
                      },
                      {
                        "Node Type": "Hash",
                        "Parent Relationship": "Inner",
                        "Parallel Aware": true,
                        "Startup Cost": 38424.71,
                        "Total Cost": 38424.71,
                        "Plan Rows": 23637,
                        "Plan Width": 4,
                        "Actual Startup Time": 69.668,
                        "Actual Total Time": 69.669,
                        "Actual Rows": 18772,
                        "Actual Loops": 2,
                        "Hash Buckets": 65536,
                        "Original Hash Buckets": 65536,
                        "Hash Batches": 1,
                        "Original Hash Batches": 1,
                        "Peak Memory Usage": 2016,
                        "Plans": [
                          {
                            "Node Type": "Bitmap Heap Scan",
                            "Parent Relationship": "Outer",
                            "Parallel Aware": true,
                            "Relation Name": "title",
                            "Alias": "t",
                            "Startup Cost": 1626.58,
                            "Total Cost": 38424.71,
                            "Plan Rows": 23637,
                            "Plan Width": 4,
                            "Actual Startup Time": 21.15,
                            "Actual Total Time": 65.02,
                            "Actual Rows": 18772,
                            "Actual Loops": 2,
                            "Recheck Cond": "(kind_id = 2)",
                            "Rows Removed by Index Recheck": 0,
                            "Filter": "(production_year > 2004)",
                            "Rows Removed by Filter": 26654,
                            "Exact Heap Blocks": 20731,
                            "Lossy Heap Blocks": 0,
                            "Plans": [
                              {
                                "Node Type": "Bitmap Index Scan",
                                "Parent Relationship": "Outer",
                                "Parallel Aware": false,
                                "Index Name": "kind_id_title",
                                "Startup Cost": 0.0,
                                "Total Cost": 1616.54,
                                "Plan Rows": 90681,
                                "Plan Width": 0,
                                "Actual Startup Time": 18.038,
                                "Actual Total Time": 18.038,
                                "Actual Rows": 90852,
                                "Actual Loops": 1,
                                "Index Cond": "(kind_id = 2)"
                              }
                            ]
                          }
                        ]
                      }
                    ]
                  },
                  {
                    "Node Type": "Index Only Scan",
                    "Parent Relationship": "Inner",
                    "Parallel Aware": false,
                    "Scan Direction": "Forward",
                    "Index Name": "movie_id_movie_info",
                    "Relation Name": "movie_info",
                    "Alias": "mi",
                    "Startup Cost": 0.43,
                    "Total Cost": 2.17,
                    "Plan Rows": 42,
                    "Plan Width": 4,
                    "Actual Startup Time": 0.004,
                    "Actual Total Time": 0.01,
                    "Actual Rows": 15,
                    "Actual Loops": 17022,
                    "Index Cond": "(movie_id = mk.movie_id)",
                    "Rows Removed by Index Recheck": 0,
                    "Heap Fetches": 249324
                  }
                ]
              }
            ]
          }
        ]
      }
    ]
  },
  "Planning Time": 0.984,
  "Triggers": [],
  "Execution Time": 392.36
}