[
  {
    "Plan": {
      "Node Type": "Aggregate",
      "Strategy": "Plain",
      "Partial Mode": "Finalize",
      "Parallel Aware": false,
      "Startup Cost": 75390.47,
      "Total Cost": 75390.48,
      "Plan Rows": 1,
      "Plan Width": 8,
      "Actual Startup Time": 349.182,
      "Actual Total Time": 364.885,
      "Actual Rows": 1,
      "Actual Loops": 1,
      "Plans": [
        {
          "Node Type": "Gather",
          "Parent Relationship": "Outer",
          "Parallel Aware": false,
          "Startup Cost": 75390.15,
          "Total Cost": 75390.46,
          "Plan Rows": 3,
          "Plan Width": 8,
          "Actual Startup Time": 338.124,
          "Actual Total Time": 364.876,
          "Actual Rows": 4,
          "Actual Loops": 1,
          "Workers Planned": 3,
          "Workers Launched": 3,
          "Single Copy": false,
          "Plans": [
            {
              "Node Type": "Aggregate",
              "Strategy": "Plain",
              "Partial Mode": "Partial",
              "Parent Relationship": "Outer",
              "Parallel Aware": false,
              "Startup Cost": 74390.15,
              "Total Cost": 74390.16,
              "Plan Rows": 1,
              "Plan Width": 8,
              "Actual Startup Time": 330.183,
              "Actual Total Time": 330.187,
              "Actual Rows": 1,
              "Actual Loops": 4,
              "Plans": [
                {
                  "Node Type": "Hash Join",
                  "Parent Relationship": "Outer",
                  "Parallel Aware": true,
                  "Join Type": "Inner",
                  "Startup Cost": 54277.66,
                  "Total Cost": 74324.97,
                  "Plan Rows": 26070,
                  "Plan Width": 0,
                  "Actual Startup Time": 306.836,
                  "Actual Total Time": 329.754,
                  "Actual Rows": 8138,
                  "Actual Loops": 4,
                  "Inner Unique": true,
                  "Hash Cond": "(mc.movie_id = t.id)",
                  "Plans": [
                    {
                      "Node Type": "Bitmap Heap Scan",
                      "Parent Relationship": "Outer",
                      "Parallel Aware": true,
                      "Relation Name": "movie_companies",
                      "Alias": "mc",
                      "Startup Cost": 5139.76,
                      "Total Cost": 25083.86,
                      "Plan Rows": 39321,
                      "Plan Width": 4,
                      "Actual Startup Time": 34.42,
                      "Actual Total Time": 45.189,
                      "Actual Rows": 13598,
                      "Actual Loops": 4,
                      "Recheck Cond": "(company_id < 93)",
                      "Rows Removed by Index Recheck": 0,
                      "Filter": "(company_type_id > 1)",
                      "Rows Removed by Filter": 44569,
                      "Exact Heap Blocks": 6380,
                      "Lossy Heap Blocks": 0,
                      "Plans": [
                        {
                          "Node Type": "Bitmap Index Scan",
                          "Parent Relationship": "Outer",
                          "Parallel Aware": false,
                          "Index Name": "company_id_movie_companies",
                          "Startup Cost": 0.0,
                          "Total Cost": 5109.28,
                          "Plan Rows": 238514,
                          "Plan Width": 0,
                          "Actual Startup Time": 10.135,
                          "Actual Total Time": 10.136,
                          "Actual Rows": 232665,
                          "Actual Loops": 1,
                          "Index Cond": "(company_id < 93)"
                        }
                      ]
                    },
                    {
                      "Node Type": "Hash",
                      "Parent Relationship": "Inner",
                      "Parallel Aware": true,
                      "Startup Cost": 43899.32,
                      "Total Cost": 43899.32,
                      "Plan Rows": 419086,
                      "Plan Width": 4,
                      "Actual Startup Time": 267.737,
                      "Actual Total Time": 267.738,
                      "Actual Rows": 418524,
                      "Actual Loops": 4,
                      "Hash Buckets": 2097152,
                      "Original Hash Buckets": 2097152,
                      "Hash Batches": 1,
                      "Original Hash Batches": 1,
                      "Peak Memory Usage": 81952,
                      "Plans": [
                        {
                          "Node Type": "Seq Scan",
                          "Parent Relationship": "Outer",
                          "Parallel Aware": true,
                          "Relation Name": "title",
                          "Alias": "t",
                          "Startup Cost": 0.0,
                          "Total Cost": 43899.32,
                          "Plan Rows": 419086,
                          "Plan Width": 4,
                          "Actual Startup Time": 0.045,
                          "Actual Total Time": 109.792,
                          "Actual Rows": 418524,
                          "Actual Loops": 4,
                          "Filter": "(kind_id > 3)",
                          "Rows Removed by Filter": 213554
                        }
                      ]
                    }
                  ]
                }
              ]
            }
          ]
        }
      ]
    },
    "Planning Time": 0.266,
    "Triggers": [],
    "Execution Time": 364.93
  }
]