[
    {
        "Bao": {
            "Bao prediction": 803.643,
            "Bao recommended hint": "(no hint)"
        }
    },
    {
        "Plan": {
            "Node Type": "Aggregate",
            "Strategy": "Plain",
            "Partial Mode": "Finalize",
            "Parallel Aware": false,
            "Startup Cost": 80793.49,
            "Total Cost": 80793.5,
            "Plan Rows": 1,
            "Plan Width": 8,
            "Actual Startup Time": 465.76,
            "Actual Total Time": 479.359,
            "Actual Rows": 1,
            "Actual Loops": 1,
            "Output": [
                "count(*)"
            ],
            "Plans": [
                {
                    "Node Type": "Gather",
                    "Parent Relationship": "Outer",
                    "Parallel Aware": false,
                    "Startup Cost": 80793.17,
                    "Total Cost": 80793.48,
                    "Plan Rows": 3,
                    "Plan Width": 8,
                    "Actual Startup Time": 459.342,
                    "Actual Total Time": 479.346,
                    "Actual Rows": 4,
                    "Actual Loops": 1,
                    "Output": [
                        "(PARTIAL count(*))"
                    ],
                    "Workers Planned": 3,
                    "Workers Launched": 3,
                    "Single Copy": false,
                    "Plans": [
                        {
                            "Node Type": "Aggregate",
                            "Strategy": "Plain",
                            "Partial Mode": "Partial",
                            "Parent Relationship": "Outer",
                            "Parallel Aware": false,
                            "Startup Cost": 79793.17,
                            "Total Cost": 79793.18,
                            "Plan Rows": 1,
                            "Plan Width": 8,
                            "Actual Startup Time": 449.675,
                            "Actual Total Time": 449.911,
                            "Actual Rows": 1,
                            "Actual Loops": 4,
                            "Output": [
                                "PARTIAL count(*)"
                            ],
                            "Workers": [
                                {
                                    "Worker Number": 0,
                                    "Actual Startup Time": 446.28,
                                    "Actual Total Time": 446.283,
                                    "Actual Rows": 1,
                                    "Actual Loops": 1
                                },
                                {
                                    "Worker Number": 1,
                                    "Actual Startup Time": 447.382,
                                    "Actual Total Time": 447.385,
                                    "Actual Rows": 1,
                                    "Actual Loops": 1
                                },
                                {
                                    "Worker Number": 2,
                                    "Actual Startup Time": 446.51,
                                    "Actual Total Time": 446.513,
                                    "Actual Rows": 1,
                                    "Actual Loops": 1
                                }
                            ],
                            "Plans": [
                                {
                                    "Node Type": "Hash Join",
                                    "Parent Relationship": "Outer",
                                    "Parallel Aware": true,
                                    "Join Type": "Inner",
                                    "Startup Cost": 48689.48,
                                    "Total Cost": 79292.92,
                                    "Plan Rows": 200100,
                                    "Plan Width": 0,
                                    "Actual Startup Time": 276.009,
                                    "Actual Total Time": 447.796,
                                    "Actual Rows": 34840,
                                    "Actual Loops": 4,
                                    "Inner Unique": true,
                                    "Hash Cond": "(mc.movie_id = t.id)",
                                    "Workers": [
                                        {
                                            "Worker Number": 0,
                                            "Actual Startup Time": 272.843,
                                            "Actual Total Time": 444.03,
                                            "Actual Rows": 31699,
                                            "Actual Loops": 1
                                        },
                                        {
                                            "Worker Number": 1,
                                            "Actual Startup Time": 272.894,
                                            "Actual Total Time": 445.166,
                                            "Actual Rows": 31280,
                                            "Actual Loops": 1
                                        },
                                        {
                                            "Worker Number": 2,
                                            "Actual Startup Time": 273.175,
                                            "Actual Total Time": 444.311,
                                            "Actual Rows": 30733,
                                            "Actual Loops": 1
                                        }
                                    ],
                                    "Plans": [
                                        {
                                            "Node Type": "Seq Scan",
                                            "Parent Relationship": "Outer",
                                            "Parallel Aware": true,
                                            "Relation Name": "movie_companies",
                                            "Schema": "public",
                                            "Alias": "mc",
                                            "Startup Cost": 0.0,
                                            "Total Cost": 29310.68,
                                            "Plan Rows": 492479,
                                            "Plan Width": 4,
                                            "Actual Startup Time": 4.177,
                                            "Actual Total Time": 82.698,
                                            "Actual Rows": 382212,
                                            "Actual Loops": 4,
                                            "Output": [
                                                "mc.id",
                                                "mc.movie_id",
                                                "mc.company_id",
                                                "mc.company_type_id",
                                                "mc.note"
                                            ],
                                            "Filter": "(mc.company_id > 6914)",
                                            "Rows Removed by Filter": 270070,
                                            "Workers": [
                                                {
                                                    "Worker Number": 0,
                                                    "Actual Startup Time": 4.184,
                                                    "Actual Total Time": 86.146,
                                                    "Actual Rows": 340402,
                                                    "Actual Loops": 1
                                                },
                                                {
                                                    "Worker Number": 1,
                                                    "Actual Startup Time": 4.176,
                                                    "Actual Total Time": 86.45,
                                                    "Actual Rows": 343587,
                                                    "Actual Loops": 1
                                                },
                                                {
                                                    "Worker Number": 2,
                                                    "Actual Startup Time": 4.187,
                                                    "Actual Total Time": 83.51,
                                                    "Actual Rows": 330237,
                                                    "Actual Loops": 1
                                                }
                                            ]
                                        },
                                        {
                                            "Node Type": "Hash",
                                            "Parent Relationship": "Inner",
                                            "Parallel Aware": true,
                                            "Startup Cost": 45479.21,
                                            "Total Cost": 45479.21,
                                            "Plan Rows": 256822,
                                            "Plan Width": 4,
                                            "Actual Startup Time": 265.962,
                                            "Actual Total Time": 265.963,
                                            "Actual Rows": 283557,
                                            "Actual Loops": 4,
                                            "Output": [
                                                "t.id"
                                            ],
                                            "Hash Buckets": 2097152,
                                            "Original Hash Buckets": 1048576,
                                            "Hash Batches": 1,
                                            "Original Hash Batches": 1,
                                            "Peak Memory Usage": 69024,
                                            "Workers": [
                                                {
                                                    "Worker Number": 0,
                                                    "Actual Startup Time": 267.682,
                                                    "Actual Total Time": 267.683,
                                                    "Actual Rows": 250939,
                                                    "Actual Loops": 1
                                                },
                                                {
                                                    "Worker Number": 1,
                                                    "Actual Startup Time": 267.706,
                                                    "Actual Total Time": 267.707,
                                                    "Actual Rows": 252026,
                                                    "Actual Loops": 1
                                                },
                                                {
                                                    "Worker Number": 2,
                                                    "Actual Startup Time": 268.036,
                                                    "Actual Total Time": 268.037,
                                                    "Actual Rows": 216167,
                                                    "Actual Loops": 1
                                                }
                                            ],
                                            "Plans": [
                                                {
                                                    "Node Type": "Seq Scan",
                                                    "Parent Relationship": "Outer",
                                                    "Parallel Aware": true,
                                                    "Relation Name": "title",
                                                    "Schema": "public",
                                                    "Alias": "t",
                                                    "Startup Cost": 0.0,
                                                    "Total Cost": 45479.21,
                                                    "Plan Rows": 256822,
                                                    "Plan Width": 4,
                                                    "Actual Startup Time": 0.053,
                                                    "Actual Total Time": 125.505,
                                                    "Actual Rows": 283557,
                                                    "Actual Loops": 4,
                                                    "Output": [
                                                        "t.id"
                                                    ],
                                                    "Filter": "((t.production_year > 1992) AND (t.kind_id = 7))",
                                                    "Rows Removed by Filter": 348521,
                                                    "Workers": [
                                                        {
                                                            "Worker Number": 0,
                                                            "Actual Startup Time": 0.061,
                                                            "Actual Total Time": 130.622,
                                                            "Actual Rows": 250939,
                                                            "Actual Loops": 1
                                                        },
                                                        {
                                                            "Worker Number": 1,
                                                            "Actual Startup Time": 0.059,
                                                            "Actual Total Time": 131.113,
                                                            "Actual Rows": 252026,
                                                            "Actual Loops": 1
                                                        },
                                                        {
                                                            "Worker Number": 2,
                                                            "Actual Startup Time": 0.064,
                                                            "Actual Total Time": 122.061,
                                                            "Actual Rows": 216167,
                                                            "Actual Loops": 1
                                                        }
                                                    ]
                                                }
                                            ]
                                        }
                                    ]
                                }
                            ]
                        }
                    ]
                }
            ]
        },
        "Planning Time": 1510.199,
        "Triggers": [],
        "Execution Time": 479.488
    }
]