[
  {
    "Plan": {
      "Node Type": "Aggregate",
      "Strategy": "Plain",
      "Partial Mode": "Finalize",
      "Parallel Aware": false,
      "Startup Cost": 36946.65,
      "Total Cost": 36946.66,
      "Plan Rows": 1,
      "Plan Width": 8,
      "Actual Startup Time": 125.972,
      "Actual Total Time": 133.862,
      "Actual Rows": 1,
      "Actual Loops": 1,
      "Plans": [
        {
          "Node Type": "Gather",
          "Parent Relationship": "Outer",
          "Parallel Aware": false,
          "Startup Cost": 36946.33,
          "Total Cost": 36946.64,
          "Plan Rows": 3,
          "Plan Width": 8,
          "Actual Startup Time": 125.664,
          "Actual Total Time": 133.852,
          "Actual Rows": 4,
          "Actual Loops": 1,
          "Workers Planned": 3,
          "Workers Launched": 3,
          "Single Copy": false,
          "Plans": [
            {
              "Node Type": "Aggregate",
              "Strategy": "Plain",
              "Partial Mode": "Partial",
              "Parent Relationship": "Outer",
              "Parallel Aware": false,
              "Startup Cost": 35946.33,
              "Total Cost": 35946.34,
              "Plan Rows": 1,
              "Plan Width": 8,
              "Actual Startup Time": 117.651,
              "Actual Total Time": 117.652,
              "Actual Rows": 1,
              "Actual Loops": 4,
              "Plans": [
                {
                  "Node Type": "Bitmap Heap Scan",
                  "Parent Relationship": "Outer",
                  "Parallel Aware": true,
                  "Relation Name": "movie_keyword",
                  "Alias": "mk",
                  "Startup Cost": 9358.35,
                  "Total Cost": 35590.67,
                  "Plan Rows": 142265,
                  "Plan Width": 0,
                  "Actual Startup Time": 43.524,
                  "Actual Total Time": 111.119,
                  "Actual Rows": 107478,
                  "Actual Loops": 4,
                  "Recheck Cond": "(keyword_id > 40691)",
                  "Rows Removed by Index Recheck": 0,
                  "Exact Heap Blocks": 10997,
                  "Lossy Heap Blocks": 0,
                  "Plans": [
                    {
                      "Node Type": "Bitmap Index Scan",
                      "Parent Relationship": "Outer",
                      "Parallel Aware": false,
                      "Index Name": "keyword_id_movie_keyword",
                      "Startup Cost": 0.0,
                      "Total Cost": 9248.1,
                      "Plan Rows": 441022,
                      "Plan Width": 0,
                      "Actual Startup Time": 47.189,
                      "Actual Total Time": 47.189,
                      "Actual Rows": 429914,
                      "Actual Loops": 1,
                      "Index Cond": "(keyword_id > 40691)"
                    }
                  ]
                }
              ]
            }
          ]
        }
      ]
    },
    "Planning Time": 0.181,
    "Triggers": [],
    "Execution Time": 133.948
  }
]