[
  {
    "Plan": {
      "Node Type": "Aggregate",
      "Strategy": "Plain",
      "Partial Mode": "Simple",
      "Parallel Aware": false,
      "Startup Cost": 22033.33,
      "Total Cost": 22033.34,
      "Plan Rows": 1,
      "Plan Width": 8,
      "Actual Startup Time": 41.208,
      "Actual Total Time": 41.21,
      "Actual Rows": 1,
      "Actual Loops": 1,
      "Plans": [
        {
          "Node Type": "Bitmap Heap Scan",
          "Parent Relationship": "Outer",
          "Parallel Aware": false,
          "Relation Name": "movie_companies",
          "Alias": "mc",
          "Startup Cost": 1917.46,
          "Total Cost": 21812.35,
          "Plan Rows": 88391,
          "Plan Width": 0,
          "Actual Startup Time": 9.165,
          "Actual Total Time": 35.373,
          "Actual Rows": 88039,
          "Actual Loops": 1,
          "Recheck Cond": "(company_id > 164919)",
          "Rows Removed by Index Recheck": 0,
          "Exact Heap Blocks": 2907,
          "Lossy Heap Blocks": 0,
          "Plans": [
            {
              "Node Type": "Bitmap Index Scan",
              "Parent Relationship": "Outer",
              "Parallel Aware": false,
              "Index Name": "company_id_movie_companies",
              "Startup Cost": 0.0,
              "Total Cost": 1895.36,
              "Plan Rows": 88391,
              "Plan Width": 0,
              "Actual Startup Time": 8.682,
              "Actual Total Time": 8.682,
              "Actual Rows": 88039,
              "Actual Loops": 1,
              "Index Cond": "(company_id > 164919)"
            }
          ]
        }
      ]
    },
    "Planning Time": 0.068,
    "Triggers": [],
    "Execution Time": 41.249
  }
]