[
  {
    "Plan": {
      "Node Type": "Aggregate",
      "Strategy": "Plain",
      "Partial Mode": "Finalize",
      "Parallel Aware": false,
      "Startup Cost": 333991.42,
      "Total Cost": 333991.43,
      "Plan Rows": 1,
      "Plan Width": 8,
      "Actual Startup Time": 676.499,
      "Actual Total Time": 733.253,
      "Actual Rows": 1,
      "Actual Loops": 1,
      "Plans": [
        {
          "Node Type": "Gather",
          "Parent Relationship": "Outer",
          "Parallel Aware": false,
          "Startup Cost": 333990.79,
          "Total Cost": 333991.4,
          "Plan Rows": 6,
          "Plan Width": 8,
          "Actual Startup Time": 676.357,
          "Actual Total Time": 733.241,
          "Actual Rows": 7,
          "Actual Loops": 1,
          "Workers Planned": 6,
          "Workers Launched": 6,
          "Single Copy": false,
          "Plans": [
            {
              "Node Type": "Aggregate",
              "Strategy": "Plain",
              "Partial Mode": "Partial",
              "Parent Relationship": "Outer",
              "Parallel Aware": false,
              "Startup Cost": 332990.79,
              "Total Cost": 332990.8,
              "Plan Rows": 1,
              "Plan Width": 8,
              "Actual Startup Time": 667.075,
              "Actual Total Time": 667.076,
              "Actual Rows": 1,
              "Actual Loops": 7,
              "Plans": [
                {
                  "Node Type": "Seq Scan",
                  "Parent Relationship": "Outer",
                  "Parallel Aware": true,
                  "Relation Name": "cast_info",
                  "Alias": "ci",
                  "Startup Cost": 0.0,
                  "Total Cost": 328162.03,
                  "Plan Rows": 1931507,
                  "Plan Width": 0,
                  "Actual Startup Time": 0.05,
                  "Actual Total Time": 588.847,
                  "Actual Rows": 1654875,
                  "Actual Loops": 7,
                  "Filter": "(person_id < 1139588)",
                  "Rows Removed by Filter": 3522889
                }
              ]
            }
          ]
        }
      ]
    },
    "Planning Time": 0.198,
    "Triggers": [],
    "Execution Time": 733.325
  }
]