[
  {
    "Plan": {
      "Node Type": "Aggregate",
      "Strategy": "Plain",
      "Partial Mode": "Finalize",
      "Parallel Aware": false,
      "Startup Cost": 79410.81,
      "Total Cost": 79410.82,
      "Plan Rows": 1,
      "Plan Width": 8,
      "Actual Startup Time": 233.86,
      "Actual Total Time": 248.465,
      "Actual Rows": 1,
      "Actual Loops": 1,
      "Plans": [
        {
          "Node Type": "Gather",
          "Parent Relationship": "Outer",
          "Parallel Aware": false,
          "Startup Cost": 79410.49,
          "Total Cost": 79410.8,
          "Plan Rows": 3,
          "Plan Width": 8,
          "Actual Startup Time": 232.198,
          "Actual Total Time": 248.454,
          "Actual Rows": 4,
          "Actual Loops": 1,
          "Workers Planned": 3,
          "Workers Launched": 3,
          "Single Copy": false,
          "Plans": [
            {
              "Node Type": "Aggregate",
              "Strategy": "Plain",
              "Partial Mode": "Partial",
              "Parent Relationship": "Outer",
              "Parallel Aware": false,
              "Startup Cost": 78410.49,
              "Total Cost": 78410.5,
              "Plan Rows": 1,
              "Plan Width": 8,
              "Actual Startup Time": 225.8,
              "Actual Total Time": 225.804,
              "Actual Rows": 1,
              "Actual Loops": 4,
              "Plans": [
                {
                  "Node Type": "Hash Join",
                  "Parent Relationship": "Outer",
                  "Parallel Aware": true,
                  "Join Type": "Inner",
                  "Startup Cost": 46585.44,
                  "Total Cost": 78362.24,
                  "Plan Rows": 19300,
                  "Plan Width": 0,
                  "Actual Startup Time": 162.857,
                  "Actual Total Time": 225.233,
                  "Actual Rows": 10721,
                  "Actual Loops": 4,
                  "Inner Unique": true,
                  "Hash Cond": "(mc.movie_id = t.id)",
                  "Plans": [
                    {
                      "Node Type": "Seq Scan",
                      "Parent Relationship": "Outer",
                      "Parallel Aware": true,
                      "Relation Name": "movie_companies",
                      "Alias": "mc",
                      "Startup Cost": 0.0,
                      "Total Cost": 31414.82,
                      "Plan Rows": 137899,
                      "Plan Width": 4,
                      "Actual Startup Time": 11.806,
                      "Actual Total Time": 63.172,
                      "Actual Rows": 25405,
                      "Actual Loops": 4,
                      "Filter": "((company_id > 23996) AND (company_type_id < 2))",
                      "Rows Removed by Filter": 626877
                    },
                    {
                      "Node Type": "Hash",
                      "Parent Relationship": "Inner",
                      "Parallel Aware": true,
                      "Startup Cost": 45479.59,
                      "Total Cost": 45479.59,
                      "Plan Rows": 88468,
                      "Plan Width": 4,
                      "Actual Startup Time": 148.446,
                      "Actual Total Time": 148.447,
                      "Actual Rows": 117593,
                      "Actual Loops": 4,
                      "Hash Buckets": 524288,
                      "Original Hash Buckets": 524288,
                      "Hash Batches": 1,
                      "Original Hash Batches": 1,
                      "Peak Memory Usage": 22592,
                      "Plans": [
                        {
                          "Node Type": "Seq Scan",
                          "Parent Relationship": "Outer",
                          "Parallel Aware": true,
                          "Relation Name": "title",
                          "Alias": "t",
                          "Startup Cost": 0.0,
                          "Total Cost": 45479.59,
                          "Plan Rows": 88468,
                          "Plan Width": 4,
                          "Actual Startup Time": 0.045,
                          "Actual Total Time": 104.725,
                          "Actual Rows": 117593,
                          "Actual Loops": 4,
                          "Filter": "((kind_id < 7) AND (production_year < 1998))",
                          "Rows Removed by Filter": 514485
                        }
                      ]
                    }
                  ]
                }
              ]
            }
          ]
        }
      ]
    },
    "Planning Time": 0.384,
    "Triggers": [],
    "Execution Time": 248.51
  }
]