{
  "Plan": {
    "Node Type": "Aggregate",
    "Strategy": "Plain",
    "Partial Mode": "Finalize",
    "Parallel Aware": false,
    "Startup Cost": 187895.49,
    "Total Cost": 187895.5,
    "Plan Rows": 1,
    "Plan Width": 8,
    "Actual Startup Time": 782.697,
    "Actual Total Time": 810.284,
    "Actual Rows": 1,
    "Actual Loops": 1,
    "Plans": [
      {
        "Node Type": "Gather",
        "Parent Relationship": "Outer",
        "Parallel Aware": false,
        "Startup Cost": 187895.38,
        "Total Cost": 187895.49,
        "Plan Rows": 1,
        "Plan Width": 8,
        "Actual Startup Time": 782.321,
        "Actual Total Time": 810.273,
        "Actual Rows": 2,
        "Actual Loops": 1,
        "Workers Planned": 1,
        "Workers Launched": 1,
        "Single Copy": false,
        "Plans": [
          {
            "Node Type": "Aggregate",
            "Strategy": "Plain",
            "Partial Mode": "Partial",
            "Parent Relationship": "Outer",
            "Parallel Aware": false,
            "Startup Cost": 186895.38,
            "Total Cost": 186895.39,
            "Plan Rows": 1,
            "Plan Width": 8,
            "Actual Startup Time": 776.011,
            "Actual Total Time": 776.015,
            "Actual Rows": 1,
            "Actual Loops": 2,
            "Plans": [
              {
                "Node Type": "Nested Loop",
                "Parent Relationship": "Outer",
                "Parallel Aware": false,
                "Join Type": "Inner",
                "Startup Cost": 28923.55,
                "Total Cost": 186547.32,
                "Plan Rows": 139224,
                "Plan Width": 0,
                "Actual Startup Time": 62.977,
                "Actual Total Time": 770.983,
                "Actual Rows": 112824,
                "Actual Loops": 2,
                "Inner Unique": false,
                "Plans": [
                  {
                    "Node Type": "Merge Join",
                    "Parent Relationship": "Outer",
                    "Parallel Aware": false,
                    "Join Type": "Inner",
                    "Startup Cost": 28923.11,
                    "Total Cost": 135292.06,
                    "Plan Rows": 23810,
                    "Plan Width": 8,
                    "Actual Startup Time": 62.922,
                    "Actual Total Time": 698.646,
                    "Actual Rows": 9856,
                    "Actual Loops": 2,
                    "Inner Unique": false,
                    "Merge Cond": "(t.id = mc.movie_id)",
                    "Plans": [
                      {
                        "Node Type": "Index Scan",
                        "Parent Relationship": "Outer",
                        "Parallel Aware": true,
                        "Scan Direction": "Forward",
                        "Index Name": "title_pkey",
                        "Relation Name": "title",
                        "Alias": "t",
                        "Startup Cost": 0.43,
                        "Total Cost": 103647.43,
                        "Plan Rows": 904038,
                        "Plan Width": 4,
                        "Actual Startup Time": 0.075,
                        "Actual Total Time": 597.335,
                        "Actual Rows": 771033,
                        "Actual Loops": 2,
                        "Filter": "(kind_id = 7)",
                        "Rows Removed by Filter": 491772
                      },
                      {
                        "Node Type": "Sort",
                        "Parent Relationship": "Inner",
                        "Parallel Aware": false,
                        "Startup Cost": 28920.57,
                        "Total Cost": 29087.04,
                        "Plan Rows": 66588,
                        "Plan Width": 4,
                        "Actual Startup Time": 60.702,
                        "Actual Total Time": 62.426,
                        "Actual Rows": 23541,
                        "Actual Loops": 2,
                        "Sort Key": [
                          "mc.movie_id"
                        ],
                        "Sort Method": "quicksort",
                        "Sort Space Used": 1872,
                        "Sort Space Type": "Memory",
                        "Workers": [
                          {
                            "Worker Number": 0,
                            "Sort Method": "quicksort",
                            "Sort Space Used": 1872,
                            "Sort Space Type": "Memory"
                          }
                        ],
                        "Plans": [
                          {
                            "Node Type": "Bitmap Heap Scan",
                            "Parent Relationship": "Outer",
                            "Parallel Aware": false,
                            "Relation Name": "movie_companies",
                            "Alias": "mc",
                            "Startup Cost": 2828.68,
                            "Total Cost": 23585.88,
                            "Plan Rows": 66588,
                            "Plan Width": 4,
                            "Actual Startup Time": 47.982,
                            "Actual Total Time": 56.179,
                            "Actual Rows": 23541,
                            "Actual Loops": 2,
                            "Recheck Cond": "(company_id < 27)",
                            "Rows Removed by Index Recheck": 0,
                            "Filter": "(company_type_id = 2)",
                            "Rows Removed by Filter": 111266,
                            "Exact Heap Blocks": 10048,
                            "Lossy Heap Blocks": 0,
                            "Plans": [
                              {
                                "Node Type": "Bitmap Index Scan",
                                "Parent Relationship": "Outer",
                                "Parallel Aware": false,
                                "Index Name": "company_id_movie_companies",
                                "Startup Cost": 0.0,
                                "Total Cost": 2812.03,
                                "Plan Rows": 131147,
                                "Plan Width": 0,
                                "Actual Startup Time": 17.466,
                                "Actual Total Time": 17.466,
                                "Actual Rows": 134807,
                                "Actual Loops": 2,
                                "Index Cond": "(company_id < 27)"
                              }
                            ]
                          }
                        ]
                      }
                    ]
                  },
                  {
                    "Node Type": "Index Only Scan",
                    "Parent Relationship": "Inner",
                    "Parallel Aware": false,
                    "Scan Direction": "Forward",
                    "Index Name": "movie_id_movie_info",
                    "Relation Name": "movie_info",
                    "Alias": "mi",
                    "Startup Cost": 0.43,
                    "Total Cost": 1.73,
                    "Plan Rows": 42,
                    "Plan Width": 4,
                    "Actual Startup Time": 0.002,
                    "Actual Total Time": 0.006,
                    "Actual Rows": 11,
                    "Actual Loops": 19712,
                    "Index Cond": "(movie_id = t.id)",
                    "Rows Removed by Index Recheck": 0,
                    "Heap Fetches": 225648
                  }
                ]
              }
            ]
          }
        ]
      }
    ]
  },
  "Planning Time": 1.171,
  "Triggers": [],
  "Execution Time": 810.405
}