[
  {
    "Plan": {
      "Node Type": "Aggregate",
      "Strategy": "Plain",
      "Partial Mode": "Finalize",
      "Parallel Aware": false,
      "Startup Cost": 50907.34,
      "Total Cost": 50907.35,
      "Plan Rows": 1,
      "Plan Width": 8,
      "Actual Startup Time": 136.15,
      "Actual Total Time": 154.146,
      "Actual Rows": 1,
      "Actual Loops": 1,
      "Plans": [
        {
          "Node Type": "Gather",
          "Parent Relationship": "Outer",
          "Parallel Aware": false,
          "Startup Cost": 50906.92,
          "Total Cost": 50907.33,
          "Plan Rows": 4,
          "Plan Width": 8,
          "Actual Startup Time": 135.937,
          "Actual Total Time": 154.132,
          "Actual Rows": 5,
          "Actual Loops": 1,
          "Workers Planned": 4,
          "Workers Launched": 4,
          "Single Copy": false,
          "Plans": [
            {
              "Node Type": "Aggregate",
              "Strategy": "Plain",
              "Partial Mode": "Partial",
              "Parent Relationship": "Outer",
              "Parallel Aware": false,
              "Startup Cost": 49906.92,
              "Total Cost": 49906.93,
              "Plan Rows": 1,
              "Plan Width": 8,
              "Actual Startup Time": 130.035,
              "Actual Total Time": 130.037,
              "Actual Rows": 1,
              "Actual Loops": 5,
              "Plans": [
                {
                  "Node Type": "Index Scan",
                  "Parent Relationship": "Outer",
                  "Parallel Aware": true,
                  "Scan Direction": "Forward",
                  "Index Name": "role_id_cast_info",
                  "Relation Name": "cast_info",
                  "Alias": "ci",
                  "Startup Cost": 0.56,
                  "Total Cost": 49093.36,
                  "Plan Rows": 325422,
                  "Plan Width": 0,
                  "Actual Startup Time": 0.141,
                  "Actual Total Time": 111.628,
                  "Actual Rows": 254579,
                  "Actual Loops": 5,
                  "Index Cond": "(role_id = 8)",
                  "Rows Removed by Index Recheck": 0,
                  "Filter": "(person_id > 935044)",
                  "Rows Removed by Filter": 86129
                }
              ]
            }
          ]
        }
      ]
    },
    "Planning Time": 0.122,
    "Triggers": [],
    "Execution Time": 154.192
  }
]