[
  {
    "Plan": {
      "Node Type": "Aggregate",
      "Strategy": "Plain",
      "Partial Mode": "Finalize",
      "Parallel Aware": false,
      "Startup Cost": 430767.44,
      "Total Cost": 430767.45,
      "Plan Rows": 1,
      "Plan Width": 8,
      "Actual Startup Time": 1514.355,
      "Actual Total Time": 1565.2,
      "Actual Rows": 1,
      "Actual Loops": 1,
      "Plans": [
        {
          "Node Type": "Gather",
          "Parent Relationship": "Outer",
          "Parallel Aware": false,
          "Startup Cost": 430766.82,
          "Total Cost": 430767.43,
          "Plan Rows": 6,
          "Plan Width": 8,
          "Actual Startup Time": 1497.691,
          "Actual Total Time": 1565.183,
          "Actual Rows": 7,
          "Actual Loops": 1,
          "Workers Planned": 6,
          "Workers Launched": 6,
          "Single Copy": false,
          "Plans": [
            {
              "Node Type": "Aggregate",
              "Strategy": "Plain",
              "Partial Mode": "Partial",
              "Parent Relationship": "Outer",
              "Parallel Aware": false,
              "Startup Cost": 429766.82,
              "Total Cost": 429766.83,
              "Plan Rows": 1,
              "Plan Width": 8,
              "Actual Startup Time": 1487.282,
              "Actual Total Time": 1487.673,
              "Actual Rows": 1,
              "Actual Loops": 7,
              "Plans": [
                {
                  "Node Type": "Hash Join",
                  "Parent Relationship": "Outer",
                  "Parallel Aware": true,
                  "Join Type": "Inner",
                  "Startup Cost": 86756.61,
                  "Total Cost": 426512.88,
                  "Plan Rows": 1301576,
                  "Plan Width": 0,
                  "Actual Startup Time": 674.716,
                  "Actual Total Time": 1429.219,
                  "Actual Rows": 1349453,
                  "Actual Loops": 7,
                  "Inner Unique": false,
                  "Hash Cond": "(ci.movie_id = t.id)",
                  "Plans": [
                    {
                      "Node Type": "Seq Scan",
                      "Parent Relationship": "Outer",
                      "Parallel Aware": true,
                      "Relation Name": "cast_info",
                      "Alias": "ci",
                      "Startup Cost": 0.0,
                      "Total Cost": 328211.39,
                      "Plan Rows": 1958998,
                      "Plan Width": 4,
                      "Actual Startup Time": 254.965,
                      "Actual Total Time": 541.151,
                      "Actual Rows": 1659933,
                      "Actual Loops": 7,
                      "Filter": "(person_id > 2532520)",
                      "Rows Removed by Filter": 3517831
                    },
                    {
                      "Node Type": "Hash",
                      "Parent Relationship": "Inner",
                      "Parallel Aware": true,
                      "Startup Cost": 79982.8,
                      "Total Cost": 79982.8,
                      "Plan Rows": 541905,
                      "Plan Width": 8,
                      "Actual Startup Time": 416.33,
                      "Actual Total Time": 416.719,
                      "Actual Rows": 127575,
                      "Actual Loops": 7,
                      "Hash Buckets": 2097152,
                      "Original Hash Buckets": 2097152,
                      "Hash Batches": 1,
                      "Original Hash Batches": 1,
                      "Peak Memory Usage": 51424,
                      "Plans": [
                        {
                          "Node Type": "Hash Join",
                          "Parent Relationship": "Outer",
                          "Parallel Aware": true,
                          "Join Type": "Inner",
                          "Startup Cost": 50566.91,
                          "Total Cost": 79982.8,
                          "Plan Rows": 541905,
                          "Plan Width": 8,
                          "Actual Startup Time": 211.505,
                          "Actual Total Time": 362.294,
                          "Actual Rows": 127575,
                          "Actual Loops": 7,
                          "Inner Unique": true,
                          "Hash Cond": "(mc.movie_id = t.id)",
                          "Plans": [
                            {
                              "Node Type": "Seq Scan",
                              "Parent Relationship": "Outer",
                              "Parallel Aware": true,
                              "Relation Name": "movie_companies",
                              "Alias": "mc",
                              "Startup Cost": 0.0,
                              "Total Cost": 27206.55,
                              "Plan Rows": 841655,
                              "Plan Width": 4,
                              "Actual Startup Time": 0.015,
                              "Actual Total Time": 39.806,
                              "Actual Rows": 372733,
                              "Actual Loops": 7
                            },
                            {
                              "Node Type": "Hash",
                              "Parent Relationship": "Inner",
                              "Parallel Aware": true,
                              "Startup Cost": 45479.59,
                              "Total Cost": 45479.59,
                              "Plan Rows": 406986,
                              "Plan Width": 4,
                              "Actual Startup Time": 208.859,
                              "Actual Total Time": 208.86,
                              "Actual Rows": 229828,
                              "Actual Loops": 7,
                              "Hash Buckets": 2097152,
                              "Original Hash Buckets": 2097152,
                              "Hash Batches": 1,
                              "Original Hash Batches": 1,
                              "Peak Memory Usage": 79424,
                              "Plans": [
                                {
                                  "Node Type": "Seq Scan",
                                  "Parent Relationship": "Outer",
                                  "Parallel Aware": true,
                                  "Relation Name": "title",
                                  "Alias": "t",
                                  "Startup Cost": 0.0,
                                  "Total Cost": 45479.59,
                                  "Plan Rows": 406986,
                                  "Plan Width": 4,
                                  "Actual Startup Time": 0.072,
                                  "Actual Total Time": 84.364,
                                  "Actual Rows": 229828,
                                  "Actual Loops": 7,
                                  "Filter": "((kind_id > 3) AND (production_year > 0))",
                                  "Rows Removed by Filter": 131360
                                }
                              ]
                            }
                          ]
                        }
                      ]
                    }
                  ]
                }
              ]
            }
          ]
        }
      ]
    },
    "Planning Time": 0.543,
    "Triggers": [],
    "Execution Time": 1565.26
  }
]