{
  "Plan": {
    "Node Type": "Aggregate",
    "Strategy": "Plain",
    "Partial Mode": "Finalize",
    "Parallel Aware": false,
    "Startup Cost": 81686.59,
    "Total Cost": 81686.6,
    "Plan Rows": 1,
    "Plan Width": 8,
    "Actual Startup Time": 310.273,
    "Actual Total Time": 324.047,
    "Actual Rows": 1,
    "Actual Loops": 1,
    "Plans": [
      {
        "Node Type": "Gather",
        "Parent Relationship": "Outer",
        "Parallel Aware": false,
        "Startup Cost": 81686.48,
        "Total Cost": 81686.59,
        "Plan Rows": 1,
        "Plan Width": 8,
        "Actual Startup Time": 310.152,
        "Actual Total Time": 324.039,
        "Actual Rows": 2,
        "Actual Loops": 1,
        "Workers Planned": 1,
        "Workers Launched": 1,
        "Single Copy": false,
        "Plans": [
          {
            "Node Type": "Aggregate",
            "Strategy": "Plain",
            "Partial Mode": "Partial",
            "Parent Relationship": "Outer",
            "Parallel Aware": false,
            "Startup Cost": 80686.48,
            "Total Cost": 80686.49,
            "Plan Rows": 1,
            "Plan Width": 8,
            "Actual Startup Time": 296.976,
            "Actual Total Time": 296.98,
            "Actual Rows": 1,
            "Actual Loops": 2,
            "Plans": [
              {
                "Node Type": "Hash Join",
                "Parent Relationship": "Outer",
                "Parallel Aware": true,
                "Join Type": "Inner",
                "Startup Cost": 54652.78,
                "Total Cost": 80686.27,
                "Plan Rows": 84,
                "Plan Width": 0,
                "Actual Startup Time": 178.022,
                "Actual Total Time": 296.96,
                "Actual Rows": 46,
                "Actual Loops": 2,
                "Inner Unique": true,
                "Hash Cond": "(ci.movie_id = t.id)",
                "Plans": [
                  {
                    "Node Type": "Index Scan",
                    "Parent Relationship": "Outer",
                    "Parallel Aware": true,
                    "Scan Direction": "Forward",
                    "Index Name": "role_id_cast_info",
                    "Relation Name": "cast_info",
                    "Alias": "ci",
                    "Startup Cost": 0.56,
                    "Total Cost": 25970.03,
                    "Plan Rows": 24388,
                    "Plan Width": 4,
                    "Actual Startup Time": 26.699,
                    "Actual Total Time": 142.773,
                    "Actual Rows": 14212,
                    "Actual Loops": 2,
                    "Index Cond": "(role_id = 6)",
                    "Rows Removed by Index Recheck": 0,
                    "Filter": "(person_id < 185187)",
                    "Rows Removed by Filter": 372625
                  },
                  {
                    "Node Type": "Hash",
                    "Parent Relationship": "Inner",
                    "Parallel Aware": true,
                    "Startup Cost": 54588.39,
                    "Total Cost": 54588.39,
                    "Plan Rows": 5106,
                    "Plan Width": 4,
                    "Actual Startup Time": 150.091,
                    "Actual Total Time": 150.093,
                    "Actual Rows": 4314,
                    "Actual Loops": 2,
                    "Hash Buckets": 16384,
                    "Original Hash Buckets": 16384,
                    "Hash Batches": 1,
                    "Original Hash Batches": 1,
                    "Peak Memory Usage": 512,
                    "Plans": [
                      {
                        "Node Type": "Seq Scan",
                        "Parent Relationship": "Outer",
                        "Parallel Aware": true,
                        "Relation Name": "title",
                        "Alias": "t",
                        "Startup Cost": 0.0,
                        "Total Cost": 54588.39,
                        "Plan Rows": 5106,
                        "Plan Width": 4,
                        "Actual Startup Time": 0.053,
                        "Actual Total Time": 147.976,
                        "Actual Rows": 4314,
                        "Actual Loops": 2,
                        "Filter": "(production_year = 1956)",
                        "Rows Removed by Filter": 1259842
                      }
                    ]
                  }
                ]
              }
            ]
          }
        ]
      }
    ]
  },
  "Planning Time": 0.496,
  "Triggers": [],
  "Execution Time": 324.131
}