[
  {
    "Plan": {
      "Node Type": "Aggregate",
      "Strategy": "Plain",
      "Partial Mode": "Finalize",
      "Parallel Aware": false,
      "Startup Cost": 407922.65,
      "Total Cost": 407922.66,
      "Plan Rows": 1,
      "Plan Width": 8,
      "Actual Startup Time": 1997.529,
      "Actual Total Time": 2066.614,
      "Actual Rows": 1,
      "Actual Loops": 1,
      "Plans": [
        {
          "Node Type": "Gather",
          "Parent Relationship": "Outer",
          "Parallel Aware": false,
          "Startup Cost": 407922.03,
          "Total Cost": 407922.64,
          "Plan Rows": 6,
          "Plan Width": 8,
          "Actual Startup Time": 1992.363,
          "Actual Total Time": 2066.6,
          "Actual Rows": 7,
          "Actual Loops": 1,
          "Workers Planned": 6,
          "Workers Launched": 6,
          "Single Copy": false,
          "Plans": [
            {
              "Node Type": "Aggregate",
              "Strategy": "Plain",
              "Partial Mode": "Partial",
              "Parent Relationship": "Outer",
              "Parallel Aware": false,
              "Startup Cost": 406922.03,
              "Total Cost": 406922.04,
              "Plan Rows": 1,
              "Plan Width": 8,
              "Actual Startup Time": 1979.11,
              "Actual Total Time": 1979.115,
              "Actual Rows": 1,
              "Actual Loops": 7,
              "Plans": [
                {
                  "Node Type": "Hash Join",
                  "Parent Relationship": "Outer",
                  "Parallel Aware": true,
                  "Join Type": "Inner",
                  "Startup Cost": 49931.02,
                  "Total Cost": 401140.04,
                  "Plan Rows": 2312794,
                  "Plan Width": 0,
                  "Actual Startup Time": 251.884,
                  "Actual Total Time": 1892.273,
                  "Actual Rows": 2015427,
                  "Actual Loops": 7,
                  "Inner Unique": true,
                  "Hash Cond": "(ci.movie_id = t.id)",
                  "Plans": [
                    {
                      "Node Type": "Seq Scan",
                      "Parent Relationship": "Outer",
                      "Parallel Aware": true,
                      "Relation Name": "cast_info",
                      "Alias": "ci",
                      "Startup Cost": 0.0,
                      "Total Cost": 343257.03,
                      "Plan Rows": 3029327,
                      "Plan Width": 4,
                      "Actual Startup Time": 34.777,
                      "Actual Total Time": 676.717,
                      "Actual Rows": 2555643,
                      "Actual Loops": 7,
                      "Filter": "((person_id > 300696) AND (role_id < 3))",
                      "Rows Removed by Filter": 2622120
                    },
                    {
                      "Node Type": "Hash",
                      "Parent Relationship": "Inner",
                      "Parallel Aware": true,
                      "Startup Cost": 43898.92,
                      "Total Cost": 43898.92,
                      "Plan Rows": 482568,
                      "Plan Width": 4,
                      "Actual Startup Time": 212.319,
                      "Actual Total Time": 212.32,
                      "Actual Rows": 274004,
                      "Actual Loops": 7,
                      "Hash Buckets": 2097152,
                      "Original Hash Buckets": 2097152,
                      "Hash Batches": 1,
                      "Original Hash Batches": 1,
                      "Peak Memory Usage": 91552,
                      "Plans": [
                        {
                          "Node Type": "Seq Scan",
                          "Parent Relationship": "Outer",
                          "Parallel Aware": true,
                          "Relation Name": "title",
                          "Alias": "t",
                          "Startup Cost": 0.0,
                          "Total Cost": 43898.92,
                          "Plan Rows": 482568,
                          "Plan Width": 4,
                          "Actual Startup Time": 0.039,
                          "Actual Total Time": 81.516,
                          "Actual Rows": 274004,
                          "Actual Loops": 7,
                          "Filter": "(production_year > 1981)",
                          "Rows Removed by Filter": 87183
                        }
                      ]
                    }
                  ]
                }
              ]
            }
          ]
        }
      ]
    },
    "Planning Time": 0.622,
    "Triggers": [],
    "Execution Time": 2066.756
  }
]