{
  "Plan": {
    "Node Type": "Aggregate",
    "Strategy": "Plain",
    "Partial Mode": "Finalize",
    "Parallel Aware": false,
    "Startup Cost": 201550.14,
    "Total Cost": 201550.15,
    "Plan Rows": 1,
    "Plan Width": 8,
    "Actual Startup Time": 723.682,
    "Actual Total Time": 741.934,
    "Actual Rows": 1,
    "Actual Loops": 1,
    "Plans": [
      {
        "Node Type": "Gather",
        "Parent Relationship": "Outer",
        "Parallel Aware": false,
        "Startup Cost": 201550.03,
        "Total Cost": 201550.14,
        "Plan Rows": 1,
        "Plan Width": 8,
        "Actual Startup Time": 718.933,
        "Actual Total Time": 741.924,
        "Actual Rows": 2,
        "Actual Loops": 1,
        "Workers Planned": 1,
        "Workers Launched": 1,
        "Single Copy": false,
        "Plans": [
          {
            "Node Type": "Aggregate",
            "Strategy": "Plain",
            "Partial Mode": "Partial",
            "Parent Relationship": "Outer",
            "Parallel Aware": false,
            "Startup Cost": 200550.03,
            "Total Cost": 200550.04,
            "Plan Rows": 1,
            "Plan Width": 8,
            "Actual Startup Time": 712.944,
            "Actual Total Time": 712.95,
            "Actual Rows": 1,
            "Actual Loops": 2,
            "Plans": [
              {
                "Node Type": "Hash Join",
                "Parent Relationship": "Outer",
                "Parallel Aware": true,
                "Join Type": "Inner",
                "Startup Cost": 159455.46,
                "Total Cost": 200464.55,
                "Plan Rows": 34189,
                "Plan Width": 0,
                "Actual Startup Time": 524.786,
                "Actual Total Time": 707.052,
                "Actual Rows": 139259,
                "Actual Loops": 2,
                "Inner Unique": false,
                "Hash Cond": "(mc.movie_id = t.id)",
                "Plans": [
                  {
                    "Node Type": "Seq Scan",
                    "Parent Relationship": "Outer",
                    "Parallel Aware": true,
                    "Relation Name": "movie_companies",
                    "Alias": "mc",
                    "Startup Cost": 0.0,
                    "Total Cost": 37974.77,
                    "Plan Rows": 755522,
                    "Plan Width": 4,
                    "Actual Startup Time": 0.025,
                    "Actual Total Time": 113.525,
                    "Actual Rows": 637123,
                    "Actual Loops": 2,
                    "Filter": "(company_type_id < 2)",
                    "Rows Removed by Filter": 667442
                  },
                  {
                    "Node Type": "Hash",
                    "Parent Relationship": "Inner",
                    "Parallel Aware": true,
                    "Startup Cost": 158614.2,
                    "Total Cost": 158614.2,
                    "Plan Rows": 67301,
                    "Plan Width": 8,
                    "Actual Startup Time": 522.323,
                    "Actual Total Time": 522.326,
                    "Actual Rows": 69992,
                    "Actual Loops": 2,
                    "Hash Buckets": 262144,
                    "Original Hash Buckets": 131072,
                    "Hash Batches": 1,
                    "Original Hash Batches": 1,
                    "Peak Memory Usage": 8576,
                    "Plans": [
                      {
                        "Node Type": "Merge Join",
                        "Parent Relationship": "Outer",
                        "Parallel Aware": false,
                        "Join Type": "Inner",
                        "Startup Cost": 153798.6,
                        "Total Cost": 158614.2,
                        "Plan Rows": 67301,
                        "Plan Width": 8,
                        "Actual Startup Time": 396.533,
                        "Actual Total Time": 498.983,
                        "Actual Rows": 69992,
                        "Actual Loops": 2,
                        "Inner Unique": false,
                        "Merge Cond": "(t.id = mi_idx.movie_id)",
                        "Plans": [
                          {
                            "Node Type": "Sort",
                            "Parent Relationship": "Outer",
                            "Parallel Aware": false,
                            "Startup Cost": 89234.54,
                            "Total Cost": 90170.23,
                            "Plan Rows": 374275,
                            "Plan Width": 4,
                            "Actual Startup Time": 233.348,
                            "Actual Total Time": 266.675,
                            "Actual Rows": 321228,
                            "Actual Loops": 2,
                            "Sort Key": [
                              "t.id"
                            ],
                            "Sort Method": "quicksort",
                            "Sort Space Used": 28504,
                            "Sort Space Type": "Memory",
                            "Workers": [
                              {
                                "Worker Number": 0,
                                "Sort Method": "quicksort",
                                "Sort Space Used": 26212,
                                "Sort Space Type": "Memory"
                              }
                            ],
                            "Plans": [
                              {
                                "Node Type": "Seq Scan",
                                "Parent Relationship": "Outer",
                                "Parallel Aware": true,
                                "Relation Name": "title",
                                "Alias": "t",
                                "Startup Cost": 0.0,
                                "Total Cost": 54588.39,
                                "Plan Rows": 374275,
                                "Plan Width": 4,
                                "Actual Startup Time": 0.038,
                                "Actual Total Time": 150.79,
                                "Actual Rows": 321486,
                                "Actual Loops": 2,
                                "Filter": "(production_year < 1988)",
                                "Rows Removed by Filter": 942670
                              }
                            ]
                          },
                          {
                            "Node Type": "Sort",
                            "Parent Relationship": "Inner",
                            "Parallel Aware": false,
                            "Startup Cost": 64564.02,
                            "Total Cost": 65700.6,
                            "Plan Rows": 454630,
                            "Plan Width": 4,
                            "Actual Startup Time": 163.168,
                            "Actual Total Time": 179.865,
                            "Actual Rows": 459925,
                            "Actual Loops": 2,
                            "Sort Key": [
                              "mi_idx.movie_id"
                            ],
                            "Sort Method": "quicksort",
                            "Sort Space Used": 33847,
                            "Sort Space Type": "Memory",
                            "Workers": [
                              {
                                "Worker Number": 0,
                                "Sort Method": "quicksort",
                                "Sort Space Used": 33847,
                                "Sort Space Type": "Memory"
                              }
                            ],
                            "Plans": [
                              {
                                "Node Type": "Bitmap Heap Scan",
                                "Parent Relationship": "Outer",
                                "Parallel Aware": false,
                                "Relation Name": "movie_info_idx",
                                "Alias": "mi_idx",
                                "Startup Cost": 8223.81,
                                "Total Cost": 21841.68,
                                "Plan Rows": 454630,
                                "Plan Width": 4,
                                "Actual Startup Time": 16.692,
                                "Actual Total Time": 72.612,
                                "Actual Rows": 459925,
                                "Actual Loops": 2,
                                "Recheck Cond": "(info_type_id < 100)",
                                "Rows Removed by Index Recheck": 0,
                                "Exact Heap Blocks": 7934,
                                "Lossy Heap Blocks": 0,
                                "Plans": [
                                  {
                                    "Node Type": "Bitmap Index Scan",
                                    "Parent Relationship": "Outer",
                                    "Parallel Aware": false,
                                    "Index Name": "info_type_id_movie_info_idx",
                                    "Startup Cost": 0.0,
                                    "Total Cost": 8110.15,
                                    "Plan Rows": 454630,
                                    "Plan Width": 0,
                                    "Actual Startup Time": 15.76,
                                    "Actual Total Time": 15.76,
                                    "Actual Rows": 459925,
                                    "Actual Loops": 2,
                                    "Index Cond": "(info_type_id < 100)"
                                  }
                                ]
                              }
                            ]
                          }
                        ]
                      }
                    ]
                  }
                ]
              }
            ]
          }
        ]
      }
    ]
  },
  "Planning Time": 0.961,
  "Triggers": [],
  "Execution Time": 748.909
}