[
  {
    "Plan": {
      "Node Type": "Aggregate",
      "Strategy": "Plain",
      "Partial Mode": "Finalize",
      "Parallel Aware": false,
      "Startup Cost": 32966.4,
      "Total Cost": 32966.41,
      "Plan Rows": 1,
      "Plan Width": 8,
      "Actual Startup Time": 74.476,
      "Actual Total Time": 82.722,
      "Actual Rows": 1,
      "Actual Loops": 1,
      "Plans": [
        {
          "Node Type": "Gather",
          "Parent Relationship": "Outer",
          "Parallel Aware": false,
          "Startup Cost": 32966.08,
          "Total Cost": 32966.39,
          "Plan Rows": 3,
          "Plan Width": 8,
          "Actual Startup Time": 74.323,
          "Actual Total Time": 82.714,
          "Actual Rows": 4,
          "Actual Loops": 1,
          "Workers Planned": 3,
          "Workers Launched": 3,
          "Single Copy": false,
          "Plans": [
            {
              "Node Type": "Aggregate",
              "Strategy": "Plain",
              "Partial Mode": "Partial",
              "Parent Relationship": "Outer",
              "Parallel Aware": false,
              "Startup Cost": 31966.08,
              "Total Cost": 31966.09,
              "Plan Rows": 1,
              "Plan Width": 8,
              "Actual Startup Time": 70.981,
              "Actual Total Time": 70.983,
              "Actual Rows": 1,
              "Actual Loops": 4,
              "Plans": [
                {
                  "Node Type": "Seq Scan",
                  "Parent Relationship": "Outer",
                  "Parallel Aware": true,
                  "Relation Name": "movie_companies",
                  "Alias": "mc",
                  "Startup Cost": 0.0,
                  "Total Cost": 31414.82,
                  "Plan Rows": 220504,
                  "Plan Width": 0,
                  "Actual Startup Time": 12.326,
                  "Actual Total Time": 66.245,
                  "Actual Rows": 113592,
                  "Actual Loops": 4,
                  "Filter": "((company_id > 11137) AND (company_type_id = 1))",
                  "Rows Removed by Filter": 538690
                }
              ]
            }
          ]
        }
      ]
    },
    "Planning Time": 0.101,
    "Triggers": [],
    "Execution Time": 82.753
  }
]