[
  {
    "Plan": {
      "Node Type": "Aggregate",
      "Strategy": "Plain",
      "Partial Mode": "Finalize",
      "Parallel Aware": false,
      "Startup Cost": 32962.73,
      "Total Cost": 32962.74,
      "Plan Rows": 1,
      "Plan Width": 8,
      "Actual Startup Time": 93.762,
      "Actual Total Time": 101.773,
      "Actual Rows": 1,
      "Actual Loops": 1,
      "Plans": [
        {
          "Node Type": "Gather",
          "Parent Relationship": "Outer",
          "Parallel Aware": false,
          "Startup Cost": 32962.41,
          "Total Cost": 32962.72,
          "Plan Rows": 3,
          "Plan Width": 8,
          "Actual Startup Time": 93.66,
          "Actual Total Time": 101.764,
          "Actual Rows": 4,
          "Actual Loops": 1,
          "Workers Planned": 3,
          "Workers Launched": 3,
          "Single Copy": false,
          "Plans": [
            {
              "Node Type": "Aggregate",
              "Strategy": "Plain",
              "Partial Mode": "Partial",
              "Parent Relationship": "Outer",
              "Parallel Aware": false,
              "Startup Cost": 31962.41,
              "Total Cost": 31962.42,
              "Plan Rows": 1,
              "Plan Width": 8,
              "Actual Startup Time": 85.693,
              "Actual Total Time": 85.694,
              "Actual Rows": 1,
              "Actual Loops": 4,
              "Plans": [
                {
                  "Node Type": "Seq Scan",
                  "Parent Relationship": "Outer",
                  "Parallel Aware": true,
                  "Relation Name": "movie_companies",
                  "Alias": "mc",
                  "Startup Cost": 0.0,
                  "Total Cost": 31414.82,
                  "Plan Rows": 219037,
                  "Plan Width": 0,
                  "Actual Startup Time": 23.664,
                  "Actual Total Time": 80.117,
                  "Actual Rows": 113592,
                  "Actual Loops": 4,
                  "Filter": "((company_id > 11137) AND (company_type_id = 1))",
                  "Rows Removed by Filter": 538690
                }
              ]
            }
          ]
        }
      ]
    },
    "Planning Time": 0.249,
    "Triggers": [],
    "Execution Time": 101.838
  }
]