[
  {
    "Plan": {
      "Node Type": "Aggregate",
      "Strategy": "Plain",
      "Partial Mode": "Finalize",
      "Parallel Aware": false,
      "Startup Cost": 376487.11,
      "Total Cost": 376487.12,
      "Plan Rows": 1,
      "Plan Width": 8,
      "Actual Startup Time": 1696.282,
      "Actual Total Time": 1775.006,
      "Actual Rows": 1,
      "Actual Loops": 1,
      "Plans": [
        {
          "Node Type": "Gather",
          "Parent Relationship": "Outer",
          "Parallel Aware": false,
          "Startup Cost": 376486.48,
          "Total Cost": 376487.09,
          "Plan Rows": 6,
          "Plan Width": 8,
          "Actual Startup Time": 1694.629,
          "Actual Total Time": 1774.991,
          "Actual Rows": 7,
          "Actual Loops": 1,
          "Workers Planned": 6,
          "Workers Launched": 6,
          "Single Copy": false,
          "Plans": [
            {
              "Node Type": "Aggregate",
              "Strategy": "Plain",
              "Partial Mode": "Partial",
              "Parent Relationship": "Outer",
              "Parallel Aware": false,
              "Startup Cost": 375486.48,
              "Total Cost": 375486.49,
              "Plan Rows": 1,
              "Plan Width": 8,
              "Actual Startup Time": 1684.599,
              "Actual Total Time": 1684.634,
              "Actual Rows": 1,
              "Actual Loops": 7,
              "Plans": [
                {
                  "Node Type": "Hash Join",
                  "Parent Relationship": "Outer",
                  "Parallel Aware": true,
                  "Join Type": "Inner",
                  "Startup Cost": 45836.85,
                  "Total Cost": 374803.51,
                  "Plan Rows": 273190,
                  "Plan Width": 0,
                  "Actual Startup Time": 109.997,
                  "Actual Total Time": 1663.907,
                  "Actual Rows": 346729,
                  "Actual Loops": 7,
                  "Inner Unique": true,
                  "Hash Cond": "(ci.movie_id = t.id)",
                  "Plans": [
                    {
                      "Node Type": "Seq Scan",
                      "Parent Relationship": "Outer",
                      "Parallel Aware": true,
                      "Relation Name": "cast_info",
                      "Alias": "ci",
                      "Startup Cost": 0.0,
                      "Total Cost": 313106.51,
                      "Plan Rows": 6041951,
                      "Plan Width": 4,
                      "Actual Startup Time": 0.022,
                      "Actual Total Time": 620.874,
                      "Actual Rows": 5177763,
                      "Actual Loops": 7
                    },
                    {
                      "Node Type": "Hash",
                      "Parent Relationship": "Inner",
                      "Parallel Aware": true,
                      "Startup Cost": 45479.59,
                      "Total Cost": 45479.59,
                      "Plan Rows": 28581,
                      "Plan Width": 4,
                      "Actual Startup Time": 108.176,
                      "Actual Total Time": 108.177,
                      "Actual Rows": 31803,
                      "Actual Loops": 7,
                      "Hash Buckets": 262144,
                      "Original Hash Buckets": 131072,
                      "Hash Batches": 1,
                      "Original Hash Batches": 1,
                      "Peak Memory Usage": 11904,
                      "Plans": [
                        {
                          "Node Type": "Seq Scan",
                          "Parent Relationship": "Outer",
                          "Parallel Aware": true,
                          "Relation Name": "title",
                          "Alias": "t",
                          "Startup Cost": 0.0,
                          "Total Cost": 45479.59,
                          "Plan Rows": 28581,
                          "Plan Width": 4,
                          "Actual Startup Time": 0.366,
                          "Actual Total Time": 86.995,
                          "Actual Rows": 31803,
                          "Actual Loops": 7,
                          "Filter": "((kind_id < 7) AND (production_year < 1966))",
                          "Rows Removed by Filter": 329385
                        }
                      ]
                    }
                  ]
                }
              ]
            }
          ]
        }
      ]
    },
    "Planning Time": 0.634,
    "Triggers": [],
    "Execution Time": 1775.097
  }
]