[
  {
    "Plan": {
      "Node Type": "Aggregate",
      "Strategy": "Plain",
      "Partial Mode": "Finalize",
      "Parallel Aware": false,
      "Startup Cost": 30817.96,
      "Total Cost": 30817.97,
      "Plan Rows": 1,
      "Plan Width": 8,
      "Actual Startup Time": 86.229,
      "Actual Total Time": 91.4,
      "Actual Rows": 1,
      "Actual Loops": 1,
      "Plans": [
        {
          "Node Type": "Gather",
          "Parent Relationship": "Outer",
          "Parallel Aware": false,
          "Startup Cost": 30817.64,
          "Total Cost": 30817.95,
          "Plan Rows": 3,
          "Plan Width": 8,
          "Actual Startup Time": 86.069,
          "Actual Total Time": 91.39,
          "Actual Rows": 4,
          "Actual Loops": 1,
          "Workers Planned": 3,
          "Workers Launched": 3,
          "Single Copy": false,
          "Plans": [
            {
              "Node Type": "Aggregate",
              "Strategy": "Plain",
              "Partial Mode": "Partial",
              "Parent Relationship": "Outer",
              "Parallel Aware": false,
              "Startup Cost": 29817.64,
              "Total Cost": 29817.65,
              "Plan Rows": 1,
              "Plan Width": 8,
              "Actual Startup Time": 77.932,
              "Actual Total Time": 77.933,
              "Actual Rows": 1,
              "Actual Loops": 4,
              "Plans": [
                {
                  "Node Type": "Seq Scan",
                  "Parent Relationship": "Outer",
                  "Parallel Aware": true,
                  "Relation Name": "movie_companies",
                  "Alias": "mc",
                  "Startup Cost": 0.0,
                  "Total Cost": 29310.68,
                  "Plan Rows": 202784,
                  "Plan Width": 0,
                  "Actual Startup Time": 35.872,
                  "Actual Total Time": 71.372,
                  "Actual Rows": 156003,
                  "Actual Loops": 4,
                  "Filter": "(company_id > 61312)",
                  "Rows Removed by Filter": 496280
                }
              ]
            }
          ]
        }
      ]
    },
    "Planning Time": 0.066,
    "Triggers": [],
    "Execution Time": 91.427
  }
]