{
  "Plan": {
    "Node Type": "Aggregate",
    "Strategy": "Plain",
    "Partial Mode": "Finalize",
    "Parallel Aware": false,
    "Startup Cost": 1059804.34,
    "Total Cost": 1059804.35,
    "Plan Rows": 1,
    "Plan Width": 8,
    "Actual Startup Time": 11100.81,
    "Actual Total Time": 11165.218,
    "Actual Rows": 1,
    "Actual Loops": 1,
    "Plans": [
      {
        "Node Type": "Gather",
        "Parent Relationship": "Outer",
        "Parallel Aware": false,
        "Startup Cost": 1059804.23,
        "Total Cost": 1059804.34,
        "Plan Rows": 1,
        "Plan Width": 8,
        "Actual Startup Time": 11076.991,
        "Actual Total Time": 11165.211,
        "Actual Rows": 2,
        "Actual Loops": 1,
        "Workers Planned": 1,
        "Workers Launched": 1,
        "Single Copy": false,
        "Plans": [
          {
            "Node Type": "Aggregate",
            "Strategy": "Plain",
            "Partial Mode": "Partial",
            "Parent Relationship": "Outer",
            "Parallel Aware": false,
            "Startup Cost": 1058804.23,
            "Total Cost": 1058804.24,
            "Plan Rows": 1,
            "Plan Width": 8,
            "Actual Startup Time": 11071.107,
            "Actual Total Time": 11071.111,
            "Actual Rows": 1,
            "Actual Loops": 2,
            "Plans": [
              {
                "Node Type": "Merge Join",
                "Parent Relationship": "Outer",
                "Parallel Aware": false,
                "Join Type": "Inner",
                "Startup Cost": 830219.96,
                "Total Cost": 1049748.38,
                "Plan Rows": 3622341,
                "Plan Width": 0,
                "Actual Startup Time": 5794.176,
                "Actual Total Time": 9909.815,
                "Actual Rows": 27615704,
                "Actual Loops": 2,
                "Inner Unique": false,
                "Merge Cond": "(mk.movie_id = t.id)",
                "Plans": [
                  {
                    "Node Type": "Index Only Scan",
                    "Parent Relationship": "Outer",
                    "Parallel Aware": true,
                    "Scan Direction": "Forward",
                    "Index Name": "movie_id_movie_keyword",
                    "Relation Name": "movie_keyword",
                    "Alias": "mk",
                    "Startup Cost": 0.43,
                    "Total Cost": 158560.11,
                    "Plan Rows": 2661135,
                    "Plan Width": 4,
                    "Actual Startup Time": 0.099,
                    "Actual Total Time": 418.72,
                    "Actual Rows": 2261965,
                    "Actual Loops": 2,
                    "Heap Fetches": 4523930
                  },
                  {
                    "Node Type": "Sort",
                    "Parent Relationship": "Inner",
                    "Parallel Aware": false,
                    "Startup Cost": 830217.59,
                    "Total Cost": 838821.38,
                    "Plan Rows": 3441516,
                    "Plan Width": 8,
                    "Actual Startup Time": 5794.016,
                    "Actual Total Time": 6864.686,
                    "Actual Rows": 31471346,
                    "Actual Loops": 2,
                    "Sort Key": [
                      "mi.movie_id"
                    ],
                    "Sort Method": "quicksort",
                    "Sort Space Used": 429420,
                    "Sort Space Type": "Memory",
                    "Workers": [
                      {
                        "Worker Number": 0,
                        "Sort Method": "quicksort",
                        "Sort Space Used": 429420,
                        "Sort Space Type": "Memory"
                      }
                    ],
                    "Plans": [
                      {
                        "Node Type": "Hash Join",
                        "Parent Relationship": "Outer",
                        "Parallel Aware": false,
                        "Join Type": "Inner",
                        "Startup Cost": 76073.98,
                        "Total Cost": 456561.65,
                        "Plan Rows": 3441516,
                        "Plan Width": 8,
                        "Actual Startup Time": 419.728,
                        "Actual Total Time": 4725.778,
                        "Actual Rows": 4966642,
                        "Actual Loops": 2,
                        "Inner Unique": true,
                        "Hash Cond": "(mi.movie_id = t.id)",
                        "Plans": [
                          {
                            "Node Type": "Seq Scan",
                            "Parent Relationship": "Outer",
                            "Parallel Aware": false,
                            "Relation Name": "movie_info",
                            "Alias": "mi",
                            "Startup Cost": 0.0,
                            "Total Cost": 346788.81,
                            "Plan Rows": 12837642,
                            "Plan Width": 4,
                            "Actual Startup Time": 0.041,
                            "Actual Total Time": 1503.602,
                            "Actual Rows": 12970088,
                            "Actual Loops": 2,
                            "Filter": "(info_type_id < 18)",
                            "Rows Removed by Filter": 1865632
                          },
                          {
                            "Node Type": "Hash",
                            "Parent Relationship": "Inner",
                            "Parallel Aware": false,
                            "Startup Cost": 67601.66,
                            "Total Cost": 67601.66,
                            "Plan Rows": 677785,
                            "Plan Width": 4,
                            "Actual Startup Time": 408.136,
                            "Actual Total Time": 408.138,
                            "Actual Rows": 684146,
                            "Actual Loops": 2,
                            "Hash Buckets": 1048576,
                            "Original Hash Buckets": 1048576,
                            "Hash Batches": 1,
                            "Original Hash Batches": 1,
                            "Peak Memory Usage": 32245,
                            "Plans": [
                              {
                                "Node Type": "Seq Scan",
                                "Parent Relationship": "Outer",
                                "Parallel Aware": false,
                                "Relation Name": "title",
                                "Alias": "t",
                                "Startup Cost": 0.0,
                                "Total Cost": 67601.66,
                                "Plan Rows": 677785,
                                "Plan Width": 4,
                                "Actual Startup Time": 0.03,
                                "Actual Total Time": 252.877,
                                "Actual Rows": 684146,
                                "Actual Loops": 2,
                                "Filter": "(production_year < 1990)",
                                "Rows Removed by Filter": 1844166
                              }
                            ]
                          }
                        ]
                      }
                    ]
                  }
                ]
              }
            ]
          }
        ]
      }
    ]
  },
  "Planning Time": 0.987,
  "Triggers": [],
  "Execution Time": 11202.058
}