[
  {
    "Plan": {
      "Node Type": "Aggregate",
      "Strategy": "Plain",
      "Partial Mode": "Simple",
      "Parallel Aware": false,
      "Startup Cost": 19386.87,
      "Total Cost": 19386.88,
      "Plan Rows": 1,
      "Plan Width": 8,
      "Actual Startup Time": 11.216,
      "Actual Total Time": 11.219,
      "Actual Rows": 1,
      "Actual Loops": 1,
      "Plans": [
        {
          "Node Type": "Bitmap Heap Scan",
          "Parent Relationship": "Outer",
          "Parallel Aware": false,
          "Relation Name": "movie_companies",
          "Alias": "mc",
          "Startup Cost": 342.56,
          "Total Cost": 19347.47,
          "Plan Rows": 15759,
          "Plan Width": 0,
          "Actual Startup Time": 1.551,
          "Actual Total Time": 8.917,
          "Actual Rows": 14421,
          "Actual Loops": 1,
          "Recheck Cond": "(company_id > 221369)",
          "Rows Removed by Index Recheck": 0,
          "Exact Heap Blocks": 640,
          "Lossy Heap Blocks": 0,
          "Plans": [
            {
              "Node Type": "Bitmap Index Scan",
              "Parent Relationship": "Outer",
              "Parallel Aware": false,
              "Index Name": "company_id_movie_companies",
              "Startup Cost": 0.0,
              "Total Cost": 338.62,
              "Plan Rows": 15759,
              "Plan Width": 0,
              "Actual Startup Time": 1.357,
              "Actual Total Time": 1.357,
              "Actual Rows": 14421,
              "Actual Loops": 1,
              "Index Cond": "(company_id > 221369)"
            }
          ]
        }
      ]
    },
    "Planning Time": 0.205,
    "Triggers": [],
    "Execution Time": 11.273
  }
]