{
    "Plan": {
        "Node Type": "Aggregate",
        "Strategy": "Plain",
        "Partial Mode": "Finalize",
        "Parallel Aware": false,
        "Startup Cost": 387084.59,
        "Total Cost": 387084.6,
        "Plan Rows": 1,
        "Plan Width": 8,
        "Actual Startup Time": 1610.472,
        "Actual Total Time": 1660.384,
        "Actual Rows": 1,
        "Actual Loops": 1,
        "Output": [
            "count(*)"
        ],
        "Plans": [
            {
                "Node Type": "Gather",
                "Parent Relationship": "Outer",
                "Parallel Aware": false,
                "Startup Cost": 387083.96,
                "Total Cost": 387084.57,
                "Plan Rows": 6,
                "Plan Width": 8,
                "Actual Startup Time": 1605.559,
                "Actual Total Time": 1660.374,
                "Actual Rows": 7,
                "Actual Loops": 1,
                "Output": [
                    "(PARTIAL count(*))"
                ],
                "Workers Planned": 6,
                "Workers Launched": 6,
                "Single Copy": false,
                "Plans": [
                    {
                        "Node Type": "Aggregate",
                        "Strategy": "Plain",
                        "Partial Mode": "Partial",
                        "Parent Relationship": "Outer",
                        "Parallel Aware": false,
                        "Startup Cost": 386083.96,
                        "Total Cost": 386083.97,
                        "Plan Rows": 1,
                        "Plan Width": 8,
                        "Actual Startup Time": 1594.772,
                        "Actual Total Time": 1594.775,
                        "Actual Rows": 1,
                        "Actual Loops": 7,
                        "Output": [
                            "PARTIAL count(*)"
                        ],
                        "Workers": [
                            {
                                "Worker Number": 0,
                                "Actual Startup Time": 1591.945,
                                "Actual Total Time": 1591.949,
                                "Actual Rows": 1,
                                "Actual Loops": 1
                            },
                            {
                                "Worker Number": 1,
                                "Actual Startup Time": 1592.265,
                                "Actual Total Time": 1592.269,
                                "Actual Rows": 1,
                                "Actual Loops": 1
                            },
                            {
                                "Worker Number": 2,
                                "Actual Startup Time": 1593.382,
                                "Actual Total Time": 1593.386,
                                "Actual Rows": 1,
                                "Actual Loops": 1
                            },
                            {
                                "Worker Number": 3,
                                "Actual Startup Time": 1593.703,
                                "Actual Total Time": 1593.705,
                                "Actual Rows": 1,
                                "Actual Loops": 1
                            },
                            {
                                "Worker Number": 4,
                                "Actual Startup Time": 1593.738,
                                "Actual Total Time": 1593.742,
                                "Actual Rows": 1,
                                "Actual Loops": 1
                            },
                            {
                                "Worker Number": 5,
                                "Actual Startup Time": 1593.714,
                                "Actual Total Time": 1593.718,
                                "Actual Rows": 1,
                                "Actual Loops": 1
                            }
                        ],
                        "Plans": [
                            {
                                "Node Type": "Hash Join",
                                "Parent Relationship": "Outer",
                                "Parallel Aware": true,
                                "Join Type": "Inner",
                                "Startup Cost": 47189.67,
                                "Total Cost": 384258.27,
                                "Plan Rows": 730278,
                                "Plan Width": 0,
                                "Actual Startup Time": 131.214,
                                "Actual Total Time": 1557.9,
                                "Actual Rows": 696046,
                                "Actual Loops": 7,
                                "Inner Unique": true,
                                "Hash Cond": "(ci.movie_id = t.id)",
                                "Workers": [
                                    {
                                        "Worker Number": 0,
                                        "Actual Startup Time": 128.52,
                                        "Actual Total Time": 1555.909,
                                        "Actual Rows": 544793,
                                        "Actual Loops": 1
                                    },
                                    {
                                        "Worker Number": 1,
                                        "Actual Startup Time": 128.876,
                                        "Actual Total Time": 1554.029,
                                        "Actual Rows": 569400,
                                        "Actual Loops": 1
                                    },
                                    {
                                        "Worker Number": 2,
                                        "Actual Startup Time": 129.203,
                                        "Actual Total Time": 1556.518,
                                        "Actual Rows": 552769,
                                        "Actual Loops": 1
                                    },
                                    {
                                        "Worker Number": 3,
                                        "Actual Startup Time": 130.264,
                                        "Actual Total Time": 1559.701,
                                        "Actual Rows": 834587,
                                        "Actual Loops": 1
                                    },
                                    {
                                        "Worker Number": 4,
                                        "Actual Startup Time": 130.176,
                                        "Actual Total Time": 1559.926,
                                        "Actual Rows": 827575,
                                        "Actual Loops": 1
                                    },
                                    {
                                        "Worker Number": 5,
                                        "Actual Startup Time": 130.232,
                                        "Actual Total Time": 1554.448,
                                        "Actual Rows": 594252,
                                        "Actual Loops": 1
                                    }
                                ],
                                "Plans": [
                                    {
                                        "Node Type": "Seq Scan",
                                        "Parent Relationship": "Outer",
                                        "Parallel Aware": true,
                                        "Relation Name": "cast_info",
                                        "Schema": "public",
                                        "Alias": "ci",
                                        "Startup Cost": 0.0,
                                        "Total Cost": 328213.62,
                                        "Plan Rows": 3373321,
                                        "Plan Width": 4,
                                        "Actual Startup Time": 0.047,
                                        "Actual Total Time": 739.54,
                                        "Actual Rows": 2874666,
                                        "Actual Loops": 7,
                                        "Output": [
                                            "ci.id",
                                            "ci.person_id",
                                            "ci.movie_id",
                                            "ci.person_role_id",
                                            "ci.note",
                                            "ci.nr_order",
                                            "ci.role_id"
                                        ],
                                        "Filter": "(ci.role_id < 3)",
                                        "Rows Removed by Filter": 2303098,
                                        "Workers": [
                                            {
                                                "Worker Number": 0,
                                                "Actual Startup Time": 0.057,
                                                "Actual Total Time": 747.683,
                                                "Actual Rows": 2260412,
                                                "Actual Loops": 1
                                            },
                                            {
                                                "Worker Number": 1,
                                                "Actual Startup Time": 0.077,
                                                "Actual Total Time": 761.009,
                                                "Actual Rows": 2365653,
                                                "Actual Loops": 1
                                            },
                                            {
                                                "Worker Number": 2,
                                                "Actual Startup Time": 0.046,
                                                "Actual Total Time": 747.856,
                                                "Actual Rows": 2252077,
                                                "Actual Loops": 1
                                            },
                                            {
                                                "Worker Number": 3,
                                                "Actual Startup Time": 0.04,
                                                "Actual Total Time": 735.142,
                                                "Actual Rows": 3459418,
                                                "Actual Loops": 1
                                            },
                                            {
                                                "Worker Number": 4,
                                                "Actual Startup Time": 0.039,
                                                "Actual Total Time": 734.44,
                                                "Actual Rows": 3433832,
                                                "Actual Loops": 1
                                            },
                                            {
                                                "Worker Number": 5,
                                                "Actual Startup Time": 0.053,
                                                "Actual Total Time": 764.101,
                                                "Actual Rows": 2440612,
                                                "Actual Loops": 1
                                            }
                                        ]
                                    },
                                    {
                                        "Node Type": "Hash",
                                        "Parent Relationship": "Inner",
                                        "Parallel Aware": true,
                                        "Startup Cost": 45479.21,
                                        "Total Cost": 45479.21,
                                        "Plan Rows": 136837,
                                        "Plan Width": 4,
                                        "Actual Startup Time": 127.63,
                                        "Actual Total Time": 127.631,
                                        "Actual Rows": 86058,
                                        "Actual Loops": 7,
                                        "Output": [
                                            "t.id"
                                        ],
                                        "Hash Buckets": 1048576,
                                        "Original Hash Buckets": 1048576,
                                        "Hash Batches": 1,
                                        "Original Hash Batches": 1,
                                        "Peak Memory Usage": 31840,
                                        "Workers": [
                                            {
                                                "Worker Number": 0,
                                                "Actual Startup Time": 127.518,
                                                "Actual Total Time": 127.52,
                                                "Actual Rows": 61628,
                                                "Actual Loops": 1
                                            },
                                            {
                                                "Worker Number": 1,
                                                "Actual Startup Time": 127.791,
                                                "Actual Total Time": 127.793,
                                                "Actual Rows": 64729,
                                                "Actual Loops": 1
                                            },
                                            {
                                                "Worker Number": 2,
                                                "Actual Startup Time": 128.267,
                                                "Actual Total Time": 128.269,
                                                "Actual Rows": 65204,
                                                "Actual Loops": 1
                                            },
                                            {
                                                "Worker Number": 3,
                                                "Actual Startup Time": 129.359,
                                                "Actual Total Time": 129.36,
                                                "Actual Rows": 93885,
                                                "Actual Loops": 1
                                            },
                                            {
                                                "Worker Number": 4,
                                                "Actual Startup Time": 129.426,
                                                "Actual Total Time": 129.428,
                                                "Actual Rows": 93220,
                                                "Actual Loops": 1
                                            },
                                            {
                                                "Worker Number": 5,
                                                "Actual Startup Time": 129.393,
                                                "Actual Total Time": 129.394,
                                                "Actual Rows": 71139,
                                                "Actual Loops": 1
                                            }
                                        ],
                                        "Plans": [
                                            {
                                                "Node Type": "Seq Scan",
                                                "Parent Relationship": "Outer",
                                                "Parallel Aware": true,
                                                "Relation Name": "title",
                                                "Schema": "public",
                                                "Alias": "t",
                                                "Startup Cost": 0.0,
                                                "Total Cost": 45479.21,
                                                "Plan Rows": 136837,
                                                "Plan Width": 4,
                                                "Actual Startup Time": 0.081,
                                                "Actual Total Time": 80.95,
                                                "Actual Rows": 86058,
                                                "Actual Loops": 7,
                                                "Output": [
                                                    "t.id"
                                                ],
                                                "Filter": "((t.production_year > 2006) AND (t.kind_id = 7))",
                                                "Rows Removed by Filter": 275130,
                                                "Workers": [
                                                    {
                                                        "Worker Number": 0,
                                                        "Actual Startup Time": 0.079,
                                                        "Actual Total Time": 81.699,
                                                        "Actual Rows": 61628,
                                                        "Actual Loops": 1
                                                    },
                                                    {
                                                        "Worker Number": 1,
                                                        "Actual Startup Time": 0.1,
                                                        "Actual Total Time": 82.538,
                                                        "Actual Rows": 64729,
                                                        "Actual Loops": 1
                                                    },
                                                    {
                                                        "Worker Number": 2,
                                                        "Actual Startup Time": 0.068,
                                                        "Actual Total Time": 81.876,
                                                        "Actual Rows": 65204,
                                                        "Actual Loops": 1
                                                    },
                                                    {
                                                        "Worker Number": 3,
                                                        "Actual Startup Time": 0.1,
                                                        "Actual Total Time": 81.621,
                                                        "Actual Rows": 93885,
                                                        "Actual Loops": 1
                                                    },
                                                    {
                                                        "Worker Number": 4,
                                                        "Actual Startup Time": 0.104,
                                                        "Actual Total Time": 82.233,
                                                        "Actual Rows": 93220,
                                                        "Actual Loops": 1
                                                    },
                                                    {
                                                        "Worker Number": 5,
                                                        "Actual Startup Time": 0.099,
                                                        "Actual Total Time": 83.608,
                                                        "Actual Rows": 71139,
                                                        "Actual Loops": 1
                                                    }
                                                ]
                                            }
                                        ]
                                    }
                                ]
                            }
                        ]
                    }
                ]
            }
        ]
    },
    "Planning Time": 0.718,
    "Triggers": [],
    "Execution Time": 1660.468
}