{
  "Plan": {
    "Node Type": "Aggregate",
    "Strategy": "Plain",
    "Partial Mode": "Finalize",
    "Parallel Aware": false,
    "Startup Cost": 79944.26,
    "Total Cost": 79944.27,
    "Plan Rows": 1,
    "Plan Width": 8,
    "Actual Startup Time": 406.689,
    "Actual Total Time": 421.799,
    "Actual Rows": 1,
    "Actual Loops": 1,
    "Plans": [
      {
        "Node Type": "Gather",
        "Parent Relationship": "Outer",
        "Parallel Aware": false,
        "Startup Cost": 79944.15,
        "Total Cost": 79944.26,
        "Plan Rows": 1,
        "Plan Width": 8,
        "Actual Startup Time": 405.048,
        "Actual Total Time": 421.791,
        "Actual Rows": 2,
        "Actual Loops": 1,
        "Workers Planned": 1,
        "Workers Launched": 1,
        "Single Copy": false,
        "Plans": [
          {
            "Node Type": "Aggregate",
            "Strategy": "Plain",
            "Partial Mode": "Partial",
            "Parent Relationship": "Outer",
            "Parallel Aware": false,
            "Startup Cost": 78944.15,
            "Total Cost": 78944.16,
            "Plan Rows": 1,
            "Plan Width": 8,
            "Actual Startup Time": 399.032,
            "Actual Total Time": 399.038,
            "Actual Rows": 1,
            "Actual Loops": 2,
            "Plans": [
              {
                "Node Type": "Nested Loop",
                "Parent Relationship": "Outer",
                "Parallel Aware": false,
                "Join Type": "Inner",
                "Startup Cost": 58528.03,
                "Total Cost": 78931.01,
                "Plan Rows": 5257,
                "Plan Width": 0,
                "Actual Startup Time": 243.835,
                "Actual Total Time": 398.31,
                "Actual Rows": 12377,
                "Actual Loops": 2,
                "Inner Unique": false,
                "Plans": [
                  {
                    "Node Type": "Hash Join",
                    "Parent Relationship": "Outer",
                    "Parallel Aware": true,
                    "Join Type": "Inner",
                    "Startup Cost": 58527.6,
                    "Total Cost": 68288.28,
                    "Plan Rows": 13752,
                    "Plan Width": 8,
                    "Actual Startup Time": 243.65,
                    "Actual Total Time": 310.292,
                    "Actual Rows": 25164,
                    "Actual Loops": 2,
                    "Inner Unique": true,
                    "Hash Cond": "(ci.movie_id = t.id)",
                    "Plans": [
                      {
                        "Node Type": "Index Scan",
                        "Parent Relationship": "Outer",
                        "Parallel Aware": true,
                        "Scan Direction": "Forward",
                        "Index Name": "role_id_cast_info",
                        "Relation Name": "cast_info",
                        "Alias": "ci",
                        "Startup Cost": 0.56,
                        "Total Cost": 9590.86,
                        "Plan Rows": 64908,
                        "Plan Width": 4,
                        "Actual Startup Time": 0.083,
                        "Actual Total Time": 25.42,
                        "Actual Rows": 118354,
                        "Actual Loops": 2,
                        "Index Cond": "(role_id > 10)",
                        "Rows Removed by Index Recheck": 0,
                        "Filter": "(person_id > 2335541)",
                        "Rows Removed by Filter": 39704
                      },
                      {
                        "Node Type": "Hash",
                        "Parent Relationship": "Inner",
                        "Parallel Aware": true,
                        "Startup Cost": 54588.39,
                        "Total Cost": 54588.39,
                        "Plan Rows": 315092,
                        "Plan Width": 4,
                        "Actual Startup Time": 234.784,
                        "Actual Total Time": 234.787,
                        "Actual Rows": 266684,
                        "Actual Loops": 2,
                        "Hash Buckets": 1048576,
                        "Original Hash Buckets": 1048576,
                        "Hash Batches": 1,
                        "Original Hash Batches": 1,
                        "Peak Memory Usage": 29088,
                        "Plans": [
                          {
                            "Node Type": "Seq Scan",
                            "Parent Relationship": "Outer",
                            "Parallel Aware": true,
                            "Relation Name": "title",
                            "Alias": "t",
                            "Startup Cost": 0.0,
                            "Total Cost": 54588.39,
                            "Plan Rows": 315092,
                            "Plan Width": 4,
                            "Actual Startup Time": 0.036,
                            "Actual Total Time": 149.104,
                            "Actual Rows": 266684,
                            "Actual Loops": 2,
                            "Filter": "(production_year > 2009)",
                            "Rows Removed by Filter": 997472
                          }
                        ]
                      }
                    ]
                  },
                  {
                    "Node Type": "Index Scan",
                    "Parent Relationship": "Inner",
                    "Parallel Aware": false,
                    "Scan Direction": "Forward",
                    "Index Name": "movie_id_movie_companies",
                    "Relation Name": "movie_companies",
                    "Alias": "mc",
                    "Startup Cost": 0.43,
                    "Total Cost": 0.75,
                    "Plan Rows": 2,
                    "Plan Width": 4,
                    "Actual Startup Time": 0.003,
                    "Actual Total Time": 0.003,
                    "Actual Rows": 0,
                    "Actual Loops": 50327,
                    "Index Cond": "(movie_id = t.id)",
                    "Rows Removed by Index Recheck": 0,
                    "Filter": "((company_id > 846) AND (company_type_id = 1))",
                    "Rows Removed by Filter": 1
                  }
                ]
              }
            ]
          }
        ]
      }
    ]
  },
  "Planning Time": 1.07,
  "Triggers": [],
  "Execution Time": 421.891
}