[
  {
    "Plan": {
      "Node Type": "Aggregate",
      "Strategy": "Plain",
      "Partial Mode": "Finalize",
      "Parallel Aware": false,
      "Startup Cost": 100053.53,
      "Total Cost": 100053.54,
      "Plan Rows": 1,
      "Plan Width": 8,
      "Actual Startup Time": 369.831,
      "Actual Total Time": 391.093,
      "Actual Rows": 1,
      "Actual Loops": 1,
      "Plans": [
        {
          "Node Type": "Gather",
          "Parent Relationship": "Outer",
          "Parallel Aware": false,
          "Startup Cost": 100053.11,
          "Total Cost": 100053.52,
          "Plan Rows": 4,
          "Plan Width": 8,
          "Actual Startup Time": 368.668,
          "Actual Total Time": 391.084,
          "Actual Rows": 5,
          "Actual Loops": 1,
          "Workers Planned": 4,
          "Workers Launched": 4,
          "Single Copy": false,
          "Plans": [
            {
              "Node Type": "Aggregate",
              "Strategy": "Plain",
              "Partial Mode": "Partial",
              "Parent Relationship": "Outer",
              "Parallel Aware": false,
              "Startup Cost": 99053.11,
              "Total Cost": 99053.12,
              "Plan Rows": 1,
              "Plan Width": 8,
              "Actual Startup Time": 358.287,
              "Actual Total Time": 358.29,
              "Actual Rows": 1,
              "Actual Loops": 5,
              "Plans": [
                {
                  "Node Type": "Nested Loop",
                  "Parent Relationship": "Outer",
                  "Parallel Aware": false,
                  "Join Type": "Inner",
                  "Startup Cost": 23711.76,
                  "Total Cost": 98980.54,
                  "Plan Rows": 29026,
                  "Plan Width": 0,
                  "Actual Startup Time": 112.843,
                  "Actual Total Time": 346.34,
                  "Actual Rows": 261674,
                  "Actual Loops": 5,
                  "Inner Unique": false,
                  "Plans": [
                    {
                      "Node Type": "Hash Join",
                      "Parent Relationship": "Outer",
                      "Parallel Aware": true,
                      "Join Type": "Inner",
                      "Startup Cost": 23711.32,
                      "Total Cost": 68901.86,
                      "Plan Rows": 16222,
                      "Plan Width": 8,
                      "Actual Startup Time": 111.483,
                      "Actual Total Time": 177.546,
                      "Actual Rows": 32282,
                      "Actual Loops": 5,
                      "Inner Unique": false,
                      "Hash Cond": "(t.id = mc.movie_id)",
                      "Plans": [
                        {
                          "Node Type": "Seq Scan",
                          "Parent Relationship": "Outer",
                          "Parallel Aware": true,
                          "Relation Name": "title",
                          "Alias": "t",
                          "Startup Cost": 0.0,
                          "Total Cost": 43898.92,
                          "Plan Rows": 247857,
                          "Plan Width": 4,
                          "Actual Startup Time": 0.021,
                          "Actual Total Time": 76.619,
                          "Actual Rows": 197010,
                          "Actual Loops": 5,
                          "Filter": "(kind_id < 7)",
                          "Rows Removed by Filter": 308653
                        },
                        {
                          "Node Type": "Hash",
                          "Parent Relationship": "Inner",
                          "Parallel Aware": true,
                          "Startup Cost": 23044.09,
                          "Total Cost": 23044.09,
                          "Plan Rows": 53379,
                          "Plan Width": 4,
                          "Actual Startup Time": 53.32,
                          "Actual Total Time": 53.322,
                          "Actual Rows": 32282,
                          "Actual Loops": 5,
                          "Hash Buckets": 262144,
                          "Original Hash Buckets": 262144,
                          "Hash Batches": 1,
                          "Original Hash Batches": 1,
                          "Peak Memory Usage": 8448,
                          "Plans": [
                            {
                              "Node Type": "Bitmap Heap Scan",
                              "Parent Relationship": "Outer",
                              "Parallel Aware": true,
                              "Relation Name": "movie_companies",
                              "Alias": "mc",
                              "Startup Cost": 3586.85,
                              "Total Cost": 23044.09,
                              "Plan Rows": 53379,
                              "Plan Width": 4,
                              "Actual Startup Time": 14.919,
                              "Actual Total Time": 37.688,
                              "Actual Rows": 32282,
                              "Actual Loops": 5,
                              "Recheck Cond": "(company_id > 127192)",
                              "Rows Removed by Index Recheck": 0,
                              "Exact Heap Blocks": 1851,
                              "Lossy Heap Blocks": 0,
                              "Plans": [
                                {
                                  "Node Type": "Bitmap Index Scan",
                                  "Parent Relationship": "Outer",
                                  "Parallel Aware": false,
                                  "Index Name": "company_id_movie_companies",
                                  "Startup Cost": 0.0,
                                  "Total Cost": 3545.49,
                                  "Plan Rows": 165474,
                                  "Plan Width": 0,
                                  "Actual Startup Time": 16.942,
                                  "Actual Total Time": 16.942,
                                  "Actual Rows": 161411,
                                  "Actual Loops": 1,
                                  "Index Cond": "(company_id > 127192)"
                                }
                              ]
                            }
                          ]
                        }
                      ]
                    },
                    {
                      "Node Type": "Index Only Scan",
                      "Parent Relationship": "Inner",
                      "Parallel Aware": false,
                      "Scan Direction": "Forward",
                      "Index Name": "movie_id_movie_keyword",
                      "Relation Name": "movie_keyword",
                      "Alias": "mk",
                      "Startup Cost": 0.43,
                      "Total Cost": 1.4,
                      "Plan Rows": 45,
                      "Plan Width": 4,
                      "Actual Startup Time": 0.003,
                      "Actual Total Time": 0.004,
                      "Actual Rows": 8,
                      "Actual Loops": 161411,
                      "Index Cond": "(movie_id = t.id)",
                      "Rows Removed by Index Recheck": 0,
                      "Heap Fetches": 1308372
                    }
                  ]
                }
              ]
            }
          ]
        }
      ]
    },
    "Planning Time": 1.397,
    "Triggers": [],
    "Execution Time": 391.206
  }
]