{
    "Plan": {
        "Node Type": "Aggregate",
        "Strategy": "Plain",
        "Partial Mode": "Finalize",
        "Parallel Aware": false,
        "Startup Cost": 76396.63,
        "Total Cost": 76396.64,
        "Plan Rows": 1,
        "Plan Width": 8,
        "Actual Startup Time": 316.735,
        "Actual Total Time": 333.672,
        "Actual Rows": 1,
        "Actual Loops": 1,
        "Output": [
            "count(*)"
        ],
        "Plans": [
            {
                "Node Type": "Gather",
                "Parent Relationship": "Outer",
                "Parallel Aware": false,
                "Startup Cost": 76396.31,
                "Total Cost": 76396.62,
                "Plan Rows": 3,
                "Plan Width": 8,
                "Actual Startup Time": 315.886,
                "Actual Total Time": 333.66,
                "Actual Rows": 4,
                "Actual Loops": 1,
                "Output": [
                    "(PARTIAL count(*))"
                ],
                "Workers Planned": 3,
                "Workers Launched": 3,
                "Single Copy": false,
                "Plans": [
                    {
                        "Node Type": "Aggregate",
                        "Strategy": "Plain",
                        "Partial Mode": "Partial",
                        "Parent Relationship": "Outer",
                        "Parallel Aware": false,
                        "Startup Cost": 75396.31,
                        "Total Cost": 75396.32,
                        "Plan Rows": 1,
                        "Plan Width": 8,
                        "Actual Startup Time": 306.869,
                        "Actual Total Time": 306.873,
                        "Actual Rows": 1,
                        "Actual Loops": 4,
                        "Output": [
                            "PARTIAL count(*)"
                        ],
                        "Workers": [
                            {
                                "Worker Number": 0,
                                "Actual Startup Time": 303.689,
                                "Actual Total Time": 303.692,
                                "Actual Rows": 1,
                                "Actual Loops": 1
                            },
                            {
                                "Worker Number": 1,
                                "Actual Startup Time": 303.83,
                                "Actual Total Time": 303.834,
                                "Actual Rows": 1,
                                "Actual Loops": 1
                            },
                            {
                                "Worker Number": 2,
                                "Actual Startup Time": 304.776,
                                "Actual Total Time": 304.779,
                                "Actual Rows": 1,
                                "Actual Loops": 1
                            }
                        ],
                        "Plans": [
                            {
                                "Node Type": "Hash Join",
                                "Parent Relationship": "Outer",
                                "Parallel Aware": true,
                                "Join Type": "Inner",
                                "Startup Cost": 44728.71,
                                "Total Cost": 75272.94,
                                "Plan Rows": 49348,
                                "Plan Width": 0,
                                "Actual Startup Time": 148.113,
                                "Actual Total Time": 301.625,
                                "Actual Rows": 89208,
                                "Actual Loops": 4,
                                "Inner Unique": true,
                                "Hash Cond": "(mc.movie_id = t.id)",
                                "Workers": [
                                    {
                                        "Worker Number": 0,
                                        "Actual Startup Time": 145.11,
                                        "Actual Total Time": 299.025,
                                        "Actual Rows": 112364,
                                        "Actual Loops": 1
                                    },
                                    {
                                        "Worker Number": 1,
                                        "Actual Startup Time": 145.334,
                                        "Actual Total Time": 298.631,
                                        "Actual Rows": 79669,
                                        "Actual Loops": 1
                                    },
                                    {
                                        "Worker Number": 2,
                                        "Actual Startup Time": 145.688,
                                        "Actual Total Time": 299.894,
                                        "Actual Rows": 74501,
                                        "Actual Loops": 1
                                    }
                                ],
                                "Plans": [
                                    {
                                        "Node Type": "Seq Scan",
                                        "Parent Relationship": "Outer",
                                        "Parallel Aware": true,
                                        "Relation Name": "movie_companies",
                                        "Schema": "public",
                                        "Alias": "mc",
                                        "Startup Cost": 0.0,
                                        "Total Cost": 29310.68,
                                        "Plan Rows": 469925,
                                        "Plan Width": 4,
                                        "Actual Startup Time": 7.288,
                                        "Actual Total Time": 84.137,
                                        "Actual Rows": 364620,
                                        "Actual Loops": 4,
                                        "Output": [
                                            "mc.id",
                                            "mc.movie_id",
                                            "mc.company_id",
                                            "mc.company_type_id",
                                            "mc.note"
                                        ],
                                        "Filter": "(mc.company_id > 8985)",
                                        "Rows Removed by Filter": 287662,
                                        "Workers": [
                                            {
                                                "Worker Number": 0,
                                                "Actual Startup Time": 7.31,
                                                "Actual Total Time": 83.134,
                                                "Actual Rows": 468450,
                                                "Actual Loops": 1
                                            },
                                            {
                                                "Worker Number": 1,
                                                "Actual Startup Time": 7.204,
                                                "Actual Total Time": 86.188,
                                                "Actual Rows": 323146,
                                                "Actual Loops": 1
                                            },
                                            {
                                                "Worker Number": 2,
                                                "Actual Startup Time": 7.315,
                                                "Actual Total Time": 85.017,
                                                "Actual Rows": 298182,
                                                "Actual Loops": 1
                                            }
                                        ]
                                    },
                                    {
                                        "Node Type": "Hash",
                                        "Parent Relationship": "Inner",
                                        "Parallel Aware": true,
                                        "Startup Cost": 43899.01,
                                        "Total Cost": 43899.01,
                                        "Plan Rows": 66376,
                                        "Plan Width": 4,
                                        "Actual Startup Time": 137.03,
                                        "Actual Total Time": 137.031,
                                        "Actual Rows": 65898,
                                        "Actual Loops": 4,
                                        "Output": [
                                            "t.id"
                                        ],
                                        "Hash Buckets": 524288,
                                        "Original Hash Buckets": 524288,
                                        "Hash Batches": 1,
                                        "Original Hash Batches": 1,
                                        "Peak Memory Usage": 14464,
                                        "Workers": [
                                            {
                                                "Worker Number": 0,
                                                "Actual Startup Time": 136.722,
                                                "Actual Total Time": 136.722,
                                                "Actual Rows": 80368,
                                                "Actual Loops": 1
                                            },
                                            {
                                                "Worker Number": 1,
                                                "Actual Startup Time": 136.837,
                                                "Actual Total Time": 136.839,
                                                "Actual Rows": 56104,
                                                "Actual Loops": 1
                                            },
                                            {
                                                "Worker Number": 2,
                                                "Actual Startup Time": 137.539,
                                                "Actual Total Time": 137.54,
                                                "Actual Rows": 52267,
                                                "Actual Loops": 1
                                            }
                                        ],
                                        "Plans": [
                                            {
                                                "Node Type": "Seq Scan",
                                                "Parent Relationship": "Outer",
                                                "Parallel Aware": true,
                                                "Relation Name": "title",
                                                "Schema": "public",
                                                "Alias": "t",
                                                "Startup Cost": 0.0,
                                                "Total Cost": 43899.01,
                                                "Plan Rows": 66376,
                                                "Plan Width": 4,
                                                "Actual Startup Time": 0.079,
                                                "Actual Total Time": 110.163,
                                                "Actual Rows": 65898,
                                                "Actual Loops": 4,
                                                "Output": [
                                                    "t.id"
                                                ],
                                                "Filter": "(t.production_year < 1962)",
                                                "Rows Removed by Filter": 566180,
                                                "Workers": [
                                                    {
                                                        "Worker Number": 0,
                                                        "Actual Startup Time": 0.072,
                                                        "Actual Total Time": 109.996,
                                                        "Actual Rows": 80368,
                                                        "Actual Loops": 1
                                                    },
                                                    {
                                                        "Worker Number": 1,
                                                        "Actual Startup Time": 0.137,
                                                        "Actual Total Time": 110.9,
                                                        "Actual Rows": 56104,
                                                        "Actual Loops": 1
                                                    },
                                                    {
                                                        "Worker Number": 2,
                                                        "Actual Startup Time": 0.081,
                                                        "Actual Total Time": 110.64,
                                                        "Actual Rows": 52267,
                                                        "Actual Loops": 1
                                                    }
                                                ]
                                            }
                                        ]
                                    }
                                ]
                            }
                        ]
                    }
                ]
            }
        ]
    },
    "Planning Time": 0.714,
    "Triggers": [],
    "Execution Time": 333.745
}