{
    "Plan": {
        "Node Type": "Aggregate",
        "Strategy": "Plain",
        "Partial Mode": "Finalize",
        "Parallel Aware": false,
        "Startup Cost": 263276.71,
        "Total Cost": 263276.72,
        "Plan Rows": 1,
        "Plan Width": 8,
        "Actual Startup Time": 1022.615,
        "Actual Total Time": 1068.116,
        "Actual Rows": 1,
        "Actual Loops": 1,
        "Output": [
            "count(*)"
        ],
        "Plans": [
            {
                "Node Type": "Gather",
                "Parent Relationship": "Outer",
                "Parallel Aware": false,
                "Startup Cost": 263276.5,
                "Total Cost": 263276.71,
                "Plan Rows": 2,
                "Plan Width": 8,
                "Actual Startup Time": 1019.799,
                "Actual Total Time": 1068.108,
                "Actual Rows": 3,
                "Actual Loops": 1,
                "Output": [
                    "(PARTIAL count(*))"
                ],
                "Workers Planned": 2,
                "Workers Launched": 2,
                "Single Copy": false,
                "Plans": [
                    {
                        "Node Type": "Aggregate",
                        "Strategy": "Plain",
                        "Partial Mode": "Partial",
                        "Parent Relationship": "Outer",
                        "Parallel Aware": false,
                        "Startup Cost": 262276.5,
                        "Total Cost": 262276.51,
                        "Plan Rows": 1,
                        "Plan Width": 8,
                        "Actual Startup Time": 1009.636,
                        "Actual Total Time": 1009.642,
                        "Actual Rows": 1,
                        "Actual Loops": 3,
                        "Output": [
                            "PARTIAL count(*)"
                        ],
                        "Workers": [
                            {
                                "Worker Number": 0,
                                "Actual Startup Time": 1004.388,
                                "Actual Total Time": 1004.394,
                                "Actual Rows": 1,
                                "Actual Loops": 1
                            },
                            {
                                "Worker Number": 1,
                                "Actual Startup Time": 1005.396,
                                "Actual Total Time": 1005.401,
                                "Actual Rows": 1,
                                "Actual Loops": 1
                            }
                        ],
                        "Plans": [
                            {
                                "Node Type": "Hash Join",
                                "Parent Relationship": "Outer",
                                "Parallel Aware": true,
                                "Join Type": "Inner",
                                "Startup Cost": 246145.29,
                                "Total Cost": 262115.52,
                                "Plan Rows": 64390,
                                "Plan Width": 0,
                                "Actual Startup Time": 872.728,
                                "Actual Total Time": 983.942,
                                "Actual Rows": 669510,
                                "Actual Loops": 3,
                                "Inner Unique": false,
                                "Hash Cond": "(mi_idx.movie_id = t.id)",
                                "Workers": [
                                    {
                                        "Worker Number": 0,
                                        "Actual Startup Time": 868.943,
                                        "Actual Total Time": 979.319,
                                        "Actual Rows": 657702,
                                        "Actual Loops": 1
                                    },
                                    {
                                        "Worker Number": 1,
                                        "Actual Startup Time": 869.146,
                                        "Actual Total Time": 980.443,
                                        "Actual Rows": 654921,
                                        "Actual Loops": 1
                                    }
                                ],
                                "Plans": [
                                    {
                                        "Node Type": "Seq Scan",
                                        "Parent Relationship": "Outer",
                                        "Parallel Aware": true,
                                        "Relation Name": "movie_info_idx",
                                        "Schema": "public",
                                        "Alias": "mi_idx",
                                        "Startup Cost": 0.0,
                                        "Total Cost": 13685.15,
                                        "Plan Rows": 575015,
                                        "Plan Width": 4,
                                        "Actual Startup Time": 0.016,
                                        "Actual Total Time": 34.334,
                                        "Actual Rows": 460012,
                                        "Actual Loops": 3,
                                        "Output": [
                                            "mi_idx.id",
                                            "mi_idx.movie_id",
                                            "mi_idx.info_type_id",
                                            "mi_idx.info",
                                            "mi_idx.note"
                                        ],
                                        "Workers": [
                                            {
                                                "Worker Number": 0,
                                                "Actual Startup Time": 0.012,
                                                "Actual Total Time": 35.369,
                                                "Actual Rows": 445232,
                                                "Actual Loops": 1
                                            },
                                            {
                                                "Worker Number": 1,
                                                "Actual Startup Time": 0.024,
                                                "Actual Total Time": 35.926,
                                                "Actual Rows": 452830,
                                                "Actual Loops": 1
                                            }
                                        ]
                                    },
                                    {
                                        "Node Type": "Hash",
                                        "Parent Relationship": "Inner",
                                        "Parallel Aware": true,
                                        "Startup Cost": 245437.49,
                                        "Total Cost": 245437.49,
                                        "Plan Rows": 56624,
                                        "Plan Width": 8,
                                        "Actual Startup Time": 829.851,
                                        "Actual Total Time": 829.856,
                                        "Actual Rows": 275056,
                                        "Actual Loops": 3,
                                        "Output": [
                                            "t.id",
                                            "mi.movie_id"
                                        ],
                                        "Hash Buckets": 1048576,
                                        "Original Hash Buckets": 524288,
                                        "Hash Batches": 1,
                                        "Original Hash Batches": 1,
                                        "Peak Memory Usage": 44608,
                                        "Workers": [
                                            {
                                                "Worker Number": 0,
                                                "Actual Startup Time": 829.695,
                                                "Actual Total Time": 829.699,
                                                "Actual Rows": 260868,
                                                "Actual Loops": 1
                                            },
                                            {
                                                "Worker Number": 1,
                                                "Actual Startup Time": 829.98,
                                                "Actual Total Time": 829.984,
                                                "Actual Rows": 263062,
                                                "Actual Loops": 1
                                            }
                                        ],
                                        "Plans": [
                                            {
                                                "Node Type": "Hash Join",
                                                "Parent Relationship": "Outer",
                                                "Parallel Aware": true,
                                                "Join Type": "Inner",
                                                "Startup Cost": 45996.98,
                                                "Total Cost": 245437.49,
                                                "Plan Rows": 56624,
                                                "Plan Width": 8,
                                                "Actual Startup Time": 449.088,
                                                "Actual Total Time": 747.525,
                                                "Actual Rows": 275056,
                                                "Actual Loops": 3,
                                                "Output": [
                                                    "t.id",
                                                    "mi.movie_id"
                                                ],
                                                "Inner Unique": true,
                                                "Hash Cond": "(mi.movie_id = t.id)",
                                                "Workers": [
                                                    {
                                                        "Worker Number": 0,
                                                        "Actual Startup Time": 449.051,
                                                        "Actual Total Time": 749.568,
                                                        "Actual Rows": 260868,
                                                        "Actual Loops": 1
                                                    },
                                                    {
                                                        "Worker Number": 1,
                                                        "Actual Startup Time": 449.01,
                                                        "Actual Total Time": 749.487,
                                                        "Actual Rows": 263062,
                                                        "Actual Loops": 1
                                                    }
                                                ],
                                                "Plans": [
                                                    {
                                                        "Node Type": "Seq Scan",
                                                        "Parent Relationship": "Outer",
                                                        "Parallel Aware": true,
                                                        "Relation Name": "movie_info",
                                                        "Schema": "public",
                                                        "Alias": "mi",
                                                        "Startup Cost": 0.0,
                                                        "Total Cost": 198880.74,
                                                        "Plan Rows": 213246,
                                                        "Plan Width": 4,
                                                        "Actual Startup Time": 248.883,
                                                        "Actual Total Time": 441.166,
                                                        "Actual Rows": 361055,
                                                        "Actual Loops": 3,
                                                        "Output": [
                                                            "mi.id",
                                                            "mi.movie_id",
                                                            "mi.info_type_id",
                                                            "mi.info",
                                                            "mi.note"
                                                        ],
                                                        "Filter": "(mi.info_type_id > 70)",
                                                        "Rows Removed by Filter": 4584185,
                                                        "Workers": [
                                                            {
                                                                "Worker Number": 0,
                                                                "Actual Startup Time": 248.892,
                                                                "Actual Total Time": 445.29,
                                                                "Actual Rows": 337590,
                                                                "Actual Loops": 1
                                                            },
                                                            {
                                                                "Worker Number": 1,
                                                                "Actual Startup Time": 248.868,
                                                                "Actual Total Time": 445.609,
                                                                "Actual Rows": 341241,
                                                                "Actual Loops": 1
                                                            }
                                                        ]
                                                    },
                                                    {
                                                        "Node Type": "Hash",
                                                        "Parent Relationship": "Inner",
                                                        "Parallel Aware": true,
                                                        "Startup Cost": 43899.01,
                                                        "Total Cost": 43899.01,
                                                        "Plan Rows": 167838,
                                                        "Plan Width": 4,
                                                        "Actual Startup Time": 195.809,
                                                        "Actual Total Time": 195.811,
                                                        "Actual Rows": 220942,
                                                        "Actual Loops": 3,
                                                        "Output": [
                                                            "t.id"
                                                        ],
                                                        "Hash Buckets": 1048576,
                                                        "Original Hash Buckets": 1048576,
                                                        "Hash Batches": 1,
                                                        "Original Hash Batches": 1,
                                                        "Peak Memory Usage": 34144,
                                                        "Workers": [
                                                            {
                                                                "Worker Number": 0,
                                                                "Actual Startup Time": 200.04,
                                                                "Actual Total Time": 200.042,
                                                                "Actual Rows": 213213,
                                                                "Actual Loops": 1
                                                            },
                                                            {
                                                                "Worker Number": 1,
                                                                "Actual Startup Time": 200.031,
                                                                "Actual Total Time": 200.032,
                                                                "Actual Rows": 213487,
                                                                "Actual Loops": 1
                                                            }
                                                        ],
                                                        "Plans": [
                                                            {
                                                                "Node Type": "Seq Scan",
                                                                "Parent Relationship": "Outer",
                                                                "Parallel Aware": true,
                                                                "Relation Name": "title",
                                                                "Schema": "public",
                                                                "Alias": "t",
                                                                "Startup Cost": 0.0,
                                                                "Total Cost": 43899.01,
                                                                "Plan Rows": 167838,
                                                                "Plan Width": 4,
                                                                "Actual Startup Time": 47.101,
                                                                "Actual Total Time": 118.682,
                                                                "Actual Rows": 220942,
                                                                "Actual Loops": 3,
                                                                "Output": [
                                                                    "t.id"
                                                                ],
                                                                "Filter": "(t.kind_id < 2)",
                                                                "Rows Removed by Filter": 621829,
                                                                "Workers": [
                                                                    {
                                                                        "Worker Number": 0,
                                                                        "Actual Startup Time": 8.268,
                                                                        "Actual Total Time": 121.148,
                                                                        "Actual Rows": 213213,
                                                                        "Actual Loops": 1
                                                                    },
                                                                    {
                                                                        "Worker Number": 1,
                                                                        "Actual Startup Time": 66.468,
                                                                        "Actual Total Time": 121.088,
                                                                        "Actual Rows": 213487,
                                                                        "Actual Loops": 1
                                                                    }
                                                                ]
                                                            }
                                                        ]
                                                    }
                                                ]
                                            }
                                        ]
                                    }
                                ]
                            }
                        ]
                    }
                ]
            }
        ]
    },
    "Planning Time": 1.534,
    "Triggers": [],
    "Execution Time": 1068.204
}