[
  {
    "Plan": {
      "Node Type": "Aggregate",
      "Strategy": "Plain",
      "Partial Mode": "Finalize",
      "Parallel Aware": false,
      "Startup Cost": 62320.59,
      "Total Cost": 62320.6,
      "Plan Rows": 1,
      "Plan Width": 8,
      "Actual Startup Time": 266.171,
      "Actual Total Time": 280.521,
      "Actual Rows": 1,
      "Actual Loops": 1,
      "Plans": [
        {
          "Node Type": "Gather",
          "Parent Relationship": "Outer",
          "Parallel Aware": false,
          "Startup Cost": 62320.37,
          "Total Cost": 62320.58,
          "Plan Rows": 2,
          "Plan Width": 8,
          "Actual Startup Time": 264.379,
          "Actual Total Time": 280.511,
          "Actual Rows": 3,
          "Actual Loops": 1,
          "Workers Planned": 2,
          "Workers Launched": 2,
          "Single Copy": false,
          "Plans": [
            {
              "Node Type": "Aggregate",
              "Strategy": "Plain",
              "Partial Mode": "Partial",
              "Parent Relationship": "Outer",
              "Parallel Aware": false,
              "Startup Cost": 61320.37,
              "Total Cost": 61320.38,
              "Plan Rows": 1,
              "Plan Width": 8,
              "Actual Startup Time": 257.127,
              "Actual Total Time": 257.13,
              "Actual Rows": 1,
              "Actual Loops": 3,
              "Plans": [
                {
                  "Node Type": "Hash Join",
                  "Parent Relationship": "Outer",
                  "Parallel Aware": true,
                  "Join Type": "Inner",
                  "Startup Cost": 46026.34,
                  "Total Cost": 61220.9,
                  "Plan Rows": 39790,
                  "Plan Width": 0,
                  "Actual Startup Time": 161.164,
                  "Actual Total Time": 254.082,
                  "Actual Rows": 74565,
                  "Actual Loops": 3,
                  "Inner Unique": true,
                  "Hash Cond": "(mi_idx.movie_id = t.id)",
                  "Plans": [
                    {
                      "Node Type": "Seq Scan",
                      "Parent Relationship": "Outer",
                      "Parallel Aware": true,
                      "Relation Name": "movie_info_idx",
                      "Alias": "mi_idx",
                      "Startup Cost": 0.0,
                      "Total Cost": 13685.15,
                      "Plan Rows": 575015,
                      "Plan Width": 4,
                      "Actual Startup Time": 0.012,
                      "Actual Total Time": 37.975,
                      "Actual Rows": 460012,
                      "Actual Loops": 3
                    },
                    {
                      "Node Type": "Hash",
                      "Parent Relationship": "Inner",
                      "Parallel Aware": true,
                      "Startup Cost": 45479.59,
                      "Total Cost": 45479.59,
                      "Plan Rows": 43740,
                      "Plan Width": 4,
                      "Actual Startup Time": 158.207,
                      "Actual Total Time": 158.208,
                      "Actual Rows": 96074,
                      "Actual Loops": 3,
                      "Hash Buckets": 524288,
                      "Original Hash Buckets": 262144,
                      "Hash Batches": 1,
                      "Original Hash Batches": 1,
                      "Peak Memory Usage": 17472,
                      "Plans": [
                        {
                          "Node Type": "Seq Scan",
                          "Parent Relationship": "Outer",
                          "Parallel Aware": true,
                          "Relation Name": "title",
                          "Alias": "t",
                          "Startup Cost": 0.0,
                          "Total Cost": 45479.59,
                          "Plan Rows": 43740,
                          "Plan Width": 4,
                          "Actual Startup Time": 0.067,
                          "Actual Total Time": 121.21,
                          "Actual Rows": 96074,
                          "Actual Loops": 3,
                          "Filter": "((kind_id < 7) AND (production_year < 1977))",
                          "Rows Removed by Filter": 746696
                        }
                      ]
                    }
                  ]
                }
              ]
            }
          ]
        }
      ]
    },
    "Planning Time": 0.643,
    "Triggers": [],
    "Execution Time": 280.591
  }
]