{
  "Plan": {
    "Node Type": "Aggregate",
    "Strategy": "Plain",
    "Partial Mode": "Finalize",
    "Parallel Aware": false,
    "Startup Cost": 111504.75,
    "Total Cost": 111504.76,
    "Plan Rows": 1,
    "Plan Width": 8,
    "Actual Startup Time": 547.745,
    "Actual Total Time": 560.013,
    "Actual Rows": 1,
    "Actual Loops": 1,
    "Plans": [
      {
        "Node Type": "Gather",
        "Parent Relationship": "Outer",
        "Parallel Aware": false,
        "Startup Cost": 111504.64,
        "Total Cost": 111504.75,
        "Plan Rows": 1,
        "Plan Width": 8,
        "Actual Startup Time": 545.704,
        "Actual Total Time": 560.005,
        "Actual Rows": 2,
        "Actual Loops": 1,
        "Workers Planned": 1,
        "Workers Launched": 1,
        "Single Copy": false,
        "Plans": [
          {
            "Node Type": "Aggregate",
            "Strategy": "Plain",
            "Partial Mode": "Partial",
            "Parent Relationship": "Outer",
            "Parallel Aware": false,
            "Startup Cost": 110504.64,
            "Total Cost": 110504.65,
            "Plan Rows": 1,
            "Plan Width": 8,
            "Actual Startup Time": 540.138,
            "Actual Total Time": 540.142,
            "Actual Rows": 1,
            "Actual Loops": 2,
            "Plans": [
              {
                "Node Type": "Hash Join",
                "Parent Relationship": "Outer",
                "Parallel Aware": true,
                "Join Type": "Inner",
                "Startup Cost": 46140.86,
                "Total Cost": 110074.7,
                "Plan Rows": 171978,
                "Plan Width": 0,
                "Actual Startup Time": 237.646,
                "Actual Total Time": 536.608,
                "Actual Rows": 79650,
                "Actual Loops": 2,
                "Inner Unique": false,
                "Hash Cond": "(t.id = mc.movie_id)",
                "Plans": [
                  {
                    "Node Type": "Seq Scan",
                    "Parent Relationship": "Outer",
                    "Parallel Aware": true,
                    "Relation Name": "title",
                    "Alias": "t",
                    "Startup Cost": 0.0,
                    "Total Cost": 58306.47,
                    "Plan Rows": 738516,
                    "Plan Width": 4,
                    "Actual Startup Time": 0.015,
                    "Actual Total Time": 138.136,
                    "Actual Rows": 610767,
                    "Actual Loops": 2,
                    "Filter": "((production_year < 2011) AND (kind_id = 7))",
                    "Rows Removed by Filter": 653389
                  },
                  {
                    "Node Type": "Hash",
                    "Parent Relationship": "Inner",
                    "Parallel Aware": true,
                    "Startup Cost": 41811.73,
                    "Total Cost": 41811.73,
                    "Plan Rows": 346331,
                    "Plan Width": 4,
                    "Actual Startup Time": 227.869,
                    "Actual Total Time": 227.87,
                    "Actual Rows": 436187,
                    "Actual Loops": 2,
                    "Hash Buckets": 1048576,
                    "Original Hash Buckets": 1048576,
                    "Hash Batches": 1,
                    "Original Hash Batches": 1,
                    "Peak Memory Usage": 42368,
                    "Plans": [
                      {
                        "Node Type": "Seq Scan",
                        "Parent Relationship": "Outer",
                        "Parallel Aware": true,
                        "Relation Name": "movie_companies",
                        "Alias": "mc",
                        "Startup Cost": 0.0,
                        "Total Cost": 41811.73,
                        "Plan Rows": 346331,
                        "Plan Width": 4,
                        "Actual Startup Time": 65.391,
                        "Actual Total Time": 136.225,
                        "Actual Rows": 436187,
                        "Actual Loops": 2,
                        "Filter": "((company_id > 12934) AND (company_type_id > 1))",
                        "Rows Removed by Filter": 868378
                      }
                    ]
                  }
                ]
              }
            ]
          }
        ]
      }
    ]
  },
  "Planning Time": 0.797,
  "Triggers": [],
  "Execution Time": 560.084
}