[
  {
    "Plan": {
      "Node Type": "Aggregate",
      "Strategy": "Plain",
      "Partial Mode": "Finalize",
      "Parallel Aware": false,
      "Startup Cost": 339622.56,
      "Total Cost": 339622.57,
      "Plan Rows": 1,
      "Plan Width": 8,
      "Actual Startup Time": 305.474,
      "Actual Total Time": 319.573,
      "Actual Rows": 1,
      "Actual Loops": 1,
      "Plans": [
        {
          "Node Type": "Gather",
          "Parent Relationship": "Outer",
          "Parallel Aware": false,
          "Startup Cost": 339621.94,
          "Total Cost": 339622.55,
          "Plan Rows": 6,
          "Plan Width": 8,
          "Actual Startup Time": 304.268,
          "Actual Total Time": 319.563,
          "Actual Rows": 7,
          "Actual Loops": 1,
          "Workers Planned": 6,
          "Workers Launched": 6,
          "Single Copy": false,
          "Plans": [
            {
              "Node Type": "Aggregate",
              "Strategy": "Plain",
              "Partial Mode": "Partial",
              "Parent Relationship": "Outer",
              "Parallel Aware": false,
              "Startup Cost": 338621.94,
              "Total Cost": 338621.95,
              "Plan Rows": 1,
              "Plan Width": 8,
              "Actual Startup Time": 294.047,
              "Actual Total Time": 294.05,
              "Actual Rows": 1,
              "Actual Loops": 7,
              "Plans": [
                {
                  "Node Type": "Bitmap Heap Scan",
                  "Parent Relationship": "Outer",
                  "Parallel Aware": true,
                  "Relation Name": "cast_info",
                  "Alias": "ci",
                  "Startup Cost": 76566.42,
                  "Total Cost": 337978.74,
                  "Plan Rows": 257280,
                  "Plan Width": 0,
                  "Actual Startup Time": 232.566,
                  "Actual Total Time": 286.788,
                  "Actual Rows": 144672,
                  "Actual Loops": 7,
                  "Recheck Cond": "(person_id < 346846)",
                  "Rows Removed by Index Recheck": 0,
                  "Filter": "(role_id > 2)",
                  "Rows Removed by Filter": 372507,
                  "Exact Heap Blocks": 9098,
                  "Lossy Heap Blocks": 0,
                  "Plans": [
                    {
                      "Node Type": "Bitmap Index Scan",
                      "Parent Relationship": "Outer",
                      "Parallel Aware": false,
                      "Index Name": "person_id_cast_info",
                      "Startup Cost": 0.0,
                      "Total Cost": 76180.5,
                      "Plan Rows": 3490125,
                      "Plan Width": 0,
                      "Actual Startup Time": 151.208,
                      "Actual Total Time": 151.209,
                      "Actual Rows": 3620253,
                      "Actual Loops": 1,
                      "Index Cond": "(person_id < 346846)"
                    }
                  ]
                }
              ]
            }
          ]
        }
      ]
    },
    "Planning Time": 0.239,
    "Triggers": [],
    "Execution Time": 319.653
  }
]