[
  {
    "Plan": {
      "Node Type": "Aggregate",
      "Strategy": "Plain",
      "Partial Mode": "Finalize",
      "Parallel Aware": false,
      "Startup Cost": 340000.27,
      "Total Cost": 340000.28,
      "Plan Rows": 1,
      "Plan Width": 8,
      "Actual Startup Time": 339.935,
      "Actual Total Time": 351.258,
      "Actual Rows": 1,
      "Actual Loops": 1,
      "Plans": [
        {
          "Node Type": "Gather",
          "Parent Relationship": "Outer",
          "Parallel Aware": false,
          "Startup Cost": 339999.64,
          "Total Cost": 340000.25,
          "Plan Rows": 6,
          "Plan Width": 8,
          "Actual Startup Time": 338.862,
          "Actual Total Time": 351.249,
          "Actual Rows": 7,
          "Actual Loops": 1,
          "Workers Planned": 6,
          "Workers Launched": 6,
          "Single Copy": false,
          "Plans": [
            {
              "Node Type": "Aggregate",
              "Strategy": "Plain",
              "Partial Mode": "Partial",
              "Parent Relationship": "Outer",
              "Parallel Aware": false,
              "Startup Cost": 338999.64,
              "Total Cost": 338999.65,
              "Plan Rows": 1,
              "Plan Width": 8,
              "Actual Startup Time": 328.076,
              "Actual Total Time": 328.078,
              "Actual Rows": 1,
              "Actual Loops": 7,
              "Plans": [
                {
                  "Node Type": "Bitmap Heap Scan",
                  "Parent Relationship": "Outer",
                  "Parallel Aware": true,
                  "Relation Name": "cast_info",
                  "Alias": "ci",
                  "Startup Cost": 76894.44,
                  "Total Cost": 338339.34,
                  "Plan Rows": 264119,
                  "Plan Width": 0,
                  "Actual Startup Time": 271.737,
                  "Actual Total Time": 321.465,
                  "Actual Rows": 144672,
                  "Actual Loops": 7,
                  "Recheck Cond": "(person_id < 346846)",
                  "Rows Removed by Index Recheck": 0,
                  "Filter": "(role_id > 2)",
                  "Rows Removed by Filter": 372507,
                  "Exact Heap Blocks": 6302,
                  "Lossy Heap Blocks": 0,
                  "Plans": [
                    {
                      "Node Type": "Bitmap Index Scan",
                      "Parent Relationship": "Outer",
                      "Parallel Aware": false,
                      "Index Name": "person_id_cast_info",
                      "Startup Cost": 0.0,
                      "Total Cost": 76498.26,
                      "Plan Rows": 3503160,
                      "Plan Width": 0,
                      "Actual Startup Time": 190.265,
                      "Actual Total Time": 190.266,
                      "Actual Rows": 3620253,
                      "Actual Loops": 1,
                      "Index Cond": "(person_id < 346846)"
                    }
                  ]
                }
              ]
            }
          ]
        }
      ]
    },
    "Planning Time": 0.189,
    "Triggers": [],
    "Execution Time": 351.329
  }
]