[
  {
    "Plan": {
      "Node Type": "Aggregate",
      "Strategy": "Plain",
      "Partial Mode": "Finalize",
      "Parallel Aware": false,
      "Startup Cost": 67633.02,
      "Total Cost": 67633.03,
      "Plan Rows": 1,
      "Plan Width": 8,
      "Actual Startup Time": 145.19,
      "Actual Total Time": 161.208,
      "Actual Rows": 1,
      "Actual Loops": 1,
      "Plans": [
        {
          "Node Type": "Gather",
          "Parent Relationship": "Outer",
          "Parallel Aware": false,
          "Startup Cost": 67632.71,
          "Total Cost": 67633.02,
          "Plan Rows": 3,
          "Plan Width": 8,
          "Actual Startup Time": 144.427,
          "Actual Total Time": 161.198,
          "Actual Rows": 4,
          "Actual Loops": 1,
          "Workers Planned": 3,
          "Workers Launched": 3,
          "Single Copy": false,
          "Plans": [
            {
              "Node Type": "Aggregate",
              "Strategy": "Plain",
              "Partial Mode": "Partial",
              "Parent Relationship": "Outer",
              "Parallel Aware": false,
              "Startup Cost": 66632.71,
              "Total Cost": 66632.72,
              "Plan Rows": 1,
              "Plan Width": 8,
              "Actual Startup Time": 140.932,
              "Actual Total Time": 140.936,
              "Actual Rows": 1,
              "Actual Loops": 4,
              "Plans": [
                {
                  "Node Type": "Hash Join",
                  "Parent Relationship": "Outer",
                  "Parallel Aware": true,
                  "Join Type": "Inner",
                  "Startup Cost": 47172.1,
                  "Total Cost": 66628.39,
                  "Plan Rows": 1728,
                  "Plan Width": 0,
                  "Actual Startup Time": 111.551,
                  "Actual Total Time": 140.844,
                  "Actual Rows": 735,
                  "Actual Loops": 4,
                  "Inner Unique": true,
                  "Hash Cond": "(mc.movie_id = t.id)",
                  "Plans": [
                    {
                      "Node Type": "Bitmap Heap Scan",
                      "Parent Relationship": "Outer",
                      "Parallel Aware": true,
                      "Relation Name": "movie_companies",
                      "Alias": "mc",
                      "Startup Cost": 2962.78,
                      "Total Cost": 22303.43,
                      "Plan Rows": 44052,
                      "Plan Width": 4,
                      "Actual Startup Time": 11.058,
                      "Actual Total Time": 31.322,
                      "Actual Rows": 33702,
                      "Actual Loops": 4,
                      "Recheck Cond": "(company_id < 27)",
                      "Rows Removed by Index Recheck": 0,
                      "Exact Heap Blocks": 4101,
                      "Lossy Heap Blocks": 0,
                      "Plans": [
                        {
                          "Node Type": "Bitmap Index Scan",
                          "Parent Relationship": "Outer",
                          "Parallel Aware": false,
                          "Index Name": "company_id_movie_companies",
                          "Startup Cost": 0.0,
                          "Total Cost": 2928.64,
                          "Plan Rows": 136561,
                          "Plan Width": 0,
                          "Actual Startup Time": 8.857,
                          "Actual Total Time": 8.857,
                          "Actual Rows": 134807,
                          "Actual Loops": 1,
                          "Index Cond": "(company_id < 27)"
                        }
                      ]
                    },
                    {
                      "Node Type": "Hash",
                      "Parent Relationship": "Inner",
                      "Parallel Aware": true,
                      "Startup Cost": 43899.32,
                      "Total Cost": 43899.32,
                      "Plan Rows": 24800,
                      "Plan Width": 4,
                      "Actual Startup Time": 99.473,
                      "Actual Total Time": 99.474,
                      "Actual Rows": 23751,
                      "Actual Loops": 4,
                      "Hash Buckets": 131072,
                      "Original Hash Buckets": 131072,
                      "Hash Batches": 1,
                      "Original Hash Batches": 1,
                      "Peak Memory Usage": 4800,
                      "Plans": [
                        {
                          "Node Type": "Seq Scan",
                          "Parent Relationship": "Outer",
                          "Parallel Aware": true,
                          "Relation Name": "title",
                          "Alias": "t",
                          "Startup Cost": 0.0,
                          "Total Cost": 43899.32,
                          "Plan Rows": 24800,
                          "Plan Width": 4,
                          "Actual Startup Time": 0.017,
                          "Actual Total Time": 90.225,
                          "Actual Rows": 23751,
                          "Actual Loops": 4,
                          "Filter": "(production_year = 2005)",
                          "Rows Removed by Filter": 608327
                        }
                      ]
                    }
                  ]
                }
              ]
            }
          ]
        }
      ]
    },
    "Planning Time": 0.318,
    "Triggers": [],
    "Execution Time": 161.254
  }
]