[
  {
    "Plan": {
      "Node Type": "Aggregate",
      "Strategy": "Plain",
      "Partial Mode": "Finalize",
      "Parallel Aware": false,
      "Startup Cost": 25966.86,
      "Total Cost": 25966.87,
      "Plan Rows": 1,
      "Plan Width": 8,
      "Actual Startup Time": 59.642,
      "Actual Total Time": 62.482,
      "Actual Rows": 1,
      "Actual Loops": 1,
      "Plans": [
        {
          "Node Type": "Gather",
          "Parent Relationship": "Outer",
          "Parallel Aware": false,
          "Startup Cost": 25966.54,
          "Total Cost": 25966.85,
          "Plan Rows": 3,
          "Plan Width": 8,
          "Actual Startup Time": 59.484,
          "Actual Total Time": 62.476,
          "Actual Rows": 4,
          "Actual Loops": 1,
          "Workers Planned": 3,
          "Workers Launched": 3,
          "Single Copy": false,
          "Plans": [
            {
              "Node Type": "Aggregate",
              "Strategy": "Plain",
              "Partial Mode": "Partial",
              "Parent Relationship": "Outer",
              "Parallel Aware": false,
              "Startup Cost": 24966.54,
              "Total Cost": 24966.55,
              "Plan Rows": 1,
              "Plan Width": 8,
              "Actual Startup Time": 52.873,
              "Actual Total Time": 52.874,
              "Actual Rows": 1,
              "Actual Loops": 4,
              "Plans": [
                {
                  "Node Type": "Bitmap Heap Scan",
                  "Parent Relationship": "Outer",
                  "Parallel Aware": true,
                  "Relation Name": "movie_companies",
                  "Alias": "mc",
                  "Startup Cost": 5049.53,
                  "Total Cost": 24778.71,
                  "Plan Rows": 75134,
                  "Plan Width": 0,
                  "Actual Startup Time": 20.185,
                  "Actual Total Time": 48.025,
                  "Actual Rows": 57688,
                  "Actual Loops": 4,
                  "Recheck Cond": "(company_id > 105255)",
                  "Rows Removed by Index Recheck": 0,
                  "Exact Heap Blocks": 2699,
                  "Lossy Heap Blocks": 0,
                  "Plans": [
                    {
                      "Node Type": "Bitmap Index Scan",
                      "Parent Relationship": "Outer",
                      "Parallel Aware": false,
                      "Index Name": "company_id_movie_companies",
                      "Startup Cost": 0.0,
                      "Total Cost": 4991.3,
                      "Plan Rows": 232916,
                      "Plan Width": 0,
                      "Actual Startup Time": 25.021,
                      "Actual Total Time": 25.021,
                      "Actual Rows": 230754,
                      "Actual Loops": 1,
                      "Index Cond": "(company_id > 105255)"
                    }
                  ]
                }
              ]
            }
          ]
        }
      ]
    },
    "Planning Time": 0.185,
    "Triggers": [],
    "Execution Time": 62.556
  }
]