[
    {
        "Bao": {
            "Bao prediction": "NaN",
            "Bao recommended hint": "(no hint)"
        }
    },
    {
        "Plan": {
            "Node Type": "Aggregate",
            "Strategy": "Plain",
            "Partial Mode": "Finalize",
            "Parallel Aware": false,
            "Startup Cost": 32724.95,
            "Total Cost": 32724.96,
            "Plan Rows": 1,
            "Plan Width": 8,
            "Actual Startup Time": 91.847,
            "Actual Total Time": 97.013,
            "Actual Rows": 1,
            "Actual Loops": 1,
            "Output": [
                "count(*)"
            ],
            "Plans": [
                {
                    "Node Type": "Gather",
                    "Parent Relationship": "Outer",
                    "Parallel Aware": false,
                    "Startup Cost": 32724.63,
                    "Total Cost": 32724.94,
                    "Plan Rows": 3,
                    "Plan Width": 8,
                    "Actual Startup Time": 91.76,
                    "Actual Total Time": 97.006,
                    "Actual Rows": 4,
                    "Actual Loops": 1,
                    "Output": [
                        "(PARTIAL count(*))"
                    ],
                    "Workers Planned": 3,
                    "Workers Launched": 3,
                    "Single Copy": false,
                    "Plans": [
                        {
                            "Node Type": "Aggregate",
                            "Strategy": "Plain",
                            "Partial Mode": "Partial",
                            "Parent Relationship": "Outer",
                            "Parallel Aware": false,
                            "Startup Cost": 31724.63,
                            "Total Cost": 31724.64,
                            "Plan Rows": 1,
                            "Plan Width": 8,
                            "Actual Startup Time": 83.606,
                            "Actual Total Time": 83.607,
                            "Actual Rows": 1,
                            "Actual Loops": 4,
                            "Output": [
                                "PARTIAL count(*)"
                            ],
                            "Workers": [
                                {
                                    "Worker Number": 0,
                                    "Actual Startup Time": 80.416,
                                    "Actual Total Time": 80.418,
                                    "Actual Rows": 1,
                                    "Actual Loops": 1
                                },
                                {
                                    "Worker Number": 1,
                                    "Actual Startup Time": 81.027,
                                    "Actual Total Time": 81.028,
                                    "Actual Rows": 1,
                                    "Actual Loops": 1
                                },
                                {
                                    "Worker Number": 2,
                                    "Actual Startup Time": 81.496,
                                    "Actual Total Time": 81.497,
                                    "Actual Rows": 1,
                                    "Actual Loops": 1
                                }
                            ],
                            "Plans": [
                                {
                                    "Node Type": "Seq Scan",
                                    "Parent Relationship": "Outer",
                                    "Parallel Aware": true,
                                    "Relation Name": "movie_companies",
                                    "Schema": "public",
                                    "Alias": "mc",
                                    "Startup Cost": 0.0,
                                    "Total Cost": 31414.82,
                                    "Plan Rows": 123925,
                                    "Plan Width": 0,
                                    "Actual Startup Time": 40.939,
                                    "Actual Total Time": 75.721,
                                    "Actual Rows": 175278,
                                    "Actual Loops": 4,
                                    "Output": [
                                        "id",
                                        "movie_id",
                                        "company_id",
                                        "company_type_id",
                                        "note"
                                    ],
                                    "Filter": "((mc.company_id > 36207) AND (mc.company_type_id = 2))",
                                    "Rows Removed by Filter": 477005,
                                    "Workers": [
                                        {
                                            "Worker Number": 0,
                                            "Actual Startup Time": 37.749,
                                            "Actual Total Time": 72.769,
                                            "Actual Rows": 180396,
                                            "Actual Loops": 1
                                        },
                                        {
                                            "Worker Number": 1,
                                            "Actual Startup Time": 38.377,
                                            "Actual Total Time": 73.542,
                                            "Actual Rows": 183512,
                                            "Actual Loops": 1
                                        },
                                        {
                                            "Worker Number": 2,
                                            "Actual Startup Time": 38.815,
                                            "Actual Total Time": 73.767,
                                            "Actual Rows": 116166,
                                            "Actual Loops": 1
                                        }
                                    ]
                                }
                            ]
                        }
                    ]
                }
            ]
        },
        "Planning Time": 209.552,
        "Triggers": [],
        "Execution Time": 97.06
    }
]