[
  {
    "Plan": {
      "Node Type": "Aggregate",
      "Strategy": "Plain",
      "Partial Mode": "Finalize",
      "Parallel Aware": false,
      "Startup Cost": 338805.38,
      "Total Cost": 338805.39,
      "Plan Rows": 1,
      "Plan Width": 8,
      "Actual Startup Time": 878.102,
      "Actual Total Time": 949.636,
      "Actual Rows": 1,
      "Actual Loops": 1,
      "Plans": [
        {
          "Node Type": "Gather",
          "Parent Relationship": "Outer",
          "Parallel Aware": false,
          "Startup Cost": 338804.75,
          "Total Cost": 338805.36,
          "Plan Rows": 6,
          "Plan Width": 8,
          "Actual Startup Time": 877.987,
          "Actual Total Time": 949.626,
          "Actual Rows": 7,
          "Actual Loops": 1,
          "Workers Planned": 6,
          "Workers Launched": 6,
          "Single Copy": false,
          "Plans": [
            {
              "Node Type": "Aggregate",
              "Strategy": "Plain",
              "Partial Mode": "Partial",
              "Parent Relationship": "Outer",
              "Parallel Aware": false,
              "Startup Cost": 337804.75,
              "Total Cost": 337804.76,
              "Plan Rows": 1,
              "Plan Width": 8,
              "Actual Startup Time": 868.859,
              "Actual Total Time": 868.86,
              "Actual Rows": 1,
              "Actual Loops": 7,
              "Plans": [
                {
                  "Node Type": "Seq Scan",
                  "Parent Relationship": "Outer",
                  "Parallel Aware": true,
                  "Relation Name": "cast_info",
                  "Alias": "ci",
                  "Startup Cost": 0.0,
                  "Total Cost": 328162.03,
                  "Plan Rows": 3857090,
                  "Plan Width": 0,
                  "Actual Startup Time": 166.791,
                  "Actual Total Time": 701.441,
                  "Actual Rows": 3308566,
                  "Actual Loops": 7,
                  "Filter": "(person_id > 1292167)",
                  "Rows Removed by Filter": 1869198
                }
              ]
            }
          ]
        }
      ]
    },
    "Planning Time": 0.162,
    "Triggers": [],
    "Execution Time": 949.705
  }
]