[
  {
    "Plan": {
      "Node Type": "Aggregate",
      "Strategy": "Plain",
      "Partial Mode": "Finalize",
      "Parallel Aware": false,
      "Startup Cost": 58263.46,
      "Total Cost": 58263.47,
      "Plan Rows": 1,
      "Plan Width": 8,
      "Actual Startup Time": 108.13,
      "Actual Total Time": 121.233,
      "Actual Rows": 1,
      "Actual Loops": 1,
      "Plans": [
        {
          "Node Type": "Gather",
          "Parent Relationship": "Outer",
          "Parallel Aware": false,
          "Startup Cost": 58263.04,
          "Total Cost": 58263.45,
          "Plan Rows": 4,
          "Plan Width": 8,
          "Actual Startup Time": 107.988,
          "Actual Total Time": 121.226,
          "Actual Rows": 5,
          "Actual Loops": 1,
          "Workers Planned": 4,
          "Workers Launched": 4,
          "Single Copy": false,
          "Plans": [
            {
              "Node Type": "Aggregate",
              "Strategy": "Plain",
              "Partial Mode": "Partial",
              "Parent Relationship": "Outer",
              "Parallel Aware": false,
              "Startup Cost": 57263.04,
              "Total Cost": 57263.05,
              "Plan Rows": 1,
              "Plan Width": 8,
              "Actual Startup Time": 98.146,
              "Actual Total Time": 98.149,
              "Actual Rows": 1,
              "Actual Loops": 5,
              "Plans": [
                {
                  "Node Type": "Nested Loop",
                  "Parent Relationship": "Outer",
                  "Parallel Aware": false,
                  "Join Type": "Inner",
                  "Startup Cost": 0.86,
                  "Total Cost": 57259.37,
                  "Plan Rows": 1468,
                  "Plan Width": 0,
                  "Actual Startup Time": 1.181,
                  "Actual Total Time": 97.969,
                  "Actual Rows": 1573,
                  "Actual Loops": 5,
                  "Inner Unique": false,
                  "Join Filter": "(t.id = mi.movie_id)",
                  "Rows Removed by Join Filter": 0,
                  "Plans": [
                    {
                      "Node Type": "Nested Loop",
                      "Parent Relationship": "Outer",
                      "Parallel Aware": false,
                      "Join Type": "Inner",
                      "Startup Cost": 0.43,
                      "Total Cost": 56071.77,
                      "Plan Rows": 332,
                      "Plan Width": 8,
                      "Actual Startup Time": 0.988,
                      "Actual Total Time": 89.142,
                      "Actual Rows": 162,
                      "Actual Loops": 5,
                      "Inner Unique": false,
                      "Plans": [
                        {
                          "Node Type": "Seq Scan",
                          "Parent Relationship": "Outer",
                          "Parallel Aware": true,
                          "Relation Name": "title",
                          "Alias": "t",
                          "Startup Cost": 0.0,
                          "Total Cost": 45479.1,
                          "Plan Rows": 1844,
                          "Plan Width": 4,
                          "Actual Startup Time": 0.162,
                          "Actual Total Time": 81.519,
                          "Actual Rows": 1527,
                          "Actual Loops": 5,
                          "Filter": "((kind_id = 7) AND (production_year = 1972))",
                          "Rows Removed by Filter": 504136
                        },
                        {
                          "Node Type": "Index Scan",
                          "Parent Relationship": "Inner",
                          "Parallel Aware": false,
                          "Scan Direction": "Forward",
                          "Index Name": "movie_id_movie_info_idx",
                          "Relation Name": "movie_info_idx",
                          "Alias": "mi_idx",
                          "Startup Cost": 0.43,
                          "Total Cost": 5.73,
                          "Plan Rows": 1,
                          "Plan Width": 4,
                          "Actual Startup Time": 0.004,
                          "Actual Total Time": 0.004,
                          "Actual Rows": 0,
                          "Actual Loops": 7634,
                          "Index Cond": "(movie_id = t.id)",
                          "Rows Removed by Index Recheck": 0,
                          "Filter": "(info_type_id < 100)",
                          "Rows Removed by Filter": 0
                        }
                      ]
                    },
                    {
                      "Node Type": "Index Scan",
                      "Parent Relationship": "Inner",
                      "Parallel Aware": false,
                      "Scan Direction": "Forward",
                      "Index Name": "movie_id_movie_info",
                      "Relation Name": "movie_info",
                      "Alias": "mi",
                      "Startup Cost": 0.43,
                      "Total Cost": 3.18,
                      "Plan Rows": 32,
                      "Plan Width": 4,
                      "Actual Startup Time": 0.018,
                      "Actual Total Time": 0.052,
                      "Actual Rows": 10,
                      "Actual Loops": 812,
                      "Index Cond": "(movie_id = mi_idx.movie_id)",
                      "Rows Removed by Index Recheck": 0,
                      "Filter": "(info_type_id > 3)",
                      "Rows Removed by Filter": 2
                    }
                  ]
                }
              ]
            }
          ]
        }
      ]
    },
    "Planning Time": 1.398,
    "Triggers": [],
    "Execution Time": 121.316
  }
]