[
  {
    "Plan": {
      "Node Type": "Aggregate",
      "Strategy": "Plain",
      "Partial Mode": "Finalize",
      "Parallel Aware": false,
      "Startup Cost": 342952.11,
      "Total Cost": 342952.12,
      "Plan Rows": 1,
      "Plan Width": 8,
      "Actual Startup Time": 971.581,
      "Actual Total Time": 1033.091,
      "Actual Rows": 1,
      "Actual Loops": 1,
      "Plans": [
        {
          "Node Type": "Gather",
          "Parent Relationship": "Outer",
          "Parallel Aware": false,
          "Startup Cost": 342951.49,
          "Total Cost": 342952.1,
          "Plan Rows": 6,
          "Plan Width": 8,
          "Actual Startup Time": 971.456,
          "Actual Total Time": 1033.079,
          "Actual Rows": 7,
          "Actual Loops": 1,
          "Workers Planned": 6,
          "Workers Launched": 6,
          "Single Copy": false,
          "Plans": [
            {
              "Node Type": "Aggregate",
              "Strategy": "Plain",
              "Partial Mode": "Partial",
              "Parent Relationship": "Outer",
              "Parallel Aware": false,
              "Startup Cost": 341951.49,
              "Total Cost": 341951.5,
              "Plan Rows": 1,
              "Plan Width": 8,
              "Actual Startup Time": 961.876,
              "Actual Total Time": 961.877,
              "Actual Rows": 1,
              "Actual Loops": 7,
              "Plans": [
                {
                  "Node Type": "Seq Scan",
                  "Parent Relationship": "Outer",
                  "Parallel Aware": true,
                  "Relation Name": "cast_info",
                  "Alias": "ci",
                  "Startup Cost": 0.0,
                  "Total Cost": 328162.03,
                  "Plan Rows": 5515785,
                  "Plan Width": 0,
                  "Actual Startup Time": 49.006,
                  "Actual Total Time": 728.838,
                  "Actual Rows": 4719466,
                  "Actual Loops": 7,
                  "Filter": "(person_id > 310199)",
                  "Rows Removed by Filter": 458298
                }
              ]
            }
          ]
        }
      ]
    },
    "Planning Time": 0.208,
    "Triggers": [],
    "Execution Time": 1033.171
  }
]