{
  "Plan": {
    "Node Type": "Aggregate",
    "Strategy": "Plain",
    "Partial Mode": "Finalize",
    "Parallel Aware": false,
    "Startup Cost": 232135.79,
    "Total Cost": 232135.8,
    "Plan Rows": 1,
    "Plan Width": 8,
    "Actual Startup Time": 1354.851,
    "Actual Total Time": 1413.891,
    "Actual Rows": 1,
    "Actual Loops": 1,
    "Plans": [
      {
        "Node Type": "Gather",
        "Parent Relationship": "Outer",
        "Parallel Aware": false,
        "Startup Cost": 232135.68,
        "Total Cost": 232135.79,
        "Plan Rows": 1,
        "Plan Width": 8,
        "Actual Startup Time": 1353.896,
        "Actual Total Time": 1413.881,
        "Actual Rows": 2,
        "Actual Loops": 1,
        "Workers Planned": 1,
        "Workers Launched": 1,
        "Single Copy": false,
        "Plans": [
          {
            "Node Type": "Aggregate",
            "Strategy": "Plain",
            "Partial Mode": "Partial",
            "Parent Relationship": "Outer",
            "Parallel Aware": false,
            "Startup Cost": 231135.68,
            "Total Cost": 231135.69,
            "Plan Rows": 1,
            "Plan Width": 8,
            "Actual Startup Time": 1347.649,
            "Actual Total Time": 1347.653,
            "Actual Rows": 1,
            "Actual Loops": 2,
            "Plans": [
              {
                "Node Type": "Nested Loop",
                "Parent Relationship": "Outer",
                "Parallel Aware": false,
                "Join Type": "Inner",
                "Startup Cost": 74427.01,
                "Total Cost": 230465.95,
                "Plan Rows": 267892,
                "Plan Width": 0,
                "Actual Startup Time": 233.366,
                "Actual Total Time": 1262.795,
                "Actual Rows": 2034484,
                "Actual Loops": 2,
                "Inner Unique": false,
                "Join Filter": "(t.id = mi.movie_id)",
                "Rows Removed by Join Filter": 0,
                "Plans": [
                  {
                    "Node Type": "Hash Join",
                    "Parent Relationship": "Outer",
                    "Parallel Aware": true,
                    "Join Type": "Inner",
                    "Startup Cost": 74426.58,
                    "Total Cost": 106490.71,
                    "Plan Rows": 45815,
                    "Plan Width": 8,
                    "Actual Startup Time": 233.283,
                    "Actual Total Time": 394.556,
                    "Actual Rows": 68113,
                    "Actual Loops": 2,
                    "Inner Unique": true,
                    "Hash Cond": "(mk.movie_id = t.id)",
                    "Plans": [
                      {
                        "Node Type": "Bitmap Heap Scan",
                        "Parent Relationship": "Outer",
                        "Parallel Aware": true,
                        "Relation Name": "movie_keyword",
                        "Alias": "mk",
                        "Startup Cost": 18145.43,
                        "Total Cost": 48888.79,
                        "Plan Rows": 503149,
                        "Plan Width": 4,
                        "Actual Startup Time": 58.161,
                        "Actual Total Time": 138.943,
                        "Actual Rows": 430663,
                        "Actual Loops": 2,
                        "Recheck Cond": "(keyword_id < 820)",
                        "Rows Removed by Index Recheck": 0,
                        "Exact Heap Blocks": 13216,
                        "Lossy Heap Blocks": 0,
                        "Plans": [
                          {
                            "Node Type": "Bitmap Index Scan",
                            "Parent Relationship": "Outer",
                            "Parallel Aware": false,
                            "Index Name": "keyword_id_movie_keyword",
                            "Startup Cost": 0.0,
                            "Total Cost": 17931.59,
                            "Plan Rows": 855354,
                            "Plan Width": 0,
                            "Actual Startup Time": 54.437,
                            "Actual Total Time": 54.437,
                            "Actual Rows": 861326,
                            "Actual Loops": 1,
                            "Index Cond": "(keyword_id < 820)"
                          }
                        ]
                      },
                      {
                        "Node Type": "Hash",
                        "Parent Relationship": "Inner",
                        "Parallel Aware": true,
                        "Startup Cost": 54588.39,
                        "Total Cost": 54588.39,
                        "Plan Rows": 135421,
                        "Plan Width": 4,
                        "Actual Startup Time": 171.009,
                        "Actual Total Time": 171.01,
                        "Actual Rows": 120700,
                        "Actual Loops": 2,
                        "Hash Buckets": 262144,
                        "Original Hash Buckets": 262144,
                        "Hash Batches": 1,
                        "Original Hash Batches": 1,
                        "Peak Memory Usage": 11520,
                        "Plans": [
                          {
                            "Node Type": "Seq Scan",
                            "Parent Relationship": "Outer",
                            "Parallel Aware": true,
                            "Relation Name": "title",
                            "Alias": "t",
                            "Startup Cost": 0.0,
                            "Total Cost": 54588.39,
                            "Plan Rows": 135421,
                            "Plan Width": 4,
                            "Actual Startup Time": 0.032,
                            "Actual Total Time": 143.926,
                            "Actual Rows": 120700,
                            "Actual Loops": 2,
                            "Filter": "(production_year < 1960)",
                            "Rows Removed by Filter": 1143456
                          }
                        ]
                      }
                    ]
                  },
                  {
                    "Node Type": "Index Only Scan",
                    "Parent Relationship": "Inner",
                    "Parallel Aware": false,
                    "Scan Direction": "Forward",
                    "Index Name": "movie_id_movie_info",
                    "Relation Name": "movie_info",
                    "Alias": "mi",
                    "Startup Cost": 0.43,
                    "Total Cost": 2.18,
                    "Plan Rows": 42,
                    "Plan Width": 4,
                    "Actual Startup Time": 0.003,
                    "Actual Total Time": 0.01,
                    "Actual Rows": 30,
                    "Actual Loops": 136226,
                    "Index Cond": "(movie_id = mk.movie_id)",
                    "Rows Removed by Index Recheck": 0,
                    "Heap Fetches": 4068967
                  }
                ]
              }
            ]
          }
        ]
      }
    ]
  },
  "Planning Time": 0.974,
  "Triggers": [],
  "Execution Time": 1414.014
}