[
  {
    "Plan": {
      "Node Type": "Aggregate",
      "Strategy": "Plain",
      "Partial Mode": "Finalize",
      "Parallel Aware": false,
      "Startup Cost": 10284.99,
      "Total Cost": 10285.0,
      "Plan Rows": 1,
      "Plan Width": 8,
      "Actual Startup Time": 31.712,
      "Actual Total Time": 35.485,
      "Actual Rows": 1,
      "Actual Loops": 1,
      "Plans": [
        {
          "Node Type": "Gather",
          "Parent Relationship": "Outer",
          "Parallel Aware": false,
          "Startup Cost": 10284.68,
          "Total Cost": 10284.99,
          "Plan Rows": 3,
          "Plan Width": 8,
          "Actual Startup Time": 31.608,
          "Actual Total Time": 35.479,
          "Actual Rows": 4,
          "Actual Loops": 1,
          "Workers Planned": 3,
          "Workers Launched": 3,
          "Single Copy": false,
          "Plans": [
            {
              "Node Type": "Aggregate",
              "Strategy": "Plain",
              "Partial Mode": "Partial",
              "Parent Relationship": "Outer",
              "Parallel Aware": false,
              "Startup Cost": 9284.68,
              "Total Cost": 9284.69,
              "Plan Rows": 1,
              "Plan Width": 8,
              "Actual Startup Time": 26.272,
              "Actual Total Time": 26.273,
              "Actual Rows": 1,
              "Actual Loops": 4,
              "Plans": [
                {
                  "Node Type": "Index Scan",
                  "Parent Relationship": "Outer",
                  "Parallel Aware": true,
                  "Scan Direction": "Forward",
                  "Index Name": "role_id_cast_info",
                  "Relation Name": "cast_info",
                  "Alias": "ci",
                  "Startup Cost": 0.56,
                  "Total Cost": 9091.72,
                  "Plan Rows": 77181,
                  "Plan Width": 0,
                  "Actual Startup Time": 0.11,
                  "Actual Total Time": 22.152,
                  "Actual Rows": 70135,
                  "Actual Loops": 4,
                  "Index Cond": "(role_id > 10)",
                  "Rows Removed by Index Recheck": 0,
                  "Filter": "(person_id > 866971)",
                  "Rows Removed by Filter": 8894
                }
              ]
            }
          ]
        }
      ]
    },
    "Planning Time": 0.13,
    "Triggers": [],
    "Execution Time": 35.522
  }
]