[
  {
    "Plan": {
      "Node Type": "Aggregate",
      "Strategy": "Plain",
      "Partial Mode": "Finalize",
      "Parallel Aware": false,
      "Startup Cost": 31125.87,
      "Total Cost": 31125.88,
      "Plan Rows": 1,
      "Plan Width": 8,
      "Actual Startup Time": 95.577,
      "Actual Total Time": 103.109,
      "Actual Rows": 1,
      "Actual Loops": 1,
      "Plans": [
        {
          "Node Type": "Gather",
          "Parent Relationship": "Outer",
          "Parallel Aware": false,
          "Startup Cost": 31125.55,
          "Total Cost": 31125.86,
          "Plan Rows": 3,
          "Plan Width": 8,
          "Actual Startup Time": 95.464,
          "Actual Total Time": 103.099,
          "Actual Rows": 4,
          "Actual Loops": 1,
          "Workers Planned": 3,
          "Workers Launched": 3,
          "Single Copy": false,
          "Plans": [
            {
              "Node Type": "Aggregate",
              "Strategy": "Plain",
              "Partial Mode": "Partial",
              "Parent Relationship": "Outer",
              "Parallel Aware": false,
              "Startup Cost": 30125.55,
              "Total Cost": 30125.56,
              "Plan Rows": 1,
              "Plan Width": 8,
              "Actual Startup Time": 90.319,
              "Actual Total Time": 90.32,
              "Actual Rows": 1,
              "Actual Loops": 4,
              "Plans": [
                {
                  "Node Type": "Seq Scan",
                  "Parent Relationship": "Outer",
                  "Parallel Aware": true,
                  "Relation Name": "movie_companies",
                  "Alias": "mc",
                  "Startup Cost": 0.0,
                  "Total Cost": 29310.68,
                  "Plan Rows": 325948,
                  "Plan Width": 0,
                  "Actual Startup Time": 0.028,
                  "Actual Total Time": 75.35,
                  "Actual Rows": 252282,
                  "Actual Loops": 4,
                  "Filter": "(company_id < 4953)",
                  "Rows Removed by Filter": 400001
                }
              ]
            }
          ]
        }
      ]
    },
    "Planning Time": 0.122,
    "Triggers": [],
    "Execution Time": 103.146
  }
]