{
    "Plan": {
        "Node Type": "Aggregate",
        "Strategy": "Plain",
        "Partial Mode": "Finalize",
        "Parallel Aware": false,
        "Startup Cost": 393457.51,
        "Total Cost": 393457.52,
        "Plan Rows": 1,
        "Plan Width": 8,
        "Actual Startup Time": 2182.971,
        "Actual Total Time": 2236.128,
        "Actual Rows": 1,
        "Actual Loops": 1,
        "Output": [
            "count(*)"
        ],
        "Plans": [
            {
                "Node Type": "Gather",
                "Parent Relationship": "Outer",
                "Parallel Aware": false,
                "Startup Cost": 393456.89,
                "Total Cost": 393457.5,
                "Plan Rows": 6,
                "Plan Width": 8,
                "Actual Startup Time": 2175.04,
                "Actual Total Time": 2236.118,
                "Actual Rows": 7,
                "Actual Loops": 1,
                "Output": [
                    "(PARTIAL count(*))"
                ],
                "Workers Planned": 6,
                "Workers Launched": 6,
                "Single Copy": false,
                "Plans": [
                    {
                        "Node Type": "Aggregate",
                        "Strategy": "Plain",
                        "Partial Mode": "Partial",
                        "Parent Relationship": "Outer",
                        "Parallel Aware": false,
                        "Startup Cost": 392456.89,
                        "Total Cost": 392456.9,
                        "Plan Rows": 1,
                        "Plan Width": 8,
                        "Actual Startup Time": 2163.958,
                        "Actual Total Time": 2163.961,
                        "Actual Rows": 1,
                        "Actual Loops": 7,
                        "Output": [
                            "PARTIAL count(*)"
                        ],
                        "Workers": [
                            {
                                "Worker Number": 0,
                                "Actual Startup Time": 2162.116,
                                "Actual Total Time": 2162.12,
                                "Actual Rows": 1,
                                "Actual Loops": 1
                            },
                            {
                                "Worker Number": 1,
                                "Actual Startup Time": 2162.05,
                                "Actual Total Time": 2162.053,
                                "Actual Rows": 1,
                                "Actual Loops": 1
                            },
                            {
                                "Worker Number": 2,
                                "Actual Startup Time": 2162.931,
                                "Actual Total Time": 2162.934,
                                "Actual Rows": 1,
                                "Actual Loops": 1
                            },
                            {
                                "Worker Number": 3,
                                "Actual Startup Time": 2162.152,
                                "Actual Total Time": 2162.154,
                                "Actual Rows": 1,
                                "Actual Loops": 1
                            },
                            {
                                "Worker Number": 4,
                                "Actual Startup Time": 2162.133,
                                "Actual Total Time": 2162.136,
                                "Actual Rows": 1,
                                "Actual Loops": 1
                            },
                            {
                                "Worker Number": 5,
                                "Actual Startup Time": 2162.228,
                                "Actual Total Time": 2162.23,
                                "Actual Rows": 1,
                                "Actual Loops": 1
                            }
                        ],
                        "Plans": [
                            {
                                "Node Type": "Hash Join",
                                "Parent Relationship": "Outer",
                                "Parallel Aware": true,
                                "Join Type": "Inner",
                                "Startup Cost": 47009.89,
                                "Total Cost": 387757.03,
                                "Plan Rows": 1879945,
                                "Plan Width": 0,
                                "Actual Startup Time": 229.407,
                                "Actual Total Time": 2083.264,
                                "Actual Rows": 1645983,
                                "Actual Loops": 7,
                                "Inner Unique": true,
                                "Hash Cond": "(ci.movie_id = t.id)",
                                "Workers": [
                                    {
                                        "Worker Number": 0,
                                        "Actual Startup Time": 227.581,
                                        "Actual Total Time": 2083.067,
                                        "Actual Rows": 1202770,
                                        "Actual Loops": 1
                                    },
                                    {
                                        "Worker Number": 1,
                                        "Actual Startup Time": 227.515,
                                        "Actual Total Time": 2074.775,
                                        "Actual Rows": 1418470,
                                        "Actual Loops": 1
                                    },
                                    {
                                        "Worker Number": 2,
                                        "Actual Startup Time": 227.619,
                                        "Actual Total Time": 2075.411,
                                        "Actual Rows": 1337792,
                                        "Actual Loops": 1
                                    },
                                    {
                                        "Worker Number": 3,
                                        "Actual Startup Time": 227.694,
                                        "Actual Total Time": 2085.997,
                                        "Actual Rows": 1845860,
                                        "Actual Loops": 1
                                    },
                                    {
                                        "Worker Number": 4,
                                        "Actual Startup Time": 227.627,
                                        "Actual Total Time": 2087.225,
                                        "Actual Rows": 1864725,
                                        "Actual Loops": 1
                                    },
                                    {
                                        "Worker Number": 5,
                                        "Actual Startup Time": 227.73,
                                        "Actual Total Time": 2087.711,
                                        "Actual Rows": 1850692,
                                        "Actual Loops": 1
                                    }
                                ],
                                "Plans": [
                                    {
                                        "Node Type": "Seq Scan",
                                        "Parent Relationship": "Outer",
                                        "Parallel Aware": true,
                                        "Relation Name": "cast_info",
                                        "Schema": "public",
                                        "Alias": "ci",
                                        "Startup Cost": 0.0,
                                        "Total Cost": 328213.62,
                                        "Plan Rows": 4774664,
                                        "Plan Width": 4,
                                        "Actual Startup Time": 86.978,
                                        "Actual Total Time": 667.657,
                                        "Actual Rows": 4061263,
                                        "Actual Loops": 7,
                                        "Output": [
                                            "ci.id",
                                            "ci.person_id",
                                            "ci.movie_id",
                                            "ci.person_role_id",
                                            "ci.note",
                                            "ci.nr_order",
                                            "ci.role_id"
                                        ],
                                        "Filter": "(ci.person_id > 761235)",
                                        "Rows Removed by Filter": 1116500,
                                        "Workers": [
                                            {
                                                "Worker Number": 0,
                                                "Actual Startup Time": 86.999,
                                                "Actual Total Time": 667.735,
                                                "Actual Rows": 2929908,
                                                "Actual Loops": 1
                                            },
                                            {
                                                "Worker Number": 1,
                                                "Actual Startup Time": 86.948,
                                                "Actual Total Time": 706.706,
                                                "Actual Rows": 3489495,
                                                "Actual Loops": 1
                                            },
                                            {
                                                "Worker Number": 2,
                                                "Actual Startup Time": 86.983,
                                                "Actual Total Time": 708.245,
                                                "Actual Rows": 3288860,
                                                "Actual Loops": 1
                                            },
                                            {
                                                "Worker Number": 3,
                                                "Actual Startup Time": 86.973,
                                                "Actual Total Time": 676.732,
                                                "Actual Rows": 4569921,
                                                "Actual Loops": 1
                                            },
                                            {
                                                "Worker Number": 4,
                                                "Actual Startup Time": 86.969,
                                                "Actual Total Time": 665.524,
                                                "Actual Rows": 4617077,
                                                "Actual Loops": 1
                                            },
                                            {
                                                "Worker Number": 5,
                                                "Actual Startup Time": 87.002,
                                                "Actual Total Time": 667.166,
                                                "Actual Rows": 4568239,
                                                "Actual Loops": 1
                                            }
                                        ]
                                    },
                                    {
                                        "Node Type": "Hash",
                                        "Parent Relationship": "Inner",
                                        "Parallel Aware": true,
                                        "Startup Cost": 43899.01,
                                        "Total Cost": 43899.01,
                                        "Plan Rows": 248871,
                                        "Plan Width": 4,
                                        "Actual Startup Time": 138.85,
                                        "Actual Total Time": 138.851,
                                        "Actual Rows": 140721,
                                        "Actual Loops": 7,
                                        "Output": [
                                            "t.id"
                                        ],
                                        "Hash Buckets": 1048576,
                                        "Original Hash Buckets": 1048576,
                                        "Hash Batches": 1,
                                        "Original Hash Batches": 1,
                                        "Peak Memory Usage": 46880,
                                        "Workers": [
                                            {
                                                "Worker Number": 0,
                                                "Actual Startup Time": 139.927,
                                                "Actual Total Time": 139.928,
                                                "Actual Rows": 115028,
                                                "Actual Loops": 1
                                            },
                                            {
                                                "Worker Number": 1,
                                                "Actual Startup Time": 139.894,
                                                "Actual Total Time": 139.895,
                                                "Actual Rows": 116308,
                                                "Actual Loops": 1
                                            },
                                            {
                                                "Worker Number": 2,
                                                "Actual Startup Time": 139.949,
                                                "Actual Total Time": 139.95,
                                                "Actual Rows": 114665,
                                                "Actual Loops": 1
                                            },
                                            {
                                                "Worker Number": 3,
                                                "Actual Startup Time": 139.952,
                                                "Actual Total Time": 139.953,
                                                "Actual Rows": 114737,
                                                "Actual Loops": 1
                                            },
                                            {
                                                "Worker Number": 4,
                                                "Actual Startup Time": 139.991,
                                                "Actual Total Time": 139.992,
                                                "Actual Rows": 162844,
                                                "Actual Loops": 1
                                            },
                                            {
                                                "Worker Number": 5,
                                                "Actual Startup Time": 140.013,
                                                "Actual Total Time": 140.014,
                                                "Actual Rows": 162408,
                                                "Actual Loops": 1
                                            }
                                        ],
                                        "Plans": [
                                            {
                                                "Node Type": "Seq Scan",
                                                "Parent Relationship": "Outer",
                                                "Parallel Aware": true,
                                                "Relation Name": "title",
                                                "Schema": "public",
                                                "Alias": "t",
                                                "Startup Cost": 0.0,
                                                "Total Cost": 43899.01,
                                                "Plan Rows": 248871,
                                                "Plan Width": 4,
                                                "Actual Startup Time": 0.058,
                                                "Actual Total Time": 77.485,
                                                "Actual Rows": 140721,
                                                "Actual Loops": 7,
                                                "Output": [
                                                    "t.id"
                                                ],
                                                "Filter": "(t.kind_id < 7)",
                                                "Rows Removed by Filter": 220466,
                                                "Workers": [
                                                    {
                                                        "Worker Number": 0,
                                                        "Actual Startup Time": 0.063,
                                                        "Actual Total Time": 78.814,
                                                        "Actual Rows": 115028,
                                                        "Actual Loops": 1
                                                    },
                                                    {
                                                        "Worker Number": 1,
                                                        "Actual Startup Time": 0.063,
                                                        "Actual Total Time": 78.873,
                                                        "Actual Rows": 116308,
                                                        "Actual Loops": 1
                                                    },
                                                    {
                                                        "Worker Number": 2,
                                                        "Actual Startup Time": 0.058,
                                                        "Actual Total Time": 78.16,
                                                        "Actual Rows": 114665,
                                                        "Actual Loops": 1
                                                    },
                                                    {
                                                        "Worker Number": 3,
                                                        "Actual Startup Time": 0.069,
                                                        "Actual Total Time": 78.066,
                                                        "Actual Rows": 114737,
                                                        "Actual Loops": 1
                                                    },
                                                    {
                                                        "Worker Number": 4,
                                                        "Actual Startup Time": 0.062,
                                                        "Actual Total Time": 77.765,
                                                        "Actual Rows": 162844,
                                                        "Actual Loops": 1
                                                    },
                                                    {
                                                        "Worker Number": 5,
                                                        "Actual Startup Time": 0.065,
                                                        "Actual Total Time": 77.706,
                                                        "Actual Rows": 162408,
                                                        "Actual Loops": 1
                                                    }
                                                ]
                                            }
                                        ]
                                    }
                                ]
                            }
                        ]
                    }
                ]
            }
        ]
    },
    "Planning Time": 0.735,
    "Triggers": [],
    "Execution Time": 2236.215
}