{
  "Plan": {
    "Node Type": "Aggregate",
    "Strategy": "Plain",
    "Partial Mode": "Finalize",
    "Parallel Aware": false,
    "Startup Cost": 122845.34,
    "Total Cost": 122845.35,
    "Plan Rows": 1,
    "Plan Width": 8,
    "Actual Startup Time": 264.954,
    "Actual Total Time": 291.067,
    "Actual Rows": 1,
    "Actual Loops": 1,
    "Plans": [
      {
        "Node Type": "Gather",
        "Parent Relationship": "Outer",
        "Parallel Aware": false,
        "Startup Cost": 122845.23,
        "Total Cost": 122845.34,
        "Plan Rows": 1,
        "Plan Width": 8,
        "Actual Startup Time": 264.839,
        "Actual Total Time": 291.06,
        "Actual Rows": 2,
        "Actual Loops": 1,
        "Workers Planned": 1,
        "Workers Launched": 1,
        "Single Copy": false,
        "Plans": [
          {
            "Node Type": "Aggregate",
            "Strategy": "Plain",
            "Partial Mode": "Partial",
            "Parent Relationship": "Outer",
            "Parallel Aware": false,
            "Startup Cost": 121845.23,
            "Total Cost": 121845.24,
            "Plan Rows": 1,
            "Plan Width": 8,
            "Actual Startup Time": 258.659,
            "Actual Total Time": 258.66,
            "Actual Rows": 1,
            "Actual Loops": 2,
            "Plans": [
              {
                "Node Type": "Nested Loop",
                "Parent Relationship": "Outer",
                "Parallel Aware": false,
                "Join Type": "Inner",
                "Startup Cost": 0.87,
                "Total Cost": 121840.62,
                "Plan Rows": 1841,
                "Plan Width": 0,
                "Actual Startup Time": 2.949,
                "Actual Total Time": 258.019,
                "Actual Rows": 8052,
                "Actual Loops": 2,
                "Inner Unique": false,
                "Join Filter": "(t.id = mi.movie_id)",
                "Rows Removed by Join Filter": 0,
                "Plans": [
                  {
                    "Node Type": "Nested Loop",
                    "Parent Relationship": "Outer",
                    "Parallel Aware": false,
                    "Join Type": "Inner",
                    "Startup Cost": 0.43,
                    "Total Cost": 106931.41,
                    "Plan Rows": 9881,
                    "Plan Width": 8,
                    "Actual Startup Time": 1.137,
                    "Actual Total Time": 156.86,
                    "Actual Rows": 8582,
                    "Actual Loops": 2,
                    "Inner Unique": false,
                    "Plans": [
                      {
                        "Node Type": "Seq Scan",
                        "Parent Relationship": "Outer",
                        "Parallel Aware": true,
                        "Relation Name": "title",
                        "Alias": "t",
                        "Startup Cost": 0.0,
                        "Total Cost": 54588.39,
                        "Plan Rows": 6395,
                        "Plan Width": 4,
                        "Actual Startup Time": 0.085,
                        "Actual Total Time": 127.545,
                        "Actual Rows": 5708,
                        "Actual Loops": 2,
                        "Filter": "(production_year = 1964)",
                        "Rows Removed by Filter": 1258448
                      },
                      {
                        "Node Type": "Index Scan",
                        "Parent Relationship": "Inner",
                        "Parallel Aware": false,
                        "Scan Direction": "Forward",
                        "Index Name": "movie_id_movie_keyword",
                        "Relation Name": "movie_keyword",
                        "Alias": "mk",
                        "Startup Cost": 0.43,
                        "Total Cost": 7.79,
                        "Plan Rows": 39,
                        "Plan Width": 4,
                        "Actual Startup Time": 0.004,
                        "Actual Total Time": 0.005,
                        "Actual Rows": 2,
                        "Actual Loops": 11416,
                        "Index Cond": "(movie_id = t.id)",
                        "Rows Removed by Index Recheck": 0,
                        "Filter": "(keyword_id > 486)",
                        "Rows Removed by Filter": 0
                      }
                    ]
                  },
                  {
                    "Node Type": "Index Scan",
                    "Parent Relationship": "Inner",
                    "Parallel Aware": false,
                    "Scan Direction": "Forward",
                    "Index Name": "movie_id_movie_info",
                    "Relation Name": "movie_info",
                    "Alias": "mi",
                    "Startup Cost": 0.43,
                    "Total Cost": 1.5,
                    "Plan Rows": 1,
                    "Plan Width": 4,
                    "Actual Startup Time": 0.004,
                    "Actual Total Time": 0.011,
                    "Actual Rows": 1,
                    "Actual Loops": 17164,
                    "Index Cond": "(movie_id = mk.movie_id)",
                    "Rows Removed by Index Recheck": 0,
                    "Filter": "(info_type_id = 6)",
                    "Rows Removed by Filter": 52
                  }
                ]
              }
            ]
          }
        ]
      }
    ]
  },
  "Planning Time": 1.032,
  "Triggers": [],
  "Execution Time": 291.157
}