[
  {
    "Plan": {
      "Node Type": "Aggregate",
      "Strategy": "Plain",
      "Partial Mode": "Finalize",
      "Parallel Aware": false,
      "Startup Cost": 101721.76,
      "Total Cost": 101721.77,
      "Plan Rows": 1,
      "Plan Width": 8,
      "Actual Startup Time": 723.362,
      "Actual Total Time": 740.345,
      "Actual Rows": 1,
      "Actual Loops": 1,
      "Plans": [
        {
          "Node Type": "Gather",
          "Parent Relationship": "Outer",
          "Parallel Aware": false,
          "Startup Cost": 101721.44,
          "Total Cost": 101721.75,
          "Plan Rows": 3,
          "Plan Width": 8,
          "Actual Startup Time": 716.338,
          "Actual Total Time": 740.334,
          "Actual Rows": 4,
          "Actual Loops": 1,
          "Workers Planned": 3,
          "Workers Launched": 3,
          "Single Copy": false,
          "Plans": [
            {
              "Node Type": "Aggregate",
              "Strategy": "Plain",
              "Partial Mode": "Partial",
              "Parent Relationship": "Outer",
              "Parallel Aware": false,
              "Startup Cost": 100721.44,
              "Total Cost": 100721.45,
              "Plan Rows": 1,
              "Plan Width": 8,
              "Actual Startup Time": 698.614,
              "Actual Total Time": 698.617,
              "Actual Rows": 1,
              "Actual Loops": 4,
              "Plans": [
                {
                  "Node Type": "Hash Join",
                  "Parent Relationship": "Outer",
                  "Parallel Aware": true,
                  "Join Type": "Inner",
                  "Startup Cost": 51108.03,
                  "Total Cost": 97505.02,
                  "Plan Rows": 1286568,
                  "Plan Width": 0,
                  "Actual Startup Time": 350.794,
                  "Actual Total Time": 655.441,
                  "Actual Rows": 982311,
                  "Actual Loops": 4,
                  "Inner Unique": true,
                  "Hash Cond": "(mk.movie_id = t.id)",
                  "Plans": [
                    {
                      "Node Type": "Seq Scan",
                      "Parent Relationship": "Outer",
                      "Parallel Aware": true,
                      "Relation Name": "movie_keyword",
                      "Alias": "mk",
                      "Startup Cost": 0.0,
                      "Total Cost": 42695.65,
                      "Plan Rows": 1410030,
                      "Plan Width": 4,
                      "Actual Startup Time": 0.029,
                      "Actual Total Time": 123.39,
                      "Actual Rows": 1093646,
                      "Actual Loops": 4,
                      "Filter": "(keyword_id < 73967)",
                      "Rows Removed by Filter": 37336
                    },
                    {
                      "Node Type": "Hash",
                      "Parent Relationship": "Inner",
                      "Parallel Aware": true,
                      "Startup Cost": 43898.92,
                      "Total Cost": 43898.92,
                      "Plan Rows": 576729,
                      "Plan Width": 4,
                      "Actual Startup Time": 339.628,
                      "Actual Total Time": 339.629,
                      "Actual Rows": 575744,
                      "Actual Loops": 4,
                      "Hash Buckets": 4194304,
                      "Original Hash Buckets": 4194304,
                      "Hash Batches": 1,
                      "Original Hash Batches": 1,
                      "Peak Memory Usage": 122944,
                      "Plans": [
                        {
                          "Node Type": "Seq Scan",
                          "Parent Relationship": "Outer",
                          "Parallel Aware": true,
                          "Relation Name": "title",
                          "Alias": "t",
                          "Startup Cost": 0.0,
                          "Total Cost": 43898.92,
                          "Plan Rows": 576729,
                          "Plan Width": 4,
                          "Actual Startup Time": 0.033,
                          "Actual Total Time": 119.607,
                          "Actual Rows": 575744,
                          "Actual Loops": 4,
                          "Filter": "(production_year > 1945)",
                          "Rows Removed by Filter": 56334
                        }
                      ]
                    }
                  ]
                }
              ]
            }
          ]
        }
      ]
    },
    "Planning Time": 0.648,
    "Triggers": [],
    "Execution Time": 740.411
  }
]