[
  {
    "Plan": {
      "Node Type": "Aggregate",
      "Strategy": "Plain",
      "Partial Mode": "Finalize",
      "Parallel Aware": false,
      "Startup Cost": 32949.27,
      "Total Cost": 32949.28,
      "Plan Rows": 1,
      "Plan Width": 8,
      "Actual Startup Time": 84.759,
      "Actual Total Time": 91.303,
      "Actual Rows": 1,
      "Actual Loops": 1,
      "Plans": [
        {
          "Node Type": "Gather",
          "Parent Relationship": "Outer",
          "Parallel Aware": false,
          "Startup Cost": 32948.95,
          "Total Cost": 32949.26,
          "Plan Rows": 3,
          "Plan Width": 8,
          "Actual Startup Time": 84.663,
          "Actual Total Time": 91.293,
          "Actual Rows": 4,
          "Actual Loops": 1,
          "Workers Planned": 3,
          "Workers Launched": 3,
          "Single Copy": false,
          "Plans": [
            {
              "Node Type": "Aggregate",
              "Strategy": "Plain",
              "Partial Mode": "Partial",
              "Parent Relationship": "Outer",
              "Parallel Aware": false,
              "Startup Cost": 31948.95,
              "Total Cost": 31948.96,
              "Plan Rows": 1,
              "Plan Width": 8,
              "Actual Startup Time": 81.592,
              "Actual Total Time": 81.593,
              "Actual Rows": 1,
              "Actual Loops": 4,
              "Plans": [
                {
                  "Node Type": "Seq Scan",
                  "Parent Relationship": "Outer",
                  "Parallel Aware": true,
                  "Relation Name": "movie_companies",
                  "Alias": "mc",
                  "Startup Cost": 0.0,
                  "Total Cost": 31414.82,
                  "Plan Rows": 213652,
                  "Plan Width": 0,
                  "Actual Startup Time": 35.695,
                  "Actual Total Time": 71.536,
                  "Actual Rows": 225685,
                  "Actual Loops": 4,
                  "Filter": "((company_id > 11385) AND (company_type_id > 1))",
                  "Rows Removed by Filter": 426597
                }
              ]
            }
          ]
        }
      ]
    },
    "Planning Time": 0.103,
    "Triggers": [],
    "Execution Time": 91.33
  }
]