[
  {
    "Plan": {
      "Node Type": "Aggregate",
      "Strategy": "Plain",
      "Partial Mode": "Finalize",
      "Parallel Aware": false,
      "Startup Cost": 72721.82,
      "Total Cost": 72721.83,
      "Plan Rows": 1,
      "Plan Width": 8,
      "Actual Startup Time": 107.741,
      "Actual Total Time": 123.331,
      "Actual Rows": 1,
      "Actual Loops": 1,
      "Plans": [
        {
          "Node Type": "Gather",
          "Parent Relationship": "Outer",
          "Parallel Aware": false,
          "Startup Cost": 72721.4,
          "Total Cost": 72721.81,
          "Plan Rows": 4,
          "Plan Width": 8,
          "Actual Startup Time": 107.543,
          "Actual Total Time": 123.321,
          "Actual Rows": 5,
          "Actual Loops": 1,
          "Workers Planned": 4,
          "Workers Launched": 4,
          "Single Copy": false,
          "Plans": [
            {
              "Node Type": "Aggregate",
              "Strategy": "Plain",
              "Partial Mode": "Partial",
              "Parent Relationship": "Outer",
              "Parallel Aware": false,
              "Startup Cost": 71721.4,
              "Total Cost": 71721.41,
              "Plan Rows": 1,
              "Plan Width": 8,
              "Actual Startup Time": 102.922,
              "Actual Total Time": 102.924,
              "Actual Rows": 1,
              "Actual Loops": 5,
              "Plans": [
                {
                  "Node Type": "Nested Loop",
                  "Parent Relationship": "Outer",
                  "Parallel Aware": false,
                  "Join Type": "Inner",
                  "Startup Cost": 0.43,
                  "Total Cost": 71711.5,
                  "Plan Rows": 3957,
                  "Plan Width": 0,
                  "Actual Startup Time": 0.294,
                  "Actual Total Time": 102.509,
                  "Actual Rows": 3853,
                  "Actual Loops": 5,
                  "Inner Unique": false,
                  "Plans": [
                    {
                      "Node Type": "Seq Scan",
                      "Parent Relationship": "Outer",
                      "Parallel Aware": true,
                      "Relation Name": "title",
                      "Alias": "t",
                      "Startup Cost": 0.0,
                      "Total Cost": 43899.32,
                      "Plan Rows": 3835,
                      "Plan Width": 4,
                      "Actual Startup Time": 0.081,
                      "Actual Total Time": 76.713,
                      "Actual Rows": 2985,
                      "Actual Loops": 5,
                      "Filter": "(production_year = 1979)",
                      "Rows Removed by Filter": 502677
                    },
                    {
                      "Node Type": "Index Only Scan",
                      "Parent Relationship": "Inner",
                      "Parallel Aware": false,
                      "Scan Direction": "Forward",
                      "Index Name": "movie_id_movie_companies",
                      "Relation Name": "movie_companies",
                      "Alias": "mc",
                      "Startup Cost": 0.43,
                      "Total Cost": 7.2,
                      "Plan Rows": 5,
                      "Plan Width": 4,
                      "Actual Startup Time": 0.007,
                      "Actual Total Time": 0.008,
                      "Actual Rows": 1,
                      "Actual Loops": 14926,
                      "Index Cond": "(movie_id = t.id)",
                      "Rows Removed by Index Recheck": 0,
                      "Heap Fetches": 19266
                    }
                  ]
                }
              ]
            }
          ]
        }
      ]
    },
    "Planning Time": 0.62,
    "Triggers": [],
    "Execution Time": 123.401
  }
]