{
  "Plan": {
    "Node Type": "Aggregate",
    "Strategy": "Plain",
    "Partial Mode": "Finalize",
    "Parallel Aware": false,
    "Startup Cost": 83335.46,
    "Total Cost": 83335.47,
    "Plan Rows": 1,
    "Plan Width": 8,
    "Actual Startup Time": 195.9,
    "Actual Total Time": 211.161,
    "Actual Rows": 1,
    "Actual Loops": 1,
    "Plans": [
      {
        "Node Type": "Gather",
        "Parent Relationship": "Outer",
        "Parallel Aware": false,
        "Startup Cost": 83335.35,
        "Total Cost": 83335.46,
        "Plan Rows": 1,
        "Plan Width": 8,
        "Actual Startup Time": 195.429,
        "Actual Total Time": 211.153,
        "Actual Rows": 2,
        "Actual Loops": 1,
        "Workers Planned": 1,
        "Workers Launched": 1,
        "Single Copy": false,
        "Plans": [
          {
            "Node Type": "Aggregate",
            "Strategy": "Plain",
            "Partial Mode": "Partial",
            "Parent Relationship": "Outer",
            "Parallel Aware": false,
            "Startup Cost": 82335.35,
            "Total Cost": 82335.36,
            "Plan Rows": 1,
            "Plan Width": 8,
            "Actual Startup Time": 189.526,
            "Actual Total Time": 189.529,
            "Actual Rows": 1,
            "Actual Loops": 2,
            "Plans": [
              {
                "Node Type": "Hash Join",
                "Parent Relationship": "Outer",
                "Parallel Aware": true,
                "Join Type": "Inner",
                "Startup Cost": 56642.98,
                "Total Cost": 82331.52,
                "Plan Rows": 1533,
                "Plan Width": 0,
                "Actual Startup Time": 166.969,
                "Actual Total Time": 189.503,
                "Actual Rows": 182,
                "Actual Loops": 2,
                "Inner Unique": true,
                "Hash Cond": "(mk.movie_id = t.id)",
                "Plans": [
                  {
                    "Node Type": "Bitmap Heap Scan",
                    "Parent Relationship": "Outer",
                    "Parallel Aware": true,
                    "Relation Name": "movie_keyword",
                    "Alias": "mk",
                    "Startup Cost": 869.14,
                    "Total Cost": 26494.58,
                    "Plan Rows": 24039,
                    "Plan Width": 4,
                    "Actual Startup Time": 4.408,
                    "Actual Total Time": 22.165,
                    "Actual Rows": 20920,
                    "Actual Loops": 2,
                    "Recheck Cond": "(keyword_id = 117)",
                    "Rows Removed by Index Recheck": 0,
                    "Exact Heap Blocks": 8584,
                    "Lossy Heap Blocks": 0,
                    "Plans": [
                      {
                        "Node Type": "Bitmap Index Scan",
                        "Parent Relationship": "Outer",
                        "Parallel Aware": false,
                        "Index Name": "keyword_id_movie_keyword",
                        "Startup Cost": 0.0,
                        "Total Cost": 858.93,
                        "Plan Rows": 40866,
                        "Plan Width": 0,
                        "Actual Startup Time": 2.821,
                        "Actual Total Time": 2.822,
                        "Actual Rows": 41840,
                        "Actual Loops": 1,
                        "Index Cond": "(keyword_id = 117)"
                      }
                    ]
                  },
                  {
                    "Node Type": "Hash",
                    "Parent Relationship": "Inner",
                    "Parallel Aware": true,
                    "Startup Cost": 54588.39,
                    "Total Cost": 54588.39,
                    "Plan Rows": 94836,
                    "Plan Width": 4,
                    "Actual Startup Time": 158.722,
                    "Actual Total Time": 158.723,
                    "Actual Rows": 80008,
                    "Actual Loops": 2,
                    "Hash Buckets": 262144,
                    "Original Hash Buckets": 262144,
                    "Hash Batches": 1,
                    "Original Hash Batches": 1,
                    "Peak Memory Usage": 8352,
                    "Plans": [
                      {
                        "Node Type": "Seq Scan",
                        "Parent Relationship": "Outer",
                        "Parallel Aware": true,
                        "Relation Name": "title",
                        "Alias": "t",
                        "Startup Cost": 0.0,
                        "Total Cost": 54588.39,
                        "Plan Rows": 94836,
                        "Plan Width": 4,
                        "Actual Startup Time": 0.033,
                        "Actual Total Time": 137.333,
                        "Actual Rows": 80008,
                        "Actual Loops": 2,
                        "Filter": "(production_year = 2011)",
                        "Rows Removed by Filter": 1184148
                      }
                    ]
                  }
                ]
              }
            ]
          }
        ]
      }
    ]
  },
  "Planning Time": 0.449,
  "Triggers": [],
  "Execution Time": 211.251
}