[
  {
    "Plan": {
      "Node Type": "Aggregate",
      "Strategy": "Plain",
      "Partial Mode": "Finalize",
      "Parallel Aware": false,
      "Startup Cost": 46709.08,
      "Total Cost": 46709.09,
      "Plan Rows": 1,
      "Plan Width": 8,
      "Actual Startup Time": 103.05,
      "Actual Total Time": 116.938,
      "Actual Rows": 1,
      "Actual Loops": 1,
      "Plans": [
        {
          "Node Type": "Gather",
          "Parent Relationship": "Outer",
          "Parallel Aware": false,
          "Startup Cost": 46708.66,
          "Total Cost": 46709.07,
          "Plan Rows": 4,
          "Plan Width": 8,
          "Actual Startup Time": 102.788,
          "Actual Total Time": 116.927,
          "Actual Rows": 5,
          "Actual Loops": 1,
          "Workers Planned": 4,
          "Workers Launched": 4,
          "Single Copy": false,
          "Plans": [
            {
              "Node Type": "Aggregate",
              "Strategy": "Plain",
              "Partial Mode": "Partial",
              "Parent Relationship": "Outer",
              "Parallel Aware": false,
              "Startup Cost": 45708.66,
              "Total Cost": 45708.67,
              "Plan Rows": 1,
              "Plan Width": 8,
              "Actual Startup Time": 93.674,
              "Actual Total Time": 93.675,
              "Actual Rows": 1,
              "Actual Loops": 5,
              "Plans": [
                {
                  "Node Type": "Seq Scan",
                  "Parent Relationship": "Outer",
                  "Parallel Aware": true,
                  "Relation Name": "title",
                  "Alias": "t",
                  "Startup Cost": 0.0,
                  "Total Cost": 45479.59,
                  "Plan Rows": 91629,
                  "Plan Width": 0,
                  "Actual Startup Time": 0.052,
                  "Actual Total Time": 90.42,
                  "Actual Rows": 48790,
                  "Actual Loops": 5,
                  "Filter": "((kind_id > 2) AND (production_year < 1982))",
                  "Rows Removed by Filter": 456873
                }
              ]
            }
          ]
        }
      ]
    },
    "Planning Time": 0.123,
    "Triggers": [],
    "Execution Time": 116.976
  }
]