[
  {
    "Plan": {
      "Node Type": "Aggregate",
      "Strategy": "Plain",
      "Partial Mode": "Finalize",
      "Parallel Aware": false,
      "Startup Cost": 345821.21,
      "Total Cost": 345821.22,
      "Plan Rows": 1,
      "Plan Width": 8,
      "Actual Startup Time": 618.211,
      "Actual Total Time": 665.311,
      "Actual Rows": 1,
      "Actual Loops": 1,
      "Plans": [
        {
          "Node Type": "Gather",
          "Parent Relationship": "Outer",
          "Parallel Aware": false,
          "Startup Cost": 345820.59,
          "Total Cost": 345821.2,
          "Plan Rows": 6,
          "Plan Width": 8,
          "Actual Startup Time": 617.873,
          "Actual Total Time": 665.288,
          "Actual Rows": 7,
          "Actual Loops": 1,
          "Workers Planned": 6,
          "Workers Launched": 6,
          "Single Copy": false,
          "Plans": [
            {
              "Node Type": "Aggregate",
              "Strategy": "Plain",
              "Partial Mode": "Partial",
              "Parent Relationship": "Outer",
              "Parallel Aware": false,
              "Startup Cost": 344820.59,
              "Total Cost": 344820.6,
              "Plan Rows": 1,
              "Plan Width": 8,
              "Actual Startup Time": 608.108,
              "Actual Total Time": 608.109,
              "Actual Rows": 1,
              "Actual Loops": 7,
              "Plans": [
                {
                  "Node Type": "Seq Scan",
                  "Parent Relationship": "Outer",
                  "Parallel Aware": true,
                  "Relation Name": "cast_info",
                  "Alias": "ci",
                  "Startup Cost": 0.0,
                  "Total Cost": 343316.27,
                  "Plan Rows": 601726,
                  "Plan Width": 0,
                  "Actual Startup Time": 214.898,
                  "Actual Total Time": 597.39,
                  "Actual Rows": 226135,
                  "Actual Loops": 7,
                  "Filter": "((person_id < 553945) AND (role_id > 1))",
                  "Rows Removed by Filter": 4951629
                }
              ]
            }
          ]
        }
      ]
    },
    "Planning Time": 0.201,
    "Triggers": [],
    "Execution Time": 665.348
  }
]