[
  {
    "Plan": {
      "Node Type": "Aggregate",
      "Strategy": "Plain",
      "Partial Mode": "Finalize",
      "Parallel Aware": false,
      "Startup Cost": 80102.98,
      "Total Cost": 80102.99,
      "Plan Rows": 1,
      "Plan Width": 8,
      "Actual Startup Time": 362.962,
      "Actual Total Time": 378.34,
      "Actual Rows": 1,
      "Actual Loops": 1,
      "Plans": [
        {
          "Node Type": "Gather",
          "Parent Relationship": "Outer",
          "Parallel Aware": false,
          "Startup Cost": 80102.56,
          "Total Cost": 80102.97,
          "Plan Rows": 4,
          "Plan Width": 8,
          "Actual Startup Time": 360.018,
          "Actual Total Time": 378.328,
          "Actual Rows": 5,
          "Actual Loops": 1,
          "Workers Planned": 4,
          "Workers Launched": 4,
          "Single Copy": false,
          "Plans": [
            {
              "Node Type": "Aggregate",
              "Strategy": "Plain",
              "Partial Mode": "Partial",
              "Parent Relationship": "Outer",
              "Parallel Aware": false,
              "Startup Cost": 79102.56,
              "Total Cost": 79102.57,
              "Plan Rows": 1,
              "Plan Width": 8,
              "Actual Startup Time": 350.121,
              "Actual Total Time": 350.124,
              "Actual Rows": 1,
              "Actual Loops": 5,
              "Plans": [
                {
                  "Node Type": "Hash Join",
                  "Parent Relationship": "Outer",
                  "Parallel Aware": true,
                  "Join Type": "Inner",
                  "Startup Cost": 32493.54,
                  "Total Cost": 78609.21,
                  "Plan Rows": 197338,
                  "Plan Width": 0,
                  "Actual Startup Time": 133.847,
                  "Actual Total Time": 343.013,
                  "Actual Rows": 160746,
                  "Actual Loops": 5,
                  "Inner Unique": false,
                  "Hash Cond": "(t.id = mc.movie_id)",
                  "Plans": [
                    {
                      "Node Type": "Seq Scan",
                      "Parent Relationship": "Outer",
                      "Parallel Aware": true,
                      "Relation Name": "title",
                      "Alias": "t",
                      "Startup Cost": 0.0,
                      "Total Cost": 42318.73,
                      "Plan Rows": 632073,
                      "Plan Width": 4,
                      "Actual Startup Time": 0.011,
                      "Actual Total Time": 65.865,
                      "Actual Rows": 505662,
                      "Actual Loops": 5
                    },
                    {
                      "Node Type": "Hash",
                      "Parent Relationship": "Inner",
                      "Parallel Aware": true,
                      "Startup Cost": 29310.68,
                      "Total Cost": 29310.68,
                      "Plan Rows": 254629,
                      "Plan Width": 4,
                      "Actual Startup Time": 129.384,
                      "Actual Total Time": 129.385,
                      "Actual Rows": 160746,
                      "Actual Loops": 5,
                      "Hash Buckets": 1048576,
                      "Original Hash Buckets": 1048576,
                      "Hash Batches": 1,
                      "Original Hash Batches": 1,
                      "Peak Memory Usage": 39744,
                      "Plans": [
                        {
                          "Node Type": "Seq Scan",
                          "Parent Relationship": "Outer",
                          "Parallel Aware": true,
                          "Relation Name": "movie_companies",
                          "Alias": "mc",
                          "Startup Cost": 0.0,
                          "Total Cost": 29310.68,
                          "Plan Rows": 254629,
                          "Plan Width": 4,
                          "Actual Startup Time": 26.359,
                          "Actual Total Time": 75.381,
                          "Actual Rows": 160746,
                          "Actual Loops": 5,
                          "Filter": "(company_id > 30014)",
                          "Rows Removed by Filter": 361080
                        }
                      ]
                    }
                  ]
                }
              ]
            }
          ]
        }
      ]
    },
    "Planning Time": 0.635,
    "Triggers": [],
    "Execution Time": 378.458
  }
]