{
    "Plan": {
        "Node Type": "Aggregate",
        "Strategy": "Plain",
        "Partial Mode": "Finalize",
        "Parallel Aware": false,
        "Startup Cost": 134781.23,
        "Total Cost": 134781.24,
        "Plan Rows": 1,
        "Plan Width": 8,
        "Actual Startup Time": 1219.14,
        "Actual Total Time": 1311.093,
        "Actual Rows": 1,
        "Actual Loops": 1,
        "Output": [
            "count(*)"
        ],
        "Plans": [
            {
                "Node Type": "Gather",
                "Parent Relationship": "Outer",
                "Parallel Aware": false,
                "Startup Cost": 134780.81,
                "Total Cost": 134781.22,
                "Plan Rows": 4,
                "Plan Width": 8,
                "Actual Startup Time": 1218.186,
                "Actual Total Time": 1311.082,
                "Actual Rows": 5,
                "Actual Loops": 1,
                "Output": [
                    "(PARTIAL count(*))"
                ],
                "Workers Planned": 4,
                "Workers Launched": 4,
                "Single Copy": false,
                "Plans": [
                    {
                        "Node Type": "Aggregate",
                        "Strategy": "Plain",
                        "Partial Mode": "Partial",
                        "Parent Relationship": "Outer",
                        "Parallel Aware": false,
                        "Startup Cost": 133780.81,
                        "Total Cost": 133780.82,
                        "Plan Rows": 1,
                        "Plan Width": 8,
                        "Actual Startup Time": 1207.168,
                        "Actual Total Time": 1207.171,
                        "Actual Rows": 1,
                        "Actual Loops": 5,
                        "Output": [
                            "PARTIAL count(*)"
                        ],
                        "Workers": [
                            {
                                "Worker Number": 0,
                                "Actual Startup Time": 1205.129,
                                "Actual Total Time": 1205.131,
                                "Actual Rows": 1,
                                "Actual Loops": 1
                            },
                            {
                                "Worker Number": 1,
                                "Actual Startup Time": 1204.198,
                                "Actual Total Time": 1204.201,
                                "Actual Rows": 1,
                                "Actual Loops": 1
                            },
                            {
                                "Worker Number": 2,
                                "Actual Startup Time": 1205.111,
                                "Actual Total Time": 1205.115,
                                "Actual Rows": 1,
                                "Actual Loops": 1
                            },
                            {
                                "Worker Number": 3,
                                "Actual Startup Time": 1204.054,
                                "Actual Total Time": 1204.058,
                                "Actual Rows": 1,
                                "Actual Loops": 1
                            }
                        ],
                        "Plans": [
                            {
                                "Node Type": "Nested Loop",
                                "Parent Relationship": "Outer",
                                "Parallel Aware": false,
                                "Join Type": "Inner",
                                "Startup Cost": 29883.27,
                                "Total Cost": 133312.82,
                                "Plan Rows": 187196,
                                "Plan Width": 0,
                                "Actual Startup Time": 195.89,
                                "Actual Total Time": 1188.096,
                                "Actual Rows": 265785,
                                "Actual Loops": 5,
                                "Inner Unique": false,
                                "Workers": [
                                    {
                                        "Worker Number": 0,
                                        "Actual Startup Time": 188.397,
                                        "Actual Total Time": 1189.282,
                                        "Actual Rows": 321045,
                                        "Actual Loops": 1
                                    },
                                    {
                                        "Worker Number": 1,
                                        "Actual Startup Time": 196.153,
                                        "Actual Total Time": 1184.826,
                                        "Actual Rows": 232331,
                                        "Actual Loops": 1
                                    },
                                    {
                                        "Worker Number": 2,
                                        "Actual Startup Time": 189.617,
                                        "Actual Total Time": 1187.773,
                                        "Actual Rows": 201594,
                                        "Actual Loops": 1
                                    },
                                    {
                                        "Worker Number": 3,
                                        "Actual Startup Time": 196.037,
                                        "Actual Total Time": 1184.681,
                                        "Actual Rows": 233115,
                                        "Actual Loops": 1
                                    }
                                ],
                                "Plans": [
                                    {
                                        "Node Type": "Hash Join",
                                        "Parent Relationship": "Outer",
                                        "Parallel Aware": true,
                                        "Join Type": "Inner",
                                        "Startup Cost": 29882.71,
                                        "Total Cost": 75940.95,
                                        "Plan Rows": 23384,
                                        "Plan Width": 8,
                                        "Actual Startup Time": 195.792,
                                        "Actual Total Time": 272.071,
                                        "Actual Rows": 18558,
                                        "Actual Loops": 5,
                                        "Output": [
                                            "t.id",
                                            "mc.movie_id"
                                        ],
                                        "Inner Unique": false,
                                        "Hash Cond": "(t.id = mc.movie_id)",
                                        "Workers": [
                                            {
                                                "Worker Number": 0,
                                                "Actual Startup Time": 188.294,
                                                "Actual Total Time": 268.146,
                                                "Actual Rows": 22515,
                                                "Actual Loops": 1
                                            },
                                            {
                                                "Worker Number": 1,
                                                "Actual Startup Time": 196.056,
                                                "Actual Total Time": 266.679,
                                                "Actual Rows": 16297,
                                                "Actual Loops": 1
                                            },
                                            {
                                                "Worker Number": 2,
                                                "Actual Startup Time": 189.472,
                                                "Actual Total Time": 264.238,
                                                "Actual Rows": 14395,
                                                "Actual Loops": 1
                                            },
                                            {
                                                "Worker Number": 3,
                                                "Actual Startup Time": 195.921,
                                                "Actual Total Time": 264.832,
                                                "Actual Rows": 15921,
                                                "Actual Loops": 1
                                            }
                                        ],
                                        "Plans": [
                                            {
                                                "Node Type": "Seq Scan",
                                                "Parent Relationship": "Outer",
                                                "Parallel Aware": true,
                                                "Relation Name": "title",
                                                "Schema": "public",
                                                "Alias": "t",
                                                "Startup Cost": 0.0,
                                                "Total Cost": 43899.01,
                                                "Plan Rows": 416761,
                                                "Plan Width": 4,
                                                "Actual Startup Time": 0.026,
                                                "Actual Total Time": 100.125,
                                                "Actual Rows": 334258,
                                                "Actual Loops": 5,
                                                "Output": [
                                                    "t.id",
                                                    "t.title",
                                                    "t.imdb_index",
                                                    "t.kind_id",
                                                    "t.production_year",
                                                    "t.imdb_id",
                                                    "t.phonetic_code",
                                                    "t.episode_of_id",
                                                    "t.season_nr",
                                                    "t.episode_nr",
                                                    "t.series_years",
                                                    "t.md5sum"
                                                ],
                                                "Filter": "(t.production_year < 2008)",
                                                "Rows Removed by Filter": 171404,
                                                "Workers": [
                                                    {
                                                        "Worker Number": 0,
                                                        "Actual Startup Time": 0.026,
                                                        "Actual Total Time": 98.679,
                                                        "Actual Rows": 413741,
                                                        "Actual Loops": 1
                                                    },
                                                    {
                                                        "Worker Number": 1,
                                                        "Actual Startup Time": 0.03,
                                                        "Actual Total Time": 102.75,
                                                        "Actual Rows": 292981,
                                                        "Actual Loops": 1
                                                    },
                                                    {
                                                        "Worker Number": 2,
                                                        "Actual Startup Time": 0.035,
                                                        "Actual Total Time": 96.924,
                                                        "Actual Rows": 258860,
                                                        "Actual Loops": 1
                                                    },
                                                    {
                                                        "Worker Number": 3,
                                                        "Actual Startup Time": 0.032,
                                                        "Actual Total Time": 101.556,
                                                        "Actual Rows": 291131,
                                                        "Actual Loops": 1
                                                    }
                                                ]
                                            },
                                            {
                                                "Node Type": "Hash",
                                                "Parent Relationship": "Inner",
                                                "Parallel Aware": true,
                                                "Startup Cost": 29310.68,
                                                "Total Cost": 29310.68,
                                                "Plan Rows": 45762,
                                                "Plan Width": 4,
                                                "Actual Startup Time": 81.373,
                                                "Actual Total Time": 81.374,
                                                "Actual Rows": 28915,
                                                "Actual Loops": 5,
                                                "Output": [
                                                    "mc.movie_id"
                                                ],
                                                "Hash Buckets": 262144,
                                                "Original Hash Buckets": 262144,
                                                "Hash Batches": 1,
                                                "Original Hash Batches": 1,
                                                "Peak Memory Usage": 7776,
                                                "Workers": [
                                                    {
                                                        "Worker Number": 0,
                                                        "Actual Startup Time": 81.021,
                                                        "Actual Total Time": 81.021,
                                                        "Actual Rows": 37348,
                                                        "Actual Loops": 1
                                                    },
                                                    {
                                                        "Worker Number": 1,
                                                        "Actual Startup Time": 80.138,
                                                        "Actual Total Time": 80.139,
                                                        "Actual Rows": 26266,
                                                        "Actual Loops": 1
                                                    },
                                                    {
                                                        "Worker Number": 2,
                                                        "Actual Startup Time": 80.789,
                                                        "Actual Total Time": 80.79,
                                                        "Actual Rows": 23606,
                                                        "Actual Loops": 1
                                                    },
                                                    {
                                                        "Worker Number": 3,
                                                        "Actual Startup Time": 79.928,
                                                        "Actual Total Time": 79.929,
                                                        "Actual Rows": 25746,
                                                        "Actual Loops": 1
                                                    }
                                                ],
                                                "Plans": [
                                                    {
                                                        "Node Type": "Seq Scan",
                                                        "Parent Relationship": "Outer",
                                                        "Parallel Aware": true,
                                                        "Relation Name": "movie_companies",
                                                        "Schema": "public",
                                                        "Alias": "mc",
                                                        "Startup Cost": 0.0,
                                                        "Total Cost": 29310.68,
                                                        "Plan Rows": 45762,
                                                        "Plan Width": 4,
                                                        "Actual Startup Time": 54.64,
                                                        "Actual Total Time": 71.004,
                                                        "Actual Rows": 28915,
                                                        "Actual Loops": 5,
                                                        "Output": [
                                                            "mc.movie_id"
                                                        ],
                                                        "Filter": "(mc.company_id > 134382)",
                                                        "Rows Removed by Filter": 492911,
                                                        "Workers": [
                                                            {
                                                                "Worker Number": 0,
                                                                "Actual Startup Time": 54.255,
                                                                "Actual Total Time": 70.365,
                                                                "Actual Rows": 37348,
                                                                "Actual Loops": 1
                                                            },
                                                            {
                                                                "Worker Number": 1,
                                                                "Actual Startup Time": 53.415,
                                                                "Actual Total Time": 70.176,
                                                                "Actual Rows": 26266,
                                                                "Actual Loops": 1
                                                            },
                                                            {
                                                                "Worker Number": 2,
                                                                "Actual Startup Time": 54.055,
                                                                "Actual Total Time": 70.364,
                                                                "Actual Rows": 23606,
                                                                "Actual Loops": 1
                                                            },
                                                            {
                                                                "Worker Number": 3,
                                                                "Actual Startup Time": 53.185,
                                                                "Actual Total Time": 69.8,
                                                                "Actual Rows": 25746,
                                                                "Actual Loops": 1
                                                            }
                                                        ]
                                                    }
                                                ]
                                            }
                                        ]
                                    },
                                    {
                                        "Node Type": "Index Scan",
                                        "Parent Relationship": "Inner",
                                        "Parallel Aware": false,
                                        "Scan Direction": "Forward",
                                        "Index Name": "movie_id_cast_info",
                                        "Relation Name": "cast_info",
                                        "Schema": "public",
                                        "Alias": "ci",
                                        "Startup Cost": 0.56,
                                        "Total Cost": 2.24,
                                        "Plan Rows": 21,
                                        "Plan Width": 4,
                                        "Actual Startup Time": 0.009,
                                        "Actual Total Time": 0.047,
                                        "Actual Rows": 14,
                                        "Actual Loops": 92788,
                                        "Output": [
                                            "ci.id",
                                            "ci.person_id",
                                            "ci.movie_id",
                                            "ci.person_role_id",
                                            "ci.note",
                                            "ci.nr_order",
                                            "ci.role_id"
                                        ],
                                        "Index Cond": "(ci.movie_id = t.id)",
                                        "Rows Removed by Index Recheck": 0,
                                        "Filter": "(ci.role_id < 3)",
                                        "Rows Removed by Filter": 12,
                                        "Workers": [
                                            {
                                                "Worker Number": 0,
                                                "Actual Startup Time": 0.007,
                                                "Actual Total Time": 0.04,
                                                "Actual Rows": 14,
                                                "Actual Loops": 22515
                                            },
                                            {
                                                "Worker Number": 1,
                                                "Actual Startup Time": 0.01,
                                                "Actual Total Time": 0.054,
                                                "Actual Rows": 14,
                                                "Actual Loops": 16297
                                            },
                                            {
                                                "Worker Number": 2,
                                                "Actual Startup Time": 0.012,
                                                "Actual Total Time": 0.062,
                                                "Actual Rows": 14,
                                                "Actual Loops": 14395
                                            },
                                            {
                                                "Worker Number": 3,
                                                "Actual Startup Time": 0.01,
                                                "Actual Total Time": 0.055,
                                                "Actual Rows": 15,
                                                "Actual Loops": 15921
                                            }
                                        ]
                                    }
                                ]
                            }
                        ]
                    }
                ]
            }
        ]
    },
    "Planning Time": 1.649,
    "Triggers": [],
    "Execution Time": 1311.203
}