[
    {
        "Bao": {
            "Bao prediction": 627.259,
            "Bao recommended hint": "(no hint)"
        }
    },
    {
        "Plan": {
            "Node Type": "Aggregate",
            "Strategy": "Plain",
            "Partial Mode": "Finalize",
            "Parallel Aware": false,
            "Startup Cost": 90498.97,
            "Total Cost": 90498.98,
            "Plan Rows": 1,
            "Plan Width": 8,
            "Actual Startup Time": 344.317,
            "Actual Total Time": 354.986,
            "Actual Rows": 1,
            "Actual Loops": 1,
            "Output": [
                "count(*)"
            ],
            "Plans": [
                {
                    "Node Type": "Gather",
                    "Parent Relationship": "Outer",
                    "Parallel Aware": false,
                    "Startup Cost": 90498.65,
                    "Total Cost": 90498.96,
                    "Plan Rows": 3,
                    "Plan Width": 8,
                    "Actual Startup Time": 341.853,
                    "Actual Total Time": 354.976,
                    "Actual Rows": 4,
                    "Actual Loops": 1,
                    "Output": [
                        "(PARTIAL count(*))"
                    ],
                    "Workers Planned": 3,
                    "Workers Launched": 3,
                    "Single Copy": false,
                    "Plans": [
                        {
                            "Node Type": "Aggregate",
                            "Strategy": "Plain",
                            "Partial Mode": "Partial",
                            "Parent Relationship": "Outer",
                            "Parallel Aware": false,
                            "Startup Cost": 89498.65,
                            "Total Cost": 89498.66,
                            "Plan Rows": 1,
                            "Plan Width": 8,
                            "Actual Startup Time": 333.146,
                            "Actual Total Time": 333.149,
                            "Actual Rows": 1,
                            "Actual Loops": 4,
                            "Output": [
                                "PARTIAL count(*)"
                            ],
                            "Workers": [
                                {
                                    "Worker Number": 0,
                                    "Actual Startup Time": 329.927,
                                    "Actual Total Time": 329.931,
                                    "Actual Rows": 1,
                                    "Actual Loops": 1
                                },
                                {
                                    "Worker Number": 1,
                                    "Actual Startup Time": 330.29,
                                    "Actual Total Time": 330.293,
                                    "Actual Rows": 1,
                                    "Actual Loops": 1
                                },
                                {
                                    "Worker Number": 2,
                                    "Actual Startup Time": 330.846,
                                    "Actual Total Time": 330.848,
                                    "Actual Rows": 1,
                                    "Actual Loops": 1
                                }
                            ],
                            "Plans": [
                                {
                                    "Node Type": "Hash Join",
                                    "Parent Relationship": "Outer",
                                    "Parallel Aware": true,
                                    "Join Type": "Inner",
                                    "Startup Cost": 61593.8,
                                    "Total Cost": 89387.32,
                                    "Plan Rows": 44533,
                                    "Plan Width": 0,
                                    "Actual Startup Time": 238.137,
                                    "Actual Total Time": 326.711,
                                    "Actual Rows": 99441,
                                    "Actual Loops": 4,
                                    "Inner Unique": true,
                                    "Hash Cond": "(mk.movie_id = t.id)",
                                    "Workers": [
                                        {
                                            "Worker Number": 0,
                                            "Actual Startup Time": 235.009,
                                            "Actual Total Time": 323.848,
                                            "Actual Rows": 80785,
                                            "Actual Loops": 1
                                        },
                                        {
                                            "Worker Number": 1,
                                            "Actual Startup Time": 235.353,
                                            "Actual Total Time": 324.308,
                                            "Actual Rows": 122249,
                                            "Actual Loops": 1
                                        },
                                        {
                                            "Worker Number": 2,
                                            "Actual Startup Time": 235.59,
                                            "Actual Total Time": 324.276,
                                            "Actual Rows": 87972,
                                            "Actual Loops": 1
                                        }
                                    ],
                                    "Plans": [
                                        {
                                            "Node Type": "Bitmap Heap Scan",
                                            "Parent Relationship": "Outer",
                                            "Parallel Aware": true,
                                            "Relation Name": "movie_keyword",
                                            "Schema": "public",
                                            "Alias": "mk",
                                            "Startup Cost": 14521.02,
                                            "Total Cost": 41734.95,
                                            "Plan Rows": 220795,
                                            "Plan Width": 4,
                                            "Actual Startup Time": 59.674,
                                            "Actual Total Time": 130.443,
                                            "Actual Rows": 167234,
                                            "Actual Loops": 4,
                                            "Output": [
                                                "mk.id",
                                                "mk.movie_id",
                                                "mk.keyword_id"
                                            ],
                                            "Recheck Cond": "(mk.keyword_id > 28003)",
                                            "Rows Removed by Index Recheck": 0,
                                            "Exact Heap Blocks": 7118,
                                            "Lossy Heap Blocks": 0,
                                            "Workers": [
                                                {
                                                    "Worker Number": 0,
                                                    "Actual Startup Time": 59.882,
                                                    "Actual Total Time": 134.286,
                                                    "Actual Rows": 129091,
                                                    "Actual Loops": 1
                                                },
                                                {
                                                    "Worker Number": 1,
                                                    "Actual Startup Time": 59.668,
                                                    "Actual Total Time": 131.975,
                                                    "Actual Rows": 191374,
                                                    "Actual Loops": 1
                                                },
                                                {
                                                    "Worker Number": 2,
                                                    "Actual Startup Time": 59.669,
                                                    "Actual Total Time": 131.836,
                                                    "Actual Rows": 143434,
                                                    "Actual Loops": 1
                                                }
                                            ],
                                            "Plans": [
                                                {
                                                    "Node Type": "Bitmap Index Scan",
                                                    "Parent Relationship": "Outer",
                                                    "Parallel Aware": false,
                                                    "Index Name": "keyword_id_movie_keyword",
                                                    "Startup Cost": 0.0,
                                                    "Total Cost": 14349.91,
                                                    "Plan Rows": 684463,
                                                    "Plan Width": 0,
                                                    "Actual Startup Time": 54.022,
                                                    "Actual Total Time": 54.023,
                                                    "Actual Rows": 668938,
                                                    "Actual Loops": 1,
                                                    "Index Cond": "(mk.keyword_id > 28003)"
                                                }
                                            ]
                                        },
                                        {
                                            "Node Type": "Hash",
                                            "Parent Relationship": "Inner",
                                            "Parallel Aware": true,
                                            "Startup Cost": 45479.21,
                                            "Total Cost": 45479.21,
                                            "Plan Rows": 127486,
                                            "Plan Width": 4,
                                            "Actual Startup Time": 147.446,
                                            "Actual Total Time": 147.447,
                                            "Actual Rows": 131032,
                                            "Actual Loops": 4,
                                            "Output": [
                                                "t.id"
                                            ],
                                            "Hash Buckets": 524288,
                                            "Original Hash Buckets": 524288,
                                            "Hash Batches": 1,
                                            "Original Hash Batches": 1,
                                            "Peak Memory Usage": 24640,
                                            "Workers": [
                                                {
                                                    "Worker Number": 0,
                                                    "Actual Startup Time": 145.694,
                                                    "Actual Total Time": 145.695,
                                                    "Actual Rows": 106754,
                                                    "Actual Loops": 1
                                                },
                                                {
                                                    "Worker Number": 1,
                                                    "Actual Startup Time": 146.107,
                                                    "Actual Total Time": 146.107,
                                                    "Actual Rows": 163487,
                                                    "Actual Loops": 1
                                                },
                                                {
                                                    "Worker Number": 2,
                                                    "Actual Startup Time": 146.304,
                                                    "Actual Total Time": 146.305,
                                                    "Actual Rows": 119063,
                                                    "Actual Loops": 1
                                                }
                                            ],
                                            "Plans": [
                                                {
                                                    "Node Type": "Seq Scan",
                                                    "Parent Relationship": "Outer",
                                                    "Parallel Aware": true,
                                                    "Relation Name": "title",
                                                    "Schema": "public",
                                                    "Alias": "t",
                                                    "Startup Cost": 0.0,
                                                    "Total Cost": 45479.21,
                                                    "Plan Rows": 127486,
                                                    "Plan Width": 4,
                                                    "Actual Startup Time": 56.158,
                                                    "Actual Total Time": 105.707,
                                                    "Actual Rows": 131032,
                                                    "Actual Loops": 4,
                                                    "Output": [
                                                        "t.id"
                                                    ],
                                                    "Filter": "((t.kind_id < 2) AND (t.production_year < 2010))",
                                                    "Rows Removed by Filter": 501046,
                                                    "Workers": [
                                                        {
                                                            "Worker Number": 0,
                                                            "Actual Startup Time": 54.324,
                                                            "Actual Total Time": 103.876,
                                                            "Actual Rows": 106754,
                                                            "Actual Loops": 1
                                                        },
                                                        {
                                                            "Worker Number": 1,
                                                            "Actual Startup Time": 54.889,
                                                            "Actual Total Time": 104.338,
                                                            "Actual Rows": 163487,
                                                            "Actual Loops": 1
                                                        },
                                                        {
                                                            "Worker Number": 2,
                                                            "Actual Startup Time": 55.051,
                                                            "Actual Total Time": 106.431,
                                                            "Actual Rows": 119063,
                                                            "Actual Loops": 1
                                                        }
                                                    ]
                                                }
                                            ]
                                        }
                                    ]
                                }
                            ]
                        }
                    ]
                }
            ]
        },
        "Planning Time": 281.987,
        "Triggers": [],
        "Execution Time": 355.057
    }
]