[
  {
    "Plan": {
      "Node Type": "Aggregate",
      "Strategy": "Plain",
      "Partial Mode": "Finalize",
      "Parallel Aware": false,
      "Startup Cost": 46794.32,
      "Total Cost": 46794.33,
      "Plan Rows": 1,
      "Plan Width": 8,
      "Actual Startup Time": 192.615,
      "Actual Total Time": 204.595,
      "Actual Rows": 1,
      "Actual Loops": 1,
      "Plans": [
        {
          "Node Type": "Gather",
          "Parent Relationship": "Outer",
          "Parallel Aware": false,
          "Startup Cost": 46794.0,
          "Total Cost": 46794.31,
          "Plan Rows": 3,
          "Plan Width": 8,
          "Actual Startup Time": 192.491,
          "Actual Total Time": 204.585,
          "Actual Rows": 4,
          "Actual Loops": 1,
          "Workers Planned": 3,
          "Workers Launched": 3,
          "Single Copy": false,
          "Plans": [
            {
              "Node Type": "Aggregate",
              "Strategy": "Plain",
              "Partial Mode": "Partial",
              "Parent Relationship": "Outer",
              "Parallel Aware": false,
              "Startup Cost": 45794.0,
              "Total Cost": 45794.01,
              "Plan Rows": 1,
              "Plan Width": 8,
              "Actual Startup Time": 183.825,
              "Actual Total Time": 183.826,
              "Actual Rows": 1,
              "Actual Loops": 4,
              "Plans": [
                {
                  "Node Type": "Seq Scan",
                  "Parent Relationship": "Outer",
                  "Parallel Aware": true,
                  "Relation Name": "movie_keyword",
                  "Alias": "mk",
                  "Startup Cost": 0.0,
                  "Total Cost": 42695.65,
                  "Plan Rows": 1239338,
                  "Plan Width": 0,
                  "Actual Startup Time": 0.065,
                  "Actual Total Time": 134.249,
                  "Actual Rows": 961174,
                  "Actual Loops": 4,
                  "Filter": "(keyword_id < 27573)",
                  "Rows Removed by Filter": 169808
                }
              ]
            }
          ]
        }
      ]
    },
    "Planning Time": 0.17,
    "Triggers": [],
    "Execution Time": 204.654
  }
]