{
    "Plan": {
        "Node Type": "Aggregate",
        "Strategy": "Plain",
        "Partial Mode": "Finalize",
        "Parallel Aware": false,
        "Startup Cost": 696334.15,
        "Total Cost": 696334.16,
        "Plan Rows": 1,
        "Plan Width": 8,
        "Actual Startup Time": 10974.18,
        "Actual Total Time": 11092.576,
        "Actual Rows": 1,
        "Actual Loops": 1,
        "Output": [
            "count(*)"
        ],
        "Plans": [
            {
                "Node Type": "Gather",
                "Parent Relationship": "Outer",
                "Parallel Aware": false,
                "Startup Cost": 696333.52,
                "Total Cost": 696334.13,
                "Plan Rows": 6,
                "Plan Width": 8,
                "Actual Startup Time": 10858.653,
                "Actual Total Time": 11092.547,
                "Actual Rows": 7,
                "Actual Loops": 1,
                "Output": [
                    "(PARTIAL count(*))"
                ],
                "Workers Planned": 6,
                "Workers Launched": 6,
                "Single Copy": false,
                "Plans": [
                    {
                        "Node Type": "Aggregate",
                        "Strategy": "Plain",
                        "Partial Mode": "Partial",
                        "Parent Relationship": "Outer",
                        "Parallel Aware": false,
                        "Startup Cost": 695333.52,
                        "Total Cost": 695333.53,
                        "Plan Rows": 1,
                        "Plan Width": 8,
                        "Actual Startup Time": 10806.739,
                        "Actual Total Time": 10807.819,
                        "Actual Rows": 1,
                        "Actual Loops": 7,
                        "Output": [
                            "PARTIAL count(*)"
                        ],
                        "Workers": [
                            {
                                "Worker Number": 0,
                                "Actual Startup Time": 10806.082,
                                "Actual Total Time": 10806.087,
                                "Actual Rows": 1,
                                "Actual Loops": 1
                            },
                            {
                                "Worker Number": 1,
                                "Actual Startup Time": 10796.663,
                                "Actual Total Time": 10796.667,
                                "Actual Rows": 1,
                                "Actual Loops": 1
                            },
                            {
                                "Worker Number": 2,
                                "Actual Startup Time": 10796.458,
                                "Actual Total Time": 10796.463,
                                "Actual Rows": 1,
                                "Actual Loops": 1
                            },
                            {
                                "Worker Number": 3,
                                "Actual Startup Time": 10796.765,
                                "Actual Total Time": 10796.77,
                                "Actual Rows": 1,
                                "Actual Loops": 1
                            },
                            {
                                "Worker Number": 4,
                                "Actual Startup Time": 10796.938,
                                "Actual Total Time": 10796.943,
                                "Actual Rows": 1,
                                "Actual Loops": 1
                            },
                            {
                                "Worker Number": 5,
                                "Actual Startup Time": 10796.625,
                                "Actual Total Time": 10796.63,
                                "Actual Rows": 1,
                                "Actual Loops": 1
                            }
                        ],
                        "Plans": [
                            {
                                "Node Type": "Hash Join",
                                "Parent Relationship": "Outer",
                                "Parallel Aware": true,
                                "Join Type": "Inner",
                                "Startup Cost": 274827.41,
                                "Total Cost": 654934.63,
                                "Plan Rows": 16159558,
                                "Plan Width": 0,
                                "Actual Startup Time": 2558.388,
                                "Actual Total Time": 9457.14,
                                "Actual Rows": 33237978,
                                "Actual Loops": 7,
                                "Inner Unique": false,
                                "Hash Cond": "(ci.movie_id = t.id)",
                                "Workers": [
                                    {
                                        "Worker Number": 0,
                                        "Actual Startup Time": 2549.612,
                                        "Actual Total Time": 9508.043,
                                        "Actual Rows": 31234351,
                                        "Actual Loops": 1
                                    },
                                    {
                                        "Worker Number": 1,
                                        "Actual Startup Time": 2549.535,
                                        "Actual Total Time": 9397.211,
                                        "Actual Rows": 33525087,
                                        "Actual Loops": 1
                                    },
                                    {
                                        "Worker Number": 2,
                                        "Actual Startup Time": 2549.501,
                                        "Actual Total Time": 9395.392,
                                        "Actual Rows": 32995863,
                                        "Actual Loops": 1
                                    },
                                    {
                                        "Worker Number": 3,
                                        "Actual Startup Time": 2549.79,
                                        "Actual Total Time": 9531.735,
                                        "Actual Rows": 32834854,
                                        "Actual Loops": 1
                                    },
                                    {
                                        "Worker Number": 4,
                                        "Actual Startup Time": 2549.792,
                                        "Actual Total Time": 9545.446,
                                        "Actual Rows": 32491099,
                                        "Actual Loops": 1
                                    },
                                    {
                                        "Worker Number": 5,
                                        "Actual Startup Time": 2549.729,
                                        "Actual Total Time": 9438.999,
                                        "Actual Rows": 35717331,
                                        "Actual Loops": 1
                                    }
                                ],
                                "Plans": [
                                    {
                                        "Node Type": "Seq Scan",
                                        "Parent Relationship": "Outer",
                                        "Parallel Aware": true,
                                        "Relation Name": "cast_info",
                                        "Schema": "public",
                                        "Alias": "ci",
                                        "Startup Cost": 0.0,
                                        "Total Cost": 328213.62,
                                        "Plan Rows": 3914897,
                                        "Plan Width": 4,
                                        "Actual Startup Time": 231.633,
                                        "Actual Total Time": 736.942,
                                        "Actual Rows": 3367665,
                                        "Actual Loops": 7,
                                        "Output": [
                                            "ci.id",
                                            "ci.person_id",
                                            "ci.movie_id",
                                            "ci.person_role_id",
                                            "ci.note",
                                            "ci.nr_order",
                                            "ci.role_id"
                                        ],
                                        "Filter": "(ci.role_id > 1)",
                                        "Rows Removed by Filter": 1810098,
                                        "Workers": [
                                            {
                                                "Worker Number": 0,
                                                "Actual Startup Time": 231.617,
                                                "Actual Total Time": 752.635,
                                                "Actual Rows": 3163091,
                                                "Actual Loops": 1
                                            },
                                            {
                                                "Worker Number": 1,
                                                "Actual Startup Time": 231.655,
                                                "Actual Total Time": 763.014,
                                                "Actual Rows": 3376900,
                                                "Actual Loops": 1
                                            },
                                            {
                                                "Worker Number": 2,
                                                "Actual Startup Time": 231.579,
                                                "Actual Total Time": 766.738,
                                                "Actual Rows": 3339109,
                                                "Actual Loops": 1
                                            },
                                            {
                                                "Worker Number": 3,
                                                "Actual Startup Time": 231.648,
                                                "Actual Total Time": 729.941,
                                                "Actual Rows": 3311413,
                                                "Actual Loops": 1
                                            },
                                            {
                                                "Worker Number": 4,
                                                "Actual Startup Time": 231.654,
                                                "Actual Total Time": 729.249,
                                                "Actual Rows": 3285429,
                                                "Actual Loops": 1
                                            },
                                            {
                                                "Worker Number": 5,
                                                "Actual Startup Time": 231.635,
                                                "Actual Total Time": 749.527,
                                                "Actual Rows": 3675351,
                                                "Actual Loops": 1
                                            }
                                        ]
                                    },
                                    {
                                        "Node Type": "Hash",
                                        "Parent Relationship": "Inner",
                                        "Parallel Aware": true,
                                        "Startup Cost": 248736.96,
                                        "Total Cost": 248736.96,
                                        "Plan Rows": 2087236,
                                        "Plan Width": 8,
                                        "Actual Startup Time": 2305.027,
                                        "Actual Total Time": 2306.105,
                                        "Actual Rows": 1665443,
                                        "Actual Loops": 7,
                                        "Output": [
                                            "t.id",
                                            "mi.movie_id"
                                        ],
                                        "Hash Buckets": 16777216,
                                        "Original Hash Buckets": 16777216,
                                        "Hash Batches": 1,
                                        "Original Hash Batches": 1,
                                        "Peak Memory Usage": 587264,
                                        "Workers": [
                                            {
                                                "Worker Number": 0,
                                                "Actual Startup Time": 2317.304,
                                                "Actual Total Time": 2317.308,
                                                "Actual Rows": 1407046,
                                                "Actual Loops": 1
                                            },
                                            {
                                                "Worker Number": 1,
                                                "Actual Startup Time": 2317.077,
                                                "Actual Total Time": 2317.08,
                                                "Actual Rows": 1471705,
                                                "Actual Loops": 1
                                            },
                                            {
                                                "Worker Number": 2,
                                                "Actual Startup Time": 2316.989,
                                                "Actual Total Time": 2316.992,
                                                "Actual Rows": 1461475,
                                                "Actual Loops": 1
                                            },
                                            {
                                                "Worker Number": 3,
                                                "Actual Startup Time": 2317.432,
                                                "Actual Total Time": 2317.436,
                                                "Actual Rows": 1843389,
                                                "Actual Loops": 1
                                            },
                                            {
                                                "Worker Number": 4,
                                                "Actual Startup Time": 2317.424,
                                                "Actual Total Time": 2317.427,
                                                "Actual Rows": 1836999,
                                                "Actual Loops": 1
                                            },
                                            {
                                                "Worker Number": 5,
                                                "Actual Startup Time": 2317.408,
                                                "Actual Total Time": 2317.412,
                                                "Actual Rows": 1999641,
                                                "Actual Loops": 1
                                            }
                                        ],
                                        "Plans": [
                                            {
                                                "Node Type": "Hash Join",
                                                "Parent Relationship": "Outer",
                                                "Parallel Aware": true,
                                                "Join Type": "Inner",
                                                "Startup Cost": 49487.33,
                                                "Total Cost": 248736.96,
                                                "Plan Rows": 2087236,
                                                "Plan Width": 8,
                                                "Actual Startup Time": 230.087,
                                                "Actual Total Time": 1440.779,
                                                "Actual Rows": 1665443,
                                                "Actual Loops": 7,
                                                "Output": [
                                                    "t.id",
                                                    "mi.movie_id"
                                                ],
                                                "Inner Unique": true,
                                                "Hash Cond": "(mi.movie_id = t.id)",
                                                "Workers": [
                                                    {
                                                        "Worker Number": 0,
                                                        "Actual Startup Time": 230.08,
                                                        "Actual Total Time": 1447.433,
                                                        "Actual Rows": 1407046,
                                                        "Actual Loops": 1
                                                    },
                                                    {
                                                        "Worker Number": 1,
                                                        "Actual Startup Time": 230.047,
                                                        "Actual Total Time": 1444.112,
                                                        "Actual Rows": 1471705,
                                                        "Actual Loops": 1
                                                    },
                                                    {
                                                        "Worker Number": 2,
                                                        "Actual Startup Time": 229.956,
                                                        "Actual Total Time": 1446.819,
                                                        "Actual Rows": 1461475,
                                                        "Actual Loops": 1
                                                    },
                                                    {
                                                        "Worker Number": 3,
                                                        "Actual Startup Time": 230.147,
                                                        "Actual Total Time": 1441.651,
                                                        "Actual Rows": 1843389,
                                                        "Actual Loops": 1
                                                    },
                                                    {
                                                        "Worker Number": 4,
                                                        "Actual Startup Time": 230.144,
                                                        "Actual Total Time": 1441.834,
                                                        "Actual Rows": 1836999,
                                                        "Actual Loops": 1
                                                    },
                                                    {
                                                        "Worker Number": 5,
                                                        "Actual Startup Time": 229.981,
                                                        "Actual Total Time": 1440.19,
                                                        "Actual Rows": 1999641,
                                                        "Actual Loops": 1
                                                    }
                                                ],
                                                "Plans": [
                                                    {
                                                        "Node Type": "Seq Scan",
                                                        "Parent Relationship": "Outer",
                                                        "Parallel Aware": true,
                                                        "Relation Name": "movie_info",
                                                        "Schema": "public",
                                                        "Alias": "mi",
                                                        "Startup Cost": 0.0,
                                                        "Total Cost": 191503.19,
                                                        "Plan Rows": 2951019,
                                                        "Plan Width": 4,
                                                        "Actual Startup Time": 0.037,
                                                        "Actual Total Time": 326.132,
                                                        "Actual Rows": 2119389,
                                                        "Actual Loops": 7,
                                                        "Output": [
                                                            "mi.id",
                                                            "mi.movie_id",
                                                            "mi.info_type_id",
                                                            "mi.info",
                                                            "mi.note"
                                                        ],
                                                        "Workers": [
                                                            {
                                                                "Worker Number": 0,
                                                                "Actual Startup Time": 0.046,
                                                                "Actual Total Time": 349.75,
                                                                "Actual Rows": 1789119,
                                                                "Actual Loops": 1
                                                            },
                                                            {
                                                                "Worker Number": 1,
                                                                "Actual Startup Time": 0.042,
                                                                "Actual Total Time": 354.031,
                                                                "Actual Rows": 1869763,
                                                                "Actual Loops": 1
                                                            },
                                                            {
                                                                "Worker Number": 2,
                                                                "Actual Startup Time": 0.048,
                                                                "Actual Total Time": 354.032,
                                                                "Actual Rows": 1862624,
                                                                "Actual Loops": 1
                                                            },
                                                            {
                                                                "Worker Number": 3,
                                                                "Actual Startup Time": 0.038,
                                                                "Actual Total Time": 322.51,
                                                                "Actual Rows": 2345544,
                                                                "Actual Loops": 1
                                                            },
                                                            {
                                                                "Worker Number": 4,
                                                                "Actual Startup Time": 0.038,
                                                                "Actual Total Time": 321.497,
                                                                "Actual Rows": 2331275,
                                                                "Actual Loops": 1
                                                            },
                                                            {
                                                                "Worker Number": 5,
                                                                "Actual Startup Time": 0.033,
                                                                "Actual Total Time": 322.561,
                                                                "Actual Rows": 2547439,
                                                                "Actual Loops": 1
                                                            }
                                                        ]
                                                    },
                                                    {
                                                        "Node Type": "Hash",
                                                        "Parent Relationship": "Inner",
                                                        "Parallel Aware": true,
                                                        "Startup Cost": 43899.01,
                                                        "Total Cost": 43899.01,
                                                        "Plan Rows": 447066,
                                                        "Plan Width": 4,
                                                        "Actual Startup Time": 227.341,
                                                        "Actual Total Time": 227.342,
                                                        "Actual Rows": 256308,
                                                        "Actual Loops": 7,
                                                        "Output": [
                                                            "t.id"
                                                        ],
                                                        "Hash Buckets": 2097152,
                                                        "Original Hash Buckets": 2097152,
                                                        "Hash Batches": 1,
                                                        "Original Hash Batches": 1,
                                                        "Peak Memory Usage": 86720,
                                                        "Workers": [
                                                            {
                                                                "Worker Number": 0,
                                                                "Actual Startup Time": 229.655,
                                                                "Actual Total Time": 229.656,
                                                                "Actual Rows": 211384,
                                                                "Actual Loops": 1
                                                            },
                                                            {
                                                                "Worker Number": 1,
                                                                "Actual Startup Time": 229.623,
                                                                "Actual Total Time": 229.624,
                                                                "Actual Rows": 213133,
                                                                "Actual Loops": 1
                                                            },
                                                            {
                                                                "Worker Number": 2,
                                                                "Actual Startup Time": 229.796,
                                                                "Actual Total Time": 229.797,
                                                                "Actual Rows": 217644,
                                                                "Actual Loops": 1
                                                            },
                                                            {
                                                                "Worker Number": 3,
                                                                "Actual Startup Time": 229.754,
                                                                "Actual Total Time": 229.755,
                                                                "Actual Rows": 278305,
                                                                "Actual Loops": 1
                                                            },
                                                            {
                                                                "Worker Number": 4,
                                                                "Actual Startup Time": 229.758,
                                                                "Actual Total Time": 229.759,
                                                                "Actual Rows": 274538,
                                                                "Actual Loops": 1
                                                            },
                                                            {
                                                                "Worker Number": 5,
                                                                "Actual Startup Time": 229.562,
                                                                "Actual Total Time": 229.563,
                                                                "Actual Rows": 296341,
                                                                "Actual Loops": 1
                                                            }
                                                        ],
                                                        "Plans": [
                                                            {
                                                                "Node Type": "Seq Scan",
                                                                "Parent Relationship": "Outer",
                                                                "Parallel Aware": true,
                                                                "Relation Name": "title",
                                                                "Schema": "public",
                                                                "Alias": "t",
                                                                "Startup Cost": 0.0,
                                                                "Total Cost": 43899.01,
                                                                "Plan Rows": 447066,
                                                                "Plan Width": 4,
                                                                "Actual Startup Time": 0.087,
                                                                "Actual Total Time": 89.272,
                                                                "Actual Rows": 256308,
                                                                "Actual Loops": 7,
                                                                "Output": [
                                                                    "t.id"
                                                                ],
                                                                "Filter": "(t.production_year < 2009)",
                                                                "Rows Removed by Filter": 104880,
                                                                "Workers": [
                                                                    {
                                                                        "Worker Number": 0,
                                                                        "Actual Startup Time": 0.105,
                                                                        "Actual Total Time": 92.243,
                                                                        "Actual Rows": 211384,
                                                                        "Actual Loops": 1
                                                                    },
                                                                    {
                                                                        "Worker Number": 1,
                                                                        "Actual Startup Time": 0.098,
                                                                        "Actual Total Time": 93.367,
                                                                        "Actual Rows": 213133,
                                                                        "Actual Loops": 1
                                                                    },
                                                                    {
                                                                        "Worker Number": 2,
                                                                        "Actual Startup Time": 0.101,
                                                                        "Actual Total Time": 92.902,
                                                                        "Actual Rows": 217644,
                                                                        "Actual Loops": 1
                                                                    },
                                                                    {
                                                                        "Worker Number": 3,
                                                                        "Actual Startup Time": 0.096,
                                                                        "Actual Total Time": 89.295,
                                                                        "Actual Rows": 278305,
                                                                        "Actual Loops": 1
                                                                    },
                                                                    {
                                                                        "Worker Number": 4,
                                                                        "Actual Startup Time": 0.084,
                                                                        "Actual Total Time": 88.948,
                                                                        "Actual Rows": 274538,
                                                                        "Actual Loops": 1
                                                                    },
                                                                    {
                                                                        "Worker Number": 5,
                                                                        "Actual Startup Time": 0.105,
                                                                        "Actual Total Time": 89.297,
                                                                        "Actual Rows": 296341,
                                                                        "Actual Loops": 1
                                                                    }
                                                                ]
                                                            }
                                                        ]
                                                    }
                                                ]
                                            }
                                        ]
                                    }
                                ]
                            }
                        ]
                    }
                ]
            }
        ]
    },
    "Planning Time": 1.522,
    "Triggers": [],
    "Execution Time": 11092.668
}