{
  "Plan": {
    "Node Type": "Aggregate",
    "Strategy": "Plain",
    "Partial Mode": "Finalize",
    "Parallel Aware": false,
    "Startup Cost": 111440.21,
    "Total Cost": 111440.22,
    "Plan Rows": 1,
    "Plan Width": 8,
    "Actual Startup Time": 617.399,
    "Actual Total Time": 634.318,
    "Actual Rows": 1,
    "Actual Loops": 1,
    "Plans": [
      {
        "Node Type": "Gather",
        "Parent Relationship": "Outer",
        "Parallel Aware": false,
        "Startup Cost": 111440.1,
        "Total Cost": 111440.21,
        "Plan Rows": 1,
        "Plan Width": 8,
        "Actual Startup Time": 616.198,
        "Actual Total Time": 634.306,
        "Actual Rows": 2,
        "Actual Loops": 1,
        "Workers Planned": 1,
        "Workers Launched": 1,
        "Single Copy": false,
        "Plans": [
          {
            "Node Type": "Aggregate",
            "Strategy": "Plain",
            "Partial Mode": "Partial",
            "Parent Relationship": "Outer",
            "Parallel Aware": false,
            "Startup Cost": 110440.1,
            "Total Cost": 110440.11,
            "Plan Rows": 1,
            "Plan Width": 8,
            "Actual Startup Time": 609.968,
            "Actual Total Time": 610.303,
            "Actual Rows": 1,
            "Actual Loops": 2,
            "Plans": [
              {
                "Node Type": "Hash Join",
                "Parent Relationship": "Outer",
                "Parallel Aware": true,
                "Join Type": "Inner",
                "Startup Cost": 90862.91,
                "Total Cost": 110296.9,
                "Plan Rows": 57281,
                "Plan Width": 0,
                "Actual Startup Time": 471.833,
                "Actual Total Time": 604.614,
                "Actual Rows": 143840,
                "Actual Loops": 2,
                "Inner Unique": false,
                "Hash Cond": "(mi_idx.movie_id = t.id)",
                "Plans": [
                  {
                    "Node Type": "Seq Scan",
                    "Parent Relationship": "Outer",
                    "Parallel Aware": true,
                    "Relation Name": "movie_info_idx",
                    "Alias": "mi_idx",
                    "Startup Cost": 0.0,
                    "Total Cost": 16052.85,
                    "Plan Rows": 811785,
                    "Plan Width": 4,
                    "Actual Startup Time": 0.027,
                    "Actual Total Time": 49.499,
                    "Actual Rows": 690018,
                    "Actual Loops": 2
                  },
                  {
                    "Node Type": "Hash",
                    "Parent Relationship": "Inner",
                    "Parallel Aware": true,
                    "Startup Cost": 89551.15,
                    "Total Cost": 89551.15,
                    "Plan Rows": 104941,
                    "Plan Width": 8,
                    "Actual Startup Time": 468.127,
                    "Actual Total Time": 468.459,
                    "Actual Rows": 97481,
                    "Actual Loops": 2,
                    "Hash Buckets": 262144,
                    "Original Hash Buckets": 262144,
                    "Hash Batches": 1,
                    "Original Hash Batches": 1,
                    "Peak Memory Usage": 9696,
                    "Plans": [
                      {
                        "Node Type": "Hash Join",
                        "Parent Relationship": "Outer",
                        "Parallel Aware": true,
                        "Join Type": "Inner",
                        "Startup Cost": 26159.32,
                        "Total Cost": 89551.15,
                        "Plan Rows": 104941,
                        "Plan Width": 8,
                        "Actual Startup Time": 102.877,
                        "Actual Total Time": 440.16,
                        "Actual Rows": 97481,
                        "Actual Loops": 2,
                        "Inner Unique": false,
                        "Hash Cond": "(t.id = mc.movie_id)",
                        "Plans": [
                          {
                            "Node Type": "Seq Scan",
                            "Parent Relationship": "Outer",
                            "Parallel Aware": true,
                            "Relation Name": "title",
                            "Alias": "t",
                            "Startup Cost": 0.0,
                            "Total Cost": 54588.39,
                            "Plan Rows": 1309782,
                            "Plan Width": 4,
                            "Actual Startup Time": 0.014,
                            "Actual Total Time": 163.832,
                            "Actual Rows": 1112284,
                            "Actual Loops": 2,
                            "Filter": "(production_year < 2012)",
                            "Rows Removed by Filter": 151872
                          },
                          {
                            "Node Type": "Hash",
                            "Parent Relationship": "Inner",
                            "Parallel Aware": true,
                            "Startup Cost": 24669.83,
                            "Total Cost": 24669.83,
                            "Plan Rows": 119159,
                            "Plan Width": 4,
                            "Actual Startup Time": 100.589,
                            "Actual Total Time": 100.591,
                            "Actual Rows": 100784,
                            "Actual Loops": 2,
                            "Hash Buckets": 262144,
                            "Original Hash Buckets": 262144,
                            "Hash Batches": 1,
                            "Original Hash Batches": 1,
                            "Peak Memory Usage": 9952,
                            "Plans": [
                              {
                                "Node Type": "Bitmap Heap Scan",
                                "Parent Relationship": "Outer",
                                "Parallel Aware": true,
                                "Relation Name": "movie_companies",
                                "Alias": "mc",
                                "Startup Cost": 4390.35,
                                "Total Cost": 24669.83,
                                "Plan Rows": 119159,
                                "Plan Width": 4,
                                "Actual Startup Time": 25.741,
                                "Actual Total Time": 72.265,
                                "Actual Rows": 100784,
                                "Actual Loops": 2,
                                "Recheck Cond": "(company_id < 64)",
                                "Rows Removed by Index Recheck": 0,
                                "Exact Heap Blocks": 10332,
                                "Lossy Heap Blocks": 0,
                                "Plans": [
                                  {
                                    "Node Type": "Bitmap Index Scan",
                                    "Parent Relationship": "Outer",
                                    "Parallel Aware": false,
                                    "Index Name": "company_id_movie_companies",
                                    "Startup Cost": 0.0,
                                    "Total Cost": 4339.7,
                                    "Plan Rows": 202570,
                                    "Plan Width": 0,
                                    "Actual Startup Time": 23.028,
                                    "Actual Total Time": 23.029,
                                    "Actual Rows": 201569,
                                    "Actual Loops": 1,
                                    "Index Cond": "(company_id < 64)"
                                  }
                                ]
                              }
                            ]
                          }
                        ]
                      }
                    ]
                  }
                ]
              }
            ]
          }
        ]
      }
    ]
  },
  "Planning Time": 0.853,
  "Triggers": [],
  "Execution Time": 634.425
}