[
  {
    "Plan": {
      "Node Type": "Aggregate",
      "Strategy": "Plain",
      "Partial Mode": "Finalize",
      "Parallel Aware": false,
      "Startup Cost": 45362.39,
      "Total Cost": 45362.4,
      "Plan Rows": 1,
      "Plan Width": 8,
      "Actual Startup Time": 88.683,
      "Actual Total Time": 100.54,
      "Actual Rows": 1,
      "Actual Loops": 1,
      "Plans": [
        {
          "Node Type": "Gather",
          "Parent Relationship": "Outer",
          "Parallel Aware": false,
          "Startup Cost": 45361.97,
          "Total Cost": 45362.38,
          "Plan Rows": 4,
          "Plan Width": 8,
          "Actual Startup Time": 88.546,
          "Actual Total Time": 100.53,
          "Actual Rows": 5,
          "Actual Loops": 1,
          "Workers Planned": 4,
          "Workers Launched": 4,
          "Single Copy": false,
          "Plans": [
            {
              "Node Type": "Aggregate",
              "Strategy": "Plain",
              "Partial Mode": "Partial",
              "Parent Relationship": "Outer",
              "Parallel Aware": false,
              "Startup Cost": 44361.97,
              "Total Cost": 44361.98,
              "Plan Rows": 1,
              "Plan Width": 8,
              "Actual Startup Time": 83.685,
              "Actual Total Time": 83.685,
              "Actual Rows": 1,
              "Actual Loops": 5,
              "Plans": [
                {
                  "Node Type": "Seq Scan",
                  "Parent Relationship": "Outer",
                  "Parallel Aware": true,
                  "Relation Name": "title",
                  "Alias": "t",
                  "Startup Cost": 0.0,
                  "Total Cost": 43899.32,
                  "Plan Rows": 185060,
                  "Plan Width": 0,
                  "Actual Startup Time": 0.028,
                  "Actual Total Time": 76.21,
                  "Actual Rows": 151180,
                  "Actual Loops": 5,
                  "Filter": "(production_year < 1993)",
                  "Rows Removed by Filter": 354482
                }
              ]
            }
          ]
        }
      ]
    },
    "Planning Time": 0.068,
    "Triggers": [],
    "Execution Time": 100.569
  }
]