{
  "Plan": {
    "Node Type": "Aggregate",
    "Strategy": "Plain",
    "Partial Mode": "Finalize",
    "Parallel Aware": false,
    "Startup Cost": 494801.13,
    "Total Cost": 494801.14,
    "Plan Rows": 1,
    "Plan Width": 8,
    "Actual Startup Time": 17169.182,
    "Actual Total Time": 17262.672,
    "Actual Rows": 1,
    "Actual Loops": 1,
    "Plans": [
      {
        "Node Type": "Gather",
        "Parent Relationship": "Outer",
        "Parallel Aware": false,
        "Startup Cost": 494801.02,
        "Total Cost": 494801.13,
        "Plan Rows": 1,
        "Plan Width": 8,
        "Actual Startup Time": 17148.005,
        "Actual Total Time": 17262.662,
        "Actual Rows": 2,
        "Actual Loops": 1,
        "Workers Planned": 1,
        "Workers Launched": 1,
        "Single Copy": false,
        "Plans": [
          {
            "Node Type": "Aggregate",
            "Strategy": "Plain",
            "Partial Mode": "Partial",
            "Parent Relationship": "Outer",
            "Parallel Aware": false,
            "Startup Cost": 493801.02,
            "Total Cost": 493801.03,
            "Plan Rows": 1,
            "Plan Width": 8,
            "Actual Startup Time": 17133.904,
            "Actual Total Time": 17142.448,
            "Actual Rows": 1,
            "Actual Loops": 2,
            "Plans": [
              {
                "Node Type": "Hash Join",
                "Parent Relationship": "Outer",
                "Parallel Aware": true,
                "Join Type": "Inner",
                "Startup Cost": 375630.34,
                "Total Cost": 478747.6,
                "Plan Rows": 6021368,
                "Plan Width": 0,
                "Actual Startup Time": 4671.271,
                "Actual Total Time": 12614.109,
                "Actual Rows": 113442996,
                "Actual Loops": 2,
                "Inner Unique": false,
                "Hash Cond": "(mk.movie_id = t.id)",
                "Plans": [
                  {
                    "Node Type": "Seq Scan",
                    "Parent Relationship": "Outer",
                    "Parallel Aware": true,
                    "Relation Name": "movie_keyword",
                    "Alias": "mk",
                    "Startup Cost": 0.0,
                    "Total Cost": 51065.35,
                    "Plan Rows": 2661135,
                    "Plan Width": 4,
                    "Actual Startup Time": 0.015,
                    "Actual Total Time": 155.956,
                    "Actual Rows": 2261965,
                    "Actual Loops": 2
                  },
                  {
                    "Node Type": "Hash",
                    "Parent Relationship": "Inner",
                    "Parallel Aware": true,
                    "Startup Cost": 333565.74,
                    "Total Cost": 333565.74,
                    "Plan Rows": 3365168,
                    "Plan Width": 8,
                    "Actual Startup Time": 4638.737,
                    "Actual Total Time": 4647.279,
                    "Actual Rows": 5378624,
                    "Actual Loops": 2,
                    "Hash Buckets": 16777216,
                    "Original Hash Buckets": 8388608,
                    "Hash Batches": 1,
                    "Original Hash Batches": 1,
                    "Peak Memory Usage": 617472,
                    "Plans": [
                      {
                        "Node Type": "Hash Join",
                        "Parent Relationship": "Outer",
                        "Parallel Aware": true,
                        "Join Type": "Inner",
                        "Startup Cost": 61782.25,
                        "Total Cost": 333565.74,
                        "Plan Rows": 3365168,
                        "Plan Width": 8,
                        "Actual Startup Time": 252.226,
                        "Actual Total Time": 2973.159,
                        "Actual Rows": 5378624,
                        "Actual Loops": 2,
                        "Inner Unique": true,
                        "Hash Cond": "(mi.movie_id = t.id)",
                        "Plans": [
                          {
                            "Node Type": "Seq Scan",
                            "Parent Relationship": "Outer",
                            "Parallel Aware": true,
                            "Relation Name": "movie_info",
                            "Alias": "mi",
                            "Startup Cost": 0.0,
                            "Total Cost": 248955.74,
                            "Plan Rows": 8696274,
                            "Plan Width": 4,
                            "Actual Startup Time": 0.009,
                            "Actual Total Time": 634.16,
                            "Actual Rows": 7417860,
                            "Actual Loops": 2
                          },
                          {
                            "Node Type": "Hash",
                            "Parent Relationship": "Inner",
                            "Parallel Aware": true,
                            "Startup Cost": 54588.39,
                            "Total Cost": 54588.39,
                            "Plan Rows": 575509,
                            "Plan Width": 4,
                            "Actual Startup Time": 247.255,
                            "Actual Total Time": 247.256,
                            "Actual Rows": 486224,
                            "Actual Loops": 2,
                            "Hash Buckets": 1048576,
                            "Original Hash Buckets": 1048576,
                            "Hash Batches": 1,
                            "Original Hash Batches": 1,
                            "Peak Memory Usage": 46272,
                            "Plans": [
                              {
                                "Node Type": "Seq Scan",
                                "Parent Relationship": "Outer",
                                "Parallel Aware": true,
                                "Relation Name": "title",
                                "Alias": "t",
                                "Startup Cost": 0.0,
                                "Total Cost": 54588.39,
                                "Plan Rows": 575509,
                                "Plan Width": 4,
                                "Actual Startup Time": 0.035,
                                "Actual Total Time": 140.739,
                                "Actual Rows": 486224,
                                "Actual Loops": 2,
                                "Filter": "(kind_id < 6)",
                                "Rows Removed by Filter": 777932
                              }
                            ]
                          }
                        ]
                      }
                    ]
                  }
                ]
              }
            ]
          }
        ]
      }
    ]
  },
  "Planning Time": 0.993,
  "Triggers": [],
  "Execution Time": 17262.76
}