{
  "Plan": {
    "Node Type": "Aggregate",
    "Strategy": "Plain",
    "Partial Mode": "Finalize",
    "Parallel Aware": false,
    "Startup Cost": 153518.04,
    "Total Cost": 153518.05,
    "Plan Rows": 1,
    "Plan Width": 8,
    "Actual Startup Time": 442.759,
    "Actual Total Time": 456.672,
    "Actual Rows": 1,
    "Actual Loops": 1,
    "Plans": [
      {
        "Node Type": "Gather",
        "Parent Relationship": "Outer",
        "Parallel Aware": false,
        "Startup Cost": 153517.93,
        "Total Cost": 153518.04,
        "Plan Rows": 1,
        "Plan Width": 8,
        "Actual Startup Time": 442.454,
        "Actual Total Time": 456.665,
        "Actual Rows": 2,
        "Actual Loops": 1,
        "Workers Planned": 1,
        "Workers Launched": 1,
        "Single Copy": false,
        "Plans": [
          {
            "Node Type": "Aggregate",
            "Strategy": "Plain",
            "Partial Mode": "Partial",
            "Parent Relationship": "Outer",
            "Parallel Aware": false,
            "Startup Cost": 152517.93,
            "Total Cost": 152517.94,
            "Plan Rows": 1,
            "Plan Width": 8,
            "Actual Startup Time": 436.182,
            "Actual Total Time": 436.185,
            "Actual Rows": 1,
            "Actual Loops": 2,
            "Plans": [
              {
                "Node Type": "Hash Join",
                "Parent Relationship": "Outer",
                "Parallel Aware": true,
                "Join Type": "Inner",
                "Startup Cost": 58853.97,
                "Total Cost": 152460.72,
                "Plan Rows": 22884,
                "Plan Width": 0,
                "Actual Startup Time": 157.827,
                "Actual Total Time": 434.81,
                "Actual Rows": 28150,
                "Actual Loops": 2,
                "Inner Unique": true,
                "Hash Cond": "(ci.movie_id = t.id)",
                "Plans": [
                  {
                    "Node Type": "Index Scan",
                    "Parent Relationship": "Outer",
                    "Parallel Aware": true,
                    "Scan Direction": "Forward",
                    "Index Name": "role_id_cast_info",
                    "Relation Name": "cast_info",
                    "Alias": "ci",
                    "Startup Cost": 0.56,
                    "Total Cost": 91565.57,
                    "Plan Rows": 777806,
                    "Plan Width": 4,
                    "Actual Startup Time": 0.05,
                    "Actual Total Time": 188.859,
                    "Actual Rows": 730680,
                    "Actual Loops": 2,
                    "Index Cond": "(role_id = 4)",
                    "Rows Removed by Index Recheck": 0,
                    "Filter": "(person_id > 1951950)",
                    "Rows Removed by Filter": 633791
                  },
                  {
                    "Node Type": "Hash",
                    "Parent Relationship": "Inner",
                    "Parallel Aware": true,
                    "Startup Cost": 58306.47,
                    "Total Cost": 58306.47,
                    "Plan Rows": 43755,
                    "Plan Width": 4,
                    "Actual Startup Time": 155.2,
                    "Actual Total Time": 155.201,
                    "Actual Rows": 42054,
                    "Actual Loops": 2,
                    "Hash Buckets": 131072,
                    "Original Hash Buckets": 131072,
                    "Hash Batches": 1,
                    "Original Hash Batches": 1,
                    "Peak Memory Usage": 4320,
                    "Plans": [
                      {
                        "Node Type": "Seq Scan",
                        "Parent Relationship": "Outer",
                        "Parallel Aware": true,
                        "Relation Name": "title",
                        "Alias": "t",
                        "Startup Cost": 0.0,
                        "Total Cost": 58306.47,
                        "Plan Rows": 43755,
                        "Plan Width": 4,
                        "Actual Startup Time": 0.043,
                        "Actual Total Time": 143.41,
                        "Actual Rows": 42054,
                        "Actual Loops": 2,
                        "Filter": "((kind_id = 7) AND (production_year = 2008))",
                        "Rows Removed by Filter": 1222102
                      }
                    ]
                  }
                ]
              }
            ]
          }
        ]
      }
    ]
  },
  "Planning Time": 0.525,
  "Triggers": [],
  "Execution Time": 456.753
}