[
    {
        "Bao": {
            "Bao prediction": "NaN",
            "Bao recommended hint": "(no hint)"
        }
    },
    {
        "Plan": {
            "Node Type": "Aggregate",
            "Strategy": "Plain",
            "Partial Mode": "Finalize",
            "Parallel Aware": false,
            "Startup Cost": 325433.87,
            "Total Cost": 325433.88,
            "Plan Rows": 1,
            "Plan Width": 8,
            "Actual Startup Time": 235.813,
            "Actual Total Time": 242.087,
            "Actual Rows": 1,
            "Actual Loops": 1,
            "Output": [
                "count(*)"
            ],
            "Plans": [
                {
                    "Node Type": "Gather",
                    "Parent Relationship": "Outer",
                    "Parallel Aware": false,
                    "Startup Cost": 325433.24,
                    "Total Cost": 325433.85,
                    "Plan Rows": 6,
                    "Plan Width": 8,
                    "Actual Startup Time": 234.977,
                    "Actual Total Time": 242.079,
                    "Actual Rows": 7,
                    "Actual Loops": 1,
                    "Output": [
                        "(PARTIAL count(*))"
                    ],
                    "Workers Planned": 6,
                    "Workers Launched": 6,
                    "Single Copy": false,
                    "Plans": [
                        {
                            "Node Type": "Aggregate",
                            "Strategy": "Plain",
                            "Partial Mode": "Partial",
                            "Parent Relationship": "Outer",
                            "Parallel Aware": false,
                            "Startup Cost": 324433.24,
                            "Total Cost": 324433.25,
                            "Plan Rows": 1,
                            "Plan Width": 8,
                            "Actual Startup Time": 225.212,
                            "Actual Total Time": 225.213,
                            "Actual Rows": 1,
                            "Actual Loops": 7,
                            "Output": [
                                "PARTIAL count(*)"
                            ],
                            "Workers": [
                                {
                                    "Worker Number": 0,
                                    "Actual Startup Time": 225.875,
                                    "Actual Total Time": 225.877,
                                    "Actual Rows": 1,
                                    "Actual Loops": 1
                                },
                                {
                                    "Worker Number": 1,
                                    "Actual Startup Time": 222.442,
                                    "Actual Total Time": 222.443,
                                    "Actual Rows": 1,
                                    "Actual Loops": 1
                                },
                                {
                                    "Worker Number": 2,
                                    "Actual Startup Time": 222.833,
                                    "Actual Total Time": 222.834,
                                    "Actual Rows": 1,
                                    "Actual Loops": 1
                                },
                                {
                                    "Worker Number": 3,
                                    "Actual Startup Time": 223.313,
                                    "Actual Total Time": 223.314,
                                    "Actual Rows": 1,
                                    "Actual Loops": 1
                                },
                                {
                                    "Worker Number": 4,
                                    "Actual Startup Time": 223.567,
                                    "Actual Total Time": 223.568,
                                    "Actual Rows": 1,
                                    "Actual Loops": 1
                                },
                                {
                                    "Worker Number": 5,
                                    "Actual Startup Time": 223.812,
                                    "Actual Total Time": 223.814,
                                    "Actual Rows": 1,
                                    "Actual Loops": 1
                                }
                            ],
                            "Plans": [
                                {
                                    "Node Type": "Bitmap Heap Scan",
                                    "Parent Relationship": "Outer",
                                    "Parallel Aware": true,
                                    "Relation Name": "cast_info",
                                    "Schema": "public",
                                    "Alias": "ci",
                                    "Startup Cost": 64448.27,
                                    "Total Cost": 323216.91,
                                    "Plan Rows": 486531,
                                    "Plan Width": 0,
                                    "Actual Startup Time": 98.725,
                                    "Actual Total Time": 204.039,
                                    "Actual Rows": 427974,
                                    "Actual Loops": 7,
                                    "Recheck Cond": "(ci.person_id > 3505541)",
                                    "Rows Removed by Index Recheck": 0,
                                    "Exact Heap Blocks": 9134,
                                    "Lossy Heap Blocks": 0,
                                    "Workers": [
                                        {
                                            "Worker Number": 0,
                                            "Actual Startup Time": 99.353,
                                            "Actual Total Time": 206.184,
                                            "Actual Rows": 388393,
                                            "Actual Loops": 1
                                        },
                                        {
                                            "Worker Number": 1,
                                            "Actual Startup Time": 95.937,
                                            "Actual Total Time": 201.802,
                                            "Actual Rows": 388153,
                                            "Actual Loops": 1
                                        },
                                        {
                                            "Worker Number": 2,
                                            "Actual Startup Time": 96.587,
                                            "Actual Total Time": 203.318,
                                            "Actual Rows": 378471,
                                            "Actual Loops": 1
                                        },
                                        {
                                            "Worker Number": 3,
                                            "Actual Startup Time": 96.883,
                                            "Actual Total Time": 202.628,
                                            "Actual Rows": 389925,
                                            "Actual Loops": 1
                                        },
                                        {
                                            "Worker Number": 4,
                                            "Actual Startup Time": 97.216,
                                            "Actual Total Time": 202.885,
                                            "Actual Rows": 396275,
                                            "Actual Loops": 1
                                        },
                                        {
                                            "Worker Number": 5,
                                            "Actual Startup Time": 97.339,
                                            "Actual Total Time": 203.273,
                                            "Actual Rows": 394530,
                                            "Actual Loops": 1
                                        }
                                    ],
                                    "Plans": [
                                        {
                                            "Node Type": "Bitmap Index Scan",
                                            "Parent Relationship": "Outer",
                                            "Parallel Aware": false,
                                            "Index Name": "person_id_cast_info",
                                            "Startup Cost": 0.0,
                                            "Total Cost": 63718.48,
                                            "Plan Rows": 2919188,
                                            "Plan Width": 0,
                                            "Actual Startup Time": 101.164,
                                            "Actual Total Time": 101.164,
                                            "Actual Rows": 2995815,
                                            "Actual Loops": 1,
                                            "Index Cond": "(ci.person_id > 3505541)"
                                        }
                                    ]
                                }
                            ]
                        }
                    ]
                }
            ]
        },
        "Planning Time": 191.595,
        "Triggers": [],
        "Execution Time": 242.167
    }
]