[
  {
    "Plan": {
      "Node Type": "Aggregate",
      "Strategy": "Plain",
      "Partial Mode": "Finalize",
      "Parallel Aware": false,
      "Startup Cost": 370543.17,
      "Total Cost": 370543.18,
      "Plan Rows": 1,
      "Plan Width": 8,
      "Actual Startup Time": 679.625,
      "Actual Total Time": 699.141,
      "Actual Rows": 1,
      "Actual Loops": 1,
      "Plans": [
        {
          "Node Type": "Gather",
          "Parent Relationship": "Outer",
          "Parallel Aware": false,
          "Startup Cost": 370542.85,
          "Total Cost": 370543.16,
          "Plan Rows": 3,
          "Plan Width": 8,
          "Actual Startup Time": 664.349,
          "Actual Total Time": 699.121,
          "Actual Rows": 4,
          "Actual Loops": 1,
          "Workers Planned": 3,
          "Workers Launched": 3,
          "Single Copy": false,
          "Plans": [
            {
              "Node Type": "Aggregate",
              "Strategy": "Plain",
              "Partial Mode": "Partial",
              "Parent Relationship": "Outer",
              "Parallel Aware": false,
              "Startup Cost": 369542.85,
              "Total Cost": 369542.86,
              "Plan Rows": 1,
              "Plan Width": 8,
              "Actual Startup Time": 657.626,
              "Actual Total Time": 657.632,
              "Actual Rows": 1,
              "Actual Loops": 4,
              "Plans": [
                {
                  "Node Type": "Hash Join",
                  "Parent Relationship": "Outer",
                  "Parallel Aware": true,
                  "Join Type": "Inner",
                  "Startup Cost": 324635.45,
                  "Total Cost": 369327.53,
                  "Plan Rows": 86131,
                  "Plan Width": 0,
                  "Actual Startup Time": 429.558,
                  "Actual Total Time": 653.575,
                  "Actual Rows": 72569,
                  "Actual Loops": 4,
                  "Inner Unique": false,
                  "Hash Cond": "(mk.movie_id = t.id)",
                  "Plans": [
                    {
                      "Node Type": "Seq Scan",
                      "Parent Relationship": "Outer",
                      "Parallel Aware": true,
                      "Relation Name": "movie_keyword",
                      "Alias": "mk",
                      "Startup Cost": 0.0,
                      "Total Cost": 39047.32,
                      "Plan Rows": 1459332,
                      "Plan Width": 4,
                      "Actual Startup Time": 0.039,
                      "Actual Total Time": 107.467,
                      "Actual Rows": 1130982,
                      "Actual Loops": 4
                    },
                    {
                      "Node Type": "Hash",
                      "Parent Relationship": "Inner",
                      "Parallel Aware": true,
                      "Startup Cost": 324262.37,
                      "Total Cost": 324262.37,
                      "Plan Rows": 29846,
                      "Plan Width": 8,
                      "Actual Startup Time": 426.851,
                      "Actual Total Time": 426.855,
                      "Actual Rows": 44657,
                      "Actual Loops": 4,
                      "Hash Buckets": 262144,
                      "Original Hash Buckets": 262144,
                      "Hash Batches": 1,
                      "Original Hash Batches": 1,
                      "Peak Memory Usage": 9120,
                      "Plans": [
                        {
                          "Node Type": "Hash Join",
                          "Parent Relationship": "Outer",
                          "Parallel Aware": true,
                          "Join Type": "Inner",
                          "Startup Cost": 56925.07,
                          "Total Cost": 324262.37,
                          "Plan Rows": 29846,
                          "Plan Width": 8,
                          "Actual Startup Time": 347.063,
                          "Actual Total Time": 406.591,
                          "Actual Rows": 44657,
                          "Actual Loops": 4,
                          "Inner Unique": true,
                          "Hash Cond": "(ci.movie_id = t.id)",
                          "Plans": [
                            {
                              "Node Type": "Bitmap Heap Scan",
                              "Parent Relationship": "Outer",
                              "Parallel Aware": true,
                              "Relation Name": "cast_info",
                              "Alias": "ci",
                              "Startup Cost": 7435.26,
                              "Total Cost": 274618.2,
                              "Plan Rows": 58805,
                              "Plan Width": 4,
                              "Actual Startup Time": 15.621,
                              "Actual Total Time": 35.2,
                              "Actual Rows": 85497,
                              "Actual Loops": 4,
                              "Recheck Cond": "(person_id < 41164)",
                              "Rows Removed by Index Recheck": 0,
                              "Filter": "(role_id < 10)",
                              "Rows Removed by Filter": 3558,
                              "Exact Heap Blocks": 1294,
                              "Lossy Heap Blocks": 0,
                              "Plans": [
                                {
                                  "Node Type": "Bitmap Index Scan",
                                  "Parent Relationship": "Outer",
                                  "Parallel Aware": false,
                                  "Index Name": "person_id_cast_info",
                                  "Startup Cost": 0.0,
                                  "Total Cost": 7361.75,
                                  "Plan Rows": 337225,
                                  "Plan Width": 0,
                                  "Actual Startup Time": 15.038,
                                  "Actual Total Time": 15.039,
                                  "Actual Rows": 356219,
                                  "Actual Loops": 1,
                                  "Index Cond": "(person_id < 41164)"
                                }
                              ]
                            },
                            {
                              "Node Type": "Hash",
                              "Parent Relationship": "Inner",
                              "Parallel Aware": true,
                              "Startup Cost": 45479.59,
                              "Total Cost": 45479.59,
                              "Plan Rows": 320818,
                              "Plan Width": 4,
                              "Actual Startup Time": 324.786,
                              "Actual Total Time": 324.787,
                              "Actual Rows": 348738,
                              "Actual Loops": 4,
                              "Hash Buckets": 2097152,
                              "Original Hash Buckets": 2097152,
                              "Hash Batches": 1,
                              "Original Hash Batches": 1,
                              "Peak Memory Usage": 71040,
                              "Plans": [
                                {
                                  "Node Type": "Seq Scan",
                                  "Parent Relationship": "Outer",
                                  "Parallel Aware": true,
                                  "Relation Name": "title",
                                  "Alias": "t",
                                  "Startup Cost": 0.0,
                                  "Total Cost": 45479.59,
                                  "Plan Rows": 320818,
                                  "Plan Width": 4,
                                  "Actual Startup Time": 0.04,
                                  "Actual Total Time": 144.949,
                                  "Actual Rows": 348738,
                                  "Actual Loops": 4,
                                  "Filter": "((kind_id > 1) AND (production_year > 1991))",
                                  "Rows Removed by Filter": 283340
                                }
                              ]
                            }
                          ]
                        }
                      ]
                    }
                  ]
                }
              ]
            }
          ]
        }
      ]
    },
    "Planning Time": 0.845,
    "Triggers": [],
    "Execution Time": 699.219
  }
]