[
  {
    "Plan": {
      "Node Type": "Aggregate",
      "Strategy": "Plain",
      "Partial Mode": "Finalize",
      "Parallel Aware": false,
      "Startup Cost": 370604.42,
      "Total Cost": 370604.43,
      "Plan Rows": 1,
      "Plan Width": 8,
      "Actual Startup Time": 503.816,
      "Actual Total Time": 519.905,
      "Actual Rows": 1,
      "Actual Loops": 1,
      "Plans": [
        {
          "Node Type": "Gather",
          "Parent Relationship": "Outer",
          "Parallel Aware": false,
          "Startup Cost": 370604.1,
          "Total Cost": 370604.41,
          "Plan Rows": 3,
          "Plan Width": 8,
          "Actual Startup Time": 499.325,
          "Actual Total Time": 519.895,
          "Actual Rows": 4,
          "Actual Loops": 1,
          "Workers Planned": 3,
          "Workers Launched": 3,
          "Single Copy": false,
          "Plans": [
            {
              "Node Type": "Aggregate",
              "Strategy": "Plain",
              "Partial Mode": "Partial",
              "Parent Relationship": "Outer",
              "Parallel Aware": false,
              "Startup Cost": 369604.1,
              "Total Cost": 369604.11,
              "Plan Rows": 1,
              "Plan Width": 8,
              "Actual Startup Time": 483.827,
              "Actual Total Time": 483.832,
              "Actual Rows": 1,
              "Actual Loops": 4,
              "Plans": [
                {
                  "Node Type": "Hash Join",
                  "Parent Relationship": "Outer",
                  "Parallel Aware": true,
                  "Join Type": "Inner",
                  "Startup Cost": 324669.58,
                  "Total Cost": 369373.71,
                  "Plan Rows": 92155,
                  "Plan Width": 0,
                  "Actual Startup Time": 303.82,
                  "Actual Total Time": 480.679,
                  "Actual Rows": 72569,
                  "Actual Loops": 4,
                  "Inner Unique": false,
                  "Hash Cond": "(mk.movie_id = t.id)",
                  "Plans": [
                    {
                      "Node Type": "Seq Scan",
                      "Parent Relationship": "Outer",
                      "Parallel Aware": true,
                      "Relation Name": "movie_keyword",
                      "Alias": "mk",
                      "Startup Cost": 0.0,
                      "Total Cost": 39047.32,
                      "Plan Rows": 1459332,
                      "Plan Width": 4,
                      "Actual Startup Time": 0.026,
                      "Actual Total Time": 85.086,
                      "Actual Rows": 1130982,
                      "Actual Loops": 4
                    },
                    {
                      "Node Type": "Hash",
                      "Parent Relationship": "Inner",
                      "Parallel Aware": true,
                      "Startup Cost": 324270.43,
                      "Total Cost": 324270.43,
                      "Plan Rows": 31932,
                      "Plan Width": 8,
                      "Actual Startup Time": 301.442,
                      "Actual Total Time": 301.446,
                      "Actual Rows": 44657,
                      "Actual Loops": 4,
                      "Hash Buckets": 262144,
                      "Original Hash Buckets": 262144,
                      "Hash Batches": 1,
                      "Original Hash Batches": 1,
                      "Peak Memory Usage": 9120,
                      "Plans": [
                        {
                          "Node Type": "Hash Join",
                          "Parent Relationship": "Outer",
                          "Parallel Aware": true,
                          "Join Type": "Inner",
                          "Startup Cost": 57479.87,
                          "Total Cost": 324270.43,
                          "Plan Rows": 31932,
                          "Plan Width": 8,
                          "Actual Startup Time": 235.734,
                          "Actual Total Time": 287.067,
                          "Actual Rows": 44657,
                          "Actual Loops": 4,
                          "Inner Unique": true,
                          "Hash Cond": "(ci.movie_id = t.id)",
                          "Plans": [
                            {
                              "Node Type": "Bitmap Heap Scan",
                              "Parent Relationship": "Outer",
                              "Parallel Aware": true,
                              "Relation Name": "cast_info",
                              "Alias": "ci",
                              "Startup Cost": 8010.41,
                              "Total Cost": 274635.01,
                              "Plan Rows": 63225,
                              "Plan Width": 4,
                              "Actual Startup Time": 12.03,
                              "Actual Total Time": 27.827,
                              "Actual Rows": 85497,
                              "Actual Loops": 4,
                              "Recheck Cond": "(person_id < 41164)",
                              "Rows Removed by Index Recheck": 0,
                              "Filter": "(role_id < 10)",
                              "Rows Removed by Filter": 3558,
                              "Exact Heap Blocks": 1135,
                              "Lossy Heap Blocks": 0,
                              "Plans": [
                                {
                                  "Node Type": "Bitmap Index Scan",
                                  "Parent Relationship": "Outer",
                                  "Parallel Aware": false,
                                  "Index Name": "person_id_cast_info",
                                  "Startup Cost": 0.0,
                                  "Total Cost": 7931.38,
                                  "Plan Rows": 363042,
                                  "Plan Width": 0,
                                  "Actual Startup Time": 11.429,
                                  "Actual Total Time": 11.43,
                                  "Actual Rows": 356219,
                                  "Actual Loops": 1,
                                  "Index Cond": "(person_id < 41164)"
                                }
                              ]
                            },
                            {
                              "Node Type": "Hash",
                              "Parent Relationship": "Inner",
                              "Parallel Aware": true,
                              "Startup Cost": 45479.1,
                              "Total Cost": 45479.1,
                              "Plan Rows": 319229,
                              "Plan Width": 4,
                              "Actual Startup Time": 217.743,
                              "Actual Total Time": 217.744,
                              "Actual Rows": 348738,
                              "Actual Loops": 4,
                              "Hash Buckets": 2097152,
                              "Original Hash Buckets": 2097152,
                              "Hash Batches": 1,
                              "Original Hash Batches": 1,
                              "Peak Memory Usage": 71008,
                              "Plans": [
                                {
                                  "Node Type": "Seq Scan",
                                  "Parent Relationship": "Outer",
                                  "Parallel Aware": true,
                                  "Relation Name": "title",
                                  "Alias": "t",
                                  "Startup Cost": 0.0,
                                  "Total Cost": 45479.1,
                                  "Plan Rows": 319229,
                                  "Plan Width": 4,
                                  "Actual Startup Time": 0.037,
                                  "Actual Total Time": 102.528,
                                  "Actual Rows": 348738,
                                  "Actual Loops": 4,
                                  "Filter": "((kind_id > 1) AND (production_year > 1991))",
                                  "Rows Removed by Filter": 283340
                                }
                              ]
                            }
                          ]
                        }
                      ]
                    }
                  ]
                }
              ]
            }
          ]
        }
      ]
    },
    "Planning Time": 1.528,
    "Triggers": [],
    "Execution Time": 520.015
  }
]