[
  {
    "Plan": {
      "Node Type": "Aggregate",
      "Strategy": "Plain",
      "Partial Mode": "Finalize",
      "Parallel Aware": false,
      "Startup Cost": 32802.11,
      "Total Cost": 32802.12,
      "Plan Rows": 1,
      "Plan Width": 8,
      "Actual Startup Time": 81.944,
      "Actual Total Time": 87.264,
      "Actual Rows": 1,
      "Actual Loops": 1,
      "Plans": [
        {
          "Node Type": "Gather",
          "Parent Relationship": "Outer",
          "Parallel Aware": false,
          "Startup Cost": 32801.8,
          "Total Cost": 32802.11,
          "Plan Rows": 3,
          "Plan Width": 8,
          "Actual Startup Time": 81.801,
          "Actual Total Time": 87.255,
          "Actual Rows": 4,
          "Actual Loops": 1,
          "Workers Planned": 3,
          "Workers Launched": 3,
          "Single Copy": false,
          "Plans": [
            {
              "Node Type": "Aggregate",
              "Strategy": "Plain",
              "Partial Mode": "Partial",
              "Parent Relationship": "Outer",
              "Parallel Aware": false,
              "Startup Cost": 31801.8,
              "Total Cost": 31801.81,
              "Plan Rows": 1,
              "Plan Width": 8,
              "Actual Startup Time": 74.777,
              "Actual Total Time": 74.778,
              "Actual Rows": 1,
              "Actual Loops": 4,
              "Plans": [
                {
                  "Node Type": "Seq Scan",
                  "Parent Relationship": "Outer",
                  "Parallel Aware": true,
                  "Relation Name": "movie_companies",
                  "Alias": "mc",
                  "Startup Cost": 0.0,
                  "Total Cost": 31414.82,
                  "Plan Rows": 154791,
                  "Plan Width": 0,
                  "Actual Startup Time": 22.201,
                  "Actual Total Time": 72.549,
                  "Actual Rows": 43590,
                  "Actual Loops": 4,
                  "Filter": "((company_id > 17125) AND (company_type_id < 2))",
                  "Rows Removed by Filter": 608693
                }
              ]
            }
          ]
        }
      ]
    },
    "Planning Time": 0.2,
    "Triggers": [],
    "Execution Time": 87.321
  }
]