[
  {
    "Plan": {
      "Node Type": "Aggregate",
      "Strategy": "Plain",
      "Partial Mode": "Finalize",
      "Parallel Aware": false,
      "Startup Cost": 46978.98,
      "Total Cost": 46978.99,
      "Plan Rows": 1,
      "Plan Width": 8,
      "Actual Startup Time": 214.139,
      "Actual Total Time": 226.694,
      "Actual Rows": 1,
      "Actual Loops": 1,
      "Plans": [
        {
          "Node Type": "Gather",
          "Parent Relationship": "Outer",
          "Parallel Aware": false,
          "Startup Cost": 46978.66,
          "Total Cost": 46978.97,
          "Plan Rows": 3,
          "Plan Width": 8,
          "Actual Startup Time": 213.977,
          "Actual Total Time": 226.679,
          "Actual Rows": 4,
          "Actual Loops": 1,
          "Workers Planned": 3,
          "Workers Launched": 3,
          "Single Copy": false,
          "Plans": [
            {
              "Node Type": "Aggregate",
              "Strategy": "Plain",
              "Partial Mode": "Partial",
              "Parent Relationship": "Outer",
              "Parallel Aware": false,
              "Startup Cost": 45978.66,
              "Total Cost": 45978.67,
              "Plan Rows": 1,
              "Plan Width": 8,
              "Actual Startup Time": 208.234,
              "Actual Total Time": 208.235,
              "Actual Rows": 1,
              "Actual Loops": 4,
              "Plans": [
                {
                  "Node Type": "Seq Scan",
                  "Parent Relationship": "Outer",
                  "Parallel Aware": true,
                  "Relation Name": "movie_keyword",
                  "Alias": "mk",
                  "Startup Cost": 0.0,
                  "Total Cost": 42695.65,
                  "Plan Rows": 1313204,
                  "Plan Width": 0,
                  "Actual Startup Time": 0.052,
                  "Actual Total Time": 150.154,
                  "Actual Rows": 1018406,
                  "Actual Loops": 4,
                  "Filter": "(keyword_id < 39420)",
                  "Rows Removed by Filter": 112577
                }
              ]
            }
          ]
        }
      ]
    },
    "Planning Time": 0.126,
    "Triggers": [],
    "Execution Time": 226.745
  }
]