{
  "Plan": {
    "Node Type": "Aggregate",
    "Strategy": "Plain",
    "Partial Mode": "Finalize",
    "Parallel Aware": false,
    "Startup Cost": 686957.68,
    "Total Cost": 686957.69,
    "Plan Rows": 1,
    "Plan Width": 8,
    "Actual Startup Time": 2938.377,
    "Actual Total Time": 2974.334,
    "Actual Rows": 1,
    "Actual Loops": 1,
    "Plans": [
      {
        "Node Type": "Gather",
        "Parent Relationship": "Outer",
        "Parallel Aware": false,
        "Startup Cost": 686957.56,
        "Total Cost": 686957.67,
        "Plan Rows": 1,
        "Plan Width": 8,
        "Actual Startup Time": 2933.735,
        "Actual Total Time": 2974.321,
        "Actual Rows": 2,
        "Actual Loops": 1,
        "Workers Planned": 1,
        "Workers Launched": 1,
        "Single Copy": false,
        "Plans": [
          {
            "Node Type": "Aggregate",
            "Strategy": "Plain",
            "Partial Mode": "Partial",
            "Parent Relationship": "Outer",
            "Parallel Aware": false,
            "Startup Cost": 685957.56,
            "Total Cost": 685957.57,
            "Plan Rows": 1,
            "Plan Width": 8,
            "Actual Startup Time": 2921.705,
            "Actual Total Time": 2922.827,
            "Actual Rows": 1,
            "Actual Loops": 2,
            "Plans": [
              {
                "Node Type": "Hash Join",
                "Parent Relationship": "Outer",
                "Parallel Aware": true,
                "Join Type": "Inner",
                "Startup Cost": 605355.75,
                "Total Cost": 680124.71,
                "Plan Rows": 2333140,
                "Plan Width": 0,
                "Actual Startup Time": 1808.831,
                "Actual Total Time": 2658.826,
                "Actual Rows": 6665634,
                "Actual Loops": 2,
                "Inner Unique": false,
                "Hash Cond": "(mk.movie_id = t.id)",
                "Plans": [
                  {
                    "Node Type": "Seq Scan",
                    "Parent Relationship": "Outer",
                    "Parallel Aware": true,
                    "Relation Name": "movie_keyword",
                    "Alias": "mk",
                    "Startup Cost": 0.0,
                    "Total Cost": 51065.35,
                    "Plan Rows": 2661135,
                    "Plan Width": 4,
                    "Actual Startup Time": 0.029,
                    "Actual Total Time": 158.079,
                    "Actual Rows": 2261965,
                    "Actual Loops": 2
                  },
                  {
                    "Node Type": "Hash",
                    "Parent Relationship": "Inner",
                    "Parallel Aware": true,
                    "Startup Cost": 589056.7,
                    "Total Cost": 589056.7,
                    "Plan Rows": 1303924,
                    "Plan Width": 8,
                    "Actual Startup Time": 1786.844,
                    "Actual Total Time": 1787.965,
                    "Actual Rows": 513492,
                    "Actual Loops": 2,
                    "Hash Buckets": 4194304,
                    "Original Hash Buckets": 4194304,
                    "Hash Batches": 1,
                    "Original Hash Batches": 1,
                    "Peak Memory Usage": 72960,
                    "Plans": [
                      {
                        "Node Type": "Hash Join",
                        "Parent Relationship": "Outer",
                        "Parallel Aware": true,
                        "Join Type": "Inner",
                        "Startup Cost": 251564.84,
                        "Total Cost": 589056.7,
                        "Plan Rows": 1303924,
                        "Plan Width": 8,
                        "Actual Startup Time": 974.535,
                        "Actual Total Time": 1605.449,
                        "Actual Rows": 513492,
                        "Actual Loops": 2,
                        "Inner Unique": true,
                        "Hash Cond": "(ci.movie_id = t.id)",
                        "Plans": [
                          {
                            "Node Type": "Bitmap Heap Scan",
                            "Parent Relationship": "Outer",
                            "Parallel Aware": true,
                            "Relation Name": "cast_info",
                            "Alias": "ci",
                            "Startup Cost": 189686.54,
                            "Total Cost": 518449.73,
                            "Plan Rows": 3325206,
                            "Plan Width": 4,
                            "Actual Startup Time": 677.75,
                            "Actual Total Time": 911.118,
                            "Actual Rows": 1218987,
                            "Actual Loops": 2,
                            "Recheck Cond": "(person_id < 861470)",
                            "Rows Removed by Index Recheck": 0,
                            "Filter": "(role_id > 1)",
                            "Rows Removed by Filter": 3154144,
                            "Exact Heap Blocks": 49450,
                            "Lossy Heap Blocks": 0,
                            "Plans": [
                              {
                                "Node Type": "Bitmap Index Scan",
                                "Parent Relationship": "Outer",
                                "Parallel Aware": false,
                                "Index Name": "person_id_cast_info",
                                "Startup Cost": 0.0,
                                "Total Cost": 188273.33,
                                "Plan Rows": 8621968,
                                "Plan Width": 0,
                                "Actual Startup Time": 347.84,
                                "Actual Total Time": 347.84,
                                "Actual Rows": 8746261,
                                "Actual Loops": 1,
                                "Index Cond": "(person_id < 861470)"
                              }
                            ]
                          },
                          {
                            "Node Type": "Hash",
                            "Parent Relationship": "Inner",
                            "Parallel Aware": true,
                            "Startup Cost": 54588.39,
                            "Total Cost": 54588.39,
                            "Plan Rows": 583193,
                            "Plan Width": 4,
                            "Actual Startup Time": 293.524,
                            "Actual Total Time": 293.525,
                            "Actual Rows": 492524,
                            "Actual Loops": 2,
                            "Hash Buckets": 1048576,
                            "Original Hash Buckets": 1048576,
                            "Hash Batches": 1,
                            "Original Hash Batches": 1,
                            "Peak Memory Usage": 46752,
                            "Plans": [
                              {
                                "Node Type": "Seq Scan",
                                "Parent Relationship": "Outer",
                                "Parallel Aware": true,
                                "Relation Name": "title",
                                "Alias": "t",
                                "Startup Cost": 0.0,
                                "Total Cost": 54588.39,
                                "Plan Rows": 583193,
                                "Plan Width": 4,
                                "Actual Startup Time": 0.046,
                                "Actual Total Time": 152.986,
                                "Actual Rows": 492524,
                                "Actual Loops": 2,
                                "Filter": "(kind_id < 7)",
                                "Rows Removed by Filter": 771632
                              }
                            ]
                          }
                        ]
                      }
                    ]
                  }
                ]
              }
            ]
          }
        ]
      }
    ]
  },
  "Planning Time": 1.009,
  "Triggers": [],
  "Execution Time": 2974.436
}