[
  {
    "Plan": {
      "Node Type": "Aggregate",
      "Strategy": "Plain",
      "Partial Mode": "Finalize",
      "Parallel Aware": false,
      "Startup Cost": 92014.39,
      "Total Cost": 92014.4,
      "Plan Rows": 1,
      "Plan Width": 8,
      "Actual Startup Time": 342.931,
      "Actual Total Time": 359.388,
      "Actual Rows": 1,
      "Actual Loops": 1,
      "Plans": [
        {
          "Node Type": "Gather",
          "Parent Relationship": "Outer",
          "Parallel Aware": false,
          "Startup Cost": 92014.07,
          "Total Cost": 92014.38,
          "Plan Rows": 3,
          "Plan Width": 8,
          "Actual Startup Time": 339.903,
          "Actual Total Time": 359.378,
          "Actual Rows": 4,
          "Actual Loops": 1,
          "Workers Planned": 3,
          "Workers Launched": 3,
          "Single Copy": false,
          "Plans": [
            {
              "Node Type": "Aggregate",
              "Strategy": "Plain",
              "Partial Mode": "Partial",
              "Parent Relationship": "Outer",
              "Parallel Aware": false,
              "Startup Cost": 91014.07,
              "Total Cost": 91014.08,
              "Plan Rows": 1,
              "Plan Width": 8,
              "Actual Startup Time": 331.605,
              "Actual Total Time": 331.608,
              "Actual Rows": 1,
              "Actual Loops": 4,
              "Plans": [
                {
                  "Node Type": "Hash Join",
                  "Parent Relationship": "Outer",
                  "Parallel Aware": true,
                  "Join Type": "Inner",
                  "Startup Cost": 46746.12,
                  "Total Cost": 90612.33,
                  "Plan Rows": 160697,
                  "Plan Width": 0,
                  "Actual Startup Time": 186.341,
                  "Actual Total Time": 327.978,
                  "Actual Rows": 86492,
                  "Actual Loops": 4,
                  "Inner Unique": true,
                  "Hash Cond": "(mk.movie_id = t.id)",
                  "Plans": [
                    {
                      "Node Type": "Seq Scan",
                      "Parent Relationship": "Outer",
                      "Parallel Aware": true,
                      "Relation Name": "movie_keyword",
                      "Alias": "mk",
                      "Startup Cost": 0.0,
                      "Total Cost": 42695.65,
                      "Plan Rows": 445929,
                      "Plan Width": 4,
                      "Actual Startup Time": 0.791,
                      "Actual Total Time": 93.759,
                      "Actual Rows": 346981,
                      "Actual Loops": 4,
                      "Filter": "(keyword_id > 12015)",
                      "Rows Removed by Filter": 784002
                    },
                    {
                      "Node Type": "Hash",
                      "Parent Relationship": "Inner",
                      "Parallel Aware": true,
                      "Startup Cost": 43898.92,
                      "Total Cost": 43898.92,
                      "Plan Rows": 227776,
                      "Plan Width": 4,
                      "Actual Startup Time": 180.353,
                      "Actual Total Time": 180.354,
                      "Actual Rows": 226123,
                      "Actual Loops": 4,
                      "Hash Buckets": 1048576,
                      "Original Hash Buckets": 1048576,
                      "Hash Batches": 1,
                      "Original Hash Batches": 1,
                      "Peak Memory Usage": 43648,
                      "Plans": [
                        {
                          "Node Type": "Seq Scan",
                          "Parent Relationship": "Outer",
                          "Parallel Aware": true,
                          "Relation Name": "title",
                          "Alias": "t",
                          "Startup Cost": 0.0,
                          "Total Cost": 43898.92,
                          "Plan Rows": 227776,
                          "Plan Width": 4,
                          "Actual Startup Time": 0.041,
                          "Actual Total Time": 102.737,
                          "Actual Rows": 226123,
                          "Actual Loops": 4,
                          "Filter": "(production_year > 2006)",
                          "Rows Removed by Filter": 405955
                        }
                      ]
                    }
                  ]
                }
              ]
            }
          ]
        }
      ]
    },
    "Planning Time": 0.635,
    "Triggers": [],
    "Execution Time": 359.457
  }
]