[
  {
    "Plan": {
      "Node Type": "Aggregate",
      "Strategy": "Plain",
      "Partial Mode": "Finalize",
      "Parallel Aware": false,
      "Startup Cost": 87830.08,
      "Total Cost": 87830.09,
      "Plan Rows": 1,
      "Plan Width": 8,
      "Actual Startup Time": 522.162,
      "Actual Total Time": 540.172,
      "Actual Rows": 1,
      "Actual Loops": 1,
      "Plans": [
        {
          "Node Type": "Gather",
          "Parent Relationship": "Outer",
          "Parallel Aware": false,
          "Startup Cost": 87829.76,
          "Total Cost": 87830.07,
          "Plan Rows": 3,
          "Plan Width": 8,
          "Actual Startup Time": 510.744,
          "Actual Total Time": 540.161,
          "Actual Rows": 4,
          "Actual Loops": 1,
          "Workers Planned": 3,
          "Workers Launched": 3,
          "Single Copy": false,
          "Plans": [
            {
              "Node Type": "Aggregate",
              "Strategy": "Plain",
              "Partial Mode": "Partial",
              "Parent Relationship": "Outer",
              "Parallel Aware": false,
              "Startup Cost": 86829.76,
              "Total Cost": 86829.77,
              "Plan Rows": 1,
              "Plan Width": 8,
              "Actual Startup Time": 498.29,
              "Actual Total Time": 498.295,
              "Actual Rows": 1,
              "Actual Loops": 4,
              "Plans": [
                {
                  "Node Type": "Hash Join",
                  "Parent Relationship": "Outer",
                  "Parallel Aware": true,
                  "Join Type": "Inner",
                  "Startup Cost": 59806.72,
                  "Total Cost": 86465.36,
                  "Plan Rows": 145761,
                  "Plan Width": 0,
                  "Actual Startup Time": 387.139,
                  "Actual Total Time": 492.581,
                  "Actual Rows": 113332,
                  "Actual Loops": 4,
                  "Inner Unique": true,
                  "Hash Cond": "(mk.movie_id = t.id)",
                  "Plans": [
                    {
                      "Node Type": "Bitmap Heap Scan",
                      "Parent Relationship": "Outer",
                      "Parallel Aware": true,
                      "Relation Name": "movie_keyword",
                      "Alias": "mk",
                      "Startup Cost": 9586.34,
                      "Total Cost": 35862.35,
                      "Plan Rows": 145761,
                      "Plan Width": 4,
                      "Actual Startup Time": 27.738,
                      "Actual Total Time": 83.0,
                      "Actual Rows": 113332,
                      "Actual Loops": 4,
                      "Recheck Cond": "(keyword_id < 348)",
                      "Rows Removed by Index Recheck": 0,
                      "Exact Heap Blocks": 7785,
                      "Lossy Heap Blocks": 0,
                      "Plans": [
                        {
                          "Node Type": "Bitmap Index Scan",
                          "Parent Relationship": "Outer",
                          "Parallel Aware": false,
                          "Index Name": "keyword_id_movie_keyword",
                          "Startup Cost": 0.0,
                          "Total Cost": 9473.38,
                          "Plan Rows": 451859,
                          "Plan Width": 0,
                          "Actual Startup Time": 24.177,
                          "Actual Total Time": 24.178,
                          "Actual Rows": 453330,
                          "Actual Loops": 1,
                          "Index Cond": "(keyword_id < 348)"
                        }
                      ]
                    },
                    {
                      "Node Type": "Hash",
                      "Parent Relationship": "Inner",
                      "Parallel Aware": true,
                      "Startup Cost": 42319.06,
                      "Total Cost": 42319.06,
                      "Plan Rows": 632106,
                      "Plan Width": 4,
                      "Actual Startup Time": 350.989,
                      "Actual Total Time": 350.989,
                      "Actual Rows": 632078,
                      "Actual Loops": 4,
                      "Hash Buckets": 4194304,
                      "Original Hash Buckets": 4194304,
                      "Hash Batches": 1,
                      "Original Hash Batches": 1,
                      "Peak Memory Usage": 131744,
                      "Plans": [
                        {
                          "Node Type": "Seq Scan",
                          "Parent Relationship": "Outer",
                          "Parallel Aware": true,
                          "Relation Name": "title",
                          "Alias": "t",
                          "Startup Cost": 0.0,
                          "Total Cost": 42319.06,
                          "Plan Rows": 632106,
                          "Plan Width": 4,
                          "Actual Startup Time": 0.037,
                          "Actual Total Time": 103.03,
                          "Actual Rows": 632078,
                          "Actual Loops": 4
                        }
                      ]
                    }
                  ]
                }
              ]
            }
          ]
        }
      ]
    },
    "Planning Time": 0.287,
    "Triggers": [],
    "Execution Time": 540.221
  }
]