[
  {
    "Plan": {
      "Node Type": "Aggregate",
      "Strategy": "Plain",
      "Partial Mode": "Simple",
      "Parallel Aware": false,
      "Startup Cost": 128079.81,
      "Total Cost": 128079.82,
      "Plan Rows": 1,
      "Plan Width": 8,
      "Actual Startup Time": 27.874,
      "Actual Total Time": 27.875,
      "Actual Rows": 1,
      "Actual Loops": 1,
      "Plans": [
        {
          "Node Type": "Index Only Scan",
          "Parent Relationship": "Outer",
          "Parallel Aware": false,
          "Scan Direction": "Forward",
          "Index Name": "person_id_cast_info",
          "Relation Name": "cast_info",
          "Alias": "ci",
          "Startup Cost": 0.56,
          "Total Cost": 127900.36,
          "Plan Rows": 71781,
          "Plan Width": 0,
          "Actual Startup Time": 0.058,
          "Actual Total Time": 22.502,
          "Actual Rows": 75885,
          "Actual Loops": 1,
          "Index Cond": "(person_id > 4050127)",
          "Rows Removed by Index Recheck": 0,
          "Heap Fetches": 75885
        }
      ]
    },
    "Planning Time": 0.178,
    "Triggers": [],
    "Execution Time": 27.904
  }
]