[
    {
        "Bao": {
            "Bao prediction": 456.486,
            "Bao recommended hint": "SET enable_mergejoin TO off; SET enable_indexscan TO off; "
        }
    },
    {
        "Plan": {
            "Node Type": "Aggregate",
            "Strategy": "Plain",
            "Partial Mode": "Finalize",
            "Parallel Aware": false,
            "Startup Cost": 346043.93,
            "Total Cost": 346043.94,
            "Plan Rows": 1,
            "Plan Width": 8,
            "Actual Startup Time": 816.489,
            "Actual Total Time": 851.435,
            "Actual Rows": 1,
            "Actual Loops": 1,
            "Output": [
                "count(*)"
            ],
            "Plans": [
                {
                    "Node Type": "Gather",
                    "Parent Relationship": "Outer",
                    "Parallel Aware": false,
                    "Startup Cost": 346043.3,
                    "Total Cost": 346043.91,
                    "Plan Rows": 6,
                    "Plan Width": 8,
                    "Actual Startup Time": 816.357,
                    "Actual Total Time": 851.426,
                    "Actual Rows": 7,
                    "Actual Loops": 1,
                    "Output": [
                        "(PARTIAL count(*))"
                    ],
                    "Workers Planned": 6,
                    "Workers Launched": 6,
                    "Single Copy": false,
                    "Plans": [
                        {
                            "Node Type": "Aggregate",
                            "Strategy": "Plain",
                            "Partial Mode": "Partial",
                            "Parent Relationship": "Outer",
                            "Parallel Aware": false,
                            "Startup Cost": 345043.3,
                            "Total Cost": 345043.31,
                            "Plan Rows": 1,
                            "Plan Width": 8,
                            "Actual Startup Time": 806.943,
                            "Actual Total Time": 806.944,
                            "Actual Rows": 1,
                            "Actual Loops": 7,
                            "Output": [
                                "PARTIAL count(*)"
                            ],
                            "Workers": [
                                {
                                    "Worker Number": 0,
                                    "Actual Startup Time": 804.929,
                                    "Actual Total Time": 804.93,
                                    "Actual Rows": 1,
                                    "Actual Loops": 1
                                },
                                {
                                    "Worker Number": 1,
                                    "Actual Startup Time": 805.045,
                                    "Actual Total Time": 805.046,
                                    "Actual Rows": 1,
                                    "Actual Loops": 1
                                },
                                {
                                    "Worker Number": 2,
                                    "Actual Startup Time": 805.341,
                                    "Actual Total Time": 805.342,
                                    "Actual Rows": 1,
                                    "Actual Loops": 1
                                },
                                {
                                    "Worker Number": 3,
                                    "Actual Startup Time": 805.341,
                                    "Actual Total Time": 805.342,
                                    "Actual Rows": 1,
                                    "Actual Loops": 1
                                },
                                {
                                    "Worker Number": 4,
                                    "Actual Startup Time": 805.903,
                                    "Actual Total Time": 805.905,
                                    "Actual Rows": 1,
                                    "Actual Loops": 1
                                },
                                {
                                    "Worker Number": 5,
                                    "Actual Startup Time": 806.466,
                                    "Actual Total Time": 806.467,
                                    "Actual Rows": 1,
                                    "Actual Loops": 1
                                }
                            ],
                            "Plans": [
                                {
                                    "Node Type": "Seq Scan",
                                    "Parent Relationship": "Outer",
                                    "Parallel Aware": true,
                                    "Relation Name": "cast_info",
                                    "Schema": "public",
                                    "Alias": "ci",
                                    "Startup Cost": 0.0,
                                    "Total Cost": 343318.94,
                                    "Plan Rows": 689745,
                                    "Plan Width": 0,
                                    "Actual Startup Time": 284.994,
                                    "Actual Total Time": 787.304,
                                    "Actual Rows": 302141,
                                    "Actual Loops": 7,
                                    "Output": [
                                        "id",
                                        "person_id",
                                        "movie_id",
                                        "person_role_id",
                                        "note",
                                        "nr_order",
                                        "role_id"
                                    ],
                                    "Filter": "((ci.person_id < 2007453) AND (ci.role_id = 2))",
                                    "Rows Removed by Filter": 4875623,
                                    "Workers": [
                                        {
                                            "Worker Number": 0,
                                            "Actual Startup Time": 282.975,
                                            "Actual Total Time": 785.47,
                                            "Actual Rows": 294937,
                                            "Actual Loops": 1
                                        },
                                        {
                                            "Worker Number": 1,
                                            "Actual Startup Time": 283.107,
                                            "Actual Total Time": 785.836,
                                            "Actual Rows": 288727,
                                            "Actual Loops": 1
                                        },
                                        {
                                            "Worker Number": 2,
                                            "Actual Startup Time": 283.377,
                                            "Actual Total Time": 785.906,
                                            "Actual Rows": 294527,
                                            "Actual Loops": 1
                                        },
                                        {
                                            "Worker Number": 3,
                                            "Actual Startup Time": 283.406,
                                            "Actual Total Time": 785.852,
                                            "Actual Rows": 295431,
                                            "Actual Loops": 1
                                        },
                                        {
                                            "Worker Number": 4,
                                            "Actual Startup Time": 283.961,
                                            "Actual Total Time": 786.619,
                                            "Actual Rows": 292871,
                                            "Actual Loops": 1
                                        },
                                        {
                                            "Worker Number": 5,
                                            "Actual Startup Time": 284.528,
                                            "Actual Total Time": 786.969,
                                            "Actual Rows": 294922,
                                            "Actual Loops": 1
                                        }
                                    ]
                                }
                            ]
                        }
                    ]
                }
            ]
        },
        "Planning Time": 817.38,
        "Triggers": [],
        "Execution Time": 851.527
    }
]