[
  {
    "Plan": {
      "Node Type": "Aggregate",
      "Strategy": "Plain",
      "Partial Mode": "Simple",
      "Parallel Aware": false,
      "Startup Cost": 11269.17,
      "Total Cost": 11269.18,
      "Plan Rows": 1,
      "Plan Width": 128,
      "Actual Startup Time": 3705.218,
      "Actual Total Time": 3705.225,
      "Actual Rows": 1,
      "Actual Loops": 1,
      "Plans": [
        {
          "Node Type": "Nested Loop",
          "Parent Relationship": "Outer",
          "Parallel Aware": false,
          "Join Type": "Inner",
          "Startup Cost": 13.08,
          "Total Cost": 11269.16,
          "Plan Rows": 1,
          "Plan Width": 80,
          "Actual Startup Time": 2.33,
          "Actual Total Time": 3699.783,
          "Actual Rows": 12763,
          "Actual Loops": 1,
          "Inner Unique": true,
          "Join Filter": "(mi.movie_id = t.id)",
          "Rows Removed by Join Filter": 0,
          "Plans": [
            {
              "Node Type": "Nested Loop",
              "Parent Relationship": "Outer",
              "Parallel Aware": false,
              "Join Type": "Inner",
              "Startup Cost": 12.65,
              "Total Cost": 11268.66,
              "Plan Rows": 1,
              "Plan Width": 79,
              "Actual Startup Time": 2.292,
              "Actual Total Time": 3641.334,
              "Actual Rows": 12763,
              "Actual Loops": 1,
              "Inner Unique": true,
              "Plans": [
                {
                  "Node Type": "Nested Loop",
                  "Parent Relationship": "Outer",
                  "Parallel Aware": false,
                  "Join Type": "Inner",
                  "Startup Cost": 12.22,
                  "Total Cost": 11267.97,
                  "Plan Rows": 1,
                  "Plan Width": 68,
                  "Actual Startup Time": 2.137,
                  "Actual Total Time": 3505.294,
                  "Actual Rows": 20697,
                  "Actual Loops": 1,
                  "Inner Unique": false,
                  "Join Filter": "(mi.movie_id = ci.movie_id)",
                  "Rows Removed by Join Filter": 0,
                  "Plans": [
                    {
                      "Node Type": "Nested Loop",
                      "Parent Relationship": "Outer",
                      "Parallel Aware": false,
                      "Join Type": "Inner",
                      "Startup Cost": 11.66,
                      "Total Cost": 11266.22,
                      "Plan Rows": 1,
                      "Plan Width": 60,
                      "Actual Startup Time": 1.511,
                      "Actual Total Time": 1293.386,
                      "Actual Rows": 30610,
                      "Actual Loops": 1,
                      "Inner Unique": false,
                      "Join Filter": "(mi.info_type_id = it1.id)",
                      "Rows Removed by Join Filter": 1644,
                      "Plans": [
                        {
                          "Node Type": "Seq Scan",
                          "Parent Relationship": "Outer",
                          "Parallel Aware": false,
                          "Relation Name": "info_type",
                          "Alias": "it1",
                          "Startup Cost": 0.0,
                          "Total Cost": 2.41,
                          "Plan Rows": 1,
                          "Plan Width": 4,
                          "Actual Startup Time": 0.01,
                          "Actual Total Time": 0.016,
                          "Actual Rows": 1,
                          "Actual Loops": 1,
                          "Filter": "((info)::text = 'genres'::text)",
                          "Rows Removed by Filter": 112
                        },
                        {
                          "Node Type": "Nested Loop",
                          "Parent Relationship": "Inner",
                          "Parallel Aware": false,
                          "Join Type": "Inner",
                          "Startup Cost": 11.66,
                          "Total Cost": 11263.69,
                          "Plan Rows": 10,
                          "Plan Width": 64,
                          "Actual Startup Time": 1.499,
                          "Actual Total Time": 1287.162,
                          "Actual Rows": 32254,
                          "Actual Loops": 1,
                          "Inner Unique": false,
                          "Join Filter": "(mi_idx.movie_id = mi.movie_id)",
                          "Rows Removed by Join Filter": 0,
                          "Plans": [
                            {
                              "Node Type": "Nested Loop",
                              "Parent Relationship": "Outer",
                              "Parallel Aware": false,
                              "Join Type": "Inner",
                              "Startup Cost": 11.22,
                              "Total Cost": 11253.63,
                              "Plan Rows": 6,
                              "Plan Width": 13,
                              "Actual Startup Time": 1.242,
                              "Actual Total Time": 262.24,
                              "Actual Rows": 26813,
                              "Actual Loops": 1,
                              "Inner Unique": false,
                              "Join Filter": "(mi_idx.info_type_id = it2.id)",
                              "Rows Removed by Join Filter": 53859,
                              "Plans": [
                                {
                                  "Node Type": "Seq Scan",
                                  "Parent Relationship": "Outer",
                                  "Parallel Aware": false,
                                  "Relation Name": "info_type",
                                  "Alias": "it2",
                                  "Startup Cost": 0.0,
                                  "Total Cost": 2.41,
                                  "Plan Rows": 1,
                                  "Plan Width": 4,
                                  "Actual Startup Time": 0.012,
                                  "Actual Total Time": 0.015,
                                  "Actual Rows": 1,
                                  "Actual Loops": 1,
                                  "Filter": "((info)::text = 'votes'::text)",
                                  "Rows Removed by Filter": 112
                                },
                                {
                                  "Node Type": "Nested Loop",
                                  "Parent Relationship": "Inner",
                                  "Parallel Aware": false,
                                  "Join Type": "Inner",
                                  "Startup Cost": 11.22,
                                  "Total Cost": 11242.1,
                                  "Plan Rows": 729,
                                  "Plan Width": 17,
                                  "Actual Startup Time": 1.227,
                                  "Actual Total Time": 252.793,
                                  "Actual Rows": 80672,
                                  "Actual Loops": 1,
                                  "Inner Unique": false,
                                  "Plans": [
                                    {
                                      "Node Type": "Nested Loop",
                                      "Parent Relationship": "Outer",
                                      "Parallel Aware": false,
                                      "Join Type": "Inner",
                                      "Startup Cost": 10.8,
                                      "Total Cost": 11118.79,
                                      "Plan Rows": 236,
                                      "Plan Width": 4,
                                      "Actual Startup Time": 1.176,
                                      "Actual Total Time": 96.901,
                                      "Actual Rows": 35085,
                                      "Actual Loops": 1,
                                      "Inner Unique": false,
                                      "Plans": [
                                        {
                                          "Node Type": "Seq Scan",
                                          "Parent Relationship": "Outer",
                                          "Parallel Aware": false,
                                          "Relation Name": "keyword",
                                          "Alias": "k",
                                          "Startup Cost": 0.0,
                                          "Total Cost": 3464.69,
                                          "Plan Rows": 7,
                                          "Plan Width": 4,
                                          "Actual Startup Time": 0.344,
                                          "Actual Total Time": 18.508,
                                          "Actual Rows": 7,
                                          "Actual Loops": 1,
                                          "Filter": "(keyword = ANY ('{marvel-cinematic-universe,fight,gore,violence,tv-special,sequel,neighbor}'::text[]))",
                                          "Rows Removed by Filter": 134163
                                        },
                                        {
                                          "Node Type": "Bitmap Heap Scan",
                                          "Parent Relationship": "Inner",
                                          "Parallel Aware": false,
                                          "Relation Name": "movie_keyword",
                                          "Alias": "mk",
                                          "Startup Cost": 10.8,
                                          "Total Cost": 1090.39,
                                          "Plan Rows": 305,
                                          "Plan Width": 8,
                                          "Actual Startup Time": 1.286,
                                          "Actual Total Time": 10.391,
                                          "Actual Rows": 5012,
                                          "Actual Loops": 7,
                                          "Recheck Cond": "(keyword_id = k.id)",
                                          "Rows Removed by Index Recheck": 0,
                                          "Exact Heap Blocks": 23424,
                                          "Lossy Heap Blocks": 0,
                                          "Plans": [
                                            {
                                              "Node Type": "Bitmap Index Scan",
                                              "Parent Relationship": "Outer",
                                              "Parallel Aware": false,
                                              "Index Name": "keyword_id_movie_keyword",
                                              "Startup Cost": 0.0,
                                              "Total Cost": 10.72,
                                              "Plan Rows": 305,
                                              "Plan Width": 0,
                                              "Actual Startup Time": 0.809,
                                              "Actual Total Time": 0.809,
                                              "Actual Rows": 5012,
                                              "Actual Loops": 7,
                                              "Index Cond": "(keyword_id = k.id)"
                                            }
                                          ]
                                        }
                                      ]
                                    },
                                    {
                                      "Node Type": "Index Scan",
                                      "Parent Relationship": "Inner",
                                      "Parallel Aware": false,
                                      "Scan Direction": "Forward",
                                      "Index Name": "movie_id_movie_info_idx",
                                      "Relation Name": "movie_info_idx",
                                      "Alias": "mi_idx",
                                      "Startup Cost": 0.43,
                                      "Total Cost": 0.49,
                                      "Plan Rows": 3,
                                      "Plan Width": 13,
                                      "Actual Startup Time": 0.003,
                                      "Actual Total Time": 0.004,
                                      "Actual Rows": 2,
                                      "Actual Loops": 35085,
                                      "Index Cond": "(movie_id = mk.movie_id)",
                                      "Rows Removed by Index Recheck": 0
                                    }
                                  ]
                                }
                              ]
                            },
                            {
                              "Node Type": "Index Scan",
                              "Parent Relationship": "Inner",
                              "Parallel Aware": false,
                              "Scan Direction": "Forward",
                              "Index Name": "movie_id_movie_info",
                              "Relation Name": "movie_info",
                              "Alias": "mi",
                              "Startup Cost": 0.43,
                              "Total Cost": 1.65,
                              "Plan Rows": 2,
                              "Plan Width": 51,
                              "Actual Startup Time": 0.036,
                              "Actual Total Time": 0.038,
                              "Actual Rows": 1,
                              "Actual Loops": 26813,
                              "Index Cond": "(movie_id = mk.movie_id)",
                              "Rows Removed by Index Recheck": 0,
                              "Filter": "(info = ANY ('{Horror,Crime,Family,Thriller,Drama,Comedy}'::text[]))",
                              "Rows Removed by Filter": 56
                            }
                          ]
                        }
                      ]
                    },
                    {
                      "Node Type": "Index Scan",
                      "Parent Relationship": "Inner",
                      "Parallel Aware": false,
                      "Scan Direction": "Forward",
                      "Index Name": "movie_id_cast_info",
                      "Relation Name": "cast_info",
                      "Alias": "ci",
                      "Startup Cost": 0.56,
                      "Total Cost": 1.73,
                      "Plan Rows": 1,
                      "Plan Width": 8,
                      "Actual Startup Time": 0.058,
                      "Actual Total Time": 0.072,
                      "Actual Rows": 1,
                      "Actual Loops": 30610,
                      "Index Cond": "(movie_id = mk.movie_id)",
                      "Rows Removed by Index Recheck": 0,
                      "Filter": "(note = ANY ('{(writer),\"(head writer)\",\"(written by)\",(story),\"(story editor)\"}'::text[]))",
                      "Rows Removed by Filter": 62
                    }
                  ]
                },
                {
                  "Node Type": "Index Scan",
                  "Parent Relationship": "Inner",
                  "Parallel Aware": false,
                  "Scan Direction": "Forward",
                  "Index Name": "name_pkey",
                  "Relation Name": "name",
                  "Alias": "n",
                  "Startup Cost": 0.43,
                  "Total Cost": 0.69,
                  "Plan Rows": 1,
                  "Plan Width": 19,
                  "Actual Startup Time": 0.006,
                  "Actual Total Time": 0.006,
                  "Actual Rows": 1,
                  "Actual Loops": 20697,
                  "Index Cond": "(id = ci.person_id)",
                  "Rows Removed by Index Recheck": 0,
                  "Filter": "((gender)::text = 'm'::text)",
                  "Rows Removed by Filter": 0
                }
              ]
            },
            {
              "Node Type": "Index Scan",
              "Parent Relationship": "Inner",
              "Parallel Aware": false,
              "Scan Direction": "Forward",
              "Index Name": "title_pkey",
              "Relation Name": "title",
              "Alias": "t",
              "Startup Cost": 0.43,
              "Total Cost": 0.49,
              "Plan Rows": 1,
              "Plan Width": 21,
              "Actual Startup Time": 0.004,
              "Actual Total Time": 0.004,
              "Actual Rows": 1,
              "Actual Loops": 12763,
              "Index Cond": "(id = mk.movie_id)",
              "Rows Removed by Index Recheck": 0
            }
          ]
        }
      ]
    },
    "Planning Time": 22.432,
    "Triggers": [],
    "Execution Time": 3705.526
  }
]