[
  {
    "Plan": {
      "Node Type": "Aggregate",
      "Strategy": "Plain",
      "Partial Mode": "Finalize",
      "Parallel Aware": false,
      "Startup Cost": 92284.69,
      "Total Cost": 92284.7,
      "Plan Rows": 1,
      "Plan Width": 8,
      "Actual Startup Time": 509.118,
      "Actual Total Time": 525.181,
      "Actual Rows": 1,
      "Actual Loops": 1,
      "Plans": [
        {
          "Node Type": "Gather",
          "Parent Relationship": "Outer",
          "Parallel Aware": false,
          "Startup Cost": 92284.37,
          "Total Cost": 92284.68,
          "Plan Rows": 3,
          "Plan Width": 8,
          "Actual Startup Time": 505.707,
          "Actual Total Time": 525.167,
          "Actual Rows": 4,
          "Actual Loops": 1,
          "Workers Planned": 3,
          "Workers Launched": 3,
          "Single Copy": false,
          "Plans": [
            {
              "Node Type": "Aggregate",
              "Strategy": "Plain",
              "Partial Mode": "Partial",
              "Parent Relationship": "Outer",
              "Parallel Aware": false,
              "Startup Cost": 91284.37,
              "Total Cost": 91284.38,
              "Plan Rows": 1,
              "Plan Width": 8,
              "Actual Startup Time": 497.972,
              "Actual Total Time": 497.975,
              "Actual Rows": 1,
              "Actual Loops": 4,
              "Plans": [
                {
                  "Node Type": "Hash Join",
                  "Parent Relationship": "Outer",
                  "Parallel Aware": true,
                  "Join Type": "Inner",
                  "Startup Cost": 47481.8,
                  "Total Cost": 90359.88,
                  "Plan Rows": 369798,
                  "Plan Width": 0,
                  "Actual Startup Time": 223.862,
                  "Actual Total Time": 462.01,
                  "Actual Rows": 719371,
                  "Actual Loops": 4,
                  "Inner Unique": true,
                  "Hash Cond": "(mk.movie_id = t.id)",
                  "Plans": [
                    {
                      "Node Type": "Seq Scan",
                      "Parent Relationship": "Outer",
                      "Parallel Aware": true,
                      "Relation Name": "movie_keyword",
                      "Alias": "mk",
                      "Startup Cost": 0.0,
                      "Total Cost": 39047.32,
                      "Plan Rows": 1459332,
                      "Plan Width": 4,
                      "Actual Startup Time": 0.033,
                      "Actual Total Time": 99.44,
                      "Actual Rows": 1130982,
                      "Actual Loops": 4
                    },
                    {
                      "Node Type": "Hash",
                      "Parent Relationship": "Inner",
                      "Parallel Aware": true,
                      "Startup Cost": 45479.59,
                      "Total Cost": 45479.59,
                      "Plan Rows": 160177,
                      "Plan Width": 4,
                      "Actual Startup Time": 176.166,
                      "Actual Total Time": 176.167,
                      "Actual Rows": 163819,
                      "Actual Loops": 4,
                      "Hash Buckets": 1048576,
                      "Original Hash Buckets": 1048576,
                      "Hash Batches": 1,
                      "Original Hash Batches": 1,
                      "Peak Memory Usage": 33888,
                      "Plans": [
                        {
                          "Node Type": "Seq Scan",
                          "Parent Relationship": "Outer",
                          "Parallel Aware": true,
                          "Relation Name": "title",
                          "Alias": "t",
                          "Startup Cost": 0.0,
                          "Total Cost": 45479.59,
                          "Plan Rows": 160177,
                          "Plan Width": 4,
                          "Actual Startup Time": 49.732,
                          "Actual Total Time": 116.15,
                          "Actual Rows": 163819,
                          "Actual Loops": 4,
                          "Filter": "((production_year > 1896) AND (kind_id = 1))",
                          "Rows Removed by Filter": 468259
                        }
                      ]
                    }
                  ]
                }
              ]
            }
          ]
        }
      ]
    },
    "Planning Time": 0.308,
    "Triggers": [],
    "Execution Time": 525.227
  }
]