[
  {
    "Plan": {
      "Node Type": "Aggregate",
      "Strategy": "Plain",
      "Partial Mode": "Simple",
      "Parallel Aware": false,
      "Startup Cost": 15472.24,
      "Total Cost": 15472.25,
      "Plan Rows": 1,
      "Plan Width": 8,
      "Actual Startup Time": 17.711,
      "Actual Total Time": 17.712,
      "Actual Rows": 1,
      "Actual Loops": 1,
      "Plans": [
        {
          "Node Type": "Bitmap Heap Scan",
          "Parent Relationship": "Outer",
          "Parallel Aware": false,
          "Relation Name": "movie_keyword",
          "Alias": "mk",
          "Startup Cost": 150.19,
          "Total Cost": 15454.9,
          "Plan Rows": 6937,
          "Plan Width": 0,
          "Actual Startup Time": 4.219,
          "Actual Total Time": 16.823,
          "Actual Rows": 5916,
          "Actual Loops": 1,
          "Recheck Cond": "(keyword_id = 807)",
          "Rows Removed by Index Recheck": 0,
          "Exact Heap Blocks": 4920,
          "Lossy Heap Blocks": 0,
          "Plans": [
            {
              "Node Type": "Bitmap Index Scan",
              "Parent Relationship": "Outer",
              "Parallel Aware": false,
              "Index Name": "keyword_id_movie_keyword",
              "Startup Cost": 0.0,
              "Total Cost": 148.46,
              "Plan Rows": 6937,
              "Plan Width": 0,
              "Actual Startup Time": 2.224,
              "Actual Total Time": 2.224,
              "Actual Rows": 5916,
              "Actual Loops": 1,
              "Index Cond": "(keyword_id = 807)"
            }
          ]
        }
      ]
    },
    "Planning Time": 0.164,
    "Triggers": [],
    "Execution Time": 17.775
  }
]