{
    "Plan": {
        "Node Type": "Aggregate",
        "Strategy": "Plain",
        "Partial Mode": "Finalize",
        "Parallel Aware": false,
        "Startup Cost": 726751.69,
        "Total Cost": 726751.7,
        "Plan Rows": 1,
        "Plan Width": 64,
        "Actual Startup Time": 4716.013,
        "Actual Total Time": 4820.198,
        "Actual Rows": 1,
        "Actual Loops": 1,
        "Plans": [
            {
                "Node Type": "Gather",
                "Parent Relationship": "Outer",
                "Parallel Aware": false,
                "Startup Cost": 726751.58,
                "Total Cost": 726751.69,
                "Plan Rows": 1,
                "Plan Width": 64,
                "Actual Startup Time": 4702.504,
                "Actual Total Time": 4820.166,
                "Actual Rows": 2,
                "Actual Loops": 1,
                "Workers Planned": 1,
                "Workers Launched": 1,
                "Single Copy": false,
                "Plans": [
                    {
                        "Node Type": "Aggregate",
                        "Strategy": "Plain",
                        "Partial Mode": "Partial",
                        "Parent Relationship": "Outer",
                        "Parallel Aware": false,
                        "Startup Cost": 725751.58,
                        "Total Cost": 725751.59,
                        "Plan Rows": 1,
                        "Plan Width": 64,
                        "Actual Startup Time": 4685.436,
                        "Actual Total Time": 4685.452,
                        "Actual Rows": 1,
                        "Actual Loops": 2,
                        "Plans": [
                            {
                                "Node Type": "Hash Join",
                                "Parent Relationship": "Outer",
                                "Parallel Aware": false,
                                "Join Type": "Inner",
                                "Startup Cost": 195866.38,
                                "Total Cost": 722966.59,
                                "Plan Rows": 556997,
                                "Plan Width": 33,
                                "Actual Startup Time": 2736.266,
                                "Actual Total Time": 4685.43,
                                "Actual Rows": 5,
                                "Actual Loops": 2,
                                "Inner Unique": true,
                                "Hash Cond": "(ci.role_id = rt.id)",
                                "Plans": [
                                    {
                                        "Node Type": "Hash Join",
                                        "Parent Relationship": "Outer",
                                        "Parallel Aware": true,
                                        "Join Type": "Inner",
                                        "Startup Cost": 195865.11,
                                        "Total Cost": 720986.83,
                                        "Plan Rows": 556997,
                                        "Plan Width": 37,
                                        "Actual Startup Time": 2735.88,
                                        "Actual Total Time": 4685.038,
                                        "Actual Rows": 5,
                                        "Actual Loops": 2,
                                        "Inner Unique": true,
                                        "Hash Cond": "(ci.person_role_id = chn.id)",
                                        "Plans": [
                                            {
                                                "Node Type": "Hash Join",
                                                "Parent Relationship": "Outer",
                                                "Parallel Aware": true,
                                                "Join Type": "Inner",
                                                "Startup Cost": 117853.8,
                                                "Total Cost": 641513.4,
                                                "Plan Rows": 556997,
                                                "Plan Width": 25,
                                                "Actual Startup Time": 1708.935,
                                                "Actual Total Time": 3638.272,
                                                "Actual Rows": 391052,
                                                "Actual Loops": 2,
                                                "Inner Unique": false,
                                                "Hash Cond": "(ci.movie_id = t.id)",
                                                "Plans": [
                                                    {
                                                        "Node Type": "Seq Scan",
                                                        "Parent Relationship": "Outer",
                                                        "Parallel Aware": true,
                                                        "Relation Name": "cast_info",
                                                        "Alias": "ci",
                                                        "Startup Cost": 0.0,
                                                        "Total Cost": 519189.53,
                                                        "Plan Rows": 850870,
                                                        "Plan Width": 12,
                                                        "Actual Startup Time": 345.223,
                                                        "Actual Total Time": 2042.613,
                                                        "Actual Rows": 717720,
                                                        "Actual Loops": 2,
                                                        "Filter": "(note ~~ '%(producer)%'::text)",
                                                        "Rows Removed by Filter": 17404452
                                                    },
                                                    {
                                                        "Node Type": "Hash",
                                                        "Parent Relationship": "Inner",
                                                        "Parallel Aware": true,
                                                        "Startup Cost": 113102.04,
                                                        "Total Cost": 113102.04,
                                                        "Plan Rows": 380141,
                                                        "Plan Width": 25,
                                                        "Actual Startup Time": 1339.028,
                                                        "Actual Total Time": 1339.038,
                                                        "Actual Rows": 298125,
                                                        "Actual Loops": 2,
                                                        "Hash Buckets": 1048576,
                                                        "Original Hash Buckets": 1048576,
                                                        "Hash Batches": 1,
                                                        "Original Hash Batches": 1,
                                                        "Peak Memory Usage": 45024,
                                                        "Plans": [
                                                            {
                                                                "Node Type": "Hash Join",
                                                                "Parent Relationship": "Outer",
                                                                "Parallel Aware": false,
                                                                "Join Type": "Inner",
                                                                "Startup Cost": 50348.89,
                                                                "Total Cost": 113102.04,
                                                                "Plan Rows": 380141,
                                                                "Plan Width": 25,
                                                                "Actual Startup Time": 611.207,
                                                                "Actual Total Time": 1195.144,
                                                                "Actual Rows": 298125,
                                                                "Actual Loops": 2,
                                                                "Inner Unique": true,
                                                                "Hash Cond": "(mc.company_type_id = ct.id)",
                                                                "Plans": [
                                                                    {
                                                                        "Node Type": "Hash Join",
                                                                        "Parent Relationship": "Outer",
                                                                        "Parallel Aware": true,
                                                                        "Join Type": "Inner",
                                                                        "Startup Cost": 50347.8,
                                                                        "Total Cost": 111045.81,
                                                                        "Plan Rows": 380141,
                                                                        "Plan Width": 29,
                                                                        "Actual Startup Time": 611.122,
                                                                        "Actual Total Time": 1147.689,
                                                                        "Actual Rows": 298125,
                                                                        "Actual Loops": 2,
                                                                        "Inner Unique": false,
                                                                        "Hash Cond": "(t.id = mc.movie_id)",
                                                                        "Plans": [
                                                                            {
                                                                                "Node Type": "Seq Scan",
                                                                                "Parent Relationship": "Outer",
                                                                                "Parallel Aware": true,
                                                                                "Relation Name": "title",
                                                                                "Alias": "t",
                                                                                "Startup Cost": 0.0,
                                                                                "Total Cost": 54588.53,
                                                                                "Plan Rows": 1032896,
                                                                                "Plan Width": 21,
                                                                                "Actual Startup Time": 0.026,
                                                                                "Actual Total Time": 229.284,
                                                                                "Actual Rows": 874516,
                                                                                "Actual Loops": 2,
                                                                                "Filter": "(production_year > 1990)",
                                                                                "Rows Removed by Filter": 389640
                                                                            },
                                                                            {
                                                                                "Node Type": "Hash",
                                                                                "Parent Relationship": "Inner",
                                                                                "Parallel Aware": true,
                                                                                "Startup Cost": 43505.85,
                                                                                "Total Cost": 43505.85,
                                                                                "Plan Rows": 547356,
                                                                                "Plan Width": 8,
                                                                                "Actual Startup Time": 609.097,
                                                                                "Actual Total Time": 609.103,
                                                                                "Actual Rows": 576899,
                                                                                "Actual Loops": 2,
                                                                                "Hash Buckets": 2097152,
                                                                                "Original Hash Buckets": 1048576,
                                                                                "Hash Batches": 1,
                                                                                "Original Hash Batches": 1,
                                                                                "Peak Memory Usage": 69760,
                                                                                "Plans": [
                                                                                    {
                                                                                        "Node Type": "Hash Join",
                                                                                        "Parent Relationship": "Outer",
                                                                                        "Parallel Aware": true,
                                                                                        "Join Type": "Inner",
                                                                                        "Startup Cost": 5339.16,
                                                                                        "Total Cost": 43505.85,
                                                                                        "Plan Rows": 547356,
                                                                                        "Plan Width": 8,
                                                                                        "Actual Startup Time": 53.411,
                                                                                        "Actual Total Time": 419.409,
                                                                                        "Actual Rows": 576899,
                                                                                        "Actual Loops": 2,
                                                                                        "Inner Unique": true,
                                                                                        "Hash Cond": "(mc.company_id = cn.id)",
                                                                                        "Plans": [
                                                                                            {
                                                                                                "Node Type": "Seq Scan",
                                                                                                "Parent Relationship": "Outer",
                                                                                                "Parallel Aware": true,
                                                                                                "Relation Name": "movie_companies",
                                                                                                "Alias": "mc",
                                                                                                "Startup Cost": 0.0,
                                                                                                "Total Cost": 34137.82,
                                                                                                "Plan Rows": 1534782,
                                                                                                "Plan Width": 12,
                                                                                                "Actual Startup Time": 0.007,
                                                                                                "Actual Total Time": 127.39,
                                                                                                "Actual Rows": 1304564,
                                                                                                "Actual Loops": 2
                                                                                            },
                                                                                            {
                                                                                                "Node Type": "Hash",
                                                                                                "Parent Relationship": "Inner",
                                                                                                "Parallel Aware": true,
                                                                                                "Startup Cost": 4722.92,
                                                                                                "Total Cost": 4722.92,
                                                                                                "Plan Rows": 49299,
                                                                                                "Plan Width": 4,
                                                                                                "Actual Startup Time": 40.527,
                                                                                                "Actual Total Time": 40.528,
                                                                                                "Actual Rows": 42422,
                                                                                                "Actual Loops": 2,
                                                                                                "Hash Buckets": 131072,
                                                                                                "Original Hash Buckets": 131072,
                                                                                                "Hash Batches": 1,
                                                                                                "Original Hash Batches": 1,
                                                                                                "Peak Memory Usage": 4384,
                                                                                                "Plans": [
                                                                                                    {
                                                                                                        "Node Type": "Seq Scan",
                                                                                                        "Parent Relationship": "Outer",
                                                                                                        "Parallel Aware": true,
                                                                                                        "Relation Name": "company_name",
                                                                                                        "Alias": "cn",
                                                                                                        "Startup Cost": 0.0,
                                                                                                        "Total Cost": 4722.92,
                                                                                                        "Plan Rows": 49299,
                                                                                                        "Plan Width": 4,
                                                                                                        "Actual Startup Time": 0.022,
                                                                                                        "Actual Total Time": 18.738,
                                                                                                        "Actual Rows": 42422,
                                                                                                        "Actual Loops": 2,
                                                                                                        "Filter": "((country_code)::text = '[us]'::text)",
                                                                                                        "Rows Removed by Filter": 75077
                                                                                                    }
                                                                                                ]
                                                                                            }
                                                                                        ]
                                                                                    }
                                                                                ]
                                                                            }
                                                                        ]
                                                                    },
                                                                    {
                                                                        "Node Type": "Hash",
                                                                        "Parent Relationship": "Inner",
                                                                        "Parallel Aware": false,
                                                                        "Startup Cost": 1.04,
                                                                        "Total Cost": 1.04,
                                                                        "Plan Rows": 4,
                                                                        "Plan Width": 4,
                                                                        "Actual Startup Time": 0.041,
                                                                        "Actual Total Time": 0.042,
                                                                        "Actual Rows": 4,
                                                                        "Actual Loops": 2,
                                                                        "Hash Buckets": 1024,
                                                                        "Original Hash Buckets": 1024,
                                                                        "Hash Batches": 1,
                                                                        "Original Hash Batches": 1,
                                                                        "Peak Memory Usage": 9,
                                                                        "Plans": [
                                                                            {
                                                                                "Node Type": "Seq Scan",
                                                                                "Parent Relationship": "Outer",
                                                                                "Parallel Aware": false,
                                                                                "Relation Name": "company_type",
                                                                                "Alias": "ct",
                                                                                "Startup Cost": 0.0,
                                                                                "Total Cost": 1.04,
                                                                                "Plan Rows": 4,
                                                                                "Plan Width": 4,
                                                                                "Actual Startup Time": 0.03,
                                                                                "Actual Total Time": 0.031,
                                                                                "Actual Rows": 4,
                                                                                "Actual Loops": 2
                                                                            }
                                                                        ]
                                                                    }
                                                                ]
                                                            }
                                                        ]
                                                    }
                                                ]
                                            },
                                            {
                                                "Node Type": "Hash",
                                                "Parent Relationship": "Inner",
                                                "Parallel Aware": true,
                                                "Startup Cost": 54920.58,
                                                "Total Cost": 54920.58,
                                                "Plan Rows": 1847258,
                                                "Plan Width": 20,
                                                "Actual Startup Time": 1002.36,
                                                "Actual Total Time": 1002.36,
                                                "Actual Rows": 1570170,
                                                "Actual Loops": 2,
                                                "Hash Buckets": 4194304,
                                                "Original Hash Buckets": 4194304,
                                                "Hash Batches": 1,
                                                "Original Hash Batches": 1,
                                                "Peak Memory Usage": 205088,
                                                "Plans": [
                                                    {
                                                        "Node Type": "Seq Scan",
                                                        "Parent Relationship": "Outer",
                                                        "Parallel Aware": true,
                                                        "Relation Name": "char_name",
                                                        "Alias": "chn",
                                                        "Startup Cost": 0.0,
                                                        "Total Cost": 54920.58,
                                                        "Plan Rows": 1847258,
                                                        "Plan Width": 20,
                                                        "Actual Startup Time": 0.044,
                                                        "Actual Total Time": 264.612,
                                                        "Actual Rows": 1570170,
                                                        "Actual Loops": 2
                                                    }
                                                ]
                                            }
                                        ]
                                    },
                                    {
                                        "Node Type": "Hash",
                                        "Parent Relationship": "Inner",
                                        "Parallel Aware": false,
                                        "Startup Cost": 1.12,
                                        "Total Cost": 1.12,
                                        "Plan Rows": 12,
                                        "Plan Width": 4,
                                        "Actual Startup Time": 0.071,
                                        "Actual Total Time": 0.071,
                                        "Actual Rows": 12,
                                        "Actual Loops": 2,
                                        "Hash Buckets": 1024,
                                        "Original Hash Buckets": 1024,
                                        "Hash Batches": 1,
                                        "Original Hash Batches": 1,
                                        "Peak Memory Usage": 9,
                                        "Plans": [
                                            {
                                                "Node Type": "Seq Scan",
                                                "Parent Relationship": "Outer",
                                                "Parallel Aware": false,
                                                "Relation Name": "role_type",
                                                "Alias": "rt",
                                                "Startup Cost": 0.0,
                                                "Total Cost": 1.12,
                                                "Plan Rows": 12,
                                                "Plan Width": 4,
                                                "Actual Startup Time": 0.05,
                                                "Actual Total Time": 0.055,
                                                "Actual Rows": 12,
                                                "Actual Loops": 2
                                            }
                                        ]
                                    }
                                ]
                            }
                        ]
                    }
                ]
            }
        ]
    },
    "Planning Time": 5.651,
    "Triggers": [],
    "Execution Time": 4820.335
}