{
  "Plan": {
    "Node Type": "Aggregate",
    "Strategy": "Plain",
    "Partial Mode": "Finalize",
    "Parallel Aware": false,
    "Startup Cost": 76574.4,
    "Total Cost": 76574.41,
    "Plan Rows": 1,
    "Plan Width": 8,
    "Actual Startup Time": 153.846,
    "Actual Total Time": 165.884,
    "Actual Rows": 1,
    "Actual Loops": 1,
    "Plans": [
      {
        "Node Type": "Gather",
        "Parent Relationship": "Outer",
        "Parallel Aware": false,
        "Startup Cost": 76574.28,
        "Total Cost": 76574.39,
        "Plan Rows": 1,
        "Plan Width": 8,
        "Actual Startup Time": 153.727,
        "Actual Total Time": 165.876,
        "Actual Rows": 2,
        "Actual Loops": 1,
        "Workers Planned": 1,
        "Workers Launched": 1,
        "Single Copy": false,
        "Plans": [
          {
            "Node Type": "Aggregate",
            "Strategy": "Plain",
            "Partial Mode": "Partial",
            "Parent Relationship": "Outer",
            "Parallel Aware": false,
            "Startup Cost": 75574.28,
            "Total Cost": 75574.29,
            "Plan Rows": 1,
            "Plan Width": 8,
            "Actual Startup Time": 147.525,
            "Actual Total Time": 147.527,
            "Actual Rows": 1,
            "Actual Loops": 2,
            "Plans": [
              {
                "Node Type": "Nested Loop",
                "Parent Relationship": "Outer",
                "Parallel Aware": false,
                "Join Type": "Inner",
                "Startup Cost": 0.43,
                "Total Cost": 75570.71,
                "Plan Rows": 1431,
                "Plan Width": 0,
                "Actual Startup Time": 10.326,
                "Actual Total Time": 147.485,
                "Actual Rows": 339,
                "Actual Loops": 2,
                "Inner Unique": false,
                "Plans": [
                  {
                    "Node Type": "Seq Scan",
                    "Parent Relationship": "Outer",
                    "Parallel Aware": true,
                    "Relation Name": "title",
                    "Alias": "t",
                    "Startup Cost": 0.0,
                    "Total Cost": 58306.47,
                    "Plan Rows": 2622,
                    "Plan Width": 4,
                    "Actual Startup Time": 0.798,
                    "Actual Total Time": 142.395,
                    "Actual Rows": 2010,
                    "Actual Loops": 2,
                    "Filter": "((kind_id = 7) AND (production_year = 1954))",
                    "Rows Removed by Filter": 1262146
                  },
                  {
                    "Node Type": "Index Only Scan",
                    "Parent Relationship": "Inner",
                    "Parallel Aware": false,
                    "Scan Direction": "Forward",
                    "Index Name": "movie_id_movie_info_idx",
                    "Relation Name": "movie_info_idx",
                    "Alias": "mi_idx",
                    "Startup Cost": 0.43,
                    "Total Cost": 6.55,
                    "Plan Rows": 3,
                    "Plan Width": 4,
                    "Actual Startup Time": 0.002,
                    "Actual Total Time": 0.002,
                    "Actual Rows": 0,
                    "Actual Loops": 4021,
                    "Index Cond": "(movie_id = t.id)",
                    "Rows Removed by Index Recheck": 0,
                    "Heap Fetches": 678
                  }
                ]
              }
            ]
          }
        ]
      }
    ]
  },
  "Planning Time": 0.471,
  "Triggers": [],
  "Execution Time": 165.956
}