[
    {
        "Bao": {
            "Bao prediction": "NaN",
            "Bao recommended hint": "(no hint)"
        }
    },
    {
        "Plan": {
            "Node Type": "Aggregate",
            "Strategy": "Plain",
            "Partial Mode": "Finalize",
            "Parallel Aware": false,
            "Startup Cost": 442901.72,
            "Total Cost": 442901.73,
            "Plan Rows": 1,
            "Plan Width": 8,
            "Actual Startup Time": 2966.517,
            "Actual Total Time": 2997.974,
            "Actual Rows": 1,
            "Actual Loops": 1,
            "Output": [
                "count(*)"
            ],
            "Plans": [
                {
                    "Node Type": "Gather",
                    "Parent Relationship": "Outer",
                    "Parallel Aware": false,
                    "Startup Cost": 442901.41,
                    "Total Cost": 442901.72,
                    "Plan Rows": 3,
                    "Plan Width": 8,
                    "Actual Startup Time": 2957.321,
                    "Actual Total Time": 2997.964,
                    "Actual Rows": 4,
                    "Actual Loops": 1,
                    "Output": [
                        "(PARTIAL count(*))"
                    ],
                    "Workers Planned": 3,
                    "Workers Launched": 3,
                    "Single Copy": false,
                    "Plans": [
                        {
                            "Node Type": "Aggregate",
                            "Strategy": "Plain",
                            "Partial Mode": "Partial",
                            "Parent Relationship": "Outer",
                            "Parallel Aware": false,
                            "Startup Cost": 441901.41,
                            "Total Cost": 441901.42,
                            "Plan Rows": 1,
                            "Plan Width": 8,
                            "Actual Startup Time": 2948.31,
                            "Actual Total Time": 2948.679,
                            "Actual Rows": 1,
                            "Actual Loops": 4,
                            "Output": [
                                "PARTIAL count(*)"
                            ],
                            "Workers": [
                                {
                                    "Worker Number": 0,
                                    "Actual Startup Time": 2946.393,
                                    "Actual Total Time": 2946.398,
                                    "Actual Rows": 1,
                                    "Actual Loops": 1
                                },
                                {
                                    "Worker Number": 1,
                                    "Actual Startup Time": 2945.087,
                                    "Actual Total Time": 2945.093,
                                    "Actual Rows": 1,
                                    "Actual Loops": 1
                                },
                                {
                                    "Worker Number": 2,
                                    "Actual Startup Time": 2945.078,
                                    "Actual Total Time": 2945.083,
                                    "Actual Rows": 1,
                                    "Actual Loops": 1
                                }
                            ],
                            "Plans": [
                                {
                                    "Node Type": "Hash Join",
                                    "Parent Relationship": "Outer",
                                    "Parallel Aware": true,
                                    "Join Type": "Inner",
                                    "Startup Cost": 392939.96,
                                    "Total Cost": 441015.83,
                                    "Plan Rows": 354231,
                                    "Plan Width": 0,
                                    "Actual Startup Time": 1888.566,
                                    "Actual Total Time": 2635.88,
                                    "Actual Rows": 6618776,
                                    "Actual Loops": 4,
                                    "Inner Unique": false,
                                    "Hash Cond": "(mk.movie_id = t.id)",
                                    "Workers": [
                                        {
                                            "Worker Number": 0,
                                            "Actual Startup Time": 1885.549,
                                            "Actual Total Time": 2633.954,
                                            "Actual Rows": 7027239,
                                            "Actual Loops": 1
                                        },
                                        {
                                            "Worker Number": 1,
                                            "Actual Startup Time": 1885.732,
                                            "Actual Total Time": 2631.149,
                                            "Actual Rows": 6145686,
                                            "Actual Loops": 1
                                        },
                                        {
                                            "Worker Number": 2,
                                            "Actual Startup Time": 1885.684,
                                            "Actual Total Time": 2630.355,
                                            "Actual Rows": 6339160,
                                            "Actual Loops": 1
                                        }
                                    ],
                                    "Plans": [
                                        {
                                            "Node Type": "Seq Scan",
                                            "Parent Relationship": "Outer",
                                            "Parallel Aware": true,
                                            "Relation Name": "movie_keyword",
                                            "Schema": "public",
                                            "Alias": "mk",
                                            "Startup Cost": 0.0,
                                            "Total Cost": 42695.65,
                                            "Plan Rows": 1277288,
                                            "Plan Width": 4,
                                            "Actual Startup Time": 0.043,
                                            "Actual Total Time": 131.03,
                                            "Actual Rows": 989415,
                                            "Actual Loops": 4,
                                            "Output": [
                                                "mk.id",
                                                "mk.movie_id",
                                                "mk.keyword_id"
                                            ],
                                            "Filter": "(mk.keyword_id > 398)",
                                            "Rows Removed by Filter": 141568,
                                            "Workers": [
                                                {
                                                    "Worker Number": 0,
                                                    "Actual Startup Time": 0.074,
                                                    "Actual Total Time": 134.927,
                                                    "Actual Rows": 1042589,
                                                    "Actual Loops": 1
                                                },
                                                {
                                                    "Worker Number": 1,
                                                    "Actual Startup Time": 0.03,
                                                    "Actual Total Time": 133.359,
                                                    "Actual Rows": 917722,
                                                    "Actual Loops": 1
                                                },
                                                {
                                                    "Worker Number": 2,
                                                    "Actual Startup Time": 0.034,
                                                    "Actual Total Time": 132.834,
                                                    "Actual Rows": 936239,
                                                    "Actual Loops": 1
                                                }
                                            ]
                                        },
                                        {
                                            "Node Type": "Hash",
                                            "Parent Relationship": "Inner",
                                            "Parallel Aware": true,
                                            "Startup Cost": 391479.18,
                                            "Total Cost": 391479.18,
                                            "Plan Rows": 116863,
                                            "Plan Width": 8,
                                            "Actual Startup Time": 1827.817,
                                            "Actual Total Time": 1828.184,
                                            "Actual Rows": 406644,
                                            "Actual Loops": 4,
                                            "Output": [
                                                "t.id",
                                                "ci.movie_id"
                                            ],
                                            "Hash Buckets": 2097152,
                                            "Original Hash Buckets": 1048576,
                                            "Hash Batches": 1,
                                            "Original Hash Batches": 1,
                                            "Peak Memory Usage": 88256,
                                            "Workers": [
                                                {
                                                    "Worker Number": 0,
                                                    "Actual Startup Time": 1827.52,
                                                    "Actual Total Time": 1827.523,
                                                    "Actual Rows": 395558,
                                                    "Actual Loops": 1
                                                },
                                                {
                                                    "Worker Number": 1,
                                                    "Actual Startup Time": 1827.717,
                                                    "Actual Total Time": 1827.72,
                                                    "Actual Rows": 404080,
                                                    "Actual Loops": 1
                                                },
                                                {
                                                    "Worker Number": 2,
                                                    "Actual Startup Time": 1827.515,
                                                    "Actual Total Time": 1827.519,
                                                    "Actual Rows": 407571,
                                                    "Actual Loops": 1
                                                }
                                            ],
                                            "Plans": [
                                                {
                                                    "Node Type": "Hash Join",
                                                    "Parent Relationship": "Outer",
                                                    "Parallel Aware": true,
                                                    "Join Type": "Inner",
                                                    "Startup Cost": 47408.94,
                                                    "Total Cost": 391479.18,
                                                    "Plan Rows": 116863,
                                                    "Plan Width": 8,
                                                    "Actual Startup Time": 225.111,
                                                    "Actual Total Time": 1603.262,
                                                    "Actual Rows": 406644,
                                                    "Actual Loops": 4,
                                                    "Output": [
                                                        "t.id",
                                                        "ci.movie_id"
                                                    ],
                                                    "Inner Unique": true,
                                                    "Hash Cond": "(ci.movie_id = t.id)",
                                                    "Workers": [
                                                        {
                                                            "Worker Number": 0,
                                                            "Actual Startup Time": 224.728,
                                                            "Actual Total Time": 1606.088,
                                                            "Actual Rows": 395558,
                                                            "Actual Loops": 1
                                                        },
                                                        {
                                                            "Worker Number": 1,
                                                            "Actual Startup Time": 224.862,
                                                            "Actual Total Time": 1603.789,
                                                            "Actual Rows": 404080,
                                                            "Actual Loops": 1
                                                        },
                                                        {
                                                            "Worker Number": 2,
                                                            "Actual Startup Time": 224.786,
                                                            "Actual Total Time": 1600.62,
                                                            "Actual Rows": 407571,
                                                            "Actual Loops": 1
                                                        }
                                                    ],
                                                    "Plans": [
                                                        {
                                                            "Node Type": "Index Scan",
                                                            "Parent Relationship": "Outer",
                                                            "Parallel Aware": true,
                                                            "Scan Direction": "Forward",
                                                            "Index Name": "role_id_cast_info",
                                                            "Relation Name": "cast_info",
                                                            "Schema": "public",
                                                            "Alias": "ci",
                                                            "Startup Cost": 0.56,
                                                            "Total Cost": 342814.42,
                                                            "Plan Rows": 478622,
                                                            "Plan Width": 4,
                                                            "Actual Startup Time": 0.184,
                                                            "Actual Total Time": 845.792,
                                                            "Actual Rows": 1505288,
                                                            "Actual Loops": 4,
                                                            "Output": [
                                                                "ci.id",
                                                                "ci.person_id",
                                                                "ci.movie_id",
                                                                "ci.person_role_id",
                                                                "ci.note",
                                                                "ci.nr_order",
                                                                "ci.role_id"
                                                            ],
                                                            "Index Cond": "(ci.role_id = 1)",
                                                            "Rows Removed by Index Recheck": 0,
                                                            "Filter": "(ci.person_id < 817018)",
                                                            "Rows Removed by Filter": 1662384,
                                                            "Workers": [
                                                                {
                                                                    "Worker Number": 0,
                                                                    "Actual Startup Time": 0.15,
                                                                    "Actual Total Time": 850.876,
                                                                    "Actual Rows": 1469460,
                                                                    "Actual Loops": 1
                                                                },
                                                                {
                                                                    "Worker Number": 1,
                                                                    "Actual Startup Time": 0.151,
                                                                    "Actual Total Time": 857.504,
                                                                    "Actual Rows": 1505010,
                                                                    "Actual Loops": 1
                                                                },
                                                                {
                                                                    "Worker Number": 2,
                                                                    "Actual Startup Time": 0.093,
                                                                    "Actual Total Time": 853.6,
                                                                    "Actual Rows": 1506960,
                                                                    "Actual Loops": 1
                                                                }
                                                            ]
                                                        },
                                                        {
                                                            "Node Type": "Hash",
                                                            "Parent Relationship": "Inner",
                                                            "Parallel Aware": true,
                                                            "Startup Cost": 45479.21,
                                                            "Total Cost": 45479.21,
                                                            "Plan Rows": 154333,
                                                            "Plan Width": 4,
                                                            "Actual Startup Time": 222.55,
                                                            "Actual Total Time": 222.552,
                                                            "Actual Rows": 131499,
                                                            "Actual Loops": 4,
                                                            "Output": [
                                                                "t.id"
                                                            ],
                                                            "Hash Buckets": 1048576,
                                                            "Original Hash Buckets": 1048576,
                                                            "Hash Batches": 1,
                                                            "Original Hash Batches": 1,
                                                            "Peak Memory Usage": 28800,
                                                            "Workers": [
                                                                {
                                                                    "Worker Number": 0,
                                                                    "Actual Startup Time": 224.265,
                                                                    "Actual Total Time": 224.266,
                                                                    "Actual Rows": 126662,
                                                                    "Actual Loops": 1
                                                                },
                                                                {
                                                                    "Worker Number": 1,
                                                                    "Actual Startup Time": 224.639,
                                                                    "Actual Total Time": 224.64,
                                                                    "Actual Rows": 126367,
                                                                    "Actual Loops": 1
                                                                },
                                                                {
                                                                    "Worker Number": 2,
                                                                    "Actual Startup Time": 224.423,
                                                                    "Actual Total Time": 224.424,
                                                                    "Actual Rows": 127509,
                                                                    "Actual Loops": 1
                                                                }
                                                            ],
                                                            "Plans": [
                                                                {
                                                                    "Node Type": "Seq Scan",
                                                                    "Parent Relationship": "Outer",
                                                                    "Parallel Aware": true,
                                                                    "Relation Name": "title",
                                                                    "Schema": "public",
                                                                    "Alias": "t",
                                                                    "Startup Cost": 0.0,
                                                                    "Total Cost": 45479.21,
                                                                    "Plan Rows": 154333,
                                                                    "Plan Width": 4,
                                                                    "Actual Startup Time": 55.685,
                                                                    "Actual Total Time": 139.103,
                                                                    "Actual Rows": 131499,
                                                                    "Actual Loops": 4,
                                                                    "Output": [
                                                                        "t.id"
                                                                    ],
                                                                    "Filter": "((t.production_year > 1935) AND (t.kind_id = 1))",
                                                                    "Rows Removed by Filter": 500579,
                                                                    "Workers": [
                                                                        {
                                                                            "Worker Number": 0,
                                                                            "Actual Startup Time": 71.953,
                                                                            "Actual Total Time": 140.779,
                                                                            "Actual Rows": 126662,
                                                                            "Actual Loops": 1
                                                                        },
                                                                        {
                                                                            "Worker Number": 1,
                                                                            "Actual Startup Time": 71.98,
                                                                            "Actual Total Time": 139.919,
                                                                            "Actual Rows": 126367,
                                                                            "Actual Loops": 1
                                                                        },
                                                                        {
                                                                            "Worker Number": 2,
                                                                            "Actual Startup Time": 71.84,
                                                                            "Actual Total Time": 139.919,
                                                                            "Actual Rows": 127509,
                                                                            "Actual Loops": 1
                                                                        }
                                                                    ]
                                                                }
                                                            ]
                                                        }
                                                    ]
                                                }
                                            ]
                                        }
                                    ]
                                }
                            ]
                        }
                    ]
                }
            ]
        },
        "Planning Time": 300.26,
        "Triggers": [],
        "Execution Time": 2998.108
    }
]