{
  "Plan": {
    "Node Type": "Aggregate",
    "Strategy": "Plain",
    "Partial Mode": "Finalize",
    "Parallel Aware": false,
    "Startup Cost": 95275.01,
    "Total Cost": 95275.02,
    "Plan Rows": 1,
    "Plan Width": 8,
    "Actual Startup Time": 457.593,
    "Actual Total Time": 467.418,
    "Actual Rows": 1,
    "Actual Loops": 1,
    "Plans": [
      {
        "Node Type": "Gather",
        "Parent Relationship": "Outer",
        "Parallel Aware": false,
        "Startup Cost": 95274.9,
        "Total Cost": 95275.01,
        "Plan Rows": 1,
        "Plan Width": 8,
        "Actual Startup Time": 456.49,
        "Actual Total Time": 467.409,
        "Actual Rows": 2,
        "Actual Loops": 1,
        "Workers Planned": 1,
        "Workers Launched": 1,
        "Single Copy": false,
        "Plans": [
          {
            "Node Type": "Aggregate",
            "Strategy": "Plain",
            "Partial Mode": "Partial",
            "Parent Relationship": "Outer",
            "Parallel Aware": false,
            "Startup Cost": 94274.9,
            "Total Cost": 94274.91,
            "Plan Rows": 1,
            "Plan Width": 8,
            "Actual Startup Time": 450.639,
            "Actual Total Time": 450.643,
            "Actual Rows": 1,
            "Actual Loops": 2,
            "Plans": [
              {
                "Node Type": "Hash Join",
                "Parent Relationship": "Outer",
                "Parallel Aware": true,
                "Join Type": "Inner",
                "Startup Cost": 55703.07,
                "Total Cost": 93869.7,
                "Plan Rows": 162079,
                "Plan Width": 0,
                "Actual Startup Time": 190.248,
                "Actual Total Time": 434.584,
                "Actual Rows": 395843,
                "Actual Loops": 2,
                "Inner Unique": true,
                "Hash Cond": "(mc.movie_id = t.id)",
                "Plans": [
                  {
                    "Node Type": "Seq Scan",
                    "Parent Relationship": "Outer",
                    "Parallel Aware": true,
                    "Relation Name": "movie_companies",
                    "Alias": "mc",
                    "Startup Cost": 0.0,
                    "Total Cost": 34137.82,
                    "Plan Rows": 1534782,
                    "Plan Width": 4,
                    "Actual Startup Time": 0.013,
                    "Actual Total Time": 96.145,
                    "Actual Rows": 1304564,
                    "Actual Loops": 2
                  },
                  {
                    "Node Type": "Hash",
                    "Parent Relationship": "Inner",
                    "Parallel Aware": true,
                    "Startup Cost": 53739.86,
                    "Total Cost": 53739.86,
                    "Plan Rows": 157057,
                    "Plan Width": 4,
                    "Actual Startup Time": 139.757,
                    "Actual Total Time": 139.758,
                    "Actual Rows": 187098,
                    "Actual Loops": 2,
                    "Hash Buckets": 524288,
                    "Original Hash Buckets": 524288,
                    "Hash Batches": 1,
                    "Original Hash Batches": 1,
                    "Peak Memory Usage": 18752,
                    "Plans": [
                      {
                        "Node Type": "Bitmap Heap Scan",
                        "Parent Relationship": "Outer",
                        "Parallel Aware": true,
                        "Relation Name": "title",
                        "Alias": "t",
                        "Startup Cost": 11889.6,
                        "Total Cost": 53739.86,
                        "Plan Rows": 157057,
                        "Plan Width": 4,
                        "Actual Startup Time": 35.359,
                        "Actual Total Time": 100.895,
                        "Actual Rows": 187098,
                        "Actual Loops": 2,
                        "Recheck Cond": "(kind_id = 1)",
                        "Rows Removed by Index Recheck": 0,
                        "Filter": "(production_year < 2000)",
                        "Rows Removed by Filter": 144314,
                        "Exact Heap Blocks": 8137,
                        "Lossy Heap Blocks": 0,
                        "Plans": [
                          {
                            "Node Type": "Bitmap Index Scan",
                            "Parent Relationship": "Outer",
                            "Parallel Aware": false,
                            "Index Name": "kind_id_title",
                            "Startup Cost": 0.0,
                            "Total Cost": 11822.85,
                            "Plan Rows": 663256,
                            "Plan Width": 0,
                            "Actual Startup Time": 33.696,
                            "Actual Total Time": 33.697,
                            "Actual Rows": 662825,
                            "Actual Loops": 1,
                            "Index Cond": "(kind_id = 1)"
                          }
                        ]
                      }
                    ]
                  }
                ]
              }
            ]
          }
        ]
      }
    ]
  },
  "Planning Time": 0.694,
  "Triggers": [],
  "Execution Time": 467.551
}