[
  {
    "Plan": {
      "Node Type": "Aggregate",
      "Strategy": "Plain",
      "Partial Mode": "Finalize",
      "Parallel Aware": false,
      "Startup Cost": 46737.79,
      "Total Cost": 46737.8,
      "Plan Rows": 1,
      "Plan Width": 8,
      "Actual Startup Time": 178.214,
      "Actual Total Time": 188.07,
      "Actual Rows": 1,
      "Actual Loops": 1,
      "Plans": [
        {
          "Node Type": "Gather",
          "Parent Relationship": "Outer",
          "Parallel Aware": false,
          "Startup Cost": 46737.47,
          "Total Cost": 46737.78,
          "Plan Rows": 3,
          "Plan Width": 8,
          "Actual Startup Time": 178.104,
          "Actual Total Time": 188.061,
          "Actual Rows": 4,
          "Actual Loops": 1,
          "Workers Planned": 3,
          "Workers Launched": 3,
          "Single Copy": false,
          "Plans": [
            {
              "Node Type": "Aggregate",
              "Strategy": "Plain",
              "Partial Mode": "Partial",
              "Parent Relationship": "Outer",
              "Parallel Aware": false,
              "Startup Cost": 45737.47,
              "Total Cost": 45737.48,
              "Plan Rows": 1,
              "Plan Width": 8,
              "Actual Startup Time": 170.474,
              "Actual Total Time": 170.475,
              "Actual Rows": 1,
              "Actual Loops": 4,
              "Plans": [
                {
                  "Node Type": "Seq Scan",
                  "Parent Relationship": "Outer",
                  "Parallel Aware": true,
                  "Relation Name": "movie_keyword",
                  "Alias": "mk",
                  "Startup Cost": 0.0,
                  "Total Cost": 42695.65,
                  "Plan Rows": 1216726,
                  "Plan Width": 0,
                  "Actual Startup Time": 0.074,
                  "Actual Total Time": 127.605,
                  "Actual Rows": 945250,
                  "Actual Loops": 4,
                  "Filter": "(keyword_id < 25273)",
                  "Rows Removed by Filter": 185733
                }
              ]
            }
          ]
        }
      ]
    },
    "Planning Time": 0.206,
    "Triggers": [],
    "Execution Time": 188.123
  }
]