{
  "Plan": {
    "Node Type": "Aggregate",
    "Strategy": "Plain",
    "Partial Mode": "Simple",
    "Parallel Aware": false,
    "Startup Cost": 21263.32,
    "Total Cost": 21263.33,
    "Plan Rows": 1,
    "Plan Width": 96,
    "Actual Startup Time": 217.957,
    "Actual Total Time": 217.962,
    "Actual Rows": 1,
    "Actual Loops": 1,
    "Plans": [
      {
        "Node Type": "Nested Loop",
        "Parent Relationship": "Outer",
        "Parallel Aware": false,
        "Join Type": "Inner",
        "Startup Cost": 6161.05,
        "Total Cost": 21263.32,
        "Plan Rows": 1,
        "Plan Width": 66,
        "Actual Startup Time": 129.303,
        "Actual Total Time": 217.937,
        "Actual Rows": 11,
        "Actual Loops": 1,
        "Inner Unique": true,
        "Plans": [
          {
            "Node Type": "Nested Loop",
            "Parent Relationship": "Outer",
            "Parallel Aware": false,
            "Join Type": "Inner",
            "Startup Cost": 6160.62,
            "Total Cost": 21262.63,
            "Plan Rows": 1,
            "Plan Width": 70,
            "Actual Startup Time": 63.119,
            "Actual Total Time": 216.401,
            "Actual Rows": 268,
            "Actual Loops": 1,
            "Inner Unique": false,
            "Plans": [
              {
                "Node Type": "Nested Loop",
                "Parent Relationship": "Outer",
                "Parallel Aware": false,
                "Join Type": "Inner",
                "Startup Cost": 6160.06,
                "Total Cost": 21259.23,
                "Plan Rows": 1,
                "Plan Width": 78,
                "Actual Startup Time": 39.851,
                "Actual Total Time": 197.83,
                "Actual Rows": 358,
                "Actual Loops": 1,
                "Inner Unique": true,
                "Plans": [
                  {
                    "Node Type": "Nested Loop",
                    "Parent Relationship": "Outer",
                    "Parallel Aware": false,
                    "Join Type": "Inner",
                    "Startup Cost": 6159.92,
                    "Total Cost": 21258.72,
                    "Plan Rows": 3,
                    "Plan Width": 82,
                    "Actual Startup Time": 39.839,
                    "Actual Total Time": 197.411,
                    "Actual Rows": 358,
                    "Actual Loops": 1,
                    "Inner Unique": false,
                    "Plans": [
                      {
                        "Node Type": "Nested Loop",
                        "Parent Relationship": "Outer",
                        "Parallel Aware": false,
                        "Join Type": "Inner",
                        "Startup Cost": 6159.48,
                        "Total Cost": 20940.01,
                        "Plan Rows": 135,
                        "Plan Width": 31,
                        "Actual Startup Time": 36.891,
                        "Actual Total Time": 130.336,
                        "Actual Rows": 6152,
                        "Actual Loops": 1,
                        "Inner Unique": true,
                        "Plans": [
                          {
                            "Node Type": "Nested Loop",
                            "Parent Relationship": "Outer",
                            "Parallel Aware": false,
                            "Join Type": "Inner",
                            "Startup Cost": 6159.05,
                            "Total Cost": 19393.87,
                            "Plan Rows": 433,
                            "Plan Width": 10,
                            "Actual Startup Time": 36.179,
                            "Actual Total Time": 87.044,
                            "Actual Rows": 15849,
                            "Actual Loops": 1,
                            "Inner Unique": false,
                            "Plans": [
                              {
                                "Node Type": "Seq Scan",
                                "Parent Relationship": "Outer",
                                "Parallel Aware": false,
                                "Relation Name": "info_type",
                                "Alias": "it2",
                                "Startup Cost": 0.0,
                                "Total Cost": 2.41,
                                "Plan Rows": 1,
                                "Plan Width": 4,
                                "Actual Startup Time": 0.048,
                                "Actual Total Time": 0.052,
                                "Actual Rows": 1,
                                "Actual Loops": 1,
                                "Filter": "((info)::text = 'rating'::text)",
                                "Rows Removed by Filter": 112
                              },
                              {
                                "Node Type": "Bitmap Heap Scan",
                                "Parent Relationship": "Inner",
                                "Parallel Aware": false,
                                "Relation Name": "movie_info_idx",
                                "Alias": "mi_idx",
                                "Startup Cost": 6159.05,
                                "Total Cost": 19269.19,
                                "Plan Rows": 12227,
                                "Plan Width": 14,
                                "Actual Startup Time": 36.12,
                                "Actual Total Time": 85.758,
                                "Actual Rows": 15849,
                                "Actual Loops": 1,
                                "Recheck Cond": "(info_type_id = it2.id)",
                                "Rows Removed by Index Recheck": 0,
                                "Filter": "(info > '8.0'::text)",
                                "Rows Removed by Filter": 444076,
                                "Exact Heap Blocks": 7934,
                                "Lossy Heap Blocks": 0,
                                "Plans": [
                                  {
                                    "Node Type": "Bitmap Index Scan",
                                    "Parent Relationship": "Outer",
                                    "Parallel Aware": false,
                                    "Index Name": "info_type_id_movie_info_idx",
                                    "Startup Cost": 0.0,
                                    "Total Cost": 6155.99,
                                    "Plan Rows": 345009,
                                    "Plan Width": 0,
                                    "Actual Startup Time": 34.898,
                                    "Actual Total Time": 34.899,
                                    "Actual Rows": 459925,
                                    "Actual Loops": 1,
                                    "Index Cond": "(info_type_id = it2.id)"
                                  }
                                ]
                              }
                            ]
                          },
                          {
                            "Node Type": "Index Scan",
                            "Parent Relationship": "Inner",
                            "Parallel Aware": false,
                            "Scan Direction": "Forward",
                            "Index Name": "title_pkey",
                            "Relation Name": "title",
                            "Alias": "t",
                            "Startup Cost": 0.43,
                            "Total Cost": 3.57,
                            "Plan Rows": 1,
                            "Plan Width": 21,
                            "Actual Startup Time": 0.003,
                            "Actual Total Time": 0.003,
                            "Actual Rows": 0,
                            "Actual Loops": 15849,
                            "Index Cond": "(id = mi_idx.movie_id)",
                            "Rows Removed by Index Recheck": 0,
                            "Filter": "((production_year >= 2008) AND (production_year <= 2014))",
                            "Rows Removed by Filter": 1
                          }
                        ]
                      },
                      {
                        "Node Type": "Index Scan",
                        "Parent Relationship": "Inner",
                        "Parallel Aware": false,
                        "Scan Direction": "Forward",
                        "Index Name": "movie_id_movie_info",
                        "Relation Name": "movie_info",
                        "Alias": "mi",
                        "Startup Cost": 0.43,
                        "Total Cost": 2.35,
                        "Plan Rows": 1,
                        "Plan Width": 51,
                        "Actual Startup Time": 0.011,
                        "Actual Total Time": 0.011,
                        "Actual Rows": 0,
                        "Actual Loops": 6152,
                        "Index Cond": "(movie_id = t.id)",
                        "Rows Removed by Index Recheck": 0,
                        "Filter": "((note IS NULL) AND (info = ANY ('{Horror,Thriller}'::text[])))",
                        "Rows Removed by Filter": 18
                      }
                    ]
                  },
                  {
                    "Node Type": "Index Scan",
                    "Parent Relationship": "Inner",
                    "Parallel Aware": false,
                    "Scan Direction": "Forward",
                    "Index Name": "info_type_pkey",
                    "Relation Name": "info_type",
                    "Alias": "it1",
                    "Startup Cost": 0.14,
                    "Total Cost": 0.16,
                    "Plan Rows": 1,
                    "Plan Width": 4,
                    "Actual Startup Time": 0.001,
                    "Actual Total Time": 0.001,
                    "Actual Rows": 1,
                    "Actual Loops": 358,
                    "Index Cond": "(id = mi.info_type_id)",
                    "Rows Removed by Index Recheck": 0,
                    "Filter": "((info)::text = 'genres'::text)",
                    "Rows Removed by Filter": 0
                  }
                ]
              },
              {
                "Node Type": "Index Scan",
                "Parent Relationship": "Inner",
                "Parallel Aware": false,
                "Scan Direction": "Forward",
                "Index Name": "movie_id_cast_info",
                "Relation Name": "cast_info",
                "Alias": "ci",
                "Startup Cost": 0.56,
                "Total Cost": 3.38,
                "Plan Rows": 1,
                "Plan Width": 8,
                "Actual Startup Time": 0.041,
                "Actual Total Time": 0.052,
                "Actual Rows": 1,
                "Actual Loops": 358,
                "Index Cond": "(movie_id = t.id)",
                "Rows Removed by Index Recheck": 0,
                "Filter": "(note = ANY ('{(writer),\"(head writer)\",\"(written by)\",(story),\"(story editor)\"}'::text[]))",
                "Rows Removed by Filter": 34
              }
            ]
          },
          {
            "Node Type": "Index Scan",
            "Parent Relationship": "Inner",
            "Parallel Aware": false,
            "Scan Direction": "Forward",
            "Index Name": "name_pkey",
            "Relation Name": "name",
            "Alias": "n",
            "Startup Cost": 0.43,
            "Total Cost": 0.69,
            "Plan Rows": 1,
            "Plan Width": 4,
            "Actual Startup Time": 0.005,
            "Actual Total Time": 0.005,
            "Actual Rows": 0,
            "Actual Loops": 268,
            "Index Cond": "(id = ci.person_id)",
            "Rows Removed by Index Recheck": 0,
            "Filter": "((gender IS NOT NULL) AND ((gender)::text = 'f'::text))",
            "Rows Removed by Filter": 1
          }
        ]
      }
    ]
  },
  "Planning Time": 1.573,
  "Triggers": [],
  "Execution Time": 218.108
}