[
  {
    "Plan": {
      "Node Type": "Aggregate",
      "Strategy": "Plain",
      "Partial Mode": "Finalize",
      "Parallel Aware": false,
      "Startup Cost": 240114.19,
      "Total Cost": 240114.2,
      "Plan Rows": 1,
      "Plan Width": 8,
      "Actual Startup Time": 923.588,
      "Actual Total Time": 941.692,
      "Actual Rows": 1,
      "Actual Loops": 1,
      "Plans": [
        {
          "Node Type": "Gather",
          "Parent Relationship": "Outer",
          "Parallel Aware": false,
          "Startup Cost": 240113.67,
          "Total Cost": 240114.18,
          "Plan Rows": 5,
          "Plan Width": 8,
          "Actual Startup Time": 915.261,
          "Actual Total Time": 941.682,
          "Actual Rows": 6,
          "Actual Loops": 1,
          "Workers Planned": 5,
          "Workers Launched": 5,
          "Single Copy": false,
          "Plans": [
            {
              "Node Type": "Aggregate",
              "Strategy": "Plain",
              "Partial Mode": "Partial",
              "Parent Relationship": "Outer",
              "Parallel Aware": false,
              "Startup Cost": 239113.67,
              "Total Cost": 239113.68,
              "Plan Rows": 1,
              "Plan Width": 8,
              "Actual Startup Time": 902.24,
              "Actual Total Time": 902.243,
              "Actual Rows": 1,
              "Actual Loops": 6,
              "Plans": [
                {
                  "Node Type": "Nested Loop",
                  "Parent Relationship": "Outer",
                  "Parallel Aware": false,
                  "Join Type": "Inner",
                  "Startup Cost": 49801.2,
                  "Total Cost": 239059.38,
                  "Plan Rows": 21714,
                  "Plan Width": 0,
                  "Actual Startup Time": 169.905,
                  "Actual Total Time": 805.465,
                  "Actual Rows": 2275825,
                  "Actual Loops": 6,
                  "Inner Unique": false,
                  "Plans": [
                    {
                      "Node Type": "Hash Join",
                      "Parent Relationship": "Outer",
                      "Parallel Aware": true,
                      "Join Type": "Inner",
                      "Startup Cost": 49800.77,
                      "Total Cost": 216558.78,
                      "Plan Rows": 12135,
                      "Plan Width": 8,
                      "Actual Startup Time": 169.802,
                      "Actual Total Time": 188.081,
                      "Actual Rows": 24557,
                      "Actual Loops": 6,
                      "Inner Unique": true,
                      "Hash Cond": "(mi.movie_id = t.id)",
                      "Plans": [
                        {
                          "Node Type": "Bitmap Heap Scan",
                          "Parent Relationship": "Outer",
                          "Parallel Aware": true,
                          "Relation Name": "movie_info",
                          "Alias": "mi",
                          "Startup Cost": 2803.64,
                          "Total Cost": 169480.41,
                          "Plan Rows": 30947,
                          "Plan Width": 4,
                          "Actual Startup Time": 5.87,
                          "Actual Total Time": 14.446,
                          "Actual Rows": 24581,
                          "Actual Loops": 6,
                          "Recheck Cond": "(info_type_id = 107)",
                          "Rows Removed by Index Recheck": 0,
                          "Exact Heap Blocks": 919,
                          "Lossy Heap Blocks": 0,
                          "Plans": [
                            {
                              "Node Type": "Bitmap Index Scan",
                              "Parent Relationship": "Outer",
                              "Parallel Aware": false,
                              "Index Name": "info_type_id_movie_info",
                              "Startup Cost": 0.0,
                              "Total Cost": 2764.95,
                              "Plan Rows": 154736,
                              "Plan Width": 0,
                              "Actual Startup Time": 5.192,
                              "Actual Total Time": 5.192,
                              "Actual Rows": 147487,
                              "Actual Loops": 1,
                              "Index Cond": "(info_type_id = 107)"
                            }
                          ]
                        },
                        {
                          "Node Type": "Hash",
                          "Parent Relationship": "Inner",
                          "Parallel Aware": true,
                          "Startup Cost": 43898.92,
                          "Total Cost": 43898.92,
                          "Plan Rows": 247857,
                          "Plan Width": 4,
                          "Actual Startup Time": 160.043,
                          "Actual Total Time": 160.044,
                          "Actual Rows": 164175,
                          "Actual Loops": 6,
                          "Hash Buckets": 1048576,
                          "Original Hash Buckets": 1048576,
                          "Hash Batches": 1,
                          "Original Hash Batches": 1,
                          "Peak Memory Usage": 46816,
                          "Plans": [
                            {
                              "Node Type": "Seq Scan",
                              "Parent Relationship": "Outer",
                              "Parallel Aware": true,
                              "Relation Name": "title",
                              "Alias": "t",
                              "Startup Cost": 0.0,
                              "Total Cost": 43898.92,
                              "Plan Rows": 247857,
                              "Plan Width": 4,
                              "Actual Startup Time": 0.053,
                              "Actual Total Time": 91.079,
                              "Actual Rows": 164175,
                              "Actual Loops": 6,
                              "Filter": "(kind_id < 7)",
                              "Rows Removed by Filter": 257211
                            }
                          ]
                        }
                      ]
                    },
                    {
                      "Node Type": "Index Only Scan",
                      "Parent Relationship": "Inner",
                      "Parallel Aware": false,
                      "Scan Direction": "Forward",
                      "Index Name": "movie_id_movie_keyword",
                      "Relation Name": "movie_keyword",
                      "Alias": "mk",
                      "Startup Cost": 0.43,
                      "Total Cost": 1.4,
                      "Plan Rows": 45,
                      "Plan Width": 4,
                      "Actual Startup Time": 0.005,
                      "Actual Total Time": 0.019,
                      "Actual Rows": 93,
                      "Actual Loops": 147342,
                      "Index Cond": "(movie_id = t.id)",
                      "Rows Removed by Index Recheck": 0,
                      "Heap Fetches": 13654950
                    }
                  ]
                }
              ]
            }
          ]
        }
      ]
    },
    "Planning Time": 1.552,
    "Triggers": [],
    "Execution Time": 941.812
  }
]