[
  {
    "Plan": {
      "Node Type": "Aggregate",
      "Strategy": "Plain",
      "Partial Mode": "Finalize",
      "Parallel Aware": false,
      "Startup Cost": 73769.63,
      "Total Cost": 73769.64,
      "Plan Rows": 1,
      "Plan Width": 8,
      "Actual Startup Time": 144.52,
      "Actual Total Time": 165.956,
      "Actual Rows": 1,
      "Actual Loops": 1,
      "Plans": [
        {
          "Node Type": "Gather",
          "Parent Relationship": "Outer",
          "Parallel Aware": false,
          "Startup Cost": 73769.21,
          "Total Cost": 73769.62,
          "Plan Rows": 4,
          "Plan Width": 8,
          "Actual Startup Time": 144.333,
          "Actual Total Time": 165.945,
          "Actual Rows": 5,
          "Actual Loops": 1,
          "Workers Planned": 4,
          "Workers Launched": 4,
          "Single Copy": false,
          "Plans": [
            {
              "Node Type": "Aggregate",
              "Strategy": "Plain",
              "Partial Mode": "Partial",
              "Parent Relationship": "Outer",
              "Parallel Aware": false,
              "Startup Cost": 72769.21,
              "Total Cost": 72769.22,
              "Plan Rows": 1,
              "Plan Width": 8,
              "Actual Startup Time": 137.121,
              "Actual Total Time": 137.124,
              "Actual Rows": 1,
              "Actual Loops": 5,
              "Plans": [
                {
                  "Node Type": "Nested Loop",
                  "Parent Relationship": "Outer",
                  "Parallel Aware": false,
                  "Join Type": "Inner",
                  "Startup Cost": 45501.04,
                  "Total Cost": 72768.46,
                  "Plan Rows": 300,
                  "Plan Width": 0,
                  "Actual Startup Time": 87.919,
                  "Actual Total Time": 137.046,
                  "Actual Rows": 611,
                  "Actual Loops": 5,
                  "Inner Unique": false,
                  "Join Filter": "(t.id = mi.movie_id)",
                  "Rows Removed by Join Filter": 0,
                  "Plans": [
                    {
                      "Node Type": "Hash Join",
                      "Parent Relationship": "Outer",
                      "Parallel Aware": true,
                      "Join Type": "Inner",
                      "Startup Cost": 45500.6,
                      "Total Cost": 71992.04,
                      "Plan Rows": 152,
                      "Plan Width": 8,
                      "Actual Startup Time": 87.816,
                      "Actual Total Time": 126.879,
                      "Actual Rows": 137,
                      "Actual Loops": 5,
                      "Inner Unique": true,
                      "Hash Cond": "(ci.movie_id = t.id)",
                      "Plans": [
                        {
                          "Node Type": "Index Scan",
                          "Parent Relationship": "Outer",
                          "Parallel Aware": true,
                          "Scan Direction": "Forward",
                          "Index Name": "role_id_cast_info",
                          "Relation Name": "cast_info",
                          "Alias": "ci",
                          "Startup Cost": 0.56,
                          "Total Cost": 26337.94,
                          "Plan Rows": 58692,
                          "Plan Width": 4,
                          "Actual Startup Time": 0.128,
                          "Actual Total Time": 36.24,
                          "Actual Rows": 24086,
                          "Actual Loops": 5,
                          "Index Cond": "(role_id = 5)",
                          "Rows Removed by Index Recheck": 0,
                          "Filter": "(person_id < 890428)",
                          "Rows Removed by Filter": 155591
                        },
                        {
                          "Node Type": "Hash",
                          "Parent Relationship": "Inner",
                          "Parallel Aware": true,
                          "Startup Cost": 45479.59,
                          "Total Cost": 45479.59,
                          "Plan Rows": 1636,
                          "Plan Width": 4,
                          "Actual Startup Time": 86.776,
                          "Actual Total Time": 86.777,
                          "Actual Rows": 1466,
                          "Actual Loops": 5,
                          "Hash Buckets": 8192,
                          "Original Hash Buckets": 8192,
                          "Hash Batches": 1,
                          "Original Hash Batches": 1,
                          "Peak Memory Usage": 448,
                          "Plans": [
                            {
                              "Node Type": "Seq Scan",
                              "Parent Relationship": "Outer",
                              "Parallel Aware": true,
                              "Relation Name": "title",
                              "Alias": "t",
                              "Startup Cost": 0.0,
                              "Total Cost": 45479.59,
                              "Plan Rows": 1636,
                              "Plan Width": 4,
                              "Actual Startup Time": 1.004,
                              "Actual Total Time": 85.936,
                              "Actual Rows": 1466,
                              "Actual Loops": 5,
                              "Filter": "((kind_id < 7) AND (production_year = 1984))",
                              "Rows Removed by Filter": 504197
                            }
                          ]
                        }
                      ]
                    },
                    {
                      "Node Type": "Index Scan",
                      "Parent Relationship": "Inner",
                      "Parallel Aware": false,
                      "Scan Direction": "Forward",
                      "Index Name": "movie_id_movie_info",
                      "Relation Name": "movie_info",
                      "Alias": "mi",
                      "Startup Cost": 0.43,
                      "Total Cost": 4.93,
                      "Plan Rows": 14,
                      "Plan Width": 4,
                      "Actual Startup Time": 0.023,
                      "Actual Total Time": 0.073,
                      "Actual Rows": 4,
                      "Actual Loops": 684,
                      "Index Cond": "(movie_id = ci.movie_id)",
                      "Rows Removed by Index Recheck": 0,
                      "Filter": "(info_type_id < 5)",
                      "Rows Removed by Filter": 22
                    }
                  ]
                }
              ]
            }
          ]
        }
      ]
    },
    "Planning Time": 0.687,
    "Triggers": [],
    "Execution Time": 166.01
  }
]