[
  {
    "Plan": {
      "Node Type": "Aggregate",
      "Strategy": "Plain",
      "Partial Mode": "Finalize",
      "Parallel Aware": false,
      "Startup Cost": 32791.86,
      "Total Cost": 32791.87,
      "Plan Rows": 1,
      "Plan Width": 8,
      "Actual Startup Time": 97.656,
      "Actual Total Time": 105.768,
      "Actual Rows": 1,
      "Actual Loops": 1,
      "Plans": [
        {
          "Node Type": "Gather",
          "Parent Relationship": "Outer",
          "Parallel Aware": false,
          "Startup Cost": 32791.54,
          "Total Cost": 32791.85,
          "Plan Rows": 3,
          "Plan Width": 8,
          "Actual Startup Time": 97.432,
          "Actual Total Time": 105.76,
          "Actual Rows": 4,
          "Actual Loops": 1,
          "Workers Planned": 3,
          "Workers Launched": 3,
          "Single Copy": false,
          "Plans": [
            {
              "Node Type": "Aggregate",
              "Strategy": "Plain",
              "Partial Mode": "Partial",
              "Parent Relationship": "Outer",
              "Parallel Aware": false,
              "Startup Cost": 31791.54,
              "Total Cost": 31791.55,
              "Plan Rows": 1,
              "Plan Width": 8,
              "Actual Startup Time": 88.847,
              "Actual Total Time": 88.848,
              "Actual Rows": 1,
              "Actual Loops": 4,
              "Plans": [
                {
                  "Node Type": "Seq Scan",
                  "Parent Relationship": "Outer",
                  "Parallel Aware": true,
                  "Relation Name": "movie_companies",
                  "Alias": "mc",
                  "Startup Cost": 0.0,
                  "Total Cost": 31414.82,
                  "Plan Rows": 150690,
                  "Plan Width": 0,
                  "Actual Startup Time": 0.047,
                  "Actual Total Time": 77.492,
                  "Actual Rows": 167227,
                  "Actual Loops": 4,
                  "Filter": "((company_id < 3678) AND (company_type_id = 1))",
                  "Rows Removed by Filter": 485055
                }
              ]
            }
          ]
        }
      ]
    },
    "Planning Time": 0.193,
    "Triggers": [],
    "Execution Time": 105.828
  }
]