{
    "Plan": {
        "Node Type": "Aggregate",
        "Strategy": "Plain",
        "Partial Mode": "Finalize",
        "Parallel Aware": false,
        "Startup Cost": 252020.81,
        "Total Cost": 252020.82,
        "Plan Rows": 1,
        "Plan Width": 8,
        "Actual Startup Time": 385.374,
        "Actual Total Time": 418.295,
        "Actual Rows": 1,
        "Actual Loops": 1,
        "Output": [
            "count(*)"
        ],
        "Plans": [
            {
                "Node Type": "Gather",
                "Parent Relationship": "Outer",
                "Parallel Aware": false,
                "Startup Cost": 252020.39,
                "Total Cost": 252020.8,
                "Plan Rows": 4,
                "Plan Width": 8,
                "Actual Startup Time": 384.857,
                "Actual Total Time": 418.287,
                "Actual Rows": 5,
                "Actual Loops": 1,
                "Output": [
                    "(PARTIAL count(*))"
                ],
                "Workers Planned": 4,
                "Workers Launched": 4,
                "Single Copy": false,
                "Plans": [
                    {
                        "Node Type": "Aggregate",
                        "Strategy": "Plain",
                        "Partial Mode": "Partial",
                        "Parent Relationship": "Outer",
                        "Parallel Aware": false,
                        "Startup Cost": 251020.39,
                        "Total Cost": 251020.4,
                        "Plan Rows": 1,
                        "Plan Width": 8,
                        "Actual Startup Time": 376.669,
                        "Actual Total Time": 376.672,
                        "Actual Rows": 1,
                        "Actual Loops": 5,
                        "Output": [
                            "PARTIAL count(*)"
                        ],
                        "Workers": [
                            {
                                "Worker Number": 0,
                                "Actual Startup Time": 374.636,
                                "Actual Total Time": 374.639,
                                "Actual Rows": 1,
                                "Actual Loops": 1
                            },
                            {
                                "Worker Number": 1,
                                "Actual Startup Time": 375.731,
                                "Actual Total Time": 375.735,
                                "Actual Rows": 1,
                                "Actual Loops": 1
                            },
                            {
                                "Worker Number": 2,
                                "Actual Startup Time": 372.976,
                                "Actual Total Time": 372.979,
                                "Actual Rows": 1,
                                "Actual Loops": 1
                            },
                            {
                                "Worker Number": 3,
                                "Actual Startup Time": 375.967,
                                "Actual Total Time": 375.971,
                                "Actual Rows": 1,
                                "Actual Loops": 1
                            }
                        ],
                        "Plans": [
                            {
                                "Node Type": "Hash Join",
                                "Parent Relationship": "Outer",
                                "Parallel Aware": true,
                                "Join Type": "Inner",
                                "Startup Cost": 201591.68,
                                "Total Cost": 250883.17,
                                "Plan Rows": 54888,
                                "Plan Width": 0,
                                "Actual Startup Time": 273.783,
                                "Actual Total Time": 376.655,
                                "Actual Rows": 26,
                                "Actual Loops": 5,
                                "Inner Unique": false,
                                "Hash Cond": "(t.id = ci.movie_id)",
                                "Workers": [
                                    {
                                        "Worker Number": 0,
                                        "Actual Startup Time": 272.338,
                                        "Actual Total Time": 374.625,
                                        "Actual Rows": 20,
                                        "Actual Loops": 1
                                    },
                                    {
                                        "Worker Number": 1,
                                        "Actual Startup Time": 273.348,
                                        "Actual Total Time": 375.717,
                                        "Actual Rows": 28,
                                        "Actual Loops": 1
                                    },
                                    {
                                        "Worker Number": 2,
                                        "Actual Startup Time": 272.082,
                                        "Actual Total Time": 372.962,
                                        "Actual Rows": 25,
                                        "Actual Loops": 1
                                    },
                                    {
                                        "Worker Number": 3,
                                        "Actual Startup Time": 271.688,
                                        "Actual Total Time": 375.952,
                                        "Actual Rows": 24,
                                        "Actual Loops": 1
                                    }
                                ],
                                "Plans": [
                                    {
                                        "Node Type": "Seq Scan",
                                        "Parent Relationship": "Outer",
                                        "Parallel Aware": true,
                                        "Relation Name": "title",
                                        "Schema": "public",
                                        "Alias": "t",
                                        "Startup Cost": 0.0,
                                        "Total Cost": 45479.21,
                                        "Plan Rows": 372080,
                                        "Plan Width": 4,
                                        "Actual Startup Time": 0.02,
                                        "Actual Total Time": 74.956,
                                        "Actual Rows": 295688,
                                        "Actual Loops": 5,
                                        "Output": [
                                            "t.id",
                                            "t.title",
                                            "t.imdb_index",
                                            "t.kind_id",
                                            "t.production_year",
                                            "t.imdb_id",
                                            "t.phonetic_code",
                                            "t.episode_of_id",
                                            "t.season_nr",
                                            "t.episode_nr",
                                            "t.series_years",
                                            "t.md5sum"
                                        ],
                                        "Filter": "((t.production_year > 0) AND (t.kind_id = 7))",
                                        "Rows Removed by Filter": 209974,
                                        "Workers": [
                                            {
                                                "Worker Number": 0,
                                                "Actual Startup Time": 0.023,
                                                "Actual Total Time": 75.957,
                                                "Actual Rows": 285442,
                                                "Actual Loops": 1
                                            },
                                            {
                                                "Worker Number": 1,
                                                "Actual Startup Time": 0.023,
                                                "Actual Total Time": 75.576,
                                                "Actual Rows": 261632,
                                                "Actual Loops": 1
                                            },
                                            {
                                                "Worker Number": 2,
                                                "Actual Startup Time": 0.018,
                                                "Actual Total Time": 75.794,
                                                "Actual Rows": 285163,
                                                "Actual Loops": 1
                                            },
                                            {
                                                "Worker Number": 3,
                                                "Actual Startup Time": 0.025,
                                                "Actual Total Time": 75.848,
                                                "Actual Rows": 262309,
                                                "Actual Loops": 1
                                            }
                                        ]
                                    },
                                    {
                                        "Node Type": "Hash",
                                        "Parent Relationship": "Inner",
                                        "Parallel Aware": true,
                                        "Startup Cost": 200814.65,
                                        "Total Cost": 200814.65,
                                        "Plan Rows": 62162,
                                        "Plan Width": 4,
                                        "Actual Startup Time": 269.206,
                                        "Actual Total Time": 269.207,
                                        "Actual Rows": 46,
                                        "Actual Loops": 5,
                                        "Output": [
                                            "ci.movie_id"
                                        ],
                                        "Hash Buckets": 524288,
                                        "Original Hash Buckets": 524288,
                                        "Hash Batches": 1,
                                        "Original Hash Batches": 1,
                                        "Peak Memory Usage": 4256,
                                        "Workers": [
                                            {
                                                "Worker Number": 0,
                                                "Actual Startup Time": 269.499,
                                                "Actual Total Time": 269.5,
                                                "Actual Rows": 3,
                                                "Actual Loops": 1
                                            },
                                            {
                                                "Worker Number": 1,
                                                "Actual Startup Time": 270.559,
                                                "Actual Total Time": 270.561,
                                                "Actual Rows": 47,
                                                "Actual Loops": 1
                                            },
                                            {
                                                "Worker Number": 2,
                                                "Actual Startup Time": 267.774,
                                                "Actual Total Time": 267.775,
                                                "Actual Rows": 30,
                                                "Actual Loops": 1
                                            },
                                            {
                                                "Worker Number": 3,
                                                "Actual Startup Time": 270.766,
                                                "Actual Total Time": 270.767,
                                                "Actual Rows": 108,
                                                "Actual Loops": 1
                                            }
                                        ],
                                        "Plans": [
                                            {
                                                "Node Type": "Index Scan",
                                                "Parent Relationship": "Outer",
                                                "Parallel Aware": true,
                                                "Scan Direction": "Forward",
                                                "Index Name": "role_id_cast_info",
                                                "Relation Name": "cast_info",
                                                "Schema": "public",
                                                "Alias": "ci",
                                                "Startup Cost": 0.56,
                                                "Total Cost": 200814.65,
                                                "Plan Rows": 62162,
                                                "Plan Width": 4,
                                                "Actual Startup Time": 11.941,
                                                "Actual Total Time": 267.059,
                                                "Actual Rows": 46,
                                                "Actual Loops": 5,
                                                "Output": [
                                                    "ci.movie_id"
                                                ],
                                                "Index Cond": "(ci.role_id = 2)",
                                                "Rows Removed by Index Recheck": 0,
                                                "Filter": "(ci.person_id < 181036)",
                                                "Rows Removed by Filter": 1490349,
                                                "Workers": [
                                                    {
                                                        "Worker Number": 0,
                                                        "Actual Startup Time": 3.058,
                                                        "Actual Total Time": 267.255,
                                                        "Actual Rows": 3,
                                                        "Actual Loops": 1
                                                    },
                                                    {
                                                        "Worker Number": 1,
                                                        "Actual Startup Time": 24.106,
                                                        "Actual Total Time": 267.021,
                                                        "Actual Rows": 47,
                                                        "Actual Loops": 1
                                                    },
                                                    {
                                                        "Worker Number": 2,
                                                        "Actual Startup Time": 23.653,
                                                        "Actual Total Time": 267.085,
                                                        "Actual Rows": 30,
                                                        "Actual Loops": 1
                                                    },
                                                    {
                                                        "Worker Number": 3,
                                                        "Actual Startup Time": 0.316,
                                                        "Actual Total Time": 266.588,
                                                        "Actual Rows": 108,
                                                        "Actual Loops": 1
                                                    }
                                                ]
                                            }
                                        ]
                                    }
                                ]
                            }
                        ]
                    }
                ]
            }
        ]
    },
    "Planning Time": 0.756,
    "Triggers": [],
    "Execution Time": 418.386
}