{
  "Plan": {
    "Node Type": "Aggregate",
    "Strategy": "Plain",
    "Partial Mode": "Finalize",
    "Parallel Aware": false,
    "Startup Cost": 243237.82,
    "Total Cost": 243237.83,
    "Plan Rows": 1,
    "Plan Width": 8,
    "Actual Startup Time": 240.332,
    "Actual Total Time": 246.392,
    "Actual Rows": 1,
    "Actual Loops": 1,
    "Plans": [
      {
        "Node Type": "Gather",
        "Parent Relationship": "Outer",
        "Parallel Aware": false,
        "Startup Cost": 243237.71,
        "Total Cost": 243237.82,
        "Plan Rows": 1,
        "Plan Width": 8,
        "Actual Startup Time": 240.052,
        "Actual Total Time": 246.385,
        "Actual Rows": 2,
        "Actual Loops": 1,
        "Workers Planned": 1,
        "Workers Launched": 1,
        "Single Copy": false,
        "Plans": [
          {
            "Node Type": "Aggregate",
            "Strategy": "Plain",
            "Partial Mode": "Partial",
            "Parent Relationship": "Outer",
            "Parallel Aware": false,
            "Startup Cost": 242237.71,
            "Total Cost": 242237.72,
            "Plan Rows": 1,
            "Plan Width": 8,
            "Actual Startup Time": 233.907,
            "Actual Total Time": 233.911,
            "Actual Rows": 1,
            "Actual Loops": 2,
            "Plans": [
              {
                "Node Type": "Hash Join",
                "Parent Relationship": "Outer",
                "Parallel Aware": true,
                "Join Type": "Inner",
                "Startup Cost": 66581.58,
                "Total Cost": 242231.9,
                "Plan Rows": 2324,
                "Plan Width": 0,
                "Actual Startup Time": 116.756,
                "Actual Total Time": 233.753,
                "Actual Rows": 1770,
                "Actual Loops": 2,
                "Inner Unique": true,
                "Hash Cond": "(mi.movie_id = t.id)",
                "Plans": [
                  {
                    "Node Type": "Bitmap Heap Scan",
                    "Parent Relationship": "Outer",
                    "Parallel Aware": true,
                    "Relation Name": "movie_info",
                    "Alias": "mi",
                    "Startup Cost": 27808.97,
                    "Total Cost": 201089.01,
                    "Plan Rows": 902963,
                    "Plan Width": 4,
                    "Actual Startup Time": 47.809,
                    "Actual Total Time": 122.298,
                    "Actual Rows": 766954,
                    "Actual Loops": 2,
                    "Recheck Cond": "(info_type_id = 3)",
                    "Rows Removed by Index Recheck": 0,
                    "Exact Heap Blocks": 5752,
                    "Lossy Heap Blocks": 0,
                    "Plans": [
                      {
                        "Node Type": "Bitmap Index Scan",
                        "Parent Relationship": "Outer",
                        "Parallel Aware": false,
                        "Index Name": "info_type_id_movie_info",
                        "Startup Cost": 0.0,
                        "Total Cost": 27425.21,
                        "Plan Rows": 1535037,
                        "Plan Width": 0,
                        "Actual Startup Time": 46.236,
                        "Actual Total Time": 46.237,
                        "Actual Rows": 1533909,
                        "Actual Loops": 1,
                        "Index Cond": "(info_type_id = 3)"
                      }
                    ]
                  },
                  {
                    "Node Type": "Hash",
                    "Parent Relationship": "Inner",
                    "Parallel Aware": true,
                    "Startup Cost": 38724.76,
                    "Total Cost": 38724.76,
                    "Plan Rows": 3828,
                    "Plan Width": 4,
                    "Actual Startup Time": 52.84,
                    "Actual Total Time": 52.841,
                    "Actual Rows": 1621,
                    "Actual Loops": 2,
                    "Hash Buckets": 8192,
                    "Original Hash Buckets": 8192,
                    "Hash Batches": 1,
                    "Original Hash Batches": 1,
                    "Peak Memory Usage": 224,
                    "Plans": [
                      {
                        "Node Type": "Bitmap Heap Scan",
                        "Parent Relationship": "Outer",
                        "Parallel Aware": true,
                        "Relation Name": "title",
                        "Alias": "t",
                        "Startup Cost": 1824.76,
                        "Total Cost": 38724.76,
                        "Plan Rows": 3828,
                        "Plan Width": 4,
                        "Actual Startup Time": 16.533,
                        "Actual Total Time": 52.114,
                        "Actual Rows": 1621,
                        "Actual Loops": 2,
                        "Recheck Cond": "(kind_id = 3)",
                        "Rows Removed by Index Recheck": 0,
                        "Filter": "(production_year = 2012)",
                        "Rows Removed by Filter": 48648,
                        "Exact Heap Blocks": 10970,
                        "Lossy Heap Blocks": 0,
                        "Plans": [
                          {
                            "Node Type": "Bitmap Index Scan",
                            "Parent Relationship": "Outer",
                            "Parallel Aware": false,
                            "Index Name": "kind_id_title",
                            "Startup Cost": 0.0,
                            "Total Cost": 1823.13,
                            "Plan Rows": 102227,
                            "Plan Width": 0,
                            "Actual Startup Time": 16.391,
                            "Actual Total Time": 16.391,
                            "Actual Rows": 100537,
                            "Actual Loops": 1,
                            "Index Cond": "(kind_id = 3)"
                          }
                        ]
                      }
                    ]
                  }
                ]
              }
            ]
          }
        ]
      }
    ]
  },
  "Planning Time": 0.694,
  "Triggers": [],
  "Execution Time": 246.493
}