[
  {
    "Plan": {
      "Node Type": "Aggregate",
      "Strategy": "Plain",
      "Partial Mode": "Finalize",
      "Parallel Aware": false,
      "Startup Cost": 31582.73,
      "Total Cost": 31582.74,
      "Plan Rows": 1,
      "Plan Width": 8,
      "Actual Startup Time": 105.46,
      "Actual Total Time": 113.098,
      "Actual Rows": 1,
      "Actual Loops": 1,
      "Plans": [
        {
          "Node Type": "Gather",
          "Parent Relationship": "Outer",
          "Parallel Aware": false,
          "Startup Cost": 31582.41,
          "Total Cost": 31582.72,
          "Plan Rows": 3,
          "Plan Width": 8,
          "Actual Startup Time": 105.371,
          "Actual Total Time": 113.09,
          "Actual Rows": 4,
          "Actual Loops": 1,
          "Workers Planned": 3,
          "Workers Launched": 3,
          "Single Copy": false,
          "Plans": [
            {
              "Node Type": "Aggregate",
              "Strategy": "Plain",
              "Partial Mode": "Partial",
              "Parent Relationship": "Outer",
              "Parallel Aware": false,
              "Startup Cost": 30582.41,
              "Total Cost": 30582.42,
              "Plan Rows": 1,
              "Plan Width": 8,
              "Actual Startup Time": 99.417,
              "Actual Total Time": 99.418,
              "Actual Rows": 1,
              "Actual Loops": 4,
              "Plans": [
                {
                  "Node Type": "Seq Scan",
                  "Parent Relationship": "Outer",
                  "Parallel Aware": true,
                  "Relation Name": "movie_companies",
                  "Alias": "mc",
                  "Startup Cost": 0.0,
                  "Total Cost": 29310.68,
                  "Plan Rows": 508693,
                  "Plan Width": 0,
                  "Actual Startup Time": 8.665,
                  "Actual Total Time": 82.367,
                  "Actual Rows": 394755,
                  "Actual Loops": 4,
                  "Filter": "(company_id > 5690)",
                  "Rows Removed by Filter": 257527
                }
              ]
            }
          ]
        }
      ]
    },
    "Planning Time": 0.185,
    "Triggers": [],
    "Execution Time": 113.154
  }
]