{
  "Plan": {
    "Node Type": "Aggregate",
    "Strategy": "Plain",
    "Partial Mode": "Finalize",
    "Parallel Aware": false,
    "Startup Cost": 159603.14,
    "Total Cost": 159603.15,
    "Plan Rows": 1,
    "Plan Width": 8,
    "Actual Startup Time": 1120.6,
    "Actual Total Time": 1138.178,
    "Actual Rows": 1,
    "Actual Loops": 1,
    "Plans": [
      {
        "Node Type": "Gather",
        "Parent Relationship": "Outer",
        "Parallel Aware": false,
        "Startup Cost": 159603.03,
        "Total Cost": 159603.14,
        "Plan Rows": 1,
        "Plan Width": 8,
        "Actual Startup Time": 1118.33,
        "Actual Total Time": 1138.169,
        "Actual Rows": 2,
        "Actual Loops": 1,
        "Workers Planned": 1,
        "Workers Launched": 1,
        "Single Copy": false,
        "Plans": [
          {
            "Node Type": "Aggregate",
            "Strategy": "Plain",
            "Partial Mode": "Partial",
            "Parent Relationship": "Outer",
            "Parallel Aware": false,
            "Startup Cost": 158603.03,
            "Total Cost": 158603.04,
            "Plan Rows": 1,
            "Plan Width": 8,
            "Actual Startup Time": 1112.773,
            "Actual Total Time": 1113.08,
            "Actual Rows": 1,
            "Actual Loops": 2,
            "Plans": [
              {
                "Node Type": "Hash Join",
                "Parent Relationship": "Outer",
                "Parallel Aware": true,
                "Join Type": "Inner",
                "Startup Cost": 117986.52,
                "Total Cost": 158387.32,
                "Plan Rows": 86283,
                "Plan Width": 0,
                "Actual Startup Time": 621.494,
                "Actual Total Time": 1030.452,
                "Actual Rows": 2139159,
                "Actual Loops": 2,
                "Inner Unique": false,
                "Hash Cond": "(mc.movie_id = t.id)",
                "Plans": [
                  {
                    "Node Type": "Seq Scan",
                    "Parent Relationship": "Outer",
                    "Parallel Aware": true,
                    "Relation Name": "movie_companies",
                    "Alias": "mc",
                    "Startup Cost": 0.0,
                    "Total Cost": 34137.82,
                    "Plan Rows": 1534782,
                    "Plan Width": 4,
                    "Actual Startup Time": 0.014,
                    "Actual Total Time": 102.536,
                    "Actual Rows": 1304564,
                    "Actual Loops": 2
                  },
                  {
                    "Node Type": "Hash",
                    "Parent Relationship": "Inner",
                    "Parallel Aware": true,
                    "Startup Cost": 116941.4,
                    "Total Cost": 116941.4,
                    "Plan Rows": 83610,
                    "Plan Width": 8,
                    "Actual Startup Time": 617.078,
                    "Actual Total Time": 617.383,
                    "Actual Rows": 323210,
                    "Actual Loops": 2,
                    "Hash Buckets": 1048576,
                    "Original Hash Buckets": 262144,
                    "Hash Batches": 1,
                    "Original Hash Batches": 1,
                    "Peak Memory Usage": 39680,
                    "Plans": [
                      {
                        "Node Type": "Hash Join",
                        "Parent Relationship": "Outer",
                        "Parallel Aware": true,
                        "Join Type": "Inner",
                        "Startup Cost": 58890.56,
                        "Total Cost": 116941.4,
                        "Plan Rows": 83610,
                        "Plan Width": 8,
                        "Actual Startup Time": 177.923,
                        "Actual Total Time": 542.364,
                        "Actual Rows": 323210,
                        "Actual Loops": 2,
                        "Inner Unique": true,
                        "Hash Cond": "(mk.movie_id = t.id)",
                        "Plans": [
                          {
                            "Node Type": "Seq Scan",
                            "Parent Relationship": "Outer",
                            "Parallel Aware": true,
                            "Relation Name": "movie_keyword",
                            "Alias": "mk",
                            "Startup Cost": 0.0,
                            "Total Cost": 51065.35,
                            "Plan Rows": 2661135,
                            "Plan Width": 4,
                            "Actual Startup Time": 0.015,
                            "Actual Total Time": 158.233,
                            "Actual Rows": 2261965,
                            "Actual Loops": 2
                          },
                          {
                            "Node Type": "Hash",
                            "Parent Relationship": "Inner",
                            "Parallel Aware": true,
                            "Startup Cost": 58306.47,
                            "Total Cost": 58306.47,
                            "Plan Rows": 46727,
                            "Plan Width": 4,
                            "Actual Startup Time": 176.454,
                            "Actual Total Time": 176.455,
                            "Actual Rows": 91908,
                            "Actual Loops": 2,
                            "Hash Buckets": 262144,
                            "Original Hash Buckets": 131072,
                            "Hash Batches": 1,
                            "Original Hash Batches": 1,
                            "Peak Memory Usage": 10304,
                            "Plans": [
                              {
                                "Node Type": "Seq Scan",
                                "Parent Relationship": "Outer",
                                "Parallel Aware": true,
                                "Relation Name": "title",
                                "Alias": "t",
                                "Startup Cost": 0.0,
                                "Total Cost": 58306.47,
                                "Plan Rows": 46727,
                                "Plan Width": 4,
                                "Actual Startup Time": 0.148,
                                "Actual Total Time": 146.977,
                                "Actual Rows": 91908,
                                "Actual Loops": 2,
                                "Filter": "((kind_id < 7) AND (production_year < 1957))",
                                "Rows Removed by Filter": 1172248
                              }
                            ]
                          }
                        ]
                      }
                    ]
                  }
                ]
              }
            ]
          }
        ]
      }
    ]
  },
  "Planning Time": 0.96,
  "Triggers": [],
  "Execution Time": 1138.305
}