[
  {
    "Plan": {
      "Node Type": "Aggregate",
      "Strategy": "Plain",
      "Partial Mode": "Finalize",
      "Parallel Aware": false,
      "Startup Cost": 98514.12,
      "Total Cost": 98514.13,
      "Plan Rows": 1,
      "Plan Width": 8,
      "Actual Startup Time": 92.764,
      "Actual Total Time": 105.463,
      "Actual Rows": 1,
      "Actual Loops": 1,
      "Plans": [
        {
          "Node Type": "Gather",
          "Parent Relationship": "Outer",
          "Parallel Aware": false,
          "Startup Cost": 98513.7,
          "Total Cost": 98514.11,
          "Plan Rows": 4,
          "Plan Width": 8,
          "Actual Startup Time": 92.564,
          "Actual Total Time": 105.452,
          "Actual Rows": 5,
          "Actual Loops": 1,
          "Workers Planned": 4,
          "Workers Launched": 4,
          "Single Copy": false,
          "Plans": [
            {
              "Node Type": "Aggregate",
              "Strategy": "Plain",
              "Partial Mode": "Partial",
              "Parent Relationship": "Outer",
              "Parallel Aware": false,
              "Startup Cost": 97513.7,
              "Total Cost": 97513.71,
              "Plan Rows": 1,
              "Plan Width": 8,
              "Actual Startup Time": 87.176,
              "Actual Total Time": 87.178,
              "Actual Rows": 1,
              "Actual Loops": 5,
              "Plans": [
                {
                  "Node Type": "Nested Loop",
                  "Parent Relationship": "Outer",
                  "Parallel Aware": false,
                  "Join Type": "Inner",
                  "Startup Cost": 0.43,
                  "Total Cost": 97509.52,
                  "Plan Rows": 1673,
                  "Plan Width": 0,
                  "Actual Startup Time": 10.381,
                  "Actual Total Time": 86.82,
                  "Actual Rows": 4431,
                  "Actual Loops": 5,
                  "Inner Unique": false,
                  "Plans": [
                    {
                      "Node Type": "Seq Scan",
                      "Parent Relationship": "Outer",
                      "Parallel Aware": true,
                      "Relation Name": "title",
                      "Alias": "t",
                      "Startup Cost": 0.0,
                      "Total Cost": 43899.32,
                      "Plan Rows": 379,
                      "Plan Width": 4,
                      "Actual Startup Time": 10.273,
                      "Actual Total Time": 67.918,
                      "Actual Rows": 393,
                      "Actual Loops": 5,
                      "Filter": "(production_year = 1946)",
                      "Rows Removed by Filter": 505269
                    },
                    {
                      "Node Type": "Index Scan",
                      "Parent Relationship": "Inner",
                      "Parallel Aware": false,
                      "Scan Direction": "Forward",
                      "Index Name": "movie_id_movie_info",
                      "Relation Name": "movie_info",
                      "Alias": "mi",
                      "Startup Cost": 0.43,
                      "Total Cost": 141.14,
                      "Plan Rows": 31,
                      "Plan Width": 4,
                      "Actual Startup Time": 0.015,
                      "Actual Total Time": 0.047,
                      "Actual Rows": 11,
                      "Actual Loops": 1965,
                      "Index Cond": "(movie_id = t.id)",
                      "Rows Removed by Index Recheck": 0,
                      "Filter": "(info_type_id > 3)",
                      "Rows Removed by Filter": 3
                    }
                  ]
                }
              ]
            }
          ]
        }
      ]
    },
    "Planning Time": 0.293,
    "Triggers": [],
    "Execution Time": 105.502
  }
]