{
  "Plan": {
    "Node Type": "Aggregate",
    "Strategy": "Plain",
    "Partial Mode": "Finalize",
    "Parallel Aware": false,
    "Startup Cost": 253920.3,
    "Total Cost": 253920.31,
    "Plan Rows": 1,
    "Plan Width": 8,
    "Actual Startup Time": 432.401,
    "Actual Total Time": 447.864,
    "Actual Rows": 1,
    "Actual Loops": 1,
    "Plans": [
      {
        "Node Type": "Gather",
        "Parent Relationship": "Outer",
        "Parallel Aware": false,
        "Startup Cost": 253920.18,
        "Total Cost": 253920.29,
        "Plan Rows": 1,
        "Plan Width": 8,
        "Actual Startup Time": 428.909,
        "Actual Total Time": 447.856,
        "Actual Rows": 2,
        "Actual Loops": 1,
        "Workers Planned": 1,
        "Workers Launched": 1,
        "Single Copy": false,
        "Plans": [
          {
            "Node Type": "Aggregate",
            "Strategy": "Plain",
            "Partial Mode": "Partial",
            "Parent Relationship": "Outer",
            "Parallel Aware": false,
            "Startup Cost": 252920.18,
            "Total Cost": 252920.19,
            "Plan Rows": 1,
            "Plan Width": 8,
            "Actual Startup Time": 423.354,
            "Actual Total Time": 423.361,
            "Actual Rows": 1,
            "Actual Loops": 2,
            "Plans": [
              {
                "Node Type": "Merge Join",
                "Parent Relationship": "Outer",
                "Parallel Aware": false,
                "Join Type": "Inner",
                "Startup Cost": 251759.96,
                "Total Cost": 252908.22,
                "Plan Rows": 4785,
                "Plan Width": 0,
                "Actual Startup Time": 394.813,
                "Actual Total Time": 421.007,
                "Actual Rows": 55586,
                "Actual Loops": 2,
                "Inner Unique": false,
                "Merge Cond": "(t.id = mi.movie_id)",
                "Plans": [
                  {
                    "Node Type": "Sort",
                    "Parent Relationship": "Outer",
                    "Parallel Aware": false,
                    "Startup Cost": 88757.66,
                    "Total Cost": 89044.45,
                    "Plan Rows": 114714,
                    "Plan Width": 8,
                    "Actual Startup Time": 348.962,
                    "Actual Total Time": 353.309,
                    "Actual Rows": 116846,
                    "Actual Loops": 2,
                    "Sort Key": [
                      "t.id"
                    ],
                    "Sort Method": "quicksort",
                    "Sort Space Used": 8639,
                    "Sort Space Type": "Memory",
                    "Workers": [
                      {
                        "Worker Number": 0,
                        "Sort Method": "quicksort",
                        "Sort Space Used": 8464,
                        "Sort Space Type": "Memory"
                      }
                    ],
                    "Plans": [
                      {
                        "Node Type": "Hash Join",
                        "Parent Relationship": "Outer",
                        "Parallel Aware": true,
                        "Join Type": "Inner",
                        "Startup Cost": 60933.49,
                        "Total Cost": 79117.28,
                        "Plan Rows": 114714,
                        "Plan Width": 8,
                        "Actual Startup Time": 190.029,
                        "Actual Total Time": 324.812,
                        "Actual Rows": 116875,
                        "Actual Loops": 2,
                        "Inner Unique": true,
                        "Hash Cond": "(mi_idx.movie_id = t.id)",
                        "Plans": [
                          {
                            "Node Type": "Seq Scan",
                            "Parent Relationship": "Outer",
                            "Parallel Aware": true,
                            "Relation Name": "movie_info_idx",
                            "Alias": "mi_idx",
                            "Startup Cost": 0.0,
                            "Total Cost": 16052.85,
                            "Plan Rows": 811785,
                            "Plan Width": 4,
                            "Actual Startup Time": 0.017,
                            "Actual Total Time": 48.886,
                            "Actual Rows": 690018,
                            "Actual Loops": 2
                          },
                          {
                            "Node Type": "Hash",
                            "Parent Relationship": "Inner",
                            "Parallel Aware": true,
                            "Startup Cost": 58306.47,
                            "Total Cost": 58306.47,
                            "Plan Rows": 210162,
                            "Plan Width": 4,
                            "Actual Startup Time": 184.59,
                            "Actual Total Time": 184.591,
                            "Actual Rows": 151044,
                            "Actual Loops": 2,
                            "Hash Buckets": 524288,
                            "Original Hash Buckets": 524288,
                            "Hash Batches": 1,
                            "Original Hash Batches": 1,
                            "Peak Memory Usage": 15936,
                            "Plans": [
                              {
                                "Node Type": "Seq Scan",
                                "Parent Relationship": "Outer",
                                "Parallel Aware": true,
                                "Relation Name": "title",
                                "Alias": "t",
                                "Startup Cost": 0.0,
                                "Total Cost": 58306.47,
                                "Plan Rows": 210162,
                                "Plan Width": 4,
                                "Actual Startup Time": 0.05,
                                "Actual Total Time": 148.318,
                                "Actual Rows": 151044,
                                "Actual Loops": 2,
                                "Filter": "((kind_id < 7) AND (production_year > 2006))",
                                "Rows Removed by Filter": 1113112
                              }
                            ]
                          }
                        ]
                      }
                    ]
                  },
                  {
                    "Node Type": "Sort",
                    "Parent Relationship": "Inner",
                    "Parallel Aware": false,
                    "Startup Cost": 163002.28,
                    "Total Cost": 163265.93,
                    "Plan Rows": 105457,
                    "Plan Width": 4,
                    "Actual Startup Time": 45.043,
                    "Actual Total Time": 52.251,
                    "Actual Rows": 145860,
                    "Actual Loops": 2,
                    "Sort Key": [
                      "mi.movie_id"
                    ],
                    "Sort Method": "quicksort",
                    "Sort Space Used": 8183,
                    "Sort Space Type": "Memory",
                    "Workers": [
                      {
                        "Worker Number": 0,
                        "Sort Method": "quicksort",
                        "Sort Space Used": 8183,
                        "Sort Space Type": "Memory"
                      }
                    ],
                    "Plans": [
                      {
                        "Node Type": "Bitmap Heap Scan",
                        "Parent Relationship": "Outer",
                        "Parallel Aware": false,
                        "Relation Name": "movie_info",
                        "Alias": "mi",
                        "Startup Cost": 1913.73,
                        "Total Cost": 154203.85,
                        "Plan Rows": 105457,
                        "Plan Width": 4,
                        "Actual Startup Time": 4.102,
                        "Actual Total Time": 23.946,
                        "Actual Rows": 109034,
                        "Actual Loops": 2,
                        "Recheck Cond": "(info_type_id = 106)",
                        "Rows Removed by Index Recheck": 0,
                        "Exact Heap Blocks": 4360,
                        "Lossy Heap Blocks": 0,
                        "Plans": [
                          {
                            "Node Type": "Bitmap Index Scan",
                            "Parent Relationship": "Outer",
                            "Parallel Aware": false,
                            "Index Name": "info_type_id_movie_info",
                            "Startup Cost": 0.0,
                            "Total Cost": 1887.36,
                            "Plan Rows": 105457,
                            "Plan Width": 0,
                            "Actual Startup Time": 3.619,
                            "Actual Total Time": 3.619,
                            "Actual Rows": 109034,
                            "Actual Loops": 2,
                            "Index Cond": "(info_type_id = 106)"
                          }
                        ]
                      }
                    ]
                  }
                ]
              }
            ]
          }
        ]
      }
    ]
  },
  "Planning Time": 1.074,
  "Triggers": [],
  "Execution Time": 447.971
}