[
  {
    "Plan": {
      "Node Type": "Aggregate",
      "Strategy": "Plain",
      "Partial Mode": "Finalize",
      "Parallel Aware": false,
      "Startup Cost": 78970.88,
      "Total Cost": 78970.89,
      "Plan Rows": 1,
      "Plan Width": 8,
      "Actual Startup Time": 221.638,
      "Actual Total Time": 233.128,
      "Actual Rows": 1,
      "Actual Loops": 1,
      "Plans": [
        {
          "Node Type": "Gather",
          "Parent Relationship": "Outer",
          "Parallel Aware": false,
          "Startup Cost": 78970.56,
          "Total Cost": 78970.87,
          "Plan Rows": 3,
          "Plan Width": 8,
          "Actual Startup Time": 219.287,
          "Actual Total Time": 233.122,
          "Actual Rows": 4,
          "Actual Loops": 1,
          "Workers Planned": 3,
          "Workers Launched": 3,
          "Single Copy": false,
          "Plans": [
            {
              "Node Type": "Aggregate",
              "Strategy": "Plain",
              "Partial Mode": "Partial",
              "Parent Relationship": "Outer",
              "Parallel Aware": false,
              "Startup Cost": 77970.56,
              "Total Cost": 77970.57,
              "Plan Rows": 1,
              "Plan Width": 8,
              "Actual Startup Time": 213.036,
              "Actual Total Time": 213.04,
              "Actual Rows": 1,
              "Actual Loops": 4,
              "Plans": [
                {
                  "Node Type": "Hash Join",
                  "Parent Relationship": "Outer",
                  "Parallel Aware": true,
                  "Join Type": "Inner",
                  "Startup Cost": 45996.98,
                  "Total Cost": 77857.78,
                  "Plan Rows": 45113,
                  "Plan Width": 0,
                  "Actual Startup Time": 146.547,
                  "Actual Total Time": 211.019,
                  "Actual Rows": 46242,
                  "Actual Loops": 4,
                  "Inner Unique": true,
                  "Hash Cond": "(mc.movie_id = t.id)",
                  "Plans": [
                    {
                      "Node Type": "Seq Scan",
                      "Parent Relationship": "Outer",
                      "Parallel Aware": true,
                      "Relation Name": "movie_companies",
                      "Alias": "mc",
                      "Startup Cost": 0.0,
                      "Total Cost": 31414.82,
                      "Plan Rows": 169896,
                      "Plan Width": 4,
                      "Actual Startup Time": 8.573,
                      "Actual Total Time": 54.539,
                      "Actual Rows": 58334,
                      "Actual Loops": 4,
                      "Filter": "((company_id > 14423) AND (company_type_id < 2))",
                      "Rows Removed by Filter": 593948
                    },
                    {
                      "Node Type": "Hash",
                      "Parent Relationship": "Inner",
                      "Parallel Aware": true,
                      "Startup Cost": 43899.01,
                      "Total Cost": 43899.01,
                      "Plan Rows": 167838,
                      "Plan Width": 4,
                      "Actual Startup Time": 133.886,
                      "Actual Total Time": 133.886,
                      "Actual Rows": 165706,
                      "Actual Loops": 4,
                      "Hash Buckets": 1048576,
                      "Original Hash Buckets": 1048576,
                      "Hash Batches": 1,
                      "Original Hash Batches": 1,
                      "Peak Memory Usage": 34176,
                      "Plans": [
                        {
                          "Node Type": "Seq Scan",
                          "Parent Relationship": "Outer",
                          "Parallel Aware": true,
                          "Relation Name": "title",
                          "Alias": "t",
                          "Startup Cost": 0.0,
                          "Total Cost": 43899.01,
                          "Plan Rows": 167838,
                          "Plan Width": 4,
                          "Actual Startup Time": 36.265,
                          "Actual Total Time": 84.241,
                          "Actual Rows": 165706,
                          "Actual Loops": 4,
                          "Filter": "(kind_id = 1)",
                          "Rows Removed by Filter": 466372
                        }
                      ]
                    }
                  ]
                }
              ]
            }
          ]
        }
      ]
    },
    "Planning Time": 0.434,
    "Triggers": [],
    "Execution Time": 233.174
  }
]