[
  {
    "Plan": {
      "Node Type": "Aggregate",
      "Strategy": "Plain",
      "Partial Mode": "Finalize",
      "Parallel Aware": false,
      "Startup Cost": 70371.28,
      "Total Cost": 70371.29,
      "Plan Rows": 1,
      "Plan Width": 8,
      "Actual Startup Time": 178.759,
      "Actual Total Time": 194.408,
      "Actual Rows": 1,
      "Actual Loops": 1,
      "Plans": [
        {
          "Node Type": "Gather",
          "Parent Relationship": "Outer",
          "Parallel Aware": false,
          "Startup Cost": 70370.96,
          "Total Cost": 70371.27,
          "Plan Rows": 3,
          "Plan Width": 8,
          "Actual Startup Time": 178.196,
          "Actual Total Time": 194.398,
          "Actual Rows": 4,
          "Actual Loops": 1,
          "Workers Planned": 3,
          "Workers Launched": 3,
          "Single Copy": false,
          "Plans": [
            {
              "Node Type": "Aggregate",
              "Strategy": "Plain",
              "Partial Mode": "Partial",
              "Parent Relationship": "Outer",
              "Parallel Aware": false,
              "Startup Cost": 69370.96,
              "Total Cost": 69370.97,
              "Plan Rows": 1,
              "Plan Width": 8,
              "Actual Startup Time": 168.542,
              "Actual Total Time": 168.545,
              "Actual Rows": 1,
              "Actual Loops": 4,
              "Plans": [
                {
                  "Node Type": "Hash Join",
                  "Parent Relationship": "Outer",
                  "Parallel Aware": true,
                  "Join Type": "Inner",
                  "Startup Cost": 49663.58,
                  "Total Cost": 69368.69,
                  "Plan Rows": 907,
                  "Plan Width": 0,
                  "Actual Startup Time": 130.424,
                  "Actual Total Time": 168.491,
                  "Actual Rows": 479,
                  "Actual Loops": 4,
                  "Inner Unique": true,
                  "Hash Cond": "(mc.movie_id = t.id)",
                  "Plans": [
                    {
                      "Node Type": "Bitmap Heap Scan",
                      "Parent Relationship": "Outer",
                      "Parallel Aware": true,
                      "Relation Name": "movie_companies",
                      "Alias": "mc",
                      "Startup Cost": 4066.02,
                      "Total Cost": 23612.31,
                      "Plan Rows": 60503,
                      "Plan Width": 4,
                      "Actual Startup Time": 18.511,
                      "Actual Total Time": 47.494,
                      "Actual Rows": 46511,
                      "Actual Loops": 4,
                      "Recheck Cond": "(company_id < 49)",
                      "Rows Removed by Index Recheck": 0,
                      "Exact Heap Blocks": 5364,
                      "Lossy Heap Blocks": 0,
                      "Plans": [
                        {
                          "Node Type": "Bitmap Index Scan",
                          "Parent Relationship": "Outer",
                          "Parallel Aware": false,
                          "Index Name": "company_id_movie_companies",
                          "Startup Cost": 0.0,
                          "Total Cost": 4019.13,
                          "Plan Rows": 187560,
                          "Plan Width": 0,
                          "Actual Startup Time": 15.02,
                          "Actual Total Time": 15.021,
                          "Actual Rows": 186044,
                          "Actual Loops": 1,
                          "Index Cond": "(company_id < 49)"
                        }
                      ]
                    },
                    {
                      "Node Type": "Hash",
                      "Parent Relationship": "Inner",
                      "Parallel Aware": true,
                      "Startup Cost": 45479.1,
                      "Total Cost": 45479.1,
                      "Plan Rows": 9477,
                      "Plan Width": 4,
                      "Actual Startup Time": 109.372,
                      "Actual Total Time": 109.373,
                      "Actual Rows": 10484,
                      "Actual Loops": 4,
                      "Hash Buckets": 65536,
                      "Original Hash Buckets": 65536,
                      "Hash Batches": 1,
                      "Original Hash Batches": 1,
                      "Peak Memory Usage": 2176,
                      "Plans": [
                        {
                          "Node Type": "Seq Scan",
                          "Parent Relationship": "Outer",
                          "Parallel Aware": true,
                          "Relation Name": "title",
                          "Alias": "t",
                          "Startup Cost": 0.0,
                          "Total Cost": 45479.1,
                          "Plan Rows": 9477,
                          "Plan Width": 4,
                          "Actual Startup Time": 0.065,
                          "Actual Total Time": 103.85,
                          "Actual Rows": 10484,
                          "Actual Loops": 4,
                          "Filter": "((kind_id = 7) AND (production_year = 2002))",
                          "Rows Removed by Filter": 621594
                        }
                      ]
                    }
                  ]
                }
              ]
            }
          ]
        }
      ]
    },
    "Planning Time": 0.641,
    "Triggers": [],
    "Execution Time": 194.508
  }
]