[
  {
    "Plan": {
      "Node Type": "Aggregate",
      "Strategy": "Plain",
      "Partial Mode": "Finalize",
      "Parallel Aware": false,
      "Startup Cost": 445502.94,
      "Total Cost": 445502.95,
      "Plan Rows": 1,
      "Plan Width": 8,
      "Actual Startup Time": 4287.306,
      "Actual Total Time": 4397.432,
      "Actual Rows": 1,
      "Actual Loops": 1,
      "Plans": [
        {
          "Node Type": "Gather",
          "Parent Relationship": "Outer",
          "Parallel Aware": false,
          "Startup Cost": 445502.42,
          "Total Cost": 445502.93,
          "Plan Rows": 5,
          "Plan Width": 8,
          "Actual Startup Time": 4284.831,
          "Actual Total Time": 4397.421,
          "Actual Rows": 6,
          "Actual Loops": 1,
          "Workers Planned": 5,
          "Workers Launched": 5,
          "Single Copy": false,
          "Plans": [
            {
              "Node Type": "Aggregate",
              "Strategy": "Plain",
              "Partial Mode": "Partial",
              "Parent Relationship": "Outer",
              "Parallel Aware": false,
              "Startup Cost": 444502.42,
              "Total Cost": 444502.43,
              "Plan Rows": 1,
              "Plan Width": 8,
              "Actual Startup Time": 4274.52,
              "Actual Total Time": 4274.524,
              "Actual Rows": 1,
              "Actual Loops": 6,
              "Plans": [
                {
                  "Node Type": "Nested Loop",
                  "Parent Relationship": "Outer",
                  "Parallel Aware": false,
                  "Join Type": "Inner",
                  "Startup Cost": 46654.84,
                  "Total Cost": 441324.28,
                  "Plan Rows": 1271256,
                  "Plan Width": 0,
                  "Actual Startup Time": 300.045,
                  "Actual Total Time": 4045.34,
                  "Actual Rows": 4931633,
                  "Actual Loops": 6,
                  "Inner Unique": false,
                  "Join Filter": "(t.id = ci.movie_id)",
                  "Rows Removed by Join Filter": 0,
                  "Plans": [
                    {
                      "Node Type": "Hash Join",
                      "Parent Relationship": "Outer",
                      "Parallel Aware": true,
                      "Join Type": "Inner",
                      "Startup Cost": 46654.27,
                      "Total Cost": 247172.18,
                      "Plan Rows": 88719,
                      "Plan Width": 8,
                      "Actual Startup Time": 299.904,
                      "Actual Total Time": 567.495,
                      "Actual Rows": 117650,
                      "Actual Loops": 6,
                      "Inner Unique": true,
                      "Hash Cond": "(mi.movie_id = t.id)",
                      "Plans": [
                        {
                          "Node Type": "Seq Scan",
                          "Parent Relationship": "Outer",
                          "Parallel Aware": true,
                          "Relation Name": "movie_info",
                          "Alias": "mi",
                          "Startup Cost": 0.0,
                          "Total Cost": 198952.16,
                          "Plan Rows": 596472,
                          "Plan Width": 4,
                          "Actual Startup Time": 78.521,
                          "Actual Total Time": 309.343,
                          "Actual Rows": 506120,
                          "Actual Loops": 6,
                          "Filter": "(info_type_id = 16)",
                          "Rows Removed by Filter": 1966500
                        },
                        {
                          "Node Type": "Hash",
                          "Parent Relationship": "Inner",
                          "Parallel Aware": true,
                          "Startup Cost": 45479.1,
                          "Total Cost": 45479.1,
                          "Plan Rows": 94014,
                          "Plan Width": 4,
                          "Actual Startup Time": 120.026,
                          "Actual Total Time": 120.028,
                          "Actual Rows": 73338,
                          "Actual Loops": 6,
                          "Hash Buckets": 524288,
                          "Original Hash Buckets": 524288,
                          "Hash Batches": 1,
                          "Original Hash Batches": 1,
                          "Peak Memory Usage": 21376,
                          "Plans": [
                            {
                              "Node Type": "Seq Scan",
                              "Parent Relationship": "Outer",
                              "Parallel Aware": true,
                              "Relation Name": "title",
                              "Alias": "t",
                              "Startup Cost": 0.0,
                              "Total Cost": 45479.1,
                              "Plan Rows": 94014,
                              "Plan Width": 4,
                              "Actual Startup Time": 55.111,
                              "Actual Total Time": 90.72,
                              "Actual Rows": 73338,
                              "Actual Loops": 6,
                              "Filter": "((production_year < 2006) AND (kind_id = 1))",
                              "Rows Removed by Filter": 348047
                            }
                          ]
                        }
                      ]
                    },
                    {
                      "Node Type": "Index Only Scan",
                      "Parent Relationship": "Inner",
                      "Parallel Aware": false,
                      "Scan Direction": "Forward",
                      "Index Name": "movie_id_cast_info",
                      "Relation Name": "cast_info",
                      "Alias": "ci",
                      "Startup Cost": 0.56,
                      "Total Cost": 1.73,
                      "Plan Rows": 37,
                      "Plan Width": 4,
                      "Actual Startup Time": 0.004,
                      "Actual Total Time": 0.026,
                      "Actual Rows": 42,
                      "Actual Loops": 705899,
                      "Index Cond": "(movie_id = mi.movie_id)",
                      "Rows Removed by Index Recheck": 0,
                      "Heap Fetches": 29589798
                    }
                  ]
                }
              ]
            }
          ]
        }
      ]
    },
    "Planning Time": 1.393,
    "Triggers": [],
    "Execution Time": 4397.539
  }
]