[
  {
    "Plan": {
      "Node Type": "Aggregate",
      "Strategy": "Plain",
      "Partial Mode": "Finalize",
      "Parallel Aware": false,
      "Startup Cost": 46482.31,
      "Total Cost": 46482.32,
      "Plan Rows": 1,
      "Plan Width": 8,
      "Actual Startup Time": 89.94,
      "Actual Total Time": 102.851,
      "Actual Rows": 1,
      "Actual Loops": 1,
      "Plans": [
        {
          "Node Type": "Gather",
          "Parent Relationship": "Outer",
          "Parallel Aware": false,
          "Startup Cost": 46481.89,
          "Total Cost": 46482.3,
          "Plan Rows": 4,
          "Plan Width": 8,
          "Actual Startup Time": 89.76,
          "Actual Total Time": 102.839,
          "Actual Rows": 5,
          "Actual Loops": 1,
          "Workers Planned": 4,
          "Workers Launched": 4,
          "Single Copy": false,
          "Plans": [
            {
              "Node Type": "Aggregate",
              "Strategy": "Plain",
              "Partial Mode": "Partial",
              "Parent Relationship": "Outer",
              "Parallel Aware": false,
              "Startup Cost": 45481.89,
              "Total Cost": 45481.9,
              "Plan Rows": 1,
              "Plan Width": 8,
              "Actual Startup Time": 84.147,
              "Actual Total Time": 84.149,
              "Actual Rows": 1,
              "Actual Loops": 5,
              "Plans": [
                {
                  "Node Type": "Seq Scan",
                  "Parent Relationship": "Outer",
                  "Parallel Aware": true,
                  "Relation Name": "title",
                  "Alias": "t",
                  "Startup Cost": 0.0,
                  "Total Cost": 45479.59,
                  "Plan Rows": 921,
                  "Plan Width": 0,
                  "Actual Startup Time": 55.284,
                  "Actual Total Time": 83.962,
                  "Actual Rows": 1780,
                  "Actual Loops": 5,
                  "Filter": "((kind_id < 7) AND (production_year = 1913))",
                  "Rows Removed by Filter": 503882
                }
              ]
            }
          ]
        }
      ]
    },
    "Planning Time": 0.052,
    "Triggers": [],
    "Execution Time": 102.885
  }
]