[
  {
    "Plan": {
      "Node Type": "Aggregate",
      "Strategy": "Plain",
      "Partial Mode": "Finalize",
      "Parallel Aware": false,
      "Startup Cost": 46481.6,
      "Total Cost": 46481.61,
      "Plan Rows": 1,
      "Plan Width": 8,
      "Actual Startup Time": 93.817,
      "Actual Total Time": 107.385,
      "Actual Rows": 1,
      "Actual Loops": 1,
      "Plans": [
        {
          "Node Type": "Gather",
          "Parent Relationship": "Outer",
          "Parallel Aware": false,
          "Startup Cost": 46481.18,
          "Total Cost": 46481.59,
          "Plan Rows": 4,
          "Plan Width": 8,
          "Actual Startup Time": 93.691,
          "Actual Total Time": 107.378,
          "Actual Rows": 5,
          "Actual Loops": 1,
          "Workers Planned": 4,
          "Workers Launched": 4,
          "Single Copy": false,
          "Plans": [
            {
              "Node Type": "Aggregate",
              "Strategy": "Plain",
              "Partial Mode": "Partial",
              "Parent Relationship": "Outer",
              "Parallel Aware": false,
              "Startup Cost": 45481.18,
              "Total Cost": 45481.19,
              "Plan Rows": 1,
              "Plan Width": 8,
              "Actual Startup Time": 84.544,
              "Actual Total Time": 84.546,
              "Actual Rows": 1,
              "Actual Loops": 5,
              "Plans": [
                {
                  "Node Type": "Seq Scan",
                  "Parent Relationship": "Outer",
                  "Parallel Aware": true,
                  "Relation Name": "title",
                  "Alias": "t",
                  "Startup Cost": 0.0,
                  "Total Cost": 45479.1,
                  "Plan Rows": 834,
                  "Plan Width": 0,
                  "Actual Startup Time": 59.457,
                  "Actual Total Time": 84.379,
                  "Actual Rows": 1780,
                  "Actual Loops": 5,
                  "Filter": "((kind_id < 7) AND (production_year = 1913))",
                  "Rows Removed by Filter": 503882
                }
              ]
            }
          ]
        }
      ]
    },
    "Planning Time": 0.184,
    "Triggers": [],
    "Execution Time": 107.444
  }
]