[
  {
    "Plan": {
      "Node Type": "Aggregate",
      "Strategy": "Plain",
      "Partial Mode": "Finalize",
      "Parallel Aware": false,
      "Startup Cost": 348194.26,
      "Total Cost": 348194.27,
      "Plan Rows": 1,
      "Plan Width": 8,
      "Actual Startup Time": 592.025,
      "Actual Total Time": 617.994,
      "Actual Rows": 1,
      "Actual Loops": 1,
      "Plans": [
        {
          "Node Type": "Gather",
          "Parent Relationship": "Outer",
          "Parallel Aware": false,
          "Startup Cost": 348193.64,
          "Total Cost": 348194.25,
          "Plan Rows": 6,
          "Plan Width": 8,
          "Actual Startup Time": 591.95,
          "Actual Total Time": 617.988,
          "Actual Rows": 7,
          "Actual Loops": 1,
          "Workers Planned": 6,
          "Workers Launched": 6,
          "Single Copy": false,
          "Plans": [
            {
              "Node Type": "Aggregate",
              "Strategy": "Plain",
              "Partial Mode": "Partial",
              "Parent Relationship": "Outer",
              "Parallel Aware": false,
              "Startup Cost": 347193.64,
              "Total Cost": 347193.65,
              "Plan Rows": 1,
              "Plan Width": 8,
              "Actual Startup Time": 587.345,
              "Actual Total Time": 587.346,
              "Actual Rows": 1,
              "Actual Loops": 7,
              "Plans": [
                {
                  "Node Type": "Seq Scan",
                  "Parent Relationship": "Outer",
                  "Parallel Aware": true,
                  "Relation Name": "cast_info",
                  "Alias": "ci",
                  "Startup Cost": 0.0,
                  "Total Cost": 343318.94,
                  "Plan Rows": 1549879,
                  "Plan Width": 0,
                  "Actual Startup Time": 201.212,
                  "Actual Total Time": 559.743,
                  "Actual Rows": 570192,
                  "Actual Loops": 7,
                  "Filter": "((person_id < 1412584) AND (role_id > 1))",
                  "Rows Removed by Filter": 4607572
                }
              ]
            }
          ]
        }
      ]
    },
    "Planning Time": 0.086,
    "Triggers": [],
    "Execution Time": 618.021
  }
]