{
  "Plan": {
    "Node Type": "Aggregate",
    "Strategy": "Plain",
    "Partial Mode": "Simple",
    "Parallel Aware": false,
    "Startup Cost": 146614.41,
    "Total Cost": 146614.42,
    "Plan Rows": 1,
    "Plan Width": 64,
    "Actual Startup Time": 545.531,
    "Actual Total Time": 545.656,
    "Actual Rows": 1,
    "Actual Loops": 1,
    "Plans": [
      {
        "Node Type": "Gather",
        "Parent Relationship": "Outer",
        "Parallel Aware": false,
        "Startup Cost": 1003.41,
        "Total Cost": 146614.41,
        "Plan Rows": 1,
        "Plan Width": 32,
        "Actual Startup Time": 545.525,
        "Actual Total Time": 545.649,
        "Actual Rows": 0,
        "Actual Loops": 1,
        "Workers Planned": 1,
        "Workers Launched": 0,
        "Single Copy": false,
        "Plans": [
          {
            "Node Type": "Nested Loop",
            "Parent Relationship": "Outer",
            "Parallel Aware": false,
            "Join Type": "Inner",
            "Startup Cost": 3.41,
            "Total Cost": 145614.31,
            "Plan Rows": 1,
            "Plan Width": 32,
            "Actual Startup Time": 544.271,
            "Actual Total Time": 544.28,
            "Actual Rows": 0,
            "Actual Loops": 1,
            "Inner Unique": true,
            "Plans": [
              {
                "Node Type": "Nested Loop",
                "Parent Relationship": "Outer",
                "Parallel Aware": false,
                "Join Type": "Inner",
                "Startup Cost": 2.98,
                "Total Cost": 145613.8,
                "Plan Rows": 1,
                "Plan Width": 36,
                "Actual Startup Time": 544.27,
                "Actual Total Time": 544.279,
                "Actual Rows": 0,
                "Actual Loops": 1,
                "Inner Unique": true,
                "Plans": [
                  {
                    "Node Type": "Nested Loop",
                    "Parent Relationship": "Outer",
                    "Parallel Aware": false,
                    "Join Type": "Inner",
                    "Startup Cost": 2.84,
                    "Total Cost": 145613.62,
                    "Plan Rows": 1,
                    "Plan Width": 40,
                    "Actual Startup Time": 544.269,
                    "Actual Total Time": 544.277,
                    "Actual Rows": 0,
                    "Actual Loops": 1,
                    "Inner Unique": true,
                    "Plans": [
                      {
                        "Node Type": "Nested Loop",
                        "Parent Relationship": "Outer",
                        "Parallel Aware": false,
                        "Join Type": "Inner",
                        "Startup Cost": 2.42,
                        "Total Cost": 145613.12,
                        "Plan Rows": 1,
                        "Plan Width": 44,
                        "Actual Startup Time": 544.268,
                        "Actual Total Time": 544.276,
                        "Actual Rows": 0,
                        "Actual Loops": 1,
                        "Inner Unique": true,
                        "Plans": [
                          {
                            "Node Type": "Nested Loop",
                            "Parent Relationship": "Outer",
                            "Parallel Aware": false,
                            "Join Type": "Inner",
                            "Startup Cost": 2.28,
                            "Total Cost": 145612.95,
                            "Plan Rows": 1,
                            "Plan Width": 48,
                            "Actual Startup Time": 544.267,
                            "Actual Total Time": 544.274,
                            "Actual Rows": 0,
                            "Actual Loops": 1,
                            "Inner Unique": false,
                            "Join Filter": "(n.id = an.person_id)",
                            "Rows Removed by Join Filter": 0,
                            "Plans": [
                              {
                                "Node Type": "Nested Loop",
                                "Parent Relationship": "Outer",
                                "Parallel Aware": false,
                                "Join Type": "Inner",
                                "Startup Cost": 1.86,
                                "Total Cost": 145612.44,
                                "Plan Rows": 1,
                                "Plan Width": 56,
                                "Actual Startup Time": 251.525,
                                "Actual Total Time": 544.236,
                                "Actual Rows": 18,
                                "Actual Loops": 1,
                                "Inner Unique": false,
                                "Join Filter": "(mi.movie_id = mc.movie_id)",
                                "Rows Removed by Join Filter": 0,
                                "Plans": [
                                  {
                                    "Node Type": "Nested Loop",
                                    "Parent Relationship": "Outer",
                                    "Parallel Aware": false,
                                    "Join Type": "Inner",
                                    "Startup Cost": 1.43,
                                    "Total Cost": 145608.9,
                                    "Plan Rows": 6,
                                    "Plan Width": 64,
                                    "Actual Startup Time": 248.994,
                                    "Actual Total Time": 544.167,
                                    "Actual Rows": 4,
                                    "Actual Loops": 1,
                                    "Inner Unique": true,
                                    "Join Filter": "(mi.movie_id = t.id)",
                                    "Rows Removed by Join Filter": 0,
                                    "Plans": [
                                      {
                                        "Node Type": "Nested Loop",
                                        "Parent Relationship": "Outer",
                                        "Parallel Aware": false,
                                        "Join Type": "Inner",
                                        "Startup Cost": 1.0,
                                        "Total Cost": 145594.29,
                                        "Plan Rows": 28,
                                        "Plan Width": 43,
                                        "Actual Startup Time": 248.662,
                                        "Actual Total Time": 543.943,
                                        "Actual Rows": 52,
                                        "Actual Loops": 1,
                                        "Inner Unique": false,
                                        "Plans": [
                                          {
                                            "Node Type": "Nested Loop",
                                            "Parent Relationship": "Outer",
                                            "Parallel Aware": false,
                                            "Join Type": "Inner",
                                            "Startup Cost": 0.56,
                                            "Total Cost": 145526.85,
                                            "Plan Rows": 42,
                                            "Plan Width": 35,
                                            "Actual Startup Time": 248.305,
                                            "Actual Total Time": 541.668,
                                            "Actual Rows": 50,
                                            "Actual Loops": 1,
                                            "Inner Unique": false,
                                            "Plans": [
                                              {
                                                "Node Type": "Seq Scan",
                                                "Parent Relationship": "Outer",
                                                "Parallel Aware": true,
                                                "Relation Name": "name",
                                                "Alias": "n",
                                                "Startup Cost": 0.0,
                                                "Total Cost": 92382.65,
                                                "Plan Rows": 56,
                                                "Plan Width": 19,
                                                "Actual Startup Time": 248.071,
                                                "Actual Total Time": 540.887,
                                                "Actual Rows": 110,
                                                "Actual Loops": 1,
                                                "Filter": "((name ~~ '%Bruno,%'::text) AND ((gender)::text = 'f'::text))",
                                                "Rows Removed by Filter": 4167381
                                              },
                                              {
                                                "Node Type": "Index Scan",
                                                "Parent Relationship": "Inner",
                                                "Parallel Aware": false,
                                                "Scan Direction": "Forward",
                                                "Index Name": "person_id_cast_info",
                                                "Relation Name": "cast_info",
                                                "Alias": "ci",
                                                "Startup Cost": 0.56,
                                                "Total Cost": 948.55,
                                                "Plan Rows": 45,
                                                "Plan Width": 16,
                                                "Actual Startup Time": 0.006,
                                                "Actual Total Time": 0.007,
                                                "Actual Rows": 0,
                                                "Actual Loops": 110,
                                                "Index Cond": "(person_id = n.id)",
                                                "Rows Removed by Index Recheck": 0,
                                                "Filter": "(note = ANY ('{(writer),(voice),\"(executive producer)\",(uncredited)}'::text[]))",
                                                "Rows Removed by Filter": 14
                                              }
                                            ]
                                          },
                                          {
                                            "Node Type": "Index Scan",
                                            "Parent Relationship": "Inner",
                                            "Parallel Aware": false,
                                            "Scan Direction": "Forward",
                                            "Index Name": "movie_id_movie_info",
                                            "Relation Name": "movie_info",
                                            "Alias": "mi",
                                            "Startup Cost": 0.43,
                                            "Total Cost": 1.59,
                                            "Plan Rows": 2,
                                            "Plan Width": 8,
                                            "Actual Startup Time": 0.027,
                                            "Actual Total Time": 0.045,
                                            "Actual Rows": 1,
                                            "Actual Loops": 50,
                                            "Index Cond": "(movie_id = ci.movie_id)",
                                            "Rows Removed by Index Recheck": 0,
                                            "Filter": "((info IS NOT NULL) AND ((info ~~ 'Japan:%200%'::text) OR (info ~~ 'USA:%200%'::text)))",
                                            "Rows Removed by Filter": 75
                                          }
                                        ]
                                      },
                                      {
                                        "Node Type": "Index Scan",
                                        "Parent Relationship": "Inner",
                                        "Parallel Aware": false,
                                        "Scan Direction": "Forward",
                                        "Index Name": "title_pkey",
                                        "Relation Name": "title",
                                        "Alias": "t",
                                        "Startup Cost": 0.43,
                                        "Total Cost": 0.51,
                                        "Plan Rows": 1,
                                        "Plan Width": 21,
                                        "Actual Startup Time": 0.004,
                                        "Actual Total Time": 0.004,
                                        "Actual Rows": 0,
                                        "Actual Loops": 52,
                                        "Index Cond": "(id = ci.movie_id)",
                                        "Rows Removed by Index Recheck": 0,
                                        "Filter": "((production_year >= 2000) AND (production_year <= 2006))",
                                        "Rows Removed by Filter": 1
                                      }
                                    ]
                                  },
                                  {
                                    "Node Type": "Index Scan",
                                    "Parent Relationship": "Inner",
                                    "Parallel Aware": false,
                                    "Scan Direction": "Forward",
                                    "Index Name": "movie_id_movie_companies",
                                    "Relation Name": "movie_companies",
                                    "Alias": "mc",
                                    "Startup Cost": 0.43,
                                    "Total Cost": 0.58,
                                    "Plan Rows": 1,
                                    "Plan Width": 8,
                                    "Actual Startup Time": 0.007,
                                    "Actual Total Time": 0.015,
                                    "Actual Rows": 4,
                                    "Actual Loops": 4,
                                    "Index Cond": "(movie_id = ci.movie_id)",
                                    "Rows Removed by Index Recheck": 0,
                                    "Filter": "((note IS NOT NULL) AND ((note ~~ '%(USA)%'::text) OR (note ~~ '%(worldwide)%'::text)))",
                                    "Rows Removed by Filter": 16
                                  }
                                ]
                              },
                              {
                                "Node Type": "Index Only Scan",
                                "Parent Relationship": "Inner",
                                "Parallel Aware": false,
                                "Scan Direction": "Forward",
                                "Index Name": "person_id_aka_name",
                                "Relation Name": "aka_name",
                                "Alias": "an",
                                "Startup Cost": 0.42,
                                "Total Cost": 0.48,
                                "Plan Rows": 2,
                                "Plan Width": 4,
                                "Actual Startup Time": 0.002,
                                "Actual Total Time": 0.002,
                                "Actual Rows": 0,
                                "Actual Loops": 18,
                                "Index Cond": "(person_id = ci.person_id)",
                                "Rows Removed by Index Recheck": 0,
                                "Heap Fetches": 0
                              }
                            ]
                          },
                          {
                            "Node Type": "Index Scan",
                            "Parent Relationship": "Inner",
                            "Parallel Aware": false,
                            "Scan Direction": "Forward",
                            "Index Name": "role_type_pkey",
                            "Relation Name": "role_type",
                            "Alias": "rt",
                            "Startup Cost": 0.14,
                            "Total Cost": 0.16,
                            "Plan Rows": 1,
                            "Plan Width": 4,
                            "Actual Startup Time": 0.0,
                            "Actual Total Time": 0.0,
                            "Actual Rows": 0,
                            "Actual Loops": 0,
                            "Index Cond": "(id = ci.role_id)",
                            "Rows Removed by Index Recheck": 0,
                            "Filter": "((role)::text = 'actress'::text)",
                            "Rows Removed by Filter": 0
                          }
                        ]
                      },
                      {
                        "Node Type": "Index Scan",
                        "Parent Relationship": "Inner",
                        "Parallel Aware": false,
                        "Scan Direction": "Forward",
                        "Index Name": "company_name_pkey",
                        "Relation Name": "company_name",
                        "Alias": "cn",
                        "Startup Cost": 0.42,
                        "Total Cost": 0.49,
                        "Plan Rows": 1,
                        "Plan Width": 4,
                        "Actual Startup Time": 0.0,
                        "Actual Total Time": 0.0,
                        "Actual Rows": 0,
                        "Actual Loops": 0,
                        "Index Cond": "(id = mc.company_id)",
                        "Rows Removed by Index Recheck": 0,
                        "Filter": "((country_code)::text = '[us]'::text)",
                        "Rows Removed by Filter": 0
                      }
                    ]
                  },
                  {
                    "Node Type": "Index Scan",
                    "Parent Relationship": "Inner",
                    "Parallel Aware": false,
                    "Scan Direction": "Forward",
                    "Index Name": "info_type_pkey",
                    "Relation Name": "info_type",
                    "Alias": "it",
                    "Startup Cost": 0.14,
                    "Total Cost": 0.16,
                    "Plan Rows": 1,
                    "Plan Width": 4,
                    "Actual Startup Time": 0.0,
                    "Actual Total Time": 0.0,
                    "Actual Rows": 0,
                    "Actual Loops": 0,
                    "Index Cond": "(id = mi.info_type_id)",
                    "Rows Removed by Index Recheck": 0,
                    "Filter": "((info)::text = 'release dates'::text)",
                    "Rows Removed by Filter": 0
                  }
                ]
              },
              {
                "Node Type": "Index Only Scan",
                "Parent Relationship": "Inner",
                "Parallel Aware": false,
                "Scan Direction": "Forward",
                "Index Name": "char_name_pkey",
                "Relation Name": "char_name",
                "Alias": "chn",
                "Startup Cost": 0.43,
                "Total Cost": 0.51,
                "Plan Rows": 1,
                "Plan Width": 4,
                "Actual Startup Time": 0.0,
                "Actual Total Time": 0.0,
                "Actual Rows": 0,
                "Actual Loops": 0,
                "Index Cond": "(id = ci.person_role_id)",
                "Rows Removed by Index Recheck": 0,
                "Heap Fetches": 0
              }
            ]
          }
        ]
      }
    ]
  },
  "Planning Time": 4.095,
  "Triggers": [],
  "Execution Time": 545.852
}