[
  {
    "Plan": {
      "Node Type": "Aggregate",
      "Strategy": "Plain",
      "Partial Mode": "Finalize",
      "Parallel Aware": false,
      "Startup Cost": 587953.02,
      "Total Cost": 587953.03,
      "Plan Rows": 1,
      "Plan Width": 8,
      "Actual Startup Time": 2156.099,
      "Actual Total Time": 2196.33,
      "Actual Rows": 1,
      "Actual Loops": 1,
      "Plans": [
        {
          "Node Type": "Gather",
          "Parent Relationship": "Outer",
          "Parallel Aware": false,
          "Startup Cost": 587952.5,
          "Total Cost": 587953.01,
          "Plan Rows": 5,
          "Plan Width": 8,
          "Actual Startup Time": 2136.037,
          "Actual Total Time": 2196.317,
          "Actual Rows": 6,
          "Actual Loops": 1,
          "Workers Planned": 5,
          "Workers Launched": 5,
          "Single Copy": false,
          "Plans": [
            {
              "Node Type": "Aggregate",
              "Strategy": "Plain",
              "Partial Mode": "Partial",
              "Parent Relationship": "Outer",
              "Parallel Aware": false,
              "Startup Cost": 586952.5,
              "Total Cost": 586952.51,
              "Plan Rows": 1,
              "Plan Width": 8,
              "Actual Startup Time": 2116.382,
              "Actual Total Time": 2116.468,
              "Actual Rows": 1,
              "Actual Loops": 6,
              "Plans": [
                {
                  "Node Type": "Hash Join",
                  "Parent Relationship": "Outer",
                  "Parallel Aware": true,
                  "Join Type": "Inner",
                  "Startup Cost": 375534.54,
                  "Total Cost": 582929.79,
                  "Plan Rows": 1609085,
                  "Plan Width": 0,
                  "Actual Startup Time": 936.381,
                  "Actual Total Time": 1949.414,
                  "Actual Rows": 3923791,
                  "Actual Loops": 6,
                  "Inner Unique": false,
                  "Hash Cond": "(mi.movie_id = t.id)",
                  "Plans": [
                    {
                      "Node Type": "Seq Scan",
                      "Parent Relationship": "Outer",
                      "Parallel Aware": true,
                      "Relation Name": "movie_info",
                      "Alias": "mi",
                      "Startup Cost": 0.0,
                      "Total Cost": 199108.24,
                      "Plan Rows": 1494718,
                      "Plan Width": 4,
                      "Actual Startup Time": 15.846,
                      "Actual Total Time": 325.361,
                      "Actual Rows": 1258142,
                      "Actual Loops": 6,
                      "Filter": "(info_type_id > 7)",
                      "Rows Removed by Filter": 1214478
                    },
                    {
                      "Node Type": "Hash",
                      "Parent Relationship": "Inner",
                      "Parallel Aware": true,
                      "Startup Cost": 369863.95,
                      "Total Cost": 369863.95,
                      "Plan Rows": 453647,
                      "Plan Width": 8,
                      "Actual Startup Time": 913.72,
                      "Actual Total Time": 913.804,
                      "Actual Rows": 469527,
                      "Actual Loops": 6,
                      "Hash Buckets": 4194304,
                      "Original Hash Buckets": 4194304,
                      "Hash Batches": 1,
                      "Original Hash Batches": 1,
                      "Peak Memory Usage": 143072,
                      "Plans": [
                        {
                          "Node Type": "Hash Join",
                          "Parent Relationship": "Outer",
                          "Parallel Aware": true,
                          "Join Type": "Inner",
                          "Startup Cost": 110315.54,
                          "Total Cost": 369863.95,
                          "Plan Rows": 453647,
                          "Plan Width": 8,
                          "Actual Startup Time": 391.235,
                          "Actual Total Time": 709.121,
                          "Actual Rows": 469527,
                          "Actual Loops": 6,
                          "Inner Unique": true,
                          "Hash Cond": "(ci.movie_id = t.id)",
                          "Plans": [
                            {
                              "Node Type": "Bitmap Heap Scan",
                              "Parent Relationship": "Outer",
                              "Parallel Aware": true,
                              "Relation Name": "cast_info",
                              "Alias": "ci",
                              "Startup Cost": 60095.16,
                              "Total Cost": 318452.75,
                              "Plan Rows": 453647,
                              "Plan Width": 4,
                              "Actual Startup Time": 101.782,
                              "Actual Total Time": 177.413,
                              "Actual Rows": 469527,
                              "Actual Loops": 6,
                              "Recheck Cond": "(person_id < 272074)",
                              "Rows Removed by Index Recheck": 0,
                              "Exact Heap Blocks": 4840,
                              "Lossy Heap Blocks": 0,
                              "Plans": [
                                {
                                  "Node Type": "Bitmap Index Scan",
                                  "Parent Relationship": "Outer",
                                  "Parallel Aware": false,
                                  "Index Name": "person_id_cast_info",
                                  "Startup Cost": 0.0,
                                  "Total Cost": 59414.69,
                                  "Plan Rows": 2721883,
                                  "Plan Width": 0,
                                  "Actual Startup Time": 96.93,
                                  "Actual Total Time": 96.931,
                                  "Actual Rows": 2817162,
                                  "Actual Loops": 1,
                                  "Index Cond": "(person_id < 272074)"
                                }
                              ]
                            },
                            {
                              "Node Type": "Hash",
                              "Parent Relationship": "Inner",
                              "Parallel Aware": true,
                              "Startup Cost": 42319.06,
                              "Total Cost": 42319.06,
                              "Plan Rows": 632106,
                              "Plan Width": 4,
                              "Actual Startup Time": 284.56,
                              "Actual Total Time": 284.562,
                              "Actual Rows": 421385,
                              "Actual Loops": 6,
                              "Hash Buckets": 4194304,
                              "Original Hash Buckets": 4194304,
                              "Hash Batches": 1,
                              "Original Hash Batches": 1,
                              "Peak Memory Usage": 131744,
                              "Plans": [
                                {
                                  "Node Type": "Seq Scan",
                                  "Parent Relationship": "Outer",
                                  "Parallel Aware": true,
                                  "Relation Name": "title",
                                  "Alias": "t",
                                  "Startup Cost": 0.0,
                                  "Total Cost": 42319.06,
                                  "Plan Rows": 632106,
                                  "Plan Width": 4,
                                  "Actual Startup Time": 0.056,
                                  "Actual Total Time": 79.914,
                                  "Actual Rows": 421385,
                                  "Actual Loops": 6
                                }
                              ]
                            }
                          ]
                        }
                      ]
                    }
                  ]
                }
              ]
            }
          ]
        }
      ]
    },
    "Planning Time": 0.876,
    "Triggers": [],
    "Execution Time": 2196.416
  }
]