{
  "Plan": {
    "Node Type": "Aggregate",
    "Strategy": "Plain",
    "Partial Mode": "Simple",
    "Parallel Aware": false,
    "Startup Cost": 1531725.63,
    "Total Cost": 1531725.64,
    "Plan Rows": 1,
    "Plan Width": 32,
    "Actual Startup Time": 9801.585,
    "Actual Total Time": 9801.705,
    "Actual Rows": 1,
    "Actual Loops": 1,
    "Plans": [
      {
        "Node Type": "Merge Join",
        "Parent Relationship": "Outer",
        "Parallel Aware": false,
        "Join Type": "Inner",
        "Startup Cost": 1347966.93,
        "Total Cost": 1531725.62,
        "Plan Rows": 1,
        "Plan Width": 17,
        "Actual Startup Time": 9295.013,
        "Actual Total Time": 9801.685,
        "Actual Rows": 33,
        "Actual Loops": 1,
        "Inner Unique": false,
        "Merge Cond": "(n.id = ci.person_id)",
        "Plans": [
          {
            "Node Type": "Index Only Scan",
            "Parent Relationship": "Outer",
            "Parallel Aware": false,
            "Scan Direction": "Forward",
            "Index Name": "name_pkey",
            "Relation Name": "name",
            "Alias": "n",
            "Startup Cost": 0.43,
            "Total Cost": 178171.22,
            "Plan Rows": 4167377,
            "Plan Width": 4,
            "Actual Startup Time": 0.042,
            "Actual Total Time": 569.82,
            "Actual Rows": 1857975,
            "Actual Loops": 1,
            "Heap Fetches": 1857975
          },
          {
            "Node Type": "Sort",
            "Parent Relationship": "Inner",
            "Parallel Aware": false,
            "Startup Cost": 1347966.5,
            "Total Cost": 1347966.51,
            "Plan Rows": 1,
            "Plan Width": 21,
            "Actual Startup Time": 9147.242,
            "Actual Total Time": 9147.367,
            "Actual Rows": 33,
            "Actual Loops": 1,
            "Sort Key": [
              "ci.person_id"
            ],
            "Sort Method": "quicksort",
            "Sort Space Used": 26,
            "Sort Space Type": "Memory",
            "Plans": [
              {
                "Node Type": "Merge Join",
                "Parent Relationship": "Outer",
                "Parallel Aware": false,
                "Join Type": "Inner",
                "Startup Cost": 1347966.37,
                "Total Cost": 1347966.49,
                "Plan Rows": 1,
                "Plan Width": 21,
                "Actual Startup Time": 9147.124,
                "Actual Total Time": 9147.349,
                "Actual Rows": 33,
                "Actual Loops": 1,
                "Inner Unique": true,
                "Merge Cond": "(mk.keyword_id = k.id)",
                "Plans": [
                  {
                    "Node Type": "Sort",
                    "Parent Relationship": "Outer",
                    "Parallel Aware": false,
                    "Startup Cost": 1344333.85,
                    "Total Cost": 1344333.89,
                    "Plan Rows": 14,
                    "Plan Width": 25,
                    "Actual Startup Time": 9125.872,
                    "Actual Total Time": 9126.057,
                    "Actual Rows": 751,
                    "Actual Loops": 1,
                    "Sort Key": [
                      "mk.keyword_id"
                    ],
                    "Sort Method": "quicksort",
                    "Sort Space Used": 151,
                    "Sort Space Type": "Memory",
                    "Plans": [
                      {
                        "Node Type": "Merge Join",
                        "Parent Relationship": "Outer",
                        "Parallel Aware": false,
                        "Join Type": "Inner",
                        "Startup Cost": 1155875.16,
                        "Total Cost": 1344333.58,
                        "Plan Rows": 14,
                        "Plan Width": 25,
                        "Actual Startup Time": 8750.872,
                        "Actual Total Time": 9125.715,
                        "Actual Rows": 1314,
                        "Actual Loops": 1,
                        "Inner Unique": false,
                        "Merge Cond": "(mk.movie_id = ci.movie_id)",
                        "Plans": [
                          {
                            "Node Type": "Index Scan",
                            "Parent Relationship": "Outer",
                            "Parallel Aware": false,
                            "Scan Direction": "Forward",
                            "Index Name": "movie_id_movie_keyword",
                            "Relation Name": "movie_keyword",
                            "Alias": "mk",
                            "Startup Cost": 0.43,
                            "Total Cost": 177148.48,
                            "Plan Rows": 4523930,
                            "Plan Width": 8,
                            "Actual Startup Time": 0.035,
                            "Actual Total Time": 450.049,
                            "Actual Rows": 3861770,
                            "Actual Loops": 1
                          },
                          {
                            "Node Type": "Sort",
                            "Parent Relationship": "Inner",
                            "Parallel Aware": false,
                            "Startup Cost": 1155874.73,
                            "Total Cost": 1155874.75,
                            "Plan Rows": 8,
                            "Plan Width": 33,
                            "Actual Startup Time": 8450.219,
                            "Actual Total Time": 8450.393,
                            "Actual Rows": 1144,
                            "Actual Loops": 1,
                            "Sort Key": [
                              "ci.movie_id"
                            ],
                            "Sort Method": "quicksort",
                            "Sort Space Used": 25,
                            "Sort Space Type": "Memory",
                            "Plans": [
                              {
                                "Node Type": "Merge Join",
                                "Parent Relationship": "Outer",
                                "Parallel Aware": false,
                                "Join Type": "Inner",
                                "Startup Cost": 1155874.23,
                                "Total Cost": 1155874.61,
                                "Plan Rows": 8,
                                "Plan Width": 33,
                                "Actual Startup Time": 8450.211,
                                "Actual Total Time": 8450.327,
                                "Actual Rows": 9,
                                "Actual Loops": 1,
                                "Inner Unique": true,
                                "Merge Cond": "(t.kind_id = kt.id)",
                                "Plans": [
                                  {
                                    "Node Type": "Sort",
                                    "Parent Relationship": "Outer",
                                    "Parallel Aware": false,
                                    "Startup Cost": 1155873.14,
                                    "Total Cost": 1155873.28,
                                    "Plan Rows": 57,
                                    "Plan Width": 37,
                                    "Actual Startup Time": 8450.197,
                                    "Actual Total Time": 8450.31,
                                    "Actual Rows": 10,
                                    "Actual Loops": 1,
                                    "Sort Key": [
                                      "t.kind_id"
                                    ],
                                    "Sort Method": "quicksort",
                                    "Sort Space Used": 26,
                                    "Sort Space Type": "Memory",
                                    "Plans": [
                                      {
                                        "Node Type": "Merge Join",
                                        "Parent Relationship": "Outer",
                                        "Parallel Aware": false,
                                        "Join Type": "Inner",
                                        "Startup Cost": 1155869.75,
                                        "Total Cost": 1155871.47,
                                        "Plan Rows": 57,
                                        "Plan Width": 37,
                                        "Actual Startup Time": 8450.185,
                                        "Actual Total Time": 8450.301,
                                        "Actual Rows": 15,
                                        "Actual Loops": 1,
                                        "Inner Unique": true,
                                        "Merge Cond": "(cc.subject_id = cct1.id)",
                                        "Plans": [
                                          {
                                            "Node Type": "Sort",
                                            "Parent Relationship": "Outer",
                                            "Parallel Aware": false,
                                            "Startup Cost": 1155868.69,
                                            "Total Cost": 1155869.26,
                                            "Plan Rows": 229,
                                            "Plan Width": 41,
                                            "Actual Startup Time": 8450.153,
                                            "Actual Total Time": 8450.266,
                                            "Actual Rows": 16,
                                            "Actual Loops": 1,
                                            "Sort Key": [
                                              "cc.subject_id"
                                            ],
                                            "Sort Method": "quicksort",
                                            "Sort Space Used": 26,
                                            "Sort Space Type": "Memory",
                                            "Plans": [
                                              {
                                                "Node Type": "Merge Join",
                                                "Parent Relationship": "Outer",
                                                "Parallel Aware": false,
                                                "Join Type": "Inner",
                                                "Startup Cost": 1033568.37,
                                                "Total Cost": 1155859.72,
                                                "Plan Rows": 229,
                                                "Plan Width": 41,
                                                "Actual Startup Time": 7376.845,
                                                "Actual Total Time": 8450.236,
                                                "Actual Rows": 19,
                                                "Actual Loops": 1,
                                                "Inner Unique": false,
                                                "Merge Cond": "(t.id = ci.movie_id)",
                                                "Plans": [
                                                  {
                                                    "Node Type": "Index Scan",
                                                    "Parent Relationship": "Outer",
                                                    "Parallel Aware": false,
                                                    "Scan Direction": "Forward",
                                                    "Index Name": "title_pkey",
                                                    "Relation Name": "title",
                                                    "Alias": "t",
                                                    "Startup Cost": 0.43,
                                                    "Total Cost": 116680.33,
                                                    "Plan Rows": 2293227,
                                                    "Plan Width": 25,
                                                    "Actual Startup Time": 0.021,
                                                    "Actual Total Time": 1056.271,
                                                    "Actual Rows": 2235817,
                                                    "Actual Loops": 1,
                                                    "Filter": "(production_year > 1950)",
                                                    "Rows Removed by Filter": 228931
                                                  },
                                                  {
                                                    "Node Type": "Sort",
                                                    "Parent Relationship": "Inner",
                                                    "Parallel Aware": false,
                                                    "Startup Cost": 1033565.06,
                                                    "Total Cost": 1033565.69,
                                                    "Plan Rows": 252,
                                                    "Plan Width": 16,
                                                    "Actual Startup Time": 7289.944,
                                                    "Actual Total Time": 7290.063,
                                                    "Actual Rows": 28,
                                                    "Actual Loops": 1,
                                                    "Sort Key": [
                                                      "ci.movie_id"
                                                    ],
                                                    "Sort Method": "quicksort",
                                                    "Sort Space Used": 26,
                                                    "Sort Space Type": "Memory",
                                                    "Plans": [
                                                      {
                                                        "Node Type": "Merge Join",
                                                        "Parent Relationship": "Outer",
                                                        "Parallel Aware": false,
                                                        "Join Type": "Inner",
                                                        "Startup Cost": 1033547.43,
                                                        "Total Cost": 1033555.01,
                                                        "Plan Rows": 252,
                                                        "Plan Width": 16,
                                                        "Actual Startup Time": 7289.931,
                                                        "Actual Total Time": 7290.045,
                                                        "Actual Rows": 28,
                                                        "Actual Loops": 1,
                                                        "Inner Unique": true,
                                                        "Merge Cond": "(cc.status_id = cct2.id)",
                                                        "Plans": [
                                                          {
                                                            "Node Type": "Sort",
                                                            "Parent Relationship": "Outer",
                                                            "Parallel Aware": false,
                                                            "Startup Cost": 1033546.37,
                                                            "Total Cost": 1033548.89,
                                                            "Plan Rows": 1010,
                                                            "Plan Width": 20,
                                                            "Actual Startup Time": 7289.9,
                                                            "Actual Total Time": 7290.008,
                                                            "Actual Rows": 28,
                                                            "Actual Loops": 1,
                                                            "Sort Key": [
                                                              "cc.status_id"
                                                            ],
                                                            "Sort Method": "quicksort",
                                                            "Sort Space Used": 27,
                                                            "Sort Space Type": "Memory",
                                                            "Plans": [
                                                              {
                                                                "Node Type": "Merge Join",
                                                                "Parent Relationship": "Outer",
                                                                "Parallel Aware": false,
                                                                "Join Type": "Inner",
                                                                "Startup Cost": 1026570.32,
                                                                "Total Cost": 1033495.97,
                                                                "Plan Rows": 1010,
                                                                "Plan Width": 20,
                                                                "Actual Startup Time": 7254.688,
                                                                "Actual Total Time": 7289.99,
                                                                "Actual Rows": 28,
                                                                "Actual Loops": 1,
                                                                "Inner Unique": false,
                                                                "Merge Cond": "(cc.movie_id = ci.movie_id)",
                                                                "Plans": [
                                                                  {
                                                                    "Node Type": "Index Scan",
                                                                    "Parent Relationship": "Outer",
                                                                    "Parallel Aware": false,
                                                                    "Scan Direction": "Forward",
                                                                    "Index Name": "movie_id_complete_cast",
                                                                    "Relation Name": "complete_cast",
                                                                    "Alias": "cc",
                                                                    "Startup Cost": 0.42,
                                                                    "Total Cost": 6650.11,
                                                                    "Plan Rows": 135086,
                                                                    "Plan Width": 12,
                                                                    "Actual Startup Time": 0.017,
                                                                    "Actual Total Time": 28.949,
                                                                    "Actual Rows": 131460,
                                                                    "Actual Loops": 1
                                                                  },
                                                                  {
                                                                    "Node Type": "Sort",
                                                                    "Parent Relationship": "Inner",
                                                                    "Parallel Aware": false,
                                                                    "Startup Cost": 1026569.9,
                                                                    "Total Cost": 1026588.03,
                                                                    "Plan Rows": 7251,
                                                                    "Plan Width": 8,
                                                                    "Actual Startup Time": 7252.983,
                                                                    "Actual Total Time": 7253.133,
                                                                    "Actual Rows": 558,
                                                                    "Actual Loops": 1,
                                                                    "Sort Key": [
                                                                      "ci.movie_id"
                                                                    ],
                                                                    "Sort Method": "quicksort",
                                                                    "Sort Space Used": 51,
                                                                    "Sort Space Type": "Memory",
                                                                    "Plans": [
                                                                      {
                                                                        "Node Type": "Merge Join",
                                                                        "Parent Relationship": "Outer",
                                                                        "Parallel Aware": false,
                                                                        "Join Type": "Inner",
                                                                        "Startup Cost": 146565.87,
                                                                        "Total Cost": 1026104.96,
                                                                        "Plan Rows": 7251,
                                                                        "Plan Width": 8,
                                                                        "Actual Startup Time": 2102.968,
                                                                        "Actual Total Time": 7252.924,
                                                                        "Actual Rows": 556,
                                                                        "Actual Loops": 1,
                                                                        "Inner Unique": true,
                                                                        "Merge Cond": "(ci.person_role_id = chn.id)",
                                                                        "Plans": [
                                                                          {
                                                                            "Node Type": "Index Scan",
                                                                            "Parent Relationship": "Outer",
                                                                            "Parallel Aware": false,
                                                                            "Scan Direction": "Forward",
                                                                            "Index Name": "person_role_id_cast_info",
                                                                            "Relation Name": "cast_info",
                                                                            "Alias": "ci",
                                                                            "Startup Cost": 0.56,
                                                                            "Total Cost": 1870124.36,
                                                                            "Plan Rows": 36257824,
                                                                            "Plan Width": 12,
                                                                            "Actual Startup Time": 0.018,
                                                                            "Actual Total Time": 5729.496,
                                                                            "Actual Rows": 16788386,
                                                                            "Actual Loops": 1
                                                                          },
                                                                          {
                                                                            "Node Type": "Sort",
                                                                            "Parent Relationship": "Inner",
                                                                            "Parallel Aware": false,
                                                                            "Startup Cost": 69866.11,
                                                                            "Total Cost": 69867.68,
                                                                            "Plan Rows": 628,
                                                                            "Plan Width": 4,
                                                                            "Actual Startup Time": 402.447,
                                                                            "Actual Total Time": 402.572,
                                                                            "Actual Rows": 30,
                                                                            "Actual Loops": 1,
                                                                            "Sort Key": [
                                                                              "chn.id"
                                                                            ],
                                                                            "Sort Method": "quicksort",
                                                                            "Sort Space Used": 26,
                                                                            "Sort Space Type": "Memory",
                                                                            "Plans": [
                                                                              {
                                                                                "Node Type": "Gather",
                                                                                "Parent Relationship": "Outer",
                                                                                "Parallel Aware": false,
                                                                                "Startup Cost": 1000.0,
                                                                                "Total Cost": 69836.92,
                                                                                "Plan Rows": 628,
                                                                                "Plan Width": 4,
                                                                                "Actual Startup Time": 30.984,
                                                                                "Actual Total Time": 402.52,
                                                                                "Actual Rows": 30,
                                                                                "Actual Loops": 1,
                                                                                "Workers Planned": 1,
                                                                                "Workers Launched": 1,
                                                                                "Single Copy": false,
                                                                                "Plans": [
                                                                                  {
                                                                                    "Node Type": "Seq Scan",
                                                                                    "Parent Relationship": "Outer",
                                                                                    "Parallel Aware": true,
                                                                                    "Relation Name": "char_name",
                                                                                    "Alias": "chn",
                                                                                    "Startup Cost": 0.0,
                                                                                    "Total Cost": 68774.12,
                                                                                    "Plan Rows": 369,
                                                                                    "Plan Width": 4,
                                                                                    "Actual Startup Time": 26.78,
                                                                                    "Actual Total Time": 396.254,
                                                                                    "Actual Rows": 15,
                                                                                    "Actual Loops": 2,
                                                                                    "Filter": "((name !~~ '%Sherlock%'::text) AND ((name ~~ '%Tony%Stark%'::text) OR (name ~~ '%Iron%Man%'::text)))",
                                                                                    "Rows Removed by Filter": 1570154
                                                                                  }
                                                                                ]
                                                                              }
                                                                            ]
                                                                          }
                                                                        ]
                                                                      }
                                                                    ]
                                                                  }
                                                                ]
                                                              }
                                                            ]
                                                          },
                                                          {
                                                            "Node Type": "Sort",
                                                            "Parent Relationship": "Inner",
                                                            "Parallel Aware": false,
                                                            "Startup Cost": 1.06,
                                                            "Total Cost": 1.06,
                                                            "Plan Rows": 1,
                                                            "Plan Width": 4,
                                                            "Actual Startup Time": 0.027,
                                                            "Actual Total Time": 0.028,
                                                            "Actual Rows": 2,
                                                            "Actual Loops": 1,
                                                            "Sort Key": [
                                                              "cct2.id"
                                                            ],
                                                            "Sort Method": "quicksort",
                                                            "Sort Space Used": 25,
                                                            "Sort Space Type": "Memory",
                                                            "Plans": [
                                                              {
                                                                "Node Type": "Seq Scan",
                                                                "Parent Relationship": "Outer",
                                                                "Parallel Aware": false,
                                                                "Relation Name": "comp_cast_type",
                                                                "Alias": "cct2",
                                                                "Startup Cost": 0.0,
                                                                "Total Cost": 1.05,
                                                                "Plan Rows": 1,
                                                                "Plan Width": 4,
                                                                "Actual Startup Time": 0.017,
                                                                "Actual Total Time": 0.018,
                                                                "Actual Rows": 2,
                                                                "Actual Loops": 1,
                                                                "Filter": "((kind)::text ~~ '%complete%'::text)",
                                                                "Rows Removed by Filter": 2
                                                              }
                                                            ]
                                                          }
                                                        ]
                                                      }
                                                    ]
                                                  }
                                                ]
                                              }
                                            ]
                                          },
                                          {
                                            "Node Type": "Sort",
                                            "Parent Relationship": "Inner",
                                            "Parallel Aware": false,
                                            "Startup Cost": 1.06,
                                            "Total Cost": 1.06,
                                            "Plan Rows": 1,
                                            "Plan Width": 4,
                                            "Actual Startup Time": 0.027,
                                            "Actual Total Time": 0.028,
                                            "Actual Rows": 1,
                                            "Actual Loops": 1,
                                            "Sort Key": [
                                              "cct1.id"
                                            ],
                                            "Sort Method": "quicksort",
                                            "Sort Space Used": 25,
                                            "Sort Space Type": "Memory",
                                            "Plans": [
                                              {
                                                "Node Type": "Seq Scan",
                                                "Parent Relationship": "Outer",
                                                "Parallel Aware": false,
                                                "Relation Name": "comp_cast_type",
                                                "Alias": "cct1",
                                                "Startup Cost": 0.0,
                                                "Total Cost": 1.05,
                                                "Plan Rows": 1,
                                                "Plan Width": 4,
                                                "Actual Startup Time": 0.016,
                                                "Actual Total Time": 0.017,
                                                "Actual Rows": 1,
                                                "Actual Loops": 1,
                                                "Filter": "((kind)::text = 'cast'::text)",
                                                "Rows Removed by Filter": 3
                                              }
                                            ]
                                          }
                                        ]
                                      }
                                    ]
                                  },
                                  {
                                    "Node Type": "Sort",
                                    "Parent Relationship": "Inner",
                                    "Parallel Aware": false,
                                    "Startup Cost": 1.1,
                                    "Total Cost": 1.1,
                                    "Plan Rows": 1,
                                    "Plan Width": 4,
                                    "Actual Startup Time": 0.011,
                                    "Actual Total Time": 0.012,
                                    "Actual Rows": 1,
                                    "Actual Loops": 1,
                                    "Sort Key": [
                                      "kt.id"
                                    ],
                                    "Sort Method": "quicksort",
                                    "Sort Space Used": 25,
                                    "Sort Space Type": "Memory",
                                    "Plans": [
                                      {
                                        "Node Type": "Seq Scan",
                                        "Parent Relationship": "Outer",
                                        "Parallel Aware": false,
                                        "Relation Name": "kind_type",
                                        "Alias": "kt",
                                        "Startup Cost": 0.0,
                                        "Total Cost": 1.09,
                                        "Plan Rows": 1,
                                        "Plan Width": 4,
                                        "Actual Startup Time": 0.007,
                                        "Actual Total Time": 0.008,
                                        "Actual Rows": 1,
                                        "Actual Loops": 1,
                                        "Filter": "((kind)::text = 'movie'::text)",
                                        "Rows Removed by Filter": 6
                                      }
                                    ]
                                  }
                                ]
                              }
                            ]
                          }
                        ]
                      }
                    ]
                  },
                  {
                    "Node Type": "Sort",
                    "Parent Relationship": "Inner",
                    "Parallel Aware": false,
                    "Startup Cost": 3632.52,
                    "Total Cost": 3632.54,
                    "Plan Rows": 8,
                    "Plan Width": 4,
                    "Actual Startup Time": 21.232,
                    "Actual Total Time": 21.233,
                    "Actual Rows": 8,
                    "Actual Loops": 1,
                    "Sort Key": [
                      "k.id"
                    ],
                    "Sort Method": "quicksort",
                    "Sort Space Used": 25,
                    "Sort Space Type": "Memory",
                    "Plans": [
                      {
                        "Node Type": "Seq Scan",
                        "Parent Relationship": "Outer",
                        "Parallel Aware": false,
                        "Relation Name": "keyword",
                        "Alias": "k",
                        "Startup Cost": 0.0,
                        "Total Cost": 3632.4,
                        "Plan Rows": 8,
                        "Plan Width": 4,
                        "Actual Startup Time": 0.086,
                        "Actual Total Time": 21.222,
                        "Actual Rows": 8,
                        "Actual Loops": 1,
                        "Filter": "(keyword = ANY ('{superhero,sequel,second-part,marvel-comics,based-on-comic,tv-special,fight,violence}'::text[]))",
                        "Rows Removed by Filter": 134162
                      }
                    ]
                  }
                ]
              }
            ]
          }
        ]
      }
    ]
  },
  "Planning Time": 3.245,
  "Triggers": [],
  "Execution Time": 9801.897
}