{
  "Plan": {
    "Node Type": "Aggregate",
    "Strategy": "Plain",
    "Partial Mode": "Finalize",
    "Parallel Aware": false,
    "Startup Cost": 634309.74,
    "Total Cost": 634309.75,
    "Plan Rows": 1,
    "Plan Width": 8,
    "Actual Startup Time": 1809.084,
    "Actual Total Time": 1837.157,
    "Actual Rows": 1,
    "Actual Loops": 1,
    "Plans": [
      {
        "Node Type": "Gather",
        "Parent Relationship": "Outer",
        "Parallel Aware": false,
        "Startup Cost": 634309.62,
        "Total Cost": 634309.73,
        "Plan Rows": 1,
        "Plan Width": 8,
        "Actual Startup Time": 1808.376,
        "Actual Total Time": 1837.149,
        "Actual Rows": 2,
        "Actual Loops": 1,
        "Workers Planned": 1,
        "Workers Launched": 1,
        "Single Copy": false,
        "Plans": [
          {
            "Node Type": "Aggregate",
            "Strategy": "Plain",
            "Partial Mode": "Partial",
            "Parent Relationship": "Outer",
            "Parallel Aware": false,
            "Startup Cost": 633309.62,
            "Total Cost": 633309.63,
            "Plan Rows": 1,
            "Plan Width": 8,
            "Actual Startup Time": 1802.443,
            "Actual Total Time": 1802.448,
            "Actual Rows": 1,
            "Actual Loops": 2,
            "Plans": [
              {
                "Node Type": "Hash Join",
                "Parent Relationship": "Outer",
                "Parallel Aware": true,
                "Join Type": "Inner",
                "Startup Cost": 277639.19,
                "Total Cost": 632873.54,
                "Plan Rows": 174432,
                "Plan Width": 0,
                "Actual Startup Time": 625.534,
                "Actual Total Time": 1794.923,
                "Actual Rows": 149708,
                "Actual Loops": 2,
                "Inner Unique": true,
                "Hash Cond": "(ci.movie_id = t.id)",
                "Plans": [
                  {
                    "Node Type": "Bitmap Heap Scan",
                    "Parent Relationship": "Outer",
                    "Parallel Aware": true,
                    "Relation Name": "cast_info",
                    "Alias": "ci",
                    "Startup Cost": 222423.07,
                    "Total Cost": 564097.17,
                    "Plan Rows": 5165800,
                    "Plan Width": 4,
                    "Actual Startup Time": 478.339,
                    "Actual Total Time": 1150.855,
                    "Actual Rows": 4859501,
                    "Actual Loops": 2,
                    "Recheck Cond": "(person_id < 997645)",
                    "Rows Removed by Index Recheck": 0,
                    "Filter": "(role_id < 10)",
                    "Rows Removed by Filter": 217849,
                    "Exact Heap Blocks": 59329,
                    "Lossy Heap Blocks": 0,
                    "Plans": [
                      {
                        "Node Type": "Bitmap Index Scan",
                        "Parent Relationship": "Outer",
                        "Parallel Aware": false,
                        "Index Name": "person_id_cast_info",
                        "Startup Cost": 0.0,
                        "Total Cost": 220227.6,
                        "Plan Rows": 10085205,
                        "Plan Width": 0,
                        "Actual Startup Time": 456.967,
                        "Actual Total Time": 456.968,
                        "Actual Rows": 10154700,
                        "Actual Loops": 1,
                        "Index Cond": "(person_id < 997645)"
                      }
                    ]
                  },
                  {
                    "Node Type": "Hash",
                    "Parent Relationship": "Inner",
                    "Parallel Aware": true,
                    "Startup Cost": 54588.39,
                    "Total Cost": 54588.39,
                    "Plan Rows": 50219,
                    "Plan Width": 4,
                    "Actual Startup Time": 144.903,
                    "Actual Total Time": 144.904,
                    "Actual Rows": 42296,
                    "Actual Loops": 2,
                    "Hash Buckets": 131072,
                    "Original Hash Buckets": 131072,
                    "Hash Batches": 1,
                    "Original Hash Batches": 1,
                    "Peak Memory Usage": 4384,
                    "Plans": [
                      {
                        "Node Type": "Seq Scan",
                        "Parent Relationship": "Outer",
                        "Parallel Aware": true,
                        "Relation Name": "title",
                        "Alias": "t",
                        "Startup Cost": 0.0,
                        "Total Cost": 54588.39,
                        "Plan Rows": 50219,
                        "Plan Width": 4,
                        "Actual Startup Time": 0.034,
                        "Actual Total Time": 132.042,
                        "Actual Rows": 42296,
                        "Actual Loops": 2,
                        "Filter": "(production_year = 2004)",
                        "Rows Removed by Filter": 1221860
                      }
                    ]
                  }
                ]
              }
            ]
          }
        ]
      }
    ]
  },
  "Planning Time": 0.495,
  "Triggers": [],
  "Execution Time": 1837.254
}