[
  {
    "Plan": {
      "Node Type": "Aggregate",
      "Strategy": "Plain",
      "Partial Mode": "Finalize",
      "Parallel Aware": false,
      "Startup Cost": 333058.21,
      "Total Cost": 333058.22,
      "Plan Rows": 1,
      "Plan Width": 8,
      "Actual Startup Time": 719.067,
      "Actual Total Time": 783.758,
      "Actual Rows": 1,
      "Actual Loops": 1,
      "Plans": [
        {
          "Node Type": "Gather",
          "Parent Relationship": "Outer",
          "Parallel Aware": false,
          "Startup Cost": 333057.58,
          "Total Cost": 333058.19,
          "Plan Rows": 6,
          "Plan Width": 8,
          "Actual Startup Time": 718.866,
          "Actual Total Time": 783.742,
          "Actual Rows": 7,
          "Actual Loops": 1,
          "Workers Planned": 6,
          "Workers Launched": 6,
          "Single Copy": false,
          "Plans": [
            {
              "Node Type": "Aggregate",
              "Strategy": "Plain",
              "Partial Mode": "Partial",
              "Parent Relationship": "Outer",
              "Parallel Aware": false,
              "Startup Cost": 332057.58,
              "Total Cost": 332057.59,
              "Plan Rows": 1,
              "Plan Width": 8,
              "Actual Startup Time": 709.373,
              "Actual Total Time": 709.374,
              "Actual Rows": 1,
              "Actual Loops": 7,
              "Plans": [
                {
                  "Node Type": "Seq Scan",
                  "Parent Relationship": "Outer",
                  "Parallel Aware": true,
                  "Relation Name": "cast_info",
                  "Alias": "ci",
                  "Startup Cost": 0.0,
                  "Total Cost": 328211.39,
                  "Plan Rows": 1538476,
                  "Plan Width": 0,
                  "Actual Startup Time": 0.042,
                  "Actual Total Time": 633.391,
                  "Actual Rows": 1324325,
                  "Actual Loops": 7,
                  "Filter": "(person_id < 912845)",
                  "Rows Removed by Filter": 3853439
                }
              ]
            }
          ]
        }
      ]
    },
    "Planning Time": 0.176,
    "Triggers": [],
    "Execution Time": 783.831
  }
]