[
  {
    "Plan": {
      "Node Type": "Aggregate",
      "Strategy": "Plain",
      "Partial Mode": "Finalize",
      "Parallel Aware": false,
      "Startup Cost": 32870.97,
      "Total Cost": 32870.98,
      "Plan Rows": 1,
      "Plan Width": 8,
      "Actual Startup Time": 88.571,
      "Actual Total Time": 97.231,
      "Actual Rows": 1,
      "Actual Loops": 1,
      "Plans": [
        {
          "Node Type": "Gather",
          "Parent Relationship": "Outer",
          "Parallel Aware": false,
          "Startup Cost": 32870.65,
          "Total Cost": 32870.96,
          "Plan Rows": 3,
          "Plan Width": 8,
          "Actual Startup Time": 88.436,
          "Actual Total Time": 97.222,
          "Actual Rows": 4,
          "Actual Loops": 1,
          "Workers Planned": 3,
          "Workers Launched": 3,
          "Single Copy": false,
          "Plans": [
            {
              "Node Type": "Aggregate",
              "Strategy": "Plain",
              "Partial Mode": "Partial",
              "Parent Relationship": "Outer",
              "Parallel Aware": false,
              "Startup Cost": 31870.65,
              "Total Cost": 31870.66,
              "Plan Rows": 1,
              "Plan Width": 8,
              "Actual Startup Time": 83.088,
              "Actual Total Time": 83.09,
              "Actual Rows": 1,
              "Actual Loops": 4,
              "Plans": [
                {
                  "Node Type": "Seq Scan",
                  "Parent Relationship": "Outer",
                  "Parallel Aware": true,
                  "Relation Name": "movie_companies",
                  "Alias": "mc",
                  "Startup Cost": 0.0,
                  "Total Cost": 31414.82,
                  "Plan Rows": 182332,
                  "Plan Width": 0,
                  "Actual Startup Time": 15.937,
                  "Actual Total Time": 79.189,
                  "Actual Rows": 69801,
                  "Actual Loops": 4,
                  "Filter": "((company_id > 13165) AND (company_type_id < 2))",
                  "Rows Removed by Filter": 582481
                }
              ]
            }
          ]
        }
      ]
    },
    "Planning Time": 0.14,
    "Triggers": [],
    "Execution Time": 97.268
  }
]