{
    "Plan": {
        "Node Type": "Aggregate",
        "Strategy": "Plain",
        "Partial Mode": "Simple",
        "Parallel Aware": false,
        "Startup Cost": 18945.96,
        "Total Cost": 18945.97,
        "Plan Rows": 1,
        "Plan Width": 8,
        "Actual Startup Time": 114.595,
        "Actual Total Time": 114.597,
        "Actual Rows": 1,
        "Actual Loops": 1,
        "Output": [
            "count(*)"
        ],
        "Plans": [
            {
                "Node Type": "Nested Loop",
                "Parent Relationship": "Outer",
                "Parallel Aware": false,
                "Join Type": "Inner",
                "Startup Cost": 1.42,
                "Total Cost": 18901.44,
                "Plan Rows": 17809,
                "Plan Width": 0,
                "Actual Startup Time": 48.194,
                "Actual Total Time": 112.205,
                "Actual Rows": 21273,
                "Actual Loops": 1,
                "Inner Unique": false,
                "Plans": [
                    {
                        "Node Type": "Nested Loop",
                        "Parent Relationship": "Outer",
                        "Parallel Aware": false,
                        "Join Type": "Inner",
                        "Startup Cost": 0.86,
                        "Total Cost": 16149.68,
                        "Plan Rows": 1242,
                        "Plan Width": 8,
                        "Actual Startup Time": 48.167,
                        "Actual Total Time": 67.936,
                        "Actual Rows": 1033,
                        "Actual Loops": 1,
                        "Output": [
                            "t.id",
                            "mc.movie_id"
                        ],
                        "Inner Unique": true,
                        "Plans": [
                            {
                                "Node Type": "Index Scan",
                                "Parent Relationship": "Outer",
                                "Parallel Aware": false,
                                "Scan Direction": "Forward",
                                "Index Name": "company_id_movie_companies",
                                "Relation Name": "movie_companies",
                                "Schema": "public",
                                "Alias": "mc",
                                "Startup Cost": 0.43,
                                "Total Cost": 6061.88,
                                "Plan Rows": 1242,
                                "Plan Width": 4,
                                "Actual Startup Time": 48.123,
                                "Actual Total Time": 60.612,
                                "Actual Rows": 1033,
                                "Actual Loops": 1,
                                "Output": [
                                    "mc.id",
                                    "mc.movie_id",
                                    "mc.company_id",
                                    "mc.company_type_id",
                                    "mc.note"
                                ],
                                "Index Cond": "(mc.company_id = 228)",
                                "Rows Removed by Index Recheck": 0,
                                "Filter": "(mc.company_type_id = 2)",
                                "Rows Removed by Filter": 1643
                            },
                            {
                                "Node Type": "Index Only Scan",
                                "Parent Relationship": "Inner",
                                "Parallel Aware": false,
                                "Scan Direction": "Forward",
                                "Index Name": "title_pkey",
                                "Relation Name": "title",
                                "Schema": "public",
                                "Alias": "t",
                                "Startup Cost": 0.43,
                                "Total Cost": 8.12,
                                "Plan Rows": 1,
                                "Plan Width": 4,
                                "Actual Startup Time": 0.006,
                                "Actual Total Time": 0.006,
                                "Actual Rows": 1,
                                "Actual Loops": 1033,
                                "Output": [
                                    "t.id"
                                ],
                                "Index Cond": "(t.id = mc.movie_id)",
                                "Rows Removed by Index Recheck": 0,
                                "Heap Fetches": 1033
                            }
                        ]
                    },
                    {
                        "Node Type": "Index Only Scan",
                        "Parent Relationship": "Inner",
                        "Parallel Aware": false,
                        "Scan Direction": "Forward",
                        "Index Name": "movie_id_cast_info",
                        "Relation Name": "cast_info",
                        "Schema": "public",
                        "Alias": "ci",
                        "Startup Cost": 0.56,
                        "Total Cost": 1.84,
                        "Plan Rows": 38,
                        "Plan Width": 4,
                        "Actual Startup Time": 0.009,
                        "Actual Total Time": 0.039,
                        "Actual Rows": 21,
                        "Actual Loops": 1033,
                        "Output": [
                            "ci.movie_id"
                        ],
                        "Index Cond": "(ci.movie_id = t.id)",
                        "Rows Removed by Index Recheck": 0,
                        "Heap Fetches": 21273
                    }
                ]
            }
        ]
    },
    "Planning Time": 1.604,
    "Triggers": [],
    "Execution Time": 114.67
}