[
  {
    "Plan": {
      "Node Type": "Aggregate",
      "Strategy": "Plain",
      "Partial Mode": "Simple",
      "Parallel Aware": false,
      "Startup Cost": 6264.95,
      "Total Cost": 6264.96,
      "Plan Rows": 1,
      "Plan Width": 8,
      "Actual Startup Time": 1.984,
      "Actual Total Time": 1.984,
      "Actual Rows": 1,
      "Actual Loops": 1,
      "Plans": [
        {
          "Node Type": "Index Only Scan",
          "Parent Relationship": "Outer",
          "Parallel Aware": false,
          "Scan Direction": "Forward",
          "Index Name": "company_id_movie_companies",
          "Relation Name": "movie_companies",
          "Alias": "mc",
          "Startup Cost": 0.43,
          "Total Cost": 6258.65,
          "Plan Rows": 2522,
          "Plan Width": 0,
          "Actual Startup Time": 0.033,
          "Actual Total Time": 1.861,
          "Actual Rows": 2008,
          "Actual Loops": 1,
          "Index Cond": "(company_id = 11245)",
          "Rows Removed by Index Recheck": 0,
          "Heap Fetches": 2008
        }
      ]
    },
    "Planning Time": 0.076,
    "Triggers": [],
    "Execution Time": 2.001
  }
]