[
    {
        "Bao": {
            "Bao prediction": "NaN",
            "Bao recommended hint": "(no hint)"
        }
    },
    {
        "Plan": {
            "Node Type": "Aggregate",
            "Strategy": "Plain",
            "Partial Mode": "Finalize",
            "Parallel Aware": false,
            "Startup Cost": 32745.79,
            "Total Cost": 32745.8,
            "Plan Rows": 1,
            "Plan Width": 8,
            "Actual Startup Time": 98.782,
            "Actual Total Time": 105.334,
            "Actual Rows": 1,
            "Actual Loops": 1,
            "Output": [
                "count(*)"
            ],
            "Plans": [
                {
                    "Node Type": "Gather",
                    "Parent Relationship": "Outer",
                    "Parallel Aware": false,
                    "Startup Cost": 32745.47,
                    "Total Cost": 32745.78,
                    "Plan Rows": 3,
                    "Plan Width": 8,
                    "Actual Startup Time": 98.457,
                    "Actual Total Time": 105.325,
                    "Actual Rows": 4,
                    "Actual Loops": 1,
                    "Output": [
                        "(PARTIAL count(*))"
                    ],
                    "Workers Planned": 3,
                    "Workers Launched": 3,
                    "Single Copy": false,
                    "Plans": [
                        {
                            "Node Type": "Aggregate",
                            "Strategy": "Plain",
                            "Partial Mode": "Partial",
                            "Parent Relationship": "Outer",
                            "Parallel Aware": false,
                            "Startup Cost": 31745.47,
                            "Total Cost": 31745.48,
                            "Plan Rows": 1,
                            "Plan Width": 8,
                            "Actual Startup Time": 90.038,
                            "Actual Total Time": 90.04,
                            "Actual Rows": 1,
                            "Actual Loops": 4,
                            "Output": [
                                "PARTIAL count(*)"
                            ],
                            "Workers": [
                                {
                                    "Worker Number": 0,
                                    "Actual Startup Time": 87.845,
                                    "Actual Total Time": 87.847,
                                    "Actual Rows": 1,
                                    "Actual Loops": 1
                                },
                                {
                                    "Worker Number": 1,
                                    "Actual Startup Time": 87.283,
                                    "Actual Total Time": 87.285,
                                    "Actual Rows": 1,
                                    "Actual Loops": 1
                                },
                                {
                                    "Worker Number": 2,
                                    "Actual Startup Time": 87.557,
                                    "Actual Total Time": 87.558,
                                    "Actual Rows": 1,
                                    "Actual Loops": 1
                                }
                            ],
                            "Plans": [
                                {
                                    "Node Type": "Bitmap Heap Scan",
                                    "Parent Relationship": "Outer",
                                    "Parallel Aware": true,
                                    "Relation Name": "movie_keyword",
                                    "Schema": "public",
                                    "Alias": "mk",
                                    "Startup Cost": 5937.32,
                                    "Total Cost": 31519.78,
                                    "Plan Rows": 90276,
                                    "Plan Width": 0,
                                    "Actual Startup Time": 22.153,
                                    "Actual Total Time": 84.573,
                                    "Actual Rows": 69603,
                                    "Actual Loops": 4,
                                    "Recheck Cond": "(mk.keyword_id > 57105)",
                                    "Rows Removed by Index Recheck": 0,
                                    "Exact Heap Blocks": 9130,
                                    "Lossy Heap Blocks": 0,
                                    "Workers": [
                                        {
                                            "Worker Number": 0,
                                            "Actual Startup Time": 19.997,
                                            "Actual Total Time": 83.223,
                                            "Actual Rows": 60407,
                                            "Actual Loops": 1
                                        },
                                        {
                                            "Worker Number": 1,
                                            "Actual Startup Time": 19.538,
                                            "Actual Total Time": 83.021,
                                            "Actual Rows": 43119,
                                            "Actual Loops": 1
                                        },
                                        {
                                            "Worker Number": 2,
                                            "Actual Startup Time": 19.689,
                                            "Actual Total Time": 83.021,
                                            "Actual Rows": 58984,
                                            "Actual Loops": 1
                                        }
                                    ],
                                    "Plans": [
                                        {
                                            "Node Type": "Bitmap Index Scan",
                                            "Parent Relationship": "Outer",
                                            "Parallel Aware": false,
                                            "Index Name": "keyword_id_movie_keyword",
                                            "Startup Cost": 0.0,
                                            "Total Cost": 5867.36,
                                            "Plan Rows": 279857,
                                            "Plan Width": 0,
                                            "Actual Startup Time": 24.39,
                                            "Actual Total Time": 24.391,
                                            "Actual Rows": 278411,
                                            "Actual Loops": 1,
                                            "Index Cond": "(mk.keyword_id > 57105)"
                                        }
                                    ]
                                }
                            ]
                        }
                    ]
                }
            ]
        },
        "Planning Time": 295.266,
        "Triggers": [],
        "Execution Time": 105.387
    }
]