[
    {
        "Bao": {
            "Bao prediction": 565.237,
            "Bao recommended hint": "(no hint)"
        }
    },
    {
        "Plan": {
            "Node Type": "Aggregate",
            "Strategy": "Plain",
            "Partial Mode": "Simple",
            "Parallel Aware": false,
            "Startup Cost": 26972.8,
            "Total Cost": 26972.81,
            "Plan Rows": 1,
            "Plan Width": 8,
            "Actual Startup Time": 46.31,
            "Actual Total Time": 46.311,
            "Actual Rows": 1,
            "Actual Loops": 1,
            "Output": [
                "count(*)"
            ],
            "Plans": [
                {
                    "Node Type": "Bitmap Heap Scan",
                    "Parent Relationship": "Outer",
                    "Parallel Aware": false,
                    "Relation Name": "movie_keyword",
                    "Schema": "public",
                    "Alias": "mk",
                    "Startup Cost": 736.06,
                    "Total Cost": 26886.47,
                    "Plan Rows": 34533,
                    "Plan Width": 0,
                    "Actual Startup Time": 17.456,
                    "Actual Total Time": 43.827,
                    "Actual Rows": 34710,
                    "Actual Loops": 1,
                    "Recheck Cond": "(mk.keyword_id = 2488)",
                    "Rows Removed by Index Recheck": 0,
                    "Exact Heap Blocks": 14170,
                    "Lossy Heap Blocks": 0,
                    "Plans": [
                        {
                            "Node Type": "Bitmap Index Scan",
                            "Parent Relationship": "Outer",
                            "Parallel Aware": false,
                            "Index Name": "keyword_id_movie_keyword",
                            "Startup Cost": 0.0,
                            "Total Cost": 727.43,
                            "Plan Rows": 34533,
                            "Plan Width": 0,
                            "Actual Startup Time": 11.51,
                            "Actual Total Time": 11.51,
                            "Actual Rows": 34710,
                            "Actual Loops": 1,
                            "Index Cond": "(mk.keyword_id = 2488)"
                        }
                    ]
                }
            ]
        },
        "Planning Time": 1030.029,
        "Triggers": [],
        "Execution Time": 46.39
    }
]