[
  {
    "Plan": {
      "Node Type": "Aggregate",
      "Strategy": "Plain",
      "Partial Mode": "Finalize",
      "Parallel Aware": false,
      "Startup Cost": 32113.13,
      "Total Cost": 32113.14,
      "Plan Rows": 1,
      "Plan Width": 8,
      "Actual Startup Time": 130.764,
      "Actual Total Time": 140.964,
      "Actual Rows": 1,
      "Actual Loops": 1,
      "Plans": [
        {
          "Node Type": "Gather",
          "Parent Relationship": "Outer",
          "Parallel Aware": false,
          "Startup Cost": 32112.81,
          "Total Cost": 32113.12,
          "Plan Rows": 3,
          "Plan Width": 8,
          "Actual Startup Time": 130.622,
          "Actual Total Time": 140.955,
          "Actual Rows": 4,
          "Actual Loops": 1,
          "Workers Planned": 3,
          "Workers Launched": 3,
          "Single Copy": false,
          "Plans": [
            {
              "Node Type": "Aggregate",
              "Strategy": "Plain",
              "Partial Mode": "Partial",
              "Parent Relationship": "Outer",
              "Parallel Aware": false,
              "Startup Cost": 31112.81,
              "Total Cost": 31112.82,
              "Plan Rows": 1,
              "Plan Width": 8,
              "Actual Startup Time": 124.954,
              "Actual Total Time": 124.955,
              "Actual Rows": 1,
              "Actual Loops": 4,
              "Plans": [
                {
                  "Node Type": "Seq Scan",
                  "Parent Relationship": "Outer",
                  "Parallel Aware": true,
                  "Relation Name": "movie_companies",
                  "Alias": "mc",
                  "Startup Cost": 0.0,
                  "Total Cost": 29310.68,
                  "Plan Rows": 720853,
                  "Plan Width": 0,
                  "Actual Startup Time": 0.113,
                  "Actual Total Time": 95.174,
                  "Actual Rows": 559021,
                  "Actual Loops": 4,
                  "Filter": "(company_id > 207)",
                  "Rows Removed by Filter": 93261
                }
              ]
            }
          ]
        }
      ]
    },
    "Planning Time": 0.193,
    "Triggers": [],
    "Execution Time": 141.019
  }
]