[
  {
    "Plan": {
      "Node Type": "Aggregate",
      "Strategy": "Plain",
      "Partial Mode": "Finalize",
      "Parallel Aware": false,
      "Startup Cost": 348535.64,
      "Total Cost": 348535.65,
      "Plan Rows": 1,
      "Plan Width": 8,
      "Actual Startup Time": 666.707,
      "Actual Total Time": 711.878,
      "Actual Rows": 1,
      "Actual Loops": 1,
      "Plans": [
        {
          "Node Type": "Gather",
          "Parent Relationship": "Outer",
          "Parallel Aware": false,
          "Startup Cost": 348535.02,
          "Total Cost": 348535.63,
          "Plan Rows": 6,
          "Plan Width": 8,
          "Actual Startup Time": 666.375,
          "Actual Total Time": 711.86,
          "Actual Rows": 7,
          "Actual Loops": 1,
          "Workers Planned": 6,
          "Workers Launched": 6,
          "Single Copy": false,
          "Plans": [
            {
              "Node Type": "Aggregate",
              "Strategy": "Plain",
              "Partial Mode": "Partial",
              "Parent Relationship": "Outer",
              "Parallel Aware": false,
              "Startup Cost": 347535.02,
              "Total Cost": 347535.03,
              "Plan Rows": 1,
              "Plan Width": 8,
              "Actual Startup Time": 657.302,
              "Actual Total Time": 657.305,
              "Actual Rows": 1,
              "Actual Loops": 7,
              "Plans": [
                {
                  "Node Type": "Seq Scan",
                  "Parent Relationship": "Outer",
                  "Parallel Aware": true,
                  "Relation Name": "cast_info",
                  "Alias": "ci",
                  "Startup Cost": 0.0,
                  "Total Cost": 343316.27,
                  "Plan Rows": 1687499,
                  "Plan Width": 0,
                  "Actual Startup Time": 228.841,
                  "Actual Total Time": 626.065,
                  "Actual Rows": 629207,
                  "Actual Loops": 7,
                  "Filter": "((person_id < 1555245) AND (role_id > 1))",
                  "Rows Removed by Filter": 4548556
                }
              ]
            }
          ]
        }
      ]
    },
    "Planning Time": 0.107,
    "Triggers": [],
    "Execution Time": 711.917
  }
]