[
  {
    "Plan": {
      "Node Type": "Aggregate",
      "Strategy": "Plain",
      "Partial Mode": "Finalize",
      "Parallel Aware": false,
      "Startup Cost": 31406.07,
      "Total Cost": 31406.08,
      "Plan Rows": 1,
      "Plan Width": 8,
      "Actual Startup Time": 102.958,
      "Actual Total Time": 111.404,
      "Actual Rows": 1,
      "Actual Loops": 1,
      "Plans": [
        {
          "Node Type": "Gather",
          "Parent Relationship": "Outer",
          "Parallel Aware": false,
          "Startup Cost": 31405.75,
          "Total Cost": 31406.06,
          "Plan Rows": 3,
          "Plan Width": 8,
          "Actual Startup Time": 102.79,
          "Actual Total Time": 111.395,
          "Actual Rows": 4,
          "Actual Loops": 1,
          "Workers Planned": 3,
          "Workers Launched": 3,
          "Single Copy": false,
          "Plans": [
            {
              "Node Type": "Aggregate",
              "Strategy": "Plain",
              "Partial Mode": "Partial",
              "Parent Relationship": "Outer",
              "Parallel Aware": false,
              "Startup Cost": 30405.75,
              "Total Cost": 30405.76,
              "Plan Rows": 1,
              "Plan Width": 8,
              "Actual Startup Time": 97.292,
              "Actual Total Time": 97.293,
              "Actual Rows": 1,
              "Actual Loops": 4,
              "Plans": [
                {
                  "Node Type": "Seq Scan",
                  "Parent Relationship": "Outer",
                  "Parallel Aware": true,
                  "Relation Name": "movie_companies",
                  "Alias": "mc",
                  "Startup Cost": 0.0,
                  "Total Cost": 29310.68,
                  "Plan Rows": 438029,
                  "Plan Width": 0,
                  "Actual Startup Time": 0.025,
                  "Actual Total Time": 79.015,
                  "Actual Rows": 341635,
                  "Actual Loops": 4,
                  "Filter": "(company_id < 11757)",
                  "Rows Removed by Filter": 310648
                }
              ]
            }
          ]
        }
      ]
    },
    "Planning Time": 0.257,
    "Triggers": [],
    "Execution Time": 111.467
  }
]