[
  {
    "Plan": {
      "Node Type": "Aggregate",
      "Strategy": "Plain",
      "Partial Mode": "Simple",
      "Parallel Aware": false,
      "Startup Cost": 21241.47,
      "Total Cost": 21241.48,
      "Plan Rows": 1,
      "Plan Width": 8,
      "Actual Startup Time": 38.433,
      "Actual Total Time": 38.434,
      "Actual Rows": 1,
      "Actual Loops": 1,
      "Plans": [
        {
          "Node Type": "Bitmap Heap Scan",
          "Parent Relationship": "Outer",
          "Parallel Aware": false,
          "Relation Name": "movie_companies",
          "Alias": "mc",
          "Startup Cost": 1398.96,
          "Total Cost": 21162.16,
          "Plan Rows": 31722,
          "Plan Width": 0,
          "Actual Startup Time": 9.912,
          "Actual Total Time": 33.032,
          "Actual Rows": 55497,
          "Actual Loops": 1,
          "Recheck Cond": "(company_id = 6)",
          "Rows Removed by Index Recheck": 0,
          "Filter": "(company_type_id = 1)",
          "Rows Removed by Filter": 6578,
          "Exact Heap Blocks": 4954,
          "Lossy Heap Blocks": 0,
          "Plans": [
            {
              "Node Type": "Bitmap Index Scan",
              "Parent Relationship": "Outer",
              "Parallel Aware": false,
              "Index Name": "company_id_movie_companies",
              "Startup Cost": 0.0,
              "Total Cost": 1391.03,
              "Plan Rows": 64880,
              "Plan Width": 0,
              "Actual Startup Time": 7.77,
              "Actual Total Time": 7.77,
              "Actual Rows": 62075,
              "Actual Loops": 1,
              "Index Cond": "(company_id = 6)"
            }
          ]
        }
      ]
    },
    "Planning Time": 0.219,
    "Triggers": [],
    "Execution Time": 38.498
  }
]