{
  "Plan": {
    "Node Type": "Aggregate",
    "Strategy": "Plain",
    "Partial Mode": "Finalize",
    "Parallel Aware": false,
    "Startup Cost": 459407.04,
    "Total Cost": 459407.05,
    "Plan Rows": 1,
    "Plan Width": 8,
    "Actual Startup Time": 4905.401,
    "Actual Total Time": 4958.693,
    "Actual Rows": 1,
    "Actual Loops": 1,
    "Plans": [
      {
        "Node Type": "Gather",
        "Parent Relationship": "Outer",
        "Parallel Aware": false,
        "Startup Cost": 459406.93,
        "Total Cost": 459407.04,
        "Plan Rows": 1,
        "Plan Width": 8,
        "Actual Startup Time": 4898.282,
        "Actual Total Time": 4958.683,
        "Actual Rows": 2,
        "Actual Loops": 1,
        "Workers Planned": 1,
        "Workers Launched": 1,
        "Single Copy": false,
        "Plans": [
          {
            "Node Type": "Aggregate",
            "Strategy": "Plain",
            "Partial Mode": "Partial",
            "Parent Relationship": "Outer",
            "Parallel Aware": false,
            "Startup Cost": 458406.93,
            "Total Cost": 458406.94,
            "Plan Rows": 1,
            "Plan Width": 8,
            "Actual Startup Time": 4890.896,
            "Actual Total Time": 4890.901,
            "Actual Rows": 1,
            "Actual Loops": 2,
            "Plans": [
              {
                "Node Type": "Hash Join",
                "Parent Relationship": "Outer",
                "Parallel Aware": true,
                "Join Type": "Inner",
                "Startup Cost": 116183.62,
                "Total Cost": 451842.97,
                "Plan Rows": 2625581,
                "Plan Width": 0,
                "Actual Startup Time": 796.139,
                "Actual Total Time": 4617.292,
                "Actual Rows": 6805425,
                "Actual Loops": 2,
                "Inner Unique": false,
                "Hash Cond": "(t.id = mc.movie_id)",
                "Plans": [
                  {
                    "Node Type": "Hash Join",
                    "Parent Relationship": "Outer",
                    "Parallel Aware": true,
                    "Join Type": "Inner",
                    "Startup Cost": 69460.7,
                    "Total Cost": 354803.4,
                    "Plan Rows": 5579529,
                    "Plan Width": 8,
                    "Actual Startup Time": 492.461,
                    "Actual Total Time": 2729.975,
                    "Actual Rows": 4782576,
                    "Actual Loops": 2,
                    "Inner Unique": true,
                    "Hash Cond": "(mi.movie_id = t.id)",
                    "Plans": [
                      {
                        "Node Type": "Seq Scan",
                        "Parent Relationship": "Outer",
                        "Parallel Aware": true,
                        "Relation Name": "movie_info",
                        "Alias": "mi",
                        "Startup Cost": 0.0,
                        "Total Cost": 270696.42,
                        "Plan Rows": 5579529,
                        "Plan Width": 4,
                        "Actual Startup Time": 0.016,
                        "Actual Total Time": 726.963,
                        "Actual Rows": 4782576,
                        "Actual Loops": 2,
                        "Filter": "(info_type_id < 16)",
                        "Rows Removed by Filter": 2635284
                      },
                      {
                        "Node Type": "Hash",
                        "Parent Relationship": "Inner",
                        "Parallel Aware": true,
                        "Startup Cost": 50870.31,
                        "Total Cost": 50870.31,
                        "Plan Rows": 1487231,
                        "Plan Width": 4,
                        "Actual Startup Time": 481.533,
                        "Actual Total Time": 481.534,
                        "Actual Rows": 1264156,
                        "Actual Loops": 2,
                        "Hash Buckets": 4194304,
                        "Original Hash Buckets": 4194304,
                        "Hash Batches": 1,
                        "Original Hash Batches": 1,
                        "Peak Memory Usage": 131680,
                        "Plans": [
                          {
                            "Node Type": "Seq Scan",
                            "Parent Relationship": "Outer",
                            "Parallel Aware": true,
                            "Relation Name": "title",
                            "Alias": "t",
                            "Startup Cost": 0.0,
                            "Total Cost": 50870.31,
                            "Plan Rows": 1487231,
                            "Plan Width": 4,
                            "Actual Startup Time": 0.023,
                            "Actual Total Time": 145.785,
                            "Actual Rows": 1264156,
                            "Actual Loops": 2
                          }
                        ]
                      }
                    ]
                  },
                  {
                    "Node Type": "Hash",
                    "Parent Relationship": "Inner",
                    "Parallel Aware": true,
                    "Startup Cost": 37974.77,
                    "Total Cost": 37974.77,
                    "Plan Rows": 699852,
                    "Plan Width": 4,
                    "Actual Startup Time": 283.971,
                    "Actual Total Time": 283.971,
                    "Actual Rows": 596798,
                    "Actual Loops": 2,
                    "Hash Buckets": 2097152,
                    "Original Hash Buckets": 2097152,
                    "Hash Batches": 1,
                    "Original Hash Batches": 1,
                    "Peak Memory Usage": 63104,
                    "Plans": [
                      {
                        "Node Type": "Seq Scan",
                        "Parent Relationship": "Outer",
                        "Parallel Aware": true,
                        "Relation Name": "movie_companies",
                        "Alias": "mc",
                        "Startup Cost": 0.0,
                        "Total Cost": 37974.77,
                        "Plan Rows": 699852,
                        "Plan Width": 4,
                        "Actual Startup Time": 25.105,
                        "Actual Total Time": 138.116,
                        "Actual Rows": 596798,
                        "Actual Loops": 2,
                        "Filter": "(company_id > 12453)",
                        "Rows Removed by Filter": 707767
                      }
                    ]
                  }
                ]
              }
            ]
          }
        ]
      }
    ]
  },
  "Planning Time": 0.921,
  "Triggers": [],
  "Execution Time": 4958.779
}