[
  {
    "Plan": {
      "Node Type": "Aggregate",
      "Strategy": "Plain",
      "Partial Mode": "Finalize",
      "Parallel Aware": false,
      "Startup Cost": 44495.89,
      "Total Cost": 44495.9,
      "Plan Rows": 1,
      "Plan Width": 8,
      "Actual Startup Time": 127.694,
      "Actual Total Time": 137.099,
      "Actual Rows": 1,
      "Actual Loops": 1,
      "Plans": [
        {
          "Node Type": "Gather",
          "Parent Relationship": "Outer",
          "Parallel Aware": false,
          "Startup Cost": 44495.57,
          "Total Cost": 44495.88,
          "Plan Rows": 3,
          "Plan Width": 8,
          "Actual Startup Time": 127.542,
          "Actual Total Time": 137.089,
          "Actual Rows": 4,
          "Actual Loops": 1,
          "Workers Planned": 3,
          "Workers Launched": 3,
          "Single Copy": false,
          "Plans": [
            {
              "Node Type": "Aggregate",
              "Strategy": "Plain",
              "Partial Mode": "Partial",
              "Parent Relationship": "Outer",
              "Parallel Aware": false,
              "Startup Cost": 43495.57,
              "Total Cost": 43495.58,
              "Plan Rows": 1,
              "Plan Width": 8,
              "Actual Startup Time": 119.079,
              "Actual Total Time": 119.08,
              "Actual Rows": 1,
              "Actual Loops": 4,
              "Plans": [
                {
                  "Node Type": "Seq Scan",
                  "Parent Relationship": "Outer",
                  "Parallel Aware": true,
                  "Relation Name": "movie_keyword",
                  "Alias": "mk",
                  "Startup Cost": 0.0,
                  "Total Cost": 42695.65,
                  "Plan Rows": 319968,
                  "Plan Width": 0,
                  "Actual Startup Time": 1.049,
                  "Actual Total Time": 106.189,
                  "Actual Rows": 247882,
                  "Actual Loops": 4,
                  "Filter": "(keyword_id > 18649)",
                  "Rows Removed by Filter": 883100
                }
              ]
            }
          ]
        }
      ]
    },
    "Planning Time": 0.097,
    "Triggers": [],
    "Execution Time": 137.128
  }
]