[
  {
    "Plan": {
      "Node Type": "Aggregate",
      "Strategy": "Plain",
      "Partial Mode": "Finalize",
      "Parallel Aware": false,
      "Startup Cost": 437005.19,
      "Total Cost": 437005.2,
      "Plan Rows": 1,
      "Plan Width": 8,
      "Actual Startup Time": 1748.763,
      "Actual Total Time": 1804.052,
      "Actual Rows": 1,
      "Actual Loops": 1,
      "Plans": [
        {
          "Node Type": "Gather",
          "Parent Relationship": "Outer",
          "Parallel Aware": false,
          "Startup Cost": 437004.56,
          "Total Cost": 437005.17,
          "Plan Rows": 6,
          "Plan Width": 8,
          "Actual Startup Time": 1721.81,
          "Actual Total Time": 1804.04,
          "Actual Rows": 7,
          "Actual Loops": 1,
          "Workers Planned": 6,
          "Workers Launched": 6,
          "Single Copy": false,
          "Plans": [
            {
              "Node Type": "Aggregate",
              "Strategy": "Plain",
              "Partial Mode": "Partial",
              "Parent Relationship": "Outer",
              "Parallel Aware": false,
              "Startup Cost": 436004.56,
              "Total Cost": 436004.57,
              "Plan Rows": 1,
              "Plan Width": 8,
              "Actual Startup Time": 1711.084,
              "Actual Total Time": 1711.504,
              "Actual Rows": 1,
              "Actual Loops": 7,
              "Plans": [
                {
                  "Node Type": "Hash Join",
                  "Parent Relationship": "Outer",
                  "Parallel Aware": true,
                  "Join Type": "Inner",
                  "Startup Cost": 85521.67,
                  "Total Cost": 434681.83,
                  "Plan Rows": 529094,
                  "Plan Width": 0,
                  "Actual Startup Time": 488.262,
                  "Actual Total Time": 1648.279,
                  "Actual Rows": 1148985,
                  "Actual Loops": 7,
                  "Inner Unique": false,
                  "Hash Cond": "(ci.movie_id = t.id)",
                  "Plans": [
                    {
                      "Node Type": "Index Scan",
                      "Parent Relationship": "Outer",
                      "Parallel Aware": true,
                      "Scan Direction": "Forward",
                      "Index Name": "role_id_cast_info",
                      "Relation Name": "cast_info",
                      "Alias": "ci",
                      "Startup Cost": 0.56,
                      "Total Cost": 341155.22,
                      "Plan Rows": 1679669,
                      "Plan Width": 4,
                      "Actual Startup Time": 0.282,
                      "Actual Total Time": 470.724,
                      "Actual Rows": 1810098,
                      "Actual Loops": 7,
                      "Index Cond": "(role_id = 1)",
                      "Rows Removed by Index Recheck": 0,
                      "Filter": "(person_id < 2929150)",
                      "Rows Removed by Filter": 0
                    },
                    {
                      "Node Type": "Hash",
                      "Parent Relationship": "Inner",
                      "Parallel Aware": true,
                      "Startup Cost": 82309.61,
                      "Total Cost": 82309.61,
                      "Plan Rows": 256919,
                      "Plan Width": 8,
                      "Actual Startup Time": 485.529,
                      "Actual Total Time": 485.947,
                      "Actual Rows": 143706,
                      "Actual Loops": 7,
                      "Hash Buckets": 1048576,
                      "Original Hash Buckets": 1048576,
                      "Hash Batches": 1,
                      "Original Hash Batches": 1,
                      "Peak Memory Usage": 47680,
                      "Plans": [
                        {
                          "Node Type": "Hash Join",
                          "Parent Relationship": "Outer",
                          "Parallel Aware": true,
                          "Join Type": "Inner",
                          "Startup Cost": 50220.38,
                          "Total Cost": 82309.61,
                          "Plan Rows": 256919,
                          "Plan Width": 8,
                          "Actual Startup Time": 324.156,
                          "Actual Total Time": 424.974,
                          "Actual Rows": 143706,
                          "Actual Loops": 7,
                          "Inner Unique": true,
                          "Hash Cond": "(mc.movie_id = t.id)",
                          "Plans": [
                            {
                              "Node Type": "Seq Scan",
                              "Parent Relationship": "Outer",
                              "Parallel Aware": true,
                              "Relation Name": "movie_companies",
                              "Alias": "mc",
                              "Startup Cost": 0.0,
                              "Total Cost": 31414.82,
                              "Plan Rows": 256919,
                              "Plan Width": 4,
                              "Actual Startup Time": 25.867,
                              "Actual Total Time": 55.771,
                              "Actual Rows": 143706,
                              "Actual Loops": 7,
                              "Filter": "((company_id > 6269) AND (company_type_id > 1))",
                              "Rows Removed by Filter": 229027
                            },
                            {
                              "Node Type": "Hash",
                              "Parent Relationship": "Inner",
                              "Parallel Aware": true,
                              "Startup Cost": 42319.06,
                              "Total Cost": 42319.06,
                              "Plan Rows": 632106,
                              "Plan Width": 4,
                              "Actual Startup Time": 293.037,
                              "Actual Total Time": 293.038,
                              "Actual Rows": 361187,
                              "Actual Loops": 7,
                              "Hash Buckets": 4194304,
                              "Original Hash Buckets": 4194304,
                              "Hash Batches": 1,
                              "Original Hash Batches": 1,
                              "Peak Memory Usage": 131744,
                              "Plans": [
                                {
                                  "Node Type": "Seq Scan",
                                  "Parent Relationship": "Outer",
                                  "Parallel Aware": true,
                                  "Relation Name": "title",
                                  "Alias": "t",
                                  "Startup Cost": 0.0,
                                  "Total Cost": 42319.06,
                                  "Plan Rows": 632106,
                                  "Plan Width": 4,
                                  "Actual Startup Time": 0.066,
                                  "Actual Total Time": 84.527,
                                  "Actual Rows": 361187,
                                  "Actual Loops": 7
                                }
                              ]
                            }
                          ]
                        }
                      ]
                    }
                  ]
                }
              ]
            }
          ]
        }
      ]
    },
    "Planning Time": 0.568,
    "Triggers": [],
    "Execution Time": 1804.13
  }
]