{
  "Plan": {
    "Node Type": "Aggregate",
    "Strategy": "Plain",
    "Partial Mode": "Finalize",
    "Parallel Aware": false,
    "Startup Cost": 351561.27,
    "Total Cost": 351561.28,
    "Plan Rows": 1,
    "Plan Width": 8,
    "Actual Startup Time": 2024.833,
    "Actual Total Time": 2081.59,
    "Actual Rows": 1,
    "Actual Loops": 1,
    "Plans": [
      {
        "Node Type": "Gather",
        "Parent Relationship": "Outer",
        "Parallel Aware": false,
        "Startup Cost": 351561.15,
        "Total Cost": 351561.26,
        "Plan Rows": 1,
        "Plan Width": 8,
        "Actual Startup Time": 2023.672,
        "Actual Total Time": 2081.58,
        "Actual Rows": 2,
        "Actual Loops": 1,
        "Workers Planned": 1,
        "Workers Launched": 1,
        "Single Copy": false,
        "Plans": [
          {
            "Node Type": "Aggregate",
            "Strategy": "Plain",
            "Partial Mode": "Partial",
            "Parent Relationship": "Outer",
            "Parallel Aware": false,
            "Startup Cost": 350561.15,
            "Total Cost": 350561.16,
            "Plan Rows": 1,
            "Plan Width": 8,
            "Actual Startup Time": 2019.501,
            "Actual Total Time": 2019.504,
            "Actual Rows": 1,
            "Actual Loops": 2,
            "Plans": [
              {
                "Node Type": "Hash Join",
                "Parent Relationship": "Outer",
                "Parallel Aware": true,
                "Join Type": "Inner",
                "Startup Cost": 60574.99,
                "Total Cost": 348552.79,
                "Plan Rows": 803346,
                "Plan Width": 0,
                "Actual Startup Time": 214.688,
                "Actual Total Time": 1976.451,
                "Actual Rows": 863160,
                "Actual Loops": 2,
                "Inner Unique": true,
                "Hash Cond": "(mi.movie_id = t.id)",
                "Plans": [
                  {
                    "Node Type": "Seq Scan",
                    "Parent Relationship": "Outer",
                    "Parallel Aware": true,
                    "Relation Name": "movie_info",
                    "Alias": "mi",
                    "Startup Cost": 0.0,
                    "Total Cost": 270696.42,
                    "Plan Rows": 6583369,
                    "Plan Width": 4,
                    "Actual Startup Time": 0.024,
                    "Actual Total Time": 926.019,
                    "Actual Rows": 5605372,
                    "Actual Loops": 2,
                    "Filter": "(info_type_id > 3)",
                    "Rows Removed by Filter": 1812488
                  },
                  {
                    "Node Type": "Hash",
                    "Parent Relationship": "Inner",
                    "Parallel Aware": true,
                    "Startup Cost": 58306.47,
                    "Total Cost": 58306.47,
                    "Plan Rows": 181482,
                    "Plan Width": 4,
                    "Actual Startup Time": 207.643,
                    "Actual Total Time": 207.644,
                    "Actual Rows": 133300,
                    "Actual Loops": 2,
                    "Hash Buckets": 524288,
                    "Original Hash Buckets": 524288,
                    "Hash Batches": 1,
                    "Original Hash Batches": 1,
                    "Peak Memory Usage": 14560,
                    "Plans": [
                      {
                        "Node Type": "Seq Scan",
                        "Parent Relationship": "Outer",
                        "Parallel Aware": true,
                        "Relation Name": "title",
                        "Alias": "t",
                        "Startup Cost": 0.0,
                        "Total Cost": 58306.47,
                        "Plan Rows": 181482,
                        "Plan Width": 4,
                        "Actual Startup Time": 0.06,
                        "Actual Total Time": 167.533,
                        "Actual Rows": 133300,
                        "Actual Loops": 2,
                        "Filter": "((kind_id < 7) AND (production_year > 2007))",
                        "Rows Removed by Filter": 1130856
                      }
                    ]
                  }
                ]
              }
            ]
          }
        ]
      }
    ]
  },
  "Planning Time": 0.53,
  "Triggers": [],
  "Execution Time": 2081.665
}