{
  "Plan": {
    "Node Type": "Aggregate",
    "Strategy": "Plain",
    "Partial Mode": "Finalize",
    "Parallel Aware": false,
    "Startup Cost": 107328.35,
    "Total Cost": 107328.36,
    "Plan Rows": 1,
    "Plan Width": 8,
    "Actual Startup Time": 767.076,
    "Actual Total Time": 788.593,
    "Actual Rows": 1,
    "Actual Loops": 1,
    "Plans": [
      {
        "Node Type": "Gather",
        "Parent Relationship": "Outer",
        "Parallel Aware": false,
        "Startup Cost": 107328.24,
        "Total Cost": 107328.35,
        "Plan Rows": 1,
        "Plan Width": 8,
        "Actual Startup Time": 758.648,
        "Actual Total Time": 788.583,
        "Actual Rows": 2,
        "Actual Loops": 1,
        "Workers Planned": 1,
        "Workers Launched": 1,
        "Single Copy": false,
        "Plans": [
          {
            "Node Type": "Aggregate",
            "Strategy": "Plain",
            "Partial Mode": "Partial",
            "Parent Relationship": "Outer",
            "Parallel Aware": false,
            "Startup Cost": 106328.24,
            "Total Cost": 106328.25,
            "Plan Rows": 1,
            "Plan Width": 8,
            "Actual Startup Time": 747.04,
            "Actual Total Time": 747.045,
            "Actual Rows": 1,
            "Actual Loops": 2,
            "Plans": [
              {
                "Node Type": "Hash Join",
                "Parent Relationship": "Outer",
                "Parallel Aware": true,
                "Join Type": "Inner",
                "Startup Cost": 77799.25,
                "Total Cost": 105750.23,
                "Plan Rows": 231205,
                "Plan Width": 0,
                "Actual Startup Time": 616.233,
                "Actual Total Time": 737.216,
                "Actual Rows": 190760,
                "Actual Loops": 2,
                "Inner Unique": true,
                "Hash Cond": "(mk.movie_id = t.id)",
                "Plans": [
                  {
                    "Node Type": "Bitmap Heap Scan",
                    "Parent Relationship": "Outer",
                    "Parallel Aware": true,
                    "Relation Name": "movie_keyword",
                    "Alias": "mk",
                    "Startup Cost": 8338.55,
                    "Total Cost": 35682.61,
                    "Plan Rows": 231205,
                    "Plan Width": 4,
                    "Actual Startup Time": 25.425,
                    "Actual Total Time": 89.64,
                    "Actual Rows": 190760,
                    "Actual Loops": 2,
                    "Recheck Cond": "(keyword_id > 44824)",
                    "Rows Removed by Index Recheck": 0,
                    "Exact Heap Blocks": 14798,
                    "Lossy Heap Blocks": 0,
                    "Plans": [
                      {
                        "Node Type": "Bitmap Index Scan",
                        "Parent Relationship": "Outer",
                        "Parallel Aware": false,
                        "Index Name": "keyword_id_movie_keyword",
                        "Startup Cost": 0.0,
                        "Total Cost": 8240.29,
                        "Plan Rows": 393048,
                        "Plan Width": 0,
                        "Actual Startup Time": 22.164,
                        "Actual Total Time": 22.165,
                        "Actual Rows": 381519,
                        "Actual Loops": 1,
                        "Index Cond": "(keyword_id > 44824)"
                      }
                    ]
                  },
                  {
                    "Node Type": "Hash",
                    "Parent Relationship": "Inner",
                    "Parallel Aware": true,
                    "Startup Cost": 50870.31,
                    "Total Cost": 50870.31,
                    "Plan Rows": 1487231,
                    "Plan Width": 4,
                    "Actual Startup Time": 568.557,
                    "Actual Total Time": 568.558,
                    "Actual Rows": 1264156,
                    "Actual Loops": 2,
                    "Hash Buckets": 4194304,
                    "Original Hash Buckets": 4194304,
                    "Hash Batches": 1,
                    "Original Hash Batches": 1,
                    "Peak Memory Usage": 131712,
                    "Plans": [
                      {
                        "Node Type": "Seq Scan",
                        "Parent Relationship": "Outer",
                        "Parallel Aware": true,
                        "Relation Name": "title",
                        "Alias": "t",
                        "Startup Cost": 0.0,
                        "Total Cost": 50870.31,
                        "Plan Rows": 1487231,
                        "Plan Width": 4,
                        "Actual Startup Time": 0.025,
                        "Actual Total Time": 176.561,
                        "Actual Rows": 1264156,
                        "Actual Loops": 2
                      }
                    ]
                  }
                ]
              }
            ]
          }
        ]
      }
    ]
  },
  "Planning Time": 0.641,
  "Triggers": [],
  "Execution Time": 788.69
}