[
  {
    "Plan": {
      "Node Type": "Aggregate",
      "Strategy": "Plain",
      "Partial Mode": "Finalize",
      "Parallel Aware": false,
      "Startup Cost": 358778.88,
      "Total Cost": 358778.89,
      "Plan Rows": 1,
      "Plan Width": 8,
      "Actual Startup Time": 191.222,
      "Actual Total Time": 216.663,
      "Actual Rows": 1,
      "Actual Loops": 1,
      "Plans": [
        {
          "Node Type": "Gather",
          "Parent Relationship": "Outer",
          "Parallel Aware": false,
          "Startup Cost": 358778.46,
          "Total Cost": 358778.87,
          "Plan Rows": 4,
          "Plan Width": 8,
          "Actual Startup Time": 191.074,
          "Actual Total Time": 216.654,
          "Actual Rows": 5,
          "Actual Loops": 1,
          "Workers Planned": 4,
          "Workers Launched": 4,
          "Single Copy": false,
          "Plans": [
            {
              "Node Type": "Aggregate",
              "Strategy": "Plain",
              "Partial Mode": "Partial",
              "Parent Relationship": "Outer",
              "Parallel Aware": false,
              "Startup Cost": 357778.46,
              "Total Cost": 357778.47,
              "Plan Rows": 1,
              "Plan Width": 8,
              "Actual Startup Time": 181.296,
              "Actual Total Time": 181.298,
              "Actual Rows": 1,
              "Actual Loops": 5,
              "Plans": [
                {
                  "Node Type": "Nested Loop",
                  "Parent Relationship": "Outer",
                  "Parallel Aware": false,
                  "Join Type": "Inner",
                  "Startup Cost": 0.56,
                  "Total Cost": 357418.72,
                  "Plan Rows": 143894,
                  "Plan Width": 0,
                  "Actual Startup Time": 56.399,
                  "Actual Total Time": 179.525,
                  "Actual Rows": 21689,
                  "Actual Loops": 5,
                  "Inner Unique": false,
                  "Plans": [
                    {
                      "Node Type": "Seq Scan",
                      "Parent Relationship": "Outer",
                      "Parallel Aware": true,
                      "Relation Name": "title",
                      "Alias": "t",
                      "Startup Cost": 0.0,
                      "Total Cost": 43898.92,
                      "Plan Rows": 12236,
                      "Plan Width": 4,
                      "Actual Startup Time": 56.288,
                      "Actual Total Time": 83.92,
                      "Actual Rows": 10344,
                      "Actual Loops": 5,
                      "Filter": "(production_year < 1914)",
                      "Rows Removed by Filter": 495318
                    },
                    {
                      "Node Type": "Index Scan",
                      "Parent Relationship": "Inner",
                      "Parallel Aware": false,
                      "Scan Direction": "Forward",
                      "Index Name": "movie_id_cast_info",
                      "Relation Name": "cast_info",
                      "Alias": "ci",
                      "Startup Cost": 0.56,
                      "Total Cost": 25.32,
                      "Plan Rows": 30,
                      "Plan Width": 4,
                      "Actual Startup Time": 0.006,
                      "Actual Total Time": 0.009,
                      "Actual Rows": 2,
                      "Actual Loops": 51722,
                      "Index Cond": "(movie_id = t.id)",
                      "Rows Removed by Index Recheck": 0,
                      "Filter": "(person_id < 3021028)",
                      "Rows Removed by Filter": 0
                    }
                  ]
                }
              ]
            }
          ]
        }
      ]
    },
    "Planning Time": 0.558,
    "Triggers": [],
    "Execution Time": 216.741
  }
]