[
  {
    "Plan": {
      "Node Type": "Aggregate",
      "Strategy": "Plain",
      "Partial Mode": "Finalize",
      "Parallel Aware": false,
      "Startup Cost": 31938.01,
      "Total Cost": 31938.02,
      "Plan Rows": 1,
      "Plan Width": 8,
      "Actual Startup Time": 108.571,
      "Actual Total Time": 116.251,
      "Actual Rows": 1,
      "Actual Loops": 1,
      "Plans": [
        {
          "Node Type": "Gather",
          "Parent Relationship": "Outer",
          "Parallel Aware": false,
          "Startup Cost": 31937.69,
          "Total Cost": 31938.0,
          "Plan Rows": 3,
          "Plan Width": 8,
          "Actual Startup Time": 108.429,
          "Actual Total Time": 116.241,
          "Actual Rows": 4,
          "Actual Loops": 1,
          "Workers Planned": 3,
          "Workers Launched": 3,
          "Single Copy": false,
          "Plans": [
            {
              "Node Type": "Aggregate",
              "Strategy": "Plain",
              "Partial Mode": "Partial",
              "Parent Relationship": "Outer",
              "Parallel Aware": false,
              "Startup Cost": 30937.69,
              "Total Cost": 30937.7,
              "Plan Rows": 1,
              "Plan Width": 8,
              "Actual Startup Time": 104.504,
              "Actual Total Time": 104.505,
              "Actual Rows": 1,
              "Actual Loops": 4,
              "Plans": [
                {
                  "Node Type": "Seq Scan",
                  "Parent Relationship": "Outer",
                  "Parallel Aware": true,
                  "Relation Name": "movie_companies",
                  "Alias": "mc",
                  "Startup Cost": 0.0,
                  "Total Cost": 29310.68,
                  "Plan Rows": 650804,
                  "Plan Width": 0,
                  "Actual Startup Time": 0.207,
                  "Actual Total Time": 80.918,
                  "Actual Rows": 505696,
                  "Actual Loops": 4,
                  "Filter": "(company_id > 664)",
                  "Rows Removed by Filter": 146586
                }
              ]
            }
          ]
        }
      ]
    },
    "Planning Time": 0.114,
    "Triggers": [],
    "Execution Time": 116.287
  }
]