[
  {
    "Plan": {
      "Node Type": "Aggregate",
      "Strategy": "Plain",
      "Partial Mode": "Finalize",
      "Parallel Aware": false,
      "Startup Cost": 31937.7,
      "Total Cost": 31937.71,
      "Plan Rows": 1,
      "Plan Width": 8,
      "Actual Startup Time": 120.412,
      "Actual Total Time": 128.989,
      "Actual Rows": 1,
      "Actual Loops": 1,
      "Plans": [
        {
          "Node Type": "Gather",
          "Parent Relationship": "Outer",
          "Parallel Aware": false,
          "Startup Cost": 31937.39,
          "Total Cost": 31937.7,
          "Plan Rows": 3,
          "Plan Width": 8,
          "Actual Startup Time": 120.308,
          "Actual Total Time": 128.981,
          "Actual Rows": 4,
          "Actual Loops": 1,
          "Workers Planned": 3,
          "Workers Launched": 3,
          "Single Copy": false,
          "Plans": [
            {
              "Node Type": "Aggregate",
              "Strategy": "Plain",
              "Partial Mode": "Partial",
              "Parent Relationship": "Outer",
              "Parallel Aware": false,
              "Startup Cost": 30937.39,
              "Total Cost": 30937.4,
              "Plan Rows": 1,
              "Plan Width": 8,
              "Actual Startup Time": 111.863,
              "Actual Total Time": 111.864,
              "Actual Rows": 1,
              "Actual Loops": 4,
              "Plans": [
                {
                  "Node Type": "Seq Scan",
                  "Parent Relationship": "Outer",
                  "Parallel Aware": true,
                  "Relation Name": "movie_companies",
                  "Alias": "mc",
                  "Startup Cost": 0.0,
                  "Total Cost": 29310.68,
                  "Plan Rows": 650682,
                  "Plan Width": 0,
                  "Actual Startup Time": 0.381,
                  "Actual Total Time": 88.257,
                  "Actual Rows": 505696,
                  "Actual Loops": 4,
                  "Filter": "(company_id > 664)",
                  "Rows Removed by Filter": 146586
                }
              ]
            }
          ]
        }
      ]
    },
    "Planning Time": 0.193,
    "Triggers": [],
    "Execution Time": 129.04
  }
]