[
  {
    "Plan": {
      "Node Type": "Aggregate",
      "Strategy": "Plain",
      "Partial Mode": "Finalize",
      "Parallel Aware": false,
      "Startup Cost": 31305.9,
      "Total Cost": 31305.91,
      "Plan Rows": 1,
      "Plan Width": 8,
      "Actual Startup Time": 97.556,
      "Actual Total Time": 104.602,
      "Actual Rows": 1,
      "Actual Loops": 1,
      "Plans": [
        {
          "Node Type": "Gather",
          "Parent Relationship": "Outer",
          "Parallel Aware": false,
          "Startup Cost": 31305.58,
          "Total Cost": 31305.89,
          "Plan Rows": 3,
          "Plan Width": 8,
          "Actual Startup Time": 97.322,
          "Actual Total Time": 104.593,
          "Actual Rows": 4,
          "Actual Loops": 1,
          "Workers Planned": 3,
          "Workers Launched": 3,
          "Single Copy": false,
          "Plans": [
            {
              "Node Type": "Aggregate",
              "Strategy": "Plain",
              "Partial Mode": "Partial",
              "Parent Relationship": "Outer",
              "Parallel Aware": false,
              "Startup Cost": 30305.58,
              "Total Cost": 30305.59,
              "Plan Rows": 1,
              "Plan Width": 8,
              "Actual Startup Time": 88.297,
              "Actual Total Time": 88.299,
              "Actual Rows": 1,
              "Actual Loops": 4,
              "Plans": [
                {
                  "Node Type": "Bitmap Heap Scan",
                  "Parent Relationship": "Outer",
                  "Parallel Aware": true,
                  "Relation Name": "movie_keyword",
                  "Alias": "mk",
                  "Startup Cost": 4764.91,
                  "Total Cost": 30124.47,
                  "Plan Rows": 72445,
                  "Plan Width": 0,
                  "Actual Startup Time": 29.358,
                  "Actual Total Time": 84.642,
                  "Actual Rows": 53755,
                  "Actual Loops": 4,
                  "Recheck Cond": "(keyword_id > 65564)",
                  "Rows Removed by Index Recheck": 0,
                  "Exact Heap Blocks": 10664,
                  "Lossy Heap Blocks": 0,
                  "Plans": [
                    {
                      "Node Type": "Bitmap Index Scan",
                      "Parent Relationship": "Outer",
                      "Parallel Aware": false,
                      "Index Name": "keyword_id_movie_keyword",
                      "Startup Cost": 0.0,
                      "Total Cost": 4708.77,
                      "Plan Rows": 224578,
                      "Plan Width": 0,
                      "Actual Startup Time": 32.689,
                      "Actual Total Time": 32.69,
                      "Actual Rows": 215021,
                      "Actual Loops": 1,
                      "Index Cond": "(keyword_id > 65564)"
                    }
                  ]
                }
              ]
            }
          ]
        }
      ]
    },
    "Planning Time": 0.237,
    "Triggers": [],
    "Execution Time": 104.673
  }
]