{
  "Plan": {
    "Node Type": "Aggregate",
    "Strategy": "Plain",
    "Partial Mode": "Finalize",
    "Parallel Aware": false,
    "Startup Cost": 54960.86,
    "Total Cost": 54960.87,
    "Plan Rows": 1,
    "Plan Width": 8,
    "Actual Startup Time": 37.644,
    "Actual Total Time": 41.942,
    "Actual Rows": 1,
    "Actual Loops": 1,
    "Plans": [
      {
        "Node Type": "Gather",
        "Parent Relationship": "Outer",
        "Parallel Aware": false,
        "Startup Cost": 54960.74,
        "Total Cost": 54960.85,
        "Plan Rows": 1,
        "Plan Width": 8,
        "Actual Startup Time": 37.429,
        "Actual Total Time": 41.936,
        "Actual Rows": 2,
        "Actual Loops": 1,
        "Workers Planned": 1,
        "Workers Launched": 1,
        "Single Copy": false,
        "Plans": [
          {
            "Node Type": "Aggregate",
            "Strategy": "Plain",
            "Partial Mode": "Partial",
            "Parent Relationship": "Outer",
            "Parallel Aware": false,
            "Startup Cost": 53960.74,
            "Total Cost": 53960.75,
            "Plan Rows": 1,
            "Plan Width": 8,
            "Actual Startup Time": 31.47,
            "Actual Total Time": 31.471,
            "Actual Rows": 1,
            "Actual Loops": 2,
            "Plans": [
              {
                "Node Type": "Nested Loop",
                "Parent Relationship": "Outer",
                "Parallel Aware": false,
                "Join Type": "Inner",
                "Startup Cost": 382.78,
                "Total Cost": 53948.03,
                "Plan Rows": 5087,
                "Plan Width": 0,
                "Actual Startup Time": 2.059,
                "Actual Total Time": 30.835,
                "Actual Rows": 4040,
                "Actual Loops": 2,
                "Inner Unique": true,
                "Plans": [
                  {
                    "Node Type": "Bitmap Heap Scan",
                    "Parent Relationship": "Outer",
                    "Parallel Aware": true,
                    "Relation Name": "movie_companies",
                    "Alias": "mc",
                    "Startup Cost": 382.35,
                    "Total Cost": 19756.67,
                    "Plan Rows": 5087,
                    "Plan Width": 4,
                    "Actual Startup Time": 1.916,
                    "Actual Total Time": 4.727,
                    "Actual Rows": 4040,
                    "Actual Loops": 2,
                    "Recheck Cond": "(company_id = 166)",
                    "Rows Removed by Index Recheck": 0,
                    "Filter": "(company_type_id = 1)",
                    "Rows Removed by Filter": 4070,
                    "Exact Heap Blocks": 447,
                    "Lossy Heap Blocks": 0,
                    "Plans": [
                      {
                        "Node Type": "Bitmap Index Scan",
                        "Parent Relationship": "Outer",
                        "Parallel Aware": false,
                        "Index Name": "company_id_movie_companies",
                        "Startup Cost": 0.0,
                        "Total Cost": 380.19,
                        "Plan Rows": 17568,
                        "Plan Width": 0,
                        "Actual Startup Time": 3.401,
                        "Actual Total Time": 3.401,
                        "Actual Rows": 16220,
                        "Actual Loops": 1,
                        "Index Cond": "(company_id = 166)"
                      }
                    ]
                  },
                  {
                    "Node Type": "Index Only Scan",
                    "Parent Relationship": "Inner",
                    "Parallel Aware": false,
                    "Scan Direction": "Forward",
                    "Index Name": "title_pkey",
                    "Relation Name": "title",
                    "Alias": "t",
                    "Startup Cost": 0.43,
                    "Total Cost": 6.72,
                    "Plan Rows": 1,
                    "Plan Width": 4,
                    "Actual Startup Time": 0.006,
                    "Actual Total Time": 0.006,
                    "Actual Rows": 1,
                    "Actual Loops": 8081,
                    "Index Cond": "(id = mc.movie_id)",
                    "Rows Removed by Index Recheck": 0,
                    "Heap Fetches": 8081
                  }
                ]
              }
            ]
          }
        ]
      }
    ]
  },
  "Planning Time": 0.584,
  "Triggers": [],
  "Execution Time": 42.02
}