[
  {
    "Plan": {
      "Node Type": "Aggregate",
      "Strategy": "Plain",
      "Partial Mode": "Finalize",
      "Parallel Aware": false,
      "Startup Cost": 306902.28,
      "Total Cost": 306902.29,
      "Plan Rows": 1,
      "Plan Width": 8,
      "Actual Startup Time": 1250.585,
      "Actual Total Time": 1291.471,
      "Actual Rows": 1,
      "Actual Loops": 1,
      "Plans": [
        {
          "Node Type": "Gather",
          "Parent Relationship": "Outer",
          "Parallel Aware": false,
          "Startup Cost": 306901.66,
          "Total Cost": 306902.27,
          "Plan Rows": 6,
          "Plan Width": 8,
          "Actual Startup Time": 1230.354,
          "Actual Total Time": 1291.454,
          "Actual Rows": 7,
          "Actual Loops": 1,
          "Workers Planned": 6,
          "Workers Launched": 6,
          "Single Copy": false,
          "Plans": [
            {
              "Node Type": "Aggregate",
              "Strategy": "Plain",
              "Partial Mode": "Partial",
              "Parent Relationship": "Outer",
              "Parallel Aware": false,
              "Startup Cost": 305901.66,
              "Total Cost": 305901.67,
              "Plan Rows": 1,
              "Plan Width": 8,
              "Actual Startup Time": 1216.189,
              "Actual Total Time": 1216.192,
              "Actual Rows": 1,
              "Actual Loops": 7,
              "Plans": [
                {
                  "Node Type": "Hash Join",
                  "Parent Relationship": "Outer",
                  "Parallel Aware": true,
                  "Join Type": "Inner",
                  "Startup Cost": 49538.64,
                  "Total Cost": 303096.82,
                  "Plan Rows": 1121934,
                  "Plan Width": 0,
                  "Actual Startup Time": 231.31,
                  "Actual Total Time": 1158.621,
                  "Actual Rows": 1075500,
                  "Actual Loops": 7,
                  "Inner Unique": true,
                  "Hash Cond": "(ci.movie_id = t.id)",
                  "Plans": [
                    {
                      "Node Type": "Index Scan",
                      "Parent Relationship": "Outer",
                      "Parallel Aware": true,
                      "Scan Direction": "Forward",
                      "Index Name": "role_id_cast_info",
                      "Relation Name": "cast_info",
                      "Alias": "ci",
                      "Startup Cost": 0.56,
                      "Total Cost": 249431.94,
                      "Plan Rows": 1572116,
                      "Plan Width": 4,
                      "Actual Startup Time": 0.295,
                      "Actual Total Time": 312.429,
                      "Actual Rows": 1340672,
                      "Actual Loops": 7,
                      "Index Cond": "(role_id > 4)",
                      "Rows Removed by Index Recheck": 0
                    },
                    {
                      "Node Type": "Hash",
                      "Parent Relationship": "Inner",
                      "Parallel Aware": true,
                      "Startup Cost": 43899.32,
                      "Total Cost": 43899.32,
                      "Plan Rows": 451100,
                      "Plan Width": 4,
                      "Actual Startup Time": 226.385,
                      "Actual Total Time": 226.386,
                      "Actual Rows": 256198,
                      "Actual Loops": 7,
                      "Hash Buckets": 2097152,
                      "Original Hash Buckets": 2097152,
                      "Hash Batches": 1,
                      "Original Hash Batches": 1,
                      "Peak Memory Usage": 86656,
                      "Plans": [
                        {
                          "Node Type": "Seq Scan",
                          "Parent Relationship": "Outer",
                          "Parallel Aware": true,
                          "Relation Name": "title",
                          "Alias": "t",
                          "Startup Cost": 0.0,
                          "Total Cost": 43899.32,
                          "Plan Rows": 451100,
                          "Plan Width": 4,
                          "Actual Startup Time": 0.047,
                          "Actual Total Time": 92.232,
                          "Actual Rows": 256198,
                          "Actual Loops": 7,
                          "Filter": "(production_year > 1988)",
                          "Rows Removed by Filter": 104990
                        }
                      ]
                    }
                  ]
                }
              ]
            }
          ]
        }
      ]
    },
    "Planning Time": 0.43,
    "Triggers": [],
    "Execution Time": 1291.548
  }
]