{
  "Plan": {
    "Node Type": "Aggregate",
    "Strategy": "Plain",
    "Partial Mode": "Finalize",
    "Parallel Aware": false,
    "Startup Cost": 525154.08,
    "Total Cost": 525154.09,
    "Plan Rows": 1,
    "Plan Width": 8,
    "Actual Startup Time": 2485.298,
    "Actual Total Time": 2513.28,
    "Actual Rows": 1,
    "Actual Loops": 1,
    "Plans": [
      {
        "Node Type": "Gather",
        "Parent Relationship": "Outer",
        "Parallel Aware": false,
        "Startup Cost": 525153.97,
        "Total Cost": 525154.08,
        "Plan Rows": 1,
        "Plan Width": 8,
        "Actual Startup Time": 2478.797,
        "Actual Total Time": 2513.27,
        "Actual Rows": 2,
        "Actual Loops": 1,
        "Workers Planned": 1,
        "Workers Launched": 1,
        "Single Copy": false,
        "Plans": [
          {
            "Node Type": "Aggregate",
            "Strategy": "Plain",
            "Partial Mode": "Partial",
            "Parent Relationship": "Outer",
            "Parallel Aware": false,
            "Startup Cost": 524153.97,
            "Total Cost": 524153.98,
            "Plan Rows": 1,
            "Plan Width": 8,
            "Actual Startup Time": 2467.035,
            "Actual Total Time": 2467.039,
            "Actual Rows": 1,
            "Actual Loops": 2,
            "Plans": [
              {
                "Node Type": "Hash Join",
                "Parent Relationship": "Outer",
                "Parallel Aware": true,
                "Join Type": "Inner",
                "Startup Cost": 206935.6,
                "Total Cost": 515000.58,
                "Plan Rows": 3661354,
                "Plan Width": 0,
                "Actual Startup Time": 719.864,
                "Actual Total Time": 2334.056,
                "Actual Rows": 3207929,
                "Actual Loops": 2,
                "Inner Unique": true,
                "Hash Cond": "(ci.movie_id = t.id)",
                "Plans": [
                  {
                    "Node Type": "Bitmap Heap Scan",
                    "Parent Relationship": "Outer",
                    "Parallel Aware": true,
                    "Relation Name": "cast_info",
                    "Alias": "ci",
                    "Startup Cost": 137474.9,
                    "Total Cost": 435928.82,
                    "Plan Rows": 3661354,
                    "Plan Width": 4,
                    "Actual Startup Time": 205.902,
                    "Actual Total Time": 528.567,
                    "Actual Rows": 3207929,
                    "Actual Loops": 2,
                    "Recheck Cond": "(person_id < 619622)",
                    "Rows Removed by Index Recheck": 0,
                    "Exact Heap Blocks": 34918,
                    "Lossy Heap Blocks": 0,
                    "Plans": [
                      {
                        "Node Type": "Bitmap Index Scan",
                        "Parent Relationship": "Outer",
                        "Parallel Aware": false,
                        "Index Name": "person_id_cast_info",
                        "Startup Cost": 0.0,
                        "Total Cost": 135918.82,
                        "Plan Rows": 6224301,
                        "Plan Width": 0,
                        "Actual Startup Time": 194.266,
                        "Actual Total Time": 194.267,
                        "Actual Rows": 6415858,
                        "Actual Loops": 1,
                        "Index Cond": "(person_id < 619622)"
                      }
                    ]
                  },
                  {
                    "Node Type": "Hash",
                    "Parent Relationship": "Inner",
                    "Parallel Aware": true,
                    "Startup Cost": 50870.31,
                    "Total Cost": 50870.31,
                    "Plan Rows": 1487231,
                    "Plan Width": 4,
                    "Actual Startup Time": 492.232,
                    "Actual Total Time": 492.233,
                    "Actual Rows": 1264156,
                    "Actual Loops": 2,
                    "Hash Buckets": 4194304,
                    "Original Hash Buckets": 4194304,
                    "Hash Batches": 1,
                    "Original Hash Batches": 1,
                    "Peak Memory Usage": 131712,
                    "Plans": [
                      {
                        "Node Type": "Seq Scan",
                        "Parent Relationship": "Outer",
                        "Parallel Aware": true,
                        "Relation Name": "title",
                        "Alias": "t",
                        "Startup Cost": 0.0,
                        "Total Cost": 50870.31,
                        "Plan Rows": 1487231,
                        "Plan Width": 4,
                        "Actual Startup Time": 0.026,
                        "Actual Total Time": 152.47,
                        "Actual Rows": 1264156,
                        "Actual Loops": 2
                      }
                    ]
                  }
                ]
              }
            ]
          }
        ]
      }
    ]
  },
  "Planning Time": 0.699,
  "Triggers": [],
  "Execution Time": 2513.421
}