{
  "Plan": {
    "Node Type": "Aggregate",
    "Strategy": "Plain",
    "Partial Mode": "Finalize",
    "Parallel Aware": false,
    "Startup Cost": 122980.37,
    "Total Cost": 122980.38,
    "Plan Rows": 1,
    "Plan Width": 8,
    "Actual Startup Time": 759.879,
    "Actual Total Time": 773.247,
    "Actual Rows": 1,
    "Actual Loops": 1,
    "Plans": [
      {
        "Node Type": "Gather",
        "Parent Relationship": "Outer",
        "Parallel Aware": false,
        "Startup Cost": 122980.25,
        "Total Cost": 122980.36,
        "Plan Rows": 1,
        "Plan Width": 8,
        "Actual Startup Time": 758.61,
        "Actual Total Time": 773.24,
        "Actual Rows": 2,
        "Actual Loops": 1,
        "Workers Planned": 1,
        "Workers Launched": 1,
        "Single Copy": false,
        "Plans": [
          {
            "Node Type": "Aggregate",
            "Strategy": "Plain",
            "Partial Mode": "Partial",
            "Parent Relationship": "Outer",
            "Parallel Aware": false,
            "Startup Cost": 121980.25,
            "Total Cost": 121980.26,
            "Plan Rows": 1,
            "Plan Width": 8,
            "Actual Startup Time": 752.612,
            "Actual Total Time": 752.617,
            "Actual Rows": 1,
            "Actual Loops": 2,
            "Plans": [
              {
                "Node Type": "Hash Join",
                "Parent Relationship": "Outer",
                "Parallel Aware": true,
                "Join Type": "Inner",
                "Startup Cost": 56532.25,
                "Total Cost": 121021.14,
                "Plan Rows": 383645,
                "Plan Width": 0,
                "Actual Startup Time": 262.173,
                "Actual Total Time": 700.292,
                "Actual Rows": 1057098,
                "Actual Loops": 2,
                "Inner Unique": true,
                "Hash Cond": "(mk.movie_id = t.id)",
                "Plans": [
                  {
                    "Node Type": "Seq Scan",
                    "Parent Relationship": "Outer",
                    "Parallel Aware": true,
                    "Relation Name": "movie_keyword",
                    "Alias": "mk",
                    "Startup Cost": 0.0,
                    "Total Cost": 57718.19,
                    "Plan Rows": 2579311,
                    "Plan Width": 4,
                    "Actual Startup Time": 0.02,
                    "Actual Total Time": 241.919,
                    "Actual Rows": 2194118,
                    "Actual Loops": 2,
                    "Filter": "(keyword_id < 75565)",
                    "Rows Removed by Filter": 67846
                  },
                  {
                    "Node Type": "Hash",
                    "Parent Relationship": "Inner",
                    "Parallel Aware": true,
                    "Startup Cost": 53767.12,
                    "Total Cost": 53767.12,
                    "Plan Rows": 221210,
                    "Plan Width": 4,
                    "Actual Startup Time": 171.192,
                    "Actual Total Time": 171.194,
                    "Actual Rows": 220014,
                    "Actual Loops": 2,
                    "Hash Buckets": 524288,
                    "Original Hash Buckets": 524288,
                    "Hash Batches": 1,
                    "Original Hash Batches": 1,
                    "Peak Memory Usage": 21312,
                    "Plans": [
                      {
                        "Node Type": "Bitmap Heap Scan",
                        "Parent Relationship": "Outer",
                        "Parallel Aware": true,
                        "Relation Name": "title",
                        "Alias": "t",
                        "Startup Cost": 11916.86,
                        "Total Cost": 53767.12,
                        "Plan Rows": 221210,
                        "Plan Width": 4,
                        "Actual Startup Time": 44.11,
                        "Actual Total Time": 119.385,
                        "Actual Rows": 220014,
                        "Actual Loops": 2,
                        "Recheck Cond": "(kind_id = 1)",
                        "Rows Removed by Index Recheck": 0,
                        "Filter": "(production_year < 2006)",
                        "Rows Removed by Filter": 111398,
                        "Exact Heap Blocks": 8919,
                        "Lossy Heap Blocks": 0,
                        "Plans": [
                          {
                            "Node Type": "Bitmap Index Scan",
                            "Parent Relationship": "Outer",
                            "Parallel Aware": false,
                            "Index Name": "kind_id_title",
                            "Startup Cost": 0.0,
                            "Total Cost": 11822.85,
                            "Plan Rows": 663256,
                            "Plan Width": 0,
                            "Actual Startup Time": 42.305,
                            "Actual Total Time": 42.305,
                            "Actual Rows": 662825,
                            "Actual Loops": 1,
                            "Index Cond": "(kind_id = 1)"
                          }
                        ]
                      }
                    ]
                  }
                ]
              }
            ]
          }
        ]
      }
    ]
  },
  "Planning Time": 0.638,
  "Triggers": [],
  "Execution Time": 773.336
}