{
  "Plan": {
    "Node Type": "Aggregate",
    "Strategy": "Plain",
    "Partial Mode": "Finalize",
    "Parallel Aware": false,
    "Startup Cost": 82886.27,
    "Total Cost": 82886.28,
    "Plan Rows": 1,
    "Plan Width": 8,
    "Actual Startup Time": 124.841,
    "Actual Total Time": 133.714,
    "Actual Rows": 1,
    "Actual Loops": 1,
    "Plans": [
      {
        "Node Type": "Gather",
        "Parent Relationship": "Outer",
        "Parallel Aware": false,
        "Startup Cost": 82886.16,
        "Total Cost": 82886.27,
        "Plan Rows": 1,
        "Plan Width": 8,
        "Actual Startup Time": 124.576,
        "Actual Total Time": 133.707,
        "Actual Rows": 2,
        "Actual Loops": 1,
        "Workers Planned": 1,
        "Workers Launched": 1,
        "Single Copy": false,
        "Plans": [
          {
            "Node Type": "Aggregate",
            "Strategy": "Plain",
            "Partial Mode": "Partial",
            "Parent Relationship": "Outer",
            "Parallel Aware": false,
            "Startup Cost": 81886.16,
            "Total Cost": 81886.17,
            "Plan Rows": 1,
            "Plan Width": 8,
            "Actual Startup Time": 118.356,
            "Actual Total Time": 118.358,
            "Actual Rows": 1,
            "Actual Loops": 2,
            "Plans": [
              {
                "Node Type": "Nested Loop",
                "Parent Relationship": "Outer",
                "Parallel Aware": false,
                "Join Type": "Inner",
                "Startup Cost": 11825.07,
                "Total Cost": 81884.44,
                "Plan Rows": 686,
                "Plan Width": 0,
                "Actual Startup Time": 39.608,
                "Actual Total Time": 117.836,
                "Actual Rows": 9576,
                "Actual Loops": 2,
                "Inner Unique": false,
                "Join Filter": "(t.id = mi_idx.movie_id)",
                "Rows Removed by Join Filter": 0,
                "Plans": [
                  {
                    "Node Type": "Nested Loop",
                    "Parent Relationship": "Outer",
                    "Parallel Aware": false,
                    "Join Type": "Inner",
                    "Startup Cost": 11824.64,
                    "Total Cost": 81162.74,
                    "Plan Rows": 1256,
                    "Plan Width": 8,
                    "Actual Startup Time": 39.416,
                    "Actual Total Time": 105.728,
                    "Actual Rows": 3488,
                    "Actual Loops": 2,
                    "Inner Unique": false,
                    "Plans": [
                      {
                        "Node Type": "Bitmap Heap Scan",
                        "Parent Relationship": "Outer",
                        "Parallel Aware": true,
                        "Relation Name": "title",
                        "Alias": "t",
                        "Startup Cost": 11824.21,
                        "Total Cost": 53674.47,
                        "Plan Rows": 3199,
                        "Plan Width": 4,
                        "Actual Startup Time": 37.147,
                        "Actual Total Time": 86.658,
                        "Actual Rows": 2430,
                        "Actual Loops": 2,
                        "Recheck Cond": "(kind_id = 1)",
                        "Rows Removed by Index Recheck": 0,
                        "Filter": "(production_year = 1988)",
                        "Rows Removed by Filter": 328982,
                        "Exact Heap Blocks": 9223,
                        "Lossy Heap Blocks": 0,
                        "Plans": [
                          {
                            "Node Type": "Bitmap Index Scan",
                            "Parent Relationship": "Outer",
                            "Parallel Aware": false,
                            "Index Name": "kind_id_title",
                            "Startup Cost": 0.0,
                            "Total Cost": 11822.85,
                            "Plan Rows": 663256,
                            "Plan Width": 0,
                            "Actual Startup Time": 40.328,
                            "Actual Total Time": 40.329,
                            "Actual Rows": 662825,
                            "Actual Loops": 1,
                            "Index Cond": "(kind_id = 1)"
                          }
                        ]
                      },
                      {
                        "Node Type": "Index Scan",
                        "Parent Relationship": "Inner",
                        "Parallel Aware": false,
                        "Scan Direction": "Forward",
                        "Index Name": "movie_id_movie_keyword",
                        "Relation Name": "movie_keyword",
                        "Alias": "mk",
                        "Startup Cost": 0.43,
                        "Total Cost": 8.49,
                        "Plan Rows": 10,
                        "Plan Width": 4,
                        "Actual Startup Time": 0.007,
                        "Actual Total Time": 0.007,
                        "Actual Rows": 1,
                        "Actual Loops": 4860,
                        "Index Cond": "(movie_id = t.id)",
                        "Rows Removed by Index Recheck": 0,
                        "Filter": "(keyword_id < 944)",
                        "Rows Removed by Filter": 5
                      }
                    ]
                  },
                  {
                    "Node Type": "Index Only Scan",
                    "Parent Relationship": "Inner",
                    "Parallel Aware": false,
                    "Scan Direction": "Forward",
                    "Index Name": "movie_id_movie_info_idx",
                    "Relation Name": "movie_info_idx",
                    "Alias": "mi_idx",
                    "Startup Cost": 0.43,
                    "Total Cost": 0.54,
                    "Plan Rows": 3,
                    "Plan Width": 4,
                    "Actual Startup Time": 0.003,
                    "Actual Total Time": 0.003,
                    "Actual Rows": 3,
                    "Actual Loops": 6976,
                    "Index Cond": "(movie_id = mk.movie_id)",
                    "Rows Removed by Index Recheck": 0,
                    "Heap Fetches": 19152
                  }
                ]
              }
            ]
          }
        ]
      }
    ]
  },
  "Planning Time": 0.902,
  "Triggers": [],
  "Execution Time": 133.819
}