{
    "Plan": {
        "Node Type": "Aggregate",
        "Strategy": "Plain",
        "Partial Mode": "Finalize",
        "Parallel Aware": false,
        "Startup Cost": 135547.47,
        "Total Cost": 135547.48,
        "Plan Rows": 1,
        "Plan Width": 8,
        "Actual Startup Time": 319.13,
        "Actual Total Time": 346.304,
        "Actual Rows": 1,
        "Actual Loops": 1,
        "Output": [
            "count(*)"
        ],
        "Plans": [
            {
                "Node Type": "Gather",
                "Parent Relationship": "Outer",
                "Parallel Aware": false,
                "Startup Cost": 135547.15,
                "Total Cost": 135547.46,
                "Plan Rows": 3,
                "Plan Width": 8,
                "Actual Startup Time": 318.347,
                "Actual Total Time": 346.294,
                "Actual Rows": 4,
                "Actual Loops": 1,
                "Output": [
                    "(PARTIAL count(*))"
                ],
                "Workers Planned": 3,
                "Workers Launched": 3,
                "Single Copy": false,
                "Plans": [
                    {
                        "Node Type": "Aggregate",
                        "Strategy": "Plain",
                        "Partial Mode": "Partial",
                        "Parent Relationship": "Outer",
                        "Parallel Aware": false,
                        "Startup Cost": 134547.15,
                        "Total Cost": 134547.16,
                        "Plan Rows": 1,
                        "Plan Width": 8,
                        "Actual Startup Time": 309.044,
                        "Actual Total Time": 309.048,
                        "Actual Rows": 1,
                        "Actual Loops": 4,
                        "Output": [
                            "PARTIAL count(*)"
                        ],
                        "Workers": [
                            {
                                "Worker Number": 0,
                                "Actual Startup Time": 306.061,
                                "Actual Total Time": 306.065,
                                "Actual Rows": 1,
                                "Actual Loops": 1
                            },
                            {
                                "Worker Number": 1,
                                "Actual Startup Time": 306.346,
                                "Actual Total Time": 306.35,
                                "Actual Rows": 1,
                                "Actual Loops": 1
                            },
                            {
                                "Worker Number": 2,
                                "Actual Startup Time": 306.216,
                                "Actual Total Time": 306.219,
                                "Actual Rows": 1,
                                "Actual Loops": 1
                            }
                        ],
                        "Plans": [
                            {
                                "Node Type": "Nested Loop",
                                "Parent Relationship": "Outer",
                                "Parallel Aware": false,
                                "Join Type": "Inner",
                                "Startup Cost": 44625.69,
                                "Total Cost": 134256.21,
                                "Plan Rows": 116374,
                                "Plan Width": 0,
                                "Actual Startup Time": 120.143,
                                "Actual Total Time": 301.216,
                                "Actual Rows": 181098,
                                "Actual Loops": 4,
                                "Inner Unique": false,
                                "Join Filter": "(t.id = mi.movie_id)",
                                "Rows Removed by Join Filter": 0,
                                "Workers": [
                                    {
                                        "Worker Number": 0,
                                        "Actual Startup Time": 117.219,
                                        "Actual Total Time": 299.364,
                                        "Actual Rows": 147602,
                                        "Actual Loops": 1
                                    },
                                    {
                                        "Worker Number": 1,
                                        "Actual Startup Time": 117.361,
                                        "Actual Total Time": 298.826,
                                        "Actual Rows": 168776,
                                        "Actual Loops": 1
                                    },
                                    {
                                        "Worker Number": 2,
                                        "Actual Startup Time": 117.373,
                                        "Actual Total Time": 298.822,
                                        "Actual Rows": 166006,
                                        "Actual Loops": 1
                                    }
                                ],
                                "Plans": [
                                    {
                                        "Node Type": "Hash Join",
                                        "Parent Relationship": "Outer",
                                        "Parallel Aware": true,
                                        "Join Type": "Inner",
                                        "Startup Cost": 44625.26,
                                        "Total Cost": 76609.54,
                                        "Plan Rows": 19941,
                                        "Plan Width": 8,
                                        "Actual Startup Time": 120.035,
                                        "Actual Total Time": 189.946,
                                        "Actual Rows": 4944,
                                        "Actual Loops": 4,
                                        "Output": [
                                            "t.id",
                                            "mc.movie_id"
                                        ],
                                        "Inner Unique": true,
                                        "Hash Cond": "(mc.movie_id = t.id)",
                                        "Workers": [
                                            {
                                                "Worker Number": 0,
                                                "Actual Startup Time": 117.127,
                                                "Actual Total Time": 186.191,
                                                "Actual Rows": 4508,
                                                "Actual Loops": 1
                                            },
                                            {
                                                "Worker Number": 1,
                                                "Actual Startup Time": 117.198,
                                                "Actual Total Time": 182.986,
                                                "Actual Rows": 4465,
                                                "Actual Loops": 1
                                            },
                                            {
                                                "Worker Number": 2,
                                                "Actual Startup Time": 117.22,
                                                "Actual Total Time": 183.701,
                                                "Actual Rows": 4468,
                                                "Actual Loops": 1
                                            }
                                        ],
                                        "Plans": [
                                            {
                                                "Node Type": "Seq Scan",
                                                "Parent Relationship": "Outer",
                                                "Parallel Aware": true,
                                                "Relation Name": "movie_companies",
                                                "Schema": "public",
                                                "Alias": "mc",
                                                "Startup Cost": 0.0,
                                                "Total Cost": 31414.82,
                                                "Plan Rows": 216940,
                                                "Plan Width": 4,
                                                "Actual Startup Time": 8.075,
                                                "Actual Total Time": 54.486,
                                                "Actual Rows": 112558,
                                                "Actual Loops": 4,
                                                "Output": [
                                                    "mc.id",
                                                    "mc.movie_id",
                                                    "mc.company_id",
                                                    "mc.company_type_id",
                                                    "mc.note"
                                                ],
                                                "Filter": "((mc.company_id > 11138) AND (mc.company_type_id = 1))",
                                                "Rows Removed by Filter": 539724,
                                                "Workers": [
                                                    {
                                                        "Worker Number": 0,
                                                        "Actual Startup Time": 8.137,
                                                        "Actual Total Time": 54.516,
                                                        "Actual Rows": 106364,
                                                        "Actual Loops": 1
                                                    },
                                                    {
                                                        "Worker Number": 1,
                                                        "Actual Startup Time": 7.998,
                                                        "Actual Total Time": 52.747,
                                                        "Actual Rows": 97720,
                                                        "Actual Loops": 1
                                                    },
                                                    {
                                                        "Worker Number": 2,
                                                        "Actual Startup Time": 7.981,
                                                        "Actual Total Time": 52.904,
                                                        "Actual Rows": 98863,
                                                        "Actual Loops": 1
                                                    }
                                                ]
                                            },
                                            {
                                                "Node Type": "Hash",
                                                "Parent Relationship": "Inner",
                                                "Parallel Aware": true,
                                                "Startup Cost": 43899.01,
                                                "Total Cost": 43899.01,
                                                "Plan Rows": 58100,
                                                "Plan Width": 4,
                                                "Actual Startup Time": 109.706,
                                                "Actual Total Time": 109.707,
                                                "Actual Rows": 57912,
                                                "Actual Loops": 4,
                                                "Output": [
                                                    "t.id"
                                                ],
                                                "Hash Buckets": 262144,
                                                "Original Hash Buckets": 262144,
                                                "Hash Batches": 1,
                                                "Original Hash Batches": 1,
                                                "Peak Memory Usage": 11200,
                                                "Workers": [
                                                    {
                                                        "Worker Number": 0,
                                                        "Actual Startup Time": 108.472,
                                                        "Actual Total Time": 108.473,
                                                        "Actual Rows": 52303,
                                                        "Actual Loops": 1
                                                    },
                                                    {
                                                        "Worker Number": 1,
                                                        "Actual Startup Time": 108.601,
                                                        "Actual Total Time": 108.602,
                                                        "Actual Rows": 51618,
                                                        "Actual Loops": 1
                                                    },
                                                    {
                                                        "Worker Number": 2,
                                                        "Actual Startup Time": 108.611,
                                                        "Actual Total Time": 108.613,
                                                        "Actual Rows": 51634,
                                                        "Actual Loops": 1
                                                    }
                                                ],
                                                "Plans": [
                                                    {
                                                        "Node Type": "Seq Scan",
                                                        "Parent Relationship": "Outer",
                                                        "Parallel Aware": true,
                                                        "Relation Name": "title",
                                                        "Schema": "public",
                                                        "Alias": "t",
                                                        "Startup Cost": 0.0,
                                                        "Total Cost": 43899.01,
                                                        "Plan Rows": 58100,
                                                        "Plan Width": 4,
                                                        "Actual Startup Time": 0.052,
                                                        "Actual Total Time": 90.782,
                                                        "Actual Rows": 57912,
                                                        "Actual Loops": 4,
                                                        "Output": [
                                                            "t.id"
                                                        ],
                                                        "Filter": "(t.production_year > 2011)",
                                                        "Rows Removed by Filter": 574166,
                                                        "Workers": [
                                                            {
                                                                "Worker Number": 0,
                                                                "Actual Startup Time": 0.06,
                                                                "Actual Total Time": 91.034,
                                                                "Actual Rows": 52303,
                                                                "Actual Loops": 1
                                                            },
                                                            {
                                                                "Worker Number": 1,
                                                                "Actual Startup Time": 0.061,
                                                                "Actual Total Time": 90.608,
                                                                "Actual Rows": 51618,
                                                                "Actual Loops": 1
                                                            },
                                                            {
                                                                "Worker Number": 2,
                                                                "Actual Startup Time": 0.062,
                                                                "Actual Total Time": 90.396,
                                                                "Actual Rows": 51634,
                                                                "Actual Loops": 1
                                                            }
                                                        ]
                                                    }
                                                ]
                                            }
                                        ]
                                    },
                                    {
                                        "Node Type": "Index Only Scan",
                                        "Parent Relationship": "Inner",
                                        "Parallel Aware": false,
                                        "Scan Direction": "Forward",
                                        "Index Name": "movie_id_movie_info",
                                        "Relation Name": "movie_info",
                                        "Schema": "public",
                                        "Alias": "mi",
                                        "Startup Cost": 0.43,
                                        "Total Cost": 2.4,
                                        "Plan Rows": 39,
                                        "Plan Width": 4,
                                        "Actual Startup Time": 0.006,
                                        "Actual Total Time": 0.019,
                                        "Actual Rows": 37,
                                        "Actual Loops": 19775,
                                        "Output": [
                                            "mi.movie_id"
                                        ],
                                        "Index Cond": "(mi.movie_id = mc.movie_id)",
                                        "Rows Removed by Index Recheck": 0,
                                        "Heap Fetches": 724393,
                                        "Workers": [
                                            {
                                                "Worker Number": 0,
                                                "Actual Startup Time": 0.007,
                                                "Actual Total Time": 0.022,
                                                "Actual Rows": 33,
                                                "Actual Loops": 4508
                                            },
                                            {
                                                "Worker Number": 1,
                                                "Actual Startup Time": 0.007,
                                                "Actual Total Time": 0.022,
                                                "Actual Rows": 38,
                                                "Actual Loops": 4465
                                            },
                                            {
                                                "Worker Number": 2,
                                                "Actual Startup Time": 0.007,
                                                "Actual Total Time": 0.022,
                                                "Actual Rows": 37,
                                                "Actual Loops": 4468
                                            }
                                        ]
                                    }
                                ]
                            }
                        ]
                    }
                ]
            }
        ]
    },
    "Planning Time": 1.623,
    "Triggers": [],
    "Execution Time": 346.401
}