[
  {
    "Bao": {
      "Bao prediction": 320.605,
      "Bao recommended hint": "(no hint)"
    }
  },
  {
    "Plan": {
      "Node Type": "Hash Join",
      "Parallel Aware": false,
      "Join Type": "Inner",
      "Startup Cost": 101171.88,
      "Total Cost": 163530.31,
      "Plan Rows": 2086514,
      "Plan Width": 40,
      "Actual Startup Time": 1630.545,
      "Actual Total Time": 3051.296,
      "Actual Rows": 2087248,
      "Actual Loops": 1,
      "Inner Unique": true,
      "Hash Cond": "(mc.movie_id = t.id)",
      "Plans": [
        {
          "Node Type": "Hash Join",
          "Parent Relationship": "Outer",
          "Parallel Aware": false,
          "Join Type": "Inner",
          "Startup Cost": 8282.43,
          "Total Cost": 65163.74,
          "Plan Rows": 2086514,
          "Plan Width": 40,
          "Actual Startup Time": 123.618,
          "Actual Total Time": 788.344,
          "Actual Rows": 2087248,
          "Actual Loops": 1,
          "Inner Unique": true,
          "Hash Cond": "(mc.company_id = cn.id)",
          "Plans": [
            {
              "Node Type": "Seq Scan",
              "Parent Relationship": "Outer",
              "Parallel Aware": false,
              "Relation Name": "movie_companies",
              "Alias": "mc",
              "Startup Cost": 0.0,
              "Total Cost": 51404.11,
              "Plan Rows": 2086514,
              "Plan Width": 40,
              "Actual Startup Time": 0.019,
              "Actual Total Time": 256.445,
              "Actual Rows": 2087248,
              "Actual Loops": 1,
              "Filter": "(company_id < 73232)",
              "Rows Removed by Filter": 521881
            },
            {
              "Node Type": "Hash",
              "Parent Relationship": "Inner",
              "Parallel Aware": false,
              "Startup Cost": 5344.97,
              "Total Cost": 5344.97,
              "Plan Rows": 234997,
              "Plan Width": 4,
              "Actual Startup Time": 121.597,
              "Actual Total Time": 121.598,
              "Actual Rows": 234997,
              "Actual Loops": 1,
              "Hash Buckets": 262144,
              "Original Hash Buckets": 262144,
              "Hash Batches": 1,
              "Original Hash Batches": 1,
              "Peak Memory Usage": 10310,
              "Plans": [
                {
                  "Node Type": "Seq Scan",
                  "Parent Relationship": "Outer",
                  "Parallel Aware": false,
                  "Relation Name": "company_name",
                  "Alias": "cn",
                  "Startup Cost": 0.0,
                  "Total Cost": 5344.97,
                  "Plan Rows": 234997,
                  "Plan Width": 4,
                  "Actual Startup Time": 0.057,
                  "Actual Total Time": 59.77,
                  "Actual Rows": 234997,
                  "Actual Loops": 1
                }
              ]
            }
          ]
        },
        {
          "Node Type": "Hash",
          "Parent Relationship": "Inner",
          "Parallel Aware": false,
          "Startup Cost": 61283.09,
          "Total Cost": 61283.09,
          "Plan Rows": 2528509,
          "Plan Width": 4,
          "Actual Startup Time": 1475.256,
          "Actual Total Time": 1475.257,
          "Actual Rows": 2528312,
          "Actual Loops": 1,
          "Hash Buckets": 4194304,
          "Original Hash Buckets": 4194304,
          "Hash Batches": 1,
          "Original Hash Batches": 1,
          "Peak Memory Usage": 121654,
          "Plans": [
            {
              "Node Type": "Seq Scan",
              "Parent Relationship": "Outer",
              "Parallel Aware": false,
              "Relation Name": "title",
              "Alias": "t",
              "Startup Cost": 0.0,
              "Total Cost": 61283.09,
              "Plan Rows": 2528509,
              "Plan Width": 4,
              "Actual Startup Time": 0.041,
              "Actual Total Time": 436.234,
              "Actual Rows": 2528312,
              "Actual Loops": 1
            }
          ]
        }
      ]
    },
    "Planning Time": 418.917,
    "Triggers": [],
    "Execution Time": 3116.447
  }
]