[
  {
    "Plan": {
      "Node Type": "Aggregate",
      "Strategy": "Plain",
      "Partial Mode": "Finalize",
      "Parallel Aware": false,
      "Startup Cost": 33022.24,
      "Total Cost": 33022.25,
      "Plan Rows": 1,
      "Plan Width": 8,
      "Actual Startup Time": 96.681,
      "Actual Total Time": 106.525,
      "Actual Rows": 1,
      "Actual Loops": 1,
      "Plans": [
        {
          "Node Type": "Gather",
          "Parent Relationship": "Outer",
          "Parallel Aware": false,
          "Startup Cost": 33021.92,
          "Total Cost": 33022.23,
          "Plan Rows": 3,
          "Plan Width": 8,
          "Actual Startup Time": 96.361,
          "Actual Total Time": 106.51,
          "Actual Rows": 4,
          "Actual Loops": 1,
          "Workers Planned": 3,
          "Workers Launched": 3,
          "Single Copy": false,
          "Plans": [
            {
              "Node Type": "Aggregate",
              "Strategy": "Plain",
              "Partial Mode": "Partial",
              "Parent Relationship": "Outer",
              "Parallel Aware": false,
              "Startup Cost": 32021.92,
              "Total Cost": 32021.93,
              "Plan Rows": 1,
              "Plan Width": 8,
              "Actual Startup Time": 91.801,
              "Actual Total Time": 91.802,
              "Actual Rows": 1,
              "Actual Loops": 4,
              "Plans": [
                {
                  "Node Type": "Seq Scan",
                  "Parent Relationship": "Outer",
                  "Parallel Aware": true,
                  "Relation Name": "movie_companies",
                  "Alias": "mc",
                  "Startup Cost": 0.0,
                  "Total Cost": 31414.82,
                  "Plan Rows": 242840,
                  "Plan Width": 0,
                  "Actual Startup Time": 45.205,
                  "Actual Total Time": 82.312,
                  "Actual Rows": 240585,
                  "Actual Loops": 4,
                  "Filter": "((company_id > 8761) AND (company_type_id = 2))",
                  "Rows Removed by Filter": 411697
                }
              ]
            }
          ]
        }
      ]
    },
    "Planning Time": 0.232,
    "Triggers": [],
    "Execution Time": 106.582
  }
]