[
  {
    "Plan": {
      "Node Type": "Aggregate",
      "Strategy": "Plain",
      "Partial Mode": "Finalize",
      "Parallel Aware": false,
      "Startup Cost": 46802.37,
      "Total Cost": 46802.38,
      "Plan Rows": 1,
      "Plan Width": 8,
      "Actual Startup Time": 187.809,
      "Actual Total Time": 198.087,
      "Actual Rows": 1,
      "Actual Loops": 1,
      "Plans": [
        {
          "Node Type": "Gather",
          "Parent Relationship": "Outer",
          "Parallel Aware": false,
          "Startup Cost": 46802.05,
          "Total Cost": 46802.36,
          "Plan Rows": 3,
          "Plan Width": 8,
          "Actual Startup Time": 187.698,
          "Actual Total Time": 198.078,
          "Actual Rows": 4,
          "Actual Loops": 1,
          "Workers Planned": 3,
          "Workers Launched": 3,
          "Single Copy": false,
          "Plans": [
            {
              "Node Type": "Aggregate",
              "Strategy": "Plain",
              "Partial Mode": "Partial",
              "Parent Relationship": "Outer",
              "Parallel Aware": false,
              "Startup Cost": 45802.05,
              "Total Cost": 45802.06,
              "Plan Rows": 1,
              "Plan Width": 8,
              "Actual Startup Time": 178.993,
              "Actual Total Time": 178.994,
              "Actual Rows": 1,
              "Actual Loops": 4,
              "Plans": [
                {
                  "Node Type": "Seq Scan",
                  "Parent Relationship": "Outer",
                  "Parallel Aware": true,
                  "Relation Name": "movie_keyword",
                  "Alias": "mk",
                  "Startup Cost": 0.0,
                  "Total Cost": 42695.65,
                  "Plan Rows": 1242559,
                  "Plan Width": 0,
                  "Actual Startup Time": 0.072,
                  "Actual Total Time": 132.102,
                  "Actual Rows": 965740,
                  "Actual Loops": 4,
                  "Filter": "(keyword_id < 28444)",
                  "Rows Removed by Filter": 165242
                }
              ]
            }
          ]
        }
      ]
    },
    "Planning Time": 0.158,
    "Triggers": [],
    "Execution Time": 198.136
  }
]