[
  {
    "Plan": {
      "Node Type": "Aggregate",
      "Strategy": "Plain",
      "Partial Mode": "Finalize",
      "Parallel Aware": false,
      "Startup Cost": 70750.28,
      "Total Cost": 70750.29,
      "Plan Rows": 1,
      "Plan Width": 8,
      "Actual Startup Time": 238.901,
      "Actual Total Time": 253.658,
      "Actual Rows": 1,
      "Actual Loops": 1,
      "Plans": [
        {
          "Node Type": "Gather",
          "Parent Relationship": "Outer",
          "Parallel Aware": false,
          "Startup Cost": 70749.97,
          "Total Cost": 70750.28,
          "Plan Rows": 3,
          "Plan Width": 8,
          "Actual Startup Time": 236.008,
          "Actual Total Time": 253.646,
          "Actual Rows": 4,
          "Actual Loops": 1,
          "Workers Planned": 3,
          "Workers Launched": 3,
          "Single Copy": false,
          "Plans": [
            {
              "Node Type": "Aggregate",
              "Strategy": "Plain",
              "Partial Mode": "Partial",
              "Parent Relationship": "Outer",
              "Parallel Aware": false,
              "Startup Cost": 69749.97,
              "Total Cost": 69749.98,
              "Plan Rows": 1,
              "Plan Width": 8,
              "Actual Startup Time": 227.597,
              "Actual Total Time": 227.601,
              "Actual Rows": 1,
              "Actual Loops": 4,
              "Plans": [
                {
                  "Node Type": "Hash Join",
                  "Parent Relationship": "Outer",
                  "Parallel Aware": true,
                  "Join Type": "Inner",
                  "Startup Cost": 50009.73,
                  "Total Cost": 69710.65,
                  "Plan Rows": 15725,
                  "Plan Width": 0,
                  "Actual Startup Time": 204.117,
                  "Actual Total Time": 227.339,
                  "Actual Rows": 3343,
                  "Actual Loops": 4,
                  "Inner Unique": true,
                  "Hash Cond": "(mc.movie_id = t.id)",
                  "Plans": [
                    {
                      "Node Type": "Bitmap Heap Scan",
                      "Parent Relationship": "Outer",
                      "Parallel Aware": true,
                      "Relation Name": "movie_companies",
                      "Alias": "mc",
                      "Startup Cost": 4047.37,
                      "Total Cost": 23590.2,
                      "Plan Rows": 60226,
                      "Plan Width": 4,
                      "Actual Startup Time": 13.797,
                      "Actual Total Time": 39.978,
                      "Actual Rows": 45604,
                      "Actual Loops": 4,
                      "Recheck Cond": "(company_id < 46)",
                      "Rows Removed by Index Recheck": 0,
                      "Exact Heap Blocks": 4706,
                      "Lossy Heap Blocks": 0,
                      "Plans": [
                        {
                          "Node Type": "Bitmap Index Scan",
                          "Parent Relationship": "Outer",
                          "Parallel Aware": false,
                          "Index Name": "company_id_movie_companies",
                          "Startup Cost": 0.0,
                          "Total Cost": 4000.69,
                          "Plan Rows": 186702,
                          "Plan Width": 0,
                          "Actual Startup Time": 11.397,
                          "Actual Total Time": 11.398,
                          "Actual Rows": 182418,
                          "Actual Loops": 1,
                          "Index Cond": "(company_id < 46)"
                        }
                      ]
                    },
                    {
                      "Node Type": "Hash",
                      "Parent Relationship": "Inner",
                      "Parallel Aware": true,
                      "Startup Cost": 43899.32,
                      "Total Cost": 43899.32,
                      "Plan Rows": 165043,
                      "Plan Width": 4,
                      "Actual Startup Time": 165.968,
                      "Actual Total Time": 165.969,
                      "Actual Rows": 165706,
                      "Actual Loops": 4,
                      "Hash Buckets": 1048576,
                      "Original Hash Buckets": 1048576,
                      "Hash Batches": 1,
                      "Original Hash Batches": 1,
                      "Peak Memory Usage": 34176,
                      "Plans": [
                        {
                          "Node Type": "Seq Scan",
                          "Parent Relationship": "Outer",
                          "Parallel Aware": true,
                          "Relation Name": "title",
                          "Alias": "t",
                          "Startup Cost": 0.0,
                          "Total Cost": 43899.32,
                          "Plan Rows": 165043,
                          "Plan Width": 4,
                          "Actual Startup Time": 46.615,
                          "Actual Total Time": 104.787,
                          "Actual Rows": 165706,
                          "Actual Loops": 4,
                          "Filter": "(kind_id = 1)",
                          "Rows Removed by Filter": 466372
                        }
                      ]
                    }
                  ]
                }
              ]
            }
          ]
        }
      ]
    },
    "Planning Time": 0.759,
    "Triggers": [],
    "Execution Time": 253.761
  }
]