[
  {
    "Plan": {
      "Node Type": "Aggregate",
      "Strategy": "Plain",
      "Partial Mode": "Finalize",
      "Parallel Aware": false,
      "Startup Cost": 70027.79,
      "Total Cost": 70027.8,
      "Plan Rows": 1,
      "Plan Width": 8,
      "Actual Startup Time": 218.772,
      "Actual Total Time": 240.016,
      "Actual Rows": 1,
      "Actual Loops": 1,
      "Plans": [
        {
          "Node Type": "Gather",
          "Parent Relationship": "Outer",
          "Parallel Aware": false,
          "Startup Cost": 70027.37,
          "Total Cost": 70027.78,
          "Plan Rows": 4,
          "Plan Width": 8,
          "Actual Startup Time": 217.225,
          "Actual Total Time": 240.006,
          "Actual Rows": 5,
          "Actual Loops": 1,
          "Workers Planned": 4,
          "Workers Launched": 4,
          "Single Copy": false,
          "Plans": [
            {
              "Node Type": "Aggregate",
              "Strategy": "Plain",
              "Partial Mode": "Partial",
              "Parent Relationship": "Outer",
              "Parallel Aware": false,
              "Startup Cost": 69027.37,
              "Total Cost": 69027.38,
              "Plan Rows": 1,
              "Plan Width": 8,
              "Actual Startup Time": 207.131,
              "Actual Total Time": 207.134,
              "Actual Rows": 1,
              "Actual Loops": 5,
              "Plans": [
                {
                  "Node Type": "Hash Join",
                  "Parent Relationship": "Outer",
                  "Parallel Aware": true,
                  "Join Type": "Inner",
                  "Startup Cost": 24230.71,
                  "Total Cost": 68997.39,
                  "Plan Rows": 11994,
                  "Plan Width": 0,
                  "Actual Startup Time": 137.183,
                  "Actual Total Time": 206.836,
                  "Actual Rows": 2674,
                  "Actual Loops": 5,
                  "Inner Unique": false,
                  "Hash Cond": "(t.id = mc.movie_id)",
                  "Plans": [
                    {
                      "Node Type": "Seq Scan",
                      "Parent Relationship": "Outer",
                      "Parallel Aware": true,
                      "Relation Name": "title",
                      "Alias": "t",
                      "Startup Cost": 0.0,
                      "Total Cost": 43898.92,
                      "Plan Rows": 165814,
                      "Plan Width": 4,
                      "Actual Startup Time": 40.201,
                      "Actual Total Time": 95.504,
                      "Actual Rows": 132565,
                      "Actual Loops": 5,
                      "Filter": "(kind_id = 1)",
                      "Rows Removed by Filter": 373097
                    },
                    {
                      "Node Type": "Hash",
                      "Parent Relationship": "Inner",
                      "Parallel Aware": true,
                      "Startup Cost": 23493.26,
                      "Total Cost": 23493.26,
                      "Plan Rows": 58996,
                      "Plan Width": 4,
                      "Actual Startup Time": 78.439,
                      "Actual Total Time": 78.44,
                      "Actual Rows": 36484,
                      "Actual Loops": 5,
                      "Hash Buckets": 262144,
                      "Original Hash Buckets": 262144,
                      "Hash Batches": 1,
                      "Original Hash Batches": 1,
                      "Peak Memory Usage": 9280,
                      "Plans": [
                        {
                          "Node Type": "Bitmap Heap Scan",
                          "Parent Relationship": "Outer",
                          "Parallel Aware": true,
                          "Relation Name": "movie_companies",
                          "Alias": "mc",
                          "Startup Cost": 3965.81,
                          "Total Cost": 23493.26,
                          "Plan Rows": 58996,
                          "Plan Width": 4,
                          "Actual Startup Time": 21.076,
                          "Actual Total Time": 59.988,
                          "Actual Rows": 36484,
                          "Actual Loops": 5,
                          "Recheck Cond": "(company_id < 46)",
                          "Rows Removed by Index Recheck": 0,
                          "Exact Heap Blocks": 6093,
                          "Lossy Heap Blocks": 0,
                          "Plans": [
                            {
                              "Node Type": "Bitmap Index Scan",
                              "Parent Relationship": "Outer",
                              "Parallel Aware": false,
                              "Index Name": "company_id_movie_companies",
                              "Startup Cost": 0.0,
                              "Total Cost": 3920.09,
                              "Plan Rows": 182888,
                              "Plan Width": 0,
                              "Actual Startup Time": 20.514,
                              "Actual Total Time": 20.514,
                              "Actual Rows": 182418,
                              "Actual Loops": 1,
                              "Index Cond": "(company_id < 46)"
                            }
                          ]
                        }
                      ]
                    }
                  ]
                }
              ]
            }
          ]
        }
      ]
    },
    "Planning Time": 0.653,
    "Triggers": [],
    "Execution Time": 240.106
  }
]