{
  "Plan": {
    "Node Type": "Aggregate",
    "Strategy": "Plain",
    "Partial Mode": "Finalize",
    "Parallel Aware": false,
    "Startup Cost": 150396.68,
    "Total Cost": 150396.69,
    "Plan Rows": 1,
    "Plan Width": 8,
    "Actual Startup Time": 805.45,
    "Actual Total Time": 821.835,
    "Actual Rows": 1,
    "Actual Loops": 1,
    "Plans": [
      {
        "Node Type": "Gather",
        "Parent Relationship": "Outer",
        "Parallel Aware": false,
        "Startup Cost": 150396.57,
        "Total Cost": 150396.68,
        "Plan Rows": 1,
        "Plan Width": 8,
        "Actual Startup Time": 804.781,
        "Actual Total Time": 821.828,
        "Actual Rows": 2,
        "Actual Loops": 1,
        "Workers Planned": 1,
        "Workers Launched": 1,
        "Single Copy": false,
        "Plans": [
          {
            "Node Type": "Aggregate",
            "Strategy": "Plain",
            "Partial Mode": "Partial",
            "Parent Relationship": "Outer",
            "Parallel Aware": false,
            "Startup Cost": 149396.57,
            "Total Cost": 149396.58,
            "Plan Rows": 1,
            "Plan Width": 8,
            "Actual Startup Time": 801.524,
            "Actual Total Time": 801.53,
            "Actual Rows": 1,
            "Actual Loops": 2,
            "Plans": [
              {
                "Node Type": "Hash Join",
                "Parent Relationship": "Outer",
                "Parallel Aware": true,
                "Join Type": "Inner",
                "Startup Cost": 87417.07,
                "Total Cost": 149117.74,
                "Plan Rows": 111531,
                "Plan Width": 0,
                "Actual Startup Time": 404.436,
                "Actual Total Time": 772.598,
                "Actual Rows": 729658,
                "Actual Loops": 2,
                "Inner Unique": false,
                "Hash Cond": "(mk.movie_id = t.id)",
                "Plans": [
                  {
                    "Node Type": "Seq Scan",
                    "Parent Relationship": "Outer",
                    "Parallel Aware": true,
                    "Relation Name": "movie_keyword",
                    "Alias": "mk",
                    "Startup Cost": 0.0,
                    "Total Cost": 51065.35,
                    "Plan Rows": 2661135,
                    "Plan Width": 4,
                    "Actual Startup Time": 0.015,
                    "Actual Total Time": 146.063,
                    "Actual Rows": 2261965,
                    "Actual Loops": 2
                  },
                  {
                    "Node Type": "Hash",
                    "Parent Relationship": "Inner",
                    "Parallel Aware": true,
                    "Startup Cost": 86637.94,
                    "Total Cost": 86637.94,
                    "Plan Rows": 62331,
                    "Plan Width": 8,
                    "Actual Startup Time": 403.326,
                    "Actual Total Time": 403.33,
                    "Actual Rows": 83524,
                    "Actual Loops": 2,
                    "Hash Buckets": 262144,
                    "Original Hash Buckets": 131072,
                    "Hash Batches": 1,
                    "Original Hash Batches": 1,
                    "Peak Memory Usage": 9664,
                    "Plans": [
                      {
                        "Node Type": "Hash Join",
                        "Parent Relationship": "Outer",
                        "Parallel Aware": true,
                        "Join Type": "Inner",
                        "Startup Cost": 26105.78,
                        "Total Cost": 86637.94,
                        "Plan Rows": 62331,
                        "Plan Width": 8,
                        "Actual Startup Time": 88.604,
                        "Actual Total Time": 379.963,
                        "Actual Rows": 83524,
                        "Actual Loops": 2,
                        "Inner Unique": false,
                        "Hash Cond": "(t.id = mc.movie_id)",
                        "Plans": [
                          {
                            "Node Type": "Seq Scan",
                            "Parent Relationship": "Outer",
                            "Parallel Aware": true,
                            "Relation Name": "title",
                            "Alias": "t",
                            "Startup Cost": 0.0,
                            "Total Cost": 50870.31,
                            "Plan Rows": 1487231,
                            "Plan Width": 4,
                            "Actual Startup Time": 0.009,
                            "Actual Total Time": 117.473,
                            "Actual Rows": 1264156,
                            "Actual Loops": 2
                          },
                          {
                            "Node Type": "Hash",
                            "Parent Relationship": "Inner",
                            "Parallel Aware": true,
                            "Startup Cost": 25326.64,
                            "Total Cost": 25326.64,
                            "Plan Rows": 62331,
                            "Plan Width": 4,
                            "Actual Startup Time": 87.912,
                            "Actual Total Time": 87.914,
                            "Actual Rows": 83524,
                            "Actual Loops": 2,
                            "Hash Buckets": 262144,
                            "Original Hash Buckets": 131072,
                            "Hash Batches": 1,
                            "Original Hash Batches": 1,
                            "Peak Memory Usage": 9632,
                            "Plans": [
                              {
                                "Node Type": "Bitmap Heap Scan",
                                "Parent Relationship": "Outer",
                                "Parallel Aware": true,
                                "Relation Name": "movie_companies",
                                "Alias": "mc",
                                "Startup Cost": 4637.33,
                                "Total Cost": 25326.64,
                                "Plan Rows": 62331,
                                "Plan Width": 4,
                                "Actual Startup Time": 20.127,
                                "Actual Total Time": 66.879,
                                "Actual Rows": 83524,
                                "Actual Loops": 2,
                                "Recheck Cond": "(company_id < 73)",
                                "Rows Removed by Index Recheck": 0,
                                "Filter": "(company_type_id = 1)",
                                "Rows Removed by Filter": 24078,
                                "Exact Heap Blocks": 10887,
                                "Lossy Heap Blocks": 0,
                                "Plans": [
                                  {
                                    "Node Type": "Bitmap Index Scan",
                                    "Parent Relationship": "Outer",
                                    "Parallel Aware": false,
                                    "Index Name": "company_id_movie_companies",
                                    "Startup Cost": 0.0,
                                    "Total Cost": 4610.84,
                                    "Plan Rows": 215255,
                                    "Plan Width": 0,
                                    "Actual Startup Time": 17.845,
                                    "Actual Total Time": 17.846,
                                    "Actual Rows": 215203,
                                    "Actual Loops": 1,
                                    "Index Cond": "(company_id < 73)"
                                  }
                                ]
                              }
                            ]
                          }
                        ]
                      }
                    ]
                  }
                ]
              }
            ]
          }
        ]
      }
    ]
  },
  "Planning Time": 0.676,
  "Triggers": [],
  "Execution Time": 821.903
}