[
  {
    "Plan": {
      "Node Type": "Aggregate",
      "Strategy": "Plain",
      "Partial Mode": "Finalize",
      "Parallel Aware": false,
      "Startup Cost": 387410.79,
      "Total Cost": 387410.8,
      "Plan Rows": 1,
      "Plan Width": 8,
      "Actual Startup Time": 2603.566,
      "Actual Total Time": 2665.477,
      "Actual Rows": 1,
      "Actual Loops": 1,
      "Plans": [
        {
          "Node Type": "Gather",
          "Parent Relationship": "Outer",
          "Parallel Aware": false,
          "Startup Cost": 387410.17,
          "Total Cost": 387410.78,
          "Plan Rows": 6,
          "Plan Width": 8,
          "Actual Startup Time": 2597.68,
          "Actual Total Time": 2665.452,
          "Actual Rows": 7,
          "Actual Loops": 1,
          "Workers Planned": 6,
          "Workers Launched": 6,
          "Single Copy": false,
          "Plans": [
            {
              "Node Type": "Aggregate",
              "Strategy": "Plain",
              "Partial Mode": "Partial",
              "Parent Relationship": "Outer",
              "Parallel Aware": false,
              "Startup Cost": 386410.17,
              "Total Cost": 386410.18,
              "Plan Rows": 1,
              "Plan Width": 8,
              "Actual Startup Time": 2582.917,
              "Actual Total Time": 2582.92,
              "Actual Rows": 1,
              "Actual Loops": 7,
              "Plans": [
                {
                  "Node Type": "Hash Join",
                  "Parent Relationship": "Outer",
                  "Parallel Aware": true,
                  "Join Type": "Inner",
                  "Startup Cost": 49606.95,
                  "Total Cost": 378523.75,
                  "Plan Rows": 3154569,
                  "Plan Width": 0,
                  "Actual Startup Time": 180.478,
                  "Actual Total Time": 2448.139,
                  "Actual Rows": 2897604,
                  "Actual Loops": 7,
                  "Inner Unique": true,
                  "Hash Cond": "(ci.movie_id = t.id)",
                  "Plans": [
                    {
                      "Node Type": "Seq Scan",
                      "Parent Relationship": "Outer",
                      "Parallel Aware": true,
                      "Relation Name": "cast_info",
                      "Alias": "ci",
                      "Startup Cost": 0.0,
                      "Total Cost": 313067.02,
                      "Plan Rows": 6038002,
                      "Plan Width": 4,
                      "Actual Startup Time": 0.025,
                      "Actual Total Time": 550.546,
                      "Actual Rows": 5177763,
                      "Actual Loops": 7
                    },
                    {
                      "Node Type": "Hash",
                      "Parent Relationship": "Inner",
                      "Parallel Aware": true,
                      "Startup Cost": 45479.1,
                      "Total Cost": 45479.1,
                      "Plan Rows": 330228,
                      "Plan Width": 4,
                      "Actual Startup Time": 175.481,
                      "Actual Total Time": 175.482,
                      "Actual Rows": 199907,
                      "Actual Loops": 7,
                      "Hash Buckets": 2097152,
                      "Original Hash Buckets": 2097152,
                      "Hash Batches": 1,
                      "Original Hash Batches": 1,
                      "Peak Memory Usage": 71232,
                      "Plans": [
                        {
                          "Node Type": "Seq Scan",
                          "Parent Relationship": "Outer",
                          "Parallel Aware": true,
                          "Relation Name": "title",
                          "Alias": "t",
                          "Startup Cost": 0.0,
                          "Total Cost": 45479.1,
                          "Plan Rows": 330228,
                          "Plan Width": 4,
                          "Actual Startup Time": 0.045,
                          "Actual Total Time": 78.897,
                          "Actual Rows": 199907,
                          "Actual Loops": 7,
                          "Filter": "((production_year > 1964) AND (kind_id = 7))",
                          "Rows Removed by Filter": 161281
                        }
                      ]
                    }
                  ]
                }
              ]
            }
          ]
        }
      ]
    },
    "Planning Time": 0.486,
    "Triggers": [],
    "Execution Time": 2665.554
  }
]