{
    "Plan": {
        "Node Type": "Aggregate",
        "Strategy": "Plain",
        "Partial Mode": "Simple",
        "Parallel Aware": false,
        "Startup Cost": 10000443125.53,
        "Total Cost": 10000443125.54,
        "Plan Rows": 1,
        "Plan Width": 8,
        "Actual Startup Time": 6758.982,
        "Actual Total Time": 6758.988,
        "Actual Rows": 1,
        "Actual Loops": 1,
        "Output": [
            "count(*)"
        ],
        "Plans": [
            {
                "Node Type": "Hash Join",
                "Parent Relationship": "Outer",
                "Parallel Aware": false,
                "Join Type": "Inner",
                "Startup Cost": 10000328324.56,
                "Total Cost": 10000437043.41,
                "Plan Rows": 2432847,
                "Plan Width": 0,
                "Actual Startup Time": 3830.748,
                "Actual Total Time": 6054.785,
                "Actual Rows": 18629606,
                "Actual Loops": 1,
                "Inner Unique": false,
                "Hash Cond": "(t.id = mc.movie_id)",
                "Plans": [
                    {
                        "Node Type": "Hash Join",
                        "Parent Relationship": "Outer",
                        "Parallel Aware": false,
                        "Join Type": "Inner",
                        "Startup Cost": 10000195194.34,
                        "Total Cost": 10000257618.52,
                        "Plan Rows": 2510424,
                        "Plan Width": 8,
                        "Actual Startup Time": 2878.51,
                        "Actual Total Time": 3648.062,
                        "Actual Rows": 2527471,
                        "Actual Loops": 1,
                        "Output": [
                            "t.id",
                            "mk.movie_id"
                        ],
                        "Inner Unique": true,
                        "Hash Cond": "(mk.movie_id = t.id)",
                        "Plans": [
                            {
                                "Node Type": "Bitmap Heap Scan",
                                "Parent Relationship": "Outer",
                                "Parallel Aware": false,
                                "Relation Name": "movie_keyword",
                                "Schema": "public",
                                "Alias": "mk",
                                "Startup Cost": 53248.22,
                                "Total Cost": 109082.52,
                                "Plan Rows": 2510424,
                                "Plan Width": 4,
                                "Actual Startup Time": 131.774,
                                "Actual Total Time": 430.857,
                                "Actual Rows": 2527471,
                                "Actual Loops": 1,
                                "Output": [
                                    "mk.id",
                                    "mk.movie_id",
                                    "mk.keyword_id"
                                ],
                                "Recheck Cond": "(mk.keyword_id < 6271)",
                                "Rows Removed by Index Recheck": 0,
                                "Exact Heap Blocks": 24445,
                                "Lossy Heap Blocks": 0,
                                "Plans": [
                                    {
                                        "Node Type": "Bitmap Index Scan",
                                        "Parent Relationship": "Outer",
                                        "Parallel Aware": false,
                                        "Index Name": "keyword_id_movie_keyword",
                                        "Startup Cost": 0.0,
                                        "Total Cost": 52620.61,
                                        "Plan Rows": 2510424,
                                        "Plan Width": 0,
                                        "Actual Startup Time": 128.729,
                                        "Actual Total Time": 128.73,
                                        "Actual Rows": 2527471,
                                        "Actual Loops": 1,
                                        "Index Cond": "(mk.keyword_id < 6271)"
                                    }
                                ]
                            },
                            {
                                "Node Type": "Hash",
                                "Parent Relationship": "Inner",
                                "Parallel Aware": false,
                                "Startup Cost": 10000110342.1,
                                "Total Cost": 10000110342.1,
                                "Plan Rows": 2528322,
                                "Plan Width": 4,
                                "Actual Startup Time": 2732.35,
                                "Actual Total Time": 2732.351,
                                "Actual Rows": 2528312,
                                "Actual Loops": 1,
                                "Output": [
                                    "t.id"
                                ],
                                "Hash Buckets": 4194304,
                                "Original Hash Buckets": 4194304,
                                "Hash Batches": 1,
                                "Original Hash Batches": 1,
                                "Peak Memory Usage": 121654,
                                "Plans": [
                                    {
                                        "Node Type": "Index Scan",
                                        "Parent Relationship": "Outer",
                                        "Parallel Aware": false,
                                        "Scan Direction": "Forward",
                                        "Index Name": "title_pkey",
                                        "Relation Name": "title",
                                        "Schema": "public",
                                        "Alias": "t",
                                        "Startup Cost": 10000000000.43,
                                        "Total Cost": 10000110342.1,
                                        "Plan Rows": 2528322,
                                        "Plan Width": 4,
                                        "Actual Startup Time": 0.03,
                                        "Actual Total Time": 1873.542,
                                        "Actual Rows": 2528312,
                                        "Actual Loops": 1,
                                        "Output": [
                                            "t.id"
                                        ]
                                    }
                                ]
                            }
                        ]
                    },
                    {
                        "Node Type": "Hash",
                        "Parent Relationship": "Inner",
                        "Parallel Aware": false,
                        "Startup Cost": 102502.82,
                        "Total Cost": 102502.82,
                        "Plan Rows": 2450192,
                        "Plan Width": 4,
                        "Actual Startup Time": 923.471,
                        "Actual Total Time": 923.473,
                        "Actual Rows": 2447019,
                        "Actual Loops": 1,
                        "Output": [
                            "mc.movie_id"
                        ],
                        "Hash Buckets": 4194304,
                        "Original Hash Buckets": 4194304,
                        "Hash Batches": 1,
                        "Original Hash Batches": 1,
                        "Peak Memory Usage": 118797,
                        "Plans": [
                            {
                                "Node Type": "Bitmap Heap Scan",
                                "Parent Relationship": "Outer",
                                "Parallel Aware": false,
                                "Relation Name": "movie_companies",
                                "Schema": "public",
                                "Alias": "mc",
                                "Startup Cost": 53085.42,
                                "Total Cost": 102502.82,
                                "Plan Rows": 2450192,
                                "Plan Width": 4,
                                "Actual Startup Time": 156.428,
                                "Actual Total Time": 451.626,
                                "Actual Rows": 2447019,
                                "Actual Loops": 1,
                                "Output": [
                                    "mc.movie_id"
                                ],
                                "Recheck Cond": "(mc.company_id > 27)",
                                "Rows Removed by Index Recheck": 0,
                                "Exact Heap Blocks": 18557,
                                "Lossy Heap Blocks": 0,
                                "Plans": [
                                    {
                                        "Node Type": "Bitmap Index Scan",
                                        "Parent Relationship": "Outer",
                                        "Parallel Aware": false,
                                        "Index Name": "company_id_movie_companies",
                                        "Startup Cost": 0.0,
                                        "Total Cost": 52472.87,
                                        "Plan Rows": 2450192,
                                        "Plan Width": 0,
                                        "Actual Startup Time": 153.79,
                                        "Actual Total Time": 153.79,
                                        "Actual Rows": 2447019,
                                        "Actual Loops": 1,
                                        "Index Cond": "(mc.company_id > 27)"
                                    }
                                ]
                            }
                        ]
                    }
                ]
            }
        ]
    },
    "Planning Time": 3.622,
    "Triggers": [],
    "Execution Time": 6765.639
}