[
  {
    "Plan": {
      "Node Type": "Aggregate",
      "Strategy": "Plain",
      "Partial Mode": "Finalize",
      "Parallel Aware": false,
      "Startup Cost": 232712.72,
      "Total Cost": 232712.73,
      "Plan Rows": 1,
      "Plan Width": 8,
      "Actual Startup Time": 2858.735,
      "Actual Total Time": 2945.473,
      "Actual Rows": 1,
      "Actual Loops": 1,
      "Plans": [
        {
          "Node Type": "Gather",
          "Parent Relationship": "Outer",
          "Parallel Aware": false,
          "Startup Cost": 232712.41,
          "Total Cost": 232712.72,
          "Plan Rows": 3,
          "Plan Width": 8,
          "Actual Startup Time": 2857.709,
          "Actual Total Time": 2945.463,
          "Actual Rows": 4,
          "Actual Loops": 1,
          "Workers Planned": 3,
          "Workers Launched": 3,
          "Single Copy": false,
          "Plans": [
            {
              "Node Type": "Aggregate",
              "Strategy": "Plain",
              "Partial Mode": "Partial",
              "Parent Relationship": "Outer",
              "Parallel Aware": false,
              "Startup Cost": 231712.41,
              "Total Cost": 231712.42,
              "Plan Rows": 1,
              "Plan Width": 8,
              "Actual Startup Time": 2851.761,
              "Actual Total Time": 2851.764,
              "Actual Rows": 1,
              "Actual Loops": 4,
              "Plans": [
                {
                  "Node Type": "Nested Loop",
                  "Parent Relationship": "Outer",
                  "Parallel Aware": false,
                  "Join Type": "Inner",
                  "Startup Cost": 46576.95,
                  "Total Cost": 229884.27,
                  "Plan Rows": 731254,
                  "Plan Width": 0,
                  "Actual Startup Time": 202.097,
                  "Actual Total Time": 2738.87,
                  "Actual Rows": 2291597,
                  "Actual Loops": 4,
                  "Inner Unique": false,
                  "Join Filter": "(t.id = ci.movie_id)",
                  "Rows Removed by Join Filter": 0,
                  "Plans": [
                    {
                      "Node Type": "Hash Join",
                      "Parent Relationship": "Outer",
                      "Parallel Aware": true,
                      "Join Type": "Inner",
                      "Startup Cost": 46576.39,
                      "Total Cost": 78955.68,
                      "Plan Rows": 51002,
                      "Plan Width": 8,
                      "Actual Startup Time": 201.955,
                      "Actual Total Time": 320.453,
                      "Actual Rows": 102938,
                      "Actual Loops": 4,
                      "Inner Unique": true,
                      "Hash Cond": "(mc.movie_id = t.id)",
                      "Plans": [
                        {
                          "Node Type": "Seq Scan",
                          "Parent Relationship": "Outer",
                          "Parallel Aware": true,
                          "Relation Name": "movie_companies",
                          "Alias": "mc",
                          "Startup Cost": 0.0,
                          "Total Cost": 31414.82,
                          "Plan Rows": 367420,
                          "Plan Width": 4,
                          "Actual Startup Time": 33.85,
                          "Actual Total Time": 80.731,
                          "Actual Rows": 311972,
                          "Actual Loops": 4,
                          "Filter": "((company_id > 222) AND (company_type_id > 1))",
                          "Rows Removed by Filter": 340310
                        },
                        {
                          "Node Type": "Hash",
                          "Parent Relationship": "Inner",
                          "Parallel Aware": true,
                          "Startup Cost": 45479.59,
                          "Total Cost": 45479.59,
                          "Plan Rows": 87744,
                          "Plan Width": 4,
                          "Actual Startup Time": 131.534,
                          "Actual Total Time": 131.535,
                          "Actual Rows": 106143,
                          "Actual Loops": 4,
                          "Hash Buckets": 524288,
                          "Original Hash Buckets": 524288,
                          "Hash Batches": 1,
                          "Original Hash Batches": 1,
                          "Peak Memory Usage": 20768,
                          "Plans": [
                            {
                              "Node Type": "Seq Scan",
                              "Parent Relationship": "Outer",
                              "Parallel Aware": true,
                              "Relation Name": "title",
                              "Alias": "t",
                              "Startup Cost": 0.0,
                              "Total Cost": 45479.59,
                              "Plan Rows": 87744,
                              "Plan Width": 4,
                              "Actual Startup Time": 54.111,
                              "Actual Total Time": 99.642,
                              "Actual Rows": 106143,
                              "Actual Loops": 4,
                              "Filter": "((production_year < 2005) AND (kind_id = 1))",
                              "Rows Removed by Filter": 525935
                            }
                          ]
                        }
                      ]
                    },
                    {
                      "Node Type": "Index Only Scan",
                      "Parent Relationship": "Inner",
                      "Parallel Aware": false,
                      "Scan Direction": "Forward",
                      "Index Name": "movie_id_cast_info",
                      "Relation Name": "cast_info",
                      "Alias": "ci",
                      "Startup Cost": 0.56,
                      "Total Cost": 2.52,
                      "Plan Rows": 35,
                      "Plan Width": 4,
                      "Actual Startup Time": 0.004,
                      "Actual Total Time": 0.021,
                      "Actual Rows": 22,
                      "Actual Loops": 411753,
                      "Index Cond": "(movie_id = mc.movie_id)",
                      "Rows Removed by Index Recheck": 0,
                      "Heap Fetches": 9166387
                    }
                  ]
                }
              ]
            }
          ]
        }
      ]
    },
    "Planning Time": 0.444,
    "Triggers": [],
    "Execution Time": 2945.542
  }
]