[
  {
    "Plan": {
      "Node Type": "Aggregate",
      "Strategy": "Plain",
      "Partial Mode": "Finalize",
      "Parallel Aware": false,
      "Startup Cost": 111386.73,
      "Total Cost": 111386.74,
      "Plan Rows": 1,
      "Plan Width": 8,
      "Actual Startup Time": 491.066,
      "Actual Total Time": 502.461,
      "Actual Rows": 1,
      "Actual Loops": 1,
      "Plans": [
        {
          "Node Type": "Gather",
          "Parent Relationship": "Outer",
          "Parallel Aware": false,
          "Startup Cost": 111386.41,
          "Total Cost": 111386.72,
          "Plan Rows": 3,
          "Plan Width": 8,
          "Actual Startup Time": 485.701,
          "Actual Total Time": 502.452,
          "Actual Rows": 4,
          "Actual Loops": 1,
          "Workers Planned": 3,
          "Workers Launched": 3,
          "Single Copy": false,
          "Plans": [
            {
              "Node Type": "Aggregate",
              "Strategy": "Plain",
              "Partial Mode": "Partial",
              "Parent Relationship": "Outer",
              "Parallel Aware": false,
              "Startup Cost": 110386.41,
              "Total Cost": 110386.42,
              "Plan Rows": 1,
              "Plan Width": 8,
              "Actual Startup Time": 477.492,
              "Actual Total Time": 477.618,
              "Actual Rows": 1,
              "Actual Loops": 4,
              "Plans": [
                {
                  "Node Type": "Hash Join",
                  "Parent Relationship": "Outer",
                  "Parallel Aware": true,
                  "Join Type": "Inner",
                  "Startup Cost": 64407.78,
                  "Total Cost": 110270.88,
                  "Plan Rows": 46211,
                  "Plan Width": 0,
                  "Actual Startup Time": 269.838,
                  "Actual Total Time": 459.015,
                  "Actual Rows": 403108,
                  "Actual Loops": 4,
                  "Inner Unique": false,
                  "Hash Cond": "(mk.movie_id = t.id)",
                  "Plans": [
                    {
                      "Node Type": "Seq Scan",
                      "Parent Relationship": "Outer",
                      "Parallel Aware": true,
                      "Relation Name": "movie_keyword",
                      "Alias": "mk",
                      "Startup Cost": 0.0,
                      "Total Cost": 42695.65,
                      "Plan Rows": 793308,
                      "Plan Width": 4,
                      "Actual Startup Time": 0.183,
                      "Actual Total Time": 106.046,
                      "Actual Rows": 616299,
                      "Actual Loops": 4,
                      "Filter": "(keyword_id > 3660)",
                      "Rows Removed by Filter": 514683
                    },
                    {
                      "Node Type": "Hash",
                      "Parent Relationship": "Inner",
                      "Parallel Aware": true,
                      "Startup Cost": 63640.72,
                      "Total Cost": 63640.72,
                      "Plan Rows": 61365,
                      "Plan Width": 8,
                      "Actual Startup Time": 267.759,
                      "Actual Total Time": 267.883,
                      "Actual Rows": 73122,
                      "Actual Loops": 4,
                      "Hash Buckets": 524288,
                      "Original Hash Buckets": 262144,
                      "Hash Batches": 1,
                      "Original Hash Batches": 1,
                      "Peak Memory Usage": 17632,
                      "Plans": [
                        {
                          "Node Type": "Hash Join",
                          "Parent Relationship": "Outer",
                          "Parallel Aware": true,
                          "Join Type": "Inner",
                          "Startup Cost": 48016.41,
                          "Total Cost": 63640.72,
                          "Plan Rows": 61365,
                          "Plan Width": 8,
                          "Actual Startup Time": 167.534,
                          "Actual Total Time": 241.066,
                          "Actual Rows": 73122,
                          "Actual Loops": 4,
                          "Inner Unique": true,
                          "Hash Cond": "(mi_idx.movie_id = t.id)",
                          "Plans": [
                            {
                              "Node Type": "Seq Scan",
                              "Parent Relationship": "Outer",
                              "Parallel Aware": true,
                              "Relation Name": "movie_info_idx",
                              "Alias": "mi_idx",
                              "Startup Cost": 0.0,
                              "Total Cost": 15122.68,
                              "Plan Rows": 191097,
                              "Plan Width": 4,
                              "Actual Startup Time": 0.021,
                              "Actual Total Time": 32.258,
                              "Actual Rows": 114981,
                              "Actual Loops": 4,
                              "Filter": "(info_type_id = 101)",
                              "Rows Removed by Filter": 230028
                            },
                            {
                              "Node Type": "Hash",
                              "Parent Relationship": "Inner",
                              "Parallel Aware": true,
                              "Startup Cost": 45479.21,
                              "Total Cost": 45479.21,
                              "Plan Rows": 202976,
                              "Plan Width": 4,
                              "Actual Startup Time": 164.932,
                              "Actual Total Time": 164.933,
                              "Actual Rows": 210754,
                              "Actual Loops": 4,
                              "Hash Buckets": 1048576,
                              "Original Hash Buckets": 1048576,
                              "Hash Batches": 1,
                              "Original Hash Batches": 1,
                              "Peak Memory Usage": 41280,
                              "Plans": [
                                {
                                  "Node Type": "Seq Scan",
                                  "Parent Relationship": "Outer",
                                  "Parallel Aware": true,
                                  "Relation Name": "title",
                                  "Alias": "t",
                                  "Startup Cost": 0.0,
                                  "Total Cost": 45479.21,
                                  "Plan Rows": 202976,
                                  "Plan Width": 4,
                                  "Actual Startup Time": 0.038,
                                  "Actual Total Time": 98.036,
                                  "Actual Rows": 210754,
                                  "Actual Loops": 4,
                                  "Filter": "((kind_id < 7) AND (production_year < 2011))",
                                  "Rows Removed by Filter": 421324
                                }
                              ]
                            }
                          ]
                        }
                      ]
                    }
                  ]
                }
              ]
            }
          ]
        }
      ]
    },
    "Planning Time": 0.637,
    "Triggers": [],
    "Execution Time": 502.504
  }
]