{
  "Plan": {
    "Node Type": "Aggregate",
    "Strategy": "Plain",
    "Partial Mode": "Finalize",
    "Parallel Aware": false,
    "Startup Cost": 631730.15,
    "Total Cost": 631730.16,
    "Plan Rows": 1,
    "Plan Width": 8,
    "Actual Startup Time": 3453.042,
    "Actual Total Time": 3506.12,
    "Actual Rows": 1,
    "Actual Loops": 1,
    "Plans": [
      {
        "Node Type": "Gather",
        "Parent Relationship": "Outer",
        "Parallel Aware": false,
        "Startup Cost": 631730.04,
        "Total Cost": 631730.15,
        "Plan Rows": 1,
        "Plan Width": 8,
        "Actual Startup Time": 3452.739,
        "Actual Total Time": 3506.111,
        "Actual Rows": 2,
        "Actual Loops": 1,
        "Workers Planned": 1,
        "Workers Launched": 1,
        "Single Copy": false,
        "Plans": [
          {
            "Node Type": "Aggregate",
            "Strategy": "Plain",
            "Partial Mode": "Partial",
            "Parent Relationship": "Outer",
            "Parallel Aware": false,
            "Startup Cost": 630730.04,
            "Total Cost": 630730.05,
            "Plan Rows": 1,
            "Plan Width": 8,
            "Actual Startup Time": 3446.677,
            "Actual Total Time": 3446.681,
            "Actual Rows": 1,
            "Actual Loops": 2,
            "Plans": [
              {
                "Node Type": "Hash Join",
                "Parent Relationship": "Outer",
                "Parallel Aware": true,
                "Join Type": "Inner",
                "Startup Cost": 58399.13,
                "Total Cost": 630478.4,
                "Plan Rows": 100656,
                "Plan Width": 0,
                "Actual Startup Time": 197.593,
                "Actual Total Time": 3441.335,
                "Actual Rows": 90106,
                "Actual Loops": 2,
                "Inner Unique": true,
                "Hash Cond": "(ci.movie_id = t.id)",
                "Plans": [
                  {
                    "Node Type": "Seq Scan",
                    "Parent Relationship": "Outer",
                    "Parallel Aware": true,
                    "Relation Name": "cast_info",
                    "Alias": "ci",
                    "Startup Cost": 0.0,
                    "Total Cost": 519069.44,
                    "Plan Rows": 20194187,
                    "Plan Width": 4,
                    "Actual Startup Time": 50.558,
                    "Actual Total Time": 1804.868,
                    "Actual Rows": 17161066,
                    "Actual Loops": 2,
                    "Filter": "(person_id > 188486)",
                    "Rows Removed by Filter": 961106
                  },
                  {
                    "Node Type": "Hash",
                    "Parent Relationship": "Inner",
                    "Parallel Aware": true,
                    "Startup Cost": 58306.47,
                    "Total Cost": 58306.47,
                    "Plan Rows": 7413,
                    "Plan Width": 4,
                    "Actual Startup Time": 145.567,
                    "Actual Total Time": 145.568,
                    "Actual Rows": 6322,
                    "Actual Loops": 2,
                    "Hash Buckets": 16384,
                    "Original Hash Buckets": 16384,
                    "Hash Batches": 1,
                    "Original Hash Batches": 1,
                    "Peak Memory Usage": 672,
                    "Plans": [
                      {
                        "Node Type": "Seq Scan",
                        "Parent Relationship": "Outer",
                        "Parallel Aware": true,
                        "Relation Name": "title",
                        "Alias": "t",
                        "Startup Cost": 0.0,
                        "Total Cost": 58306.47,
                        "Plan Rows": 7413,
                        "Plan Width": 4,
                        "Actual Startup Time": 0.065,
                        "Actual Total Time": 142.885,
                        "Actual Rows": 6322,
                        "Actual Loops": 2,
                        "Filter": "((kind_id = 7) AND (production_year = 1989))",
                        "Rows Removed by Filter": 1257834
                      }
                    ]
                  }
                ]
              }
            ]
          }
        ]
      }
    ]
  },
  "Planning Time": 0.478,
  "Triggers": [],
  "Execution Time": 3506.2
}