[
  {
    "Plan": {
      "Node Type": "Aggregate",
      "Strategy": "Plain",
      "Partial Mode": "Finalize",
      "Parallel Aware": false,
      "Startup Cost": 94913.5,
      "Total Cost": 94913.51,
      "Plan Rows": 1,
      "Plan Width": 8,
      "Actual Startup Time": 407.441,
      "Actual Total Time": 424.714,
      "Actual Rows": 1,
      "Actual Loops": 1,
      "Plans": [
        {
          "Node Type": "Gather",
          "Parent Relationship": "Outer",
          "Parallel Aware": false,
          "Startup Cost": 94913.19,
          "Total Cost": 94913.5,
          "Plan Rows": 3,
          "Plan Width": 8,
          "Actual Startup Time": 402.68,
          "Actual Total Time": 424.697,
          "Actual Rows": 4,
          "Actual Loops": 1,
          "Workers Planned": 3,
          "Workers Launched": 3,
          "Single Copy": false,
          "Plans": [
            {
              "Node Type": "Aggregate",
              "Strategy": "Plain",
              "Partial Mode": "Partial",
              "Parent Relationship": "Outer",
              "Parallel Aware": false,
              "Startup Cost": 93913.19,
              "Total Cost": 93913.2,
              "Plan Rows": 1,
              "Plan Width": 8,
              "Actual Startup Time": 390.289,
              "Actual Total Time": 390.293,
              "Actual Rows": 1,
              "Actual Loops": 4,
              "Plans": [
                {
                  "Node Type": "Hash Join",
                  "Parent Relationship": "Outer",
                  "Parallel Aware": true,
                  "Join Type": "Inner",
                  "Startup Cost": 48918.29,
                  "Total Cost": 93239.45,
                  "Plan Rows": 269496,
                  "Plan Width": 0,
                  "Actual Startup Time": 234.449,
                  "Actual Total Time": 388.091,
                  "Actual Rows": 54770,
                  "Actual Loops": 4,
                  "Inner Unique": true,
                  "Hash Cond": "(mk.movie_id = t.id)",
                  "Plans": [
                    {
                      "Node Type": "Seq Scan",
                      "Parent Relationship": "Outer",
                      "Parallel Aware": true,
                      "Relation Name": "movie_keyword",
                      "Alias": "mk",
                      "Startup Cost": 0.0,
                      "Total Cost": 42695.65,
                      "Plan Rows": 619241,
                      "Plan Width": 4,
                      "Actual Startup Time": 0.409,
                      "Actual Total Time": 95.847,
                      "Actual Rows": 477012,
                      "Actual Loops": 4,
                      "Filter": "(keyword_id > 7078)",
                      "Rows Removed by Filter": 653970
                    },
                    {
                      "Node Type": "Hash",
                      "Parent Relationship": "Inner",
                      "Parallel Aware": true,
                      "Startup Cost": 45479.59,
                      "Total Cost": 45479.59,
                      "Plan Rows": 275096,
                      "Plan Width": 4,
                      "Actual Startup Time": 225.955,
                      "Actual Total Time": 225.956,
                      "Actual Rows": 297387,
                      "Actual Loops": 4,
                      "Hash Buckets": 2097152,
                      "Original Hash Buckets": 2097152,
                      "Hash Batches": 1,
                      "Original Hash Batches": 1,
                      "Peak Memory Usage": 62976,
                      "Plans": [
                        {
                          "Node Type": "Seq Scan",
                          "Parent Relationship": "Outer",
                          "Parallel Aware": true,
                          "Relation Name": "title",
                          "Alias": "t",
                          "Startup Cost": 0.0,
                          "Total Cost": 45479.59,
                          "Plan Rows": 275096,
                          "Plan Width": 4,
                          "Actual Startup Time": 0.055,
                          "Actual Total Time": 107.968,
                          "Actual Rows": 297387,
                          "Actual Loops": 4,
                          "Filter": "((production_year > 1988) AND (kind_id = 7))",
                          "Rows Removed by Filter": 334691
                        }
                      ]
                    }
                  ]
                }
              ]
            }
          ]
        }
      ]
    },
    "Planning Time": 0.637,
    "Triggers": [],
    "Execution Time": 424.785
  }
]