{
  "Plan": {
    "Node Type": "Aggregate",
    "Strategy": "Plain",
    "Partial Mode": "Finalize",
    "Parallel Aware": false,
    "Startup Cost": 617158.12,
    "Total Cost": 617158.13,
    "Plan Rows": 1,
    "Plan Width": 8,
    "Actual Startup Time": 2600.028,
    "Actual Total Time": 2666.543,
    "Actual Rows": 1,
    "Actual Loops": 1,
    "Plans": [
      {
        "Node Type": "Gather",
        "Parent Relationship": "Outer",
        "Parallel Aware": false,
        "Startup Cost": 617158.01,
        "Total Cost": 617158.12,
        "Plan Rows": 1,
        "Plan Width": 8,
        "Actual Startup Time": 2599.773,
        "Actual Total Time": 2666.525,
        "Actual Rows": 2,
        "Actual Loops": 1,
        "Workers Planned": 1,
        "Workers Launched": 1,
        "Single Copy": false,
        "Plans": [
          {
            "Node Type": "Aggregate",
            "Strategy": "Plain",
            "Partial Mode": "Partial",
            "Parent Relationship": "Outer",
            "Parallel Aware": false,
            "Startup Cost": 616158.01,
            "Total Cost": 616158.02,
            "Plan Rows": 1,
            "Plan Width": 8,
            "Actual Startup Time": 2594.283,
            "Actual Total Time": 2594.286,
            "Actual Rows": 1,
            "Actual Loops": 2,
            "Plans": [
              {
                "Node Type": "Hash Join",
                "Parent Relationship": "Outer",
                "Parallel Aware": true,
                "Join Type": "Inner",
                "Startup Cost": 59037.89,
                "Total Cost": 614783.73,
                "Plan Rows": 549711,
                "Plan Width": 0,
                "Actual Startup Time": 609.489,
                "Actual Total Time": 2593.869,
                "Actual Rows": 5520,
                "Actual Loops": 2,
                "Inner Unique": true,
                "Hash Cond": "(ci.movie_id = t.id)",
                "Plans": [
                  {
                    "Node Type": "Seq Scan",
                    "Parent Relationship": "Outer",
                    "Parallel Aware": true,
                    "Relation Name": "cast_info",
                    "Alias": "ci",
                    "Startup Cost": 0.0,
                    "Total Cost": 519069.44,
                    "Plan Rows": 13971936,
                    "Plan Width": 4,
                    "Actual Startup Time": 477.08,
                    "Actual Total Time": 1684.771,
                    "Actual Rows": 11786828,
                    "Actual Loops": 2,
                    "Filter": "(role_id > 1)",
                    "Rows Removed by Filter": 6335344
                  },
                  {
                    "Node Type": "Hash",
                    "Parent Relationship": "Inner",
                    "Parallel Aware": true,
                    "Startup Cost": 58306.47,
                    "Total Cost": 58306.47,
                    "Plan Rows": 58514,
                    "Plan Width": 4,
                    "Actual Startup Time": 129.197,
                    "Actual Total Time": 129.197,
                    "Actual Rows": 2008,
                    "Actual Loops": 2,
                    "Hash Buckets": 131072,
                    "Original Hash Buckets": 131072,
                    "Hash Batches": 1,
                    "Original Hash Batches": 1,
                    "Peak Memory Usage": 1184,
                    "Plans": [
                      {
                        "Node Type": "Seq Scan",
                        "Parent Relationship": "Outer",
                        "Parallel Aware": true,
                        "Relation Name": "title",
                        "Alias": "t",
                        "Startup Cost": 0.0,
                        "Total Cost": 58306.47,
                        "Plan Rows": 58514,
                        "Plan Width": 4,
                        "Actual Startup Time": 0.533,
                        "Actual Total Time": 128.109,
                        "Actual Rows": 2008,
                        "Actual Loops": 2,
                        "Filter": "((production_year < 1951) AND (kind_id = 7))",
                        "Rows Removed by Filter": 1262148
                      }
                    ]
                  }
                ]
              }
            ]
          }
        ]
      }
    ]
  },
  "Planning Time": 0.284,
  "Triggers": [],
  "Execution Time": 2666.603
}