[
    {
        "Bao": {
            "Bao prediction": "NaN",
            "Bao recommended hint": "(no hint)"
        }
    },
    {
        "Plan": {
            "Node Type": "Aggregate",
            "Strategy": "Plain",
            "Partial Mode": "Finalize",
            "Parallel Aware": false,
            "Startup Cost": 32825.02,
            "Total Cost": 32825.03,
            "Plan Rows": 1,
            "Plan Width": 8,
            "Actual Startup Time": 100.068,
            "Actual Total Time": 105.895,
            "Actual Rows": 1,
            "Actual Loops": 1,
            "Output": [
                "count(*)"
            ],
            "Plans": [
                {
                    "Node Type": "Gather",
                    "Parent Relationship": "Outer",
                    "Parallel Aware": false,
                    "Startup Cost": 32824.71,
                    "Total Cost": 32825.02,
                    "Plan Rows": 3,
                    "Plan Width": 8,
                    "Actual Startup Time": 99.994,
                    "Actual Total Time": 105.887,
                    "Actual Rows": 4,
                    "Actual Loops": 1,
                    "Output": [
                        "(PARTIAL count(*))"
                    ],
                    "Workers Planned": 3,
                    "Workers Launched": 3,
                    "Single Copy": false,
                    "Plans": [
                        {
                            "Node Type": "Aggregate",
                            "Strategy": "Plain",
                            "Partial Mode": "Partial",
                            "Parent Relationship": "Outer",
                            "Parallel Aware": false,
                            "Startup Cost": 31824.71,
                            "Total Cost": 31824.72,
                            "Plan Rows": 1,
                            "Plan Width": 8,
                            "Actual Startup Time": 91.853,
                            "Actual Total Time": 91.854,
                            "Actual Rows": 1,
                            "Actual Loops": 4,
                            "Output": [
                                "PARTIAL count(*)"
                            ],
                            "Workers": [
                                {
                                    "Worker Number": 0,
                                    "Actual Startup Time": 88.925,
                                    "Actual Total Time": 88.926,
                                    "Actual Rows": 1,
                                    "Actual Loops": 1
                                },
                                {
                                    "Worker Number": 1,
                                    "Actual Startup Time": 89.341,
                                    "Actual Total Time": 89.342,
                                    "Actual Rows": 1,
                                    "Actual Loops": 1
                                },
                                {
                                    "Worker Number": 2,
                                    "Actual Startup Time": 89.536,
                                    "Actual Total Time": 89.538,
                                    "Actual Rows": 1,
                                    "Actual Loops": 1
                                }
                            ],
                            "Plans": [
                                {
                                    "Node Type": "Seq Scan",
                                    "Parent Relationship": "Outer",
                                    "Parallel Aware": true,
                                    "Relation Name": "movie_companies",
                                    "Schema": "public",
                                    "Alias": "mc",
                                    "Startup Cost": 0.0,
                                    "Total Cost": 31414.82,
                                    "Plan Rows": 163955,
                                    "Plan Width": 0,
                                    "Actual Startup Time": 50.549,
                                    "Actual Total Time": 87.412,
                                    "Actual Rows": 75124,
                                    "Actual Loops": 4,
                                    "Output": [
                                        "id",
                                        "movie_id",
                                        "company_id",
                                        "company_type_id",
                                        "note"
                                    ],
                                    "Filter": "((mc.company_id < 4626) AND (mc.company_type_id > 1))",
                                    "Rows Removed by Filter": 577159,
                                    "Workers": [
                                        {
                                            "Worker Number": 0,
                                            "Actual Startup Time": 47.623,
                                            "Actual Total Time": 84.621,
                                            "Actual Rows": 62593,
                                            "Actual Loops": 1
                                        },
                                        {
                                            "Worker Number": 1,
                                            "Actual Startup Time": 48.04,
                                            "Actual Total Time": 85.208,
                                            "Actual Rows": 97979,
                                            "Actual Loops": 1
                                        },
                                        {
                                            "Worker Number": 2,
                                            "Actual Startup Time": 48.238,
                                            "Actual Total Time": 85.217,
                                            "Actual Rows": 63258,
                                            "Actual Loops": 1
                                        }
                                    ]
                                }
                            ]
                        }
                    ]
                }
            ]
        },
        "Planning Time": 300.628,
        "Triggers": [],
        "Execution Time": 105.974
    }
]