[
  {
    "Plan": {
      "Node Type": "Aggregate",
      "Strategy": "Plain",
      "Partial Mode": "Finalize",
      "Parallel Aware": false,
      "Startup Cost": 30821.82,
      "Total Cost": 30821.83,
      "Plan Rows": 1,
      "Plan Width": 8,
      "Actual Startup Time": 85.41,
      "Actual Total Time": 93.713,
      "Actual Rows": 1,
      "Actual Loops": 1,
      "Plans": [
        {
          "Node Type": "Gather",
          "Parent Relationship": "Outer",
          "Parallel Aware": false,
          "Startup Cost": 30821.5,
          "Total Cost": 30821.81,
          "Plan Rows": 3,
          "Plan Width": 8,
          "Actual Startup Time": 85.182,
          "Actual Total Time": 93.705,
          "Actual Rows": 4,
          "Actual Loops": 1,
          "Workers Planned": 3,
          "Workers Launched": 3,
          "Single Copy": false,
          "Plans": [
            {
              "Node Type": "Aggregate",
              "Strategy": "Plain",
              "Partial Mode": "Partial",
              "Parent Relationship": "Outer",
              "Parallel Aware": false,
              "Startup Cost": 29821.5,
              "Total Cost": 29821.51,
              "Plan Rows": 1,
              "Plan Width": 8,
              "Actual Startup Time": 79.888,
              "Actual Total Time": 79.889,
              "Actual Rows": 1,
              "Actual Loops": 4,
              "Plans": [
                {
                  "Node Type": "Seq Scan",
                  "Parent Relationship": "Outer",
                  "Parallel Aware": true,
                  "Relation Name": "movie_companies",
                  "Alias": "mc",
                  "Startup Cost": 0.0,
                  "Total Cost": 29310.68,
                  "Plan Rows": 204327,
                  "Plan Width": 0,
                  "Actual Startup Time": 31.821,
                  "Actual Total Time": 72.71,
                  "Actual Rows": 161458,
                  "Actual Loops": 4,
                  "Filter": "(company_id > 55734)",
                  "Rows Removed by Filter": 490824
                }
              ]
            }
          ]
        }
      ]
    },
    "Planning Time": 0.158,
    "Triggers": [],
    "Execution Time": 93.757
  }
]