[
  {
    "Plan": {
      "Node Type": "Aggregate",
      "Strategy": "Plain",
      "Partial Mode": "Finalize",
      "Parallel Aware": false,
      "Startup Cost": 343092.97,
      "Total Cost": 343092.98,
      "Plan Rows": 1,
      "Plan Width": 8,
      "Actual Startup Time": 942.933,
      "Actual Total Time": 1002.506,
      "Actual Rows": 1,
      "Actual Loops": 1,
      "Plans": [
        {
          "Node Type": "Gather",
          "Parent Relationship": "Outer",
          "Parallel Aware": false,
          "Startup Cost": 343092.35,
          "Total Cost": 343092.96,
          "Plan Rows": 6,
          "Plan Width": 8,
          "Actual Startup Time": 942.814,
          "Actual Total Time": 1002.496,
          "Actual Rows": 7,
          "Actual Loops": 1,
          "Workers Planned": 6,
          "Workers Launched": 6,
          "Single Copy": false,
          "Plans": [
            {
              "Node Type": "Aggregate",
              "Strategy": "Plain",
              "Partial Mode": "Partial",
              "Parent Relationship": "Outer",
              "Parallel Aware": false,
              "Startup Cost": 342092.35,
              "Total Cost": 342092.36,
              "Plan Rows": 1,
              "Plan Width": 8,
              "Actual Startup Time": 932.049,
              "Actual Total Time": 932.051,
              "Actual Rows": 1,
              "Actual Loops": 7,
              "Plans": [
                {
                  "Node Type": "Seq Scan",
                  "Parent Relationship": "Outer",
                  "Parallel Aware": true,
                  "Relation Name": "cast_info",
                  "Alias": "ci",
                  "Startup Cost": 0.0,
                  "Total Cost": 328162.03,
                  "Plan Rows": 5572128,
                  "Plan Width": 0,
                  "Actual Startup Time": 0.06,
                  "Actual Total Time": 705.481,
                  "Actual Rows": 4795874,
                  "Actual Loops": 7,
                  "Filter": "(person_id < 3547589)",
                  "Rows Removed by Filter": 381889
                }
              ]
            }
          ]
        }
      ]
    },
    "Planning Time": 0.177,
    "Triggers": [],
    "Execution Time": 1002.578
  }
]