{
    "Plan": {
        "Node Type": "Aggregate",
        "Strategy": "Plain",
        "Partial Mode": "Simple",
        "Parallel Aware": false,
        "Startup Cost": 10011136317.64,
        "Total Cost": 10011136317.65,
        "Plan Rows": 1,
        "Plan Width": 96,
        "Actual Startup Time": 195227.85,
        "Actual Total Time": 195538.016,
        "Actual Rows": 1,
        "Actual Loops": 1,
        "Output": [
            "min(k.keyword)",
            "min(n.name)",
            "min(t.title)"
        ],
        "Plans": [
            {
                "Node Type": "Gather",
                "Parent Relationship": "Outer",
                "Parallel Aware": false,
                "Startup Cost": 10011136246.31,
                "Total Cost": 10011136317.59,
                "Plan Rows": 7,
                "Plan Width": 48,
                "Actual Startup Time": 193644.889,
                "Actual Total Time": 195537.712,
                "Actual Rows": 291,
                "Actual Loops": 1,
                "Output": [
                    "k.keyword",
                    "n.name",
                    "t.title"
                ],
                "Workers Planned": 4,
                "Workers Launched": 4,
                "Single Copy": false,
                "Plans": [
                    {
                        "Node Type": "Nested Loop",
                        "Parent Relationship": "Outer",
                        "Parallel Aware": false,
                        "Join Type": "Inner",
                        "Startup Cost": 10011135246.31,
                        "Total Cost": 10011135316.89,
                        "Plan Rows": 2,
                        "Plan Width": 48,
                        "Actual Startup Time": 191551.58,
                        "Actual Total Time": 191569.176,
                        "Actual Rows": 58,
                        "Actual Loops": 5,
                        "Output": [
                            "k.keyword",
                            "n.name",
                            "t.title"
                        ],
                        "Inner Unique": true,
                        "Join Filter": "(mk.movie_id = t.id)",
                        "Rows Removed by Join Filter": 0,
                        "Workers": [
                            {
                                "Worker Number": 0,
                                "Actual Startup Time": 195119.774,
                                "Actual Total Time": 195135.013,
                                "Actual Rows": 64,
                                "Actual Loops": 1
                            },
                            {
                                "Worker Number": 1,
                                "Actual Startup Time": 192863.926,
                                "Actual Total Time": 192880.192,
                                "Actual Rows": 43,
                                "Actual Loops": 1
                            },
                            {
                                "Worker Number": 2,
                                "Actual Startup Time": 192924.463,
                                "Actual Total Time": 192941.378,
                                "Actual Rows": 60,
                                "Actual Loops": 1
                            },
                            {
                                "Worker Number": 3,
                                "Actual Startup Time": 183206.074,
                                "Actual Total Time": 183230.682,
                                "Actual Rows": 44,
                                "Actual Loops": 1
                            }
                        ],
                        "Plans": [
                            {
                                "Node Type": "Merge Join",
                                "Parent Relationship": "Outer",
                                "Parallel Aware": false,
                                "Join Type": "Inner",
                                "Startup Cost": 11135245.87,
                                "Total Cost": 11135303.49,
                                "Plan Rows": 3,
                                "Plan Width": 39,
                                "Actual Startup Time": 191551.403,
                                "Actual Total Time": 191567.126,
                                "Actual Rows": 78,
                                "Actual Loops": 5,
                                "Output": [
                                    "ci.movie_id",
                                    "mk.movie_id",
                                    "k.keyword",
                                    "n.name"
                                ],
                                "Inner Unique": false,
                                "Merge Cond": "(n.id = ci.person_id)",
                                "Workers": [
                                    {
                                        "Worker Number": 0,
                                        "Actual Startup Time": 195119.611,
                                        "Actual Total Time": 195133.079,
                                        "Actual Rows": 79,
                                        "Actual Loops": 1
                                    },
                                    {
                                        "Worker Number": 1,
                                        "Actual Startup Time": 192863.797,
                                        "Actual Total Time": 192878.313,
                                        "Actual Rows": 65,
                                        "Actual Loops": 1
                                    },
                                    {
                                        "Worker Number": 2,
                                        "Actual Startup Time": 192924.275,
                                        "Actual Total Time": 192939.094,
                                        "Actual Rows": 77,
                                        "Actual Loops": 1
                                    },
                                    {
                                        "Worker Number": 3,
                                        "Actual Startup Time": 183205.765,
                                        "Actual Total Time": 183227.864,
                                        "Actual Rows": 62,
                                        "Actual Loops": 1
                                    }
                                ],
                                "Plans": [
                                    {
                                        "Node Type": "Sort",
                                        "Parent Relationship": "Outer",
                                        "Parallel Aware": false,
                                        "Startup Cost": 69339.67,
                                        "Total Cost": 69365.98,
                                        "Plan Rows": 10524,
                                        "Plan Width": 19,
                                        "Actual Startup Time": 213.979,
                                        "Actual Total Time": 214.728,
                                        "Actual Rows": 5983,
                                        "Actual Loops": 5,
                                        "Output": [
                                            "n.name",
                                            "n.id"
                                        ],
                                        "Sort Key": [
                                            "n.id"
                                        ],
                                        "Sort Method": "quicksort",
                                        "Sort Space Used": 1080,
                                        "Sort Space Type": "Memory",
                                        "Workers": [
                                            {
                                                "Worker Number": 0,
                                                "Actual Startup Time": 211.133,
                                                "Actual Total Time": 211.694,
                                                "Actual Rows": 4602,
                                                "Actual Loops": 1
                                            },
                                            {
                                                "Worker Number": 1,
                                                "Actual Startup Time": 211.181,
                                                "Actual Total Time": 211.692,
                                                "Actual Rows": 4456,
                                                "Actual Loops": 1
                                            },
                                            {
                                                "Worker Number": 2,
                                                "Actual Startup Time": 211.778,
                                                "Actual Total Time": 212.778,
                                                "Actual Rows": 6934,
                                                "Actual Loops": 1
                                            },
                                            {
                                                "Worker Number": 3,
                                                "Actual Startup Time": 211.752,
                                                "Actual Total Time": 212.523,
                                                "Actual Rows": 4750,
                                                "Actual Loops": 1
                                            }
                                        ],
                                        "Plans": [
                                            {
                                                "Node Type": "Seq Scan",
                                                "Parent Relationship": "Outer",
                                                "Parallel Aware": true,
                                                "Relation Name": "name",
                                                "Schema": "public",
                                                "Alias": "n",
                                                "Startup Cost": 0.0,
                                                "Total Cost": 68636.59,
                                                "Plan Rows": 10524,
                                                "Plan Width": 19,
                                                "Actual Startup Time": 0.096,
                                                "Actual Total Time": 210.449,
                                                "Actual Rows": 6109,
                                                "Actual Loops": 5,
                                                "Output": [
                                                    "n.name",
                                                    "n.id"
                                                ],
                                                "Filter": "(n.name ~~ '%Alex%'::text)",
                                                "Rows Removed by Filter": 827389,
                                                "Workers": [
                                                    {
                                                        "Worker Number": 0,
                                                        "Actual Startup Time": 0.078,
                                                        "Actual Total Time": 207.458,
                                                        "Actual Rows": 4695,
                                                        "Actual Loops": 1
                                                    },
                                                    {
                                                        "Worker Number": 1,
                                                        "Actual Startup Time": 0.095,
                                                        "Actual Total Time": 207.587,
                                                        "Actual Rows": 4565,
                                                        "Actual Loops": 1
                                                    },
                                                    {
                                                        "Worker Number": 2,
                                                        "Actual Startup Time": 0.105,
                                                        "Actual Total Time": 208.185,
                                                        "Actual Rows": 7067,
                                                        "Actual Loops": 1
                                                    },
                                                    {
                                                        "Worker Number": 3,
                                                        "Actual Startup Time": 0.1,
                                                        "Actual Total Time": 207.931,
                                                        "Actual Rows": 4856,
                                                        "Actual Loops": 1
                                                    }
                                                ]
                                            }
                                        ]
                                    },
                                    {
                                        "Node Type": "Sort",
                                        "Parent Relationship": "Inner",
                                        "Parallel Aware": false,
                                        "Startup Cost": 11065906.19,
                                        "Total Cost": 11065909.43,
                                        "Plan Rows": 1295,
                                        "Plan Width": 28,
                                        "Actual Startup Time": 191337.181,
                                        "Actual Total Time": 191346.427,
                                        "Actual Rows": 63505,
                                        "Actual Loops": 5,
                                        "Output": [
                                            "ci.movie_id",
                                            "ci.person_id",
                                            "mk.movie_id",
                                            "k.keyword"
                                        ],
                                        "Sort Key": [
                                            "ci.person_id"
                                        ],
                                        "Sort Method": "quicksort",
                                        "Sort Space Used": 6498,
                                        "Sort Space Type": "Memory",
                                        "Workers": [
                                            {
                                                "Worker Number": 0,
                                                "Actual Startup Time": 194908.35,
                                                "Actual Total Time": 194916.313,
                                                "Actual Rows": 63505,
                                                "Actual Loops": 1
                                            },
                                            {
                                                "Worker Number": 1,
                                                "Actual Startup Time": 192652.035,
                                                "Actual Total Time": 192661.171,
                                                "Actual Rows": 63505,
                                                "Actual Loops": 1
                                            },
                                            {
                                                "Worker Number": 2,
                                                "Actual Startup Time": 192712.304,
                                                "Actual Total Time": 192720.922,
                                                "Actual Rows": 63505,
                                                "Actual Loops": 1
                                            },
                                            {
                                                "Worker Number": 3,
                                                "Actual Startup Time": 182993.81,
                                                "Actual Total Time": 183006.757,
                                                "Actual Rows": 63505,
                                                "Actual Loops": 1
                                            }
                                        ],
                                        "Plans": [
                                            {
                                                "Node Type": "Hash Join",
                                                "Parent Relationship": "Outer",
                                                "Parallel Aware": false,
                                                "Join Type": "Inner",
                                                "Startup Cost": 11056783.41,
                                                "Total Cost": 11065839.25,
                                                "Plan Rows": 1295,
                                                "Plan Width": 28,
                                                "Actual Startup Time": 191311.408,
                                                "Actual Total Time": 191318.288,
                                                "Actual Rows": 63505,
                                                "Actual Loops": 5,
                                                "Output": [
                                                    "ci.movie_id",
                                                    "ci.person_id",
                                                    "mk.movie_id",
                                                    "k.keyword"
                                                ],
                                                "Inner Unique": false,
                                                "Hash Cond": "(k.id = mk.keyword_id)",
                                                "Workers": [
                                                    {
                                                        "Worker Number": 0,
                                                        "Actual Startup Time": 194884.62,
                                                        "Actual Total Time": 194890.839,
                                                        "Actual Rows": 63505,
                                                        "Actual Loops": 1
                                                    },
                                                    {
                                                        "Worker Number": 1,
                                                        "Actual Startup Time": 192628.328,
                                                        "Actual Total Time": 192634.587,
                                                        "Actual Rows": 63505,
                                                        "Actual Loops": 1
                                                    },
                                                    {
                                                        "Worker Number": 2,
                                                        "Actual Startup Time": 192687.832,
                                                        "Actual Total Time": 192694.202,
                                                        "Actual Rows": 63505,
                                                        "Actual Loops": 1
                                                    },
                                                    {
                                                        "Worker Number": 3,
                                                        "Actual Startup Time": 182960.848,
                                                        "Actual Total Time": 182970.052,
                                                        "Actual Rows": 63505,
                                                        "Actual Loops": 1
                                                    }
                                                ],
                                                "Plans": [
                                                    {
                                                        "Node Type": "Index Scan",
                                                        "Parent Relationship": "Outer",
                                                        "Parallel Aware": false,
                                                        "Scan Direction": "Forward",
                                                        "Index Name": "keyword_pkey",
                                                        "Relation Name": "keyword",
                                                        "Schema": "public",
                                                        "Alias": "k",
                                                        "Startup Cost": 0.42,
                                                        "Total Cost": 5342.92,
                                                        "Plan Rows": 1,
                                                        "Plan Width": 20,
                                                        "Actual Startup Time": 1.844,
                                                        "Actual Total Time": 41.069,
                                                        "Actual Rows": 1,
                                                        "Actual Loops": 5,
                                                        "Output": [
                                                            "k.id",
                                                            "k.keyword",
                                                            "k.phonetic_code"
                                                        ],
                                                        "Filter": "(k.keyword = 'superhero'::text)",
                                                        "Rows Removed by Filter": 134169,
                                                        "Workers": [
                                                            {
                                                                "Worker Number": 0,
                                                                "Actual Startup Time": 2.113,
                                                                "Actual Total Time": 46.762,
                                                                "Actual Rows": 1,
                                                                "Actual Loops": 1
                                                            },
                                                            {
                                                                "Worker Number": 1,
                                                                "Actual Startup Time": 1.918,
                                                                "Actual Total Time": 43.047,
                                                                "Actual Rows": 1,
                                                                "Actual Loops": 1
                                                            },
                                                            {
                                                                "Worker Number": 2,
                                                                "Actual Startup Time": 1.667,
                                                                "Actual Total Time": 40.58,
                                                                "Actual Rows": 1,
                                                                "Actual Loops": 1
                                                            },
                                                            {
                                                                "Worker Number": 3,
                                                                "Actual Startup Time": 2.071,
                                                                "Actual Total Time": 38.983,
                                                                "Actual Rows": 1,
                                                                "Actual Loops": 1
                                                            }
                                                        ]
                                                    },
                                                    {
                                                        "Node Type": "Hash",
                                                        "Parent Relationship": "Inner",
                                                        "Parallel Aware": false,
                                                        "Startup Cost": 8884344.6,
                                                        "Total Cost": 8884344.6,
                                                        "Plan Rows": 173795071,
                                                        "Plan Width": 16,
                                                        "Actual Startup Time": 177333.557,
                                                        "Actual Total Time": 177333.559,
                                                        "Actual Rows": 215765477,
                                                        "Actual Loops": 5,
                                                        "Output": [
                                                            "ci.movie_id",
                                                            "ci.person_id",
                                                            "mk.keyword_id",
                                                            "mk.movie_id"
                                                        ],
                                                        "Hash Buckets": 67108864,
                                                        "Original Hash Buckets": 67108864,
                                                        "Hash Batches": 4,
                                                        "Original Hash Batches": 4,
                                                        "Peak Memory Usage": 2974980,
                                                        "Workers": [
                                                            {
                                                                "Worker Number": 0,
                                                                "Actual Startup Time": 173429.403,
                                                                "Actual Total Time": 173429.405,
                                                                "Actual Rows": 215765477,
                                                                "Actual Loops": 1
                                                            },
                                                            {
                                                                "Worker Number": 1,
                                                                "Actual Startup Time": 186415.422,
                                                                "Actual Total Time": 186415.424,
                                                                "Actual Rows": 215765477,
                                                                "Actual Loops": 1
                                                            },
                                                            {
                                                                "Worker Number": 2,
                                                                "Actual Startup Time": 174920.228,
                                                                "Actual Total Time": 174920.23,
                                                                "Actual Rows": 215765477,
                                                                "Actual Loops": 1
                                                            },
                                                            {
                                                                "Worker Number": 3,
                                                                "Actual Startup Time": 173621.797,
                                                                "Actual Total Time": 173621.799,
                                                                "Actual Rows": 215765477,
                                                                "Actual Loops": 1
                                                            }
                                                        ],
                                                        "Plans": [
                                                            {
                                                                "Node Type": "Nested Loop",
                                                                "Parent Relationship": "Outer",
                                                                "Parallel Aware": false,
                                                                "Join Type": "Inner",
                                                                "Startup Cost": 0.56,
                                                                "Total Cost": 8884344.6,
                                                                "Plan Rows": 173795071,
                                                                "Plan Width": 16,
                                                                "Actual Startup Time": 0.118,
                                                                "Actual Total Time": 119515.18,
                                                                "Actual Rows": 215765477,
                                                                "Actual Loops": 5,
                                                                "Output": [
                                                                    "ci.movie_id",
                                                                    "ci.person_id",
                                                                    "mk.keyword_id",
                                                                    "mk.movie_id"
                                                                ],
                                                                "Inner Unique": false,
                                                                "Workers": [
                                                                    {
                                                                        "Worker Number": 0,
                                                                        "Actual Startup Time": 0.126,
                                                                        "Actual Total Time": 117663.561,
                                                                        "Actual Rows": 215765477,
                                                                        "Actual Loops": 1
                                                                    },
                                                                    {
                                                                        "Worker Number": 1,
                                                                        "Actual Startup Time": 0.131,
                                                                        "Actual Total Time": 123956.591,
                                                                        "Actual Rows": 215765477,
                                                                        "Actual Loops": 1
                                                                    },
                                                                    {
                                                                        "Worker Number": 2,
                                                                        "Actual Startup Time": 0.137,
                                                                        "Actual Total Time": 117976.384,
                                                                        "Actual Rows": 215765477,
                                                                        "Actual Loops": 1
                                                                    },
                                                                    {
                                                                        "Worker Number": 3,
                                                                        "Actual Startup Time": 0.104,
                                                                        "Actual Total Time": 118767.928,
                                                                        "Actual Rows": 215765477,
                                                                        "Actual Loops": 1
                                                                    }
                                                                ],
                                                                "Plans": [
                                                                    {
                                                                        "Node Type": "Seq Scan",
                                                                        "Parent Relationship": "Outer",
                                                                        "Parallel Aware": false,
                                                                        "Relation Name": "movie_keyword",
                                                                        "Schema": "public",
                                                                        "Alias": "mk",
                                                                        "Startup Cost": 0.0,
                                                                        "Total Cost": 69693.3,
                                                                        "Plan Rows": 4523930,
                                                                        "Plan Width": 8,
                                                                        "Actual Startup Time": 0.039,
                                                                        "Actual Total Time": 623.407,
                                                                        "Actual Rows": 4523930,
                                                                        "Actual Loops": 5,
                                                                        "Output": [
                                                                            "mk.id",
                                                                            "mk.movie_id",
                                                                            "mk.keyword_id"
                                                                        ],
                                                                        "Workers": [
                                                                            {
                                                                                "Worker Number": 0,
                                                                                "Actual Startup Time": 0.042,
                                                                                "Actual Total Time": 641.011,
                                                                                "Actual Rows": 4523930,
                                                                                "Actual Loops": 1
                                                                            },
                                                                            {
                                                                                "Worker Number": 1,
                                                                                "Actual Startup Time": 0.044,
                                                                                "Actual Total Time": 667.229,
                                                                                "Actual Rows": 4523930,
                                                                                "Actual Loops": 1
                                                                            },
                                                                            {
                                                                                "Worker Number": 2,
                                                                                "Actual Startup Time": 0.05,
                                                                                "Actual Total Time": 615.372,
                                                                                "Actual Rows": 4523930,
                                                                                "Actual Loops": 1
                                                                            },
                                                                            {
                                                                                "Worker Number": 3,
                                                                                "Actual Startup Time": 0.033,
                                                                                "Actual Total Time": 608.961,
                                                                                "Actual Rows": 4523930,
                                                                                "Actual Loops": 1
                                                                            }
                                                                        ]
                                                                    },
                                                                    {
                                                                        "Node Type": "Index Scan",
                                                                        "Parent Relationship": "Inner",
                                                                        "Parallel Aware": false,
                                                                        "Scan Direction": "Forward",
                                                                        "Index Name": "movie_id_cast_info",
                                                                        "Relation Name": "cast_info",
                                                                        "Schema": "public",
                                                                        "Alias": "ci",
                                                                        "Startup Cost": 0.56,
                                                                        "Total Cost": 1.57,
                                                                        "Plan Rows": 38,
                                                                        "Plan Width": 8,
                                                                        "Actual Startup Time": 0.003,
                                                                        "Actual Total Time": 0.021,
                                                                        "Actual Rows": 48,
                                                                        "Actual Loops": 22619650,
                                                                        "Output": [
                                                                            "ci.id",
                                                                            "ci.person_id",
                                                                            "ci.movie_id",
                                                                            "ci.person_role_id",
                                                                            "ci.note",
                                                                            "ci.nr_order",
                                                                            "ci.role_id"
                                                                        ],
                                                                        "Index Cond": "(ci.movie_id = mk.movie_id)",
                                                                        "Rows Removed by Index Recheck": 0,
                                                                        "Workers": [
                                                                            {
                                                                                "Worker Number": 0,
                                                                                "Actual Startup Time": 0.003,
                                                                                "Actual Total Time": 0.021,
                                                                                "Actual Rows": 48,
                                                                                "Actual Loops": 4523930
                                                                            },
                                                                            {
                                                                                "Worker Number": 1,
                                                                                "Actual Startup Time": 0.003,
                                                                                "Actual Total Time": 0.022,
                                                                                "Actual Rows": 48,
                                                                                "Actual Loops": 4523930
                                                                            },
                                                                            {
                                                                                "Worker Number": 2,
                                                                                "Actual Startup Time": 0.003,
                                                                                "Actual Total Time": 0.021,
                                                                                "Actual Rows": 48,
                                                                                "Actual Loops": 4523930
                                                                            },
                                                                            {
                                                                                "Worker Number": 3,
                                                                                "Actual Startup Time": 0.003,
                                                                                "Actual Total Time": 0.021,
                                                                                "Actual Rows": 48,
                                                                                "Actual Loops": 4523930
                                                                            }
                                                                        ]
                                                                    }
                                                                ]
                                                            }
                                                        ]
                                                    }
                                                ]
                                            }
                                        ]
                                    }
                                ]
                            },
                            {
                                "Node Type": "Bitmap Heap Scan",
                                "Parent Relationship": "Inner",
                                "Parallel Aware": false,
                                "Relation Name": "title",
                                "Schema": "public",
                                "Alias": "t",
                                "Startup Cost": 0.44,
                                "Total Cost": 4.45,
                                "Plan Rows": 1,
                                "Plan Width": 21,
                                "Actual Startup Time": 0.024,
                                "Actual Total Time": 0.024,
                                "Actual Rows": 1,
                                "Actual Loops": 389,
                                "Output": [
                                    "t.id",
                                    "t.title",
                                    "t.imdb_index",
                                    "t.kind_id",
                                    "t.production_year",
                                    "t.imdb_id",
                                    "t.phonetic_code",
                                    "t.episode_of_id",
                                    "t.season_nr",
                                    "t.episode_nr",
                                    "t.series_years",
                                    "t.md5sum"
                                ],
                                "Recheck Cond": "(t.id = ci.movie_id)",
                                "Rows Removed by Index Recheck": 0,
                                "Filter": "(t.production_year > 1999)",
                                "Rows Removed by Filter": 0,
                                "Exact Heap Blocks": 106,
                                "Lossy Heap Blocks": 0,
                                "Workers": [
                                    {
                                        "Worker Number": 0,
                                        "Actual Startup Time": 0.022,
                                        "Actual Total Time": 0.022,
                                        "Actual Rows": 1,
                                        "Actual Loops": 79
                                    },
                                    {
                                        "Worker Number": 1,
                                        "Actual Startup Time": 0.027,
                                        "Actual Total Time": 0.027,
                                        "Actual Rows": 1,
                                        "Actual Loops": 65
                                    },
                                    {
                                        "Worker Number": 2,
                                        "Actual Startup Time": 0.027,
                                        "Actual Total Time": 0.027,
                                        "Actual Rows": 1,
                                        "Actual Loops": 77
                                    },
                                    {
                                        "Worker Number": 3,
                                        "Actual Startup Time": 0.041,
                                        "Actual Total Time": 0.041,
                                        "Actual Rows": 1,
                                        "Actual Loops": 62
                                    }
                                ],
                                "Plans": [
                                    {
                                        "Node Type": "Bitmap Index Scan",
                                        "Parent Relationship": "Outer",
                                        "Parallel Aware": false,
                                        "Index Name": "title_pkey",
                                        "Startup Cost": 0.0,
                                        "Total Cost": 0.44,
                                        "Plan Rows": 1,
                                        "Plan Width": 0,
                                        "Actual Startup Time": 0.013,
                                        "Actual Total Time": 0.013,
                                        "Actual Rows": 1,
                                        "Actual Loops": 389,
                                        "Index Cond": "(t.id = ci.movie_id)",
                                        "Workers": [
                                            {
                                                "Worker Number": 0,
                                                "Actual Startup Time": 0.011,
                                                "Actual Total Time": 0.011,
                                                "Actual Rows": 1,
                                                "Actual Loops": 79
                                            },
                                            {
                                                "Worker Number": 1,
                                                "Actual Startup Time": 0.015,
                                                "Actual Total Time": 0.015,
                                                "Actual Rows": 1,
                                                "Actual Loops": 65
                                            },
                                            {
                                                "Worker Number": 2,
                                                "Actual Startup Time": 0.015,
                                                "Actual Total Time": 0.015,
                                                "Actual Rows": 1,
                                                "Actual Loops": 77
                                            },
                                            {
                                                "Worker Number": 3,
                                                "Actual Startup Time": 0.024,
                                                "Actual Total Time": 0.024,
                                                "Actual Rows": 1,
                                                "Actual Loops": 62
                                            }
                                        ]
                                    }
                                ]
                            }
                        ]
                    }
                ]
            }
        ]
    },
    "Planning Time": 2.124,
    "Triggers": [],
    "Execution Time": 195570.026
}