[
  {
    "Plan": {
      "Node Type": "Aggregate",
      "Strategy": "Plain",
      "Partial Mode": "Finalize",
      "Parallel Aware": false,
      "Startup Cost": 31753.68,
      "Total Cost": 31753.69,
      "Plan Rows": 1,
      "Plan Width": 8,
      "Actual Startup Time": 120.831,
      "Actual Total Time": 126.998,
      "Actual Rows": 1,
      "Actual Loops": 1,
      "Plans": [
        {
          "Node Type": "Gather",
          "Parent Relationship": "Outer",
          "Parallel Aware": false,
          "Startup Cost": 31753.36,
          "Total Cost": 31753.67,
          "Plan Rows": 3,
          "Plan Width": 8,
          "Actual Startup Time": 120.691,
          "Actual Total Time": 126.984,
          "Actual Rows": 4,
          "Actual Loops": 1,
          "Workers Planned": 3,
          "Workers Launched": 3,
          "Single Copy": false,
          "Plans": [
            {
              "Node Type": "Aggregate",
              "Strategy": "Plain",
              "Partial Mode": "Partial",
              "Parent Relationship": "Outer",
              "Parallel Aware": false,
              "Startup Cost": 30753.36,
              "Total Cost": 30753.37,
              "Plan Rows": 1,
              "Plan Width": 8,
              "Actual Startup Time": 116.512,
              "Actual Total Time": 116.513,
              "Actual Rows": 1,
              "Actual Loops": 4,
              "Plans": [
                {
                  "Node Type": "Seq Scan",
                  "Parent Relationship": "Outer",
                  "Parallel Aware": true,
                  "Relation Name": "movie_companies",
                  "Alias": "mc",
                  "Startup Cost": 0.0,
                  "Total Cost": 29310.68,
                  "Plan Rows": 577072,
                  "Plan Width": 0,
                  "Actual Startup Time": 0.019,
                  "Actual Total Time": 90.451,
                  "Actual Rows": 450010,
                  "Actual Loops": 4,
                  "Filter": "(company_id < 29346)",
                  "Rows Removed by Filter": 202272
                }
              ]
            }
          ]
        }
      ]
    },
    "Planning Time": 0.163,
    "Triggers": [],
    "Execution Time": 127.054
  }
]