[
  {
    "Plan": {
      "Node Type": "Aggregate",
      "Strategy": "Plain",
      "Partial Mode": "Finalize",
      "Parallel Aware": false,
      "Startup Cost": 31774.04,
      "Total Cost": 31774.05,
      "Plan Rows": 1,
      "Plan Width": 8,
      "Actual Startup Time": 113.5,
      "Actual Total Time": 122.027,
      "Actual Rows": 1,
      "Actual Loops": 1,
      "Plans": [
        {
          "Node Type": "Gather",
          "Parent Relationship": "Outer",
          "Parallel Aware": false,
          "Startup Cost": 31773.73,
          "Total Cost": 31774.04,
          "Plan Rows": 3,
          "Plan Width": 8,
          "Actual Startup Time": 113.377,
          "Actual Total Time": 122.017,
          "Actual Rows": 4,
          "Actual Loops": 1,
          "Workers Planned": 3,
          "Workers Launched": 3,
          "Single Copy": false,
          "Plans": [
            {
              "Node Type": "Aggregate",
              "Strategy": "Plain",
              "Partial Mode": "Partial",
              "Parent Relationship": "Outer",
              "Parallel Aware": false,
              "Startup Cost": 30773.73,
              "Total Cost": 30773.74,
              "Plan Rows": 1,
              "Plan Width": 8,
              "Actual Startup Time": 106.673,
              "Actual Total Time": 106.674,
              "Actual Rows": 1,
              "Actual Loops": 4,
              "Plans": [
                {
                  "Node Type": "Seq Scan",
                  "Parent Relationship": "Outer",
                  "Parallel Aware": true,
                  "Relation Name": "movie_companies",
                  "Alias": "mc",
                  "Startup Cost": 0.0,
                  "Total Cost": 29310.68,
                  "Plan Rows": 585218,
                  "Plan Width": 0,
                  "Actual Startup Time": 0.04,
                  "Actual Total Time": 82.606,
                  "Actual Rows": 450010,
                  "Actual Loops": 4,
                  "Filter": "(company_id < 29346)",
                  "Rows Removed by Filter": 202272
                }
              ]
            }
          ]
        }
      ]
    },
    "Planning Time": 0.182,
    "Triggers": [],
    "Execution Time": 122.089
  }
]