[
  {
    "Plan": {
      "Node Type": "Aggregate",
      "Strategy": "Plain",
      "Partial Mode": "Finalize",
      "Parallel Aware": false,
      "Startup Cost": 72464.95,
      "Total Cost": 72464.96,
      "Plan Rows": 1,
      "Plan Width": 8,
      "Actual Startup Time": 267.072,
      "Actual Total Time": 280.162,
      "Actual Rows": 1,
      "Actual Loops": 1,
      "Plans": [
        {
          "Node Type": "Gather",
          "Parent Relationship": "Outer",
          "Parallel Aware": false,
          "Startup Cost": 72464.53,
          "Total Cost": 72464.94,
          "Plan Rows": 4,
          "Plan Width": 8,
          "Actual Startup Time": 265.473,
          "Actual Total Time": 280.151,
          "Actual Rows": 5,
          "Actual Loops": 1,
          "Workers Planned": 4,
          "Workers Launched": 4,
          "Single Copy": false,
          "Plans": [
            {
              "Node Type": "Aggregate",
              "Strategy": "Plain",
              "Partial Mode": "Partial",
              "Parent Relationship": "Outer",
              "Parallel Aware": false,
              "Startup Cost": 71464.53,
              "Total Cost": 71464.54,
              "Plan Rows": 1,
              "Plan Width": 8,
              "Actual Startup Time": 255.804,
              "Actual Total Time": 255.868,
              "Actual Rows": 1,
              "Actual Loops": 5,
              "Plans": [
                {
                  "Node Type": "Hash Join",
                  "Parent Relationship": "Outer",
                  "Parallel Aware": true,
                  "Join Type": "Inner",
                  "Startup Cost": 25806.16,
                  "Total Cost": 71386.25,
                  "Plan Rows": 31309,
                  "Plan Width": 0,
                  "Actual Startup Time": 177.766,
                  "Actual Total Time": 253.333,
                  "Actual Rows": 48840,
                  "Actual Loops": 5,
                  "Inner Unique": false,
                  "Hash Cond": "(t.id = mc.movie_id)",
                  "Plans": [
                    {
                      "Node Type": "Seq Scan",
                      "Parent Relationship": "Outer",
                      "Parallel Aware": true,
                      "Relation Name": "title",
                      "Alias": "t",
                      "Startup Cost": 0.0,
                      "Total Cost": 42318.73,
                      "Plan Rows": 632073,
                      "Plan Width": 4,
                      "Actual Startup Time": 0.013,
                      "Actual Total Time": 72.92,
                      "Actual Rows": 505662,
                      "Actual Loops": 5
                    },
                    {
                      "Node Type": "Hash",
                      "Parent Relationship": "Inner",
                      "Parallel Aware": true,
                      "Startup Cost": 25301.17,
                      "Total Cost": 25301.17,
                      "Plan Rows": 40399,
                      "Plan Width": 4,
                      "Actual Startup Time": 78.548,
                      "Actual Total Time": 78.549,
                      "Actual Rows": 48840,
                      "Actual Loops": 5,
                      "Hash Buckets": 262144,
                      "Original Hash Buckets": 131072,
                      "Hash Batches": 1,
                      "Original Hash Batches": 1,
                      "Peak Memory Usage": 12768,
                      "Plans": [
                        {
                          "Node Type": "Bitmap Heap Scan",
                          "Parent Relationship": "Outer",
                          "Parallel Aware": true,
                          "Relation Name": "movie_companies",
                          "Alias": "mc",
                          "Startup Cost": 5317.67,
                          "Total Cost": 25301.17,
                          "Plan Rows": 40399,
                          "Plan Width": 4,
                          "Actual Startup Time": 24.685,
                          "Actual Total Time": 52.942,
                          "Actual Rows": 48840,
                          "Actual Loops": 5,
                          "Recheck Cond": "(company_id > 102166)",
                          "Rows Removed by Index Recheck": 0,
                          "Filter": "(company_type_id > 1)",
                          "Rows Removed by Filter": 0,
                          "Exact Heap Blocks": 1655,
                          "Lossy Heap Blocks": 0,
                          "Plans": [
                            {
                              "Node Type": "Bitmap Index Scan",
                              "Parent Relationship": "Outer",
                              "Parallel Aware": false,
                              "Index Name": "company_id_movie_companies",
                              "Startup Cost": 0.0,
                              "Total Cost": 5286.36,
                              "Plan Rows": 246657,
                              "Plan Width": 0,
                              "Actual Startup Time": 28.203,
                              "Actual Total Time": 28.203,
                              "Actual Rows": 244199,
                              "Actual Loops": 1,
                              "Index Cond": "(company_id > 102166)"
                            }
                          ]
                        }
                      ]
                    }
                  ]
                }
              ]
            }
          ]
        }
      ]
    },
    "Planning Time": 0.596,
    "Triggers": [],
    "Execution Time": 280.248
  }
]