[
  {
    "Plan": {
      "Node Type": "Aggregate",
      "Strategy": "Plain",
      "Partial Mode": "Finalize",
      "Parallel Aware": false,
      "Startup Cost": 61928.05,
      "Total Cost": 61928.06,
      "Plan Rows": 1,
      "Plan Width": 8,
      "Actual Startup Time": 231.43,
      "Actual Total Time": 244.617,
      "Actual Rows": 1,
      "Actual Loops": 1,
      "Plans": [
        {
          "Node Type": "Gather",
          "Parent Relationship": "Outer",
          "Parallel Aware": false,
          "Startup Cost": 61927.84,
          "Total Cost": 61928.05,
          "Plan Rows": 2,
          "Plan Width": 8,
          "Actual Startup Time": 230.484,
          "Actual Total Time": 244.61,
          "Actual Rows": 3,
          "Actual Loops": 1,
          "Workers Planned": 2,
          "Workers Launched": 2,
          "Single Copy": false,
          "Plans": [
            {
              "Node Type": "Aggregate",
              "Strategy": "Plain",
              "Partial Mode": "Partial",
              "Parent Relationship": "Outer",
              "Parallel Aware": false,
              "Startup Cost": 60927.84,
              "Total Cost": 60927.85,
              "Plan Rows": 1,
              "Plan Width": 8,
              "Actual Startup Time": 222.658,
              "Actual Total Time": 222.661,
              "Actual Rows": 1,
              "Actual Loops": 3,
              "Plans": [
                {
                  "Node Type": "Hash Join",
                  "Parent Relationship": "Outer",
                  "Parallel Aware": true,
                  "Join Type": "Inner",
                  "Startup Cost": 45694.15,
                  "Total Cost": 60888.71,
                  "Plan Rows": 15651,
                  "Plan Width": 0,
                  "Actual Startup Time": 169.077,
                  "Actual Total Time": 220.871,
                  "Actual Rows": 42707,
                  "Actual Loops": 3,
                  "Inner Unique": true,
                  "Hash Cond": "(mi_idx.movie_id = t.id)",
                  "Plans": [
                    {
                      "Node Type": "Seq Scan",
                      "Parent Relationship": "Outer",
                      "Parallel Aware": true,
                      "Relation Name": "movie_info_idx",
                      "Alias": "mi_idx",
                      "Startup Cost": 0.0,
                      "Total Cost": 13685.15,
                      "Plan Rows": 575015,
                      "Plan Width": 4,
                      "Actual Startup Time": 0.022,
                      "Actual Total Time": 34.792,
                      "Actual Rows": 460012,
                      "Actual Loops": 3
                    },
                    {
                      "Node Type": "Hash",
                      "Parent Relationship": "Inner",
                      "Parallel Aware": true,
                      "Startup Cost": 45479.1,
                      "Total Cost": 45479.1,
                      "Plan Rows": 17204,
                      "Plan Width": 4,
                      "Actual Startup Time": 133.875,
                      "Actual Total Time": 133.876,
                      "Actual Rows": 66315,
                      "Actual Loops": 3,
                      "Hash Buckets": 262144,
                      "Original Hash Buckets": 131072,
                      "Hash Batches": 1,
                      "Original Hash Batches": 1,
                      "Peak Memory Usage": 10912,
                      "Plans": [
                        {
                          "Node Type": "Seq Scan",
                          "Parent Relationship": "Outer",
                          "Parallel Aware": true,
                          "Relation Name": "title",
                          "Alias": "t",
                          "Startup Cost": 0.0,
                          "Total Cost": 45479.1,
                          "Plan Rows": 17204,
                          "Plan Width": 4,
                          "Actual Startup Time": 68.446,
                          "Actual Total Time": 113.004,
                          "Actual Rows": 66315,
                          "Actual Loops": 3,
                          "Filter": "((production_year < 1963) AND (kind_id = 1))",
                          "Rows Removed by Filter": 776455
                        }
                      ]
                    }
                  ]
                }
              ]
            }
          ]
        }
      ]
    },
    "Planning Time": 0.615,
    "Triggers": [],
    "Execution Time": 244.687
  }
]