[
  {
    "Plan": {
      "Node Type": "Aggregate",
      "Strategy": "Plain",
      "Partial Mode": "Finalize",
      "Parallel Aware": false,
      "Startup Cost": 76911.16,
      "Total Cost": 76911.17,
      "Plan Rows": 1,
      "Plan Width": 8,
      "Actual Startup Time": 330.207,
      "Actual Total Time": 344.285,
      "Actual Rows": 1,
      "Actual Loops": 1,
      "Plans": [
        {
          "Node Type": "Gather",
          "Parent Relationship": "Outer",
          "Parallel Aware": false,
          "Startup Cost": 76910.85,
          "Total Cost": 76911.16,
          "Plan Rows": 3,
          "Plan Width": 8,
          "Actual Startup Time": 325.202,
          "Actual Total Time": 344.275,
          "Actual Rows": 4,
          "Actual Loops": 1,
          "Workers Planned": 3,
          "Workers Launched": 3,
          "Single Copy": false,
          "Plans": [
            {
              "Node Type": "Aggregate",
              "Strategy": "Plain",
              "Partial Mode": "Partial",
              "Parent Relationship": "Outer",
              "Parallel Aware": false,
              "Startup Cost": 75910.85,
              "Total Cost": 75910.86,
              "Plan Rows": 1,
              "Plan Width": 8,
              "Actual Startup Time": 314.695,
              "Actual Total Time": 314.699,
              "Actual Rows": 1,
              "Actual Loops": 4,
              "Plans": [
                {
                  "Node Type": "Hash Join",
                  "Parent Relationship": "Outer",
                  "Parallel Aware": true,
                  "Join Type": "Inner",
                  "Startup Cost": 50681.67,
                  "Total Cost": 75884.43,
                  "Plan Rows": 10568,
                  "Plan Width": 0,
                  "Actual Startup Time": 285.293,
                  "Actual Total Time": 314.31,
                  "Actual Rows": 5550,
                  "Actual Loops": 4,
                  "Inner Unique": true,
                  "Hash Cond": "(mk.movie_id = t.id)",
                  "Plans": [
                    {
                      "Node Type": "Bitmap Heap Scan",
                      "Parent Relationship": "Outer",
                      "Parallel Aware": true,
                      "Relation Name": "movie_keyword",
                      "Alias": "mk",
                      "Startup Cost": 944.06,
                      "Total Cost": 26109.27,
                      "Plan Rows": 14303,
                      "Plan Width": 4,
                      "Actual Startup Time": 5.231,
                      "Actual Total Time": 24.235,
                      "Actual Rows": 9102,
                      "Actual Loops": 4,
                      "Recheck Cond": "(keyword_id < 43)",
                      "Rows Removed by Index Recheck": 0,
                      "Exact Heap Blocks": 5501,
                      "Lossy Heap Blocks": 0,
                      "Plans": [
                        {
                          "Node Type": "Bitmap Index Scan",
                          "Parent Relationship": "Outer",
                          "Parallel Aware": false,
                          "Index Name": "keyword_id_movie_keyword",
                          "Startup Cost": 0.0,
                          "Total Cost": 932.98,
                          "Plan Rows": 44339,
                          "Plan Width": 0,
                          "Actual Startup Time": 3.333,
                          "Actual Total Time": 3.334,
                          "Actual Rows": 36407,
                          "Actual Loops": 1,
                          "Index Cond": "(keyword_id < 43)"
                        }
                      ]
                    },
                    {
                      "Node Type": "Hash",
                      "Parent Relationship": "Inner",
                      "Parallel Aware": true,
                      "Startup Cost": 43899.32,
                      "Total Cost": 43899.32,
                      "Plan Rows": 467063,
                      "Plan Width": 4,
                      "Actual Startup Time": 273.076,
                      "Actual Total Time": 273.077,
                      "Actual Rows": 466372,
                      "Actual Loops": 4,
                      "Hash Buckets": 2097152,
                      "Original Hash Buckets": 2097152,
                      "Hash Batches": 1,
                      "Original Hash Batches": 1,
                      "Peak Memory Usage": 89440,
                      "Plans": [
                        {
                          "Node Type": "Seq Scan",
                          "Parent Relationship": "Outer",
                          "Parallel Aware": true,
                          "Relation Name": "title",
                          "Alias": "t",
                          "Startup Cost": 0.0,
                          "Total Cost": 43899.32,
                          "Plan Rows": 467063,
                          "Plan Width": 4,
                          "Actual Startup Time": 0.031,
                          "Actual Total Time": 106.083,
                          "Actual Rows": 466372,
                          "Actual Loops": 4,
                          "Filter": "(kind_id > 1)",
                          "Rows Removed by Filter": 165706
                        }
                      ]
                    }
                  ]
                }
              ]
            }
          ]
        }
      ]
    },
    "Planning Time": 0.584,
    "Triggers": [],
    "Execution Time": 344.364
  }
]