[
  {
    "Plan": {
      "Node Type": "Aggregate",
      "Strategy": "Plain",
      "Partial Mode": "Finalize",
      "Parallel Aware": false,
      "Startup Cost": 32261.76,
      "Total Cost": 32261.77,
      "Plan Rows": 1,
      "Plan Width": 8,
      "Actual Startup Time": 176.956,
      "Actual Total Time": 218.739,
      "Actual Rows": 1,
      "Actual Loops": 1,
      "Plans": [
        {
          "Node Type": "Gather",
          "Parent Relationship": "Outer",
          "Parallel Aware": false,
          "Startup Cost": 32261.54,
          "Total Cost": 32261.75,
          "Plan Rows": 2,
          "Plan Width": 8,
          "Actual Startup Time": 176.819,
          "Actual Total Time": 218.731,
          "Actual Rows": 3,
          "Actual Loops": 1,
          "Workers Planned": 2,
          "Workers Launched": 2,
          "Single Copy": false,
          "Plans": [
            {
              "Node Type": "Aggregate",
              "Strategy": "Plain",
              "Partial Mode": "Partial",
              "Parent Relationship": "Outer",
              "Parallel Aware": false,
              "Startup Cost": 31261.54,
              "Total Cost": 31261.55,
              "Plan Rows": 1,
              "Plan Width": 8,
              "Actual Startup Time": 172.739,
              "Actual Total Time": 172.741,
              "Actual Rows": 1,
              "Actual Loops": 3,
              "Plans": [
                {
                  "Node Type": "Nested Loop",
                  "Parent Relationship": "Outer",
                  "Parallel Aware": false,
                  "Join Type": "Inner",
                  "Startup Cost": 106.83,
                  "Total Cost": 31189.47,
                  "Plan Rows": 28831,
                  "Plan Width": 0,
                  "Actual Startup Time": 1.675,
                  "Actual Total Time": 168.879,
                  "Actual Rows": 53683,
                  "Actual Loops": 3,
                  "Inner Unique": false,
                  "Plans": [
                    {
                      "Node Type": "Nested Loop",
                      "Parent Relationship": "Outer",
                      "Parallel Aware": false,
                      "Join Type": "Inner",
                      "Startup Cost": 106.26,
                      "Total Cost": 26899.87,
                      "Plan Rows": 2011,
                      "Plan Width": 8,
                      "Actual Startup Time": 1.558,
                      "Actual Total Time": 18.907,
                      "Actual Rows": 1751,
                      "Actual Loops": 3,
                      "Inner Unique": true,
                      "Plans": [
                        {
                          "Node Type": "Bitmap Heap Scan",
                          "Parent Relationship": "Outer",
                          "Parallel Aware": true,
                          "Relation Name": "movie_keyword",
                          "Alias": "mk",
                          "Startup Cost": 105.83,
                          "Total Cost": 12117.13,
                          "Plan Rows": 2011,
                          "Plan Width": 4,
                          "Actual Startup Time": 1.449,
                          "Actual Total Time": 6.746,
                          "Actual Rows": 1751,
                          "Actual Loops": 3,
                          "Recheck Cond": "(keyword_id = 3311)",
                          "Rows Removed by Index Recheck": 0,
                          "Exact Heap Blocks": 2239,
                          "Lossy Heap Blocks": 0,
                          "Plans": [
                            {
                              "Node Type": "Bitmap Index Scan",
                              "Parent Relationship": "Outer",
                              "Parallel Aware": false,
                              "Index Name": "keyword_id_movie_keyword",
                              "Startup Cost": 0.0,
                              "Total Cost": 104.63,
                              "Plan Rows": 4826,
                              "Plan Width": 0,
                              "Actual Startup Time": 3.081,
                              "Actual Total Time": 3.081,
                              "Actual Rows": 5252,
                              "Actual Loops": 1,
                              "Index Cond": "(keyword_id = 3311)"
                            }
                          ]
                        },
                        {
                          "Node Type": "Index Only Scan",
                          "Parent Relationship": "Inner",
                          "Parallel Aware": false,
                          "Scan Direction": "Forward",
                          "Index Name": "title_pkey",
                          "Relation Name": "title",
                          "Alias": "t",
                          "Startup Cost": 0.43,
                          "Total Cost": 7.35,
                          "Plan Rows": 1,
                          "Plan Width": 4,
                          "Actual Startup Time": 0.006,
                          "Actual Total Time": 0.006,
                          "Actual Rows": 1,
                          "Actual Loops": 5252,
                          "Index Cond": "(id = mk.movie_id)",
                          "Rows Removed by Index Recheck": 0,
                          "Heap Fetches": 5252
                        }
                      ]
                    },
                    {
                      "Node Type": "Index Only Scan",
                      "Parent Relationship": "Inner",
                      "Parallel Aware": false,
                      "Scan Direction": "Forward",
                      "Index Name": "movie_id_cast_info",
                      "Relation Name": "cast_info",
                      "Alias": "ci",
                      "Startup Cost": 0.56,
                      "Total Cost": 1.78,
                      "Plan Rows": 35,
                      "Plan Width": 4,
                      "Actual Startup Time": 0.009,
                      "Actual Total Time": 0.082,
                      "Actual Rows": 31,
                      "Actual Loops": 5252,
                      "Index Cond": "(movie_id = t.id)",
                      "Rows Removed by Index Recheck": 0,
                      "Heap Fetches": 161050
                    }
                  ]
                }
              ]
            }
          ]
        }
      ]
    },
    "Planning Time": 0.603,
    "Triggers": [],
    "Execution Time": 218.811
  }
]