[
  {
    "Plan": {
      "Node Type": "Aggregate",
      "Strategy": "Plain",
      "Partial Mode": "Finalize",
      "Parallel Aware": false,
      "Startup Cost": 332122.16,
      "Total Cost": 332122.17,
      "Plan Rows": 1,
      "Plan Width": 8,
      "Actual Startup Time": 610.131,
      "Actual Total Time": 666.128,
      "Actual Rows": 1,
      "Actual Loops": 1,
      "Plans": [
        {
          "Node Type": "Gather",
          "Parent Relationship": "Outer",
          "Parallel Aware": false,
          "Startup Cost": 332121.53,
          "Total Cost": 332122.14,
          "Plan Rows": 6,
          "Plan Width": 8,
          "Actual Startup Time": 610.018,
          "Actual Total Time": 666.116,
          "Actual Rows": 7,
          "Actual Loops": 1,
          "Workers Planned": 6,
          "Workers Launched": 6,
          "Single Copy": false,
          "Plans": [
            {
              "Node Type": "Aggregate",
              "Strategy": "Plain",
              "Partial Mode": "Partial",
              "Parent Relationship": "Outer",
              "Parallel Aware": false,
              "Startup Cost": 331121.53,
              "Total Cost": 331121.54,
              "Plan Rows": 1,
              "Plan Width": 8,
              "Actual Startup Time": 601.722,
              "Actual Total Time": 601.723,
              "Actual Rows": 1,
              "Actual Loops": 7,
              "Plans": [
                {
                  "Node Type": "Seq Scan",
                  "Parent Relationship": "Outer",
                  "Parallel Aware": true,
                  "Relation Name": "cast_info",
                  "Alias": "ci",
                  "Startup Cost": 0.0,
                  "Total Cost": 328162.03,
                  "Plan Rows": 1183803,
                  "Plan Width": 0,
                  "Actual Startup Time": 0.044,
                  "Actual Total Time": 552.777,
                  "Actual Rows": 1041566,
                  "Actual Loops": 7,
                  "Filter": "(person_id < 704566)",
                  "Rows Removed by Filter": 4136198
                }
              ]
            }
          ]
        }
      ]
    },
    "Planning Time": 0.242,
    "Triggers": [],
    "Execution Time": 666.199
  }
]