[
  {
    "Plan": {
      "Node Type": "Aggregate",
      "Strategy": "Plain",
      "Partial Mode": "Finalize",
      "Parallel Aware": false,
      "Startup Cost": 46485.15,
      "Total Cost": 46485.16,
      "Plan Rows": 1,
      "Plan Width": 8,
      "Actual Startup Time": 95.949,
      "Actual Total Time": 105.556,
      "Actual Rows": 1,
      "Actual Loops": 1,
      "Plans": [
        {
          "Node Type": "Gather",
          "Parent Relationship": "Outer",
          "Parallel Aware": false,
          "Startup Cost": 46484.73,
          "Total Cost": 46485.14,
          "Plan Rows": 4,
          "Plan Width": 8,
          "Actual Startup Time": 95.679,
          "Actual Total Time": 105.545,
          "Actual Rows": 5,
          "Actual Loops": 1,
          "Workers Planned": 4,
          "Workers Launched": 4,
          "Single Copy": false,
          "Plans": [
            {
              "Node Type": "Aggregate",
              "Strategy": "Plain",
              "Partial Mode": "Partial",
              "Parent Relationship": "Outer",
              "Parallel Aware": false,
              "Startup Cost": 45484.73,
              "Total Cost": 45484.74,
              "Plan Rows": 1,
              "Plan Width": 8,
              "Actual Startup Time": 86.543,
              "Actual Total Time": 86.544,
              "Actual Rows": 1,
              "Actual Loops": 5,
              "Plans": [
                {
                  "Node Type": "Seq Scan",
                  "Parent Relationship": "Outer",
                  "Parallel Aware": true,
                  "Relation Name": "title",
                  "Alias": "t",
                  "Startup Cost": 0.0,
                  "Total Cost": 45479.1,
                  "Plan Rows": 2254,
                  "Plan Width": 0,
                  "Actual Startup Time": 0.088,
                  "Actual Total Time": 86.292,
                  "Actual Rows": 1579,
                  "Actual Loops": 5,
                  "Filter": "((kind_id = 7) AND (production_year = 1982))",
                  "Rows Removed by Filter": 504083
                }
              ]
            }
          ]
        }
      ]
    },
    "Planning Time": 0.186,
    "Triggers": [],
    "Execution Time": 105.626
  }
]