[
  {
    "Plan": {
      "Node Type": "Aggregate",
      "Strategy": "Plain",
      "Partial Mode": "Finalize",
      "Parallel Aware": false,
      "Startup Cost": 30168.64,
      "Total Cost": 30168.65,
      "Plan Rows": 1,
      "Plan Width": 8,
      "Actual Startup Time": 94.244,
      "Actual Total Time": 100.684,
      "Actual Rows": 1,
      "Actual Loops": 1,
      "Plans": [
        {
          "Node Type": "Gather",
          "Parent Relationship": "Outer",
          "Parallel Aware": false,
          "Startup Cost": 30168.32,
          "Total Cost": 30168.63,
          "Plan Rows": 3,
          "Plan Width": 8,
          "Actual Startup Time": 93.981,
          "Actual Total Time": 100.674,
          "Actual Rows": 4,
          "Actual Loops": 1,
          "Workers Planned": 3,
          "Workers Launched": 3,
          "Single Copy": false,
          "Plans": [
            {
              "Node Type": "Aggregate",
              "Strategy": "Plain",
              "Partial Mode": "Partial",
              "Parent Relationship": "Outer",
              "Parallel Aware": false,
              "Startup Cost": 29168.32,
              "Total Cost": 29168.33,
              "Plan Rows": 1,
              "Plan Width": 8,
              "Actual Startup Time": 85.616,
              "Actual Total Time": 85.618,
              "Actual Rows": 1,
              "Actual Loops": 4,
              "Plans": [
                {
                  "Node Type": "Bitmap Heap Scan",
                  "Parent Relationship": "Outer",
                  "Parallel Aware": true,
                  "Relation Name": "movie_keyword",
                  "Alias": "mk",
                  "Startup Cost": 3838.77,
                  "Total Cost": 29022.4,
                  "Plan Rows": 58370,
                  "Plan Width": 0,
                  "Actual Startup Time": 23.418,
                  "Actual Total Time": 81.284,
                  "Actual Rows": 45606,
                  "Actual Loops": 4,
                  "Recheck Cond": "(keyword_id < 135)",
                  "Rows Removed by Index Recheck": 0,
                  "Exact Heap Blocks": 11423,
                  "Lossy Heap Blocks": 0,
                  "Plans": [
                    {
                      "Node Type": "Bitmap Index Scan",
                      "Parent Relationship": "Outer",
                      "Parallel Aware": false,
                      "Index Name": "keyword_id_movie_keyword",
                      "Startup Cost": 0.0,
                      "Total Cost": 3793.53,
                      "Plan Rows": 180947,
                      "Plan Width": 0,
                      "Actual Startup Time": 25.024,
                      "Actual Total Time": 25.024,
                      "Actual Rows": 182426,
                      "Actual Loops": 1,
                      "Index Cond": "(keyword_id < 135)"
                    }
                  ]
                }
              ]
            }
          ]
        }
      ]
    },
    "Planning Time": 0.132,
    "Triggers": [],
    "Execution Time": 100.746
  }
]