[
  {
    "Plan": {
      "Node Type": "Aggregate",
      "Strategy": "Plain",
      "Partial Mode": "Finalize",
      "Parallel Aware": false,
      "Startup Cost": 31646.03,
      "Total Cost": 31646.04,
      "Plan Rows": 1,
      "Plan Width": 8,
      "Actual Startup Time": 109.59,
      "Actual Total Time": 117.168,
      "Actual Rows": 1,
      "Actual Loops": 1,
      "Plans": [
        {
          "Node Type": "Gather",
          "Parent Relationship": "Outer",
          "Parallel Aware": false,
          "Startup Cost": 31645.71,
          "Total Cost": 31646.02,
          "Plan Rows": 3,
          "Plan Width": 8,
          "Actual Startup Time": 109.486,
          "Actual Total Time": 117.158,
          "Actual Rows": 4,
          "Actual Loops": 1,
          "Workers Planned": 3,
          "Workers Launched": 3,
          "Single Copy": false,
          "Plans": [
            {
              "Node Type": "Aggregate",
              "Strategy": "Plain",
              "Partial Mode": "Partial",
              "Parent Relationship": "Outer",
              "Parallel Aware": false,
              "Startup Cost": 30645.71,
              "Total Cost": 30645.72,
              "Plan Rows": 1,
              "Plan Width": 8,
              "Actual Startup Time": 102.956,
              "Actual Total Time": 102.958,
              "Actual Rows": 1,
              "Actual Loops": 4,
              "Plans": [
                {
                  "Node Type": "Seq Scan",
                  "Parent Relationship": "Outer",
                  "Parallel Aware": true,
                  "Relation Name": "movie_companies",
                  "Alias": "mc",
                  "Startup Cost": 0.0,
                  "Total Cost": 29310.68,
                  "Plan Rows": 534011,
                  "Plan Width": 0,
                  "Actual Startup Time": 0.043,
                  "Actual Total Time": 81.1,
                  "Actual Rows": 410957,
                  "Actual Loops": 4,
                  "Filter": "(company_id < 17909)",
                  "Rows Removed by Filter": 241326
                }
              ]
            }
          ]
        }
      ]
    },
    "Planning Time": 0.196,
    "Triggers": [],
    "Execution Time": 117.227
  }
]