[
    {
        "Bao": {
            "Bao prediction": "NaN",
            "Bao recommended hint": "(no hint)"
        }
    },
    {
        "Plan": {
            "Node Type": "Aggregate",
            "Strategy": "Plain",
            "Partial Mode": "Finalize",
            "Parallel Aware": false,
            "Startup Cost": 202751.11,
            "Total Cost": 202751.12,
            "Plan Rows": 1,
            "Plan Width": 8,
            "Actual Startup Time": 265.443,
            "Actual Total Time": 276.733,
            "Actual Rows": 1,
            "Actual Loops": 1,
            "Output": [
                "count(*)"
            ],
            "Plans": [
                {
                    "Node Type": "Gather",
                    "Parent Relationship": "Outer",
                    "Parallel Aware": false,
                    "Startup Cost": 202750.48,
                    "Total Cost": 202751.09,
                    "Plan Rows": 6,
                    "Plan Width": 8,
                    "Actual Startup Time": 265.322,
                    "Actual Total Time": 276.725,
                    "Actual Rows": 7,
                    "Actual Loops": 1,
                    "Output": [
                        "(PARTIAL count(*))"
                    ],
                    "Workers Planned": 6,
                    "Workers Launched": 6,
                    "Single Copy": false,
                    "Plans": [
                        {
                            "Node Type": "Aggregate",
                            "Strategy": "Plain",
                            "Partial Mode": "Partial",
                            "Parent Relationship": "Outer",
                            "Parallel Aware": false,
                            "Startup Cost": 201750.48,
                            "Total Cost": 201750.49,
                            "Plan Rows": 1,
                            "Plan Width": 8,
                            "Actual Startup Time": 255.059,
                            "Actual Total Time": 255.06,
                            "Actual Rows": 1,
                            "Actual Loops": 7,
                            "Output": [
                                "PARTIAL count(*)"
                            ],
                            "Workers": [
                                {
                                    "Worker Number": 0,
                                    "Actual Startup Time": 252.721,
                                    "Actual Total Time": 252.722,
                                    "Actual Rows": 1,
                                    "Actual Loops": 1
                                },
                                {
                                    "Worker Number": 1,
                                    "Actual Startup Time": 253.195,
                                    "Actual Total Time": 253.196,
                                    "Actual Rows": 1,
                                    "Actual Loops": 1
                                },
                                {
                                    "Worker Number": 2,
                                    "Actual Startup Time": 252.985,
                                    "Actual Total Time": 252.987,
                                    "Actual Rows": 1,
                                    "Actual Loops": 1
                                },
                                {
                                    "Worker Number": 3,
                                    "Actual Startup Time": 253.872,
                                    "Actual Total Time": 253.874,
                                    "Actual Rows": 1,
                                    "Actual Loops": 1
                                },
                                {
                                    "Worker Number": 4,
                                    "Actual Startup Time": 254.014,
                                    "Actual Total Time": 254.015,
                                    "Actual Rows": 1,
                                    "Actual Loops": 1
                                },
                                {
                                    "Worker Number": 5,
                                    "Actual Startup Time": 254.02,
                                    "Actual Total Time": 254.02,
                                    "Actual Rows": 1,
                                    "Actual Loops": 1
                                }
                            ],
                            "Plans": [
                                {
                                    "Node Type": "Index Scan",
                                    "Parent Relationship": "Outer",
                                    "Parallel Aware": true,
                                    "Scan Direction": "Forward",
                                    "Index Name": "role_id_cast_info",
                                    "Relation Name": "cast_info",
                                    "Schema": "public",
                                    "Alias": "ci",
                                    "Startup Cost": 0.56,
                                    "Total Cost": 200814.65,
                                    "Plan Rows": 374332,
                                    "Plan Width": 0,
                                    "Actual Startup Time": 12.934,
                                    "Actual Total Time": 255.023,
                                    "Actual Rows": 256,
                                    "Actual Loops": 7,
                                    "Output": [
                                        "id",
                                        "person_id",
                                        "movie_id",
                                        "person_role_id",
                                        "note",
                                        "nr_order",
                                        "role_id"
                                    ],
                                    "Index Cond": "(ci.role_id = 2)",
                                    "Rows Removed by Index Recheck": 0,
                                    "Filter": "(ci.person_id < 1072199)",
                                    "Rows Removed by Filter": 1064312,
                                    "Workers": [
                                        {
                                            "Worker Number": 0,
                                            "Actual Startup Time": 17.248,
                                            "Actual Total Time": 252.69,
                                            "Actual Rows": 147,
                                            "Actual Loops": 1
                                        },
                                        {
                                            "Worker Number": 1,
                                            "Actual Startup Time": 7.214,
                                            "Actual Total Time": 253.143,
                                            "Actual Rows": 436,
                                            "Actual Loops": 1
                                        },
                                        {
                                            "Worker Number": 2,
                                            "Actual Startup Time": 15.043,
                                            "Actual Total Time": 252.948,
                                            "Actual Rows": 421,
                                            "Actual Loops": 1
                                        },
                                        {
                                            "Worker Number": 3,
                                            "Actual Startup Time": 37.439,
                                            "Actual Total Time": 253.847,
                                            "Actual Rows": 86,
                                            "Actual Loops": 1
                                        },
                                        {
                                            "Worker Number": 4,
                                            "Actual Startup Time": 4.289,
                                            "Actual Total Time": 253.988,
                                            "Actual Rows": 146,
                                            "Actual Loops": 1
                                        },
                                        {
                                            "Worker Number": 5,
                                            "Actual Startup Time": 8.918,
                                            "Actual Total Time": 253.966,
                                            "Actual Rows": 382,
                                            "Actual Loops": 1
                                        }
                                    ]
                                }
                            ]
                        }
                    ]
                }
            ]
        },
        "Planning Time": 199.521,
        "Triggers": [],
        "Execution Time": 276.813
    }
]