[
  {
    "Plan": {
      "Node Type": "Aggregate",
      "Strategy": "Plain",
      "Partial Mode": "Finalize",
      "Parallel Aware": false,
      "Startup Cost": 350240.01,
      "Total Cost": 350240.02,
      "Plan Rows": 1,
      "Plan Width": 8,
      "Actual Startup Time": 759.862,
      "Actual Total Time": 818.069,
      "Actual Rows": 1,
      "Actual Loops": 1,
      "Plans": [
        {
          "Node Type": "Gather",
          "Parent Relationship": "Outer",
          "Parallel Aware": false,
          "Startup Cost": 350239.38,
          "Total Cost": 350239.99,
          "Plan Rows": 6,
          "Plan Width": 8,
          "Actual Startup Time": 759.72,
          "Actual Total Time": 818.06,
          "Actual Rows": 7,
          "Actual Loops": 1,
          "Workers Planned": 6,
          "Workers Launched": 6,
          "Single Copy": false,
          "Plans": [
            {
              "Node Type": "Aggregate",
              "Strategy": "Plain",
              "Partial Mode": "Partial",
              "Parent Relationship": "Outer",
              "Parallel Aware": false,
              "Startup Cost": 349239.38,
              "Total Cost": 349239.39,
              "Plan Rows": 1,
              "Plan Width": 8,
              "Actual Startup Time": 751.408,
              "Actual Total Time": 751.409,
              "Actual Rows": 1,
              "Actual Loops": 7,
              "Plans": [
                {
                  "Node Type": "Seq Scan",
                  "Parent Relationship": "Outer",
                  "Parallel Aware": true,
                  "Relation Name": "cast_info",
                  "Alias": "ci",
                  "Startup Cost": 0.0,
                  "Total Cost": 343257.03,
                  "Plan Rows": 2392941,
                  "Plan Width": 0,
                  "Actual Startup Time": 204.384,
                  "Actual Total Time": 642.25,
                  "Actual Rows": 2798130,
                  "Actual Loops": 7,
                  "Filter": "((person_id > 1411263) AND (role_id > 1))",
                  "Rows Removed by Filter": 2379633
                }
              ]
            }
          ]
        }
      ]
    },
    "Planning Time": 0.187,
    "Triggers": [],
    "Execution Time": 818.135
  }
]