[
  {
    "Plan": {
      "Node Type": "Aggregate",
      "Strategy": "Plain",
      "Partial Mode": "Finalize",
      "Parallel Aware": false,
      "Startup Cost": 275433.57,
      "Total Cost": 275433.58,
      "Plan Rows": 1,
      "Plan Width": 8,
      "Actual Startup Time": 68.627,
      "Actual Total Time": 72.495,
      "Actual Rows": 1,
      "Actual Loops": 1,
      "Plans": [
        {
          "Node Type": "Gather",
          "Parent Relationship": "Outer",
          "Parallel Aware": false,
          "Startup Cost": 275433.05,
          "Total Cost": 275433.56,
          "Plan Rows": 5,
          "Plan Width": 8,
          "Actual Startup Time": 68.359,
          "Actual Total Time": 72.488,
          "Actual Rows": 6,
          "Actual Loops": 1,
          "Workers Planned": 5,
          "Workers Launched": 5,
          "Single Copy": false,
          "Plans": [
            {
              "Node Type": "Aggregate",
              "Strategy": "Plain",
              "Partial Mode": "Partial",
              "Parent Relationship": "Outer",
              "Parallel Aware": false,
              "Startup Cost": 274433.05,
              "Total Cost": 274433.06,
              "Plan Rows": 1,
              "Plan Width": 8,
              "Actual Startup Time": 58.101,
              "Actual Total Time": 58.102,
              "Actual Rows": 1,
              "Actual Loops": 6,
              "Plans": [
                {
                  "Node Type": "Bitmap Heap Scan",
                  "Parent Relationship": "Outer",
                  "Parallel Aware": true,
                  "Relation Name": "cast_info",
                  "Alias": "ci",
                  "Startup Cost": 8207.51,
                  "Total Cost": 274368.61,
                  "Plan Rows": 25774,
                  "Plan Width": 0,
                  "Actual Startup Time": 26.773,
                  "Actual Total Time": 53.81,
                  "Actual Rows": 45874,
                  "Actual Loops": 6,
                  "Recheck Cond": "(person_id < 42518)",
                  "Rows Removed by Index Recheck": 0,
                  "Filter": "(role_id < 2)",
                  "Rows Removed by Filter": 16162,
                  "Exact Heap Blocks": 1942,
                  "Lossy Heap Blocks": 0,
                  "Plans": [
                    {
                      "Node Type": "Bitmap Index Scan",
                      "Parent Relationship": "Outer",
                      "Parallel Aware": false,
                      "Index Name": "person_id_cast_info",
                      "Startup Cost": 0.0,
                      "Total Cost": 8175.29,
                      "Plan Rows": 374230,
                      "Plan Width": 0,
                      "Actual Startup Time": 35.373,
                      "Actual Total Time": 35.374,
                      "Actual Rows": 372218,
                      "Actual Loops": 1,
                      "Index Cond": "(person_id < 42518)"
                    }
                  ]
                }
              ]
            }
          ]
        }
      ]
    },
    "Planning Time": 0.261,
    "Triggers": [],
    "Execution Time": 72.571
  }
]