[
  {
    "Plan": {
      "Node Type": "Aggregate",
      "Strategy": "Plain",
      "Partial Mode": "Finalize",
      "Parallel Aware": false,
      "Startup Cost": 348304.81,
      "Total Cost": 348304.82,
      "Plan Rows": 1,
      "Plan Width": 8,
      "Actual Startup Time": 657.9,
      "Actual Total Time": 703.941,
      "Actual Rows": 1,
      "Actual Loops": 1,
      "Plans": [
        {
          "Node Type": "Gather",
          "Parent Relationship": "Outer",
          "Parallel Aware": false,
          "Startup Cost": 348304.19,
          "Total Cost": 348304.8,
          "Plan Rows": 6,
          "Plan Width": 8,
          "Actual Startup Time": 657.743,
          "Actual Total Time": 703.931,
          "Actual Rows": 7,
          "Actual Loops": 1,
          "Workers Planned": 6,
          "Workers Launched": 6,
          "Single Copy": false,
          "Plans": [
            {
              "Node Type": "Aggregate",
              "Strategy": "Plain",
              "Partial Mode": "Partial",
              "Parent Relationship": "Outer",
              "Parallel Aware": false,
              "Startup Cost": 347304.19,
              "Total Cost": 347304.2,
              "Plan Rows": 1,
              "Plan Width": 8,
              "Actual Startup Time": 650.096,
              "Actual Total Time": 650.098,
              "Actual Rows": 1,
              "Actual Loops": 7,
              "Plans": [
                {
                  "Node Type": "Seq Scan",
                  "Parent Relationship": "Outer",
                  "Parallel Aware": true,
                  "Relation Name": "cast_info",
                  "Alias": "ci",
                  "Startup Cost": 0.0,
                  "Total Cost": 343316.27,
                  "Plan Rows": 1595167,
                  "Plan Width": 0,
                  "Actual Startup Time": 271.468,
                  "Actual Total Time": 609.592,
                  "Actual Rows": 846072,
                  "Actual Loops": 7,
                  "Filter": "((person_id > 2257027) AND (role_id < 4))",
                  "Rows Removed by Filter": 4331692
                }
              ]
            }
          ]
        }
      ]
    },
    "Planning Time": 0.221,
    "Triggers": [],
    "Execution Time": 704.01
  }
]