{
  "Plan": {
    "Node Type": "Aggregate",
    "Strategy": "Plain",
    "Partial Mode": "Finalize",
    "Parallel Aware": false,
    "Startup Cost": 447814.09,
    "Total Cost": 447814.1,
    "Plan Rows": 1,
    "Plan Width": 8,
    "Actual Startup Time": 2007.061,
    "Actual Total Time": 2042.359,
    "Actual Rows": 1,
    "Actual Loops": 1,
    "Plans": [
      {
        "Node Type": "Gather",
        "Parent Relationship": "Outer",
        "Parallel Aware": false,
        "Startup Cost": 447813.98,
        "Total Cost": 447814.09,
        "Plan Rows": 1,
        "Plan Width": 8,
        "Actual Startup Time": 2006.607,
        "Actual Total Time": 2042.352,
        "Actual Rows": 2,
        "Actual Loops": 1,
        "Workers Planned": 1,
        "Workers Launched": 1,
        "Single Copy": false,
        "Plans": [
          {
            "Node Type": "Aggregate",
            "Strategy": "Plain",
            "Partial Mode": "Partial",
            "Parent Relationship": "Outer",
            "Parallel Aware": false,
            "Startup Cost": 446813.98,
            "Total Cost": 446813.99,
            "Plan Rows": 1,
            "Plan Width": 8,
            "Actual Startup Time": 2000.402,
            "Actual Total Time": 2000.405,
            "Actual Rows": 1,
            "Actual Loops": 2,
            "Plans": [
              {
                "Node Type": "Merge Join",
                "Parent Relationship": "Outer",
                "Parallel Aware": false,
                "Join Type": "Inner",
                "Startup Cost": 135087.1,
                "Total Cost": 446678.15,
                "Plan Rows": 54331,
                "Plan Width": 0,
                "Actual Startup Time": 64.627,
                "Actual Total Time": 1998.234,
                "Actual Rows": 45447,
                "Actual Loops": 2,
                "Inner Unique": false,
                "Merge Cond": "(t.id = mi.movie_id)",
                "Plans": [
                  {
                    "Node Type": "Merge Join",
                    "Parent Relationship": "Outer",
                    "Parallel Aware": false,
                    "Join Type": "Inner",
                    "Startup Cost": 14.2,
                    "Total Cost": 306045.09,
                    "Plan Rows": 1963031,
                    "Plan Width": 8,
                    "Actual Startup Time": 4.912,
                    "Actual Total Time": 1904.162,
                    "Actual Rows": 818628,
                    "Actual Loops": 2,
                    "Inner Unique": true,
                    "Merge Cond": "(mk.movie_id = t.id)",
                    "Plans": [
                      {
                        "Node Type": "Index Only Scan",
                        "Parent Relationship": "Outer",
                        "Parallel Aware": true,
                        "Scan Direction": "Forward",
                        "Index Name": "movie_id_movie_keyword",
                        "Relation Name": "movie_keyword",
                        "Alias": "mk",
                        "Startup Cost": 0.43,
                        "Total Cost": 158560.11,
                        "Plan Rows": 2661135,
                        "Plan Width": 4,
                        "Actual Startup Time": 0.119,
                        "Actual Total Time": 461.31,
                        "Actual Rows": 2261965,
                        "Actual Loops": 2,
                        "Heap Fetches": 4523930
                      },
                      {
                        "Node Type": "Index Scan",
                        "Parent Relationship": "Inner",
                        "Parallel Aware": false,
                        "Scan Direction": "Forward",
                        "Index Name": "title_pkey",
                        "Relation Name": "title",
                        "Alias": "t",
                        "Startup Cost": 0.43,
                        "Total Cost": 116660.7,
                        "Plan Rows": 1865037,
                        "Plan Width": 4,
                        "Actual Startup Time": 0.098,
                        "Actual Total Time": 1192.399,
                        "Actual Rows": 1864180,
                        "Actual Loops": 2,
                        "Filter": "(kind_id > 1)",
                        "Rows Removed by Filter": 661642
                      }
                    ]
                  },
                  {
                    "Node Type": "Sort",
                    "Parent Relationship": "Inner",
                    "Parallel Aware": false,
                    "Startup Cost": 135066.56,
                    "Total Cost": 135241.5,
                    "Plan Rows": 69976,
                    "Plan Width": 4,
                    "Actual Startup Time": 42.469,
                    "Actual Total Time": 49.602,
                    "Actual Rows": 111480,
                    "Actual Loops": 2,
                    "Sort Key": [
                      "mi.movie_id"
                    ],
                    "Sort Method": "quicksort",
                    "Sort Space Used": 6261,
                    "Sort Space Type": "Memory",
                    "Workers": [
                      {
                        "Worker Number": 0,
                        "Sort Method": "quicksort",
                        "Sort Space Used": 6261,
                        "Sort Space Type": "Memory"
                      }
                    ],
                    "Plans": [
                      {
                        "Node Type": "Bitmap Heap Scan",
                        "Parent Relationship": "Outer",
                        "Parallel Aware": false,
                        "Relation Name": "movie_info",
                        "Alias": "mi",
                        "Startup Cost": 1270.75,
                        "Total Cost": 129435.39,
                        "Plan Rows": 69976,
                        "Plan Width": 4,
                        "Actual Startup Time": 8.883,
                        "Actual Total Time": 27.018,
                        "Actual Rows": 68025,
                        "Actual Loops": 2,
                        "Recheck Cond": "(info_type_id = 94)",
                        "Rows Removed by Index Recheck": 0,
                        "Exact Heap Blocks": 2221,
                        "Lossy Heap Blocks": 0,
                        "Plans": [
                          {
                            "Node Type": "Bitmap Index Scan",
                            "Parent Relationship": "Outer",
                            "Parallel Aware": false,
                            "Index Name": "info_type_id_movie_info",
                            "Startup Cost": 0.0,
                            "Total Cost": 1253.25,
                            "Plan Rows": 69976,
                            "Plan Width": 0,
                            "Actual Startup Time": 8.168,
                            "Actual Total Time": 8.169,
                            "Actual Rows": 68025,
                            "Actual Loops": 2,
                            "Index Cond": "(info_type_id = 94)"
                          }
                        ]
                      }
                    ]
                  }
                ]
              }
            ]
          }
        ]
      }
    ]
  },
  "Planning Time": 1.049,
  "Triggers": [],
  "Execution Time": 2042.478
}