[
    {
        "Bao": {
            "Bao prediction": "NaN",
            "Bao recommended hint": "(no hint)"
        }
    },
    {
        "Plan": {
            "Node Type": "Aggregate",
            "Strategy": "Plain",
            "Partial Mode": "Finalize",
            "Parallel Aware": false,
            "Startup Cost": 27880.63,
            "Total Cost": 27880.64,
            "Plan Rows": 1,
            "Plan Width": 8,
            "Actual Startup Time": 51.928,
            "Actual Total Time": 55.698,
            "Actual Rows": 1,
            "Actual Loops": 1,
            "Output": [
                "count(*)"
            ],
            "Plans": [
                {
                    "Node Type": "Gather",
                    "Parent Relationship": "Outer",
                    "Parallel Aware": false,
                    "Startup Cost": 27880.32,
                    "Total Cost": 27880.63,
                    "Plan Rows": 3,
                    "Plan Width": 8,
                    "Actual Startup Time": 51.755,
                    "Actual Total Time": 55.691,
                    "Actual Rows": 4,
                    "Actual Loops": 1,
                    "Output": [
                        "(PARTIAL count(*))"
                    ],
                    "Workers Planned": 3,
                    "Workers Launched": 3,
                    "Single Copy": false,
                    "Plans": [
                        {
                            "Node Type": "Aggregate",
                            "Strategy": "Plain",
                            "Partial Mode": "Partial",
                            "Parent Relationship": "Outer",
                            "Parallel Aware": false,
                            "Startup Cost": 26880.32,
                            "Total Cost": 26880.33,
                            "Plan Rows": 1,
                            "Plan Width": 8,
                            "Actual Startup Time": 42.936,
                            "Actual Total Time": 42.938,
                            "Actual Rows": 1,
                            "Actual Loops": 4,
                            "Output": [
                                "PARTIAL count(*)"
                            ],
                            "Workers": [
                                {
                                    "Worker Number": 0,
                                    "Actual Startup Time": 39.398,
                                    "Actual Total Time": 39.4,
                                    "Actual Rows": 1,
                                    "Actual Loops": 1
                                },
                                {
                                    "Worker Number": 1,
                                    "Actual Startup Time": 40.321,
                                    "Actual Total Time": 40.322,
                                    "Actual Rows": 1,
                                    "Actual Loops": 1
                                },
                                {
                                    "Worker Number": 2,
                                    "Actual Startup Time": 40.511,
                                    "Actual Total Time": 40.513,
                                    "Actual Rows": 1,
                                    "Actual Loops": 1
                                }
                            ],
                            "Plans": [
                                {
                                    "Node Type": "Bitmap Heap Scan",
                                    "Parent Relationship": "Outer",
                                    "Parallel Aware": true,
                                    "Relation Name": "movie_companies",
                                    "Schema": "public",
                                    "Alias": "mc",
                                    "Startup Cost": 6613.61,
                                    "Total Cost": 26634.2,
                                    "Plan Rows": 98447,
                                    "Plan Width": 0,
                                    "Actual Startup Time": 7.882,
                                    "Actual Total Time": 37.565,
                                    "Actual Rows": 76804,
                                    "Actual Loops": 4,
                                    "Recheck Cond": "(mc.company_id > 93047)",
                                    "Rows Removed by Index Recheck": 0,
                                    "Exact Heap Blocks": 2776,
                                    "Lossy Heap Blocks": 0,
                                    "Workers": [
                                        {
                                            "Worker Number": 0,
                                            "Actual Startup Time": 4.503,
                                            "Actual Total Time": 34.6,
                                            "Actual Rows": 39965,
                                            "Actual Loops": 1
                                        },
                                        {
                                            "Worker Number": 1,
                                            "Actual Startup Time": 5.289,
                                            "Actual Total Time": 35.497,
                                            "Actual Rows": 43388,
                                            "Actual Loops": 1
                                        },
                                        {
                                            "Worker Number": 2,
                                            "Actual Startup Time": 5.475,
                                            "Actual Total Time": 35.609,
                                            "Actual Rows": 44253,
                                            "Actual Loops": 1
                                        }
                                    ],
                                    "Plans": [
                                        {
                                            "Node Type": "Bitmap Index Scan",
                                            "Parent Relationship": "Outer",
                                            "Parallel Aware": false,
                                            "Index Name": "company_id_movie_companies",
                                            "Startup Cost": 0.0,
                                            "Total Cost": 6537.32,
                                            "Plan Rows": 305185,
                                            "Plan Width": 0,
                                            "Actual Startup Time": 15.624,
                                            "Actual Total Time": 15.624,
                                            "Actual Rows": 307218,
                                            "Actual Loops": 1,
                                            "Index Cond": "(mc.company_id > 93047)"
                                        }
                                    ]
                                }
                            ]
                        }
                    ]
                }
            ]
        },
        "Planning Time": 198.42,
        "Triggers": [],
        "Execution Time": 55.747
    }
]