[
  {
    "Plan": {
      "Node Type": "Aggregate",
      "Strategy": "Plain",
      "Partial Mode": "Finalize",
      "Parallel Aware": false,
      "Startup Cost": 46872.25,
      "Total Cost": 46872.26,
      "Plan Rows": 1,
      "Plan Width": 8,
      "Actual Startup Time": 179.13,
      "Actual Total Time": 188.207,
      "Actual Rows": 1,
      "Actual Loops": 1,
      "Plans": [
        {
          "Node Type": "Gather",
          "Parent Relationship": "Outer",
          "Parallel Aware": false,
          "Startup Cost": 46871.93,
          "Total Cost": 46872.24,
          "Plan Rows": 3,
          "Plan Width": 8,
          "Actual Startup Time": 179.002,
          "Actual Total Time": 188.197,
          "Actual Rows": 4,
          "Actual Loops": 1,
          "Workers Planned": 3,
          "Workers Launched": 3,
          "Single Copy": false,
          "Plans": [
            {
              "Node Type": "Aggregate",
              "Strategy": "Plain",
              "Partial Mode": "Partial",
              "Parent Relationship": "Outer",
              "Parallel Aware": false,
              "Startup Cost": 45871.93,
              "Total Cost": 45871.94,
              "Plan Rows": 1,
              "Plan Width": 8,
              "Actual Startup Time": 171.885,
              "Actual Total Time": 171.886,
              "Actual Rows": 1,
              "Actual Loops": 4,
              "Plans": [
                {
                  "Node Type": "Seq Scan",
                  "Parent Relationship": "Outer",
                  "Parallel Aware": true,
                  "Relation Name": "movie_keyword",
                  "Alias": "mk",
                  "Startup Cost": 0.0,
                  "Total Cost": 42695.65,
                  "Plan Rows": 1270510,
                  "Plan Width": 0,
                  "Actual Startup Time": 0.048,
                  "Actual Total Time": 125.427,
                  "Actual Rows": 984574,
                  "Actual Loops": 4,
                  "Filter": "(keyword_id < 31334)",
                  "Rows Removed by Filter": 146408
                }
              ]
            }
          ]
        }
      ]
    },
    "Planning Time": 0.192,
    "Triggers": [],
    "Execution Time": 188.272
  }
]