[
  {
    "Plan": {
      "Node Type": "Aggregate",
      "Strategy": "Plain",
      "Partial Mode": "Finalize",
      "Parallel Aware": false,
      "Startup Cost": 45543.44,
      "Total Cost": 45543.45,
      "Plan Rows": 1,
      "Plan Width": 8,
      "Actual Startup Time": 150.929,
      "Actual Total Time": 160.842,
      "Actual Rows": 1,
      "Actual Loops": 1,
      "Plans": [
        {
          "Node Type": "Gather",
          "Parent Relationship": "Outer",
          "Parallel Aware": false,
          "Startup Cost": 45543.12,
          "Total Cost": 45543.43,
          "Plan Rows": 3,
          "Plan Width": 8,
          "Actual Startup Time": 150.637,
          "Actual Total Time": 160.834,
          "Actual Rows": 4,
          "Actual Loops": 1,
          "Workers Planned": 3,
          "Workers Launched": 3,
          "Single Copy": false,
          "Plans": [
            {
              "Node Type": "Aggregate",
              "Strategy": "Plain",
              "Partial Mode": "Partial",
              "Parent Relationship": "Outer",
              "Parallel Aware": false,
              "Startup Cost": 44543.12,
              "Total Cost": 44543.13,
              "Plan Rows": 1,
              "Plan Width": 8,
              "Actual Startup Time": 144.189,
              "Actual Total Time": 144.19,
              "Actual Rows": 1,
              "Actual Loops": 4,
              "Plans": [
                {
                  "Node Type": "Seq Scan",
                  "Parent Relationship": "Outer",
                  "Parallel Aware": true,
                  "Relation Name": "movie_keyword",
                  "Alias": "mk",
                  "Startup Cost": 0.0,
                  "Total Cost": 42695.65,
                  "Plan Rows": 738987,
                  "Plan Width": 0,
                  "Actual Startup Time": 0.063,
                  "Actual Total Time": 117.158,
                  "Actual Rows": 572915,
                  "Actual Loops": 4,
                  "Filter": "(keyword_id < 4888)",
                  "Rows Removed by Filter": 558068
                }
              ]
            }
          ]
        }
      ]
    },
    "Planning Time": 0.177,
    "Triggers": [],
    "Execution Time": 160.895
  }
]