{
  "Plan": {
    "Node Type": "Aggregate",
    "Strategy": "Plain",
    "Partial Mode": "Finalize",
    "Parallel Aware": false,
    "Startup Cost": 405513.7,
    "Total Cost": 405513.71,
    "Plan Rows": 1,
    "Plan Width": 8,
    "Actual Startup Time": 577.745,
    "Actual Total Time": 600.545,
    "Actual Rows": 1,
    "Actual Loops": 1,
    "Plans": [
      {
        "Node Type": "Gather",
        "Parent Relationship": "Outer",
        "Parallel Aware": false,
        "Startup Cost": 405513.59,
        "Total Cost": 405513.7,
        "Plan Rows": 1,
        "Plan Width": 8,
        "Actual Startup Time": 577.132,
        "Actual Total Time": 600.537,
        "Actual Rows": 2,
        "Actual Loops": 1,
        "Workers Planned": 1,
        "Workers Launched": 1,
        "Single Copy": false,
        "Plans": [
          {
            "Node Type": "Aggregate",
            "Strategy": "Plain",
            "Partial Mode": "Partial",
            "Parent Relationship": "Outer",
            "Parallel Aware": false,
            "Startup Cost": 404513.59,
            "Total Cost": 404513.6,
            "Plan Rows": 1,
            "Plan Width": 8,
            "Actual Startup Time": 571.055,
            "Actual Total Time": 571.058,
            "Actual Rows": 1,
            "Actual Loops": 2,
            "Plans": [
              {
                "Node Type": "Hash Join",
                "Parent Relationship": "Outer",
                "Parallel Aware": true,
                "Join Type": "Inner",
                "Startup Cost": 125001.23,
                "Total Cost": 404456.15,
                "Plan Rows": 22977,
                "Plan Width": 0,
                "Actual Startup Time": 253.899,
                "Actual Total Time": 570.014,
                "Actual Rows": 18367,
                "Actual Loops": 2,
                "Inner Unique": true,
                "Hash Cond": "(ci.movie_id = t.id)",
                "Plans": [
                  {
                    "Node Type": "Bitmap Heap Scan",
                    "Parent Relationship": "Outer",
                    "Parallel Aware": true,
                    "Relation Name": "cast_info",
                    "Alias": "ci",
                    "Startup Cost": 66453.4,
                    "Total Cost": 341262.64,
                    "Plan Rows": 1769779,
                    "Plan Width": 4,
                    "Actual Startup Time": 109.124,
                    "Actual Total Time": 270.309,
                    "Actual Rows": 1449976,
                    "Actual Loops": 2,
                    "Recheck Cond": "(person_id > 3517928)",
                    "Rows Removed by Index Recheck": 0,
                    "Exact Heap Blocks": 21610,
                    "Lossy Heap Blocks": 0,
                    "Plans": [
                      {
                        "Node Type": "Bitmap Index Scan",
                        "Parent Relationship": "Outer",
                        "Parallel Aware": false,
                        "Index Name": "person_id_cast_info",
                        "Startup Cost": 0.0,
                        "Total Cost": 65701.24,
                        "Plan Rows": 3008624,
                        "Plan Width": 0,
                        "Actual Startup Time": 102.481,
                        "Actual Total Time": 102.482,
                        "Actual Rows": 2899951,
                        "Actual Loops": 1,
                        "Index Cond": "(person_id > 3517928)"
                      }
                    ]
                  },
                  {
                    "Node Type": "Hash",
                    "Parent Relationship": "Inner",
                    "Parallel Aware": true,
                    "Startup Cost": 58306.47,
                    "Total Cost": 58306.47,
                    "Plan Rows": 19309,
                    "Plan Width": 4,
                    "Actual Startup Time": 143.305,
                    "Actual Total Time": 143.306,
                    "Actual Rows": 19754,
                    "Actual Loops": 2,
                    "Hash Buckets": 65536,
                    "Original Hash Buckets": 65536,
                    "Hash Batches": 1,
                    "Original Hash Batches": 1,
                    "Peak Memory Usage": 2080,
                    "Plans": [
                      {
                        "Node Type": "Seq Scan",
                        "Parent Relationship": "Outer",
                        "Parallel Aware": true,
                        "Relation Name": "title",
                        "Alias": "t",
                        "Startup Cost": 0.0,
                        "Total Cost": 58306.47,
                        "Plan Rows": 19309,
                        "Plan Width": 4,
                        "Actual Startup Time": 0.051,
                        "Actual Total Time": 136.865,
                        "Actual Rows": 19754,
                        "Actual Loops": 2,
                        "Filter": "((kind_id > 1) AND (production_year = 1998))",
                        "Rows Removed by Filter": 1244402
                      }
                    ]
                  }
                ]
              }
            ]
          }
        ]
      }
    ]
  },
  "Planning Time": 0.476,
  "Triggers": [],
  "Execution Time": 600.641
}