[
  {
    "Plan": {
      "Node Type": "Aggregate",
      "Strategy": "Plain",
      "Partial Mode": "Finalize",
      "Parallel Aware": false,
      "Startup Cost": 47008.68,
      "Total Cost": 47008.69,
      "Plan Rows": 1,
      "Plan Width": 8,
      "Actual Startup Time": 100.687,
      "Actual Total Time": 112.707,
      "Actual Rows": 1,
      "Actual Loops": 1,
      "Plans": [
        {
          "Node Type": "Gather",
          "Parent Relationship": "Outer",
          "Parallel Aware": false,
          "Startup Cost": 47008.26,
          "Total Cost": 47008.67,
          "Plan Rows": 4,
          "Plan Width": 8,
          "Actual Startup Time": 100.415,
          "Actual Total Time": 112.699,
          "Actual Rows": 5,
          "Actual Loops": 1,
          "Workers Planned": 4,
          "Workers Launched": 4,
          "Single Copy": false,
          "Plans": [
            {
              "Node Type": "Aggregate",
              "Strategy": "Plain",
              "Partial Mode": "Partial",
              "Parent Relationship": "Outer",
              "Parallel Aware": false,
              "Startup Cost": 46008.26,
              "Total Cost": 46008.27,
              "Plan Rows": 1,
              "Plan Width": 8,
              "Actual Startup Time": 93.689,
              "Actual Total Time": 93.69,
              "Actual Rows": 1,
              "Actual Loops": 5,
              "Plans": [
                {
                  "Node Type": "Seq Scan",
                  "Parent Relationship": "Outer",
                  "Parallel Aware": true,
                  "Relation Name": "title",
                  "Alias": "t",
                  "Startup Cost": 0.0,
                  "Total Cost": 45479.1,
                  "Plan Rows": 211664,
                  "Plan Width": 0,
                  "Actual Startup Time": 0.035,
                  "Actual Total Time": 86.915,
                  "Actual Rows": 151032,
                  "Actual Loops": 5,
                  "Filter": "((kind_id < 7) AND (production_year > 1965))",
                  "Rows Removed by Filter": 354630
                }
              ]
            }
          ]
        }
      ]
    },
    "Planning Time": 0.237,
    "Triggers": [],
    "Execution Time": 112.771
  }
]