[
  {
    "Plan": {
      "Node Type": "Aggregate",
      "Strategy": "Plain",
      "Partial Mode": "Finalize",
      "Parallel Aware": false,
      "Startup Cost": 393263.32,
      "Total Cost": 393263.33,
      "Plan Rows": 1,
      "Plan Width": 8,
      "Actual Startup Time": 1090.907,
      "Actual Total Time": 1133.823,
      "Actual Rows": 1,
      "Actual Loops": 1,
      "Plans": [
        {
          "Node Type": "Gather",
          "Parent Relationship": "Outer",
          "Parallel Aware": false,
          "Startup Cost": 393262.69,
          "Total Cost": 393263.3,
          "Plan Rows": 6,
          "Plan Width": 8,
          "Actual Startup Time": 1088.124,
          "Actual Total Time": 1133.808,
          "Actual Rows": 7,
          "Actual Loops": 1,
          "Workers Planned": 6,
          "Workers Launched": 6,
          "Single Copy": false,
          "Plans": [
            {
              "Node Type": "Aggregate",
              "Strategy": "Plain",
              "Partial Mode": "Partial",
              "Parent Relationship": "Outer",
              "Parallel Aware": false,
              "Startup Cost": 392262.69,
              "Total Cost": 392262.7,
              "Plan Rows": 1,
              "Plan Width": 8,
              "Actual Startup Time": 1078.482,
              "Actual Total Time": 1078.525,
              "Actual Rows": 1,
              "Actual Loops": 7,
              "Plans": [
                {
                  "Node Type": "Hash Join",
                  "Parent Relationship": "Outer",
                  "Parallel Aware": true,
                  "Join Type": "Inner",
                  "Startup Cost": 46246.2,
                  "Total Cost": 391851.72,
                  "Plan Rows": 164388,
                  "Plan Width": 0,
                  "Actual Startup Time": 118.177,
                  "Actual Total Time": 1058.885,
                  "Actual Rows": 299292,
                  "Actual Loops": 7,
                  "Inner Unique": true,
                  "Hash Cond": "(ci.movie_id = t.id)",
                  "Plans": [
                    {
                      "Node Type": "Index Scan",
                      "Parent Relationship": "Outer",
                      "Parallel Aware": true,
                      "Scan Direction": "Forward",
                      "Index Name": "role_id_cast_info",
                      "Relation Name": "cast_info",
                      "Alias": "ci",
                      "Startup Cost": 0.56,
                      "Total Cost": 341155.22,
                      "Plan Rows": 1695565,
                      "Plan Width": 4,
                      "Actual Startup Time": 0.23,
                      "Actual Total Time": 515.1,
                      "Actual Rows": 1810098,
                      "Actual Loops": 7,
                      "Index Cond": "(role_id < 2)",
                      "Rows Removed by Index Recheck": 0,
                      "Filter": "(person_id < 2954910)",
                      "Rows Removed by Filter": 0
                    },
                    {
                      "Node Type": "Hash",
                      "Parent Relationship": "Inner",
                      "Parallel Aware": true,
                      "Startup Cost": 45479.59,
                      "Total Cost": 45479.59,
                      "Plan Rows": 61284,
                      "Plan Width": 4,
                      "Actual Startup Time": 116.531,
                      "Actual Total Time": 116.533,
                      "Actual Rows": 52232,
                      "Actual Loops": 7,
                      "Hash Buckets": 524288,
                      "Original Hash Buckets": 262144,
                      "Hash Batches": 1,
                      "Original Hash Batches": 1,
                      "Peak Memory Usage": 20512,
                      "Plans": [
                        {
                          "Node Type": "Seq Scan",
                          "Parent Relationship": "Outer",
                          "Parallel Aware": true,
                          "Relation Name": "title",
                          "Alias": "t",
                          "Startup Cost": 0.0,
                          "Total Cost": 45479.59,
                          "Plan Rows": 61284,
                          "Plan Width": 4,
                          "Actual Startup Time": 0.089,
                          "Actual Total Time": 84.429,
                          "Actual Rows": 52232,
                          "Actual Loops": 7,
                          "Filter": "((kind_id < 7) AND (production_year < 1988))",
                          "Rows Removed by Filter": 308956
                        }
                      ]
                    }
                  ]
                }
              ]
            }
          ]
        }
      ]
    },
    "Planning Time": 0.327,
    "Triggers": [],
    "Execution Time": 1133.885
  }
]