[
  {
    "Plan": {
      "Node Type": "Aggregate",
      "Strategy": "Plain",
      "Partial Mode": "Finalize",
      "Parallel Aware": false,
      "Startup Cost": 32761.74,
      "Total Cost": 32761.75,
      "Plan Rows": 1,
      "Plan Width": 8,
      "Actual Startup Time": 108.742,
      "Actual Total Time": 117.637,
      "Actual Rows": 1,
      "Actual Loops": 1,
      "Plans": [
        {
          "Node Type": "Gather",
          "Parent Relationship": "Outer",
          "Parallel Aware": false,
          "Startup Cost": 32761.42,
          "Total Cost": 32761.73,
          "Plan Rows": 3,
          "Plan Width": 8,
          "Actual Startup Time": 108.49,
          "Actual Total Time": 117.628,
          "Actual Rows": 4,
          "Actual Loops": 1,
          "Workers Planned": 3,
          "Workers Launched": 3,
          "Single Copy": false,
          "Plans": [
            {
              "Node Type": "Aggregate",
              "Strategy": "Plain",
              "Partial Mode": "Partial",
              "Parent Relationship": "Outer",
              "Parallel Aware": false,
              "Startup Cost": 31761.42,
              "Total Cost": 31761.43,
              "Plan Rows": 1,
              "Plan Width": 8,
              "Actual Startup Time": 101.144,
              "Actual Total Time": 101.146,
              "Actual Rows": 1,
              "Actual Loops": 4,
              "Plans": [
                {
                  "Node Type": "Seq Scan",
                  "Parent Relationship": "Outer",
                  "Parallel Aware": true,
                  "Relation Name": "movie_companies",
                  "Alias": "mc",
                  "Startup Cost": 0.0,
                  "Total Cost": 31414.82,
                  "Plan Rows": 138642,
                  "Plan Width": 0,
                  "Actual Startup Time": 49.938,
                  "Actual Total Time": 91.865,
                  "Actual Rows": 186542,
                  "Actual Loops": 4,
                  "Filter": "((company_id > 27254) AND (company_type_id = 2))",
                  "Rows Removed by Filter": 465740
                }
              ]
            }
          ]
        }
      ]
    },
    "Planning Time": 0.224,
    "Triggers": [],
    "Execution Time": 117.694
  }
]