[
  {
    "Plan": {
      "Node Type": "Aggregate",
      "Strategy": "Plain",
      "Partial Mode": "Finalize",
      "Parallel Aware": false,
      "Startup Cost": 47096.97,
      "Total Cost": 47096.98,
      "Plan Rows": 1,
      "Plan Width": 8,
      "Actual Startup Time": 179.905,
      "Actual Total Time": 189.052,
      "Actual Rows": 1,
      "Actual Loops": 1,
      "Plans": [
        {
          "Node Type": "Gather",
          "Parent Relationship": "Outer",
          "Parallel Aware": false,
          "Startup Cost": 47096.66,
          "Total Cost": 47096.97,
          "Plan Rows": 3,
          "Plan Width": 8,
          "Actual Startup Time": 179.813,
          "Actual Total Time": 189.045,
          "Actual Rows": 4,
          "Actual Loops": 1,
          "Workers Planned": 3,
          "Workers Launched": 3,
          "Single Copy": false,
          "Plans": [
            {
              "Node Type": "Aggregate",
              "Strategy": "Plain",
              "Partial Mode": "Partial",
              "Parent Relationship": "Outer",
              "Parallel Aware": false,
              "Startup Cost": 46096.66,
              "Total Cost": 46096.67,
              "Plan Rows": 1,
              "Plan Width": 8,
              "Actual Startup Time": 171.276,
              "Actual Total Time": 171.277,
              "Actual Rows": 1,
              "Actual Loops": 4,
              "Plans": [
                {
                  "Node Type": "Seq Scan",
                  "Parent Relationship": "Outer",
                  "Parallel Aware": true,
                  "Relation Name": "movie_keyword",
                  "Alias": "mk",
                  "Startup Cost": 0.0,
                  "Total Cost": 42695.65,
                  "Plan Rows": 1360401,
                  "Plan Width": 0,
                  "Actual Startup Time": 0.055,
                  "Actual Total Time": 124.586,
                  "Actual Rows": 1055432,
                  "Actual Loops": 4,
                  "Filter": "(keyword_id < 53737)",
                  "Rows Removed by Filter": 75551
                }
              ]
            }
          ]
        }
      ]
    },
    "Planning Time": 0.157,
    "Triggers": [],
    "Execution Time": 189.101
  }
]