[
  {
    "Plan": {
      "Node Type": "Aggregate",
      "Strategy": "Plain",
      "Partial Mode": "Finalize",
      "Parallel Aware": false,
      "Startup Cost": 46241.61,
      "Total Cost": 46241.62,
      "Plan Rows": 1,
      "Plan Width": 8,
      "Actual Startup Time": 150.794,
      "Actual Total Time": 160.127,
      "Actual Rows": 1,
      "Actual Loops": 1,
      "Plans": [
        {
          "Node Type": "Gather",
          "Parent Relationship": "Outer",
          "Parallel Aware": false,
          "Startup Cost": 46241.29,
          "Total Cost": 46241.6,
          "Plan Rows": 3,
          "Plan Width": 8,
          "Actual Startup Time": 150.636,
          "Actual Total Time": 160.118,
          "Actual Rows": 4,
          "Actual Loops": 1,
          "Workers Planned": 3,
          "Workers Launched": 3,
          "Single Copy": false,
          "Plans": [
            {
              "Node Type": "Aggregate",
              "Strategy": "Plain",
              "Partial Mode": "Partial",
              "Parent Relationship": "Outer",
              "Parallel Aware": false,
              "Startup Cost": 45241.29,
              "Total Cost": 45241.3,
              "Plan Rows": 1,
              "Plan Width": 8,
              "Actual Startup Time": 146.66,
              "Actual Total Time": 146.661,
              "Actual Rows": 1,
              "Actual Loops": 4,
              "Plans": [
                {
                  "Node Type": "Seq Scan",
                  "Parent Relationship": "Outer",
                  "Parallel Aware": true,
                  "Relation Name": "movie_keyword",
                  "Alias": "mk",
                  "Startup Cost": 0.0,
                  "Total Cost": 42695.65,
                  "Plan Rows": 1018256,
                  "Plan Width": 0,
                  "Actual Startup Time": 0.21,
                  "Actual Total Time": 112.677,
                  "Actual Rows": 787276,
                  "Actual Loops": 4,
                  "Filter": "(keyword_id > 1809)",
                  "Rows Removed by Filter": 343706
                }
              ]
            }
          ]
        }
      ]
    },
    "Planning Time": 0.162,
    "Triggers": [],
    "Execution Time": 160.176
  }
]