[
  {
    "Plan": {
      "Node Type": "Aggregate",
      "Strategy": "Plain",
      "Partial Mode": "Finalize",
      "Parallel Aware": false,
      "Startup Cost": 295468.75,
      "Total Cost": 295468.76,
      "Plan Rows": 1,
      "Plan Width": 8,
      "Actual Startup Time": 1443.574,
      "Actual Total Time": 1493.3,
      "Actual Rows": 1,
      "Actual Loops": 1,
      "Plans": [
        {
          "Node Type": "Gather",
          "Parent Relationship": "Outer",
          "Parallel Aware": false,
          "Startup Cost": 295468.22,
          "Total Cost": 295468.73,
          "Plan Rows": 5,
          "Plan Width": 8,
          "Actual Startup Time": 1438.068,
          "Actual Total Time": 1493.289,
          "Actual Rows": 6,
          "Actual Loops": 1,
          "Workers Planned": 5,
          "Workers Launched": 5,
          "Single Copy": false,
          "Plans": [
            {
              "Node Type": "Aggregate",
              "Strategy": "Plain",
              "Partial Mode": "Partial",
              "Parent Relationship": "Outer",
              "Parallel Aware": false,
              "Startup Cost": 294468.22,
              "Total Cost": 294468.23,
              "Plan Rows": 1,
              "Plan Width": 8,
              "Actual Startup Time": 1427.234,
              "Actual Total Time": 1427.39,
              "Actual Rows": 1,
              "Actual Loops": 6,
              "Plans": [
                {
                  "Node Type": "Hash Join",
                  "Parent Relationship": "Outer",
                  "Parallel Aware": true,
                  "Join Type": "Inner",
                  "Startup Cost": 84915.95,
                  "Total Cost": 292885.71,
                  "Plan Rows": 633006,
                  "Plan Width": 0,
                  "Actual Startup Time": 363.63,
                  "Actual Total Time": 1256.365,
                  "Actual Rows": 4010508,
                  "Actual Loops": 6,
                  "Inner Unique": false,
                  "Hash Cond": "(mi.movie_id = t.id)",
                  "Plans": [
                    {
                      "Node Type": "Seq Scan",
                      "Parent Relationship": "Outer",
                      "Parallel Aware": true,
                      "Relation Name": "movie_info",
                      "Alias": "mi",
                      "Startup Cost": 0.0,
                      "Total Cost": 198952.16,
                      "Plan Rows": 1982687,
                      "Plan Width": 4,
                      "Actual Startup Time": 16.552,
                      "Actual Total Time": 342.92,
                      "Actual Rows": 1651959,
                      "Actual Loops": 6,
                      "Filter": "(info_type_id > 4)",
                      "Rows Removed by Filter": 820661
                    },
                    {
                      "Node Type": "Hash",
                      "Parent Relationship": "Inner",
                      "Parallel Aware": true,
                      "Startup Cost": 82393.45,
                      "Total Cost": 82393.45,
                      "Plan Rows": 201800,
                      "Plan Width": 8,
                      "Actual Startup Time": 341.201,
                      "Actual Total Time": 341.355,
                      "Actual Rows": 99087,
                      "Actual Loops": 6,
                      "Hash Buckets": 1048576,
                      "Original Hash Buckets": 1048576,
                      "Hash Batches": 1,
                      "Original Hash Batches": 1,
                      "Peak Memory Usage": 31520,
                      "Plans": [
                        {
                          "Node Type": "Hash Join",
                          "Parent Relationship": "Outer",
                          "Parallel Aware": true,
                          "Join Type": "Inner",
                          "Startup Cost": 34843.03,
                          "Total Cost": 82393.45,
                          "Plan Rows": 201800,
                          "Plan Width": 8,
                          "Actual Startup Time": 119.566,
                          "Actual Total Time": 303.403,
                          "Actual Rows": 99087,
                          "Actual Loops": 6,
                          "Inner Unique": false,
                          "Hash Cond": "(t.id = mc.movie_id)",
                          "Plans": [
                            {
                              "Node Type": "Seq Scan",
                              "Parent Relationship": "Outer",
                              "Parallel Aware": true,
                              "Relation Name": "title",
                              "Alias": "t",
                              "Startup Cost": 0.0,
                              "Total Cost": 43898.92,
                              "Plan Rows": 600107,
                              "Plan Width": 4,
                              "Actual Startup Time": 0.018,
                              "Actual Total Time": 77.252,
                              "Actual Rows": 399395,
                              "Actual Loops": 6,
                              "Filter": "(production_year > 1914)",
                              "Rows Removed by Filter": 21990
                            },
                            {
                              "Node Type": "Hash",
                              "Parent Relationship": "Inner",
                              "Parallel Aware": true,
                              "Startup Cost": 31414.82,
                              "Total Cost": 31414.82,
                              "Plan Rows": 274257,
                              "Plan Width": 4,
                              "Actual Startup Time": 117.246,
                              "Actual Total Time": 117.247,
                              "Actual Rows": 109032,
                              "Actual Loops": 6,
                              "Hash Buckets": 1048576,
                              "Original Hash Buckets": 1048576,
                              "Hash Batches": 1,
                              "Original Hash Batches": 1,
                              "Peak Memory Usage": 33920,
                              "Plans": [
                                {
                                  "Node Type": "Seq Scan",
                                  "Parent Relationship": "Outer",
                                  "Parallel Aware": true,
                                  "Relation Name": "movie_companies",
                                  "Alias": "mc",
                                  "Startup Cost": 0.0,
                                  "Total Cost": 31414.82,
                                  "Plan Rows": 274257,
                                  "Plan Width": 4,
                                  "Actual Startup Time": 1.647,
                                  "Actual Total Time": 65.248,
                                  "Actual Rows": 109032,
                                  "Actual Loops": 6,
                                  "Filter": "((company_id > 2587) AND (company_type_id < 2))",
                                  "Rows Removed by Filter": 325823
                                }
                              ]
                            }
                          ]
                        }
                      ]
                    }
                  ]
                }
              ]
            }
          ]
        }
      ]
    },
    "Planning Time": 1.528,
    "Triggers": [],
    "Execution Time": 1493.399
  }
]