[
  {
    "Plan": {
      "Node Type": "Aggregate",
      "Strategy": "Plain",
      "Partial Mode": "Finalize",
      "Parallel Aware": false,
      "Startup Cost": 291125.44,
      "Total Cost": 291125.45,
      "Plan Rows": 1,
      "Plan Width": 8,
      "Actual Startup Time": 1429.431,
      "Actual Total Time": 1479.824,
      "Actual Rows": 1,
      "Actual Loops": 1,
      "Plans": [
        {
          "Node Type": "Gather",
          "Parent Relationship": "Outer",
          "Parallel Aware": false,
          "Startup Cost": 291124.92,
          "Total Cost": 291125.43,
          "Plan Rows": 5,
          "Plan Width": 8,
          "Actual Startup Time": 1407.412,
          "Actual Total Time": 1479.81,
          "Actual Rows": 6,
          "Actual Loops": 1,
          "Workers Planned": 5,
          "Workers Launched": 5,
          "Single Copy": false,
          "Plans": [
            {
              "Node Type": "Aggregate",
              "Strategy": "Plain",
              "Partial Mode": "Partial",
              "Parent Relationship": "Outer",
              "Parallel Aware": false,
              "Startup Cost": 290124.92,
              "Total Cost": 290124.93,
              "Plan Rows": 1,
              "Plan Width": 8,
              "Actual Startup Time": 1399.171,
              "Actual Total Time": 1399.179,
              "Actual Rows": 1,
              "Actual Loops": 6,
              "Plans": [
                {
                  "Node Type": "Hash Join",
                  "Parent Relationship": "Outer",
                  "Parallel Aware": true,
                  "Join Type": "Inner",
                  "Startup Cost": 85000.77,
                  "Total Cost": 289118.78,
                  "Plan Rows": 402455,
                  "Plan Width": 0,
                  "Actual Startup Time": 429.819,
                  "Actual Total Time": 1280.719,
                  "Actual Rows": 2501363,
                  "Actual Loops": 6,
                  "Inner Unique": false,
                  "Hash Cond": "(mi.movie_id = t.id)",
                  "Plans": [
                    {
                      "Node Type": "Seq Scan",
                      "Parent Relationship": "Outer",
                      "Parallel Aware": true,
                      "Relation Name": "movie_info",
                      "Alias": "mi",
                      "Startup Cost": 0.0,
                      "Total Cost": 191685.19,
                      "Plan Rows": 2969219,
                      "Plan Width": 4,
                      "Actual Startup Time": 0.037,
                      "Actual Total Time": 299.751,
                      "Actual Rows": 2472620,
                      "Actual Loops": 6
                    },
                    {
                      "Node Type": "Hash",
                      "Parent Relationship": "Inner",
                      "Parallel Aware": true,
                      "Startup Cost": 83618.89,
                      "Total Cost": 83618.89,
                      "Plan Rows": 110551,
                      "Plan Width": 8,
                      "Actual Startup Time": 426.772,
                      "Actual Total Time": 426.778,
                      "Actual Rows": 57560,
                      "Actual Loops": 6,
                      "Hash Buckets": 524288,
                      "Original Hash Buckets": 524288,
                      "Hash Batches": 1,
                      "Original Hash Batches": 1,
                      "Peak Memory Usage": 17696,
                      "Plans": [
                        {
                          "Node Type": "Hash Join",
                          "Parent Relationship": "Outer",
                          "Parallel Aware": true,
                          "Join Type": "Inner",
                          "Startup Cost": 57492.8,
                          "Total Cost": 83618.89,
                          "Plan Rows": 110551,
                          "Plan Width": 8,
                          "Actual Startup Time": 326.134,
                          "Actual Total Time": 400.589,
                          "Actual Rows": 57560,
                          "Actual Loops": 6,
                          "Inner Unique": true,
                          "Hash Cond": "(mk.movie_id = t.id)",
                          "Plans": [
                            {
                              "Node Type": "Bitmap Heap Scan",
                              "Parent Relationship": "Outer",
                              "Parallel Aware": true,
                              "Relation Name": "movie_keyword",
                              "Alias": "mk",
                              "Startup Cost": 7272.42,
                              "Total Cost": 33108.31,
                              "Plan Rows": 110551,
                              "Plan Width": 4,
                              "Actual Startup Time": 20.827,
                              "Actual Total Time": 63.326,
                              "Actual Rows": 57560,
                              "Actual Loops": 6,
                              "Recheck Cond": "(keyword_id < 287)",
                              "Rows Removed by Index Recheck": 0,
                              "Exact Heap Blocks": 5283,
                              "Lossy Heap Blocks": 0,
                              "Plans": [
                                {
                                  "Node Type": "Bitmap Index Scan",
                                  "Parent Relationship": "Outer",
                                  "Parallel Aware": false,
                                  "Index Name": "keyword_id_movie_keyword",
                                  "Startup Cost": 0.0,
                                  "Total Cost": 7186.74,
                                  "Plan Rows": 342708,
                                  "Plan Width": 0,
                                  "Actual Startup Time": 17.27,
                                  "Actual Total Time": 17.27,
                                  "Actual Rows": 345359,
                                  "Actual Loops": 1,
                                  "Index Cond": "(keyword_id < 287)"
                                }
                              ]
                            },
                            {
                              "Node Type": "Hash",
                              "Parent Relationship": "Inner",
                              "Parallel Aware": true,
                              "Startup Cost": 42319.06,
                              "Total Cost": 42319.06,
                              "Plan Rows": 632106,
                              "Plan Width": 4,
                              "Actual Startup Time": 299.364,
                              "Actual Total Time": 299.366,
                              "Actual Rows": 421385,
                              "Actual Loops": 6,
                              "Hash Buckets": 4194304,
                              "Original Hash Buckets": 4194304,
                              "Hash Batches": 1,
                              "Original Hash Batches": 1,
                              "Peak Memory Usage": 131744,
                              "Plans": [
                                {
                                  "Node Type": "Seq Scan",
                                  "Parent Relationship": "Outer",
                                  "Parallel Aware": true,
                                  "Relation Name": "title",
                                  "Alias": "t",
                                  "Startup Cost": 0.0,
                                  "Total Cost": 42319.06,
                                  "Plan Rows": 632106,
                                  "Plan Width": 4,
                                  "Actual Startup Time": 0.049,
                                  "Actual Total Time": 83.279,
                                  "Actual Rows": 421385,
                                  "Actual Loops": 6
                                }
                              ]
                            }
                          ]
                        }
                      ]
                    }
                  ]
                }
              ]
            }
          ]
        }
      ]
    },
    "Planning Time": 0.885,
    "Triggers": [],
    "Execution Time": 1479.935
  }
]