[
    {
        "Bao": {
            "Bao prediction": 491.694,
            "Bao recommended hint": "(no hint)"
        }
    },
    {
        "Plan": {
            "Node Type": "Aggregate",
            "Strategy": "Plain",
            "Partial Mode": "Finalize",
            "Parallel Aware": false,
            "Startup Cost": 349848.85,
            "Total Cost": 349848.86,
            "Plan Rows": 1,
            "Plan Width": 8,
            "Actual Startup Time": 751.455,
            "Actual Total Time": 779.109,
            "Actual Rows": 1,
            "Actual Loops": 1,
            "Output": [
                "count(*)"
            ],
            "Plans": [
                {
                    "Node Type": "Gather",
                    "Parent Relationship": "Outer",
                    "Parallel Aware": false,
                    "Startup Cost": 349848.23,
                    "Total Cost": 349848.84,
                    "Plan Rows": 6,
                    "Plan Width": 8,
                    "Actual Startup Time": 751.355,
                    "Actual Total Time": 779.097,
                    "Actual Rows": 7,
                    "Actual Loops": 1,
                    "Output": [
                        "(PARTIAL count(*))"
                    ],
                    "Workers Planned": 6,
                    "Workers Launched": 6,
                    "Single Copy": false,
                    "Plans": [
                        {
                            "Node Type": "Aggregate",
                            "Strategy": "Plain",
                            "Partial Mode": "Partial",
                            "Parent Relationship": "Outer",
                            "Parallel Aware": false,
                            "Startup Cost": 348848.23,
                            "Total Cost": 348848.24,
                            "Plan Rows": 1,
                            "Plan Width": 8,
                            "Actual Startup Time": 741.857,
                            "Actual Total Time": 741.858,
                            "Actual Rows": 1,
                            "Actual Loops": 7,
                            "Output": [
                                "PARTIAL count(*)"
                            ],
                            "Workers": [
                                {
                                    "Worker Number": 0,
                                    "Actual Startup Time": 739.734,
                                    "Actual Total Time": 739.735,
                                    "Actual Rows": 1,
                                    "Actual Loops": 1
                                },
                                {
                                    "Worker Number": 1,
                                    "Actual Startup Time": 740.105,
                                    "Actual Total Time": 740.106,
                                    "Actual Rows": 1,
                                    "Actual Loops": 1
                                },
                                {
                                    "Worker Number": 2,
                                    "Actual Startup Time": 740.113,
                                    "Actual Total Time": 740.113,
                                    "Actual Rows": 1,
                                    "Actual Loops": 1
                                },
                                {
                                    "Worker Number": 3,
                                    "Actual Startup Time": 740.585,
                                    "Actual Total Time": 740.587,
                                    "Actual Rows": 1,
                                    "Actual Loops": 1
                                },
                                {
                                    "Worker Number": 4,
                                    "Actual Startup Time": 740.923,
                                    "Actual Total Time": 740.924,
                                    "Actual Rows": 1,
                                    "Actual Loops": 1
                                },
                                {
                                    "Worker Number": 5,
                                    "Actual Startup Time": 740.976,
                                    "Actual Total Time": 740.977,
                                    "Actual Rows": 1,
                                    "Actual Loops": 1
                                }
                            ],
                            "Plans": [
                                {
                                    "Node Type": "Seq Scan",
                                    "Parent Relationship": "Outer",
                                    "Parallel Aware": true,
                                    "Relation Name": "cast_info",
                                    "Schema": "public",
                                    "Alias": "ci",
                                    "Startup Cost": 0.0,
                                    "Total Cost": 343318.94,
                                    "Plan Rows": 2211716,
                                    "Plan Width": 0,
                                    "Actual Startup Time": 161.39,
                                    "Actual Total Time": 663.265,
                                    "Actual Rows": 1582438,
                                    "Actual Loops": 7,
                                    "Output": [
                                        "id",
                                        "person_id",
                                        "movie_id",
                                        "person_role_id",
                                        "note",
                                        "nr_order",
                                        "role_id"
                                    ],
                                    "Filter": "((ci.person_id > 1232842) AND (ci.role_id < 3))",
                                    "Rows Removed by Filter": 3595325,
                                    "Workers": [
                                        {
                                            "Worker Number": 0,
                                            "Actual Startup Time": 159.268,
                                            "Actual Total Time": 661.752,
                                            "Actual Rows": 1184523,
                                            "Actual Loops": 1
                                        },
                                        {
                                            "Worker Number": 1,
                                            "Actual Startup Time": 159.639,
                                            "Actual Total Time": 662.917,
                                            "Actual Rows": 1769639,
                                            "Actual Loops": 1
                                        },
                                        {
                                            "Worker Number": 2,
                                            "Actual Startup Time": 159.636,
                                            "Actual Total Time": 661.485,
                                            "Actual Rows": 1187538,
                                            "Actual Loops": 1
                                        },
                                        {
                                            "Worker Number": 3,
                                            "Actual Startup Time": 160.118,
                                            "Actual Total Time": 664.097,
                                            "Actual Rows": 1885007,
                                            "Actual Loops": 1
                                        },
                                        {
                                            "Worker Number": 4,
                                            "Actual Startup Time": 160.464,
                                            "Actual Total Time": 663.657,
                                            "Actual Rows": 1772064,
                                            "Actual Loops": 1
                                        },
                                        {
                                            "Worker Number": 5,
                                            "Actual Startup Time": 160.505,
                                            "Actual Total Time": 664.829,
                                            "Actual Rows": 1880585,
                                            "Actual Loops": 1
                                        }
                                    ]
                                }
                            ]
                        }
                    ]
                }
            ]
        },
        "Planning Time": 725.597,
        "Triggers": [],
        "Execution Time": 779.191
    }
]