[
    {
        "Bao": {
            "Bao prediction": "NaN",
            "Bao recommended hint": "(no hint)"
        }
    },
    {
        "Plan": {
            "Node Type": "Aggregate",
            "Strategy": "Plain",
            "Partial Mode": "Finalize",
            "Parallel Aware": false,
            "Startup Cost": 333101.39,
            "Total Cost": 333101.4,
            "Plan Rows": 1,
            "Plan Width": 8,
            "Actual Startup Time": 943.009,
            "Actual Total Time": 978.929,
            "Actual Rows": 1,
            "Actual Loops": 1,
            "Output": [
                "count(*)"
            ],
            "Plans": [
                {
                    "Node Type": "Gather",
                    "Parent Relationship": "Outer",
                    "Parallel Aware": false,
                    "Startup Cost": 333100.77,
                    "Total Cost": 333101.38,
                    "Plan Rows": 6,
                    "Plan Width": 8,
                    "Actual Startup Time": 942.749,
                    "Actual Total Time": 978.909,
                    "Actual Rows": 7,
                    "Actual Loops": 1,
                    "Output": [
                        "(PARTIAL count(*))"
                    ],
                    "Workers Planned": 6,
                    "Workers Launched": 6,
                    "Single Copy": false,
                    "Plans": [
                        {
                            "Node Type": "Aggregate",
                            "Strategy": "Plain",
                            "Partial Mode": "Partial",
                            "Parent Relationship": "Outer",
                            "Parallel Aware": false,
                            "Startup Cost": 332100.77,
                            "Total Cost": 332100.78,
                            "Plan Rows": 1,
                            "Plan Width": 8,
                            "Actual Startup Time": 931.777,
                            "Actual Total Time": 931.778,
                            "Actual Rows": 1,
                            "Actual Loops": 7,
                            "Output": [
                                "PARTIAL count(*)"
                            ],
                            "Workers": [
                                {
                                    "Worker Number": 0,
                                    "Actual Startup Time": 928.821,
                                    "Actual Total Time": 928.823,
                                    "Actual Rows": 1,
                                    "Actual Loops": 1
                                },
                                {
                                    "Worker Number": 1,
                                    "Actual Startup Time": 928.819,
                                    "Actual Total Time": 928.821,
                                    "Actual Rows": 1,
                                    "Actual Loops": 1
                                },
                                {
                                    "Worker Number": 2,
                                    "Actual Startup Time": 930.232,
                                    "Actual Total Time": 930.234,
                                    "Actual Rows": 1,
                                    "Actual Loops": 1
                                },
                                {
                                    "Worker Number": 3,
                                    "Actual Startup Time": 930.754,
                                    "Actual Total Time": 930.755,
                                    "Actual Rows": 1,
                                    "Actual Loops": 1
                                },
                                {
                                    "Worker Number": 4,
                                    "Actual Startup Time": 931.0,
                                    "Actual Total Time": 931.002,
                                    "Actual Rows": 1,
                                    "Actual Loops": 1
                                },
                                {
                                    "Worker Number": 5,
                                    "Actual Startup Time": 930.91,
                                    "Actual Total Time": 930.911,
                                    "Actual Rows": 1,
                                    "Actual Loops": 1
                                }
                            ],
                            "Plans": [
                                {
                                    "Node Type": "Seq Scan",
                                    "Parent Relationship": "Outer",
                                    "Parallel Aware": true,
                                    "Relation Name": "cast_info",
                                    "Schema": "public",
                                    "Alias": "ci",
                                    "Startup Cost": 0.0,
                                    "Total Cost": 328213.62,
                                    "Plan Rows": 1554860,
                                    "Plan Width": 0,
                                    "Actual Startup Time": 457.39,
                                    "Actual Total Time": 844.498,
                                    "Actual Rows": 1333319,
                                    "Actual Loops": 7,
                                    "Output": [
                                        "id",
                                        "person_id",
                                        "movie_id",
                                        "person_role_id",
                                        "note",
                                        "nr_order",
                                        "role_id"
                                    ],
                                    "Filter": "(ci.person_id > 2768810)",
                                    "Rows Removed by Filter": 3844444,
                                    "Workers": [
                                        {
                                            "Worker Number": 0,
                                            "Actual Startup Time": 454.45,
                                            "Actual Total Time": 844.849,
                                            "Actual Rows": 1261514,
                                            "Actual Loops": 1
                                        },
                                        {
                                            "Worker Number": 1,
                                            "Actual Startup Time": 454.438,
                                            "Actual Total Time": 845.028,
                                            "Actual Rows": 1255758,
                                            "Actual Loops": 1
                                        },
                                        {
                                            "Worker Number": 2,
                                            "Actual Startup Time": 455.848,
                                            "Actual Total Time": 846.604,
                                            "Actual Rows": 1250740,
                                            "Actual Loops": 1
                                        },
                                        {
                                            "Worker Number": 3,
                                            "Actual Startup Time": 456.384,
                                            "Actual Total Time": 848.071,
                                            "Actual Rows": 1244166,
                                            "Actual Loops": 1
                                        },
                                        {
                                            "Worker Number": 4,
                                            "Actual Startup Time": 456.631,
                                            "Actual Total Time": 847.394,
                                            "Actual Rows": 1254429,
                                            "Actual Loops": 1
                                        },
                                        {
                                            "Worker Number": 5,
                                            "Actual Startup Time": 456.496,
                                            "Actual Total Time": 847.787,
                                            "Actual Rows": 1250467,
                                            "Actual Loops": 1
                                        }
                                    ]
                                }
                            ]
                        }
                    ]
                }
            ]
        },
        "Planning Time": 406.434,
        "Triggers": [],
        "Execution Time": 979.091
    }
]