{
  "Plan": {
    "Node Type": "Aggregate",
    "Strategy": "Plain",
    "Partial Mode": "Finalize",
    "Parallel Aware": false,
    "Startup Cost": 855823.88,
    "Total Cost": 855823.89,
    "Plan Rows": 1,
    "Plan Width": 8,
    "Actual Startup Time": 4608.024,
    "Actual Total Time": 4608.096,
    "Actual Rows": 1,
    "Actual Loops": 1,
    "Plans": [
      {
        "Node Type": "Gather",
        "Parent Relationship": "Outer",
        "Parallel Aware": false,
        "Startup Cost": 855823.77,
        "Total Cost": 855823.88,
        "Plan Rows": 1,
        "Plan Width": 8,
        "Actual Startup Time": 4608.014,
        "Actual Total Time": 4608.09,
        "Actual Rows": 2,
        "Actual Loops": 1,
        "Workers Planned": 1,
        "Workers Launched": 1,
        "Single Copy": false,
        "Plans": [
          {
            "Node Type": "Aggregate",
            "Strategy": "Plain",
            "Partial Mode": "Partial",
            "Parent Relationship": "Outer",
            "Parallel Aware": false,
            "Startup Cost": 854823.77,
            "Total Cost": 854823.78,
            "Plan Rows": 1,
            "Plan Width": 8,
            "Actual Startup Time": 4557.536,
            "Actual Total Time": 4557.541,
            "Actual Rows": 1,
            "Actual Loops": 2,
            "Plans": [
              {
                "Node Type": "Merge Join",
                "Parent Relationship": "Outer",
                "Parallel Aware": false,
                "Join Type": "Inner",
                "Startup Cost": 812822.51,
                "Total Cost": 850922.79,
                "Plan Rows": 1560392,
                "Plan Width": 0,
                "Actual Startup Time": 3250.866,
                "Actual Total Time": 4421.208,
                "Actual Rows": 3533814,
                "Actual Loops": 2,
                "Inner Unique": false,
                "Merge Cond": "(ci.movie_id = t.id)",
                "Plans": [
                  {
                    "Node Type": "Sort",
                    "Parent Relationship": "Outer",
                    "Parallel Aware": false,
                    "Startup Cost": 552568.14,
                    "Total Cost": 559918.6,
                    "Plan Rows": 2940181,
                    "Plan Width": 4,
                    "Actual Startup Time": 1628.656,
                    "Actual Total Time": 2038.604,
                    "Actual Rows": 3724976,
                    "Actual Loops": 2,
                    "Sort Key": [
                      "ci.movie_id"
                    ],
                    "Sort Method": "quicksort",
                    "Sort Space Used": 279193,
                    "Sort Space Type": "Memory",
                    "Workers": [
                      {
                        "Worker Number": 0,
                        "Sort Method": "quicksort",
                        "Sort Space Used": 266638,
                        "Sort Space Type": "Memory"
                      }
                    ],
                    "Plans": [
                      {
                        "Node Type": "Index Scan",
                        "Parent Relationship": "Outer",
                        "Parallel Aware": true,
                        "Scan Direction": "Forward",
                        "Index Name": "role_id_cast_info",
                        "Relation Name": "cast_info",
                        "Alias": "ci",
                        "Startup Cost": 0.56,
                        "Total Cost": 236682.84,
                        "Plan Rows": 2940181,
                        "Plan Width": 4,
                        "Actual Startup Time": 0.095,
                        "Actual Total Time": 690.27,
                        "Actual Rows": 3725036,
                        "Actual Loops": 2,
                        "Index Cond": "(role_id = 2)",
                        "Rows Removed by Index Recheck": 0,
                        "Filter": "(person_id > 1144526)",
                        "Rows Removed by Filter": 951
                      }
                    ]
                  },
                  {
                    "Node Type": "Sort",
                    "Parent Relationship": "Inner",
                    "Parallel Aware": false,
                    "Startup Cost": 260254.06,
                    "Total Cost": 263608.55,
                    "Plan Rows": 1341798,
                    "Plan Width": 8,
                    "Actual Startup Time": 1622.177,
                    "Actual Total Time": 1767.983,
                    "Actual Rows": 3935080,
                    "Actual Loops": 2,
                    "Sort Key": [
                      "mi_idx.movie_id"
                    ],
                    "Sort Method": "quicksort",
                    "Sort Space Used": 113833,
                    "Sort Space Type": "Memory",
                    "Workers": [
                      {
                        "Worker Number": 0,
                        "Sort Method": "quicksort",
                        "Sort Space Used": 113833,
                        "Sort Space Type": "Memory"
                      }
                    ],
                    "Plans": [
                      {
                        "Node Type": "Hash Join",
                        "Parent Relationship": "Outer",
                        "Parallel Aware": false,
                        "Join Type": "Inner",
                        "Startup Cost": 98329.68,
                        "Total Cost": 123687.63,
                        "Plan Rows": 1341798,
                        "Plan Width": 8,
                        "Actual Startup Time": 899.529,
                        "Actual Total Time": 1334.207,
                        "Actual Rows": 1379855,
                        "Actual Loops": 2,
                        "Inner Unique": true,
                        "Hash Cond": "(mi_idx.movie_id = t.id)",
                        "Plans": [
                          {
                            "Node Type": "Seq Scan",
                            "Parent Relationship": "Outer",
                            "Parallel Aware": false,
                            "Relation Name": "movie_info_idx",
                            "Alias": "mi_idx",
                            "Startup Cost": 0.0,
                            "Total Cost": 21735.35,
                            "Plan Rows": 1380035,
                            "Plan Width": 4,
                            "Actual Startup Time": 0.046,
                            "Actual Total Time": 94.28,
                            "Actual Rows": 1380035,
                            "Actual Loops": 2
                          },
                          {
                            "Node Type": "Hash",
                            "Parent Relationship": "Inner",
                            "Parallel Aware": false,
                            "Startup Cost": 67601.66,
                            "Total Cost": 67601.66,
                            "Plan Rows": 2458241,
                            "Plan Width": 4,
                            "Actual Startup Time": 884.52,
                            "Actual Total Time": 884.521,
                            "Actual Rows": 2456218,
                            "Actual Loops": 2,
                            "Hash Buckets": 4194304,
                            "Original Hash Buckets": 4194304,
                            "Hash Batches": 1,
                            "Original Hash Batches": 1,
                            "Peak Memory Usage": 119120,
                            "Plans": [
                              {
                                "Node Type": "Seq Scan",
                                "Parent Relationship": "Outer",
                                "Parallel Aware": false,
                                "Relation Name": "title",
                                "Alias": "t",
                                "Startup Cost": 0.0,
                                "Total Cost": 67601.66,
                                "Plan Rows": 2458241,
                                "Plan Width": 4,
                                "Actual Startup Time": 0.037,
                                "Actual Total Time": 331.114,
                                "Actual Rows": 2456218,
                                "Actual Loops": 2,
                                "Filter": "(production_year > 0)",
                                "Rows Removed by Filter": 72094
                              }
                            ]
                          }
                        ]
                      }
                    ]
                  }
                ]
              }
            ]
          }
        ]
      }
    ]
  },
  "Planning Time": 1.038,
  "Triggers": [],
  "Execution Time": 4633.814
}