{
  "Plan": {
    "Node Type": "Aggregate",
    "Strategy": "Plain",
    "Partial Mode": "Finalize",
    "Parallel Aware": false,
    "Startup Cost": 610343.12,
    "Total Cost": 610343.13,
    "Plan Rows": 1,
    "Plan Width": 8,
    "Actual Startup Time": 3636.859,
    "Actual Total Time": 3693.311,
    "Actual Rows": 1,
    "Actual Loops": 1,
    "Plans": [
      {
        "Node Type": "Gather",
        "Parent Relationship": "Outer",
        "Parallel Aware": false,
        "Startup Cost": 610343.01,
        "Total Cost": 610343.12,
        "Plan Rows": 1,
        "Plan Width": 8,
        "Actual Startup Time": 3634.47,
        "Actual Total Time": 3693.304,
        "Actual Rows": 2,
        "Actual Loops": 1,
        "Workers Planned": 1,
        "Workers Launched": 1,
        "Single Copy": false,
        "Plans": [
          {
            "Node Type": "Aggregate",
            "Strategy": "Plain",
            "Partial Mode": "Partial",
            "Parent Relationship": "Outer",
            "Parallel Aware": false,
            "Startup Cost": 609343.01,
            "Total Cost": 609343.02,
            "Plan Rows": 1,
            "Plan Width": 8,
            "Actual Startup Time": 3626.39,
            "Actual Total Time": 3626.394,
            "Actual Rows": 1,
            "Actual Loops": 2,
            "Plans": [
              {
                "Node Type": "Hash Join",
                "Parent Relationship": "Outer",
                "Parallel Aware": true,
                "Join Type": "Inner",
                "Startup Cost": 65888.86,
                "Total Cost": 600402.22,
                "Plan Rows": 3576315,
                "Plan Width": 0,
                "Actual Startup Time": 411.961,
                "Actual Total Time": 3509.391,
                "Actual Rows": 2882769,
                "Actual Loops": 2,
                "Inner Unique": true,
                "Hash Cond": "(ci.movie_id = t.id)",
                "Plans": [
                  {
                    "Node Type": "Seq Scan",
                    "Parent Relationship": "Outer",
                    "Parallel Aware": true,
                    "Relation Name": "cast_info",
                    "Alias": "ci",
                    "Startup Cost": 0.0,
                    "Total Cost": 519069.44,
                    "Plan Rows": 5883387,
                    "Plan Width": 4,
                    "Actual Startup Time": 0.015,
                    "Actual Total Time": 1347.368,
                    "Actual Rows": 5033418,
                    "Actual Loops": 2,
                    "Filter": "(person_id < 989777)",
                    "Rows Removed by Filter": 13088754
                  },
                  {
                    "Node Type": "Hash",
                    "Parent Relationship": "Inner",
                    "Parallel Aware": true,
                    "Startup Cost": 54588.39,
                    "Total Cost": 54588.39,
                    "Plan Rows": 904038,
                    "Plan Width": 4,
                    "Actual Startup Time": 397.499,
                    "Actual Total Time": 397.5,
                    "Actual Rows": 771632,
                    "Actual Loops": 2,
                    "Hash Buckets": 2097152,
                    "Original Hash Buckets": 2097152,
                    "Hash Batches": 1,
                    "Original Hash Batches": 1,
                    "Peak Memory Usage": 76768,
                    "Plans": [
                      {
                        "Node Type": "Seq Scan",
                        "Parent Relationship": "Outer",
                        "Parallel Aware": true,
                        "Relation Name": "title",
                        "Alias": "t",
                        "Startup Cost": 0.0,
                        "Total Cost": 54588.39,
                        "Plan Rows": 904038,
                        "Plan Width": 4,
                        "Actual Startup Time": 0.039,
                        "Actual Total Time": 162.484,
                        "Actual Rows": 771632,
                        "Actual Loops": 2,
                        "Filter": "(kind_id = 7)",
                        "Rows Removed by Filter": 492524
                      }
                    ]
                  }
                ]
              }
            ]
          }
        ]
      }
    ]
  },
  "Planning Time": 0.668,
  "Triggers": [],
  "Execution Time": 3693.388
}