{
  "Plan": {
    "Node Type": "Aggregate",
    "Strategy": "Plain",
    "Partial Mode": "Finalize",
    "Parallel Aware": false,
    "Startup Cost": 95675.53,
    "Total Cost": 95675.54,
    "Plan Rows": 1,
    "Plan Width": 8,
    "Actual Startup Time": 292.279,
    "Actual Total Time": 308.169,
    "Actual Rows": 1,
    "Actual Loops": 1,
    "Plans": [
      {
        "Node Type": "Gather",
        "Parent Relationship": "Outer",
        "Parallel Aware": false,
        "Startup Cost": 95675.42,
        "Total Cost": 95675.53,
        "Plan Rows": 1,
        "Plan Width": 8,
        "Actual Startup Time": 292.13,
        "Actual Total Time": 308.16,
        "Actual Rows": 2,
        "Actual Loops": 1,
        "Workers Planned": 1,
        "Workers Launched": 1,
        "Single Copy": false,
        "Plans": [
          {
            "Node Type": "Aggregate",
            "Strategy": "Plain",
            "Partial Mode": "Partial",
            "Parent Relationship": "Outer",
            "Parallel Aware": false,
            "Startup Cost": 94675.42,
            "Total Cost": 94675.43,
            "Plan Rows": 1,
            "Plan Width": 8,
            "Actual Startup Time": 286.631,
            "Actual Total Time": 286.634,
            "Actual Rows": 1,
            "Actual Loops": 2,
            "Plans": [
              {
                "Node Type": "Hash Join",
                "Parent Relationship": "Outer",
                "Parallel Aware": true,
                "Join Type": "Inner",
                "Startup Cost": 54705.5,
                "Total Cost": 94663.52,
                "Plan Rows": 4760,
                "Plan Width": 0,
                "Actual Startup Time": 135.829,
                "Actual Total Time": 286.375,
                "Actual Rows": 4848,
                "Actual Loops": 2,
                "Inner Unique": true,
                "Hash Cond": "(mc.movie_id = t.id)",
                "Plans": [
                  {
                    "Node Type": "Seq Scan",
                    "Parent Relationship": "Outer",
                    "Parallel Aware": true,
                    "Relation Name": "movie_companies",
                    "Alias": "mc",
                    "Startup Cost": 0.0,
                    "Total Cost": 37974.77,
                    "Plan Rows": 755522,
                    "Plan Width": 4,
                    "Actual Startup Time": 0.014,
                    "Actual Total Time": 106.607,
                    "Actual Rows": 637123,
                    "Actual Loops": 2,
                    "Filter": "(company_type_id < 2)",
                    "Rows Removed by Filter": 667442
                  },
                  {
                    "Node Type": "Hash",
                    "Parent Relationship": "Inner",
                    "Parallel Aware": true,
                    "Startup Cost": 54588.39,
                    "Total Cost": 54588.39,
                    "Plan Rows": 9369,
                    "Plan Width": 4,
                    "Actual Startup Time": 134.384,
                    "Actual Total Time": 134.385,
                    "Actual Rows": 7019,
                    "Actual Loops": 2,
                    "Hash Buckets": 16384,
                    "Original Hash Buckets": 16384,
                    "Hash Batches": 1,
                    "Original Hash Batches": 1,
                    "Peak Memory Usage": 704,
                    "Plans": [
                      {
                        "Node Type": "Seq Scan",
                        "Parent Relationship": "Outer",
                        "Parallel Aware": true,
                        "Relation Name": "title",
                        "Alias": "t",
                        "Startup Cost": 0.0,
                        "Total Cost": 54588.39,
                        "Plan Rows": 9369,
                        "Plan Width": 4,
                        "Actual Startup Time": 0.17,
                        "Actual Total Time": 131.966,
                        "Actual Rows": 7019,
                        "Actual Loops": 2,
                        "Filter": "(production_year = 1977)",
                        "Rows Removed by Filter": 1257137
                      }
                    ]
                  }
                ]
              }
            ]
          }
        ]
      }
    ]
  },
  "Planning Time": 0.44,
  "Triggers": [],
  "Execution Time": 308.239
}