{
  "Plan": {
    "Node Type": "Aggregate",
    "Strategy": "Plain",
    "Partial Mode": "Finalize",
    "Parallel Aware": false,
    "Startup Cost": 103374.45,
    "Total Cost": 103374.46,
    "Plan Rows": 1,
    "Plan Width": 8,
    "Actual Startup Time": 531.471,
    "Actual Total Time": 547.976,
    "Actual Rows": 1,
    "Actual Loops": 1,
    "Plans": [
      {
        "Node Type": "Gather",
        "Parent Relationship": "Outer",
        "Parallel Aware": false,
        "Startup Cost": 103374.33,
        "Total Cost": 103374.44,
        "Plan Rows": 1,
        "Plan Width": 8,
        "Actual Startup Time": 527.758,
        "Actual Total Time": 547.966,
        "Actual Rows": 2,
        "Actual Loops": 1,
        "Workers Planned": 1,
        "Workers Launched": 1,
        "Single Copy": false,
        "Plans": [
          {
            "Node Type": "Aggregate",
            "Strategy": "Plain",
            "Partial Mode": "Partial",
            "Parent Relationship": "Outer",
            "Parallel Aware": false,
            "Startup Cost": 102374.33,
            "Total Cost": 102374.34,
            "Plan Rows": 1,
            "Plan Width": 8,
            "Actual Startup Time": 519.824,
            "Actual Total Time": 519.828,
            "Actual Rows": 1,
            "Actual Loops": 2,
            "Plans": [
              {
                "Node Type": "Hash Join",
                "Parent Relationship": "Outer",
                "Parallel Aware": true,
                "Join Type": "Inner",
                "Startup Cost": 73690.17,
                "Total Cost": 102034.51,
                "Plan Rows": 135931,
                "Plan Width": 0,
                "Actual Startup Time": 386.754,
                "Actual Total Time": 513.037,
                "Actual Rows": 156933,
                "Actual Loops": 2,
                "Inner Unique": true,
                "Hash Cond": "(mk.movie_id = t.id)",
                "Plans": [
                  {
                    "Node Type": "Bitmap Heap Scan",
                    "Parent Relationship": "Outer",
                    "Parallel Aware": true,
                    "Relation Name": "movie_keyword",
                    "Alias": "mk",
                    "Startup Cost": 9277.21,
                    "Total Cost": 36946.36,
                    "Plan Rows": 257212,
                    "Plan Width": 4,
                    "Actual Startup Time": 24.008,
                    "Actual Total Time": 85.903,
                    "Actual Rows": 226665,
                    "Actual Loops": 2,
                    "Recheck Cond": "(keyword_id < 348)",
                    "Rows Removed by Index Recheck": 0,
                    "Exact Heap Blocks": 13758,
                    "Lossy Heap Blocks": 0,
                    "Plans": [
                      {
                        "Node Type": "Bitmap Index Scan",
                        "Parent Relationship": "Outer",
                        "Parallel Aware": false,
                        "Index Name": "keyword_id_movie_keyword",
                        "Startup Cost": 0.0,
                        "Total Cost": 9167.89,
                        "Plan Rows": 437261,
                        "Plan Width": 0,
                        "Actual Startup Time": 20.429,
                        "Actual Total Time": 20.429,
                        "Actual Rows": 453330,
                        "Actual Loops": 1,
                        "Index Cond": "(keyword_id < 348)"
                      }
                    ]
                  },
                  {
                    "Node Type": "Hash",
                    "Parent Relationship": "Inner",
                    "Parallel Aware": true,
                    "Startup Cost": 54588.39,
                    "Total Cost": 54588.39,
                    "Plan Rows": 785966,
                    "Plan Width": 4,
                    "Actual Startup Time": 347.973,
                    "Actual Total Time": 347.974,
                    "Actual Rows": 674146,
                    "Actual Loops": 2,
                    "Hash Buckets": 2097152,
                    "Original Hash Buckets": 2097152,
                    "Hash Batches": 1,
                    "Original Hash Batches": 1,
                    "Peak Memory Usage": 69152,
                    "Plans": [
                      {
                        "Node Type": "Seq Scan",
                        "Parent Relationship": "Outer",
                        "Parallel Aware": true,
                        "Relation Name": "title",
                        "Alias": "t",
                        "Startup Cost": 0.0,
                        "Total Cost": 54588.39,
                        "Plan Rows": 785966,
                        "Plan Width": 4,
                        "Actual Startup Time": 0.027,
                        "Actual Total Time": 169.225,
                        "Actual Rows": 674146,
                        "Actual Loops": 2,
                        "Filter": "(production_year < 2005)",
                        "Rows Removed by Filter": 590010
                      }
                    ]
                  }
                ]
              }
            ]
          }
        ]
      }
    ]
  },
  "Planning Time": 0.604,
  "Triggers": [],
  "Execution Time": 548.062
}