{
  "Plan": {
    "Node Type": "Aggregate",
    "Strategy": "Plain",
    "Partial Mode": "Finalize",
    "Parallel Aware": false,
    "Startup Cost": 19809.02,
    "Total Cost": 19809.03,
    "Plan Rows": 1,
    "Plan Width": 8,
    "Actual Startup Time": 12.13,
    "Actual Total Time": 13.885,
    "Actual Rows": 1,
    "Actual Loops": 1,
    "Plans": [
      {
        "Node Type": "Gather",
        "Parent Relationship": "Outer",
        "Parallel Aware": false,
        "Startup Cost": 19808.9,
        "Total Cost": 19809.01,
        "Plan Rows": 1,
        "Plan Width": 8,
        "Actual Startup Time": 8.409,
        "Actual Total Time": 13.873,
        "Actual Rows": 2,
        "Actual Loops": 1,
        "Workers Planned": 1,
        "Workers Launched": 1,
        "Single Copy": false,
        "Plans": [
          {
            "Node Type": "Aggregate",
            "Strategy": "Plain",
            "Partial Mode": "Partial",
            "Parent Relationship": "Outer",
            "Parallel Aware": false,
            "Startup Cost": 18808.9,
            "Total Cost": 18808.91,
            "Plan Rows": 1,
            "Plan Width": 8,
            "Actual Startup Time": 3.977,
            "Actual Total Time": 3.981,
            "Actual Rows": 1,
            "Actual Loops": 2,
            "Plans": [
              {
                "Node Type": "Nested Loop",
                "Parent Relationship": "Outer",
                "Parallel Aware": false,
                "Join Type": "Inner",
                "Startup Cost": 75.3,
                "Total Cost": 18808.61,
                "Plan Rows": 119,
                "Plan Width": 0,
                "Actual Startup Time": 3.089,
                "Actual Total Time": 3.971,
                "Actual Rows": 2,
                "Actual Loops": 2,
                "Inner Unique": false,
                "Plans": [
                  {
                    "Node Type": "Nested Loop",
                    "Parent Relationship": "Outer",
                    "Parallel Aware": false,
                    "Join Type": "Inner",
                    "Startup Cost": 74.73,
                    "Total Cost": 16863.04,
                    "Plan Rows": 1013,
                    "Plan Width": 8,
                    "Actual Startup Time": 2.863,
                    "Actual Total Time": 2.975,
                    "Actual Rows": 6,
                    "Actual Loops": 2,
                    "Inner Unique": true,
                    "Plans": [
                      {
                        "Node Type": "Bitmap Heap Scan",
                        "Parent Relationship": "Outer",
                        "Parallel Aware": true,
                        "Relation Name": "movie_companies",
                        "Alias": "mc",
                        "Startup Cost": 74.3,
                        "Total Cost": 8752.81,
                        "Plan Rows": 1013,
                        "Plan Width": 4,
                        "Actual Startup Time": 2.845,
                        "Actual Total Time": 2.867,
                        "Actual Rows": 6,
                        "Actual Loops": 2,
                        "Recheck Cond": "(company_id = 531)",
                        "Rows Removed by Index Recheck": 0,
                        "Filter": "(company_type_id > 1)",
                        "Rows Removed by Filter": 1521,
                        "Exact Heap Blocks": 783,
                        "Lossy Heap Blocks": 0,
                        "Plans": [
                          {
                            "Node Type": "Bitmap Index Scan",
                            "Parent Relationship": "Outer",
                            "Parallel Aware": false,
                            "Index Name": "company_id_movie_companies",
                            "Startup Cost": 0.0,
                            "Total Cost": 73.87,
                            "Plan Rows": 3392,
                            "Plan Width": 0,
                            "Actual Startup Time": 2.048,
                            "Actual Total Time": 2.048,
                            "Actual Rows": 3053,
                            "Actual Loops": 1,
                            "Index Cond": "(company_id = 531)"
                          }
                        ]
                      },
                      {
                        "Node Type": "Index Only Scan",
                        "Parent Relationship": "Inner",
                        "Parallel Aware": false,
                        "Scan Direction": "Forward",
                        "Index Name": "title_pkey",
                        "Relation Name": "title",
                        "Alias": "t",
                        "Startup Cost": 0.43,
                        "Total Cost": 8.01,
                        "Plan Rows": 1,
                        "Plan Width": 4,
                        "Actual Startup Time": 0.017,
                        "Actual Total Time": 0.017,
                        "Actual Rows": 1,
                        "Actual Loops": 11,
                        "Index Cond": "(id = mc.movie_id)",
                        "Rows Removed by Index Recheck": 0,
                        "Heap Fetches": 11
                      }
                    ]
                  },
                  {
                    "Node Type": "Index Scan",
                    "Parent Relationship": "Inner",
                    "Parallel Aware": false,
                    "Scan Direction": "Forward",
                    "Index Name": "movie_id_cast_info",
                    "Relation Name": "cast_info",
                    "Alias": "ci",
                    "Startup Cost": 0.56,
                    "Total Cost": 1.91,
                    "Plan Rows": 1,
                    "Plan Width": 4,
                    "Actual Startup Time": 0.179,
                    "Actual Total Time": 0.18,
                    "Actual Rows": 0,
                    "Actual Loops": 11,
                    "Index Cond": "(movie_id = t.id)",
                    "Rows Removed by Index Recheck": 0,
                    "Filter": "(role_id > 10)",
                    "Rows Removed by Filter": 51
                  }
                ]
              }
            ]
          }
        ]
      }
    ]
  },
  "Planning Time": 0.93,
  "Triggers": [],
  "Execution Time": 14.05
}