[
  {
    "Plan": {
      "Node Type": "Aggregate",
      "Strategy": "Plain",
      "Partial Mode": "Finalize",
      "Parallel Aware": false,
      "Startup Cost": 31739.19,
      "Total Cost": 31739.2,
      "Plan Rows": 1,
      "Plan Width": 8,
      "Actual Startup Time": 110.36,
      "Actual Total Time": 118.116,
      "Actual Rows": 1,
      "Actual Loops": 1,
      "Plans": [
        {
          "Node Type": "Gather",
          "Parent Relationship": "Outer",
          "Parallel Aware": false,
          "Startup Cost": 31738.88,
          "Total Cost": 31739.19,
          "Plan Rows": 3,
          "Plan Width": 8,
          "Actual Startup Time": 110.24,
          "Actual Total Time": 118.106,
          "Actual Rows": 4,
          "Actual Loops": 1,
          "Workers Planned": 3,
          "Workers Launched": 3,
          "Single Copy": false,
          "Plans": [
            {
              "Node Type": "Aggregate",
              "Strategy": "Plain",
              "Partial Mode": "Partial",
              "Parent Relationship": "Outer",
              "Parallel Aware": false,
              "Startup Cost": 30738.88,
              "Total Cost": 30738.89,
              "Plan Rows": 1,
              "Plan Width": 8,
              "Actual Startup Time": 103.448,
              "Actual Total Time": 103.449,
              "Actual Rows": 1,
              "Actual Loops": 4,
              "Plans": [
                {
                  "Node Type": "Seq Scan",
                  "Parent Relationship": "Outer",
                  "Parallel Aware": true,
                  "Relation Name": "movie_companies",
                  "Alias": "mc",
                  "Startup Cost": 0.0,
                  "Total Cost": 29310.68,
                  "Plan Rows": 571278,
                  "Plan Width": 0,
                  "Actual Startup Time": 0.04,
                  "Actual Total Time": 80.903,
                  "Actual Rows": 439570,
                  "Actual Loops": 4,
                  "Filter": "(company_id < 25131)",
                  "Rows Removed by Filter": 212712
                }
              ]
            }
          ]
        }
      ]
    },
    "Planning Time": 0.2,
    "Triggers": [],
    "Execution Time": 118.172
  }
]