[
  {
    "Plan": {
      "Node Type": "Aggregate",
      "Strategy": "Plain",
      "Partial Mode": "Finalize",
      "Parallel Aware": false,
      "Startup Cost": 32858.68,
      "Total Cost": 32858.69,
      "Plan Rows": 1,
      "Plan Width": 8,
      "Actual Startup Time": 81.993,
      "Actual Total Time": 89.428,
      "Actual Rows": 1,
      "Actual Loops": 1,
      "Plans": [
        {
          "Node Type": "Gather",
          "Parent Relationship": "Outer",
          "Parallel Aware": false,
          "Startup Cost": 32858.36,
          "Total Cost": 32858.67,
          "Plan Rows": 3,
          "Plan Width": 8,
          "Actual Startup Time": 81.871,
          "Actual Total Time": 89.421,
          "Actual Rows": 4,
          "Actual Loops": 1,
          "Workers Planned": 3,
          "Workers Launched": 3,
          "Single Copy": false,
          "Plans": [
            {
              "Node Type": "Aggregate",
              "Strategy": "Plain",
              "Partial Mode": "Partial",
              "Parent Relationship": "Outer",
              "Parallel Aware": false,
              "Startup Cost": 31858.36,
              "Total Cost": 31858.37,
              "Plan Rows": 1,
              "Plan Width": 8,
              "Actual Startup Time": 76.624,
              "Actual Total Time": 76.625,
              "Actual Rows": 1,
              "Actual Loops": 4,
              "Plans": [
                {
                  "Node Type": "Seq Scan",
                  "Parent Relationship": "Outer",
                  "Parallel Aware": true,
                  "Relation Name": "movie_companies",
                  "Alias": "mc",
                  "Startup Cost": 0.0,
                  "Total Cost": 31414.82,
                  "Plan Rows": 177416,
                  "Plan Width": 0,
                  "Actual Startup Time": 43.737,
                  "Actual Total Time": 73.022,
                  "Actual Rows": 85032,
                  "Actual Loops": 4,
                  "Filter": "((company_id < 6986) AND (company_type_id = 2))",
                  "Rows Removed by Filter": 567250
                }
              ]
            }
          ]
        }
      ]
    },
    "Planning Time": 0.187,
    "Triggers": [],
    "Execution Time": 89.475
  }
]