[
  {
    "Plan": {
      "Node Type": "Aggregate",
      "Strategy": "Plain",
      "Partial Mode": "Finalize",
      "Parallel Aware": false,
      "Startup Cost": 340389.35,
      "Total Cost": 340389.36,
      "Plan Rows": 1,
      "Plan Width": 8,
      "Actual Startup Time": 951.452,
      "Actual Total Time": 1002.336,
      "Actual Rows": 1,
      "Actual Loops": 1,
      "Plans": [
        {
          "Node Type": "Gather",
          "Parent Relationship": "Outer",
          "Parallel Aware": false,
          "Startup Cost": 340388.73,
          "Total Cost": 340389.34,
          "Plan Rows": 6,
          "Plan Width": 8,
          "Actual Startup Time": 951.242,
          "Actual Total Time": 1002.32,
          "Actual Rows": 7,
          "Actual Loops": 1,
          "Workers Planned": 6,
          "Workers Launched": 6,
          "Single Copy": false,
          "Plans": [
            {
              "Node Type": "Aggregate",
              "Strategy": "Plain",
              "Partial Mode": "Partial",
              "Parent Relationship": "Outer",
              "Parallel Aware": false,
              "Startup Cost": 339388.73,
              "Total Cost": 339388.74,
              "Plan Rows": 1,
              "Plan Width": 8,
              "Actual Startup Time": 940.7,
              "Actual Total Time": 940.702,
              "Actual Rows": 1,
              "Actual Loops": 7,
              "Plans": [
                {
                  "Node Type": "Seq Scan",
                  "Parent Relationship": "Outer",
                  "Parallel Aware": true,
                  "Relation Name": "cast_info",
                  "Alias": "ci",
                  "Startup Cost": 0.0,
                  "Total Cost": 328211.39,
                  "Plan Rows": 4470934,
                  "Plan Width": 0,
                  "Actual Startup Time": 0.064,
                  "Actual Total Time": 718.461,
                  "Actual Rows": 3846140,
                  "Actual Loops": 7,
                  "Filter": "(person_id < 2769915)",
                  "Rows Removed by Filter": 1331624
                }
              ]
            }
          ]
        }
      ]
    },
    "Planning Time": 0.158,
    "Triggers": [],
    "Execution Time": 1002.397
  }
]