[
  {
    "Plan": {
      "Node Type": "Aggregate",
      "Strategy": "Plain",
      "Partial Mode": "Finalize",
      "Parallel Aware": false,
      "Startup Cost": 340334.81,
      "Total Cost": 340334.82,
      "Plan Rows": 1,
      "Plan Width": 8,
      "Actual Startup Time": 898.367,
      "Actual Total Time": 958.001,
      "Actual Rows": 1,
      "Actual Loops": 1,
      "Plans": [
        {
          "Node Type": "Gather",
          "Parent Relationship": "Outer",
          "Parallel Aware": false,
          "Startup Cost": 340334.18,
          "Total Cost": 340334.79,
          "Plan Rows": 6,
          "Plan Width": 8,
          "Actual Startup Time": 898.225,
          "Actual Total Time": 957.988,
          "Actual Rows": 7,
          "Actual Loops": 1,
          "Workers Planned": 6,
          "Workers Launched": 6,
          "Single Copy": false,
          "Plans": [
            {
              "Node Type": "Aggregate",
              "Strategy": "Plain",
              "Partial Mode": "Partial",
              "Parent Relationship": "Outer",
              "Parallel Aware": false,
              "Startup Cost": 339334.18,
              "Total Cost": 339334.2,
              "Plan Rows": 1,
              "Plan Width": 8,
              "Actual Startup Time": 887.799,
              "Actual Total Time": 887.8,
              "Actual Rows": 1,
              "Actual Loops": 7,
              "Plans": [
                {
                  "Node Type": "Seq Scan",
                  "Parent Relationship": "Outer",
                  "Parallel Aware": true,
                  "Relation Name": "cast_info",
                  "Alias": "ci",
                  "Startup Cost": 0.0,
                  "Total Cost": 328162.03,
                  "Plan Rows": 4468864,
                  "Plan Width": 0,
                  "Actual Startup Time": 0.055,
                  "Actual Total Time": 695.204,
                  "Actual Rows": 3846140,
                  "Actual Loops": 7,
                  "Filter": "(person_id < 2769915)",
                  "Rows Removed by Filter": 1331624
                }
              ]
            }
          ]
        }
      ]
    },
    "Planning Time": 0.176,
    "Triggers": [],
    "Execution Time": 958.072
  }
]