{
  "Plan": {
    "Node Type": "Aggregate",
    "Strategy": "Plain",
    "Partial Mode": "Finalize",
    "Parallel Aware": false,
    "Startup Cost": 1077259.6,
    "Total Cost": 1077259.61,
    "Plan Rows": 1,
    "Plan Width": 8,
    "Actual Startup Time": 21811.673,
    "Actual Total Time": 22015.243,
    "Actual Rows": 1,
    "Actual Loops": 1,
    "Plans": [
      {
        "Node Type": "Gather",
        "Parent Relationship": "Outer",
        "Parallel Aware": false,
        "Startup Cost": 1077259.49,
        "Total Cost": 1077259.6,
        "Plan Rows": 1,
        "Plan Width": 8,
        "Actual Startup Time": 21767.157,
        "Actual Total Time": 22015.231,
        "Actual Rows": 2,
        "Actual Loops": 1,
        "Workers Planned": 1,
        "Workers Launched": 1,
        "Single Copy": false,
        "Plans": [
          {
            "Node Type": "Aggregate",
            "Strategy": "Plain",
            "Partial Mode": "Partial",
            "Parent Relationship": "Outer",
            "Parallel Aware": false,
            "Startup Cost": 1076259.49,
            "Total Cost": 1076259.5,
            "Plan Rows": 1,
            "Plan Width": 8,
            "Actual Startup Time": 21730.421,
            "Actual Total Time": 21733.715,
            "Actual Rows": 1,
            "Actual Loops": 2,
            "Plans": [
              {
                "Node Type": "Hash Join",
                "Parent Relationship": "Outer",
                "Parallel Aware": true,
                "Join Type": "Inner",
                "Startup Cost": 774236.56,
                "Total Cost": 1018189.54,
                "Plan Rows": 23227978,
                "Plan Width": 0,
                "Actual Startup Time": 13415.466,
                "Actual Total Time": 18936.321,
                "Actual Rows": 67258708,
                "Actual Loops": 2,
                "Inner Unique": false,
                "Hash Cond": "(mk.movie_id = t.id)",
                "Plans": [
                  {
                    "Node Type": "Seq Scan",
                    "Parent Relationship": "Outer",
                    "Parallel Aware": true,
                    "Relation Name": "movie_keyword",
                    "Alias": "mk",
                    "Startup Cost": 0.0,
                    "Total Cost": 57718.19,
                    "Plan Rows": 2334100,
                    "Plan Width": 4,
                    "Actual Startup Time": 0.017,
                    "Actual Total Time": 207.291,
                    "Actual Rows": 1990184,
                    "Actual Loops": 2,
                    "Filter": "(keyword_id < 33798)",
                    "Rows Removed by Filter": 271782
                  },
                  {
                    "Node Type": "Hash",
                    "Parent Relationship": "Inner",
                    "Parallel Aware": true,
                    "Startup Cost": 589232.84,
                    "Total Cost": 589232.84,
                    "Plan Rows": 14800297,
                    "Plan Width": 8,
                    "Actual Startup Time": 13318.594,
                    "Actual Total Time": 13321.881,
                    "Actual Rows": 13387738,
                    "Actual Loops": 2,
                    "Hash Buckets": 33554432,
                    "Original Hash Buckets": 33554432,
                    "Hash Batches": 1,
                    "Original Hash Batches": 1,
                    "Peak Memory Usage": 1309632,
                    "Plans": [
                      {
                        "Node Type": "Hash Join",
                        "Parent Relationship": "Outer",
                        "Parallel Aware": true,
                        "Join Type": "Inner",
                        "Startup Cost": 67499.49,
                        "Total Cost": 589232.84,
                        "Plan Rows": 14800297,
                        "Plan Width": 8,
                        "Actual Startup Time": 381.94,
                        "Actual Total Time": 8729.841,
                        "Actual Rows": 13387738,
                        "Actual Loops": 2,
                        "Inner Unique": true,
                        "Hash Cond": "(ci.movie_id = t.id)",
                        "Plans": [
                          {
                            "Node Type": "Seq Scan",
                            "Parent Relationship": "Outer",
                            "Parallel Aware": true,
                            "Relation Name": "cast_info",
                            "Alias": "ci",
                            "Startup Cost": 0.0,
                            "Total Cost": 465792.95,
                            "Plan Rows": 21310595,
                            "Plan Width": 4,
                            "Actual Startup Time": 0.014,
                            "Actual Total Time": 1431.459,
                            "Actual Rows": 18122172,
                            "Actual Loops": 2
                          },
                          {
                            "Node Type": "Hash",
                            "Parent Relationship": "Inner",
                            "Parallel Aware": true,
                            "Startup Cost": 54588.39,
                            "Total Cost": 54588.39,
                            "Plan Rows": 1032888,
                            "Plan Width": 4,
                            "Actual Startup Time": 376.818,
                            "Actual Total Time": 376.822,
                            "Actual Rows": 874516,
                            "Actual Loops": 2,
                            "Hash Buckets": 2097152,
                            "Original Hash Buckets": 2097152,
                            "Hash Batches": 1,
                            "Original Hash Batches": 1,
                            "Peak Memory Usage": 84832,
                            "Plans": [
                              {
                                "Node Type": "Seq Scan",
                                "Parent Relationship": "Outer",
                                "Parallel Aware": true,
                                "Relation Name": "title",
                                "Alias": "t",
                                "Startup Cost": 0.0,
                                "Total Cost": 54588.39,
                                "Plan Rows": 1032888,
                                "Plan Width": 4,
                                "Actual Startup Time": 0.043,
                                "Actual Total Time": 175.372,
                                "Actual Rows": 874516,
                                "Actual Loops": 2,
                                "Filter": "(production_year > 1990)",
                                "Rows Removed by Filter": 389640
                              }
                            ]
                          }
                        ]
                      }
                    ]
                  }
                ]
              }
            ]
          }
        ]
      }
    ]
  },
  "Planning Time": 0.641,
  "Triggers": [],
  "Execution Time": 22015.328
}