[
  {
    "Plan": {
      "Node Type": "Aggregate",
      "Strategy": "Plain",
      "Partial Mode": "Finalize",
      "Parallel Aware": false,
      "Startup Cost": 30892.11,
      "Total Cost": 30892.12,
      "Plan Rows": 1,
      "Plan Width": 8,
      "Actual Startup Time": 83.029,
      "Actual Total Time": 91.493,
      "Actual Rows": 1,
      "Actual Loops": 1,
      "Plans": [
        {
          "Node Type": "Gather",
          "Parent Relationship": "Outer",
          "Parallel Aware": false,
          "Startup Cost": 30891.8,
          "Total Cost": 30892.11,
          "Plan Rows": 3,
          "Plan Width": 8,
          "Actual Startup Time": 82.851,
          "Actual Total Time": 91.483,
          "Actual Rows": 4,
          "Actual Loops": 1,
          "Workers Planned": 3,
          "Workers Launched": 3,
          "Single Copy": false,
          "Plans": [
            {
              "Node Type": "Aggregate",
              "Strategy": "Plain",
              "Partial Mode": "Partial",
              "Parent Relationship": "Outer",
              "Parallel Aware": false,
              "Startup Cost": 29891.8,
              "Total Cost": 29891.81,
              "Plan Rows": 1,
              "Plan Width": 8,
              "Actual Startup Time": 78.754,
              "Actual Total Time": 78.755,
              "Actual Rows": 1,
              "Actual Loops": 4,
              "Plans": [
                {
                  "Node Type": "Seq Scan",
                  "Parent Relationship": "Outer",
                  "Parallel Aware": true,
                  "Relation Name": "movie_companies",
                  "Alias": "mc",
                  "Startup Cost": 0.0,
                  "Total Cost": 29310.68,
                  "Plan Rows": 232446,
                  "Plan Width": 0,
                  "Actual Startup Time": 0.038,
                  "Actual Total Time": 69.087,
                  "Actual Rows": 179862,
                  "Actual Loops": 4,
                  "Filter": "(company_id < 1402)",
                  "Rows Removed by Filter": 472420
                }
              ]
            }
          ]
        }
      ]
    },
    "Planning Time": 0.199,
    "Triggers": [],
    "Execution Time": 91.55
  }
]