[
  {
    "Plan": {
      "Node Type": "Aggregate",
      "Strategy": "Plain",
      "Partial Mode": "Simple",
      "Parallel Aware": false,
      "Startup Cost": 12425.64,
      "Total Cost": 12425.65,
      "Plan Rows": 1,
      "Plan Width": 8,
      "Actual Startup Time": 56.608,
      "Actual Total Time": 56.61,
      "Actual Rows": 1,
      "Actual Loops": 1,
      "Plans": [
        {
          "Node Type": "Bitmap Heap Scan",
          "Parent Relationship": "Outer",
          "Parallel Aware": false,
          "Relation Name": "movie_keyword",
          "Alias": "mk",
          "Startup Cost": 107.0,
          "Total Cost": 12413.2,
          "Plan Rows": 4976,
          "Plan Width": 0,
          "Actual Startup Time": 48.451,
          "Actual Total Time": 55.867,
          "Actual Rows": 3954,
          "Actual Loops": 1,
          "Recheck Cond": "(keyword_id = 16501)",
          "Rows Removed by Index Recheck": 0,
          "Exact Heap Blocks": 2451,
          "Lossy Heap Blocks": 0,
          "Plans": [
            {
              "Node Type": "Bitmap Index Scan",
              "Parent Relationship": "Outer",
              "Parallel Aware": false,
              "Index Name": "keyword_id_movie_keyword",
              "Startup Cost": 0.0,
              "Total Cost": 105.75,
              "Plan Rows": 4976,
              "Plan Width": 0,
              "Actual Startup Time": 47.445,
              "Actual Total Time": 47.446,
              "Actual Rows": 3954,
              "Actual Loops": 1,
              "Index Cond": "(keyword_id = 16501)"
            }
          ]
        }
      ]
    },
    "Planning Time": 0.053,
    "Triggers": [],
    "Execution Time": 56.641
  }
]