{
  "Plan": {
    "Node Type": "Aggregate",
    "Strategy": "Plain",
    "Partial Mode": "Finalize",
    "Parallel Aware": false,
    "Startup Cost": 143952.17,
    "Total Cost": 143952.18,
    "Plan Rows": 1,
    "Plan Width": 8,
    "Actual Startup Time": 632.079,
    "Actual Total Time": 646.442,
    "Actual Rows": 1,
    "Actual Loops": 1,
    "Plans": [
      {
        "Node Type": "Gather",
        "Parent Relationship": "Outer",
        "Parallel Aware": false,
        "Startup Cost": 143952.06,
        "Total Cost": 143952.17,
        "Plan Rows": 1,
        "Plan Width": 8,
        "Actual Startup Time": 631.806,
        "Actual Total Time": 646.436,
        "Actual Rows": 2,
        "Actual Loops": 1,
        "Workers Planned": 1,
        "Workers Launched": 1,
        "Single Copy": false,
        "Plans": [
          {
            "Node Type": "Aggregate",
            "Strategy": "Plain",
            "Partial Mode": "Partial",
            "Parent Relationship": "Outer",
            "Parallel Aware": false,
            "Startup Cost": 142952.06,
            "Total Cost": 142952.07,
            "Plan Rows": 1,
            "Plan Width": 8,
            "Actual Startup Time": 626.88,
            "Actual Total Time": 626.886,
            "Actual Rows": 1,
            "Actual Loops": 2,
            "Plans": [
              {
                "Node Type": "Hash Join",
                "Parent Relationship": "Outer",
                "Parallel Aware": true,
                "Join Type": "Inner",
                "Startup Cost": 81443.06,
                "Total Cost": 142813.56,
                "Plan Rows": 55401,
                "Plan Width": 0,
                "Actual Startup Time": 492.714,
                "Actual Total Time": 617.678,
                "Actual Rows": 216052,
                "Actual Loops": 2,
                "Inner Unique": false,
                "Hash Cond": "(mk.movie_id = t.id)",
                "Plans": [
                  {
                    "Node Type": "Seq Scan",
                    "Parent Relationship": "Outer",
                    "Parallel Aware": true,
                    "Relation Name": "movie_keyword",
                    "Alias": "mk",
                    "Startup Cost": 0.0,
                    "Total Cost": 51065.35,
                    "Plan Rows": 2661135,
                    "Plan Width": 4,
                    "Actual Startup Time": 0.008,
                    "Actual Total Time": 153.359,
                    "Actual Rows": 2261965,
                    "Actual Loops": 2
                  },
                  {
                    "Node Type": "Hash",
                    "Parent Relationship": "Inner",
                    "Parallel Aware": true,
                    "Startup Cost": 81056.03,
                    "Total Cost": 81056.03,
                    "Plan Rows": 30962,
                    "Plan Width": 8,
                    "Actual Startup Time": 290.736,
                    "Actual Total Time": 290.74,
                    "Actual Rows": 25008,
                    "Actual Loops": 2,
                    "Hash Buckets": 65536,
                    "Original Hash Buckets": 65536,
                    "Hash Batches": 1,
                    "Original Hash Batches": 1,
                    "Peak Memory Usage": 2496,
                    "Plans": [
                      {
                        "Node Type": "Hash Join",
                        "Parent Relationship": "Outer",
                        "Parallel Aware": true,
                        "Join Type": "Inner",
                        "Startup Cost": 20708.4,
                        "Total Cost": 81056.03,
                        "Plan Rows": 30962,
                        "Plan Width": 8,
                        "Actual Startup Time": 195.191,
                        "Actual Total Time": 285.544,
                        "Actual Rows": 25008,
                        "Actual Loops": 2,
                        "Inner Unique": false,
                        "Hash Cond": "(t.id = mc.movie_id)",
                        "Plans": [
                          {
                            "Node Type": "Seq Scan",
                            "Parent Relationship": "Outer",
                            "Parallel Aware": true,
                            "Relation Name": "title",
                            "Alias": "t",
                            "Startup Cost": 0.0,
                            "Total Cost": 50870.31,
                            "Plan Rows": 1487231,
                            "Plan Width": 4,
                            "Actual Startup Time": 0.01,
                            "Actual Total Time": 118.184,
                            "Actual Rows": 1264156,
                            "Actual Loops": 2
                          },
                          {
                            "Node Type": "Hash",
                            "Parent Relationship": "Inner",
                            "Parallel Aware": true,
                            "Startup Cost": 20321.37,
                            "Total Cost": 20321.37,
                            "Plan Rows": 30962,
                            "Plan Width": 4,
                            "Actual Startup Time": 24.757,
                            "Actual Total Time": 24.759,
                            "Actual Rows": 25008,
                            "Actual Loops": 2,
                            "Hash Buckets": 65536,
                            "Original Hash Buckets": 65536,
                            "Hash Batches": 1,
                            "Original Hash Batches": 1,
                            "Peak Memory Usage": 2496,
                            "Plans": [
                              {
                                "Node Type": "Bitmap Heap Scan",
                                "Parent Relationship": "Outer",
                                "Parallel Aware": true,
                                "Relation Name": "movie_companies",
                                "Alias": "mc",
                                "Startup Cost": 1144.35,
                                "Total Cost": 20321.37,
                                "Plan Rows": 30962,
                                "Plan Width": 4,
                                "Actual Startup Time": 3.537,
                                "Actual Total Time": 16.277,
                                "Actual Rows": 25008,
                                "Actual Loops": 2,
                                "Recheck Cond": "(company_id > 191426)",
                                "Rows Removed by Index Recheck": 0,
                                "Exact Heap Blocks": 1192,
                                "Lossy Heap Blocks": 0,
                                "Plans": [
                                  {
                                    "Node Type": "Bitmap Index Scan",
                                    "Parent Relationship": "Outer",
                                    "Parallel Aware": false,
                                    "Index Name": "company_id_movie_companies",
                                    "Startup Cost": 0.0,
                                    "Total Cost": 1131.19,
                                    "Plan Rows": 52635,
                                    "Plan Width": 0,
                                    "Actual Startup Time": 6.009,
                                    "Actual Total Time": 6.009,
                                    "Actual Rows": 50017,
                                    "Actual Loops": 1,
                                    "Index Cond": "(company_id > 191426)"
                                  }
                                ]
                              }
                            ]
                          }
                        ]
                      }
                    ]
                  }
                ]
              }
            ]
          }
        ]
      }
    ]
  },
  "Planning Time": 0.673,
  "Triggers": [],
  "Execution Time": 646.517
}