{
  "Plan": {
    "Node Type": "Aggregate",
    "Strategy": "Plain",
    "Partial Mode": "Finalize",
    "Parallel Aware": false,
    "Startup Cost": 699568.0,
    "Total Cost": 699568.01,
    "Plan Rows": 1,
    "Plan Width": 8,
    "Actual Startup Time": 3620.975,
    "Actual Total Time": 3677.643,
    "Actual Rows": 1,
    "Actual Loops": 1,
    "Plans": [
      {
        "Node Type": "Gather",
        "Parent Relationship": "Outer",
        "Parallel Aware": false,
        "Startup Cost": 699567.89,
        "Total Cost": 699568.0,
        "Plan Rows": 1,
        "Plan Width": 8,
        "Actual Startup Time": 3619.895,
        "Actual Total Time": 3677.636,
        "Actual Rows": 2,
        "Actual Loops": 1,
        "Workers Planned": 1,
        "Workers Launched": 1,
        "Single Copy": false,
        "Plans": [
          {
            "Node Type": "Aggregate",
            "Strategy": "Plain",
            "Partial Mode": "Partial",
            "Parent Relationship": "Outer",
            "Parallel Aware": false,
            "Startup Cost": 698567.89,
            "Total Cost": 698567.9,
            "Plan Rows": 1,
            "Plan Width": 8,
            "Actual Startup Time": 3611.963,
            "Actual Total Time": 3611.968,
            "Actual Rows": 1,
            "Actual Loops": 2,
            "Plans": [
              {
                "Node Type": "Hash Join",
                "Parent Relationship": "Outer",
                "Parallel Aware": true,
                "Join Type": "Inner",
                "Startup Cost": 596158.87,
                "Total Cost": 693175.76,
                "Plan Rows": 2156851,
                "Plan Width": 0,
                "Actual Startup Time": 3279.938,
                "Actual Total Time": 3607.493,
                "Actual Rows": 111698,
                "Actual Loops": 2,
                "Inner Unique": false,
                "Hash Cond": "(mk.movie_id = t.id)",
                "Plans": [
                  {
                    "Node Type": "Seq Scan",
                    "Parent Relationship": "Outer",
                    "Parallel Aware": true,
                    "Relation Name": "movie_keyword",
                    "Alias": "mk",
                    "Startup Cost": 0.0,
                    "Total Cost": 51065.35,
                    "Plan Rows": 2661135,
                    "Plan Width": 4,
                    "Actual Startup Time": 0.008,
                    "Actual Total Time": 149.134,
                    "Actual Rows": 2261965,
                    "Actual Loops": 2
                  },
                  {
                    "Node Type": "Hash",
                    "Parent Relationship": "Inner",
                    "Parallel Aware": true,
                    "Startup Cost": 581091.36,
                    "Total Cost": 581091.36,
                    "Plan Rows": 1205401,
                    "Plan Width": 8,
                    "Actual Startup Time": 3265.163,
                    "Actual Total Time": 3265.167,
                    "Actual Rows": 99462,
                    "Actual Loops": 2,
                    "Hash Buckets": 2097152,
                    "Original Hash Buckets": 2097152,
                    "Hash Batches": 1,
                    "Original Hash Batches": 1,
                    "Peak Memory Usage": 24192,
                    "Plans": [
                      {
                        "Node Type": "Hash Join",
                        "Parent Relationship": "Outer",
                        "Parallel Aware": true,
                        "Join Type": "Inner",
                        "Startup Cost": 59358.01,
                        "Total Cost": 581091.36,
                        "Plan Rows": 1205401,
                        "Plan Width": 8,
                        "Actual Startup Time": 155.005,
                        "Actual Total Time": 3212.568,
                        "Actual Rows": 99462,
                        "Actual Loops": 2,
                        "Inner Unique": true,
                        "Hash Cond": "(ci.movie_id = t.id)",
                        "Plans": [
                          {
                            "Node Type": "Seq Scan",
                            "Parent Relationship": "Outer",
                            "Parallel Aware": true,
                            "Relation Name": "cast_info",
                            "Alias": "ci",
                            "Startup Cost": 0.0,
                            "Total Cost": 465792.95,
                            "Plan Rows": 21310595,
                            "Plan Width": 4,
                            "Actual Startup Time": 0.015,
                            "Actual Total Time": 1369.838,
                            "Actual Rows": 18122172,
                            "Actual Loops": 2
                          },
                          {
                            "Node Type": "Hash",
                            "Parent Relationship": "Inner",
                            "Parallel Aware": true,
                            "Startup Cost": 58306.47,
                            "Total Cost": 58306.47,
                            "Plan Rows": 84123,
                            "Plan Width": 4,
                            "Actual Startup Time": 153.336,
                            "Actual Total Time": 153.337,
                            "Actual Rows": 12898,
                            "Actual Loops": 2,
                            "Hash Buckets": 262144,
                            "Original Hash Buckets": 262144,
                            "Hash Batches": 1,
                            "Original Hash Batches": 1,
                            "Peak Memory Usage": 3104,
                            "Plans": [
                              {
                                "Node Type": "Seq Scan",
                                "Parent Relationship": "Outer",
                                "Parallel Aware": true,
                                "Relation Name": "title",
                                "Alias": "t",
                                "Startup Cost": 0.0,
                                "Total Cost": 58306.47,
                                "Plan Rows": 84123,
                                "Plan Width": 4,
                                "Actual Startup Time": 0.118,
                                "Actual Total Time": 146.067,
                                "Actual Rows": 12898,
                                "Actual Loops": 2,
                                "Filter": "((kind_id > 1) AND (production_year < 1956))",
                                "Rows Removed by Filter": 1251258
                              }
                            ]
                          }
                        ]
                      }
                    ]
                  }
                ]
              }
            ]
          }
        ]
      }
    ]
  },
  "Planning Time": 0.918,
  "Triggers": [],
  "Execution Time": 3677.734
}