[
  {
    "Plan": {
      "Node Type": "Aggregate",
      "Strategy": "Plain",
      "Partial Mode": "Finalize",
      "Parallel Aware": false,
      "Startup Cost": 342589.75,
      "Total Cost": 342589.76,
      "Plan Rows": 1,
      "Plan Width": 8,
      "Actual Startup Time": 926.189,
      "Actual Total Time": 981.719,
      "Actual Rows": 1,
      "Actual Loops": 1,
      "Plans": [
        {
          "Node Type": "Gather",
          "Parent Relationship": "Outer",
          "Parallel Aware": false,
          "Startup Cost": 342589.13,
          "Total Cost": 342589.74,
          "Plan Rows": 6,
          "Plan Width": 8,
          "Actual Startup Time": 926.035,
          "Actual Total Time": 981.709,
          "Actual Rows": 7,
          "Actual Loops": 1,
          "Workers Planned": 6,
          "Workers Launched": 6,
          "Single Copy": false,
          "Plans": [
            {
              "Node Type": "Aggregate",
              "Strategy": "Plain",
              "Partial Mode": "Partial",
              "Parent Relationship": "Outer",
              "Parallel Aware": false,
              "Startup Cost": 341589.13,
              "Total Cost": 341589.14,
              "Plan Rows": 1,
              "Plan Width": 8,
              "Actual Startup Time": 918.485,
              "Actual Total Time": 918.487,
              "Actual Rows": 1,
              "Actual Loops": 7,
              "Plans": [
                {
                  "Node Type": "Seq Scan",
                  "Parent Relationship": "Outer",
                  "Parallel Aware": true,
                  "Relation Name": "cast_info",
                  "Alias": "ci",
                  "Startup Cost": 0.0,
                  "Total Cost": 328211.39,
                  "Plan Rows": 5351094,
                  "Plan Width": 0,
                  "Actual Startup Time": 0.034,
                  "Actual Total Time": 684.355,
                  "Actual Rows": 4593315,
                  "Actual Loops": 7,
                  "Filter": "(person_id < 3307166)",
                  "Rows Removed by Filter": 584449
                }
              ]
            }
          ]
        }
      ]
    },
    "Planning Time": 0.112,
    "Triggers": [],
    "Execution Time": 981.768
  }
]