[
  {
    "Plan": {
      "Node Type": "Aggregate",
      "Strategy": "Plain",
      "Partial Mode": "Finalize",
      "Parallel Aware": false,
      "Startup Cost": 308352.05,
      "Total Cost": 308352.06,
      "Plan Rows": 1,
      "Plan Width": 8,
      "Actual Startup Time": 222.846,
      "Actual Total Time": 236.715,
      "Actual Rows": 1,
      "Actual Loops": 1,
      "Plans": [
        {
          "Node Type": "Gather",
          "Parent Relationship": "Outer",
          "Parallel Aware": false,
          "Startup Cost": 308351.43,
          "Total Cost": 308352.04,
          "Plan Rows": 6,
          "Plan Width": 8,
          "Actual Startup Time": 221.589,
          "Actual Total Time": 236.701,
          "Actual Rows": 7,
          "Actual Loops": 1,
          "Workers Planned": 6,
          "Workers Launched": 6,
          "Single Copy": false,
          "Plans": [
            {
              "Node Type": "Aggregate",
              "Strategy": "Plain",
              "Partial Mode": "Partial",
              "Parent Relationship": "Outer",
              "Parallel Aware": false,
              "Startup Cost": 307351.43,
              "Total Cost": 307351.44,
              "Plan Rows": 1,
              "Plan Width": 8,
              "Actual Startup Time": 213.272,
              "Actual Total Time": 213.275,
              "Actual Rows": 1,
              "Actual Loops": 7,
              "Plans": [
                {
                  "Node Type": "Bitmap Heap Scan",
                  "Parent Relationship": "Outer",
                  "Parallel Aware": true,
                  "Relation Name": "cast_info",
                  "Alias": "ci",
                  "Startup Cost": 48704.97,
                  "Total Cost": 306942.28,
                  "Plan Rows": 163660,
                  "Plan Width": 0,
                  "Actual Startup Time": 76.215,
                  "Actual Total Time": 195.914,
                  "Actual Rows": 307980,
                  "Actual Loops": 7,
                  "Recheck Cond": "(person_id > 3641243)",
                  "Rows Removed by Index Recheck": 0,
                  "Filter": "(role_id > 2)",
                  "Rows Removed by Filter": 0,
                  "Exact Heap Blocks": 7954,
                  "Lossy Heap Blocks": 0,
                  "Plans": [
                    {
                      "Node Type": "Bitmap Index Scan",
                      "Parent Relationship": "Outer",
                      "Parallel Aware": false,
                      "Index Name": "person_id_cast_info",
                      "Startup Cost": 0.0,
                      "Total Cost": 48459.48,
                      "Plan Rows": 2220122,
                      "Plan Width": 0,
                      "Actual Startup Time": 78.762,
                      "Actual Total Time": 78.763,
                      "Actual Rows": 2155858,
                      "Actual Loops": 1,
                      "Index Cond": "(person_id > 3641243)"
                    }
                  ]
                }
              ]
            }
          ]
        }
      ]
    },
    "Planning Time": 0.083,
    "Triggers": [],
    "Execution Time": 236.757
  }
]