[
  {
    "Plan": {
      "Node Type": "Aggregate",
      "Strategy": "Plain",
      "Partial Mode": "Finalize",
      "Parallel Aware": false,
      "Startup Cost": 308990.07,
      "Total Cost": 308990.08,
      "Plan Rows": 1,
      "Plan Width": 8,
      "Actual Startup Time": 276.254,
      "Actual Total Time": 289.662,
      "Actual Rows": 1,
      "Actual Loops": 1,
      "Plans": [
        {
          "Node Type": "Gather",
          "Parent Relationship": "Outer",
          "Parallel Aware": false,
          "Startup Cost": 308989.45,
          "Total Cost": 308990.06,
          "Plan Rows": 6,
          "Plan Width": 8,
          "Actual Startup Time": 275.186,
          "Actual Total Time": 289.651,
          "Actual Rows": 7,
          "Actual Loops": 1,
          "Workers Planned": 6,
          "Workers Launched": 6,
          "Single Copy": false,
          "Plans": [
            {
              "Node Type": "Aggregate",
              "Strategy": "Plain",
              "Partial Mode": "Partial",
              "Parent Relationship": "Outer",
              "Parallel Aware": false,
              "Startup Cost": 307989.45,
              "Total Cost": 307989.46,
              "Plan Rows": 1,
              "Plan Width": 8,
              "Actual Startup Time": 264.598,
              "Actual Total Time": 264.6,
              "Actual Rows": 1,
              "Actual Loops": 7,
              "Plans": [
                {
                  "Node Type": "Bitmap Heap Scan",
                  "Parent Relationship": "Outer",
                  "Parallel Aware": true,
                  "Relation Name": "cast_info",
                  "Alias": "ci",
                  "Startup Cost": 49268.14,
                  "Total Cost": 307566.39,
                  "Plan Rows": 169223,
                  "Plan Width": 0,
                  "Actual Startup Time": 118.441,
                  "Actual Total Time": 245.544,
                  "Actual Rows": 307980,
                  "Actual Loops": 7,
                  "Recheck Cond": "(person_id > 3641243)",
                  "Rows Removed by Index Recheck": 0,
                  "Filter": "(role_id > 2)",
                  "Rows Removed by Filter": 0,
                  "Exact Heap Blocks": 5631,
                  "Lossy Heap Blocks": 0,
                  "Plans": [
                    {
                      "Node Type": "Bitmap Index Scan",
                      "Parent Relationship": "Outer",
                      "Parallel Aware": false,
                      "Index Name": "person_id_cast_info",
                      "Startup Cost": 0.0,
                      "Total Cost": 49014.31,
                      "Plan Rows": 2244499,
                      "Plan Width": 0,
                      "Actual Startup Time": 119.654,
                      "Actual Total Time": 119.655,
                      "Actual Rows": 2155858,
                      "Actual Loops": 1,
                      "Index Cond": "(person_id > 3641243)"
                    }
                  ]
                }
              ]
            }
          ]
        }
      ]
    },
    "Planning Time": 0.231,
    "Triggers": [],
    "Execution Time": 289.744
  }
]