{
  "Plan": {
    "Node Type": "Aggregate",
    "Strategy": "Plain",
    "Partial Mode": "Finalize",
    "Parallel Aware": false,
    "Startup Cost": 261777.21,
    "Total Cost": 261777.22,
    "Plan Rows": 1,
    "Plan Width": 8,
    "Actual Startup Time": 963.347,
    "Actual Total Time": 984.022,
    "Actual Rows": 1,
    "Actual Loops": 1,
    "Plans": [
      {
        "Node Type": "Gather",
        "Parent Relationship": "Outer",
        "Parallel Aware": false,
        "Startup Cost": 261777.09,
        "Total Cost": 261777.2,
        "Plan Rows": 1,
        "Plan Width": 8,
        "Actual Startup Time": 956.377,
        "Actual Total Time": 984.008,
        "Actual Rows": 2,
        "Actual Loops": 1,
        "Workers Planned": 1,
        "Workers Launched": 1,
        "Single Copy": false,
        "Plans": [
          {
            "Node Type": "Aggregate",
            "Strategy": "Plain",
            "Partial Mode": "Partial",
            "Parent Relationship": "Outer",
            "Parallel Aware": false,
            "Startup Cost": 260777.09,
            "Total Cost": 260777.1,
            "Plan Rows": 1,
            "Plan Width": 8,
            "Actual Startup Time": 943.548,
            "Actual Total Time": 943.555,
            "Actual Rows": 1,
            "Actual Loops": 2,
            "Plans": [
              {
                "Node Type": "Hash Join",
                "Parent Relationship": "Outer",
                "Parallel Aware": true,
                "Join Type": "Inner",
                "Startup Cost": 88111.26,
                "Total Cost": 259263.22,
                "Plan Rows": 605551,
                "Plan Width": 0,
                "Actual Startup Time": 645.389,
                "Actual Total Time": 921.696,
                "Actual Rows": 489362,
                "Actual Loops": 2,
                "Inner Unique": true,
                "Hash Cond": "(mi.movie_id = t.id)",
                "Plans": [
                  {
                    "Node Type": "Bitmap Heap Scan",
                    "Parent Relationship": "Outer",
                    "Parallel Aware": true,
                    "Relation Name": "movie_info",
                    "Alias": "mi",
                    "Startup Cost": 18650.56,
                    "Total Cost": 188212.95,
                    "Plan Rows": 605551,
                    "Plan Width": 4,
                    "Actual Startup Time": 47.333,
                    "Actual Total Time": 146.429,
                    "Actual Rows": 489362,
                    "Actual Loops": 2,
                    "Recheck Cond": "(info_type_id > 90)",
                    "Rows Removed by Index Recheck": 0,
                    "Exact Heap Blocks": 16236,
                    "Lossy Heap Blocks": 0,
                    "Plans": [
                      {
                        "Node Type": "Bitmap Index Scan",
                        "Parent Relationship": "Outer",
                        "Parallel Aware": false,
                        "Index Name": "info_type_id_movie_info",
                        "Startup Cost": 0.0,
                        "Total Cost": 18393.21,
                        "Plan Rows": 1029436,
                        "Plan Width": 0,
                        "Actual Startup Time": 41.641,
                        "Actual Total Time": 41.641,
                        "Actual Rows": 978723,
                        "Actual Loops": 1,
                        "Index Cond": "(info_type_id > 90)"
                      }
                    ]
                  },
                  {
                    "Node Type": "Hash",
                    "Parent Relationship": "Inner",
                    "Parallel Aware": true,
                    "Startup Cost": 50870.31,
                    "Total Cost": 50870.31,
                    "Plan Rows": 1487231,
                    "Plan Width": 4,
                    "Actual Startup Time": 575.315,
                    "Actual Total Time": 575.316,
                    "Actual Rows": 1264156,
                    "Actual Loops": 2,
                    "Hash Buckets": 4194304,
                    "Original Hash Buckets": 4194304,
                    "Hash Batches": 1,
                    "Original Hash Batches": 1,
                    "Peak Memory Usage": 131712,
                    "Plans": [
                      {
                        "Node Type": "Seq Scan",
                        "Parent Relationship": "Outer",
                        "Parallel Aware": true,
                        "Relation Name": "title",
                        "Alias": "t",
                        "Startup Cost": 0.0,
                        "Total Cost": 50870.31,
                        "Plan Rows": 1487231,
                        "Plan Width": 4,
                        "Actual Startup Time": 0.032,
                        "Actual Total Time": 162.626,
                        "Actual Rows": 1264156,
                        "Actual Loops": 2
                      }
                    ]
                  }
                ]
              }
            ]
          }
        ]
      }
    ]
  },
  "Planning Time": 0.67,
  "Triggers": [],
  "Execution Time": 984.115
}