[
  {
    "Plan": {
      "Node Type": "Aggregate",
      "Strategy": "Plain",
      "Partial Mode": "Finalize",
      "Parallel Aware": false,
      "Startup Cost": 82904.95,
      "Total Cost": 82904.96,
      "Plan Rows": 1,
      "Plan Width": 8,
      "Actual Startup Time": 491.246,
      "Actual Total Time": 504.837,
      "Actual Rows": 1,
      "Actual Loops": 1,
      "Plans": [
        {
          "Node Type": "Gather",
          "Parent Relationship": "Outer",
          "Parallel Aware": false,
          "Startup Cost": 82904.63,
          "Total Cost": 82904.94,
          "Plan Rows": 3,
          "Plan Width": 8,
          "Actual Startup Time": 483.236,
          "Actual Total Time": 504.823,
          "Actual Rows": 4,
          "Actual Loops": 1,
          "Workers Planned": 3,
          "Workers Launched": 3,
          "Single Copy": false,
          "Plans": [
            {
              "Node Type": "Aggregate",
              "Strategy": "Plain",
              "Partial Mode": "Partial",
              "Parent Relationship": "Outer",
              "Parallel Aware": false,
              "Startup Cost": 81904.63,
              "Total Cost": 81904.64,
              "Plan Rows": 1,
              "Plan Width": 8,
              "Actual Startup Time": 464.868,
              "Actual Total Time": 464.872,
              "Actual Rows": 1,
              "Actual Loops": 4,
              "Plans": [
                {
                  "Node Type": "Hash Join",
                  "Parent Relationship": "Outer",
                  "Parallel Aware": true,
                  "Join Type": "Inner",
                  "Startup Cost": 55923.07,
                  "Total Cost": 81687.96,
                  "Plan Rows": 86670,
                  "Plan Width": 0,
                  "Actual Startup Time": 397.65,
                  "Actual Total Time": 461.208,
                  "Actual Rows": 68842,
                  "Actual Loops": 4,
                  "Inner Unique": true,
                  "Hash Cond": "(mk.movie_id = t.id)",
                  "Plans": [
                    {
                      "Node Type": "Bitmap Heap Scan",
                      "Parent Relationship": "Outer",
                      "Parallel Aware": true,
                      "Relation Name": "movie_keyword",
                      "Alias": "mk",
                      "Startup Cost": 5702.69,
                      "Total Cost": 31240.07,
                      "Plan Rows": 86670,
                      "Plan Width": 4,
                      "Actual Startup Time": 20.57,
                      "Actual Total Time": 58.821,
                      "Actual Rows": 68842,
                      "Actual Loops": 4,
                      "Recheck Cond": "(keyword_id > 57634)",
                      "Rows Removed by Index Recheck": 0,
                      "Exact Heap Blocks": 6970,
                      "Lossy Heap Blocks": 0,
                      "Plans": [
                        {
                          "Node Type": "Bitmap Index Scan",
                          "Parent Relationship": "Outer",
                          "Parallel Aware": false,
                          "Index Name": "keyword_id_movie_keyword",
                          "Startup Cost": 0.0,
                          "Total Cost": 5635.52,
                          "Plan Rows": 268678,
                          "Plan Width": 0,
                          "Actual Startup Time": 17.396,
                          "Actual Total Time": 17.396,
                          "Actual Rows": 275367,
                          "Actual Loops": 1,
                          "Index Cond": "(keyword_id > 57634)"
                        }
                      ]
                    },
                    {
                      "Node Type": "Hash",
                      "Parent Relationship": "Inner",
                      "Parallel Aware": true,
                      "Startup Cost": 42319.06,
                      "Total Cost": 42319.06,
                      "Plan Rows": 632106,
                      "Plan Width": 4,
                      "Actual Startup Time": 365.688,
                      "Actual Total Time": 365.69,
                      "Actual Rows": 632078,
                      "Actual Loops": 4,
                      "Hash Buckets": 4194304,
                      "Original Hash Buckets": 4194304,
                      "Hash Batches": 1,
                      "Original Hash Batches": 1,
                      "Peak Memory Usage": 131744,
                      "Plans": [
                        {
                          "Node Type": "Seq Scan",
                          "Parent Relationship": "Outer",
                          "Parallel Aware": true,
                          "Relation Name": "title",
                          "Alias": "t",
                          "Startup Cost": 0.0,
                          "Total Cost": 42319.06,
                          "Plan Rows": 632106,
                          "Plan Width": 4,
                          "Actual Startup Time": 0.07,
                          "Actual Total Time": 109.423,
                          "Actual Rows": 632078,
                          "Actual Loops": 4
                        }
                      ]
                    }
                  ]
                }
              ]
            }
          ]
        }
      ]
    },
    "Planning Time": 0.683,
    "Triggers": [],
    "Execution Time": 504.941
  }
]