[
  {
    "Plan": {
      "Node Type": "Aggregate",
      "Strategy": "Plain",
      "Partial Mode": "Finalize",
      "Parallel Aware": false,
      "Startup Cost": 82163.21,
      "Total Cost": 82163.22,
      "Plan Rows": 1,
      "Plan Width": 8,
      "Actual Startup Time": 393.15,
      "Actual Total Time": 408.798,
      "Actual Rows": 1,
      "Actual Loops": 1,
      "Plans": [
        {
          "Node Type": "Gather",
          "Parent Relationship": "Outer",
          "Parallel Aware": false,
          "Startup Cost": 82162.79,
          "Total Cost": 82163.2,
          "Plan Rows": 4,
          "Plan Width": 8,
          "Actual Startup Time": 385.488,
          "Actual Total Time": 408.789,
          "Actual Rows": 5,
          "Actual Loops": 1,
          "Workers Planned": 4,
          "Workers Launched": 4,
          "Single Copy": false,
          "Plans": [
            {
              "Node Type": "Aggregate",
              "Strategy": "Plain",
              "Partial Mode": "Partial",
              "Parent Relationship": "Outer",
              "Parallel Aware": false,
              "Startup Cost": 81162.79,
              "Total Cost": 81162.8,
              "Plan Rows": 1,
              "Plan Width": 8,
              "Actual Startup Time": 375.911,
              "Actual Total Time": 375.914,
              "Actual Rows": 1,
              "Actual Loops": 5,
              "Plans": [
                {
                  "Node Type": "Hash Join",
                  "Parent Relationship": "Outer",
                  "Parallel Aware": true,
                  "Join Type": "Inner",
                  "Startup Cost": 34565.28,
                  "Total Cost": 80674.47,
                  "Plan Rows": 195328,
                  "Plan Width": 0,
                  "Actual Startup Time": 143.291,
                  "Actual Total Time": 367.351,
                  "Actual Rows": 200432,
                  "Actual Loops": 5,
                  "Inner Unique": false,
                  "Hash Cond": "(t.id = mc.movie_id)",
                  "Plans": [
                    {
                      "Node Type": "Seq Scan",
                      "Parent Relationship": "Outer",
                      "Parallel Aware": true,
                      "Relation Name": "title",
                      "Alias": "t",
                      "Startup Cost": 0.0,
                      "Total Cost": 42318.73,
                      "Plan Rows": 632073,
                      "Plan Width": 4,
                      "Actual Startup Time": 0.012,
                      "Actual Total Time": 63.088,
                      "Actual Rows": 505662,
                      "Actual Loops": 5
                    },
                    {
                      "Node Type": "Hash",
                      "Parent Relationship": "Inner",
                      "Parallel Aware": true,
                      "Startup Cost": 31414.82,
                      "Total Cost": 31414.82,
                      "Plan Rows": 252037,
                      "Plan Width": 4,
                      "Actual Startup Time": 139.029,
                      "Actual Total Time": 139.03,
                      "Actual Rows": 200432,
                      "Actual Loops": 5,
                      "Hash Buckets": 1048576,
                      "Original Hash Buckets": 1048576,
                      "Hash Batches": 1,
                      "Original Hash Batches": 1,
                      "Peak Memory Usage": 47456,
                      "Plans": [
                        {
                          "Node Type": "Seq Scan",
                          "Parent Relationship": "Outer",
                          "Parallel Aware": true,
                          "Relation Name": "movie_companies",
                          "Alias": "mc",
                          "Startup Cost": 0.0,
                          "Total Cost": 31414.82,
                          "Plan Rows": 252037,
                          "Plan Width": 4,
                          "Actual Startup Time": 44.4,
                          "Actual Total Time": 77.102,
                          "Actual Rows": 200432,
                          "Actual Loops": 5,
                          "Filter": "((company_id > 6558) AND (company_type_id > 1))",
                          "Rows Removed by Filter": 321393
                        }
                      ]
                    }
                  ]
                }
              ]
            }
          ]
        }
      ]
    },
    "Planning Time": 0.589,
    "Triggers": [],
    "Execution Time": 408.862
  }
]