[
    {
        "Bao": {
            "Bao prediction": 1140.29,
            "Bao recommended hint": "SET enable_nestloop TO off; "
        }
    },
    {
        "Plan": {
            "Node Type": "Aggregate",
            "Strategy": "Plain",
            "Partial Mode": "Finalize",
            "Parallel Aware": false,
            "Startup Cost": 255596.29,
            "Total Cost": 255596.3,
            "Plan Rows": 1,
            "Plan Width": 8,
            "Actual Startup Time": 752.59,
            "Actual Total Time": 778.208,
            "Actual Rows": 1,
            "Actual Loops": 1,
            "Output": [
                "count(*)"
            ],
            "Plans": [
                {
                    "Node Type": "Gather",
                    "Parent Relationship": "Outer",
                    "Parallel Aware": false,
                    "Startup Cost": 255596.07,
                    "Total Cost": 255596.28,
                    "Plan Rows": 2,
                    "Plan Width": 8,
                    "Actual Startup Time": 751.552,
                    "Actual Total Time": 778.199,
                    "Actual Rows": 3,
                    "Actual Loops": 1,
                    "Output": [
                        "(PARTIAL count(*))"
                    ],
                    "Workers Planned": 2,
                    "Workers Launched": 2,
                    "Single Copy": false,
                    "Plans": [
                        {
                            "Node Type": "Aggregate",
                            "Strategy": "Plain",
                            "Partial Mode": "Partial",
                            "Parent Relationship": "Outer",
                            "Parallel Aware": false,
                            "Startup Cost": 254596.07,
                            "Total Cost": 254596.08,
                            "Plan Rows": 1,
                            "Plan Width": 8,
                            "Actual Startup Time": 743.969,
                            "Actual Total Time": 743.975,
                            "Actual Rows": 1,
                            "Actual Loops": 3,
                            "Output": [
                                "PARTIAL count(*)"
                            ],
                            "Workers": [
                                {
                                    "Worker Number": 0,
                                    "Actual Startup Time": 740.522,
                                    "Actual Total Time": 740.527,
                                    "Actual Rows": 1,
                                    "Actual Loops": 1
                                },
                                {
                                    "Worker Number": 1,
                                    "Actual Startup Time": 740.566,
                                    "Actual Total Time": 740.571,
                                    "Actual Rows": 1,
                                    "Actual Loops": 1
                                }
                            ],
                            "Plans": [
                                {
                                    "Node Type": "Hash Join",
                                    "Parent Relationship": "Outer",
                                    "Parallel Aware": true,
                                    "Join Type": "Inner",
                                    "Startup Cost": 238726.34,
                                    "Total Cost": 254579.28,
                                    "Plan Rows": 6717,
                                    "Plan Width": 0,
                                    "Actual Startup Time": 699.76,
                                    "Actual Total Time": 742.757,
                                    "Actual Rows": 21337,
                                    "Actual Loops": 3,
                                    "Inner Unique": false,
                                    "Hash Cond": "(mi_idx.movie_id = t.id)",
                                    "Workers": [
                                        {
                                            "Worker Number": 0,
                                            "Actual Startup Time": 696.258,
                                            "Actual Total Time": 739.255,
                                            "Actual Rows": 17634,
                                            "Actual Loops": 1
                                        },
                                        {
                                            "Worker Number": 1,
                                            "Actual Startup Time": 696.374,
                                            "Actual Total Time": 739.315,
                                            "Actual Rows": 17339,
                                            "Actual Loops": 1
                                        }
                                    ],
                                    "Plans": [
                                        {
                                            "Node Type": "Seq Scan",
                                            "Parent Relationship": "Outer",
                                            "Parallel Aware": true,
                                            "Relation Name": "movie_info_idx",
                                            "Schema": "public",
                                            "Alias": "mi_idx",
                                            "Startup Cost": 0.0,
                                            "Total Cost": 15122.68,
                                            "Plan Rows": 191154,
                                            "Plan Width": 4,
                                            "Actual Startup Time": 0.023,
                                            "Actual Total Time": 44.63,
                                            "Actual Rows": 153308,
                                            "Actual Loops": 3,
                                            "Output": [
                                                "mi_idx.id",
                                                "mi_idx.movie_id",
                                                "mi_idx.info_type_id",
                                                "mi_idx.info",
                                                "mi_idx.note"
                                            ],
                                            "Filter": "(mi_idx.info_type_id = 99)",
                                            "Rows Removed by Filter": 306703,
                                            "Workers": [
                                                {
                                                    "Worker Number": 0,
                                                    "Actual Startup Time": 0.021,
                                                    "Actual Total Time": 45.117,
                                                    "Actual Rows": 125400,
                                                    "Actual Loops": 1
                                                },
                                                {
                                                    "Worker Number": 1,
                                                    "Actual Startup Time": 0.023,
                                                    "Actual Total Time": 45.39,
                                                    "Actual Rows": 125870,
                                                    "Actual Loops": 1
                                                }
                                            ]
                                        },
                                        {
                                            "Node Type": "Hash",
                                            "Parent Relationship": "Inner",
                                            "Parallel Aware": true,
                                            "Startup Cost": 238504.24,
                                            "Total Cost": 238504.24,
                                            "Plan Rows": 17768,
                                            "Plan Width": 8,
                                            "Actual Startup Time": 669.51,
                                            "Actual Total Time": 669.515,
                                            "Actual Rows": 32725,
                                            "Actual Loops": 3,
                                            "Output": [
                                                "t.id",
                                                "mi.movie_id"
                                            ],
                                            "Hash Buckets": 131072,
                                            "Original Hash Buckets": 131072,
                                            "Hash Batches": 1,
                                            "Original Hash Batches": 1,
                                            "Peak Memory Usage": 4896,
                                            "Workers": [
                                                {
                                                    "Worker Number": 0,
                                                    "Actual Startup Time": 667.196,
                                                    "Actual Total Time": 667.2,
                                                    "Actual Rows": 27767,
                                                    "Actual Loops": 1
                                                },
                                                {
                                                    "Worker Number": 1,
                                                    "Actual Startup Time": 667.411,
                                                    "Actual Total Time": 667.414,
                                                    "Actual Rows": 27628,
                                                    "Actual Loops": 1
                                                }
                                            ],
                                            "Plans": [
                                                {
                                                    "Node Type": "Hash Join",
                                                    "Parent Relationship": "Outer",
                                                    "Parallel Aware": true,
                                                    "Join Type": "Inner",
                                                    "Startup Cost": 38453.57,
                                                    "Total Cost": 238504.24,
                                                    "Plan Rows": 17768,
                                                    "Plan Width": 8,
                                                    "Actual Startup Time": 112.628,
                                                    "Actual Total Time": 658.852,
                                                    "Actual Rows": 32725,
                                                    "Actual Loops": 3,
                                                    "Output": [
                                                        "t.id",
                                                        "mi.movie_id"
                                                    ],
                                                    "Inner Unique": true,
                                                    "Hash Cond": "(mi.movie_id = t.id)",
                                                    "Workers": [
                                                        {
                                                            "Worker Number": 0,
                                                            "Actual Startup Time": 110.376,
                                                            "Actual Total Time": 656.531,
                                                            "Actual Rows": 27767,
                                                            "Actual Loops": 1
                                                        },
                                                        {
                                                            "Worker Number": 1,
                                                            "Actual Startup Time": 110.482,
                                                            "Actual Total Time": 657.331,
                                                            "Actual Rows": 27628,
                                                            "Actual Loops": 1
                                                        }
                                                    ],
                                                    "Plans": [
                                                        {
                                                            "Node Type": "Seq Scan",
                                                            "Parent Relationship": "Outer",
                                                            "Parallel Aware": true,
                                                            "Relation Name": "movie_info",
                                                            "Schema": "public",
                                                            "Alias": "mi",
                                                            "Startup Cost": 0.0,
                                                            "Total Cost": 198880.74,
                                                            "Plan Rows": 445687,
                                                            "Plan Width": 4,
                                                            "Actual Startup Time": 28.036,
                                                            "Actual Total Time": 502.654,
                                                            "Actual Rows": 744617,
                                                            "Actual Loops": 3,
                                                            "Output": [
                                                                "mi.id",
                                                                "mi.movie_id",
                                                                "mi.info_type_id",
                                                                "mi.info",
                                                                "mi.note"
                                                            ],
                                                            "Filter": "(mi.info_type_id > 16)",
                                                            "Rows Removed by Filter": 4200623,
                                                            "Workers": [
                                                                {
                                                                    "Worker Number": 0,
                                                                    "Actual Startup Time": 28.045,
                                                                    "Actual Total Time": 504.708,
                                                                    "Actual Rows": 624416,
                                                                    "Actual Loops": 1
                                                                },
                                                                {
                                                                    "Worker Number": 1,
                                                                    "Actual Startup Time": 28.04,
                                                                    "Actual Total Time": 505.601,
                                                                    "Actual Rows": 628986,
                                                                    "Actual Loops": 1
                                                                }
                                                            ]
                                                        },
                                                        {
                                                            "Node Type": "Hash",
                                                            "Parent Relationship": "Inner",
                                                            "Parallel Aware": true,
                                                            "Startup Cost": 38138.59,
                                                            "Total Cost": 38138.59,
                                                            "Plan Rows": 25199,
                                                            "Plan Width": 4,
                                                            "Actual Startup Time": 61.615,
                                                            "Actual Total Time": 61.617,
                                                            "Actual Rows": 33512,
                                                            "Actual Loops": 3,
                                                            "Output": [
                                                                "t.id"
                                                            ],
                                                            "Hash Buckets": 131072,
                                                            "Original Hash Buckets": 131072,
                                                            "Hash Batches": 1,
                                                            "Original Hash Batches": 1,
                                                            "Peak Memory Usage": 5024,
                                                            "Workers": [
                                                                {
                                                                    "Worker Number": 0,
                                                                    "Actual Startup Time": 60.066,
                                                                    "Actual Total Time": 60.068,
                                                                    "Actual Rows": 18139,
                                                                    "Actual Loops": 1
                                                                },
                                                                {
                                                                    "Worker Number": 1,
                                                                    "Actual Startup Time": 60.185,
                                                                    "Actual Total Time": 60.187,
                                                                    "Actual Rows": 18183,
                                                                    "Actual Loops": 1
                                                                }
                                                            ],
                                                            "Plans": [
                                                                {
                                                                    "Node Type": "Bitmap Heap Scan",
                                                                    "Parent Relationship": "Outer",
                                                                    "Parallel Aware": true,
                                                                    "Relation Name": "title",
                                                                    "Schema": "public",
                                                                    "Alias": "t",
                                                                    "Startup Cost": 1825.6,
                                                                    "Total Cost": 38138.59,
                                                                    "Plan Rows": 25199,
                                                                    "Plan Width": 4,
                                                                    "Actual Startup Time": 16.204,
                                                                    "Actual Total Time": 50.452,
                                                                    "Actual Rows": 33512,
                                                                    "Actual Loops": 3,
                                                                    "Output": [
                                                                        "t.id"
                                                                    ],
                                                                    "Recheck Cond": "(t.kind_id = 3)",
                                                                    "Rows Removed by Index Recheck": 0,
                                                                    "Exact Heap Blocks": 8221,
                                                                    "Lossy Heap Blocks": 0,
                                                                    "Workers": [
                                                                        {
                                                                            "Worker Number": 0,
                                                                            "Actual Startup Time": 14.807,
                                                                            "Actual Total Time": 50.824,
                                                                            "Actual Rows": 18139,
                                                                            "Actual Loops": 1
                                                                        },
                                                                        {
                                                                            "Worker Number": 1,
                                                                            "Actual Startup Time": 14.79,
                                                                            "Actual Total Time": 51.009,
                                                                            "Actual Rows": 18183,
                                                                            "Actual Loops": 1
                                                                        }
                                                                    ],
                                                                    "Plans": [
                                                                        {
                                                                            "Node Type": "Bitmap Index Scan",
                                                                            "Parent Relationship": "Outer",
                                                                            "Parallel Aware": false,
                                                                            "Index Name": "kind_id_title",
                                                                            "Startup Cost": 0.0,
                                                                            "Total Cost": 1800.4,
                                                                            "Plan Rows": 100796,
                                                                            "Plan Width": 0,
                                                                            "Actual Startup Time": 14.513,
                                                                            "Actual Total Time": 14.514,
                                                                            "Actual Rows": 100537,
                                                                            "Actual Loops": 1,
                                                                            "Index Cond": "(t.kind_id = 3)"
                                                                        }
                                                                    ]
                                                                }
                                                            ]
                                                        }
                                                    ]
                                                }
                                            ]
                                        }
                                    ]
                                }
                            ]
                        }
                    ]
                }
            ]
        },
        "Planning Time": 805.737,
        "Triggers": [],
        "Execution Time": 778.364
    }
]