[
  {
    "Plan": {
      "Node Type": "Aggregate",
      "Strategy": "Plain",
      "Partial Mode": "Finalize",
      "Parallel Aware": false,
      "Startup Cost": 439666.2,
      "Total Cost": 439666.21,
      "Plan Rows": 1,
      "Plan Width": 8,
      "Actual Startup Time": 2560.889,
      "Actual Total Time": 2619.738,
      "Actual Rows": 1,
      "Actual Loops": 1,
      "Plans": [
        {
          "Node Type": "Gather",
          "Parent Relationship": "Outer",
          "Parallel Aware": false,
          "Startup Cost": 439665.58,
          "Total Cost": 439666.19,
          "Plan Rows": 6,
          "Plan Width": 8,
          "Actual Startup Time": 2554.686,
          "Actual Total Time": 2619.726,
          "Actual Rows": 7,
          "Actual Loops": 1,
          "Workers Planned": 6,
          "Workers Launched": 6,
          "Single Copy": false,
          "Plans": [
            {
              "Node Type": "Aggregate",
              "Strategy": "Plain",
              "Partial Mode": "Partial",
              "Parent Relationship": "Outer",
              "Parallel Aware": false,
              "Startup Cost": 438665.58,
              "Total Cost": 438665.59,
              "Plan Rows": 1,
              "Plan Width": 8,
              "Actual Startup Time": 2545.871,
              "Actual Total Time": 2545.914,
              "Actual Rows": 1,
              "Actual Loops": 7,
              "Plans": [
                {
                  "Node Type": "Hash Join",
                  "Parent Relationship": "Outer",
                  "Parallel Aware": true,
                  "Join Type": "Inner",
                  "Startup Cost": 94987.63,
                  "Total Cost": 435210.11,
                  "Plan Rows": 1382186,
                  "Plan Width": 0,
                  "Actual Startup Time": 265.695,
                  "Actual Total Time": 2192.0,
                  "Actual Rows": 8328462,
                  "Actual Loops": 7,
                  "Inner Unique": false,
                  "Hash Cond": "(ci.movie_id = t.id)",
                  "Plans": [
                    {
                      "Node Type": "Seq Scan",
                      "Parent Relationship": "Outer",
                      "Parallel Aware": true,
                      "Relation Name": "cast_info",
                      "Alias": "ci",
                      "Startup Cost": 0.0,
                      "Total Cost": 313106.51,
                      "Plan Rows": 6041951,
                      "Plan Width": 4,
                      "Actual Startup Time": 0.038,
                      "Actual Total Time": 535.33,
                      "Actual Rows": 5177763,
                      "Actual Loops": 7
                    },
                    {
                      "Node Type": "Hash",
                      "Parent Relationship": "Inner",
                      "Parallel Aware": true,
                      "Startup Cost": 92655.31,
                      "Total Cost": 92655.31,
                      "Plan Rows": 186585,
                      "Plan Width": 8,
                      "Actual Startup Time": 263.304,
                      "Actual Total Time": 263.345,
                      "Actual Rows": 111947,
                      "Actual Loops": 7,
                      "Hash Buckets": 1048576,
                      "Original Hash Buckets": 1048576,
                      "Hash Batches": 1,
                      "Original Hash Batches": 1,
                      "Peak Memory Usage": 38976,
                      "Plans": [
                        {
                          "Node Type": "Hash Join",
                          "Parent Relationship": "Outer",
                          "Parallel Aware": true,
                          "Join Type": "Inner",
                          "Startup Cost": 46648.26,
                          "Total Cost": 92655.31,
                          "Plan Rows": 186585,
                          "Plan Width": 8,
                          "Actual Startup Time": 101.007,
                          "Actual Total Time": 227.785,
                          "Actual Rows": 111947,
                          "Actual Loops": 7,
                          "Inner Unique": true,
                          "Hash Cond": "(mk.movie_id = t.id)",
                          "Plans": [
                            {
                              "Node Type": "Seq Scan",
                              "Parent Relationship": "Outer",
                              "Parallel Aware": true,
                              "Relation Name": "movie_keyword",
                              "Alias": "mk",
                              "Startup Cost": 0.0,
                              "Total Cost": 42695.65,
                              "Plan Rows": 1261485,
                              "Plan Width": 4,
                              "Actual Startup Time": 0.046,
                              "Actual Total Time": 72.399,
                              "Actual Rows": 557690,
                              "Actual Loops": 7,
                              "Filter": "(keyword_id > 475)",
                              "Rows Removed by Filter": 88586
                            },
                            {
                              "Node Type": "Hash",
                              "Parent Relationship": "Inner",
                              "Parallel Aware": true,
                              "Startup Cost": 45479.59,
                              "Total Cost": 45479.59,
                              "Plan Rows": 93494,
                              "Plan Width": 4,
                              "Actual Startup Time": 100.228,
                              "Actual Total Time": 100.23,
                              "Actual Rows": 42875,
                              "Actual Loops": 7,
                              "Hash Buckets": 524288,
                              "Original Hash Buckets": 524288,
                              "Hash Batches": 1,
                              "Original Hash Batches": 1,
                              "Peak Memory Usage": 15968,
                              "Plans": [
                                {
                                  "Node Type": "Seq Scan",
                                  "Parent Relationship": "Outer",
                                  "Parallel Aware": true,
                                  "Relation Name": "title",
                                  "Alias": "t",
                                  "Startup Cost": 0.0,
                                  "Total Cost": 45479.59,
                                  "Plan Rows": 93494,
                                  "Plan Width": 4,
                                  "Actual Startup Time": 0.049,
                                  "Actual Total Time": 77.937,
                                  "Actual Rows": 42875,
                                  "Actual Loops": 7,
                                  "Filter": "((kind_id < 4) AND (production_year > 2004))",
                                  "Rows Removed by Filter": 318313
                                }
                              ]
                            }
                          ]
                        }
                      ]
                    }
                  ]
                }
              ]
            }
          ]
        }
      ]
    },
    "Planning Time": 0.516,
    "Triggers": [],
    "Execution Time": 2619.803
  }
]