[
  {
    "Plan": {
      "Node Type": "Aggregate",
      "Strategy": "Plain",
      "Partial Mode": "Finalize",
      "Parallel Aware": false,
      "Startup Cost": 111723.51,
      "Total Cost": 111723.52,
      "Plan Rows": 1,
      "Plan Width": 8,
      "Actual Startup Time": 328.152,
      "Actual Total Time": 343.832,
      "Actual Rows": 1,
      "Actual Loops": 1,
      "Plans": [
        {
          "Node Type": "Gather",
          "Parent Relationship": "Outer",
          "Parallel Aware": false,
          "Startup Cost": 111723.09,
          "Total Cost": 111723.5,
          "Plan Rows": 4,
          "Plan Width": 8,
          "Actual Startup Time": 323.955,
          "Actual Total Time": 343.821,
          "Actual Rows": 5,
          "Actual Loops": 1,
          "Workers Planned": 4,
          "Workers Launched": 4,
          "Single Copy": false,
          "Plans": [
            {
              "Node Type": "Aggregate",
              "Strategy": "Plain",
              "Partial Mode": "Partial",
              "Parent Relationship": "Outer",
              "Parallel Aware": false,
              "Startup Cost": 110723.09,
              "Total Cost": 110723.1,
              "Plan Rows": 1,
              "Plan Width": 8,
              "Actual Startup Time": 311.351,
              "Actual Total Time": 311.447,
              "Actual Rows": 1,
              "Actual Loops": 5,
              "Plans": [
                {
                  "Node Type": "Hash Join",
                  "Parent Relationship": "Outer",
                  "Parallel Aware": true,
                  "Join Type": "Inner",
                  "Startup Cost": 62217.81,
                  "Total Cost": 110672.49,
                  "Plan Rows": 20242,
                  "Plan Width": 0,
                  "Actual Startup Time": 209.477,
                  "Actual Total Time": 310.686,
                  "Actual Rows": 16400,
                  "Actual Loops": 5,
                  "Inner Unique": false,
                  "Hash Cond": "(ci.movie_id = t.id)",
                  "Plans": [
                    {
                      "Node Type": "Index Scan",
                      "Parent Relationship": "Outer",
                      "Parallel Aware": true,
                      "Scan Direction": "Forward",
                      "Index Name": "role_id_cast_info",
                      "Relation Name": "cast_info",
                      "Alias": "ci",
                      "Startup Cost": 0.56,
                      "Total Cost": 46764.42,
                      "Plan Rows": 428396,
                      "Plan Width": 4,
                      "Actual Startup Time": 0.221,
                      "Actual Total Time": 54.31,
                      "Actual Rows": 340709,
                      "Actual Loops": 5,
                      "Index Cond": "(role_id = 8)",
                      "Rows Removed by Index Recheck": 0
                    },
                    {
                      "Node Type": "Hash",
                      "Parent Relationship": "Inner",
                      "Parallel Aware": true,
                      "Startup Cost": 61595.02,
                      "Total Cost": 61595.02,
                      "Plan Rows": 49778,
                      "Plan Width": 8,
                      "Actual Startup Time": 207.635,
                      "Actual Total Time": 207.73,
                      "Actual Rows": 16835,
                      "Actual Loops": 5,
                      "Hash Buckets": 131072,
                      "Original Hash Buckets": 131072,
                      "Hash Batches": 1,
                      "Original Hash Batches": 1,
                      "Peak Memory Usage": 4384,
                      "Plans": [
                        {
                          "Node Type": "Hash Join",
                          "Parent Relationship": "Outer",
                          "Parallel Aware": true,
                          "Join Type": "Inner",
                          "Startup Cost": 45975.09,
                          "Total Cost": 61595.02,
                          "Plan Rows": 49778,
                          "Plan Width": 8,
                          "Actual Startup Time": 149.267,
                          "Actual Total Time": 202.514,
                          "Actual Rows": 16835,
                          "Actual Loops": 5,
                          "Inner Unique": true,
                          "Hash Cond": "(mi_idx.movie_id = t.id)",
                          "Plans": [
                            {
                              "Node Type": "Seq Scan",
                              "Parent Relationship": "Outer",
                              "Parallel Aware": true,
                              "Relation Name": "movie_info_idx",
                              "Alias": "mi_idx",
                              "Startup Cost": 0.0,
                              "Total Cost": 15122.68,
                              "Plan Rows": 189429,
                              "Plan Width": 4,
                              "Actual Startup Time": 0.025,
                              "Actual Total Time": 24.863,
                              "Actual Rows": 91985,
                              "Actual Loops": 5,
                              "Filter": "(info_type_id = 99)",
                              "Rows Removed by Filter": 184022
                            },
                            {
                              "Node Type": "Hash",
                              "Parent Relationship": "Inner",
                              "Parallel Aware": true,
                              "Startup Cost": 43898.92,
                              "Total Cost": 43898.92,
                              "Plan Rows": 166094,
                              "Plan Width": 4,
                              "Actual Startup Time": 146.173,
                              "Actual Total Time": 146.175,
                              "Actual Rows": 132413,
                              "Actual Loops": 5,
                              "Hash Buckets": 1048576,
                              "Original Hash Buckets": 1048576,
                              "Hash Batches": 1,
                              "Original Hash Batches": 1,
                              "Peak Memory Usage": 34144,
                              "Plans": [
                                {
                                  "Node Type": "Seq Scan",
                                  "Parent Relationship": "Outer",
                                  "Parallel Aware": true,
                                  "Relation Name": "title",
                                  "Alias": "t",
                                  "Startup Cost": 0.0,
                                  "Total Cost": 43898.92,
                                  "Plan Rows": 166094,
                                  "Plan Width": 4,
                                  "Actual Startup Time": 0.046,
                                  "Actual Total Time": 88.522,
                                  "Actual Rows": 132413,
                                  "Actual Loops": 5,
                                  "Filter": "(production_year > 2008)",
                                  "Rows Removed by Filter": 373249
                                }
                              ]
                            }
                          ]
                        }
                      ]
                    }
                  ]
                }
              ]
            }
          ]
        }
      ]
    },
    "Planning Time": 1.379,
    "Triggers": [],
    "Execution Time": 343.92
  }
]