[
  {
    "Plan": {
      "Node Type": "Aggregate",
      "Strategy": "Plain",
      "Partial Mode": "Finalize",
      "Parallel Aware": false,
      "Startup Cost": 236184.9,
      "Total Cost": 236184.91,
      "Plan Rows": 1,
      "Plan Width": 8,
      "Actual Startup Time": 341.816,
      "Actual Total Time": 388.856,
      "Actual Rows": 1,
      "Actual Loops": 1,
      "Plans": [
        {
          "Node Type": "Gather",
          "Parent Relationship": "Outer",
          "Parallel Aware": false,
          "Startup Cost": 236184.48,
          "Total Cost": 236184.89,
          "Plan Rows": 4,
          "Plan Width": 8,
          "Actual Startup Time": 336.615,
          "Actual Total Time": 388.846,
          "Actual Rows": 5,
          "Actual Loops": 1,
          "Workers Planned": 4,
          "Workers Launched": 4,
          "Single Copy": false,
          "Plans": [
            {
              "Node Type": "Aggregate",
              "Strategy": "Plain",
              "Partial Mode": "Partial",
              "Parent Relationship": "Outer",
              "Parallel Aware": false,
              "Startup Cost": 235184.48,
              "Total Cost": 235184.49,
              "Plan Rows": 1,
              "Plan Width": 8,
              "Actual Startup Time": 330.687,
              "Actual Total Time": 330.689,
              "Actual Rows": 1,
              "Actual Loops": 5,
              "Plans": [
                {
                  "Node Type": "Nested Loop",
                  "Parent Relationship": "Outer",
                  "Parallel Aware": false,
                  "Join Type": "Inner",
                  "Startup Cost": 1.0,
                  "Total Cost": 235146.74,
                  "Plan Rows": 15096,
                  "Plan Width": 0,
                  "Actual Startup Time": 1.001,
                  "Actual Total Time": 328.153,
                  "Actual Rows": 43543,
                  "Actual Loops": 5,
                  "Inner Unique": false,
                  "Join Filter": "(t.id = ci.movie_id)",
                  "Rows Removed by Join Filter": 0,
                  "Plans": [
                    {
                      "Node Type": "Nested Loop",
                      "Parent Relationship": "Outer",
                      "Parallel Aware": false,
                      "Join Type": "Inner",
                      "Startup Cost": 0.43,
                      "Total Cost": 226319.96,
                      "Plan Rows": 4083,
                      "Plan Width": 8,
                      "Actual Startup Time": 0.752,
                      "Actual Total Time": 131.556,
                      "Actual Rows": 4499,
                      "Actual Loops": 5,
                      "Inner Unique": false,
                      "Plans": [
                        {
                          "Node Type": "Seq Scan",
                          "Parent Relationship": "Outer",
                          "Parallel Aware": true,
                          "Relation Name": "title",
                          "Alias": "t",
                          "Startup Cost": 0.0,
                          "Total Cost": 43899.32,
                          "Plan Rows": 4699,
                          "Plan Width": 4,
                          "Actual Startup Time": 0.19,
                          "Actual Total Time": 60.148,
                          "Actual Rows": 3678,
                          "Actual Loops": 5,
                          "Filter": "(production_year = 1985)",
                          "Rows Removed by Filter": 501984
                        },
                        {
                          "Node Type": "Index Scan",
                          "Parent Relationship": "Inner",
                          "Parallel Aware": false,
                          "Scan Direction": "Forward",
                          "Index Name": "movie_id_movie_info",
                          "Relation Name": "movie_info",
                          "Alias": "mi",
                          "Startup Cost": 0.43,
                          "Total Cost": 38.76,
                          "Plan Rows": 6,
                          "Plan Width": 4,
                          "Actual Startup Time": 0.014,
                          "Actual Total Time": 0.019,
                          "Actual Rows": 1,
                          "Actual Loops": 18391,
                          "Index Cond": "(movie_id = t.id)",
                          "Rows Removed by Index Recheck": 0,
                          "Filter": "(info_type_id > 16)",
                          "Rows Removed by Filter": 5
                        }
                      ]
                    },
                    {
                      "Node Type": "Index Scan",
                      "Parent Relationship": "Inner",
                      "Parallel Aware": false,
                      "Scan Direction": "Forward",
                      "Index Name": "movie_id_cast_info",
                      "Relation Name": "cast_info",
                      "Alias": "ci",
                      "Startup Cost": 0.56,
                      "Total Cost": 2.05,
                      "Plan Rows": 9,
                      "Plan Width": 4,
                      "Actual Startup Time": 0.015,
                      "Actual Total Time": 0.042,
                      "Actual Rows": 10,
                      "Actual Loops": 22493,
                      "Index Cond": "(movie_id = mi.movie_id)",
                      "Rows Removed by Index Recheck": 0,
                      "Filter": "((person_id > 948533) AND (role_id = 1))",
                      "Rows Removed by Filter": 46
                    }
                  ]
                }
              ]
            }
          ]
        }
      ]
    },
    "Planning Time": 0.696,
    "Triggers": [],
    "Execution Time": 388.924
  }
]