[
  {
    "Plan": {
      "Node Type": "Aggregate",
      "Strategy": "Plain",
      "Partial Mode": "Finalize",
      "Parallel Aware": false,
      "Startup Cost": 82903.32,
      "Total Cost": 82903.33,
      "Plan Rows": 1,
      "Plan Width": 8,
      "Actual Startup Time": 504.407,
      "Actual Total Time": 518.726,
      "Actual Rows": 1,
      "Actual Loops": 1,
      "Plans": [
        {
          "Node Type": "Gather",
          "Parent Relationship": "Outer",
          "Parallel Aware": false,
          "Startup Cost": 82903.01,
          "Total Cost": 82903.32,
          "Plan Rows": 3,
          "Plan Width": 8,
          "Actual Startup Time": 496.132,
          "Actual Total Time": 518.717,
          "Actual Rows": 4,
          "Actual Loops": 1,
          "Workers Planned": 3,
          "Workers Launched": 3,
          "Single Copy": false,
          "Plans": [
            {
              "Node Type": "Aggregate",
              "Strategy": "Plain",
              "Partial Mode": "Partial",
              "Parent Relationship": "Outer",
              "Parallel Aware": false,
              "Startup Cost": 81903.01,
              "Total Cost": 81903.02,
              "Plan Rows": 1,
              "Plan Width": 8,
              "Actual Startup Time": 483.082,
              "Actual Total Time": 483.086,
              "Actual Rows": 1,
              "Actual Loops": 4,
              "Plans": [
                {
                  "Node Type": "Hash Join",
                  "Parent Relationship": "Outer",
                  "Parallel Aware": true,
                  "Join Type": "Inner",
                  "Startup Cost": 49543.04,
                  "Total Cost": 80900.52,
                  "Plan Rows": 400996,
                  "Plan Width": 0,
                  "Actual Startup Time": 256.2,
                  "Actual Total Time": 476.308,
                  "Actual Rows": 143577,
                  "Actual Loops": 4,
                  "Inner Unique": true,
                  "Hash Cond": "(mc.movie_id = t.id)",
                  "Plans": [
                    {
                      "Node Type": "Seq Scan",
                      "Parent Relationship": "Outer",
                      "Parallel Aware": true,
                      "Relation Name": "movie_companies",
                      "Alias": "mc",
                      "Startup Cost": 0.0,
                      "Total Cost": 29310.68,
                      "Plan Rows": 779733,
                      "Plan Width": 4,
                      "Actual Startup Time": 0.01,
                      "Actual Total Time": 77.491,
                      "Actual Rows": 605238,
                      "Actual Loops": 4,
                      "Filter": "(company_id < 117311)",
                      "Rows Removed by Filter": 47044
                    },
                    {
                      "Node Type": "Hash",
                      "Parent Relationship": "Inner",
                      "Parallel Aware": true,
                      "Startup Cost": 45479.59,
                      "Total Cost": 45479.59,
                      "Plan Rows": 325076,
                      "Plan Width": 4,
                      "Actual Startup Time": 248.123,
                      "Actual Total Time": 248.124,
                      "Actual Rows": 343572,
                      "Actual Loops": 4,
                      "Hash Buckets": 2097152,
                      "Original Hash Buckets": 2097152,
                      "Hash Batches": 1,
                      "Original Hash Batches": 1,
                      "Peak Memory Usage": 70176,
                      "Plans": [
                        {
                          "Node Type": "Seq Scan",
                          "Parent Relationship": "Outer",
                          "Parallel Aware": true,
                          "Relation Name": "title",
                          "Alias": "t",
                          "Startup Cost": 0.0,
                          "Total Cost": 45479.59,
                          "Plan Rows": 325076,
                          "Plan Width": 4,
                          "Actual Startup Time": 0.058,
                          "Actual Total Time": 115.363,
                          "Actual Rows": 343572,
                          "Actual Loops": 4,
                          "Filter": "((production_year > 1967) AND (kind_id = 7))",
                          "Rows Removed by Filter": 288506
                        }
                      ]
                    }
                  ]
                }
              ]
            }
          ]
        }
      ]
    },
    "Planning Time": 0.63,
    "Triggers": [],
    "Execution Time": 518.805
  }
]