{
  "Plan": {
    "Node Type": "Aggregate",
    "Strategy": "Plain",
    "Partial Mode": "Finalize",
    "Parallel Aware": false,
    "Startup Cost": 142181.75,
    "Total Cost": 142181.76,
    "Plan Rows": 1,
    "Plan Width": 8,
    "Actual Startup Time": 1344.597,
    "Actual Total Time": 1358.761,
    "Actual Rows": 1,
    "Actual Loops": 1,
    "Plans": [
      {
        "Node Type": "Gather",
        "Parent Relationship": "Outer",
        "Parallel Aware": false,
        "Startup Cost": 142181.64,
        "Total Cost": 142181.75,
        "Plan Rows": 1,
        "Plan Width": 8,
        "Actual Startup Time": 1341.341,
        "Actual Total Time": 1358.741,
        "Actual Rows": 2,
        "Actual Loops": 1,
        "Workers Planned": 1,
        "Workers Launched": 1,
        "Single Copy": false,
        "Plans": [
          {
            "Node Type": "Aggregate",
            "Strategy": "Plain",
            "Partial Mode": "Partial",
            "Parent Relationship": "Outer",
            "Parallel Aware": false,
            "Startup Cost": 141181.64,
            "Total Cost": 141181.65,
            "Plan Rows": 1,
            "Plan Width": 8,
            "Actual Startup Time": 1335.43,
            "Actual Total Time": 1336.734,
            "Actual Rows": 1,
            "Actual Loops": 2,
            "Plans": [
              {
                "Node Type": "Hash Join",
                "Parent Relationship": "Outer",
                "Parallel Aware": true,
                "Join Type": "Inner",
                "Startup Cost": 77710.37,
                "Total Cost": 140457.9,
                "Plan Rows": 289495,
                "Plan Width": 0,
                "Actual Startup Time": 535.141,
                "Actual Total Time": 1162.966,
                "Actual Rows": 3490903,
                "Actual Loops": 2,
                "Inner Unique": false,
                "Hash Cond": "(mk.movie_id = t.id)",
                "Plans": [
                  {
                    "Node Type": "Seq Scan",
                    "Parent Relationship": "Outer",
                    "Parallel Aware": true,
                    "Relation Name": "movie_keyword",
                    "Alias": "mk",
                    "Startup Cost": 0.0,
                    "Total Cost": 51065.35,
                    "Plan Rows": 2661135,
                    "Plan Width": 4,
                    "Actual Startup Time": 0.012,
                    "Actual Total Time": 178.575,
                    "Actual Rows": 2261965,
                    "Actual Loops": 2
                  },
                  {
                    "Node Type": "Hash",
                    "Parent Relationship": "Inner",
                    "Parallel Aware": true,
                    "Startup Cost": 75687.98,
                    "Total Cost": 75687.98,
                    "Plan Rows": 161791,
                    "Plan Width": 8,
                    "Actual Startup Time": 457.253,
                    "Actual Total Time": 458.556,
                    "Actual Rows": 275388,
                    "Actual Loops": 2,
                    "Hash Buckets": 1048576,
                    "Original Hash Buckets": 524288,
                    "Hash Batches": 1,
                    "Original Hash Batches": 1,
                    "Peak Memory Usage": 33856,
                    "Plans": [
                      {
                        "Node Type": "Hash Join",
                        "Parent Relationship": "Outer",
                        "Parallel Aware": true,
                        "Join Type": "Inner",
                        "Startup Cost": 57504.2,
                        "Total Cost": 75687.98,
                        "Plan Rows": 161791,
                        "Plan Width": 8,
                        "Actual Startup Time": 252.274,
                        "Actual Total Time": 386.234,
                        "Actual Rows": 275388,
                        "Actual Loops": 2,
                        "Inner Unique": true,
                        "Hash Cond": "(mi_idx.movie_id = t.id)",
                        "Plans": [
                          {
                            "Node Type": "Seq Scan",
                            "Parent Relationship": "Outer",
                            "Parallel Aware": true,
                            "Relation Name": "movie_info_idx",
                            "Alias": "mi_idx",
                            "Startup Cost": 0.0,
                            "Total Cost": 16052.85,
                            "Plan Rows": 811785,
                            "Plan Width": 4,
                            "Actual Startup Time": 0.023,
                            "Actual Total Time": 61.259,
                            "Actual Rows": 690018,
                            "Actual Loops": 2
                          },
                          {
                            "Node Type": "Hash",
                            "Parent Relationship": "Inner",
                            "Parallel Aware": true,
                            "Startup Cost": 53799.08,
                            "Total Cost": 53799.08,
                            "Plan Rows": 296409,
                            "Plan Width": 4,
                            "Actual Startup Time": 187.329,
                            "Actual Total Time": 187.331,
                            "Actual Rows": 262064,
                            "Actual Loops": 2,
                            "Hash Buckets": 524288,
                            "Original Hash Buckets": 524288,
                            "Hash Batches": 1,
                            "Original Hash Batches": 1,
                            "Peak Memory Usage": 24640,
                            "Plans": [
                              {
                                "Node Type": "Bitmap Heap Scan",
                                "Parent Relationship": "Outer",
                                "Parallel Aware": true,
                                "Relation Name": "title",
                                "Alias": "t",
                                "Startup Cost": 11948.82,
                                "Total Cost": 53799.08,
                                "Plan Rows": 296409,
                                "Plan Width": 4,
                                "Actual Startup Time": 35.686,
                                "Actual Total Time": 116.576,
                                "Actual Rows": 262064,
                                "Actual Loops": 2,
                                "Recheck Cond": "(kind_id < 2)",
                                "Rows Removed by Index Recheck": 0,
                                "Filter": "(production_year < 2010)",
                                "Rows Removed by Filter": 69348,
                                "Exact Heap Blocks": 6388,
                                "Lossy Heap Blocks": 0,
                                "Plans": [
                                  {
                                    "Node Type": "Bitmap Index Scan",
                                    "Parent Relationship": "Outer",
                                    "Parallel Aware": false,
                                    "Index Name": "kind_id_title",
                                    "Startup Cost": 0.0,
                                    "Total Cost": 11822.85,
                                    "Plan Rows": 663256,
                                    "Plan Width": 0,
                                    "Actual Startup Time": 32.763,
                                    "Actual Total Time": 32.763,
                                    "Actual Rows": 662825,
                                    "Actual Loops": 1,
                                    "Index Cond": "(kind_id < 2)"
                                  }
                                ]
                              }
                            ]
                          }
                        ]
                      }
                    ]
                  }
                ]
              }
            ]
          }
        ]
      }
    ]
  },
  "Planning Time": 1.056,
  "Triggers": [],
  "Execution Time": 1358.88
}