[
  {
    "Plan": {
      "Node Type": "Aggregate",
      "Strategy": "Plain",
      "Partial Mode": "Finalize",
      "Parallel Aware": false,
      "Startup Cost": 72369.58,
      "Total Cost": 72369.59,
      "Plan Rows": 1,
      "Plan Width": 8,
      "Actual Startup Time": 307.26,
      "Actual Total Time": 321.443,
      "Actual Rows": 1,
      "Actual Loops": 1,
      "Plans": [
        {
          "Node Type": "Gather",
          "Parent Relationship": "Outer",
          "Parallel Aware": false,
          "Startup Cost": 72369.26,
          "Total Cost": 72369.57,
          "Plan Rows": 3,
          "Plan Width": 8,
          "Actual Startup Time": 301.277,
          "Actual Total Time": 321.428,
          "Actual Rows": 4,
          "Actual Loops": 1,
          "Workers Planned": 3,
          "Workers Launched": 3,
          "Single Copy": false,
          "Plans": [
            {
              "Node Type": "Aggregate",
              "Strategy": "Plain",
              "Partial Mode": "Partial",
              "Parent Relationship": "Outer",
              "Parallel Aware": false,
              "Startup Cost": 71369.26,
              "Total Cost": 71369.27,
              "Plan Rows": 1,
              "Plan Width": 8,
              "Actual Startup Time": 293.154,
              "Actual Total Time": 293.159,
              "Actual Rows": 1,
              "Actual Loops": 4,
              "Plans": [
                {
                  "Node Type": "Hash Join",
                  "Parent Relationship": "Outer",
                  "Parallel Aware": true,
                  "Join Type": "Inner",
                  "Startup Cost": 51510.31,
                  "Total Cost": 71303.02,
                  "Plan Rows": 26495,
                  "Plan Width": 0,
                  "Actual Startup Time": 251.353,
                  "Actual Total Time": 291.731,
                  "Actual Rows": 21540,
                  "Actual Loops": 4,
                  "Inner Unique": true,
                  "Hash Cond": "(mc.movie_id = t.id)",
                  "Plans": [
                    {
                      "Node Type": "Bitmap Heap Scan",
                      "Parent Relationship": "Outer",
                      "Parallel Aware": true,
                      "Relation Name": "movie_companies",
                      "Alias": "mc",
                      "Startup Cost": 4453.16,
                      "Total Cost": 24071.85,
                      "Plan Rows": 66295,
                      "Plan Width": 4,
                      "Actual Startup Time": 14.019,
                      "Actual Total Time": 29.919,
                      "Actual Rows": 50475,
                      "Actual Loops": 4,
                      "Recheck Cond": "(company_id > 112858)",
                      "Rows Removed by Index Recheck": 0,
                      "Exact Heap Blocks": 1430,
                      "Lossy Heap Blocks": 0,
                      "Plans": [
                        {
                          "Node Type": "Bitmap Index Scan",
                          "Parent Relationship": "Outer",
                          "Parallel Aware": false,
                          "Index Name": "company_id_movie_companies",
                          "Startup Cost": 0.0,
                          "Total Cost": 4401.78,
                          "Plan Rows": 205514,
                          "Plan Width": 0,
                          "Actual Startup Time": 13.076,
                          "Actual Total Time": 13.077,
                          "Actual Rows": 201899,
                          "Actual Loops": 1,
                          "Index Cond": "(company_id > 112858)"
                        }
                      ]
                    },
                    {
                      "Node Type": "Hash",
                      "Parent Relationship": "Inner",
                      "Parallel Aware": true,
                      "Startup Cost": 43899.32,
                      "Total Cost": 43899.32,
                      "Plan Rows": 252626,
                      "Plan Width": 4,
                      "Actual Startup Time": 232.945,
                      "Actual Total Time": 232.946,
                      "Actual Rows": 253230,
                      "Actual Loops": 4,
                      "Hash Buckets": 1048576,
                      "Original Hash Buckets": 1048576,
                      "Hash Batches": 1,
                      "Original Hash Batches": 1,
                      "Peak Memory Usage": 47872,
                      "Plans": [
                        {
                          "Node Type": "Seq Scan",
                          "Parent Relationship": "Outer",
                          "Parallel Aware": true,
                          "Relation Name": "title",
                          "Alias": "t",
                          "Startup Cost": 0.0,
                          "Total Cost": 43899.32,
                          "Plan Rows": 252626,
                          "Plan Width": 4,
                          "Actual Startup Time": 0.04,
                          "Actual Total Time": 127.026,
                          "Actual Rows": 253230,
                          "Actual Loops": 4,
                          "Filter": "(production_year > 2005)",
                          "Rows Removed by Filter": 378848
                        }
                      ]
                    }
                  ]
                }
              ]
            }
          ]
        }
      ]
    },
    "Planning Time": 0.414,
    "Triggers": [],
    "Execution Time": 321.506
  }
]