[
  {
    "Plan": {
      "Node Type": "Aggregate",
      "Strategy": "Plain",
      "Partial Mode": "Finalize",
      "Parallel Aware": false,
      "Startup Cost": 62156.29,
      "Total Cost": 62156.3,
      "Plan Rows": 1,
      "Plan Width": 8,
      "Actual Startup Time": 171.357,
      "Actual Total Time": 184.918,
      "Actual Rows": 1,
      "Actual Loops": 1,
      "Plans": [
        {
          "Node Type": "Gather",
          "Parent Relationship": "Outer",
          "Parallel Aware": false,
          "Startup Cost": 62156.07,
          "Total Cost": 62156.28,
          "Plan Rows": 2,
          "Plan Width": 8,
          "Actual Startup Time": 171.214,
          "Actual Total Time": 184.911,
          "Actual Rows": 3,
          "Actual Loops": 1,
          "Workers Planned": 2,
          "Workers Launched": 2,
          "Single Copy": false,
          "Plans": [
            {
              "Node Type": "Aggregate",
              "Strategy": "Plain",
              "Partial Mode": "Partial",
              "Parent Relationship": "Outer",
              "Parallel Aware": false,
              "Startup Cost": 61156.07,
              "Total Cost": 61156.08,
              "Plan Rows": 1,
              "Plan Width": 8,
              "Actual Startup Time": 163.55,
              "Actual Total Time": 163.553,
              "Actual Rows": 1,
              "Actual Loops": 3,
              "Plans": [
                {
                  "Node Type": "Hash Join",
                  "Parent Relationship": "Outer",
                  "Parallel Aware": true,
                  "Join Type": "Inner",
                  "Startup Cost": 45526.32,
                  "Total Cost": 61153.2,
                  "Plan Rows": 1148,
                  "Plan Width": 0,
                  "Actual Startup Time": 113.166,
                  "Actual Total Time": 163.512,
                  "Actual Rows": 614,
                  "Actual Loops": 3,
                  "Inner Unique": true,
                  "Hash Cond": "(mi_idx.movie_id = t.id)",
                  "Plans": [
                    {
                      "Node Type": "Seq Scan",
                      "Parent Relationship": "Outer",
                      "Parallel Aware": true,
                      "Relation Name": "movie_info_idx",
                      "Alias": "mi_idx",
                      "Startup Cost": 0.0,
                      "Total Cost": 15122.68,
                      "Plan Rows": 192074,
                      "Plan Width": 4,
                      "Actual Startup Time": 0.025,
                      "Actual Total Time": 36.11,
                      "Actual Rows": 153395,
                      "Actual Loops": 3,
                      "Filter": "(info_type_id > 100)",
                      "Rows Removed by Filter": 306617
                    },
                    {
                      "Node Type": "Hash",
                      "Parent Relationship": "Inner",
                      "Parallel Aware": true,
                      "Startup Cost": 45479.1,
                      "Total Cost": 45479.1,
                      "Plan Rows": 3778,
                      "Plan Width": 4,
                      "Actual Startup Time": 112.11,
                      "Actual Total Time": 112.111,
                      "Actual Rows": 4775,
                      "Actual Loops": 3,
                      "Hash Buckets": 16384,
                      "Original Hash Buckets": 16384,
                      "Hash Batches": 1,
                      "Original Hash Batches": 1,
                      "Peak Memory Usage": 704,
                      "Plans": [
                        {
                          "Node Type": "Seq Scan",
                          "Parent Relationship": "Outer",
                          "Parallel Aware": true,
                          "Relation Name": "title",
                          "Alias": "t",
                          "Startup Cost": 0.0,
                          "Total Cost": 45479.1,
                          "Plan Rows": 3778,
                          "Plan Width": 4,
                          "Actual Startup Time": 0.165,
                          "Actual Total Time": 109.801,
                          "Actual Rows": 4775,
                          "Actual Loops": 3,
                          "Filter": "((kind_id = 7) AND (production_year = 1991))",
                          "Rows Removed by Filter": 837996
                        }
                      ]
                    }
                  ]
                }
              ]
            }
          ]
        }
      ]
    },
    "Planning Time": 0.662,
    "Triggers": [],
    "Execution Time": 184.986
  }
]