[
    {
        "Bao": {
            "Bao prediction": "NaN",
            "Bao recommended hint": "(no hint)"
        }
    },
    {
        "Plan": {
            "Node Type": "Aggregate",
            "Strategy": "Plain",
            "Partial Mode": "Finalize",
            "Parallel Aware": false,
            "Startup Cost": 455226.48,
            "Total Cost": 455226.49,
            "Plan Rows": 1,
            "Plan Width": 8,
            "Actual Startup Time": 2225.699,
            "Actual Total Time": 2255.965,
            "Actual Rows": 1,
            "Actual Loops": 1,
            "Output": [
                "count(*)"
            ],
            "Plans": [
                {
                    "Node Type": "Gather",
                    "Parent Relationship": "Outer",
                    "Parallel Aware": false,
                    "Startup Cost": 455225.85,
                    "Total Cost": 455226.46,
                    "Plan Rows": 6,
                    "Plan Width": 8,
                    "Actual Startup Time": 2217.518,
                    "Actual Total Time": 2255.954,
                    "Actual Rows": 7,
                    "Actual Loops": 1,
                    "Output": [
                        "(PARTIAL count(*))"
                    ],
                    "Workers Planned": 6,
                    "Workers Launched": 6,
                    "Single Copy": false,
                    "Plans": [
                        {
                            "Node Type": "Aggregate",
                            "Strategy": "Plain",
                            "Partial Mode": "Partial",
                            "Parent Relationship": "Outer",
                            "Parallel Aware": false,
                            "Startup Cost": 454225.85,
                            "Total Cost": 454225.86,
                            "Plan Rows": 1,
                            "Plan Width": 8,
                            "Actual Startup Time": 2208.147,
                            "Actual Total Time": 2208.316,
                            "Actual Rows": 1,
                            "Actual Loops": 7,
                            "Output": [
                                "PARTIAL count(*)"
                            ],
                            "Workers": [
                                {
                                    "Worker Number": 0,
                                    "Actual Startup Time": 2204.788,
                                    "Actual Total Time": 2204.793,
                                    "Actual Rows": 1,
                                    "Actual Loops": 1
                                },
                                {
                                    "Worker Number": 1,
                                    "Actual Startup Time": 2206.591,
                                    "Actual Total Time": 2206.596,
                                    "Actual Rows": 1,
                                    "Actual Loops": 1
                                },
                                {
                                    "Worker Number": 2,
                                    "Actual Startup Time": 2205.792,
                                    "Actual Total Time": 2205.797,
                                    "Actual Rows": 1,
                                    "Actual Loops": 1
                                },
                                {
                                    "Worker Number": 3,
                                    "Actual Startup Time": 2209.663,
                                    "Actual Total Time": 2209.668,
                                    "Actual Rows": 1,
                                    "Actual Loops": 1
                                },
                                {
                                    "Worker Number": 4,
                                    "Actual Startup Time": 2206.536,
                                    "Actual Total Time": 2206.54,
                                    "Actual Rows": 1,
                                    "Actual Loops": 1
                                },
                                {
                                    "Worker Number": 5,
                                    "Actual Startup Time": 2206.747,
                                    "Actual Total Time": 2206.751,
                                    "Actual Rows": 1,
                                    "Actual Loops": 1
                                }
                            ],
                            "Plans": [
                                {
                                    "Node Type": "Hash Join",
                                    "Parent Relationship": "Outer",
                                    "Parallel Aware": true,
                                    "Join Type": "Inner",
                                    "Startup Cost": 93009.56,
                                    "Total Cost": 451669.49,
                                    "Plan Rows": 1022545,
                                    "Plan Width": 0,
                                    "Actual Startup Time": 530.608,
                                    "Actual Total Time": 1908.426,
                                    "Actual Rows": 6578738,
                                    "Actual Loops": 7,
                                    "Inner Unique": false,
                                    "Hash Cond": "(ci.movie_id = t.id)",
                                    "Workers": [
                                        {
                                            "Worker Number": 0,
                                            "Actual Startup Time": 527.551,
                                            "Actual Total Time": 1901.862,
                                            "Actual Rows": 6001622,
                                            "Actual Loops": 1
                                        },
                                        {
                                            "Worker Number": 1,
                                            "Actual Startup Time": 527.627,
                                            "Actual Total Time": 1898.096,
                                            "Actual Rows": 5427132,
                                            "Actual Loops": 1
                                        },
                                        {
                                            "Worker Number": 2,
                                            "Actual Startup Time": 528.42,
                                            "Actual Total Time": 1894.507,
                                            "Actual Rows": 4832120,
                                            "Actual Loops": 1
                                        },
                                        {
                                            "Worker Number": 3,
                                            "Actual Startup Time": 532.352,
                                            "Actual Total Time": 1916.32,
                                            "Actual Rows": 7409172,
                                            "Actual Loops": 1
                                        },
                                        {
                                            "Worker Number": 4,
                                            "Actual Startup Time": 529.157,
                                            "Actual Total Time": 1913.41,
                                            "Actual Rows": 7405391,
                                            "Actual Loops": 1
                                        },
                                        {
                                            "Worker Number": 5,
                                            "Actual Startup Time": 529.509,
                                            "Actual Total Time": 1912.631,
                                            "Actual Rows": 7429684,
                                            "Actual Loops": 1
                                        }
                                    ],
                                    "Plans": [
                                        {
                                            "Node Type": "Seq Scan",
                                            "Parent Relationship": "Outer",
                                            "Parallel Aware": true,
                                            "Relation Name": "cast_info",
                                            "Schema": "public",
                                            "Alias": "ci",
                                            "Startup Cost": 0.0,
                                            "Total Cost": 343318.94,
                                            "Plan Rows": 3211319,
                                            "Plan Width": 4,
                                            "Actual Startup Time": 207.852,
                                            "Actual Total Time": 649.578,
                                            "Actual Rows": 2442667,
                                            "Actual Loops": 7,
                                            "Output": [
                                                "ci.id",
                                                "ci.person_id",
                                                "ci.movie_id",
                                                "ci.person_role_id",
                                                "ci.note",
                                                "ci.nr_order",
                                                "ci.role_id"
                                            ],
                                            "Filter": "((ci.person_id < 3008985) AND (ci.role_id > 1))",
                                            "Rows Removed by Filter": 2735097,
                                            "Workers": [
                                                {
                                                    "Worker Number": 0,
                                                    "Actual Startup Time": 207.846,
                                                    "Actual Total Time": 656.749,
                                                    "Actual Rows": 2147094,
                                                    "Actual Loops": 1
                                                },
                                                {
                                                    "Worker Number": 1,
                                                    "Actual Startup Time": 207.88,
                                                    "Actual Total Time": 661.489,
                                                    "Actual Rows": 1903993,
                                                    "Actual Loops": 1
                                                },
                                                {
                                                    "Worker Number": 2,
                                                    "Actual Startup Time": 207.862,
                                                    "Actual Total Time": 666.988,
                                                    "Actual Rows": 1844467,
                                                    "Actual Loops": 1
                                                },
                                                {
                                                    "Worker Number": 3,
                                                    "Actual Startup Time": 207.85,
                                                    "Actual Total Time": 653.038,
                                                    "Actual Rows": 2787664,
                                                    "Actual Loops": 1
                                                },
                                                {
                                                    "Worker Number": 4,
                                                    "Actual Startup Time": 207.804,
                                                    "Actual Total Time": 652.738,
                                                    "Actual Rows": 2774688,
                                                    "Actual Loops": 1
                                                },
                                                {
                                                    "Worker Number": 5,
                                                    "Actual Startup Time": 207.86,
                                                    "Actual Total Time": 650.824,
                                                    "Actual Rows": 2773723,
                                                    "Actual Loops": 1
                                                }
                                            ]
                                        },
                                        {
                                            "Node Type": "Hash",
                                            "Parent Relationship": "Inner",
                                            "Parallel Aware": true,
                                            "Startup Cost": 89763.33,
                                            "Total Cost": 89763.33,
                                            "Plan Rows": 259699,
                                            "Plan Width": 8,
                                            "Actual Startup Time": 320.566,
                                            "Actual Total Time": 320.733,
                                            "Actual Rows": 201486,
                                            "Actual Loops": 7,
                                            "Output": [
                                                "t.id",
                                                "mk.movie_id"
                                            ],
                                            "Hash Buckets": 2097152,
                                            "Original Hash Buckets": 1048576,
                                            "Hash Batches": 1,
                                            "Original Hash Batches": 1,
                                            "Peak Memory Usage": 79840,
                                            "Workers": [
                                                {
                                                    "Worker Number": 0,
                                                    "Actual Startup Time": 318.857,
                                                    "Actual Total Time": 318.86,
                                                    "Actual Rows": 148876,
                                                    "Actual Loops": 1
                                                },
                                                {
                                                    "Worker Number": 1,
                                                    "Actual Startup Time": 318.97,
                                                    "Actual Total Time": 318.973,
                                                    "Actual Rows": 153202,
                                                    "Actual Loops": 1
                                                },
                                                {
                                                    "Worker Number": 2,
                                                    "Actual Startup Time": 319.76,
                                                    "Actual Total Time": 319.763,
                                                    "Actual Rows": 152039,
                                                    "Actual Loops": 1
                                                },
                                                {
                                                    "Worker Number": 3,
                                                    "Actual Startup Time": 324.011,
                                                    "Actual Total Time": 324.014,
                                                    "Actual Rows": 237637,
                                                    "Actual Loops": 1
                                                },
                                                {
                                                    "Worker Number": 4,
                                                    "Actual Startup Time": 320.443,
                                                    "Actual Total Time": 320.447,
                                                    "Actual Rows": 238053,
                                                    "Actual Loops": 1
                                                },
                                                {
                                                    "Worker Number": 5,
                                                    "Actual Startup Time": 320.842,
                                                    "Actual Total Time": 320.845,
                                                    "Actual Rows": 237163,
                                                    "Actual Loops": 1
                                                }
                                            ],
                                            "Plans": [
                                                {
                                                    "Node Type": "Hash Join",
                                                    "Parent Relationship": "Outer",
                                                    "Parallel Aware": true,
                                                    "Join Type": "Inner",
                                                    "Startup Cost": 46885.25,
                                                    "Total Cost": 89763.33,
                                                    "Plan Rows": 259699,
                                                    "Plan Width": 8,
                                                    "Actual Startup Time": 120.339,
                                                    "Actual Total Time": 239.522,
                                                    "Actual Rows": 201486,
                                                    "Actual Loops": 7,
                                                    "Output": [
                                                        "t.id",
                                                        "mk.movie_id"
                                                    ],
                                                    "Inner Unique": true,
                                                    "Hash Cond": "(mk.movie_id = t.id)",
                                                    "Workers": [
                                                        {
                                                            "Worker Number": 0,
                                                            "Actual Startup Time": 119.044,
                                                            "Actual Total Time": 238.536,
                                                            "Actual Rows": 148876,
                                                            "Actual Loops": 1
                                                        },
                                                        {
                                                            "Worker Number": 1,
                                                            "Actual Startup Time": 119.168,
                                                            "Actual Total Time": 238.219,
                                                            "Actual Rows": 153202,
                                                            "Actual Loops": 1
                                                        },
                                                        {
                                                            "Worker Number": 2,
                                                            "Actual Startup Time": 119.943,
                                                            "Actual Total Time": 239.329,
                                                            "Actual Rows": 152039,
                                                            "Actual Loops": 1
                                                        },
                                                        {
                                                            "Worker Number": 3,
                                                            "Actual Startup Time": 121.228,
                                                            "Actual Total Time": 240.423,
                                                            "Actual Rows": 237637,
                                                            "Actual Loops": 1
                                                        },
                                                        {
                                                            "Worker Number": 4,
                                                            "Actual Startup Time": 120.707,
                                                            "Actual Total Time": 240.306,
                                                            "Actual Rows": 238053,
                                                            "Actual Loops": 1
                                                        },
                                                        {
                                                            "Worker Number": 5,
                                                            "Actual Startup Time": 120.97,
                                                            "Actual Total Time": 240.832,
                                                            "Actual Rows": 237163,
                                                            "Actual Loops": 1
                                                        }
                                                    ],
                                                    "Plans": [
                                                        {
                                                            "Node Type": "Seq Scan",
                                                            "Parent Relationship": "Outer",
                                                            "Parallel Aware": true,
                                                            "Relation Name": "movie_keyword",
                                                            "Schema": "public",
                                                            "Alias": "mk",
                                                            "Startup Cost": 0.0,
                                                            "Total Cost": 39047.32,
                                                            "Plan Rows": 1459332,
                                                            "Plan Width": 4,
                                                            "Actual Startup Time": 0.02,
                                                            "Actual Total Time": 60.118,
                                                            "Actual Rows": 646276,
                                                            "Actual Loops": 7,
                                                            "Output": [
                                                                "mk.id",
                                                                "mk.movie_id",
                                                                "mk.keyword_id"
                                                            ],
                                                            "Workers": [
                                                                {
                                                                    "Worker Number": 0,
                                                                    "Actual Startup Time": 0.026,
                                                                    "Actual Total Time": 62.147,
                                                                    "Actual Rows": 479705,
                                                                    "Actual Loops": 1
                                                                },
                                                                {
                                                                    "Worker Number": 1,
                                                                    "Actual Startup Time": 0.023,
                                                                    "Actual Total Time": 61.575,
                                                                    "Actual Rows": 477670,
                                                                    "Actual Loops": 1
                                                                },
                                                                {
                                                                    "Worker Number": 2,
                                                                    "Actual Startup Time": 0.022,
                                                                    "Actual Total Time": 61.636,
                                                                    "Actual Rows": 487475,
                                                                    "Actual Loops": 1
                                                                },
                                                                {
                                                                    "Worker Number": 3,
                                                                    "Actual Startup Time": 0.018,
                                                                    "Actual Total Time": 60.972,
                                                                    "Actual Rows": 757205,
                                                                    "Actual Loops": 1
                                                                },
                                                                {
                                                                    "Worker Number": 4,
                                                                    "Actual Startup Time": 0.017,
                                                                    "Actual Total Time": 60.885,
                                                                    "Actual Rows": 758315,
                                                                    "Actual Loops": 1
                                                                },
                                                                {
                                                                    "Worker Number": 5,
                                                                    "Actual Startup Time": 0.023,
                                                                    "Actual Total Time": 61.143,
                                                                    "Actual Rows": 762510,
                                                                    "Actual Loops": 1
                                                                }
                                                            ]
                                                        },
                                                        {
                                                            "Node Type": "Hash",
                                                            "Parent Relationship": "Inner",
                                                            "Parallel Aware": true,
                                                            "Startup Cost": 45479.21,
                                                            "Total Cost": 45479.21,
                                                            "Plan Rows": 112483,
                                                            "Plan Width": 4,
                                                            "Actual Startup Time": 95.92,
                                                            "Actual Total Time": 95.922,
                                                            "Actual Rows": 46441,
                                                            "Actual Loops": 7,
                                                            "Output": [
                                                                "t.id"
                                                            ],
                                                            "Hash Buckets": 524288,
                                                            "Original Hash Buckets": 524288,
                                                            "Hash Batches": 1,
                                                            "Original Hash Batches": 1,
                                                            "Peak Memory Usage": 16896,
                                                            "Workers": [
                                                                {
                                                                    "Worker Number": 0,
                                                                    "Actual Startup Time": 95.013,
                                                                    "Actual Total Time": 95.015,
                                                                    "Actual Rows": 34320,
                                                                    "Actual Loops": 1
                                                                },
                                                                {
                                                                    "Worker Number": 1,
                                                                    "Actual Startup Time": 95.278,
                                                                    "Actual Total Time": 95.279,
                                                                    "Actual Rows": 34986,
                                                                    "Actual Loops": 1
                                                                },
                                                                {
                                                                    "Worker Number": 2,
                                                                    "Actual Startup Time": 96.115,
                                                                    "Actual Total Time": 96.116,
                                                                    "Actual Rows": 35519,
                                                                    "Actual Loops": 1
                                                                },
                                                                {
                                                                    "Worker Number": 3,
                                                                    "Actual Startup Time": 97.394,
                                                                    "Actual Total Time": 97.395,
                                                                    "Actual Rows": 51291,
                                                                    "Actual Loops": 1
                                                                },
                                                                {
                                                                    "Worker Number": 4,
                                                                    "Actual Startup Time": 96.889,
                                                                    "Actual Total Time": 96.89,
                                                                    "Actual Rows": 50623,
                                                                    "Actual Loops": 1
                                                                },
                                                                {
                                                                    "Worker Number": 5,
                                                                    "Actual Startup Time": 96.992,
                                                                    "Actual Total Time": 96.993,
                                                                    "Actual Rows": 52653,
                                                                    "Actual Loops": 1
                                                                }
                                                            ],
                                                            "Plans": [
                                                                {
                                                                    "Node Type": "Seq Scan",
                                                                    "Parent Relationship": "Outer",
                                                                    "Parallel Aware": true,
                                                                    "Relation Name": "title",
                                                                    "Schema": "public",
                                                                    "Alias": "t",
                                                                    "Startup Cost": 0.0,
                                                                    "Total Cost": 45479.21,
                                                                    "Plan Rows": 112483,
                                                                    "Plan Width": 4,
                                                                    "Actual Startup Time": 40.863,
                                                                    "Actual Total Time": 75.876,
                                                                    "Actual Rows": 46441,
                                                                    "Actual Loops": 7,
                                                                    "Output": [
                                                                        "t.id"
                                                                    ],
                                                                    "Filter": "((t.production_year > 1992) AND (t.kind_id = 1))",
                                                                    "Rows Removed by Filter": 314746,
                                                                    "Workers": [
                                                                        {
                                                                            "Worker Number": 0,
                                                                            "Actual Startup Time": 46.788,
                                                                            "Actual Total Time": 77.006,
                                                                            "Actual Rows": 34320,
                                                                            "Actual Loops": 1
                                                                        },
                                                                        {
                                                                            "Worker Number": 1,
                                                                            "Actual Startup Time": 47.425,
                                                                            "Actual Total Time": 76.861,
                                                                            "Actual Rows": 34986,
                                                                            "Actual Loops": 1
                                                                        },
                                                                        {
                                                                            "Worker Number": 2,
                                                                            "Actual Startup Time": 46.997,
                                                                            "Actual Total Time": 76.823,
                                                                            "Actual Rows": 35519,
                                                                            "Actual Loops": 1
                                                                        },
                                                                        {
                                                                            "Worker Number": 3,
                                                                            "Actual Startup Time": 46.927,
                                                                            "Actual Total Time": 76.064,
                                                                            "Actual Rows": 51291,
                                                                            "Actual Loops": 1
                                                                        },
                                                                        {
                                                                            "Worker Number": 4,
                                                                            "Actual Startup Time": 46.77,
                                                                            "Actual Total Time": 75.906,
                                                                            "Actual Rows": 50623,
                                                                            "Actual Loops": 1
                                                                        },
                                                                        {
                                                                            "Worker Number": 5,
                                                                            "Actual Startup Time": 4.175,
                                                                            "Actual Total Time": 75.982,
                                                                            "Actual Rows": 52653,
                                                                            "Actual Loops": 1
                                                                        }
                                                                    ]
                                                                }
                                                            ]
                                                        }
                                                    ]
                                                }
                                            ]
                                        }
                                    ]
                                }
                            ]
                        }
                    ]
                }
            ]
        },
        "Planning Time": 194.922,
        "Triggers": [],
        "Execution Time": 2256.122
    }
]