[
  {
    "Plan": {
      "Node Type": "Aggregate",
      "Strategy": "Plain",
      "Partial Mode": "Finalize",
      "Parallel Aware": false,
      "Startup Cost": 48174.14,
      "Total Cost": 48174.15,
      "Plan Rows": 1,
      "Plan Width": 8,
      "Actual Startup Time": 101.797,
      "Actual Total Time": 114.015,
      "Actual Rows": 1,
      "Actual Loops": 1,
      "Plans": [
        {
          "Node Type": "Gather",
          "Parent Relationship": "Outer",
          "Parallel Aware": false,
          "Startup Cost": 48173.72,
          "Total Cost": 48174.13,
          "Plan Rows": 4,
          "Plan Width": 8,
          "Actual Startup Time": 101.662,
          "Actual Total Time": 114.007,
          "Actual Rows": 5,
          "Actual Loops": 1,
          "Workers Planned": 4,
          "Workers Launched": 4,
          "Single Copy": false,
          "Plans": [
            {
              "Node Type": "Aggregate",
              "Strategy": "Plain",
              "Partial Mode": "Partial",
              "Parent Relationship": "Outer",
              "Parallel Aware": false,
              "Startup Cost": 47173.72,
              "Total Cost": 47173.73,
              "Plan Rows": 1,
              "Plan Width": 8,
              "Actual Startup Time": 91.991,
              "Actual Total Time": 91.992,
              "Actual Rows": 1,
              "Actual Loops": 5,
              "Plans": [
                {
                  "Node Type": "Nested Loop",
                  "Parent Relationship": "Outer",
                  "Parallel Aware": false,
                  "Join Type": "Inner",
                  "Startup Cost": 0.43,
                  "Total Cost": 47173.43,
                  "Plan Rows": 115,
                  "Plan Width": 0,
                  "Actual Startup Time": 61.198,
                  "Actual Total Time": 91.969,
                  "Actual Rows": 146,
                  "Actual Loops": 5,
                  "Inner Unique": false,
                  "Plans": [
                    {
                      "Node Type": "Seq Scan",
                      "Parent Relationship": "Outer",
                      "Parallel Aware": true,
                      "Relation Name": "title",
                      "Alias": "t",
                      "Startup Cost": 0.0,
                      "Total Cost": 45479.1,
                      "Plan Rows": 210,
                      "Plan Width": 4,
                      "Actual Startup Time": 60.641,
                      "Actual Total Time": 86.165,
                      "Actual Rows": 802,
                      "Actual Loops": 5,
                      "Filter": "((kind_id = 1) AND (production_year = 1920))",
                      "Rows Removed by Filter": 504860
                    },
                    {
                      "Node Type": "Index Only Scan",
                      "Parent Relationship": "Inner",
                      "Parallel Aware": false,
                      "Scan Direction": "Forward",
                      "Index Name": "movie_id_movie_info_idx",
                      "Relation Name": "movie_info_idx",
                      "Alias": "mi_idx",
                      "Startup Cost": 0.43,
                      "Total Cost": 8.04,
                      "Plan Rows": 3,
                      "Plan Width": 4,
                      "Actual Startup Time": 0.007,
                      "Actual Total Time": 0.007,
                      "Actual Rows": 0,
                      "Actual Loops": 4012,
                      "Index Cond": "(movie_id = t.id)",
                      "Rows Removed by Index Recheck": 0,
                      "Heap Fetches": 732
                    }
                  ]
                }
              ]
            }
          ]
        }
      ]
    },
    "Planning Time": 0.623,
    "Triggers": [],
    "Execution Time": 114.089
  }
]