{
  "Plan": {
    "Node Type": "Aggregate",
    "Strategy": "Plain",
    "Partial Mode": "Finalize",
    "Parallel Aware": false,
    "Startup Cost": 149155.57,
    "Total Cost": 149155.58,
    "Plan Rows": 1,
    "Plan Width": 64,
    "Actual Startup Time": 1111.923,
    "Actual Total Time": 1199.456,
    "Actual Rows": 1,
    "Actual Loops": 1,
    "Plans": [
      {
        "Node Type": "Gather",
        "Parent Relationship": "Outer",
        "Parallel Aware": false,
        "Startup Cost": 149155.46,
        "Total Cost": 149155.57,
        "Plan Rows": 1,
        "Plan Width": 64,
        "Actual Startup Time": 1111.612,
        "Actual Total Time": 1199.446,
        "Actual Rows": 2,
        "Actual Loops": 1,
        "Workers Planned": 1,
        "Workers Launched": 1,
        "Single Copy": false,
        "Plans": [
          {
            "Node Type": "Aggregate",
            "Strategy": "Plain",
            "Partial Mode": "Partial",
            "Parent Relationship": "Outer",
            "Parallel Aware": false,
            "Startup Cost": 148155.46,
            "Total Cost": 148155.47,
            "Plan Rows": 1,
            "Plan Width": 64,
            "Actual Startup Time": 1104.286,
            "Actual Total Time": 1104.292,
            "Actual Rows": 1,
            "Actual Loops": 2,
            "Plans": [
              {
                "Node Type": "Merge Join",
                "Parent Relationship": "Outer",
                "Parallel Aware": false,
                "Join Type": "Inner",
                "Startup Cost": 148049.58,
                "Total Cost": 148129.0,
                "Plan Rows": 5291,
                "Plan Width": 33,
                "Actual Startup Time": 1102.59,
                "Actual Total Time": 1103.751,
                "Actual Rows": 7210,
                "Actual Loops": 2,
                "Inner Unique": true,
                "Merge Cond": "(ci.role_id = rt.id)",
                "Plans": [
                  {
                    "Node Type": "Sort",
                    "Parent Relationship": "Outer",
                    "Parallel Aware": false,
                    "Startup Cost": 148048.25,
                    "Total Cost": 148061.47,
                    "Plan Rows": 5291,
                    "Plan Width": 37,
                    "Actual Startup Time": 1102.54,
                    "Actual Total Time": 1102.837,
                    "Actual Rows": 7210,
                    "Actual Loops": 2,
                    "Sort Key": [
                      "ci.role_id"
                    ],
                    "Sort Method": "quicksort",
                    "Sort Space Used": 865,
                    "Sort Space Type": "Memory",
                    "Workers": [
                      {
                        "Worker Number": 0,
                        "Sort Method": "quicksort",
                        "Sort Space Used": 860,
                        "Sort Space Type": "Memory"
                      }
                    ],
                    "Plans": [
                      {
                        "Node Type": "Nested Loop",
                        "Parent Relationship": "Outer",
                        "Parallel Aware": false,
                        "Join Type": "Inner",
                        "Startup Cost": 2.94,
                        "Total Cost": 147721.02,
                        "Plan Rows": 5291,
                        "Plan Width": 37,
                        "Actual Startup Time": 6.777,
                        "Actual Total Time": 1099.158,
                        "Actual Rows": 7210,
                        "Actual Loops": 2,
                        "Inner Unique": true,
                        "Plans": [
                          {
                            "Node Type": "Nested Loop",
                            "Parent Relationship": "Outer",
                            "Parallel Aware": false,
                            "Join Type": "Inner",
                            "Startup Cost": 2.51,
                            "Total Cost": 144072.52,
                            "Plan Rows": 5291,
                            "Plan Width": 25,
                            "Actual Startup Time": 4.423,
                            "Actual Total Time": 1059.876,
                            "Actual Rows": 7642,
                            "Actual Loops": 2,
                            "Inner Unique": false,
                            "Join Filter": "(t.id = ci.movie_id)",
                            "Rows Removed by Join Filter": 0,
                            "Plans": [
                              {
                                "Node Type": "Nested Loop",
                                "Parent Relationship": "Outer",
                                "Parallel Aware": false,
                                "Join Type": "Inner",
                                "Startup Cost": 1.95,
                                "Total Cost": 112774.19,
                                "Plan Rows": 16970,
                                "Plan Width": 25,
                                "Actual Startup Time": 1.368,
                                "Actual Total Time": 348.293,
                                "Actual Rows": 12442,
                                "Actual Loops": 2,
                                "Inner Unique": true,
                                "Plans": [
                                  {
                                    "Node Type": "Hash Join",
                                    "Parent Relationship": "Outer",
                                    "Parallel Aware": false,
                                    "Join Type": "Inner",
                                    "Startup Cost": 1.52,
                                    "Total Cost": 78946.41,
                                    "Plan Rows": 65180,
                                    "Plan Width": 4,
                                    "Actual Startup Time": 0.451,
                                    "Actual Total Time": 145.548,
                                    "Actual Rows": 42096,
                                    "Actual Loops": 2,
                                    "Inner Unique": true,
                                    "Hash Cond": "(mc.company_type_id = ct.id)",
                                    "Plans": [
                                      {
                                        "Node Type": "Nested Loop",
                                        "Parent Relationship": "Outer",
                                        "Parallel Aware": false,
                                        "Join Type": "Inner",
                                        "Startup Cost": 0.43,
                                        "Total Cost": 78592.94,
                                        "Plan Rows": 65180,
                                        "Plan Width": 8,
                                        "Actual Startup Time": 0.175,
                                        "Actual Total Time": 137.203,
                                        "Actual Rows": 42096,
                                        "Actual Loops": 2,
                                        "Inner Unique": false,
                                        "Plans": [
                                          {
                                            "Node Type": "Seq Scan",
                                            "Parent Relationship": "Outer",
                                            "Parallel Aware": true,
                                            "Relation Name": "company_name",
                                            "Alias": "cn",
                                            "Startup Cost": 0.0,
                                            "Total Cost": 4722.92,
                                            "Plan Rows": 5871,
                                            "Plan Width": 4,
                                            "Actual Startup Time": 0.029,
                                            "Actual Total Time": 14.97,
                                            "Actual Rows": 4906,
                                            "Actual Loops": 2,
                                            "Filter": "((country_code)::text = '[ca]'::text)",
                                            "Rows Removed by Filter": 112593
                                          },
                                          {
                                            "Node Type": "Index Scan",
                                            "Parent Relationship": "Inner",
                                            "Parallel Aware": false,
                                            "Scan Direction": "Forward",
                                            "Index Name": "company_id_movie_companies",
                                            "Relation Name": "movie_companies",
                                            "Alias": "mc",
                                            "Startup Cost": 0.43,
                                            "Total Cost": 11.27,
                                            "Plan Rows": 131,
                                            "Plan Width": 12,
                                            "Actual Startup Time": 0.012,
                                            "Actual Total Time": 0.024,
                                            "Actual Rows": 9,
                                            "Actual Loops": 9811,
                                            "Index Cond": "(company_id = cn.id)",
                                            "Rows Removed by Index Recheck": 0
                                          }
                                        ]
                                      },
                                      {
                                        "Node Type": "Hash",
                                        "Parent Relationship": "Inner",
                                        "Parallel Aware": false,
                                        "Startup Cost": 1.04,
                                        "Total Cost": 1.04,
                                        "Plan Rows": 4,
                                        "Plan Width": 4,
                                        "Actual Startup Time": 0.075,
                                        "Actual Total Time": 0.075,
                                        "Actual Rows": 4,
                                        "Actual Loops": 2,
                                        "Hash Buckets": 1024,
                                        "Original Hash Buckets": 1024,
                                        "Hash Batches": 1,
                                        "Original Hash Batches": 1,
                                        "Peak Memory Usage": 9,
                                        "Plans": [
                                          {
                                            "Node Type": "Seq Scan",
                                            "Parent Relationship": "Outer",
                                            "Parallel Aware": false,
                                            "Relation Name": "company_type",
                                            "Alias": "ct",
                                            "Startup Cost": 0.0,
                                            "Total Cost": 1.04,
                                            "Plan Rows": 4,
                                            "Plan Width": 4,
                                            "Actual Startup Time": 0.05,
                                            "Actual Total Time": 0.053,
                                            "Actual Rows": 4,
                                            "Actual Loops": 2
                                          }
                                        ]
                                      }
                                    ]
                                  },
                                  {
                                    "Node Type": "Index Scan",
                                    "Parent Relationship": "Inner",
                                    "Parallel Aware": false,
                                    "Scan Direction": "Forward",
                                    "Index Name": "title_pkey",
                                    "Relation Name": "title",
                                    "Alias": "t",
                                    "Startup Cost": 0.43,
                                    "Total Cost": 0.52,
                                    "Plan Rows": 1,
                                    "Plan Width": 21,
                                    "Actual Startup Time": 0.005,
                                    "Actual Total Time": 0.005,
                                    "Actual Rows": 0,
                                    "Actual Loops": 84193,
                                    "Index Cond": "(id = mc.movie_id)",
                                    "Rows Removed by Index Recheck": 0,
                                    "Filter": "(production_year > 2008)",
                                    "Rows Removed by Filter": 1
                                  }
                                ]
                              },
                              {
                                "Node Type": "Index Scan",
                                "Parent Relationship": "Inner",
                                "Parallel Aware": false,
                                "Scan Direction": "Forward",
                                "Index Name": "movie_id_cast_info",
                                "Relation Name": "cast_info",
                                "Alias": "ci",
                                "Startup Cost": 0.56,
                                "Total Cost": 1.83,
                                "Plan Rows": 1,
                                "Plan Width": 12,
                                "Actual Startup Time": 0.05,
                                "Actual Total Time": 0.057,
                                "Actual Rows": 1,
                                "Actual Loops": 24884,
                                "Index Cond": "(movie_id = mc.movie_id)",
                                "Rows Removed by Index Recheck": 0,
                                "Filter": "(note ~~ '%(voice)%'::text)",
                                "Rows Removed by Filter": 35
                              }
                            ]
                          },
                          {
                            "Node Type": "Index Scan",
                            "Parent Relationship": "Inner",
                            "Parallel Aware": false,
                            "Scan Direction": "Forward",
                            "Index Name": "char_name_pkey",
                            "Relation Name": "char_name",
                            "Alias": "chn",
                            "Startup Cost": 0.43,
                            "Total Cost": 0.69,
                            "Plan Rows": 1,
                            "Plan Width": 20,
                            "Actual Startup Time": 0.005,
                            "Actual Total Time": 0.005,
                            "Actual Rows": 1,
                            "Actual Loops": 15283,
                            "Index Cond": "(id = ci.person_role_id)",
                            "Rows Removed by Index Recheck": 0
                          }
                        ]
                      }
                    ]
                  },
                  {
                    "Node Type": "Sort",
                    "Parent Relationship": "Inner",
                    "Parallel Aware": false,
                    "Startup Cost": 1.34,
                    "Total Cost": 1.37,
                    "Plan Rows": 12,
                    "Plan Width": 4,
                    "Actual Startup Time": 0.042,
                    "Actual Total Time": 0.043,
                    "Actual Rows": 2,
                    "Actual Loops": 2,
                    "Sort Key": [
                      "rt.id"
                    ],
                    "Sort Method": "quicksort",
                    "Sort Space Used": 25,
                    "Sort Space Type": "Memory",
                    "Workers": [
                      {
                        "Worker Number": 0,
                        "Sort Method": "quicksort",
                        "Sort Space Used": 25,
                        "Sort Space Type": "Memory"
                      }
                    ],
                    "Plans": [
                      {
                        "Node Type": "Seq Scan",
                        "Parent Relationship": "Outer",
                        "Parallel Aware": false,
                        "Relation Name": "role_type",
                        "Alias": "rt",
                        "Startup Cost": 0.0,
                        "Total Cost": 1.12,
                        "Plan Rows": 12,
                        "Plan Width": 4,
                        "Actual Startup Time": 0.025,
                        "Actual Total Time": 0.027,
                        "Actual Rows": 12,
                        "Actual Loops": 2
                      }
                    ]
                  }
                ]
              }
            ]
          }
        ]
      }
    ]
  },
  "Planning Time": 1.572,
  "Triggers": [],
  "Execution Time": 1199.642
}