{
  "Plan": {
    "Node Type": "Aggregate",
    "Strategy": "Plain",
    "Partial Mode": "Finalize",
    "Parallel Aware": false,
    "Startup Cost": 365724.35,
    "Total Cost": 365724.36,
    "Plan Rows": 1,
    "Plan Width": 8,
    "Actual Startup Time": 2814.985,
    "Actual Total Time": 2865.138,
    "Actual Rows": 1,
    "Actual Loops": 1,
    "Plans": [
      {
        "Node Type": "Gather",
        "Parent Relationship": "Outer",
        "Parallel Aware": false,
        "Startup Cost": 365724.23,
        "Total Cost": 365724.34,
        "Plan Rows": 1,
        "Plan Width": 8,
        "Actual Startup Time": 2811.764,
        "Actual Total Time": 2865.127,
        "Actual Rows": 2,
        "Actual Loops": 1,
        "Workers Planned": 1,
        "Workers Launched": 1,
        "Single Copy": false,
        "Plans": [
          {
            "Node Type": "Aggregate",
            "Strategy": "Plain",
            "Partial Mode": "Partial",
            "Parent Relationship": "Outer",
            "Parallel Aware": false,
            "Startup Cost": 364724.23,
            "Total Cost": 364724.24,
            "Plan Rows": 1,
            "Plan Width": 8,
            "Actual Startup Time": 2804.311,
            "Actual Total Time": 2804.315,
            "Actual Rows": 1,
            "Actual Loops": 2,
            "Plans": [
              {
                "Node Type": "Hash Join",
                "Parent Relationship": "Outer",
                "Parallel Aware": true,
                "Join Type": "Inner",
                "Startup Cost": 62449.63,
                "Total Cost": 355658.01,
                "Plan Rows": 3626488,
                "Plan Width": 0,
                "Actual Startup Time": 323.194,
                "Actual Total Time": 2654.159,
                "Actual Rows": 3855961,
                "Actual Loops": 2,
                "Inner Unique": true,
                "Hash Cond": "(mi.movie_id = t.id)",
                "Plans": [
                  {
                    "Node Type": "Seq Scan",
                    "Parent Relationship": "Outer",
                    "Parallel Aware": true,
                    "Relation Name": "movie_info",
                    "Alias": "mi",
                    "Startup Cost": 0.0,
                    "Total Cost": 270696.42,
                    "Plan Rows": 8575975,
                    "Plan Width": 4,
                    "Actual Startup Time": 0.012,
                    "Actual Total Time": 796.543,
                    "Actual Rows": 7318983,
                    "Actual Loops": 2,
                    "Filter": "(info_type_id < 107)",
                    "Rows Removed by Filter": 98877
                  },
                  {
                    "Node Type": "Hash",
                    "Parent Relationship": "Inner",
                    "Parallel Aware": true,
                    "Startup Cost": 54588.39,
                    "Total Cost": 54588.39,
                    "Plan Rows": 628899,
                    "Plan Width": 4,
                    "Actual Startup Time": 308.658,
                    "Actual Total Time": 308.659,
                    "Actual Rows": 537382,
                    "Actual Loops": 2,
                    "Hash Buckets": 2097152,
                    "Original Hash Buckets": 2097152,
                    "Hash Batches": 1,
                    "Original Hash Batches": 1,
                    "Peak Memory Usage": 58464,
                    "Plans": [
                      {
                        "Node Type": "Seq Scan",
                        "Parent Relationship": "Outer",
                        "Parallel Aware": true,
                        "Relation Name": "title",
                        "Alias": "t",
                        "Startup Cost": 0.0,
                        "Total Cost": 54588.39,
                        "Plan Rows": 628899,
                        "Plan Width": 4,
                        "Actual Startup Time": 0.027,
                        "Actual Total Time": 159.682,
                        "Actual Rows": 537382,
                        "Actual Loops": 2,
                        "Filter": "(production_year < 2001)",
                        "Rows Removed by Filter": 726774
                      }
                    ]
                  }
                ]
              }
            ]
          }
        ]
      }
    ]
  },
  "Planning Time": 0.682,
  "Triggers": [],
  "Execution Time": 2865.214
}