[
  {
    "Plan": {
      "Node Type": "Aggregate",
      "Strategy": "Plain",
      "Partial Mode": "Finalize",
      "Parallel Aware": false,
      "Startup Cost": 33298.12,
      "Total Cost": 33298.13,
      "Plan Rows": 1,
      "Plan Width": 8,
      "Actual Startup Time": 92.966,
      "Actual Total Time": 100.699,
      "Actual Rows": 1,
      "Actual Loops": 1,
      "Plans": [
        {
          "Node Type": "Gather",
          "Parent Relationship": "Outer",
          "Parallel Aware": false,
          "Startup Cost": 33297.8,
          "Total Cost": 33298.11,
          "Plan Rows": 3,
          "Plan Width": 8,
          "Actual Startup Time": 92.868,
          "Actual Total Time": 100.691,
          "Actual Rows": 4,
          "Actual Loops": 1,
          "Workers Planned": 3,
          "Workers Launched": 3,
          "Single Copy": false,
          "Plans": [
            {
              "Node Type": "Aggregate",
              "Strategy": "Plain",
              "Partial Mode": "Partial",
              "Parent Relationship": "Outer",
              "Parallel Aware": false,
              "Startup Cost": 32297.8,
              "Total Cost": 32297.81,
              "Plan Rows": 1,
              "Plan Width": 8,
              "Actual Startup Time": 87.054,
              "Actual Total Time": 87.055,
              "Actual Rows": 1,
              "Actual Loops": 4,
              "Plans": [
                {
                  "Node Type": "Seq Scan",
                  "Parent Relationship": "Outer",
                  "Parallel Aware": true,
                  "Relation Name": "movie_companies",
                  "Alias": "mc",
                  "Startup Cost": 0.0,
                  "Total Cost": 31414.82,
                  "Plan Rows": 353193,
                  "Plan Width": 0,
                  "Actual Startup Time": 44.756,
                  "Actual Total Time": 78.479,
                  "Actual Rows": 218765,
                  "Actual Loops": 4,
                  "Filter": "((company_id < 76617) AND (company_type_id > 1))",
                  "Rows Removed by Filter": 433518
                }
              ]
            }
          ]
        }
      ]
    },
    "Planning Time": 0.177,
    "Triggers": [],
    "Execution Time": 100.745
  }
]