[
  {
    "Plan": {
      "Node Type": "Aggregate",
      "Strategy": "Plain",
      "Partial Mode": "Finalize",
      "Parallel Aware": false,
      "Startup Cost": 105283.11,
      "Total Cost": 105283.12,
      "Plan Rows": 1,
      "Plan Width": 8,
      "Actual Startup Time": 393.198,
      "Actual Total Time": 412.356,
      "Actual Rows": 1,
      "Actual Loops": 1,
      "Plans": [
        {
          "Node Type": "Gather",
          "Parent Relationship": "Outer",
          "Parallel Aware": false,
          "Startup Cost": 105282.9,
          "Total Cost": 105283.11,
          "Plan Rows": 2,
          "Plan Width": 8,
          "Actual Startup Time": 391.061,
          "Actual Total Time": 412.345,
          "Actual Rows": 3,
          "Actual Loops": 1,
          "Workers Planned": 2,
          "Workers Launched": 2,
          "Single Copy": false,
          "Plans": [
            {
              "Node Type": "Aggregate",
              "Strategy": "Plain",
              "Partial Mode": "Partial",
              "Parent Relationship": "Outer",
              "Parallel Aware": false,
              "Startup Cost": 104282.9,
              "Total Cost": 104282.91,
              "Plan Rows": 1,
              "Plan Width": 8,
              "Actual Startup Time": 387.356,
              "Actual Total Time": 387.362,
              "Actual Rows": 1,
              "Actual Loops": 3,
              "Plans": [
                {
                  "Node Type": "Hash Join",
                  "Parent Relationship": "Outer",
                  "Parallel Aware": true,
                  "Join Type": "Inner",
                  "Startup Cost": 88249.19,
                  "Total Cost": 104198.95,
                  "Plan Rows": 33578,
                  "Plan Width": 0,
                  "Actual Startup Time": 321.273,
                  "Actual Total Time": 386.546,
                  "Actual Rows": 20205,
                  "Actual Loops": 3,
                  "Inner Unique": false,
                  "Hash Cond": "(mi_idx.movie_id = t.id)",
                  "Plans": [
                    {
                      "Node Type": "Seq Scan",
                      "Parent Relationship": "Outer",
                      "Parallel Aware": true,
                      "Relation Name": "movie_info_idx",
                      "Alias": "mi_idx",
                      "Startup Cost": 0.0,
                      "Total Cost": 13685.15,
                      "Plan Rows": 575015,
                      "Plan Width": 4,
                      "Actual Startup Time": 0.015,
                      "Actual Total Time": 34.568,
                      "Actual Rows": 460012,
                      "Actual Loops": 3
                    },
                    {
                      "Node Type": "Hash",
                      "Parent Relationship": "Inner",
                      "Parallel Aware": true,
                      "Startup Cost": 87653.85,
                      "Total Cost": 87653.85,
                      "Plan Rows": 47627,
                      "Plan Width": 8,
                      "Actual Startup Time": 314.579,
                      "Actual Total Time": 314.583,
                      "Actual Rows": 10512,
                      "Actual Loops": 3,
                      "Hash Buckets": 262144,
                      "Original Hash Buckets": 262144,
                      "Hash Batches": 1,
                      "Original Hash Batches": 1,
                      "Peak Memory Usage": 3360,
                      "Plans": [
                        {
                          "Node Type": "Hash Join",
                          "Parent Relationship": "Outer",
                          "Parallel Aware": true,
                          "Join Type": "Inner",
                          "Startup Cost": 60246.47,
                          "Total Cost": 87653.85,
                          "Plan Rows": 47627,
                          "Plan Width": 8,
                          "Actual Startup Time": 210.686,
                          "Actual Total Time": 311.17,
                          "Actual Rows": 10512,
                          "Actual Loops": 3,
                          "Inner Unique": true,
                          "Hash Cond": "(mk.movie_id = t.id)",
                          "Plans": [
                            {
                              "Node Type": "Bitmap Heap Scan",
                              "Parent Relationship": "Outer",
                              "Parallel Aware": true,
                              "Relation Name": "movie_keyword",
                              "Alias": "mk",
                              "Startup Cost": 12839.66,
                              "Total Cost": 39734.47,
                              "Plan Rows": 195265,
                              "Plan Width": 4,
                              "Actual Startup Time": 39.873,
                              "Actual Total Time": 107.327,
                              "Actual Rows": 203232,
                              "Actual Loops": 3,
                              "Recheck Cond": "(keyword_id > 30273)",
                              "Rows Removed by Index Recheck": 0,
                              "Exact Heap Blocks": 8794,
                              "Lossy Heap Blocks": 0,
                              "Plans": [
                                {
                                  "Node Type": "Bitmap Index Scan",
                                  "Parent Relationship": "Outer",
                                  "Parallel Aware": false,
                                  "Index Name": "keyword_id_movie_keyword",
                                  "Startup Cost": 0.0,
                                  "Total Cost": 12688.33,
                                  "Plan Rows": 605320,
                                  "Plan Width": 0,
                                  "Actual Startup Time": 36.338,
                                  "Actual Total Time": 36.338,
                                  "Actual Rows": 609696,
                                  "Actual Loops": 1,
                                  "Index Cond": "(keyword_id > 30273)"
                                }
                              ]
                            },
                            {
                              "Node Type": "Hash",
                              "Parent Relationship": "Inner",
                              "Parallel Aware": true,
                              "Startup Cost": 45479.59,
                              "Total Cost": 45479.59,
                              "Plan Rows": 154178,
                              "Plan Width": 4,
                              "Actual Startup Time": 168.585,
                              "Actual Total Time": 168.586,
                              "Actual Rows": 173714,
                              "Actual Loops": 3,
                              "Hash Buckets": 1048576,
                              "Original Hash Buckets": 1048576,
                              "Hash Batches": 1,
                              "Original Hash Batches": 1,
                              "Peak Memory Usage": 28608,
                              "Plans": [
                                {
                                  "Node Type": "Seq Scan",
                                  "Parent Relationship": "Outer",
                                  "Parallel Aware": true,
                                  "Relation Name": "title",
                                  "Alias": "t",
                                  "Startup Cost": 0.0,
                                  "Total Cost": 45479.59,
                                  "Plan Rows": 154178,
                                  "Plan Width": 4,
                                  "Actual Startup Time": 0.023,
                                  "Actual Total Time": 114.144,
                                  "Actual Rows": 173714,
                                  "Actual Loops": 3,
                                  "Filter": "((production_year < 2000) AND (kind_id = 7))",
                                  "Rows Removed by Filter": 669057
                                }
                              ]
                            }
                          ]
                        }
                      ]
                    }
                  ]
                }
              ]
            }
          ]
        }
      ]
    },
    "Planning Time": 0.434,
    "Triggers": [],
    "Execution Time": 412.411
  }
]