[
  {
    "Plan": {
      "Node Type": "Aggregate",
      "Strategy": "Plain",
      "Partial Mode": "Finalize",
      "Parallel Aware": false,
      "Startup Cost": 44688.3,
      "Total Cost": 44688.31,
      "Plan Rows": 1,
      "Plan Width": 8,
      "Actual Startup Time": 138.437,
      "Actual Total Time": 147.727,
      "Actual Rows": 1,
      "Actual Loops": 1,
      "Plans": [
        {
          "Node Type": "Gather",
          "Parent Relationship": "Outer",
          "Parallel Aware": false,
          "Startup Cost": 44687.98,
          "Total Cost": 44688.29,
          "Plan Rows": 3,
          "Plan Width": 8,
          "Actual Startup Time": 138.337,
          "Actual Total Time": 147.719,
          "Actual Rows": 4,
          "Actual Loops": 1,
          "Workers Planned": 3,
          "Workers Launched": 3,
          "Single Copy": false,
          "Plans": [
            {
              "Node Type": "Aggregate",
              "Strategy": "Plain",
              "Partial Mode": "Partial",
              "Parent Relationship": "Outer",
              "Parallel Aware": false,
              "Startup Cost": 43687.98,
              "Total Cost": 43687.99,
              "Plan Rows": 1,
              "Plan Width": 8,
              "Actual Startup Time": 130.301,
              "Actual Total Time": 130.302,
              "Actual Rows": 1,
              "Actual Loops": 4,
              "Plans": [
                {
                  "Node Type": "Seq Scan",
                  "Parent Relationship": "Outer",
                  "Parallel Aware": true,
                  "Relation Name": "movie_keyword",
                  "Alias": "mk",
                  "Startup Cost": 0.0,
                  "Total Cost": 42695.65,
                  "Plan Rows": 396931,
                  "Plan Width": 0,
                  "Actual Startup Time": 2.476,
                  "Actual Total Time": 113.542,
                  "Actual Rows": 309132,
                  "Actual Loops": 4,
                  "Filter": "(keyword_id > 14635)",
                  "Rows Removed by Filter": 821850
                }
              ]
            }
          ]
        }
      ]
    },
    "Planning Time": 0.145,
    "Triggers": [],
    "Execution Time": 147.775
  }
]