[
  {
    "Plan": {
      "Node Type": "Aggregate",
      "Strategy": "Plain",
      "Partial Mode": "Finalize",
      "Parallel Aware": false,
      "Startup Cost": 347363.6,
      "Total Cost": 347363.61,
      "Plan Rows": 1,
      "Plan Width": 8,
      "Actual Startup Time": 711.238,
      "Actual Total Time": 754.302,
      "Actual Rows": 1,
      "Actual Loops": 1,
      "Plans": [
        {
          "Node Type": "Gather",
          "Parent Relationship": "Outer",
          "Parallel Aware": false,
          "Startup Cost": 347362.98,
          "Total Cost": 347363.59,
          "Plan Rows": 6,
          "Plan Width": 8,
          "Actual Startup Time": 711.001,
          "Actual Total Time": 754.29,
          "Actual Rows": 7,
          "Actual Loops": 1,
          "Workers Planned": 6,
          "Workers Launched": 6,
          "Single Copy": false,
          "Plans": [
            {
              "Node Type": "Aggregate",
              "Strategy": "Plain",
              "Partial Mode": "Partial",
              "Parent Relationship": "Outer",
              "Parallel Aware": false,
              "Startup Cost": 346362.98,
              "Total Cost": 346362.99,
              "Plan Rows": 1,
              "Plan Width": 8,
              "Actual Startup Time": 702.961,
              "Actual Total Time": 702.963,
              "Actual Rows": 1,
              "Actual Loops": 7,
              "Plans": [
                {
                  "Node Type": "Seq Scan",
                  "Parent Relationship": "Outer",
                  "Parallel Aware": true,
                  "Relation Name": "cast_info",
                  "Alias": "ci",
                  "Startup Cost": 0.0,
                  "Total Cost": 343316.27,
                  "Plan Rows": 1218683,
                  "Plan Width": 0,
                  "Actual Startup Time": 332.195,
                  "Actual Total Time": 630.439,
                  "Actual Rows": 1560604,
                  "Actual Loops": 7,
                  "Filter": "((person_id > 2004180) AND (role_id > 2))",
                  "Rows Removed by Filter": 3617160
                }
              ]
            }
          ]
        }
      ]
    },
    "Planning Time": 0.228,
    "Triggers": [],
    "Execution Time": 754.39
  }
]