[
    {
        "Bao": {
            "Bao prediction": "NaN",
            "Bao recommended hint": "(no hint)"
        }
    },
    {
        "Plan": {
            "Node Type": "Aggregate",
            "Strategy": "Plain",
            "Partial Mode": "Finalize",
            "Parallel Aware": false,
            "Startup Cost": 250728.07,
            "Total Cost": 250728.08,
            "Plan Rows": 1,
            "Plan Width": 8,
            "Actual Startup Time": 622.579,
            "Actual Total Time": 647.983,
            "Actual Rows": 1,
            "Actual Loops": 1,
            "Output": [
                "count(*)"
            ],
            "Plans": [
                {
                    "Node Type": "Gather",
                    "Parent Relationship": "Outer",
                    "Parallel Aware": false,
                    "Startup Cost": 250727.55,
                    "Total Cost": 250728.06,
                    "Plan Rows": 5,
                    "Plan Width": 8,
                    "Actual Startup Time": 621.829,
                    "Actual Total Time": 647.974,
                    "Actual Rows": 6,
                    "Actual Loops": 1,
                    "Output": [
                        "(PARTIAL count(*))"
                    ],
                    "Workers Planned": 5,
                    "Workers Launched": 5,
                    "Single Copy": false,
                    "Plans": [
                        {
                            "Node Type": "Aggregate",
                            "Strategy": "Plain",
                            "Partial Mode": "Partial",
                            "Parent Relationship": "Outer",
                            "Parallel Aware": false,
                            "Startup Cost": 249727.55,
                            "Total Cost": 249727.56,
                            "Plan Rows": 1,
                            "Plan Width": 8,
                            "Actual Startup Time": 611.57,
                            "Actual Total Time": 611.573,
                            "Actual Rows": 1,
                            "Actual Loops": 6,
                            "Output": [
                                "PARTIAL count(*)"
                            ],
                            "Workers": [
                                {
                                    "Worker Number": 0,
                                    "Actual Startup Time": 608.974,
                                    "Actual Total Time": 608.977,
                                    "Actual Rows": 1,
                                    "Actual Loops": 1
                                },
                                {
                                    "Worker Number": 1,
                                    "Actual Startup Time": 609.494,
                                    "Actual Total Time": 609.498,
                                    "Actual Rows": 1,
                                    "Actual Loops": 1
                                },
                                {
                                    "Worker Number": 2,
                                    "Actual Startup Time": 609.54,
                                    "Actual Total Time": 609.542,
                                    "Actual Rows": 1,
                                    "Actual Loops": 1
                                },
                                {
                                    "Worker Number": 3,
                                    "Actual Startup Time": 609.901,
                                    "Actual Total Time": 609.905,
                                    "Actual Rows": 1,
                                    "Actual Loops": 1
                                },
                                {
                                    "Worker Number": 4,
                                    "Actual Startup Time": 610.023,
                                    "Actual Total Time": 610.025,
                                    "Actual Rows": 1,
                                    "Actual Loops": 1
                                }
                            ],
                            "Plans": [
                                {
                                    "Node Type": "Hash Join",
                                    "Parent Relationship": "Outer",
                                    "Parallel Aware": true,
                                    "Join Type": "Inner",
                                    "Startup Cost": 45729.12,
                                    "Total Cost": 249577.89,
                                    "Plan Rows": 59864,
                                    "Plan Width": 0,
                                    "Actual Startup Time": 99.057,
                                    "Actual Total Time": 609.203,
                                    "Actual Rows": 34174,
                                    "Actual Loops": 6,
                                    "Inner Unique": true,
                                    "Hash Cond": "(mi.movie_id = t.id)",
                                    "Workers": [
                                        {
                                            "Worker Number": 0,
                                            "Actual Startup Time": 96.446,
                                            "Actual Total Time": 606.541,
                                            "Actual Rows": 24763,
                                            "Actual Loops": 1
                                        },
                                        {
                                            "Worker Number": 1,
                                            "Actual Startup Time": 96.967,
                                            "Actual Total Time": 606.992,
                                            "Actual Rows": 25511,
                                            "Actual Loops": 1
                                        },
                                        {
                                            "Worker Number": 2,
                                            "Actual Startup Time": 97.0,
                                            "Actual Total Time": 607.272,
                                            "Actual Rows": 38658,
                                            "Actual Loops": 1
                                        },
                                        {
                                            "Worker Number": 3,
                                            "Actual Startup Time": 97.361,
                                            "Actual Total Time": 607.39,
                                            "Actual Rows": 25432,
                                            "Actual Loops": 1
                                        },
                                        {
                                            "Worker Number": 4,
                                            "Actual Startup Time": 97.449,
                                            "Actual Total Time": 607.703,
                                            "Actual Rows": 38969,
                                            "Actual Loops": 1
                                        }
                                    ],
                                    "Plans": [
                                        {
                                            "Node Type": "Seq Scan",
                                            "Parent Relationship": "Outer",
                                            "Parallel Aware": true,
                                            "Relation Name": "movie_info",
                                            "Schema": "public",
                                            "Alias": "mi",
                                            "Startup Cost": 0.0,
                                            "Total Cost": 198880.74,
                                            "Plan Rows": 1892579,
                                            "Plan Width": 4,
                                            "Actual Startup Time": 15.597,
                                            "Actual Total Time": 344.964,
                                            "Actual Rows": 1570867,
                                            "Actual Loops": 6,
                                            "Output": [
                                                "mi.id",
                                                "mi.movie_id",
                                                "mi.info_type_id",
                                                "mi.info",
                                                "mi.note"
                                            ],
                                            "Filter": "(mi.info_type_id > 5)",
                                            "Rows Removed by Filter": 901753,
                                            "Workers": [
                                                {
                                                    "Worker Number": 0,
                                                    "Actual Startup Time": 15.614,
                                                    "Actual Total Time": 348.63,
                                                    "Actual Rows": 1156975,
                                                    "Actual Loops": 1
                                                },
                                                {
                                                    "Worker Number": 1,
                                                    "Actual Startup Time": 15.587,
                                                    "Actual Total Time": 348.641,
                                                    "Actual Rows": 1163806,
                                                    "Actual Loops": 1
                                                },
                                                {
                                                    "Worker Number": 2,
                                                    "Actual Startup Time": 15.584,
                                                    "Actual Total Time": 348.397,
                                                    "Actual Rows": 1807521,
                                                    "Actual Loops": 1
                                                },
                                                {
                                                    "Worker Number": 3,
                                                    "Actual Startup Time": 15.591,
                                                    "Actual Total Time": 347.402,
                                                    "Actual Rows": 1151449,
                                                    "Actual Loops": 1
                                                },
                                                {
                                                    "Worker Number": 4,
                                                    "Actual Startup Time": 15.603,
                                                    "Actual Total Time": 342.615,
                                                    "Actual Rows": 1818234,
                                                    "Actual Loops": 1
                                                }
                                            ]
                                        },
                                        {
                                            "Node Type": "Hash",
                                            "Parent Relationship": "Inner",
                                            "Parallel Aware": true,
                                            "Startup Cost": 45479.21,
                                            "Total Cost": 45479.21,
                                            "Plan Rows": 19993,
                                            "Plan Width": 4,
                                            "Actual Startup Time": 82.489,
                                            "Actual Total Time": 82.49,
                                            "Actual Rows": 15385,
                                            "Actual Loops": 6,
                                            "Output": [
                                                "t.id"
                                            ],
                                            "Hash Buckets": 131072,
                                            "Original Hash Buckets": 131072,
                                            "Hash Batches": 1,
                                            "Original Hash Batches": 1,
                                            "Peak Memory Usage": 4736,
                                            "Workers": [
                                                {
                                                    "Worker Number": 0,
                                                    "Actual Startup Time": 80.001,
                                                    "Actual Total Time": 80.002,
                                                    "Actual Rows": 10080,
                                                    "Actual Loops": 1
                                                },
                                                {
                                                    "Worker Number": 1,
                                                    "Actual Startup Time": 80.451,
                                                    "Actual Total Time": 80.452,
                                                    "Actual Rows": 10077,
                                                    "Actual Loops": 1
                                                },
                                                {
                                                    "Worker Number": 2,
                                                    "Actual Startup Time": 80.615,
                                                    "Actual Total Time": 80.615,
                                                    "Actual Rows": 13235,
                                                    "Actual Loops": 1
                                                },
                                                {
                                                    "Worker Number": 3,
                                                    "Actual Startup Time": 80.904,
                                                    "Actual Total Time": 80.905,
                                                    "Actual Rows": 10295,
                                                    "Actual Loops": 1
                                                },
                                                {
                                                    "Worker Number": 4,
                                                    "Actual Startup Time": 80.944,
                                                    "Actual Total Time": 80.945,
                                                    "Actual Rows": 13841,
                                                    "Actual Loops": 1
                                                }
                                            ],
                                            "Plans": [
                                                {
                                                    "Node Type": "Seq Scan",
                                                    "Parent Relationship": "Outer",
                                                    "Parallel Aware": true,
                                                    "Relation Name": "title",
                                                    "Schema": "public",
                                                    "Alias": "t",
                                                    "Startup Cost": 0.0,
                                                    "Total Cost": 45479.21,
                                                    "Plan Rows": 19993,
                                                    "Plan Width": 4,
                                                    "Actual Startup Time": 0.063,
                                                    "Actual Total Time": 75.229,
                                                    "Actual Rows": 15385,
                                                    "Actual Loops": 6,
                                                    "Output": [
                                                        "t.id"
                                                    ],
                                                    "Filter": "((t.kind_id > 1) AND (t.production_year = 2006))",
                                                    "Rows Removed by Filter": 406000,
                                                    "Workers": [
                                                        {
                                                            "Worker Number": 0,
                                                            "Actual Startup Time": 0.067,
                                                            "Actual Total Time": 73.068,
                                                            "Actual Rows": 10080,
                                                            "Actual Loops": 1
                                                        },
                                                        {
                                                            "Worker Number": 1,
                                                            "Actual Startup Time": 0.105,
                                                            "Actual Total Time": 73.074,
                                                            "Actual Rows": 10077,
                                                            "Actual Loops": 1
                                                        },
                                                        {
                                                            "Worker Number": 2,
                                                            "Actual Startup Time": 0.061,
                                                            "Actual Total Time": 74.114,
                                                            "Actual Rows": 13235,
                                                            "Actual Loops": 1
                                                        },
                                                        {
                                                            "Worker Number": 3,
                                                            "Actual Startup Time": 0.071,
                                                            "Actual Total Time": 74.309,
                                                            "Actual Rows": 10295,
                                                            "Actual Loops": 1
                                                        },
                                                        {
                                                            "Worker Number": 4,
                                                            "Actual Startup Time": 0.061,
                                                            "Actual Total Time": 74.044,
                                                            "Actual Rows": 13841,
                                                            "Actual Loops": 1
                                                        }
                                                    ]
                                                }
                                            ]
                                        }
                                    ]
                                }
                            ]
                        }
                    ]
                }
            ]
        },
        "Planning Time": 173.251,
        "Triggers": [],
        "Execution Time": 648.038
    }
]