{
  "Plan": {
    "Node Type": "Hash Join",
    "Parallel Aware": false,
    "Join Type": "Inner",
    "Startup Cost": 220350.54,
    "Total Cost": 228301.54,
    "Plan Rows": 518519,
    "Plan Width": 4,
    "Actual Startup Time": 1182.266,
    "Actual Total Time": 1281.657,
    "Actual Rows": 521808,
    "Actual Loops": 1,
    "Inner Unique": false,
    "Hash Cond": "(kt.id = t.kind_id)",
    "Plans": [
      {
        "Node Type": "Seq Scan",
        "Parent Relationship": "Outer",
        "Parallel Aware": false,
        "Relation Name": "kind_type",
        "Alias": "kt",
        "Startup Cost": 0.0,
        "Total Cost": 1.07,
        "Plan Rows": 7,
        "Plan Width": 4,
        "Actual Startup Time": 0.011,
        "Actual Total Time": 0.023,
        "Actual Rows": 7,
        "Actual Loops": 1
      },
      {
        "Node Type": "Hash",
        "Parent Relationship": "Inner",
        "Parallel Aware": false,
        "Startup Cost": 213869.05,
        "Total Cost": 213869.05,
        "Plan Rows": 518519,
        "Plan Width": 8,
        "Actual Startup Time": 1176.017,
        "Actual Total Time": 1188.984,
        "Actual Rows": 521808,
        "Actual Loops": 1,
        "Hash Buckets": 524288,
        "Original Hash Buckets": 524288,
        "Hash Batches": 1,
        "Original Hash Batches": 1,
        "Peak Memory Usage": 24480,
        "Plans": [
          {
            "Node Type": "Hash Join",
            "Parent Relationship": "Outer",
            "Parallel Aware": false,
            "Join Type": "Inner",
            "Startup Cost": 206090.22,
            "Total Cost": 213869.05,
            "Plan Rows": 518519,
            "Plan Width": 8,
            "Actual Startup Time": 986.514,
            "Actual Total Time": 1074.496,
            "Actual Rows": 521808,
            "Actual Loops": 1,
            "Inner Unique": false,
            "Hash Cond": "(ct.id = mc.company_type_id)",
            "Plans": [
              {
                "Node Type": "Seq Scan",
                "Parent Relationship": "Outer",
                "Parallel Aware": false,
                "Relation Name": "company_type",
                "Alias": "ct",
                "Startup Cost": 0.0,
                "Total Cost": 1.04,
                "Plan Rows": 4,
                "Plan Width": 4,
                "Actual Startup Time": 0.015,
                "Actual Total Time": 0.024,
                "Actual Rows": 4,
                "Actual Loops": 1
              },
              {
                "Node Type": "Hash",
                "Parent Relationship": "Inner",
                "Parallel Aware": false,
                "Startup Cost": 199608.73,
                "Total Cost": 199608.73,
                "Plan Rows": 518519,
                "Plan Width": 12,
                "Actual Startup Time": 980.424,
                "Actual Total Time": 993.388,
                "Actual Rows": 521808,
                "Actual Loops": 1,
                "Hash Buckets": 524288,
                "Original Hash Buckets": 524288,
                "Hash Batches": 1,
                "Original Hash Batches": 1,
                "Peak Memory Usage": 26518,
                "Plans": [
                  {
                    "Node Type": "Merge Join",
                    "Parent Relationship": "Outer",
                    "Parallel Aware": false,
                    "Join Type": "Inner",
                    "Startup Cost": 179449.06,
                    "Total Cost": 199608.73,
                    "Plan Rows": 518519,
                    "Plan Width": 12,
                    "Actual Startup Time": 661.017,
                    "Actual Total Time": 853.617,
                    "Actual Rows": 521808,
                    "Actual Loops": 1,
                    "Inner Unique": false,
                    "Merge Cond": "(cn.id = mc.company_id)",
                    "Plans": [
                      {
                        "Node Type": "Index Only Scan",
                        "Parent Relationship": "Outer",
                        "Parallel Aware": false,
                        "Scan Direction": "Forward",
                        "Index Name": "company_name_pkey",
                        "Relation Name": "company_name",
                        "Alias": "cn",
                        "Startup Cost": 0.42,
                        "Total Cost": 11881.93,
                        "Plan Rows": 234997,
                        "Plan Width": 4,
                        "Actual Startup Time": 0.101,
                        "Actual Total Time": 3.392,
                        "Actual Rows": 476,
                        "Actual Loops": 1,
                        "Heap Fetches": 476
                      },
                      {
                        "Node Type": "Sort",
                        "Parent Relationship": "Inner",
                        "Parallel Aware": false,
                        "Startup Cost": 179369.37,
                        "Total Cost": 180665.67,
                        "Plan Rows": 518519,
                        "Plan Width": 12,
                        "Actual Startup Time": 660.903,
                        "Actual Total Time": 754.351,
                        "Actual Rows": 521808,
                        "Actual Loops": 1,
                        "Sort Key": [
                          "mc.company_id"
                        ],
                        "Sort Method": "quicksort",
                        "Sort Space Used": 36748,
                        "Sort Space Type": "Memory",
                        "Plans": [
                          {
                            "Node Type": "Gather",
                            "Parent Relationship": "Outer",
                            "Parallel Aware": false,
                            "Startup Cost": 32401.48,
                            "Total Cost": 130151.45,
                            "Plan Rows": 518519,
                            "Plan Width": 12,
                            "Actual Startup Time": 205.278,
                            "Actual Total Time": 502.263,
                            "Actual Rows": 521808,
                            "Actual Loops": 1,
                            "Workers Planned": 4,
                            "Workers Launched": 4,
                            "Single Copy": false,
                            "Plans": [
                              {
                                "Node Type": "Hash Join",
                                "Parent Relationship": "Outer",
                                "Parallel Aware": true,
                                "Join Type": "Inner",
                                "Startup Cost": 31401.48,
                                "Total Cost": 77299.55,
                                "Plan Rows": 129630,
                                "Plan Width": 12,
                                "Actual Startup Time": 193.524,
                                "Actual Total Time": 534.209,
                                "Actual Rows": 104362,
                                "Actual Loops": 5,
                                "Inner Unique": false,
                                "Hash Cond": "(t.id = mc.movie_id)",
                                "Plans": [
                                  {
                                    "Node Type": "Seq Scan",
                                    "Parent Relationship": "Outer",
                                    "Parallel Aware": true,
                                    "Relation Name": "title",
                                    "Alias": "t",
                                    "Startup Cost": 0.0,
                                    "Total Cost": 42319.27,
                                    "Plan Rows": 632127,
                                    "Plan Width": 8,
                                    "Actual Startup Time": 0.043,
                                    "Actual Total Time": 136.813,
                                    "Actual Rows": 505662,
                                    "Actual Loops": 5
                                  },
                                  {
                                    "Node Type": "Hash",
                                    "Parent Relationship": "Inner",
                                    "Parallel Aware": true,
                                    "Startup Cost": 29310.68,
                                    "Total Cost": 29310.68,
                                    "Plan Rows": 167264,
                                    "Plan Width": 12,
                                    "Actual Startup Time": 190.655,
                                    "Actual Total Time": 190.656,
                                    "Actual Rows": 104362,
                                    "Actual Loops": 5,
                                    "Hash Buckets": 524288,
                                    "Original Hash Buckets": 524288,
                                    "Hash Batches": 1,
                                    "Original Hash Batches": 1,
                                    "Peak Memory Usage": 28640,
                                    "Plans": [
                                      {
                                        "Node Type": "Seq Scan",
                                        "Parent Relationship": "Outer",
                                        "Parallel Aware": true,
                                        "Relation Name": "movie_companies",
                                        "Alias": "mc",
                                        "Startup Cost": 0.0,
                                        "Total Cost": 29310.68,
                                        "Plan Rows": 167264,
                                        "Plan Width": 12,
                                        "Actual Startup Time": 0.067,
                                        "Actual Total Time": 123.129,
                                        "Actual Rows": 104362,
                                        "Actual Loops": 5,
                                        "Filter": "(company_id < 476)",
                                        "Rows Removed by Filter": 417464
                                      }
                                    ]
                                  }
                                ]
                              }
                            ]
                          }
                        ]
                      }
                    ]
                  }
                ]
              }
            ]
          }
        ]
      }
    ]
  },
  "Planning Time": 7.589,
  "Triggers": [],
  "Execution Time": 1320.918
}