[
  {
    "Plan": {
      "Node Type": "Aggregate",
      "Strategy": "Plain",
      "Partial Mode": "Finalize",
      "Parallel Aware": false,
      "Startup Cost": 58619.09,
      "Total Cost": 58619.1,
      "Plan Rows": 1,
      "Plan Width": 8,
      "Actual Startup Time": 101.727,
      "Actual Total Time": 114.398,
      "Actual Rows": 1,
      "Actual Loops": 1,
      "Plans": [
        {
          "Node Type": "Gather",
          "Parent Relationship": "Outer",
          "Parallel Aware": false,
          "Startup Cost": 58618.67,
          "Total Cost": 58619.08,
          "Plan Rows": 4,
          "Plan Width": 8,
          "Actual Startup Time": 101.601,
          "Actual Total Time": 114.389,
          "Actual Rows": 5,
          "Actual Loops": 1,
          "Workers Planned": 4,
          "Workers Launched": 4,
          "Single Copy": false,
          "Plans": [
            {
              "Node Type": "Aggregate",
              "Strategy": "Plain",
              "Partial Mode": "Partial",
              "Parent Relationship": "Outer",
              "Parallel Aware": false,
              "Startup Cost": 57618.67,
              "Total Cost": 57618.68,
              "Plan Rows": 1,
              "Plan Width": 8,
              "Actual Startup Time": 91.875,
              "Actual Total Time": 91.877,
              "Actual Rows": 1,
              "Actual Loops": 5,
              "Plans": [
                {
                  "Node Type": "Nested Loop",
                  "Parent Relationship": "Outer",
                  "Parallel Aware": false,
                  "Join Type": "Inner",
                  "Startup Cost": 0.43,
                  "Total Cost": 57615.59,
                  "Plan Rows": 1230,
                  "Plan Width": 0,
                  "Actual Startup Time": 0.471,
                  "Actual Total Time": 91.8,
                  "Actual Rows": 662,
                  "Actual Loops": 5,
                  "Inner Unique": false,
                  "Plans": [
                    {
                      "Node Type": "Seq Scan",
                      "Parent Relationship": "Outer",
                      "Parallel Aware": true,
                      "Relation Name": "title",
                      "Alias": "t",
                      "Startup Cost": 0.0,
                      "Total Cost": 45479.1,
                      "Plan Rows": 2254,
                      "Plan Width": 4,
                      "Actual Startup Time": 0.128,
                      "Actual Total Time": 82.83,
                      "Actual Rows": 1579,
                      "Actual Loops": 5,
                      "Filter": "((kind_id = 7) AND (production_year = 1982))",
                      "Rows Removed by Filter": 504083
                    },
                    {
                      "Node Type": "Index Only Scan",
                      "Parent Relationship": "Inner",
                      "Parallel Aware": false,
                      "Scan Direction": "Forward",
                      "Index Name": "movie_id_movie_info_idx",
                      "Relation Name": "movie_info_idx",
                      "Alias": "mi_idx",
                      "Startup Cost": 0.43,
                      "Total Cost": 5.35,
                      "Plan Rows": 3,
                      "Plan Width": 4,
                      "Actual Startup Time": 0.005,
                      "Actual Total Time": 0.005,
                      "Actual Rows": 0,
                      "Actual Loops": 7895,
                      "Index Cond": "(movie_id = t.id)",
                      "Rows Removed by Index Recheck": 0,
                      "Heap Fetches": 3309
                    }
                  ]
                }
              ]
            }
          ]
        }
      ]
    },
    "Planning Time": 0.613,
    "Triggers": [],
    "Execution Time": 114.477
  }
]