{
  "Plan": {
    "Node Type": "Aggregate",
    "Strategy": "Plain",
    "Partial Mode": "Finalize",
    "Parallel Aware": false,
    "Startup Cost": 102496.96,
    "Total Cost": 102496.97,
    "Plan Rows": 1,
    "Plan Width": 8,
    "Actual Startup Time": 437.731,
    "Actual Total Time": 456.403,
    "Actual Rows": 1,
    "Actual Loops": 1,
    "Plans": [
      {
        "Node Type": "Gather",
        "Parent Relationship": "Outer",
        "Parallel Aware": false,
        "Startup Cost": 102496.84,
        "Total Cost": 102496.95,
        "Plan Rows": 1,
        "Plan Width": 8,
        "Actual Startup Time": 436.948,
        "Actual Total Time": 456.395,
        "Actual Rows": 2,
        "Actual Loops": 1,
        "Workers Planned": 1,
        "Workers Launched": 1,
        "Single Copy": false,
        "Plans": [
          {
            "Node Type": "Aggregate",
            "Strategy": "Plain",
            "Partial Mode": "Partial",
            "Parent Relationship": "Outer",
            "Parallel Aware": false,
            "Startup Cost": 101496.84,
            "Total Cost": 101496.85,
            "Plan Rows": 1,
            "Plan Width": 8,
            "Actual Startup Time": 430.633,
            "Actual Total Time": 430.825,
            "Actual Rows": 1,
            "Actual Loops": 2,
            "Plans": [
              {
                "Node Type": "Nested Loop",
                "Parent Relationship": "Outer",
                "Parallel Aware": false,
                "Join Type": "Inner",
                "Startup Cost": 27305.64,
                "Total Cost": 101484.06,
                "Plan Rows": 5115,
                "Plan Width": 0,
                "Actual Startup Time": 112.527,
                "Actual Total Time": 429.323,
                "Actual Rows": 20404,
                "Actual Loops": 2,
                "Inner Unique": false,
                "Plans": [
                  {
                    "Node Type": "Hash Join",
                    "Parent Relationship": "Outer",
                    "Parallel Aware": true,
                    "Join Type": "Inner",
                    "Startup Cost": 27305.22,
                    "Total Cost": 85705.89,
                    "Plan Rows": 28445,
                    "Plan Width": 8,
                    "Actual Startup Time": 112.41,
                    "Actual Total Time": 336.867,
                    "Actual Rows": 30658,
                    "Actual Loops": 2,
                    "Inner Unique": false,
                    "Hash Cond": "(t.id = mc.movie_id)",
                    "Plans": [
                      {
                        "Node Type": "Seq Scan",
                        "Parent Relationship": "Outer",
                        "Parallel Aware": true,
                        "Relation Name": "title",
                        "Alias": "t",
                        "Startup Cost": 0.0,
                        "Total Cost": 54588.39,
                        "Plan Rows": 583193,
                        "Plan Width": 4,
                        "Actual Startup Time": 0.012,
                        "Actual Total Time": 133.503,
                        "Actual Rows": 492524,
                        "Actual Loops": 2,
                        "Filter": "(kind_id < 7)",
                        "Rows Removed by Filter": 771632
                      },
                      {
                        "Node Type": "Hash",
                        "Parent Relationship": "Inner",
                        "Parallel Aware": true,
                        "Startup Cost": 26398.47,
                        "Total Cost": 26398.47,
                        "Plan Rows": 72540,
                        "Plan Width": 4,
                        "Actual Startup Time": 110.002,
                        "Actual Total Time": 110.003,
                        "Actual Rows": 95315,
                        "Actual Loops": 2,
                        "Hash Buckets": 262144,
                        "Original Hash Buckets": 131072,
                        "Hash Batches": 1,
                        "Original Hash Batches": 1,
                        "Peak Memory Usage": 10560,
                        "Plans": [
                          {
                            "Node Type": "Bitmap Heap Scan",
                            "Parent Relationship": "Outer",
                            "Parallel Aware": true,
                            "Relation Name": "movie_companies",
                            "Alias": "mc",
                            "Startup Cost": 5398.08,
                            "Total Cost": 26398.47,
                            "Plan Rows": 72540,
                            "Plan Width": 4,
                            "Actual Startup Time": 27.721,
                            "Actual Total Time": 81.982,
                            "Actual Rows": 95315,
                            "Actual Loops": 2,
                            "Recheck Cond": "(company_id < 119)",
                            "Rows Removed by Index Recheck": 0,
                            "Filter": "(company_type_id < 2)",
                            "Rows Removed by Filter": 29146,
                            "Exact Heap Blocks": 12232,
                            "Lossy Heap Blocks": 0,
                            "Plans": [
                              {
                                "Node Type": "Bitmap Index Scan",
                                "Parent Relationship": "Outer",
                                "Parallel Aware": false,
                                "Index Name": "company_id_movie_companies",
                                "Startup Cost": 0.0,
                                "Total Cost": 5367.26,
                                "Plan Rows": 250510,
                                "Plan Width": 0,
                                "Actual Startup Time": 27.707,
                                "Actual Total Time": 27.708,
                                "Actual Rows": 248921,
                                "Actual Loops": 1,
                                "Index Cond": "(company_id < 119)"
                              }
                            ]
                          }
                        ]
                      }
                    ]
                  },
                  {
                    "Node Type": "Index Scan",
                    "Parent Relationship": "Inner",
                    "Parallel Aware": false,
                    "Scan Direction": "Forward",
                    "Index Name": "movie_id_movie_info_idx",
                    "Relation Name": "movie_info_idx",
                    "Alias": "mi_idx",
                    "Startup Cost": 0.43,
                    "Total Cost": 0.54,
                    "Plan Rows": 1,
                    "Plan Width": 4,
                    "Actual Startup Time": 0.003,
                    "Actual Total Time": 0.003,
                    "Actual Rows": 1,
                    "Actual Loops": 61317,
                    "Index Cond": "(movie_id = t.id)",
                    "Rows Removed by Index Recheck": 0,
                    "Filter": "(info_type_id = 99)",
                    "Rows Removed by Filter": 1
                  }
                ]
              }
            ]
          }
        ]
      }
    ]
  },
  "Planning Time": 1.003,
  "Triggers": [],
  "Execution Time": 456.508
}