[
  {
    "Plan": {
      "Node Type": "Aggregate",
      "Strategy": "Plain",
      "Partial Mode": "Finalize",
      "Parallel Aware": false,
      "Startup Cost": 32765.03,
      "Total Cost": 32765.04,
      "Plan Rows": 1,
      "Plan Width": 8,
      "Actual Startup Time": 72.311,
      "Actual Total Time": 80.557,
      "Actual Rows": 1,
      "Actual Loops": 1,
      "Plans": [
        {
          "Node Type": "Gather",
          "Parent Relationship": "Outer",
          "Parallel Aware": false,
          "Startup Cost": 32764.71,
          "Total Cost": 32765.02,
          "Plan Rows": 3,
          "Plan Width": 8,
          "Actual Startup Time": 72.181,
          "Actual Total Time": 80.548,
          "Actual Rows": 4,
          "Actual Loops": 1,
          "Workers Planned": 3,
          "Workers Launched": 3,
          "Single Copy": false,
          "Plans": [
            {
              "Node Type": "Aggregate",
              "Strategy": "Plain",
              "Partial Mode": "Partial",
              "Parent Relationship": "Outer",
              "Parallel Aware": false,
              "Startup Cost": 31764.71,
              "Total Cost": 31764.72,
              "Plan Rows": 1,
              "Plan Width": 8,
              "Actual Startup Time": 68.553,
              "Actual Total Time": 68.555,
              "Actual Rows": 1,
              "Actual Loops": 4,
              "Plans": [
                {
                  "Node Type": "Seq Scan",
                  "Parent Relationship": "Outer",
                  "Parallel Aware": true,
                  "Relation Name": "movie_companies",
                  "Alias": "mc",
                  "Startup Cost": 0.0,
                  "Total Cost": 31414.82,
                  "Plan Rows": 139958,
                  "Plan Width": 0,
                  "Actual Startup Time": 16.805,
                  "Actual Total Time": 67.062,
                  "Actual Rows": 27234,
                  "Actual Loops": 4,
                  "Filter": "((company_id > 22982) AND (company_type_id < 2))",
                  "Rows Removed by Filter": 625049
                }
              ]
            }
          ]
        }
      ]
    },
    "Planning Time": 0.209,
    "Triggers": [],
    "Execution Time": 80.61
  }
]