[
  {
    "Plan": {
      "Node Type": "Aggregate",
      "Strategy": "Plain",
      "Partial Mode": "Finalize",
      "Parallel Aware": false,
      "Startup Cost": 331037.15,
      "Total Cost": 331037.16,
      "Plan Rows": 1,
      "Plan Width": 8,
      "Actual Startup Time": 570.864,
      "Actual Total Time": 625.548,
      "Actual Rows": 1,
      "Actual Loops": 1,
      "Plans": [
        {
          "Node Type": "Gather",
          "Parent Relationship": "Outer",
          "Parallel Aware": false,
          "Startup Cost": 331036.53,
          "Total Cost": 331037.14,
          "Plan Rows": 6,
          "Plan Width": 8,
          "Actual Startup Time": 570.715,
          "Actual Total Time": 625.536,
          "Actual Rows": 7,
          "Actual Loops": 1,
          "Workers Planned": 6,
          "Workers Launched": 6,
          "Single Copy": false,
          "Plans": [
            {
              "Node Type": "Aggregate",
              "Strategy": "Plain",
              "Partial Mode": "Partial",
              "Parent Relationship": "Outer",
              "Parallel Aware": false,
              "Startup Cost": 330036.53,
              "Total Cost": 330036.54,
              "Plan Rows": 1,
              "Plan Width": 8,
              "Actual Startup Time": 562.745,
              "Actual Total Time": 562.746,
              "Actual Rows": 1,
              "Actual Loops": 7,
              "Plans": [
                {
                  "Node Type": "Seq Scan",
                  "Parent Relationship": "Outer",
                  "Parallel Aware": true,
                  "Relation Name": "cast_info",
                  "Alias": "ci",
                  "Startup Cost": 0.0,
                  "Total Cost": 328162.03,
                  "Plan Rows": 749800,
                  "Plan Width": 0,
                  "Actual Startup Time": 0.045,
                  "Actual Total Time": 531.068,
                  "Actual Rows": 658318,
                  "Actual Loops": 7,
                  "Filter": "(person_id < 445925)",
                  "Rows Removed by Filter": 4519445
                }
              ]
            }
          ]
        }
      ]
    },
    "Planning Time": 0.201,
    "Triggers": [],
    "Execution Time": 625.619
  }
]