[
  {
    "Plan": {
      "Node Type": "Aggregate",
      "Strategy": "Plain",
      "Partial Mode": "Finalize",
      "Parallel Aware": false,
      "Startup Cost": 74604.74,
      "Total Cost": 74604.75,
      "Plan Rows": 1,
      "Plan Width": 8,
      "Actual Startup Time": 177.424,
      "Actual Total Time": 194.655,
      "Actual Rows": 1,
      "Actual Loops": 1,
      "Plans": [
        {
          "Node Type": "Gather",
          "Parent Relationship": "Outer",
          "Parallel Aware": false,
          "Startup Cost": 74604.42,
          "Total Cost": 74604.73,
          "Plan Rows": 3,
          "Plan Width": 8,
          "Actual Startup Time": 177.044,
          "Actual Total Time": 194.649,
          "Actual Rows": 4,
          "Actual Loops": 1,
          "Workers Planned": 3,
          "Workers Launched": 3,
          "Single Copy": false,
          "Plans": [
            {
              "Node Type": "Aggregate",
              "Strategy": "Plain",
              "Partial Mode": "Partial",
              "Parent Relationship": "Outer",
              "Parallel Aware": false,
              "Startup Cost": 73604.42,
              "Total Cost": 73604.43,
              "Plan Rows": 1,
              "Plan Width": 8,
              "Actual Startup Time": 167.318,
              "Actual Total Time": 167.322,
              "Actual Rows": 1,
              "Actual Loops": 4,
              "Plans": [
                {
                  "Node Type": "Nested Loop",
                  "Parent Relationship": "Outer",
                  "Parallel Aware": false,
                  "Join Type": "Inner",
                  "Startup Cost": 51310.84,
                  "Total Cost": 73600.86,
                  "Plan Rows": 1423,
                  "Plan Width": 0,
                  "Actual Startup Time": 114.177,
                  "Actual Total Time": 167.051,
                  "Actual Rows": 5181,
                  "Actual Loops": 4,
                  "Inner Unique": false,
                  "Join Filter": "(t.id = mk.movie_id)",
                  "Rows Removed by Join Filter": 0,
                  "Plans": [
                    {
                      "Node Type": "Hash Join",
                      "Parent Relationship": "Outer",
                      "Parallel Aware": true,
                      "Join Type": "Inner",
                      "Startup Cost": 51310.41,
                      "Total Cost": 71755.92,
                      "Plan Rows": 795,
                      "Plan Width": 8,
                      "Actual Startup Time": 113.916,
                      "Actual Total Time": 159.191,
                      "Actual Rows": 908,
                      "Actual Loops": 4,
                      "Inner Unique": true,
                      "Hash Cond": "(mc.movie_id = t.id)",
                      "Plans": [
                        {
                          "Node Type": "Bitmap Heap Scan",
                          "Parent Relationship": "Outer",
                          "Parallel Aware": true,
                          "Relation Name": "movie_companies",
                          "Alias": "mc",
                          "Startup Cost": 7354.08,
                          "Total Cost": 27512.27,
                          "Plan Rows": 109455,
                          "Plan Width": 4,
                          "Actual Startup Time": 17.166,
                          "Actual Total Time": 51.699,
                          "Actual Rows": 83614,
                          "Actual Loops": 4,
                          "Recheck Cond": "(company_id < 166)",
                          "Rows Removed by Index Recheck": 0,
                          "Exact Heap Blocks": 7667,
                          "Lossy Heap Blocks": 0,
                          "Plans": [
                            {
                              "Node Type": "Bitmap Index Scan",
                              "Parent Relationship": "Outer",
                              "Parallel Aware": false,
                              "Index Name": "company_id_movie_companies",
                              "Startup Cost": 0.0,
                              "Total Cost": 7269.26,
                              "Plan Rows": 339310,
                              "Plan Width": 0,
                              "Actual Startup Time": 14.528,
                              "Actual Total Time": 14.528,
                              "Actual Rows": 334457,
                              "Actual Loops": 1,
                              "Index Cond": "(company_id < 166)"
                            }
                          ]
                        },
                        {
                          "Node Type": "Hash",
                          "Parent Relationship": "Inner",
                          "Parallel Aware": true,
                          "Startup Cost": 43898.92,
                          "Total Cost": 43898.92,
                          "Plan Rows": 4593,
                          "Plan Width": 4,
                          "Actual Startup Time": 94.832,
                          "Actual Total Time": 94.833,
                          "Actual Rows": 3872,
                          "Actual Loops": 4,
                          "Hash Buckets": 32768,
                          "Original Hash Buckets": 32768,
                          "Hash Batches": 1,
                          "Original Hash Batches": 1,
                          "Peak Memory Usage": 928,
                          "Plans": [
                            {
                              "Node Type": "Seq Scan",
                              "Parent Relationship": "Outer",
                              "Parallel Aware": true,
                              "Relation Name": "title",
                              "Alias": "t",
                              "Startup Cost": 0.0,
                              "Total Cost": 43898.92,
                              "Plan Rows": 4593,
                              "Plan Width": 4,
                              "Actual Startup Time": 0.142,
                              "Actual Total Time": 92.466,
                              "Actual Rows": 3872,
                              "Actual Loops": 4,
                              "Filter": "(production_year = 1983)",
                              "Rows Removed by Filter": 628206
                            }
                          ]
                        }
                      ]
                    },
                    {
                      "Node Type": "Index Only Scan",
                      "Parent Relationship": "Inner",
                      "Parallel Aware": false,
                      "Scan Direction": "Forward",
                      "Index Name": "movie_id_movie_keyword",
                      "Relation Name": "movie_keyword",
                      "Alias": "mk",
                      "Startup Cost": 0.43,
                      "Total Cost": 1.76,
                      "Plan Rows": 45,
                      "Plan Width": 4,
                      "Actual Startup Time": 0.007,
                      "Actual Total Time": 0.008,
                      "Actual Rows": 6,
                      "Actual Loops": 3631,
                      "Index Cond": "(movie_id = mc.movie_id)",
                      "Rows Removed by Index Recheck": 0,
                      "Heap Fetches": 20725
                    }
                  ]
                }
              ]
            }
          ]
        }
      ]
    },
    "Planning Time": 1.507,
    "Triggers": [],
    "Execution Time": 194.782
  }
]