[
  {
    "Plan": {
      "Node Type": "Aggregate",
      "Strategy": "Plain",
      "Partial Mode": "Finalize",
      "Parallel Aware": false,
      "Startup Cost": 32269.34,
      "Total Cost": 32269.35,
      "Plan Rows": 1,
      "Plan Width": 8,
      "Actual Startup Time": 131.77,
      "Actual Total Time": 139.838,
      "Actual Rows": 1,
      "Actual Loops": 1,
      "Plans": [
        {
          "Node Type": "Gather",
          "Parent Relationship": "Outer",
          "Parallel Aware": false,
          "Startup Cost": 32269.02,
          "Total Cost": 32269.33,
          "Plan Rows": 3,
          "Plan Width": 8,
          "Actual Startup Time": 131.682,
          "Actual Total Time": 139.83,
          "Actual Rows": 4,
          "Actual Loops": 1,
          "Workers Planned": 3,
          "Workers Launched": 3,
          "Single Copy": false,
          "Plans": [
            {
              "Node Type": "Aggregate",
              "Strategy": "Plain",
              "Partial Mode": "Partial",
              "Parent Relationship": "Outer",
              "Parallel Aware": false,
              "Startup Cost": 31269.02,
              "Total Cost": 31269.03,
              "Plan Rows": 1,
              "Plan Width": 8,
              "Actual Startup Time": 123.031,
              "Actual Total Time": 123.032,
              "Actual Rows": 1,
              "Actual Loops": 4,
              "Plans": [
                {
                  "Node Type": "Seq Scan",
                  "Parent Relationship": "Outer",
                  "Parallel Aware": true,
                  "Relation Name": "movie_companies",
                  "Alias": "mc",
                  "Startup Cost": 0.0,
                  "Total Cost": 29310.68,
                  "Plan Rows": 783335,
                  "Plan Width": 0,
                  "Actual Startup Time": 0.049,
                  "Actual Total Time": 91.13,
                  "Actual Rows": 608148,
                  "Actual Loops": 4,
                  "Filter": "(company_id < 121531)",
                  "Rows Removed by Filter": 44135
                }
              ]
            }
          ]
        }
      ]
    },
    "Planning Time": 0.16,
    "Triggers": [],
    "Execution Time": 139.892
  }
]