{
  "Plan": {
    "Node Type": "Aggregate",
    "Strategy": "Plain",
    "Partial Mode": "Finalize",
    "Parallel Aware": false,
    "Startup Cost": 209518.96,
    "Total Cost": 209518.97,
    "Plan Rows": 1,
    "Plan Width": 8,
    "Actual Startup Time": 632.239,
    "Actual Total Time": 671.823,
    "Actual Rows": 1,
    "Actual Loops": 1,
    "Plans": [
      {
        "Node Type": "Gather",
        "Parent Relationship": "Outer",
        "Parallel Aware": false,
        "Startup Cost": 209518.85,
        "Total Cost": 209518.96,
        "Plan Rows": 1,
        "Plan Width": 8,
        "Actual Startup Time": 631.91,
        "Actual Total Time": 671.814,
        "Actual Rows": 2,
        "Actual Loops": 1,
        "Workers Planned": 1,
        "Workers Launched": 1,
        "Single Copy": false,
        "Plans": [
          {
            "Node Type": "Aggregate",
            "Strategy": "Plain",
            "Partial Mode": "Partial",
            "Parent Relationship": "Outer",
            "Parallel Aware": false,
            "Startup Cost": 208518.85,
            "Total Cost": 208518.86,
            "Plan Rows": 1,
            "Plan Width": 8,
            "Actual Startup Time": 625.783,
            "Actual Total Time": 625.788,
            "Actual Rows": 1,
            "Actual Loops": 2,
            "Plans": [
              {
                "Node Type": "Nested Loop",
                "Parent Relationship": "Outer",
                "Parallel Aware": false,
                "Join Type": "Inner",
                "Startup Cost": 25951.38,
                "Total Cost": 207602.44,
                "Plan Rows": 366564,
                "Plan Width": 0,
                "Actual Startup Time": 78.255,
                "Actual Total Time": 613.735,
                "Actual Rows": 250982,
                "Actual Loops": 2,
                "Inner Unique": false,
                "Plans": [
                  {
                    "Node Type": "Hash Join",
                    "Parent Relationship": "Outer",
                    "Parallel Aware": true,
                    "Join Type": "Inner",
                    "Startup Cost": 25950.95,
                    "Total Cost": 86485.21,
                    "Plan Rows": 62689,
                    "Plan Width": 8,
                    "Actual Startup Time": 78.193,
                    "Actual Total Time": 335.413,
                    "Actual Rows": 22796,
                    "Actual Loops": 2,
                    "Inner Unique": false,
                    "Hash Cond": "(t.id = mc.movie_id)",
                    "Plans": [
                      {
                        "Node Type": "Seq Scan",
                        "Parent Relationship": "Outer",
                        "Parallel Aware": true,
                        "Relation Name": "title",
                        "Alias": "t",
                        "Startup Cost": 0.0,
                        "Total Cost": 50870.31,
                        "Plan Rows": 1487231,
                        "Plan Width": 4,
                        "Actual Startup Time": 0.011,
                        "Actual Total Time": 117.728,
                        "Actual Rows": 1264156,
                        "Actual Loops": 2
                      },
                      {
                        "Node Type": "Hash",
                        "Parent Relationship": "Inner",
                        "Parallel Aware": true,
                        "Startup Cost": 25167.33,
                        "Total Cost": 25167.33,
                        "Plan Rows": 62689,
                        "Plan Width": 4,
                        "Actual Startup Time": 75.818,
                        "Actual Total Time": 75.82,
                        "Actual Rows": 22796,
                        "Actual Loops": 2,
                        "Hash Buckets": 131072,
                        "Original Hash Buckets": 131072,
                        "Hash Batches": 1,
                        "Original Hash Batches": 1,
                        "Peak Memory Usage": 2848,
                        "Plans": [
                          {
                            "Node Type": "Bitmap Heap Scan",
                            "Parent Relationship": "Outer",
                            "Parallel Aware": true,
                            "Relation Name": "movie_companies",
                            "Alias": "mc",
                            "Startup Cost": 4525.3,
                            "Total Cost": 25167.33,
                            "Plan Rows": 62689,
                            "Plan Width": 4,
                            "Actual Startup Time": 56.809,
                            "Actual Total Time": 70.023,
                            "Actual Rows": 22796,
                            "Actual Loops": 2,
                            "Recheck Cond": "(company_id < 69)",
                            "Rows Removed by Index Recheck": 0,
                            "Filter": "(company_type_id > 1)",
                            "Rows Removed by Filter": 82238,
                            "Exact Heap Blocks": 12971,
                            "Lossy Heap Blocks": 0,
                            "Plans": [
                              {
                                "Node Type": "Bitmap Index Scan",
                                "Parent Relationship": "Outer",
                                "Parallel Aware": false,
                                "Index Name": "company_id_movie_companies",
                                "Startup Cost": 0.0,
                                "Total Cost": 4498.66,
                                "Plan Rows": 209897,
                                "Plan Width": 0,
                                "Actual Startup Time": 23.787,
                                "Actual Total Time": 23.788,
                                "Actual Rows": 210066,
                                "Actual Loops": 1,
                                "Index Cond": "(company_id < 69)"
                              }
                            ]
                          }
                        ]
                      }
                    ]
                  },
                  {
                    "Node Type": "Index Only Scan",
                    "Parent Relationship": "Inner",
                    "Parallel Aware": false,
                    "Scan Direction": "Forward",
                    "Index Name": "movie_id_movie_info",
                    "Relation Name": "movie_info",
                    "Alias": "mi",
                    "Startup Cost": 0.43,
                    "Total Cost": 1.51,
                    "Plan Rows": 42,
                    "Plan Width": 4,
                    "Actual Startup Time": 0.004,
                    "Actual Total Time": 0.011,
                    "Actual Rows": 11,
                    "Actual Loops": 45591,
                    "Index Cond": "(movie_id = t.id)",
                    "Rows Removed by Index Recheck": 0,
                    "Heap Fetches": 501964
                  }
                ]
              }
            ]
          }
        ]
      }
    ]
  },
  "Planning Time": 0.674,
  "Triggers": [],
  "Execution Time": 671.954
}