[
  {
    "Plan": {
      "Node Type": "Aggregate",
      "Strategy": "Plain",
      "Partial Mode": "Finalize",
      "Parallel Aware": false,
      "Startup Cost": 46535.94,
      "Total Cost": 46535.95,
      "Plan Rows": 1,
      "Plan Width": 8,
      "Actual Startup Time": 94.936,
      "Actual Total Time": 106.445,
      "Actual Rows": 1,
      "Actual Loops": 1,
      "Plans": [
        {
          "Node Type": "Gather",
          "Parent Relationship": "Outer",
          "Parallel Aware": false,
          "Startup Cost": 46535.52,
          "Total Cost": 46535.93,
          "Plan Rows": 4,
          "Plan Width": 8,
          "Actual Startup Time": 94.788,
          "Actual Total Time": 106.436,
          "Actual Rows": 5,
          "Actual Loops": 1,
          "Workers Planned": 4,
          "Workers Launched": 4,
          "Single Copy": false,
          "Plans": [
            {
              "Node Type": "Aggregate",
              "Strategy": "Plain",
              "Partial Mode": "Partial",
              "Parent Relationship": "Outer",
              "Parallel Aware": false,
              "Startup Cost": 45535.52,
              "Total Cost": 45535.53,
              "Plan Rows": 1,
              "Plan Width": 8,
              "Actual Startup Time": 86.938,
              "Actual Total Time": 86.939,
              "Actual Rows": 1,
              "Actual Loops": 5,
              "Plans": [
                {
                  "Node Type": "Seq Scan",
                  "Parent Relationship": "Outer",
                  "Parallel Aware": true,
                  "Relation Name": "title",
                  "Alias": "t",
                  "Startup Cost": 0.0,
                  "Total Cost": 45479.1,
                  "Plan Rows": 22569,
                  "Plan Width": 0,
                  "Actual Startup Time": 0.234,
                  "Actual Total Time": 84.994,
                  "Actual Rows": 38995,
                  "Actual Loops": 5,
                  "Filter": "((kind_id < 7) AND (production_year < 1960))",
                  "Rows Removed by Filter": 466668
                }
              ]
            }
          ]
        }
      ]
    },
    "Planning Time": 0.189,
    "Triggers": [],
    "Execution Time": 106.505
  }
]