{
  "Plan": {
    "Node Type": "Aggregate",
    "Strategy": "Plain",
    "Partial Mode": "Finalize",
    "Parallel Aware": false,
    "Startup Cost": 123516.08,
    "Total Cost": 123516.09,
    "Plan Rows": 1,
    "Plan Width": 8,
    "Actual Startup Time": 575.551,
    "Actual Total Time": 598.625,
    "Actual Rows": 1,
    "Actual Loops": 1,
    "Plans": [
      {
        "Node Type": "Gather",
        "Parent Relationship": "Outer",
        "Parallel Aware": false,
        "Startup Cost": 123515.97,
        "Total Cost": 123516.08,
        "Plan Rows": 1,
        "Plan Width": 8,
        "Actual Startup Time": 574.7,
        "Actual Total Time": 598.619,
        "Actual Rows": 2,
        "Actual Loops": 1,
        "Workers Planned": 1,
        "Workers Launched": 1,
        "Single Copy": false,
        "Plans": [
          {
            "Node Type": "Aggregate",
            "Strategy": "Plain",
            "Partial Mode": "Partial",
            "Parent Relationship": "Outer",
            "Parallel Aware": false,
            "Startup Cost": 122515.97,
            "Total Cost": 122515.98,
            "Plan Rows": 1,
            "Plan Width": 8,
            "Actual Startup Time": 568.516,
            "Actual Total Time": 568.521,
            "Actual Rows": 1,
            "Actual Loops": 2,
            "Plans": [
              {
                "Node Type": "Nested Loop",
                "Parent Relationship": "Outer",
                "Parallel Aware": false,
                "Join Type": "Inner",
                "Startup Cost": 59705.3,
                "Total Cost": 122425.98,
                "Plan Rows": 35995,
                "Plan Width": 0,
                "Actual Startup Time": 207.714,
                "Actual Total Time": 548.576,
                "Actual Rows": 472664,
                "Actual Loops": 2,
                "Inner Unique": false,
                "Join Filter": "(t.id = mk.movie_id)",
                "Rows Removed by Join Filter": 0,
                "Plans": [
                  {
                    "Node Type": "Hash Join",
                    "Parent Relationship": "Outer",
                    "Parallel Aware": true,
                    "Join Type": "Inner",
                    "Startup Cost": 59704.87,
                    "Total Cost": 78489.18,
                    "Plan Rows": 20116,
                    "Plan Width": 8,
                    "Actual Startup Time": 207.65,
                    "Actual Total Time": 325.145,
                    "Actual Rows": 39660,
                    "Actual Loops": 2,
                    "Inner Unique": true,
                    "Hash Cond": "(mi_idx.movie_id = t.id)",
                    "Plans": [
                      {
                        "Node Type": "Seq Scan",
                        "Parent Relationship": "Outer",
                        "Parallel Aware": true,
                        "Relation Name": "movie_info_idx",
                        "Alias": "mi_idx",
                        "Startup Cost": 0.0,
                        "Total Cost": 18082.32,
                        "Plan Rows": 267429,
                        "Plan Width": 4,
                        "Actual Startup Time": 0.019,
                        "Actual Total Time": 54.413,
                        "Actual Rows": 229962,
                        "Actual Loops": 2,
                        "Filter": "(info_type_id = 99)",
                        "Rows Removed by Filter": 460055
                      },
                      {
                        "Node Type": "Hash",
                        "Parent Relationship": "Inner",
                        "Parallel Aware": true,
                        "Startup Cost": 58306.47,
                        "Total Cost": 58306.47,
                        "Plan Rows": 111872,
                        "Plan Width": 4,
                        "Actual Startup Time": 204.062,
                        "Actual Total Time": 204.063,
                        "Actual Rows": 150323,
                        "Actual Loops": 2,
                        "Hash Buckets": 524288,
                        "Original Hash Buckets": 262144,
                        "Hash Batches": 1,
                        "Original Hash Batches": 1,
                        "Peak Memory Usage": 17920,
                        "Plans": [
                          {
                            "Node Type": "Seq Scan",
                            "Parent Relationship": "Outer",
                            "Parallel Aware": true,
                            "Relation Name": "title",
                            "Alias": "t",
                            "Startup Cost": 0.0,
                            "Total Cost": 58306.47,
                            "Plan Rows": 111872,
                            "Plan Width": 4,
                            "Actual Startup Time": 0.104,
                            "Actual Total Time": 154.877,
                            "Actual Rows": 150323,
                            "Actual Loops": 2,
                            "Filter": "((kind_id < 7) AND (production_year < 1979))",
                            "Rows Removed by Filter": 1113833
                          }
                        ]
                      }
                    ]
                  },
                  {
                    "Node Type": "Index Only Scan",
                    "Parent Relationship": "Inner",
                    "Parallel Aware": false,
                    "Scan Direction": "Forward",
                    "Index Name": "movie_id_movie_keyword",
                    "Relation Name": "movie_keyword",
                    "Alias": "mk",
                    "Startup Cost": 0.43,
                    "Total Cost": 1.62,
                    "Plan Rows": 45,
                    "Plan Width": 4,
                    "Actual Startup Time": 0.003,
                    "Actual Total Time": 0.004,
                    "Actual Rows": 12,
                    "Actual Loops": 79321,
                    "Index Cond": "(movie_id = mi_idx.movie_id)",
                    "Rows Removed by Index Recheck": 0,
                    "Heap Fetches": 945329
                  }
                ]
              }
            ]
          }
        ]
      }
    ]
  },
  "Planning Time": 1.062,
  "Triggers": [],
  "Execution Time": 598.712
}