[
  {
    "Plan": {
      "Node Type": "Aggregate",
      "Strategy": "Plain",
      "Partial Mode": "Finalize",
      "Parallel Aware": false,
      "Startup Cost": 342343.26,
      "Total Cost": 342343.27,
      "Plan Rows": 1,
      "Plan Width": 8,
      "Actual Startup Time": 974.161,
      "Actual Total Time": 1014.767,
      "Actual Rows": 1,
      "Actual Loops": 1,
      "Plans": [
        {
          "Node Type": "Gather",
          "Parent Relationship": "Outer",
          "Parallel Aware": false,
          "Startup Cost": 342342.63,
          "Total Cost": 342343.24,
          "Plan Rows": 6,
          "Plan Width": 8,
          "Actual Startup Time": 974.018,
          "Actual Total Time": 1014.753,
          "Actual Rows": 7,
          "Actual Loops": 1,
          "Workers Planned": 6,
          "Workers Launched": 6,
          "Single Copy": false,
          "Plans": [
            {
              "Node Type": "Aggregate",
              "Strategy": "Plain",
              "Partial Mode": "Partial",
              "Parent Relationship": "Outer",
              "Parallel Aware": false,
              "Startup Cost": 341342.63,
              "Total Cost": 341342.64,
              "Plan Rows": 1,
              "Plan Width": 8,
              "Actual Startup Time": 965.752,
              "Actual Total Time": 965.753,
              "Actual Rows": 1,
              "Actual Loops": 7,
              "Plans": [
                {
                  "Node Type": "Seq Scan",
                  "Parent Relationship": "Outer",
                  "Parallel Aware": true,
                  "Relation Name": "cast_info",
                  "Alias": "ci",
                  "Startup Cost": 0.0,
                  "Total Cost": 328211.39,
                  "Plan Rows": 5252497,
                  "Plan Width": 0,
                  "Actual Startup Time": 80.108,
                  "Actual Total Time": 722.076,
                  "Actual Rows": 4476480,
                  "Actual Loops": 7,
                  "Filter": "(person_id > 477047)",
                  "Rows Removed by Filter": 701283
                }
              ]
            }
          ]
        }
      ]
    },
    "Planning Time": 0.053,
    "Triggers": [],
    "Execution Time": 1014.8
  }
]