[
  {
    "Plan": {
      "Node Type": "Aggregate",
      "Strategy": "Plain",
      "Partial Mode": "Finalize",
      "Parallel Aware": false,
      "Startup Cost": 342272.52,
      "Total Cost": 342272.53,
      "Plan Rows": 1,
      "Plan Width": 8,
      "Actual Startup Time": 817.918,
      "Actual Total Time": 872.355,
      "Actual Rows": 1,
      "Actual Loops": 1,
      "Plans": [
        {
          "Node Type": "Gather",
          "Parent Relationship": "Outer",
          "Parallel Aware": false,
          "Startup Cost": 342271.89,
          "Total Cost": 342272.5,
          "Plan Rows": 6,
          "Plan Width": 8,
          "Actual Startup Time": 817.801,
          "Actual Total Time": 872.345,
          "Actual Rows": 7,
          "Actual Loops": 1,
          "Workers Planned": 6,
          "Workers Launched": 6,
          "Single Copy": false,
          "Plans": [
            {
              "Node Type": "Aggregate",
              "Strategy": "Plain",
              "Partial Mode": "Partial",
              "Parent Relationship": "Outer",
              "Parallel Aware": false,
              "Startup Cost": 341271.89,
              "Total Cost": 341271.9,
              "Plan Rows": 1,
              "Plan Width": 8,
              "Actual Startup Time": 808.695,
              "Actual Total Time": 808.696,
              "Actual Rows": 1,
              "Actual Loops": 7,
              "Plans": [
                {
                  "Node Type": "Seq Scan",
                  "Parent Relationship": "Outer",
                  "Parallel Aware": true,
                  "Relation Name": "cast_info",
                  "Alias": "ci",
                  "Startup Cost": 0.0,
                  "Total Cost": 328162.03,
                  "Plan Rows": 5243946,
                  "Plan Width": 0,
                  "Actual Startup Time": 63.792,
                  "Actual Total Time": 627.12,
                  "Actual Rows": 4476480,
                  "Actual Loops": 7,
                  "Filter": "(person_id > 477047)",
                  "Rows Removed by Filter": 701283
                }
              ]
            }
          ]
        }
      ]
    },
    "Planning Time": 0.201,
    "Triggers": [],
    "Execution Time": 872.431
  }
]