[
  {
    "Plan": {
      "Node Type": "Aggregate",
      "Strategy": "Plain",
      "Partial Mode": "Finalize",
      "Parallel Aware": false,
      "Startup Cost": 84814.29,
      "Total Cost": 84814.3,
      "Plan Rows": 1,
      "Plan Width": 8,
      "Actual Startup Time": 217.043,
      "Actual Total Time": 225.054,
      "Actual Rows": 1,
      "Actual Loops": 1,
      "Plans": [
        {
          "Node Type": "Gather",
          "Parent Relationship": "Outer",
          "Parallel Aware": false,
          "Startup Cost": 84813.98,
          "Total Cost": 84814.29,
          "Plan Rows": 3,
          "Plan Width": 8,
          "Actual Startup Time": 211.85,
          "Actual Total Time": 225.047,
          "Actual Rows": 4,
          "Actual Loops": 1,
          "Workers Planned": 3,
          "Workers Launched": 3,
          "Single Copy": false,
          "Plans": [
            {
              "Node Type": "Aggregate",
              "Strategy": "Plain",
              "Partial Mode": "Partial",
              "Parent Relationship": "Outer",
              "Parallel Aware": false,
              "Startup Cost": 83813.98,
              "Total Cost": 83813.99,
              "Plan Rows": 1,
              "Plan Width": 8,
              "Actual Startup Time": 198.844,
              "Actual Total Time": 198.848,
              "Actual Rows": 1,
              "Actual Loops": 4,
              "Plans": [
                {
                  "Node Type": "Nested Loop",
                  "Parent Relationship": "Outer",
                  "Parallel Aware": false,
                  "Join Type": "Inner",
                  "Startup Cost": 21207.0,
                  "Total Cost": 83808.06,
                  "Plan Rows": 2368,
                  "Plan Width": 0,
                  "Actual Startup Time": 157.992,
                  "Actual Total Time": 198.704,
                  "Actual Rows": 1522,
                  "Actual Loops": 4,
                  "Inner Unique": true,
                  "Join Filter": "(mi.movie_id = t.id)",
                  "Rows Removed by Join Filter": 0,
                  "Plans": [
                    {
                      "Node Type": "Hash Join",
                      "Parent Relationship": "Outer",
                      "Parallel Aware": true,
                      "Join Type": "Inner",
                      "Startup Cost": 21206.57,
                      "Total Cost": 73517.68,
                      "Plan Rows": 17355,
                      "Plan Width": 8,
                      "Actual Startup Time": 157.797,
                      "Actual Total Time": 164.083,
                      "Actual Rows": 10053,
                      "Actual Loops": 4,
                      "Inner Unique": false,
                      "Hash Cond": "(mi.movie_id = mi_idx.movie_id)",
                      "Plans": [
                        {
                          "Node Type": "Bitmap Heap Scan",
                          "Parent Relationship": "Outer",
                          "Parallel Aware": true,
                          "Relation Name": "movie_info",
                          "Alias": "mi",
                          "Startup Cost": 333.74,
                          "Total Cost": 52550.47,
                          "Plan Rows": 5882,
                          "Plan Width": 4,
                          "Actual Startup Time": 0.888,
                          "Actual Total Time": 1.761,
                          "Actual Rows": 3424,
                          "Actual Loops": 4,
                          "Recheck Cond": "(info_type_id = 97)",
                          "Rows Removed by Index Recheck": 0,
                          "Exact Heap Blocks": 65,
                          "Lossy Heap Blocks": 0,
                          "Plans": [
                            {
                              "Node Type": "Bitmap Index Scan",
                              "Parent Relationship": "Outer",
                              "Parallel Aware": false,
                              "Index Name": "info_type_id_movie_info",
                              "Startup Cost": 0.0,
                              "Total Cost": 329.18,
                              "Plan Rows": 18233,
                              "Plan Width": 0,
                              "Actual Startup Time": 0.796,
                              "Actual Total Time": 0.796,
                              "Actual Rows": 13698,
                              "Actual Loops": 1,
                              "Index Cond": "(info_type_id = 97)"
                            }
                          ]
                        },
                        {
                          "Node Type": "Hash",
                          "Parent Relationship": "Inner",
                          "Parallel Aware": true,
                          "Startup Cost": 13685.15,
                          "Total Cost": 13685.15,
                          "Plan Rows": 575015,
                          "Plan Width": 4,
                          "Actual Startup Time": 149.236,
                          "Actual Total Time": 149.237,
                          "Actual Rows": 345009,
                          "Actual Loops": 4,
                          "Hash Buckets": 2097152,
                          "Original Hash Buckets": 2097152,
                          "Hash Batches": 1,
                          "Original Hash Batches": 1,
                          "Peak Memory Usage": 70432,
                          "Plans": [
                            {
                              "Node Type": "Seq Scan",
                              "Parent Relationship": "Outer",
                              "Parallel Aware": true,
                              "Relation Name": "movie_info_idx",
                              "Alias": "mi_idx",
                              "Startup Cost": 0.0,
                              "Total Cost": 13685.15,
                              "Plan Rows": 575015,
                              "Plan Width": 4,
                              "Actual Startup Time": 0.067,
                              "Actual Total Time": 48.012,
                              "Actual Rows": 345009,
                              "Actual Loops": 4
                            }
                          ]
                        }
                      ]
                    },
                    {
                      "Node Type": "Index Scan",
                      "Parent Relationship": "Inner",
                      "Parallel Aware": false,
                      "Scan Direction": "Forward",
                      "Index Name": "title_pkey",
                      "Relation Name": "title",
                      "Alias": "t",
                      "Startup Cost": 0.43,
                      "Total Cost": 0.58,
                      "Plan Rows": 1,
                      "Plan Width": 4,
                      "Actual Startup Time": 0.003,
                      "Actual Total Time": 0.003,
                      "Actual Rows": 0,
                      "Actual Loops": 40213,
                      "Index Cond": "(id = mi_idx.movie_id)",
                      "Rows Removed by Index Recheck": 0,
                      "Filter": "(kind_id > 1)",
                      "Rows Removed by Filter": 1
                    }
                  ]
                }
              ]
            }
          ]
        }
      ]
    },
    "Planning Time": 1.519,
    "Triggers": [],
    "Execution Time": 225.166
  }
]