[
  {
    "Plan": {
      "Node Type": "Aggregate",
      "Strategy": "Plain",
      "Partial Mode": "Finalize",
      "Parallel Aware": false,
      "Startup Cost": 151910.75,
      "Total Cost": 151910.76,
      "Plan Rows": 1,
      "Plan Width": 8,
      "Actual Startup Time": 74.431,
      "Actual Total Time": 83.771,
      "Actual Rows": 1,
      "Actual Loops": 1,
      "Plans": [
        {
          "Node Type": "Gather",
          "Parent Relationship": "Outer",
          "Parallel Aware": false,
          "Startup Cost": 151910.33,
          "Total Cost": 151910.74,
          "Plan Rows": 4,
          "Plan Width": 8,
          "Actual Startup Time": 74.263,
          "Actual Total Time": 83.765,
          "Actual Rows": 5,
          "Actual Loops": 1,
          "Workers Planned": 4,
          "Workers Launched": 4,
          "Single Copy": false,
          "Plans": [
            {
              "Node Type": "Aggregate",
              "Strategy": "Plain",
              "Partial Mode": "Partial",
              "Parent Relationship": "Outer",
              "Parallel Aware": false,
              "Startup Cost": 150910.33,
              "Total Cost": 150910.34,
              "Plan Rows": 1,
              "Plan Width": 8,
              "Actual Startup Time": 64.648,
              "Actual Total Time": 64.65,
              "Actual Rows": 1,
              "Actual Loops": 5,
              "Plans": [
                {
                  "Node Type": "Nested Loop",
                  "Parent Relationship": "Outer",
                  "Parallel Aware": false,
                  "Join Type": "Inner",
                  "Startup Cost": 902.6,
                  "Total Cost": 150900.34,
                  "Plan Rows": 3997,
                  "Plan Width": 0,
                  "Actual Startup Time": 40.608,
                  "Actual Total Time": 64.643,
                  "Actual Rows": 2,
                  "Actual Loops": 5,
                  "Inner Unique": true,
                  "Plans": [
                    {
                      "Node Type": "Bitmap Heap Scan",
                      "Parent Relationship": "Outer",
                      "Parallel Aware": true,
                      "Relation Name": "movie_info",
                      "Alias": "mi",
                      "Startup Cost": 902.17,
                      "Total Cost": 106838.88,
                      "Plan Rows": 12443,
                      "Plan Width": 4,
                      "Actual Startup Time": 4.529,
                      "Actual Total Time": 12.336,
                      "Actual Rows": 10053,
                      "Actual Loops": 5,
                      "Recheck Cond": "(info_type_id > 107)",
                      "Rows Removed by Index Recheck": 0,
                      "Exact Heap Blocks": 1660,
                      "Lossy Heap Blocks": 0,
                      "Plans": [
                        {
                          "Node Type": "Bitmap Index Scan",
                          "Parent Relationship": "Outer",
                          "Parallel Aware": false,
                          "Index Name": "info_type_id_movie_info",
                          "Startup Cost": 0.0,
                          "Total Cost": 889.72,
                          "Plan Rows": 49772,
                          "Plan Width": 0,
                          "Actual Startup Time": 10.822,
                          "Actual Total Time": 10.822,
                          "Actual Rows": 50267,
                          "Actual Loops": 1,
                          "Index Cond": "(info_type_id > 107)"
                        }
                      ]
                    },
                    {
                      "Node Type": "Index Scan",
                      "Parent Relationship": "Inner",
                      "Parallel Aware": false,
                      "Scan Direction": "Forward",
                      "Index Name": "title_pkey",
                      "Relation Name": "title",
                      "Alias": "t",
                      "Startup Cost": 0.43,
                      "Total Cost": 3.54,
                      "Plan Rows": 1,
                      "Plan Width": 4,
                      "Actual Startup Time": 0.005,
                      "Actual Total Time": 0.005,
                      "Actual Rows": 0,
                      "Actual Loops": 50267,
                      "Index Cond": "(id = mi.movie_id)",
                      "Rows Removed by Index Recheck": 0,
                      "Filter": "((production_year < 2005) AND (kind_id = 7))",
                      "Rows Removed by Filter": 1
                    }
                  ]
                }
              ]
            }
          ]
        }
      ]
    },
    "Planning Time": 0.694,
    "Triggers": [],
    "Execution Time": 83.862
  }
]