[
  {
    "Plan": {
      "Node Type": "Aggregate",
      "Strategy": "Plain",
      "Partial Mode": "Finalize",
      "Parallel Aware": false,
      "Startup Cost": 351034.36,
      "Total Cost": 351034.37,
      "Plan Rows": 1,
      "Plan Width": 8,
      "Actual Startup Time": 434.674,
      "Actual Total Time": 497.607,
      "Actual Rows": 1,
      "Actual Loops": 1,
      "Plans": [
        {
          "Node Type": "Gather",
          "Parent Relationship": "Outer",
          "Parallel Aware": false,
          "Startup Cost": 351033.94,
          "Total Cost": 351034.35,
          "Plan Rows": 4,
          "Plan Width": 8,
          "Actual Startup Time": 434.485,
          "Actual Total Time": 497.593,
          "Actual Rows": 5,
          "Actual Loops": 1,
          "Workers Planned": 4,
          "Workers Launched": 4,
          "Single Copy": false,
          "Plans": [
            {
              "Node Type": "Aggregate",
              "Strategy": "Plain",
              "Partial Mode": "Partial",
              "Parent Relationship": "Outer",
              "Parallel Aware": false,
              "Startup Cost": 350033.94,
              "Total Cost": 350033.95,
              "Plan Rows": 1,
              "Plan Width": 8,
              "Actual Startup Time": 429.837,
              "Actual Total Time": 429.839,
              "Actual Rows": 1,
              "Actual Loops": 5,
              "Plans": [
                {
                  "Node Type": "Nested Loop",
                  "Parent Relationship": "Outer",
                  "Parallel Aware": false,
                  "Join Type": "Inner",
                  "Startup Cost": 0.56,
                  "Total Cost": 349784.52,
                  "Plan Rows": 99770,
                  "Plan Width": 0,
                  "Actual Startup Time": 37.475,
                  "Actual Total Time": 423.981,
                  "Actual Rows": 75757,
                  "Actual Loops": 5,
                  "Inner Unique": false,
                  "Plans": [
                    {
                      "Node Type": "Seq Scan",
                      "Parent Relationship": "Outer",
                      "Parallel Aware": true,
                      "Relation Name": "title",
                      "Alias": "t",
                      "Startup Cost": 0.0,
                      "Total Cost": 45479.59,
                      "Plan Rows": 10447,
                      "Plan Width": 4,
                      "Actual Startup Time": 37.364,
                      "Actual Total Time": 77.565,
                      "Actual Rows": 7912,
                      "Actual Loops": 5,
                      "Filter": "((kind_id = 1) AND (production_year = 2012))",
                      "Rows Removed by Filter": 497750
                    },
                    {
                      "Node Type": "Index Scan",
                      "Parent Relationship": "Inner",
                      "Parallel Aware": false,
                      "Scan Direction": "Forward",
                      "Index Name": "movie_id_cast_info",
                      "Relation Name": "cast_info",
                      "Alias": "ci",
                      "Startup Cost": 0.56,
                      "Total Cost": 28.9,
                      "Plan Rows": 23,
                      "Plan Width": 4,
                      "Actual Startup Time": 0.009,
                      "Actual Total Time": 0.042,
                      "Actual Rows": 10,
                      "Actual Loops": 39560,
                      "Index Cond": "(movie_id = t.id)",
                      "Rows Removed by Index Recheck": 0,
                      "Filter": "(role_id < 4)",
                      "Rows Removed by Filter": 7
                    }
                  ]
                }
              ]
            }
          ]
        }
      ]
    },
    "Planning Time": 0.259,
    "Triggers": [],
    "Execution Time": 497.669
  }
]