[
  {
    "Plan": {
      "Node Type": "Aggregate",
      "Strategy": "Plain",
      "Partial Mode": "Finalize",
      "Parallel Aware": false,
      "Startup Cost": 76526.06,
      "Total Cost": 76526.07,
      "Plan Rows": 1,
      "Plan Width": 8,
      "Actual Startup Time": 179.237,
      "Actual Total Time": 195.435,
      "Actual Rows": 1,
      "Actual Loops": 1,
      "Plans": [
        {
          "Node Type": "Gather",
          "Parent Relationship": "Outer",
          "Parallel Aware": false,
          "Startup Cost": 76525.74,
          "Total Cost": 76526.05,
          "Plan Rows": 3,
          "Plan Width": 8,
          "Actual Startup Time": 178.898,
          "Actual Total Time": 195.428,
          "Actual Rows": 4,
          "Actual Loops": 1,
          "Workers Planned": 3,
          "Workers Launched": 3,
          "Single Copy": false,
          "Plans": [
            {
              "Node Type": "Aggregate",
              "Strategy": "Plain",
              "Partial Mode": "Partial",
              "Parent Relationship": "Outer",
              "Parallel Aware": false,
              "Startup Cost": 75525.74,
              "Total Cost": 75525.75,
              "Plan Rows": 1,
              "Plan Width": 8,
              "Actual Startup Time": 173.261,
              "Actual Total Time": 173.264,
              "Actual Rows": 1,
              "Actual Loops": 4,
              "Plans": [
                {
                  "Node Type": "Hash Join",
                  "Parent Relationship": "Outer",
                  "Parallel Aware": true,
                  "Join Type": "Inner",
                  "Startup Cost": 45615.79,
                  "Total Cost": 75516.06,
                  "Plan Rows": 3872,
                  "Plan Width": 0,
                  "Actual Startup Time": 97.361,
                  "Actual Total Time": 173.175,
                  "Actual Rows": 1426,
                  "Actual Loops": 4,
                  "Inner Unique": true,
                  "Hash Cond": "(mc.movie_id = t.id)",
                  "Plans": [
                    {
                      "Node Type": "Seq Scan",
                      "Parent Relationship": "Outer",
                      "Parallel Aware": true,
                      "Relation Name": "movie_companies",
                      "Alias": "mc",
                      "Startup Cost": 0.0,
                      "Total Cost": 29310.68,
                      "Plan Rows": 224606,
                      "Plan Width": 4,
                      "Actual Startup Time": 0.011,
                      "Actual Total Time": 57.982,
                      "Actual Rows": 173182,
                      "Actual Loops": 4,
                      "Filter": "(company_id < 1284)",
                      "Rows Removed by Filter": 479101
                    },
                    {
                      "Node Type": "Hash",
                      "Parent Relationship": "Inner",
                      "Parallel Aware": true,
                      "Startup Cost": 45479.59,
                      "Total Cost": 45479.59,
                      "Plan Rows": 10896,
                      "Plan Width": 4,
                      "Actual Startup Time": 95.835,
                      "Actual Total Time": 95.836,
                      "Actual Rows": 10350,
                      "Actual Loops": 4,
                      "Hash Buckets": 65536,
                      "Original Hash Buckets": 65536,
                      "Hash Batches": 1,
                      "Original Hash Batches": 1,
                      "Peak Memory Usage": 2208,
                      "Plans": [
                        {
                          "Node Type": "Seq Scan",
                          "Parent Relationship": "Outer",
                          "Parallel Aware": true,
                          "Relation Name": "title",
                          "Alias": "t",
                          "Startup Cost": 0.0,
                          "Total Cost": 45479.59,
                          "Plan Rows": 10896,
                          "Plan Width": 4,
                          "Actual Startup Time": 0.045,
                          "Actual Total Time": 91.424,
                          "Actual Rows": 10350,
                          "Actual Loops": 4,
                          "Filter": "((kind_id > 3) AND (production_year = 2013))",
                          "Rows Removed by Filter": 621728
                        }
                      ]
                    }
                  ]
                }
              ]
            }
          ]
        }
      ]
    },
    "Planning Time": 0.538,
    "Triggers": [],
    "Execution Time": 195.489
  }
]