[
  {
    "Plan": {
      "Node Type": "Aggregate",
      "Strategy": "Plain",
      "Partial Mode": "Finalize",
      "Parallel Aware": false,
      "Startup Cost": 284351.05,
      "Total Cost": 284351.06,
      "Plan Rows": 1,
      "Plan Width": 8,
      "Actual Startup Time": 1146.546,
      "Actual Total Time": 1196.294,
      "Actual Rows": 1,
      "Actual Loops": 1,
      "Plans": [
        {
          "Node Type": "Gather",
          "Parent Relationship": "Outer",
          "Parallel Aware": false,
          "Startup Cost": 284350.52,
          "Total Cost": 284351.03,
          "Plan Rows": 5,
          "Plan Width": 8,
          "Actual Startup Time": 1142.048,
          "Actual Total Time": 1196.282,
          "Actual Rows": 6,
          "Actual Loops": 1,
          "Workers Planned": 5,
          "Workers Launched": 5,
          "Single Copy": false,
          "Plans": [
            {
              "Node Type": "Aggregate",
              "Strategy": "Plain",
              "Partial Mode": "Partial",
              "Parent Relationship": "Outer",
              "Parallel Aware": false,
              "Startup Cost": 283350.52,
              "Total Cost": 283350.53,
              "Plan Rows": 1,
              "Plan Width": 8,
              "Actual Startup Time": 1131.824,
              "Actual Total Time": 1131.967,
              "Actual Rows": 1,
              "Actual Loops": 6,
              "Plans": [
                {
                  "Node Type": "Hash Join",
                  "Parent Relationship": "Outer",
                  "Parallel Aware": true,
                  "Join Type": "Inner",
                  "Startup Cost": 78199.14,
                  "Total Cost": 282098.87,
                  "Plan Rows": 500661,
                  "Plan Width": 0,
                  "Actual Startup Time": 291.431,
                  "Actual Total Time": 1080.07,
                  "Actual Rows": 1213620,
                  "Actual Loops": 6,
                  "Inner Unique": false,
                  "Hash Cond": "(mi.movie_id = t.id)",
                  "Plans": [
                    {
                      "Node Type": "Seq Scan",
                      "Parent Relationship": "Outer",
                      "Parallel Aware": true,
                      "Relation Name": "movie_info",
                      "Alias": "mi",
                      "Startup Cost": 0.0,
                      "Total Cost": 191560.33,
                      "Plan Rows": 2956733,
                      "Plan Width": 4,
                      "Actual Startup Time": 0.024,
                      "Actual Total Time": 302.584,
                      "Actual Rows": 2472620,
                      "Actual Loops": 6
                    },
                    {
                      "Node Type": "Hash",
                      "Parent Relationship": "Inner",
                      "Parallel Aware": true,
                      "Startup Cost": 76861.29,
                      "Total Cost": 76861.29,
                      "Plan Rows": 107028,
                      "Plan Width": 8,
                      "Actual Startup Time": 287.092,
                      "Actual Total Time": 287.233,
                      "Actual Rows": 72668,
                      "Actual Loops": 6,
                      "Hash Buckets": 524288,
                      "Original Hash Buckets": 524288,
                      "Hash Batches": 1,
                      "Original Hash Batches": 1,
                      "Peak Memory Usage": 21248,
                      "Plans": [
                        {
                          "Node Type": "Hash Join",
                          "Parent Relationship": "Outer",
                          "Parallel Aware": true,
                          "Join Type": "Inner",
                          "Startup Cost": 31036.94,
                          "Total Cost": 76861.29,
                          "Plan Rows": 107028,
                          "Plan Width": 8,
                          "Actual Startup Time": 113.035,
                          "Actual Total Time": 259.335,
                          "Actual Rows": 72668,
                          "Actual Loops": 6,
                          "Inner Unique": false,
                          "Hash Cond": "(t.id = mc.movie_id)",
                          "Plans": [
                            {
                              "Node Type": "Seq Scan",
                              "Parent Relationship": "Outer",
                              "Parallel Aware": true,
                              "Relation Name": "title",
                              "Alias": "t",
                              "Startup Cost": 0.0,
                              "Total Cost": 42318.73,
                              "Plan Rows": 632073,
                              "Plan Width": 4,
                              "Actual Startup Time": 0.035,
                              "Actual Total Time": 61.46,
                              "Actual Rows": 421385,
                              "Actual Loops": 6
                            },
                            {
                              "Node Type": "Hash",
                              "Parent Relationship": "Inner",
                              "Parallel Aware": true,
                              "Startup Cost": 29310.68,
                              "Total Cost": 29310.68,
                              "Plan Rows": 138101,
                              "Plan Width": 4,
                              "Actual Startup Time": 97.892,
                              "Actual Total Time": 97.893,
                              "Actual Rows": 72668,
                              "Actual Loops": 6,
                              "Hash Buckets": 524288,
                              "Original Hash Buckets": 524288,
                              "Hash Batches": 1,
                              "Original Hash Batches": 1,
                              "Peak Memory Usage": 21248,
                              "Plans": [
                                {
                                  "Node Type": "Seq Scan",
                                  "Parent Relationship": "Outer",
                                  "Parallel Aware": true,
                                  "Relation Name": "movie_companies",
                                  "Alias": "mc",
                                  "Startup Cost": 0.0,
                                  "Total Cost": 29310.68,
                                  "Plan Rows": 138101,
                                  "Plan Width": 4,
                                  "Actual Startup Time": 43.504,
                                  "Actual Total Time": 67.249,
                                  "Actual Rows": 72668,
                                  "Actual Loops": 6,
                                  "Filter": "(company_id > 78625)",
                                  "Rows Removed by Filter": 362187
                                }
                              ]
                            }
                          ]
                        }
                      ]
                    }
                  ]
                }
              ]
            }
          ]
        }
      ]
    },
    "Planning Time": 1.408,
    "Triggers": [],
    "Execution Time": 1196.413
  }
]