{
  "Plan": {
    "Node Type": "Aggregate",
    "Strategy": "Plain",
    "Partial Mode": "Finalize",
    "Parallel Aware": false,
    "Startup Cost": 54321.31,
    "Total Cost": 54321.32,
    "Plan Rows": 1,
    "Plan Width": 8,
    "Actual Startup Time": 45.838,
    "Actual Total Time": 52.577,
    "Actual Rows": 1,
    "Actual Loops": 1,
    "Plans": [
      {
        "Node Type": "Gather",
        "Parent Relationship": "Outer",
        "Parallel Aware": false,
        "Startup Cost": 54321.2,
        "Total Cost": 54321.31,
        "Plan Rows": 1,
        "Plan Width": 8,
        "Actual Startup Time": 45.696,
        "Actual Total Time": 52.57,
        "Actual Rows": 2,
        "Actual Loops": 1,
        "Workers Planned": 1,
        "Workers Launched": 1,
        "Single Copy": false,
        "Plans": [
          {
            "Node Type": "Aggregate",
            "Strategy": "Plain",
            "Partial Mode": "Partial",
            "Parent Relationship": "Outer",
            "Parallel Aware": false,
            "Startup Cost": 53321.2,
            "Total Cost": 53321.21,
            "Plan Rows": 1,
            "Plan Width": 8,
            "Actual Startup Time": 39.435,
            "Actual Total Time": 39.437,
            "Actual Rows": 1,
            "Actual Loops": 2,
            "Plans": [
              {
                "Node Type": "Nested Loop",
                "Parent Relationship": "Outer",
                "Parallel Aware": false,
                "Join Type": "Inner",
                "Startup Cost": 176.41,
                "Total Cost": 53310.98,
                "Plan Rows": 4086,
                "Plan Width": 0,
                "Actual Startup Time": 4.893,
                "Actual Total Time": 39.414,
                "Actual Rows": 78,
                "Actual Loops": 2,
                "Inner Unique": false,
                "Plans": [
                  {
                    "Node Type": "Nested Loop",
                    "Parent Relationship": "Outer",
                    "Parallel Aware": false,
                    "Join Type": "Inner",
                    "Startup Cost": 175.97,
                    "Total Cost": 49546.49,
                    "Plan Rows": 1441,
                    "Plan Width": 8,
                    "Actual Startup Time": 4.161,
                    "Actual Total Time": 38.481,
                    "Actual Rows": 56,
                    "Actual Loops": 2,
                    "Inner Unique": true,
                    "Plans": [
                      {
                        "Node Type": "Bitmap Heap Scan",
                        "Parent Relationship": "Outer",
                        "Parallel Aware": true,
                        "Relation Name": "movie_keyword",
                        "Alias": "mk",
                        "Startup Cost": 175.54,
                        "Total Cost": 16969.6,
                        "Plan Rows": 4790,
                        "Plan Width": 4,
                        "Actual Startup Time": 2.23,
                        "Actual Total Time": 7.062,
                        "Actual Rows": 3936,
                        "Actual Loops": 2,
                        "Recheck Cond": "(keyword_id = 3)",
                        "Rows Removed by Index Recheck": 0,
                        "Exact Heap Blocks": 1608,
                        "Lossy Heap Blocks": 0,
                        "Plans": [
                          {
                            "Node Type": "Bitmap Index Scan",
                            "Parent Relationship": "Outer",
                            "Parallel Aware": false,
                            "Index Name": "keyword_id_movie_keyword",
                            "Startup Cost": 0.0,
                            "Total Cost": 173.5,
                            "Plan Rows": 8143,
                            "Plan Width": 0,
                            "Actual Startup Time": 3.374,
                            "Actual Total Time": 3.374,
                            "Actual Rows": 7873,
                            "Actual Loops": 1,
                            "Index Cond": "(keyword_id = 3)"
                          }
                        ]
                      },
                      {
                        "Node Type": "Index Scan",
                        "Parent Relationship": "Inner",
                        "Parallel Aware": false,
                        "Scan Direction": "Forward",
                        "Index Name": "title_pkey",
                        "Relation Name": "title",
                        "Alias": "t",
                        "Startup Cost": 0.43,
                        "Total Cost": 6.8,
                        "Plan Rows": 1,
                        "Plan Width": 4,
                        "Actual Startup Time": 0.008,
                        "Actual Total Time": 0.008,
                        "Actual Rows": 0,
                        "Actual Loops": 7873,
                        "Index Cond": "(id = mk.movie_id)",
                        "Rows Removed by Index Recheck": 0,
                        "Filter": "((production_year < 2004) AND (kind_id = 7))",
                        "Rows Removed by Filter": 1
                      }
                    ]
                  },
                  {
                    "Node Type": "Index Scan",
                    "Parent Relationship": "Inner",
                    "Parallel Aware": false,
                    "Scan Direction": "Forward",
                    "Index Name": "movie_id_movie_info",
                    "Relation Name": "movie_info",
                    "Alias": "mi",
                    "Startup Cost": 0.43,
                    "Total Cost": 2.41,
                    "Plan Rows": 20,
                    "Plan Width": 4,
                    "Actual Startup Time": 0.009,
                    "Actual Total Time": 0.016,
                    "Actual Rows": 1,
                    "Actual Loops": 112,
                    "Index Cond": "(movie_id = t.id)",
                    "Rows Removed by Index Recheck": 0,
                    "Filter": "(info_type_id < 8)",
                    "Rows Removed by Filter": 3
                  }
                ]
              }
            ]
          }
        ]
      }
    ]
  },
  "Planning Time": 0.975,
  "Triggers": [],
  "Execution Time": 52.67
}