[
  {
    "Plan": {
      "Node Type": "Aggregate",
      "Strategy": "Plain",
      "Partial Mode": "Finalize",
      "Parallel Aware": false,
      "Startup Cost": 189744.46,
      "Total Cost": 189744.47,
      "Plan Rows": 1,
      "Plan Width": 8,
      "Actual Startup Time": 471.048,
      "Actual Total Time": 525.591,
      "Actual Rows": 1,
      "Actual Loops": 1,
      "Plans": [
        {
          "Node Type": "Gather",
          "Parent Relationship": "Outer",
          "Parallel Aware": false,
          "Startup Cost": 189744.04,
          "Total Cost": 189744.45,
          "Plan Rows": 4,
          "Plan Width": 8,
          "Actual Startup Time": 462.708,
          "Actual Total Time": 525.581,
          "Actual Rows": 5,
          "Actual Loops": 1,
          "Workers Planned": 4,
          "Workers Launched": 4,
          "Single Copy": false,
          "Plans": [
            {
              "Node Type": "Aggregate",
              "Strategy": "Plain",
              "Partial Mode": "Partial",
              "Parent Relationship": "Outer",
              "Parallel Aware": false,
              "Startup Cost": 188744.04,
              "Total Cost": 188744.05,
              "Plan Rows": 1,
              "Plan Width": 8,
              "Actual Startup Time": 452.514,
              "Actual Total Time": 452.518,
              "Actual Rows": 1,
              "Actual Loops": 5,
              "Plans": [
                {
                  "Node Type": "Nested Loop",
                  "Parent Relationship": "Outer",
                  "Parallel Aware": false,
                  "Join Type": "Inner",
                  "Startup Cost": 49215.37,
                  "Total Cost": 188557.95,
                  "Plan Rows": 74437,
                  "Plan Width": 0,
                  "Actual Startup Time": 193.013,
                  "Actual Total Time": 444.16,
                  "Actual Rows": 110757,
                  "Actual Loops": 5,
                  "Inner Unique": false,
                  "Plans": [
                    {
                      "Node Type": "Hash Join",
                      "Parent Relationship": "Outer",
                      "Parallel Aware": true,
                      "Join Type": "Inner",
                      "Startup Cost": 49214.8,
                      "Total Cost": 170712.15,
                      "Plan Rows": 5195,
                      "Plan Width": 8,
                      "Actual Startup Time": 192.893,
                      "Actual Total Time": 202.8,
                      "Actual Rows": 2573,
                      "Actual Loops": 5,
                      "Inner Unique": true,
                      "Hash Cond": "(mi.movie_id = t.id)",
                      "Plans": [
                        {
                          "Node Type": "Bitmap Heap Scan",
                          "Parent Relationship": "Outer",
                          "Parallel Aware": true,
                          "Relation Name": "movie_info",
                          "Alias": "mi",
                          "Startup Cost": 1153.1,
                          "Total Cost": 122608.74,
                          "Plan Rows": 15892,
                          "Plan Width": 4,
                          "Actual Startup Time": 8.26,
                          "Actual Total Time": 16.62,
                          "Actual Rows": 12226,
                          "Actual Loops": 5,
                          "Recheck Cond": "(info_type_id = 103)",
                          "Rows Removed by Index Recheck": 0,
                          "Exact Heap Blocks": 2110,
                          "Lossy Heap Blocks": 0,
                          "Plans": [
                            {
                              "Node Type": "Bitmap Index Scan",
                              "Parent Relationship": "Outer",
                              "Parallel Aware": false,
                              "Index Name": "info_type_id_movie_info",
                              "Startup Cost": 0.0,
                              "Total Cost": 1137.21,
                              "Plan Rows": 63570,
                              "Plan Width": 0,
                              "Actual Startup Time": 7.175,
                              "Actual Total Time": 7.175,
                              "Actual Rows": 61128,
                              "Actual Loops": 1,
                              "Index Cond": "(info_type_id = 103)"
                            }
                          ]
                        },
                        {
                          "Node Type": "Hash",
                          "Parent Relationship": "Inner",
                          "Parallel Aware": true,
                          "Startup Cost": 45479.1,
                          "Total Cost": 45479.1,
                          "Plan Rows": 206608,
                          "Plan Width": 4,
                          "Actual Startup Time": 172.994,
                          "Actual Total Time": 172.995,
                          "Actual Rows": 175237,
                          "Actual Loops": 5,
                          "Hash Buckets": 1048576,
                          "Original Hash Buckets": 1048576,
                          "Hash Batches": 1,
                          "Original Hash Batches": 1,
                          "Peak Memory Usage": 42560,
                          "Plans": [
                            {
                              "Node Type": "Seq Scan",
                              "Parent Relationship": "Outer",
                              "Parallel Aware": true,
                              "Relation Name": "title",
                              "Alias": "t",
                              "Startup Cost": 0.0,
                              "Total Cost": 45479.1,
                              "Plan Rows": 206608,
                              "Plan Width": 4,
                              "Actual Startup Time": 0.046,
                              "Actual Total Time": 101.5,
                              "Actual Rows": 175237,
                              "Actual Loops": 5,
                              "Filter": "((kind_id > 1) AND (production_year > 2004))",
                              "Rows Removed by Filter": 330425
                            }
                          ]
                        }
                      ]
                    },
                    {
                      "Node Type": "Index Only Scan",
                      "Parent Relationship": "Inner",
                      "Parallel Aware": false,
                      "Scan Direction": "Forward",
                      "Index Name": "movie_id_cast_info",
                      "Relation Name": "cast_info",
                      "Alias": "ci",
                      "Startup Cost": 0.56,
                      "Total Cost": 3.07,
                      "Plan Rows": 37,
                      "Plan Width": 4,
                      "Actual Startup Time": 0.012,
                      "Actual Total Time": 0.089,
                      "Actual Rows": 43,
                      "Actual Loops": 12865,
                      "Index Cond": "(movie_id = t.id)",
                      "Rows Removed by Index Recheck": 0,
                      "Heap Fetches": 553783
                    }
                  ]
                }
              ]
            }
          ]
        }
      ]
    },
    "Planning Time": 1.376,
    "Triggers": [],
    "Execution Time": 525.763
  }
]