{
  "Plan": {
    "Node Type": "Aggregate",
    "Strategy": "Plain",
    "Partial Mode": "Finalize",
    "Parallel Aware": false,
    "Startup Cost": 608243.54,
    "Total Cost": 608243.55,
    "Plan Rows": 1,
    "Plan Width": 8,
    "Actual Startup Time": 3215.352,
    "Actual Total Time": 3279.3,
    "Actual Rows": 1,
    "Actual Loops": 1,
    "Plans": [
      {
        "Node Type": "Gather",
        "Parent Relationship": "Outer",
        "Parallel Aware": false,
        "Startup Cost": 608243.43,
        "Total Cost": 608243.54,
        "Plan Rows": 1,
        "Plan Width": 8,
        "Actual Startup Time": 3213.674,
        "Actual Total Time": 3279.285,
        "Actual Rows": 2,
        "Actual Loops": 1,
        "Workers Planned": 1,
        "Workers Launched": 1,
        "Single Copy": false,
        "Plans": [
          {
            "Node Type": "Aggregate",
            "Strategy": "Plain",
            "Partial Mode": "Partial",
            "Parent Relationship": "Outer",
            "Parallel Aware": false,
            "Startup Cost": 607243.43,
            "Total Cost": 607243.44,
            "Plan Rows": 1,
            "Plan Width": 8,
            "Actual Startup Time": 3208.166,
            "Actual Total Time": 3208.169,
            "Actual Rows": 1,
            "Actual Loops": 2,
            "Plans": [
              {
                "Node Type": "Hash Join",
                "Parent Relationship": "Outer",
                "Parallel Aware": true,
                "Join Type": "Inner",
                "Startup Cost": 58834.3,
                "Total Cost": 602001.72,
                "Plan Rows": 2096684,
                "Plan Width": 0,
                "Actual Startup Time": 235.359,
                "Actual Total Time": 3130.457,
                "Actual Rows": 1864218,
                "Actual Loops": 2,
                "Inner Unique": true,
                "Hash Cond": "(ci.movie_id = t.id)",
                "Plans": [
                  {
                    "Node Type": "Seq Scan",
                    "Parent Relationship": "Outer",
                    "Parallel Aware": true,
                    "Relation Name": "cast_info",
                    "Alias": "ci",
                    "Startup Cost": 0.0,
                    "Total Cost": 519069.44,
                    "Plan Rows": 9180165,
                    "Plan Width": 4,
                    "Actual Startup Time": 0.014,
                    "Actual Total Time": 1361.845,
                    "Actual Rows": 7781656,
                    "Actual Loops": 2,
                    "Filter": "(person_id < 1535342)",
                    "Rows Removed by Filter": 10340516
                  },
                  {
                    "Node Type": "Hash",
                    "Parent Relationship": "Inner",
                    "Parallel Aware": true,
                    "Startup Cost": 54588.39,
                    "Total Cost": 54588.39,
                    "Plan Rows": 339673,
                    "Plan Width": 4,
                    "Actual Startup Time": 226.274,
                    "Actual Total Time": 226.275,
                    "Actual Rows": 292510,
                    "Actual Loops": 2,
                    "Hash Buckets": 1048576,
                    "Original Hash Buckets": 1048576,
                    "Hash Batches": 1,
                    "Original Hash Batches": 1,
                    "Peak Memory Usage": 31104,
                    "Plans": [
                      {
                        "Node Type": "Seq Scan",
                        "Parent Relationship": "Outer",
                        "Parallel Aware": true,
                        "Relation Name": "title",
                        "Alias": "t",
                        "Startup Cost": 0.0,
                        "Total Cost": 54588.39,
                        "Plan Rows": 339673,
                        "Plan Width": 4,
                        "Actual Startup Time": 0.037,
                        "Actual Total Time": 146.175,
                        "Actual Rows": 292510,
                        "Actual Loops": 2,
                        "Filter": "(production_year < 1985)",
                        "Rows Removed by Filter": 971646
                      }
                    ]
                  }
                ]
              }
            ]
          }
        ]
      }
    ]
  },
  "Planning Time": 0.578,
  "Triggers": [],
  "Execution Time": 3279.38
}