[
  {
    "Plan": {
      "Node Type": "Aggregate",
      "Strategy": "Plain",
      "Partial Mode": "Finalize",
      "Parallel Aware": false,
      "Startup Cost": 409913.42,
      "Total Cost": 409913.43,
      "Plan Rows": 1,
      "Plan Width": 8,
      "Actual Startup Time": 1379.807,
      "Actual Total Time": 1433.873,
      "Actual Rows": 1,
      "Actual Loops": 1,
      "Plans": [
        {
          "Node Type": "Gather",
          "Parent Relationship": "Outer",
          "Parallel Aware": false,
          "Startup Cost": 409912.8,
          "Total Cost": 409913.41,
          "Plan Rows": 6,
          "Plan Width": 8,
          "Actual Startup Time": 1364.224,
          "Actual Total Time": 1433.861,
          "Actual Rows": 7,
          "Actual Loops": 1,
          "Workers Planned": 6,
          "Workers Launched": 6,
          "Single Copy": false,
          "Plans": [
            {
              "Node Type": "Aggregate",
              "Strategy": "Plain",
              "Partial Mode": "Partial",
              "Parent Relationship": "Outer",
              "Parallel Aware": false,
              "Startup Cost": 408912.8,
              "Total Cost": 408912.81,
              "Plan Rows": 1,
              "Plan Width": 8,
              "Actual Startup Time": 1354.97,
              "Actual Total Time": 1355.291,
              "Actual Rows": 1,
              "Actual Loops": 7,
              "Plans": [
                {
                  "Node Type": "Hash Join",
                  "Parent Relationship": "Outer",
                  "Parallel Aware": true,
                  "Join Type": "Inner",
                  "Startup Cost": 70702.12,
                  "Total Cost": 407310.08,
                  "Plan Rows": 641089,
                  "Plan Width": 0,
                  "Actual Startup Time": 353.734,
                  "Actual Total Time": 1299.198,
                  "Actual Rows": 1180539,
                  "Actual Loops": 7,
                  "Inner Unique": false,
                  "Hash Cond": "(ci.movie_id = t.id)",
                  "Plans": [
                    {
                      "Node Type": "Seq Scan",
                      "Parent Relationship": "Outer",
                      "Parallel Aware": true,
                      "Relation Name": "cast_info",
                      "Alias": "ci",
                      "Startup Cost": 0.0,
                      "Total Cost": 328211.39,
                      "Plan Rows": 1526764,
                      "Plan Width": 4,
                      "Actual Startup Time": 0.062,
                      "Actual Total Time": 537.454,
                      "Actual Rows": 1315022,
                      "Actual Loops": 7,
                      "Filter": "(person_id < 905040)",
                      "Rows Removed by Filter": 3862742
                    },
                    {
                      "Node Type": "Hash",
                      "Parent Relationship": "Inner",
                      "Parallel Aware": true,
                      "Startup Cost": 65172.51,
                      "Total Cost": 65172.51,
                      "Plan Rows": 442369,
                      "Plan Width": 8,
                      "Actual Startup Time": 350.763,
                      "Actual Total Time": 351.083,
                      "Actual Rows": 150159,
                      "Actual Loops": 7,
                      "Hash Buckets": 2097152,
                      "Original Hash Buckets": 2097152,
                      "Hash Batches": 1,
                      "Original Hash Batches": 1,
                      "Peak Memory Usage": 57600,
                      "Plans": [
                        {
                          "Node Type": "Hash Join",
                          "Parent Relationship": "Outer",
                          "Parallel Aware": true,
                          "Join Type": "Inner",
                          "Startup Cost": 49977.95,
                          "Total Cost": 65172.51,
                          "Plan Rows": 442369,
                          "Plan Width": 8,
                          "Actual Startup Time": 220.269,
                          "Actual Total Time": 300.848,
                          "Actual Rows": 150159,
                          "Actual Loops": 7,
                          "Inner Unique": true,
                          "Hash Cond": "(mi_idx.movie_id = t.id)",
                          "Plans": [
                            {
                              "Node Type": "Seq Scan",
                              "Parent Relationship": "Outer",
                              "Parallel Aware": true,
                              "Relation Name": "movie_info_idx",
                              "Alias": "mi_idx",
                              "Startup Cost": 0.0,
                              "Total Cost": 13685.15,
                              "Plan Rows": 575015,
                              "Plan Width": 4,
                              "Actual Startup Time": 0.014,
                              "Actual Total Time": 21.201,
                              "Actual Rows": 197148,
                              "Actual Loops": 7
                            },
                            {
                              "Node Type": "Hash",
                              "Parent Relationship": "Inner",
                              "Parallel Aware": true,
                              "Startup Cost": 43899.32,
                              "Total Cost": 43899.32,
                              "Plan Rows": 486290,
                              "Plan Width": 4,
                              "Actual Startup Time": 218.378,
                              "Actual Total Time": 218.38,
                              "Actual Rows": 276069,
                              "Actual Loops": 7,
                              "Hash Buckets": 2097152,
                              "Original Hash Buckets": 2097152,
                              "Hash Batches": 1,
                              "Original Hash Batches": 1,
                              "Peak Memory Usage": 92096,
                              "Plans": [
                                {
                                  "Node Type": "Seq Scan",
                                  "Parent Relationship": "Outer",
                                  "Parallel Aware": true,
                                  "Relation Name": "title",
                                  "Alias": "t",
                                  "Startup Cost": 0.0,
                                  "Total Cost": 43899.32,
                                  "Plan Rows": 486290,
                                  "Plan Width": 4,
                                  "Actual Startup Time": 0.05,
                                  "Actual Total Time": 83.353,
                                  "Actual Rows": 276069,
                                  "Actual Loops": 7,
                                  "Filter": "(production_year > 1980)",
                                  "Rows Removed by Filter": 85118
                                }
                              ]
                            }
                          ]
                        }
                      ]
                    }
                  ]
                }
              ]
            }
          ]
        }
      ]
    },
    "Planning Time": 0.384,
    "Triggers": [],
    "Execution Time": 1433.933
  }
]