{
  "Plan": {
    "Node Type": "Aggregate",
    "Strategy": "Plain",
    "Partial Mode": "Finalize",
    "Parallel Aware": false,
    "Startup Cost": 259502.36,
    "Total Cost": 259502.37,
    "Plan Rows": 1,
    "Plan Width": 8,
    "Actual Startup Time": 543.588,
    "Actual Total Time": 559.073,
    "Actual Rows": 1,
    "Actual Loops": 1,
    "Plans": [
      {
        "Node Type": "Gather",
        "Parent Relationship": "Outer",
        "Parallel Aware": false,
        "Startup Cost": 259502.25,
        "Total Cost": 259502.36,
        "Plan Rows": 1,
        "Plan Width": 8,
        "Actual Startup Time": 541.149,
        "Actual Total Time": 559.066,
        "Actual Rows": 2,
        "Actual Loops": 1,
        "Workers Planned": 1,
        "Workers Launched": 1,
        "Single Copy": false,
        "Plans": [
          {
            "Node Type": "Aggregate",
            "Strategy": "Plain",
            "Partial Mode": "Partial",
            "Parent Relationship": "Outer",
            "Parallel Aware": false,
            "Startup Cost": 258502.25,
            "Total Cost": 258502.26,
            "Plan Rows": 1,
            "Plan Width": 8,
            "Actual Startup Time": 534.07,
            "Actual Total Time": 534.077,
            "Actual Rows": 1,
            "Actual Loops": 2,
            "Plans": [
              {
                "Node Type": "Hash Join",
                "Parent Relationship": "Outer",
                "Parallel Aware": true,
                "Join Type": "Inner",
                "Startup Cost": 91008.86,
                "Total Cost": 258432.44,
                "Plan Rows": 27924,
                "Plan Width": 0,
                "Actual Startup Time": 450.761,
                "Actual Total Time": 526.364,
                "Actual Rows": 180804,
                "Actual Loops": 2,
                "Inner Unique": false,
                "Hash Cond": "(mi.movie_id = t.id)",
                "Plans": [
                  {
                    "Node Type": "Bitmap Heap Scan",
                    "Parent Relationship": "Outer",
                    "Parallel Aware": true,
                    "Relation Name": "movie_info",
                    "Alias": "mi",
                    "Startup Cost": 9982.2,
                    "Total Cost": 176026.22,
                    "Plan Rows": 324081,
                    "Plan Width": 4,
                    "Actual Startup Time": 17.622,
                    "Actual Total Time": 44.5,
                    "Actual Rows": 263382,
                    "Actual Loops": 2,
                    "Recheck Cond": "(info_type_id > 102)",
                    "Rows Removed by Index Recheck": 0,
                    "Exact Heap Blocks": 3079,
                    "Lossy Heap Blocks": 0,
                    "Plans": [
                      {
                        "Node Type": "Bitmap Index Scan",
                        "Parent Relationship": "Outer",
                        "Parallel Aware": false,
                        "Index Name": "info_type_id_movie_info",
                        "Startup Cost": 0.0,
                        "Total Cost": 9844.47,
                        "Plan Rows": 550938,
                        "Plan Width": 0,
                        "Actual Startup Time": 16.901,
                        "Actual Total Time": 16.902,
                        "Actual Rows": 526764,
                        "Actual Loops": 1,
                        "Index Cond": "(info_type_id > 102)"
                      }
                    ]
                  },
                  {
                    "Node Type": "Hash",
                    "Parent Relationship": "Inner",
                    "Parallel Aware": true,
                    "Startup Cost": 79424.84,
                    "Total Cost": 79424.84,
                    "Plan Rows": 128145,
                    "Plan Width": 8,
                    "Actual Startup Time": 429.284,
                    "Actual Total Time": 429.288,
                    "Actual Rows": 246822,
                    "Actual Loops": 2,
                    "Hash Buckets": 524288,
                    "Original Hash Buckets": 262144,
                    "Hash Batches": 1,
                    "Original Hash Batches": 1,
                    "Peak Memory Usage": 25504,
                    "Plans": [
                      {
                        "Node Type": "Hash Join",
                        "Parent Relationship": "Outer",
                        "Parallel Aware": true,
                        "Join Type": "Inner",
                        "Startup Cost": 61241.06,
                        "Total Cost": 79424.84,
                        "Plan Rows": 128145,
                        "Plan Width": 8,
                        "Actual Startup Time": 212.192,
                        "Actual Total Time": 377.567,
                        "Actual Rows": 246822,
                        "Actual Loops": 2,
                        "Inner Unique": true,
                        "Hash Cond": "(mi_idx.movie_id = t.id)",
                        "Plans": [
                          {
                            "Node Type": "Seq Scan",
                            "Parent Relationship": "Outer",
                            "Parallel Aware": true,
                            "Relation Name": "movie_info_idx",
                            "Alias": "mi_idx",
                            "Startup Cost": 0.0,
                            "Total Cost": 16052.85,
                            "Plan Rows": 811785,
                            "Plan Width": 4,
                            "Actual Startup Time": 0.019,
                            "Actual Total Time": 49.552,
                            "Actual Rows": 690018,
                            "Actual Loops": 2
                          },
                          {
                            "Node Type": "Hash",
                            "Parent Relationship": "Inner",
                            "Parallel Aware": true,
                            "Startup Cost": 58306.47,
                            "Total Cost": 58306.47,
                            "Plan Rows": 234767,
                            "Plan Width": 4,
                            "Actual Startup Time": 208.125,
                            "Actual Total Time": 208.126,
                            "Actual Rows": 250306,
                            "Actual Loops": 2,
                            "Hash Buckets": 524288,
                            "Original Hash Buckets": 524288,
                            "Hash Batches": 1,
                            "Original Hash Batches": 1,
                            "Peak Memory Usage": 23712,
                            "Plans": [
                              {
                                "Node Type": "Seq Scan",
                                "Parent Relationship": "Outer",
                                "Parallel Aware": true,
                                "Relation Name": "title",
                                "Alias": "t",
                                "Startup Cost": 0.0,
                                "Total Cost": 58306.47,
                                "Plan Rows": 234767,
                                "Plan Width": 4,
                                "Actual Startup Time": 0.045,
                                "Actual Total Time": 151.197,
                                "Actual Rows": 250306,
                                "Actual Loops": 2,
                                "Filter": "((kind_id < 7) AND (production_year < 2000))",
                                "Rows Removed by Filter": 1013850
                              }
                            ]
                          }
                        ]
                      }
                    ]
                  }
                ]
              }
            ]
          }
        ]
      }
    ]
  },
  "Planning Time": 0.818,
  "Triggers": [],
  "Execution Time": 559.163
}