[
    {
        "Bao": {
            "Bao prediction": "NaN",
            "Bao recommended hint": "(no hint)"
        }
    },
    {
        "Plan": {
            "Node Type": "Aggregate",
            "Strategy": "Plain",
            "Partial Mode": "Simple",
            "Parallel Aware": false,
            "Startup Cost": 26697.8,
            "Total Cost": 26697.81,
            "Plan Rows": 1,
            "Plan Width": 8,
            "Actual Startup Time": 23.848,
            "Actual Total Time": 23.849,
            "Actual Rows": 1,
            "Actual Loops": 1,
            "Output": [
                "count(*)"
            ],
            "Plans": [
                {
                    "Node Type": "Bitmap Heap Scan",
                    "Parent Relationship": "Outer",
                    "Parallel Aware": false,
                    "Relation Name": "movie_keyword",
                    "Schema": "public",
                    "Alias": "mk",
                    "Startup Cost": 604.63,
                    "Total Cost": 26626.77,
                    "Plan Rows": 28413,
                    "Plan Width": 0,
                    "Actual Startup Time": 5.08,
                    "Actual Total Time": 21.87,
                    "Actual Rows": 24250,
                    "Actual Loops": 1,
                    "Recheck Cond": "(mk.keyword_id < 13)",
                    "Rows Removed by Index Recheck": 0,
                    "Exact Heap Blocks": 8106,
                    "Lossy Heap Blocks": 0,
                    "Plans": [
                        {
                            "Node Type": "Bitmap Index Scan",
                            "Parent Relationship": "Outer",
                            "Parallel Aware": false,
                            "Index Name": "keyword_id_movie_keyword",
                            "Startup Cost": 0.0,
                            "Total Cost": 597.53,
                            "Plan Rows": 28413,
                            "Plan Width": 0,
                            "Actual Startup Time": 2.841,
                            "Actual Total Time": 2.841,
                            "Actual Rows": 24250,
                            "Actual Loops": 1,
                            "Index Cond": "(mk.keyword_id < 13)"
                        }
                    ]
                }
            ]
        },
        "Planning Time": 189.488,
        "Triggers": [],
        "Execution Time": 23.896
    }
]