[
  {
    "Plan": {
      "Node Type": "Aggregate",
      "Strategy": "Plain",
      "Partial Mode": "Finalize",
      "Parallel Aware": false,
      "Startup Cost": 142265.16,
      "Total Cost": 142265.17,
      "Plan Rows": 1,
      "Plan Width": 8,
      "Actual Startup Time": 855.182,
      "Actual Total Time": 925.045,
      "Actual Rows": 1,
      "Actual Loops": 1,
      "Plans": [
        {
          "Node Type": "Gather",
          "Parent Relationship": "Outer",
          "Parallel Aware": false,
          "Startup Cost": 142264.85,
          "Total Cost": 142265.16,
          "Plan Rows": 3,
          "Plan Width": 8,
          "Actual Startup Time": 853.998,
          "Actual Total Time": 925.035,
          "Actual Rows": 4,
          "Actual Loops": 1,
          "Workers Planned": 3,
          "Workers Launched": 3,
          "Single Copy": false,
          "Plans": [
            {
              "Node Type": "Aggregate",
              "Strategy": "Plain",
              "Partial Mode": "Partial",
              "Parent Relationship": "Outer",
              "Parallel Aware": false,
              "Startup Cost": 141264.85,
              "Total Cost": 141264.86,
              "Plan Rows": 1,
              "Plan Width": 8,
              "Actual Startup Time": 846.347,
              "Actual Total Time": 846.351,
              "Actual Rows": 1,
              "Actual Loops": 4,
              "Plans": [
                {
                  "Node Type": "Nested Loop",
                  "Parent Relationship": "Outer",
                  "Parallel Aware": false,
                  "Join Type": "Inner",
                  "Startup Cost": 61043.25,
                  "Total Cost": 140771.97,
                  "Plan Rows": 197152,
                  "Plan Width": 0,
                  "Actual Startup Time": 158.522,
                  "Actual Total Time": 810.382,
                  "Actual Rows": 623517,
                  "Actual Loops": 4,
                  "Inner Unique": false,
                  "Join Filter": "(t.id = ci.movie_id)",
                  "Rows Removed by Join Filter": 0,
                  "Plans": [
                    {
                      "Node Type": "Hash Join",
                      "Parent Relationship": "Outer",
                      "Parallel Aware": true,
                      "Join Type": "Inner",
                      "Startup Cost": 61042.69,
                      "Total Cost": 88967.55,
                      "Plan Rows": 13751,
                      "Plan Width": 8,
                      "Actual Startup Time": 158.314,
                      "Actual Total Time": 237.669,
                      "Actual Rows": 10042,
                      "Actual Loops": 4,
                      "Inner Unique": true,
                      "Hash Cond": "(mk.movie_id = t.id)",
                      "Plans": [
                        {
                          "Node Type": "Bitmap Heap Scan",
                          "Parent Relationship": "Outer",
                          "Parallel Aware": true,
                          "Relation Name": "movie_keyword",
                          "Alias": "mk",
                          "Startup Cost": 15089.65,
                          "Total Cost": 42412.13,
                          "Plan Rows": 229478,
                          "Plan Width": 4,
                          "Actual Startup Time": 45.258,
                          "Actual Total Time": 94.917,
                          "Actual Rows": 177271,
                          "Actual Loops": 4,
                          "Recheck Cond": "(keyword_id > 26633)",
                          "Rows Removed by Index Recheck": 0,
                          "Exact Heap Blocks": 10241,
                          "Lossy Heap Blocks": 0,
                          "Plans": [
                            {
                              "Node Type": "Bitmap Index Scan",
                              "Parent Relationship": "Outer",
                              "Parallel Aware": false,
                              "Index Name": "keyword_id_movie_keyword",
                              "Startup Cost": 0.0,
                              "Total Cost": 14911.81,
                              "Plan Rows": 711383,
                              "Plan Width": 0,
                              "Actual Startup Time": 41.687,
                              "Actual Total Time": 41.688,
                              "Actual Rows": 709085,
                              "Actual Loops": 1,
                              "Index Cond": "(keyword_id > 26633)"
                            }
                          ]
                        },
                        {
                          "Node Type": "Hash",
                          "Parent Relationship": "Inner",
                          "Parallel Aware": true,
                          "Startup Cost": 45479.59,
                          "Total Cost": 45479.59,
                          "Plan Rows": 37876,
                          "Plan Width": 4,
                          "Actual Startup Time": 111.858,
                          "Actual Total Time": 111.859,
                          "Actual Rows": 33690,
                          "Actual Loops": 4,
                          "Hash Buckets": 262144,
                          "Original Hash Buckets": 262144,
                          "Hash Batches": 1,
                          "Original Hash Batches": 1,
                          "Peak Memory Usage": 7360,
                          "Plans": [
                            {
                              "Node Type": "Seq Scan",
                              "Parent Relationship": "Outer",
                              "Parallel Aware": true,
                              "Relation Name": "title",
                              "Alias": "t",
                              "Startup Cost": 0.0,
                              "Total Cost": 45479.59,
                              "Plan Rows": 37876,
                              "Plan Width": 4,
                              "Actual Startup Time": 0.084,
                              "Actual Total Time": 98.698,
                              "Actual Rows": 33690,
                              "Actual Loops": 4,
                              "Filter": "((kind_id < 7) AND (production_year > 2010))",
                              "Rows Removed by Filter": 598388
                            }
                          ]
                        }
                      ]
                    },
                    {
                      "Node Type": "Index Only Scan",
                      "Parent Relationship": "Inner",
                      "Parallel Aware": false,
                      "Scan Direction": "Forward",
                      "Index Name": "movie_id_cast_info",
                      "Relation Name": "cast_info",
                      "Alias": "ci",
                      "Startup Cost": 0.56,
                      "Total Cost": 3.33,
                      "Plan Rows": 35,
                      "Plan Width": 4,
                      "Actual Startup Time": 0.007,
                      "Actual Total Time": 0.05,
                      "Actual Rows": 62,
                      "Actual Loops": 40170,
                      "Index Cond": "(movie_id = mk.movie_id)",
                      "Rows Removed by Index Recheck": 0,
                      "Heap Fetches": 2494067
                    }
                  ]
                }
              ]
            }
          ]
        }
      ]
    },
    "Planning Time": 0.394,
    "Triggers": [],
    "Execution Time": 925.116
  }
]