{
  "Plan": {
    "Node Type": "Aggregate",
    "Strategy": "Plain",
    "Partial Mode": "Finalize",
    "Parallel Aware": false,
    "Startup Cost": 116723.61,
    "Total Cost": 116723.62,
    "Plan Rows": 1,
    "Plan Width": 8,
    "Actual Startup Time": 417.998,
    "Actual Total Time": 434.861,
    "Actual Rows": 1,
    "Actual Loops": 1,
    "Plans": [
      {
        "Node Type": "Gather",
        "Parent Relationship": "Outer",
        "Parallel Aware": false,
        "Startup Cost": 116723.5,
        "Total Cost": 116723.61,
        "Plan Rows": 1,
        "Plan Width": 8,
        "Actual Startup Time": 417.43,
        "Actual Total Time": 434.848,
        "Actual Rows": 2,
        "Actual Loops": 1,
        "Workers Planned": 1,
        "Workers Launched": 1,
        "Single Copy": false,
        "Plans": [
          {
            "Node Type": "Aggregate",
            "Strategy": "Plain",
            "Partial Mode": "Partial",
            "Parent Relationship": "Outer",
            "Parallel Aware": false,
            "Startup Cost": 115723.5,
            "Total Cost": 115723.51,
            "Plan Rows": 1,
            "Plan Width": 8,
            "Actual Startup Time": 411.689,
            "Actual Total Time": 411.696,
            "Actual Rows": 1,
            "Actual Loops": 2,
            "Plans": [
              {
                "Node Type": "Hash Join",
                "Parent Relationship": "Outer",
                "Parallel Aware": true,
                "Join Type": "Inner",
                "Startup Cost": 55667.36,
                "Total Cost": 115601.04,
                "Plan Rows": 48985,
                "Plan Width": 0,
                "Actual Startup Time": 172.759,
                "Actual Total Time": 409.07,
                "Actual Rows": 63230,
                "Actual Loops": 2,
                "Inner Unique": true,
                "Hash Cond": "(mk.movie_id = t.id)",
                "Plans": [
                  {
                    "Node Type": "Seq Scan",
                    "Parent Relationship": "Outer",
                    "Parallel Aware": true,
                    "Relation Name": "movie_keyword",
                    "Alias": "mk",
                    "Startup Cost": 0.0,
                    "Total Cost": 57718.19,
                    "Plan Rows": 843993,
                    "Plan Width": 4,
                    "Actual Startup Time": 0.012,
                    "Actual Total Time": 168.776,
                    "Actual Rows": 723431,
                    "Actual Loops": 2,
                    "Filter": "(keyword_id < 2029)",
                    "Rows Removed by Filter": 1538534
                  },
                  {
                    "Node Type": "Hash",
                    "Parent Relationship": "Inner",
                    "Parallel Aware": true,
                    "Startup Cost": 54588.39,
                    "Total Cost": 54588.39,
                    "Plan Rows": 86318,
                    "Plan Width": 4,
                    "Actual Startup Time": 165.096,
                    "Actual Total Time": 165.098,
                    "Actual Rows": 73860,
                    "Actual Loops": 2,
                    "Hash Buckets": 262144,
                    "Original Hash Buckets": 262144,
                    "Hash Batches": 1,
                    "Original Hash Batches": 1,
                    "Peak Memory Usage": 7840,
                    "Plans": [
                      {
                        "Node Type": "Seq Scan",
                        "Parent Relationship": "Outer",
                        "Parallel Aware": true,
                        "Relation Name": "title",
                        "Alias": "t",
                        "Startup Cost": 0.0,
                        "Total Cost": 54588.39,
                        "Plan Rows": 86318,
                        "Plan Width": 4,
                        "Actual Startup Time": 6.877,
                        "Actual Total Time": 143.782,
                        "Actual Rows": 73860,
                        "Actual Loops": 2,
                        "Filter": "(production_year < 1943)",
                        "Rows Removed by Filter": 1190296
                      }
                    ]
                  }
                ]
              }
            ]
          }
        ]
      }
    ]
  },
  "Planning Time": 0.465,
  "Triggers": [],
  "Execution Time": 434.951
}