{
  "Plan": {
    "Node Type": "Aggregate",
    "Strategy": "Plain",
    "Partial Mode": "Finalize",
    "Parallel Aware": false,
    "Startup Cost": 251384.11,
    "Total Cost": 251384.12,
    "Plan Rows": 1,
    "Plan Width": 32,
    "Actual Startup Time": 1632.393,
    "Actual Total Time": 1696.388,
    "Actual Rows": 1,
    "Actual Loops": 1,
    "Plans": [
      {
        "Node Type": "Gather",
        "Parent Relationship": "Outer",
        "Parallel Aware": false,
        "Startup Cost": 251383.99,
        "Total Cost": 251384.1,
        "Plan Rows": 1,
        "Plan Width": 32,
        "Actual Startup Time": 1632.385,
        "Actual Total Time": 1696.382,
        "Actual Rows": 2,
        "Actual Loops": 1,
        "Workers Planned": 1,
        "Workers Launched": 1,
        "Single Copy": false,
        "Plans": [
          {
            "Node Type": "Aggregate",
            "Strategy": "Plain",
            "Partial Mode": "Partial",
            "Parent Relationship": "Outer",
            "Parallel Aware": false,
            "Startup Cost": 250383.99,
            "Total Cost": 250384.0,
            "Plan Rows": 1,
            "Plan Width": 32,
            "Actual Startup Time": 1623.072,
            "Actual Total Time": 1623.079,
            "Actual Rows": 1,
            "Actual Loops": 2,
            "Plans": [
              {
                "Node Type": "Hash Join",
                "Parent Relationship": "Outer",
                "Parallel Aware": false,
                "Join Type": "Inner",
                "Startup Cost": 249626.8,
                "Total Cost": 250361.51,
                "Plan Rows": 8994,
                "Plan Width": 17,
                "Actual Startup Time": 1607.013,
                "Actual Total Time": 1623.023,
                "Actual Rows": 659,
                "Actual Loops": 2,
                "Inner Unique": true,
                "Hash Cond": "(mc.company_type_id = ct.id)",
                "Plans": [
                  {
                    "Node Type": "Merge Join",
                    "Parent Relationship": "Outer",
                    "Parallel Aware": false,
                    "Join Type": "Inner",
                    "Startup Cost": 249625.74,
                    "Total Cost": 250165.95,
                    "Plan Rows": 35977,
                    "Plan Width": 21,
                    "Actual Startup Time": 1606.654,
                    "Actual Total Time": 1618.782,
                    "Actual Rows": 81509,
                    "Actual Loops": 2,
                    "Inner Unique": true,
                    "Merge Cond": "(mi.info_type_id = it.id)",
                    "Plans": [
                      {
                        "Node Type": "Sort",
                        "Parent Relationship": "Outer",
                        "Parallel Aware": false,
                        "Startup Cost": 249619.76,
                        "Total Cost": 249709.7,
                        "Plan Rows": 35977,
                        "Plan Width": 25,
                        "Actual Startup Time": 1606.583,
                        "Actual Total Time": 1610.012,
                        "Actual Rows": 81509,
                        "Actual Loops": 2,
                        "Sort Key": [
                          "mi.info_type_id"
                        ],
                        "Sort Method": "quicksort",
                        "Sort Space Used": 10345,
                        "Sort Space Type": "Memory",
                        "Workers": [
                          {
                            "Worker Number": 0,
                            "Sort Method": "quicksort",
                            "Sort Space Used": 8768,
                            "Sort Space Type": "Memory"
                          }
                        ],
                        "Plans": [
                          {
                            "Node Type": "Nested Loop",
                            "Parent Relationship": "Outer",
                            "Parallel Aware": false,
                            "Join Type": "Inner",
                            "Startup Cost": 43076.87,
                            "Total Cost": 246897.23,
                            "Plan Rows": 35977,
                            "Plan Width": 25,
                            "Actual Startup Time": 246.949,
                            "Actual Total Time": 1586.259,
                            "Actual Rows": 81509,
                            "Actual Loops": 2,
                            "Inner Unique": false,
                            "Plans": [
                              {
                                "Node Type": "Hash Join",
                                "Parent Relationship": "Outer",
                                "Parallel Aware": true,
                                "Join Type": "Inner",
                                "Startup Cost": 43076.44,
                                "Total Cost": 104093.39,
                                "Plan Rows": 65773,
                                "Plan Width": 29,
                                "Actual Startup Time": 246.595,
                                "Actual Total Time": 586.813,
                                "Actual Rows": 47034,
                                "Actual Loops": 2,
                                "Inner Unique": false,
                                "Hash Cond": "(t.id = mc.movie_id)",
                                "Plans": [
                                  {
                                    "Node Type": "Seq Scan",
                                    "Parent Relationship": "Outer",
                                    "Parallel Aware": true,
                                    "Relation Name": "title",
                                    "Alias": "t",
                                    "Startup Cost": 0.0,
                                    "Total Cost": 54587.68,
                                    "Plan Rows": 966779,
                                    "Plan Width": 21,
                                    "Actual Startup Time": 0.015,
                                    "Actual Total Time": 157.028,
                                    "Actual Rows": 821757,
                                    "Actual Loops": 2,
                                    "Filter": "(production_year > 1994)",
                                    "Rows Removed by Filter": 442399
                                  },
                                  {
                                    "Node Type": "Hash",
                                    "Parent Relationship": "Inner",
                                    "Parallel Aware": true,
                                    "Startup Cost": 41811.73,
                                    "Total Cost": 41811.73,
                                    "Plan Rows": 101177,
                                    "Plan Width": 8,
                                    "Actual Startup Time": 242.982,
                                    "Actual Total Time": 242.984,
                                    "Actual Rows": 147814,
                                    "Actual Loops": 2,
                                    "Hash Buckets": 524288,
                                    "Original Hash Buckets": 262144,
                                    "Hash Batches": 1,
                                    "Original Hash Batches": 1,
                                    "Peak Memory Usage": 17760,
                                    "Plans": [
                                      {
                                        "Node Type": "Seq Scan",
                                        "Parent Relationship": "Outer",
                                        "Parallel Aware": true,
                                        "Relation Name": "movie_companies",
                                        "Alias": "mc",
                                        "Startup Cost": 0.0,
                                        "Total Cost": 41811.73,
                                        "Plan Rows": 101177,
                                        "Plan Width": 8,
                                        "Actual Startup Time": 0.056,
                                        "Actual Total Time": 197.299,
                                        "Actual Rows": 147814,
                                        "Actual Loops": 2,
                                        "Filter": "((note !~~ '%(TV)%'::text) AND (note ~~ '%(USA)%'::text))",
                                        "Rows Removed by Filter": 1156750
                                      }
                                    ]
                                  }
                                ]
                              },
                              {
                                "Node Type": "Index Scan",
                                "Parent Relationship": "Inner",
                                "Parallel Aware": false,
                                "Scan Direction": "Forward",
                                "Index Name": "movie_id_movie_info",
                                "Relation Name": "movie_info",
                                "Alias": "mi",
                                "Startup Cost": 0.43,
                                "Total Cost": 2.13,
                                "Plan Rows": 4,
                                "Plan Width": 8,
                                "Actual Startup Time": 0.007,
                                "Actual Total Time": 0.021,
                                "Actual Rows": 2,
                                "Actual Loops": 94067,
                                "Index Cond": "(movie_id = t.id)",
                                "Rows Removed by Index Recheck": 0,
                                "Filter": "(info = ANY ('{USA,English,Denmark,German,Danish,America,Swedish,Denish,Sweden,Norway}'::text[]))",
                                "Rows Removed by Filter": 38
                              }
                            ]
                          }
                        ]
                      },
                      {
                        "Node Type": "Sort",
                        "Parent Relationship": "Inner",
                        "Parallel Aware": false,
                        "Startup Cost": 5.98,
                        "Total Cost": 6.27,
                        "Plan Rows": 113,
                        "Plan Width": 4,
                        "Actual Startup Time": 0.063,
                        "Actual Total Time": 0.066,
                        "Actual Rows": 67,
                        "Actual Loops": 2,
                        "Sort Key": [
                          "it.id"
                        ],
                        "Sort Method": "quicksort",
                        "Sort Space Used": 30,
                        "Sort Space Type": "Memory",
                        "Workers": [
                          {
                            "Worker Number": 0,
                            "Sort Method": "quicksort",
                            "Sort Space Used": 30,
                            "Sort Space Type": "Memory"
                          }
                        ],
                        "Plans": [
                          {
                            "Node Type": "Seq Scan",
                            "Parent Relationship": "Outer",
                            "Parallel Aware": false,
                            "Relation Name": "info_type",
                            "Alias": "it",
                            "Startup Cost": 0.0,
                            "Total Cost": 2.13,
                            "Plan Rows": 113,
                            "Plan Width": 4,
                            "Actual Startup Time": 0.033,
                            "Actual Total Time": 0.041,
                            "Actual Rows": 113,
                            "Actual Loops": 2
                          }
                        ]
                      }
                    ]
                  },
                  {
                    "Node Type": "Hash",
                    "Parent Relationship": "Inner",
                    "Parallel Aware": false,
                    "Startup Cost": 1.05,
                    "Total Cost": 1.05,
                    "Plan Rows": 1,
                    "Plan Width": 4,
                    "Actual Startup Time": 0.085,
                    "Actual Total Time": 0.086,
                    "Actual Rows": 1,
                    "Actual Loops": 2,
                    "Hash Buckets": 1024,
                    "Original Hash Buckets": 1024,
                    "Hash Batches": 1,
                    "Original Hash Batches": 1,
                    "Peak Memory Usage": 9,
                    "Plans": [
                      {
                        "Node Type": "Seq Scan",
                        "Parent Relationship": "Outer",
                        "Parallel Aware": false,
                        "Relation Name": "company_type",
                        "Alias": "ct",
                        "Startup Cost": 0.0,
                        "Total Cost": 1.05,
                        "Plan Rows": 1,
                        "Plan Width": 4,
                        "Actual Startup Time": 0.067,
                        "Actual Total Time": 0.07,
                        "Actual Rows": 1,
                        "Actual Loops": 2,
                        "Filter": "((kind)::text = 'production companies'::text)",
                        "Rows Removed by Filter": 3
                      }
                    ]
                  }
                ]
              }
            ]
          }
        ]
      }
    ]
  },
  "Planning Time": 1.407,
  "Triggers": [],
  "Execution Time": 1696.517
}