[
  {
    "Plan": {
      "Node Type": "Aggregate",
      "Strategy": "Plain",
      "Partial Mode": "Finalize",
      "Parallel Aware": false,
      "Startup Cost": 39407.26,
      "Total Cost": 39407.27,
      "Plan Rows": 1,
      "Plan Width": 8,
      "Actual Startup Time": 43.682,
      "Actual Total Time": 48.631,
      "Actual Rows": 1,
      "Actual Loops": 1,
      "Plans": [
        {
          "Node Type": "Gather",
          "Parent Relationship": "Outer",
          "Parallel Aware": false,
          "Startup Cost": 39407.05,
          "Total Cost": 39407.26,
          "Plan Rows": 2,
          "Plan Width": 8,
          "Actual Startup Time": 43.553,
          "Actual Total Time": 48.624,
          "Actual Rows": 3,
          "Actual Loops": 1,
          "Workers Planned": 2,
          "Workers Launched": 2,
          "Single Copy": false,
          "Plans": [
            {
              "Node Type": "Aggregate",
              "Strategy": "Plain",
              "Partial Mode": "Partial",
              "Parent Relationship": "Outer",
              "Parallel Aware": false,
              "Startup Cost": 38407.05,
              "Total Cost": 38407.06,
              "Plan Rows": 1,
              "Plan Width": 8,
              "Actual Startup Time": 35.42,
              "Actual Total Time": 35.421,
              "Actual Rows": 1,
              "Actual Loops": 3,
              "Plans": [
                {
                  "Node Type": "Nested Loop",
                  "Parent Relationship": "Outer",
                  "Parallel Aware": false,
                  "Join Type": "Inner",
                  "Startup Cost": 164.47,
                  "Total Cost": 38403.92,
                  "Plan Rows": 1250,
                  "Plan Width": 0,
                  "Actual Startup Time": 3.934,
                  "Actual Total Time": 35.017,
                  "Actual Rows": 1983,
                  "Actual Loops": 3,
                  "Inner Unique": true,
                  "Plans": [
                    {
                      "Node Type": "Bitmap Heap Scan",
                      "Parent Relationship": "Outer",
                      "Parallel Aware": true,
                      "Relation Name": "movie_keyword",
                      "Alias": "mk",
                      "Startup Cost": 164.04,
                      "Total Cost": 16394.0,
                      "Plan Rows": 3205,
                      "Plan Width": 4,
                      "Actual Startup Time": 2.382,
                      "Actual Total Time": 11.602,
                      "Actual Rows": 2216,
                      "Actual Loops": 3,
                      "Recheck Cond": "(keyword_id = 500)",
                      "Rows Removed by Index Recheck": 0,
                      "Exact Heap Blocks": 3285,
                      "Lossy Heap Blocks": 0,
                      "Plans": [
                        {
                          "Node Type": "Bitmap Index Scan",
                          "Parent Relationship": "Outer",
                          "Parallel Aware": false,
                          "Index Name": "keyword_id_movie_keyword",
                          "Startup Cost": 0.0,
                          "Total Cost": 162.12,
                          "Plan Rows": 7691,
                          "Plan Width": 0,
                          "Actual Startup Time": 4.495,
                          "Actual Total Time": 4.495,
                          "Actual Rows": 6649,
                          "Actual Loops": 1,
                          "Index Cond": "(keyword_id = 500)"
                        }
                      ]
                    },
                    {
                      "Node Type": "Index Scan",
                      "Parent Relationship": "Inner",
                      "Parallel Aware": false,
                      "Scan Direction": "Forward",
                      "Index Name": "title_pkey",
                      "Relation Name": "title",
                      "Alias": "t",
                      "Startup Cost": 0.43,
                      "Total Cost": 6.87,
                      "Plan Rows": 1,
                      "Plan Width": 4,
                      "Actual Startup Time": 0.01,
                      "Actual Total Time": 0.01,
                      "Actual Rows": 1,
                      "Actual Loops": 6649,
                      "Index Cond": "(id = mk.movie_id)",
                      "Rows Removed by Index Recheck": 0,
                      "Filter": "(kind_id < 7)",
                      "Rows Removed by Filter": 0
                    }
                  ]
                }
              ]
            }
          ]
        }
      ]
    },
    "Planning Time": 0.627,
    "Triggers": [],
    "Execution Time": 48.73
  }
]