{
  "Plan": {
    "Node Type": "Aggregate",
    "Strategy": "Plain",
    "Partial Mode": "Finalize",
    "Parallel Aware": false,
    "Startup Cost": 395260.75,
    "Total Cost": 395260.76,
    "Plan Rows": 1,
    "Plan Width": 8,
    "Actual Startup Time": 1228.08,
    "Actual Total Time": 1255.981,
    "Actual Rows": 1,
    "Actual Loops": 1,
    "Plans": [
      {
        "Node Type": "Gather",
        "Parent Relationship": "Outer",
        "Parallel Aware": false,
        "Startup Cost": 395260.63,
        "Total Cost": 395260.74,
        "Plan Rows": 1,
        "Plan Width": 8,
        "Actual Startup Time": 1220.657,
        "Actual Total Time": 1255.974,
        "Actual Rows": 2,
        "Actual Loops": 1,
        "Workers Planned": 1,
        "Workers Launched": 1,
        "Single Copy": false,
        "Plans": [
          {
            "Node Type": "Aggregate",
            "Strategy": "Plain",
            "Partial Mode": "Partial",
            "Parent Relationship": "Outer",
            "Parallel Aware": false,
            "Startup Cost": 394260.63,
            "Total Cost": 394260.64,
            "Plan Rows": 1,
            "Plan Width": 8,
            "Actual Startup Time": 1213.952,
            "Actual Total Time": 1213.958,
            "Actual Rows": 1,
            "Actual Loops": 2,
            "Plans": [
              {
                "Node Type": "Hash Join",
                "Parent Relationship": "Outer",
                "Parallel Aware": true,
                "Join Type": "Inner",
                "Startup Cost": 373328.05,
                "Total Cost": 394019.37,
                "Plan Rows": 96505,
                "Plan Width": 0,
                "Actual Startup Time": 1030.543,
                "Actual Total Time": 1198.754,
                "Actual Rows": 368456,
                "Actual Loops": 2,
                "Inner Unique": false,
                "Hash Cond": "(mi_idx.movie_id = t.id)",
                "Plans": [
                  {
                    "Node Type": "Seq Scan",
                    "Parent Relationship": "Outer",
                    "Parallel Aware": true,
                    "Relation Name": "movie_info_idx",
                    "Alias": "mi_idx",
                    "Startup Cost": 0.0,
                    "Total Cost": 18082.32,
                    "Plan Rows": 544356,
                    "Plan Width": 4,
                    "Actual Startup Time": 0.022,
                    "Actual Total Time": 57.827,
                    "Actual Rows": 460055,
                    "Actual Loops": 2,
                    "Filter": "(info_type_id > 99)",
                    "Rows Removed by Filter": 229962
                  },
                  {
                    "Node Type": "Hash",
                    "Parent Relationship": "Inner",
                    "Parallel Aware": true,
                    "Startup Cost": 370032.31,
                    "Total Cost": 370032.31,
                    "Plan Rows": 263659,
                    "Plan Width": 8,
                    "Actual Startup Time": 1024.992,
                    "Actual Total Time": 1024.997,
                    "Actual Rows": 492852,
                    "Actual Loops": 2,
                    "Hash Buckets": 1048576,
                    "Original Hash Buckets": 524288,
                    "Hash Batches": 1,
                    "Original Hash Batches": 1,
                    "Peak Memory Usage": 50880,
                    "Plans": [
                      {
                        "Node Type": "Hash Join",
                        "Parent Relationship": "Outer",
                        "Parallel Aware": true,
                        "Join Type": "Inner",
                        "Startup Cost": 103446.05,
                        "Total Cost": 370032.31,
                        "Plan Rows": 263659,
                        "Plan Width": 8,
                        "Actual Startup Time": 566.523,
                        "Actual Total Time": 906.555,
                        "Actual Rows": 492852,
                        "Actual Loops": 2,
                        "Inner Unique": true,
                        "Hash Cond": "(ci.movie_id = t.id)",
                        "Plans": [
                          {
                            "Node Type": "Bitmap Heap Scan",
                            "Parent Relationship": "Outer",
                            "Parallel Aware": true,
                            "Relation Name": "cast_info",
                            "Alias": "ci",
                            "Startup Cost": 32571.33,
                            "Total Cost": 298367.57,
                            "Plan Rows": 300959,
                            "Plan Width": 4,
                            "Actual Startup Time": 50.017,
                            "Actual Total Time": 155.383,
                            "Actual Rows": 552234,
                            "Actual Loops": 2,
                            "Recheck Cond": "(person_id < 153744)",
                            "Rows Removed by Index Recheck": 0,
                            "Filter": "(role_id < 2)",
                            "Rows Removed by Filter": 215734,
                            "Exact Heap Blocks": 9064,
                            "Lossy Heap Blocks": 0,
                            "Plans": [
                              {
                                "Node Type": "Bitmap Index Scan",
                                "Parent Relationship": "Outer",
                                "Parallel Aware": false,
                                "Index Name": "person_id_cast_info",
                                "Startup Cost": 0.0,
                                "Total Cost": 32443.42,
                                "Plan Rows": 1485714,
                                "Plan Width": 0,
                                "Actual Startup Time": 47.479,
                                "Actual Total Time": 47.479,
                                "Actual Rows": 1535936,
                                "Actual Loops": 1,
                                "Index Cond": "(person_id < 153744)"
                              }
                            ]
                          },
                          {
                            "Node Type": "Hash",
                            "Parent Relationship": "Inner",
                            "Parallel Aware": true,
                            "Startup Cost": 54588.39,
                            "Total Cost": 54588.39,
                            "Plan Rows": 1302907,
                            "Plan Width": 4,
                            "Actual Startup Time": 498.968,
                            "Actual Total Time": 498.968,
                            "Actual Rows": 1101848,
                            "Actual Loops": 2,
                            "Hash Buckets": 4194304,
                            "Original Hash Buckets": 4194304,
                            "Hash Batches": 1,
                            "Original Hash Batches": 1,
                            "Peak Memory Usage": 119008,
                            "Plans": [
                              {
                                "Node Type": "Seq Scan",
                                "Parent Relationship": "Outer",
                                "Parallel Aware": true,
                                "Relation Name": "title",
                                "Alias": "t",
                                "Startup Cost": 0.0,
                                "Total Cost": 54588.39,
                                "Plan Rows": 1302907,
                                "Plan Width": 4,
                                "Actual Startup Time": 0.042,
                                "Actual Total Time": 180.846,
                                "Actual Rows": 1101848,
                                "Actual Loops": 2,
                                "Filter": "(production_year > 1960)",
                                "Rows Removed by Filter": 162308
                              }
                            ]
                          }
                        ]
                      }
                    ]
                  }
                ]
              }
            ]
          }
        ]
      }
    ]
  },
  "Planning Time": 0.977,
  "Triggers": [],
  "Execution Time": 1256.12
}