[
  {
    "Plan": {
      "Node Type": "Aggregate",
      "Strategy": "Plain",
      "Partial Mode": "Finalize",
      "Parallel Aware": false,
      "Startup Cost": 45800.07,
      "Total Cost": 45800.08,
      "Plan Rows": 1,
      "Plan Width": 8,
      "Actual Startup Time": 149.879,
      "Actual Total Time": 157.501,
      "Actual Rows": 1,
      "Actual Loops": 1,
      "Plans": [
        {
          "Node Type": "Gather",
          "Parent Relationship": "Outer",
          "Parallel Aware": false,
          "Startup Cost": 45799.75,
          "Total Cost": 45800.06,
          "Plan Rows": 3,
          "Plan Width": 8,
          "Actual Startup Time": 149.644,
          "Actual Total Time": 157.491,
          "Actual Rows": 4,
          "Actual Loops": 1,
          "Workers Planned": 3,
          "Workers Launched": 3,
          "Single Copy": false,
          "Plans": [
            {
              "Node Type": "Aggregate",
              "Strategy": "Plain",
              "Partial Mode": "Partial",
              "Parent Relationship": "Outer",
              "Parallel Aware": false,
              "Startup Cost": 44799.75,
              "Total Cost": 44799.76,
              "Plan Rows": 1,
              "Plan Width": 8,
              "Actual Startup Time": 143.199,
              "Actual Total Time": 143.2,
              "Actual Rows": 1,
              "Actual Loops": 4,
              "Plans": [
                {
                  "Node Type": "Seq Scan",
                  "Parent Relationship": "Outer",
                  "Parallel Aware": true,
                  "Relation Name": "movie_keyword",
                  "Alias": "mk",
                  "Startup Cost": 0.0,
                  "Total Cost": 42695.65,
                  "Plan Rows": 841638,
                  "Plan Width": 0,
                  "Actual Startup Time": 0.055,
                  "Actual Total Time": 114.289,
                  "Actual Rows": 651016,
                  "Actual Loops": 4,
                  "Filter": "(keyword_id < 7032)",
                  "Rows Removed by Filter": 479966
                }
              ]
            }
          ]
        }
      ]
    },
    "Planning Time": 0.179,
    "Triggers": [],
    "Execution Time": 157.563
  }
]