[
  {
    "Plan": {
      "Node Type": "Aggregate",
      "Strategy": "Plain",
      "Partial Mode": "Finalize",
      "Parallel Aware": false,
      "Startup Cost": 83824.09,
      "Total Cost": 83824.1,
      "Plan Rows": 1,
      "Plan Width": 8,
      "Actual Startup Time": 255.761,
      "Actual Total Time": 269.363,
      "Actual Rows": 1,
      "Actual Loops": 1,
      "Plans": [
        {
          "Node Type": "Gather",
          "Parent Relationship": "Outer",
          "Parallel Aware": false,
          "Startup Cost": 83823.77,
          "Total Cost": 83824.08,
          "Plan Rows": 3,
          "Plan Width": 8,
          "Actual Startup Time": 254.999,
          "Actual Total Time": 269.352,
          "Actual Rows": 4,
          "Actual Loops": 1,
          "Workers Planned": 3,
          "Workers Launched": 3,
          "Single Copy": false,
          "Plans": [
            {
              "Node Type": "Aggregate",
              "Strategy": "Plain",
              "Partial Mode": "Partial",
              "Parent Relationship": "Outer",
              "Parallel Aware": false,
              "Startup Cost": 82823.77,
              "Total Cost": 82823.78,
              "Plan Rows": 1,
              "Plan Width": 8,
              "Actual Startup Time": 245.562,
              "Actual Total Time": 245.566,
              "Actual Rows": 1,
              "Actual Loops": 4,
              "Plans": [
                {
                  "Node Type": "Hash Join",
                  "Parent Relationship": "Outer",
                  "Parallel Aware": true,
                  "Join Type": "Inner",
                  "Startup Cost": 38889.56,
                  "Total Cost": 82787.7,
                  "Plan Rows": 14431,
                  "Plan Width": 0,
                  "Actual Startup Time": 109.959,
                  "Actual Total Time": 243.592,
                  "Actual Rows": 31536,
                  "Actual Loops": 4,
                  "Inner Unique": true,
                  "Hash Cond": "(mk.movie_id = t.id)",
                  "Plans": [
                    {
                      "Node Type": "Seq Scan",
                      "Parent Relationship": "Outer",
                      "Parallel Aware": true,
                      "Relation Name": "movie_keyword",
                      "Alias": "mk",
                      "Startup Cost": 0.0,
                      "Total Cost": 42695.65,
                      "Plan Rows": 458090,
                      "Plan Width": 4,
                      "Actual Startup Time": 0.039,
                      "Actual Total Time": 120.24,
                      "Actual Rows": 355982,
                      "Actual Loops": 4,
                      "Filter": "(keyword_id < 1962)",
                      "Rows Removed by Filter": 775001
                    },
                    {
                      "Node Type": "Hash",
                      "Parent Relationship": "Inner",
                      "Parallel Aware": true,
                      "Startup Cost": 38640.64,
                      "Total Cost": 38640.64,
                      "Plan Rows": 19913,
                      "Plan Width": 4,
                      "Actual Startup Time": 73.996,
                      "Actual Total Time": 73.998,
                      "Actual Rows": 26008,
                      "Actual Loops": 4,
                      "Hash Buckets": 131072,
                      "Original Hash Buckets": 131072,
                      "Hash Batches": 1,
                      "Original Hash Batches": 1,
                      "Peak Memory Usage": 5152,
                      "Plans": [
                        {
                          "Node Type": "Bitmap Heap Scan",
                          "Parent Relationship": "Outer",
                          "Parallel Aware": true,
                          "Relation Name": "title",
                          "Alias": "t",
                          "Startup Cost": 2187.21,
                          "Total Cost": 38640.64,
                          "Plan Rows": 19913,
                          "Plan Width": 4,
                          "Actual Startup Time": 15.064,
                          "Actual Total Time": 61.295,
                          "Actual Rows": 26008,
                          "Actual Loops": 4,
                          "Recheck Cond": "(kind_id = 4)",
                          "Rows Removed by Index Recheck": 0,
                          "Filter": "(production_year > 1994)",
                          "Rows Removed by Filter": 3550,
                          "Exact Heap Blocks": 6041,
                          "Lossy Heap Blocks": 0,
                          "Plans": [
                            {
                              "Node Type": "Bitmap Index Scan",
                              "Parent Relationship": "Outer",
                              "Parallel Aware": false,
                              "Index Name": "kind_id_title",
                              "Startup Cost": 0.0,
                              "Total Cost": 2167.3,
                              "Plan Rows": 121449,
                              "Plan Width": 0,
                              "Actual Startup Time": 16.091,
                              "Actual Total Time": 16.091,
                              "Actual Rows": 118234,
                              "Actual Loops": 1,
                              "Index Cond": "(kind_id = 4)"
                            }
                          ]
                        }
                      ]
                    }
                  ]
                }
              ]
            }
          ]
        }
      ]
    },
    "Planning Time": 0.715,
    "Triggers": [],
    "Execution Time": 269.462
  }
]