[
  {
    "Plan": {
      "Node Type": "Aggregate",
      "Strategy": "Plain",
      "Partial Mode": "Finalize",
      "Parallel Aware": false,
      "Startup Cost": 472310.92,
      "Total Cost": 472310.93,
      "Plan Rows": 1,
      "Plan Width": 8,
      "Actual Startup Time": 2702.419,
      "Actual Total Time": 2759.893,
      "Actual Rows": 1,
      "Actual Loops": 1,
      "Plans": [
        {
          "Node Type": "Gather",
          "Parent Relationship": "Outer",
          "Parallel Aware": false,
          "Startup Cost": 472310.3,
          "Total Cost": 472310.91,
          "Plan Rows": 6,
          "Plan Width": 8,
          "Actual Startup Time": 2678.961,
          "Actual Total Time": 2759.882,
          "Actual Rows": 7,
          "Actual Loops": 1,
          "Workers Planned": 6,
          "Workers Launched": 6,
          "Single Copy": false,
          "Plans": [
            {
              "Node Type": "Aggregate",
              "Strategy": "Plain",
              "Partial Mode": "Partial",
              "Parent Relationship": "Outer",
              "Parallel Aware": false,
              "Startup Cost": 471310.3,
              "Total Cost": 471310.31,
              "Plan Rows": 1,
              "Plan Width": 8,
              "Actual Startup Time": 2668.875,
              "Actual Total Time": 2669.472,
              "Actual Rows": 1,
              "Actual Loops": 7,
              "Plans": [
                {
                  "Node Type": "Hash Join",
                  "Parent Relationship": "Outer",
                  "Parallel Aware": true,
                  "Join Type": "Inner",
                  "Startup Cost": 101356.78,
                  "Total Cost": 465367.92,
                  "Plan Rows": 2376952,
                  "Plan Width": 0,
                  "Actual Startup Time": 597.717,
                  "Actual Total Time": 2400.941,
                  "Actual Rows": 5713038,
                  "Actual Loops": 7,
                  "Inner Unique": false,
                  "Hash Cond": "(ci.movie_id = t.id)",
                  "Plans": [
                    {
                      "Node Type": "Seq Scan",
                      "Parent Relationship": "Outer",
                      "Parallel Aware": true,
                      "Relation Name": "cast_info",
                      "Alias": "ci",
                      "Startup Cost": 0.0,
                      "Total Cost": 343316.27,
                      "Plan Rows": 3473942,
                      "Plan Width": 4,
                      "Actual Startup Time": 63.31,
                      "Actual Total Time": 709.912,
                      "Actual Rows": 2861594,
                      "Actual Loops": 7,
                      "Filter": "((person_id > 496227) AND (role_id < 4))",
                      "Rows Removed by Filter": 2316169
                    },
                    {
                      "Node Type": "Hash",
                      "Parent Relationship": "Inner",
                      "Parallel Aware": true,
                      "Startup Cost": 94380.96,
                      "Total Cost": 94380.96,
                      "Plan Rows": 558066,
                      "Plan Width": 8,
                      "Actual Startup Time": 530.961,
                      "Actual Total Time": 531.554,
                      "Actual Rows": 245317,
                      "Actual Loops": 7,
                      "Hash Buckets": 2097152,
                      "Original Hash Buckets": 2097152,
                      "Hash Batches": 1,
                      "Original Hash Batches": 1,
                      "Peak Memory Usage": 83680,
                      "Plans": [
                        {
                          "Node Type": "Hash Join",
                          "Parent Relationship": "Outer",
                          "Parallel Aware": true,
                          "Join Type": "Inner",
                          "Startup Cost": 50220.38,
                          "Total Cost": 94380.96,
                          "Plan Rows": 558066,
                          "Plan Width": 8,
                          "Actual Startup Time": 292.471,
                          "Actual Total Time": 438.159,
                          "Actual Rows": 245317,
                          "Actual Loops": 7,
                          "Inner Unique": true,
                          "Hash Cond": "(mk.movie_id = t.id)",
                          "Plans": [
                            {
                              "Node Type": "Seq Scan",
                              "Parent Relationship": "Outer",
                              "Parallel Aware": true,
                              "Relation Name": "movie_keyword",
                              "Alias": "mk",
                              "Startup Cost": 0.0,
                              "Total Cost": 42695.65,
                              "Plan Rows": 558066,
                              "Plan Width": 4,
                              "Actual Startup Time": 0.418,
                              "Actual Total Time": 76.435,
                              "Actual Rows": 245317,
                              "Actual Loops": 7,
                              "Filter": "(keyword_id > 8274)",
                              "Rows Removed by Filter": 400959
                            },
                            {
                              "Node Type": "Hash",
                              "Parent Relationship": "Inner",
                              "Parallel Aware": true,
                              "Startup Cost": 42319.06,
                              "Total Cost": 42319.06,
                              "Plan Rows": 632106,
                              "Plan Width": 4,
                              "Actual Startup Time": 288.028,
                              "Actual Total Time": 288.03,
                              "Actual Rows": 361187,
                              "Actual Loops": 7,
                              "Hash Buckets": 4194304,
                              "Original Hash Buckets": 4194304,
                              "Hash Batches": 1,
                              "Original Hash Batches": 1,
                              "Peak Memory Usage": 131808,
                              "Plans": [
                                {
                                  "Node Type": "Seq Scan",
                                  "Parent Relationship": "Outer",
                                  "Parallel Aware": true,
                                  "Relation Name": "title",
                                  "Alias": "t",
                                  "Startup Cost": 0.0,
                                  "Total Cost": 42319.06,
                                  "Plan Rows": 632106,
                                  "Plan Width": 4,
                                  "Actual Startup Time": 0.063,
                                  "Actual Total Time": 82.425,
                                  "Actual Rows": 361187,
                                  "Actual Loops": 7
                                }
                              ]
                            }
                          ]
                        }
                      ]
                    }
                  ]
                }
              ]
            }
          ]
        }
      ]
    },
    "Planning Time": 1.225,
    "Triggers": [],
    "Execution Time": 2759.95
  }
]