[
  {
    "Plan": {
      "Node Type": "Aggregate",
      "Strategy": "Plain",
      "Partial Mode": "Finalize",
      "Parallel Aware": false,
      "Startup Cost": 471754.64,
      "Total Cost": 471754.65,
      "Plan Rows": 1,
      "Plan Width": 8,
      "Actual Startup Time": 2706.952,
      "Actual Total Time": 2768.916,
      "Actual Rows": 1,
      "Actual Loops": 1,
      "Plans": [
        {
          "Node Type": "Gather",
          "Parent Relationship": "Outer",
          "Parallel Aware": false,
          "Startup Cost": 471754.01,
          "Total Cost": 471754.62,
          "Plan Rows": 6,
          "Plan Width": 8,
          "Actual Startup Time": 2673.456,
          "Actual Total Time": 2768.901,
          "Actual Rows": 7,
          "Actual Loops": 1,
          "Workers Planned": 6,
          "Workers Launched": 6,
          "Single Copy": false,
          "Plans": [
            {
              "Node Type": "Aggregate",
              "Strategy": "Plain",
              "Partial Mode": "Partial",
              "Parent Relationship": "Outer",
              "Parallel Aware": false,
              "Startup Cost": 470754.01,
              "Total Cost": 470754.02,
              "Plan Rows": 1,
              "Plan Width": 8,
              "Actual Startup Time": 2658.554,
              "Actual Total Time": 2659.219,
              "Actual Rows": 1,
              "Actual Loops": 7,
              "Plans": [
                {
                  "Node Type": "Hash Join",
                  "Parent Relationship": "Outer",
                  "Parallel Aware": true,
                  "Join Type": "Inner",
                  "Startup Cost": 101277.58,
                  "Total Cost": 464931.42,
                  "Plan Rows": 2329037,
                  "Plan Width": 0,
                  "Actual Startup Time": 558.798,
                  "Actual Total Time": 2398.951,
                  "Actual Rows": 5713038,
                  "Actual Loops": 7,
                  "Inner Unique": false,
                  "Hash Cond": "(ci.movie_id = t.id)",
                  "Plans": [
                    {
                      "Node Type": "Seq Scan",
                      "Parent Relationship": "Outer",
                      "Parallel Aware": true,
                      "Relation Name": "cast_info",
                      "Alias": "ci",
                      "Startup Cost": 0.0,
                      "Total Cost": 343257.03,
                      "Plan Rows": 3435678,
                      "Plan Width": 4,
                      "Actual Startup Time": 60.559,
                      "Actual Total Time": 728.78,
                      "Actual Rows": 2861594,
                      "Actual Loops": 7,
                      "Filter": "((person_id > 496227) AND (role_id < 4))",
                      "Rows Removed by Filter": 2316169
                    },
                    {
                      "Node Type": "Hash",
                      "Parent Relationship": "Inner",
                      "Parallel Aware": true,
                      "Startup Cost": 94366.6,
                      "Total Cost": 94366.6,
                      "Plan Rows": 552878,
                      "Plan Width": 8,
                      "Actual Startup Time": 493.295,
                      "Actual Total Time": 493.958,
                      "Actual Rows": 245317,
                      "Actual Loops": 7,
                      "Hash Buckets": 2097152,
                      "Original Hash Buckets": 2097152,
                      "Hash Batches": 1,
                      "Original Hash Batches": 1,
                      "Peak Memory Usage": 83712,
                      "Plans": [
                        {
                          "Node Type": "Hash Join",
                          "Parent Relationship": "Outer",
                          "Parallel Aware": true,
                          "Join Type": "Inner",
                          "Startup Cost": 50219.64,
                          "Total Cost": 94366.6,
                          "Plan Rows": 552878,
                          "Plan Width": 8,
                          "Actual Startup Time": 272.689,
                          "Actual Total Time": 408.886,
                          "Actual Rows": 245317,
                          "Actual Loops": 7,
                          "Inner Unique": true,
                          "Hash Cond": "(mk.movie_id = t.id)",
                          "Plans": [
                            {
                              "Node Type": "Seq Scan",
                              "Parent Relationship": "Outer",
                              "Parallel Aware": true,
                              "Relation Name": "movie_keyword",
                              "Alias": "mk",
                              "Startup Cost": 0.0,
                              "Total Cost": 42695.65,
                              "Plan Rows": 552878,
                              "Plan Width": 4,
                              "Actual Startup Time": 0.378,
                              "Actual Total Time": 73.395,
                              "Actual Rows": 245317,
                              "Actual Loops": 7,
                              "Filter": "(keyword_id > 8274)",
                              "Rows Removed by Filter": 400959
                            },
                            {
                              "Node Type": "Hash",
                              "Parent Relationship": "Inner",
                              "Parallel Aware": true,
                              "Startup Cost": 42318.73,
                              "Total Cost": 42318.73,
                              "Plan Rows": 632073,
                              "Plan Width": 4,
                              "Actual Startup Time": 268.173,
                              "Actual Total Time": 268.175,
                              "Actual Rows": 361187,
                              "Actual Loops": 7,
                              "Hash Buckets": 4194304,
                              "Original Hash Buckets": 4194304,
                              "Hash Batches": 1,
                              "Original Hash Batches": 1,
                              "Peak Memory Usage": 131776,
                              "Plans": [
                                {
                                  "Node Type": "Seq Scan",
                                  "Parent Relationship": "Outer",
                                  "Parallel Aware": true,
                                  "Relation Name": "title",
                                  "Alias": "t",
                                  "Startup Cost": 0.0,
                                  "Total Cost": 42318.73,
                                  "Plan Rows": 632073,
                                  "Plan Width": 4,
                                  "Actual Startup Time": 0.049,
                                  "Actual Total Time": 76.575,
                                  "Actual Rows": 361187,
                                  "Actual Loops": 7
                                }
                              ]
                            }
                          ]
                        }
                      ]
                    }
                  ]
                }
              ]
            }
          ]
        }
      ]
    },
    "Planning Time": 1.321,
    "Triggers": [],
    "Execution Time": 2769.011
  }
]