[
    {
        "Bao": {
            "Bao prediction": "NaN",
            "Bao recommended hint": "(no hint)"
        }
    },
    {
        "Plan": {
            "Node Type": "Aggregate",
            "Strategy": "Plain",
            "Partial Mode": "Finalize",
            "Parallel Aware": false,
            "Startup Cost": 294321.44,
            "Total Cost": 294321.45,
            "Plan Rows": 1,
            "Plan Width": 8,
            "Actual Startup Time": 136.266,
            "Actual Total Time": 141.443,
            "Actual Rows": 1,
            "Actual Loops": 1,
            "Output": [
                "count(*)"
            ],
            "Plans": [
                {
                    "Node Type": "Gather",
                    "Parent Relationship": "Outer",
                    "Parallel Aware": false,
                    "Startup Cost": 294320.81,
                    "Total Cost": 294321.42,
                    "Plan Rows": 6,
                    "Plan Width": 8,
                    "Actual Startup Time": 135.868,
                    "Actual Total Time": 141.435,
                    "Actual Rows": 7,
                    "Actual Loops": 1,
                    "Output": [
                        "(PARTIAL count(*))"
                    ],
                    "Workers Planned": 6,
                    "Workers Launched": 6,
                    "Single Copy": false,
                    "Plans": [
                        {
                            "Node Type": "Aggregate",
                            "Strategy": "Plain",
                            "Partial Mode": "Partial",
                            "Parent Relationship": "Outer",
                            "Parallel Aware": false,
                            "Startup Cost": 293320.81,
                            "Total Cost": 293320.82,
                            "Plan Rows": 1,
                            "Plan Width": 8,
                            "Actual Startup Time": 125.763,
                            "Actual Total Time": 125.765,
                            "Actual Rows": 1,
                            "Actual Loops": 7,
                            "Output": [
                                "PARTIAL count(*)"
                            ],
                            "Workers": [
                                {
                                    "Worker Number": 0,
                                    "Actual Startup Time": 123.111,
                                    "Actual Total Time": 123.112,
                                    "Actual Rows": 1,
                                    "Actual Loops": 1
                                },
                                {
                                    "Worker Number": 1,
                                    "Actual Startup Time": 123.318,
                                    "Actual Total Time": 123.32,
                                    "Actual Rows": 1,
                                    "Actual Loops": 1
                                },
                                {
                                    "Worker Number": 2,
                                    "Actual Startup Time": 124.022,
                                    "Actual Total Time": 124.023,
                                    "Actual Rows": 1,
                                    "Actual Loops": 1
                                },
                                {
                                    "Worker Number": 3,
                                    "Actual Startup Time": 124.56,
                                    "Actual Total Time": 124.561,
                                    "Actual Rows": 1,
                                    "Actual Loops": 1
                                },
                                {
                                    "Worker Number": 4,
                                    "Actual Startup Time": 124.794,
                                    "Actual Total Time": 124.796,
                                    "Actual Rows": 1,
                                    "Actual Loops": 1
                                },
                                {
                                    "Worker Number": 5,
                                    "Actual Startup Time": 125.045,
                                    "Actual Total Time": 125.047,
                                    "Actual Rows": 1,
                                    "Actual Loops": 1
                                }
                            ],
                            "Plans": [
                                {
                                    "Node Type": "Bitmap Heap Scan",
                                    "Parent Relationship": "Outer",
                                    "Parallel Aware": true,
                                    "Relation Name": "cast_info",
                                    "Schema": "public",
                                    "Alias": "ci",
                                    "Startup Cost": 36500.83,
                                    "Total Cost": 292631.98,
                                    "Plan Rows": 275532,
                                    "Plan Width": 0,
                                    "Actual Startup Time": 52.089,
                                    "Actual Total Time": 110.546,
                                    "Actual Rows": 237941,
                                    "Actual Loops": 7,
                                    "Recheck Cond": "(ci.person_id < 166035)",
                                    "Rows Removed by Index Recheck": 0,
                                    "Exact Heap Blocks": 4714,
                                    "Lossy Heap Blocks": 0,
                                    "Workers": [
                                        {
                                            "Worker Number": 0,
                                            "Actual Startup Time": 49.349,
                                            "Actual Total Time": 108.373,
                                            "Actual Rows": 168676,
                                            "Actual Loops": 1
                                        },
                                        {
                                            "Worker Number": 1,
                                            "Actual Startup Time": 49.749,
                                            "Actual Total Time": 108.42,
                                            "Actual Rows": 167646,
                                            "Actual Loops": 1
                                        },
                                        {
                                            "Worker Number": 2,
                                            "Actual Startup Time": 50.559,
                                            "Actual Total Time": 109.402,
                                            "Actual Rows": 212140,
                                            "Actual Loops": 1
                                        },
                                        {
                                            "Worker Number": 3,
                                            "Actual Startup Time": 51.196,
                                            "Actual Total Time": 109.891,
                                            "Actual Rows": 210724,
                                            "Actual Loops": 1
                                        },
                                        {
                                            "Worker Number": 4,
                                            "Actual Startup Time": 51.08,
                                            "Actual Total Time": 109.944,
                                            "Actual Rows": 214374,
                                            "Actual Loops": 1
                                        },
                                        {
                                            "Worker Number": 5,
                                            "Actual Startup Time": 51.332,
                                            "Actual Total Time": 110.264,
                                            "Actual Rows": 211954,
                                            "Actual Loops": 1
                                        }
                                    ],
                                    "Plans": [
                                        {
                                            "Node Type": "Bitmap Index Scan",
                                            "Parent Relationship": "Outer",
                                            "Parallel Aware": false,
                                            "Index Name": "person_id_cast_info",
                                            "Startup Cost": 0.0,
                                            "Total Cost": 36087.53,
                                            "Plan Rows": 1653195,
                                            "Plan Width": 0,
                                            "Actual Startup Time": 58.81,
                                            "Actual Total Time": 58.811,
                                            "Actual Rows": 1665584,
                                            "Actual Loops": 1,
                                            "Index Cond": "(ci.person_id < 166035)"
                                        }
                                    ]
                                }
                            ]
                        }
                    ]
                }
            ]
        },
        "Planning Time": 190.0,
        "Triggers": [],
        "Execution Time": 141.493
    }
]