[
  {
    "Plan": {
      "Node Type": "Aggregate",
      "Strategy": "Plain",
      "Partial Mode": "Finalize",
      "Parallel Aware": false,
      "Startup Cost": 78091.48,
      "Total Cost": 78091.49,
      "Plan Rows": 1,
      "Plan Width": 8,
      "Actual Startup Time": 362.519,
      "Actual Total Time": 378.649,
      "Actual Rows": 1,
      "Actual Loops": 1,
      "Plans": [
        {
          "Node Type": "Gather",
          "Parent Relationship": "Outer",
          "Parallel Aware": false,
          "Startup Cost": 78091.16,
          "Total Cost": 78091.47,
          "Plan Rows": 3,
          "Plan Width": 8,
          "Actual Startup Time": 359.135,
          "Actual Total Time": 378.633,
          "Actual Rows": 4,
          "Actual Loops": 1,
          "Workers Planned": 3,
          "Workers Launched": 3,
          "Single Copy": false,
          "Plans": [
            {
              "Node Type": "Aggregate",
              "Strategy": "Plain",
              "Partial Mode": "Partial",
              "Parent Relationship": "Outer",
              "Parallel Aware": false,
              "Startup Cost": 77091.16,
              "Total Cost": 77091.17,
              "Plan Rows": 1,
              "Plan Width": 8,
              "Actual Startup Time": 350.858,
              "Actual Total Time": 350.863,
              "Actual Rows": 1,
              "Actual Loops": 4,
              "Plans": [
                {
                  "Node Type": "Hash Join",
                  "Parent Relationship": "Outer",
                  "Parallel Aware": true,
                  "Join Type": "Inner",
                  "Startup Cost": 47213.4,
                  "Total Cost": 76629.29,
                  "Plan Rows": 184748,
                  "Plan Width": 0,
                  "Actual Startup Time": 184.583,
                  "Actual Total Time": 341.506,
                  "Actual Rows": 206608,
                  "Actual Loops": 4,
                  "Inner Unique": true,
                  "Hash Cond": "(mc.movie_id = t.id)",
                  "Plans": [
                    {
                      "Node Type": "Seq Scan",
                      "Parent Relationship": "Outer",
                      "Parallel Aware": true,
                      "Relation Name": "movie_companies",
                      "Alias": "mc",
                      "Startup Cost": 0.0,
                      "Total Cost": 27206.55,
                      "Plan Rows": 841655,
                      "Plan Width": 4,
                      "Actual Startup Time": 0.02,
                      "Actual Total Time": 64.084,
                      "Actual Rows": 652282,
                      "Actual Loops": 4
                    },
                    {
                      "Node Type": "Hash",
                      "Parent Relationship": "Inner",
                      "Parallel Aware": true,
                      "Startup Cost": 45479.1,
                      "Total Cost": 45479.1,
                      "Plan Rows": 138744,
                      "Plan Width": 4,
                      "Actual Startup Time": 149.641,
                      "Actual Total Time": 149.642,
                      "Actual Rows": 108539,
                      "Actual Loops": 4,
                      "Hash Buckets": 1048576,
                      "Original Hash Buckets": 1048576,
                      "Hash Batches": 1,
                      "Original Hash Batches": 1,
                      "Peak Memory Usage": 25248,
                      "Plans": [
                        {
                          "Node Type": "Seq Scan",
                          "Parent Relationship": "Outer",
                          "Parallel Aware": true,
                          "Relation Name": "title",
                          "Alias": "t",
                          "Startup Cost": 0.0,
                          "Total Cost": 45479.1,
                          "Plan Rows": 138744,
                          "Plan Width": 4,
                          "Actual Startup Time": 49.927,
                          "Actual Total Time": 108.55,
                          "Actual Rows": 108539,
                          "Actual Loops": 4,
                          "Filter": "((production_year > 1968) AND (kind_id = 1))",
                          "Rows Removed by Filter": 523539
                        }
                      ]
                    }
                  ]
                }
              ]
            }
          ]
        }
      ]
    },
    "Planning Time": 0.648,
    "Triggers": [],
    "Execution Time": 378.717
  }
]