[
  {
    "Plan": {
      "Node Type": "Aggregate",
      "Strategy": "Plain",
      "Partial Mode": "Finalize",
      "Parallel Aware": false,
      "Startup Cost": 248735.66,
      "Total Cost": 248735.67,
      "Plan Rows": 1,
      "Plan Width": 8,
      "Actual Startup Time": 524.028,
      "Actual Total Time": 565.548,
      "Actual Rows": 1,
      "Actual Loops": 1,
      "Plans": [
        {
          "Node Type": "Gather",
          "Parent Relationship": "Outer",
          "Parallel Aware": false,
          "Startup Cost": 248735.14,
          "Total Cost": 248735.65,
          "Plan Rows": 5,
          "Plan Width": 8,
          "Actual Startup Time": 519.959,
          "Actual Total Time": 565.538,
          "Actual Rows": 6,
          "Actual Loops": 1,
          "Workers Planned": 5,
          "Workers Launched": 5,
          "Single Copy": false,
          "Plans": [
            {
              "Node Type": "Aggregate",
              "Strategy": "Plain",
              "Partial Mode": "Partial",
              "Parent Relationship": "Outer",
              "Parallel Aware": false,
              "Startup Cost": 247735.14,
              "Total Cost": 247735.15,
              "Plan Rows": 1,
              "Plan Width": 8,
              "Actual Startup Time": 510.134,
              "Actual Total Time": 510.137,
              "Actual Rows": 1,
              "Actual Loops": 6,
              "Plans": [
                {
                  "Node Type": "Hash Join",
                  "Parent Relationship": "Outer",
                  "Parallel Aware": true,
                  "Join Type": "Inner",
                  "Startup Cost": 47446.95,
                  "Total Cost": 247478.98,
                  "Plan Rows": 102461,
                  "Plan Width": 0,
                  "Actual Startup Time": 169.517,
                  "Actual Total Time": 503.065,
                  "Actual Rows": 166996,
                  "Actual Loops": 6,
                  "Inner Unique": true,
                  "Hash Cond": "(mi.movie_id = t.id)",
                  "Plans": [
                    {
                      "Node Type": "Seq Scan",
                      "Parent Relationship": "Outer",
                      "Parallel Aware": true,
                      "Relation Name": "movie_info",
                      "Alias": "mi",
                      "Startup Cost": 0.0,
                      "Total Cost": 198952.16,
                      "Plan Rows": 411380,
                      "Plan Width": 4,
                      "Actual Startup Time": 29.338,
                      "Actual Total Time": 285.087,
                      "Actual Rows": 348511,
                      "Actual Loops": 6,
                      "Filter": "(info_type_id < 3)",
                      "Rows Removed by Filter": 2124109
                    },
                    {
                      "Node Type": "Hash",
                      "Parent Relationship": "Inner",
                      "Parallel Aware": true,
                      "Startup Cost": 45479.1,
                      "Total Cost": 45479.1,
                      "Plan Rows": 157428,
                      "Plan Width": 4,
                      "Actual Startup Time": 123.488,
                      "Actual Total Time": 123.488,
                      "Actual Rows": 99411,
                      "Actual Loops": 6,
                      "Hash Buckets": 1048576,
                      "Original Hash Buckets": 1048576,
                      "Hash Batches": 1,
                      "Original Hash Batches": 1,
                      "Peak Memory Usage": 31616,
                      "Plans": [
                        {
                          "Node Type": "Seq Scan",
                          "Parent Relationship": "Outer",
                          "Parallel Aware": true,
                          "Relation Name": "title",
                          "Alias": "t",
                          "Startup Cost": 0.0,
                          "Total Cost": 45479.1,
                          "Plan Rows": 157428,
                          "Plan Width": 4,
                          "Actual Startup Time": 45.003,
                          "Actual Total Time": 86.07,
                          "Actual Rows": 99411,
                          "Actual Loops": 6,
                          "Filter": "((production_year > 1914) AND (kind_id = 1))",
                          "Rows Removed by Filter": 321974
                        }
                      ]
                    }
                  ]
                }
              ]
            }
          ]
        }
      ]
    },
    "Planning Time": 0.586,
    "Triggers": [],
    "Execution Time": 565.62
  }
]