[
    {
        "Bao": {
            "Bao prediction": "NaN",
            "Bao recommended hint": "(no hint)"
        }
    },
    {
        "Plan": {
            "Node Type": "Aggregate",
            "Strategy": "Plain",
            "Partial Mode": "Finalize",
            "Parallel Aware": false,
            "Startup Cost": 504979.39,
            "Total Cost": 504979.4,
            "Plan Rows": 1,
            "Plan Width": 8,
            "Actual Startup Time": 1741.497,
            "Actual Total Time": 1793.123,
            "Actual Rows": 1,
            "Actual Loops": 1,
            "Output": [
                "count(*)"
            ],
            "Plans": [
                {
                    "Node Type": "Gather",
                    "Parent Relationship": "Outer",
                    "Parallel Aware": false,
                    "Startup Cost": 504978.76,
                    "Total Cost": 504979.37,
                    "Plan Rows": 6,
                    "Plan Width": 8,
                    "Actual Startup Time": 1736.595,
                    "Actual Total Time": 1793.113,
                    "Actual Rows": 7,
                    "Actual Loops": 1,
                    "Output": [
                        "(PARTIAL count(*))"
                    ],
                    "Workers Planned": 6,
                    "Workers Launched": 6,
                    "Single Copy": false,
                    "Plans": [
                        {
                            "Node Type": "Aggregate",
                            "Strategy": "Plain",
                            "Partial Mode": "Partial",
                            "Parent Relationship": "Outer",
                            "Parallel Aware": false,
                            "Startup Cost": 503978.76,
                            "Total Cost": 503978.77,
                            "Plan Rows": 1,
                            "Plan Width": 8,
                            "Actual Startup Time": 1725.17,
                            "Actual Total Time": 1725.174,
                            "Actual Rows": 1,
                            "Actual Loops": 7,
                            "Output": [
                                "PARTIAL count(*)"
                            ],
                            "Workers": [
                                {
                                    "Worker Number": 0,
                                    "Actual Startup Time": 1722.746,
                                    "Actual Total Time": 1722.749,
                                    "Actual Rows": 1,
                                    "Actual Loops": 1
                                },
                                {
                                    "Worker Number": 1,
                                    "Actual Startup Time": 1722.979,
                                    "Actual Total Time": 1722.983,
                                    "Actual Rows": 1,
                                    "Actual Loops": 1
                                },
                                {
                                    "Worker Number": 2,
                                    "Actual Startup Time": 1723.362,
                                    "Actual Total Time": 1723.366,
                                    "Actual Rows": 1,
                                    "Actual Loops": 1
                                },
                                {
                                    "Worker Number": 3,
                                    "Actual Startup Time": 1723.485,
                                    "Actual Total Time": 1723.489,
                                    "Actual Rows": 1,
                                    "Actual Loops": 1
                                },
                                {
                                    "Worker Number": 4,
                                    "Actual Startup Time": 1723.722,
                                    "Actual Total Time": 1723.725,
                                    "Actual Rows": 1,
                                    "Actual Loops": 1
                                },
                                {
                                    "Worker Number": 5,
                                    "Actual Startup Time": 1723.782,
                                    "Actual Total Time": 1723.786,
                                    "Actual Rows": 1,
                                    "Actual Loops": 1
                                }
                            ],
                            "Plans": [
                                {
                                    "Node Type": "Nested Loop",
                                    "Parent Relationship": "Outer",
                                    "Parallel Aware": false,
                                    "Join Type": "Inner",
                                    "Startup Cost": 113456.57,
                                    "Total Cost": 503576.57,
                                    "Plan Rows": 160877,
                                    "Plan Width": 0,
                                    "Actual Startup Time": 217.61,
                                    "Actual Total Time": 1701.77,
                                    "Actual Rows": 376615,
                                    "Actual Loops": 7,
                                    "Inner Unique": false,
                                    "Join Filter": "(t.id = mi.movie_id)",
                                    "Rows Removed by Join Filter": 0,
                                    "Workers": [
                                        {
                                            "Worker Number": 0,
                                            "Actual Startup Time": 215.382,
                                            "Actual Total Time": 1700.068,
                                            "Actual Rows": 406000,
                                            "Actual Loops": 1
                                        },
                                        {
                                            "Worker Number": 1,
                                            "Actual Startup Time": 215.739,
                                            "Actual Total Time": 1700.443,
                                            "Actual Rows": 398235,
                                            "Actual Loops": 1
                                        },
                                        {
                                            "Worker Number": 2,
                                            "Actual Startup Time": 215.858,
                                            "Actual Total Time": 1700.675,
                                            "Actual Rows": 403917,
                                            "Actual Loops": 1
                                        },
                                        {
                                            "Worker Number": 3,
                                            "Actual Startup Time": 216.37,
                                            "Actual Total Time": 1700.93,
                                            "Actual Rows": 403954,
                                            "Actual Loops": 1
                                        },
                                        {
                                            "Worker Number": 4,
                                            "Actual Startup Time": 216.014,
                                            "Actual Total Time": 1697.922,
                                            "Actual Rows": 290705,
                                            "Actual Loops": 1
                                        },
                                        {
                                            "Worker Number": 5,
                                            "Actual Startup Time": 216.554,
                                            "Actual Total Time": 1698.37,
                                            "Actual Rows": 291185,
                                            "Actual Loops": 1
                                        }
                                    ],
                                    "Plans": [
                                        {
                                            "Node Type": "Hash Join",
                                            "Parent Relationship": "Outer",
                                            "Parallel Aware": true,
                                            "Join Type": "Inner",
                                            "Startup Cost": 113456.14,
                                            "Total Cost": 374737.16,
                                            "Plan Rows": 70221,
                                            "Plan Width": 8,
                                            "Actual Startup Time": 217.431,
                                            "Actual Total Time": 495.705,
                                            "Actual Rows": 135983,
                                            "Actual Loops": 7,
                                            "Output": [
                                                "t.id",
                                                "ci.movie_id"
                                            ],
                                            "Inner Unique": true,
                                            "Hash Cond": "(ci.movie_id = t.id)",
                                            "Workers": [
                                                {
                                                    "Worker Number": 0,
                                                    "Actual Startup Time": 215.165,
                                                    "Actual Total Time": 492.99,
                                                    "Actual Rows": 143547,
                                                    "Actual Loops": 1
                                                },
                                                {
                                                    "Worker Number": 1,
                                                    "Actual Startup Time": 215.572,
                                                    "Actual Total Time": 494.821,
                                                    "Actual Rows": 142295,
                                                    "Actual Loops": 1
                                                },
                                                {
                                                    "Worker Number": 2,
                                                    "Actual Startup Time": 215.676,
                                                    "Actual Total Time": 494.293,
                                                    "Actual Rows": 147173,
                                                    "Actual Loops": 1
                                                },
                                                {
                                                    "Worker Number": 3,
                                                    "Actual Startup Time": 216.118,
                                                    "Actual Total Time": 492.288,
                                                    "Actual Rows": 142509,
                                                    "Actual Loops": 1
                                                },
                                                {
                                                    "Worker Number": 4,
                                                    "Actual Startup Time": 215.835,
                                                    "Actual Total Time": 488.237,
                                                    "Actual Rows": 106281,
                                                    "Actual Loops": 1
                                                },
                                                {
                                                    "Worker Number": 5,
                                                    "Actual Startup Time": 216.328,
                                                    "Actual Total Time": 483.41,
                                                    "Actual Rows": 104943,
                                                    "Actual Loops": 1
                                                }
                                            ],
                                            "Plans": [
                                                {
                                                    "Node Type": "Bitmap Heap Scan",
                                                    "Parent Relationship": "Outer",
                                                    "Parallel Aware": true,
                                                    "Relation Name": "cast_info",
                                                    "Schema": "public",
                                                    "Alias": "ci",
                                                    "Startup Cost": 67893.09,
                                                    "Total Cost": 328298.89,
                                                    "Plan Rows": 333418,
                                                    "Plan Width": 4,
                                                    "Actual Startup Time": 115.35,
                                                    "Actual Total Time": 215.666,
                                                    "Actual Rows": 451135,
                                                    "Actual Loops": 7,
                                                    "Output": [
                                                        "ci.id",
                                                        "ci.person_id",
                                                        "ci.movie_id",
                                                        "ci.person_role_id",
                                                        "ci.note",
                                                        "ci.nr_order",
                                                        "ci.role_id"
                                                    ],
                                                    "Recheck Cond": "(ci.person_id > 3480301)",
                                                    "Rows Removed by Index Recheck": 0,
                                                    "Filter": "(ci.role_id > 1)",
                                                    "Rows Removed by Filter": 0,
                                                    "Exact Heap Blocks": 8233,
                                                    "Lossy Heap Blocks": 0,
                                                    "Workers": [
                                                        {
                                                            "Worker Number": 0,
                                                            "Actual Startup Time": 115.478,
                                                            "Actual Total Time": 212.758,
                                                            "Actual Rows": 480783,
                                                            "Actual Loops": 1
                                                        },
                                                        {
                                                            "Worker Number": 1,
                                                            "Actual Startup Time": 115.383,
                                                            "Actual Total Time": 211.368,
                                                            "Actual Rows": 471064,
                                                            "Actual Loops": 1
                                                        },
                                                        {
                                                            "Worker Number": 2,
                                                            "Actual Startup Time": 115.316,
                                                            "Actual Total Time": 213.203,
                                                            "Actual Rows": 481819,
                                                            "Actual Loops": 1
                                                        },
                                                        {
                                                            "Worker Number": 3,
                                                            "Actual Startup Time": 115.326,
                                                            "Actual Total Time": 210.52,
                                                            "Actual Rows": 470296,
                                                            "Actual Loops": 1
                                                        },
                                                        {
                                                            "Worker Number": 4,
                                                            "Actual Startup Time": 115.21,
                                                            "Actual Total Time": 222.287,
                                                            "Actual Rows": 351811,
                                                            "Actual Loops": 1
                                                        },
                                                        {
                                                            "Worker Number": 5,
                                                            "Actual Startup Time": 115.714,
                                                            "Actual Total Time": 224.165,
                                                            "Actual Rows": 348517,
                                                            "Actual Loops": 1
                                                        }
                                                    ],
                                                    "Plans": [
                                                        {
                                                            "Node Type": "Bitmap Index Scan",
                                                            "Parent Relationship": "Outer",
                                                            "Parallel Aware": false,
                                                            "Index Name": "person_id_cast_info",
                                                            "Startup Cost": 0.0,
                                                            "Total Cost": 67392.96,
                                                            "Plan Rows": 3087520,
                                                            "Plan Width": 0,
                                                            "Actual Startup Time": 107.993,
                                                            "Actual Total Time": 107.994,
                                                            "Actual Rows": 3157948,
                                                            "Actual Loops": 1,
                                                            "Index Cond": "(ci.person_id > 3480301)"
                                                        }
                                                    ]
                                                },
                                                {
                                                    "Node Type": "Hash",
                                                    "Parent Relationship": "Inner",
                                                    "Parallel Aware": true,
                                                    "Startup Cost": 43899.01,
                                                    "Total Cost": 43899.01,
                                                    "Plan Rows": 133123,
                                                    "Plan Width": 4,
                                                    "Actual Startup Time": 99.944,
                                                    "Actual Total Time": 99.945,
                                                    "Actual Rows": 76196,
                                                    "Actual Loops": 7,
                                                    "Output": [
                                                        "t.id"
                                                    ],
                                                    "Hash Buckets": 1048576,
                                                    "Original Hash Buckets": 1048576,
                                                    "Hash Batches": 1,
                                                    "Original Hash Batches": 1,
                                                    "Peak Memory Usage": 29152,
                                                    "Workers": [
                                                        {
                                                            "Worker Number": 0,
                                                            "Actual Startup Time": 99.005,
                                                            "Actual Total Time": 99.006,
                                                            "Actual Rows": 74770,
                                                            "Actual Loops": 1
                                                        },
                                                        {
                                                            "Worker Number": 1,
                                                            "Actual Startup Time": 99.321,
                                                            "Actual Total Time": 99.322,
                                                            "Actual Rows": 72746,
                                                            "Actual Loops": 1
                                                        },
                                                        {
                                                            "Worker Number": 2,
                                                            "Actual Startup Time": 99.74,
                                                            "Actual Total Time": 99.741,
                                                            "Actual Rows": 73662,
                                                            "Actual Loops": 1
                                                        },
                                                        {
                                                            "Worker Number": 3,
                                                            "Actual Startup Time": 99.883,
                                                            "Actual Total Time": 99.884,
                                                            "Actual Rows": 73528,
                                                            "Actual Loops": 1
                                                        },
                                                        {
                                                            "Worker Number": 4,
                                                            "Actual Startup Time": 99.92,
                                                            "Actual Total Time": 99.921,
                                                            "Actual Rows": 56150,
                                                            "Actual Loops": 1
                                                        },
                                                        {
                                                            "Worker Number": 5,
                                                            "Actual Startup Time": 100.097,
                                                            "Actual Total Time": 100.098,
                                                            "Actual Rows": 52914,
                                                            "Actual Loops": 1
                                                        }
                                                    ],
                                                    "Plans": [
                                                        {
                                                            "Node Type": "Seq Scan",
                                                            "Parent Relationship": "Outer",
                                                            "Parallel Aware": true,
                                                            "Relation Name": "title",
                                                            "Schema": "public",
                                                            "Alias": "t",
                                                            "Startup Cost": 0.0,
                                                            "Total Cost": 43899.01,
                                                            "Plan Rows": 133123,
                                                            "Plan Width": 4,
                                                            "Actual Startup Time": 0.044,
                                                            "Actual Total Time": 66.721,
                                                            "Actual Rows": 76196,
                                                            "Actual Loops": 7,
                                                            "Output": [
                                                                "t.id"
                                                            ],
                                                            "Filter": "(t.production_year > 2009)",
                                                            "Rows Removed by Filter": 284992,
                                                            "Workers": [
                                                                {
                                                                    "Worker Number": 0,
                                                                    "Actual Startup Time": 0.041,
                                                                    "Actual Total Time": 67.522,
                                                                    "Actual Rows": 74770,
                                                                    "Actual Loops": 1
                                                                },
                                                                {
                                                                    "Worker Number": 1,
                                                                    "Actual Startup Time": 0.059,
                                                                    "Actual Total Time": 66.917,
                                                                    "Actual Rows": 72746,
                                                                    "Actual Loops": 1
                                                                },
                                                                {
                                                                    "Worker Number": 2,
                                                                    "Actual Startup Time": 0.056,
                                                                    "Actual Total Time": 67.217,
                                                                    "Actual Rows": 73662,
                                                                    "Actual Loops": 1
                                                                },
                                                                {
                                                                    "Worker Number": 3,
                                                                    "Actual Startup Time": 0.057,
                                                                    "Actual Total Time": 67.076,
                                                                    "Actual Rows": 73528,
                                                                    "Actual Loops": 1
                                                                },
                                                                {
                                                                    "Worker Number": 4,
                                                                    "Actual Startup Time": 0.041,
                                                                    "Actual Total Time": 68.714,
                                                                    "Actual Rows": 56150,
                                                                    "Actual Loops": 1
                                                                },
                                                                {
                                                                    "Worker Number": 5,
                                                                    "Actual Startup Time": 0.046,
                                                                    "Actual Total Time": 69.049,
                                                                    "Actual Rows": 52914,
                                                                    "Actual Loops": 1
                                                                }
                                                            ]
                                                        }
                                                    ]
                                                }
                                            ]
                                        },
                                        {
                                            "Node Type": "Index Scan",
                                            "Parent Relationship": "Inner",
                                            "Parallel Aware": false,
                                            "Scan Direction": "Forward",
                                            "Index Name": "movie_id_movie_info",
                                            "Relation Name": "movie_info",
                                            "Schema": "public",
                                            "Alias": "mi",
                                            "Startup Cost": 0.43,
                                            "Total Cost": 1.65,
                                            "Plan Rows": 15,
                                            "Plan Width": 4,
                                            "Actual Startup Time": 0.004,
                                            "Actual Total Time": 0.008,
                                            "Actual Rows": 3,
                                            "Actual Loops": 951883,
                                            "Output": [
                                                "mi.id",
                                                "mi.movie_id",
                                                "mi.info_type_id",
                                                "mi.info",
                                                "mi.note"
                                            ],
                                            "Index Cond": "(mi.movie_id = ci.movie_id)",
                                            "Rows Removed by Index Recheck": 0,
                                            "Filter": "(mi.info_type_id < 7)",
                                            "Rows Removed by Filter": 10,
                                            "Workers": [
                                                {
                                                    "Worker Number": 0,
                                                    "Actual Startup Time": 0.004,
                                                    "Actual Total Time": 0.008,
                                                    "Actual Rows": 3,
                                                    "Actual Loops": 143547
                                                },
                                                {
                                                    "Worker Number": 1,
                                                    "Actual Startup Time": 0.004,
                                                    "Actual Total Time": 0.008,
                                                    "Actual Rows": 3,
                                                    "Actual Loops": 142295
                                                },
                                                {
                                                    "Worker Number": 2,
                                                    "Actual Startup Time": 0.004,
                                                    "Actual Total Time": 0.008,
                                                    "Actual Rows": 3,
                                                    "Actual Loops": 147173
                                                },
                                                {
                                                    "Worker Number": 3,
                                                    "Actual Startup Time": 0.004,
                                                    "Actual Total Time": 0.008,
                                                    "Actual Rows": 3,
                                                    "Actual Loops": 142509
                                                },
                                                {
                                                    "Worker Number": 4,
                                                    "Actual Startup Time": 0.005,
                                                    "Actual Total Time": 0.011,
                                                    "Actual Rows": 3,
                                                    "Actual Loops": 106281
                                                },
                                                {
                                                    "Worker Number": 5,
                                                    "Actual Startup Time": 0.005,
                                                    "Actual Total Time": 0.011,
                                                    "Actual Rows": 3,
                                                    "Actual Loops": 104943
                                                }
                                            ]
                                        }
                                    ]
                                }
                            ]
                        }
                    ]
                }
            ]
        },
        "Planning Time": 221.052,
        "Triggers": [],
        "Execution Time": 1793.23
    }
]