[
  {
    "Plan": {
      "Node Type": "Aggregate",
      "Strategy": "Plain",
      "Partial Mode": "Finalize",
      "Parallel Aware": false,
      "Startup Cost": 334667.03,
      "Total Cost": 334667.04,
      "Plan Rows": 1,
      "Plan Width": 8,
      "Actual Startup Time": 653.723,
      "Actual Total Time": 710.66,
      "Actual Rows": 1,
      "Actual Loops": 1,
      "Plans": [
        {
          "Node Type": "Gather",
          "Parent Relationship": "Outer",
          "Parallel Aware": false,
          "Startup Cost": 334666.4,
          "Total Cost": 334667.01,
          "Plan Rows": 6,
          "Plan Width": 8,
          "Actual Startup Time": 653.597,
          "Actual Total Time": 710.649,
          "Actual Rows": 7,
          "Actual Loops": 1,
          "Workers Planned": 6,
          "Workers Launched": 6,
          "Single Copy": false,
          "Plans": [
            {
              "Node Type": "Aggregate",
              "Strategy": "Plain",
              "Partial Mode": "Partial",
              "Parent Relationship": "Outer",
              "Parallel Aware": false,
              "Startup Cost": 333666.4,
              "Total Cost": 333666.41,
              "Plan Rows": 1,
              "Plan Width": 8,
              "Actual Startup Time": 643.503,
              "Actual Total Time": 643.504,
              "Actual Rows": 1,
              "Actual Loops": 7,
              "Plans": [
                {
                  "Node Type": "Seq Scan",
                  "Parent Relationship": "Outer",
                  "Parallel Aware": true,
                  "Relation Name": "cast_info",
                  "Alias": "ci",
                  "Startup Cost": 0.0,
                  "Total Cost": 328162.03,
                  "Plan Rows": 2201750,
                  "Plan Width": 0,
                  "Actual Startup Time": 0.061,
                  "Actual Total Time": 562.192,
                  "Actual Rows": 1888395,
                  "Actual Loops": 7,
                  "Filter": "(person_id < 1304017)",
                  "Rows Removed by Filter": 3289368
                }
              ]
            }
          ]
        }
      ]
    },
    "Planning Time": 0.208,
    "Triggers": [],
    "Execution Time": 710.738
  }
]