{
  "Plan": {
    "Node Type": "Aggregate",
    "Strategy": "Plain",
    "Partial Mode": "Finalize",
    "Parallel Aware": false,
    "Startup Cost": 96432.31,
    "Total Cost": 96432.32,
    "Plan Rows": 1,
    "Plan Width": 8,
    "Actual Startup Time": 296.437,
    "Actual Total Time": 312.921,
    "Actual Rows": 1,
    "Actual Loops": 1,
    "Plans": [
      {
        "Node Type": "Gather",
        "Parent Relationship": "Outer",
        "Parallel Aware": false,
        "Startup Cost": 96432.19,
        "Total Cost": 96432.3,
        "Plan Rows": 1,
        "Plan Width": 8,
        "Actual Startup Time": 295.643,
        "Actual Total Time": 312.914,
        "Actual Rows": 2,
        "Actual Loops": 1,
        "Workers Planned": 1,
        "Workers Launched": 1,
        "Single Copy": false,
        "Plans": [
          {
            "Node Type": "Aggregate",
            "Strategy": "Plain",
            "Partial Mode": "Partial",
            "Parent Relationship": "Outer",
            "Parallel Aware": false,
            "Startup Cost": 95432.19,
            "Total Cost": 95432.2,
            "Plan Rows": 1,
            "Plan Width": 8,
            "Actual Startup Time": 289.51,
            "Actual Total Time": 289.515,
            "Actual Rows": 1,
            "Actual Loops": 2,
            "Plans": [
              {
                "Node Type": "Hash Join",
                "Parent Relationship": "Outer",
                "Parallel Aware": true,
                "Join Type": "Inner",
                "Startup Cost": 67917.79,
                "Total Cost": 95366.42,
                "Plan Rows": 26310,
                "Plan Width": 0,
                "Actual Startup Time": 206.145,
                "Actual Total Time": 289.218,
                "Actual Rows": 3994,
                "Actual Loops": 2,
                "Inner Unique": true,
                "Hash Cond": "(mk.movie_id = t.id)",
                "Plans": [
                  {
                    "Node Type": "Bitmap Heap Scan",
                    "Parent Relationship": "Outer",
                    "Parallel Aware": true,
                    "Relation Name": "movie_keyword",
                    "Alias": "mk",
                    "Startup Cost": 7140.97,
                    "Total Cost": 34069.87,
                    "Plan Rows": 197992,
                    "Plan Width": 4,
                    "Actual Startup Time": 24.761,
                    "Actual Total Time": 84.003,
                    "Actual Rows": 164685,
                    "Actual Loops": 2,
                    "Recheck Cond": "(keyword_id > 50117)",
                    "Rows Removed by Index Recheck": 0,
                    "Exact Heap Blocks": 13525,
                    "Lossy Heap Blocks": 0,
                    "Plans": [
                      {
                        "Node Type": "Bitmap Index Scan",
                        "Parent Relationship": "Outer",
                        "Parallel Aware": false,
                        "Index Name": "keyword_id_movie_keyword",
                        "Startup Cost": 0.0,
                        "Total Cost": 7056.83,
                        "Plan Rows": 336586,
                        "Plan Width": 0,
                        "Actual Startup Time": 21.465,
                        "Actual Total Time": 21.466,
                        "Actual Rows": 329370,
                        "Actual Loops": 1,
                        "Index Cond": "(keyword_id > 50117)"
                      }
                    ]
                  },
                  {
                    "Node Type": "Hash",
                    "Parent Relationship": "Inner",
                    "Parallel Aware": true,
                    "Startup Cost": 58306.47,
                    "Total Cost": 58306.47,
                    "Plan Rows": 197628,
                    "Plan Width": 4,
                    "Actual Startup Time": 175.453,
                    "Actual Total Time": 175.454,
                    "Actual Rows": 104308,
                    "Actual Loops": 2,
                    "Hash Buckets": 524288,
                    "Original Hash Buckets": 524288,
                    "Hash Batches": 1,
                    "Original Hash Batches": 1,
                    "Peak Memory Usage": 12288,
                    "Plans": [
                      {
                        "Node Type": "Seq Scan",
                        "Parent Relationship": "Outer",
                        "Parallel Aware": true,
                        "Relation Name": "title",
                        "Alias": "t",
                        "Startup Cost": 0.0,
                        "Total Cost": 58306.47,
                        "Plan Rows": 197628,
                        "Plan Width": 4,
                        "Actual Startup Time": 0.036,
                        "Actual Total Time": 146.516,
                        "Actual Rows": 104308,
                        "Actual Loops": 2,
                        "Filter": "((kind_id > 1) AND (production_year < 1977))",
                        "Rows Removed by Filter": 1159848
                      }
                    ]
                  }
                ]
              }
            ]
          }
        ]
      }
    ]
  },
  "Planning Time": 0.473,
  "Triggers": [],
  "Execution Time": 313.015
}