[
  {
    "Plan": {
      "Node Type": "Aggregate",
      "Strategy": "Plain",
      "Partial Mode": "Finalize",
      "Parallel Aware": false,
      "Startup Cost": 26812.45,
      "Total Cost": 26812.46,
      "Plan Rows": 1,
      "Plan Width": 8,
      "Actual Startup Time": 47.779,
      "Actual Total Time": 52.035,
      "Actual Rows": 1,
      "Actual Loops": 1,
      "Plans": [
        {
          "Node Type": "Gather",
          "Parent Relationship": "Outer",
          "Parallel Aware": false,
          "Startup Cost": 26812.13,
          "Total Cost": 26812.44,
          "Plan Rows": 3,
          "Plan Width": 8,
          "Actual Startup Time": 47.623,
          "Actual Total Time": 52.03,
          "Actual Rows": 4,
          "Actual Loops": 1,
          "Workers Planned": 3,
          "Workers Launched": 3,
          "Single Copy": false,
          "Plans": [
            {
              "Node Type": "Aggregate",
              "Strategy": "Plain",
              "Partial Mode": "Partial",
              "Parent Relationship": "Outer",
              "Parallel Aware": false,
              "Startup Cost": 25812.13,
              "Total Cost": 25812.14,
              "Plan Rows": 1,
              "Plan Width": 8,
              "Actual Startup Time": 41.675,
              "Actual Total Time": 41.676,
              "Actual Rows": 1,
              "Actual Loops": 4,
              "Plans": [
                {
                  "Node Type": "Bitmap Heap Scan",
                  "Parent Relationship": "Outer",
                  "Parallel Aware": true,
                  "Relation Name": "movie_companies",
                  "Alias": "mc",
                  "Startup Cost": 5740.76,
                  "Total Cost": 25598.57,
                  "Plan Rows": 85425,
                  "Plan Width": 0,
                  "Actual Startup Time": 10.292,
                  "Actual Total Time": 36.989,
                  "Actual Rows": 65070,
                  "Actual Loops": 4,
                  "Recheck Cond": "(company_id > 99329)",
                  "Rows Removed by Index Recheck": 0,
                  "Exact Heap Blocks": 2476,
                  "Lossy Heap Blocks": 0,
                  "Plans": [
                    {
                      "Node Type": "Bitmap Index Scan",
                      "Parent Relationship": "Outer",
                      "Parallel Aware": false,
                      "Index Name": "company_id_movie_companies",
                      "Startup Cost": 0.0,
                      "Total Cost": 5674.56,
                      "Plan Rows": 264817,
                      "Plan Width": 0,
                      "Actual Startup Time": 15.039,
                      "Actual Total Time": 15.039,
                      "Actual Rows": 260280,
                      "Actual Loops": 1,
                      "Index Cond": "(company_id > 99329)"
                    }
                  ]
                }
              ]
            }
          ]
        }
      ]
    },
    "Planning Time": 0.061,
    "Triggers": [],
    "Execution Time": 52.064
  }
]