[
  {
    "Plan": {
      "Node Type": "Aggregate",
      "Strategy": "Plain",
      "Partial Mode": "Finalize",
      "Parallel Aware": false,
      "Startup Cost": 331107.07,
      "Total Cost": 331107.08,
      "Plan Rows": 1,
      "Plan Width": 8,
      "Actual Startup Time": 683.757,
      "Actual Total Time": 744.367,
      "Actual Rows": 1,
      "Actual Loops": 1,
      "Plans": [
        {
          "Node Type": "Gather",
          "Parent Relationship": "Outer",
          "Parallel Aware": false,
          "Startup Cost": 331106.44,
          "Total Cost": 331107.05,
          "Plan Rows": 6,
          "Plan Width": 8,
          "Actual Startup Time": 683.601,
          "Actual Total Time": 744.356,
          "Actual Rows": 7,
          "Actual Loops": 1,
          "Workers Planned": 6,
          "Workers Launched": 6,
          "Single Copy": false,
          "Plans": [
            {
              "Node Type": "Aggregate",
              "Strategy": "Plain",
              "Partial Mode": "Partial",
              "Parent Relationship": "Outer",
              "Parallel Aware": false,
              "Startup Cost": 330106.44,
              "Total Cost": 330106.45,
              "Plan Rows": 1,
              "Plan Width": 8,
              "Actual Startup Time": 674.041,
              "Actual Total Time": 674.042,
              "Actual Rows": 1,
              "Actual Loops": 7,
              "Plans": [
                {
                  "Node Type": "Seq Scan",
                  "Parent Relationship": "Outer",
                  "Parallel Aware": true,
                  "Relation Name": "cast_info",
                  "Alias": "ci",
                  "Startup Cost": 0.0,
                  "Total Cost": 328162.03,
                  "Plan Rows": 777767,
                  "Plan Width": 0,
                  "Actual Startup Time": 0.05,
                  "Actual Total Time": 633.774,
                  "Actual Rows": 684312,
                  "Actual Loops": 7,
                  "Filter": "(person_id < 465308)",
                  "Rows Removed by Filter": 4493451
                }
              ]
            }
          ]
        }
      ]
    },
    "Planning Time": 0.189,
    "Triggers": [],
    "Execution Time": 744.437
  }
]