[
  {
    "Plan": {
      "Node Type": "Aggregate",
      "Strategy": "Plain",
      "Partial Mode": "Finalize",
      "Parallel Aware": false,
      "Startup Cost": 91099.4,
      "Total Cost": 91099.41,
      "Plan Rows": 1,
      "Plan Width": 8,
      "Actual Startup Time": 311.806,
      "Actual Total Time": 329.099,
      "Actual Rows": 1,
      "Actual Loops": 1,
      "Plans": [
        {
          "Node Type": "Gather",
          "Parent Relationship": "Outer",
          "Parallel Aware": false,
          "Startup Cost": 91099.08,
          "Total Cost": 91099.39,
          "Plan Rows": 3,
          "Plan Width": 8,
          "Actual Startup Time": 309.871,
          "Actual Total Time": 329.091,
          "Actual Rows": 4,
          "Actual Loops": 1,
          "Workers Planned": 3,
          "Workers Launched": 3,
          "Single Copy": false,
          "Plans": [
            {
              "Node Type": "Aggregate",
              "Strategy": "Plain",
              "Partial Mode": "Partial",
              "Parent Relationship": "Outer",
              "Parallel Aware": false,
              "Startup Cost": 90099.08,
              "Total Cost": 90099.09,
              "Plan Rows": 1,
              "Plan Width": 8,
              "Actual Startup Time": 302.272,
              "Actual Total Time": 302.276,
              "Actual Rows": 1,
              "Actual Loops": 4,
              "Plans": [
                {
                  "Node Type": "Hash Join",
                  "Parent Relationship": "Outer",
                  "Parallel Aware": true,
                  "Join Type": "Inner",
                  "Startup Cost": 46382.14,
                  "Total Cost": 89998.88,
                  "Plan Rows": 40081,
                  "Plan Width": 0,
                  "Actual Startup Time": 157.728,
                  "Actual Total Time": 297.496,
                  "Actual Rows": 102135,
                  "Actual Loops": 4,
                  "Inner Unique": true,
                  "Hash Cond": "(mk.movie_id = t.id)",
                  "Plans": [
                    {
                      "Node Type": "Seq Scan",
                      "Parent Relationship": "Outer",
                      "Parallel Aware": true,
                      "Relation Name": "movie_keyword",
                      "Alias": "mk",
                      "Startup Cost": 0.0,
                      "Total Cost": 42695.65,
                      "Plan Rows": 350890,
                      "Plan Width": 4,
                      "Actual Startup Time": 1.16,
                      "Actual Total Time": 99.637,
                      "Actual Rows": 272059,
                      "Actual Loops": 4,
                      "Filter": "(keyword_id > 16264)",
                      "Rows Removed by Filter": 858923
                    },
                    {
                      "Node Type": "Hash",
                      "Parent Relationship": "Inner",
                      "Parallel Aware": true,
                      "Startup Cost": 45479.59,
                      "Total Cost": 45479.59,
                      "Plan Rows": 72204,
                      "Plan Width": 4,
                      "Actual Startup Time": 153.0,
                      "Actual Total Time": 153.001,
                      "Actual Rows": 102922,
                      "Actual Loops": 4,
                      "Hash Buckets": 524288,
                      "Original Hash Buckets": 524288,
                      "Hash Batches": 1,
                      "Original Hash Batches": 1,
                      "Peak Memory Usage": 20288,
                      "Plans": [
                        {
                          "Node Type": "Seq Scan",
                          "Parent Relationship": "Outer",
                          "Parallel Aware": true,
                          "Relation Name": "title",
                          "Alias": "t",
                          "Startup Cost": 0.0,
                          "Total Cost": 45479.59,
                          "Plan Rows": 72204,
                          "Plan Width": 4,
                          "Actual Startup Time": 0.06,
                          "Actual Total Time": 108.302,
                          "Actual Rows": 102922,
                          "Actual Loops": 4,
                          "Filter": "((kind_id < 7) AND (production_year < 1993))",
                          "Rows Removed by Filter": 529156
                        }
                      ]
                    }
                  ]
                }
              ]
            }
          ]
        }
      ]
    },
    "Planning Time": 0.737,
    "Triggers": [],
    "Execution Time": 329.17
  }
]