[
  {
    "Plan": {
      "Node Type": "Aggregate",
      "Strategy": "Plain",
      "Partial Mode": "Finalize",
      "Parallel Aware": false,
      "Startup Cost": 217652.28,
      "Total Cost": 217652.29,
      "Plan Rows": 1,
      "Plan Width": 8,
      "Actual Startup Time": 219.812,
      "Actual Total Time": 232.667,
      "Actual Rows": 1,
      "Actual Loops": 1,
      "Plans": [
        {
          "Node Type": "Gather",
          "Parent Relationship": "Outer",
          "Parallel Aware": false,
          "Startup Cost": 217651.76,
          "Total Cost": 217652.27,
          "Plan Rows": 5,
          "Plan Width": 8,
          "Actual Startup Time": 216.212,
          "Actual Total Time": 232.658,
          "Actual Rows": 6,
          "Actual Loops": 1,
          "Workers Planned": 5,
          "Workers Launched": 5,
          "Single Copy": false,
          "Plans": [
            {
              "Node Type": "Aggregate",
              "Strategy": "Plain",
              "Partial Mode": "Partial",
              "Parent Relationship": "Outer",
              "Parallel Aware": false,
              "Startup Cost": 216651.76,
              "Total Cost": 216651.77,
              "Plan Rows": 1,
              "Plan Width": 8,
              "Actual Startup Time": 206.406,
              "Actual Total Time": 206.409,
              "Actual Rows": 1,
              "Actual Loops": 6,
              "Plans": [
                {
                  "Node Type": "Nested Loop",
                  "Parent Relationship": "Outer",
                  "Parallel Aware": false,
                  "Join Type": "Inner",
                  "Startup Cost": 48504.43,
                  "Total Cost": 216641.75,
                  "Plan Rows": 4006,
                  "Plan Width": 0,
                  "Actual Startup Time": 139.294,
                  "Actual Total Time": 204.339,
                  "Actual Rows": 40878,
                  "Actual Loops": 6,
                  "Inner Unique": false,
                  "Plans": [
                    {
                      "Node Type": "Hash Join",
                      "Parent Relationship": "Outer",
                      "Parallel Aware": true,
                      "Join Type": "Inner",
                      "Startup Cost": 48504.0,
                      "Total Cost": 212268.53,
                      "Plan Rows": 7339,
                      "Plan Width": 8,
                      "Actual Startup Time": 139.181,
                      "Actual Total Time": 152.148,
                      "Actual Rows": 18838,
                      "Actual Loops": 6,
                      "Inner Unique": true,
                      "Hash Cond": "(mi.movie_id = t.id)",
                      "Plans": [
                        {
                          "Node Type": "Bitmap Heap Scan",
                          "Parent Relationship": "Outer",
                          "Parallel Aware": true,
                          "Relation Name": "movie_info",
                          "Alias": "mi",
                          "Startup Cost": 2541.64,
                          "Total Cost": 166232.39,
                          "Plan Rows": 28109,
                          "Plan Width": 4,
                          "Actual Startup Time": 14.655,
                          "Actual Total Time": 18.683,
                          "Actual Rows": 23344,
                          "Actual Loops": 6,
                          "Recheck Cond": "(info_type_id = 9)",
                          "Rows Removed by Index Recheck": 0,
                          "Exact Heap Blocks": 337,
                          "Lossy Heap Blocks": 0,
                          "Plans": [
                            {
                              "Node Type": "Bitmap Index Scan",
                              "Parent Relationship": "Outer",
                              "Parallel Aware": false,
                              "Index Name": "info_type_id_movie_info",
                              "Startup Cost": 0.0,
                              "Total Cost": 2506.51,
                              "Plan Rows": 140543,
                              "Plan Width": 0,
                              "Actual Startup Time": 11.611,
                              "Actual Total Time": 11.612,
                              "Actual Rows": 140065,
                              "Actual Loops": 1,
                              "Index Cond": "(info_type_id = 9)"
                            }
                          ]
                        },
                        {
                          "Node Type": "Hash",
                          "Parent Relationship": "Inner",
                          "Parallel Aware": true,
                          "Startup Cost": 43899.32,
                          "Total Cost": 43899.32,
                          "Plan Rows": 165043,
                          "Plan Width": 4,
                          "Actual Startup Time": 119.12,
                          "Actual Total Time": 119.12,
                          "Actual Rows": 110471,
                          "Actual Loops": 6,
                          "Hash Buckets": 1048576,
                          "Original Hash Buckets": 1048576,
                          "Hash Batches": 1,
                          "Original Hash Batches": 1,
                          "Peak Memory Usage": 34208,
                          "Plans": [
                            {
                              "Node Type": "Seq Scan",
                              "Parent Relationship": "Outer",
                              "Parallel Aware": true,
                              "Relation Name": "title",
                              "Alias": "t",
                              "Startup Cost": 0.0,
                              "Total Cost": 43899.32,
                              "Plan Rows": 165043,
                              "Plan Width": 4,
                              "Actual Startup Time": 38.424,
                              "Actual Total Time": 76.063,
                              "Actual Rows": 110471,
                              "Actual Loops": 6,
                              "Filter": "(kind_id = 1)",
                              "Rows Removed by Filter": 310914
                            }
                          ]
                        }
                      ]
                    },
                    {
                      "Node Type": "Index Only Scan",
                      "Parent Relationship": "Inner",
                      "Parallel Aware": false,
                      "Scan Direction": "Forward",
                      "Index Name": "movie_id_movie_info_idx",
                      "Relation Name": "movie_info_idx",
                      "Alias": "mi_idx",
                      "Startup Cost": 0.43,
                      "Total Cost": 0.57,
                      "Plan Rows": 3,
                      "Plan Width": 4,
                      "Actual Startup Time": 0.002,
                      "Actual Total Time": 0.002,
                      "Actual Rows": 2,
                      "Actual Loops": 113025,
                      "Index Cond": "(movie_id = t.id)",
                      "Rows Removed by Index Recheck": 0,
                      "Heap Fetches": 245268
                    }
                  ]
                }
              ]
            }
          ]
        }
      ]
    },
    "Planning Time": 1.122,
    "Triggers": [],
    "Execution Time": 232.754
  }
]