[
  {
    "Plan": {
      "Node Type": "Aggregate",
      "Strategy": "Plain",
      "Partial Mode": "Finalize",
      "Parallel Aware": false,
      "Startup Cost": 334799.19,
      "Total Cost": 334799.2,
      "Plan Rows": 1,
      "Plan Width": 8,
      "Actual Startup Time": 775.804,
      "Actual Total Time": 853.492,
      "Actual Rows": 1,
      "Actual Loops": 1,
      "Plans": [
        {
          "Node Type": "Gather",
          "Parent Relationship": "Outer",
          "Parallel Aware": false,
          "Startup Cost": 334798.57,
          "Total Cost": 334799.18,
          "Plan Rows": 6,
          "Plan Width": 8,
          "Actual Startup Time": 775.514,
          "Actual Total Time": 853.48,
          "Actual Rows": 7,
          "Actual Loops": 1,
          "Workers Planned": 6,
          "Workers Launched": 6,
          "Single Copy": false,
          "Plans": [
            {
              "Node Type": "Aggregate",
              "Strategy": "Plain",
              "Partial Mode": "Partial",
              "Parent Relationship": "Outer",
              "Parallel Aware": false,
              "Startup Cost": 333798.57,
              "Total Cost": 333798.58,
              "Plan Rows": 1,
              "Plan Width": 8,
              "Actual Startup Time": 765.113,
              "Actual Total Time": 765.115,
              "Actual Rows": 1,
              "Actual Loops": 7,
              "Plans": [
                {
                  "Node Type": "Seq Scan",
                  "Parent Relationship": "Outer",
                  "Parallel Aware": true,
                  "Relation Name": "cast_info",
                  "Alias": "ci",
                  "Startup Cost": 0.0,
                  "Total Cost": 328211.39,
                  "Plan Rows": 2234871,
                  "Plan Width": 0,
                  "Actual Startup Time": 0.064,
                  "Actual Total Time": 667.943,
                  "Actual Rows": 1932382,
                  "Actual Loops": 7,
                  "Filter": "(person_id < 1333427)",
                  "Rows Removed by Filter": 3245382
                }
              ]
            }
          ]
        }
      ]
    },
    "Planning Time": 0.205,
    "Triggers": [],
    "Execution Time": 853.561
  }
]