[
  {
    "Plan": {
      "Node Type": "Aggregate",
      "Strategy": "Plain",
      "Partial Mode": "Finalize",
      "Parallel Aware": false,
      "Startup Cost": 32614.93,
      "Total Cost": 32614.94,
      "Plan Rows": 1,
      "Plan Width": 8,
      "Actual Startup Time": 78.078,
      "Actual Total Time": 86.675,
      "Actual Rows": 1,
      "Actual Loops": 1,
      "Plans": [
        {
          "Node Type": "Gather",
          "Parent Relationship": "Outer",
          "Parallel Aware": false,
          "Startup Cost": 32614.61,
          "Total Cost": 32614.92,
          "Plan Rows": 3,
          "Plan Width": 8,
          "Actual Startup Time": 77.947,
          "Actual Total Time": 86.667,
          "Actual Rows": 4,
          "Actual Loops": 1,
          "Workers Planned": 3,
          "Workers Launched": 3,
          "Single Copy": false,
          "Plans": [
            {
              "Node Type": "Aggregate",
              "Strategy": "Plain",
              "Partial Mode": "Partial",
              "Parent Relationship": "Outer",
              "Parallel Aware": false,
              "Startup Cost": 31614.61,
              "Total Cost": 31614.62,
              "Plan Rows": 1,
              "Plan Width": 8,
              "Actual Startup Time": 73.816,
              "Actual Total Time": 73.817,
              "Actual Rows": 1,
              "Actual Loops": 4,
              "Plans": [
                {
                  "Node Type": "Seq Scan",
                  "Parent Relationship": "Outer",
                  "Parallel Aware": true,
                  "Relation Name": "movie_companies",
                  "Alias": "mc",
                  "Startup Cost": 0.0,
                  "Total Cost": 31414.82,
                  "Plan Rows": 79916,
                  "Plan Width": 0,
                  "Actual Startup Time": 38.99,
                  "Actual Total Time": 68.771,
                  "Actual Rows": 120649,
                  "Actual Loops": 4,
                  "Filter": "((company_id > 75082) AND (company_type_id > 1))",
                  "Rows Removed by Filter": 531634
                }
              ]
            }
          ]
        }
      ]
    },
    "Planning Time": 0.226,
    "Triggers": [],
    "Execution Time": 86.731
  }
]