[
  {
    "Plan": {
      "Node Type": "Aggregate",
      "Strategy": "Plain",
      "Partial Mode": "Finalize",
      "Parallel Aware": false,
      "Startup Cost": 394175.2,
      "Total Cost": 394175.21,
      "Plan Rows": 1,
      "Plan Width": 8,
      "Actual Startup Time": 3990.697,
      "Actual Total Time": 4103.159,
      "Actual Rows": 1,
      "Actual Loops": 1,
      "Plans": [
        {
          "Node Type": "Gather",
          "Parent Relationship": "Outer",
          "Parallel Aware": false,
          "Startup Cost": 394174.78,
          "Total Cost": 394175.19,
          "Plan Rows": 4,
          "Plan Width": 8,
          "Actual Startup Time": 3985.107,
          "Actual Total Time": 4103.149,
          "Actual Rows": 5,
          "Actual Loops": 1,
          "Workers Planned": 4,
          "Workers Launched": 4,
          "Single Copy": false,
          "Plans": [
            {
              "Node Type": "Aggregate",
              "Strategy": "Plain",
              "Partial Mode": "Partial",
              "Parent Relationship": "Outer",
              "Parallel Aware": false,
              "Startup Cost": 393174.78,
              "Total Cost": 393174.79,
              "Plan Rows": 1,
              "Plan Width": 8,
              "Actual Startup Time": 3979.086,
              "Actual Total Time": 3979.088,
              "Actual Rows": 1,
              "Actual Loops": 5,
              "Plans": [
                {
                  "Node Type": "Nested Loop",
                  "Parent Relationship": "Outer",
                  "Parallel Aware": false,
                  "Join Type": "Inner",
                  "Startup Cost": 12.74,
                  "Total Cost": 391051.78,
                  "Plan Rows": 849200,
                  "Plan Width": 0,
                  "Actual Startup Time": 394.16,
                  "Actual Total Time": 3852.077,
                  "Actual Rows": 2580488,
                  "Actual Loops": 5,
                  "Inner Unique": false,
                  "Join Filter": "(t.id = ci.movie_id)",
                  "Rows Removed by Join Filter": 0,
                  "Plans": [
                    {
                      "Node Type": "Merge Join",
                      "Parent Relationship": "Outer",
                      "Parallel Aware": false,
                      "Join Type": "Inner",
                      "Startup Cost": 12.17,
                      "Total Cost": 151255.11,
                      "Plan Rows": 90082,
                      "Plan Width": 8,
                      "Actual Startup Time": 394.077,
                      "Actual Total Time": 774.75,
                      "Actual Rows": 125980,
                      "Actual Loops": 5,
                      "Inner Unique": false,
                      "Merge Cond": "(t.id = mi_idx.movie_id)",
                      "Plans": [
                        {
                          "Node Type": "Index Scan",
                          "Parent Relationship": "Outer",
                          "Parallel Aware": true,
                          "Scan Direction": "Forward",
                          "Index Name": "title_pkey",
                          "Relation Name": "title",
                          "Alias": "t",
                          "Startup Cost": 0.43,
                          "Total Cost": 92969.49,
                          "Plan Rows": 165043,
                          "Plan Width": 4,
                          "Actual Startup Time": 200.368,
                          "Actual Total Time": 393.717,
                          "Actual Rows": 132332,
                          "Actual Loops": 5,
                          "Filter": "(kind_id = 1)",
                          "Rows Removed by Filter": 372833
                        },
                        {
                          "Node Type": "Index Only Scan",
                          "Parent Relationship": "Inner",
                          "Parallel Aware": false,
                          "Scan Direction": "Forward",
                          "Index Name": "movie_id_movie_info_idx",
                          "Relation Name": "movie_info_idx",
                          "Alias": "mi_idx",
                          "Startup Cost": 0.43,
                          "Total Cost": 53621.69,
                          "Plan Rows": 1380035,
                          "Plan Width": 4,
                          "Actual Startup Time": 0.062,
                          "Actual Total Time": 293.796,
                          "Actual Rows": 1380035,
                          "Actual Loops": 5,
                          "Heap Fetches": 6900175
                        }
                      ]
                    },
                    {
                      "Node Type": "Index Scan",
                      "Parent Relationship": "Inner",
                      "Parallel Aware": false,
                      "Scan Direction": "Forward",
                      "Index Name": "movie_id_cast_info",
                      "Relation Name": "cast_info",
                      "Alias": "ci",
                      "Startup Cost": 0.56,
                      "Total Cost": 2.37,
                      "Plan Rows": 23,
                      "Plan Width": 4,
                      "Actual Startup Time": 0.003,
                      "Actual Total Time": 0.022,
                      "Actual Rows": 20,
                      "Actual Loops": 629900,
                      "Index Cond": "(movie_id = mi_idx.movie_id)",
                      "Rows Removed by Index Recheck": 0,
                      "Filter": "(person_id < 2460079)",
                      "Rows Removed by Filter": 9
                    }
                  ]
                }
              ]
            }
          ]
        }
      ]
    },
    "Planning Time": 0.552,
    "Triggers": [],
    "Execution Time": 4103.23
  }
]