[
    {
        "Bao": {
            "Bao prediction": 1238.438,
            "Bao recommended hint": "SET enable_mergejoin TO off; "
        }
    },
    {
        "Plan": {
            "Node Type": "Aggregate",
            "Strategy": "Plain",
            "Partial Mode": "Finalize",
            "Parallel Aware": false,
            "Startup Cost": 604661.96,
            "Total Cost": 604661.97,
            "Plan Rows": 1,
            "Plan Width": 8,
            "Actual Startup Time": 2973.853,
            "Actual Total Time": 3022.528,
            "Actual Rows": 1,
            "Actual Loops": 1,
            "Output": [
                "count(*)"
            ],
            "Plans": [
                {
                    "Node Type": "Gather",
                    "Parent Relationship": "Outer",
                    "Parallel Aware": false,
                    "Startup Cost": 604661.34,
                    "Total Cost": 604661.95,
                    "Plan Rows": 6,
                    "Plan Width": 8,
                    "Actual Startup Time": 2956.968,
                    "Actual Total Time": 3022.517,
                    "Actual Rows": 7,
                    "Actual Loops": 1,
                    "Output": [
                        "(PARTIAL count(*))"
                    ],
                    "Workers Planned": 6,
                    "Workers Launched": 6,
                    "Single Copy": false,
                    "Plans": [
                        {
                            "Node Type": "Aggregate",
                            "Strategy": "Plain",
                            "Partial Mode": "Partial",
                            "Parent Relationship": "Outer",
                            "Parallel Aware": false,
                            "Startup Cost": 603661.34,
                            "Total Cost": 603661.35,
                            "Plan Rows": 1,
                            "Plan Width": 8,
                            "Actual Startup Time": 2941.366,
                            "Actual Total Time": 2941.782,
                            "Actual Rows": 1,
                            "Actual Loops": 7,
                            "Output": [
                                "PARTIAL count(*)"
                            ],
                            "Workers": [
                                {
                                    "Worker Number": 0,
                                    "Actual Startup Time": 2938.57,
                                    "Actual Total Time": 2938.574,
                                    "Actual Rows": 1,
                                    "Actual Loops": 1
                                },
                                {
                                    "Worker Number": 1,
                                    "Actual Startup Time": 2940.528,
                                    "Actual Total Time": 2940.533,
                                    "Actual Rows": 1,
                                    "Actual Loops": 1
                                },
                                {
                                    "Worker Number": 2,
                                    "Actual Startup Time": 2938.567,
                                    "Actual Total Time": 2938.571,
                                    "Actual Rows": 1,
                                    "Actual Loops": 1
                                },
                                {
                                    "Worker Number": 3,
                                    "Actual Startup Time": 2938.566,
                                    "Actual Total Time": 2938.571,
                                    "Actual Rows": 1,
                                    "Actual Loops": 1
                                },
                                {
                                    "Worker Number": 4,
                                    "Actual Startup Time": 2938.701,
                                    "Actual Total Time": 2938.706,
                                    "Actual Rows": 1,
                                    "Actual Loops": 1
                                },
                                {
                                    "Worker Number": 5,
                                    "Actual Startup Time": 2938.742,
                                    "Actual Total Time": 2938.746,
                                    "Actual Rows": 1,
                                    "Actual Loops": 1
                                }
                            ],
                            "Plans": [
                                {
                                    "Node Type": "Hash Join",
                                    "Parent Relationship": "Outer",
                                    "Parallel Aware": true,
                                    "Join Type": "Inner",
                                    "Startup Cost": 253029.98,
                                    "Total Cost": 595402.96,
                                    "Plan Rows": 3303350,
                                    "Plan Width": 0,
                                    "Actual Startup Time": 706.18,
                                    "Actual Total Time": 2786.669,
                                    "Actual Rows": 3020865,
                                    "Actual Loops": 7,
                                    "Inner Unique": false,
                                    "Hash Cond": "(ci.movie_id = t.id)",
                                    "Workers": [
                                        {
                                            "Worker Number": 0,
                                            "Actual Startup Time": 703.623,
                                            "Actual Total Time": 2780.81,
                                            "Actual Rows": 2798475,
                                            "Actual Loops": 1
                                        },
                                        {
                                            "Worker Number": 1,
                                            "Actual Startup Time": 703.665,
                                            "Actual Total Time": 2778.225,
                                            "Actual Rows": 2464090,
                                            "Actual Loops": 1
                                        },
                                        {
                                            "Worker Number": 2,
                                            "Actual Startup Time": 703.74,
                                            "Actual Total Time": 2780.367,
                                            "Actual Rows": 2932450,
                                            "Actual Loops": 1
                                        },
                                        {
                                            "Worker Number": 3,
                                            "Actual Startup Time": 703.639,
                                            "Actual Total Time": 2783.502,
                                            "Actual Rows": 2904429,
                                            "Actual Loops": 1
                                        },
                                        {
                                            "Worker Number": 4,
                                            "Actual Startup Time": 703.805,
                                            "Actual Total Time": 2787.841,
                                            "Actual Rows": 3216222,
                                            "Actual Loops": 1
                                        },
                                        {
                                            "Worker Number": 5,
                                            "Actual Startup Time": 703.816,
                                            "Actual Total Time": 2785.938,
                                            "Actual Rows": 3016758,
                                            "Actual Loops": 1
                                        }
                                    ],
                                    "Plans": [
                                        {
                                            "Node Type": "Seq Scan",
                                            "Parent Relationship": "Outer",
                                            "Parallel Aware": true,
                                            "Relation Name": "cast_info",
                                            "Schema": "public",
                                            "Alias": "ci",
                                            "Startup Cost": 0.0,
                                            "Total Cost": 313108.29,
                                            "Plan Rows": 6042129,
                                            "Plan Width": 4,
                                            "Actual Startup Time": 0.025,
                                            "Actual Total Time": 552.028,
                                            "Actual Rows": 5177763,
                                            "Actual Loops": 7,
                                            "Output": [
                                                "ci.id",
                                                "ci.person_id",
                                                "ci.movie_id",
                                                "ci.person_role_id",
                                                "ci.note",
                                                "ci.nr_order",
                                                "ci.role_id"
                                            ],
                                            "Workers": [
                                                {
                                                    "Worker Number": 0,
                                                    "Actual Startup Time": 0.029,
                                                    "Actual Total Time": 563.802,
                                                    "Actual Rows": 4816263,
                                                    "Actual Loops": 1
                                                },
                                                {
                                                    "Worker Number": 1,
                                                    "Actual Startup Time": 0.03,
                                                    "Actual Total Time": 590.878,
                                                    "Actual Rows": 4231729,
                                                    "Actual Loops": 1
                                                },
                                                {
                                                    "Worker Number": 2,
                                                    "Actual Startup Time": 0.027,
                                                    "Actual Total Time": 558.13,
                                                    "Actual Rows": 4988124,
                                                    "Actual Loops": 1
                                                },
                                                {
                                                    "Worker Number": 3,
                                                    "Actual Startup Time": 0.027,
                                                    "Actual Total Time": 565.999,
                                                    "Actual Rows": 4972886,
                                                    "Actual Loops": 1
                                                },
                                                {
                                                    "Worker Number": 4,
                                                    "Actual Startup Time": 0.022,
                                                    "Actual Total Time": 539.254,
                                                    "Actual Rows": 5551108,
                                                    "Actual Loops": 1
                                                },
                                                {
                                                    "Worker Number": 5,
                                                    "Actual Startup Time": 0.03,
                                                    "Actual Total Time": 574.22,
                                                    "Actual Rows": 5126496,
                                                    "Actual Loops": 1
                                                }
                                            ]
                                        },
                                        {
                                            "Node Type": "Hash",
                                            "Parent Relationship": "Inner",
                                            "Parallel Aware": true,
                                            "Startup Cost": 249574.26,
                                            "Total Cost": 249574.26,
                                            "Plan Rows": 276457,
                                            "Plan Width": 8,
                                            "Actual Startup Time": 700.988,
                                            "Actual Total Time": 701.402,
                                            "Actual Rows": 178497,
                                            "Actual Loops": 7,
                                            "Output": [
                                                "t.id",
                                                "mi.movie_id"
                                            ],
                                            "Hash Buckets": 2097152,
                                            "Original Hash Buckets": 2097152,
                                            "Hash Batches": 1,
                                            "Original Hash Batches": 1,
                                            "Peak Memory Usage": 65408,
                                            "Workers": [
                                                {
                                                    "Worker Number": 0,
                                                    "Actual Startup Time": 702.775,
                                                    "Actual Total Time": 702.778,
                                                    "Actual Rows": 164635,
                                                    "Actual Loops": 1
                                                },
                                                {
                                                    "Worker Number": 1,
                                                    "Actual Startup Time": 702.78,
                                                    "Actual Total Time": 702.783,
                                                    "Actual Rows": 156441,
                                                    "Actual Loops": 1
                                                },
                                                {
                                                    "Worker Number": 2,
                                                    "Actual Startup Time": 702.729,
                                                    "Actual Total Time": 702.731,
                                                    "Actual Rows": 164215,
                                                    "Actual Loops": 1
                                                },
                                                {
                                                    "Worker Number": 3,
                                                    "Actual Startup Time": 702.875,
                                                    "Actual Total Time": 702.879,
                                                    "Actual Rows": 163311,
                                                    "Actual Loops": 1
                                                },
                                                {
                                                    "Worker Number": 4,
                                                    "Actual Startup Time": 702.968,
                                                    "Actual Total Time": 702.971,
                                                    "Actual Rows": 216222,
                                                    "Actual Loops": 1
                                                },
                                                {
                                                    "Worker Number": 5,
                                                    "Actual Startup Time": 702.965,
                                                    "Actual Total Time": 702.968,
                                                    "Actual Rows": 158750,
                                                    "Actual Loops": 1
                                                }
                                            ],
                                            "Plans": [
                                                {
                                                    "Node Type": "Hash Join",
                                                    "Parent Relationship": "Outer",
                                                    "Parallel Aware": true,
                                                    "Join Type": "Inner",
                                                    "Startup Cost": 49117.65,
                                                    "Total Cost": 249574.26,
                                                    "Plan Rows": 276457,
                                                    "Plan Width": 8,
                                                    "Actual Startup Time": 247.127,
                                                    "Actual Total Time": 616.006,
                                                    "Actual Rows": 178497,
                                                    "Actual Loops": 7,
                                                    "Output": [
                                                        "t.id",
                                                        "mi.movie_id"
                                                    ],
                                                    "Inner Unique": true,
                                                    "Hash Cond": "(mi.movie_id = t.id)",
                                                    "Workers": [
                                                        {
                                                            "Worker Number": 0,
                                                            "Actual Startup Time": 247.096,
                                                            "Actual Total Time": 615.454,
                                                            "Actual Rows": 164635,
                                                            "Actual Loops": 1
                                                        },
                                                        {
                                                            "Worker Number": 1,
                                                            "Actual Startup Time": 247.203,
                                                            "Actual Total Time": 615.937,
                                                            "Actual Rows": 156441,
                                                            "Actual Loops": 1
                                                        },
                                                        {
                                                            "Worker Number": 2,
                                                            "Actual Startup Time": 247.116,
                                                            "Actual Total Time": 616.87,
                                                            "Actual Rows": 164215,
                                                            "Actual Loops": 1
                                                        },
                                                        {
                                                            "Worker Number": 3,
                                                            "Actual Startup Time": 247.154,
                                                            "Actual Total Time": 615.766,
                                                            "Actual Rows": 163311,
                                                            "Actual Loops": 1
                                                        },
                                                        {
                                                            "Worker Number": 4,
                                                            "Actual Startup Time": 247.065,
                                                            "Actual Total Time": 614.771,
                                                            "Actual Rows": 216222,
                                                            "Actual Loops": 1
                                                        },
                                                        {
                                                            "Worker Number": 5,
                                                            "Actual Startup Time": 247.075,
                                                            "Actual Total Time": 615.728,
                                                            "Actual Rows": 158750,
                                                            "Actual Loops": 1
                                                        }
                                                    ],
                                                    "Plans": [
                                                        {
                                                            "Node Type": "Seq Scan",
                                                            "Parent Relationship": "Outer",
                                                            "Parallel Aware": true,
                                                            "Relation Name": "movie_info",
                                                            "Schema": "public",
                                                            "Alias": "mi",
                                                            "Startup Cost": 0.0,
                                                            "Total Cost": 198880.74,
                                                            "Plan Rows": 600336,
                                                            "Plan Width": 4,
                                                            "Actual Startup Time": 72.749,
                                                            "Actual Total Time": 313.56,
                                                            "Actual Rows": 433817,
                                                            "Actual Loops": 7,
                                                            "Output": [
                                                                "mi.id",
                                                                "mi.movie_id",
                                                                "mi.info_type_id",
                                                                "mi.info",
                                                                "mi.note"
                                                            ],
                                                            "Filter": "(mi.info_type_id = 16)",
                                                            "Rows Removed by Filter": 1685572,
                                                            "Workers": [
                                                                {
                                                                    "Worker Number": 0,
                                                                    "Actual Startup Time": 72.745,
                                                                    "Actual Total Time": 316.288,
                                                                    "Actual Rows": 391810,
                                                                    "Actual Loops": 1
                                                                },
                                                                {
                                                                    "Worker Number": 1,
                                                                    "Actual Startup Time": 72.724,
                                                                    "Actual Total Time": 317.304,
                                                                    "Actual Rows": 380189,
                                                                    "Actual Loops": 1
                                                                },
                                                                {
                                                                    "Worker Number": 2,
                                                                    "Actual Startup Time": 72.687,
                                                                    "Actual Total Time": 316.548,
                                                                    "Actual Rows": 395866,
                                                                    "Actual Loops": 1
                                                                },
                                                                {
                                                                    "Worker Number": 3,
                                                                    "Actual Startup Time": 72.886,
                                                                    "Actual Total Time": 316.165,
                                                                    "Actual Rows": 390926,
                                                                    "Actual Loops": 1
                                                                },
                                                                {
                                                                    "Worker Number": 4,
                                                                    "Actual Startup Time": 72.698,
                                                                    "Actual Total Time": 308.975,
                                                                    "Actual Rows": 521950,
                                                                    "Actual Loops": 1
                                                                },
                                                                {
                                                                    "Worker Number": 5,
                                                                    "Actual Startup Time": 72.748,
                                                                    "Actual Total Time": 317.259,
                                                                    "Actual Rows": 382992,
                                                                    "Actual Loops": 1
                                                                }
                                                            ]
                                                        },
                                                        {
                                                            "Node Type": "Hash",
                                                            "Parent Relationship": "Inner",
                                                            "Parallel Aware": true,
                                                            "Startup Cost": 45479.21,
                                                            "Total Cost": 45479.21,
                                                            "Plan Rows": 291075,
                                                            "Plan Width": 4,
                                                            "Actual Startup Time": 171.939,
                                                            "Actual Total Time": 171.94,
                                                            "Actual Rows": 161272,
                                                            "Actual Loops": 7,
                                                            "Output": [
                                                                "t.id"
                                                            ],
                                                            "Hash Buckets": 2097152,
                                                            "Original Hash Buckets": 2097152,
                                                            "Hash Batches": 1,
                                                            "Original Hash Batches": 1,
                                                            "Peak Memory Usage": 60640,
                                                            "Workers": [
                                                                {
                                                                    "Worker Number": 0,
                                                                    "Actual Startup Time": 174.086,
                                                                    "Actual Total Time": 174.087,
                                                                    "Actual Rows": 136492,
                                                                    "Actual Loops": 1
                                                                },
                                                                {
                                                                    "Worker Number": 1,
                                                                    "Actual Startup Time": 174.081,
                                                                    "Actual Total Time": 174.082,
                                                                    "Actual Rows": 135833,
                                                                    "Actual Loops": 1
                                                                },
                                                                {
                                                                    "Worker Number": 2,
                                                                    "Actual Startup Time": 174.144,
                                                                    "Actual Total Time": 174.145,
                                                                    "Actual Rows": 137062,
                                                                    "Actual Loops": 1
                                                                },
                                                                {
                                                                    "Worker Number": 3,
                                                                    "Actual Startup Time": 174.141,
                                                                    "Actual Total Time": 174.143,
                                                                    "Actual Rows": 132493,
                                                                    "Actual Loops": 1
                                                                },
                                                                {
                                                                    "Worker Number": 4,
                                                                    "Actual Startup Time": 174.085,
                                                                    "Actual Total Time": 174.086,
                                                                    "Actual Rows": 173837,
                                                                    "Actual Loops": 1
                                                                },
                                                                {
                                                                    "Worker Number": 5,
                                                                    "Actual Startup Time": 174.06,
                                                                    "Actual Total Time": 174.061,
                                                                    "Actual Rows": 137417,
                                                                    "Actual Loops": 1
                                                                }
                                                            ],
                                                            "Plans": [
                                                                {
                                                                    "Node Type": "Seq Scan",
                                                                    "Parent Relationship": "Outer",
                                                                    "Parallel Aware": true,
                                                                    "Relation Name": "title",
                                                                    "Schema": "public",
                                                                    "Alias": "t",
                                                                    "Startup Cost": 0.0,
                                                                    "Total Cost": 45479.21,
                                                                    "Plan Rows": 291075,
                                                                    "Plan Width": 4,
                                                                    "Actual Startup Time": 0.04,
                                                                    "Actual Total Time": 83.503,
                                                                    "Actual Rows": 161272,
                                                                    "Actual Loops": 7,
                                                                    "Output": [
                                                                        "t.id"
                                                                    ],
                                                                    "Filter": "((t.production_year < 2010) AND (t.kind_id = 7))",
                                                                    "Rows Removed by Filter": 199915,
                                                                    "Workers": [
                                                                        {
                                                                            "Worker Number": 0,
                                                                            "Actual Startup Time": 0.048,
                                                                            "Actual Total Time": 85.305,
                                                                            "Actual Rows": 136492,
                                                                            "Actual Loops": 1
                                                                        },
                                                                        {
                                                                            "Worker Number": 1,
                                                                            "Actual Startup Time": 0.03,
                                                                            "Actual Total Time": 86.491,
                                                                            "Actual Rows": 135833,
                                                                            "Actual Loops": 1
                                                                        },
                                                                        {
                                                                            "Worker Number": 2,
                                                                            "Actual Startup Time": 0.048,
                                                                            "Actual Total Time": 85.502,
                                                                            "Actual Rows": 137062,
                                                                            "Actual Loops": 1
                                                                        },
                                                                        {
                                                                            "Worker Number": 3,
                                                                            "Actual Startup Time": 0.047,
                                                                            "Actual Total Time": 85.027,
                                                                            "Actual Rows": 132493,
                                                                            "Actual Loops": 1
                                                                        },
                                                                        {
                                                                            "Worker Number": 4,
                                                                            "Actual Startup Time": 0.045,
                                                                            "Actual Total Time": 80.97,
                                                                            "Actual Rows": 173837,
                                                                            "Actual Loops": 1
                                                                        },
                                                                        {
                                                                            "Worker Number": 5,
                                                                            "Actual Startup Time": 0.045,
                                                                            "Actual Total Time": 87.158,
                                                                            "Actual Rows": 137417,
                                                                            "Actual Loops": 1
                                                                        }
                                                                    ]
                                                                }
                                                            ]
                                                        }
                                                    ]
                                                }
                                            ]
                                        }
                                    ]
                                }
                            ]
                        }
                    ]
                }
            ]
        },
        "Planning Time": 1323.949,
        "Triggers": [],
        "Execution Time": 3022.664
    }
]