[
  {
    "Plan": {
      "Node Type": "Aggregate",
      "Strategy": "Plain",
      "Partial Mode": "Finalize",
      "Parallel Aware": false,
      "Startup Cost": 427876.13,
      "Total Cost": 427876.14,
      "Plan Rows": 1,
      "Plan Width": 8,
      "Actual Startup Time": 1691.548,
      "Actual Total Time": 1775.124,
      "Actual Rows": 1,
      "Actual Loops": 1,
      "Plans": [
        {
          "Node Type": "Gather",
          "Parent Relationship": "Outer",
          "Parallel Aware": false,
          "Startup Cost": 427875.82,
          "Total Cost": 427876.13,
          "Plan Rows": 3,
          "Plan Width": 8,
          "Actual Startup Time": 1686.492,
          "Actual Total Time": 1775.112,
          "Actual Rows": 4,
          "Actual Loops": 1,
          "Workers Planned": 3,
          "Workers Launched": 3,
          "Single Copy": false,
          "Plans": [
            {
              "Node Type": "Aggregate",
              "Strategy": "Plain",
              "Partial Mode": "Partial",
              "Parent Relationship": "Outer",
              "Parallel Aware": false,
              "Startup Cost": 426875.82,
              "Total Cost": 426875.83,
              "Plan Rows": 1,
              "Plan Width": 8,
              "Actual Startup Time": 1675.48,
              "Actual Total Time": 1675.485,
              "Actual Rows": 1,
              "Actual Loops": 4,
              "Plans": [
                {
                  "Node Type": "Nested Loop",
                  "Parent Relationship": "Outer",
                  "Parallel Aware": false,
                  "Join Type": "Inner",
                  "Startup Cost": 64456.47,
                  "Total Cost": 422201.38,
                  "Plan Rows": 1869774,
                  "Plan Width": 0,
                  "Actual Startup Time": 318.442,
                  "Actual Total Time": 1602.807,
                  "Actual Rows": 1393860,
                  "Actual Loops": 4,
                  "Inner Unique": false,
                  "Plans": [
                    {
                      "Node Type": "Hash Join",
                      "Parent Relationship": "Outer",
                      "Parallel Aware": true,
                      "Join Type": "Inner",
                      "Startup Cost": 64455.91,
                      "Total Cost": 92177.42,
                      "Plan Rows": 130410,
                      "Plan Width": 8,
                      "Actual Startup Time": 318.254,
                      "Actual Total Time": 412.45,
                      "Actual Rows": 49820,
                      "Actual Loops": 4,
                      "Inner Unique": true,
                      "Hash Cond": "(mk.movie_id = t.id)",
                      "Plans": [
                        {
                          "Node Type": "Bitmap Heap Scan",
                          "Parent Relationship": "Outer",
                          "Parallel Aware": true,
                          "Relation Name": "movie_keyword",
                          "Alias": "mk",
                          "Startup Cost": 14206.65,
                          "Total Cost": 41361.07,
                          "Plan Rows": 216034,
                          "Plan Width": 4,
                          "Actual Startup Time": 46.872,
                          "Actual Total Time": 94.753,
                          "Actual Rows": 167840,
                          "Actual Loops": 4,
                          "Recheck Cond": "(keyword_id > 27937)",
                          "Rows Removed by Index Recheck": 0,
                          "Exact Heap Blocks": 7686,
                          "Lossy Heap Blocks": 0,
                          "Plans": [
                            {
                              "Node Type": "Bitmap Index Scan",
                              "Parent Relationship": "Outer",
                              "Parallel Aware": false,
                              "Index Name": "keyword_id_movie_keyword",
                              "Startup Cost": 0.0,
                              "Total Cost": 14039.22,
                              "Plan Rows": 669705,
                              "Plan Width": 0,
                              "Actual Startup Time": 43.28,
                              "Actual Total Time": 43.281,
                              "Actual Rows": 671358,
                              "Actual Loops": 1,
                              "Index Cond": "(keyword_id > 27937)"
                            }
                          ]
                        },
                        {
                          "Node Type": "Hash",
                          "Parent Relationship": "Inner",
                          "Parallel Aware": true,
                          "Startup Cost": 45479.59,
                          "Total Cost": 45479.59,
                          "Plan Rows": 381574,
                          "Plan Width": 4,
                          "Actual Startup Time": 264.597,
                          "Actual Total Time": 264.598,
                          "Actual Rows": 376808,
                          "Actual Loops": 4,
                          "Hash Buckets": 2097152,
                          "Original Hash Buckets": 2097152,
                          "Hash Batches": 1,
                          "Original Hash Batches": 1,
                          "Peak Memory Usage": 75392,
                          "Plans": [
                            {
                              "Node Type": "Seq Scan",
                              "Parent Relationship": "Outer",
                              "Parallel Aware": true,
                              "Relation Name": "title",
                              "Alias": "t",
                              "Startup Cost": 0.0,
                              "Total Cost": 45479.59,
                              "Plan Rows": 381574,
                              "Plan Width": 4,
                              "Actual Startup Time": 0.049,
                              "Actual Total Time": 115.918,
                              "Actual Rows": 376808,
                              "Actual Loops": 4,
                              "Filter": "((kind_id > 1) AND (production_year < 2011))",
                              "Rows Removed by Filter": 255270
                            }
                          ]
                        }
                      ]
                    },
                    {
                      "Node Type": "Index Only Scan",
                      "Parent Relationship": "Inner",
                      "Parallel Aware": false,
                      "Scan Direction": "Forward",
                      "Index Name": "movie_id_cast_info",
                      "Relation Name": "cast_info",
                      "Alias": "ci",
                      "Startup Cost": 0.56,
                      "Total Cost": 2.18,
                      "Plan Rows": 35,
                      "Plan Width": 4,
                      "Actual Startup Time": 0.004,
                      "Actual Total Time": 0.021,
                      "Actual Rows": 28,
                      "Actual Loops": 199282,
                      "Index Cond": "(movie_id = t.id)",
                      "Rows Removed by Index Recheck": 0,
                      "Heap Fetches": 5575441
                    }
                  ]
                }
              ]
            }
          ]
        }
      ]
    },
    "Planning Time": 0.901,
    "Triggers": [],
    "Execution Time": 1775.223
  }
]