[
  {
    "Plan": {
      "Node Type": "Aggregate",
      "Strategy": "Plain",
      "Partial Mode": "Finalize",
      "Parallel Aware": false,
      "Startup Cost": 436567.09,
      "Total Cost": 436567.1,
      "Plan Rows": 1,
      "Plan Width": 8,
      "Actual Startup Time": 1825.936,
      "Actual Total Time": 1897.586,
      "Actual Rows": 1,
      "Actual Loops": 1,
      "Plans": [
        {
          "Node Type": "Gather",
          "Parent Relationship": "Outer",
          "Parallel Aware": false,
          "Startup Cost": 436566.46,
          "Total Cost": 436567.07,
          "Plan Rows": 6,
          "Plan Width": 8,
          "Actual Startup Time": 1812.366,
          "Actual Total Time": 1897.569,
          "Actual Rows": 7,
          "Actual Loops": 1,
          "Workers Planned": 6,
          "Workers Launched": 6,
          "Single Copy": false,
          "Plans": [
            {
              "Node Type": "Aggregate",
              "Strategy": "Plain",
              "Partial Mode": "Partial",
              "Parent Relationship": "Outer",
              "Parallel Aware": false,
              "Startup Cost": 435566.46,
              "Total Cost": 435566.47,
              "Plan Rows": 1,
              "Plan Width": 8,
              "Actual Startup Time": 1800.557,
              "Actual Total Time": 1800.65,
              "Actual Rows": 1,
              "Actual Loops": 7,
              "Plans": [
                {
                  "Node Type": "Hash Join",
                  "Parent Relationship": "Outer",
                  "Parallel Aware": true,
                  "Join Type": "Inner",
                  "Startup Cost": 94217.23,
                  "Total Cost": 433104.06,
                  "Plan Rows": 984962,
                  "Plan Width": 0,
                  "Actual Startup Time": 360.34,
                  "Actual Total Time": 1758.449,
                  "Actual Rows": 796492,
                  "Actual Loops": 7,
                  "Inner Unique": false,
                  "Hash Cond": "(ci.movie_id = t.id)",
                  "Plans": [
                    {
                      "Node Type": "Seq Scan",
                      "Parent Relationship": "Outer",
                      "Parallel Aware": true,
                      "Relation Name": "cast_info",
                      "Alias": "ci",
                      "Startup Cost": 0.0,
                      "Total Cost": 313067.02,
                      "Plan Rows": 6038002,
                      "Plan Width": 4,
                      "Actual Startup Time": 0.023,
                      "Actual Total Time": 605.447,
                      "Actual Rows": 5177763,
                      "Actual Loops": 7
                    },
                    {
                      "Node Type": "Hash",
                      "Parent Relationship": "Inner",
                      "Parallel Aware": true,
                      "Startup Cost": 92554.19,
                      "Total Cost": 92554.19,
                      "Plan Rows": 133043,
                      "Plan Width": 8,
                      "Actual Startup Time": 358.103,
                      "Actual Total Time": 358.194,
                      "Actual Rows": 28469,
                      "Actual Loops": 7,
                      "Hash Buckets": 524288,
                      "Original Hash Buckets": 524288,
                      "Hash Batches": 1,
                      "Original Hash Batches": 1,
                      "Peak Memory Usage": 11968,
                      "Plans": [
                        {
                          "Node Type": "Hash Join",
                          "Parent Relationship": "Outer",
                          "Parallel Aware": true,
                          "Join Type": "Inner",
                          "Startup Cost": 64760.9,
                          "Total Cost": 92554.19,
                          "Plan Rows": 133043,
                          "Plan Width": 8,
                          "Actual Startup Time": 256.946,
                          "Actual Total Time": 346.511,
                          "Actual Rows": 28469,
                          "Actual Loops": 7,
                          "Inner Unique": true,
                          "Hash Cond": "(mk.movie_id = t.id)",
                          "Plans": [
                            {
                              "Node Type": "Bitmap Heap Scan",
                              "Parent Relationship": "Outer",
                              "Parallel Aware": true,
                              "Relation Name": "movie_keyword",
                              "Alias": "mk",
                              "Startup Cost": 14520.66,
                              "Total Cost": 41734.41,
                              "Plan Rows": 220780,
                              "Plan Width": 4,
                              "Actual Startup Time": 44.324,
                              "Actual Total Time": 101.23,
                              "Actual Rows": 95908,
                              "Actual Loops": 7,
                              "Recheck Cond": "(keyword_id > 27937)",
                              "Rows Removed by Index Recheck": 0,
                              "Exact Heap Blocks": 3477,
                              "Lossy Heap Blocks": 0,
                              "Plans": [
                                {
                                  "Node Type": "Bitmap Index Scan",
                                  "Parent Relationship": "Outer",
                                  "Parallel Aware": false,
                                  "Index Name": "keyword_id_movie_keyword",
                                  "Startup Cost": 0.0,
                                  "Total Cost": 14349.56,
                                  "Plan Rows": 684417,
                                  "Plan Width": 0,
                                  "Actual Startup Time": 40.666,
                                  "Actual Total Time": 40.666,
                                  "Actual Rows": 671358,
                                  "Actual Loops": 1,
                                  "Index Cond": "(keyword_id > 27937)"
                                }
                              ]
                            },
                            {
                              "Node Type": "Hash",
                              "Parent Relationship": "Inner",
                              "Parallel Aware": true,
                              "Startup Cost": 45479.1,
                              "Total Cost": 45479.1,
                              "Plan Rows": 380891,
                              "Plan Width": 4,
                              "Actual Startup Time": 209.612,
                              "Actual Total Time": 209.613,
                              "Actual Rows": 215319,
                              "Actual Loops": 7,
                              "Hash Buckets": 2097152,
                              "Original Hash Buckets": 2097152,
                              "Hash Batches": 1,
                              "Original Hash Batches": 1,
                              "Peak Memory Usage": 75488,
                              "Plans": [
                                {
                                  "Node Type": "Seq Scan",
                                  "Parent Relationship": "Outer",
                                  "Parallel Aware": true,
                                  "Relation Name": "title",
                                  "Alias": "t",
                                  "Startup Cost": 0.0,
                                  "Total Cost": 45479.1,
                                  "Plan Rows": 380891,
                                  "Plan Width": 4,
                                  "Actual Startup Time": 0.055,
                                  "Actual Total Time": 86.856,
                                  "Actual Rows": 215319,
                                  "Actual Loops": 7,
                                  "Filter": "((kind_id > 1) AND (production_year < 2011))",
                                  "Rows Removed by Filter": 145868
                                }
                              ]
                            }
                          ]
                        }
                      ]
                    }
                  ]
                }
              ]
            }
          ]
        }
      ]
    },
    "Planning Time": 1.332,
    "Triggers": [],
    "Execution Time": 1897.727
  }
]