[
  {
    "Plan": {
      "Node Type": "Aggregate",
      "Strategy": "Plain",
      "Partial Mode": "Finalize",
      "Parallel Aware": false,
      "Startup Cost": 346830.43,
      "Total Cost": 346830.44,
      "Plan Rows": 1,
      "Plan Width": 8,
      "Actual Startup Time": 752.673,
      "Actual Total Time": 811.87,
      "Actual Rows": 1,
      "Actual Loops": 1,
      "Plans": [
        {
          "Node Type": "Gather",
          "Parent Relationship": "Outer",
          "Parallel Aware": false,
          "Startup Cost": 346829.81,
          "Total Cost": 346830.42,
          "Plan Rows": 6,
          "Plan Width": 8,
          "Actual Startup Time": 752.544,
          "Actual Total Time": 811.861,
          "Actual Rows": 7,
          "Actual Loops": 1,
          "Workers Planned": 6,
          "Workers Launched": 6,
          "Single Copy": false,
          "Plans": [
            {
              "Node Type": "Aggregate",
              "Strategy": "Plain",
              "Partial Mode": "Partial",
              "Parent Relationship": "Outer",
              "Parallel Aware": false,
              "Startup Cost": 345829.81,
              "Total Cost": 345829.82,
              "Plan Rows": 1,
              "Plan Width": 8,
              "Actual Startup Time": 743.088,
              "Actual Total Time": 743.089,
              "Actual Rows": 1,
              "Actual Loops": 7,
              "Plans": [
                {
                  "Node Type": "Seq Scan",
                  "Parent Relationship": "Outer",
                  "Parallel Aware": true,
                  "Relation Name": "cast_info",
                  "Alias": "ci",
                  "Startup Cost": 0.0,
                  "Total Cost": 343257.03,
                  "Plan Rows": 1029111,
                  "Plan Width": 0,
                  "Actual Startup Time": 348.281,
                  "Actual Total Time": 671.599,
                  "Actual Rows": 1511297,
                  "Actual Loops": 7,
                  "Filter": "((person_id > 2308490) AND (role_id > 2))",
                  "Rows Removed by Filter": 3666466
                }
              ]
            }
          ]
        }
      ]
    },
    "Planning Time": 0.226,
    "Triggers": [],
    "Execution Time": 811.944
  }
]