[
  {
    "Plan": {
      "Node Type": "Aggregate",
      "Strategy": "Plain",
      "Partial Mode": "Finalize",
      "Parallel Aware": false,
      "Startup Cost": 124778.35,
      "Total Cost": 124778.36,
      "Plan Rows": 1,
      "Plan Width": 8,
      "Actual Startup Time": 390.389,
      "Actual Total Time": 412.848,
      "Actual Rows": 1,
      "Actual Loops": 1,
      "Plans": [
        {
          "Node Type": "Gather",
          "Parent Relationship": "Outer",
          "Parallel Aware": false,
          "Startup Cost": 124778.04,
          "Total Cost": 124778.35,
          "Plan Rows": 3,
          "Plan Width": 8,
          "Actual Startup Time": 388.674,
          "Actual Total Time": 412.838,
          "Actual Rows": 4,
          "Actual Loops": 1,
          "Workers Planned": 3,
          "Workers Launched": 3,
          "Single Copy": false,
          "Plans": [
            {
              "Node Type": "Aggregate",
              "Strategy": "Plain",
              "Partial Mode": "Partial",
              "Parent Relationship": "Outer",
              "Parallel Aware": false,
              "Startup Cost": 123778.04,
              "Total Cost": 123778.05,
              "Plan Rows": 1,
              "Plan Width": 8,
              "Actual Startup Time": 383.207,
              "Actual Total Time": 383.286,
              "Actual Rows": 1,
              "Actual Loops": 4,
              "Plans": [
                {
                  "Node Type": "Hash Join",
                  "Parent Relationship": "Outer",
                  "Parallel Aware": true,
                  "Join Type": "Inner",
                  "Startup Cost": 78980.07,
                  "Total Cost": 123656.59,
                  "Plan Rows": 48578,
                  "Plan Width": 0,
                  "Actual Startup Time": 207.074,
                  "Actual Total Time": 382.548,
                  "Actual Rows": 17335,
                  "Actual Loops": 4,
                  "Inner Unique": false,
                  "Hash Cond": "(mk.movie_id = t.id)",
                  "Plans": [
                    {
                      "Node Type": "Seq Scan",
                      "Parent Relationship": "Outer",
                      "Parallel Aware": true,
                      "Relation Name": "movie_keyword",
                      "Alias": "mk",
                      "Startup Cost": 0.0,
                      "Total Cost": 39047.32,
                      "Plan Rows": 1459332,
                      "Plan Width": 4,
                      "Actual Startup Time": 0.016,
                      "Actual Total Time": 94.352,
                      "Actual Rows": 1130982,
                      "Actual Loops": 4
                    },
                    {
                      "Node Type": "Hash",
                      "Parent Relationship": "Inner",
                      "Parallel Aware": true,
                      "Startup Cost": 78640.7,
                      "Total Cost": 78640.7,
                      "Plan Rows": 27150,
                      "Plan Width": 8,
                      "Actual Startup Time": 205.938,
                      "Actual Total Time": 206.014,
                      "Actual Rows": 16004,
                      "Actual Loops": 4,
                      "Hash Buckets": 131072,
                      "Original Hash Buckets": 131072,
                      "Hash Batches": 1,
                      "Original Hash Batches": 1,
                      "Peak Memory Usage": 3584,
                      "Plans": [
                        {
                          "Node Type": "Hash Join",
                          "Parent Relationship": "Outer",
                          "Parallel Aware": true,
                          "Join Type": "Inner",
                          "Startup Cost": 46799.12,
                          "Total Cost": 78640.7,
                          "Plan Rows": 27150,
                          "Plan Width": 8,
                          "Actual Startup Time": 150.775,
                          "Actual Total Time": 199.904,
                          "Actual Rows": 16004,
                          "Actual Loops": 4,
                          "Inner Unique": true,
                          "Hash Cond": "(mc.movie_id = t.id)",
                          "Plans": [
                            {
                              "Node Type": "Seq Scan",
                              "Parent Relationship": "Outer",
                              "Parallel Aware": true,
                              "Relation Name": "movie_companies",
                              "Alias": "mc",
                              "Startup Cost": 0.0,
                              "Total Cost": 31414.82,
                              "Plan Rows": 162574,
                              "Plan Width": 4,
                              "Actual Startup Time": 30.803,
                              "Actual Total Time": 59.999,
                              "Actual Rows": 74136,
                              "Actual Loops": 4,
                              "Filter": "((company_id < 4589) AND (company_type_id = 2))",
                              "Rows Removed by Filter": 578146
                            },
                            {
                              "Node Type": "Hash",
                              "Parent Relationship": "Inner",
                              "Parallel Aware": true,
                              "Startup Cost": 45479.59,
                              "Total Cost": 45479.59,
                              "Plan Rows": 105563,
                              "Plan Width": 4,
                              "Actual Startup Time": 118.356,
                              "Actual Total Time": 118.357,
                              "Actual Rows": 78792,
                              "Actual Loops": 4,
                              "Hash Buckets": 524288,
                              "Original Hash Buckets": 524288,
                              "Hash Batches": 1,
                              "Original Hash Batches": 1,
                              "Peak Memory Usage": 16512,
                              "Plans": [
                                {
                                  "Node Type": "Seq Scan",
                                  "Parent Relationship": "Outer",
                                  "Parallel Aware": true,
                                  "Relation Name": "title",
                                  "Alias": "t",
                                  "Startup Cost": 0.0,
                                  "Total Cost": 45479.59,
                                  "Plan Rows": 105563,
                                  "Plan Width": 4,
                                  "Actual Startup Time": 0.031,
                                  "Actual Total Time": 91.902,
                                  "Actual Rows": 78792,
                                  "Actual Loops": 4,
                                  "Filter": "((production_year < 1991) AND (kind_id = 7))",
                                  "Rows Removed by Filter": 553286
                                }
                              ]
                            }
                          ]
                        }
                      ]
                    }
                  ]
                }
              ]
            }
          ]
        }
      ]
    },
    "Planning Time": 0.605,
    "Triggers": [],
    "Execution Time": 412.892
  }
]