[
  {
    "Plan": {
      "Node Type": "Aggregate",
      "Strategy": "Plain",
      "Partial Mode": "Finalize",
      "Parallel Aware": false,
      "Startup Cost": 63998.26,
      "Total Cost": 63998.27,
      "Plan Rows": 1,
      "Plan Width": 8,
      "Actual Startup Time": 113.775,
      "Actual Total Time": 127.389,
      "Actual Rows": 1,
      "Actual Loops": 1,
      "Plans": [
        {
          "Node Type": "Gather",
          "Parent Relationship": "Outer",
          "Parallel Aware": false,
          "Startup Cost": 63997.84,
          "Total Cost": 63998.25,
          "Plan Rows": 4,
          "Plan Width": 8,
          "Actual Startup Time": 113.633,
          "Actual Total Time": 127.381,
          "Actual Rows": 5,
          "Actual Loops": 1,
          "Workers Planned": 4,
          "Workers Launched": 4,
          "Single Copy": false,
          "Plans": [
            {
              "Node Type": "Aggregate",
              "Strategy": "Plain",
              "Partial Mode": "Partial",
              "Parent Relationship": "Outer",
              "Parallel Aware": false,
              "Startup Cost": 62997.84,
              "Total Cost": 62997.85,
              "Plan Rows": 1,
              "Plan Width": 8,
              "Actual Startup Time": 106.567,
              "Actual Total Time": 106.57,
              "Actual Rows": 1,
              "Actual Loops": 5,
              "Plans": [
                {
                  "Node Type": "Nested Loop",
                  "Parent Relationship": "Outer",
                  "Parallel Aware": false,
                  "Join Type": "Inner",
                  "Startup Cost": 0.99,
                  "Total Cost": 62977.2,
                  "Plan Rows": 8258,
                  "Plan Width": 0,
                  "Actual Startup Time": 0.913,
                  "Actual Total Time": 106.121,
                  "Actual Rows": 4320,
                  "Actual Loops": 5,
                  "Inner Unique": false,
                  "Join Filter": "(t.id = ci.movie_id)",
                  "Rows Removed by Join Filter": 0,
                  "Plans": [
                    {
                      "Node Type": "Nested Loop",
                      "Parent Relationship": "Outer",
                      "Parallel Aware": false,
                      "Join Type": "Inner",
                      "Startup Cost": 0.43,
                      "Total Cost": 61385.57,
                      "Plan Rows": 576,
                      "Plan Width": 8,
                      "Actual Startup Time": 0.733,
                      "Actual Total Time": 83.501,
                      "Actual Rows": 472,
                      "Actual Loops": 5,
                      "Inner Unique": false,
                      "Plans": [
                        {
                          "Node Type": "Seq Scan",
                          "Parent Relationship": "Outer",
                          "Parallel Aware": true,
                          "Relation Name": "title",
                          "Alias": "t",
                          "Startup Cost": 0.0,
                          "Total Cost": 45479.59,
                          "Plan Rows": 1092,
                          "Plan Width": 4,
                          "Actual Startup Time": 0.332,
                          "Actual Total Time": 78.089,
                          "Actual Rows": 732,
                          "Actual Loops": 5,
                          "Filter": "((kind_id = 7) AND (production_year = 1953))",
                          "Rows Removed by Filter": 504930
                        },
                        {
                          "Node Type": "Index Scan",
                          "Parent Relationship": "Inner",
                          "Parallel Aware": false,
                          "Scan Direction": "Forward",
                          "Index Name": "movie_id_movie_companies",
                          "Relation Name": "movie_companies",
                          "Alias": "mc",
                          "Startup Cost": 0.43,
                          "Total Cost": 14.54,
                          "Plan Rows": 3,
                          "Plan Width": 4,
                          "Actual Startup Time": 0.007,
                          "Actual Total Time": 0.007,
                          "Actual Rows": 1,
                          "Actual Loops": 3662,
                          "Index Cond": "(movie_id = t.id)",
                          "Rows Removed by Index Recheck": 0,
                          "Filter": "(company_type_id > 1)",
                          "Rows Removed by Filter": 1
                        }
                      ]
                    },
                    {
                      "Node Type": "Index Only Scan",
                      "Parent Relationship": "Inner",
                      "Parallel Aware": false,
                      "Scan Direction": "Forward",
                      "Index Name": "movie_id_cast_info",
                      "Relation Name": "cast_info",
                      "Alias": "ci",
                      "Startup Cost": 0.56,
                      "Total Cost": 2.33,
                      "Plan Rows": 35,
                      "Plan Width": 4,
                      "Actual Startup Time": 0.013,
                      "Actual Total Time": 0.046,
                      "Actual Rows": 9,
                      "Actual Loops": 2361,
                      "Index Cond": "(movie_id = mc.movie_id)",
                      "Rows Removed by Index Recheck": 0,
                      "Heap Fetches": 21599
                    }
                  ]
                }
              ]
            }
          ]
        }
      ]
    },
    "Planning Time": 0.967,
    "Triggers": [],
    "Execution Time": 127.46
  }
]