{
  "Plan": {
    "Node Type": "Aggregate",
    "Strategy": "Plain",
    "Partial Mode": "Finalize",
    "Parallel Aware": false,
    "Startup Cost": 434012.76,
    "Total Cost": 434012.77,
    "Plan Rows": 1,
    "Plan Width": 8,
    "Actual Startup Time": 224.831,
    "Actual Total Time": 254.003,
    "Actual Rows": 1,
    "Actual Loops": 1,
    "Plans": [
      {
        "Node Type": "Gather",
        "Parent Relationship": "Outer",
        "Parallel Aware": false,
        "Startup Cost": 434012.65,
        "Total Cost": 434012.76,
        "Plan Rows": 1,
        "Plan Width": 8,
        "Actual Startup Time": 224.735,
        "Actual Total Time": 253.995,
        "Actual Rows": 2,
        "Actual Loops": 1,
        "Workers Planned": 1,
        "Workers Launched": 1,
        "Single Copy": false,
        "Plans": [
          {
            "Node Type": "Aggregate",
            "Strategy": "Plain",
            "Partial Mode": "Partial",
            "Parent Relationship": "Outer",
            "Parallel Aware": false,
            "Startup Cost": 433012.65,
            "Total Cost": 433012.66,
            "Plan Rows": 1,
            "Plan Width": 8,
            "Actual Startup Time": 218.78,
            "Actual Total Time": 218.781,
            "Actual Rows": 1,
            "Actual Loops": 2,
            "Plans": [
              {
                "Node Type": "Nested Loop",
                "Parent Relationship": "Outer",
                "Parallel Aware": false,
                "Join Type": "Inner",
                "Startup Cost": 0.56,
                "Total Cost": 432952.55,
                "Plan Rows": 24040,
                "Plan Width": 0,
                "Actual Startup Time": 0.236,
                "Actual Total Time": 217.226,
                "Actual Rows": 20994,
                "Actual Loops": 2,
                "Inner Unique": false,
                "Plans": [
                  {
                    "Node Type": "Seq Scan",
                    "Parent Relationship": "Outer",
                    "Parallel Aware": true,
                    "Relation Name": "title",
                    "Alias": "t",
                    "Startup Cost": 0.0,
                    "Total Cost": 58306.47,
                    "Plan Rows": 3435,
                    "Plan Width": 4,
                    "Actual Startup Time": 0.054,
                    "Actual Total Time": 136.896,
                    "Actual Rows": 2959,
                    "Actual Loops": 2,
                    "Filter": "((kind_id = 7) AND (production_year = 1962))",
                    "Rows Removed by Filter": 1261197
                  },
                  {
                    "Node Type": "Index Scan",
                    "Parent Relationship": "Inner",
                    "Parallel Aware": false,
                    "Scan Direction": "Forward",
                    "Index Name": "movie_id_cast_info",
                    "Relation Name": "cast_info",
                    "Alias": "ci",
                    "Startup Cost": 0.56,
                    "Total Cost": 108.89,
                    "Plan Rows": 18,
                    "Plan Width": 4,
                    "Actual Startup Time": 0.007,
                    "Actual Total Time": 0.026,
                    "Actual Rows": 7,
                    "Actual Loops": 5918,
                    "Index Cond": "(movie_id = t.id)",
                    "Rows Removed by Index Recheck": 0,
                    "Filter": "(person_id < 1756887)",
                    "Rows Removed by Filter": 4
                  }
                ]
              }
            ]
          }
        ]
      }
    ]
  },
  "Planning Time": 0.467,
  "Triggers": [],
  "Execution Time": 254.078
}