[
  {
    "Plan": {
      "Node Type": "Aggregate",
      "Strategy": "Plain",
      "Partial Mode": "Finalize",
      "Parallel Aware": false,
      "Startup Cost": 375502.62,
      "Total Cost": 375502.63,
      "Plan Rows": 1,
      "Plan Width": 8,
      "Actual Startup Time": 916.899,
      "Actual Total Time": 937.085,
      "Actual Rows": 1,
      "Actual Loops": 1,
      "Plans": [
        {
          "Node Type": "Gather",
          "Parent Relationship": "Outer",
          "Parallel Aware": false,
          "Startup Cost": 375502.31,
          "Total Cost": 375502.62,
          "Plan Rows": 3,
          "Plan Width": 8,
          "Actual Startup Time": 912.643,
          "Actual Total Time": 937.075,
          "Actual Rows": 4,
          "Actual Loops": 1,
          "Workers Planned": 3,
          "Workers Launched": 3,
          "Single Copy": false,
          "Plans": [
            {
              "Node Type": "Aggregate",
              "Strategy": "Plain",
              "Partial Mode": "Partial",
              "Parent Relationship": "Outer",
              "Parallel Aware": false,
              "Startup Cost": 374502.31,
              "Total Cost": 374502.32,
              "Plan Rows": 1,
              "Plan Width": 8,
              "Actual Startup Time": 903.335,
              "Actual Total Time": 903.579,
              "Actual Rows": 1,
              "Actual Loops": 4,
              "Plans": [
                {
                  "Node Type": "Hash Join",
                  "Parent Relationship": "Outer",
                  "Parallel Aware": true,
                  "Join Type": "Inner",
                  "Startup Cost": 329118.51,
                  "Total Cost": 373983.92,
                  "Plan Rows": 207355,
                  "Plan Width": 0,
                  "Actual Startup Time": 392.282,
                  "Actual Total Time": 786.695,
                  "Actual Rows": 2957181,
                  "Actual Loops": 4,
                  "Inner Unique": false,
                  "Hash Cond": "(mk.movie_id = t.id)",
                  "Plans": [
                    {
                      "Node Type": "Seq Scan",
                      "Parent Relationship": "Outer",
                      "Parallel Aware": true,
                      "Relation Name": "movie_keyword",
                      "Alias": "mk",
                      "Startup Cost": 0.0,
                      "Total Cost": 39047.32,
                      "Plan Rows": 1459332,
                      "Plan Width": 4,
                      "Actual Startup Time": 0.028,
                      "Actual Total Time": 86.869,
                      "Actual Rows": 1130982,
                      "Actual Loops": 4
                    },
                    {
                      "Node Type": "Hash",
                      "Parent Relationship": "Inner",
                      "Parallel Aware": true,
                      "Startup Cost": 328370.09,
                      "Total Cost": 328370.09,
                      "Plan Rows": 59874,
                      "Plan Width": 8,
                      "Actual Startup Time": 388.629,
                      "Actual Total Time": 388.871,
                      "Actual Rows": 90980,
                      "Actual Loops": 4,
                      "Hash Buckets": 524288,
                      "Original Hash Buckets": 524288,
                      "Hash Batches": 1,
                      "Original Hash Batches": 1,
                      "Peak Memory Usage": 18368,
                      "Plans": [
                        {
                          "Node Type": "Hash Join",
                          "Parent Relationship": "Outer",
                          "Parallel Aware": true,
                          "Join Type": "Inner",
                          "Startup Cost": 72847.85,
                          "Total Cost": 328370.09,
                          "Plan Rows": 59874,
                          "Plan Width": 8,
                          "Actual Startup Time": 220.554,
                          "Actual Total Time": 355.709,
                          "Actual Rows": 90980,
                          "Actual Loops": 4,
                          "Inner Unique": true,
                          "Hash Cond": "(ci.movie_id = t.id)",
                          "Plans": [
                            {
                              "Node Type": "Bitmap Heap Scan",
                              "Parent Relationship": "Outer",
                              "Parallel Aware": true,
                              "Relation Name": "cast_info",
                              "Alias": "ci",
                              "Startup Cost": 24845.15,
                              "Total Cost": 279875.32,
                              "Plan Rows": 187454,
                              "Plan Width": 4,
                              "Actual Startup Time": 40.975,
                              "Actual Total Time": 88.698,
                              "Actual Rows": 272550,
                              "Actual Loops": 4,
                              "Recheck Cond": "(person_id > 3850274)",
                              "Rows Removed by Index Recheck": 0,
                              "Exact Heap Blocks": 3808,
                              "Lossy Heap Blocks": 0,
                              "Plans": [
                                {
                                  "Node Type": "Bitmap Index Scan",
                                  "Parent Relationship": "Outer",
                                  "Parallel Aware": false,
                                  "Index Name": "person_id_cast_info",
                                  "Startup Cost": 0.0,
                                  "Total Cost": 24563.97,
                                  "Plan Rows": 1124721,
                                  "Plan Width": 0,
                                  "Actual Startup Time": 38.506,
                                  "Actual Total Time": 38.507,
                                  "Actual Rows": 1090200,
                                  "Actual Loops": 1,
                                  "Index Cond": "(person_id > 3850274)"
                                }
                              ]
                            },
                            {
                              "Node Type": "Hash",
                              "Parent Relationship": "Inner",
                              "Parallel Aware": true,
                              "Startup Cost": 45479.1,
                              "Total Cost": 45479.1,
                              "Plan Rows": 201888,
                              "Plan Width": 4,
                              "Actual Startup Time": 176.065,
                              "Actual Total Time": 176.065,
                              "Actual Rows": 178435,
                              "Actual Loops": 4,
                              "Hash Buckets": 1048576,
                              "Original Hash Buckets": 1048576,
                              "Hash Batches": 1,
                              "Original Hash Batches": 1,
                              "Peak Memory Usage": 36192,
                              "Plans": [
                                {
                                  "Node Type": "Seq Scan",
                                  "Parent Relationship": "Outer",
                                  "Parallel Aware": true,
                                  "Relation Name": "title",
                                  "Alias": "t",
                                  "Startup Cost": 0.0,
                                  "Total Cost": 45479.1,
                                  "Plan Rows": 201888,
                                  "Plan Width": 4,
                                  "Actual Startup Time": 0.047,
                                  "Actual Total Time": 104.34,
                                  "Actual Rows": 178435,
                                  "Actual Loops": 4,
                                  "Filter": "((kind_id < 7) AND (production_year > 1972))",
                                  "Rows Removed by Filter": 453643
                                }
                              ]
                            }
                          ]
                        }
                      ]
                    }
                  ]
                }
              ]
            }
          ]
        }
      ]
    },
    "Planning Time": 1.345,
    "Triggers": [],
    "Execution Time": 937.198
  }
]