[
  {
    "Plan": {
      "Node Type": "Aggregate",
      "Strategy": "Plain",
      "Partial Mode": "Finalize",
      "Parallel Aware": false,
      "Startup Cost": 158501.02,
      "Total Cost": 158501.03,
      "Plan Rows": 1,
      "Plan Width": 8,
      "Actual Startup Time": 362.897,
      "Actual Total Time": 392.423,
      "Actual Rows": 1,
      "Actual Loops": 1,
      "Plans": [
        {
          "Node Type": "Gather",
          "Parent Relationship": "Outer",
          "Parallel Aware": false,
          "Startup Cost": 158500.7,
          "Total Cost": 158501.01,
          "Plan Rows": 3,
          "Plan Width": 8,
          "Actual Startup Time": 361.754,
          "Actual Total Time": 392.412,
          "Actual Rows": 4,
          "Actual Loops": 1,
          "Workers Planned": 3,
          "Workers Launched": 3,
          "Single Copy": false,
          "Plans": [
            {
              "Node Type": "Aggregate",
              "Strategy": "Plain",
              "Partial Mode": "Partial",
              "Parent Relationship": "Outer",
              "Parallel Aware": false,
              "Startup Cost": 157500.7,
              "Total Cost": 157500.71,
              "Plan Rows": 1,
              "Plan Width": 8,
              "Actual Startup Time": 352.303,
              "Actual Total Time": 352.307,
              "Actual Rows": 1,
              "Actual Loops": 4,
              "Plans": [
                {
                  "Node Type": "Nested Loop",
                  "Parent Relationship": "Outer",
                  "Parallel Aware": false,
                  "Join Type": "Inner",
                  "Startup Cost": 46756.52,
                  "Total Cost": 157449.8,
                  "Plan Rows": 20361,
                  "Plan Width": 0,
                  "Actual Startup Time": 159.304,
                  "Actual Total Time": 350.616,
                  "Actual Rows": 26520,
                  "Actual Loops": 4,
                  "Inner Unique": false,
                  "Join Filter": "(t.id = mi.movie_id)",
                  "Rows Removed by Join Filter": 0,
                  "Plans": [
                    {
                      "Node Type": "Hash Join",
                      "Parent Relationship": "Outer",
                      "Parallel Aware": true,
                      "Join Type": "Inner",
                      "Startup Cost": 46756.09,
                      "Total Cost": 78577.37,
                      "Plan Rows": 25027,
                      "Plan Width": 8,
                      "Actual Startup Time": 159.209,
                      "Actual Total Time": 233.803,
                      "Actual Rows": 16731,
                      "Actual Loops": 4,
                      "Inner Unique": true,
                      "Hash Cond": "(mc.movie_id = t.id)",
                      "Plans": [
                        {
                          "Node Type": "Seq Scan",
                          "Parent Relationship": "Outer",
                          "Parallel Aware": true,
                          "Relation Name": "movie_companies",
                          "Alias": "mc",
                          "Startup Cost": 0.0,
                          "Total Cost": 31414.82,
                          "Plan Rows": 154846,
                          "Plan Width": 4,
                          "Actual Startup Time": 30.092,
                          "Actual Total Time": 64.244,
                          "Actual Rows": 200499,
                          "Actual Loops": 4,
                          "Filter": "((company_id > 18228) AND (company_type_id = 2))",
                          "Rows Removed by Filter": 451783
                        },
                        {
                          "Node Type": "Hash",
                          "Parent Relationship": "Inner",
                          "Parallel Aware": true,
                          "Startup Cost": 45479.1,
                          "Total Cost": 45479.1,
                          "Plan Rows": 102159,
                          "Plan Width": 4,
                          "Actual Startup Time": 125.535,
                          "Actual Total Time": 125.537,
                          "Actual Rows": 67566,
                          "Actual Loops": 4,
                          "Hash Buckets": 524288,
                          "Original Hash Buckets": 524288,
                          "Hash Batches": 1,
                          "Original Hash Batches": 1,
                          "Peak Memory Usage": 14752,
                          "Plans": [
                            {
                              "Node Type": "Seq Scan",
                              "Parent Relationship": "Outer",
                              "Parallel Aware": true,
                              "Relation Name": "title",
                              "Alias": "t",
                              "Startup Cost": 0.0,
                              "Total Cost": 45479.1,
                              "Plan Rows": 102159,
                              "Plan Width": 4,
                              "Actual Startup Time": 0.035,
                              "Actual Total Time": 100.171,
                              "Actual Rows": 67566,
                              "Actual Loops": 4,
                              "Filter": "((kind_id > 3) AND (production_year < 1987))",
                              "Rows Removed by Filter": 564512
                            }
                          ]
                        }
                      ]
                    },
                    {
                      "Node Type": "Index Scan",
                      "Parent Relationship": "Inner",
                      "Parallel Aware": false,
                      "Scan Direction": "Forward",
                      "Index Name": "movie_id_movie_info",
                      "Relation Name": "movie_info",
                      "Alias": "mi",
                      "Startup Cost": 0.43,
                      "Total Cost": 3.08,
                      "Plan Rows": 6,
                      "Plan Width": 4,
                      "Actual Startup Time": 0.004,
                      "Actual Total Time": 0.007,
                      "Actual Rows": 2,
                      "Actual Loops": 66923,
                      "Index Cond": "(movie_id = mc.movie_id)",
                      "Rows Removed by Index Recheck": 0,
                      "Filter": "(info_type_id < 3)",
                      "Rows Removed by Filter": 8
                    }
                  ]
                }
              ]
            }
          ]
        }
      ]
    },
    "Planning Time": 1.648,
    "Triggers": [],
    "Execution Time": 392.524
  }
]