{
  "Plan": {
    "Node Type": "Aggregate",
    "Strategy": "Plain",
    "Partial Mode": "Finalize",
    "Parallel Aware": false,
    "Startup Cost": 110196.41,
    "Total Cost": 110196.42,
    "Plan Rows": 1,
    "Plan Width": 8,
    "Actual Startup Time": 523.63,
    "Actual Total Time": 538.878,
    "Actual Rows": 1,
    "Actual Loops": 1,
    "Plans": [
      {
        "Node Type": "Gather",
        "Parent Relationship": "Outer",
        "Parallel Aware": false,
        "Startup Cost": 110196.3,
        "Total Cost": 110196.41,
        "Plan Rows": 1,
        "Plan Width": 8,
        "Actual Startup Time": 522.528,
        "Actual Total Time": 538.871,
        "Actual Rows": 2,
        "Actual Loops": 1,
        "Workers Planned": 1,
        "Workers Launched": 1,
        "Single Copy": false,
        "Plans": [
          {
            "Node Type": "Aggregate",
            "Strategy": "Plain",
            "Partial Mode": "Partial",
            "Parent Relationship": "Outer",
            "Parallel Aware": false,
            "Startup Cost": 109196.3,
            "Total Cost": 109196.31,
            "Plan Rows": 1,
            "Plan Width": 8,
            "Actual Startup Time": 516.679,
            "Actual Total Time": 516.683,
            "Actual Rows": 1,
            "Actual Loops": 2,
            "Plans": [
              {
                "Node Type": "Hash Join",
                "Parent Relationship": "Outer",
                "Parallel Aware": true,
                "Join Type": "Inner",
                "Startup Cost": 46133.0,
                "Total Cost": 108332.05,
                "Plan Rows": 345702,
                "Plan Width": 0,
                "Actual Startup Time": 176.426,
                "Actual Total Time": 508.984,
                "Actual Rows": 188340,
                "Actual Loops": 2,
                "Inner Unique": false,
                "Hash Cond": "(t.id = mc.movie_id)",
                "Plans": [
                  {
                    "Node Type": "Seq Scan",
                    "Parent Relationship": "Outer",
                    "Parallel Aware": true,
                    "Relation Name": "title",
                    "Alias": "t",
                    "Startup Cost": 0.0,
                    "Total Cost": 50870.31,
                    "Plan Rows": 1487231,
                    "Plan Width": 4,
                    "Actual Startup Time": 0.009,
                    "Actual Total Time": 116.714,
                    "Actual Rows": 1264156,
                    "Actual Loops": 2
                  },
                  {
                    "Node Type": "Hash",
                    "Parent Relationship": "Inner",
                    "Parallel Aware": true,
                    "Startup Cost": 41811.73,
                    "Total Cost": 41811.73,
                    "Plan Rows": 345702,
                    "Plan Width": 4,
                    "Actual Startup Time": 167.698,
                    "Actual Total Time": 167.7,
                    "Actual Rows": 188340,
                    "Actual Loops": 2,
                    "Hash Buckets": 1048576,
                    "Original Hash Buckets": 1048576,
                    "Hash Batches": 1,
                    "Original Hash Batches": 1,
                    "Peak Memory Usage": 22976,
                    "Plans": [
                      {
                        "Node Type": "Seq Scan",
                        "Parent Relationship": "Outer",
                        "Parallel Aware": true,
                        "Relation Name": "movie_companies",
                        "Alias": "mc",
                        "Startup Cost": 0.0,
                        "Total Cost": 41811.73,
                        "Plan Rows": 345702,
                        "Plan Width": 4,
                        "Actual Startup Time": 66.399,
                        "Actual Total Time": 122.136,
                        "Actual Rows": 188340,
                        "Actual Loops": 2,
                        "Filter": "((company_id < 9211) AND (company_type_id > 1))",
                        "Rows Removed by Filter": 1116224
                      }
                    ]
                  }
                ]
              }
            ]
          }
        ]
      }
    ]
  },
  "Planning Time": 0.698,
  "Triggers": [],
  "Execution Time": 538.947
}