[
  {
    "Plan": {
      "Node Type": "Aggregate",
      "Strategy": "Plain",
      "Partial Mode": "Finalize",
      "Parallel Aware": false,
      "Startup Cost": 83560.89,
      "Total Cost": 83560.9,
      "Plan Rows": 1,
      "Plan Width": 8,
      "Actual Startup Time": 455.706,
      "Actual Total Time": 471.423,
      "Actual Rows": 1,
      "Actual Loops": 1,
      "Plans": [
        {
          "Node Type": "Gather",
          "Parent Relationship": "Outer",
          "Parallel Aware": false,
          "Startup Cost": 83560.47,
          "Total Cost": 83560.88,
          "Plan Rows": 4,
          "Plan Width": 8,
          "Actual Startup Time": 447.49,
          "Actual Total Time": 471.414,
          "Actual Rows": 5,
          "Actual Loops": 1,
          "Workers Planned": 4,
          "Workers Launched": 4,
          "Single Copy": false,
          "Plans": [
            {
              "Node Type": "Aggregate",
              "Strategy": "Plain",
              "Partial Mode": "Partial",
              "Parent Relationship": "Outer",
              "Parallel Aware": false,
              "Startup Cost": 82560.47,
              "Total Cost": 82560.48,
              "Plan Rows": 1,
              "Plan Width": 8,
              "Actual Startup Time": 437.026,
              "Actual Total Time": 437.196,
              "Actual Rows": 1,
              "Actual Loops": 5,
              "Plans": [
                {
                  "Node Type": "Hash Join",
                  "Parent Relationship": "Outer",
                  "Parallel Aware": true,
                  "Join Type": "Inner",
                  "Startup Cost": 35596.78,
                  "Total Cost": 81912.27,
                  "Plan Rows": 259282,
                  "Plan Width": 0,
                  "Actual Startup Time": 189.428,
                  "Actual Total Time": 427.26,
                  "Actual Rows": 237763,
                  "Actual Loops": 5,
                  "Inner Unique": false,
                  "Hash Cond": "(t.id = mc.movie_id)",
                  "Plans": [
                    {
                      "Node Type": "Seq Scan",
                      "Parent Relationship": "Outer",
                      "Parallel Aware": true,
                      "Relation Name": "title",
                      "Alias": "t",
                      "Startup Cost": 0.0,
                      "Total Cost": 42318.73,
                      "Plan Rows": 632073,
                      "Plan Width": 4,
                      "Actual Startup Time": 0.01,
                      "Actual Total Time": 66.877,
                      "Actual Rows": 505662,
                      "Actual Loops": 5
                    },
                    {
                      "Node Type": "Hash",
                      "Parent Relationship": "Inner",
                      "Parallel Aware": true,
                      "Startup Cost": 31414.82,
                      "Total Cost": 31414.82,
                      "Plan Rows": 334557,
                      "Plan Width": 4,
                      "Actual Startup Time": 185.317,
                      "Actual Total Time": 185.318,
                      "Actual Rows": 237763,
                      "Actual Loops": 5,
                      "Hash Buckets": 2097152,
                      "Original Hash Buckets": 1048576,
                      "Hash Batches": 1,
                      "Original Hash Batches": 1,
                      "Peak Memory Usage": 71200,
                      "Plans": [
                        {
                          "Node Type": "Seq Scan",
                          "Parent Relationship": "Outer",
                          "Parallel Aware": true,
                          "Relation Name": "movie_companies",
                          "Alias": "mc",
                          "Startup Cost": 0.0,
                          "Total Cost": 31414.82,
                          "Plan Rows": 334557,
                          "Plan Width": 4,
                          "Actual Startup Time": 45.648,
                          "Actual Total Time": 82.261,
                          "Actual Rows": 237763,
                          "Actual Loops": 5,
                          "Filter": "((company_id > 595) AND (company_type_id > 1))",
                          "Rows Removed by Filter": 284063
                        }
                      ]
                    }
                  ]
                }
              ]
            }
          ]
        }
      ]
    },
    "Planning Time": 0.585,
    "Triggers": [],
    "Execution Time": 471.489
  }
]