{
  "Plan": {
    "Node Type": "Aggregate",
    "Strategy": "Plain",
    "Partial Mode": "Finalize",
    "Parallel Aware": false,
    "Startup Cost": 216167.6,
    "Total Cost": 216167.61,
    "Plan Rows": 1,
    "Plan Width": 8,
    "Actual Startup Time": 311.321,
    "Actual Total Time": 323.839,
    "Actual Rows": 1,
    "Actual Loops": 1,
    "Plans": [
      {
        "Node Type": "Gather",
        "Parent Relationship": "Outer",
        "Parallel Aware": false,
        "Startup Cost": 216167.49,
        "Total Cost": 216167.6,
        "Plan Rows": 1,
        "Plan Width": 8,
        "Actual Startup Time": 310.015,
        "Actual Total Time": 323.834,
        "Actual Rows": 2,
        "Actual Loops": 1,
        "Workers Planned": 1,
        "Workers Launched": 1,
        "Single Copy": false,
        "Plans": [
          {
            "Node Type": "Aggregate",
            "Strategy": "Plain",
            "Partial Mode": "Partial",
            "Parent Relationship": "Outer",
            "Parallel Aware": false,
            "Startup Cost": 215167.49,
            "Total Cost": 215167.5,
            "Plan Rows": 1,
            "Plan Width": 8,
            "Actual Startup Time": 304.547,
            "Actual Total Time": 304.551,
            "Actual Rows": 1,
            "Actual Loops": 2,
            "Plans": [
              {
                "Node Type": "Hash Join",
                "Parent Relationship": "Outer",
                "Parallel Aware": true,
                "Join Type": "Inner",
                "Startup Cost": 63201.43,
                "Total Cost": 215111.6,
                "Plan Rows": 22355,
                "Plan Width": 0,
                "Actual Startup Time": 289.346,
                "Actual Total Time": 303.795,
                "Actual Rows": 18356,
                "Actual Loops": 2,
                "Inner Unique": true,
                "Hash Cond": "(mi.movie_id = t.id)",
                "Plans": [
                  {
                    "Node Type": "Bitmap Heap Scan",
                    "Parent Relationship": "Outer",
                    "Parallel Aware": true,
                    "Relation Name": "movie_info",
                    "Alias": "mi",
                    "Startup Cost": 1913.73,
                    "Total Cost": 153661.06,
                    "Plan Rows": 62034,
                    "Plan Width": 4,
                    "Actual Startup Time": 4.22,
                    "Actual Total Time": 15.397,
                    "Actual Rows": 54517,
                    "Actual Loops": 2,
                    "Recheck Cond": "(info_type_id = 106)",
                    "Rows Removed by Index Recheck": 0,
                    "Exact Heap Blocks": 2496,
                    "Lossy Heap Blocks": 0,
                    "Plans": [
                      {
                        "Node Type": "Bitmap Index Scan",
                        "Parent Relationship": "Outer",
                        "Parallel Aware": false,
                        "Index Name": "info_type_id_movie_info",
                        "Startup Cost": 0.0,
                        "Total Cost": 1887.36,
                        "Plan Rows": 105457,
                        "Plan Width": 0,
                        "Actual Startup Time": 3.596,
                        "Actual Total Time": 3.596,
                        "Actual Rows": 109034,
                        "Actual Loops": 1,
                        "Index Cond": "(info_type_id = 106)"
                      }
                    ]
                  },
                  {
                    "Node Type": "Hash",
                    "Parent Relationship": "Inner",
                    "Parallel Aware": true,
                    "Startup Cost": 54588.39,
                    "Total Cost": 54588.39,
                    "Plan Rows": 535945,
                    "Plan Width": 4,
                    "Actual Startup Time": 270.819,
                    "Actual Total Time": 270.819,
                    "Actual Rows": 452246,
                    "Actual Loops": 2,
                    "Hash Buckets": 1048576,
                    "Original Hash Buckets": 1048576,
                    "Hash Batches": 1,
                    "Original Hash Batches": 1,
                    "Peak Memory Usage": 43584,
                    "Plans": [
                      {
                        "Node Type": "Seq Scan",
                        "Parent Relationship": "Outer",
                        "Parallel Aware": true,
                        "Relation Name": "title",
                        "Alias": "t",
                        "Startup Cost": 0.0,
                        "Total Cost": 54588.39,
                        "Plan Rows": 535945,
                        "Plan Width": 4,
                        "Actual Startup Time": 0.026,
                        "Actual Total Time": 156.58,
                        "Actual Rows": 452246,
                        "Actual Loops": 2,
                        "Filter": "(production_year > 2006)",
                        "Rows Removed by Filter": 811910
                      }
                    ]
                  }
                ]
              }
            ]
          }
        ]
      }
    ]
  },
  "Planning Time": 0.638,
  "Triggers": [],
  "Execution Time": 323.927
}