[
    {
        "Bao": {
            "Bao prediction": "NaN",
            "Bao recommended hint": "(no hint)"
        }
    },
    {
        "Plan": {
            "Node Type": "Aggregate",
            "Strategy": "Plain",
            "Partial Mode": "Finalize",
            "Parallel Aware": false,
            "Startup Cost": 351087.65,
            "Total Cost": 351087.66,
            "Plan Rows": 1,
            "Plan Width": 8,
            "Actual Startup Time": 801.976,
            "Actual Total Time": 833.431,
            "Actual Rows": 1,
            "Actual Loops": 1,
            "Output": [
                "count(*)"
            ],
            "Plans": [
                {
                    "Node Type": "Gather",
                    "Parent Relationship": "Outer",
                    "Parallel Aware": false,
                    "Startup Cost": 351087.03,
                    "Total Cost": 351087.64,
                    "Plan Rows": 6,
                    "Plan Width": 8,
                    "Actual Startup Time": 801.898,
                    "Actual Total Time": 833.423,
                    "Actual Rows": 7,
                    "Actual Loops": 1,
                    "Output": [
                        "(PARTIAL count(*))"
                    ],
                    "Workers Planned": 6,
                    "Workers Launched": 6,
                    "Single Copy": false,
                    "Plans": [
                        {
                            "Node Type": "Aggregate",
                            "Strategy": "Plain",
                            "Partial Mode": "Partial",
                            "Parent Relationship": "Outer",
                            "Parallel Aware": false,
                            "Startup Cost": 350087.03,
                            "Total Cost": 350087.04,
                            "Plan Rows": 1,
                            "Plan Width": 8,
                            "Actual Startup Time": 791.794,
                            "Actual Total Time": 791.795,
                            "Actual Rows": 1,
                            "Actual Loops": 7,
                            "Output": [
                                "PARTIAL count(*)"
                            ],
                            "Workers": [
                                {
                                    "Worker Number": 0,
                                    "Actual Startup Time": 789.533,
                                    "Actual Total Time": 789.535,
                                    "Actual Rows": 1,
                                    "Actual Loops": 1
                                },
                                {
                                    "Worker Number": 1,
                                    "Actual Startup Time": 789.731,
                                    "Actual Total Time": 789.732,
                                    "Actual Rows": 1,
                                    "Actual Loops": 1
                                },
                                {
                                    "Worker Number": 2,
                                    "Actual Startup Time": 789.885,
                                    "Actual Total Time": 789.885,
                                    "Actual Rows": 1,
                                    "Actual Loops": 1
                                },
                                {
                                    "Worker Number": 3,
                                    "Actual Startup Time": 790.491,
                                    "Actual Total Time": 790.491,
                                    "Actual Rows": 1,
                                    "Actual Loops": 1
                                },
                                {
                                    "Worker Number": 4,
                                    "Actual Startup Time": 790.876,
                                    "Actual Total Time": 790.877,
                                    "Actual Rows": 1,
                                    "Actual Loops": 1
                                },
                                {
                                    "Worker Number": 5,
                                    "Actual Startup Time": 790.927,
                                    "Actual Total Time": 790.929,
                                    "Actual Rows": 1,
                                    "Actual Loops": 1
                                }
                            ],
                            "Plans": [
                                {
                                    "Node Type": "Seq Scan",
                                    "Parent Relationship": "Outer",
                                    "Parallel Aware": true,
                                    "Relation Name": "cast_info",
                                    "Schema": "public",
                                    "Alias": "ci",
                                    "Startup Cost": 0.0,
                                    "Total Cost": 343318.94,
                                    "Plan Rows": 2707234,
                                    "Plan Width": 0,
                                    "Actual Startup Time": 208.952,
                                    "Actual Total Time": 659.493,
                                    "Actual Rows": 2919388,
                                    "Actual Loops": 7,
                                    "Output": [
                                        "id",
                                        "person_id",
                                        "movie_id",
                                        "person_role_id",
                                        "note",
                                        "nr_order",
                                        "role_id"
                                    ],
                                    "Filter": "((ci.person_id > 1101539) AND (ci.role_id > 1))",
                                    "Rows Removed by Filter": 2258375,
                                    "Workers": [
                                        {
                                            "Worker Number": 0,
                                            "Actual Startup Time": 206.702,
                                            "Actual Total Time": 655.94,
                                            "Actual Rows": 2019181,
                                            "Actual Loops": 1
                                        },
                                        {
                                            "Worker Number": 1,
                                            "Actual Startup Time": 206.882,
                                            "Actual Total Time": 659.458,
                                            "Actual Rows": 3151692,
                                            "Actual Loops": 1
                                        },
                                        {
                                            "Worker Number": 2,
                                            "Actual Startup Time": 207.034,
                                            "Actual Total Time": 659.777,
                                            "Actual Rows": 3143821,
                                            "Actual Loops": 1
                                        },
                                        {
                                            "Worker Number": 3,
                                            "Actual Startup Time": 207.631,
                                            "Actual Total Time": 657.547,
                                            "Actual Rows": 1982653,
                                            "Actual Loops": 1
                                        },
                                        {
                                            "Worker Number": 4,
                                            "Actual Startup Time": 208.041,
                                            "Actual Total Time": 662.623,
                                            "Actual Rows": 3145461,
                                            "Actual Loops": 1
                                        },
                                        {
                                            "Worker Number": 5,
                                            "Actual Startup Time": 208.102,
                                            "Actual Total Time": 662.856,
                                            "Actual Rows": 3133814,
                                            "Actual Loops": 1
                                        }
                                    ]
                                }
                            ]
                        }
                    ]
                }
            ]
        },
        "Planning Time": 199.204,
        "Triggers": [],
        "Execution Time": 833.516
    }
]