{
  "Plan": {
    "Node Type": "Aggregate",
    "Strategy": "Plain",
    "Partial Mode": "Finalize",
    "Parallel Aware": false,
    "Startup Cost": 268256.83,
    "Total Cost": 268256.84,
    "Plan Rows": 1,
    "Plan Width": 8,
    "Actual Startup Time": 1209.98,
    "Actual Total Time": 1244.659,
    "Actual Rows": 1,
    "Actual Loops": 1,
    "Plans": [
      {
        "Node Type": "Gather",
        "Parent Relationship": "Outer",
        "Parallel Aware": false,
        "Startup Cost": 268256.71,
        "Total Cost": 268256.82,
        "Plan Rows": 1,
        "Plan Width": 8,
        "Actual Startup Time": 1199.843,
        "Actual Total Time": 1244.644,
        "Actual Rows": 2,
        "Actual Loops": 1,
        "Workers Planned": 1,
        "Workers Launched": 1,
        "Single Copy": false,
        "Plans": [
          {
            "Node Type": "Aggregate",
            "Strategy": "Plain",
            "Partial Mode": "Partial",
            "Parent Relationship": "Outer",
            "Parallel Aware": false,
            "Startup Cost": 267256.71,
            "Total Cost": 267256.72,
            "Plan Rows": 1,
            "Plan Width": 8,
            "Actual Startup Time": 1183.774,
            "Actual Total Time": 1183.786,
            "Actual Rows": 1,
            "Actual Loops": 2,
            "Plans": [
              {
                "Node Type": "Hash Join",
                "Parent Relationship": "Outer",
                "Parallel Aware": true,
                "Join Type": "Inner",
                "Startup Cost": 246790.23,
                "Total Cost": 267150.29,
                "Plan Rows": 42571,
                "Plan Width": 0,
                "Actual Startup Time": 987.935,
                "Actual Total Time": 1172.641,
                "Actual Rows": 176702,
                "Actual Loops": 2,
                "Inner Unique": false,
                "Hash Cond": "(mi_idx.movie_id = t.id)",
                "Plans": [
                  {
                    "Node Type": "Seq Scan",
                    "Parent Relationship": "Outer",
                    "Parallel Aware": true,
                    "Relation Name": "movie_info_idx",
                    "Alias": "mi_idx",
                    "Startup Cost": 0.0,
                    "Total Cost": 18082.32,
                    "Plan Rows": 540622,
                    "Plan Width": 4,
                    "Actual Startup Time": 0.07,
                    "Actual Total Time": 94.16,
                    "Actual Rows": 459925,
                    "Actual Loops": 2,
                    "Filter": "(info_type_id < 101)",
                    "Rows Removed by Filter": 230092
                  },
                  {
                    "Node Type": "Hash",
                    "Parent Relationship": "Inner",
                    "Parallel Aware": true,
                    "Startup Cost": 245326.35,
                    "Total Cost": 245326.35,
                    "Plan Rows": 117110,
                    "Plan Width": 8,
                    "Actual Startup Time": 984.316,
                    "Actual Total Time": 984.324,
                    "Actual Rows": 90056,
                    "Actual Loops": 2,
                    "Hash Buckets": 262144,
                    "Original Hash Buckets": 262144,
                    "Hash Batches": 1,
                    "Original Hash Batches": 1,
                    "Peak Memory Usage": 9120,
                    "Plans": [
                      {
                        "Node Type": "Hash Join",
                        "Parent Relationship": "Outer",
                        "Parallel Aware": true,
                        "Join Type": "Inner",
                        "Startup Cost": 73068.06,
                        "Total Cost": 245326.35,
                        "Plan Rows": 117110,
                        "Plan Width": 8,
                        "Actual Startup Time": 881.807,
                        "Actual Total Time": 957.957,
                        "Actual Rows": 90056,
                        "Actual Loops": 2,
                        "Inner Unique": true,
                        "Hash Cond": "(mi.movie_id = t.id)",
                        "Plans": [
                          {
                            "Node Type": "Bitmap Heap Scan",
                            "Parent Relationship": "Outer",
                            "Parallel Aware": true,
                            "Relation Name": "movie_info",
                            "Alias": "mi",
                            "Startup Cost": 3607.36,
                            "Total Cost": 175558.24,
                            "Plan Rows": 117110,
                            "Plan Width": 4,
                            "Actual Startup Time": 14.652,
                            "Actual Total Time": 44.296,
                            "Actual Rows": 90056,
                            "Actual Loops": 2,
                            "Recheck Cond": "(info_type_id = 13)",
                            "Rows Removed by Index Recheck": 0,
                            "Exact Heap Blocks": 3077,
                            "Lossy Heap Blocks": 0,
                            "Plans": [
                              {
                                "Node Type": "Bitmap Index Scan",
                                "Parent Relationship": "Outer",
                                "Parallel Aware": false,
                                "Index Name": "info_type_id_movie_info",
                                "Startup Cost": 0.0,
                                "Total Cost": 3557.59,
                                "Plan Rows": 199087,
                                "Plan Width": 0,
                                "Actual Startup Time": 13.355,
                                "Actual Total Time": 13.356,
                                "Actual Rows": 180112,
                                "Actual Loops": 1,
                                "Index Cond": "(info_type_id = 13)"
                              }
                            ]
                          },
                          {
                            "Node Type": "Hash",
                            "Parent Relationship": "Inner",
                            "Parallel Aware": true,
                            "Startup Cost": 50870.31,
                            "Total Cost": 50870.31,
                            "Plan Rows": 1487231,
                            "Plan Width": 4,
                            "Actual Startup Time": 843.921,
                            "Actual Total Time": 843.922,
                            "Actual Rows": 1264156,
                            "Actual Loops": 2,
                            "Hash Buckets": 4194304,
                            "Original Hash Buckets": 4194304,
                            "Hash Batches": 1,
                            "Original Hash Batches": 1,
                            "Peak Memory Usage": 131680,
                            "Plans": [
                              {
                                "Node Type": "Seq Scan",
                                "Parent Relationship": "Outer",
                                "Parallel Aware": true,
                                "Relation Name": "title",
                                "Alias": "t",
                                "Startup Cost": 0.0,
                                "Total Cost": 50870.31,
                                "Plan Rows": 1487231,
                                "Plan Width": 4,
                                "Actual Startup Time": 0.042,
                                "Actual Total Time": 250.807,
                                "Actual Rows": 1264156,
                                "Actual Loops": 2
                              }
                            ]
                          }
                        ]
                      }
                    ]
                  }
                ]
              }
            ]
          }
        ]
      }
    ]
  },
  "Planning Time": 0.955,
  "Triggers": [],
  "Execution Time": 1244.773
}