[
    {
        "Bao": {
            "Bao prediction": "NaN",
            "Bao recommended hint": "(no hint)"
        }
    },
    {
        "Plan": {
            "Node Type": "Aggregate",
            "Strategy": "Plain",
            "Partial Mode": "Finalize",
            "Parallel Aware": false,
            "Startup Cost": 76053.17,
            "Total Cost": 76053.18,
            "Plan Rows": 1,
            "Plan Width": 8,
            "Actual Startup Time": 290.593,
            "Actual Total Time": 299.717,
            "Actual Rows": 1,
            "Actual Loops": 1,
            "Output": [
                "count(*)"
            ],
            "Plans": [
                {
                    "Node Type": "Gather",
                    "Parent Relationship": "Outer",
                    "Parallel Aware": false,
                    "Startup Cost": 76052.75,
                    "Total Cost": 76053.16,
                    "Plan Rows": 4,
                    "Plan Width": 8,
                    "Actual Startup Time": 287.126,
                    "Actual Total Time": 299.708,
                    "Actual Rows": 5,
                    "Actual Loops": 1,
                    "Output": [
                        "(PARTIAL count(*))"
                    ],
                    "Workers Planned": 4,
                    "Workers Launched": 4,
                    "Single Copy": false,
                    "Plans": [
                        {
                            "Node Type": "Aggregate",
                            "Strategy": "Plain",
                            "Partial Mode": "Partial",
                            "Parent Relationship": "Outer",
                            "Parallel Aware": false,
                            "Startup Cost": 75052.75,
                            "Total Cost": 75052.76,
                            "Plan Rows": 1,
                            "Plan Width": 8,
                            "Actual Startup Time": 277.77,
                            "Actual Total Time": 277.774,
                            "Actual Rows": 1,
                            "Actual Loops": 5,
                            "Output": [
                                "PARTIAL count(*)"
                            ],
                            "Workers": [
                                {
                                    "Worker Number": 0,
                                    "Actual Startup Time": 274.637,
                                    "Actual Total Time": 274.64,
                                    "Actual Rows": 1,
                                    "Actual Loops": 1
                                },
                                {
                                    "Worker Number": 1,
                                    "Actual Startup Time": 275.502,
                                    "Actual Total Time": 275.506,
                                    "Actual Rows": 1,
                                    "Actual Loops": 1
                                },
                                {
                                    "Worker Number": 2,
                                    "Actual Startup Time": 275.981,
                                    "Actual Total Time": 275.984,
                                    "Actual Rows": 1,
                                    "Actual Loops": 1
                                },
                                {
                                    "Worker Number": 3,
                                    "Actual Startup Time": 275.962,
                                    "Actual Total Time": 275.966,
                                    "Actual Rows": 1,
                                    "Actual Loops": 1
                                }
                            ],
                            "Plans": [
                                {
                                    "Node Type": "Hash Join",
                                    "Parent Relationship": "Outer",
                                    "Parallel Aware": true,
                                    "Join Type": "Inner",
                                    "Startup Cost": 29078.27,
                                    "Total Cost": 74836.5,
                                    "Plan Rows": 86500,
                                    "Plan Width": 0,
                                    "Actual Startup Time": 100.888,
                                    "Actual Total Time": 273.231,
                                    "Actual Rows": 70888,
                                    "Actual Loops": 5,
                                    "Inner Unique": false,
                                    "Hash Cond": "(t.id = mc.movie_id)",
                                    "Workers": [
                                        {
                                            "Worker Number": 0,
                                            "Actual Startup Time": 83.66,
                                            "Actual Total Time": 270.104,
                                            "Actual Rows": 59962,
                                            "Actual Loops": 1
                                        },
                                        {
                                            "Worker Number": 1,
                                            "Actual Startup Time": 123.714,
                                            "Actual Total Time": 270.898,
                                            "Actual Rows": 62058,
                                            "Actual Loops": 1
                                        },
                                        {
                                            "Worker Number": 2,
                                            "Actual Startup Time": 78.722,
                                            "Actual Total Time": 271.294,
                                            "Actual Rows": 63345,
                                            "Actual Loops": 1
                                        },
                                        {
                                            "Worker Number": 3,
                                            "Actual Startup Time": 125.105,
                                            "Actual Total Time": 271.218,
                                            "Actual Rows": 64274,
                                            "Actual Loops": 1
                                        }
                                    ],
                                    "Plans": [
                                        {
                                            "Node Type": "Seq Scan",
                                            "Parent Relationship": "Outer",
                                            "Parallel Aware": true,
                                            "Relation Name": "title",
                                            "Schema": "public",
                                            "Alias": "t",
                                            "Startup Cost": 0.0,
                                            "Total Cost": 42318.81,
                                            "Plan Rows": 632080,
                                            "Plan Width": 4,
                                            "Actual Startup Time": 0.014,
                                            "Actual Total Time": 76.253,
                                            "Actual Rows": 505662,
                                            "Actual Loops": 5,
                                            "Output": [
                                                "t.id",
                                                "t.title",
                                                "t.imdb_index",
                                                "t.kind_id",
                                                "t.production_year",
                                                "t.imdb_id",
                                                "t.phonetic_code",
                                                "t.episode_of_id",
                                                "t.season_nr",
                                                "t.episode_nr",
                                                "t.series_years",
                                                "t.md5sum"
                                            ],
                                            "Workers": [
                                                {
                                                    "Worker Number": 0,
                                                    "Actual Startup Time": 0.008,
                                                    "Actual Total Time": 78.957,
                                                    "Actual Rows": 429094,
                                                    "Actual Loops": 1
                                                },
                                                {
                                                    "Worker Number": 1,
                                                    "Actual Startup Time": 0.012,
                                                    "Actual Total Time": 79.323,
                                                    "Actual Rows": 441323,
                                                    "Actual Loops": 1
                                                },
                                                {
                                                    "Worker Number": 2,
                                                    "Actual Startup Time": 0.024,
                                                    "Actual Total Time": 80.193,
                                                    "Actual Rows": 448419,
                                                    "Actual Loops": 1
                                                },
                                                {
                                                    "Worker Number": 3,
                                                    "Actual Startup Time": 0.019,
                                                    "Actual Total Time": 80.172,
                                                    "Actual Rows": 451390,
                                                    "Actual Loops": 1
                                                }
                                            ]
                                        },
                                        {
                                            "Node Type": "Hash",
                                            "Parent Relationship": "Inner",
                                            "Parallel Aware": true,
                                            "Startup Cost": 27683.1,
                                            "Total Cost": 27683.1,
                                            "Plan Rows": 111613,
                                            "Plan Width": 4,
                                            "Actual Startup Time": 74.899,
                                            "Actual Total Time": 74.901,
                                            "Actual Rows": 70888,
                                            "Actual Loops": 5,
                                            "Output": [
                                                "mc.movie_id"
                                            ],
                                            "Hash Buckets": 524288,
                                            "Original Hash Buckets": 524288,
                                            "Hash Batches": 1,
                                            "Original Hash Batches": 1,
                                            "Peak Memory Usage": 18080,
                                            "Workers": [
                                                {
                                                    "Worker Number": 0,
                                                    "Actual Startup Time": 73.001,
                                                    "Actual Total Time": 73.003,
                                                    "Actual Rows": 54464,
                                                    "Actual Loops": 1
                                                },
                                                {
                                                    "Worker Number": 1,
                                                    "Actual Startup Time": 73.958,
                                                    "Actual Total Time": 73.96,
                                                    "Actual Rows": 56593,
                                                    "Actual Loops": 1
                                                },
                                                {
                                                    "Worker Number": 2,
                                                    "Actual Startup Time": 74.059,
                                                    "Actual Total Time": 74.06,
                                                    "Actual Rows": 54219,
                                                    "Actual Loops": 1
                                                },
                                                {
                                                    "Worker Number": 3,
                                                    "Actual Startup Time": 74.337,
                                                    "Actual Total Time": 74.339,
                                                    "Actual Rows": 55625,
                                                    "Actual Loops": 1
                                                }
                                            ],
                                            "Plans": [
                                                {
                                                    "Node Type": "Bitmap Heap Scan",
                                                    "Parent Relationship": "Outer",
                                                    "Parallel Aware": true,
                                                    "Relation Name": "movie_companies",
                                                    "Schema": "public",
                                                    "Alias": "mc",
                                                    "Startup Cost": 7497.94,
                                                    "Total Cost": 27683.1,
                                                    "Plan Rows": 111613,
                                                    "Plan Width": 4,
                                                    "Actual Startup Time": 14.27,
                                                    "Actual Total Time": 44.859,
                                                    "Actual Rows": 70888,
                                                    "Actual Loops": 5,
                                                    "Output": [
                                                        "mc.movie_id"
                                                    ],
                                                    "Recheck Cond": "(mc.company_id > 87808)",
                                                    "Rows Removed by Index Recheck": 0,
                                                    "Exact Heap Blocks": 2145,
                                                    "Lossy Heap Blocks": 0,
                                                    "Workers": [
                                                        {
                                                            "Worker Number": 0,
                                                            "Actual Startup Time": 12.365,
                                                            "Actual Total Time": 45.101,
                                                            "Actual Rows": 54464,
                                                            "Actual Loops": 1
                                                        },
                                                        {
                                                            "Worker Number": 1,
                                                            "Actual Startup Time": 13.269,
                                                            "Actual Total Time": 44.315,
                                                            "Actual Rows": 56593,
                                                            "Actual Loops": 1
                                                        },
                                                        {
                                                            "Worker Number": 2,
                                                            "Actual Startup Time": 13.54,
                                                            "Actual Total Time": 44.808,
                                                            "Actual Rows": 54219,
                                                            "Actual Loops": 1
                                                        },
                                                        {
                                                            "Worker Number": 3,
                                                            "Actual Startup Time": 13.77,
                                                            "Actual Total Time": 45.419,
                                                            "Actual Rows": 55625,
                                                            "Actual Loops": 1
                                                        }
                                                    ],
                                                    "Plans": [
                                                        {
                                                            "Node Type": "Bitmap Index Scan",
                                                            "Parent Relationship": "Outer",
                                                            "Parallel Aware": false,
                                                            "Index Name": "company_id_movie_companies",
                                                            "Startup Cost": 0.0,
                                                            "Total Cost": 7411.44,
                                                            "Plan Rows": 346001,
                                                            "Plan Width": 0,
                                                            "Actual Startup Time": 17.684,
                                                            "Actual Total Time": 17.685,
                                                            "Actual Rows": 354438,
                                                            "Actual Loops": 1,
                                                            "Index Cond": "(mc.company_id > 87808)"
                                                        }
                                                    ]
                                                }
                                            ]
                                        }
                                    ]
                                }
                            ]
                        }
                    ]
                }
            ]
        },
        "Planning Time": 181.751,
        "Triggers": [],
        "Execution Time": 299.781
    }
]