[
  {
    "Plan": {
      "Node Type": "Aggregate",
      "Strategy": "Plain",
      "Partial Mode": "Finalize",
      "Parallel Aware": false,
      "Startup Cost": 98611.03,
      "Total Cost": 98611.04,
      "Plan Rows": 1,
      "Plan Width": 8,
      "Actual Startup Time": 770.234,
      "Actual Total Time": 814.517,
      "Actual Rows": 1,
      "Actual Loops": 1,
      "Plans": [
        {
          "Node Type": "Gather",
          "Parent Relationship": "Outer",
          "Parallel Aware": false,
          "Startup Cost": 98610.61,
          "Total Cost": 98611.02,
          "Plan Rows": 4,
          "Plan Width": 8,
          "Actual Startup Time": 770.22,
          "Actual Total Time": 814.508,
          "Actual Rows": 5,
          "Actual Loops": 1,
          "Workers Planned": 4,
          "Workers Launched": 4,
          "Single Copy": false,
          "Plans": [
            {
              "Node Type": "Aggregate",
              "Strategy": "Plain",
              "Partial Mode": "Partial",
              "Parent Relationship": "Outer",
              "Parallel Aware": false,
              "Startup Cost": 97610.61,
              "Total Cost": 97610.62,
              "Plan Rows": 1,
              "Plan Width": 8,
              "Actual Startup Time": 752.187,
              "Actual Total Time": 752.188,
              "Actual Rows": 1,
              "Actual Loops": 5,
              "Plans": [
                {
                  "Node Type": "Nested Loop",
                  "Parent Relationship": "Outer",
                  "Parallel Aware": false,
                  "Join Type": "Inner",
                  "Startup Cost": 1.0,
                  "Total Cost": 97589.42,
                  "Plan Rows": 8474,
                  "Plan Width": 0,
                  "Actual Startup Time": 2.942,
                  "Actual Total Time": 747.542,
                  "Actual Rows": 72345,
                  "Actual Loops": 5,
                  "Inner Unique": false,
                  "Join Filter": "(t.id = ci.movie_id)",
                  "Rows Removed by Join Filter": 0,
                  "Plans": [
                    {
                      "Node Type": "Nested Loop",
                      "Parent Relationship": "Outer",
                      "Parallel Aware": false,
                      "Join Type": "Inner",
                      "Startup Cost": 0.43,
                      "Total Cost": 82296.41,
                      "Plan Rows": 9166,
                      "Plan Width": 8,
                      "Actual Startup Time": 0.49,
                      "Actual Total Time": 113.635,
                      "Actual Rows": 20324,
                      "Actual Loops": 5,
                      "Inner Unique": false,
                      "Plans": [
                        {
                          "Node Type": "Seq Scan",
                          "Parent Relationship": "Outer",
                          "Parallel Aware": true,
                          "Relation Name": "title",
                          "Alias": "t",
                          "Startup Cost": 0.0,
                          "Total Cost": 45479.1,
                          "Plan Rows": 5122,
                          "Plan Width": 4,
                          "Actual Startup Time": 0.203,
                          "Actual Total Time": 72.144,
                          "Actual Rows": 3778,
                          "Actual Loops": 5,
                          "Filter": "((kind_id < 7) AND (production_year = 2001))",
                          "Rows Removed by Filter": 501884
                        },
                        {
                          "Node Type": "Index Only Scan",
                          "Parent Relationship": "Inner",
                          "Parallel Aware": false,
                          "Scan Direction": "Forward",
                          "Index Name": "movie_id_movie_keyword",
                          "Relation Name": "movie_keyword",
                          "Alias": "mk",
                          "Startup Cost": 0.43,
                          "Total Cost": 6.74,
                          "Plan Rows": 45,
                          "Plan Width": 4,
                          "Actual Startup Time": 0.009,
                          "Actual Total Time": 0.01,
                          "Actual Rows": 5,
                          "Actual Loops": 18892,
                          "Index Cond": "(movie_id = t.id)",
                          "Rows Removed by Index Recheck": 0,
                          "Heap Fetches": 101621
                        }
                      ]
                    },
                    {
                      "Node Type": "Index Scan",
                      "Parent Relationship": "Inner",
                      "Parallel Aware": false,
                      "Scan Direction": "Forward",
                      "Index Name": "movie_id_cast_info",
                      "Relation Name": "cast_info",
                      "Alias": "ci",
                      "Startup Cost": 0.56,
                      "Total Cost": 1.64,
                      "Plan Rows": 2,
                      "Plan Width": 4,
                      "Actual Startup Time": 0.007,
                      "Actual Total Time": 0.031,
                      "Actual Rows": 4,
                      "Actual Loops": 101621,
                      "Index Cond": "(movie_id = mk.movie_id)",
                      "Rows Removed by Index Recheck": 0,
                      "Filter": "(person_id < 228813)",
                      "Rows Removed by Filter": 57
                    }
                  ]
                }
              ]
            }
          ]
        }
      ]
    },
    "Planning Time": 1.403,
    "Triggers": [],
    "Execution Time": 814.626
  }
]