[
  {
    "Plan": {
      "Node Type": "Aggregate",
      "Strategy": "Plain",
      "Partial Mode": "Finalize",
      "Parallel Aware": false,
      "Startup Cost": 268624.04,
      "Total Cost": 268624.05,
      "Plan Rows": 1,
      "Plan Width": 8,
      "Actual Startup Time": 78.793,
      "Actual Total Time": 86.698,
      "Actual Rows": 1,
      "Actual Loops": 1,
      "Plans": [
        {
          "Node Type": "Gather",
          "Parent Relationship": "Outer",
          "Parallel Aware": false,
          "Startup Cost": 268623.41,
          "Total Cost": 268624.02,
          "Plan Rows": 6,
          "Plan Width": 8,
          "Actual Startup Time": 78.404,
          "Actual Total Time": 86.676,
          "Actual Rows": 7,
          "Actual Loops": 1,
          "Workers Planned": 6,
          "Workers Launched": 6,
          "Single Copy": false,
          "Plans": [
            {
              "Node Type": "Aggregate",
              "Strategy": "Plain",
              "Partial Mode": "Partial",
              "Parent Relationship": "Outer",
              "Parallel Aware": false,
              "Startup Cost": 267623.41,
              "Total Cost": 267623.42,
              "Plan Rows": 1,
              "Plan Width": 8,
              "Actual Startup Time": 69.588,
              "Actual Total Time": 69.591,
              "Actual Rows": 1,
              "Actual Loops": 7,
              "Plans": [
                {
                  "Node Type": "Bitmap Heap Scan",
                  "Parent Relationship": "Outer",
                  "Parallel Aware": true,
                  "Relation Name": "cast_info",
                  "Alias": "ci",
                  "Startup Cost": 13417.43,
                  "Total Cost": 267370.25,
                  "Plan Rows": 101266,
                  "Plan Width": 0,
                  "Actual Startup Time": 22.294,
                  "Actual Total Time": 63.094,
                  "Actual Rows": 91107,
                  "Actual Loops": 7,
                  "Recheck Cond": "(person_id < 68277)",
                  "Rows Removed by Index Recheck": 0,
                  "Exact Heap Blocks": 2032,
                  "Lossy Heap Blocks": 0,
                  "Plans": [
                    {
                      "Node Type": "Bitmap Index Scan",
                      "Parent Relationship": "Outer",
                      "Parallel Aware": false,
                      "Index Name": "person_id_cast_info",
                      "Startup Cost": 0.0,
                      "Total Cost": 13265.53,
                      "Plan Rows": 607595,
                      "Plan Width": 0,
                      "Actual Startup Time": 29.367,
                      "Actual Total Time": 29.367,
                      "Actual Rows": 637750,
                      "Actual Loops": 1,
                      "Index Cond": "(person_id < 68277)"
                    }
                  ]
                }
              ]
            }
          ]
        }
      ]
    },
    "Planning Time": 0.108,
    "Triggers": [],
    "Execution Time": 86.739
  }
]