[
  {
    "Plan": {
      "Node Type": "Aggregate",
      "Strategy": "Plain",
      "Partial Mode": "Finalize",
      "Parallel Aware": false,
      "Startup Cost": 77482.39,
      "Total Cost": 77482.4,
      "Plan Rows": 1,
      "Plan Width": 8,
      "Actual Startup Time": 250.573,
      "Actual Total Time": 267.191,
      "Actual Rows": 1,
      "Actual Loops": 1,
      "Plans": [
        {
          "Node Type": "Gather",
          "Parent Relationship": "Outer",
          "Parallel Aware": false,
          "Startup Cost": 77482.07,
          "Total Cost": 77482.38,
          "Plan Rows": 3,
          "Plan Width": 8,
          "Actual Startup Time": 249.485,
          "Actual Total Time": 267.179,
          "Actual Rows": 4,
          "Actual Loops": 1,
          "Workers Planned": 3,
          "Workers Launched": 3,
          "Single Copy": false,
          "Plans": [
            {
              "Node Type": "Aggregate",
              "Strategy": "Plain",
              "Partial Mode": "Partial",
              "Parent Relationship": "Outer",
              "Parallel Aware": false,
              "Startup Cost": 76482.07,
              "Total Cost": 76482.08,
              "Plan Rows": 1,
              "Plan Width": 8,
              "Actual Startup Time": 241.18,
              "Actual Total Time": 241.184,
              "Actual Rows": 1,
              "Actual Loops": 4,
              "Plans": [
                {
                  "Node Type": "Hash Join",
                  "Parent Relationship": "Outer",
                  "Parallel Aware": true,
                  "Join Type": "Inner",
                  "Startup Cost": 44396.05,
                  "Total Cost": 76444.15,
                  "Plan Rows": 15167,
                  "Plan Width": 0,
                  "Actual Startup Time": 127.254,
                  "Actual Total Time": 240.491,
                  "Actual Rows": 11310,
                  "Actual Loops": 4,
                  "Inner Unique": true,
                  "Hash Cond": "(mc.movie_id = t.id)",
                  "Plans": [
                    {
                      "Node Type": "Seq Scan",
                      "Parent Relationship": "Outer",
                      "Parallel Aware": true,
                      "Relation Name": "movie_companies",
                      "Alias": "mc",
                      "Startup Cost": 0.0,
                      "Total Cost": 31414.82,
                      "Plan Rows": 241253,
                      "Plan Width": 4,
                      "Actual Startup Time": 0.013,
                      "Actual Total Time": 77.854,
                      "Actual Rows": 260695,
                      "Actual Loops": 4,
                      "Filter": "((company_id < 14490) AND (company_type_id < 2))",
                      "Rows Removed by Filter": 391587
                    },
                    {
                      "Node Type": "Hash",
                      "Parent Relationship": "Inner",
                      "Parallel Aware": true,
                      "Startup Cost": 43899.32,
                      "Total Cost": 43899.32,
                      "Plan Rows": 39738,
                      "Plan Width": 4,
                      "Actual Startup Time": 124.913,
                      "Actual Total Time": 124.914,
                      "Actual Rows": 40004,
                      "Actual Loops": 4,
                      "Hash Buckets": 262144,
                      "Original Hash Buckets": 262144,
                      "Hash Batches": 1,
                      "Original Hash Batches": 1,
                      "Peak Memory Usage": 8384,
                      "Plans": [
                        {
                          "Node Type": "Seq Scan",
                          "Parent Relationship": "Outer",
                          "Parallel Aware": true,
                          "Relation Name": "title",
                          "Alias": "t",
                          "Startup Cost": 0.0,
                          "Total Cost": 43899.32,
                          "Plan Rows": 39738,
                          "Plan Width": 4,
                          "Actual Startup Time": 0.058,
                          "Actual Total Time": 107.137,
                          "Actual Rows": 40004,
                          "Actual Loops": 4,
                          "Filter": "(production_year = 2011)",
                          "Rows Removed by Filter": 592074
                        }
                      ]
                    }
                  ]
                }
              ]
            }
          ]
        }
      ]
    },
    "Planning Time": 0.375,
    "Triggers": [],
    "Execution Time": 267.24
  }
]