{
  "Plan": {
    "Node Type": "Aggregate",
    "Strategy": "Plain",
    "Partial Mode": "Finalize",
    "Parallel Aware": false,
    "Startup Cost": 343067.11,
    "Total Cost": 343067.12,
    "Plan Rows": 1,
    "Plan Width": 8,
    "Actual Startup Time": 1395.38,
    "Actual Total Time": 1445.106,
    "Actual Rows": 1,
    "Actual Loops": 1,
    "Plans": [
      {
        "Node Type": "Gather",
        "Parent Relationship": "Outer",
        "Parallel Aware": false,
        "Startup Cost": 343067.0,
        "Total Cost": 343067.11,
        "Plan Rows": 1,
        "Plan Width": 8,
        "Actual Startup Time": 1394.963,
        "Actual Total Time": 1445.099,
        "Actual Rows": 2,
        "Actual Loops": 1,
        "Workers Planned": 1,
        "Workers Launched": 1,
        "Single Copy": false,
        "Plans": [
          {
            "Node Type": "Aggregate",
            "Strategy": "Plain",
            "Partial Mode": "Partial",
            "Parent Relationship": "Outer",
            "Parallel Aware": false,
            "Startup Cost": 342067.0,
            "Total Cost": 342067.01,
            "Plan Rows": 1,
            "Plan Width": 8,
            "Actual Startup Time": 1389.265,
            "Actual Total Time": 1389.268,
            "Actual Rows": 1,
            "Actual Loops": 2,
            "Plans": [
              {
                "Node Type": "Hash Join",
                "Parent Relationship": "Outer",
                "Parallel Aware": true,
                "Join Type": "Inner",
                "Startup Cost": 55414.9,
                "Total Cost": 341418.85,
                "Plan Rows": 259259,
                "Plan Width": 0,
                "Actual Startup Time": 216.039,
                "Actual Total Time": 1371.918,
                "Actual Rows": 430520,
                "Actual Loops": 2,
                "Inner Unique": true,
                "Hash Cond": "(mi.movie_id = t.id)",
                "Plans": [
                  {
                    "Node Type": "Seq Scan",
                    "Parent Relationship": "Outer",
                    "Parallel Aware": true,
                    "Relation Name": "movie_info",
                    "Alias": "mi",
                    "Startup Cost": 0.0,
                    "Total Cost": 270696.42,
                    "Plan Rows": 5831431,
                    "Plan Width": 4,
                    "Actual Startup Time": 34.106,
                    "Actual Total Time": 717.849,
                    "Actual Rows": 4955877,
                    "Actual Loops": 2,
                    "Filter": "(info_type_id > 4)",
                    "Rows Removed by Filter": 2461983
                  },
                  {
                    "Node Type": "Hash",
                    "Parent Relationship": "Inner",
                    "Parallel Aware": true,
                    "Startup Cost": 54588.39,
                    "Total Cost": 54588.39,
                    "Plan Rows": 66121,
                    "Plan Width": 4,
                    "Actual Startup Time": 153.905,
                    "Actual Total Time": 153.906,
                    "Actual Rows": 57658,
                    "Actual Loops": 2,
                    "Hash Buckets": 131072,
                    "Original Hash Buckets": 131072,
                    "Hash Batches": 1,
                    "Original Hash Batches": 1,
                    "Peak Memory Usage": 5568,
                    "Plans": [
                      {
                        "Node Type": "Seq Scan",
                        "Parent Relationship": "Outer",
                        "Parallel Aware": true,
                        "Relation Name": "title",
                        "Alias": "t",
                        "Startup Cost": 0.0,
                        "Total Cost": 54588.39,
                        "Plan Rows": 66121,
                        "Plan Width": 4,
                        "Actual Startup Time": 72.154,
                        "Actual Total Time": 140.878,
                        "Actual Rows": 57658,
                        "Actual Loops": 2,
                        "Filter": "(production_year < 1930)",
                        "Rows Removed by Filter": 1206498
                      }
                    ]
                  }
                ]
              }
            ]
          }
        ]
      }
    ]
  },
  "Planning Time": 0.427,
  "Triggers": [],
  "Execution Time": 1445.188
}