[
  {
    "Plan": {
      "Node Type": "Aggregate",
      "Strategy": "Plain",
      "Partial Mode": "Finalize",
      "Parallel Aware": false,
      "Startup Cost": 338203.77,
      "Total Cost": 338203.78,
      "Plan Rows": 1,
      "Plan Width": 8,
      "Actual Startup Time": 805.088,
      "Actual Total Time": 848.481,
      "Actual Rows": 1,
      "Actual Loops": 1,
      "Plans": [
        {
          "Node Type": "Gather",
          "Parent Relationship": "Outer",
          "Parallel Aware": false,
          "Startup Cost": 338203.15,
          "Total Cost": 338203.76,
          "Plan Rows": 6,
          "Plan Width": 8,
          "Actual Startup Time": 804.879,
          "Actual Total Time": 848.466,
          "Actual Rows": 7,
          "Actual Loops": 1,
          "Workers Planned": 6,
          "Workers Launched": 6,
          "Single Copy": false,
          "Plans": [
            {
              "Node Type": "Aggregate",
              "Strategy": "Plain",
              "Partial Mode": "Partial",
              "Parent Relationship": "Outer",
              "Parallel Aware": false,
              "Startup Cost": 337203.15,
              "Total Cost": 337203.16,
              "Plan Rows": 1,
              "Plan Width": 8,
              "Actual Startup Time": 796.676,
              "Actual Total Time": 796.677,
              "Actual Rows": 1,
              "Actual Loops": 7,
              "Plans": [
                {
                  "Node Type": "Seq Scan",
                  "Parent Relationship": "Outer",
                  "Parallel Aware": true,
                  "Relation Name": "cast_info",
                  "Alias": "ci",
                  "Startup Cost": 0.0,
                  "Total Cost": 328211.39,
                  "Plan Rows": 3596703,
                  "Plan Width": 0,
                  "Actual Startup Time": 0.057,
                  "Actual Total Time": 636.439,
                  "Actual Rows": 3119079,
                  "Actual Loops": 7,
                  "Filter": "(person_id < 2219911)",
                  "Rows Removed by Filter": 2058684
                }
              ]
            }
          ]
        }
      ]
    },
    "Planning Time": 0.049,
    "Triggers": [],
    "Execution Time": 848.518
  }
]