[
    {
        "Bao": {
            "Bao prediction": "NaN",
            "Bao recommended hint": "(no hint)"
        }
    },
    {
        "Plan": {
            "Node Type": "Aggregate",
            "Strategy": "Plain",
            "Partial Mode": "Finalize",
            "Parallel Aware": false,
            "Startup Cost": 349761.67,
            "Total Cost": 349761.68,
            "Plan Rows": 1,
            "Plan Width": 8,
            "Actual Startup Time": 825.192,
            "Actual Total Time": 854.449,
            "Actual Rows": 1,
            "Actual Loops": 1,
            "Output": [
                "count(*)"
            ],
            "Plans": [
                {
                    "Node Type": "Gather",
                    "Parent Relationship": "Outer",
                    "Parallel Aware": false,
                    "Startup Cost": 349761.05,
                    "Total Cost": 349761.66,
                    "Plan Rows": 6,
                    "Plan Width": 8,
                    "Actual Startup Time": 825.07,
                    "Actual Total Time": 854.437,
                    "Actual Rows": 7,
                    "Actual Loops": 1,
                    "Output": [
                        "(PARTIAL count(*))"
                    ],
                    "Workers Planned": 6,
                    "Workers Launched": 6,
                    "Single Copy": false,
                    "Plans": [
                        {
                            "Node Type": "Aggregate",
                            "Strategy": "Plain",
                            "Partial Mode": "Partial",
                            "Parent Relationship": "Outer",
                            "Parallel Aware": false,
                            "Startup Cost": 348761.05,
                            "Total Cost": 348761.06,
                            "Plan Rows": 1,
                            "Plan Width": 8,
                            "Actual Startup Time": 814.362,
                            "Actual Total Time": 814.363,
                            "Actual Rows": 1,
                            "Actual Loops": 7,
                            "Output": [
                                "PARTIAL count(*)"
                            ],
                            "Workers": [
                                {
                                    "Worker Number": 0,
                                    "Actual Startup Time": 812.069,
                                    "Actual Total Time": 812.07,
                                    "Actual Rows": 1,
                                    "Actual Loops": 1
                                },
                                {
                                    "Worker Number": 1,
                                    "Actual Startup Time": 812.272,
                                    "Actual Total Time": 812.273,
                                    "Actual Rows": 1,
                                    "Actual Loops": 1
                                },
                                {
                                    "Worker Number": 2,
                                    "Actual Startup Time": 812.243,
                                    "Actual Total Time": 812.244,
                                    "Actual Rows": 1,
                                    "Actual Loops": 1
                                },
                                {
                                    "Worker Number": 3,
                                    "Actual Startup Time": 812.25,
                                    "Actual Total Time": 812.251,
                                    "Actual Rows": 1,
                                    "Actual Loops": 1
                                },
                                {
                                    "Worker Number": 4,
                                    "Actual Startup Time": 813.385,
                                    "Actual Total Time": 813.386,
                                    "Actual Rows": 1,
                                    "Actual Loops": 1
                                },
                                {
                                    "Worker Number": 5,
                                    "Actual Startup Time": 813.984,
                                    "Actual Total Time": 813.985,
                                    "Actual Rows": 1,
                                    "Actual Loops": 1
                                }
                            ],
                            "Plans": [
                                {
                                    "Node Type": "Seq Scan",
                                    "Parent Relationship": "Outer",
                                    "Parallel Aware": true,
                                    "Relation Name": "cast_info",
                                    "Schema": "public",
                                    "Alias": "ci",
                                    "Startup Cost": 0.0,
                                    "Total Cost": 343318.94,
                                    "Plan Rows": 2176844,
                                    "Plan Width": 0,
                                    "Actual Startup Time": 365.448,
                                    "Actual Total Time": 708.881,
                                    "Actual Rows": 2027884,
                                    "Actual Loops": 7,
                                    "Output": [
                                        "id",
                                        "person_id",
                                        "movie_id",
                                        "person_role_id",
                                        "note",
                                        "nr_order",
                                        "role_id"
                                    ],
                                    "Filter": "((ci.person_id > 665468) AND (ci.role_id > 2))",
                                    "Rows Removed by Filter": 3149879,
                                    "Workers": [
                                        {
                                            "Worker Number": 0,
                                            "Actual Startup Time": 363.154,
                                            "Actual Total Time": 708.268,
                                            "Actual Rows": 1569581,
                                            "Actual Loops": 1
                                        },
                                        {
                                            "Worker Number": 1,
                                            "Actual Startup Time": 363.366,
                                            "Actual Total Time": 708.216,
                                            "Actual Rows": 1574307,
                                            "Actual Loops": 1
                                        },
                                        {
                                            "Worker Number": 2,
                                            "Actual Startup Time": 363.316,
                                            "Actual Total Time": 709.571,
                                            "Actual Rows": 2488461,
                                            "Actual Loops": 1
                                        },
                                        {
                                            "Worker Number": 3,
                                            "Actual Startup Time": 363.333,
                                            "Actual Total Time": 709.296,
                                            "Actual Rows": 2495127,
                                            "Actual Loops": 1
                                        },
                                        {
                                            "Worker Number": 4,
                                            "Actual Startup Time": 364.469,
                                            "Actual Total Time": 710.875,
                                            "Actual Rows": 2518329,
                                            "Actual Loops": 1
                                        },
                                        {
                                            "Worker Number": 5,
                                            "Actual Startup Time": 365.076,
                                            "Actual Total Time": 709.944,
                                            "Actual Rows": 1570933,
                                            "Actual Loops": 1
                                        }
                                    ]
                                }
                            ]
                        }
                    ]
                }
            ]
        },
        "Planning Time": 314.494,
        "Triggers": [],
        "Execution Time": 854.549
    }
]