{
  "Plan": {
    "Node Type": "Aggregate",
    "Strategy": "Plain",
    "Partial Mode": "Finalize",
    "Parallel Aware": false,
    "Startup Cost": 926216.82,
    "Total Cost": 926216.83,
    "Plan Rows": 1,
    "Plan Width": 8,
    "Actual Startup Time": 5954.464,
    "Actual Total Time": 6012.385,
    "Actual Rows": 1,
    "Actual Loops": 1,
    "Plans": [
      {
        "Node Type": "Gather",
        "Parent Relationship": "Outer",
        "Parallel Aware": false,
        "Startup Cost": 926216.71,
        "Total Cost": 926216.82,
        "Plan Rows": 1,
        "Plan Width": 8,
        "Actual Startup Time": 5949.075,
        "Actual Total Time": 6012.373,
        "Actual Rows": 2,
        "Actual Loops": 1,
        "Workers Planned": 1,
        "Workers Launched": 1,
        "Single Copy": false,
        "Plans": [
          {
            "Node Type": "Aggregate",
            "Strategy": "Plain",
            "Partial Mode": "Partial",
            "Parent Relationship": "Outer",
            "Parallel Aware": false,
            "Startup Cost": 925216.71,
            "Total Cost": 925216.72,
            "Plan Rows": 1,
            "Plan Width": 8,
            "Actual Startup Time": 5935.764,
            "Actual Total Time": 5935.774,
            "Actual Rows": 1,
            "Actual Loops": 2,
            "Plans": [
              {
                "Node Type": "Hash Join",
                "Parent Relationship": "Outer",
                "Parallel Aware": true,
                "Join Type": "Inner",
                "Startup Cost": 569016.43,
                "Total Cost": 906199.62,
                "Plan Rows": 7606834,
                "Plan Width": 0,
                "Actual Startup Time": 2633.95,
                "Actual Total Time": 5708.667,
                "Actual Rows": 5776536,
                "Actual Loops": 2,
                "Inner Unique": false,
                "Hash Cond": "(mi.movie_id = t.id)",
                "Plans": [
                  {
                    "Node Type": "Seq Scan",
                    "Parent Relationship": "Outer",
                    "Parallel Aware": true,
                    "Relation Name": "movie_info",
                    "Alias": "mi",
                    "Startup Cost": 0.0,
                    "Total Cost": 248955.74,
                    "Plan Rows": 8696274,
                    "Plan Width": 4,
                    "Actual Startup Time": 0.018,
                    "Actual Total Time": 646.706,
                    "Actual Rows": 7417860,
                    "Actual Loops": 2
                  },
                  {
                    "Node Type": "Hash",
                    "Parent Relationship": "Inner",
                    "Parallel Aware": true,
                    "Startup Cost": 552754.98,
                    "Total Cost": 552754.98,
                    "Plan Rows": 1300916,
                    "Plan Width": 8,
                    "Actual Startup Time": 2610.899,
                    "Actual Total Time": 2610.906,
                    "Actual Rows": 1425468,
                    "Actual Loops": 2,
                    "Hash Buckets": 4194304,
                    "Original Hash Buckets": 4194304,
                    "Hash Batches": 1,
                    "Original Hash Batches": 1,
                    "Peak Memory Usage": 144320,
                    "Plans": [
                      {
                        "Node Type": "Hash Join",
                        "Parent Relationship": "Outer",
                        "Parallel Aware": true,
                        "Join Type": "Inner",
                        "Startup Cost": 232192.64,
                        "Total Cost": 552754.98,
                        "Plan Rows": 1300916,
                        "Plan Width": 8,
                        "Actual Startup Time": 580.498,
                        "Actual Total Time": 2132.05,
                        "Actual Rows": 1425468,
                        "Actual Loops": 2,
                        "Inner Unique": true,
                        "Hash Cond": "(ci.movie_id = t.id)",
                        "Plans": [
                          {
                            "Node Type": "Bitmap Heap Scan",
                            "Parent Relationship": "Outer",
                            "Parallel Aware": true,
                            "Relation Name": "cast_info",
                            "Alias": "ci",
                            "Startup Cost": 168497.01,
                            "Total Cost": 477279.31,
                            "Plan Rows": 4487624,
                            "Plan Width": 4,
                            "Actual Startup Time": 297.712,
                            "Actual Total Time": 750.856,
                            "Actual Rows": 3775016,
                            "Actual Loops": 2,
                            "Recheck Cond": "(person_id > 2918444)",
                            "Rows Removed by Index Recheck": 0,
                            "Exact Heap Blocks": 46353,
                            "Lossy Heap Blocks": 0,
                            "Plans": [
                              {
                                "Node Type": "Bitmap Index Scan",
                                "Parent Relationship": "Outer",
                                "Parallel Aware": false,
                                "Index Name": "person_id_cast_info",
                                "Startup Cost": 0.0,
                                "Total Cost": 166589.77,
                                "Plan Rows": 7628961,
                                "Plan Width": 0,
                                "Actual Startup Time": 281.851,
                                "Actual Total Time": 281.851,
                                "Actual Rows": 7550032,
                                "Actual Loops": 1,
                                "Index Cond": "(person_id > 2918444)"
                              }
                            ]
                          },
                          {
                            "Node Type": "Hash",
                            "Parent Relationship": "Inner",
                            "Parallel Aware": true,
                            "Startup Cost": 58306.47,
                            "Total Cost": 58306.47,
                            "Plan Rows": 431133,
                            "Plan Width": 4,
                            "Actual Startup Time": 279.615,
                            "Actual Total Time": 279.616,
                            "Actual Rows": 398080,
                            "Actual Loops": 2,
                            "Hash Buckets": 1048576,
                            "Original Hash Buckets": 1048576,
                            "Hash Batches": 1,
                            "Original Hash Batches": 1,
                            "Peak Memory Usage": 39360,
                            "Plans": [
                              {
                                "Node Type": "Seq Scan",
                                "Parent Relationship": "Outer",
                                "Parallel Aware": true,
                                "Relation Name": "title",
                                "Alias": "t",
                                "Startup Cost": 0.0,
                                "Total Cost": 58306.47,
                                "Plan Rows": 431133,
                                "Plan Width": 4,
                                "Actual Startup Time": 0.032,
                                "Actual Total Time": 161.157,
                                "Actual Rows": 398080,
                                "Actual Loops": 2,
                                "Filter": "((production_year > 2003) AND (kind_id = 7))",
                                "Rows Removed by Filter": 866076
                              }
                            ]
                          }
                        ]
                      }
                    ]
                  }
                ]
              }
            ]
          }
        ]
      }
    ]
  },
  "Planning Time": 0.992,
  "Triggers": [],
  "Execution Time": 6012.514
}