[
  {
    "Plan": {
      "Node Type": "Aggregate",
      "Strategy": "Plain",
      "Partial Mode": "Finalize",
      "Parallel Aware": false,
      "Startup Cost": 331079.33,
      "Total Cost": 331079.34,
      "Plan Rows": 1,
      "Plan Width": 8,
      "Actual Startup Time": 596.596,
      "Actual Total Time": 651.834,
      "Actual Rows": 1,
      "Actual Loops": 1,
      "Plans": [
        {
          "Node Type": "Gather",
          "Parent Relationship": "Outer",
          "Parallel Aware": false,
          "Startup Cost": 331078.71,
          "Total Cost": 331079.32,
          "Plan Rows": 6,
          "Plan Width": 8,
          "Actual Startup Time": 596.474,
          "Actual Total Time": 651.822,
          "Actual Rows": 7,
          "Actual Loops": 1,
          "Workers Planned": 6,
          "Workers Launched": 6,
          "Single Copy": false,
          "Plans": [
            {
              "Node Type": "Aggregate",
              "Strategy": "Plain",
              "Partial Mode": "Partial",
              "Parent Relationship": "Outer",
              "Parallel Aware": false,
              "Startup Cost": 330078.71,
              "Total Cost": 330078.72,
              "Plan Rows": 1,
              "Plan Width": 8,
              "Actual Startup Time": 587.413,
              "Actual Total Time": 587.414,
              "Actual Rows": 1,
              "Actual Loops": 7,
              "Plans": [
                {
                  "Node Type": "Seq Scan",
                  "Parent Relationship": "Outer",
                  "Parallel Aware": true,
                  "Relation Name": "cast_info",
                  "Alias": "ci",
                  "Startup Cost": 0.0,
                  "Total Cost": 328162.03,
                  "Plan Rows": 766673,
                  "Plan Width": 0,
                  "Actual Startup Time": 405.867,
                  "Actual Total Time": 558.193,
                  "Actual Rows": 629153,
                  "Actual Loops": 7,
                  "Filter": "(person_id > 3256584)",
                  "Rows Removed by Filter": 4548610
                }
              ]
            }
          ]
        }
      ]
    },
    "Planning Time": 0.12,
    "Triggers": [],
    "Execution Time": 651.884
  }
]