{
  "Plan": {
    "Node Type": "Aggregate",
    "Strategy": "Plain",
    "Partial Mode": "Finalize",
    "Parallel Aware": false,
    "Startup Cost": 776575.66,
    "Total Cost": 776575.67,
    "Plan Rows": 1,
    "Plan Width": 8,
    "Actual Startup Time": 10563.083,
    "Actual Total Time": 10633.969,
    "Actual Rows": 1,
    "Actual Loops": 1,
    "Plans": [
      {
        "Node Type": "Gather",
        "Parent Relationship": "Outer",
        "Parallel Aware": false,
        "Startup Cost": 776575.55,
        "Total Cost": 776575.66,
        "Plan Rows": 1,
        "Plan Width": 8,
        "Actual Startup Time": 10554.225,
        "Actual Total Time": 10633.959,
        "Actual Rows": 2,
        "Actual Loops": 1,
        "Workers Planned": 1,
        "Workers Launched": 1,
        "Single Copy": false,
        "Plans": [
          {
            "Node Type": "Aggregate",
            "Strategy": "Plain",
            "Partial Mode": "Partial",
            "Parent Relationship": "Outer",
            "Parallel Aware": false,
            "Startup Cost": 775575.55,
            "Total Cost": 775575.56,
            "Plan Rows": 1,
            "Plan Width": 8,
            "Actual Startup Time": 10547.408,
            "Actual Total Time": 10547.413,
            "Actual Rows": 1,
            "Actual Loops": 2,
            "Plans": [
              {
                "Node Type": "Hash Join",
                "Parent Relationship": "Outer",
                "Parallel Aware": true,
                "Join Type": "Inner",
                "Startup Cost": 117176.22,
                "Total Cost": 761818.89,
                "Plan Rows": 5502662,
                "Plan Width": 0,
                "Actual Startup Time": 1237.108,
                "Actual Total Time": 10181.2,
                "Actual Rows": 8204822,
                "Actual Loops": 2,
                "Inner Unique": false,
                "Hash Cond": "(t.id = mc.movie_id)",
                "Plans": [
                  {
                    "Node Type": "Hash Join",
                    "Parent Relationship": "Outer",
                    "Parallel Aware": true,
                    "Join Type": "Inner",
                    "Startup Cost": 69460.7,
                    "Total Cost": 616097.74,
                    "Plan Rows": 10501925,
                    "Plan Width": 8,
                    "Actual Startup Time": 936.208,
                    "Actual Total Time": 6271.702,
                    "Actual Rows": 8925384,
                    "Actual Loops": 2,
                    "Inner Unique": true,
                    "Hash Cond": "(ci.movie_id = t.id)",
                    "Plans": [
                      {
                        "Node Type": "Seq Scan",
                        "Parent Relationship": "Outer",
                        "Parallel Aware": true,
                        "Relation Name": "cast_info",
                        "Alias": "ci",
                        "Startup Cost": 0.0,
                        "Total Cost": 519069.44,
                        "Plan Rows": 10501925,
                        "Plan Width": 4,
                        "Actual Startup Time": 419.354,
                        "Actual Total Time": 1477.302,
                        "Actual Rows": 8925384,
                        "Actual Loops": 2,
                        "Filter": "(person_id > 1828408)",
                        "Rows Removed by Filter": 9196788
                      },
                      {
                        "Node Type": "Hash",
                        "Parent Relationship": "Inner",
                        "Parallel Aware": true,
                        "Startup Cost": 50870.31,
                        "Total Cost": 50870.31,
                        "Plan Rows": 1487231,
                        "Plan Width": 4,
                        "Actual Startup Time": 504.928,
                        "Actual Total Time": 504.929,
                        "Actual Rows": 1264156,
                        "Actual Loops": 2,
                        "Hash Buckets": 4194304,
                        "Original Hash Buckets": 4194304,
                        "Hash Batches": 1,
                        "Original Hash Batches": 1,
                        "Peak Memory Usage": 131712,
                        "Plans": [
                          {
                            "Node Type": "Seq Scan",
                            "Parent Relationship": "Outer",
                            "Parallel Aware": true,
                            "Relation Name": "title",
                            "Alias": "t",
                            "Startup Cost": 0.0,
                            "Total Cost": 50870.31,
                            "Plan Rows": 1487231,
                            "Plan Width": 4,
                            "Actual Startup Time": 0.018,
                            "Actual Total Time": 147.038,
                            "Actual Rows": 1264156,
                            "Actual Loops": 2
                          }
                        ]
                      }
                    ]
                  },
                  {
                    "Node Type": "Hash",
                    "Parent Relationship": "Inner",
                    "Parallel Aware": true,
                    "Startup Cost": 37974.77,
                    "Total Cost": 37974.77,
                    "Plan Rows": 779260,
                    "Plan Width": 4,
                    "Actual Startup Time": 286.795,
                    "Actual Total Time": 286.796,
                    "Actual Rows": 667442,
                    "Actual Loops": 2,
                    "Hash Buckets": 2097152,
                    "Original Hash Buckets": 2097152,
                    "Hash Batches": 1,
                    "Original Hash Batches": 1,
                    "Peak Memory Usage": 68640,
                    "Plans": [
                      {
                        "Node Type": "Seq Scan",
                        "Parent Relationship": "Outer",
                        "Parallel Aware": true,
                        "Relation Name": "movie_companies",
                        "Alias": "mc",
                        "Startup Cost": 0.0,
                        "Total Cost": 37974.77,
                        "Plan Rows": 779260,
                        "Plan Width": 4,
                        "Actual Startup Time": 59.964,
                        "Actual Total Time": 136.334,
                        "Actual Rows": 667442,
                        "Actual Loops": 2,
                        "Filter": "(company_type_id = 2)",
                        "Rows Removed by Filter": 637123
                      }
                    ]
                  }
                ]
              }
            ]
          }
        ]
      }
    ]
  },
  "Planning Time": 0.981,
  "Triggers": [],
  "Execution Time": 10634.061
}