[
  {
    "Plan": {
      "Node Type": "Aggregate",
      "Strategy": "Plain",
      "Partial Mode": "Finalize",
      "Parallel Aware": false,
      "Startup Cost": 32883.1,
      "Total Cost": 32883.11,
      "Plan Rows": 1,
      "Plan Width": 8,
      "Actual Startup Time": 82.373,
      "Actual Total Time": 90.087,
      "Actual Rows": 1,
      "Actual Loops": 1,
      "Plans": [
        {
          "Node Type": "Gather",
          "Parent Relationship": "Outer",
          "Parallel Aware": false,
          "Startup Cost": 32882.78,
          "Total Cost": 32883.09,
          "Plan Rows": 3,
          "Plan Width": 8,
          "Actual Startup Time": 82.241,
          "Actual Total Time": 90.077,
          "Actual Rows": 4,
          "Actual Loops": 1,
          "Workers Planned": 3,
          "Workers Launched": 3,
          "Single Copy": false,
          "Plans": [
            {
              "Node Type": "Aggregate",
              "Strategy": "Plain",
              "Partial Mode": "Partial",
              "Parent Relationship": "Outer",
              "Parallel Aware": false,
              "Startup Cost": 31882.78,
              "Total Cost": 31882.79,
              "Plan Rows": 1,
              "Plan Width": 8,
              "Actual Startup Time": 76.41,
              "Actual Total Time": 76.411,
              "Actual Rows": 1,
              "Actual Loops": 4,
              "Plans": [
                {
                  "Node Type": "Seq Scan",
                  "Parent Relationship": "Outer",
                  "Parallel Aware": true,
                  "Relation Name": "movie_companies",
                  "Alias": "mc",
                  "Startup Cost": 0.0,
                  "Total Cost": 31414.82,
                  "Plan Rows": 187185,
                  "Plan Width": 0,
                  "Actual Startup Time": 43.329,
                  "Actual Total Time": 72.697,
                  "Actual Rows": 92840,
                  "Actual Loops": 4,
                  "Filter": "((company_id < 8636) AND (company_type_id > 1))",
                  "Rows Removed by Filter": 559442
                }
              ]
            }
          ]
        }
      ]
    },
    "Planning Time": 0.227,
    "Triggers": [],
    "Execution Time": 90.154
  }
]