{
  "Plan": {
    "Node Type": "Aggregate",
    "Strategy": "Plain",
    "Partial Mode": "Simple",
    "Parallel Aware": false,
    "Startup Cost": 4671.62,
    "Total Cost": 4671.63,
    "Plan Rows": 1,
    "Plan Width": 8,
    "Actual Startup Time": 2.901,
    "Actual Total Time": 2.903,
    "Actual Rows": 1,
    "Actual Loops": 1,
    "Plans": [
      {
        "Node Type": "Nested Loop",
        "Parent Relationship": "Outer",
        "Parallel Aware": false,
        "Join Type": "Inner",
        "Startup Cost": 0.99,
        "Total Cost": 4671.6,
        "Plan Rows": 7,
        "Plan Width": 0,
        "Actual Startup Time": 0.993,
        "Actual Total Time": 2.893,
        "Actual Rows": 15,
        "Actual Loops": 1,
        "Inner Unique": true,
        "Plans": [
          {
            "Node Type": "Index Scan",
            "Parent Relationship": "Outer",
            "Parallel Aware": false,
            "Scan Direction": "Forward",
            "Index Name": "person_id_cast_info",
            "Relation Name": "cast_info",
            "Alias": "ci",
            "Startup Cost": 0.56,
            "Total Cost": 1059.67,
            "Plan Rows": 433,
            "Plan Width": 4,
            "Actual Startup Time": 0.138,
            "Actual Total Time": 0.35,
            "Actual Rows": 368,
            "Actual Loops": 1,
            "Index Cond": "(person_id = 529872)",
            "Rows Removed by Index Recheck": 0,
            "Filter": "(role_id < 10)",
            "Rows Removed by Filter": 0
          },
          {
            "Node Type": "Index Scan",
            "Parent Relationship": "Inner",
            "Parallel Aware": false,
            "Scan Direction": "Forward",
            "Index Name": "title_pkey",
            "Relation Name": "title",
            "Alias": "t",
            "Startup Cost": 0.43,
            "Total Cost": 8.34,
            "Plan Rows": 1,
            "Plan Width": 4,
            "Actual Startup Time": 0.006,
            "Actual Total Time": 0.006,
            "Actual Rows": 0,
            "Actual Loops": 368,
            "Index Cond": "(id = ci.movie_id)",
            "Rows Removed by Index Recheck": 0,
            "Filter": "((kind_id = 7) AND (production_year = 2013))",
            "Rows Removed by Filter": 1
          }
        ]
      }
    ]
  },
  "Planning Time": 0.537,
  "Triggers": [],
  "Execution Time": 2.969
}