[
  {
    "Plan": {
      "Node Type": "Aggregate",
      "Strategy": "Plain",
      "Partial Mode": "Finalize",
      "Parallel Aware": false,
      "Startup Cost": 390363.7,
      "Total Cost": 390363.71,
      "Plan Rows": 1,
      "Plan Width": 8,
      "Actual Startup Time": 1514.678,
      "Actual Total Time": 1578.457,
      "Actual Rows": 1,
      "Actual Loops": 1,
      "Plans": [
        {
          "Node Type": "Gather",
          "Parent Relationship": "Outer",
          "Parallel Aware": false,
          "Startup Cost": 390363.07,
          "Total Cost": 390363.68,
          "Plan Rows": 6,
          "Plan Width": 8,
          "Actual Startup Time": 1513.212,
          "Actual Total Time": 1578.44,
          "Actual Rows": 7,
          "Actual Loops": 1,
          "Workers Planned": 6,
          "Workers Launched": 6,
          "Single Copy": false,
          "Plans": [
            {
              "Node Type": "Aggregate",
              "Strategy": "Plain",
              "Partial Mode": "Partial",
              "Parent Relationship": "Outer",
              "Parallel Aware": false,
              "Startup Cost": 389363.07,
              "Total Cost": 389363.08,
              "Plan Rows": 1,
              "Plan Width": 8,
              "Actual Startup Time": 1502.433,
              "Actual Total Time": 1502.438,
              "Actual Rows": 1,
              "Actual Loops": 7,
              "Plans": [
                {
                  "Node Type": "Hash Join",
                  "Parent Relationship": "Outer",
                  "Parallel Aware": true,
                  "Join Type": "Inner",
                  "Startup Cost": 46170.91,
                  "Total Cost": 388210.76,
                  "Plan Rows": 460923,
                  "Plan Width": 0,
                  "Actual Startup Time": 94.02,
                  "Actual Total Time": 1481.801,
                  "Actual Rows": 401937,
                  "Actual Loops": 7,
                  "Inner Unique": true,
                  "Hash Cond": "(ci.movie_id = t.id)",
                  "Plans": [
                    {
                      "Node Type": "Seq Scan",
                      "Parent Relationship": "Outer",
                      "Parallel Aware": true,
                      "Relation Name": "cast_info",
                      "Alias": "ci",
                      "Startup Cost": 0.0,
                      "Total Cost": 328211.39,
                      "Plan Rows": 5267977,
                      "Plan Width": 4,
                      "Actual Startup Time": 0.022,
                      "Actual Total Time": 754.145,
                      "Actual Rows": 4515030,
                      "Actual Loops": 7,
                      "Filter": "(role_id < 10)",
                      "Rows Removed by Filter": 662734
                    },
                    {
                      "Node Type": "Hash",
                      "Parent Relationship": "Inner",
                      "Parallel Aware": true,
                      "Startup Cost": 45479.59,
                      "Total Cost": 45479.59,
                      "Plan Rows": 55306,
                      "Plan Width": 4,
                      "Actual Startup Time": 92.348,
                      "Actual Total Time": 92.35,
                      "Actual Rows": 28172,
                      "Actual Loops": 7,
                      "Hash Buckets": 262144,
                      "Original Hash Buckets": 262144,
                      "Hash Batches": 1,
                      "Original Hash Batches": 1,
                      "Peak Memory Usage": 9856,
                      "Plans": [
                        {
                          "Node Type": "Seq Scan",
                          "Parent Relationship": "Outer",
                          "Parallel Aware": true,
                          "Relation Name": "title",
                          "Alias": "t",
                          "Startup Cost": 0.0,
                          "Total Cost": 45479.59,
                          "Plan Rows": 55306,
                          "Plan Width": 4,
                          "Actual Startup Time": 0.117,
                          "Actual Total Time": 79.397,
                          "Actual Rows": 28172,
                          "Actual Loops": 7,
                          "Filter": "((kind_id < 4) AND (production_year > 2008))",
                          "Rows Removed by Filter": 333015
                        }
                      ]
                    }
                  ]
                }
              ]
            }
          ]
        }
      ]
    },
    "Planning Time": 0.321,
    "Triggers": [],
    "Execution Time": 1578.517
  }
]