[
  {
    "Plan": {
      "Node Type": "Aggregate",
      "Strategy": "Plain",
      "Partial Mode": "Simple",
      "Parallel Aware": false,
      "Startup Cost": 39493.61,
      "Total Cost": 39493.62,
      "Plan Rows": 1,
      "Plan Width": 8,
      "Actual Startup Time": 62.189,
      "Actual Total Time": 62.19,
      "Actual Rows": 1,
      "Actual Loops": 1,
      "Plans": [
        {
          "Node Type": "Bitmap Heap Scan",
          "Parent Relationship": "Outer",
          "Parallel Aware": false,
          "Relation Name": "title",
          "Alias": "t",
          "Startup Cost": 1835.78,
          "Total Cost": 39367.18,
          "Plan Rows": 50572,
          "Plan Width": 0,
          "Actual Startup Time": 18.823,
          "Actual Total Time": 58.316,
          "Actual Rows": 65982,
          "Actual Loops": 1,
          "Recheck Cond": "(kind_id = 3)",
          "Rows Removed by Index Recheck": 0,
          "Filter": "(production_year < 2004)",
          "Rows Removed by Filter": 34555,
          "Exact Heap Blocks": 12707,
          "Lossy Heap Blocks": 0,
          "Plans": [
            {
              "Node Type": "Bitmap Index Scan",
              "Parent Relationship": "Outer",
              "Parallel Aware": false,
              "Index Name": "kind_id_title",
              "Startup Cost": 0.0,
              "Total Cost": 1823.13,
              "Plan Rows": 102227,
              "Plan Width": 0,
              "Actual Startup Time": 13.566,
              "Actual Total Time": 13.566,
              "Actual Rows": 100537,
              "Actual Loops": 1,
              "Index Cond": "(kind_id = 3)"
            }
          ]
        }
      ]
    },
    "Planning Time": 0.187,
    "Triggers": [],
    "Execution Time": 62.253
  }
]