[
  {
    "Plan": {
      "Node Type": "Aggregate",
      "Strategy": "Plain",
      "Partial Mode": "Simple",
      "Parallel Aware": false,
      "Startup Cost": 204252.22,
      "Total Cost": 204252.23,
      "Plan Rows": 1,
      "Plan Width": 64,
      "Actual Startup Time": 2394.68,
      "Actual Total Time": 2394.685,
      "Actual Rows": 1,
      "Actual Loops": 1,
      "Output": [
        "min(mi_idx.info)",
        "min(t.title)"
      ],
      "Plans": [
        {
          "Node Type": "Hash Join",
          "Parent Relationship": "Outer",
          "Parallel Aware": false,
          "Join Type": "Inner",
          "Startup Cost": 105273.61,
          "Total Cost": 195258.82,
          "Plan Rows": 1798681,
          "Plan Width": 22,
          "Actual Startup Time": 1190.558,
          "Actual Total Time": 2316.632,
          "Actual Rows": 681850,
          "Actual Loops": 1,
          "Output": [
            "mi_idx.info",
            "t.title"
          ],
          "Inner Unique": false,
          "Hash Cond": "(mk.movie_id = t.id)",
          "Plans": [
            {
              "Node Type": "Seq Scan",
              "Parent Relationship": "Outer",
              "Parallel Aware": false,
              "Relation Name": "movie_keyword",
              "Schema": "public",
              "Alias": "mk",
              "Startup Cost": 0.0,
              "Total Cost": 69693.3,
              "Plan Rows": 4523930,
              "Plan Width": 4,
              "Actual Startup Time": 0.064,
              "Actual Total Time": 563.038,
              "Actual Rows": 4523930,
              "Actual Loops": 1,
              "Output": [
                "mk.id",
                "mk.movie_id",
                "mk.keyword_id"
              ]
            },
            {
              "Node Type": "Hash",
              "Parent Relationship": "Inner",
              "Parallel Aware": false,
              "Startup Cost": 102949.29,
              "Total Cost": 102949.29,
              "Plan Rows": 185946,
              "Plan Width": 30,
              "Actual Startup Time": 1187.128,
              "Actual Total Time": 1187.131,
              "Actual Rows": 127837,
              "Actual Loops": 1,
              "Output": [
                "mi_idx.info",
                "mi_idx.movie_id",
                "t.title",
                "t.id"
              ],
              "Hash Buckets": 262144,
              "Original Hash Buckets": 262144,
              "Hash Batches": 1,
              "Original Hash Batches": 1,
              "Peak Memory Usage": 10035,
              "Plans": [
                {
                  "Node Type": "Hash Join",
                  "Parent Relationship": "Outer",
                  "Parallel Aware": false,
                  "Join Type": "Inner",
                  "Startup Cost": 75906.34,
                  "Total Cost": 102949.29,
                  "Plan Rows": 185946,
                  "Plan Width": 30,
                  "Actual Startup Time": 731.26,
                  "Actual Total Time": 1138.899,
                  "Actual Rows": 127837,
                  "Actual Loops": 1,
                  "Output": [
                    "mi_idx.info",
                    "mi_idx.movie_id",
                    "t.title",
                    "t.id"
                  ],
                  "Inner Unique": true,
                  "Hash Cond": "(mi_idx.movie_id = t.id)",
                  "Plans": [
                    {
                      "Node Type": "Seq Scan",
                      "Parent Relationship": "Outer",
                      "Parallel Aware": false,
                      "Relation Name": "movie_info_idx",
                      "Schema": "public",
                      "Alias": "mi_idx",
                      "Startup Cost": 0.0,
                      "Total Cost": 25185.44,
                      "Plan Rows": 707623,
                      "Plan Width": 9,
                      "Actual Startup Time": 0.054,
                      "Actual Total Time": 231.27,
                      "Actual Rows": 703159,
                      "Actual Loops": 1,
                      "Output": [
                        "mi_idx.id",
                        "mi_idx.movie_id",
                        "mi_idx.info_type_id",
                        "mi_idx.info",
                        "mi_idx.note"
                      ],
                      "Filter": "(mi_idx.info > '3.0'::text)",
                      "Rows Removed by Filter": 676876
                    },
                    {
                      "Node Type": "Hash",
                      "Parent Relationship": "Inner",
                      "Parallel Aware": false,
                      "Startup Cost": 67601.66,
                      "Total Cost": 67601.66,
                      "Plan Rows": 664374,
                      "Plan Width": 21,
                      "Actual Startup Time": 718.545,
                      "Actual Total Time": 718.547,
                      "Actual Rows": 662065,
                      "Actual Loops": 1,
                      "Output": [
                        "t.title",
                        "t.id"
                      ],
                      "Hash Buckets": 1048576,
                      "Original Hash Buckets": 1048576,
                      "Hash Batches": 1,
                      "Original Hash Batches": 1,
                      "Peak Memory Usage": 43863,
                      "Plans": [
                        {
                          "Node Type": "Seq Scan",
                          "Parent Relationship": "Outer",
                          "Parallel Aware": false,
                          "Relation Name": "title",
                          "Schema": "public",
                          "Alias": "t",
                          "Startup Cost": 0.0,
                          "Total Cost": 67601.66,
                          "Plan Rows": 664374,
                          "Plan Width": 21,
                          "Actual Startup Time": 0.082,
                          "Actual Total Time": 469.318,
                          "Actual Rows": 662065,
                          "Actual Loops": 1,
                          "Output": [
                            "t.title",
                            "t.id"
                          ],
                          "Filter": "(t.production_year > 2008)",
                          "Rows Removed by Filter": 1866247
                        }
                      ]
                    }
                  ]
                }
              ]
            }
          ]
        }
      ]
    },
    "Planning Time": 4819.999,
    "Triggers": [],
    "Execution Time": 2395.836
  }
]