[
  {
    "Plan": {
      "Node Type": "Aggregate",
      "Strategy": "Plain",
      "Partial Mode": "Finalize",
      "Parallel Aware": false,
      "Startup Cost": 340317.0,
      "Total Cost": 340317.01,
      "Plan Rows": 1,
      "Plan Width": 8,
      "Actual Startup Time": 856.37,
      "Actual Total Time": 922.156,
      "Actual Rows": 1,
      "Actual Loops": 1,
      "Plans": [
        {
          "Node Type": "Gather",
          "Parent Relationship": "Outer",
          "Parallel Aware": false,
          "Startup Cost": 340316.37,
          "Total Cost": 340316.98,
          "Plan Rows": 6,
          "Plan Width": 8,
          "Actual Startup Time": 856.252,
          "Actual Total Time": 922.144,
          "Actual Rows": 7,
          "Actual Loops": 1,
          "Workers Planned": 6,
          "Workers Launched": 6,
          "Single Copy": false,
          "Plans": [
            {
              "Node Type": "Aggregate",
              "Strategy": "Plain",
              "Partial Mode": "Partial",
              "Parent Relationship": "Outer",
              "Parallel Aware": false,
              "Startup Cost": 339316.37,
              "Total Cost": 339316.38,
              "Plan Rows": 1,
              "Plan Width": 8,
              "Actual Startup Time": 845.603,
              "Actual Total Time": 845.604,
              "Actual Rows": 1,
              "Actual Loops": 7,
              "Plans": [
                {
                  "Node Type": "Seq Scan",
                  "Parent Relationship": "Outer",
                  "Parallel Aware": true,
                  "Relation Name": "cast_info",
                  "Alias": "ci",
                  "Startup Cost": 0.0,
                  "Total Cost": 328162.03,
                  "Plan Rows": 4461739,
                  "Plan Width": 0,
                  "Actual Startup Time": 116.763,
                  "Actual Total Time": 665.824,
                  "Actual Rows": 3814186,
                  "Actual Loops": 7,
                  "Filter": "(person_id > 938595)",
                  "Rows Removed by Filter": 1363578
                }
              ]
            }
          ]
        }
      ]
    },
    "Planning Time": 0.175,
    "Triggers": [],
    "Execution Time": 922.225
  }
]