{
  "Plan": {
    "Node Type": "Aggregate",
    "Strategy": "Plain",
    "Partial Mode": "Finalize",
    "Parallel Aware": false,
    "Startup Cost": 98436.12,
    "Total Cost": 98436.13,
    "Plan Rows": 1,
    "Plan Width": 8,
    "Actual Startup Time": 568.654,
    "Actual Total Time": 583.729,
    "Actual Rows": 1,
    "Actual Loops": 1,
    "Plans": [
      {
        "Node Type": "Gather",
        "Parent Relationship": "Outer",
        "Parallel Aware": false,
        "Startup Cost": 98436.01,
        "Total Cost": 98436.12,
        "Plan Rows": 1,
        "Plan Width": 8,
        "Actual Startup Time": 567.146,
        "Actual Total Time": 583.719,
        "Actual Rows": 2,
        "Actual Loops": 1,
        "Workers Planned": 1,
        "Workers Launched": 1,
        "Single Copy": false,
        "Plans": [
          {
            "Node Type": "Aggregate",
            "Strategy": "Plain",
            "Partial Mode": "Partial",
            "Parent Relationship": "Outer",
            "Parallel Aware": false,
            "Startup Cost": 97436.01,
            "Total Cost": 97436.02,
            "Plan Rows": 1,
            "Plan Width": 8,
            "Actual Startup Time": 561.206,
            "Actual Total Time": 561.21,
            "Actual Rows": 1,
            "Actual Loops": 2,
            "Plans": [
              {
                "Node Type": "Hash Join",
                "Parent Relationship": "Outer",
                "Parallel Aware": true,
                "Join Type": "Inner",
                "Startup Cost": 35064.59,
                "Total Cost": 96778.11,
                "Plan Rows": 263161,
                "Plan Width": 0,
                "Actual Startup Time": 152.633,
                "Actual Total Time": 549.962,
                "Actual Rows": 226820,
                "Actual Loops": 2,
                "Inner Unique": false,
                "Hash Cond": "(t.id = mc.movie_id)",
                "Plans": [
                  {
                    "Node Type": "Seq Scan",
                    "Parent Relationship": "Outer",
                    "Parallel Aware": true,
                    "Relation Name": "title",
                    "Alias": "t",
                    "Startup Cost": 0.0,
                    "Total Cost": 50870.31,
                    "Plan Rows": 1487231,
                    "Plan Width": 4,
                    "Actual Startup Time": 0.011,
                    "Actual Total Time": 134.685,
                    "Actual Rows": 1264156,
                    "Actual Loops": 2
                  },
                  {
                    "Node Type": "Hash",
                    "Parent Relationship": "Inner",
                    "Parallel Aware": true,
                    "Startup Cost": 31775.08,
                    "Total Cost": 31775.08,
                    "Plan Rows": 263161,
                    "Plan Width": 4,
                    "Actual Startup Time": 137.501,
                    "Actual Total Time": 137.503,
                    "Actual Rows": 226820,
                    "Actual Loops": 2,
                    "Hash Buckets": 524288,
                    "Original Hash Buckets": 524288,
                    "Hash Batches": 1,
                    "Original Hash Batches": 1,
                    "Peak Memory Usage": 21888,
                    "Plans": [
                      {
                        "Node Type": "Bitmap Heap Scan",
                        "Parent Relationship": "Outer",
                        "Parallel Aware": true,
                        "Relation Name": "movie_companies",
                        "Alias": "mc",
                        "Startup Cost": 9695.57,
                        "Total Cost": 31775.08,
                        "Plan Rows": 263161,
                        "Plan Width": 4,
                        "Actual Startup Time": 40.31,
                        "Actual Total Time": 88.26,
                        "Actual Rows": 226820,
                        "Actual Loops": 2,
                        "Recheck Cond": "(company_id > 76944)",
                        "Rows Removed by Index Recheck": 0,
                        "Exact Heap Blocks": 4919,
                        "Lossy Heap Blocks": 0,
                        "Plans": [
                          {
                            "Node Type": "Bitmap Index Scan",
                            "Parent Relationship": "Outer",
                            "Parallel Aware": false,
                            "Index Name": "company_id_movie_companies",
                            "Startup Cost": 0.0,
                            "Total Cost": 9583.73,
                            "Plan Rows": 447373,
                            "Plan Width": 0,
                            "Actual Startup Time": 39.892,
                            "Actual Total Time": 39.893,
                            "Actual Rows": 453640,
                            "Actual Loops": 1,
                            "Index Cond": "(company_id > 76944)"
                          }
                        ]
                      }
                    ]
                  }
                ]
              }
            ]
          }
        ]
      }
    ]
  },
  "Planning Time": 0.561,
  "Triggers": [],
  "Execution Time": 583.816
}