{
  "Plan": {
    "Node Type": "Aggregate",
    "Strategy": "Plain",
    "Partial Mode": "Finalize",
    "Parallel Aware": false,
    "Startup Cost": 174385.99,
    "Total Cost": 174386.0,
    "Plan Rows": 1,
    "Plan Width": 8,
    "Actual Startup Time": 1853.598,
    "Actual Total Time": 1872.062,
    "Actual Rows": 1,
    "Actual Loops": 1,
    "Plans": [
      {
        "Node Type": "Gather",
        "Parent Relationship": "Outer",
        "Parallel Aware": false,
        "Startup Cost": 174385.87,
        "Total Cost": 174385.98,
        "Plan Rows": 1,
        "Plan Width": 8,
        "Actual Startup Time": 1850.231,
        "Actual Total Time": 1872.054,
        "Actual Rows": 2,
        "Actual Loops": 1,
        "Workers Planned": 1,
        "Workers Launched": 1,
        "Single Copy": false,
        "Plans": [
          {
            "Node Type": "Aggregate",
            "Strategy": "Plain",
            "Partial Mode": "Partial",
            "Parent Relationship": "Outer",
            "Parallel Aware": false,
            "Startup Cost": 173385.87,
            "Total Cost": 173385.88,
            "Plan Rows": 1,
            "Plan Width": 8,
            "Actual Startup Time": 1844.37,
            "Actual Total Time": 1844.674,
            "Actual Rows": 1,
            "Actual Loops": 2,
            "Plans": [
              {
                "Node Type": "Hash Join",
                "Parent Relationship": "Outer",
                "Parallel Aware": true,
                "Join Type": "Inner",
                "Startup Cost": 105682.47,
                "Total Cost": 172313.93,
                "Plan Rows": 428778,
                "Plan Width": 0,
                "Actual Startup Time": 749.348,
                "Actual Total Time": 1564.532,
                "Actual Rows": 6990861,
                "Actual Loops": 2,
                "Inner Unique": false,
                "Hash Cond": "(mk.movie_id = t.id)",
                "Plans": [
                  {
                    "Node Type": "Seq Scan",
                    "Parent Relationship": "Outer",
                    "Parallel Aware": true,
                    "Relation Name": "movie_keyword",
                    "Alias": "mk",
                    "Startup Cost": 0.0,
                    "Total Cost": 57718.19,
                    "Plan Rows": 1704278,
                    "Plan Width": 4,
                    "Actual Startup Time": 0.203,
                    "Actual Total Time": 193.451,
                    "Actual Rows": 1441516,
                    "Actual Loops": 2,
                    "Filter": "(keyword_id > 2488)",
                    "Rows Removed by Filter": 820450
                  },
                  {
                    "Node Type": "Hash",
                    "Parent Relationship": "Inner",
                    "Parallel Aware": true,
                    "Startup Cost": 101005.34,
                    "Total Cost": 101005.34,
                    "Plan Rows": 374171,
                    "Plan Width": 8,
                    "Actual Startup Time": 739.694,
                    "Actual Total Time": 739.996,
                    "Actual Rows": 478084,
                    "Actual Loops": 2,
                    "Hash Buckets": 1048576,
                    "Original Hash Buckets": 1048576,
                    "Hash Batches": 1,
                    "Original Hash Batches": 1,
                    "Peak Memory Usage": 45632,
                    "Plans": [
                      {
                        "Node Type": "Hash Join",
                        "Parent Relationship": "Outer",
                        "Parallel Aware": true,
                        "Join Type": "Inner",
                        "Startup Cost": 62838.71,
                        "Total Cost": 101005.34,
                        "Plan Rows": 374171,
                        "Plan Width": 8,
                        "Actual Startup Time": 239.177,
                        "Actual Total Time": 620.925,
                        "Actual Rows": 478084,
                        "Actual Loops": 2,
                        "Inner Unique": true,
                        "Hash Cond": "(mc.movie_id = t.id)",
                        "Plans": [
                          {
                            "Node Type": "Seq Scan",
                            "Parent Relationship": "Outer",
                            "Parallel Aware": true,
                            "Relation Name": "movie_companies",
                            "Alias": "mc",
                            "Startup Cost": 0.0,
                            "Total Cost": 34137.82,
                            "Plan Rows": 1534782,
                            "Plan Width": 4,
                            "Actual Startup Time": 0.013,
                            "Actual Total Time": 104.081,
                            "Actual Rows": 1304564,
                            "Actual Loops": 2
                          },
                          {
                            "Node Type": "Hash",
                            "Parent Relationship": "Inner",
                            "Parallel Aware": true,
                            "Startup Cost": 58306.47,
                            "Total Cost": 58306.47,
                            "Plan Rows": 362579,
                            "Plan Width": 4,
                            "Actual Startup Time": 233.743,
                            "Actual Total Time": 233.744,
                            "Actual Rows": 243950,
                            "Actual Loops": 2,
                            "Hash Buckets": 1048576,
                            "Original Hash Buckets": 1048576,
                            "Hash Batches": 1,
                            "Original Hash Batches": 1,
                            "Peak Memory Usage": 27328,
                            "Plans": [
                              {
                                "Node Type": "Seq Scan",
                                "Parent Relationship": "Outer",
                                "Parallel Aware": true,
                                "Relation Name": "title",
                                "Alias": "t",
                                "Startup Cost": 0.0,
                                "Total Cost": 58306.47,
                                "Plan Rows": 362579,
                                "Plan Width": 4,
                                "Actual Startup Time": 0.042,
                                "Actual Total Time": 153.487,
                                "Actual Rows": 243950,
                                "Actual Loops": 2,
                                "Filter": "((kind_id < 4) AND (production_year > 1987))",
                                "Rows Removed by Filter": 1020206
                              }
                            ]
                          }
                        ]
                      }
                    ]
                  }
                ]
              }
            ]
          }
        ]
      }
    ]
  },
  "Planning Time": 0.893,
  "Triggers": [],
  "Execution Time": 1872.146
}