[
  {
    "Plan": {
      "Node Type": "Aggregate",
      "Strategy": "Plain",
      "Partial Mode": "Simple",
      "Parallel Aware": false,
      "Startup Cost": 24751.34,
      "Total Cost": 24751.35,
      "Plan Rows": 1,
      "Plan Width": 8,
      "Actual Startup Time": 15.185,
      "Actual Total Time": 15.185,
      "Actual Rows": 1,
      "Actual Loops": 1,
      "Plans": [
        {
          "Node Type": "Bitmap Heap Scan",
          "Parent Relationship": "Outer",
          "Parallel Aware": false,
          "Relation Name": "movie_keyword",
          "Alias": "mk",
          "Startup Cost": 408.37,
          "Total Cost": 24703.62,
          "Plan Rows": 19089,
          "Plan Width": 0,
          "Actual Startup Time": 2.162,
          "Actual Total Time": 13.905,
          "Actual Rows": 17758,
          "Actual Loops": 1,
          "Recheck Cond": "(keyword_id > 118982)",
          "Rows Removed by Index Recheck": 0,
          "Exact Heap Blocks": 5453,
          "Lossy Heap Blocks": 0,
          "Plans": [
            {
              "Node Type": "Bitmap Index Scan",
              "Parent Relationship": "Outer",
              "Parallel Aware": false,
              "Index Name": "keyword_id_movie_keyword",
              "Startup Cost": 0.0,
              "Total Cost": 403.6,
              "Plan Rows": 19089,
              "Plan Width": 0,
              "Actual Startup Time": 1.412,
              "Actual Total Time": 1.412,
              "Actual Rows": 17758,
              "Actual Loops": 1,
              "Index Cond": "(keyword_id > 118982)"
            }
          ]
        }
      ]
    },
    "Planning Time": 0.136,
    "Triggers": [],
    "Execution Time": 15.21
  }
]