{
  "Plan": {
    "Node Type": "Aggregate",
    "Strategy": "Plain",
    "Partial Mode": "Finalize",
    "Parallel Aware": false,
    "Startup Cost": 448205.38,
    "Total Cost": 448205.39,
    "Plan Rows": 1,
    "Plan Width": 8,
    "Actual Startup Time": 1819.391,
    "Actual Total Time": 1877.289,
    "Actual Rows": 1,
    "Actual Loops": 1,
    "Plans": [
      {
        "Node Type": "Gather",
        "Parent Relationship": "Outer",
        "Parallel Aware": false,
        "Startup Cost": 448205.27,
        "Total Cost": 448205.38,
        "Plan Rows": 1,
        "Plan Width": 8,
        "Actual Startup Time": 1818.817,
        "Actual Total Time": 1877.283,
        "Actual Rows": 2,
        "Actual Loops": 1,
        "Workers Planned": 1,
        "Workers Launched": 1,
        "Single Copy": false,
        "Plans": [
          {
            "Node Type": "Aggregate",
            "Strategy": "Plain",
            "Partial Mode": "Partial",
            "Parent Relationship": "Outer",
            "Parallel Aware": false,
            "Startup Cost": 447205.27,
            "Total Cost": 447205.28,
            "Plan Rows": 1,
            "Plan Width": 8,
            "Actual Startup Time": 1812.132,
            "Actual Total Time": 1812.137,
            "Actual Rows": 1,
            "Actual Loops": 2,
            "Plans": [
              {
                "Node Type": "Nested Loop",
                "Parent Relationship": "Outer",
                "Parallel Aware": false,
                "Join Type": "Inner",
                "Startup Cost": 53955.64,
                "Total Cost": 446580.79,
                "Plan Rows": 249793,
                "Plan Width": 0,
                "Actual Startup Time": 127.894,
                "Actual Total Time": 1776.985,
                "Actual Rows": 773840,
                "Actual Loops": 2,
                "Inner Unique": false,
                "Join Filter": "(t.id = mi.movie_id)",
                "Rows Removed by Join Filter": 0,
                "Plans": [
                  {
                    "Node Type": "Hash Join",
                    "Parent Relationship": "Outer",
                    "Parallel Aware": true,
                    "Join Type": "Inner",
                    "Startup Cost": 53955.21,
                    "Total Cost": 366721.88,
                    "Plan Rows": 42719,
                    "Plan Width": 8,
                    "Actual Startup Time": 127.829,
                    "Actual Total Time": 962.33,
                    "Actual Rows": 50570,
                    "Actual Loops": 2,
                    "Inner Unique": true,
                    "Hash Cond": "(ci.movie_id = t.id)",
                    "Plans": [
                      {
                        "Node Type": "Index Scan",
                        "Parent Relationship": "Outer",
                        "Parallel Aware": true,
                        "Scan Direction": "Forward",
                        "Index Name": "role_id_cast_info",
                        "Relation Name": "cast_info",
                        "Alias": "ci",
                        "Startup Cost": 0.56,
                        "Total Cost": 305110.75,
                        "Plan Rows": 2916754,
                        "Plan Width": 4,
                        "Actual Startup Time": 0.192,
                        "Actual Total Time": 607.854,
                        "Actual Rows": 1207013,
                        "Actual Loops": 2,
                        "Index Cond": "(role_id > 4)",
                        "Rows Removed by Index Recheck": 0,
                        "Filter": "(person_id < 1895324)",
                        "Rows Removed by Filter": 3485338
                      },
                      {
                        "Node Type": "Hash",
                        "Parent Relationship": "Inner",
                        "Parallel Aware": true,
                        "Startup Cost": 53682.37,
                        "Total Cost": 53682.37,
                        "Plan Rows": 21782,
                        "Plan Width": 4,
                        "Actual Startup Time": 126.236,
                        "Actual Total Time": 126.237,
                        "Actual Rows": 71491,
                        "Actual Loops": 2,
                        "Hash Buckets": 262144,
                        "Original Hash Buckets": 65536,
                        "Hash Batches": 1,
                        "Original Hash Batches": 1,
                        "Peak Memory Usage": 9184,
                        "Plans": [
                          {
                            "Node Type": "Bitmap Heap Scan",
                            "Parent Relationship": "Outer",
                            "Parallel Aware": true,
                            "Relation Name": "title",
                            "Alias": "t",
                            "Startup Cost": 11832.11,
                            "Total Cost": 53682.37,
                            "Plan Rows": 21782,
                            "Plan Width": 4,
                            "Actual Startup Time": 42.399,
                            "Actual Total Time": 106.269,
                            "Actual Rows": 71491,
                            "Actual Loops": 2,
                            "Recheck Cond": "(kind_id = 1)",
                            "Rows Removed by Index Recheck": 0,
                            "Filter": "(production_year < 1941)",
                            "Rows Removed by Filter": 259922,
                            "Exact Heap Blocks": 8711,
                            "Lossy Heap Blocks": 0,
                            "Plans": [
                              {
                                "Node Type": "Bitmap Index Scan",
                                "Parent Relationship": "Outer",
                                "Parallel Aware": false,
                                "Index Name": "kind_id_title",
                                "Startup Cost": 0.0,
                                "Total Cost": 11822.85,
                                "Plan Rows": 663256,
                                "Plan Width": 0,
                                "Actual Startup Time": 45.497,
                                "Actual Total Time": 45.497,
                                "Actual Rows": 662825,
                                "Actual Loops": 1,
                                "Index Cond": "(kind_id = 1)"
                              }
                            ]
                          }
                        ]
                      }
                    ]
                  },
                  {
                    "Node Type": "Index Only Scan",
                    "Parent Relationship": "Inner",
                    "Parallel Aware": false,
                    "Scan Direction": "Forward",
                    "Index Name": "movie_id_movie_info",
                    "Relation Name": "movie_info",
                    "Alias": "mi",
                    "Startup Cost": 0.43,
                    "Total Cost": 1.34,
                    "Plan Rows": 42,
                    "Plan Width": 4,
                    "Actual Startup Time": 0.005,
                    "Actual Total Time": 0.015,
                    "Actual Rows": 15,
                    "Actual Loops": 101140,
                    "Index Cond": "(movie_id = ci.movie_id)",
                    "Rows Removed by Index Recheck": 0,
                    "Heap Fetches": 1547681
                  }
                ]
              }
            ]
          }
        ]
      }
    ]
  },
  "Planning Time": 0.946,
  "Triggers": [],
  "Execution Time": 1877.445
}