[
  {
    "Plan": {
      "Node Type": "Aggregate",
      "Strategy": "Plain",
      "Partial Mode": "Finalize",
      "Parallel Aware": false,
      "Startup Cost": 41616.47,
      "Total Cost": 41616.48,
      "Plan Rows": 1,
      "Plan Width": 8,
      "Actual Startup Time": 145.751,
      "Actual Total Time": 154.381,
      "Actual Rows": 1,
      "Actual Loops": 1,
      "Plans": [
        {
          "Node Type": "Gather",
          "Parent Relationship": "Outer",
          "Parallel Aware": false,
          "Startup Cost": 41616.15,
          "Total Cost": 41616.46,
          "Plan Rows": 3,
          "Plan Width": 8,
          "Actual Startup Time": 145.495,
          "Actual Total Time": 154.372,
          "Actual Rows": 4,
          "Actual Loops": 1,
          "Workers Planned": 3,
          "Workers Launched": 3,
          "Single Copy": false,
          "Plans": [
            {
              "Node Type": "Aggregate",
              "Strategy": "Plain",
              "Partial Mode": "Partial",
              "Parent Relationship": "Outer",
              "Parallel Aware": false,
              "Startup Cost": 40616.15,
              "Total Cost": 40616.16,
              "Plan Rows": 1,
              "Plan Width": 8,
              "Actual Startup Time": 138.043,
              "Actual Total Time": 138.045,
              "Actual Rows": 1,
              "Actual Loops": 4,
              "Plans": [
                {
                  "Node Type": "Bitmap Heap Scan",
                  "Parent Relationship": "Outer",
                  "Parallel Aware": true,
                  "Relation Name": "movie_keyword",
                  "Alias": "mk",
                  "Startup Cost": 13160.34,
                  "Total Cost": 40115.85,
                  "Plan Rows": 200121,
                  "Plan Width": 0,
                  "Actual Startup Time": 54.7,
                  "Actual Total Time": 129.678,
                  "Actual Rows": 152852,
                  "Actual Loops": 4,
                  "Recheck Cond": "(keyword_id > 30217)",
                  "Rows Removed by Index Recheck": 0,
                  "Exact Heap Blocks": 9386,
                  "Lossy Heap Blocks": 0,
                  "Plans": [
                    {
                      "Node Type": "Bitmap Index Scan",
                      "Parent Relationship": "Outer",
                      "Parallel Aware": false,
                      "Index Name": "keyword_id_movie_keyword",
                      "Startup Cost": 0.0,
                      "Total Cost": 13005.25,
                      "Plan Rows": 620375,
                      "Plan Width": 0,
                      "Actual Startup Time": 57.572,
                      "Actual Total Time": 57.572,
                      "Actual Rows": 611406,
                      "Actual Loops": 1,
                      "Index Cond": "(keyword_id > 30217)"
                    }
                  ]
                }
              ]
            }
          ]
        }
      ]
    },
    "Planning Time": 0.196,
    "Triggers": [],
    "Execution Time": 154.463
  }
]