[
  {
    "Plan": {
      "Node Type": "Aggregate",
      "Strategy": "Plain",
      "Partial Mode": "Finalize",
      "Parallel Aware": false,
      "Startup Cost": 240117.41,
      "Total Cost": 240117.42,
      "Plan Rows": 1,
      "Plan Width": 8,
      "Actual Startup Time": 4605.688,
      "Actual Total Time": 4700.981,
      "Actual Rows": 1,
      "Actual Loops": 1,
      "Plans": [
        {
          "Node Type": "Gather",
          "Parent Relationship": "Outer",
          "Parallel Aware": false,
          "Startup Cost": 240117.09,
          "Total Cost": 240117.4,
          "Plan Rows": 3,
          "Plan Width": 8,
          "Actual Startup Time": 4603.892,
          "Actual Total Time": 4700.97,
          "Actual Rows": 4,
          "Actual Loops": 1,
          "Workers Planned": 3,
          "Workers Launched": 3,
          "Single Copy": false,
          "Plans": [
            {
              "Node Type": "Aggregate",
              "Strategy": "Plain",
              "Partial Mode": "Partial",
              "Parent Relationship": "Outer",
              "Parallel Aware": false,
              "Startup Cost": 239117.09,
              "Total Cost": 239117.1,
              "Plan Rows": 1,
              "Plan Width": 8,
              "Actual Startup Time": 4598.302,
              "Actual Total Time": 4598.305,
              "Actual Rows": 1,
              "Actual Loops": 4,
              "Plans": [
                {
                  "Node Type": "Nested Loop",
                  "Parent Relationship": "Outer",
                  "Parallel Aware": false,
                  "Join Type": "Inner",
                  "Startup Cost": 46506.71,
                  "Total Cost": 237277.85,
                  "Plan Rows": 735696,
                  "Plan Width": 0,
                  "Actual Startup Time": 167.415,
                  "Actual Total Time": 4314.041,
                  "Actual Rows": 6353140,
                  "Actual Loops": 4,
                  "Inner Unique": false,
                  "Join Filter": "(t.id = ci.movie_id)",
                  "Rows Removed by Join Filter": 0,
                  "Plans": [
                    {
                      "Node Type": "Hash Join",
                      "Parent Relationship": "Outer",
                      "Parallel Aware": true,
                      "Join Type": "Inner",
                      "Startup Cost": 46506.15,
                      "Total Cost": 90238.52,
                      "Plan Rows": 51312,
                      "Plan Width": 8,
                      "Actual Startup Time": 167.293,
                      "Actual Total Time": 321.451,
                      "Actual Rows": 134131,
                      "Actual Loops": 4,
                      "Inner Unique": true,
                      "Hash Cond": "(mk.movie_id = t.id)",
                      "Plans": [
                        {
                          "Node Type": "Seq Scan",
                          "Parent Relationship": "Outer",
                          "Parallel Aware": true,
                          "Relation Name": "movie_keyword",
                          "Alias": "mk",
                          "Startup Cost": 0.0,
                          "Total Cost": 42695.65,
                          "Plan Rows": 394941,
                          "Plan Width": 4,
                          "Actual Startup Time": 0.018,
                          "Actual Total Time": 105.584,
                          "Actual Rows": 306438,
                          "Actual Loops": 4,
                          "Filter": "(keyword_id < 1556)",
                          "Rows Removed by Filter": 824544
                        },
                        {
                          "Node Type": "Hash",
                          "Parent Relationship": "Inner",
                          "Parallel Aware": true,
                          "Startup Cost": 45479.59,
                          "Total Cost": 45479.59,
                          "Plan Rows": 82125,
                          "Plan Width": 4,
                          "Actual Startup Time": 136.925,
                          "Actual Total Time": 136.926,
                          "Actual Rows": 102880,
                          "Actual Loops": 4,
                          "Hash Buckets": 524288,
                          "Original Hash Buckets": 524288,
                          "Hash Batches": 1,
                          "Original Hash Batches": 1,
                          "Peak Memory Usage": 20256,
                          "Plans": [
                            {
                              "Node Type": "Seq Scan",
                              "Parent Relationship": "Outer",
                              "Parallel Aware": true,
                              "Relation Name": "title",
                              "Alias": "t",
                              "Startup Cost": 0.0,
                              "Total Cost": 45479.59,
                              "Plan Rows": 82125,
                              "Plan Width": 4,
                              "Actual Startup Time": 56.058,
                              "Actual Total Time": 102.833,
                              "Actual Rows": 102880,
                              "Actual Loops": 4,
                              "Filter": "((production_year < 2004) AND (kind_id = 1))",
                              "Rows Removed by Filter": 529198
                            }
                          ]
                        }
                      ]
                    },
                    {
                      "Node Type": "Index Only Scan",
                      "Parent Relationship": "Inner",
                      "Parallel Aware": false,
                      "Scan Direction": "Forward",
                      "Index Name": "movie_id_cast_info",
                      "Relation Name": "cast_info",
                      "Alias": "ci",
                      "Startup Cost": 0.56,
                      "Total Cost": 2.43,
                      "Plan Rows": 35,
                      "Plan Width": 4,
                      "Actual Startup Time": 0.004,
                      "Actual Total Time": 0.026,
                      "Actual Rows": 47,
                      "Actual Loops": 536524,
                      "Index Cond": "(movie_id = mk.movie_id)",
                      "Rows Removed by Index Recheck": 0,
                      "Heap Fetches": 25412558
                    }
                  ]
                }
              ]
            }
          ]
        }
      ]
    },
    "Planning Time": 0.51,
    "Triggers": [],
    "Execution Time": 4701.053
  }
]