[
  {
    "Plan": {
      "Node Type": "Aggregate",
      "Strategy": "Plain",
      "Partial Mode": "Finalize",
      "Parallel Aware": false,
      "Startup Cost": 32719.78,
      "Total Cost": 32719.79,
      "Plan Rows": 1,
      "Plan Width": 8,
      "Actual Startup Time": 99.507,
      "Actual Total Time": 110.401,
      "Actual Rows": 1,
      "Actual Loops": 1,
      "Plans": [
        {
          "Node Type": "Gather",
          "Parent Relationship": "Outer",
          "Parallel Aware": false,
          "Startup Cost": 32719.46,
          "Total Cost": 32719.77,
          "Plan Rows": 3,
          "Plan Width": 8,
          "Actual Startup Time": 99.403,
          "Actual Total Time": 110.393,
          "Actual Rows": 4,
          "Actual Loops": 1,
          "Workers Planned": 3,
          "Workers Launched": 3,
          "Single Copy": false,
          "Plans": [
            {
              "Node Type": "Aggregate",
              "Strategy": "Plain",
              "Partial Mode": "Partial",
              "Parent Relationship": "Outer",
              "Parallel Aware": false,
              "Startup Cost": 31719.46,
              "Total Cost": 31719.47,
              "Plan Rows": 1,
              "Plan Width": 8,
              "Actual Startup Time": 93.855,
              "Actual Total Time": 93.856,
              "Actual Rows": 1,
              "Actual Loops": 4,
              "Plans": [
                {
                  "Node Type": "Seq Scan",
                  "Parent Relationship": "Outer",
                  "Parallel Aware": true,
                  "Relation Name": "movie_companies",
                  "Alias": "mc",
                  "Startup Cost": 0.0,
                  "Total Cost": 31414.82,
                  "Plan Rows": 121856,
                  "Plan Width": 0,
                  "Actual Startup Time": 27.741,
                  "Actual Total Time": 92.647,
                  "Actual Rows": 16277,
                  "Actual Loops": 4,
                  "Filter": "((company_id > 32464) AND (company_type_id = 1))",
                  "Rows Removed by Filter": 636006
                }
              ]
            }
          ]
        }
      ]
    },
    "Planning Time": 0.228,
    "Triggers": [],
    "Execution Time": 110.468
  }
]