[
  {
    "Plan": {
      "Node Type": "Aggregate",
      "Strategy": "Plain",
      "Partial Mode": "Finalize",
      "Parallel Aware": false,
      "Startup Cost": 32944.55,
      "Total Cost": 32944.56,
      "Plan Rows": 1,
      "Plan Width": 8,
      "Actual Startup Time": 88.211,
      "Actual Total Time": 95.892,
      "Actual Rows": 1,
      "Actual Loops": 1,
      "Plans": [
        {
          "Node Type": "Gather",
          "Parent Relationship": "Outer",
          "Parallel Aware": false,
          "Startup Cost": 32944.23,
          "Total Cost": 32944.54,
          "Plan Rows": 3,
          "Plan Width": 8,
          "Actual Startup Time": 88.117,
          "Actual Total Time": 95.883,
          "Actual Rows": 4,
          "Actual Loops": 1,
          "Workers Planned": 3,
          "Workers Launched": 3,
          "Single Copy": false,
          "Plans": [
            {
              "Node Type": "Aggregate",
              "Strategy": "Plain",
              "Partial Mode": "Partial",
              "Parent Relationship": "Outer",
              "Parallel Aware": false,
              "Startup Cost": 31944.23,
              "Total Cost": 31944.24,
              "Plan Rows": 1,
              "Plan Width": 8,
              "Actual Startup Time": 83.569,
              "Actual Total Time": 83.57,
              "Actual Rows": 1,
              "Actual Loops": 4,
              "Plans": [
                {
                  "Node Type": "Seq Scan",
                  "Parent Relationship": "Outer",
                  "Parallel Aware": true,
                  "Relation Name": "movie_companies",
                  "Alias": "mc",
                  "Startup Cost": 0.0,
                  "Total Cost": 31414.82,
                  "Plan Rows": 211764,
                  "Plan Width": 0,
                  "Actual Startup Time": 41.525,
                  "Actual Total Time": 74.891,
                  "Actual Rows": 226631,
                  "Actual Loops": 4,
                  "Filter": "((company_id > 11339) AND (company_type_id > 1))",
                  "Rows Removed by Filter": 425651
                }
              ]
            }
          ]
        }
      ]
    },
    "Planning Time": 0.217,
    "Triggers": [],
    "Execution Time": 95.945
  }
]