[
  {
    "Plan": {
      "Node Type": "Aggregate",
      "Strategy": "Plain",
      "Partial Mode": "Finalize",
      "Parallel Aware": false,
      "Startup Cost": 32842.86,
      "Total Cost": 32842.87,
      "Plan Rows": 1,
      "Plan Width": 8,
      "Actual Startup Time": 89.194,
      "Actual Total Time": 96.564,
      "Actual Rows": 1,
      "Actual Loops": 1,
      "Plans": [
        {
          "Node Type": "Gather",
          "Parent Relationship": "Outer",
          "Parallel Aware": false,
          "Startup Cost": 32842.54,
          "Total Cost": 32842.85,
          "Plan Rows": 3,
          "Plan Width": 8,
          "Actual Startup Time": 88.989,
          "Actual Total Time": 96.556,
          "Actual Rows": 4,
          "Actual Loops": 1,
          "Workers Planned": 3,
          "Workers Launched": 3,
          "Single Copy": false,
          "Plans": [
            {
              "Node Type": "Aggregate",
              "Strategy": "Plain",
              "Partial Mode": "Partial",
              "Parent Relationship": "Outer",
              "Parallel Aware": false,
              "Startup Cost": 31842.54,
              "Total Cost": 31842.55,
              "Plan Rows": 1,
              "Plan Width": 8,
              "Actual Startup Time": 80.55,
              "Actual Total Time": 80.551,
              "Actual Rows": 1,
              "Actual Loops": 4,
              "Plans": [
                {
                  "Node Type": "Seq Scan",
                  "Parent Relationship": "Outer",
                  "Parallel Aware": true,
                  "Relation Name": "movie_companies",
                  "Alias": "mc",
                  "Startup Cost": 0.0,
                  "Total Cost": 31414.82,
                  "Plan Rows": 171089,
                  "Plan Width": 0,
                  "Actual Startup Time": 48.776,
                  "Actual Total Time": 77.342,
                  "Actual Rows": 79816,
                  "Actual Loops": 4,
                  "Filter": "((company_id < 6029) AND (company_type_id > 1))",
                  "Rows Removed by Filter": 572466
                }
              ]
            }
          ]
        }
      ]
    },
    "Planning Time": 0.196,
    "Triggers": [],
    "Execution Time": 96.619
  }
]