[
  {
    "Plan": {
      "Node Type": "Aggregate",
      "Strategy": "Plain",
      "Partial Mode": "Finalize",
      "Parallel Aware": false,
      "Startup Cost": 70365.51,
      "Total Cost": 70365.52,
      "Plan Rows": 1,
      "Plan Width": 8,
      "Actual Startup Time": 152.191,
      "Actual Total Time": 169.686,
      "Actual Rows": 1,
      "Actual Loops": 1,
      "Plans": [
        {
          "Node Type": "Gather",
          "Parent Relationship": "Outer",
          "Parallel Aware": false,
          "Startup Cost": 70365.09,
          "Total Cost": 70365.5,
          "Plan Rows": 4,
          "Plan Width": 8,
          "Actual Startup Time": 152.066,
          "Actual Total Time": 169.678,
          "Actual Rows": 5,
          "Actual Loops": 1,
          "Workers Planned": 4,
          "Workers Launched": 4,
          "Single Copy": false,
          "Plans": [
            {
              "Node Type": "Aggregate",
              "Strategy": "Plain",
              "Partial Mode": "Partial",
              "Parent Relationship": "Outer",
              "Parallel Aware": false,
              "Startup Cost": 69365.09,
              "Total Cost": 69365.1,
              "Plan Rows": 1,
              "Plan Width": 8,
              "Actual Startup Time": 142.685,
              "Actual Total Time": 142.686,
              "Actual Rows": 1,
              "Actual Loops": 5,
              "Plans": [
                {
                  "Node Type": "Nested Loop",
                  "Parent Relationship": "Outer",
                  "Parallel Aware": false,
                  "Join Type": "Inner",
                  "Startup Cost": 0.43,
                  "Total Cost": 69359.08,
                  "Plan Rows": 2401,
                  "Plan Width": 0,
                  "Actual Startup Time": 64.091,
                  "Actual Total Time": 141.573,
                  "Actual Rows": 13569,
                  "Actual Loops": 5,
                  "Inner Unique": false,
                  "Plans": [
                    {
                      "Node Type": "Seq Scan",
                      "Parent Relationship": "Outer",
                      "Parallel Aware": true,
                      "Relation Name": "title",
                      "Alias": "t",
                      "Startup Cost": 0.0,
                      "Total Cost": 45479.1,
                      "Plan Rows": 2326,
                      "Plan Width": 4,
                      "Actual Startup Time": 63.956,
                      "Actual Total Time": 93.738,
                      "Actual Rows": 7010,
                      "Actual Loops": 5,
                      "Filter": "((kind_id < 3) AND (production_year < 1912))",
                      "Rows Removed by Filter": 498653
                    },
                    {
                      "Node Type": "Index Only Scan",
                      "Parent Relationship": "Inner",
                      "Parallel Aware": false,
                      "Scan Direction": "Forward",
                      "Index Name": "movie_id_movie_companies",
                      "Relation Name": "movie_companies",
                      "Alias": "mc",
                      "Startup Cost": 0.43,
                      "Total Cost": 10.22,
                      "Plan Rows": 5,
                      "Plan Width": 4,
                      "Actual Startup Time": 0.005,
                      "Actual Total Time": 0.006,
                      "Actual Rows": 2,
                      "Actual Loops": 35049,
                      "Index Cond": "(movie_id = t.id)",
                      "Rows Removed by Index Recheck": 0,
                      "Heap Fetches": 67844
                    }
                  ]
                }
              ]
            }
          ]
        }
      ]
    },
    "Planning Time": 0.591,
    "Triggers": [],
    "Execution Time": 169.758
  }
]