{
  "Plan": {
    "Node Type": "Aggregate",
    "Strategy": "Plain",
    "Partial Mode": "Finalize",
    "Parallel Aware": false,
    "Startup Cost": 103671.1,
    "Total Cost": 103671.11,
    "Plan Rows": 1,
    "Plan Width": 8,
    "Actual Startup Time": 493.741,
    "Actual Total Time": 510.39,
    "Actual Rows": 1,
    "Actual Loops": 1,
    "Plans": [
      {
        "Node Type": "Gather",
        "Parent Relationship": "Outer",
        "Parallel Aware": false,
        "Startup Cost": 103670.98,
        "Total Cost": 103671.09,
        "Plan Rows": 1,
        "Plan Width": 8,
        "Actual Startup Time": 491.429,
        "Actual Total Time": 510.384,
        "Actual Rows": 2,
        "Actual Loops": 1,
        "Workers Planned": 1,
        "Workers Launched": 1,
        "Single Copy": false,
        "Plans": [
          {
            "Node Type": "Aggregate",
            "Strategy": "Plain",
            "Partial Mode": "Partial",
            "Parent Relationship": "Outer",
            "Parallel Aware": false,
            "Startup Cost": 102670.98,
            "Total Cost": 102670.99,
            "Plan Rows": 1,
            "Plan Width": 8,
            "Actual Startup Time": 485.493,
            "Actual Total Time": 485.497,
            "Actual Rows": 1,
            "Actual Loops": 2,
            "Plans": [
              {
                "Node Type": "Hash Join",
                "Parent Relationship": "Outer",
                "Parallel Aware": true,
                "Join Type": "Inner",
                "Startup Cost": 73572.4,
                "Total Cost": 102337.35,
                "Plan Rows": 133453,
                "Plan Width": 0,
                "Actual Startup Time": 365.998,
                "Actual Total Time": 479.166,
                "Actual Rows": 143402,
                "Actual Loops": 2,
                "Inner Unique": true,
                "Hash Cond": "(mk.movie_id = t.id)",
                "Plans": [
                  {
                    "Node Type": "Bitmap Heap Scan",
                    "Parent Relationship": "Outer",
                    "Parallel Aware": true,
                    "Relation Name": "movie_keyword",
                    "Alias": "mk",
                    "Startup Cost": 10279.59,
                    "Total Cost": 38296.37,
                    "Plan Rows": 285022,
                    "Plan Width": 4,
                    "Actual Startup Time": 28.996,
                    "Actual Total Time": 91.211,
                    "Actual Rows": 235446,
                    "Actual Loops": 2,
                    "Recheck Cond": "(keyword_id > 37777)",
                    "Rows Removed by Index Recheck": 0,
                    "Exact Heap Blocks": 13322,
                    "Lossy Heap Blocks": 0,
                    "Plans": [
                      {
                        "Node Type": "Bitmap Index Scan",
                        "Parent Relationship": "Outer",
                        "Parallel Aware": false,
                        "Index Name": "keyword_id_movie_keyword",
                        "Startup Cost": 0.0,
                        "Total Cost": 10158.46,
                        "Plan Rows": 484537,
                        "Plan Width": 0,
                        "Actual Startup Time": 25.553,
                        "Actual Total Time": 25.553,
                        "Actual Rows": 470893,
                        "Actual Loops": 1,
                        "Index Cond": "(keyword_id > 37777)"
                      }
                    ]
                  },
                  {
                    "Node Type": "Hash",
                    "Parent Relationship": "Inner",
                    "Parallel Aware": true,
                    "Startup Cost": 54588.39,
                    "Total Cost": 54588.39,
                    "Plan Rows": 696353,
                    "Plan Width": 4,
                    "Actual Startup Time": 326.872,
                    "Actual Total Time": 326.873,
                    "Actual Rows": 597962,
                    "Actual Loops": 2,
                    "Hash Buckets": 2097152,
                    "Original Hash Buckets": 2097152,
                    "Hash Batches": 1,
                    "Original Hash Batches": 1,
                    "Peak Memory Usage": 63200,
                    "Plans": [
                      {
                        "Node Type": "Seq Scan",
                        "Parent Relationship": "Outer",
                        "Parallel Aware": true,
                        "Relation Name": "title",
                        "Alias": "t",
                        "Startup Cost": 0.0,
                        "Total Cost": 54588.39,
                        "Plan Rows": 696353,
                        "Plan Width": 4,
                        "Actual Startup Time": 0.051,
                        "Actual Total Time": 163.386,
                        "Actual Rows": 597962,
                        "Actual Loops": 2,
                        "Filter": "(production_year < 2003)",
                        "Rows Removed by Filter": 666194
                      }
                    ]
                  }
                ]
              }
            ]
          }
        ]
      }
    ]
  },
  "Planning Time": 0.223,
  "Triggers": [],
  "Execution Time": 510.443
}