[
  {
    "Plan": {
      "Node Type": "Aggregate",
      "Strategy": "Plain",
      "Partial Mode": "Finalize",
      "Parallel Aware": false,
      "Startup Cost": 40316.02,
      "Total Cost": 40316.03,
      "Plan Rows": 1,
      "Plan Width": 8,
      "Actual Startup Time": 126.682,
      "Actual Total Time": 135.402,
      "Actual Rows": 1,
      "Actual Loops": 1,
      "Plans": [
        {
          "Node Type": "Gather",
          "Parent Relationship": "Outer",
          "Parallel Aware": false,
          "Startup Cost": 40315.7,
          "Total Cost": 40316.01,
          "Plan Rows": 3,
          "Plan Width": 8,
          "Actual Startup Time": 126.432,
          "Actual Total Time": 135.393,
          "Actual Rows": 4,
          "Actual Loops": 1,
          "Workers Planned": 3,
          "Workers Launched": 3,
          "Single Copy": false,
          "Plans": [
            {
              "Node Type": "Aggregate",
              "Strategy": "Plain",
              "Partial Mode": "Partial",
              "Parent Relationship": "Outer",
              "Parallel Aware": false,
              "Startup Cost": 39315.7,
              "Total Cost": 39315.71,
              "Plan Rows": 1,
              "Plan Width": 8,
              "Actual Startup Time": 120.687,
              "Actual Total Time": 120.689,
              "Actual Rows": 1,
              "Actual Loops": 4,
              "Plans": [
                {
                  "Node Type": "Bitmap Heap Scan",
                  "Parent Relationship": "Outer",
                  "Parallel Aware": true,
                  "Relation Name": "movie_keyword",
                  "Alias": "mk",
                  "Startup Cost": 12101.44,
                  "Total Cost": 38855.66,
                  "Plan Rows": 184017,
                  "Plan Width": 0,
                  "Actual Startup Time": 38.268,
                  "Actual Total Time": 112.818,
                  "Actual Rows": 146349,
                  "Actual Loops": 4,
                  "Recheck Cond": "(keyword_id < 416)",
                  "Rows Removed by Index Recheck": 0,
                  "Exact Heap Blocks": 10704,
                  "Lossy Heap Blocks": 0,
                  "Plans": [
                    {
                      "Node Type": "Bitmap Index Scan",
                      "Parent Relationship": "Outer",
                      "Parallel Aware": false,
                      "Index Name": "keyword_id_movie_keyword",
                      "Startup Cost": 0.0,
                      "Total Cost": 11958.83,
                      "Plan Rows": 570453,
                      "Plan Width": 0,
                      "Actual Startup Time": 39.871,
                      "Actual Total Time": 39.871,
                      "Actual Rows": 585396,
                      "Actual Loops": 1,
                      "Index Cond": "(keyword_id < 416)"
                    }
                  ]
                }
              ]
            }
          ]
        }
      ]
    },
    "Planning Time": 0.095,
    "Triggers": [],
    "Execution Time": 135.445
  }
]