{
  "Plan": {
    "Node Type": "Aggregate",
    "Strategy": "Plain",
    "Partial Mode": "Finalize",
    "Parallel Aware": false,
    "Startup Cost": 439496.05,
    "Total Cost": 439496.06,
    "Plan Rows": 1,
    "Plan Width": 8,
    "Actual Startup Time": 2103.22,
    "Actual Total Time": 2157.766,
    "Actual Rows": 1,
    "Actual Loops": 1,
    "Plans": [
      {
        "Node Type": "Gather",
        "Parent Relationship": "Outer",
        "Parallel Aware": false,
        "Startup Cost": 439495.94,
        "Total Cost": 439496.05,
        "Plan Rows": 1,
        "Plan Width": 8,
        "Actual Startup Time": 2101.001,
        "Actual Total Time": 2157.757,
        "Actual Rows": 2,
        "Actual Loops": 1,
        "Workers Planned": 1,
        "Workers Launched": 1,
        "Single Copy": false,
        "Plans": [
          {
            "Node Type": "Aggregate",
            "Strategy": "Plain",
            "Partial Mode": "Partial",
            "Parent Relationship": "Outer",
            "Parallel Aware": false,
            "Startup Cost": 438495.94,
            "Total Cost": 438495.95,
            "Plan Rows": 1,
            "Plan Width": 8,
            "Actual Startup Time": 2095.235,
            "Actual Total Time": 2095.561,
            "Actual Rows": 1,
            "Actual Loops": 2,
            "Plans": [
              {
                "Node Type": "Hash Join",
                "Parent Relationship": "Outer",
                "Parallel Aware": true,
                "Join Type": "Inner",
                "Startup Cost": 132622.16,
                "Total Cost": 431246.47,
                "Plan Rows": 2899785,
                "Plan Width": 0,
                "Actual Startup Time": 629.834,
                "Actual Total Time": 2050.605,
                "Actual Rows": 1073001,
                "Actual Loops": 2,
                "Inner Unique": false,
                "Hash Cond": "(mi.movie_id = t.id)",
                "Plans": [
                  {
                    "Node Type": "Seq Scan",
                    "Parent Relationship": "Outer",
                    "Parallel Aware": true,
                    "Relation Name": "movie_info",
                    "Alias": "mi",
                    "Startup Cost": 0.0,
                    "Total Cost": 248955.74,
                    "Plan Rows": 8696274,
                    "Plan Width": 4,
                    "Actual Startup Time": 0.016,
                    "Actual Total Time": 617.954,
                    "Actual Rows": 7417860,
                    "Actual Loops": 2
                  },
                  {
                    "Node Type": "Hash",
                    "Parent Relationship": "Inner",
                    "Parallel Aware": true,
                    "Startup Cost": 126423.17,
                    "Total Cost": 126423.17,
                    "Plan Rows": 495919,
                    "Plan Width": 8,
                    "Actual Startup Time": 620.041,
                    "Actual Total Time": 620.366,
                    "Actual Rows": 107638,
                    "Actual Loops": 2,
                    "Hash Buckets": 1048576,
                    "Original Hash Buckets": 1048576,
                    "Hash Batches": 1,
                    "Original Hash Batches": 1,
                    "Peak Memory Usage": 16640,
                    "Plans": [
                      {
                        "Node Type": "Hash Join",
                        "Parent Relationship": "Outer",
                        "Parallel Aware": true,
                        "Join Type": "Inner",
                        "Startup Cost": 61823.03,
                        "Total Cost": 126423.17,
                        "Plan Rows": 495919,
                        "Plan Width": 8,
                        "Actual Startup Time": 210.72,
                        "Actual Total Time": 597.022,
                        "Actual Rows": 107638,
                        "Actual Loops": 2,
                        "Inner Unique": true,
                        "Hash Cond": "(mk.movie_id = t.id)",
                        "Plans": [
                          {
                            "Node Type": "Seq Scan",
                            "Parent Relationship": "Outer",
                            "Parallel Aware": true,
                            "Relation Name": "movie_keyword",
                            "Alias": "mk",
                            "Startup Cost": 0.0,
                            "Total Cost": 57718.19,
                            "Plan Rows": 2621692,
                            "Plan Width": 4,
                            "Actual Startup Time": 0.016,
                            "Actual Total Time": 202.685,
                            "Actual Rows": 2228192,
                            "Actual Loops": 2,
                            "Filter": "(keyword_id > 56)",
                            "Rows Removed by Filter": 33772
                          },
                          {
                            "Node Type": "Hash",
                            "Parent Relationship": "Inner",
                            "Parallel Aware": true,
                            "Startup Cost": 58306.47,
                            "Total Cost": 58306.47,
                            "Plan Rows": 281325,
                            "Plan Width": 4,
                            "Actual Startup Time": 207.942,
                            "Actual Total Time": 207.945,
                            "Actual Rows": 259164,
                            "Actual Loops": 2,
                            "Hash Buckets": 524288,
                            "Original Hash Buckets": 524288,
                            "Hash Batches": 1,
                            "Original Hash Batches": 1,
                            "Peak Memory Usage": 24416,
                            "Plans": [
                              {
                                "Node Type": "Seq Scan",
                                "Parent Relationship": "Outer",
                                "Parallel Aware": true,
                                "Relation Name": "title",
                                "Alias": "t",
                                "Startup Cost": 0.0,
                                "Total Cost": 58306.47,
                                "Plan Rows": 281325,
                                "Plan Width": 4,
                                "Actual Startup Time": 0.035,
                                "Actual Total Time": 148.071,
                                "Actual Rows": 259164,
                                "Actual Loops": 2,
                                "Filter": "((production_year > 2007) AND (kind_id = 7))",
                                "Rows Removed by Filter": 1004992
                              }
                            ]
                          }
                        ]
                      }
                    ]
                  }
                ]
              }
            ]
          }
        ]
      }
    ]
  },
  "Planning Time": 1.051,
  "Triggers": [],
  "Execution Time": 2157.886
}