{
  "Plan": {
    "Node Type": "Aggregate",
    "Strategy": "Plain",
    "Partial Mode": "Finalize",
    "Parallel Aware": false,
    "Startup Cost": 578780.75,
    "Total Cost": 578780.76,
    "Plan Rows": 1,
    "Plan Width": 8,
    "Actual Startup Time": 3547.521,
    "Actual Total Time": 3614.492,
    "Actual Rows": 1,
    "Actual Loops": 1,
    "Plans": [
      {
        "Node Type": "Gather",
        "Parent Relationship": "Outer",
        "Parallel Aware": false,
        "Startup Cost": 578780.64,
        "Total Cost": 578780.75,
        "Plan Rows": 1,
        "Plan Width": 8,
        "Actual Startup Time": 3547.152,
        "Actual Total Time": 3614.482,
        "Actual Rows": 2,
        "Actual Loops": 1,
        "Workers Planned": 1,
        "Workers Launched": 1,
        "Single Copy": false,
        "Plans": [
          {
            "Node Type": "Aggregate",
            "Strategy": "Plain",
            "Partial Mode": "Partial",
            "Parent Relationship": "Outer",
            "Parallel Aware": false,
            "Startup Cost": 577780.64,
            "Total Cost": 577780.65,
            "Plan Rows": 1,
            "Plan Width": 8,
            "Actual Startup Time": 3541.394,
            "Actual Total Time": 3541.397,
            "Actual Rows": 1,
            "Actual Loops": 2,
            "Plans": [
              {
                "Node Type": "Hash Join",
                "Parent Relationship": "Outer",
                "Parallel Aware": true,
                "Join Type": "Inner",
                "Startup Cost": 54965.78,
                "Total Cost": 576699.13,
                "Plan Rows": 432602,
                "Plan Width": 0,
                "Actual Startup Time": 158.313,
                "Actual Total Time": 3523.338,
                "Actual Rows": 379692,
                "Actual Loops": 2,
                "Inner Unique": true,
                "Hash Cond": "(ci.movie_id = t.id)",
                "Plans": [
                  {
                    "Node Type": "Seq Scan",
                    "Parent Relationship": "Outer",
                    "Parallel Aware": true,
                    "Relation Name": "cast_info",
                    "Alias": "ci",
                    "Startup Cost": 0.0,
                    "Total Cost": 465792.95,
                    "Plan Rows": 21310595,
                    "Plan Width": 4,
                    "Actual Startup Time": 0.013,
                    "Actual Total Time": 1380.152,
                    "Actual Rows": 18122172,
                    "Actual Loops": 2
                  },
                  {
                    "Node Type": "Hash",
                    "Parent Relationship": "Inner",
                    "Parallel Aware": true,
                    "Startup Cost": 54588.39,
                    "Total Cost": 54588.39,
                    "Plan Rows": 30191,
                    "Plan Width": 4,
                    "Actual Startup Time": 156.826,
                    "Actual Total Time": 156.827,
                    "Actual Rows": 26506,
                    "Actual Loops": 2,
                    "Hash Buckets": 65536,
                    "Original Hash Buckets": 65536,
                    "Hash Batches": 1,
                    "Original Hash Batches": 1,
                    "Peak Memory Usage": 2624,
                    "Plans": [
                      {
                        "Node Type": "Seq Scan",
                        "Parent Relationship": "Outer",
                        "Parallel Aware": true,
                        "Relation Name": "title",
                        "Alias": "t",
                        "Startup Cost": 0.0,
                        "Total Cost": 54588.39,
                        "Plan Rows": 30191,
                        "Plan Width": 4,
                        "Actual Startup Time": 0.048,
                        "Actual Total Time": 148.14,
                        "Actual Rows": 26506,
                        "Actual Loops": 2,
                        "Filter": "(production_year = 2000)",
                        "Rows Removed by Filter": 1237650
                      }
                    ]
                  }
                ]
              }
            ]
          }
        ]
      }
    ]
  },
  "Planning Time": 0.404,
  "Triggers": [],
  "Execution Time": 3614.573
}