{
  "Plan": {
    "Node Type": "Aggregate",
    "Strategy": "Plain",
    "Partial Mode": "Finalize",
    "Parallel Aware": false,
    "Startup Cost": 336073.48,
    "Total Cost": 336073.49,
    "Plan Rows": 1,
    "Plan Width": 8,
    "Actual Startup Time": 2264.565,
    "Actual Total Time": 2309.154,
    "Actual Rows": 1,
    "Actual Loops": 1,
    "Plans": [
      {
        "Node Type": "Gather",
        "Parent Relationship": "Outer",
        "Parallel Aware": false,
        "Startup Cost": 336073.37,
        "Total Cost": 336073.48,
        "Plan Rows": 1,
        "Plan Width": 8,
        "Actual Startup Time": 2263.339,
        "Actual Total Time": 2309.146,
        "Actual Rows": 2,
        "Actual Loops": 1,
        "Workers Planned": 1,
        "Workers Launched": 1,
        "Single Copy": false,
        "Plans": [
          {
            "Node Type": "Aggregate",
            "Strategy": "Plain",
            "Partial Mode": "Partial",
            "Parent Relationship": "Outer",
            "Parallel Aware": false,
            "Startup Cost": 335073.37,
            "Total Cost": 335073.38,
            "Plan Rows": 1,
            "Plan Width": 8,
            "Actual Startup Time": 2257.033,
            "Actual Total Time": 2257.037,
            "Actual Rows": 1,
            "Actual Loops": 2,
            "Plans": [
              {
                "Node Type": "Hash Join",
                "Parent Relationship": "Outer",
                "Parallel Aware": true,
                "Join Type": "Inner",
                "Startup Cost": 58185.9,
                "Total Cost": 329969.39,
                "Plan Rows": 2041592,
                "Plan Width": 0,
                "Actual Startup Time": 194.714,
                "Actual Total Time": 2133.854,
                "Actual Rows": 3076198,
                "Actual Loops": 2,
                "Inner Unique": true,
                "Hash Cond": "(mi.movie_id = t.id)",
                "Plans": [
                  {
                    "Node Type": "Seq Scan",
                    "Parent Relationship": "Outer",
                    "Parallel Aware": true,
                    "Relation Name": "movie_info",
                    "Alias": "mi",
                    "Startup Cost": 0.0,
                    "Total Cost": 248955.74,
                    "Plan Rows": 8696274,
                    "Plan Width": 4,
                    "Actual Startup Time": 0.014,
                    "Actual Total Time": 633.346,
                    "Actual Rows": 7417860,
                    "Actual Loops": 2
                  },
                  {
                    "Node Type": "Hash",
                    "Parent Relationship": "Inner",
                    "Parallel Aware": true,
                    "Startup Cost": 53821.5,
                    "Total Cost": 53821.5,
                    "Plan Rows": 349152,
                    "Plan Width": 4,
                    "Actual Startup Time": 158.515,
                    "Actual Total Time": 158.517,
                    "Actual Rows": 239556,
                    "Actual Loops": 2,
                    "Hash Buckets": 1048576,
                    "Original Hash Buckets": 1048576,
                    "Hash Batches": 1,
                    "Original Hash Batches": 1,
                    "Peak Memory Usage": 26944,
                    "Plans": [
                      {
                        "Node Type": "Bitmap Heap Scan",
                        "Parent Relationship": "Outer",
                        "Parallel Aware": true,
                        "Relation Name": "title",
                        "Alias": "t",
                        "Startup Cost": 11971.24,
                        "Total Cost": 53821.5,
                        "Plan Rows": 349152,
                        "Plan Width": 4,
                        "Actual Startup Time": 30.345,
                        "Actual Total Time": 98.684,
                        "Actual Rows": 239556,
                        "Actual Loops": 2,
                        "Recheck Cond": "(kind_id < 2)",
                        "Rows Removed by Index Recheck": 0,
                        "Filter": "(production_year > 1955)",
                        "Rows Removed by Filter": 91856,
                        "Exact Heap Blocks": 7923,
                        "Lossy Heap Blocks": 0,
                        "Plans": [
                          {
                            "Node Type": "Bitmap Index Scan",
                            "Parent Relationship": "Outer",
                            "Parallel Aware": false,
                            "Index Name": "kind_id_title",
                            "Startup Cost": 0.0,
                            "Total Cost": 11822.85,
                            "Plan Rows": 663256,
                            "Plan Width": 0,
                            "Actual Startup Time": 28.497,
                            "Actual Total Time": 28.497,
                            "Actual Rows": 662825,
                            "Actual Loops": 1,
                            "Index Cond": "(kind_id < 2)"
                          }
                        ]
                      }
                    ]
                  }
                ]
              }
            ]
          }
        ]
      }
    ]
  },
  "Planning Time": 0.646,
  "Triggers": [],
  "Execution Time": 2309.255
}