[
  {
    "Plan": {
      "Node Type": "Aggregate",
      "Strategy": "Plain",
      "Partial Mode": "Finalize",
      "Parallel Aware": false,
      "Startup Cost": 46368.06,
      "Total Cost": 46368.07,
      "Plan Rows": 1,
      "Plan Width": 8,
      "Actual Startup Time": 168.263,
      "Actual Total Time": 178.18,
      "Actual Rows": 1,
      "Actual Loops": 1,
      "Plans": [
        {
          "Node Type": "Gather",
          "Parent Relationship": "Outer",
          "Parallel Aware": false,
          "Startup Cost": 46367.74,
          "Total Cost": 46368.05,
          "Plan Rows": 3,
          "Plan Width": 8,
          "Actual Startup Time": 168.145,
          "Actual Total Time": 178.171,
          "Actual Rows": 4,
          "Actual Loops": 1,
          "Workers Planned": 3,
          "Workers Launched": 3,
          "Single Copy": false,
          "Plans": [
            {
              "Node Type": "Aggregate",
              "Strategy": "Plain",
              "Partial Mode": "Partial",
              "Parent Relationship": "Outer",
              "Parallel Aware": false,
              "Startup Cost": 45367.74,
              "Total Cost": 45367.75,
              "Plan Rows": 1,
              "Plan Width": 8,
              "Actual Startup Time": 161.433,
              "Actual Total Time": 161.434,
              "Actual Rows": 1,
              "Actual Loops": 4,
              "Plans": [
                {
                  "Node Type": "Seq Scan",
                  "Parent Relationship": "Outer",
                  "Parallel Aware": true,
                  "Relation Name": "movie_keyword",
                  "Alias": "mk",
                  "Startup Cost": 0.0,
                  "Total Cost": 42695.65,
                  "Plan Rows": 1068834,
                  "Plan Width": 0,
                  "Actual Startup Time": 0.046,
                  "Actual Total Time": 123.271,
                  "Actual Rows": 827416,
                  "Actual Loops": 4,
                  "Filter": "(keyword_id < 15057)",
                  "Rows Removed by Filter": 303567
                }
              ]
            }
          ]
        }
      ]
    },
    "Planning Time": 0.086,
    "Triggers": [],
    "Execution Time": 178.206
  }
]