[
  {
    "Plan": {
      "Node Type": "Aggregate",
      "Strategy": "Plain",
      "Partial Mode": "Finalize",
      "Parallel Aware": false,
      "Startup Cost": 27456.7,
      "Total Cost": 27456.71,
      "Plan Rows": 1,
      "Plan Width": 8,
      "Actual Startup Time": 36.152,
      "Actual Total Time": 39.346,
      "Actual Rows": 1,
      "Actual Loops": 1,
      "Plans": [
        {
          "Node Type": "Gather",
          "Parent Relationship": "Outer",
          "Parallel Aware": false,
          "Startup Cost": 27456.49,
          "Total Cost": 27456.7,
          "Plan Rows": 2,
          "Plan Width": 8,
          "Actual Startup Time": 35.811,
          "Actual Total Time": 39.338,
          "Actual Rows": 3,
          "Actual Loops": 1,
          "Workers Planned": 2,
          "Workers Launched": 2,
          "Single Copy": false,
          "Plans": [
            {
              "Node Type": "Aggregate",
              "Strategy": "Plain",
              "Partial Mode": "Partial",
              "Parent Relationship": "Outer",
              "Parallel Aware": false,
              "Startup Cost": 26456.49,
              "Total Cost": 26456.5,
              "Plan Rows": 1,
              "Plan Width": 8,
              "Actual Startup Time": 30.673,
              "Actual Total Time": 30.675,
              "Actual Rows": 1,
              "Actual Loops": 3,
              "Plans": [
                {
                  "Node Type": "Nested Loop",
                  "Parent Relationship": "Outer",
                  "Parallel Aware": false,
                  "Join Type": "Inner",
                  "Startup Cost": 88.86,
                  "Total Cost": 26446.47,
                  "Plan Rows": 4008,
                  "Plan Width": 0,
                  "Actual Startup Time": 1.018,
                  "Actual Total Time": 30.195,
                  "Actual Rows": 4386,
                  "Actual Loops": 3,
                  "Inner Unique": false,
                  "Plans": [
                    {
                      "Node Type": "Nested Loop",
                      "Parent Relationship": "Outer",
                      "Parallel Aware": false,
                      "Join Type": "Inner",
                      "Startup Cost": 88.42,
                      "Total Cost": 23447.84,
                      "Plan Rows": 1697,
                      "Plan Width": 8,
                      "Actual Startup Time": 0.849,
                      "Actual Total Time": 10.096,
                      "Actual Rows": 1449,
                      "Actual Loops": 3,
                      "Inner Unique": true,
                      "Plans": [
                        {
                          "Node Type": "Bitmap Heap Scan",
                          "Parent Relationship": "Outer",
                          "Parallel Aware": true,
                          "Relation Name": "movie_keyword",
                          "Alias": "mk",
                          "Startup Cost": 87.99,
                          "Total Cost": 10726.09,
                          "Plan Rows": 1697,
                          "Plan Width": 4,
                          "Actual Startup Time": 0.729,
                          "Actual Total Time": 1.488,
                          "Actual Rows": 1449,
                          "Actual Loops": 3,
                          "Recheck Cond": "(keyword_id = 18607)",
                          "Rows Removed by Index Recheck": 0,
                          "Exact Heap Blocks": 69,
                          "Lossy Heap Blocks": 0,
                          "Plans": [
                            {
                              "Node Type": "Bitmap Index Scan",
                              "Parent Relationship": "Outer",
                              "Parallel Aware": false,
                              "Index Name": "keyword_id_movie_keyword",
                              "Startup Cost": 0.0,
                              "Total Cost": 86.97,
                              "Plan Rows": 4072,
                              "Plan Width": 0,
                              "Actual Startup Time": 1.946,
                              "Actual Total Time": 1.946,
                              "Actual Rows": 4347,
                              "Actual Loops": 1,
                              "Index Cond": "(keyword_id = 18607)"
                            }
                          ]
                        },
                        {
                          "Node Type": "Index Only Scan",
                          "Parent Relationship": "Inner",
                          "Parallel Aware": false,
                          "Scan Direction": "Forward",
                          "Index Name": "title_pkey",
                          "Relation Name": "title",
                          "Alias": "t",
                          "Startup Cost": 0.43,
                          "Total Cost": 7.5,
                          "Plan Rows": 1,
                          "Plan Width": 4,
                          "Actual Startup Time": 0.005,
                          "Actual Total Time": 0.005,
                          "Actual Rows": 1,
                          "Actual Loops": 4347,
                          "Index Cond": "(id = mk.movie_id)",
                          "Rows Removed by Index Recheck": 0,
                          "Heap Fetches": 4347
                        }
                      ]
                    },
                    {
                      "Node Type": "Index Scan",
                      "Parent Relationship": "Inner",
                      "Parallel Aware": false,
                      "Scan Direction": "Forward",
                      "Index Name": "movie_id_movie_info",
                      "Relation Name": "movie_info",
                      "Alias": "mi",
                      "Startup Cost": 0.43,
                      "Total Cost": 1.6,
                      "Plan Rows": 17,
                      "Plan Width": 4,
                      "Actual Startup Time": 0.01,
                      "Actual Total Time": 0.013,
                      "Actual Rows": 3,
                      "Actual Loops": 4347,
                      "Index Cond": "(movie_id = t.id)",
                      "Rows Removed by Index Recheck": 0,
                      "Filter": "(info_type_id < 7)",
                      "Rows Removed by Filter": 2
                    }
                  ]
                }
              ]
            }
          ]
        }
      ]
    },
    "Planning Time": 0.712,
    "Triggers": [],
    "Execution Time": 39.411
  }
]