[
    {
        "Bao": {
            "Bao prediction": "NaN",
            "Bao recommended hint": "(no hint)"
        }
    },
    {
        "Plan": {
            "Node Type": "Aggregate",
            "Strategy": "Plain",
            "Partial Mode": "Finalize",
            "Parallel Aware": false,
            "Startup Cost": 32010.72,
            "Total Cost": 32010.73,
            "Plan Rows": 1,
            "Plan Width": 8,
            "Actual Startup Time": 93.072,
            "Actual Total Time": 99.064,
            "Actual Rows": 1,
            "Actual Loops": 1,
            "Output": [
                "count(*)"
            ],
            "Plans": [
                {
                    "Node Type": "Gather",
                    "Parent Relationship": "Outer",
                    "Parallel Aware": false,
                    "Startup Cost": 32010.41,
                    "Total Cost": 32010.72,
                    "Plan Rows": 3,
                    "Plan Width": 8,
                    "Actual Startup Time": 92.79,
                    "Actual Total Time": 99.057,
                    "Actual Rows": 4,
                    "Actual Loops": 1,
                    "Output": [
                        "(PARTIAL count(*))"
                    ],
                    "Workers Planned": 3,
                    "Workers Launched": 3,
                    "Single Copy": false,
                    "Plans": [
                        {
                            "Node Type": "Aggregate",
                            "Strategy": "Plain",
                            "Partial Mode": "Partial",
                            "Parent Relationship": "Outer",
                            "Parallel Aware": false,
                            "Startup Cost": 31010.41,
                            "Total Cost": 31010.42,
                            "Plan Rows": 1,
                            "Plan Width": 8,
                            "Actual Startup Time": 84.034,
                            "Actual Total Time": 84.035,
                            "Actual Rows": 1,
                            "Actual Loops": 4,
                            "Output": [
                                "PARTIAL count(*)"
                            ],
                            "Workers": [
                                {
                                    "Worker Number": 0,
                                    "Actual Startup Time": 80.871,
                                    "Actual Total Time": 80.872,
                                    "Actual Rows": 1,
                                    "Actual Loops": 1
                                },
                                {
                                    "Worker Number": 1,
                                    "Actual Startup Time": 81.213,
                                    "Actual Total Time": 81.214,
                                    "Actual Rows": 1,
                                    "Actual Loops": 1
                                },
                                {
                                    "Worker Number": 2,
                                    "Actual Startup Time": 81.567,
                                    "Actual Total Time": 81.569,
                                    "Actual Rows": 1,
                                    "Actual Loops": 1
                                }
                            ],
                            "Plans": [
                                {
                                    "Node Type": "Bitmap Heap Scan",
                                    "Parent Relationship": "Outer",
                                    "Parallel Aware": true,
                                    "Relation Name": "movie_keyword",
                                    "Schema": "public",
                                    "Alias": "mk",
                                    "Startup Cost": 5338.74,
                                    "Total Cost": 30807.46,
                                    "Plan Rows": 81178,
                                    "Plan Width": 0,
                                    "Actual Startup Time": 22.968,
                                    "Actual Total Time": 80.125,
                                    "Actual Rows": 60706,
                                    "Actual Loops": 4,
                                    "Recheck Cond": "(mk.keyword_id < 204)",
                                    "Rows Removed by Index Recheck": 0,
                                    "Exact Heap Blocks": 13091,
                                    "Lossy Heap Blocks": 0,
                                    "Workers": [
                                        {
                                            "Worker Number": 0,
                                            "Actual Startup Time": 19.949,
                                            "Actual Total Time": 77.795,
                                            "Actual Rows": 32222,
                                            "Actual Loops": 1
                                        },
                                        {
                                            "Worker Number": 1,
                                            "Actual Startup Time": 20.121,
                                            "Actual Total Time": 77.8,
                                            "Actual Rows": 37439,
                                            "Actual Loops": 1
                                        },
                                        {
                                            "Worker Number": 2,
                                            "Actual Startup Time": 20.683,
                                            "Actual Total Time": 78.155,
                                            "Actual Rows": 38093,
                                            "Actual Loops": 1
                                        }
                                    ],
                                    "Plans": [
                                        {
                                            "Node Type": "Bitmap Index Scan",
                                            "Parent Relationship": "Outer",
                                            "Parallel Aware": false,
                                            "Index Name": "keyword_id_movie_keyword",
                                            "Startup Cost": 0.0,
                                            "Total Cost": 5275.82,
                                            "Plan Rows": 251652,
                                            "Plan Width": 0,
                                            "Actual Startup Time": 27.008,
                                            "Actual Total Time": 27.009,
                                            "Actual Rows": 242825,
                                            "Actual Loops": 1,
                                            "Index Cond": "(mk.keyword_id < 204)"
                                        }
                                    ]
                                }
                            ]
                        }
                    ]
                }
            ]
        },
        "Planning Time": 273.739,
        "Triggers": [],
        "Execution Time": 99.125
    }
]