[
  {
    "Plan": {
      "Node Type": "Aggregate",
      "Strategy": "Plain",
      "Partial Mode": "Simple",
      "Parallel Aware": false,
      "Startup Cost": 71284.82,
      "Total Cost": 71284.83,
      "Plan Rows": 1,
      "Plan Width": 64,
      "Actual Startup Time": 589.242,
      "Actual Total Time": 632.988,
      "Actual Rows": 1,
      "Actual Loops": 1,
      "Plans": [
        {
          "Node Type": "Nested Loop",
          "Parent Relationship": "Outer",
          "Parallel Aware": false,
          "Join Type": "Inner",
          "Startup Cost": 6354.01,
          "Total Cost": 71284.81,
          "Plan Rows": 1,
          "Plan Width": 32,
          "Actual Startup Time": 589.238,
          "Actual Total Time": 632.983,
          "Actual Rows": 0,
          "Actual Loops": 1,
          "Inner Unique": true,
          "Plans": [
            {
              "Node Type": "Nested Loop",
              "Parent Relationship": "Outer",
              "Parallel Aware": false,
              "Join Type": "Inner",
              "Startup Cost": 6353.88,
              "Total Cost": 71284.62,
              "Plan Rows": 1,
              "Plan Width": 36,
              "Actual Startup Time": 589.238,
              "Actual Total Time": 632.981,
              "Actual Rows": 0,
              "Actual Loops": 1,
              "Inner Unique": true,
              "Join Filter": "(ci.person_id = n.id)",
              "Rows Removed by Join Filter": 0,
              "Plans": [
                {
                  "Node Type": "Nested Loop",
                  "Parent Relationship": "Outer",
                  "Parallel Aware": false,
                  "Join Type": "Inner",
                  "Startup Cost": 6353.45,
                  "Total Cost": 71283.84,
                  "Plan Rows": 1,
                  "Plan Width": 29,
                  "Actual Startup Time": 589.237,
                  "Actual Total Time": 632.98,
                  "Actual Rows": 0,
                  "Actual Loops": 1,
                  "Inner Unique": true,
                  "Plans": [
                    {
                      "Node Type": "Nested Loop",
                      "Parent Relationship": "Outer",
                      "Parallel Aware": false,
                      "Join Type": "Inner",
                      "Startup Cost": 6353.02,
                      "Total Cost": 71275.66,
                      "Plan Rows": 1,
                      "Plan Width": 33,
                      "Actual Startup Time": 589.237,
                      "Actual Total Time": 632.979,
                      "Actual Rows": 0,
                      "Actual Loops": 1,
                      "Inner Unique": false,
                      "Plans": [
                        {
                          "Node Type": "Nested Loop",
                          "Parent Relationship": "Outer",
                          "Parallel Aware": false,
                          "Join Type": "Inner",
                          "Startup Cost": 6352.59,
                          "Total Cost": 71264.6,
                          "Plan Rows": 1,
                          "Plan Width": 29,
                          "Actual Startup Time": 589.236,
                          "Actual Total Time": 632.976,
                          "Actual Rows": 0,
                          "Actual Loops": 1,
                          "Inner Unique": false,
                          "Plans": [
                            {
                              "Node Type": "Gather",
                              "Parent Relationship": "Outer",
                              "Parallel Aware": false,
                              "Startup Cost": 6352.03,
                              "Total Cost": 71252.36,
                              "Plan Rows": 1,
                              "Plan Width": 29,
                              "Actual Startup Time": 39.959,
                              "Actual Total Time": 354.51,
                              "Actual Rows": 3615,
                              "Actual Loops": 1,
                              "Workers Planned": 3,
                              "Workers Launched": 3,
                              "Single Copy": false,
                              "Plans": [
                                {
                                  "Node Type": "Nested Loop",
                                  "Parent Relationship": "Outer",
                                  "Parallel Aware": false,
                                  "Join Type": "Inner",
                                  "Startup Cost": 5352.03,
                                  "Total Cost": 70252.26,
                                  "Plan Rows": 1,
                                  "Plan Width": 29,
                                  "Actual Startup Time": 30.756,
                                  "Actual Total Time": 508.67,
                                  "Actual Rows": 904,
                                  "Actual Loops": 4,
                                  "Inner Unique": true,
                                  "Plans": [
                                    {
                                      "Node Type": "Nested Loop",
                                      "Parent Relationship": "Outer",
                                      "Parallel Aware": false,
                                      "Join Type": "Inner",
                                      "Startup Cost": 5351.88,
                                      "Total Cost": 70251.89,
                                      "Plan Rows": 2,
                                      "Plan Width": 33,
                                      "Actual Startup Time": 30.718,
                                      "Actual Total Time": 506.735,
                                      "Actual Rows": 904,
                                      "Actual Loops": 4,
                                      "Inner Unique": false,
                                      "Plans": [
                                        {
                                          "Node Type": "Nested Loop",
                                          "Parent Relationship": "Outer",
                                          "Parallel Aware": false,
                                          "Join Type": "Inner",
                                          "Startup Cost": 5351.45,
                                          "Total Cost": 65439.9,
                                          "Plan Rows": 573,
                                          "Plan Width": 25,
                                          "Actual Startup Time": 27.449,
                                          "Actual Total Time": 353.37,
                                          "Actual Rows": 4680,
                                          "Actual Loops": 4,
                                          "Inner Unique": true,
                                          "Plans": [
                                            {
                                              "Node Type": "Hash Join",
                                              "Parent Relationship": "Outer",
                                              "Parallel Aware": true,
                                              "Join Type": "Inner",
                                              "Startup Cost": 5351.02,
                                              "Total Cost": 38955.31,
                                              "Plan Rows": 11818,
                                              "Plan Width": 4,
                                              "Actual Startup Time": 26.858,
                                              "Actual Total Time": 173.165,
                                              "Actual Rows": 44266,
                                              "Actual Loops": 4,
                                              "Inner Unique": true,
                                              "Hash Cond": "(mc.company_id = cn.id)",
                                              "Plans": [
                                                {
                                                  "Node Type": "Seq Scan",
                                                  "Parent Relationship": "Outer",
                                                  "Parallel Aware": true,
                                                  "Relation Name": "movie_companies",
                                                  "Alias": "mc",
                                                  "Startup Cost": 0.0,
                                                  "Total Cost": 33518.95,
                                                  "Plan Rows": 32511,
                                                  "Plan Width": 8,
                                                  "Actual Startup Time": 0.031,
                                                  "Actual Total Time": 125.332,
                                                  "Actual Rows": 49630,
                                                  "Actual Loops": 4,
                                                  "Filter": "((note ~~ '%(200%)%'::text) AND ((note ~~ '%(USA)%'::text) OR (note ~~ '%(worldwide)%'::text)))",
                                                  "Rows Removed by Filter": 602652
                                                },
                                                {
                                                  "Node Type": "Hash",
                                                  "Parent Relationship": "Inner",
                                                  "Parallel Aware": true,
                                                  "Startup Cost": 4722.92,
                                                  "Total Cost": 4722.92,
                                                  "Plan Rows": 50248,
                                                  "Plan Width": 4,
                                                  "Actual Startup Time": 26.017,
                                                  "Actual Total Time": 26.018,
                                                  "Actual Rows": 21211,
                                                  "Actual Loops": 4,
                                                  "Hash Buckets": 131072,
                                                  "Original Hash Buckets": 131072,
                                                  "Hash Batches": 1,
                                                  "Original Hash Batches": 1,
                                                  "Peak Memory Usage": 4416,
                                                  "Plans": [
                                                    {
                                                      "Node Type": "Seq Scan",
                                                      "Parent Relationship": "Outer",
                                                      "Parallel Aware": true,
                                                      "Relation Name": "company_name",
                                                      "Alias": "cn",
                                                      "Startup Cost": 0.0,
                                                      "Total Cost": 4722.92,
                                                      "Plan Rows": 50248,
                                                      "Plan Width": 4,
                                                      "Actual Startup Time": 0.058,
                                                      "Actual Total Time": 17.068,
                                                      "Actual Rows": 21211,
                                                      "Actual Loops": 4,
                                                      "Filter": "((country_code)::text = '[us]'::text)",
                                                      "Rows Removed by Filter": 37538
                                                    }
                                                  ]
                                                }
                                              ]
                                            },
                                            {
                                              "Node Type": "Index Scan",
                                              "Parent Relationship": "Inner",
                                              "Parallel Aware": false,
                                              "Scan Direction": "Forward",
                                              "Index Name": "title_pkey",
                                              "Relation Name": "title",
                                              "Alias": "t",
                                              "Startup Cost": 0.43,
                                              "Total Cost": 2.24,
                                              "Plan Rows": 1,
                                              "Plan Width": 21,
                                              "Actual Startup Time": 0.004,
                                              "Actual Total Time": 0.004,
                                              "Actual Rows": 0,
                                              "Actual Loops": 177065,
                                              "Index Cond": "(id = mc.movie_id)",
                                              "Rows Removed by Index Recheck": 0,
                                              "Filter": "((title ~~ '%The%'::text) AND (production_year >= 1994) AND (production_year <= 2010))",
                                              "Rows Removed by Filter": 1
                                            }
                                          ]
                                        },
                                        {
                                          "Node Type": "Index Scan",
                                          "Parent Relationship": "Inner",
                                          "Parallel Aware": false,
                                          "Scan Direction": "Forward",
                                          "Index Name": "movie_id_movie_info",
                                          "Relation Name": "movie_info",
                                          "Alias": "mi",
                                          "Startup Cost": 0.43,
                                          "Total Cost": 8.39,
                                          "Plan Rows": 1,
                                          "Plan Width": 8,
                                          "Actual Startup Time": 0.029,
                                          "Actual Total Time": 0.032,
                                          "Actual Rows": 0,
                                          "Actual Loops": 18721,
                                          "Index Cond": "(movie_id = t.id)",
                                          "Rows Removed by Index Recheck": 0,
                                          "Filter": "((info IS NOT NULL) AND ((info ~~ 'Japan:%2007%'::text) OR (info ~~ 'USA:%2008%'::text)))",
                                          "Rows Removed by Filter": 32
                                        }
                                      ]
                                    },
                                    {
                                      "Node Type": "Index Scan",
                                      "Parent Relationship": "Inner",
                                      "Parallel Aware": false,
                                      "Scan Direction": "Forward",
                                      "Index Name": "info_type_pkey",
                                      "Relation Name": "info_type",
                                      "Alias": "it",
                                      "Startup Cost": 0.14,
                                      "Total Cost": 0.17,
                                      "Plan Rows": 1,
                                      "Plan Width": 4,
                                      "Actual Startup Time": 0.002,
                                      "Actual Total Time": 0.002,
                                      "Actual Rows": 1,
                                      "Actual Loops": 3615,
                                      "Index Cond": "(id = mi.info_type_id)",
                                      "Rows Removed by Index Recheck": 0,
                                      "Filter": "((info)::text = 'release dates'::text)",
                                      "Rows Removed by Filter": 0
                                    }
                                  ]
                                }
                              ]
                            },
                            {
                              "Node Type": "Index Scan",
                              "Parent Relationship": "Inner",
                              "Parallel Aware": false,
                              "Scan Direction": "Forward",
                              "Index Name": "movie_id_cast_info",
                              "Relation Name": "cast_info",
                              "Alias": "ci",
                              "Startup Cost": 0.56,
                              "Total Cost": 12.24,
                              "Plan Rows": 1,
                              "Plan Width": 16,
                              "Actual Startup Time": 0.077,
                              "Actual Total Time": 0.077,
                              "Actual Rows": 0,
                              "Actual Loops": 3615,
                              "Index Cond": "(movie_id = t.id)",
                              "Rows Removed by Index Recheck": 0,
                              "Filter": "(note = '(segment ''Ted Turner'')'::text)",
                              "Rows Removed by Filter": 55
                            }
                          ]
                        },
                        {
                          "Node Type": "Index Only Scan",
                          "Parent Relationship": "Inner",
                          "Parallel Aware": false,
                          "Scan Direction": "Forward",
                          "Index Name": "person_id_aka_name",
                          "Relation Name": "aka_name",
                          "Alias": "an",
                          "Startup Cost": 0.42,
                          "Total Cost": 11.04,
                          "Plan Rows": 2,
                          "Plan Width": 4,
                          "Actual Startup Time": 0.0,
                          "Actual Total Time": 0.0,
                          "Actual Rows": 0,
                          "Actual Loops": 0,
                          "Index Cond": "(person_id = ci.person_id)",
                          "Rows Removed by Index Recheck": 0,
                          "Heap Fetches": 0
                        }
                      ]
                    },
                    {
                      "Node Type": "Index Only Scan",
                      "Parent Relationship": "Inner",
                      "Parallel Aware": false,
                      "Scan Direction": "Forward",
                      "Index Name": "char_name_pkey",
                      "Relation Name": "char_name",
                      "Alias": "chn",
                      "Startup Cost": 0.43,
                      "Total Cost": 8.17,
                      "Plan Rows": 1,
                      "Plan Width": 4,
                      "Actual Startup Time": 0.0,
                      "Actual Total Time": 0.0,
                      "Actual Rows": 0,
                      "Actual Loops": 0,
                      "Index Cond": "(id = ci.person_role_id)",
                      "Rows Removed by Index Recheck": 0,
                      "Heap Fetches": 0
                    }
                  ]
                },
                {
                  "Node Type": "Index Scan",
                  "Parent Relationship": "Inner",
                  "Parallel Aware": false,
                  "Scan Direction": "Forward",
                  "Index Name": "name_pkey",
                  "Relation Name": "name",
                  "Alias": "n",
                  "Startup Cost": 0.43,
                  "Total Cost": 0.77,
                  "Plan Rows": 1,
                  "Plan Width": 19,
                  "Actual Startup Time": 0.0,
                  "Actual Total Time": 0.0,
                  "Actual Rows": 0,
                  "Actual Loops": 0,
                  "Index Cond": "(id = an.person_id)",
                  "Rows Removed by Index Recheck": 0,
                  "Filter": "((name ~~ '%Jane%'::text) AND ((gender)::text = 'f'::text))",
                  "Rows Removed by Filter": 0
                }
              ]
            },
            {
              "Node Type": "Index Scan",
              "Parent Relationship": "Inner",
              "Parallel Aware": false,
              "Scan Direction": "Forward",
              "Index Name": "role_type_pkey",
              "Relation Name": "role_type",
              "Alias": "rt",
              "Startup Cost": 0.14,
              "Total Cost": 0.16,
              "Plan Rows": 1,
              "Plan Width": 4,
              "Actual Startup Time": 0.0,
              "Actual Total Time": 0.0,
              "Actual Rows": 0,
              "Actual Loops": 0,
              "Index Cond": "(id = ci.role_id)",
              "Rows Removed by Index Recheck": 0,
              "Filter": "((role)::text = 'actress'::text)",
              "Rows Removed by Filter": 0
            }
          ]
        }
      ]
    },
    "Planning Time": 30.058,
    "Triggers": [],
    "Execution Time": 633.306
  }
]