{
  "Plan": {
    "Node Type": "Aggregate",
    "Strategy": "Plain",
    "Partial Mode": "Finalize",
    "Parallel Aware": false,
    "Startup Cost": 758824.58,
    "Total Cost": 758824.59,
    "Plan Rows": 1,
    "Plan Width": 8,
    "Actual Startup Time": 2095.952,
    "Actual Total Time": 2118.379,
    "Actual Rows": 1,
    "Actual Loops": 1,
    "Plans": [
      {
        "Node Type": "Gather",
        "Parent Relationship": "Outer",
        "Parallel Aware": false,
        "Startup Cost": 758824.47,
        "Total Cost": 758824.58,
        "Plan Rows": 1,
        "Plan Width": 8,
        "Actual Startup Time": 2065.8,
        "Actual Total Time": 2118.369,
        "Actual Rows": 2,
        "Actual Loops": 1,
        "Workers Planned": 1,
        "Workers Launched": 1,
        "Single Copy": false,
        "Plans": [
          {
            "Node Type": "Aggregate",
            "Strategy": "Plain",
            "Partial Mode": "Partial",
            "Parent Relationship": "Outer",
            "Parallel Aware": false,
            "Startup Cost": 757824.47,
            "Total Cost": 757824.48,
            "Plan Rows": 1,
            "Plan Width": 8,
            "Actual Startup Time": 2068.38,
            "Actual Total Time": 2068.388,
            "Actual Rows": 1,
            "Actual Loops": 2,
            "Plans": [
              {
                "Node Type": "Merge Join",
                "Parent Relationship": "Outer",
                "Parallel Aware": false,
                "Join Type": "Inner",
                "Startup Cost": 725233.21,
                "Total Cost": 754832.86,
                "Plan Rows": 1196642,
                "Plan Width": 0,
                "Actual Startup Time": 1663.887,
                "Actual Total Time": 2026.066,
                "Actual Rows": 1003193,
                "Actual Loops": 2,
                "Inner Unique": false,
                "Merge Cond": "(t.id = mi.movie_id)",
                "Plans": [
                  {
                    "Node Type": "Sort",
                    "Parent Relationship": "Outer",
                    "Parallel Aware": false,
                    "Startup Cost": 284580.32,
                    "Total Cost": 288257.53,
                    "Plan Rows": 1470884,
                    "Plan Width": 8,
                    "Actual Startup Time": 953.167,
                    "Actual Total Time": 981.497,
                    "Actual Rows": 658433,
                    "Actual Loops": 2,
                    "Sort Key": [
                      "t.id"
                    ],
                    "Sort Method": "quicksort",
                    "Sort Space Used": 56281,
                    "Sort Space Type": "Memory",
                    "Workers": [
                      {
                        "Worker Number": 0,
                        "Sort Method": "quicksort",
                        "Sort Space Used": 54601,
                        "Sort Space Type": "Memory"
                      }
                    ],
                    "Plans": [
                      {
                        "Node Type": "Hash Join",
                        "Parent Relationship": "Outer",
                        "Parallel Aware": true,
                        "Join Type": "Inner",
                        "Startup Cost": 70093.03,
                        "Total Cost": 133901.11,
                        "Plan Rows": 1470884,
                        "Plan Width": 8,
                        "Actual Startup Time": 397.955,
                        "Actual Total Time": 834.203,
                        "Actual Rows": 658433,
                        "Actual Loops": 2,
                        "Inner Unique": true,
                        "Hash Cond": "(mk.movie_id = t.id)",
                        "Plans": [
                          {
                            "Node Type": "Seq Scan",
                            "Parent Relationship": "Outer",
                            "Parallel Aware": true,
                            "Relation Name": "movie_keyword",
                            "Alias": "mk",
                            "Startup Cost": 0.0,
                            "Total Cost": 57718.19,
                            "Plan Rows": 2319955,
                            "Plan Width": 4,
                            "Actual Startup Time": 0.033,
                            "Actual Total Time": 198.053,
                            "Actual Rows": 1966545,
                            "Actual Loops": 2,
                            "Filter": "(keyword_id > 429)",
                            "Rows Removed by Filter": 295420
                          },
                          {
                            "Node Type": "Hash",
                            "Parent Relationship": "Inner",
                            "Parallel Aware": true,
                            "Startup Cost": 58306.47,
                            "Total Cost": 58306.47,
                            "Plan Rows": 942925,
                            "Plan Width": 4,
                            "Actual Startup Time": 385.707,
                            "Actual Total Time": 385.708,
                            "Actual Rows": 854718,
                            "Actual Loops": 2,
                            "Hash Buckets": 2097152,
                            "Original Hash Buckets": 2097152,
                            "Hash Batches": 1,
                            "Original Hash Batches": 1,
                            "Peak Memory Usage": 83264,
                            "Plans": [
                              {
                                "Node Type": "Seq Scan",
                                "Parent Relationship": "Outer",
                                "Parallel Aware": true,
                                "Relation Name": "title",
                                "Alias": "t",
                                "Startup Cost": 0.0,
                                "Total Cost": 58306.47,
                                "Plan Rows": 942925,
                                "Plan Width": 4,
                                "Actual Startup Time": 0.026,
                                "Actual Total Time": 168.445,
                                "Actual Rows": 854718,
                                "Actual Loops": 2,
                                "Filter": "((kind_id > 1) AND (production_year > 1964))",
                                "Rows Removed by Filter": 409438
                              }
                            ]
                          }
                        ]
                      }
                    ]
                  },
                  {
                    "Node Type": "Sort",
                    "Parent Relationship": "Inner",
                    "Parallel Aware": false,
                    "Startup Cost": 440652.74,
                    "Total Cost": 445794.99,
                    "Plan Rows": 2056901,
                    "Plan Width": 4,
                    "Actual Startup Time": 710.652,
                    "Actual Total Time": 818.894,
                    "Actual Rows": 2942214,
                    "Actual Loops": 2,
                    "Sort Key": [
                      "mi.movie_id"
                    ],
                    "Sort Method": "quicksort",
                    "Sort Space Used": 147171,
                    "Sort Space Type": "Memory",
                    "Workers": [
                      {
                        "Worker Number": 0,
                        "Sort Method": "quicksort",
                        "Sort Space Used": 147171,
                        "Sort Space Type": "Memory"
                      }
                    ],
                    "Plans": [
                      {
                        "Node Type": "Bitmap Heap Scan",
                        "Parent Relationship": "Outer",
                        "Parallel Aware": false,
                        "Relation Name": "movie_info",
                        "Alias": "mi",
                        "Startup Cost": 37261.42,
                        "Total Cost": 224965.68,
                        "Plan Rows": 2056901,
                        "Plan Width": 4,
                        "Actual Startup Time": 60.719,
                        "Actual Total Time": 264.318,
                        "Actual Rows": 2091068,
                        "Actual Loops": 2,
                        "Recheck Cond": "(info_type_id < 3)",
                        "Rows Removed by Index Recheck": 0,
                        "Exact Heap Blocks": 13453,
                        "Lossy Heap Blocks": 0,
                        "Plans": [
                          {
                            "Node Type": "Bitmap Index Scan",
                            "Parent Relationship": "Outer",
                            "Parallel Aware": false,
                            "Index Name": "info_type_id_movie_info",
                            "Startup Cost": 0.0,
                            "Total Cost": 36747.19,
                            "Plan Rows": 2056901,
                            "Plan Width": 0,
                            "Actual Startup Time": 59.2,
                            "Actual Total Time": 59.2,
                            "Actual Rows": 2091068,
                            "Actual Loops": 2,
                            "Index Cond": "(info_type_id < 3)"
                          }
                        ]
                      }
                    ]
                  }
                ]
              }
            ]
          }
        ]
      }
    ]
  },
  "Planning Time": 0.656,
  "Triggers": [],
  "Execution Time": 2126.9
}