[
  {
    "Plan": {
      "Node Type": "Aggregate",
      "Strategy": "Plain",
      "Partial Mode": "Finalize",
      "Parallel Aware": false,
      "Startup Cost": 51143.08,
      "Total Cost": 51143.09,
      "Plan Rows": 1,
      "Plan Width": 8,
      "Actual Startup Time": 110.167,
      "Actual Total Time": 119.707,
      "Actual Rows": 1,
      "Actual Loops": 1,
      "Plans": [
        {
          "Node Type": "Gather",
          "Parent Relationship": "Outer",
          "Parallel Aware": false,
          "Startup Cost": 51142.65,
          "Total Cost": 51143.07,
          "Plan Rows": 4,
          "Plan Width": 8,
          "Actual Startup Time": 109.996,
          "Actual Total Time": 119.698,
          "Actual Rows": 5,
          "Actual Loops": 1,
          "Workers Planned": 4,
          "Workers Launched": 4,
          "Single Copy": false,
          "Plans": [
            {
              "Node Type": "Aggregate",
              "Strategy": "Plain",
              "Partial Mode": "Partial",
              "Parent Relationship": "Outer",
              "Parallel Aware": false,
              "Startup Cost": 50142.65,
              "Total Cost": 50142.67,
              "Plan Rows": 1,
              "Plan Width": 8,
              "Actual Startup Time": 104.608,
              "Actual Total Time": 104.609,
              "Actual Rows": 1,
              "Actual Loops": 5,
              "Plans": [
                {
                  "Node Type": "Index Scan",
                  "Parent Relationship": "Outer",
                  "Parallel Aware": true,
                  "Scan Direction": "Forward",
                  "Index Name": "role_id_cast_info",
                  "Relation Name": "cast_info",
                  "Alias": "ci",
                  "Startup Cost": 0.56,
                  "Total Cost": 49093.36,
                  "Plan Rows": 419718,
                  "Plan Width": 0,
                  "Actual Startup Time": 0.083,
                  "Actual Total Time": 85.712,
                  "Actual Rows": 340709,
                  "Actual Loops": 5,
                  "Index Cond": "(role_id = 8)",
                  "Rows Removed by Index Recheck": 0,
                  "Filter": "(person_id < 3750675)",
                  "Rows Removed by Filter": 0
                }
              ]
            }
          ]
        }
      ]
    },
    "Planning Time": 0.126,
    "Triggers": [],
    "Execution Time": 119.743
  }
]