[
  {
    "Plan": {
      "Node Type": "Aggregate",
      "Strategy": "Plain",
      "Partial Mode": "Finalize",
      "Parallel Aware": false,
      "Startup Cost": 169962.58,
      "Total Cost": 169962.59,
      "Plan Rows": 1,
      "Plan Width": 8,
      "Actual Startup Time": 584.968,
      "Actual Total Time": 610.533,
      "Actual Rows": 1,
      "Actual Loops": 1,
      "Plans": [
        {
          "Node Type": "Gather",
          "Parent Relationship": "Outer",
          "Parallel Aware": false,
          "Startup Cost": 169962.06,
          "Total Cost": 169962.57,
          "Plan Rows": 5,
          "Plan Width": 8,
          "Actual Startup Time": 575.335,
          "Actual Total Time": 610.522,
          "Actual Rows": 6,
          "Actual Loops": 1,
          "Workers Planned": 5,
          "Workers Launched": 5,
          "Single Copy": false,
          "Plans": [
            {
              "Node Type": "Aggregate",
              "Strategy": "Plain",
              "Partial Mode": "Partial",
              "Parent Relationship": "Outer",
              "Parallel Aware": false,
              "Startup Cost": 168962.06,
              "Total Cost": 168962.07,
              "Plan Rows": 1,
              "Plan Width": 8,
              "Actual Startup Time": 564.719,
              "Actual Total Time": 564.722,
              "Actual Rows": 1,
              "Actual Loops": 6,
              "Plans": [
                {
                  "Node Type": "Hash Join",
                  "Parent Relationship": "Outer",
                  "Parallel Aware": true,
                  "Join Type": "Inner",
                  "Startup Cost": 48415.23,
                  "Total Cost": 168147.71,
                  "Plan Rows": 325742,
                  "Plan Width": 0,
                  "Actual Startup Time": 172.21,
                  "Actual Total Time": 552.61,
                  "Actual Rows": 209309,
                  "Actual Loops": 6,
                  "Inner Unique": true,
                  "Hash Cond": "(ci.movie_id = t.id)",
                  "Plans": [
                    {
                      "Node Type": "Index Scan",
                      "Parent Relationship": "Outer",
                      "Parallel Aware": true,
                      "Scan Direction": "Forward",
                      "Index Name": "role_id_cast_info",
                      "Relation Name": "cast_info",
                      "Alias": "ci",
                      "Startup Cost": 0.56,
                      "Total Cost": 117431.66,
                      "Plan Rows": 876718,
                      "Plan Width": 4,
                      "Actual Startup Time": 0.162,
                      "Actual Total Time": 153.92,
                      "Actual Rows": 720503,
                      "Actual Loops": 6,
                      "Index Cond": "(role_id = 10)",
                      "Rows Removed by Index Recheck": 0
                    },
                    {
                      "Node Type": "Hash",
                      "Parent Relationship": "Inner",
                      "Parallel Aware": true,
                      "Startup Cost": 45479.1,
                      "Total Cost": 45479.1,
                      "Plan Rows": 234845,
                      "Plan Width": 4,
                      "Actual Startup Time": 167.886,
                      "Actual Total Time": 167.888,
                      "Actual Rows": 146006,
                      "Actual Loops": 6,
                      "Hash Buckets": 1048576,
                      "Original Hash Buckets": 1048576,
                      "Hash Batches": 1,
                      "Original Hash Batches": 1,
                      "Peak Memory Usage": 42592,
                      "Plans": [
                        {
                          "Node Type": "Seq Scan",
                          "Parent Relationship": "Outer",
                          "Parallel Aware": true,
                          "Relation Name": "title",
                          "Alias": "t",
                          "Startup Cost": 0.0,
                          "Total Cost": 45479.1,
                          "Plan Rows": 234845,
                          "Plan Width": 4,
                          "Actual Startup Time": 0.053,
                          "Actual Total Time": 97.676,
                          "Actual Rows": 146006,
                          "Actual Loops": 6,
                          "Filter": "((production_year < 2007) AND (kind_id = 7))",
                          "Rows Removed by Filter": 275379
                        }
                      ]
                    }
                  ]
                }
              ]
            }
          ]
        }
      ]
    },
    "Planning Time": 0.594,
    "Triggers": [],
    "Execution Time": 610.634
  }
]