[
  {
    "Plan": {
      "Node Type": "Aggregate",
      "Strategy": "Plain",
      "Partial Mode": "Finalize",
      "Parallel Aware": false,
      "Startup Cost": 33039.35,
      "Total Cost": 33039.36,
      "Plan Rows": 1,
      "Plan Width": 8,
      "Actual Startup Time": 108.296,
      "Actual Total Time": 114.319,
      "Actual Rows": 1,
      "Actual Loops": 1,
      "Plans": [
        {
          "Node Type": "Gather",
          "Parent Relationship": "Outer",
          "Parallel Aware": false,
          "Startup Cost": 33039.03,
          "Total Cost": 33039.34,
          "Plan Rows": 3,
          "Plan Width": 8,
          "Actual Startup Time": 108.169,
          "Actual Total Time": 114.309,
          "Actual Rows": 4,
          "Actual Loops": 1,
          "Workers Planned": 3,
          "Workers Launched": 3,
          "Single Copy": false,
          "Plans": [
            {
              "Node Type": "Aggregate",
              "Strategy": "Plain",
              "Partial Mode": "Partial",
              "Parent Relationship": "Outer",
              "Parallel Aware": false,
              "Startup Cost": 32039.03,
              "Total Cost": 32039.04,
              "Plan Rows": 1,
              "Plan Width": 8,
              "Actual Startup Time": 102.355,
              "Actual Total Time": 102.356,
              "Actual Rows": 1,
              "Actual Loops": 4,
              "Plans": [
                {
                  "Node Type": "Seq Scan",
                  "Parent Relationship": "Outer",
                  "Parallel Aware": true,
                  "Relation Name": "movie_companies",
                  "Alias": "mc",
                  "Startup Cost": 0.0,
                  "Total Cost": 31414.82,
                  "Plan Rows": 249686,
                  "Plan Width": 0,
                  "Actual Startup Time": 0.04,
                  "Actual Total Time": 84.614,
                  "Actual Rows": 269966,
                  "Actual Loops": 4,
                  "Filter": "((company_id < 15946) AND (company_type_id < 2))",
                  "Rows Removed by Filter": 382316
                }
              ]
            }
          ]
        }
      ]
    },
    "Planning Time": 0.25,
    "Triggers": [],
    "Execution Time": 114.371
  }
]