{
  "Plan": {
    "Node Type": "Aggregate",
    "Strategy": "Plain",
    "Partial Mode": "Simple",
    "Parallel Aware": false,
    "Startup Cost": 11178.67,
    "Total Cost": 11178.68,
    "Plan Rows": 1,
    "Plan Width": 64,
    "Actual Startup Time": 1203.486,
    "Actual Total Time": 1203.494,
    "Actual Rows": 1,
    "Actual Loops": 1,
    "Plans": [
      {
        "Node Type": "Hash Join",
        "Parent Relationship": "Outer",
        "Parallel Aware": false,
        "Join Type": "Inner",
        "Startup Cost": 7019.66,
        "Total Cost": 11178.09,
        "Plan Rows": 116,
        "Plan Width": 33,
        "Actual Startup Time": 63.459,
        "Actual Total Time": 1176.759,
        "Actual Rows": 249455,
        "Actual Loops": 1,
        "Inner Unique": true,
        "Hash Cond": "(mc.company_id = cn.id)",
        "Plans": [
          {
            "Node Type": "Nested Loop",
            "Parent Relationship": "Outer",
            "Parallel Aware": false,
            "Join Type": "Inner",
            "Startup Cost": 13.06,
            "Total Cost": 4170.66,
            "Plan Rows": 317,
            "Plan Width": 37,
            "Actual Startup Time": 13.801,
            "Actual Total Time": 1085.719,
            "Actual Rows": 317940,
            "Actual Loops": 1,
            "Inner Unique": false,
            "Join Filter": "(t.id = mc.movie_id)",
            "Rows Removed by Join Filter": 0,
            "Plans": [
              {
                "Node Type": "Nested Loop",
                "Parent Relationship": "Outer",
                "Parallel Aware": false,
                "Join Type": "Inner",
                "Startup Cost": 12.63,
                "Total Cost": 3991.64,
                "Plan Rows": 307,
                "Plan Width": 45,
                "Actual Startup Time": 12.889,
                "Actual Total Time": 839.783,
                "Actual Rows": 137156,
                "Actual Loops": 1,
                "Inner Unique": true,
                "Join Filter": "(an.person_id = n.id)",
                "Rows Removed by Join Filter": 0,
                "Plans": [
                  {
                    "Node Type": "Nested Loop",
                    "Parent Relationship": "Outer",
                    "Parallel Aware": false,
                    "Join Type": "Inner",
                    "Startup Cost": 12.2,
                    "Total Cost": 3848.03,
                    "Plan Rows": 307,
                    "Plan Width": 53,
                    "Actual Startup Time": 12.865,
                    "Actual Total Time": 548.334,
                    "Actual Rows": 137156,
                    "Actual Loops": 1,
                    "Inner Unique": false,
                    "Plans": [
                      {
                        "Node Type": "Nested Loop",
                        "Parent Relationship": "Outer",
                        "Parallel Aware": false,
                        "Join Type": "Inner",
                        "Startup Cost": 11.78,
                        "Total Cost": 3785.9,
                        "Plan Rows": 129,
                        "Plan Width": 33,
                        "Actual Startup Time": 12.814,
                        "Actual Total Time": 290.39,
                        "Actual Rows": 99159,
                        "Actual Loops": 1,
                        "Inner Unique": false,
                        "Join Filter": "(t.id = ci.movie_id)",
                        "Rows Removed by Join Filter": 0,
                        "Plans": [
                          {
                            "Node Type": "Nested Loop",
                            "Parent Relationship": "Outer",
                            "Parallel Aware": false,
                            "Join Type": "Inner",
                            "Startup Cost": 11.21,
                            "Total Cost": 3767.78,
                            "Plan Rows": 9,
                            "Plan Width": 25,
                            "Actual Startup Time": 12.787,
                            "Actual Total Time": 152.331,
                            "Actual Rows": 5385,
                            "Actual Loops": 1,
                            "Inner Unique": true,
                            "Plans": [
                              {
                                "Node Type": "Nested Loop",
                                "Parent Relationship": "Outer",
                                "Parallel Aware": false,
                                "Join Type": "Inner",
                                "Startup Cost": 10.78,
                                "Total Cost": 3751.04,
                                "Plan Rows": 34,
                                "Plan Width": 4,
                                "Actual Startup Time": 12.759,
                                "Actual Total Time": 49.633,
                                "Actual Rows": 41840,
                                "Actual Loops": 1,
                                "Inner Unique": false,
                                "Plans": [
                                  {
                                    "Node Type": "Seq Scan",
                                    "Parent Relationship": "Outer",
                                    "Parallel Aware": false,
                                    "Relation Name": "keyword",
                                    "Alias": "k",
                                    "Startup Cost": 0.0,
                                    "Total Cost": 2626.12,
                                    "Plan Rows": 1,
                                    "Plan Width": 4,
                                    "Actual Startup Time": 1.392,
                                    "Actual Total Time": 10.177,
                                    "Actual Rows": 1,
                                    "Actual Loops": 1,
                                    "Filter": "(keyword = 'character-name-in-title'::text)",
                                    "Rows Removed by Filter": 134169
                                  },
                                  {
                                    "Node Type": "Bitmap Heap Scan",
                                    "Parent Relationship": "Inner",
                                    "Parallel Aware": false,
                                    "Relation Name": "movie_keyword",
                                    "Alias": "mk",
                                    "Startup Cost": 10.78,
                                    "Total Cost": 1121.89,
                                    "Plan Rows": 303,
                                    "Plan Width": 8,
                                    "Actual Startup Time": 11.353,
                                    "Actual Total Time": 35.838,
                                    "Actual Rows": 41840,
                                    "Actual Loops": 1,
                                    "Recheck Cond": "(keyword_id = k.id)",
                                    "Rows Removed by Index Recheck": 0,
                                    "Exact Heap Blocks": 11541,
                                    "Lossy Heap Blocks": 0,
                                    "Plans": [
                                      {
                                        "Node Type": "Bitmap Index Scan",
                                        "Parent Relationship": "Outer",
                                        "Parallel Aware": false,
                                        "Index Name": "keyword_id_movie_keyword",
                                        "Startup Cost": 0.0,
                                        "Total Cost": 10.71,
                                        "Plan Rows": 303,
                                        "Plan Width": 0,
                                        "Actual Startup Time": 7.387,
                                        "Actual Total Time": 7.388,
                                        "Actual Rows": 41840,
                                        "Actual Loops": 1,
                                        "Index Cond": "(keyword_id = k.id)"
                                      }
                                    ]
                                  }
                                ]
                              },
                              {
                                "Node Type": "Index Scan",
                                "Parent Relationship": "Inner",
                                "Parallel Aware": false,
                                "Scan Direction": "Forward",
                                "Index Name": "title_pkey",
                                "Relation Name": "title",
                                "Alias": "t",
                                "Startup Cost": 0.43,
                                "Total Cost": 0.49,
                                "Plan Rows": 1,
                                "Plan Width": 21,
                                "Actual Startup Time": 0.002,
                                "Actual Total Time": 0.002,
                                "Actual Rows": 0,
                                "Actual Loops": 41840,
                                "Index Cond": "(id = mk.movie_id)",
                                "Rows Removed by Index Recheck": 0,
                                "Filter": "((episode_nr >= 5) AND (episode_nr < 100))",
                                "Rows Removed by Filter": 1
                              }
                            ]
                          },
                          {
                            "Node Type": "Index Scan",
                            "Parent Relationship": "Inner",
                            "Parallel Aware": false,
                            "Scan Direction": "Forward",
                            "Index Name": "movie_id_cast_info",
                            "Relation Name": "cast_info",
                            "Alias": "ci",
                            "Startup Cost": 0.56,
                            "Total Cost": 1.55,
                            "Plan Rows": 37,
                            "Plan Width": 8,
                            "Actual Startup Time": 0.004,
                            "Actual Total Time": 0.023,
                            "Actual Rows": 18,
                            "Actual Loops": 5385,
                            "Index Cond": "(movie_id = mk.movie_id)",
                            "Rows Removed by Index Recheck": 0
                          }
                        ]
                      },
                      {
                        "Node Type": "Index Scan",
                        "Parent Relationship": "Inner",
                        "Parallel Aware": false,
                        "Scan Direction": "Forward",
                        "Index Name": "person_id_aka_name",
                        "Relation Name": "aka_name",
                        "Alias": "an",
                        "Startup Cost": 0.42,
                        "Total Cost": 0.46,
                        "Plan Rows": 2,
                        "Plan Width": 20,
                        "Actual Startup Time": 0.002,
                        "Actual Total Time": 0.002,
                        "Actual Rows": 1,
                        "Actual Loops": 99159,
                        "Index Cond": "(person_id = ci.person_id)",
                        "Rows Removed by Index Recheck": 0
                      }
                    ]
                  },
                  {
                    "Node Type": "Index Only Scan",
                    "Parent Relationship": "Inner",
                    "Parallel Aware": false,
                    "Scan Direction": "Forward",
                    "Index Name": "name_pkey",
                    "Relation Name": "name",
                    "Alias": "n",
                    "Startup Cost": 0.43,
                    "Total Cost": 0.46,
                    "Plan Rows": 1,
                    "Plan Width": 4,
                    "Actual Startup Time": 0.002,
                    "Actual Total Time": 0.002,
                    "Actual Rows": 1,
                    "Actual Loops": 137156,
                    "Index Cond": "(id = ci.person_id)",
                    "Rows Removed by Index Recheck": 0,
                    "Heap Fetches": 137156
                  }
                ]
              },
              {
                "Node Type": "Index Scan",
                "Parent Relationship": "Inner",
                "Parallel Aware": false,
                "Scan Direction": "Forward",
                "Index Name": "movie_id_movie_companies",
                "Relation Name": "movie_companies",
                "Alias": "mc",
                "Startup Cost": 0.43,
                "Total Cost": 0.52,
                "Plan Rows": 5,
                "Plan Width": 8,
                "Actual Startup Time": 0.001,
                "Actual Total Time": 0.001,
                "Actual Rows": 2,
                "Actual Loops": 137156,
                "Index Cond": "(movie_id = ci.movie_id)",
                "Rows Removed by Index Recheck": 0
              }
            ]
          },
          {
            "Node Type": "Hash",
            "Parent Relationship": "Inner",
            "Parallel Aware": false,
            "Startup Cost": 5932.46,
            "Total Cost": 5932.46,
            "Plan Rows": 85931,
            "Plan Width": 4,
            "Actual Startup Time": 47.594,
            "Actual Total Time": 47.595,
            "Actual Rows": 84843,
            "Actual Loops": 1,
            "Hash Buckets": 131072,
            "Original Hash Buckets": 131072,
            "Hash Batches": 1,
            "Original Hash Batches": 1,
            "Peak Memory Usage": 4007,
            "Plans": [
              {
                "Node Type": "Seq Scan",
                "Parent Relationship": "Outer",
                "Parallel Aware": false,
                "Relation Name": "company_name",
                "Alias": "cn",
                "Startup Cost": 0.0,
                "Total Cost": 5932.46,
                "Plan Rows": 85931,
                "Plan Width": 4,
                "Actual Startup Time": 0.025,
                "Actual Total Time": 35.167,
                "Actual Rows": 84843,
                "Actual Loops": 1,
                "Filter": "((country_code)::text = '[us]'::text)",
                "Rows Removed by Filter": 150154
              }
            ]
          }
        ]
      }
    ]
  },
  "Planning Time": 2.848,
  "Triggers": [],
  "Execution Time": 1203.705
}