{
  "Plan": {
    "Node Type": "Aggregate",
    "Strategy": "Plain",
    "Partial Mode": "Finalize",
    "Parallel Aware": false,
    "Startup Cost": 862713.86,
    "Total Cost": 862713.87,
    "Plan Rows": 1,
    "Plan Width": 8,
    "Actual Startup Time": 7672.327,
    "Actual Total Time": 7731.877,
    "Actual Rows": 1,
    "Actual Loops": 1,
    "Plans": [
      {
        "Node Type": "Gather",
        "Parent Relationship": "Outer",
        "Parallel Aware": false,
        "Startup Cost": 862713.74,
        "Total Cost": 862713.85,
        "Plan Rows": 1,
        "Plan Width": 8,
        "Actual Startup Time": 7667.879,
        "Actual Total Time": 7731.867,
        "Actual Rows": 2,
        "Actual Loops": 1,
        "Workers Planned": 1,
        "Workers Launched": 1,
        "Single Copy": false,
        "Plans": [
          {
            "Node Type": "Aggregate",
            "Strategy": "Plain",
            "Partial Mode": "Partial",
            "Parent Relationship": "Outer",
            "Parallel Aware": false,
            "Startup Cost": 861713.74,
            "Total Cost": 861713.75,
            "Plan Rows": 1,
            "Plan Width": 8,
            "Actual Startup Time": 7657.381,
            "Actual Total Time": 7657.387,
            "Actual Rows": 1,
            "Actual Loops": 2,
            "Plans": [
              {
                "Node Type": "Hash Join",
                "Parent Relationship": "Outer",
                "Parallel Aware": true,
                "Join Type": "Inner",
                "Startup Cost": 477136.66,
                "Total Cost": 837475.43,
                "Plan Rows": 9695325,
                "Plan Width": 0,
                "Actual Startup Time": 2981.251,
                "Actual Total Time": 7017.973,
                "Actual Rows": 14628647,
                "Actual Loops": 2,
                "Inner Unique": false,
                "Hash Cond": "(mi.movie_id = t.id)",
                "Plans": [
                  {
                    "Node Type": "Seq Scan",
                    "Parent Relationship": "Outer",
                    "Parallel Aware": true,
                    "Relation Name": "movie_info",
                    "Alias": "mi",
                    "Startup Cost": 0.0,
                    "Total Cost": 248955.74,
                    "Plan Rows": 8696274,
                    "Plan Width": 4,
                    "Actual Startup Time": 0.015,
                    "Actual Total Time": 656.784,
                    "Actual Rows": 7417860,
                    "Actual Loops": 2
                  },
                  {
                    "Node Type": "Hash",
                    "Parent Relationship": "Inner",
                    "Parallel Aware": true,
                    "Startup Cost": 456410.56,
                    "Total Cost": 456410.56,
                    "Plan Rows": 1658088,
                    "Plan Width": 8,
                    "Actual Startup Time": 2960.262,
                    "Actual Total Time": 2960.267,
                    "Actual Rows": 1042741,
                    "Actual Loops": 2,
                    "Hash Buckets": 4194304,
                    "Original Hash Buckets": 4194304,
                    "Hash Batches": 1,
                    "Original Hash Batches": 1,
                    "Peak Memory Usage": 114400,
                    "Plans": [
                      {
                        "Node Type": "Hash Join",
                        "Parent Relationship": "Outer",
                        "Parallel Aware": true,
                        "Join Type": "Inner",
                        "Startup Cost": 58834.87,
                        "Total Cost": 456410.56,
                        "Plan Rows": 1658088,
                        "Plan Width": 8,
                        "Actual Startup Time": 257.847,
                        "Actual Total Time": 2587.323,
                        "Actual Rows": 1042741,
                        "Actual Loops": 2,
                        "Inner Unique": true,
                        "Hash Cond": "(ci.movie_id = t.id)",
                        "Plans": [
                          {
                            "Node Type": "Index Scan",
                            "Parent Relationship": "Outer",
                            "Parallel Aware": true,
                            "Scan Direction": "Forward",
                            "Index Name": "role_id_cast_info",
                            "Relation Name": "cast_info",
                            "Alias": "ci",
                            "Startup Cost": 0.56,
                            "Total Cost": 378519.23,
                            "Plan Rows": 7259809,
                            "Plan Width": 4,
                            "Actual Startup Time": 0.058,
                            "Actual Total Time": 890.001,
                            "Actual Rows": 6056823,
                            "Actual Loops": 2,
                            "Index Cond": "(role_id > 3)",
                            "Rows Removed by Index Recheck": 0
                          },
                          {
                            "Node Type": "Hash",
                            "Parent Relationship": "Inner",
                            "Parallel Aware": true,
                            "Startup Cost": 54588.39,
                            "Total Cost": 54588.39,
                            "Plan Rows": 339673,
                            "Plan Width": 4,
                            "Actual Startup Time": 254.669,
                            "Actual Total Time": 254.67,
                            "Actual Rows": 292510,
                            "Actual Loops": 2,
                            "Hash Buckets": 1048576,
                            "Original Hash Buckets": 1048576,
                            "Hash Batches": 1,
                            "Original Hash Batches": 1,
                            "Peak Memory Usage": 31104,
                            "Plans": [
                              {
                                "Node Type": "Seq Scan",
                                "Parent Relationship": "Outer",
                                "Parallel Aware": true,
                                "Relation Name": "title",
                                "Alias": "t",
                                "Startup Cost": 0.0,
                                "Total Cost": 54588.39,
                                "Plan Rows": 339673,
                                "Plan Width": 4,
                                "Actual Startup Time": 0.024,
                                "Actual Total Time": 160.452,
                                "Actual Rows": 292510,
                                "Actual Loops": 2,
                                "Filter": "(production_year < 1985)",
                                "Rows Removed by Filter": 971646
                              }
                            ]
                          }
                        ]
                      }
                    ]
                  }
                ]
              }
            ]
          }
        ]
      }
    ]
  },
  "Planning Time": 0.735,
  "Triggers": [],
  "Execution Time": 7731.962
}