{
  "Plan": {
    "Node Type": "Aggregate",
    "Strategy": "Plain",
    "Partial Mode": "Finalize",
    "Parallel Aware": false,
    "Startup Cost": 345361.91,
    "Total Cost": 345361.92,
    "Plan Rows": 1,
    "Plan Width": 8,
    "Actual Startup Time": 2848.273,
    "Actual Total Time": 2897.779,
    "Actual Rows": 1,
    "Actual Loops": 1,
    "Plans": [
      {
        "Node Type": "Gather",
        "Parent Relationship": "Outer",
        "Parallel Aware": false,
        "Startup Cost": 345361.8,
        "Total Cost": 345361.91,
        "Plan Rows": 1,
        "Plan Width": 8,
        "Actual Startup Time": 2845.982,
        "Actual Total Time": 2897.762,
        "Actual Rows": 2,
        "Actual Loops": 1,
        "Workers Planned": 1,
        "Workers Launched": 1,
        "Single Copy": false,
        "Plans": [
          {
            "Node Type": "Aggregate",
            "Strategy": "Plain",
            "Partial Mode": "Partial",
            "Parent Relationship": "Outer",
            "Parallel Aware": false,
            "Startup Cost": 344361.8,
            "Total Cost": 344361.81,
            "Plan Rows": 1,
            "Plan Width": 8,
            "Actual Startup Time": 2841.199,
            "Actual Total Time": 2841.206,
            "Actual Rows": 1,
            "Actual Loops": 2,
            "Plans": [
              {
                "Node Type": "Hash Join",
                "Parent Relationship": "Outer",
                "Parallel Aware": true,
                "Join Type": "Inner",
                "Startup Cost": 64884.99,
                "Total Cost": 336668.48,
                "Plan Rows": 3077326,
                "Plan Width": 0,
                "Actual Startup Time": 292.824,
                "Actual Total Time": 2666.149,
                "Actual Rows": 4408938,
                "Actual Loops": 2,
                "Inner Unique": true,
                "Hash Cond": "(mi.movie_id = t.id)",
                "Plans": [
                  {
                    "Node Type": "Seq Scan",
                    "Parent Relationship": "Outer",
                    "Parallel Aware": true,
                    "Relation Name": "movie_info",
                    "Alias": "mi",
                    "Startup Cost": 0.0,
                    "Total Cost": 248955.74,
                    "Plan Rows": 8696274,
                    "Plan Width": 4,
                    "Actual Startup Time": 0.01,
                    "Actual Total Time": 652.447,
                    "Actual Rows": 7417860,
                    "Actual Loops": 2
                  },
                  {
                    "Node Type": "Hash",
                    "Parent Relationship": "Inner",
                    "Parallel Aware": true,
                    "Startup Cost": 58306.47,
                    "Total Cost": 58306.47,
                    "Plan Rows": 526282,
                    "Plan Width": 4,
                    "Actual Startup Time": 282.466,
                    "Actual Total Time": 282.468,
                    "Actual Rows": 403528,
                    "Actual Loops": 2,
                    "Hash Buckets": 1048576,
                    "Original Hash Buckets": 1048576,
                    "Hash Batches": 1,
                    "Original Hash Batches": 1,
                    "Peak Memory Usage": 39808,
                    "Plans": [
                      {
                        "Node Type": "Seq Scan",
                        "Parent Relationship": "Outer",
                        "Parallel Aware": true,
                        "Relation Name": "title",
                        "Alias": "t",
                        "Startup Cost": 0.0,
                        "Total Cost": 58306.47,
                        "Plan Rows": 526282,
                        "Plan Width": 4,
                        "Actual Startup Time": 0.034,
                        "Actual Total Time": 162.753,
                        "Actual Rows": 403528,
                        "Actual Loops": 2,
                        "Filter": "((kind_id < 7) AND (production_year > 1952))",
                        "Rows Removed by Filter": 860628
                      }
                    ]
                  }
                ]
              }
            ]
          }
        ]
      }
    ]
  },
  "Planning Time": 0.424,
  "Triggers": [],
  "Execution Time": 2897.848
}