{
  "Plan": {
    "Node Type": "Aggregate",
    "Strategy": "Plain",
    "Partial Mode": "Finalize",
    "Parallel Aware": false,
    "Startup Cost": 425224.95,
    "Total Cost": 425224.96,
    "Plan Rows": 1,
    "Plan Width": 8,
    "Actual Startup Time": 1592.35,
    "Actual Total Time": 1614.111,
    "Actual Rows": 1,
    "Actual Loops": 1,
    "Plans": [
      {
        "Node Type": "Gather",
        "Parent Relationship": "Outer",
        "Parallel Aware": false,
        "Startup Cost": 425224.84,
        "Total Cost": 425224.95,
        "Plan Rows": 1,
        "Plan Width": 8,
        "Actual Startup Time": 1585.88,
        "Actual Total Time": 1614.101,
        "Actual Rows": 2,
        "Actual Loops": 1,
        "Workers Planned": 1,
        "Workers Launched": 1,
        "Single Copy": false,
        "Plans": [
          {
            "Node Type": "Aggregate",
            "Strategy": "Plain",
            "Partial Mode": "Partial",
            "Parent Relationship": "Outer",
            "Parallel Aware": false,
            "Startup Cost": 424224.84,
            "Total Cost": 424224.85,
            "Plan Rows": 1,
            "Plan Width": 8,
            "Actual Startup Time": 1574.307,
            "Actual Total Time": 1574.311,
            "Actual Rows": 1,
            "Actual Loops": 2,
            "Plans": [
              {
                "Node Type": "Hash Join",
                "Parent Relationship": "Outer",
                "Parallel Aware": true,
                "Join Type": "Inner",
                "Startup Cost": 138928.97,
                "Total Cost": 419599.47,
                "Plan Rows": 1850148,
                "Plan Width": 0,
                "Actual Startup Time": 684.642,
                "Actual Total Time": 1507.569,
                "Actual Rows": 1610226,
                "Actual Loops": 2,
                "Inner Unique": true,
                "Hash Cond": "(ci.movie_id = t.id)",
                "Plans": [
                  {
                    "Node Type": "Bitmap Heap Scan",
                    "Parent Relationship": "Outer",
                    "Parallel Aware": true,
                    "Relation Name": "cast_info",
                    "Alias": "ci",
                    "Startup Cost": 69468.27,
                    "Total Cost": 345282.12,
                    "Plan Rows": 1850148,
                    "Plan Width": 4,
                    "Actual Startup Time": 172.768,
                    "Actual Total Time": 338.586,
                    "Actual Rows": 1610226,
                    "Actual Loops": 2,
                    "Recheck Cond": "(person_id < 311440)",
                    "Rows Removed by Index Recheck": 0,
                    "Exact Heap Blocks": 17318,
                    "Lossy Heap Blocks": 0,
                    "Plans": [
                      {
                        "Node Type": "Bitmap Index Scan",
                        "Parent Relationship": "Outer",
                        "Parallel Aware": false,
                        "Index Name": "person_id_cast_info",
                        "Startup Cost": 0.0,
                        "Total Cost": 68681.96,
                        "Plan Rows": 3145252,
                        "Plan Width": 0,
                        "Actual Startup Time": 167.247,
                        "Actual Total Time": 167.247,
                        "Actual Rows": 3220452,
                        "Actual Loops": 1,
                        "Index Cond": "(person_id < 311440)"
                      }
                    ]
                  },
                  {
                    "Node Type": "Hash",
                    "Parent Relationship": "Inner",
                    "Parallel Aware": true,
                    "Startup Cost": 50870.31,
                    "Total Cost": 50870.31,
                    "Plan Rows": 1487231,
                    "Plan Width": 4,
                    "Actual Startup Time": 490.484,
                    "Actual Total Time": 490.484,
                    "Actual Rows": 1264156,
                    "Actual Loops": 2,
                    "Hash Buckets": 4194304,
                    "Original Hash Buckets": 4194304,
                    "Hash Batches": 1,
                    "Original Hash Batches": 1,
                    "Peak Memory Usage": 131712,
                    "Plans": [
                      {
                        "Node Type": "Seq Scan",
                        "Parent Relationship": "Outer",
                        "Parallel Aware": true,
                        "Relation Name": "title",
                        "Alias": "t",
                        "Startup Cost": 0.0,
                        "Total Cost": 50870.31,
                        "Plan Rows": 1487231,
                        "Plan Width": 4,
                        "Actual Startup Time": 0.024,
                        "Actual Total Time": 149.215,
                        "Actual Rows": 1264156,
                        "Actual Loops": 2
                      }
                    ]
                  }
                ]
              }
            ]
          }
        ]
      }
    ]
  },
  "Planning Time": 0.639,
  "Triggers": [],
  "Execution Time": 1614.199
}