{
    "Plan": {
        "Node Type": "Aggregate",
        "Strategy": "Plain",
        "Partial Mode": "Finalize",
        "Parallel Aware": false,
        "Startup Cost": 632628.99,
        "Total Cost": 632629.0,
        "Plan Rows": 1,
        "Plan Width": 8,
        "Actual Startup Time": 4380.616,
        "Actual Total Time": 4449.061,
        "Actual Rows": 1,
        "Actual Loops": 1,
        "Output": [
            "count(*)"
        ],
        "Plans": [
            {
                "Node Type": "Gather",
                "Parent Relationship": "Outer",
                "Parallel Aware": false,
                "Startup Cost": 632628.36,
                "Total Cost": 632628.97,
                "Plan Rows": 6,
                "Plan Width": 8,
                "Actual Startup Time": 4356.294,
                "Actual Total Time": 4449.047,
                "Actual Rows": 7,
                "Actual Loops": 1,
                "Output": [
                    "(PARTIAL count(*))"
                ],
                "Workers Planned": 6,
                "Workers Launched": 6,
                "Single Copy": false,
                "Plans": [
                    {
                        "Node Type": "Aggregate",
                        "Strategy": "Plain",
                        "Partial Mode": "Partial",
                        "Parent Relationship": "Outer",
                        "Parallel Aware": false,
                        "Startup Cost": 631628.36,
                        "Total Cost": 631628.37,
                        "Plan Rows": 1,
                        "Plan Width": 8,
                        "Actual Startup Time": 4334.601,
                        "Actual Total Time": 4335.068,
                        "Actual Rows": 1,
                        "Actual Loops": 7,
                        "Output": [
                            "PARTIAL count(*)"
                        ],
                        "Workers": [
                            {
                                "Worker Number": 0,
                                "Actual Startup Time": 4330.715,
                                "Actual Total Time": 4330.721,
                                "Actual Rows": 1,
                                "Actual Loops": 1
                            },
                            {
                                "Worker Number": 1,
                                "Actual Startup Time": 4329.872,
                                "Actual Total Time": 4329.877,
                                "Actual Rows": 1,
                                "Actual Loops": 1
                            },
                            {
                                "Worker Number": 2,
                                "Actual Startup Time": 4333.678,
                                "Actual Total Time": 4333.683,
                                "Actual Rows": 1,
                                "Actual Loops": 1
                            },
                            {
                                "Worker Number": 3,
                                "Actual Startup Time": 4330.937,
                                "Actual Total Time": 4330.942,
                                "Actual Rows": 1,
                                "Actual Loops": 1
                            },
                            {
                                "Worker Number": 4,
                                "Actual Startup Time": 4330.976,
                                "Actual Total Time": 4330.979,
                                "Actual Rows": 1,
                                "Actual Loops": 1
                            },
                            {
                                "Worker Number": 5,
                                "Actual Startup Time": 4330.716,
                                "Actual Total Time": 4330.721,
                                "Actual Rows": 1,
                                "Actual Loops": 1
                            }
                        ],
                        "Plans": [
                            {
                                "Node Type": "Hash Join",
                                "Parent Relationship": "Outer",
                                "Parallel Aware": true,
                                "Join Type": "Inner",
                                "Startup Cost": 260111.1,
                                "Total Cost": 611766.7,
                                "Plan Rows": 7944664,
                                "Plan Width": 0,
                                "Actual Startup Time": 1055.39,
                                "Actual Total Time": 3996.633,
                                "Actual Rows": 7236406,
                                "Actual Loops": 7,
                                "Inner Unique": false,
                                "Hash Cond": "(ci.movie_id = t.id)",
                                "Workers": [
                                    {
                                        "Worker Number": 0,
                                        "Actual Startup Time": 1051.936,
                                        "Actual Total Time": 4025.573,
                                        "Actual Rows": 7231897,
                                        "Actual Loops": 1
                                    },
                                    {
                                        "Worker Number": 1,
                                        "Actual Startup Time": 1050.891,
                                        "Actual Total Time": 4009.096,
                                        "Actual Rows": 8216556,
                                        "Actual Loops": 1
                                    },
                                    {
                                        "Worker Number": 2,
                                        "Actual Startup Time": 1051.962,
                                        "Actual Total Time": 3963.455,
                                        "Actual Rows": 5803426,
                                        "Actual Loops": 1
                                    },
                                    {
                                        "Worker Number": 3,
                                        "Actual Startup Time": 1052.226,
                                        "Actual Total Time": 3983.137,
                                        "Actual Rows": 7302416,
                                        "Actual Loops": 1
                                    },
                                    {
                                        "Worker Number": 4,
                                        "Actual Startup Time": 1052.174,
                                        "Actual Total Time": 3990.006,
                                        "Actual Rows": 7270421,
                                        "Actual Loops": 1
                                    },
                                    {
                                        "Worker Number": 5,
                                        "Actual Startup Time": 1052.006,
                                        "Actual Total Time": 3988.203,
                                        "Actual Rows": 6151831,
                                        "Actual Loops": 1
                                    }
                                ],
                                "Plans": [
                                    {
                                        "Node Type": "Seq Scan",
                                        "Parent Relationship": "Outer",
                                        "Parallel Aware": true,
                                        "Relation Name": "cast_info",
                                        "Schema": "public",
                                        "Alias": "ci",
                                        "Startup Cost": 0.0,
                                        "Total Cost": 313108.29,
                                        "Plan Rows": 6042129,
                                        "Plan Width": 4,
                                        "Actual Startup Time": 0.036,
                                        "Actual Total Time": 590.491,
                                        "Actual Rows": 5177763,
                                        "Actual Loops": 7,
                                        "Output": [
                                            "ci.id",
                                            "ci.person_id",
                                            "ci.movie_id",
                                            "ci.person_role_id",
                                            "ci.note",
                                            "ci.nr_order",
                                            "ci.role_id"
                                        ],
                                        "Workers": [
                                            {
                                                "Worker Number": 0,
                                                "Actual Startup Time": 0.041,
                                                "Actual Total Time": 594.679,
                                                "Actual Rows": 5132520,
                                                "Actual Loops": 1
                                            },
                                            {
                                                "Worker Number": 1,
                                                "Actual Startup Time": 0.036,
                                                "Actual Total Time": 591.931,
                                                "Actual Rows": 5923690,
                                                "Actual Loops": 1
                                            },
                                            {
                                                "Worker Number": 2,
                                                "Actual Startup Time": 0.036,
                                                "Actual Total Time": 628.778,
                                                "Actual Rows": 4252408,
                                                "Actual Loops": 1
                                            },
                                            {
                                                "Worker Number": 3,
                                                "Actual Startup Time": 0.046,
                                                "Actual Total Time": 617.799,
                                                "Actual Rows": 5137321,
                                                "Actual Loops": 1
                                            },
                                            {
                                                "Worker Number": 4,
                                                "Actual Startup Time": 0.041,
                                                "Actual Total Time": 615.108,
                                                "Actual Rows": 5156437,
                                                "Actual Loops": 1
                                            },
                                            {
                                                "Worker Number": 5,
                                                "Actual Startup Time": 0.039,
                                                "Actual Total Time": 614.264,
                                                "Actual Rows": 4285620,
                                                "Actual Loops": 1
                                            }
                                        ]
                                    },
                                    {
                                        "Node Type": "Hash",
                                        "Parent Relationship": "Inner",
                                        "Parallel Aware": true,
                                        "Startup Cost": 251800.01,
                                        "Total Cost": 251800.01,
                                        "Plan Rows": 664887,
                                        "Plan Width": 8,
                                        "Actual Startup Time": 1048.491,
                                        "Actual Total Time": 1048.957,
                                        "Actual Rows": 296356,
                                        "Actual Loops": 7,
                                        "Output": [
                                            "t.id",
                                            "mi.movie_id"
                                        ],
                                        "Hash Buckets": 4194304,
                                        "Original Hash Buckets": 4194304,
                                        "Hash Batches": 1,
                                        "Original Hash Batches": 1,
                                        "Peak Memory Usage": 114048,
                                        "Workers": [
                                            {
                                                "Worker Number": 0,
                                                "Actual Startup Time": 1051.18,
                                                "Actual Total Time": 1051.184,
                                                "Actual Rows": 260470,
                                                "Actual Loops": 1
                                            },
                                            {
                                                "Worker Number": 1,
                                                "Actual Startup Time": 1050.469,
                                                "Actual Total Time": 1050.471,
                                                "Actual Rows": 276739,
                                                "Actual Loops": 1
                                            },
                                            {
                                                "Worker Number": 2,
                                                "Actual Startup Time": 1051.194,
                                                "Actual Total Time": 1051.198,
                                                "Actual Rows": 280549,
                                                "Actual Loops": 1
                                            },
                                            {
                                                "Worker Number": 3,
                                                "Actual Startup Time": 1051.432,
                                                "Actual Total Time": 1051.435,
                                                "Actual Rows": 285996,
                                                "Actual Loops": 1
                                            },
                                            {
                                                "Worker Number": 4,
                                                "Actual Startup Time": 1051.491,
                                                "Actual Total Time": 1051.493,
                                                "Actual Rows": 283301,
                                                "Actual Loops": 1
                                            },
                                            {
                                                "Worker Number": 5,
                                                "Actual Startup Time": 1051.091,
                                                "Actual Total Time": 1051.095,
                                                "Actual Rows": 261056,
                                                "Actual Loops": 1
                                            }
                                        ],
                                        "Plans": [
                                            {
                                                "Node Type": "Hash Join",
                                                "Parent Relationship": "Outer",
                                                "Parallel Aware": true,
                                                "Join Type": "Inner",
                                                "Startup Cost": 48978.42,
                                                "Total Cost": 251800.01,
                                                "Plan Rows": 664887,
                                                "Plan Width": 8,
                                                "Actual Startup Time": 224.819,
                                                "Actual Total Time": 888.861,
                                                "Actual Rows": 296356,
                                                "Actual Loops": 7,
                                                "Output": [
                                                    "t.id",
                                                    "mi.movie_id"
                                                ],
                                                "Inner Unique": true,
                                                "Hash Cond": "(mi.movie_id = t.id)",
                                                "Workers": [
                                                    {
                                                        "Worker Number": 0,
                                                        "Actual Startup Time": 224.822,
                                                        "Actual Total Time": 890.543,
                                                        "Actual Rows": 260470,
                                                        "Actual Loops": 1
                                                    },
                                                    {
                                                        "Worker Number": 1,
                                                        "Actual Startup Time": 224.828,
                                                        "Actual Total Time": 889.608,
                                                        "Actual Rows": 276739,
                                                        "Actual Loops": 1
                                                    },
                                                    {
                                                        "Worker Number": 2,
                                                        "Actual Startup Time": 224.676,
                                                        "Actual Total Time": 888.73,
                                                        "Actual Rows": 280549,
                                                        "Actual Loops": 1
                                                    },
                                                    {
                                                        "Worker Number": 3,
                                                        "Actual Startup Time": 224.8,
                                                        "Actual Total Time": 888.481,
                                                        "Actual Rows": 285996,
                                                        "Actual Loops": 1
                                                    },
                                                    {
                                                        "Worker Number": 4,
                                                        "Actual Startup Time": 224.796,
                                                        "Actual Total Time": 888.577,
                                                        "Actual Rows": 283301,
                                                        "Actual Loops": 1
                                                    },
                                                    {
                                                        "Worker Number": 5,
                                                        "Actual Startup Time": 224.854,
                                                        "Actual Total Time": 890.837,
                                                        "Actual Rows": 261056,
                                                        "Actual Loops": 1
                                                    }
                                                ],
                                                "Plans": [
                                                    {
                                                        "Node Type": "Seq Scan",
                                                        "Parent Relationship": "Outer",
                                                        "Parallel Aware": true,
                                                        "Relation Name": "movie_info",
                                                        "Schema": "public",
                                                        "Alias": "mi",
                                                        "Startup Cost": 0.0,
                                                        "Total Cost": 198880.74,
                                                        "Plan Rows": 1501273,
                                                        "Plan Width": 4,
                                                        "Actual Startup Time": 18.959,
                                                        "Actual Total Time": 371.49,
                                                        "Actual Rows": 1078408,
                                                        "Actual Loops": 7,
                                                        "Output": [
                                                            "mi.id",
                                                            "mi.movie_id",
                                                            "mi.info_type_id",
                                                            "mi.info",
                                                            "mi.note"
                                                        ],
                                                        "Filter": "(mi.info_type_id > 7)",
                                                        "Rows Removed by Filter": 1040981,
                                                        "Workers": [
                                                            {
                                                                "Worker Number": 0,
                                                                "Actual Startup Time": 18.896,
                                                                "Actual Total Time": 380.96,
                                                                "Actual Rows": 909375,
                                                                "Actual Loops": 1
                                                            },
                                                            {
                                                                "Worker Number": 1,
                                                                "Actual Startup Time": 18.904,
                                                                "Actual Total Time": 370.647,
                                                                "Actual Rows": 1102327,
                                                                "Actual Loops": 1
                                                            },
                                                            {
                                                                "Worker Number": 2,
                                                                "Actual Startup Time": 18.938,
                                                                "Actual Total Time": 383.285,
                                                                "Actual Rows": 967499,
                                                                "Actual Loops": 1
                                                            },
                                                            {
                                                                "Worker Number": 3,
                                                                "Actual Startup Time": 19.069,
                                                                "Actual Total Time": 383.12,
                                                                "Actual Rows": 987171,
                                                                "Actual Loops": 1
                                                            },
                                                            {
                                                                "Worker Number": 4,
                                                                "Actual Startup Time": 19.07,
                                                                "Actual Total Time": 382.979,
                                                                "Actual Rows": 983302,
                                                                "Actual Loops": 1
                                                            },
                                                            {
                                                                "Worker Number": 5,
                                                                "Actual Startup Time": 18.91,
                                                                "Actual Total Time": 381.471,
                                                                "Actual Rows": 903824,
                                                                "Actual Loops": 1
                                                            }
                                                        ]
                                                    },
                                                    {
                                                        "Node Type": "Hash",
                                                        "Parent Relationship": "Inner",
                                                        "Parallel Aware": true,
                                                        "Startup Cost": 45479.21,
                                                        "Total Cost": 45479.21,
                                                        "Plan Rows": 279937,
                                                        "Plan Width": 4,
                                                        "Actual Startup Time": 203.897,
                                                        "Actual Total Time": 203.898,
                                                        "Actual Rows": 174953,
                                                        "Actual Loops": 7,
                                                        "Output": [
                                                            "t.id"
                                                        ],
                                                        "Hash Buckets": 2097152,
                                                        "Original Hash Buckets": 2097152,
                                                        "Hash Batches": 1,
                                                        "Original Hash Batches": 1,
                                                        "Peak Memory Usage": 64384,
                                                        "Workers": [
                                                            {
                                                                "Worker Number": 0,
                                                                "Actual Startup Time": 205.649,
                                                                "Actual Total Time": 205.651,
                                                                "Actual Rows": 161484,
                                                                "Actual Loops": 1
                                                            },
                                                            {
                                                                "Worker Number": 1,
                                                                "Actual Startup Time": 205.602,
                                                                "Actual Total Time": 205.603,
                                                                "Actual Rows": 106298,
                                                                "Actual Loops": 1
                                                            },
                                                            {
                                                                "Worker Number": 2,
                                                                "Actual Startup Time": 205.478,
                                                                "Actual Total Time": 205.479,
                                                                "Actual Rows": 178214,
                                                                "Actual Loops": 1
                                                            },
                                                            {
                                                                "Worker Number": 3,
                                                                "Actual Startup Time": 205.589,
                                                                "Actual Total Time": 205.59,
                                                                "Actual Rows": 163669,
                                                                "Actual Loops": 1
                                                            },
                                                            {
                                                                "Worker Number": 4,
                                                                "Actual Startup Time": 205.594,
                                                                "Actual Total Time": 205.595,
                                                                "Actual Rows": 162069,
                                                                "Actual Loops": 1
                                                            },
                                                            {
                                                                "Worker Number": 5,
                                                                "Actual Startup Time": 205.512,
                                                                "Actual Total Time": 205.513,
                                                                "Actual Rows": 109541,
                                                                "Actual Loops": 1
                                                            }
                                                        ],
                                                        "Plans": [
                                                            {
                                                                "Node Type": "Seq Scan",
                                                                "Parent Relationship": "Outer",
                                                                "Parallel Aware": true,
                                                                "Relation Name": "title",
                                                                "Schema": "public",
                                                                "Alias": "t",
                                                                "Startup Cost": 0.0,
                                                                "Total Cost": 45479.21,
                                                                "Plan Rows": 279937,
                                                                "Plan Width": 4,
                                                                "Actual Startup Time": 0.08,
                                                                "Actual Total Time": 99.798,
                                                                "Actual Rows": 174953,
                                                                "Actual Loops": 7,
                                                                "Output": [
                                                                    "t.id"
                                                                ],
                                                                "Filter": "((t.production_year > 1985) AND (t.kind_id = 7))",
                                                                "Rows Removed by Filter": 186234,
                                                                "Workers": [
                                                                    {
                                                                        "Worker Number": 0,
                                                                        "Actual Startup Time": 0.095,
                                                                        "Actual Total Time": 99.166,
                                                                        "Actual Rows": 161484,
                                                                        "Actual Loops": 1
                                                                    },
                                                                    {
                                                                        "Worker Number": 1,
                                                                        "Actual Startup Time": 0.098,
                                                                        "Actual Total Time": 104.218,
                                                                        "Actual Rows": 106298,
                                                                        "Actual Loops": 1
                                                                    },
                                                                    {
                                                                        "Worker Number": 2,
                                                                        "Actual Startup Time": 0.075,
                                                                        "Actual Total Time": 102.742,
                                                                        "Actual Rows": 178214,
                                                                        "Actual Loops": 1
                                                                    },
                                                                    {
                                                                        "Worker Number": 3,
                                                                        "Actual Startup Time": 0.088,
                                                                        "Actual Total Time": 101.373,
                                                                        "Actual Rows": 163669,
                                                                        "Actual Loops": 1
                                                                    },
                                                                    {
                                                                        "Worker Number": 4,
                                                                        "Actual Startup Time": 0.082,
                                                                        "Actual Total Time": 98.679,
                                                                        "Actual Rows": 162069,
                                                                        "Actual Loops": 1
                                                                    },
                                                                    {
                                                                        "Worker Number": 5,
                                                                        "Actual Startup Time": 0.104,
                                                                        "Actual Total Time": 104.501,
                                                                        "Actual Rows": 109541,
                                                                        "Actual Loops": 1
                                                                    }
                                                                ]
                                                            }
                                                        ]
                                                    }
                                                ]
                                            }
                                        ]
                                    }
                                ]
                            }
                        ]
                    }
                ]
            }
        ]
    },
    "Planning Time": 1.547,
    "Triggers": [],
    "Execution Time": 4449.161
}