{
  "Plan": {
    "Node Type": "Aggregate",
    "Strategy": "Plain",
    "Partial Mode": "Finalize",
    "Parallel Aware": false,
    "Startup Cost": 97770.17,
    "Total Cost": 97770.18,
    "Plan Rows": 1,
    "Plan Width": 8,
    "Actual Startup Time": 406.028,
    "Actual Total Time": 424.094,
    "Actual Rows": 1,
    "Actual Loops": 1,
    "Plans": [
      {
        "Node Type": "Gather",
        "Parent Relationship": "Outer",
        "Parallel Aware": false,
        "Startup Cost": 97770.05,
        "Total Cost": 97770.16,
        "Plan Rows": 1,
        "Plan Width": 8,
        "Actual Startup Time": 405.672,
        "Actual Total Time": 424.086,
        "Actual Rows": 2,
        "Actual Loops": 1,
        "Workers Planned": 1,
        "Workers Launched": 1,
        "Single Copy": false,
        "Plans": [
          {
            "Node Type": "Aggregate",
            "Strategy": "Plain",
            "Partial Mode": "Partial",
            "Parent Relationship": "Outer",
            "Parallel Aware": false,
            "Startup Cost": 96770.05,
            "Total Cost": 96770.06,
            "Plan Rows": 1,
            "Plan Width": 8,
            "Actual Startup Time": 399.952,
            "Actual Total Time": 399.956,
            "Actual Rows": 1,
            "Actual Loops": 2,
            "Plans": [
              {
                "Node Type": "Hash Join",
                "Parent Relationship": "Outer",
                "Parallel Aware": true,
                "Join Type": "Inner",
                "Startup Cost": 58552.62,
                "Total Cost": 96719.25,
                "Plan Rows": 20322,
                "Plan Width": 0,
                "Actual Startup Time": 156.749,
                "Actual Total Time": 398.32,
                "Actual Rows": 29561,
                "Actual Loops": 2,
                "Inner Unique": true,
                "Hash Cond": "(mc.movie_id = t.id)",
                "Plans": [
                  {
                    "Node Type": "Seq Scan",
                    "Parent Relationship": "Outer",
                    "Parallel Aware": true,
                    "Relation Name": "movie_companies",
                    "Alias": "mc",
                    "Startup Cost": 0.0,
                    "Total Cost": 34137.82,
                    "Plan Rows": 1534782,
                    "Plan Width": 4,
                    "Actual Startup Time": 0.014,
                    "Actual Total Time": 110.847,
                    "Actual Rows": 1304564,
                    "Actual Loops": 2
                  },
                  {
                    "Node Type": "Hash",
                    "Parent Relationship": "Inner",
                    "Parallel Aware": true,
                    "Startup Cost": 58306.47,
                    "Total Cost": 58306.47,
                    "Plan Rows": 19692,
                    "Plan Width": 4,
                    "Actual Startup Time": 155.168,
                    "Actual Total Time": 155.168,
                    "Actual Rows": 14056,
                    "Actual Loops": 2,
                    "Hash Buckets": 65536,
                    "Original Hash Buckets": 65536,
                    "Hash Batches": 1,
                    "Original Hash Batches": 1,
                    "Peak Memory Usage": 1632,
                    "Plans": [
                      {
                        "Node Type": "Seq Scan",
                        "Parent Relationship": "Outer",
                        "Parallel Aware": true,
                        "Relation Name": "title",
                        "Alias": "t",
                        "Startup Cost": 0.0,
                        "Total Cost": 58306.47,
                        "Plan Rows": 19692,
                        "Plan Width": 4,
                        "Actual Startup Time": 0.085,
                        "Actual Total Time": 150.315,
                        "Actual Rows": 14056,
                        "Actual Loops": 2,
                        "Filter": "((kind_id < 7) AND (production_year = 2004))",
                        "Rows Removed by Filter": 1250100
                      }
                    ]
                  }
                ]
              }
            ]
          }
        ]
      }
    ]
  },
  "Planning Time": 0.439,
  "Triggers": [],
  "Execution Time": 424.17
}