{
  "Plan": {
    "Node Type": "Aggregate",
    "Strategy": "Plain",
    "Partial Mode": "Finalize",
    "Parallel Aware": false,
    "Startup Cost": 399310.89,
    "Total Cost": 399310.9,
    "Plan Rows": 1,
    "Plan Width": 8,
    "Actual Startup Time": 2829.563,
    "Actual Total Time": 2881.33,
    "Actual Rows": 1,
    "Actual Loops": 1,
    "Plans": [
      {
        "Node Type": "Gather",
        "Parent Relationship": "Outer",
        "Parallel Aware": false,
        "Startup Cost": 399310.78,
        "Total Cost": 399310.89,
        "Plan Rows": 1,
        "Plan Width": 8,
        "Actual Startup Time": 2827.442,
        "Actual Total Time": 2881.323,
        "Actual Rows": 2,
        "Actual Loops": 1,
        "Workers Planned": 1,
        "Workers Launched": 1,
        "Single Copy": false,
        "Plans": [
          {
            "Node Type": "Aggregate",
            "Strategy": "Plain",
            "Partial Mode": "Partial",
            "Parent Relationship": "Outer",
            "Parallel Aware": false,
            "Startup Cost": 398310.78,
            "Total Cost": 398310.79,
            "Plan Rows": 1,
            "Plan Width": 8,
            "Actual Startup Time": 2821.039,
            "Actual Total Time": 2821.044,
            "Actual Rows": 1,
            "Actual Loops": 2,
            "Plans": [
              {
                "Node Type": "Hash Join",
                "Parent Relationship": "Outer",
                "Parallel Aware": true,
                "Join Type": "Inner",
                "Startup Cost": 85496.69,
                "Total Cost": 395340.92,
                "Plan Rows": 1187944,
                "Plan Width": 0,
                "Actual Startup Time": 596.852,
                "Actual Total Time": 2690.318,
                "Actual Rows": 3031778,
                "Actual Loops": 2,
                "Inner Unique": false,
                "Hash Cond": "(mi.movie_id = t.id)",
                "Plans": [
                  {
                    "Node Type": "Seq Scan",
                    "Parent Relationship": "Outer",
                    "Parallel Aware": true,
                    "Relation Name": "movie_info",
                    "Alias": "mi",
                    "Startup Cost": 0.0,
                    "Total Cost": 270696.42,
                    "Plan Rows": 8575975,
                    "Plan Width": 4,
                    "Actual Startup Time": 0.012,
                    "Actual Total Time": 829.512,
                    "Actual Rows": 7318983,
                    "Actual Loops": 2,
                    "Filter": "(info_type_id < 107)",
                    "Rows Removed by Filter": 98877
                  },
                  {
                    "Node Type": "Hash",
                    "Parent Relationship": "Inner",
                    "Parallel Aware": true,
                    "Startup Cost": 82921.56,
                    "Total Cost": 82921.56,
                    "Plan Rows": 206011,
                    "Plan Width": 8,
                    "Actual Startup Time": 589.543,
                    "Actual Total Time": 589.547,
                    "Actual Rows": 198021,
                    "Actual Loops": 2,
                    "Hash Buckets": 524288,
                    "Original Hash Buckets": 524288,
                    "Hash Batches": 1,
                    "Original Hash Batches": 1,
                    "Peak Memory Usage": 19616,
                    "Plans": [
                      {
                        "Node Type": "Hash Join",
                        "Parent Relationship": "Outer",
                        "Parallel Aware": true,
                        "Join Type": "Inner",
                        "Startup Cost": 21471.87,
                        "Total Cost": 82921.56,
                        "Plan Rows": 206011,
                        "Plan Width": 8,
                        "Actual Startup Time": 128.605,
                        "Actual Total Time": 534.313,
                        "Actual Rows": 198021,
                        "Actual Loops": 2,
                        "Inner Unique": false,
                        "Hash Cond": "(t.id = mi_idx.movie_id)",
                        "Plans": [
                          {
                            "Node Type": "Seq Scan",
                            "Parent Relationship": "Outer",
                            "Parallel Aware": true,
                            "Relation Name": "title",
                            "Alias": "t",
                            "Startup Cost": 0.0,
                            "Total Cost": 54588.39,
                            "Plan Rows": 1129894,
                            "Plan Width": 4,
                            "Actual Startup Time": 0.01,
                            "Actual Total Time": 166.9,
                            "Actual Rows": 961424,
                            "Actual Loops": 2,
                            "Filter": "(production_year < 2010)",
                            "Rows Removed by Filter": 302732
                          },
                          {
                            "Node Type": "Hash",
                            "Parent Relationship": "Inner",
                            "Parallel Aware": true,
                            "Startup Cost": 18082.32,
                            "Total Cost": 18082.32,
                            "Plan Rows": 271164,
                            "Plan Width": 4,
                            "Actual Startup Time": 124.673,
                            "Actual Total Time": 124.674,
                            "Actual Rows": 230092,
                            "Actual Loops": 2,
                            "Hash Buckets": 524288,
                            "Original Hash Buckets": 524288,
                            "Hash Batches": 1,
                            "Original Hash Batches": 1,
                            "Peak Memory Usage": 22144,
                            "Plans": [
                              {
                                "Node Type": "Seq Scan",
                                "Parent Relationship": "Outer",
                                "Parallel Aware": true,
                                "Relation Name": "movie_info_idx",
                                "Alias": "mi_idx",
                                "Startup Cost": 0.0,
                                "Total Cost": 18082.32,
                                "Plan Rows": 271164,
                                "Plan Width": 4,
                                "Actual Startup Time": 0.062,
                                "Actual Total Time": 69.565,
                                "Actual Rows": 230092,
                                "Actual Loops": 2,
                                "Filter": "(info_type_id > 100)",
                                "Rows Removed by Filter": 459925
                              }
                            ]
                          }
                        ]
                      }
                    ]
                  }
                ]
              }
            ]
          }
        ]
      }
    ]
  },
  "Planning Time": 0.916,
  "Triggers": [],
  "Execution Time": 2881.421
}