[
  {
    "Plan": {
      "Node Type": "Aggregate",
      "Strategy": "Plain",
      "Partial Mode": "Finalize",
      "Parallel Aware": false,
      "Startup Cost": 33455.16,
      "Total Cost": 33455.17,
      "Plan Rows": 1,
      "Plan Width": 8,
      "Actual Startup Time": 83.679,
      "Actual Total Time": 89.405,
      "Actual Rows": 1,
      "Actual Loops": 1,
      "Plans": [
        {
          "Node Type": "Gather",
          "Parent Relationship": "Outer",
          "Parallel Aware": false,
          "Startup Cost": 33454.85,
          "Total Cost": 33455.16,
          "Plan Rows": 3,
          "Plan Width": 8,
          "Actual Startup Time": 83.585,
          "Actual Total Time": 89.398,
          "Actual Rows": 4,
          "Actual Loops": 1,
          "Workers Planned": 3,
          "Workers Launched": 3,
          "Single Copy": false,
          "Plans": [
            {
              "Node Type": "Aggregate",
              "Strategy": "Plain",
              "Partial Mode": "Partial",
              "Parent Relationship": "Outer",
              "Parallel Aware": false,
              "Startup Cost": 32454.85,
              "Total Cost": 32454.86,
              "Plan Rows": 1,
              "Plan Width": 8,
              "Actual Startup Time": 80.797,
              "Actual Total Time": 80.798,
              "Actual Rows": 1,
              "Actual Loops": 4,
              "Plans": [
                {
                  "Node Type": "Seq Scan",
                  "Parent Relationship": "Outer",
                  "Parallel Aware": true,
                  "Relation Name": "movie_companies",
                  "Alias": "mc",
                  "Startup Cost": 0.0,
                  "Total Cost": 31414.82,
                  "Plan Rows": 416011,
                  "Plan Width": 0,
                  "Actual Startup Time": 32.344,
                  "Actual Total Time": 68.155,
                  "Actual Rows": 312392,
                  "Actual Loops": 4,
                  "Filter": "((company_id < 166643) AND (company_type_id > 1))",
                  "Rows Removed by Filter": 339890
                }
              ]
            }
          ]
        }
      ]
    },
    "Planning Time": 0.093,
    "Triggers": [],
    "Execution Time": 89.431
  }
]