[
  {
    "Plan": {
      "Node Type": "Aggregate",
      "Strategy": "Plain",
      "Partial Mode": "Finalize",
      "Parallel Aware": false,
      "Startup Cost": 81371.65,
      "Total Cost": 81371.66,
      "Plan Rows": 1,
      "Plan Width": 8,
      "Actual Startup Time": 429.805,
      "Actual Total Time": 446.493,
      "Actual Rows": 1,
      "Actual Loops": 1,
      "Plans": [
        {
          "Node Type": "Gather",
          "Parent Relationship": "Outer",
          "Parallel Aware": false,
          "Startup Cost": 81371.34,
          "Total Cost": 81371.65,
          "Plan Rows": 3,
          "Plan Width": 8,
          "Actual Startup Time": 420.069,
          "Actual Total Time": 446.485,
          "Actual Rows": 4,
          "Actual Loops": 1,
          "Workers Planned": 3,
          "Workers Launched": 3,
          "Single Copy": false,
          "Plans": [
            {
              "Node Type": "Aggregate",
              "Strategy": "Plain",
              "Partial Mode": "Partial",
              "Parent Relationship": "Outer",
              "Parallel Aware": false,
              "Startup Cost": 80371.34,
              "Total Cost": 80371.35,
              "Plan Rows": 1,
              "Plan Width": 8,
              "Actual Startup Time": 408.876,
              "Actual Total Time": 408.879,
              "Actual Rows": 1,
              "Actual Loops": 4,
              "Plans": [
                {
                  "Node Type": "Hash Join",
                  "Parent Relationship": "Outer",
                  "Parallel Aware": true,
                  "Join Type": "Inner",
                  "Startup Cost": 54713.62,
                  "Total Cost": 80200.6,
                  "Plan Rows": 68296,
                  "Plan Width": 0,
                  "Actual Startup Time": 342.942,
                  "Actual Total Time": 406.346,
                  "Actual Rows": 52146,
                  "Actual Loops": 4,
                  "Inner Unique": true,
                  "Hash Cond": "(mk.movie_id = t.id)",
                  "Plans": [
                    {
                      "Node Type": "Bitmap Heap Scan",
                      "Parent Relationship": "Outer",
                      "Parallel Aware": true,
                      "Relation Name": "movie_keyword",
                      "Alias": "mk",
                      "Startup Cost": 4493.24,
                      "Total Cost": 29800.94,
                      "Plan Rows": 68296,
                      "Plan Width": 4,
                      "Actual Startup Time": 13.865,
                      "Actual Total Time": 50.991,
                      "Actual Rows": 52146,
                      "Actual Loops": 4,
                      "Recheck Cond": "(keyword_id < 140)",
                      "Rows Removed by Index Recheck": 0,
                      "Exact Heap Blocks": 8461,
                      "Lossy Heap Blocks": 0,
                      "Plans": [
                        {
                          "Node Type": "Bitmap Index Scan",
                          "Parent Relationship": "Outer",
                          "Parallel Aware": false,
                          "Index Name": "keyword_id_movie_keyword",
                          "Startup Cost": 0.0,
                          "Total Cost": 4440.31,
                          "Plan Rows": 211717,
                          "Plan Width": 0,
                          "Actual Startup Time": 10.444,
                          "Actual Total Time": 10.445,
                          "Actual Rows": 208584,
                          "Actual Loops": 1,
                          "Index Cond": "(keyword_id < 140)"
                        }
                      ]
                    },
                    {
                      "Node Type": "Hash",
                      "Parent Relationship": "Inner",
                      "Parallel Aware": true,
                      "Startup Cost": 42319.06,
                      "Total Cost": 42319.06,
                      "Plan Rows": 632106,
                      "Plan Width": 4,
                      "Actual Startup Time": 321.575,
                      "Actual Total Time": 321.576,
                      "Actual Rows": 632078,
                      "Actual Loops": 4,
                      "Hash Buckets": 4194304,
                      "Original Hash Buckets": 4194304,
                      "Hash Batches": 1,
                      "Original Hash Batches": 1,
                      "Peak Memory Usage": 131744,
                      "Plans": [
                        {
                          "Node Type": "Seq Scan",
                          "Parent Relationship": "Outer",
                          "Parallel Aware": true,
                          "Relation Name": "title",
                          "Alias": "t",
                          "Startup Cost": 0.0,
                          "Total Cost": 42319.06,
                          "Plan Rows": 632106,
                          "Plan Width": 4,
                          "Actual Startup Time": 0.038,
                          "Actual Total Time": 95.282,
                          "Actual Rows": 632078,
                          "Actual Loops": 4
                        }
                      ]
                    }
                  ]
                }
              ]
            }
          ]
        }
      ]
    },
    "Planning Time": 0.214,
    "Triggers": [],
    "Execution Time": 446.532
  }
]