{
  "Plan": {
    "Node Type": "Aggregate",
    "Strategy": "Plain",
    "Partial Mode": "Finalize",
    "Parallel Aware": false,
    "Startup Cost": 666126.36,
    "Total Cost": 666126.37,
    "Plan Rows": 1,
    "Plan Width": 8,
    "Actual Startup Time": 3977.612,
    "Actual Total Time": 4050.916,
    "Actual Rows": 1,
    "Actual Loops": 1,
    "Plans": [
      {
        "Node Type": "Gather",
        "Parent Relationship": "Outer",
        "Parallel Aware": false,
        "Startup Cost": 666126.25,
        "Total Cost": 666126.36,
        "Plan Rows": 1,
        "Plan Width": 8,
        "Actual Startup Time": 3976.256,
        "Actual Total Time": 4050.908,
        "Actual Rows": 2,
        "Actual Loops": 1,
        "Workers Planned": 1,
        "Workers Launched": 1,
        "Single Copy": false,
        "Plans": [
          {
            "Node Type": "Aggregate",
            "Strategy": "Plain",
            "Partial Mode": "Partial",
            "Parent Relationship": "Outer",
            "Parallel Aware": false,
            "Startup Cost": 665126.25,
            "Total Cost": 665126.26,
            "Plan Rows": 1,
            "Plan Width": 8,
            "Actual Startup Time": 3970.124,
            "Actual Total Time": 3970.13,
            "Actual Rows": 1,
            "Actual Loops": 2,
            "Plans": [
              {
                "Node Type": "Hash Join",
                "Parent Relationship": "Outer",
                "Parallel Aware": true,
                "Join Type": "Inner",
                "Startup Cost": 585448.37,
                "Total Cost": 664116.07,
                "Plan Rows": 404072,
                "Plan Width": 0,
                "Actual Startup Time": 3374.291,
                "Actual Total Time": 3864.438,
                "Actual Rows": 2664565,
                "Actual Loops": 2,
                "Inner Unique": false,
                "Hash Cond": "(mk.movie_id = t.id)",
                "Plans": [
                  {
                    "Node Type": "Seq Scan",
                    "Parent Relationship": "Outer",
                    "Parallel Aware": true,
                    "Relation Name": "movie_keyword",
                    "Alias": "mk",
                    "Startup Cost": 0.0,
                    "Total Cost": 57718.19,
                    "Plan Rows": 1485809,
                    "Plan Width": 4,
                    "Actual Startup Time": 0.017,
                    "Actual Total Time": 180.742,
                    "Actual Rows": 1264940,
                    "Actual Loops": 2,
                    "Filter": "(keyword_id < 6284)",
                    "Rows Removed by Filter": 997024
                  },
                  {
                    "Node Type": "Hash",
                    "Parent Relationship": "Inner",
                    "Parallel Aware": true,
                    "Startup Cost": 580392.65,
                    "Total Cost": 580392.65,
                    "Plan Rows": 404458,
                    "Plan Width": 8,
                    "Actual Startup Time": 3364.865,
                    "Actual Total Time": 3364.869,
                    "Actual Rows": 314684,
                    "Actual Loops": 2,
                    "Hash Buckets": 1048576,
                    "Original Hash Buckets": 1048576,
                    "Hash Batches": 1,
                    "Original Hash Batches": 1,
                    "Peak Memory Usage": 32864,
                    "Plans": [
                      {
                        "Node Type": "Hash Join",
                        "Parent Relationship": "Outer",
                        "Parallel Aware": true,
                        "Join Type": "Inner",
                        "Startup Cost": 58659.29,
                        "Total Cost": 580392.65,
                        "Plan Rows": 404458,
                        "Plan Width": 8,
                        "Actual Startup Time": 140.213,
                        "Actual Total Time": 3265.246,
                        "Actual Rows": 314684,
                        "Actual Loops": 2,
                        "Inner Unique": true,
                        "Hash Cond": "(ci.movie_id = t.id)",
                        "Plans": [
                          {
                            "Node Type": "Seq Scan",
                            "Parent Relationship": "Outer",
                            "Parallel Aware": true,
                            "Relation Name": "cast_info",
                            "Alias": "ci",
                            "Startup Cost": 0.0,
                            "Total Cost": 465792.95,
                            "Plan Rows": 21310595,
                            "Plan Width": 4,
                            "Actual Startup Time": 0.014,
                            "Actual Total Time": 1328.054,
                            "Actual Rows": 18122172,
                            "Actual Loops": 2
                          },
                          {
                            "Node Type": "Hash",
                            "Parent Relationship": "Inner",
                            "Parallel Aware": true,
                            "Startup Cost": 58306.47,
                            "Total Cost": 58306.47,
                            "Plan Rows": 28226,
                            "Plan Width": 4,
                            "Actual Startup Time": 139.861,
                            "Actual Total Time": 139.862,
                            "Actual Rows": 19376,
                            "Actual Loops": 2,
                            "Hash Buckets": 65536,
                            "Original Hash Buckets": 65536,
                            "Hash Batches": 1,
                            "Original Hash Batches": 1,
                            "Peak Memory Usage": 2048,
                            "Plans": [
                              {
                                "Node Type": "Seq Scan",
                                "Parent Relationship": "Outer",
                                "Parallel Aware": true,
                                "Relation Name": "title",
                                "Alias": "t",
                                "Startup Cost": 0.0,
                                "Total Cost": 58306.47,
                                "Plan Rows": 28226,
                                "Plan Width": 4,
                                "Actual Startup Time": 0.155,
                                "Actual Total Time": 134.305,
                                "Actual Rows": 19376,
                                "Actual Loops": 2,
                                "Filter": "((kind_id < 7) AND (production_year = 2008))",
                                "Rows Removed by Filter": 1244780
                              }
                            ]
                          }
                        ]
                      }
                    ]
                  }
                ]
              }
            ]
          }
        ]
      }
    ]
  },
  "Planning Time": 1.006,
  "Triggers": [],
  "Execution Time": 4051.014
}