{
  "Plan": {
    "Node Type": "Aggregate",
    "Strategy": "Plain",
    "Partial Mode": "Finalize",
    "Parallel Aware": false,
    "Startup Cost": 432726.31,
    "Total Cost": 432726.32,
    "Plan Rows": 1,
    "Plan Width": 8,
    "Actual Startup Time": 2012.174,
    "Actual Total Time": 2068.129,
    "Actual Rows": 1,
    "Actual Loops": 1,
    "Plans": [
      {
        "Node Type": "Gather",
        "Parent Relationship": "Outer",
        "Parallel Aware": false,
        "Startup Cost": 432726.2,
        "Total Cost": 432726.31,
        "Plan Rows": 1,
        "Plan Width": 8,
        "Actual Startup Time": 2009.783,
        "Actual Total Time": 2068.119,
        "Actual Rows": 2,
        "Actual Loops": 1,
        "Workers Planned": 1,
        "Workers Launched": 1,
        "Single Copy": false,
        "Plans": [
          {
            "Node Type": "Aggregate",
            "Strategy": "Plain",
            "Partial Mode": "Partial",
            "Parent Relationship": "Outer",
            "Parallel Aware": false,
            "Startup Cost": 431726.2,
            "Total Cost": 431726.21,
            "Plan Rows": 1,
            "Plan Width": 8,
            "Actual Startup Time": 2004.023,
            "Actual Total Time": 2004.63,
            "Actual Rows": 1,
            "Actual Loops": 2,
            "Plans": [
              {
                "Node Type": "Hash Join",
                "Parent Relationship": "Outer",
                "Parallel Aware": true,
                "Join Type": "Inner",
                "Startup Cost": 130098.92,
                "Total Cost": 425743.24,
                "Plan Rows": 2393183,
                "Plan Width": 0,
                "Actual Startup Time": 565.313,
                "Actual Total Time": 1966.575,
                "Actual Rows": 949570,
                "Actual Loops": 2,
                "Inner Unique": false,
                "Hash Cond": "(mi.movie_id = t.id)",
                "Plans": [
                  {
                    "Node Type": "Seq Scan",
                    "Parent Relationship": "Outer",
                    "Parallel Aware": true,
                    "Relation Name": "movie_info",
                    "Alias": "mi",
                    "Startup Cost": 0.0,
                    "Total Cost": 248955.74,
                    "Plan Rows": 8696274,
                    "Plan Width": 4,
                    "Actual Startup Time": 0.017,
                    "Actual Total Time": 641.367,
                    "Actual Rows": 7417860,
                    "Actual Loops": 2
                  },
                  {
                    "Node Type": "Hash",
                    "Parent Relationship": "Inner",
                    "Parallel Aware": true,
                    "Startup Cost": 124982.9,
                    "Total Cost": 124982.9,
                    "Plan Rows": 409281,
                    "Plan Width": 8,
                    "Actual Startup Time": 555.173,
                    "Actual Total Time": 555.778,
                    "Actual Rows": 85743,
                    "Actual Loops": 2,
                    "Hash Buckets": 1048576,
                    "Original Hash Buckets": 1048576,
                    "Hash Batches": 1,
                    "Original Hash Batches": 1,
                    "Peak Memory Usage": 14944,
                    "Plans": [
                      {
                        "Node Type": "Hash Join",
                        "Parent Relationship": "Outer",
                        "Parallel Aware": true,
                        "Join Type": "Inner",
                        "Startup Cost": 63085.06,
                        "Total Cost": 124982.9,
                        "Plan Rows": 409281,
                        "Plan Width": 8,
                        "Actual Startup Time": 228.131,
                        "Actual Total Time": 535.339,
                        "Actual Rows": 85743,
                        "Actual Loops": 2,
                        "Inner Unique": true,
                        "Hash Cond": "(mk.movie_id = t.id)",
                        "Plans": [
                          {
                            "Node Type": "Seq Scan",
                            "Parent Relationship": "Outer",
                            "Parallel Aware": true,
                            "Relation Name": "movie_keyword",
                            "Alias": "mk",
                            "Startup Cost": 0.0,
                            "Total Cost": 57718.19,
                            "Plan Rows": 1592246,
                            "Plan Width": 4,
                            "Actual Startup Time": 0.275,
                            "Actual Total Time": 185.447,
                            "Actual Rows": 1347630,
                            "Actual Loops": 2,
                            "Filter": "(keyword_id > 3007)",
                            "Rows Removed by Filter": 914334
                          },
                          {
                            "Node Type": "Hash",
                            "Parent Relationship": "Inner",
                            "Parallel Aware": true,
                            "Startup Cost": 58306.47,
                            "Total Cost": 58306.47,
                            "Plan Rows": 382287,
                            "Plan Width": 4,
                            "Actual Startup Time": 222.435,
                            "Actual Total Time": 222.436,
                            "Actual Rows": 278398,
                            "Actual Loops": 2,
                            "Hash Buckets": 1048576,
                            "Original Hash Buckets": 1048576,
                            "Hash Batches": 1,
                            "Original Hash Batches": 1,
                            "Peak Memory Usage": 29984,
                            "Plans": [
                              {
                                "Node Type": "Seq Scan",
                                "Parent Relationship": "Outer",
                                "Parallel Aware": true,
                                "Relation Name": "title",
                                "Alias": "t",
                                "Startup Cost": 0.0,
                                "Total Cost": 58306.47,
                                "Plan Rows": 382287,
                                "Plan Width": 4,
                                "Actual Startup Time": 0.034,
                                "Actual Total Time": 150.101,
                                "Actual Rows": 278398,
                                "Actual Loops": 2,
                                "Filter": "((production_year < 2001) AND (kind_id = 7))",
                                "Rows Removed by Filter": 985758
                              }
                            ]
                          }
                        ]
                      }
                    ]
                  }
                ]
              }
            ]
          }
        ]
      }
    ]
  },
  "Planning Time": 0.942,
  "Triggers": [],
  "Execution Time": 2068.225
}