{
  "Plan": {
    "Node Type": "Aggregate",
    "Strategy": "Plain",
    "Partial Mode": "Finalize",
    "Parallel Aware": false,
    "Startup Cost": 94399.43,
    "Total Cost": 94399.44,
    "Plan Rows": 1,
    "Plan Width": 8,
    "Actual Startup Time": 319.42,
    "Actual Total Time": 335.292,
    "Actual Rows": 1,
    "Actual Loops": 1,
    "Plans": [
      {
        "Node Type": "Gather",
        "Parent Relationship": "Outer",
        "Parallel Aware": false,
        "Startup Cost": 94399.32,
        "Total Cost": 94399.43,
        "Plan Rows": 1,
        "Plan Width": 8,
        "Actual Startup Time": 318.986,
        "Actual Total Time": 335.284,
        "Actual Rows": 2,
        "Actual Loops": 1,
        "Workers Planned": 1,
        "Workers Launched": 1,
        "Single Copy": false,
        "Plans": [
          {
            "Node Type": "Aggregate",
            "Strategy": "Plain",
            "Partial Mode": "Partial",
            "Parent Relationship": "Outer",
            "Parallel Aware": false,
            "Startup Cost": 93399.32,
            "Total Cost": 93399.33,
            "Plan Rows": 1,
            "Plan Width": 8,
            "Actual Startup Time": 313.179,
            "Actual Total Time": 313.183,
            "Actual Rows": 1,
            "Actual Loops": 2,
            "Plans": [
              {
                "Node Type": "Hash Join",
                "Parent Relationship": "Outer",
                "Parallel Aware": true,
                "Join Type": "Inner",
                "Startup Cost": 68877.96,
                "Total Cost": 93380.15,
                "Plan Rows": 7666,
                "Plan Width": 0,
                "Actual Startup Time": 214.355,
                "Actual Total Time": 312.754,
                "Actual Rows": 5790,
                "Actual Loops": 2,
                "Inner Unique": true,
                "Hash Cond": "(mc.movie_id = t.id)",
                "Plans": [
                  {
                    "Node Type": "Bitmap Heap Scan",
                    "Parent Relationship": "Outer",
                    "Parallel Aware": true,
                    "Relation Name": "movie_companies",
                    "Alias": "mc",
                    "Startup Cost": 13912.18,
                    "Total Cost": 37423.0,
                    "Plan Rows": 377666,
                    "Plan Width": 4,
                    "Actual Startup Time": 50.451,
                    "Actual Total Time": 104.349,
                    "Actual Rows": 327384,
                    "Actual Loops": 2,
                    "Recheck Cond": "(company_id > 53687)",
                    "Rows Removed by Index Recheck": 0,
                    "Exact Heap Blocks": 8121,
                    "Lossy Heap Blocks": 0,
                    "Plans": [
                      {
                        "Node Type": "Bitmap Index Scan",
                        "Parent Relationship": "Outer",
                        "Parallel Aware": false,
                        "Index Name": "company_id_movie_companies",
                        "Startup Cost": 0.0,
                        "Total Cost": 13751.67,
                        "Plan Rows": 642032,
                        "Plan Width": 0,
                        "Actual Startup Time": 48.819,
                        "Actual Total Time": 48.819,
                        "Actual Rows": 654767,
                        "Actual Loops": 1,
                        "Index Cond": "(company_id > 53687)"
                      }
                    ]
                  },
                  {
                    "Node Type": "Hash",
                    "Parent Relationship": "Inner",
                    "Parallel Aware": true,
                    "Startup Cost": 54588.39,
                    "Total Cost": 54588.39,
                    "Plan Rows": 30191,
                    "Plan Width": 4,
                    "Actual Startup Time": 161.828,
                    "Actual Total Time": 161.829,
                    "Actual Rows": 26506,
                    "Actual Loops": 2,
                    "Hash Buckets": 65536,
                    "Original Hash Buckets": 65536,
                    "Hash Batches": 1,
                    "Original Hash Batches": 1,
                    "Peak Memory Usage": 2624,
                    "Plans": [
                      {
                        "Node Type": "Seq Scan",
                        "Parent Relationship": "Outer",
                        "Parallel Aware": true,
                        "Relation Name": "title",
                        "Alias": "t",
                        "Startup Cost": 0.0,
                        "Total Cost": 54588.39,
                        "Plan Rows": 30191,
                        "Plan Width": 4,
                        "Actual Startup Time": 0.043,
                        "Actual Total Time": 152.674,
                        "Actual Rows": 26506,
                        "Actual Loops": 2,
                        "Filter": "(production_year = 2000)",
                        "Rows Removed by Filter": 1237650
                      }
                    ]
                  }
                ]
              }
            ]
          }
        ]
      }
    ]
  },
  "Planning Time": 0.431,
  "Triggers": [],
  "Execution Time": 335.384
}