{
  "Plan": {
    "Node Type": "Aggregate",
    "Strategy": "Plain",
    "Partial Mode": "Finalize",
    "Parallel Aware": false,
    "Startup Cost": 127367.53,
    "Total Cost": 127367.54,
    "Plan Rows": 1,
    "Plan Width": 8,
    "Actual Startup Time": 607.329,
    "Actual Total Time": 650.567,
    "Actual Rows": 1,
    "Actual Loops": 1,
    "Plans": [
      {
        "Node Type": "Gather",
        "Parent Relationship": "Outer",
        "Parallel Aware": false,
        "Startup Cost": 127367.42,
        "Total Cost": 127367.53,
        "Plan Rows": 1,
        "Plan Width": 8,
        "Actual Startup Time": 607.049,
        "Actual Total Time": 650.558,
        "Actual Rows": 2,
        "Actual Loops": 1,
        "Workers Planned": 1,
        "Workers Launched": 1,
        "Single Copy": false,
        "Plans": [
          {
            "Node Type": "Aggregate",
            "Strategy": "Plain",
            "Partial Mode": "Partial",
            "Parent Relationship": "Outer",
            "Parallel Aware": false,
            "Startup Cost": 126367.42,
            "Total Cost": 126367.43,
            "Plan Rows": 1,
            "Plan Width": 8,
            "Actual Startup Time": 601.117,
            "Actual Total Time": 601.121,
            "Actual Rows": 1,
            "Actual Loops": 2,
            "Plans": [
              {
                "Node Type": "Nested Loop",
                "Parent Relationship": "Outer",
                "Parallel Aware": false,
                "Join Type": "Inner",
                "Startup Cost": 54787.12,
                "Total Cost": 126128.11,
                "Plan Rows": 95724,
                "Plan Width": 0,
                "Actual Startup Time": 137.971,
                "Actual Total Time": 582.556,
                "Actual Rows": 396744,
                "Actual Loops": 2,
                "Inner Unique": false,
                "Join Filter": "(t.id = mi.movie_id)",
                "Rows Removed by Join Filter": 0,
                "Plans": [
                  {
                    "Node Type": "Hash Join",
                    "Parent Relationship": "Outer",
                    "Parallel Aware": true,
                    "Join Type": "Inner",
                    "Startup Cost": 54786.69,
                    "Total Cost": 92953.32,
                    "Plan Rows": 16371,
                    "Plan Width": 8,
                    "Actual Startup Time": 137.9,
                    "Actual Total Time": 356.358,
                    "Actual Rows": 12500,
                    "Actual Loops": 2,
                    "Inner Unique": true,
                    "Hash Cond": "(mc.movie_id = t.id)",
                    "Plans": [
                      {
                        "Node Type": "Seq Scan",
                        "Parent Relationship": "Outer",
                        "Parallel Aware": true,
                        "Relation Name": "movie_companies",
                        "Alias": "mc",
                        "Startup Cost": 0.0,
                        "Total Cost": 34137.82,
                        "Plan Rows": 1534782,
                        "Plan Width": 4,
                        "Actual Startup Time": 0.014,
                        "Actual Total Time": 96.875,
                        "Actual Rows": 1304564,
                        "Actual Loops": 2
                      },
                      {
                        "Node Type": "Hash",
                        "Parent Relationship": "Inner",
                        "Parallel Aware": true,
                        "Startup Cost": 54588.39,
                        "Total Cost": 54588.39,
                        "Plan Rows": 15864,
                        "Plan Width": 4,
                        "Actual Startup Time": 136.612,
                        "Actual Total Time": 136.613,
                        "Actual Rows": 12458,
                        "Actual Loops": 2,
                        "Hash Buckets": 32768,
                        "Original Hash Buckets": 32768,
                        "Hash Batches": 1,
                        "Original Hash Batches": 1,
                        "Peak Memory Usage": 1248,
                        "Plans": [
                          {
                            "Node Type": "Seq Scan",
                            "Parent Relationship": "Outer",
                            "Parallel Aware": true,
                            "Relation Name": "title",
                            "Alias": "t",
                            "Startup Cost": 0.0,
                            "Total Cost": 54588.39,
                            "Plan Rows": 15864,
                            "Plan Width": 4,
                            "Actual Startup Time": 0.039,
                            "Actual Total Time": 132.304,
                            "Actual Rows": 12458,
                            "Actual Loops": 2,
                            "Filter": "(production_year = 1992)",
                            "Rows Removed by Filter": 1251698
                          }
                        ]
                      }
                    ]
                  },
                  {
                    "Node Type": "Index Only Scan",
                    "Parent Relationship": "Inner",
                    "Parallel Aware": false,
                    "Scan Direction": "Forward",
                    "Index Name": "movie_id_movie_info",
                    "Relation Name": "movie_info",
                    "Alias": "mi",
                    "Startup Cost": 0.43,
                    "Total Cost": 1.5,
                    "Plan Rows": 42,
                    "Plan Width": 4,
                    "Actual Startup Time": 0.005,
                    "Actual Total Time": 0.015,
                    "Actual Rows": 32,
                    "Actual Loops": 25001,
                    "Index Cond": "(movie_id = mc.movie_id)",
                    "Rows Removed by Index Recheck": 0,
                    "Heap Fetches": 793488
                  }
                ]
              }
            ]
          }
        ]
      }
    ]
  },
  "Planning Time": 0.899,
  "Triggers": [],
  "Execution Time": 650.654
}