[
  {
    "Plan": {
      "Node Type": "Aggregate",
      "Strategy": "Plain",
      "Partial Mode": "Finalize",
      "Parallel Aware": false,
      "Startup Cost": 200204.87,
      "Total Cost": 200204.88,
      "Plan Rows": 1,
      "Plan Width": 8,
      "Actual Startup Time": 224.052,
      "Actual Total Time": 238.356,
      "Actual Rows": 1,
      "Actual Loops": 1,
      "Plans": [
        {
          "Node Type": "Gather",
          "Parent Relationship": "Outer",
          "Parallel Aware": false,
          "Startup Cost": 200204.25,
          "Total Cost": 200204.86,
          "Plan Rows": 6,
          "Plan Width": 8,
          "Actual Startup Time": 223.967,
          "Actual Total Time": 238.347,
          "Actual Rows": 7,
          "Actual Loops": 1,
          "Workers Planned": 6,
          "Workers Launched": 6,
          "Single Copy": false,
          "Plans": [
            {
              "Node Type": "Aggregate",
              "Strategy": "Plain",
              "Partial Mode": "Partial",
              "Parent Relationship": "Outer",
              "Parallel Aware": false,
              "Startup Cost": 199204.25,
              "Total Cost": 199204.26,
              "Plan Rows": 1,
              "Plan Width": 8,
              "Actual Startup Time": 213.605,
              "Actual Total Time": 213.606,
              "Actual Rows": 1,
              "Actual Loops": 7,
              "Plans": [
                {
                  "Node Type": "Index Scan",
                  "Parent Relationship": "Outer",
                  "Parallel Aware": true,
                  "Scan Direction": "Forward",
                  "Index Name": "role_id_cast_info",
                  "Relation Name": "cast_info",
                  "Alias": "ci",
                  "Startup Cost": 0.56,
                  "Total Cost": 197877.72,
                  "Plan Rows": 530609,
                  "Plan Width": 0,
                  "Actual Startup Time": 10.398,
                  "Actual Total Time": 213.562,
                  "Actual Rows": 393,
                  "Actual Loops": 7,
                  "Index Cond": "(role_id = 2)",
                  "Rows Removed by Index Recheck": 0,
                  "Filter": "(person_id < 1541665)",
                  "Rows Removed by Filter": 1064175
                }
              ]
            }
          ]
        }
      ]
    },
    "Planning Time": 0.205,
    "Triggers": [],
    "Execution Time": 238.424
  }
]