[
  {
    "Plan": {
      "Node Type": "Aggregate",
      "Strategy": "Plain",
      "Partial Mode": "Finalize",
      "Parallel Aware": false,
      "Startup Cost": 34569.33,
      "Total Cost": 34569.34,
      "Plan Rows": 1,
      "Plan Width": 8,
      "Actual Startup Time": 70.576,
      "Actual Total Time": 81.703,
      "Actual Rows": 1,
      "Actual Loops": 1,
      "Plans": [
        {
          "Node Type": "Gather",
          "Parent Relationship": "Outer",
          "Parallel Aware": false,
          "Startup Cost": 34569.12,
          "Total Cost": 34569.33,
          "Plan Rows": 2,
          "Plan Width": 8,
          "Actual Startup Time": 70.368,
          "Actual Total Time": 81.697,
          "Actual Rows": 3,
          "Actual Loops": 1,
          "Workers Planned": 2,
          "Workers Launched": 2,
          "Single Copy": false,
          "Plans": [
            {
              "Node Type": "Aggregate",
              "Strategy": "Plain",
              "Partial Mode": "Partial",
              "Parent Relationship": "Outer",
              "Parallel Aware": false,
              "Startup Cost": 33569.12,
              "Total Cost": 33569.13,
              "Plan Rows": 1,
              "Plan Width": 8,
              "Actual Startup Time": 62.859,
              "Actual Total Time": 62.861,
              "Actual Rows": 1,
              "Actual Loops": 3,
              "Plans": [
                {
                  "Node Type": "Nested Loop",
                  "Parent Relationship": "Outer",
                  "Parallel Aware": false,
                  "Join Type": "Inner",
                  "Startup Cost": 132.04,
                  "Total Cost": 33562.63,
                  "Plan Rows": 2594,
                  "Plan Width": 0,
                  "Actual Startup Time": 2.989,
                  "Actual Total Time": 61.585,
                  "Actual Rows": 17290,
                  "Actual Loops": 3,
                  "Inner Unique": false,
                  "Plans": [
                    {
                      "Node Type": "Nested Loop",
                      "Parent Relationship": "Outer",
                      "Parallel Aware": false,
                      "Join Type": "Inner",
                      "Startup Cost": 131.61,
                      "Total Cost": 32023.95,
                      "Plan Rows": 2513,
                      "Plan Width": 8,
                      "Actual Startup Time": 2.744,
                      "Actual Total Time": 32.615,
                      "Actual Rows": 2564,
                      "Actual Loops": 3,
                      "Inner Unique": true,
                      "Plans": [
                        {
                          "Node Type": "Bitmap Heap Scan",
                          "Parent Relationship": "Outer",
                          "Parallel Aware": true,
                          "Relation Name": "movie_keyword",
                          "Alias": "mk",
                          "Startup Cost": 131.18,
                          "Total Cost": 14093.28,
                          "Plan Rows": 2513,
                          "Plan Width": 4,
                          "Actual Startup Time": 2.55,
                          "Actual Total Time": 11.74,
                          "Actual Rows": 2564,
                          "Actual Loops": 3,
                          "Recheck Cond": "(keyword_id = 186)",
                          "Rows Removed by Index Recheck": 0,
                          "Exact Heap Blocks": 3547,
                          "Lossy Heap Blocks": 0,
                          "Plans": [
                            {
                              "Node Type": "Bitmap Index Scan",
                              "Parent Relationship": "Outer",
                              "Parallel Aware": false,
                              "Index Name": "keyword_id_movie_keyword",
                              "Startup Cost": 0.0,
                              "Total Cost": 129.67,
                              "Plan Rows": 6032,
                              "Plan Width": 0,
                              "Actual Startup Time": 4.583,
                              "Actual Total Time": 4.584,
                              "Actual Rows": 7692,
                              "Actual Loops": 1,
                              "Index Cond": "(keyword_id = 186)"
                            }
                          ]
                        },
                        {
                          "Node Type": "Index Only Scan",
                          "Parent Relationship": "Inner",
                          "Parallel Aware": false,
                          "Scan Direction": "Forward",
                          "Index Name": "title_pkey",
                          "Relation Name": "title",
                          "Alias": "t",
                          "Startup Cost": 0.43,
                          "Total Cost": 7.14,
                          "Plan Rows": 1,
                          "Plan Width": 4,
                          "Actual Startup Time": 0.008,
                          "Actual Total Time": 0.008,
                          "Actual Rows": 1,
                          "Actual Loops": 7692,
                          "Index Cond": "(id = mk.movie_id)",
                          "Rows Removed by Index Recheck": 0,
                          "Heap Fetches": 7692
                        }
                      ]
                    },
                    {
                      "Node Type": "Index Only Scan",
                      "Parent Relationship": "Inner",
                      "Parallel Aware": false,
                      "Scan Direction": "Forward",
                      "Index Name": "movie_id_movie_companies",
                      "Relation Name": "movie_companies",
                      "Alias": "mc",
                      "Startup Cost": 0.43,
                      "Total Cost": 0.56,
                      "Plan Rows": 5,
                      "Plan Width": 4,
                      "Actual Startup Time": 0.007,
                      "Actual Total Time": 0.01,
                      "Actual Rows": 7,
                      "Actual Loops": 7692,
                      "Index Cond": "(movie_id = t.id)",
                      "Rows Removed by Index Recheck": 0,
                      "Heap Fetches": 51871
                    }
                  ]
                }
              ]
            }
          ]
        }
      ]
    },
    "Planning Time": 1.297,
    "Triggers": [],
    "Execution Time": 81.789
  }
]