{
  "Plan": {
    "Node Type": "Aggregate",
    "Strategy": "Plain",
    "Partial Mode": "Finalize",
    "Parallel Aware": false,
    "Startup Cost": 762980.7,
    "Total Cost": 762980.71,
    "Plan Rows": 1,
    "Plan Width": 8,
    "Actual Startup Time": 10379.467,
    "Actual Total Time": 10479.88,
    "Actual Rows": 1,
    "Actual Loops": 1,
    "Plans": [
      {
        "Node Type": "Gather",
        "Parent Relationship": "Outer",
        "Parallel Aware": false,
        "Startup Cost": 762980.59,
        "Total Cost": 762980.7,
        "Plan Rows": 1,
        "Plan Width": 8,
        "Actual Startup Time": 10358.147,
        "Actual Total Time": 10479.87,
        "Actual Rows": 2,
        "Actual Loops": 1,
        "Workers Planned": 1,
        "Workers Launched": 1,
        "Single Copy": false,
        "Plans": [
          {
            "Node Type": "Aggregate",
            "Strategy": "Plain",
            "Partial Mode": "Partial",
            "Parent Relationship": "Outer",
            "Parallel Aware": false,
            "Startup Cost": 761980.59,
            "Total Cost": 761980.6,
            "Plan Rows": 1,
            "Plan Width": 8,
            "Actual Startup Time": 10342.727,
            "Actual Total Time": 10351.426,
            "Actual Rows": 1,
            "Actual Loops": 2,
            "Plans": [
              {
                "Node Type": "Hash Join",
                "Parent Relationship": "Outer",
                "Parallel Aware": true,
                "Join Type": "Inner",
                "Startup Cost": 645442.86,
                "Total Cost": 747414.19,
                "Plan Rows": 5826561,
                "Plan Width": 0,
                "Actual Startup Time": 6210.5,
                "Actual Total Time": 9006.718,
                "Actual Rows": 32577786,
                "Actual Loops": 2,
                "Inner Unique": false,
                "Hash Cond": "(mk.movie_id = t.id)",
                "Plans": [
                  {
                    "Node Type": "Seq Scan",
                    "Parent Relationship": "Outer",
                    "Parallel Aware": true,
                    "Relation Name": "movie_keyword",
                    "Alias": "mk",
                    "Startup Cost": 0.0,
                    "Total Cost": 51065.35,
                    "Plan Rows": 2661135,
                    "Plan Width": 4,
                    "Actual Startup Time": 0.016,
                    "Actual Total Time": 157.137,
                    "Actual Rows": 2261965,
                    "Actual Loops": 2
                  },
                  {
                    "Node Type": "Hash",
                    "Parent Relationship": "Inner",
                    "Parallel Aware": true,
                    "Startup Cost": 604739.17,
                    "Total Cost": 604739.17,
                    "Plan Rows": 3256295,
                    "Plan Width": 8,
                    "Actual Startup Time": 6178.7,
                    "Actual Total Time": 6187.396,
                    "Actual Rows": 5202766,
                    "Actual Loops": 2,
                    "Hash Buckets": 16777216,
                    "Original Hash Buckets": 8388608,
                    "Hash Batches": 1,
                    "Original Hash Batches": 1,
                    "Peak Memory Usage": 603712,
                    "Plans": [
                      {
                        "Node Type": "Hash Join",
                        "Parent Relationship": "Outer",
                        "Parallel Aware": true,
                        "Join Type": "Inner",
                        "Startup Cost": 69461.26,
                        "Total Cost": 604739.17,
                        "Plan Rows": 3256295,
                        "Plan Width": 8,
                        "Actual Startup Time": 509.251,
                        "Actual Total Time": 4245.76,
                        "Actual Rows": 5202766,
                        "Actual Loops": 2,
                        "Inner Unique": true,
                        "Hash Cond": "(ci.movie_id = t.id)",
                        "Plans": [
                          {
                            "Node Type": "Index Scan",
                            "Parent Relationship": "Outer",
                            "Parallel Aware": true,
                            "Scan Direction": "Forward",
                            "Index Name": "role_id_cast_info",
                            "Relation Name": "cast_info",
                            "Alias": "ci",
                            "Startup Cost": 0.56,
                            "Total Cost": 526730.69,
                            "Plan Rows": 3256295,
                            "Plan Width": 4,
                            "Actual Startup Time": 0.058,
                            "Actual Total Time": 1295.119,
                            "Actual Rows": 5202766,
                            "Actual Loops": 2,
                            "Index Cond": "(role_id > 2)",
                            "Rows Removed by Index Recheck": 0,
                            "Filter": "(person_id > 2465888)",
                            "Rows Removed by Filter": 2858076
                          },
                          {
                            "Node Type": "Hash",
                            "Parent Relationship": "Inner",
                            "Parallel Aware": true,
                            "Startup Cost": 50870.31,
                            "Total Cost": 50870.31,
                            "Plan Rows": 1487231,
                            "Plan Width": 4,
                            "Actual Startup Time": 498.252,
                            "Actual Total Time": 498.253,
                            "Actual Rows": 1264156,
                            "Actual Loops": 2,
                            "Hash Buckets": 4194304,
                            "Original Hash Buckets": 4194304,
                            "Hash Batches": 1,
                            "Original Hash Batches": 1,
                            "Peak Memory Usage": 131712,
                            "Plans": [
                              {
                                "Node Type": "Seq Scan",
                                "Parent Relationship": "Outer",
                                "Parallel Aware": true,
                                "Relation Name": "title",
                                "Alias": "t",
                                "Startup Cost": 0.0,
                                "Total Cost": 50870.31,
                                "Plan Rows": 1487231,
                                "Plan Width": 4,
                                "Actual Startup Time": 0.03,
                                "Actual Total Time": 146.56,
                                "Actual Rows": 1264156,
                                "Actual Loops": 2
                              }
                            ]
                          }
                        ]
                      }
                    ]
                  }
                ]
              }
            ]
          }
        ]
      }
    ]
  },
  "Planning Time": 1.02,
  "Triggers": [],
  "Execution Time": 10479.973
}