[
  {
    "Plan": {
      "Node Type": "Aggregate",
      "Strategy": "Plain",
      "Partial Mode": "Finalize",
      "Parallel Aware": false,
      "Startup Cost": 338669.23,
      "Total Cost": 338669.24,
      "Plan Rows": 1,
      "Plan Width": 8,
      "Actual Startup Time": 325.477,
      "Actual Total Time": 338.137,
      "Actual Rows": 1,
      "Actual Loops": 1,
      "Plans": [
        {
          "Node Type": "Gather",
          "Parent Relationship": "Outer",
          "Parallel Aware": false,
          "Startup Cost": 338668.61,
          "Total Cost": 338669.22,
          "Plan Rows": 6,
          "Plan Width": 8,
          "Actual Startup Time": 324.724,
          "Actual Total Time": 338.128,
          "Actual Rows": 7,
          "Actual Loops": 1,
          "Workers Planned": 6,
          "Workers Launched": 6,
          "Single Copy": false,
          "Plans": [
            {
              "Node Type": "Aggregate",
              "Strategy": "Plain",
              "Partial Mode": "Partial",
              "Parent Relationship": "Outer",
              "Parallel Aware": false,
              "Startup Cost": 337668.61,
              "Total Cost": 337668.62,
              "Plan Rows": 1,
              "Plan Width": 8,
              "Actual Startup Time": 314.767,
              "Actual Total Time": 314.769,
              "Actual Rows": 1,
              "Actual Loops": 7,
              "Plans": [
                {
                  "Node Type": "Bitmap Heap Scan",
                  "Parent Relationship": "Outer",
                  "Parallel Aware": true,
                  "Relation Name": "cast_info",
                  "Alias": "ci",
                  "Startup Cost": 75469.11,
                  "Total Cost": 336731.55,
                  "Plan Rows": 374823,
                  "Plan Width": 0,
                  "Actual Startup Time": 152.172,
                  "Actual Total Time": 292.304,
                  "Actual Rows": 468759,
                  "Actual Loops": 7,
                  "Recheck Cond": "(person_id > 3457681)",
                  "Rows Removed by Index Recheck": 0,
                  "Filter": "(role_id > 1)",
                  "Rows Removed by Filter": 0,
                  "Exact Heap Blocks": 11657,
                  "Lossy Heap Blocks": 0,
                  "Plans": [
                    {
                      "Node Type": "Bitmap Index Scan",
                      "Parent Relationship": "Outer",
                      "Parallel Aware": false,
                      "Index Name": "person_id_cast_info",
                      "Startup Cost": 0.0,
                      "Total Cost": 74906.88,
                      "Plan Rows": 3430175,
                      "Plan Width": 0,
                      "Actual Startup Time": 153.239,
                      "Actual Total Time": 153.239,
                      "Actual Rows": 3281316,
                      "Actual Loops": 1,
                      "Index Cond": "(person_id > 3457681)"
                    }
                  ]
                }
              ]
            }
          ]
        }
      ]
    },
    "Planning Time": 0.23,
    "Triggers": [],
    "Execution Time": 338.225
  }
]