[
  {
    "Plan": {
      "Node Type": "Aggregate",
      "Strategy": "Plain",
      "Partial Mode": "Finalize",
      "Parallel Aware": false,
      "Startup Cost": 281198.35,
      "Total Cost": 281198.36,
      "Plan Rows": 1,
      "Plan Width": 8,
      "Actual Startup Time": 801.693,
      "Actual Total Time": 826.651,
      "Actual Rows": 1,
      "Actual Loops": 1,
      "Plans": [
        {
          "Node Type": "Gather",
          "Parent Relationship": "Outer",
          "Parallel Aware": false,
          "Startup Cost": 281197.82,
          "Total Cost": 281198.33,
          "Plan Rows": 5,
          "Plan Width": 8,
          "Actual Startup Time": 786.549,
          "Actual Total Time": 826.641,
          "Actual Rows": 6,
          "Actual Loops": 1,
          "Workers Planned": 5,
          "Workers Launched": 5,
          "Single Copy": false,
          "Plans": [
            {
              "Node Type": "Aggregate",
              "Strategy": "Plain",
              "Partial Mode": "Partial",
              "Parent Relationship": "Outer",
              "Parallel Aware": false,
              "Startup Cost": 280197.82,
              "Total Cost": 280197.83,
              "Plan Rows": 1,
              "Plan Width": 8,
              "Actual Startup Time": 775.191,
              "Actual Total Time": 775.279,
              "Actual Rows": 1,
              "Actual Loops": 6,
              "Plans": [
                {
                  "Node Type": "Hash Join",
                  "Parent Relationship": "Outer",
                  "Parallel Aware": true,
                  "Join Type": "Inner",
                  "Startup Cost": 113852.77,
                  "Total Cost": 280061.9,
                  "Plan Rows": 54370,
                  "Plan Width": 0,
                  "Actual Startup Time": 560.203,
                  "Actual Total Time": 736.533,
                  "Actual Rows": 831669,
                  "Actual Loops": 6,
                  "Inner Unique": false,
                  "Hash Cond": "(mi.movie_id = t.id)",
                  "Plans": [
                    {
                      "Node Type": "Bitmap Heap Scan",
                      "Parent Relationship": "Outer",
                      "Parallel Aware": true,
                      "Relation Name": "movie_info",
                      "Alias": "mi",
                      "Startup Cost": 22524.06,
                      "Total Cost": 187625.32,
                      "Plan Rows": 248661,
                      "Plan Width": 4,
                      "Actual Startup Time": 87.048,
                      "Actual Total Time": 152.378,
                      "Actual Rows": 200785,
                      "Actual Loops": 6,
                      "Recheck Cond": "(info_type_id > 18)",
                      "Rows Removed by Index Recheck": 0,
                      "Exact Heap Blocks": 7257,
                      "Lossy Heap Blocks": 0,
                      "Plans": [
                        {
                          "Node Type": "Bitmap Index Scan",
                          "Parent Relationship": "Outer",
                          "Parallel Aware": false,
                          "Index Name": "info_type_id_movie_info",
                          "Startup Cost": 0.0,
                          "Total Cost": 22213.23,
                          "Plan Rows": 1243306,
                          "Plan Width": 0,
                          "Actual Startup Time": 77.914,
                          "Actual Total Time": 77.914,
                          "Actual Rows": 1204709,
                          "Actual Loops": 1,
                          "Index Cond": "(info_type_id > 18)"
                        }
                      ]
                    },
                    {
                      "Node Type": "Hash",
                      "Parent Relationship": "Inner",
                      "Parallel Aware": true,
                      "Startup Cost": 89099.61,
                      "Total Cost": 89099.61,
                      "Plan Rows": 178328,
                      "Plan Width": 8,
                      "Actual Startup Time": 469.285,
                      "Actual Total Time": 469.371,
                      "Actual Rows": 94420,
                      "Actual Loops": 6,
                      "Hash Buckets": 1048576,
                      "Original Hash Buckets": 1048576,
                      "Hash Batches": 1,
                      "Original Hash Batches": 1,
                      "Peak Memory Usage": 30464,
                      "Plans": [
                        {
                          "Node Type": "Hash Join",
                          "Parent Relationship": "Outer",
                          "Parallel Aware": true,
                          "Join Type": "Inner",
                          "Startup Cost": 61948.4,
                          "Total Cost": 89099.61,
                          "Plan Rows": 178328,
                          "Plan Width": 8,
                          "Actual Startup Time": 332.05,
                          "Actual Total Time": 430.626,
                          "Actual Rows": 94420,
                          "Actual Loops": 6,
                          "Inner Unique": true,
                          "Hash Cond": "(mk.movie_id = t.id)",
                          "Plans": [
                            {
                              "Node Type": "Bitmap Heap Scan",
                              "Parent Relationship": "Outer",
                              "Parallel Aware": true,
                              "Relation Name": "movie_keyword",
                              "Alias": "mk",
                              "Startup Cost": 11728.76,
                              "Total Cost": 38411.85,
                              "Plan Rows": 178328,
                              "Plan Width": 4,
                              "Actual Startup Time": 50.723,
                              "Actual Total Time": 100.649,
                              "Actual Rows": 94420,
                              "Actual Loops": 6,
                              "Recheck Cond": "(keyword_id < 400)",
                              "Rows Removed by Index Recheck": 0,
                              "Exact Heap Blocks": 4617,
                              "Lossy Heap Blocks": 0,
                              "Plans": [
                                {
                                  "Node Type": "Bitmap Index Scan",
                                  "Parent Relationship": "Outer",
                                  "Parallel Aware": false,
                                  "Index Name": "keyword_id_movie_keyword",
                                  "Startup Cost": 0.0,
                                  "Total Cost": 11590.55,
                                  "Plan Rows": 552816,
                                  "Plan Width": 0,
                                  "Actual Startup Time": 44.84,
                                  "Actual Total Time": 44.841,
                                  "Actual Rows": 566520,
                                  "Actual Loops": 1,
                                  "Index Cond": "(keyword_id < 400)"
                                }
                              ]
                            },
                            {
                              "Node Type": "Hash",
                              "Parent Relationship": "Inner",
                              "Parallel Aware": true,
                              "Startup Cost": 42318.73,
                              "Total Cost": 42318.73,
                              "Plan Rows": 632073,
                              "Plan Width": 4,
                              "Actual Startup Time": 276.037,
                              "Actual Total Time": 276.038,
                              "Actual Rows": 421385,
                              "Actual Loops": 6,
                              "Hash Buckets": 4194304,
                              "Original Hash Buckets": 4194304,
                              "Hash Batches": 1,
                              "Original Hash Batches": 1,
                              "Peak Memory Usage": 131744,
                              "Plans": [
                                {
                                  "Node Type": "Seq Scan",
                                  "Parent Relationship": "Outer",
                                  "Parallel Aware": true,
                                  "Relation Name": "title",
                                  "Alias": "t",
                                  "Startup Cost": 0.0,
                                  "Total Cost": 42318.73,
                                  "Plan Rows": 632073,
                                  "Plan Width": 4,
                                  "Actual Startup Time": 0.038,
                                  "Actual Total Time": 78.273,
                                  "Actual Rows": 421385,
                                  "Actual Loops": 6
                                }
                              ]
                            }
                          ]
                        }
                      ]
                    }
                  ]
                }
              ]
            }
          ]
        }
      ]
    },
    "Planning Time": 1.328,
    "Triggers": [],
    "Execution Time": 826.769
  }
]