[
  {
    "Plan": {
      "Node Type": "Aggregate",
      "Strategy": "Plain",
      "Partial Mode": "Finalize",
      "Parallel Aware": false,
      "Startup Cost": 32953.28,
      "Total Cost": 32953.29,
      "Plan Rows": 1,
      "Plan Width": 8,
      "Actual Startup Time": 86.68,
      "Actual Total Time": 94.446,
      "Actual Rows": 1,
      "Actual Loops": 1,
      "Plans": [
        {
          "Node Type": "Gather",
          "Parent Relationship": "Outer",
          "Parallel Aware": false,
          "Startup Cost": 32952.96,
          "Total Cost": 32953.27,
          "Plan Rows": 3,
          "Plan Width": 8,
          "Actual Startup Time": 86.583,
          "Actual Total Time": 94.437,
          "Actual Rows": 4,
          "Actual Loops": 1,
          "Workers Planned": 3,
          "Workers Launched": 3,
          "Single Copy": false,
          "Plans": [
            {
              "Node Type": "Aggregate",
              "Strategy": "Plain",
              "Partial Mode": "Partial",
              "Parent Relationship": "Outer",
              "Parallel Aware": false,
              "Startup Cost": 31952.96,
              "Total Cost": 31952.97,
              "Plan Rows": 1,
              "Plan Width": 8,
              "Actual Startup Time": 79.877,
              "Actual Total Time": 79.878,
              "Actual Rows": 1,
              "Actual Loops": 4,
              "Plans": [
                {
                  "Node Type": "Seq Scan",
                  "Parent Relationship": "Outer",
                  "Parallel Aware": true,
                  "Relation Name": "movie_companies",
                  "Alias": "mc",
                  "Startup Cost": 0.0,
                  "Total Cost": 31414.82,
                  "Plan Rows": 215256,
                  "Plan Width": 0,
                  "Actual Startup Time": 21.049,
                  "Actual Total Time": 74.86,
                  "Actual Rows": 108714,
                  "Actual Loops": 4,
                  "Filter": "((company_id > 11147) AND (company_type_id < 2))",
                  "Rows Removed by Filter": 543568
                }
              ]
            }
          ]
        }
      ]
    },
    "Planning Time": 0.222,
    "Triggers": [],
    "Execution Time": 94.506
  }
]