{
  "Plan": {
    "Node Type": "Aggregate",
    "Strategy": "Plain",
    "Partial Mode": "Finalize",
    "Parallel Aware": false,
    "Startup Cost": 318107.44,
    "Total Cost": 318107.45,
    "Plan Rows": 1,
    "Plan Width": 8,
    "Actual Startup Time": 987.207,
    "Actual Total Time": 1005.353,
    "Actual Rows": 1,
    "Actual Loops": 1,
    "Plans": [
      {
        "Node Type": "Gather",
        "Parent Relationship": "Outer",
        "Parallel Aware": false,
        "Startup Cost": 318107.32,
        "Total Cost": 318107.43,
        "Plan Rows": 1,
        "Plan Width": 8,
        "Actual Startup Time": 983.453,
        "Actual Total Time": 1005.343,
        "Actual Rows": 2,
        "Actual Loops": 1,
        "Workers Planned": 1,
        "Workers Launched": 1,
        "Single Copy": false,
        "Plans": [
          {
            "Node Type": "Aggregate",
            "Strategy": "Plain",
            "Partial Mode": "Partial",
            "Parent Relationship": "Outer",
            "Parallel Aware": false,
            "Startup Cost": 317107.32,
            "Total Cost": 317107.33,
            "Plan Rows": 1,
            "Plan Width": 8,
            "Actual Startup Time": 977.771,
            "Actual Total Time": 978.085,
            "Actual Rows": 1,
            "Actual Loops": 2,
            "Plans": [
              {
                "Node Type": "Hash Join",
                "Parent Relationship": "Outer",
                "Parallel Aware": true,
                "Join Type": "Inner",
                "Startup Cost": 140861.26,
                "Total Cost": 316450.1,
                "Plan Rows": 262891,
                "Plan Width": 0,
                "Actual Startup Time": 754.219,
                "Actual Total Time": 962.822,
                "Actual Rows": 364728,
                "Actual Loops": 2,
                "Inner Unique": false,
                "Hash Cond": "(mi.movie_id = t.id)",
                "Plans": [
                  {
                    "Node Type": "Bitmap Heap Scan",
                    "Parent Relationship": "Outer",
                    "Parallel Aware": true,
                    "Relation Name": "movie_info",
                    "Alias": "mi",
                    "Startup Cost": 22837.73,
                    "Total Cost": 194099.51,
                    "Plan Rows": 741502,
                    "Plan Width": 4,
                    "Actual Startup Time": 41.781,
                    "Actual Total Time": 98.401,
                    "Actual Rows": 644464,
                    "Actual Loops": 2,
                    "Recheck Cond": "(info_type_id = 2)",
                    "Rows Removed by Index Recheck": 0,
                    "Exact Heap Blocks": 4219,
                    "Lossy Heap Blocks": 0,
                    "Plans": [
                      {
                        "Node Type": "Bitmap Index Scan",
                        "Parent Relationship": "Outer",
                        "Parallel Aware": false,
                        "Index Name": "info_type_id_movie_info",
                        "Startup Cost": 0.0,
                        "Total Cost": 22522.59,
                        "Plan Rows": 1260554,
                        "Plan Width": 0,
                        "Actual Startup Time": 40.512,
                        "Actual Total Time": 40.513,
                        "Actual Rows": 1288928,
                        "Actual Loops": 1,
                        "Index Cond": "(info_type_id = 2)"
                      }
                    ]
                  },
                  {
                    "Node Type": "Hash",
                    "Parent Relationship": "Inner",
                    "Parallel Aware": true,
                    "Startup Cost": 111432.52,
                    "Total Cost": 111432.52,
                    "Plan Rows": 527281,
                    "Plan Width": 8,
                    "Actual Startup Time": 697.225,
                    "Actual Total Time": 697.537,
                    "Actual Rows": 364590,
                    "Actual Loops": 2,
                    "Hash Buckets": 1048576,
                    "Original Hash Buckets": 1048576,
                    "Hash Batches": 1,
                    "Original Hash Batches": 1,
                    "Peak Memory Usage": 36736,
                    "Plans": [
                      {
                        "Node Type": "Hash Join",
                        "Parent Relationship": "Outer",
                        "Parallel Aware": true,
                        "Join Type": "Inner",
                        "Startup Cost": 48165.37,
                        "Total Cost": 111432.52,
                        "Plan Rows": 527281,
                        "Plan Width": 8,
                        "Actual Startup Time": 202.313,
                        "Actual Total Time": 613.704,
                        "Actual Rows": 364590,
                        "Actual Loops": 2,
                        "Inner Unique": false,
                        "Hash Cond": "(t.id = mc.movie_id)",
                        "Plans": [
                          {
                            "Node Type": "Seq Scan",
                            "Parent Relationship": "Outer",
                            "Parallel Aware": true,
                            "Relation Name": "title",
                            "Alias": "t",
                            "Startup Cost": 0.0,
                            "Total Cost": 50870.31,
                            "Plan Rows": 1487231,
                            "Plan Width": 4,
                            "Actual Startup Time": 0.01,
                            "Actual Total Time": 121.373,
                            "Actual Rows": 1264156,
                            "Actual Loops": 2
                          },
                          {
                            "Node Type": "Hash",
                            "Parent Relationship": "Inner",
                            "Parallel Aware": true,
                            "Startup Cost": 41574.35,
                            "Total Cost": 41574.35,
                            "Plan Rows": 527281,
                            "Plan Width": 4,
                            "Actual Startup Time": 196.756,
                            "Actual Total Time": 196.757,
                            "Actual Rows": 364590,
                            "Actual Loops": 2,
                            "Hash Buckets": 1048576,
                            "Original Hash Buckets": 1048576,
                            "Hash Batches": 1,
                            "Original Hash Batches": 1,
                            "Peak Memory Usage": 36736,
                            "Plans": [
                              {
                                "Node Type": "Index Scan",
                                "Parent Relationship": "Outer",
                                "Parallel Aware": true,
                                "Scan Direction": "Forward",
                                "Index Name": "company_type_id_movie_companies",
                                "Relation Name": "movie_companies",
                                "Alias": "mc",
                                "Startup Cost": 0.43,
                                "Total Cost": 41574.35,
                                "Plan Rows": 527281,
                                "Plan Width": 4,
                                "Actual Startup Time": 3.474,
                                "Actual Total Time": 118.607,
                                "Actual Rows": 364590,
                                "Actual Loops": 2,
                                "Index Cond": "(company_type_id < 2)",
                                "Rows Removed by Index Recheck": 0,
                                "Filter": "(company_id > 1680)",
                                "Rows Removed by Filter": 272534
                              }
                            ]
                          }
                        ]
                      }
                    ]
                  }
                ]
              }
            ]
          }
        ]
      }
    ]
  },
  "Planning Time": 0.918,
  "Triggers": [],
  "Execution Time": 1005.46
}