[
  {
    "Plan": {
      "Node Type": "Aggregate",
      "Strategy": "Plain",
      "Partial Mode": "Finalize",
      "Parallel Aware": false,
      "Startup Cost": 39718.92,
      "Total Cost": 39718.93,
      "Plan Rows": 1,
      "Plan Width": 8,
      "Actual Startup Time": 139.789,
      "Actual Total Time": 148.201,
      "Actual Rows": 1,
      "Actual Loops": 1,
      "Plans": [
        {
          "Node Type": "Gather",
          "Parent Relationship": "Outer",
          "Parallel Aware": false,
          "Startup Cost": 39718.6,
          "Total Cost": 39718.91,
          "Plan Rows": 3,
          "Plan Width": 8,
          "Actual Startup Time": 139.5,
          "Actual Total Time": 148.191,
          "Actual Rows": 4,
          "Actual Loops": 1,
          "Workers Planned": 3,
          "Workers Launched": 3,
          "Single Copy": false,
          "Plans": [
            {
              "Node Type": "Aggregate",
              "Strategy": "Plain",
              "Partial Mode": "Partial",
              "Parent Relationship": "Outer",
              "Parallel Aware": false,
              "Startup Cost": 38718.6,
              "Total Cost": 38718.61,
              "Plan Rows": 1,
              "Plan Width": 8,
              "Actual Startup Time": 135.118,
              "Actual Total Time": 135.119,
              "Actual Rows": 1,
              "Actual Loops": 4,
              "Plans": [
                {
                  "Node Type": "Bitmap Heap Scan",
                  "Parent Relationship": "Outer",
                  "Parallel Aware": true,
                  "Relation Name": "movie_keyword",
                  "Alias": "mk",
                  "Startup Cost": 11615.46,
                  "Total Cost": 38277.08,
                  "Plan Rows": 176609,
                  "Plan Width": 0,
                  "Actual Startup Time": 48.76,
                  "Actual Total Time": 126.615,
                  "Actual Rows": 133522,
                  "Actual Loops": 4,
                  "Recheck Cond": "(keyword_id > 34314)",
                  "Rows Removed by Index Recheck": 0,
                  "Exact Heap Blocks": 7718,
                  "Lossy Heap Blocks": 0,
                  "Plans": [
                    {
                      "Node Type": "Bitmap Index Scan",
                      "Parent Relationship": "Outer",
                      "Parallel Aware": false,
                      "Index Name": "keyword_id_movie_keyword",
                      "Startup Cost": 0.0,
                      "Total Cost": 11478.59,
                      "Plan Rows": 547488,
                      "Plan Width": 0,
                      "Actual Startup Time": 47.113,
                      "Actual Total Time": 47.114,
                      "Actual Rows": 534089,
                      "Actual Loops": 1,
                      "Index Cond": "(keyword_id > 34314)"
                    }
                  ]
                }
              ]
            }
          ]
        }
      ]
    },
    "Planning Time": 0.125,
    "Triggers": [],
    "Execution Time": 148.252
  }
]