[
  {
    "Plan": {
      "Node Type": "Aggregate",
      "Strategy": "Plain",
      "Partial Mode": "Finalize",
      "Parallel Aware": false,
      "Startup Cost": 342004.03,
      "Total Cost": 342004.04,
      "Plan Rows": 1,
      "Plan Width": 8,
      "Actual Startup Time": 823.976,
      "Actual Total Time": 866.952,
      "Actual Rows": 1,
      "Actual Loops": 1,
      "Plans": [
        {
          "Node Type": "Gather",
          "Parent Relationship": "Outer",
          "Parallel Aware": false,
          "Startup Cost": 342003.4,
          "Total Cost": 342004.01,
          "Plan Rows": 6,
          "Plan Width": 8,
          "Actual Startup Time": 823.786,
          "Actual Total Time": 866.938,
          "Actual Rows": 7,
          "Actual Loops": 1,
          "Workers Planned": 6,
          "Workers Launched": 6,
          "Single Copy": false,
          "Plans": [
            {
              "Node Type": "Aggregate",
              "Strategy": "Plain",
              "Partial Mode": "Partial",
              "Parent Relationship": "Outer",
              "Parallel Aware": false,
              "Startup Cost": 341003.4,
              "Total Cost": 341003.41,
              "Plan Rows": 1,
              "Plan Width": 8,
              "Actual Startup Time": 816.006,
              "Actual Total Time": 816.008,
              "Actual Rows": 1,
              "Actual Loops": 7,
              "Plans": [
                {
                  "Node Type": "Seq Scan",
                  "Parent Relationship": "Outer",
                  "Parallel Aware": true,
                  "Relation Name": "cast_info",
                  "Alias": "ci",
                  "Startup Cost": 0.0,
                  "Total Cost": 328211.39,
                  "Plan Rows": 5116804,
                  "Plan Width": 0,
                  "Actual Startup Time": 68.644,
                  "Actual Total Time": 617.791,
                  "Actual Rows": 4361495,
                  "Actual Loops": 7,
                  "Filter": "(person_id > 553161)",
                  "Rows Removed by Filter": 816268
                }
              ]
            }
          ]
        }
      ]
    },
    "Planning Time": 0.165,
    "Triggers": [],
    "Execution Time": 867.017
  }
]