[
  {
    "Plan": {
      "Node Type": "Aggregate",
      "Strategy": "Plain",
      "Partial Mode": "Finalize",
      "Parallel Aware": false,
      "Startup Cost": 341938.14,
      "Total Cost": 341938.15,
      "Plan Rows": 1,
      "Plan Width": 8,
      "Actual Startup Time": 813.16,
      "Actual Total Time": 869.038,
      "Actual Rows": 1,
      "Actual Loops": 1,
      "Plans": [
        {
          "Node Type": "Gather",
          "Parent Relationship": "Outer",
          "Parallel Aware": false,
          "Startup Cost": 341937.51,
          "Total Cost": 341938.12,
          "Plan Rows": 6,
          "Plan Width": 8,
          "Actual Startup Time": 813.019,
          "Actual Total Time": 869.028,
          "Actual Rows": 7,
          "Actual Loops": 1,
          "Workers Planned": 6,
          "Workers Launched": 6,
          "Single Copy": false,
          "Plans": [
            {
              "Node Type": "Aggregate",
              "Strategy": "Plain",
              "Partial Mode": "Partial",
              "Parent Relationship": "Outer",
              "Parallel Aware": false,
              "Startup Cost": 340937.51,
              "Total Cost": 340937.52,
              "Plan Rows": 1,
              "Plan Width": 8,
              "Actual Startup Time": 802.939,
              "Actual Total Time": 802.94,
              "Actual Rows": 1,
              "Actual Loops": 7,
              "Plans": [
                {
                  "Node Type": "Seq Scan",
                  "Parent Relationship": "Outer",
                  "Parallel Aware": true,
                  "Relation Name": "cast_info",
                  "Alias": "ci",
                  "Startup Cost": 0.0,
                  "Total Cost": 328162.03,
                  "Plan Rows": 5110195,
                  "Plan Width": 0,
                  "Actual Startup Time": 73.602,
                  "Actual Total Time": 624.931,
                  "Actual Rows": 4361495,
                  "Actual Loops": 7,
                  "Filter": "(person_id > 553161)",
                  "Rows Removed by Filter": 816268
                }
              ]
            }
          ]
        }
      ]
    },
    "Planning Time": 0.174,
    "Triggers": [],
    "Execution Time": 869.107
  }
]