[
    {
        "Bao": {
            "Bao prediction": "NaN",
            "Bao recommended hint": "(no hint)"
        }
    },
    {
        "Plan": {
            "Node Type": "Aggregate",
            "Strategy": "Plain",
            "Partial Mode": "Finalize",
            "Parallel Aware": false,
            "Startup Cost": 410795.52,
            "Total Cost": 410795.53,
            "Plan Rows": 1,
            "Plan Width": 8,
            "Actual Startup Time": 2110.634,
            "Actual Total Time": 2134.703,
            "Actual Rows": 1,
            "Actual Loops": 1,
            "Output": [
                "count(*)"
            ],
            "Plans": [
                {
                    "Node Type": "Gather",
                    "Parent Relationship": "Outer",
                    "Parallel Aware": false,
                    "Startup Cost": 410794.89,
                    "Total Cost": 410795.5,
                    "Plan Rows": 6,
                    "Plan Width": 8,
                    "Actual Startup Time": 2096.65,
                    "Actual Total Time": 2134.693,
                    "Actual Rows": 7,
                    "Actual Loops": 1,
                    "Output": [
                        "(PARTIAL count(*))"
                    ],
                    "Workers Planned": 6,
                    "Workers Launched": 6,
                    "Single Copy": false,
                    "Plans": [
                        {
                            "Node Type": "Aggregate",
                            "Strategy": "Plain",
                            "Partial Mode": "Partial",
                            "Parent Relationship": "Outer",
                            "Parallel Aware": false,
                            "Startup Cost": 409794.89,
                            "Total Cost": 409794.9,
                            "Plan Rows": 1,
                            "Plan Width": 8,
                            "Actual Startup Time": 2086.192,
                            "Actual Total Time": 2086.195,
                            "Actual Rows": 1,
                            "Actual Loops": 7,
                            "Output": [
                                "PARTIAL count(*)"
                            ],
                            "Workers": [
                                {
                                    "Worker Number": 0,
                                    "Actual Startup Time": 2085.496,
                                    "Actual Total Time": 2085.499,
                                    "Actual Rows": 1,
                                    "Actual Loops": 1
                                },
                                {
                                    "Worker Number": 1,
                                    "Actual Startup Time": 2084.421,
                                    "Actual Total Time": 2084.424,
                                    "Actual Rows": 1,
                                    "Actual Loops": 1
                                },
                                {
                                    "Worker Number": 2,
                                    "Actual Startup Time": 2084.212,
                                    "Actual Total Time": 2084.215,
                                    "Actual Rows": 1,
                                    "Actual Loops": 1
                                },
                                {
                                    "Worker Number": 3,
                                    "Actual Startup Time": 2084.357,
                                    "Actual Total Time": 2084.36,
                                    "Actual Rows": 1,
                                    "Actual Loops": 1
                                },
                                {
                                    "Worker Number": 4,
                                    "Actual Startup Time": 2084.353,
                                    "Actual Total Time": 2084.356,
                                    "Actual Rows": 1,
                                    "Actual Loops": 1
                                },
                                {
                                    "Worker Number": 5,
                                    "Actual Startup Time": 2084.356,
                                    "Actual Total Time": 2084.359,
                                    "Actual Rows": 1,
                                    "Actual Loops": 1
                                }
                            ],
                            "Plans": [
                                {
                                    "Node Type": "Hash Join",
                                    "Parent Relationship": "Outer",
                                    "Parallel Aware": true,
                                    "Join Type": "Inner",
                                    "Startup Cost": 49194.16,
                                    "Total Cost": 403061.89,
                                    "Plan Rows": 2693201,
                                    "Plan Width": 0,
                                    "Actual Startup Time": 183.921,
                                    "Actual Total Time": 1979.855,
                                    "Actual Rows": 2416608,
                                    "Actual Loops": 7,
                                    "Inner Unique": true,
                                    "Hash Cond": "(ci.movie_id = t.id)",
                                    "Workers": [
                                        {
                                            "Worker Number": 0,
                                            "Actual Startup Time": 182.063,
                                            "Actual Total Time": 1979.607,
                                            "Actual Rows": 2323836,
                                            "Actual Loops": 1
                                        },
                                        {
                                            "Worker Number": 1,
                                            "Actual Startup Time": 182.321,
                                            "Actual Total Time": 1977.201,
                                            "Actual Rows": 2364162,
                                            "Actual Loops": 1
                                        },
                                        {
                                            "Worker Number": 2,
                                            "Actual Startup Time": 182.254,
                                            "Actual Total Time": 1976.583,
                                            "Actual Rows": 2372572,
                                            "Actual Loops": 1
                                        },
                                        {
                                            "Worker Number": 3,
                                            "Actual Startup Time": 182.242,
                                            "Actual Total Time": 1977.87,
                                            "Actual Rows": 2397986,
                                            "Actual Loops": 1
                                        },
                                        {
                                            "Worker Number": 4,
                                            "Actual Startup Time": 182.258,
                                            "Actual Total Time": 1975.687,
                                            "Actual Rows": 2448616,
                                            "Actual Loops": 1
                                        },
                                        {
                                            "Worker Number": 5,
                                            "Actual Startup Time": 182.262,
                                            "Actual Total Time": 1978.015,
                                            "Actual Rows": 2399829,
                                            "Actual Loops": 1
                                        }
                                    ],
                                    "Plans": [
                                        {
                                            "Node Type": "Seq Scan",
                                            "Parent Relationship": "Outer",
                                            "Parallel Aware": true,
                                            "Relation Name": "cast_info",
                                            "Schema": "public",
                                            "Alias": "ci",
                                            "Startup Cost": 0.0,
                                            "Total Cost": 343318.94,
                                            "Plan Rows": 4018580,
                                            "Plan Width": 4,
                                            "Actual Startup Time": 2.222,
                                            "Actual Total Time": 640.44,
                                            "Actual Rows": 3424505,
                                            "Actual Loops": 7,
                                            "Output": [
                                                "ci.id",
                                                "ci.person_id",
                                                "ci.movie_id",
                                                "ci.person_role_id",
                                                "ci.note",
                                                "ci.nr_order",
                                                "ci.role_id"
                                            ],
                                            "Filter": "((ci.person_id > 23072) AND (ci.role_id < 4))",
                                            "Rows Removed by Filter": 1753258,
                                            "Workers": [
                                                {
                                                    "Worker Number": 0,
                                                    "Actual Startup Time": 2.167,
                                                    "Actual Total Time": 636.464,
                                                    "Actual Rows": 3294615,
                                                    "Actual Loops": 1
                                                },
                                                {
                                                    "Worker Number": 1,
                                                    "Actual Startup Time": 2.361,
                                                    "Actual Total Time": 642.193,
                                                    "Actual Rows": 3353032,
                                                    "Actual Loops": 1
                                                },
                                                {
                                                    "Worker Number": 2,
                                                    "Actual Startup Time": 2.203,
                                                    "Actual Total Time": 641.798,
                                                    "Actual Rows": 3358512,
                                                    "Actual Loops": 1
                                                },
                                                {
                                                    "Worker Number": 3,
                                                    "Actual Startup Time": 2.21,
                                                    "Actual Total Time": 649.909,
                                                    "Actual Rows": 3401286,
                                                    "Actual Loops": 1
                                                },
                                                {
                                                    "Worker Number": 4,
                                                    "Actual Startup Time": 2.198,
                                                    "Actual Total Time": 652.92,
                                                    "Actual Rows": 3457140,
                                                    "Actual Loops": 1
                                                },
                                                {
                                                    "Worker Number": 5,
                                                    "Actual Startup Time": 2.219,
                                                    "Actual Total Time": 648.05,
                                                    "Actual Rows": 3401822,
                                                    "Actual Loops": 1
                                                }
                                            ]
                                        },
                                        {
                                            "Node Type": "Hash",
                                            "Parent Relationship": "Inner",
                                            "Parallel Aware": true,
                                            "Startup Cost": 43899.01,
                                            "Total Cost": 43899.01,
                                            "Plan Rows": 423612,
                                            "Plan Width": 4,
                                            "Actual Startup Time": 178.024,
                                            "Actual Total Time": 178.025,
                                            "Actual Rows": 242902,
                                            "Actual Loops": 7,
                                            "Output": [
                                                "t.id"
                                            ],
                                            "Hash Buckets": 2097152,
                                            "Original Hash Buckets": 2097152,
                                            "Hash Batches": 1,
                                            "Original Hash Batches": 1,
                                            "Peak Memory Usage": 82976,
                                            "Workers": [
                                                {
                                                    "Worker Number": 0,
                                                    "Actual Startup Time": 178.971,
                                                    "Actual Total Time": 178.972,
                                                    "Actual Rows": 196136,
                                                    "Actual Loops": 1
                                                },
                                                {
                                                    "Worker Number": 1,
                                                    "Actual Startup Time": 179.207,
                                                    "Actual Total Time": 179.208,
                                                    "Actual Rows": 220682,
                                                    "Actual Loops": 1
                                                },
                                                {
                                                    "Worker Number": 2,
                                                    "Actual Startup Time": 178.985,
                                                    "Actual Total Time": 178.986,
                                                    "Actual Rows": 224224,
                                                    "Actual Loops": 1
                                                },
                                                {
                                                    "Worker Number": 3,
                                                    "Actual Startup Time": 179.041,
                                                    "Actual Total Time": 179.042,
                                                    "Actual Rows": 237898,
                                                    "Actual Loops": 1
                                                },
                                                {
                                                    "Worker Number": 4,
                                                    "Actual Startup Time": 178.965,
                                                    "Actual Total Time": 178.966,
                                                    "Actual Rows": 232650,
                                                    "Actual Loops": 1
                                                },
                                                {
                                                    "Worker Number": 5,
                                                    "Actual Startup Time": 178.928,
                                                    "Actual Total Time": 178.929,
                                                    "Actual Rows": 238721,
                                                    "Actual Loops": 1
                                                }
                                            ],
                                            "Plans": [
                                                {
                                                    "Node Type": "Seq Scan",
                                                    "Parent Relationship": "Outer",
                                                    "Parallel Aware": true,
                                                    "Relation Name": "title",
                                                    "Schema": "public",
                                                    "Alias": "t",
                                                    "Startup Cost": 0.0,
                                                    "Total Cost": 43899.01,
                                                    "Plan Rows": 423612,
                                                    "Plan Width": 4,
                                                    "Actual Startup Time": 0.044,
                                                    "Actual Total Time": 72.633,
                                                    "Actual Rows": 242902,
                                                    "Actual Loops": 7,
                                                    "Output": [
                                                        "t.id"
                                                    ],
                                                    "Filter": "(t.production_year > 1992)",
                                                    "Rows Removed by Filter": 118285,
                                                    "Workers": [
                                                        {
                                                            "Worker Number": 0,
                                                            "Actual Startup Time": 0.058,
                                                            "Actual Total Time": 75.039,
                                                            "Actual Rows": 196136,
                                                            "Actual Loops": 1
                                                        },
                                                        {
                                                            "Worker Number": 1,
                                                            "Actual Startup Time": 0.052,
                                                            "Actual Total Time": 72.731,
                                                            "Actual Rows": 220682,
                                                            "Actual Loops": 1
                                                        },
                                                        {
                                                            "Worker Number": 2,
                                                            "Actual Startup Time": 0.051,
                                                            "Actual Total Time": 74.194,
                                                            "Actual Rows": 224224,
                                                            "Actual Loops": 1
                                                        },
                                                        {
                                                            "Worker Number": 3,
                                                            "Actual Startup Time": 0.061,
                                                            "Actual Total Time": 74.287,
                                                            "Actual Rows": 237898,
                                                            "Actual Loops": 1
                                                        },
                                                        {
                                                            "Worker Number": 4,
                                                            "Actual Startup Time": 0.027,
                                                            "Actual Total Time": 75.437,
                                                            "Actual Rows": 232650,
                                                            "Actual Loops": 1
                                                        },
                                                        {
                                                            "Worker Number": 5,
                                                            "Actual Startup Time": 0.047,
                                                            "Actual Total Time": 75.036,
                                                            "Actual Rows": 238721,
                                                            "Actual Loops": 1
                                                        }
                                                    ]
                                                }
                                            ]
                                        }
                                    ]
                                }
                            ]
                        }
                    ]
                }
            ]
        },
        "Planning Time": 214.124,
        "Triggers": [],
        "Execution Time": 2134.768
    }
]