{
  "Plan": {
    "Node Type": "Aggregate",
    "Strategy": "Plain",
    "Partial Mode": "Finalize",
    "Parallel Aware": false,
    "Startup Cost": 118673.79,
    "Total Cost": 118673.8,
    "Plan Rows": 1,
    "Plan Width": 8,
    "Actual Startup Time": 352.275,
    "Actual Total Time": 362.654,
    "Actual Rows": 1,
    "Actual Loops": 1,
    "Plans": [
      {
        "Node Type": "Gather",
        "Parent Relationship": "Outer",
        "Parallel Aware": false,
        "Startup Cost": 118673.68,
        "Total Cost": 118673.79,
        "Plan Rows": 1,
        "Plan Width": 8,
        "Actual Startup Time": 352.011,
        "Actual Total Time": 362.648,
        "Actual Rows": 2,
        "Actual Loops": 1,
        "Workers Planned": 1,
        "Workers Launched": 1,
        "Single Copy": false,
        "Plans": [
          {
            "Node Type": "Aggregate",
            "Strategy": "Plain",
            "Partial Mode": "Partial",
            "Parent Relationship": "Outer",
            "Parallel Aware": false,
            "Startup Cost": 117673.68,
            "Total Cost": 117673.69,
            "Plan Rows": 1,
            "Plan Width": 8,
            "Actual Startup Time": 347.09,
            "Actual Total Time": 347.095,
            "Actual Rows": 1,
            "Actual Loops": 2,
            "Plans": [
              {
                "Node Type": "Hash Join",
                "Parent Relationship": "Outer",
                "Parallel Aware": true,
                "Join Type": "Inner",
                "Startup Cost": 57107.54,
                "Total Cost": 117666.66,
                "Plan Rows": 2808,
                "Plan Width": 0,
                "Actual Startup Time": 183.338,
                "Actual Total Time": 346.758,
                "Actual Rows": 7227,
                "Actual Loops": 2,
                "Inner Unique": false,
                "Hash Cond": "(mk.movie_id = t.id)",
                "Plans": [
                  {
                    "Node Type": "Seq Scan",
                    "Parent Relationship": "Outer",
                    "Parallel Aware": true,
                    "Relation Name": "movie_keyword",
                    "Alias": "mk",
                    "Startup Cost": 0.0,
                    "Total Cost": 57718.19,
                    "Plan Rows": 753175,
                    "Plan Width": 4,
                    "Actual Startup Time": 0.013,
                    "Actual Total Time": 158.987,
                    "Actual Rows": 644946,
                    "Actual Loops": 2,
                    "Filter": "(keyword_id < 1669)",
                    "Rows Removed by Filter": 1617020
                  },
                  {
                    "Node Type": "Hash",
                    "Parent Relationship": "Inner",
                    "Parallel Aware": true,
                    "Startup Cost": 57038.23,
                    "Total Cost": 57038.23,
                    "Plan Rows": 5545,
                    "Plan Width": 8,
                    "Actual Startup Time": 145.212,
                    "Actual Total Time": 145.216,
                    "Actual Rows": 5432,
                    "Actual Loops": 2,
                    "Hash Buckets": 16384,
                    "Original Hash Buckets": 16384,
                    "Hash Batches": 1,
                    "Original Hash Batches": 1,
                    "Peak Memory Usage": 576,
                    "Plans": [
                      {
                        "Node Type": "Hash Join",
                        "Parent Relationship": "Outer",
                        "Parallel Aware": true,
                        "Join Type": "Inner",
                        "Startup Cost": 38854.44,
                        "Total Cost": 57038.23,
                        "Plan Rows": 5545,
                        "Plan Width": 8,
                        "Actual Startup Time": 86.184,
                        "Actual Total Time": 144.018,
                        "Actual Rows": 5432,
                        "Actual Loops": 2,
                        "Inner Unique": true,
                        "Hash Cond": "(mi_idx.movie_id = t.id)",
                        "Plans": [
                          {
                            "Node Type": "Seq Scan",
                            "Parent Relationship": "Outer",
                            "Parallel Aware": true,
                            "Relation Name": "movie_info_idx",
                            "Alias": "mi_idx",
                            "Startup Cost": 0.0,
                            "Total Cost": 16052.85,
                            "Plan Rows": 811785,
                            "Plan Width": 4,
                            "Actual Startup Time": 0.018,
                            "Actual Total Time": 45.573,
                            "Actual Rows": 690018,
                            "Actual Loops": 2
                          },
                          {
                            "Node Type": "Hash",
                            "Parent Relationship": "Inner",
                            "Parallel Aware": true,
                            "Startup Cost": 38727.45,
                            "Total Cost": 38727.45,
                            "Plan Rows": 10159,
                            "Plan Width": 4,
                            "Actual Startup Time": 48.086,
                            "Actual Total Time": 48.087,
                            "Actual Rows": 8304,
                            "Actual Loops": 2,
                            "Hash Buckets": 32768,
                            "Original Hash Buckets": 32768,
                            "Hash Batches": 1,
                            "Original Hash Batches": 1,
                            "Peak Memory Usage": 928,
                            "Plans": [
                              {
                                "Node Type": "Bitmap Heap Scan",
                                "Parent Relationship": "Outer",
                                "Parallel Aware": true,
                                "Relation Name": "title",
                                "Alias": "t",
                                "Startup Cost": 1827.45,
                                "Total Cost": 38727.45,
                                "Plan Rows": 10159,
                                "Plan Width": 4,
                                "Actual Startup Time": 13.816,
                                "Actual Total Time": 45.649,
                                "Actual Rows": 8304,
                                "Actual Loops": 2,
                                "Recheck Cond": "(kind_id = 3)",
                                "Rows Removed by Index Recheck": 0,
                                "Filter": "(production_year < 1975)",
                                "Rows Removed by Filter": 41964,
                                "Exact Heap Blocks": 11045,
                                "Lossy Heap Blocks": 0,
                                "Plans": [
                                  {
                                    "Node Type": "Bitmap Index Scan",
                                    "Parent Relationship": "Outer",
                                    "Parallel Aware": false,
                                    "Index Name": "kind_id_title",
                                    "Startup Cost": 0.0,
                                    "Total Cost": 1823.13,
                                    "Plan Rows": 102227,
                                    "Plan Width": 0,
                                    "Actual Startup Time": 13.679,
                                    "Actual Total Time": 13.68,
                                    "Actual Rows": 100537,
                                    "Actual Loops": 1,
                                    "Index Cond": "(kind_id = 3)"
                                  }
                                ]
                              }
                            ]
                          }
                        ]
                      }
                    ]
                  }
                ]
              }
            ]
          }
        ]
      }
    ]
  },
  "Planning Time": 0.673,
  "Triggers": [],
  "Execution Time": 362.723
}