{
  "Plan": {
    "Node Type": "Aggregate",
    "Strategy": "Plain",
    "Partial Mode": "Simple",
    "Parallel Aware": false,
    "Startup Cost": 5337.65,
    "Total Cost": 5337.66,
    "Plan Rows": 1,
    "Plan Width": 8,
    "Actual Startup Time": 2.228,
    "Actual Total Time": 2.231,
    "Actual Rows": 1,
    "Actual Loops": 1,
    "Plans": [
      {
        "Node Type": "Nested Loop",
        "Parent Relationship": "Outer",
        "Parallel Aware": false,
        "Join Type": "Inner",
        "Startup Cost": 1.43,
        "Total Cost": 5337.59,
        "Plan Rows": 23,
        "Plan Width": 0,
        "Actual Startup Time": 0.901,
        "Actual Total Time": 2.157,
        "Actual Rows": 365,
        "Actual Loops": 1,
        "Inner Unique": false,
        "Plans": [
          {
            "Node Type": "Nested Loop",
            "Parent Relationship": "Outer",
            "Parallel Aware": false,
            "Join Type": "Inner",
            "Startup Cost": 0.99,
            "Total Cost": 5194.08,
            "Plan Rows": 4,
            "Plan Width": 8,
            "Actual Startup Time": 0.865,
            "Actual Total Time": 1.521,
            "Actual Rows": 4,
            "Actual Loops": 1,
            "Inner Unique": true,
            "Plans": [
              {
                "Node Type": "Index Scan",
                "Parent Relationship": "Outer",
                "Parallel Aware": false,
                "Scan Direction": "Forward",
                "Index Name": "person_id_cast_info",
                "Relation Name": "cast_info",
                "Alias": "ci",
                "Startup Cost": 0.56,
                "Total Cost": 1058.43,
                "Plan Rows": 497,
                "Plan Width": 4,
                "Actual Startup Time": 0.827,
                "Actual Total Time": 0.855,
                "Actual Rows": 46,
                "Actual Loops": 1,
                "Index Cond": "(person_id = 2245050)",
                "Rows Removed by Index Recheck": 0
              },
              {
                "Node Type": "Index Scan",
                "Parent Relationship": "Inner",
                "Parallel Aware": false,
                "Scan Direction": "Forward",
                "Index Name": "title_pkey",
                "Relation Name": "title",
                "Alias": "t",
                "Startup Cost": 0.43,
                "Total Cost": 8.32,
                "Plan Rows": 1,
                "Plan Width": 4,
                "Actual Startup Time": 0.013,
                "Actual Total Time": 0.013,
                "Actual Rows": 0,
                "Actual Loops": 46,
                "Index Cond": "(id = ci.movie_id)",
                "Rows Removed by Index Recheck": 0,
                "Filter": "(production_year = 1988)",
                "Rows Removed by Filter": 1
              }
            ]
          },
          {
            "Node Type": "Index Scan",
            "Parent Relationship": "Inner",
            "Parallel Aware": false,
            "Scan Direction": "Forward",
            "Index Name": "movie_id_movie_info",
            "Relation Name": "movie_info",
            "Alias": "mi",
            "Startup Cost": 0.43,
            "Total Cost": 35.47,
            "Plan Rows": 41,
            "Plan Width": 4,
            "Actual Startup Time": 0.022,
            "Actual Total Time": 0.133,
            "Actual Rows": 91,
            "Actual Loops": 4,
            "Index Cond": "(movie_id = t.id)",
            "Rows Removed by Index Recheck": 0,
            "Filter": "(info_type_id < 105)",
            "Rows Removed by Filter": 17
          }
        ]
      }
    ]
  },
  "Planning Time": 0.947,
  "Triggers": [],
  "Execution Time": 2.305
}