[
  {
    "Plan": {
      "Node Type": "Aggregate",
      "Strategy": "Plain",
      "Partial Mode": "Finalize",
      "Parallel Aware": false,
      "Startup Cost": 347387.92,
      "Total Cost": 347387.93,
      "Plan Rows": 1,
      "Plan Width": 8,
      "Actual Startup Time": 663.253,
      "Actual Total Time": 712.15,
      "Actual Rows": 1,
      "Actual Loops": 1,
      "Plans": [
        {
          "Node Type": "Gather",
          "Parent Relationship": "Outer",
          "Parallel Aware": false,
          "Startup Cost": 347387.3,
          "Total Cost": 347387.91,
          "Plan Rows": 6,
          "Plan Width": 8,
          "Actual Startup Time": 663.055,
          "Actual Total Time": 712.136,
          "Actual Rows": 7,
          "Actual Loops": 1,
          "Workers Planned": 6,
          "Workers Launched": 6,
          "Single Copy": false,
          "Plans": [
            {
              "Node Type": "Aggregate",
              "Strategy": "Plain",
              "Partial Mode": "Partial",
              "Parent Relationship": "Outer",
              "Parallel Aware": false,
              "Startup Cost": 346387.3,
              "Total Cost": 346387.31,
              "Plan Rows": 1,
              "Plan Width": 8,
              "Actual Startup Time": 655.059,
              "Actual Total Time": 655.06,
              "Actual Rows": 1,
              "Actual Loops": 7,
              "Plans": [
                {
                  "Node Type": "Seq Scan",
                  "Parent Relationship": "Outer",
                  "Parallel Aware": true,
                  "Relation Name": "cast_info",
                  "Alias": "ci",
                  "Startup Cost": 0.0,
                  "Total Cost": 343316.27,
                  "Plan Rows": 1228410,
                  "Plan Width": 0,
                  "Actual Startup Time": 232.483,
                  "Actual Total Time": 632.335,
                  "Actual Rows": 455629,
                  "Actual Loops": 7,
                  "Filter": "((person_id < 1123147) AND (role_id > 1))",
                  "Rows Removed by Filter": 4722134
                }
              ]
            }
          ]
        }
      ]
    },
    "Planning Time": 0.096,
    "Triggers": [],
    "Execution Time": 712.192
  }
]