[
  {
    "Plan": {
      "Node Type": "Aggregate",
      "Strategy": "Plain",
      "Partial Mode": "Simple",
      "Parallel Aware": false,
      "Startup Cost": 3908.28,
      "Total Cost": 3908.29,
      "Plan Rows": 1,
      "Plan Width": 192,
      "Actual Startup Time": 63.208,
      "Actual Total Time": 63.216,
      "Actual Rows": 1,
      "Actual Loops": 1,
      "Plans": [
        {
          "Node Type": "Nested Loop",
          "Parent Relationship": "Outer",
          "Parallel Aware": false,
          "Join Type": "Inner",
          "Startup Cost": 878.31,
          "Total Cost": 3908.26,
          "Plan Rows": 1,
          "Plan Width": 82,
          "Actual Startup Time": 9.713,
          "Actual Total Time": 62.829,
          "Actual Rows": 1447,
          "Actual Loops": 1,
          "Inner Unique": true,
          "Plans": [
            {
              "Node Type": "Nested Loop",
              "Parent Relationship": "Outer",
              "Parallel Aware": false,
              "Join Type": "Inner",
              "Startup Cost": 877.89,
              "Total Cost": 3907.82,
              "Plan Rows": 1,
              "Plan Width": 67,
              "Actual Startup Time": 9.69,
              "Actual Total Time": 60.164,
              "Actual Rows": 1447,
              "Actual Loops": 1,
              "Inner Unique": false,
              "Join Filter": "(t2.id = mc2.movie_id)",
              "Rows Removed by Join Filter": 0,
              "Plans": [
                {
                  "Node Type": "Nested Loop",
                  "Parent Relationship": "Outer",
                  "Parallel Aware": false,
                  "Join Type": "Inner",
                  "Startup Cost": 877.46,
                  "Total Cost": 3907.14,
                  "Plan Rows": 1,
                  "Plan Width": 75,
                  "Actual Startup Time": 9.683,
                  "Actual Total Time": 58.167,
                  "Actual Rows": 415,
                  "Actual Loops": 1,
                  "Inner Unique": true,
                  "Plans": [
                    {
                      "Node Type": "Nested Loop",
                      "Parent Relationship": "Outer",
                      "Parallel Aware": false,
                      "Join Type": "Inner",
                      "Startup Cost": 877.32,
                      "Total Cost": 3906.97,
                      "Plan Rows": 1,
                      "Plan Width": 79,
                      "Actual Startup Time": 7.045,
                      "Actual Total Time": 57.469,
                      "Actual Rows": 656,
                      "Actual Loops": 1,
                      "Inner Unique": true,
                      "Plans": [
                        {
                          "Node Type": "Nested Loop",
                          "Parent Relationship": "Outer",
                          "Parallel Aware": false,
                          "Join Type": "Inner",
                          "Startup Cost": 876.9,
                          "Total Cost": 3906.52,
                          "Plan Rows": 1,
                          "Plan Width": 64,
                          "Actual Startup Time": 7.023,
                          "Actual Total Time": 54.473,
                          "Actual Rows": 1037,
                          "Actual Loops": 1,
                          "Inner Unique": false,
                          "Plans": [
                            {
                              "Node Type": "Nested Loop",
                              "Parent Relationship": "Outer",
                              "Parallel Aware": false,
                              "Join Type": "Inner",
                              "Startup Cost": 876.47,
                              "Total Cost": 3905.91,
                              "Plan Rows": 1,
                              "Plan Width": 72,
                              "Actual Startup Time": 6.983,
                              "Actual Total Time": 52.414,
                              "Actual Rows": 313,
                              "Actual Loops": 1,
                              "Inner Unique": true,
                              "Join Filter": "(ml.linked_movie_id = t2.id)",
                              "Rows Removed by Join Filter": 0,
                              "Plans": [
                                {
                                  "Node Type": "Hash Join",
                                  "Parent Relationship": "Outer",
                                  "Parallel Aware": false,
                                  "Join Type": "Inner",
                                  "Startup Cost": 876.04,
                                  "Total Cost": 3905.28,
                                  "Plan Rows": 1,
                                  "Plan Width": 47,
                                  "Actual Startup Time": 6.134,
                                  "Actual Total Time": 42.129,
                                  "Actual Rows": 1422,
                                  "Actual Loops": 1,
                                  "Inner Unique": true,
                                  "Hash Cond": "(mi_idx2.info_type_id = it2.id)",
                                  "Plans": [
                                    {
                                      "Node Type": "Nested Loop",
                                      "Parent Relationship": "Outer",
                                      "Parallel Aware": false,
                                      "Join Type": "Inner",
                                      "Startup Cost": 873.62,
                                      "Total Cost": 3902.6,
                                      "Plan Rows": 95,
                                      "Plan Width": 51,
                                      "Actual Startup Time": 6.084,
                                      "Actual Total Time": 41.408,
                                      "Actual Rows": 4670,
                                      "Actual Loops": 1,
                                      "Inner Unique": false,
                                      "Plans": [
                                        {
                                          "Node Type": "Hash Join",
                                          "Parent Relationship": "Outer",
                                          "Parallel Aware": false,
                                          "Join Type": "Inner",
                                          "Startup Cost": 873.19,
                                          "Total Cost": 3809.09,
                                          "Plan Rows": 39,
                                          "Plan Width": 38,
                                          "Actual Startup Time": 5.716,
                                          "Actual Total Time": 25.782,
                                          "Actual Rows": 2419,
                                          "Actual Loops": 1,
                                          "Inner Unique": true,
                                          "Hash Cond": "(t1.kind_id = kt1.id)",
                                          "Plans": [
                                            {
                                              "Node Type": "Nested Loop",
                                              "Parent Relationship": "Outer",
                                              "Parallel Aware": false,
                                              "Join Type": "Inner",
                                              "Startup Cost": 872.08,
                                              "Total Cost": 3807.4,
                                              "Plan Rows": 136,
                                              "Plan Width": 42,
                                              "Actual Startup Time": 5.677,
                                              "Actual Total Time": 25.19,
                                              "Actual Rows": 2419,
                                              "Actual Loops": 1,
                                              "Inner Unique": true,
                                              "Join Filter": "(ml.movie_id = t1.id)",
                                              "Rows Removed by Join Filter": 0,
                                              "Plans": [
                                                {
                                                  "Node Type": "Hash Join",
                                                  "Parent Relationship": "Outer",
                                                  "Parallel Aware": false,
                                                  "Join Type": "Inner",
                                                  "Startup Cost": 871.65,
                                                  "Total Cost": 3727.11,
                                                  "Plan Rows": 136,
                                                  "Plan Width": 17,
                                                  "Actual Startup Time": 5.64,
                                                  "Actual Total Time": 18.3,
                                                  "Actual Rows": 2419,
                                                  "Actual Loops": 1,
                                                  "Inner Unique": true,
                                                  "Hash Cond": "(mi_idx1.info_type_id = it1.id)",
                                                  "Plans": [
                                                    {
                                                      "Node Type": "Merge Join",
                                                      "Parent Relationship": "Outer",
                                                      "Parallel Aware": false,
                                                      "Join Type": "Inner",
                                                      "Startup Cost": 869.22,
                                                      "Total Cost": 3682.64,
                                                      "Plan Rows": 15435,
                                                      "Plan Width": 21,
                                                      "Actual Startup Time": 5.607,
                                                      "Actual Total Time": 17.46,
                                                      "Actual Rows": 7257,
                                                      "Actual Loops": 1,
                                                      "Inner Unique": false,
                                                      "Merge Cond": "(mi_idx1.movie_id = ml.movie_id)",
                                                      "Plans": [
                                                        {
                                                          "Node Type": "Index Scan",
                                                          "Parent Relationship": "Outer",
                                                          "Parallel Aware": false,
                                                          "Scan Direction": "Forward",
                                                          "Index Name": "movie_id_movie_info_idx",
                                                          "Relation Name": "movie_info_idx",
                                                          "Alias": "mi_idx1",
                                                          "Startup Cost": 0.43,
                                                          "Total Cost": 53621.69,
                                                          "Plan Rows": 1380035,
                                                          "Plan Width": 13,
                                                          "Actual Startup Time": 0.018,
                                                          "Actual Total Time": 7.016,
                                                          "Actual Rows": 55030,
                                                          "Actual Loops": 1
                                                        },
                                                        {
                                                          "Node Type": "Sort",
                                                          "Parent Relationship": "Inner",
                                                          "Parallel Aware": false,
                                                          "Startup Cost": 868.72,
                                                          "Total Cost": 881.22,
                                                          "Plan Rows": 5000,
                                                          "Plan Width": 8,
                                                          "Actual Startup Time": 5.57,
                                                          "Actual Total Time": 6.023,
                                                          "Actual Rows": 8666,
                                                          "Actual Loops": 1,
                                                          "Sort Key": [
                                                            "ml.movie_id"
                                                          ],
                                                          "Sort Method": "quicksort",
                                                          "Sort Space Used": 276,
                                                          "Sort Space Type": "Memory",
                                                          "Plans": [
                                                            {
                                                              "Node Type": "Hash Join",
                                                              "Parent Relationship": "Outer",
                                                              "Parallel Aware": false,
                                                              "Join Type": "Inner",
                                                              "Startup Cost": 1.29,
                                                              "Total Cost": 561.53,
                                                              "Plan Rows": 5000,
                                                              "Plan Width": 8,
                                                              "Actual Startup Time": 0.038,
                                                              "Actual Total Time": 4.861,
                                                              "Actual Rows": 3830,
                                                              "Actual Loops": 1,
                                                              "Inner Unique": true,
                                                              "Hash Cond": "(ml.link_type_id = lt.id)",
                                                              "Plans": [
                                                                {
                                                                  "Node Type": "Seq Scan",
                                                                  "Parent Relationship": "Outer",
                                                                  "Parallel Aware": false,
                                                                  "Relation Name": "movie_link",
                                                                  "Alias": "ml",
                                                                  "Startup Cost": 0.0,
                                                                  "Total Cost": 462.97,
                                                                  "Plan Rows": 29997,
                                                                  "Plan Width": 12,
                                                                  "Actual Startup Time": 0.007,
                                                                  "Actual Total Time": 2.638,
                                                                  "Actual Rows": 29997,
                                                                  "Actual Loops": 1
                                                                },
                                                                {
                                                                  "Node Type": "Hash",
                                                                  "Parent Relationship": "Inner",
                                                                  "Parallel Aware": false,
                                                                  "Startup Cost": 1.25,
                                                                  "Total Cost": 1.25,
                                                                  "Plan Rows": 3,
                                                                  "Plan Width": 4,
                                                                  "Actual Startup Time": 0.014,
                                                                  "Actual Total Time": 0.015,
                                                                  "Actual Rows": 3,
                                                                  "Actual Loops": 1,
                                                                  "Hash Buckets": 1024,
                                                                  "Original Hash Buckets": 1024,
                                                                  "Hash Batches": 1,
                                                                  "Original Hash Batches": 1,
                                                                  "Peak Memory Usage": 9,
                                                                  "Plans": [
                                                                    {
                                                                      "Node Type": "Seq Scan",
                                                                      "Parent Relationship": "Outer",
                                                                      "Parallel Aware": false,
                                                                      "Relation Name": "link_type",
                                                                      "Alias": "lt",
                                                                      "Startup Cost": 0.0,
                                                                      "Total Cost": 1.25,
                                                                      "Plan Rows": 3,
                                                                      "Plan Width": 4,
                                                                      "Actual Startup Time": 0.009,
                                                                      "Actual Total Time": 0.011,
                                                                      "Actual Rows": 3,
                                                                      "Actual Loops": 1,
                                                                      "Filter": "((link)::text = ANY ('{\"version of\",\"edited from\",\"edited into\"}'::text[]))",
                                                                      "Rows Removed by Filter": 15
                                                                    }
                                                                  ]
                                                                }
                                                              ]
                                                            }
                                                          ]
                                                        }
                                                      ]
                                                    },
                                                    {
                                                      "Node Type": "Hash",
                                                      "Parent Relationship": "Inner",
                                                      "Parallel Aware": false,
                                                      "Startup Cost": 2.41,
                                                      "Total Cost": 2.41,
                                                      "Plan Rows": 1,
                                                      "Plan Width": 4,
                                                      "Actual Startup Time": 0.012,
                                                      "Actual Total Time": 0.012,
                                                      "Actual Rows": 1,
                                                      "Actual Loops": 1,
                                                      "Hash Buckets": 1024,
                                                      "Original Hash Buckets": 1024,
                                                      "Hash Batches": 1,
                                                      "Original Hash Batches": 1,
                                                      "Peak Memory Usage": 9,
                                                      "Plans": [
                                                        {
                                                          "Node Type": "Seq Scan",
                                                          "Parent Relationship": "Outer",
                                                          "Parallel Aware": false,
                                                          "Relation Name": "info_type",
                                                          "Alias": "it1",
                                                          "Startup Cost": 0.0,
                                                          "Total Cost": 2.41,
                                                          "Plan Rows": 1,
                                                          "Plan Width": 4,
                                                          "Actual Startup Time": 0.007,
                                                          "Actual Total Time": 0.009,
                                                          "Actual Rows": 1,
                                                          "Actual Loops": 1,
                                                          "Filter": "((info)::text = 'rating'::text COLLATE \"C\")",
                                                          "Rows Removed by Filter": 112
                                                        }
                                                      ]
                                                    }
                                                  ]
                                                },
                                                {
                                                  "Node Type": "Index Scan",
                                                  "Parent Relationship": "Inner",
                                                  "Parallel Aware": false,
                                                  "Scan Direction": "Forward",
                                                  "Index Name": "title_pkey",
                                                  "Relation Name": "title",
                                                  "Alias": "t1",
                                                  "Startup Cost": 0.43,
                                                  "Total Cost": 0.58,
                                                  "Plan Rows": 1,
                                                  "Plan Width": 25,
                                                  "Actual Startup Time": 0.002,
                                                  "Actual Total Time": 0.002,
                                                  "Actual Rows": 1,
                                                  "Actual Loops": 2419,
                                                  "Index Cond": "(id = mi_idx1.movie_id)",
                                                  "Rows Removed by Index Recheck": 0
                                                }
                                              ]
                                            },
                                            {
                                              "Node Type": "Hash",
                                              "Parent Relationship": "Inner",
                                              "Parallel Aware": false,
                                              "Startup Cost": 1.09,
                                              "Total Cost": 1.09,
                                              "Plan Rows": 2,
                                              "Plan Width": 4,
                                              "Actual Startup Time": 0.023,
                                              "Actual Total Time": 0.023,
                                              "Actual Rows": 2,
                                              "Actual Loops": 1,
                                              "Hash Buckets": 1024,
                                              "Original Hash Buckets": 1024,
                                              "Hash Batches": 1,
                                              "Original Hash Batches": 1,
                                              "Peak Memory Usage": 9,
                                              "Plans": [
                                                {
                                                  "Node Type": "Seq Scan",
                                                  "Parent Relationship": "Outer",
                                                  "Parallel Aware": false,
                                                  "Relation Name": "kind_type",
                                                  "Alias": "kt1",
                                                  "Startup Cost": 0.0,
                                                  "Total Cost": 1.09,
                                                  "Plan Rows": 2,
                                                  "Plan Width": 4,
                                                  "Actual Startup Time": 0.006,
                                                  "Actual Total Time": 0.008,
                                                  "Actual Rows": 2,
                                                  "Actual Loops": 1,
                                                  "Filter": "((kind)::text = ANY ('{\"tv series\",episode}'::text[]))",
                                                  "Rows Removed by Filter": 5
                                                }
                                              ]
                                            }
                                          ]
                                        },
                                        {
                                          "Node Type": "Index Scan",
                                          "Parent Relationship": "Inner",
                                          "Parallel Aware": false,
                                          "Scan Direction": "Forward",
                                          "Index Name": "movie_id_movie_info_idx",
                                          "Relation Name": "movie_info_idx",
                                          "Alias": "mi_idx2",
                                          "Startup Cost": 0.43,
                                          "Total Cost": 2.38,
                                          "Plan Rows": 2,
                                          "Plan Width": 13,
                                          "Actual Startup Time": 0.006,
                                          "Actual Total Time": 0.006,
                                          "Actual Rows": 2,
                                          "Actual Loops": 2419,
                                          "Index Cond": "(movie_id = ml.linked_movie_id)",
                                          "Rows Removed by Index Recheck": 0,
                                          "Filter": "(info < '6.7'::text)",
                                          "Rows Removed by Filter": 1
                                        }
                                      ]
                                    },
                                    {
                                      "Node Type": "Hash",
                                      "Parent Relationship": "Inner",
                                      "Parallel Aware": false,
                                      "Startup Cost": 2.41,
                                      "Total Cost": 2.41,
                                      "Plan Rows": 1,
                                      "Plan Width": 4,
                                      "Actual Startup Time": 0.024,
                                      "Actual Total Time": 0.025,
                                      "Actual Rows": 1,
                                      "Actual Loops": 1,
                                      "Hash Buckets": 1024,
                                      "Original Hash Buckets": 1024,
                                      "Hash Batches": 1,
                                      "Original Hash Batches": 1,
                                      "Peak Memory Usage": 9,
                                      "Plans": [
                                        {
                                          "Node Type": "Seq Scan",
                                          "Parent Relationship": "Outer",
                                          "Parallel Aware": false,
                                          "Relation Name": "info_type",
                                          "Alias": "it2",
                                          "Startup Cost": 0.0,
                                          "Total Cost": 2.41,
                                          "Plan Rows": 1,
                                          "Plan Width": 4,
                                          "Actual Startup Time": 0.018,
                                          "Actual Total Time": 0.019,
                                          "Actual Rows": 1,
                                          "Actual Loops": 1,
                                          "Filter": "((info)::text = 'rating'::text COLLATE \"C\")",
                                          "Rows Removed by Filter": 112
                                        }
                                      ]
                                    }
                                  ]
                                },
                                {
                                  "Node Type": "Index Scan",
                                  "Parent Relationship": "Inner",
                                  "Parallel Aware": false,
                                  "Scan Direction": "Forward",
                                  "Index Name": "title_pkey",
                                  "Relation Name": "title",
                                  "Alias": "t2",
                                  "Startup Cost": 0.43,
                                  "Total Cost": 0.62,
                                  "Plan Rows": 1,
                                  "Plan Width": 25,
                                  "Actual Startup Time": 0.007,
                                  "Actual Total Time": 0.007,
                                  "Actual Rows": 0,
                                  "Actual Loops": 1422,
                                  "Index Cond": "(id = mi_idx2.movie_id)",
                                  "Rows Removed by Index Recheck": 0,
                                  "Filter": "((production_year >= 1984) AND (production_year <= 2000))",
                                  "Rows Removed by Filter": 1
                                }
                              ]
                            },
                            {
                              "Node Type": "Index Scan",
                              "Parent Relationship": "Inner",
                              "Parallel Aware": false,
                              "Scan Direction": "Forward",
                              "Index Name": "movie_id_movie_companies",
                              "Relation Name": "movie_companies",
                              "Alias": "mc1",
                              "Startup Cost": 0.43,
                              "Total Cost": 0.56,
                              "Plan Rows": 5,
                              "Plan Width": 8,
                              "Actual Startup Time": 0.004,
                              "Actual Total Time": 0.006,
                              "Actual Rows": 3,
                              "Actual Loops": 313,
                              "Index Cond": "(movie_id = t1.id)",
                              "Rows Removed by Index Recheck": 0
                            }
                          ]
                        },
                        {
                          "Node Type": "Index Scan",
                          "Parent Relationship": "Inner",
                          "Parallel Aware": false,
                          "Scan Direction": "Forward",
                          "Index Name": "company_name_pkey",
                          "Relation Name": "company_name",
                          "Alias": "cn1",
                          "Startup Cost": 0.42,
                          "Total Cost": 0.45,
                          "Plan Rows": 1,
                          "Plan Width": 23,
                          "Actual Startup Time": 0.003,
                          "Actual Total Time": 0.003,
                          "Actual Rows": 1,
                          "Actual Loops": 1037,
                          "Index Cond": "(id = mc1.company_id)",
                          "Rows Removed by Index Recheck": 0,
                          "Filter": "((country_code)::text <> '[us]'::text)",
                          "Rows Removed by Filter": 0
                        }
                      ]
                    },
                    {
                      "Node Type": "Index Scan",
                      "Parent Relationship": "Inner",
                      "Parallel Aware": false,
                      "Scan Direction": "Forward",
                      "Index Name": "kind_type_pkey",
                      "Relation Name": "kind_type",
                      "Alias": "kt2",
                      "Startup Cost": 0.13,
                      "Total Cost": 0.15,
                      "Plan Rows": 1,
                      "Plan Width": 4,
                      "Actual Startup Time": 0.001,
                      "Actual Total Time": 0.001,
                      "Actual Rows": 1,
                      "Actual Loops": 656,
                      "Index Cond": "(id = t2.kind_id)",
                      "Rows Removed by Index Recheck": 0,
                      "Filter": "((kind)::text = ANY ('{\"tv series\",episode}'::text[]))",
                      "Rows Removed by Filter": 0
                    }
                  ]
                },
                {
                  "Node Type": "Index Scan",
                  "Parent Relationship": "Inner",
                  "Parallel Aware": false,
                  "Scan Direction": "Forward",
                  "Index Name": "movie_id_movie_companies",
                  "Relation Name": "movie_companies",
                  "Alias": "mc2",
                  "Startup Cost": 0.43,
                  "Total Cost": 0.62,
                  "Plan Rows": 5,
                  "Plan Width": 8,
                  "Actual Startup Time": 0.003,
                  "Actual Total Time": 0.004,
                  "Actual Rows": 3,
                  "Actual Loops": 415,
                  "Index Cond": "(movie_id = mi_idx2.movie_id)",
                  "Rows Removed by Index Recheck": 0
                }
              ]
            },
            {
              "Node Type": "Index Scan",
              "Parent Relationship": "Inner",
              "Parallel Aware": false,
              "Scan Direction": "Forward",
              "Index Name": "company_name_pkey",
              "Relation Name": "company_name",
              "Alias": "cn2",
              "Startup Cost": 0.42,
              "Total Cost": 0.44,
              "Plan Rows": 1,
              "Plan Width": 23,
              "Actual Startup Time": 0.002,
              "Actual Total Time": 0.002,
              "Actual Rows": 1,
              "Actual Loops": 1447,
              "Index Cond": "(id = mc2.company_id)",
              "Rows Removed by Index Recheck": 0
            }
          ]
        }
      ]
    },
    "Planning Time": 245.741,
    "Triggers": [],
    "Execution Time": 63.651
  }
]