[
  {
    "Plan": {
      "Node Type": "Aggregate",
      "Strategy": "Plain",
      "Partial Mode": "Finalize",
      "Parallel Aware": false,
      "Startup Cost": 94418.14,
      "Total Cost": 94418.15,
      "Plan Rows": 1,
      "Plan Width": 8,
      "Actual Startup Time": 370.441,
      "Actual Total Time": 387.371,
      "Actual Rows": 1,
      "Actual Loops": 1,
      "Plans": [
        {
          "Node Type": "Gather",
          "Parent Relationship": "Outer",
          "Parallel Aware": false,
          "Startup Cost": 94417.82,
          "Total Cost": 94418.13,
          "Plan Rows": 3,
          "Plan Width": 8,
          "Actual Startup Time": 365.891,
          "Actual Total Time": 387.361,
          "Actual Rows": 4,
          "Actual Loops": 1,
          "Workers Planned": 3,
          "Workers Launched": 3,
          "Single Copy": false,
          "Plans": [
            {
              "Node Type": "Aggregate",
              "Strategy": "Plain",
              "Partial Mode": "Partial",
              "Parent Relationship": "Outer",
              "Parallel Aware": false,
              "Startup Cost": 93417.82,
              "Total Cost": 93417.83,
              "Plan Rows": 1,
              "Plan Width": 8,
              "Actual Startup Time": 353.515,
              "Actual Total Time": 353.518,
              "Actual Rows": 1,
              "Actual Loops": 4,
              "Plans": [
                {
                  "Node Type": "Hash Join",
                  "Parent Relationship": "Outer",
                  "Parallel Aware": true,
                  "Join Type": "Inner",
                  "Startup Cost": 49744.72,
                  "Total Cost": 93085.9,
                  "Plan Rows": 132767,
                  "Plan Width": 0,
                  "Actual Startup Time": 234.989,
                  "Actual Total Time": 352.06,
                  "Actual Rows": 32494,
                  "Actual Loops": 4,
                  "Inner Unique": true,
                  "Hash Cond": "(mk.movie_id = t.id)",
                  "Plans": [
                    {
                      "Node Type": "Seq Scan",
                      "Parent Relationship": "Outer",
                      "Parallel Aware": true,
                      "Relation Name": "movie_keyword",
                      "Alias": "mk",
                      "Startup Cost": 0.0,
                      "Total Cost": 42695.65,
                      "Plan Rows": 245915,
                      "Plan Width": 4,
                      "Actual Startup Time": 2.01,
                      "Actual Total Time": 85.808,
                      "Actual Rows": 187662,
                      "Actual Loops": 4,
                      "Filter": "(keyword_id > 24902)",
                      "Rows Removed by Filter": 943321
                    },
                    {
                      "Node Type": "Hash",
                      "Parent Relationship": "Inner",
                      "Parallel Aware": true,
                      "Startup Cost": 45479.1,
                      "Total Cost": 45479.1,
                      "Plan Rows": 341250,
                      "Plan Width": 4,
                      "Actual Startup Time": 225.038,
                      "Actual Total Time": 225.039,
                      "Actual Rows": 334922,
                      "Actual Loops": 4,
                      "Hash Buckets": 2097152,
                      "Original Hash Buckets": 2097152,
                      "Hash Batches": 1,
                      "Original Hash Batches": 1,
                      "Peak Memory Usage": 68864,
                      "Plans": [
                        {
                          "Node Type": "Seq Scan",
                          "Parent Relationship": "Outer",
                          "Parallel Aware": true,
                          "Relation Name": "title",
                          "Alias": "t",
                          "Startup Cost": 0.0,
                          "Total Cost": 45479.1,
                          "Plan Rows": 341250,
                          "Plan Width": 4,
                          "Actual Startup Time": 0.038,
                          "Actual Total Time": 102.332,
                          "Actual Rows": 334922,
                          "Actual Loops": 4,
                          "Filter": "((kind_id > 4) AND (production_year < 2012))",
                          "Rows Removed by Filter": 297156
                        }
                      ]
                    }
                  ]
                }
              ]
            }
          ]
        }
      ]
    },
    "Planning Time": 0.604,
    "Triggers": [],
    "Execution Time": 387.439
  }
]