[
  {
    "Plan": {
      "Node Type": "Aggregate",
      "Strategy": "Plain",
      "Partial Mode": "Finalize",
      "Parallel Aware": false,
      "Startup Cost": 30650.1,
      "Total Cost": 30650.11,
      "Plan Rows": 1,
      "Plan Width": 8,
      "Actual Startup Time": 87.587,
      "Actual Total Time": 95.182,
      "Actual Rows": 1,
      "Actual Loops": 1,
      "Plans": [
        {
          "Node Type": "Gather",
          "Parent Relationship": "Outer",
          "Parallel Aware": false,
          "Startup Cost": 30649.78,
          "Total Cost": 30650.09,
          "Plan Rows": 3,
          "Plan Width": 8,
          "Actual Startup Time": 87.503,
          "Actual Total Time": 95.168,
          "Actual Rows": 4,
          "Actual Loops": 1,
          "Workers Planned": 3,
          "Workers Launched": 3,
          "Single Copy": false,
          "Plans": [
            {
              "Node Type": "Aggregate",
              "Strategy": "Plain",
              "Partial Mode": "Partial",
              "Parent Relationship": "Outer",
              "Parallel Aware": false,
              "Startup Cost": 29649.78,
              "Total Cost": 29649.79,
              "Plan Rows": 1,
              "Plan Width": 8,
              "Actual Startup Time": 80.688,
              "Actual Total Time": 80.689,
              "Actual Rows": 1,
              "Actual Loops": 4,
              "Plans": [
                {
                  "Node Type": "Seq Scan",
                  "Parent Relationship": "Outer",
                  "Parallel Aware": true,
                  "Relation Name": "movie_companies",
                  "Alias": "mc",
                  "Startup Cost": 0.0,
                  "Total Cost": 29310.68,
                  "Plan Rows": 135641,
                  "Plan Width": 0,
                  "Actual Startup Time": 0.038,
                  "Actual Total Time": 73.746,
                  "Actual Rows": 103531,
                  "Actual Loops": 4,
                  "Filter": "(company_id < 284)",
                  "Rows Removed by Filter": 548751
                }
              ]
            }
          ]
        }
      ]
    },
    "Planning Time": 0.119,
    "Triggers": [],
    "Execution Time": 95.226
  }
]