{
  "Plan": {
    "Node Type": "Aggregate",
    "Strategy": "Plain",
    "Partial Mode": "Finalize",
    "Parallel Aware": false,
    "Startup Cost": 143268.96,
    "Total Cost": 143268.97,
    "Plan Rows": 1,
    "Plan Width": 8,
    "Actual Startup Time": 1080.16,
    "Actual Total Time": 1091.266,
    "Actual Rows": 1,
    "Actual Loops": 1,
    "Plans": [
      {
        "Node Type": "Gather",
        "Parent Relationship": "Outer",
        "Parallel Aware": false,
        "Startup Cost": 143268.85,
        "Total Cost": 143268.96,
        "Plan Rows": 1,
        "Plan Width": 8,
        "Actual Startup Time": 1077.84,
        "Actual Total Time": 1091.257,
        "Actual Rows": 2,
        "Actual Loops": 1,
        "Workers Planned": 1,
        "Workers Launched": 1,
        "Single Copy": false,
        "Plans": [
          {
            "Node Type": "Aggregate",
            "Strategy": "Plain",
            "Partial Mode": "Partial",
            "Parent Relationship": "Outer",
            "Parallel Aware": false,
            "Startup Cost": 142268.85,
            "Total Cost": 142268.86,
            "Plan Rows": 1,
            "Plan Width": 8,
            "Actual Startup Time": 1071.759,
            "Actual Total Time": 1072.375,
            "Actual Rows": 1,
            "Actual Loops": 2,
            "Plans": [
              {
                "Node Type": "Hash Join",
                "Parent Relationship": "Outer",
                "Parallel Aware": true,
                "Join Type": "Inner",
                "Startup Cost": 78478.95,
                "Total Cost": 141450.08,
                "Plan Rows": 327508,
                "Plan Width": 0,
                "Actual Startup Time": 468.294,
                "Actual Total Time": 959.252,
                "Actual Rows": 2855746,
                "Actual Loops": 2,
                "Inner Unique": false,
                "Hash Cond": "(mk.movie_id = t.id)",
                "Plans": [
                  {
                    "Node Type": "Seq Scan",
                    "Parent Relationship": "Outer",
                    "Parallel Aware": true,
                    "Relation Name": "movie_keyword",
                    "Alias": "mk",
                    "Startup Cost": 0.0,
                    "Total Cost": 51065.35,
                    "Plan Rows": 2661135,
                    "Plan Width": 4,
                    "Actual Startup Time": 0.013,
                    "Actual Total Time": 157.92,
                    "Actual Rows": 2261965,
                    "Actual Loops": 2
                  },
                  {
                    "Node Type": "Hash",
                    "Parent Relationship": "Inner",
                    "Parallel Aware": true,
                    "Startup Cost": 76191.01,
                    "Total Cost": 76191.01,
                    "Plan Rows": 183035,
                    "Plan Width": 8,
                    "Actual Startup Time": 395.35,
                    "Actual Total Time": 395.965,
                    "Actual Rows": 246828,
                    "Actual Loops": 2,
                    "Hash Buckets": 524288,
                    "Original Hash Buckets": 524288,
                    "Hash Batches": 1,
                    "Original Hash Batches": 1,
                    "Peak Memory Usage": 23424,
                    "Plans": [
                      {
                        "Node Type": "Hash Join",
                        "Parent Relationship": "Outer",
                        "Parallel Aware": true,
                        "Join Type": "Inner",
                        "Startup Cost": 58007.22,
                        "Total Cost": 76191.01,
                        "Plan Rows": 183035,
                        "Plan Width": 8,
                        "Actual Startup Time": 231.301,
                        "Actual Total Time": 344.913,
                        "Actual Rows": 246828,
                        "Actual Loops": 2,
                        "Inner Unique": true,
                        "Hash Cond": "(mi_idx.movie_id = t.id)",
                        "Plans": [
                          {
                            "Node Type": "Seq Scan",
                            "Parent Relationship": "Outer",
                            "Parallel Aware": true,
                            "Relation Name": "movie_info_idx",
                            "Alias": "mi_idx",
                            "Startup Cost": 0.0,
                            "Total Cost": 16052.85,
                            "Plan Rows": 811785,
                            "Plan Width": 4,
                            "Actual Startup Time": 0.02,
                            "Actual Total Time": 52.071,
                            "Actual Rows": 690018,
                            "Actual Loops": 2
                          },
                          {
                            "Node Type": "Hash",
                            "Parent Relationship": "Inner",
                            "Parallel Aware": true,
                            "Startup Cost": 53815.62,
                            "Total Cost": 53815.62,
                            "Plan Rows": 335328,
                            "Plan Width": 4,
                            "Actual Startup Time": 171.114,
                            "Actual Total Time": 171.115,
                            "Actual Rows": 225156,
                            "Actual Loops": 2,
                            "Hash Buckets": 1048576,
                            "Original Hash Buckets": 1048576,
                            "Hash Batches": 1,
                            "Original Hash Batches": 1,
                            "Peak Memory Usage": 25824,
                            "Plans": [
                              {
                                "Node Type": "Bitmap Heap Scan",
                                "Parent Relationship": "Outer",
                                "Parallel Aware": true,
                                "Relation Name": "title",
                                "Alias": "t",
                                "Startup Cost": 11965.36,
                                "Total Cost": 53815.62,
                                "Plan Rows": 335328,
                                "Plan Width": 4,
                                "Actual Startup Time": 27.581,
                                "Actual Total Time": 99.321,
                                "Actual Rows": 225156,
                                "Actual Loops": 2,
                                "Recheck Cond": "(kind_id = 1)",
                                "Rows Removed by Index Recheck": 0,
                                "Filter": "(production_year > 1964)",
                                "Rows Removed by Filter": 106256,
                                "Exact Heap Blocks": 8007,
                                "Lossy Heap Blocks": 0,
                                "Plans": [
                                  {
                                    "Node Type": "Bitmap Index Scan",
                                    "Parent Relationship": "Outer",
                                    "Parallel Aware": false,
                                    "Index Name": "kind_id_title",
                                    "Startup Cost": 0.0,
                                    "Total Cost": 11822.85,
                                    "Plan Rows": 663256,
                                    "Plan Width": 0,
                                    "Actual Startup Time": 25.691,
                                    "Actual Total Time": 25.692,
                                    "Actual Rows": 662825,
                                    "Actual Loops": 1,
                                    "Index Cond": "(kind_id = 1)"
                                  }
                                ]
                              }
                            ]
                          }
                        ]
                      }
                    ]
                  }
                ]
              }
            ]
          }
        ]
      }
    ]
  },
  "Planning Time": 0.988,
  "Triggers": [],
  "Execution Time": 1091.37
}