[
  {
    "Plan": {
      "Node Type": "Aggregate",
      "Strategy": "Plain",
      "Partial Mode": "Finalize",
      "Parallel Aware": false,
      "Startup Cost": 397485.75,
      "Total Cost": 397485.76,
      "Plan Rows": 1,
      "Plan Width": 8,
      "Actual Startup Time": 1190.95,
      "Actual Total Time": 1242.683,
      "Actual Rows": 1,
      "Actual Loops": 1,
      "Plans": [
        {
          "Node Type": "Gather",
          "Parent Relationship": "Outer",
          "Parallel Aware": false,
          "Startup Cost": 397485.12,
          "Total Cost": 397485.73,
          "Plan Rows": 6,
          "Plan Width": 8,
          "Actual Startup Time": 1184.453,
          "Actual Total Time": 1242.663,
          "Actual Rows": 7,
          "Actual Loops": 1,
          "Workers Planned": 6,
          "Workers Launched": 6,
          "Single Copy": false,
          "Plans": [
            {
              "Node Type": "Aggregate",
              "Strategy": "Plain",
              "Partial Mode": "Partial",
              "Parent Relationship": "Outer",
              "Parallel Aware": false,
              "Startup Cost": 396485.12,
              "Total Cost": 396485.13,
              "Plan Rows": 1,
              "Plan Width": 8,
              "Actual Startup Time": 1169.626,
              "Actual Total Time": 1169.63,
              "Actual Rows": 1,
              "Actual Loops": 7,
              "Plans": [
                {
                  "Node Type": "Hash Join",
                  "Parent Relationship": "Outer",
                  "Parallel Aware": true,
                  "Join Type": "Inner",
                  "Startup Cost": 49104.34,
                  "Total Cost": 395249.26,
                  "Plan Rows": 494344,
                  "Plan Width": 0,
                  "Actual Startup Time": 187.561,
                  "Actual Total Time": 1146.691,
                  "Actual Rows": 481639,
                  "Actual Loops": 7,
                  "Inner Unique": true,
                  "Hash Cond": "(ci.movie_id = t.id)",
                  "Plans": [
                    {
                      "Node Type": "Seq Scan",
                      "Parent Relationship": "Outer",
                      "Parallel Aware": true,
                      "Relation Name": "cast_info",
                      "Alias": "ci",
                      "Startup Cost": 0.0,
                      "Total Cost": 343316.27,
                      "Plan Rows": 1077584,
                      "Plan Width": 4,
                      "Actual Startup Time": 0.043,
                      "Actual Total Time": 627.094,
                      "Actual Rows": 1032298,
                      "Actual Loops": 7,
                      "Filter": "((person_id < 732036) AND (role_id < 10))",
                      "Rows Removed by Filter": 4145466
                    },
                    {
                      "Node Type": "Hash",
                      "Parent Relationship": "Inner",
                      "Parallel Aware": true,
                      "Startup Cost": 45479.59,
                      "Total Cost": 45479.59,
                      "Plan Rows": 289980,
                      "Plan Width": 4,
                      "Actual Startup Time": 182.577,
                      "Actual Total Time": 182.579,
                      "Actual Rows": 177790,
                      "Actual Loops": 7,
                      "Hash Buckets": 2097152,
                      "Original Hash Buckets": 2097152,
                      "Hash Batches": 1,
                      "Original Hash Batches": 1,
                      "Peak Memory Usage": 65184,
                      "Plans": [
                        {
                          "Node Type": "Seq Scan",
                          "Parent Relationship": "Outer",
                          "Parallel Aware": true,
                          "Relation Name": "title",
                          "Alias": "t",
                          "Startup Cost": 0.0,
                          "Total Cost": 45479.59,
                          "Plan Rows": 289980,
                          "Plan Width": 4,
                          "Actual Startup Time": 0.054,
                          "Actual Total Time": 84.934,
                          "Actual Rows": 177790,
                          "Actual Loops": 7,
                          "Filter": "((production_year > 1983) AND (kind_id = 7))",
                          "Rows Removed by Filter": 183397
                        }
                      ]
                    }
                  ]
                }
              ]
            }
          ]
        }
      ]
    },
    "Planning Time": 0.687,
    "Triggers": [],
    "Execution Time": 1242.767
  }
]