[
  {
    "Plan": {
      "Node Type": "Aggregate",
      "Strategy": "Plain",
      "Partial Mode": "Finalize",
      "Parallel Aware": false,
      "Startup Cost": 397357.53,
      "Total Cost": 397357.54,
      "Plan Rows": 1,
      "Plan Width": 8,
      "Actual Startup Time": 1114.734,
      "Actual Total Time": 1174.56,
      "Actual Rows": 1,
      "Actual Loops": 1,
      "Plans": [
        {
          "Node Type": "Gather",
          "Parent Relationship": "Outer",
          "Parallel Aware": false,
          "Startup Cost": 397356.91,
          "Total Cost": 397357.52,
          "Plan Rows": 6,
          "Plan Width": 8,
          "Actual Startup Time": 1106.801,
          "Actual Total Time": 1174.547,
          "Actual Rows": 7,
          "Actual Loops": 1,
          "Workers Planned": 6,
          "Workers Launched": 6,
          "Single Copy": false,
          "Plans": [
            {
              "Node Type": "Aggregate",
              "Strategy": "Plain",
              "Partial Mode": "Partial",
              "Parent Relationship": "Outer",
              "Parallel Aware": false,
              "Startup Cost": 396356.91,
              "Total Cost": 396356.92,
              "Plan Rows": 1,
              "Plan Width": 8,
              "Actual Startup Time": 1091.558,
              "Actual Total Time": 1091.561,
              "Actual Rows": 1,
              "Actual Loops": 7,
              "Plans": [
                {
                  "Node Type": "Hash Join",
                  "Parent Relationship": "Outer",
                  "Parallel Aware": true,
                  "Join Type": "Inner",
                  "Startup Cost": 49082.62,
                  "Total Cost": 395140.36,
                  "Plan Rows": 486619,
                  "Plan Width": 0,
                  "Actual Startup Time": 171.596,
                  "Actual Total Time": 1071.831,
                  "Actual Rows": 481639,
                  "Actual Loops": 7,
                  "Inner Unique": true,
                  "Hash Cond": "(ci.movie_id = t.id)",
                  "Plans": [
                    {
                      "Node Type": "Seq Scan",
                      "Parent Relationship": "Outer",
                      "Parallel Aware": true,
                      "Relation Name": "cast_info",
                      "Alias": "ci",
                      "Startup Cost": 0.0,
                      "Total Cost": 343257.03,
                      "Plan Rows": 1066936,
                      "Plan Width": 4,
                      "Actual Startup Time": 0.021,
                      "Actual Total Time": 579.051,
                      "Actual Rows": 1032298,
                      "Actual Loops": 7,
                      "Filter": "((person_id < 732036) AND (role_id < 10))",
                      "Rows Removed by Filter": 4145466
                    },
                    {
                      "Node Type": "Hash",
                      "Parent Relationship": "Inner",
                      "Parallel Aware": true,
                      "Startup Cost": 45479.1,
                      "Total Cost": 45479.1,
                      "Plan Rows": 288282,
                      "Plan Width": 4,
                      "Actual Startup Time": 166.662,
                      "Actual Total Time": 166.663,
                      "Actual Rows": 177790,
                      "Actual Loops": 7,
                      "Hash Buckets": 2097152,
                      "Original Hash Buckets": 2097152,
                      "Hash Batches": 1,
                      "Original Hash Batches": 1,
                      "Peak Memory Usage": 65216,
                      "Plans": [
                        {
                          "Node Type": "Seq Scan",
                          "Parent Relationship": "Outer",
                          "Parallel Aware": true,
                          "Relation Name": "title",
                          "Alias": "t",
                          "Startup Cost": 0.0,
                          "Total Cost": 45479.1,
                          "Plan Rows": 288282,
                          "Plan Width": 4,
                          "Actual Startup Time": 0.047,
                          "Actual Total Time": 76.883,
                          "Actual Rows": 177790,
                          "Actual Loops": 7,
                          "Filter": "((production_year > 1983) AND (kind_id = 7))",
                          "Rows Removed by Filter": 183397
                        }
                      ]
                    }
                  ]
                }
              ]
            }
          ]
        }
      ]
    },
    "Planning Time": 0.627,
    "Triggers": [],
    "Execution Time": 1174.645
  }
]