[
  {
    "Plan": {
      "Node Type": "Aggregate",
      "Strategy": "Plain",
      "Partial Mode": "Finalize",
      "Parallel Aware": false,
      "Startup Cost": 30857.64,
      "Total Cost": 30857.65,
      "Plan Rows": 1,
      "Plan Width": 8,
      "Actual Startup Time": 81.835,
      "Actual Total Time": 89.561,
      "Actual Rows": 1,
      "Actual Loops": 1,
      "Plans": [
        {
          "Node Type": "Gather",
          "Parent Relationship": "Outer",
          "Parallel Aware": false,
          "Startup Cost": 30857.33,
          "Total Cost": 30857.64,
          "Plan Rows": 3,
          "Plan Width": 8,
          "Actual Startup Time": 81.713,
          "Actual Total Time": 89.554,
          "Actual Rows": 4,
          "Actual Loops": 1,
          "Workers Planned": 3,
          "Workers Launched": 3,
          "Single Copy": false,
          "Plans": [
            {
              "Node Type": "Aggregate",
              "Strategy": "Plain",
              "Partial Mode": "Partial",
              "Parent Relationship": "Outer",
              "Parallel Aware": false,
              "Startup Cost": 29857.33,
              "Total Cost": 29857.34,
              "Plan Rows": 1,
              "Plan Width": 8,
              "Actual Startup Time": 76.433,
              "Actual Total Time": 76.435,
              "Actual Rows": 1,
              "Actual Loops": 4,
              "Plans": [
                {
                  "Node Type": "Seq Scan",
                  "Parent Relationship": "Outer",
                  "Parallel Aware": true,
                  "Relation Name": "movie_companies",
                  "Alias": "mc",
                  "Startup Cost": 0.0,
                  "Total Cost": 29310.68,
                  "Plan Rows": 218658,
                  "Plan Width": 0,
                  "Actual Startup Time": 0.025,
                  "Actual Total Time": 67.664,
                  "Actual Rows": 168082,
                  "Actual Loops": 4,
                  "Filter": "(company_id < 1085)",
                  "Rows Removed by Filter": 484200
                }
              ]
            }
          ]
        }
      ]
    },
    "Planning Time": 0.063,
    "Triggers": [],
    "Execution Time": 89.587
  }
]