[
  {
    "Plan": {
      "Node Type": "Aggregate",
      "Strategy": "Plain",
      "Partial Mode": "Finalize",
      "Parallel Aware": false,
      "Startup Cost": 79770.17,
      "Total Cost": 79770.18,
      "Plan Rows": 1,
      "Plan Width": 8,
      "Actual Startup Time": 237.581,
      "Actual Total Time": 253.487,
      "Actual Rows": 1,
      "Actual Loops": 1,
      "Plans": [
        {
          "Node Type": "Gather",
          "Parent Relationship": "Outer",
          "Parallel Aware": false,
          "Startup Cost": 79769.85,
          "Total Cost": 79770.16,
          "Plan Rows": 3,
          "Plan Width": 8,
          "Actual Startup Time": 235.937,
          "Actual Total Time": 253.481,
          "Actual Rows": 4,
          "Actual Loops": 1,
          "Workers Planned": 3,
          "Workers Launched": 3,
          "Single Copy": false,
          "Plans": [
            {
              "Node Type": "Aggregate",
              "Strategy": "Plain",
              "Partial Mode": "Partial",
              "Parent Relationship": "Outer",
              "Parallel Aware": false,
              "Startup Cost": 78769.85,
              "Total Cost": 78769.86,
              "Plan Rows": 1,
              "Plan Width": 8,
              "Actual Startup Time": 230.595,
              "Actual Total Time": 230.598,
              "Actual Rows": 1,
              "Actual Loops": 4,
              "Plans": [
                {
                  "Node Type": "Hash Join",
                  "Parent Relationship": "Outer",
                  "Parallel Aware": true,
                  "Join Type": "Inner",
                  "Startup Cost": 46449.71,
                  "Total Cost": 78675.07,
                  "Plan Rows": 37912,
                  "Plan Width": 0,
                  "Actual Startup Time": 157.394,
                  "Actual Total Time": 228.347,
                  "Actual Rows": 54699,
                  "Actual Loops": 4,
                  "Inner Unique": true,
                  "Hash Cond": "(mc.movie_id = t.id)",
                  "Plans": [
                    {
                      "Node Type": "Seq Scan",
                      "Parent Relationship": "Outer",
                      "Parallel Aware": true,
                      "Relation Name": "movie_companies",
                      "Alias": "mc",
                      "Startup Cost": 0.0,
                      "Total Cost": 31414.82,
                      "Plan Rows": 308777,
                      "Plan Width": 4,
                      "Actual Startup Time": 30.204,
                      "Actual Total Time": 63.041,
                      "Actual Rows": 162038,
                      "Actual Loops": 4,
                      "Filter": "((company_id < 40543) AND (company_type_id > 1))",
                      "Rows Removed by Filter": 490244
                    },
                    {
                      "Node Type": "Hash",
                      "Parent Relationship": "Inner",
                      "Parallel Aware": true,
                      "Startup Cost": 45479.59,
                      "Total Cost": 45479.59,
                      "Plan Rows": 77610,
                      "Plan Width": 4,
                      "Actual Startup Time": 125.25,
                      "Actual Total Time": 125.25,
                      "Actual Rows": 108340,
                      "Actual Loops": 4,
                      "Hash Buckets": 524288,
                      "Original Hash Buckets": 524288,
                      "Hash Batches": 1,
                      "Original Hash Batches": 1,
                      "Peak Memory Usage": 21056,
                      "Plans": [
                        {
                          "Node Type": "Seq Scan",
                          "Parent Relationship": "Outer",
                          "Parallel Aware": true,
                          "Relation Name": "title",
                          "Alias": "t",
                          "Startup Cost": 0.0,
                          "Total Cost": 45479.59,
                          "Plan Rows": 77610,
                          "Plan Width": 4,
                          "Actual Startup Time": 0.071,
                          "Actual Total Time": 90.675,
                          "Actual Rows": 108340,
                          "Actual Loops": 4,
                          "Filter": "((kind_id < 7) AND (production_year < 1995))",
                          "Rows Removed by Filter": 523738
                        }
                      ]
                    }
                  ]
                }
              ]
            }
          ]
        }
      ]
    },
    "Planning Time": 0.248,
    "Triggers": [],
    "Execution Time": 253.53
  }
]