[
  {
    "Plan": {
      "Node Type": "Aggregate",
      "Strategy": "Plain",
      "Partial Mode": "Finalize",
      "Parallel Aware": false,
      "Startup Cost": 350603.96,
      "Total Cost": 350603.97,
      "Plan Rows": 1,
      "Plan Width": 8,
      "Actual Startup Time": 804.974,
      "Actual Total Time": 857.547,
      "Actual Rows": 1,
      "Actual Loops": 1,
      "Plans": [
        {
          "Node Type": "Gather",
          "Parent Relationship": "Outer",
          "Parallel Aware": false,
          "Startup Cost": 350603.34,
          "Total Cost": 350603.95,
          "Plan Rows": 6,
          "Plan Width": 8,
          "Actual Startup Time": 804.83,
          "Actual Total Time": 857.534,
          "Actual Rows": 7,
          "Actual Loops": 1,
          "Workers Planned": 6,
          "Workers Launched": 6,
          "Single Copy": false,
          "Plans": [
            {
              "Node Type": "Aggregate",
              "Strategy": "Plain",
              "Partial Mode": "Partial",
              "Parent Relationship": "Outer",
              "Parallel Aware": false,
              "Startup Cost": 349603.34,
              "Total Cost": 349603.35,
              "Plan Rows": 1,
              "Plan Width": 8,
              "Actual Startup Time": 798.924,
              "Actual Total Time": 798.925,
              "Actual Rows": 1,
              "Actual Loops": 7,
              "Plans": [
                {
                  "Node Type": "Seq Scan",
                  "Parent Relationship": "Outer",
                  "Parallel Aware": true,
                  "Relation Name": "cast_info",
                  "Alias": "ci",
                  "Startup Cost": 0.0,
                  "Total Cost": 343316.27,
                  "Plan Rows": 2514826,
                  "Plan Width": 0,
                  "Actual Startup Time": 0.037,
                  "Actual Total Time": 677.747,
                  "Actual Rows": 2477801,
                  "Actual Loops": 7,
                  "Filter": "((person_id < 1918956) AND (role_id < 8))",
                  "Rows Removed by Filter": 2699962
                }
              ]
            }
          ]
        }
      ]
    },
    "Planning Time": 0.195,
    "Triggers": [],
    "Execution Time": 857.61
  }
]