[
    {
        "Bao": {
            "Bao prediction": "NaN",
            "Bao recommended hint": "(no hint)"
        }
    },
    {
        "Plan": {
            "Node Type": "Aggregate",
            "Strategy": "Plain",
            "Partial Mode": "Finalize",
            "Parallel Aware": false,
            "Startup Cost": 210518.67,
            "Total Cost": 210518.68,
            "Plan Rows": 1,
            "Plan Width": 8,
            "Actual Startup Time": 86.512,
            "Actual Total Time": 100.011,
            "Actual Rows": 1,
            "Actual Loops": 1,
            "Output": [
                "count(*)"
            ],
            "Plans": [
                {
                    "Node Type": "Gather",
                    "Parent Relationship": "Outer",
                    "Parallel Aware": false,
                    "Startup Cost": 210518.25,
                    "Total Cost": 210518.66,
                    "Plan Rows": 4,
                    "Plan Width": 8,
                    "Actual Startup Time": 86.28,
                    "Actual Total Time": 100.003,
                    "Actual Rows": 5,
                    "Actual Loops": 1,
                    "Output": [
                        "(PARTIAL count(*))"
                    ],
                    "Workers Planned": 4,
                    "Workers Launched": 4,
                    "Single Copy": false,
                    "Plans": [
                        {
                            "Node Type": "Aggregate",
                            "Strategy": "Plain",
                            "Partial Mode": "Partial",
                            "Parent Relationship": "Outer",
                            "Parallel Aware": false,
                            "Startup Cost": 209518.25,
                            "Total Cost": 209518.26,
                            "Plan Rows": 1,
                            "Plan Width": 8,
                            "Actual Startup Time": 76.796,
                            "Actual Total Time": 76.799,
                            "Actual Rows": 1,
                            "Actual Loops": 5,
                            "Output": [
                                "PARTIAL count(*)"
                            ],
                            "Workers": [
                                {
                                    "Worker Number": 0,
                                    "Actual Startup Time": 74.238,
                                    "Actual Total Time": 74.24,
                                    "Actual Rows": 1,
                                    "Actual Loops": 1
                                },
                                {
                                    "Worker Number": 1,
                                    "Actual Startup Time": 74.379,
                                    "Actual Total Time": 74.382,
                                    "Actual Rows": 1,
                                    "Actual Loops": 1
                                },
                                {
                                    "Worker Number": 2,
                                    "Actual Startup Time": 74.507,
                                    "Actual Total Time": 74.509,
                                    "Actual Rows": 1,
                                    "Actual Loops": 1
                                },
                                {
                                    "Worker Number": 3,
                                    "Actual Startup Time": 74.875,
                                    "Actual Total Time": 74.876,
                                    "Actual Rows": 1,
                                    "Actual Loops": 1
                                }
                            ],
                            "Plans": [
                                {
                                    "Node Type": "Nested Loop",
                                    "Parent Relationship": "Outer",
                                    "Parallel Aware": false,
                                    "Join Type": "Inner",
                                    "Startup Cost": 1802.54,
                                    "Total Cost": 209486.64,
                                    "Plan Rows": 12642,
                                    "Plan Width": 0,
                                    "Actual Startup Time": 2.004,
                                    "Actual Total Time": 75.983,
                                    "Actual Rows": 8753,
                                    "Actual Loops": 5,
                                    "Inner Unique": false,
                                    "Workers": [
                                        {
                                            "Worker Number": 0,
                                            "Actual Startup Time": 0.795,
                                            "Actual Total Time": 73.446,
                                            "Actual Rows": 4048,
                                            "Actual Loops": 1
                                        },
                                        {
                                            "Worker Number": 1,
                                            "Actual Startup Time": 0.389,
                                            "Actual Total Time": 73.647,
                                            "Actual Rows": 5394,
                                            "Actual Loops": 1
                                        },
                                        {
                                            "Worker Number": 2,
                                            "Actual Startup Time": 0.848,
                                            "Actual Total Time": 73.804,
                                            "Actual Rows": 5124,
                                            "Actual Loops": 1
                                        },
                                        {
                                            "Worker Number": 3,
                                            "Actual Startup Time": 0.388,
                                            "Actual Total Time": 74.173,
                                            "Actual Rows": 5013,
                                            "Actual Loops": 1
                                        }
                                    ],
                                    "Plans": [
                                        {
                                            "Node Type": "Bitmap Heap Scan",
                                            "Parent Relationship": "Outer",
                                            "Parallel Aware": true,
                                            "Relation Name": "title",
                                            "Schema": "public",
                                            "Alias": "t",
                                            "Startup Cost": 1801.98,
                                            "Total Cost": 38177.96,
                                            "Plan Rows": 1579,
                                            "Plan Width": 4,
                                            "Actual Startup Time": 1.826,
                                            "Actual Total Time": 13.597,
                                            "Actual Rows": 716,
                                            "Actual Loops": 5,
                                            "Output": [
                                                "t.id",
                                                "t.title",
                                                "t.imdb_index",
                                                "t.kind_id",
                                                "t.production_year",
                                                "t.imdb_id",
                                                "t.phonetic_code",
                                                "t.episode_of_id",
                                                "t.season_nr",
                                                "t.episode_nr",
                                                "t.series_years",
                                                "t.md5sum"
                                            ],
                                            "Recheck Cond": "(t.kind_id = 3)",
                                            "Rows Removed by Index Recheck": 0,
                                            "Filter": "(t.production_year = 2011)",
                                            "Rows Removed by Filter": 19391,
                                            "Exact Heap Blocks": 6876,
                                            "Lossy Heap Blocks": 0,
                                            "Workers": [
                                                {
                                                    "Worker Number": 0,
                                                    "Actual Startup Time": 0.583,
                                                    "Actual Total Time": 9.899,
                                                    "Actual Rows": 333,
                                                    "Actual Loops": 1
                                                },
                                                {
                                                    "Worker Number": 1,
                                                    "Actual Startup Time": 0.167,
                                                    "Actual Total Time": 10.686,
                                                    "Actual Rows": 427,
                                                    "Actual Loops": 1
                                                },
                                                {
                                                    "Worker Number": 2,
                                                    "Actual Startup Time": 0.629,
                                                    "Actual Total Time": 10.93,
                                                    "Actual Rows": 440,
                                                    "Actual Loops": 1
                                                },
                                                {
                                                    "Worker Number": 3,
                                                    "Actual Startup Time": 0.169,
                                                    "Actual Total Time": 10.289,
                                                    "Actual Rows": 440,
                                                    "Actual Loops": 1
                                                }
                                            ],
                                            "Plans": [
                                                {
                                                    "Node Type": "Bitmap Index Scan",
                                                    "Parent Relationship": "Outer",
                                                    "Parallel Aware": false,
                                                    "Index Name": "kind_id_title",
                                                    "Startup Cost": 0.0,
                                                    "Total Cost": 1800.4,
                                                    "Plan Rows": 100796,
                                                    "Plan Width": 0,
                                                    "Actual Startup Time": 5.254,
                                                    "Actual Total Time": 5.255,
                                                    "Actual Rows": 100537,
                                                    "Actual Loops": 1,
                                                    "Index Cond": "(t.kind_id = 3)"
                                                }
                                            ]
                                        },
                                        {
                                            "Node Type": "Index Scan",
                                            "Parent Relationship": "Inner",
                                            "Parallel Aware": false,
                                            "Scan Direction": "Forward",
                                            "Index Name": "movie_id_cast_info",
                                            "Relation Name": "cast_info",
                                            "Schema": "public",
                                            "Alias": "ci",
                                            "Startup Cost": 0.56,
                                            "Total Cost": 108.28,
                                            "Plan Rows": 21,
                                            "Plan Width": 4,
                                            "Actual Startup Time": 0.018,
                                            "Actual Total Time": 0.085,
                                            "Actual Rows": 12,
                                            "Actual Loops": 3580,
                                            "Output": [
                                                "ci.id",
                                                "ci.person_id",
                                                "ci.movie_id",
                                                "ci.person_role_id",
                                                "ci.note",
                                                "ci.nr_order",
                                                "ci.role_id"
                                            ],
                                            "Index Cond": "(ci.movie_id = t.id)",
                                            "Rows Removed by Index Recheck": 0,
                                            "Filter": "(ci.role_id < 3)",
                                            "Rows Removed by Filter": 11,
                                            "Workers": [
                                                {
                                                    "Worker Number": 0,
                                                    "Actual Startup Time": 0.037,
                                                    "Actual Total Time": 0.187,
                                                    "Actual Rows": 12,
                                                    "Actual Loops": 333
                                                },
                                                {
                                                    "Worker Number": 1,
                                                    "Actual Startup Time": 0.03,
                                                    "Actual Total Time": 0.145,
                                                    "Actual Rows": 13,
                                                    "Actual Loops": 427
                                                },
                                                {
                                                    "Worker Number": 2,
                                                    "Actual Startup Time": 0.03,
                                                    "Actual Total Time": 0.14,
                                                    "Actual Rows": 12,
                                                    "Actual Loops": 440
                                                },
                                                {
                                                    "Worker Number": 3,
                                                    "Actual Startup Time": 0.029,
                                                    "Actual Total Time": 0.143,
                                                    "Actual Rows": 11,
                                                    "Actual Loops": 440
                                                }
                                            ]
                                        }
                                    ]
                                }
                            ]
                        }
                    ]
                }
            ]
        },
        "Planning Time": 184.248,
        "Triggers": [],
        "Execution Time": 100.074
    }
]