[
  {
    "Plan": {
      "Node Type": "Aggregate",
      "Strategy": "Plain",
      "Partial Mode": "Finalize",
      "Parallel Aware": false,
      "Startup Cost": 71770.53,
      "Total Cost": 71770.54,
      "Plan Rows": 1,
      "Plan Width": 8,
      "Actual Startup Time": 191.23,
      "Actual Total Time": 209.598,
      "Actual Rows": 1,
      "Actual Loops": 1,
      "Plans": [
        {
          "Node Type": "Gather",
          "Parent Relationship": "Outer",
          "Parallel Aware": false,
          "Startup Cost": 71770.11,
          "Total Cost": 71770.52,
          "Plan Rows": 4,
          "Plan Width": 8,
          "Actual Startup Time": 189.771,
          "Actual Total Time": 209.583,
          "Actual Rows": 5,
          "Actual Loops": 1,
          "Workers Planned": 4,
          "Workers Launched": 4,
          "Single Copy": false,
          "Plans": [
            {
              "Node Type": "Aggregate",
              "Strategy": "Plain",
              "Partial Mode": "Partial",
              "Parent Relationship": "Outer",
              "Parallel Aware": false,
              "Startup Cost": 70770.11,
              "Total Cost": 70770.12,
              "Plan Rows": 1,
              "Plan Width": 8,
              "Actual Startup Time": 179.911,
              "Actual Total Time": 179.915,
              "Actual Rows": 1,
              "Actual Loops": 5,
              "Plans": [
                {
                  "Node Type": "Hash Join",
                  "Parent Relationship": "Outer",
                  "Parallel Aware": true,
                  "Join Type": "Inner",
                  "Startup Cost": 24746.86,
                  "Total Cost": 70750.34,
                  "Plan Rows": 7906,
                  "Plan Width": 0,
                  "Actual Startup Time": 77.876,
                  "Actual Total Time": 179.411,
                  "Actual Rows": 6376,
                  "Actual Loops": 5,
                  "Inner Unique": false,
                  "Hash Cond": "(t.id = mc.movie_id)",
                  "Plans": [
                    {
                      "Node Type": "Seq Scan",
                      "Parent Relationship": "Outer",
                      "Parallel Aware": true,
                      "Relation Name": "title",
                      "Alias": "t",
                      "Startup Cost": 0.0,
                      "Total Cost": 45479.1,
                      "Plan Rows": 99776,
                      "Plan Width": 4,
                      "Actual Startup Time": 0.019,
                      "Actual Total Time": 77.675,
                      "Actual Rows": 100122,
                      "Actual Loops": 5,
                      "Filter": "((kind_id < 7) AND (production_year < 2000))",
                      "Rows Removed by Filter": 405540
                    },
                    {
                      "Node Type": "Hash",
                      "Parent Relationship": "Inner",
                      "Parallel Aware": true,
                      "Startup Cost": 23938.99,
                      "Total Cost": 23938.99,
                      "Plan Rows": 64629,
                      "Plan Width": 4,
                      "Actual Startup Time": 75.882,
                      "Actual Total Time": 75.884,
                      "Actual Rows": 39628,
                      "Actual Loops": 5,
                      "Hash Buckets": 262144,
                      "Original Hash Buckets": 262144,
                      "Hash Batches": 1,
                      "Original Hash Batches": 1,
                      "Peak Memory Usage": 9856,
                      "Plans": [
                        {
                          "Node Type": "Bitmap Heap Scan",
                          "Parent Relationship": "Outer",
                          "Parallel Aware": true,
                          "Relation Name": "movie_companies",
                          "Alias": "mc",
                          "Startup Cost": 4341.13,
                          "Total Cost": 23938.99,
                          "Plan Rows": 64629,
                          "Plan Width": 4,
                          "Actual Startup Time": 22.826,
                          "Actual Total Time": 59.472,
                          "Actual Rows": 39628,
                          "Actual Loops": 5,
                          "Recheck Cond": "(company_id < 57)",
                          "Rows Removed by Index Recheck": 0,
                          "Exact Heap Blocks": 7599,
                          "Lossy Heap Blocks": 0,
                          "Plans": [
                            {
                              "Node Type": "Bitmap Index Scan",
                              "Parent Relationship": "Outer",
                              "Parallel Aware": false,
                              "Index Name": "company_id_movie_companies",
                              "Startup Cost": 0.0,
                              "Total Cost": 4291.05,
                              "Plan Rows": 200349,
                              "Plan Width": 0,
                              "Actual Startup Time": 21.817,
                              "Actual Total Time": 21.821,
                              "Actual Rows": 198140,
                              "Actual Loops": 1,
                              "Index Cond": "(company_id < 57)"
                            }
                          ]
                        }
                      ]
                    }
                  ]
                }
              ]
            }
          ]
        }
      ]
    },
    "Planning Time": 0.641,
    "Triggers": [],
    "Execution Time": 209.695
  }
]