{
  "Plan": {
    "Node Type": "Aggregate",
    "Strategy": "Plain",
    "Partial Mode": "Finalize",
    "Parallel Aware": false,
    "Startup Cost": 594984.39,
    "Total Cost": 594984.4,
    "Plan Rows": 1,
    "Plan Width": 8,
    "Actual Startup Time": 4734.91,
    "Actual Total Time": 4803.141,
    "Actual Rows": 1,
    "Actual Loops": 1,
    "Plans": [
      {
        "Node Type": "Gather",
        "Parent Relationship": "Outer",
        "Parallel Aware": false,
        "Startup Cost": 594984.27,
        "Total Cost": 594984.38,
        "Plan Rows": 1,
        "Plan Width": 8,
        "Actual Startup Time": 4733.708,
        "Actual Total Time": 4803.131,
        "Actual Rows": 2,
        "Actual Loops": 1,
        "Workers Planned": 1,
        "Workers Launched": 1,
        "Single Copy": false,
        "Plans": [
          {
            "Node Type": "Aggregate",
            "Strategy": "Plain",
            "Partial Mode": "Partial",
            "Parent Relationship": "Outer",
            "Parallel Aware": false,
            "Startup Cost": 593984.27,
            "Total Cost": 593984.28,
            "Plan Rows": 1,
            "Plan Width": 8,
            "Actual Startup Time": 4728.15,
            "Actual Total Time": 4728.153,
            "Actual Rows": 1,
            "Actual Loops": 2,
            "Plans": [
              {
                "Node Type": "Hash Join",
                "Parent Relationship": "Outer",
                "Parallel Aware": true,
                "Join Type": "Inner",
                "Startup Cost": 61913.59,
                "Total Cost": 583646.95,
                "Plan Rows": 4134931,
                "Plan Width": 0,
                "Actual Startup Time": 195.582,
                "Actual Total Time": 4625.952,
                "Actual Rows": 2450058,
                "Actual Loops": 2,
                "Inner Unique": true,
                "Hash Cond": "(ci.movie_id = t.id)",
                "Plans": [
                  {
                    "Node Type": "Seq Scan",
                    "Parent Relationship": "Outer",
                    "Parallel Aware": true,
                    "Relation Name": "cast_info",
                    "Alias": "ci",
                    "Startup Cost": 0.0,
                    "Total Cost": 465792.95,
                    "Plan Rows": 21310595,
                    "Plan Width": 4,
                    "Actual Startup Time": 0.014,
                    "Actual Total Time": 1362.339,
                    "Actual Rows": 18122172,
                    "Actual Loops": 2
                  },
                  {
                    "Node Type": "Hash",
                    "Parent Relationship": "Inner",
                    "Parallel Aware": true,
                    "Startup Cost": 58306.47,
                    "Total Cost": 58306.47,
                    "Plan Rows": 288570,
                    "Plan Width": 4,
                    "Actual Startup Time": 191.195,
                    "Actual Total Time": 191.196,
                    "Actual Rows": 189672,
                    "Actual Loops": 2,
                    "Hash Buckets": 524288,
                    "Original Hash Buckets": 524288,
                    "Hash Batches": 1,
                    "Original Hash Batches": 1,
                    "Peak Memory Usage": 18976,
                    "Plans": [
                      {
                        "Node Type": "Seq Scan",
                        "Parent Relationship": "Outer",
                        "Parallel Aware": true,
                        "Relation Name": "title",
                        "Alias": "t",
                        "Startup Cost": 0.0,
                        "Total Cost": 58306.47,
                        "Plan Rows": 288570,
                        "Plan Width": 4,
                        "Actual Startup Time": 0.03,
                        "Actual Total Time": 145.573,
                        "Actual Rows": 189672,
                        "Actual Loops": 2,
                        "Filter": "((production_year < 1995) AND (kind_id = 7))",
                        "Rows Removed by Filter": 1074484
                      }
                    ]
                  }
                ]
              }
            ]
          }
        ]
      }
    ]
  },
  "Planning Time": 0.355,
  "Triggers": [],
  "Execution Time": 4803.204
}