[
  {
    "Plan": {
      "Node Type": "Aggregate",
      "Strategy": "Plain",
      "Partial Mode": "Finalize",
      "Parallel Aware": false,
      "Startup Cost": 46396.53,
      "Total Cost": 46396.54,
      "Plan Rows": 1,
      "Plan Width": 8,
      "Actual Startup Time": 173.681,
      "Actual Total Time": 184.458,
      "Actual Rows": 1,
      "Actual Loops": 1,
      "Plans": [
        {
          "Node Type": "Gather",
          "Parent Relationship": "Outer",
          "Parallel Aware": false,
          "Startup Cost": 46396.22,
          "Total Cost": 46396.53,
          "Plan Rows": 3,
          "Plan Width": 8,
          "Actual Startup Time": 173.565,
          "Actual Total Time": 184.45,
          "Actual Rows": 4,
          "Actual Loops": 1,
          "Workers Planned": 3,
          "Workers Launched": 3,
          "Single Copy": false,
          "Plans": [
            {
              "Node Type": "Aggregate",
              "Strategy": "Plain",
              "Partial Mode": "Partial",
              "Parent Relationship": "Outer",
              "Parallel Aware": false,
              "Startup Cost": 45396.22,
              "Total Cost": 45396.23,
              "Plan Rows": 1,
              "Plan Width": 8,
              "Actual Startup Time": 167.234,
              "Actual Total Time": 167.236,
              "Actual Rows": 1,
              "Actual Loops": 4,
              "Plans": [
                {
                  "Node Type": "Seq Scan",
                  "Parent Relationship": "Outer",
                  "Parallel Aware": true,
                  "Relation Name": "movie_keyword",
                  "Alias": "mk",
                  "Startup Cost": 0.0,
                  "Total Cost": 42695.65,
                  "Plan Rows": 1080225,
                  "Plan Width": 0,
                  "Actual Startup Time": 0.051,
                  "Actual Total Time": 127.516,
                  "Actual Rows": 835458,
                  "Actual Loops": 4,
                  "Filter": "(keyword_id < 15770)",
                  "Rows Removed by Filter": 295524
                }
              ]
            }
          ]
        }
      ]
    },
    "Planning Time": 0.156,
    "Triggers": [],
    "Execution Time": 184.514
  }
]