{
  "Plan": {
    "Node Type": "Aggregate",
    "Strategy": "Plain",
    "Partial Mode": "Simple",
    "Parallel Aware": false,
    "Startup Cost": 1340841.24,
    "Total Cost": 1340841.25,
    "Plan Rows": 1,
    "Plan Width": 32,
    "Actual Startup Time": 7147.853,
    "Actual Total Time": 7147.978,
    "Actual Rows": 1,
    "Actual Loops": 1,
    "Plans": [
      {
        "Node Type": "Hash Join",
        "Parent Relationship": "Outer",
        "Parallel Aware": false,
        "Join Type": "Inner",
        "Startup Cost": 1336917.8,
        "Total Cost": 1340840.07,
        "Plan Rows": 469,
        "Plan Width": 17,
        "Actual Startup Time": 7126.578,
        "Actual Total Time": 7147.099,
        "Actual Rows": 10160,
        "Actual Loops": 1,
        "Inner Unique": false,
        "Hash Cond": "(k.id = mk.keyword_id)",
        "Plans": [
          {
            "Node Type": "Seq Scan",
            "Parent Relationship": "Outer",
            "Parallel Aware": false,
            "Relation Name": "keyword",
            "Alias": "k",
            "Startup Cost": 0.0,
            "Total Cost": 2626.12,
            "Plan Rows": 13,
            "Plan Width": 4,
            "Actual Startup Time": 3.482,
            "Actual Total Time": 20.753,
            "Actual Rows": 30,
            "Actual Loops": 1,
            "Filter": "(keyword ~~ '%sequel%'::text)",
            "Rows Removed by Filter": 134140
          },
          {
            "Node Type": "Hash",
            "Parent Relationship": "Inner",
            "Parallel Aware": false,
            "Startup Cost": 1276345.45,
            "Total Cost": 1276345.45,
            "Plan Rows": 4845788,
            "Plan Width": 21,
            "Actual Startup Time": 7069.023,
            "Actual Total Time": 7069.147,
            "Actual Rows": 3166871,
            "Actual Loops": 1,
            "Hash Buckets": 8388608,
            "Original Hash Buckets": 8388608,
            "Hash Batches": 1,
            "Original Hash Batches": 1,
            "Peak Memory Usage": 232558,
            "Plans": [
              {
                "Node Type": "Merge Join",
                "Parent Relationship": "Outer",
                "Parallel Aware": false,
                "Join Type": "Inner",
                "Startup Cost": 933731.03,
                "Total Cost": 1276345.45,
                "Plan Rows": 4845788,
                "Plan Width": 21,
                "Actual Startup Time": 2667.78,
                "Actual Total Time": 6311.224,
                "Actual Rows": 3166871,
                "Actual Loops": 1,
                "Inner Unique": false,
                "Merge Cond": "(t.id = mi.movie_id)",
                "Plans": [
                  {
                    "Node Type": "Index Scan",
                    "Parent Relationship": "Outer",
                    "Parallel Aware": false,
                    "Scan Direction": "Forward",
                    "Index Name": "title_pkey",
                    "Relation Name": "title",
                    "Alias": "t",
                    "Startup Cost": 0.43,
                    "Total Cost": 116680.33,
                    "Plan Rows": 1436358,
                    "Plan Width": 21,
                    "Actual Startup Time": 0.03,
                    "Actual Total Time": 1583.929,
                    "Actual Rows": 1442391,
                    "Actual Loops": 1,
                    "Filter": "(production_year < 2006)",
                    "Rows Removed by Filter": 1083431
                  },
                  {
                    "Node Type": "Materialize",
                    "Parent Relationship": "Inner",
                    "Parallel Aware": false,
                    "Startup Cost": 933727.42,
                    "Total Cost": 1086410.07,
                    "Plan Rows": 8530338,
                    "Plan Width": 12,
                    "Actual Startup Time": 2667.289,
                    "Actual Total Time": 4229.432,
                    "Actual Rows": 4060930,
                    "Actual Loops": 1,
                    "Plans": [
                      {
                        "Node Type": "Merge Join",
                        "Parent Relationship": "Outer",
                        "Parallel Aware": false,
                        "Join Type": "Inner",
                        "Startup Cost": 933727.42,
                        "Total Cost": 1065084.23,
                        "Plan Rows": 8530338,
                        "Plan Width": 12,
                        "Actual Startup Time": 2667.278,
                        "Actual Total Time": 3582.034,
                        "Actual Rows": 4060930,
                        "Actual Loops": 1,
                        "Inner Unique": false,
                        "Merge Cond": "(mi.movie_id = mk.movie_id)",
                        "Plans": [
                          {
                            "Node Type": "Sort",
                            "Parent Relationship": "Outer",
                            "Parallel Aware": false,
                            "Startup Cost": 363932.8,
                            "Total Cost": 365634.71,
                            "Plan Rows": 680764,
                            "Plan Width": 4,
                            "Actual Startup Time": 1109.558,
                            "Actual Total Time": 1166.196,
                            "Actual Rows": 706674,
                            "Actual Loops": 1,
                            "Sort Key": [
                              "mi.movie_id"
                            ],
                            "Sort Method": "quicksort",
                            "Sort Space Used": 57702,
                            "Sort Space Type": "Memory",
                            "Plans": [
                              {
                                "Node Type": "Gather",
                                "Parent Relationship": "Outer",
                                "Parallel Aware": false,
                                "Startup Cost": 1000.0,
                                "Total Cost": 297977.68,
                                "Plan Rows": 680764,
                                "Plan Width": 4,
                                "Actual Startup Time": 2.816,
                                "Actual Total Time": 907.644,
                                "Actual Rows": 706674,
                                "Actual Loops": 1,
                                "Workers Planned": 5,
                                "Workers Launched": 5,
                                "Single Copy": false,
                                "Plans": [
                                  {
                                    "Node Type": "Seq Scan",
                                    "Parent Relationship": "Outer",
                                    "Parallel Aware": true,
                                    "Relation Name": "movie_info",
                                    "Alias": "mi",
                                    "Startup Cost": 0.0,
                                    "Total Cost": 228901.28,
                                    "Plan Rows": 136153,
                                    "Plan Width": 4,
                                    "Actual Startup Time": 0.636,
                                    "Actual Total Time": 905.735,
                                    "Actual Rows": 117779,
                                    "Actual Loops": 6,
                                    "Filter": "(info = ANY ('{Sweden,Norway,Germany,Denmark,Swedish,Denish,Norwegian,German,USA,American}'::text[]))",
                                    "Rows Removed by Filter": 2354841
                                  }
                                ]
                              }
                            ]
                          },
                          {
                            "Node Type": "Sort",
                            "Parent Relationship": "Inner",
                            "Parallel Aware": false,
                            "Startup Cost": 569794.43,
                            "Total Cost": 581104.25,
                            "Plan Rows": 4523930,
                            "Plan Width": 8,
                            "Actual Startup Time": 1557.706,
                            "Actual Total Time": 1842.584,
                            "Actual Rows": 5699046,
                            "Actual Loops": 1,
                            "Sort Key": [
                              "mk.movie_id"
                            ],
                            "Sort Method": "quicksort",
                            "Sort Space Used": 408668,
                            "Sort Space Type": "Memory",
                            "Plans": [
                              {
                                "Node Type": "Seq Scan",
                                "Parent Relationship": "Outer",
                                "Parallel Aware": false,
                                "Relation Name": "movie_keyword",
                                "Alias": "mk",
                                "Startup Cost": 0.0,
                                "Total Cost": 69693.3,
                                "Plan Rows": 4523930,
                                "Plan Width": 8,
                                "Actual Startup Time": 0.024,
                                "Actual Total Time": 545.918,
                                "Actual Rows": 4523930,
                                "Actual Loops": 1
                              }
                            ]
                          }
                        ]
                      }
                    ]
                  }
                ]
              }
            ]
          }
        ]
      }
    ]
  },
  "Planning Time": 6.697,
  "Triggers": [],
  "Execution Time": 7229.074
}