[
  {
    "Plan": {
      "Node Type": "Aggregate",
      "Strategy": "Plain",
      "Partial Mode": "Finalize",
      "Parallel Aware": false,
      "Startup Cost": 72557.75,
      "Total Cost": 72557.76,
      "Plan Rows": 1,
      "Plan Width": 8,
      "Actual Startup Time": 169.649,
      "Actual Total Time": 184.523,
      "Actual Rows": 1,
      "Actual Loops": 1,
      "Plans": [
        {
          "Node Type": "Gather",
          "Parent Relationship": "Outer",
          "Parallel Aware": false,
          "Startup Cost": 72557.43,
          "Total Cost": 72557.74,
          "Plan Rows": 3,
          "Plan Width": 8,
          "Actual Startup Time": 168.835,
          "Actual Total Time": 184.515,
          "Actual Rows": 4,
          "Actual Loops": 1,
          "Workers Planned": 3,
          "Workers Launched": 3,
          "Single Copy": false,
          "Plans": [
            {
              "Node Type": "Aggregate",
              "Strategy": "Plain",
              "Partial Mode": "Partial",
              "Parent Relationship": "Outer",
              "Parallel Aware": false,
              "Startup Cost": 71557.43,
              "Total Cost": 71557.44,
              "Plan Rows": 1,
              "Plan Width": 8,
              "Actual Startup Time": 162.241,
              "Actual Total Time": 162.246,
              "Actual Rows": 1,
              "Actual Loops": 4,
              "Plans": [
                {
                  "Node Type": "Hash Join",
                  "Parent Relationship": "Outer",
                  "Parallel Aware": true,
                  "Join Type": "Inner",
                  "Startup Cost": 51508.76,
                  "Total Cost": 71544.56,
                  "Plan Rows": 5148,
                  "Plan Width": 0,
                  "Actual Startup Time": 117.92,
                  "Actual Total Time": 161.765,
                  "Actual Rows": 8725,
                  "Actual Loops": 4,
                  "Inner Unique": true,
                  "Hash Cond": "(mc.movie_id = t.id)",
                  "Plans": [
                    {
                      "Node Type": "Bitmap Heap Scan",
                      "Parent Relationship": "Outer",
                      "Parallel Aware": true,
                      "Relation Name": "movie_companies",
                      "Alias": "mc",
                      "Startup Cost": 5535.31,
                      "Total Cost": 25354.9,
                      "Plan Rows": 82367,
                      "Plan Width": 4,
                      "Actual Startup Time": 14.997,
                      "Actual Total Time": 46.501,
                      "Actual Rows": 62230,
                      "Actual Loops": 4,
                      "Recheck Cond": "(company_id < 119)",
                      "Rows Removed by Index Recheck": 0,
                      "Exact Heap Blocks": 7230,
                      "Lossy Heap Blocks": 0,
                      "Plans": [
                        {
                          "Node Type": "Bitmap Index Scan",
                          "Parent Relationship": "Outer",
                          "Parallel Aware": false,
                          "Index Name": "company_id_movie_companies",
                          "Startup Cost": 0.0,
                          "Total Cost": 5471.47,
                          "Plan Rows": 255339,
                          "Plan Width": 0,
                          "Actual Startup Time": 12.474,
                          "Actual Total Time": 12.475,
                          "Actual Rows": 248921,
                          "Actual Loops": 1,
                          "Index Cond": "(company_id < 119)"
                        }
                      ]
                    },
                    {
                      "Node Type": "Hash",
                      "Parent Relationship": "Inner",
                      "Parallel Aware": true,
                      "Startup Cost": 45479.59,
                      "Total Cost": 45479.59,
                      "Plan Rows": 39509,
                      "Plan Width": 4,
                      "Actual Startup Time": 100.538,
                      "Actual Total Time": 100.539,
                      "Actual Rows": 16520,
                      "Actual Loops": 4,
                      "Hash Buckets": 262144,
                      "Original Hash Buckets": 262144,
                      "Hash Batches": 1,
                      "Original Hash Batches": 1,
                      "Peak Memory Usage": 4672,
                      "Plans": [
                        {
                          "Node Type": "Seq Scan",
                          "Parent Relationship": "Outer",
                          "Parallel Aware": true,
                          "Relation Name": "title",
                          "Alias": "t",
                          "Startup Cost": 0.0,
                          "Total Cost": 45479.59,
                          "Plan Rows": 39509,
                          "Plan Width": 4,
                          "Actual Startup Time": 0.041,
                          "Actual Total Time": 92.954,
                          "Actual Rows": 16520,
                          "Actual Loops": 4,
                          "Filter": "((production_year < 1963) AND (kind_id = 7))",
                          "Rows Removed by Filter": 615558
                        }
                      ]
                    }
                  ]
                }
              ]
            }
          ]
        }
      ]
    },
    "Planning Time": 0.7,
    "Triggers": [],
    "Execution Time": 184.613
  }
]