[
  {
    "Plan": {
      "Node Type": "Aggregate",
      "Strategy": "Plain",
      "Partial Mode": "Finalize",
      "Parallel Aware": false,
      "Startup Cost": 49163.75,
      "Total Cost": 49163.76,
      "Plan Rows": 1,
      "Plan Width": 8,
      "Actual Startup Time": 108.891,
      "Actual Total Time": 128.232,
      "Actual Rows": 1,
      "Actual Loops": 1,
      "Plans": [
        {
          "Node Type": "Gather",
          "Parent Relationship": "Outer",
          "Parallel Aware": false,
          "Startup Cost": 49163.33,
          "Total Cost": 49163.74,
          "Plan Rows": 4,
          "Plan Width": 8,
          "Actual Startup Time": 108.625,
          "Actual Total Time": 128.224,
          "Actual Rows": 5,
          "Actual Loops": 1,
          "Workers Planned": 4,
          "Workers Launched": 4,
          "Single Copy": false,
          "Plans": [
            {
              "Node Type": "Aggregate",
              "Strategy": "Plain",
              "Partial Mode": "Partial",
              "Parent Relationship": "Outer",
              "Parallel Aware": false,
              "Startup Cost": 48163.33,
              "Total Cost": 48163.34,
              "Plan Rows": 1,
              "Plan Width": 8,
              "Actual Startup Time": 99.693,
              "Actual Total Time": 99.695,
              "Actual Rows": 1,
              "Actual Loops": 5,
              "Plans": [
                {
                  "Node Type": "Nested Loop",
                  "Parent Relationship": "Outer",
                  "Parallel Aware": false,
                  "Join Type": "Inner",
                  "Startup Cost": 0.43,
                  "Total Cost": 48162.07,
                  "Plan Rows": 502,
                  "Plan Width": 0,
                  "Actual Startup Time": 51.509,
                  "Actual Total Time": 99.687,
                  "Actual Rows": 1,
                  "Actual Loops": 5,
                  "Inner Unique": false,
                  "Plans": [
                    {
                      "Node Type": "Seq Scan",
                      "Parent Relationship": "Outer",
                      "Parallel Aware": true,
                      "Relation Name": "title",
                      "Alias": "t",
                      "Startup Cost": 0.0,
                      "Total Cost": 45479.59,
                      "Plan Rows": 280,
                      "Plan Width": 4,
                      "Actual Startup Time": 43.712,
                      "Actual Total Time": 99.536,
                      "Actual Rows": 2,
                      "Actual Loops": 5,
                      "Filter": "((kind_id > 1) AND (production_year = 1944))",
                      "Rows Removed by Filter": 505661
                    },
                    {
                      "Node Type": "Index Only Scan",
                      "Parent Relationship": "Inner",
                      "Parallel Aware": false,
                      "Scan Direction": "Forward",
                      "Index Name": "movie_id_movie_keyword",
                      "Relation Name": "movie_keyword",
                      "Alias": "mk",
                      "Startup Cost": 0.43,
                      "Total Cost": 9.12,
                      "Plan Rows": 46,
                      "Plan Width": 4,
                      "Actual Startup Time": 0.076,
                      "Actual Total Time": 0.077,
                      "Actual Rows": 1,
                      "Actual Loops": 9,
                      "Index Cond": "(movie_id = t.id)",
                      "Rows Removed by Index Recheck": 0,
                      "Heap Fetches": 5
                    }
                  ]
                }
              ]
            }
          ]
        }
      ]
    },
    "Planning Time": 0.391,
    "Triggers": [],
    "Execution Time": 128.285
  }
]