[
  {
    "Plan": {
      "Node Type": "Aggregate",
      "Strategy": "Plain",
      "Partial Mode": "Finalize",
      "Parallel Aware": false,
      "Startup Cost": 382855.64,
      "Total Cost": 382855.65,
      "Plan Rows": 1,
      "Plan Width": 8,
      "Actual Startup Time": 1121.207,
      "Actual Total Time": 1187.518,
      "Actual Rows": 1,
      "Actual Loops": 1,
      "Plans": [
        {
          "Node Type": "Gather",
          "Parent Relationship": "Outer",
          "Parallel Aware": false,
          "Startup Cost": 382855.01,
          "Total Cost": 382855.62,
          "Plan Rows": 6,
          "Plan Width": 8,
          "Actual Startup Time": 1118.118,
          "Actual Total Time": 1187.504,
          "Actual Rows": 7,
          "Actual Loops": 1,
          "Workers Planned": 6,
          "Workers Launched": 6,
          "Single Copy": false,
          "Plans": [
            {
              "Node Type": "Aggregate",
              "Strategy": "Plain",
              "Partial Mode": "Partial",
              "Parent Relationship": "Outer",
              "Parallel Aware": false,
              "Startup Cost": 381855.01,
              "Total Cost": 381855.02,
              "Plan Rows": 1,
              "Plan Width": 8,
              "Actual Startup Time": 1106.9,
              "Actual Total Time": 1106.903,
              "Actual Rows": 1,
              "Actual Loops": 7,
              "Plans": [
                {
                  "Node Type": "Hash Join",
                  "Parent Relationship": "Outer",
                  "Parallel Aware": true,
                  "Join Type": "Inner",
                  "Startup Cost": 47238.86,
                  "Total Cost": 380725.54,
                  "Plan Rows": 451791,
                  "Plan Width": 0,
                  "Actual Startup Time": 119.966,
                  "Actual Total Time": 1088.442,
                  "Actual Rows": 385400,
                  "Actual Loops": 7,
                  "Inner Unique": true,
                  "Hash Cond": "(ci.movie_id = t.id)",
                  "Plans": [
                    {
                      "Node Type": "Seq Scan",
                      "Parent Relationship": "Outer",
                      "Parallel Aware": true,
                      "Relation Name": "cast_info",
                      "Alias": "ci",
                      "Startup Cost": 0.0,
                      "Total Cost": 328162.03,
                      "Plan Rows": 2028434,
                      "Plan Width": 4,
                      "Actual Startup Time": 0.023,
                      "Actual Total Time": 583.085,
                      "Actual Rows": 1736038,
                      "Actual Loops": 7,
                      "Filter": "(person_id < 1197141)",
                      "Rows Removed by Filter": 3441726
                    },
                    {
                      "Node Type": "Hash",
                      "Parent Relationship": "Inner",
                      "Parallel Aware": true,
                      "Startup Cost": 45479.1,
                      "Total Cost": 45479.1,
                      "Plan Rows": 140781,
                      "Plan Width": 4,
                      "Actual Startup Time": 116.311,
                      "Actual Total Time": 116.312,
                      "Actual Rows": 63252,
                      "Actual Loops": 7,
                      "Hash Buckets": 1048576,
                      "Original Hash Buckets": 1048576,
                      "Hash Batches": 1,
                      "Original Hash Batches": 1,
                      "Peak Memory Usage": 25632,
                      "Plans": [
                        {
                          "Node Type": "Seq Scan",
                          "Parent Relationship": "Outer",
                          "Parallel Aware": true,
                          "Relation Name": "title",
                          "Alias": "t",
                          "Startup Cost": 0.0,
                          "Total Cost": 45479.1,
                          "Plan Rows": 140781,
                          "Plan Width": 4,
                          "Actual Startup Time": 45.792,
                          "Actual Total Time": 83.61,
                          "Actual Rows": 63252,
                          "Actual Loops": 7,
                          "Filter": "((kind_id < 2) AND (production_year > 1966))",
                          "Rows Removed by Filter": 297935
                        }
                      ]
                    }
                  ]
                }
              ]
            }
          ]
        }
      ]
    },
    "Planning Time": 0.635,
    "Triggers": [],
    "Execution Time": 1187.606
  }
]