[
    {
        "Bao": {
            "Bao prediction": 465.119,
            "Bao recommended hint": "SET enable_mergejoin TO off; "
        }
    },
    {
        "Plan": {
            "Node Type": "Aggregate",
            "Strategy": "Plain",
            "Partial Mode": "Finalize",
            "Parallel Aware": false,
            "Startup Cost": 31214.25,
            "Total Cost": 31214.26,
            "Plan Rows": 1,
            "Plan Width": 8,
            "Actual Startup Time": 99.662,
            "Actual Total Time": 104.397,
            "Actual Rows": 1,
            "Actual Loops": 1,
            "Output": [
                "count(*)"
            ],
            "Plans": [
                {
                    "Node Type": "Gather",
                    "Parent Relationship": "Outer",
                    "Parallel Aware": false,
                    "Startup Cost": 31213.93,
                    "Total Cost": 31214.24,
                    "Plan Rows": 3,
                    "Plan Width": 8,
                    "Actual Startup Time": 99.541,
                    "Actual Total Time": 104.39,
                    "Actual Rows": 4,
                    "Actual Loops": 1,
                    "Output": [
                        "(PARTIAL count(*))"
                    ],
                    "Workers Planned": 3,
                    "Workers Launched": 3,
                    "Single Copy": false,
                    "Plans": [
                        {
                            "Node Type": "Aggregate",
                            "Strategy": "Plain",
                            "Partial Mode": "Partial",
                            "Parent Relationship": "Outer",
                            "Parallel Aware": false,
                            "Startup Cost": 30213.93,
                            "Total Cost": 30213.94,
                            "Plan Rows": 1,
                            "Plan Width": 8,
                            "Actual Startup Time": 91.949,
                            "Actual Total Time": 91.95,
                            "Actual Rows": 1,
                            "Actual Loops": 4,
                            "Output": [
                                "PARTIAL count(*)"
                            ],
                            "Workers": [
                                {
                                    "Worker Number": 0,
                                    "Actual Startup Time": 89.131,
                                    "Actual Total Time": 89.131,
                                    "Actual Rows": 1,
                                    "Actual Loops": 1
                                },
                                {
                                    "Worker Number": 1,
                                    "Actual Startup Time": 89.7,
                                    "Actual Total Time": 89.7,
                                    "Actual Rows": 1,
                                    "Actual Loops": 1
                                },
                                {
                                    "Worker Number": 2,
                                    "Actual Startup Time": 90.002,
                                    "Actual Total Time": 90.003,
                                    "Actual Rows": 1,
                                    "Actual Loops": 1
                                }
                            ],
                            "Plans": [
                                {
                                    "Node Type": "Seq Scan",
                                    "Parent Relationship": "Outer",
                                    "Parallel Aware": true,
                                    "Relation Name": "movie_companies",
                                    "Schema": "public",
                                    "Alias": "mc",
                                    "Startup Cost": 0.0,
                                    "Total Cost": 29310.68,
                                    "Plan Rows": 361300,
                                    "Plan Width": 0,
                                    "Actual Startup Time": 23.303,
                                    "Actual Total Time": 78.989,
                                    "Actual Rows": 280768,
                                    "Actual Loops": 4,
                                    "Output": [
                                        "id",
                                        "movie_id",
                                        "company_id",
                                        "company_type_id",
                                        "note"
                                    ],
                                    "Filter": "(mc.company_id > 13643)",
                                    "Rows Removed by Filter": 371514,
                                    "Workers": [
                                        {
                                            "Worker Number": 0,
                                            "Actual Startup Time": 20.488,
                                            "Actual Total Time": 77.03,
                                            "Actual Rows": 268645,
                                            "Actual Loops": 1
                                        },
                                        {
                                            "Worker Number": 1,
                                            "Actual Startup Time": 21.042,
                                            "Actual Total Time": 77.051,
                                            "Actual Rows": 258973,
                                            "Actual Loops": 1
                                        },
                                        {
                                            "Worker Number": 2,
                                            "Actual Startup Time": 21.354,
                                            "Actual Total Time": 77.25,
                                            "Actual Rows": 263977,
                                            "Actual Loops": 1
                                        }
                                    ]
                                }
                            ]
                        }
                    ]
                }
            ]
        },
        "Planning Time": 1767.2,
        "Triggers": [],
        "Execution Time": 104.484
    }
]