[
  {
    "Plan": {
      "Node Type": "Aggregate",
      "Strategy": "Plain",
      "Partial Mode": "Finalize",
      "Parallel Aware": false,
      "Startup Cost": 257974.98,
      "Total Cost": 257974.99,
      "Plan Rows": 1,
      "Plan Width": 8,
      "Actual Startup Time": 1016.347,
      "Actual Total Time": 1057.331,
      "Actual Rows": 1,
      "Actual Loops": 1,
      "Plans": [
        {
          "Node Type": "Gather",
          "Parent Relationship": "Outer",
          "Parallel Aware": false,
          "Startup Cost": 257974.45,
          "Total Cost": 257974.96,
          "Plan Rows": 5,
          "Plan Width": 8,
          "Actual Startup Time": 1008.876,
          "Actual Total Time": 1057.316,
          "Actual Rows": 6,
          "Actual Loops": 1,
          "Workers Planned": 5,
          "Workers Launched": 5,
          "Single Copy": false,
          "Plans": [
            {
              "Node Type": "Aggregate",
              "Strategy": "Plain",
              "Partial Mode": "Partial",
              "Parent Relationship": "Outer",
              "Parallel Aware": false,
              "Startup Cost": 256974.45,
              "Total Cost": 256974.46,
              "Plan Rows": 1,
              "Plan Width": 8,
              "Actual Startup Time": 999.478,
              "Actual Total Time": 999.482,
              "Actual Rows": 1,
              "Actual Loops": 6,
              "Plans": [
                {
                  "Node Type": "Hash Join",
                  "Parent Relationship": "Outer",
                  "Parallel Aware": true,
                  "Join Type": "Inner",
                  "Startup Cost": 49920.51,
                  "Total Cost": 254204.15,
                  "Plan Rows": 1108120,
                  "Plan Width": 0,
                  "Actual Startup Time": 220.337,
                  "Actual Total Time": 969.183,
                  "Actual Rows": 609181,
                  "Actual Loops": 6,
                  "Inner Unique": true,
                  "Hash Cond": "(mi.movie_id = t.id)",
                  "Plans": [
                    {
                      "Node Type": "Seq Scan",
                      "Parent Relationship": "Outer",
                      "Parallel Aware": true,
                      "Relation Name": "movie_info",
                      "Alias": "mi",
                      "Startup Cost": 0.0,
                      "Total Cost": 199108.24,
                      "Plan Rows": 1971577,
                      "Plan Width": 4,
                      "Actual Startup Time": 16.795,
                      "Actual Total Time": 355.355,
                      "Actual Rows": 1651959,
                      "Actual Loops": 6,
                      "Filter": "(info_type_id > 4)",
                      "Rows Removed by Filter": 820661
                    },
                    {
                      "Node Type": "Hash",
                      "Parent Relationship": "Inner",
                      "Parallel Aware": true,
                      "Startup Cost": 45479.59,
                      "Total Cost": 45479.59,
                      "Plan Rows": 355274,
                      "Plan Width": 4,
                      "Actual Startup Time": 199.659,
                      "Actual Total Time": 199.66,
                      "Actual Rows": 233120,
                      "Actual Loops": 6,
                      "Hash Buckets": 2097152,
                      "Original Hash Buckets": 2097152,
                      "Hash Batches": 1,
                      "Original Hash Batches": 1,
                      "Peak Memory Usage": 71200,
                      "Plans": [
                        {
                          "Node Type": "Seq Scan",
                          "Parent Relationship": "Outer",
                          "Parallel Aware": true,
                          "Relation Name": "title",
                          "Alias": "t",
                          "Startup Cost": 0.0,
                          "Total Cost": 45479.59,
                          "Plan Rows": 355274,
                          "Plan Width": 4,
                          "Actual Startup Time": 0.041,
                          "Actual Total Time": 91.516,
                          "Actual Rows": 233120,
                          "Actual Loops": 6,
                          "Filter": "((kind_id > 1) AND (production_year < 2010))",
                          "Rows Removed by Filter": 188265
                        }
                      ]
                    }
                  ]
                }
              ]
            }
          ]
        }
      ]
    },
    "Planning Time": 0.482,
    "Triggers": [],
    "Execution Time": 1057.372
  }
]