{
  "Plan": {
    "Node Type": "Aggregate",
    "Strategy": "Plain",
    "Partial Mode": "Finalize",
    "Parallel Aware": false,
    "Startup Cost": 103435.6,
    "Total Cost": 103435.61,
    "Plan Rows": 1,
    "Plan Width": 8,
    "Actual Startup Time": 669.033,
    "Actual Total Time": 686.845,
    "Actual Rows": 1,
    "Actual Loops": 1,
    "Plans": [
      {
        "Node Type": "Gather",
        "Parent Relationship": "Outer",
        "Parallel Aware": false,
        "Startup Cost": 103435.49,
        "Total Cost": 103435.6,
        "Plan Rows": 1,
        "Plan Width": 8,
        "Actual Startup Time": 666.067,
        "Actual Total Time": 686.839,
        "Actual Rows": 2,
        "Actual Loops": 1,
        "Workers Planned": 1,
        "Workers Launched": 1,
        "Single Copy": false,
        "Plans": [
          {
            "Node Type": "Aggregate",
            "Strategy": "Plain",
            "Partial Mode": "Partial",
            "Parent Relationship": "Outer",
            "Parallel Aware": false,
            "Startup Cost": 102435.49,
            "Total Cost": 102435.5,
            "Plan Rows": 1,
            "Plan Width": 8,
            "Actual Startup Time": 656.281,
            "Actual Total Time": 656.285,
            "Actual Rows": 1,
            "Actual Loops": 2,
            "Plans": [
              {
                "Node Type": "Hash Join",
                "Parent Relationship": "Outer",
                "Parallel Aware": true,
                "Join Type": "Inner",
                "Startup Cost": 75184.17,
                "Total Cost": 102038.71,
                "Plan Rows": 158713,
                "Plan Width": 0,
                "Actual Startup Time": 542.795,
                "Actual Total Time": 649.629,
                "Actual Rows": 141924,
                "Actual Loops": 2,
                "Inner Unique": true,
                "Hash Cond": "(mk.movie_id = t.id)",
                "Plans": [
                  {
                    "Node Type": "Bitmap Heap Scan",
                    "Parent Relationship": "Outer",
                    "Parallel Aware": true,
                    "Relation Name": "movie_keyword",
                    "Alias": "mk",
                    "Startup Cost": 5723.48,
                    "Total Cost": 32161.39,
                    "Plan Rows": 158713,
                    "Plan Width": 4,
                    "Actual Startup Time": 17.201,
                    "Actual Total Time": 67.43,
                    "Actual Rows": 141924,
                    "Actual Loops": 2,
                    "Recheck Cond": "(keyword_id < 236)",
                    "Rows Removed by Index Recheck": 0,
                    "Exact Heap Blocks": 13679,
                    "Lossy Heap Blocks": 0,
                    "Plans": [
                      {
                        "Node Type": "Bitmap Index Scan",
                        "Parent Relationship": "Outer",
                        "Parallel Aware": false,
                        "Index Name": "keyword_id_movie_keyword",
                        "Startup Cost": 0.0,
                        "Total Cost": 5656.02,
                        "Plan Rows": 269812,
                        "Plan Width": 0,
                        "Actual Startup Time": 13.682,
                        "Actual Total Time": 13.683,
                        "Actual Rows": 283847,
                        "Actual Loops": 1,
                        "Index Cond": "(keyword_id < 236)"
                      }
                    ]
                  },
                  {
                    "Node Type": "Hash",
                    "Parent Relationship": "Inner",
                    "Parallel Aware": true,
                    "Startup Cost": 50870.31,
                    "Total Cost": 50870.31,
                    "Plan Rows": 1487231,
                    "Plan Width": 4,
                    "Actual Startup Time": 506.797,
                    "Actual Total Time": 506.798,
                    "Actual Rows": 1264156,
                    "Actual Loops": 2,
                    "Hash Buckets": 4194304,
                    "Original Hash Buckets": 4194304,
                    "Hash Batches": 1,
                    "Original Hash Batches": 1,
                    "Peak Memory Usage": 131712,
                    "Plans": [
                      {
                        "Node Type": "Seq Scan",
                        "Parent Relationship": "Outer",
                        "Parallel Aware": true,
                        "Relation Name": "title",
                        "Alias": "t",
                        "Startup Cost": 0.0,
                        "Total Cost": 50870.31,
                        "Plan Rows": 1487231,
                        "Plan Width": 4,
                        "Actual Startup Time": 0.025,
                        "Actual Total Time": 146.645,
                        "Actual Rows": 1264156,
                        "Actual Loops": 2
                      }
                    ]
                  }
                ]
              }
            ]
          }
        ]
      }
    ]
  },
  "Planning Time": 0.431,
  "Triggers": [],
  "Execution Time": 686.903
}