[
  {
    "Plan": {
      "Node Type": "Aggregate",
      "Strategy": "Plain",
      "Partial Mode": "Finalize",
      "Parallel Aware": false,
      "Startup Cost": 397638.91,
      "Total Cost": 397638.92,
      "Plan Rows": 1,
      "Plan Width": 8,
      "Actual Startup Time": 1300.641,
      "Actual Total Time": 1371.731,
      "Actual Rows": 1,
      "Actual Loops": 1,
      "Plans": [
        {
          "Node Type": "Gather",
          "Parent Relationship": "Outer",
          "Parallel Aware": false,
          "Startup Cost": 397638.28,
          "Total Cost": 397638.89,
          "Plan Rows": 6,
          "Plan Width": 8,
          "Actual Startup Time": 1295.184,
          "Actual Total Time": 1371.719,
          "Actual Rows": 7,
          "Actual Loops": 1,
          "Workers Planned": 6,
          "Workers Launched": 6,
          "Single Copy": false,
          "Plans": [
            {
              "Node Type": "Aggregate",
              "Strategy": "Plain",
              "Partial Mode": "Partial",
              "Parent Relationship": "Outer",
              "Parallel Aware": false,
              "Startup Cost": 396638.28,
              "Total Cost": 396638.29,
              "Plan Rows": 1,
              "Plan Width": 8,
              "Actual Startup Time": 1280.102,
              "Actual Total Time": 1280.105,
              "Actual Rows": 1,
              "Actual Loops": 7,
              "Plans": [
                {
                  "Node Type": "Hash Join",
                  "Parent Relationship": "Outer",
                  "Parallel Aware": true,
                  "Join Type": "Inner",
                  "Startup Cost": 49308.35,
                  "Total Cost": 395030.73,
                  "Plan Rows": 643020,
                  "Plan Width": 0,
                  "Actual Startup Time": 216.067,
                  "Actual Total Time": 1250.017,
                  "Actual Rows": 628444,
                  "Actual Loops": 7,
                  "Inner Unique": true,
                  "Hash Cond": "(ci.movie_id = t.id)",
                  "Plans": [
                    {
                      "Node Type": "Seq Scan",
                      "Parent Relationship": "Outer",
                      "Parallel Aware": true,
                      "Relation Name": "cast_info",
                      "Alias": "ci",
                      "Startup Cost": 0.0,
                      "Total Cost": 343257.03,
                      "Plan Rows": 939181,
                      "Plan Width": 4,
                      "Actual Startup Time": 0.028,
                      "Actual Total Time": 650.316,
                      "Actual Rows": 934281,
                      "Actual Loops": 7,
                      "Filter": "((person_id < 703702) AND (role_id < 8))",
                      "Rows Removed by Filter": 4243483
                    },
                    {
                      "Node Type": "Hash",
                      "Parent Relationship": "Inner",
                      "Parallel Aware": true,
                      "Startup Cost": 43898.92,
                      "Total Cost": 43898.92,
                      "Plan Rows": 432755,
                      "Plan Width": 4,
                      "Actual Startup Time": 211.081,
                      "Actual Total Time": 211.083,
                      "Actual Rows": 246462,
                      "Actual Loops": 7,
                      "Hash Buckets": 2097152,
                      "Original Hash Buckets": 2097152,
                      "Hash Batches": 1,
                      "Original Hash Batches": 1,
                      "Peak Memory Usage": 83968,
                      "Plans": [
                        {
                          "Node Type": "Seq Scan",
                          "Parent Relationship": "Outer",
                          "Parallel Aware": true,
                          "Relation Name": "title",
                          "Alias": "t",
                          "Startup Cost": 0.0,
                          "Total Cost": 43898.92,
                          "Plan Rows": 432755,
                          "Plan Width": 4,
                          "Actual Startup Time": 0.043,
                          "Actual Total Time": 86.842,
                          "Actual Rows": 246462,
                          "Actual Loops": 7,
                          "Filter": "(production_year > 1991)",
                          "Rows Removed by Filter": 114726
                        }
                      ]
                    }
                  ]
                }
              ]
            }
          ]
        }
      ]
    },
    "Planning Time": 0.616,
    "Triggers": [],
    "Execution Time": 1371.815
  }
]