{
  "Plan": {
    "Node Type": "Aggregate",
    "Strategy": "Plain",
    "Partial Mode": "Finalize",
    "Parallel Aware": false,
    "Startup Cost": 75211.47,
    "Total Cost": 75211.48,
    "Plan Rows": 1,
    "Plan Width": 8,
    "Actual Startup Time": 225.824,
    "Actual Total Time": 236.227,
    "Actual Rows": 1,
    "Actual Loops": 1,
    "Plans": [
      {
        "Node Type": "Gather",
        "Parent Relationship": "Outer",
        "Parallel Aware": false,
        "Startup Cost": 75211.36,
        "Total Cost": 75211.47,
        "Plan Rows": 1,
        "Plan Width": 8,
        "Actual Startup Time": 225.68,
        "Actual Total Time": 236.22,
        "Actual Rows": 2,
        "Actual Loops": 1,
        "Workers Planned": 1,
        "Workers Launched": 1,
        "Single Copy": false,
        "Plans": [
          {
            "Node Type": "Aggregate",
            "Strategy": "Plain",
            "Partial Mode": "Partial",
            "Parent Relationship": "Outer",
            "Parallel Aware": false,
            "Startup Cost": 74211.36,
            "Total Cost": 74211.37,
            "Plan Rows": 1,
            "Plan Width": 8,
            "Actual Startup Time": 220.278,
            "Actual Total Time": 220.285,
            "Actual Rows": 1,
            "Actual Loops": 2,
            "Plans": [
              {
                "Node Type": "Hash Join",
                "Parent Relationship": "Outer",
                "Parallel Aware": true,
                "Join Type": "Inner",
                "Startup Cost": 54692.49,
                "Total Cost": 74203.74,
                "Plan Rows": 3048,
                "Plan Width": 0,
                "Actual Startup Time": 132.038,
                "Actual Total Time": 220.078,
                "Actual Rows": 3798,
                "Actual Loops": 2,
                "Inner Unique": true,
                "Hash Cond": "(mi_idx.movie_id = t.id)",
                "Plans": [
                  {
                    "Node Type": "Seq Scan",
                    "Parent Relationship": "Outer",
                    "Parallel Aware": true,
                    "Relation Name": "movie_info_idx",
                    "Alias": "mi_idx",
                    "Startup Cost": 0.0,
                    "Total Cost": 18082.32,
                    "Plan Rows": 544356,
                    "Plan Width": 4,
                    "Actual Startup Time": 0.017,
                    "Actual Total Time": 55.176,
                    "Actual Rows": 460055,
                    "Actual Loops": 2,
                    "Filter": "(info_type_id > 99)",
                    "Rows Removed by Filter": 229962
                  },
                  {
                    "Node Type": "Hash",
                    "Parent Relationship": "Inner",
                    "Parallel Aware": true,
                    "Startup Cost": 54588.39,
                    "Total Cost": 54588.39,
                    "Plan Rows": 8328,
                    "Plan Width": 4,
                    "Actual Startup Time": 130.69,
                    "Actual Total Time": 130.695,
                    "Actual Rows": 7463,
                    "Actual Loops": 2,
                    "Hash Buckets": 16384,
                    "Original Hash Buckets": 16384,
                    "Hash Batches": 1,
                    "Original Hash Batches": 1,
                    "Peak Memory Usage": 736,
                    "Plans": [
                      {
                        "Node Type": "Seq Scan",
                        "Parent Relationship": "Outer",
                        "Parallel Aware": true,
                        "Relation Name": "title",
                        "Alias": "t",
                        "Startup Cost": 0.0,
                        "Total Cost": 54588.39,
                        "Plan Rows": 8328,
                        "Plan Width": 4,
                        "Actual Startup Time": 0.075,
                        "Actual Total Time": 127.957,
                        "Actual Rows": 7463,
                        "Actual Loops": 2,
                        "Filter": "(production_year = 1979)",
                        "Rows Removed by Filter": 1256693
                      }
                    ]
                  }
                ]
              }
            ]
          }
        ]
      }
    ]
  },
  "Planning Time": 0.435,
  "Triggers": [],
  "Execution Time": 236.296
}