[
  {
    "Plan": {
      "Node Type": "Aggregate",
      "Strategy": "Plain",
      "Partial Mode": "Finalize",
      "Parallel Aware": false,
      "Startup Cost": 30326.28,
      "Total Cost": 30326.29,
      "Plan Rows": 1,
      "Plan Width": 8,
      "Actual Startup Time": 83.152,
      "Actual Total Time": 87.671,
      "Actual Rows": 1,
      "Actual Loops": 1,
      "Plans": [
        {
          "Node Type": "Gather",
          "Parent Relationship": "Outer",
          "Parallel Aware": false,
          "Startup Cost": 30325.96,
          "Total Cost": 30326.27,
          "Plan Rows": 3,
          "Plan Width": 8,
          "Actual Startup Time": 83.027,
          "Actual Total Time": 87.664,
          "Actual Rows": 4,
          "Actual Loops": 1,
          "Workers Planned": 3,
          "Workers Launched": 3,
          "Single Copy": false,
          "Plans": [
            {
              "Node Type": "Aggregate",
              "Strategy": "Plain",
              "Partial Mode": "Partial",
              "Parent Relationship": "Outer",
              "Parallel Aware": false,
              "Startup Cost": 29325.96,
              "Total Cost": 29325.97,
              "Plan Rows": 1,
              "Plan Width": 8,
              "Actual Startup Time": 75.61,
              "Actual Total Time": 75.611,
              "Actual Rows": 1,
              "Actual Loops": 4,
              "Plans": [
                {
                  "Node Type": "Bitmap Heap Scan",
                  "Parent Relationship": "Outer",
                  "Parallel Aware": true,
                  "Relation Name": "movie_companies",
                  "Alias": "mc",
                  "Startup Cost": 8612.76,
                  "Total Cost": 29005.43,
                  "Plan Rows": 128214,
                  "Plan Width": 0,
                  "Actual Startup Time": 33.188,
                  "Actual Total Time": 68.759,
                  "Actual Rows": 99136,
                  "Actual Loops": 4,
                  "Recheck Cond": "(company_id > 82600)",
                  "Rows Removed by Index Recheck": 0,
                  "Exact Heap Blocks": 3611,
                  "Lossy Heap Blocks": 0,
                  "Plans": [
                    {
                      "Node Type": "Bitmap Index Scan",
                      "Parent Relationship": "Outer",
                      "Parallel Aware": false,
                      "Index Name": "company_id_movie_companies",
                      "Startup Cost": 0.0,
                      "Total Cost": 8513.4,
                      "Plan Rows": 397462,
                      "Plan Width": 0,
                      "Actual Startup Time": 38.881,
                      "Actual Total Time": 38.882,
                      "Actual Rows": 396543,
                      "Actual Loops": 1,
                      "Index Cond": "(company_id > 82600)"
                    }
                  ]
                }
              ]
            }
          ]
        }
      ]
    },
    "Planning Time": 0.196,
    "Triggers": [],
    "Execution Time": 87.745
  }
]