[
  {
    "Plan": {
      "Node Type": "Aggregate",
      "Strategy": "Plain",
      "Partial Mode": "Finalize",
      "Parallel Aware": false,
      "Startup Cost": 30143.7,
      "Total Cost": 30143.71,
      "Plan Rows": 1,
      "Plan Width": 8,
      "Actual Startup Time": 85.175,
      "Actual Total Time": 89.528,
      "Actual Rows": 1,
      "Actual Loops": 1,
      "Plans": [
        {
          "Node Type": "Gather",
          "Parent Relationship": "Outer",
          "Parallel Aware": false,
          "Startup Cost": 30143.38,
          "Total Cost": 30143.69,
          "Plan Rows": 3,
          "Plan Width": 8,
          "Actual Startup Time": 85.01,
          "Actual Total Time": 89.522,
          "Actual Rows": 4,
          "Actual Loops": 1,
          "Workers Planned": 3,
          "Workers Launched": 3,
          "Single Copy": false,
          "Plans": [
            {
              "Node Type": "Aggregate",
              "Strategy": "Plain",
              "Partial Mode": "Partial",
              "Parent Relationship": "Outer",
              "Parallel Aware": false,
              "Startup Cost": 29143.38,
              "Total Cost": 29143.39,
              "Plan Rows": 1,
              "Plan Width": 8,
              "Actual Startup Time": 76.07,
              "Actual Total Time": 76.071,
              "Actual Rows": 1,
              "Actual Loops": 4,
              "Plans": [
                {
                  "Node Type": "Bitmap Heap Scan",
                  "Parent Relationship": "Outer",
                  "Parallel Aware": true,
                  "Relation Name": "movie_companies",
                  "Alias": "mc",
                  "Startup Cost": 8463.46,
                  "Total Cost": 28828.39,
                  "Plan Rows": 125995,
                  "Plan Width": 0,
                  "Actual Startup Time": 33.555,
                  "Actual Total Time": 69.412,
                  "Actual Rows": 99136,
                  "Actual Loops": 4,
                  "Recheck Cond": "(company_id > 82600)",
                  "Rows Removed by Index Recheck": 0,
                  "Exact Heap Blocks": 3495,
                  "Lossy Heap Blocks": 0,
                  "Plans": [
                    {
                      "Node Type": "Bitmap Index Scan",
                      "Parent Relationship": "Outer",
                      "Parallel Aware": false,
                      "Index Name": "company_id_movie_companies",
                      "Startup Cost": 0.0,
                      "Total Cost": 8365.81,
                      "Plan Rows": 390584,
                      "Plan Width": 0,
                      "Actual Startup Time": 40.618,
                      "Actual Total Time": 40.619,
                      "Actual Rows": 396543,
                      "Actual Loops": 1,
                      "Index Cond": "(company_id > 82600)"
                    }
                  ]
                }
              ]
            }
          ]
        }
      ]
    },
    "Planning Time": 0.164,
    "Triggers": [],
    "Execution Time": 89.596
  }
]