[
  {
    "Plan": {
      "Node Type": "Aggregate",
      "Strategy": "Plain",
      "Partial Mode": "Finalize",
      "Parallel Aware": false,
      "Startup Cost": 96110.82,
      "Total Cost": 96110.83,
      "Plan Rows": 1,
      "Plan Width": 8,
      "Actual Startup Time": 267.594,
      "Actual Total Time": 283.241,
      "Actual Rows": 1,
      "Actual Loops": 1,
      "Plans": [
        {
          "Node Type": "Gather",
          "Parent Relationship": "Outer",
          "Parallel Aware": false,
          "Startup Cost": 96110.51,
          "Total Cost": 96110.82,
          "Plan Rows": 3,
          "Plan Width": 8,
          "Actual Startup Time": 266.877,
          "Actual Total Time": 283.234,
          "Actual Rows": 4,
          "Actual Loops": 1,
          "Workers Planned": 3,
          "Workers Launched": 3,
          "Single Copy": false,
          "Plans": [
            {
              "Node Type": "Aggregate",
              "Strategy": "Plain",
              "Partial Mode": "Partial",
              "Parent Relationship": "Outer",
              "Parallel Aware": false,
              "Startup Cost": 95110.51,
              "Total Cost": 95110.52,
              "Plan Rows": 1,
              "Plan Width": 8,
              "Actual Startup Time": 260.826,
              "Actual Total Time": 260.831,
              "Actual Rows": 1,
              "Actual Loops": 4,
              "Plans": [
                {
                  "Node Type": "Nested Loop",
                  "Parent Relationship": "Outer",
                  "Parallel Aware": false,
                  "Join Type": "Inner",
                  "Startup Cost": 38301.21,
                  "Total Cost": 95054.97,
                  "Plan Rows": 22216,
                  "Plan Width": 0,
                  "Actual Startup Time": 100.29,
                  "Actual Total Time": 256.745,
                  "Actual Rows": 75421,
                  "Actual Loops": 4,
                  "Inner Unique": false,
                  "Join Filter": "(t.id = mk.movie_id)",
                  "Rows Removed by Join Filter": 0,
                  "Plans": [
                    {
                      "Node Type": "Hash Join",
                      "Parent Relationship": "Outer",
                      "Parallel Aware": true,
                      "Join Type": "Inner",
                      "Startup Cost": 38300.78,
                      "Total Cost": 70833.38,
                      "Plan Rows": 12416,
                      "Plan Width": 8,
                      "Actual Startup Time": 100.166,
                      "Actual Total Time": 187.807,
                      "Actual Rows": 20786,
                      "Actual Loops": 4,
                      "Inner Unique": true,
                      "Hash Cond": "(mc.movie_id = t.id)",
                      "Plans": [
                        {
                          "Node Type": "Seq Scan",
                          "Parent Relationship": "Outer",
                          "Parallel Aware": true,
                          "Relation Name": "movie_companies",
                          "Alias": "mc",
                          "Startup Cost": 0.0,
                          "Total Cost": 31414.82,
                          "Plan Rows": 425825,
                          "Plan Width": 4,
                          "Actual Startup Time": 36.736,
                          "Actual Total Time": 82.51,
                          "Actual Rows": 327417,
                          "Actual Loops": 4,
                          "Filter": "((company_id < 211814) AND (company_type_id = 2))",
                          "Rows Removed by Filter": 324865
                        },
                        {
                          "Node Type": "Hash",
                          "Parent Relationship": "Inner",
                          "Parallel Aware": true,
                          "Startup Cost": 38070.39,
                          "Total Cost": 38070.39,
                          "Plan Rows": 18431,
                          "Plan Width": 4,
                          "Actual Startup Time": 62.579,
                          "Actual Total Time": 62.581,
                          "Actual Rows": 19081,
                          "Actual Loops": 4,
                          "Hash Buckets": 131072,
                          "Original Hash Buckets": 131072,
                          "Hash Batches": 1,
                          "Original Hash Batches": 1,
                          "Peak Memory Usage": 4064,
                          "Plans": [
                            {
                              "Node Type": "Bitmap Heap Scan",
                              "Parent Relationship": "Outer",
                              "Parallel Aware": true,
                              "Relation Name": "title",
                              "Alias": "t",
                              "Startup Cost": 1715.88,
                              "Total Cost": 38070.39,
                              "Plan Rows": 18431,
                              "Plan Width": 4,
                              "Actual Startup Time": 10.656,
                              "Actual Total Time": 55.838,
                              "Actual Rows": 19081,
                              "Actual Loops": 4,
                              "Recheck Cond": "(kind_id = 2)",
                              "Rows Removed by Index Recheck": 0,
                              "Filter": "(production_year > 1979)",
                              "Rows Removed by Filter": 3632,
                              "Exact Heap Blocks": 14144,
                              "Lossy Heap Blocks": 0,
                              "Plans": [
                                {
                                  "Node Type": "Bitmap Index Scan",
                                  "Parent Relationship": "Outer",
                                  "Parallel Aware": false,
                                  "Index Name": "kind_id_title",
                                  "Startup Cost": 0.0,
                                  "Total Cost": 1697.45,
                                  "Plan Rows": 95069,
                                  "Plan Width": 0,
                                  "Actual Startup Time": 10.348,
                                  "Actual Total Time": 10.348,
                                  "Actual Rows": 90852,
                                  "Actual Loops": 1,
                                  "Index Cond": "(kind_id = 2)"
                                }
                              ]
                            }
                          ]
                        }
                      ]
                    },
                    {
                      "Node Type": "Index Only Scan",
                      "Parent Relationship": "Inner",
                      "Parallel Aware": false,
                      "Scan Direction": "Forward",
                      "Index Name": "movie_id_movie_keyword",
                      "Relation Name": "movie_keyword",
                      "Alias": "mk",
                      "Startup Cost": 0.43,
                      "Total Cost": 1.38,
                      "Plan Rows": 46,
                      "Plan Width": 4,
                      "Actual Startup Time": 0.002,
                      "Actual Total Time": 0.003,
                      "Actual Rows": 4,
                      "Actual Loops": 83144,
                      "Index Cond": "(movie_id = mc.movie_id)",
                      "Rows Removed by Index Recheck": 0,
                      "Heap Fetches": 301684
                    }
                  ]
                }
              ]
            }
          ]
        }
      ]
    },
    "Planning Time": 0.762,
    "Triggers": [],
    "Execution Time": 283.303
  }
]