[
  {
    "Plan": {
      "Node Type": "Aggregate",
      "Strategy": "Plain",
      "Partial Mode": "Finalize",
      "Parallel Aware": false,
      "Startup Cost": 33042.69,
      "Total Cost": 33042.7,
      "Plan Rows": 1,
      "Plan Width": 8,
      "Actual Startup Time": 88.888,
      "Actual Total Time": 96.591,
      "Actual Rows": 1,
      "Actual Loops": 1,
      "Plans": [
        {
          "Node Type": "Gather",
          "Parent Relationship": "Outer",
          "Parallel Aware": false,
          "Startup Cost": 33042.37,
          "Total Cost": 33042.68,
          "Plan Rows": 3,
          "Plan Width": 8,
          "Actual Startup Time": 88.756,
          "Actual Total Time": 96.582,
          "Actual Rows": 4,
          "Actual Loops": 1,
          "Workers Planned": 3,
          "Workers Launched": 3,
          "Single Copy": false,
          "Plans": [
            {
              "Node Type": "Aggregate",
              "Strategy": "Plain",
              "Partial Mode": "Partial",
              "Parent Relationship": "Outer",
              "Parallel Aware": false,
              "Startup Cost": 32042.37,
              "Total Cost": 32042.38,
              "Plan Rows": 1,
              "Plan Width": 8,
              "Actual Startup Time": 82.396,
              "Actual Total Time": 82.397,
              "Actual Rows": 1,
              "Actual Loops": 4,
              "Plans": [
                {
                  "Node Type": "Seq Scan",
                  "Parent Relationship": "Outer",
                  "Parallel Aware": true,
                  "Relation Name": "movie_companies",
                  "Alias": "mc",
                  "Startup Cost": 0.0,
                  "Total Cost": 31414.82,
                  "Plan Rows": 251022,
                  "Plan Width": 0,
                  "Actual Startup Time": 7.701,
                  "Actual Total Time": 75.888,
                  "Actual Rows": 140122,
                  "Actual Loops": 4,
                  "Filter": "((company_id > 5584) AND (company_type_id < 2))",
                  "Rows Removed by Filter": 512161
                }
              ]
            }
          ]
        }
      ]
    },
    "Planning Time": 0.164,
    "Triggers": [],
    "Execution Time": 96.636
  }
]