[
    {
        "Bao": {
            "Bao prediction": "NaN",
            "Bao recommended hint": "(no hint)"
        }
    },
    {
        "Plan": {
            "Node Type": "Aggregate",
            "Strategy": "Plain",
            "Partial Mode": "Finalize",
            "Parallel Aware": false,
            "Startup Cost": 66499.39,
            "Total Cost": 66499.4,
            "Plan Rows": 1,
            "Plan Width": 8,
            "Actual Startup Time": 121.869,
            "Actual Total Time": 130.09,
            "Actual Rows": 1,
            "Actual Loops": 1,
            "Output": [
                "count(*)"
            ],
            "Plans": [
                {
                    "Node Type": "Gather",
                    "Parent Relationship": "Outer",
                    "Parallel Aware": false,
                    "Startup Cost": 66498.97,
                    "Total Cost": 66499.38,
                    "Plan Rows": 4,
                    "Plan Width": 8,
                    "Actual Startup Time": 121.282,
                    "Actual Total Time": 130.082,
                    "Actual Rows": 5,
                    "Actual Loops": 1,
                    "Output": [
                        "(PARTIAL count(*))"
                    ],
                    "Workers Planned": 4,
                    "Workers Launched": 4,
                    "Single Copy": false,
                    "Plans": [
                        {
                            "Node Type": "Aggregate",
                            "Strategy": "Plain",
                            "Partial Mode": "Partial",
                            "Parent Relationship": "Outer",
                            "Parallel Aware": false,
                            "Startup Cost": 65498.97,
                            "Total Cost": 65498.98,
                            "Plan Rows": 1,
                            "Plan Width": 8,
                            "Actual Startup Time": 111.881,
                            "Actual Total Time": 111.884,
                            "Actual Rows": 1,
                            "Actual Loops": 5,
                            "Output": [
                                "PARTIAL count(*)"
                            ],
                            "Workers": [
                                {
                                    "Worker Number": 0,
                                    "Actual Startup Time": 109.149,
                                    "Actual Total Time": 109.152,
                                    "Actual Rows": 1,
                                    "Actual Loops": 1
                                },
                                {
                                    "Worker Number": 1,
                                    "Actual Startup Time": 109.425,
                                    "Actual Total Time": 109.428,
                                    "Actual Rows": 1,
                                    "Actual Loops": 1
                                },
                                {
                                    "Worker Number": 2,
                                    "Actual Startup Time": 109.848,
                                    "Actual Total Time": 109.85,
                                    "Actual Rows": 1,
                                    "Actual Loops": 1
                                },
                                {
                                    "Worker Number": 3,
                                    "Actual Startup Time": 109.987,
                                    "Actual Total Time": 109.99,
                                    "Actual Rows": 1,
                                    "Actual Loops": 1
                                }
                            ],
                            "Plans": [
                                {
                                    "Node Type": "Hash Join",
                                    "Parent Relationship": "Outer",
                                    "Parallel Aware": true,
                                    "Join Type": "Inner",
                                    "Startup Cost": 20735.94,
                                    "Total Cost": 65488.12,
                                    "Plan Rows": 4338,
                                    "Plan Width": 0,
                                    "Actual Startup Time": 69.62,
                                    "Actual Total Time": 111.823,
                                    "Actual Rows": 480,
                                    "Actual Loops": 5,
                                    "Inner Unique": false,
                                    "Hash Cond": "(t.id = mc.movie_id)",
                                    "Workers": [
                                        {
                                            "Worker Number": 0,
                                            "Actual Startup Time": 66.949,
                                            "Actual Total Time": 109.09,
                                            "Actual Rows": 417,
                                            "Actual Loops": 1
                                        },
                                        {
                                            "Worker Number": 1,
                                            "Actual Startup Time": 67.039,
                                            "Actual Total Time": 109.362,
                                            "Actual Rows": 432,
                                            "Actual Loops": 1
                                        },
                                        {
                                            "Worker Number": 2,
                                            "Actual Startup Time": 67.503,
                                            "Actual Total Time": 109.785,
                                            "Actual Rows": 444,
                                            "Actual Loops": 1
                                        },
                                        {
                                            "Worker Number": 3,
                                            "Actual Startup Time": 68.093,
                                            "Actual Total Time": 109.926,
                                            "Actual Rows": 436,
                                            "Actual Loops": 1
                                        }
                                    ],
                                    "Plans": [
                                        {
                                            "Node Type": "Seq Scan",
                                            "Parent Relationship": "Outer",
                                            "Parallel Aware": true,
                                            "Relation Name": "title",
                                            "Schema": "public",
                                            "Alias": "t",
                                            "Startup Cost": 0.0,
                                            "Total Cost": 43899.01,
                                            "Plan Rows": 167838,
                                            "Plan Width": 4,
                                            "Actual Startup Time": 31.992,
                                            "Actual Total Time": 70.047,
                                            "Actual Rows": 132565,
                                            "Actual Loops": 5,
                                            "Output": [
                                                "t.id",
                                                "t.title",
                                                "t.imdb_index",
                                                "t.kind_id",
                                                "t.production_year",
                                                "t.imdb_id",
                                                "t.phonetic_code",
                                                "t.episode_of_id",
                                                "t.season_nr",
                                                "t.episode_nr",
                                                "t.series_years",
                                                "t.md5sum"
                                            ],
                                            "Filter": "(t.kind_id < 2)",
                                            "Rows Removed by Filter": 373097,
                                            "Workers": [
                                                {
                                                    "Worker Number": 0,
                                                    "Actual Startup Time": 39.094,
                                                    "Actual Total Time": 70.17,
                                                    "Actual Rows": 120889,
                                                    "Actual Loops": 1
                                                },
                                                {
                                                    "Worker Number": 1,
                                                    "Actual Startup Time": 39.301,
                                                    "Actual Total Time": 70.046,
                                                    "Actual Rows": 121942,
                                                    "Actual Loops": 1
                                                },
                                                {
                                                    "Worker Number": 2,
                                                    "Actual Startup Time": 39.118,
                                                    "Actual Total Time": 70.614,
                                                    "Actual Rows": 123767,
                                                    "Actual Loops": 1
                                                },
                                                {
                                                    "Worker Number": 3,
                                                    "Actual Startup Time": 39.289,
                                                    "Actual Total Time": 70.628,
                                                    "Actual Rows": 123626,
                                                    "Actual Loops": 1
                                                }
                                            ]
                                        },
                                        {
                                            "Node Type": "Hash",
                                            "Parent Relationship": "Inner",
                                            "Parallel Aware": true,
                                            "Startup Cost": 20472.42,
                                            "Total Cost": 20472.42,
                                            "Plan Rows": 21081,
                                            "Plan Width": 4,
                                            "Actual Startup Time": 24.889,
                                            "Actual Total Time": 24.89,
                                            "Actual Rows": 13986,
                                            "Actual Loops": 5,
                                            "Output": [
                                                "mc.movie_id"
                                            ],
                                            "Hash Buckets": 131072,
                                            "Original Hash Buckets": 65536,
                                            "Hash Batches": 1,
                                            "Original Hash Batches": 1,
                                            "Peak Memory Usage": 4416,
                                            "Workers": [
                                                {
                                                    "Worker Number": 0,
                                                    "Actual Startup Time": 22.251,
                                                    "Actual Total Time": 22.253,
                                                    "Actual Rows": 4927,
                                                    "Actual Loops": 1
                                                },
                                                {
                                                    "Worker Number": 1,
                                                    "Actual Startup Time": 22.438,
                                                    "Actual Total Time": 22.44,
                                                    "Actual Rows": 4919,
                                                    "Actual Loops": 1
                                                },
                                                {
                                                    "Worker Number": 2,
                                                    "Actual Startup Time": 22.878,
                                                    "Actual Total Time": 22.879,
                                                    "Actual Rows": 4961,
                                                    "Actual Loops": 1
                                                },
                                                {
                                                    "Worker Number": 3,
                                                    "Actual Startup Time": 23.011,
                                                    "Actual Total Time": 23.012,
                                                    "Actual Rows": 4950,
                                                    "Actual Loops": 1
                                                }
                                            ],
                                            "Plans": [
                                                {
                                                    "Node Type": "Bitmap Heap Scan",
                                                    "Parent Relationship": "Outer",
                                                    "Parallel Aware": true,
                                                    "Relation Name": "movie_companies",
                                                    "Schema": "public",
                                                    "Alias": "mc",
                                                    "Startup Cost": 1418.91,
                                                    "Total Cost": 20472.42,
                                                    "Plan Rows": 21081,
                                                    "Plan Width": 4,
                                                    "Actual Startup Time": 0.971,
                                                    "Actual Total Time": 14.761,
                                                    "Actual Rows": 13986,
                                                    "Actual Loops": 5,
                                                    "Output": [
                                                        "mc.movie_id"
                                                    ],
                                                    "Recheck Cond": "(mc.company_id < 11)",
                                                    "Rows Removed by Index Recheck": 0,
                                                    "Exact Heap Blocks": 4817,
                                                    "Lossy Heap Blocks": 0,
                                                    "Workers": [
                                                        {
                                                            "Worker Number": 0,
                                                            "Actual Startup Time": 0.161,
                                                            "Actual Total Time": 14.768,
                                                            "Actual Rows": 4927,
                                                            "Actual Loops": 1
                                                        },
                                                        {
                                                            "Worker Number": 1,
                                                            "Actual Startup Time": 0.133,
                                                            "Actual Total Time": 15.114,
                                                            "Actual Rows": 4919,
                                                            "Actual Loops": 1
                                                        },
                                                        {
                                                            "Worker Number": 2,
                                                            "Actual Startup Time": 0.146,
                                                            "Actual Total Time": 12.64,
                                                            "Actual Rows": 4961,
                                                            "Actual Loops": 1
                                                        },
                                                        {
                                                            "Worker Number": 3,
                                                            "Actual Startup Time": 0.177,
                                                            "Actual Total Time": 12.668,
                                                            "Actual Rows": 4950,
                                                            "Actual Loops": 1
                                                        }
                                                    ],
                                                    "Plans": [
                                                        {
                                                            "Node Type": "Bitmap Index Scan",
                                                            "Parent Relationship": "Outer",
                                                            "Parallel Aware": false,
                                                            "Index Name": "company_id_movie_companies",
                                                            "Startup Cost": 0.0,
                                                            "Total Cost": 1402.57,
                                                            "Plan Rows": 65352,
                                                            "Plan Width": 0,
                                                            "Actual Startup Time": 3.386,
                                                            "Actual Total Time": 3.386,
                                                            "Actual Rows": 69928,
                                                            "Actual Loops": 1,
                                                            "Index Cond": "(mc.company_id < 11)"
                                                        }
                                                    ]
                                                }
                                            ]
                                        }
                                    ]
                                }
                            ]
                        }
                    ]
                }
            ]
        },
        "Planning Time": 209.868,
        "Triggers": [],
        "Execution Time": 130.146
    }
]