[
    {
        "Bao": {
            "Bao prediction": "NaN",
            "Bao recommended hint": "(no hint)"
        }
    },
    {
        "Plan": {
            "Node Type": "Aggregate",
            "Strategy": "Plain",
            "Partial Mode": "Finalize",
            "Parallel Aware": false,
            "Startup Cost": 33018.45,
            "Total Cost": 33018.46,
            "Plan Rows": 1,
            "Plan Width": 8,
            "Actual Startup Time": 92.31,
            "Actual Total Time": 98.635,
            "Actual Rows": 1,
            "Actual Loops": 1,
            "Output": [
                "count(*)"
            ],
            "Plans": [
                {
                    "Node Type": "Gather",
                    "Parent Relationship": "Outer",
                    "Parallel Aware": false,
                    "Startup Cost": 33018.13,
                    "Total Cost": 33018.44,
                    "Plan Rows": 3,
                    "Plan Width": 8,
                    "Actual Startup Time": 92.216,
                    "Actual Total Time": 98.628,
                    "Actual Rows": 4,
                    "Actual Loops": 1,
                    "Output": [
                        "(PARTIAL count(*))"
                    ],
                    "Workers Planned": 3,
                    "Workers Launched": 3,
                    "Single Copy": false,
                    "Plans": [
                        {
                            "Node Type": "Aggregate",
                            "Strategy": "Plain",
                            "Partial Mode": "Partial",
                            "Parent Relationship": "Outer",
                            "Parallel Aware": false,
                            "Startup Cost": 32018.13,
                            "Total Cost": 32018.14,
                            "Plan Rows": 1,
                            "Plan Width": 8,
                            "Actual Startup Time": 84.406,
                            "Actual Total Time": 84.407,
                            "Actual Rows": 1,
                            "Actual Loops": 4,
                            "Output": [
                                "PARTIAL count(*)"
                            ],
                            "Workers": [
                                {
                                    "Worker Number": 0,
                                    "Actual Startup Time": 81.413,
                                    "Actual Total Time": 81.414,
                                    "Actual Rows": 1,
                                    "Actual Loops": 1
                                },
                                {
                                    "Worker Number": 1,
                                    "Actual Startup Time": 81.94,
                                    "Actual Total Time": 81.941,
                                    "Actual Rows": 1,
                                    "Actual Loops": 1
                                },
                                {
                                    "Worker Number": 2,
                                    "Actual Startup Time": 82.295,
                                    "Actual Total Time": 82.296,
                                    "Actual Rows": 1,
                                    "Actual Loops": 1
                                }
                            ],
                            "Plans": [
                                {
                                    "Node Type": "Seq Scan",
                                    "Parent Relationship": "Outer",
                                    "Parallel Aware": true,
                                    "Relation Name": "movie_companies",
                                    "Schema": "public",
                                    "Alias": "mc",
                                    "Startup Cost": 0.0,
                                    "Total Cost": 31414.82,
                                    "Plan Rows": 241325,
                                    "Plan Width": 0,
                                    "Actual Startup Time": 3.696,
                                    "Actual Total Time": 76.783,
                                    "Actual Rows": 132886,
                                    "Actual Loops": 4,
                                    "Output": [
                                        "id",
                                        "movie_id",
                                        "company_id",
                                        "company_type_id",
                                        "note"
                                    ],
                                    "Filter": "((mc.company_id > 6930) AND (mc.company_type_id = 1))",
                                    "Rows Removed by Filter": 519396,
                                    "Workers": [
                                        {
                                            "Worker Number": 0,
                                            "Actual Startup Time": 0.768,
                                            "Actual Total Time": 74.141,
                                            "Actual Rows": 118220,
                                            "Actual Loops": 1
                                        },
                                        {
                                            "Worker Number": 1,
                                            "Actual Startup Time": 1.225,
                                            "Actual Total Time": 74.576,
                                            "Actual Rows": 98820,
                                            "Actual Loops": 1
                                        },
                                        {
                                            "Worker Number": 2,
                                            "Actual Startup Time": 1.563,
                                            "Actual Total Time": 74.995,
                                            "Actual Rows": 97400,
                                            "Actual Loops": 1
                                        }
                                    ]
                                }
                            ]
                        }
                    ]
                }
            ]
        },
        "Planning Time": 181.714,
        "Triggers": [],
        "Execution Time": 98.676
    }
]