[
  {
    "Plan": {
      "Node Type": "Aggregate",
      "Strategy": "Plain",
      "Partial Mode": "Finalize",
      "Parallel Aware": false,
      "Startup Cost": 46543.62,
      "Total Cost": 46543.63,
      "Plan Rows": 1,
      "Plan Width": 8,
      "Actual Startup Time": 92.101,
      "Actual Total Time": 106.021,
      "Actual Rows": 1,
      "Actual Loops": 1,
      "Plans": [
        {
          "Node Type": "Gather",
          "Parent Relationship": "Outer",
          "Parallel Aware": false,
          "Startup Cost": 46543.2,
          "Total Cost": 46543.61,
          "Plan Rows": 4,
          "Plan Width": 8,
          "Actual Startup Time": 91.861,
          "Actual Total Time": 106.012,
          "Actual Rows": 5,
          "Actual Loops": 1,
          "Workers Planned": 4,
          "Workers Launched": 4,
          "Single Copy": false,
          "Plans": [
            {
              "Node Type": "Aggregate",
              "Strategy": "Plain",
              "Partial Mode": "Partial",
              "Parent Relationship": "Outer",
              "Parallel Aware": false,
              "Startup Cost": 45543.2,
              "Total Cost": 45543.21,
              "Plan Rows": 1,
              "Plan Width": 8,
              "Actual Startup Time": 83.851,
              "Actual Total Time": 83.852,
              "Actual Rows": 1,
              "Actual Loops": 5,
              "Plans": [
                {
                  "Node Type": "Seq Scan",
                  "Parent Relationship": "Outer",
                  "Parallel Aware": true,
                  "Relation Name": "title",
                  "Alias": "t",
                  "Startup Cost": 0.0,
                  "Total Cost": 45479.1,
                  "Plan Rows": 25641,
                  "Plan Width": 0,
                  "Actual Startup Time": 0.125,
                  "Actual Total Time": 83.675,
                  "Actual Rows": 1386,
                  "Actual Loops": 5,
                  "Filter": "((production_year < 1952) AND (kind_id = 7))",
                  "Rows Removed by Filter": 504276
                }
              ]
            }
          ]
        }
      ]
    },
    "Planning Time": 0.195,
    "Triggers": [],
    "Execution Time": 106.083
  }
]