[
  {
    "Plan": {
      "Node Type": "Aggregate",
      "Strategy": "Plain",
      "Partial Mode": "Finalize",
      "Parallel Aware": false,
      "Startup Cost": 45572.72,
      "Total Cost": 45572.73,
      "Plan Rows": 1,
      "Plan Width": 8,
      "Actual Startup Time": 141.311,
      "Actual Total Time": 151.239,
      "Actual Rows": 1,
      "Actual Loops": 1,
      "Plans": [
        {
          "Node Type": "Gather",
          "Parent Relationship": "Outer",
          "Parallel Aware": false,
          "Startup Cost": 45572.4,
          "Total Cost": 45572.71,
          "Plan Rows": 3,
          "Plan Width": 8,
          "Actual Startup Time": 141.082,
          "Actual Total Time": 151.231,
          "Actual Rows": 4,
          "Actual Loops": 1,
          "Workers Planned": 3,
          "Workers Launched": 3,
          "Single Copy": false,
          "Plans": [
            {
              "Node Type": "Aggregate",
              "Strategy": "Plain",
              "Partial Mode": "Partial",
              "Parent Relationship": "Outer",
              "Parallel Aware": false,
              "Startup Cost": 44572.4,
              "Total Cost": 44572.41,
              "Plan Rows": 1,
              "Plan Width": 8,
              "Actual Startup Time": 136.57,
              "Actual Total Time": 136.571,
              "Actual Rows": 1,
              "Actual Loops": 4,
              "Plans": [
                {
                  "Node Type": "Seq Scan",
                  "Parent Relationship": "Outer",
                  "Parallel Aware": true,
                  "Relation Name": "movie_keyword",
                  "Alias": "mk",
                  "Startup Cost": 0.0,
                  "Total Cost": 42695.65,
                  "Plan Rows": 750700,
                  "Plan Width": 0,
                  "Actual Startup Time": 0.037,
                  "Actual Total Time": 110.671,
                  "Actual Rows": 582136,
                  "Actual Loops": 4,
                  "Filter": "(keyword_id < 5112)",
                  "Rows Removed by Filter": 548846
                }
              ]
            }
          ]
        }
      ]
    },
    "Planning Time": 0.123,
    "Triggers": [],
    "Execution Time": 151.276
  }
]