{
  "Plan": {
    "Node Type": "Aggregate",
    "Strategy": "Plain",
    "Partial Mode": "Finalize",
    "Parallel Aware": false,
    "Startup Cost": 729876.63,
    "Total Cost": 729876.64,
    "Plan Rows": 1,
    "Plan Width": 8,
    "Actual Startup Time": 5610.036,
    "Actual Total Time": 5683.592,
    "Actual Rows": 1,
    "Actual Loops": 1,
    "Plans": [
      {
        "Node Type": "Gather",
        "Parent Relationship": "Outer",
        "Parallel Aware": false,
        "Startup Cost": 729876.52,
        "Total Cost": 729876.63,
        "Plan Rows": 1,
        "Plan Width": 8,
        "Actual Startup Time": 5603.296,
        "Actual Total Time": 5683.581,
        "Actual Rows": 2,
        "Actual Loops": 1,
        "Workers Planned": 1,
        "Workers Launched": 1,
        "Single Copy": false,
        "Plans": [
          {
            "Node Type": "Aggregate",
            "Strategy": "Plain",
            "Partial Mode": "Partial",
            "Parent Relationship": "Outer",
            "Parallel Aware": false,
            "Startup Cost": 728876.52,
            "Total Cost": 728876.53,
            "Plan Rows": 1,
            "Plan Width": 8,
            "Actual Startup Time": 5591.626,
            "Actual Total Time": 5592.086,
            "Actual Rows": 1,
            "Actual Loops": 2,
            "Plans": [
              {
                "Node Type": "Hash Join",
                "Parent Relationship": "Outer",
                "Parallel Aware": true,
                "Join Type": "Inner",
                "Startup Cost": 631938.2,
                "Total Cost": 723945.06,
                "Plan Rows": 1972585,
                "Plan Width": 0,
                "Actual Startup Time": 4059.154,
                "Actual Total Time": 5183.365,
                "Actual Rows": 10136096,
                "Actual Loops": 2,
                "Inner Unique": false,
                "Hash Cond": "(mk.movie_id = t.id)",
                "Plans": [
                  {
                    "Node Type": "Seq Scan",
                    "Parent Relationship": "Outer",
                    "Parallel Aware": true,
                    "Relation Name": "movie_keyword",
                    "Alias": "mk",
                    "Startup Cost": 0.0,
                    "Total Cost": 57718.19,
                    "Plan Rows": 2268523,
                    "Plan Width": 4,
                    "Actual Startup Time": 0.017,
                    "Actual Total Time": 195.717,
                    "Actual Rows": 1933810,
                    "Actual Loops": 2,
                    "Filter": "(keyword_id < 28627)",
                    "Rows Removed by Filter": 328156
                  },
                  {
                    "Node Type": "Hash",
                    "Parent Relationship": "Inner",
                    "Parallel Aware": true,
                    "Startup Cost": 615773.0,
                    "Total Cost": 615773.0,
                    "Plan Rows": 1293216,
                    "Plan Width": 8,
                    "Actual Startup Time": 4037.366,
                    "Actual Total Time": 4037.825,
                    "Actual Rows": 1210228,
                    "Actual Loops": 2,
                    "Hash Buckets": 4194304,
                    "Original Hash Buckets": 4194304,
                    "Hash Batches": 1,
                    "Original Hash Batches": 1,
                    "Peak Memory Usage": 127488,
                    "Plans": [
                      {
                        "Node Type": "Hash Join",
                        "Parent Relationship": "Outer",
                        "Parallel Aware": true,
                        "Join Type": "Inner",
                        "Startup Cost": 60027.16,
                        "Total Cost": 615773.0,
                        "Plan Rows": 1293216,
                        "Plan Width": 8,
                        "Actual Startup Time": 661.323,
                        "Actual Total Time": 3656.064,
                        "Actual Rows": 1210228,
                        "Actual Loops": 2,
                        "Inner Unique": true,
                        "Hash Cond": "(ci.movie_id = t.id)",
                        "Plans": [
                          {
                            "Node Type": "Seq Scan",
                            "Parent Relationship": "Outer",
                            "Parallel Aware": true,
                            "Relation Name": "cast_info",
                            "Alias": "ci",
                            "Startup Cost": 0.0,
                            "Total Cost": 519069.44,
                            "Plan Rows": 13971936,
                            "Plan Width": 4,
                            "Actual Startup Time": 477.76,
                            "Actual Total Time": 1729.111,
                            "Actual Rows": 11786828,
                            "Actual Loops": 2,
                            "Filter": "(role_id > 1)",
                            "Rows Removed by Filter": 6335344
                          },
                          {
                            "Node Type": "Hash",
                            "Parent Relationship": "Inner",
                            "Parallel Aware": true,
                            "Startup Cost": 58306.47,
                            "Total Cost": 58306.47,
                            "Plan Rows": 137655,
                            "Plan Width": 4,
                            "Actual Startup Time": 182.649,
                            "Actual Total Time": 182.65,
                            "Actual Rows": 174822,
                            "Actual Loops": 2,
                            "Hash Buckets": 524288,
                            "Original Hash Buckets": 262144,
                            "Hash Batches": 1,
                            "Original Hash Batches": 1,
                            "Peak Memory Usage": 19840,
                            "Plans": [
                              {
                                "Node Type": "Seq Scan",
                                "Parent Relationship": "Outer",
                                "Parallel Aware": true,
                                "Relation Name": "title",
                                "Alias": "t",
                                "Startup Cost": 0.0,
                                "Total Cost": 58306.47,
                                "Plan Rows": 137655,
                                "Plan Width": 4,
                                "Actual Startup Time": 0.042,
                                "Actual Total Time": 140.784,
                                "Actual Rows": 174822,
                                "Actual Loops": 2,
                                "Filter": "((kind_id < 7) AND (production_year < 1986))",
                                "Rows Removed by Filter": 1089334
                              }
                            ]
                          }
                        ]
                      }
                    ]
                  }
                ]
              }
            ]
          }
        ]
      }
    ]
  },
  "Planning Time": 0.962,
  "Triggers": [],
  "Execution Time": 5683.746
}