{
  "Plan": {
    "Node Type": "Aggregate",
    "Strategy": "Plain",
    "Partial Mode": "Finalize",
    "Parallel Aware": false,
    "Startup Cost": 788973.35,
    "Total Cost": 788973.36,
    "Plan Rows": 1,
    "Plan Width": 8,
    "Actual Startup Time": 6373.665,
    "Actual Total Time": 6430.871,
    "Actual Rows": 1,
    "Actual Loops": 1,
    "Plans": [
      {
        "Node Type": "Gather",
        "Parent Relationship": "Outer",
        "Parallel Aware": false,
        "Startup Cost": 788973.23,
        "Total Cost": 788973.34,
        "Plan Rows": 1,
        "Plan Width": 8,
        "Actual Startup Time": 6358.408,
        "Actual Total Time": 6430.865,
        "Actual Rows": 2,
        "Actual Loops": 1,
        "Workers Planned": 1,
        "Workers Launched": 1,
        "Single Copy": false,
        "Plans": [
          {
            "Node Type": "Aggregate",
            "Strategy": "Plain",
            "Partial Mode": "Partial",
            "Parent Relationship": "Outer",
            "Parallel Aware": false,
            "Startup Cost": 787973.23,
            "Total Cost": 787973.24,
            "Plan Rows": 1,
            "Plan Width": 8,
            "Actual Startup Time": 6352.259,
            "Actual Total Time": 6352.264,
            "Actual Rows": 1,
            "Actual Loops": 2,
            "Plans": [
              {
                "Node Type": "Merge Join",
                "Parent Relationship": "Outer",
                "Parallel Aware": false,
                "Join Type": "Inner",
                "Startup Cost": 629333.29,
                "Total Cost": 784899.22,
                "Plan Rows": 1229605,
                "Plan Width": 0,
                "Actual Startup Time": 4476.372,
                "Actual Total Time": 6035.369,
                "Actual Rows": 8243624,
                "Actual Loops": 2,
                "Inner Unique": false,
                "Merge Cond": "(mc.movie_id = t.id)",
                "Plans": [
                  {
                    "Node Type": "Index Only Scan",
                    "Parent Relationship": "Outer",
                    "Parallel Aware": true,
                    "Scan Direction": "Forward",
                    "Index Name": "movie_id_movie_companies",
                    "Relation Name": "movie_companies",
                    "Alias": "mc",
                    "Startup Cost": 0.43,
                    "Total Cost": 129315.97,
                    "Plan Rows": 1534782,
                    "Plan Width": 4,
                    "Actual Startup Time": 0.116,
                    "Actual Total Time": 314.491,
                    "Actual Rows": 1304564,
                    "Actual Loops": 2,
                    "Heap Fetches": 2609129
                  },
                  {
                    "Node Type": "Sort",
                    "Parent Relationship": "Inner",
                    "Parallel Aware": false,
                    "Startup Cost": 629332.66,
                    "Total Cost": 634396.57,
                    "Plan Rows": 2025566,
                    "Plan Width": 8,
                    "Actual Startup Time": 4476.207,
                    "Actual Total Time": 4859.229,
                    "Actual Rows": 10141518,
                    "Actual Loops": 2,
                    "Sort Key": [
                      "t.id"
                    ],
                    "Sort Method": "quicksort",
                    "Sort Space Used": 241588,
                    "Sort Space Type": "Memory",
                    "Workers": [
                      {
                        "Worker Number": 0,
                        "Sort Method": "quicksort",
                        "Sort Space Used": 241588,
                        "Sort Space Type": "Memory"
                      }
                    ],
                    "Plans": [
                      {
                        "Node Type": "Hash Join",
                        "Parent Relationship": "Outer",
                        "Parallel Aware": false,
                        "Join Type": "Inner",
                        "Startup Cost": 68518.86,
                        "Total Cost": 417155.7,
                        "Plan Rows": 2025566,
                        "Plan Width": 8,
                        "Actual Startup Time": 268.92,
                        "Actual Total Time": 3807.385,
                        "Actual Rows": 3056710,
                        "Actual Loops": 2,
                        "Inner Unique": true,
                        "Hash Cond": "(mi.movie_id = t.id)",
                        "Plans": [
                          {
                            "Node Type": "Seq Scan",
                            "Parent Relationship": "Outer",
                            "Parallel Aware": false,
                            "Relation Name": "movie_info",
                            "Alias": "mi",
                            "Startup Cost": 0.0,
                            "Total Cost": 309829.65,
                            "Plan Rows": 14783665,
                            "Plan Width": 4,
                            "Actual Startup Time": 0.041,
                            "Actual Total Time": 1169.303,
                            "Actual Rows": 14835720,
                            "Actual Loops": 2
                          },
                          {
                            "Node Type": "Hash",
                            "Parent Relationship": "Inner",
                            "Parallel Aware": false,
                            "Startup Cost": 64188.72,
                            "Total Cost": 64188.72,
                            "Plan Rows": 346411,
                            "Plan Width": 4,
                            "Actual Startup Time": 260.696,
                            "Actual Total Time": 260.698,
                            "Actual Rows": 277148,
                            "Actual Loops": 2,
                            "Hash Buckets": 524288,
                            "Original Hash Buckets": 524288,
                            "Hash Batches": 1,
                            "Original Hash Batches": 1,
                            "Peak Memory Usage": 13840,
                            "Plans": [
                              {
                                "Node Type": "Bitmap Heap Scan",
                                "Parent Relationship": "Outer",
                                "Parallel Aware": false,
                                "Relation Name": "title",
                                "Alias": "t",
                                "Startup Cost": 15348.26,
                                "Total Cost": 64188.72,
                                "Plan Rows": 346411,
                                "Plan Width": 4,
                                "Actual Startup Time": 51.779,
                                "Actual Total Time": 200.658,
                                "Actual Rows": 277148,
                                "Actual Loops": 2,
                                "Recheck Cond": "(kind_id < 4)",
                                "Rows Removed by Index Recheck": 0,
                                "Filter": "(production_year > 2005)",
                                "Rows Removed by Filter": 577066,
                                "Exact Heap Blocks": 35470,
                                "Lossy Heap Blocks": 0,
                                "Plans": [
                                  {
                                    "Node Type": "Bitmap Index Scan",
                                    "Parent Relationship": "Outer",
                                    "Parallel Aware": false,
                                    "Index Name": "kind_id_title",
                                    "Startup Cost": 0.0,
                                    "Total Cost": 15261.66,
                                    "Plan Rows": 856164,
                                    "Plan Width": 0,
                                    "Actual Startup Time": 46.619,
                                    "Actual Total Time": 46.619,
                                    "Actual Rows": 854214,
                                    "Actual Loops": 2,
                                    "Index Cond": "(kind_id < 4)"
                                  }
                                ]
                              }
                            ]
                          }
                        ]
                      }
                    ]
                  }
                ]
              }
            ]
          }
        ]
      }
    ]
  },
  "Planning Time": 1.056,
  "Triggers": [],
  "Execution Time": 6457.484
}