[
  {
    "Plan": {
      "Node Type": "Aggregate",
      "Strategy": "Plain",
      "Partial Mode": "Finalize",
      "Parallel Aware": false,
      "Startup Cost": 39696.15,
      "Total Cost": 39696.16,
      "Plan Rows": 1,
      "Plan Width": 8,
      "Actual Startup Time": 36.099,
      "Actual Total Time": 41.03,
      "Actual Rows": 1,
      "Actual Loops": 1,
      "Plans": [
        {
          "Node Type": "Gather",
          "Parent Relationship": "Outer",
          "Parallel Aware": false,
          "Startup Cost": 39695.73,
          "Total Cost": 39696.14,
          "Plan Rows": 4,
          "Plan Width": 8,
          "Actual Startup Time": 35.854,
          "Actual Total Time": 41.021,
          "Actual Rows": 5,
          "Actual Loops": 1,
          "Workers Planned": 4,
          "Workers Launched": 4,
          "Single Copy": false,
          "Plans": [
            {
              "Node Type": "Aggregate",
              "Strategy": "Plain",
              "Partial Mode": "Partial",
              "Parent Relationship": "Outer",
              "Parallel Aware": false,
              "Startup Cost": 38695.73,
              "Total Cost": 38695.74,
              "Plan Rows": 1,
              "Plan Width": 8,
              "Actual Startup Time": 30.242,
              "Actual Total Time": 30.244,
              "Actual Rows": 1,
              "Actual Loops": 5,
              "Plans": [
                {
                  "Node Type": "Bitmap Heap Scan",
                  "Parent Relationship": "Outer",
                  "Parallel Aware": true,
                  "Relation Name": "title",
                  "Alias": "t",
                  "Startup Cost": 2188.72,
                  "Total Cost": 38642.16,
                  "Plan Rows": 21427,
                  "Plan Width": 0,
                  "Actual Startup Time": 3.648,
                  "Actual Total Time": 28.777,
                  "Actual Rows": 22590,
                  "Actual Loops": 5,
                  "Recheck Cond": "(kind_id = 4)",
                  "Rows Removed by Index Recheck": 0,
                  "Filter": "(production_year > 1989)",
                  "Rows Removed by Filter": 1056,
                  "Exact Heap Blocks": 5812,
                  "Lossy Heap Blocks": 0,
                  "Plans": [
                    {
                      "Node Type": "Bitmap Index Scan",
                      "Parent Relationship": "Outer",
                      "Parallel Aware": false,
                      "Index Name": "kind_id_title",
                      "Startup Cost": 0.0,
                      "Total Cost": 2167.3,
                      "Plan Rows": 121449,
                      "Plan Width": 0,
                      "Actual Startup Time": 6.084,
                      "Actual Total Time": 6.085,
                      "Actual Rows": 118234,
                      "Actual Loops": 1,
                      "Index Cond": "(kind_id = 4)"
                    }
                  ]
                }
              ]
            }
          ]
        }
      ]
    },
    "Planning Time": 0.083,
    "Triggers": [],
    "Execution Time": 41.065
  }
]