[
    {
        "Bao": {
            "Bao prediction": "NaN",
            "Bao recommended hint": "(no hint)"
        }
    },
    {
        "Plan": {
            "Node Type": "Aggregate",
            "Strategy": "Plain",
            "Partial Mode": "Finalize",
            "Parallel Aware": false,
            "Startup Cost": 341572.82,
            "Total Cost": 341572.83,
            "Plan Rows": 1,
            "Plan Width": 8,
            "Actual Startup Time": 845.02,
            "Actual Total Time": 873.738,
            "Actual Rows": 1,
            "Actual Loops": 1,
            "Output": [
                "count(*)"
            ],
            "Plans": [
                {
                    "Node Type": "Gather",
                    "Parent Relationship": "Outer",
                    "Parallel Aware": false,
                    "Startup Cost": 341572.2,
                    "Total Cost": 341572.81,
                    "Plan Rows": 6,
                    "Plan Width": 8,
                    "Actual Startup Time": 844.909,
                    "Actual Total Time": 873.729,
                    "Actual Rows": 7,
                    "Actual Loops": 1,
                    "Output": [
                        "(PARTIAL count(*))"
                    ],
                    "Workers Planned": 6,
                    "Workers Launched": 6,
                    "Single Copy": false,
                    "Plans": [
                        {
                            "Node Type": "Aggregate",
                            "Strategy": "Plain",
                            "Partial Mode": "Partial",
                            "Parent Relationship": "Outer",
                            "Parallel Aware": false,
                            "Startup Cost": 340572.2,
                            "Total Cost": 340572.21,
                            "Plan Rows": 1,
                            "Plan Width": 8,
                            "Actual Startup Time": 835.056,
                            "Actual Total Time": 835.057,
                            "Actual Rows": 1,
                            "Actual Loops": 7,
                            "Output": [
                                "PARTIAL count(*)"
                            ],
                            "Workers": [
                                {
                                    "Worker Number": 0,
                                    "Actual Startup Time": 833.017,
                                    "Actual Total Time": 833.018,
                                    "Actual Rows": 1,
                                    "Actual Loops": 1
                                },
                                {
                                    "Worker Number": 1,
                                    "Actual Startup Time": 833.257,
                                    "Actual Total Time": 833.258,
                                    "Actual Rows": 1,
                                    "Actual Loops": 1
                                },
                                {
                                    "Worker Number": 2,
                                    "Actual Startup Time": 833.523,
                                    "Actual Total Time": 833.523,
                                    "Actual Rows": 1,
                                    "Actual Loops": 1
                                },
                                {
                                    "Worker Number": 3,
                                    "Actual Startup Time": 833.554,
                                    "Actual Total Time": 833.555,
                                    "Actual Rows": 1,
                                    "Actual Loops": 1
                                },
                                {
                                    "Worker Number": 4,
                                    "Actual Startup Time": 833.566,
                                    "Actual Total Time": 833.566,
                                    "Actual Rows": 1,
                                    "Actual Loops": 1
                                },
                                {
                                    "Worker Number": 5,
                                    "Actual Startup Time": 833.936,
                                    "Actual Total Time": 833.937,
                                    "Actual Rows": 1,
                                    "Actual Loops": 1
                                }
                            ],
                            "Plans": [
                                {
                                    "Node Type": "Seq Scan",
                                    "Parent Relationship": "Outer",
                                    "Parallel Aware": true,
                                    "Relation Name": "cast_info",
                                    "Schema": "public",
                                    "Alias": "ci",
                                    "Startup Cost": 0.0,
                                    "Total Cost": 328213.62,
                                    "Plan Rows": 4943432,
                                    "Plan Width": 0,
                                    "Actual Startup Time": 78.967,
                                    "Actual Total Time": 626.841,
                                    "Actual Rows": 4208581,
                                    "Actual Loops": 7,
                                    "Output": [
                                        "id",
                                        "person_id",
                                        "movie_id",
                                        "person_role_id",
                                        "note",
                                        "nr_order",
                                        "role_id"
                                    ],
                                    "Filter": "(ci.person_id > 655549)",
                                    "Rows Removed by Filter": 969182,
                                    "Workers": [
                                        {
                                            "Worker Number": 0,
                                            "Actual Startup Time": 76.933,
                                            "Actual Total Time": 625.763,
                                            "Actual Rows": 3148400,
                                            "Actual Loops": 1
                                        },
                                        {
                                            "Worker Number": 1,
                                            "Actual Startup Time": 77.16,
                                            "Actual Total Time": 627.819,
                                            "Actual Rows": 3136749,
                                            "Actual Loops": 1
                                        },
                                        {
                                            "Worker Number": 2,
                                            "Actual Startup Time": 77.431,
                                            "Actual Total Time": 627.166,
                                            "Actual Rows": 4605620,
                                            "Actual Loops": 1
                                        },
                                        {
                                            "Worker Number": 3,
                                            "Actual Startup Time": 77.474,
                                            "Actual Total Time": 625.958,
                                            "Actual Rows": 3152474,
                                            "Actual Loops": 1
                                        },
                                        {
                                            "Worker Number": 4,
                                            "Actual Startup Time": 77.466,
                                            "Actual Total Time": 626.911,
                                            "Actual Rows": 4620842,
                                            "Actual Loops": 1
                                        },
                                        {
                                            "Worker Number": 5,
                                            "Actual Startup Time": 77.848,
                                            "Actual Total Time": 638.318,
                                            "Actual Rows": 4846133,
                                            "Actual Loops": 1
                                        }
                                    ]
                                }
                            ]
                        }
                    ]
                }
            ]
        },
        "Planning Time": 178.169,
        "Triggers": [],
        "Execution Time": 873.808
    }
]