{
  "Plan": {
    "Node Type": "Aggregate",
    "Strategy": "Plain",
    "Partial Mode": "Finalize",
    "Parallel Aware": false,
    "Startup Cost": 365828.82,
    "Total Cost": 365828.83,
    "Plan Rows": 1,
    "Plan Width": 8,
    "Actual Startup Time": 590.664,
    "Actual Total Time": 602.438,
    "Actual Rows": 1,
    "Actual Loops": 1,
    "Plans": [
      {
        "Node Type": "Gather",
        "Parent Relationship": "Outer",
        "Parallel Aware": false,
        "Startup Cost": 365828.71,
        "Total Cost": 365828.82,
        "Plan Rows": 1,
        "Plan Width": 8,
        "Actual Startup Time": 587.853,
        "Actual Total Time": 602.429,
        "Actual Rows": 2,
        "Actual Loops": 1,
        "Workers Planned": 1,
        "Workers Launched": 1,
        "Single Copy": false,
        "Plans": [
          {
            "Node Type": "Aggregate",
            "Strategy": "Plain",
            "Partial Mode": "Partial",
            "Parent Relationship": "Outer",
            "Parallel Aware": false,
            "Startup Cost": 364828.71,
            "Total Cost": 364828.72,
            "Plan Rows": 1,
            "Plan Width": 8,
            "Actual Startup Time": 579.88,
            "Actual Total Time": 579.887,
            "Actual Rows": 1,
            "Actual Loops": 2,
            "Plans": [
              {
                "Node Type": "Hash Join",
                "Parent Relationship": "Outer",
                "Parallel Aware": true,
                "Join Type": "Inner",
                "Startup Cost": 345282.97,
                "Total Cost": 364694.89,
                "Plan Rows": 53528,
                "Plan Width": 0,
                "Actual Startup Time": 458.906,
                "Actual Total Time": 577.671,
                "Actual Rows": 51236,
                "Actual Loops": 2,
                "Inner Unique": false,
                "Hash Cond": "(mi_idx.movie_id = t.id)",
                "Plans": [
                  {
                    "Node Type": "Seq Scan",
                    "Parent Relationship": "Outer",
                    "Parallel Aware": true,
                    "Relation Name": "movie_info_idx",
                    "Alias": "mi_idx",
                    "Startup Cost": 0.0,
                    "Total Cost": 16052.85,
                    "Plan Rows": 811785,
                    "Plan Width": 4,
                    "Actual Startup Time": 0.017,
                    "Actual Total Time": 49.571,
                    "Actual Rows": 690018,
                    "Actual Loops": 2
                  },
                  {
                    "Node Type": "Hash",
                    "Parent Relationship": "Inner",
                    "Parallel Aware": true,
                    "Startup Cost": 344057.14,
                    "Total Cost": 344057.14,
                    "Plan Rows": 98066,
                    "Plan Width": 8,
                    "Actual Startup Time": 456.204,
                    "Actual Total Time": 456.209,
                    "Actual Rows": 82372,
                    "Actual Loops": 2,
                    "Hash Buckets": 262144,
                    "Original Hash Buckets": 262144,
                    "Hash Batches": 1,
                    "Original Hash Batches": 1,
                    "Peak Memory Usage": 8512,
                    "Plans": [
                      {
                        "Node Type": "Hash Join",
                        "Parent Relationship": "Outer",
                        "Parallel Aware": true,
                        "Join Type": "Inner",
                        "Startup Cost": 74916.37,
                        "Total Cost": 344057.14,
                        "Plan Rows": 98066,
                        "Plan Width": 8,
                        "Actual Startup Time": 353.749,
                        "Actual Total Time": 435.839,
                        "Actual Rows": 82372,
                        "Actual Loops": 2,
                        "Inner Unique": true,
                        "Hash Cond": "(ci.movie_id = t.id)",
                        "Plans": [
                          {
                            "Node Type": "Bitmap Heap Scan",
                            "Parent Relationship": "Outer",
                            "Parallel Aware": true,
                            "Relation Name": "cast_info",
                            "Alias": "ci",
                            "Startup Cost": 7597.78,
                            "Total Cost": 276207.53,
                            "Plan Rows": 202294,
                            "Plan Width": 4,
                            "Actual Startup Time": 11.289,
                            "Actual Total Time": 29.607,
                            "Actual Rows": 170365,
                            "Actual Loops": 2,
                            "Recheck Cond": "(person_id < 39724)",
                            "Rows Removed by Index Recheck": 0,
                            "Exact Heap Blocks": 2014,
                            "Lossy Heap Blocks": 0,
                            "Plans": [
                              {
                                "Node Type": "Bitmap Index Scan",
                                "Parent Relationship": "Outer",
                                "Parallel Aware": false,
                                "Index Name": "person_id_cast_info",
                                "Startup Cost": 0.0,
                                "Total Cost": 7511.81,
                                "Plan Rows": 343899,
                                "Plan Width": 0,
                                "Actual Startup Time": 10.728,
                                "Actual Total Time": 10.728,
                                "Actual Rows": 340730,
                                "Actual Loops": 1,
                                "Index Cond": "(person_id < 39724)"
                              }
                            ]
                          },
                          {
                            "Node Type": "Hash",
                            "Parent Relationship": "Inner",
                            "Parallel Aware": true,
                            "Startup Cost": 58306.47,
                            "Total Cost": 58306.47,
                            "Plan Rows": 720970,
                            "Plan Width": 4,
                            "Actual Startup Time": 331.985,
                            "Actual Total Time": 331.986,
                            "Actual Rows": 654448,
                            "Actual Loops": 2,
                            "Hash Buckets": 2097152,
                            "Original Hash Buckets": 2097152,
                            "Hash Batches": 1,
                            "Original Hash Batches": 1,
                            "Peak Memory Usage": 67616,
                            "Plans": [
                              {
                                "Node Type": "Seq Scan",
                                "Parent Relationship": "Outer",
                                "Parallel Aware": true,
                                "Relation Name": "title",
                                "Alias": "t",
                                "Startup Cost": 0.0,
                                "Total Cost": 58306.47,
                                "Plan Rows": 720970,
                                "Plan Width": 4,
                                "Actual Startup Time": 0.027,
                                "Actual Total Time": 164.71,
                                "Actual Rows": 654448,
                                "Actual Loops": 2,
                                "Filter": "((production_year > 1975) AND (kind_id = 7))",
                                "Rows Removed by Filter": 609708
                              }
                            ]
                          }
                        ]
                      }
                    ]
                  }
                ]
              }
            ]
          }
        ]
      }
    ]
  },
  "Planning Time": 0.801,
  "Triggers": [],
  "Execution Time": 602.523
}