[
  {
    "Plan": {
      "Node Type": "Aggregate",
      "Strategy": "Plain",
      "Partial Mode": "Finalize",
      "Parallel Aware": false,
      "Startup Cost": 31658.45,
      "Total Cost": 31658.46,
      "Plan Rows": 1,
      "Plan Width": 8,
      "Actual Startup Time": 133.381,
      "Actual Total Time": 140.213,
      "Actual Rows": 1,
      "Actual Loops": 1,
      "Plans": [
        {
          "Node Type": "Gather",
          "Parent Relationship": "Outer",
          "Parallel Aware": false,
          "Startup Cost": 31658.13,
          "Total Cost": 31658.44,
          "Plan Rows": 3,
          "Plan Width": 8,
          "Actual Startup Time": 133.138,
          "Actual Total Time": 140.202,
          "Actual Rows": 4,
          "Actual Loops": 1,
          "Workers Planned": 3,
          "Workers Launched": 3,
          "Single Copy": false,
          "Plans": [
            {
              "Node Type": "Aggregate",
              "Strategy": "Plain",
              "Partial Mode": "Partial",
              "Parent Relationship": "Outer",
              "Parallel Aware": false,
              "Startup Cost": 30658.13,
              "Total Cost": 30658.14,
              "Plan Rows": 1,
              "Plan Width": 8,
              "Actual Startup Time": 127.469,
              "Actual Total Time": 127.471,
              "Actual Rows": 1,
              "Actual Loops": 4,
              "Plans": [
                {
                  "Node Type": "Seq Scan",
                  "Parent Relationship": "Outer",
                  "Parallel Aware": true,
                  "Relation Name": "movie_companies",
                  "Alias": "mc",
                  "Startup Cost": 0.0,
                  "Total Cost": 29310.68,
                  "Plan Rows": 538981,
                  "Plan Width": 0,
                  "Actual Startup Time": 0.023,
                  "Actual Total Time": 99.254,
                  "Actual Rows": 419943,
                  "Actual Loops": 4,
                  "Filter": "(company_id < 19562)",
                  "Rows Removed by Filter": 232339
                }
              ]
            }
          ]
        }
      ]
    },
    "Planning Time": 0.169,
    "Triggers": [],
    "Execution Time": 140.276
  }
]