{
  "Plan": {
    "Node Type": "Aggregate",
    "Strategy": "Plain",
    "Partial Mode": "Finalize",
    "Parallel Aware": false,
    "Startup Cost": 163435.83,
    "Total Cost": 163435.84,
    "Plan Rows": 1,
    "Plan Width": 8,
    "Actual Startup Time": 612.924,
    "Actual Total Time": 635.986,
    "Actual Rows": 1,
    "Actual Loops": 1,
    "Plans": [
      {
        "Node Type": "Gather",
        "Parent Relationship": "Outer",
        "Parallel Aware": false,
        "Startup Cost": 163435.72,
        "Total Cost": 163435.83,
        "Plan Rows": 1,
        "Plan Width": 8,
        "Actual Startup Time": 612.381,
        "Actual Total Time": 635.978,
        "Actual Rows": 2,
        "Actual Loops": 1,
        "Workers Planned": 1,
        "Workers Launched": 1,
        "Single Copy": false,
        "Plans": [
          {
            "Node Type": "Aggregate",
            "Strategy": "Plain",
            "Partial Mode": "Partial",
            "Parent Relationship": "Outer",
            "Parallel Aware": false,
            "Startup Cost": 162435.72,
            "Total Cost": 162435.73,
            "Plan Rows": 1,
            "Plan Width": 8,
            "Actual Startup Time": 606.519,
            "Actual Total Time": 606.524,
            "Actual Rows": 1,
            "Actual Loops": 2,
            "Plans": [
              {
                "Node Type": "Hash Join",
                "Parent Relationship": "Outer",
                "Parallel Aware": true,
                "Join Type": "Inner",
                "Startup Cost": 117975.34,
                "Total Cost": 162348.07,
                "Plan Rows": 35059,
                "Plan Width": 0,
                "Actual Startup Time": 513.937,
                "Actual Total Time": 605.759,
                "Actual Rows": 18188,
                "Actual Loops": 2,
                "Inner Unique": false,
                "Hash Cond": "(mc.movie_id = t.id)",
                "Plans": [
                  {
                    "Node Type": "Seq Scan",
                    "Parent Relationship": "Outer",
                    "Parallel Aware": true,
                    "Relation Name": "movie_companies",
                    "Alias": "mc",
                    "Startup Cost": 0.0,
                    "Total Cost": 41811.73,
                    "Plan Rows": 627941,
                    "Plan Width": 4,
                    "Actual Startup Time": 48.554,
                    "Actual Total Time": 107.815,
                    "Actual Rows": 408369,
                    "Actual Loops": 2,
                    "Filter": "((company_id < 73460) AND (company_type_id > 1))",
                    "Rows Removed by Filter": 896196
                  },
                  {
                    "Node Type": "Hash",
                    "Parent Relationship": "Inner",
                    "Parallel Aware": true,
                    "Startup Cost": 116937.39,
                    "Total Cost": 116937.39,
                    "Plan Rows": 83036,
                    "Plan Width": 8,
                    "Actual Startup Time": 461.48,
                    "Actual Total Time": 461.484,
                    "Actual Rows": 23097,
                    "Actual Loops": 2,
                    "Hash Buckets": 262144,
                    "Original Hash Buckets": 262144,
                    "Hash Batches": 1,
                    "Original Hash Batches": 1,
                    "Peak Memory Usage": 3872,
                    "Plans": [
                      {
                        "Node Type": "Hash Join",
                        "Parent Relationship": "Outer",
                        "Parallel Aware": true,
                        "Join Type": "Inner",
                        "Startup Cost": 58886.54,
                        "Total Cost": 116937.39,
                        "Plan Rows": 83036,
                        "Plan Width": 8,
                        "Actual Startup Time": 146.704,
                        "Actual Total Time": 457.397,
                        "Actual Rows": 23097,
                        "Actual Loops": 2,
                        "Inner Unique": true,
                        "Hash Cond": "(mk.movie_id = t.id)",
                        "Plans": [
                          {
                            "Node Type": "Seq Scan",
                            "Parent Relationship": "Outer",
                            "Parallel Aware": true,
                            "Relation Name": "movie_keyword",
                            "Alias": "mk",
                            "Startup Cost": 0.0,
                            "Total Cost": 51065.35,
                            "Plan Rows": 2661135,
                            "Plan Width": 4,
                            "Actual Startup Time": 0.01,
                            "Actual Total Time": 152.186,
                            "Actual Rows": 2261965,
                            "Actual Loops": 2
                          },
                          {
                            "Node Type": "Hash",
                            "Parent Relationship": "Inner",
                            "Parallel Aware": true,
                            "Startup Cost": 58306.47,
                            "Total Cost": 58306.47,
                            "Plan Rows": 46406,
                            "Plan Width": 4,
                            "Actual Startup Time": 145.522,
                            "Actual Total Time": 145.523,
                            "Actual Rows": 42556,
                            "Actual Loops": 2,
                            "Hash Buckets": 131072,
                            "Original Hash Buckets": 131072,
                            "Hash Batches": 1,
                            "Original Hash Batches": 1,
                            "Peak Memory Usage": 4384,
                            "Plans": [
                              {
                                "Node Type": "Seq Scan",
                                "Parent Relationship": "Outer",
                                "Parallel Aware": true,
                                "Relation Name": "title",
                                "Alias": "t",
                                "Startup Cost": 0.0,
                                "Total Cost": 58306.47,
                                "Plan Rows": 46406,
                                "Plan Width": 4,
                                "Actual Startup Time": 0.049,
                                "Actual Total Time": 133.968,
                                "Actual Rows": 42556,
                                "Actual Loops": 2,
                                "Filter": "((kind_id > 4) AND (production_year = 2009))",
                                "Rows Removed by Filter": 1221600
                              }
                            ]
                          }
                        ]
                      }
                    ]
                  }
                ]
              }
            ]
          }
        ]
      }
    ]
  },
  "Planning Time": 0.949,
  "Triggers": [],
  "Execution Time": 636.063
}