[
  {
    "Plan": {
      "Node Type": "Aggregate",
      "Strategy": "Plain",
      "Partial Mode": "Finalize",
      "Parallel Aware": false,
      "Startup Cost": 375304.75,
      "Total Cost": 375304.76,
      "Plan Rows": 1,
      "Plan Width": 8,
      "Actual Startup Time": 1486.568,
      "Actual Total Time": 1555.445,
      "Actual Rows": 1,
      "Actual Loops": 1,
      "Plans": [
        {
          "Node Type": "Gather",
          "Parent Relationship": "Outer",
          "Parallel Aware": false,
          "Startup Cost": 375304.12,
          "Total Cost": 375304.73,
          "Plan Rows": 6,
          "Plan Width": 8,
          "Actual Startup Time": 1484.352,
          "Actual Total Time": 1555.434,
          "Actual Rows": 7,
          "Actual Loops": 1,
          "Workers Planned": 6,
          "Workers Launched": 6,
          "Single Copy": false,
          "Plans": [
            {
              "Node Type": "Aggregate",
              "Strategy": "Plain",
              "Partial Mode": "Partial",
              "Parent Relationship": "Outer",
              "Parallel Aware": false,
              "Startup Cost": 374304.12,
              "Total Cost": 374304.13,
              "Plan Rows": 1,
              "Plan Width": 8,
              "Actual Startup Time": 1475.532,
              "Actual Total Time": 1475.535,
              "Actual Rows": 1,
              "Actual Loops": 7,
              "Plans": [
                {
                  "Node Type": "Hash Join",
                  "Parent Relationship": "Outer",
                  "Parallel Aware": true,
                  "Join Type": "Inner",
                  "Startup Cost": 44410.3,
                  "Total Cost": 373327.1,
                  "Plan Rows": 390808,
                  "Plan Width": 0,
                  "Actual Startup Time": 82.493,
                  "Actual Total Time": 1462.539,
                  "Actual Rows": 219441,
                  "Actual Loops": 7,
                  "Inner Unique": true,
                  "Hash Cond": "(ci.movie_id = t.id)",
                  "Plans": [
                    {
                      "Node Type": "Seq Scan",
                      "Parent Relationship": "Outer",
                      "Parallel Aware": true,
                      "Relation Name": "cast_info",
                      "Alias": "ci",
                      "Startup Cost": 0.0,
                      "Total Cost": 313067.02,
                      "Plan Rows": 6038002,
                      "Plan Width": 4,
                      "Actual Startup Time": 0.023,
                      "Actual Total Time": 588.703,
                      "Actual Rows": 5177763,
                      "Actual Loops": 7
                    },
                    {
                      "Node Type": "Hash",
                      "Parent Relationship": "Inner",
                      "Parallel Aware": true,
                      "Startup Cost": 43898.92,
                      "Total Cost": 43898.92,
                      "Plan Rows": 40911,
                      "Plan Width": 4,
                      "Actual Startup Time": 80.426,
                      "Actual Total Time": 80.427,
                      "Actual Rows": 24135,
                      "Actual Loops": 7,
                      "Hash Buckets": 262144,
                      "Original Hash Buckets": 262144,
                      "Hash Batches": 1,
                      "Original Hash Batches": 1,
                      "Peak Memory Usage": 8768,
                      "Plans": [
                        {
                          "Node Type": "Seq Scan",
                          "Parent Relationship": "Outer",
                          "Parallel Aware": true,
                          "Relation Name": "title",
                          "Alias": "t",
                          "Startup Cost": 0.0,
                          "Total Cost": 43898.92,
                          "Plan Rows": 40911,
                          "Plan Width": 4,
                          "Actual Startup Time": 0.216,
                          "Actual Total Time": 71.131,
                          "Actual Rows": 24135,
                          "Actual Loops": 7,
                          "Filter": "(production_year < 1951)",
                          "Rows Removed by Filter": 337052
                        }
                      ]
                    }
                  ]
                }
              ]
            }
          ]
        }
      ]
    },
    "Planning Time": 0.533,
    "Triggers": [],
    "Execution Time": 1555.523
  }
]