{
  "Plan": {
    "Node Type": "Aggregate",
    "Strategy": "Plain",
    "Partial Mode": "Finalize",
    "Parallel Aware": false,
    "Startup Cost": 157193.5,
    "Total Cost": 157193.51,
    "Plan Rows": 1,
    "Plan Width": 8,
    "Actual Startup Time": 1307.713,
    "Actual Total Time": 1339.248,
    "Actual Rows": 1,
    "Actual Loops": 1,
    "Plans": [
      {
        "Node Type": "Gather",
        "Parent Relationship": "Outer",
        "Parallel Aware": false,
        "Startup Cost": 157193.39,
        "Total Cost": 157193.5,
        "Plan Rows": 1,
        "Plan Width": 8,
        "Actual Startup Time": 1298.578,
        "Actual Total Time": 1339.241,
        "Actual Rows": 2,
        "Actual Loops": 1,
        "Workers Planned": 1,
        "Workers Launched": 1,
        "Single Copy": false,
        "Plans": [
          {
            "Node Type": "Aggregate",
            "Strategy": "Plain",
            "Partial Mode": "Partial",
            "Parent Relationship": "Outer",
            "Parallel Aware": false,
            "Startup Cost": 156193.39,
            "Total Cost": 156193.4,
            "Plan Rows": 1,
            "Plan Width": 8,
            "Actual Startup Time": 1289.957,
            "Actual Total Time": 1289.963,
            "Actual Rows": 1,
            "Actual Loops": 2,
            "Plans": [
              {
                "Node Type": "Hash Join",
                "Parent Relationship": "Outer",
                "Parallel Aware": true,
                "Join Type": "Inner",
                "Startup Cost": 119310.96,
                "Total Cost": 155379.01,
                "Plan Rows": 325751,
                "Plan Width": 0,
                "Actual Startup Time": 986.998,
                "Actual Total Time": 1245.179,
                "Actual Rows": 1097021,
                "Actual Loops": 2,
                "Inner Unique": false,
                "Hash Cond": "(mk.movie_id = t.id)",
                "Plans": [
                  {
                    "Node Type": "Bitmap Heap Scan",
                    "Parent Relationship": "Outer",
                    "Parallel Aware": true,
                    "Relation Name": "movie_keyword",
                    "Alias": "mk",
                    "Startup Cost": 21519.16,
                    "Total Cost": 53433.06,
                    "Plan Rows": 596792,
                    "Plan Width": 4,
                    "Actual Startup Time": 64.679,
                    "Actual Total Time": 157.23,
                    "Actual Rows": 508492,
                    "Actual Loops": 2,
                    "Recheck Cond": "(keyword_id < 992)",
                    "Rows Removed by Index Recheck": 0,
                    "Exact Heap Blocks": 11884,
                    "Lossy Heap Blocks": 0,
                    "Plans": [
                      {
                        "Node Type": "Bitmap Index Scan",
                        "Parent Relationship": "Outer",
                        "Parallel Aware": false,
                        "Index Name": "keyword_id_movie_keyword",
                        "Startup Cost": 0.0,
                        "Total Cost": 21265.53,
                        "Plan Rows": 1014546,
                        "Plan Width": 0,
                        "Actual Startup Time": 61.099,
                        "Actual Total Time": 61.099,
                        "Actual Rows": 1016985,
                        "Actual Loops": 1,
                        "Index Cond": "(keyword_id < 992)"
                      }
                    ]
                  },
                  {
                    "Node Type": "Hash",
                    "Parent Relationship": "Inner",
                    "Parallel Aware": true,
                    "Startup Cost": 87644.49,
                    "Total Cost": 87644.49,
                    "Plan Rows": 811785,
                    "Plan Width": 8,
                    "Actual Startup Time": 908.144,
                    "Actual Total Time": 908.148,
                    "Actual Rows": 690018,
                    "Actual Loops": 2,
                    "Hash Buckets": 2097152,
                    "Original Hash Buckets": 2097152,
                    "Hash Batches": 1,
                    "Original Hash Batches": 1,
                    "Peak Memory Usage": 70400,
                    "Plans": [
                      {
                        "Node Type": "Hash Join",
                        "Parent Relationship": "Outer",
                        "Parallel Aware": true,
                        "Join Type": "Inner",
                        "Startup Cost": 69460.7,
                        "Total Cost": 87644.49,
                        "Plan Rows": 811785,
                        "Plan Width": 8,
                        "Actual Startup Time": 535.438,
                        "Actual Total Time": 768.702,
                        "Actual Rows": 690018,
                        "Actual Loops": 2,
                        "Inner Unique": true,
                        "Hash Cond": "(mi_idx.movie_id = t.id)",
                        "Plans": [
                          {
                            "Node Type": "Seq Scan",
                            "Parent Relationship": "Outer",
                            "Parallel Aware": true,
                            "Relation Name": "movie_info_idx",
                            "Alias": "mi_idx",
                            "Startup Cost": 0.0,
                            "Total Cost": 16052.85,
                            "Plan Rows": 811785,
                            "Plan Width": 4,
                            "Actual Startup Time": 0.021,
                            "Actual Total Time": 50.915,
                            "Actual Rows": 690018,
                            "Actual Loops": 2
                          },
                          {
                            "Node Type": "Hash",
                            "Parent Relationship": "Inner",
                            "Parallel Aware": true,
                            "Startup Cost": 50870.31,
                            "Total Cost": 50870.31,
                            "Plan Rows": 1487231,
                            "Plan Width": 4,
                            "Actual Startup Time": 522.102,
                            "Actual Total Time": 522.103,
                            "Actual Rows": 1264156,
                            "Actual Loops": 2,
                            "Hash Buckets": 4194304,
                            "Original Hash Buckets": 4194304,
                            "Hash Batches": 1,
                            "Original Hash Batches": 1,
                            "Peak Memory Usage": 131712,
                            "Plans": [
                              {
                                "Node Type": "Seq Scan",
                                "Parent Relationship": "Outer",
                                "Parallel Aware": true,
                                "Relation Name": "title",
                                "Alias": "t",
                                "Startup Cost": 0.0,
                                "Total Cost": 50870.31,
                                "Plan Rows": 1487231,
                                "Plan Width": 4,
                                "Actual Startup Time": 0.025,
                                "Actual Total Time": 148.28,
                                "Actual Rows": 1264156,
                                "Actual Loops": 2
                              }
                            ]
                          }
                        ]
                      }
                    ]
                  }
                ]
              }
            ]
          }
        ]
      }
    ]
  },
  "Planning Time": 1.018,
  "Triggers": [],
  "Execution Time": 1339.348
}