[
  {
    "Plan": {
      "Node Type": "Aggregate",
      "Strategy": "Plain",
      "Partial Mode": "Simple",
      "Parallel Aware": false,
      "Startup Cost": 38564.82,
      "Total Cost": 38564.83,
      "Plan Rows": 1,
      "Plan Width": 64,
      "Actual Startup Time": 939.542,
      "Actual Total Time": 1028.631,
      "Actual Rows": 1,
      "Actual Loops": 1,
      "Plans": [
        {
          "Node Type": "Nested Loop",
          "Parent Relationship": "Outer",
          "Parallel Aware": false,
          "Join Type": "Inner",
          "Startup Cost": 5781.03,
          "Total Cost": 38564.81,
          "Plan Rows": 1,
          "Plan Width": 33,
          "Actual Startup Time": 136.38,
          "Actual Total Time": 1028.594,
          "Actual Rows": 62,
          "Actual Loops": 1,
          "Inner Unique": false,
          "Join Filter": "(n1.id = an1.person_id)",
          "Rows Removed by Join Filter": 0,
          "Plans": [
            {
              "Node Type": "Gather",
              "Parent Relationship": "Outer",
              "Parallel Aware": false,
              "Startup Cost": 5780.45,
              "Total Cost": 38560.18,
              "Plan Rows": 1,
              "Plan Width": 25,
              "Actual Startup Time": 136.32,
              "Actual Total Time": 1028.181,
              "Actual Rows": 38,
              "Actual Loops": 1,
              "Workers Planned": 3,
              "Workers Launched": 3,
              "Single Copy": false,
              "Plans": [
                {
                  "Node Type": "Nested Loop",
                  "Parent Relationship": "Outer",
                  "Parallel Aware": false,
                  "Join Type": "Inner",
                  "Startup Cost": 4780.45,
                  "Total Cost": 37560.08,
                  "Plan Rows": 1,
                  "Plan Width": 25,
                  "Actual Startup Time": 192.431,
                  "Actual Total Time": 928.671,
                  "Actual Rows": 10,
                  "Actual Loops": 4,
                  "Inner Unique": true,
                  "Plans": [
                    {
                      "Node Type": "Hash Join",
                      "Parent Relationship": "Outer",
                      "Parallel Aware": false,
                      "Join Type": "Inner",
                      "Startup Cost": 4779.35,
                      "Total Cost": 37554.96,
                      "Plan Rows": 1,
                      "Plan Width": 21,
                      "Actual Startup Time": 32.141,
                      "Actual Total Time": 912.747,
                      "Actual Rows": 1860,
                      "Actual Loops": 4,
                      "Inner Unique": true,
                      "Hash Cond": "(ci.role_id = rt.id)",
                      "Plans": [
                        {
                          "Node Type": "Nested Loop",
                          "Parent Relationship": "Outer",
                          "Parallel Aware": false,
                          "Join Type": "Inner",
                          "Startup Cost": 4778.19,
                          "Total Cost": 37553.76,
                          "Plan Rows": 10,
                          "Plan Width": 25,
                          "Actual Startup Time": 31.63,
                          "Actual Total Time": 911.349,
                          "Actual Rows": 4900,
                          "Actual Loops": 4,
                          "Inner Unique": false,
                          "Plans": [
                            {
                              "Node Type": "Nested Loop",
                              "Parent Relationship": "Outer",
                              "Parallel Aware": false,
                              "Join Type": "Inner",
                              "Startup Cost": 4777.13,
                              "Total Cost": 36945.06,
                              "Plan Rows": 108,
                              "Plan Width": 25,
                              "Actual Startup Time": 18.532,
                              "Actual Total Time": 197.921,
                              "Actual Rows": 12082,
                              "Actual Loops": 4,
                              "Inner Unique": true,
                              "Plans": [
                                {
                                  "Node Type": "Hash Join",
                                  "Parent Relationship": "Outer",
                                  "Parallel Aware": true,
                                  "Join Type": "Inner",
                                  "Startup Cost": 4774.23,
                                  "Total Cost": 36198.58,
                                  "Plan Rows": 108,
                                  "Plan Width": 4,
                                  "Actual Startup Time": 18.427,
                                  "Actual Total Time": 110.094,
                                  "Actual Rows": 12082,
                                  "Actual Loops": 4,
                                  "Inner Unique": true,
                                  "Hash Cond": "(mc.company_id = cn.id)",
                                  "Plans": [
                                    {
                                      "Node Type": "Seq Scan",
                                      "Parent Relationship": "Outer",
                                      "Parallel Aware": true,
                                      "Relation Name": "movie_companies",
                                      "Alias": "mc",
                                      "Startup Cost": 0.0,
                                      "Total Cost": 31414.82,
                                      "Plan Rows": 3631,
                                      "Plan Width": 8,
                                      "Actual Startup Time": 0.059,
                                      "Actual Total Time": 86.007,
                                      "Actual Rows": 12224,
                                      "Actual Loops": 4,
                                      "Filter": "((note ~~ '%(Japan)%'::text) AND (note !~~ '%(USA)%'::text))",
                                      "Rows Removed by Filter": 640058
                                    },
                                    {
                                      "Node Type": "Hash",
                                      "Parent Relationship": "Inner",
                                      "Parallel Aware": true,
                                      "Startup Cost": 4722.92,
                                      "Total Cost": 4722.92,
                                      "Plan Rows": 4105,
                                      "Plan Width": 4,
                                      "Actual Startup Time": 17.832,
                                      "Actual Total Time": 17.833,
                                      "Actual Rows": 1688,
                                      "Actual Loops": 4,
                                      "Hash Buckets": 8192,
                                      "Original Hash Buckets": 8192,
                                      "Hash Batches": 1,
                                      "Original Hash Batches": 1,
                                      "Peak Memory Usage": 352,
                                      "Plans": [
                                        {
                                          "Node Type": "Seq Scan",
                                          "Parent Relationship": "Outer",
                                          "Parallel Aware": true,
                                          "Relation Name": "company_name",
                                          "Alias": "cn",
                                          "Startup Cost": 0.0,
                                          "Total Cost": 4722.92,
                                          "Plan Rows": 4105,
                                          "Plan Width": 4,
                                          "Actual Startup Time": 0.061,
                                          "Actual Total Time": 16.709,
                                          "Actual Rows": 1688,
                                          "Actual Loops": 4,
                                          "Filter": "((country_code)::text = '[jp]'::text)",
                                          "Rows Removed by Filter": 57061
                                        }
                                      ]
                                    }
                                  ]
                                },
                                {
                                  "Node Type": "Bitmap Heap Scan",
                                  "Parent Relationship": "Inner",
                                  "Parallel Aware": false,
                                  "Relation Name": "title",
                                  "Alias": "t",
                                  "Startup Cost": 2.9,
                                  "Total Cost": 6.91,
                                  "Plan Rows": 1,
                                  "Plan Width": 21,
                                  "Actual Startup Time": 0.005,
                                  "Actual Total Time": 0.005,
                                  "Actual Rows": 1,
                                  "Actual Loops": 48328,
                                  "Recheck Cond": "(id = mc.movie_id)",
                                  "Rows Removed by Index Recheck": 0,
                                  "Exact Heap Blocks": 11390,
                                  "Lossy Heap Blocks": 0,
                                  "Plans": [
                                    {
                                      "Node Type": "Bitmap Index Scan",
                                      "Parent Relationship": "Outer",
                                      "Parallel Aware": false,
                                      "Index Name": "title_pkey",
                                      "Startup Cost": 0.0,
                                      "Total Cost": 2.9,
                                      "Plan Rows": 1,
                                      "Plan Width": 0,
                                      "Actual Startup Time": 0.003,
                                      "Actual Total Time": 0.003,
                                      "Actual Rows": 1,
                                      "Actual Loops": 48328,
                                      "Index Cond": "(id = mc.movie_id)"
                                    }
                                  ]
                                }
                              ]
                            },
                            {
                              "Node Type": "Bitmap Heap Scan",
                              "Parent Relationship": "Inner",
                              "Parallel Aware": false,
                              "Relation Name": "cast_info",
                              "Alias": "ci",
                              "Startup Cost": 1.06,
                              "Total Cost": 5.63,
                              "Plan Rows": 1,
                              "Plan Width": 12,
                              "Actual Startup Time": 0.055,
                              "Actual Total Time": 0.057,
                              "Actual Rows": 0,
                              "Actual Loops": 48328,
                              "Recheck Cond": "(movie_id = t.id)",
                              "Rows Removed by Index Recheck": 0,
                              "Filter": "(note = '(voice: English version)'::text)",
                              "Rows Removed by Filter": 32,
                              "Exact Heap Blocks": 355724,
                              "Lossy Heap Blocks": 0,
                              "Plans": [
                                {
                                  "Node Type": "Bitmap Index Scan",
                                  "Parent Relationship": "Outer",
                                  "Parallel Aware": false,
                                  "Index Name": "movie_id_cast_info",
                                  "Startup Cost": 0.0,
                                  "Total Cost": 1.06,
                                  "Plan Rows": 38,
                                  "Plan Width": 0,
                                  "Actual Startup Time": 0.009,
                                  "Actual Total Time": 0.009,
                                  "Actual Rows": 32,
                                  "Actual Loops": 48328,
                                  "Index Cond": "(movie_id = t.id)"
                                }
                              ]
                            }
                          ]
                        },
                        {
                          "Node Type": "Hash",
                          "Parent Relationship": "Inner",
                          "Parallel Aware": false,
                          "Startup Cost": 1.15,
                          "Total Cost": 1.15,
                          "Plan Rows": 1,
                          "Plan Width": 4,
                          "Actual Startup Time": 0.092,
                          "Actual Total Time": 0.093,
                          "Actual Rows": 1,
                          "Actual Loops": 4,
                          "Hash Buckets": 1024,
                          "Original Hash Buckets": 1024,
                          "Hash Batches": 1,
                          "Original Hash Batches": 1,
                          "Peak Memory Usage": 9,
                          "Plans": [
                            {
                              "Node Type": "Seq Scan",
                              "Parent Relationship": "Outer",
                              "Parallel Aware": false,
                              "Relation Name": "role_type",
                              "Alias": "rt",
                              "Startup Cost": 0.0,
                              "Total Cost": 1.15,
                              "Plan Rows": 1,
                              "Plan Width": 4,
                              "Actual Startup Time": 0.074,
                              "Actual Total Time": 0.079,
                              "Actual Rows": 1,
                              "Actual Loops": 4,
                              "Filter": "((role)::text = 'actress'::text)",
                              "Rows Removed by Filter": 11
                            }
                          ]
                        }
                      ]
                    },
                    {
                      "Node Type": "Bitmap Heap Scan",
                      "Parent Relationship": "Inner",
                      "Parallel Aware": false,
                      "Relation Name": "name",
                      "Alias": "n1",
                      "Startup Cost": 1.1,
                      "Total Cost": 5.12,
                      "Plan Rows": 1,
                      "Plan Width": 4,
                      "Actual Startup Time": 0.007,
                      "Actual Total Time": 0.007,
                      "Actual Rows": 0,
                      "Actual Loops": 7438,
                      "Recheck Cond": "(id = ci.person_id)",
                      "Rows Removed by Index Recheck": 0,
                      "Filter": "((name ~~ '%Yo%'::text) AND (name !~~ '%Yu%'::text))",
                      "Rows Removed by Filter": 1,
                      "Exact Heap Blocks": 1196,
                      "Lossy Heap Blocks": 0,
                      "Plans": [
                        {
                          "Node Type": "Bitmap Index Scan",
                          "Parent Relationship": "Outer",
                          "Parallel Aware": false,
                          "Index Name": "name_pkey",
                          "Startup Cost": 0.0,
                          "Total Cost": 1.1,
                          "Plan Rows": 1,
                          "Plan Width": 0,
                          "Actual Startup Time": 0.004,
                          "Actual Total Time": 0.004,
                          "Actual Rows": 1,
                          "Actual Loops": 7438,
                          "Index Cond": "(id = ci.person_id)"
                        }
                      ]
                    }
                  ]
                }
              ]
            },
            {
              "Node Type": "Bitmap Heap Scan",
              "Parent Relationship": "Inner",
              "Parallel Aware": false,
              "Relation Name": "aka_name",
              "Alias": "an1",
              "Startup Cost": 0.58,
              "Total Cost": 4.61,
              "Plan Rows": 2,
              "Plan Width": 20,
              "Actual Startup Time": 0.007,
              "Actual Total Time": 0.008,
              "Actual Rows": 2,
              "Actual Loops": 38,
              "Recheck Cond": "(person_id = ci.person_id)",
              "Rows Removed by Index Recheck": 0,
              "Exact Heap Blocks": 43,
              "Lossy Heap Blocks": 0,
              "Plans": [
                {
                  "Node Type": "Bitmap Index Scan",
                  "Parent Relationship": "Outer",
                  "Parallel Aware": false,
                  "Index Name": "person_id_aka_name",
                  "Startup Cost": 0.0,
                  "Total Cost": 0.58,
                  "Plan Rows": 2,
                  "Plan Width": 0,
                  "Actual Startup Time": 0.005,
                  "Actual Total Time": 0.005,
                  "Actual Rows": 2,
                  "Actual Loops": 38,
                  "Index Cond": "(person_id = ci.person_id)"
                }
              ]
            }
          ]
        }
      ]
    },
    "Planning Time": 9.057,
    "Triggers": [],
    "Execution Time": 1029.113
  }
]