[
    {
        "Bao": {
            "Bao prediction": "NaN",
            "Bao recommended hint": "(no hint)"
        }
    },
    {
        "Plan": {
            "Node Type": "Aggregate",
            "Strategy": "Plain",
            "Partial Mode": "Finalize",
            "Parallel Aware": false,
            "Startup Cost": 284530.26,
            "Total Cost": 284530.27,
            "Plan Rows": 1,
            "Plan Width": 8,
            "Actual Startup Time": 148.804,
            "Actual Total Time": 154.691,
            "Actual Rows": 1,
            "Actual Loops": 1,
            "Output": [
                "count(*)"
            ],
            "Plans": [
                {
                    "Node Type": "Gather",
                    "Parent Relationship": "Outer",
                    "Parallel Aware": false,
                    "Startup Cost": 284529.63,
                    "Total Cost": 284530.24,
                    "Plan Rows": 6,
                    "Plan Width": 8,
                    "Actual Startup Time": 148.19,
                    "Actual Total Time": 154.683,
                    "Actual Rows": 7,
                    "Actual Loops": 1,
                    "Output": [
                        "(PARTIAL count(*))"
                    ],
                    "Workers Planned": 6,
                    "Workers Launched": 6,
                    "Single Copy": false,
                    "Plans": [
                        {
                            "Node Type": "Aggregate",
                            "Strategy": "Plain",
                            "Partial Mode": "Partial",
                            "Parent Relationship": "Outer",
                            "Parallel Aware": false,
                            "Startup Cost": 283529.63,
                            "Total Cost": 283529.64,
                            "Plan Rows": 1,
                            "Plan Width": 8,
                            "Actual Startup Time": 137.603,
                            "Actual Total Time": 137.605,
                            "Actual Rows": 1,
                            "Actual Loops": 7,
                            "Output": [
                                "PARTIAL count(*)"
                            ],
                            "Workers": [
                                {
                                    "Worker Number": 0,
                                    "Actual Startup Time": 135.321,
                                    "Actual Total Time": 135.322,
                                    "Actual Rows": 1,
                                    "Actual Loops": 1
                                },
                                {
                                    "Worker Number": 1,
                                    "Actual Startup Time": 135.605,
                                    "Actual Total Time": 135.606,
                                    "Actual Rows": 1,
                                    "Actual Loops": 1
                                },
                                {
                                    "Worker Number": 2,
                                    "Actual Startup Time": 135.481,
                                    "Actual Total Time": 135.483,
                                    "Actual Rows": 1,
                                    "Actual Loops": 1
                                },
                                {
                                    "Worker Number": 3,
                                    "Actual Startup Time": 136.145,
                                    "Actual Total Time": 136.147,
                                    "Actual Rows": 1,
                                    "Actual Loops": 1
                                },
                                {
                                    "Worker Number": 4,
                                    "Actual Startup Time": 136.38,
                                    "Actual Total Time": 136.381,
                                    "Actual Rows": 1,
                                    "Actual Loops": 1
                                },
                                {
                                    "Worker Number": 5,
                                    "Actual Startup Time": 136.781,
                                    "Actual Total Time": 136.782,
                                    "Actual Rows": 1,
                                    "Actual Loops": 1
                                }
                            ],
                            "Plans": [
                                {
                                    "Node Type": "Bitmap Heap Scan",
                                    "Parent Relationship": "Outer",
                                    "Parallel Aware": true,
                                    "Relation Name": "cast_info",
                                    "Schema": "public",
                                    "Alias": "ci",
                                    "Startup Cost": 27705.54,
                                    "Total Cost": 283006.79,
                                    "Plan Rows": 209139,
                                    "Plan Width": 0,
                                    "Actual Startup Time": 57.804,
                                    "Actual Total Time": 124.877,
                                    "Actual Rows": 192798,
                                    "Actual Loops": 7,
                                    "Recheck Cond": "(ci.person_id > 3800245)",
                                    "Rows Removed by Index Recheck": 0,
                                    "Exact Heap Blocks": 5607,
                                    "Lossy Heap Blocks": 0,
                                    "Workers": [
                                        {
                                            "Worker Number": 0,
                                            "Actual Startup Time": 55.345,
                                            "Actual Total Time": 122.926,
                                            "Actual Rows": 199382,
                                            "Actual Loops": 1
                                        },
                                        {
                                            "Worker Number": 1,
                                            "Actual Startup Time": 56.201,
                                            "Actual Total Time": 123.154,
                                            "Actual Rows": 148324,
                                            "Actual Loops": 1
                                        },
                                        {
                                            "Worker Number": 2,
                                            "Actual Startup Time": 56.141,
                                            "Actual Total Time": 123.55,
                                            "Actual Rows": 140164,
                                            "Actual Loops": 1
                                        },
                                        {
                                            "Worker Number": 3,
                                            "Actual Startup Time": 56.19,
                                            "Actual Total Time": 123.977,
                                            "Actual Rows": 197376,
                                            "Actual Loops": 1
                                        },
                                        {
                                            "Worker Number": 4,
                                            "Actual Startup Time": 56.754,
                                            "Actual Total Time": 124.586,
                                            "Actual Rows": 141605,
                                            "Actual Loops": 1
                                        },
                                        {
                                            "Worker Number": 5,
                                            "Actual Startup Time": 56.864,
                                            "Actual Total Time": 124.815,
                                            "Actual Rows": 139064,
                                            "Actual Loops": 1
                                        }
                                    ],
                                    "Plans": [
                                        {
                                            "Node Type": "Bitmap Index Scan",
                                            "Parent Relationship": "Outer",
                                            "Parallel Aware": false,
                                            "Index Name": "person_id_cast_info",
                                            "Startup Cost": 0.0,
                                            "Total Cost": 27391.83,
                                            "Plan Rows": 1254836,
                                            "Plan Width": 0,
                                            "Actual Startup Time": 64.294,
                                            "Actual Total Time": 64.294,
                                            "Actual Rows": 1349586,
                                            "Actual Loops": 1,
                                            "Index Cond": "(ci.person_id > 3800245)"
                                        }
                                    ]
                                }
                            ]
                        }
                    ]
                }
            ]
        },
        "Planning Time": 186.289,
        "Triggers": [],
        "Execution Time": 154.782
    }
]