[
  {
    "Plan": {
      "Node Type": "Aggregate",
      "Strategy": "Plain",
      "Partial Mode": "Finalize",
      "Parallel Aware": false,
      "Startup Cost": 31708.41,
      "Total Cost": 31708.42,
      "Plan Rows": 1,
      "Plan Width": 8,
      "Actual Startup Time": 102.982,
      "Actual Total Time": 107.651,
      "Actual Rows": 1,
      "Actual Loops": 1,
      "Plans": [
        {
          "Node Type": "Gather",
          "Parent Relationship": "Outer",
          "Parallel Aware": false,
          "Startup Cost": 31708.1,
          "Total Cost": 31708.41,
          "Plan Rows": 3,
          "Plan Width": 8,
          "Actual Startup Time": 102.889,
          "Actual Total Time": 107.644,
          "Actual Rows": 4,
          "Actual Loops": 1,
          "Workers Planned": 3,
          "Workers Launched": 3,
          "Single Copy": false,
          "Plans": [
            {
              "Node Type": "Aggregate",
              "Strategy": "Plain",
              "Partial Mode": "Partial",
              "Parent Relationship": "Outer",
              "Parallel Aware": false,
              "Startup Cost": 30708.1,
              "Total Cost": 30708.11,
              "Plan Rows": 1,
              "Plan Width": 8,
              "Actual Startup Time": 98.193,
              "Actual Total Time": 98.193,
              "Actual Rows": 1,
              "Actual Loops": 4,
              "Plans": [
                {
                  "Node Type": "Seq Scan",
                  "Parent Relationship": "Outer",
                  "Parallel Aware": true,
                  "Relation Name": "movie_companies",
                  "Alias": "mc",
                  "Startup Cost": 0.0,
                  "Total Cost": 29310.68,
                  "Plan Rows": 558966,
                  "Plan Width": 0,
                  "Actual Startup Time": 0.875,
                  "Actual Total Time": 79.49,
                  "Actual Rows": 433282,
                  "Actual Loops": 4,
                  "Filter": "(company_id > 2580)",
                  "Rows Removed by Filter": 219000
                }
              ]
            }
          ]
        }
      ]
    },
    "Planning Time": 0.089,
    "Triggers": [],
    "Execution Time": 107.68
  }
]