[
  {
    "Plan": {
      "Node Type": "Aggregate",
      "Strategy": "Plain",
      "Partial Mode": "Finalize",
      "Parallel Aware": false,
      "Startup Cost": 31704.27,
      "Total Cost": 31704.28,
      "Plan Rows": 1,
      "Plan Width": 8,
      "Actual Startup Time": 118.926,
      "Actual Total Time": 127.55,
      "Actual Rows": 1,
      "Actual Loops": 1,
      "Plans": [
        {
          "Node Type": "Gather",
          "Parent Relationship": "Outer",
          "Parallel Aware": false,
          "Startup Cost": 31703.95,
          "Total Cost": 31704.26,
          "Plan Rows": 3,
          "Plan Width": 8,
          "Actual Startup Time": 118.825,
          "Actual Total Time": 127.541,
          "Actual Rows": 4,
          "Actual Loops": 1,
          "Workers Planned": 3,
          "Workers Launched": 3,
          "Single Copy": false,
          "Plans": [
            {
              "Node Type": "Aggregate",
              "Strategy": "Plain",
              "Partial Mode": "Partial",
              "Parent Relationship": "Outer",
              "Parallel Aware": false,
              "Startup Cost": 30703.95,
              "Total Cost": 30703.96,
              "Plan Rows": 1,
              "Plan Width": 8,
              "Actual Startup Time": 110.317,
              "Actual Total Time": 110.318,
              "Actual Rows": 1,
              "Actual Loops": 4,
              "Plans": [
                {
                  "Node Type": "Seq Scan",
                  "Parent Relationship": "Outer",
                  "Parallel Aware": true,
                  "Relation Name": "movie_companies",
                  "Alias": "mc",
                  "Startup Cost": 0.0,
                  "Total Cost": 29310.68,
                  "Plan Rows": 557309,
                  "Plan Width": 0,
                  "Actual Startup Time": 1.871,
                  "Actual Total Time": 89.521,
                  "Actual Rows": 433282,
                  "Actual Loops": 4,
                  "Filter": "(company_id > 2580)",
                  "Rows Removed by Filter": 219000
                }
              ]
            }
          ]
        }
      ]
    },
    "Planning Time": 0.185,
    "Triggers": [],
    "Execution Time": 127.653
  }
]