[
  {
    "Plan": {
      "Node Type": "Aggregate",
      "Strategy": "Plain",
      "Partial Mode": "Finalize",
      "Parallel Aware": false,
      "Startup Cost": 33406.45,
      "Total Cost": 33406.46,
      "Plan Rows": 1,
      "Plan Width": 8,
      "Actual Startup Time": 95.078,
      "Actual Total Time": 100.983,
      "Actual Rows": 1,
      "Actual Loops": 1,
      "Plans": [
        {
          "Node Type": "Gather",
          "Parent Relationship": "Outer",
          "Parallel Aware": false,
          "Startup Cost": 33406.14,
          "Total Cost": 33406.45,
          "Plan Rows": 3,
          "Plan Width": 8,
          "Actual Startup Time": 94.971,
          "Actual Total Time": 100.975,
          "Actual Rows": 4,
          "Actual Loops": 1,
          "Workers Planned": 3,
          "Workers Launched": 3,
          "Single Copy": false,
          "Plans": [
            {
              "Node Type": "Aggregate",
              "Strategy": "Plain",
              "Partial Mode": "Partial",
              "Parent Relationship": "Outer",
              "Parallel Aware": false,
              "Startup Cost": 32406.14,
              "Total Cost": 32406.15,
              "Plan Rows": 1,
              "Plan Width": 8,
              "Actual Startup Time": 88.341,
              "Actual Total Time": 88.342,
              "Actual Rows": 1,
              "Actual Loops": 4,
              "Plans": [
                {
                  "Node Type": "Seq Scan",
                  "Parent Relationship": "Outer",
                  "Parallel Aware": true,
                  "Relation Name": "movie_companies",
                  "Alias": "mc",
                  "Startup Cost": 0.0,
                  "Total Cost": 31414.82,
                  "Plan Rows": 396527,
                  "Plan Width": 0,
                  "Actual Startup Time": 44.019,
                  "Actual Total Time": 77.541,
                  "Actual Rows": 287966,
                  "Actual Loops": 4,
                  "Filter": "((company_id < 119167) AND (company_type_id > 1))",
                  "Rows Removed by Filter": 364317
                }
              ]
            }
          ]
        }
      ]
    },
    "Planning Time": 0.173,
    "Triggers": [],
    "Execution Time": 101.029
  }
]