[
  {
    "Plan": {
      "Node Type": "Aggregate",
      "Strategy": "Plain",
      "Partial Mode": "Simple",
      "Parallel Aware": false,
      "Startup Cost": 17695.86,
      "Total Cost": 17695.87,
      "Plan Rows": 1,
      "Plan Width": 8,
      "Actual Startup Time": 4.816,
      "Actual Total Time": 4.818,
      "Actual Rows": 1,
      "Actual Loops": 1,
      "Plans": [
        {
          "Node Type": "Index Scan",
          "Parent Relationship": "Outer",
          "Parallel Aware": false,
          "Scan Direction": "Forward",
          "Index Name": "person_id_cast_info",
          "Relation Name": "cast_info",
          "Alias": "ci",
          "Startup Cost": 0.56,
          "Total Cost": 17684.29,
          "Plan Rows": 4629,
          "Plan Width": 0,
          "Actual Startup Time": 0.221,
          "Actual Total Time": 4.741,
          "Actual Rows": 398,
          "Actual Loops": 1,
          "Index Cond": "(person_id = 598206)",
          "Rows Removed by Index Recheck": 0,
          "Filter": "(role_id < 3)",
          "Rows Removed by Filter": 7844
        }
      ]
    },
    "Planning Time": 0.196,
    "Triggers": [],
    "Execution Time": 4.866
  }
]