[
  {
    "Plan": {
      "Node Type": "Aggregate",
      "Strategy": "Plain",
      "Partial Mode": "Finalize",
      "Parallel Aware": false,
      "Startup Cost": 46773.3,
      "Total Cost": 46773.31,
      "Plan Rows": 1,
      "Plan Width": 8,
      "Actual Startup Time": 171.54,
      "Actual Total Time": 180.989,
      "Actual Rows": 1,
      "Actual Loops": 1,
      "Plans": [
        {
          "Node Type": "Gather",
          "Parent Relationship": "Outer",
          "Parallel Aware": false,
          "Startup Cost": 46772.98,
          "Total Cost": 46773.29,
          "Plan Rows": 3,
          "Plan Width": 8,
          "Actual Startup Time": 171.419,
          "Actual Total Time": 180.981,
          "Actual Rows": 4,
          "Actual Loops": 1,
          "Workers Planned": 3,
          "Workers Launched": 3,
          "Single Copy": false,
          "Plans": [
            {
              "Node Type": "Aggregate",
              "Strategy": "Plain",
              "Partial Mode": "Partial",
              "Parent Relationship": "Outer",
              "Parallel Aware": false,
              "Startup Cost": 45772.98,
              "Total Cost": 45772.99,
              "Plan Rows": 1,
              "Plan Width": 8,
              "Actual Startup Time": 163.188,
              "Actual Total Time": 163.206,
              "Actual Rows": 1,
              "Actual Loops": 4,
              "Plans": [
                {
                  "Node Type": "Seq Scan",
                  "Parent Relationship": "Outer",
                  "Parallel Aware": true,
                  "Relation Name": "movie_keyword",
                  "Alias": "mk",
                  "Startup Cost": 0.0,
                  "Total Cost": 42695.65,
                  "Plan Rows": 1230930,
                  "Plan Width": 0,
                  "Actual Startup Time": 0.122,
                  "Actual Total Time": 122.14,
                  "Actual Rows": 951660,
                  "Actual Loops": 4,
                  "Filter": "(keyword_id > 622)",
                  "Rows Removed by Filter": 179323
                }
              ]
            }
          ]
        }
      ]
    },
    "Planning Time": 0.156,
    "Triggers": [],
    "Execution Time": 181.041
  }
]