[
  {
    "Plan": {
      "Node Type": "Aggregate",
      "Strategy": "Plain",
      "Partial Mode": "Finalize",
      "Parallel Aware": false,
      "Startup Cost": 30201.48,
      "Total Cost": 30201.49,
      "Plan Rows": 1,
      "Plan Width": 8,
      "Actual Startup Time": 102.941,
      "Actual Total Time": 112.816,
      "Actual Rows": 1,
      "Actual Loops": 1,
      "Plans": [
        {
          "Node Type": "Gather",
          "Parent Relationship": "Outer",
          "Parallel Aware": false,
          "Startup Cost": 30201.26,
          "Total Cost": 30201.47,
          "Plan Rows": 2,
          "Plan Width": 8,
          "Actual Startup Time": 102.82,
          "Actual Total Time": 112.797,
          "Actual Rows": 3,
          "Actual Loops": 1,
          "Workers Planned": 2,
          "Workers Launched": 2,
          "Single Copy": false,
          "Plans": [
            {
              "Node Type": "Aggregate",
              "Strategy": "Plain",
              "Partial Mode": "Partial",
              "Parent Relationship": "Outer",
              "Parallel Aware": false,
              "Startup Cost": 29201.26,
              "Total Cost": 29201.27,
              "Plan Rows": 1,
              "Plan Width": 8,
              "Actual Startup Time": 94.644,
              "Actual Total Time": 94.645,
              "Actual Rows": 1,
              "Actual Loops": 3,
              "Plans": [
                {
                  "Node Type": "Nested Loop",
                  "Parent Relationship": "Outer",
                  "Parallel Aware": false,
                  "Join Type": "Inner",
                  "Startup Cost": 75.85,
                  "Total Cost": 29194.66,
                  "Plan Rows": 2642,
                  "Plan Width": 0,
                  "Actual Startup Time": 1.603,
                  "Actual Total Time": 86.912,
                  "Actual Rows": 149125,
                  "Actual Loops": 3,
                  "Inner Unique": false,
                  "Plans": [
                    {
                      "Node Type": "Nested Loop",
                      "Parent Relationship": "Outer",
                      "Parallel Aware": false,
                      "Join Type": "Inner",
                      "Startup Cost": 75.42,
                      "Total Cost": 26214.87,
                      "Plan Rows": 1642,
                      "Plan Width": 8,
                      "Actual Startup Time": 1.43,
                      "Actual Total Time": 21.943,
                      "Actual Rows": 2170,
                      "Actual Loops": 3,
                      "Inner Unique": true,
                      "Plans": [
                        {
                          "Node Type": "Bitmap Heap Scan",
                          "Parent Relationship": "Outer",
                          "Parallel Aware": true,
                          "Relation Name": "movie_info",
                          "Alias": "mi",
                          "Startup Cost": 74.99,
                          "Total Cost": 13863.62,
                          "Plan Rows": 1642,
                          "Plan Width": 4,
                          "Actual Startup Time": 1.244,
                          "Actual Total Time": 4.541,
                          "Actual Rows": 2170,
                          "Actual Loops": 3,
                          "Recheck Cond": "(info_type_id = 42)",
                          "Rows Removed by Index Recheck": 0,
                          "Exact Heap Blocks": 616,
                          "Lossy Heap Blocks": 0,
                          "Plans": [
                            {
                              "Node Type": "Bitmap Index Scan",
                              "Parent Relationship": "Outer",
                              "Parallel Aware": false,
                              "Index Name": "info_type_id_movie_info",
                              "Startup Cost": 0.0,
                              "Total Cost": 74.0,
                              "Plan Rows": 3942,
                              "Plan Width": 0,
                              "Actual Startup Time": 2.834,
                              "Actual Total Time": 2.835,
                              "Actual Rows": 6509,
                              "Actual Loops": 1,
                              "Index Cond": "(info_type_id = 42)"
                            }
                          ]
                        },
                        {
                          "Node Type": "Index Only Scan",
                          "Parent Relationship": "Inner",
                          "Parallel Aware": false,
                          "Scan Direction": "Forward",
                          "Index Name": "title_pkey",
                          "Relation Name": "title",
                          "Alias": "t",
                          "Startup Cost": 0.43,
                          "Total Cost": 7.52,
                          "Plan Rows": 1,
                          "Plan Width": 4,
                          "Actual Startup Time": 0.007,
                          "Actual Total Time": 0.007,
                          "Actual Rows": 1,
                          "Actual Loops": 6509,
                          "Index Cond": "(id = mi.movie_id)",
                          "Rows Removed by Index Recheck": 0,
                          "Heap Fetches": 6509
                        }
                      ]
                    },
                    {
                      "Node Type": "Index Scan",
                      "Parent Relationship": "Inner",
                      "Parallel Aware": false,
                      "Scan Direction": "Forward",
                      "Index Name": "movie_id_movie_keyword",
                      "Relation Name": "movie_keyword",
                      "Alias": "mk",
                      "Startup Cost": 0.43,
                      "Total Cost": 1.4,
                      "Plan Rows": 41,
                      "Plan Width": 4,
                      "Actual Startup Time": 0.011,
                      "Actual Total Time": 0.024,
                      "Actual Rows": 69,
                      "Actual Loops": 6509,
                      "Index Cond": "(movie_id = t.id)",
                      "Rows Removed by Index Recheck": 0,
                      "Filter": "(keyword_id < 39610)",
                      "Rows Removed by Filter": 9
                    }
                  ]
                }
              ]
            }
          ]
        }
      ]
    },
    "Planning Time": 1.428,
    "Triggers": [],
    "Execution Time": 112.916
  }
]