{
  "Plan": {
    "Node Type": "Aggregate",
    "Strategy": "Plain",
    "Partial Mode": "Finalize",
    "Parallel Aware": false,
    "Startup Cost": 402149.15,
    "Total Cost": 402149.16,
    "Plan Rows": 1,
    "Plan Width": 8,
    "Actual Startup Time": 2889.561,
    "Actual Total Time": 2944.786,
    "Actual Rows": 1,
    "Actual Loops": 1,
    "Plans": [
      {
        "Node Type": "Gather",
        "Parent Relationship": "Outer",
        "Parallel Aware": false,
        "Startup Cost": 402149.03,
        "Total Cost": 402149.14,
        "Plan Rows": 1,
        "Plan Width": 8,
        "Actual Startup Time": 2886.591,
        "Actual Total Time": 2944.774,
        "Actual Rows": 2,
        "Actual Loops": 1,
        "Workers Planned": 1,
        "Workers Launched": 1,
        "Single Copy": false,
        "Plans": [
          {
            "Node Type": "Aggregate",
            "Strategy": "Plain",
            "Partial Mode": "Partial",
            "Parent Relationship": "Outer",
            "Parallel Aware": false,
            "Startup Cost": 401149.03,
            "Total Cost": 401149.04,
            "Plan Rows": 1,
            "Plan Width": 8,
            "Actual Startup Time": 2878.871,
            "Actual Total Time": 2879.458,
            "Actual Rows": 1,
            "Actual Loops": 2,
            "Plans": [
              {
                "Node Type": "Hash Join",
                "Parent Relationship": "Outer",
                "Parallel Aware": true,
                "Join Type": "Inner",
                "Startup Cost": 112389.36,
                "Total Cost": 399003.78,
                "Plan Rows": 858100,
                "Plan Width": 0,
                "Actual Startup Time": 517.412,
                "Actual Total Time": 2522.522,
                "Actual Rows": 8505788,
                "Actual Loops": 2,
                "Inner Unique": false,
                "Hash Cond": "(mi.movie_id = t.id)",
                "Plans": [
                  {
                    "Node Type": "Seq Scan",
                    "Parent Relationship": "Outer",
                    "Parallel Aware": true,
                    "Relation Name": "movie_info",
                    "Alias": "mi",
                    "Startup Cost": 0.0,
                    "Total Cost": 248955.74,
                    "Plan Rows": 8696274,
                    "Plan Width": 4,
                    "Actual Startup Time": 0.017,
                    "Actual Total Time": 613.034,
                    "Actual Rows": 7417860,
                    "Actual Loops": 2
                  },
                  {
                    "Node Type": "Hash",
                    "Parent Relationship": "Inner",
                    "Parallel Aware": true,
                    "Startup Cost": 110554.96,
                    "Total Cost": 110554.96,
                    "Plan Rows": 146752,
                    "Plan Width": 8,
                    "Actual Startup Time": 512.821,
                    "Actual Total Time": 513.406,
                    "Actual Rows": 181088,
                    "Actual Loops": 2,
                    "Hash Buckets": 524288,
                    "Original Hash Buckets": 262144,
                    "Hash Batches": 1,
                    "Original Hash Batches": 1,
                    "Peak Memory Usage": 20352,
                    "Plans": [
                      {
                        "Node Type": "Hash Join",
                        "Parent Relationship": "Outer",
                        "Parallel Aware": true,
                        "Join Type": "Inner",
                        "Startup Cost": 78365.35,
                        "Total Cost": 110554.96,
                        "Plan Rows": 146752,
                        "Plan Width": 8,
                        "Actual Startup Time": 303.203,
                        "Actual Total Time": 473.534,
                        "Actual Rows": 181088,
                        "Actual Loops": 2,
                        "Inner Unique": true,
                        "Hash Cond": "(mk.movie_id = t.id)",
                        "Plans": [
                          {
                            "Node Type": "Bitmap Heap Scan",
                            "Parent Relationship": "Outer",
                            "Parallel Aware": true,
                            "Relation Name": "movie_keyword",
                            "Alias": "mk",
                            "Startup Cost": 18442.72,
                            "Total Cost": 49289.79,
                            "Plan Rows": 511445,
                            "Plan Width": 4,
                            "Actual Startup Time": 47.854,
                            "Actual Total Time": 138.021,
                            "Actual Rows": 433046,
                            "Actual Loops": 2,
                            "Recheck Cond": "(keyword_id > 21290)",
                            "Rows Removed by Index Recheck": 0,
                            "Exact Heap Blocks": 13475,
                            "Lossy Heap Blocks": 0,
                            "Plans": [
                              {
                                "Node Type": "Bitmap Index Scan",
                                "Parent Relationship": "Outer",
                                "Parallel Aware": false,
                                "Index Name": "keyword_id_movie_keyword",
                                "Startup Cost": 0.0,
                                "Total Cost": 18225.36,
                                "Plan Rows": 869457,
                                "Plan Width": 0,
                                "Actual Startup Time": 44.221,
                                "Actual Total Time": 44.221,
                                "Actual Rows": 866091,
                                "Actual Loops": 1,
                                "Index Cond": "(keyword_id > 21290)"
                              }
                            ]
                          },
                          {
                            "Node Type": "Hash",
                            "Parent Relationship": "Inner",
                            "Parallel Aware": true,
                            "Startup Cost": 54588.39,
                            "Total Cost": 54588.39,
                            "Plan Rows": 426739,
                            "Plan Width": 4,
                            "Actual Startup Time": 247.824,
                            "Actual Total Time": 247.825,
                            "Actual Rows": 365492,
                            "Actual Loops": 2,
                            "Hash Buckets": 1048576,
                            "Original Hash Buckets": 1048576,
                            "Hash Batches": 1,
                            "Original Hash Batches": 1,
                            "Peak Memory Usage": 36800,
                            "Plans": [
                              {
                                "Node Type": "Seq Scan",
                                "Parent Relationship": "Outer",
                                "Parallel Aware": true,
                                "Relation Name": "title",
                                "Alias": "t",
                                "Startup Cost": 0.0,
                                "Total Cost": 54588.39,
                                "Plan Rows": 426739,
                                "Plan Width": 4,
                                "Actual Startup Time": 0.029,
                                "Actual Total Time": 151.928,
                                "Actual Rows": 365492,
                                "Actual Loops": 2,
                                "Filter": "(production_year < 1992)",
                                "Rows Removed by Filter": 898664
                              }
                            ]
                          }
                        ]
                      }
                    ]
                  }
                ]
              }
            ]
          }
        ]
      }
    ]
  },
  "Planning Time": 0.973,
  "Triggers": [],
  "Execution Time": 2944.902
}