[
  {
    "Plan": {
      "Node Type": "Aggregate",
      "Strategy": "Plain",
      "Partial Mode": "Finalize",
      "Parallel Aware": false,
      "Startup Cost": 80070.14,
      "Total Cost": 80070.15,
      "Plan Rows": 1,
      "Plan Width": 8,
      "Actual Startup Time": 350.451,
      "Actual Total Time": 367.476,
      "Actual Rows": 1,
      "Actual Loops": 1,
      "Plans": [
        {
          "Node Type": "Gather",
          "Parent Relationship": "Outer",
          "Parallel Aware": false,
          "Startup Cost": 80069.72,
          "Total Cost": 80070.13,
          "Plan Rows": 4,
          "Plan Width": 8,
          "Actual Startup Time": 345.477,
          "Actual Total Time": 367.466,
          "Actual Rows": 5,
          "Actual Loops": 1,
          "Workers Planned": 4,
          "Workers Launched": 4,
          "Single Copy": false,
          "Plans": [
            {
              "Node Type": "Aggregate",
              "Strategy": "Plain",
              "Partial Mode": "Partial",
              "Parent Relationship": "Outer",
              "Parallel Aware": false,
              "Startup Cost": 79069.72,
              "Total Cost": 79069.73,
              "Plan Rows": 1,
              "Plan Width": 8,
              "Actual Startup Time": 336.486,
              "Actual Total Time": 336.587,
              "Actual Rows": 1,
              "Actual Loops": 5,
              "Plans": [
                {
                  "Node Type": "Hash Join",
                  "Parent Relationship": "Outer",
                  "Parallel Aware": true,
                  "Join Type": "Inner",
                  "Startup Cost": 33020.58,
                  "Total Cost": 78820.83,
                  "Plan Rows": 99557,
                  "Plan Width": 0,
                  "Actual Startup Time": 131.539,
                  "Actual Total Time": 330.347,
                  "Actual Rows": 145478,
                  "Actual Loops": 5,
                  "Inner Unique": false,
                  "Hash Cond": "(t.id = mc.movie_id)",
                  "Plans": [
                    {
                      "Node Type": "Seq Scan",
                      "Parent Relationship": "Outer",
                      "Parallel Aware": true,
                      "Relation Name": "title",
                      "Alias": "t",
                      "Startup Cost": 0.0,
                      "Total Cost": 42318.73,
                      "Plan Rows": 632073,
                      "Plan Width": 4,
                      "Actual Startup Time": 0.011,
                      "Actual Total Time": 63.898,
                      "Actual Rows": 505662,
                      "Actual Loops": 5
                    },
                    {
                      "Node Type": "Hash",
                      "Parent Relationship": "Inner",
                      "Parallel Aware": true,
                      "Startup Cost": 31414.82,
                      "Total Cost": 31414.82,
                      "Plan Rows": 128461,
                      "Plan Width": 4,
                      "Actual Startup Time": 128.641,
                      "Actual Total Time": 128.642,
                      "Actual Rows": 145478,
                      "Actual Loops": 5,
                      "Hash Buckets": 1048576,
                      "Original Hash Buckets": 524288,
                      "Hash Batches": 1,
                      "Original Hash Batches": 1,
                      "Peak Memory Usage": 40800,
                      "Plans": [
                        {
                          "Node Type": "Seq Scan",
                          "Parent Relationship": "Outer",
                          "Parallel Aware": true,
                          "Relation Name": "movie_companies",
                          "Alias": "mc",
                          "Startup Cost": 0.0,
                          "Total Cost": 31414.82,
                          "Plan Rows": 128461,
                          "Plan Width": 4,
                          "Actual Startup Time": 42.677,
                          "Actual Total Time": 74.387,
                          "Actual Rows": 145478,
                          "Actual Loops": 5,
                          "Filter": "((company_id > 30624) AND (company_type_id > 1))",
                          "Rows Removed by Filter": 376348
                        }
                      ]
                    }
                  ]
                }
              ]
            }
          ]
        }
      ]
    },
    "Planning Time": 0.624,
    "Triggers": [],
    "Execution Time": 367.545
  }
]