[
  {
    "Plan": {
      "Node Type": "Aggregate",
      "Strategy": "Plain",
      "Partial Mode": "Finalize",
      "Parallel Aware": false,
      "Startup Cost": 333867.14,
      "Total Cost": 333867.15,
      "Plan Rows": 1,
      "Plan Width": 8,
      "Actual Startup Time": 688.023,
      "Actual Total Time": 745.403,
      "Actual Rows": 1,
      "Actual Loops": 1,
      "Plans": [
        {
          "Node Type": "Gather",
          "Parent Relationship": "Outer",
          "Parallel Aware": false,
          "Startup Cost": 333866.51,
          "Total Cost": 333867.12,
          "Plan Rows": 6,
          "Plan Width": 8,
          "Actual Startup Time": 687.908,
          "Actual Total Time": 745.394,
          "Actual Rows": 7,
          "Actual Loops": 1,
          "Workers Planned": 6,
          "Workers Launched": 6,
          "Single Copy": false,
          "Plans": [
            {
              "Node Type": "Aggregate",
              "Strategy": "Plain",
              "Partial Mode": "Partial",
              "Parent Relationship": "Outer",
              "Parallel Aware": false,
              "Startup Cost": 332866.51,
              "Total Cost": 332866.52,
              "Plan Rows": 1,
              "Plan Width": 8,
              "Actual Startup Time": 679.003,
              "Actual Total Time": 679.004,
              "Actual Rows": 1,
              "Actual Loops": 7,
              "Plans": [
                {
                  "Node Type": "Seq Scan",
                  "Parent Relationship": "Outer",
                  "Parallel Aware": true,
                  "Relation Name": "cast_info",
                  "Alias": "ci",
                  "Startup Cost": 0.0,
                  "Total Cost": 328162.03,
                  "Plan Rows": 1881794,
                  "Plan Width": 0,
                  "Actual Startup Time": 0.053,
                  "Actual Total Time": 599.428,
                  "Actual Rows": 1614039,
                  "Actual Loops": 7,
                  "Filter": "(person_id < 1109329)",
                  "Rows Removed by Filter": 3563724
                }
              ]
            }
          ]
        }
      ]
    },
    "Planning Time": 0.132,
    "Triggers": [],
    "Execution Time": 745.46
  }
]