[
  {
    "Plan": {
      "Node Type": "Aggregate",
      "Strategy": "Plain",
      "Partial Mode": "Finalize",
      "Parallel Aware": false,
      "Startup Cost": 33088.27,
      "Total Cost": 33088.28,
      "Plan Rows": 1,
      "Plan Width": 8,
      "Actual Startup Time": 101.627,
      "Actual Total Time": 107.479,
      "Actual Rows": 1,
      "Actual Loops": 1,
      "Plans": [
        {
          "Node Type": "Gather",
          "Parent Relationship": "Outer",
          "Parallel Aware": false,
          "Startup Cost": 33087.95,
          "Total Cost": 33088.26,
          "Plan Rows": 3,
          "Plan Width": 8,
          "Actual Startup Time": 101.524,
          "Actual Total Time": 107.472,
          "Actual Rows": 4,
          "Actual Loops": 1,
          "Workers Planned": 3,
          "Workers Launched": 3,
          "Single Copy": false,
          "Plans": [
            {
              "Node Type": "Aggregate",
              "Strategy": "Plain",
              "Partial Mode": "Partial",
              "Parent Relationship": "Outer",
              "Parallel Aware": false,
              "Startup Cost": 32087.95,
              "Total Cost": 32087.96,
              "Plan Rows": 1,
              "Plan Width": 8,
              "Actual Startup Time": 93.941,
              "Actual Total Time": 93.942,
              "Actual Rows": 1,
              "Actual Loops": 4,
              "Plans": [
                {
                  "Node Type": "Seq Scan",
                  "Parent Relationship": "Outer",
                  "Parallel Aware": true,
                  "Relation Name": "movie_companies",
                  "Alias": "mc",
                  "Startup Cost": 0.0,
                  "Total Cost": 31414.82,
                  "Plan Rows": 269252,
                  "Plan Width": 0,
                  "Actual Startup Time": 51.629,
                  "Actual Total Time": 87.425,
                  "Actual Rows": 131014,
                  "Actual Loops": 4,
                  "Filter": "((company_id < 17460) AND (company_type_id = 2))",
                  "Rows Removed by Filter": 521268
                }
              ]
            }
          ]
        }
      ]
    },
    "Planning Time": 0.205,
    "Triggers": [],
    "Execution Time": 107.533
  }
]