[
  {
    "Plan": {
      "Node Type": "Aggregate",
      "Strategy": "Plain",
      "Partial Mode": "Finalize",
      "Parallel Aware": false,
      "Startup Cost": 32476.26,
      "Total Cost": 32476.27,
      "Plan Rows": 1,
      "Plan Width": 8,
      "Actual Startup Time": 12.493,
      "Actual Total Time": 14.411,
      "Actual Rows": 1,
      "Actual Loops": 1,
      "Plans": [
        {
          "Node Type": "Gather",
          "Parent Relationship": "Outer",
          "Parallel Aware": false,
          "Startup Cost": 32476.05,
          "Total Cost": 32476.26,
          "Plan Rows": 2,
          "Plan Width": 8,
          "Actual Startup Time": 8.566,
          "Actual Total Time": 14.399,
          "Actual Rows": 3,
          "Actual Loops": 1,
          "Workers Planned": 2,
          "Workers Launched": 2,
          "Single Copy": false,
          "Plans": [
            {
              "Node Type": "Aggregate",
              "Strategy": "Plain",
              "Partial Mode": "Partial",
              "Parent Relationship": "Outer",
              "Parallel Aware": false,
              "Startup Cost": 31476.05,
              "Total Cost": 31476.06,
              "Plan Rows": 1,
              "Plan Width": 8,
              "Actual Startup Time": 2.715,
              "Actual Total Time": 2.718,
              "Actual Rows": 1,
              "Actual Loops": 3,
              "Plans": [
                {
                  "Node Type": "Nested Loop",
                  "Parent Relationship": "Outer",
                  "Parallel Aware": false,
                  "Join Type": "Inner",
                  "Startup Cost": 217.1,
                  "Total Cost": 31474.06,
                  "Plan Rows": 795,
                  "Plan Width": 0,
                  "Actual Startup Time": 1.135,
                  "Actual Total Time": 2.705,
                  "Actual Rows": 24,
                  "Actual Loops": 3,
                  "Inner Unique": true,
                  "Plans": [
                    {
                      "Node Type": "Bitmap Heap Scan",
                      "Parent Relationship": "Outer",
                      "Parallel Aware": true,
                      "Relation Name": "movie_companies",
                      "Alias": "mc",
                      "Startup Cost": 216.67,
                      "Total Cost": 16511.85,
                      "Plan Rows": 2038,
                      "Plan Width": 4,
                      "Actual Startup Time": 1.124,
                      "Actual Total Time": 2.371,
                      "Actual Rows": 32,
                      "Actual Loops": 3,
                      "Recheck Cond": "(company_id = 596)",
                      "Rows Removed by Index Recheck": 0,
                      "Filter": "(company_type_id < 2)",
                      "Rows Removed by Filter": 2869,
                      "Exact Heap Blocks": 821,
                      "Lossy Heap Blocks": 0,
                      "Plans": [
                        {
                          "Node Type": "Bitmap Index Scan",
                          "Parent Relationship": "Outer",
                          "Parallel Aware": false,
                          "Index Name": "company_id_movie_companies",
                          "Startup Cost": 0.0,
                          "Total Cost": 215.44,
                          "Plan Rows": 10002,
                          "Plan Width": 0,
                          "Actual Startup Time": 2.955,
                          "Actual Total Time": 2.956,
                          "Actual Rows": 8702,
                          "Actual Loops": 1,
                          "Index Cond": "(company_id = 596)"
                        }
                      ]
                    },
                    {
                      "Node Type": "Index Scan",
                      "Parent Relationship": "Inner",
                      "Parallel Aware": false,
                      "Scan Direction": "Forward",
                      "Index Name": "title_pkey",
                      "Relation Name": "title",
                      "Alias": "t",
                      "Startup Cost": 0.43,
                      "Total Cost": 7.34,
                      "Plan Rows": 1,
                      "Plan Width": 4,
                      "Actual Startup Time": 0.01,
                      "Actual Total Time": 0.01,
                      "Actual Rows": 1,
                      "Actual Loops": 96,
                      "Index Cond": "(id = mc.movie_id)",
                      "Rows Removed by Index Recheck": 0,
                      "Filter": "(kind_id < 7)",
                      "Rows Removed by Filter": 0
                    }
                  ]
                }
              ]
            }
          ]
        }
      ]
    },
    "Planning Time": 0.558,
    "Triggers": [],
    "Execution Time": 14.489
  }
]