[
    {
        "Bao": {
            "Bao prediction": "NaN",
            "Bao recommended hint": "(no hint)"
        }
    },
    {
        "Plan": {
            "Node Type": "Aggregate",
            "Strategy": "Plain",
            "Partial Mode": "Finalize",
            "Parallel Aware": false,
            "Startup Cost": 347369.87,
            "Total Cost": 347369.88,
            "Plan Rows": 1,
            "Plan Width": 8,
            "Actual Startup Time": 724.353,
            "Actual Total Time": 753.637,
            "Actual Rows": 1,
            "Actual Loops": 1,
            "Output": [
                "count(*)"
            ],
            "Plans": [
                {
                    "Node Type": "Gather",
                    "Parent Relationship": "Outer",
                    "Parallel Aware": false,
                    "Startup Cost": 347369.25,
                    "Total Cost": 347369.86,
                    "Plan Rows": 6,
                    "Plan Width": 8,
                    "Actual Startup Time": 724.254,
                    "Actual Total Time": 753.628,
                    "Actual Rows": 7,
                    "Actual Loops": 1,
                    "Output": [
                        "(PARTIAL count(*))"
                    ],
                    "Workers Planned": 6,
                    "Workers Launched": 6,
                    "Single Copy": false,
                    "Plans": [
                        {
                            "Node Type": "Aggregate",
                            "Strategy": "Plain",
                            "Partial Mode": "Partial",
                            "Parent Relationship": "Outer",
                            "Parallel Aware": false,
                            "Startup Cost": 346369.25,
                            "Total Cost": 346369.26,
                            "Plan Rows": 1,
                            "Plan Width": 8,
                            "Actual Startup Time": 714.38,
                            "Actual Total Time": 714.381,
                            "Actual Rows": 1,
                            "Actual Loops": 7,
                            "Output": [
                                "PARTIAL count(*)"
                            ],
                            "Workers": [
                                {
                                    "Worker Number": 0,
                                    "Actual Startup Time": 712.254,
                                    "Actual Total Time": 712.255,
                                    "Actual Rows": 1,
                                    "Actual Loops": 1
                                },
                                {
                                    "Worker Number": 1,
                                    "Actual Startup Time": 712.549,
                                    "Actual Total Time": 712.55,
                                    "Actual Rows": 1,
                                    "Actual Loops": 1
                                },
                                {
                                    "Worker Number": 2,
                                    "Actual Startup Time": 712.718,
                                    "Actual Total Time": 712.719,
                                    "Actual Rows": 1,
                                    "Actual Loops": 1
                                },
                                {
                                    "Worker Number": 3,
                                    "Actual Startup Time": 713.011,
                                    "Actual Total Time": 713.012,
                                    "Actual Rows": 1,
                                    "Actual Loops": 1
                                },
                                {
                                    "Worker Number": 4,
                                    "Actual Startup Time": 713.403,
                                    "Actual Total Time": 713.404,
                                    "Actual Rows": 1,
                                    "Actual Loops": 1
                                },
                                {
                                    "Worker Number": 5,
                                    "Actual Startup Time": 713.183,
                                    "Actual Total Time": 713.184,
                                    "Actual Rows": 1,
                                    "Actual Loops": 1
                                }
                            ],
                            "Plans": [
                                {
                                    "Node Type": "Seq Scan",
                                    "Parent Relationship": "Outer",
                                    "Parallel Aware": true,
                                    "Relation Name": "cast_info",
                                    "Schema": "public",
                                    "Alias": "ci",
                                    "Startup Cost": 0.0,
                                    "Total Cost": 343318.94,
                                    "Plan Rows": 1220123,
                                    "Plan Width": 0,
                                    "Actual Startup Time": 311.233,
                                    "Actual Total Time": 634.894,
                                    "Actual Rows": 1626025,
                                    "Actual Loops": 7,
                                    "Output": [
                                        "id",
                                        "person_id",
                                        "movie_id",
                                        "person_role_id",
                                        "note",
                                        "nr_order",
                                        "role_id"
                                    ],
                                    "Filter": "((ci.person_id > 2560908) AND (ci.role_id > 1))",
                                    "Rows Removed by Filter": 3551739,
                                    "Workers": [
                                        {
                                            "Worker Number": 0,
                                            "Actual Startup Time": 309.092,
                                            "Actual Total Time": 632.493,
                                            "Actual Rows": 1194810,
                                            "Actual Loops": 1
                                        },
                                        {
                                            "Worker Number": 1,
                                            "Actual Startup Time": 309.407,
                                            "Actual Total Time": 632.93,
                                            "Actual Rows": 1191329,
                                            "Actual Loops": 1
                                        },
                                        {
                                            "Worker Number": 2,
                                            "Actual Startup Time": 309.566,
                                            "Actual Total Time": 634.217,
                                            "Actual Rows": 1870865,
                                            "Actual Loops": 1
                                        },
                                        {
                                            "Worker Number": 3,
                                            "Actual Startup Time": 309.867,
                                            "Actual Total Time": 637.903,
                                            "Actual Rows": 1831272,
                                            "Actual Loops": 1
                                        },
                                        {
                                            "Worker Number": 4,
                                            "Actual Startup Time": 310.258,
                                            "Actual Total Time": 634.746,
                                            "Actual Rows": 1877587,
                                            "Actual Loops": 1
                                        },
                                        {
                                            "Worker Number": 5,
                                            "Actual Startup Time": 310.056,
                                            "Actual Total Time": 635.68,
                                            "Actual Rows": 1150330,
                                            "Actual Loops": 1
                                        }
                                    ]
                                }
                            ]
                        }
                    ]
                }
            ]
        },
        "Planning Time": 212.964,
        "Triggers": [],
        "Execution Time": 753.722
    }
]