[
  {
    "Plan": {
      "Node Type": "Aggregate",
      "Strategy": "Plain",
      "Partial Mode": "Finalize",
      "Parallel Aware": false,
      "Startup Cost": 44960.17,
      "Total Cost": 44960.18,
      "Plan Rows": 1,
      "Plan Width": 8,
      "Actual Startup Time": 92.803,
      "Actual Total Time": 103.924,
      "Actual Rows": 1,
      "Actual Loops": 1,
      "Plans": [
        {
          "Node Type": "Gather",
          "Parent Relationship": "Outer",
          "Parallel Aware": false,
          "Startup Cost": 44959.75,
          "Total Cost": 44960.16,
          "Plan Rows": 4,
          "Plan Width": 8,
          "Actual Startup Time": 92.543,
          "Actual Total Time": 103.914,
          "Actual Rows": 5,
          "Actual Loops": 1,
          "Workers Planned": 4,
          "Workers Launched": 4,
          "Single Copy": false,
          "Plans": [
            {
              "Node Type": "Aggregate",
              "Strategy": "Plain",
              "Partial Mode": "Partial",
              "Parent Relationship": "Outer",
              "Parallel Aware": false,
              "Startup Cost": 43959.75,
              "Total Cost": 43959.76,
              "Plan Rows": 1,
              "Plan Width": 8,
              "Actual Startup Time": 85.307,
              "Actual Total Time": 85.308,
              "Actual Rows": 1,
              "Actual Loops": 5,
              "Plans": [
                {
                  "Node Type": "Seq Scan",
                  "Parent Relationship": "Outer",
                  "Parallel Aware": true,
                  "Relation Name": "title",
                  "Alias": "t",
                  "Startup Cost": 0.0,
                  "Total Cost": 43898.92,
                  "Plan Rows": 24335,
                  "Plan Width": 0,
                  "Actual Startup Time": 0.037,
                  "Actual Total Time": 83.698,
                  "Actual Rows": 19001,
                  "Actual Loops": 5,
                  "Filter": "(production_year = 2005)",
                  "Rows Removed by Filter": 486661
                }
              ]
            }
          ]
        }
      ]
    },
    "Planning Time": 0.184,
    "Triggers": [],
    "Execution Time": 103.985
  }
]