[
  {
    "Plan": {
      "Node Type": "Aggregate",
      "Strategy": "Plain",
      "Partial Mode": "Finalize",
      "Parallel Aware": false,
      "Startup Cost": 127043.04,
      "Total Cost": 127043.05,
      "Plan Rows": 1,
      "Plan Width": 8,
      "Actual Startup Time": 550.426,
      "Actual Total Time": 569.787,
      "Actual Rows": 1,
      "Actual Loops": 1,
      "Plans": [
        {
          "Node Type": "Gather",
          "Parent Relationship": "Outer",
          "Parallel Aware": false,
          "Startup Cost": 127042.72,
          "Total Cost": 127043.03,
          "Plan Rows": 3,
          "Plan Width": 8,
          "Actual Startup Time": 540.547,
          "Actual Total Time": 569.779,
          "Actual Rows": 4,
          "Actual Loops": 1,
          "Workers Planned": 3,
          "Workers Launched": 3,
          "Single Copy": false,
          "Plans": [
            {
              "Node Type": "Aggregate",
              "Strategy": "Plain",
              "Partial Mode": "Partial",
              "Parent Relationship": "Outer",
              "Parallel Aware": false,
              "Startup Cost": 126042.72,
              "Total Cost": 126042.73,
              "Plan Rows": 1,
              "Plan Width": 8,
              "Actual Startup Time": 533.561,
              "Actual Total Time": 533.567,
              "Actual Rows": 1,
              "Actual Loops": 4,
              "Plans": [
                {
                  "Node Type": "Hash Join",
                  "Parent Relationship": "Outer",
                  "Parallel Aware": true,
                  "Join Type": "Inner",
                  "Startup Cost": 80464.42,
                  "Total Cost": 125580.57,
                  "Plan Rows": 184862,
                  "Plan Width": 0,
                  "Actual Startup Time": 361.73,
                  "Actual Total Time": 530.773,
                  "Actual Rows": 69748,
                  "Actual Loops": 4,
                  "Inner Unique": false,
                  "Hash Cond": "(mk.movie_id = t.id)",
                  "Plans": [
                    {
                      "Node Type": "Seq Scan",
                      "Parent Relationship": "Outer",
                      "Parallel Aware": true,
                      "Relation Name": "movie_keyword",
                      "Alias": "mk",
                      "Startup Cost": 0.0,
                      "Total Cost": 39047.32,
                      "Plan Rows": 1459332,
                      "Plan Width": 4,
                      "Actual Startup Time": 0.033,
                      "Actual Total Time": 83.056,
                      "Actual Rows": 1130982,
                      "Actual Loops": 4
                    },
                    {
                      "Node Type": "Hash",
                      "Parent Relationship": "Inner",
                      "Parallel Aware": true,
                      "Startup Cost": 79172.93,
                      "Total Cost": 79172.93,
                      "Plan Rows": 103319,
                      "Plan Width": 8,
                      "Actual Startup Time": 359.414,
                      "Actual Total Time": 359.418,
                      "Actual Rows": 31670,
                      "Actual Loops": 4,
                      "Hash Buckets": 524288,
                      "Original Hash Buckets": 524288,
                      "Hash Batches": 1,
                      "Original Hash Batches": 1,
                      "Peak Memory Usage": 9152,
                      "Plans": [
                        {
                          "Node Type": "Hash Join",
                          "Parent Relationship": "Outer",
                          "Parallel Aware": true,
                          "Join Type": "Inner",
                          "Startup Cost": 49301.56,
                          "Total Cost": 79172.93,
                          "Plan Rows": 103319,
                          "Plan Width": 8,
                          "Actual Startup Time": 271.783,
                          "Actual Total Time": 349.415,
                          "Actual Rows": 31670,
                          "Actual Loops": 4,
                          "Inner Unique": true,
                          "Hash Cond": "(mc.movie_id = t.id)",
                          "Plans": [
                            {
                              "Node Type": "Seq Scan",
                              "Parent Relationship": "Outer",
                              "Parallel Aware": true,
                              "Relation Name": "movie_companies",
                              "Alias": "mc",
                              "Startup Cost": 0.0,
                              "Total Cost": 29310.68,
                              "Plan Rows": 213596,
                              "Plan Width": 4,
                              "Actual Startup Time": 20.731,
                              "Actual Total Time": 62.027,
                              "Actual Rows": 163883,
                              "Actual Loops": 4,
                              "Filter": "(company_id > 53493)",
                              "Rows Removed by Filter": 488400
                            },
                            {
                              "Node Type": "Hash",
                              "Parent Relationship": "Inner",
                              "Parallel Aware": true,
                              "Startup Cost": 45479.59,
                              "Total Cost": 45479.59,
                              "Plan Rows": 305758,
                              "Plan Width": 4,
                              "Actual Startup Time": 231.801,
                              "Actual Total Time": 231.802,
                              "Actual Rows": 325275,
                              "Actual Loops": 4,
                              "Hash Buckets": 2097152,
                              "Original Hash Buckets": 2097152,
                              "Hash Batches": 1,
                              "Original Hash Batches": 1,
                              "Peak Memory Usage": 67360,
                              "Plans": [
                                {
                                  "Node Type": "Seq Scan",
                                  "Parent Relationship": "Outer",
                                  "Parallel Aware": true,
                                  "Relation Name": "title",
                                  "Alias": "t",
                                  "Startup Cost": 0.0,
                                  "Total Cost": 45479.59,
                                  "Plan Rows": 305758,
                                  "Plan Width": 4,
                                  "Actual Startup Time": 0.042,
                                  "Actual Total Time": 105.397,
                                  "Actual Rows": 325275,
                                  "Actual Loops": 4,
                                  "Filter": "((production_year > 1976) AND (kind_id = 7))",
                                  "Rows Removed by Filter": 306803
                                }
                              ]
                            }
                          ]
                        }
                      ]
                    }
                  ]
                }
              ]
            }
          ]
        }
      ]
    },
    "Planning Time": 0.68,
    "Triggers": [],
    "Execution Time": 569.832
  }
]