[
    {
        "Bao": {
            "Bao prediction": "NaN",
            "Bao recommended hint": "(no hint)"
        }
    },
    {
        "Plan": {
            "Node Type": "Aggregate",
            "Strategy": "Plain",
            "Partial Mode": "Finalize",
            "Parallel Aware": false,
            "Startup Cost": 32867.04,
            "Total Cost": 32867.05,
            "Plan Rows": 1,
            "Plan Width": 8,
            "Actual Startup Time": 83.992,
            "Actual Total Time": 89.975,
            "Actual Rows": 1,
            "Actual Loops": 1,
            "Output": [
                "count(*)"
            ],
            "Plans": [
                {
                    "Node Type": "Gather",
                    "Parent Relationship": "Outer",
                    "Parallel Aware": false,
                    "Startup Cost": 32866.73,
                    "Total Cost": 32867.04,
                    "Plan Rows": 3,
                    "Plan Width": 8,
                    "Actual Startup Time": 83.868,
                    "Actual Total Time": 89.969,
                    "Actual Rows": 4,
                    "Actual Loops": 1,
                    "Output": [
                        "(PARTIAL count(*))"
                    ],
                    "Workers Planned": 3,
                    "Workers Launched": 3,
                    "Single Copy": false,
                    "Plans": [
                        {
                            "Node Type": "Aggregate",
                            "Strategy": "Plain",
                            "Partial Mode": "Partial",
                            "Parent Relationship": "Outer",
                            "Parallel Aware": false,
                            "Startup Cost": 31866.73,
                            "Total Cost": 31866.74,
                            "Plan Rows": 1,
                            "Plan Width": 8,
                            "Actual Startup Time": 75.773,
                            "Actual Total Time": 75.774,
                            "Actual Rows": 1,
                            "Actual Loops": 4,
                            "Output": [
                                "PARTIAL count(*)"
                            ],
                            "Workers": [
                                {
                                    "Worker Number": 0,
                                    "Actual Startup Time": 73.103,
                                    "Actual Total Time": 73.103,
                                    "Actual Rows": 1,
                                    "Actual Loops": 1
                                },
                                {
                                    "Worker Number": 1,
                                    "Actual Startup Time": 73.202,
                                    "Actual Total Time": 73.204,
                                    "Actual Rows": 1,
                                    "Actual Loops": 1
                                },
                                {
                                    "Worker Number": 2,
                                    "Actual Startup Time": 73.243,
                                    "Actual Total Time": 73.244,
                                    "Actual Rows": 1,
                                    "Actual Loops": 1
                                }
                            ],
                            "Plans": [
                                {
                                    "Node Type": "Seq Scan",
                                    "Parent Relationship": "Outer",
                                    "Parallel Aware": true,
                                    "Relation Name": "movie_companies",
                                    "Schema": "public",
                                    "Alias": "mc",
                                    "Startup Cost": 0.0,
                                    "Total Cost": 31414.82,
                                    "Plan Rows": 180763,
                                    "Plan Width": 0,
                                    "Actual Startup Time": 44.263,
                                    "Actual Total Time": 72.236,
                                    "Actual Rows": 86322,
                                    "Actual Loops": 4,
                                    "Output": [
                                        "id",
                                        "movie_id",
                                        "company_id",
                                        "company_type_id",
                                        "note"
                                    ],
                                    "Filter": "((mc.company_id < 7436) AND (mc.company_type_id > 1))",
                                    "Rows Removed by Filter": 565960,
                                    "Workers": [
                                        {
                                            "Worker Number": 0,
                                            "Actual Startup Time": 41.589,
                                            "Actual Total Time": 69.658,
                                            "Actual Rows": 82063,
                                            "Actual Loops": 1
                                        },
                                        {
                                            "Worker Number": 1,
                                            "Actual Startup Time": 41.693,
                                            "Actual Total Time": 69.763,
                                            "Actual Rows": 81801,
                                            "Actual Loops": 1
                                        },
                                        {
                                            "Worker Number": 2,
                                            "Actual Startup Time": 41.737,
                                            "Actual Total Time": 69.892,
                                            "Actual Rows": 79849,
                                            "Actual Loops": 1
                                        }
                                    ]
                                }
                            ]
                        }
                    ]
                }
            ]
        },
        "Planning Time": 188.126,
        "Triggers": [],
        "Execution Time": 90.024
    }
]