[
  {
    "Plan": {
      "Node Type": "Aggregate",
      "Strategy": "Plain",
      "Partial Mode": "Finalize",
      "Parallel Aware": false,
      "Startup Cost": 90732.21,
      "Total Cost": 90732.22,
      "Plan Rows": 1,
      "Plan Width": 8,
      "Actual Startup Time": 273.629,
      "Actual Total Time": 292.162,
      "Actual Rows": 1,
      "Actual Loops": 1,
      "Plans": [
        {
          "Node Type": "Gather",
          "Parent Relationship": "Outer",
          "Parallel Aware": false,
          "Startup Cost": 90731.89,
          "Total Cost": 90732.2,
          "Plan Rows": 3,
          "Plan Width": 8,
          "Actual Startup Time": 273.206,
          "Actual Total Time": 292.153,
          "Actual Rows": 4,
          "Actual Loops": 1,
          "Workers Planned": 3,
          "Workers Launched": 3,
          "Single Copy": false,
          "Plans": [
            {
              "Node Type": "Aggregate",
              "Strategy": "Plain",
              "Partial Mode": "Partial",
              "Parent Relationship": "Outer",
              "Parallel Aware": false,
              "Startup Cost": 89731.89,
              "Total Cost": 89731.9,
              "Plan Rows": 1,
              "Plan Width": 8,
              "Actual Startup Time": 264.635,
              "Actual Total Time": 264.641,
              "Actual Rows": 1,
              "Actual Loops": 4,
              "Plans": [
                {
                  "Node Type": "Hash Join",
                  "Parent Relationship": "Outer",
                  "Parallel Aware": true,
                  "Join Type": "Inner",
                  "Startup Cost": 44108.03,
                  "Total Cost": 89659.9,
                  "Plan Rows": 28798,
                  "Plan Width": 0,
                  "Actual Startup Time": 101.805,
                  "Actual Total Time": 263.466,
                  "Actual Rows": 27256,
                  "Actual Loops": 4,
                  "Inner Unique": true,
                  "Hash Cond": "(mk.movie_id = t.id)",
                  "Plans": [
                    {
                      "Node Type": "Seq Scan",
                      "Parent Relationship": "Outer",
                      "Parallel Aware": true,
                      "Relation Name": "movie_keyword",
                      "Alias": "mk",
                      "Startup Cost": 0.0,
                      "Total Cost": 42695.65,
                      "Plan Rows": 1088083,
                      "Plan Width": 4,
                      "Actual Startup Time": 0.024,
                      "Actual Total Time": 106.122,
                      "Actual Rows": 842887,
                      "Actual Loops": 4,
                      "Filter": "(keyword_id < 16161)",
                      "Rows Removed by Filter": 288096
                    },
                    {
                      "Node Type": "Hash",
                      "Parent Relationship": "Inner",
                      "Parallel Aware": true,
                      "Startup Cost": 43898.92,
                      "Total Cost": 43898.92,
                      "Plan Rows": 16729,
                      "Plan Width": 4,
                      "Actual Startup Time": 99.846,
                      "Actual Total Time": 99.849,
                      "Actual Rows": 16944,
                      "Actual Loops": 4,
                      "Hash Buckets": 131072,
                      "Original Hash Buckets": 131072,
                      "Hash Batches": 1,
                      "Original Hash Batches": 1,
                      "Peak Memory Usage": 3744,
                      "Plans": [
                        {
                          "Node Type": "Seq Scan",
                          "Parent Relationship": "Outer",
                          "Parallel Aware": true,
                          "Relation Name": "title",
                          "Alias": "t",
                          "Startup Cost": 0.0,
                          "Total Cost": 43898.92,
                          "Plan Rows": 16729,
                          "Plan Width": 4,
                          "Actual Startup Time": 0.046,
                          "Actual Total Time": 92.276,
                          "Actual Rows": 16944,
                          "Actual Loops": 4,
                          "Filter": "(production_year = 2003)",
                          "Rows Removed by Filter": 615134
                        }
                      ]
                    }
                  ]
                }
              ]
            }
          ]
        }
      ]
    },
    "Planning Time": 0.595,
    "Triggers": [],
    "Execution Time": 292.231
  }
]