[
  {
    "Plan": {
      "Node Type": "Aggregate",
      "Strategy": "Plain",
      "Partial Mode": "Finalize",
      "Parallel Aware": false,
      "Startup Cost": 71568.05,
      "Total Cost": 71568.06,
      "Plan Rows": 1,
      "Plan Width": 8,
      "Actual Startup Time": 143.942,
      "Actual Total Time": 160.211,
      "Actual Rows": 1,
      "Actual Loops": 1,
      "Plans": [
        {
          "Node Type": "Gather",
          "Parent Relationship": "Outer",
          "Parallel Aware": false,
          "Startup Cost": 71567.73,
          "Total Cost": 71568.04,
          "Plan Rows": 3,
          "Plan Width": 8,
          "Actual Startup Time": 143.381,
          "Actual Total Time": 160.205,
          "Actual Rows": 4,
          "Actual Loops": 1,
          "Workers Planned": 3,
          "Workers Launched": 3,
          "Single Copy": false,
          "Plans": [
            {
              "Node Type": "Aggregate",
              "Strategy": "Plain",
              "Partial Mode": "Partial",
              "Parent Relationship": "Outer",
              "Parallel Aware": false,
              "Startup Cost": 70567.73,
              "Total Cost": 70567.74,
              "Plan Rows": 1,
              "Plan Width": 8,
              "Actual Startup Time": 134.464,
              "Actual Total Time": 134.467,
              "Actual Rows": 1,
              "Actual Loops": 4,
              "Plans": [
                {
                  "Node Type": "Hash Join",
                  "Parent Relationship": "Outer",
                  "Parallel Aware": true,
                  "Join Type": "Inner",
                  "Startup Cost": 45739.03,
                  "Total Cost": 70566.05,
                  "Plan Rows": 672,
                  "Plan Width": 0,
                  "Actual Startup Time": 110.278,
                  "Actual Total Time": 134.444,
                  "Actual Rows": 104,
                  "Actual Loops": 4,
                  "Inner Unique": true,
                  "Hash Cond": "(mk.movie_id = t.id)",
                  "Plans": [
                    {
                      "Node Type": "Bitmap Heap Scan",
                      "Parent Relationship": "Outer",
                      "Parallel Aware": true,
                      "Relation Name": "movie_keyword",
                      "Alias": "mk",
                      "Startup Cost": 1624.95,
                      "Total Cost": 26387.23,
                      "Plan Rows": 24663,
                      "Plan Width": 4,
                      "Actual Startup Time": 8.12,
                      "Actual Total Time": 29.911,
                      "Actual Rows": 18124,
                      "Actual Loops": 4,
                      "Recheck Cond": "(keyword_id = 335)",
                      "Rows Removed by Index Recheck": 0,
                      "Exact Heap Blocks": 7448,
                      "Lossy Heap Blocks": 0,
                      "Plans": [
                        {
                          "Node Type": "Bitmap Index Scan",
                          "Parent Relationship": "Outer",
                          "Parallel Aware": false,
                          "Index Name": "keyword_id_movie_keyword",
                          "Startup Cost": 0.0,
                          "Total Cost": 1605.84,
                          "Plan Rows": 76454,
                          "Plan Width": 0,
                          "Actual Startup Time": 5.731,
                          "Actual Total Time": 5.731,
                          "Actual Rows": 72496,
                          "Actual Loops": 1,
                          "Index Cond": "(keyword_id = 335)"
                        }
                      ]
                    },
                    {
                      "Node Type": "Hash",
                      "Parent Relationship": "Inner",
                      "Parallel Aware": true,
                      "Startup Cost": 43898.92,
                      "Total Cost": 43898.92,
                      "Plan Rows": 17213,
                      "Plan Width": 4,
                      "Actual Startup Time": 98.68,
                      "Actual Total Time": 98.681,
                      "Actual Rows": 16836,
                      "Actual Loops": 4,
                      "Hash Buckets": 131072,
                      "Original Hash Buckets": 131072,
                      "Hash Batches": 1,
                      "Original Hash Batches": 1,
                      "Peak Memory Usage": 3744,
                      "Plans": [
                        {
                          "Node Type": "Seq Scan",
                          "Parent Relationship": "Outer",
                          "Parallel Aware": true,
                          "Relation Name": "title",
                          "Alias": "t",
                          "Startup Cost": 0.0,
                          "Total Cost": 43898.92,
                          "Plan Rows": 17213,
                          "Plan Width": 4,
                          "Actual Startup Time": 0.054,
                          "Actual Total Time": 91.474,
                          "Actual Rows": 16836,
                          "Actual Loops": 4,
                          "Filter": "(production_year > 2012)",
                          "Rows Removed by Filter": 615242
                        }
                      ]
                    }
                  ]
                }
              ]
            }
          ]
        }
      ]
    },
    "Planning Time": 0.602,
    "Triggers": [],
    "Execution Time": 160.296
  }
]