[
  {
    "Plan": {
      "Node Type": "Aggregate",
      "Strategy": "Plain",
      "Partial Mode": "Finalize",
      "Parallel Aware": false,
      "Startup Cost": 107770.43,
      "Total Cost": 107770.44,
      "Plan Rows": 1,
      "Plan Width": 8,
      "Actual Startup Time": 816.171,
      "Actual Total Time": 839.452,
      "Actual Rows": 1,
      "Actual Loops": 1,
      "Plans": [
        {
          "Node Type": "Gather",
          "Parent Relationship": "Outer",
          "Parallel Aware": false,
          "Startup Cost": 107770.22,
          "Total Cost": 107770.43,
          "Plan Rows": 2,
          "Plan Width": 8,
          "Actual Startup Time": 803.232,
          "Actual Total Time": 839.441,
          "Actual Rows": 3,
          "Actual Loops": 1,
          "Workers Planned": 2,
          "Workers Launched": 2,
          "Single Copy": false,
          "Plans": [
            {
              "Node Type": "Aggregate",
              "Strategy": "Plain",
              "Partial Mode": "Partial",
              "Parent Relationship": "Outer",
              "Parallel Aware": false,
              "Startup Cost": 106770.22,
              "Total Cost": 106770.23,
              "Plan Rows": 1,
              "Plan Width": 8,
              "Actual Startup Time": 794.913,
              "Actual Total Time": 795.102,
              "Actual Rows": 1,
              "Actual Loops": 3,
              "Plans": [
                {
                  "Node Type": "Hash Join",
                  "Parent Relationship": "Outer",
                  "Parallel Aware": true,
                  "Join Type": "Inner",
                  "Startup Cost": 90255.34,
                  "Total Cost": 106476.19,
                  "Plan Rows": 117612,
                  "Plan Width": 0,
                  "Actual Startup Time": 657.772,
                  "Actual Total Time": 781.047,
                  "Actual Rows": 348358,
                  "Actual Loops": 3,
                  "Inner Unique": false,
                  "Hash Cond": "(mi_idx.movie_id = t.id)",
                  "Plans": [
                    {
                      "Node Type": "Seq Scan",
                      "Parent Relationship": "Outer",
                      "Parallel Aware": true,
                      "Relation Name": "movie_info_idx",
                      "Alias": "mi_idx",
                      "Startup Cost": 0.0,
                      "Total Cost": 13685.15,
                      "Plan Rows": 575015,
                      "Plan Width": 4,
                      "Actual Startup Time": 0.016,
                      "Actual Total Time": 37.715,
                      "Actual Rows": 460012,
                      "Actual Loops": 3
                    },
                    {
                      "Node Type": "Hash",
                      "Parent Relationship": "Inner",
                      "Parallel Aware": true,
                      "Startup Cost": 88170.03,
                      "Total Cost": 88170.03,
                      "Plan Rows": 166825,
                      "Plan Width": 8,
                      "Actual Startup Time": 653.478,
                      "Actual Total Time": 653.665,
                      "Actual Rows": 172441,
                      "Actual Loops": 3,
                      "Hash Buckets": 524288,
                      "Original Hash Buckets": 524288,
                      "Hash Batches": 1,
                      "Original Hash Batches": 1,
                      "Peak Memory Usage": 24384,
                      "Plans": [
                        {
                          "Node Type": "Hash Join",
                          "Parent Relationship": "Outer",
                          "Parallel Aware": true,
                          "Join Type": "Inner",
                          "Startup Cost": 61192.8,
                          "Total Cost": 88170.03,
                          "Plan Rows": 166825,
                          "Plan Width": 8,
                          "Actual Startup Time": 474.726,
                          "Actual Total Time": 607.656,
                          "Actual Rows": 172441,
                          "Actual Loops": 3,
                          "Inner Unique": true,
                          "Hash Cond": "(mk.movie_id = t.id)",
                          "Plans": [
                            {
                              "Node Type": "Bitmap Heap Scan",
                              "Parent Relationship": "Outer",
                              "Parallel Aware": true,
                              "Relation Name": "movie_keyword",
                              "Alias": "mk",
                              "Startup Cost": 10972.41,
                              "Total Cost": 37511.73,
                              "Plan Rows": 166825,
                              "Plan Width": 4,
                              "Actual Startup Time": 30.959,
                              "Actual Total Time": 92.461,
                              "Actual Rows": 172441,
                              "Actual Loops": 3,
                              "Recheck Cond": "(keyword_id < 377)",
                              "Rows Removed by Index Recheck": 0,
                              "Exact Heap Blocks": 8548,
                              "Lossy Heap Blocks": 0,
                              "Plans": [
                                {
                                  "Node Type": "Bitmap Index Scan",
                                  "Parent Relationship": "Outer",
                                  "Parallel Aware": false,
                                  "Index Name": "keyword_id_movie_keyword",
                                  "Startup Cost": 0.0,
                                  "Total Cost": 10843.12,
                                  "Plan Rows": 517159,
                                  "Plan Width": 0,
                                  "Actual Startup Time": 27.368,
                                  "Actual Total Time": 27.369,
                                  "Actual Rows": 517323,
                                  "Actual Loops": 1,
                                  "Index Cond": "(keyword_id < 377)"
                                }
                              ]
                            },
                            {
                              "Node Type": "Hash",
                              "Parent Relationship": "Inner",
                              "Parallel Aware": true,
                              "Startup Cost": 42319.06,
                              "Total Cost": 42319.06,
                              "Plan Rows": 632106,
                              "Plan Width": 4,
                              "Actual Startup Time": 431.418,
                              "Actual Total Time": 431.419,
                              "Actual Rows": 842771,
                              "Actual Loops": 3,
                              "Hash Buckets": 4194304,
                              "Original Hash Buckets": 4194304,
                              "Hash Batches": 1,
                              "Original Hash Batches": 1,
                              "Peak Memory Usage": 131712,
                              "Plans": [
                                {
                                  "Node Type": "Seq Scan",
                                  "Parent Relationship": "Outer",
                                  "Parallel Aware": true,
                                  "Relation Name": "title",
                                  "Alias": "t",
                                  "Startup Cost": 0.0,
                                  "Total Cost": 42319.06,
                                  "Plan Rows": 632106,
                                  "Plan Width": 4,
                                  "Actual Startup Time": 0.054,
                                  "Actual Total Time": 118.839,
                                  "Actual Rows": 842771,
                                  "Actual Loops": 3
                                }
                              ]
                            }
                          ]
                        }
                      ]
                    }
                  ]
                }
              ]
            }
          ]
        }
      ]
    },
    "Planning Time": 1.484,
    "Triggers": [],
    "Execution Time": 839.559
  }
]