[
  {
    "Plan": {
      "Node Type": "Aggregate",
      "Strategy": "Plain",
      "Partial Mode": "Finalize",
      "Parallel Aware": false,
      "Startup Cost": 107464.57,
      "Total Cost": 107464.58,
      "Plan Rows": 1,
      "Plan Width": 8,
      "Actual Startup Time": 762.894,
      "Actual Total Time": 784.259,
      "Actual Rows": 1,
      "Actual Loops": 1,
      "Plans": [
        {
          "Node Type": "Gather",
          "Parent Relationship": "Outer",
          "Parallel Aware": false,
          "Startup Cost": 107464.36,
          "Total Cost": 107464.57,
          "Plan Rows": 2,
          "Plan Width": 8,
          "Actual Startup Time": 752.073,
          "Actual Total Time": 784.25,
          "Actual Rows": 3,
          "Actual Loops": 1,
          "Workers Planned": 2,
          "Workers Launched": 2,
          "Single Copy": false,
          "Plans": [
            {
              "Node Type": "Aggregate",
              "Strategy": "Plain",
              "Partial Mode": "Partial",
              "Parent Relationship": "Outer",
              "Parallel Aware": false,
              "Startup Cost": 106464.36,
              "Total Cost": 106464.37,
              "Plan Rows": 1,
              "Plan Width": 8,
              "Actual Startup Time": 743.975,
              "Actual Total Time": 744.16,
              "Actual Rows": 1,
              "Actual Loops": 3,
              "Plans": [
                {
                  "Node Type": "Hash Join",
                  "Parent Relationship": "Outer",
                  "Parallel Aware": true,
                  "Join Type": "Inner",
                  "Startup Cost": 89962.0,
                  "Total Cost": 106175.79,
                  "Plan Rows": 115426,
                  "Plan Width": 0,
                  "Actual Startup Time": 614.745,
                  "Actual Total Time": 730.144,
                  "Actual Rows": 348358,
                  "Actual Loops": 3,
                  "Inner Unique": false,
                  "Hash Cond": "(mi_idx.movie_id = t.id)",
                  "Plans": [
                    {
                      "Node Type": "Seq Scan",
                      "Parent Relationship": "Outer",
                      "Parallel Aware": true,
                      "Relation Name": "movie_info_idx",
                      "Alias": "mi_idx",
                      "Startup Cost": 0.0,
                      "Total Cost": 13685.15,
                      "Plan Rows": 575015,
                      "Plan Width": 4,
                      "Actual Startup Time": 0.041,
                      "Actual Total Time": 34.314,
                      "Actual Rows": 460012,
                      "Actual Loops": 3
                    },
                    {
                      "Node Type": "Hash",
                      "Parent Relationship": "Inner",
                      "Parallel Aware": true,
                      "Startup Cost": 87915.55,
                      "Total Cost": 87915.55,
                      "Plan Rows": 163716,
                      "Plan Width": 8,
                      "Actual Startup Time": 610.606,
                      "Actual Total Time": 610.788,
                      "Actual Rows": 172441,
                      "Actual Loops": 3,
                      "Hash Buckets": 524288,
                      "Original Hash Buckets": 524288,
                      "Hash Batches": 1,
                      "Original Hash Batches": 1,
                      "Peak Memory Usage": 24352,
                      "Plans": [
                        {
                          "Node Type": "Hash Join",
                          "Parent Relationship": "Outer",
                          "Parallel Aware": true,
                          "Join Type": "Inner",
                          "Startup Cost": 60985.35,
                          "Total Cost": 87915.55,
                          "Plan Rows": 163716,
                          "Plan Width": 8,
                          "Actual Startup Time": 443.51,
                          "Actual Total Time": 569.017,
                          "Actual Rows": 172441,
                          "Actual Loops": 3,
                          "Inner Unique": true,
                          "Hash Cond": "(mk.movie_id = t.id)",
                          "Plans": [
                            {
                              "Node Type": "Bitmap Heap Scan",
                              "Parent Relationship": "Outer",
                              "Parallel Aware": true,
                              "Relation Name": "movie_keyword",
                              "Alias": "mk",
                              "Startup Cost": 10765.7,
                              "Total Cost": 37266.15,
                              "Plan Rows": 163716,
                              "Plan Width": 4,
                              "Actual Startup Time": 31.841,
                              "Actual Total Time": 91.82,
                              "Actual Rows": 172441,
                              "Actual Loops": 3,
                              "Recheck Cond": "(keyword_id < 377)",
                              "Rows Removed by Index Recheck": 0,
                              "Exact Heap Blocks": 9184,
                              "Lossy Heap Blocks": 0,
                              "Plans": [
                                {
                                  "Node Type": "Bitmap Index Scan",
                                  "Parent Relationship": "Outer",
                                  "Parallel Aware": false,
                                  "Index Name": "keyword_id_movie_keyword",
                                  "Startup Cost": 0.0,
                                  "Total Cost": 10638.83,
                                  "Plan Rows": 507519,
                                  "Plan Width": 0,
                                  "Actual Startup Time": 28.249,
                                  "Actual Total Time": 28.249,
                                  "Actual Rows": 517323,
                                  "Actual Loops": 1,
                                  "Index Cond": "(keyword_id < 377)"
                                }
                              ]
                            },
                            {
                              "Node Type": "Hash",
                              "Parent Relationship": "Inner",
                              "Parallel Aware": true,
                              "Startup Cost": 42318.73,
                              "Total Cost": 42318.73,
                              "Plan Rows": 632073,
                              "Plan Width": 4,
                              "Actual Startup Time": 400.055,
                              "Actual Total Time": 400.055,
                              "Actual Rows": 842771,
                              "Actual Loops": 3,
                              "Hash Buckets": 4194304,
                              "Original Hash Buckets": 4194304,
                              "Hash Batches": 1,
                              "Original Hash Batches": 1,
                              "Peak Memory Usage": 131712,
                              "Plans": [
                                {
                                  "Node Type": "Seq Scan",
                                  "Parent Relationship": "Outer",
                                  "Parallel Aware": true,
                                  "Relation Name": "title",
                                  "Alias": "t",
                                  "Startup Cost": 0.0,
                                  "Total Cost": 42318.73,
                                  "Plan Rows": 632073,
                                  "Plan Width": 4,
                                  "Actual Startup Time": 0.044,
                                  "Actual Total Time": 113.595,
                                  "Actual Rows": 842771,
                                  "Actual Loops": 3
                                }
                              ]
                            }
                          ]
                        }
                      ]
                    }
                  ]
                }
              ]
            }
          ]
        }
      ]
    },
    "Planning Time": 1.213,
    "Triggers": [],
    "Execution Time": 784.355
  }
]