[
  {
    "Plan": {
      "Node Type": "Aggregate",
      "Strategy": "Plain",
      "Partial Mode": "Finalize",
      "Parallel Aware": false,
      "Startup Cost": 47055.64,
      "Total Cost": 47055.65,
      "Plan Rows": 1,
      "Plan Width": 8,
      "Actual Startup Time": 182.046,
      "Actual Total Time": 190.02,
      "Actual Rows": 1,
      "Actual Loops": 1,
      "Plans": [
        {
          "Node Type": "Gather",
          "Parent Relationship": "Outer",
          "Parallel Aware": false,
          "Startup Cost": 47055.32,
          "Total Cost": 47055.63,
          "Plan Rows": 3,
          "Plan Width": 8,
          "Actual Startup Time": 181.959,
          "Actual Total Time": 190.009,
          "Actual Rows": 4,
          "Actual Loops": 1,
          "Workers Planned": 3,
          "Workers Launched": 3,
          "Single Copy": false,
          "Plans": [
            {
              "Node Type": "Aggregate",
              "Strategy": "Plain",
              "Partial Mode": "Partial",
              "Parent Relationship": "Outer",
              "Parallel Aware": false,
              "Startup Cost": 46055.32,
              "Total Cost": 46055.33,
              "Plan Rows": 1,
              "Plan Width": 8,
              "Actual Startup Time": 175.443,
              "Actual Total Time": 175.444,
              "Actual Rows": 1,
              "Actual Loops": 4,
              "Plans": [
                {
                  "Node Type": "Seq Scan",
                  "Parent Relationship": "Outer",
                  "Parallel Aware": true,
                  "Relation Name": "movie_keyword",
                  "Alias": "mk",
                  "Startup Cost": 0.0,
                  "Total Cost": 42695.65,
                  "Plan Rows": 1343866,
                  "Plan Width": 0,
                  "Actual Startup Time": 0.05,
                  "Actual Total Time": 126.202,
                  "Actual Rows": 1041949,
                  "Actual Loops": 4,
                  "Filter": "(keyword_id < 46875)",
                  "Rows Removed by Filter": 89034
                }
              ]
            }
          ]
        }
      ]
    },
    "Planning Time": 0.074,
    "Triggers": [],
    "Execution Time": 190.046
  }
]