[
  {
    "Plan": {
      "Node Type": "Aggregate",
      "Strategy": "Plain",
      "Partial Mode": "Finalize",
      "Parallel Aware": false,
      "Startup Cost": 300450.43,
      "Total Cost": 300450.44,
      "Plan Rows": 1,
      "Plan Width": 8,
      "Actual Startup Time": 1002.537,
      "Actual Total Time": 1047.634,
      "Actual Rows": 1,
      "Actual Loops": 1,
      "Plans": [
        {
          "Node Type": "Gather",
          "Parent Relationship": "Outer",
          "Parallel Aware": false,
          "Startup Cost": 300449.91,
          "Total Cost": 300450.42,
          "Plan Rows": 5,
          "Plan Width": 8,
          "Actual Startup Time": 988.904,
          "Actual Total Time": 1047.62,
          "Actual Rows": 6,
          "Actual Loops": 1,
          "Workers Planned": 5,
          "Workers Launched": 5,
          "Single Copy": false,
          "Plans": [
            {
              "Node Type": "Aggregate",
              "Strategy": "Plain",
              "Partial Mode": "Partial",
              "Parent Relationship": "Outer",
              "Parallel Aware": false,
              "Startup Cost": 299449.91,
              "Total Cost": 299449.92,
              "Plan Rows": 1,
              "Plan Width": 8,
              "Actual Startup Time": 979.839,
              "Actual Total Time": 979.849,
              "Actual Rows": 1,
              "Actual Loops": 6,
              "Plans": [
                {
                  "Node Type": "Hash Join",
                  "Parent Relationship": "Outer",
                  "Parallel Aware": true,
                  "Join Type": "Inner",
                  "Startup Cost": 93684.14,
                  "Total Cost": 298163.63,
                  "Plan Rows": 514513,
                  "Plan Width": 0,
                  "Actual Startup Time": 385.426,
                  "Actual Total Time": 970.901,
                  "Actual Rows": 189922,
                  "Actual Loops": 6,
                  "Inner Unique": false,
                  "Hash Cond": "(mi.movie_id = t.id)",
                  "Plans": [
                    {
                      "Node Type": "Seq Scan",
                      "Parent Relationship": "Outer",
                      "Parallel Aware": true,
                      "Relation Name": "movie_info",
                      "Alias": "mi",
                      "Startup Cost": 0.0,
                      "Total Cost": 191685.19,
                      "Plan Rows": 2969219,
                      "Plan Width": 4,
                      "Actual Startup Time": 0.031,
                      "Actual Total Time": 309.714,
                      "Actual Rows": 2472620,
                      "Actual Loops": 6
                    },
                    {
                      "Node Type": "Hash",
                      "Parent Relationship": "Inner",
                      "Parallel Aware": true,
                      "Startup Cost": 91917.48,
                      "Total Cost": 91917.48,
                      "Plan Rows": 141333,
                      "Plan Width": 8,
                      "Actual Startup Time": 383.492,
                      "Actual Total Time": 383.501,
                      "Actual Rows": 19197,
                      "Actual Loops": 6,
                      "Hash Buckets": 524288,
                      "Original Hash Buckets": 524288,
                      "Hash Batches": 1,
                      "Original Hash Batches": 1,
                      "Peak Memory Usage": 8704,
                      "Plans": [
                        {
                          "Node Type": "Hash Join",
                          "Parent Relationship": "Outer",
                          "Parallel Aware": true,
                          "Join Type": "Inner",
                          "Startup Cost": 63958.18,
                          "Total Cost": 91917.48,
                          "Plan Rows": 141333,
                          "Plan Width": 8,
                          "Actual Startup Time": 277.88,
                          "Actual Total Time": 373.863,
                          "Actual Rows": 19197,
                          "Actual Loops": 6,
                          "Inner Unique": true,
                          "Hash Cond": "(mk.movie_id = t.id)",
                          "Plans": [
                            {
                              "Node Type": "Bitmap Heap Scan",
                              "Parent Relationship": "Outer",
                              "Parallel Aware": true,
                              "Relation Name": "movie_keyword",
                              "Alias": "mk",
                              "Startup Cost": 15240.37,
                              "Total Cost": 42591.31,
                              "Plan Rows": 231756,
                              "Plan Width": 4,
                              "Actual Startup Time": 67.906,
                              "Actual Total Time": 128.291,
                              "Actual Rows": 119166,
                              "Actual Loops": 6,
                              "Recheck Cond": "(keyword_id > 26350)",
                              "Rows Removed by Index Recheck": 0,
                              "Exact Heap Blocks": 5214,
                              "Lossy Heap Blocks": 0,
                              "Plans": [
                                {
                                  "Node Type": "Bitmap Index Scan",
                                  "Parent Relationship": "Outer",
                                  "Parallel Aware": false,
                                  "Index Name": "keyword_id_movie_keyword",
                                  "Startup Cost": 0.0,
                                  "Total Cost": 15060.76,
                                  "Plan Rows": 718443,
                                  "Plan Width": 0,
                                  "Actual Startup Time": 62.236,
                                  "Actual Total Time": 62.236,
                                  "Actual Rows": 714993,
                                  "Actual Loops": 1,
                                  "Index Cond": "(keyword_id > 26350)"
                                }
                              ]
                            },
                            {
                              "Node Type": "Hash",
                              "Parent Relationship": "Inner",
                              "Parallel Aware": true,
                              "Startup Cost": 43899.32,
                              "Total Cost": 43899.32,
                              "Plan Rows": 385479,
                              "Plan Width": 4,
                              "Actual Startup Time": 207.605,
                              "Actual Total Time": 207.609,
                              "Actual Rows": 257211,
                              "Actual Loops": 6,
                              "Hash Buckets": 2097152,
                              "Original Hash Buckets": 2097152,
                              "Hash Batches": 1,
                              "Original Hash Batches": 1,
                              "Peak Memory Usage": 76864,
                              "Plans": [
                                {
                                  "Node Type": "Seq Scan",
                                  "Parent Relationship": "Outer",
                                  "Parallel Aware": true,
                                  "Relation Name": "title",
                                  "Alias": "t",
                                  "Startup Cost": 0.0,
                                  "Total Cost": 43899.32,
                                  "Plan Rows": 385479,
                                  "Plan Width": 4,
                                  "Actual Startup Time": 0.046,
                                  "Actual Total Time": 93.103,
                                  "Actual Rows": 257211,
                                  "Actual Loops": 6,
                                  "Filter": "(kind_id = 7)",
                                  "Rows Removed by Filter": 164175
                                }
                              ]
                            }
                          ]
                        }
                      ]
                    }
                  ]
                }
              ]
            }
          ]
        }
      ]
    },
    "Planning Time": 0.506,
    "Triggers": [],
    "Execution Time": 1047.704
  }
]