[
  {
    "Plan": {
      "Node Type": "Aggregate",
      "Strategy": "Plain",
      "Partial Mode": "Finalize",
      "Parallel Aware": false,
      "Startup Cost": 53348.62,
      "Total Cost": 53348.63,
      "Plan Rows": 1,
      "Plan Width": 8,
      "Actual Startup Time": 32.488,
      "Actual Total Time": 37.109,
      "Actual Rows": 1,
      "Actual Loops": 1,
      "Plans": [
        {
          "Node Type": "Gather",
          "Parent Relationship": "Outer",
          "Parallel Aware": false,
          "Startup Cost": 53348.3,
          "Total Cost": 53348.61,
          "Plan Rows": 3,
          "Plan Width": 8,
          "Actual Startup Time": 32.147,
          "Actual Total Time": 37.101,
          "Actual Rows": 4,
          "Actual Loops": 1,
          "Workers Planned": 3,
          "Workers Launched": 3,
          "Single Copy": false,
          "Plans": [
            {
              "Node Type": "Aggregate",
              "Strategy": "Plain",
              "Partial Mode": "Partial",
              "Parent Relationship": "Outer",
              "Parallel Aware": false,
              "Startup Cost": 52348.3,
              "Total Cost": 52348.31,
              "Plan Rows": 1,
              "Plan Width": 8,
              "Actual Startup Time": 22.971,
              "Actual Total Time": 22.973,
              "Actual Rows": 1,
              "Actual Loops": 4,
              "Plans": [
                {
                  "Node Type": "Nested Loop",
                  "Parent Relationship": "Outer",
                  "Parallel Aware": false,
                  "Join Type": "Inner",
                  "Startup Cost": 181.25,
                  "Total Cost": 52345.61,
                  "Plan Rows": 1077,
                  "Plan Width": 0,
                  "Actual Startup Time": 1.532,
                  "Actual Total Time": 22.658,
                  "Actual Rows": 1623,
                  "Actual Loops": 4,
                  "Inner Unique": true,
                  "Plans": [
                    {
                      "Node Type": "Bitmap Heap Scan",
                      "Parent Relationship": "Outer",
                      "Parallel Aware": true,
                      "Relation Name": "movie_info",
                      "Alias": "mi",
                      "Startup Cost": 180.82,
                      "Total Cost": 31510.77,
                      "Plan Rows": 3179,
                      "Plan Width": 4,
                      "Actual Startup Time": 1.349,
                      "Actual Total Time": 4.77,
                      "Actual Rows": 1649,
                      "Actual Loops": 4,
                      "Recheck Cond": "(info_type_id = 43)",
                      "Rows Removed by Index Recheck": 0,
                      "Exact Heap Blocks": 973,
                      "Lossy Heap Blocks": 0,
                      "Plans": [
                        {
                          "Node Type": "Bitmap Index Scan",
                          "Parent Relationship": "Outer",
                          "Parallel Aware": false,
                          "Index Name": "info_type_id_movie_info",
                          "Startup Cost": 0.0,
                          "Total Cost": 178.36,
                          "Plan Rows": 9856,
                          "Plan Width": 0,
                          "Actual Startup Time": 4.448,
                          "Actual Total Time": 4.449,
                          "Actual Rows": 6595,
                          "Actual Loops": 1,
                          "Index Cond": "(info_type_id = 43)"
                        }
                      ]
                    },
                    {
                      "Node Type": "Index Scan",
                      "Parent Relationship": "Inner",
                      "Parallel Aware": false,
                      "Scan Direction": "Forward",
                      "Index Name": "title_pkey",
                      "Relation Name": "title",
                      "Alias": "t",
                      "Startup Cost": 0.43,
                      "Total Cost": 6.55,
                      "Plan Rows": 1,
                      "Plan Width": 4,
                      "Actual Startup Time": 0.01,
                      "Actual Total Time": 0.01,
                      "Actual Rows": 1,
                      "Actual Loops": 6595,
                      "Index Cond": "(id = mi.movie_id)",
                      "Rows Removed by Index Recheck": 0,
                      "Filter": "(kind_id < 4)",
                      "Rows Removed by Filter": 0
                    }
                  ]
                }
              ]
            }
          ]
        }
      ]
    },
    "Planning Time": 0.612,
    "Triggers": [],
    "Execution Time": 37.196
  }
]