[
  {
    "Plan": {
      "Node Type": "Aggregate",
      "Strategy": "Plain",
      "Partial Mode": "Finalize",
      "Parallel Aware": false,
      "Startup Cost": 99086.91,
      "Total Cost": 99086.92,
      "Plan Rows": 1,
      "Plan Width": 8,
      "Actual Startup Time": 586.219,
      "Actual Total Time": 601.087,
      "Actual Rows": 1,
      "Actual Loops": 1,
      "Plans": [
        {
          "Node Type": "Gather",
          "Parent Relationship": "Outer",
          "Parallel Aware": false,
          "Startup Cost": 99086.59,
          "Total Cost": 99086.9,
          "Plan Rows": 3,
          "Plan Width": 8,
          "Actual Startup Time": 579.803,
          "Actual Total Time": 601.078,
          "Actual Rows": 4,
          "Actual Loops": 1,
          "Workers Planned": 3,
          "Workers Launched": 3,
          "Single Copy": false,
          "Plans": [
            {
              "Node Type": "Aggregate",
              "Strategy": "Plain",
              "Partial Mode": "Partial",
              "Parent Relationship": "Outer",
              "Parallel Aware": false,
              "Startup Cost": 98086.59,
              "Total Cost": 98086.6,
              "Plan Rows": 1,
              "Plan Width": 8,
              "Actual Startup Time": 567.264,
              "Actual Total Time": 567.267,
              "Actual Rows": 1,
              "Actual Loops": 4,
              "Plans": [
                {
                  "Node Type": "Hash Join",
                  "Parent Relationship": "Outer",
                  "Parallel Aware": true,
                  "Join Type": "Inner",
                  "Startup Cost": 50015.47,
                  "Total Cost": 95805.29,
                  "Plan Rows": 912522,
                  "Plan Width": 0,
                  "Actual Startup Time": 294.331,
                  "Actual Total Time": 540.832,
                  "Actual Rows": 649034,
                  "Actual Loops": 4,
                  "Inner Unique": true,
                  "Hash Cond": "(mk.movie_id = t.id)",
                  "Plans": [
                    {
                      "Node Type": "Seq Scan",
                      "Parent Relationship": "Outer",
                      "Parallel Aware": true,
                      "Relation Name": "movie_keyword",
                      "Alias": "mk",
                      "Startup Cost": 0.0,
                      "Total Cost": 42695.65,
                      "Plan Rows": 1178731,
                      "Plan Width": 4,
                      "Actual Startup Time": 0.06,
                      "Actual Total Time": 112.396,
                      "Actual Rows": 910180,
                      "Actual Loops": 4,
                      "Filter": "(keyword_id > 834)",
                      "Rows Removed by Filter": 220803
                    },
                    {
                      "Node Type": "Hash",
                      "Parent Relationship": "Inner",
                      "Parallel Aware": true,
                      "Startup Cost": 43898.92,
                      "Total Cost": 43898.92,
                      "Plan Rows": 489324,
                      "Plan Width": 4,
                      "Actual Startup Time": 286.333,
                      "Actual Total Time": 286.334,
                      "Actual Rows": 486816,
                      "Actual Loops": 4,
                      "Hash Buckets": 2097152,
                      "Original Hash Buckets": 2097152,
                      "Hash Batches": 1,
                      "Original Hash Batches": 1,
                      "Peak Memory Usage": 92640,
                      "Plans": [
                        {
                          "Node Type": "Seq Scan",
                          "Parent Relationship": "Outer",
                          "Parallel Aware": true,
                          "Relation Name": "title",
                          "Alias": "t",
                          "Startup Cost": 0.0,
                          "Total Cost": 43898.92,
                          "Plan Rows": 489324,
                          "Plan Width": 4,
                          "Actual Startup Time": 0.041,
                          "Actual Total Time": 110.028,
                          "Actual Rows": 486816,
                          "Actual Loops": 4,
                          "Filter": "(production_year > 1979)",
                          "Rows Removed by Filter": 145262
                        }
                      ]
                    }
                  ]
                }
              ]
            }
          ]
        }
      ]
    },
    "Planning Time": 0.636,
    "Triggers": [],
    "Execution Time": 601.156
  }
]