[
  {
    "Plan": {
      "Node Type": "Aggregate",
      "Strategy": "Plain",
      "Partial Mode": "Finalize",
      "Parallel Aware": false,
      "Startup Cost": 390674.65,
      "Total Cost": 390674.66,
      "Plan Rows": 1,
      "Plan Width": 8,
      "Actual Startup Time": 1094.887,
      "Actual Total Time": 1130.212,
      "Actual Rows": 1,
      "Actual Loops": 1,
      "Plans": [
        {
          "Node Type": "Gather",
          "Parent Relationship": "Outer",
          "Parallel Aware": false,
          "Startup Cost": 390674.03,
          "Total Cost": 390674.64,
          "Plan Rows": 6,
          "Plan Width": 8,
          "Actual Startup Time": 1079.143,
          "Actual Total Time": 1130.201,
          "Actual Rows": 7,
          "Actual Loops": 1,
          "Workers Planned": 6,
          "Workers Launched": 6,
          "Single Copy": false,
          "Plans": [
            {
              "Node Type": "Aggregate",
              "Strategy": "Plain",
              "Partial Mode": "Partial",
              "Parent Relationship": "Outer",
              "Parallel Aware": false,
              "Startup Cost": 389674.03,
              "Total Cost": 389674.04,
              "Plan Rows": 1,
              "Plan Width": 8,
              "Actual Startup Time": 1063.988,
              "Actual Total Time": 1063.992,
              "Actual Rows": 1,
              "Actual Loops": 7,
              "Plans": [
                {
                  "Node Type": "Hash Join",
                  "Parent Relationship": "Outer",
                  "Parallel Aware": true,
                  "Join Type": "Inner",
                  "Startup Cost": 50240.8,
                  "Total Cost": 386829.54,
                  "Plan Rows": 1137795,
                  "Plan Width": 0,
                  "Actual Startup Time": 191.142,
                  "Actual Total Time": 1031.783,
                  "Actual Rows": 720332,
                  "Actual Loops": 7,
                  "Inner Unique": true,
                  "Hash Cond": "(ci.movie_id = t.id)",
                  "Plans": [
                    {
                      "Node Type": "Index Scan",
                      "Parent Relationship": "Outer",
                      "Parallel Aware": true,
                      "Scan Direction": "Forward",
                      "Index Name": "role_id_cast_info",
                      "Relation Name": "cast_info",
                      "Alias": "ci",
                      "Startup Cost": 0.56,
                      "Total Cost": 331632.96,
                      "Plan Rows": 1888126,
                      "Plan Width": 4,
                      "Actual Startup Time": 0.212,
                      "Actual Total Time": 355.446,
                      "Actual Rows": 1322111,
                      "Actual Loops": 7,
                      "Index Cond": "(role_id > 3)",
                      "Rows Removed by Index Recheck": 0,
                      "Filter": "(person_id < 3522902)",
                      "Rows Removed by Filter": 408410
                    },
                    {
                      "Node Type": "Hash",
                      "Parent Relationship": "Inner",
                      "Parallel Aware": true,
                      "Startup Cost": 45479.1,
                      "Total Cost": 45479.1,
                      "Plan Rows": 380891,
                      "Plan Width": 4,
                      "Actual Startup Time": 186.279,
                      "Actual Total Time": 186.28,
                      "Actual Rows": 215319,
                      "Actual Loops": 7,
                      "Hash Buckets": 2097152,
                      "Original Hash Buckets": 2097152,
                      "Hash Batches": 1,
                      "Original Hash Batches": 1,
                      "Peak Memory Usage": 75520,
                      "Plans": [
                        {
                          "Node Type": "Seq Scan",
                          "Parent Relationship": "Outer",
                          "Parallel Aware": true,
                          "Relation Name": "title",
                          "Alias": "t",
                          "Startup Cost": 0.0,
                          "Total Cost": 45479.1,
                          "Plan Rows": 380891,
                          "Plan Width": 4,
                          "Actual Startup Time": 0.044,
                          "Actual Total Time": 81.794,
                          "Actual Rows": 215319,
                          "Actual Loops": 7,
                          "Filter": "((kind_id > 1) AND (production_year < 2011))",
                          "Rows Removed by Filter": 145868
                        }
                      ]
                    }
                  ]
                }
              ]
            }
          ]
        }
      ]
    },
    "Planning Time": 0.594,
    "Triggers": [],
    "Execution Time": 1130.293
  }
]