[
  {
    "Plan": {
      "Node Type": "Aggregate",
      "Strategy": "Plain",
      "Partial Mode": "Simple",
      "Parallel Aware": false,
      "Startup Cost": 1935.37,
      "Total Cost": 1935.38,
      "Plan Rows": 1,
      "Plan Width": 8,
      "Actual Startup Time": 26.33,
      "Actual Total Time": 26.333,
      "Actual Rows": 1,
      "Actual Loops": 1,
      "Plans": [
        {
          "Node Type": "Nested Loop",
          "Parent Relationship": "Outer",
          "Parallel Aware": false,
          "Join Type": "Inner",
          "Startup Cost": 995.98,
          "Total Cost": 1935.37,
          "Plan Rows": 1,
          "Plan Width": 0,
          "Actual Startup Time": 23.855,
          "Actual Total Time": 26.326,
          "Actual Rows": 3,
          "Actual Loops": 1,
          "Inner Unique": true,
          "Join Filter": "(ci.movie_id = t.id)",
          "Rows Removed by Join Filter": 0,
          "Plans": [
            {
              "Node Type": "Hash Join",
              "Parent Relationship": "Outer",
              "Parallel Aware": false,
              "Join Type": "Inner",
              "Startup Cost": 995.55,
              "Total Cost": 1926.96,
              "Plan Rows": 1,
              "Plan Width": 8,
              "Actual Startup Time": 23.798,
              "Actual Total Time": 26.228,
              "Actual Rows": 3,
              "Actual Loops": 1,
              "Inner Unique": false,
              "Hash Cond": "(mk.movie_id = ci.movie_id)",
              "Plans": [
                {
                  "Node Type": "Bitmap Heap Scan",
                  "Parent Relationship": "Outer",
                  "Parallel Aware": false,
                  "Relation Name": "movie_keyword",
                  "Alias": "mk",
                  "Startup Cost": 6.36,
                  "Total Cost": 926.55,
                  "Plan Rows": 249,
                  "Plan Width": 4,
                  "Actual Startup Time": 21.211,
                  "Actual Total Time": 23.904,
                  "Actual Rows": 1125,
                  "Actual Loops": 1,
                  "Recheck Cond": "(keyword_id = 8190)",
                  "Rows Removed by Index Recheck": 0,
                  "Exact Heap Blocks": 1018,
                  "Lossy Heap Blocks": 0,
                  "Plans": [
                    {
                      "Node Type": "Bitmap Index Scan",
                      "Parent Relationship": "Outer",
                      "Parallel Aware": false,
                      "Index Name": "keyword_id_movie_keyword",
                      "Startup Cost": 0.0,
                      "Total Cost": 6.3,
                      "Plan Rows": 249,
                      "Plan Width": 0,
                      "Actual Startup Time": 20.945,
                      "Actual Total Time": 20.946,
                      "Actual Rows": 1125,
                      "Actual Loops": 1,
                      "Index Cond": "(keyword_id = 8190)"
                    }
                  ]
                },
                {
                  "Node Type": "Hash",
                  "Parent Relationship": "Inner",
                  "Parallel Aware": false,
                  "Startup Cost": 987.07,
                  "Total Cost": 987.07,
                  "Plan Rows": 170,
                  "Plan Width": 4,
                  "Actual Startup Time": 2.061,
                  "Actual Total Time": 2.062,
                  "Actual Rows": 468,
                  "Actual Loops": 1,
                  "Hash Buckets": 1024,
                  "Original Hash Buckets": 1024,
                  "Hash Batches": 1,
                  "Original Hash Batches": 1,
                  "Peak Memory Usage": 25,
                  "Plans": [
                    {
                      "Node Type": "Index Scan",
                      "Parent Relationship": "Outer",
                      "Parallel Aware": false,
                      "Scan Direction": "Forward",
                      "Index Name": "person_id_cast_info",
                      "Relation Name": "cast_info",
                      "Alias": "ci",
                      "Startup Cost": 0.56,
                      "Total Cost": 987.07,
                      "Plan Rows": 170,
                      "Plan Width": 4,
                      "Actual Startup Time": 0.896,
                      "Actual Total Time": 1.935,
                      "Actual Rows": 468,
                      "Actual Loops": 1,
                      "Index Cond": "(person_id = 1232207)",
                      "Rows Removed by Index Recheck": 0,
                      "Filter": "(role_id < 2)",
                      "Rows Removed by Filter": 47
                    }
                  ]
                }
              ]
            },
            {
              "Node Type": "Index Only Scan",
              "Parent Relationship": "Inner",
              "Parallel Aware": false,
              "Scan Direction": "Forward",
              "Index Name": "title_pkey",
              "Relation Name": "title",
              "Alias": "t",
              "Startup Cost": 0.43,
              "Total Cost": 8.4,
              "Plan Rows": 1,
              "Plan Width": 4,
              "Actual Startup Time": 0.03,
              "Actual Total Time": 0.03,
              "Actual Rows": 1,
              "Actual Loops": 3,
              "Index Cond": "(id = mk.movie_id)",
              "Rows Removed by Index Recheck": 0,
              "Heap Fetches": 3
            }
          ]
        }
      ]
    },
    "Planning Time": 0.48,
    "Triggers": [],
    "Execution Time": 26.381
  }
]