[
  {
    "Plan": {
      "Node Type": "Aggregate",
      "Strategy": "Plain",
      "Partial Mode": "Simple",
      "Parallel Aware": false,
      "Startup Cost": 2004.37,
      "Total Cost": 2004.38,
      "Plan Rows": 1,
      "Plan Width": 8,
      "Actual Startup Time": 43.764,
      "Actual Total Time": 43.769,
      "Actual Rows": 1,
      "Actual Loops": 1,
      "Plans": [
        {
          "Node Type": "Nested Loop",
          "Parent Relationship": "Outer",
          "Parallel Aware": false,
          "Join Type": "Inner",
          "Startup Cost": 1068.59,
          "Total Cost": 2004.37,
          "Plan Rows": 1,
          "Plan Width": 0,
          "Actual Startup Time": 40.818,
          "Actual Total Time": 43.759,
          "Actual Rows": 3,
          "Actual Loops": 1,
          "Inner Unique": true,
          "Join Filter": "(ci.movie_id = t.id)",
          "Rows Removed by Join Filter": 0,
          "Plans": [
            {
              "Node Type": "Hash Join",
              "Parent Relationship": "Outer",
              "Parallel Aware": false,
              "Join Type": "Inner",
              "Startup Cost": 1068.16,
              "Total Cost": 1995.96,
              "Plan Rows": 1,
              "Plan Width": 8,
              "Actual Startup Time": 40.785,
              "Actual Total Time": 43.667,
              "Actual Rows": 3,
              "Actual Loops": 1,
              "Inner Unique": false,
              "Hash Cond": "(mk.movie_id = ci.movie_id)",
              "Plans": [
                {
                  "Node Type": "Bitmap Heap Scan",
                  "Parent Relationship": "Outer",
                  "Parallel Aware": false,
                  "Relation Name": "movie_keyword",
                  "Alias": "mk",
                  "Startup Cost": 6.35,
                  "Total Cost": 922.98,
                  "Plan Rows": 248,
                  "Plan Width": 4,
                  "Actual Startup Time": 29.524,
                  "Actual Total Time": 32.645,
                  "Actual Rows": 1125,
                  "Actual Loops": 1,
                  "Recheck Cond": "(keyword_id = 8190)",
                  "Rows Removed by Index Recheck": 0,
                  "Exact Heap Blocks": 1018,
                  "Lossy Heap Blocks": 0,
                  "Plans": [
                    {
                      "Node Type": "Bitmap Index Scan",
                      "Parent Relationship": "Outer",
                      "Parallel Aware": false,
                      "Index Name": "keyword_id_movie_keyword",
                      "Startup Cost": 0.0,
                      "Total Cost": 6.29,
                      "Plan Rows": 248,
                      "Plan Width": 0,
                      "Actual Startup Time": 29.123,
                      "Actual Total Time": 29.124,
                      "Actual Rows": 1125,
                      "Actual Loops": 1,
                      "Index Cond": "(keyword_id = 8190)"
                    }
                  ]
                },
                {
                  "Node Type": "Hash",
                  "Parent Relationship": "Inner",
                  "Parallel Aware": false,
                  "Startup Cost": 1059.67,
                  "Total Cost": 1059.67,
                  "Plan Rows": 171,
                  "Plan Width": 4,
                  "Actual Startup Time": 10.586,
                  "Actual Total Time": 10.587,
                  "Actual Rows": 468,
                  "Actual Loops": 1,
                  "Hash Buckets": 1024,
                  "Original Hash Buckets": 1024,
                  "Hash Batches": 1,
                  "Original Hash Batches": 1,
                  "Peak Memory Usage": 25,
                  "Plans": [
                    {
                      "Node Type": "Index Scan",
                      "Parent Relationship": "Outer",
                      "Parallel Aware": false,
                      "Scan Direction": "Forward",
                      "Index Name": "person_id_cast_info",
                      "Relation Name": "cast_info",
                      "Alias": "ci",
                      "Startup Cost": 0.56,
                      "Total Cost": 1059.67,
                      "Plan Rows": 171,
                      "Plan Width": 4,
                      "Actual Startup Time": 0.547,
                      "Actual Total Time": 10.404,
                      "Actual Rows": 468,
                      "Actual Loops": 1,
                      "Index Cond": "(person_id = 1232207)",
                      "Rows Removed by Index Recheck": 0,
                      "Filter": "(role_id < 2)",
                      "Rows Removed by Filter": 47
                    }
                  ]
                }
              ]
            },
            {
              "Node Type": "Index Only Scan",
              "Parent Relationship": "Inner",
              "Parallel Aware": false,
              "Scan Direction": "Forward",
              "Index Name": "title_pkey",
              "Relation Name": "title",
              "Alias": "t",
              "Startup Cost": 0.43,
              "Total Cost": 8.4,
              "Plan Rows": 1,
              "Plan Width": 4,
              "Actual Startup Time": 0.026,
              "Actual Total Time": 0.026,
              "Actual Rows": 1,
              "Actual Loops": 3,
              "Index Cond": "(id = mk.movie_id)",
              "Rows Removed by Index Recheck": 0,
              "Heap Fetches": 3
            }
          ]
        }
      ]
    },
    "Planning Time": 1.126,
    "Triggers": [],
    "Execution Time": 43.864
  }
]