{
  "Plan": {
    "Node Type": "Aggregate",
    "Strategy": "Plain",
    "Partial Mode": "Finalize",
    "Parallel Aware": false,
    "Startup Cost": 312516.87,
    "Total Cost": 312516.88,
    "Plan Rows": 1,
    "Plan Width": 8,
    "Actual Startup Time": 1768.523,
    "Actual Total Time": 1804.586,
    "Actual Rows": 1,
    "Actual Loops": 1,
    "Plans": [
      {
        "Node Type": "Gather",
        "Parent Relationship": "Outer",
        "Parallel Aware": false,
        "Startup Cost": 312516.76,
        "Total Cost": 312516.87,
        "Plan Rows": 1,
        "Plan Width": 8,
        "Actual Startup Time": 1768.143,
        "Actual Total Time": 1804.576,
        "Actual Rows": 2,
        "Actual Loops": 1,
        "Workers Planned": 1,
        "Workers Launched": 1,
        "Single Copy": false,
        "Plans": [
          {
            "Node Type": "Aggregate",
            "Strategy": "Plain",
            "Partial Mode": "Partial",
            "Parent Relationship": "Outer",
            "Parallel Aware": false,
            "Startup Cost": 311516.76,
            "Total Cost": 311516.77,
            "Plan Rows": 1,
            "Plan Width": 8,
            "Actual Startup Time": 1762.009,
            "Actual Total Time": 1762.014,
            "Actual Rows": 1,
            "Actual Loops": 2,
            "Plans": [
              {
                "Node Type": "Hash Join",
                "Parent Relationship": "Outer",
                "Parallel Aware": true,
                "Join Type": "Inner",
                "Startup Cost": 39033.44,
                "Total Cost": 310816.92,
                "Plan Rows": 279934,
                "Plan Width": 0,
                "Actual Startup Time": 97.291,
                "Actual Total Time": 1742.743,
                "Actual Rows": 376966,
                "Actual Loops": 2,
                "Inner Unique": true,
                "Hash Cond": "(mi.movie_id = t.id)",
                "Plans": [
                  {
                    "Node Type": "Seq Scan",
                    "Parent Relationship": "Outer",
                    "Parallel Aware": true,
                    "Relation Name": "movie_info",
                    "Alias": "mi",
                    "Startup Cost": 0.0,
                    "Total Cost": 248955.74,
                    "Plan Rows": 8696274,
                    "Plan Width": 4,
                    "Actual Startup Time": 0.012,
                    "Actual Total Time": 727.547,
                    "Actual Rows": 7417860,
                    "Actual Loops": 2
                  },
                  {
                    "Node Type": "Hash",
                    "Parent Relationship": "Inner",
                    "Parallel Aware": true,
                    "Startup Cost": 38435.01,
                    "Total Cost": 38435.01,
                    "Plan Rows": 47874,
                    "Plan Width": 4,
                    "Actual Startup Time": 93.934,
                    "Actual Total Time": 93.936,
                    "Actual Rows": 44559,
                    "Actual Loops": 2,
                    "Hash Buckets": 131072,
                    "Original Hash Buckets": 131072,
                    "Hash Batches": 1,
                    "Original Hash Batches": 1,
                    "Peak Memory Usage": 4544,
                    "Plans": [
                      {
                        "Node Type": "Bitmap Heap Scan",
                        "Parent Relationship": "Outer",
                        "Parallel Aware": true,
                        "Relation Name": "title",
                        "Alias": "t",
                        "Startup Cost": 1636.88,
                        "Total Cost": 38435.01,
                        "Plan Rows": 47874,
                        "Plan Width": 4,
                        "Actual Startup Time": 22.157,
                        "Actual Total Time": 80.464,
                        "Actual Rows": 44559,
                        "Actual Loops": 2,
                        "Recheck Cond": "(kind_id = 2)",
                        "Rows Removed by Index Recheck": 0,
                        "Filter": "(production_year > 1954)",
                        "Rows Removed by Filter": 867,
                        "Exact Heap Blocks": 15555,
                        "Lossy Heap Blocks": 0,
                        "Plans": [
                          {
                            "Node Type": "Bitmap Index Scan",
                            "Parent Relationship": "Outer",
                            "Parallel Aware": false,
                            "Index Name": "kind_id_title",
                            "Startup Cost": 0.0,
                            "Total Cost": 1616.54,
                            "Plan Rows": 90681,
                            "Plan Width": 0,
                            "Actual Startup Time": 18.716,
                            "Actual Total Time": 18.716,
                            "Actual Rows": 90852,
                            "Actual Loops": 1,
                            "Index Cond": "(kind_id = 2)"
                          }
                        ]
                      }
                    ]
                  }
                ]
              }
            ]
          }
        ]
      }
    ]
  },
  "Planning Time": 0.429,
  "Triggers": [],
  "Execution Time": 1804.688
}