[
  {
    "Plan": {
      "Node Type": "Aggregate",
      "Strategy": "Plain",
      "Partial Mode": "Simple",
      "Parallel Aware": false,
      "Startup Cost": 3306.14,
      "Total Cost": 3306.15,
      "Plan Rows": 1,
      "Plan Width": 8,
      "Actual Startup Time": 11.171,
      "Actual Total Time": 11.175,
      "Actual Rows": 1,
      "Actual Loops": 1,
      "Plans": [
        {
          "Node Type": "Nested Loop",
          "Parent Relationship": "Outer",
          "Parallel Aware": false,
          "Join Type": "Inner",
          "Startup Cost": 7.35,
          "Total Cost": 3302.84,
          "Plan Rows": 1320,
          "Plan Width": 0,
          "Actual Startup Time": 0.517,
          "Actual Total Time": 10.937,
          "Actual Rows": 1244,
          "Actual Loops": 1,
          "Inner Unique": false,
          "Plans": [
            {
              "Node Type": "Nested Loop",
              "Parent Relationship": "Outer",
              "Parallel Aware": false,
              "Join Type": "Inner",
              "Startup Cost": 6.78,
              "Total Cost": 3007.2,
              "Plan Rows": 92,
              "Plan Width": 8,
              "Actual Startup Time": 0.405,
              "Actual Total Time": 6.399,
              "Actual Rows": 54,
              "Actual Loops": 1,
              "Inner Unique": true,
              "Plans": [
                {
                  "Node Type": "Bitmap Heap Scan",
                  "Parent Relationship": "Outer",
                  "Parallel Aware": false,
                  "Relation Name": "movie_keyword",
                  "Alias": "mk",
                  "Startup Cost": 6.35,
                  "Total Cost": 922.98,
                  "Plan Rows": 248,
                  "Plan Width": 4,
                  "Actual Startup Time": 0.378,
                  "Actual Total Time": 1.891,
                  "Actual Rows": 471,
                  "Actual Loops": 1,
                  "Recheck Cond": "(keyword_id = 8679)",
                  "Rows Removed by Index Recheck": 0,
                  "Exact Heap Blocks": 457,
                  "Lossy Heap Blocks": 0,
                  "Plans": [
                    {
                      "Node Type": "Bitmap Index Scan",
                      "Parent Relationship": "Outer",
                      "Parallel Aware": false,
                      "Index Name": "keyword_id_movie_keyword",
                      "Startup Cost": 0.0,
                      "Total Cost": 6.29,
                      "Plan Rows": 248,
                      "Plan Width": 0,
                      "Actual Startup Time": 0.222,
                      "Actual Total Time": 0.222,
                      "Actual Rows": 471,
                      "Actual Loops": 1,
                      "Index Cond": "(keyword_id = 8679)"
                    }
                  ]
                },
                {
                  "Node Type": "Index Scan",
                  "Parent Relationship": "Inner",
                  "Parallel Aware": false,
                  "Scan Direction": "Forward",
                  "Index Name": "title_pkey",
                  "Relation Name": "title",
                  "Alias": "t",
                  "Startup Cost": 0.43,
                  "Total Cost": 8.4,
                  "Plan Rows": 1,
                  "Plan Width": 4,
                  "Actual Startup Time": 0.009,
                  "Actual Total Time": 0.009,
                  "Actual Rows": 0,
                  "Actual Loops": 471,
                  "Index Cond": "(id = mk.movie_id)",
                  "Rows Removed by Index Recheck": 0,
                  "Filter": "((kind_id > 1) AND (production_year > 2002))",
                  "Rows Removed by Filter": 1
                }
              ]
            },
            {
              "Node Type": "Index Only Scan",
              "Parent Relationship": "Inner",
              "Parallel Aware": false,
              "Scan Direction": "Forward",
              "Index Name": "movie_id_cast_info",
              "Relation Name": "cast_info",
              "Alias": "ci",
              "Startup Cost": 0.56,
              "Total Cost": 2.84,
              "Plan Rows": 37,
              "Plan Width": 4,
              "Actual Startup Time": 0.017,
              "Actual Total Time": 0.077,
              "Actual Rows": 23,
              "Actual Loops": 54,
              "Index Cond": "(movie_id = t.id)",
              "Rows Removed by Index Recheck": 0,
              "Heap Fetches": 1244
            }
          ]
        }
      ]
    },
    "Planning Time": 1.25,
    "Triggers": [],
    "Execution Time": 11.266
  }
]