{
  "Plan": {
    "Node Type": "Aggregate",
    "Strategy": "Plain",
    "Partial Mode": "Finalize",
    "Parallel Aware": false,
    "Startup Cost": 13184.44,
    "Total Cost": 13184.45,
    "Plan Rows": 1,
    "Plan Width": 8,
    "Actual Startup Time": 18.267,
    "Actual Total Time": 20.836,
    "Actual Rows": 1,
    "Actual Loops": 1,
    "Plans": [
      {
        "Node Type": "Gather",
        "Parent Relationship": "Outer",
        "Parallel Aware": false,
        "Startup Cost": 13184.32,
        "Total Cost": 13184.43,
        "Plan Rows": 1,
        "Plan Width": 8,
        "Actual Startup Time": 18.055,
        "Actual Total Time": 20.825,
        "Actual Rows": 2,
        "Actual Loops": 1,
        "Workers Planned": 1,
        "Workers Launched": 1,
        "Single Copy": false,
        "Plans": [
          {
            "Node Type": "Aggregate",
            "Strategy": "Plain",
            "Partial Mode": "Partial",
            "Parent Relationship": "Outer",
            "Parallel Aware": false,
            "Startup Cost": 12184.32,
            "Total Cost": 12184.33,
            "Plan Rows": 1,
            "Plan Width": 8,
            "Actual Startup Time": 11.885,
            "Actual Total Time": 11.887,
            "Actual Rows": 1,
            "Actual Loops": 2,
            "Plans": [
              {
                "Node Type": "Nested Loop",
                "Parent Relationship": "Outer",
                "Parallel Aware": false,
                "Join Type": "Inner",
                "Startup Cost": 54.76,
                "Total Cost": 12184.27,
                "Plan Rows": 21,
                "Plan Width": 0,
                "Actual Startup Time": 4.74,
                "Actual Total Time": 11.871,
                "Actual Rows": 26,
                "Actual Loops": 2,
                "Inner Unique": true,
                "Plans": [
                  {
                    "Node Type": "Bitmap Heap Scan",
                    "Parent Relationship": "Outer",
                    "Parallel Aware": true,
                    "Relation Name": "movie_companies",
                    "Alias": "mc",
                    "Startup Cost": 54.33,
                    "Total Cost": 6641.28,
                    "Plan Rows": 680,
                    "Plan Width": 4,
                    "Actual Startup Time": 1.528,
                    "Actual Total Time": 4.39,
                    "Actual Rows": 724,
                    "Actual Loops": 2,
                    "Recheck Cond": "(company_id = 554)",
                    "Rows Removed by Index Recheck": 0,
                    "Filter": "(company_type_id = 1)",
                    "Rows Removed by Filter": 329,
                    "Exact Heap Blocks": 972,
                    "Lossy Heap Blocks": 0,
                    "Plans": [
                      {
                        "Node Type": "Bitmap Index Scan",
                        "Parent Relationship": "Outer",
                        "Parallel Aware": false,
                        "Index Name": "company_id_movie_companies",
                        "Startup Cost": 0.0,
                        "Total Cost": 54.04,
                        "Plan Rows": 2348,
                        "Plan Width": 0,
                        "Actual Startup Time": 2.36,
                        "Actual Total Time": 2.361,
                        "Actual Rows": 2106,
                        "Actual Loops": 1,
                        "Index Cond": "(company_id = 554)"
                      }
                    ]
                  },
                  {
                    "Node Type": "Index Scan",
                    "Parent Relationship": "Inner",
                    "Parallel Aware": false,
                    "Scan Direction": "Forward",
                    "Index Name": "title_pkey",
                    "Relation Name": "title",
                    "Alias": "t",
                    "Startup Cost": 0.43,
                    "Total Cost": 8.15,
                    "Plan Rows": 1,
                    "Plan Width": 4,
                    "Actual Startup Time": 0.01,
                    "Actual Total Time": 0.01,
                    "Actual Rows": 0,
                    "Actual Loops": 1448,
                    "Index Cond": "(id = mc.movie_id)",
                    "Rows Removed by Index Recheck": 0,
                    "Filter": "((kind_id = 7) AND (production_year = 2007))",
                    "Rows Removed by Filter": 1
                  }
                ]
              }
            ]
          }
        ]
      }
    ]
  },
  "Planning Time": 0.525,
  "Triggers": [],
  "Execution Time": 20.931
}