[
  {
    "Plan": {
      "Node Type": "Aggregate",
      "Strategy": "Plain",
      "Partial Mode": "Finalize",
      "Parallel Aware": false,
      "Startup Cost": 32929.52,
      "Total Cost": 32929.53,
      "Plan Rows": 1,
      "Plan Width": 8,
      "Actual Startup Time": 102.458,
      "Actual Total Time": 110.185,
      "Actual Rows": 1,
      "Actual Loops": 1,
      "Plans": [
        {
          "Node Type": "Gather",
          "Parent Relationship": "Outer",
          "Parallel Aware": false,
          "Startup Cost": 32929.2,
          "Total Cost": 32929.51,
          "Plan Rows": 3,
          "Plan Width": 8,
          "Actual Startup Time": 102.327,
          "Actual Total Time": 110.171,
          "Actual Rows": 4,
          "Actual Loops": 1,
          "Workers Planned": 3,
          "Workers Launched": 3,
          "Single Copy": false,
          "Plans": [
            {
              "Node Type": "Aggregate",
              "Strategy": "Plain",
              "Partial Mode": "Partial",
              "Parent Relationship": "Outer",
              "Parallel Aware": false,
              "Startup Cost": 31929.2,
              "Total Cost": 31929.21,
              "Plan Rows": 1,
              "Plan Width": 8,
              "Actual Startup Time": 93.847,
              "Actual Total Time": 93.848,
              "Actual Rows": 1,
              "Actual Loops": 4,
              "Plans": [
                {
                  "Node Type": "Seq Scan",
                  "Parent Relationship": "Outer",
                  "Parallel Aware": true,
                  "Relation Name": "movie_companies",
                  "Alias": "mc",
                  "Startup Cost": 0.0,
                  "Total Cost": 31414.82,
                  "Plan Rows": 205753,
                  "Plan Width": 0,
                  "Actual Startup Time": 47.868,
                  "Actual Total Time": 85.163,
                  "Actual Rows": 223969,
                  "Actual Loops": 4,
                  "Filter": "((company_id > 11550) AND (company_type_id = 2))",
                  "Rows Removed by Filter": 428313
                }
              ]
            }
          ]
        }
      ]
    },
    "Planning Time": 0.196,
    "Triggers": [],
    "Execution Time": 110.241
  }
]