{
  "Plan": {
    "Node Type": "Aggregate",
    "Strategy": "Plain",
    "Partial Mode": "Finalize",
    "Parallel Aware": false,
    "Startup Cost": 59487.86,
    "Total Cost": 59487.87,
    "Plan Rows": 1,
    "Plan Width": 8,
    "Actual Startup Time": 55.063,
    "Actual Total Time": 59.373,
    "Actual Rows": 1,
    "Actual Loops": 1,
    "Plans": [
      {
        "Node Type": "Gather",
        "Parent Relationship": "Outer",
        "Parallel Aware": false,
        "Startup Cost": 59487.75,
        "Total Cost": 59487.86,
        "Plan Rows": 1,
        "Plan Width": 8,
        "Actual Startup Time": 54.812,
        "Actual Total Time": 59.366,
        "Actual Rows": 2,
        "Actual Loops": 1,
        "Workers Planned": 1,
        "Workers Launched": 1,
        "Single Copy": false,
        "Plans": [
          {
            "Node Type": "Aggregate",
            "Strategy": "Plain",
            "Partial Mode": "Partial",
            "Parent Relationship": "Outer",
            "Parallel Aware": false,
            "Startup Cost": 58487.75,
            "Total Cost": 58487.76,
            "Plan Rows": 1,
            "Plan Width": 8,
            "Actual Startup Time": 50.788,
            "Actual Total Time": 50.791,
            "Actual Rows": 1,
            "Actual Loops": 2,
            "Plans": [
              {
                "Node Type": "Nested Loop",
                "Parent Relationship": "Outer",
                "Parallel Aware": false,
                "Join Type": "Inner",
                "Startup Cost": 1825.26,
                "Total Cost": 58486.39,
                "Plan Rows": 542,
                "Plan Width": 0,
                "Actual Startup Time": 49.312,
                "Actual Total Time": 50.786,
                "Actual Rows": 0,
                "Actual Loops": 2,
                "Inner Unique": false,
                "Join Filter": "(t.id = ci.movie_id)",
                "Rows Removed by Join Filter": 0,
                "Plans": [
                  {
                    "Node Type": "Nested Loop",
                    "Parent Relationship": "Outer",
                    "Parallel Aware": false,
                    "Join Type": "Inner",
                    "Startup Cost": 1824.7,
                    "Total Cost": 56220.72,
                    "Plan Rows": 481,
                    "Plan Width": 8,
                    "Actual Startup Time": 49.3,
                    "Actual Total Time": 50.771,
                    "Actual Rows": 0,
                    "Actual Loops": 2,
                    "Inner Unique": false,
                    "Plans": [
                      {
                        "Node Type": "Bitmap Heap Scan",
                        "Parent Relationship": "Outer",
                        "Parallel Aware": true,
                        "Relation Name": "title",
                        "Alias": "t",
                        "Startup Cost": 1824.27,
                        "Total Cost": 38724.27,
                        "Plan Rows": 2674,
                        "Plan Width": 4,
                        "Actual Startup Time": 49.286,
                        "Actual Total Time": 50.755,
                        "Actual Rows": 0,
                        "Actual Loops": 2,
                        "Recheck Cond": "(kind_id = 3)",
                        "Rows Removed by Index Recheck": 0,
                        "Filter": "(production_year < 1930)",
                        "Rows Removed by Filter": 50268,
                        "Exact Heap Blocks": 11496,
                        "Lossy Heap Blocks": 0,
                        "Plans": [
                          {
                            "Node Type": "Bitmap Index Scan",
                            "Parent Relationship": "Outer",
                            "Parallel Aware": false,
                            "Index Name": "kind_id_title",
                            "Startup Cost": 0.0,
                            "Total Cost": 1823.13,
                            "Plan Rows": 102227,
                            "Plan Width": 0,
                            "Actual Startup Time": 15.948,
                            "Actual Total Time": 15.949,
                            "Actual Rows": 100537,
                            "Actual Loops": 1,
                            "Index Cond": "(kind_id = 3)"
                          }
                        ]
                      },
                      {
                        "Node Type": "Index Scan",
                        "Parent Relationship": "Inner",
                        "Parallel Aware": false,
                        "Scan Direction": "Forward",
                        "Index Name": "movie_id_movie_info_idx",
                        "Relation Name": "movie_info_idx",
                        "Alias": "mi_idx",
                        "Startup Cost": 0.43,
                        "Total Cost": 6.53,
                        "Plan Rows": 1,
                        "Plan Width": 4,
                        "Actual Startup Time": 0.023,
                        "Actual Total Time": 0.024,
                        "Actual Rows": 1,
                        "Actual Loops": 1,
                        "Index Cond": "(movie_id = t.id)",
                        "Rows Removed by Index Recheck": 0,
                        "Filter": "(info_type_id < 100)",
                        "Rows Removed by Filter": 2
                      }
                    ]
                  },
                  {
                    "Node Type": "Index Scan",
                    "Parent Relationship": "Inner",
                    "Parallel Aware": false,
                    "Scan Direction": "Forward",
                    "Index Name": "movie_id_cast_info",
                    "Relation Name": "cast_info",
                    "Alias": "ci",
                    "Startup Cost": 0.56,
                    "Total Cost": 4.67,
                    "Plan Rows": 3,
                    "Plan Width": 4,
                    "Actual Startup Time": 0.021,
                    "Actual Total Time": 0.025,
                    "Actual Rows": 1,
                    "Actual Loops": 1,
                    "Index Cond": "(movie_id = mi_idx.movie_id)",
                    "Rows Removed by Index Recheck": 0,
                    "Filter": "(role_id = 4)",
                    "Rows Removed by Filter": 6
                  }
                ]
              }
            ]
          }
        ]
      }
    ]
  },
  "Planning Time": 0.791,
  "Triggers": [],
  "Execution Time": 59.454
}