[
    {
        "Bao": {
            "Bao prediction": 466.885,
            "Bao recommended hint": "SET enable_mergejoin TO off; SET enable_indexscan TO off; "
        }
    },
    {
        "Plan": {
            "Node Type": "Aggregate",
            "Strategy": "Plain",
            "Partial Mode": "Finalize",
            "Parallel Aware": false,
            "Startup Cost": 347190.49,
            "Total Cost": 347190.5,
            "Plan Rows": 1,
            "Plan Width": 8,
            "Actual Startup Time": 655.375,
            "Actual Total Time": 681.831,
            "Actual Rows": 1,
            "Actual Loops": 1,
            "Output": [
                "count(*)"
            ],
            "Plans": [
                {
                    "Node Type": "Gather",
                    "Parent Relationship": "Outer",
                    "Parallel Aware": false,
                    "Startup Cost": 347189.86,
                    "Total Cost": 347190.47,
                    "Plan Rows": 6,
                    "Plan Width": 8,
                    "Actual Startup Time": 655.244,
                    "Actual Total Time": 681.822,
                    "Actual Rows": 7,
                    "Actual Loops": 1,
                    "Output": [
                        "(PARTIAL count(*))"
                    ],
                    "Workers Planned": 6,
                    "Workers Launched": 6,
                    "Single Copy": false,
                    "Plans": [
                        {
                            "Node Type": "Aggregate",
                            "Strategy": "Plain",
                            "Partial Mode": "Partial",
                            "Parent Relationship": "Outer",
                            "Parallel Aware": false,
                            "Startup Cost": 346189.86,
                            "Total Cost": 346189.88,
                            "Plan Rows": 1,
                            "Plan Width": 8,
                            "Actual Startup Time": 645.833,
                            "Actual Total Time": 645.834,
                            "Actual Rows": 1,
                            "Actual Loops": 7,
                            "Output": [
                                "PARTIAL count(*)"
                            ],
                            "Workers": [
                                {
                                    "Worker Number": 0,
                                    "Actual Startup Time": 643.885,
                                    "Actual Total Time": 643.887,
                                    "Actual Rows": 1,
                                    "Actual Loops": 1
                                },
                                {
                                    "Worker Number": 1,
                                    "Actual Startup Time": 644.142,
                                    "Actual Total Time": 644.143,
                                    "Actual Rows": 1,
                                    "Actual Loops": 1
                                },
                                {
                                    "Worker Number": 2,
                                    "Actual Startup Time": 644.116,
                                    "Actual Total Time": 644.117,
                                    "Actual Rows": 1,
                                    "Actual Loops": 1
                                },
                                {
                                    "Worker Number": 3,
                                    "Actual Startup Time": 644.28,
                                    "Actual Total Time": 644.281,
                                    "Actual Rows": 1,
                                    "Actual Loops": 1
                                },
                                {
                                    "Worker Number": 4,
                                    "Actual Startup Time": 644.788,
                                    "Actual Total Time": 644.789,
                                    "Actual Rows": 1,
                                    "Actual Loops": 1
                                },
                                {
                                    "Worker Number": 5,
                                    "Actual Startup Time": 645.153,
                                    "Actual Total Time": 645.154,
                                    "Actual Rows": 1,
                                    "Actual Loops": 1
                                }
                            ],
                            "Plans": [
                                {
                                    "Node Type": "Seq Scan",
                                    "Parent Relationship": "Outer",
                                    "Parallel Aware": true,
                                    "Relation Name": "cast_info",
                                    "Schema": "public",
                                    "Alias": "ci",
                                    "Startup Cost": 0.0,
                                    "Total Cost": 343318.94,
                                    "Plan Rows": 1148370,
                                    "Plan Width": 0,
                                    "Actual Startup Time": 210.627,
                                    "Actual Total Time": 597.051,
                                    "Actual Rows": 1064568,
                                    "Actual Loops": 7,
                                    "Output": [
                                        "id",
                                        "person_id",
                                        "movie_id",
                                        "person_role_id",
                                        "note",
                                        "nr_order",
                                        "role_id"
                                    ],
                                    "Filter": "((ci.person_id < 3516656) AND (ci.role_id = 2))",
                                    "Rows Removed by Filter": 4113196,
                                    "Workers": [
                                        {
                                            "Worker Number": 0,
                                            "Actual Startup Time": 208.682,
                                            "Actual Total Time": 594.846,
                                            "Actual Rows": 742857,
                                            "Actual Loops": 1
                                        },
                                        {
                                            "Worker Number": 1,
                                            "Actual Startup Time": 208.935,
                                            "Actual Total Time": 595.845,
                                            "Actual Rows": 1082049,
                                            "Actual Loops": 1
                                        },
                                        {
                                            "Worker Number": 2,
                                            "Actual Startup Time": 208.906,
                                            "Actual Total Time": 595.924,
                                            "Actual Rows": 1079354,
                                            "Actual Loops": 1
                                        },
                                        {
                                            "Worker Number": 3,
                                            "Actual Startup Time": 209.078,
                                            "Actual Total Time": 598.012,
                                            "Actual Rows": 1140474,
                                            "Actual Loops": 1
                                        },
                                        {
                                            "Worker Number": 4,
                                            "Actual Startup Time": 209.578,
                                            "Actual Total Time": 596.501,
                                            "Actual Rows": 1079908,
                                            "Actual Loops": 1
                                        },
                                        {
                                            "Worker Number": 5,
                                            "Actual Startup Time": 209.943,
                                            "Actual Total Time": 596.867,
                                            "Actual Rows": 1079839,
                                            "Actual Loops": 1
                                        }
                                    ]
                                }
                            ]
                        }
                    ]
                }
            ]
        },
        "Planning Time": 749.444,
        "Triggers": [],
        "Execution Time": 681.925
    }
]