[
  {
    "Plan": {
      "Node Type": "Aggregate",
      "Strategy": "Plain",
      "Partial Mode": "Finalize",
      "Parallel Aware": false,
      "Startup Cost": 44323.33,
      "Total Cost": 44323.34,
      "Plan Rows": 1,
      "Plan Width": 8,
      "Actual Startup Time": 129.445,
      "Actual Total Time": 137.315,
      "Actual Rows": 1,
      "Actual Loops": 1,
      "Plans": [
        {
          "Node Type": "Gather",
          "Parent Relationship": "Outer",
          "Parallel Aware": false,
          "Startup Cost": 44323.01,
          "Total Cost": 44323.32,
          "Plan Rows": 3,
          "Plan Width": 8,
          "Actual Startup Time": 129.335,
          "Actual Total Time": 137.307,
          "Actual Rows": 4,
          "Actual Loops": 1,
          "Workers Planned": 3,
          "Workers Launched": 3,
          "Single Copy": false,
          "Plans": [
            {
              "Node Type": "Aggregate",
              "Strategy": "Plain",
              "Partial Mode": "Partial",
              "Parent Relationship": "Outer",
              "Parallel Aware": false,
              "Startup Cost": 43323.01,
              "Total Cost": 43323.02,
              "Plan Rows": 1,
              "Plan Width": 8,
              "Actual Startup Time": 121.12,
              "Actual Total Time": 121.121,
              "Actual Rows": 1,
              "Actual Loops": 4,
              "Plans": [
                {
                  "Node Type": "Seq Scan",
                  "Parent Relationship": "Outer",
                  "Parallel Aware": true,
                  "Relation Name": "movie_keyword",
                  "Alias": "mk",
                  "Startup Cost": 0.0,
                  "Total Cost": 42695.65,
                  "Plan Rows": 250942,
                  "Plan Width": 0,
                  "Actual Startup Time": 0.063,
                  "Actual Total Time": 109.541,
                  "Actual Rows": 197848,
                  "Actual Loops": 4,
                  "Filter": "(keyword_id < 763)",
                  "Rows Removed by Filter": 933134
                }
              ]
            }
          ]
        }
      ]
    },
    "Planning Time": 0.15,
    "Triggers": [],
    "Execution Time": 137.367
  }
]