[
  {
    "Plan": {
      "Node Type": "Aggregate",
      "Strategy": "Plain",
      "Partial Mode": "Finalize",
      "Parallel Aware": false,
      "Startup Cost": 345688.49,
      "Total Cost": 345688.5,
      "Plan Rows": 1,
      "Plan Width": 8,
      "Actual Startup Time": 642.815,
      "Actual Total Time": 688.955,
      "Actual Rows": 1,
      "Actual Loops": 1,
      "Plans": [
        {
          "Node Type": "Gather",
          "Parent Relationship": "Outer",
          "Parallel Aware": false,
          "Startup Cost": 345687.86,
          "Total Cost": 345688.47,
          "Plan Rows": 6,
          "Plan Width": 8,
          "Actual Startup Time": 642.638,
          "Actual Total Time": 688.937,
          "Actual Rows": 7,
          "Actual Loops": 1,
          "Workers Planned": 6,
          "Workers Launched": 6,
          "Single Copy": false,
          "Plans": [
            {
              "Node Type": "Aggregate",
              "Strategy": "Plain",
              "Partial Mode": "Partial",
              "Parent Relationship": "Outer",
              "Parallel Aware": false,
              "Startup Cost": 344687.86,
              "Total Cost": 344687.88,
              "Plan Rows": 1,
              "Plan Width": 8,
              "Actual Startup Time": 634.265,
              "Actual Total Time": 634.267,
              "Actual Rows": 1,
              "Actual Loops": 7,
              "Plans": [
                {
                  "Node Type": "Seq Scan",
                  "Parent Relationship": "Outer",
                  "Parallel Aware": true,
                  "Relation Name": "cast_info",
                  "Alias": "ci",
                  "Startup Cost": 0.0,
                  "Total Cost": 343316.27,
                  "Plan Rows": 548638,
                  "Plan Width": 0,
                  "Actual Startup Time": 345.669,
                  "Actual Total Time": 618.515,
                  "Actual Rows": 301474,
                  "Actual Loops": 7,
                  "Filter": "((person_id < 734946) AND (role_id > 2))",
                  "Rows Removed by Filter": 4876289
                }
              ]
            }
          ]
        }
      ]
    },
    "Planning Time": 0.121,
    "Triggers": [],
    "Execution Time": 689.011
  }
]