[
  {
    "Plan": {
      "Node Type": "Aggregate",
      "Strategy": "Plain",
      "Partial Mode": "Finalize",
      "Parallel Aware": false,
      "Startup Cost": 41515.65,
      "Total Cost": 41515.66,
      "Plan Rows": 1,
      "Plan Width": 8,
      "Actual Startup Time": 81.621,
      "Actual Total Time": 90.043,
      "Actual Rows": 1,
      "Actual Loops": 1,
      "Plans": [
        {
          "Node Type": "Gather",
          "Parent Relationship": "Outer",
          "Parallel Aware": false,
          "Startup Cost": 41515.23,
          "Total Cost": 41515.64,
          "Plan Rows": 4,
          "Plan Width": 8,
          "Actual Startup Time": 80.726,
          "Actual Total Time": 90.035,
          "Actual Rows": 5,
          "Actual Loops": 1,
          "Workers Planned": 4,
          "Workers Launched": 4,
          "Single Copy": false,
          "Plans": [
            {
              "Node Type": "Aggregate",
              "Strategy": "Plain",
              "Partial Mode": "Partial",
              "Parent Relationship": "Outer",
              "Parallel Aware": false,
              "Startup Cost": 40515.23,
              "Total Cost": 40515.24,
              "Plan Rows": 1,
              "Plan Width": 8,
              "Actual Startup Time": 70.161,
              "Actual Total Time": 70.163,
              "Actual Rows": 1,
              "Actual Loops": 5,
              "Plans": [
                {
                  "Node Type": "Nested Loop",
                  "Parent Relationship": "Outer",
                  "Parallel Aware": false,
                  "Join Type": "Inner",
                  "Startup Cost": 1617.65,
                  "Total Cost": 40511.01,
                  "Plan Rows": 1687,
                  "Plan Width": 0,
                  "Actual Startup Time": 21.689,
                  "Actual Total Time": 69.815,
                  "Actual Rows": 3696,
                  "Actual Loops": 5,
                  "Inner Unique": false,
                  "Join Filter": "(t.id = ci.movie_id)",
                  "Rows Removed by Join Filter": 0,
                  "Plans": [
                    {
                      "Node Type": "Nested Loop",
                      "Parent Relationship": "Outer",
                      "Parallel Aware": false,
                      "Join Type": "Inner",
                      "Startup Cost": 1617.08,
                      "Total Cost": 40244.12,
                      "Plan Rows": 118,
                      "Plan Width": 8,
                      "Actual Startup Time": 20.685,
                      "Actual Total Time": 55.43,
                      "Actual Rows": 282,
                      "Actual Loops": 5,
                      "Inner Unique": false,
                      "Plans": [
                        {
                          "Node Type": "Bitmap Heap Scan",
                          "Parent Relationship": "Outer",
                          "Parallel Aware": true,
                          "Relation Name": "title",
                          "Alias": "t",
                          "Startup Cost": 1616.65,
                          "Total Cost": 37954.71,
                          "Plan Rows": 114,
                          "Plan Width": 4,
                          "Actual Startup Time": 19.982,
                          "Actual Total Time": 51.97,
                          "Actual Rows": 152,
                          "Actual Loops": 5,
                          "Recheck Cond": "(kind_id = 2)",
                          "Rows Removed by Index Recheck": 0,
                          "Filter": "(production_year = 1980)",
                          "Rows Removed by Filter": 18019,
                          "Exact Heap Blocks": 13749,
                          "Lossy Heap Blocks": 0,
                          "Plans": [
                            {
                              "Node Type": "Bitmap Index Scan",
                              "Parent Relationship": "Outer",
                              "Parallel Aware": false,
                              "Index Name": "kind_id_title",
                              "Startup Cost": 0.0,
                              "Total Cost": 1616.54,
                              "Plan Rows": 90681,
                              "Plan Width": 0,
                              "Actual Startup Time": 21.034,
                              "Actual Total Time": 21.035,
                              "Actual Rows": 90852,
                              "Actual Loops": 1,
                              "Index Cond": "(kind_id = 2)"
                            }
                          ]
                        },
                        {
                          "Node Type": "Index Only Scan",
                          "Parent Relationship": "Inner",
                          "Parallel Aware": false,
                          "Scan Direction": "Forward",
                          "Index Name": "movie_id_movie_companies",
                          "Relation Name": "movie_companies",
                          "Alias": "mc",
                          "Startup Cost": 0.43,
                          "Total Cost": 20.03,
                          "Plan Rows": 5,
                          "Plan Width": 4,
                          "Actual Startup Time": 0.019,
                          "Actual Total Time": 0.022,
                          "Actual Rows": 2,
                          "Actual Loops": 759,
                          "Index Cond": "(movie_id = t.id)",
                          "Rows Removed by Index Recheck": 0,
                          "Heap Fetches": 1408
                        }
                      ]
                    },
                    {
                      "Node Type": "Index Only Scan",
                      "Parent Relationship": "Inner",
                      "Parallel Aware": false,
                      "Scan Direction": "Forward",
                      "Index Name": "movie_id_cast_info",
                      "Relation Name": "cast_info",
                      "Alias": "ci",
                      "Startup Cost": 0.56,
                      "Total Cost": 1.8,
                      "Plan Rows": 37,
                      "Plan Width": 4,
                      "Actual Startup Time": 0.014,
                      "Actual Total Time": 0.049,
                      "Actual Rows": 13,
                      "Actual Loops": 1408,
                      "Index Cond": "(movie_id = mc.movie_id)",
                      "Rows Removed by Index Recheck": 0,
                      "Heap Fetches": 18479
                    }
                  ]
                }
              ]
            }
          ]
        }
      ]
    },
    "Planning Time": 1.315,
    "Triggers": [],
    "Execution Time": 90.154
  }
]