[
    {
        "Bao": {
            "Bao prediction": "NaN",
            "Bao recommended hint": "(no hint)"
        }
    },
    {
        "Plan": {
            "Node Type": "Aggregate",
            "Strategy": "Plain",
            "Partial Mode": "Finalize",
            "Parallel Aware": false,
            "Startup Cost": 33400.81,
            "Total Cost": 33400.82,
            "Plan Rows": 1,
            "Plan Width": 8,
            "Actual Startup Time": 102.198,
            "Actual Total Time": 108.586,
            "Actual Rows": 1,
            "Actual Loops": 1,
            "Output": [
                "count(*)"
            ],
            "Plans": [
                {
                    "Node Type": "Gather",
                    "Parent Relationship": "Outer",
                    "Parallel Aware": false,
                    "Startup Cost": 33400.5,
                    "Total Cost": 33400.81,
                    "Plan Rows": 3,
                    "Plan Width": 8,
                    "Actual Startup Time": 102.123,
                    "Actual Total Time": 108.578,
                    "Actual Rows": 4,
                    "Actual Loops": 1,
                    "Output": [
                        "(PARTIAL count(*))"
                    ],
                    "Workers Planned": 3,
                    "Workers Launched": 3,
                    "Single Copy": false,
                    "Plans": [
                        {
                            "Node Type": "Aggregate",
                            "Strategy": "Plain",
                            "Partial Mode": "Partial",
                            "Parent Relationship": "Outer",
                            "Parallel Aware": false,
                            "Startup Cost": 32400.5,
                            "Total Cost": 32400.51,
                            "Plan Rows": 1,
                            "Plan Width": 8,
                            "Actual Startup Time": 93.874,
                            "Actual Total Time": 93.875,
                            "Actual Rows": 1,
                            "Actual Loops": 4,
                            "Output": [
                                "PARTIAL count(*)"
                            ],
                            "Workers": [
                                {
                                    "Worker Number": 0,
                                    "Actual Startup Time": 90.87,
                                    "Actual Total Time": 90.872,
                                    "Actual Rows": 1,
                                    "Actual Loops": 1
                                },
                                {
                                    "Worker Number": 1,
                                    "Actual Startup Time": 91.361,
                                    "Actual Total Time": 91.362,
                                    "Actual Rows": 1,
                                    "Actual Loops": 1
                                },
                                {
                                    "Worker Number": 2,
                                    "Actual Startup Time": 91.663,
                                    "Actual Total Time": 91.663,
                                    "Actual Rows": 1,
                                    "Actual Loops": 1
                                }
                            ],
                            "Plans": [
                                {
                                    "Node Type": "Seq Scan",
                                    "Parent Relationship": "Outer",
                                    "Parallel Aware": true,
                                    "Relation Name": "movie_companies",
                                    "Schema": "public",
                                    "Alias": "mc",
                                    "Startup Cost": 0.0,
                                    "Total Cost": 31414.82,
                                    "Plan Rows": 394271,
                                    "Plan Width": 0,
                                    "Actual Startup Time": 48.039,
                                    "Actual Total Time": 82.677,
                                    "Actual Rows": 279719,
                                    "Actual Loops": 4,
                                    "Output": [
                                        "id",
                                        "movie_id",
                                        "company_id",
                                        "company_type_id",
                                        "note"
                                    ],
                                    "Filter": "((mc.company_id < 109012) AND (mc.company_type_id > 1))",
                                    "Rows Removed by Filter": 372563,
                                    "Workers": [
                                        {
                                            "Worker Number": 0,
                                            "Actual Startup Time": 45.039,
                                            "Actual Total Time": 79.933,
                                            "Actual Rows": 270255,
                                            "Actual Loops": 1
                                        },
                                        {
                                            "Worker Number": 1,
                                            "Actual Startup Time": 45.535,
                                            "Actual Total Time": 80.351,
                                            "Actual Rows": 265035,
                                            "Actual Loops": 1
                                        },
                                        {
                                            "Worker Number": 2,
                                            "Actual Startup Time": 45.823,
                                            "Actual Total Time": 80.603,
                                            "Actual Rows": 265717,
                                            "Actual Loops": 1
                                        }
                                    ]
                                }
                            ]
                        }
                    ]
                }
            ]
        },
        "Planning Time": 180.146,
        "Triggers": [],
        "Execution Time": 108.666
    }
]