[
    {
        "Bao": {
            "Bao prediction": "NaN",
            "Bao recommended hint": "(no hint)"
        }
    },
    {
        "Plan": {
            "Node Type": "Aggregate",
            "Strategy": "Plain",
            "Partial Mode": "Finalize",
            "Parallel Aware": false,
            "Startup Cost": 33200.23,
            "Total Cost": 33200.24,
            "Plan Rows": 1,
            "Plan Width": 8,
            "Actual Startup Time": 99.235,
            "Actual Total Time": 103.621,
            "Actual Rows": 1,
            "Actual Loops": 1,
            "Output": [
                "count(*)"
            ],
            "Plans": [
                {
                    "Node Type": "Gather",
                    "Parent Relationship": "Outer",
                    "Parallel Aware": false,
                    "Startup Cost": 33199.91,
                    "Total Cost": 33200.22,
                    "Plan Rows": 3,
                    "Plan Width": 8,
                    "Actual Startup Time": 99.154,
                    "Actual Total Time": 103.612,
                    "Actual Rows": 4,
                    "Actual Loops": 1,
                    "Output": [
                        "(PARTIAL count(*))"
                    ],
                    "Workers Planned": 3,
                    "Workers Launched": 3,
                    "Single Copy": false,
                    "Plans": [
                        {
                            "Node Type": "Aggregate",
                            "Strategy": "Plain",
                            "Partial Mode": "Partial",
                            "Parent Relationship": "Outer",
                            "Parallel Aware": false,
                            "Startup Cost": 32199.91,
                            "Total Cost": 32199.92,
                            "Plan Rows": 1,
                            "Plan Width": 8,
                            "Actual Startup Time": 90.805,
                            "Actual Total Time": 90.807,
                            "Actual Rows": 1,
                            "Actual Loops": 4,
                            "Output": [
                                "PARTIAL count(*)"
                            ],
                            "Workers": [
                                {
                                    "Worker Number": 0,
                                    "Actual Startup Time": 88.025,
                                    "Actual Total Time": 88.026,
                                    "Actual Rows": 1,
                                    "Actual Loops": 1
                                },
                                {
                                    "Worker Number": 1,
                                    "Actual Startup Time": 88.34,
                                    "Actual Total Time": 88.342,
                                    "Actual Rows": 1,
                                    "Actual Loops": 1
                                },
                                {
                                    "Worker Number": 2,
                                    "Actual Startup Time": 88.336,
                                    "Actual Total Time": 88.338,
                                    "Actual Rows": 1,
                                    "Actual Loops": 1
                                }
                            ],
                            "Plans": [
                                {
                                    "Node Type": "Seq Scan",
                                    "Parent Relationship": "Outer",
                                    "Parallel Aware": true,
                                    "Relation Name": "movie_companies",
                                    "Schema": "public",
                                    "Alias": "mc",
                                    "Startup Cost": 0.0,
                                    "Total Cost": 31414.82,
                                    "Plan Rows": 314036,
                                    "Plan Width": 0,
                                    "Actual Startup Time": 45.623,
                                    "Actual Total Time": 82.3,
                                    "Actual Rows": 167334,
                                    "Actual Loops": 4,
                                    "Output": [
                                        "id",
                                        "movie_id",
                                        "company_id",
                                        "company_type_id",
                                        "note"
                                    ],
                                    "Filter": "((mc.company_id < 45697) AND (mc.company_type_id = 2))",
                                    "Rows Removed by Filter": 484948,
                                    "Workers": [
                                        {
                                            "Worker Number": 0,
                                            "Actual Startup Time": 42.843,
                                            "Actual Total Time": 79.862,
                                            "Actual Rows": 122610,
                                            "Actual Loops": 1
                                        },
                                        {
                                            "Worker Number": 1,
                                            "Actual Startup Time": 43.162,
                                            "Actual Total Time": 79.953,
                                            "Actual Rows": 198963,
                                            "Actual Loops": 1
                                        },
                                        {
                                            "Worker Number": 2,
                                            "Actual Startup Time": 43.158,
                                            "Actual Total Time": 79.964,
                                            "Actual Rows": 198831,
                                            "Actual Loops": 1
                                        }
                                    ]
                                }
                            ]
                        }
                    ]
                }
            ]
        },
        "Planning Time": 185.88,
        "Triggers": [],
        "Execution Time": 103.708
    }
]