{
    "Plan": {
        "Node Type": "Aggregate",
        "Strategy": "Plain",
        "Partial Mode": "Finalize",
        "Parallel Aware": false,
        "Startup Cost": 320832.14,
        "Total Cost": 320832.15,
        "Plan Rows": 1,
        "Plan Width": 8,
        "Actual Startup Time": 2072.753,
        "Actual Total Time": 2164.906,
        "Actual Rows": 1,
        "Actual Loops": 1,
        "Output": [
            "count(*)"
        ],
        "Plans": [
            {
                "Node Type": "Gather",
                "Parent Relationship": "Outer",
                "Parallel Aware": false,
                "Startup Cost": 320831.62,
                "Total Cost": 320832.13,
                "Plan Rows": 5,
                "Plan Width": 8,
                "Actual Startup Time": 2071.913,
                "Actual Total Time": 2164.895,
                "Actual Rows": 6,
                "Actual Loops": 1,
                "Output": [
                    "(PARTIAL count(*))"
                ],
                "Workers Planned": 5,
                "Workers Launched": 5,
                "Single Copy": false,
                "Plans": [
                    {
                        "Node Type": "Aggregate",
                        "Strategy": "Plain",
                        "Partial Mode": "Partial",
                        "Parent Relationship": "Outer",
                        "Parallel Aware": false,
                        "Startup Cost": 319831.62,
                        "Total Cost": 319831.63,
                        "Plan Rows": 1,
                        "Plan Width": 8,
                        "Actual Startup Time": 2061.173,
                        "Actual Total Time": 2061.176,
                        "Actual Rows": 1,
                        "Actual Loops": 6,
                        "Output": [
                            "PARTIAL count(*)"
                        ],
                        "Workers": [
                            {
                                "Worker Number": 0,
                                "Actual Startup Time": 2058.856,
                                "Actual Total Time": 2058.859,
                                "Actual Rows": 1,
                                "Actual Loops": 1
                            },
                            {
                                "Worker Number": 1,
                                "Actual Startup Time": 2059.539,
                                "Actual Total Time": 2059.542,
                                "Actual Rows": 1,
                                "Actual Loops": 1
                            },
                            {
                                "Worker Number": 2,
                                "Actual Startup Time": 2059.07,
                                "Actual Total Time": 2059.073,
                                "Actual Rows": 1,
                                "Actual Loops": 1
                            },
                            {
                                "Worker Number": 3,
                                "Actual Startup Time": 2058.625,
                                "Actual Total Time": 2058.629,
                                "Actual Rows": 1,
                                "Actual Loops": 1
                            },
                            {
                                "Worker Number": 4,
                                "Actual Startup Time": 2059.873,
                                "Actual Total Time": 2059.877,
                                "Actual Rows": 1,
                                "Actual Loops": 1
                            }
                        ],
                        "Plans": [
                            {
                                "Node Type": "Nested Loop",
                                "Parent Relationship": "Outer",
                                "Parallel Aware": false,
                                "Join Type": "Inner",
                                "Startup Cost": 44010.71,
                                "Total Cost": 318343.59,
                                "Plan Rows": 595212,
                                "Plan Width": 0,
                                "Actual Startup Time": 77.556,
                                "Actual Total Time": 1995.346,
                                "Actual Rows": 1460611,
                                "Actual Loops": 6,
                                "Inner Unique": false,
                                "Join Filter": "(t.id = ci.movie_id)",
                                "Rows Removed by Join Filter": 0,
                                "Workers": [
                                    {
                                        "Worker Number": 0,
                                        "Actual Startup Time": 75.549,
                                        "Actual Total Time": 1987.694,
                                        "Actual Rows": 1066985,
                                        "Actual Loops": 1
                                    },
                                    {
                                        "Worker Number": 1,
                                        "Actual Startup Time": 75.821,
                                        "Actual Total Time": 1994.099,
                                        "Actual Rows": 1567910,
                                        "Actual Loops": 1
                                    },
                                    {
                                        "Worker Number": 2,
                                        "Actual Startup Time": 75.671,
                                        "Actual Total Time": 1996.304,
                                        "Actual Rows": 1429054,
                                        "Actual Loops": 1
                                    },
                                    {
                                        "Worker Number": 3,
                                        "Actual Startup Time": 74.952,
                                        "Actual Total Time": 1997.499,
                                        "Actual Rows": 1386096,
                                        "Actual Loops": 1
                                    },
                                    {
                                        "Worker Number": 4,
                                        "Actual Startup Time": 76.22,
                                        "Actual Total Time": 1995.138,
                                        "Actual Rows": 1551785,
                                        "Actual Loops": 1
                                    }
                                ],
                                "Plans": [
                                    {
                                        "Node Type": "Hash Join",
                                        "Parent Relationship": "Outer",
                                        "Parallel Aware": true,
                                        "Join Type": "Inner",
                                        "Startup Cost": 44010.14,
                                        "Total Cost": 243259.77,
                                        "Plan Rows": 41511,
                                        "Plan Width": 8,
                                        "Actual Startup Time": 77.442,
                                        "Actual Total Time": 594.751,
                                        "Actual Rows": 34918,
                                        "Actual Loops": 6,
                                        "Output": [
                                            "t.id",
                                            "mi.movie_id"
                                        ],
                                        "Inner Unique": true,
                                        "Hash Cond": "(mi.movie_id = t.id)",
                                        "Workers": [
                                            {
                                                "Worker Number": 0,
                                                "Actual Startup Time": 75.426,
                                                "Actual Total Time": 585.797,
                                                "Actual Rows": 24858,
                                                "Actual Loops": 1
                                            },
                                            {
                                                "Worker Number": 1,
                                                "Actual Startup Time": 75.723,
                                                "Actual Total Time": 598.093,
                                                "Actual Rows": 36787,
                                                "Actual Loops": 1
                                            },
                                            {
                                                "Worker Number": 2,
                                                "Actual Startup Time": 75.499,
                                                "Actual Total Time": 574.608,
                                                "Actual Rows": 33172,
                                                "Actual Loops": 1
                                            },
                                            {
                                                "Worker Number": 3,
                                                "Actual Startup Time": 74.815,
                                                "Actual Total Time": 579.448,
                                                "Actual Rows": 32578,
                                                "Actual Loops": 1
                                            },
                                            {
                                                "Worker Number": 4,
                                                "Actual Startup Time": 76.1,
                                                "Actual Total Time": 598.205,
                                                "Actual Rows": 36663,
                                                "Actual Loops": 1
                                            }
                                        ],
                                        "Plans": [
                                            {
                                                "Node Type": "Seq Scan",
                                                "Parent Relationship": "Outer",
                                                "Parallel Aware": true,
                                                "Relation Name": "movie_info",
                                                "Schema": "public",
                                                "Alias": "mi",
                                                "Startup Cost": 0.0,
                                                "Total Cost": 191503.19,
                                                "Plan Rows": 2951019,
                                                "Plan Width": 4,
                                                "Actual Startup Time": 0.031,
                                                "Actual Total Time": 257.424,
                                                "Actual Rows": 2472620,
                                                "Actual Loops": 6,
                                                "Output": [
                                                    "mi.id",
                                                    "mi.movie_id",
                                                    "mi.info_type_id",
                                                    "mi.info",
                                                    "mi.note"
                                                ],
                                                "Workers": [
                                                    {
                                                        "Worker Number": 0,
                                                        "Actual Startup Time": 0.044,
                                                        "Actual Total Time": 256.664,
                                                        "Actual Rows": 1754288,
                                                        "Actual Loops": 1
                                                    },
                                                    {
                                                        "Worker Number": 1,
                                                        "Actual Startup Time": 0.035,
                                                        "Actual Total Time": 264.531,
                                                        "Actual Rows": 2624756,
                                                        "Actual Loops": 1
                                                    },
                                                    {
                                                        "Worker Number": 2,
                                                        "Actual Startup Time": 0.033,
                                                        "Actual Total Time": 255.26,
                                                        "Actual Rows": 2307262,
                                                        "Actual Loops": 1
                                                    },
                                                    {
                                                        "Worker Number": 3,
                                                        "Actual Startup Time": 0.033,
                                                        "Actual Total Time": 256.618,
                                                        "Actual Rows": 2328101,
                                                        "Actual Loops": 1
                                                    },
                                                    {
                                                        "Worker Number": 4,
                                                        "Actual Startup Time": 0.035,
                                                        "Actual Total Time": 264.195,
                                                        "Actual Rows": 2574508,
                                                        "Actual Loops": 1
                                                    }
                                                ]
                                            },
                                            {
                                                "Node Type": "Hash",
                                                "Parent Relationship": "Inner",
                                                "Parallel Aware": true,
                                                "Startup Cost": 43899.01,
                                                "Total Cost": 43899.01,
                                                "Plan Rows": 8891,
                                                "Plan Width": 4,
                                                "Actual Startup Time": 75.695,
                                                "Actual Total Time": 75.696,
                                                "Actual Rows": 6085,
                                                "Actual Loops": 6,
                                                "Output": [
                                                    "t.id"
                                                ],
                                                "Hash Buckets": 65536,
                                                "Original Hash Buckets": 65536,
                                                "Hash Batches": 1,
                                                "Original Hash Batches": 1,
                                                "Peak Memory Usage": 2048,
                                                "Workers": [
                                                    {
                                                        "Worker Number": 0,
                                                        "Actual Startup Time": 74.12,
                                                        "Actual Total Time": 74.121,
                                                        "Actual Rows": 4227,
                                                        "Actual Loops": 1
                                                    },
                                                    {
                                                        "Worker Number": 1,
                                                        "Actual Startup Time": 74.421,
                                                        "Actual Total Time": 74.422,
                                                        "Actual Rows": 5713,
                                                        "Actual Loops": 1
                                                    },
                                                    {
                                                        "Worker Number": 2,
                                                        "Actual Startup Time": 74.124,
                                                        "Actual Total Time": 74.125,
                                                        "Actual Rows": 5276,
                                                        "Actual Loops": 1
                                                    },
                                                    {
                                                        "Worker Number": 3,
                                                        "Actual Startup Time": 74.13,
                                                        "Actual Total Time": 74.131,
                                                        "Actual Rows": 5399,
                                                        "Actual Loops": 1
                                                    },
                                                    {
                                                        "Worker Number": 4,
                                                        "Actual Startup Time": 75.366,
                                                        "Actual Total Time": 75.367,
                                                        "Actual Rows": 5800,
                                                        "Actual Loops": 1
                                                    }
                                                ],
                                                "Plans": [
                                                    {
                                                        "Node Type": "Seq Scan",
                                                        "Parent Relationship": "Outer",
                                                        "Parallel Aware": true,
                                                        "Relation Name": "title",
                                                        "Schema": "public",
                                                        "Alias": "t",
                                                        "Startup Cost": 0.0,
                                                        "Total Cost": 43899.01,
                                                        "Plan Rows": 8891,
                                                        "Plan Width": 4,
                                                        "Actual Startup Time": 0.14,
                                                        "Actual Total Time": 72.129,
                                                        "Actual Rows": 6085,
                                                        "Actual Loops": 6,
                                                        "Output": [
                                                            "t.id"
                                                        ],
                                                        "Filter": "(t.production_year = 1996)",
                                                        "Rows Removed by Filter": 415300,
                                                        "Workers": [
                                                            {
                                                                "Worker Number": 0,
                                                                "Actual Startup Time": 0.081,
                                                                "Actual Total Time": 70.509,
                                                                "Actual Rows": 4227,
                                                                "Actual Loops": 1
                                                            },
                                                            {
                                                                "Worker Number": 1,
                                                                "Actual Startup Time": 0.354,
                                                                "Actual Total Time": 71.109,
                                                                "Actual Rows": 5713,
                                                                "Actual Loops": 1
                                                            },
                                                            {
                                                                "Worker Number": 2,
                                                                "Actual Startup Time": 0.073,
                                                                "Actual Total Time": 70.175,
                                                                "Actual Rows": 5276,
                                                                "Actual Loops": 1
                                                            },
                                                            {
                                                                "Worker Number": 3,
                                                                "Actual Startup Time": 0.214,
                                                                "Actual Total Time": 70.772,
                                                                "Actual Rows": 5399,
                                                                "Actual Loops": 1
                                                            },
                                                            {
                                                                "Worker Number": 4,
                                                                "Actual Startup Time": 0.066,
                                                                "Actual Total Time": 71.95,
                                                                "Actual Rows": 5800,
                                                                "Actual Loops": 1
                                                            }
                                                        ]
                                                    }
                                                ]
                                            }
                                        ]
                                    },
                                    {
                                        "Node Type": "Index Only Scan",
                                        "Parent Relationship": "Inner",
                                        "Parallel Aware": false,
                                        "Scan Direction": "Forward",
                                        "Index Name": "movie_id_cast_info",
                                        "Relation Name": "cast_info",
                                        "Schema": "public",
                                        "Alias": "ci",
                                        "Startup Cost": 0.56,
                                        "Total Cost": 1.33,
                                        "Plan Rows": 38,
                                        "Plan Width": 4,
                                        "Actual Startup Time": 0.006,
                                        "Actual Total Time": 0.036,
                                        "Actual Rows": 42,
                                        "Actual Loops": 209507,
                                        "Output": [
                                            "ci.movie_id"
                                        ],
                                        "Index Cond": "(ci.movie_id = mi.movie_id)",
                                        "Rows Removed by Index Recheck": 0,
                                        "Heap Fetches": 8763666,
                                        "Workers": [
                                            {
                                                "Worker Number": 0,
                                                "Actual Startup Time": 0.009,
                                                "Actual Total Time": 0.05,
                                                "Actual Rows": 43,
                                                "Actual Loops": 24858
                                            },
                                            {
                                                "Worker Number": 1,
                                                "Actual Startup Time": 0.006,
                                                "Actual Total Time": 0.034,
                                                "Actual Rows": 43,
                                                "Actual Loops": 36787
                                            },
                                            {
                                                "Worker Number": 2,
                                                "Actual Startup Time": 0.007,
                                                "Actual Total Time": 0.039,
                                                "Actual Rows": 43,
                                                "Actual Loops": 33172
                                            },
                                            {
                                                "Worker Number": 3,
                                                "Actual Startup Time": 0.007,
                                                "Actual Total Time": 0.04,
                                                "Actual Rows": 43,
                                                "Actual Loops": 32578
                                            },
                                            {
                                                "Worker Number": 4,
                                                "Actual Startup Time": 0.006,
                                                "Actual Total Time": 0.034,
                                                "Actual Rows": 42,
                                                "Actual Loops": 36663
                                            }
                                        ]
                                    }
                                ]
                            }
                        ]
                    }
                ]
            }
        ]
    },
    "Planning Time": 1.506,
    "Triggers": [],
    "Execution Time": 2165.023
}