[
  {
    "Plan": {
      "Node Type": "Aggregate",
      "Strategy": "Plain",
      "Partial Mode": "Finalize",
      "Parallel Aware": false,
      "Startup Cost": 46479.96,
      "Total Cost": 46479.97,
      "Plan Rows": 1,
      "Plan Width": 8,
      "Actual Startup Time": 90.52,
      "Actual Total Time": 102.534,
      "Actual Rows": 1,
      "Actual Loops": 1,
      "Plans": [
        {
          "Node Type": "Gather",
          "Parent Relationship": "Outer",
          "Parallel Aware": false,
          "Startup Cost": 46479.54,
          "Total Cost": 46479.95,
          "Plan Rows": 4,
          "Plan Width": 8,
          "Actual Startup Time": 90.2,
          "Actual Total Time": 102.524,
          "Actual Rows": 5,
          "Actual Loops": 1,
          "Workers Planned": 4,
          "Workers Launched": 4,
          "Single Copy": false,
          "Plans": [
            {
              "Node Type": "Aggregate",
              "Strategy": "Plain",
              "Partial Mode": "Partial",
              "Parent Relationship": "Outer",
              "Parallel Aware": false,
              "Startup Cost": 45479.54,
              "Total Cost": 45479.55,
              "Plan Rows": 1,
              "Plan Width": 8,
              "Actual Startup Time": 83.072,
              "Actual Total Time": 83.073,
              "Actual Rows": 1,
              "Actual Loops": 5,
              "Plans": [
                {
                  "Node Type": "Seq Scan",
                  "Parent Relationship": "Outer",
                  "Parallel Aware": true,
                  "Relation Name": "title",
                  "Alias": "t",
                  "Startup Cost": 0.0,
                  "Total Cost": 45479.1,
                  "Plan Rows": 178,
                  "Plan Width": 0,
                  "Actual Startup Time": 42.757,
                  "Actual Total Time": 83.02,
                  "Actual Rows": 345,
                  "Actual Loops": 5,
                  "Filter": "((kind_id < 7) AND (production_year = 1945))",
                  "Rows Removed by Filter": 505318
                }
              ]
            }
          ]
        }
      ]
    },
    "Planning Time": 0.183,
    "Triggers": [],
    "Execution Time": 102.592
  }
]