[
  {
    "Plan": {
      "Node Type": "Aggregate",
      "Strategy": "Plain",
      "Partial Mode": "Finalize",
      "Parallel Aware": false,
      "Startup Cost": 361214.21,
      "Total Cost": 361214.22,
      "Plan Rows": 1,
      "Plan Width": 8,
      "Actual Startup Time": 385.941,
      "Actual Total Time": 446.503,
      "Actual Rows": 1,
      "Actual Loops": 1,
      "Plans": [
        {
          "Node Type": "Gather",
          "Parent Relationship": "Outer",
          "Parallel Aware": false,
          "Startup Cost": 361213.79,
          "Total Cost": 361214.2,
          "Plan Rows": 4,
          "Plan Width": 8,
          "Actual Startup Time": 385.727,
          "Actual Total Time": 446.491,
          "Actual Rows": 5,
          "Actual Loops": 1,
          "Workers Planned": 4,
          "Workers Launched": 4,
          "Single Copy": false,
          "Plans": [
            {
              "Node Type": "Aggregate",
              "Strategy": "Plain",
              "Partial Mode": "Partial",
              "Parent Relationship": "Outer",
              "Parallel Aware": false,
              "Startup Cost": 360213.79,
              "Total Cost": 360213.8,
              "Plan Rows": 1,
              "Plan Width": 8,
              "Actual Startup Time": 378.796,
              "Actual Total Time": 378.798,
              "Actual Rows": 1,
              "Actual Loops": 5,
              "Plans": [
                {
                  "Node Type": "Nested Loop",
                  "Parent Relationship": "Outer",
                  "Parallel Aware": false,
                  "Join Type": "Inner",
                  "Startup Cost": 0.56,
                  "Total Cost": 360035.49,
                  "Plan Rows": 71323,
                  "Plan Width": 0,
                  "Actual Startup Time": 0.409,
                  "Actual Total Time": 375.698,
                  "Actual Rows": 35918,
                  "Actual Loops": 5,
                  "Inner Unique": false,
                  "Plans": [
                    {
                      "Node Type": "Seq Scan",
                      "Parent Relationship": "Outer",
                      "Parallel Aware": true,
                      "Relation Name": "title",
                      "Alias": "t",
                      "Startup Cost": 0.0,
                      "Total Cost": 45479.59,
                      "Plan Rows": 12795,
                      "Plan Width": 4,
                      "Actual Startup Time": 0.045,
                      "Actual Total Time": 67.678,
                      "Actual Rows": 9064,
                      "Actual Loops": 5,
                      "Filter": "((kind_id > 1) AND (production_year > 2012))",
                      "Rows Removed by Filter": 496598
                    },
                    {
                      "Node Type": "Index Scan",
                      "Parent Relationship": "Inner",
                      "Parallel Aware": false,
                      "Scan Direction": "Forward",
                      "Index Name": "movie_id_cast_info",
                      "Relation Name": "cast_info",
                      "Alias": "ci",
                      "Startup Cost": 0.56,
                      "Total Cost": 24.44,
                      "Plan Rows": 14,
                      "Plan Width": 4,
                      "Actual Startup Time": 0.022,
                      "Actual Total Time": 0.033,
                      "Actual Rows": 4,
                      "Actual Loops": 45321,
                      "Index Cond": "(movie_id = t.id)",
                      "Rows Removed by Index Recheck": 0,
                      "Filter": "((person_id < 3267206) AND (role_id > 2))",
                      "Rows Removed by Filter": 9
                    }
                  ]
                }
              ]
            }
          ]
        }
      ]
    },
    "Planning Time": 0.661,
    "Triggers": [],
    "Execution Time": 446.589
  }
]