[
  {
    "Plan": {
      "Node Type": "Aggregate",
      "Strategy": "Plain",
      "Partial Mode": "Finalize",
      "Parallel Aware": false,
      "Startup Cost": 30706.05,
      "Total Cost": 30706.06,
      "Plan Rows": 1,
      "Plan Width": 8,
      "Actual Startup Time": 93.885,
      "Actual Total Time": 102.003,
      "Actual Rows": 1,
      "Actual Loops": 1,
      "Plans": [
        {
          "Node Type": "Gather",
          "Parent Relationship": "Outer",
          "Parallel Aware": false,
          "Startup Cost": 30705.73,
          "Total Cost": 30706.04,
          "Plan Rows": 3,
          "Plan Width": 8,
          "Actual Startup Time": 93.771,
          "Actual Total Time": 101.996,
          "Actual Rows": 4,
          "Actual Loops": 1,
          "Workers Planned": 3,
          "Workers Launched": 3,
          "Single Copy": false,
          "Plans": [
            {
              "Node Type": "Aggregate",
              "Strategy": "Plain",
              "Partial Mode": "Partial",
              "Parent Relationship": "Outer",
              "Parallel Aware": false,
              "Startup Cost": 29705.73,
              "Total Cost": 29705.74,
              "Plan Rows": 1,
              "Plan Width": 8,
              "Actual Startup Time": 85.979,
              "Actual Total Time": 85.98,
              "Actual Rows": 1,
              "Actual Loops": 4,
              "Plans": [
                {
                  "Node Type": "Seq Scan",
                  "Parent Relationship": "Outer",
                  "Parallel Aware": true,
                  "Relation Name": "movie_companies",
                  "Alias": "mc",
                  "Startup Cost": 0.0,
                  "Total Cost": 29310.68,
                  "Plan Rows": 158019,
                  "Plan Width": 0,
                  "Actual Startup Time": 47.725,
                  "Actual Total Time": 80.102,
                  "Actual Rows": 124507,
                  "Actual Loops": 4,
                  "Filter": "(company_id > 74341)",
                  "Rows Removed by Filter": 527776
                }
              ]
            }
          ]
        }
      ]
    },
    "Planning Time": 0.188,
    "Triggers": [],
    "Execution Time": 102.059
  }
]