[
  {
    "Plan": {
      "Node Type": "Aggregate",
      "Strategy": "Plain",
      "Partial Mode": "Finalize",
      "Parallel Aware": false,
      "Startup Cost": 78126.58,
      "Total Cost": 78126.59,
      "Plan Rows": 1,
      "Plan Width": 8,
      "Actual Startup Time": 333.124,
      "Actual Total Time": 348.001,
      "Actual Rows": 1,
      "Actual Loops": 1,
      "Plans": [
        {
          "Node Type": "Gather",
          "Parent Relationship": "Outer",
          "Parallel Aware": false,
          "Startup Cost": 78126.26,
          "Total Cost": 78126.57,
          "Plan Rows": 3,
          "Plan Width": 8,
          "Actual Startup Time": 330.28,
          "Actual Total Time": 347.992,
          "Actual Rows": 4,
          "Actual Loops": 1,
          "Workers Planned": 3,
          "Workers Launched": 3,
          "Single Copy": false,
          "Plans": [
            {
              "Node Type": "Aggregate",
              "Strategy": "Plain",
              "Partial Mode": "Partial",
              "Parent Relationship": "Outer",
              "Parallel Aware": false,
              "Startup Cost": 77126.26,
              "Total Cost": 77126.27,
              "Plan Rows": 1,
              "Plan Width": 8,
              "Actual Startup Time": 320.733,
              "Actual Total Time": 320.737,
              "Actual Rows": 1,
              "Actual Loops": 4,
              "Plans": [
                {
                  "Node Type": "Hash Join",
                  "Parent Relationship": "Outer",
                  "Parallel Aware": true,
                  "Join Type": "Inner",
                  "Startup Cost": 47118.55,
                  "Total Cost": 77011.27,
                  "Plan Rows": 45994,
                  "Plan Width": 0,
                  "Actual Startup Time": 214.521,
                  "Actual Total Time": 316.951,
                  "Actual Rows": 70622,
                  "Actual Loops": 4,
                  "Inner Unique": true,
                  "Hash Cond": "(mc.movie_id = t.id)",
                  "Plans": [
                    {
                      "Node Type": "Seq Scan",
                      "Parent Relationship": "Outer",
                      "Parallel Aware": true,
                      "Relation Name": "movie_companies",
                      "Alias": "mc",
                      "Startup Cost": 0.0,
                      "Total Cost": 29310.68,
                      "Plan Rows": 221731,
                      "Plan Width": 4,
                      "Actual Startup Time": 20.968,
                      "Actual Total Time": 71.508,
                      "Actual Rows": 170542,
                      "Actual Loops": 4,
                      "Filter": "(company_id > 48426)",
                      "Rows Removed by Filter": 481740
                    },
                    {
                      "Node Type": "Hash",
                      "Parent Relationship": "Inner",
                      "Parallel Aware": true,
                      "Startup Cost": 45479.59,
                      "Total Cost": 45479.59,
                      "Plan Rows": 131117,
                      "Plan Width": 4,
                      "Actual Startup Time": 187.862,
                      "Actual Total Time": 187.863,
                      "Actual Rows": 152383,
                      "Actual Loops": 4,
                      "Hash Buckets": 1048576,
                      "Original Hash Buckets": 1048576,
                      "Hash Batches": 1,
                      "Original Hash Batches": 1,
                      "Peak Memory Usage": 32096,
                      "Plans": [
                        {
                          "Node Type": "Seq Scan",
                          "Parent Relationship": "Outer",
                          "Parallel Aware": true,
                          "Relation Name": "title",
                          "Alias": "t",
                          "Startup Cost": 0.0,
                          "Total Cost": 45479.59,
                          "Plan Rows": 131117,
                          "Plan Width": 4,
                          "Actual Startup Time": 0.05,
                          "Actual Total Time": 122.076,
                          "Actual Rows": 152383,
                          "Actual Loops": 4,
                          "Filter": "((kind_id < 7) AND (production_year < 2005))",
                          "Rows Removed by Filter": 479695
                        }
                      ]
                    }
                  ]
                }
              ]
            }
          ]
        }
      ]
    },
    "Planning Time": 0.707,
    "Triggers": [],
    "Execution Time": 348.073
  }
]