[
  {
    "Plan": {
      "Node Type": "Aggregate",
      "Strategy": "Plain",
      "Partial Mode": "Finalize",
      "Parallel Aware": false,
      "Startup Cost": 45515.09,
      "Total Cost": 45515.1,
      "Plan Rows": 1,
      "Plan Width": 8,
      "Actual Startup Time": 145.412,
      "Actual Total Time": 154.666,
      "Actual Rows": 1,
      "Actual Loops": 1,
      "Plans": [
        {
          "Node Type": "Gather",
          "Parent Relationship": "Outer",
          "Parallel Aware": false,
          "Startup Cost": 45514.77,
          "Total Cost": 45515.08,
          "Plan Rows": 3,
          "Plan Width": 8,
          "Actual Startup Time": 145.304,
          "Actual Total Time": 154.658,
          "Actual Rows": 4,
          "Actual Loops": 1,
          "Workers Planned": 3,
          "Workers Launched": 3,
          "Single Copy": false,
          "Plans": [
            {
              "Node Type": "Aggregate",
              "Strategy": "Plain",
              "Partial Mode": "Partial",
              "Parent Relationship": "Outer",
              "Parallel Aware": false,
              "Startup Cost": 44514.77,
              "Total Cost": 44514.78,
              "Plan Rows": 1,
              "Plan Width": 8,
              "Actual Startup Time": 138.608,
              "Actual Total Time": 138.609,
              "Actual Rows": 1,
              "Actual Loops": 4,
              "Plans": [
                {
                  "Node Type": "Seq Scan",
                  "Parent Relationship": "Outer",
                  "Parallel Aware": true,
                  "Relation Name": "movie_keyword",
                  "Alias": "mk",
                  "Startup Cost": 0.0,
                  "Total Cost": 42695.65,
                  "Plan Rows": 727648,
                  "Plan Width": 0,
                  "Actual Startup Time": 0.045,
                  "Actual Total Time": 113.012,
                  "Actual Rows": 565399,
                  "Actual Loops": 4,
                  "Filter": "(keyword_id < 4703)",
                  "Rows Removed by Filter": 565583
                }
              ]
            }
          ]
        }
      ]
    },
    "Planning Time": 0.138,
    "Triggers": [],
    "Execution Time": 154.711
  }
]