{
  "Plan": {
    "Node Type": "Aggregate",
    "Strategy": "Plain",
    "Partial Mode": "Finalize",
    "Parallel Aware": false,
    "Startup Cost": 274720.66,
    "Total Cost": 274720.67,
    "Plan Rows": 1,
    "Plan Width": 8,
    "Actual Startup Time": 871.101,
    "Actual Total Time": 890.031,
    "Actual Rows": 1,
    "Actual Loops": 1,
    "Plans": [
      {
        "Node Type": "Gather",
        "Parent Relationship": "Outer",
        "Parallel Aware": false,
        "Startup Cost": 274720.55,
        "Total Cost": 274720.66,
        "Plan Rows": 1,
        "Plan Width": 8,
        "Actual Startup Time": 867.04,
        "Actual Total Time": 890.025,
        "Actual Rows": 2,
        "Actual Loops": 1,
        "Workers Planned": 1,
        "Workers Launched": 1,
        "Single Copy": false,
        "Plans": [
          {
            "Node Type": "Aggregate",
            "Strategy": "Plain",
            "Partial Mode": "Partial",
            "Parent Relationship": "Outer",
            "Parallel Aware": false,
            "Startup Cost": 273720.55,
            "Total Cost": 273720.56,
            "Plan Rows": 1,
            "Plan Width": 8,
            "Actual Startup Time": 856.404,
            "Actual Total Time": 856.41,
            "Actual Rows": 1,
            "Actual Loops": 2,
            "Plans": [
              {
                "Node Type": "Hash Join",
                "Parent Relationship": "Outer",
                "Parallel Aware": true,
                "Join Type": "Inner",
                "Startup Cost": 252663.42,
                "Total Cost": 273442.14,
                "Plan Rows": 111362,
                "Plan Width": 0,
                "Actual Startup Time": 700.171,
                "Actual Total Time": 839.796,
                "Actual Rows": 424563,
                "Actual Loops": 2,
                "Inner Unique": false,
                "Hash Cond": "(mi_idx.movie_id = t.id)",
                "Plans": [
                  {
                    "Node Type": "Seq Scan",
                    "Parent Relationship": "Outer",
                    "Parallel Aware": true,
                    "Relation Name": "movie_info_idx",
                    "Alias": "mi_idx",
                    "Startup Cost": 0.0,
                    "Total Cost": 18082.32,
                    "Plan Rows": 544356,
                    "Plan Width": 4,
                    "Actual Startup Time": 0.028,
                    "Actual Total Time": 56.323,
                    "Actual Rows": 460055,
                    "Actual Loops": 2,
                    "Filter": "(info_type_id > 99)",
                    "Rows Removed by Filter": 229962
                  },
                  {
                    "Node Type": "Hash",
                    "Parent Relationship": "Inner",
                    "Parallel Aware": true,
                    "Startup Cost": 248860.27,
                    "Total Cost": 248860.27,
                    "Plan Rows": 304252,
                    "Plan Width": 8,
                    "Actual Startup Time": 696.828,
                    "Actual Total Time": 696.832,
                    "Actual Rows": 261304,
                    "Actual Loops": 2,
                    "Hash Buckets": 524288,
                    "Original Hash Buckets": 524288,
                    "Hash Batches": 1,
                    "Original Hash Batches": 1,
                    "Peak Memory Usage": 24576,
                    "Plans": [
                      {
                        "Node Type": "Hash Join",
                        "Parent Relationship": "Outer",
                        "Parallel Aware": true,
                        "Join Type": "Inner",
                        "Startup Cost": 81834.01,
                        "Total Cost": 248860.27,
                        "Plan Rows": 304252,
                        "Plan Width": 8,
                        "Actual Startup Time": 540.124,
                        "Actual Total Time": 648.763,
                        "Actual Rows": 261304,
                        "Actual Loops": 2,
                        "Inner Unique": true,
                        "Hash Cond": "(mi.movie_id = t.id)",
                        "Plans": [
                          {
                            "Node Type": "Bitmap Heap Scan",
                            "Parent Relationship": "Outer",
                            "Parallel Aware": true,
                            "Relation Name": "movie_info",
                            "Alias": "mi",
                            "Startup Cost": 10248.78,
                            "Total Cost": 176401.5,
                            "Plan Rows": 332778,
                            "Plan Width": 4,
                            "Actual Startup Time": 22.316,
                            "Actual Total Time": 50.227,
                            "Actual Rows": 271684,
                            "Actual Loops": 2,
                            "Recheck Cond": "(info_type_id > 98)",
                            "Rows Removed by Index Recheck": 0,
                            "Exact Heap Blocks": 3346,
                            "Lossy Heap Blocks": 0,
                            "Plans": [
                              {
                                "Node Type": "Bitmap Index Scan",
                                "Parent Relationship": "Outer",
                                "Parallel Aware": false,
                                "Index Name": "info_type_id_movie_info",
                                "Startup Cost": 0.0,
                                "Total Cost": 10107.35,
                                "Plan Rows": 565722,
                                "Plan Width": 0,
                                "Actual Startup Time": 21.481,
                                "Actual Total Time": 21.482,
                                "Actual Rows": 543367,
                                "Actual Loops": 1,
                                "Index Cond": "(info_type_id > 98)"
                              }
                            ]
                          },
                          {
                            "Node Type": "Hash",
                            "Parent Relationship": "Inner",
                            "Parallel Aware": true,
                            "Startup Cost": 54588.39,
                            "Total Cost": 54588.39,
                            "Plan Rows": 1359747,
                            "Plan Width": 4,
                            "Actual Startup Time": 504.152,
                            "Actual Total Time": 504.153,
                            "Actual Rows": 1154249,
                            "Actual Loops": 2,
                            "Hash Buckets": 4194304,
                            "Original Hash Buckets": 4194304,
                            "Hash Batches": 1,
                            "Original Hash Batches": 1,
                            "Peak Memory Usage": 123104,
                            "Plans": [
                              {
                                "Node Type": "Seq Scan",
                                "Parent Relationship": "Outer",
                                "Parallel Aware": true,
                                "Relation Name": "title",
                                "Alias": "t",
                                "Startup Cost": 0.0,
                                "Total Cost": 54588.39,
                                "Plan Rows": 1359747,
                                "Plan Width": 4,
                                "Actual Startup Time": 0.031,
                                "Actual Total Time": 177.234,
                                "Actual Rows": 1154249,
                                "Actual Loops": 2,
                                "Filter": "(production_year > 1942)",
                                "Rows Removed by Filter": 109907
                              }
                            ]
                          }
                        ]
                      }
                    ]
                  }
                ]
              }
            ]
          }
        ]
      }
    ]
  },
  "Planning Time": 0.43,
  "Triggers": [],
  "Execution Time": 890.093
}