[
  {
    "Plan": {
      "Node Type": "Aggregate",
      "Strategy": "Plain",
      "Partial Mode": "Finalize",
      "Parallel Aware": false,
      "Startup Cost": 250096.46,
      "Total Cost": 250096.47,
      "Plan Rows": 1,
      "Plan Width": 8,
      "Actual Startup Time": 541.497,
      "Actual Total Time": 558.909,
      "Actual Rows": 1,
      "Actual Loops": 1,
      "Plans": [
        {
          "Node Type": "Gather",
          "Parent Relationship": "Outer",
          "Parallel Aware": false,
          "Startup Cost": 250095.94,
          "Total Cost": 250096.45,
          "Plan Rows": 5,
          "Plan Width": 8,
          "Actual Startup Time": 529.172,
          "Actual Total Time": 558.9,
          "Actual Rows": 6,
          "Actual Loops": 1,
          "Workers Planned": 5,
          "Workers Launched": 5,
          "Single Copy": false,
          "Plans": [
            {
              "Node Type": "Aggregate",
              "Strategy": "Plain",
              "Partial Mode": "Partial",
              "Parent Relationship": "Outer",
              "Parallel Aware": false,
              "Startup Cost": 249095.94,
              "Total Cost": 249095.95,
              "Plan Rows": 1,
              "Plan Width": 8,
              "Actual Startup Time": 506.771,
              "Actual Total Time": 506.776,
              "Actual Rows": 1,
              "Actual Loops": 6,
              "Plans": [
                {
                  "Node Type": "Nested Loop",
                  "Parent Relationship": "Outer",
                  "Parallel Aware": false,
                  "Join Type": "Inner",
                  "Startup Cost": 53925.44,
                  "Total Cost": 249067.44,
                  "Plan Rows": 11401,
                  "Plan Width": 0,
                  "Actual Startup Time": 283.462,
                  "Actual Total Time": 500.692,
                  "Actual Rows": 118361,
                  "Actual Loops": 6,
                  "Inner Unique": false,
                  "Plans": [
                    {
                      "Node Type": "Hash Join",
                      "Parent Relationship": "Outer",
                      "Parallel Aware": true,
                      "Join Type": "Inner",
                      "Startup Cost": 53925.01,
                      "Total Cost": 225148.98,
                      "Plan Rows": 40901,
                      "Plan Width": 8,
                      "Actual Startup Time": 283.282,
                      "Actual Total Time": 305.526,
                      "Actual Rows": 32959,
                      "Actual Loops": 6,
                      "Inner Unique": true,
                      "Hash Cond": "(mi.movie_id = t.id)",
                      "Plans": [
                        {
                          "Node Type": "Bitmap Heap Scan",
                          "Parent Relationship": "Outer",
                          "Parallel Aware": true,
                          "Relation Name": "movie_info",
                          "Alias": "mi",
                          "Startup Cost": 3705.36,
                          "Total Cost": 174821.97,
                          "Plan Rows": 40901,
                          "Plan Width": 4,
                          "Actual Startup Time": 8.345,
                          "Actual Total Time": 18.51,
                          "Actual Rows": 32959,
                          "Actual Loops": 6,
                          "Recheck Cond": "(info_type_id > 106)",
                          "Rows Removed by Index Recheck": 0,
                          "Exact Heap Blocks": 1051,
                          "Lossy Heap Blocks": 0,
                          "Plans": [
                            {
                              "Node Type": "Bitmap Index Scan",
                              "Parent Relationship": "Outer",
                              "Parallel Aware": false,
                              "Index Name": "info_type_id_movie_info",
                              "Startup Cost": 0.0,
                              "Total Cost": 3654.24,
                              "Plan Rows": 204507,
                              "Plan Width": 0,
                              "Actual Startup Time": 7.695,
                              "Actual Total Time": 7.696,
                              "Actual Rows": 197754,
                              "Actual Loops": 1,
                              "Index Cond": "(info_type_id > 106)"
                            }
                          ]
                        },
                        {
                          "Node Type": "Hash",
                          "Parent Relationship": "Inner",
                          "Parallel Aware": true,
                          "Startup Cost": 42318.73,
                          "Total Cost": 42318.73,
                          "Plan Rows": 632073,
                          "Plan Width": 4,
                          "Actual Startup Time": 266.947,
                          "Actual Total Time": 266.948,
                          "Actual Rows": 421385,
                          "Actual Loops": 6,
                          "Hash Buckets": 4194304,
                          "Original Hash Buckets": 4194304,
                          "Hash Batches": 1,
                          "Original Hash Batches": 1,
                          "Peak Memory Usage": 131744,
                          "Plans": [
                            {
                              "Node Type": "Seq Scan",
                              "Parent Relationship": "Outer",
                              "Parallel Aware": true,
                              "Relation Name": "title",
                              "Alias": "t",
                              "Startup Cost": 0.0,
                              "Total Cost": 42318.73,
                              "Plan Rows": 632073,
                              "Plan Width": 4,
                              "Actual Startup Time": 0.041,
                              "Actual Total Time": 78.477,
                              "Actual Rows": 421385,
                              "Actual Loops": 6
                            }
                          ]
                        }
                      ]
                    },
                    {
                      "Node Type": "Index Scan",
                      "Parent Relationship": "Inner",
                      "Parallel Aware": false,
                      "Scan Direction": "Forward",
                      "Index Name": "movie_id_movie_companies",
                      "Relation Name": "movie_companies",
                      "Alias": "mc",
                      "Startup Cost": 0.43,
                      "Total Cost": 0.57,
                      "Plan Rows": 1,
                      "Plan Width": 4,
                      "Actual Startup Time": 0.003,
                      "Actual Total Time": 0.005,
                      "Actual Rows": 4,
                      "Actual Loops": 197754,
                      "Index Cond": "(movie_id = t.id)",
                      "Rows Removed by Index Recheck": 0,
                      "Filter": "(company_id < 1305)",
                      "Rows Removed by Filter": 17
                    }
                  ]
                }
              ]
            }
          ]
        }
      ]
    },
    "Planning Time": 1.441,
    "Triggers": [],
    "Execution Time": 559.018
  }
]