[
  {
    "Plan": {
      "Node Type": "Aggregate",
      "Strategy": "Plain",
      "Partial Mode": "Finalize",
      "Parallel Aware": false,
      "Startup Cost": 46827.96,
      "Total Cost": 46827.97,
      "Plan Rows": 1,
      "Plan Width": 8,
      "Actual Startup Time": 106.491,
      "Actual Total Time": 119.203,
      "Actual Rows": 1,
      "Actual Loops": 1,
      "Plans": [
        {
          "Node Type": "Gather",
          "Parent Relationship": "Outer",
          "Parallel Aware": false,
          "Startup Cost": 46827.54,
          "Total Cost": 46827.95,
          "Plan Rows": 4,
          "Plan Width": 8,
          "Actual Startup Time": 106.282,
          "Actual Total Time": 119.193,
          "Actual Rows": 5,
          "Actual Loops": 1,
          "Workers Planned": 4,
          "Workers Launched": 4,
          "Single Copy": false,
          "Plans": [
            {
              "Node Type": "Aggregate",
              "Strategy": "Plain",
              "Partial Mode": "Partial",
              "Parent Relationship": "Outer",
              "Parallel Aware": false,
              "Startup Cost": 45827.54,
              "Total Cost": 45827.55,
              "Plan Rows": 1,
              "Plan Width": 8,
              "Actual Startup Time": 97.306,
              "Actual Total Time": 97.308,
              "Actual Rows": 1,
              "Actual Loops": 5,
              "Plans": [
                {
                  "Node Type": "Seq Scan",
                  "Parent Relationship": "Outer",
                  "Parallel Aware": true,
                  "Relation Name": "title",
                  "Alias": "t",
                  "Startup Cost": 0.0,
                  "Total Cost": 45479.59,
                  "Plan Rows": 139181,
                  "Plan Width": 0,
                  "Actual Startup Time": 45.466,
                  "Actual Total Time": 93.103,
                  "Actual Rows": 87743,
                  "Actual Loops": 5,
                  "Filter": "((production_year > 1967) AND (kind_id = 1))",
                  "Rows Removed by Filter": 417920
                }
              ]
            }
          ]
        }
      ]
    },
    "Planning Time": 0.086,
    "Triggers": [],
    "Execution Time": 119.239
  }
]