[
  {
    "Plan": {
      "Node Type": "Aggregate",
      "Strategy": "Plain",
      "Partial Mode": "Finalize",
      "Parallel Aware": false,
      "Startup Cost": 46829.06,
      "Total Cost": 46829.07,
      "Plan Rows": 1,
      "Plan Width": 8,
      "Actual Startup Time": 99.96,
      "Actual Total Time": 111.345,
      "Actual Rows": 1,
      "Actual Loops": 1,
      "Plans": [
        {
          "Node Type": "Gather",
          "Parent Relationship": "Outer",
          "Parallel Aware": false,
          "Startup Cost": 46828.64,
          "Total Cost": 46829.05,
          "Plan Rows": 4,
          "Plan Width": 8,
          "Actual Startup Time": 99.753,
          "Actual Total Time": 111.235,
          "Actual Rows": 5,
          "Actual Loops": 1,
          "Workers Planned": 4,
          "Workers Launched": 4,
          "Single Copy": false,
          "Plans": [
            {
              "Node Type": "Aggregate",
              "Strategy": "Plain",
              "Partial Mode": "Partial",
              "Parent Relationship": "Outer",
              "Parallel Aware": false,
              "Startup Cost": 45828.64,
              "Total Cost": 45828.65,
              "Plan Rows": 1,
              "Plan Width": 8,
              "Actual Startup Time": 94.065,
              "Actual Total Time": 94.066,
              "Actual Rows": 1,
              "Actual Loops": 5,
              "Plans": [
                {
                  "Node Type": "Seq Scan",
                  "Parent Relationship": "Outer",
                  "Parallel Aware": true,
                  "Relation Name": "title",
                  "Alias": "t",
                  "Startup Cost": 0.0,
                  "Total Cost": 45479.1,
                  "Plan Rows": 139818,
                  "Plan Width": 0,
                  "Actual Startup Time": 42.093,
                  "Actual Total Time": 89.648,
                  "Actual Rows": 87743,
                  "Actual Loops": 5,
                  "Filter": "((production_year > 1967) AND (kind_id = 1))",
                  "Rows Removed by Filter": 417920
                }
              ]
            }
          ]
        }
      ]
    },
    "Planning Time": 0.116,
    "Triggers": [],
    "Execution Time": 111.384
  }
]