[
  {
    "Plan": {
      "Node Type": "Aggregate",
      "Strategy": "Plain",
      "Partial Mode": "Finalize",
      "Parallel Aware": false,
      "Startup Cost": 396504.91,
      "Total Cost": 396504.92,
      "Plan Rows": 1,
      "Plan Width": 8,
      "Actual Startup Time": 1066.799,
      "Actual Total Time": 1117.902,
      "Actual Rows": 1,
      "Actual Loops": 1,
      "Plans": [
        {
          "Node Type": "Gather",
          "Parent Relationship": "Outer",
          "Parallel Aware": false,
          "Startup Cost": 396504.28,
          "Total Cost": 396504.89,
          "Plan Rows": 6,
          "Plan Width": 8,
          "Actual Startup Time": 1065.216,
          "Actual Total Time": 1117.886,
          "Actual Rows": 7,
          "Actual Loops": 1,
          "Workers Planned": 6,
          "Workers Launched": 6,
          "Single Copy": false,
          "Plans": [
            {
              "Node Type": "Aggregate",
              "Strategy": "Plain",
              "Partial Mode": "Partial",
              "Parent Relationship": "Outer",
              "Parallel Aware": false,
              "Startup Cost": 395504.28,
              "Total Cost": 395504.29,
              "Plan Rows": 1,
              "Plan Width": 8,
              "Actual Startup Time": 1059.126,
              "Actual Total Time": 1059.134,
              "Actual Rows": 1,
              "Actual Loops": 7,
              "Plans": [
                {
                  "Node Type": "Hash Join",
                  "Parent Relationship": "Outer",
                  "Parallel Aware": true,
                  "Join Type": "Inner",
                  "Startup Cost": 45758.85,
                  "Total Cost": 395294.92,
                  "Plan Rows": 83746,
                  "Plan Width": 0,
                  "Actual Startup Time": 222.301,
                  "Actual Total Time": 1054.34,
                  "Actual Rows": 76468,
                  "Actual Loops": 7,
                  "Inner Unique": true,
                  "Hash Cond": "(ci.movie_id = t.id)",
                  "Plans": [
                    {
                      "Node Type": "Seq Scan",
                      "Parent Relationship": "Outer",
                      "Parallel Aware": true,
                      "Relation Name": "cast_info",
                      "Alias": "ci",
                      "Startup Cost": 0.0,
                      "Total Cost": 343316.27,
                      "Plan Rows": 2369442,
                      "Plan Width": 4,
                      "Actual Startup Time": 139.176,
                      "Actual Total Time": 716.179,
                      "Actual Rows": 1763204,
                      "Actual Loops": 7,
                      "Filter": "((person_id > 1060759) AND (role_id < 3))",
                      "Rows Removed by Filter": 3414559
                    },
                    {
                      "Node Type": "Hash",
                      "Parent Relationship": "Inner",
                      "Parallel Aware": true,
                      "Startup Cost": 45479.59,
                      "Total Cost": 45479.59,
                      "Plan Rows": 22341,
                      "Plan Width": 4,
                      "Actual Startup Time": 82.161,
                      "Actual Total Time": 82.163,
                      "Actual Rows": 14542,
                      "Actual Loops": 7,
                      "Hash Buckets": 131072,
                      "Original Hash Buckets": 131072,
                      "Hash Batches": 1,
                      "Original Hash Batches": 1,
                      "Peak Memory Usage": 5120,
                      "Plans": [
                        {
                          "Node Type": "Seq Scan",
                          "Parent Relationship": "Outer",
                          "Parallel Aware": true,
                          "Relation Name": "title",
                          "Alias": "t",
                          "Startup Cost": 0.0,
                          "Total Cost": 45479.59,
                          "Plan Rows": 22341,
                          "Plan Width": 4,
                          "Actual Startup Time": 0.036,
                          "Actual Total Time": 75.393,
                          "Actual Rows": 14542,
                          "Actual Loops": 7,
                          "Filter": "((kind_id > 1) AND (production_year = 2007))",
                          "Rows Removed by Filter": 346646
                        }
                      ]
                    }
                  ]
                }
              ]
            }
          ]
        }
      ]
    },
    "Planning Time": 0.352,
    "Triggers": [],
    "Execution Time": 1117.958
  }
]