[
  {
    "Plan": {
      "Node Type": "Aggregate",
      "Strategy": "Plain",
      "Partial Mode": "Finalize",
      "Parallel Aware": false,
      "Startup Cost": 363927.69,
      "Total Cost": 363927.7,
      "Plan Rows": 1,
      "Plan Width": 8,
      "Actual Startup Time": 691.633,
      "Actual Total Time": 710.784,
      "Actual Rows": 1,
      "Actual Loops": 1,
      "Plans": [
        {
          "Node Type": "Gather",
          "Parent Relationship": "Outer",
          "Parallel Aware": false,
          "Startup Cost": 363927.37,
          "Total Cost": 363927.68,
          "Plan Rows": 3,
          "Plan Width": 8,
          "Actual Startup Time": 686.729,
          "Actual Total Time": 710.777,
          "Actual Rows": 4,
          "Actual Loops": 1,
          "Workers Planned": 3,
          "Workers Launched": 3,
          "Single Copy": false,
          "Plans": [
            {
              "Node Type": "Aggregate",
              "Strategy": "Plain",
              "Partial Mode": "Partial",
              "Parent Relationship": "Outer",
              "Parallel Aware": false,
              "Startup Cost": 362927.37,
              "Total Cost": 362927.38,
              "Plan Rows": 1,
              "Plan Width": 8,
              "Actual Startup Time": 680.302,
              "Actual Total Time": 680.308,
              "Actual Rows": 1,
              "Actual Loops": 4,
              "Plans": [
                {
                  "Node Type": "Hash Join",
                  "Parent Relationship": "Outer",
                  "Parallel Aware": true,
                  "Join Type": "Inner",
                  "Startup Cost": 316899.21,
                  "Total Cost": 362173.2,
                  "Plan Rows": 301667,
                  "Plan Width": 0,
                  "Actual Startup Time": 363.296,
                  "Actual Total Time": 631.425,
                  "Actual Rows": 1233370,
                  "Actual Loops": 4,
                  "Inner Unique": false,
                  "Hash Cond": "(mk.movie_id = t.id)",
                  "Plans": [
                    {
                      "Node Type": "Seq Scan",
                      "Parent Relationship": "Outer",
                      "Parallel Aware": true,
                      "Relation Name": "movie_keyword",
                      "Alias": "mk",
                      "Startup Cost": 0.0,
                      "Total Cost": 39047.32,
                      "Plan Rows": 1459332,
                      "Plan Width": 4,
                      "Actual Startup Time": 0.022,
                      "Actual Total Time": 84.037,
                      "Actual Rows": 1130982,
                      "Actual Loops": 4
                    },
                    {
                      "Node Type": "Hash",
                      "Parent Relationship": "Inner",
                      "Parallel Aware": true,
                      "Startup Cost": 315265.89,
                      "Total Cost": 315265.89,
                      "Plan Rows": 130666,
                      "Plan Width": 8,
                      "Actual Startup Time": 361.459,
                      "Actual Total Time": 361.464,
                      "Actual Rows": 118396,
                      "Actual Loops": 4,
                      "Hash Buckets": 524288,
                      "Original Hash Buckets": 524288,
                      "Hash Batches": 1,
                      "Original Hash Batches": 1,
                      "Peak Memory Usage": 22688,
                      "Plans": [
                        {
                          "Node Type": "Hash Join",
                          "Parent Relationship": "Outer",
                          "Parallel Aware": true,
                          "Join Type": "Inner",
                          "Startup Cost": 266407.99,
                          "Total Cost": 315265.89,
                          "Plan Rows": 130666,
                          "Plan Width": 8,
                          "Actual Startup Time": 91.904,
                          "Actual Total Time": 325.597,
                          "Actual Rows": 118396,
                          "Actual Loops": 4,
                          "Inner Unique": false,
                          "Hash Cond": "(t.id = ci.movie_id)",
                          "Plans": [
                            {
                              "Node Type": "Seq Scan",
                              "Parent Relationship": "Outer",
                              "Parallel Aware": true,
                              "Relation Name": "title",
                              "Alias": "t",
                              "Startup Cost": 0.0,
                              "Total Cost": 42319.06,
                              "Plan Rows": 632106,
                              "Plan Width": 4,
                              "Actual Startup Time": 0.015,
                              "Actual Total Time": 77.152,
                              "Actual Rows": 632078,
                              "Actual Loops": 4
                            },
                            {
                              "Node Type": "Hash",
                              "Parent Relationship": "Inner",
                              "Parallel Aware": true,
                              "Startup Cost": 265319.1,
                              "Total Cost": 265319.1,
                              "Plan Rows": 87111,
                              "Plan Width": 4,
                              "Actual Startup Time": 90.855,
                              "Actual Total Time": 90.857,
                              "Actual Rows": 118396,
                              "Actual Loops": 4,
                              "Hash Buckets": 524288,
                              "Original Hash Buckets": 524288,
                              "Hash Batches": 1,
                              "Original Hash Batches": 1,
                              "Peak Memory Usage": 22688,
                              "Plans": [
                                {
                                  "Node Type": "Bitmap Heap Scan",
                                  "Parent Relationship": "Outer",
                                  "Parallel Aware": true,
                                  "Relation Name": "cast_info",
                                  "Alias": "ci",
                                  "Startup Cost": 11543.22,
                                  "Total Cost": 265319.1,
                                  "Plan Rows": 87111,
                                  "Plan Width": 4,
                                  "Actual Startup Time": 14.506,
                                  "Actual Total Time": 50.366,
                                  "Actual Rows": 118396,
                                  "Actual Loops": 4,
                                  "Recheck Cond": "(person_id > 3971435)",
                                  "Rows Removed by Index Recheck": 0,
                                  "Exact Heap Blocks": 2607,
                                  "Lossy Heap Blocks": 0,
                                  "Plans": [
                                    {
                                      "Node Type": "Bitmap Index Scan",
                                      "Parent Relationship": "Outer",
                                      "Parallel Aware": false,
                                      "Index Name": "person_id_cast_info",
                                      "Startup Cost": 0.0,
                                      "Total Cost": 11412.55,
                                      "Plan Rows": 522665,
                                      "Plan Width": 0,
                                      "Actual Startup Time": 14.276,
                                      "Actual Total Time": 14.276,
                                      "Actual Rows": 473582,
                                      "Actual Loops": 1,
                                      "Index Cond": "(person_id > 3971435)"
                                    }
                                  ]
                                }
                              ]
                            }
                          ]
                        }
                      ]
                    }
                  ]
                }
              ]
            }
          ]
        }
      ]
    },
    "Planning Time": 0.688,
    "Triggers": [],
    "Execution Time": 710.838
  }
]