{
  "Plan": {
    "Node Type": "Aggregate",
    "Strategy": "Plain",
    "Partial Mode": "Finalize",
    "Parallel Aware": false,
    "Startup Cost": 97515.42,
    "Total Cost": 97515.43,
    "Plan Rows": 1,
    "Plan Width": 8,
    "Actual Startup Time": 327.051,
    "Actual Total Time": 342.745,
    "Actual Rows": 1,
    "Actual Loops": 1,
    "Plans": [
      {
        "Node Type": "Gather",
        "Parent Relationship": "Outer",
        "Parallel Aware": false,
        "Startup Cost": 97515.31,
        "Total Cost": 97515.42,
        "Plan Rows": 1,
        "Plan Width": 8,
        "Actual Startup Time": 326.921,
        "Actual Total Time": 342.739,
        "Actual Rows": 2,
        "Actual Loops": 1,
        "Workers Planned": 1,
        "Workers Launched": 1,
        "Single Copy": false,
        "Plans": [
          {
            "Node Type": "Aggregate",
            "Strategy": "Plain",
            "Partial Mode": "Partial",
            "Parent Relationship": "Outer",
            "Parallel Aware": false,
            "Startup Cost": 96515.31,
            "Total Cost": 96515.32,
            "Plan Rows": 1,
            "Plan Width": 8,
            "Actual Startup Time": 323.947,
            "Actual Total Time": 323.951,
            "Actual Rows": 1,
            "Actual Loops": 2,
            "Plans": [
              {
                "Node Type": "Hash Join",
                "Parent Relationship": "Outer",
                "Parallel Aware": true,
                "Join Type": "Inner",
                "Startup Cost": 58341.46,
                "Total Cost": 96508.09,
                "Plan Rows": 2889,
                "Plan Width": 0,
                "Actual Startup Time": 130.742,
                "Actual Total Time": 323.61,
                "Actual Rows": 5948,
                "Actual Loops": 2,
                "Inner Unique": true,
                "Hash Cond": "(mc.movie_id = t.id)",
                "Plans": [
                  {
                    "Node Type": "Seq Scan",
                    "Parent Relationship": "Outer",
                    "Parallel Aware": true,
                    "Relation Name": "movie_companies",
                    "Alias": "mc",
                    "Startup Cost": 0.0,
                    "Total Cost": 34137.82,
                    "Plan Rows": 1534782,
                    "Plan Width": 4,
                    "Actual Startup Time": 0.013,
                    "Actual Total Time": 96.412,
                    "Actual Rows": 1304564,
                    "Actual Loops": 2
                  },
                  {
                    "Node Type": "Hash",
                    "Parent Relationship": "Inner",
                    "Parallel Aware": true,
                    "Startup Cost": 58306.47,
                    "Total Cost": 58306.47,
                    "Plan Rows": 2799,
                    "Plan Width": 4,
                    "Actual Startup Time": 129.919,
                    "Actual Total Time": 129.919,
                    "Actual Rows": 2994,
                    "Actual Loops": 2,
                    "Hash Buckets": 8192,
                    "Original Hash Buckets": 8192,
                    "Hash Batches": 1,
                    "Original Hash Batches": 1,
                    "Peak Memory Usage": 352,
                    "Plans": [
                      {
                        "Node Type": "Seq Scan",
                        "Parent Relationship": "Outer",
                        "Parallel Aware": true,
                        "Relation Name": "title",
                        "Alias": "t",
                        "Startup Cost": 0.0,
                        "Total Cost": 58306.47,
                        "Plan Rows": 2799,
                        "Plan Width": 4,
                        "Actual Startup Time": 0.252,
                        "Actual Total Time": 128.873,
                        "Actual Rows": 2994,
                        "Actual Loops": 2,
                        "Filter": "((kind_id < 7) AND (production_year = 1972))",
                        "Rows Removed by Filter": 1261162
                      }
                    ]
                  }
                ]
              }
            ]
          }
        ]
      }
    ]
  },
  "Planning Time": 0.231,
  "Triggers": [],
  "Execution Time": 342.791
}