[
    {
        "Bao": {
            "Bao prediction": "NaN",
            "Bao recommended hint": "(no hint)"
        }
    },
    {
        "Plan": {
            "Node Type": "Aggregate",
            "Strategy": "Plain",
            "Partial Mode": "Finalize",
            "Parallel Aware": false,
            "Startup Cost": 31413.16,
            "Total Cost": 31413.17,
            "Plan Rows": 1,
            "Plan Width": 8,
            "Actual Startup Time": 76.975,
            "Actual Total Time": 82.197,
            "Actual Rows": 1,
            "Actual Loops": 1,
            "Output": [
                "count(*)"
            ],
            "Plans": [
                {
                    "Node Type": "Gather",
                    "Parent Relationship": "Outer",
                    "Parallel Aware": false,
                    "Startup Cost": 31412.84,
                    "Total Cost": 31413.15,
                    "Plan Rows": 3,
                    "Plan Width": 8,
                    "Actual Startup Time": 76.698,
                    "Actual Total Time": 82.191,
                    "Actual Rows": 4,
                    "Actual Loops": 1,
                    "Output": [
                        "(PARTIAL count(*))"
                    ],
                    "Workers Planned": 3,
                    "Workers Launched": 3,
                    "Single Copy": false,
                    "Plans": [
                        {
                            "Node Type": "Aggregate",
                            "Strategy": "Plain",
                            "Partial Mode": "Partial",
                            "Parent Relationship": "Outer",
                            "Parallel Aware": false,
                            "Startup Cost": 30412.84,
                            "Total Cost": 30412.85,
                            "Plan Rows": 1,
                            "Plan Width": 8,
                            "Actual Startup Time": 68.198,
                            "Actual Total Time": 68.2,
                            "Actual Rows": 1,
                            "Actual Loops": 4,
                            "Output": [
                                "PARTIAL count(*)"
                            ],
                            "Workers": [
                                {
                                    "Worker Number": 0,
                                    "Actual Startup Time": 65.197,
                                    "Actual Total Time": 65.198,
                                    "Actual Rows": 1,
                                    "Actual Loops": 1
                                },
                                {
                                    "Worker Number": 1,
                                    "Actual Startup Time": 65.359,
                                    "Actual Total Time": 65.361,
                                    "Actual Rows": 1,
                                    "Actual Loops": 1
                                },
                                {
                                    "Worker Number": 2,
                                    "Actual Startup Time": 65.795,
                                    "Actual Total Time": 65.796,
                                    "Actual Rows": 1,
                                    "Actual Loops": 1
                                }
                            ],
                            "Plans": [
                                {
                                    "Node Type": "Bitmap Heap Scan",
                                    "Parent Relationship": "Outer",
                                    "Parallel Aware": true,
                                    "Relation Name": "movie_keyword",
                                    "Schema": "public",
                                    "Alias": "mk",
                                    "Startup Cost": 4852.47,
                                    "Total Cost": 30228.45,
                                    "Plan Rows": 73758,
                                    "Plan Width": 0,
                                    "Actual Startup Time": 11.102,
                                    "Actual Total Time": 64.572,
                                    "Actual Rows": 55816,
                                    "Actual Loops": 4,
                                    "Recheck Cond": "(mk.keyword_id > 64187)",
                                    "Rows Removed by Index Recheck": 0,
                                    "Exact Heap Blocks": 11288,
                                    "Lossy Heap Blocks": 0,
                                    "Workers": [
                                        {
                                            "Worker Number": 0,
                                            "Actual Startup Time": 8.263,
                                            "Actual Total Time": 62.116,
                                            "Actual Rows": 36972,
                                            "Actual Loops": 1
                                        },
                                        {
                                            "Worker Number": 1,
                                            "Actual Startup Time": 8.252,
                                            "Actual Total Time": 62.305,
                                            "Actual Rows": 33980,
                                            "Actual Loops": 1
                                        },
                                        {
                                            "Worker Number": 2,
                                            "Actual Startup Time": 8.847,
                                            "Actual Total Time": 62.583,
                                            "Actual Rows": 30941,
                                            "Actual Loops": 1
                                        }
                                    ],
                                    "Plans": [
                                        {
                                            "Node Type": "Bitmap Index Scan",
                                            "Parent Relationship": "Outer",
                                            "Parallel Aware": false,
                                            "Index Name": "keyword_id_movie_keyword",
                                            "Startup Cost": 0.0,
                                            "Total Cost": 4795.31,
                                            "Plan Rows": 228650,
                                            "Plan Width": 0,
                                            "Actual Startup Time": 15.847,
                                            "Actual Total Time": 15.847,
                                            "Actual Rows": 223264,
                                            "Actual Loops": 1,
                                            "Index Cond": "(mk.keyword_id > 64187)"
                                        }
                                    ]
                                }
                            ]
                        }
                    ]
                }
            ]
        },
        "Planning Time": 177.368,
        "Triggers": [],
        "Execution Time": 82.244
    }
]