[
  {
    "Plan": {
      "Node Type": "Aggregate",
      "Strategy": "Plain",
      "Partial Mode": "Finalize",
      "Parallel Aware": false,
      "Startup Cost": 46955.78,
      "Total Cost": 46955.79,
      "Plan Rows": 1,
      "Plan Width": 8,
      "Actual Startup Time": 181.092,
      "Actual Total Time": 188.736,
      "Actual Rows": 1,
      "Actual Loops": 1,
      "Plans": [
        {
          "Node Type": "Gather",
          "Parent Relationship": "Outer",
          "Parallel Aware": false,
          "Startup Cost": 46955.46,
          "Total Cost": 46955.77,
          "Plan Rows": 3,
          "Plan Width": 8,
          "Actual Startup Time": 180.974,
          "Actual Total Time": 188.727,
          "Actual Rows": 4,
          "Actual Loops": 1,
          "Workers Planned": 3,
          "Workers Launched": 3,
          "Single Copy": false,
          "Plans": [
            {
              "Node Type": "Aggregate",
              "Strategy": "Plain",
              "Partial Mode": "Partial",
              "Parent Relationship": "Outer",
              "Parallel Aware": false,
              "Startup Cost": 45955.46,
              "Total Cost": 45955.47,
              "Plan Rows": 1,
              "Plan Width": 8,
              "Actual Startup Time": 174.53,
              "Actual Total Time": 174.531,
              "Actual Rows": 1,
              "Actual Loops": 4,
              "Plans": [
                {
                  "Node Type": "Seq Scan",
                  "Parent Relationship": "Outer",
                  "Parallel Aware": true,
                  "Relation Name": "movie_keyword",
                  "Alias": "mk",
                  "Startup Cost": 0.0,
                  "Total Cost": 42695.65,
                  "Plan Rows": 1303923,
                  "Plan Width": 0,
                  "Actual Startup Time": 0.052,
                  "Actual Total Time": 126.132,
                  "Actual Rows": 1013829,
                  "Actual Loops": 4,
                  "Filter": "(keyword_id < 37954)",
                  "Rows Removed by Filter": 117154
                }
              ]
            }
          ]
        }
      ]
    },
    "Planning Time": 0.186,
    "Triggers": [],
    "Execution Time": 188.791
  }
]