[
  {
    "Plan": {
      "Node Type": "Aggregate",
      "Strategy": "Plain",
      "Partial Mode": "Finalize",
      "Parallel Aware": false,
      "Startup Cost": 162950.85,
      "Total Cost": 162950.86,
      "Plan Rows": 1,
      "Plan Width": 64,
      "Actual Startup Time": 2398.728,
      "Actual Total Time": 2447.368,
      "Actual Rows": 1,
      "Actual Loops": 1,
      "Plans": [
        {
          "Node Type": "Gather",
          "Parent Relationship": "Outer",
          "Parallel Aware": false,
          "Startup Cost": 162950.52,
          "Total Cost": 162950.83,
          "Plan Rows": 3,
          "Plan Width": 64,
          "Actual Startup Time": 2396.968,
          "Actual Total Time": 2447.336,
          "Actual Rows": 4,
          "Actual Loops": 1,
          "Workers Planned": 3,
          "Workers Launched": 3,
          "Single Copy": false,
          "Plans": [
            {
              "Node Type": "Aggregate",
              "Strategy": "Plain",
              "Partial Mode": "Partial",
              "Parent Relationship": "Outer",
              "Parallel Aware": false,
              "Startup Cost": 161950.52,
              "Total Cost": 161950.53,
              "Plan Rows": 1,
              "Plan Width": 64,
              "Actual Startup Time": 2387.252,
              "Actual Total Time": 2387.263,
              "Actual Rows": 1,
              "Actual Loops": 4,
              "Plans": [
                {
                  "Node Type": "Hash Join",
                  "Parent Relationship": "Outer",
                  "Parallel Aware": false,
                  "Join Type": "Inner",
                  "Startup Cost": 47607.01,
                  "Total Cost": 161721.39,
                  "Plan Rows": 45827,
                  "Plan Width": 33,
                  "Actual Startup Time": 2387.246,
                  "Actual Total Time": 2387.256,
                  "Actual Rows": 0,
                  "Actual Loops": 4,
                  "Inner Unique": true,
                  "Hash Cond": "(ci.role_id = rt.id)",
                  "Plans": [
                    {
                      "Node Type": "Nested Loop",
                      "Parent Relationship": "Outer",
                      "Parallel Aware": false,
                      "Join Type": "Inner",
                      "Startup Cost": 47605.74,
                      "Total Cost": 161557.33,
                      "Plan Rows": 45827,
                      "Plan Width": 37,
                      "Actual Startup Time": 2386.862,
                      "Actual Total Time": 2386.87,
                      "Actual Rows": 0,
                      "Actual Loops": 4,
                      "Inner Unique": true,
                      "Plans": [
                        {
                          "Node Type": "Nested Loop",
                          "Parent Relationship": "Outer",
                          "Parallel Aware": false,
                          "Join Type": "Inner",
                          "Startup Cost": 47605.31,
                          "Total Cost": 135150.78,
                          "Plan Rows": 45827,
                          "Plan Width": 25,
                          "Actual Startup Time": 205.206,
                          "Actual Total Time": 2370.581,
                          "Actual Rows": 39350,
                          "Actual Loops": 4,
                          "Inner Unique": false,
                          "Join Filter": "(t.id = ci.movie_id)",
                          "Rows Removed by Join Filter": 0,
                          "Plans": [
                            {
                              "Node Type": "Hash Join",
                              "Parent Relationship": "Outer",
                              "Parallel Aware": false,
                              "Join Type": "Inner",
                              "Startup Cost": 47604.75,
                              "Total Cost": 77402.34,
                              "Plan Rows": 30127,
                              "Plan Width": 25,
                              "Actual Startup Time": 203.334,
                              "Actual Total Time": 582.339,
                              "Actual Rows": 69718,
                              "Actual Loops": 4,
                              "Inner Unique": true,
                              "Hash Cond": "(mc.company_type_id = ct.id)",
                              "Plans": [
                                {
                                  "Node Type": "Hash Join",
                                  "Parent Relationship": "Outer",
                                  "Parallel Aware": true,
                                  "Join Type": "Inner",
                                  "Startup Cost": 47603.66,
                                  "Total Cost": 77238.37,
                                  "Plan Rows": 30127,
                                  "Plan Width": 29,
                                  "Actual Startup Time": 203.216,
                                  "Actual Total Time": 566.573,
                                  "Actual Rows": 69718,
                                  "Actual Loops": 4,
                                  "Inner Unique": true,
                                  "Hash Cond": "(mc.company_id = cn.id)",
                                  "Plans": [
                                    {
                                      "Node Type": "Hash Join",
                                      "Parent Relationship": "Outer",
                                      "Parallel Aware": true,
                                      "Join Type": "Inner",
                                      "Startup Cost": 42256.26,
                                      "Total Cost": 71672.15,
                                      "Plan Rows": 83362,
                                      "Plan Width": 33,
                                      "Actual Startup Time": 171.308,
                                      "Actual Total Time": 496.088,
                                      "Actual Rows": 119134,
                                      "Actual Loops": 4,
                                      "Inner Unique": true,
                                      "Hash Cond": "(mc.movie_id = t.id)",
                                      "Plans": [
                                        {
                                          "Node Type": "Seq Scan",
                                          "Parent Relationship": "Outer",
                                          "Parallel Aware": true,
                                          "Relation Name": "movie_companies",
                                          "Alias": "mc",
                                          "Startup Cost": 0.0,
                                          "Total Cost": 27206.55,
                                          "Plan Rows": 841655,
                                          "Plan Width": 12,
                                          "Actual Startup Time": 0.023,
                                          "Actual Total Time": 95.526,
                                          "Actual Rows": 652282,
                                          "Actual Loops": 4
                                        },
                                        {
                                          "Node Type": "Hash",
                                          "Parent Relationship": "Inner",
                                          "Parallel Aware": true,
                                          "Startup Cost": 41473.71,
                                          "Total Cost": 41473.71,
                                          "Plan Rows": 62604,
                                          "Plan Width": 21,
                                          "Actual Startup Time": 169.858,
                                          "Actual Total Time": 169.86,
                                          "Actual Rows": 60350,
                                          "Actual Loops": 4,
                                          "Hash Buckets": 262144,
                                          "Original Hash Buckets": 262144,
                                          "Hash Batches": 1,
                                          "Original Hash Batches": 1,
                                          "Peak Memory Usage": 16064,
                                          "Plans": [
                                            {
                                              "Node Type": "Bitmap Heap Scan",
                                              "Parent Relationship": "Outer",
                                              "Parallel Aware": true,
                                              "Relation Name": "title",
                                              "Alias": "t",
                                              "Startup Cost": 4693.16,
                                              "Total Cost": 41473.71,
                                              "Plan Rows": 62604,
                                              "Plan Width": 21,
                                              "Actual Startup Time": 36.348,
                                              "Actual Total Time": 135.115,
                                              "Actual Rows": 60350,
                                              "Actual Loops": 4,
                                              "Recheck Cond": "(production_year < 1960)",
                                              "Rows Removed by Index Recheck": 0,
                                              "Exact Heap Blocks": 7929,
                                              "Lossy Heap Blocks": 0,
                                              "Plans": [
                                                {
                                                  "Node Type": "Bitmap Index Scan",
                                                  "Parent Relationship": "Outer",
                                                  "Parallel Aware": false,
                                                  "Index Name": "idx_title_production_year",
                                                  "Startup Cost": 0.0,
                                                  "Total Cost": 4630.56,
                                                  "Plan Rows": 250417,
                                                  "Plan Width": 0,
                                                  "Actual Startup Time": 30.843,
                                                  "Actual Total Time": 30.844,
                                                  "Actual Rows": 241400,
                                                  "Actual Loops": 1,
                                                  "Index Cond": "(production_year < 1960)"
                                                }
                                              ]
                                            }
                                          ]
                                        }
                                      ]
                                    },
                                    {
                                      "Node Type": "Hash",
                                      "Parent Relationship": "Inner",
                                      "Parallel Aware": true,
                                      "Startup Cost": 4722.92,
                                      "Total Cost": 4722.92,
                                      "Plan Rows": 49958,
                                      "Plan Width": 4,
                                      "Actual Startup Time": 30.458,
                                      "Actual Total Time": 30.459,
                                      "Actual Rows": 21211,
                                      "Actual Loops": 4,
                                      "Hash Buckets": 131072,
                                      "Original Hash Buckets": 131072,
                                      "Hash Batches": 1,
                                      "Original Hash Batches": 1,
                                      "Peak Memory Usage": 4384,
                                      "Plans": [
                                        {
                                          "Node Type": "Seq Scan",
                                          "Parent Relationship": "Outer",
                                          "Parallel Aware": true,
                                          "Relation Name": "company_name",
                                          "Alias": "cn",
                                          "Startup Cost": 0.0,
                                          "Total Cost": 4722.92,
                                          "Plan Rows": 49958,
                                          "Plan Width": 4,
                                          "Actual Startup Time": 0.07,
                                          "Actual Total Time": 22.34,
                                          "Actual Rows": 21211,
                                          "Actual Loops": 4,
                                          "Filter": "((country_code)::text = '[us]'::text)",
                                          "Rows Removed by Filter": 37538
                                        }
                                      ]
                                    }
                                  ]
                                },
                                {
                                  "Node Type": "Hash",
                                  "Parent Relationship": "Inner",
                                  "Parallel Aware": false,
                                  "Startup Cost": 1.04,
                                  "Total Cost": 1.04,
                                  "Plan Rows": 4,
                                  "Plan Width": 4,
                                  "Actual Startup Time": 0.056,
                                  "Actual Total Time": 0.058,
                                  "Actual Rows": 4,
                                  "Actual Loops": 4,
                                  "Hash Buckets": 1024,
                                  "Original Hash Buckets": 1024,
                                  "Hash Batches": 1,
                                  "Original Hash Batches": 1,
                                  "Peak Memory Usage": 9,
                                  "Plans": [
                                    {
                                      "Node Type": "Seq Scan",
                                      "Parent Relationship": "Outer",
                                      "Parallel Aware": false,
                                      "Relation Name": "company_type",
                                      "Alias": "ct",
                                      "Startup Cost": 0.0,
                                      "Total Cost": 1.04,
                                      "Plan Rows": 4,
                                      "Plan Width": 4,
                                      "Actual Startup Time": 0.031,
                                      "Actual Total Time": 0.034,
                                      "Actual Rows": 4,
                                      "Actual Loops": 4
                                    }
                                  ]
                                }
                              ]
                            },
                            {
                              "Node Type": "Index Scan",
                              "Parent Relationship": "Inner",
                              "Parallel Aware": false,
                              "Scan Direction": "Forward",
                              "Index Name": "movie_id_cast_info",
                              "Relation Name": "cast_info",
                              "Alias": "ci",
                              "Startup Cost": 0.56,
                              "Total Cost": 1.89,
                              "Plan Rows": 2,
                              "Plan Width": 12,
                              "Actual Startup Time": 0.021,
                              "Actual Total Time": 0.025,
                              "Actual Rows": 1,
                              "Actual Loops": 278872,
                              "Index Cond": "(movie_id = mc.movie_id)",
                              "Rows Removed by Index Recheck": 0,
                              "Filter": "(note ~~ '%(producer)%'::text)",
                              "Rows Removed by Filter": 15
                            }
                          ]
                        },
                        {
                          "Node Type": "Index Scan",
                          "Parent Relationship": "Inner",
                          "Parallel Aware": false,
                          "Scan Direction": "Forward",
                          "Index Name": "char_name_pkey",
                          "Relation Name": "char_name",
                          "Alias": "chn",
                          "Startup Cost": 0.43,
                          "Total Cost": 0.58,
                          "Plan Rows": 1,
                          "Plan Width": 20,
                          "Actual Startup Time": 0.0,
                          "Actual Total Time": 0.0,
                          "Actual Rows": 0,
                          "Actual Loops": 157398,
                          "Index Cond": "(id = ci.person_role_id)",
                          "Rows Removed by Index Recheck": 0
                        }
                      ]
                    },
                    {
                      "Node Type": "Hash",
                      "Parent Relationship": "Inner",
                      "Parallel Aware": false,
                      "Startup Cost": 1.12,
                      "Total Cost": 1.12,
                      "Plan Rows": 12,
                      "Plan Width": 4,
                      "Actual Startup Time": 0.088,
                      "Actual Total Time": 0.089,
                      "Actual Rows": 12,
                      "Actual Loops": 4,
                      "Hash Buckets": 1024,
                      "Original Hash Buckets": 1024,
                      "Hash Batches": 1,
                      "Original Hash Batches": 1,
                      "Peak Memory Usage": 9,
                      "Plans": [
                        {
                          "Node Type": "Seq Scan",
                          "Parent Relationship": "Outer",
                          "Parallel Aware": false,
                          "Relation Name": "role_type",
                          "Alias": "rt",
                          "Startup Cost": 0.0,
                          "Total Cost": 1.12,
                          "Plan Rows": 12,
                          "Plan Width": 4,
                          "Actual Startup Time": 0.047,
                          "Actual Total Time": 0.053,
                          "Actual Rows": 12,
                          "Actual Loops": 4
                        }
                      ]
                    }
                  ]
                }
              ]
            }
          ]
        }
      ]
    },
    "Planning Time": 5.796,
    "Triggers": [],
    "Execution Time": 2447.831
  }
]