[
  {
    "Plan": {
      "Node Type": "Aggregate",
      "Strategy": "Plain",
      "Partial Mode": "Finalize",
      "Parallel Aware": false,
      "Startup Cost": 31838.05,
      "Total Cost": 31838.06,
      "Plan Rows": 1,
      "Plan Width": 8,
      "Actual Startup Time": 100.155,
      "Actual Total Time": 107.417,
      "Actual Rows": 1,
      "Actual Loops": 1,
      "Plans": [
        {
          "Node Type": "Gather",
          "Parent Relationship": "Outer",
          "Parallel Aware": false,
          "Startup Cost": 31837.73,
          "Total Cost": 31838.04,
          "Plan Rows": 3,
          "Plan Width": 8,
          "Actual Startup Time": 99.93,
          "Actual Total Time": 107.407,
          "Actual Rows": 4,
          "Actual Loops": 1,
          "Workers Planned": 3,
          "Workers Launched": 3,
          "Single Copy": false,
          "Plans": [
            {
              "Node Type": "Aggregate",
              "Strategy": "Plain",
              "Partial Mode": "Partial",
              "Parent Relationship": "Outer",
              "Parallel Aware": false,
              "Startup Cost": 30837.73,
              "Total Cost": 30837.74,
              "Plan Rows": 1,
              "Plan Width": 8,
              "Actual Startup Time": 91.34,
              "Actual Total Time": 91.341,
              "Actual Rows": 1,
              "Actual Loops": 4,
              "Plans": [
                {
                  "Node Type": "Bitmap Heap Scan",
                  "Parent Relationship": "Outer",
                  "Parallel Aware": true,
                  "Relation Name": "movie_keyword",
                  "Alias": "mk",
                  "Startup Cost": 5198.61,
                  "Total Cost": 30640.21,
                  "Plan Rows": 79008,
                  "Plan Width": 0,
                  "Actual Startup Time": 31.624,
                  "Actual Total Time": 87.399,
                  "Actual Rows": 58715,
                  "Actual Loops": 4,
                  "Recheck Cond": "(keyword_id > 62664)",
                  "Rows Removed by Index Recheck": 0,
                  "Exact Heap Blocks": 10601,
                  "Lossy Heap Blocks": 0,
                  "Plans": [
                    {
                      "Node Type": "Bitmap Index Scan",
                      "Parent Relationship": "Outer",
                      "Parallel Aware": false,
                      "Index Name": "keyword_id_movie_keyword",
                      "Startup Cost": 0.0,
                      "Total Cost": 5137.38,
                      "Plan Rows": 244926,
                      "Plan Width": 0,
                      "Actual Startup Time": 34.367,
                      "Actual Total Time": 34.367,
                      "Actual Rows": 234861,
                      "Actual Loops": 1,
                      "Index Cond": "(keyword_id > 62664)"
                    }
                  ]
                }
              ]
            }
          ]
        }
      ]
    },
    "Planning Time": 0.198,
    "Triggers": [],
    "Execution Time": 107.519
  }
]