[
  {
    "Plan": {
      "Node Type": "Aggregate",
      "Strategy": "Plain",
      "Partial Mode": "Finalize",
      "Parallel Aware": false,
      "Startup Cost": 40943.51,
      "Total Cost": 40943.52,
      "Plan Rows": 1,
      "Plan Width": 8,
      "Actual Startup Time": 117.681,
      "Actual Total Time": 121.752,
      "Actual Rows": 1,
      "Actual Loops": 1,
      "Plans": [
        {
          "Node Type": "Gather",
          "Parent Relationship": "Outer",
          "Parallel Aware": false,
          "Startup Cost": 40943.19,
          "Total Cost": 40943.5,
          "Plan Rows": 3,
          "Plan Width": 8,
          "Actual Startup Time": 117.512,
          "Actual Total Time": 121.747,
          "Actual Rows": 4,
          "Actual Loops": 1,
          "Workers Planned": 3,
          "Workers Launched": 3,
          "Single Copy": false,
          "Plans": [
            {
              "Node Type": "Aggregate",
              "Strategy": "Plain",
              "Partial Mode": "Partial",
              "Parent Relationship": "Outer",
              "Parallel Aware": false,
              "Startup Cost": 39943.19,
              "Total Cost": 39943.2,
              "Plan Rows": 1,
              "Plan Width": 8,
              "Actual Startup Time": 112.876,
              "Actual Total Time": 112.877,
              "Actual Rows": 1,
              "Actual Loops": 4,
              "Plans": [
                {
                  "Node Type": "Bitmap Heap Scan",
                  "Parent Relationship": "Outer",
                  "Parallel Aware": true,
                  "Relation Name": "movie_keyword",
                  "Alias": "mk",
                  "Startup Cost": 12612.28,
                  "Total Cost": 39463.7,
                  "Plan Rows": 191794,
                  "Plan Width": 0,
                  "Actual Startup Time": 41.807,
                  "Actual Total Time": 104.623,
                  "Actual Rows": 146986,
                  "Actual Loops": 4,
                  "Recheck Cond": "(keyword_id > 31227)",
                  "Rows Removed by Index Recheck": 0,
                  "Exact Heap Blocks": 10187,
                  "Lossy Heap Blocks": 0,
                  "Plans": [
                    {
                      "Node Type": "Bitmap Index Scan",
                      "Parent Relationship": "Outer",
                      "Parallel Aware": false,
                      "Index Name": "keyword_id_movie_keyword",
                      "Startup Cost": 0.0,
                      "Total Cost": 12463.64,
                      "Plan Rows": 594561,
                      "Plan Width": 0,
                      "Actual Startup Time": 42.419,
                      "Actual Total Time": 42.419,
                      "Actual Rows": 587943,
                      "Actual Loops": 1,
                      "Index Cond": "(keyword_id > 31227)"
                    }
                  ]
                }
              ]
            }
          ]
        }
      ]
    },
    "Planning Time": 0.057,
    "Triggers": [],
    "Execution Time": 121.782
  }
]