[
  {
    "Plan": {
      "Node Type": "Aggregate",
      "Strategy": "Plain",
      "Partial Mode": "Simple",
      "Parallel Aware": false,
      "Startup Cost": 40000073410.97,
      "Total Cost": 40000073410.98,
      "Plan Rows": 1,
      "Plan Width": 68,
      "Actual Startup Time": 547.978,
      "Actual Total Time": 547.981,
      "Actual Rows": 1,
      "Actual Loops": 1,
      "Plans": [
        {
          "Node Type": "Nested Loop",
          "Parent Relationship": "Outer",
          "Parallel Aware": false,
          "Join Type": "Inner",
          "Startup Cost": 40000000003.27,
          "Total Cost": 40000073410.91,
          "Plan Rows": 8,
          "Plan Width": 45,
          "Actual Startup Time": 438.988,
          "Actual Total Time": 547.967,
          "Actual Rows": 3,
          "Actual Loops": 1,
          "Inner Unique": true,
          "Join Filter": "(mc.movie_id = t.id)",
          "Rows Removed by Join Filter": 0,
          "Plans": [
            {
              "Node Type": "Nested Loop",
              "Parent Relationship": "Outer",
              "Parallel Aware": false,
              "Join Type": "Inner",
              "Startup Cost": 30000000002.8,
              "Total Cost": 30000073177.36,
              "Plan Rows": 52,
              "Plan Width": 32,
              "Actual Startup Time": 398.956,
              "Actual Total Time": 547.507,
              "Actual Rows": 23,
              "Actual Loops": 1,
              "Inner Unique": false,
              "Join Filter": "(mi_idx.info_type_id = it.id)",
              "Rows Removed by Join Filter": 36963,
              "Plans": [
                {
                  "Node Type": "Seq Scan",
                  "Parent Relationship": "Outer",
                  "Parallel Aware": false,
                  "Relation Name": "info_type",
                  "Alias": "it",
                  "Startup Cost": 0.0,
                  "Total Cost": 2.41,
                  "Plan Rows": 1,
                  "Plan Width": 4,
                  "Actual Startup Time": 0.029,
                  "Actual Total Time": 0.031,
                  "Actual Rows": 1,
                  "Actual Loops": 1,
                  "Filter": "((info)::text = 'top 250 rank'::text)",
                  "Rows Removed by Filter": 112
                },
                {
                  "Node Type": "Nested Loop",
                  "Parent Relationship": "Inner",
                  "Parallel Aware": false,
                  "Join Type": "Inner",
                  "Startup Cost": 20000000002.8,
                  "Total Cost": 20000073101.78,
                  "Plan Rows": 5853,
                  "Plan Width": 36,
                  "Actual Startup Time": 315.579,
                  "Actual Total Time": 545.115,
                  "Actual Rows": 36986,
                  "Actual Loops": 1,
                  "Inner Unique": false,
                  "Plans": [
                    {
                      "Node Type": "Nested Loop",
                      "Parent Relationship": "Outer",
                      "Parallel Aware": false,
                      "Join Type": "Inner",
                      "Startup Cost": 10000000000.0,
                      "Total Cost": 10000058059.4,
                      "Plan Rows": 2190,
                      "Plan Width": 28,
                      "Actual Startup Time": 315.503,
                      "Actual Total Time": 441.198,
                      "Actual Rows": 17811,
                      "Actual Loops": 1,
                      "Inner Unique": true,
                      "Join Filter": "(ct.id = mc.company_type_id)",
                      "Rows Removed by Join Filter": 5,
                      "Plans": [
                        {
                          "Node Type": "Seq Scan",
                          "Parent Relationship": "Outer",
                          "Parallel Aware": false,
                          "Relation Name": "movie_companies",
                          "Alias": "mc",
                          "Startup Cost": 0.0,
                          "Total Cost": 57926.93,
                          "Plan Rows": 8761,
                          "Plan Width": 32,
                          "Actual Startup Time": 192.382,
                          "Actual Total Time": 435.118,
                          "Actual Rows": 17816,
                          "Actual Loops": 1,
                          "Filter": "((note !~~ '%(as Metro-Goldwyn-Mayer Pictures)%'::text) AND (note ~~ '%(co-production)%'::text))",
                          "Rows Removed by Filter": 2591313
                        },
                        {
                          "Node Type": "Materialize",
                          "Parent Relationship": "Inner",
                          "Parallel Aware": false,
                          "Startup Cost": 0.0,
                          "Total Cost": 1.05,
                          "Plan Rows": 1,
                          "Plan Width": 4,
                          "Actual Startup Time": 0.0,
                          "Actual Total Time": 0.0,
                          "Actual Rows": 1,
                          "Actual Loops": 17816,
                          "Plans": [
                            {
                              "Node Type": "Seq Scan",
                              "Parent Relationship": "Outer",
                              "Parallel Aware": false,
                              "Relation Name": "company_type",
                              "Alias": "ct",
                              "Startup Cost": 0.0,
                              "Total Cost": 1.05,
                              "Plan Rows": 1,
                              "Plan Width": 4,
                              "Actual Startup Time": 0.017,
                              "Actual Total Time": 0.018,
                              "Actual Rows": 1,
                              "Actual Loops": 1,
                              "Filter": "((kind)::text = 'production companies'::text)",
                              "Rows Removed by Filter": 3
                            }
                          ]
                        }
                      ]
                    },
                    {
                      "Node Type": "Bitmap Heap Scan",
                      "Parent Relationship": "Inner",
                      "Parallel Aware": false,
                      "Relation Name": "movie_info_idx",
                      "Alias": "mi_idx",
                      "Startup Cost": 2.8,
                      "Total Cost": 6.84,
                      "Plan Rows": 3,
                      "Plan Width": 8,
                      "Actual Startup Time": 0.004,
                      "Actual Total Time": 0.004,
                      "Actual Rows": 2,
                      "Actual Loops": 17811,
                      "Recheck Cond": "(movie_id = mc.movie_id)",
                      "Rows Removed by Index Recheck": 0,
                      "Exact Heap Blocks": 12423,
                      "Lossy Heap Blocks": 0,
                      "Plans": [
                        {
                          "Node Type": "Bitmap Index Scan",
                          "Parent Relationship": "Outer",
                          "Parallel Aware": false,
                          "Index Name": "movie_id_movie_info_idx",
                          "Startup Cost": 0.0,
                          "Total Cost": 2.8,
                          "Plan Rows": 3,
                          "Plan Width": 0,
                          "Actual Startup Time": 0.003,
                          "Actual Total Time": 0.003,
                          "Actual Rows": 2,
                          "Actual Loops": 17811,
                          "Index Cond": "(movie_id = mc.movie_id)"
                        }
                      ]
                    }
                  ]
                }
              ]
            },
            {
              "Node Type": "Bitmap Heap Scan",
              "Parent Relationship": "Inner",
              "Parallel Aware": false,
              "Relation Name": "title",
              "Alias": "t",
              "Startup Cost": 0.46,
              "Total Cost": 4.48,
              "Plan Rows": 1,
              "Plan Width": 25,
              "Actual Startup Time": 0.018,
              "Actual Total Time": 0.018,
              "Actual Rows": 0,
              "Actual Loops": 23,
              "Recheck Cond": "(id = mi_idx.movie_id)",
              "Rows Removed by Index Recheck": 0,
              "Filter": "(production_year > 2010)",
              "Rows Removed by Filter": 1,
              "Exact Heap Blocks": 23,
              "Lossy Heap Blocks": 0,
              "Plans": [
                {
                  "Node Type": "Bitmap Index Scan",
                  "Parent Relationship": "Outer",
                  "Parallel Aware": false,
                  "Index Name": "title_pkey",
                  "Startup Cost": 0.0,
                  "Total Cost": 0.46,
                  "Plan Rows": 1,
                  "Plan Width": 0,
                  "Actual Startup Time": 0.012,
                  "Actual Total Time": 0.012,
                  "Actual Rows": 1,
                  "Actual Loops": 23,
                  "Index Cond": "(id = mi_idx.movie_id)"
                }
              ]
            }
          ]
        }
      ]
    },
    "Planning Time": 2.337,
    "Triggers": [],
    "Execution Time": 548.224
  }
]