{
  "Plan": {
    "Node Type": "Aggregate",
    "Strategy": "Plain",
    "Partial Mode": "Finalize",
    "Parallel Aware": false,
    "Startup Cost": 269280.3,
    "Total Cost": 269280.31,
    "Plan Rows": 1,
    "Plan Width": 8,
    "Actual Startup Time": 1726.211,
    "Actual Total Time": 1770.723,
    "Actual Rows": 1,
    "Actual Loops": 1,
    "Plans": [
      {
        "Node Type": "Gather",
        "Parent Relationship": "Outer",
        "Parallel Aware": false,
        "Startup Cost": 269280.18,
        "Total Cost": 269280.29,
        "Plan Rows": 1,
        "Plan Width": 8,
        "Actual Startup Time": 1716.15,
        "Actual Total Time": 1770.711,
        "Actual Rows": 2,
        "Actual Loops": 1,
        "Workers Planned": 1,
        "Workers Launched": 1,
        "Single Copy": false,
        "Plans": [
          {
            "Node Type": "Aggregate",
            "Strategy": "Plain",
            "Partial Mode": "Partial",
            "Parent Relationship": "Outer",
            "Parallel Aware": false,
            "Startup Cost": 268280.18,
            "Total Cost": 268280.19,
            "Plan Rows": 1,
            "Plan Width": 8,
            "Actual Startup Time": 1705.248,
            "Actual Total Time": 1707.031,
            "Actual Rows": 1,
            "Actual Loops": 2,
            "Plans": [
              {
                "Node Type": "Hash Join",
                "Parent Relationship": "Outer",
                "Parallel Aware": true,
                "Join Type": "Inner",
                "Startup Cost": 161620.73,
                "Total Cost": 268171.05,
                "Plan Rows": 43654,
                "Plan Width": 0,
                "Actual Startup Time": 1480.469,
                "Actual Total Time": 1631.563,
                "Actual Rows": 1868210,
                "Actual Loops": 2,
                "Inner Unique": false,
                "Hash Cond": "(mi.movie_id = t.id)",
                "Plans": [
                  {
                    "Node Type": "Bitmap Heap Scan",
                    "Parent Relationship": "Outer",
                    "Parallel Aware": true,
                    "Relation Name": "movie_info",
                    "Alias": "mi",
                    "Startup Cost": 902.17,
                    "Total Cost": 107049.31,
                    "Plan Rows": 29278,
                    "Plan Width": 4,
                    "Actual Startup Time": 2.973,
                    "Actual Total Time": 13.726,
                    "Actual Rows": 25134,
                    "Actual Loops": 2,
                    "Recheck Cond": "(info_type_id > 107)",
                    "Rows Removed by Index Recheck": 0,
                    "Exact Heap Blocks": 2354,
                    "Lossy Heap Blocks": 0,
                    "Plans": [
                      {
                        "Node Type": "Bitmap Index Scan",
                        "Parent Relationship": "Outer",
                        "Parallel Aware": false,
                        "Index Name": "info_type_id_movie_info",
                        "Startup Cost": 0.0,
                        "Total Cost": 889.72,
                        "Plan Rows": 49772,
                        "Plan Width": 0,
                        "Actual Startup Time": 2.39,
                        "Actual Total Time": 2.391,
                        "Actual Rows": 50267,
                        "Actual Loops": 1,
                        "Index Cond": "(info_type_id > 107)"
                      }
                    ]
                  },
                  {
                    "Node Type": "Hash",
                    "Parent Relationship": "Inner",
                    "Parallel Aware": true,
                    "Startup Cost": 132999.83,
                    "Total Cost": 132999.83,
                    "Plan Rows": 2217498,
                    "Plan Width": 8,
                    "Actual Startup Time": 1456.148,
                    "Actual Total Time": 1457.929,
                    "Actual Rows": 1881152,
                    "Actual Loops": 2,
                    "Hash Buckets": 4194304,
                    "Original Hash Buckets": 4194304,
                    "Hash Batches": 1,
                    "Original Hash Batches": 1,
                    "Peak Memory Usage": 180000,
                    "Plans": [
                      {
                        "Node Type": "Hash Join",
                        "Parent Relationship": "Outer",
                        "Parallel Aware": true,
                        "Join Type": "Inner",
                        "Startup Cost": 69460.7,
                        "Total Cost": 132999.83,
                        "Plan Rows": 2217498,
                        "Plan Width": 8,
                        "Actual Startup Time": 566.164,
                        "Actual Total Time": 1111.212,
                        "Actual Rows": 1881152,
                        "Actual Loops": 2,
                        "Inner Unique": true,
                        "Hash Cond": "(mk.movie_id = t.id)",
                        "Plans": [
                          {
                            "Node Type": "Seq Scan",
                            "Parent Relationship": "Outer",
                            "Parallel Aware": true,
                            "Relation Name": "movie_keyword",
                            "Alias": "mk",
                            "Startup Cost": 0.0,
                            "Total Cost": 57718.19,
                            "Plan Rows": 2217498,
                            "Plan Width": 4,
                            "Actual Startup Time": 0.054,
                            "Actual Total Time": 224.249,
                            "Actual Rows": 1881152,
                            "Actual Loops": 2,
                            "Filter": "(keyword_id > 714)",
                            "Rows Removed by Filter": 380812
                          },
                          {
                            "Node Type": "Hash",
                            "Parent Relationship": "Inner",
                            "Parallel Aware": true,
                            "Startup Cost": 50870.31,
                            "Total Cost": 50870.31,
                            "Plan Rows": 1487231,
                            "Plan Width": 4,
                            "Actual Startup Time": 554.335,
                            "Actual Total Time": 554.336,
                            "Actual Rows": 1264156,
                            "Actual Loops": 2,
                            "Hash Buckets": 4194304,
                            "Original Hash Buckets": 4194304,
                            "Hash Batches": 1,
                            "Original Hash Batches": 1,
                            "Peak Memory Usage": 131712,
                            "Plans": [
                              {
                                "Node Type": "Seq Scan",
                                "Parent Relationship": "Outer",
                                "Parallel Aware": true,
                                "Relation Name": "title",
                                "Alias": "t",
                                "Startup Cost": 0.0,
                                "Total Cost": 50870.31,
                                "Plan Rows": 1487231,
                                "Plan Width": 4,
                                "Actual Startup Time": 0.026,
                                "Actual Total Time": 155.174,
                                "Actual Rows": 1264156,
                                "Actual Loops": 2
                              }
                            ]
                          }
                        ]
                      }
                    ]
                  }
                ]
              }
            ]
          }
        ]
      }
    ]
  },
  "Planning Time": 0.857,
  "Triggers": [],
  "Execution Time": 1770.822
}