[
  {
    "Plan": {
      "Node Type": "Aggregate",
      "Strategy": "Plain",
      "Partial Mode": "Finalize",
      "Parallel Aware": false,
      "Startup Cost": 224289.63,
      "Total Cost": 224289.64,
      "Plan Rows": 1,
      "Plan Width": 8,
      "Actual Startup Time": 858.357,
      "Actual Total Time": 919.407,
      "Actual Rows": 1,
      "Actual Loops": 1,
      "Plans": [
        {
          "Node Type": "Gather",
          "Parent Relationship": "Outer",
          "Parallel Aware": false,
          "Startup Cost": 224289.11,
          "Total Cost": 224289.62,
          "Plan Rows": 5,
          "Plan Width": 8,
          "Actual Startup Time": 852.29,
          "Actual Total Time": 919.387,
          "Actual Rows": 6,
          "Actual Loops": 1,
          "Workers Planned": 5,
          "Workers Launched": 5,
          "Single Copy": false,
          "Plans": [
            {
              "Node Type": "Aggregate",
              "Strategy": "Plain",
              "Partial Mode": "Partial",
              "Parent Relationship": "Outer",
              "Parallel Aware": false,
              "Startup Cost": 223289.11,
              "Total Cost": 223289.12,
              "Plan Rows": 1,
              "Plan Width": 8,
              "Actual Startup Time": 840.61,
              "Actual Total Time": 840.616,
              "Actual Rows": 1,
              "Actual Loops": 6,
              "Plans": [
                {
                  "Node Type": "Nested Loop",
                  "Parent Relationship": "Outer",
                  "Parallel Aware": false,
                  "Join Type": "Inner",
                  "Startup Cost": 46998.13,
                  "Total Cost": 222901.43,
                  "Plan Rows": 155071,
                  "Plan Width": 0,
                  "Actual Startup Time": 192.004,
                  "Actual Total Time": 817.605,
                  "Actual Rows": 301552,
                  "Actual Loops": 6,
                  "Inner Unique": false,
                  "Plans": [
                    {
                      "Node Type": "Hash Join",
                      "Parent Relationship": "Outer",
                      "Parallel Aware": true,
                      "Join Type": "Inner",
                      "Startup Cost": 46997.69,
                      "Total Cost": 157602.91,
                      "Plan Rows": 26520,
                      "Plan Width": 8,
                      "Actual Startup Time": 191.889,
                      "Actual Total Time": 372.869,
                      "Actual Rows": 13093,
                      "Actual Loops": 6,
                      "Inner Unique": true,
                      "Hash Cond": "(ci.movie_id = t.id)",
                      "Plans": [
                        {
                          "Node Type": "Index Scan",
                          "Parent Relationship": "Outer",
                          "Parallel Aware": true,
                          "Scan Direction": "Forward",
                          "Index Name": "role_id_cast_info",
                          "Relation Name": "cast_info",
                          "Alias": "ci",
                          "Startup Cost": 0.56,
                          "Total Cost": 110428.26,
                          "Plan Rows": 67630,
                          "Plan Width": 4,
                          "Actual Startup Time": 0.314,
                          "Actual Total Time": 150.804,
                          "Actual Rows": 39117,
                          "Actual Loops": 6,
                          "Index Cond": "(role_id = 3)",
                          "Rows Removed by Index Recheck": 0,
                          "Filter": "(person_id < 299682)",
                          "Rows Removed by Filter": 628889
                        },
                        {
                          "Node Type": "Hash",
                          "Parent Relationship": "Inner",
                          "Parallel Aware": true,
                          "Startup Cost": 43898.92,
                          "Total Cost": 43898.92,
                          "Plan Rows": 247857,
                          "Plan Width": 4,
                          "Actual Startup Time": 187.744,
                          "Actual Total Time": 187.746,
                          "Actual Rows": 164175,
                          "Actual Loops": 6,
                          "Hash Buckets": 1048576,
                          "Original Hash Buckets": 1048576,
                          "Hash Batches": 1,
                          "Original Hash Batches": 1,
                          "Peak Memory Usage": 46816,
                          "Plans": [
                            {
                              "Node Type": "Seq Scan",
                              "Parent Relationship": "Outer",
                              "Parallel Aware": true,
                              "Relation Name": "title",
                              "Alias": "t",
                              "Startup Cost": 0.0,
                              "Total Cost": 43898.92,
                              "Plan Rows": 247857,
                              "Plan Width": 4,
                              "Actual Startup Time": 0.048,
                              "Actual Total Time": 105.603,
                              "Actual Rows": 164175,
                              "Actual Loops": 6,
                              "Filter": "(kind_id < 7)",
                              "Rows Removed by Filter": 257211
                            }
                          ]
                        }
                      ]
                    },
                    {
                      "Node Type": "Index Only Scan",
                      "Parent Relationship": "Inner",
                      "Parallel Aware": false,
                      "Scan Direction": "Forward",
                      "Index Name": "movie_id_movie_info",
                      "Relation Name": "movie_info",
                      "Alias": "mi",
                      "Startup Cost": 0.43,
                      "Total Cost": 2.04,
                      "Plan Rows": 42,
                      "Plan Width": 4,
                      "Actual Startup Time": 0.01,
                      "Actual Total Time": 0.031,
                      "Actual Rows": 23,
                      "Actual Loops": 78558,
                      "Index Cond": "(movie_id = t.id)",
                      "Rows Removed by Index Recheck": 0,
                      "Heap Fetches": 1809312
                    }
                  ]
                }
              ]
            }
          ]
        }
      ]
    },
    "Planning Time": 1.403,
    "Triggers": [],
    "Execution Time": 919.526
  }
]