{
  "Plan": {
    "Node Type": "Aggregate",
    "Strategy": "Plain",
    "Partial Mode": "Finalize",
    "Parallel Aware": false,
    "Startup Cost": 131582.82,
    "Total Cost": 131582.83,
    "Plan Rows": 1,
    "Plan Width": 8,
    "Actual Startup Time": 900.988,
    "Actual Total Time": 919.864,
    "Actual Rows": 1,
    "Actual Loops": 1,
    "Plans": [
      {
        "Node Type": "Gather",
        "Parent Relationship": "Outer",
        "Parallel Aware": false,
        "Startup Cost": 131582.71,
        "Total Cost": 131582.82,
        "Plan Rows": 1,
        "Plan Width": 8,
        "Actual Startup Time": 896.607,
        "Actual Total Time": 919.857,
        "Actual Rows": 2,
        "Actual Loops": 1,
        "Workers Planned": 1,
        "Workers Launched": 1,
        "Single Copy": false,
        "Plans": [
          {
            "Node Type": "Aggregate",
            "Strategy": "Plain",
            "Partial Mode": "Partial",
            "Parent Relationship": "Outer",
            "Parallel Aware": false,
            "Startup Cost": 130582.71,
            "Total Cost": 130582.72,
            "Plan Rows": 1,
            "Plan Width": 8,
            "Actual Startup Time": 890.373,
            "Actual Total Time": 890.379,
            "Actual Rows": 1,
            "Actual Loops": 2,
            "Plans": [
              {
                "Node Type": "Hash Join",
                "Parent Relationship": "Outer",
                "Parallel Aware": true,
                "Join Type": "Inner",
                "Startup Cost": 110308.07,
                "Total Cost": 130231.5,
                "Plan Rows": 140485,
                "Plan Width": 0,
                "Actual Startup Time": 737.542,
                "Actual Total Time": 870.387,
                "Actual Rows": 498788,
                "Actual Loops": 2,
                "Inner Unique": false,
                "Hash Cond": "(mi_idx.movie_id = t.id)",
                "Plans": [
                  {
                    "Node Type": "Seq Scan",
                    "Parent Relationship": "Outer",
                    "Parallel Aware": true,
                    "Relation Name": "movie_info_idx",
                    "Alias": "mi_idx",
                    "Startup Cost": 0.0,
                    "Total Cost": 16052.85,
                    "Plan Rows": 811785,
                    "Plan Width": 4,
                    "Actual Startup Time": 0.022,
                    "Actual Total Time": 45.438,
                    "Actual Rows": 690018,
                    "Actual Loops": 2
                  },
                  {
                    "Node Type": "Hash",
                    "Parent Relationship": "Inner",
                    "Parallel Aware": true,
                    "Startup Cost": 107090.87,
                    "Total Cost": 107090.87,
                    "Plan Rows": 257376,
                    "Plan Width": 8,
                    "Actual Startup Time": 714.669,
                    "Actual Total Time": 714.674,
                    "Actual Rows": 213635,
                    "Actual Loops": 2,
                    "Hash Buckets": 524288,
                    "Original Hash Buckets": 524288,
                    "Hash Batches": 1,
                    "Original Hash Batches": 1,
                    "Peak Memory Usage": 20864,
                    "Plans": [
                      {
                        "Node Type": "Hash Join",
                        "Parent Relationship": "Outer",
                        "Parallel Aware": true,
                        "Join Type": "Inner",
                        "Startup Cost": 78744.06,
                        "Total Cost": 107090.87,
                        "Plan Rows": 257376,
                        "Plan Width": 8,
                        "Actual Startup Time": 550.124,
                        "Actual Total Time": 672.417,
                        "Actual Rows": 213635,
                        "Actual Loops": 2,
                        "Inner Unique": true,
                        "Hash Cond": "(mk.movie_id = t.id)",
                        "Plans": [
                          {
                            "Node Type": "Bitmap Heap Scan",
                            "Parent Relationship": "Outer",
                            "Parallel Aware": true,
                            "Relation Name": "movie_keyword",
                            "Alias": "mk",
                            "Startup Cost": 9283.36,
                            "Total Cost": 36954.56,
                            "Plan Rows": 257376,
                            "Plan Width": 4,
                            "Actual Startup Time": 26.216,
                            "Actual Total Time": 88.107,
                            "Actual Rows": 213635,
                            "Actual Loops": 2,
                            "Recheck Cond": "(keyword_id > 40943)",
                            "Rows Removed by Index Recheck": 0,
                            "Exact Heap Blocks": 12478,
                            "Lossy Heap Blocks": 0,
                            "Plans": [
                              {
                                "Node Type": "Bitmap Index Scan",
                                "Parent Relationship": "Outer",
                                "Parallel Aware": false,
                                "Index Name": "keyword_id_movie_keyword",
                                "Startup Cost": 0.0,
                                "Total Cost": 9173.98,
                                "Plan Rows": 437539,
                                "Plan Width": 0,
                                "Actual Startup Time": 22.897,
                                "Actual Total Time": 22.897,
                                "Actual Rows": 427270,
                                "Actual Loops": 1,
                                "Index Cond": "(keyword_id > 40943)"
                              }
                            ]
                          },
                          {
                            "Node Type": "Hash",
                            "Parent Relationship": "Inner",
                            "Parallel Aware": true,
                            "Startup Cost": 50870.31,
                            "Total Cost": 50870.31,
                            "Plan Rows": 1487231,
                            "Plan Width": 4,
                            "Actual Startup Time": 506.651,
                            "Actual Total Time": 506.652,
                            "Actual Rows": 1264156,
                            "Actual Loops": 2,
                            "Hash Buckets": 4194304,
                            "Original Hash Buckets": 4194304,
                            "Hash Batches": 1,
                            "Original Hash Batches": 1,
                            "Peak Memory Usage": 131712,
                            "Plans": [
                              {
                                "Node Type": "Seq Scan",
                                "Parent Relationship": "Outer",
                                "Parallel Aware": true,
                                "Relation Name": "title",
                                "Alias": "t",
                                "Startup Cost": 0.0,
                                "Total Cost": 50870.31,
                                "Plan Rows": 1487231,
                                "Plan Width": 4,
                                "Actual Startup Time": 0.028,
                                "Actual Total Time": 147.236,
                                "Actual Rows": 1264156,
                                "Actual Loops": 2
                              }
                            ]
                          }
                        ]
                      }
                    ]
                  }
                ]
              }
            ]
          }
        ]
      }
    ]
  },
  "Planning Time": 1.05,
  "Triggers": [],
  "Execution Time": 919.962
}