[
  {
    "Plan": {
      "Node Type": "Aggregate",
      "Strategy": "Plain",
      "Partial Mode": "Finalize",
      "Parallel Aware": false,
      "Startup Cost": 220063.17,
      "Total Cost": 220063.18,
      "Plan Rows": 1,
      "Plan Width": 8,
      "Actual Startup Time": 127.615,
      "Actual Total Time": 146.113,
      "Actual Rows": 1,
      "Actual Loops": 1,
      "Plans": [
        {
          "Node Type": "Gather",
          "Parent Relationship": "Outer",
          "Parallel Aware": false,
          "Startup Cost": 220062.75,
          "Total Cost": 220063.16,
          "Plan Rows": 4,
          "Plan Width": 8,
          "Actual Startup Time": 127.356,
          "Actual Total Time": 146.105,
          "Actual Rows": 5,
          "Actual Loops": 1,
          "Workers Planned": 4,
          "Workers Launched": 4,
          "Single Copy": false,
          "Plans": [
            {
              "Node Type": "Aggregate",
              "Strategy": "Plain",
              "Partial Mode": "Partial",
              "Parent Relationship": "Outer",
              "Parallel Aware": false,
              "Startup Cost": 219062.75,
              "Total Cost": 219062.76,
              "Plan Rows": 1,
              "Plan Width": 8,
              "Actual Startup Time": 117.499,
              "Actual Total Time": 117.5,
              "Actual Rows": 1,
              "Actual Loops": 5,
              "Plans": [
                {
                  "Node Type": "Nested Loop",
                  "Parent Relationship": "Outer",
                  "Parallel Aware": false,
                  "Join Type": "Inner",
                  "Startup Cost": 0.43,
                  "Total Cost": 219058.48,
                  "Plan Rows": 1708,
                  "Plan Width": 0,
                  "Actual Startup Time": 2.302,
                  "Actual Total Time": 117.428,
                  "Actual Rows": 416,
                  "Actual Loops": 5,
                  "Inner Unique": false,
                  "Plans": [
                    {
                      "Node Type": "Seq Scan",
                      "Parent Relationship": "Outer",
                      "Parallel Aware": true,
                      "Relation Name": "title",
                      "Alias": "t",
                      "Startup Cost": 0.0,
                      "Total Cost": 45479.1,
                      "Plan Rows": 2813,
                      "Plan Width": 4,
                      "Actual Startup Time": 0.317,
                      "Actual Total Time": 79.416,
                      "Actual Rows": 1925,
                      "Actual Loops": 5,
                      "Filter": "((kind_id > 1) AND (production_year = 1976))",
                      "Rows Removed by Filter": 503737
                    },
                    {
                      "Node Type": "Index Scan",
                      "Parent Relationship": "Inner",
                      "Parallel Aware": false,
                      "Scan Direction": "Forward",
                      "Index Name": "movie_id_movie_info",
                      "Relation Name": "movie_info",
                      "Alias": "mi",
                      "Startup Cost": 0.43,
                      "Total Cost": 61.67,
                      "Plan Rows": 4,
                      "Plan Width": 4,
                      "Actual Startup Time": 0.019,
                      "Actual Total Time": 0.019,
                      "Actual Rows": 0,
                      "Actual Loops": 9627,
                      "Index Cond": "(movie_id = t.id)",
                      "Rows Removed by Index Recheck": 0,
                      "Filter": "(info_type_id = 3)",
                      "Rows Removed by Filter": 4
                    }
                  ]
                }
              ]
            }
          ]
        }
      ]
    },
    "Planning Time": 0.68,
    "Triggers": [],
    "Execution Time": 146.199
  }
]