[
  {
    "Plan": {
      "Node Type": "Aggregate",
      "Strategy": "Plain",
      "Partial Mode": "Finalize",
      "Parallel Aware": false,
      "Startup Cost": 351091.07,
      "Total Cost": 351091.08,
      "Plan Rows": 1,
      "Plan Width": 8,
      "Actual Startup Time": 807.196,
      "Actual Total Time": 864.141,
      "Actual Rows": 1,
      "Actual Loops": 1,
      "Plans": [
        {
          "Node Type": "Gather",
          "Parent Relationship": "Outer",
          "Parallel Aware": false,
          "Startup Cost": 351090.44,
          "Total Cost": 351091.05,
          "Plan Rows": 6,
          "Plan Width": 8,
          "Actual Startup Time": 807.061,
          "Actual Total Time": 864.131,
          "Actual Rows": 7,
          "Actual Loops": 1,
          "Workers Planned": 6,
          "Workers Launched": 6,
          "Single Copy": false,
          "Plans": [
            {
              "Node Type": "Aggregate",
              "Strategy": "Plain",
              "Partial Mode": "Partial",
              "Parent Relationship": "Outer",
              "Parallel Aware": false,
              "Startup Cost": 350090.44,
              "Total Cost": 350090.45,
              "Plan Rows": 1,
              "Plan Width": 8,
              "Actual Startup Time": 796.956,
              "Actual Total Time": 796.957,
              "Actual Rows": 1,
              "Actual Loops": 7,
              "Plans": [
                {
                  "Node Type": "Seq Scan",
                  "Parent Relationship": "Outer",
                  "Parallel Aware": true,
                  "Relation Name": "cast_info",
                  "Alias": "ci",
                  "Startup Cost": 0.0,
                  "Total Cost": 343257.03,
                  "Plan Rows": 2733366,
                  "Plan Width": 0,
                  "Actual Startup Time": 217.881,
                  "Actual Total Time": 676.324,
                  "Actual Rows": 2919319,
                  "Actual Loops": 7,
                  "Filter": "((person_id > 1101676) AND (role_id > 1))",
                  "Rows Removed by Filter": 2258444
                }
              ]
            }
          ]
        }
      ]
    },
    "Planning Time": 0.204,
    "Triggers": [],
    "Execution Time": 864.204
  }
]