[
  {
    "Plan": {
      "Node Type": "Aggregate",
      "Strategy": "Plain",
      "Partial Mode": "Finalize",
      "Parallel Aware": false,
      "Startup Cost": 78730.9,
      "Total Cost": 78730.91,
      "Plan Rows": 1,
      "Plan Width": 8,
      "Actual Startup Time": 204.976,
      "Actual Total Time": 223.658,
      "Actual Rows": 1,
      "Actual Loops": 1,
      "Plans": [
        {
          "Node Type": "Gather",
          "Parent Relationship": "Outer",
          "Parallel Aware": false,
          "Startup Cost": 78730.58,
          "Total Cost": 78730.89,
          "Plan Rows": 3,
          "Plan Width": 8,
          "Actual Startup Time": 204.272,
          "Actual Total Time": 223.648,
          "Actual Rows": 4,
          "Actual Loops": 1,
          "Workers Planned": 3,
          "Workers Launched": 3,
          "Single Copy": false,
          "Plans": [
            {
              "Node Type": "Aggregate",
              "Strategy": "Plain",
              "Partial Mode": "Partial",
              "Parent Relationship": "Outer",
              "Parallel Aware": false,
              "Startup Cost": 77730.58,
              "Total Cost": 77730.59,
              "Plan Rows": 1,
              "Plan Width": 8,
              "Actual Startup Time": 195.091,
              "Actual Total Time": 195.094,
              "Actual Rows": 1,
              "Actual Loops": 4,
              "Plans": [
                {
                  "Node Type": "Hash Join",
                  "Parent Relationship": "Outer",
                  "Parallel Aware": true,
                  "Join Type": "Inner",
                  "Startup Cost": 51890.27,
                  "Total Cost": 77718.04,
                  "Plan Rows": 5019,
                  "Plan Width": 0,
                  "Actual Startup Time": 132.376,
                  "Actual Total Time": 195.046,
                  "Actual Rows": 418,
                  "Actual Loops": 4,
                  "Inner Unique": true,
                  "Hash Cond": "(mk.movie_id = t.id)",
                  "Plans": [
                    {
                      "Node Type": "Bitmap Heap Scan",
                      "Parent Relationship": "Outer",
                      "Parallel Aware": true,
                      "Relation Name": "movie_keyword",
                      "Alias": "mk",
                      "Startup Cost": 5974.56,
                      "Total Cost": 31563.9,
                      "Plan Rows": 90827,
                      "Plan Width": 4,
                      "Actual Startup Time": 19.73,
                      "Actual Total Time": 68.609,
                      "Actual Rows": 74461,
                      "Actual Loops": 4,
                      "Recheck Cond": "(keyword_id < 245)",
                      "Rows Removed by Index Recheck": 0,
                      "Exact Heap Blocks": 9261,
                      "Lossy Heap Blocks": 0,
                      "Plans": [
                        {
                          "Node Type": "Bitmap Index Scan",
                          "Parent Relationship": "Outer",
                          "Parallel Aware": false,
                          "Index Name": "keyword_id_movie_keyword",
                          "Startup Cost": 0.0,
                          "Total Cost": 5904.17,
                          "Plan Rows": 281565,
                          "Plan Width": 0,
                          "Actual Startup Time": 16.087,
                          "Actual Total Time": 16.088,
                          "Actual Rows": 297845,
                          "Actual Loops": 1,
                          "Index Cond": "(keyword_id < 245)"
                        }
                      ]
                    },
                    {
                      "Node Type": "Hash",
                      "Parent Relationship": "Inner",
                      "Parallel Aware": true,
                      "Startup Cost": 45479.1,
                      "Total Cost": 45479.1,
                      "Plan Rows": 34929,
                      "Plan Width": 4,
                      "Actual Startup Time": 109.494,
                      "Actual Total Time": 109.495,
                      "Actual Rows": 37665,
                      "Actual Loops": 4,
                      "Hash Buckets": 262144,
                      "Original Hash Buckets": 262144,
                      "Hash Batches": 1,
                      "Original Hash Batches": 1,
                      "Peak Memory Usage": 8000,
                      "Plans": [
                        {
                          "Node Type": "Seq Scan",
                          "Parent Relationship": "Outer",
                          "Parallel Aware": true,
                          "Relation Name": "title",
                          "Alias": "t",
                          "Startup Cost": 0.0,
                          "Total Cost": 45479.1,
                          "Plan Rows": 34929,
                          "Plan Width": 4,
                          "Actual Startup Time": 0.038,
                          "Actual Total Time": 96.395,
                          "Actual Rows": 37665,
                          "Actual Loops": 4,
                          "Filter": "((production_year > 2011) AND (kind_id = 7))",
                          "Rows Removed by Filter": 594413
                        }
                      ]
                    }
                  ]
                }
              ]
            }
          ]
        }
      ]
    },
    "Planning Time": 0.695,
    "Triggers": [],
    "Execution Time": 223.765
  }
]