[
  {
    "Plan": {
      "Node Type": "Aggregate",
      "Strategy": "Plain",
      "Partial Mode": "Finalize",
      "Parallel Aware": false,
      "Startup Cost": 343894.18,
      "Total Cost": 343894.19,
      "Plan Rows": 1,
      "Plan Width": 8,
      "Actual Startup Time": 1033.241,
      "Actual Total Time": 1085.12,
      "Actual Rows": 1,
      "Actual Loops": 1,
      "Plans": [
        {
          "Node Type": "Gather",
          "Parent Relationship": "Outer",
          "Parallel Aware": false,
          "Startup Cost": 343893.56,
          "Total Cost": 343894.17,
          "Plan Rows": 6,
          "Plan Width": 8,
          "Actual Startup Time": 1032.946,
          "Actual Total Time": 1085.105,
          "Actual Rows": 7,
          "Actual Loops": 1,
          "Workers Planned": 6,
          "Workers Launched": 6,
          "Single Copy": false,
          "Plans": [
            {
              "Node Type": "Aggregate",
              "Strategy": "Plain",
              "Partial Mode": "Partial",
              "Parent Relationship": "Outer",
              "Parallel Aware": false,
              "Startup Cost": 342893.56,
              "Total Cost": 342893.57,
              "Plan Rows": 1,
              "Plan Width": 8,
              "Actual Startup Time": 1024.57,
              "Actual Total Time": 1024.571,
              "Actual Rows": 1,
              "Actual Loops": 7,
              "Plans": [
                {
                  "Node Type": "Seq Scan",
                  "Parent Relationship": "Outer",
                  "Parallel Aware": true,
                  "Relation Name": "cast_info",
                  "Alias": "ci",
                  "Startup Cost": 0.0,
                  "Total Cost": 328211.39,
                  "Plan Rows": 5872867,
                  "Plan Width": 0,
                  "Actual Startup Time": 18.713,
                  "Actual Total Time": 740.238,
                  "Actual Rows": 5027519,
                  "Actual Loops": 7,
                  "Filter": "(person_id > 107748)",
                  "Rows Removed by Filter": 150245
                }
              ]
            }
          ]
        }
      ]
    },
    "Planning Time": 0.199,
    "Triggers": [],
    "Execution Time": 1085.188
  }
]