[
  {
    "Plan": {
      "Node Type": "Aggregate",
      "Strategy": "Plain",
      "Partial Mode": "Finalize",
      "Parallel Aware": false,
      "Startup Cost": 377564.34,
      "Total Cost": 377564.35,
      "Plan Rows": 1,
      "Plan Width": 8,
      "Actual Startup Time": 1787.132,
      "Actual Total Time": 1840.61,
      "Actual Rows": 1,
      "Actual Loops": 1,
      "Plans": [
        {
          "Node Type": "Gather",
          "Parent Relationship": "Outer",
          "Parallel Aware": false,
          "Startup Cost": 377563.71,
          "Total Cost": 377564.32,
          "Plan Rows": 6,
          "Plan Width": 8,
          "Actual Startup Time": 1784.454,
          "Actual Total Time": 1840.601,
          "Actual Rows": 7,
          "Actual Loops": 1,
          "Workers Planned": 6,
          "Workers Launched": 6,
          "Single Copy": false,
          "Plans": [
            {
              "Node Type": "Aggregate",
              "Strategy": "Plain",
              "Partial Mode": "Partial",
              "Parent Relationship": "Outer",
              "Parallel Aware": false,
              "Startup Cost": 376563.71,
              "Total Cost": 376563.72,
              "Plan Rows": 1,
              "Plan Width": 8,
              "Actual Startup Time": 1775.955,
              "Actual Total Time": 1775.959,
              "Actual Rows": 1,
              "Actual Loops": 7,
              "Plans": [
                {
                  "Node Type": "Hash Join",
                  "Parent Relationship": "Outer",
                  "Parallel Aware": true,
                  "Join Type": "Inner",
                  "Startup Cost": 45169.28,
                  "Total Cost": 374135.94,
                  "Plan Rows": 971108,
                  "Plan Width": 0,
                  "Actual Startup Time": 105.961,
                  "Actual Total Time": 1738.567,
                  "Actual Rows": 675833,
                  "Actual Loops": 7,
                  "Inner Unique": true,
                  "Hash Cond": "(ci.movie_id = t.id)",
                  "Plans": [
                    {
                      "Node Type": "Seq Scan",
                      "Parent Relationship": "Outer",
                      "Parallel Aware": true,
                      "Relation Name": "cast_info",
                      "Alias": "ci",
                      "Startup Cost": 0.0,
                      "Total Cost": 313106.51,
                      "Plan Rows": 6041951,
                      "Plan Width": 4,
                      "Actual Startup Time": 0.04,
                      "Actual Total Time": 585.352,
                      "Actual Rows": 5177763,
                      "Actual Loops": 7
                    },
                    {
                      "Node Type": "Hash",
                      "Parent Relationship": "Inner",
                      "Parallel Aware": true,
                      "Startup Cost": 43899.32,
                      "Total Cost": 43899.32,
                      "Plan Rows": 101597,
                      "Plan Width": 4,
                      "Actual Startup Time": 103.854,
                      "Actual Total Time": 103.855,
                      "Actual Rows": 60540,
                      "Actual Loops": 7,
                      "Hash Buckets": 524288,
                      "Original Hash Buckets": 524288,
                      "Hash Batches": 1,
                      "Original Hash Batches": 1,
                      "Peak Memory Usage": 20800,
                      "Plans": [
                        {
                          "Node Type": "Seq Scan",
                          "Parent Relationship": "Outer",
                          "Parallel Aware": true,
                          "Relation Name": "title",
                          "Alias": "t",
                          "Startup Cost": 0.0,
                          "Total Cost": 43899.32,
                          "Plan Rows": 101597,
                          "Plan Width": 4,
                          "Actual Startup Time": 0.054,
                          "Actual Total Time": 76.059,
                          "Actual Rows": 60540,
                          "Actual Loops": 7,
                          "Filter": "(production_year < 1974)",
                          "Rows Removed by Filter": 300648
                        }
                      ]
                    }
                  ]
                }
              ]
            }
          ]
        }
      ]
    },
    "Planning Time": 0.308,
    "Triggers": [],
    "Execution Time": 1840.682
  }
]