[
  {
    "Plan": {
      "Node Type": "Aggregate",
      "Strategy": "Plain",
      "Partial Mode": "Finalize",
      "Parallel Aware": false,
      "Startup Cost": 46547.96,
      "Total Cost": 46547.97,
      "Plan Rows": 1,
      "Plan Width": 8,
      "Actual Startup Time": 89.746,
      "Actual Total Time": 101.577,
      "Actual Rows": 1,
      "Actual Loops": 1,
      "Plans": [
        {
          "Node Type": "Gather",
          "Parent Relationship": "Outer",
          "Parallel Aware": false,
          "Startup Cost": 46547.54,
          "Total Cost": 46547.95,
          "Plan Rows": 4,
          "Plan Width": 8,
          "Actual Startup Time": 89.584,
          "Actual Total Time": 101.563,
          "Actual Rows": 5,
          "Actual Loops": 1,
          "Workers Planned": 4,
          "Workers Launched": 4,
          "Single Copy": false,
          "Plans": [
            {
              "Node Type": "Aggregate",
              "Strategy": "Plain",
              "Partial Mode": "Partial",
              "Parent Relationship": "Outer",
              "Parallel Aware": false,
              "Startup Cost": 45547.54,
              "Total Cost": 45547.55,
              "Plan Rows": 1,
              "Plan Width": 8,
              "Actual Startup Time": 81.93,
              "Actual Total Time": 81.931,
              "Actual Rows": 1,
              "Actual Loops": 5,
              "Plans": [
                {
                  "Node Type": "Seq Scan",
                  "Parent Relationship": "Outer",
                  "Parallel Aware": true,
                  "Relation Name": "title",
                  "Alias": "t",
                  "Startup Cost": 0.0,
                  "Total Cost": 45479.59,
                  "Plan Rows": 27181,
                  "Plan Width": 0,
                  "Actual Startup Time": 0.21,
                  "Actual Total Time": 79.752,
                  "Actual Rows": 43476,
                  "Actual Loops": 5,
                  "Filter": "((kind_id < 7) AND (production_year < 1965))",
                  "Rows Removed by Filter": 462187
                }
              ]
            }
          ]
        }
      ]
    },
    "Planning Time": 0.088,
    "Triggers": [],
    "Execution Time": 101.607
  }
]