[
  {
    "Plan": {
      "Node Type": "Aggregate",
      "Strategy": "Plain",
      "Partial Mode": "Finalize",
      "Parallel Aware": false,
      "Startup Cost": 293656.23,
      "Total Cost": 293656.24,
      "Plan Rows": 1,
      "Plan Width": 8,
      "Actual Startup Time": 2527.046,
      "Actual Total Time": 2619.113,
      "Actual Rows": 1,
      "Actual Loops": 1,
      "Plans": [
        {
          "Node Type": "Gather",
          "Parent Relationship": "Outer",
          "Parallel Aware": false,
          "Startup Cost": 293655.92,
          "Total Cost": 293656.23,
          "Plan Rows": 3,
          "Plan Width": 8,
          "Actual Startup Time": 2526.232,
          "Actual Total Time": 2619.106,
          "Actual Rows": 4,
          "Actual Loops": 1,
          "Workers Planned": 3,
          "Workers Launched": 3,
          "Single Copy": false,
          "Plans": [
            {
              "Node Type": "Aggregate",
              "Strategy": "Plain",
              "Partial Mode": "Partial",
              "Parent Relationship": "Outer",
              "Parallel Aware": false,
              "Startup Cost": 292655.92,
              "Total Cost": 292655.93,
              "Plan Rows": 1,
              "Plan Width": 8,
              "Actual Startup Time": 2516.617,
              "Actual Total Time": 2516.621,
              "Actual Rows": 1,
              "Actual Loops": 4,
              "Plans": [
                {
                  "Node Type": "Nested Loop",
                  "Parent Relationship": "Outer",
                  "Parallel Aware": false,
                  "Join Type": "Inner",
                  "Startup Cost": 44785.26,
                  "Total Cost": 289285.09,
                  "Plan Rows": 1348330,
                  "Plan Width": 0,
                  "Actual Startup Time": 122.489,
                  "Actual Total Time": 2415.893,
                  "Actual Rows": 2334779,
                  "Actual Loops": 4,
                  "Inner Unique": false,
                  "Join Filter": "(t.id = ci.movie_id)",
                  "Rows Removed by Join Filter": 0,
                  "Plans": [
                    {
                      "Node Type": "Hash Join",
                      "Parent Relationship": "Outer",
                      "Parallel Aware": true,
                      "Join Type": "Inner",
                      "Startup Cost": 44784.69,
                      "Total Cost": 76298.63,
                      "Plan Rows": 94098,
                      "Plan Width": 8,
                      "Actual Startup Time": 122.405,
                      "Actual Total Time": 358.157,
                      "Actual Rows": 140298,
                      "Actual Loops": 4,
                      "Inner Unique": true,
                      "Hash Cond": "(mc.movie_id = t.id)",
                      "Plans": [
                        {
                          "Node Type": "Seq Scan",
                          "Parent Relationship": "Outer",
                          "Parallel Aware": true,
                          "Relation Name": "movie_companies",
                          "Alias": "mc",
                          "Startup Cost": 0.0,
                          "Total Cost": 29310.68,
                          "Plan Rows": 839337,
                          "Plan Width": 4,
                          "Actual Startup Time": 0.017,
                          "Actual Total Time": 74.272,
                          "Actual Rows": 650698,
                          "Actual Loops": 4,
                          "Filter": "(company_id < 228873)",
                          "Rows Removed by Filter": 1584
                        },
                        {
                          "Node Type": "Hash",
                          "Parent Relationship": "Inner",
                          "Parallel Aware": true,
                          "Startup Cost": 43898.92,
                          "Total Cost": 43898.92,
                          "Plan Rows": 70862,
                          "Plan Width": 4,
                          "Actual Startup Time": 119.421,
                          "Actual Total Time": 119.422,
                          "Actual Rows": 74118,
                          "Actual Loops": 4,
                          "Hash Buckets": 524288,
                          "Original Hash Buckets": 524288,
                          "Hash Batches": 1,
                          "Original Hash Batches": 1,
                          "Peak Memory Usage": 15776,
                          "Plans": [
                            {
                              "Node Type": "Seq Scan",
                              "Parent Relationship": "Outer",
                              "Parallel Aware": true,
                              "Relation Name": "title",
                              "Alias": "t",
                              "Startup Cost": 0.0,
                              "Total Cost": 43898.92,
                              "Plan Rows": 70862,
                              "Plan Width": 4,
                              "Actual Startup Time": 0.04,
                              "Actual Total Time": 93.666,
                              "Actual Rows": 74118,
                              "Actual Loops": 4,
                              "Filter": "(production_year < 1965)",
                              "Rows Removed by Filter": 557960
                            }
                          ]
                        }
                      ]
                    },
                    {
                      "Node Type": "Index Only Scan",
                      "Parent Relationship": "Inner",
                      "Parallel Aware": false,
                      "Scan Direction": "Forward",
                      "Index Name": "movie_id_cast_info",
                      "Relation Name": "cast_info",
                      "Alias": "ci",
                      "Startup Cost": 0.56,
                      "Total Cost": 1.8,
                      "Plan Rows": 37,
                      "Plan Width": 4,
                      "Actual Startup Time": 0.003,
                      "Actual Total Time": 0.013,
                      "Actual Rows": 17,
                      "Actual Loops": 561190,
                      "Index Cond": "(movie_id = mc.movie_id)",
                      "Rows Removed by Index Recheck": 0,
                      "Heap Fetches": 9339117
                    }
                  ]
                }
              ]
            }
          ]
        }
      ]
    },
    "Planning Time": 1.087,
    "Triggers": [],
    "Execution Time": 2619.201
  }
]