{
  "Plan": {
    "Node Type": "Aggregate",
    "Strategy": "Plain",
    "Partial Mode": "Finalize",
    "Parallel Aware": false,
    "Startup Cost": 90140.54,
    "Total Cost": 90140.55,
    "Plan Rows": 1,
    "Plan Width": 8,
    "Actual Startup Time": 340.346,
    "Actual Total Time": 357.443,
    "Actual Rows": 1,
    "Actual Loops": 1,
    "Plans": [
      {
        "Node Type": "Gather",
        "Parent Relationship": "Outer",
        "Parallel Aware": false,
        "Startup Cost": 90140.43,
        "Total Cost": 90140.54,
        "Plan Rows": 1,
        "Plan Width": 8,
        "Actual Startup Time": 338.572,
        "Actual Total Time": 357.437,
        "Actual Rows": 2,
        "Actual Loops": 1,
        "Workers Planned": 1,
        "Workers Launched": 1,
        "Single Copy": false,
        "Plans": [
          {
            "Node Type": "Aggregate",
            "Strategy": "Plain",
            "Partial Mode": "Partial",
            "Parent Relationship": "Outer",
            "Parallel Aware": false,
            "Startup Cost": 89140.43,
            "Total Cost": 89140.44,
            "Plan Rows": 1,
            "Plan Width": 8,
            "Actual Startup Time": 332.494,
            "Actual Total Time": 332.497,
            "Actual Rows": 1,
            "Actual Loops": 2,
            "Plans": [
              {
                "Node Type": "Hash Join",
                "Parent Relationship": "Outer",
                "Parallel Aware": true,
                "Join Type": "Inner",
                "Startup Cost": 63819.74,
                "Total Cost": 89087.67,
                "Plan Rows": 21102,
                "Plan Width": 0,
                "Actual Startup Time": 276.091,
                "Actual Total Time": 330.442,
                "Actual Rows": 42839,
                "Actual Loops": 2,
                "Inner Unique": true,
                "Hash Cond": "(mk.movie_id = t.id)",
                "Plans": [
                  {
                    "Node Type": "Bitmap Heap Scan",
                    "Parent Relationship": "Outer",
                    "Parallel Aware": true,
                    "Relation Name": "movie_keyword",
                    "Alias": "mk",
                    "Startup Cost": 1941.43,
                    "Total Cost": 27068.11,
                    "Plan Rows": 53814,
                    "Plan Width": 4,
                    "Actual Startup Time": 10.198,
                    "Actual Total Time": 44.337,
                    "Actual Rows": 51200,
                    "Actual Loops": 2,
                    "Recheck Cond": "(keyword_id < 103)",
                    "Rows Removed by Index Recheck": 0,
                    "Exact Heap Blocks": 13616,
                    "Lossy Heap Blocks": 0,
                    "Plans": [
                      {
                        "Node Type": "Bitmap Index Scan",
                        "Parent Relationship": "Outer",
                        "Parallel Aware": false,
                        "Index Name": "keyword_id_movie_keyword",
                        "Startup Cost": 0.0,
                        "Total Cost": 1918.56,
                        "Plan Rows": 91484,
                        "Plan Width": 0,
                        "Actual Startup Time": 6.989,
                        "Actual Total Time": 6.989,
                        "Actual Rows": 102400,
                        "Actual Loops": 1,
                        "Index Cond": "(keyword_id < 103)"
                      }
                    ]
                  },
                  {
                    "Node Type": "Hash",
                    "Parent Relationship": "Inner",
                    "Parallel Aware": true,
                    "Startup Cost": 54588.39,
                    "Total Cost": 54588.39,
                    "Plan Rows": 583193,
                    "Plan Width": 4,
                    "Actual Startup Time": 256.954,
                    "Actual Total Time": 256.955,
                    "Actual Rows": 492524,
                    "Actual Loops": 2,
                    "Hash Buckets": 1048576,
                    "Original Hash Buckets": 1048576,
                    "Hash Batches": 1,
                    "Original Hash Batches": 1,
                    "Peak Memory Usage": 46752,
                    "Plans": [
                      {
                        "Node Type": "Seq Scan",
                        "Parent Relationship": "Outer",
                        "Parallel Aware": true,
                        "Relation Name": "title",
                        "Alias": "t",
                        "Startup Cost": 0.0,
                        "Total Cost": 54588.39,
                        "Plan Rows": 583193,
                        "Plan Width": 4,
                        "Actual Startup Time": 0.032,
                        "Actual Total Time": 150.196,
                        "Actual Rows": 492524,
                        "Actual Loops": 2,
                        "Filter": "(kind_id < 7)",
                        "Rows Removed by Filter": 771632
                      }
                    ]
                  }
                ]
              }
            ]
          }
        ]
      }
    ]
  },
  "Planning Time": 0.594,
  "Triggers": [],
  "Execution Time": 357.53
}