[
  {
    "Plan": {
      "Node Type": "Aggregate",
      "Strategy": "Plain",
      "Partial Mode": "Finalize",
      "Parallel Aware": false,
      "Startup Cost": 246166.1,
      "Total Cost": 246166.11,
      "Plan Rows": 1,
      "Plan Width": 8,
      "Actual Startup Time": 785.511,
      "Actual Total Time": 829.735,
      "Actual Rows": 1,
      "Actual Loops": 1,
      "Plans": [
        {
          "Node Type": "Gather",
          "Parent Relationship": "Outer",
          "Parallel Aware": false,
          "Startup Cost": 246165.58,
          "Total Cost": 246166.09,
          "Plan Rows": 5,
          "Plan Width": 8,
          "Actual Startup Time": 784.915,
          "Actual Total Time": 829.722,
          "Actual Rows": 6,
          "Actual Loops": 1,
          "Workers Planned": 5,
          "Workers Launched": 5,
          "Single Copy": false,
          "Plans": [
            {
              "Node Type": "Aggregate",
              "Strategy": "Plain",
              "Partial Mode": "Partial",
              "Parent Relationship": "Outer",
              "Parallel Aware": false,
              "Startup Cost": 245165.58,
              "Total Cost": 245165.59,
              "Plan Rows": 1,
              "Plan Width": 8,
              "Actual Startup Time": 776.461,
              "Actual Total Time": 776.464,
              "Actual Rows": 1,
              "Actual Loops": 6,
              "Plans": [
                {
                  "Node Type": "Hash Join",
                  "Parent Relationship": "Outer",
                  "Parallel Aware": true,
                  "Join Type": "Inner",
                  "Startup Cost": 45667.52,
                  "Total Cost": 244989.29,
                  "Plan Rows": 70515,
                  "Plan Width": 0,
                  "Actual Startup Time": 98.12,
                  "Actual Total Time": 769.762,
                  "Actual Rows": 100232,
                  "Actual Loops": 6,
                  "Inner Unique": true,
                  "Hash Cond": "(mi.movie_id = t.id)",
                  "Plans": [
                    {
                      "Node Type": "Seq Scan",
                      "Parent Relationship": "Outer",
                      "Parallel Aware": true,
                      "Relation Name": "movie_info",
                      "Alias": "mi",
                      "Startup Cost": 0.0,
                      "Total Cost": 191560.33,
                      "Plan Rows": 2956733,
                      "Plan Width": 4,
                      "Actual Startup Time": 0.026,
                      "Actual Total Time": 331.949,
                      "Actual Rows": 2472620,
                      "Actual Loops": 6
                    },
                    {
                      "Node Type": "Hash",
                      "Parent Relationship": "Inner",
                      "Parallel Aware": true,
                      "Startup Cost": 45479.1,
                      "Total Cost": 45479.1,
                      "Plan Rows": 15074,
                      "Plan Width": 4,
                      "Actual Startup Time": 86.384,
                      "Actual Total Time": 86.385,
                      "Actual Rows": 10264,
                      "Actual Loops": 6,
                      "Hash Buckets": 65536,
                      "Original Hash Buckets": 65536,
                      "Hash Batches": 1,
                      "Original Hash Batches": 1,
                      "Peak Memory Usage": 3040,
                      "Plans": [
                        {
                          "Node Type": "Seq Scan",
                          "Parent Relationship": "Outer",
                          "Parallel Aware": true,
                          "Relation Name": "title",
                          "Alias": "t",
                          "Startup Cost": 0.0,
                          "Total Cost": 45479.1,
                          "Plan Rows": 15074,
                          "Plan Width": 4,
                          "Actual Startup Time": 42.825,
                          "Actual Total Time": 82.034,
                          "Actual Rows": 10264,
                          "Actual Loops": 6,
                          "Filter": "((production_year > 2011) AND (kind_id = 1))",
                          "Rows Removed by Filter": 411122
                        }
                      ]
                    }
                  ]
                }
              ]
            }
          ]
        }
      ]
    },
    "Planning Time": 0.606,
    "Triggers": [],
    "Execution Time": 829.815
  }
]