{
  "Plan": {
    "Node Type": "Aggregate",
    "Strategy": "Plain",
    "Partial Mode": "Finalize",
    "Parallel Aware": false,
    "Startup Cost": 99336.87,
    "Total Cost": 99336.88,
    "Plan Rows": 1,
    "Plan Width": 8,
    "Actual Startup Time": 299.77,
    "Actual Total Time": 315.624,
    "Actual Rows": 1,
    "Actual Loops": 1,
    "Plans": [
      {
        "Node Type": "Gather",
        "Parent Relationship": "Outer",
        "Parallel Aware": false,
        "Startup Cost": 99336.76,
        "Total Cost": 99336.87,
        "Plan Rows": 1,
        "Plan Width": 8,
        "Actual Startup Time": 299.643,
        "Actual Total Time": 315.617,
        "Actual Rows": 2,
        "Actual Loops": 1,
        "Workers Planned": 1,
        "Workers Launched": 1,
        "Single Copy": false,
        "Plans": [
          {
            "Node Type": "Aggregate",
            "Strategy": "Plain",
            "Partial Mode": "Partial",
            "Parent Relationship": "Outer",
            "Parallel Aware": false,
            "Startup Cost": 98336.76,
            "Total Cost": 98336.77,
            "Plan Rows": 1,
            "Plan Width": 8,
            "Actual Startup Time": 293.873,
            "Actual Total Time": 293.876,
            "Actual Rows": 1,
            "Actual Loops": 2,
            "Plans": [
              {
                "Node Type": "Hash Join",
                "Parent Relationship": "Outer",
                "Parallel Aware": true,
                "Join Type": "Inner",
                "Startup Cost": 58372.08,
                "Total Cost": 98330.1,
                "Plan Rows": 2666,
                "Plan Width": 0,
                "Actual Startup Time": 142.457,
                "Actual Total Time": 293.596,
                "Actual Rows": 4842,
                "Actual Loops": 2,
                "Inner Unique": true,
                "Hash Cond": "(mc.movie_id = t.id)",
                "Plans": [
                  {
                    "Node Type": "Seq Scan",
                    "Parent Relationship": "Outer",
                    "Parallel Aware": true,
                    "Relation Name": "movie_companies",
                    "Alias": "mc",
                    "Startup Cost": 0.0,
                    "Total Cost": 37974.77,
                    "Plan Rows": 755522,
                    "Plan Width": 4,
                    "Actual Startup Time": 0.014,
                    "Actual Total Time": 109.106,
                    "Actual Rows": 637123,
                    "Actual Loops": 2,
                    "Filter": "(company_type_id = 1)",
                    "Rows Removed by Filter": 667442
                  },
                  {
                    "Node Type": "Hash",
                    "Parent Relationship": "Inner",
                    "Parallel Aware": true,
                    "Startup Cost": 58306.47,
                    "Total Cost": 58306.47,
                    "Plan Rows": 5249,
                    "Plan Width": 4,
                    "Actual Startup Time": 141.03,
                    "Actual Total Time": 141.031,
                    "Actual Rows": 4704,
                    "Actual Loops": 2,
                    "Hash Buckets": 16384,
                    "Original Hash Buckets": 16384,
                    "Hash Batches": 1,
                    "Original Hash Batches": 1,
                    "Peak Memory Usage": 544,
                    "Plans": [
                      {
                        "Node Type": "Seq Scan",
                        "Parent Relationship": "Outer",
                        "Parallel Aware": true,
                        "Relation Name": "title",
                        "Alias": "t",
                        "Startup Cost": 0.0,
                        "Total Cost": 58306.47,
                        "Plan Rows": 5249,
                        "Plan Width": 4,
                        "Actual Startup Time": 0.774,
                        "Actual Total Time": 139.469,
                        "Actual Rows": 4704,
                        "Actual Loops": 2,
                        "Filter": "((kind_id < 7) AND (production_year = 1990))",
                        "Rows Removed by Filter": 1259452
                      }
                    ]
                  }
                ]
              }
            ]
          }
        ]
      }
    ]
  },
  "Planning Time": 0.465,
  "Triggers": [],
  "Execution Time": 315.698
}