[
    {
        "Bao": {
            "Bao prediction": 475.302,
            "Bao recommended hint": "SET enable_mergejoin TO off; SET enable_indexscan TO off; "
        }
    },
    {
        "Plan": {
            "Node Type": "Aggregate",
            "Strategy": "Plain",
            "Partial Mode": "Finalize",
            "Parallel Aware": false,
            "Startup Cost": 347827.59,
            "Total Cost": 347827.6,
            "Plan Rows": 1,
            "Plan Width": 8,
            "Actual Startup Time": 874.91,
            "Actual Total Time": 905.714,
            "Actual Rows": 1,
            "Actual Loops": 1,
            "Output": [
                "count(*)"
            ],
            "Plans": [
                {
                    "Node Type": "Gather",
                    "Parent Relationship": "Outer",
                    "Parallel Aware": false,
                    "Startup Cost": 347826.96,
                    "Total Cost": 347827.57,
                    "Plan Rows": 6,
                    "Plan Width": 8,
                    "Actual Startup Time": 874.811,
                    "Actual Total Time": 905.705,
                    "Actual Rows": 7,
                    "Actual Loops": 1,
                    "Output": [
                        "(PARTIAL count(*))"
                    ],
                    "Workers Planned": 6,
                    "Workers Launched": 6,
                    "Single Copy": false,
                    "Plans": [
                        {
                            "Node Type": "Aggregate",
                            "Strategy": "Plain",
                            "Partial Mode": "Partial",
                            "Parent Relationship": "Outer",
                            "Parallel Aware": false,
                            "Startup Cost": 346826.96,
                            "Total Cost": 346826.97,
                            "Plan Rows": 1,
                            "Plan Width": 8,
                            "Actual Startup Time": 865.751,
                            "Actual Total Time": 865.752,
                            "Actual Rows": 1,
                            "Actual Loops": 7,
                            "Output": [
                                "PARTIAL count(*)"
                            ],
                            "Workers": [
                                {
                                    "Worker Number": 0,
                                    "Actual Startup Time": 863.977,
                                    "Actual Total Time": 863.978,
                                    "Actual Rows": 1,
                                    "Actual Loops": 1
                                },
                                {
                                    "Worker Number": 1,
                                    "Actual Startup Time": 864.474,
                                    "Actual Total Time": 864.475,
                                    "Actual Rows": 1,
                                    "Actual Loops": 1
                                },
                                {
                                    "Worker Number": 2,
                                    "Actual Startup Time": 864.493,
                                    "Actual Total Time": 864.494,
                                    "Actual Rows": 1,
                                    "Actual Loops": 1
                                },
                                {
                                    "Worker Number": 3,
                                    "Actual Startup Time": 864.507,
                                    "Actual Total Time": 864.508,
                                    "Actual Rows": 1,
                                    "Actual Loops": 1
                                },
                                {
                                    "Worker Number": 4,
                                    "Actual Startup Time": 864.275,
                                    "Actual Total Time": 864.277,
                                    "Actual Rows": 1,
                                    "Actual Loops": 1
                                },
                                {
                                    "Worker Number": 5,
                                    "Actual Startup Time": 864.537,
                                    "Actual Total Time": 864.538,
                                    "Actual Rows": 1,
                                    "Actual Loops": 1
                                }
                            ],
                            "Plans": [
                                {
                                    "Node Type": "Seq Scan",
                                    "Parent Relationship": "Outer",
                                    "Parallel Aware": true,
                                    "Relation Name": "cast_info",
                                    "Schema": "public",
                                    "Alias": "ci",
                                    "Startup Cost": 0.0,
                                    "Total Cost": 343318.94,
                                    "Plan Rows": 1403208,
                                    "Plan Width": 0,
                                    "Actual Startup Time": 493.921,
                                    "Actual Total Time": 781.861,
                                    "Actual Rows": 1417014,
                                    "Actual Loops": 7,
                                    "Output": [
                                        "id",
                                        "person_id",
                                        "movie_id",
                                        "person_role_id",
                                        "note",
                                        "nr_order",
                                        "role_id"
                                    ],
                                    "Filter": "((ci.person_id > 1066491) AND (ci.role_id > 3))",
                                    "Rows Removed by Filter": 3760749,
                                    "Workers": [
                                        {
                                            "Worker Number": 0,
                                            "Actual Startup Time": 492.129,
                                            "Actual Total Time": 781.446,
                                            "Actual Rows": 1244542,
                                            "Actual Loops": 1
                                        },
                                        {
                                            "Worker Number": 1,
                                            "Actual Startup Time": 492.618,
                                            "Actual Total Time": 781.014,
                                            "Actual Rows": 1257687,
                                            "Actual Loops": 1
                                        },
                                        {
                                            "Worker Number": 2,
                                            "Actual Startup Time": 492.678,
                                            "Actual Total Time": 781.335,
                                            "Actual Rows": 1254817,
                                            "Actual Loops": 1
                                        },
                                        {
                                            "Worker Number": 3,
                                            "Actual Startup Time": 492.684,
                                            "Actual Total Time": 781.155,
                                            "Actual Rows": 1256323,
                                            "Actual Loops": 1
                                        },
                                        {
                                            "Worker Number": 4,
                                            "Actual Startup Time": 492.467,
                                            "Actual Total Time": 781.971,
                                            "Actual Rows": 1239215,
                                            "Actual Loops": 1
                                        },
                                        {
                                            "Worker Number": 5,
                                            "Actual Startup Time": 492.716,
                                            "Actual Total Time": 781.33,
                                            "Actual Rows": 1252390,
                                            "Actual Loops": 1
                                        }
                                    ]
                                }
                            ]
                        }
                    ]
                }
            ]
        },
        "Planning Time": 1482.815,
        "Triggers": [],
        "Execution Time": 905.816
    }
]