{
  "Plan": {
    "Node Type": "Aggregate",
    "Strategy": "Plain",
    "Partial Mode": "Finalize",
    "Parallel Aware": false,
    "Startup Cost": 143727.82,
    "Total Cost": 143727.83,
    "Plan Rows": 1,
    "Plan Width": 8,
    "Actual Startup Time": 895.73,
    "Actual Total Time": 916.942,
    "Actual Rows": 1,
    "Actual Loops": 1,
    "Plans": [
      {
        "Node Type": "Gather",
        "Parent Relationship": "Outer",
        "Parallel Aware": false,
        "Startup Cost": 143727.71,
        "Total Cost": 143727.82,
        "Plan Rows": 1,
        "Plan Width": 8,
        "Actual Startup Time": 895.172,
        "Actual Total Time": 916.935,
        "Actual Rows": 2,
        "Actual Loops": 1,
        "Workers Planned": 1,
        "Workers Launched": 1,
        "Single Copy": false,
        "Plans": [
          {
            "Node Type": "Aggregate",
            "Strategy": "Plain",
            "Partial Mode": "Partial",
            "Parent Relationship": "Outer",
            "Parallel Aware": false,
            "Startup Cost": 142727.71,
            "Total Cost": 142727.72,
            "Plan Rows": 1,
            "Plan Width": 8,
            "Actual Startup Time": 889.029,
            "Actual Total Time": 889.031,
            "Actual Rows": 1,
            "Actual Loops": 2,
            "Plans": [
              {
                "Node Type": "Merge Join",
                "Parent Relationship": "Outer",
                "Parallel Aware": false,
                "Join Type": "Inner",
                "Startup Cost": 36848.81,
                "Total Cost": 142674.02,
                "Plan Rows": 21475,
                "Plan Width": 0,
                "Actual Startup Time": 146.839,
                "Actual Total Time": 887.913,
                "Actual Rows": 14687,
                "Actual Loops": 2,
                "Inner Unique": false,
                "Merge Cond": "(t.id = ci.movie_id)",
                "Plans": [
                  {
                    "Node Type": "Index Scan",
                    "Parent Relationship": "Outer",
                    "Parallel Aware": true,
                    "Scan Direction": "Forward",
                    "Index Name": "title_pkey",
                    "Relation Name": "title",
                    "Alias": "t",
                    "Startup Cost": 0.43,
                    "Total Cost": 103647.43,
                    "Plan Rows": 659652,
                    "Plan Width": 4,
                    "Actual Startup Time": 0.074,
                    "Actual Total Time": 692.022,
                    "Actual Rows": 566262,
                    "Actual Loops": 2,
                    "Filter": "(production_year < 2002)",
                    "Rows Removed by Filter": 696706
                  },
                  {
                    "Node Type": "Sort",
                    "Parent Relationship": "Inner",
                    "Parallel Aware": false,
                    "Startup Cost": 36848.37,
                    "Total Cost": 37054.15,
                    "Plan Rows": 82310,
                    "Plan Width": 4,
                    "Actual Startup Time": 146.23,
                    "Actual Total Time": 154.491,
                    "Actual Rows": 59531,
                    "Actual Loops": 2,
                    "Sort Key": [
                      "ci.movie_id"
                    ],
                    "Sort Method": "quicksort",
                    "Sort Space Used": 4327,
                    "Sort Space Type": "Memory",
                    "Workers": [
                      {
                        "Worker Number": 0,
                        "Sort Method": "quicksort",
                        "Sort Space Used": 4327,
                        "Sort Space Type": "Memory"
                      }
                    ],
                    "Plans": [
                      {
                        "Node Type": "Index Scan",
                        "Parent Relationship": "Outer",
                        "Parallel Aware": false,
                        "Scan Direction": "Forward",
                        "Index Name": "role_id_cast_info",
                        "Relation Name": "cast_info",
                        "Alias": "ci",
                        "Startup Cost": 0.56,
                        "Total Cost": 30128.26,
                        "Plan Rows": 82310,
                        "Plan Width": 4,
                        "Actual Startup Time": 0.207,
                        "Actual Total Time": 127.424,
                        "Actual Rows": 59531,
                        "Actual Loops": 2,
                        "Index Cond": "(role_id = 6)",
                        "Rows Removed by Index Recheck": 0,
                        "Filter": "(person_id < 366098)",
                        "Rows Removed by Filter": 714143
                      }
                    ]
                  }
                ]
              }
            ]
          }
        ]
      }
    ]
  },
  "Planning Time": 0.699,
  "Triggers": [],
  "Execution Time": 917.03
}