[
  {
    "Plan": {
      "Node Type": "Aggregate",
      "Strategy": "Plain",
      "Partial Mode": "Finalize",
      "Parallel Aware": false,
      "Startup Cost": 386466.68,
      "Total Cost": 386466.69,
      "Plan Rows": 1,
      "Plan Width": 8,
      "Actual Startup Time": 1362.294,
      "Actual Total Time": 1390.223,
      "Actual Rows": 1,
      "Actual Loops": 1,
      "Plans": [
        {
          "Node Type": "Gather",
          "Parent Relationship": "Outer",
          "Parallel Aware": false,
          "Startup Cost": 386466.36,
          "Total Cost": 386466.67,
          "Plan Rows": 3,
          "Plan Width": 8,
          "Actual Startup Time": 1341.859,
          "Actual Total Time": 1390.208,
          "Actual Rows": 4,
          "Actual Loops": 1,
          "Workers Planned": 3,
          "Workers Launched": 3,
          "Single Copy": false,
          "Plans": [
            {
              "Node Type": "Aggregate",
              "Strategy": "Plain",
              "Partial Mode": "Partial",
              "Parent Relationship": "Outer",
              "Parallel Aware": false,
              "Startup Cost": 385466.36,
              "Total Cost": 385466.37,
              "Plan Rows": 1,
              "Plan Width": 8,
              "Actual Startup Time": 1331.459,
              "Actual Total Time": 1331.615,
              "Actual Rows": 1,
              "Actual Loops": 4,
              "Plans": [
                {
                  "Node Type": "Hash Join",
                  "Parent Relationship": "Outer",
                  "Parallel Aware": true,
                  "Join Type": "Inner",
                  "Startup Cost": 351937.63,
                  "Total Cost": 384899.72,
                  "Plan Rows": 226656,
                  "Plan Width": 0,
                  "Actual Startup Time": 1037.603,
                  "Actual Total Time": 1296.449,
                  "Actual Rows": 614488,
                  "Actual Loops": 4,
                  "Inner Unique": false,
                  "Hash Cond": "(mc.movie_id = t.id)",
                  "Plans": [
                    {
                      "Node Type": "Seq Scan",
                      "Parent Relationship": "Outer",
                      "Parallel Aware": true,
                      "Relation Name": "movie_companies",
                      "Alias": "mc",
                      "Startup Cost": 0.0,
                      "Total Cost": 31414.82,
                      "Plan Rows": 311870,
                      "Plan Width": 4,
                      "Actual Startup Time": 0.041,
                      "Actual Total Time": 90.01,
                      "Actual Rows": 315591,
                      "Actual Loops": 4,
                      "Filter": "((company_id < 60533) AND (company_type_id = 1))",
                      "Rows Removed by Filter": 336692
                    },
                    {
                      "Node Type": "Hash",
                      "Parent Relationship": "Inner",
                      "Parallel Aware": true,
                      "Startup Cost": 348109.35,
                      "Total Cost": 348109.35,
                      "Plan Rows": 306262,
                      "Plan Width": 8,
                      "Actual Startup Time": 1030.772,
                      "Actual Total Time": 1030.925,
                      "Actual Rows": 474085,
                      "Actual Loops": 4,
                      "Hash Buckets": 2097152,
                      "Original Hash Buckets": 2097152,
                      "Hash Batches": 1,
                      "Original Hash Batches": 1,
                      "Peak Memory Usage": 90624,
                      "Plans": [
                        {
                          "Node Type": "Hash Join",
                          "Parent Relationship": "Outer",
                          "Parallel Aware": true,
                          "Join Type": "Inner",
                          "Startup Cost": 90790.14,
                          "Total Cost": 348109.35,
                          "Plan Rows": 306262,
                          "Plan Width": 8,
                          "Actual Startup Time": 464.691,
                          "Actual Total Time": 829.24,
                          "Actual Rows": 474085,
                          "Actual Loops": 4,
                          "Inner Unique": true,
                          "Hash Cond": "(ci.movie_id = t.id)",
                          "Plans": [
                            {
                              "Node Type": "Bitmap Heap Scan",
                              "Parent Relationship": "Outer",
                              "Parallel Aware": true,
                              "Relation Name": "cast_info",
                              "Alias": "ci",
                              "Startup Cost": 40569.76,
                              "Total Cost": 297085.03,
                              "Plan Rows": 306262,
                              "Plan Width": 4,
                              "Actual Startup Time": 58.755,
                              "Actual Total Time": 141.143,
                              "Actual Rows": 474085,
                              "Actual Loops": 4,
                              "Recheck Cond": "(person_id < 186641)",
                              "Rows Removed by Index Recheck": 0,
                              "Exact Heap Blocks": 6642,
                              "Lossy Heap Blocks": 0,
                              "Plans": [
                                {
                                  "Node Type": "Bitmap Index Scan",
                                  "Parent Relationship": "Outer",
                                  "Parallel Aware": false,
                                  "Index Name": "person_id_cast_info",
                                  "Startup Cost": 0.0,
                                  "Total Cost": 40110.36,
                                  "Plan Rows": 1837573,
                                  "Plan Width": 0,
                                  "Actual Startup Time": 55.813,
                                  "Actual Total Time": 55.813,
                                  "Actual Rows": 1896341,
                                  "Actual Loops": 1,
                                  "Index Cond": "(person_id < 186641)"
                                }
                              ]
                            },
                            {
                              "Node Type": "Hash",
                              "Parent Relationship": "Inner",
                              "Parallel Aware": true,
                              "Startup Cost": 42319.06,
                              "Total Cost": 42319.06,
                              "Plan Rows": 632106,
                              "Plan Width": 4,
                              "Actual Startup Time": 399.164,
                              "Actual Total Time": 399.166,
                              "Actual Rows": 632078,
                              "Actual Loops": 4,
                              "Hash Buckets": 4194304,
                              "Original Hash Buckets": 4194304,
                              "Hash Batches": 1,
                              "Original Hash Batches": 1,
                              "Peak Memory Usage": 131712,
                              "Plans": [
                                {
                                  "Node Type": "Seq Scan",
                                  "Parent Relationship": "Outer",
                                  "Parallel Aware": true,
                                  "Relation Name": "title",
                                  "Alias": "t",
                                  "Startup Cost": 0.0,
                                  "Total Cost": 42319.06,
                                  "Plan Rows": 632106,
                                  "Plan Width": 4,
                                  "Actual Startup Time": 0.03,
                                  "Actual Total Time": 121.382,
                                  "Actual Rows": 632078,
                                  "Actual Loops": 4
                                }
                              ]
                            }
                          ]
                        }
                      ]
                    }
                  ]
                }
              ]
            }
          ]
        }
      ]
    },
    "Planning Time": 0.878,
    "Triggers": [],
    "Execution Time": 1390.294
  }
]