[
  {
    "Plan": {
      "Node Type": "Aggregate",
      "Strategy": "Plain",
      "Partial Mode": "Finalize",
      "Parallel Aware": false,
      "Startup Cost": 385527.08,
      "Total Cost": 385527.09,
      "Plan Rows": 1,
      "Plan Width": 8,
      "Actual Startup Time": 700.28,
      "Actual Total Time": 717.289,
      "Actual Rows": 1,
      "Actual Loops": 1,
      "Plans": [
        {
          "Node Type": "Gather",
          "Parent Relationship": "Outer",
          "Parallel Aware": false,
          "Startup Cost": 385526.45,
          "Total Cost": 385527.06,
          "Plan Rows": 6,
          "Plan Width": 8,
          "Actual Startup Time": 687.996,
          "Actual Total Time": 717.281,
          "Actual Rows": 7,
          "Actual Loops": 1,
          "Workers Planned": 6,
          "Workers Launched": 6,
          "Single Copy": false,
          "Plans": [
            {
              "Node Type": "Aggregate",
              "Strategy": "Plain",
              "Partial Mode": "Partial",
              "Parent Relationship": "Outer",
              "Parallel Aware": false,
              "Startup Cost": 384526.45,
              "Total Cost": 384526.46,
              "Plan Rows": 1,
              "Plan Width": 8,
              "Actual Startup Time": 677.424,
              "Actual Total Time": 677.888,
              "Actual Rows": 1,
              "Actual Loops": 7,
              "Plans": [
                {
                  "Node Type": "Hash Join",
                  "Parent Relationship": "Outer",
                  "Parallel Aware": true,
                  "Join Type": "Inner",
                  "Startup Cost": 126151.25,
                  "Total Cost": 384222.8,
                  "Plan Rows": 121462,
                  "Plan Width": 0,
                  "Actual Startup Time": 497.722,
                  "Actual Total Time": 659.668,
                  "Actual Rows": 351136,
                  "Actual Loops": 7,
                  "Inner Unique": false,
                  "Hash Cond": "(ci.movie_id = t.id)",
                  "Plans": [
                    {
                      "Node Type": "Bitmap Heap Scan",
                      "Parent Relationship": "Outer",
                      "Parallel Aware": true,
                      "Relation Name": "cast_info",
                      "Alias": "ci",
                      "Startup Cost": 41435.7,
                      "Total Cost": 298031.08,
                      "Plan Rows": 312670,
                      "Plan Width": 4,
                      "Actual Startup Time": 61.786,
                      "Actual Total Time": 109.876,
                      "Actual Rows": 270906,
                      "Actual Loops": 7,
                      "Recheck Cond": "(person_id < 186641)",
                      "Rows Removed by Index Recheck": 0,
                      "Exact Heap Blocks": 3790,
                      "Lossy Heap Blocks": 0,
                      "Plans": [
                        {
                          "Node Type": "Bitmap Index Scan",
                          "Parent Relationship": "Outer",
                          "Parallel Aware": false,
                          "Index Name": "person_id_cast_info",
                          "Startup Cost": 0.0,
                          "Total Cost": 40966.7,
                          "Plan Rows": 1876018,
                          "Plan Width": 0,
                          "Actual Startup Time": 59.166,
                          "Actual Total Time": 59.167,
                          "Actual Rows": 1896341,
                          "Actual Loops": 1,
                          "Index Cond": "(person_id < 186641)"
                        }
                      ]
                    },
                    {
                      "Node Type": "Hash",
                      "Parent Relationship": "Inner",
                      "Parallel Aware": true,
                      "Startup Cost": 81646.3,
                      "Total Cost": 81646.3,
                      "Plan Rows": 245540,
                      "Plan Width": 8,
                      "Actual Startup Time": 432.017,
                      "Actual Total Time": 432.479,
                      "Actual Rows": 180338,
                      "Actual Loops": 7,
                      "Hash Buckets": 2097152,
                      "Original Hash Buckets": 1048576,
                      "Hash Batches": 1,
                      "Original Hash Batches": 1,
                      "Peak Memory Usage": 74080,
                      "Plans": [
                        {
                          "Node Type": "Hash Join",
                          "Parent Relationship": "Outer",
                          "Parallel Aware": true,
                          "Join Type": "Inner",
                          "Startup Cost": 35375.14,
                          "Total Cost": 81646.3,
                          "Plan Rows": 245540,
                          "Plan Width": 8,
                          "Actual Startup Time": 159.668,
                          "Actual Total Time": 340.855,
                          "Actual Rows": 180338,
                          "Actual Loops": 7,
                          "Inner Unique": false,
                          "Hash Cond": "(t.id = mc.movie_id)",
                          "Plans": [
                            {
                              "Node Type": "Seq Scan",
                              "Parent Relationship": "Outer",
                              "Parallel Aware": true,
                              "Relation Name": "title",
                              "Alias": "t",
                              "Startup Cost": 0.0,
                              "Total Cost": 42318.73,
                              "Plan Rows": 632073,
                              "Plan Width": 4,
                              "Actual Startup Time": 0.017,
                              "Actual Total Time": 56.04,
                              "Actual Rows": 361187,
                              "Actual Loops": 7
                            },
                            {
                              "Node Type": "Hash",
                              "Parent Relationship": "Inner",
                              "Parallel Aware": true,
                              "Startup Cost": 31414.82,
                              "Total Cost": 31414.82,
                              "Plan Rows": 316826,
                              "Plan Width": 4,
                              "Actual Startup Time": 158.048,
                              "Actual Total Time": 158.049,
                              "Actual Rows": 180338,
                              "Actual Loops": 7,
                              "Hash Buckets": 2097152,
                              "Original Hash Buckets": 1048576,
                              "Hash Batches": 1,
                              "Original Hash Batches": 1,
                              "Peak Memory Usage": 74144,
                              "Plans": [
                                {
                                  "Node Type": "Seq Scan",
                                  "Parent Relationship": "Outer",
                                  "Parallel Aware": true,
                                  "Relation Name": "movie_companies",
                                  "Alias": "mc",
                                  "Startup Cost": 0.0,
                                  "Total Cost": 31414.82,
                                  "Plan Rows": 316826,
                                  "Plan Width": 4,
                                  "Actual Startup Time": 0.073,
                                  "Actual Total Time": 63.14,
                                  "Actual Rows": 180338,
                                  "Actual Loops": 7,
                                  "Filter": "((company_id < 60533) AND (company_type_id = 1))",
                                  "Rows Removed by Filter": 192395
                                }
                              ]
                            }
                          ]
                        }
                      ]
                    }
                  ]
                }
              ]
            }
          ]
        }
      ]
    },
    "Planning Time": 1.412,
    "Triggers": [],
    "Execution Time": 717.402
  }
]