[
    {
        "Bao": {
            "Bao prediction": "NaN",
            "Bao recommended hint": "(no hint)"
        }
    },
    {
        "Plan": {
            "Node Type": "Aggregate",
            "Strategy": "Plain",
            "Partial Mode": "Finalize",
            "Parallel Aware": false,
            "Startup Cost": 62134.34,
            "Total Cost": 62134.35,
            "Plan Rows": 1,
            "Plan Width": 8,
            "Actual Startup Time": 157.109,
            "Actual Total Time": 178.393,
            "Actual Rows": 1,
            "Actual Loops": 1,
            "Output": [
                "count(*)"
            ],
            "Plans": [
                {
                    "Node Type": "Gather",
                    "Parent Relationship": "Outer",
                    "Parallel Aware": false,
                    "Startup Cost": 62133.92,
                    "Total Cost": 62134.33,
                    "Plan Rows": 4,
                    "Plan Width": 8,
                    "Actual Startup Time": 156.93,
                    "Actual Total Time": 178.384,
                    "Actual Rows": 5,
                    "Actual Loops": 1,
                    "Output": [
                        "(PARTIAL count(*))"
                    ],
                    "Workers Planned": 4,
                    "Workers Launched": 4,
                    "Single Copy": false,
                    "Plans": [
                        {
                            "Node Type": "Aggregate",
                            "Strategy": "Plain",
                            "Partial Mode": "Partial",
                            "Parent Relationship": "Outer",
                            "Parallel Aware": false,
                            "Startup Cost": 61133.92,
                            "Total Cost": 61133.93,
                            "Plan Rows": 1,
                            "Plan Width": 8,
                            "Actual Startup Time": 146.988,
                            "Actual Total Time": 146.99,
                            "Actual Rows": 1,
                            "Actual Loops": 5,
                            "Output": [
                                "PARTIAL count(*)"
                            ],
                            "Workers": [
                                {
                                    "Worker Number": 0,
                                    "Actual Startup Time": 144.441,
                                    "Actual Total Time": 144.443,
                                    "Actual Rows": 1,
                                    "Actual Loops": 1
                                },
                                {
                                    "Worker Number": 1,
                                    "Actual Startup Time": 144.496,
                                    "Actual Total Time": 144.498,
                                    "Actual Rows": 1,
                                    "Actual Loops": 1
                                },
                                {
                                    "Worker Number": 2,
                                    "Actual Startup Time": 144.891,
                                    "Actual Total Time": 144.893,
                                    "Actual Rows": 1,
                                    "Actual Loops": 1
                                },
                                {
                                    "Worker Number": 3,
                                    "Actual Startup Time": 144.946,
                                    "Actual Total Time": 144.948,
                                    "Actual Rows": 1,
                                    "Actual Loops": 1
                                }
                            ],
                            "Plans": [
                                {
                                    "Node Type": "Nested Loop",
                                    "Parent Relationship": "Outer",
                                    "Parallel Aware": false,
                                    "Join Type": "Inner",
                                    "Startup Cost": 0.99,
                                    "Total Cost": 61133.26,
                                    "Plan Rows": 263,
                                    "Plan Width": 0,
                                    "Actual Startup Time": 4.276,
                                    "Actual Total Time": 146.905,
                                    "Actual Rows": 466,
                                    "Actual Loops": 5,
                                    "Inner Unique": false,
                                    "Join Filter": "(t.id = ci.movie_id)",
                                    "Rows Removed by Join Filter": 0,
                                    "Workers": [
                                        {
                                            "Worker Number": 0,
                                            "Actual Startup Time": 2.523,
                                            "Actual Total Time": 144.368,
                                            "Actual Rows": 309,
                                            "Actual Loops": 1
                                        },
                                        {
                                            "Worker Number": 1,
                                            "Actual Startup Time": 2.452,
                                            "Actual Total Time": 144.426,
                                            "Actual Rows": 285,
                                            "Actual Loops": 1
                                        },
                                        {
                                            "Worker Number": 2,
                                            "Actual Startup Time": 9.431,
                                            "Actual Total Time": 144.804,
                                            "Actual Rows": 378,
                                            "Actual Loops": 1
                                        },
                                        {
                                            "Worker Number": 3,
                                            "Actual Startup Time": 6.191,
                                            "Actual Total Time": 144.867,
                                            "Actual Rows": 354,
                                            "Actual Loops": 1
                                        }
                                    ],
                                    "Plans": [
                                        {
                                            "Node Type": "Nested Loop",
                                            "Parent Relationship": "Outer",
                                            "Parallel Aware": false,
                                            "Join Type": "Inner",
                                            "Startup Cost": 0.43,
                                            "Total Cost": 57421.97,
                                            "Plan Rows": 1460,
                                            "Plan Width": 8,
                                            "Actual Startup Time": 1.059,
                                            "Actual Total Time": 89.594,
                                            "Actual Rows": 1319,
                                            "Actual Loops": 5,
                                            "Output": [
                                                "t.id",
                                                "mi_idx.movie_id"
                                            ],
                                            "Inner Unique": false,
                                            "Workers": [
                                                {
                                                    "Worker Number": 0,
                                                    "Actual Startup Time": 1.007,
                                                    "Actual Total Time": 84.116,
                                                    "Actual Rows": 951,
                                                    "Actual Loops": 1
                                                },
                                                {
                                                    "Worker Number": 1,
                                                    "Actual Startup Time": 1.388,
                                                    "Actual Total Time": 86.056,
                                                    "Actual Rows": 885,
                                                    "Actual Loops": 1
                                                },
                                                {
                                                    "Worker Number": 2,
                                                    "Actual Startup Time": 1.376,
                                                    "Actual Total Time": 84.655,
                                                    "Actual Rows": 952,
                                                    "Actual Loops": 1
                                                },
                                                {
                                                    "Worker Number": 3,
                                                    "Actual Startup Time": 1.319,
                                                    "Actual Total Time": 83.296,
                                                    "Actual Rows": 974,
                                                    "Actual Loops": 1
                                                }
                                            ],
                                            "Plans": [
                                                {
                                                    "Node Type": "Seq Scan",
                                                    "Parent Relationship": "Outer",
                                                    "Parallel Aware": true,
                                                    "Relation Name": "title",
                                                    "Schema": "public",
                                                    "Alias": "t",
                                                    "Startup Cost": 0.0,
                                                    "Total Cost": 43899.01,
                                                    "Plan Rows": 2676,
                                                    "Plan Width": 4,
                                                    "Actual Startup Time": 0.14,
                                                    "Actual Total Time": 74.2,
                                                    "Actual Rows": 2103,
                                                    "Actual Loops": 5,
                                                    "Output": [
                                                        "t.id",
                                                        "t.title",
                                                        "t.imdb_index",
                                                        "t.kind_id",
                                                        "t.production_year",
                                                        "t.imdb_id",
                                                        "t.phonetic_code",
                                                        "t.episode_of_id",
                                                        "t.season_nr",
                                                        "t.episode_nr",
                                                        "t.series_years",
                                                        "t.md5sum"
                                                    ],
                                                    "Filter": "(t.production_year = 1959)",
                                                    "Rows Removed by Filter": 503559,
                                                    "Workers": [
                                                        {
                                                            "Worker Number": 0,
                                                            "Actual Startup Time": 0.12,
                                                            "Actual Total Time": 67.988,
                                                            "Actual Rows": 1427,
                                                            "Actual Loops": 1
                                                        },
                                                        {
                                                            "Worker Number": 1,
                                                            "Actual Startup Time": 0.226,
                                                            "Actual Total Time": 69.647,
                                                            "Actual Rows": 1514,
                                                            "Actual Loops": 1
                                                        },
                                                        {
                                                            "Worker Number": 2,
                                                            "Actual Startup Time": 0.067,
                                                            "Actual Total Time": 68.001,
                                                            "Actual Rows": 1478,
                                                            "Actual Loops": 1
                                                        },
                                                        {
                                                            "Worker Number": 3,
                                                            "Actual Startup Time": 0.249,
                                                            "Actual Total Time": 67.032,
                                                            "Actual Rows": 1484,
                                                            "Actual Loops": 1
                                                        }
                                                    ]
                                                },
                                                {
                                                    "Node Type": "Index Only Scan",
                                                    "Parent Relationship": "Inner",
                                                    "Parallel Aware": false,
                                                    "Scan Direction": "Forward",
                                                    "Index Name": "movie_id_movie_info_idx",
                                                    "Relation Name": "movie_info_idx",
                                                    "Schema": "public",
                                                    "Alias": "mi_idx",
                                                    "Startup Cost": 0.43,
                                                    "Total Cost": 5.02,
                                                    "Plan Rows": 3,
                                                    "Plan Width": 4,
                                                    "Actual Startup Time": 0.007,
                                                    "Actual Total Time": 0.007,
                                                    "Actual Rows": 1,
                                                    "Actual Loops": 10517,
                                                    "Output": [
                                                        "mi_idx.movie_id"
                                                    ],
                                                    "Index Cond": "(mi_idx.movie_id = t.id)",
                                                    "Rows Removed by Index Recheck": 0,
                                                    "Heap Fetches": 6594,
                                                    "Workers": [
                                                        {
                                                            "Worker Number": 0,
                                                            "Actual Startup Time": 0.01,
                                                            "Actual Total Time": 0.01,
                                                            "Actual Rows": 1,
                                                            "Actual Loops": 1427
                                                        },
                                                        {
                                                            "Worker Number": 1,
                                                            "Actual Startup Time": 0.01,
                                                            "Actual Total Time": 0.01,
                                                            "Actual Rows": 1,
                                                            "Actual Loops": 1514
                                                        },
                                                        {
                                                            "Worker Number": 2,
                                                            "Actual Startup Time": 0.01,
                                                            "Actual Total Time": 0.01,
                                                            "Actual Rows": 1,
                                                            "Actual Loops": 1478
                                                        },
                                                        {
                                                            "Worker Number": 3,
                                                            "Actual Startup Time": 0.01,
                                                            "Actual Total Time": 0.01,
                                                            "Actual Rows": 1,
                                                            "Actual Loops": 1484
                                                        }
                                                    ]
                                                }
                                            ]
                                        },
                                        {
                                            "Node Type": "Index Scan",
                                            "Parent Relationship": "Inner",
                                            "Parallel Aware": false,
                                            "Scan Direction": "Forward",
                                            "Index Name": "movie_id_cast_info",
                                            "Relation Name": "cast_info",
                                            "Schema": "public",
                                            "Alias": "ci",
                                            "Startup Cost": 0.56,
                                            "Total Cost": 2.53,
                                            "Plan Rows": 1,
                                            "Plan Width": 4,
                                            "Actual Startup Time": 0.042,
                                            "Actual Total Time": 0.043,
                                            "Actual Rows": 0,
                                            "Actual Loops": 6594,
                                            "Output": [
                                                "ci.id",
                                                "ci.person_id",
                                                "ci.movie_id",
                                                "ci.person_role_id",
                                                "ci.note",
                                                "ci.nr_order",
                                                "ci.role_id"
                                            ],
                                            "Index Cond": "(ci.movie_id = mi_idx.movie_id)",
                                            "Rows Removed by Index Recheck": 0,
                                            "Filter": "((ci.person_id > 2706930) AND (ci.role_id = 8))",
                                            "Rows Removed by Filter": 23,
                                            "Workers": [
                                                {
                                                    "Worker Number": 0,
                                                    "Actual Startup Time": 0.061,
                                                    "Actual Total Time": 0.063,
                                                    "Actual Rows": 0,
                                                    "Actual Loops": 951
                                                },
                                                {
                                                    "Worker Number": 1,
                                                    "Actual Startup Time": 0.064,
                                                    "Actual Total Time": 0.065,
                                                    "Actual Rows": 0,
                                                    "Actual Loops": 885
                                                },
                                                {
                                                    "Worker Number": 2,
                                                    "Actual Startup Time": 0.061,
                                                    "Actual Total Time": 0.063,
                                                    "Actual Rows": 0,
                                                    "Actual Loops": 952
                                                },
                                                {
                                                    "Worker Number": 3,
                                                    "Actual Startup Time": 0.061,
                                                    "Actual Total Time": 0.063,
                                                    "Actual Rows": 0,
                                                    "Actual Loops": 974
                                                }
                                            ]
                                        }
                                    ]
                                }
                            ]
                        }
                    ]
                }
            ]
        },
        "Planning Time": 188.909,
        "Triggers": [],
        "Execution Time": 178.515
    }
]