{
  "Plan": {
    "Node Type": "Aggregate",
    "Strategy": "Plain",
    "Partial Mode": "Finalize",
    "Parallel Aware": false,
    "Startup Cost": 97556.24,
    "Total Cost": 97556.25,
    "Plan Rows": 1,
    "Plan Width": 8,
    "Actual Startup Time": 387.181,
    "Actual Total Time": 402.964,
    "Actual Rows": 1,
    "Actual Loops": 1,
    "Plans": [
      {
        "Node Type": "Gather",
        "Parent Relationship": "Outer",
        "Parallel Aware": false,
        "Startup Cost": 97556.13,
        "Total Cost": 97556.24,
        "Plan Rows": 1,
        "Plan Width": 8,
        "Actual Startup Time": 386.64,
        "Actual Total Time": 402.957,
        "Actual Rows": 2,
        "Actual Loops": 1,
        "Workers Planned": 1,
        "Workers Launched": 1,
        "Single Copy": false,
        "Plans": [
          {
            "Node Type": "Aggregate",
            "Strategy": "Plain",
            "Partial Mode": "Partial",
            "Parent Relationship": "Outer",
            "Parallel Aware": false,
            "Startup Cost": 96556.13,
            "Total Cost": 96556.14,
            "Plan Rows": 1,
            "Plan Width": 8,
            "Actual Startup Time": 380.561,
            "Actual Total Time": 380.565,
            "Actual Rows": 1,
            "Actual Loops": 2,
            "Plans": [
              {
                "Node Type": "Hash Join",
                "Parent Relationship": "Outer",
                "Parallel Aware": true,
                "Join Type": "Inner",
                "Startup Cost": 35186.91,
                "Total Cost": 96197.12,
                "Plan Rows": 143601,
                "Plan Width": 0,
                "Actual Startup Time": 111.892,
                "Actual Total Time": 377.646,
                "Actual Rows": 61930,
                "Actual Loops": 2,
                "Inner Unique": false,
                "Hash Cond": "(t.id = mc.movie_id)",
                "Plans": [
                  {
                    "Node Type": "Seq Scan",
                    "Parent Relationship": "Outer",
                    "Parallel Aware": true,
                    "Relation Name": "title",
                    "Alias": "t",
                    "Startup Cost": 0.0,
                    "Total Cost": 50870.31,
                    "Plan Rows": 1487231,
                    "Plan Width": 4,
                    "Actual Startup Time": 0.009,
                    "Actual Total Time": 114.486,
                    "Actual Rows": 1264156,
                    "Actual Loops": 2
                  },
                  {
                    "Node Type": "Hash",
                    "Parent Relationship": "Inner",
                    "Parallel Aware": true,
                    "Startup Cost": 33391.89,
                    "Total Cost": 33391.89,
                    "Plan Rows": 143601,
                    "Plan Width": 4,
                    "Actual Startup Time": 108.435,
                    "Actual Total Time": 108.436,
                    "Actual Rows": 61930,
                    "Actual Loops": 2,
                    "Hash Buckets": 262144,
                    "Original Hash Buckets": 262144,
                    "Hash Batches": 1,
                    "Original Hash Batches": 1,
                    "Peak Memory Usage": 6912,
                    "Plans": [
                      {
                        "Node Type": "Bitmap Heap Scan",
                        "Parent Relationship": "Outer",
                        "Parallel Aware": true,
                        "Relation Name": "movie_companies",
                        "Alias": "mc",
                        "Startup Cost": 10359.5,
                        "Total Cost": 33391.89,
                        "Plan Rows": 143601,
                        "Plan Width": 4,
                        "Actual Startup Time": 76.841,
                        "Actual Total Time": 96.025,
                        "Actual Rows": 61930,
                        "Actual Loops": 2,
                        "Recheck Cond": "(company_id < 424)",
                        "Rows Removed by Index Recheck": 0,
                        "Filter": "(company_type_id = 2)",
                        "Rows Removed by Filter": 176646,
                        "Exact Heap Blocks": 13477,
                        "Lossy Heap Blocks": 0,
                        "Plans": [
                          {
                            "Node Type": "Bitmap Index Scan",
                            "Parent Relationship": "Outer",
                            "Parallel Aware": false,
                            "Index Name": "company_id_movie_companies",
                            "Startup Cost": 0.0,
                            "Total Cost": 10298.47,
                            "Plan Rows": 480805,
                            "Plan Width": 0,
                            "Actual Startup Time": 35.563,
                            "Actual Total Time": 35.563,
                            "Actual Rows": 477152,
                            "Actual Loops": 1,
                            "Index Cond": "(company_id < 424)"
                          }
                        ]
                      }
                    ]
                  }
                ]
              }
            ]
          }
        ]
      }
    ]
  },
  "Planning Time": 0.712,
  "Triggers": [],
  "Execution Time": 403.058
}