[
  {
    "Plan": {
      "Node Type": "Aggregate",
      "Strategy": "Plain",
      "Partial Mode": "Finalize",
      "Parallel Aware": false,
      "Startup Cost": 676560.24,
      "Total Cost": 676560.25,
      "Plan Rows": 1,
      "Plan Width": 8,
      "Actual Startup Time": 9860.785,
      "Actual Total Time": 9951.015,
      "Actual Rows": 1,
      "Actual Loops": 1,
      "Plans": [
        {
          "Node Type": "Gather",
          "Parent Relationship": "Outer",
          "Parallel Aware": false,
          "Startup Cost": 676559.62,
          "Total Cost": 676560.23,
          "Plan Rows": 6,
          "Plan Width": 8,
          "Actual Startup Time": 9795.856,
          "Actual Total Time": 9950.999,
          "Actual Rows": 7,
          "Actual Loops": 1,
          "Workers Planned": 6,
          "Workers Launched": 6,
          "Single Copy": false,
          "Plans": [
            {
              "Node Type": "Aggregate",
              "Strategy": "Plain",
              "Partial Mode": "Partial",
              "Parent Relationship": "Outer",
              "Parallel Aware": false,
              "Startup Cost": 675559.62,
              "Total Cost": 675559.63,
              "Plan Rows": 1,
              "Plan Width": 8,
              "Actual Startup Time": 9762.682,
              "Actual Total Time": 9764.289,
              "Actual Rows": 1,
              "Actual Loops": 7,
              "Plans": [
                {
                  "Node Type": "Hash Join",
                  "Parent Relationship": "Outer",
                  "Parallel Aware": true,
                  "Join Type": "Inner",
                  "Startup Cost": 270065.33,
                  "Total Cost": 636790.31,
                  "Plan Rows": 15507723,
                  "Plan Width": 0,
                  "Actual Startup Time": 1518.348,
                  "Actual Total Time": 8509.721,
                  "Actual Rows": 31806140,
                  "Actual Loops": 7,
                  "Inner Unique": false,
                  "Hash Cond": "(ci.movie_id = t.id)",
                  "Plans": [
                    {
                      "Node Type": "Seq Scan",
                      "Parent Relationship": "Outer",
                      "Parallel Aware": true,
                      "Relation Name": "cast_info",
                      "Alias": "ci",
                      "Startup Cost": 0.0,
                      "Total Cost": 313067.02,
                      "Plan Rows": 6038002,
                      "Plan Width": 4,
                      "Actual Startup Time": 0.019,
                      "Actual Total Time": 520.341,
                      "Actual Rows": 5177763,
                      "Actual Loops": 7
                    },
                    {
                      "Node Type": "Hash",
                      "Parent Relationship": "Inner",
                      "Parallel Aware": true,
                      "Startup Cost": 253831.46,
                      "Total Cost": 253831.46,
                      "Plan Rows": 1298710,
                      "Plan Width": 8,
                      "Actual Startup Time": 1507.694,
                      "Actual Total Time": 1509.299,
                      "Actual Rows": 1156445,
                      "Actual Loops": 7,
                      "Hash Buckets": 8388608,
                      "Original Hash Buckets": 8388608,
                      "Hash Batches": 1,
                      "Original Hash Batches": 1,
                      "Peak Memory Usage": 382336,
                      "Plans": [
                        {
                          "Node Type": "Hash Join",
                          "Parent Relationship": "Outer",
                          "Parallel Aware": true,
                          "Join Type": "Inner",
                          "Startup Cost": 47598.29,
                          "Total Cost": 253831.46,
                          "Plan Rows": 1298710,
                          "Plan Width": 8,
                          "Actual Startup Time": 162.59,
                          "Actual Total Time": 1049.862,
                          "Actual Rows": 1156445,
                          "Actual Loops": 7,
                          "Inner Unique": true,
                          "Hash Cond": "(mi.movie_id = t.id)",
                          "Plans": [
                            {
                              "Node Type": "Seq Scan",
                              "Parent Relationship": "Outer",
                              "Parallel Aware": true,
                              "Relation Name": "movie_info",
                              "Alias": "mi",
                              "Startup Cost": 0.0,
                              "Total Cost": 198952.16,
                              "Plan Rows": 2773711,
                              "Plan Width": 4,
                              "Actual Startup Time": 0.034,
                              "Actual Total Time": 331.392,
                              "Actual Rows": 1994785,
                              "Actual Loops": 7,
                              "Filter": "(info_type_id < 98)",
                              "Rows Removed by Filter": 124603
                            },
                            {
                              "Node Type": "Hash",
                              "Parent Relationship": "Inner",
                              "Parallel Aware": true,
                              "Startup Cost": 43898.92,
                              "Total Cost": 43898.92,
                              "Plan Rows": 295950,
                              "Plan Width": 4,
                              "Actual Startup Time": 160.661,
                              "Actual Total Time": 160.662,
                              "Actual Rows": 170846,
                              "Actual Loops": 7,
                              "Hash Buckets": 2097152,
                              "Original Hash Buckets": 2097152,
                              "Hash Batches": 1,
                              "Original Hash Batches": 1,
                              "Peak Memory Usage": 63296,
                              "Plans": [
                                {
                                  "Node Type": "Seq Scan",
                                  "Parent Relationship": "Outer",
                                  "Parallel Aware": true,
                                  "Relation Name": "title",
                                  "Alias": "t",
                                  "Startup Cost": 0.0,
                                  "Total Cost": 43898.92,
                                  "Plan Rows": 295950,
                                  "Plan Width": 4,
                                  "Actual Startup Time": 0.043,
                                  "Actual Total Time": 78.579,
                                  "Actual Rows": 170846,
                                  "Actual Loops": 7,
                                  "Filter": "(production_year < 2003)",
                                  "Rows Removed by Filter": 190341
                                }
                              ]
                            }
                          ]
                        }
                      ]
                    }
                  ]
                }
              ]
            }
          ]
        }
      ]
    },
    "Planning Time": 1.292,
    "Triggers": [],
    "Execution Time": 9951.104
  }
]