[
  {
    "Plan": {
      "Node Type": "Aggregate",
      "Strategy": "Plain",
      "Partial Mode": "Finalize",
      "Parallel Aware": false,
      "Startup Cost": 67482.18,
      "Total Cost": 67482.19,
      "Plan Rows": 1,
      "Plan Width": 8,
      "Actual Startup Time": 150.401,
      "Actual Total Time": 164.511,
      "Actual Rows": 1,
      "Actual Loops": 1,
      "Plans": [
        {
          "Node Type": "Gather",
          "Parent Relationship": "Outer",
          "Parallel Aware": false,
          "Startup Cost": 67481.86,
          "Total Cost": 67482.17,
          "Plan Rows": 3,
          "Plan Width": 8,
          "Actual Startup Time": 149.817,
          "Actual Total Time": 164.503,
          "Actual Rows": 4,
          "Actual Loops": 1,
          "Workers Planned": 3,
          "Workers Launched": 3,
          "Single Copy": false,
          "Plans": [
            {
              "Node Type": "Aggregate",
              "Strategy": "Plain",
              "Partial Mode": "Partial",
              "Parent Relationship": "Outer",
              "Parallel Aware": false,
              "Startup Cost": 66481.86,
              "Total Cost": 66481.87,
              "Plan Rows": 1,
              "Plan Width": 8,
              "Actual Startup Time": 141.009,
              "Actual Total Time": 141.017,
              "Actual Rows": 1,
              "Actual Loops": 4,
              "Plans": [
                {
                  "Node Type": "Hash Join",
                  "Parent Relationship": "Outer",
                  "Parallel Aware": true,
                  "Join Type": "Inner",
                  "Startup Cost": 47047.92,
                  "Total Cost": 66477.79,
                  "Plan Rows": 1629,
                  "Plan Width": 0,
                  "Actual Startup Time": 115.749,
                  "Actual Total Time": 140.947,
                  "Actual Rows": 735,
                  "Actual Loops": 4,
                  "Inner Unique": true,
                  "Hash Cond": "(mc.movie_id = t.id)",
                  "Plans": [
                    {
                      "Node Type": "Bitmap Heap Scan",
                      "Parent Relationship": "Outer",
                      "Parallel Aware": true,
                      "Relation Name": "movie_companies",
                      "Alias": "mc",
                      "Startup Cost": 2844.82,
                      "Total Cost": 22163.64,
                      "Plan Rows": 42305,
                      "Plan Width": 4,
                      "Actual Startup Time": 8.067,
                      "Actual Total Time": 25.792,
                      "Actual Rows": 33702,
                      "Actual Loops": 4,
                      "Recheck Cond": "(company_id < 27)",
                      "Rows Removed by Index Recheck": 0,
                      "Exact Heap Blocks": 4977,
                      "Lossy Heap Blocks": 0,
                      "Plans": [
                        {
                          "Node Type": "Bitmap Index Scan",
                          "Parent Relationship": "Outer",
                          "Parallel Aware": false,
                          "Index Name": "company_id_movie_companies",
                          "Startup Cost": 0.0,
                          "Total Cost": 2812.03,
                          "Plan Rows": 131147,
                          "Plan Width": 0,
                          "Actual Startup Time": 6.569,
                          "Actual Total Time": 6.57,
                          "Actual Rows": 134807,
                          "Actual Loops": 1,
                          "Index Cond": "(company_id < 27)"
                        }
                      ]
                    },
                    {
                      "Node Type": "Hash",
                      "Parent Relationship": "Inner",
                      "Parallel Aware": true,
                      "Startup Cost": 43898.92,
                      "Total Cost": 43898.92,
                      "Plan Rows": 24335,
                      "Plan Width": 4,
                      "Actual Startup Time": 105.809,
                      "Actual Total Time": 105.81,
                      "Actual Rows": 23751,
                      "Actual Loops": 4,
                      "Hash Buckets": 131072,
                      "Original Hash Buckets": 131072,
                      "Hash Batches": 1,
                      "Original Hash Batches": 1,
                      "Peak Memory Usage": 4800,
                      "Plans": [
                        {
                          "Node Type": "Seq Scan",
                          "Parent Relationship": "Outer",
                          "Parallel Aware": true,
                          "Relation Name": "title",
                          "Alias": "t",
                          "Startup Cost": 0.0,
                          "Total Cost": 43898.92,
                          "Plan Rows": 24335,
                          "Plan Width": 4,
                          "Actual Startup Time": 0.043,
                          "Actual Total Time": 96.099,
                          "Actual Rows": 23751,
                          "Actual Loops": 4,
                          "Filter": "(production_year = 2005)",
                          "Rows Removed by Filter": 608327
                        }
                      ]
                    }
                  ]
                }
              ]
            }
          ]
        }
      ]
    },
    "Planning Time": 0.704,
    "Triggers": [],
    "Execution Time": 164.6
  }
]