[
  {
    "Plan": {
      "Node Type": "Aggregate",
      "Strategy": "Plain",
      "Partial Mode": "Finalize",
      "Parallel Aware": false,
      "Startup Cost": 32703.38,
      "Total Cost": 32703.39,
      "Plan Rows": 1,
      "Plan Width": 8,
      "Actual Startup Time": 85.494,
      "Actual Total Time": 95.874,
      "Actual Rows": 1,
      "Actual Loops": 1,
      "Plans": [
        {
          "Node Type": "Gather",
          "Parent Relationship": "Outer",
          "Parallel Aware": false,
          "Startup Cost": 32703.06,
          "Total Cost": 32703.37,
          "Plan Rows": 3,
          "Plan Width": 8,
          "Actual Startup Time": 85.346,
          "Actual Total Time": 95.862,
          "Actual Rows": 4,
          "Actual Loops": 1,
          "Workers Planned": 3,
          "Workers Launched": 3,
          "Single Copy": false,
          "Plans": [
            {
              "Node Type": "Aggregate",
              "Strategy": "Plain",
              "Partial Mode": "Partial",
              "Parent Relationship": "Outer",
              "Parallel Aware": false,
              "Startup Cost": 31703.06,
              "Total Cost": 31703.07,
              "Plan Rows": 1,
              "Plan Width": 8,
              "Actual Startup Time": 80.923,
              "Actual Total Time": 80.925,
              "Actual Rows": 1,
              "Actual Loops": 4,
              "Plans": [
                {
                  "Node Type": "Seq Scan",
                  "Parent Relationship": "Outer",
                  "Parallel Aware": true,
                  "Relation Name": "movie_companies",
                  "Alias": "mc",
                  "Startup Cost": 0.0,
                  "Total Cost": 31414.82,
                  "Plan Rows": 115296,
                  "Plan Width": 0,
                  "Actual Startup Time": 26.422,
                  "Actual Total Time": 80.205,
                  "Actual Rows": 10409,
                  "Actual Loops": 4,
                  "Filter": "((company_id > 41527) AND (company_type_id = 1))",
                  "Rows Removed by Filter": 641873
                }
              ]
            }
          ]
        }
      ]
    },
    "Planning Time": 0.195,
    "Triggers": [],
    "Execution Time": 95.924
  }
]