[
  {
    "Plan": {
      "Node Type": "Aggregate",
      "Strategy": "Plain",
      "Partial Mode": "Finalize",
      "Parallel Aware": false,
      "Startup Cost": 41052.69,
      "Total Cost": 41052.7,
      "Plan Rows": 1,
      "Plan Width": 8,
      "Actual Startup Time": 137.885,
      "Actual Total Time": 145.948,
      "Actual Rows": 1,
      "Actual Loops": 1,
      "Plans": [
        {
          "Node Type": "Gather",
          "Parent Relationship": "Outer",
          "Parallel Aware": false,
          "Startup Cost": 41052.38,
          "Total Cost": 41052.69,
          "Plan Rows": 3,
          "Plan Width": 8,
          "Actual Startup Time": 137.591,
          "Actual Total Time": 145.939,
          "Actual Rows": 4,
          "Actual Loops": 1,
          "Workers Planned": 3,
          "Workers Launched": 3,
          "Single Copy": false,
          "Plans": [
            {
              "Node Type": "Aggregate",
              "Strategy": "Plain",
              "Partial Mode": "Partial",
              "Parent Relationship": "Outer",
              "Parallel Aware": false,
              "Startup Cost": 40052.38,
              "Total Cost": 40052.39,
              "Plan Rows": 1,
              "Plan Width": 8,
              "Actual Startup Time": 130.259,
              "Actual Total Time": 130.26,
              "Actual Rows": 1,
              "Actual Loops": 4,
              "Plans": [
                {
                  "Node Type": "Bitmap Heap Scan",
                  "Parent Relationship": "Outer",
                  "Parallel Aware": true,
                  "Relation Name": "movie_keyword",
                  "Alias": "mk",
                  "Startup Cost": 12701.02,
                  "Total Cost": 39569.48,
                  "Plan Rows": 193157,
                  "Plan Width": 0,
                  "Actual Startup Time": 52.075,
                  "Actual Total Time": 122.247,
                  "Actual Rows": 146606,
                  "Actual Loops": 4,
                  "Recheck Cond": "(keyword_id > 31285)",
                  "Rows Removed by Index Recheck": 0,
                  "Exact Heap Blocks": 10254,
                  "Lossy Heap Blocks": 0,
                  "Plans": [
                    {
                      "Node Type": "Bitmap Index Scan",
                      "Parent Relationship": "Outer",
                      "Parallel Aware": false,
                      "Index Name": "keyword_id_movie_keyword",
                      "Startup Cost": 0.0,
                      "Total Cost": 12551.33,
                      "Plan Rows": 598786,
                      "Plan Width": 0,
                      "Actual Startup Time": 55.165,
                      "Actual Total Time": 55.165,
                      "Actual Rows": 586422,
                      "Actual Loops": 1,
                      "Index Cond": "(keyword_id > 31285)"
                    }
                  ]
                }
              ]
            }
          ]
        }
      ]
    },
    "Planning Time": 0.181,
    "Triggers": [],
    "Execution Time": 146.025
  }
]