[
  {
    "Plan": {
      "Node Type": "Aggregate",
      "Strategy": "Plain",
      "Partial Mode": "Finalize",
      "Parallel Aware": false,
      "Startup Cost": 348682.51,
      "Total Cost": 348682.52,
      "Plan Rows": 1,
      "Plan Width": 8,
      "Actual Startup Time": 670.26,
      "Actual Total Time": 712.999,
      "Actual Rows": 1,
      "Actual Loops": 1,
      "Plans": [
        {
          "Node Type": "Gather",
          "Parent Relationship": "Outer",
          "Parallel Aware": false,
          "Startup Cost": 348681.88,
          "Total Cost": 348682.49,
          "Plan Rows": 6,
          "Plan Width": 8,
          "Actual Startup Time": 669.951,
          "Actual Total Time": 712.986,
          "Actual Rows": 7,
          "Actual Loops": 1,
          "Workers Planned": 6,
          "Workers Launched": 6,
          "Single Copy": false,
          "Plans": [
            {
              "Node Type": "Aggregate",
              "Strategy": "Plain",
              "Partial Mode": "Partial",
              "Parent Relationship": "Outer",
              "Parallel Aware": false,
              "Startup Cost": 347681.88,
              "Total Cost": 347681.89,
              "Plan Rows": 1,
              "Plan Width": 8,
              "Actual Startup Time": 661.847,
              "Actual Total Time": 661.849,
              "Actual Rows": 1,
              "Actual Loops": 7,
              "Plans": [
                {
                  "Node Type": "Seq Scan",
                  "Parent Relationship": "Outer",
                  "Parallel Aware": true,
                  "Relation Name": "cast_info",
                  "Alias": "ci",
                  "Startup Cost": 0.0,
                  "Total Cost": 343316.27,
                  "Plan Rows": 1746245,
                  "Plan Width": 0,
                  "Actual Startup Time": 345.409,
                  "Actual Total Time": 622.294,
                  "Actual Rows": 812827,
                  "Actual Loops": 7,
                  "Filter": "((person_id < 2442655) AND (role_id > 2))",
                  "Rows Removed by Filter": 4364937
                }
              ]
            }
          ]
        }
      ]
    },
    "Planning Time": 0.153,
    "Triggers": [],
    "Execution Time": 713.048
  }
]