[
  {
    "Plan": {
      "Node Type": "Aggregate",
      "Strategy": "Plain",
      "Partial Mode": "Finalize",
      "Parallel Aware": false,
      "Startup Cost": 335844.71,
      "Total Cost": 335844.72,
      "Plan Rows": 1,
      "Plan Width": 8,
      "Actual Startup Time": 689.773,
      "Actual Total Time": 737.604,
      "Actual Rows": 1,
      "Actual Loops": 1,
      "Plans": [
        {
          "Node Type": "Gather",
          "Parent Relationship": "Outer",
          "Parallel Aware": false,
          "Startup Cost": 335844.08,
          "Total Cost": 335844.69,
          "Plan Rows": 6,
          "Plan Width": 8,
          "Actual Startup Time": 689.582,
          "Actual Total Time": 737.586,
          "Actual Rows": 7,
          "Actual Loops": 1,
          "Workers Planned": 6,
          "Workers Launched": 6,
          "Single Copy": false,
          "Plans": [
            {
              "Node Type": "Aggregate",
              "Strategy": "Plain",
              "Partial Mode": "Partial",
              "Parent Relationship": "Outer",
              "Parallel Aware": false,
              "Startup Cost": 334844.08,
              "Total Cost": 334844.09,
              "Plan Rows": 1,
              "Plan Width": 8,
              "Actual Startup Time": 684.106,
              "Actual Total Time": 684.107,
              "Actual Rows": 1,
              "Actual Loops": 7,
              "Plans": [
                {
                  "Node Type": "Seq Scan",
                  "Parent Relationship": "Outer",
                  "Parallel Aware": true,
                  "Relation Name": "cast_info",
                  "Alias": "ci",
                  "Startup Cost": 0.0,
                  "Total Cost": 328211.39,
                  "Plan Rows": 2653076,
                  "Plan Width": 0,
                  "Actual Startup Time": 0.034,
                  "Actual Total Time": 575.925,
                  "Actual Rows": 2298835,
                  "Actual Loops": 7,
                  "Filter": "(person_id < 1593630)",
                  "Rows Removed by Filter": 2878929
                }
              ]
            }
          ]
        }
      ]
    },
    "Planning Time": 0.102,
    "Triggers": [],
    "Execution Time": 737.65
  }
]