{
  "Plan": {
    "Node Type": "Aggregate",
    "Strategy": "Plain",
    "Partial Mode": "Finalize",
    "Parallel Aware": false,
    "Startup Cost": 182275.9,
    "Total Cost": 182275.91,
    "Plan Rows": 1,
    "Plan Width": 8,
    "Actual Startup Time": 106.955,
    "Actual Total Time": 118.131,
    "Actual Rows": 1,
    "Actual Loops": 1,
    "Plans": [
      {
        "Node Type": "Gather",
        "Parent Relationship": "Outer",
        "Parallel Aware": false,
        "Startup Cost": 182275.79,
        "Total Cost": 182275.9,
        "Plan Rows": 1,
        "Plan Width": 8,
        "Actual Startup Time": 106.803,
        "Actual Total Time": 118.124,
        "Actual Rows": 2,
        "Actual Loops": 1,
        "Workers Planned": 1,
        "Workers Launched": 1,
        "Single Copy": false,
        "Plans": [
          {
            "Node Type": "Aggregate",
            "Strategy": "Plain",
            "Partial Mode": "Partial",
            "Parent Relationship": "Outer",
            "Parallel Aware": false,
            "Startup Cost": 181275.79,
            "Total Cost": 181275.8,
            "Plan Rows": 1,
            "Plan Width": 8,
            "Actual Startup Time": 100.799,
            "Actual Total Time": 100.801,
            "Actual Rows": 1,
            "Actual Loops": 2,
            "Plans": [
              {
                "Node Type": "Nested Loop",
                "Parent Relationship": "Outer",
                "Parallel Aware": false,
                "Join Type": "Inner",
                "Startup Cost": 698.76,
                "Total Cost": 181219.26,
                "Plan Rows": 22611,
                "Plan Width": 0,
                "Actual Startup Time": 5.281,
                "Actual Total Time": 99.465,
                "Actual Rows": 18492,
                "Actual Loops": 2,
                "Inner Unique": true,
                "Plans": [
                  {
                    "Node Type": "Bitmap Heap Scan",
                    "Parent Relationship": "Outer",
                    "Parallel Aware": true,
                    "Relation Name": "movie_info",
                    "Alias": "mi",
                    "Startup Cost": 698.33,
                    "Total Cost": 90951.14,
                    "Plan Rows": 22611,
                    "Plan Width": 4,
                    "Actual Startup Time": 5.129,
                    "Actual Total Time": 14.513,
                    "Actual Rows": 18492,
                    "Actual Loops": 2,
                    "Recheck Cond": "(info_type_id = 104)",
                    "Rows Removed by Index Recheck": 0,
                    "Exact Heap Blocks": 3074,
                    "Lossy Heap Blocks": 0,
                    "Plans": [
                      {
                        "Node Type": "Bitmap Index Scan",
                        "Parent Relationship": "Outer",
                        "Parallel Aware": false,
                        "Index Name": "info_type_id_movie_info",
                        "Startup Cost": 0.0,
                        "Total Cost": 688.72,
                        "Plan Rows": 38438,
                        "Plan Width": 0,
                        "Actual Startup Time": 7.428,
                        "Actual Total Time": 7.428,
                        "Actual Rows": 36985,
                        "Actual Loops": 1,
                        "Index Cond": "(info_type_id = 104)"
                      }
                    ]
                  },
                  {
                    "Node Type": "Index Only Scan",
                    "Parent Relationship": "Inner",
                    "Parallel Aware": false,
                    "Scan Direction": "Forward",
                    "Index Name": "title_pkey",
                    "Relation Name": "title",
                    "Alias": "t",
                    "Startup Cost": 0.43,
                    "Total Cost": 3.99,
                    "Plan Rows": 1,
                    "Plan Width": 4,
                    "Actual Startup Time": 0.004,
                    "Actual Total Time": 0.004,
                    "Actual Rows": 1,
                    "Actual Loops": 36985,
                    "Index Cond": "(id = mi.movie_id)",
                    "Rows Removed by Index Recheck": 0,
                    "Heap Fetches": 36985
                  }
                ]
              }
            ]
          }
        ]
      }
    ]
  },
  "Planning Time": 0.623,
  "Triggers": [],
  "Execution Time": 118.213
}