[
  {
    "Plan": {
      "Node Type": "Aggregate",
      "Strategy": "Plain",
      "Partial Mode": "Simple",
      "Parallel Aware": false,
      "Startup Cost": 4424.03,
      "Total Cost": 4424.04,
      "Plan Rows": 1,
      "Plan Width": 8,
      "Actual Startup Time": 8.896,
      "Actual Total Time": 8.897,
      "Actual Rows": 1,
      "Actual Loops": 1,
      "Plans": [
        {
          "Node Type": "Nested Loop",
          "Parent Relationship": "Outer",
          "Parallel Aware": false,
          "Join Type": "Inner",
          "Startup Cost": 8.14,
          "Total Cost": 4423.77,
          "Plan Rows": 102,
          "Plan Width": 0,
          "Actual Startup Time": 0.138,
          "Actual Total Time": 7.951,
          "Actual Rows": 14201,
          "Actual Loops": 1,
          "Inner Unique": false,
          "Plans": [
            {
              "Node Type": "Nested Loop",
              "Parent Relationship": "Outer",
              "Parallel Aware": false,
              "Join Type": "Inner",
              "Startup Cost": 7.71,
              "Total Cost": 4300.36,
              "Plan Rows": 57,
              "Plan Width": 8,
              "Actual Startup Time": 0.091,
              "Actual Total Time": 1.759,
              "Actual Rows": 84,
              "Actual Loops": 1,
              "Inner Unique": true,
              "Plans": [
                {
                  "Node Type": "Bitmap Heap Scan",
                  "Parent Relationship": "Outer",
                  "Parallel Aware": false,
                  "Relation Name": "movie_info_idx",
                  "Alias": "mi_idx",
                  "Startup Cost": 7.28,
                  "Total Cost": 1221.84,
                  "Plan Rows": 368,
                  "Plan Width": 4,
                  "Actual Startup Time": 0.034,
                  "Actual Total Time": 0.069,
                  "Actual Rows": 260,
                  "Actual Loops": 1,
                  "Recheck Cond": "(info_type_id > 101)",
                  "Rows Removed by Index Recheck": 0,
                  "Exact Heap Blocks": 2,
                  "Lossy Heap Blocks": 0,
                  "Plans": [
                    {
                      "Node Type": "Bitmap Index Scan",
                      "Parent Relationship": "Outer",
                      "Parallel Aware": false,
                      "Index Name": "info_type_id_movie_info_idx",
                      "Startup Cost": 0.0,
                      "Total Cost": 7.19,
                      "Plan Rows": 368,
                      "Plan Width": 0,
                      "Actual Startup Time": 0.022,
                      "Actual Total Time": 0.022,
                      "Actual Rows": 260,
                      "Actual Loops": 1,
                      "Index Cond": "(info_type_id > 101)"
                    }
                  ]
                },
                {
                  "Node Type": "Index Scan",
                  "Parent Relationship": "Inner",
                  "Parallel Aware": false,
                  "Scan Direction": "Forward",
                  "Index Name": "title_pkey",
                  "Relation Name": "title",
                  "Alias": "t",
                  "Startup Cost": 0.43,
                  "Total Cost": 8.37,
                  "Plan Rows": 1,
                  "Plan Width": 4,
                  "Actual Startup Time": 0.006,
                  "Actual Total Time": 0.006,
                  "Actual Rows": 0,
                  "Actual Loops": 260,
                  "Index Cond": "(id = mi_idx.movie_id)",
                  "Rows Removed by Index Recheck": 0,
                  "Filter": "((production_year > 1998) AND (kind_id = 1))",
                  "Rows Removed by Filter": 1
                }
              ]
            },
            {
              "Node Type": "Index Only Scan",
              "Parent Relationship": "Inner",
              "Parallel Aware": false,
              "Scan Direction": "Forward",
              "Index Name": "movie_id_movie_keyword",
              "Relation Name": "movie_keyword",
              "Alias": "mk",
              "Startup Cost": 0.43,
              "Total Cost": 1.71,
              "Plan Rows": 46,
              "Plan Width": 4,
              "Actual Startup Time": 0.021,
              "Actual Total Time": 0.056,
              "Actual Rows": 169,
              "Actual Loops": 84,
              "Index Cond": "(movie_id = t.id)",
              "Rows Removed by Index Recheck": 0,
              "Heap Fetches": 14201
            }
          ]
        }
      ]
    },
    "Planning Time": 0.58,
    "Triggers": [],
    "Execution Time": 8.944
  }
]