[
  {
    "Plan": {
      "Node Type": "Aggregate",
      "Strategy": "Plain",
      "Partial Mode": "Finalize",
      "Parallel Aware": false,
      "Startup Cost": 354516.98,
      "Total Cost": 354516.99,
      "Plan Rows": 1,
      "Plan Width": 8,
      "Actual Startup Time": 893.048,
      "Actual Total Time": 954.653,
      "Actual Rows": 1,
      "Actual Loops": 1,
      "Plans": [
        {
          "Node Type": "Gather",
          "Parent Relationship": "Outer",
          "Parallel Aware": false,
          "Startup Cost": 354516.35,
          "Total Cost": 354516.96,
          "Plan Rows": 6,
          "Plan Width": 8,
          "Actual Startup Time": 892.846,
          "Actual Total Time": 954.637,
          "Actual Rows": 7,
          "Actual Loops": 1,
          "Workers Planned": 6,
          "Workers Launched": 6,
          "Single Copy": false,
          "Plans": [
            {
              "Node Type": "Aggregate",
              "Strategy": "Plain",
              "Partial Mode": "Partial",
              "Parent Relationship": "Outer",
              "Parallel Aware": false,
              "Startup Cost": 353516.35,
              "Total Cost": 353516.36,
              "Plan Rows": 1,
              "Plan Width": 8,
              "Actual Startup Time": 885.119,
              "Actual Total Time": 885.121,
              "Actual Rows": 1,
              "Actual Loops": 7,
              "Plans": [
                {
                  "Node Type": "Seq Scan",
                  "Parent Relationship": "Outer",
                  "Parallel Aware": true,
                  "Relation Name": "cast_info",
                  "Alias": "ci",
                  "Startup Cost": 0.0,
                  "Total Cost": 343316.27,
                  "Plan Rows": 4080032,
                  "Plan Width": 0,
                  "Actual Startup Time": 76.726,
                  "Actual Total Time": 728.305,
                  "Actual Rows": 3400880,
                  "Actual Loops": 7,
                  "Filter": "((person_id > 538647) AND (role_id < 8))",
                  "Rows Removed by Filter": 1776883
                }
              ]
            }
          ]
        }
      ]
    },
    "Planning Time": 0.118,
    "Triggers": [],
    "Execution Time": 954.701
  }
]