[
  {
    "Plan": {
      "Node Type": "Aggregate",
      "Strategy": "Plain",
      "Partial Mode": "Finalize",
      "Parallel Aware": false,
      "Startup Cost": 31339.52,
      "Total Cost": 31339.53,
      "Plan Rows": 1,
      "Plan Width": 8,
      "Actual Startup Time": 94.565,
      "Actual Total Time": 100.165,
      "Actual Rows": 1,
      "Actual Loops": 1,
      "Plans": [
        {
          "Node Type": "Gather",
          "Parent Relationship": "Outer",
          "Parallel Aware": false,
          "Startup Cost": 31339.2,
          "Total Cost": 31339.51,
          "Plan Rows": 3,
          "Plan Width": 8,
          "Actual Startup Time": 94.426,
          "Actual Total Time": 100.155,
          "Actual Rows": 4,
          "Actual Loops": 1,
          "Workers Planned": 3,
          "Workers Launched": 3,
          "Single Copy": false,
          "Plans": [
            {
              "Node Type": "Aggregate",
              "Strategy": "Plain",
              "Partial Mode": "Partial",
              "Parent Relationship": "Outer",
              "Parallel Aware": false,
              "Startup Cost": 30339.2,
              "Total Cost": 30339.21,
              "Plan Rows": 1,
              "Plan Width": 8,
              "Actual Startup Time": 88.937,
              "Actual Total Time": 88.938,
              "Actual Rows": 1,
              "Actual Loops": 4,
              "Plans": [
                {
                  "Node Type": "Seq Scan",
                  "Parent Relationship": "Outer",
                  "Parallel Aware": true,
                  "Relation Name": "movie_companies",
                  "Alias": "mc",
                  "Startup Cost": 0.0,
                  "Total Cost": 29310.68,
                  "Plan Rows": 411408,
                  "Plan Width": 0,
                  "Actual Startup Time": 16.986,
                  "Actual Total Time": 74.895,
                  "Actual Rows": 316525,
                  "Actual Loops": 4,
                  "Filter": "(company_id > 11482)",
                  "Rows Removed by Filter": 335757
                }
              ]
            }
          ]
        }
      ]
    },
    "Planning Time": 0.23,
    "Triggers": [],
    "Execution Time": 100.232
  }
]