[
  {
    "Plan": {
      "Node Type": "Aggregate",
      "Strategy": "Plain",
      "Partial Mode": "Finalize",
      "Parallel Aware": false,
      "Startup Cost": 272825.25,
      "Total Cost": 272825.26,
      "Plan Rows": 1,
      "Plan Width": 8,
      "Actual Startup Time": 103.142,
      "Actual Total Time": 107.719,
      "Actual Rows": 1,
      "Actual Loops": 1,
      "Plans": [
        {
          "Node Type": "Gather",
          "Parent Relationship": "Outer",
          "Parallel Aware": false,
          "Startup Cost": 272824.63,
          "Total Cost": 272825.24,
          "Plan Rows": 6,
          "Plan Width": 8,
          "Actual Startup Time": 102.906,
          "Actual Total Time": 107.71,
          "Actual Rows": 7,
          "Actual Loops": 1,
          "Workers Planned": 6,
          "Workers Launched": 6,
          "Single Copy": false,
          "Plans": [
            {
              "Node Type": "Aggregate",
              "Strategy": "Plain",
              "Partial Mode": "Partial",
              "Parent Relationship": "Outer",
              "Parallel Aware": false,
              "Startup Cost": 271824.63,
              "Total Cost": 271824.64,
              "Plan Rows": 1,
              "Plan Width": 8,
              "Actual Startup Time": 95.01,
              "Actual Total Time": 95.011,
              "Actual Rows": 1,
              "Actual Loops": 7,
              "Plans": [
                {
                  "Node Type": "Bitmap Heap Scan",
                  "Parent Relationship": "Outer",
                  "Parallel Aware": true,
                  "Relation Name": "cast_info",
                  "Alias": "ci",
                  "Startup Cost": 16946.67,
                  "Total Cost": 271555.13,
                  "Plan Rows": 107798,
                  "Plan Width": 0,
                  "Actual Startup Time": 43.909,
                  "Actual Total Time": 87.343,
                  "Actual Rows": 100842,
                  "Actual Loops": 7,
                  "Recheck Cond": "(person_id < 79247)",
                  "Rows Removed by Index Recheck": 0,
                  "Filter": "(role_id < 9)",
                  "Rows Removed by Filter": 5701,
                  "Exact Heap Blocks": 2263,
                  "Lossy Heap Blocks": 0,
                  "Plans": [
                    {
                      "Node Type": "Bitmap Index Scan",
                      "Parent Relationship": "Outer",
                      "Parallel Aware": false,
                      "Index Name": "person_id_cast_info",
                      "Startup Cost": 0.0,
                      "Total Cost": 16784.97,
                      "Plan Rows": 768587,
                      "Plan Width": 0,
                      "Actual Startup Time": 49.633,
                      "Actual Total Time": 49.633,
                      "Actual Rows": 745801,
                      "Actual Loops": 1,
                      "Index Cond": "(person_id < 79247)"
                    }
                  ]
                }
              ]
            }
          ]
        }
      ]
    },
    "Planning Time": 0.237,
    "Triggers": [],
    "Execution Time": 107.798
  }
]