[
  {
    "Plan": {
      "Node Type": "Aggregate",
      "Strategy": "Plain",
      "Partial Mode": "Finalize",
      "Parallel Aware": false,
      "Startup Cost": 91717.06,
      "Total Cost": 91717.07,
      "Plan Rows": 1,
      "Plan Width": 8,
      "Actual Startup Time": 292.035,
      "Actual Total Time": 309.773,
      "Actual Rows": 1,
      "Actual Loops": 1,
      "Plans": [
        {
          "Node Type": "Gather",
          "Parent Relationship": "Outer",
          "Parallel Aware": false,
          "Startup Cost": 91716.74,
          "Total Cost": 91717.05,
          "Plan Rows": 3,
          "Plan Width": 8,
          "Actual Startup Time": 290.546,
          "Actual Total Time": 309.762,
          "Actual Rows": 4,
          "Actual Loops": 1,
          "Workers Planned": 3,
          "Workers Launched": 3,
          "Single Copy": false,
          "Plans": [
            {
              "Node Type": "Aggregate",
              "Strategy": "Plain",
              "Partial Mode": "Partial",
              "Parent Relationship": "Outer",
              "Parallel Aware": false,
              "Startup Cost": 90716.74,
              "Total Cost": 90716.75,
              "Plan Rows": 1,
              "Plan Width": 8,
              "Actual Startup Time": 281.616,
              "Actual Total Time": 281.62,
              "Actual Rows": 1,
              "Actual Loops": 4,
              "Plans": [
                {
                  "Node Type": "Hash Join",
                  "Parent Relationship": "Outer",
                  "Parallel Aware": true,
                  "Join Type": "Inner",
                  "Startup Cost": 46449.19,
                  "Total Cost": 90552.26,
                  "Plan Rows": 65794,
                  "Plan Width": 0,
                  "Actual Startup Time": 133.604,
                  "Actual Total Time": 281.096,
                  "Actual Rows": 11144,
                  "Actual Loops": 4,
                  "Inner Unique": true,
                  "Hash Cond": "(mk.movie_id = t.id)",
                  "Plans": [
                    {
                      "Node Type": "Seq Scan",
                      "Parent Relationship": "Outer",
                      "Parallel Aware": true,
                      "Relation Name": "movie_keyword",
                      "Alias": "mk",
                      "Startup Cost": 0.0,
                      "Total Cost": 42695.65,
                      "Plan Rows": 536159,
                      "Plan Width": 4,
                      "Actual Startup Time": 0.515,
                      "Actual Total Time": 106.206,
                      "Actual Rows": 411733,
                      "Actual Loops": 4,
                      "Filter": "(keyword_id > 8927)",
                      "Rows Removed by Filter": 719249
                    },
                    {
                      "Node Type": "Hash",
                      "Parent Relationship": "Inner",
                      "Parallel Aware": true,
                      "Startup Cost": 45479.59,
                      "Total Cost": 45479.59,
                      "Plan Rows": 77568,
                      "Plan Width": 4,
                      "Actual Startup Time": 129.772,
                      "Actual Total Time": 129.773,
                      "Actual Rows": 52451,
                      "Actual Loops": 4,
                      "Hash Buckets": 524288,
                      "Original Hash Buckets": 524288,
                      "Hash Batches": 1,
                      "Original Hash Batches": 1,
                      "Peak Memory Usage": 12384,
                      "Plans": [
                        {
                          "Node Type": "Seq Scan",
                          "Parent Relationship": "Outer",
                          "Parallel Aware": true,
                          "Relation Name": "title",
                          "Alias": "t",
                          "Startup Cost": 0.0,
                          "Total Cost": 45479.59,
                          "Plan Rows": 77568,
                          "Plan Width": 4,
                          "Actual Startup Time": 0.043,
                          "Actual Total Time": 102.621,
                          "Actual Rows": 52451,
                          "Actual Loops": 4,
                          "Filter": "((production_year < 1981) AND (kind_id = 7))",
                          "Rows Removed by Filter": 579627
                        }
                      ]
                    }
                  ]
                }
              ]
            }
          ]
        }
      ]
    },
    "Planning Time": 0.405,
    "Triggers": [],
    "Execution Time": 309.821
  }
]