[
  {
    "Plan": {
      "Node Type": "Aggregate",
      "Strategy": "Plain",
      "Partial Mode": "Finalize",
      "Parallel Aware": false,
      "Startup Cost": 317253.48,
      "Total Cost": 317253.49,
      "Plan Rows": 1,
      "Plan Width": 8,
      "Actual Startup Time": 1268.055,
      "Actual Total Time": 1326.471,
      "Actual Rows": 1,
      "Actual Loops": 1,
      "Plans": [
        {
          "Node Type": "Gather",
          "Parent Relationship": "Outer",
          "Parallel Aware": false,
          "Startup Cost": 317253.06,
          "Total Cost": 317253.47,
          "Plan Rows": 4,
          "Plan Width": 8,
          "Actual Startup Time": 990.897,
          "Actual Total Time": 1326.442,
          "Actual Rows": 5,
          "Actual Loops": 1,
          "Workers Planned": 4,
          "Workers Launched": 4,
          "Single Copy": false,
          "Plans": [
            {
              "Node Type": "Aggregate",
              "Strategy": "Plain",
              "Partial Mode": "Partial",
              "Parent Relationship": "Outer",
              "Parallel Aware": false,
              "Startup Cost": 316253.06,
              "Total Cost": 316253.07,
              "Plan Rows": 1,
              "Plan Width": 8,
              "Actual Startup Time": 1072.388,
              "Actual Total Time": 1072.392,
              "Actual Rows": 1,
              "Actual Loops": 5,
              "Plans": [
                {
                  "Node Type": "Nested Loop",
                  "Parent Relationship": "Outer",
                  "Parallel Aware": false,
                  "Join Type": "Inner",
                  "Startup Cost": 3.2,
                  "Total Cost": 314171.36,
                  "Plan Rows": 832681,
                  "Plan Width": 0,
                  "Actual Startup Time": 10.412,
                  "Actual Total Time": 1040.025,
                  "Actual Rows": 605168,
                  "Actual Loops": 5,
                  "Inner Unique": false,
                  "Join Filter": "(t.id = ci.movie_id)",
                  "Rows Removed by Join Filter": 0,
                  "Plans": [
                    {
                      "Node Type": "Merge Join",
                      "Parent Relationship": "Outer",
                      "Parallel Aware": false,
                      "Join Type": "Inner",
                      "Startup Cost": 2.64,
                      "Total Cost": 152359.54,
                      "Plan Rows": 58112,
                      "Plan Width": 8,
                      "Actual Startup Time": 10.233,
                      "Actual Total Time": 548.493,
                      "Actual Rows": 23218,
                      "Actual Loops": 5,
                      "Inner Unique": false,
                      "Merge Cond": "(t.id = mi_idx.movie_id)",
                      "Plans": [
                        {
                          "Node Type": "Index Scan",
                          "Parent Relationship": "Outer",
                          "Parallel Aware": true,
                          "Scan Direction": "Forward",
                          "Index Name": "title_pkey",
                          "Relation Name": "title",
                          "Alias": "t",
                          "Startup Cost": 0.43,
                          "Total Cost": 94538.14,
                          "Plan Rows": 106463,
                          "Plan Width": 4,
                          "Actual Startup Time": 2.547,
                          "Actual Total Time": 309.457,
                          "Actual Rows": 63033,
                          "Actual Loops": 5,
                          "Filter": "((production_year < 1991) AND (kind_id = 7))",
                          "Rows Removed by Filter": 442565
                        },
                        {
                          "Node Type": "Index Only Scan",
                          "Parent Relationship": "Inner",
                          "Parallel Aware": false,
                          "Scan Direction": "Forward",
                          "Index Name": "movie_id_movie_info_idx",
                          "Relation Name": "movie_info_idx",
                          "Alias": "mi_idx",
                          "Startup Cost": 0.43,
                          "Total Cost": 53620.22,
                          "Plan Rows": 1380035,
                          "Plan Width": 4,
                          "Actual Startup Time": 0.186,
                          "Actual Total Time": 184.898,
                          "Actual Rows": 875135,
                          "Actual Loops": 5,
                          "Heap Fetches": 4375675
                        }
                      ]
                    },
                    {
                      "Node Type": "Index Only Scan",
                      "Parent Relationship": "Inner",
                      "Parallel Aware": false,
                      "Scan Direction": "Forward",
                      "Index Name": "movie_id_cast_info",
                      "Relation Name": "cast_info",
                      "Alias": "ci",
                      "Startup Cost": 0.56,
                      "Total Cost": 2.32,
                      "Plan Rows": 37,
                      "Plan Width": 4,
                      "Actual Startup Time": 0.003,
                      "Actual Total Time": 0.018,
                      "Actual Rows": 26,
                      "Actual Loops": 116088,
                      "Index Cond": "(movie_id = mi_idx.movie_id)",
                      "Rows Removed by Index Recheck": 0,
                      "Heap Fetches": 3025839
                    }
                  ]
                }
              ]
            }
          ]
        }
      ]
    },
    "Planning Time": 1.319,
    "Triggers": [],
    "Execution Time": 1326.59
  }
]