[
  {
    "Plan": {
      "Node Type": "Aggregate",
      "Strategy": "Plain",
      "Partial Mode": "Finalize",
      "Parallel Aware": false,
      "Startup Cost": 32956.59,
      "Total Cost": 32956.6,
      "Plan Rows": 1,
      "Plan Width": 8,
      "Actual Startup Time": 113.921,
      "Actual Total Time": 121.831,
      "Actual Rows": 1,
      "Actual Loops": 1,
      "Plans": [
        {
          "Node Type": "Gather",
          "Parent Relationship": "Outer",
          "Parallel Aware": false,
          "Startup Cost": 32956.27,
          "Total Cost": 32956.58,
          "Plan Rows": 3,
          "Plan Width": 8,
          "Actual Startup Time": 113.756,
          "Actual Total Time": 121.82,
          "Actual Rows": 4,
          "Actual Loops": 1,
          "Workers Planned": 3,
          "Workers Launched": 3,
          "Single Copy": false,
          "Plans": [
            {
              "Node Type": "Aggregate",
              "Strategy": "Plain",
              "Partial Mode": "Partial",
              "Parent Relationship": "Outer",
              "Parallel Aware": false,
              "Startup Cost": 31956.27,
              "Total Cost": 31956.28,
              "Plan Rows": 1,
              "Plan Width": 8,
              "Actual Startup Time": 105.743,
              "Actual Total Time": 105.745,
              "Actual Rows": 1,
              "Actual Loops": 4,
              "Plans": [
                {
                  "Node Type": "Seq Scan",
                  "Parent Relationship": "Outer",
                  "Parallel Aware": true,
                  "Relation Name": "movie_companies",
                  "Alias": "mc",
                  "Startup Cost": 0.0,
                  "Total Cost": 31414.82,
                  "Plan Rows": 216580,
                  "Plan Width": 0,
                  "Actual Startup Time": 52.999,
                  "Actual Total Time": 94.122,
                  "Actual Rows": 227016,
                  "Actual Loops": 4,
                  "Filter": "((company_id > 11328) AND (company_type_id = 2))",
                  "Rows Removed by Filter": 425266
                }
              ]
            }
          ]
        }
      ]
    },
    "Planning Time": 0.188,
    "Triggers": [],
    "Execution Time": 121.884
  }
]