{
  "Plan": {
    "Node Type": "Aggregate",
    "Strategy": "Plain",
    "Partial Mode": "Finalize",
    "Parallel Aware": false,
    "Startup Cost": 432823.28,
    "Total Cost": 432823.29,
    "Plan Rows": 1,
    "Plan Width": 8,
    "Actual Startup Time": 2329.555,
    "Actual Total Time": 2356.023,
    "Actual Rows": 1,
    "Actual Loops": 1,
    "Plans": [
      {
        "Node Type": "Gather",
        "Parent Relationship": "Outer",
        "Parallel Aware": false,
        "Startup Cost": 432823.17,
        "Total Cost": 432823.28,
        "Plan Rows": 1,
        "Plan Width": 8,
        "Actual Startup Time": 2326.791,
        "Actual Total Time": 2356.017,
        "Actual Rows": 2,
        "Actual Loops": 1,
        "Workers Planned": 1,
        "Workers Launched": 1,
        "Single Copy": false,
        "Plans": [
          {
            "Node Type": "Aggregate",
            "Strategy": "Plain",
            "Partial Mode": "Partial",
            "Parent Relationship": "Outer",
            "Parallel Aware": false,
            "Startup Cost": 431823.17,
            "Total Cost": 431823.18,
            "Plan Rows": 1,
            "Plan Width": 8,
            "Actual Startup Time": 2320.476,
            "Actual Total Time": 2320.479,
            "Actual Rows": 1,
            "Actual Loops": 2,
            "Plans": [
              {
                "Node Type": "Nested Loop",
                "Parent Relationship": "Outer",
                "Parallel Aware": false,
                "Join Type": "Inner",
                "Startup Cost": 233370.31,
                "Total Cost": 431486.51,
                "Plan Rows": 134665,
                "Plan Width": 0,
                "Actual Startup Time": 216.81,
                "Actual Total Time": 2170.561,
                "Actual Rows": 3680518,
                "Actual Loops": 2,
                "Inner Unique": false,
                "Plans": [
                  {
                    "Node Type": "Merge Join",
                    "Parent Relationship": "Outer",
                    "Parallel Aware": false,
                    "Join Type": "Inner",
                    "Startup Cost": 233369.88,
                    "Total Cost": 342526.94,
                    "Plan Rows": 130493,
                    "Plan Width": 8,
                    "Actual Startup Time": 216.727,
                    "Actual Total Time": 959.709,
                    "Actual Rows": 256986,
                    "Actual Loops": 2,
                    "Inner Unique": false,
                    "Merge Cond": "(t.id = mi.movie_id)",
                    "Plans": [
                      {
                        "Node Type": "Index Scan",
                        "Parent Relationship": "Outer",
                        "Parallel Aware": true,
                        "Scan Direction": "Forward",
                        "Index Name": "title_pkey",
                        "Relation Name": "title",
                        "Alias": "t",
                        "Startup Cost": 0.43,
                        "Total Cost": 103647.43,
                        "Plan Rows": 583193,
                        "Plan Width": 4,
                        "Actual Startup Time": 0.37,
                        "Actual Total Time": 599.097,
                        "Actual Rows": 491768,
                        "Actual Loops": 2,
                        "Filter": "(kind_id < 7)",
                        "Rows Removed by Filter": 771040
                      },
                      {
                        "Node Type": "Sort",
                        "Parent Relationship": "Inner",
                        "Parallel Aware": false,
                        "Startup Cost": 233367.29,
                        "Total Cost": 234781.59,
                        "Plan Rows": 565722,
                        "Plan Width": 4,
                        "Actual Startup Time": 216.33,
                        "Actual Total Time": 281.496,
                        "Actual Rows": 543367,
                        "Actual Loops": 2,
                        "Sort Key": [
                          "mi.movie_id"
                        ],
                        "Sort Method": "quicksort",
                        "Sort Space Used": 50047,
                        "Sort Space Type": "Memory",
                        "Workers": [
                          {
                            "Worker Number": 0,
                            "Sort Method": "quicksort",
                            "Sort Space Used": 50047,
                            "Sort Space Type": "Memory"
                          }
                        ],
                        "Plans": [
                          {
                            "Node Type": "Bitmap Heap Scan",
                            "Parent Relationship": "Outer",
                            "Parallel Aware": false,
                            "Relation Name": "movie_info",
                            "Alias": "mi",
                            "Startup Cost": 10248.78,
                            "Total Cost": 179313.31,
                            "Plan Rows": 565722,
                            "Plan Width": 4,
                            "Actual Startup Time": 37.607,
                            "Actual Total Time": 99.999,
                            "Actual Rows": 543367,
                            "Actual Loops": 2,
                            "Recheck Cond": "(info_type_id > 98)",
                            "Rows Removed by Index Recheck": 0,
                            "Exact Heap Blocks": 5822,
                            "Lossy Heap Blocks": 0,
                            "Plans": [
                              {
                                "Node Type": "Bitmap Index Scan",
                                "Parent Relationship": "Outer",
                                "Parallel Aware": false,
                                "Index Name": "info_type_id_movie_info",
                                "Startup Cost": 0.0,
                                "Total Cost": 10107.35,
                                "Plan Rows": 565722,
                                "Plan Width": 0,
                                "Actual Startup Time": 36.833,
                                "Actual Total Time": 36.834,
                                "Actual Rows": 543367,
                                "Actual Loops": 2,
                                "Index Cond": "(info_type_id > 98)"
                              }
                            ]
                          }
                        ]
                      }
                    ]
                  },
                  {
                    "Node Type": "Index Only Scan",
                    "Parent Relationship": "Inner",
                    "Parallel Aware": false,
                    "Scan Direction": "Forward",
                    "Index Name": "movie_id_movie_companies",
                    "Relation Name": "movie_companies",
                    "Alias": "mc",
                    "Startup Cost": 0.43,
                    "Total Cost": 0.63,
                    "Plan Rows": 5,
                    "Plan Width": 4,
                    "Actual Startup Time": 0.002,
                    "Actual Total Time": 0.004,
                    "Actual Rows": 14,
                    "Actual Loops": 513972,
                    "Index Cond": "(movie_id = t.id)",
                    "Rows Removed by Index Recheck": 0,
                    "Heap Fetches": 7361036
                  }
                ]
              }
            ]
          }
        ]
      }
    ]
  },
  "Planning Time": 1.078,
  "Triggers": [],
  "Execution Time": 2362.548
}