[
  {
    "Plan": {
      "Node Type": "Aggregate",
      "Strategy": "Plain",
      "Partial Mode": "Finalize",
      "Parallel Aware": false,
      "Startup Cost": 286374.67,
      "Total Cost": 286374.68,
      "Plan Rows": 1,
      "Plan Width": 8,
      "Actual Startup Time": 1166.888,
      "Actual Total Time": 1214.687,
      "Actual Rows": 1,
      "Actual Loops": 1,
      "Plans": [
        {
          "Node Type": "Gather",
          "Parent Relationship": "Outer",
          "Parallel Aware": false,
          "Startup Cost": 286374.15,
          "Total Cost": 286374.66,
          "Plan Rows": 5,
          "Plan Width": 8,
          "Actual Startup Time": 1155.684,
          "Actual Total Time": 1214.674,
          "Actual Rows": 6,
          "Actual Loops": 1,
          "Workers Planned": 5,
          "Workers Launched": 5,
          "Single Copy": false,
          "Plans": [
            {
              "Node Type": "Aggregate",
              "Strategy": "Plain",
              "Partial Mode": "Partial",
              "Parent Relationship": "Outer",
              "Parallel Aware": false,
              "Startup Cost": 285374.15,
              "Total Cost": 285374.16,
              "Plan Rows": 1,
              "Plan Width": 8,
              "Actual Startup Time": 1147.988,
              "Actual Total Time": 1148.469,
              "Actual Rows": 1,
              "Actual Loops": 6,
              "Plans": [
                {
                  "Node Type": "Hash Join",
                  "Parent Relationship": "Outer",
                  "Parallel Aware": true,
                  "Join Type": "Inner",
                  "Startup Cost": 80297.55,
                  "Total Cost": 284399.8,
                  "Plan Rows": 389740,
                  "Plan Width": 0,
                  "Actual Startup Time": 464.328,
                  "Actual Total Time": 1104.252,
                  "Actual Rows": 886335,
                  "Actual Loops": 6,
                  "Inner Unique": false,
                  "Hash Cond": "(mi.movie_id = t.id)",
                  "Plans": [
                    {
                      "Node Type": "Seq Scan",
                      "Parent Relationship": "Outer",
                      "Parallel Aware": true,
                      "Relation Name": "movie_info",
                      "Alias": "mi",
                      "Startup Cost": 0.0,
                      "Total Cost": 199108.24,
                      "Plan Rows": 996473,
                      "Plan Width": 4,
                      "Actual Startup Time": 0.042,
                      "Actual Total Time": 358.764,
                      "Actual Rows": 820661,
                      "Actual Loops": 6,
                      "Filter": "(info_type_id < 5)",
                      "Rows Removed by Filter": 1651959
                    },
                    {
                      "Node Type": "Hash",
                      "Parent Relationship": "Inner",
                      "Parallel Aware": true,
                      "Startup Cost": 76309.99,
                      "Total Cost": 76309.99,
                      "Plan Rows": 319005,
                      "Plan Width": 8,
                      "Actual Startup Time": 461.113,
                      "Actual Total Time": 461.593,
                      "Actual Rows": 220972,
                      "Actual Loops": 6,
                      "Hash Buckets": 2097152,
                      "Original Hash Buckets": 1048576,
                      "Hash Batches": 1,
                      "Original Hash Batches": 1,
                      "Peak Memory Usage": 76512,
                      "Plans": [
                        {
                          "Node Type": "Hash Join",
                          "Parent Relationship": "Outer",
                          "Parallel Aware": true,
                          "Join Type": "Inner",
                          "Startup Cost": 46894.1,
                          "Total Cost": 76309.99,
                          "Plan Rows": 319005,
                          "Plan Width": 8,
                          "Actual Startup Time": 164.798,
                          "Actual Total Time": 347.521,
                          "Actual Rows": 220972,
                          "Actual Loops": 6,
                          "Inner Unique": true,
                          "Hash Cond": "(mc.movie_id = t.id)",
                          "Plans": [
                            {
                              "Node Type": "Seq Scan",
                              "Parent Relationship": "Outer",
                              "Parallel Aware": true,
                              "Relation Name": "movie_companies",
                              "Alias": "mc",
                              "Startup Cost": 0.0,
                              "Total Cost": 27206.55,
                              "Plan Rows": 841655,
                              "Plan Width": 4,
                              "Actual Startup Time": 0.014,
                              "Actual Total Time": 48.944,
                              "Actual Rows": 434855,
                              "Actual Loops": 6
                            },
                            {
                              "Node Type": "Hash",
                              "Parent Relationship": "Inner",
                              "Parallel Aware": true,
                              "Startup Cost": 43899.32,
                              "Total Cost": 43899.32,
                              "Plan Rows": 239582,
                              "Plan Width": 4,
                              "Actual Startup Time": 163.243,
                              "Actual Total Time": 163.245,
                              "Actual Rows": 161865,
                              "Actual Loops": 6,
                              "Hash Buckets": 1048576,
                              "Original Hash Buckets": 1048576,
                              "Hash Batches": 1,
                              "Original Hash Batches": 1,
                              "Peak Memory Usage": 46304,
                              "Plans": [
                                {
                                  "Node Type": "Seq Scan",
                                  "Parent Relationship": "Outer",
                                  "Parallel Aware": true,
                                  "Relation Name": "title",
                                  "Alias": "t",
                                  "Startup Cost": 0.0,
                                  "Total Cost": 43899.32,
                                  "Plan Rows": 239582,
                                  "Plan Width": 4,
                                  "Actual Startup Time": 0.044,
                                  "Actual Total Time": 90.571,
                                  "Actual Rows": 161865,
                                  "Actual Loops": 6,
                                  "Filter": "(production_year < 1999)",
                                  "Rows Removed by Filter": 259521
                                }
                              ]
                            }
                          ]
                        }
                      ]
                    }
                  ]
                }
              ]
            }
          ]
        }
      ]
    },
    "Planning Time": 0.7,
    "Triggers": [],
    "Execution Time": 1214.749
  }
]