[
  {
    "Plan": {
      "Node Type": "Aggregate",
      "Strategy": "Plain",
      "Partial Mode": "Finalize",
      "Parallel Aware": false,
      "Startup Cost": 77697.33,
      "Total Cost": 77697.34,
      "Plan Rows": 1,
      "Plan Width": 8,
      "Actual Startup Time": 447.305,
      "Actual Total Time": 515.172,
      "Actual Rows": 1,
      "Actual Loops": 1,
      "Plans": [
        {
          "Node Type": "Gather",
          "Parent Relationship": "Outer",
          "Parallel Aware": false,
          "Startup Cost": 77697.11,
          "Total Cost": 77697.32,
          "Plan Rows": 2,
          "Plan Width": 8,
          "Actual Startup Time": 446.953,
          "Actual Total Time": 515.16,
          "Actual Rows": 3,
          "Actual Loops": 1,
          "Workers Planned": 2,
          "Workers Launched": 2,
          "Single Copy": false,
          "Plans": [
            {
              "Node Type": "Aggregate",
              "Strategy": "Plain",
              "Partial Mode": "Partial",
              "Parent Relationship": "Outer",
              "Parallel Aware": false,
              "Startup Cost": 76697.11,
              "Total Cost": 76697.12,
              "Plan Rows": 1,
              "Plan Width": 8,
              "Actual Startup Time": 439.166,
              "Actual Total Time": 439.169,
              "Actual Rows": 1,
              "Actual Loops": 3,
              "Plans": [
                {
                  "Node Type": "Nested Loop",
                  "Parent Relationship": "Outer",
                  "Parallel Aware": false,
                  "Join Type": "Inner",
                  "Startup Cost": 45616.71,
                  "Total Cost": 76696.05,
                  "Plan Rows": 426,
                  "Plan Width": 0,
                  "Actual Startup Time": 112.885,
                  "Actual Total Time": 439.016,
                  "Actual Rows": 1390,
                  "Actual Loops": 3,
                  "Inner Unique": false,
                  "Join Filter": "(t.id = ci.movie_id)",
                  "Rows Removed by Join Filter": 0,
                  "Plans": [
                    {
                      "Node Type": "Hash Join",
                      "Parent Relationship": "Outer",
                      "Parallel Aware": true,
                      "Join Type": "Inner",
                      "Startup Cost": 45616.15,
                      "Total Cost": 61242.77,
                      "Plan Rows": 3330,
                      "Plan Width": 8,
                      "Actual Startup Time": 109.743,
                      "Actual Total Time": 165.214,
                      "Actual Rows": 4595,
                      "Actual Loops": 3,
                      "Inner Unique": true,
                      "Hash Cond": "(mi_idx.movie_id = t.id)",
                      "Plans": [
                        {
                          "Node Type": "Seq Scan",
                          "Parent Relationship": "Outer",
                          "Parallel Aware": true,
                          "Relation Name": "movie_info_idx",
                          "Alias": "mi_idx",
                          "Startup Cost": 0.0,
                          "Total Cost": 15122.68,
                          "Plan Rows": 191978,
                          "Plan Width": 4,
                          "Actual Startup Time": 0.023,
                          "Actual Total Time": 34.218,
                          "Actual Rows": 153308,
                          "Actual Loops": 3,
                          "Filter": "(info_type_id = 101)",
                          "Rows Removed by Filter": 306703
                        },
                        {
                          "Node Type": "Hash",
                          "Parent Relationship": "Inner",
                          "Parallel Aware": true,
                          "Startup Cost": 45479.1,
                          "Total Cost": 45479.1,
                          "Plan Rows": 10964,
                          "Plan Width": 4,
                          "Actual Startup Time": 108.621,
                          "Actual Total Time": 108.622,
                          "Actual Rows": 11302,
                          "Actual Loops": 3,
                          "Hash Buckets": 65536,
                          "Original Hash Buckets": 65536,
                          "Hash Batches": 1,
                          "Original Hash Batches": 1,
                          "Peak Memory Usage": 1888,
                          "Plans": [
                            {
                              "Node Type": "Seq Scan",
                              "Parent Relationship": "Outer",
                              "Parallel Aware": true,
                              "Relation Name": "title",
                              "Alias": "t",
                              "Startup Cost": 0.0,
                              "Total Cost": 45479.1,
                              "Plan Rows": 10964,
                              "Plan Width": 4,
                              "Actual Startup Time": 0.103,
                              "Actual Total Time": 104.99,
                              "Actual Rows": 11302,
                              "Actual Loops": 3,
                              "Filter": "((kind_id < 7) AND (production_year = 2006))",
                              "Rows Removed by Filter": 831469
                            }
                          ]
                        }
                      ]
                    },
                    {
                      "Node Type": "Index Scan",
                      "Parent Relationship": "Inner",
                      "Parallel Aware": false,
                      "Scan Direction": "Forward",
                      "Index Name": "movie_id_cast_info",
                      "Relation Name": "cast_info",
                      "Alias": "ci",
                      "Startup Cost": 0.56,
                      "Total Cost": 4.63,
                      "Plan Rows": 1,
                      "Plan Width": 4,
                      "Actual Startup Time": 0.059,
                      "Actual Total Time": 0.059,
                      "Actual Rows": 0,
                      "Actual Loops": 13785,
                      "Index Cond": "(movie_id = mi_idx.movie_id)",
                      "Rows Removed by Index Recheck": 0,
                      "Filter": "(person_id > 4003656)",
                      "Rows Removed by Filter": 27
                    }
                  ]
                }
              ]
            }
          ]
        }
      ]
    },
    "Planning Time": 1.433,
    "Triggers": [],
    "Execution Time": 515.288
  }
]