[
  {
    "Plan": {
      "Node Type": "Aggregate",
      "Strategy": "Plain",
      "Partial Mode": "Finalize",
      "Parallel Aware": false,
      "Startup Cost": 32769.61,
      "Total Cost": 32769.62,
      "Plan Rows": 1,
      "Plan Width": 8,
      "Actual Startup Time": 115.4,
      "Actual Total Time": 123.863,
      "Actual Rows": 1,
      "Actual Loops": 1,
      "Plans": [
        {
          "Node Type": "Gather",
          "Parent Relationship": "Outer",
          "Parallel Aware": false,
          "Startup Cost": 32769.29,
          "Total Cost": 32769.6,
          "Plan Rows": 3,
          "Plan Width": 8,
          "Actual Startup Time": 115.168,
          "Actual Total Time": 123.854,
          "Actual Rows": 4,
          "Actual Loops": 1,
          "Workers Planned": 3,
          "Workers Launched": 3,
          "Single Copy": false,
          "Plans": [
            {
              "Node Type": "Aggregate",
              "Strategy": "Plain",
              "Partial Mode": "Partial",
              "Parent Relationship": "Outer",
              "Parallel Aware": false,
              "Startup Cost": 31769.29,
              "Total Cost": 31769.3,
              "Plan Rows": 1,
              "Plan Width": 8,
              "Actual Startup Time": 105.689,
              "Actual Total Time": 105.691,
              "Actual Rows": 1,
              "Actual Loops": 4,
              "Plans": [
                {
                  "Node Type": "Bitmap Heap Scan",
                  "Parent Relationship": "Outer",
                  "Parallel Aware": true,
                  "Relation Name": "movie_keyword",
                  "Alias": "mk",
                  "Startup Cost": 5956.6,
                  "Total Cost": 31542.84,
                  "Plan Rows": 90579,
                  "Plan Width": 0,
                  "Actual Startup Time": 36.212,
                  "Actual Total Time": 100.872,
                  "Actual Rows": 74355,
                  "Actual Loops": 4,
                  "Recheck Cond": "(keyword_id < 243)",
                  "Rows Removed by Index Recheck": 0,
                  "Exact Heap Blocks": 11397,
                  "Lossy Heap Blocks": 0,
                  "Plans": [
                    {
                      "Node Type": "Bitmap Index Scan",
                      "Parent Relationship": "Outer",
                      "Parallel Aware": false,
                      "Index Name": "keyword_id_movie_keyword",
                      "Startup Cost": 0.0,
                      "Total Cost": 5886.4,
                      "Plan Rows": 280796,
                      "Plan Width": 0,
                      "Actual Startup Time": 40.227,
                      "Actual Total Time": 40.228,
                      "Actual Rows": 297420,
                      "Actual Loops": 1,
                      "Index Cond": "(keyword_id < 243)"
                    }
                  ]
                }
              ]
            }
          ]
        }
      ]
    },
    "Planning Time": 0.184,
    "Triggers": [],
    "Execution Time": 123.939
  }
]