[
  {
    "Plan": {
      "Node Type": "Aggregate",
      "Strategy": "Plain",
      "Partial Mode": "Finalize",
      "Parallel Aware": false,
      "Startup Cost": 46557.98,
      "Total Cost": 46557.99,
      "Plan Rows": 1,
      "Plan Width": 8,
      "Actual Startup Time": 103.775,
      "Actual Total Time": 115.887,
      "Actual Rows": 1,
      "Actual Loops": 1,
      "Plans": [
        {
          "Node Type": "Gather",
          "Parent Relationship": "Outer",
          "Parallel Aware": false,
          "Startup Cost": 46557.56,
          "Total Cost": 46557.97,
          "Plan Rows": 4,
          "Plan Width": 8,
          "Actual Startup Time": 103.486,
          "Actual Total Time": 115.876,
          "Actual Rows": 5,
          "Actual Loops": 1,
          "Workers Planned": 4,
          "Workers Launched": 4,
          "Single Copy": false,
          "Plans": [
            {
              "Node Type": "Aggregate",
              "Strategy": "Plain",
              "Partial Mode": "Partial",
              "Parent Relationship": "Outer",
              "Parallel Aware": false,
              "Startup Cost": 45557.56,
              "Total Cost": 45557.57,
              "Plan Rows": 1,
              "Plan Width": 8,
              "Actual Startup Time": 94.61,
              "Actual Total Time": 94.612,
              "Actual Rows": 1,
              "Actual Loops": 5,
              "Plans": [
                {
                  "Node Type": "Seq Scan",
                  "Parent Relationship": "Outer",
                  "Parallel Aware": true,
                  "Relation Name": "title",
                  "Alias": "t",
                  "Startup Cost": 0.0,
                  "Total Cost": 45479.59,
                  "Plan Rows": 31188,
                  "Plan Width": 0,
                  "Actual Startup Time": 58.962,
                  "Actual Total Time": 92.134,
                  "Actual Rows": 53071,
                  "Actual Loops": 5,
                  "Filter": "((production_year < 1979) AND (kind_id = 1))",
                  "Rows Removed by Filter": 452592
                }
              ]
            }
          ]
        }
      ]
    },
    "Planning Time": 0.194,
    "Triggers": [],
    "Execution Time": 115.946
  }
]