[
  {
    "Plan": {
      "Node Type": "Aggregate",
      "Strategy": "Plain",
      "Partial Mode": "Finalize",
      "Parallel Aware": false,
      "Startup Cost": 349158.65,
      "Total Cost": 349158.66,
      "Plan Rows": 1,
      "Plan Width": 8,
      "Actual Startup Time": 720.816,
      "Actual Total Time": 773.886,
      "Actual Rows": 1,
      "Actual Loops": 1,
      "Plans": [
        {
          "Node Type": "Gather",
          "Parent Relationship": "Outer",
          "Parallel Aware": false,
          "Startup Cost": 349158.02,
          "Total Cost": 349158.63,
          "Plan Rows": 6,
          "Plan Width": 8,
          "Actual Startup Time": 720.495,
          "Actual Total Time": 773.862,
          "Actual Rows": 7,
          "Actual Loops": 1,
          "Workers Planned": 6,
          "Workers Launched": 6,
          "Single Copy": false,
          "Plans": [
            {
              "Node Type": "Aggregate",
              "Strategy": "Plain",
              "Partial Mode": "Partial",
              "Parent Relationship": "Outer",
              "Parallel Aware": false,
              "Startup Cost": 348158.02,
              "Total Cost": 348158.03,
              "Plan Rows": 1,
              "Plan Width": 8,
              "Actual Startup Time": 713.107,
              "Actual Total Time": 713.108,
              "Actual Rows": 1,
              "Actual Loops": 7,
              "Plans": [
                {
                  "Node Type": "Seq Scan",
                  "Parent Relationship": "Outer",
                  "Parallel Aware": true,
                  "Relation Name": "cast_info",
                  "Alias": "ci",
                  "Startup Cost": 0.0,
                  "Total Cost": 343316.27,
                  "Plan Rows": 1936700,
                  "Plan Width": 0,
                  "Actual Startup Time": 367.497,
                  "Actual Total Time": 667.805,
                  "Actual Rows": 894335,
                  "Actual Loops": 7,
                  "Filter": "((person_id < 2725869) AND (role_id > 2))",
                  "Rows Removed by Filter": 4283429
                }
              ]
            }
          ]
        }
      ]
    },
    "Planning Time": 0.114,
    "Triggers": [],
    "Execution Time": 773.93
  }
]