[
  {
    "Plan": {
      "Node Type": "Aggregate",
      "Strategy": "Plain",
      "Partial Mode": "Finalize",
      "Parallel Aware": false,
      "Startup Cost": 32813.96,
      "Total Cost": 32813.97,
      "Plan Rows": 1,
      "Plan Width": 8,
      "Actual Startup Time": 98.178,
      "Actual Total Time": 104.403,
      "Actual Rows": 1,
      "Actual Loops": 1,
      "Plans": [
        {
          "Node Type": "Gather",
          "Parent Relationship": "Outer",
          "Parallel Aware": false,
          "Startup Cost": 32813.64,
          "Total Cost": 32813.95,
          "Plan Rows": 3,
          "Plan Width": 8,
          "Actual Startup Time": 98.042,
          "Actual Total Time": 104.392,
          "Actual Rows": 4,
          "Actual Loops": 1,
          "Workers Planned": 3,
          "Workers Launched": 3,
          "Single Copy": false,
          "Plans": [
            {
              "Node Type": "Aggregate",
              "Strategy": "Plain",
              "Partial Mode": "Partial",
              "Parent Relationship": "Outer",
              "Parallel Aware": false,
              "Startup Cost": 31813.64,
              "Total Cost": 31813.65,
              "Plan Rows": 1,
              "Plan Width": 8,
              "Actual Startup Time": 91.449,
              "Actual Total Time": 91.45,
              "Actual Rows": 1,
              "Actual Loops": 4,
              "Plans": [
                {
                  "Node Type": "Seq Scan",
                  "Parent Relationship": "Outer",
                  "Parallel Aware": true,
                  "Relation Name": "movie_companies",
                  "Alias": "mc",
                  "Startup Cost": 0.0,
                  "Total Cost": 31414.82,
                  "Plan Rows": 159528,
                  "Plan Width": 0,
                  "Actual Startup Time": 0.029,
                  "Actual Total Time": 80.493,
                  "Actual Rows": 176506,
                  "Actual Loops": 4,
                  "Filter": "((company_id < 5158) AND (company_type_id < 2))",
                  "Rows Removed by Filter": 475776
                }
              ]
            }
          ]
        }
      ]
    },
    "Planning Time": 0.129,
    "Triggers": [],
    "Execution Time": 104.438
  }
]