[
  {
    "Plan": {
      "Node Type": "Aggregate",
      "Strategy": "Plain",
      "Partial Mode": "Finalize",
      "Parallel Aware": false,
      "Startup Cost": 337753.55,
      "Total Cost": 337753.56,
      "Plan Rows": 1,
      "Plan Width": 8,
      "Actual Startup Time": 725.352,
      "Actual Total Time": 784.063,
      "Actual Rows": 1,
      "Actual Loops": 1,
      "Plans": [
        {
          "Node Type": "Gather",
          "Parent Relationship": "Outer",
          "Parallel Aware": false,
          "Startup Cost": 337752.93,
          "Total Cost": 337753.54,
          "Plan Rows": 6,
          "Plan Width": 8,
          "Actual Startup Time": 725.227,
          "Actual Total Time": 784.054,
          "Actual Rows": 7,
          "Actual Loops": 1,
          "Workers Planned": 6,
          "Workers Launched": 6,
          "Single Copy": false,
          "Plans": [
            {
              "Node Type": "Aggregate",
              "Strategy": "Plain",
              "Partial Mode": "Partial",
              "Parent Relationship": "Outer",
              "Parallel Aware": false,
              "Startup Cost": 336752.93,
              "Total Cost": 336752.94,
              "Plan Rows": 1,
              "Plan Width": 8,
              "Actual Startup Time": 716.648,
              "Actual Total Time": 716.649,
              "Actual Rows": 1,
              "Actual Loops": 7,
              "Plans": [
                {
                  "Node Type": "Seq Scan",
                  "Parent Relationship": "Outer",
                  "Parallel Aware": true,
                  "Relation Name": "cast_info",
                  "Alias": "ci",
                  "Startup Cost": 0.0,
                  "Total Cost": 328162.03,
                  "Plan Rows": 3436361,
                  "Plan Width": 0,
                  "Actual Startup Time": 0.044,
                  "Actual Total Time": 590.164,
                  "Actual Rows": 2950035,
                  "Actual Loops": 7,
                  "Filter": "(person_id < 2078843)",
                  "Rows Removed by Filter": 2227729
                }
              ]
            }
          ]
        }
      ]
    },
    "Planning Time": 0.193,
    "Triggers": [],
    "Execution Time": 784.137
  }
]