[
  {
    "Plan": {
      "Node Type": "Aggregate",
      "Strategy": "Plain",
      "Partial Mode": "Finalize",
      "Parallel Aware": false,
      "Startup Cost": 46505.95,
      "Total Cost": 46505.96,
      "Plan Rows": 1,
      "Plan Width": 8,
      "Actual Startup Time": 100.411,
      "Actual Total Time": 112.73,
      "Actual Rows": 1,
      "Actual Loops": 1,
      "Plans": [
        {
          "Node Type": "Gather",
          "Parent Relationship": "Outer",
          "Parallel Aware": false,
          "Startup Cost": 46505.53,
          "Total Cost": 46505.94,
          "Plan Rows": 4,
          "Plan Width": 8,
          "Actual Startup Time": 100.277,
          "Actual Total Time": 112.721,
          "Actual Rows": 5,
          "Actual Loops": 1,
          "Workers Planned": 4,
          "Workers Launched": 4,
          "Single Copy": false,
          "Plans": [
            {
              "Node Type": "Aggregate",
              "Strategy": "Plain",
              "Partial Mode": "Partial",
              "Parent Relationship": "Outer",
              "Parallel Aware": false,
              "Startup Cost": 45505.53,
              "Total Cost": 45505.54,
              "Plan Rows": 1,
              "Plan Width": 8,
              "Actual Startup Time": 91.676,
              "Actual Total Time": 91.677,
              "Actual Rows": 1,
              "Actual Loops": 5,
              "Plans": [
                {
                  "Node Type": "Seq Scan",
                  "Parent Relationship": "Outer",
                  "Parallel Aware": true,
                  "Relation Name": "title",
                  "Alias": "t",
                  "Startup Cost": 0.0,
                  "Total Cost": 45479.1,
                  "Plan Rows": 10574,
                  "Plan Width": 0,
                  "Actual Startup Time": 57.981,
                  "Actual Total Time": 91.09,
                  "Actual Rows": 7482,
                  "Actual Loops": 5,
                  "Filter": "((kind_id = 1) AND (production_year = 2011))",
                  "Rows Removed by Filter": 498180
                }
              ]
            }
          ]
        }
      ]
    },
    "Planning Time": 0.191,
    "Triggers": [],
    "Execution Time": 112.791
  }
]