{
  "Plan": {
    "Node Type": "Aggregate",
    "Strategy": "Plain",
    "Partial Mode": "Finalize",
    "Parallel Aware": false,
    "Startup Cost": 209604.22,
    "Total Cost": 209604.23,
    "Plan Rows": 1,
    "Plan Width": 8,
    "Actual Startup Time": 157.038,
    "Actual Total Time": 169.194,
    "Actual Rows": 1,
    "Actual Loops": 1,
    "Plans": [
      {
        "Node Type": "Gather",
        "Parent Relationship": "Outer",
        "Parallel Aware": false,
        "Startup Cost": 209604.11,
        "Total Cost": 209604.22,
        "Plan Rows": 1,
        "Plan Width": 8,
        "Actual Startup Time": 156.788,
        "Actual Total Time": 169.189,
        "Actual Rows": 2,
        "Actual Loops": 1,
        "Workers Planned": 1,
        "Workers Launched": 1,
        "Single Copy": false,
        "Plans": [
          {
            "Node Type": "Aggregate",
            "Strategy": "Plain",
            "Partial Mode": "Partial",
            "Parent Relationship": "Outer",
            "Parallel Aware": false,
            "Startup Cost": 208604.11,
            "Total Cost": 208604.12,
            "Plan Rows": 1,
            "Plan Width": 8,
            "Actual Startup Time": 151.483,
            "Actual Total Time": 151.486,
            "Actual Rows": 1,
            "Actual Loops": 2,
            "Plans": [
              {
                "Node Type": "Hash Join",
                "Parent Relationship": "Outer",
                "Parallel Aware": true,
                "Join Type": "Inner",
                "Startup Cost": 56692.35,
                "Total Cost": 208602.52,
                "Plan Rows": 635,
                "Plan Width": 0,
                "Actual Startup Time": 138.027,
                "Actual Total Time": 151.469,
                "Actual Rows": 237,
                "Actual Loops": 2,
                "Inner Unique": true,
                "Hash Cond": "(mi.movie_id = t.id)",
                "Plans": [
                  {
                    "Node Type": "Bitmap Heap Scan",
                    "Parent Relationship": "Outer",
                    "Parallel Aware": true,
                    "Relation Name": "movie_info",
                    "Alias": "mi",
                    "Startup Cost": 1913.73,
                    "Total Cost": 153661.06,
                    "Plan Rows": 62034,
                    "Plan Width": 4,
                    "Actual Startup Time": 4.448,
                    "Actual Total Time": 14.669,
                    "Actual Rows": 54517,
                    "Actual Loops": 2,
                    "Recheck Cond": "(info_type_id = 106)",
                    "Rows Removed by Index Recheck": 0,
                    "Exact Heap Blocks": 2607,
                    "Lossy Heap Blocks": 0,
                    "Plans": [
                      {
                        "Node Type": "Bitmap Index Scan",
                        "Parent Relationship": "Outer",
                        "Parallel Aware": false,
                        "Index Name": "info_type_id_movie_info",
                        "Startup Cost": 0.0,
                        "Total Cost": 1887.36,
                        "Plan Rows": 105457,
                        "Plan Width": 0,
                        "Actual Startup Time": 3.793,
                        "Actual Total Time": 3.794,
                        "Actual Rows": 109034,
                        "Actual Loops": 1,
                        "Index Cond": "(info_type_id = 106)"
                      }
                    ]
                  },
                  {
                    "Node Type": "Hash",
                    "Parent Relationship": "Inner",
                    "Parallel Aware": true,
                    "Startup Cost": 54588.39,
                    "Total Cost": 54588.39,
                    "Plan Rows": 15219,
                    "Plan Width": 4,
                    "Actual Startup Time": 131.67,
                    "Actual Total Time": 131.671,
                    "Actual Rows": 13388,
                    "Actual Loops": 2,
                    "Hash Buckets": 32768,
                    "Original Hash Buckets": 32768,
                    "Hash Batches": 1,
                    "Original Hash Batches": 1,
                    "Peak Memory Usage": 1344,
                    "Plans": [
                      {
                        "Node Type": "Seq Scan",
                        "Parent Relationship": "Outer",
                        "Parallel Aware": true,
                        "Relation Name": "title",
                        "Alias": "t",
                        "Startup Cost": 0.0,
                        "Total Cost": 54588.39,
                        "Plan Rows": 15219,
                        "Plan Width": 4,
                        "Actual Startup Time": 0.036,
                        "Actual Total Time": 127.479,
                        "Actual Rows": 13388,
                        "Actual Loops": 2,
                        "Filter": "(production_year = 1993)",
                        "Rows Removed by Filter": 1250768
                      }
                    ]
                  }
                ]
              }
            ]
          }
        ]
      }
    ]
  },
  "Planning Time": 0.377,
  "Triggers": [],
  "Execution Time": 169.263
}