[
    {
        "Bao": {
            "Bao prediction": "NaN",
            "Bao recommended hint": "(no hint)"
        }
    },
    {
        "Plan": {
            "Node Type": "Aggregate",
            "Strategy": "Plain",
            "Partial Mode": "Finalize",
            "Parallel Aware": false,
            "Startup Cost": 41610.05,
            "Total Cost": 41610.06,
            "Plan Rows": 1,
            "Plan Width": 8,
            "Actual Startup Time": 132.774,
            "Actual Total Time": 141.813,
            "Actual Rows": 1,
            "Actual Loops": 1,
            "Output": [
                "count(*)"
            ],
            "Plans": [
                {
                    "Node Type": "Gather",
                    "Parent Relationship": "Outer",
                    "Parallel Aware": false,
                    "Startup Cost": 41609.74,
                    "Total Cost": 41610.05,
                    "Plan Rows": 3,
                    "Plan Width": 8,
                    "Actual Startup Time": 132.488,
                    "Actual Total Time": 141.804,
                    "Actual Rows": 4,
                    "Actual Loops": 1,
                    "Output": [
                        "(PARTIAL count(*))"
                    ],
                    "Workers Planned": 3,
                    "Workers Launched": 3,
                    "Single Copy": false,
                    "Plans": [
                        {
                            "Node Type": "Aggregate",
                            "Strategy": "Plain",
                            "Partial Mode": "Partial",
                            "Parent Relationship": "Outer",
                            "Parallel Aware": false,
                            "Startup Cost": 40609.74,
                            "Total Cost": 40609.75,
                            "Plan Rows": 1,
                            "Plan Width": 8,
                            "Actual Startup Time": 123.885,
                            "Actual Total Time": 123.887,
                            "Actual Rows": 1,
                            "Actual Loops": 4,
                            "Output": [
                                "PARTIAL count(*)"
                            ],
                            "Workers": [
                                {
                                    "Worker Number": 0,
                                    "Actual Startup Time": 120.909,
                                    "Actual Total Time": 120.91,
                                    "Actual Rows": 1,
                                    "Actual Loops": 1
                                },
                                {
                                    "Worker Number": 1,
                                    "Actual Startup Time": 121.119,
                                    "Actual Total Time": 121.121,
                                    "Actual Rows": 1,
                                    "Actual Loops": 1
                                },
                                {
                                    "Worker Number": 2,
                                    "Actual Startup Time": 121.441,
                                    "Actual Total Time": 121.442,
                                    "Actual Rows": 1,
                                    "Actual Loops": 1
                                }
                            ],
                            "Plans": [
                                {
                                    "Node Type": "Bitmap Heap Scan",
                                    "Parent Relationship": "Outer",
                                    "Parallel Aware": true,
                                    "Relation Name": "movie_keyword",
                                    "Schema": "public",
                                    "Alias": "mk",
                                    "Startup Cost": 13154.85,
                                    "Total Cost": 40109.59,
                                    "Plan Rows": 200059,
                                    "Plan Width": 0,
                                    "Actual Startup Time": 32.135,
                                    "Actual Total Time": 114.444,
                                    "Actual Rows": 155294,
                                    "Actual Loops": 4,
                                    "Recheck Cond": "(mk.keyword_id < 479)",
                                    "Rows Removed by Index Recheck": 0,
                                    "Exact Heap Blocks": 10914,
                                    "Lossy Heap Blocks": 0,
                                    "Workers": [
                                        {
                                            "Worker Number": 0,
                                            "Actual Startup Time": 29.234,
                                            "Actual Total Time": 111.888,
                                            "Actual Rows": 106830,
                                            "Actual Loops": 1
                                        },
                                        {
                                            "Worker Number": 1,
                                            "Actual Startup Time": 29.921,
                                            "Actual Total Time": 112.135,
                                            "Actual Rows": 105011,
                                            "Actual Loops": 1
                                        },
                                        {
                                            "Worker Number": 2,
                                            "Actual Startup Time": 29.567,
                                            "Actual Total Time": 112.767,
                                            "Actual Rows": 131828,
                                            "Actual Loops": 1
                                        }
                                    ],
                                    "Plans": [
                                        {
                                            "Node Type": "Bitmap Index Scan",
                                            "Parent Relationship": "Outer",
                                            "Parallel Aware": false,
                                            "Index Name": "keyword_id_movie_keyword",
                                            "Startup Cost": 0.0,
                                            "Total Cost": 12999.81,
                                            "Plan Rows": 620183,
                                            "Plan Width": 0,
                                            "Actual Startup Time": 36.294,
                                            "Actual Total Time": 36.295,
                                            "Actual Rows": 621177,
                                            "Actual Loops": 1,
                                            "Index Cond": "(mk.keyword_id < 479)"
                                        }
                                    ]
                                }
                            ]
                        }
                    ]
                }
            ]
        },
        "Planning Time": 188.775,
        "Triggers": [],
        "Execution Time": 141.917
    }
]