{
  "Plan": {
    "Node Type": "Aggregate",
    "Strategy": "Plain",
    "Partial Mode": "Finalize",
    "Parallel Aware": false,
    "Startup Cost": 452029.53,
    "Total Cost": 452029.54,
    "Plan Rows": 1,
    "Plan Width": 8,
    "Actual Startup Time": 5158.43,
    "Actual Total Time": 5228.397,
    "Actual Rows": 1,
    "Actual Loops": 1,
    "Plans": [
      {
        "Node Type": "Gather",
        "Parent Relationship": "Outer",
        "Parallel Aware": false,
        "Startup Cost": 452029.42,
        "Total Cost": 452029.53,
        "Plan Rows": 1,
        "Plan Width": 8,
        "Actual Startup Time": 5156.049,
        "Actual Total Time": 5228.389,
        "Actual Rows": 2,
        "Actual Loops": 1,
        "Workers Planned": 1,
        "Workers Launched": 1,
        "Single Copy": false,
        "Plans": [
          {
            "Node Type": "Aggregate",
            "Strategy": "Plain",
            "Partial Mode": "Partial",
            "Parent Relationship": "Outer",
            "Parallel Aware": false,
            "Startup Cost": 451029.42,
            "Total Cost": 451029.43,
            "Plan Rows": 1,
            "Plan Width": 8,
            "Actual Startup Time": 5142.215,
            "Actual Total Time": 5142.219,
            "Actual Rows": 1,
            "Actual Loops": 2,
            "Plans": [
              {
                "Node Type": "Nested Loop",
                "Parent Relationship": "Outer",
                "Parallel Aware": false,
                "Join Type": "Inner",
                "Startup Cost": 75045.09,
                "Total Cost": 447505.14,
                "Plan Rows": 1409711,
                "Plan Width": 0,
                "Actual Startup Time": 595.141,
                "Actual Total Time": 5014.306,
                "Actual Rows": 2917536,
                "Actual Loops": 2,
                "Inner Unique": false,
                "Plans": [
                  {
                    "Node Type": "Hash Join",
                    "Parent Relationship": "Outer",
                    "Parallel Aware": true,
                    "Join Type": "Inner",
                    "Startup Cost": 75044.52,
                    "Total Cost": 101839.75,
                    "Plan Rows": 154792,
                    "Plan Width": 8,
                    "Actual Startup Time": 594.933,
                    "Actual Total Time": 713.373,
                    "Actual Rows": 126930,
                    "Actual Loops": 2,
                    "Inner Unique": true,
                    "Hash Cond": "(mk.movie_id = t.id)",
                    "Plans": [
                      {
                        "Node Type": "Bitmap Heap Scan",
                        "Parent Relationship": "Outer",
                        "Parallel Aware": true,
                        "Relation Name": "movie_keyword",
                        "Alias": "mk",
                        "Startup Cost": 5583.82,
                        "Total Cost": 31972.73,
                        "Plan Rows": 154792,
                        "Plan Width": 4,
                        "Actual Startup Time": 17.066,
                        "Actual Total Time": 74.934,
                        "Actual Rows": 126930,
                        "Actual Loops": 2,
                        "Recheck Cond": "(keyword_id > 59986)",
                        "Rows Removed by Index Recheck": 0,
                        "Exact Heap Blocks": 10664,
                        "Lossy Heap Blocks": 0,
                        "Plans": [
                          {
                            "Node Type": "Bitmap Index Scan",
                            "Parent Relationship": "Outer",
                            "Parallel Aware": false,
                            "Index Name": "keyword_id_movie_keyword",
                            "Startup Cost": 0.0,
                            "Total Cost": 5518.03,
                            "Plan Rows": 263147,
                            "Plan Width": 0,
                            "Actual Startup Time": 13.926,
                            "Actual Total Time": 13.927,
                            "Actual Rows": 253861,
                            "Actual Loops": 1,
                            "Index Cond": "(keyword_id > 59986)"
                          }
                        ]
                      },
                      {
                        "Node Type": "Hash",
                        "Parent Relationship": "Inner",
                        "Parallel Aware": true,
                        "Startup Cost": 50870.31,
                        "Total Cost": 50870.31,
                        "Plan Rows": 1487231,
                        "Plan Width": 4,
                        "Actual Startup Time": 555.651,
                        "Actual Total Time": 555.652,
                        "Actual Rows": 1264156,
                        "Actual Loops": 2,
                        "Hash Buckets": 4194304,
                        "Original Hash Buckets": 4194304,
                        "Hash Batches": 1,
                        "Original Hash Batches": 1,
                        "Peak Memory Usage": 131712,
                        "Plans": [
                          {
                            "Node Type": "Seq Scan",
                            "Parent Relationship": "Outer",
                            "Parallel Aware": true,
                            "Relation Name": "title",
                            "Alias": "t",
                            "Startup Cost": 0.0,
                            "Total Cost": 50870.31,
                            "Plan Rows": 1487231,
                            "Plan Width": 4,
                            "Actual Startup Time": 0.029,
                            "Actual Total Time": 157.621,
                            "Actual Rows": 1264156,
                            "Actual Loops": 2
                          }
                        ]
                      }
                    ]
                  },
                  {
                    "Node Type": "Index Scan",
                    "Parent Relationship": "Inner",
                    "Parallel Aware": false,
                    "Scan Direction": "Forward",
                    "Index Name": "movie_id_cast_info",
                    "Relation Name": "cast_info",
                    "Alias": "ci",
                    "Startup Cost": 0.56,
                    "Total Cost": 2.0,
                    "Plan Rows": 23,
                    "Plan Width": 4,
                    "Actual Startup Time": 0.01,
                    "Actual Total Time": 0.032,
                    "Actual Rows": 23,
                    "Actual Loops": 253861,
                    "Index Cond": "(movie_id = t.id)",
                    "Rows Removed by Index Recheck": 0,
                    "Filter": "((person_id > 969891) AND (role_id < 10))",
                    "Rows Removed by Filter": 27
                  }
                ]
              }
            ]
          }
        ]
      }
    ]
  },
  "Planning Time": 0.995,
  "Triggers": [],
  "Execution Time": 5228.516
}