[
  {
    "Plan": {
      "Node Type": "Aggregate",
      "Strategy": "Plain",
      "Partial Mode": "Finalize",
      "Parallel Aware": false,
      "Startup Cost": 45612.04,
      "Total Cost": 45612.05,
      "Plan Rows": 1,
      "Plan Width": 8,
      "Actual Startup Time": 169.161,
      "Actual Total Time": 178.915,
      "Actual Rows": 1,
      "Actual Loops": 1,
      "Plans": [
        {
          "Node Type": "Gather",
          "Parent Relationship": "Outer",
          "Parallel Aware": false,
          "Startup Cost": 45611.72,
          "Total Cost": 45612.03,
          "Plan Rows": 3,
          "Plan Width": 8,
          "Actual Startup Time": 168.919,
          "Actual Total Time": 178.903,
          "Actual Rows": 4,
          "Actual Loops": 1,
          "Workers Planned": 3,
          "Workers Launched": 3,
          "Single Copy": false,
          "Plans": [
            {
              "Node Type": "Aggregate",
              "Strategy": "Plain",
              "Partial Mode": "Partial",
              "Parent Relationship": "Outer",
              "Parallel Aware": false,
              "Startup Cost": 44611.72,
              "Total Cost": 44611.73,
              "Plan Rows": 1,
              "Plan Width": 8,
              "Actual Startup Time": 160.23,
              "Actual Total Time": 160.232,
              "Actual Rows": 1,
              "Actual Loops": 4,
              "Plans": [
                {
                  "Node Type": "Seq Scan",
                  "Parent Relationship": "Outer",
                  "Parallel Aware": true,
                  "Relation Name": "movie_keyword",
                  "Alias": "mk",
                  "Startup Cost": 0.0,
                  "Total Cost": 42695.65,
                  "Plan Rows": 766426,
                  "Plan Width": 0,
                  "Actual Startup Time": 0.05,
                  "Actual Total Time": 128.608,
                  "Actual Rows": 596440,
                  "Actual Loops": 4,
                  "Filter": "(keyword_id < 5518)",
                  "Rows Removed by Filter": 534542
                }
              ]
            }
          ]
        }
      ]
    },
    "Planning Time": 0.175,
    "Triggers": [],
    "Execution Time": 178.974
  }
]