[
  {
    "Plan": {
      "Node Type": "Aggregate",
      "Strategy": "Plain",
      "Partial Mode": "Finalize",
      "Parallel Aware": false,
      "Startup Cost": 44740.95,
      "Total Cost": 44740.96,
      "Plan Rows": 1,
      "Plan Width": 8,
      "Actual Startup Time": 128.568,
      "Actual Total Time": 138.075,
      "Actual Rows": 1,
      "Actual Loops": 1,
      "Plans": [
        {
          "Node Type": "Gather",
          "Parent Relationship": "Outer",
          "Parallel Aware": false,
          "Startup Cost": 44740.63,
          "Total Cost": 44740.94,
          "Plan Rows": 3,
          "Plan Width": 8,
          "Actual Startup Time": 128.442,
          "Actual Total Time": 138.067,
          "Actual Rows": 4,
          "Actual Loops": 1,
          "Workers Planned": 3,
          "Workers Launched": 3,
          "Single Copy": false,
          "Plans": [
            {
              "Node Type": "Aggregate",
              "Strategy": "Plain",
              "Partial Mode": "Partial",
              "Parent Relationship": "Outer",
              "Parallel Aware": false,
              "Startup Cost": 43740.63,
              "Total Cost": 43740.64,
              "Plan Rows": 1,
              "Plan Width": 8,
              "Actual Startup Time": 122.507,
              "Actual Total Time": 122.508,
              "Actual Rows": 1,
              "Actual Loops": 4,
              "Plans": [
                {
                  "Node Type": "Seq Scan",
                  "Parent Relationship": "Outer",
                  "Parallel Aware": true,
                  "Relation Name": "movie_keyword",
                  "Alias": "mk",
                  "Startup Cost": 0.0,
                  "Total Cost": 42695.65,
                  "Plan Rows": 417990,
                  "Plan Width": 0,
                  "Actual Startup Time": 0.048,
                  "Actual Total Time": 106.511,
                  "Actual Rows": 327573,
                  "Actual Loops": 4,
                  "Filter": "(keyword_id < 1717)",
                  "Rows Removed by Filter": 803410
                }
              ]
            }
          ]
        }
      ]
    },
    "Planning Time": 0.182,
    "Triggers": [],
    "Execution Time": 138.13
  }
]