[
  {
    "Plan": {
      "Node Type": "Aggregate",
      "Strategy": "Plain",
      "Partial Mode": "Finalize",
      "Parallel Aware": false,
      "Startup Cost": 44292.13,
      "Total Cost": 44292.14,
      "Plan Rows": 1,
      "Plan Width": 8,
      "Actual Startup Time": 162.146,
      "Actual Total Time": 174.928,
      "Actual Rows": 1,
      "Actual Loops": 1,
      "Plans": [
        {
          "Node Type": "Gather",
          "Parent Relationship": "Outer",
          "Parallel Aware": false,
          "Startup Cost": 44291.81,
          "Total Cost": 44292.12,
          "Plan Rows": 3,
          "Plan Width": 8,
          "Actual Startup Time": 161.998,
          "Actual Total Time": 174.918,
          "Actual Rows": 4,
          "Actual Loops": 1,
          "Workers Planned": 3,
          "Workers Launched": 3,
          "Single Copy": false,
          "Plans": [
            {
              "Node Type": "Aggregate",
              "Strategy": "Plain",
              "Partial Mode": "Partial",
              "Parent Relationship": "Outer",
              "Parallel Aware": false,
              "Startup Cost": 43291.81,
              "Total Cost": 43291.82,
              "Plan Rows": 1,
              "Plan Width": 8,
              "Actual Startup Time": 153.604,
              "Actual Total Time": 153.606,
              "Actual Rows": 1,
              "Actual Loops": 4,
              "Plans": [
                {
                  "Node Type": "Seq Scan",
                  "Parent Relationship": "Outer",
                  "Parallel Aware": true,
                  "Relation Name": "movie_keyword",
                  "Alias": "mk",
                  "Startup Cost": 0.0,
                  "Total Cost": 42695.65,
                  "Plan Rows": 238462,
                  "Plan Width": 0,
                  "Actual Startup Time": 0.061,
                  "Actual Total Time": 139.589,
                  "Actual Rows": 188487,
                  "Actual Loops": 4,
                  "Filter": "(keyword_id < 685)",
                  "Rows Removed by Filter": 942496
                }
              ]
            }
          ]
        }
      ]
    },
    "Planning Time": 0.154,
    "Triggers": [],
    "Execution Time": 174.981
  }
]