[
  {
    "Plan": {
      "Node Type": "Aggregate",
      "Strategy": "Plain",
      "Partial Mode": "Finalize",
      "Parallel Aware": false,
      "Startup Cost": 28138.52,
      "Total Cost": 28138.53,
      "Plan Rows": 1,
      "Plan Width": 8,
      "Actual Startup Time": 71.555,
      "Actual Total Time": 74.533,
      "Actual Rows": 1,
      "Actual Loops": 1,
      "Plans": [
        {
          "Node Type": "Gather",
          "Parent Relationship": "Outer",
          "Parallel Aware": false,
          "Startup Cost": 28138.2,
          "Total Cost": 28138.51,
          "Plan Rows": 3,
          "Plan Width": 8,
          "Actual Startup Time": 71.403,
          "Actual Total Time": 74.527,
          "Actual Rows": 4,
          "Actual Loops": 1,
          "Workers Planned": 3,
          "Workers Launched": 3,
          "Single Copy": false,
          "Plans": [
            {
              "Node Type": "Aggregate",
              "Strategy": "Plain",
              "Partial Mode": "Partial",
              "Parent Relationship": "Outer",
              "Parallel Aware": false,
              "Startup Cost": 27138.2,
              "Total Cost": 27138.21,
              "Plan Rows": 1,
              "Plan Width": 8,
              "Actual Startup Time": 64.951,
              "Actual Total Time": 64.954,
              "Actual Rows": 1,
              "Actual Loops": 4,
              "Plans": [
                {
                  "Node Type": "Bitmap Heap Scan",
                  "Parent Relationship": "Outer",
                  "Parallel Aware": true,
                  "Relation Name": "movie_companies",
                  "Alias": "mc",
                  "Startup Cost": 6824.65,
                  "Total Cost": 26884.27,
                  "Plan Rows": 101570,
                  "Plan Width": 0,
                  "Actual Startup Time": 26.693,
                  "Actual Total Time": 58.827,
                  "Actual Rows": 78210,
                  "Actual Loops": 4,
                  "Recheck Cond": "(company_id > 92328)",
                  "Rows Removed by Index Recheck": 0,
                  "Exact Heap Blocks": 2402,
                  "Lossy Heap Blocks": 0,
                  "Plans": [
                    {
                      "Node Type": "Bitmap Index Scan",
                      "Parent Relationship": "Outer",
                      "Parallel Aware": false,
                      "Index Name": "company_id_movie_companies",
                      "Startup Cost": 0.0,
                      "Total Cost": 6745.93,
                      "Plan Rows": 314867,
                      "Plan Width": 0,
                      "Actual Startup Time": 31.56,
                      "Actual Total Time": 31.56,
                      "Actual Rows": 312838,
                      "Actual Loops": 1,
                      "Index Cond": "(company_id > 92328)"
                    }
                  ]
                }
              ]
            }
          ]
        }
      ]
    },
    "Planning Time": 0.135,
    "Triggers": [],
    "Execution Time": 74.585
  }
]