[
  {
    "Plan": {
      "Node Type": "Aggregate",
      "Strategy": "Plain",
      "Partial Mode": "Finalize",
      "Parallel Aware": false,
      "Startup Cost": 99365.55,
      "Total Cost": 99365.56,
      "Plan Rows": 1,
      "Plan Width": 8,
      "Actual Startup Time": 432.69,
      "Actual Total Time": 471.993,
      "Actual Rows": 1,
      "Actual Loops": 1,
      "Plans": [
        {
          "Node Type": "Gather",
          "Parent Relationship": "Outer",
          "Parallel Aware": false,
          "Startup Cost": 99365.23,
          "Total Cost": 99365.54,
          "Plan Rows": 3,
          "Plan Width": 8,
          "Actual Startup Time": 432.261,
          "Actual Total Time": 471.982,
          "Actual Rows": 4,
          "Actual Loops": 1,
          "Workers Planned": 3,
          "Workers Launched": 3,
          "Single Copy": false,
          "Plans": [
            {
              "Node Type": "Aggregate",
              "Strategy": "Plain",
              "Partial Mode": "Partial",
              "Parent Relationship": "Outer",
              "Parallel Aware": false,
              "Startup Cost": 98365.23,
              "Total Cost": 98365.24,
              "Plan Rows": 1,
              "Plan Width": 8,
              "Actual Startup Time": 422.42,
              "Actual Total Time": 422.425,
              "Actual Rows": 1,
              "Actual Loops": 4,
              "Plans": [
                {
                  "Node Type": "Nested Loop",
                  "Parent Relationship": "Outer",
                  "Parallel Aware": false,
                  "Join Type": "Inner",
                  "Startup Cost": 44098.53,
                  "Total Cost": 98234.93,
                  "Plan Rows": 52120,
                  "Plan Width": 0,
                  "Actual Startup Time": 129.282,
                  "Actual Total Time": 412.312,
                  "Actual Rows": 200068,
                  "Actual Loops": 4,
                  "Inner Unique": false,
                  "Join Filter": "(t.id = mi.movie_id)",
                  "Rows Removed by Join Filter": 0,
                  "Plans": [
                    {
                      "Node Type": "Hash Join",
                      "Parent Relationship": "Outer",
                      "Parallel Aware": true,
                      "Join Type": "Inner",
                      "Startup Cost": 44098.1,
                      "Total Cost": 76439.13,
                      "Plan Rows": 8876,
                      "Plan Width": 8,
                      "Actual Startup Time": 129.166,
                      "Actual Total Time": 214.049,
                      "Actual Rows": 16355,
                      "Actual Loops": 4,
                      "Inner Unique": true,
                      "Hash Cond": "(mc.movie_id = t.id)",
                      "Plans": [
                        {
                          "Node Type": "Seq Scan",
                          "Parent Relationship": "Outer",
                          "Parallel Aware": true,
                          "Relation Name": "movie_companies",
                          "Alias": "mc",
                          "Startup Cost": 0.0,
                          "Total Cost": 31414.82,
                          "Plan Rows": 352845,
                          "Plan Width": 4,
                          "Actual Startup Time": 0.05,
                          "Actual Total Time": 71.891,
                          "Actual Rows": 247361,
                          "Actual Loops": 4,
                          "Filter": "((company_id > 197) AND (company_type_id = 1))",
                          "Rows Removed by Filter": 404921
                        },
                        {
                          "Node Type": "Hash",
                          "Parent Relationship": "Inner",
                          "Parallel Aware": true,
                          "Startup Cost": 43899.32,
                          "Total Cost": 43899.32,
                          "Plan Rows": 15902,
                          "Plan Width": 4,
                          "Actual Startup Time": 108.093,
                          "Actual Total Time": 108.094,
                          "Actual Rows": 16879,
                          "Actual Loops": 4,
                          "Hash Buckets": 65536,
                          "Original Hash Buckets": 65536,
                          "Hash Batches": 1,
                          "Original Hash Batches": 1,
                          "Peak Memory Usage": 3200,
                          "Plans": [
                            {
                              "Node Type": "Seq Scan",
                              "Parent Relationship": "Outer",
                              "Parallel Aware": true,
                              "Relation Name": "title",
                              "Alias": "t",
                              "Startup Cost": 0.0,
                              "Total Cost": 43899.32,
                              "Plan Rows": 15902,
                              "Plan Width": 4,
                              "Actual Startup Time": 61.604,
                              "Actual Total Time": 101.176,
                              "Actual Rows": 16879,
                              "Actual Loops": 4,
                              "Filter": "(production_year < 1916)",
                              "Rows Removed by Filter": 615199
                            }
                          ]
                        }
                      ]
                    },
                    {
                      "Node Type": "Index Only Scan",
                      "Parent Relationship": "Inner",
                      "Parallel Aware": false,
                      "Scan Direction": "Forward",
                      "Index Name": "movie_id_movie_info",
                      "Relation Name": "movie_info",
                      "Alias": "mi",
                      "Startup Cost": 0.43,
                      "Total Cost": 1.94,
                      "Plan Rows": 41,
                      "Plan Width": 4,
                      "Actual Startup Time": 0.004,
                      "Actual Total Time": 0.011,
                      "Actual Rows": 12,
                      "Actual Loops": 65419,
                      "Index Cond": "(movie_id = mc.movie_id)",
                      "Rows Removed by Index Recheck": 0,
                      "Heap Fetches": 800271
                    }
                  ]
                }
              ]
            }
          ]
        }
      ]
    },
    "Planning Time": 1.568,
    "Triggers": [],
    "Execution Time": 472.094
  }
]