[
  {
    "Plan": {
      "Node Type": "Aggregate",
      "Strategy": "Plain",
      "Partial Mode": "Finalize",
      "Parallel Aware": false,
      "Startup Cost": 343520.21,
      "Total Cost": 343520.22,
      "Plan Rows": 1,
      "Plan Width": 8,
      "Actual Startup Time": 982.951,
      "Actual Total Time": 1031.044,
      "Actual Rows": 1,
      "Actual Loops": 1,
      "Plans": [
        {
          "Node Type": "Gather",
          "Parent Relationship": "Outer",
          "Parallel Aware": false,
          "Startup Cost": 343519.59,
          "Total Cost": 343520.2,
          "Plan Rows": 6,
          "Plan Width": 8,
          "Actual Startup Time": 982.755,
          "Actual Total Time": 1031.029,
          "Actual Rows": 7,
          "Actual Loops": 1,
          "Workers Planned": 6,
          "Workers Launched": 6,
          "Single Copy": false,
          "Plans": [
            {
              "Node Type": "Aggregate",
              "Strategy": "Plain",
              "Partial Mode": "Partial",
              "Parent Relationship": "Outer",
              "Parallel Aware": false,
              "Startup Cost": 342519.59,
              "Total Cost": 342519.6,
              "Plan Rows": 1,
              "Plan Width": 8,
              "Actual Startup Time": 974.623,
              "Actual Total Time": 974.624,
              "Actual Rows": 1,
              "Actual Loops": 7,
              "Plans": [
                {
                  "Node Type": "Seq Scan",
                  "Parent Relationship": "Outer",
                  "Parallel Aware": true,
                  "Relation Name": "cast_info",
                  "Alias": "ci",
                  "Startup Cost": 0.0,
                  "Total Cost": 328211.39,
                  "Plan Rows": 5723279,
                  "Plan Width": 0,
                  "Actual Startup Time": 0.055,
                  "Actual Total Time": 709.838,
                  "Actual Rows": 4915739,
                  "Actual Loops": 7,
                  "Filter": "(person_id < 3699650)",
                  "Rows Removed by Filter": 262025
                }
              ]
            }
          ]
        }
      ]
    },
    "Planning Time": 0.079,
    "Triggers": [],
    "Execution Time": 1031.089
  }
]