[
  {
    "Plan": {
      "Node Type": "Aggregate",
      "Strategy": "Plain",
      "Partial Mode": "Finalize",
      "Parallel Aware": false,
      "Startup Cost": 98845.91,
      "Total Cost": 98845.92,
      "Plan Rows": 1,
      "Plan Width": 8,
      "Actual Startup Time": 721.811,
      "Actual Total Time": 744.563,
      "Actual Rows": 1,
      "Actual Loops": 1,
      "Plans": [
        {
          "Node Type": "Gather",
          "Parent Relationship": "Outer",
          "Parallel Aware": false,
          "Startup Cost": 98845.69,
          "Total Cost": 98845.9,
          "Plan Rows": 2,
          "Plan Width": 8,
          "Actual Startup Time": 709.815,
          "Actual Total Time": 744.556,
          "Actual Rows": 3,
          "Actual Loops": 1,
          "Workers Planned": 2,
          "Workers Launched": 2,
          "Single Copy": false,
          "Plans": [
            {
              "Node Type": "Aggregate",
              "Strategy": "Plain",
              "Partial Mode": "Partial",
              "Parent Relationship": "Outer",
              "Parallel Aware": false,
              "Startup Cost": 97845.69,
              "Total Cost": 97845.7,
              "Plan Rows": 1,
              "Plan Width": 8,
              "Actual Startup Time": 706.9,
              "Actual Total Time": 707.108,
              "Actual Rows": 1,
              "Actual Loops": 3,
              "Plans": [
                {
                  "Node Type": "Hash Join",
                  "Parent Relationship": "Outer",
                  "Parallel Aware": true,
                  "Join Type": "Inner",
                  "Startup Cost": 81473.51,
                  "Total Cost": 97613.97,
                  "Plan Rows": 92690,
                  "Plan Width": 0,
                  "Actual Startup Time": 590.617,
                  "Actual Total Time": 698.965,
                  "Actual Rows": 196002,
                  "Actual Loops": 3,
                  "Inner Unique": false,
                  "Hash Cond": "(mi_idx.movie_id = t.id)",
                  "Plans": [
                    {
                      "Node Type": "Seq Scan",
                      "Parent Relationship": "Outer",
                      "Parallel Aware": true,
                      "Relation Name": "movie_info_idx",
                      "Alias": "mi_idx",
                      "Startup Cost": 0.0,
                      "Total Cost": 13685.15,
                      "Plan Rows": 575015,
                      "Plan Width": 4,
                      "Actual Startup Time": 0.029,
                      "Actual Total Time": 37.222,
                      "Actual Rows": 460012,
                      "Actual Loops": 3
                    },
                    {
                      "Node Type": "Hash",
                      "Parent Relationship": "Inner",
                      "Parallel Aware": true,
                      "Startup Cost": 79830.08,
                      "Total Cost": 79830.08,
                      "Plan Rows": 131475,
                      "Plan Width": 8,
                      "Actual Startup Time": 588.581,
                      "Actual Total Time": 588.787,
                      "Actual Rows": 134553,
                      "Actual Loops": 3,
                      "Hash Buckets": 524288,
                      "Original Hash Buckets": 524288,
                      "Hash Batches": 1,
                      "Original Hash Batches": 1,
                      "Peak Memory Usage": 19936,
                      "Plans": [
                        {
                          "Node Type": "Hash Join",
                          "Parent Relationship": "Outer",
                          "Parallel Aware": true,
                          "Join Type": "Inner",
                          "Startup Cost": 59051.51,
                          "Total Cost": 79830.08,
                          "Plan Rows": 131475,
                          "Plan Width": 8,
                          "Actual Startup Time": 433.647,
                          "Actual Total Time": 546.987,
                          "Actual Rows": 134553,
                          "Actual Loops": 3,
                          "Inner Unique": true,
                          "Hash Cond": "(mc.movie_id = t.id)",
                          "Plans": [
                            {
                              "Node Type": "Bitmap Heap Scan",
                              "Parent Relationship": "Outer",
                              "Parallel Aware": true,
                              "Relation Name": "movie_companies",
                              "Alias": "mc",
                              "Startup Cost": 8831.13,
                              "Total Cost": 29264.57,
                              "Plan Rows": 131475,
                              "Plan Width": 4,
                              "Actual Startup Time": 19.58,
                              "Actual Total Time": 59.687,
                              "Actual Rows": 134553,
                              "Actual Loops": 3,
                              "Recheck Cond": "(company_id < 258)",
                              "Rows Removed by Index Recheck": 0,
                              "Exact Heap Blocks": 7311,
                              "Lossy Heap Blocks": 0,
                              "Plans": [
                                {
                                  "Node Type": "Bitmap Index Scan",
                                  "Parent Relationship": "Outer",
                                  "Parallel Aware": false,
                                  "Index Name": "company_id_movie_companies",
                                  "Startup Cost": 0.0,
                                  "Total Cost": 8729.24,
                                  "Plan Rows": 407574,
                                  "Plan Width": 0,
                                  "Actual Startup Time": 16.889,
                                  "Actual Total Time": 16.89,
                                  "Actual Rows": 403659,
                                  "Actual Loops": 1,
                                  "Index Cond": "(company_id < 258)"
                                }
                              ]
                            },
                            {
                              "Node Type": "Hash",
                              "Parent Relationship": "Inner",
                              "Parallel Aware": true,
                              "Startup Cost": 42319.06,
                              "Total Cost": 42319.06,
                              "Plan Rows": 632106,
                              "Plan Width": 4,
                              "Actual Startup Time": 404.978,
                              "Actual Total Time": 404.979,
                              "Actual Rows": 842771,
                              "Actual Loops": 3,
                              "Hash Buckets": 4194304,
                              "Original Hash Buckets": 4194304,
                              "Hash Batches": 1,
                              "Original Hash Batches": 1,
                              "Peak Memory Usage": 131712,
                              "Plans": [
                                {
                                  "Node Type": "Seq Scan",
                                  "Parent Relationship": "Outer",
                                  "Parallel Aware": true,
                                  "Relation Name": "title",
                                  "Alias": "t",
                                  "Startup Cost": 0.0,
                                  "Total Cost": 42319.06,
                                  "Plan Rows": 632106,
                                  "Plan Width": 4,
                                  "Actual Startup Time": 0.027,
                                  "Actual Total Time": 113.734,
                                  "Actual Rows": 842771,
                                  "Actual Loops": 3
                                }
                              ]
                            }
                          ]
                        }
                      ]
                    }
                  ]
                }
              ]
            }
          ]
        }
      ]
    },
    "Planning Time": 0.734,
    "Triggers": [],
    "Execution Time": 744.616
  }
]