[
  {
    "Plan": {
      "Node Type": "Aggregate",
      "Strategy": "Plain",
      "Partial Mode": "Finalize",
      "Parallel Aware": false,
      "Startup Cost": 46189.17,
      "Total Cost": 46189.18,
      "Plan Rows": 1,
      "Plan Width": 8,
      "Actual Startup Time": 167.286,
      "Actual Total Time": 176.871,
      "Actual Rows": 1,
      "Actual Loops": 1,
      "Plans": [
        {
          "Node Type": "Gather",
          "Parent Relationship": "Outer",
          "Parallel Aware": false,
          "Startup Cost": 46188.85,
          "Total Cost": 46189.16,
          "Plan Rows": 3,
          "Plan Width": 8,
          "Actual Startup Time": 167.109,
          "Actual Total Time": 176.861,
          "Actual Rows": 4,
          "Actual Loops": 1,
          "Workers Planned": 3,
          "Workers Launched": 3,
          "Single Copy": false,
          "Plans": [
            {
              "Node Type": "Aggregate",
              "Strategy": "Plain",
              "Partial Mode": "Partial",
              "Parent Relationship": "Outer",
              "Parallel Aware": false,
              "Startup Cost": 45188.85,
              "Total Cost": 45188.86,
              "Plan Rows": 1,
              "Plan Width": 8,
              "Actual Startup Time": 161.443,
              "Actual Total Time": 161.444,
              "Actual Rows": 1,
              "Actual Loops": 4,
              "Plans": [
                {
                  "Node Type": "Seq Scan",
                  "Parent Relationship": "Outer",
                  "Parallel Aware": true,
                  "Relation Name": "movie_keyword",
                  "Alias": "mk",
                  "Startup Cost": 0.0,
                  "Total Cost": 42695.65,
                  "Plan Rows": 997278,
                  "Plan Width": 0,
                  "Actual Startup Time": 0.043,
                  "Actual Total Time": 123.908,
                  "Actual Rows": 774382,
                  "Actual Loops": 4,
                  "Filter": "(keyword_id < 11694)",
                  "Rows Removed by Filter": 356601
                }
              ]
            }
          ]
        }
      ]
    },
    "Planning Time": 0.187,
    "Triggers": [],
    "Execution Time": 176.926
  }
]