[
  {
    "Plan": {
      "Node Type": "Aggregate",
      "Strategy": "Plain",
      "Partial Mode": "Finalize",
      "Parallel Aware": false,
      "Startup Cost": 46197.39,
      "Total Cost": 46197.4,
      "Plan Rows": 1,
      "Plan Width": 8,
      "Actual Startup Time": 172.213,
      "Actual Total Time": 182.153,
      "Actual Rows": 1,
      "Actual Loops": 1,
      "Plans": [
        {
          "Node Type": "Gather",
          "Parent Relationship": "Outer",
          "Parallel Aware": false,
          "Startup Cost": 46197.07,
          "Total Cost": 46197.38,
          "Plan Rows": 3,
          "Plan Width": 8,
          "Actual Startup Time": 172.092,
          "Actual Total Time": 182.143,
          "Actual Rows": 4,
          "Actual Loops": 1,
          "Workers Planned": 3,
          "Workers Launched": 3,
          "Single Copy": false,
          "Plans": [
            {
              "Node Type": "Aggregate",
              "Strategy": "Plain",
              "Partial Mode": "Partial",
              "Parent Relationship": "Outer",
              "Parallel Aware": false,
              "Startup Cost": 45197.07,
              "Total Cost": 45197.08,
              "Plan Rows": 1,
              "Plan Width": 8,
              "Actual Startup Time": 165.351,
              "Actual Total Time": 165.352,
              "Actual Rows": 1,
              "Actual Loops": 4,
              "Plans": [
                {
                  "Node Type": "Seq Scan",
                  "Parent Relationship": "Outer",
                  "Parallel Aware": true,
                  "Relation Name": "movie_keyword",
                  "Alias": "mk",
                  "Startup Cost": 0.0,
                  "Total Cost": 42695.65,
                  "Plan Rows": 1000568,
                  "Plan Width": 0,
                  "Actual Startup Time": 0.053,
                  "Actual Total Time": 127.933,
                  "Actual Rows": 774382,
                  "Actual Loops": 4,
                  "Filter": "(keyword_id < 11694)",
                  "Rows Removed by Filter": 356601
                }
              ]
            }
          ]
        }
      ]
    },
    "Planning Time": 0.186,
    "Triggers": [],
    "Execution Time": 182.211
  }
]