{
  "Plan": {
    "Node Type": "Aggregate",
    "Strategy": "Plain",
    "Partial Mode": "Finalize",
    "Parallel Aware": false,
    "Startup Cost": 107227.7,
    "Total Cost": 107227.71,
    "Plan Rows": 1,
    "Plan Width": 8,
    "Actual Startup Time": 395.195,
    "Actual Total Time": 408.19,
    "Actual Rows": 1,
    "Actual Loops": 1,
    "Plans": [
      {
        "Node Type": "Gather",
        "Parent Relationship": "Outer",
        "Parallel Aware": false,
        "Startup Cost": 107227.58,
        "Total Cost": 107227.69,
        "Plan Rows": 1,
        "Plan Width": 8,
        "Actual Startup Time": 394.457,
        "Actual Total Time": 408.182,
        "Actual Rows": 2,
        "Actual Loops": 1,
        "Workers Planned": 1,
        "Workers Launched": 1,
        "Single Copy": false,
        "Plans": [
          {
            "Node Type": "Aggregate",
            "Strategy": "Plain",
            "Partial Mode": "Partial",
            "Parent Relationship": "Outer",
            "Parallel Aware": false,
            "Startup Cost": 106227.58,
            "Total Cost": 106227.59,
            "Plan Rows": 1,
            "Plan Width": 8,
            "Actual Startup Time": 391.067,
            "Actual Total Time": 391.071,
            "Actual Rows": 1,
            "Actual Loops": 2,
            "Plans": [
              {
                "Node Type": "Hash Join",
                "Parent Relationship": "Outer",
                "Parallel Aware": true,
                "Join Type": "Inner",
                "Startup Cost": 44779.29,
                "Total Cost": 105866.81,
                "Plan Rows": 144311,
                "Plan Width": 0,
                "Actual Startup Time": 146.301,
                "Actual Total Time": 388.412,
                "Actual Rows": 59846,
                "Actual Loops": 2,
                "Inner Unique": false,
                "Hash Cond": "(t.id = mc.movie_id)",
                "Plans": [
                  {
                    "Node Type": "Seq Scan",
                    "Parent Relationship": "Outer",
                    "Parallel Aware": true,
                    "Relation Name": "title",
                    "Alias": "t",
                    "Startup Cost": 0.0,
                    "Total Cost": 54588.39,
                    "Plan Rows": 904038,
                    "Plan Width": 4,
                    "Actual Startup Time": 0.01,
                    "Actual Total Time": 132.234,
                    "Actual Rows": 771632,
                    "Actual Loops": 2,
                    "Filter": "(kind_id = 7)",
                    "Rows Removed by Filter": 492524
                  },
                  {
                    "Node Type": "Hash",
                    "Parent Relationship": "Inner",
                    "Parallel Aware": true,
                    "Startup Cost": 41811.73,
                    "Total Cost": 41811.73,
                    "Plan Rows": 237405,
                    "Plan Width": 4,
                    "Actual Startup Time": 140.957,
                    "Actual Total Time": 140.958,
                    "Actual Rows": 115196,
                    "Actual Loops": 2,
                    "Hash Buckets": 524288,
                    "Original Hash Buckets": 524288,
                    "Hash Batches": 1,
                    "Original Hash Batches": 1,
                    "Peak Memory Usage": 13152,
                    "Plans": [
                      {
                        "Node Type": "Seq Scan",
                        "Parent Relationship": "Outer",
                        "Parallel Aware": true,
                        "Relation Name": "movie_companies",
                        "Alias": "mc",
                        "Startup Cost": 0.0,
                        "Total Cost": 41811.73,
                        "Plan Rows": 237405,
                        "Plan Width": 4,
                        "Actual Startup Time": 62.935,
                        "Actual Total Time": 113.81,
                        "Actual Rows": 115196,
                        "Actual Loops": 2,
                        "Filter": "((company_id < 1705) AND (company_type_id > 1))",
                        "Rows Removed by Filter": 1189368
                      }
                    ]
                  }
                ]
              }
            ]
          }
        ]
      }
    ]
  },
  "Planning Time": 0.73,
  "Triggers": [],
  "Execution Time": 408.26
}