[
  {
    "Plan": {
      "Node Type": "Aggregate",
      "Strategy": "Plain",
      "Partial Mode": "Finalize",
      "Parallel Aware": false,
      "Startup Cost": 306105.4,
      "Total Cost": 306105.41,
      "Plan Rows": 1,
      "Plan Width": 8,
      "Actual Startup Time": 1858.855,
      "Actual Total Time": 1915.724,
      "Actual Rows": 1,
      "Actual Loops": 1,
      "Plans": [
        {
          "Node Type": "Gather",
          "Parent Relationship": "Outer",
          "Parallel Aware": false,
          "Startup Cost": 306104.88,
          "Total Cost": 306105.39,
          "Plan Rows": 5,
          "Plan Width": 8,
          "Actual Startup Time": 1846.955,
          "Actual Total Time": 1915.697,
          "Actual Rows": 6,
          "Actual Loops": 1,
          "Workers Planned": 5,
          "Workers Launched": 5,
          "Single Copy": false,
          "Plans": [
            {
              "Node Type": "Aggregate",
              "Strategy": "Plain",
              "Partial Mode": "Partial",
              "Parent Relationship": "Outer",
              "Parallel Aware": false,
              "Startup Cost": 305104.88,
              "Total Cost": 305104.89,
              "Plan Rows": 1,
              "Plan Width": 8,
              "Actual Startup Time": 1832.785,
              "Actual Total Time": 1833.104,
              "Actual Rows": 1,
              "Actual Loops": 6,
              "Plans": [
                {
                  "Node Type": "Hash Join",
                  "Parent Relationship": "Outer",
                  "Parallel Aware": true,
                  "Join Type": "Inner",
                  "Startup Cost": 87306.05,
                  "Total Cost": 301739.26,
                  "Plan Rows": 1346246,
                  "Plan Width": 0,
                  "Actual Startup Time": 545.81,
                  "Actual Total Time": 1695.24,
                  "Actual Rows": 2986390,
                  "Actual Loops": 6,
                  "Inner Unique": false,
                  "Hash Cond": "(mi.movie_id = t.id)",
                  "Plans": [
                    {
                      "Node Type": "Seq Scan",
                      "Parent Relationship": "Outer",
                      "Parallel Aware": true,
                      "Relation Name": "movie_info",
                      "Alias": "mi",
                      "Startup Cost": 0.0,
                      "Total Cost": 199108.24,
                      "Plan Rows": 2928598,
                      "Plan Width": 4,
                      "Actual Startup Time": 0.037,
                      "Actual Total Time": 402.077,
                      "Actual Rows": 2439661,
                      "Actual Loops": 6,
                      "Filter": "(info_type_id < 107)",
                      "Rows Removed by Filter": 32959
                    },
                    {
                      "Node Type": "Hash",
                      "Parent Relationship": "Inner",
                      "Parallel Aware": true,
                      "Startup Cost": 82619.4,
                      "Total Cost": 82619.4,
                      "Plan Rows": 374932,
                      "Plan Width": 8,
                      "Actual Startup Time": 539.138,
                      "Actual Total Time": 539.455,
                      "Actual Rows": 210962,
                      "Actual Loops": 6,
                      "Hash Buckets": 2097152,
                      "Original Hash Buckets": 2097152,
                      "Hash Batches": 1,
                      "Original Hash Batches": 1,
                      "Peak Memory Usage": 65984,
                      "Plans": [
                        {
                          "Node Type": "Hash Join",
                          "Parent Relationship": "Outer",
                          "Parallel Aware": true,
                          "Join Type": "Inner",
                          "Startup Cost": 50220.38,
                          "Total Cost": 82619.4,
                          "Plan Rows": 374932,
                          "Plan Width": 8,
                          "Actual Startup Time": 326.439,
                          "Actual Total Time": 449.249,
                          "Actual Rows": 210962,
                          "Actual Loops": 6,
                          "Inner Unique": true,
                          "Hash Cond": "(mc.movie_id = t.id)",
                          "Plans": [
                            {
                              "Node Type": "Seq Scan",
                              "Parent Relationship": "Outer",
                              "Parallel Aware": true,
                              "Relation Name": "movie_companies",
                              "Alias": "mc",
                              "Startup Cost": 0.0,
                              "Total Cost": 31414.82,
                              "Plan Rows": 374932,
                              "Plan Width": 4,
                              "Actual Startup Time": 26.352,
                              "Actual Total Time": 59.748,
                              "Actual Rows": 210962,
                              "Actual Loops": 6,
                              "Filter": "((company_id > 160) AND (company_type_id = 2))",
                              "Rows Removed by Filter": 223893
                            },
                            {
                              "Node Type": "Hash",
                              "Parent Relationship": "Inner",
                              "Parallel Aware": true,
                              "Startup Cost": 42319.06,
                              "Total Cost": 42319.06,
                              "Plan Rows": 632106,
                              "Plan Width": 4,
                              "Actual Startup Time": 295.479,
                              "Actual Total Time": 295.48,
                              "Actual Rows": 421385,
                              "Actual Loops": 6,
                              "Hash Buckets": 4194304,
                              "Original Hash Buckets": 4194304,
                              "Hash Batches": 1,
                              "Original Hash Batches": 1,
                              "Peak Memory Usage": 131776,
                              "Plans": [
                                {
                                  "Node Type": "Seq Scan",
                                  "Parent Relationship": "Outer",
                                  "Parallel Aware": true,
                                  "Relation Name": "title",
                                  "Alias": "t",
                                  "Startup Cost": 0.0,
                                  "Total Cost": 42319.06,
                                  "Plan Rows": 632106,
                                  "Plan Width": 4,
                                  "Actual Startup Time": 0.066,
                                  "Actual Total Time": 87.254,
                                  "Actual Rows": 421385,
                                  "Actual Loops": 6
                                }
                              ]
                            }
                          ]
                        }
                      ]
                    }
                  ]
                }
              ]
            }
          ]
        }
      ]
    },
    "Planning Time": 1.406,
    "Triggers": [],
    "Execution Time": 1915.81
  }
]