{
  "Plan": {
    "Node Type": "Aggregate",
    "Strategy": "Plain",
    "Partial Mode": "Simple",
    "Parallel Aware": false,
    "Startup Cost": 178661.16,
    "Total Cost": 178661.17,
    "Plan Rows": 1,
    "Plan Width": 64,
    "Actual Startup Time": 2032.071,
    "Actual Total Time": 2065.068,
    "Actual Rows": 1,
    "Actual Loops": 1,
    "Plans": [
      {
        "Node Type": "Gather",
        "Parent Relationship": "Outer",
        "Parallel Aware": false,
        "Startup Cost": 114034.51,
        "Total Cost": 178661.16,
        "Plan Rows": 1,
        "Plan Width": 60,
        "Actual Startup Time": 2022.45,
        "Actual Total Time": 2065.017,
        "Actual Rows": 199,
        "Actual Loops": 1,
        "Workers Planned": 1,
        "Workers Launched": 1,
        "Single Copy": false,
        "Plans": [
          {
            "Node Type": "Nested Loop",
            "Parent Relationship": "Outer",
            "Parallel Aware": false,
            "Join Type": "Inner",
            "Startup Cost": 113034.51,
            "Total Cost": 177661.06,
            "Plan Rows": 1,
            "Plan Width": 60,
            "Actual Startup Time": 1371.271,
            "Actual Total Time": 2021.099,
            "Actual Rows": 100,
            "Actual Loops": 2,
            "Inner Unique": true,
            "Plans": [
              {
                "Node Type": "Nested Loop",
                "Parent Relationship": "Outer",
                "Parallel Aware": false,
                "Join Type": "Inner",
                "Startup Cost": 113034.09,
                "Total Cost": 177660.62,
                "Plan Rows": 1,
                "Plan Width": 64,
                "Actual Startup Time": 1371.219,
                "Actual Total Time": 2020.613,
                "Actual Rows": 100,
                "Actual Loops": 2,
                "Inner Unique": true,
                "Plans": [
                  {
                    "Node Type": "Nested Loop",
                    "Parent Relationship": "Outer",
                    "Parallel Aware": false,
                    "Join Type": "Inner",
                    "Startup Cost": 113033.94,
                    "Total Cost": 177660.39,
                    "Plan Rows": 1,
                    "Plan Width": 68,
                    "Actual Startup Time": 1371.199,
                    "Actual Total Time": 2020.47,
                    "Actual Rows": 100,
                    "Actual Loops": 2,
                    "Inner Unique": false,
                    "Join Filter": "(t.id = mi.movie_id)",
                    "Rows Removed by Join Filter": 0,
                    "Plans": [
                      {
                        "Node Type": "Nested Loop",
                        "Parent Relationship": "Outer",
                        "Parallel Aware": false,
                        "Join Type": "Inner",
                        "Startup Cost": 113033.51,
                        "Total Cost": 177059.99,
                        "Plan Rows": 396,
                        "Plan Width": 37,
                        "Actual Startup Time": 683.109,
                        "Actual Total Time": 1187.943,
                        "Actual Rows": 32561,
                        "Actual Loops": 2,
                        "Inner Unique": true,
                        "Plans": [
                          {
                            "Node Type": "Hash Join",
                            "Parent Relationship": "Outer",
                            "Parallel Aware": false,
                            "Join Type": "Inner",
                            "Startup Cost": 113033.09,
                            "Total Cost": 175742.67,
                            "Plan Rows": 1094,
                            "Plan Width": 41,
                            "Actual Startup Time": 682.043,
                            "Actual Total Time": 1103.322,
                            "Actual Rows": 53426,
                            "Actual Loops": 2,
                            "Inner Unique": true,
                            "Hash Cond": "(mc.company_type_id = ct.id)",
                            "Plans": [
                              {
                                "Node Type": "Hash Join",
                                "Parent Relationship": "Outer",
                                "Parallel Aware": true,
                                "Join Type": "Inner",
                                "Startup Cost": 113032.0,
                                "Total Cost": 175735.66,
                                "Plan Rows": 1094,
                                "Plan Width": 45,
                                "Actual Startup Time": 681.653,
                                "Actual Total Time": 1094.703,
                                "Actual Rows": 53426,
                                "Actual Loops": 2,
                                "Inner Unique": false,
                                "Hash Cond": "(t.id = mc.movie_id)",
                                "Plans": [
                                  {
                                    "Node Type": "Hash Join",
                                    "Parent Relationship": "Outer",
                                    "Parallel Aware": true,
                                    "Join Type": "Inner",
                                    "Startup Cost": 71071.01,
                                    "Total Cost": 132916.89,
                                    "Plan Rows": 136216,
                                    "Plan Width": 33,
                                    "Actual Startup Time": 472.854,
                                    "Actual Total Time": 854.043,
                                    "Actual Rows": 403352,
                                    "Actual Loops": 2,
                                    "Inner Unique": false,
                                    "Hash Cond": "(mk.movie_id = t.id)",
                                    "Plans": [
                                      {
                                        "Node Type": "Seq Scan",
                                        "Parent Relationship": "Outer",
                                        "Parallel Aware": true,
                                        "Relation Name": "movie_keyword",
                                        "Alias": "mk",
                                        "Startup Cost": 0.0,
                                        "Total Cost": 51065.35,
                                        "Plan Rows": 2661135,
                                        "Plan Width": 8,
                                        "Actual Startup Time": 0.018,
                                        "Actual Total Time": 166.789,
                                        "Actual Rows": 2261965,
                                        "Actual Loops": 2
                                      },
                                      {
                                        "Node Type": "Hash",
                                        "Parent Relationship": "Inner",
                                        "Parallel Aware": true,
                                        "Startup Cost": 70119.46,
                                        "Total Cost": 70119.46,
                                        "Plan Rows": 76124,
                                        "Plan Width": 25,
                                        "Actual Startup Time": 472.342,
                                        "Actual Total Time": 472.348,
                                        "Actual Rows": 23142,
                                        "Actual Loops": 2,
                                        "Hash Buckets": 131072,
                                        "Original Hash Buckets": 131072,
                                        "Hash Batches": 1,
                                        "Original Hash Batches": 1,
                                        "Peak Memory Usage": 3904,
                                        "Plans": [
                                          {
                                            "Node Type": "Hash Join",
                                            "Parent Relationship": "Outer",
                                            "Parallel Aware": true,
                                            "Join Type": "Inner",
                                            "Startup Cost": 61243.0,
                                            "Total Cost": 70119.46,
                                            "Plan Rows": 76124,
                                            "Plan Width": 25,
                                            "Actual Startup Time": 373.061,
                                            "Actual Total Time": 458.15,
                                            "Actual Rows": 23142,
                                            "Actual Loops": 2,
                                            "Inner Unique": true,
                                            "Hash Cond": "(at.movie_id = t.id)",
                                            "Plans": [
                                              {
                                                "Node Type": "Seq Scan",
                                                "Parent Relationship": "Outer",
                                                "Parallel Aware": true,
                                                "Relation Name": "aka_title",
                                                "Alias": "at",
                                                "Startup Cost": 0.0,
                                                "Total Cost": 8318.31,
                                                "Plan Rows": 212631,
                                                "Plan Width": 4,
                                                "Actual Startup Time": 0.031,
                                                "Actual Total Time": 21.824,
                                                "Actual Rows": 180736,
                                                "Actual Loops": 2
                                              },
                                              {
                                                "Node Type": "Hash",
                                                "Parent Relationship": "Inner",
                                                "Parallel Aware": true,
                                                "Startup Cost": 54587.68,
                                                "Total Cost": 54587.68,
                                                "Plan Rows": 532425,
                                                "Plan Width": 21,
                                                "Actual Startup Time": 368.814,
                                                "Actual Total Time": 368.816,
                                                "Actual Rows": 452246,
                                                "Actual Loops": 2,
                                                "Hash Buckets": 1048576,
                                                "Original Hash Buckets": 1048576,
                                                "Hash Batches": 1,
                                                "Original Hash Batches": 1,
                                                "Peak Memory Usage": 59008,
                                                "Plans": [
                                                  {
                                                    "Node Type": "Seq Scan",
                                                    "Parent Relationship": "Outer",
                                                    "Parallel Aware": true,
                                                    "Relation Name": "title",
                                                    "Alias": "t",
                                                    "Startup Cost": 0.0,
                                                    "Total Cost": 54587.68,
                                                    "Plan Rows": 532425,
                                                    "Plan Width": 21,
                                                    "Actual Startup Time": 0.021,
                                                    "Actual Total Time": 178.628,
                                                    "Actual Rows": 452246,
                                                    "Actual Loops": 2,
                                                    "Filter": "(production_year > 2006)",
                                                    "Rows Removed by Filter": 811910
                                                  }
                                                ]
                                              }
                                            ]
                                          }
                                        ]
                                      }
                                    ]
                                  },
                                  {
                                    "Node Type": "Hash",
                                    "Parent Relationship": "Inner",
                                    "Parallel Aware": true,
                                    "Startup Cost": 41811.73,
                                    "Total Cost": 41811.73,
                                    "Plan Rows": 11941,
                                    "Plan Width": 12,
                                    "Actual Startup Time": 205.931,
                                    "Actual Total Time": 205.932,
                                    "Actual Rows": 30832,
                                    "Actual Loops": 2,
                                    "Hash Buckets": 65536,
                                    "Original Hash Buckets": 32768,
                                    "Hash Batches": 1,
                                    "Original Hash Batches": 1,
                                    "Peak Memory Usage": 3712,
                                    "Plans": [
                                      {
                                        "Node Type": "Seq Scan",
                                        "Parent Relationship": "Outer",
                                        "Parallel Aware": true,
                                        "Relation Name": "movie_companies",
                                        "Alias": "mc",
                                        "Startup Cost": 0.0,
                                        "Total Cost": 41811.73,
                                        "Plan Rows": 11941,
                                        "Plan Width": 12,
                                        "Actual Startup Time": 0.064,
                                        "Actual Total Time": 192.782,
                                        "Actual Rows": 30832,
                                        "Actual Loops": 2,
                                        "Filter": "((note ~~ '%(200%)%'::text) AND (note ~~ '%(worldwide)%'::text))",
                                        "Rows Removed by Filter": 1273732
                                      }
                                    ]
                                  }
                                ]
                              },
                              {
                                "Node Type": "Hash",
                                "Parent Relationship": "Inner",
                                "Parallel Aware": false,
                                "Startup Cost": 1.04,
                                "Total Cost": 1.04,
                                "Plan Rows": 4,
                                "Plan Width": 4,
                                "Actual Startup Time": 0.074,
                                "Actual Total Time": 0.075,
                                "Actual Rows": 4,
                                "Actual Loops": 2,
                                "Hash Buckets": 1024,
                                "Original Hash Buckets": 1024,
                                "Hash Batches": 1,
                                "Original Hash Batches": 1,
                                "Peak Memory Usage": 9,
                                "Plans": [
                                  {
                                    "Node Type": "Seq Scan",
                                    "Parent Relationship": "Outer",
                                    "Parallel Aware": false,
                                    "Relation Name": "company_type",
                                    "Alias": "ct",
                                    "Startup Cost": 0.0,
                                    "Total Cost": 1.04,
                                    "Plan Rows": 4,
                                    "Plan Width": 4,
                                    "Actual Startup Time": 0.051,
                                    "Actual Total Time": 0.055,
                                    "Actual Rows": 4,
                                    "Actual Loops": 2
                                  }
                                ]
                              }
                            ]
                          },
                          {
                            "Node Type": "Index Scan",
                            "Parent Relationship": "Inner",
                            "Parallel Aware": false,
                            "Scan Direction": "Forward",
                            "Index Name": "company_name_pkey",
                            "Relation Name": "company_name",
                            "Alias": "cn",
                            "Startup Cost": 0.42,
                            "Total Cost": 1.2,
                            "Plan Rows": 1,
                            "Plan Width": 4,
                            "Actual Startup Time": 0.001,
                            "Actual Total Time": 0.001,
                            "Actual Rows": 1,
                            "Actual Loops": 106851,
                            "Index Cond": "(id = mc.company_id)",
                            "Rows Removed by Index Recheck": 0,
                            "Filter": "((country_code)::text = '[us]'::text)",
                            "Rows Removed by Filter": 0
                          }
                        ]
                      },
                      {
                        "Node Type": "Index Scan",
                        "Parent Relationship": "Inner",
                        "Parallel Aware": false,
                        "Scan Direction": "Forward",
                        "Index Name": "movie_id_movie_info",
                        "Relation Name": "movie_info",
                        "Alias": "mi",
                        "Startup Cost": 0.43,
                        "Total Cost": 1.5,
                        "Plan Rows": 1,
                        "Plan Width": 51,
                        "Actual Startup Time": 0.025,
                        "Actual Total Time": 0.025,
                        "Actual Rows": 0,
                        "Actual Loops": 65122,
                        "Index Cond": "(movie_id = mk.movie_id)",
                        "Rows Removed by Index Recheck": 0,
                        "Filter": "((note ~~ '%internet%'::text) AND (info ~~ 'USA:% 200%'::text))",
                        "Rows Removed by Filter": 164
                      }
                    ]
                  },
                  {
                    "Node Type": "Index Scan",
                    "Parent Relationship": "Inner",
                    "Parallel Aware": false,
                    "Scan Direction": "Forward",
                    "Index Name": "info_type_pkey",
                    "Relation Name": "info_type",
                    "Alias": "it1",
                    "Startup Cost": 0.14,
                    "Total Cost": 0.19,
                    "Plan Rows": 1,
                    "Plan Width": 4,
                    "Actual Startup Time": 0.001,
                    "Actual Total Time": 0.001,
                    "Actual Rows": 1,
                    "Actual Loops": 199,
                    "Index Cond": "(id = mi.info_type_id)",
                    "Rows Removed by Index Recheck": 0,
                    "Filter": "((info)::text = 'release dates'::text)",
                    "Rows Removed by Filter": 0
                  }
                ]
              },
              {
                "Node Type": "Index Only Scan",
                "Parent Relationship": "Inner",
                "Parallel Aware": false,
                "Scan Direction": "Forward",
                "Index Name": "keyword_pkey",
                "Relation Name": "keyword",
                "Alias": "k",
                "Startup Cost": 0.42,
                "Total Cost": 0.44,
                "Plan Rows": 1,
                "Plan Width": 4,
                "Actual Startup Time": 0.004,
                "Actual Total Time": 0.004,
                "Actual Rows": 1,
                "Actual Loops": 199,
                "Index Cond": "(id = mk.keyword_id)",
                "Rows Removed by Index Recheck": 0,
                "Heap Fetches": 199
              }
            ]
          }
        ]
      }
    ]
  },
  "Planning Time": 3.207,
  "Triggers": [],
  "Execution Time": 2065.267
}