{
  "Plan": {
    "Node Type": "Aggregate",
    "Strategy": "Plain",
    "Partial Mode": "Simple",
    "Parallel Aware": false,
    "Startup Cost": 23302.29,
    "Total Cost": 23302.3,
    "Plan Rows": 1,
    "Plan Width": 96,
    "Actual Startup Time": 1679.975,
    "Actual Total Time": 1679.983,
    "Actual Rows": 1,
    "Actual Loops": 1,
    "Plans": [
      {
        "Node Type": "Hash Join",
        "Parent Relationship": "Outer",
        "Parallel Aware": false,
        "Join Type": "Inner",
        "Startup Cost": 4942.95,
        "Total Cost": 23302.29,
        "Plan Rows": 1,
        "Plan Width": 42,
        "Actual Startup Time": 35.696,
        "Actual Total Time": 1678.892,
        "Actual Rows": 5318,
        "Actual Loops": 1,
        "Inner Unique": true,
        "Hash Cond": "(mi.info_type_id = it1.id)",
        "Plans": [
          {
            "Node Type": "Nested Loop",
            "Parent Relationship": "Outer",
            "Parallel Aware": false,
            "Join Type": "Inner",
            "Startup Cost": 4940.52,
            "Total Cost": 23299.75,
            "Plan Rows": 44,
            "Plan Width": 46,
            "Actual Startup Time": 35.632,
            "Actual Total Time": 1677.601,
            "Actual Rows": 5595,
            "Actual Loops": 1,
            "Inner Unique": false,
            "Plans": [
              {
                "Node Type": "Nested Loop",
                "Parent Relationship": "Outer",
                "Parallel Aware": false,
                "Join Type": "Inner",
                "Startup Cost": 4940.09,
                "Total Cost": 22666.28,
                "Plan Rows": 407,
                "Plan Width": 54,
                "Actual Startup Time": 34.9,
                "Actual Total Time": 1223.716,
                "Actual Rows": 41738,
                "Actual Loops": 1,
                "Inner Unique": true,
                "Plans": [
                  {
                    "Node Type": "Nested Loop",
                    "Parent Relationship": "Outer",
                    "Parallel Aware": false,
                    "Join Type": "Inner",
                    "Startup Cost": 4939.67,
                    "Total Cost": 22165.48,
                    "Plan Rows": 1123,
                    "Plan Width": 39,
                    "Actual Startup Time": 34.891,
                    "Actual Total Time": 1061.719,
                    "Actual Rows": 86124,
                    "Actual Loops": 1,
                    "Inner Unique": true,
                    "Plans": [
                      {
                        "Node Type": "Hash Join",
                        "Parent Relationship": "Outer",
                        "Parallel Aware": false,
                        "Join Type": "Inner",
                        "Startup Cost": 4939.24,
                        "Total Cost": 20242.22,
                        "Plan Rows": 3688,
                        "Plan Width": 18,
                        "Actual Startup Time": 34.786,
                        "Actual Total Time": 636.612,
                        "Actual Rows": 250615,
                        "Actual Loops": 1,
                        "Inner Unique": true,
                        "Hash Cond": "(mc.company_type_id = ct.id)",
                        "Plans": [
                          {
                            "Node Type": "Nested Loop",
                            "Parent Relationship": "Outer",
                            "Parallel Aware": false,
                            "Join Type": "Inner",
                            "Startup Cost": 4938.18,
                            "Total Cost": 20161.41,
                            "Plan Rows": 14751,
                            "Plan Width": 22,
                            "Actual Startup Time": 34.755,
                            "Actual Total Time": 578.404,
                            "Actual Rows": 606104,
                            "Actual Loops": 1,
                            "Inner Unique": false,
                            "Plans": [
                              {
                                "Node Type": "Nested Loop",
                                "Parent Relationship": "Outer",
                                "Parallel Aware": false,
                                "Join Type": "Inner",
                                "Startup Cost": 4937.75,
                                "Total Cost": 17625.94,
                                "Plan Rows": 2702,
                                "Plan Width": 10,
                                "Actual Startup Time": 34.742,
                                "Actual Total Time": 120.158,
                                "Actual Rows": 194914,
                                "Actual Loops": 1,
                                "Inner Unique": false,
                                "Plans": [
                                  {
                                    "Node Type": "Seq Scan",
                                    "Parent Relationship": "Outer",
                                    "Parallel Aware": false,
                                    "Relation Name": "info_type",
                                    "Alias": "it2",
                                    "Startup Cost": 0.0,
                                    "Total Cost": 2.41,
                                    "Plan Rows": 1,
                                    "Plan Width": 4,
                                    "Actual Startup Time": 0.032,
                                    "Actual Total Time": 0.038,
                                    "Actual Rows": 1,
                                    "Actual Loops": 1,
                                    "Filter": "((info)::text = 'rating'::text)",
                                    "Rows Removed by Filter": 112
                                  },
                                  {
                                    "Node Type": "Bitmap Heap Scan",
                                    "Parent Relationship": "Inner",
                                    "Parallel Aware": false,
                                    "Relation Name": "movie_info_idx",
                                    "Alias": "mi_idx",
                                    "Startup Cost": 4937.75,
                                    "Total Cost": 17012.85,
                                    "Plan Rows": 61068,
                                    "Plan Width": 14,
                                    "Actual Startup Time": 34.7,
                                    "Actual Total Time": 106.087,
                                    "Actual Rows": 194914,
                                    "Actual Loops": 1,
                                    "Recheck Cond": "(info_type_id = it2.id)",
                                    "Rows Removed by Index Recheck": 0,
                                    "Filter": "(info > '6.5'::text)",
                                    "Rows Removed by Filter": 265011,
                                    "Exact Heap Blocks": 7934,
                                    "Lossy Heap Blocks": 0,
                                    "Plans": [
                                      {
                                        "Node Type": "Bitmap Index Scan",
                                        "Parent Relationship": "Outer",
                                        "Parallel Aware": false,
                                        "Index Name": "info_type_id_movie_info_idx",
                                        "Startup Cost": 0.0,
                                        "Total Cost": 4922.48,
                                        "Plan Rows": 276007,
                                        "Plan Width": 0,
                                        "Actual Startup Time": 33.508,
                                        "Actual Total Time": 33.508,
                                        "Actual Rows": 459925,
                                        "Actual Loops": 1,
                                        "Index Cond": "(info_type_id = it2.id)"
                                      }
                                    ]
                                  }
                                ]
                              },
                              {
                                "Node Type": "Index Scan",
                                "Parent Relationship": "Inner",
                                "Parallel Aware": false,
                                "Scan Direction": "Forward",
                                "Index Name": "movie_id_movie_companies",
                                "Relation Name": "movie_companies",
                                "Alias": "mc",
                                "Startup Cost": 0.43,
                                "Total Cost": 0.89,
                                "Plan Rows": 5,
                                "Plan Width": 12,
                                "Actual Startup Time": 0.001,
                                "Actual Total Time": 0.002,
                                "Actual Rows": 3,
                                "Actual Loops": 194914,
                                "Index Cond": "(movie_id = mi_idx.movie_id)",
                                "Rows Removed by Index Recheck": 0
                              }
                            ]
                          },
                          {
                            "Node Type": "Hash",
                            "Parent Relationship": "Inner",
                            "Parallel Aware": false,
                            "Startup Cost": 1.05,
                            "Total Cost": 1.05,
                            "Plan Rows": 1,
                            "Plan Width": 4,
                            "Actual Startup Time": 0.017,
                            "Actual Total Time": 0.018,
                            "Actual Rows": 1,
                            "Actual Loops": 1,
                            "Hash Buckets": 1024,
                            "Original Hash Buckets": 1024,
                            "Hash Batches": 1,
                            "Original Hash Batches": 1,
                            "Peak Memory Usage": 9,
                            "Plans": [
                              {
                                "Node Type": "Seq Scan",
                                "Parent Relationship": "Outer",
                                "Parallel Aware": false,
                                "Relation Name": "company_type",
                                "Alias": "ct",
                                "Startup Cost": 0.0,
                                "Total Cost": 1.05,
                                "Plan Rows": 1,
                                "Plan Width": 4,
                                "Actual Startup Time": 0.013,
                                "Actual Total Time": 0.014,
                                "Actual Rows": 1,
                                "Actual Loops": 1,
                                "Filter": "((kind)::text = 'production companies'::text)",
                                "Rows Removed by Filter": 3
                              }
                            ]
                          }
                        ]
                      },
                      {
                        "Node Type": "Index Scan",
                        "Parent Relationship": "Inner",
                        "Parallel Aware": false,
                        "Scan Direction": "Forward",
                        "Index Name": "title_pkey",
                        "Relation Name": "title",
                        "Alias": "t",
                        "Startup Cost": 0.43,
                        "Total Cost": 0.52,
                        "Plan Rows": 1,
                        "Plan Width": 21,
                        "Actual Startup Time": 0.002,
                        "Actual Total Time": 0.002,
                        "Actual Rows": 0,
                        "Actual Loops": 250615,
                        "Index Cond": "(id = mc.movie_id)",
                        "Rows Removed by Index Recheck": 0,
                        "Filter": "((production_year >= 1994) AND (production_year <= 2006))",
                        "Rows Removed by Filter": 1
                      }
                    ]
                  },
                  {
                    "Node Type": "Index Scan",
                    "Parent Relationship": "Inner",
                    "Parallel Aware": false,
                    "Scan Direction": "Forward",
                    "Index Name": "company_name_pkey",
                    "Relation Name": "company_name",
                    "Alias": "cn",
                    "Startup Cost": 0.42,
                    "Total Cost": 0.45,
                    "Plan Rows": 1,
                    "Plan Width": 23,
                    "Actual Startup Time": 0.002,
                    "Actual Total Time": 0.002,
                    "Actual Rows": 0,
                    "Actual Loops": 86124,
                    "Index Cond": "(id = mc.company_id)",
                    "Rows Removed by Index Recheck": 0,
                    "Filter": "((country_code)::text = '[us]'::text)",
                    "Rows Removed by Filter": 1
                  }
                ]
              },
              {
                "Node Type": "Index Scan",
                "Parent Relationship": "Inner",
                "Parallel Aware": false,
                "Scan Direction": "Forward",
                "Index Name": "movie_id_movie_info",
                "Relation Name": "movie_info",
                "Alias": "mi",
                "Startup Cost": 0.43,
                "Total Cost": 1.55,
                "Plan Rows": 1,
                "Plan Width": 8,
                "Actual Startup Time": 0.011,
                "Actual Total Time": 0.011,
                "Actual Rows": 0,
                "Actual Loops": 41738,
                "Index Cond": "(movie_id = mc.movie_id)",
                "Rows Removed by Index Recheck": 0,
                "Filter": "(info = ANY ('{Western,Drama}'::text[]))",
                "Rows Removed by Filter": 33
              }
            ]
          },
          {
            "Node Type": "Hash",
            "Parent Relationship": "Inner",
            "Parallel Aware": false,
            "Startup Cost": 2.41,
            "Total Cost": 2.41,
            "Plan Rows": 1,
            "Plan Width": 4,
            "Actual Startup Time": 0.054,
            "Actual Total Time": 0.055,
            "Actual Rows": 1,
            "Actual Loops": 1,
            "Hash Buckets": 1024,
            "Original Hash Buckets": 1024,
            "Hash Batches": 1,
            "Original Hash Batches": 1,
            "Peak Memory Usage": 9,
            "Plans": [
              {
                "Node Type": "Seq Scan",
                "Parent Relationship": "Outer",
                "Parallel Aware": false,
                "Relation Name": "info_type",
                "Alias": "it1",
                "Startup Cost": 0.0,
                "Total Cost": 2.41,
                "Plan Rows": 1,
                "Plan Width": 4,
                "Actual Startup Time": 0.025,
                "Actual Total Time": 0.046,
                "Actual Rows": 1,
                "Actual Loops": 1,
                "Filter": "((info)::text = 'genres'::text)",
                "Rows Removed by Filter": 112
              }
            ]
          }
        ]
      }
    ]
  },
  "Planning Time": 2.313,
  "Triggers": [],
  "Execution Time": 1680.147
}