[
  {
    "Plan": {
      "Node Type": "Aggregate",
      "Strategy": "Plain",
      "Partial Mode": "Finalize",
      "Parallel Aware": false,
      "Startup Cost": 76780.49,
      "Total Cost": 76780.5,
      "Plan Rows": 1,
      "Plan Width": 8,
      "Actual Startup Time": 277.412,
      "Actual Total Time": 290.77,
      "Actual Rows": 1,
      "Actual Loops": 1,
      "Plans": [
        {
          "Node Type": "Gather",
          "Parent Relationship": "Outer",
          "Parallel Aware": false,
          "Startup Cost": 76780.07,
          "Total Cost": 76780.48,
          "Plan Rows": 4,
          "Plan Width": 8,
          "Actual Startup Time": 275.493,
          "Actual Total Time": 290.76,
          "Actual Rows": 5,
          "Actual Loops": 1,
          "Workers Planned": 4,
          "Workers Launched": 4,
          "Single Copy": false,
          "Plans": [
            {
              "Node Type": "Aggregate",
              "Strategy": "Plain",
              "Partial Mode": "Partial",
              "Parent Relationship": "Outer",
              "Parallel Aware": false,
              "Startup Cost": 75780.07,
              "Total Cost": 75780.08,
              "Plan Rows": 1,
              "Plan Width": 8,
              "Actual Startup Time": 265.725,
              "Actual Total Time": 265.728,
              "Actual Rows": 1,
              "Actual Loops": 5,
              "Plans": [
                {
                  "Node Type": "Hash Join",
                  "Parent Relationship": "Outer",
                  "Parallel Aware": true,
                  "Join Type": "Inner",
                  "Startup Cost": 29772.2,
                  "Total Cost": 75549.2,
                  "Plan Rows": 92348,
                  "Plan Width": 0,
                  "Actual Startup Time": 109.544,
                  "Actual Total Time": 262.383,
                  "Actual Rows": 74243,
                  "Actual Loops": 5,
                  "Inner Unique": false,
                  "Hash Cond": "(t.id = mc.movie_id)",
                  "Plans": [
                    {
                      "Node Type": "Seq Scan",
                      "Parent Relationship": "Outer",
                      "Parallel Aware": true,
                      "Relation Name": "title",
                      "Alias": "t",
                      "Startup Cost": 0.0,
                      "Total Cost": 42318.73,
                      "Plan Rows": 632073,
                      "Plan Width": 4,
                      "Actual Startup Time": 0.011,
                      "Actual Total Time": 66.173,
                      "Actual Rows": 505662,
                      "Actual Loops": 5
                    },
                    {
                      "Node Type": "Hash",
                      "Parent Relationship": "Inner",
                      "Parallel Aware": true,
                      "Startup Cost": 28282.71,
                      "Total Cost": 28282.71,
                      "Plan Rows": 119159,
                      "Plan Width": 4,
                      "Actual Startup Time": 91.038,
                      "Actual Total Time": 91.039,
                      "Actual Rows": 74243,
                      "Actual Loops": 5,
                      "Hash Buckets": 524288,
                      "Original Hash Buckets": 524288,
                      "Hash Batches": 1,
                      "Original Hash Batches": 1,
                      "Peak Memory Usage": 18656,
                      "Plans": [
                        {
                          "Node Type": "Bitmap Heap Scan",
                          "Parent Relationship": "Outer",
                          "Parallel Aware": true,
                          "Relation Name": "movie_companies",
                          "Alias": "mc",
                          "Startup Cost": 8003.23,
                          "Total Cost": 28282.71,
                          "Plan Rows": 119159,
                          "Plan Width": 4,
                          "Actual Startup Time": 30.452,
                          "Actual Total Time": 60.505,
                          "Actual Rows": 74243,
                          "Actual Loops": 5,
                          "Recheck Cond": "(company_id > 85283)",
                          "Rows Removed by Index Recheck": 0,
                          "Exact Heap Blocks": 2382,
                          "Lossy Heap Blocks": 0,
                          "Plans": [
                            {
                              "Node Type": "Bitmap Index Scan",
                              "Parent Relationship": "Outer",
                              "Parallel Aware": false,
                              "Index Name": "company_id_movie_companies",
                              "Startup Cost": 0.0,
                              "Total Cost": 7910.88,
                              "Plan Rows": 369393,
                              "Plan Width": 0,
                              "Actual Startup Time": 29.631,
                              "Actual Total Time": 29.632,
                              "Actual Rows": 371215,
                              "Actual Loops": 1,
                              "Index Cond": "(company_id > 85283)"
                            }
                          ]
                        }
                      ]
                    }
                  ]
                }
              ]
            }
          ]
        }
      ]
    },
    "Planning Time": 0.6,
    "Triggers": [],
    "Execution Time": 290.864
  }
]