{
  "Plan": {
    "Node Type": "Aggregate",
    "Strategy": "Plain",
    "Partial Mode": "Finalize",
    "Parallel Aware": false,
    "Startup Cost": 239436.69,
    "Total Cost": 239436.7,
    "Plan Rows": 1,
    "Plan Width": 8,
    "Actual Startup Time": 1288.532,
    "Actual Total Time": 1309.577,
    "Actual Rows": 1,
    "Actual Loops": 1,
    "Plans": [
      {
        "Node Type": "Gather",
        "Parent Relationship": "Outer",
        "Parallel Aware": false,
        "Startup Cost": 239436.58,
        "Total Cost": 239436.69,
        "Plan Rows": 1,
        "Plan Width": 8,
        "Actual Startup Time": 1281.957,
        "Actual Total Time": 1309.568,
        "Actual Rows": 2,
        "Actual Loops": 1,
        "Workers Planned": 1,
        "Workers Launched": 1,
        "Single Copy": false,
        "Plans": [
          {
            "Node Type": "Aggregate",
            "Strategy": "Plain",
            "Partial Mode": "Partial",
            "Parent Relationship": "Outer",
            "Parallel Aware": false,
            "Startup Cost": 238436.58,
            "Total Cost": 238436.59,
            "Plan Rows": 1,
            "Plan Width": 8,
            "Actual Startup Time": 1269.906,
            "Actual Total Time": 1269.913,
            "Actual Rows": 1,
            "Actual Loops": 2,
            "Plans": [
              {
                "Node Type": "Hash Join",
                "Parent Relationship": "Outer",
                "Parallel Aware": true,
                "Join Type": "Inner",
                "Startup Cost": 176952.84,
                "Total Cost": 238305.61,
                "Plan Rows": 52387,
                "Plan Width": 0,
                "Actual Startup Time": 619.843,
                "Actual Total Time": 1162.748,
                "Actual Rows": 2131712,
                "Actual Loops": 2,
                "Inner Unique": false,
                "Hash Cond": "(mk.movie_id = t.id)",
                "Plans": [
                  {
                    "Node Type": "Seq Scan",
                    "Parent Relationship": "Outer",
                    "Parallel Aware": true,
                    "Relation Name": "movie_keyword",
                    "Alias": "mk",
                    "Startup Cost": 0.0,
                    "Total Cost": 51065.35,
                    "Plan Rows": 2661135,
                    "Plan Width": 4,
                    "Actual Startup Time": 0.022,
                    "Actual Total Time": 182.255,
                    "Actual Rows": 2261965,
                    "Actual Loops": 2
                  },
                  {
                    "Node Type": "Hash",
                    "Parent Relationship": "Inner",
                    "Parallel Aware": true,
                    "Startup Cost": 176586.86,
                    "Total Cost": 176586.86,
                    "Plan Rows": 29278,
                    "Plan Width": 8,
                    "Actual Startup Time": 616.001,
                    "Actual Total Time": 616.006,
                    "Actual Rows": 25134,
                    "Actual Loops": 2,
                    "Hash Buckets": 65536,
                    "Original Hash Buckets": 65536,
                    "Hash Batches": 1,
                    "Original Hash Batches": 1,
                    "Peak Memory Usage": 2496,
                    "Plans": [
                      {
                        "Node Type": "Hash Join",
                        "Parent Relationship": "Outer",
                        "Parallel Aware": true,
                        "Join Type": "Inner",
                        "Startup Cost": 70362.87,
                        "Total Cost": 176586.86,
                        "Plan Rows": 29278,
                        "Plan Width": 8,
                        "Actual Startup Time": 588.834,
                        "Actual Total Time": 609.891,
                        "Actual Rows": 25134,
                        "Actual Loops": 2,
                        "Inner Unique": true,
                        "Hash Cond": "(mi.movie_id = t.id)",
                        "Plans": [
                          {
                            "Node Type": "Bitmap Heap Scan",
                            "Parent Relationship": "Outer",
                            "Parallel Aware": true,
                            "Relation Name": "movie_info",
                            "Alias": "mi",
                            "Startup Cost": 902.17,
                            "Total Cost": 107049.31,
                            "Plan Rows": 29278,
                            "Plan Width": 4,
                            "Actual Startup Time": 3.184,
                            "Actual Total Time": 13.297,
                            "Actual Rows": 25134,
                            "Actual Loops": 2,
                            "Recheck Cond": "(info_type_id > 107)",
                            "Rows Removed by Index Recheck": 0,
                            "Exact Heap Blocks": 3088,
                            "Lossy Heap Blocks": 0,
                            "Plans": [
                              {
                                "Node Type": "Bitmap Index Scan",
                                "Parent Relationship": "Outer",
                                "Parallel Aware": false,
                                "Index Name": "info_type_id_movie_info",
                                "Startup Cost": 0.0,
                                "Total Cost": 889.72,
                                "Plan Rows": 49772,
                                "Plan Width": 0,
                                "Actual Startup Time": 2.493,
                                "Actual Total Time": 2.494,
                                "Actual Rows": 50267,
                                "Actual Loops": 1,
                                "Index Cond": "(info_type_id > 107)"
                              }
                            ]
                          },
                          {
                            "Node Type": "Hash",
                            "Parent Relationship": "Inner",
                            "Parallel Aware": true,
                            "Startup Cost": 50870.31,
                            "Total Cost": 50870.31,
                            "Plan Rows": 1487231,
                            "Plan Width": 4,
                            "Actual Startup Time": 565.769,
                            "Actual Total Time": 565.77,
                            "Actual Rows": 1264156,
                            "Actual Loops": 2,
                            "Hash Buckets": 4194304,
                            "Original Hash Buckets": 4194304,
                            "Hash Batches": 1,
                            "Original Hash Batches": 1,
                            "Peak Memory Usage": 131712,
                            "Plans": [
                              {
                                "Node Type": "Seq Scan",
                                "Parent Relationship": "Outer",
                                "Parallel Aware": true,
                                "Relation Name": "title",
                                "Alias": "t",
                                "Startup Cost": 0.0,
                                "Total Cost": 50870.31,
                                "Plan Rows": 1487231,
                                "Plan Width": 4,
                                "Actual Startup Time": 0.025,
                                "Actual Total Time": 184.15,
                                "Actual Rows": 1264156,
                                "Actual Loops": 2
                              }
                            ]
                          }
                        ]
                      }
                    ]
                  }
                ]
              }
            ]
          }
        ]
      }
    ]
  },
  "Planning Time": 1.018,
  "Triggers": [],
  "Execution Time": 1309.676
}