[
  {
    "Plan": {
      "Node Type": "Aggregate",
      "Strategy": "Plain",
      "Partial Mode": "Finalize",
      "Parallel Aware": false,
      "Startup Cost": 342366.93,
      "Total Cost": 342366.94,
      "Plan Rows": 1,
      "Plan Width": 8,
      "Actual Startup Time": 837.793,
      "Actual Total Time": 905.433,
      "Actual Rows": 1,
      "Actual Loops": 1,
      "Plans": [
        {
          "Node Type": "Gather",
          "Parent Relationship": "Outer",
          "Parallel Aware": false,
          "Startup Cost": 342366.31,
          "Total Cost": 342366.92,
          "Plan Rows": 6,
          "Plan Width": 8,
          "Actual Startup Time": 837.662,
          "Actual Total Time": 905.422,
          "Actual Rows": 7,
          "Actual Loops": 1,
          "Workers Planned": 6,
          "Workers Launched": 6,
          "Single Copy": false,
          "Plans": [
            {
              "Node Type": "Aggregate",
              "Strategy": "Plain",
              "Partial Mode": "Partial",
              "Parent Relationship": "Outer",
              "Parallel Aware": false,
              "Startup Cost": 341366.31,
              "Total Cost": 341366.32,
              "Plan Rows": 1,
              "Plan Width": 8,
              "Actual Startup Time": 826.849,
              "Actual Total Time": 826.85,
              "Actual Rows": 1,
              "Actual Loops": 7,
              "Plans": [
                {
                  "Node Type": "Seq Scan",
                  "Parent Relationship": "Outer",
                  "Parallel Aware": true,
                  "Relation Name": "cast_info",
                  "Alias": "ci",
                  "Startup Cost": 0.0,
                  "Total Cost": 328162.03,
                  "Plan Rows": 5281712,
                  "Plan Width": 0,
                  "Actual Startup Time": 64.543,
                  "Actual Total Time": 640.022,
                  "Actual Rows": 4512612,
                  "Actual Loops": 7,
                  "Filter": "(person_id > 450566)",
                  "Rows Removed by Filter": 665152
                }
              ]
            }
          ]
        }
      ]
    },
    "Planning Time": 0.182,
    "Triggers": [],
    "Execution Time": 905.537
  }
]