[
  {
    "Plan": {
      "Node Type": "Aggregate",
      "Strategy": "Plain",
      "Partial Mode": "Finalize",
      "Parallel Aware": false,
      "Startup Cost": 126766.71,
      "Total Cost": 126766.72,
      "Plan Rows": 1,
      "Plan Width": 8,
      "Actual Startup Time": 529.484,
      "Actual Total Time": 591.093,
      "Actual Rows": 1,
      "Actual Loops": 1,
      "Plans": [
        {
          "Node Type": "Gather",
          "Parent Relationship": "Outer",
          "Parallel Aware": false,
          "Startup Cost": 126766.39,
          "Total Cost": 126766.7,
          "Plan Rows": 3,
          "Plan Width": 8,
          "Actual Startup Time": 528.811,
          "Actual Total Time": 591.084,
          "Actual Rows": 4,
          "Actual Loops": 1,
          "Workers Planned": 3,
          "Workers Launched": 3,
          "Single Copy": false,
          "Plans": [
            {
              "Node Type": "Aggregate",
              "Strategy": "Plain",
              "Partial Mode": "Partial",
              "Parent Relationship": "Outer",
              "Parallel Aware": false,
              "Startup Cost": 125766.39,
              "Total Cost": 125766.4,
              "Plan Rows": 1,
              "Plan Width": 8,
              "Actual Startup Time": 524.401,
              "Actual Total Time": 524.406,
              "Actual Rows": 1,
              "Actual Loops": 4,
              "Plans": [
                {
                  "Node Type": "Nested Loop",
                  "Parent Relationship": "Outer",
                  "Parallel Aware": false,
                  "Join Type": "Inner",
                  "Startup Cost": 38324.88,
                  "Total Cost": 125525.32,
                  "Plan Rows": 96429,
                  "Plan Width": 0,
                  "Actual Startup Time": 66.461,
                  "Actual Total Time": 519.791,
                  "Actual Rows": 64354,
                  "Actual Loops": 4,
                  "Inner Unique": false,
                  "Join Filter": "(t.id = ci.movie_id)",
                  "Rows Removed by Join Filter": 0,
                  "Plans": [
                    {
                      "Node Type": "Hash Join",
                      "Parent Relationship": "Outer",
                      "Parallel Aware": true,
                      "Join Type": "Inner",
                      "Startup Cost": 38324.32,
                      "Total Cost": 82598.73,
                      "Plan Rows": 19196,
                      "Plan Width": 8,
                      "Actual Startup Time": 66.065,
                      "Actual Total Time": 241.202,
                      "Actual Rows": 12433,
                      "Actual Loops": 4,
                      "Inner Unique": true,
                      "Hash Cond": "(mk.movie_id = t.id)",
                      "Plans": [
                        {
                          "Node Type": "Seq Scan",
                          "Parent Relationship": "Outer",
                          "Parallel Aware": true,
                          "Relation Name": "movie_keyword",
                          "Alias": "mk",
                          "Startup Cost": 0.0,
                          "Total Cost": 42695.65,
                          "Plan Rows": 601432,
                          "Plan Width": 4,
                          "Actual Startup Time": 0.496,
                          "Actual Total Time": 122.616,
                          "Actual Rows": 463028,
                          "Actual Loops": 4,
                          "Filter": "(keyword_id > 7469)",
                          "Rows Removed by Filter": 667954
                        },
                        {
                          "Node Type": "Hash",
                          "Parent Relationship": "Inner",
                          "Parallel Aware": true,
                          "Startup Cost": 38072.13,
                          "Total Cost": 38072.13,
                          "Plan Rows": 20175,
                          "Plan Width": 4,
                          "Actual Startup Time": 64.978,
                          "Actual Total Time": 64.979,
                          "Actual Rows": 21130,
                          "Actual Loops": 4,
                          "Hash Buckets": 131072,
                          "Original Hash Buckets": 131072,
                          "Hash Batches": 1,
                          "Original Hash Batches": 1,
                          "Peak Memory Usage": 4416,
                          "Plans": [
                            {
                              "Node Type": "Bitmap Heap Scan",
                              "Parent Relationship": "Outer",
                              "Parallel Aware": true,
                              "Relation Name": "title",
                              "Alias": "t",
                              "Startup Cost": 1717.62,
                              "Total Cost": 38072.13,
                              "Plan Rows": 20175,
                              "Plan Width": 4,
                              "Actual Startup Time": 11.42,
                              "Actual Total Time": 56.417,
                              "Actual Rows": 21130,
                              "Actual Loops": 4,
                              "Recheck Cond": "(kind_id = 2)",
                              "Rows Removed by Index Recheck": 0,
                              "Filter": "(production_year > 1966)",
                              "Rows Removed by Filter": 1583,
                              "Exact Heap Blocks": 10392,
                              "Lossy Heap Blocks": 0,
                              "Plans": [
                                {
                                  "Node Type": "Bitmap Index Scan",
                                  "Parent Relationship": "Outer",
                                  "Parallel Aware": false,
                                  "Index Name": "kind_id_title",
                                  "Startup Cost": 0.0,
                                  "Total Cost": 1697.45,
                                  "Plan Rows": 95069,
                                  "Plan Width": 0,
                                  "Actual Startup Time": 8.834,
                                  "Actual Total Time": 8.834,
                                  "Actual Rows": 90852,
                                  "Actual Loops": 1,
                                  "Index Cond": "(kind_id = 2)"
                                }
                              ]
                            }
                          ]
                        }
                      ]
                    },
                    {
                      "Node Type": "Index Scan",
                      "Parent Relationship": "Inner",
                      "Parallel Aware": false,
                      "Scan Direction": "Forward",
                      "Index Name": "movie_id_cast_info",
                      "Relation Name": "cast_info",
                      "Alias": "ci",
                      "Startup Cost": 0.56,
                      "Total Cost": 2.09,
                      "Plan Rows": 12,
                      "Plan Width": 4,
                      "Actual Startup Time": 0.008,
                      "Actual Total Time": 0.022,
                      "Actual Rows": 5,
                      "Actual Loops": 49733,
                      "Index Cond": "(movie_id = mk.movie_id)",
                      "Rows Removed by Index Recheck": 0,
                      "Filter": "(role_id = 1)",
                      "Rows Removed by Filter": 12
                    }
                  ]
                }
              ]
            }
          ]
        }
      ]
    },
    "Planning Time": 0.579,
    "Triggers": [],
    "Execution Time": 591.175
  }
]