{
  "Plan": {
    "Node Type": "Aggregate",
    "Strategy": "Plain",
    "Partial Mode": "Finalize",
    "Parallel Aware": false,
    "Startup Cost": 63521.93,
    "Total Cost": 63521.94,
    "Plan Rows": 1,
    "Plan Width": 8,
    "Actual Startup Time": 58.392,
    "Actual Total Time": 67.274,
    "Actual Rows": 1,
    "Actual Loops": 1,
    "Plans": [
      {
        "Node Type": "Gather",
        "Parent Relationship": "Outer",
        "Parallel Aware": false,
        "Startup Cost": 63521.82,
        "Total Cost": 63521.93,
        "Plan Rows": 1,
        "Plan Width": 8,
        "Actual Startup Time": 58.281,
        "Actual Total Time": 67.267,
        "Actual Rows": 2,
        "Actual Loops": 1,
        "Workers Planned": 1,
        "Workers Launched": 1,
        "Single Copy": false,
        "Plans": [
          {
            "Node Type": "Aggregate",
            "Strategy": "Plain",
            "Partial Mode": "Partial",
            "Parent Relationship": "Outer",
            "Parallel Aware": false,
            "Startup Cost": 62521.82,
            "Total Cost": 62521.83,
            "Plan Rows": 1,
            "Plan Width": 8,
            "Actual Startup Time": 52.111,
            "Actual Total Time": 52.112,
            "Actual Rows": 1,
            "Actual Loops": 2,
            "Plans": [
              {
                "Node Type": "Nested Loop",
                "Parent Relationship": "Outer",
                "Parallel Aware": false,
                "Join Type": "Inner",
                "Startup Cost": 244.51,
                "Total Cost": 62521.08,
                "Plan Rows": 294,
                "Plan Width": 0,
                "Actual Startup Time": 7.545,
                "Actual Total Time": 52.075,
                "Actual Rows": 155,
                "Actual Loops": 2,
                "Inner Unique": true,
                "Plans": [
                  {
                    "Node Type": "Bitmap Heap Scan",
                    "Parent Relationship": "Outer",
                    "Parallel Aware": true,
                    "Relation Name": "movie_keyword",
                    "Alias": "mk",
                    "Startup Cost": 244.08,
                    "Total Cost": 20181.0,
                    "Plan Rows": 6653,
                    "Plan Width": 4,
                    "Actual Startup Time": 5.433,
                    "Actual Total Time": 19.599,
                    "Actual Rows": 4613,
                    "Actual Loops": 2,
                    "Recheck Cond": "(keyword_id = 875)",
                    "Rows Removed by Index Recheck": 0,
                    "Exact Heap Blocks": 5834,
                    "Lossy Heap Blocks": 0,
                    "Plans": [
                      {
                        "Node Type": "Bitmap Index Scan",
                        "Parent Relationship": "Outer",
                        "Parallel Aware": false,
                        "Index Name": "keyword_id_movie_keyword",
                        "Startup Cost": 0.0,
                        "Total Cost": 241.26,
                        "Plan Rows": 11310,
                        "Plan Width": 0,
                        "Actual Startup Time": 7.348,
                        "Actual Total Time": 7.349,
                        "Actual Rows": 9226,
                        "Actual Loops": 1,
                        "Index Cond": "(keyword_id = 875)"
                      }
                    ]
                  },
                  {
                    "Node Type": "Index Scan",
                    "Parent Relationship": "Inner",
                    "Parallel Aware": false,
                    "Scan Direction": "Forward",
                    "Index Name": "title_pkey",
                    "Relation Name": "title",
                    "Alias": "t",
                    "Startup Cost": 0.43,
                    "Total Cost": 6.36,
                    "Plan Rows": 1,
                    "Plan Width": 4,
                    "Actual Startup Time": 0.007,
                    "Actual Total Time": 0.007,
                    "Actual Rows": 0,
                    "Actual Loops": 9226,
                    "Index Cond": "(id = mk.movie_id)",
                    "Rows Removed by Index Recheck": 0,
                    "Filter": "(production_year = 2006)",
                    "Rows Removed by Filter": 1
                  }
                ]
              }
            ]
          }
        ]
      }
    ]
  },
  "Planning Time": 0.46,
  "Triggers": [],
  "Execution Time": 67.362
}