[
    {
        "Bao": {
            "Bao prediction": "NaN",
            "Bao recommended hint": "(no hint)"
        }
    },
    {
        "Plan": {
            "Node Type": "Aggregate",
            "Strategy": "Plain",
            "Partial Mode": "Finalize",
            "Parallel Aware": false,
            "Startup Cost": 352815.25,
            "Total Cost": 352815.26,
            "Plan Rows": 1,
            "Plan Width": 8,
            "Actual Startup Time": 767.684,
            "Actual Total Time": 792.527,
            "Actual Rows": 1,
            "Actual Loops": 1,
            "Output": [
                "count(*)"
            ],
            "Plans": [
                {
                    "Node Type": "Gather",
                    "Parent Relationship": "Outer",
                    "Parallel Aware": false,
                    "Startup Cost": 352814.63,
                    "Total Cost": 352815.24,
                    "Plan Rows": 6,
                    "Plan Width": 8,
                    "Actual Startup Time": 767.54,
                    "Actual Total Time": 792.52,
                    "Actual Rows": 7,
                    "Actual Loops": 1,
                    "Output": [
                        "(PARTIAL count(*))"
                    ],
                    "Workers Planned": 6,
                    "Workers Launched": 6,
                    "Single Copy": false,
                    "Plans": [
                        {
                            "Node Type": "Aggregate",
                            "Strategy": "Plain",
                            "Partial Mode": "Partial",
                            "Parent Relationship": "Outer",
                            "Parallel Aware": false,
                            "Startup Cost": 351814.63,
                            "Total Cost": 351814.64,
                            "Plan Rows": 1,
                            "Plan Width": 8,
                            "Actual Startup Time": 757.77,
                            "Actual Total Time": 757.771,
                            "Actual Rows": 1,
                            "Actual Loops": 7,
                            "Output": [
                                "PARTIAL count(*)"
                            ],
                            "Workers": [
                                {
                                    "Worker Number": 0,
                                    "Actual Startup Time": 755.565,
                                    "Actual Total Time": 755.566,
                                    "Actual Rows": 1,
                                    "Actual Loops": 1
                                },
                                {
                                    "Worker Number": 1,
                                    "Actual Startup Time": 755.802,
                                    "Actual Total Time": 755.803,
                                    "Actual Rows": 1,
                                    "Actual Loops": 1
                                },
                                {
                                    "Worker Number": 2,
                                    "Actual Startup Time": 755.813,
                                    "Actual Total Time": 755.814,
                                    "Actual Rows": 1,
                                    "Actual Loops": 1
                                },
                                {
                                    "Worker Number": 3,
                                    "Actual Startup Time": 756.258,
                                    "Actual Total Time": 756.259,
                                    "Actual Rows": 1,
                                    "Actual Loops": 1
                                },
                                {
                                    "Worker Number": 4,
                                    "Actual Startup Time": 756.901,
                                    "Actual Total Time": 756.902,
                                    "Actual Rows": 1,
                                    "Actual Loops": 1
                                },
                                {
                                    "Worker Number": 5,
                                    "Actual Startup Time": 756.887,
                                    "Actual Total Time": 756.888,
                                    "Actual Rows": 1,
                                    "Actual Loops": 1
                                }
                            ],
                            "Plans": [
                                {
                                    "Node Type": "Seq Scan",
                                    "Parent Relationship": "Outer",
                                    "Parallel Aware": true,
                                    "Relation Name": "cast_info",
                                    "Schema": "public",
                                    "Alias": "ci",
                                    "Startup Cost": 0.0,
                                    "Total Cost": 343318.94,
                                    "Plan Rows": 3398275,
                                    "Plan Width": 0,
                                    "Actual Startup Time": 201.601,
                                    "Actual Total Time": 628.075,
                                    "Actual Rows": 3174661,
                                    "Actual Loops": 7,
                                    "Output": [
                                        "id",
                                        "person_id",
                                        "movie_id",
                                        "person_role_id",
                                        "note",
                                        "nr_order",
                                        "role_id"
                                    ],
                                    "Filter": "((ci.person_id > 474369) AND (ci.role_id > 1))",
                                    "Rows Removed by Filter": 2003102,
                                    "Workers": [
                                        {
                                            "Worker Number": 0,
                                            "Actual Startup Time": 199.387,
                                            "Actual Total Time": 629.89,
                                            "Actual Rows": 3082667,
                                            "Actual Loops": 1
                                        },
                                        {
                                            "Worker Number": 1,
                                            "Actual Startup Time": 199.644,
                                            "Actual Total Time": 628.827,
                                            "Actual Rows": 3092781,
                                            "Actual Loops": 1
                                        },
                                        {
                                            "Worker Number": 2,
                                            "Actual Startup Time": 199.633,
                                            "Actual Total Time": 628.546,
                                            "Actual Rows": 3100950,
                                            "Actual Loops": 1
                                        },
                                        {
                                            "Worker Number": 3,
                                            "Actual Startup Time": 200.094,
                                            "Actual Total Time": 628.872,
                                            "Actual Rows": 2992738,
                                            "Actual Loops": 1
                                        },
                                        {
                                            "Worker Number": 4,
                                            "Actual Startup Time": 200.731,
                                            "Actual Total Time": 631.413,
                                            "Actual Rows": 3080791,
                                            "Actual Loops": 1
                                        },
                                        {
                                            "Worker Number": 5,
                                            "Actual Startup Time": 200.723,
                                            "Actual Total Time": 630.768,
                                            "Actual Rows": 3093665,
                                            "Actual Loops": 1
                                        }
                                    ]
                                }
                            ]
                        }
                    ]
                }
            ]
        },
        "Planning Time": 186.454,
        "Triggers": [],
        "Execution Time": 792.58
    }
]