[
    {
        "Bao": {
            "Bao prediction": "NaN",
            "Bao recommended hint": "(no hint)"
        }
    },
    {
        "Plan": {
            "Node Type": "Aggregate",
            "Strategy": "Plain",
            "Partial Mode": "Simple",
            "Parallel Aware": false,
            "Startup Cost": 26070.31,
            "Total Cost": 26070.32,
            "Plan Rows": 1,
            "Plan Width": 8,
            "Actual Startup Time": 15.727,
            "Actual Total Time": 15.729,
            "Actual Rows": 1,
            "Actual Loops": 1,
            "Output": [
                "count(*)"
            ],
            "Plans": [
                {
                    "Node Type": "Bitmap Heap Scan",
                    "Parent Relationship": "Outer",
                    "Parallel Aware": false,
                    "Relation Name": "movie_keyword",
                    "Schema": "public",
                    "Alias": "mk",
                    "Startup Cost": 510.03,
                    "Total Cost": 26010.44,
                    "Plan Rows": 23948,
                    "Plan Width": 0,
                    "Actual Startup Time": 2.771,
                    "Actual Total Time": 14.553,
                    "Actual Rows": 22479,
                    "Actual Loops": 1,
                    "Recheck Cond": "(mk.keyword_id < 5)",
                    "Rows Removed by Index Recheck": 0,
                    "Exact Heap Blocks": 6915,
                    "Lossy Heap Blocks": 0,
                    "Plans": [
                        {
                            "Node Type": "Bitmap Index Scan",
                            "Parent Relationship": "Outer",
                            "Parallel Aware": false,
                            "Index Name": "keyword_id_movie_keyword",
                            "Startup Cost": 0.0,
                            "Total Cost": 504.04,
                            "Plan Rows": 23948,
                            "Plan Width": 0,
                            "Actual Startup Time": 1.864,
                            "Actual Total Time": 1.864,
                            "Actual Rows": 22479,
                            "Actual Loops": 1,
                            "Index Cond": "(mk.keyword_id < 5)"
                        }
                    ]
                }
            ]
        },
        "Planning Time": 178.839,
        "Triggers": [],
        "Execution Time": 15.765
    }
]