[
    {
        "Bao": {
            "Bao prediction": "NaN",
            "Bao recommended hint": "(no hint)"
        }
    },
    {
        "Plan": {
            "Node Type": "Aggregate",
            "Strategy": "Plain",
            "Partial Mode": "Finalize",
            "Parallel Aware": false,
            "Startup Cost": 347549.82,
            "Total Cost": 347549.83,
            "Plan Rows": 1,
            "Plan Width": 8,
            "Actual Startup Time": 655.441,
            "Actual Total Time": 682.359,
            "Actual Rows": 1,
            "Actual Loops": 1,
            "Output": [
                "count(*)"
            ],
            "Plans": [
                {
                    "Node Type": "Gather",
                    "Parent Relationship": "Outer",
                    "Parallel Aware": false,
                    "Startup Cost": 347549.2,
                    "Total Cost": 347549.8,
                    "Plan Rows": 6,
                    "Plan Width": 8,
                    "Actual Startup Time": 655.355,
                    "Actual Total Time": 682.351,
                    "Actual Rows": 7,
                    "Actual Loops": 1,
                    "Output": [
                        "(PARTIAL count(*))"
                    ],
                    "Workers Planned": 6,
                    "Workers Launched": 6,
                    "Single Copy": false,
                    "Plans": [
                        {
                            "Node Type": "Aggregate",
                            "Strategy": "Plain",
                            "Partial Mode": "Partial",
                            "Parent Relationship": "Outer",
                            "Parallel Aware": false,
                            "Startup Cost": 346549.2,
                            "Total Cost": 346549.21,
                            "Plan Rows": 1,
                            "Plan Width": 8,
                            "Actual Startup Time": 645.596,
                            "Actual Total Time": 645.597,
                            "Actual Rows": 1,
                            "Actual Loops": 7,
                            "Output": [
                                "PARTIAL count(*)"
                            ],
                            "Workers": [
                                {
                                    "Worker Number": 0,
                                    "Actual Startup Time": 643.371,
                                    "Actual Total Time": 643.372,
                                    "Actual Rows": 1,
                                    "Actual Loops": 1
                                },
                                {
                                    "Worker Number": 1,
                                    "Actual Startup Time": 643.587,
                                    "Actual Total Time": 643.588,
                                    "Actual Rows": 1,
                                    "Actual Loops": 1
                                },
                                {
                                    "Worker Number": 2,
                                    "Actual Startup Time": 643.501,
                                    "Actual Total Time": 643.503,
                                    "Actual Rows": 1,
                                    "Actual Loops": 1
                                },
                                {
                                    "Worker Number": 3,
                                    "Actual Startup Time": 644.451,
                                    "Actual Total Time": 644.452,
                                    "Actual Rows": 1,
                                    "Actual Loops": 1
                                },
                                {
                                    "Worker Number": 4,
                                    "Actual Startup Time": 644.642,
                                    "Actual Total Time": 644.643,
                                    "Actual Rows": 1,
                                    "Actual Loops": 1
                                },
                                {
                                    "Worker Number": 5,
                                    "Actual Startup Time": 644.648,
                                    "Actual Total Time": 644.649,
                                    "Actual Rows": 1,
                                    "Actual Loops": 1
                                }
                            ],
                            "Plans": [
                                {
                                    "Node Type": "Seq Scan",
                                    "Parent Relationship": "Outer",
                                    "Parallel Aware": true,
                                    "Relation Name": "cast_info",
                                    "Schema": "public",
                                    "Alias": "ci",
                                    "Startup Cost": 0.0,
                                    "Total Cost": 343318.94,
                                    "Plan Rows": 1292102,
                                    "Plan Width": 0,
                                    "Actual Startup Time": 300.776,
                                    "Actual Total Time": 576.309,
                                    "Actual Rows": 1584025,
                                    "Actual Loops": 7,
                                    "Output": [
                                        "id",
                                        "person_id",
                                        "movie_id",
                                        "person_role_id",
                                        "note",
                                        "nr_order",
                                        "role_id"
                                    ],
                                    "Filter": "((ci.person_id > 1850479) AND (ci.role_id > 2))",
                                    "Rows Removed by Filter": 3593739,
                                    "Workers": [
                                        {
                                            "Worker Number": 0,
                                            "Actual Startup Time": 298.547,
                                            "Actual Total Time": 573.25,
                                            "Actual Rows": 1044533,
                                            "Actual Loops": 1
                                        },
                                        {
                                            "Worker Number": 1,
                                            "Actual Startup Time": 298.771,
                                            "Actual Total Time": 575.728,
                                            "Actual Rows": 1622710,
                                            "Actual Loops": 1
                                        },
                                        {
                                            "Worker Number": 2,
                                            "Actual Startup Time": 298.698,
                                            "Actual Total Time": 579.437,
                                            "Actual Rows": 1539450,
                                            "Actual Loops": 1
                                        },
                                        {
                                            "Worker Number": 3,
                                            "Actual Startup Time": 299.63,
                                            "Actual Total Time": 576.185,
                                            "Actual Rows": 1630558,
                                            "Actual Loops": 1
                                        },
                                        {
                                            "Worker Number": 4,
                                            "Actual Startup Time": 299.806,
                                            "Actual Total Time": 576.591,
                                            "Actual Rows": 1626304,
                                            "Actual Loops": 1
                                        },
                                        {
                                            "Worker Number": 5,
                                            "Actual Startup Time": 299.829,
                                            "Actual Total Time": 577.011,
                                            "Actual Rows": 1607088,
                                            "Actual Loops": 1
                                        }
                                    ]
                                }
                            ]
                        }
                    ]
                }
            ]
        },
        "Planning Time": 207.865,
        "Triggers": [],
        "Execution Time": 682.412
    }
]