{
  "Plan": {
    "Node Type": "Aggregate",
    "Strategy": "Plain",
    "Partial Mode": "Finalize",
    "Parallel Aware": false,
    "Startup Cost": 144902.59,
    "Total Cost": 144902.6,
    "Plan Rows": 1,
    "Plan Width": 8,
    "Actual Startup Time": 1020.944,
    "Actual Total Time": 1038.306,
    "Actual Rows": 1,
    "Actual Loops": 1,
    "Plans": [
      {
        "Node Type": "Gather",
        "Parent Relationship": "Outer",
        "Parallel Aware": false,
        "Startup Cost": 144902.48,
        "Total Cost": 144902.59,
        "Plan Rows": 1,
        "Plan Width": 8,
        "Actual Startup Time": 1015.944,
        "Actual Total Time": 1038.3,
        "Actual Rows": 2,
        "Actual Loops": 1,
        "Workers Planned": 1,
        "Workers Launched": 1,
        "Single Copy": false,
        "Plans": [
          {
            "Node Type": "Aggregate",
            "Strategy": "Plain",
            "Partial Mode": "Partial",
            "Parent Relationship": "Outer",
            "Parallel Aware": false,
            "Startup Cost": 143902.48,
            "Total Cost": 143902.49,
            "Plan Rows": 1,
            "Plan Width": 8,
            "Actual Startup Time": 1008.575,
            "Actual Total Time": 1008.582,
            "Actual Rows": 1,
            "Actual Loops": 2,
            "Plans": [
              {
                "Node Type": "Hash Join",
                "Parent Relationship": "Outer",
                "Parallel Aware": true,
                "Join Type": "Inner",
                "Startup Cost": 108329.52,
                "Total Cost": 143628.12,
                "Plan Rows": 109743,
                "Plan Width": 0,
                "Actual Startup Time": 686.162,
                "Actual Total Time": 957.682,
                "Actual Rows": 1025040,
                "Actual Loops": 2,
                "Inner Unique": false,
                "Hash Cond": "(mk.movie_id = t.id)",
                "Plans": [
                  {
                    "Node Type": "Bitmap Heap Scan",
                    "Parent Relationship": "Outer",
                    "Parallel Aware": true,
                    "Relation Name": "movie_keyword",
                    "Alias": "mk",
                    "Startup Cost": 22633.51,
                    "Total Cost": 54932.94,
                    "Plan Rows": 627634,
                    "Plan Width": 4,
                    "Actual Startup Time": 68.679,
                    "Actual Total Time": 172.511,
                    "Actual Rows": 531164,
                    "Actual Loops": 2,
                    "Recheck Cond": "(keyword_id > 16519)",
                    "Rows Removed by Index Recheck": 0,
                    "Exact Heap Blocks": 15548,
                    "Lossy Heap Blocks": 0,
                    "Plans": [
                      {
                        "Node Type": "Bitmap Index Scan",
                        "Parent Relationship": "Outer",
                        "Parallel Aware": false,
                        "Index Name": "keyword_id_movie_keyword",
                        "Startup Cost": 0.0,
                        "Total Cost": 22366.77,
                        "Plan Rows": 1066978,
                        "Plan Width": 0,
                        "Actual Startup Time": 65.084,
                        "Actual Total Time": 65.084,
                        "Actual Rows": 1062328,
                        "Actual Loops": 1,
                        "Index Cond": "(keyword_id > 16519)"
                      }
                    ]
                  },
                  {
                    "Node Type": "Hash",
                    "Parent Relationship": "Inner",
                    "Parallel Aware": true,
                    "Startup Cost": 82445.44,
                    "Total Cost": 82445.44,
                    "Plan Rows": 260045,
                    "Plan Width": 8,
                    "Actual Startup Time": 613.477,
                    "Actual Total Time": 613.482,
                    "Actual Rows": 438853,
                    "Actual Loops": 2,
                    "Hash Buckets": 1048576,
                    "Original Hash Buckets": 524288,
                    "Hash Batches": 1,
                    "Original Hash Batches": 1,
                    "Peak Memory Usage": 46656,
                    "Plans": [
                      {
                        "Node Type": "Hash Join",
                        "Parent Relationship": "Outer",
                        "Parallel Aware": true,
                        "Join Type": "Inner",
                        "Startup Cost": 64261.66,
                        "Total Cost": 82445.44,
                        "Plan Rows": 260045,
                        "Plan Width": 8,
                        "Actual Startup Time": 281.053,
                        "Actual Total Time": 501.708,
                        "Actual Rows": 438853,
                        "Actual Loops": 2,
                        "Inner Unique": true,
                        "Hash Cond": "(mi_idx.movie_id = t.id)",
                        "Plans": [
                          {
                            "Node Type": "Seq Scan",
                            "Parent Relationship": "Outer",
                            "Parallel Aware": true,
                            "Relation Name": "movie_info_idx",
                            "Alias": "mi_idx",
                            "Startup Cost": 0.0,
                            "Total Cost": 16052.85,
                            "Plan Rows": 811785,
                            "Plan Width": 4,
                            "Actual Startup Time": 0.02,
                            "Actual Total Time": 59.561,
                            "Actual Rows": 690018,
                            "Actual Loops": 2
                          },
                          {
                            "Node Type": "Hash",
                            "Parent Relationship": "Inner",
                            "Parallel Aware": true,
                            "Startup Cost": 58306.47,
                            "Total Cost": 58306.47,
                            "Plan Rows": 476415,
                            "Plan Width": 4,
                            "Actual Startup Time": 276.386,
                            "Actual Total Time": 276.387,
                            "Actual Rows": 421509,
                            "Actual Loops": 2,
                            "Hash Buckets": 1048576,
                            "Original Hash Buckets": 1048576,
                            "Hash Batches": 1,
                            "Original Hash Batches": 1,
                            "Peak Memory Usage": 41216,
                            "Plans": [
                              {
                                "Node Type": "Seq Scan",
                                "Parent Relationship": "Outer",
                                "Parallel Aware": true,
                                "Relation Name": "title",
                                "Alias": "t",
                                "Startup Cost": 0.0,
                                "Total Cost": 58306.47,
                                "Plan Rows": 476415,
                                "Plan Width": 4,
                                "Actual Startup Time": 0.034,
                                "Actual Total Time": 168.477,
                                "Actual Rows": 421509,
                                "Actual Loops": 2,
                                "Filter": "((kind_id < 7) AND (production_year < 2011))",
                                "Rows Removed by Filter": 842647
                              }
                            ]
                          }
                        ]
                      }
                    ]
                  }
                ]
              }
            ]
          }
        ]
      }
    ]
  },
  "Planning Time": 0.493,
  "Triggers": [],
  "Execution Time": 1038.366
}