[
  {
    "Plan": {
      "Node Type": "Aggregate",
      "Strategy": "Plain",
      "Partial Mode": "Finalize",
      "Parallel Aware": false,
      "Startup Cost": 455119.88,
      "Total Cost": 455119.89,
      "Plan Rows": 1,
      "Plan Width": 8,
      "Actual Startup Time": 2730.338,
      "Actual Total Time": 2790.23,
      "Actual Rows": 1,
      "Actual Loops": 1,
      "Plans": [
        {
          "Node Type": "Gather",
          "Parent Relationship": "Outer",
          "Parallel Aware": false,
          "Startup Cost": 455119.25,
          "Total Cost": 455119.86,
          "Plan Rows": 6,
          "Plan Width": 8,
          "Actual Startup Time": 2715.733,
          "Actual Total Time": 2790.218,
          "Actual Rows": 7,
          "Actual Loops": 1,
          "Workers Planned": 6,
          "Workers Launched": 6,
          "Single Copy": false,
          "Plans": [
            {
              "Node Type": "Aggregate",
              "Strategy": "Plain",
              "Partial Mode": "Partial",
              "Parent Relationship": "Outer",
              "Parallel Aware": false,
              "Startup Cost": 454119.25,
              "Total Cost": 454119.26,
              "Plan Rows": 1,
              "Plan Width": 8,
              "Actual Startup Time": 2704.735,
              "Actual Total Time": 2704.984,
              "Actual Rows": 1,
              "Actual Loops": 7,
              "Plans": [
                {
                  "Node Type": "Hash Join",
                  "Parent Relationship": "Outer",
                  "Parallel Aware": true,
                  "Join Type": "Inner",
                  "Startup Cost": 95770.27,
                  "Total Cost": 450048.57,
                  "Plan Rows": 1628272,
                  "Plan Width": 0,
                  "Actual Startup Time": 320.76,
                  "Actual Total Time": 2360.213,
                  "Actual Rows": 8690850,
                  "Actual Loops": 7,
                  "Inner Unique": false,
                  "Hash Cond": "(ci.movie_id = t.id)",
                  "Plans": [
                    {
                      "Node Type": "Seq Scan",
                      "Parent Relationship": "Outer",
                      "Parallel Aware": true,
                      "Relation Name": "cast_info",
                      "Alias": "ci",
                      "Startup Cost": 0.0,
                      "Total Cost": 328162.03,
                      "Plan Rows": 5563675,
                      "Plan Width": 4,
                      "Actual Startup Time": 0.02,
                      "Actual Total Time": 620.165,
                      "Actual Rows": 4787736,
                      "Actual Loops": 7,
                      "Filter": "(person_id < 3539933)",
                      "Rows Removed by Filter": 390027
                    },
                    {
                      "Node Type": "Hash",
                      "Parent Relationship": "Inner",
                      "Parallel Aware": true,
                      "Startup Cost": 92786.67,
                      "Total Cost": 92786.67,
                      "Plan Rows": 238688,
                      "Plan Width": 8,
                      "Actual Startup Time": 317.445,
                      "Actual Total Time": 317.693,
                      "Actual Rows": 171568,
                      "Actual Loops": 7,
                      "Hash Buckets": 2097152,
                      "Original Hash Buckets": 1048576,
                      "Hash Batches": 1,
                      "Original Hash Batches": 1,
                      "Peak Memory Usage": 71648,
                      "Plans": [
                        {
                          "Node Type": "Hash Join",
                          "Parent Relationship": "Outer",
                          "Parallel Aware": true,
                          "Join Type": "Inner",
                          "Startup Cost": 47179.17,
                          "Total Cost": 92786.67,
                          "Plan Rows": 238688,
                          "Plan Width": 8,
                          "Actual Startup Time": 116.549,
                          "Actual Total Time": 245.641,
                          "Actual Rows": 171568,
                          "Actual Loops": 7,
                          "Inner Unique": true,
                          "Hash Cond": "(mk.movie_id = t.id)",
                          "Plans": [
                            {
                              "Node Type": "Seq Scan",
                              "Parent Relationship": "Outer",
                              "Parallel Aware": true,
                              "Relation Name": "movie_keyword",
                              "Alias": "mk",
                              "Startup Cost": 0.0,
                              "Total Cost": 42695.65,
                              "Plan Rows": 1109275,
                              "Plan Width": 4,
                              "Actual Startup Time": 0.057,
                              "Actual Total Time": 71.521,
                              "Actual Rows": 489051,
                              "Actual Loops": 7,
                              "Filter": "(keyword_id > 1129)",
                              "Rows Removed by Filter": 157225
                            },
                            {
                              "Node Type": "Hash",
                              "Parent Relationship": "Inner",
                              "Parallel Aware": true,
                              "Startup Cost": 45479.1,
                              "Total Cost": 45479.1,
                              "Plan Rows": 136006,
                              "Plan Width": 4,
                              "Actual Startup Time": 114.889,
                              "Actual Total Time": 114.891,
                              "Actual Rows": 65687,
                              "Actual Loops": 7,
                              "Hash Buckets": 1048576,
                              "Original Hash Buckets": 1048576,
                              "Hash Batches": 1,
                              "Original Hash Batches": 1,
                              "Peak Memory Usage": 26336,
                              "Plans": [
                                {
                                  "Node Type": "Seq Scan",
                                  "Parent Relationship": "Outer",
                                  "Parallel Aware": true,
                                  "Relation Name": "title",
                                  "Alias": "t",
                                  "Startup Cost": 0.0,
                                  "Total Cost": 45479.1,
                                  "Plan Rows": 136006,
                                  "Plan Width": 4,
                                  "Actual Startup Time": 0.062,
                                  "Actual Total Time": 77.626,
                                  "Actual Rows": 65687,
                                  "Actual Loops": 7,
                                  "Filter": "((kind_id < 7) AND (production_year > 2000))",
                                  "Rows Removed by Filter": 295500
                                }
                              ]
                            }
                          ]
                        }
                      ]
                    }
                  ]
                }
              ]
            }
          ]
        }
      ]
    },
    "Planning Time": 1.351,
    "Triggers": [],
    "Execution Time": 2790.335
  }
]