[
  {
    "Plan": {
      "Node Type": "Aggregate",
      "Strategy": "Plain",
      "Partial Mode": "Finalize",
      "Parallel Aware": false,
      "Startup Cost": 546423.77,
      "Total Cost": 546423.78,
      "Plan Rows": 1,
      "Plan Width": 64,
      "Actual Startup Time": 3024.607,
      "Actual Total Time": 3144.924,
      "Actual Rows": 1,
      "Actual Loops": 1,
      "Plans": [
        {
          "Node Type": "Gather",
          "Parent Relationship": "Outer",
          "Parallel Aware": false,
          "Startup Cost": 546423.45,
          "Total Cost": 546423.76,
          "Plan Rows": 3,
          "Plan Width": 64,
          "Actual Startup Time": 3020.541,
          "Actual Total Time": 3144.913,
          "Actual Rows": 4,
          "Actual Loops": 1,
          "Workers Planned": 3,
          "Workers Launched": 3,
          "Single Copy": false,
          "Plans": [
            {
              "Node Type": "Aggregate",
              "Strategy": "Plain",
              "Partial Mode": "Partial",
              "Parent Relationship": "Outer",
              "Parallel Aware": false,
              "Startup Cost": 545423.45,
              "Total Cost": 545423.46,
              "Plan Rows": 1,
              "Plan Width": 64,
              "Actual Startup Time": 3012.775,
              "Actual Total Time": 3012.79,
              "Actual Rows": 1,
              "Actual Loops": 4,
              "Plans": [
                {
                  "Node Type": "Hash Join",
                  "Parent Relationship": "Outer",
                  "Parallel Aware": true,
                  "Join Type": "Inner",
                  "Startup Cost": 530029.44,
                  "Total Cost": 545423.34,
                  "Plan Rows": 21,
                  "Plan Width": 33,
                  "Actual Startup Time": 2913.608,
                  "Actual Total Time": 3002.469,
                  "Actual Rows": 121477,
                  "Actual Loops": 4,
                  "Inner Unique": false,
                  "Hash Cond": "(an.person_id = n.id)",
                  "Plans": [
                    {
                      "Node Type": "Seq Scan",
                      "Parent Relationship": "Outer",
                      "Parallel Aware": true,
                      "Relation Name": "aka_name",
                      "Alias": "an",
                      "Startup Cost": 0.0,
                      "Total Cost": 14303.56,
                      "Plan Rows": 290756,
                      "Plan Width": 20,
                      "Actual Startup Time": 0.018,
                      "Actual Total Time": 35.394,
                      "Actual Rows": 225336,
                      "Actual Loops": 4
                    },
                    {
                      "Node Type": "Hash",
                      "Parent Relationship": "Inner",
                      "Parallel Aware": true,
                      "Startup Cost": 530029.35,
                      "Total Cost": 530029.35,
                      "Plan Rows": 7,
                      "Plan Width": 25,
                      "Actual Startup Time": 2912.276,
                      "Actual Total Time": 2912.289,
                      "Actual Rows": 123919,
                      "Actual Loops": 4,
                      "Hash Buckets": 524288,
                      "Original Hash Buckets": 1024,
                      "Hash Batches": 1,
                      "Original Hash Batches": 1,
                      "Peak Memory Usage": 38264,
                      "Plans": [
                        {
                          "Node Type": "Hash Join",
                          "Parent Relationship": "Outer",
                          "Parallel Aware": true,
                          "Join Type": "Inner",
                          "Startup Cost": 460091.5,
                          "Total Cost": 530029.35,
                          "Plan Rows": 7,
                          "Plan Width": 25,
                          "Actual Startup Time": 2521.543,
                          "Actual Total Time": 2846.639,
                          "Actual Rows": 123919,
                          "Actual Loops": 4,
                          "Inner Unique": false,
                          "Hash Cond": "(n.id = ci.person_id)",
                          "Plans": [
                            {
                              "Node Type": "Seq Scan",
                              "Parent Relationship": "Outer",
                              "Parallel Aware": true,
                              "Relation Name": "name",
                              "Alias": "n",
                              "Startup Cost": 0.0,
                              "Total Cost": 66031.07,
                              "Plan Rows": 1041807,
                              "Plan Width": 4,
                              "Actual Startup Time": 0.016,
                              "Actual Total Time": 133.428,
                              "Actual Rows": 1041873,
                              "Actual Loops": 4
                            },
                            {
                              "Node Type": "Hash",
                              "Parent Relationship": "Inner",
                              "Parallel Aware": true,
                              "Startup Cost": 460091.43,
                              "Total Cost": 460091.43,
                              "Plan Rows": 5,
                              "Plan Width": 21,
                              "Actual Startup Time": 2521.398,
                              "Actual Total Time": 2521.409,
                              "Actual Rows": 123919,
                              "Actual Loops": 4,
                              "Hash Buckets": 524288,
                              "Original Hash Buckets": 1024,
                              "Hash Batches": 1,
                              "Original Hash Batches": 1,
                              "Peak Memory Usage": 36408,
                              "Plans": [
                                {
                                  "Node Type": "Hash Join",
                                  "Parent Relationship": "Outer",
                                  "Parallel Aware": true,
                                  "Join Type": "Inner",
                                  "Startup Cost": 124379.74,
                                  "Total Cost": 460091.43,
                                  "Plan Rows": 5,
                                  "Plan Width": 21,
                                  "Actual Startup Time": 603.617,
                                  "Actual Total Time": 2432.142,
                                  "Actual Rows": 123919,
                                  "Actual Loops": 4,
                                  "Inner Unique": false,
                                  "Hash Cond": "(ci.movie_id = t.id)",
                                  "Plans": [
                                    {
                                      "Node Type": "Seq Scan",
                                      "Parent Relationship": "Outer",
                                      "Parallel Aware": true,
                                      "Relation Name": "cast_info",
                                      "Alias": "ci",
                                      "Startup Cost": 0.0,
                                      "Total Cost": 313068.58,
                                      "Plan Rows": 6038158,
                                      "Plan Width": 8,
                                      "Actual Startup Time": 0.013,
                                      "Actual Total Time": 900.887,
                                      "Actual Rows": 9061086,
                                      "Actual Loops": 4
                                    },
                                    {
                                      "Node Type": "Hash",
                                      "Parent Relationship": "Inner",
                                      "Parallel Aware": true,
                                      "Startup Cost": 124379.73,
                                      "Total Cost": 124379.73,
                                      "Plan Rows": 1,
                                      "Plan Width": 29,
                                      "Actual Startup Time": 603.35,
                                      "Actual Total Time": 603.359,
                                      "Actual Rows": 1307,
                                      "Actual Loops": 4,
                                      "Hash Buckets": 4096,
                                      "Original Hash Buckets": 1024,
                                      "Hash Batches": 1,
                                      "Original Hash Batches": 1,
                                      "Peak Memory Usage": 440,
                                      "Plans": [
                                        {
                                          "Node Type": "Hash Join",
                                          "Parent Relationship": "Outer",
                                          "Parallel Aware": true,
                                          "Join Type": "Inner",
                                          "Startup Cost": 79691.04,
                                          "Total Cost": 124379.73,
                                          "Plan Rows": 1,
                                          "Plan Width": 29,
                                          "Actual Startup Time": 430.352,
                                          "Actual Total Time": 582.144,
                                          "Actual Rows": 1307,
                                          "Actual Loops": 4,
                                          "Inner Unique": false,
                                          "Hash Cond": "(t.id = mk.movie_id)",
                                          "Plans": [
                                            {
                                              "Node Type": "Seq Scan",
                                              "Parent Relationship": "Outer",
                                              "Parallel Aware": true,
                                              "Relation Name": "title",
                                              "Alias": "t",
                                              "Startup Cost": 0.0,
                                              "Total Cost": 42318.49,
                                              "Plan Rows": 632049,
                                              "Plan Width": 21,
                                              "Actual Startup Time": 0.022,
                                              "Actual Total Time": 90.608,
                                              "Actual Rows": 632078,
                                              "Actual Loops": 4
                                            },
                                            {
                                              "Node Type": "Hash",
                                              "Parent Relationship": "Inner",
                                              "Parallel Aware": true,
                                              "Startup Cost": 79691.03,
                                              "Total Cost": 79691.03,
                                              "Plan Rows": 1,
                                              "Plan Width": 8,
                                              "Actual Startup Time": 428.138,
                                              "Actual Total Time": 428.145,
                                              "Actual Rows": 1307,
                                              "Actual Loops": 4,
                                              "Hash Buckets": 4096,
                                              "Original Hash Buckets": 1024,
                                              "Hash Batches": 1,
                                              "Original Hash Batches": 1,
                                              "Peak Memory Usage": 344,
                                              "Plans": [
                                                {
                                                  "Node Type": "Hash Join",
                                                  "Parent Relationship": "Outer",
                                                  "Parallel Aware": true,
                                                  "Join Type": "Inner",
                                                  "Startup Cost": 50244.26,
                                                  "Total Cost": 79691.03,
                                                  "Plan Rows": 1,
                                                  "Plan Width": 8,
                                                  "Actual Startup Time": 271.791,
                                                  "Actual Total Time": 408.868,
                                                  "Actual Rows": 1307,
                                                  "Actual Loops": 4,
                                                  "Inner Unique": false,
                                                  "Hash Cond": "(mc.movie_id = mk.movie_id)",
                                                  "Plans": [
                                                    {
                                                      "Node Type": "Hash Join",
                                                      "Parent Relationship": "Outer",
                                                      "Parallel Aware": true,
                                                      "Join Type": "Inner",
                                                      "Startup Cost": 4739.79,
                                                      "Total Cost": 34155.73,
                                                      "Plan Rows": 8220,
                                                      "Plan Width": 4,
                                                      "Actual Startup Time": 12.192,
                                                      "Actual Total Time": 147.139,
                                                      "Actual Rows": 14102,
                                                      "Actual Loops": 4,
                                                      "Inner Unique": true,
                                                      "Hash Cond": "(mc.company_id = cn.id)",
                                                      "Plans": [
                                                        {
                                                          "Node Type": "Seq Scan",
                                                          "Parent Relationship": "Outer",
                                                          "Parallel Aware": true,
                                                          "Relation Name": "movie_companies",
                                                          "Alias": "mc",
                                                          "Startup Cost": 0.0,
                                                          "Total Cost": 27206.55,
                                                          "Plan Rows": 841655,
                                                          "Plan Width": 8,
                                                          "Actual Startup Time": 0.012,
                                                          "Actual Total Time": 75.009,
                                                          "Actual Rows": 652282,
                                                          "Actual Loops": 4
                                                        },
                                                        {
                                                          "Node Type": "Hash",
                                                          "Parent Relationship": "Inner",
                                                          "Parallel Aware": true,
                                                          "Startup Cost": 4722.92,
                                                          "Total Cost": 4722.92,
                                                          "Plan Rows": 1350,
                                                          "Plan Width": 4,
                                                          "Actual Startup Time": 12.119,
                                                          "Actual Total Time": 12.12,
                                                          "Actual Rows": 585,
                                                          "Actual Loops": 4,
                                                          "Hash Buckets": 4096,
                                                          "Original Hash Buckets": 4096,
                                                          "Hash Batches": 1,
                                                          "Original Hash Batches": 1,
                                                          "Peak Memory Usage": 160,
                                                          "Plans": [
                                                            {
                                                              "Node Type": "Seq Scan",
                                                              "Parent Relationship": "Outer",
                                                              "Parallel Aware": true,
                                                              "Relation Name": "company_name",
                                                              "Alias": "cn",
                                                              "Startup Cost": 0.0,
                                                              "Total Cost": 4722.92,
                                                              "Plan Rows": 1350,
                                                              "Plan Width": 4,
                                                              "Actual Startup Time": 0.031,
                                                              "Actual Total Time": 11.781,
                                                              "Actual Rows": 585,
                                                              "Actual Loops": 4,
                                                              "Filter": "((country_code)::text = '[nl]'::text)",
                                                              "Rows Removed by Filter": 58164
                                                            }
                                                          ]
                                                        }
                                                      ]
                                                    },
                                                    {
                                                      "Node Type": "Hash",
                                                      "Parent Relationship": "Inner",
                                                      "Parallel Aware": true,
                                                      "Startup Cost": 45504.33,
                                                      "Total Cost": 45504.33,
                                                      "Plan Rows": 11,
                                                      "Plan Width": 4,
                                                      "Actual Startup Time": 258.885,
                                                      "Actual Total Time": 258.887,
                                                      "Actual Rows": 10460,
                                                      "Actual Loops": 4,
                                                      "Hash Buckets": 65536,
                                                      "Original Hash Buckets": 1024,
                                                      "Hash Batches": 1,
                                                      "Original Hash Batches": 1,
                                                      "Peak Memory Usage": 2712,
                                                      "Plans": [
                                                        {
                                                          "Node Type": "Hash Join",
                                                          "Parent Relationship": "Outer",
                                                          "Parallel Aware": false,
                                                          "Join Type": "Inner",
                                                          "Startup Cost": 2626.14,
                                                          "Total Cost": 45504.33,
                                                          "Plan Rows": 11,
                                                          "Plan Width": 4,
                                                          "Actual Startup Time": 20.315,
                                                          "Actual Total Time": 223.872,
                                                          "Actual Rows": 10460,
                                                          "Actual Loops": 4,
                                                          "Inner Unique": true,
                                                          "Hash Cond": "(mk.keyword_id = k.id)",
                                                          "Plans": [
                                                            {
                                                              "Node Type": "Seq Scan",
                                                              "Parent Relationship": "Outer",
                                                              "Parallel Aware": true,
                                                              "Relation Name": "movie_keyword",
                                                              "Alias": "mk",
                                                              "Startup Cost": 0.0,
                                                              "Total Cost": 39047.32,
                                                              "Plan Rows": 1459332,
                                                              "Plan Width": 8,
                                                              "Actual Startup Time": 0.04,
                                                              "Actual Total Time": 119.14,
                                                              "Actual Rows": 1130982,
                                                              "Actual Loops": 4
                                                            },
                                                            {
                                                              "Node Type": "Hash",
                                                              "Parent Relationship": "Inner",
                                                              "Parallel Aware": false,
                                                              "Startup Cost": 2626.12,
                                                              "Total Cost": 2626.12,
                                                              "Plan Rows": 1,
                                                              "Plan Width": 4,
                                                              "Actual Startup Time": 20.212,
                                                              "Actual Total Time": 20.213,
                                                              "Actual Rows": 1,
                                                              "Actual Loops": 4,
                                                              "Hash Buckets": 1024,
                                                              "Original Hash Buckets": 1024,
                                                              "Hash Batches": 1,
                                                              "Original Hash Batches": 1,
                                                              "Peak Memory Usage": 9,
                                                              "Plans": [
                                                                {
                                                                  "Node Type": "Seq Scan",
                                                                  "Parent Relationship": "Outer",
                                                                  "Parallel Aware": false,
                                                                  "Relation Name": "keyword",
                                                                  "Alias": "k",
                                                                  "Startup Cost": 0.0,
                                                                  "Total Cost": 2626.12,
                                                                  "Plan Rows": 1,
                                                                  "Plan Width": 4,
                                                                  "Actual Startup Time": 1.367,
                                                                  "Actual Total Time": 20.193,
                                                                  "Actual Rows": 1,
                                                                  "Actual Loops": 4,
                                                                  "Filter": "(keyword = 'character-name-in-title'::text)",
                                                                  "Rows Removed by Filter": 134169
                                                                }
                                                              ]
                                                            }
                                                          ]
                                                        }
                                                      ]
                                                    }
                                                  ]
                                                }
                                              ]
                                            }
                                          ]
                                        }
                                      ]
                                    }
                                  ]
                                }
                              ]
                            }
                          ]
                        }
                      ]
                    }
                  ]
                }
              ]
            }
          ]
        }
      ]
    },
    "Planning Time": 18.37,
    "Triggers": [],
    "Execution Time": 3145.426
  }
]