[
  {
    "Plan": {
      "Node Type": "Aggregate",
      "Strategy": "Plain",
      "Partial Mode": "Simple",
      "Parallel Aware": false,
      "Startup Cost": 1199.34,
      "Total Cost": 1199.35,
      "Plan Rows": 1,
      "Plan Width": 8,
      "Actual Startup Time": 6.4,
      "Actual Total Time": 6.401,
      "Actual Rows": 1,
      "Actual Loops": 1,
      "Plans": [
        {
          "Node Type": "Nested Loop",
          "Parent Relationship": "Outer",
          "Parallel Aware": false,
          "Join Type": "Inner",
          "Startup Cost": 1.29,
          "Total Cost": 1199.08,
          "Plan Rows": 106,
          "Plan Width": 0,
          "Actual Startup Time": 5.631,
          "Actual Total Time": 6.363,
          "Actual Rows": 448,
          "Actual Loops": 1,
          "Inner Unique": false,
          "Plans": [
            {
              "Node Type": "Nested Loop",
              "Parent Relationship": "Outer",
              "Parallel Aware": false,
              "Join Type": "Inner",
              "Startup Cost": 0.86,
              "Total Cost": 1135.31,
              "Plan Rows": 18,
              "Plan Width": 8,
              "Actual Startup Time": 5.6,
              "Actual Total Time": 5.865,
              "Actual Rows": 7,
              "Actual Loops": 1,
              "Inner Unique": true,
              "Plans": [
                {
                  "Node Type": "Index Scan",
                  "Parent Relationship": "Outer",
                  "Parallel Aware": false,
                  "Scan Direction": "Forward",
                  "Index Name": "company_id_movie_companies",
                  "Relation Name": "movie_companies",
                  "Alias": "mc",
                  "Startup Cost": 0.43,
                  "Total Cost": 273.15,
                  "Plan Rows": 102,
                  "Plan Width": 4,
                  "Actual Startup Time": 0.158,
                  "Actual Total Time": 0.822,
                  "Actual Rows": 1081,
                  "Actual Loops": 1,
                  "Index Cond": "(company_id = 6083)",
                  "Rows Removed by Index Recheck": 0
                },
                {
                  "Node Type": "Index Scan",
                  "Parent Relationship": "Inner",
                  "Parallel Aware": false,
                  "Scan Direction": "Forward",
                  "Index Name": "title_pkey",
                  "Relation Name": "title",
                  "Alias": "t",
                  "Startup Cost": 0.43,
                  "Total Cost": 8.45,
                  "Plan Rows": 1,
                  "Plan Width": 4,
                  "Actual Startup Time": 0.004,
                  "Actual Total Time": 0.004,
                  "Actual Rows": 0,
                  "Actual Loops": 1081,
                  "Index Cond": "(id = mc.movie_id)",
                  "Rows Removed by Index Recheck": 0,
                  "Filter": "((kind_id < 2) AND (production_year < 2008))",
                  "Rows Removed by Filter": 1
                }
              ]
            },
            {
              "Node Type": "Index Only Scan",
              "Parent Relationship": "Inner",
              "Parallel Aware": false,
              "Scan Direction": "Forward",
              "Index Name": "movie_id_movie_info",
              "Relation Name": "movie_info",
              "Alias": "mi",
              "Startup Cost": 0.43,
              "Total Cost": 3.13,
              "Plan Rows": 41,
              "Plan Width": 4,
              "Actual Startup Time": 0.016,
              "Actual Total Time": 0.063,
              "Actual Rows": 64,
              "Actual Loops": 7,
              "Index Cond": "(movie_id = t.id)",
              "Rows Removed by Index Recheck": 0,
              "Heap Fetches": 448
            }
          ]
        }
      ]
    },
    "Planning Time": 0.699,
    "Triggers": [],
    "Execution Time": 6.442
  }
]