[
  {
    "Plan": {
      "Node Type": "Aggregate",
      "Strategy": "Plain",
      "Partial Mode": "Finalize",
      "Parallel Aware": false,
      "Startup Cost": 614144.96,
      "Total Cost": 614144.97,
      "Plan Rows": 1,
      "Plan Width": 8,
      "Actual Startup Time": 3481.154,
      "Actual Total Time": 3518.068,
      "Actual Rows": 1,
      "Actual Loops": 1,
      "Plans": [
        {
          "Node Type": "Gather",
          "Parent Relationship": "Outer",
          "Parallel Aware": false,
          "Startup Cost": 614144.34,
          "Total Cost": 614144.95,
          "Plan Rows": 6,
          "Plan Width": 8,
          "Actual Startup Time": 3469.162,
          "Actual Total Time": 3518.059,
          "Actual Rows": 7,
          "Actual Loops": 1,
          "Workers Planned": 6,
          "Workers Launched": 6,
          "Single Copy": false,
          "Plans": [
            {
              "Node Type": "Aggregate",
              "Strategy": "Plain",
              "Partial Mode": "Partial",
              "Parent Relationship": "Outer",
              "Parallel Aware": false,
              "Startup Cost": 613144.34,
              "Total Cost": 613144.35,
              "Plan Rows": 1,
              "Plan Width": 8,
              "Actual Startup Time": 3459.666,
              "Actual Total Time": 3459.67,
              "Actual Rows": 1,
              "Actual Loops": 7,
              "Plans": [
                {
                  "Node Type": "Hash Join",
                  "Parent Relationship": "Outer",
                  "Parallel Aware": true,
                  "Join Type": "Inner",
                  "Startup Cost": 254886.11,
                  "Total Cost": 600648.81,
                  "Plan Rows": 4998211,
                  "Plan Width": 0,
                  "Actual Startup Time": 750.272,
                  "Actual Total Time": 3127.412,
                  "Actual Rows": 7705517,
                  "Actual Loops": 7,
                  "Inner Unique": false,
                  "Hash Cond": "(ci.movie_id = t.id)",
                  "Plans": [
                    {
                      "Node Type": "Seq Scan",
                      "Parent Relationship": "Outer",
                      "Parallel Aware": true,
                      "Relation Name": "cast_info",
                      "Alias": "ci",
                      "Startup Cost": 0.0,
                      "Total Cost": 313108.29,
                      "Plan Rows": 6042129,
                      "Plan Width": 4,
                      "Actual Startup Time": 0.022,
                      "Actual Total Time": 490.278,
                      "Actual Rows": 5177763,
                      "Actual Loops": 7
                    },
                    {
                      "Node Type": "Hash",
                      "Parent Relationship": "Inner",
                      "Parallel Aware": true,
                      "Startup Cost": 249657.38,
                      "Total Cost": 249657.38,
                      "Plan Rows": 418299,
                      "Plan Width": 8,
                      "Actual Startup Time": 746.621,
                      "Actual Total Time": 746.625,
                      "Actual Rows": 208302,
                      "Actual Loops": 7,
                      "Hash Buckets": 2097152,
                      "Original Hash Buckets": 2097152,
                      "Hash Batches": 1,
                      "Original Hash Batches": 1,
                      "Peak Memory Usage": 73504,
                      "Plans": [
                        {
                          "Node Type": "Hash Join",
                          "Parent Relationship": "Outer",
                          "Parallel Aware": true,
                          "Join Type": "Inner",
                          "Startup Cost": 45563.04,
                          "Total Cost": 249657.38,
                          "Plan Rows": 418299,
                          "Plan Width": 8,
                          "Actual Startup Time": 131.358,
                          "Actual Total Time": 661.892,
                          "Actual Rows": 208302,
                          "Actual Loops": 7,
                          "Inner Unique": true,
                          "Hash Cond": "(mi.movie_id = t.id)",
                          "Plans": [
                            {
                              "Node Type": "Seq Scan",
                              "Parent Relationship": "Outer",
                              "Parallel Aware": true,
                              "Relation Name": "movie_info",
                              "Alias": "mi",
                              "Startup Cost": 0.0,
                              "Total Cost": 198880.74,
                              "Plan Rows": 1986127,
                              "Plan Width": 4,
                              "Actual Startup Time": 14.85,
                              "Actual Total Time": 315.502,
                              "Actual Rows": 1415965,
                              "Actual Loops": 7,
                              "Filter": "(info_type_id > 4)",
                              "Rows Removed by Filter": 703424
                            },
                            {
                              "Node Type": "Hash",
                              "Parent Relationship": "Inner",
                              "Parallel Aware": true,
                              "Startup Cost": 43899.01,
                              "Total Cost": 43899.01,
                              "Plan Rows": 133123,
                              "Plan Width": 4,
                              "Actual Startup Time": 115.143,
                              "Actual Total Time": 115.144,
                              "Actual Rows": 76196,
                              "Actual Loops": 7,
                              "Hash Buckets": 1048576,
                              "Original Hash Buckets": 1048576,
                              "Hash Batches": 1,
                              "Original Hash Batches": 1,
                              "Peak Memory Usage": 29152,
                              "Plans": [
                                {
                                  "Node Type": "Seq Scan",
                                  "Parent Relationship": "Outer",
                                  "Parallel Aware": true,
                                  "Relation Name": "title",
                                  "Alias": "t",
                                  "Startup Cost": 0.0,
                                  "Total Cost": 43899.01,
                                  "Plan Rows": 133123,
                                  "Plan Width": 4,
                                  "Actual Startup Time": 0.035,
                                  "Actual Total Time": 74.713,
                                  "Actual Rows": 76196,
                                  "Actual Loops": 7,
                                  "Filter": "(production_year > 2009)",
                                  "Rows Removed by Filter": 284992
                                }
                              ]
                            }
                          ]
                        }
                      ]
                    }
                  ]
                }
              ]
            }
          ]
        }
      ]
    },
    "Planning Time": 0.637,
    "Triggers": [],
    "Execution Time": 3518.122
  }
]