[
  {
    "Plan": {
      "Node Type": "Aggregate",
      "Strategy": "Plain",
      "Partial Mode": "Simple",
      "Parallel Aware": false,
      "Startup Cost": 9944.49,
      "Total Cost": 9944.5,
      "Plan Rows": 1,
      "Plan Width": 8,
      "Actual Startup Time": 4.466,
      "Actual Total Time": 4.467,
      "Actual Rows": 1,
      "Actual Loops": 1,
      "Plans": [
        {
          "Node Type": "Index Scan",
          "Parent Relationship": "Outer",
          "Parallel Aware": false,
          "Scan Direction": "Forward",
          "Index Name": "company_id_movie_companies",
          "Relation Name": "movie_companies",
          "Alias": "mc",
          "Startup Cost": 0.43,
          "Total Cost": 9939.16,
          "Plan Rows": 2134,
          "Plan Width": 0,
          "Actual Startup Time": 2.832,
          "Actual Total Time": 4.375,
          "Actual Rows": 1133,
          "Actual Loops": 1,
          "Index Cond": "(company_id = 419)",
          "Rows Removed by Index Recheck": 0,
          "Filter": "(company_type_id > 1)",
          "Rows Removed by Filter": 2396
        }
      ]
    },
    "Planning Time": 0.091,
    "Triggers": [],
    "Execution Time": 4.501
  }
]