[
  {
    "Plan": {
      "Node Type": "Aggregate",
      "Strategy": "Plain",
      "Partial Mode": "Simple",
      "Parallel Aware": false,
      "Startup Cost": 7971.69,
      "Total Cost": 7971.7,
      "Plan Rows": 1,
      "Plan Width": 8,
      "Actual Startup Time": 6.508,
      "Actual Total Time": 6.51,
      "Actual Rows": 1,
      "Actual Loops": 1,
      "Plans": [
        {
          "Node Type": "Index Scan",
          "Parent Relationship": "Outer",
          "Parallel Aware": false,
          "Scan Direction": "Forward",
          "Index Name": "company_id_movie_companies",
          "Relation Name": "movie_companies",
          "Alias": "mc",
          "Startup Cost": 0.43,
          "Total Cost": 7967.49,
          "Plan Rows": 1678,
          "Plan Width": 0,
          "Actual Startup Time": 3.976,
          "Actual Total Time": 6.3,
          "Actual Rows": 1133,
          "Actual Loops": 1,
          "Index Cond": "(company_id = 419)",
          "Rows Removed by Index Recheck": 0,
          "Filter": "(company_type_id > 1)",
          "Rows Removed by Filter": 2396
        }
      ]
    },
    "Planning Time": 0.183,
    "Triggers": [],
    "Execution Time": 6.56
  }
]