[
  {
    "Plan": {
      "Node Type": "Aggregate",
      "Strategy": "Plain",
      "Partial Mode": "Finalize",
      "Parallel Aware": false,
      "Startup Cost": 45536.59,
      "Total Cost": 45536.6,
      "Plan Rows": 1,
      "Plan Width": 8,
      "Actual Startup Time": 140.687,
      "Actual Total Time": 148.461,
      "Actual Rows": 1,
      "Actual Loops": 1,
      "Plans": [
        {
          "Node Type": "Gather",
          "Parent Relationship": "Outer",
          "Parallel Aware": false,
          "Startup Cost": 45536.27,
          "Total Cost": 45536.58,
          "Plan Rows": 3,
          "Plan Width": 8,
          "Actual Startup Time": 140.56,
          "Actual Total Time": 148.453,
          "Actual Rows": 4,
          "Actual Loops": 1,
          "Workers Planned": 3,
          "Workers Launched": 3,
          "Single Copy": false,
          "Plans": [
            {
              "Node Type": "Aggregate",
              "Strategy": "Plain",
              "Partial Mode": "Partial",
              "Parent Relationship": "Outer",
              "Parallel Aware": false,
              "Startup Cost": 44536.27,
              "Total Cost": 44536.28,
              "Plan Rows": 1,
              "Plan Width": 8,
              "Actual Startup Time": 133.996,
              "Actual Total Time": 133.997,
              "Actual Rows": 1,
              "Actual Loops": 4,
              "Plans": [
                {
                  "Node Type": "Seq Scan",
                  "Parent Relationship": "Outer",
                  "Parallel Aware": true,
                  "Relation Name": "movie_keyword",
                  "Alias": "mk",
                  "Startup Cost": 0.0,
                  "Total Cost": 42695.65,
                  "Plan Rows": 736247,
                  "Plan Width": 0,
                  "Actual Startup Time": 0.046,
                  "Actual Total Time": 108.014,
                  "Actual Rows": 570642,
                  "Actual Loops": 4,
                  "Filter": "(keyword_id < 4841)",
                  "Rows Removed by Filter": 560340
                }
              ]
            }
          ]
        }
      ]
    },
    "Planning Time": 0.18,
    "Triggers": [],
    "Execution Time": 148.583
  }
]