[
  {
    "Plan": {
      "Node Type": "Aggregate",
      "Strategy": "Plain",
      "Partial Mode": "Finalize",
      "Parallel Aware": false,
      "Startup Cost": 95372.84,
      "Total Cost": 95372.85,
      "Plan Rows": 1,
      "Plan Width": 8,
      "Actual Startup Time": 457.933,
      "Actual Total Time": 478.512,
      "Actual Rows": 1,
      "Actual Loops": 1,
      "Plans": [
        {
          "Node Type": "Gather",
          "Parent Relationship": "Outer",
          "Parallel Aware": false,
          "Startup Cost": 95372.63,
          "Total Cost": 95372.84,
          "Plan Rows": 2,
          "Plan Width": 8,
          "Actual Startup Time": 453.311,
          "Actual Total Time": 478.505,
          "Actual Rows": 3,
          "Actual Loops": 1,
          "Workers Planned": 2,
          "Workers Launched": 2,
          "Single Copy": false,
          "Plans": [
            {
              "Node Type": "Aggregate",
              "Strategy": "Plain",
              "Partial Mode": "Partial",
              "Parent Relationship": "Outer",
              "Parallel Aware": false,
              "Startup Cost": 94372.63,
              "Total Cost": 94372.64,
              "Plan Rows": 1,
              "Plan Width": 8,
              "Actual Startup Time": 447.051,
              "Actual Total Time": 447.056,
              "Actual Rows": 1,
              "Actual Loops": 3,
              "Plans": [
                {
                  "Node Type": "Hash Join",
                  "Parent Relationship": "Outer",
                  "Parallel Aware": true,
                  "Join Type": "Inner",
                  "Startup Cost": 78412.62,
                  "Total Cost": 94320.87,
                  "Plan Rows": 20704,
                  "Plan Width": 0,
                  "Actual Startup Time": 354.513,
                  "Actual Total Time": 445.729,
                  "Actual Rows": 24866,
                  "Actual Loops": 3,
                  "Inner Unique": false,
                  "Hash Cond": "(mi_idx.movie_id = t.id)",
                  "Plans": [
                    {
                      "Node Type": "Seq Scan",
                      "Parent Relationship": "Outer",
                      "Parallel Aware": true,
                      "Relation Name": "movie_info_idx",
                      "Alias": "mi_idx",
                      "Startup Cost": 0.0,
                      "Total Cost": 13685.15,
                      "Plan Rows": 575015,
                      "Plan Width": 4,
                      "Actual Startup Time": 0.014,
                      "Actual Total Time": 43.57,
                      "Actual Rows": 460012,
                      "Actual Loops": 3
                    },
                    {
                      "Node Type": "Hash",
                      "Parent Relationship": "Inner",
                      "Parallel Aware": true,
                      "Startup Cost": 78045.54,
                      "Total Cost": 78045.54,
                      "Plan Rows": 29367,
                      "Plan Width": 8,
                      "Actual Startup Time": 353.035,
                      "Actual Total Time": 353.039,
                      "Actual Rows": 22070,
                      "Actual Loops": 3,
                      "Hash Buckets": 131072,
                      "Original Hash Buckets": 131072,
                      "Hash Batches": 1,
                      "Original Hash Batches": 1,
                      "Peak Memory Usage": 3648,
                      "Plans": [
                        {
                          "Node Type": "Hash Join",
                          "Parent Relationship": "Outer",
                          "Parallel Aware": true,
                          "Join Type": "Inner",
                          "Startup Cost": 46385.75,
                          "Total Cost": 78045.54,
                          "Plan Rows": 29367,
                          "Plan Width": 8,
                          "Actual Startup Time": 276.848,
                          "Actual Total Time": 342.994,
                          "Actual Rows": 22070,
                          "Actual Loops": 3,
                          "Inner Unique": true,
                          "Hash Cond": "(mc.movie_id = t.id)",
                          "Plans": [
                            {
                              "Node Type": "Seq Scan",
                              "Parent Relationship": "Outer",
                              "Parallel Aware": true,
                              "Relation Name": "movie_companies",
                              "Alias": "mc",
                              "Startup Cost": 0.0,
                              "Total Cost": 31414.82,
                              "Plan Rows": 93323,
                              "Plan Width": 4,
                              "Actual Startup Time": 41.896,
                              "Actual Total Time": 83.417,
                              "Actual Rows": 48689,
                              "Actual Loops": 3,
                              "Filter": "((company_id < 596) AND (company_type_id = 2))",
                              "Rows Removed by Filter": 821020
                            },
                            {
                              "Node Type": "Hash",
                              "Parent Relationship": "Inner",
                              "Parallel Aware": true,
                              "Startup Cost": 43899.32,
                              "Total Cost": 43899.32,
                              "Plan Rows": 198914,
                              "Plan Width": 4,
                              "Actual Startup Time": 231.101,
                              "Actual Total Time": 231.102,
                              "Actual Rows": 270901,
                              "Actual Loops": 3,
                              "Hash Buckets": 1048576,
                              "Original Hash Buckets": 1048576,
                              "Hash Batches": 1,
                              "Original Hash Batches": 1,
                              "Peak Memory Usage": 40032,
                              "Plans": [
                                {
                                  "Node Type": "Seq Scan",
                                  "Parent Relationship": "Outer",
                                  "Parallel Aware": true,
                                  "Relation Name": "title",
                                  "Alias": "t",
                                  "Startup Cost": 0.0,
                                  "Total Cost": 43899.32,
                                  "Plan Rows": 198914,
                                  "Plan Width": 4,
                                  "Actual Startup Time": 0.022,
                                  "Actual Total Time": 133.688,
                                  "Actual Rows": 270901,
                                  "Actual Loops": 3,
                                  "Filter": "(production_year < 1995)",
                                  "Rows Removed by Filter": 571869
                                }
                              ]
                            }
                          ]
                        }
                      ]
                    }
                  ]
                }
              ]
            }
          ]
        }
      ]
    },
    "Planning Time": 0.697,
    "Triggers": [],
    "Execution Time": 478.568
  }
]