[
  {
    "Plan": {
      "Node Type": "Aggregate",
      "Strategy": "Plain",
      "Partial Mode": "Finalize",
      "Parallel Aware": false,
      "Startup Cost": 147985.51,
      "Total Cost": 147985.52,
      "Plan Rows": 1,
      "Plan Width": 8,
      "Actual Startup Time": 1028.002,
      "Actual Total Time": 1080.543,
      "Actual Rows": 1,
      "Actual Loops": 1,
      "Plans": [
        {
          "Node Type": "Gather",
          "Parent Relationship": "Outer",
          "Parallel Aware": false,
          "Startup Cost": 147985.09,
          "Total Cost": 147985.5,
          "Plan Rows": 4,
          "Plan Width": 8,
          "Actual Startup Time": 1026.082,
          "Actual Total Time": 1080.528,
          "Actual Rows": 5,
          "Actual Loops": 1,
          "Workers Planned": 4,
          "Workers Launched": 4,
          "Single Copy": false,
          "Plans": [
            {
              "Node Type": "Aggregate",
              "Strategy": "Plain",
              "Partial Mode": "Partial",
              "Parent Relationship": "Outer",
              "Parallel Aware": false,
              "Startup Cost": 146985.09,
              "Total Cost": 146985.1,
              "Plan Rows": 1,
              "Plan Width": 8,
              "Actual Startup Time": 1021.583,
              "Actual Total Time": 1021.641,
              "Actual Rows": 1,
              "Actual Loops": 5,
              "Plans": [
                {
                  "Node Type": "Nested Loop",
                  "Parent Relationship": "Outer",
                  "Parallel Aware": false,
                  "Join Type": "Inner",
                  "Startup Cost": 31804.91,
                  "Total Cost": 146900.34,
                  "Plan Rows": 33899,
                  "Plan Width": 0,
                  "Actual Startup Time": 99.396,
                  "Actual Total Time": 1006.741,
                  "Actual Rows": 268033,
                  "Actual Loops": 5,
                  "Inner Unique": false,
                  "Plans": [
                    {
                      "Node Type": "Hash Join",
                      "Parent Relationship": "Outer",
                      "Parallel Aware": true,
                      "Join Type": "Inner",
                      "Startup Cost": 31804.47,
                      "Total Cost": 77911.35,
                      "Plan Rows": 38461,
                      "Plan Width": 8,
                      "Actual Startup Time": 99.285,
                      "Actual Total Time": 276.31,
                      "Actual Rows": 63795,
                      "Actual Loops": 5,
                      "Inner Unique": false,
                      "Hash Cond": "(t.id = mc.movie_id)",
                      "Plans": [
                        {
                          "Node Type": "Seq Scan",
                          "Parent Relationship": "Outer",
                          "Parallel Aware": true,
                          "Relation Name": "title",
                          "Alias": "t",
                          "Startup Cost": 0.0,
                          "Total Cost": 43899.01,
                          "Plan Rows": 416761,
                          "Plan Width": 4,
                          "Actual Startup Time": 0.008,
                          "Actual Total Time": 73.966,
                          "Actual Rows": 334258,
                          "Actual Loops": 5,
                          "Filter": "(production_year < 2008)",
                          "Rows Removed by Filter": 171404
                        },
                        {
                          "Node Type": "Hash",
                          "Parent Relationship": "Inner",
                          "Parallel Aware": true,
                          "Startup Cost": 30863.63,
                          "Total Cost": 30863.63,
                          "Plan Rows": 75267,
                          "Plan Width": 4,
                          "Actual Startup Time": 89.235,
                          "Actual Total Time": 89.237,
                          "Actual Rows": 92228,
                          "Actual Loops": 5,
                          "Hash Buckets": 524288,
                          "Original Hash Buckets": 262144,
                          "Hash Batches": 1,
                          "Original Hash Batches": 1,
                          "Peak Memory Usage": 24288,
                          "Plans": [
                            {
                              "Node Type": "Bitmap Heap Scan",
                              "Parent Relationship": "Outer",
                              "Parallel Aware": true,
                              "Relation Name": "movie_companies",
                              "Alias": "mc",
                              "Startup Cost": 9859.17,
                              "Total Cost": 30863.63,
                              "Plan Rows": 75267,
                              "Plan Width": 4,
                              "Actual Startup Time": 22.531,
                              "Actual Total Time": 54.164,
                              "Actual Rows": 92228,
                              "Actual Loops": 5,
                              "Recheck Cond": "(company_id > 76534)",
                              "Rows Removed by Index Recheck": 0,
                              "Filter": "(company_type_id > 1)",
                              "Rows Removed by Filter": 0,
                              "Exact Heap Blocks": 2399,
                              "Lossy Heap Blocks": 0,
                              "Plans": [
                                {
                                  "Node Type": "Bitmap Index Scan",
                                  "Parent Relationship": "Outer",
                                  "Parallel Aware": false,
                                  "Index Name": "company_id_movie_companies",
                                  "Startup Cost": 0.0,
                                  "Total Cost": 9800.84,
                                  "Plan Rows": 457655,
                                  "Plan Width": 0,
                                  "Actual Startup Time": 24.089,
                                  "Actual Total Time": 24.09,
                                  "Actual Rows": 461139,
                                  "Actual Loops": 1,
                                  "Index Cond": "(company_id > 76534)"
                                }
                              ]
                            }
                          ]
                        }
                      ]
                    },
                    {
                      "Node Type": "Index Scan",
                      "Parent Relationship": "Inner",
                      "Parallel Aware": false,
                      "Scan Direction": "Forward",
                      "Index Name": "movie_id_movie_info",
                      "Relation Name": "movie_info",
                      "Alias": "mi",
                      "Startup Cost": 0.43,
                      "Total Cost": 1.73,
                      "Plan Rows": 6,
                      "Plan Width": 4,
                      "Actual Startup Time": 0.007,
                      "Actual Total Time": 0.011,
                      "Actual Rows": 4,
                      "Actual Loops": 318976,
                      "Index Cond": "(movie_id = t.id)",
                      "Rows Removed by Index Recheck": 0,
                      "Filter": "(info_type_id > 16)",
                      "Rows Removed by Filter": 13
                    }
                  ]
                }
              ]
            }
          ]
        }
      ]
    },
    "Planning Time": 0.471,
    "Triggers": [],
    "Execution Time": 1080.608
  }
]