{
  "Plan": {
    "Node Type": "Aggregate",
    "Strategy": "Plain",
    "Partial Mode": "Finalize",
    "Parallel Aware": false,
    "Startup Cost": 611547.96,
    "Total Cost": 611547.97,
    "Plan Rows": 1,
    "Plan Width": 8,
    "Actual Startup Time": 3084.375,
    "Actual Total Time": 3106.745,
    "Actual Rows": 1,
    "Actual Loops": 1,
    "Plans": [
      {
        "Node Type": "Gather",
        "Parent Relationship": "Outer",
        "Parallel Aware": false,
        "Startup Cost": 611547.85,
        "Total Cost": 611547.96,
        "Plan Rows": 1,
        "Plan Width": 8,
        "Actual Startup Time": 3081.247,
        "Actual Total Time": 3106.733,
        "Actual Rows": 2,
        "Actual Loops": 1,
        "Workers Planned": 1,
        "Workers Launched": 1,
        "Single Copy": false,
        "Plans": [
          {
            "Node Type": "Aggregate",
            "Strategy": "Plain",
            "Partial Mode": "Partial",
            "Parent Relationship": "Outer",
            "Parallel Aware": false,
            "Startup Cost": 610547.85,
            "Total Cost": 610547.86,
            "Plan Rows": 1,
            "Plan Width": 8,
            "Actual Startup Time": 3074.076,
            "Actual Total Time": 3074.088,
            "Actual Rows": 1,
            "Actual Loops": 2,
            "Plans": [
              {
                "Node Type": "Hash Join",
                "Parent Relationship": "Outer",
                "Parallel Aware": true,
                "Join Type": "Inner",
                "Startup Cost": 275558.98,
                "Total Cost": 607898.27,
                "Plan Rows": 1059829,
                "Plan Width": 0,
                "Actual Startup Time": 1038.423,
                "Actual Total Time": 2718.064,
                "Actual Rows": 8935260,
                "Actual Loops": 2,
                "Inner Unique": false,
                "Hash Cond": "(ci.movie_id = t.id)",
                "Plans": [
                  {
                    "Node Type": "Bitmap Heap Scan",
                    "Parent Relationship": "Outer",
                    "Parallel Aware": true,
                    "Relation Name": "cast_info",
                    "Alias": "ci",
                    "Startup Cost": 153922.21,
                    "Total Cost": 468266.6,
                    "Plan Rows": 3136168,
                    "Plan Width": 4,
                    "Actual Startup Time": 284.887,
                    "Actual Total Time": 790.911,
                    "Actual Rows": 3151372,
                    "Actual Loops": 2,
                    "Recheck Cond": "(person_id < 691859)",
                    "Rows Removed by Index Recheck": 0,
                    "Filter": "(role_id < 6)",
                    "Rows Removed by Filter": 427143,
                    "Exact Heap Blocks": 38674,
                    "Lossy Heap Blocks": 0,
                    "Plans": [
                      {
                        "Node Type": "Bitmap Index Scan",
                        "Parent Relationship": "Outer",
                        "Parallel Aware": false,
                        "Index Name": "person_id_cast_info",
                        "Startup Cost": 0.0,
                        "Total Cost": 152589.34,
                        "Plan Rows": 6987837,
                        "Plan Width": 0,
                        "Actual Startup Time": 271.618,
                        "Actual Total Time": 271.62,
                        "Actual Rows": 7157030,
                        "Actual Loops": 1,
                        "Index Cond": "(person_id < 691859)"
                      }
                    ]
                  },
                  {
                    "Node Type": "Hash",
                    "Parent Relationship": "Inner",
                    "Parallel Aware": true,
                    "Startup Cost": 115354.38,
                    "Total Cost": 115354.38,
                    "Plan Rows": 502591,
                    "Plan Width": 8,
                    "Actual Startup Time": 744.846,
                    "Actual Total Time": 744.855,
                    "Actual Rows": 782758,
                    "Actual Loops": 2,
                    "Hash Buckets": 2097152,
                    "Original Hash Buckets": 1048576,
                    "Hash Batches": 1,
                    "Original Hash Batches": 1,
                    "Peak Memory Usage": 85856,
                    "Plans": [
                      {
                        "Node Type": "Hash Join",
                        "Parent Relationship": "Outer",
                        "Parallel Aware": true,
                        "Join Type": "Inner",
                        "Startup Cost": 57303.53,
                        "Total Cost": 115354.38,
                        "Plan Rows": 502591,
                        "Plan Width": 8,
                        "Actual Startup Time": 219.543,
                        "Actual Total Time": 572.431,
                        "Actual Rows": 782758,
                        "Actual Loops": 2,
                        "Inner Unique": true,
                        "Hash Cond": "(mk.movie_id = t.id)",
                        "Plans": [
                          {
                            "Node Type": "Seq Scan",
                            "Parent Relationship": "Outer",
                            "Parallel Aware": true,
                            "Relation Name": "movie_keyword",
                            "Alias": "mk",
                            "Startup Cost": 0.0,
                            "Total Cost": 51065.35,
                            "Plan Rows": 2661135,
                            "Plan Width": 4,
                            "Actual Startup Time": 0.014,
                            "Actual Total Time": 162.593,
                            "Actual Rows": 2261965,
                            "Actual Loops": 2
                          },
                          {
                            "Node Type": "Hash",
                            "Parent Relationship": "Inner",
                            "Parallel Aware": true,
                            "Startup Cost": 53792.48,
                            "Total Cost": 53792.48,
                            "Plan Rows": 280884,
                            "Plan Width": 4,
                            "Actual Startup Time": 148.68,
                            "Actual Total Time": 148.682,
                            "Actual Rows": 175272,
                            "Actual Loops": 2,
                            "Hash Buckets": 524288,
                            "Original Hash Buckets": 524288,
                            "Hash Batches": 1,
                            "Original Hash Batches": 1,
                            "Peak Memory Usage": 17856,
                            "Plans": [
                              {
                                "Node Type": "Bitmap Heap Scan",
                                "Parent Relationship": "Outer",
                                "Parallel Aware": true,
                                "Relation Name": "title",
                                "Alias": "t",
                                "Startup Cost": 11942.23,
                                "Total Cost": 53792.48,
                                "Plan Rows": 280884,
                                "Plan Width": 4,
                                "Actual Startup Time": 28.11,
                                "Actual Total Time": 97.713,
                                "Actual Rows": 175272,
                                "Actual Loops": 2,
                                "Recheck Cond": "(kind_id = 1)",
                                "Rows Removed by Index Recheck": 0,
                                "Filter": "(production_year > 1987)",
                                "Rows Removed by Filter": 156140,
                                "Exact Heap Blocks": 7782,
                                "Lossy Heap Blocks": 0,
                                "Plans": [
                                  {
                                    "Node Type": "Bitmap Index Scan",
                                    "Parent Relationship": "Outer",
                                    "Parallel Aware": false,
                                    "Index Name": "kind_id_title",
                                    "Startup Cost": 0.0,
                                    "Total Cost": 11822.85,
                                    "Plan Rows": 663256,
                                    "Plan Width": 0,
                                    "Actual Startup Time": 26.145,
                                    "Actual Total Time": 26.146,
                                    "Actual Rows": 662825,
                                    "Actual Loops": 1,
                                    "Index Cond": "(kind_id = 1)"
                                  }
                                ]
                              }
                            ]
                          }
                        ]
                      }
                    ]
                  }
                ]
              }
            ]
          }
        ]
      }
    ]
  },
  "Planning Time": 0.956,
  "Triggers": [],
  "Execution Time": 3106.863
}