[
  {
    "Plan": {
      "Node Type": "Aggregate",
      "Strategy": "Plain",
      "Partial Mode": "Finalize",
      "Parallel Aware": false,
      "Startup Cost": 30907.57,
      "Total Cost": 30907.58,
      "Plan Rows": 1,
      "Plan Width": 8,
      "Actual Startup Time": 104.62,
      "Actual Total Time": 114.292,
      "Actual Rows": 1,
      "Actual Loops": 1,
      "Plans": [
        {
          "Node Type": "Gather",
          "Parent Relationship": "Outer",
          "Parallel Aware": false,
          "Startup Cost": 30907.25,
          "Total Cost": 30907.56,
          "Plan Rows": 3,
          "Plan Width": 8,
          "Actual Startup Time": 104.453,
          "Actual Total Time": 114.279,
          "Actual Rows": 4,
          "Actual Loops": 1,
          "Workers Planned": 3,
          "Workers Launched": 3,
          "Single Copy": false,
          "Plans": [
            {
              "Node Type": "Aggregate",
              "Strategy": "Plain",
              "Partial Mode": "Partial",
              "Parent Relationship": "Outer",
              "Parallel Aware": false,
              "Startup Cost": 29907.25,
              "Total Cost": 29907.26,
              "Plan Rows": 1,
              "Plan Width": 8,
              "Actual Startup Time": 96.548,
              "Actual Total Time": 96.549,
              "Actual Rows": 1,
              "Actual Loops": 4,
              "Plans": [
                {
                  "Node Type": "Seq Scan",
                  "Parent Relationship": "Outer",
                  "Parallel Aware": true,
                  "Relation Name": "movie_companies",
                  "Alias": "mc",
                  "Startup Cost": 0.0,
                  "Total Cost": 29310.68,
                  "Plan Rows": 238629,
                  "Plan Width": 0,
                  "Actual Startup Time": 31.21,
                  "Actual Total Time": 87.065,
                  "Actual Rows": 183567,
                  "Actual Loops": 4,
                  "Filter": "(company_id > 39824)",
                  "Rows Removed by Filter": 468715
                }
              ]
            }
          ]
        }
      ]
    },
    "Planning Time": 0.173,
    "Triggers": [],
    "Execution Time": 114.343
  }
]