[
  {
    "Plan": {
      "Node Type": "Aggregate",
      "Strategy": "Plain",
      "Partial Mode": "Finalize",
      "Parallel Aware": false,
      "Startup Cost": 30891.33,
      "Total Cost": 30891.34,
      "Plan Rows": 1,
      "Plan Width": 8,
      "Actual Startup Time": 94.795,
      "Actual Total Time": 102.527,
      "Actual Rows": 1,
      "Actual Loops": 1,
      "Plans": [
        {
          "Node Type": "Gather",
          "Parent Relationship": "Outer",
          "Parallel Aware": false,
          "Startup Cost": 30891.01,
          "Total Cost": 30891.32,
          "Plan Rows": 3,
          "Plan Width": 8,
          "Actual Startup Time": 94.675,
          "Actual Total Time": 102.517,
          "Actual Rows": 4,
          "Actual Loops": 1,
          "Workers Planned": 3,
          "Workers Launched": 3,
          "Single Copy": false,
          "Plans": [
            {
              "Node Type": "Aggregate",
              "Strategy": "Plain",
              "Partial Mode": "Partial",
              "Parent Relationship": "Outer",
              "Parallel Aware": false,
              "Startup Cost": 29891.01,
              "Total Cost": 29891.02,
              "Plan Rows": 1,
              "Plan Width": 8,
              "Actual Startup Time": 88.105,
              "Actual Total Time": 88.106,
              "Actual Rows": 1,
              "Actual Loops": 4,
              "Plans": [
                {
                  "Node Type": "Seq Scan",
                  "Parent Relationship": "Outer",
                  "Parallel Aware": true,
                  "Relation Name": "movie_companies",
                  "Alias": "mc",
                  "Startup Cost": 0.0,
                  "Total Cost": 29310.68,
                  "Plan Rows": 232131,
                  "Plan Width": 0,
                  "Actual Startup Time": 29.505,
                  "Actual Total Time": 79.724,
                  "Actual Rows": 183567,
                  "Actual Loops": 4,
                  "Filter": "(company_id > 39824)",
                  "Rows Removed by Filter": 468715
                }
              ]
            }
          ]
        }
      ]
    },
    "Planning Time": 0.193,
    "Triggers": [],
    "Execution Time": 102.586
  }
]