[
  {
    "Plan": {
      "Node Type": "Aggregate",
      "Strategy": "Plain",
      "Partial Mode": "Finalize",
      "Parallel Aware": false,
      "Startup Cost": 462967.74,
      "Total Cost": 462967.75,
      "Plan Rows": 1,
      "Plan Width": 8,
      "Actual Startup Time": 5375.924,
      "Actual Total Time": 5446.285,
      "Actual Rows": 1,
      "Actual Loops": 1,
      "Plans": [
        {
          "Node Type": "Gather",
          "Parent Relationship": "Outer",
          "Parallel Aware": false,
          "Startup Cost": 462967.42,
          "Total Cost": 462967.73,
          "Plan Rows": 3,
          "Plan Width": 8,
          "Actual Startup Time": 5303.691,
          "Actual Total Time": 5446.268,
          "Actual Rows": 4,
          "Actual Loops": 1,
          "Workers Planned": 3,
          "Workers Launched": 3,
          "Single Copy": false,
          "Plans": [
            {
              "Node Type": "Aggregate",
              "Strategy": "Plain",
              "Partial Mode": "Partial",
              "Parent Relationship": "Outer",
              "Parallel Aware": false,
              "Startup Cost": 461967.42,
              "Total Cost": 461967.43,
              "Plan Rows": 1,
              "Plan Width": 8,
              "Actual Startup Time": 5283.742,
              "Actual Total Time": 5286.072,
              "Actual Rows": 1,
              "Actual Loops": 4,
              "Plans": [
                {
                  "Node Type": "Hash Join",
                  "Parent Relationship": "Outer",
                  "Parallel Aware": true,
                  "Join Type": "Inner",
                  "Startup Cost": 397788.71,
                  "Total Cost": 452024.22,
                  "Plan Rows": 3977279,
                  "Plan Width": 0,
                  "Actual Startup Time": 3573.887,
                  "Actual Total Time": 4769.101,
                  "Actual Rows": 11734019,
                  "Actual Loops": 4,
                  "Inner Unique": false,
                  "Hash Cond": "(mk.movie_id = t.id)",
                  "Plans": [
                    {
                      "Node Type": "Seq Scan",
                      "Parent Relationship": "Outer",
                      "Parallel Aware": true,
                      "Relation Name": "movie_keyword",
                      "Alias": "mk",
                      "Startup Cost": 0.0,
                      "Total Cost": 42695.65,
                      "Plan Rows": 1309615,
                      "Plan Width": 4,
                      "Actual Startup Time": 0.034,
                      "Actual Total Time": 122.158,
                      "Actual Rows": 1016090,
                      "Actual Loops": 4,
                      "Filter": "(keyword_id < 38622)",
                      "Rows Removed by Filter": 114893
                    },
                    {
                      "Node Type": "Hash",
                      "Parent Relationship": "Inner",
                      "Parallel Aware": true,
                      "Startup Cost": 381791.25,
                      "Total Cost": 381791.25,
                      "Plan Rows": 1279797,
                      "Plan Width": 8,
                      "Actual Startup Time": 3555.445,
                      "Actual Total Time": 3557.772,
                      "Actual Rows": 1908180,
                      "Actual Loops": 4,
                      "Hash Buckets": 8388608,
                      "Original Hash Buckets": 8388608,
                      "Hash Batches": 1,
                      "Original Hash Batches": 1,
                      "Peak Memory Usage": 364192,
                      "Plans": [
                        {
                          "Node Type": "Hash Join",
                          "Parent Relationship": "Outer",
                          "Parallel Aware": true,
                          "Join Type": "Inner",
                          "Startup Cost": 50220.38,
                          "Total Cost": 381791.25,
                          "Plan Rows": 1279797,
                          "Plan Width": 8,
                          "Actual Startup Time": 1308.131,
                          "Actual Total Time": 2733.441,
                          "Actual Rows": 1908180,
                          "Actual Loops": 4,
                          "Inner Unique": true,
                          "Hash Cond": "(ci.movie_id = t.id)",
                          "Plans": [
                            {
                              "Node Type": "Seq Scan",
                              "Parent Relationship": "Outer",
                              "Parallel Aware": true,
                              "Relation Name": "cast_info",
                              "Alias": "ci",
                              "Startup Cost": 0.0,
                              "Total Cost": 328211.39,
                              "Plan Rows": 1279797,
                              "Plan Width": 4,
                              "Actual Startup Time": 762.787,
                              "Actual Total Time": 1201.312,
                              "Actual Rows": 1908180,
                              "Actual Loops": 4,
                              "Filter": "(person_id > 2912065)",
                              "Rows Removed by Filter": 7152906
                            },
                            {
                              "Node Type": "Hash",
                              "Parent Relationship": "Inner",
                              "Parallel Aware": true,
                              "Startup Cost": 42319.06,
                              "Total Cost": 42319.06,
                              "Plan Rows": 632106,
                              "Plan Width": 4,
                              "Actual Startup Time": 536.608,
                              "Actual Total Time": 536.61,
                              "Actual Rows": 632078,
                              "Actual Loops": 4,
                              "Hash Buckets": 4194304,
                              "Original Hash Buckets": 4194304,
                              "Hash Batches": 1,
                              "Original Hash Batches": 1,
                              "Peak Memory Usage": 131712,
                              "Plans": [
                                {
                                  "Node Type": "Seq Scan",
                                  "Parent Relationship": "Outer",
                                  "Parallel Aware": true,
                                  "Relation Name": "title",
                                  "Alias": "t",
                                  "Startup Cost": 0.0,
                                  "Total Cost": 42319.06,
                                  "Plan Rows": 632106,
                                  "Plan Width": 4,
                                  "Actual Startup Time": 0.08,
                                  "Actual Total Time": 154.314,
                                  "Actual Rows": 632078,
                                  "Actual Loops": 4
                                }
                              ]
                            }
                          ]
                        }
                      ]
                    }
                  ]
                }
              ]
            }
          ]
        }
      ]
    },
    "Planning Time": 0.592,
    "Triggers": [],
    "Execution Time": 5446.342
  }
]