[
  {
    "Plan": {
      "Node Type": "Aggregate",
      "Strategy": "Plain",
      "Partial Mode": "Finalize",
      "Parallel Aware": false,
      "Startup Cost": 462993.95,
      "Total Cost": 462993.96,
      "Plan Rows": 1,
      "Plan Width": 8,
      "Actual Startup Time": 5492.37,
      "Actual Total Time": 5572.052,
      "Actual Rows": 1,
      "Actual Loops": 1,
      "Plans": [
        {
          "Node Type": "Gather",
          "Parent Relationship": "Outer",
          "Parallel Aware": false,
          "Startup Cost": 462993.63,
          "Total Cost": 462993.94,
          "Plan Rows": 3,
          "Plan Width": 8,
          "Actual Startup Time": 5449.674,
          "Actual Total Time": 5572.039,
          "Actual Rows": 4,
          "Actual Loops": 1,
          "Workers Planned": 3,
          "Workers Launched": 3,
          "Single Copy": false,
          "Plans": [
            {
              "Node Type": "Aggregate",
              "Strategy": "Plain",
              "Partial Mode": "Partial",
              "Parent Relationship": "Outer",
              "Parallel Aware": false,
              "Startup Cost": 461993.63,
              "Total Cost": 461993.64,
              "Plan Rows": 1,
              "Plan Width": 8,
              "Actual Startup Time": 5423.049,
              "Actual Total Time": 5424.996,
              "Actual Rows": 1,
              "Actual Loops": 4,
              "Plans": [
                {
                  "Node Type": "Hash Join",
                  "Parent Relationship": "Outer",
                  "Parallel Aware": true,
                  "Join Type": "Inner",
                  "Startup Cost": 397799.14,
                  "Total Cost": 452035.92,
                  "Plan Rows": 3983087,
                  "Plan Width": 0,
                  "Actual Startup Time": 3492.706,
                  "Actual Total Time": 4841.634,
                  "Actual Rows": 11734019,
                  "Actual Loops": 4,
                  "Inner Unique": false,
                  "Hash Cond": "(mk.movie_id = t.id)",
                  "Plans": [
                    {
                      "Node Type": "Seq Scan",
                      "Parent Relationship": "Outer",
                      "Parallel Aware": true,
                      "Relation Name": "movie_keyword",
                      "Alias": "mk",
                      "Startup Cost": 0.0,
                      "Total Cost": 42695.65,
                      "Plan Rows": 1307371,
                      "Plan Width": 4,
                      "Actual Startup Time": 0.035,
                      "Actual Total Time": 136.786,
                      "Actual Rows": 1016090,
                      "Actual Loops": 4,
                      "Filter": "(keyword_id < 38622)",
                      "Rows Removed by Filter": 114893
                    },
                    {
                      "Node Type": "Hash",
                      "Parent Relationship": "Inner",
                      "Parallel Aware": true,
                      "Startup Cost": 381751.65,
                      "Total Cost": 381751.65,
                      "Plan Rows": 1283799,
                      "Plan Width": 8,
                      "Actual Startup Time": 3472.709,
                      "Actual Total Time": 3474.654,
                      "Actual Rows": 1908180,
                      "Actual Loops": 4,
                      "Hash Buckets": 8388608,
                      "Original Hash Buckets": 8388608,
                      "Hash Batches": 1,
                      "Original Hash Batches": 1,
                      "Peak Memory Usage": 364192,
                      "Plans": [
                        {
                          "Node Type": "Hash Join",
                          "Parent Relationship": "Outer",
                          "Parallel Aware": true,
                          "Join Type": "Inner",
                          "Startup Cost": 50219.64,
                          "Total Cost": 381751.65,
                          "Plan Rows": 1283799,
                          "Plan Width": 8,
                          "Actual Startup Time": 970.29,
                          "Actual Total Time": 2574.09,
                          "Actual Rows": 1908180,
                          "Actual Loops": 4,
                          "Inner Unique": true,
                          "Hash Cond": "(ci.movie_id = t.id)",
                          "Plans": [
                            {
                              "Node Type": "Seq Scan",
                              "Parent Relationship": "Outer",
                              "Parallel Aware": true,
                              "Relation Name": "cast_info",
                              "Alias": "ci",
                              "Startup Cost": 0.0,
                              "Total Cost": 328162.03,
                              "Plan Rows": 1283799,
                              "Plan Width": 4,
                              "Actual Startup Time": 558.075,
                              "Actual Total Time": 1022.769,
                              "Actual Rows": 1908180,
                              "Actual Loops": 4,
                              "Filter": "(person_id > 2912065)",
                              "Rows Removed by Filter": 7152906
                            },
                            {
                              "Node Type": "Hash",
                              "Parent Relationship": "Inner",
                              "Parallel Aware": true,
                              "Startup Cost": 42318.73,
                              "Total Cost": 42318.73,
                              "Plan Rows": 632073,
                              "Plan Width": 4,
                              "Actual Startup Time": 404.132,
                              "Actual Total Time": 404.133,
                              "Actual Rows": 632078,
                              "Actual Loops": 4,
                              "Hash Buckets": 4194304,
                              "Original Hash Buckets": 4194304,
                              "Hash Batches": 1,
                              "Original Hash Batches": 1,
                              "Peak Memory Usage": 131744,
                              "Plans": [
                                {
                                  "Node Type": "Seq Scan",
                                  "Parent Relationship": "Outer",
                                  "Parallel Aware": true,
                                  "Relation Name": "title",
                                  "Alias": "t",
                                  "Startup Cost": 0.0,
                                  "Total Cost": 42318.73,
                                  "Plan Rows": 632073,
                                  "Plan Width": 4,
                                  "Actual Startup Time": 0.059,
                                  "Actual Total Time": 121.35,
                                  "Actual Rows": 632078,
                                  "Actual Loops": 4
                                }
                              ]
                            }
                          ]
                        }
                      ]
                    }
                  ]
                }
              ]
            }
          ]
        }
      ]
    },
    "Planning Time": 1.291,
    "Triggers": [],
    "Execution Time": 5572.141
  }
]