[
    {
        "Bao": {
            "Bao prediction": "NaN",
            "Bao recommended hint": "(no hint)"
        }
    },
    {
        "Plan": {
            "Node Type": "Aggregate",
            "Strategy": "Plain",
            "Partial Mode": "Finalize",
            "Parallel Aware": false,
            "Startup Cost": 76761.12,
            "Total Cost": 76761.13,
            "Plan Rows": 1,
            "Plan Width": 8,
            "Actual Startup Time": 272.398,
            "Actual Total Time": 283.755,
            "Actual Rows": 1,
            "Actual Loops": 1,
            "Output": [
                "count(*)"
            ],
            "Plans": [
                {
                    "Node Type": "Gather",
                    "Parent Relationship": "Outer",
                    "Parallel Aware": false,
                    "Startup Cost": 76760.8,
                    "Total Cost": 76761.11,
                    "Plan Rows": 3,
                    "Plan Width": 8,
                    "Actual Startup Time": 267.772,
                    "Actual Total Time": 283.744,
                    "Actual Rows": 4,
                    "Actual Loops": 1,
                    "Output": [
                        "(PARTIAL count(*))"
                    ],
                    "Workers Planned": 3,
                    "Workers Launched": 3,
                    "Single Copy": false,
                    "Plans": [
                        {
                            "Node Type": "Aggregate",
                            "Strategy": "Plain",
                            "Partial Mode": "Partial",
                            "Parent Relationship": "Outer",
                            "Parallel Aware": false,
                            "Startup Cost": 75760.8,
                            "Total Cost": 75760.81,
                            "Plan Rows": 1,
                            "Plan Width": 8,
                            "Actual Startup Time": 259.221,
                            "Actual Total Time": 259.224,
                            "Actual Rows": 1,
                            "Actual Loops": 4,
                            "Output": [
                                "PARTIAL count(*)"
                            ],
                            "Workers": [
                                {
                                    "Worker Number": 0,
                                    "Actual Startup Time": 256.031,
                                    "Actual Total Time": 256.034,
                                    "Actual Rows": 1,
                                    "Actual Loops": 1
                                },
                                {
                                    "Worker Number": 1,
                                    "Actual Startup Time": 256.693,
                                    "Actual Total Time": 256.696,
                                    "Actual Rows": 1,
                                    "Actual Loops": 1
                                },
                                {
                                    "Worker Number": 2,
                                    "Actual Startup Time": 256.652,
                                    "Actual Total Time": 256.654,
                                    "Actual Rows": 1,
                                    "Actual Loops": 1
                                }
                            ],
                            "Plans": [
                                {
                                    "Node Type": "Hash Join",
                                    "Parent Relationship": "Outer",
                                    "Parallel Aware": true,
                                    "Join Type": "Inner",
                                    "Startup Cost": 50524.05,
                                    "Total Cost": 75742.28,
                                    "Plan Rows": 7407,
                                    "Plan Width": 0,
                                    "Actual Startup Time": 234.441,
                                    "Actual Total Time": 259.099,
                                    "Actual Rows": 1664,
                                    "Actual Loops": 4,
                                    "Inner Unique": true,
                                    "Hash Cond": "(mk.movie_id = t.id)",
                                    "Workers": [
                                        {
                                            "Worker Number": 0,
                                            "Actual Startup Time": 231.291,
                                            "Actual Total Time": 255.931,
                                            "Actual Rows": 1518,
                                            "Actual Loops": 1
                                        },
                                        {
                                            "Worker Number": 1,
                                            "Actual Startup Time": 231.464,
                                            "Actual Total Time": 256.581,
                                            "Actual Rows": 1694,
                                            "Actual Loops": 1
                                        },
                                        {
                                            "Worker Number": 2,
                                            "Actual Startup Time": 232.053,
                                            "Actual Total Time": 256.511,
                                            "Actual Rows": 2032,
                                            "Actual Loops": 1
                                        }
                                    ],
                                    "Plans": [
                                        {
                                            "Node Type": "Bitmap Heap Scan",
                                            "Parent Relationship": "Outer",
                                            "Parallel Aware": true,
                                            "Relation Name": "movie_keyword",
                                            "Schema": "public",
                                            "Alias": "mk",
                                            "Startup Cost": 938.86,
                                            "Total Cost": 26119.67,
                                            "Plan Rows": 14253,
                                            "Plan Width": 4,
                                            "Actual Startup Time": 5.369,
                                            "Actual Total Time": 21.97,
                                            "Actual Rows": 10460,
                                            "Actual Loops": 4,
                                            "Output": [
                                                "mk.id",
                                                "mk.movie_id",
                                                "mk.keyword_id"
                                            ],
                                            "Recheck Cond": "(mk.keyword_id = 117)",
                                            "Rows Removed by Index Recheck": 0,
                                            "Exact Heap Blocks": 3954,
                                            "Lossy Heap Blocks": 0,
                                            "Workers": [
                                                {
                                                    "Worker Number": 0,
                                                    "Actual Startup Time": 5.278,
                                                    "Actual Total Time": 22.674,
                                                    "Actual Rows": 10029,
                                                    "Actual Loops": 1
                                                },
                                                {
                                                    "Worker Number": 1,
                                                    "Actual Startup Time": 5.416,
                                                    "Actual Total Time": 22.664,
                                                    "Actual Rows": 9623,
                                                    "Actual Loops": 1
                                                },
                                                {
                                                    "Worker Number": 2,
                                                    "Actual Startup Time": 5.337,
                                                    "Actual Total Time": 22.567,
                                                    "Actual Rows": 9600,
                                                    "Actual Loops": 1
                                                }
                                            ],
                                            "Plans": [
                                                {
                                                    "Node Type": "Bitmap Index Scan",
                                                    "Parent Relationship": "Outer",
                                                    "Parallel Aware": false,
                                                    "Index Name": "keyword_id_movie_keyword",
                                                    "Startup Cost": 0.0,
                                                    "Total Cost": 927.81,
                                                    "Plan Rows": 44184,
                                                    "Plan Width": 0,
                                                    "Actual Startup Time": 3.705,
                                                    "Actual Total Time": 3.705,
                                                    "Actual Rows": 41840,
                                                    "Actual Loops": 1,
                                                    "Index Cond": "(mk.keyword_id = 117)",
                                                    "Workers": [
                                                        {
                                                            "Worker Number": 0,
                                                            "Actual Startup Time": 3.705,
                                                            "Actual Total Time": 3.705,
                                                            "Actual Rows": 41840,
                                                            "Actual Loops": 1
                                                        }
                                                    ]
                                                }
                                            ]
                                        },
                                        {
                                            "Node Type": "Hash",
                                            "Parent Relationship": "Inner",
                                            "Parallel Aware": true,
                                            "Startup Cost": 45479.21,
                                            "Total Cost": 45479.21,
                                            "Plan Rows": 328479,
                                            "Plan Width": 4,
                                            "Actual Startup Time": 224.775,
                                            "Actual Total Time": 224.775,
                                            "Actual Rows": 351450,
                                            "Actual Loops": 4,
                                            "Output": [
                                                "t.id"
                                            ],
                                            "Hash Buckets": 2097152,
                                            "Original Hash Buckets": 2097152,
                                            "Hash Batches": 1,
                                            "Original Hash Batches": 1,
                                            "Peak Memory Usage": 71424,
                                            "Workers": [
                                                {
                                                    "Worker Number": 0,
                                                    "Actual Startup Time": 225.572,
                                                    "Actual Total Time": 225.573,
                                                    "Actual Rows": 350040,
                                                    "Actual Loops": 1
                                                },
                                                {
                                                    "Worker Number": 1,
                                                    "Actual Startup Time": 225.583,
                                                    "Actual Total Time": 225.584,
                                                    "Actual Rows": 338902,
                                                    "Actual Loops": 1
                                                },
                                                {
                                                    "Worker Number": 2,
                                                    "Actual Startup Time": 226.232,
                                                    "Actual Total Time": 226.233,
                                                    "Actual Rows": 347623,
                                                    "Actual Loops": 1
                                                }
                                            ],
                                            "Plans": [
                                                {
                                                    "Node Type": "Seq Scan",
                                                    "Parent Relationship": "Outer",
                                                    "Parallel Aware": true,
                                                    "Relation Name": "title",
                                                    "Schema": "public",
                                                    "Alias": "t",
                                                    "Startup Cost": 0.0,
                                                    "Total Cost": 45479.21,
                                                    "Plan Rows": 328479,
                                                    "Plan Width": 4,
                                                    "Actual Startup Time": 0.038,
                                                    "Actual Total Time": 102.195,
                                                    "Actual Rows": 351450,
                                                    "Actual Loops": 4,
                                                    "Output": [
                                                        "t.id"
                                                    ],
                                                    "Filter": "((t.production_year > 1963) AND (t.kind_id = 7))",
                                                    "Rows Removed by Filter": 280628,
                                                    "Workers": [
                                                        {
                                                            "Worker Number": 0,
                                                            "Actual Startup Time": 0.037,
                                                            "Actual Total Time": 104.353,
                                                            "Actual Rows": 350040,
                                                            "Actual Loops": 1
                                                        },
                                                        {
                                                            "Worker Number": 1,
                                                            "Actual Startup Time": 0.057,
                                                            "Actual Total Time": 104.742,
                                                            "Actual Rows": 338902,
                                                            "Actual Loops": 1
                                                        },
                                                        {
                                                            "Worker Number": 2,
                                                            "Actual Startup Time": 0.045,
                                                            "Actual Total Time": 104.078,
                                                            "Actual Rows": 347623,
                                                            "Actual Loops": 1
                                                        }
                                                    ]
                                                }
                                            ]
                                        }
                                    ]
                                }
                            ]
                        }
                    ]
                }
            ]
        },
        "Planning Time": 183.32,
        "Triggers": [],
        "Execution Time": 283.816
    }
]