{
  "Plan": {
    "Node Type": "Aggregate",
    "Strategy": "Plain",
    "Partial Mode": "Finalize",
    "Parallel Aware": false,
    "Startup Cost": 794355.17,
    "Total Cost": 794355.18,
    "Plan Rows": 1,
    "Plan Width": 8,
    "Actual Startup Time": 4058.769,
    "Actual Total Time": 4127.958,
    "Actual Rows": 1,
    "Actual Loops": 1,
    "Plans": [
      {
        "Node Type": "Gather",
        "Parent Relationship": "Outer",
        "Parallel Aware": false,
        "Startup Cost": 794355.06,
        "Total Cost": 794355.17,
        "Plan Rows": 1,
        "Plan Width": 8,
        "Actual Startup Time": 4055.094,
        "Actual Total Time": 4127.951,
        "Actual Rows": 2,
        "Actual Loops": 1,
        "Workers Planned": 1,
        "Workers Launched": 1,
        "Single Copy": false,
        "Plans": [
          {
            "Node Type": "Aggregate",
            "Strategy": "Plain",
            "Partial Mode": "Partial",
            "Parent Relationship": "Outer",
            "Parallel Aware": false,
            "Startup Cost": 793355.06,
            "Total Cost": 793355.07,
            "Plan Rows": 1,
            "Plan Width": 8,
            "Actual Startup Time": 4049.097,
            "Actual Total Time": 4049.101,
            "Actual Rows": 1,
            "Actual Loops": 2,
            "Plans": [
              {
                "Node Type": "Merge Join",
                "Parent Relationship": "Outer",
                "Parallel Aware": false,
                "Join Type": "Inner",
                "Startup Cost": 601601.95,
                "Total Cost": 789562.39,
                "Plan Rows": 1517065,
                "Plan Width": 0,
                "Actual Startup Time": 3371.356,
                "Actual Total Time": 4028.096,
                "Actual Rows": 547962,
                "Actual Loops": 2,
                "Inner Unique": false,
                "Merge Cond": "(mk.movie_id = t.id)",
                "Plans": [
                  {
                    "Node Type": "Index Only Scan",
                    "Parent Relationship": "Outer",
                    "Parallel Aware": true,
                    "Scan Direction": "Forward",
                    "Index Name": "movie_id_movie_keyword",
                    "Relation Name": "movie_keyword",
                    "Alias": "mk",
                    "Startup Cost": 0.43,
                    "Total Cost": 158560.11,
                    "Plan Rows": 2661135,
                    "Plan Width": 4,
                    "Actual Startup Time": 0.085,
                    "Actual Total Time": 438.599,
                    "Actual Rows": 2261964,
                    "Actual Loops": 2,
                    "Heap Fetches": 4523928
                  },
                  {
                    "Node Type": "Sort",
                    "Parent Relationship": "Inner",
                    "Parallel Aware": false,
                    "Startup Cost": 601600.7,
                    "Total Cost": 605204.04,
                    "Plan Rows": 1441334,
                    "Plan Width": 8,
                    "Actual Startup Time": 3371.185,
                    "Actual Total Time": 3409.42,
                    "Actual Rows": 1091744,
                    "Actual Loops": 2,
                    "Sort Key": [
                      "mi.movie_id"
                    ],
                    "Sort Method": "quicksort",
                    "Sort Space Used": 52335,
                    "Sort Space Type": "Memory",
                    "Workers": [
                      {
                        "Worker Number": 0,
                        "Sort Method": "quicksort",
                        "Sort Space Used": 52335,
                        "Sort Space Type": "Memory"
                      }
                    ],
                    "Plans": [
                      {
                        "Node Type": "Hash Join",
                        "Parent Relationship": "Outer",
                        "Parallel Aware": false,
                        "Join Type": "Inner",
                        "Startup Cost": 77992.49,
                        "Total Cost": 454159.64,
                        "Plan Rows": 1441334,
                        "Plan Width": 8,
                        "Actual Startup Time": 328.273,
                        "Actual Total Time": 3235.745,
                        "Actual Rows": 592190,
                        "Actual Loops": 2,
                        "Inner Unique": true,
                        "Hash Cond": "(mi.movie_id = t.id)",
                        "Plans": [
                          {
                            "Node Type": "Seq Scan",
                            "Parent Relationship": "Outer",
                            "Parallel Aware": false,
                            "Relation Name": "movie_info",
                            "Alias": "mi",
                            "Startup Cost": 0.0,
                            "Total Cost": 346788.81,
                            "Plan Rows": 11191727,
                            "Plan Width": 4,
                            "Actual Startup Time": 0.043,
                            "Actual Total Time": 1371.136,
                            "Actual Rows": 11210743,
                            "Actual Loops": 2,
                            "Filter": "(info_type_id > 3)",
                            "Rows Removed by Filter": 3624977
                          },
                          {
                            "Node Type": "Hash",
                            "Parent Relationship": "Inner",
                            "Parallel Aware": false,
                            "Startup Cost": 73922.39,
                            "Total Cost": 73922.39,
                            "Plan Rows": 325608,
                            "Plan Width": 4,
                            "Actual Startup Time": 320.335,
                            "Actual Total Time": 320.336,
                            "Actual Rows": 349534,
                            "Actual Loops": 2,
                            "Hash Buckets": 524288,
                            "Original Hash Buckets": 524288,
                            "Hash Batches": 1,
                            "Original Hash Batches": 1,
                            "Peak Memory Usage": 16385,
                            "Plans": [
                              {
                                "Node Type": "Seq Scan",
                                "Parent Relationship": "Outer",
                                "Parallel Aware": false,
                                "Relation Name": "title",
                                "Alias": "t",
                                "Startup Cost": 0.0,
                                "Total Cost": 73922.39,
                                "Plan Rows": 325608,
                                "Plan Width": 4,
                                "Actual Startup Time": 0.041,
                                "Actual Total Time": 241.57,
                                "Actual Rows": 349534,
                                "Actual Loops": 2,
                                "Filter": "((production_year > 2009) AND (kind_id = 7))",
                                "Rows Removed by Filter": 2178778
                              }
                            ]
                          }
                        ]
                      }
                    ]
                  }
                ]
              }
            ]
          }
        ]
      }
    ]
  },
  "Planning Time": 1.071,
  "Triggers": [],
  "Execution Time": 4139.009
}