{
  "Plan": {
    "Node Type": "Aggregate",
    "Strategy": "Plain",
    "Partial Mode": "Finalize",
    "Parallel Aware": false,
    "Startup Cost": 18531.5,
    "Total Cost": 18531.51,
    "Plan Rows": 1,
    "Plan Width": 8,
    "Actual Startup Time": 22.454,
    "Actual Total Time": 25.735,
    "Actual Rows": 1,
    "Actual Loops": 1,
    "Plans": [
      {
        "Node Type": "Gather",
        "Parent Relationship": "Outer",
        "Parallel Aware": false,
        "Startup Cost": 18531.39,
        "Total Cost": 18531.5,
        "Plan Rows": 1,
        "Plan Width": 8,
        "Actual Startup Time": 22.269,
        "Actual Total Time": 25.727,
        "Actual Rows": 2,
        "Actual Loops": 1,
        "Workers Planned": 1,
        "Workers Launched": 1,
        "Single Copy": false,
        "Plans": [
          {
            "Node Type": "Aggregate",
            "Strategy": "Plain",
            "Partial Mode": "Partial",
            "Parent Relationship": "Outer",
            "Parallel Aware": false,
            "Startup Cost": 17531.39,
            "Total Cost": 17531.4,
            "Plan Rows": 1,
            "Plan Width": 8,
            "Actual Startup Time": 16.103,
            "Actual Total Time": 16.105,
            "Actual Rows": 1,
            "Actual Loops": 2,
            "Plans": [
              {
                "Node Type": "Nested Loop",
                "Parent Relationship": "Outer",
                "Parallel Aware": false,
                "Join Type": "Inner",
                "Startup Cost": 55.48,
                "Total Cost": 17531.39,
                "Plan Rows": 1,
                "Plan Width": 0,
                "Actual Startup Time": 8.964,
                "Actual Total Time": 16.097,
                "Actual Rows": 2,
                "Actual Loops": 2,
                "Inner Unique": false,
                "Plans": [
                  {
                    "Node Type": "Nested Loop",
                    "Parent Relationship": "Outer",
                    "Parallel Aware": false,
                    "Join Type": "Inner",
                    "Startup Cost": 55.06,
                    "Total Cost": 17501.72,
                    "Plan Rows": 6,
                    "Plan Width": 8,
                    "Actual Startup Time": 8.931,
                    "Actual Total Time": 16.012,
                    "Actual Rows": 4,
                    "Actual Loops": 2,
                    "Inner Unique": true,
                    "Plans": [
                      {
                        "Node Type": "Bitmap Heap Scan",
                        "Parent Relationship": "Outer",
                        "Parallel Aware": true,
                        "Relation Name": "movie_companies",
                        "Alias": "mc",
                        "Startup Cost": 54.63,
                        "Total Cost": 6638.12,
                        "Plan Rows": 1381,
                        "Plan Width": 4,
                        "Actual Startup Time": 1.443,
                        "Actual Total Time": 4.064,
                        "Actual Rows": 1260,
                        "Actual Loops": 2,
                        "Recheck Cond": "(company_id = 115)",
                        "Rows Removed by Index Recheck": 0,
                        "Exact Heap Blocks": 878,
                        "Lossy Heap Blocks": 0,
                        "Plans": [
                          {
                            "Node Type": "Bitmap Index Scan",
                            "Parent Relationship": "Outer",
                            "Parallel Aware": false,
                            "Index Name": "company_id_movie_companies",
                            "Startup Cost": 0.0,
                            "Total Cost": 54.04,
                            "Plan Rows": 2348,
                            "Plan Width": 0,
                            "Actual Startup Time": 2.259,
                            "Actual Total Time": 2.259,
                            "Actual Rows": 2519,
                            "Actual Loops": 1,
                            "Index Cond": "(company_id = 115)"
                          }
                        ]
                      },
                      {
                        "Node Type": "Index Scan",
                        "Parent Relationship": "Inner",
                        "Parallel Aware": false,
                        "Scan Direction": "Forward",
                        "Index Name": "title_pkey",
                        "Relation Name": "title",
                        "Alias": "t",
                        "Startup Cost": 0.43,
                        "Total Cost": 7.87,
                        "Plan Rows": 1,
                        "Plan Width": 4,
                        "Actual Startup Time": 0.009,
                        "Actual Total Time": 0.009,
                        "Actual Rows": 0,
                        "Actual Loops": 2519,
                        "Index Cond": "(id = mc.movie_id)",
                        "Rows Removed by Index Recheck": 0,
                        "Filter": "((kind_id < 7) AND (production_year = 1994))",
                        "Rows Removed by Filter": 1
                      }
                    ]
                  },
                  {
                    "Node Type": "Index Scan",
                    "Parent Relationship": "Inner",
                    "Parallel Aware": false,
                    "Scan Direction": "Forward",
                    "Index Name": "movie_id_movie_info_idx",
                    "Relation Name": "movie_info_idx",
                    "Alias": "mi_idx",
                    "Startup Cost": 0.43,
                    "Total Cost": 4.94,
                    "Plan Rows": 1,
                    "Plan Width": 4,
                    "Actual Startup Time": 0.018,
                    "Actual Total Time": 0.019,
                    "Actual Rows": 1,
                    "Actual Loops": 8,
                    "Index Cond": "(movie_id = t.id)",
                    "Rows Removed by Index Recheck": 0,
                    "Filter": "(info_type_id = 99)",
                    "Rows Removed by Filter": 1
                  }
                ]
              }
            ]
          }
        ]
      }
    ]
  },
  "Planning Time": 0.936,
  "Triggers": [],
  "Execution Time": 25.858
}