{
    "Plan": {
        "Node Type": "Aggregate",
        "Strategy": "Plain",
        "Partial Mode": "Simple",
        "Parallel Aware": false,
        "Startup Cost": 40000448947.55,
        "Total Cost": 40000448947.56,
        "Plan Rows": 1,
        "Plan Width": 96,
        "Actual Startup Time": 1218.909,
        "Actual Total Time": 1218.925,
        "Actual Rows": 1,
        "Actual Loops": 1,
        "Output": [
            "min(cn.name)",
            "min((lt.link)::text)",
            "min(t.title)"
        ],
        "Plans": [
            {
                "Node Type": "Nested Loop",
                "Parent Relationship": "Outer",
                "Parallel Aware": false,
                "Join Type": "Inner",
                "Startup Cost": 40000443484.87,
                "Total Cost": 40000448947.54,
                "Plan Rows": 1,
                "Plan Width": 48,
                "Actual Startup Time": 1159.145,
                "Actual Total Time": 1218.792,
                "Actual Rows": 216,
                "Actual Loops": 1,
                "Output": [
                    "cn.name",
                    "lt.link",
                    "t.title"
                ],
                "Inner Unique": true,
                "Plans": [
                    {
                        "Node Type": "Merge Join",
                        "Parent Relationship": "Outer",
                        "Parallel Aware": false,
                        "Join Type": "Inner",
                        "Startup Cost": 30000443484.44,
                        "Total Cost": 30000448943.09,
                        "Plan Rows": 1,
                        "Plan Width": 33,
                        "Actual Startup Time": 1158.898,
                        "Actual Total Time": 1214.503,
                        "Actual Rows": 540,
                        "Actual Loops": 1,
                        "Output": [
                            "mc.company_id",
                            "lt.link",
                            "t.title"
                        ],
                        "Inner Unique": true,
                        "Merge Cond": "(mk.keyword_id = k.id)",
                        "Plans": [
                            {
                                "Node Type": "Sort",
                                "Parent Relationship": "Outer",
                                "Parallel Aware": false,
                                "Startup Cost": 30000443484.02,
                                "Total Cost": 30000443542.09,
                                "Plan Rows": 23226,
                                "Plan Width": 37,
                                "Actual Startup Time": 1157.873,
                                "Actual Total Time": 1158.399,
                                "Actual Rows": 4715,
                                "Actual Loops": 1,
                                "Output": [
                                    "mc.company_id",
                                    "mk.keyword_id",
                                    "lt.link",
                                    "t.title"
                                ],
                                "Sort Key": [
                                    "mk.keyword_id"
                                ],
                                "Sort Method": "quicksort",
                                "Sort Space Used": 1611,
                                "Sort Space Type": "Memory",
                                "Plans": [
                                    {
                                        "Node Type": "Hash Join",
                                        "Parent Relationship": "Outer",
                                        "Parallel Aware": false,
                                        "Join Type": "Inner",
                                        "Startup Cost": 30000431849.92,
                                        "Total Cost": 30000441799.73,
                                        "Plan Rows": 23226,
                                        "Plan Width": 37,
                                        "Actual Startup Time": 1144.668,
                                        "Actual Total Time": 1152.966,
                                        "Actual Rows": 14892,
                                        "Actual Loops": 1,
                                        "Output": [
                                            "mc.company_id",
                                            "mk.keyword_id",
                                            "lt.link",
                                            "t.title"
                                        ],
                                        "Inner Unique": true,
                                        "Hash Cond": "(mc.company_type_id = ct.id)",
                                        "Plans": [
                                            {
                                                "Node Type": "Merge Join",
                                                "Parent Relationship": "Outer",
                                                "Parallel Aware": false,
                                                "Join Type": "Inner",
                                                "Startup Cost": 30000431837.71,
                                                "Total Cost": 30000441140.31,
                                                "Plan Rows": 119716,
                                                "Plan Width": 41,
                                                "Actual Startup Time": 1144.633,
                                                "Actual Total Time": 1149.973,
                                                "Actual Rows": 15967,
                                                "Actual Loops": 1,
                                                "Output": [
                                                    "lt.link",
                                                    "mc.company_type_id",
                                                    "mc.company_id",
                                                    "mk.keyword_id",
                                                    "t.title"
                                                ],
                                                "Inner Unique": true,
                                                "Merge Cond": "(ml.link_type_id = lt.id)",
                                                "Plans": [
                                                    {
                                                        "Node Type": "Sort",
                                                        "Parent Relationship": "Outer",
                                                        "Parallel Aware": false,
                                                        "Startup Cost": 30000431837.57,
                                                        "Total Cost": 30000436018.2,
                                                        "Plan Rows": 1672250,
                                                        "Plan Width": 33,
                                                        "Actual Startup Time": 1144.608,
                                                        "Actual Total Time": 1146.703,
                                                        "Actual Rows": 15968,
                                                        "Actual Loops": 1,
                                                        "Output": [
                                                            "mc.company_type_id",
                                                            "mc.company_id",
                                                            "mk.keyword_id",
                                                            "ml.link_type_id",
                                                            "t.title"
                                                        ],
                                                        "Sort Key": [
                                                            "ml.link_type_id"
                                                        ],
                                                        "Sort Method": "quicksort",
                                                        "Sort Space Used": 42498,
                                                        "Sort Space Type": "Memory",
                                                        "Plans": [
                                                            {
                                                                "Node Type": "Merge Join",
                                                                "Parent Relationship": "Outer",
                                                                "Parallel Aware": false,
                                                                "Join Type": "Inner",
                                                                "Startup Cost": 30000116217.18,
                                                                "Total Cost": 30000258982.45,
                                                                "Plan Rows": 1672250,
                                                                "Plan Width": 33,
                                                                "Actual Startup Time": 567.301,
                                                                "Actual Total Time": 1069.959,
                                                                "Actual Rows": 354635,
                                                                "Actual Loops": 1,
                                                                "Output": [
                                                                    "mc.company_type_id",
                                                                    "mc.company_id",
                                                                    "mk.keyword_id",
                                                                    "ml.link_type_id",
                                                                    "t.title"
                                                                ],
                                                                "Inner Unique": false,
                                                                "Merge Cond": "(t.id = ml.movie_id)",
                                                                "Plans": [
                                                                    {
                                                                        "Node Type": "Merge Join",
                                                                        "Parent Relationship": "Outer",
                                                                        "Parallel Aware": false,
                                                                        "Join Type": "Inner",
                                                                        "Startup Cost": 30000113523.49,
                                                                        "Total Cost": 30002032966.26,
                                                                        "Plan Rows": 5546626,
                                                                        "Plan Width": 45,
                                                                        "Actual Startup Time": 556.58,
                                                                        "Actual Total Time": 978.849,
                                                                        "Actual Rows": 32265,
                                                                        "Actual Loops": 1,
                                                                        "Output": [
                                                                            "mc.movie_id",
                                                                            "mc.company_type_id",
                                                                            "mc.company_id",
                                                                            "mi.movie_id",
                                                                            "mk.movie_id",
                                                                            "mk.keyword_id",
                                                                            "t.title",
                                                                            "t.id"
                                                                        ],
                                                                        "Inner Unique": false,
                                                                        "Merge Cond": "(t.id = mc.movie_id)",
                                                                        "Plans": [
                                                                            {
                                                                                "Node Type": "Merge Join",
                                                                                "Parent Relationship": "Outer",
                                                                                "Parallel Aware": false,
                                                                                "Join Type": "Inner",
                                                                                "Startup Cost": 20000113346.79,
                                                                                "Total Cost": 20001866485.36,
                                                                                "Plan Rows": 2735829,
                                                                                "Plan Width": 33,
                                                                                "Actual Startup Time": 556.534,
                                                                                "Actual Total Time": 923.371,
                                                                                "Actual Rows": 20168,
                                                                                "Actual Loops": 1,
                                                                                "Output": [
                                                                                    "mi.movie_id",
                                                                                    "mk.movie_id",
                                                                                    "mk.keyword_id",
                                                                                    "t.title",
                                                                                    "t.id"
                                                                                ],
                                                                                "Inner Unique": false,
                                                                                "Merge Cond": "(mk.movie_id = t.id)",
                                                                                "Plans": [
                                                                                    {
                                                                                        "Node Type": "Merge Join",
                                                                                        "Parent Relationship": "Outer",
                                                                                        "Parallel Aware": false,
                                                                                        "Join Type": "Inner",
                                                                                        "Startup Cost": 10000000127.99,
                                                                                        "Total Cost": 10001671125.5,
                                                                                        "Plan Rows": 16443382,
                                                                                        "Plan Width": 12,
                                                                                        "Actual Startup Time": 0.086,
                                                                                        "Actual Total Time": 341.532,
                                                                                        "Actual Rows": 107060,
                                                                                        "Actual Loops": 1,
                                                                                        "Output": [
                                                                                            "mi.movie_id",
                                                                                            "mk.movie_id",
                                                                                            "mk.keyword_id"
                                                                                        ],
                                                                                        "Inner Unique": false,
                                                                                        "Merge Cond": "(mi.movie_id = mk.movie_id)",
                                                                                        "Plans": [
                                                                                            {
                                                                                                "Node Type": "Index Scan",
                                                                                                "Parent Relationship": "Outer",
                                                                                                "Parallel Aware": false,
                                                                                                "Scan Direction": "Forward",
                                                                                                "Index Name": "movie_id_movie_info",
                                                                                                "Relation Name": "movie_info",
                                                                                                "Schema": "public",
                                                                                                "Alias": "mi",
                                                                                                "Startup Cost": 10000000000.43,
                                                                                                "Total Cost": 10001244423.19,
                                                                                                "Plan Rows": 1364390,
                                                                                                "Plan Width": 4,
                                                                                                "Actual Startup Time": 0.064,
                                                                                                "Actual Total Time": 278.033,
                                                                                                "Actual Rows": 48289,
                                                                                                "Actual Loops": 1,
                                                                                                "Output": [
                                                                                                    "mi.id",
                                                                                                    "mi.movie_id",
                                                                                                    "mi.info_type_id",
                                                                                                    "mi.info",
                                                                                                    "mi.note"
                                                                                                ],
                                                                                                "Filter": "(mi.info = ANY ('{Denish,America,Danish,English,Swedish,Denmark,USA,Norway,German}'::text[]))",
                                                                                                "Rows Removed by Filter": 466617
                                                                                            },
                                                                                            {
                                                                                                "Node Type": "Materialize",
                                                                                                "Parent Relationship": "Inner",
                                                                                                "Parallel Aware": false,
                                                                                                "Startup Cost": 0.43,
                                                                                                "Total Cost": 188487.28,
                                                                                                "Plan Rows": 4523930,
                                                                                                "Plan Width": 8,
                                                                                                "Actual Startup Time": 0.016,
                                                                                                "Actual Total Time": 35.129,
                                                                                                "Actual Rows": 140529,
                                                                                                "Actual Loops": 1,
                                                                                                "Output": [
                                                                                                    "mk.id",
                                                                                                    "mk.movie_id",
                                                                                                    "mk.keyword_id"
                                                                                                ],
                                                                                                "Plans": [
                                                                                                    {
                                                                                                        "Node Type": "Index Scan",
                                                                                                        "Parent Relationship": "Outer",
                                                                                                        "Parallel Aware": false,
                                                                                                        "Scan Direction": "Forward",
                                                                                                        "Index Name": "movie_id_movie_keyword",
                                                                                                        "Relation Name": "movie_keyword",
                                                                                                        "Schema": "public",
                                                                                                        "Alias": "mk",
                                                                                                        "Startup Cost": 0.43,
                                                                                                        "Total Cost": 177177.46,
                                                                                                        "Plan Rows": 4523930,
                                                                                                        "Plan Width": 8,
                                                                                                        "Actual Startup Time": 0.014,
                                                                                                        "Actual Total Time": 18.535,
                                                                                                        "Actual Rows": 97867,
                                                                                                        "Actual Loops": 1,
                                                                                                        "Output": [
                                                                                                            "mk.id",
                                                                                                            "mk.movie_id",
                                                                                                            "mk.keyword_id"
                                                                                                        ]
                                                                                                    }
                                                                                                ]
                                                                                            }
                                                                                        ]
                                                                                    },
                                                                                    {
                                                                                        "Node Type": "Sort",
                                                                                        "Parent Relationship": "Inner",
                                                                                        "Parallel Aware": false,
                                                                                        "Startup Cost": 10000113217.2,
                                                                                        "Total Cost": 10000114268.85,
                                                                                        "Plan Rows": 420659,
                                                                                        "Plan Width": 21,
                                                                                        "Actual Startup Time": 556.439,
                                                                                        "Actual Total Time": 565.632,
                                                                                        "Actual Rows": 55375,
                                                                                        "Actual Loops": 1,
                                                                                        "Output": [
                                                                                            "t.title",
                                                                                            "t.id"
                                                                                        ],
                                                                                        "Sort Key": [
                                                                                            "t.id"
                                                                                        ],
                                                                                        "Sort Method": "quicksort",
                                                                                        "Sort Space Used": 41545,
                                                                                        "Sort Space Type": "Memory",
                                                                                        "Plans": [
                                                                                            {
                                                                                                "Node Type": "Seq Scan",
                                                                                                "Parent Relationship": "Outer",
                                                                                                "Parallel Aware": false,
                                                                                                "Relation Name": "title",
                                                                                                "Schema": "public",
                                                                                                "Alias": "t",
                                                                                                "Startup Cost": 10000000000.0,
                                                                                                "Total Cost": 10000073922.83,
                                                                                                "Plan Rows": 420659,
                                                                                                "Plan Width": 21,
                                                                                                "Actual Startup Time": 0.017,
                                                                                                "Actual Total Time": 385.649,
                                                                                                "Actual Rows": 418372,
                                                                                                "Actual Loops": 1,
                                                                                                "Output": [
                                                                                                    "t.title",
                                                                                                    "t.id"
                                                                                                ],
                                                                                                "Filter": "((t.production_year >= 2002) AND (t.production_year <= 2006))",
                                                                                                "Rows Removed by Filter": 2109940
                                                                                            }
                                                                                        ]
                                                                                    }
                                                                                ]
                                                                            },
                                                                            {
                                                                                "Node Type": "Materialize",
                                                                                "Parent Relationship": "Inner",
                                                                                "Parallel Aware": false,
                                                                                "Startup Cost": 10000000000.43,
                                                                                "Total Cost": 10000144013.5,
                                                                                "Plan Rows": 1265428,
                                                                                "Plan Width": 12,
                                                                                "Actual Startup Time": 0.042,
                                                                                "Actual Total Time": 41.574,
                                                                                "Actual Rows": 79021,
                                                                                "Actual Loops": 1,
                                                                                "Output": [
                                                                                    "mc.id",
                                                                                    "mc.movie_id",
                                                                                    "mc.company_id",
                                                                                    "mc.company_type_id",
                                                                                    "mc.note"
                                                                                ],
                                                                                "Plans": [
                                                                                    {
                                                                                        "Node Type": "Index Scan",
                                                                                        "Parent Relationship": "Outer",
                                                                                        "Parallel Aware": false,
                                                                                        "Scan Direction": "Forward",
                                                                                        "Index Name": "movie_id_movie_companies",
                                                                                        "Relation Name": "movie_companies",
                                                                                        "Schema": "public",
                                                                                        "Alias": "mc",
                                                                                        "Startup Cost": 10000000000.43,
                                                                                        "Total Cost": 10000140849.93,
                                                                                        "Plan Rows": 1265428,
                                                                                        "Plan Width": 12,
                                                                                        "Actual Startup Time": 0.034,
                                                                                        "Actual Total Time": 32.67,
                                                                                        "Actual Rows": 49171,
                                                                                        "Actual Loops": 1,
                                                                                        "Output": [
                                                                                            "mc.id",
                                                                                            "mc.movie_id",
                                                                                            "mc.company_id",
                                                                                            "mc.company_type_id",
                                                                                            "mc.note"
                                                                                        ],
                                                                                        "Filter": "(mc.note IS NULL)",
                                                                                        "Rows Removed by Filter": 50752
                                                                                    }
                                                                                ]
                                                                            }
                                                                        ]
                                                                    },
                                                                    {
                                                                        "Node Type": "Sort",
                                                                        "Parent Relationship": "Inner",
                                                                        "Parallel Aware": false,
                                                                        "Startup Cost": 2693.63,
                                                                        "Total Cost": 2768.62,
                                                                        "Plan Rows": 29997,
                                                                        "Plan Width": 8,
                                                                        "Actual Startup Time": 10.716,
                                                                        "Actual Total Time": 31.678,
                                                                        "Actual Rows": 382375,
                                                                        "Actual Loops": 1,
                                                                        "Output": [
                                                                            "ml.link_type_id",
                                                                            "ml.movie_id"
                                                                        ],
                                                                        "Sort Key": [
                                                                            "ml.movie_id"
                                                                        ],
                                                                        "Sort Method": "quicksort",
                                                                        "Sort Space Used": 2175,
                                                                        "Sort Space Type": "Memory",
                                                                        "Plans": [
                                                                            {
                                                                                "Node Type": "Seq Scan",
                                                                                "Parent Relationship": "Outer",
                                                                                "Parallel Aware": false,
                                                                                "Relation Name": "movie_link",
                                                                                "Schema": "public",
                                                                                "Alias": "ml",
                                                                                "Startup Cost": 0.0,
                                                                                "Total Cost": 462.97,
                                                                                "Plan Rows": 29997,
                                                                                "Plan Width": 8,
                                                                                "Actual Startup Time": 0.028,
                                                                                "Actual Total Time": 4.782,
                                                                                "Actual Rows": 29997,
                                                                                "Actual Loops": 1,
                                                                                "Output": [
                                                                                    "ml.link_type_id",
                                                                                    "ml.movie_id"
                                                                                ]
                                                                            }
                                                                        ]
                                                                    }
                                                                ]
                                                            }
                                                        ]
                                                    },
                                                    {
                                                        "Node Type": "Index Scan",
                                                        "Parent Relationship": "Inner",
                                                        "Parallel Aware": false,
                                                        "Scan Direction": "Forward",
                                                        "Index Name": "link_type_pkey",
                                                        "Relation Name": "link_type",
                                                        "Schema": "public",
                                                        "Alias": "lt",
                                                        "Startup Cost": 0.14,
                                                        "Total Cost": 12.45,
                                                        "Plan Rows": 1,
                                                        "Plan Width": 16,
                                                        "Actual Startup Time": 0.021,
                                                        "Actual Total Time": 0.033,
                                                        "Actual Rows": 2,
                                                        "Actual Loops": 1,
                                                        "Output": [
                                                            "lt.id",
                                                            "lt.link"
                                                        ],
                                                        "Filter": "((lt.link)::text ~~ '%follow%'::text)",
                                                        "Rows Removed by Filter": 16
                                                    }
                                                ]
                                            },
                                            {
                                                "Node Type": "Hash",
                                                "Parent Relationship": "Inner",
                                                "Parallel Aware": false,
                                                "Startup Cost": 12.2,
                                                "Total Cost": 12.2,
                                                "Plan Rows": 1,
                                                "Plan Width": 4,
                                                "Actual Startup Time": 0.024,
                                                "Actual Total Time": 0.024,
                                                "Actual Rows": 1,
                                                "Actual Loops": 1,
                                                "Output": [
                                                    "ct.id"
                                                ],
                                                "Hash Buckets": 1024,
                                                "Original Hash Buckets": 1024,
                                                "Hash Batches": 1,
                                                "Original Hash Batches": 1,
                                                "Peak Memory Usage": 9,
                                                "Plans": [
                                                    {
                                                        "Node Type": "Index Scan",
                                                        "Parent Relationship": "Outer",
                                                        "Parallel Aware": false,
                                                        "Scan Direction": "Forward",
                                                        "Index Name": "company_type_pkey",
                                                        "Relation Name": "company_type",
                                                        "Schema": "public",
                                                        "Alias": "ct",
                                                        "Startup Cost": 0.13,
                                                        "Total Cost": 12.2,
                                                        "Plan Rows": 1,
                                                        "Plan Width": 4,
                                                        "Actual Startup Time": 0.017,
                                                        "Actual Total Time": 0.02,
                                                        "Actual Rows": 1,
                                                        "Actual Loops": 1,
                                                        "Output": [
                                                            "ct.id"
                                                        ],
                                                        "Filter": "((ct.kind)::text = 'production companies'::text)",
                                                        "Rows Removed by Filter": 3
                                                    }
                                                ]
                                            }
                                        ]
                                    }
                                ]
                            },
                            {
                                "Node Type": "Index Scan",
                                "Parent Relationship": "Inner",
                                "Parallel Aware": false,
                                "Scan Direction": "Forward",
                                "Index Name": "keyword_pkey",
                                "Relation Name": "keyword",
                                "Schema": "public",
                                "Alias": "k",
                                "Startup Cost": 0.42,
                                "Total Cost": 5342.92,
                                "Plan Rows": 1,
                                "Plan Width": 4,
                                "Actual Startup Time": 0.285,
                                "Actual Total Time": 55.585,
                                "Actual Rows": 1,
                                "Actual Loops": 1,
                                "Output": [
                                    "k.id",
                                    "k.keyword",
                                    "k.phonetic_code"
                                ],
                                "Filter": "(k.keyword = 'sequel'::text)",
                                "Rows Removed by Filter": 134169
                            }
                        ]
                    },
                    {
                        "Node Type": "Bitmap Heap Scan",
                        "Parent Relationship": "Inner",
                        "Parallel Aware": false,
                        "Relation Name": "company_name",
                        "Schema": "public",
                        "Alias": "cn",
                        "Startup Cost": 0.43,
                        "Total Cost": 4.45,
                        "Plan Rows": 1,
                        "Plan Width": 23,
                        "Actual Startup Time": 0.005,
                        "Actual Total Time": 0.005,
                        "Actual Rows": 0,
                        "Actual Loops": 540,
                        "Output": [
                            "cn.id",
                            "cn.name",
                            "cn.country_code",
                            "cn.imdb_id",
                            "cn.name_pcode_nf",
                            "cn.name_pcode_sf",
                            "cn.md5sum"
                        ],
                        "Recheck Cond": "(cn.id = mc.company_id)",
                        "Rows Removed by Index Recheck": 0,
                        "Filter": "(((cn.country_code)::text <> '[pl]'::text) AND ((cn.name ~~ '%Film%'::text) OR (cn.name ~~ '%Warner%'::text)))",
                        "Rows Removed by Filter": 1,
                        "Exact Heap Blocks": 540,
                        "Lossy Heap Blocks": 0,
                        "Plans": [
                            {
                                "Node Type": "Bitmap Index Scan",
                                "Parent Relationship": "Outer",
                                "Parallel Aware": false,
                                "Index Name": "company_name_pkey",
                                "Startup Cost": 0.0,
                                "Total Cost": 0.43,
                                "Plan Rows": 1,
                                "Plan Width": 0,
                                "Actual Startup Time": 0.003,
                                "Actual Total Time": 0.003,
                                "Actual Rows": 1,
                                "Actual Loops": 540,
                                "Index Cond": "(cn.id = mc.company_id)"
                            }
                        ]
                    }
                ]
            }
        ]
    },
    "Planning Time": 16.182,
    "Triggers": [],
    "Execution Time": 1219.117
}