{
  "Plan": {
    "Node Type": "Aggregate",
    "Strategy": "Plain",
    "Partial Mode": "Finalize",
    "Parallel Aware": false,
    "Startup Cost": 130800.18,
    "Total Cost": 130800.19,
    "Plan Rows": 1,
    "Plan Width": 8,
    "Actual Startup Time": 804.153,
    "Actual Total Time": 821.36,
    "Actual Rows": 1,
    "Actual Loops": 1,
    "Plans": [
      {
        "Node Type": "Gather",
        "Parent Relationship": "Outer",
        "Parallel Aware": false,
        "Startup Cost": 130800.06,
        "Total Cost": 130800.17,
        "Plan Rows": 1,
        "Plan Width": 8,
        "Actual Startup Time": 801.469,
        "Actual Total Time": 821.353,
        "Actual Rows": 2,
        "Actual Loops": 1,
        "Workers Planned": 1,
        "Workers Launched": 1,
        "Single Copy": false,
        "Plans": [
          {
            "Node Type": "Aggregate",
            "Strategy": "Plain",
            "Partial Mode": "Partial",
            "Parent Relationship": "Outer",
            "Parallel Aware": false,
            "Startup Cost": 129800.06,
            "Total Cost": 129800.07,
            "Plan Rows": 1,
            "Plan Width": 8,
            "Actual Startup Time": 793.297,
            "Actual Total Time": 793.3,
            "Actual Rows": 1,
            "Actual Loops": 2,
            "Plans": [
              {
                "Node Type": "Hash Join",
                "Parent Relationship": "Outer",
                "Parallel Aware": true,
                "Join Type": "Inner",
                "Startup Cost": 68206.39,
                "Total Cost": 126257.24,
                "Plan Rows": 1417131,
                "Plan Width": 0,
                "Actual Startup Time": 384.137,
                "Actual Total Time": 781.538,
                "Actual Rows": 299468,
                "Actual Loops": 2,
                "Inner Unique": true,
                "Hash Cond": "(mk.movie_id = t.id)",
                "Plans": [
                  {
                    "Node Type": "Seq Scan",
                    "Parent Relationship": "Outer",
                    "Parallel Aware": true,
                    "Relation Name": "movie_keyword",
                    "Alias": "mk",
                    "Startup Cost": 0.0,
                    "Total Cost": 51065.35,
                    "Plan Rows": 2661135,
                    "Plan Width": 4,
                    "Actual Startup Time": 0.014,
                    "Actual Total Time": 158.164,
                    "Actual Rows": 2261965,
                    "Actual Loops": 2
                  },
                  {
                    "Node Type": "Hash",
                    "Parent Relationship": "Inner",
                    "Parallel Aware": true,
                    "Startup Cost": 58306.47,
                    "Total Cost": 58306.47,
                    "Plan Rows": 791994,
                    "Plan Width": 4,
                    "Actual Startup Time": 369.872,
                    "Actual Total Time": 369.873,
                    "Actual Rows": 712507,
                    "Actual Loops": 2,
                    "Hash Buckets": 2097152,
                    "Original Hash Buckets": 2097152,
                    "Hash Batches": 1,
                    "Original Hash Batches": 1,
                    "Peak Memory Usage": 72160,
                    "Plans": [
                      {
                        "Node Type": "Seq Scan",
                        "Parent Relationship": "Outer",
                        "Parallel Aware": true,
                        "Relation Name": "title",
                        "Alias": "t",
                        "Startup Cost": 0.0,
                        "Total Cost": 58306.47,
                        "Plan Rows": 791994,
                        "Plan Width": 4,
                        "Actual Startup Time": 0.028,
                        "Actual Total Time": 175.216,
                        "Actual Rows": 712507,
                        "Actual Loops": 2,
                        "Filter": "((production_year > 1960) AND (kind_id = 7))",
                        "Rows Removed by Filter": 551649
                      }
                    ]
                  }
                ]
              }
            ]
          }
        ]
      }
    ]
  },
  "Planning Time": 0.724,
  "Triggers": [],
  "Execution Time": 821.431
}