[
  {
    "Plan": {
      "Node Type": "Aggregate",
      "Strategy": "Plain",
      "Partial Mode": "Finalize",
      "Parallel Aware": false,
      "Startup Cost": 29030.73,
      "Total Cost": 29030.74,
      "Plan Rows": 1,
      "Plan Width": 8,
      "Actual Startup Time": 60.302,
      "Actual Total Time": 65.351,
      "Actual Rows": 1,
      "Actual Loops": 1,
      "Plans": [
        {
          "Node Type": "Gather",
          "Parent Relationship": "Outer",
          "Parallel Aware": false,
          "Startup Cost": 29030.41,
          "Total Cost": 29030.72,
          "Plan Rows": 3,
          "Plan Width": 8,
          "Actual Startup Time": 60.074,
          "Actual Total Time": 65.344,
          "Actual Rows": 4,
          "Actual Loops": 1,
          "Workers Planned": 3,
          "Workers Launched": 3,
          "Single Copy": false,
          "Plans": [
            {
              "Node Type": "Aggregate",
              "Strategy": "Plain",
              "Partial Mode": "Partial",
              "Parent Relationship": "Outer",
              "Parallel Aware": false,
              "Startup Cost": 28030.41,
              "Total Cost": 28030.42,
              "Plan Rows": 1,
              "Plan Width": 8,
              "Actual Startup Time": 51.112,
              "Actual Total Time": 51.113,
              "Actual Rows": 1,
              "Actual Loops": 4,
              "Plans": [
                {
                  "Node Type": "Bitmap Heap Scan",
                  "Parent Relationship": "Outer",
                  "Parallel Aware": true,
                  "Relation Name": "movie_keyword",
                  "Alias": "mk",
                  "Startup Cost": 2912.23,
                  "Total Cost": 27919.71,
                  "Plan Rows": 44279,
                  "Plan Width": 0,
                  "Actual Startup Time": 4.383,
                  "Actual Total Time": 48.584,
                  "Actual Rows": 33797,
                  "Actual Loops": 4,
                  "Recheck Cond": "(keyword_id > 75617)",
                  "Rows Removed by Index Recheck": 0,
                  "Exact Heap Blocks": 10215,
                  "Lossy Heap Blocks": 0,
                  "Plans": [
                    {
                      "Node Type": "Bitmap Index Scan",
                      "Parent Relationship": "Outer",
                      "Parallel Aware": false,
                      "Index Name": "keyword_id_movie_keyword",
                      "Startup Cost": 0.0,
                      "Total Cost": 2877.91,
                      "Plan Rows": 137264,
                      "Plan Width": 0,
                      "Actual Startup Time": 9.47,
                      "Actual Total Time": 9.47,
                      "Actual Rows": 135187,
                      "Actual Loops": 1,
                      "Index Cond": "(keyword_id > 75617)"
                    }
                  ]
                }
              ]
            }
          ]
        }
      ]
    },
    "Planning Time": 0.208,
    "Triggers": [],
    "Execution Time": 65.425
  }
]