[
  {
    "Plan": {
      "Node Type": "Aggregate",
      "Strategy": "Plain",
      "Partial Mode": "Finalize",
      "Parallel Aware": false,
      "Startup Cost": 360290.44,
      "Total Cost": 360290.45,
      "Plan Rows": 1,
      "Plan Width": 8,
      "Actual Startup Time": 359.109,
      "Actual Total Time": 391.769,
      "Actual Rows": 1,
      "Actual Loops": 1,
      "Plans": [
        {
          "Node Type": "Gather",
          "Parent Relationship": "Outer",
          "Parallel Aware": false,
          "Startup Cost": 360289.92,
          "Total Cost": 360290.43,
          "Plan Rows": 5,
          "Plan Width": 8,
          "Actual Startup Time": 349.816,
          "Actual Total Time": 391.758,
          "Actual Rows": 6,
          "Actual Loops": 1,
          "Workers Planned": 5,
          "Workers Launched": 5,
          "Single Copy": false,
          "Plans": [
            {
              "Node Type": "Aggregate",
              "Strategy": "Plain",
              "Partial Mode": "Partial",
              "Parent Relationship": "Outer",
              "Parallel Aware": false,
              "Startup Cost": 359289.92,
              "Total Cost": 359289.93,
              "Plan Rows": 1,
              "Plan Width": 8,
              "Actual Startup Time": 335.292,
              "Actual Total Time": 335.295,
              "Actual Rows": 1,
              "Actual Loops": 6,
              "Plans": [
                {
                  "Node Type": "Nested Loop",
                  "Parent Relationship": "Outer",
                  "Parallel Aware": false,
                  "Join Type": "Inner",
                  "Startup Cost": 56919.97,
                  "Total Cost": 358001.02,
                  "Plan Rows": 515559,
                  "Plan Width": 0,
                  "Actual Startup Time": 236.54,
                  "Actual Total Time": 333.908,
                  "Actual Rows": 17914,
                  "Actual Loops": 6,
                  "Inner Unique": false,
                  "Plans": [
                    {
                      "Node Type": "Hash Join",
                      "Parent Relationship": "Outer",
                      "Parallel Aware": true,
                      "Join Type": "Inner",
                      "Startup Cost": 56919.4,
                      "Total Cost": 220285.23,
                      "Plan Rows": 55352,
                      "Plan Width": 8,
                      "Actual Startup Time": 236.16,
                      "Actual Total Time": 263.396,
                      "Actual Rows": 924,
                      "Actual Loops": 6,
                      "Inner Unique": true,
                      "Hash Cond": "(mi.movie_id = t.id)",
                      "Plans": [
                        {
                          "Node Type": "Bitmap Heap Scan",
                          "Parent Relationship": "Outer",
                          "Parallel Aware": true,
                          "Relation Name": "movie_info",
                          "Alias": "mi",
                          "Startup Cost": 8201.59,
                          "Total Cost": 171329.16,
                          "Plan Rows": 90765,
                          "Plan Width": 4,
                          "Actual Startup Time": 15.766,
                          "Actual Total Time": 28.039,
                          "Actual Rows": 77606,
                          "Actual Loops": 6,
                          "Recheck Cond": "(info_type_id > 103)",
                          "Rows Removed by Index Recheck": 0,
                          "Exact Heap Blocks": 1828,
                          "Lossy Heap Blocks": 0,
                          "Plans": [
                            {
                              "Node Type": "Bitmap Index Scan",
                              "Parent Relationship": "Outer",
                              "Parallel Aware": false,
                              "Index Name": "info_type_id_movie_info",
                              "Startup Cost": 0.0,
                              "Total Cost": 8088.14,
                              "Plan Rows": 453827,
                              "Plan Width": 0,
                              "Actual Startup Time": 14.964,
                              "Actual Total Time": 14.964,
                              "Actual Rows": 465636,
                              "Actual Loops": 1,
                              "Index Cond": "(info_type_id > 103)"
                            }
                          ]
                        },
                        {
                          "Node Type": "Hash",
                          "Parent Relationship": "Inner",
                          "Parallel Aware": true,
                          "Startup Cost": 43899.32,
                          "Total Cost": 43899.32,
                          "Plan Rows": 385479,
                          "Plan Width": 4,
                          "Actual Startup Time": 210.348,
                          "Actual Total Time": 210.349,
                          "Actual Rows": 257211,
                          "Actual Loops": 6,
                          "Hash Buckets": 2097152,
                          "Original Hash Buckets": 2097152,
                          "Hash Batches": 1,
                          "Original Hash Batches": 1,
                          "Peak Memory Usage": 76832,
                          "Plans": [
                            {
                              "Node Type": "Seq Scan",
                              "Parent Relationship": "Outer",
                              "Parallel Aware": true,
                              "Relation Name": "title",
                              "Alias": "t",
                              "Startup Cost": 0.0,
                              "Total Cost": 43899.32,
                              "Plan Rows": 385479,
                              "Plan Width": 4,
                              "Actual Startup Time": 0.054,
                              "Actual Total Time": 89.516,
                              "Actual Rows": 257211,
                              "Actual Loops": 6,
                              "Filter": "(kind_id = 7)",
                              "Rows Removed by Filter": 164175
                            }
                          ]
                        }
                      ]
                    },
                    {
                      "Node Type": "Index Scan",
                      "Parent Relationship": "Inner",
                      "Parallel Aware": false,
                      "Scan Direction": "Forward",
                      "Index Name": "movie_id_cast_info",
                      "Relation Name": "cast_info",
                      "Alias": "ci",
                      "Startup Cost": 0.56,
                      "Total Cost": 2.26,
                      "Plan Rows": 23,
                      "Plan Width": 4,
                      "Actual Startup Time": 0.032,
                      "Actual Total Time": 0.074,
                      "Actual Rows": 19,
                      "Actual Loops": 5541,
                      "Index Cond": "(movie_id = t.id)",
                      "Rows Removed by Index Recheck": 0,
                      "Filter": "(role_id > 1)",
                      "Rows Removed by Filter": 8
                    }
                  ]
                }
              ]
            }
          ]
        }
      ]
    },
    "Planning Time": 1.366,
    "Triggers": [],
    "Execution Time": 391.89
  }
]