[
  {
    "Plan": {
      "Node Type": "Aggregate",
      "Strategy": "Plain",
      "Partial Mode": "Finalize",
      "Parallel Aware": false,
      "Startup Cost": 47201.61,
      "Total Cost": 47201.62,
      "Plan Rows": 1,
      "Plan Width": 8,
      "Actual Startup Time": 162.318,
      "Actual Total Time": 171.948,
      "Actual Rows": 1,
      "Actual Loops": 1,
      "Plans": [
        {
          "Node Type": "Gather",
          "Parent Relationship": "Outer",
          "Parallel Aware": false,
          "Startup Cost": 47201.29,
          "Total Cost": 47201.6,
          "Plan Rows": 3,
          "Plan Width": 8,
          "Actual Startup Time": 162.192,
          "Actual Total Time": 171.939,
          "Actual Rows": 4,
          "Actual Loops": 1,
          "Workers Planned": 3,
          "Workers Launched": 3,
          "Single Copy": false,
          "Plans": [
            {
              "Node Type": "Aggregate",
              "Strategy": "Plain",
              "Partial Mode": "Partial",
              "Parent Relationship": "Outer",
              "Parallel Aware": false,
              "Startup Cost": 46201.29,
              "Total Cost": 46201.3,
              "Plan Rows": 1,
              "Plan Width": 8,
              "Actual Startup Time": 157.073,
              "Actual Total Time": 157.074,
              "Actual Rows": 1,
              "Actual Loops": 4,
              "Plans": [
                {
                  "Node Type": "Seq Scan",
                  "Parent Relationship": "Outer",
                  "Parallel Aware": true,
                  "Relation Name": "movie_keyword",
                  "Alias": "mk",
                  "Startup Cost": 0.0,
                  "Total Cost": 42695.65,
                  "Plan Rows": 1402254,
                  "Plan Width": 0,
                  "Actual Startup Time": 0.047,
                  "Actual Total Time": 113.619,
                  "Actual Rows": 1086595,
                  "Actual Loops": 4,
                  "Filter": "(keyword_id < 71742)",
                  "Rows Removed by Filter": 44387
                }
              ]
            }
          ]
        }
      ]
    },
    "Planning Time": 0.058,
    "Triggers": [],
    "Execution Time": 171.973
  }
]