[
  {
    "Plan": {
      "Node Type": "Aggregate",
      "Strategy": "Plain",
      "Partial Mode": "Finalize",
      "Parallel Aware": false,
      "Startup Cost": 47196.55,
      "Total Cost": 47196.56,
      "Plan Rows": 1,
      "Plan Width": 8,
      "Actual Startup Time": 185.422,
      "Actual Total Time": 195.179,
      "Actual Rows": 1,
      "Actual Loops": 1,
      "Plans": [
        {
          "Node Type": "Gather",
          "Parent Relationship": "Outer",
          "Parallel Aware": false,
          "Startup Cost": 47196.23,
          "Total Cost": 47196.54,
          "Plan Rows": 3,
          "Plan Width": 8,
          "Actual Startup Time": 185.328,
          "Actual Total Time": 195.171,
          "Actual Rows": 4,
          "Actual Loops": 1,
          "Workers Planned": 3,
          "Workers Launched": 3,
          "Single Copy": false,
          "Plans": [
            {
              "Node Type": "Aggregate",
              "Strategy": "Plain",
              "Partial Mode": "Partial",
              "Parent Relationship": "Outer",
              "Parallel Aware": false,
              "Startup Cost": 46196.23,
              "Total Cost": 46196.24,
              "Plan Rows": 1,
              "Plan Width": 8,
              "Actual Startup Time": 179.284,
              "Actual Total Time": 179.285,
              "Actual Rows": 1,
              "Actual Loops": 4,
              "Plans": [
                {
                  "Node Type": "Seq Scan",
                  "Parent Relationship": "Outer",
                  "Parallel Aware": true,
                  "Relation Name": "movie_keyword",
                  "Alias": "mk",
                  "Startup Cost": 0.0,
                  "Total Cost": 42695.65,
                  "Plan Rows": 1400230,
                  "Plan Width": 0,
                  "Actual Startup Time": 0.05,
                  "Actual Total Time": 128.981,
                  "Actual Rows": 1086595,
                  "Actual Loops": 4,
                  "Filter": "(keyword_id < 71742)",
                  "Rows Removed by Filter": 44387
                }
              ]
            }
          ]
        }
      ]
    },
    "Planning Time": 0.207,
    "Triggers": [],
    "Execution Time": 195.234
  }
]