[
  {
    "Plan": {
      "Node Type": "Aggregate",
      "Strategy": "Plain",
      "Partial Mode": "Finalize",
      "Parallel Aware": false,
      "Startup Cost": 63062.85,
      "Total Cost": 63062.86,
      "Plan Rows": 1,
      "Plan Width": 8,
      "Actual Startup Time": 102.92,
      "Actual Total Time": 116.27,
      "Actual Rows": 1,
      "Actual Loops": 1,
      "Plans": [
        {
          "Node Type": "Gather",
          "Parent Relationship": "Outer",
          "Parallel Aware": false,
          "Startup Cost": 63062.43,
          "Total Cost": 63062.84,
          "Plan Rows": 4,
          "Plan Width": 8,
          "Actual Startup Time": 102.796,
          "Actual Total Time": 116.262,
          "Actual Rows": 5,
          "Actual Loops": 1,
          "Workers Planned": 4,
          "Workers Launched": 4,
          "Single Copy": false,
          "Plans": [
            {
              "Node Type": "Aggregate",
              "Strategy": "Plain",
              "Partial Mode": "Partial",
              "Parent Relationship": "Outer",
              "Parallel Aware": false,
              "Startup Cost": 62062.43,
              "Total Cost": 62062.44,
              "Plan Rows": 1,
              "Plan Width": 8,
              "Actual Startup Time": 95.166,
              "Actual Total Time": 95.167,
              "Actual Rows": 1,
              "Actual Loops": 5,
              "Plans": [
                {
                  "Node Type": "Nested Loop",
                  "Parent Relationship": "Outer",
                  "Parallel Aware": false,
                  "Join Type": "Inner",
                  "Startup Cost": 0.43,
                  "Total Cost": 62060.22,
                  "Plan Rows": 885,
                  "Plan Width": 0,
                  "Actual Startup Time": 2.042,
                  "Actual Total Time": 95.033,
                  "Actual Rows": 1778,
                  "Actual Loops": 5,
                  "Inner Unique": false,
                  "Plans": [
                    {
                      "Node Type": "Seq Scan",
                      "Parent Relationship": "Outer",
                      "Parallel Aware": true,
                      "Relation Name": "title",
                      "Alias": "t",
                      "Startup Cost": 0.0,
                      "Total Cost": 45479.1,
                      "Plan Rows": 2010,
                      "Plan Width": 4,
                      "Actual Startup Time": 0.399,
                      "Actual Total Time": 79.903,
                      "Actual Rows": 1292,
                      "Actual Loops": 5,
                      "Filter": "((kind_id < 3) AND (production_year = 1992))",
                      "Rows Removed by Filter": 504370
                    },
                    {
                      "Node Type": "Index Scan",
                      "Parent Relationship": "Inner",
                      "Parallel Aware": false,
                      "Scan Direction": "Forward",
                      "Index Name": "movie_id_movie_keyword",
                      "Relation Name": "movie_keyword",
                      "Alias": "mk",
                      "Startup Cost": 0.43,
                      "Total Cost": 8.14,
                      "Plan Rows": 11,
                      "Plan Width": 4,
                      "Actual Startup Time": 0.011,
                      "Actual Total Time": 0.011,
                      "Actual Rows": 1,
                      "Actual Loops": 6462,
                      "Index Cond": "(movie_id = t.id)",
                      "Rows Removed by Index Recheck": 0,
                      "Filter": "(keyword_id < 1198)",
                      "Rows Removed by Filter": 4
                    }
                  ]
                }
              ]
            }
          ]
        }
      ]
    },
    "Planning Time": 0.721,
    "Triggers": [],
    "Execution Time": 116.34
  }
]