[
  {
    "Plan": {
      "Node Type": "Aggregate",
      "Strategy": "Plain",
      "Partial Mode": "Finalize",
      "Parallel Aware": false,
      "Startup Cost": 207558.84,
      "Total Cost": 207558.85,
      "Plan Rows": 1,
      "Plan Width": 8,
      "Actual Startup Time": 1468.772,
      "Actual Total Time": 1557.355,
      "Actual Rows": 1,
      "Actual Loops": 1,
      "Plans": [
        {
          "Node Type": "Gather",
          "Parent Relationship": "Outer",
          "Parallel Aware": false,
          "Startup Cost": 207558.42,
          "Total Cost": 207558.83,
          "Plan Rows": 4,
          "Plan Width": 8,
          "Actual Startup Time": 1465.947,
          "Actual Total Time": 1557.343,
          "Actual Rows": 5,
          "Actual Loops": 1,
          "Workers Planned": 4,
          "Workers Launched": 4,
          "Single Copy": false,
          "Plans": [
            {
              "Node Type": "Aggregate",
              "Strategy": "Plain",
              "Partial Mode": "Partial",
              "Parent Relationship": "Outer",
              "Parallel Aware": false,
              "Startup Cost": 206558.42,
              "Total Cost": 206558.43,
              "Plan Rows": 1,
              "Plan Width": 8,
              "Actual Startup Time": 1455.562,
              "Actual Total Time": 1455.566,
              "Actual Rows": 1,
              "Actual Loops": 5,
              "Plans": [
                {
                  "Node Type": "Nested Loop",
                  "Parent Relationship": "Outer",
                  "Parallel Aware": false,
                  "Join Type": "Inner",
                  "Startup Cost": 31179.32,
                  "Total Cost": 206315.55,
                  "Plan Rows": 97147,
                  "Plan Width": 0,
                  "Actual Startup Time": 102.033,
                  "Actual Total Time": 1441.869,
                  "Actual Rows": 246929,
                  "Actual Loops": 5,
                  "Inner Unique": false,
                  "Plans": [
                    {
                      "Node Type": "Hash Join",
                      "Parent Relationship": "Outer",
                      "Parallel Aware": true,
                      "Join Type": "Inner",
                      "Startup Cost": 31178.76,
                      "Total Cost": 77878.31,
                      "Plan Rows": 39998,
                      "Plan Width": 8,
                      "Actual Startup Time": 101.856,
                      "Actual Total Time": 259.482,
                      "Actual Rows": 35355,
                      "Actual Loops": 5,
                      "Inner Unique": false,
                      "Hash Cond": "(t.id = mc.movie_id)",
                      "Plans": [
                        {
                          "Node Type": "Seq Scan",
                          "Parent Relationship": "Outer",
                          "Parallel Aware": true,
                          "Relation Name": "title",
                          "Alias": "t",
                          "Startup Cost": 0.0,
                          "Total Cost": 45479.1,
                          "Plan Rows": 218284,
                          "Plan Width": 4,
                          "Actual Startup Time": 0.021,
                          "Actual Total Time": 72.922,
                          "Actual Rows": 179358,
                          "Actual Loops": 5,
                          "Filter": "((kind_id < 7) AND (production_year < 2012))",
                          "Rows Removed by Filter": 326305
                        },
                        {
                          "Node Type": "Hash",
                          "Parent Relationship": "Inner",
                          "Parallel Aware": true,
                          "Startup Cost": 29310.68,
                          "Total Cost": 29310.68,
                          "Plan Rows": 149446,
                          "Plan Width": 4,
                          "Actual Startup Time": 98.872,
                          "Actual Total Time": 98.873,
                          "Actual Rows": 91616,
                          "Actual Loops": 5,
                          "Hash Buckets": 524288,
                          "Original Hash Buckets": 524288,
                          "Hash Batches": 1,
                          "Original Hash Batches": 1,
                          "Peak Memory Usage": 22112,
                          "Plans": [
                            {
                              "Node Type": "Seq Scan",
                              "Parent Relationship": "Outer",
                              "Parallel Aware": true,
                              "Relation Name": "movie_companies",
                              "Alias": "mc",
                              "Startup Cost": 0.0,
                              "Total Cost": 29310.68,
                              "Plan Rows": 149446,
                              "Plan Width": 4,
                              "Actual Startup Time": 0.043,
                              "Actual Total Time": 63.087,
                              "Actual Rows": 91616,
                              "Actual Loops": 5,
                              "Filter": "(company_id < 394)",
                              "Rows Removed by Filter": 430210
                            }
                          ]
                        }
                      ]
                    },
                    {
                      "Node Type": "Index Scan",
                      "Parent Relationship": "Inner",
                      "Parallel Aware": false,
                      "Scan Direction": "Forward",
                      "Index Name": "movie_id_cast_info",
                      "Relation Name": "cast_info",
                      "Alias": "ci",
                      "Startup Cost": 0.56,
                      "Total Cost": 3.15,
                      "Plan Rows": 6,
                      "Plan Width": 4,
                      "Actual Startup Time": 0.023,
                      "Actual Total Time": 0.033,
                      "Actual Rows": 7,
                      "Actual Loops": 176774,
                      "Index Cond": "(movie_id = t.id)",
                      "Rows Removed by Index Recheck": 0,
                      "Filter": "((person_id > 2773905) AND (role_id > 1))",
                      "Rows Removed by Filter": 20
                    }
                  ]
                }
              ]
            }
          ]
        }
      ]
    },
    "Planning Time": 1.439,
    "Triggers": [],
    "Execution Time": 1557.468
  }
]