{
  "Plan": {
    "Node Type": "Aggregate",
    "Strategy": "Plain",
    "Partial Mode": "Finalize",
    "Parallel Aware": false,
    "Startup Cost": 310764.38,
    "Total Cost": 310764.39,
    "Plan Rows": 1,
    "Plan Width": 8,
    "Actual Startup Time": 149.614,
    "Actual Total Time": 166.436,
    "Actual Rows": 1,
    "Actual Loops": 1,
    "Plans": [
      {
        "Node Type": "Gather",
        "Parent Relationship": "Outer",
        "Parallel Aware": false,
        "Startup Cost": 310764.27,
        "Total Cost": 310764.38,
        "Plan Rows": 1,
        "Plan Width": 8,
        "Actual Startup Time": 149.38,
        "Actual Total Time": 166.429,
        "Actual Rows": 2,
        "Actual Loops": 1,
        "Workers Planned": 1,
        "Workers Launched": 1,
        "Single Copy": false,
        "Plans": [
          {
            "Node Type": "Aggregate",
            "Strategy": "Plain",
            "Partial Mode": "Partial",
            "Parent Relationship": "Outer",
            "Parallel Aware": false,
            "Startup Cost": 309764.27,
            "Total Cost": 309764.28,
            "Plan Rows": 1,
            "Plan Width": 8,
            "Actual Startup Time": 143.315,
            "Actual Total Time": 143.317,
            "Actual Rows": 1,
            "Actual Loops": 2,
            "Plans": [
              {
                "Node Type": "Nested Loop",
                "Parent Relationship": "Outer",
                "Parallel Aware": false,
                "Join Type": "Inner",
                "Startup Cost": 11824.21,
                "Total Cost": 309732.33,
                "Plan Rows": 12775,
                "Plan Width": 0,
                "Actual Startup Time": 41.0,
                "Actual Total Time": 141.762,
                "Actual Rows": 25704,
                "Actual Loops": 2,
                "Inner Unique": false,
                "Plans": [
                  {
                    "Node Type": "Bitmap Heap Scan",
                    "Parent Relationship": "Outer",
                    "Parallel Aware": true,
                    "Relation Name": "title",
                    "Alias": "t",
                    "Startup Cost": 11823.78,
                    "Total Cost": 53674.04,
                    "Plan Rows": 2185,
                    "Plan Width": 4,
                    "Actual Startup Time": 40.832,
                    "Actual Total Time": 87.715,
                    "Actual Rows": 2191,
                    "Actual Loops": 2,
                    "Recheck Cond": "(kind_id = 1)",
                    "Rows Removed by Index Recheck": 0,
                    "Filter": "(production_year = 1979)",
                    "Rows Removed by Filter": 329222,
                    "Exact Heap Blocks": 9615,
                    "Lossy Heap Blocks": 0,
                    "Plans": [
                      {
                        "Node Type": "Bitmap Index Scan",
                        "Parent Relationship": "Outer",
                        "Parallel Aware": false,
                        "Index Name": "kind_id_title",
                        "Startup Cost": 0.0,
                        "Total Cost": 11822.85,
                        "Plan Rows": 663256,
                        "Plan Width": 0,
                        "Actual Startup Time": 43.952,
                        "Actual Total Time": 43.953,
                        "Actual Rows": 662825,
                        "Actual Loops": 1,
                        "Index Cond": "(kind_id = 1)"
                      }
                    ]
                  },
                  {
                    "Node Type": "Index Only Scan",
                    "Parent Relationship": "Inner",
                    "Parallel Aware": false,
                    "Scan Direction": "Forward",
                    "Index Name": "movie_id_movie_info",
                    "Relation Name": "movie_info",
                    "Alias": "mi",
                    "Startup Cost": 0.43,
                    "Total Cost": 116.77,
                    "Plan Rows": 42,
                    "Plan Width": 4,
                    "Actual Startup Time": 0.008,
                    "Actual Total Time": 0.023,
                    "Actual Rows": 12,
                    "Actual Loops": 4382,
                    "Index Cond": "(movie_id = t.id)",
                    "Rows Removed by Index Recheck": 0,
                    "Heap Fetches": 51407
                  }
                ]
              }
            ]
          }
        ]
      }
    ]
  },
  "Planning Time": 0.416,
  "Triggers": [],
  "Execution Time": 166.524
}