{
  "Plan": {
    "Node Type": "Aggregate",
    "Strategy": "Plain",
    "Partial Mode": "Finalize",
    "Parallel Aware": false,
    "Startup Cost": 644863.06,
    "Total Cost": 644863.07,
    "Plan Rows": 1,
    "Plan Width": 8,
    "Actual Startup Time": 2117.427,
    "Actual Total Time": 2185.488,
    "Actual Rows": 1,
    "Actual Loops": 1,
    "Plans": [
      {
        "Node Type": "Gather",
        "Parent Relationship": "Outer",
        "Parallel Aware": false,
        "Startup Cost": 644862.95,
        "Total Cost": 644863.06,
        "Plan Rows": 1,
        "Plan Width": 8,
        "Actual Startup Time": 2117.267,
        "Actual Total Time": 2185.465,
        "Actual Rows": 2,
        "Actual Loops": 1,
        "Workers Planned": 1,
        "Workers Launched": 1,
        "Single Copy": false,
        "Plans": [
          {
            "Node Type": "Aggregate",
            "Strategy": "Plain",
            "Partial Mode": "Partial",
            "Parent Relationship": "Outer",
            "Parallel Aware": false,
            "Startup Cost": 643862.95,
            "Total Cost": 643862.96,
            "Plan Rows": 1,
            "Plan Width": 8,
            "Actual Startup Time": 2111.546,
            "Actual Total Time": 2111.549,
            "Actual Rows": 1,
            "Actual Loops": 2,
            "Plans": [
              {
                "Node Type": "Hash Join",
                "Parent Relationship": "Outer",
                "Parallel Aware": true,
                "Join Type": "Inner",
                "Startup Cost": 58408.17,
                "Total Cost": 643795.0,
                "Plan Rows": 27179,
                "Plan Width": 0,
                "Actual Startup Time": 141.192,
                "Actual Total Time": 2109.812,
                "Actual Rows": 32224,
                "Actual Loops": 2,
                "Inner Unique": true,
                "Hash Cond": "(ci.movie_id = t.id)",
                "Plans": [
                  {
                    "Node Type": "Seq Scan",
                    "Parent Relationship": "Outer",
                    "Parallel Aware": true,
                    "Relation Name": "cast_info",
                    "Alias": "ci",
                    "Startup Cost": 0.0,
                    "Total Cost": 572345.93,
                    "Plan Rows": 4967955,
                    "Plan Width": 4,
                    "Actual Startup Time": 0.015,
                    "Actual Total Time": 1557.571,
                    "Actual Rows": 5538438,
                    "Actual Loops": 2,
                    "Filter": "((person_id < 1516046) AND (role_id < 3))",
                    "Rows Removed by Filter": 12583734
                  },
                  {
                    "Node Type": "Hash",
                    "Parent Relationship": "Inner",
                    "Parallel Aware": true,
                    "Startup Cost": 58306.47,
                    "Total Cost": 58306.47,
                    "Plan Rows": 8136,
                    "Plan Width": 4,
                    "Actual Startup Time": 139.822,
                    "Actual Total Time": 139.824,
                    "Actual Rows": 6816,
                    "Actual Loops": 2,
                    "Hash Buckets": 16384,
                    "Original Hash Buckets": 16384,
                    "Hash Batches": 1,
                    "Original Hash Batches": 1,
                    "Peak Memory Usage": 672,
                    "Plans": [
                      {
                        "Node Type": "Seq Scan",
                        "Parent Relationship": "Outer",
                        "Parallel Aware": true,
                        "Relation Name": "title",
                        "Alias": "t",
                        "Startup Cost": 0.0,
                        "Total Cost": 58306.47,
                        "Plan Rows": 8136,
                        "Plan Width": 4,
                        "Actual Startup Time": 0.041,
                        "Actual Total Time": 137.361,
                        "Actual Rows": 6816,
                        "Actual Loops": 2,
                        "Filter": "((kind_id > 6) AND (production_year = 1990))",
                        "Rows Removed by Filter": 1257340
                      }
                    ]
                  }
                ]
              }
            ]
          }
        ]
      }
    ]
  },
  "Planning Time": 0.552,
  "Triggers": [],
  "Execution Time": 2185.585
}