[
  {
    "Plan": {
      "Node Type": "Aggregate",
      "Strategy": "Plain",
      "Partial Mode": "Finalize",
      "Parallel Aware": false,
      "Startup Cost": 82629.53,
      "Total Cost": 82629.54,
      "Plan Rows": 1,
      "Plan Width": 8,
      "Actual Startup Time": 453.939,
      "Actual Total Time": 474.823,
      "Actual Rows": 1,
      "Actual Loops": 1,
      "Plans": [
        {
          "Node Type": "Gather",
          "Parent Relationship": "Outer",
          "Parallel Aware": false,
          "Startup Cost": 82629.11,
          "Total Cost": 82629.52,
          "Plan Rows": 4,
          "Plan Width": 8,
          "Actual Startup Time": 447.307,
          "Actual Total Time": 474.816,
          "Actual Rows": 5,
          "Actual Loops": 1,
          "Workers Planned": 4,
          "Workers Launched": 4,
          "Single Copy": false,
          "Plans": [
            {
              "Node Type": "Aggregate",
              "Strategy": "Plain",
              "Partial Mode": "Partial",
              "Parent Relationship": "Outer",
              "Parallel Aware": false,
              "Startup Cost": 81629.11,
              "Total Cost": 81629.12,
              "Plan Rows": 1,
              "Plan Width": 8,
              "Actual Startup Time": 437.021,
              "Actual Total Time": 437.029,
              "Actual Rows": 1,
              "Actual Loops": 5,
              "Plans": [
                {
                  "Node Type": "Hash Join",
                  "Parent Relationship": "Outer",
                  "Parallel Aware": true,
                  "Join Type": "Inner",
                  "Startup Cost": 34909.43,
                  "Total Cost": 81087.45,
                  "Plan Rows": 216666,
                  "Plan Width": 0,
                  "Actual Startup Time": 186.504,
                  "Actual Total Time": 426.134,
                  "Actual Rows": 214599,
                  "Actual Loops": 5,
                  "Inner Unique": false,
                  "Hash Cond": "(t.id = mc.movie_id)",
                  "Plans": [
                    {
                      "Node Type": "Seq Scan",
                      "Parent Relationship": "Outer",
                      "Parallel Aware": true,
                      "Relation Name": "title",
                      "Alias": "t",
                      "Startup Cost": 0.0,
                      "Total Cost": 42318.73,
                      "Plan Rows": 632073,
                      "Plan Width": 4,
                      "Actual Startup Time": 0.016,
                      "Actual Total Time": 70.323,
                      "Actual Rows": 505662,
                      "Actual Loops": 5
                    },
                    {
                      "Node Type": "Hash",
                      "Parent Relationship": "Inner",
                      "Parallel Aware": true,
                      "Startup Cost": 31414.82,
                      "Total Cost": 31414.82,
                      "Plan Rows": 279569,
                      "Plan Width": 4,
                      "Actual Startup Time": 182.086,
                      "Actual Total Time": 182.087,
                      "Actual Rows": 214599,
                      "Actual Loops": 5,
                      "Hash Buckets": 2097152,
                      "Original Hash Buckets": 1048576,
                      "Hash Batches": 1,
                      "Original Hash Batches": 1,
                      "Peak Memory Usage": 66656,
                      "Plans": [
                        {
                          "Node Type": "Seq Scan",
                          "Parent Relationship": "Outer",
                          "Parallel Aware": true,
                          "Relation Name": "movie_companies",
                          "Alias": "mc",
                          "Startup Cost": 0.0,
                          "Total Cost": 31414.82,
                          "Plan Rows": 279569,
                          "Plan Width": 4,
                          "Actual Startup Time": 45.906,
                          "Actual Total Time": 82.683,
                          "Actual Rows": 214599,
                          "Actual Loops": 5,
                          "Filter": "((company_id > 2865) AND (company_type_id > 1))",
                          "Rows Removed by Filter": 307226
                        }
                      ]
                    }
                  ]
                }
              ]
            }
          ]
        }
      ]
    },
    "Planning Time": 0.68,
    "Triggers": [],
    "Execution Time": 474.894
  }
]