{
  "Plan": {
    "Node Type": "Aggregate",
    "Strategy": "Plain",
    "Partial Mode": "Finalize",
    "Parallel Aware": false,
    "Startup Cost": 174222.01,
    "Total Cost": 174222.02,
    "Plan Rows": 1,
    "Plan Width": 8,
    "Actual Startup Time": 166.736,
    "Actual Total Time": 180.695,
    "Actual Rows": 1,
    "Actual Loops": 1,
    "Plans": [
      {
        "Node Type": "Gather",
        "Parent Relationship": "Outer",
        "Parallel Aware": false,
        "Startup Cost": 174221.9,
        "Total Cost": 174222.01,
        "Plan Rows": 1,
        "Plan Width": 8,
        "Actual Startup Time": 166.643,
        "Actual Total Time": 180.689,
        "Actual Rows": 2,
        "Actual Loops": 1,
        "Workers Planned": 1,
        "Workers Launched": 1,
        "Single Copy": false,
        "Plans": [
          {
            "Node Type": "Aggregate",
            "Strategy": "Plain",
            "Partial Mode": "Partial",
            "Parent Relationship": "Outer",
            "Parallel Aware": false,
            "Startup Cost": 173221.9,
            "Total Cost": 173221.91,
            "Plan Rows": 1,
            "Plan Width": 8,
            "Actual Startup Time": 160.799,
            "Actual Total Time": 160.801,
            "Actual Rows": 1,
            "Actual Loops": 2,
            "Plans": [
              {
                "Node Type": "Nested Loop",
                "Parent Relationship": "Outer",
                "Parallel Aware": false,
                "Join Type": "Inner",
                "Startup Cost": 0.43,
                "Total Cost": 173220.1,
                "Plan Rows": 719,
                "Plan Width": 0,
                "Actual Startup Time": 90.123,
                "Actual Total Time": 160.79,
                "Actual Rows": 5,
                "Actual Loops": 2,
                "Inner Unique": false,
                "Plans": [
                  {
                    "Node Type": "Seq Scan",
                    "Parent Relationship": "Outer",
                    "Parallel Aware": true,
                    "Relation Name": "title",
                    "Alias": "t",
                    "Startup Cost": 0.0,
                    "Total Cost": 58306.47,
                    "Plan Rows": 785,
                    "Plan Width": 4,
                    "Actual Startup Time": 57.888,
                    "Actual Total Time": 158.92,
                    "Actual Rows": 26,
                    "Actual Loops": 2,
                    "Filter": "((kind_id > 1) AND (production_year = 1937))",
                    "Rows Removed by Filter": 1264130
                  },
                  {
                    "Node Type": "Index Scan",
                    "Parent Relationship": "Inner",
                    "Parallel Aware": false,
                    "Scan Direction": "Forward",
                    "Index Name": "movie_id_movie_info",
                    "Relation Name": "movie_info",
                    "Alias": "mi",
                    "Startup Cost": 0.43,
                    "Total Cost": 146.32,
                    "Plan Rows": 7,
                    "Plan Width": 4,
                    "Actual Startup Time": 0.063,
                    "Actual Total Time": 0.07,
                    "Actual Rows": 0,
                    "Actual Loops": 52,
                    "Index Cond": "(movie_id = t.id)",
                    "Rows Removed by Index Recheck": 0,
                    "Filter": "(info_type_id > 16)",
                    "Rows Removed by Filter": 6
                  }
                ]
              }
            ]
          }
        ]
      }
    ]
  },
  "Planning Time": 0.447,
  "Triggers": [],
  "Execution Time": 180.765
}