[
  {
    "Plan": {
      "Node Type": "Aggregate",
      "Strategy": "Plain",
      "Partial Mode": "Finalize",
      "Parallel Aware": false,
      "Startup Cost": 109003.18,
      "Total Cost": 109003.19,
      "Plan Rows": 1,
      "Plan Width": 8,
      "Actual Startup Time": 197.007,
      "Actual Total Time": 213.964,
      "Actual Rows": 1,
      "Actual Loops": 1,
      "Plans": [
        {
          "Node Type": "Gather",
          "Parent Relationship": "Outer",
          "Parallel Aware": false,
          "Startup Cost": 109002.66,
          "Total Cost": 109003.17,
          "Plan Rows": 5,
          "Plan Width": 8,
          "Actual Startup Time": 196.868,
          "Actual Total Time": 213.945,
          "Actual Rows": 6,
          "Actual Loops": 1,
          "Workers Planned": 5,
          "Workers Launched": 5,
          "Single Copy": false,
          "Plans": [
            {
              "Node Type": "Aggregate",
              "Strategy": "Plain",
              "Partial Mode": "Partial",
              "Parent Relationship": "Outer",
              "Parallel Aware": false,
              "Startup Cost": 108002.66,
              "Total Cost": 108002.67,
              "Plan Rows": 1,
              "Plan Width": 8,
              "Actual Startup Time": 190.838,
              "Actual Total Time": 190.84,
              "Actual Rows": 1,
              "Actual Loops": 6,
              "Plans": [
                {
                  "Node Type": "Index Scan",
                  "Parent Relationship": "Outer",
                  "Parallel Aware": true,
                  "Scan Direction": "Forward",
                  "Index Name": "role_id_cast_info",
                  "Relation Name": "cast_info",
                  "Alias": "ci",
                  "Startup Cost": 0.56,
                  "Total Cost": 107159.34,
                  "Plan Rows": 337329,
                  "Plan Width": 0,
                  "Actual Startup Time": 0.138,
                  "Actual Total Time": 171.242,
                  "Actual Rows": 420557,
                  "Actual Loops": 6,
                  "Index Cond": "(role_id = 3)",
                  "Rows Removed by Index Recheck": 0,
                  "Filter": "(person_id > 2115408)",
                  "Rows Removed by Filter": 247449
                }
              ]
            }
          ]
        }
      ]
    },
    "Planning Time": 0.079,
    "Triggers": [],
    "Execution Time": 213.992
  }
]