[
  {
    "Plan": {
      "Node Type": "Aggregate",
      "Strategy": "Plain",
      "Partial Mode": "Finalize",
      "Parallel Aware": false,
      "Startup Cost": 342913.95,
      "Total Cost": 342913.96,
      "Plan Rows": 1,
      "Plan Width": 8,
      "Actual Startup Time": 994.855,
      "Actual Total Time": 1042.384,
      "Actual Rows": 1,
      "Actual Loops": 1,
      "Plans": [
        {
          "Node Type": "Gather",
          "Parent Relationship": "Outer",
          "Parallel Aware": false,
          "Startup Cost": 342913.32,
          "Total Cost": 342913.93,
          "Plan Rows": 6,
          "Plan Width": 8,
          "Actual Startup Time": 994.656,
          "Actual Total Time": 1042.373,
          "Actual Rows": 7,
          "Actual Loops": 1,
          "Workers Planned": 6,
          "Workers Launched": 6,
          "Single Copy": false,
          "Plans": [
            {
              "Node Type": "Aggregate",
              "Strategy": "Plain",
              "Partial Mode": "Partial",
              "Parent Relationship": "Outer",
              "Parallel Aware": false,
              "Startup Cost": 341913.32,
              "Total Cost": 341913.33,
              "Plan Rows": 1,
              "Plan Width": 8,
              "Actual Startup Time": 987.511,
              "Actual Total Time": 987.512,
              "Actual Rows": 1,
              "Actual Loops": 7,
              "Plans": [
                {
                  "Node Type": "Seq Scan",
                  "Parent Relationship": "Outer",
                  "Parallel Aware": true,
                  "Relation Name": "cast_info",
                  "Alias": "ci",
                  "Startup Cost": 0.0,
                  "Total Cost": 328211.39,
                  "Plan Rows": 5480772,
                  "Plan Width": 0,
                  "Actual Startup Time": 0.041,
                  "Actual Total Time": 723.83,
                  "Actual Rows": 4707502,
                  "Actual Loops": 7,
                  "Filter": "(person_id < 3455858)",
                  "Rows Removed by Filter": 470261
                }
              ]
            }
          ]
        }
      ]
    },
    "Planning Time": 0.205,
    "Triggers": [],
    "Execution Time": 1042.45
  }
]