{
  "Plan": {
    "Node Type": "Aggregate",
    "Strategy": "Plain",
    "Partial Mode": "Finalize",
    "Parallel Aware": false,
    "Startup Cost": 77912.05,
    "Total Cost": 77912.06,
    "Plan Rows": 1,
    "Plan Width": 8,
    "Actual Startup Time": 262.594,
    "Actual Total Time": 275.526,
    "Actual Rows": 1,
    "Actual Loops": 1,
    "Plans": [
      {
        "Node Type": "Gather",
        "Parent Relationship": "Outer",
        "Parallel Aware": false,
        "Startup Cost": 77911.93,
        "Total Cost": 77912.04,
        "Plan Rows": 1,
        "Plan Width": 8,
        "Actual Startup Time": 262.047,
        "Actual Total Time": 275.52,
        "Actual Rows": 2,
        "Actual Loops": 1,
        "Workers Planned": 1,
        "Workers Launched": 1,
        "Single Copy": false,
        "Plans": [
          {
            "Node Type": "Aggregate",
            "Strategy": "Plain",
            "Partial Mode": "Partial",
            "Parent Relationship": "Outer",
            "Parallel Aware": false,
            "Startup Cost": 76911.93,
            "Total Cost": 76911.94,
            "Plan Rows": 1,
            "Plan Width": 8,
            "Actual Startup Time": 258.309,
            "Actual Total Time": 258.312,
            "Actual Rows": 1,
            "Actual Loops": 2,
            "Plans": [
              {
                "Node Type": "Hash Join",
                "Parent Relationship": "Outer",
                "Parallel Aware": true,
                "Join Type": "Inner",
                "Startup Cost": 58686.64,
                "Total Cost": 76870.43,
                "Plan Rows": 16601,
                "Plan Width": 0,
                "Actual Startup Time": 173.424,
                "Actual Total Time": 257.372,
                "Actual Rows": 22698,
                "Actual Loops": 2,
                "Inner Unique": true,
                "Hash Cond": "(mi_idx.movie_id = t.id)",
                "Plans": [
                  {
                    "Node Type": "Seq Scan",
                    "Parent Relationship": "Outer",
                    "Parallel Aware": true,
                    "Relation Name": "movie_info_idx",
                    "Alias": "mi_idx",
                    "Startup Cost": 0.0,
                    "Total Cost": 16052.85,
                    "Plan Rows": 811785,
                    "Plan Width": 4,
                    "Actual Startup Time": 0.017,
                    "Actual Total Time": 46.903,
                    "Actual Rows": 690018,
                    "Actual Loops": 2
                  },
                  {
                    "Node Type": "Hash",
                    "Parent Relationship": "Inner",
                    "Parallel Aware": true,
                    "Startup Cost": 58306.47,
                    "Total Cost": 58306.47,
                    "Plan Rows": 30414,
                    "Plan Width": 4,
                    "Actual Startup Time": 152.597,
                    "Actual Total Time": 152.598,
                    "Actual Rows": 66554,
                    "Actual Loops": 2,
                    "Hash Buckets": 262144,
                    "Original Hash Buckets": 65536,
                    "Hash Batches": 1,
                    "Original Hash Batches": 1,
                    "Peak Memory Usage": 8832,
                    "Plans": [
                      {
                        "Node Type": "Seq Scan",
                        "Parent Relationship": "Outer",
                        "Parallel Aware": true,
                        "Relation Name": "title",
                        "Alias": "t",
                        "Startup Cost": 0.0,
                        "Total Cost": 58306.47,
                        "Plan Rows": 30414,
                        "Plan Width": 4,
                        "Actual Startup Time": 5.507,
                        "Actual Total Time": 135.406,
                        "Actual Rows": 66554,
                        "Actual Loops": 2,
                        "Filter": "((kind_id < 7) AND (production_year < 1937))",
                        "Rows Removed by Filter": 1197602
                      }
                    ]
                  }
                ]
              }
            ]
          }
        ]
      }
    ]
  },
  "Planning Time": 0.436,
  "Triggers": [],
  "Execution Time": 275.595
}