{
    "Plan": {
        "Node Type": "Aggregate",
        "Strategy": "Plain",
        "Partial Mode": "Simple",
        "Parallel Aware": false,
        "Startup Cost": 10009632820.37,
        "Total Cost": 10009632820.38,
        "Plan Rows": 1,
        "Plan Width": 96,
        "Actual Startup Time": 120946.576,
        "Actual Total Time": 120946.783,
        "Actual Rows": 1,
        "Actual Loops": 1,
        "Output": [
            "min(k.keyword)",
            "min(n.name)",
            "min(t.title)"
        ],
        "Plans": [
            {
                "Node Type": "Nested Loop",
                "Parent Relationship": "Outer",
                "Parallel Aware": false,
                "Join Type": "Inner",
                "Startup Cost": 10009553234.9,
                "Total Cost": 10009632799.94,
                "Plan Rows": 2724,
                "Plan Width": 48,
                "Actual Startup Time": 91020.045,
                "Actual Total Time": 120766.579,
                "Actual Rows": 489673,
                "Actual Loops": 1,
                "Output": [
                    "k.keyword",
                    "n.name",
                    "t.title"
                ],
                "Inner Unique": true,
                "Plans": [
                    {
                        "Node Type": "Hash Join",
                        "Parent Relationship": "Outer",
                        "Parallel Aware": false,
                        "Join Type": "Inner",
                        "Startup Cost": 9553234.45,
                        "Total Cost": 9586573.59,
                        "Plan Rows": 10363,
                        "Plan Width": 39,
                        "Actual Startup Time": 91019.13,
                        "Actual Total Time": 106748.156,
                        "Actual Rows": 3245104,
                        "Actual Loops": 1,
                        "Output": [
                            "ci.movie_id",
                            "mk.movie_id",
                            "k.keyword",
                            "n.name"
                        ],
                        "Inner Unique": false,
                        "Hash Cond": "(k.id = mk.keyword_id)",
                        "Plans": [
                            {
                                "Node Type": "Seq Scan",
                                "Parent Relationship": "Outer",
                                "Parallel Aware": false,
                                "Relation Name": "keyword",
                                "Schema": "public",
                                "Alias": "k",
                                "Startup Cost": 0.0,
                                "Total Cost": 3632.4,
                                "Plan Rows": 8,
                                "Plan Width": 20,
                                "Actual Startup Time": 2.537,
                                "Actual Total Time": 22.599,
                                "Actual Rows": 8,
                                "Actual Loops": 1,
                                "Output": [
                                    "k.id",
                                    "k.keyword",
                                    "k.phonetic_code"
                                ],
                                "Filter": "(k.keyword = ANY ('{murder,blood,female-nudity,sequel,violence,magnet,second-part,gore}'::text[]))",
                                "Rows Removed by Filter": 134162
                            },
                            {
                                "Node Type": "Hash",
                                "Parent Relationship": "Inner",
                                "Parallel Aware": false,
                                "Startup Cost": 7380796.07,
                                "Total Cost": 7380796.07,
                                "Plan Rows": 173795071,
                                "Plan Width": 27,
                                "Actual Startup Time": 90912.58,
                                "Actual Total Time": 90912.785,
                                "Actual Rows": 215765477,
                                "Actual Loops": 1,
                                "Output": [
                                    "ci.movie_id",
                                    "mk.keyword_id",
                                    "mk.movie_id",
                                    "n.name"
                                ],
                                "Hash Buckets": 67108864,
                                "Original Hash Buckets": 67108864,
                                "Hash Batches": 4,
                                "Original Hash Batches": 4,
                                "Peak Memory Usage": 3556998,
                                "Plans": [
                                    {
                                        "Node Type": "Hash Join",
                                        "Parent Relationship": "Outer",
                                        "Parallel Aware": false,
                                        "Join Type": "Inner",
                                        "Startup Cost": 5346955.56,
                                        "Total Cost": 7380796.07,
                                        "Plan Rows": 173795071,
                                        "Plan Width": 27,
                                        "Actual Startup Time": 19949.527,
                                        "Actual Total Time": 45749.608,
                                        "Actual Rows": 215765477,
                                        "Actual Loops": 1,
                                        "Output": [
                                            "ci.movie_id",
                                            "mk.keyword_id",
                                            "mk.movie_id",
                                            "n.name"
                                        ],
                                        "Inner Unique": false,
                                        "Hash Cond": "(mk.movie_id = ci.movie_id)",
                                        "Plans": [
                                            {
                                                "Node Type": "Seq Scan",
                                                "Parent Relationship": "Outer",
                                                "Parallel Aware": false,
                                                "Relation Name": "movie_keyword",
                                                "Schema": "public",
                                                "Alias": "mk",
                                                "Startup Cost": 0.0,
                                                "Total Cost": 69693.3,
                                                "Plan Rows": 4523930,
                                                "Plan Width": 8,
                                                "Actual Startup Time": 0.02,
                                                "Actual Total Time": 606.676,
                                                "Actual Rows": 4523930,
                                                "Actual Loops": 1,
                                                "Output": [
                                                    "mk.id",
                                                    "mk.movie_id",
                                                    "mk.keyword_id"
                                                ]
                                            },
                                            {
                                                "Node Type": "Hash",
                                                "Parent Relationship": "Inner",
                                                "Parallel Aware": false,
                                                "Startup Cost": 4893795.86,
                                                "Total Cost": 4893795.86,
                                                "Plan Rows": 36252776,
                                                "Plan Width": 19,
                                                "Actual Startup Time": 19785.182,
                                                "Actual Total Time": 19785.383,
                                                "Actual Rows": 36244344,
                                                "Actual Loops": 1,
                                                "Output": [
                                                    "ci.movie_id",
                                                    "n.name"
                                                ],
                                                "Hash Buckets": 67108864,
                                                "Original Hash Buckets": 67108864,
                                                "Hash Batches": 1,
                                                "Original Hash Batches": 1,
                                                "Peak Memory Usage": 2346694,
                                                "Plans": [
                                                    {
                                                        "Node Type": "Gather",
                                                        "Parent Relationship": "Outer",
                                                        "Parallel Aware": false,
                                                        "Startup Cost": 994655.6,
                                                        "Total Cost": 4893795.86,
                                                        "Plan Rows": 36252776,
                                                        "Plan Width": 19,
                                                        "Actual Startup Time": 2329.305,
                                                        "Actual Total Time": 8861.913,
                                                        "Actual Rows": 36244344,
                                                        "Actual Loops": 1,
                                                        "Output": [
                                                            "ci.movie_id",
                                                            "n.name"
                                                        ],
                                                        "Workers Planned": 6,
                                                        "Workers Launched": 6,
                                                        "Single Copy": false,
                                                        "Plans": [
                                                            {
                                                                "Node Type": "Merge Join",
                                                                "Parent Relationship": "Outer",
                                                                "Parallel Aware": false,
                                                                "Join Type": "Inner",
                                                                "Startup Cost": 993655.6,
                                                                "Total Cost": 1267518.26,
                                                                "Plan Rows": 6042129,
                                                                "Plan Width": 19,
                                                                "Actual Startup Time": 2048.78,
                                                                "Actual Total Time": 6415.551,
                                                                "Actual Rows": 5177763,
                                                                "Actual Loops": 7,
                                                                "Output": [
                                                                    "ci.movie_id",
                                                                    "n.name"
                                                                ],
                                                                "Inner Unique": true,
                                                                "Merge Cond": "(ci.person_id = n.id)",
                                                                "Workers": [
                                                                    {
                                                                        "Worker Number": 0,
                                                                        "Actual Startup Time": 1960.667,
                                                                        "Actual Total Time": 6397.602,
                                                                        "Actual Rows": 4283911,
                                                                        "Actual Loops": 1
                                                                    },
                                                                    {
                                                                        "Worker Number": 1,
                                                                        "Actual Startup Time": 2097.004,
                                                                        "Actual Total Time": 7341.459,
                                                                        "Actual Rows": 5909998,
                                                                        "Actual Loops": 1
                                                                    },
                                                                    {
                                                                        "Worker Number": 2,
                                                                        "Actual Startup Time": 2090.407,
                                                                        "Actual Total Time": 7219.596,
                                                                        "Actual Rows": 5695565,
                                                                        "Actual Loops": 1
                                                                    },
                                                                    {
                                                                        "Worker Number": 3,
                                                                        "Actual Startup Time": 1963.775,
                                                                        "Actual Total Time": 6261.788,
                                                                        "Actual Rows": 4074010,
                                                                        "Actual Loops": 1
                                                                    },
                                                                    {
                                                                        "Worker Number": 4,
                                                                        "Actual Startup Time": 1961.343,
                                                                        "Actual Total Time": 6120.237,
                                                                        "Actual Rows": 3884072,
                                                                        "Actual Loops": 1
                                                                    },
                                                                    {
                                                                        "Worker Number": 5,
                                                                        "Actual Startup Time": 1939.379,
                                                                        "Actual Total Time": 6168.969,
                                                                        "Actual Rows": 3938383,
                                                                        "Actual Loops": 1
                                                                    }
                                                                ],
                                                                "Plans": [
                                                                    {
                                                                        "Node Type": "Sort",
                                                                        "Parent Relationship": "Outer",
                                                                        "Parallel Aware": false,
                                                                        "Startup Cost": 993652.18,
                                                                        "Total Cost": 1008757.5,
                                                                        "Plan Rows": 6042129,
                                                                        "Plan Width": 8,
                                                                        "Actual Startup Time": 2048.422,
                                                                        "Actual Total Time": 2497.224,
                                                                        "Actual Rows": 5177763,
                                                                        "Actual Loops": 7,
                                                                        "Output": [
                                                                            "ci.movie_id",
                                                                            "ci.person_id"
                                                                        ],
                                                                        "Sort Key": [
                                                                            "ci.person_id"
                                                                        ],
                                                                        "Sort Method": "quicksort",
                                                                        "Sort Space Used": 789704,
                                                                        "Sort Space Type": "Memory",
                                                                        "Workers": [
                                                                            {
                                                                                "Worker Number": 0,
                                                                                "Actual Startup Time": 1960.04,
                                                                                "Actual Total Time": 2357.372,
                                                                                "Actual Rows": 4283911,
                                                                                "Actual Loops": 1
                                                                            },
                                                                            {
                                                                                "Worker Number": 1,
                                                                                "Actual Startup Time": 2096.622,
                                                                                "Actual Total Time": 2655.303,
                                                                                "Actual Rows": 5909998,
                                                                                "Actual Loops": 1
                                                                            },
                                                                            {
                                                                                "Worker Number": 2,
                                                                                "Actual Startup Time": 2090.125,
                                                                                "Actual Total Time": 2633.673,
                                                                                "Actual Rows": 5695565,
                                                                                "Actual Loops": 1
                                                                            },
                                                                            {
                                                                                "Worker Number": 3,
                                                                                "Actual Startup Time": 1963.483,
                                                                                "Actual Total Time": 2344.118,
                                                                                "Actual Rows": 4074010,
                                                                                "Actual Loops": 1
                                                                            },
                                                                            {
                                                                                "Worker Number": 4,
                                                                                "Actual Startup Time": 1961.077,
                                                                                "Actual Total Time": 2337.594,
                                                                                "Actual Rows": 3884072,
                                                                                "Actual Loops": 1
                                                                            },
                                                                            {
                                                                                "Worker Number": 5,
                                                                                "Actual Startup Time": 1938.768,
                                                                                "Actual Total Time": 2293.029,
                                                                                "Actual Rows": 3938383,
                                                                                "Actual Loops": 1
                                                                            }
                                                                        ],
                                                                        "Plans": [
                                                                            {
                                                                                "Node Type": "Seq Scan",
                                                                                "Parent Relationship": "Outer",
                                                                                "Parallel Aware": true,
                                                                                "Relation Name": "cast_info",
                                                                                "Schema": "public",
                                                                                "Alias": "ci",
                                                                                "Startup Cost": 0.0,
                                                                                "Total Cost": 313108.29,
                                                                                "Plan Rows": 6042129,
                                                                                "Plan Width": 8,
                                                                                "Actual Startup Time": 0.064,
                                                                                "Actual Total Time": 788.72,
                                                                                "Actual Rows": 5177763,
                                                                                "Actual Loops": 7,
                                                                                "Output": [
                                                                                    "ci.movie_id",
                                                                                    "ci.person_id"
                                                                                ],
                                                                                "Workers": [
                                                                                    {
                                                                                        "Worker Number": 0,
                                                                                        "Actual Startup Time": 0.067,
                                                                                        "Actual Total Time": 776.763,
                                                                                        "Actual Rows": 4283911,
                                                                                        "Actual Loops": 1
                                                                                    },
                                                                                    {
                                                                                        "Worker Number": 1,
                                                                                        "Actual Startup Time": 0.077,
                                                                                        "Actual Total Time": 772.931,
                                                                                        "Actual Rows": 5909998,
                                                                                        "Actual Loops": 1
                                                                                    },
                                                                                    {
                                                                                        "Worker Number": 2,
                                                                                        "Actual Startup Time": 0.074,
                                                                                        "Actual Total Time": 789.292,
                                                                                        "Actual Rows": 5695565,
                                                                                        "Actual Loops": 1
                                                                                    },
                                                                                    {
                                                                                        "Worker Number": 3,
                                                                                        "Actual Startup Time": 0.069,
                                                                                        "Actual Total Time": 786.446,
                                                                                        "Actual Rows": 4074010,
                                                                                        "Actual Loops": 1
                                                                                    },
                                                                                    {
                                                                                        "Worker Number": 4,
                                                                                        "Actual Startup Time": 0.068,
                                                                                        "Actual Total Time": 789.269,
                                                                                        "Actual Rows": 3884072,
                                                                                        "Actual Loops": 1
                                                                                    },
                                                                                    {
                                                                                        "Worker Number": 5,
                                                                                        "Actual Startup Time": 0.079,
                                                                                        "Actual Total Time": 781.061,
                                                                                        "Actual Rows": 3938383,
                                                                                        "Actual Loops": 1
                                                                                    }
                                                                                ]
                                                                            }
                                                                        ]
                                                                    },
                                                                    {
                                                                        "Node Type": "Index Scan",
                                                                        "Parent Relationship": "Inner",
                                                                        "Parallel Aware": false,
                                                                        "Scan Direction": "Forward",
                                                                        "Index Name": "name_pkey",
                                                                        "Relation Name": "name",
                                                                        "Schema": "public",
                                                                        "Alias": "n",
                                                                        "Startup Cost": 0.43,
                                                                        "Total Cost": 178173.8,
                                                                        "Plan Rows": 4167549,
                                                                        "Plan Width": 19,
                                                                        "Actual Startup Time": 0.127,
                                                                        "Actual Total Time": 2197.514,
                                                                        "Actual Rows": 4061882,
                                                                        "Actual Loops": 7,
                                                                        "Output": [
                                                                            "n.id",
                                                                            "n.name",
                                                                            "n.imdb_index",
                                                                            "n.imdb_id",
                                                                            "n.gender",
                                                                            "n.name_pcode_cf",
                                                                            "n.name_pcode_nf",
                                                                            "n.surname_pcode",
                                                                            "n.md5sum"
                                                                        ],
                                                                        "Workers": [
                                                                            {
                                                                                "Worker Number": 0,
                                                                                "Actual Startup Time": 0.128,
                                                                                "Actual Total Time": 2324.265,
                                                                                "Actual Rows": 4061866,
                                                                                "Actual Loops": 1
                                                                            },
                                                                            {
                                                                                "Worker Number": 1,
                                                                                "Actual Startup Time": 0.122,
                                                                                "Actual Total Time": 2434.186,
                                                                                "Actual Rows": 4061926,
                                                                                "Actual Loops": 1
                                                                            },
                                                                            {
                                                                                "Worker Number": 2,
                                                                                "Actual Startup Time": 0.152,
                                                                                "Actual Total Time": 2457.269,
                                                                                "Actual Rows": 4061821,
                                                                                "Actual Loops": 1
                                                                            },
                                                                            {
                                                                                "Worker Number": 3,
                                                                                "Actual Startup Time": 0.155,
                                                                                "Actual Total Time": 2322.992,
                                                                                "Actual Rows": 4061833,
                                                                                "Actual Loops": 1
                                                                            },
                                                                            {
                                                                                "Worker Number": 4,
                                                                                "Actual Startup Time": 0.151,
                                                                                "Actual Total Time": 2294.735,
                                                                                "Actual Rows": 4061923,
                                                                                "Actual Loops": 1
                                                                            },
                                                                            {
                                                                                "Worker Number": 5,
                                                                                "Actual Startup Time": 0.147,
                                                                                "Actual Total Time": 2305.918,
                                                                                "Actual Rows": 4061906,
                                                                                "Actual Loops": 1
                                                                            }
                                                                        ]
                                                                    }
                                                                ]
                                                            }
                                                        ]
                                                    }
                                                ]
                                            }
                                        ]
                                    }
                                ]
                            }
                        ]
                    },
                    {
                        "Node Type": "Bitmap Heap Scan",
                        "Parent Relationship": "Inner",
                        "Parallel Aware": false,
                        "Relation Name": "title",
                        "Schema": "public",
                        "Alias": "t",
                        "Startup Cost": 0.45,
                        "Total Cost": 4.46,
                        "Plan Rows": 1,
                        "Plan Width": 21,
                        "Actual Startup Time": 0.003,
                        "Actual Total Time": 0.003,
                        "Actual Rows": 0,
                        "Actual Loops": 3245104,
                        "Output": [
                            "t.id",
                            "t.title",
                            "t.imdb_index",
                            "t.kind_id",
                            "t.production_year",
                            "t.imdb_id",
                            "t.phonetic_code",
                            "t.episode_of_id",
                            "t.season_nr",
                            "t.episode_nr",
                            "t.series_years",
                            "t.md5sum"
                        ],
                        "Recheck Cond": "(t.id = mk.movie_id)",
                        "Rows Removed by Index Recheck": 0,
                        "Filter": "(t.production_year > 2008)",
                        "Rows Removed by Filter": 1,
                        "Exact Heap Blocks": 3245104,
                        "Lossy Heap Blocks": 0,
                        "Plans": [
                            {
                                "Node Type": "Bitmap Index Scan",
                                "Parent Relationship": "Outer",
                                "Parallel Aware": false,
                                "Index Name": "title_pkey",
                                "Startup Cost": 0.0,
                                "Total Cost": 0.45,
                                "Plan Rows": 1,
                                "Plan Width": 0,
                                "Actual Startup Time": 0.002,
                                "Actual Total Time": 0.002,
                                "Actual Rows": 1,
                                "Actual Loops": 3245104,
                                "Index Cond": "(t.id = mk.movie_id)"
                            }
                        ]
                    }
                ]
            }
        ]
    },
    "Planning Time": 1.842,
    "Triggers": [],
    "Execution Time": 121172.498
}