[
  {
    "Plan": {
      "Node Type": "Aggregate",
      "Strategy": "Plain",
      "Partial Mode": "Finalize",
      "Parallel Aware": false,
      "Startup Cost": 32249.54,
      "Total Cost": 32249.55,
      "Plan Rows": 1,
      "Plan Width": 8,
      "Actual Startup Time": 124.042,
      "Actual Total Time": 133.189,
      "Actual Rows": 1,
      "Actual Loops": 1,
      "Plans": [
        {
          "Node Type": "Gather",
          "Parent Relationship": "Outer",
          "Parallel Aware": false,
          "Startup Cost": 32249.22,
          "Total Cost": 32249.53,
          "Plan Rows": 3,
          "Plan Width": 8,
          "Actual Startup Time": 123.88,
          "Actual Total Time": 133.179,
          "Actual Rows": 4,
          "Actual Loops": 1,
          "Workers Planned": 3,
          "Workers Launched": 3,
          "Single Copy": false,
          "Plans": [
            {
              "Node Type": "Aggregate",
              "Strategy": "Plain",
              "Partial Mode": "Partial",
              "Parent Relationship": "Outer",
              "Parallel Aware": false,
              "Startup Cost": 31249.22,
              "Total Cost": 31249.23,
              "Plan Rows": 1,
              "Plan Width": 8,
              "Actual Startup Time": 119.569,
              "Actual Total Time": 119.57,
              "Actual Rows": 1,
              "Actual Loops": 4,
              "Plans": [
                {
                  "Node Type": "Seq Scan",
                  "Parent Relationship": "Outer",
                  "Parallel Aware": true,
                  "Relation Name": "movie_companies",
                  "Alias": "mc",
                  "Startup Cost": 0.0,
                  "Total Cost": 29310.68,
                  "Plan Rows": 775416,
                  "Plan Width": 0,
                  "Actual Startup Time": 0.029,
                  "Actual Total Time": 88.4,
                  "Actual Rows": 602298,
                  "Actual Loops": 4,
                  "Filter": "(company_id > 60)",
                  "Rows Removed by Filter": 49984
                }
              ]
            }
          ]
        }
      ]
    },
    "Planning Time": 0.103,
    "Triggers": [],
    "Execution Time": 133.222
  }
]