[
  {
    "Plan": {
      "Node Type": "Aggregate",
      "Strategy": "Plain",
      "Partial Mode": "Finalize",
      "Parallel Aware": false,
      "Startup Cost": 44966.79,
      "Total Cost": 44966.8,
      "Plan Rows": 1,
      "Plan Width": 8,
      "Actual Startup Time": 79.162,
      "Actual Total Time": 91.479,
      "Actual Rows": 1,
      "Actual Loops": 1,
      "Plans": [
        {
          "Node Type": "Gather",
          "Parent Relationship": "Outer",
          "Parallel Aware": false,
          "Startup Cost": 44966.37,
          "Total Cost": 44966.78,
          "Plan Rows": 4,
          "Plan Width": 8,
          "Actual Startup Time": 78.895,
          "Actual Total Time": 91.468,
          "Actual Rows": 5,
          "Actual Loops": 1,
          "Workers Planned": 4,
          "Workers Launched": 4,
          "Single Copy": false,
          "Plans": [
            {
              "Node Type": "Aggregate",
              "Strategy": "Plain",
              "Partial Mode": "Partial",
              "Parent Relationship": "Outer",
              "Parallel Aware": false,
              "Startup Cost": 43966.37,
              "Total Cost": 43966.38,
              "Plan Rows": 1,
              "Plan Width": 8,
              "Actual Startup Time": 74.911,
              "Actual Total Time": 74.913,
              "Actual Rows": 1,
              "Actual Loops": 5,
              "Plans": [
                {
                  "Node Type": "Seq Scan",
                  "Parent Relationship": "Outer",
                  "Parallel Aware": true,
                  "Relation Name": "title",
                  "Alias": "t",
                  "Startup Cost": 0.0,
                  "Total Cost": 43899.32,
                  "Plan Rows": 26820,
                  "Plan Width": 0,
                  "Actual Startup Time": 39.492,
                  "Actual Total Time": 73.8,
                  "Actual Rows": 23063,
                  "Actual Loops": 5,
                  "Filter": "(production_year < 1930)",
                  "Rows Removed by Filter": 482599
                }
              ]
            }
          ]
        }
      ]
    },
    "Planning Time": 0.165,
    "Triggers": [],
    "Execution Time": 91.54
  }
]