[
  {
    "Plan": {
      "Node Type": "Aggregate",
      "Strategy": "Plain",
      "Partial Mode": "Finalize",
      "Parallel Aware": false,
      "Startup Cost": 31867.64,
      "Total Cost": 31867.65,
      "Plan Rows": 1,
      "Plan Width": 8,
      "Actual Startup Time": 130.668,
      "Actual Total Time": 139.649,
      "Actual Rows": 1,
      "Actual Loops": 1,
      "Plans": [
        {
          "Node Type": "Gather",
          "Parent Relationship": "Outer",
          "Parallel Aware": false,
          "Startup Cost": 31867.32,
          "Total Cost": 31867.63,
          "Plan Rows": 3,
          "Plan Width": 8,
          "Actual Startup Time": 130.549,
          "Actual Total Time": 139.641,
          "Actual Rows": 4,
          "Actual Loops": 1,
          "Workers Planned": 3,
          "Workers Launched": 3,
          "Single Copy": false,
          "Plans": [
            {
              "Node Type": "Aggregate",
              "Strategy": "Plain",
              "Partial Mode": "Partial",
              "Parent Relationship": "Outer",
              "Parallel Aware": false,
              "Startup Cost": 30867.32,
              "Total Cost": 30867.33,
              "Plan Rows": 1,
              "Plan Width": 8,
              "Actual Startup Time": 122.236,
              "Actual Total Time": 122.237,
              "Actual Rows": 1,
              "Actual Loops": 4,
              "Plans": [
                {
                  "Node Type": "Seq Scan",
                  "Parent Relationship": "Outer",
                  "Parallel Aware": true,
                  "Relation Name": "movie_companies",
                  "Alias": "mc",
                  "Startup Cost": 0.0,
                  "Total Cost": 29310.68,
                  "Plan Rows": 622655,
                  "Plan Width": 0,
                  "Actual Startup Time": 0.591,
                  "Actual Total Time": 96.077,
                  "Actual Rows": 483845,
                  "Actual Loops": 4,
                  "Filter": "(company_id > 1095)",
                  "Rows Removed by Filter": 168437
                }
              ]
            }
          ]
        }
      ]
    },
    "Planning Time": 0.146,
    "Triggers": [],
    "Execution Time": 139.706
  }
]