[
    {
        "Bao": {
            "Bao prediction": "NaN",
            "Bao recommended hint": "(no hint)"
        }
    },
    {
        "Plan": {
            "Node Type": "Aggregate",
            "Strategy": "Plain",
            "Partial Mode": "Finalize",
            "Parallel Aware": false,
            "Startup Cost": 307166.93,
            "Total Cost": 307166.94,
            "Plan Rows": 1,
            "Plan Width": 8,
            "Actual Startup Time": 203.11,
            "Actual Total Time": 210.286,
            "Actual Rows": 1,
            "Actual Loops": 1,
            "Output": [
                "count(*)"
            ],
            "Plans": [
                {
                    "Node Type": "Gather",
                    "Parent Relationship": "Outer",
                    "Parallel Aware": false,
                    "Startup Cost": 307166.31,
                    "Total Cost": 307166.92,
                    "Plan Rows": 6,
                    "Plan Width": 8,
                    "Actual Startup Time": 202.55,
                    "Actual Total Time": 210.278,
                    "Actual Rows": 7,
                    "Actual Loops": 1,
                    "Output": [
                        "(PARTIAL count(*))"
                    ],
                    "Workers Planned": 6,
                    "Workers Launched": 6,
                    "Single Copy": false,
                    "Plans": [
                        {
                            "Node Type": "Aggregate",
                            "Strategy": "Plain",
                            "Partial Mode": "Partial",
                            "Parent Relationship": "Outer",
                            "Parallel Aware": false,
                            "Startup Cost": 306166.31,
                            "Total Cost": 306166.32,
                            "Plan Rows": 1,
                            "Plan Width": 8,
                            "Actual Startup Time": 192.096,
                            "Actual Total Time": 192.097,
                            "Actual Rows": 1,
                            "Actual Loops": 7,
                            "Output": [
                                "PARTIAL count(*)"
                            ],
                            "Workers": [
                                {
                                    "Worker Number": 0,
                                    "Actual Startup Time": 189.77,
                                    "Actual Total Time": 189.771,
                                    "Actual Rows": 1,
                                    "Actual Loops": 1
                                },
                                {
                                    "Worker Number": 1,
                                    "Actual Startup Time": 189.805,
                                    "Actual Total Time": 189.806,
                                    "Actual Rows": 1,
                                    "Actual Loops": 1
                                },
                                {
                                    "Worker Number": 2,
                                    "Actual Startup Time": 190.336,
                                    "Actual Total Time": 190.337,
                                    "Actual Rows": 1,
                                    "Actual Loops": 1
                                },
                                {
                                    "Worker Number": 3,
                                    "Actual Startup Time": 190.532,
                                    "Actual Total Time": 190.534,
                                    "Actual Rows": 1,
                                    "Actual Loops": 1
                                },
                                {
                                    "Worker Number": 4,
                                    "Actual Startup Time": 191.121,
                                    "Actual Total Time": 191.123,
                                    "Actual Rows": 1,
                                    "Actual Loops": 1
                                },
                                {
                                    "Worker Number": 5,
                                    "Actual Startup Time": 191.273,
                                    "Actual Total Time": 191.274,
                                    "Actual Rows": 1,
                                    "Actual Loops": 1
                                }
                            ],
                            "Plans": [
                                {
                                    "Node Type": "Bitmap Heap Scan",
                                    "Parent Relationship": "Outer",
                                    "Parallel Aware": true,
                                    "Relation Name": "cast_info",
                                    "Schema": "public",
                                    "Alias": "ci",
                                    "Startup Cost": 47352.47,
                                    "Total Cost": 305411.06,
                                    "Plan Rows": 302098,
                                    "Plan Width": 0,
                                    "Actual Startup Time": 89.378,
                                    "Actual Total Time": 175.659,
                                    "Actual Rows": 289770,
                                    "Actual Loops": 7,
                                    "Recheck Cond": "(ci.person_id < 211025)",
                                    "Rows Removed by Index Recheck": 0,
                                    "Filter": "(ci.role_id < 9)",
                                    "Rows Removed by Filter": 17175,
                                    "Exact Heap Blocks": 5213,
                                    "Lossy Heap Blocks": 0,
                                    "Workers": [
                                        {
                                            "Worker Number": 0,
                                            "Actual Startup Time": 87.293,
                                            "Actual Total Time": 173.832,
                                            "Actual Rows": 261526,
                                            "Actual Loops": 1
                                        },
                                        {
                                            "Worker Number": 1,
                                            "Actual Startup Time": 87.535,
                                            "Actual Total Time": 173.758,
                                            "Actual Rows": 266790,
                                            "Actual Loops": 1
                                        },
                                        {
                                            "Worker Number": 2,
                                            "Actual Startup Time": 87.658,
                                            "Actual Total Time": 174.218,
                                            "Actual Rows": 275501,
                                            "Actual Loops": 1
                                        },
                                        {
                                            "Worker Number": 3,
                                            "Actual Startup Time": 87.742,
                                            "Actual Total Time": 174.15,
                                            "Actual Rows": 269189,
                                            "Actual Loops": 1
                                        },
                                        {
                                            "Worker Number": 4,
                                            "Actual Startup Time": 88.33,
                                            "Actual Total Time": 174.911,
                                            "Actual Rows": 275710,
                                            "Actual Loops": 1
                                        },
                                        {
                                            "Worker Number": 5,
                                            "Actual Startup Time": 88.481,
                                            "Actual Total Time": 174.722,
                                            "Actual Rows": 204597,
                                            "Actual Loops": 1
                                        }
                                    ],
                                    "Plans": [
                                        {
                                            "Node Type": "Bitmap Index Scan",
                                            "Parent Relationship": "Outer",
                                            "Parallel Aware": false,
                                            "Index Name": "person_id_cast_info",
                                            "Startup Cost": 0.0,
                                            "Total Cost": 46899.33,
                                            "Plan Rows": 2148635,
                                            "Plan Width": 0,
                                            "Actual Startup Time": 95.309,
                                            "Actual Total Time": 95.31,
                                            "Actual Rows": 2148617,
                                            "Actual Loops": 1,
                                            "Index Cond": "(ci.person_id < 211025)"
                                        }
                                    ]
                                }
                            ]
                        }
                    ]
                }
            ]
        },
        "Planning Time": 187.268,
        "Triggers": [],
        "Execution Time": 210.372
    }
]