[
  {
    "Plan": {
      "Node Type": "Aggregate",
      "Strategy": "Plain",
      "Partial Mode": "Finalize",
      "Parallel Aware": false,
      "Startup Cost": 582095.86,
      "Total Cost": 582095.87,
      "Plan Rows": 1,
      "Plan Width": 8,
      "Actual Startup Time": 1974.941,
      "Actual Total Time": 2054.749,
      "Actual Rows": 1,
      "Actual Loops": 1,
      "Plans": [
        {
          "Node Type": "Gather",
          "Parent Relationship": "Outer",
          "Parallel Aware": false,
          "Startup Cost": 582095.24,
          "Total Cost": 582095.85,
          "Plan Rows": 6,
          "Plan Width": 8,
          "Actual Startup Time": 1945.853,
          "Actual Total Time": 2054.733,
          "Actual Rows": 7,
          "Actual Loops": 1,
          "Workers Planned": 6,
          "Workers Launched": 6,
          "Single Copy": false,
          "Plans": [
            {
              "Node Type": "Aggregate",
              "Strategy": "Plain",
              "Partial Mode": "Partial",
              "Parent Relationship": "Outer",
              "Parallel Aware": false,
              "Startup Cost": 581095.24,
              "Total Cost": 581095.25,
              "Plan Rows": 1,
              "Plan Width": 8,
              "Actual Startup Time": 1930.177,
              "Actual Total Time": 1930.283,
              "Actual Rows": 1,
              "Actual Loops": 7,
              "Plans": [
                {
                  "Node Type": "Hash Join",
                  "Parent Relationship": "Outer",
                  "Parallel Aware": true,
                  "Join Type": "Inner",
                  "Startup Cost": 242274.82,
                  "Total Cost": 579052.11,
                  "Plan Rows": 817250,
                  "Plan Width": 0,
                  "Actual Startup Time": 945.03,
                  "Actual Total Time": 1879.323,
                  "Actual Rows": 893123,
                  "Actual Loops": 7,
                  "Inner Unique": false,
                  "Hash Cond": "(ci.movie_id = t.id)",
                  "Plans": [
                    {
                      "Node Type": "Seq Scan",
                      "Parent Relationship": "Outer",
                      "Parallel Aware": true,
                      "Relation Name": "cast_info",
                      "Alias": "ci",
                      "Startup Cost": 0.0,
                      "Total Cost": 328162.03,
                      "Plan Rows": 1861538,
                      "Plan Width": 4,
                      "Actual Startup Time": 318.529,
                      "Actual Total Time": 670.45,
                      "Actual Rows": 1581608,
                      "Actual Loops": 7,
                      "Filter": "(person_id > 2595609)",
                      "Rows Removed by Filter": 3596155
                    },
                    {
                      "Node Type": "Hash",
                      "Parent Relationship": "Inner",
                      "Parallel Aware": true,
                      "Startup Cost": 239499.9,
                      "Total Cost": 239499.9,
                      "Plan Rows": 221994,
                      "Plan Width": 8,
                      "Actual Startup Time": 621.772,
                      "Actual Total Time": 621.875,
                      "Actual Rows": 151842,
                      "Actual Loops": 7,
                      "Hash Buckets": 2097152,
                      "Original Hash Buckets": 2097152,
                      "Hash Batches": 1,
                      "Original Hash Batches": 1,
                      "Peak Memory Usage": 58080,
                      "Plans": [
                        {
                          "Node Type": "Hash Join",
                          "Parent Relationship": "Outer",
                          "Parallel Aware": true,
                          "Join Type": "Inner",
                          "Startup Cost": 73693.72,
                          "Total Cost": 239499.9,
                          "Plan Rows": 221994,
                          "Plan Width": 8,
                          "Actual Startup Time": 358.6,
                          "Actual Total Time": 504.832,
                          "Actual Rows": 151842,
                          "Actual Loops": 7,
                          "Inner Unique": true,
                          "Hash Cond": "(mi.movie_id = t.id)",
                          "Plans": [
                            {
                              "Node Type": "Bitmap Heap Scan",
                              "Parent Relationship": "Outer",
                              "Parallel Aware": true,
                              "Relation Name": "movie_info",
                              "Alias": "mi",
                              "Startup Cost": 22837.73,
                              "Total Cost": 187982.11,
                              "Plan Rows": 252111,
                              "Plan Width": 4,
                              "Actual Startup Time": 50.648,
                              "Actual Total Time": 85.849,
                              "Actual Rows": 184133,
                              "Actual Loops": 7,
                              "Recheck Cond": "(info_type_id = 2)",
                              "Rows Removed by Index Recheck": 0,
                              "Exact Heap Blocks": 1191,
                              "Lossy Heap Blocks": 0,
                              "Plans": [
                                {
                                  "Node Type": "Bitmap Index Scan",
                                  "Parent Relationship": "Outer",
                                  "Parallel Aware": false,
                                  "Index Name": "info_type_id_movie_info",
                                  "Startup Cost": 0.0,
                                  "Total Cost": 22522.59,
                                  "Plan Rows": 1260554,
                                  "Plan Width": 0,
                                  "Actual Startup Time": 49.164,
                                  "Actual Total Time": 49.165,
                                  "Actual Rows": 1288928,
                                  "Actual Loops": 1,
                                  "Index Cond": "(info_type_id = 2)"
                                }
                              ]
                            },
                            {
                              "Node Type": "Hash",
                              "Parent Relationship": "Inner",
                              "Parallel Aware": true,
                              "Startup Cost": 43898.92,
                              "Total Cost": 43898.92,
                              "Plan Rows": 556566,
                              "Plan Width": 4,
                              "Actual Startup Time": 302.786,
                              "Actual Total Time": 302.787,
                              "Actual Rows": 316403,
                              "Actual Loops": 7,
                              "Hash Buckets": 4194304,
                              "Original Hash Buckets": 4194304,
                              "Hash Batches": 1,
                              "Original Hash Batches": 1,
                              "Peak Memory Usage": 119520,
                              "Plans": [
                                {
                                  "Node Type": "Seq Scan",
                                  "Parent Relationship": "Outer",
                                  "Parallel Aware": true,
                                  "Relation Name": "title",
                                  "Alias": "t",
                                  "Startup Cost": 0.0,
                                  "Total Cost": 43898.92,
                                  "Plan Rows": 556566,
                                  "Plan Width": 4,
                                  "Actual Startup Time": 0.069,
                                  "Actual Total Time": 96.43,
                                  "Actual Rows": 316403,
                                  "Actual Loops": 7,
                                  "Filter": "(production_year > 1959)",
                                  "Rows Removed by Filter": 44785
                                }
                              ]
                            }
                          ]
                        }
                      ]
                    }
                  ]
                }
              ]
            }
          ]
        }
      ]
    },
    "Planning Time": 1.396,
    "Triggers": [],
    "Execution Time": 2054.886
  }
]