[
  {
    "Plan": {
      "Node Type": "Aggregate",
      "Strategy": "Plain",
      "Partial Mode": "Finalize",
      "Parallel Aware": false,
      "Startup Cost": 45863.44,
      "Total Cost": 45863.45,
      "Plan Rows": 1,
      "Plan Width": 8,
      "Actual Startup Time": 116.392,
      "Actual Total Time": 128.345,
      "Actual Rows": 1,
      "Actual Loops": 1,
      "Plans": [
        {
          "Node Type": "Gather",
          "Parent Relationship": "Outer",
          "Parallel Aware": false,
          "Startup Cost": 45863.02,
          "Total Cost": 45863.43,
          "Plan Rows": 4,
          "Plan Width": 8,
          "Actual Startup Time": 116.192,
          "Actual Total Time": 128.335,
          "Actual Rows": 5,
          "Actual Loops": 1,
          "Workers Planned": 4,
          "Workers Launched": 4,
          "Single Copy": false,
          "Plans": [
            {
              "Node Type": "Aggregate",
              "Strategy": "Plain",
              "Partial Mode": "Partial",
              "Parent Relationship": "Outer",
              "Parallel Aware": false,
              "Startup Cost": 44863.02,
              "Total Cost": 44863.03,
              "Plan Rows": 1,
              "Plan Width": 8,
              "Actual Startup Time": 110.797,
              "Actual Total Time": 110.799,
              "Actual Rows": 1,
              "Actual Loops": 5,
              "Plans": [
                {
                  "Node Type": "Seq Scan",
                  "Parent Relationship": "Outer",
                  "Parallel Aware": true,
                  "Relation Name": "title",
                  "Alias": "t",
                  "Startup Cost": 0.0,
                  "Total Cost": 43899.32,
                  "Plan Rows": 385479,
                  "Plan Width": 0,
                  "Actual Startup Time": 0.032,
                  "Actual Total Time": 94.468,
                  "Actual Rows": 308653,
                  "Actual Loops": 5,
                  "Filter": "(kind_id = 7)",
                  "Rows Removed by Filter": 197010
                }
              ]
            }
          ]
        }
      ]
    },
    "Planning Time": 0.091,
    "Triggers": [],
    "Execution Time": 128.38
  }
]