[
  {
    "Plan": {
      "Node Type": "Aggregate",
      "Strategy": "Plain",
      "Partial Mode": "Finalize",
      "Parallel Aware": false,
      "Startup Cost": 29147.38,
      "Total Cost": 29147.39,
      "Plan Rows": 1,
      "Plan Width": 8,
      "Actual Startup Time": 77.356,
      "Actual Total Time": 81.166,
      "Actual Rows": 1,
      "Actual Loops": 1,
      "Plans": [
        {
          "Node Type": "Gather",
          "Parent Relationship": "Outer",
          "Parallel Aware": false,
          "Startup Cost": 29147.06,
          "Total Cost": 29147.37,
          "Plan Rows": 3,
          "Plan Width": 8,
          "Actual Startup Time": 77.203,
          "Actual Total Time": 81.157,
          "Actual Rows": 4,
          "Actual Loops": 1,
          "Workers Planned": 3,
          "Workers Launched": 3,
          "Single Copy": false,
          "Plans": [
            {
              "Node Type": "Aggregate",
              "Strategy": "Plain",
              "Partial Mode": "Partial",
              "Parent Relationship": "Outer",
              "Parallel Aware": false,
              "Startup Cost": 28147.06,
              "Total Cost": 28147.07,
              "Plan Rows": 1,
              "Plan Width": 8,
              "Actual Startup Time": 69.718,
              "Actual Total Time": 69.72,
              "Actual Rows": 1,
              "Actual Loops": 4,
              "Plans": [
                {
                  "Node Type": "Bitmap Heap Scan",
                  "Parent Relationship": "Outer",
                  "Parallel Aware": true,
                  "Relation Name": "movie_companies",
                  "Alias": "mc",
                  "Startup Cost": 7524.14,
                  "Total Cost": 28004.06,
                  "Plan Rows": 57202,
                  "Plan Width": 0,
                  "Actual Startup Time": 23.73,
                  "Actual Total Time": 62.784,
                  "Actual Rows": 87946,
                  "Actual Loops": 4,
                  "Recheck Cond": "(company_id > 88067)",
                  "Rows Removed by Index Recheck": 0,
                  "Filter": "(company_type_id = 2)",
                  "Rows Removed by Filter": 0,
                  "Exact Heap Blocks": 2185,
                  "Lossy Heap Blocks": 0,
                  "Plans": [
                    {
                      "Node Type": "Bitmap Index Scan",
                      "Parent Relationship": "Outer",
                      "Parallel Aware": false,
                      "Index Name": "company_id_movie_companies",
                      "Startup Cost": 0.0,
                      "Total Cost": 7479.81,
                      "Plan Rows": 349250,
                      "Plan Width": 0,
                      "Actual Startup Time": 29.453,
                      "Actual Total Time": 29.454,
                      "Actual Rows": 351784,
                      "Actual Loops": 1,
                      "Index Cond": "(company_id > 88067)"
                    }
                  ]
                }
              ]
            }
          ]
        }
      ]
    },
    "Planning Time": 0.224,
    "Triggers": [],
    "Execution Time": 81.23
  }
]