[
  {
    "Plan": {
      "Node Type": "Aggregate",
      "Strategy": "Plain",
      "Partial Mode": "Finalize",
      "Parallel Aware": false,
      "Startup Cost": 390467.65,
      "Total Cost": 390467.66,
      "Plan Rows": 1,
      "Plan Width": 8,
      "Actual Startup Time": 1889.387,
      "Actual Total Time": 1952.421,
      "Actual Rows": 1,
      "Actual Loops": 1,
      "Plans": [
        {
          "Node Type": "Gather",
          "Parent Relationship": "Outer",
          "Parallel Aware": false,
          "Startup Cost": 390467.03,
          "Total Cost": 390467.64,
          "Plan Rows": 6,
          "Plan Width": 8,
          "Actual Startup Time": 1885.586,
          "Actual Total Time": 1952.406,
          "Actual Rows": 7,
          "Actual Loops": 1,
          "Workers Planned": 6,
          "Workers Launched": 6,
          "Single Copy": false,
          "Plans": [
            {
              "Node Type": "Aggregate",
              "Strategy": "Plain",
              "Partial Mode": "Partial",
              "Parent Relationship": "Outer",
              "Parallel Aware": false,
              "Startup Cost": 389467.03,
              "Total Cost": 389467.04,
              "Plan Rows": 1,
              "Plan Width": 8,
              "Actual Startup Time": 1875.094,
              "Actual Total Time": 1875.097,
              "Actual Rows": 1,
              "Actual Loops": 7,
              "Plans": [
                {
                  "Node Type": "Hash Join",
                  "Parent Relationship": "Outer",
                  "Parallel Aware": true,
                  "Join Type": "Inner",
                  "Startup Cost": 45121.09,
                  "Total Cost": 387388.94,
                  "Plan Rows": 831234,
                  "Plan Width": 0,
                  "Actual Startup Time": 162.45,
                  "Actual Total Time": 1830.502,
                  "Actual Rows": 762708,
                  "Actual Loops": 7,
                  "Inner Unique": true,
                  "Hash Cond": "(ci.movie_id = t.id)",
                  "Plans": [
                    {
                      "Node Type": "Seq Scan",
                      "Parent Relationship": "Outer",
                      "Parallel Aware": true,
                      "Relation Name": "cast_info",
                      "Alias": "ci",
                      "Startup Cost": 0.0,
                      "Total Cost": 328162.03,
                      "Plan Rows": 5373639,
                      "Plan Width": 4,
                      "Actual Startup Time": 49.588,
                      "Actual Total Time": 770.637,
                      "Actual Rows": 4589774,
                      "Actual Loops": 7,
                      "Filter": "(person_id > 395501)",
                      "Rows Removed by Filter": 587990
                    },
                    {
                      "Node Type": "Hash",
                      "Parent Relationship": "Inner",
                      "Parallel Aware": true,
                      "Startup Cost": 43898.92,
                      "Total Cost": 43898.92,
                      "Plan Rows": 97774,
                      "Plan Width": 4,
                      "Actual Startup Time": 110.159,
                      "Actual Total Time": 110.16,
                      "Actual Rows": 55952,
                      "Actual Loops": 7,
                      "Hash Buckets": 524288,
                      "Original Hash Buckets": 524288,
                      "Hash Batches": 1,
                      "Original Hash Batches": 1,
                      "Peak Memory Usage": 19552,
                      "Plans": [
                        {
                          "Node Type": "Seq Scan",
                          "Parent Relationship": "Outer",
                          "Parallel Aware": true,
                          "Relation Name": "title",
                          "Alias": "t",
                          "Startup Cost": 0.0,
                          "Total Cost": 43898.92,
                          "Plan Rows": 97774,
                          "Plan Width": 4,
                          "Actual Startup Time": 0.047,
                          "Actual Total Time": 81.798,
                          "Actual Rows": 55952,
                          "Actual Loops": 7,
                          "Filter": "(production_year > 2010)",
                          "Rows Removed by Filter": 305235
                        }
                      ]
                    }
                  ]
                }
              ]
            }
          ]
        }
      ]
    },
    "Planning Time": 0.572,
    "Triggers": [],
    "Execution Time": 1952.505
  }
]