[
  {
    "Plan": {
      "Node Type": "Aggregate",
      "Strategy": "Plain",
      "Partial Mode": "Finalize",
      "Parallel Aware": false,
      "Startup Cost": 292238.06,
      "Total Cost": 292238.07,
      "Plan Rows": 1,
      "Plan Width": 8,
      "Actual Startup Time": 986.673,
      "Actual Total Time": 1035.622,
      "Actual Rows": 1,
      "Actual Loops": 1,
      "Plans": [
        {
          "Node Type": "Gather",
          "Parent Relationship": "Outer",
          "Parallel Aware": false,
          "Startup Cost": 292237.74,
          "Total Cost": 292238.05,
          "Plan Rows": 3,
          "Plan Width": 8,
          "Actual Startup Time": 983.185,
          "Actual Total Time": 1035.592,
          "Actual Rows": 4,
          "Actual Loops": 1,
          "Workers Planned": 3,
          "Workers Launched": 3,
          "Single Copy": false,
          "Plans": [
            {
              "Node Type": "Aggregate",
              "Strategy": "Plain",
              "Partial Mode": "Partial",
              "Parent Relationship": "Outer",
              "Parallel Aware": false,
              "Startup Cost": 291237.74,
              "Total Cost": 291237.75,
              "Plan Rows": 1,
              "Plan Width": 8,
              "Actual Startup Time": 977.75,
              "Actual Total Time": 977.816,
              "Actual Rows": 1,
              "Actual Loops": 4,
              "Plans": [
                {
                  "Node Type": "Hash Join",
                  "Parent Relationship": "Outer",
                  "Parallel Aware": true,
                  "Join Type": "Inner",
                  "Startup Cost": 246003.63,
                  "Total Cost": 290840.91,
                  "Plan Rows": 158732,
                  "Plan Width": 0,
                  "Actual Startup Time": 729.603,
                  "Actual Total Time": 961.733,
                  "Actual Rows": 316144,
                  "Actual Loops": 4,
                  "Inner Unique": false,
                  "Hash Cond": "(mk.movie_id = t.id)",
                  "Plans": [
                    {
                      "Node Type": "Seq Scan",
                      "Parent Relationship": "Outer",
                      "Parallel Aware": true,
                      "Relation Name": "movie_keyword",
                      "Alias": "mk",
                      "Startup Cost": 0.0,
                      "Total Cost": 39047.32,
                      "Plan Rows": 1459332,
                      "Plan Width": 4,
                      "Actual Startup Time": 0.03,
                      "Actual Total Time": 98.607,
                      "Actual Rows": 1130982,
                      "Actual Loops": 4
                    },
                    {
                      "Node Type": "Hash",
                      "Parent Relationship": "Inner",
                      "Parallel Aware": true,
                      "Startup Cost": 245316.08,
                      "Total Cost": 245316.08,
                      "Plan Rows": 55004,
                      "Plan Width": 8,
                      "Actual Startup Time": 727.807,
                      "Actual Total Time": 727.872,
                      "Actual Rows": 61610,
                      "Actual Loops": 4,
                      "Hash Buckets": 524288,
                      "Original Hash Buckets": 524288,
                      "Hash Batches": 1,
                      "Original Hash Batches": 1,
                      "Peak Memory Usage": 13856,
                      "Plans": [
                        {
                          "Node Type": "Hash Join",
                          "Parent Relationship": "Outer",
                          "Parallel Aware": true,
                          "Join Type": "Inner",
                          "Startup Cost": 44616.0,
                          "Total Cost": 245316.08,
                          "Plan Rows": 55004,
                          "Plan Width": 8,
                          "Actual Startup Time": 236.83,
                          "Actual Total Time": 706.091,
                          "Actual Rows": 61610,
                          "Actual Loops": 4,
                          "Inner Unique": true,
                          "Hash Cond": "(mi.movie_id = t.id)",
                          "Plans": [
                            {
                              "Node Type": "Seq Scan",
                              "Parent Relationship": "Outer",
                              "Parallel Aware": true,
                              "Relation Name": "movie_info",
                              "Alias": "mi",
                              "Startup Cost": 0.0,
                              "Total Cost": 199108.24,
                              "Plan Rows": 606414,
                              "Plan Width": 4,
                              "Actual Startup Time": 111.663,
                              "Actual Total Time": 462.535,
                              "Actual Rows": 759180,
                              "Actual Loops": 4,
                              "Filter": "(info_type_id = 16)",
                              "Rows Removed by Filter": 2949750
                            },
                            {
                              "Node Type": "Hash",
                              "Parent Relationship": "Inner",
                              "Parallel Aware": true,
                              "Startup Cost": 43899.32,
                              "Total Cost": 43899.32,
                              "Plan Rows": 57334,
                              "Plan Width": 4,
                              "Actual Startup Time": 124.453,
                              "Actual Total Time": 124.454,
                              "Actual Rows": 57912,
                              "Actual Loops": 4,
                              "Hash Buckets": 262144,
                              "Original Hash Buckets": 262144,
                              "Hash Batches": 1,
                              "Original Hash Batches": 1,
                              "Peak Memory Usage": 11168,
                              "Plans": [
                                {
                                  "Node Type": "Seq Scan",
                                  "Parent Relationship": "Outer",
                                  "Parallel Aware": true,
                                  "Relation Name": "title",
                                  "Alias": "t",
                                  "Startup Cost": 0.0,
                                  "Total Cost": 43899.32,
                                  "Plan Rows": 57334,
                                  "Plan Width": 4,
                                  "Actual Startup Time": 0.024,
                                  "Actual Total Time": 102.415,
                                  "Actual Rows": 57912,
                                  "Actual Loops": 4,
                                  "Filter": "(production_year > 2011)",
                                  "Rows Removed by Filter": 574166
                                }
                              ]
                            }
                          ]
                        }
                      ]
                    }
                  ]
                }
              ]
            }
          ]
        }
      ]
    },
    "Planning Time": 0.511,
    "Triggers": [],
    "Execution Time": 1035.681
  }
]