[
  {
    "Plan": {
      "Node Type": "Aggregate",
      "Strategy": "Plain",
      "Partial Mode": "Finalize",
      "Parallel Aware": false,
      "Startup Cost": 47241.24,
      "Total Cost": 47241.25,
      "Plan Rows": 1,
      "Plan Width": 8,
      "Actual Startup Time": 125.489,
      "Actual Total Time": 138.154,
      "Actual Rows": 1,
      "Actual Loops": 1,
      "Plans": [
        {
          "Node Type": "Gather",
          "Parent Relationship": "Outer",
          "Parallel Aware": false,
          "Startup Cost": 47240.82,
          "Total Cost": 47241.23,
          "Plan Rows": 4,
          "Plan Width": 8,
          "Actual Startup Time": 125.214,
          "Actual Total Time": 138.145,
          "Actual Rows": 5,
          "Actual Loops": 1,
          "Workers Planned": 4,
          "Workers Launched": 4,
          "Single Copy": false,
          "Plans": [
            {
              "Node Type": "Aggregate",
              "Strategy": "Plain",
              "Partial Mode": "Partial",
              "Parent Relationship": "Outer",
              "Parallel Aware": false,
              "Startup Cost": 46240.82,
              "Total Cost": 46240.83,
              "Plan Rows": 1,
              "Plan Width": 8,
              "Actual Startup Time": 115.668,
              "Actual Total Time": 115.671,
              "Actual Rows": 1,
              "Actual Loops": 5,
              "Plans": [
                {
                  "Node Type": "Seq Scan",
                  "Parent Relationship": "Outer",
                  "Parallel Aware": true,
                  "Relation Name": "title",
                  "Alias": "t",
                  "Startup Cost": 0.0,
                  "Total Cost": 45479.59,
                  "Plan Rows": 304493,
                  "Plan Width": 0,
                  "Actual Startup Time": 0.057,
                  "Actual Total Time": 99.927,
                  "Actual Rows": 265990,
                  "Actual Loops": 5,
                  "Filter": "((kind_id > 2) AND (production_year > 1991))",
                  "Rows Removed by Filter": 239672
                }
              ]
            }
          ]
        }
      ]
    },
    "Planning Time": 0.186,
    "Triggers": [],
    "Execution Time": 138.212
  }
]