{
  "Plan": {
    "Node Type": "Aggregate",
    "Strategy": "Plain",
    "Partial Mode": "Finalize",
    "Parallel Aware": false,
    "Startup Cost": 100383.87,
    "Total Cost": 100383.88,
    "Plan Rows": 1,
    "Plan Width": 8,
    "Actual Startup Time": 619.723,
    "Actual Total Time": 636.121,
    "Actual Rows": 1,
    "Actual Loops": 1,
    "Plans": [
      {
        "Node Type": "Gather",
        "Parent Relationship": "Outer",
        "Parallel Aware": false,
        "Startup Cost": 100383.75,
        "Total Cost": 100383.86,
        "Plan Rows": 1,
        "Plan Width": 8,
        "Actual Startup Time": 615.702,
        "Actual Total Time": 636.113,
        "Actual Rows": 2,
        "Actual Loops": 1,
        "Workers Planned": 1,
        "Workers Launched": 1,
        "Single Copy": false,
        "Plans": [
          {
            "Node Type": "Aggregate",
            "Strategy": "Plain",
            "Partial Mode": "Partial",
            "Parent Relationship": "Outer",
            "Parallel Aware": false,
            "Startup Cost": 99383.75,
            "Total Cost": 99383.76,
            "Plan Rows": 1,
            "Plan Width": 8,
            "Actual Startup Time": 607.457,
            "Actual Total Time": 607.461,
            "Actual Rows": 1,
            "Actual Loops": 2,
            "Plans": [
              {
                "Node Type": "Hash Join",
                "Parent Relationship": "Outer",
                "Parallel Aware": true,
                "Join Type": "Inner",
                "Startup Cost": 72808.95,
                "Total Cost": 99153.27,
                "Plan Rows": 92194,
                "Plan Width": 0,
                "Actual Startup Time": 498.601,
                "Actual Total Time": 605.096,
                "Actual Rows": 47398,
                "Actual Loops": 2,
                "Inner Unique": true,
                "Hash Cond": "(mk.movie_id = t.id)",
                "Plans": [
                  {
                    "Node Type": "Bitmap Heap Scan",
                    "Parent Relationship": "Outer",
                    "Parallel Aware": true,
                    "Relation Name": "movie_keyword",
                    "Alias": "mk",
                    "Startup Cost": 4507.04,
                    "Total Cost": 30523.29,
                    "Plan Rows": 124980,
                    "Plan Width": 4,
                    "Actual Startup Time": 18.802,
                    "Actual Total Time": 79.254,
                    "Actual Rows": 111054,
                    "Actual Loops": 2,
                    "Recheck Cond": "(keyword_id < 178)",
                    "Rows Removed by Index Recheck": 0,
                    "Exact Heap Blocks": 14585,
                    "Lossy Heap Blocks": 0,
                    "Plans": [
                      {
                        "Node Type": "Bitmap Index Scan",
                        "Parent Relationship": "Outer",
                        "Parallel Aware": false,
                        "Index Name": "keyword_id_movie_keyword",
                        "Startup Cost": 0.0,
                        "Total Cost": 4453.93,
                        "Plan Rows": 212466,
                        "Plan Width": 0,
                        "Actual Startup Time": 15.318,
                        "Actual Total Time": 15.319,
                        "Actual Rows": 222109,
                        "Actual Loops": 1,
                        "Index Cond": "(keyword_id < 178)"
                      }
                    ]
                  },
                  {
                    "Node Type": "Hash",
                    "Parent Relationship": "Inner",
                    "Parallel Aware": true,
                    "Startup Cost": 54588.39,
                    "Total Cost": 54588.39,
                    "Plan Rows": 1097081,
                    "Plan Width": 4,
                    "Actual Startup Time": 464.768,
                    "Actual Total Time": 464.769,
                    "Actual Rows": 932744,
                    "Actual Loops": 2,
                    "Hash Buckets": 2097152,
                    "Original Hash Buckets": 2097152,
                    "Hash Batches": 1,
                    "Original Hash Batches": 1,
                    "Peak Memory Usage": 89376,
                    "Plans": [
                      {
                        "Node Type": "Seq Scan",
                        "Parent Relationship": "Outer",
                        "Parallel Aware": true,
                        "Relation Name": "title",
                        "Alias": "t",
                        "Startup Cost": 0.0,
                        "Total Cost": 54588.39,
                        "Plan Rows": 1097081,
                        "Plan Width": 4,
                        "Actual Startup Time": 0.034,
                        "Actual Total Time": 179.188,
                        "Actual Rows": 932744,
                        "Actual Loops": 2,
                        "Filter": "(kind_id > 1)",
                        "Rows Removed by Filter": 331412
                      }
                    ]
                  }
                ]
              }
            ]
          }
        ]
      }
    ]
  },
  "Planning Time": 0.597,
  "Triggers": [],
  "Execution Time": 636.21
}