{
  "Plan": {
    "Node Type": "Aggregate",
    "Strategy": "Plain",
    "Partial Mode": "Finalize",
    "Parallel Aware": false,
    "Startup Cost": 200100.98,
    "Total Cost": 200100.99,
    "Plan Rows": 1,
    "Plan Width": 8,
    "Actual Startup Time": 4136.627,
    "Actual Total Time": 4187.655,
    "Actual Rows": 1,
    "Actual Loops": 1,
    "Plans": [
      {
        "Node Type": "Gather",
        "Parent Relationship": "Outer",
        "Parallel Aware": false,
        "Startup Cost": 200100.87,
        "Total Cost": 200100.98,
        "Plan Rows": 1,
        "Plan Width": 8,
        "Actual Startup Time": 4136.423,
        "Actual Total Time": 4187.647,
        "Actual Rows": 2,
        "Actual Loops": 1,
        "Workers Planned": 1,
        "Workers Launched": 1,
        "Single Copy": false,
        "Plans": [
          {
            "Node Type": "Aggregate",
            "Strategy": "Plain",
            "Partial Mode": "Partial",
            "Parent Relationship": "Outer",
            "Parallel Aware": false,
            "Startup Cost": 199100.87,
            "Total Cost": 199100.88,
            "Plan Rows": 1,
            "Plan Width": 8,
            "Actual Startup Time": 4130.058,
            "Actual Total Time": 4130.062,
            "Actual Rows": 1,
            "Actual Loops": 2,
            "Plans": [
              {
                "Node Type": "Nested Loop",
                "Parent Relationship": "Outer",
                "Parallel Aware": false,
                "Join Type": "Inner",
                "Startup Cost": 54000.06,
                "Total Cost": 198295.1,
                "Plan Rows": 322308,
                "Plan Width": 0,
                "Actual Startup Time": 197.795,
                "Actual Total Time": 3996.473,
                "Actual Rows": 3044128,
                "Actual Loops": 2,
                "Inner Unique": false,
                "Join Filter": "(t.id = ci.movie_id)",
                "Rows Removed by Join Filter": 0,
                "Plans": [
                  {
                    "Node Type": "Hash Join",
                    "Parent Relationship": "Outer",
                    "Parallel Aware": true,
                    "Join Type": "Inner",
                    "Startup Cost": 53999.49,
                    "Total Cost": 117790.96,
                    "Plan Rows": 39284,
                    "Plan Width": 8,
                    "Actual Startup Time": 197.682,
                    "Actual Total Time": 515.797,
                    "Actual Rows": 229072,
                    "Actual Loops": 2,
                    "Inner Unique": true,
                    "Hash Cond": "(mk.movie_id = t.id)",
                    "Plans": [
                      {
                        "Node Type": "Seq Scan",
                        "Parent Relationship": "Outer",
                        "Parallel Aware": true,
                        "Relation Name": "movie_keyword",
                        "Alias": "mk",
                        "Startup Cost": 0.0,
                        "Total Cost": 57718.19,
                        "Plan Rows": 2313626,
                        "Plan Width": 4,
                        "Actual Startup Time": 0.016,
                        "Actual Total Time": 199.078,
                        "Actual Rows": 1972790,
                        "Actual Loops": 2,
                        "Filter": "(keyword_id < 31694)",
                        "Rows Removed by Filter": 289174
                      },
                      {
                        "Node Type": "Hash",
                        "Parent Relationship": "Inner",
                        "Parallel Aware": true,
                        "Startup Cost": 53683.84,
                        "Total Cost": 53683.84,
                        "Plan Rows": 25252,
                        "Plan Width": 4,
                        "Actual Startup Time": 131.535,
                        "Actual Total Time": 131.536,
                        "Actual Rows": 81914,
                        "Actual Loops": 2,
                        "Hash Buckets": 262144,
                        "Original Hash Buckets": 65536,
                        "Hash Batches": 1,
                        "Original Hash Batches": 1,
                        "Peak Memory Usage": 10016,
                        "Plans": [
                          {
                            "Node Type": "Bitmap Heap Scan",
                            "Parent Relationship": "Outer",
                            "Parallel Aware": true,
                            "Relation Name": "title",
                            "Alias": "t",
                            "Startup Cost": 11833.58,
                            "Total Cost": 53683.84,
                            "Plan Rows": 25252,
                            "Plan Width": 4,
                            "Actual Startup Time": 38.077,
                            "Actual Total Time": 104.38,
                            "Actual Rows": 81914,
                            "Actual Loops": 2,
                            "Recheck Cond": "(kind_id = 1)",
                            "Rows Removed by Index Recheck": 0,
                            "Filter": "(production_year < 1951)",
                            "Rows Removed by Filter": 249498,
                            "Exact Heap Blocks": 8227,
                            "Lossy Heap Blocks": 0,
                            "Plans": [
                              {
                                "Node Type": "Bitmap Index Scan",
                                "Parent Relationship": "Outer",
                                "Parallel Aware": false,
                                "Index Name": "kind_id_title",
                                "Startup Cost": 0.0,
                                "Total Cost": 11822.85,
                                "Plan Rows": 663256,
                                "Plan Width": 0,
                                "Actual Startup Time": 40.416,
                                "Actual Total Time": 40.417,
                                "Actual Rows": 662825,
                                "Actual Loops": 1,
                                "Index Cond": "(kind_id = 1)"
                              }
                            ]
                          }
                        ]
                      }
                    ]
                  },
                  {
                    "Node Type": "Index Scan",
                    "Parent Relationship": "Inner",
                    "Parallel Aware": false,
                    "Scan Direction": "Forward",
                    "Index Name": "movie_id_cast_info",
                    "Relation Name": "cast_info",
                    "Alias": "ci",
                    "Startup Cost": 0.56,
                    "Total Cost": 1.79,
                    "Plan Rows": 21,
                    "Plan Width": 4,
                    "Actual Startup Time": 0.009,
                    "Actual Total Time": 0.014,
                    "Actual Rows": 13,
                    "Actual Loops": 458143,
                    "Index Cond": "(movie_id = mk.movie_id)",
                    "Rows Removed by Index Recheck": 0,
                    "Filter": "((person_id > 456775) AND (role_id > 1))",
                    "Rows Removed by Filter": 20
                  }
                ]
              }
            ]
          }
        ]
      }
    ]
  },
  "Planning Time": 1.032,
  "Triggers": [],
  "Execution Time": 4187.783
}