[
  {
    "Plan": {
      "Node Type": "Aggregate",
      "Strategy": "Plain",
      "Partial Mode": "Finalize",
      "Parallel Aware": false,
      "Startup Cost": 94501.63,
      "Total Cost": 94501.64,
      "Plan Rows": 1,
      "Plan Width": 8,
      "Actual Startup Time": 273.607,
      "Actual Total Time": 294.067,
      "Actual Rows": 1,
      "Actual Loops": 1,
      "Plans": [
        {
          "Node Type": "Gather",
          "Parent Relationship": "Outer",
          "Parallel Aware": false,
          "Startup Cost": 94501.31,
          "Total Cost": 94501.62,
          "Plan Rows": 3,
          "Plan Width": 8,
          "Actual Startup Time": 271.211,
          "Actual Total Time": 294.056,
          "Actual Rows": 4,
          "Actual Loops": 1,
          "Workers Planned": 3,
          "Workers Launched": 3,
          "Single Copy": false,
          "Plans": [
            {
              "Node Type": "Aggregate",
              "Strategy": "Plain",
              "Partial Mode": "Partial",
              "Parent Relationship": "Outer",
              "Parallel Aware": false,
              "Startup Cost": 93501.31,
              "Total Cost": 93501.32,
              "Plan Rows": 1,
              "Plan Width": 8,
              "Actual Startup Time": 261.877,
              "Actual Total Time": 261.881,
              "Actual Rows": 1,
              "Actual Loops": 4,
              "Plans": [
                {
                  "Node Type": "Nested Loop",
                  "Parent Relationship": "Outer",
                  "Parallel Aware": false,
                  "Join Type": "Inner",
                  "Startup Cost": 49407.58,
                  "Total Cost": 93491.98,
                  "Plan Rows": 3733,
                  "Plan Width": 0,
                  "Actual Startup Time": 205.897,
                  "Actual Total Time": 261.733,
                  "Actual Rows": 951,
                  "Actual Loops": 4,
                  "Inner Unique": false,
                  "Plans": [
                    {
                      "Node Type": "Hash Join",
                      "Parent Relationship": "Outer",
                      "Parallel Aware": true,
                      "Join Type": "Inner",
                      "Startup Cost": 49407.15,
                      "Total Cost": 74281.27,
                      "Plan Rows": 7384,
                      "Plan Width": 8,
                      "Actual Startup Time": 205.808,
                      "Actual Total Time": 235.307,
                      "Actual Rows": 838,
                      "Actual Loops": 4,
                      "Inner Unique": true,
                      "Hash Cond": "(mk.movie_id = t.id)",
                      "Plans": [
                        {
                          "Node Type": "Bitmap Heap Scan",
                          "Parent Relationship": "Outer",
                          "Parallel Aware": true,
                          "Relation Name": "movie_keyword",
                          "Alias": "mk",
                          "Startup Cost": 1827.76,
                          "Total Cost": 26628.97,
                          "Plan Rows": 27776,
                          "Plan Width": 4,
                          "Actual Startup Time": 13.09,
                          "Actual Total Time": 35.236,
                          "Actual Rows": 21083,
                          "Actual Loops": 4,
                          "Recheck Cond": "(keyword_id > 86497)",
                          "Rows Removed by Index Recheck": 0,
                          "Exact Heap Blocks": 6456,
                          "Lossy Heap Blocks": 0,
                          "Plans": [
                            {
                              "Node Type": "Bitmap Index Scan",
                              "Parent Relationship": "Outer",
                              "Parallel Aware": false,
                              "Index Name": "keyword_id_movie_keyword",
                              "Startup Cost": 0.0,
                              "Total Cost": 1806.23,
                              "Plan Rows": 86107,
                              "Plan Width": 0,
                              "Actual Startup Time": 9.062,
                              "Actual Total Time": 9.063,
                              "Actual Rows": 84332,
                              "Actual Loops": 1,
                              "Index Cond": "(keyword_id > 86497)"
                            }
                          ]
                        },
                        {
                          "Node Type": "Hash",
                          "Parent Relationship": "Inner",
                          "Parallel Aware": true,
                          "Startup Cost": 45479.1,
                          "Total Cost": 45479.1,
                          "Plan Rows": 168023,
                          "Plan Width": 4,
                          "Actual Startup Time": 187.309,
                          "Actual Total Time": 187.31,
                          "Actual Rows": 176082,
                          "Actual Loops": 4,
                          "Hash Buckets": 1048576,
                          "Original Hash Buckets": 1048576,
                          "Hash Batches": 1,
                          "Original Hash Batches": 1,
                          "Peak Memory Usage": 35776,
                          "Plans": [
                            {
                              "Node Type": "Seq Scan",
                              "Parent Relationship": "Outer",
                              "Parallel Aware": true,
                              "Relation Name": "title",
                              "Alias": "t",
                              "Startup Cost": 0.0,
                              "Total Cost": 45479.1,
                              "Plan Rows": 168023,
                              "Plan Width": 4,
                              "Actual Startup Time": 0.042,
                              "Actual Total Time": 116.495,
                              "Actual Rows": 176082,
                              "Actual Loops": 4,
                              "Filter": "((kind_id > 1) AND (production_year > 2006))",
                              "Rows Removed by Filter": 455996
                            }
                          ]
                        }
                      ]
                    },
                    {
                      "Node Type": "Index Scan",
                      "Parent Relationship": "Inner",
                      "Parallel Aware": false,
                      "Scan Direction": "Forward",
                      "Index Name": "movie_id_movie_info",
                      "Relation Name": "movie_info",
                      "Alias": "mi",
                      "Startup Cost": 0.43,
                      "Total Cost": 2.56,
                      "Plan Rows": 4,
                      "Plan Width": 4,
                      "Actual Startup Time": 0.01,
                      "Actual Total Time": 0.031,
                      "Actual Rows": 1,
                      "Actual Loops": 3350,
                      "Index Cond": "(movie_id = t.id)",
                      "Rows Removed by Index Recheck": 0,
                      "Filter": "(info_type_id = 4)",
                      "Rows Removed by Filter": 16
                    }
                  ]
                }
              ]
            }
          ]
        }
      ]
    },
    "Planning Time": 1.39,
    "Triggers": [],
    "Execution Time": 294.201
  }
]