{
  "Plan": {
    "Node Type": "Aggregate",
    "Strategy": "Plain",
    "Partial Mode": "Finalize",
    "Parallel Aware": false,
    "Startup Cost": 106154.5,
    "Total Cost": 106154.51,
    "Plan Rows": 1,
    "Plan Width": 8,
    "Actual Startup Time": 399.602,
    "Actual Total Time": 420.912,
    "Actual Rows": 1,
    "Actual Loops": 1,
    "Plans": [
      {
        "Node Type": "Gather",
        "Parent Relationship": "Outer",
        "Parallel Aware": false,
        "Startup Cost": 106154.39,
        "Total Cost": 106154.5,
        "Plan Rows": 1,
        "Plan Width": 8,
        "Actual Startup Time": 399.001,
        "Actual Total Time": 420.903,
        "Actual Rows": 2,
        "Actual Loops": 1,
        "Workers Planned": 1,
        "Workers Launched": 1,
        "Single Copy": false,
        "Plans": [
          {
            "Node Type": "Aggregate",
            "Strategy": "Plain",
            "Partial Mode": "Partial",
            "Parent Relationship": "Outer",
            "Parallel Aware": false,
            "Startup Cost": 105154.39,
            "Total Cost": 105154.4,
            "Plan Rows": 1,
            "Plan Width": 8,
            "Actual Startup Time": 392.936,
            "Actual Total Time": 392.94,
            "Actual Rows": 1,
            "Actual Loops": 2,
            "Plans": [
              {
                "Node Type": "Hash Join",
                "Parent Relationship": "Outer",
                "Parallel Aware": true,
                "Join Type": "Inner",
                "Startup Cost": 73050.54,
                "Total Cost": 105136.35,
                "Plan Rows": 7216,
                "Plan Width": 0,
                "Actual Startup Time": 246.351,
                "Actual Total Time": 392.48,
                "Actual Rows": 6096,
                "Actual Loops": 2,
                "Inner Unique": true,
                "Hash Cond": "(mk.movie_id = t.id)",
                "Plans": [
                  {
                    "Node Type": "Bitmap Heap Scan",
                    "Parent Relationship": "Outer",
                    "Parallel Aware": true,
                    "Relation Name": "movie_keyword",
                    "Alias": "mk",
                    "Startup Cost": 18196.3,
                    "Total Cost": 48957.58,
                    "Plan Rows": 504582,
                    "Plan Width": 4,
                    "Actual Startup Time": 87.013,
                    "Actual Total Time": 186.083,
                    "Actual Rows": 425562,
                    "Actual Loops": 2,
                    "Recheck Cond": "(keyword_id > 21584)",
                    "Rows Removed by Index Recheck": 0,
                    "Exact Heap Blocks": 14996,
                    "Lossy Heap Blocks": 0,
                    "Plans": [
                      {
                        "Node Type": "Bitmap Index Scan",
                        "Parent Relationship": "Outer",
                        "Parallel Aware": false,
                        "Index Name": "keyword_id_movie_keyword",
                        "Startup Cost": 0.0,
                        "Total Cost": 17981.86,
                        "Plan Rows": 857790,
                        "Plan Width": 0,
                        "Actual Startup Time": 81.249,
                        "Actual Total Time": 81.25,
                        "Actual Rows": 851124,
                        "Actual Loops": 1,
                        "Index Cond": "(keyword_id > 21584)"
                      }
                    ]
                  },
                  {
                    "Node Type": "Hash",
                    "Parent Relationship": "Inner",
                    "Parallel Aware": true,
                    "Startup Cost": 54588.39,
                    "Total Cost": 54588.39,
                    "Plan Rows": 21268,
                    "Plan Width": 4,
                    "Actual Startup Time": 157.041,
                    "Actual Total Time": 157.043,
                    "Actual Rows": 18218,
                    "Actual Loops": 2,
                    "Hash Buckets": 65536,
                    "Original Hash Buckets": 65536,
                    "Hash Batches": 1,
                    "Original Hash Batches": 1,
                    "Peak Memory Usage": 1984,
                    "Plans": [
                      {
                        "Node Type": "Seq Scan",
                        "Parent Relationship": "Outer",
                        "Parallel Aware": true,
                        "Relation Name": "title",
                        "Alias": "t",
                        "Startup Cost": 0.0,
                        "Total Cost": 54588.39,
                        "Plan Rows": 21268,
                        "Plan Width": 4,
                        "Actual Startup Time": 0.033,
                        "Actual Total Time": 149.922,
                        "Actual Rows": 18218,
                        "Actual Loops": 2,
                        "Filter": "(production_year = 1995)",
                        "Rows Removed by Filter": 1245938
                      }
                    ]
                  }
                ]
              }
            ]
          }
        ]
      }
    ]
  },
  "Planning Time": 0.447,
  "Triggers": [],
  "Execution Time": 421.009
}