{
  "Plan": {
    "Node Type": "Aggregate",
    "Strategy": "Plain",
    "Partial Mode": "Finalize",
    "Parallel Aware": false,
    "Startup Cost": 82255.59,
    "Total Cost": 82255.6,
    "Plan Rows": 1,
    "Plan Width": 8,
    "Actual Startup Time": 304.856,
    "Actual Total Time": 314.676,
    "Actual Rows": 1,
    "Actual Loops": 1,
    "Plans": [
      {
        "Node Type": "Gather",
        "Parent Relationship": "Outer",
        "Parallel Aware": false,
        "Startup Cost": 82255.48,
        "Total Cost": 82255.59,
        "Plan Rows": 1,
        "Plan Width": 8,
        "Actual Startup Time": 304.482,
        "Actual Total Time": 314.665,
        "Actual Rows": 2,
        "Actual Loops": 1,
        "Workers Planned": 1,
        "Workers Launched": 1,
        "Single Copy": false,
        "Plans": [
          {
            "Node Type": "Aggregate",
            "Strategy": "Plain",
            "Partial Mode": "Partial",
            "Parent Relationship": "Outer",
            "Parallel Aware": false,
            "Startup Cost": 81255.48,
            "Total Cost": 81255.49,
            "Plan Rows": 1,
            "Plan Width": 8,
            "Actual Startup Time": 298.127,
            "Actual Total Time": 298.132,
            "Actual Rows": 1,
            "Actual Loops": 2,
            "Plans": [
              {
                "Node Type": "Hash Join",
                "Parent Relationship": "Outer",
                "Parallel Aware": true,
                "Join Type": "Inner",
                "Startup Cost": 20815.67,
                "Total Cost": 81173.67,
                "Plan Rows": 32724,
                "Plan Width": 0,
                "Actual Startup Time": 209.577,
                "Actual Total Time": 297.015,
                "Actual Rows": 26542,
                "Actual Loops": 2,
                "Inner Unique": false,
                "Hash Cond": "(t.id = mc.movie_id)",
                "Plans": [
                  {
                    "Node Type": "Seq Scan",
                    "Parent Relationship": "Outer",
                    "Parallel Aware": true,
                    "Relation Name": "title",
                    "Alias": "t",
                    "Startup Cost": 0.0,
                    "Total Cost": 50870.31,
                    "Plan Rows": 1487231,
                    "Plan Width": 4,
                    "Actual Startup Time": 0.017,
                    "Actual Total Time": 124.171,
                    "Actual Rows": 1264156,
                    "Actual Loops": 2
                  },
                  {
                    "Node Type": "Hash",
                    "Parent Relationship": "Inner",
                    "Parallel Aware": true,
                    "Startup Cost": 20406.62,
                    "Total Cost": 20406.62,
                    "Plan Rows": 32724,
                    "Plan Width": 4,
                    "Actual Startup Time": 31.88,
                    "Actual Total Time": 31.882,
                    "Actual Rows": 26542,
                    "Actual Loops": 2,
                    "Hash Buckets": 65536,
                    "Original Hash Buckets": 65536,
                    "Hash Batches": 1,
                    "Original Hash Batches": 1,
                    "Peak Memory Usage": 2624,
                    "Plans": [
                      {
                        "Node Type": "Bitmap Heap Scan",
                        "Parent Relationship": "Outer",
                        "Parallel Aware": true,
                        "Relation Name": "movie_companies",
                        "Alias": "mc",
                        "Startup Cost": 1207.57,
                        "Total Cost": 20406.62,
                        "Plan Rows": 32724,
                        "Plan Width": 4,
                        "Actual Startup Time": 4.981,
                        "Actual Total Time": 20.502,
                        "Actual Rows": 26542,
                        "Actual Loops": 2,
                        "Recheck Cond": "(company_id > 189050)",
                        "Rows Removed by Index Recheck": 0,
                        "Exact Heap Blocks": 1226,
                        "Lossy Heap Blocks": 0,
                        "Plans": [
                          {
                            "Node Type": "Bitmap Index Scan",
                            "Parent Relationship": "Outer",
                            "Parallel Aware": false,
                            "Index Name": "company_id_movie_companies",
                            "Startup Cost": 0.0,
                            "Total Cost": 1193.66,
                            "Plan Rows": 55631,
                            "Plan Width": 0,
                            "Actual Startup Time": 8.462,
                            "Actual Total Time": 8.462,
                            "Actual Rows": 53084,
                            "Actual Loops": 1,
                            "Index Cond": "(company_id > 189050)"
                          }
                        ]
                      }
                    ]
                  }
                ]
              }
            ]
          }
        ]
      }
    ]
  },
  "Planning Time": 0.744,
  "Triggers": [],
  "Execution Time": 314.775
}