[
  {
    "Plan": {
      "Node Type": "Aggregate",
      "Strategy": "Plain",
      "Partial Mode": "Finalize",
      "Parallel Aware": false,
      "Startup Cost": 79981.26,
      "Total Cost": 79981.27,
      "Plan Rows": 1,
      "Plan Width": 8,
      "Actual Startup Time": 420.841,
      "Actual Total Time": 442.52,
      "Actual Rows": 1,
      "Actual Loops": 1,
      "Plans": [
        {
          "Node Type": "Gather",
          "Parent Relationship": "Outer",
          "Parallel Aware": false,
          "Startup Cost": 79980.94,
          "Total Cost": 79981.25,
          "Plan Rows": 3,
          "Plan Width": 8,
          "Actual Startup Time": 416.333,
          "Actual Total Time": 442.509,
          "Actual Rows": 4,
          "Actual Loops": 1,
          "Workers Planned": 3,
          "Workers Launched": 3,
          "Single Copy": false,
          "Plans": [
            {
              "Node Type": "Aggregate",
              "Strategy": "Plain",
              "Partial Mode": "Partial",
              "Parent Relationship": "Outer",
              "Parallel Aware": false,
              "Startup Cost": 78980.94,
              "Total Cost": 78980.95,
              "Plan Rows": 1,
              "Plan Width": 8,
              "Actual Startup Time": 408.122,
              "Actual Total Time": 408.125,
              "Actual Rows": 1,
              "Actual Loops": 4,
              "Plans": [
                {
                  "Node Type": "Hash Join",
                  "Parent Relationship": "Outer",
                  "Parallel Aware": true,
                  "Join Type": "Inner",
                  "Startup Cost": 48473.41,
                  "Total Cost": 78663.58,
                  "Plan Rows": 126947,
                  "Plan Width": 0,
                  "Actual Startup Time": 229.628,
                  "Actual Total Time": 399.882,
                  "Actual Rows": 142360,
                  "Actual Loops": 4,
                  "Inner Unique": true,
                  "Hash Cond": "(mc.movie_id = t.id)",
                  "Plans": [
                    {
                      "Node Type": "Seq Scan",
                      "Parent Relationship": "Outer",
                      "Parallel Aware": true,
                      "Relation Name": "movie_companies",
                      "Alias": "mc",
                      "Startup Cost": 0.0,
                      "Total Cost": 29310.68,
                      "Plan Rows": 335041,
                      "Plan Width": 4,
                      "Actual Startup Time": 0.011,
                      "Actual Total Time": 82.064,
                      "Actual Rows": 260189,
                      "Actual Loops": 4,
                      "Filter": "(company_id < 5977)",
                      "Rows Removed by Filter": 392093
                    },
                    {
                      "Node Type": "Hash",
                      "Parent Relationship": "Inner",
                      "Parallel Aware": true,
                      "Startup Cost": 45479.59,
                      "Total Cost": 45479.59,
                      "Plan Rows": 239506,
                      "Plan Width": 4,
                      "Actual Startup Time": 224.493,
                      "Actual Total Time": 224.494,
                      "Actual Rows": 244444,
                      "Actual Loops": 4,
                      "Hash Buckets": 1048576,
                      "Original Hash Buckets": 1048576,
                      "Hash Batches": 1,
                      "Original Hash Batches": 1,
                      "Peak Memory Usage": 46496,
                      "Plans": [
                        {
                          "Node Type": "Seq Scan",
                          "Parent Relationship": "Outer",
                          "Parallel Aware": true,
                          "Relation Name": "title",
                          "Alias": "t",
                          "Startup Cost": 0.0,
                          "Total Cost": 45479.59,
                          "Plan Rows": 239506,
                          "Plan Width": 4,
                          "Actual Startup Time": 0.044,
                          "Actual Total Time": 126.198,
                          "Actual Rows": 244444,
                          "Actual Loops": 4,
                          "Filter": "((kind_id < 7) AND (production_year > 0))",
                          "Rows Removed by Filter": 387634
                        }
                      ]
                    }
                  ]
                }
              ]
            }
          ]
        }
      ]
    },
    "Planning Time": 0.671,
    "Triggers": [],
    "Execution Time": 442.59
  }
]