[
  {
    "Plan": {
      "Node Type": "Aggregate",
      "Strategy": "Plain",
      "Partial Mode": "Finalize",
      "Parallel Aware": false,
      "Startup Cost": 31341.38,
      "Total Cost": 31341.39,
      "Plan Rows": 1,
      "Plan Width": 8,
      "Actual Startup Time": 111.566,
      "Actual Total Time": 120.239,
      "Actual Rows": 1,
      "Actual Loops": 1,
      "Plans": [
        {
          "Node Type": "Gather",
          "Parent Relationship": "Outer",
          "Parallel Aware": false,
          "Startup Cost": 31341.06,
          "Total Cost": 31341.37,
          "Plan Rows": 3,
          "Plan Width": 8,
          "Actual Startup Time": 111.429,
          "Actual Total Time": 120.23,
          "Actual Rows": 4,
          "Actual Loops": 1,
          "Workers Planned": 3,
          "Workers Launched": 3,
          "Single Copy": false,
          "Plans": [
            {
              "Node Type": "Aggregate",
              "Strategy": "Plain",
              "Partial Mode": "Partial",
              "Parent Relationship": "Outer",
              "Parallel Aware": false,
              "Startup Cost": 30341.06,
              "Total Cost": 30341.07,
              "Plan Rows": 1,
              "Plan Width": 8,
              "Actual Startup Time": 102.908,
              "Actual Total Time": 102.909,
              "Actual Rows": 1,
              "Actual Loops": 4,
              "Plans": [
                {
                  "Node Type": "Seq Scan",
                  "Parent Relationship": "Outer",
                  "Parallel Aware": true,
                  "Relation Name": "movie_companies",
                  "Alias": "mc",
                  "Startup Cost": 0.0,
                  "Total Cost": 29310.68,
                  "Plan Rows": 412151,
                  "Plan Width": 0,
                  "Actual Startup Time": 0.049,
                  "Actual Total Time": 84.614,
                  "Actual Rows": 322384,
                  "Actual Loops": 4,
                  "Filter": "(company_id < 11245)",
                  "Rows Removed by Filter": 329898
                }
              ]
            }
          ]
        }
      ]
    },
    "Planning Time": 0.153,
    "Triggers": [],
    "Execution Time": 120.287
  }
]