[
  {
    "Plan": {
      "Node Type": "Aggregate",
      "Strategy": "Plain",
      "Partial Mode": "Finalize",
      "Parallel Aware": false,
      "Startup Cost": 330919.98,
      "Total Cost": 330919.99,
      "Plan Rows": 1,
      "Plan Width": 8,
      "Actual Startup Time": 586.912,
      "Actual Total Time": 632.348,
      "Actual Rows": 1,
      "Actual Loops": 1,
      "Plans": [
        {
          "Node Type": "Gather",
          "Parent Relationship": "Outer",
          "Parallel Aware": false,
          "Startup Cost": 330919.35,
          "Total Cost": 330919.96,
          "Plan Rows": 6,
          "Plan Width": 8,
          "Actual Startup Time": 586.663,
          "Actual Total Time": 632.339,
          "Actual Rows": 7,
          "Actual Loops": 1,
          "Workers Planned": 6,
          "Workers Launched": 6,
          "Single Copy": false,
          "Plans": [
            {
              "Node Type": "Aggregate",
              "Strategy": "Plain",
              "Partial Mode": "Partial",
              "Parent Relationship": "Outer",
              "Parallel Aware": false,
              "Startup Cost": 329919.35,
              "Total Cost": 329919.36,
              "Plan Rows": 1,
              "Plan Width": 8,
              "Actual Startup Time": 576.496,
              "Actual Total Time": 576.498,
              "Actual Rows": 1,
              "Actual Loops": 7,
              "Plans": [
                {
                  "Node Type": "Seq Scan",
                  "Parent Relationship": "Outer",
                  "Parallel Aware": true,
                  "Relation Name": "cast_info",
                  "Alias": "ci",
                  "Startup Cost": 0.0,
                  "Total Cost": 328211.39,
                  "Plan Rows": 683184,
                  "Plan Width": 0,
                  "Actual Startup Time": 414.715,
                  "Actual Total Time": 549.038,
                  "Actual Rows": 577843,
                  "Actual Loops": 7,
                  "Filter": "(person_id > 3314742)",
                  "Rows Removed by Filter": 4599921
                }
              ]
            }
          ]
        }
      ]
    },
    "Planning Time": 0.072,
    "Triggers": [],
    "Execution Time": 632.387
  }
]