[
  {
    "Plan": {
      "Node Type": "Aggregate",
      "Strategy": "Plain",
      "Partial Mode": "Finalize",
      "Parallel Aware": false,
      "Startup Cost": 91335.12,
      "Total Cost": 91335.13,
      "Plan Rows": 1,
      "Plan Width": 8,
      "Actual Startup Time": 267.293,
      "Actual Total Time": 284.197,
      "Actual Rows": 1,
      "Actual Loops": 1,
      "Plans": [
        {
          "Node Type": "Gather",
          "Parent Relationship": "Outer",
          "Parallel Aware": false,
          "Startup Cost": 91334.81,
          "Total Cost": 91335.12,
          "Plan Rows": 3,
          "Plan Width": 8,
          "Actual Startup Time": 266.046,
          "Actual Total Time": 284.185,
          "Actual Rows": 4,
          "Actual Loops": 1,
          "Workers Planned": 3,
          "Workers Launched": 3,
          "Single Copy": false,
          "Plans": [
            {
              "Node Type": "Aggregate",
              "Strategy": "Plain",
              "Partial Mode": "Partial",
              "Parent Relationship": "Outer",
              "Parallel Aware": false,
              "Startup Cost": 90334.81,
              "Total Cost": 90334.82,
              "Plan Rows": 1,
              "Plan Width": 8,
              "Actual Startup Time": 259.05,
              "Actual Total Time": 259.055,
              "Actual Rows": 1,
              "Actual Loops": 4,
              "Plans": [
                {
                  "Node Type": "Hash Join",
                  "Parent Relationship": "Outer",
                  "Parallel Aware": true,
                  "Join Type": "Inner",
                  "Startup Cost": 46385.05,
                  "Total Cost": 90211.4,
                  "Plan Rows": 49362,
                  "Plan Width": 0,
                  "Actual Startup Time": 145.871,
                  "Actual Total Time": 256.5,
                  "Actual Rows": 57224,
                  "Actual Loops": 4,
                  "Inner Unique": true,
                  "Hash Cond": "(mk.movie_id = t.id)",
                  "Plans": [
                    {
                      "Node Type": "Seq Scan",
                      "Parent Relationship": "Outer",
                      "Parallel Aware": true,
                      "Relation Name": "movie_keyword",
                      "Alias": "mk",
                      "Startup Cost": 0.0,
                      "Total Cost": 42695.65,
                      "Plan Rows": 430743,
                      "Plan Width": 4,
                      "Actual Startup Time": 0.889,
                      "Actual Total Time": 95.453,
                      "Actual Rows": 333942,
                      "Actual Loops": 4,
                      "Filter": "(keyword_id > 12875)",
                      "Rows Removed by Filter": 797040
                    },
                    {
                      "Node Type": "Hash",
                      "Parent Relationship": "Inner",
                      "Parallel Aware": true,
                      "Startup Cost": 45479.59,
                      "Total Cost": 45479.59,
                      "Plan Rows": 72437,
                      "Plan Width": 4,
                      "Actual Startup Time": 119.052,
                      "Actual Total Time": 119.054,
                      "Actual Rows": 57935,
                      "Actual Loops": 4,
                      "Hash Buckets": 524288,
                      "Original Hash Buckets": 524288,
                      "Hash Batches": 1,
                      "Original Hash Batches": 1,
                      "Peak Memory Usage": 13216,
                      "Plans": [
                        {
                          "Node Type": "Seq Scan",
                          "Parent Relationship": "Outer",
                          "Parallel Aware": true,
                          "Relation Name": "title",
                          "Alias": "t",
                          "Startup Cost": 0.0,
                          "Total Cost": 45479.59,
                          "Plan Rows": 72437,
                          "Plan Width": 4,
                          "Actual Startup Time": 44.776,
                          "Actual Total Time": 98.919,
                          "Actual Rows": 57935,
                          "Actual Loops": 4,
                          "Filter": "((production_year > 2004) AND (kind_id = 1))",
                          "Rows Removed by Filter": 574143
                        }
                      ]
                    }
                  ]
                }
              ]
            }
          ]
        }
      ]
    },
    "Planning Time": 0.288,
    "Triggers": [],
    "Execution Time": 284.238
  }
]