{
  "Plan": {
    "Node Type": "Aggregate",
    "Strategy": "Plain",
    "Partial Mode": "Finalize",
    "Parallel Aware": false,
    "Startup Cost": 121387.1,
    "Total Cost": 121387.11,
    "Plan Rows": 1,
    "Plan Width": 8,
    "Actual Startup Time": 769.357,
    "Actual Total Time": 788.283,
    "Actual Rows": 1,
    "Actual Loops": 1,
    "Plans": [
      {
        "Node Type": "Gather",
        "Parent Relationship": "Outer",
        "Parallel Aware": false,
        "Startup Cost": 121386.99,
        "Total Cost": 121387.1,
        "Plan Rows": 1,
        "Plan Width": 8,
        "Actual Startup Time": 765.301,
        "Actual Total Time": 788.277,
        "Actual Rows": 2,
        "Actual Loops": 1,
        "Workers Planned": 1,
        "Workers Launched": 1,
        "Single Copy": false,
        "Plans": [
          {
            "Node Type": "Aggregate",
            "Strategy": "Plain",
            "Partial Mode": "Partial",
            "Parent Relationship": "Outer",
            "Parallel Aware": false,
            "Startup Cost": 120386.99,
            "Total Cost": 120387.0,
            "Plan Rows": 1,
            "Plan Width": 8,
            "Actual Startup Time": 752.591,
            "Actual Total Time": 752.595,
            "Actual Rows": 1,
            "Actual Loops": 2,
            "Plans": [
              {
                "Node Type": "Hash Join",
                "Parent Relationship": "Outer",
                "Parallel Aware": true,
                "Join Type": "Inner",
                "Startup Cost": 87241.89,
                "Total Cost": 119154.21,
                "Plan Rows": 493112,
                "Plan Width": 0,
                "Actual Startup Time": 560.776,
                "Actual Total Time": 734.792,
                "Actual Rows": 413830,
                "Actual Loops": 2,
                "Inner Unique": true,
                "Hash Cond": "(mk.movie_id = t.id)",
                "Plans": [
                  {
                    "Node Type": "Bitmap Heap Scan",
                    "Parent Relationship": "Outer",
                    "Parallel Aware": true,
                    "Relation Name": "movie_keyword",
                    "Alias": "mk",
                    "Startup Cost": 17781.19,
                    "Total Cost": 48399.09,
                    "Plan Rows": 493112,
                    "Plan Width": 4,
                    "Actual Startup Time": 46.344,
                    "Actual Total Time": 125.569,
                    "Actual Rows": 413830,
                    "Actual Loops": 2,
                    "Recheck Cond": "(keyword_id > 22226)",
                    "Rows Removed by Index Recheck": 0,
                    "Exact Heap Blocks": 13191,
                    "Lossy Heap Blocks": 0,
                    "Plans": [
                      {
                        "Node Type": "Bitmap Index Scan",
                        "Parent Relationship": "Outer",
                        "Parallel Aware": false,
                        "Index Name": "keyword_id_movie_keyword",
                        "Startup Cost": 0.0,
                        "Total Cost": 17571.61,
                        "Plan Rows": 838291,
                        "Plan Width": 0,
                        "Actual Startup Time": 42.801,
                        "Actual Total Time": 42.802,
                        "Actual Rows": 827659,
                        "Actual Loops": 1,
                        "Index Cond": "(keyword_id > 22226)"
                      }
                    ]
                  },
                  {
                    "Node Type": "Hash",
                    "Parent Relationship": "Inner",
                    "Parallel Aware": true,
                    "Startup Cost": 50870.31,
                    "Total Cost": 50870.31,
                    "Plan Rows": 1487231,
                    "Plan Width": 4,
                    "Actual Startup Time": 492.457,
                    "Actual Total Time": 492.458,
                    "Actual Rows": 1264156,
                    "Actual Loops": 2,
                    "Hash Buckets": 4194304,
                    "Original Hash Buckets": 4194304,
                    "Hash Batches": 1,
                    "Original Hash Batches": 1,
                    "Peak Memory Usage": 131712,
                    "Plans": [
                      {
                        "Node Type": "Seq Scan",
                        "Parent Relationship": "Outer",
                        "Parallel Aware": true,
                        "Relation Name": "title",
                        "Alias": "t",
                        "Startup Cost": 0.0,
                        "Total Cost": 50870.31,
                        "Plan Rows": 1487231,
                        "Plan Width": 4,
                        "Actual Startup Time": 0.024,
                        "Actual Total Time": 147.39,
                        "Actual Rows": 1264156,
                        "Actual Loops": 2
                      }
                    ]
                  }
                ]
              }
            ]
          }
        ]
      }
    ]
  },
  "Planning Time": 0.703,
  "Triggers": [],
  "Execution Time": 788.371
}