[
  {
    "Plan": {
      "Node Type": "Aggregate",
      "Strategy": "Plain",
      "Partial Mode": "Finalize",
      "Parallel Aware": false,
      "Startup Cost": 45128.59,
      "Total Cost": 45128.6,
      "Plan Rows": 1,
      "Plan Width": 8,
      "Actual Startup Time": 133.992,
      "Actual Total Time": 141.729,
      "Actual Rows": 1,
      "Actual Loops": 1,
      "Plans": [
        {
          "Node Type": "Gather",
          "Parent Relationship": "Outer",
          "Parallel Aware": false,
          "Startup Cost": 45128.27,
          "Total Cost": 45128.58,
          "Plan Rows": 3,
          "Plan Width": 8,
          "Actual Startup Time": 133.874,
          "Actual Total Time": 141.721,
          "Actual Rows": 4,
          "Actual Loops": 1,
          "Workers Planned": 3,
          "Workers Launched": 3,
          "Single Copy": false,
          "Plans": [
            {
              "Node Type": "Aggregate",
              "Strategy": "Plain",
              "Partial Mode": "Partial",
              "Parent Relationship": "Outer",
              "Parallel Aware": false,
              "Startup Cost": 44128.27,
              "Total Cost": 44128.28,
              "Plan Rows": 1,
              "Plan Width": 8,
              "Actual Startup Time": 127.925,
              "Actual Total Time": 127.926,
              "Actual Rows": 1,
              "Actual Loops": 4,
              "Plans": [
                {
                  "Node Type": "Seq Scan",
                  "Parent Relationship": "Outer",
                  "Parallel Aware": true,
                  "Relation Name": "movie_keyword",
                  "Alias": "mk",
                  "Startup Cost": 0.0,
                  "Total Cost": 42695.65,
                  "Plan Rows": 573047,
                  "Plan Width": 0,
                  "Actual Startup Time": 0.042,
                  "Actual Total Time": 106.108,
                  "Actual Rows": 445369,
                  "Actual Loops": 4,
                  "Filter": "(keyword_id < 2888)",
                  "Rows Removed by Filter": 685613
                }
              ]
            }
          ]
        }
      ]
    },
    "Planning Time": 0.191,
    "Triggers": [],
    "Execution Time": 141.782
  }
]