[
  {
    "Plan": {
      "Node Type": "Aggregate",
      "Strategy": "Plain",
      "Partial Mode": "Finalize",
      "Parallel Aware": false,
      "Startup Cost": 97456.17,
      "Total Cost": 97456.18,
      "Plan Rows": 1,
      "Plan Width": 8,
      "Actual Startup Time": 710.052,
      "Actual Total Time": 728.671,
      "Actual Rows": 1,
      "Actual Loops": 1,
      "Plans": [
        {
          "Node Type": "Gather",
          "Parent Relationship": "Outer",
          "Parallel Aware": false,
          "Startup Cost": 97455.96,
          "Total Cost": 97456.17,
          "Plan Rows": 2,
          "Plan Width": 8,
          "Actual Startup Time": 702.514,
          "Actual Total Time": 728.661,
          "Actual Rows": 3,
          "Actual Loops": 1,
          "Workers Planned": 2,
          "Workers Launched": 2,
          "Single Copy": false,
          "Plans": [
            {
              "Node Type": "Aggregate",
              "Strategy": "Plain",
              "Partial Mode": "Partial",
              "Parent Relationship": "Outer",
              "Parallel Aware": false,
              "Startup Cost": 96455.96,
              "Total Cost": 96455.97,
              "Plan Rows": 1,
              "Plan Width": 8,
              "Actual Startup Time": 697.824,
              "Actual Total Time": 698.324,
              "Actual Rows": 1,
              "Actual Loops": 3,
              "Plans": [
                {
                  "Node Type": "Hash Join",
                  "Parent Relationship": "Outer",
                  "Parallel Aware": true,
                  "Join Type": "Inner",
                  "Startup Cost": 79940.96,
                  "Total Cost": 96161.87,
                  "Plan Rows": 117633,
                  "Plan Width": 0,
                  "Actual Startup Time": 567.076,
                  "Actual Total Time": 685.555,
                  "Actual Rows": 294291,
                  "Actual Loops": 3,
                  "Inner Unique": false,
                  "Hash Cond": "(mi_idx.movie_id = t.id)",
                  "Plans": [
                    {
                      "Node Type": "Seq Scan",
                      "Parent Relationship": "Outer",
                      "Parallel Aware": true,
                      "Relation Name": "movie_info_idx",
                      "Alias": "mi_idx",
                      "Startup Cost": 0.0,
                      "Total Cost": 13685.15,
                      "Plan Rows": 575015,
                      "Plan Width": 4,
                      "Actual Startup Time": 0.033,
                      "Actual Total Time": 38.481,
                      "Actual Rows": 460012,
                      "Actual Loops": 3
                    },
                    {
                      "Node Type": "Hash",
                      "Parent Relationship": "Inner",
                      "Parallel Aware": true,
                      "Startup Cost": 77855.27,
                      "Total Cost": 77855.27,
                      "Plan Rows": 166855,
                      "Plan Width": 8,
                      "Actual Startup Time": 562.887,
                      "Actual Total Time": 563.386,
                      "Actual Rows": 200902,
                      "Actual Loops": 3,
                      "Hash Buckets": 1048576,
                      "Original Hash Buckets": 524288,
                      "Hash Batches": 1,
                      "Original Hash Batches": 1,
                      "Peak Memory Usage": 35904,
                      "Plans": [
                        {
                          "Node Type": "Hash Join",
                          "Parent Relationship": "Outer",
                          "Parallel Aware": true,
                          "Join Type": "Inner",
                          "Startup Cost": 47612.61,
                          "Total Cost": 77855.27,
                          "Plan Rows": 166855,
                          "Plan Width": 8,
                          "Actual Startup Time": 299.57,
                          "Actual Total Time": 486.338,
                          "Actual Rows": 200902,
                          "Actual Loops": 3,
                          "Inner Unique": true,
                          "Hash Cond": "(mc.movie_id = t.id)",
                          "Plans": [
                            {
                              "Node Type": "Seq Scan",
                              "Parent Relationship": "Outer",
                              "Parallel Aware": true,
                              "Relation Name": "movie_companies",
                              "Alias": "mc",
                              "Startup Cost": 0.0,
                              "Total Cost": 29310.68,
                              "Plan Rows": 355041,
                              "Plan Width": 4,
                              "Actual Startup Time": 11.353,
                              "Actual Total Time": 82.972,
                              "Actual Rows": 364912,
                              "Actual Loops": 3,
                              "Filter": "(company_id > 14144)",
                              "Rows Removed by Filter": 504797
                            },
                            {
                              "Node Type": "Hash",
                              "Parent Relationship": "Inner",
                              "Parallel Aware": true,
                              "Startup Cost": 43899.32,
                              "Total Cost": 43899.32,
                              "Plan Rows": 297063,
                              "Plan Width": 4,
                              "Actual Startup Time": 281.125,
                              "Actual Total Time": 281.127,
                              "Actual Rows": 398641,
                              "Actual Loops": 3,
                              "Hash Buckets": 2097152,
                              "Original Hash Buckets": 2097152,
                              "Hash Batches": 1,
                              "Original Hash Batches": 1,
                              "Peak Memory Usage": 63200,
                              "Plans": [
                                {
                                  "Node Type": "Seq Scan",
                                  "Parent Relationship": "Outer",
                                  "Parallel Aware": true,
                                  "Relation Name": "title",
                                  "Alias": "t",
                                  "Startup Cost": 0.0,
                                  "Total Cost": 43899.32,
                                  "Plan Rows": 297063,
                                  "Plan Width": 4,
                                  "Actual Startup Time": 0.046,
                                  "Actual Total Time": 133.542,
                                  "Actual Rows": 398641,
                                  "Actual Loops": 3,
                                  "Filter": "(production_year < 2003)",
                                  "Rows Removed by Filter": 444130
                                }
                              ]
                            }
                          ]
                        }
                      ]
                    }
                  ]
                }
              ]
            }
          ]
        }
      ]
    },
    "Planning Time": 1.46,
    "Triggers": [],
    "Execution Time": 728.766
  }
]