[
  {
    "Plan": {
      "Node Type": "Aggregate",
      "Strategy": "Plain",
      "Partial Mode": "Finalize",
      "Parallel Aware": false,
      "Startup Cost": 97390.21,
      "Total Cost": 97390.22,
      "Plan Rows": 1,
      "Plan Width": 8,
      "Actual Startup Time": 679.371,
      "Actual Total Time": 693.433,
      "Actual Rows": 1,
      "Actual Loops": 1,
      "Plans": [
        {
          "Node Type": "Gather",
          "Parent Relationship": "Outer",
          "Parallel Aware": false,
          "Startup Cost": 97389.99,
          "Total Cost": 97390.2,
          "Plan Rows": 2,
          "Plan Width": 8,
          "Actual Startup Time": 674.112,
          "Actual Total Time": 693.423,
          "Actual Rows": 3,
          "Actual Loops": 1,
          "Workers Planned": 2,
          "Workers Launched": 2,
          "Single Copy": false,
          "Plans": [
            {
              "Node Type": "Aggregate",
              "Strategy": "Plain",
              "Partial Mode": "Partial",
              "Parent Relationship": "Outer",
              "Parallel Aware": false,
              "Startup Cost": 96389.99,
              "Total Cost": 96390.0,
              "Plan Rows": 1,
              "Plan Width": 8,
              "Actual Startup Time": 665.846,
              "Actual Total Time": 665.853,
              "Actual Rows": 1,
              "Actual Loops": 3,
              "Plans": [
                {
                  "Node Type": "Hash Join",
                  "Parent Relationship": "Outer",
                  "Parallel Aware": true,
                  "Join Type": "Inner",
                  "Startup Cost": 79885.01,
                  "Total Cost": 96100.29,
                  "Plan Rows": 115883,
                  "Plan Width": 0,
                  "Actual Startup Time": 541.962,
                  "Actual Total Time": 654.364,
                  "Actual Rows": 294291,
                  "Actual Loops": 3,
                  "Inner Unique": false,
                  "Hash Cond": "(mi_idx.movie_id = t.id)",
                  "Plans": [
                    {
                      "Node Type": "Seq Scan",
                      "Parent Relationship": "Outer",
                      "Parallel Aware": true,
                      "Relation Name": "movie_info_idx",
                      "Alias": "mi_idx",
                      "Startup Cost": 0.0,
                      "Total Cost": 13685.15,
                      "Plan Rows": 575015,
                      "Plan Width": 4,
                      "Actual Startup Time": 0.033,
                      "Actual Total Time": 34.513,
                      "Actual Rows": 460012,
                      "Actual Loops": 3
                    },
                    {
                      "Node Type": "Hash",
                      "Parent Relationship": "Inner",
                      "Parallel Aware": true,
                      "Startup Cost": 77830.45,
                      "Total Cost": 77830.45,
                      "Plan Rows": 164365,
                      "Plan Width": 8,
                      "Actual Startup Time": 537.673,
                      "Actual Total Time": 537.678,
                      "Actual Rows": 200902,
                      "Actual Loops": 3,
                      "Hash Buckets": 1048576,
                      "Original Hash Buckets": 524288,
                      "Hash Batches": 1,
                      "Original Hash Batches": 1,
                      "Peak Memory Usage": 35936,
                      "Plans": [
                        {
                          "Node Type": "Hash Join",
                          "Parent Relationship": "Outer",
                          "Parallel Aware": true,
                          "Join Type": "Inner",
                          "Startup Cost": 47598.29,
                          "Total Cost": 77830.45,
                          "Plan Rows": 164365,
                          "Plan Width": 8,
                          "Actual Startup Time": 285.626,
                          "Actual Total Time": 471.109,
                          "Actual Rows": 200902,
                          "Actual Loops": 3,
                          "Inner Unique": true,
                          "Hash Cond": "(mc.movie_id = t.id)",
                          "Plans": [
                            {
                              "Node Type": "Seq Scan",
                              "Parent Relationship": "Outer",
                              "Parallel Aware": true,
                              "Relation Name": "movie_companies",
                              "Alias": "mc",
                              "Startup Cost": 0.0,
                              "Total Cost": 29310.68,
                              "Plan Rows": 351040,
                              "Plan Width": 4,
                              "Actual Startup Time": 11.256,
                              "Actual Total Time": 82.979,
                              "Actual Rows": 364912,
                              "Actual Loops": 3,
                              "Filter": "(company_id > 14144)",
                              "Rows Removed by Filter": 504797
                            },
                            {
                              "Node Type": "Hash",
                              "Parent Relationship": "Inner",
                              "Parallel Aware": true,
                              "Startup Cost": 43898.92,
                              "Total Cost": 43898.92,
                              "Plan Rows": 295950,
                              "Plan Width": 4,
                              "Actual Startup Time": 267.202,
                              "Actual Total Time": 267.203,
                              "Actual Rows": 398641,
                              "Actual Loops": 3,
                              "Hash Buckets": 2097152,
                              "Original Hash Buckets": 2097152,
                              "Hash Batches": 1,
                              "Original Hash Batches": 1,
                              "Peak Memory Usage": 63200,
                              "Plans": [
                                {
                                  "Node Type": "Seq Scan",
                                  "Parent Relationship": "Outer",
                                  "Parallel Aware": true,
                                  "Relation Name": "title",
                                  "Alias": "t",
                                  "Startup Cost": 0.0,
                                  "Total Cost": 43898.92,
                                  "Plan Rows": 295950,
                                  "Plan Width": 4,
                                  "Actual Startup Time": 0.042,
                                  "Actual Total Time": 127.176,
                                  "Actual Rows": 398641,
                                  "Actual Loops": 3,
                                  "Filter": "(production_year < 2003)",
                                  "Rows Removed by Filter": 444130
                                }
                              ]
                            }
                          ]
                        }
                      ]
                    }
                  ]
                }
              ]
            }
          ]
        }
      ]
    },
    "Planning Time": 1.314,
    "Triggers": [],
    "Execution Time": 693.514
  }
]