[
  {
    "Plan": {
      "Node Type": "Aggregate",
      "Strategy": "Plain",
      "Partial Mode": "Finalize",
      "Parallel Aware": false,
      "Startup Cost": 334571.19,
      "Total Cost": 334571.2,
      "Plan Rows": 1,
      "Plan Width": 8,
      "Actual Startup Time": 738.747,
      "Actual Total Time": 784.365,
      "Actual Rows": 1,
      "Actual Loops": 1,
      "Plans": [
        {
          "Node Type": "Gather",
          "Parent Relationship": "Outer",
          "Parallel Aware": false,
          "Startup Cost": 334570.56,
          "Total Cost": 334571.17,
          "Plan Rows": 6,
          "Plan Width": 8,
          "Actual Startup Time": 738.49,
          "Actual Total Time": 784.351,
          "Actual Rows": 7,
          "Actual Loops": 1,
          "Workers Planned": 6,
          "Workers Launched": 6,
          "Single Copy": false,
          "Plans": [
            {
              "Node Type": "Aggregate",
              "Strategy": "Plain",
              "Partial Mode": "Partial",
              "Parent Relationship": "Outer",
              "Parallel Aware": false,
              "Startup Cost": 333570.56,
              "Total Cost": 333570.57,
              "Plan Rows": 1,
              "Plan Width": 8,
              "Actual Startup Time": 730.071,
              "Actual Total Time": 730.072,
              "Actual Rows": 1,
              "Actual Loops": 7,
              "Plans": [
                {
                  "Node Type": "Seq Scan",
                  "Parent Relationship": "Outer",
                  "Parallel Aware": true,
                  "Relation Name": "cast_info",
                  "Alias": "ci",
                  "Startup Cost": 0.0,
                  "Total Cost": 328211.39,
                  "Plan Rows": 2143669,
                  "Plan Width": 0,
                  "Actual Startup Time": 288.155,
                  "Actual Total Time": 631.093,
                  "Actual Rows": 1815659,
                  "Actual Loops": 7,
                  "Filter": "(person_id > 2410102)",
                  "Rows Removed by Filter": 3362105
                }
              ]
            }
          ]
        }
      ]
    },
    "Planning Time": 0.212,
    "Triggers": [],
    "Execution Time": 784.426
  }
]