[
  {
    "Plan": {
      "Node Type": "Aggregate",
      "Strategy": "Plain",
      "Partial Mode": "Simple",
      "Parallel Aware": false,
      "Startup Cost": 12439.68,
      "Total Cost": 12439.69,
      "Plan Rows": 1,
      "Plan Width": 8,
      "Actual Startup Time": 6.871,
      "Actual Total Time": 6.873,
      "Actual Rows": 1,
      "Actual Loops": 1,
      "Plans": [
        {
          "Node Type": "Bitmap Heap Scan",
          "Parent Relationship": "Outer",
          "Parallel Aware": false,
          "Relation Name": "movie_companies",
          "Alias": "mc",
          "Startup Cost": 124.92,
          "Total Cost": 12425.33,
          "Plan Rows": 5740,
          "Plan Width": 0,
          "Actual Startup Time": 1.37,
          "Actual Total Time": 5.936,
          "Actual Rows": 5166,
          "Actual Loops": 1,
          "Recheck Cond": "(company_id = 49)",
          "Rows Removed by Index Recheck": 0,
          "Exact Heap Blocks": 934,
          "Lossy Heap Blocks": 0,
          "Plans": [
            {
              "Node Type": "Bitmap Index Scan",
              "Parent Relationship": "Outer",
              "Parallel Aware": false,
              "Index Name": "company_id_movie_companies",
              "Startup Cost": 0.0,
              "Total Cost": 123.48,
              "Plan Rows": 5740,
              "Plan Width": 0,
              "Actual Startup Time": 0.998,
              "Actual Total Time": 0.999,
              "Actual Rows": 5166,
              "Actual Loops": 1,
              "Index Cond": "(company_id = 49)"
            }
          ]
        }
      ]
    },
    "Planning Time": 0.186,
    "Triggers": [],
    "Execution Time": 6.94
  }
]