[
  {
    "Plan": {
      "Node Type": "Aggregate",
      "Strategy": "Plain",
      "Partial Mode": "Finalize",
      "Parallel Aware": false,
      "Startup Cost": 343514.21,
      "Total Cost": 343514.22,
      "Plan Rows": 1,
      "Plan Width": 8,
      "Actual Startup Time": 1036.615,
      "Actual Total Time": 1096.231,
      "Actual Rows": 1,
      "Actual Loops": 1,
      "Plans": [
        {
          "Node Type": "Gather",
          "Parent Relationship": "Outer",
          "Parallel Aware": false,
          "Startup Cost": 343513.58,
          "Total Cost": 343514.19,
          "Plan Rows": 6,
          "Plan Width": 8,
          "Actual Startup Time": 1036.397,
          "Actual Total Time": 1096.215,
          "Actual Rows": 7,
          "Actual Loops": 1,
          "Workers Planned": 6,
          "Workers Launched": 6,
          "Single Copy": false,
          "Plans": [
            {
              "Node Type": "Aggregate",
              "Strategy": "Plain",
              "Partial Mode": "Partial",
              "Parent Relationship": "Outer",
              "Parallel Aware": false,
              "Startup Cost": 342513.58,
              "Total Cost": 342513.59,
              "Plan Rows": 1,
              "Plan Width": 8,
              "Actual Startup Time": 1028.166,
              "Actual Total Time": 1028.167,
              "Actual Rows": 1,
              "Actual Loops": 7,
              "Plans": [
                {
                  "Node Type": "Seq Scan",
                  "Parent Relationship": "Outer",
                  "Parallel Aware": true,
                  "Relation Name": "cast_info",
                  "Alias": "ci",
                  "Startup Cost": 0.0,
                  "Total Cost": 328211.39,
                  "Plan Rows": 5720877,
                  "Plan Width": 0,
                  "Actual Startup Time": 0.044,
                  "Actual Total Time": 758.478,
                  "Actual Rows": 4913577,
                  "Actual Loops": 7,
                  "Filter": "(person_id < 3696925)",
                  "Rows Removed by Filter": 264186
                }
              ]
            }
          ]
        }
      ]
    },
    "Planning Time": 0.099,
    "Triggers": [],
    "Execution Time": 1096.281
  }
]