[
  {
    "Plan": {
      "Node Type": "Aggregate",
      "Strategy": "Plain",
      "Partial Mode": "Finalize",
      "Parallel Aware": false,
      "Startup Cost": 343459.02,
      "Total Cost": 343459.03,
      "Plan Rows": 1,
      "Plan Width": 8,
      "Actual Startup Time": 826.081,
      "Actual Total Time": 891.691,
      "Actual Rows": 1,
      "Actual Loops": 1,
      "Plans": [
        {
          "Node Type": "Gather",
          "Parent Relationship": "Outer",
          "Parallel Aware": false,
          "Startup Cost": 343458.39,
          "Total Cost": 343459.0,
          "Plan Rows": 6,
          "Plan Width": 8,
          "Actual Startup Time": 825.966,
          "Actual Total Time": 891.681,
          "Actual Rows": 7,
          "Actual Loops": 1,
          "Workers Planned": 6,
          "Workers Launched": 6,
          "Single Copy": false,
          "Plans": [
            {
              "Node Type": "Aggregate",
              "Strategy": "Plain",
              "Partial Mode": "Partial",
              "Parent Relationship": "Outer",
              "Parallel Aware": false,
              "Startup Cost": 342458.39,
              "Total Cost": 342458.4,
              "Plan Rows": 1,
              "Plan Width": 8,
              "Actual Startup Time": 816.602,
              "Actual Total Time": 816.603,
              "Actual Rows": 1,
              "Actual Loops": 7,
              "Plans": [
                {
                  "Node Type": "Seq Scan",
                  "Parent Relationship": "Outer",
                  "Parallel Aware": true,
                  "Relation Name": "cast_info",
                  "Alias": "ci",
                  "Startup Cost": 0.0,
                  "Total Cost": 328162.03,
                  "Plan Rows": 5718546,
                  "Plan Width": 0,
                  "Actual Startup Time": 0.05,
                  "Actual Total Time": 617.97,
                  "Actual Rows": 4913577,
                  "Actual Loops": 7,
                  "Filter": "(person_id < 3696925)",
                  "Rows Removed by Filter": 264186
                }
              ]
            }
          ]
        }
      ]
    },
    "Planning Time": 0.18,
    "Triggers": [],
    "Execution Time": 891.751
  }
]