[
  {
    "Plan": {
      "Node Type": "Aggregate",
      "Strategy": "Plain",
      "Partial Mode": "Finalize",
      "Parallel Aware": false,
      "Startup Cost": 29695.32,
      "Total Cost": 29695.33,
      "Plan Rows": 1,
      "Plan Width": 8,
      "Actual Startup Time": 86.451,
      "Actual Total Time": 89.402,
      "Actual Rows": 1,
      "Actual Loops": 1,
      "Plans": [
        {
          "Node Type": "Gather",
          "Parent Relationship": "Outer",
          "Parallel Aware": false,
          "Startup Cost": 29695.01,
          "Total Cost": 29695.32,
          "Plan Rows": 3,
          "Plan Width": 8,
          "Actual Startup Time": 86.315,
          "Actual Total Time": 89.394,
          "Actual Rows": 4,
          "Actual Loops": 1,
          "Workers Planned": 3,
          "Workers Launched": 3,
          "Single Copy": false,
          "Plans": [
            {
              "Node Type": "Aggregate",
              "Strategy": "Plain",
              "Partial Mode": "Partial",
              "Parent Relationship": "Outer",
              "Parallel Aware": false,
              "Startup Cost": 28695.01,
              "Total Cost": 28695.02,
              "Plan Rows": 1,
              "Plan Width": 8,
              "Actual Startup Time": 77.515,
              "Actual Total Time": 77.516,
              "Actual Rows": 1,
              "Actual Loops": 4,
              "Plans": [
                {
                  "Node Type": "Bitmap Heap Scan",
                  "Parent Relationship": "Outer",
                  "Parallel Aware": true,
                  "Relation Name": "movie_companies",
                  "Alias": "mc",
                  "Startup Cost": 8096.71,
                  "Total Cost": 28393.62,
                  "Plan Rows": 120553,
                  "Plan Width": 0,
                  "Actual Startup Time": 35.598,
                  "Actual Total Time": 71.031,
                  "Actual Rows": 94552,
                  "Actual Loops": 4,
                  "Recheck Cond": "(company_id > 84582)",
                  "Rows Removed by Index Recheck": 0,
                  "Exact Heap Blocks": 3440,
                  "Lossy Heap Blocks": 0,
                  "Plans": [
                    {
                      "Node Type": "Bitmap Index Scan",
                      "Parent Relationship": "Outer",
                      "Parallel Aware": false,
                      "Index Name": "company_id_movie_companies",
                      "Startup Cost": 0.0,
                      "Total Cost": 8003.28,
                      "Plan Rows": 373714,
                      "Plan Width": 0,
                      "Actual Startup Time": 42.466,
                      "Actual Total Time": 42.466,
                      "Actual Rows": 378210,
                      "Actual Loops": 1,
                      "Index Cond": "(company_id > 84582)"
                    }
                  ]
                }
              ]
            }
          ]
        }
      ]
    },
    "Planning Time": 0.17,
    "Triggers": [],
    "Execution Time": 89.48
  }
]