[
  {
    "Plan": {
      "Node Type": "Aggregate",
      "Strategy": "Plain",
      "Partial Mode": "Finalize",
      "Parallel Aware": false,
      "Startup Cost": 31134.33,
      "Total Cost": 31134.34,
      "Plan Rows": 1,
      "Plan Width": 8,
      "Actual Startup Time": 96.698,
      "Actual Total Time": 105.292,
      "Actual Rows": 1,
      "Actual Loops": 1,
      "Plans": [
        {
          "Node Type": "Gather",
          "Parent Relationship": "Outer",
          "Parallel Aware": false,
          "Startup Cost": 31134.01,
          "Total Cost": 31134.32,
          "Plan Rows": 3,
          "Plan Width": 8,
          "Actual Startup Time": 96.563,
          "Actual Total Time": 105.283,
          "Actual Rows": 4,
          "Actual Loops": 1,
          "Workers Planned": 3,
          "Workers Launched": 3,
          "Single Copy": false,
          "Plans": [
            {
              "Node Type": "Aggregate",
              "Strategy": "Plain",
              "Partial Mode": "Partial",
              "Parent Relationship": "Outer",
              "Parallel Aware": false,
              "Startup Cost": 30134.01,
              "Total Cost": 30134.02,
              "Plan Rows": 1,
              "Plan Width": 8,
              "Actual Startup Time": 90.884,
              "Actual Total Time": 90.886,
              "Actual Rows": 1,
              "Actual Loops": 4,
              "Plans": [
                {
                  "Node Type": "Seq Scan",
                  "Parent Relationship": "Outer",
                  "Parallel Aware": true,
                  "Relation Name": "movie_companies",
                  "Alias": "mc",
                  "Startup Cost": 0.0,
                  "Total Cost": 29310.68,
                  "Plan Rows": 329333,
                  "Plan Width": 0,
                  "Actual Startup Time": 17.192,
                  "Actual Total Time": 78.822,
                  "Actual Rows": 253987,
                  "Actual Loops": 4,
                  "Filter": "(company_id > 16138)",
                  "Rows Removed by Filter": 398295
                }
              ]
            }
          ]
        }
      ]
    },
    "Planning Time": 0.274,
    "Triggers": [],
    "Execution Time": 105.35
  }
]