{
  "Plan": {
    "Node Type": "Aggregate",
    "Strategy": "Plain",
    "Partial Mode": "Finalize",
    "Parallel Aware": false,
    "Startup Cost": 829037.2,
    "Total Cost": 829037.21,
    "Plan Rows": 1,
    "Plan Width": 8,
    "Actual Startup Time": 6576.049,
    "Actual Total Time": 6635.266,
    "Actual Rows": 1,
    "Actual Loops": 1,
    "Plans": [
      {
        "Node Type": "Gather",
        "Parent Relationship": "Outer",
        "Parallel Aware": false,
        "Startup Cost": 829037.08,
        "Total Cost": 829037.19,
        "Plan Rows": 1,
        "Plan Width": 8,
        "Actual Startup Time": 6570.354,
        "Actual Total Time": 6635.255,
        "Actual Rows": 2,
        "Actual Loops": 1,
        "Workers Planned": 1,
        "Workers Launched": 1,
        "Single Copy": false,
        "Plans": [
          {
            "Node Type": "Aggregate",
            "Strategy": "Plain",
            "Partial Mode": "Partial",
            "Parent Relationship": "Outer",
            "Parallel Aware": false,
            "Startup Cost": 828037.08,
            "Total Cost": 828037.09,
            "Plan Rows": 1,
            "Plan Width": 8,
            "Actual Startup Time": 6564.345,
            "Actual Total Time": 6564.672,
            "Actual Rows": 1,
            "Actual Loops": 2,
            "Plans": [
              {
                "Node Type": "Hash Join",
                "Parent Relationship": "Outer",
                "Parallel Aware": true,
                "Join Type": "Inner",
                "Startup Cost": 248104.0,
                "Total Cost": 817829.52,
                "Plan Rows": 4083026,
                "Plan Width": 0,
                "Actual Startup Time": 789.097,
                "Actual Total Time": 5993.155,
                "Actual Rows": 14206880,
                "Actual Loops": 2,
                "Inner Unique": false,
                "Hash Cond": "(ci.movie_id = t.id)",
                "Plans": [
                  {
                    "Node Type": "Seq Scan",
                    "Parent Relationship": "Outer",
                    "Parallel Aware": true,
                    "Relation Name": "cast_info",
                    "Alias": "ci",
                    "Startup Cost": 0.0,
                    "Total Cost": 465792.95,
                    "Plan Rows": 21310595,
                    "Plan Width": 4,
                    "Actual Startup Time": 0.021,
                    "Actual Total Time": 1409.928,
                    "Actual Rows": 18122172,
                    "Actual Loops": 2
                  },
                  {
                    "Node Type": "Hash",
                    "Parent Relationship": "Inner",
                    "Parallel Aware": true,
                    "Startup Cost": 244542.15,
                    "Total Cost": 244542.15,
                    "Plan Rows": 284948,
                    "Plan Width": 8,
                    "Actual Startup Time": 783.218,
                    "Actual Total Time": 783.543,
                    "Actual Rows": 243277,
                    "Actual Loops": 2,
                    "Hash Buckets": 524288,
                    "Original Hash Buckets": 524288,
                    "Hash Batches": 1,
                    "Original Hash Batches": 1,
                    "Peak Memory Usage": 23136,
                    "Plans": [
                      {
                        "Node Type": "Hash Join",
                        "Parent Relationship": "Outer",
                        "Parallel Aware": true,
                        "Join Type": "Inner",
                        "Startup Cost": 78239.32,
                        "Total Cost": 244542.15,
                        "Plan Rows": 284948,
                        "Plan Width": 8,
                        "Actual Startup Time": 622.014,
                        "Actual Total Time": 731.243,
                        "Actual Rows": 243277,
                        "Actual Loops": 2,
                        "Inner Unique": true,
                        "Hash Cond": "(mi.movie_id = t.id)",
                        "Plans": [
                          {
                            "Node Type": "Bitmap Heap Scan",
                            "Parent Relationship": "Outer",
                            "Parallel Aware": true,
                            "Relation Name": "movie_info",
                            "Alias": "mi",
                            "Startup Cost": 8778.62,
                            "Total Cost": 174333.47,
                            "Plan Rows": 284948,
                            "Plan Width": 4,
                            "Actual Startup Time": 19.055,
                            "Actual Total Time": 46.488,
                            "Actual Rows": 243277,
                            "Actual Loops": 2,
                            "Recheck Cond": "(info_type_id = 5)",
                            "Rows Removed by Index Recheck": 0,
                            "Exact Heap Blocks": 3086,
                            "Lossy Heap Blocks": 0,
                            "Plans": [
                              {
                                "Node Type": "Bitmap Index Scan",
                                "Parent Relationship": "Outer",
                                "Parallel Aware": false,
                                "Index Name": "info_type_id_movie_info",
                                "Startup Cost": 0.0,
                                "Total Cost": 8657.52,
                                "Plan Rows": 484411,
                                "Plan Width": 0,
                                "Actual Startup Time": 18.26,
                                "Actual Total Time": 18.26,
                                "Actual Rows": 486554,
                                "Actual Loops": 1,
                                "Index Cond": "(info_type_id = 5)"
                              }
                            ]
                          },
                          {
                            "Node Type": "Hash",
                            "Parent Relationship": "Inner",
                            "Parallel Aware": true,
                            "Startup Cost": 50870.31,
                            "Total Cost": 50870.31,
                            "Plan Rows": 1487231,
                            "Plan Width": 4,
                            "Actual Startup Time": 584.907,
                            "Actual Total Time": 584.908,
                            "Actual Rows": 1264156,
                            "Actual Loops": 2,
                            "Hash Buckets": 4194304,
                            "Original Hash Buckets": 4194304,
                            "Hash Batches": 1,
                            "Original Hash Batches": 1,
                            "Peak Memory Usage": 131712,
                            "Plans": [
                              {
                                "Node Type": "Seq Scan",
                                "Parent Relationship": "Outer",
                                "Parallel Aware": true,
                                "Relation Name": "title",
                                "Alias": "t",
                                "Startup Cost": 0.0,
                                "Total Cost": 50870.31,
                                "Plan Rows": 1487231,
                                "Plan Width": 4,
                                "Actual Startup Time": 0.038,
                                "Actual Total Time": 161.808,
                                "Actual Rows": 1264156,
                                "Actual Loops": 2
                              }
                            ]
                          }
                        ]
                      }
                    ]
                  }
                ]
              }
            ]
          }
        ]
      }
    ]
  },
  "Planning Time": 0.98,
  "Triggers": [],
  "Execution Time": 6635.376
}