[
  {
    "Plan": {
      "Node Type": "Aggregate",
      "Strategy": "Plain",
      "Partial Mode": "Finalize",
      "Parallel Aware": false,
      "Startup Cost": 46851.56,
      "Total Cost": 46851.57,
      "Plan Rows": 1,
      "Plan Width": 8,
      "Actual Startup Time": 110.267,
      "Actual Total Time": 122.057,
      "Actual Rows": 1,
      "Actual Loops": 1,
      "Plans": [
        {
          "Node Type": "Gather",
          "Parent Relationship": "Outer",
          "Parallel Aware": false,
          "Startup Cost": 46851.14,
          "Total Cost": 46851.55,
          "Plan Rows": 4,
          "Plan Width": 8,
          "Actual Startup Time": 110.119,
          "Actual Total Time": 122.047,
          "Actual Rows": 5,
          "Actual Loops": 1,
          "Workers Planned": 4,
          "Workers Launched": 4,
          "Single Copy": false,
          "Plans": [
            {
              "Node Type": "Aggregate",
              "Strategy": "Plain",
              "Partial Mode": "Partial",
              "Parent Relationship": "Outer",
              "Parallel Aware": false,
              "Startup Cost": 45851.14,
              "Total Cost": 45851.15,
              "Plan Rows": 1,
              "Plan Width": 8,
              "Actual Startup Time": 100.944,
              "Actual Total Time": 100.945,
              "Actual Rows": 1,
              "Actual Loops": 5,
              "Plans": [
                {
                  "Node Type": "Seq Scan",
                  "Parent Relationship": "Outer",
                  "Parallel Aware": true,
                  "Relation Name": "title",
                  "Alias": "t",
                  "Startup Cost": 0.0,
                  "Total Cost": 45479.1,
                  "Plan Rows": 148817,
                  "Plan Width": 0,
                  "Actual Startup Time": 48.392,
                  "Actual Total Time": 96.1,
                  "Actual Rows": 96383,
                  "Actual Loops": 5,
                  "Filter": "((production_year > 1954) AND (kind_id = 1))",
                  "Rows Removed by Filter": 409280
                }
              ]
            }
          ]
        }
      ]
    },
    "Planning Time": 0.2,
    "Triggers": [],
    "Execution Time": 122.122
  }
]