[
  {
    "Plan": {
      "Node Type": "Aggregate",
      "Strategy": "Plain",
      "Partial Mode": "Finalize",
      "Parallel Aware": false,
      "Startup Cost": 31217.18,
      "Total Cost": 31217.19,
      "Plan Rows": 1,
      "Plan Width": 8,
      "Actual Startup Time": 93.766,
      "Actual Total Time": 100.971,
      "Actual Rows": 1,
      "Actual Loops": 1,
      "Plans": [
        {
          "Node Type": "Gather",
          "Parent Relationship": "Outer",
          "Parallel Aware": false,
          "Startup Cost": 31216.86,
          "Total Cost": 31217.17,
          "Plan Rows": 3,
          "Plan Width": 8,
          "Actual Startup Time": 93.679,
          "Actual Total Time": 100.963,
          "Actual Rows": 4,
          "Actual Loops": 1,
          "Workers Planned": 3,
          "Workers Launched": 3,
          "Single Copy": false,
          "Plans": [
            {
              "Node Type": "Aggregate",
              "Strategy": "Plain",
              "Partial Mode": "Partial",
              "Parent Relationship": "Outer",
              "Parallel Aware": false,
              "Startup Cost": 30216.86,
              "Total Cost": 30216.87,
              "Plan Rows": 1,
              "Plan Width": 8,
              "Actual Startup Time": 86.967,
              "Actual Total Time": 86.968,
              "Actual Rows": 1,
              "Actual Loops": 4,
              "Plans": [
                {
                  "Node Type": "Seq Scan",
                  "Parent Relationship": "Outer",
                  "Parallel Aware": true,
                  "Relation Name": "movie_companies",
                  "Alias": "mc",
                  "Startup Cost": 0.0,
                  "Total Cost": 29310.68,
                  "Plan Rows": 362472,
                  "Plan Width": 0,
                  "Actual Startup Time": 12.124,
                  "Actual Total Time": 73.949,
                  "Actual Rows": 279400,
                  "Actual Loops": 4,
                  "Filter": "(company_id > 13791)",
                  "Rows Removed by Filter": 372882
                }
              ]
            }
          ]
        }
      ]
    },
    "Planning Time": 0.075,
    "Triggers": [],
    "Execution Time": 101.003
  }
]