{
  "Plan": {
    "Node Type": "Aggregate",
    "Strategy": "Plain",
    "Partial Mode": "Finalize",
    "Parallel Aware": false,
    "Startup Cost": 74375.53,
    "Total Cost": 74375.54,
    "Plan Rows": 1,
    "Plan Width": 8,
    "Actual Startup Time": 254.47,
    "Actual Total Time": 267.786,
    "Actual Rows": 1,
    "Actual Loops": 1,
    "Plans": [
      {
        "Node Type": "Gather",
        "Parent Relationship": "Outer",
        "Parallel Aware": false,
        "Startup Cost": 74375.41,
        "Total Cost": 74375.52,
        "Plan Rows": 1,
        "Plan Width": 8,
        "Actual Startup Time": 254.246,
        "Actual Total Time": 267.78,
        "Actual Rows": 2,
        "Actual Loops": 1,
        "Workers Planned": 1,
        "Workers Launched": 1,
        "Single Copy": false,
        "Plans": [
          {
            "Node Type": "Aggregate",
            "Strategy": "Plain",
            "Partial Mode": "Partial",
            "Parent Relationship": "Outer",
            "Parallel Aware": false,
            "Startup Cost": 73375.41,
            "Total Cost": 73375.42,
            "Plan Rows": 1,
            "Plan Width": 8,
            "Actual Startup Time": 248.683,
            "Actual Total Time": 248.686,
            "Actual Rows": 1,
            "Actual Loops": 2,
            "Plans": [
              {
                "Node Type": "Hash Join",
                "Parent Relationship": "Outer",
                "Parallel Aware": true,
                "Join Type": "Inner",
                "Startup Cost": 55132.25,
                "Total Cost": 73316.04,
                "Plan Rows": 23749,
                "Plan Width": 0,
                "Actual Startup Time": 186.418,
                "Actual Total Time": 248.353,
                "Actual Rows": 7480,
                "Actual Loops": 2,
                "Inner Unique": true,
                "Hash Cond": "(mi_idx.movie_id = t.id)",
                "Plans": [
                  {
                    "Node Type": "Seq Scan",
                    "Parent Relationship": "Outer",
                    "Parallel Aware": true,
                    "Relation Name": "movie_info_idx",
                    "Alias": "mi_idx",
                    "Startup Cost": 0.0,
                    "Total Cost": 16052.85,
                    "Plan Rows": 811785,
                    "Plan Width": 4,
                    "Actual Startup Time": 0.019,
                    "Actual Total Time": 47.03,
                    "Actual Rows": 690018,
                    "Actual Loops": 2
                  },
                  {
                    "Node Type": "Hash",
                    "Parent Relationship": "Inner",
                    "Parallel Aware": true,
                    "Startup Cost": 54588.39,
                    "Total Cost": 54588.39,
                    "Plan Rows": 43509,
                    "Plan Width": 4,
                    "Actual Startup Time": 143.55,
                    "Actual Total Time": 143.55,
                    "Actual Rows": 38933,
                    "Actual Loops": 2,
                    "Hash Buckets": 131072,
                    "Original Hash Buckets": 131072,
                    "Hash Batches": 1,
                    "Original Hash Batches": 1,
                    "Peak Memory Usage": 4096,
                    "Plans": [
                      {
                        "Node Type": "Seq Scan",
                        "Parent Relationship": "Outer",
                        "Parallel Aware": true,
                        "Relation Name": "title",
                        "Alias": "t",
                        "Startup Cost": 0.0,
                        "Total Cost": 54588.39,
                        "Plan Rows": 43509,
                        "Plan Width": 4,
                        "Actual Startup Time": 56.732,
                        "Actual Total Time": 135.151,
                        "Actual Rows": 38933,
                        "Actual Loops": 2,
                        "Filter": "(production_year < 1918)",
                        "Rows Removed by Filter": 1225223
                      }
                    ]
                  }
                ]
              }
            ]
          }
        ]
      }
    ]
  },
  "Planning Time": 0.411,
  "Triggers": [],
  "Execution Time": 267.857
}