{
  "Plan": {
    "Node Type": "Aggregate",
    "Strategy": "Plain",
    "Partial Mode": "Finalize",
    "Parallel Aware": false,
    "Startup Cost": 117547.67,
    "Total Cost": 117547.68,
    "Plan Rows": 1,
    "Plan Width": 8,
    "Actual Startup Time": 333.689,
    "Actual Total Time": 347.788,
    "Actual Rows": 1,
    "Actual Loops": 1,
    "Plans": [
      {
        "Node Type": "Gather",
        "Parent Relationship": "Outer",
        "Parallel Aware": false,
        "Startup Cost": 117547.55,
        "Total Cost": 117547.66,
        "Plan Rows": 1,
        "Plan Width": 8,
        "Actual Startup Time": 333.406,
        "Actual Total Time": 347.78,
        "Actual Rows": 2,
        "Actual Loops": 1,
        "Workers Planned": 1,
        "Workers Launched": 1,
        "Single Copy": false,
        "Plans": [
          {
            "Node Type": "Aggregate",
            "Strategy": "Plain",
            "Partial Mode": "Partial",
            "Parent Relationship": "Outer",
            "Parallel Aware": false,
            "Startup Cost": 116547.55,
            "Total Cost": 116547.56,
            "Plan Rows": 1,
            "Plan Width": 8,
            "Actual Startup Time": 327.244,
            "Actual Total Time": 327.248,
            "Actual Rows": 1,
            "Actual Loops": 2,
            "Plans": [
              {
                "Node Type": "Nested Loop",
                "Parent Relationship": "Outer",
                "Parallel Aware": false,
                "Join Type": "Inner",
                "Startup Cost": 77961.36,
                "Total Cost": 116542.66,
                "Plan Rows": 1958,
                "Plan Width": 0,
                "Actual Startup Time": 191.789,
                "Actual Total Time": 327.19,
                "Actual Rows": 413,
                "Actual Loops": 2,
                "Inner Unique": false,
                "Join Filter": "(t.id = mi_idx.movie_id)",
                "Rows Removed by Join Filter": 0,
                "Plans": [
                  {
                    "Node Type": "Hash Join",
                    "Parent Relationship": "Outer",
                    "Parallel Aware": true,
                    "Join Type": "Inner",
                    "Startup Cost": 77960.93,
                    "Total Cost": 110502.16,
                    "Plan Rows": 10741,
                    "Plan Width": 8,
                    "Actual Startup Time": 190.928,
                    "Actual Total Time": 321.397,
                    "Actual Rows": 1405,
                    "Actual Loops": 2,
                    "Inner Unique": true,
                    "Hash Cond": "(mk.movie_id = t.id)",
                    "Plans": [
                      {
                        "Node Type": "Bitmap Heap Scan",
                        "Parent Relationship": "Outer",
                        "Parallel Aware": true,
                        "Relation Name": "movie_keyword",
                        "Alias": "mk",
                        "Startup Cost": 19281.01,
                        "Total Cost": 50418.67,
                        "Plan Rows": 534693,
                        "Plan Width": 4,
                        "Actual Startup Time": 46.261,
                        "Actual Total Time": 131.677,
                        "Actual Rows": 458859,
                        "Actual Loops": 2,
                        "Recheck Cond": "(keyword_id < 869)",
                        "Rows Removed by Index Recheck": 0,
                        "Exact Heap Blocks": 14447,
                        "Lossy Heap Blocks": 0,
                        "Plans": [
                          {
                            "Node Type": "Bitmap Index Scan",
                            "Parent Relationship": "Outer",
                            "Parallel Aware": false,
                            "Index Name": "keyword_id_movie_keyword",
                            "Startup Cost": 0.0,
                            "Total Cost": 19053.77,
                            "Plan Rows": 908978,
                            "Plan Width": 0,
                            "Actual Startup Time": 42.62,
                            "Actual Total Time": 42.621,
                            "Actual Rows": 917718,
                            "Actual Loops": 1,
                            "Index Cond": "(keyword_id < 869)"
                          }
                        ]
                      },
                      {
                        "Node Type": "Hash",
                        "Parent Relationship": "Inner",
                        "Parallel Aware": true,
                        "Startup Cost": 58306.47,
                        "Total Cost": 58306.47,
                        "Plan Rows": 29876,
                        "Plan Width": 4,
                        "Actual Startup Time": 142.582,
                        "Actual Total Time": 142.583,
                        "Actual Rows": 22660,
                        "Actual Loops": 2,
                        "Hash Buckets": 65536,
                        "Original Hash Buckets": 65536,
                        "Hash Batches": 1,
                        "Original Hash Batches": 1,
                        "Peak Memory Usage": 2304,
                        "Plans": [
                          {
                            "Node Type": "Seq Scan",
                            "Parent Relationship": "Outer",
                            "Parallel Aware": true,
                            "Relation Name": "title",
                            "Alias": "t",
                            "Startup Cost": 0.0,
                            "Total Cost": 58306.47,
                            "Plan Rows": 29876,
                            "Plan Width": 4,
                            "Actual Startup Time": 0.06,
                            "Actual Total Time": 135.649,
                            "Actual Rows": 22660,
                            "Actual Loops": 2,
                            "Filter": "((kind_id > 1) AND (production_year > 2012))",
                            "Rows Removed by Filter": 1241496
                          }
                        ]
                      }
                    ]
                  },
                  {
                    "Node Type": "Index Scan",
                    "Parent Relationship": "Inner",
                    "Parallel Aware": false,
                    "Scan Direction": "Forward",
                    "Index Name": "movie_id_movie_info_idx",
                    "Relation Name": "movie_info_idx",
                    "Alias": "mi_idx",
                    "Startup Cost": 0.43,
                    "Total Cost": 0.55,
                    "Plan Rows": 1,
                    "Plan Width": 4,
                    "Actual Startup Time": 0.004,
                    "Actual Total Time": 0.004,
                    "Actual Rows": 0,
                    "Actual Loops": 2810,
                    "Index Cond": "(movie_id = mk.movie_id)",
                    "Rows Removed by Index Recheck": 0,
                    "Filter": "(info_type_id = 101)",
                    "Rows Removed by Filter": 1
                  }
                ]
              }
            ]
          }
        ]
      }
    ]
  },
  "Planning Time": 0.981,
  "Triggers": [],
  "Execution Time": 347.896
}