[
  {
    "Plan": {
      "Node Type": "Aggregate",
      "Strategy": "Plain",
      "Partial Mode": "Finalize",
      "Parallel Aware": false,
      "Startup Cost": 10132.66,
      "Total Cost": 10132.67,
      "Plan Rows": 1,
      "Plan Width": 8,
      "Actual Startup Time": 20.147,
      "Actual Total Time": 23.336,
      "Actual Rows": 1,
      "Actual Loops": 1,
      "Plans": [
        {
          "Node Type": "Gather",
          "Parent Relationship": "Outer",
          "Parallel Aware": false,
          "Startup Cost": 10132.34,
          "Total Cost": 10132.65,
          "Plan Rows": 3,
          "Plan Width": 8,
          "Actual Startup Time": 20.079,
          "Actual Total Time": 23.33,
          "Actual Rows": 4,
          "Actual Loops": 1,
          "Workers Planned": 3,
          "Workers Launched": 3,
          "Single Copy": false,
          "Plans": [
            {
              "Node Type": "Aggregate",
              "Strategy": "Plain",
              "Partial Mode": "Partial",
              "Parent Relationship": "Outer",
              "Parallel Aware": false,
              "Startup Cost": 9132.34,
              "Total Cost": 9132.35,
              "Plan Rows": 1,
              "Plan Width": 8,
              "Actual Startup Time": 16.553,
              "Actual Total Time": 16.554,
              "Actual Rows": 1,
              "Actual Loops": 4,
              "Plans": [
                {
                  "Node Type": "Index Scan",
                  "Parent Relationship": "Outer",
                  "Parallel Aware": true,
                  "Scan Direction": "Forward",
                  "Index Name": "role_id_cast_info",
                  "Relation Name": "cast_info",
                  "Alias": "ci",
                  "Startup Cost": 0.56,
                  "Total Cost": 9091.72,
                  "Plan Rows": 16246,
                  "Plan Width": 0,
                  "Actual Startup Time": 0.076,
                  "Actual Total Time": 16.189,
                  "Actual Rows": 6062,
                  "Actual Loops": 4,
                  "Index Cond": "(role_id > 10)",
                  "Rows Removed by Index Recheck": 0,
                  "Filter": "(person_id < 579345)",
                  "Rows Removed by Filter": 72968
                }
              ]
            }
          ]
        }
      ]
    },
    "Planning Time": 0.051,
    "Triggers": [],
    "Execution Time": 23.356
  }
]