[
  {
    "Plan": {
      "Node Type": "Aggregate",
      "Strategy": "Plain",
      "Partial Mode": "Finalize",
      "Parallel Aware": false,
      "Startup Cost": 32781.08,
      "Total Cost": 32781.09,
      "Plan Rows": 1,
      "Plan Width": 8,
      "Actual Startup Time": 90.617,
      "Actual Total Time": 98.282,
      "Actual Rows": 1,
      "Actual Loops": 1,
      "Plans": [
        {
          "Node Type": "Gather",
          "Parent Relationship": "Outer",
          "Parallel Aware": false,
          "Startup Cost": 32780.76,
          "Total Cost": 32781.07,
          "Plan Rows": 3,
          "Plan Width": 8,
          "Actual Startup Time": 90.485,
          "Actual Total Time": 98.274,
          "Actual Rows": 4,
          "Actual Loops": 1,
          "Workers Planned": 3,
          "Workers Launched": 3,
          "Single Copy": false,
          "Plans": [
            {
              "Node Type": "Aggregate",
              "Strategy": "Plain",
              "Partial Mode": "Partial",
              "Parent Relationship": "Outer",
              "Parallel Aware": false,
              "Startup Cost": 31780.76,
              "Total Cost": 31780.77,
              "Plan Rows": 1,
              "Plan Width": 8,
              "Actual Startup Time": 82.0,
              "Actual Total Time": 82.001,
              "Actual Rows": 1,
              "Actual Loops": 4,
              "Plans": [
                {
                  "Node Type": "Seq Scan",
                  "Parent Relationship": "Outer",
                  "Parallel Aware": true,
                  "Relation Name": "movie_companies",
                  "Alias": "mc",
                  "Startup Cost": 0.0,
                  "Total Cost": 31414.82,
                  "Plan Rows": 146378,
                  "Plan Width": 0,
                  "Actual Startup Time": 25.302,
                  "Actual Total Time": 80.104,
                  "Actual Rows": 34942,
                  "Actual Loops": 4,
                  "Filter": "((company_id > 19371) AND (company_type_id < 2))",
                  "Rows Removed by Filter": 617340
                }
              ]
            }
          ]
        }
      ]
    },
    "Planning Time": 0.251,
    "Triggers": [],
    "Execution Time": 98.414
  }
]