[
  {
    "Plan": {
      "Node Type": "Aggregate",
      "Strategy": "Plain",
      "Partial Mode": "Finalize",
      "Parallel Aware": false,
      "Startup Cost": 45313.41,
      "Total Cost": 45313.42,
      "Plan Rows": 1,
      "Plan Width": 8,
      "Actual Startup Time": 171.117,
      "Actual Total Time": 183.815,
      "Actual Rows": 1,
      "Actual Loops": 1,
      "Plans": [
        {
          "Node Type": "Gather",
          "Parent Relationship": "Outer",
          "Parallel Aware": false,
          "Startup Cost": 45313.09,
          "Total Cost": 45313.4,
          "Plan Rows": 3,
          "Plan Width": 8,
          "Actual Startup Time": 170.955,
          "Actual Total Time": 183.805,
          "Actual Rows": 4,
          "Actual Loops": 1,
          "Workers Planned": 3,
          "Workers Launched": 3,
          "Single Copy": false,
          "Plans": [
            {
              "Node Type": "Aggregate",
              "Strategy": "Plain",
              "Partial Mode": "Partial",
              "Parent Relationship": "Outer",
              "Parallel Aware": false,
              "Startup Cost": 44313.09,
              "Total Cost": 44313.1,
              "Plan Rows": 1,
              "Plan Width": 8,
              "Actual Startup Time": 164.157,
              "Actual Total Time": 164.159,
              "Actual Rows": 1,
              "Actual Loops": 4,
              "Plans": [
                {
                  "Node Type": "Seq Scan",
                  "Parent Relationship": "Outer",
                  "Parallel Aware": true,
                  "Relation Name": "movie_keyword",
                  "Alias": "mk",
                  "Startup Cost": 0.0,
                  "Total Cost": 42695.65,
                  "Plan Rows": 646975,
                  "Plan Width": 0,
                  "Actual Startup Time": 0.05,
                  "Actual Total Time": 134.895,
                  "Actual Rows": 503028,
                  "Actual Loops": 4,
                  "Filter": "(keyword_id < 3584)",
                  "Rows Removed by Filter": 627954
                }
              ]
            }
          ]
        }
      ]
    },
    "Planning Time": 0.092,
    "Triggers": [],
    "Execution Time": 183.855
  }
]