[
  {
    "Plan": {
      "Node Type": "Aggregate",
      "Strategy": "Plain",
      "Partial Mode": "Finalize",
      "Parallel Aware": false,
      "Startup Cost": 97066.4,
      "Total Cost": 97066.41,
      "Plan Rows": 1,
      "Plan Width": 8,
      "Actual Startup Time": 460.184,
      "Actual Total Time": 480.046,
      "Actual Rows": 1,
      "Actual Loops": 1,
      "Plans": [
        {
          "Node Type": "Gather",
          "Parent Relationship": "Outer",
          "Parallel Aware": false,
          "Startup Cost": 97066.18,
          "Total Cost": 97066.39,
          "Plan Rows": 2,
          "Plan Width": 8,
          "Actual Startup Time": 457.378,
          "Actual Total Time": 480.036,
          "Actual Rows": 3,
          "Actual Loops": 1,
          "Workers Planned": 2,
          "Workers Launched": 2,
          "Single Copy": false,
          "Plans": [
            {
              "Node Type": "Aggregate",
              "Strategy": "Plain",
              "Partial Mode": "Partial",
              "Parent Relationship": "Outer",
              "Parallel Aware": false,
              "Startup Cost": 96066.18,
              "Total Cost": 96066.19,
              "Plan Rows": 1,
              "Plan Width": 8,
              "Actual Startup Time": 450.508,
              "Actual Total Time": 450.516,
              "Actual Rows": 1,
              "Actual Loops": 3,
              "Plans": [
                {
                  "Node Type": "Hash Join",
                  "Parent Relationship": "Outer",
                  "Parallel Aware": true,
                  "Join Type": "Inner",
                  "Startup Cost": 80066.68,
                  "Total Cost": 95997.18,
                  "Plan Rows": 27603,
                  "Plan Width": 0,
                  "Actual Startup Time": 353.292,
                  "Actual Total Time": 446.669,
                  "Actual Rows": 91541,
                  "Actual Loops": 3,
                  "Inner Unique": false,
                  "Hash Cond": "(mi_idx.movie_id = t.id)",
                  "Plans": [
                    {
                      "Node Type": "Seq Scan",
                      "Parent Relationship": "Outer",
                      "Parallel Aware": true,
                      "Relation Name": "movie_info_idx",
                      "Alias": "mi_idx",
                      "Startup Cost": 0.0,
                      "Total Cost": 13685.15,
                      "Plan Rows": 575015,
                      "Plan Width": 4,
                      "Actual Startup Time": 0.018,
                      "Actual Total Time": 37.592,
                      "Actual Rows": 460012,
                      "Actual Loops": 3
                    },
                    {
                      "Node Type": "Hash",
                      "Parent Relationship": "Inner",
                      "Parallel Aware": true,
                      "Startup Cost": 79577.27,
                      "Total Cost": 79577.27,
                      "Plan Rows": 39153,
                      "Plan Width": 8,
                      "Actual Startup Time": 351.641,
                      "Actual Total Time": 351.646,
                      "Actual Rows": 70669,
                      "Actual Loops": 3,
                      "Hash Buckets": 262144,
                      "Original Hash Buckets": 131072,
                      "Hash Batches": 1,
                      "Original Hash Batches": 1,
                      "Peak Memory Usage": 11424,
                      "Plans": [
                        {
                          "Node Type": "Hash Join",
                          "Parent Relationship": "Outer",
                          "Parallel Aware": true,
                          "Join Type": "Inner",
                          "Startup Cost": 47814.69,
                          "Total Cost": 79577.27,
                          "Plan Rows": 39153,
                          "Plan Width": 8,
                          "Actual Startup Time": 199.279,
                          "Actual Total Time": 328.89,
                          "Actual Rows": 70669,
                          "Actual Loops": 3,
                          "Inner Unique": true,
                          "Hash Cond": "(mc.movie_id = t.id)",
                          "Plans": [
                            {
                              "Node Type": "Seq Scan",
                              "Parent Relationship": "Outer",
                              "Parallel Aware": true,
                              "Relation Name": "movie_companies",
                              "Alias": "mc",
                              "Startup Cost": 0.0,
                              "Total Cost": 31414.82,
                              "Plan Rows": 132483,
                              "Plan Width": 4,
                              "Actual Startup Time": 0.009,
                              "Actual Total Time": 78.13,
                              "Actual Rows": 197755,
                              "Actual Loops": 3,
                              "Filter": "((company_id < 2197) AND (company_type_id < 2))",
                              "Rows Removed by Filter": 671955
                            },
                            {
                              "Node Type": "Hash",
                              "Parent Relationship": "Inner",
                              "Parallel Aware": true,
                              "Startup Cost": 45479.59,
                              "Total Cost": 45479.59,
                              "Plan Rows": 186808,
                              "Plan Width": 4,
                              "Actual Startup Time": 195.134,
                              "Actual Total Time": 195.135,
                              "Actual Rows": 215852,
                              "Actual Loops": 3,
                              "Hash Buckets": 1048576,
                              "Original Hash Buckets": 1048576,
                              "Hash Batches": 1,
                              "Original Hash Batches": 1,
                              "Peak Memory Usage": 33568,
                              "Plans": [
                                {
                                  "Node Type": "Seq Scan",
                                  "Parent Relationship": "Outer",
                                  "Parallel Aware": true,
                                  "Relation Name": "title",
                                  "Alias": "t",
                                  "Startup Cost": 0.0,
                                  "Total Cost": 45479.59,
                                  "Plan Rows": 186808,
                                  "Plan Width": 4,
                                  "Actual Startup Time": 0.058,
                                  "Actual Total Time": 117.73,
                                  "Actual Rows": 215852,
                                  "Actual Loops": 3,
                                  "Filter": "((kind_id > 1) AND (production_year < 2000))",
                                  "Rows Removed by Filter": 626919
                                }
                              ]
                            }
                          ]
                        }
                      ]
                    }
                  ]
                }
              ]
            }
          ]
        }
      ]
    },
    "Planning Time": 1.023,
    "Triggers": [],
    "Execution Time": 480.106
  }
]