{
  "Plan": {
    "Node Type": "Aggregate",
    "Strategy": "Plain",
    "Partial Mode": "Finalize",
    "Parallel Aware": false,
    "Startup Cost": 92244.1,
    "Total Cost": 92244.11,
    "Plan Rows": 1,
    "Plan Width": 8,
    "Actual Startup Time": 356.903,
    "Actual Total Time": 371.004,
    "Actual Rows": 1,
    "Actual Loops": 1,
    "Plans": [
      {
        "Node Type": "Gather",
        "Parent Relationship": "Outer",
        "Parallel Aware": false,
        "Startup Cost": 92243.98,
        "Total Cost": 92244.09,
        "Plan Rows": 1,
        "Plan Width": 8,
        "Actual Startup Time": 355.134,
        "Actual Total Time": 370.996,
        "Actual Rows": 2,
        "Actual Loops": 1,
        "Workers Planned": 1,
        "Workers Launched": 1,
        "Single Copy": false,
        "Plans": [
          {
            "Node Type": "Aggregate",
            "Strategy": "Plain",
            "Partial Mode": "Partial",
            "Parent Relationship": "Outer",
            "Parallel Aware": false,
            "Startup Cost": 91243.98,
            "Total Cost": 91243.99,
            "Plan Rows": 1,
            "Plan Width": 8,
            "Actual Startup Time": 349.358,
            "Actual Total Time": 349.362,
            "Actual Rows": 1,
            "Actual Loops": 2,
            "Plans": [
              {
                "Node Type": "Hash Join",
                "Parent Relationship": "Outer",
                "Parallel Aware": true,
                "Join Type": "Inner",
                "Startup Cost": 64503.46,
                "Total Cost": 91152.67,
                "Plan Rows": 36525,
                "Plan Width": 0,
                "Actual Startup Time": 262.67,
                "Actual Total Time": 346.858,
                "Actual Rows": 52808,
                "Actual Loops": 2,
                "Inner Unique": true,
                "Hash Cond": "(mk.movie_id = t.id)",
                "Plans": [
                  {
                    "Node Type": "Bitmap Heap Scan",
                    "Parent Relationship": "Outer",
                    "Parallel Aware": true,
                    "Relation Name": "movie_keyword",
                    "Alias": "mk",
                    "Startup Cost": 5236.63,
                    "Total Cost": 31504.86,
                    "Plan Rows": 145138,
                    "Plan Width": 4,
                    "Actual Startup Time": 20.532,
                    "Actual Total Time": 68.613,
                    "Actual Rows": 127832,
                    "Actual Loops": 2,
                    "Recheck Cond": "(keyword_id < 225)",
                    "Rows Removed by Index Recheck": 0,
                    "Exact Heap Blocks": 13412,
                    "Lossy Heap Blocks": 0,
                    "Plans": [
                      {
                        "Node Type": "Bitmap Index Scan",
                        "Parent Relationship": "Outer",
                        "Parallel Aware": false,
                        "Index Name": "keyword_id_movie_keyword",
                        "Startup Cost": 0.0,
                        "Total Cost": 5174.94,
                        "Plan Rows": 246735,
                        "Plan Width": 0,
                        "Actual Startup Time": 16.995,
                        "Actual Total Time": 16.995,
                        "Actual Rows": 255663,
                        "Actual Loops": 1,
                        "Index Cond": "(keyword_id < 225)"
                      }
                    ]
                  },
                  {
                    "Node Type": "Hash",
                    "Parent Relationship": "Inner",
                    "Parallel Aware": true,
                    "Startup Cost": 54588.39,
                    "Total Cost": 54588.39,
                    "Plan Rows": 374275,
                    "Plan Width": 4,
                    "Actual Startup Time": 233.176,
                    "Actual Total Time": 233.177,
                    "Actual Rows": 321486,
                    "Actual Loops": 2,
                    "Hash Buckets": 1048576,
                    "Original Hash Buckets": 1048576,
                    "Hash Batches": 1,
                    "Original Hash Batches": 1,
                    "Peak Memory Usage": 33408,
                    "Plans": [
                      {
                        "Node Type": "Seq Scan",
                        "Parent Relationship": "Outer",
                        "Parallel Aware": true,
                        "Relation Name": "title",
                        "Alias": "t",
                        "Startup Cost": 0.0,
                        "Total Cost": 54588.39,
                        "Plan Rows": 374275,
                        "Plan Width": 4,
                        "Actual Startup Time": 0.034,
                        "Actual Total Time": 146.121,
                        "Actual Rows": 321486,
                        "Actual Loops": 2,
                        "Filter": "(production_year < 1988)",
                        "Rows Removed by Filter": 942670
                      }
                    ]
                  }
                ]
              }
            ]
          }
        ]
      }
    ]
  },
  "Planning Time": 0.474,
  "Triggers": [],
  "Execution Time": 371.096
}