{
  "Plan": {
    "Node Type": "Aggregate",
    "Strategy": "Plain",
    "Partial Mode": "Finalize",
    "Parallel Aware": false,
    "Startup Cost": 99526.17,
    "Total Cost": 99526.18,
    "Plan Rows": 1,
    "Plan Width": 8,
    "Actual Startup Time": 456.074,
    "Actual Total Time": 475.96,
    "Actual Rows": 1,
    "Actual Loops": 1,
    "Plans": [
      {
        "Node Type": "Gather",
        "Parent Relationship": "Outer",
        "Parallel Aware": false,
        "Startup Cost": 99526.06,
        "Total Cost": 99526.17,
        "Plan Rows": 1,
        "Plan Width": 8,
        "Actual Startup Time": 454.008,
        "Actual Total Time": 475.952,
        "Actual Rows": 2,
        "Actual Loops": 1,
        "Workers Planned": 1,
        "Workers Launched": 1,
        "Single Copy": false,
        "Plans": [
          {
            "Node Type": "Aggregate",
            "Strategy": "Plain",
            "Partial Mode": "Partial",
            "Parent Relationship": "Outer",
            "Parallel Aware": false,
            "Startup Cost": 98526.06,
            "Total Cost": 98526.07,
            "Plan Rows": 1,
            "Plan Width": 8,
            "Actual Startup Time": 447.917,
            "Actual Total Time": 447.921,
            "Actual Rows": 1,
            "Actual Loops": 2,
            "Plans": [
              {
                "Node Type": "Hash Join",
                "Parent Relationship": "Outer",
                "Parallel Aware": true,
                "Join Type": "Inner",
                "Startup Cost": 69812.54,
                "Total Cost": 98325.97,
                "Plan Rows": 80035,
                "Plan Width": 0,
                "Actual Startup Time": 301.8,
                "Actual Total Time": 440.207,
                "Actual Rows": 148788,
                "Actual Loops": 2,
                "Inner Unique": true,
                "Hash Cond": "(mk.movie_id = t.id)",
                "Plans": [
                  {
                    "Node Type": "Bitmap Heap Scan",
                    "Parent Relationship": "Outer",
                    "Parallel Aware": true,
                    "Relation Name": "movie_keyword",
                    "Alias": "mk",
                    "Startup Cost": 9680.5,
                    "Total Cost": 37489.41,
                    "Plan Rows": 268392,
                    "Plan Width": 4,
                    "Actual Startup Time": 24.365,
                    "Actual Total Time": 96.285,
                    "Actual Rows": 236272,
                    "Actual Loops": 2,
                    "Recheck Cond": "(keyword_id < 359)",
                    "Rows Removed by Index Recheck": 0,
                    "Exact Heap Blocks": 16181,
                    "Lossy Heap Blocks": 0,
                    "Plans": [
                      {
                        "Node Type": "Bitmap Index Scan",
                        "Parent Relationship": "Outer",
                        "Parallel Aware": false,
                        "Index Name": "keyword_id_movie_keyword",
                        "Startup Cost": 0.0,
                        "Total Cost": 9566.44,
                        "Plan Rows": 456267,
                        "Plan Width": 0,
                        "Actual Startup Time": 20.787,
                        "Actual Total Time": 20.787,
                        "Actual Rows": 472545,
                        "Actual Loops": 1,
                        "Index Cond": "(keyword_id < 359)"
                      }
                    ]
                  },
                  {
                    "Node Type": "Hash",
                    "Parent Relationship": "Inner",
                    "Parallel Aware": true,
                    "Startup Cost": 54588.39,
                    "Total Cost": 54588.39,
                    "Plan Rows": 443492,
                    "Plan Width": 4,
                    "Actual Startup Time": 268.153,
                    "Actual Total Time": 268.154,
                    "Actual Rows": 376838,
                    "Actual Loops": 2,
                    "Hash Buckets": 1048576,
                    "Original Hash Buckets": 1048576,
                    "Hash Batches": 1,
                    "Original Hash Batches": 1,
                    "Peak Memory Usage": 37728,
                    "Plans": [
                      {
                        "Node Type": "Seq Scan",
                        "Parent Relationship": "Outer",
                        "Parallel Aware": true,
                        "Relation Name": "title",
                        "Alias": "t",
                        "Startup Cost": 0.0,
                        "Total Cost": 54588.39,
                        "Plan Rows": 443492,
                        "Plan Width": 4,
                        "Actual Startup Time": 0.036,
                        "Actual Total Time": 167.251,
                        "Actual Rows": 376838,
                        "Actual Loops": 2,
                        "Filter": "(kind_id < 3)",
                        "Rows Removed by Filter": 887318
                      }
                    ]
                  }
                ]
              }
            ]
          }
        ]
      }
    ]
  },
  "Planning Time": 0.657,
  "Triggers": [],
  "Execution Time": 476.053
}