[
  {
    "Plan": {
      "Node Type": "Aggregate",
      "Strategy": "Plain",
      "Partial Mode": "Finalize",
      "Parallel Aware": false,
      "Startup Cost": 92074.11,
      "Total Cost": 92074.12,
      "Plan Rows": 1,
      "Plan Width": 8,
      "Actual Startup Time": 359.438,
      "Actual Total Time": 381.997,
      "Actual Rows": 1,
      "Actual Loops": 1,
      "Plans": [
        {
          "Node Type": "Gather",
          "Parent Relationship": "Outer",
          "Parallel Aware": false,
          "Startup Cost": 92073.79,
          "Total Cost": 92074.1,
          "Plan Rows": 3,
          "Plan Width": 8,
          "Actual Startup Time": 359.06,
          "Actual Total Time": 381.985,
          "Actual Rows": 4,
          "Actual Loops": 1,
          "Workers Planned": 3,
          "Workers Launched": 3,
          "Single Copy": false,
          "Plans": [
            {
              "Node Type": "Aggregate",
              "Strategy": "Plain",
              "Partial Mode": "Partial",
              "Parent Relationship": "Outer",
              "Parallel Aware": false,
              "Startup Cost": 91073.79,
              "Total Cost": 91073.8,
              "Plan Rows": 1,
              "Plan Width": 8,
              "Actual Startup Time": 350.13,
              "Actual Total Time": 350.134,
              "Actual Rows": 1,
              "Actual Loops": 4,
              "Plans": [
                {
                  "Node Type": "Hash Join",
                  "Parent Relationship": "Outer",
                  "Parallel Aware": true,
                  "Join Type": "Inner",
                  "Startup Cost": 45598.11,
                  "Total Cost": 91034.63,
                  "Plan Rows": 15662,
                  "Plan Width": 0,
                  "Actual Startup Time": 139.588,
                  "Actual Total Time": 349.643,
                  "Actual Rows": 7072,
                  "Actual Loops": 4,
                  "Inner Unique": true,
                  "Hash Cond": "(mk.movie_id = t.id)",
                  "Plans": [
                    {
                      "Node Type": "Seq Scan",
                      "Parent Relationship": "Outer",
                      "Parallel Aware": true,
                      "Relation Name": "movie_keyword",
                      "Alias": "mk",
                      "Startup Cost": 0.0,
                      "Total Cost": 42695.65,
                      "Plan Rows": 1044141,
                      "Plan Width": 4,
                      "Actual Startup Time": 0.035,
                      "Actual Total Time": 140.157,
                      "Actual Rows": 810113,
                      "Actual Loops": 4,
                      "Filter": "(keyword_id < 13775)",
                      "Rows Removed by Filter": 320869
                    },
                    {
                      "Node Type": "Hash",
                      "Parent Relationship": "Inner",
                      "Parallel Aware": true,
                      "Startup Cost": 45479.59,
                      "Total Cost": 45479.59,
                      "Plan Rows": 9482,
                      "Plan Width": 4,
                      "Actual Startup Time": 137.95,
                      "Actual Total Time": 137.951,
                      "Actual Rows": 9877,
                      "Actual Loops": 4,
                      "Hash Buckets": 65536,
                      "Original Hash Buckets": 65536,
                      "Hash Batches": 1,
                      "Original Hash Batches": 1,
                      "Peak Memory Usage": 2112,
                      "Plans": [
                        {
                          "Node Type": "Seq Scan",
                          "Parent Relationship": "Outer",
                          "Parallel Aware": true,
                          "Relation Name": "title",
                          "Alias": "t",
                          "Startup Cost": 0.0,
                          "Total Cost": 45479.59,
                          "Plan Rows": 9482,
                          "Plan Width": 4,
                          "Actual Startup Time": 0.091,
                          "Actual Total Time": 131.46,
                          "Actual Rows": 9877,
                          "Actual Loops": 4,
                          "Filter": "((kind_id > 1) AND (production_year = 1998))",
                          "Rows Removed by Filter": 622201
                        }
                      ]
                    }
                  ]
                }
              ]
            }
          ]
        }
      ]
    },
    "Planning Time": 0.54,
    "Triggers": [],
    "Execution Time": 382.067
  }
]