[
  {
    "Plan": {
      "Node Type": "Aggregate",
      "Strategy": "Plain",
      "Partial Mode": "Finalize",
      "Parallel Aware": false,
      "Startup Cost": 91807.58,
      "Total Cost": 91807.59,
      "Plan Rows": 1,
      "Plan Width": 8,
      "Actual Startup Time": 256.753,
      "Actual Total Time": 276.258,
      "Actual Rows": 1,
      "Actual Loops": 1,
      "Plans": [
        {
          "Node Type": "Gather",
          "Parent Relationship": "Outer",
          "Parallel Aware": false,
          "Startup Cost": 91807.26,
          "Total Cost": 91807.57,
          "Plan Rows": 3,
          "Plan Width": 8,
          "Actual Startup Time": 256.424,
          "Actual Total Time": 276.249,
          "Actual Rows": 4,
          "Actual Loops": 1,
          "Workers Planned": 3,
          "Workers Launched": 3,
          "Single Copy": false,
          "Plans": [
            {
              "Node Type": "Aggregate",
              "Strategy": "Plain",
              "Partial Mode": "Partial",
              "Parent Relationship": "Outer",
              "Parallel Aware": false,
              "Startup Cost": 90807.26,
              "Total Cost": 90807.27,
              "Plan Rows": 1,
              "Plan Width": 8,
              "Actual Startup Time": 247.75,
              "Actual Total Time": 247.753,
              "Actual Rows": 1,
              "Actual Loops": 4,
              "Plans": [
                {
                  "Node Type": "Hash Join",
                  "Parent Relationship": "Outer",
                  "Parallel Aware": true,
                  "Join Type": "Inner",
                  "Startup Cost": 45597.59,
                  "Total Cost": 90771.86,
                  "Plan Rows": 14160,
                  "Plan Width": 0,
                  "Actual Startup Time": 125.531,
                  "Actual Total Time": 247.066,
                  "Actual Rows": 14528,
                  "Actual Loops": 4,
                  "Inner Unique": true,
                  "Hash Cond": "(mk.movie_id = t.id)",
                  "Plans": [
                    {
                      "Node Type": "Seq Scan",
                      "Parent Relationship": "Outer",
                      "Parallel Aware": true,
                      "Relation Name": "movie_keyword",
                      "Alias": "mk",
                      "Startup Cost": 0.0,
                      "Total Cost": 42695.65,
                      "Plan Rows": 944238,
                      "Plan Width": 4,
                      "Actual Startup Time": 0.027,
                      "Actual Total Time": 103.443,
                      "Actual Rows": 730776,
                      "Actual Loops": 4,
                      "Filter": "(keyword_id < 9563)",
                      "Rows Removed by Filter": 400207
                    },
                    {
                      "Node Type": "Hash",
                      "Parent Relationship": "Inner",
                      "Parallel Aware": true,
                      "Startup Cost": 45479.1,
                      "Total Cost": 45479.1,
                      "Plan Rows": 9479,
                      "Plan Width": 4,
                      "Actual Startup Time": 95.284,
                      "Actual Total Time": 95.284,
                      "Actual Rows": 8298,
                      "Actual Loops": 4,
                      "Hash Buckets": 65536,
                      "Original Hash Buckets": 65536,
                      "Hash Batches": 1,
                      "Original Hash Batches": 1,
                      "Peak Memory Usage": 1888,
                      "Plans": [
                        {
                          "Node Type": "Seq Scan",
                          "Parent Relationship": "Outer",
                          "Parallel Aware": true,
                          "Relation Name": "title",
                          "Alias": "t",
                          "Startup Cost": 0.0,
                          "Total Cost": 45479.1,
                          "Plan Rows": 9479,
                          "Plan Width": 4,
                          "Actual Startup Time": 61.126,
                          "Actual Total Time": 92.586,
                          "Actual Rows": 8298,
                          "Actual Loops": 4,
                          "Filter": "((kind_id = 1) AND (production_year = 2010))",
                          "Rows Removed by Filter": 623780
                        }
                      ]
                    }
                  ]
                }
              ]
            }
          ]
        }
      ]
    },
    "Planning Time": 0.635,
    "Triggers": [],
    "Execution Time": 276.327
  }
]