[
  {
    "Plan": {
      "Node Type": "Aggregate",
      "Strategy": "Plain",
      "Partial Mode": "Finalize",
      "Parallel Aware": false,
      "Startup Cost": 80674.34,
      "Total Cost": 80674.35,
      "Plan Rows": 1,
      "Plan Width": 8,
      "Actual Startup Time": 448.767,
      "Actual Total Time": 464.703,
      "Actual Rows": 1,
      "Actual Loops": 1,
      "Plans": [
        {
          "Node Type": "Gather",
          "Parent Relationship": "Outer",
          "Parallel Aware": false,
          "Startup Cost": 80674.02,
          "Total Cost": 80674.33,
          "Plan Rows": 3,
          "Plan Width": 8,
          "Actual Startup Time": 438.227,
          "Actual Total Time": 464.696,
          "Actual Rows": 4,
          "Actual Loops": 1,
          "Workers Planned": 3,
          "Workers Launched": 3,
          "Single Copy": false,
          "Plans": [
            {
              "Node Type": "Aggregate",
              "Strategy": "Plain",
              "Partial Mode": "Partial",
              "Parent Relationship": "Outer",
              "Parallel Aware": false,
              "Startup Cost": 79674.02,
              "Total Cost": 79674.03,
              "Plan Rows": 1,
              "Plan Width": 8,
              "Actual Startup Time": 425.756,
              "Actual Total Time": 425.76,
              "Actual Rows": 1,
              "Actual Loops": 4,
              "Plans": [
                {
                  "Node Type": "Hash Join",
                  "Parent Relationship": "Outer",
                  "Parallel Aware": true,
                  "Join Type": "Inner",
                  "Startup Cost": 58669.68,
                  "Total Cost": 79519.41,
                  "Plan Rows": 61846,
                  "Plan Width": 0,
                  "Actual Startup Time": 346.541,
                  "Actual Total Time": 421.97,
                  "Actual Rows": 73979,
                  "Actual Loops": 4,
                  "Inner Unique": true,
                  "Hash Cond": "(mc.movie_id = t.id)",
                  "Plans": [
                    {
                      "Node Type": "Bitmap Heap Scan",
                      "Parent Relationship": "Outer",
                      "Parallel Aware": true,
                      "Relation Name": "movie_companies",
                      "Alias": "mc",
                      "Startup Cost": 8449.3,
                      "Total Cost": 29136.68,
                      "Plan Rows": 61846,
                      "Plan Width": 4,
                      "Actual Startup Time": 18.275,
                      "Actual Total Time": 52.753,
                      "Actual Rows": 73979,
                      "Actual Loops": 4,
                      "Recheck Cond": "(company_id < 228)",
                      "Rows Removed by Index Recheck": 0,
                      "Filter": "(company_type_id = 1)",
                      "Rows Removed by Filter": 22927,
                      "Exact Heap Blocks": 6741,
                      "Lossy Heap Blocks": 0,
                      "Plans": [
                        {
                          "Node Type": "Bitmap Index Scan",
                          "Parent Relationship": "Outer",
                          "Parallel Aware": false,
                          "Index Name": "company_id_movie_companies",
                          "Startup Cost": 0.0,
                          "Total Cost": 8401.37,
                          "Plan Rows": 392125,
                          "Plan Width": 0,
                          "Actual Startup Time": 15.655,
                          "Actual Total Time": 15.656,
                          "Actual Rows": 387626,
                          "Actual Loops": 1,
                          "Index Cond": "(company_id < 228)"
                        }
                      ]
                    },
                    {
                      "Node Type": "Hash",
                      "Parent Relationship": "Inner",
                      "Parallel Aware": true,
                      "Startup Cost": 42319.06,
                      "Total Cost": 42319.06,
                      "Plan Rows": 632106,
                      "Plan Width": 4,
                      "Actual Startup Time": 320.345,
                      "Actual Total Time": 320.346,
                      "Actual Rows": 632078,
                      "Actual Loops": 4,
                      "Hash Buckets": 4194304,
                      "Original Hash Buckets": 4194304,
                      "Hash Batches": 1,
                      "Original Hash Batches": 1,
                      "Peak Memory Usage": 131744,
                      "Plans": [
                        {
                          "Node Type": "Seq Scan",
                          "Parent Relationship": "Outer",
                          "Parallel Aware": true,
                          "Relation Name": "title",
                          "Alias": "t",
                          "Startup Cost": 0.0,
                          "Total Cost": 42319.06,
                          "Plan Rows": 632106,
                          "Plan Width": 4,
                          "Actual Startup Time": 0.048,
                          "Actual Total Time": 97.528,
                          "Actual Rows": 632078,
                          "Actual Loops": 4
                        }
                      ]
                    }
                  ]
                }
              ]
            }
          ]
        }
      ]
    },
    "Planning Time": 0.262,
    "Triggers": [],
    "Execution Time": 464.747
  }
]