[
  {
    "Plan": {
      "Node Type": "Aggregate",
      "Strategy": "Plain",
      "Partial Mode": "Finalize",
      "Parallel Aware": false,
      "Startup Cost": 387520.62,
      "Total Cost": 387520.63,
      "Plan Rows": 1,
      "Plan Width": 8,
      "Actual Startup Time": 1462.688,
      "Actual Total Time": 1522.21,
      "Actual Rows": 1,
      "Actual Loops": 1,
      "Plans": [
        {
          "Node Type": "Gather",
          "Parent Relationship": "Outer",
          "Parallel Aware": false,
          "Startup Cost": 387520.0,
          "Total Cost": 387520.61,
          "Plan Rows": 6,
          "Plan Width": 8,
          "Actual Startup Time": 1455.968,
          "Actual Total Time": 1522.189,
          "Actual Rows": 7,
          "Actual Loops": 1,
          "Workers Planned": 6,
          "Workers Launched": 6,
          "Single Copy": false,
          "Plans": [
            {
              "Node Type": "Aggregate",
              "Strategy": "Plain",
              "Partial Mode": "Partial",
              "Parent Relationship": "Outer",
              "Parallel Aware": false,
              "Startup Cost": 386520.0,
              "Total Cost": 386520.01,
              "Plan Rows": 1,
              "Plan Width": 8,
              "Actual Startup Time": 1445.126,
              "Actual Total Time": 1445.128,
              "Actual Rows": 1,
              "Actual Loops": 7,
              "Plans": [
                {
                  "Node Type": "Hash Join",
                  "Parent Relationship": "Outer",
                  "Parallel Aware": true,
                  "Join Type": "Inner",
                  "Startup Cost": 46165.97,
                  "Total Cost": 383903.33,
                  "Plan Rows": 1046666,
                  "Plan Width": 0,
                  "Actual Startup Time": 273.467,
                  "Actual Total Time": 1413.625,
                  "Actual Rows": 714382,
                  "Actual Loops": 7,
                  "Inner Unique": true,
                  "Hash Cond": "(ci.movie_id = t.id)",
                  "Plans": [
                    {
                      "Node Type": "Seq Scan",
                      "Parent Relationship": "Outer",
                      "Parallel Aware": true,
                      "Relation Name": "cast_info",
                      "Alias": "ci",
                      "Startup Cost": 0.0,
                      "Total Cost": 328162.03,
                      "Plan Rows": 3647745,
                      "Plan Width": 4,
                      "Actual Startup Time": 140.128,
                      "Actual Total Time": 587.625,
                      "Actual Rows": 3128224,
                      "Actual Loops": 7,
                      "Filter": "(person_id > 1412586)",
                      "Rows Removed by Filter": 2049540
                    },
                    {
                      "Node Type": "Hash",
                      "Parent Relationship": "Inner",
                      "Parallel Aware": true,
                      "Startup Cost": 43898.92,
                      "Total Cost": 43898.92,
                      "Plan Rows": 181364,
                      "Plan Width": 4,
                      "Actual Startup Time": 129.842,
                      "Actual Total Time": 129.842,
                      "Actual Rows": 104426,
                      "Actual Loops": 7,
                      "Hash Buckets": 1048576,
                      "Original Hash Buckets": 1048576,
                      "Hash Batches": 1,
                      "Original Hash Batches": 1,
                      "Peak Memory Usage": 36896,
                      "Plans": [
                        {
                          "Node Type": "Seq Scan",
                          "Parent Relationship": "Outer",
                          "Parallel Aware": true,
                          "Relation Name": "title",
                          "Alias": "t",
                          "Startup Cost": 0.0,
                          "Total Cost": 43898.92,
                          "Plan Rows": 181364,
                          "Plan Width": 4,
                          "Actual Startup Time": 0.04,
                          "Actual Total Time": 77.037,
                          "Actual Rows": 104426,
                          "Actual Loops": 7,
                          "Filter": "(production_year < 1992)",
                          "Rows Removed by Filter": 256761
                        }
                      ]
                    }
                  ]
                }
              ]
            }
          ]
        }
      ]
    },
    "Planning Time": 0.608,
    "Triggers": [],
    "Execution Time": 1522.292
  }
]