[
  {
    "Plan": {
      "Node Type": "Aggregate",
      "Strategy": "Plain",
      "Partial Mode": "Finalize",
      "Parallel Aware": false,
      "Startup Cost": 32868.53,
      "Total Cost": 32868.54,
      "Plan Rows": 1,
      "Plan Width": 8,
      "Actual Startup Time": 84.099,
      "Actual Total Time": 92.377,
      "Actual Rows": 1,
      "Actual Loops": 1,
      "Plans": [
        {
          "Node Type": "Gather",
          "Parent Relationship": "Outer",
          "Parallel Aware": false,
          "Startup Cost": 32868.22,
          "Total Cost": 32868.53,
          "Plan Rows": 3,
          "Plan Width": 8,
          "Actual Startup Time": 83.944,
          "Actual Total Time": 92.368,
          "Actual Rows": 4,
          "Actual Loops": 1,
          "Workers Planned": 3,
          "Workers Launched": 3,
          "Single Copy": false,
          "Plans": [
            {
              "Node Type": "Aggregate",
              "Strategy": "Plain",
              "Partial Mode": "Partial",
              "Parent Relationship": "Outer",
              "Parallel Aware": false,
              "Startup Cost": 31868.22,
              "Total Cost": 31868.23,
              "Plan Rows": 1,
              "Plan Width": 8,
              "Actual Startup Time": 80.023,
              "Actual Total Time": 80.024,
              "Actual Rows": 1,
              "Actual Loops": 4,
              "Plans": [
                {
                  "Node Type": "Seq Scan",
                  "Parent Relationship": "Outer",
                  "Parallel Aware": true,
                  "Relation Name": "movie_companies",
                  "Alias": "mc",
                  "Startup Cost": 0.0,
                  "Total Cost": 31414.82,
                  "Plan Rows": 181359,
                  "Plan Width": 0,
                  "Actual Startup Time": 37.923,
                  "Actual Total Time": 71.216,
                  "Actual Rows": 212223,
                  "Actual Loops": 4,
                  "Filter": "((company_id > 14152) AND (company_type_id > 1))",
                  "Rows Removed by Filter": 440060
                }
              ]
            }
          ]
        }
      ]
    },
    "Planning Time": 0.173,
    "Triggers": [],
    "Execution Time": 92.421
  }
]