[
  {
    "Plan": {
      "Node Type": "Aggregate",
      "Strategy": "Plain",
      "Partial Mode": "Finalize",
      "Parallel Aware": false,
      "Startup Cost": 319306.46,
      "Total Cost": 319306.47,
      "Plan Rows": 1,
      "Plan Width": 8,
      "Actual Startup Time": 241.835,
      "Actual Total Time": 254.783,
      "Actual Rows": 1,
      "Actual Loops": 1,
      "Plans": [
        {
          "Node Type": "Gather",
          "Parent Relationship": "Outer",
          "Parallel Aware": false,
          "Startup Cost": 319306.04,
          "Total Cost": 319306.45,
          "Plan Rows": 4,
          "Plan Width": 8,
          "Actual Startup Time": 239.843,
          "Actual Total Time": 254.768,
          "Actual Rows": 5,
          "Actual Loops": 1,
          "Workers Planned": 4,
          "Workers Launched": 4,
          "Single Copy": false,
          "Plans": [
            {
              "Node Type": "Aggregate",
              "Strategy": "Plain",
              "Partial Mode": "Partial",
              "Parent Relationship": "Outer",
              "Parallel Aware": false,
              "Startup Cost": 318306.04,
              "Total Cost": 318306.05,
              "Plan Rows": 1,
              "Plan Width": 8,
              "Actual Startup Time": 230.977,
              "Actual Total Time": 230.983,
              "Actual Rows": 1,
              "Actual Loops": 5,
              "Plans": [
                {
                  "Node Type": "Hash Join",
                  "Parent Relationship": "Outer",
                  "Parallel Aware": true,
                  "Join Type": "Inner",
                  "Startup Cost": 268587.84,
                  "Total Cost": 318146.07,
                  "Plan Rows": 63989,
                  "Plan Width": 0,
                  "Actual Startup Time": 73.402,
                  "Actual Total Time": 228.321,
                  "Actual Rows": 53286,
                  "Actual Loops": 5,
                  "Inner Unique": false,
                  "Hash Cond": "(t.id = ci.movie_id)",
                  "Plans": [
                    {
                      "Node Type": "Seq Scan",
                      "Parent Relationship": "Outer",
                      "Parallel Aware": true,
                      "Relation Name": "title",
                      "Alias": "t",
                      "Startup Cost": 0.0,
                      "Total Cost": 42319.06,
                      "Plan Rows": 632106,
                      "Plan Width": 4,
                      "Actual Startup Time": 0.014,
                      "Actual Total Time": 67.567,
                      "Actual Rows": 505662,
                      "Actual Loops": 5
                    },
                    {
                      "Node Type": "Hash",
                      "Parent Relationship": "Inner",
                      "Parallel Aware": true,
                      "Startup Cost": 267947.95,
                      "Total Cost": 267947.95,
                      "Plan Rows": 51191,
                      "Plan Width": 4,
                      "Actual Startup Time": 71.504,
                      "Actual Total Time": 71.505,
                      "Actual Rows": 53286,
                      "Actual Loops": 5,
                      "Hash Buckets": 524288,
                      "Original Hash Buckets": 262144,
                      "Hash Batches": 1,
                      "Original Hash Batches": 1,
                      "Peak Memory Usage": 16704,
                      "Plans": [
                        {
                          "Node Type": "Bitmap Heap Scan",
                          "Parent Relationship": "Outer",
                          "Parallel Aware": true,
                          "Relation Name": "cast_info",
                          "Alias": "ci",
                          "Startup Cost": 5652.22,
                          "Total Cost": 267947.95,
                          "Plan Rows": 51191,
                          "Plan Width": 4,
                          "Actual Startup Time": 18.924,
                          "Actual Total Time": 37.828,
                          "Actual Rows": 53286,
                          "Actual Loops": 5,
                          "Recheck Cond": "(person_id < 31244)",
                          "Rows Removed by Index Recheck": 0,
                          "Exact Heap Blocks": 1217,
                          "Lossy Heap Blocks": 0,
                          "Plans": [
                            {
                              "Node Type": "Bitmap Index Scan",
                              "Parent Relationship": "Outer",
                              "Parallel Aware": false,
                              "Index Name": "person_id_cast_info",
                              "Startup Cost": 0.0,
                              "Total Cost": 5588.23,
                              "Plan Rows": 255956,
                              "Plan Width": 0,
                              "Actual Startup Time": 20.541,
                              "Actual Total Time": 20.541,
                              "Actual Rows": 266431,
                              "Actual Loops": 1,
                              "Index Cond": "(person_id < 31244)"
                            }
                          ]
                        }
                      ]
                    }
                  ]
                }
              ]
            }
          ]
        }
      ]
    },
    "Planning Time": 0.665,
    "Triggers": [],
    "Execution Time": 254.879
  }
]