[
  {
    "Plan": {
      "Node Type": "Aggregate",
      "Strategy": "Plain",
      "Partial Mode": "Finalize",
      "Parallel Aware": false,
      "Startup Cost": 130831.87,
      "Total Cost": 130831.88,
      "Plan Rows": 1,
      "Plan Width": 8,
      "Actual Startup Time": 799.8,
      "Actual Total Time": 825.017,
      "Actual Rows": 1,
      "Actual Loops": 1,
      "Plans": [
        {
          "Node Type": "Gather",
          "Parent Relationship": "Outer",
          "Parallel Aware": false,
          "Startup Cost": 130831.55,
          "Total Cost": 130831.86,
          "Plan Rows": 3,
          "Plan Width": 8,
          "Actual Startup Time": 781.171,
          "Actual Total Time": 825.01,
          "Actual Rows": 4,
          "Actual Loops": 1,
          "Workers Planned": 3,
          "Workers Launched": 3,
          "Single Copy": false,
          "Plans": [
            {
              "Node Type": "Aggregate",
              "Strategy": "Plain",
              "Partial Mode": "Partial",
              "Parent Relationship": "Outer",
              "Parallel Aware": false,
              "Startup Cost": 129831.55,
              "Total Cost": 129831.56,
              "Plan Rows": 1,
              "Plan Width": 8,
              "Actual Startup Time": 773.611,
              "Actual Total Time": 773.617,
              "Actual Rows": 1,
              "Actual Loops": 4,
              "Plans": [
                {
                  "Node Type": "Hash Join",
                  "Parent Relationship": "Outer",
                  "Parallel Aware": true,
                  "Join Type": "Inner",
                  "Startup Cost": 84393.49,
                  "Total Cost": 129526.81,
                  "Plan Rows": 121899,
                  "Plan Width": 0,
                  "Actual Startup Time": 566.471,
                  "Actual Total Time": 752.352,
                  "Actual Rows": 532441,
                  "Actual Loops": 4,
                  "Inner Unique": false,
                  "Hash Cond": "(mk.movie_id = t.id)",
                  "Plans": [
                    {
                      "Node Type": "Seq Scan",
                      "Parent Relationship": "Outer",
                      "Parallel Aware": true,
                      "Relation Name": "movie_keyword",
                      "Alias": "mk",
                      "Startup Cost": 0.0,
                      "Total Cost": 42695.65,
                      "Plan Rows": 545186,
                      "Plan Width": 4,
                      "Actual Startup Time": 0.034,
                      "Actual Total Time": 93.134,
                      "Actual Rows": 422973,
                      "Actual Loops": 4,
                      "Filter": "(keyword_id < 2632)",
                      "Rows Removed by Filter": 708010
                    },
                    {
                      "Node Type": "Hash",
                      "Parent Relationship": "Inner",
                      "Parallel Aware": true,
                      "Startup Cost": 82113.91,
                      "Total Cost": 82113.91,
                      "Plan Rows": 182366,
                      "Plan Width": 8,
                      "Actual Startup Time": 563.119,
                      "Actual Total Time": 563.124,
                      "Actual Rows": 212792,
                      "Actual Loops": 4,
                      "Hash Buckets": 1048576,
                      "Original Hash Buckets": 1048576,
                      "Hash Batches": 1,
                      "Original Hash Batches": 1,
                      "Peak Memory Usage": 41536,
                      "Plans": [
                        {
                          "Node Type": "Hash Join",
                          "Parent Relationship": "Outer",
                          "Parallel Aware": true,
                          "Join Type": "Inner",
                          "Startup Cost": 50220.38,
                          "Total Cost": 82113.91,
                          "Plan Rows": 182366,
                          "Plan Width": 8,
                          "Actual Startup Time": 370.925,
                          "Actual Total Time": 494.013,
                          "Actual Rows": 212792,
                          "Actual Loops": 4,
                          "Inner Unique": true,
                          "Hash Cond": "(mc.movie_id = t.id)",
                          "Plans": [
                            {
                              "Node Type": "Seq Scan",
                              "Parent Relationship": "Outer",
                              "Parallel Aware": true,
                              "Relation Name": "movie_companies",
                              "Alias": "mc",
                              "Startup Cost": 0.0,
                              "Total Cost": 31414.82,
                              "Plan Rows": 182366,
                              "Plan Width": 4,
                              "Actual Startup Time": 29.434,
                              "Actual Total Time": 66.262,
                              "Actual Rows": 212792,
                              "Actual Loops": 4,
                              "Filter": "((company_id > 14060) AND (company_type_id > 1))",
                              "Rows Removed by Filter": 439490
                            },
                            {
                              "Node Type": "Hash",
                              "Parent Relationship": "Inner",
                              "Parallel Aware": true,
                              "Startup Cost": 42319.06,
                              "Total Cost": 42319.06,
                              "Plan Rows": 632106,
                              "Plan Width": 4,
                              "Actual Startup Time": 334.669,
                              "Actual Total Time": 334.671,
                              "Actual Rows": 632078,
                              "Actual Loops": 4,
                              "Hash Buckets": 4194304,
                              "Original Hash Buckets": 4194304,
                              "Hash Batches": 1,
                              "Original Hash Batches": 1,
                              "Peak Memory Usage": 131744,
                              "Plans": [
                                {
                                  "Node Type": "Seq Scan",
                                  "Parent Relationship": "Outer",
                                  "Parallel Aware": true,
                                  "Relation Name": "title",
                                  "Alias": "t",
                                  "Startup Cost": 0.0,
                                  "Total Cost": 42319.06,
                                  "Plan Rows": 632106,
                                  "Plan Width": 4,
                                  "Actual Startup Time": 0.051,
                                  "Actual Total Time": 95.929,
                                  "Actual Rows": 632078,
                                  "Actual Loops": 4
                                }
                              ]
                            }
                          ]
                        }
                      ]
                    }
                  ]
                }
              ]
            }
          ]
        }
      ]
    },
    "Planning Time": 1.176,
    "Triggers": [],
    "Execution Time": 825.062
  }
]