{
  "Plan": {
    "Node Type": "Aggregate",
    "Strategy": "Plain",
    "Partial Mode": "Finalize",
    "Parallel Aware": false,
    "Startup Cost": 71584.1,
    "Total Cost": 71584.11,
    "Plan Rows": 1,
    "Plan Width": 8,
    "Actual Startup Time": 158.824,
    "Actual Total Time": 173.326,
    "Actual Rows": 1,
    "Actual Loops": 1,
    "Plans": [
      {
        "Node Type": "Gather",
        "Parent Relationship": "Outer",
        "Parallel Aware": false,
        "Startup Cost": 71583.99,
        "Total Cost": 71584.1,
        "Plan Rows": 1,
        "Plan Width": 8,
        "Actual Startup Time": 158.686,
        "Actual Total Time": 173.319,
        "Actual Rows": 2,
        "Actual Loops": 1,
        "Workers Planned": 1,
        "Workers Launched": 1,
        "Single Copy": false,
        "Plans": [
          {
            "Node Type": "Aggregate",
            "Strategy": "Plain",
            "Partial Mode": "Partial",
            "Parent Relationship": "Outer",
            "Parallel Aware": false,
            "Startup Cost": 70583.99,
            "Total Cost": 70584.0,
            "Plan Rows": 1,
            "Plan Width": 8,
            "Actual Startup Time": 152.593,
            "Actual Total Time": 152.595,
            "Actual Rows": 1,
            "Actual Loops": 2,
            "Plans": [
              {
                "Node Type": "Nested Loop",
                "Parent Relationship": "Outer",
                "Parallel Aware": false,
                "Join Type": "Inner",
                "Startup Cost": 0.43,
                "Total Cost": 70576.22,
                "Plan Rows": 3105,
                "Plan Width": 0,
                "Actual Startup Time": 1.05,
                "Actual Total Time": 152.104,
                "Actual Rows": 10484,
                "Actual Loops": 2,
                "Inner Unique": false,
                "Plans": [
                  {
                    "Node Type": "Seq Scan",
                    "Parent Relationship": "Outer",
                    "Parallel Aware": true,
                    "Relation Name": "title",
                    "Alias": "t",
                    "Startup Cost": 0.0,
                    "Total Cost": 54588.39,
                    "Plan Rows": 1735,
                    "Plan Width": 4,
                    "Actual Startup Time": 0.485,
                    "Actual Total Time": 137.28,
                    "Actual Rows": 1420,
                    "Actual Loops": 2,
                    "Filter": "(production_year = 1948)",
                    "Rows Removed by Filter": 1262736
                  },
                  {
                    "Node Type": "Index Only Scan",
                    "Parent Relationship": "Inner",
                    "Parallel Aware": false,
                    "Scan Direction": "Forward",
                    "Index Name": "movie_id_movie_keyword",
                    "Relation Name": "movie_keyword",
                    "Alias": "mk",
                    "Startup Cost": 0.43,
                    "Total Cost": 8.76,
                    "Plan Rows": 45,
                    "Plan Width": 4,
                    "Actual Startup Time": 0.008,
                    "Actual Total Time": 0.01,
                    "Actual Rows": 7,
                    "Actual Loops": 2840,
                    "Index Cond": "(movie_id = t.id)",
                    "Rows Removed by Index Recheck": 0,
                    "Heap Fetches": 20967
                  }
                ]
              }
            ]
          }
        ]
      }
    ]
  },
  "Planning Time": 0.375,
  "Triggers": [],
  "Execution Time": 173.393
}