[
  {
    "Plan": {
      "Node Type": "Aggregate",
      "Strategy": "Plain",
      "Partial Mode": "Finalize",
      "Parallel Aware": false,
      "Startup Cost": 389266.64,
      "Total Cost": 389266.65,
      "Plan Rows": 1,
      "Plan Width": 8,
      "Actual Startup Time": 1159.82,
      "Actual Total Time": 1213.432,
      "Actual Rows": 1,
      "Actual Loops": 1,
      "Plans": [
        {
          "Node Type": "Gather",
          "Parent Relationship": "Outer",
          "Parallel Aware": false,
          "Startup Cost": 389266.02,
          "Total Cost": 389266.63,
          "Plan Rows": 6,
          "Plan Width": 8,
          "Actual Startup Time": 1159.367,
          "Actual Total Time": 1213.413,
          "Actual Rows": 7,
          "Actual Loops": 1,
          "Workers Planned": 6,
          "Workers Launched": 6,
          "Single Copy": false,
          "Plans": [
            {
              "Node Type": "Aggregate",
              "Strategy": "Plain",
              "Partial Mode": "Partial",
              "Parent Relationship": "Outer",
              "Parallel Aware": false,
              "Startup Cost": 388266.02,
              "Total Cost": 388266.03,
              "Plan Rows": 1,
              "Plan Width": 8,
              "Actual Startup Time": 1153.057,
              "Actual Total Time": 1153.062,
              "Actual Rows": 1,
              "Actual Loops": 7,
              "Plans": [
                {
                  "Node Type": "Hash Join",
                  "Parent Relationship": "Outer",
                  "Parallel Aware": true,
                  "Join Type": "Inner",
                  "Startup Cost": 45759.54,
                  "Total Cost": 387799.39,
                  "Plan Rows": 186651,
                  "Plan Width": 0,
                  "Actual Startup Time": 90.253,
                  "Actual Total Time": 1152.974,
                  "Actual Rows": 546,
                  "Actual Loops": 7,
                  "Inner Unique": true,
                  "Hash Cond": "(ci.movie_id = t.id)",
                  "Plans": [
                    {
                      "Node Type": "Seq Scan",
                      "Parent Relationship": "Outer",
                      "Parallel Aware": true,
                      "Relation Name": "cast_info",
                      "Alias": "ci",
                      "Startup Cost": 0.0,
                      "Total Cost": 328211.39,
                      "Plan Rows": 5267977,
                      "Plan Width": 4,
                      "Actual Startup Time": 0.037,
                      "Actual Total Time": 717.909,
                      "Actual Rows": 4515030,
                      "Actual Loops": 7,
                      "Filter": "(role_id < 10)",
                      "Rows Removed by Filter": 662734
                    },
                    {
                      "Node Type": "Hash",
                      "Parent Relationship": "Inner",
                      "Parallel Aware": true,
                      "Startup Cost": 45479.59,
                      "Total Cost": 45479.59,
                      "Plan Rows": 22396,
                      "Plan Width": 4,
                      "Actual Startup Time": 78.951,
                      "Actual Total Time": 78.953,
                      "Actual Rows": 111,
                      "Actual Loops": 7,
                      "Hash Buckets": 131072,
                      "Original Hash Buckets": 131072,
                      "Hash Batches": 1,
                      "Original Hash Batches": 1,
                      "Peak Memory Usage": 1248,
                      "Plans": [
                        {
                          "Node Type": "Seq Scan",
                          "Parent Relationship": "Outer",
                          "Parallel Aware": true,
                          "Relation Name": "title",
                          "Alias": "t",
                          "Startup Cost": 0.0,
                          "Total Cost": 45479.59,
                          "Plan Rows": 22396,
                          "Plan Width": 4,
                          "Actual Startup Time": 2.008,
                          "Actual Total Time": 78.193,
                          "Actual Rows": 111,
                          "Actual Loops": 7,
                          "Filter": "((production_year < 1949) AND (kind_id = 7))",
                          "Rows Removed by Filter": 361077
                        }
                      ]
                    }
                  ]
                }
              ]
            }
          ]
        }
      ]
    },
    "Planning Time": 0.607,
    "Triggers": [],
    "Execution Time": 1213.508
  }
]