[
  {
    "Plan": {
      "Node Type": "Aggregate",
      "Strategy": "Plain",
      "Partial Mode": "Finalize",
      "Parallel Aware": false,
      "Startup Cost": 754830.19,
      "Total Cost": 754830.2,
      "Plan Rows": 1,
      "Plan Width": 64,
      "Actual Startup Time": 4329.363,
      "Actual Total Time": 4530.027,
      "Actual Rows": 1,
      "Actual Loops": 1,
      "Plans": [
        {
          "Node Type": "Gather",
          "Parent Relationship": "Outer",
          "Parallel Aware": false,
          "Startup Cost": 754830.08,
          "Total Cost": 754830.19,
          "Plan Rows": 1,
          "Plan Width": 64,
          "Actual Startup Time": 4328.996,
          "Actual Total Time": 4530.001,
          "Actual Rows": 2,
          "Actual Loops": 1,
          "Workers Planned": 1,
          "Workers Launched": 1,
          "Single Copy": false,
          "Plans": [
            {
              "Node Type": "Aggregate",
              "Strategy": "Plain",
              "Partial Mode": "Partial",
              "Parent Relationship": "Outer",
              "Parallel Aware": false,
              "Startup Cost": 753830.08,
              "Total Cost": 753830.09,
              "Plan Rows": 1,
              "Plan Width": 64,
              "Actual Startup Time": 4321.427,
              "Actual Total Time": 4321.452,
              "Actual Rows": 1,
              "Actual Loops": 2,
              "Plans": [
                {
                  "Node Type": "Hash Join",
                  "Parent Relationship": "Outer",
                  "Parallel Aware": false,
                  "Join Type": "Inner",
                  "Startup Cost": 748919.13,
                  "Total Cost": 753830.07,
                  "Plan Rows": 1,
                  "Plan Width": 32,
                  "Actual Startup Time": 4314.137,
                  "Actual Total Time": 4321.442,
                  "Actual Rows": 6,
                  "Actual Loops": 2,
                  "Inner Unique": true,
                  "Hash Cond": "(ci.role_id = rt.id)",
                  "Plans": [
                    {
                      "Node Type": "Hash Join",
                      "Parent Relationship": "Outer",
                      "Parallel Aware": true,
                      "Join Type": "Inner",
                      "Startup Cost": 748917.96,
                      "Total Cost": 753828.91,
                      "Plan Rows": 1,
                      "Plan Width": 36,
                      "Actual Startup Time": 4313.614,
                      "Actual Total Time": 4320.916,
                      "Actual Rows": 6,
                      "Actual Loops": 2,
                      "Inner Unique": false,
                      "Hash Cond": "(cn.id = mc.company_id)",
                      "Plans": [
                        {
                          "Node Type": "Seq Scan",
                          "Parent Relationship": "Outer",
                          "Parallel Aware": true,
                          "Relation Name": "company_name",
                          "Alias": "cn",
                          "Startup Cost": 0.0,
                          "Total Cost": 4722.92,
                          "Plan Rows": 50137,
                          "Plan Width": 4,
                          "Actual Startup Time": 0.011,
                          "Actual Total Time": 14.578,
                          "Actual Rows": 42422,
                          "Actual Loops": 2,
                          "Filter": "((country_code)::text = '[us]'::text)",
                          "Rows Removed by Filter": 75077
                        },
                        {
                          "Node Type": "Hash",
                          "Parent Relationship": "Inner",
                          "Parallel Aware": true,
                          "Startup Cost": 748917.95,
                          "Total Cost": 748917.95,
                          "Plan Rows": 1,
                          "Plan Width": 40,
                          "Actual Startup Time": 4303.716,
                          "Actual Total Time": 4303.738,
                          "Actual Rows": 6,
                          "Actual Loops": 2,
                          "Hash Buckets": 1024,
                          "Original Hash Buckets": 1024,
                          "Hash Batches": 1,
                          "Original Hash Batches": 1,
                          "Peak Memory Usage": 40,
                          "Plans": [
                            {
                              "Node Type": "Hash Join",
                              "Parent Relationship": "Outer",
                              "Parallel Aware": true,
                              "Join Type": "Inner",
                              "Startup Cost": 701646.69,
                              "Total Cost": 748917.95,
                              "Plan Rows": 1,
                              "Plan Width": 40,
                              "Actual Startup Time": 4225.633,
                              "Actual Total Time": 4303.689,
                              "Actual Rows": 6,
                              "Actual Loops": 2,
                              "Inner Unique": false,
                              "Hash Cond": "(chn.id = ci.person_role_id)",
                              "Plans": [
                                {
                                  "Node Type": "Seq Scan",
                                  "Parent Relationship": "Outer",
                                  "Parallel Aware": true,
                                  "Relation Name": "char_name",
                                  "Alias": "chn",
                                  "Startup Cost": 0.0,
                                  "Total Cost": 44325.46,
                                  "Plan Rows": 785546,
                                  "Plan Width": 4,
                                  "Actual Startup Time": 0.007,
                                  "Actual Total Time": 176.435,
                                  "Actual Rows": 1570170,
                                  "Actual Loops": 2
                                },
                                {
                                  "Node Type": "Hash",
                                  "Parent Relationship": "Inner",
                                  "Parallel Aware": true,
                                  "Startup Cost": 701646.67,
                                  "Total Cost": 701646.67,
                                  "Plan Rows": 1,
                                  "Plan Width": 44,
                                  "Actual Startup Time": 4036.095,
                                  "Actual Total Time": 4036.116,
                                  "Actual Rows": 6,
                                  "Actual Loops": 2,
                                  "Hash Buckets": 1024,
                                  "Original Hash Buckets": 1024,
                                  "Hash Batches": 1,
                                  "Original Hash Batches": 1,
                                  "Peak Memory Usage": 72,
                                  "Plans": [
                                    {
                                      "Node Type": "Hash Join",
                                      "Parent Relationship": "Outer",
                                      "Parallel Aware": true,
                                      "Join Type": "Inner",
                                      "Startup Cost": 686579.84,
                                      "Total Cost": 701646.67,
                                      "Plan Rows": 1,
                                      "Plan Width": 44,
                                      "Actual Startup Time": 3997.445,
                                      "Actual Total Time": 4036.082,
                                      "Actual Rows": 6,
                                      "Actual Loops": 2,
                                      "Inner Unique": false,
                                      "Hash Cond": "(n.id = ci.person_id)",
                                      "Plans": [
                                        {
                                          "Node Type": "Hash Join",
                                          "Parent Relationship": "Outer",
                                          "Parallel Aware": true,
                                          "Join Type": "Inner",
                                          "Startup Cost": 71240.4,
                                          "Total Cost": 86307.19,
                                          "Plan Rows": 7,
                                          "Plan Width": 23,
                                          "Actual Startup Time": 346.725,
                                          "Actual Total Time": 411.857,
                                          "Actual Rows": 31,
                                          "Actual Loops": 2,
                                          "Inner Unique": true,
                                          "Hash Cond": "(an.person_id = n.id)",
                                          "Plans": [
                                            {
                                              "Node Type": "Seq Scan",
                                              "Parent Relationship": "Outer",
                                              "Parallel Aware": true,
                                              "Relation Name": "aka_name",
                                              "Alias": "an",
                                              "Startup Cost": 0.0,
                                              "Total Cost": 14303.56,
                                              "Plan Rows": 290756,
                                              "Plan Width": 4,
                                              "Actual Startup Time": 0.019,
                                              "Actual Total Time": 56.815,
                                              "Actual Rows": 450672,
                                              "Actual Loops": 2
                                            },
                                            {
                                              "Node Type": "Hash",
                                              "Parent Relationship": "Inner",
                                              "Parallel Aware": true,
                                              "Startup Cost": 71240.1,
                                              "Total Cost": 71240.1,
                                              "Plan Rows": 24,
                                              "Plan Width": 19,
                                              "Actual Startup Time": 324.975,
                                              "Actual Total Time": 324.976,
                                              "Actual Rows": 131,
                                              "Actual Loops": 2,
                                              "Hash Buckets": 1024,
                                              "Original Hash Buckets": 1024,
                                              "Hash Batches": 1,
                                              "Original Hash Batches": 1,
                                              "Peak Memory Usage": 72,
                                              "Plans": [
                                                {
                                                  "Node Type": "Seq Scan",
                                                  "Parent Relationship": "Outer",
                                                  "Parallel Aware": true,
                                                  "Relation Name": "name",
                                                  "Alias": "n",
                                                  "Startup Cost": 0.0,
                                                  "Total Cost": 71240.1,
                                                  "Plan Rows": 24,
                                                  "Plan Width": 19,
                                                  "Actual Startup Time": 150.249,
                                                  "Actual Total Time": 324.891,
                                                  "Actual Rows": 131,
                                                  "Actual Loops": 2,
                                                  "Filter": "((name ~~ '%Ferguson,%'::text) AND ((gender)::text = 'f'::text))",
                                                  "Rows Removed by Filter": 2083614
                                                }
                                              ]
                                            }
                                          ]
                                        },
                                        {
                                          "Node Type": "Hash",
                                          "Parent Relationship": "Inner",
                                          "Parallel Aware": true,
                                          "Startup Cost": 615339.43,
                                          "Total Cost": 615339.43,
                                          "Plan Rows": 1,
                                          "Plan Width": 33,
                                          "Actual Startup Time": 3624.163,
                                          "Actual Total Time": 3624.175,
                                          "Actual Rows": 0,
                                          "Actual Loops": 2,
                                          "Hash Buckets": 1024,
                                          "Original Hash Buckets": 1024,
                                          "Hash Batches": 1,
                                          "Original Hash Batches": 1,
                                          "Peak Memory Usage": 40,
                                          "Plans": [
                                            {
                                              "Node Type": "Hash Join",
                                              "Parent Relationship": "Outer",
                                              "Parallel Aware": true,
                                              "Join Type": "Inner",
                                              "Startup Cost": 287174.66,
                                              "Total Cost": 615339.43,
                                              "Plan Rows": 1,
                                              "Plan Width": 33,
                                              "Actual Startup Time": 3143.953,
                                              "Actual Total Time": 3624.155,
                                              "Actual Rows": 0,
                                              "Actual Loops": 2,
                                              "Inner Unique": false,
                                              "Hash Cond": "(ci.movie_id = t.id)",
                                              "Plans": [
                                                {
                                                  "Node Type": "Seq Scan",
                                                  "Parent Relationship": "Outer",
                                                  "Parallel Aware": true,
                                                  "Relation Name": "cast_info",
                                                  "Alias": "ci",
                                                  "Startup Cost": 0.0,
                                                  "Total Cost": 328163.97,
                                                  "Plan Rows": 209,
                                                  "Plan Width": 16,
                                                  "Actual Startup Time": 691.174,
                                                  "Actual Total Time": 1651.56,
                                                  "Actual Rows": 33,
                                                  "Actual Loops": 2,
                                                  "Filter": "(note = '(as Fergie)'::text)",
                                                  "Rows Removed by Filter": 18122139
                                                },
                                                {
                                                  "Node Type": "Hash",
                                                  "Parent Relationship": "Inner",
                                                  "Parallel Aware": true,
                                                  "Startup Cost": 287174.65,
                                                  "Total Cost": 287174.65,
                                                  "Plan Rows": 1,
                                                  "Plan Width": 33,
                                                  "Actual Startup Time": 1972.51,
                                                  "Actual Total Time": 1972.519,
                                                  "Actual Rows": 124,
                                                  "Actual Loops": 2,
                                                  "Hash Buckets": 1024,
                                                  "Original Hash Buckets": 1024,
                                                  "Hash Batches": 1,
                                                  "Original Hash Batches": 1,
                                                  "Peak Memory Usage": 72,
                                                  "Plans": [
                                                    {
                                                      "Node Type": "Hash Join",
                                                      "Parent Relationship": "Outer",
                                                      "Parallel Aware": true,
                                                      "Join Type": "Inner",
                                                      "Startup Cost": 80664.02,
                                                      "Total Cost": 287174.65,
                                                      "Plan Rows": 1,
                                                      "Plan Width": 33,
                                                      "Actual Startup Time": 1024.394,
                                                      "Actual Total Time": 1972.367,
                                                      "Actual Rows": 124,
                                                      "Actual Loops": 2,
                                                      "Inner Unique": false,
                                                      "Hash Cond": "(mi.movie_id = t.id)",
                                                      "Plans": [
                                                        {
                                                          "Node Type": "Hash Join",
                                                          "Parent Relationship": "Outer",
                                                          "Parallel Aware": false,
                                                          "Join Type": "Inner",
                                                          "Startup Cost": 2.43,
                                                          "Total Cost": 206513.03,
                                                          "Plan Rows": 3,
                                                          "Plan Width": 4,
                                                          "Actual Startup Time": 385.131,
                                                          "Actual Total Time": 1332.097,
                                                          "Actual Rows": 34739,
                                                          "Actual Loops": 2,
                                                          "Inner Unique": true,
                                                          "Hash Cond": "(mi.info_type_id = it.id)",
                                                          "Plans": [
                                                            {
                                                              "Node Type": "Seq Scan",
                                                              "Parent Relationship": "Outer",
                                                              "Parallel Aware": true,
                                                              "Relation Name": "movie_info",
                                                              "Alias": "mi",
                                                              "Startup Cost": 0.0,
                                                              "Total Cost": 206509.76,
                                                              "Plan Rows": 309,
                                                              "Plan Width": 8,
                                                              "Actual Startup Time": 385.034,
                                                              "Actual Total Time": 1324.956,
                                                              "Actual Rows": 34739,
                                                              "Actual Loops": 2,
                                                              "Filter": "((info IS NOT NULL) AND ((info ~~ 'Japan:%2007%'::text) OR (info ~~ 'USA:%2008%'::text)))",
                                                              "Rows Removed by Filter": 7383121
                                                            },
                                                            {
                                                              "Node Type": "Hash",
                                                              "Parent Relationship": "Inner",
                                                              "Parallel Aware": false,
                                                              "Startup Cost": 2.41,
                                                              "Total Cost": 2.41,
                                                              "Plan Rows": 1,
                                                              "Plan Width": 4,
                                                              "Actual Startup Time": 0.05,
                                                              "Actual Total Time": 0.051,
                                                              "Actual Rows": 1,
                                                              "Actual Loops": 2,
                                                              "Hash Buckets": 1024,
                                                              "Original Hash Buckets": 1024,
                                                              "Hash Batches": 1,
                                                              "Original Hash Batches": 1,
                                                              "Peak Memory Usage": 9,
                                                              "Plans": [
                                                                {
                                                                  "Node Type": "Seq Scan",
                                                                  "Parent Relationship": "Outer",
                                                                  "Parallel Aware": false,
                                                                  "Relation Name": "info_type",
                                                                  "Alias": "it",
                                                                  "Startup Cost": 0.0,
                                                                  "Total Cost": 2.41,
                                                                  "Plan Rows": 1,
                                                                  "Plan Width": 4,
                                                                  "Actual Startup Time": 0.034,
                                                                  "Actual Total Time": 0.041,
                                                                  "Actual Rows": 1,
                                                                  "Actual Loops": 2,
                                                                  "Filter": "((info)::text = 'release dates'::text)",
                                                                  "Rows Removed by Filter": 112
                                                                }
                                                              ]
                                                            }
                                                          ]
                                                        },
                                                        {
                                                          "Node Type": "Hash",
                                                          "Parent Relationship": "Inner",
                                                          "Parallel Aware": true,
                                                          "Startup Cost": 80661.57,
                                                          "Total Cost": 80661.57,
                                                          "Plan Rows": 2,
                                                          "Plan Width": 29,
                                                          "Actual Startup Time": 634.834,
                                                          "Actual Total Time": 634.838,
                                                          "Actual Rows": 904,
                                                          "Actual Loops": 2,
                                                          "Hash Buckets": 2048,
                                                          "Original Hash Buckets": 1024,
                                                          "Hash Batches": 1,
                                                          "Original Hash Batches": 1,
                                                          "Peak Memory Usage": 216,
                                                          "Plans": [
                                                            {
                                                              "Node Type": "Hash Join",
                                                              "Parent Relationship": "Outer",
                                                              "Parallel Aware": true,
                                                              "Join Type": "Inner",
                                                              "Startup Cost": 47059.31,
                                                              "Total Cost": 80661.57,
                                                              "Plan Rows": 2,
                                                              "Plan Width": 29,
                                                              "Actual Startup Time": 344.515,
                                                              "Actual Total Time": 603.851,
                                                              "Actual Rows": 904,
                                                              "Actual Loops": 2,
                                                              "Inner Unique": true,
                                                              "Hash Cond": "(mc.movie_id = t.id)",
                                                              "Plans": [
                                                                {
                                                                  "Node Type": "Seq Scan",
                                                                  "Parent Relationship": "Outer",
                                                                  "Parallel Aware": true,
                                                                  "Relation Name": "movie_companies",
                                                                  "Alias": "mc",
                                                                  "Startup Cost": 0.0,
                                                                  "Total Cost": 33518.95,
                                                                  "Plan Rows": 31735,
                                                                  "Plan Width": 8,
                                                                  "Actual Startup Time": 0.012,
                                                                  "Actual Total Time": 241.397,
                                                                  "Actual Rows": 99260,
                                                                  "Actual Loops": 2,
                                                                  "Filter": "((note ~~ '%(200%)%'::text) AND ((note ~~ '%(USA)%'::text) OR (note ~~ '%(worldwide)%'::text)))",
                                                                  "Rows Removed by Filter": 1205305
                                                                },
                                                                {
                                                                  "Node Type": "Hash",
                                                                  "Parent Relationship": "Inner",
                                                                  "Parallel Aware": true,
                                                                  "Startup Cost": 47058.86,
                                                                  "Total Cost": 47058.86,
                                                                  "Plan Rows": 36,
                                                                  "Plan Width": 21,
                                                                  "Actual Startup Time": 344.334,
                                                                  "Actual Total Time": 344.335,
                                                                  "Actual Rows": 8279,
                                                                  "Actual Loops": 2,
                                                                  "Hash Buckets": 16384,
                                                                  "Original Hash Buckets": 1024,
                                                                  "Hash Batches": 1,
                                                                  "Original Hash Batches": 1,
                                                                  "Peak Memory Usage": 1368,
                                                                  "Plans": [
                                                                    {
                                                                      "Node Type": "Seq Scan",
                                                                      "Parent Relationship": "Outer",
                                                                      "Parallel Aware": true,
                                                                      "Relation Name": "title",
                                                                      "Alias": "t",
                                                                      "Startup Cost": 0.0,
                                                                      "Total Cost": 47058.86,
                                                                      "Plan Rows": 36,
                                                                      "Plan Width": 21,
                                                                      "Actual Startup Time": 0.14,
                                                                      "Actual Total Time": 321.824,
                                                                      "Actual Rows": 8279,
                                                                      "Actual Loops": 2,
                                                                      "Filter": "((title ~~ '%Part%'::text) AND (production_year >= 1996) AND (production_year <= 2012))",
                                                                      "Rows Removed by Filter": 1255877
                                                                    }
                                                                  ]
                                                                }
                                                              ]
                                                            }
                                                          ]
                                                        }
                                                      ]
                                                    }
                                                  ]
                                                }
                                              ]
                                            }
                                          ]
                                        }
                                      ]
                                    }
                                  ]
                                }
                              ]
                            }
                          ]
                        }
                      ]
                    },
                    {
                      "Node Type": "Hash",
                      "Parent Relationship": "Inner",
                      "Parallel Aware": false,
                      "Startup Cost": 1.15,
                      "Total Cost": 1.15,
                      "Plan Rows": 1,
                      "Plan Width": 4,
                      "Actual Startup Time": 0.086,
                      "Actual Total Time": 0.087,
                      "Actual Rows": 1,
                      "Actual Loops": 2,
                      "Hash Buckets": 1024,
                      "Original Hash Buckets": 1024,
                      "Hash Batches": 1,
                      "Original Hash Batches": 1,
                      "Peak Memory Usage": 9,
                      "Plans": [
                        {
                          "Node Type": "Seq Scan",
                          "Parent Relationship": "Outer",
                          "Parallel Aware": false,
                          "Relation Name": "role_type",
                          "Alias": "rt",
                          "Startup Cost": 0.0,
                          "Total Cost": 1.15,
                          "Plan Rows": 1,
                          "Plan Width": 4,
                          "Actual Startup Time": 0.056,
                          "Actual Total Time": 0.06,
                          "Actual Rows": 1,
                          "Actual Loops": 2,
                          "Filter": "((role)::text = 'actress'::text)",
                          "Rows Removed by Filter": 11
                        }
                      ]
                    }
                  ]
                }
              ]
            }
          ]
        }
      ]
    },
    "Planning Time": 38.311,
    "Triggers": [],
    "Execution Time": 4530.497
  }
]