[
  {
    "Plan": {
      "Node Type": "Aggregate",
      "Strategy": "Plain",
      "Partial Mode": "Finalize",
      "Parallel Aware": false,
      "Startup Cost": 98731.5,
      "Total Cost": 98731.51,
      "Plan Rows": 1,
      "Plan Width": 8,
      "Actual Startup Time": 515.596,
      "Actual Total Time": 529.381,
      "Actual Rows": 1,
      "Actual Loops": 1,
      "Plans": [
        {
          "Node Type": "Gather",
          "Parent Relationship": "Outer",
          "Parallel Aware": false,
          "Startup Cost": 98731.18,
          "Total Cost": 98731.49,
          "Plan Rows": 3,
          "Plan Width": 8,
          "Actual Startup Time": 510.561,
          "Actual Total Time": 529.369,
          "Actual Rows": 4,
          "Actual Loops": 1,
          "Workers Planned": 3,
          "Workers Launched": 3,
          "Single Copy": false,
          "Plans": [
            {
              "Node Type": "Aggregate",
              "Strategy": "Plain",
              "Partial Mode": "Partial",
              "Parent Relationship": "Outer",
              "Parallel Aware": false,
              "Startup Cost": 97731.18,
              "Total Cost": 97731.19,
              "Plan Rows": 1,
              "Plan Width": 8,
              "Actual Startup Time": 498.721,
              "Actual Total Time": 498.727,
              "Actual Rows": 1,
              "Actual Loops": 4,
              "Plans": [
                {
                  "Node Type": "Hash Join",
                  "Parent Relationship": "Outer",
                  "Parallel Aware": true,
                  "Join Type": "Inner",
                  "Startup Cost": 49834.52,
                  "Total Cost": 95940.66,
                  "Plan Rows": 716208,
                  "Plan Width": 0,
                  "Actual Startup Time": 256.059,
                  "Actual Total Time": 491.889,
                  "Actual Rows": 144209,
                  "Actual Loops": 4,
                  "Inner Unique": true,
                  "Hash Cond": "(mk.movie_id = t.id)",
                  "Plans": [
                    {
                      "Node Type": "Seq Scan",
                      "Parent Relationship": "Outer",
                      "Parallel Aware": true,
                      "Relation Name": "movie_keyword",
                      "Alias": "mk",
                      "Startup Cost": 0.0,
                      "Total Cost": 42695.65,
                      "Plan Rows": 1299229,
                      "Plan Width": 4,
                      "Actual Startup Time": 0.031,
                      "Actual Total Time": 120.746,
                      "Actual Rows": 1010185,
                      "Actual Loops": 4,
                      "Filter": "(keyword_id < 37100)",
                      "Rows Removed by Filter": 120798
                    },
                    {
                      "Node Type": "Hash",
                      "Parent Relationship": "Inner",
                      "Parallel Aware": true,
                      "Startup Cost": 45479.1,
                      "Total Cost": 45479.1,
                      "Plan Rows": 348434,
                      "Plan Width": 4,
                      "Actual Startup Time": 248.28,
                      "Actual Total Time": 248.283,
                      "Actual Rows": 368606,
                      "Actual Loops": 4,
                      "Hash Buckets": 2097152,
                      "Original Hash Buckets": 2097152,
                      "Hash Batches": 1,
                      "Original Hash Batches": 1,
                      "Peak Memory Usage": 74112,
                      "Plans": [
                        {
                          "Node Type": "Seq Scan",
                          "Parent Relationship": "Outer",
                          "Parallel Aware": true,
                          "Relation Name": "title",
                          "Alias": "t",
                          "Startup Cost": 0.0,
                          "Total Cost": 45479.1,
                          "Plan Rows": 348434,
                          "Plan Width": 4,
                          "Actual Startup Time": 0.045,
                          "Actual Total Time": 111.034,
                          "Actual Rows": 368606,
                          "Actual Loops": 4,
                          "Filter": "((production_year > 1950) AND (kind_id = 7))",
                          "Rows Removed by Filter": 263472
                        }
                      ]
                    }
                  ]
                }
              ]
            }
          ]
        }
      ]
    },
    "Planning Time": 0.626,
    "Triggers": [],
    "Execution Time": 529.448
  }
]