[
  {
    "Plan": {
      "Node Type": "Aggregate",
      "Strategy": "Plain",
      "Partial Mode": "Finalize",
      "Parallel Aware": false,
      "Startup Cost": 27410.81,
      "Total Cost": 27410.82,
      "Plan Rows": 1,
      "Plan Width": 8,
      "Actual Startup Time": 61.069,
      "Actual Total Time": 69.551,
      "Actual Rows": 1,
      "Actual Loops": 1,
      "Plans": [
        {
          "Node Type": "Gather",
          "Parent Relationship": "Outer",
          "Parallel Aware": false,
          "Startup Cost": 27410.6,
          "Total Cost": 27410.81,
          "Plan Rows": 2,
          "Plan Width": 8,
          "Actual Startup Time": 60.818,
          "Actual Total Time": 69.542,
          "Actual Rows": 3,
          "Actual Loops": 1,
          "Workers Planned": 2,
          "Workers Launched": 2,
          "Single Copy": false,
          "Plans": [
            {
              "Node Type": "Aggregate",
              "Strategy": "Plain",
              "Partial Mode": "Partial",
              "Parent Relationship": "Outer",
              "Parallel Aware": false,
              "Startup Cost": 26410.6,
              "Total Cost": 26410.61,
              "Plan Rows": 1,
              "Plan Width": 8,
              "Actual Startup Time": 52.742,
              "Actual Total Time": 52.744,
              "Actual Rows": 1,
              "Actual Loops": 3,
              "Plans": [
                {
                  "Node Type": "Nested Loop",
                  "Parent Relationship": "Outer",
                  "Parallel Aware": false,
                  "Join Type": "Inner",
                  "Startup Cost": 95.19,
                  "Total Cost": 26409.01,
                  "Plan Rows": 636,
                  "Plan Width": 0,
                  "Actual Startup Time": 2.87,
                  "Actual Total Time": 52.251,
                  "Actual Rows": 5959,
                  "Actual Loops": 3,
                  "Inner Unique": false,
                  "Plans": [
                    {
                      "Node Type": "Nested Loop",
                      "Parent Relationship": "Outer",
                      "Parallel Aware": false,
                      "Join Type": "Inner",
                      "Startup Cost": 94.75,
                      "Total Cost": 24852.47,
                      "Plan Rows": 694,
                      "Plan Width": 8,
                      "Actual Startup Time": 2.678,
                      "Actual Total Time": 23.392,
                      "Actual Rows": 584,
                      "Actual Loops": 3,
                      "Inner Unique": true,
                      "Plans": [
                        {
                          "Node Type": "Bitmap Heap Scan",
                          "Parent Relationship": "Outer",
                          "Parallel Aware": true,
                          "Relation Name": "movie_keyword",
                          "Alias": "mk",
                          "Startup Cost": 94.32,
                          "Total Cost": 11296.48,
                          "Plan Rows": 1822,
                          "Plan Width": 4,
                          "Actual Startup Time": 2.355,
                          "Actual Total Time": 8.382,
                          "Actual Rows": 1751,
                          "Actual Loops": 3,
                          "Recheck Cond": "(keyword_id = 3311)",
                          "Rows Removed by Index Recheck": 0,
                          "Exact Heap Blocks": 2648,
                          "Lossy Heap Blocks": 0,
                          "Plans": [
                            {
                              "Node Type": "Bitmap Index Scan",
                              "Parent Relationship": "Outer",
                              "Parallel Aware": false,
                              "Index Name": "keyword_id_movie_keyword",
                              "Startup Cost": 0.0,
                              "Total Cost": 93.23,
                              "Plan Rows": 4373,
                              "Plan Width": 0,
                              "Actual Startup Time": 4.768,
                              "Actual Total Time": 4.768,
                              "Actual Rows": 5252,
                              "Actual Loops": 1,
                              "Index Cond": "(keyword_id = 3311)"
                            }
                          ]
                        },
                        {
                          "Node Type": "Index Scan",
                          "Parent Relationship": "Inner",
                          "Parallel Aware": false,
                          "Scan Direction": "Forward",
                          "Index Name": "title_pkey",
                          "Relation Name": "title",
                          "Alias": "t",
                          "Startup Cost": 0.43,
                          "Total Cost": 7.44,
                          "Plan Rows": 1,
                          "Plan Width": 4,
                          "Actual Startup Time": 0.008,
                          "Actual Total Time": 0.008,
                          "Actual Rows": 0,
                          "Actual Loops": 5252,
                          "Index Cond": "(id = mk.movie_id)",
                          "Rows Removed by Index Recheck": 0,
                          "Filter": "(production_year < 1999)",
                          "Rows Removed by Filter": 1
                        }
                      ]
                    },
                    {
                      "Node Type": "Index Scan",
                      "Parent Relationship": "Inner",
                      "Parallel Aware": false,
                      "Scan Direction": "Forward",
                      "Index Name": "movie_id_movie_info",
                      "Relation Name": "movie_info",
                      "Alias": "mi",
                      "Startup Cost": 0.43,
                      "Total Cost": 2.17,
                      "Plan Rows": 7,
                      "Plan Width": 4,
                      "Actual Startup Time": 0.021,
                      "Actual Total Time": 0.048,
                      "Actual Rows": 10,
                      "Actual Loops": 1753,
                      "Index Cond": "(movie_id = t.id)",
                      "Rows Removed by Index Recheck": 0,
                      "Filter": "(info_type_id > 16)",
                      "Rows Removed by Filter": 21
                    }
                  ]
                }
              ]
            }
          ]
        }
      ]
    },
    "Planning Time": 1.452,
    "Triggers": [],
    "Execution Time": 69.653
  }
]