{
  "Plan": {
    "Node Type": "Aggregate",
    "Strategy": "Plain",
    "Partial Mode": "Finalize",
    "Parallel Aware": false,
    "Startup Cost": 315658.44,
    "Total Cost": 315658.45,
    "Plan Rows": 1,
    "Plan Width": 8,
    "Actual Startup Time": 725.058,
    "Actual Total Time": 744.914,
    "Actual Rows": 1,
    "Actual Loops": 1,
    "Plans": [
      {
        "Node Type": "Gather",
        "Parent Relationship": "Outer",
        "Parallel Aware": false,
        "Startup Cost": 315658.33,
        "Total Cost": 315658.44,
        "Plan Rows": 1,
        "Plan Width": 8,
        "Actual Startup Time": 724.128,
        "Actual Total Time": 744.904,
        "Actual Rows": 2,
        "Actual Loops": 1,
        "Workers Planned": 1,
        "Workers Launched": 1,
        "Single Copy": false,
        "Plans": [
          {
            "Node Type": "Aggregate",
            "Strategy": "Plain",
            "Partial Mode": "Partial",
            "Parent Relationship": "Outer",
            "Parallel Aware": false,
            "Startup Cost": 314658.33,
            "Total Cost": 314658.34,
            "Plan Rows": 1,
            "Plan Width": 8,
            "Actual Startup Time": 717.807,
            "Actual Total Time": 717.814,
            "Actual Rows": 1,
            "Actual Loops": 2,
            "Plans": [
              {
                "Node Type": "Hash Join",
                "Parent Relationship": "Outer",
                "Parallel Aware": true,
                "Join Type": "Inner",
                "Startup Cost": 252895.67,
                "Total Cost": 314444.17,
                "Plan Rows": 85661,
                "Plan Width": 0,
                "Actual Startup Time": 400.297,
                "Actual Total Time": 715.355,
                "Actual Rows": 54936,
                "Actual Loops": 2,
                "Inner Unique": false,
                "Hash Cond": "(mk.movie_id = t.id)",
                "Plans": [
                  {
                    "Node Type": "Seq Scan",
                    "Parent Relationship": "Outer",
                    "Parallel Aware": true,
                    "Relation Name": "movie_keyword",
                    "Alias": "mk",
                    "Startup Cost": 0.0,
                    "Total Cost": 51065.35,
                    "Plan Rows": 2661135,
                    "Plan Width": 4,
                    "Actual Startup Time": 0.018,
                    "Actual Total Time": 155.775,
                    "Actual Rows": 2261965,
                    "Actual Loops": 2
                  },
                  {
                    "Node Type": "Hash",
                    "Parent Relationship": "Inner",
                    "Parallel Aware": true,
                    "Startup Cost": 252297.25,
                    "Total Cost": 252297.25,
                    "Plan Rows": 47874,
                    "Plan Width": 8,
                    "Actual Startup Time": 398.139,
                    "Actual Total Time": 398.144,
                    "Actual Rows": 30889,
                    "Actual Loops": 2,
                    "Hash Buckets": 131072,
                    "Original Hash Buckets": 131072,
                    "Hash Batches": 1,
                    "Original Hash Batches": 1,
                    "Peak Memory Usage": 3456,
                    "Plans": [
                      {
                        "Node Type": "Hash Join",
                        "Parent Relationship": "Outer",
                        "Parallel Aware": true,
                        "Join Type": "Inner",
                        "Startup Cost": 78931.19,
                        "Total Cost": 252297.25,
                        "Plan Rows": 47874,
                        "Plan Width": 8,
                        "Actual Startup Time": 229.326,
                        "Actual Total Time": 388.508,
                        "Actual Rows": 30889,
                        "Actual Loops": 2,
                        "Inner Unique": true,
                        "Hash Cond": "(mi.movie_id = t.id)",
                        "Plans": [
                          {
                            "Node Type": "Bitmap Heap Scan",
                            "Parent Relationship": "Outer",
                            "Parallel Aware": true,
                            "Relation Name": "movie_info",
                            "Alias": "mi",
                            "Startup Cost": 23159.21,
                            "Total Cost": 194551.43,
                            "Plan Rows": 751938,
                            "Plan Width": 4,
                            "Actual Startup Time": 55.228,
                            "Actual Total Time": 118.219,
                            "Actual Rows": 649494,
                            "Actual Loops": 2,
                            "Recheck Cond": "(info_type_id = 4)",
                            "Rows Removed by Index Recheck": 0,
                            "Exact Heap Blocks": 4240,
                            "Lossy Heap Blocks": 0,
                            "Plans": [
                              {
                                "Node Type": "Bitmap Index Scan",
                                "Parent Relationship": "Outer",
                                "Parallel Aware": false,
                                "Index Name": "info_type_id_movie_info",
                                "Startup Cost": 0.0,
                                "Total Cost": 22839.64,
                                "Plan Rows": 1278294,
                                "Plan Width": 0,
                                "Actual Startup Time": 53.909,
                                "Actual Total Time": 53.909,
                                "Actual Rows": 1298989,
                                "Actual Loops": 1,
                                "Index Cond": "(info_type_id = 4)"
                              }
                            ]
                          },
                          {
                            "Node Type": "Hash",
                            "Parent Relationship": "Inner",
                            "Parallel Aware": true,
                            "Startup Cost": 54588.39,
                            "Total Cost": 54588.39,
                            "Plan Rows": 94687,
                            "Plan Width": 4,
                            "Actual Startup Time": 169.578,
                            "Actual Total Time": 169.579,
                            "Actual Rows": 82154,
                            "Actual Loops": 2,
                            "Hash Buckets": 262144,
                            "Original Hash Buckets": 262144,
                            "Hash Batches": 1,
                            "Original Hash Batches": 1,
                            "Peak Memory Usage": 8512,
                            "Plans": [
                              {
                                "Node Type": "Seq Scan",
                                "Parent Relationship": "Outer",
                                "Parallel Aware": true,
                                "Relation Name": "title",
                                "Alias": "t",
                                "Startup Cost": 0.0,
                                "Total Cost": 54588.39,
                                "Plan Rows": 94687,
                                "Plan Width": 4,
                                "Actual Startup Time": 0.033,
                                "Actual Total Time": 143.06,
                                "Actual Rows": 82154,
                                "Actual Loops": 2,
                                "Filter": "(production_year = 2012)",
                                "Rows Removed by Filter": 1182002
                              }
                            ]
                          }
                        ]
                      }
                    ]
                  }
                ]
              }
            ]
          }
        ]
      }
    ]
  },
  "Planning Time": 0.978,
  "Triggers": [],
  "Execution Time": 745.018
}