[
    {
        "Bao": {
            "Bao prediction": 573.57,
            "Bao recommended hint": "(no hint)"
        }
    },
    {
        "Plan": {
            "Node Type": "Aggregate",
            "Strategy": "Plain",
            "Partial Mode": "Finalize",
            "Parallel Aware": false,
            "Startup Cost": 73717.14,
            "Total Cost": 73717.15,
            "Plan Rows": 1,
            "Plan Width": 8,
            "Actual Startup Time": 230.786,
            "Actual Total Time": 241.435,
            "Actual Rows": 1,
            "Actual Loops": 1,
            "Output": [
                "count(*)"
            ],
            "Plans": [
                {
                    "Node Type": "Gather",
                    "Parent Relationship": "Outer",
                    "Parallel Aware": false,
                    "Startup Cost": 73716.82,
                    "Total Cost": 73717.13,
                    "Plan Rows": 3,
                    "Plan Width": 8,
                    "Actual Startup Time": 228.695,
                    "Actual Total Time": 241.426,
                    "Actual Rows": 4,
                    "Actual Loops": 1,
                    "Output": [
                        "(PARTIAL count(*))"
                    ],
                    "Workers Planned": 3,
                    "Workers Launched": 3,
                    "Single Copy": false,
                    "Plans": [
                        {
                            "Node Type": "Aggregate",
                            "Strategy": "Plain",
                            "Partial Mode": "Partial",
                            "Parent Relationship": "Outer",
                            "Parallel Aware": false,
                            "Startup Cost": 72716.82,
                            "Total Cost": 72716.83,
                            "Plan Rows": 1,
                            "Plan Width": 8,
                            "Actual Startup Time": 220.009,
                            "Actual Total Time": 220.088,
                            "Actual Rows": 1,
                            "Actual Loops": 4,
                            "Output": [
                                "PARTIAL count(*)"
                            ],
                            "Workers": [
                                {
                                    "Worker Number": 0,
                                    "Actual Startup Time": 217.509,
                                    "Actual Total Time": 217.513,
                                    "Actual Rows": 1,
                                    "Actual Loops": 1
                                },
                                {
                                    "Worker Number": 1,
                                    "Actual Startup Time": 217.13,
                                    "Actual Total Time": 217.133,
                                    "Actual Rows": 1,
                                    "Actual Loops": 1
                                },
                                {
                                    "Worker Number": 2,
                                    "Actual Startup Time": 217.504,
                                    "Actual Total Time": 217.507,
                                    "Actual Rows": 1,
                                    "Actual Loops": 1
                                }
                            ],
                            "Plans": [
                                {
                                    "Node Type": "Hash Join",
                                    "Parent Relationship": "Outer",
                                    "Parallel Aware": true,
                                    "Join Type": "Inner",
                                    "Startup Cost": 47890.45,
                                    "Total Cost": 72710.56,
                                    "Plan Rows": 2504,
                                    "Plan Width": 0,
                                    "Actual Startup Time": 179.806,
                                    "Actual Total Time": 219.496,
                                    "Actual Rows": 5276,
                                    "Actual Loops": 4,
                                    "Inner Unique": true,
                                    "Hash Cond": "(mk.movie_id = t.id)",
                                    "Workers": [
                                        {
                                            "Worker Number": 0,
                                            "Actual Startup Time": 177.144,
                                            "Actual Total Time": 216.971,
                                            "Actual Rows": 4183,
                                            "Actual Loops": 1
                                        },
                                        {
                                            "Worker Number": 1,
                                            "Actual Startup Time": 176.908,
                                            "Actual Total Time": 216.565,
                                            "Actual Rows": 4425,
                                            "Actual Loops": 1
                                        },
                                        {
                                            "Worker Number": 2,
                                            "Actual Startup Time": 177.377,
                                            "Actual Total Time": 217.003,
                                            "Actual Rows": 3966,
                                            "Actual Loops": 1
                                        }
                                    ],
                                    "Plans": [
                                        {
                                            "Node Type": "Bitmap Heap Scan",
                                            "Parent Relationship": "Outer",
                                            "Parallel Aware": true,
                                            "Relation Name": "movie_keyword",
                                            "Schema": "public",
                                            "Alias": "mk",
                                            "Startup Cost": 1593.97,
                                            "Total Cost": 26350.54,
                                            "Plan Rows": 24205,
                                            "Plan Width": 4,
                                            "Actual Startup Time": 14.675,
                                            "Actual Total Time": 46.042,
                                            "Actual Rows": 18148,
                                            "Actual Loops": 4,
                                            "Output": [
                                                "mk.id",
                                                "mk.movie_id",
                                                "mk.keyword_id"
                                            ],
                                            "Recheck Cond": "(mk.keyword_id < 66)",
                                            "Rows Removed by Index Recheck": 0,
                                            "Exact Heap Blocks": 8111,
                                            "Lossy Heap Blocks": 0,
                                            "Workers": [
                                                {
                                                    "Worker Number": 0,
                                                    "Actual Startup Time": 14.739,
                                                    "Actual Total Time": 47.078,
                                                    "Actual Rows": 14932,
                                                    "Actual Loops": 1
                                                },
                                                {
                                                    "Worker Number": 1,
                                                    "Actual Startup Time": 14.575,
                                                    "Actual Total Time": 46.879,
                                                    "Actual Rows": 15597,
                                                    "Actual Loops": 1
                                                },
                                                {
                                                    "Worker Number": 2,
                                                    "Actual Startup Time": 14.691,
                                                    "Actual Total Time": 47.428,
                                                    "Actual Rows": 14200,
                                                    "Actual Loops": 1
                                                }
                                            ],
                                            "Plans": [
                                                {
                                                    "Node Type": "Bitmap Index Scan",
                                                    "Parent Relationship": "Outer",
                                                    "Parallel Aware": false,
                                                    "Index Name": "keyword_id_movie_keyword",
                                                    "Startup Cost": 0.0,
                                                    "Total Cost": 1575.21,
                                                    "Plan Rows": 75037,
                                                    "Plan Width": 0,
                                                    "Actual Startup Time": 9.967,
                                                    "Actual Total Time": 9.967,
                                                    "Actual Rows": 72592,
                                                    "Actual Loops": 1,
                                                    "Index Cond": "(mk.keyword_id < 66)",
                                                    "Workers": [
                                                        {
                                                            "Worker Number": 1,
                                                            "Actual Startup Time": 9.967,
                                                            "Actual Total Time": 9.967,
                                                            "Actual Rows": 72592,
                                                            "Actual Loops": 1
                                                        }
                                                    ]
                                                }
                                            ]
                                        },
                                        {
                                            "Node Type": "Hash",
                                            "Parent Relationship": "Inner",
                                            "Parallel Aware": true,
                                            "Startup Cost": 45479.21,
                                            "Total Cost": 45479.21,
                                            "Plan Rows": 65382,
                                            "Plan Width": 4,
                                            "Actual Startup Time": 162.911,
                                            "Actual Total Time": 162.912,
                                            "Actual Rows": 93486,
                                            "Actual Loops": 4,
                                            "Output": [
                                                "t.id"
                                            ],
                                            "Hash Buckets": 524288,
                                            "Original Hash Buckets": 262144,
                                            "Hash Batches": 1,
                                            "Original Hash Batches": 1,
                                            "Peak Memory Usage": 20832,
                                            "Workers": [
                                                {
                                                    "Worker Number": 0,
                                                    "Actual Startup Time": 161.967,
                                                    "Actual Total Time": 161.969,
                                                    "Actual Rows": 90895,
                                                    "Actual Loops": 1
                                                },
                                                {
                                                    "Worker Number": 1,
                                                    "Actual Startup Time": 161.91,
                                                    "Actual Total Time": 161.911,
                                                    "Actual Rows": 89623,
                                                    "Actual Loops": 1
                                                },
                                                {
                                                    "Worker Number": 2,
                                                    "Actual Startup Time": 162.301,
                                                    "Actual Total Time": 162.302,
                                                    "Actual Rows": 84876,
                                                    "Actual Loops": 1
                                                }
                                            ],
                                            "Plans": [
                                                {
                                                    "Node Type": "Seq Scan",
                                                    "Parent Relationship": "Outer",
                                                    "Parallel Aware": true,
                                                    "Relation Name": "title",
                                                    "Schema": "public",
                                                    "Alias": "t",
                                                    "Startup Cost": 0.0,
                                                    "Total Cost": 45479.21,
                                                    "Plan Rows": 65382,
                                                    "Plan Width": 4,
                                                    "Actual Startup Time": 0.062,
                                                    "Actual Total Time": 118.956,
                                                    "Actual Rows": 93486,
                                                    "Actual Loops": 4,
                                                    "Output": [
                                                        "t.id"
                                                    ],
                                                    "Filter": "((t.kind_id < 7) AND (t.production_year < 1989))",
                                                    "Rows Removed by Filter": 538592,
                                                    "Workers": [
                                                        {
                                                            "Worker Number": 0,
                                                            "Actual Startup Time": 0.103,
                                                            "Actual Total Time": 119.521,
                                                            "Actual Rows": 90895,
                                                            "Actual Loops": 1
                                                        },
                                                        {
                                                            "Worker Number": 1,
                                                            "Actual Startup Time": 0.039,
                                                            "Actual Total Time": 119.386,
                                                            "Actual Rows": 89623,
                                                            "Actual Loops": 1
                                                        },
                                                        {
                                                            "Worker Number": 2,
                                                            "Actual Startup Time": 0.055,
                                                            "Actual Total Time": 117.373,
                                                            "Actual Rows": 84876,
                                                            "Actual Loops": 1
                                                        }
                                                    ]
                                                }
                                            ]
                                        }
                                    ]
                                }
                            ]
                        }
                    ]
                }
            ]
        },
        "Planning Time": 1876.574,
        "Triggers": [],
        "Execution Time": 241.58
    }
]