[
    {
        "Bao": {
            "Bao prediction": "NaN",
            "Bao recommended hint": "(no hint)"
        }
    },
    {
        "Plan": {
            "Node Type": "Aggregate",
            "Strategy": "Plain",
            "Partial Mode": "Finalize",
            "Parallel Aware": false,
            "Startup Cost": 32647.1,
            "Total Cost": 32647.11,
            "Plan Rows": 1,
            "Plan Width": 8,
            "Actual Startup Time": 85.763,
            "Actual Total Time": 92.02,
            "Actual Rows": 1,
            "Actual Loops": 1,
            "Output": [
                "count(*)"
            ],
            "Plans": [
                {
                    "Node Type": "Gather",
                    "Parent Relationship": "Outer",
                    "Parallel Aware": false,
                    "Startup Cost": 32646.79,
                    "Total Cost": 32647.1,
                    "Plan Rows": 3,
                    "Plan Width": 8,
                    "Actual Startup Time": 85.623,
                    "Actual Total Time": 92.012,
                    "Actual Rows": 4,
                    "Actual Loops": 1,
                    "Output": [
                        "(PARTIAL count(*))"
                    ],
                    "Workers Planned": 3,
                    "Workers Launched": 3,
                    "Single Copy": false,
                    "Plans": [
                        {
                            "Node Type": "Aggregate",
                            "Strategy": "Plain",
                            "Partial Mode": "Partial",
                            "Parent Relationship": "Outer",
                            "Parallel Aware": false,
                            "Startup Cost": 31646.79,
                            "Total Cost": 31646.8,
                            "Plan Rows": 1,
                            "Plan Width": 8,
                            "Actual Startup Time": 77.177,
                            "Actual Total Time": 77.178,
                            "Actual Rows": 1,
                            "Actual Loops": 4,
                            "Output": [
                                "PARTIAL count(*)"
                            ],
                            "Workers": [
                                {
                                    "Worker Number": 0,
                                    "Actual Startup Time": 74.378,
                                    "Actual Total Time": 74.379,
                                    "Actual Rows": 1,
                                    "Actual Loops": 1
                                },
                                {
                                    "Worker Number": 1,
                                    "Actual Startup Time": 74.534,
                                    "Actual Total Time": 74.535,
                                    "Actual Rows": 1,
                                    "Actual Loops": 1
                                },
                                {
                                    "Worker Number": 2,
                                    "Actual Startup Time": 74.691,
                                    "Actual Total Time": 74.693,
                                    "Actual Rows": 1,
                                    "Actual Loops": 1
                                }
                            ],
                            "Plans": [
                                {
                                    "Node Type": "Seq Scan",
                                    "Parent Relationship": "Outer",
                                    "Parallel Aware": true,
                                    "Relation Name": "movie_companies",
                                    "Schema": "public",
                                    "Alias": "mc",
                                    "Startup Cost": 0.0,
                                    "Total Cost": 31414.82,
                                    "Plan Rows": 92787,
                                    "Plan Width": 0,
                                    "Actual Startup Time": 47.995,
                                    "Actual Total Time": 75.54,
                                    "Actual Rows": 36517,
                                    "Actual Loops": 4,
                                    "Output": [
                                        "id",
                                        "movie_id",
                                        "company_id",
                                        "company_type_id",
                                        "note"
                                    ],
                                    "Filter": "((mc.company_id < 596) AND (mc.company_type_id = 2))",
                                    "Rows Removed by Filter": 615765,
                                    "Workers": [
                                        {
                                            "Worker Number": 0,
                                            "Actual Startup Time": 45.189,
                                            "Actual Total Time": 72.777,
                                            "Actual Rows": 36302,
                                            "Actual Loops": 1
                                        },
                                        {
                                            "Worker Number": 1,
                                            "Actual Startup Time": 45.356,
                                            "Actual Total Time": 72.933,
                                            "Actual Rows": 36352,
                                            "Actual Loops": 1
                                        },
                                        {
                                            "Worker Number": 2,
                                            "Actual Startup Time": 45.509,
                                            "Actual Total Time": 73.13,
                                            "Actual Rows": 34715,
                                            "Actual Loops": 1
                                        }
                                    ]
                                }
                            ]
                        }
                    ]
                }
            ]
        },
        "Planning Time": 197.746,
        "Triggers": [],
        "Execution Time": 92.083
    }
]