[
  {
    "Plan": {
      "Node Type": "Aggregate",
      "Strategy": "Plain",
      "Partial Mode": "Finalize",
      "Parallel Aware": false,
      "Startup Cost": 143474.48,
      "Total Cost": 143474.49,
      "Plan Rows": 1,
      "Plan Width": 8,
      "Actual Startup Time": 2050.736,
      "Actual Total Time": 2083.464,
      "Actual Rows": 1,
      "Actual Loops": 1,
      "Plans": [
        {
          "Node Type": "Gather",
          "Parent Relationship": "Outer",
          "Parallel Aware": false,
          "Startup Cost": 143474.16,
          "Total Cost": 143474.47,
          "Plan Rows": 3,
          "Plan Width": 8,
          "Actual Startup Time": 2028.974,
          "Actual Total Time": 2083.454,
          "Actual Rows": 4,
          "Actual Loops": 1,
          "Workers Planned": 3,
          "Workers Launched": 3,
          "Single Copy": false,
          "Plans": [
            {
              "Node Type": "Aggregate",
              "Strategy": "Plain",
              "Partial Mode": "Partial",
              "Parent Relationship": "Outer",
              "Parallel Aware": false,
              "Startup Cost": 142474.16,
              "Total Cost": 142474.17,
              "Plan Rows": 1,
              "Plan Width": 8,
              "Actual Startup Time": 2011.969,
              "Actual Total Time": 2011.976,
              "Actual Rows": 1,
              "Actual Loops": 4,
              "Plans": [
                {
                  "Node Type": "Hash Join",
                  "Parent Relationship": "Outer",
                  "Parallel Aware": true,
                  "Join Type": "Inner",
                  "Startup Cost": 90843.64,
                  "Total Cost": 139369.49,
                  "Plan Rows": 1241869,
                  "Plan Width": 0,
                  "Actual Startup Time": 844.967,
                  "Actual Total Time": 1658.702,
                  "Actual Rows": 7342544,
                  "Actual Loops": 4,
                  "Inner Unique": false,
                  "Hash Cond": "(mk.movie_id = t.id)",
                  "Plans": [
                    {
                      "Node Type": "Seq Scan",
                      "Parent Relationship": "Outer",
                      "Parallel Aware": true,
                      "Relation Name": "movie_keyword",
                      "Alias": "mk",
                      "Startup Cost": 0.0,
                      "Total Cost": 39047.32,
                      "Plan Rows": 1459332,
                      "Plan Width": 4,
                      "Actual Startup Time": 0.035,
                      "Actual Total Time": 97.644,
                      "Actual Rows": 1130982,
                      "Actual Loops": 4
                    },
                    {
                      "Node Type": "Hash",
                      "Parent Relationship": "Inner",
                      "Parallel Aware": true,
                      "Startup Cost": 82167.64,
                      "Total Cost": 82167.64,
                      "Plan Rows": 694080,
                      "Plan Width": 8,
                      "Actual Startup Time": 834.939,
                      "Actual Total Time": 834.944,
                      "Actual Rows": 490318,
                      "Actual Loops": 4,
                      "Hash Buckets": 4194304,
                      "Original Hash Buckets": 4194304,
                      "Hash Batches": 1,
                      "Original Hash Batches": 1,
                      "Peak Memory Usage": 109600,
                      "Plans": [
                        {
                          "Node Type": "Hash Join",
                          "Parent Relationship": "Outer",
                          "Parallel Aware": true,
                          "Join Type": "Inner",
                          "Startup Cost": 50758.05,
                          "Total Cost": 82167.64,
                          "Plan Rows": 694080,
                          "Plan Width": 8,
                          "Actual Startup Time": 356.71,
                          "Actual Total Time": 654.451,
                          "Actual Rows": 490318,
                          "Actual Loops": 4,
                          "Inner Unique": true,
                          "Hash Cond": "(mc.movie_id = t.id)",
                          "Plans": [
                            {
                              "Node Type": "Seq Scan",
                              "Parent Relationship": "Outer",
                              "Parallel Aware": true,
                              "Relation Name": "movie_companies",
                              "Alias": "mc",
                              "Startup Cost": 0.0,
                              "Total Cost": 29310.68,
                              "Plan Rows": 799587,
                              "Plan Width": 4,
                              "Actual Startup Time": 0.015,
                              "Actual Total Time": 86.484,
                              "Actual Rows": 619452,
                              "Actual Loops": 4,
                              "Filter": "(company_id > 19)",
                              "Rows Removed by Filter": 32831
                            },
                            {
                              "Node Type": "Hash",
                              "Parent Relationship": "Inner",
                              "Parallel Aware": true,
                              "Startup Cost": 43899.32,
                              "Total Cost": 43899.32,
                              "Plan Rows": 548698,
                              "Plan Width": 4,
                              "Actual Startup Time": 349.906,
                              "Actual Total Time": 349.907,
                              "Actual Rows": 545579,
                              "Actual Loops": 4,
                              "Hash Buckets": 4194304,
                              "Original Hash Buckets": 4194304,
                              "Hash Batches": 1,
                              "Original Hash Batches": 1,
                              "Peak Memory Usage": 118208,
                              "Plans": [
                                {
                                  "Node Type": "Seq Scan",
                                  "Parent Relationship": "Outer",
                                  "Parallel Aware": true,
                                  "Relation Name": "title",
                                  "Alias": "t",
                                  "Startup Cost": 0.0,
                                  "Total Cost": 43899.32,
                                  "Plan Rows": 548698,
                                  "Plan Width": 4,
                                  "Actual Startup Time": 0.054,
                                  "Actual Total Time": 122.396,
                                  "Actual Rows": 545579,
                                  "Actual Loops": 4,
                                  "Filter": "(production_year > 1962)",
                                  "Rows Removed by Filter": 86499
                                }
                              ]
                            }
                          ]
                        }
                      ]
                    }
                  ]
                }
              ]
            }
          ]
        }
      ]
    },
    "Planning Time": 0.914,
    "Triggers": [],
    "Execution Time": 2083.521
  }
]