[
  {
    "Plan": {
      "Node Type": "Aggregate",
      "Strategy": "Plain",
      "Partial Mode": "Finalize",
      "Parallel Aware": false,
      "Startup Cost": 347460.68,
      "Total Cost": 347460.69,
      "Plan Rows": 1,
      "Plan Width": 64,
      "Actual Startup Time": 1617.722,
      "Actual Total Time": 1673.344,
      "Actual Rows": 1,
      "Actual Loops": 1,
      "Plans": [
        {
          "Node Type": "Gather",
          "Parent Relationship": "Outer",
          "Parallel Aware": false,
          "Startup Cost": 347460.36,
          "Total Cost": 347460.67,
          "Plan Rows": 3,
          "Plan Width": 64,
          "Actual Startup Time": 1616.893,
          "Actual Total Time": 1673.306,
          "Actual Rows": 4,
          "Actual Loops": 1,
          "Workers Planned": 3,
          "Workers Launched": 3,
          "Single Copy": false,
          "Plans": [
            {
              "Node Type": "Aggregate",
              "Strategy": "Plain",
              "Partial Mode": "Partial",
              "Parent Relationship": "Outer",
              "Parallel Aware": false,
              "Startup Cost": 346460.36,
              "Total Cost": 346460.37,
              "Plan Rows": 1,
              "Plan Width": 64,
              "Actual Startup Time": 1602.817,
              "Actual Total Time": 1602.891,
              "Actual Rows": 1,
              "Actual Loops": 4,
              "Plans": [
                {
                  "Node Type": "Hash Join",
                  "Parent Relationship": "Outer",
                  "Parallel Aware": false,
                  "Join Type": "Inner",
                  "Startup Cost": 301940.51,
                  "Total Cost": 346460.35,
                  "Plan Rows": 2,
                  "Plan Width": 27,
                  "Actual Startup Time": 1543.522,
                  "Actual Total Time": 1602.839,
                  "Actual Rows": 157,
                  "Actual Loops": 4,
                  "Inner Unique": true,
                  "Hash Cond": "(mk.keyword_id = k.id)",
                  "Plans": [
                    {
                      "Node Type": "Hash Join",
                      "Parent Relationship": "Outer",
                      "Parallel Aware": true,
                      "Join Type": "Inner",
                      "Startup Cost": 297972.69,
                      "Total Cost": 342492.52,
                      "Plan Rows": 2,
                      "Plan Width": 31,
                      "Actual Startup Time": 1477.232,
                      "Actual Total Time": 1536.467,
                      "Actual Rows": 157,
                      "Actual Loops": 4,
                      "Inner Unique": false,
                      "Hash Cond": "(mk.movie_id = t.id)",
                      "Plans": [
                        {
                          "Node Type": "Seq Scan",
                          "Parent Relationship": "Outer",
                          "Parallel Aware": true,
                          "Relation Name": "movie_keyword",
                          "Alias": "mk",
                          "Startup Cost": 0.0,
                          "Total Cost": 39047.32,
                          "Plan Rows": 1459332,
                          "Plan Width": 8,
                          "Actual Startup Time": 0.027,
                          "Actual Total Time": 155.072,
                          "Actual Rows": 1130982,
                          "Actual Loops": 4
                        },
                        {
                          "Node Type": "Hash",
                          "Parent Relationship": "Inner",
                          "Parallel Aware": true,
                          "Startup Cost": 297972.68,
                          "Total Cost": 297972.68,
                          "Plan Rows": 1,
                          "Plan Width": 43,
                          "Actual Startup Time": 1304.198,
                          "Actual Total Time": 1304.263,
                          "Actual Rows": 2,
                          "Actual Loops": 4,
                          "Hash Buckets": 1024,
                          "Original Hash Buckets": 1024,
                          "Hash Batches": 1,
                          "Original Hash Batches": 1,
                          "Peak Memory Usage": 72,
                          "Plans": [
                            {
                              "Node Type": "Hash Join",
                              "Parent Relationship": "Outer",
                              "Parallel Aware": false,
                              "Join Type": "Inner",
                              "Startup Cost": 293062.4,
                              "Total Cost": 297972.68,
                              "Plan Rows": 1,
                              "Plan Width": 43,
                              "Actual Startup Time": 1295.562,
                              "Actual Total Time": 1304.126,
                              "Actual Rows": 2,
                              "Actual Loops": 4,
                              "Inner Unique": true,
                              "Hash Cond": "(t.kind_id = kt.id)",
                              "Plans": [
                                {
                                  "Node Type": "Hash Join",
                                  "Parent Relationship": "Outer",
                                  "Parallel Aware": false,
                                  "Join Type": "Inner",
                                  "Startup Cost": 293061.24,
                                  "Total Cost": 297971.52,
                                  "Plan Rows": 1,
                                  "Plan Width": 37,
                                  "Actual Startup Time": 1295.428,
                                  "Actual Total Time": 1303.982,
                                  "Actual Rows": 2,
                                  "Actual Loops": 4,
                                  "Inner Unique": true,
                                  "Hash Cond": "(mc.company_type_id = ct.id)",
                                  "Plans": [
                                    {
                                      "Node Type": "Hash Join",
                                      "Parent Relationship": "Outer",
                                      "Parallel Aware": true,
                                      "Join Type": "Inner",
                                      "Startup Cost": 293060.15,
                                      "Total Cost": 297970.43,
                                      "Plan Rows": 1,
                                      "Plan Width": 41,
                                      "Actual Startup Time": 1295.341,
                                      "Actual Total Time": 1303.887,
                                      "Actual Rows": 2,
                                      "Actual Loops": 4,
                                      "Inner Unique": false,
                                      "Hash Cond": "(cn.id = mc.company_id)",
                                      "Plans": [
                                        {
                                          "Node Type": "Seq Scan",
                                          "Parent Relationship": "Outer",
                                          "Parallel Aware": true,
                                          "Relation Name": "company_name",
                                          "Alias": "cn",
                                          "Startup Cost": 0.0,
                                          "Total Cost": 4722.92,
                                          "Plan Rows": 49958,
                                          "Plan Width": 4,
                                          "Actual Startup Time": 0.057,
                                          "Actual Total Time": 18.982,
                                          "Actual Rows": 21211,
                                          "Actual Loops": 4,
                                          "Filter": "((country_code)::text = '[us]'::text)",
                                          "Rows Removed by Filter": 37538
                                        },
                                        {
                                          "Node Type": "Hash",
                                          "Parent Relationship": "Inner",
                                          "Parallel Aware": true,
                                          "Startup Cost": 293060.14,
                                          "Total Cost": 293060.14,
                                          "Plan Rows": 1,
                                          "Plan Width": 45,
                                          "Actual Startup Time": 1283.17,
                                          "Actual Total Time": 1283.216,
                                          "Actual Rows": 2,
                                          "Actual Loops": 4,
                                          "Hash Buckets": 1024,
                                          "Original Hash Buckets": 1024,
                                          "Hash Batches": 1,
                                          "Original Hash Batches": 1,
                                          "Peak Memory Usage": 136,
                                          "Plans": [
                                            {
                                              "Node Type": "Hash Join",
                                              "Parent Relationship": "Outer",
                                              "Parallel Aware": true,
                                              "Join Type": "Inner",
                                              "Startup Cost": 262697.38,
                                              "Total Cost": 293060.14,
                                              "Plan Rows": 1,
                                              "Plan Width": 45,
                                              "Actual Startup Time": 1232.085,
                                              "Actual Total Time": 1283.083,
                                              "Actual Rows": 2,
                                              "Actual Loops": 4,
                                              "Inner Unique": false,
                                              "Hash Cond": "(mc.movie_id = t.id)",
                                              "Plans": [
                                                {
                                                  "Node Type": "Seq Scan",
                                                  "Parent Relationship": "Outer",
                                                  "Parallel Aware": true,
                                                  "Relation Name": "movie_companies",
                                                  "Alias": "mc",
                                                  "Startup Cost": 0.0,
                                                  "Total Cost": 27206.55,
                                                  "Plan Rows": 841655,
                                                  "Plan Width": 12,
                                                  "Actual Startup Time": 0.033,
                                                  "Actual Total Time": 109.694,
                                                  "Actual Rows": 652282,
                                                  "Actual Loops": 4
                                                },
                                                {
                                                  "Node Type": "Hash",
                                                  "Parent Relationship": "Inner",
                                                  "Parallel Aware": true,
                                                  "Startup Cost": 262697.37,
                                                  "Total Cost": 262697.37,
                                                  "Plan Rows": 1,
                                                  "Plan Width": 33,
                                                  "Actual Startup Time": 1131.056,
                                                  "Actual Total Time": 1131.082,
                                                  "Actual Rows": 2,
                                                  "Actual Loops": 4,
                                                  "Hash Buckets": 1024,
                                                  "Original Hash Buckets": 1024,
                                                  "Hash Batches": 1,
                                                  "Original Hash Batches": 1,
                                                  "Peak Memory Usage": 72,
                                                  "Plans": [
                                                    {
                                                      "Node Type": "Hash Join",
                                                      "Parent Relationship": "Outer",
                                                      "Parallel Aware": true,
                                                      "Join Type": "Inner",
                                                      "Startup Cost": 217174.4,
                                                      "Total Cost": 262697.37,
                                                      "Plan Rows": 1,
                                                      "Plan Width": 33,
                                                      "Actual Startup Time": 1111.363,
                                                      "Actual Total Time": 1130.956,
                                                      "Actual Rows": 2,
                                                      "Actual Loops": 4,
                                                      "Inner Unique": false,
                                                      "Hash Cond": "(t.id = mi.movie_id)",
                                                      "Plans": [
                                                        {
                                                          "Node Type": "Seq Scan",
                                                          "Parent Relationship": "Outer",
                                                          "Parallel Aware": true,
                                                          "Relation Name": "title",
                                                          "Alias": "t",
                                                          "Startup Cost": 0.0,
                                                          "Total Cost": 43898.79,
                                                          "Plan Rows": 433112,
                                                          "Plan Width": 25,
                                                          "Actual Startup Time": 0.032,
                                                          "Actual Total Time": 194.407,
                                                          "Actual Rows": 437258,
                                                          "Actual Loops": 4,
                                                          "Filter": "(production_year > 1990)",
                                                          "Rows Removed by Filter": 194820
                                                        },
                                                        {
                                                          "Node Type": "Hash",
                                                          "Parent Relationship": "Inner",
                                                          "Parallel Aware": true,
                                                          "Startup Cost": 217174.39,
                                                          "Total Cost": 217174.39,
                                                          "Plan Rows": 1,
                                                          "Plan Width": 8,
                                                          "Actual Startup Time": 911.825,
                                                          "Actual Total Time": 911.842,
                                                          "Actual Rows": 2,
                                                          "Actual Loops": 4,
                                                          "Hash Buckets": 1024,
                                                          "Original Hash Buckets": 1024,
                                                          "Hash Batches": 1,
                                                          "Original Hash Batches": 1,
                                                          "Peak Memory Usage": 72,
                                                          "Plans": [
                                                            {
                                                              "Node Type": "Hash Join",
                                                              "Parent Relationship": "Outer",
                                                              "Parallel Aware": false,
                                                              "Join Type": "Inner",
                                                              "Startup Cost": 3237.81,
                                                              "Total Cost": 217174.39,
                                                              "Plan Rows": 1,
                                                              "Plan Width": 8,
                                                              "Actual Startup Time": 634.578,
                                                              "Actual Total Time": 911.779,
                                                              "Actual Rows": 2,
                                                              "Actual Loops": 4,
                                                              "Inner Unique": false,
                                                              "Hash Cond": "(mi.movie_id = cc.movie_id)",
                                                              "Plans": [
                                                                {
                                                                  "Node Type": "Hash Join",
                                                                  "Parent Relationship": "Outer",
                                                                  "Parallel Aware": false,
                                                                  "Join Type": "Inner",
                                                                  "Startup Cost": 2.43,
                                                                  "Total Cost": 213938.99,
                                                                  "Plan Rows": 1,
                                                                  "Plan Width": 4,
                                                                  "Actual Startup Time": 203.735,
                                                                  "Actual Total Time": 870.643,
                                                                  "Actual Rows": 446,
                                                                  "Actual Loops": 4,
                                                                  "Inner Unique": true,
                                                                  "Hash Cond": "(mi.info_type_id = it1.id)",
                                                                  "Plans": [
                                                                    {
                                                                      "Node Type": "Seq Scan",
                                                                      "Parent Relationship": "Outer",
                                                                      "Parallel Aware": true,
                                                                      "Relation Name": "movie_info",
                                                                      "Alias": "mi",
                                                                      "Startup Cost": 0.0,
                                                                      "Total Cost": 213936.4,
                                                                      "Plan Rows": 57,
                                                                      "Plan Width": 8,
                                                                      "Actual Startup Time": 203.587,
                                                                      "Actual Total Time": 870.283,
                                                                      "Actual Rows": 446,
                                                                      "Actual Loops": 4,
                                                                      "Filter": "((info IS NOT NULL) AND (note ~~ '%internet%'::text) AND ((info ~~ 'USA:% 199%'::text) OR (info ~~ 'USA:% 200%'::text)))",
                                                                      "Rows Removed by Filter": 3708484
                                                                    },
                                                                    {
                                                                      "Node Type": "Hash",
                                                                      "Parent Relationship": "Inner",
                                                                      "Parallel Aware": false,
                                                                      "Startup Cost": 2.41,
                                                                      "Total Cost": 2.41,
                                                                      "Plan Rows": 1,
                                                                      "Plan Width": 4,
                                                                      "Actual Startup Time": 0.076,
                                                                      "Actual Total Time": 0.078,
                                                                      "Actual Rows": 1,
                                                                      "Actual Loops": 4,
                                                                      "Hash Buckets": 1024,
                                                                      "Original Hash Buckets": 1024,
                                                                      "Hash Batches": 1,
                                                                      "Original Hash Batches": 1,
                                                                      "Peak Memory Usage": 9,
                                                                      "Plans": [
                                                                        {
                                                                          "Node Type": "Seq Scan",
                                                                          "Parent Relationship": "Outer",
                                                                          "Parallel Aware": false,
                                                                          "Relation Name": "info_type",
                                                                          "Alias": "it1",
                                                                          "Startup Cost": 0.0,
                                                                          "Total Cost": 2.41,
                                                                          "Plan Rows": 1,
                                                                          "Plan Width": 4,
                                                                          "Actual Startup Time": 0.06,
                                                                          "Actual Total Time": 0.066,
                                                                          "Actual Rows": 1,
                                                                          "Actual Loops": 4,
                                                                          "Filter": "((info)::text = 'release dates'::text)",
                                                                          "Rows Removed by Filter": 112
                                                                        }
                                                                      ]
                                                                    }
                                                                  ]
                                                                },
                                                                {
                                                                  "Node Type": "Hash",
                                                                  "Parent Relationship": "Inner",
                                                                  "Parallel Aware": false,
                                                                  "Startup Cost": 2813.24,
                                                                  "Total Cost": 2813.24,
                                                                  "Plan Rows": 33772,
                                                                  "Plan Width": 4,
                                                                  "Actual Startup Time": 40.219,
                                                                  "Actual Total Time": 40.226,
                                                                  "Actual Rows": 24592,
                                                                  "Actual Loops": 4,
                                                                  "Hash Buckets": 65536,
                                                                  "Original Hash Buckets": 65536,
                                                                  "Hash Batches": 1,
                                                                  "Original Hash Batches": 1,
                                                                  "Peak Memory Usage": 1377,
                                                                  "Plans": [
                                                                    {
                                                                      "Node Type": "Hash Join",
                                                                      "Parent Relationship": "Outer",
                                                                      "Parallel Aware": false,
                                                                      "Join Type": "Inner",
                                                                      "Startup Cost": 1.06,
                                                                      "Total Cost": 2813.24,
                                                                      "Plan Rows": 33772,
                                                                      "Plan Width": 4,
                                                                      "Actual Startup Time": 0.095,
                                                                      "Actual Total Time": 35.019,
                                                                      "Actual Rows": 24592,
                                                                      "Actual Loops": 4,
                                                                      "Inner Unique": true,
                                                                      "Hash Cond": "(cc.status_id = cct1.id)",
                                                                      "Plans": [
                                                                        {
                                                                          "Node Type": "Seq Scan",
                                                                          "Parent Relationship": "Outer",
                                                                          "Parallel Aware": false,
                                                                          "Relation Name": "complete_cast",
                                                                          "Alias": "cc",
                                                                          "Startup Cost": 0.0,
                                                                          "Total Cost": 2081.86,
                                                                          "Plan Rows": 135086,
                                                                          "Plan Width": 8,
                                                                          "Actual Startup Time": 0.032,
                                                                          "Actual Total Time": 23.056,
                                                                          "Actual Rows": 135086,
                                                                          "Actual Loops": 4
                                                                        },
                                                                        {
                                                                          "Node Type": "Hash",
                                                                          "Parent Relationship": "Inner",
                                                                          "Parallel Aware": false,
                                                                          "Startup Cost": 1.05,
                                                                          "Total Cost": 1.05,
                                                                          "Plan Rows": 1,
                                                                          "Plan Width": 4,
                                                                          "Actual Startup Time": 0.034,
                                                                          "Actual Total Time": 0.036,
                                                                          "Actual Rows": 1,
                                                                          "Actual Loops": 4,
                                                                          "Hash Buckets": 1024,
                                                                          "Original Hash Buckets": 1024,
                                                                          "Hash Batches": 1,
                                                                          "Original Hash Batches": 1,
                                                                          "Peak Memory Usage": 9,
                                                                          "Plans": [
                                                                            {
                                                                              "Node Type": "Seq Scan",
                                                                              "Parent Relationship": "Outer",
                                                                              "Parallel Aware": false,
                                                                              "Relation Name": "comp_cast_type",
                                                                              "Alias": "cct1",
                                                                              "Startup Cost": 0.0,
                                                                              "Total Cost": 1.05,
                                                                              "Plan Rows": 1,
                                                                              "Plan Width": 4,
                                                                              "Actual Startup Time": 0.017,
                                                                              "Actual Total Time": 0.019,
                                                                              "Actual Rows": 1,
                                                                              "Actual Loops": 4,
                                                                              "Filter": "((kind)::text = 'complete+verified'::text)",
                                                                              "Rows Removed by Filter": 3
                                                                            }
                                                                          ]
                                                                        }
                                                                      ]
                                                                    }
                                                                  ]
                                                                }
                                                              ]
                                                            }
                                                          ]
                                                        }
                                                      ]
                                                    }
                                                  ]
                                                }
                                              ]
                                            }
                                          ]
                                        }
                                      ]
                                    },
                                    {
                                      "Node Type": "Hash",
                                      "Parent Relationship": "Inner",
                                      "Parallel Aware": false,
                                      "Startup Cost": 1.04,
                                      "Total Cost": 1.04,
                                      "Plan Rows": 4,
                                      "Plan Width": 4,
                                      "Actual Startup Time": 0.045,
                                      "Actual Total Time": 0.048,
                                      "Actual Rows": 4,
                                      "Actual Loops": 4,
                                      "Hash Buckets": 1024,
                                      "Original Hash Buckets": 1024,
                                      "Hash Batches": 1,
                                      "Original Hash Batches": 1,
                                      "Peak Memory Usage": 9,
                                      "Plans": [
                                        {
                                          "Node Type": "Seq Scan",
                                          "Parent Relationship": "Outer",
                                          "Parallel Aware": false,
                                          "Relation Name": "company_type",
                                          "Alias": "ct",
                                          "Startup Cost": 0.0,
                                          "Total Cost": 1.04,
                                          "Plan Rows": 4,
                                          "Plan Width": 4,
                                          "Actual Startup Time": 0.035,
                                          "Actual Total Time": 0.036,
                                          "Actual Rows": 4,
                                          "Actual Loops": 4
                                        }
                                      ]
                                    }
                                  ]
                                },
                                {
                                  "Node Type": "Hash",
                                  "Parent Relationship": "Inner",
                                  "Parallel Aware": false,
                                  "Startup Cost": 1.1,
                                  "Total Cost": 1.1,
                                  "Plan Rows": 4,
                                  "Plan Width": 14,
                                  "Actual Startup Time": 0.08,
                                  "Actual Total Time": 0.087,
                                  "Actual Rows": 4,
                                  "Actual Loops": 4,
                                  "Hash Buckets": 1024,
                                  "Original Hash Buckets": 1024,
                                  "Hash Batches": 1,
                                  "Original Hash Batches": 1,
                                  "Peak Memory Usage": 9,
                                  "Plans": [
                                    {
                                      "Node Type": "Seq Scan",
                                      "Parent Relationship": "Outer",
                                      "Parallel Aware": false,
                                      "Relation Name": "kind_type",
                                      "Alias": "kt",
                                      "Startup Cost": 0.0,
                                      "Total Cost": 1.1,
                                      "Plan Rows": 4,
                                      "Plan Width": 14,
                                      "Actual Startup Time": 0.065,
                                      "Actual Total Time": 0.071,
                                      "Actual Rows": 4,
                                      "Actual Loops": 4,
                                      "Filter": "((kind)::text = ANY ('{movie,\"tv movie\",\"video movie\",\"video game\"}'::text[]))",
                                      "Rows Removed by Filter": 3
                                    }
                                  ]
                                }
                              ]
                            }
                          ]
                        }
                      ]
                    },
                    {
                      "Node Type": "Hash",
                      "Parent Relationship": "Inner",
                      "Parallel Aware": false,
                      "Startup Cost": 2290.7,
                      "Total Cost": 2290.7,
                      "Plan Rows": 134170,
                      "Plan Width": 4,
                      "Actual Startup Time": 62.061,
                      "Actual Total Time": 62.063,
                      "Actual Rows": 134170,
                      "Actual Loops": 4,
                      "Hash Buckets": 262144,
                      "Original Hash Buckets": 262144,
                      "Hash Batches": 1,
                      "Original Hash Batches": 1,
                      "Peak Memory Usage": 6765,
                      "Plans": [
                        {
                          "Node Type": "Seq Scan",
                          "Parent Relationship": "Outer",
                          "Parallel Aware": false,
                          "Relation Name": "keyword",
                          "Alias": "k",
                          "Startup Cost": 0.0,
                          "Total Cost": 2290.7,
                          "Plan Rows": 134170,
                          "Plan Width": 4,
                          "Actual Startup Time": 0.085,
                          "Actual Total Time": 26.848,
                          "Actual Rows": 134170,
                          "Actual Loops": 4
                        }
                      ]
                    }
                  ]
                }
              ]
            }
          ]
        }
      ]
    },
    "Planning Time": 38.572,
    "Triggers": [],
    "Execution Time": 1674.148
  }
]