[
  {
    "Plan": {
      "Node Type": "Aggregate",
      "Strategy": "Plain",
      "Partial Mode": "Finalize",
      "Parallel Aware": false,
      "Startup Cost": 202979.89,
      "Total Cost": 202979.9,
      "Plan Rows": 1,
      "Plan Width": 8,
      "Actual Startup Time": 253.478,
      "Actual Total Time": 277.737,
      "Actual Rows": 1,
      "Actual Loops": 1,
      "Plans": [
        {
          "Node Type": "Gather",
          "Parent Relationship": "Outer",
          "Parallel Aware": false,
          "Startup Cost": 202979.27,
          "Total Cost": 202979.88,
          "Plan Rows": 6,
          "Plan Width": 8,
          "Actual Startup Time": 253.271,
          "Actual Total Time": 277.724,
          "Actual Rows": 7,
          "Actual Loops": 1,
          "Workers Planned": 6,
          "Workers Launched": 6,
          "Single Copy": false,
          "Plans": [
            {
              "Node Type": "Aggregate",
              "Strategy": "Plain",
              "Partial Mode": "Partial",
              "Parent Relationship": "Outer",
              "Parallel Aware": false,
              "Startup Cost": 201979.27,
              "Total Cost": 201979.28,
              "Plan Rows": 1,
              "Plan Width": 8,
              "Actual Startup Time": 247.814,
              "Actual Total Time": 247.815,
              "Actual Rows": 1,
              "Actual Loops": 7,
              "Plans": [
                {
                  "Node Type": "Index Scan",
                  "Parent Relationship": "Outer",
                  "Parallel Aware": true,
                  "Scan Direction": "Forward",
                  "Index Name": "role_id_cast_info",
                  "Relation Name": "cast_info",
                  "Alias": "ci",
                  "Startup Cost": 0.56,
                  "Total Cost": 201884.69,
                  "Plan Rows": 37830,
                  "Plan Width": 0,
                  "Actual Startup Time": 4.719,
                  "Actual Total Time": 247.801,
                  "Actual Rows": 24,
                  "Actual Loops": 7,
                  "Index Cond": "(role_id = 2)",
                  "Rows Removed by Index Recheck": 0,
                  "Filter": "(person_id < 115698)",
                  "Rows Removed by Filter": 1064544
                }
              ]
            }
          ]
        }
      ]
    },
    "Planning Time": 0.153,
    "Triggers": [],
    "Execution Time": 277.786
  }
]