[
  {
    "Plan": {
      "Node Type": "Aggregate",
      "Strategy": "Plain",
      "Partial Mode": "Finalize",
      "Parallel Aware": false,
      "Startup Cost": 340335.07,
      "Total Cost": 340335.08,
      "Plan Rows": 1,
      "Plan Width": 8,
      "Actual Startup Time": 893.061,
      "Actual Total Time": 953.394,
      "Actual Rows": 1,
      "Actual Loops": 1,
      "Plans": [
        {
          "Node Type": "Gather",
          "Parent Relationship": "Outer",
          "Parallel Aware": false,
          "Startup Cost": 340334.44,
          "Total Cost": 340335.05,
          "Plan Rows": 6,
          "Plan Width": 8,
          "Actual Startup Time": 892.92,
          "Actual Total Time": 953.384,
          "Actual Rows": 7,
          "Actual Loops": 1,
          "Workers Planned": 6,
          "Workers Launched": 6,
          "Single Copy": false,
          "Plans": [
            {
              "Node Type": "Aggregate",
              "Strategy": "Plain",
              "Partial Mode": "Partial",
              "Parent Relationship": "Outer",
              "Parallel Aware": false,
              "Startup Cost": 339334.44,
              "Total Cost": 339334.45,
              "Plan Rows": 1,
              "Plan Width": 8,
              "Actual Startup Time": 883.893,
              "Actual Total Time": 883.894,
              "Actual Rows": 1,
              "Actual Loops": 7,
              "Plans": [
                {
                  "Node Type": "Seq Scan",
                  "Parent Relationship": "Outer",
                  "Parallel Aware": true,
                  "Relation Name": "cast_info",
                  "Alias": "ci",
                  "Startup Cost": 0.0,
                  "Total Cost": 328162.03,
                  "Plan Rows": 4468967,
                  "Plan Width": 0,
                  "Actual Startup Time": 0.045,
                  "Actual Total Time": 693.766,
                  "Actual Rows": 3846260,
                  "Actual Loops": 7,
                  "Filter": "(person_id < 2769966)",
                  "Rows Removed by Filter": 1331504
                }
              ]
            }
          ]
        }
      ]
    },
    "Planning Time": 0.209,
    "Triggers": [],
    "Execution Time": 953.47
  }
]