[
  {
    "Plan": {
      "Node Type": "Aggregate",
      "Strategy": "Plain",
      "Partial Mode": "Simple",
      "Parallel Aware": false,
      "Startup Cost": 180262.54,
      "Total Cost": 180262.55,
      "Plan Rows": 1,
      "Plan Width": 64,
      "Actual Startup Time": 1892.483,
      "Actual Total Time": 1892.493,
      "Actual Rows": 1,
      "Actual Loops": 1,
      "Plans": [
        {
          "Node Type": "Nested Loop",
          "Parent Relationship": "Outer",
          "Parallel Aware": false,
          "Join Type": "Inner",
          "Startup Cost": 3840.18,
          "Total Cost": 180242.88,
          "Plan Rows": 3932,
          "Plan Width": 38,
          "Actual Startup Time": 230.901,
          "Actual Total Time": 1890.127,
          "Actual Rows": 11347,
          "Actual Loops": 1,
          "Inner Unique": false,
          "Join Filter": "(t.id = at.movie_id)",
          "Rows Removed by Join Filter": 0,
          "Plans": [
            {
              "Node Type": "Nested Loop",
              "Parent Relationship": "Outer",
              "Parallel Aware": false,
              "Join Type": "Inner",
              "Startup Cost": 3839.76,
              "Total Cost": 179470.12,
              "Plan Rows": 1580,
              "Plan Width": 33,
              "Actual Startup Time": 225.211,
              "Actual Total Time": 1822.842,
              "Actual Rows": 25564,
              "Actual Loops": 1,
              "Inner Unique": true,
              "Plans": [
                {
                  "Node Type": "Nested Loop",
                  "Parent Relationship": "Outer",
                  "Parallel Aware": false,
                  "Join Type": "Inner",
                  "Startup Cost": 3839.34,
                  "Total Cost": 178776.84,
                  "Plan Rows": 1580,
                  "Plan Width": 37,
                  "Actual Startup Time": 225.1,
                  "Actual Total Time": 1720.599,
                  "Actual Rows": 25564,
                  "Actual Loops": 1,
                  "Inner Unique": false,
                  "Plans": [
                    {
                      "Node Type": "Nested Loop",
                      "Parent Relationship": "Outer",
                      "Parallel Aware": false,
                      "Join Type": "Inner",
                      "Startup Cost": 3838.91,
                      "Total Cost": 178544.27,
                      "Plan Rows": 129,
                      "Plan Width": 29,
                      "Actual Startup Time": 225.044,
                      "Actual Total Time": 1585.374,
                      "Actual Rows": 9857,
                      "Actual Loops": 1,
                      "Inner Unique": true,
                      "Join Filter": "(mc.company_type_id = ct.id)",
                      "Rows Removed by Join Filter": 5914,
                      "Plans": [
                        {
                          "Node Type": "Nested Loop",
                          "Parent Relationship": "Outer",
                          "Parallel Aware": false,
                          "Join Type": "Inner",
                          "Startup Cost": 3838.91,
                          "Total Cost": 178536.63,
                          "Plan Rows": 129,
                          "Plan Width": 33,
                          "Actual Startup Time": 225.009,
                          "Actual Total Time": 1578.712,
                          "Actual Rows": 9857,
                          "Actual Loops": 1,
                          "Inner Unique": true,
                          "Plans": [
                            {
                              "Node Type": "Nested Loop",
                              "Parent Relationship": "Outer",
                              "Parallel Aware": false,
                              "Join Type": "Inner",
                              "Startup Cost": 3838.49,
                              "Total Cost": 178377.87,
                              "Plan Rows": 356,
                              "Plan Width": 37,
                              "Actual Startup Time": 224.926,
                              "Actual Total Time": 1445.615,
                              "Actual Rows": 14377,
                              "Actual Loops": 1,
                              "Inner Unique": false,
                              "Plans": [
                                {
                                  "Node Type": "Nested Loop",
                                  "Parent Relationship": "Outer",
                                  "Parallel Aware": false,
                                  "Join Type": "Inner",
                                  "Startup Cost": 3838.06,
                                  "Total Cost": 178336.1,
                                  "Plan Rows": 66,
                                  "Plan Width": 25,
                                  "Actual Startup Time": 224.862,
                                  "Actual Total Time": 1256.355,
                                  "Actual Rows": 10662,
                                  "Actual Loops": 1,
                                  "Inner Unique": true,
                                  "Plans": [
                                    {
                                      "Node Type": "Nested Loop",
                                      "Parent Relationship": "Outer",
                                      "Parallel Aware": false,
                                      "Join Type": "Inner",
                                      "Startup Cost": 3837.63,
                                      "Total Cost": 177714.56,
                                      "Plan Rows": 97,
                                      "Plan Width": 4,
                                      "Actual Startup Time": 224.763,
                                      "Actual Total Time": 1050.932,
                                      "Actual Rows": 10679,
                                      "Actual Loops": 1,
                                      "Inner Unique": false,
                                      "Plans": [
                                        {
                                          "Node Type": "Seq Scan",
                                          "Parent Relationship": "Outer",
                                          "Parallel Aware": false,
                                          "Relation Name": "info_type",
                                          "Alias": "it1",
                                          "Startup Cost": 0.0,
                                          "Total Cost": 2.41,
                                          "Plan Rows": 1,
                                          "Plan Width": 4,
                                          "Actual Startup Time": 0.041,
                                          "Actual Total Time": 0.054,
                                          "Actual Rows": 1,
                                          "Actual Loops": 1,
                                          "Filter": "((info)::text = 'release dates'::text)",
                                          "Rows Removed by Filter": 112
                                        },
                                        {
                                          "Node Type": "Bitmap Heap Scan",
                                          "Parent Relationship": "Inner",
                                          "Parallel Aware": false,
                                          "Relation Name": "movie_info",
                                          "Alias": "mi",
                                          "Startup Cost": 3837.63,
                                          "Total Cost": 177710.55,
                                          "Plan Rows": 159,
                                          "Plan Width": 8,
                                          "Actual Startup Time": 224.713,
                                          "Actual Total Time": 1047.659,
                                          "Actual Rows": 10679,
                                          "Actual Loops": 1,
                                          "Recheck Cond": "(info_type_id = it1.id)",
                                          "Rows Removed by Index Recheck": 0,
                                          "Filter": "(note ~~ '%internet%'::text)",
                                          "Rows Removed by Filter": 3026040,
                                          "Exact Heap Blocks": 25448,
                                          "Lossy Heap Blocks": 0,
                                          "Plans": [
                                            {
                                              "Node Type": "Bitmap Index Scan",
                                              "Parent Relationship": "Outer",
                                              "Parallel Aware": false,
                                              "Index Name": "info_type_id_movie_info",
                                              "Startup Cost": 0.0,
                                              "Total Cost": 3837.59,
                                              "Plan Rows": 215087,
                                              "Plan Width": 0,
                                              "Actual Startup Time": 218.739,
                                              "Actual Total Time": 218.74,
                                              "Actual Rows": 3036719,
                                              "Actual Loops": 1,
                                              "Index Cond": "(info_type_id = it1.id)"
                                            }
                                          ]
                                        }
                                      ]
                                    },
                                    {
                                      "Node Type": "Index Scan",
                                      "Parent Relationship": "Inner",
                                      "Parallel Aware": false,
                                      "Scan Direction": "Forward",
                                      "Index Name": "title_pkey",
                                      "Relation Name": "title",
                                      "Alias": "t",
                                      "Startup Cost": 0.43,
                                      "Total Cost": 6.41,
                                      "Plan Rows": 1,
                                      "Plan Width": 21,
                                      "Actual Startup Time": 0.018,
                                      "Actual Total Time": 0.018,
                                      "Actual Rows": 1,
                                      "Actual Loops": 10679,
                                      "Index Cond": "(id = mi.movie_id)",
                                      "Rows Removed by Index Recheck": 0,
                                      "Filter": "(production_year > 1990)",
                                      "Rows Removed by Filter": 0
                                    }
                                  ]
                                },
                                {
                                  "Node Type": "Index Scan",
                                  "Parent Relationship": "Inner",
                                  "Parallel Aware": false,
                                  "Scan Direction": "Forward",
                                  "Index Name": "movie_id_movie_companies",
                                  "Relation Name": "movie_companies",
                                  "Alias": "mc",
                                  "Startup Cost": 0.43,
                                  "Total Cost": 0.58,
                                  "Plan Rows": 5,
                                  "Plan Width": 12,
                                  "Actual Startup Time": 0.014,
                                  "Actual Total Time": 0.016,
                                  "Actual Rows": 1,
                                  "Actual Loops": 10662,
                                  "Index Cond": "(movie_id = t.id)",
                                  "Rows Removed by Index Recheck": 0
                                }
                              ]
                            },
                            {
                              "Node Type": "Index Scan",
                              "Parent Relationship": "Inner",
                              "Parallel Aware": false,
                              "Scan Direction": "Forward",
                              "Index Name": "company_name_pkey",
                              "Relation Name": "company_name",
                              "Alias": "cn",
                              "Startup Cost": 0.42,
                              "Total Cost": 0.45,
                              "Plan Rows": 1,
                              "Plan Width": 4,
                              "Actual Startup Time": 0.008,
                              "Actual Total Time": 0.008,
                              "Actual Rows": 1,
                              "Actual Loops": 14377,
                              "Index Cond": "(id = mc.company_id)",
                              "Rows Removed by Index Recheck": 0,
                              "Filter": "((country_code)::text = '[us]'::text)",
                              "Rows Removed by Filter": 0
                            }
                          ]
                        },
                        {
                          "Node Type": "Materialize",
                          "Parent Relationship": "Inner",
                          "Parallel Aware": false,
                          "Startup Cost": 0.0,
                          "Total Cost": 1.06,
                          "Plan Rows": 4,
                          "Plan Width": 4,
                          "Actual Startup Time": 0.0,
                          "Actual Total Time": 0.0,
                          "Actual Rows": 2,
                          "Actual Loops": 9857,
                          "Plans": [
                            {
                              "Node Type": "Seq Scan",
                              "Parent Relationship": "Outer",
                              "Parallel Aware": false,
                              "Relation Name": "company_type",
                              "Alias": "ct",
                              "Startup Cost": 0.0,
                              "Total Cost": 1.04,
                              "Plan Rows": 4,
                              "Plan Width": 4,
                              "Actual Startup Time": 0.021,
                              "Actual Total Time": 0.022,
                              "Actual Rows": 2,
                              "Actual Loops": 1
                            }
                          ]
                        }
                      ]
                    },
                    {
                      "Node Type": "Index Scan",
                      "Parent Relationship": "Inner",
                      "Parallel Aware": false,
                      "Scan Direction": "Forward",
                      "Index Name": "movie_id_movie_keyword",
                      "Relation Name": "movie_keyword",
                      "Alias": "mk",
                      "Startup Cost": 0.43,
                      "Total Cost": 1.34,
                      "Plan Rows": 46,
                      "Plan Width": 8,
                      "Actual Startup Time": 0.012,
                      "Actual Total Time": 0.013,
                      "Actual Rows": 3,
                      "Actual Loops": 9857,
                      "Index Cond": "(movie_id = t.id)",
                      "Rows Removed by Index Recheck": 0
                    }
                  ]
                },
                {
                  "Node Type": "Index Only Scan",
                  "Parent Relationship": "Inner",
                  "Parallel Aware": false,
                  "Scan Direction": "Forward",
                  "Index Name": "keyword_pkey",
                  "Relation Name": "keyword",
                  "Alias": "k",
                  "Startup Cost": 0.42,
                  "Total Cost": 0.44,
                  "Plan Rows": 1,
                  "Plan Width": 4,
                  "Actual Startup Time": 0.004,
                  "Actual Total Time": 0.004,
                  "Actual Rows": 1,
                  "Actual Loops": 25564,
                  "Index Cond": "(id = mk.keyword_id)",
                  "Rows Removed by Index Recheck": 0,
                  "Heap Fetches": 25564
                }
              ]
            },
            {
              "Node Type": "Index Scan",
              "Parent Relationship": "Inner",
              "Parallel Aware": false,
              "Scan Direction": "Forward",
              "Index Name": "movie_id_aka_title",
              "Relation Name": "aka_title",
              "Alias": "at",
              "Startup Cost": 0.42,
              "Total Cost": 0.46,
              "Plan Rows": 2,
              "Plan Width": 25,
              "Actual Startup Time": 0.002,
              "Actual Total Time": 0.002,
              "Actual Rows": 0,
              "Actual Loops": 25564,
              "Index Cond": "(movie_id = mk.movie_id)",
              "Rows Removed by Index Recheck": 0
            }
          ]
        }
      ]
    },
    "Planning Time": 20.597,
    "Triggers": [],
    "Execution Time": 1893.533
  }
]