[
    {
        "Bao": {
            "Bao prediction": "NaN",
            "Bao recommended hint": "(no hint)"
        }
    },
    {
        "Plan": {
            "Node Type": "Aggregate",
            "Strategy": "Plain",
            "Partial Mode": "Finalize",
            "Parallel Aware": false,
            "Startup Cost": 86673.39,
            "Total Cost": 86673.4,
            "Plan Rows": 1,
            "Plan Width": 8,
            "Actual Startup Time": 293.078,
            "Actual Total Time": 304.784,
            "Actual Rows": 1,
            "Actual Loops": 1,
            "Output": [
                "count(*)"
            ],
            "Plans": [
                {
                    "Node Type": "Gather",
                    "Parent Relationship": "Outer",
                    "Parallel Aware": false,
                    "Startup Cost": 86673.07,
                    "Total Cost": 86673.38,
                    "Plan Rows": 3,
                    "Plan Width": 8,
                    "Actual Startup Time": 290.144,
                    "Actual Total Time": 304.776,
                    "Actual Rows": 4,
                    "Actual Loops": 1,
                    "Output": [
                        "(PARTIAL count(*))"
                    ],
                    "Workers Planned": 3,
                    "Workers Launched": 3,
                    "Single Copy": false,
                    "Plans": [
                        {
                            "Node Type": "Aggregate",
                            "Strategy": "Plain",
                            "Partial Mode": "Partial",
                            "Parent Relationship": "Outer",
                            "Parallel Aware": false,
                            "Startup Cost": 85673.07,
                            "Total Cost": 85673.08,
                            "Plan Rows": 1,
                            "Plan Width": 8,
                            "Actual Startup Time": 281.402,
                            "Actual Total Time": 281.406,
                            "Actual Rows": 1,
                            "Actual Loops": 4,
                            "Output": [
                                "PARTIAL count(*)"
                            ],
                            "Workers": [
                                {
                                    "Worker Number": 0,
                                    "Actual Startup Time": 278.328,
                                    "Actual Total Time": 278.331,
                                    "Actual Rows": 1,
                                    "Actual Loops": 1
                                },
                                {
                                    "Worker Number": 1,
                                    "Actual Startup Time": 278.765,
                                    "Actual Total Time": 278.767,
                                    "Actual Rows": 1,
                                    "Actual Loops": 1
                                },
                                {
                                    "Worker Number": 2,
                                    "Actual Startup Time": 278.844,
                                    "Actual Total Time": 278.846,
                                    "Actual Rows": 1,
                                    "Actual Loops": 1
                                }
                            ],
                            "Plans": [
                                {
                                    "Node Type": "Hash Join",
                                    "Parent Relationship": "Outer",
                                    "Parallel Aware": true,
                                    "Join Type": "Inner",
                                    "Startup Cost": 58301.04,
                                    "Total Cost": 85539.4,
                                    "Plan Rows": 53469,
                                    "Plan Width": 0,
                                    "Actual Startup Time": 191.795,
                                    "Actual Total Time": 278.31,
                                    "Actual Rows": 59808,
                                    "Actual Loops": 4,
                                    "Inner Unique": true,
                                    "Hash Cond": "(mk.movie_id = t.id)",
                                    "Workers": [
                                        {
                                            "Worker Number": 0,
                                            "Actual Startup Time": 188.821,
                                            "Actual Total Time": 275.28,
                                            "Actual Rows": 56067,
                                            "Actual Loops": 1
                                        },
                                        {
                                            "Worker Number": 1,
                                            "Actual Startup Time": 188.862,
                                            "Actual Total Time": 275.73,
                                            "Actual Rows": 54050,
                                            "Actual Loops": 1
                                        },
                                        {
                                            "Worker Number": 2,
                                            "Actual Startup Time": 189.348,
                                            "Actual Total Time": 275.802,
                                            "Actual Rows": 54462,
                                            "Actual Loops": 1
                                        }
                                    ],
                                    "Plans": [
                                        {
                                            "Node Type": "Bitmap Heap Scan",
                                            "Parent Relationship": "Outer",
                                            "Parallel Aware": true,
                                            "Relation Name": "movie_keyword",
                                            "Schema": "public",
                                            "Alias": "mk",
                                            "Startup Cost": 12107.19,
                                            "Total Cost": 38862.31,
                                            "Plan Rows": 184090,
                                            "Plan Width": 4,
                                            "Actual Startup Time": 34.348,
                                            "Actual Total Time": 90.096,
                                            "Actual Rows": 141482,
                                            "Actual Loops": 4,
                                            "Output": [
                                                "mk.id",
                                                "mk.movie_id",
                                                "mk.keyword_id"
                                            ],
                                            "Recheck Cond": "(mk.keyword_id > 32469)",
                                            "Rows Removed by Index Recheck": 0,
                                            "Exact Heap Blocks": 7681,
                                            "Lossy Heap Blocks": 0,
                                            "Workers": [
                                                {
                                                    "Worker Number": 0,
                                                    "Actual Startup Time": 34.335,
                                                    "Actual Total Time": 91.465,
                                                    "Actual Rows": 129388,
                                                    "Actual Loops": 1
                                                },
                                                {
                                                    "Worker Number": 1,
                                                    "Actual Startup Time": 34.523,
                                                    "Actual Total Time": 91.576,
                                                    "Actual Rows": 124592,
                                                    "Actual Loops": 1
                                                },
                                                {
                                                    "Worker Number": 2,
                                                    "Actual Startup Time": 34.393,
                                                    "Actual Total Time": 91.867,
                                                    "Actual Rows": 125352,
                                                    "Actual Loops": 1
                                                }
                                            ],
                                            "Plans": [
                                                {
                                                    "Node Type": "Bitmap Index Scan",
                                                    "Parent Relationship": "Outer",
                                                    "Parallel Aware": false,
                                                    "Index Name": "keyword_id_movie_keyword",
                                                    "Startup Cost": 0.0,
                                                    "Total Cost": 11964.52,
                                                    "Plan Rows": 570678,
                                                    "Plan Width": 0,
                                                    "Actual Startup Time": 30.775,
                                                    "Actual Total Time": 30.776,
                                                    "Actual Rows": 565930,
                                                    "Actual Loops": 1,
                                                    "Index Cond": "(mk.keyword_id > 32469)"
                                                }
                                            ]
                                        },
                                        {
                                            "Node Type": "Hash",
                                            "Parent Relationship": "Inner",
                                            "Parallel Aware": true,
                                            "Startup Cost": 43899.01,
                                            "Total Cost": 43899.01,
                                            "Plan Rows": 183588,
                                            "Plan Width": 4,
                                            "Actual Startup Time": 153.477,
                                            "Actual Total Time": 153.478,
                                            "Actual Rows": 182746,
                                            "Actual Loops": 4,
                                            "Output": [
                                                "t.id"
                                            ],
                                            "Hash Buckets": 1048576,
                                            "Original Hash Buckets": 1048576,
                                            "Hash Batches": 1,
                                            "Original Hash Batches": 1,
                                            "Peak Memory Usage": 36832,
                                            "Workers": [
                                                {
                                                    "Worker Number": 0,
                                                    "Actual Startup Time": 153.742,
                                                    "Actual Total Time": 153.743,
                                                    "Actual Rows": 170872,
                                                    "Actual Loops": 1
                                                },
                                                {
                                                    "Worker Number": 1,
                                                    "Actual Startup Time": 153.815,
                                                    "Actual Total Time": 153.816,
                                                    "Actual Rows": 167897,
                                                    "Actual Loops": 1
                                                },
                                                {
                                                    "Worker Number": 2,
                                                    "Actual Startup Time": 154.239,
                                                    "Actual Total Time": 154.239,
                                                    "Actual Rows": 169834,
                                                    "Actual Loops": 1
                                                }
                                            ],
                                            "Plans": [
                                                {
                                                    "Node Type": "Seq Scan",
                                                    "Parent Relationship": "Outer",
                                                    "Parallel Aware": true,
                                                    "Relation Name": "title",
                                                    "Schema": "public",
                                                    "Alias": "t",
                                                    "Startup Cost": 0.0,
                                                    "Total Cost": 43899.01,
                                                    "Plan Rows": 183588,
                                                    "Plan Width": 4,
                                                    "Actual Startup Time": 0.039,
                                                    "Actual Total Time": 90.633,
                                                    "Actual Rows": 182746,
                                                    "Actual Loops": 4,
                                                    "Output": [
                                                        "t.id"
                                                    ],
                                                    "Filter": "(t.production_year < 1992)",
                                                    "Rows Removed by Filter": 449332,
                                                    "Workers": [
                                                        {
                                                            "Worker Number": 0,
                                                            "Actual Startup Time": 0.053,
                                                            "Actual Total Time": 91.86,
                                                            "Actual Rows": 170872,
                                                            "Actual Loops": 1
                                                        },
                                                        {
                                                            "Worker Number": 1,
                                                            "Actual Startup Time": 0.063,
                                                            "Actual Total Time": 91.737,
                                                            "Actual Rows": 167897,
                                                            "Actual Loops": 1
                                                        },
                                                        {
                                                            "Worker Number": 2,
                                                            "Actual Startup Time": 0.025,
                                                            "Actual Total Time": 92.928,
                                                            "Actual Rows": 169834,
                                                            "Actual Loops": 1
                                                        }
                                                    ]
                                                }
                                            ]
                                        }
                                    ]
                                }
                            ]
                        }
                    ]
                }
            ]
        },
        "Planning Time": 223.732,
        "Triggers": [],
        "Execution Time": 304.886
    }
]