[
  {
    "Plan": {
      "Node Type": "Aggregate",
      "Strategy": "Plain",
      "Partial Mode": "Finalize",
      "Parallel Aware": false,
      "Startup Cost": 45527.1,
      "Total Cost": 45527.11,
      "Plan Rows": 1,
      "Plan Width": 8,
      "Actual Startup Time": 169.406,
      "Actual Total Time": 185.366,
      "Actual Rows": 1,
      "Actual Loops": 1,
      "Plans": [
        {
          "Node Type": "Gather",
          "Parent Relationship": "Outer",
          "Parallel Aware": false,
          "Startup Cost": 45526.78,
          "Total Cost": 45527.09,
          "Plan Rows": 3,
          "Plan Width": 8,
          "Actual Startup Time": 169.257,
          "Actual Total Time": 185.356,
          "Actual Rows": 4,
          "Actual Loops": 1,
          "Workers Planned": 3,
          "Workers Launched": 3,
          "Single Copy": false,
          "Plans": [
            {
              "Node Type": "Aggregate",
              "Strategy": "Plain",
              "Partial Mode": "Partial",
              "Parent Relationship": "Outer",
              "Parallel Aware": false,
              "Startup Cost": 44526.78,
              "Total Cost": 44526.79,
              "Plan Rows": 1,
              "Plan Width": 8,
              "Actual Startup Time": 162.189,
              "Actual Total Time": 162.191,
              "Actual Rows": 1,
              "Actual Loops": 4,
              "Plans": [
                {
                  "Node Type": "Seq Scan",
                  "Parent Relationship": "Outer",
                  "Parallel Aware": true,
                  "Relation Name": "movie_keyword",
                  "Alias": "mk",
                  "Startup Cost": 0.0,
                  "Total Cost": 42695.65,
                  "Plan Rows": 732452,
                  "Plan Width": 0,
                  "Actual Startup Time": 0.622,
                  "Actual Total Time": 131.072,
                  "Actual Rows": 563344,
                  "Actual Loops": 4,
                  "Filter": "(keyword_id > 4758)",
                  "Rows Removed by Filter": 567638
                }
              ]
            }
          ]
        }
      ]
    },
    "Planning Time": 0.126,
    "Triggers": [],
    "Execution Time": 185.409
  }
]