[
    {
        "Bao": {
            "Bao prediction": "NaN",
            "Bao recommended hint": "(no hint)"
        }
    },
    {
        "Plan": {
            "Node Type": "Aggregate",
            "Strategy": "Plain",
            "Partial Mode": "Finalize",
            "Parallel Aware": false,
            "Startup Cost": 125189.45,
            "Total Cost": 125189.46,
            "Plan Rows": 1,
            "Plan Width": 8,
            "Actual Startup Time": 158.148,
            "Actual Total Time": 166.579,
            "Actual Rows": 1,
            "Actual Loops": 1,
            "Output": [
                "count(*)"
            ],
            "Plans": [
                {
                    "Node Type": "Gather",
                    "Parent Relationship": "Outer",
                    "Parallel Aware": false,
                    "Startup Cost": 125188.93,
                    "Total Cost": 125189.43,
                    "Plan Rows": 5,
                    "Plan Width": 8,
                    "Actual Startup Time": 158.08,
                    "Actual Total Time": 166.57,
                    "Actual Rows": 6,
                    "Actual Loops": 1,
                    "Output": [
                        "(PARTIAL count(*))"
                    ],
                    "Workers Planned": 5,
                    "Workers Launched": 5,
                    "Single Copy": false,
                    "Plans": [
                        {
                            "Node Type": "Aggregate",
                            "Strategy": "Plain",
                            "Partial Mode": "Partial",
                            "Parent Relationship": "Outer",
                            "Parallel Aware": false,
                            "Startup Cost": 124188.93,
                            "Total Cost": 124188.93,
                            "Plan Rows": 1,
                            "Plan Width": 8,
                            "Actual Startup Time": 148.382,
                            "Actual Total Time": 148.383,
                            "Actual Rows": 1,
                            "Actual Loops": 6,
                            "Output": [
                                "PARTIAL count(*)"
                            ],
                            "Workers": [
                                {
                                    "Worker Number": 0,
                                    "Actual Startup Time": 146.106,
                                    "Actual Total Time": 146.107,
                                    "Actual Rows": 1,
                                    "Actual Loops": 1
                                },
                                {
                                    "Worker Number": 1,
                                    "Actual Startup Time": 146.146,
                                    "Actual Total Time": 146.148,
                                    "Actual Rows": 1,
                                    "Actual Loops": 1
                                },
                                {
                                    "Worker Number": 2,
                                    "Actual Startup Time": 146.62,
                                    "Actual Total Time": 146.621,
                                    "Actual Rows": 1,
                                    "Actual Loops": 1
                                },
                                {
                                    "Worker Number": 3,
                                    "Actual Startup Time": 146.8,
                                    "Actual Total Time": 146.801,
                                    "Actual Rows": 1,
                                    "Actual Loops": 1
                                },
                                {
                                    "Worker Number": 4,
                                    "Actual Startup Time": 147.165,
                                    "Actual Total Time": 147.166,
                                    "Actual Rows": 1,
                                    "Actual Loops": 1
                                }
                            ],
                            "Plans": [
                                {
                                    "Node Type": "Index Scan",
                                    "Parent Relationship": "Outer",
                                    "Parallel Aware": true,
                                    "Scan Direction": "Forward",
                                    "Index Name": "role_id_cast_info",
                                    "Relation Name": "cast_info",
                                    "Schema": "public",
                                    "Alias": "ci",
                                    "Startup Cost": 0.56,
                                    "Total Cost": 123935.38,
                                    "Plan Rows": 101420,
                                    "Plan Width": 0,
                                    "Actual Startup Time": 0.148,
                                    "Actual Total Time": 146.335,
                                    "Actual Rows": 29073,
                                    "Actual Loops": 6,
                                    "Output": [
                                        "id",
                                        "person_id",
                                        "movie_id",
                                        "person_role_id",
                                        "note",
                                        "nr_order",
                                        "role_id"
                                    ],
                                    "Index Cond": "(ci.role_id > 9)",
                                    "Rows Removed by Index Recheck": 0,
                                    "Filter": "(ci.person_id < 392902)",
                                    "Rows Removed by Filter": 744117,
                                    "Workers": [
                                        {
                                            "Worker Number": 0,
                                            "Actual Startup Time": 0.173,
                                            "Actual Total Time": 144.309,
                                            "Actual Rows": 23655,
                                            "Actual Loops": 1
                                        },
                                        {
                                            "Worker Number": 1,
                                            "Actual Startup Time": 0.239,
                                            "Actual Total Time": 144.249,
                                            "Actual Rows": 24933,
                                            "Actual Loops": 1
                                        },
                                        {
                                            "Worker Number": 2,
                                            "Actual Startup Time": 0.112,
                                            "Actual Total Time": 144.574,
                                            "Actual Rows": 26008,
                                            "Actual Loops": 1
                                        },
                                        {
                                            "Worker Number": 3,
                                            "Actual Startup Time": 0.195,
                                            "Actual Total Time": 144.649,
                                            "Actual Rows": 27799,
                                            "Actual Loops": 1
                                        },
                                        {
                                            "Worker Number": 4,
                                            "Actual Startup Time": 0.122,
                                            "Actual Total Time": 145.429,
                                            "Actual Rows": 25290,
                                            "Actual Loops": 1
                                        }
                                    ]
                                }
                            ]
                        }
                    ]
                }
            ]
        },
        "Planning Time": 235.988,
        "Triggers": [],
        "Execution Time": 166.677
    }
]