[
    {
        "Bao": {
            "Bao prediction": "NaN",
            "Bao recommended hint": "(no hint)"
        }
    },
    {
        "Plan": {
            "Node Type": "Aggregate",
            "Strategy": "Plain",
            "Partial Mode": "Finalize",
            "Parallel Aware": false,
            "Startup Cost": 338858.86,
            "Total Cost": 338858.87,
            "Plan Rows": 1,
            "Plan Width": 8,
            "Actual Startup Time": 325.579,
            "Actual Total Time": 333.522,
            "Actual Rows": 1,
            "Actual Loops": 1,
            "Output": [
                "count(*)"
            ],
            "Plans": [
                {
                    "Node Type": "Gather",
                    "Parent Relationship": "Outer",
                    "Parallel Aware": false,
                    "Startup Cost": 338858.24,
                    "Total Cost": 338858.85,
                    "Plan Rows": 6,
                    "Plan Width": 8,
                    "Actual Startup Time": 323.972,
                    "Actual Total Time": 333.516,
                    "Actual Rows": 7,
                    "Actual Loops": 1,
                    "Output": [
                        "(PARTIAL count(*))"
                    ],
                    "Workers Planned": 6,
                    "Workers Launched": 6,
                    "Single Copy": false,
                    "Plans": [
                        {
                            "Node Type": "Aggregate",
                            "Strategy": "Plain",
                            "Partial Mode": "Partial",
                            "Parent Relationship": "Outer",
                            "Parallel Aware": false,
                            "Startup Cost": 337858.24,
                            "Total Cost": 337858.25,
                            "Plan Rows": 1,
                            "Plan Width": 8,
                            "Actual Startup Time": 313.861,
                            "Actual Total Time": 313.862,
                            "Actual Rows": 1,
                            "Actual Loops": 7,
                            "Output": [
                                "PARTIAL count(*)"
                            ],
                            "Workers": [
                                {
                                    "Worker Number": 0,
                                    "Actual Startup Time": 311.069,
                                    "Actual Total Time": 311.071,
                                    "Actual Rows": 1,
                                    "Actual Loops": 1
                                },
                                {
                                    "Worker Number": 1,
                                    "Actual Startup Time": 311.916,
                                    "Actual Total Time": 311.917,
                                    "Actual Rows": 1,
                                    "Actual Loops": 1
                                },
                                {
                                    "Worker Number": 2,
                                    "Actual Startup Time": 312.423,
                                    "Actual Total Time": 312.424,
                                    "Actual Rows": 1,
                                    "Actual Loops": 1
                                },
                                {
                                    "Worker Number": 3,
                                    "Actual Startup Time": 312.433,
                                    "Actual Total Time": 312.435,
                                    "Actual Rows": 1,
                                    "Actual Loops": 1
                                },
                                {
                                    "Worker Number": 4,
                                    "Actual Startup Time": 312.47,
                                    "Actual Total Time": 312.471,
                                    "Actual Rows": 1,
                                    "Actual Loops": 1
                                },
                                {
                                    "Worker Number": 5,
                                    "Actual Startup Time": 313.074,
                                    "Actual Total Time": 313.076,
                                    "Actual Rows": 1,
                                    "Actual Loops": 1
                                }
                            ],
                            "Plans": [
                                {
                                    "Node Type": "Bitmap Heap Scan",
                                    "Parent Relationship": "Outer",
                                    "Parallel Aware": true,
                                    "Relation Name": "cast_info",
                                    "Schema": "public",
                                    "Alias": "ci",
                                    "Startup Cost": 75886.59,
                                    "Total Cost": 337221.6,
                                    "Plan Rows": 254655,
                                    "Plan Width": 0,
                                    "Actual Startup Time": 131.881,
                                    "Actual Total Time": 289.002,
                                    "Actual Rows": 499663,
                                    "Actual Loops": 7,
                                    "Recheck Cond": "(ci.person_id > 3424209)",
                                    "Rows Removed by Index Recheck": 0,
                                    "Filter": "(ci.role_id > 2)",
                                    "Rows Removed by Filter": 0,
                                    "Exact Heap Blocks": 11477,
                                    "Lossy Heap Blocks": 0,
                                    "Workers": [
                                        {
                                            "Worker Number": 0,
                                            "Actual Startup Time": 129.457,
                                            "Actual Total Time": 287.432,
                                            "Actual Rows": 491917,
                                            "Actual Loops": 1
                                        },
                                        {
                                            "Worker Number": 1,
                                            "Actual Startup Time": 130.628,
                                            "Actual Total Time": 287.242,
                                            "Actual Rows": 458426,
                                            "Actual Loops": 1
                                        },
                                        {
                                            "Worker Number": 2,
                                            "Actual Startup Time": 130.098,
                                            "Actual Total Time": 287.573,
                                            "Actual Rows": 461130,
                                            "Actual Loops": 1
                                        },
                                        {
                                            "Worker Number": 3,
                                            "Actual Startup Time": 131.019,
                                            "Actual Total Time": 287.402,
                                            "Actual Rows": 461426,
                                            "Actual Loops": 1
                                        },
                                        {
                                            "Worker Number": 4,
                                            "Actual Startup Time": 130.13,
                                            "Actual Total Time": 288.73,
                                            "Actual Rows": 496204,
                                            "Actual Loops": 1
                                        },
                                        {
                                            "Worker Number": 5,
                                            "Actual Startup Time": 130.941,
                                            "Actual Total Time": 288.443,
                                            "Actual Rows": 419450,
                                            "Actual Loops": 1
                                        }
                                    ],
                                    "Plans": [
                                        {
                                            "Node Type": "Bitmap Index Scan",
                                            "Parent Relationship": "Outer",
                                            "Parallel Aware": false,
                                            "Index Name": "person_id_cast_info",
                                            "Startup Cost": 0.0,
                                            "Total Cost": 75504.6,
                                            "Plan Rows": 3459205,
                                            "Plan Width": 0,
                                            "Actual Startup Time": 131.979,
                                            "Actual Total Time": 131.98,
                                            "Actual Rows": 3497639,
                                            "Actual Loops": 1,
                                            "Index Cond": "(ci.person_id > 3424209)"
                                        }
                                    ]
                                }
                            ]
                        }
                    ]
                }
            ]
        },
        "Planning Time": 177.206,
        "Triggers": [],
        "Execution Time": 333.568
    }
]