[
  {
    "Plan": {
      "Node Type": "Aggregate",
      "Strategy": "Plain",
      "Partial Mode": "Finalize",
      "Parallel Aware": false,
      "Startup Cost": 227185.18,
      "Total Cost": 227185.19,
      "Plan Rows": 1,
      "Plan Width": 8,
      "Actual Startup Time": 216.388,
      "Actual Total Time": 232.257,
      "Actual Rows": 1,
      "Actual Loops": 1,
      "Plans": [
        {
          "Node Type": "Gather",
          "Parent Relationship": "Outer",
          "Parallel Aware": false,
          "Startup Cost": 227184.65,
          "Total Cost": 227185.16,
          "Plan Rows": 5,
          "Plan Width": 8,
          "Actual Startup Time": 213.585,
          "Actual Total Time": 232.248,
          "Actual Rows": 6,
          "Actual Loops": 1,
          "Workers Planned": 5,
          "Workers Launched": 5,
          "Single Copy": false,
          "Plans": [
            {
              "Node Type": "Aggregate",
              "Strategy": "Plain",
              "Partial Mode": "Partial",
              "Parent Relationship": "Outer",
              "Parallel Aware": false,
              "Startup Cost": 226184.65,
              "Total Cost": 226184.66,
              "Plan Rows": 1,
              "Plan Width": 8,
              "Actual Startup Time": 202.83,
              "Actual Total Time": 202.834,
              "Actual Rows": 1,
              "Actual Loops": 6,
              "Plans": [
                {
                  "Node Type": "Hash Join",
                  "Parent Relationship": "Outer",
                  "Parallel Aware": true,
                  "Join Type": "Inner",
                  "Startup Cost": 61629.4,
                  "Total Cost": 226120.87,
                  "Plan Rows": 25513,
                  "Plan Width": 0,
                  "Actual Startup Time": 161.537,
                  "Actual Total Time": 200.754,
                  "Actual Rows": 40763,
                  "Actual Loops": 6,
                  "Inner Unique": true,
                  "Hash Cond": "(mi.movie_id = t.id)",
                  "Plans": [
                    {
                      "Node Type": "Bitmap Heap Scan",
                      "Parent Relationship": "Outer",
                      "Parallel Aware": true,
                      "Relation Name": "movie_info",
                      "Alias": "mi",
                      "Startup Cost": 14929.49,
                      "Total Cost": 178987.34,
                      "Plan Rows": 165188,
                      "Plan Width": 4,
                      "Actual Startup Time": 33.044,
                      "Actual Total Time": 54.216,
                      "Actual Rows": 133690,
                      "Actual Loops": 6,
                      "Recheck Cond": "(info_type_id < 2)",
                      "Rows Removed by Index Recheck": 0,
                      "Exact Heap Blocks": 1183,
                      "Lossy Heap Blocks": 0,
                      "Plans": [
                        {
                          "Node Type": "Bitmap Index Scan",
                          "Parent Relationship": "Outer",
                          "Parallel Aware": false,
                          "Index Name": "info_type_id_movie_info",
                          "Startup Cost": 0.0,
                          "Total Cost": 14723.0,
                          "Plan Rows": 825942,
                          "Plan Width": 0,
                          "Actual Startup Time": 32.278,
                          "Actual Total Time": 32.279,
                          "Actual Rows": 802140,
                          "Actual Loops": 1,
                          "Index Cond": "(info_type_id < 2)"
                        }
                      ]
                    },
                    {
                      "Node Type": "Hash",
                      "Parent Relationship": "Inner",
                      "Parallel Aware": true,
                      "Startup Cost": 45479.59,
                      "Total Cost": 45479.59,
                      "Plan Rows": 97626,
                      "Plan Width": 4,
                      "Actual Startup Time": 109.686,
                      "Actual Total Time": 109.687,
                      "Actual Rows": 48282,
                      "Actual Loops": 6,
                      "Hash Buckets": 524288,
                      "Original Hash Buckets": 524288,
                      "Hash Batches": 1,
                      "Original Hash Batches": 1,
                      "Peak Memory Usage": 15520,
                      "Plans": [
                        {
                          "Node Type": "Seq Scan",
                          "Parent Relationship": "Outer",
                          "Parallel Aware": true,
                          "Relation Name": "title",
                          "Alias": "t",
                          "Startup Cost": 0.0,
                          "Total Cost": 45479.59,
                          "Plan Rows": 97626,
                          "Plan Width": 4,
                          "Actual Startup Time": 44.291,
                          "Actual Total Time": 89.605,
                          "Actual Rows": 48282,
                          "Actual Loops": 6,
                          "Filter": "((production_year > 1998) AND (kind_id = 1))",
                          "Rows Removed by Filter": 373103
                        }
                      ]
                    }
                  ]
                }
              ]
            }
          ]
        }
      ]
    },
    "Planning Time": 0.313,
    "Triggers": [],
    "Execution Time": 232.309
  }
]