{
  "Plan": {
    "Node Type": "Aggregate",
    "Strategy": "Plain",
    "Partial Mode": "Finalize",
    "Parallel Aware": false,
    "Startup Cost": 73856.61,
    "Total Cost": 73856.62,
    "Plan Rows": 1,
    "Plan Width": 8,
    "Actual Startup Time": 93.417,
    "Actual Total Time": 106.985,
    "Actual Rows": 1,
    "Actual Loops": 1,
    "Plans": [
      {
        "Node Type": "Gather",
        "Parent Relationship": "Outer",
        "Parallel Aware": false,
        "Startup Cost": 73856.5,
        "Total Cost": 73856.61,
        "Plan Rows": 1,
        "Plan Width": 8,
        "Actual Startup Time": 93.159,
        "Actual Total Time": 106.978,
        "Actual Rows": 2,
        "Actual Loops": 1,
        "Workers Planned": 1,
        "Workers Launched": 1,
        "Single Copy": false,
        "Plans": [
          {
            "Node Type": "Aggregate",
            "Strategy": "Plain",
            "Partial Mode": "Partial",
            "Parent Relationship": "Outer",
            "Parallel Aware": false,
            "Startup Cost": 72856.5,
            "Total Cost": 72856.51,
            "Plan Rows": 1,
            "Plan Width": 8,
            "Actual Startup Time": 86.757,
            "Actual Total Time": 86.759,
            "Actual Rows": 1,
            "Actual Loops": 2,
            "Plans": [
              {
                "Node Type": "Nested Loop",
                "Parent Relationship": "Outer",
                "Parallel Aware": false,
                "Join Type": "Inner",
                "Startup Cost": 295.64,
                "Total Cost": 72852.18,
                "Plan Rows": 1728,
                "Plan Width": 0,
                "Actual Startup Time": 8.877,
                "Actual Total Time": 85.857,
                "Actual Rows": 9940,
                "Actual Loops": 2,
                "Inner Unique": false,
                "Plans": [
                  {
                    "Node Type": "Nested Loop",
                    "Parent Relationship": "Outer",
                    "Parallel Aware": false,
                    "Join Type": "Inner",
                    "Startup Cost": 295.22,
                    "Total Cost": 71057.02,
                    "Plan Rows": 3165,
                    "Plan Width": 8,
                    "Actual Startup Time": 8.628,
                    "Actual Total Time": 59.115,
                    "Actual Rows": 6552,
                    "Actual Loops": 2,
                    "Inner Unique": true,
                    "Plans": [
                      {
                        "Node Type": "Bitmap Heap Scan",
                        "Parent Relationship": "Outer",
                        "Parallel Aware": true,
                        "Relation Name": "movie_keyword",
                        "Alias": "mk",
                        "Startup Cost": 294.79,
                        "Total Cost": 21979.55,
                        "Plan Rows": 8072,
                        "Plan Width": 4,
                        "Actual Startup Time": 7.452,
                        "Actual Total Time": 20.924,
                        "Actual Rows": 6876,
                        "Actual Loops": 2,
                        "Recheck Cond": "(keyword_id = 121)",
                        "Rows Removed by Index Recheck": 0,
                        "Exact Heap Blocks": 5519,
                        "Lossy Heap Blocks": 0,
                        "Plans": [
                          {
                            "Node Type": "Bitmap Index Scan",
                            "Parent Relationship": "Outer",
                            "Parallel Aware": false,
                            "Index Name": "keyword_id_movie_keyword",
                            "Startup Cost": 0.0,
                            "Total Cost": 291.36,
                            "Plan Rows": 13723,
                            "Plan Width": 0,
                            "Actual Startup Time": 9.982,
                            "Actual Total Time": 9.982,
                            "Actual Rows": 13753,
                            "Actual Loops": 1,
                            "Index Cond": "(keyword_id = 121)"
                          }
                        ]
                      },
                      {
                        "Node Type": "Index Scan",
                        "Parent Relationship": "Inner",
                        "Parallel Aware": false,
                        "Scan Direction": "Forward",
                        "Index Name": "title_pkey",
                        "Relation Name": "title",
                        "Alias": "t",
                        "Startup Cost": 0.43,
                        "Total Cost": 6.08,
                        "Plan Rows": 1,
                        "Plan Width": 4,
                        "Actual Startup Time": 0.005,
                        "Actual Total Time": 0.005,
                        "Actual Rows": 1,
                        "Actual Loops": 13753,
                        "Index Cond": "(id = mk.movie_id)",
                        "Rows Removed by Index Recheck": 0,
                        "Filter": "(kind_id < 7)",
                        "Rows Removed by Filter": 0
                      }
                    ]
                  },
                  {
                    "Node Type": "Index Only Scan",
                    "Parent Relationship": "Inner",
                    "Parallel Aware": false,
                    "Scan Direction": "Forward",
                    "Index Name": "movie_id_movie_info_idx",
                    "Relation Name": "movie_info_idx",
                    "Alias": "mi_idx",
                    "Startup Cost": 0.43,
                    "Total Cost": 0.54,
                    "Plan Rows": 3,
                    "Plan Width": 4,
                    "Actual Startup Time": 0.003,
                    "Actual Total Time": 0.004,
                    "Actual Rows": 2,
                    "Actual Loops": 13103,
                    "Index Cond": "(movie_id = t.id)",
                    "Rows Removed by Index Recheck": 0,
                    "Heap Fetches": 19879
                  }
                ]
              }
            ]
          }
        ]
      }
    ]
  },
  "Planning Time": 1.068,
  "Triggers": [],
  "Execution Time": 107.085
}