{
  "Plan": {
    "Node Type": "Aggregate",
    "Strategy": "Plain",
    "Partial Mode": "Finalize",
    "Parallel Aware": false,
    "Startup Cost": 121374.06,
    "Total Cost": 121374.07,
    "Plan Rows": 1,
    "Plan Width": 8,
    "Actual Startup Time": 774.091,
    "Actual Total Time": 793.56,
    "Actual Rows": 1,
    "Actual Loops": 1,
    "Plans": [
      {
        "Node Type": "Gather",
        "Parent Relationship": "Outer",
        "Parallel Aware": false,
        "Startup Cost": 121373.95,
        "Total Cost": 121374.06,
        "Plan Rows": 1,
        "Plan Width": 8,
        "Actual Startup Time": 769.85,
        "Actual Total Time": 793.552,
        "Actual Rows": 2,
        "Actual Loops": 1,
        "Workers Planned": 1,
        "Workers Launched": 1,
        "Single Copy": false,
        "Plans": [
          {
            "Node Type": "Aggregate",
            "Strategy": "Plain",
            "Partial Mode": "Partial",
            "Parent Relationship": "Outer",
            "Parallel Aware": false,
            "Startup Cost": 120373.95,
            "Total Cost": 120373.96,
            "Plan Rows": 1,
            "Plan Width": 8,
            "Actual Startup Time": 757.474,
            "Actual Total Time": 757.477,
            "Actual Rows": 1,
            "Actual Loops": 2,
            "Plans": [
              {
                "Node Type": "Hash Join",
                "Parent Relationship": "Outer",
                "Parallel Aware": true,
                "Join Type": "Inner",
                "Startup Cost": 87234.02,
                "Total Cost": 119141.9,
                "Plan Rows": 492819,
                "Plan Width": 0,
                "Actual Startup Time": 561.28,
                "Actual Total Time": 739.229,
                "Actual Rows": 412945,
                "Actual Loops": 2,
                "Inner Unique": true,
                "Hash Cond": "(mk.movie_id = t.id)",
                "Plans": [
                  {
                    "Node Type": "Bitmap Heap Scan",
                    "Parent Relationship": "Outer",
                    "Parallel Aware": true,
                    "Relation Name": "movie_keyword",
                    "Alias": "mk",
                    "Startup Cost": 17773.32,
                    "Total Cost": 48387.56,
                    "Plan Rows": 492819,
                    "Plan Width": 4,
                    "Actual Startup Time": 50.654,
                    "Actual Total Time": 132.73,
                    "Actual Rows": 412945,
                    "Actual Loops": 2,
                    "Recheck Cond": "(keyword_id > 22243)",
                    "Rows Removed by Index Recheck": 0,
                    "Exact Heap Blocks": 13406,
                    "Lossy Heap Blocks": 0,
                    "Plans": [
                      {
                        "Node Type": "Bitmap Index Scan",
                        "Parent Relationship": "Outer",
                        "Parallel Aware": false,
                        "Index Name": "keyword_id_movie_keyword",
                        "Startup Cost": 0.0,
                        "Total Cost": 17563.87,
                        "Plan Rows": 837792,
                        "Plan Width": 0,
                        "Actual Startup Time": 47.07,
                        "Actual Total Time": 47.071,
                        "Actual Rows": 825890,
                        "Actual Loops": 1,
                        "Index Cond": "(keyword_id > 22243)"
                      }
                    ]
                  },
                  {
                    "Node Type": "Hash",
                    "Parent Relationship": "Inner",
                    "Parallel Aware": true,
                    "Startup Cost": 50870.31,
                    "Total Cost": 50870.31,
                    "Plan Rows": 1487231,
                    "Plan Width": 4,
                    "Actual Startup Time": 488.761,
                    "Actual Total Time": 488.762,
                    "Actual Rows": 1264156,
                    "Actual Loops": 2,
                    "Hash Buckets": 4194304,
                    "Original Hash Buckets": 4194304,
                    "Hash Batches": 1,
                    "Original Hash Batches": 1,
                    "Peak Memory Usage": 131712,
                    "Plans": [
                      {
                        "Node Type": "Seq Scan",
                        "Parent Relationship": "Outer",
                        "Parallel Aware": true,
                        "Relation Name": "title",
                        "Alias": "t",
                        "Startup Cost": 0.0,
                        "Total Cost": 50870.31,
                        "Plan Rows": 1487231,
                        "Plan Width": 4,
                        "Actual Startup Time": 0.025,
                        "Actual Total Time": 150.39,
                        "Actual Rows": 1264156,
                        "Actual Loops": 2
                      }
                    ]
                  }
                ]
              }
            ]
          }
        ]
      }
    ]
  },
  "Planning Time": 0.641,
  "Triggers": [],
  "Execution Time": 793.645
}