{
  "Plan": {
    "Node Type": "Aggregate",
    "Strategy": "Plain",
    "Partial Mode": "Finalize",
    "Parallel Aware": false,
    "Startup Cost": 144814.25,
    "Total Cost": 144814.26,
    "Plan Rows": 1,
    "Plan Width": 8,
    "Actual Startup Time": 1009.687,
    "Actual Total Time": 1028.419,
    "Actual Rows": 1,
    "Actual Loops": 1,
    "Plans": [
      {
        "Node Type": "Gather",
        "Parent Relationship": "Outer",
        "Parallel Aware": false,
        "Startup Cost": 144814.14,
        "Total Cost": 144814.25,
        "Plan Rows": 1,
        "Plan Width": 8,
        "Actual Startup Time": 1005.478,
        "Actual Total Time": 1028.411,
        "Actual Rows": 2,
        "Actual Loops": 1,
        "Workers Planned": 1,
        "Workers Launched": 1,
        "Single Copy": false,
        "Plans": [
          {
            "Node Type": "Aggregate",
            "Strategy": "Plain",
            "Partial Mode": "Partial",
            "Parent Relationship": "Outer",
            "Parallel Aware": false,
            "Startup Cost": 143814.14,
            "Total Cost": 143814.15,
            "Plan Rows": 1,
            "Plan Width": 8,
            "Actual Startup Time": 992.035,
            "Actual Total Time": 992.041,
            "Actual Rows": 1,
            "Actual Loops": 2,
            "Plans": [
              {
                "Node Type": "Hash Join",
                "Parent Relationship": "Outer",
                "Parallel Aware": true,
                "Join Type": "Inner",
                "Startup Cost": 102724.76,
                "Total Cost": 143457.4,
                "Plan Rows": 142696,
                "Plan Width": 0,
                "Actual Startup Time": 673.271,
                "Actual Total Time": 951.874,
                "Actual Rows": 987806,
                "Actual Loops": 2,
                "Inner Unique": false,
                "Hash Cond": "(mc.movie_id = t.id)",
                "Plans": [
                  {
                    "Node Type": "Seq Scan",
                    "Parent Relationship": "Outer",
                    "Parallel Aware": true,
                    "Relation Name": "movie_companies",
                    "Alias": "mc",
                    "Startup Cost": 0.0,
                    "Total Cost": 34137.82,
                    "Plan Rows": 1534782,
                    "Plan Width": 4,
                    "Actual Startup Time": 0.015,
                    "Actual Total Time": 93.927,
                    "Actual Rows": 1304564,
                    "Actual Loops": 2
                  },
                  {
                    "Node Type": "Hash",
                    "Parent Relationship": "Inner",
                    "Parallel Aware": true,
                    "Startup Cost": 100996.32,
                    "Total Cost": 100996.32,
                    "Plan Rows": 138275,
                    "Plan Width": 8,
                    "Actual Startup Time": 637.831,
                    "Actual Total Time": 637.836,
                    "Actual Rows": 112456,
                    "Actual Loops": 2,
                    "Hash Buckets": 262144,
                    "Original Hash Buckets": 262144,
                    "Hash Batches": 1,
                    "Original Hash Batches": 1,
                    "Peak Memory Usage": 10880,
                    "Plans": [
                      {
                        "Node Type": "Hash Join",
                        "Parent Relationship": "Outer",
                        "Parallel Aware": true,
                        "Join Type": "Inner",
                        "Startup Cost": 74450.91,
                        "Total Cost": 100996.32,
                        "Plan Rows": 138275,
                        "Plan Width": 8,
                        "Actual Startup Time": 537.119,
                        "Actual Total Time": 613.798,
                        "Actual Rows": 112456,
                        "Actual Loops": 2,
                        "Inner Unique": true,
                        "Hash Cond": "(mk.movie_id = t.id)",
                        "Plans": [
                          {
                            "Node Type": "Bitmap Heap Scan",
                            "Parent Relationship": "Outer",
                            "Parallel Aware": true,
                            "Relation Name": "movie_keyword",
                            "Alias": "mk",
                            "Startup Cost": 4990.21,
                            "Total Cost": 31172.65,
                            "Plan Rows": 138275,
                            "Plan Width": 4,
                            "Actual Startup Time": 14.521,
                            "Actual Total Time": 56.031,
                            "Actual Rows": 112456,
                            "Actual Loops": 2,
                            "Recheck Cond": "(keyword_id > 64069)",
                            "Rows Removed by Index Recheck": 0,
                            "Exact Heap Blocks": 11297,
                            "Lossy Heap Blocks": 0,
                            "Plans": [
                              {
                                "Node Type": "Bitmap Index Scan",
                                "Parent Relationship": "Outer",
                                "Parallel Aware": false,
                                "Index Name": "keyword_id_movie_keyword",
                                "Startup Cost": 0.0,
                                "Total Cost": 4931.44,
                                "Plan Rows": 235068,
                                "Plan Width": 0,
                                "Actual Startup Time": 11.512,
                                "Actual Total Time": 11.512,
                                "Actual Rows": 224911,
                                "Actual Loops": 1,
                                "Index Cond": "(keyword_id > 64069)"
                              }
                            ]
                          },
                          {
                            "Node Type": "Hash",
                            "Parent Relationship": "Inner",
                            "Parallel Aware": true,
                            "Startup Cost": 50870.31,
                            "Total Cost": 50870.31,
                            "Plan Rows": 1487231,
                            "Plan Width": 4,
                            "Actual Startup Time": 504.616,
                            "Actual Total Time": 504.617,
                            "Actual Rows": 1264156,
                            "Actual Loops": 2,
                            "Hash Buckets": 4194304,
                            "Original Hash Buckets": 4194304,
                            "Hash Batches": 1,
                            "Original Hash Batches": 1,
                            "Peak Memory Usage": 131712,
                            "Plans": [
                              {
                                "Node Type": "Seq Scan",
                                "Parent Relationship": "Outer",
                                "Parallel Aware": true,
                                "Relation Name": "title",
                                "Alias": "t",
                                "Startup Cost": 0.0,
                                "Total Cost": 50870.31,
                                "Plan Rows": 1487231,
                                "Plan Width": 4,
                                "Actual Startup Time": 0.023,
                                "Actual Total Time": 146.96,
                                "Actual Rows": 1264156,
                                "Actual Loops": 2
                              }
                            ]
                          }
                        ]
                      }
                    ]
                  }
                ]
              }
            ]
          }
        ]
      }
    ]
  },
  "Planning Time": 1.046,
  "Triggers": [],
  "Execution Time": 1028.523
}