[
  {
    "Plan": {
      "Node Type": "Aggregate",
      "Strategy": "Plain",
      "Partial Mode": "Finalize",
      "Parallel Aware": false,
      "Startup Cost": 123424.74,
      "Total Cost": 123424.75,
      "Plan Rows": 1,
      "Plan Width": 8,
      "Actual Startup Time": 586.468,
      "Actual Total Time": 608.274,
      "Actual Rows": 1,
      "Actual Loops": 1,
      "Plans": [
        {
          "Node Type": "Gather",
          "Parent Relationship": "Outer",
          "Parallel Aware": false,
          "Startup Cost": 123424.42,
          "Total Cost": 123424.73,
          "Plan Rows": 3,
          "Plan Width": 8,
          "Actual Startup Time": 582.757,
          "Actual Total Time": 608.26,
          "Actual Rows": 4,
          "Actual Loops": 1,
          "Workers Planned": 3,
          "Workers Launched": 3,
          "Single Copy": false,
          "Plans": [
            {
              "Node Type": "Aggregate",
              "Strategy": "Plain",
              "Partial Mode": "Partial",
              "Parent Relationship": "Outer",
              "Parallel Aware": false,
              "Startup Cost": 122424.42,
              "Total Cost": 122424.43,
              "Plan Rows": 1,
              "Plan Width": 8,
              "Actual Startup Time": 577.309,
              "Actual Total Time": 577.427,
              "Actual Rows": 1,
              "Actual Loops": 4,
              "Plans": [
                {
                  "Node Type": "Hash Join",
                  "Parent Relationship": "Outer",
                  "Parallel Aware": true,
                  "Join Type": "Inner",
                  "Startup Cost": 77224.45,
                  "Total Cost": 122262.94,
                  "Plan Rows": 64594,
                  "Plan Width": 0,
                  "Actual Startup Time": 350.019,
                  "Actual Total Time": 548.233,
                  "Actual Rows": 720320,
                  "Actual Loops": 4,
                  "Inner Unique": false,
                  "Hash Cond": "(mk.movie_id = t.id)",
                  "Plans": [
                    {
                      "Node Type": "Seq Scan",
                      "Parent Relationship": "Outer",
                      "Parallel Aware": true,
                      "Relation Name": "movie_keyword",
                      "Alias": "mk",
                      "Startup Cost": 0.0,
                      "Total Cost": 42695.65,
                      "Plan Rows": 569190,
                      "Plan Width": 4,
                      "Actual Startup Time": 0.037,
                      "Actual Total Time": 96.919,
                      "Actual Rows": 443358,
                      "Actual Loops": 4,
                      "Filter": "(keyword_id < 2879)",
                      "Rows Removed by Filter": 687624
                    },
                    {
                      "Node Type": "Hash",
                      "Parent Relationship": "Inner",
                      "Parallel Aware": true,
                      "Startup Cost": 76067.45,
                      "Total Cost": 76067.45,
                      "Plan Rows": 92560,
                      "Plan Width": 8,
                      "Actual Startup Time": 346.822,
                      "Actual Total Time": 346.938,
                      "Actual Rows": 121139,
                      "Actual Loops": 4,
                      "Hash Buckets": 524288,
                      "Original Hash Buckets": 524288,
                      "Hash Batches": 1,
                      "Original Hash Batches": 1,
                      "Peak Memory Usage": 23136,
                      "Plans": [
                        {
                          "Node Type": "Hash Join",
                          "Parent Relationship": "Outer",
                          "Parallel Aware": true,
                          "Join Type": "Inner",
                          "Startup Cost": 45676.55,
                          "Total Cost": 76067.45,
                          "Plan Rows": 92560,
                          "Plan Width": 8,
                          "Actual Startup Time": 166.58,
                          "Actual Total Time": 304.121,
                          "Actual Rows": 121139,
                          "Actual Loops": 4,
                          "Inner Unique": true,
                          "Hash Cond": "(mc.movie_id = t.id)",
                          "Plans": [
                            {
                              "Node Type": "Seq Scan",
                              "Parent Relationship": "Outer",
                              "Parallel Aware": true,
                              "Relation Name": "movie_companies",
                              "Alias": "mc",
                              "Startup Cost": 0.0,
                              "Total Cost": 29310.68,
                              "Plan Rows": 411513,
                              "Plan Width": 4,
                              "Actual Startup Time": 0.013,
                              "Actual Total Time": 69.478,
                              "Actual Rows": 318562,
                              "Actual Loops": 4,
                              "Filter": "(company_type_id < 2)",
                              "Rows Removed by Filter": 333721
                            },
                            {
                              "Node Type": "Hash",
                              "Parent Relationship": "Inner",
                              "Parallel Aware": true,
                              "Startup Cost": 43899.32,
                              "Total Cost": 43899.32,
                              "Plan Rows": 142178,
                              "Plan Width": 4,
                              "Actual Startup Time": 163.556,
                              "Actual Total Time": 163.558,
                              "Actual Rows": 146255,
                              "Actual Loops": 4,
                              "Hash Buckets": 1048576,
                              "Original Hash Buckets": 1048576,
                              "Hash Batches": 1,
                              "Original Hash Batches": 1,
                              "Peak Memory Usage": 31136,
                              "Plans": [
                                {
                                  "Node Type": "Seq Scan",
                                  "Parent Relationship": "Outer",
                                  "Parallel Aware": true,
                                  "Relation Name": "title",
                                  "Alias": "t",
                                  "Startup Cost": 0.0,
                                  "Total Cost": 43899.32,
                                  "Plan Rows": 142178,
                                  "Plan Width": 4,
                                  "Actual Startup Time": 0.03,
                                  "Actual Total Time": 101.56,
                                  "Actual Rows": 146255,
                                  "Actual Loops": 4,
                                  "Filter": "(production_year < 1985)",
                                  "Rows Removed by Filter": 485823
                                }
                              ]
                            }
                          ]
                        }
                      ]
                    }
                  ]
                }
              ]
            }
          ]
        }
      ]
    },
    "Planning Time": 1.307,
    "Triggers": [],
    "Execution Time": 608.366
  }
]