[
  {
    "Plan": {
      "Node Type": "Aggregate",
      "Strategy": "Plain",
      "Partial Mode": "Finalize",
      "Parallel Aware": false,
      "Startup Cost": 336016.17,
      "Total Cost": 336016.18,
      "Plan Rows": 1,
      "Plan Width": 8,
      "Actual Startup Time": 828.307,
      "Actual Total Time": 889.575,
      "Actual Rows": 1,
      "Actual Loops": 1,
      "Plans": [
        {
          "Node Type": "Gather",
          "Parent Relationship": "Outer",
          "Parallel Aware": false,
          "Startup Cost": 336015.54,
          "Total Cost": 336016.15,
          "Plan Rows": 6,
          "Plan Width": 8,
          "Actual Startup Time": 828.173,
          "Actual Total Time": 889.565,
          "Actual Rows": 7,
          "Actual Loops": 1,
          "Workers Planned": 6,
          "Workers Launched": 6,
          "Single Copy": false,
          "Plans": [
            {
              "Node Type": "Aggregate",
              "Strategy": "Plain",
              "Partial Mode": "Partial",
              "Parent Relationship": "Outer",
              "Parallel Aware": false,
              "Startup Cost": 335015.54,
              "Total Cost": 335015.55,
              "Plan Rows": 1,
              "Plan Width": 8,
              "Actual Startup Time": 818.356,
              "Actual Total Time": 818.357,
              "Actual Rows": 1,
              "Actual Loops": 7,
              "Plans": [
                {
                  "Node Type": "Seq Scan",
                  "Parent Relationship": "Outer",
                  "Parallel Aware": true,
                  "Relation Name": "cast_info",
                  "Alias": "ci",
                  "Startup Cost": 0.0,
                  "Total Cost": 328162.03,
                  "Plan Rows": 2741407,
                  "Plan Width": 0,
                  "Actual Startup Time": 0.053,
                  "Actual Total Time": 688.206,
                  "Actual Rows": 2350247,
                  "Actual Loops": 7,
                  "Filter": "(person_id < 1629147)",
                  "Rows Removed by Filter": 2827516
                }
              ]
            }
          ]
        }
      ]
    },
    "Planning Time": 0.198,
    "Triggers": [],
    "Execution Time": 889.646
  }
]