[
  {
    "Plan": {
      "Node Type": "Aggregate",
      "Strategy": "Plain",
      "Partial Mode": "Finalize",
      "Parallel Aware": false,
      "Startup Cost": 95380.95,
      "Total Cost": 95380.96,
      "Plan Rows": 1,
      "Plan Width": 8,
      "Actual Startup Time": 428.621,
      "Actual Total Time": 441.515,
      "Actual Rows": 1,
      "Actual Loops": 1,
      "Plans": [
        {
          "Node Type": "Gather",
          "Parent Relationship": "Outer",
          "Parallel Aware": false,
          "Startup Cost": 95380.64,
          "Total Cost": 95380.95,
          "Plan Rows": 3,
          "Plan Width": 8,
          "Actual Startup Time": 425.422,
          "Actual Total Time": 441.506,
          "Actual Rows": 4,
          "Actual Loops": 1,
          "Workers Planned": 3,
          "Workers Launched": 3,
          "Single Copy": false,
          "Plans": [
            {
              "Node Type": "Aggregate",
              "Strategy": "Plain",
              "Partial Mode": "Partial",
              "Parent Relationship": "Outer",
              "Parallel Aware": false,
              "Startup Cost": 94380.64,
              "Total Cost": 94380.65,
              "Plan Rows": 1,
              "Plan Width": 8,
              "Actual Startup Time": 422.637,
              "Actual Total Time": 422.862,
              "Actual Rows": 1,
              "Actual Loops": 4,
              "Plans": [
                {
                  "Node Type": "Hash Join",
                  "Parent Relationship": "Outer",
                  "Parallel Aware": true,
                  "Join Type": "Inner",
                  "Startup Cost": 63187.0,
                  "Total Cost": 94069.06,
                  "Plan Rows": 124632,
                  "Plan Width": 0,
                  "Actual Startup Time": 254.004,
                  "Actual Total Time": 408.722,
                  "Actual Rows": 357555,
                  "Actual Loops": 4,
                  "Inner Unique": false,
                  "Hash Cond": "(mc.movie_id = t.id)",
                  "Plans": [
                    {
                      "Node Type": "Seq Scan",
                      "Parent Relationship": "Outer",
                      "Parallel Aware": true,
                      "Relation Name": "movie_companies",
                      "Alias": "mc",
                      "Startup Cost": 0.0,
                      "Total Cost": 27206.55,
                      "Plan Rows": 841655,
                      "Plan Width": 4,
                      "Actual Startup Time": 0.022,
                      "Actual Total Time": 52.288,
                      "Actual Rows": 652282,
                      "Actual Loops": 4
                    },
                    {
                      "Node Type": "Hash",
                      "Parent Relationship": "Inner",
                      "Parallel Aware": true,
                      "Startup Cost": 61237.04,
                      "Total Cost": 61237.04,
                      "Plan Rows": 155997,
                      "Plan Width": 8,
                      "Actual Startup Time": 252.521,
                      "Actual Total Time": 252.745,
                      "Actual Rows": 113078,
                      "Actual Loops": 4,
                      "Hash Buckets": 524288,
                      "Original Hash Buckets": 524288,
                      "Hash Batches": 1,
                      "Original Hash Batches": 1,
                      "Peak Memory Usage": 21856,
                      "Plans": [
                        {
                          "Node Type": "Hash Join",
                          "Parent Relationship": "Outer",
                          "Parallel Aware": true,
                          "Join Type": "Inner",
                          "Startup Cost": 46042.48,
                          "Total Cost": 61237.04,
                          "Plan Rows": 155997,
                          "Plan Width": 8,
                          "Actual Startup Time": 144.115,
                          "Actual Total Time": 227.582,
                          "Actual Rows": 113078,
                          "Actual Loops": 4,
                          "Inner Unique": true,
                          "Hash Cond": "(mi_idx.movie_id = t.id)",
                          "Plans": [
                            {
                              "Node Type": "Seq Scan",
                              "Parent Relationship": "Outer",
                              "Parallel Aware": true,
                              "Relation Name": "movie_info_idx",
                              "Alias": "mi_idx",
                              "Startup Cost": 0.0,
                              "Total Cost": 13685.15,
                              "Plan Rows": 575015,
                              "Plan Width": 4,
                              "Actual Startup Time": 0.019,
                              "Actual Total Time": 27.551,
                              "Actual Rows": 345009,
                              "Actual Loops": 4
                            },
                            {
                              "Node Type": "Hash",
                              "Parent Relationship": "Inner",
                              "Parallel Aware": true,
                              "Startup Cost": 43899.01,
                              "Total Cost": 43899.01,
                              "Plan Rows": 171478,
                              "Plan Width": 4,
                              "Actual Startup Time": 142.22,
                              "Actual Total Time": 142.221,
                              "Actual Rows": 171036,
                              "Actual Loops": 4,
                              "Hash Buckets": 1048576,
                              "Original Hash Buckets": 1048576,
                              "Hash Batches": 1,
                              "Original Hash Batches": 1,
                              "Peak Memory Usage": 35008,
                              "Plans": [
                                {
                                  "Node Type": "Seq Scan",
                                  "Parent Relationship": "Outer",
                                  "Parallel Aware": true,
                                  "Relation Name": "title",
                                  "Alias": "t",
                                  "Startup Cost": 0.0,
                                  "Total Cost": 43899.01,
                                  "Plan Rows": 171478,
                                  "Plan Width": 4,
                                  "Actual Startup Time": 0.017,
                                  "Actual Total Time": 83.381,
                                  "Actual Rows": 171036,
                                  "Actual Loops": 4,
                                  "Filter": "(production_year < 1990)",
                                  "Rows Removed by Filter": 461042
                                }
                              ]
                            }
                          ]
                        }
                      ]
                    }
                  ]
                }
              ]
            }
          ]
        }
      ]
    },
    "Planning Time": 0.506,
    "Triggers": [],
    "Execution Time": 441.553
  }
]