[
  {
    "Plan": {
      "Node Type": "Aggregate",
      "Strategy": "Plain",
      "Partial Mode": "Finalize",
      "Parallel Aware": false,
      "Startup Cost": 46491.32,
      "Total Cost": 46491.33,
      "Plan Rows": 1,
      "Plan Width": 8,
      "Actual Startup Time": 106.237,
      "Actual Total Time": 119.392,
      "Actual Rows": 1,
      "Actual Loops": 1,
      "Plans": [
        {
          "Node Type": "Gather",
          "Parent Relationship": "Outer",
          "Parallel Aware": false,
          "Startup Cost": 46490.9,
          "Total Cost": 46491.31,
          "Plan Rows": 4,
          "Plan Width": 8,
          "Actual Startup Time": 106.044,
          "Actual Total Time": 119.38,
          "Actual Rows": 5,
          "Actual Loops": 1,
          "Workers Planned": 4,
          "Workers Launched": 4,
          "Single Copy": false,
          "Plans": [
            {
              "Node Type": "Aggregate",
              "Strategy": "Plain",
              "Partial Mode": "Partial",
              "Parent Relationship": "Outer",
              "Parallel Aware": false,
              "Startup Cost": 45490.9,
              "Total Cost": 45490.91,
              "Plan Rows": 1,
              "Plan Width": 8,
              "Actual Startup Time": 97.735,
              "Actual Total Time": 97.737,
              "Actual Rows": 1,
              "Actual Loops": 5,
              "Plans": [
                {
                  "Node Type": "Seq Scan",
                  "Parent Relationship": "Outer",
                  "Parallel Aware": true,
                  "Relation Name": "title",
                  "Alias": "t",
                  "Startup Cost": 0.0,
                  "Total Cost": 45479.59,
                  "Plan Rows": 4525,
                  "Plan Width": 0,
                  "Actual Startup Time": 0.17,
                  "Actual Total Time": 97.437,
                  "Actual Rows": 2481,
                  "Actual Loops": 5,
                  "Filter": "((kind_id < 3) AND (production_year = 2002))",
                  "Rows Removed by Filter": 503182
                }
              ]
            }
          ]
        }
      ]
    },
    "Planning Time": 0.195,
    "Triggers": [],
    "Execution Time": 119.453
  }
]