[
  {
    "Plan": {
      "Node Type": "Aggregate",
      "Strategy": "Plain",
      "Partial Mode": "Finalize",
      "Parallel Aware": false,
      "Startup Cost": 33331.36,
      "Total Cost": 33331.37,
      "Plan Rows": 1,
      "Plan Width": 8,
      "Actual Startup Time": 100.498,
      "Actual Total Time": 108.604,
      "Actual Rows": 1,
      "Actual Loops": 1,
      "Plans": [
        {
          "Node Type": "Gather",
          "Parent Relationship": "Outer",
          "Parallel Aware": false,
          "Startup Cost": 33331.04,
          "Total Cost": 33331.35,
          "Plan Rows": 3,
          "Plan Width": 8,
          "Actual Startup Time": 100.38,
          "Actual Total Time": 108.597,
          "Actual Rows": 4,
          "Actual Loops": 1,
          "Workers Planned": 3,
          "Workers Launched": 3,
          "Single Copy": false,
          "Plans": [
            {
              "Node Type": "Aggregate",
              "Strategy": "Plain",
              "Partial Mode": "Partial",
              "Parent Relationship": "Outer",
              "Parallel Aware": false,
              "Startup Cost": 32331.04,
              "Total Cost": 32331.05,
              "Plan Rows": 1,
              "Plan Width": 8,
              "Actual Startup Time": 93.418,
              "Actual Total Time": 93.419,
              "Actual Rows": 1,
              "Actual Loops": 4,
              "Plans": [
                {
                  "Node Type": "Seq Scan",
                  "Parent Relationship": "Outer",
                  "Parallel Aware": true,
                  "Relation Name": "movie_companies",
                  "Alias": "mc",
                  "Startup Cost": 0.0,
                  "Total Cost": 31414.82,
                  "Plan Rows": 366488,
                  "Plan Width": 0,
                  "Actual Startup Time": 45.965,
                  "Actual Total Time": 81.672,
                  "Actual Rows": 312555,
                  "Actual Loops": 4,
                  "Filter": "((company_id > 196) AND (company_type_id > 1))",
                  "Rows Removed by Filter": 339728
                }
              ]
            }
          ]
        }
      ]
    },
    "Planning Time": 0.213,
    "Triggers": [],
    "Execution Time": 108.661
  }
]