[
  {
    "Plan": {
      "Node Type": "Aggregate",
      "Strategy": "Plain",
      "Partial Mode": "Finalize",
      "Parallel Aware": false,
      "Startup Cost": 186781.63,
      "Total Cost": 186781.64,
      "Plan Rows": 1,
      "Plan Width": 8,
      "Actual Startup Time": 171.733,
      "Actual Total Time": 181.26,
      "Actual Rows": 1,
      "Actual Loops": 1,
      "Plans": [
        {
          "Node Type": "Gather",
          "Parent Relationship": "Outer",
          "Parallel Aware": false,
          "Startup Cost": 186781.11,
          "Total Cost": 186781.62,
          "Plan Rows": 5,
          "Plan Width": 8,
          "Actual Startup Time": 170.924,
          "Actual Total Time": 181.246,
          "Actual Rows": 6,
          "Actual Loops": 1,
          "Workers Planned": 5,
          "Workers Launched": 5,
          "Single Copy": false,
          "Plans": [
            {
              "Node Type": "Aggregate",
              "Strategy": "Plain",
              "Partial Mode": "Partial",
              "Parent Relationship": "Outer",
              "Parallel Aware": false,
              "Startup Cost": 185781.11,
              "Total Cost": 185781.12,
              "Plan Rows": 1,
              "Plan Width": 8,
              "Actual Startup Time": 164.295,
              "Actual Total Time": 164.297,
              "Actual Rows": 1,
              "Actual Loops": 6,
              "Plans": [
                {
                  "Node Type": "Bitmap Heap Scan",
                  "Parent Relationship": "Outer",
                  "Parallel Aware": true,
                  "Relation Name": "movie_info",
                  "Alias": "mi",
                  "Startup Cost": 20401.41,
                  "Total Cost": 185216.66,
                  "Plan Rows": 225780,
                  "Plan Width": 0,
                  "Actual Startup Time": 60.112,
                  "Actual Total Time": 152.522,
                  "Actual Rows": 186995,
                  "Actual Loops": 6,
                  "Recheck Cond": "(info_type_id > 62)",
                  "Rows Removed by Index Recheck": 0,
                  "Exact Heap Blocks": 14386,
                  "Lossy Heap Blocks": 0,
                  "Plans": [
                    {
                      "Node Type": "Bitmap Index Scan",
                      "Parent Relationship": "Outer",
                      "Parallel Aware": false,
                      "Index Name": "info_type_id_movie_info",
                      "Startup Cost": 0.0,
                      "Total Cost": 20119.19,
                      "Plan Rows": 1128900,
                      "Plan Width": 0,
                      "Actual Startup Time": 60.428,
                      "Actual Total Time": 60.429,
                      "Actual Rows": 1121972,
                      "Actual Loops": 1,
                      "Index Cond": "(info_type_id > 62)"
                    }
                  ]
                }
              ]
            }
          ]
        }
      ]
    },
    "Planning Time": 0.126,
    "Triggers": [],
    "Execution Time": 181.317
  }
]