[
  {
    "Plan": {
      "Node Type": "Aggregate",
      "Strategy": "Plain",
      "Partial Mode": "Finalize",
      "Parallel Aware": false,
      "Startup Cost": 79387.37,
      "Total Cost": 79387.38,
      "Plan Rows": 1,
      "Plan Width": 8,
      "Actual Startup Time": 400.854,
      "Actual Total Time": 415.241,
      "Actual Rows": 1,
      "Actual Loops": 1,
      "Plans": [
        {
          "Node Type": "Gather",
          "Parent Relationship": "Outer",
          "Parallel Aware": false,
          "Startup Cost": 79387.05,
          "Total Cost": 79387.36,
          "Plan Rows": 3,
          "Plan Width": 8,
          "Actual Startup Time": 396.043,
          "Actual Total Time": 415.233,
          "Actual Rows": 4,
          "Actual Loops": 1,
          "Workers Planned": 3,
          "Workers Launched": 3,
          "Single Copy": false,
          "Plans": [
            {
              "Node Type": "Aggregate",
              "Strategy": "Plain",
              "Partial Mode": "Partial",
              "Parent Relationship": "Outer",
              "Parallel Aware": false,
              "Startup Cost": 78387.05,
              "Total Cost": 78387.06,
              "Plan Rows": 1,
              "Plan Width": 8,
              "Actual Startup Time": 390.204,
              "Actual Total Time": 390.207,
              "Actual Rows": 1,
              "Actual Loops": 4,
              "Plans": [
                {
                  "Node Type": "Hash Join",
                  "Parent Relationship": "Outer",
                  "Parallel Aware": true,
                  "Join Type": "Inner",
                  "Startup Cost": 48236.89,
                  "Total Cost": 77652.78,
                  "Plan Rows": 293710,
                  "Plan Width": 0,
                  "Actual Startup Time": 183.751,
                  "Actual Total Time": 382.864,
                  "Actual Rows": 151501,
                  "Actual Loops": 4,
                  "Inner Unique": true,
                  "Hash Cond": "(mc.movie_id = t.id)",
                  "Plans": [
                    {
                      "Node Type": "Seq Scan",
                      "Parent Relationship": "Outer",
                      "Parallel Aware": true,
                      "Relation Name": "movie_companies",
                      "Alias": "mc",
                      "Startup Cost": 0.0,
                      "Total Cost": 27206.55,
                      "Plan Rows": 841655,
                      "Plan Width": 4,
                      "Actual Startup Time": 0.01,
                      "Actual Total Time": 58.778,
                      "Actual Rows": 652282,
                      "Actual Loops": 4
                    },
                    {
                      "Node Type": "Hash",
                      "Parent Relationship": "Inner",
                      "Parallel Aware": true,
                      "Startup Cost": 45479.59,
                      "Total Cost": 45479.59,
                      "Plan Rows": 220584,
                      "Plan Width": 4,
                      "Actual Startup Time": 180.091,
                      "Actual Total Time": 180.092,
                      "Actual Rows": 200584,
                      "Actual Loops": 4,
                      "Hash Buckets": 1048576,
                      "Original Hash Buckets": 1048576,
                      "Hash Batches": 1,
                      "Original Hash Batches": 1,
                      "Peak Memory Usage": 39680,
                      "Plans": [
                        {
                          "Node Type": "Seq Scan",
                          "Parent Relationship": "Outer",
                          "Parallel Aware": true,
                          "Relation Name": "title",
                          "Alias": "t",
                          "Startup Cost": 0.0,
                          "Total Cost": 45479.59,
                          "Plan Rows": 220584,
                          "Plan Width": 4,
                          "Actual Startup Time": 0.036,
                          "Actual Total Time": 105.564,
                          "Actual Rows": 200584,
                          "Actual Loops": 4,
                          "Filter": "((kind_id > 2) AND (production_year < 2004))",
                          "Rows Removed by Filter": 431494
                        }
                      ]
                    }
                  ]
                }
              ]
            }
          ]
        }
      ]
    },
    "Planning Time": 0.471,
    "Triggers": [],
    "Execution Time": 415.292
  }
]