{
  "Plan": {
    "Node Type": "Aggregate",
    "Strategy": "Plain",
    "Partial Mode": "Finalize",
    "Parallel Aware": false,
    "Startup Cost": 118258.76,
    "Total Cost": 118258.77,
    "Plan Rows": 1,
    "Plan Width": 8,
    "Actual Startup Time": 623.522,
    "Actual Total Time": 640.497,
    "Actual Rows": 1,
    "Actual Loops": 1,
    "Plans": [
      {
        "Node Type": "Gather",
        "Parent Relationship": "Outer",
        "Parallel Aware": false,
        "Startup Cost": 118258.64,
        "Total Cost": 118258.75,
        "Plan Rows": 1,
        "Plan Width": 8,
        "Actual Startup Time": 622.857,
        "Actual Total Time": 640.489,
        "Actual Rows": 2,
        "Actual Loops": 1,
        "Workers Planned": 1,
        "Workers Launched": 1,
        "Single Copy": false,
        "Plans": [
          {
            "Node Type": "Aggregate",
            "Strategy": "Plain",
            "Partial Mode": "Partial",
            "Parent Relationship": "Outer",
            "Parallel Aware": false,
            "Startup Cost": 117258.64,
            "Total Cost": 117258.65,
            "Plan Rows": 1,
            "Plan Width": 8,
            "Actual Startup Time": 618.12,
            "Actual Total Time": 618.124,
            "Actual Rows": 1,
            "Actual Loops": 2,
            "Plans": [
              {
                "Node Type": "Hash Join",
                "Parent Relationship": "Outer",
                "Parallel Aware": true,
                "Join Type": "Inner",
                "Startup Cost": 58970.26,
                "Total Cost": 117021.1,
                "Plan Rows": 95018,
                "Plan Width": 0,
                "Actual Startup Time": 188.204,
                "Actual Total Time": 601.107,
                "Actual Rows": 346137,
                "Actual Loops": 2,
                "Inner Unique": true,
                "Hash Cond": "(mk.movie_id = t.id)",
                "Plans": [
                  {
                    "Node Type": "Seq Scan",
                    "Parent Relationship": "Outer",
                    "Parallel Aware": true,
                    "Relation Name": "movie_keyword",
                    "Alias": "mk",
                    "Startup Cost": 0.0,
                    "Total Cost": 51065.35,
                    "Plan Rows": 2661135,
                    "Plan Width": 4,
                    "Actual Startup Time": 0.014,
                    "Actual Total Time": 182.361,
                    "Actual Rows": 2261965,
                    "Actual Loops": 2
                  },
                  {
                    "Node Type": "Hash",
                    "Parent Relationship": "Inner",
                    "Parallel Aware": true,
                    "Startup Cost": 58306.47,
                    "Total Cost": 58306.47,
                    "Plan Rows": 53103,
                    "Plan Width": 4,
                    "Actual Startup Time": 185.003,
                    "Actual Total Time": 185.004,
                    "Actual Rows": 97486,
                    "Actual Loops": 2,
                    "Hash Buckets": 262144,
                    "Original Hash Buckets": 131072,
                    "Hash Batches": 1,
                    "Original Hash Batches": 1,
                    "Peak Memory Usage": 10720,
                    "Plans": [
                      {
                        "Node Type": "Seq Scan",
                        "Parent Relationship": "Outer",
                        "Parallel Aware": true,
                        "Relation Name": "title",
                        "Alias": "t",
                        "Startup Cost": 0.0,
                        "Total Cost": 58306.47,
                        "Plan Rows": 53103,
                        "Plan Width": 4,
                        "Actual Startup Time": 0.34,
                        "Actual Total Time": 157.223,
                        "Actual Rows": 97486,
                        "Actual Loops": 2,
                        "Filter": "((kind_id < 7) AND (production_year < 1960))",
                        "Rows Removed by Filter": 1166670
                      }
                    ]
                  }
                ]
              }
            ]
          }
        ]
      }
    ]
  },
  "Planning Time": 0.443,
  "Triggers": [],
  "Execution Time": 640.569
}