{
  "Plan": {
    "Node Type": "Aggregate",
    "Strategy": "Plain",
    "Partial Mode": "Finalize",
    "Parallel Aware": false,
    "Startup Cost": 337268.39,
    "Total Cost": 337268.4,
    "Plan Rows": 1,
    "Plan Width": 8,
    "Actual Startup Time": 353.948,
    "Actual Total Time": 369.27,
    "Actual Rows": 1,
    "Actual Loops": 1,
    "Plans": [
      {
        "Node Type": "Gather",
        "Parent Relationship": "Outer",
        "Parallel Aware": false,
        "Startup Cost": 337268.28,
        "Total Cost": 337268.39,
        "Plan Rows": 1,
        "Plan Width": 8,
        "Actual Startup Time": 352.781,
        "Actual Total Time": 369.262,
        "Actual Rows": 2,
        "Actual Loops": 1,
        "Workers Planned": 1,
        "Workers Launched": 1,
        "Single Copy": false,
        "Plans": [
          {
            "Node Type": "Aggregate",
            "Strategy": "Plain",
            "Partial Mode": "Partial",
            "Parent Relationship": "Outer",
            "Parallel Aware": false,
            "Startup Cost": 336268.28,
            "Total Cost": 336268.29,
            "Plan Rows": 1,
            "Plan Width": 8,
            "Actual Startup Time": 346.852,
            "Actual Total Time": 346.859,
            "Actual Rows": 1,
            "Actual Loops": 2,
            "Plans": [
              {
                "Node Type": "Hash Join",
                "Parent Relationship": "Outer",
                "Parallel Aware": true,
                "Join Type": "Inner",
                "Startup Cost": 76613.66,
                "Total Cost": 336195.41,
                "Plan Rows": 29150,
                "Plan Width": 0,
                "Actual Startup Time": 233.517,
                "Actual Total Time": 346.184,
                "Actual Rows": 10912,
                "Actual Loops": 2,
                "Inner Unique": true,
                "Hash Cond": "(ci.movie_id = t.id)",
                "Plans": [
                  {
                    "Node Type": "Bitmap Heap Scan",
                    "Parent Relationship": "Outer",
                    "Parallel Aware": true,
                    "Relation Name": "cast_info",
                    "Alias": "ci",
                    "Startup Cost": 17118.4,
                    "Total Cost": 275503.53,
                    "Plan Rows": 455851,
                    "Plan Width": 4,
                    "Actual Startup Time": 26.827,
                    "Actual Total Time": 75.518,
                    "Actual Rows": 371847,
                    "Actual Loops": 2,
                    "Recheck Cond": "(person_id > 3919423)",
                    "Rows Removed by Index Recheck": 0,
                    "Exact Heap Blocks": 6703,
                    "Lossy Heap Blocks": 0,
                    "Plans": [
                      {
                        "Node Type": "Bitmap Index Scan",
                        "Parent Relationship": "Outer",
                        "Parallel Aware": false,
                        "Index Name": "person_id_cast_info",
                        "Startup Cost": 0.0,
                        "Total Cost": 16924.66,
                        "Plan Rows": 774946,
                        "Plan Width": 0,
                        "Actual Startup Time": 25.314,
                        "Actual Total Time": 25.314,
                        "Actual Rows": 743694,
                        "Actual Loops": 1,
                        "Index Cond": "(person_id > 3919423)"
                      }
                    ]
                  },
                  {
                    "Node Type": "Hash",
                    "Parent Relationship": "Inner",
                    "Parallel Aware": true,
                    "Startup Cost": 58306.47,
                    "Total Cost": 58306.47,
                    "Plan Rows": 95104,
                    "Plan Width": 4,
                    "Actual Startup Time": 203.355,
                    "Actual Total Time": 203.356,
                    "Actual Rows": 134958,
                    "Actual Loops": 2,
                    "Hash Buckets": 524288,
                    "Original Hash Buckets": 262144,
                    "Hash Batches": 1,
                    "Original Hash Batches": 1,
                    "Peak Memory Usage": 16736,
                    "Plans": [
                      {
                        "Node Type": "Seq Scan",
                        "Parent Relationship": "Outer",
                        "Parallel Aware": true,
                        "Relation Name": "title",
                        "Alias": "t",
                        "Startup Cost": 0.0,
                        "Total Cost": 58306.47,
                        "Plan Rows": 95104,
                        "Plan Width": 4,
                        "Actual Startup Time": 0.152,
                        "Actual Total Time": 163.074,
                        "Actual Rows": 134958,
                        "Actual Loops": 2,
                        "Filter": "((kind_id < 7) AND (production_year < 1974))",
                        "Rows Removed by Filter": 1129198
                      }
                    ]
                  }
                ]
              }
            ]
          }
        ]
      }
    ]
  },
  "Planning Time": 0.657,
  "Triggers": [],
  "Execution Time": 369.364
}