[
  {
    "Plan": {
      "Node Type": "Aggregate",
      "Strategy": "Plain",
      "Partial Mode": "Finalize",
      "Parallel Aware": false,
      "Startup Cost": 90821.08,
      "Total Cost": 90821.09,
      "Plan Rows": 1,
      "Plan Width": 8,
      "Actual Startup Time": 642.727,
      "Actual Total Time": 663.599,
      "Actual Rows": 1,
      "Actual Loops": 1,
      "Plans": [
        {
          "Node Type": "Gather",
          "Parent Relationship": "Outer",
          "Parallel Aware": false,
          "Startup Cost": 90820.76,
          "Total Cost": 90821.07,
          "Plan Rows": 3,
          "Plan Width": 8,
          "Actual Startup Time": 615.809,
          "Actual Total Time": 663.586,
          "Actual Rows": 4,
          "Actual Loops": 1,
          "Workers Planned": 3,
          "Workers Launched": 3,
          "Single Copy": false,
          "Plans": [
            {
              "Node Type": "Aggregate",
              "Strategy": "Plain",
              "Partial Mode": "Partial",
              "Parent Relationship": "Outer",
              "Parallel Aware": false,
              "Startup Cost": 89820.76,
              "Total Cost": 89820.77,
              "Plan Rows": 1,
              "Plan Width": 8,
              "Actual Startup Time": 599.787,
              "Actual Total Time": 599.794,
              "Actual Rows": 1,
              "Actual Loops": 4,
              "Plans": [
                {
                  "Node Type": "Hash Join",
                  "Parent Relationship": "Outer",
                  "Parallel Aware": true,
                  "Join Type": "Inner",
                  "Startup Cost": 62165.09,
                  "Total Cost": 89366.63,
                  "Plan Rows": 181655,
                  "Plan Width": 0,
                  "Actual Startup Time": 458.933,
                  "Actual Total Time": 590.997,
                  "Actual Rows": 142574,
                  "Actual Loops": 4,
                  "Inner Unique": true,
                  "Hash Cond": "(mk.movie_id = t.id)",
                  "Plans": [
                    {
                      "Node Type": "Bitmap Heap Scan",
                      "Parent Relationship": "Outer",
                      "Parallel Aware": true,
                      "Relation Name": "movie_keyword",
                      "Alias": "mk",
                      "Startup Cost": 11944.71,
                      "Total Cost": 38669.4,
                      "Plan Rows": 181655,
                      "Plan Width": 4,
                      "Actual Startup Time": 30.772,
                      "Actual Total Time": 100.262,
                      "Actual Rows": 142574,
                      "Actual Loops": 4,
                      "Recheck Cond": "(keyword_id < 405)",
                      "Rows Removed by Index Recheck": 0,
                      "Exact Heap Blocks": 8727,
                      "Lossy Heap Blocks": 0,
                      "Plans": [
                        {
                          "Node Type": "Bitmap Index Scan",
                          "Parent Relationship": "Outer",
                          "Parallel Aware": false,
                          "Index Name": "keyword_id_movie_keyword",
                          "Startup Cost": 0.0,
                          "Total Cost": 11803.92,
                          "Plan Rows": 563132,
                          "Plan Width": 0,
                          "Actual Startup Time": 27.051,
                          "Actual Total Time": 27.052,
                          "Actual Rows": 570298,
                          "Actual Loops": 1,
                          "Index Cond": "(keyword_id < 405)"
                        }
                      ]
                    },
                    {
                      "Node Type": "Hash",
                      "Parent Relationship": "Inner",
                      "Parallel Aware": true,
                      "Startup Cost": 42319.06,
                      "Total Cost": 42319.06,
                      "Plan Rows": 632106,
                      "Plan Width": 4,
                      "Actual Startup Time": 418.097,
                      "Actual Total Time": 418.099,
                      "Actual Rows": 632078,
                      "Actual Loops": 4,
                      "Hash Buckets": 4194304,
                      "Original Hash Buckets": 4194304,
                      "Hash Batches": 1,
                      "Original Hash Batches": 1,
                      "Peak Memory Usage": 131744,
                      "Plans": [
                        {
                          "Node Type": "Seq Scan",
                          "Parent Relationship": "Outer",
                          "Parallel Aware": true,
                          "Relation Name": "title",
                          "Alias": "t",
                          "Startup Cost": 0.0,
                          "Total Cost": 42319.06,
                          "Plan Rows": 632106,
                          "Plan Width": 4,
                          "Actual Startup Time": 0.033,
                          "Actual Total Time": 129.059,
                          "Actual Rows": 632078,
                          "Actual Loops": 4
                        }
                      ]
                    }
                  ]
                }
              ]
            }
          ]
        }
      ]
    },
    "Planning Time": 0.311,
    "Triggers": [],
    "Execution Time": 663.659
  }
]