[
  {
    "Plan": {
      "Node Type": "Aggregate",
      "Strategy": "Plain",
      "Partial Mode": "Finalize",
      "Parallel Aware": false,
      "Startup Cost": 46633.07,
      "Total Cost": 46633.08,
      "Plan Rows": 1,
      "Plan Width": 8,
      "Actual Startup Time": 170.973,
      "Actual Total Time": 179.049,
      "Actual Rows": 1,
      "Actual Loops": 1,
      "Plans": [
        {
          "Node Type": "Gather",
          "Parent Relationship": "Outer",
          "Parallel Aware": false,
          "Startup Cost": 46632.75,
          "Total Cost": 46633.06,
          "Plan Rows": 3,
          "Plan Width": 8,
          "Actual Startup Time": 170.856,
          "Actual Total Time": 179.039,
          "Actual Rows": 4,
          "Actual Loops": 1,
          "Workers Planned": 3,
          "Workers Launched": 3,
          "Single Copy": false,
          "Plans": [
            {
              "Node Type": "Aggregate",
              "Strategy": "Plain",
              "Partial Mode": "Partial",
              "Parent Relationship": "Outer",
              "Parallel Aware": false,
              "Startup Cost": 45632.75,
              "Total Cost": 45632.76,
              "Plan Rows": 1,
              "Plan Width": 8,
              "Actual Startup Time": 163.436,
              "Actual Total Time": 163.437,
              "Actual Rows": 1,
              "Actual Loops": 4,
              "Plans": [
                {
                  "Node Type": "Seq Scan",
                  "Parent Relationship": "Outer",
                  "Parallel Aware": true,
                  "Relation Name": "movie_keyword",
                  "Alias": "mk",
                  "Startup Cost": 0.0,
                  "Total Cost": 42695.65,
                  "Plan Rows": 1174839,
                  "Plan Width": 0,
                  "Actual Startup Time": 0.064,
                  "Actual Total Time": 123.237,
                  "Actual Rows": 911195,
                  "Actual Loops": 4,
                  "Filter": "(keyword_id < 20982)",
                  "Rows Removed by Filter": 219788
                }
              ]
            }
          ]
        }
      ]
    },
    "Planning Time": 0.196,
    "Triggers": [],
    "Execution Time": 179.112
  }
]