[
  {
    "Plan": {
      "Node Type": "Aggregate",
      "Strategy": "Plain",
      "Partial Mode": "Finalize",
      "Parallel Aware": false,
      "Startup Cost": 76732.95,
      "Total Cost": 76732.96,
      "Plan Rows": 1,
      "Plan Width": 8,
      "Actual Startup Time": 172.283,
      "Actual Total Time": 189.658,
      "Actual Rows": 1,
      "Actual Loops": 1,
      "Plans": [
        {
          "Node Type": "Gather",
          "Parent Relationship": "Outer",
          "Parallel Aware": false,
          "Startup Cost": 76732.64,
          "Total Cost": 76732.95,
          "Plan Rows": 3,
          "Plan Width": 8,
          "Actual Startup Time": 171.683,
          "Actual Total Time": 189.65,
          "Actual Rows": 4,
          "Actual Loops": 1,
          "Workers Planned": 3,
          "Workers Launched": 3,
          "Single Copy": false,
          "Plans": [
            {
              "Node Type": "Aggregate",
              "Strategy": "Plain",
              "Partial Mode": "Partial",
              "Parent Relationship": "Outer",
              "Parallel Aware": false,
              "Startup Cost": 75732.64,
              "Total Cost": 75732.65,
              "Plan Rows": 1,
              "Plan Width": 8,
              "Actual Startup Time": 167.792,
              "Actual Total Time": 167.796,
              "Actual Rows": 1,
              "Actual Loops": 4,
              "Plans": [
                {
                  "Node Type": "Hash Join",
                  "Parent Relationship": "Outer",
                  "Parallel Aware": true,
                  "Join Type": "Inner",
                  "Startup Cost": 50206.56,
                  "Total Cost": 75731.07,
                  "Plan Rows": 628,
                  "Plan Width": 0,
                  "Actual Startup Time": 119.089,
                  "Actual Total Time": 167.742,
                  "Actual Rows": 345,
                  "Actual Loops": 4,
                  "Inner Unique": true,
                  "Hash Cond": "(mk.movie_id = t.id)",
                  "Plans": [
                    {
                      "Node Type": "Bitmap Heap Scan",
                      "Parent Relationship": "Outer",
                      "Parallel Aware": true,
                      "Relation Name": "movie_keyword",
                      "Alias": "mk",
                      "Startup Cost": 4656.85,
                      "Total Cost": 29995.57,
                      "Plan Rows": 70777,
                      "Plan Width": 4,
                      "Actual Startup Time": 17.849,
                      "Actual Total Time": 59.929,
                      "Actual Rows": 56332,
                      "Actual Loops": 4,
                      "Recheck Cond": "(keyword_id > 64018)",
                      "Rows Removed by Index Recheck": 0,
                      "Exact Heap Blocks": 7969,
                      "Lossy Heap Blocks": 0,
                      "Plans": [
                        {
                          "Node Type": "Bitmap Index Scan",
                          "Parent Relationship": "Outer",
                          "Parallel Aware": false,
                          "Index Name": "keyword_id_movie_keyword",
                          "Startup Cost": 0.0,
                          "Total Cost": 4602.0,
                          "Plan Rows": 219409,
                          "Plan Width": 0,
                          "Actual Startup Time": 14.739,
                          "Actual Total Time": 14.739,
                          "Actual Rows": 225329,
                          "Actual Loops": 1,
                          "Index Cond": "(keyword_id > 64018)"
                        }
                      ]
                    },
                    {
                      "Node Type": "Hash",
                      "Parent Relationship": "Inner",
                      "Parallel Aware": true,
                      "Startup Cost": 45479.59,
                      "Total Cost": 45479.59,
                      "Plan Rows": 5610,
                      "Plan Width": 4,
                      "Actual Startup Time": 97.797,
                      "Actual Total Time": 97.798,
                      "Actual Rows": 14962,
                      "Actual Loops": 4,
                      "Hash Buckets": 65536,
                      "Original Hash Buckets": 32768,
                      "Hash Batches": 1,
                      "Original Hash Batches": 1,
                      "Peak Memory Usage": 3168,
                      "Plans": [
                        {
                          "Node Type": "Seq Scan",
                          "Parent Relationship": "Outer",
                          "Parallel Aware": true,
                          "Relation Name": "title",
                          "Alias": "t",
                          "Startup Cost": 0.0,
                          "Total Cost": 45479.59,
                          "Plan Rows": 5610,
                          "Plan Width": 4,
                          "Actual Startup Time": 56.842,
                          "Actual Total Time": 91.032,
                          "Actual Rows": 14962,
                          "Actual Loops": 4,
                          "Filter": "((kind_id < 7) AND (production_year < 1915))",
                          "Rows Removed by Filter": 617116
                        }
                      ]
                    }
                  ]
                }
              ]
            }
          ]
        }
      ]
    },
    "Planning Time": 0.259,
    "Triggers": [],
    "Execution Time": 189.703
  }
]