{
    "Plan": {
        "Node Type": "Aggregate",
        "Strategy": "Plain",
        "Partial Mode": "Simple",
        "Parallel Aware": false,
        "Startup Cost": 60000585414.93,
        "Total Cost": 60000585414.94,
        "Plan Rows": 1,
        "Plan Width": 64,
        "Actual Startup Time": 2034.596,
        "Actual Total Time": 2034.61,
        "Actual Rows": 1,
        "Actual Loops": 1,
        "Output": [
            "min((kt.kind)::text)",
            "min(t.title)"
        ],
        "Plans": [
            {
                "Node Type": "Nested Loop",
                "Parent Relationship": "Outer",
                "Parallel Aware": false,
                "Join Type": "Inner",
                "Startup Cost": 60000584981.54,
                "Total Cost": 60000585414.92,
                "Plan Rows": 1,
                "Plan Width": 27,
                "Actual Startup Time": 2021.778,
                "Actual Total Time": 2034.476,
                "Actual Rows": 628,
                "Actual Loops": 1,
                "Output": [
                    "kt.kind",
                    "t.title"
                ],
                "Inner Unique": true,
                "Plans": [
                    {
                        "Node Type": "Merge Join",
                        "Parent Relationship": "Outer",
                        "Parallel Aware": false,
                        "Join Type": "Inner",
                        "Startup Cost": 50000584981.4,
                        "Total Cost": 50000585402.6,
                        "Plan Rows": 2,
                        "Plan Width": 31,
                        "Actual Startup Time": 2021.755,
                        "Actual Total Time": 2031.752,
                        "Actual Rows": 706,
                        "Actual Loops": 1,
                        "Output": [
                            "cc.status_id",
                            "t.title",
                            "kt.kind"
                        ],
                        "Inner Unique": false,
                        "Merge Cond": "(mc.company_id = cn.id)",
                        "Plans": [
                            {
                                "Node Type": "Sort",
                                "Parent Relationship": "Outer",
                                "Parallel Aware": false,
                                "Startup Cost": 50000572151.74,
                                "Total Cost": 50000572151.75,
                                "Plan Rows": 4,
                                "Plan Width": 35,
                                "Actual Startup Time": 1979.412,
                                "Actual Total Time": 1979.503,
                                "Actual Rows": 710,
                                "Actual Loops": 1,
                                "Output": [
                                    "cc.status_id",
                                    "mc.company_id",
                                    "t.title",
                                    "kt.kind"
                                ],
                                "Sort Key": [
                                    "mc.company_id"
                                ],
                                "Sort Method": "quicksort",
                                "Sort Space Used": 80,
                                "Sort Space Type": "Memory",
                                "Plans": [
                                    {
                                        "Node Type": "Hash Join",
                                        "Parent Relationship": "Outer",
                                        "Parallel Aware": false,
                                        "Join Type": "Inner",
                                        "Startup Cost": 50000517483.86,
                                        "Total Cost": 50000572151.7,
                                        "Plan Rows": 4,
                                        "Plan Width": 35,
                                        "Actual Startup Time": 1687.599,
                                        "Actual Total Time": 1979.284,
                                        "Actual Rows": 710,
                                        "Actual Loops": 1,
                                        "Output": [
                                            "cc.status_id",
                                            "mc.company_id",
                                            "t.title",
                                            "kt.kind"
                                        ],
                                        "Inner Unique": false,
                                        "Hash Cond": "(t.id = cc.movie_id)",
                                        "Plans": [
                                            {
                                                "Node Type": "Nested Loop",
                                                "Parent Relationship": "Outer",
                                                "Parallel Aware": false,
                                                "Join Type": "Inner",
                                                "Startup Cost": 50000510436.8,
                                                "Total Cost": 50000565104.56,
                                                "Plan Rows": 15,
                                                "Plan Width": 47,
                                                "Actual Startup Time": 1635.474,
                                                "Actual Total Time": 1936.314,
                                                "Actual Rows": 4502,
                                                "Actual Loops": 1,
                                                "Output": [
                                                    "mc.movie_id",
                                                    "mc.company_id",
                                                    "mi.movie_id",
                                                    "mk.movie_id",
                                                    "t.title",
                                                    "t.id",
                                                    "kt.kind"
                                                ],
                                                "Inner Unique": true,
                                                "Plans": [
                                                    {
                                                        "Node Type": "Hash Join",
                                                        "Parent Relationship": "Outer",
                                                        "Parallel Aware": false,
                                                        "Join Type": "Inner",
                                                        "Startup Cost": 50000510436.67,
                                                        "Total Cost": 50000565102.23,
                                                        "Plan Rows": 16,
                                                        "Plan Width": 51,
                                                        "Actual Startup Time": 1635.457,
                                                        "Actual Total Time": 1932.821,
                                                        "Actual Rows": 4502,
                                                        "Actual Loops": 1,
                                                        "Output": [
                                                            "mi.movie_id",
                                                            "mc.movie_id",
                                                            "mc.company_id",
                                                            "mc.company_type_id",
                                                            "mk.movie_id",
                                                            "t.title",
                                                            "t.id",
                                                            "kt.kind"
                                                        ],
                                                        "Inner Unique": false,
                                                        "Hash Cond": "(mc.movie_id = t.id)",
                                                        "Plans": [
                                                            {
                                                                "Node Type": "Seq Scan",
                                                                "Parent Relationship": "Outer",
                                                                "Parallel Aware": false,
                                                                "Relation Name": "movie_companies",
                                                                "Schema": "public",
                                                                "Alias": "mc",
                                                                "Startup Cost": 10000000000.0,
                                                                "Total Cost": 10000044881.29,
                                                                "Plan Rows": 2609129,
                                                                "Plan Width": 12,
                                                                "Actual Startup Time": 0.014,
                                                                "Actual Total Time": 185.197,
                                                                "Actual Rows": 2609129,
                                                                "Actual Loops": 1,
                                                                "Output": [
                                                                    "mc.id",
                                                                    "mc.movie_id",
                                                                    "mc.company_id",
                                                                    "mc.company_type_id",
                                                                    "mc.note"
                                                                ]
                                                            },
                                                            {
                                                                "Node Type": "Hash",
                                                                "Parent Relationship": "Inner",
                                                                "Parallel Aware": false,
                                                                "Startup Cost": 40000510436.64,
                                                                "Total Cost": 40000510436.64,
                                                                "Plan Rows": 3,
                                                                "Plan Width": 39,
                                                                "Actual Startup Time": 1578.15,
                                                                "Actual Total Time": 1578.159,
                                                                "Actual Rows": 2549,
                                                                "Actual Loops": 1,
                                                                "Output": [
                                                                    "mi.movie_id",
                                                                    "mk.movie_id",
                                                                    "t.title",
                                                                    "t.id",
                                                                    "kt.kind"
                                                                ],
                                                                "Hash Buckets": 4096,
                                                                "Original Hash Buckets": 1024,
                                                                "Hash Batches": 1,
                                                                "Original Hash Batches": 1,
                                                                "Peak Memory Usage": 200,
                                                                "Plans": [
                                                                    {
                                                                        "Node Type": "Merge Join",
                                                                        "Parent Relationship": "Outer",
                                                                        "Parallel Aware": false,
                                                                        "Join Type": "Inner",
                                                                        "Startup Cost": 40000505107.94,
                                                                        "Total Cost": 40000510436.64,
                                                                        "Plan Rows": 3,
                                                                        "Plan Width": 39,
                                                                        "Actual Startup Time": 1534.984,
                                                                        "Actual Total Time": 1577.681,
                                                                        "Actual Rows": 2549,
                                                                        "Actual Loops": 1,
                                                                        "Output": [
                                                                            "mi.movie_id",
                                                                            "mk.movie_id",
                                                                            "t.title",
                                                                            "t.id",
                                                                            "kt.kind"
                                                                        ],
                                                                        "Inner Unique": false,
                                                                        "Merge Cond": "(k.id = mk.keyword_id)",
                                                                        "Plans": [
                                                                            {
                                                                                "Node Type": "Index Scan",
                                                                                "Parent Relationship": "Outer",
                                                                                "Parallel Aware": false,
                                                                                "Scan Direction": "Forward",
                                                                                "Index Name": "keyword_pkey",
                                                                                "Relation Name": "keyword",
                                                                                "Schema": "public",
                                                                                "Alias": "k",
                                                                                "Startup Cost": 0.42,
                                                                                "Total Cost": 5007.5,
                                                                                "Plan Rows": 134170,
                                                                                "Plan Width": 4,
                                                                                "Actual Startup Time": 0.013,
                                                                                "Actual Total Time": 34.296,
                                                                                "Actual Rows": 130692,
                                                                                "Actual Loops": 1,
                                                                                "Output": [
                                                                                    "k.id",
                                                                                    "k.keyword",
                                                                                    "k.phonetic_code"
                                                                                ]
                                                                            },
                                                                            {
                                                                                "Node Type": "Sort",
                                                                                "Parent Relationship": "Inner",
                                                                                "Parallel Aware": false,
                                                                                "Startup Cost": 40000505107.52,
                                                                                "Total Cost": 40000505107.53,
                                                                                "Plan Rows": 3,
                                                                                "Plan Width": 43,
                                                                                "Actual Startup Time": 1534.967,
                                                                                "Actual Total Time": 1535.223,
                                                                                "Actual Rows": 2549,
                                                                                "Actual Loops": 1,
                                                                                "Output": [
                                                                                    "mi.movie_id",
                                                                                    "mk.movie_id",
                                                                                    "mk.keyword_id",
                                                                                    "t.title",
                                                                                    "t.id",
                                                                                    "kt.kind"
                                                                                ],
                                                                                "Sort Key": [
                                                                                    "mk.keyword_id"
                                                                                ],
                                                                                "Sort Method": "quicksort",
                                                                                "Sort Space Used": 314,
                                                                                "Sort Space Type": "Memory",
                                                                                "Plans": [
                                                                                    {
                                                                                        "Node Type": "Merge Join",
                                                                                        "Parent Relationship": "Outer",
                                                                                        "Parallel Aware": false,
                                                                                        "Join Type": "Inner",
                                                                                        "Startup Cost": 40000505107.36,
                                                                                        "Total Cost": 40000505107.5,
                                                                                        "Plan Rows": 3,
                                                                                        "Plan Width": 43,
                                                                                        "Actual Startup Time": 1534.056,
                                                                                        "Actual Total Time": 1534.453,
                                                                                        "Actual Rows": 2549,
                                                                                        "Actual Loops": 1,
                                                                                        "Output": [
                                                                                            "mi.movie_id",
                                                                                            "mk.movie_id",
                                                                                            "mk.keyword_id",
                                                                                            "t.title",
                                                                                            "t.id",
                                                                                            "kt.kind"
                                                                                        ],
                                                                                        "Inner Unique": false,
                                                                                        "Merge Cond": "(kt.id = t.kind_id)",
                                                                                        "Plans": [
                                                                                            {
                                                                                                "Node Type": "Sort",
                                                                                                "Parent Relationship": "Outer",
                                                                                                "Parallel Aware": false,
                                                                                                "Startup Cost": 10000000001.1,
                                                                                                "Total Cost": 10000000001.1,
                                                                                                "Plan Rows": 1,
                                                                                                "Plan Width": 14,
                                                                                                "Actual Startup Time": 0.013,
                                                                                                "Actual Total Time": 0.015,
                                                                                                "Actual Rows": 1,
                                                                                                "Actual Loops": 1,
                                                                                                "Output": [
                                                                                                    "kt.kind",
                                                                                                    "kt.id"
                                                                                                ],
                                                                                                "Sort Key": [
                                                                                                    "kt.id"
                                                                                                ],
                                                                                                "Sort Method": "quicksort",
                                                                                                "Sort Space Used": 25,
                                                                                                "Sort Space Type": "Memory",
                                                                                                "Plans": [
                                                                                                    {
                                                                                                        "Node Type": "Seq Scan",
                                                                                                        "Parent Relationship": "Outer",
                                                                                                        "Parallel Aware": false,
                                                                                                        "Relation Name": "kind_type",
                                                                                                        "Schema": "public",
                                                                                                        "Alias": "kt",
                                                                                                        "Startup Cost": 10000000000.0,
                                                                                                        "Total Cost": 10000000001.09,
                                                                                                        "Plan Rows": 1,
                                                                                                        "Plan Width": 14,
                                                                                                        "Actual Startup Time": 0.008,
                                                                                                        "Actual Total Time": 0.009,
                                                                                                        "Actual Rows": 1,
                                                                                                        "Actual Loops": 1,
                                                                                                        "Output": [
                                                                                                            "kt.kind",
                                                                                                            "kt.id"
                                                                                                        ],
                                                                                                        "Filter": "((kt.kind)::text = 'movie'::text)",
                                                                                                        "Rows Removed by Filter": 6
                                                                                                    }
                                                                                                ]
                                                                                            },
                                                                                            {
                                                                                                "Node Type": "Sort",
                                                                                                "Parent Relationship": "Inner",
                                                                                                "Parallel Aware": false,
                                                                                                "Startup Cost": 30000505106.26,
                                                                                                "Total Cost": 30000505106.31,
                                                                                                "Plan Rows": 21,
                                                                                                "Plan Width": 37,
                                                                                                "Actual Startup Time": 1534.037,
                                                                                                "Actual Total Time": 1534.133,
                                                                                                "Actual Rows": 2550,
                                                                                                "Actual Loops": 1,
                                                                                                "Output": [
                                                                                                    "mi.movie_id",
                                                                                                    "mk.movie_id",
                                                                                                    "mk.keyword_id",
                                                                                                    "t.title",
                                                                                                    "t.kind_id",
                                                                                                    "t.id"
                                                                                                ],
                                                                                                "Sort Key": [
                                                                                                    "t.kind_id"
                                                                                                ],
                                                                                                "Sort Method": "quicksort",
                                                                                                "Sort Space Used": 573,
                                                                                                "Sort Space Type": "Memory",
                                                                                                "Plans": [
                                                                                                    {
                                                                                                        "Node Type": "Hash Join",
                                                                                                        "Parent Relationship": "Outer",
                                                                                                        "Parallel Aware": false,
                                                                                                        "Join Type": "Inner",
                                                                                                        "Startup Cost": 30000367150.17,
                                                                                                        "Total Cost": 30000505105.8,
                                                                                                        "Plan Rows": 21,
                                                                                                        "Plan Width": 37,
                                                                                                        "Actual Startup Time": 1185.986,
                                                                                                        "Actual Total Time": 1533.142,
                                                                                                        "Actual Rows": 4421,
                                                                                                        "Actual Loops": 1,
                                                                                                        "Output": [
                                                                                                            "mi.movie_id",
                                                                                                            "mk.movie_id",
                                                                                                            "mk.keyword_id",
                                                                                                            "t.title",
                                                                                                            "t.kind_id",
                                                                                                            "t.id"
                                                                                                        ],
                                                                                                        "Inner Unique": false,
                                                                                                        "Hash Cond": "(t.id = mi.movie_id)",
                                                                                                        "Plans": [
                                                                                                            {
                                                                                                                "Node Type": "Seq Scan",
                                                                                                                "Parent Relationship": "Outer",
                                                                                                                "Parallel Aware": false,
                                                                                                                "Relation Name": "title",
                                                                                                                "Schema": "public",
                                                                                                                "Alias": "t",
                                                                                                                "Startup Cost": 10000000000.0,
                                                                                                                "Total Cost": 10000067602.02,
                                                                                                                "Plan Rows": 1481124,
                                                                                                                "Plan Width": 25,
                                                                                                                "Actual Startup Time": 0.008,
                                                                                                                "Actual Total Time": 264.52,
                                                                                                                "Actual Rows": 1485030,
                                                                                                                "Actual Loops": 1,
                                                                                                                "Output": [
                                                                                                                    "t.id",
                                                                                                                    "t.title",
                                                                                                                    "t.imdb_index",
                                                                                                                    "t.kind_id",
                                                                                                                    "t.production_year",
                                                                                                                    "t.imdb_id",
                                                                                                                    "t.phonetic_code",
                                                                                                                    "t.episode_of_id",
                                                                                                                    "t.season_nr",
                                                                                                                    "t.episode_nr",
                                                                                                                    "t.series_years",
                                                                                                                    "t.md5sum"
                                                                                                                ],
                                                                                                                "Filter": "(t.production_year > 1998)",
                                                                                                                "Rows Removed by Filter": 1043282
                                                                                                            },
                                                                                                            {
                                                                                                                "Node Type": "Hash",
                                                                                                                "Parent Relationship": "Inner",
                                                                                                                "Parallel Aware": false,
                                                                                                                "Startup Cost": 20000367149.72,
                                                                                                                "Total Cost": 20000367149.72,
                                                                                                                "Plan Rows": 36,
                                                                                                                "Plan Width": 12,
                                                                                                                "Actual Startup Time": 1185.905,
                                                                                                                "Actual Total Time": 1185.908,
                                                                                                                "Actual Rows": 4463,
                                                                                                                "Actual Loops": 1,
                                                                                                                "Output": [
                                                                                                                    "mi.movie_id",
                                                                                                                    "mk.movie_id",
                                                                                                                    "mk.keyword_id"
                                                                                                                ],
                                                                                                                "Hash Buckets": 8192,
                                                                                                                "Original Hash Buckets": 1024,
                                                                                                                "Hash Batches": 1,
                                                                                                                "Original Hash Batches": 1,
                                                                                                                "Peak Memory Usage": 256,
                                                                                                                "Plans": [
                                                                                                                    {
                                                                                                                        "Node Type": "Merge Join",
                                                                                                                        "Parent Relationship": "Outer",
                                                                                                                        "Parallel Aware": false,
                                                                                                                        "Join Type": "Inner",
                                                                                                                        "Startup Cost": 20000178662.33,
                                                                                                                        "Total Cost": 20000367149.72,
                                                                                                                        "Plan Rows": 36,
                                                                                                                        "Plan Width": 12,
                                                                                                                        "Actual Startup Time": 414.953,
                                                                                                                        "Actual Total Time": 1185.157,
                                                                                                                        "Actual Rows": 4463,
                                                                                                                        "Actual Loops": 1,
                                                                                                                        "Output": [
                                                                                                                            "mi.movie_id",
                                                                                                                            "mk.movie_id",
                                                                                                                            "mk.keyword_id"
                                                                                                                        ],
                                                                                                                        "Inner Unique": false,
                                                                                                                        "Merge Cond": "(mk.movie_id = mi.movie_id)",
                                                                                                                        "Plans": [
                                                                                                                            {
                                                                                                                                "Node Type": "Index Scan",
                                                                                                                                "Parent Relationship": "Outer",
                                                                                                                                "Parallel Aware": false,
                                                                                                                                "Scan Direction": "Forward",
                                                                                                                                "Index Name": "movie_id_movie_keyword",
                                                                                                                                "Relation Name": "movie_keyword",
                                                                                                                                "Schema": "public",
                                                                                                                                "Alias": "mk",
                                                                                                                                "Startup Cost": 10000000000.43,
                                                                                                                                "Total Cost": 10000177177.46,
                                                                                                                                "Plan Rows": 4523930,
                                                                                                                                "Plan Width": 8,
                                                                                                                                "Actual Startup Time": 0.013,
                                                                                                                                "Actual Total Time": 506.15,
                                                                                                                                "Actual Rows": 4514673,
                                                                                                                                "Actual Loops": 1,
                                                                                                                                "Output": [
                                                                                                                                    "mk.id",
                                                                                                                                    "mk.movie_id",
                                                                                                                                    "mk.keyword_id"
                                                                                                                                ]
                                                                                                                            },
                                                                                                                            {
                                                                                                                                "Node Type": "Sort",
                                                                                                                                "Parent Relationship": "Inner",
                                                                                                                                "Parallel Aware": false,
                                                                                                                                "Startup Cost": 10000178661.9,
                                                                                                                                "Total Cost": 10000178661.91,
                                                                                                                                "Plan Rows": 3,
                                                                                                                                "Plan Width": 4,
                                                                                                                                "Actual Startup Time": 414.907,
                                                                                                                                "Actual Total Time": 415.376,
                                                                                                                                "Actual Rows": 5662,
                                                                                                                                "Actual Loops": 1,
                                                                                                                                "Output": [
                                                                                                                                    "mi.movie_id"
                                                                                                                                ],
                                                                                                                                "Sort Key": [
                                                                                                                                    "mi.movie_id"
                                                                                                                                ],
                                                                                                                                "Sort Method": "quicksort",
                                                                                                                                "Sort Space Used": 132,
                                                                                                                                "Sort Space Type": "Memory",
                                                                                                                                "Plans": [
                                                                                                                                    {
                                                                                                                                        "Node Type": "Nested Loop",
                                                                                                                                        "Parent Relationship": "Outer",
                                                                                                                                        "Parallel Aware": false,
                                                                                                                                        "Join Type": "Inner",
                                                                                                                                        "Startup Cost": 10000003773.48,
                                                                                                                                        "Total Cost": 10000178661.88,
                                                                                                                                        "Plan Rows": 3,
                                                                                                                                        "Plan Width": 4,
                                                                                                                                        "Actual Startup Time": 99.712,
                                                                                                                                        "Actual Total Time": 414.527,
                                                                                                                                        "Actual Rows": 1783,
                                                                                                                                        "Actual Loops": 1,
                                                                                                                                        "Output": [
                                                                                                                                            "mi.movie_id"
                                                                                                                                        ],
                                                                                                                                        "Inner Unique": false,
                                                                                                                                        "Plans": [
                                                                                                                                            {
                                                                                                                                                "Node Type": "Index Scan",
                                                                                                                                                "Parent Relationship": "Outer",
                                                                                                                                                "Parallel Aware": false,
                                                                                                                                                "Scan Direction": "Forward",
                                                                                                                                                "Index Name": "info_type_pkey",
                                                                                                                                                "Relation Name": "info_type",
                                                                                                                                                "Schema": "public",
                                                                                                                                                "Alias": "it1",
                                                                                                                                                "Startup Cost": 0.14,
                                                                                                                                                "Total Cost": 14.12,
                                                                                                                                                "Plan Rows": 1,
                                                                                                                                                "Plan Width": 4,
                                                                                                                                                "Actual Startup Time": 0.011,
                                                                                                                                                "Actual Total Time": 0.028,
                                                                                                                                                "Actual Rows": 1,
                                                                                                                                                "Actual Loops": 1,
                                                                                                                                                "Output": [
                                                                                                                                                    "it1.id",
                                                                                                                                                    "it1.info"
                                                                                                                                                ],
                                                                                                                                                "Filter": "((it1.info)::text = 'release dates'::text)",
                                                                                                                                                "Rows Removed by Filter": 112
                                                                                                                                            },
                                                                                                                                            {
                                                                                                                                                "Node Type": "Bitmap Heap Scan",
                                                                                                                                                "Parent Relationship": "Inner",
                                                                                                                                                "Parallel Aware": false,
                                                                                                                                                "Relation Name": "movie_info",
                                                                                                                                                "Schema": "public",
                                                                                                                                                "Alias": "mi",
                                                                                                                                                "Startup Cost": 3773.34,
                                                                                                                                                "Total Cost": 178647.71,
                                                                                                                                                "Plan Rows": 5,
                                                                                                                                                "Plan Width": 8,
                                                                                                                                                "Actual Startup Time": 99.695,
                                                                                                                                                "Actual Total Time": 414.304,
                                                                                                                                                "Actual Rows": 1783,
                                                                                                                                                "Actual Loops": 1,
                                                                                                                                                "Output": [
                                                                                                                                                    "mi.id",
                                                                                                                                                    "mi.movie_id",
                                                                                                                                                    "mi.info_type_id",
                                                                                                                                                    "mi.info",
                                                                                                                                                    "mi.note"
                                                                                                                                                ],
                                                                                                                                                "Recheck Cond": "(mi.info_type_id = it1.id)",
                                                                                                                                                "Rows Removed by Index Recheck": 0,
                                                                                                                                                "Filter": "((mi.info IS NOT NULL) AND (mi.note ~~ '%internet%'::text) AND ((mi.info ~~ 'USA:% 199%'::text) OR (mi.info ~~ 'USA:% 200%'::text)))",
                                                                                                                                                "Rows Removed by Filter": 3034936,
                                                                                                                                                "Exact Heap Blocks": 25448,
                                                                                                                                                "Lossy Heap Blocks": 0,
                                                                                                                                                "Plans": [
                                                                                                                                                    {
                                                                                                                                                        "Node Type": "Bitmap Index Scan",
                                                                                                                                                        "Parent Relationship": "Outer",
                                                                                                                                                        "Parallel Aware": false,
                                                                                                                                                        "Index Name": "info_type_id_movie_info",
                                                                                                                                                        "Startup Cost": 0.0,
                                                                                                                                                        "Total Cost": 3773.34,
                                                                                                                                                        "Plan Rows": 210787,
                                                                                                                                                        "Plan Width": 0,
                                                                                                                                                        "Actual Startup Time": 96.162,
                                                                                                                                                        "Actual Total Time": 96.162,
                                                                                                                                                        "Actual Rows": 3036719,
                                                                                                                                                        "Actual Loops": 1,
                                                                                                                                                        "Index Cond": "(mi.info_type_id = it1.id)"
                                                                                                                                                    }
                                                                                                                                                ]
                                                                                                                                            }
                                                                                                                                        ]
                                                                                                                                    }
                                                                                                                                ]
                                                                                                                            }
                                                                                                                        ]
                                                                                                                    }
                                                                                                                ]
                                                                                                            }
                                                                                                        ]
                                                                                                    }
                                                                                                ]
                                                                                            }
                                                                                        ]
                                                                                    }
                                                                                ]
                                                                            }
                                                                        ]
                                                                    }
                                                                ]
                                                            }
                                                        ]
                                                    },
                                                    {
                                                        "Node Type": "Index Scan",
                                                        "Parent Relationship": "Inner",
                                                        "Parallel Aware": false,
                                                        "Scan Direction": "Forward",
                                                        "Index Name": "company_type_pkey",
                                                        "Relation Name": "company_type",
                                                        "Schema": "public",
                                                        "Alias": "ct",
                                                        "Startup Cost": 0.13,
                                                        "Total Cost": 0.15,
                                                        "Plan Rows": 1,
                                                        "Plan Width": 4,
                                                        "Actual Startup Time": 0.001,
                                                        "Actual Total Time": 0.001,
                                                        "Actual Rows": 1,
                                                        "Actual Loops": 4502,
                                                        "Output": [
                                                            "ct.id",
                                                            "ct.kind"
                                                        ],
                                                        "Index Cond": "(ct.id = mc.company_type_id)",
                                                        "Rows Removed by Index Recheck": 0
                                                    }
                                                ]
                                            },
                                            {
                                                "Node Type": "Hash",
                                                "Parent Relationship": "Inner",
                                                "Parallel Aware": false,
                                                "Startup Cost": 5358.48,
                                                "Total Cost": 5358.48,
                                                "Plan Rows": 135086,
                                                "Plan Width": 8,
                                                "Actual Startup Time": 41.989,
                                                "Actual Total Time": 41.99,
                                                "Actual Rows": 135086,
                                                "Actual Loops": 1,
                                                "Output": [
                                                    "cc.movie_id",
                                                    "cc.status_id"
                                                ],
                                                "Hash Buckets": 262144,
                                                "Original Hash Buckets": 262144,
                                                "Hash Batches": 1,
                                                "Original Hash Batches": 1,
                                                "Peak Memory Usage": 7325,
                                                "Plans": [
                                                    {
                                                        "Node Type": "Index Scan",
                                                        "Parent Relationship": "Outer",
                                                        "Parallel Aware": false,
                                                        "Scan Direction": "Forward",
                                                        "Index Name": "status_id_complete_cast",
                                                        "Relation Name": "complete_cast",
                                                        "Schema": "public",
                                                        "Alias": "cc",
                                                        "Startup Cost": 0.42,
                                                        "Total Cost": 5358.48,
                                                        "Plan Rows": 135086,
                                                        "Plan Width": 8,
                                                        "Actual Startup Time": 0.049,
                                                        "Actual Total Time": 23.687,
                                                        "Actual Rows": 135086,
                                                        "Actual Loops": 1,
                                                        "Output": [
                                                            "cc.movie_id",
                                                            "cc.status_id"
                                                        ]
                                                    }
                                                ]
                                            }
                                        ]
                                    }
                                ]
                            },
                            {
                                "Node Type": "Sort",
                                "Parent Relationship": "Inner",
                                "Parallel Aware": false,
                                "Startup Cost": 12829.66,
                                "Total Cost": 13040.41,
                                "Plan Rows": 84301,
                                "Plan Width": 4,
                                "Actual Startup Time": 41.199,
                                "Actual Total Time": 47.563,
                                "Actual Rows": 75944,
                                "Actual Loops": 1,
                                "Output": [
                                    "cn.id"
                                ],
                                "Sort Key": [
                                    "cn.id"
                                ],
                                "Sort Method": "quicksort",
                                "Sort Space Used": 7050,
                                "Sort Space Type": "Memory",
                                "Plans": [
                                    {
                                        "Node Type": "Seq Scan",
                                        "Parent Relationship": "Outer",
                                        "Parallel Aware": false,
                                        "Relation Name": "company_name",
                                        "Schema": "public",
                                        "Alias": "cn",
                                        "Startup Cost": 0.0,
                                        "Total Cost": 5932.46,
                                        "Plan Rows": 84301,
                                        "Plan Width": 4,
                                        "Actual Startup Time": 0.015,
                                        "Actual Total Time": 25.024,
                                        "Actual Rows": 84843,
                                        "Actual Loops": 1,
                                        "Output": [
                                            "cn.id"
                                        ],
                                        "Filter": "((cn.country_code)::text = '[us]'::text)",
                                        "Rows Removed by Filter": 150154
                                    }
                                ]
                            }
                        ]
                    },
                    {
                        "Node Type": "Bitmap Heap Scan",
                        "Parent Relationship": "Inner",
                        "Parallel Aware": false,
                        "Relation Name": "comp_cast_type",
                        "Schema": "public",
                        "Alias": "cct1",
                        "Startup Cost": 0.14,
                        "Total Cost": 4.15,
                        "Plan Rows": 1,
                        "Plan Width": 4,
                        "Actual Startup Time": 0.002,
                        "Actual Total Time": 0.002,
                        "Actual Rows": 1,
                        "Actual Loops": 706,
                        "Output": [
                            "cct1.id",
                            "cct1.kind"
                        ],
                        "Recheck Cond": "(cct1.id = cc.status_id)",
                        "Rows Removed by Index Recheck": 0,
                        "Filter": "((cct1.kind)::text = 'complete+verified'::text)",
                        "Rows Removed by Filter": 0,
                        "Exact Heap Blocks": 706,
                        "Lossy Heap Blocks": 0,
                        "Plans": [
                            {
                                "Node Type": "Bitmap Index Scan",
                                "Parent Relationship": "Outer",
                                "Parallel Aware": false,
                                "Index Name": "comp_cast_type_pkey",
                                "Startup Cost": 0.0,
                                "Total Cost": 0.14,
                                "Plan Rows": 1,
                                "Plan Width": 0,
                                "Actual Startup Time": 0.001,
                                "Actual Total Time": 0.001,
                                "Actual Rows": 1,
                                "Actual Loops": 706,
                                "Index Cond": "(cct1.id = cc.status_id)"
                            }
                        ]
                    }
                ]
            }
        ]
    },
    "Planning Time": 26.047,
    "Triggers": [],
    "Execution Time": 2034.851
}