[
  {
    "Plan": {
      "Node Type": "Aggregate",
      "Strategy": "Plain",
      "Partial Mode": "Finalize",
      "Parallel Aware": false,
      "Startup Cost": 338067.36,
      "Total Cost": 338067.37,
      "Plan Rows": 1,
      "Plan Width": 8,
      "Actual Startup Time": 731.234,
      "Actual Total Time": 782.922,
      "Actual Rows": 1,
      "Actual Loops": 1,
      "Plans": [
        {
          "Node Type": "Gather",
          "Parent Relationship": "Outer",
          "Parallel Aware": false,
          "Startup Cost": 338066.74,
          "Total Cost": 338067.35,
          "Plan Rows": 6,
          "Plan Width": 8,
          "Actual Startup Time": 731.04,
          "Actual Total Time": 782.912,
          "Actual Rows": 7,
          "Actual Loops": 1,
          "Workers Planned": 6,
          "Workers Launched": 6,
          "Single Copy": false,
          "Plans": [
            {
              "Node Type": "Aggregate",
              "Strategy": "Plain",
              "Partial Mode": "Partial",
              "Parent Relationship": "Outer",
              "Parallel Aware": false,
              "Startup Cost": 337066.74,
              "Total Cost": 337066.75,
              "Plan Rows": 1,
              "Plan Width": 8,
              "Actual Startup Time": 724.076,
              "Actual Total Time": 724.077,
              "Actual Rows": 1,
              "Actual Loops": 7,
              "Plans": [
                {
                  "Node Type": "Seq Scan",
                  "Parent Relationship": "Outer",
                  "Parallel Aware": true,
                  "Relation Name": "cast_info",
                  "Alias": "ci",
                  "Startup Cost": 0.0,
                  "Total Cost": 328211.39,
                  "Plan Rows": 3542139,
                  "Plan Width": 0,
                  "Actual Startup Time": 170.36,
                  "Actual Total Time": 591.741,
                  "Actual Rows": 3014894,
                  "Actual Loops": 7,
                  "Filter": "(person_id > 1493342)",
                  "Rows Removed by Filter": 2162870
                }
              ]
            }
          ]
        }
      ]
    },
    "Planning Time": 0.199,
    "Triggers": [],
    "Execution Time": 782.992
  }
]