[
  {
    "Plan": {
      "Node Type": "Aggregate",
      "Strategy": "Plain",
      "Partial Mode": "Finalize",
      "Parallel Aware": false,
      "Startup Cost": 33265.42,
      "Total Cost": 33265.43,
      "Plan Rows": 1,
      "Plan Width": 8,
      "Actual Startup Time": 106.094,
      "Actual Total Time": 113.405,
      "Actual Rows": 1,
      "Actual Loops": 1,
      "Plans": [
        {
          "Node Type": "Gather",
          "Parent Relationship": "Outer",
          "Parallel Aware": false,
          "Startup Cost": 33265.11,
          "Total Cost": 33265.42,
          "Plan Rows": 3,
          "Plan Width": 8,
          "Actual Startup Time": 105.941,
          "Actual Total Time": 113.396,
          "Actual Rows": 4,
          "Actual Loops": 1,
          "Workers Planned": 3,
          "Workers Launched": 3,
          "Single Copy": false,
          "Plans": [
            {
              "Node Type": "Aggregate",
              "Strategy": "Plain",
              "Partial Mode": "Partial",
              "Parent Relationship": "Outer",
              "Parallel Aware": false,
              "Startup Cost": 32265.11,
              "Total Cost": 32265.12,
              "Plan Rows": 1,
              "Plan Width": 8,
              "Actual Startup Time": 99.565,
              "Actual Total Time": 99.567,
              "Actual Rows": 1,
              "Actual Loops": 4,
              "Plans": [
                {
                  "Node Type": "Seq Scan",
                  "Parent Relationship": "Outer",
                  "Parallel Aware": true,
                  "Relation Name": "movie_companies",
                  "Alias": "mc",
                  "Startup Cost": 0.0,
                  "Total Cost": 31414.82,
                  "Plan Rows": 340115,
                  "Plan Width": 0,
                  "Actual Startup Time": 49.862,
                  "Actual Total Time": 89.892,
                  "Actual Rows": 198417,
                  "Actual Loops": 4,
                  "Filter": "((company_id < 72152) AND (company_type_id > 1))",
                  "Rows Removed by Filter": 453865
                }
              ]
            }
          ]
        }
      ]
    },
    "Planning Time": 0.258,
    "Triggers": [],
    "Execution Time": 113.464
  }
]