[
  {
    "Plan": {
      "Node Type": "Aggregate",
      "Strategy": "Plain",
      "Partial Mode": "Finalize",
      "Parallel Aware": false,
      "Startup Cost": 224158.67,
      "Total Cost": 224158.68,
      "Plan Rows": 1,
      "Plan Width": 8,
      "Actual Startup Time": 348.411,
      "Actual Total Time": 374.794,
      "Actual Rows": 1,
      "Actual Loops": 1,
      "Plans": [
        {
          "Node Type": "Gather",
          "Parent Relationship": "Outer",
          "Parallel Aware": false,
          "Startup Cost": 224158.15,
          "Total Cost": 224158.66,
          "Plan Rows": 5,
          "Plan Width": 8,
          "Actual Startup Time": 348.144,
          "Actual Total Time": 374.786,
          "Actual Rows": 6,
          "Actual Loops": 1,
          "Workers Planned": 5,
          "Workers Launched": 5,
          "Single Copy": false,
          "Plans": [
            {
              "Node Type": "Aggregate",
              "Strategy": "Plain",
              "Partial Mode": "Partial",
              "Parent Relationship": "Outer",
              "Parallel Aware": false,
              "Startup Cost": 223158.15,
              "Total Cost": 223158.16,
              "Plan Rows": 1,
              "Plan Width": 8,
              "Actual Startup Time": 339.331,
              "Actual Total Time": 339.334,
              "Actual Rows": 1,
              "Actual Loops": 6,
              "Plans": [
                {
                  "Node Type": "Nested Loop",
                  "Parent Relationship": "Outer",
                  "Parallel Aware": false,
                  "Join Type": "Inner",
                  "Startup Cost": 55001.21,
                  "Total Cost": 223148.43,
                  "Plan Rows": 3885,
                  "Plan Width": 0,
                  "Actual Startup Time": 103.336,
                  "Actual Total Time": 337.568,
                  "Actual Rows": 30904,
                  "Actual Loops": 6,
                  "Inner Unique": false,
                  "Join Filter": "(t.id = ci.movie_id)",
                  "Rows Removed by Join Filter": 0,
                  "Plans": [
                    {
                      "Node Type": "Hash Join",
                      "Parent Relationship": "Outer",
                      "Parallel Aware": true,
                      "Join Type": "Inner",
                      "Startup Cost": 55000.64,
                      "Total Cost": 218568.79,
                      "Plan Rows": 1021,
                      "Plan Width": 8,
                      "Actual Startup Time": 102.767,
                      "Actual Total Time": 118.844,
                      "Actual Rows": 4239,
                      "Actual Loops": 6,
                      "Inner Unique": true,
                      "Hash Cond": "(mi.movie_id = t.id)",
                      "Plans": [
                        {
                          "Node Type": "Bitmap Heap Scan",
                          "Parent Relationship": "Outer",
                          "Parallel Aware": true,
                          "Relation Name": "movie_info",
                          "Alias": "mi",
                          "Startup Cost": 9443.95,
                          "Total Cost": 172738.72,
                          "Plan Rows": 104142,
                          "Plan Width": 4,
                          "Actual Startup Time": 20.636,
                          "Actual Total Time": 34.071,
                          "Actual Rows": 90561,
                          "Actual Loops": 6,
                          "Recheck Cond": "(info_type_id > 98)",
                          "Rows Removed by Index Recheck": 0,
                          "Exact Heap Blocks": 1353,
                          "Lossy Heap Blocks": 0,
                          "Plans": [
                            {
                              "Node Type": "Bitmap Index Scan",
                              "Parent Relationship": "Outer",
                              "Parallel Aware": false,
                              "Index Name": "info_type_id_movie_info",
                              "Startup Cost": 0.0,
                              "Total Cost": 9313.77,
                              "Plan Rows": 520711,
                              "Plan Width": 0,
                              "Actual Startup Time": 19.704,
                              "Actual Total Time": 19.705,
                              "Actual Rows": 543367,
                              "Actual Loops": 1,
                              "Index Cond": "(info_type_id > 98)"
                            }
                          ]
                        },
                        {
                          "Node Type": "Hash",
                          "Parent Relationship": "Inner",
                          "Parallel Aware": true,
                          "Startup Cost": 45479.21,
                          "Total Cost": 45479.21,
                          "Plan Rows": 6199,
                          "Plan Width": 4,
                          "Actual Startup Time": 74.234,
                          "Actual Total Time": 74.235,
                          "Actual Rows": 2576,
                          "Actual Loops": 6,
                          "Hash Buckets": 32768,
                          "Original Hash Buckets": 32768,
                          "Hash Batches": 1,
                          "Original Hash Batches": 1,
                          "Peak Memory Usage": 928,
                          "Plans": [
                            {
                              "Node Type": "Seq Scan",
                              "Parent Relationship": "Outer",
                              "Parallel Aware": true,
                              "Relation Name": "title",
                              "Alias": "t",
                              "Startup Cost": 0.0,
                              "Total Cost": 45479.21,
                              "Plan Rows": 6199,
                              "Plan Width": 4,
                              "Actual Startup Time": 48.517,
                              "Actual Total Time": 73.214,
                              "Actual Rows": 2576,
                              "Actual Loops": 6,
                              "Filter": "((kind_id = 1) AND (production_year = 2005))",
                              "Rows Removed by Filter": 418809
                            }
                          ]
                        }
                      ]
                    },
                    {
                      "Node Type": "Index Scan",
                      "Parent Relationship": "Inner",
                      "Parallel Aware": false,
                      "Scan Direction": "Forward",
                      "Index Name": "movie_id_cast_info",
                      "Relation Name": "cast_info",
                      "Alias": "ci",
                      "Startup Cost": 0.56,
                      "Total Cost": 4.36,
                      "Plan Rows": 10,
                      "Plan Width": 4,
                      "Actual Startup Time": 0.026,
                      "Actual Total Time": 0.051,
                      "Actual Rows": 7,
                      "Actual Loops": 25432,
                      "Index Cond": "(movie_id = mi.movie_id)",
                      "Rows Removed by Index Recheck": 0,
                      "Filter": "((person_id > 2597733) AND (role_id < 10))",
                      "Rows Removed by Filter": 84
                    }
                  ]
                }
              ]
            }
          ]
        }
      ]
    },
    "Planning Time": 1.175,
    "Triggers": [],
    "Execution Time": 374.892
  }
]