[
  {
    "Plan": {
      "Node Type": "Aggregate",
      "Strategy": "Plain",
      "Partial Mode": "Finalize",
      "Parallel Aware": false,
      "Startup Cost": 46324.47,
      "Total Cost": 46324.48,
      "Plan Rows": 1,
      "Plan Width": 8,
      "Actual Startup Time": 176.183,
      "Actual Total Time": 186.404,
      "Actual Rows": 1,
      "Actual Loops": 1,
      "Plans": [
        {
          "Node Type": "Gather",
          "Parent Relationship": "Outer",
          "Parallel Aware": false,
          "Startup Cost": 46324.15,
          "Total Cost": 46324.46,
          "Plan Rows": 3,
          "Plan Width": 8,
          "Actual Startup Time": 176.07,
          "Actual Total Time": 186.39,
          "Actual Rows": 4,
          "Actual Loops": 1,
          "Workers Planned": 3,
          "Workers Launched": 3,
          "Single Copy": false,
          "Plans": [
            {
              "Node Type": "Aggregate",
              "Strategy": "Plain",
              "Partial Mode": "Partial",
              "Parent Relationship": "Outer",
              "Parallel Aware": false,
              "Startup Cost": 45324.15,
              "Total Cost": 45324.16,
              "Plan Rows": 1,
              "Plan Width": 8,
              "Actual Startup Time": 170.726,
              "Actual Total Time": 170.727,
              "Actual Rows": 1,
              "Actual Loops": 4,
              "Plans": [
                {
                  "Node Type": "Seq Scan",
                  "Parent Relationship": "Outer",
                  "Parallel Aware": true,
                  "Relation Name": "movie_keyword",
                  "Alias": "mk",
                  "Startup Cost": 0.0,
                  "Total Cost": 42695.65,
                  "Plan Rows": 1051399,
                  "Plan Width": 0,
                  "Actual Startup Time": 0.039,
                  "Actual Total Time": 129.82,
                  "Actual Rows": 814806,
                  "Actual Loops": 4,
                  "Filter": "(keyword_id < 14141)",
                  "Rows Removed by Filter": 316176
                }
              ]
            }
          ]
        }
      ]
    },
    "Planning Time": 0.105,
    "Triggers": [],
    "Execution Time": 186.44
  }
]