[
  {
    "Plan": {
      "Node Type": "Aggregate",
      "Strategy": "Plain",
      "Partial Mode": "Finalize",
      "Parallel Aware": false,
      "Startup Cost": 46329.87,
      "Total Cost": 46329.88,
      "Plan Rows": 1,
      "Plan Width": 8,
      "Actual Startup Time": 160.409,
      "Actual Total Time": 168.029,
      "Actual Rows": 1,
      "Actual Loops": 1,
      "Plans": [
        {
          "Node Type": "Gather",
          "Parent Relationship": "Outer",
          "Parallel Aware": false,
          "Startup Cost": 46329.55,
          "Total Cost": 46329.86,
          "Plan Rows": 3,
          "Plan Width": 8,
          "Actual Startup Time": 160.294,
          "Actual Total Time": 168.019,
          "Actual Rows": 4,
          "Actual Loops": 1,
          "Workers Planned": 3,
          "Workers Launched": 3,
          "Single Copy": false,
          "Plans": [
            {
              "Node Type": "Aggregate",
              "Strategy": "Plain",
              "Partial Mode": "Partial",
              "Parent Relationship": "Outer",
              "Parallel Aware": false,
              "Startup Cost": 45329.55,
              "Total Cost": 45329.56,
              "Plan Rows": 1,
              "Plan Width": 8,
              "Actual Startup Time": 153.018,
              "Actual Total Time": 153.019,
              "Actual Rows": 1,
              "Actual Loops": 4,
              "Plans": [
                {
                  "Node Type": "Seq Scan",
                  "Parent Relationship": "Outer",
                  "Parallel Aware": true,
                  "Relation Name": "movie_keyword",
                  "Alias": "mk",
                  "Startup Cost": 0.0,
                  "Total Cost": 42695.65,
                  "Plan Rows": 1053558,
                  "Plan Width": 0,
                  "Actual Startup Time": 0.053,
                  "Actual Total Time": 117.324,
                  "Actual Rows": 814806,
                  "Actual Loops": 4,
                  "Filter": "(keyword_id < 14141)",
                  "Rows Removed by Filter": 316176
                }
              ]
            }
          ]
        }
      ]
    },
    "Planning Time": 0.187,
    "Triggers": [],
    "Execution Time": 168.096
  }
]