{
  "Plan": {
    "Node Type": "Aggregate",
    "Strategy": "Plain",
    "Partial Mode": "Finalize",
    "Parallel Aware": false,
    "Startup Cost": 527770.94,
    "Total Cost": 527770.95,
    "Plan Rows": 1,
    "Plan Width": 8,
    "Actual Startup Time": 2674.925,
    "Actual Total Time": 2700.032,
    "Actual Rows": 1,
    "Actual Loops": 1,
    "Plans": [
      {
        "Node Type": "Gather",
        "Parent Relationship": "Outer",
        "Parallel Aware": false,
        "Startup Cost": 527770.83,
        "Total Cost": 527770.94,
        "Plan Rows": 1,
        "Plan Width": 8,
        "Actual Startup Time": 2669.838,
        "Actual Total Time": 2700.021,
        "Actual Rows": 2,
        "Actual Loops": 1,
        "Workers Planned": 1,
        "Workers Launched": 1,
        "Single Copy": false,
        "Plans": [
          {
            "Node Type": "Aggregate",
            "Strategy": "Plain",
            "Partial Mode": "Partial",
            "Parent Relationship": "Outer",
            "Parallel Aware": false,
            "Startup Cost": 526770.83,
            "Total Cost": 526770.84,
            "Plan Rows": 1,
            "Plan Width": 8,
            "Actual Startup Time": 2658.616,
            "Actual Total Time": 2658.621,
            "Actual Rows": 1,
            "Actual Loops": 2,
            "Plans": [
              {
                "Node Type": "Hash Join",
                "Parent Relationship": "Outer",
                "Parallel Aware": true,
                "Join Type": "Inner",
                "Startup Cost": 208716.5,
                "Total Cost": 517498.87,
                "Plan Rows": 3708784,
                "Plan Width": 0,
                "Actual Startup Time": 799.147,
                "Actual Total Time": 2537.392,
                "Actual Rows": 3071674,
                "Actual Loops": 2,
                "Inner Unique": true,
                "Hash Cond": "(ci.movie_id = t.id)",
                "Plans": [
                  {
                    "Node Type": "Bitmap Heap Scan",
                    "Parent Relationship": "Outer",
                    "Parallel Aware": true,
                    "Relation Name": "cast_info",
                    "Alias": "ci",
                    "Startup Cost": 139255.8,
                    "Total Cost": 438302.6,
                    "Plan Rows": 3708784,
                    "Plan Width": 4,
                    "Actual Startup Time": 221.204,
                    "Actual Total Time": 603.889,
                    "Actual Rows": 3071674,
                    "Actual Loops": 2,
                    "Recheck Cond": "(person_id > 3035950)",
                    "Rows Removed by Index Recheck": 0,
                    "Exact Heap Blocks": 41803,
                    "Lossy Heap Blocks": 0,
                    "Plans": [
                      {
                        "Node Type": "Bitmap Index Scan",
                        "Parent Relationship": "Outer",
                        "Parallel Aware": false,
                        "Index Name": "person_id_cast_info",
                        "Startup Cost": 0.0,
                        "Total Cost": 137679.56,
                        "Plan Rows": 6304933,
                        "Plan Width": 0,
                        "Actual Startup Time": 203.433,
                        "Actual Total Time": 203.434,
                        "Actual Rows": 6143349,
                        "Actual Loops": 1,
                        "Index Cond": "(person_id > 3035950)"
                      }
                    ]
                  },
                  {
                    "Node Type": "Hash",
                    "Parent Relationship": "Inner",
                    "Parallel Aware": true,
                    "Startup Cost": 50870.31,
                    "Total Cost": 50870.31,
                    "Plan Rows": 1487231,
                    "Plan Width": 4,
                    "Actual Startup Time": 556.347,
                    "Actual Total Time": 556.348,
                    "Actual Rows": 1264156,
                    "Actual Loops": 2,
                    "Hash Buckets": 4194304,
                    "Original Hash Buckets": 4194304,
                    "Hash Batches": 1,
                    "Original Hash Batches": 1,
                    "Peak Memory Usage": 131712,
                    "Plans": [
                      {
                        "Node Type": "Seq Scan",
                        "Parent Relationship": "Outer",
                        "Parallel Aware": true,
                        "Relation Name": "title",
                        "Alias": "t",
                        "Startup Cost": 0.0,
                        "Total Cost": 50870.31,
                        "Plan Rows": 1487231,
                        "Plan Width": 4,
                        "Actual Startup Time": 0.045,
                        "Actual Total Time": 158.356,
                        "Actual Rows": 1264156,
                        "Actual Loops": 2
                      }
                    ]
                  }
                ]
              }
            ]
          }
        ]
      }
    ]
  },
  "Planning Time": 0.674,
  "Triggers": [],
  "Execution Time": 2700.126
}