[
  {
    "Plan": {
      "Node Type": "Aggregate",
      "Strategy": "Plain",
      "Partial Mode": "Finalize",
      "Parallel Aware": false,
      "Startup Cost": 350636.87,
      "Total Cost": 350636.88,
      "Plan Rows": 1,
      "Plan Width": 8,
      "Actual Startup Time": 736.286,
      "Actual Total Time": 794.331,
      "Actual Rows": 1,
      "Actual Loops": 1,
      "Plans": [
        {
          "Node Type": "Gather",
          "Parent Relationship": "Outer",
          "Parallel Aware": false,
          "Startup Cost": 350636.25,
          "Total Cost": 350636.86,
          "Plan Rows": 6,
          "Plan Width": 8,
          "Actual Startup Time": 736.158,
          "Actual Total Time": 794.321,
          "Actual Rows": 7,
          "Actual Loops": 1,
          "Workers Planned": 6,
          "Workers Launched": 6,
          "Single Copy": false,
          "Plans": [
            {
              "Node Type": "Aggregate",
              "Strategy": "Plain",
              "Partial Mode": "Partial",
              "Parent Relationship": "Outer",
              "Parallel Aware": false,
              "Startup Cost": 349636.25,
              "Total Cost": 349636.26,
              "Plan Rows": 1,
              "Plan Width": 8,
              "Actual Startup Time": 726.192,
              "Actual Total Time": 726.194,
              "Actual Rows": 1,
              "Actual Loops": 7,
              "Plans": [
                {
                  "Node Type": "Seq Scan",
                  "Parent Relationship": "Outer",
                  "Parallel Aware": true,
                  "Relation Name": "cast_info",
                  "Alias": "ci",
                  "Startup Cost": 0.0,
                  "Total Cost": 343257.03,
                  "Plan Rows": 2551687,
                  "Plan Width": 0,
                  "Actual Startup Time": 234.097,
                  "Actual Total Time": 659.624,
                  "Actual Rows": 1534142,
                  "Actual Loops": 7,
                  "Filter": "((person_id < 2395779) AND (role_id > 1))",
                  "Rows Removed by Filter": 3643622
                }
              ]
            }
          ]
        }
      ]
    },
    "Planning Time": 0.242,
    "Triggers": [],
    "Execution Time": 794.401
  }
]