[
  {
    "Plan": {
      "Node Type": "Aggregate",
      "Strategy": "Plain",
      "Partial Mode": "Finalize",
      "Parallel Aware": false,
      "Startup Cost": 32071.3,
      "Total Cost": 32071.31,
      "Plan Rows": 1,
      "Plan Width": 8,
      "Actual Startup Time": 102.61,
      "Actual Total Time": 110.539,
      "Actual Rows": 1,
      "Actual Loops": 1,
      "Plans": [
        {
          "Node Type": "Gather",
          "Parent Relationship": "Outer",
          "Parallel Aware": false,
          "Startup Cost": 32070.98,
          "Total Cost": 32071.29,
          "Plan Rows": 3,
          "Plan Width": 8,
          "Actual Startup Time": 102.513,
          "Actual Total Time": 110.531,
          "Actual Rows": 4,
          "Actual Loops": 1,
          "Workers Planned": 3,
          "Workers Launched": 3,
          "Single Copy": false,
          "Plans": [
            {
              "Node Type": "Aggregate",
              "Strategy": "Plain",
              "Partial Mode": "Partial",
              "Parent Relationship": "Outer",
              "Parallel Aware": false,
              "Startup Cost": 31070.98,
              "Total Cost": 31070.99,
              "Plan Rows": 1,
              "Plan Width": 8,
              "Actual Startup Time": 98.806,
              "Actual Total Time": 98.807,
              "Actual Rows": 1,
              "Actual Loops": 4,
              "Plans": [
                {
                  "Node Type": "Seq Scan",
                  "Parent Relationship": "Outer",
                  "Parallel Aware": true,
                  "Relation Name": "movie_companies",
                  "Alias": "mc",
                  "Startup Cost": 0.0,
                  "Total Cost": 29310.68,
                  "Plan Rows": 704119,
                  "Plan Width": 0,
                  "Actual Startup Time": 0.023,
                  "Actual Total Time": 75.19,
                  "Actual Rows": 543836,
                  "Actual Loops": 4,
                  "Filter": "(company_id < 78816)",
                  "Rows Removed by Filter": 108447
                }
              ]
            }
          ]
        }
      ]
    },
    "Planning Time": 0.084,
    "Triggers": [],
    "Execution Time": 110.568
  }
]