{
  "Plan": {
    "Node Type": "Aggregate",
    "Strategy": "Plain",
    "Partial Mode": "Finalize",
    "Parallel Aware": false,
    "Startup Cost": 101141.55,
    "Total Cost": 101141.56,
    "Plan Rows": 1,
    "Plan Width": 32,
    "Actual Startup Time": 724.455,
    "Actual Total Time": 759.073,
    "Actual Rows": 1,
    "Actual Loops": 1,
    "Plans": [
      {
        "Node Type": "Gather",
        "Parent Relationship": "Outer",
        "Parallel Aware": false,
        "Startup Cost": 101141.23,
        "Total Cost": 101141.54,
        "Plan Rows": 3,
        "Plan Width": 32,
        "Actual Startup Time": 714.003,
        "Actual Total Time": 759.057,
        "Actual Rows": 4,
        "Actual Loops": 1,
        "Workers Planned": 3,
        "Workers Launched": 3,
        "Single Copy": false,
        "Plans": [
          {
            "Node Type": "Aggregate",
            "Strategy": "Plain",
            "Partial Mode": "Partial",
            "Parent Relationship": "Outer",
            "Parallel Aware": false,
            "Startup Cost": 100141.23,
            "Total Cost": 100141.24,
            "Plan Rows": 1,
            "Plan Width": 32,
            "Actual Startup Time": 700.34,
            "Actual Total Time": 700.349,
            "Actual Rows": 1,
            "Actual Loops": 4,
            "Plans": [
              {
                "Node Type": "Hash Join",
                "Parent Relationship": "Outer",
                "Parallel Aware": false,
                "Join Type": "Inner",
                "Startup Cost": 48393.26,
                "Total Cost": 100112.81,
                "Plan Rows": 11369,
                "Plan Width": 17,
                "Actual Startup Time": 638.791,
                "Actual Total Time": 700.312,
                "Actual Rows": 64,
                "Actual Loops": 4,
                "Inner Unique": true,
                "Hash Cond": "(mi.info_type_id = it.id)",
                "Plans": [
                  {
                    "Node Type": "Nested Loop",
                    "Parent Relationship": "Outer",
                    "Parallel Aware": false,
                    "Join Type": "Inner",
                    "Startup Cost": 48389.71,
                    "Total Cost": 100078.3,
                    "Plan Rows": 11369,
                    "Plan Width": 21,
                    "Actual Startup Time": 638.274,
                    "Actual Total Time": 699.743,
                    "Actual Rows": 64,
                    "Actual Loops": 4,
                    "Inner Unique": false,
                    "Plans": [
                      {
                        "Node Type": "Hash Join",
                        "Parent Relationship": "Outer",
                        "Parallel Aware": false,
                        "Join Type": "Inner",
                        "Startup Cost": 48389.28,
                        "Total Cost": 80153.52,
                        "Plan Rows": 8712,
                        "Plan Width": 25,
                        "Actual Startup Time": 637.976,
                        "Actual Total Time": 686.639,
                        "Actual Rows": 77,
                        "Actual Loops": 4,
                        "Inner Unique": true,
                        "Hash Cond": "(mc.company_type_id = ct.id)",
                        "Plans": [
                          {
                            "Node Type": "Hash Join",
                            "Parent Relationship": "Outer",
                            "Parallel Aware": true,
                            "Join Type": "Inner",
                            "Startup Cost": 48388.22,
                            "Total Cost": 79964.06,
                            "Plan Rows": 34847,
                            "Plan Width": 29,
                            "Actual Startup Time": 471.028,
                            "Actual Total Time": 680.657,
                            "Actual Rows": 61223,
                            "Actual Loops": 4,
                            "Inner Unique": true,
                            "Hash Cond": "(mc.movie_id = t.id)",
                            "Plans": [
                              {
                                "Node Type": "Seq Scan",
                                "Parent Relationship": "Outer",
                                "Parallel Aware": true,
                                "Relation Name": "movie_companies",
                                "Alias": "mc",
                                "Startup Cost": 0.0,
                                "Total Cost": 31414.82,
                                "Plan Rows": 61343,
                                "Plan Width": 8,
                                "Actual Startup Time": 0.061,
                                "Actual Total Time": 163.65,
                                "Actual Rows": 73907,
                                "Actual Loops": 4,
                                "Filter": "((note !~~ '%(TV)%'::text) AND (note ~~ '%(USA)%'::text))",
                                "Rows Removed by Filter": 578375
                              },
                              {
                                "Node Type": "Hash",
                                "Parent Relationship": "Inner",
                                "Parallel Aware": true,
                                "Startup Cost": 43899.59,
                                "Total Cost": 43899.59,
                                "Plan Rows": 359090,
                                "Plan Width": 21,
                                "Actual Startup Time": 463.809,
                                "Actual Total Time": 463.81,
                                "Actual Rows": 360824,
                                "Actual Loops": 4,
                                "Hash Buckets": 2097152,
                                "Original Hash Buckets": 2097152,
                                "Hash Batches": 1,
                                "Original Hash Batches": 1,
                                "Peak Memory Usage": 97760,
                                "Plans": [
                                  {
                                    "Node Type": "Seq Scan",
                                    "Parent Relationship": "Outer",
                                    "Parallel Aware": true,
                                    "Relation Name": "title",
                                    "Alias": "t",
                                    "Startup Cost": 0.0,
                                    "Total Cost": 43899.59,
                                    "Plan Rows": 359090,
                                    "Plan Width": 21,
                                    "Actual Startup Time": 0.068,
                                    "Actual Total Time": 219.237,
                                    "Actual Rows": 360824,
                                    "Actual Loops": 4,
                                    "Filter": "(production_year < 2006)",
                                    "Rows Removed by Filter": 271254
                                  }
                                ]
                              }
                            ]
                          },
                          {
                            "Node Type": "Hash",
                            "Parent Relationship": "Inner",
                            "Parallel Aware": false,
                            "Startup Cost": 1.05,
                            "Total Cost": 1.05,
                            "Plan Rows": 1,
                            "Plan Width": 4,
                            "Actual Startup Time": 0.075,
                            "Actual Total Time": 0.076,
                            "Actual Rows": 1,
                            "Actual Loops": 4,
                            "Hash Buckets": 1024,
                            "Original Hash Buckets": 1024,
                            "Hash Batches": 1,
                            "Original Hash Batches": 1,
                            "Peak Memory Usage": 9,
                            "Plans": [
                              {
                                "Node Type": "Seq Scan",
                                "Parent Relationship": "Outer",
                                "Parallel Aware": false,
                                "Relation Name": "company_type",
                                "Alias": "ct",
                                "Startup Cost": 0.0,
                                "Total Cost": 1.05,
                                "Plan Rows": 1,
                                "Plan Width": 4,
                                "Actual Startup Time": 0.055,
                                "Actual Total Time": 0.058,
                                "Actual Rows": 1,
                                "Actual Loops": 4,
                                "Filter": "((kind)::text = 'production companies'::text)",
                                "Rows Removed by Filter": 3
                              }
                            ]
                          }
                        ]
                      },
                      {
                        "Node Type": "Index Scan",
                        "Parent Relationship": "Inner",
                        "Parallel Aware": false,
                        "Scan Direction": "Forward",
                        "Index Name": "movie_id_movie_info",
                        "Relation Name": "movie_info",
                        "Alias": "mi",
                        "Startup Cost": 0.43,
                        "Total Cost": 2.27,
                        "Plan Rows": 2,
                        "Plan Width": 8,
                        "Actual Startup Time": 0.154,
                        "Actual Total Time": 0.168,
                        "Actual Rows": 1,
                        "Actual Loops": 309,
                        "Index Cond": "(movie_id = t.id)",
                        "Rows Removed by Index Recheck": 0,
                        "Filter": "(info = ANY ('{Sweden,Norway,Germany,Denmark,Swedish,Denish,Norwegian,German,USA,American}'::text[]))",
                        "Rows Removed by Filter": 9
                      }
                    ]
                  },
                  {
                    "Node Type": "Hash",
                    "Parent Relationship": "Inner",
                    "Parallel Aware": false,
                    "Startup Cost": 2.13,
                    "Total Cost": 2.13,
                    "Plan Rows": 113,
                    "Plan Width": 4,
                    "Actual Startup Time": 0.183,
                    "Actual Total Time": 0.184,
                    "Actual Rows": 113,
                    "Actual Loops": 4,
                    "Hash Buckets": 1024,
                    "Original Hash Buckets": 1024,
                    "Hash Batches": 1,
                    "Original Hash Batches": 1,
                    "Peak Memory Usage": 12,
                    "Plans": [
                      {
                        "Node Type": "Seq Scan",
                        "Parent Relationship": "Outer",
                        "Parallel Aware": false,
                        "Relation Name": "info_type",
                        "Alias": "it",
                        "Startup Cost": 0.0,
                        "Total Cost": 2.13,
                        "Plan Rows": 113,
                        "Plan Width": 4,
                        "Actual Startup Time": 0.074,
                        "Actual Total Time": 0.105,
                        "Actual Rows": 113,
                        "Actual Loops": 4
                      }
                    ]
                  }
                ]
              }
            ]
          }
        ]
      }
    ]
  },
  "Planning Time": 8.176,
  "Triggers": [],
  "Execution Time": 759.65
}