[
  {
    "Plan": {
      "Node Type": "Aggregate",
      "Strategy": "Plain",
      "Partial Mode": "Finalize",
      "Parallel Aware": false,
      "Startup Cost": 53776.75,
      "Total Cost": 53776.76,
      "Plan Rows": 1,
      "Plan Width": 8,
      "Actual Startup Time": 184.788,
      "Actual Total Time": 217.403,
      "Actual Rows": 1,
      "Actual Loops": 1,
      "Plans": [
        {
          "Node Type": "Gather",
          "Parent Relationship": "Outer",
          "Parallel Aware": false,
          "Startup Cost": 53776.43,
          "Total Cost": 53776.74,
          "Plan Rows": 3,
          "Plan Width": 8,
          "Actual Startup Time": 184.566,
          "Actual Total Time": 217.389,
          "Actual Rows": 4,
          "Actual Loops": 1,
          "Workers Planned": 3,
          "Workers Launched": 3,
          "Single Copy": false,
          "Plans": [
            {
              "Node Type": "Aggregate",
              "Strategy": "Plain",
              "Partial Mode": "Partial",
              "Parent Relationship": "Outer",
              "Parallel Aware": false,
              "Startup Cost": 52776.43,
              "Total Cost": 52776.44,
              "Plan Rows": 1,
              "Plan Width": 8,
              "Actual Startup Time": 175.262,
              "Actual Total Time": 175.265,
              "Actual Rows": 1,
              "Actual Loops": 4,
              "Plans": [
                {
                  "Node Type": "Nested Loop",
                  "Parent Relationship": "Outer",
                  "Parallel Aware": false,
                  "Join Type": "Inner",
                  "Startup Cost": 290.48,
                  "Total Cost": 52751.33,
                  "Plan Rows": 10038,
                  "Plan Width": 0,
                  "Actual Startup Time": 5.321,
                  "Actual Total Time": 168.049,
                  "Actual Rows": 131495,
                  "Actual Loops": 4,
                  "Inner Unique": false,
                  "Plans": [
                    {
                      "Node Type": "Nested Loop",
                      "Parent Relationship": "Outer",
                      "Parallel Aware": false,
                      "Join Type": "Inner",
                      "Startup Cost": 290.05,
                      "Total Cost": 48523.67,
                      "Plan Rows": 1717,
                      "Plan Width": 8,
                      "Actual Startup Time": 5.152,
                      "Actual Total Time": 43.806,
                      "Actual Rows": 2542,
                      "Actual Loops": 4,
                      "Inner Unique": true,
                      "Plans": [
                        {
                          "Node Type": "Bitmap Heap Scan",
                          "Parent Relationship": "Outer",
                          "Parallel Aware": true,
                          "Relation Name": "movie_keyword",
                          "Alias": "mk",
                          "Startup Cost": 289.62,
                          "Total Cost": 21832.65,
                          "Plan Rows": 4378,
                          "Plan Width": 4,
                          "Actual Startup Time": 4.974,
                          "Actual Total Time": 16.694,
                          "Actual Rows": 3161,
                          "Actual Loops": 4,
                          "Recheck Cond": "(keyword_id = 245)",
                          "Rows Removed by Index Recheck": 0,
                          "Exact Heap Blocks": 3778,
                          "Lossy Heap Blocks": 0,
                          "Plans": [
                            {
                              "Node Type": "Bitmap Index Scan",
                              "Parent Relationship": "Outer",
                              "Parallel Aware": false,
                              "Index Name": "keyword_id_movie_keyword",
                              "Startup Cost": 0.0,
                              "Total Cost": 286.22,
                              "Plan Rows": 13572,
                              "Plan Width": 0,
                              "Actual Startup Time": 9.654,
                              "Actual Total Time": 9.655,
                              "Actual Rows": 12645,
                              "Actual Loops": 1,
                              "Index Cond": "(keyword_id = 245)"
                            }
                          ]
                        },
                        {
                          "Node Type": "Index Scan",
                          "Parent Relationship": "Inner",
                          "Parallel Aware": false,
                          "Scan Direction": "Forward",
                          "Index Name": "title_pkey",
                          "Relation Name": "title",
                          "Alias": "t",
                          "Startup Cost": 0.43,
                          "Total Cost": 6.1,
                          "Plan Rows": 1,
                          "Plan Width": 4,
                          "Actual Startup Time": 0.008,
                          "Actual Total Time": 0.008,
                          "Actual Rows": 1,
                          "Actual Loops": 12645,
                          "Index Cond": "(id = mk.movie_id)",
                          "Rows Removed by Index Recheck": 0,
                          "Filter": "(kind_id < 7)",
                          "Rows Removed by Filter": 0
                        }
                      ]
                    },
                    {
                      "Node Type": "Index Only Scan",
                      "Parent Relationship": "Inner",
                      "Parallel Aware": false,
                      "Scan Direction": "Forward",
                      "Index Name": "movie_id_movie_info",
                      "Relation Name": "movie_info",
                      "Alias": "mi",
                      "Startup Cost": 0.43,
                      "Total Cost": 2.04,
                      "Plan Rows": 42,
                      "Plan Width": 4,
                      "Actual Startup Time": 0.01,
                      "Actual Total Time": 0.045,
                      "Actual Rows": 52,
                      "Actual Loops": 10168,
                      "Index Cond": "(movie_id = t.id)",
                      "Rows Removed by Index Recheck": 0,
                      "Heap Fetches": 525980
                    }
                  ]
                }
              ]
            }
          ]
        }
      ]
    },
    "Planning Time": 1.358,
    "Triggers": [],
    "Execution Time": 217.525
  }
]