[
  {
    "Plan": {
      "Node Type": "Aggregate",
      "Strategy": "Plain",
      "Partial Mode": "Finalize",
      "Parallel Aware": false,
      "Startup Cost": 79762.19,
      "Total Cost": 79762.2,
      "Plan Rows": 1,
      "Plan Width": 8,
      "Actual Startup Time": 396.997,
      "Actual Total Time": 412.107,
      "Actual Rows": 1,
      "Actual Loops": 1,
      "Plans": [
        {
          "Node Type": "Gather",
          "Parent Relationship": "Outer",
          "Parallel Aware": false,
          "Startup Cost": 79761.87,
          "Total Cost": 79762.18,
          "Plan Rows": 3,
          "Plan Width": 8,
          "Actual Startup Time": 389.884,
          "Actual Total Time": 412.095,
          "Actual Rows": 4,
          "Actual Loops": 1,
          "Workers Planned": 3,
          "Workers Launched": 3,
          "Single Copy": false,
          "Plans": [
            {
              "Node Type": "Aggregate",
              "Strategy": "Plain",
              "Partial Mode": "Partial",
              "Parent Relationship": "Outer",
              "Parallel Aware": false,
              "Startup Cost": 78761.87,
              "Total Cost": 78761.88,
              "Plan Rows": 1,
              "Plan Width": 8,
              "Actual Startup Time": 377.775,
              "Actual Total Time": 377.779,
              "Actual Rows": 1,
              "Actual Loops": 4,
              "Plans": [
                {
                  "Node Type": "Hash Join",
                  "Parent Relationship": "Outer",
                  "Parallel Aware": true,
                  "Join Type": "Inner",
                  "Startup Cost": 53179.07,
                  "Total Cost": 78658.51,
                  "Plan Rows": 41345,
                  "Plan Width": 0,
                  "Actual Startup Time": 311.333,
                  "Actual Total Time": 377.634,
                  "Actual Rows": 1529,
                  "Actual Loops": 4,
                  "Inner Unique": true,
                  "Hash Cond": "(mk.movie_id = t.id)",
                  "Plans": [
                    {
                      "Node Type": "Bitmap Heap Scan",
                      "Parent Relationship": "Outer",
                      "Parallel Aware": true,
                      "Relation Name": "movie_keyword",
                      "Alias": "mk",
                      "Startup Cost": 4461.27,
                      "Total Cost": 29762.73,
                      "Plan Rows": 67797,
                      "Plan Width": 4,
                      "Actual Startup Time": 24.676,
                      "Actual Total Time": 69.777,
                      "Actual Rows": 53408,
                      "Actual Loops": 4,
                      "Recheck Cond": "(keyword_id > 65867)",
                      "Rows Removed by Index Recheck": 0,
                      "Exact Heap Blocks": 6190,
                      "Lossy Heap Blocks": 0,
                      "Plans": [
                        {
                          "Node Type": "Bitmap Index Scan",
                          "Parent Relationship": "Outer",
                          "Parallel Aware": false,
                          "Index Name": "keyword_id_movie_keyword",
                          "Startup Cost": 0.0,
                          "Total Cost": 4408.72,
                          "Plan Rows": 210172,
                          "Plan Width": 0,
                          "Actual Startup Time": 19.82,
                          "Actual Total Time": 19.82,
                          "Actual Rows": 213631,
                          "Actual Loops": 1,
                          "Index Cond": "(keyword_id > 65867)"
                        }
                      ]
                    },
                    {
                      "Node Type": "Hash",
                      "Parent Relationship": "Inner",
                      "Parallel Aware": true,
                      "Startup Cost": 43899.32,
                      "Total Cost": 43899.32,
                      "Plan Rows": 385479,
                      "Plan Width": 4,
                      "Actual Startup Time": 279.355,
                      "Actual Total Time": 279.356,
                      "Actual Rows": 385816,
                      "Actual Loops": 4,
                      "Hash Buckets": 2097152,
                      "Original Hash Buckets": 2097152,
                      "Hash Batches": 1,
                      "Original Hash Batches": 1,
                      "Peak Memory Usage": 76832,
                      "Plans": [
                        {
                          "Node Type": "Seq Scan",
                          "Parent Relationship": "Outer",
                          "Parallel Aware": true,
                          "Relation Name": "title",
                          "Alias": "t",
                          "Startup Cost": 0.0,
                          "Total Cost": 43899.32,
                          "Plan Rows": 385479,
                          "Plan Width": 4,
                          "Actual Startup Time": 0.056,
                          "Actual Total Time": 117.356,
                          "Actual Rows": 385816,
                          "Actual Loops": 4,
                          "Filter": "(kind_id = 7)",
                          "Rows Removed by Filter": 246262
                        }
                      ]
                    }
                  ]
                }
              ]
            }
          ]
        }
      ]
    },
    "Planning Time": 0.536,
    "Triggers": [],
    "Execution Time": 412.188
  }
]