[
  {
    "Plan": {
      "Node Type": "Aggregate",
      "Strategy": "Plain",
      "Partial Mode": "Finalize",
      "Parallel Aware": false,
      "Startup Cost": 451044.37,
      "Total Cost": 451044.38,
      "Plan Rows": 1,
      "Plan Width": 8,
      "Actual Startup Time": 1992.738,
      "Actual Total Time": 2085.418,
      "Actual Rows": 1,
      "Actual Loops": 1,
      "Plans": [
        {
          "Node Type": "Gather",
          "Parent Relationship": "Outer",
          "Parallel Aware": false,
          "Startup Cost": 451043.74,
          "Total Cost": 451044.35,
          "Plan Rows": 6,
          "Plan Width": 8,
          "Actual Startup Time": 1991.487,
          "Actual Total Time": 2085.407,
          "Actual Rows": 7,
          "Actual Loops": 1,
          "Workers Planned": 6,
          "Workers Launched": 6,
          "Single Copy": false,
          "Plans": [
            {
              "Node Type": "Aggregate",
              "Strategy": "Plain",
              "Partial Mode": "Partial",
              "Parent Relationship": "Outer",
              "Parallel Aware": false,
              "Startup Cost": 450043.74,
              "Total Cost": 450043.75,
              "Plan Rows": 1,
              "Plan Width": 8,
              "Actual Startup Time": 1980.547,
              "Actual Total Time": 1980.551,
              "Actual Rows": 1,
              "Actual Loops": 7,
              "Plans": [
                {
                  "Node Type": "Nested Loop",
                  "Parent Relationship": "Outer",
                  "Parallel Aware": false,
                  "Join Type": "Inner",
                  "Startup Cost": 44292.72,
                  "Total Cost": 449575.47,
                  "Plan Rows": 187311,
                  "Plan Width": 0,
                  "Actual Startup Time": 419.958,
                  "Actual Total Time": 1931.269,
                  "Actual Rows": 1060994,
                  "Actual Loops": 7,
                  "Inner Unique": false,
                  "Join Filter": "(t.id = mi.movie_id)",
                  "Rows Removed by Join Filter": 0,
                  "Plans": [
                    {
                      "Node Type": "Hash Join",
                      "Parent Relationship": "Outer",
                      "Parallel Aware": true,
                      "Join Type": "Inner",
                      "Startup Cost": 44292.28,
                      "Total Cost": 389292.32,
                      "Plan Rows": 31901,
                      "Plan Width": 8,
                      "Actual Startup Time": 419.845,
                      "Actual Total Time": 933.557,
                      "Actual Rows": 85879,
                      "Actual Loops": 7,
                      "Inner Unique": true,
                      "Hash Cond": "(ci.movie_id = t.id)",
                      "Plans": [
                        {
                          "Node Type": "Seq Scan",
                          "Parent Relationship": "Outer",
                          "Parallel Aware": true,
                          "Relation Name": "cast_info",
                          "Alias": "ci",
                          "Startup Cost": 0.0,
                          "Total Cost": 343316.27,
                          "Plan Rows": 641434,
                          "Plan Width": 4,
                          "Actual Startup Time": 337.748,
                          "Actual Total Time": 618.4,
                          "Actual Rows": 1227992,
                          "Actual Loops": 7,
                          "Filter": "((person_id > 2828732) AND (role_id > 2))",
                          "Rows Removed by Filter": 3949771
                        },
                        {
                          "Node Type": "Hash",
                          "Parent Relationship": "Inner",
                          "Parallel Aware": true,
                          "Startup Cost": 43899.32,
                          "Total Cost": 43899.32,
                          "Plan Rows": 31437,
                          "Plan Width": 4,
                          "Actual Startup Time": 81.28,
                          "Actual Total Time": 81.281,
                          "Actual Rows": 18385,
                          "Actual Loops": 7,
                          "Hash Buckets": 131072,
                          "Original Hash Buckets": 131072,
                          "Hash Batches": 1,
                          "Original Hash Batches": 1,
                          "Peak Memory Usage": 6208,
                          "Plans": [
                            {
                              "Node Type": "Seq Scan",
                              "Parent Relationship": "Outer",
                              "Parallel Aware": true,
                              "Relation Name": "title",
                              "Alias": "t",
                              "Startup Cost": 0.0,
                              "Total Cost": 43899.32,
                              "Plan Rows": 31437,
                              "Plan Width": 4,
                              "Actual Startup Time": 0.056,
                              "Actual Total Time": 72.131,
                              "Actual Rows": 18385,
                              "Actual Loops": 7,
                              "Filter": "(production_year = 2009)",
                              "Rows Removed by Filter": 342802
                            }
                          ]
                        }
                      ]
                    },
                    {
                      "Node Type": "Index Only Scan",
                      "Parent Relationship": "Inner",
                      "Parallel Aware": false,
                      "Scan Direction": "Forward",
                      "Index Name": "movie_id_movie_info",
                      "Relation Name": "movie_info",
                      "Alias": "mi",
                      "Startup Cost": 0.43,
                      "Total Cost": 1.38,
                      "Plan Rows": 41,
                      "Plan Width": 4,
                      "Actual Startup Time": 0.004,
                      "Actual Total Time": 0.01,
                      "Actual Rows": 12,
                      "Actual Loops": 601156,
                      "Index Cond": "(movie_id = ci.movie_id)",
                      "Rows Removed by Index Recheck": 0,
                      "Heap Fetches": 7426959
                    }
                  ]
                }
              ]
            }
          ]
        }
      ]
    },
    "Planning Time": 0.852,
    "Triggers": [],
    "Execution Time": 2085.48
  }
]