{
    "Plan": {
        "Node Type": "Aggregate",
        "Strategy": "Plain",
        "Partial Mode": "Simple",
        "Parallel Aware": false,
        "Startup Cost": 20001142608.17,
        "Total Cost": 20001142608.18,
        "Plan Rows": 1,
        "Plan Width": 96,
        "Actual Startup Time": 20139.851,
        "Actual Total Time": 20229.731,
        "Actual Rows": 1,
        "Actual Loops": 1,
        "Output": [
            "min(k.keyword)",
            "min(n.name)",
            "min(t.title)"
        ],
        "Plans": [
            {
                "Node Type": "Gather",
                "Parent Relationship": "Outer",
                "Parallel Aware": false,
                "Startup Cost": 20001142536.72,
                "Total Cost": 20001142608.11,
                "Plan Rows": 8,
                "Plan Width": 48,
                "Actual Startup Time": 14261.028,
                "Actual Total Time": 20229.113,
                "Actual Rows": 429,
                "Actual Loops": 1,
                "Output": [
                    "k.keyword",
                    "n.name",
                    "t.title"
                ],
                "Workers Planned": 4,
                "Workers Launched": 4,
                "Single Copy": false,
                "Plans": [
                    {
                        "Node Type": "Nested Loop",
                        "Parent Relationship": "Outer",
                        "Parallel Aware": false,
                        "Join Type": "Inner",
                        "Startup Cost": 20001141536.72,
                        "Total Cost": 20001141607.31,
                        "Plan Rows": 2,
                        "Plan Width": 48,
                        "Actual Startup Time": 17608.287,
                        "Actual Total Time": 17656.259,
                        "Actual Rows": 86,
                        "Actual Loops": 5,
                        "Output": [
                            "k.keyword",
                            "n.name",
                            "t.title"
                        ],
                        "Inner Unique": true,
                        "Join Filter": "(mk.movie_id = t.id)",
                        "Rows Removed by Join Filter": 0,
                        "Workers": [
                            {
                                "Worker Number": 0,
                                "Actual Startup Time": 17221.655,
                                "Actual Total Time": 17265.072,
                                "Actual Rows": 77,
                                "Actual Loops": 1
                            },
                            {
                                "Worker Number": 1,
                                "Actual Startup Time": 19408.978,
                                "Actual Total Time": 19461.926,
                                "Actual Rows": 80,
                                "Actual Loops": 1
                            },
                            {
                                "Worker Number": 2,
                                "Actual Startup Time": 19928.249,
                                "Actual Total Time": 19979.517,
                                "Actual Rows": 56,
                                "Actual Loops": 1
                            },
                            {
                                "Worker Number": 3,
                                "Actual Startup Time": 17222.644,
                                "Actual Total Time": 17266.187,
                                "Actual Rows": 64,
                                "Actual Loops": 1
                            }
                        ],
                        "Plans": [
                            {
                                "Node Type": "Merge Join",
                                "Parent Relationship": "Outer",
                                "Parallel Aware": false,
                                "Join Type": "Inner",
                                "Startup Cost": 10001141536.28,
                                "Total Cost": 10001141593.91,
                                "Plan Rows": 3,
                                "Plan Width": 39,
                                "Actual Startup Time": 17608.158,
                                "Actual Total Time": 17653.642,
                                "Actual Rows": 123,
                                "Actual Loops": 5,
                                "Output": [
                                    "ci.movie_id",
                                    "mk.movie_id",
                                    "k.keyword",
                                    "n.name"
                                ],
                                "Inner Unique": false,
                                "Merge Cond": "(n.id = ci.person_id)",
                                "Workers": [
                                    {
                                        "Worker Number": 0,
                                        "Actual Startup Time": 17221.367,
                                        "Actual Total Time": 17262.15,
                                        "Actual Rows": 101,
                                        "Actual Loops": 1
                                    },
                                    {
                                        "Worker Number": 1,
                                        "Actual Startup Time": 19408.881,
                                        "Actual Total Time": 19459.316,
                                        "Actual Rows": 103,
                                        "Actual Loops": 1
                                    },
                                    {
                                        "Worker Number": 2,
                                        "Actual Startup Time": 19928.144,
                                        "Actual Total Time": 19977.176,
                                        "Actual Rows": 94,
                                        "Actual Loops": 1
                                    },
                                    {
                                        "Worker Number": 3,
                                        "Actual Startup Time": 17222.525,
                                        "Actual Total Time": 17263.357,
                                        "Actual Rows": 98,
                                        "Actual Loops": 1
                                    }
                                ],
                                "Plans": [
                                    {
                                        "Node Type": "Sort",
                                        "Parent Relationship": "Outer",
                                        "Parallel Aware": false,
                                        "Startup Cost": 69339.67,
                                        "Total Cost": 69365.98,
                                        "Plan Rows": 10524,
                                        "Plan Width": 19,
                                        "Actual Startup Time": 183.557,
                                        "Actual Total Time": 183.805,
                                        "Actual Rows": 2137,
                                        "Actual Loops": 5,
                                        "Output": [
                                            "n.name",
                                            "n.id"
                                        ],
                                        "Sort Key": [
                                            "n.id"
                                        ],
                                        "Sort Method": "quicksort",
                                        "Sort Space Used": 376,
                                        "Sort Space Type": "Memory",
                                        "Workers": [
                                            {
                                                "Worker Number": 0,
                                                "Actual Startup Time": 180.957,
                                                "Actual Total Time": 181.137,
                                                "Actual Rows": 1819,
                                                "Actual Loops": 1
                                            },
                                            {
                                                "Worker Number": 1,
                                                "Actual Startup Time": 180.544,
                                                "Actual Total Time": 180.786,
                                                "Actual Rows": 1681,
                                                "Actual Loops": 1
                                            },
                                            {
                                                "Worker Number": 2,
                                                "Actual Startup Time": 180.801,
                                                "Actual Total Time": 181.006,
                                                "Actual Rows": 1653,
                                                "Actual Loops": 1
                                            },
                                            {
                                                "Worker Number": 3,
                                                "Actual Startup Time": 181.887,
                                                "Actual Total Time": 182.053,
                                                "Actual Rows": 1679,
                                                "Actual Loops": 1
                                            }
                                        ],
                                        "Plans": [
                                            {
                                                "Node Type": "Seq Scan",
                                                "Parent Relationship": "Outer",
                                                "Parallel Aware": true,
                                                "Relation Name": "name",
                                                "Schema": "public",
                                                "Alias": "n",
                                                "Startup Cost": 0.0,
                                                "Total Cost": 68636.59,
                                                "Plan Rows": 10524,
                                                "Plan Width": 19,
                                                "Actual Startup Time": 4.606,
                                                "Actual Total Time": 182.596,
                                                "Actual Rows": 2193,
                                                "Actual Loops": 5,
                                                "Output": [
                                                    "n.name",
                                                    "n.id"
                                                ],
                                                "Filter": "(n.name ~~ '%Jones,%'::text)",
                                                "Rows Removed by Filter": 831305,
                                                "Workers": [
                                                    {
                                                        "Worker Number": 0,
                                                        "Actual Startup Time": 2.418,
                                                        "Actual Total Time": 179.946,
                                                        "Actual Rows": 1859,
                                                        "Actual Loops": 1
                                                    },
                                                    {
                                                        "Worker Number": 1,
                                                        "Actual Startup Time": 12.544,
                                                        "Actual Total Time": 179.591,
                                                        "Actual Rows": 1718,
                                                        "Actual Loops": 1
                                                    },
                                                    {
                                                        "Worker Number": 2,
                                                        "Actual Startup Time": 6.31,
                                                        "Actual Total Time": 179.844,
                                                        "Actual Rows": 1736,
                                                        "Actual Loops": 1
                                                    },
                                                    {
                                                        "Worker Number": 3,
                                                        "Actual Startup Time": 0.758,
                                                        "Actual Total Time": 180.925,
                                                        "Actual Rows": 1715,
                                                        "Actual Loops": 1
                                                    }
                                                ]
                                            }
                                        ]
                                    },
                                    {
                                        "Node Type": "Sort",
                                        "Parent Relationship": "Inner",
                                        "Parallel Aware": false,
                                        "Startup Cost": 10001072196.61,
                                        "Total Cost": 10001072199.85,
                                        "Plan Rows": 1295,
                                        "Plan Width": 28,
                                        "Actual Startup Time": 17411.649,
                                        "Actual Total Time": 17450.545,
                                        "Actual Rows": 236429,
                                        "Actual Loops": 5,
                                        "Output": [
                                            "ci.movie_id",
                                            "ci.person_id",
                                            "mk.movie_id",
                                            "k.keyword"
                                        ],
                                        "Sort Key": [
                                            "ci.person_id"
                                        ],
                                        "Sort Method": "quicksort",
                                        "Sort Space Used": 24616,
                                        "Sort Space Type": "Memory",
                                        "Workers": [
                                            {
                                                "Worker Number": 0,
                                                "Actual Startup Time": 17027.933,
                                                "Actual Total Time": 17062.847,
                                                "Actual Rows": 236429,
                                                "Actual Loops": 1
                                            },
                                            {
                                                "Worker Number": 1,
                                                "Actual Startup Time": 19212.527,
                                                "Actual Total Time": 19257.947,
                                                "Actual Rows": 236429,
                                                "Actual Loops": 1
                                            },
                                            {
                                                "Worker Number": 2,
                                                "Actual Startup Time": 19731.641,
                                                "Actual Total Time": 19776.196,
                                                "Actual Rows": 236429,
                                                "Actual Loops": 1
                                            },
                                            {
                                                "Worker Number": 3,
                                                "Actual Startup Time": 17028.038,
                                                "Actual Total Time": 17063.188,
                                                "Actual Rows": 236429,
                                                "Actual Loops": 1
                                            }
                                        ],
                                        "Plans": [
                                            {
                                                "Node Type": "Hash Join",
                                                "Parent Relationship": "Outer",
                                                "Parallel Aware": false,
                                                "Join Type": "Inner",
                                                "Startup Cost": 10001068385.22,
                                                "Total Cost": 10001072129.67,
                                                "Plan Rows": 1295,
                                                "Plan Width": 28,
                                                "Actual Startup Time": 17228.048,
                                                "Actual Total Time": 17342.117,
                                                "Actual Rows": 236429,
                                                "Actual Loops": 5,
                                                "Output": [
                                                    "ci.movie_id",
                                                    "ci.person_id",
                                                    "mk.movie_id",
                                                    "k.keyword"
                                                ],
                                                "Inner Unique": false,
                                                "Hash Cond": "(mk.movie_id = ci.movie_id)",
                                                "Workers": [
                                                    {
                                                        "Worker Number": 0,
                                                        "Actual Startup Time": 16840.815,
                                                        "Actual Total Time": 16952.86,
                                                        "Actual Rows": 236429,
                                                        "Actual Loops": 1
                                                    },
                                                    {
                                                        "Worker Number": 1,
                                                        "Actual Startup Time": 19014.475,
                                                        "Actual Total Time": 19142.581,
                                                        "Actual Rows": 236429,
                                                        "Actual Loops": 1
                                                    },
                                                    {
                                                        "Worker Number": 2,
                                                        "Actual Startup Time": 19535.431,
                                                        "Actual Total Time": 19660.86,
                                                        "Actual Rows": 236429,
                                                        "Actual Loops": 1
                                                    },
                                                    {
                                                        "Worker Number": 3,
                                                        "Actual Startup Time": 16840.841,
                                                        "Actual Total Time": 16951.582,
                                                        "Actual Rows": 236429,
                                                        "Actual Loops": 1
                                                    }
                                                ],
                                                "Plans": [
                                                    {
                                                        "Node Type": "Nested Loop",
                                                        "Parent Relationship": "Outer",
                                                        "Parallel Aware": false,
                                                        "Join Type": "Inner",
                                                        "Startup Cost": 10000000010.76,
                                                        "Total Cost": 10000003740.45,
                                                        "Plan Rows": 34,
                                                        "Plan Width": 20,
                                                        "Actual Startup Time": 1.075,
                                                        "Actual Total Time": 25.267,
                                                        "Actual Rows": 4400,
                                                        "Actual Loops": 5,
                                                        "Output": [
                                                            "k.keyword",
                                                            "mk.movie_id"
                                                        ],
                                                        "Inner Unique": false,
                                                        "Workers": [
                                                            {
                                                                "Worker Number": 0,
                                                                "Actual Startup Time": 1.217,
                                                                "Actual Total Time": 27.316,
                                                                "Actual Rows": 4400,
                                                                "Actual Loops": 1
                                                            },
                                                            {
                                                                "Worker Number": 1,
                                                                "Actual Startup Time": 1.078,
                                                                "Actual Total Time": 28.186,
                                                                "Actual Rows": 4400,
                                                                "Actual Loops": 1
                                                            },
                                                            {
                                                                "Worker Number": 2,
                                                                "Actual Startup Time": 1.033,
                                                                "Actual Total Time": 27.923,
                                                                "Actual Rows": 4400,
                                                                "Actual Loops": 1
                                                            },
                                                            {
                                                                "Worker Number": 3,
                                                                "Actual Startup Time": 1.181,
                                                                "Actual Total Time": 26.87,
                                                                "Actual Rows": 4400,
                                                                "Actual Loops": 1
                                                            }
                                                        ],
                                                        "Plans": [
                                                            {
                                                                "Node Type": "Seq Scan",
                                                                "Parent Relationship": "Outer",
                                                                "Parallel Aware": false,
                                                                "Relation Name": "keyword",
                                                                "Schema": "public",
                                                                "Alias": "k",
                                                                "Startup Cost": 0.0,
                                                                "Total Cost": 2626.12,
                                                                "Plan Rows": 1,
                                                                "Plan Width": 20,
                                                                "Actual Startup Time": 0.06,
                                                                "Actual Total Time": 9.435,
                                                                "Actual Rows": 1,
                                                                "Actual Loops": 5,
                                                                "Output": [
                                                                    "k.id",
                                                                    "k.keyword",
                                                                    "k.phonetic_code"
                                                                ],
                                                                "Filter": "(k.keyword = 'martial-arts'::text)",
                                                                "Rows Removed by Filter": 134169,
                                                                "Workers": [
                                                                    {
                                                                        "Worker Number": 0,
                                                                        "Actual Startup Time": 0.062,
                                                                        "Actual Total Time": 9.44,
                                                                        "Actual Rows": 1,
                                                                        "Actual Loops": 1
                                                                    },
                                                                    {
                                                                        "Worker Number": 1,
                                                                        "Actual Startup Time": 0.081,
                                                                        "Actual Total Time": 9.968,
                                                                        "Actual Rows": 1,
                                                                        "Actual Loops": 1
                                                                    },
                                                                    {
                                                                        "Worker Number": 2,
                                                                        "Actual Startup Time": 0.077,
                                                                        "Actual Total Time": 9.841,
                                                                        "Actual Rows": 1,
                                                                        "Actual Loops": 1
                                                                    },
                                                                    {
                                                                        "Worker Number": 3,
                                                                        "Actual Startup Time": 0.051,
                                                                        "Actual Total Time": 9.356,
                                                                        "Actual Rows": 1,
                                                                        "Actual Loops": 1
                                                                    }
                                                                ]
                                                            },
                                                            {
                                                                "Node Type": "Bitmap Heap Scan",
                                                                "Parent Relationship": "Inner",
                                                                "Parallel Aware": false,
                                                                "Relation Name": "movie_keyword",
                                                                "Schema": "public",
                                                                "Alias": "mk",
                                                                "Startup Cost": 10.76,
                                                                "Total Cost": 1111.32,
                                                                "Plan Rows": 300,
                                                                "Plan Width": 8,
                                                                "Actual Startup Time": 1.0,
                                                                "Actual Total Time": 15.161,
                                                                "Actual Rows": 4400,
                                                                "Actual Loops": 5,
                                                                "Output": [
                                                                    "mk.id",
                                                                    "mk.movie_id",
                                                                    "mk.keyword_id"
                                                                ],
                                                                "Recheck Cond": "(mk.keyword_id = k.id)",
                                                                "Rows Removed by Index Recheck": 0,
                                                                "Exact Heap Blocks": 3003,
                                                                "Lossy Heap Blocks": 0,
                                                                "Workers": [
                                                                    {
                                                                        "Worker Number": 0,
                                                                        "Actual Startup Time": 1.137,
                                                                        "Actual Total Time": 17.145,
                                                                        "Actual Rows": 4400,
                                                                        "Actual Loops": 1
                                                                    },
                                                                    {
                                                                        "Worker Number": 1,
                                                                        "Actual Startup Time": 0.972,
                                                                        "Actual Total Time": 17.497,
                                                                        "Actual Rows": 4400,
                                                                        "Actual Loops": 1
                                                                    },
                                                                    {
                                                                        "Worker Number": 2,
                                                                        "Actual Startup Time": 0.944,
                                                                        "Actual Total Time": 17.366,
                                                                        "Actual Rows": 4400,
                                                                        "Actual Loops": 1
                                                                    },
                                                                    {
                                                                        "Worker Number": 3,
                                                                        "Actual Startup Time": 1.118,
                                                                        "Actual Total Time": 16.795,
                                                                        "Actual Rows": 4400,
                                                                        "Actual Loops": 1
                                                                    }
                                                                ],
                                                                "Plans": [
                                                                    {
                                                                        "Node Type": "Bitmap Index Scan",
                                                                        "Parent Relationship": "Outer",
                                                                        "Parallel Aware": false,
                                                                        "Index Name": "keyword_id_movie_keyword",
                                                                        "Startup Cost": 0.0,
                                                                        "Total Cost": 10.68,
                                                                        "Plan Rows": 300,
                                                                        "Plan Width": 0,
                                                                        "Actual Startup Time": 0.696,
                                                                        "Actual Total Time": 0.696,
                                                                        "Actual Rows": 4400,
                                                                        "Actual Loops": 5,
                                                                        "Index Cond": "(mk.keyword_id = k.id)",
                                                                        "Workers": [
                                                                            {
                                                                                "Worker Number": 0,
                                                                                "Actual Startup Time": 0.822,
                                                                                "Actual Total Time": 0.823,
                                                                                "Actual Rows": 4400,
                                                                                "Actual Loops": 1
                                                                            },
                                                                            {
                                                                                "Worker Number": 1,
                                                                                "Actual Startup Time": 0.675,
                                                                                "Actual Total Time": 0.675,
                                                                                "Actual Rows": 4400,
                                                                                "Actual Loops": 1
                                                                            },
                                                                            {
                                                                                "Worker Number": 2,
                                                                                "Actual Startup Time": 0.632,
                                                                                "Actual Total Time": 0.632,
                                                                                "Actual Rows": 4400,
                                                                                "Actual Loops": 1
                                                                            },
                                                                            {
                                                                                "Worker Number": 3,
                                                                                "Actual Startup Time": 0.81,
                                                                                "Actual Total Time": 0.811,
                                                                                "Actual Rows": 4400,
                                                                                "Actual Loops": 1
                                                                            }
                                                                        ]
                                                                    }
                                                                ]
                                                            }
                                                        ]
                                                    },
                                                    {
                                                        "Node Type": "Hash",
                                                        "Parent Relationship": "Inner",
                                                        "Parallel Aware": false,
                                                        "Startup Cost": 615214.76,
                                                        "Total Cost": 615214.76,
                                                        "Plan Rows": 36252776,
                                                        "Plan Width": 8,
                                                        "Actual Startup Time": 16873.608,
                                                        "Actual Total Time": 16873.609,
                                                        "Actual Rows": 36244344,
                                                        "Actual Loops": 5,
                                                        "Output": [
                                                            "ci.movie_id",
                                                            "ci.person_id"
                                                        ],
                                                        "Hash Buckets": 67108864,
                                                        "Original Hash Buckets": 67108864,
                                                        "Hash Batches": 1,
                                                        "Original Hash Batches": 1,
                                                        "Peak Memory Usage": 1940083,
                                                        "Workers": [
                                                            {
                                                                "Worker Number": 0,
                                                                "Actual Startup Time": 16425.708,
                                                                "Actual Total Time": 16425.709,
                                                                "Actual Rows": 36244344,
                                                                "Actual Loops": 1
                                                            },
                                                            {
                                                                "Worker Number": 1,
                                                                "Actual Startup Time": 18583.819,
                                                                "Actual Total Time": 18583.821,
                                                                "Actual Rows": 36244344,
                                                                "Actual Loops": 1
                                                            },
                                                            {
                                                                "Worker Number": 2,
                                                                "Actual Startup Time": 19106.705,
                                                                "Actual Total Time": 19106.706,
                                                                "Actual Rows": 36244344,
                                                                "Actual Loops": 1
                                                            },
                                                            {
                                                                "Worker Number": 3,
                                                                "Actual Startup Time": 16427.046,
                                                                "Actual Total Time": 16427.048,
                                                                "Actual Rows": 36244344,
                                                                "Actual Loops": 1
                                                            }
                                                        ],
                                                        "Plans": [
                                                            {
                                                                "Node Type": "Seq Scan",
                                                                "Parent Relationship": "Outer",
                                                                "Parallel Aware": false,
                                                                "Relation Name": "cast_info",
                                                                "Schema": "public",
                                                                "Alias": "ci",
                                                                "Startup Cost": 0.0,
                                                                "Total Cost": 615214.76,
                                                                "Plan Rows": 36252776,
                                                                "Plan Width": 8,
                                                                "Actual Startup Time": 0.066,
                                                                "Actual Total Time": 3936.889,
                                                                "Actual Rows": 36244344,
                                                                "Actual Loops": 5,
                                                                "Output": [
                                                                    "ci.movie_id",
                                                                    "ci.person_id"
                                                                ],
                                                                "Workers": [
                                                                    {
                                                                        "Worker Number": 0,
                                                                        "Actual Startup Time": 0.068,
                                                                        "Actual Total Time": 3736.948,
                                                                        "Actual Rows": 36244344,
                                                                        "Actual Loops": 1
                                                                    },
                                                                    {
                                                                        "Worker Number": 1,
                                                                        "Actual Startup Time": 0.068,
                                                                        "Actual Total Time": 4057.076,
                                                                        "Actual Rows": 36244344,
                                                                        "Actual Loops": 1
                                                                    },
                                                                    {
                                                                        "Worker Number": 2,
                                                                        "Actual Startup Time": 0.088,
                                                                        "Actual Total Time": 4227.166,
                                                                        "Actual Rows": 36244344,
                                                                        "Actual Loops": 1
                                                                    },
                                                                    {
                                                                        "Worker Number": 3,
                                                                        "Actual Startup Time": 0.086,
                                                                        "Actual Total Time": 3666.062,
                                                                        "Actual Rows": 36244344,
                                                                        "Actual Loops": 1
                                                                    }
                                                                ]
                                                            }
                                                        ]
                                                    }
                                                ]
                                            }
                                        ]
                                    }
                                ]
                            },
                            {
                                "Node Type": "Bitmap Heap Scan",
                                "Parent Relationship": "Inner",
                                "Parallel Aware": false,
                                "Relation Name": "title",
                                "Schema": "public",
                                "Alias": "t",
                                "Startup Cost": 0.44,
                                "Total Cost": 4.45,
                                "Plan Rows": 1,
                                "Plan Width": 21,
                                "Actual Startup Time": 0.019,
                                "Actual Total Time": 0.019,
                                "Actual Rows": 1,
                                "Actual Loops": 617,
                                "Output": [
                                    "t.id",
                                    "t.title",
                                    "t.imdb_index",
                                    "t.kind_id",
                                    "t.production_year",
                                    "t.imdb_id",
                                    "t.phonetic_code",
                                    "t.episode_of_id",
                                    "t.season_nr",
                                    "t.episode_nr",
                                    "t.series_years",
                                    "t.md5sum"
                                ],
                                "Recheck Cond": "(t.id = ci.movie_id)",
                                "Rows Removed by Index Recheck": 0,
                                "Filter": "(t.production_year > 1994)",
                                "Rows Removed by Filter": 0,
                                "Exact Heap Blocks": 221,
                                "Lossy Heap Blocks": 0,
                                "Workers": [
                                    {
                                        "Worker Number": 0,
                                        "Actual Startup Time": 0.027,
                                        "Actual Total Time": 0.027,
                                        "Actual Rows": 1,
                                        "Actual Loops": 101
                                    },
                                    {
                                        "Worker Number": 1,
                                        "Actual Startup Time": 0.023,
                                        "Actual Total Time": 0.023,
                                        "Actual Rows": 1,
                                        "Actual Loops": 103
                                    },
                                    {
                                        "Worker Number": 2,
                                        "Actual Startup Time": 0.023,
                                        "Actual Total Time": 0.023,
                                        "Actual Rows": 1,
                                        "Actual Loops": 94
                                    },
                                    {
                                        "Worker Number": 3,
                                        "Actual Startup Time": 0.027,
                                        "Actual Total Time": 0.027,
                                        "Actual Rows": 1,
                                        "Actual Loops": 98
                                    }
                                ],
                                "Plans": [
                                    {
                                        "Node Type": "Bitmap Index Scan",
                                        "Parent Relationship": "Outer",
                                        "Parallel Aware": false,
                                        "Index Name": "title_pkey",
                                        "Startup Cost": 0.0,
                                        "Total Cost": 0.44,
                                        "Plan Rows": 1,
                                        "Plan Width": 0,
                                        "Actual Startup Time": 0.011,
                                        "Actual Total Time": 0.011,
                                        "Actual Rows": 1,
                                        "Actual Loops": 617,
                                        "Index Cond": "(t.id = ci.movie_id)",
                                        "Workers": [
                                            {
                                                "Worker Number": 0,
                                                "Actual Startup Time": 0.016,
                                                "Actual Total Time": 0.016,
                                                "Actual Rows": 1,
                                                "Actual Loops": 101
                                            },
                                            {
                                                "Worker Number": 1,
                                                "Actual Startup Time": 0.013,
                                                "Actual Total Time": 0.013,
                                                "Actual Rows": 1,
                                                "Actual Loops": 103
                                            },
                                            {
                                                "Worker Number": 2,
                                                "Actual Startup Time": 0.013,
                                                "Actual Total Time": 0.013,
                                                "Actual Rows": 1,
                                                "Actual Loops": 94
                                            },
                                            {
                                                "Worker Number": 3,
                                                "Actual Startup Time": 0.015,
                                                "Actual Total Time": 0.015,
                                                "Actual Rows": 1,
                                                "Actual Loops": 98
                                            }
                                        ]
                                    }
                                ]
                            }
                        ]
                    }
                ]
            }
        ]
    },
    "Planning Time": 1.813,
    "Triggers": [],
    "Execution Time": 20250.609
}