[
  {
    "Plan": {
      "Node Type": "Aggregate",
      "Strategy": "Plain",
      "Partial Mode": "Finalize",
      "Parallel Aware": false,
      "Startup Cost": 365630.47,
      "Total Cost": 365630.48,
      "Plan Rows": 1,
      "Plan Width": 8,
      "Actual Startup Time": 408.42,
      "Actual Total Time": 455.194,
      "Actual Rows": 1,
      "Actual Loops": 1,
      "Plans": [
        {
          "Node Type": "Gather",
          "Parent Relationship": "Outer",
          "Parallel Aware": false,
          "Startup Cost": 365629.95,
          "Total Cost": 365630.46,
          "Plan Rows": 5,
          "Plan Width": 8,
          "Actual Startup Time": 405.014,
          "Actual Total Time": 455.185,
          "Actual Rows": 6,
          "Actual Loops": 1,
          "Workers Planned": 5,
          "Workers Launched": 5,
          "Single Copy": false,
          "Plans": [
            {
              "Node Type": "Aggregate",
              "Strategy": "Plain",
              "Partial Mode": "Partial",
              "Parent Relationship": "Outer",
              "Parallel Aware": false,
              "Startup Cost": 364629.95,
              "Total Cost": 364629.96,
              "Plan Rows": 1,
              "Plan Width": 8,
              "Actual Startup Time": 393.886,
              "Actual Total Time": 393.897,
              "Actual Rows": 1,
              "Actual Loops": 6,
              "Plans": [
                {
                  "Node Type": "Nested Loop",
                  "Parent Relationship": "Outer",
                  "Parallel Aware": false,
                  "Join Type": "Inner",
                  "Startup Cost": 58900.19,
                  "Total Cost": 363002.86,
                  "Plan Rows": 650836,
                  "Plan Width": 0,
                  "Actual Startup Time": 169.07,
                  "Actual Total Time": 386.483,
                  "Actual Rows": 116671,
                  "Actual Loops": 6,
                  "Inner Unique": false,
                  "Plans": [
                    {
                      "Node Type": "Hash Join",
                      "Parent Relationship": "Outer",
                      "Parallel Aware": true,
                      "Join Type": "Inner",
                      "Startup Cost": 58899.63,
                      "Total Cost": 222603.94,
                      "Plan Rows": 45421,
                      "Plan Width": 8,
                      "Actual Startup Time": 168.945,
                      "Actual Total Time": 198.569,
                      "Actual Rows": 3287,
                      "Actual Loops": 6,
                      "Inner Unique": true,
                      "Hash Cond": "(mi.movie_id = t.id)",
                      "Plans": [
                        {
                          "Node Type": "Bitmap Heap Scan",
                          "Parent Relationship": "Outer",
                          "Parallel Aware": true,
                          "Relation Name": "movie_info",
                          "Alias": "mi",
                          "Startup Cost": 10248.78,
                          "Total Cost": 173656.09,
                          "Plan Rows": 113144,
                          "Plan Width": 4,
                          "Actual Startup Time": 18.448,
                          "Actual Total Time": 31.645,
                          "Actual Rows": 90561,
                          "Actual Loops": 6,
                          "Recheck Cond": "(info_type_id > 98)",
                          "Rows Removed by Index Recheck": 0,
                          "Exact Heap Blocks": 1791,
                          "Lossy Heap Blocks": 0,
                          "Plans": [
                            {
                              "Node Type": "Bitmap Index Scan",
                              "Parent Relationship": "Outer",
                              "Parallel Aware": false,
                              "Index Name": "info_type_id_movie_info",
                              "Startup Cost": 0.0,
                              "Total Cost": 10107.35,
                              "Plan Rows": 565722,
                              "Plan Width": 0,
                              "Actual Startup Time": 17.658,
                              "Actual Total Time": 17.659,
                              "Actual Rows": 543367,
                              "Actual Loops": 1,
                              "Index Cond": "(info_type_id > 98)"
                            }
                          ]
                        },
                        {
                          "Node Type": "Hash",
                          "Parent Relationship": "Inner",
                          "Parallel Aware": true,
                          "Startup Cost": 45479.1,
                          "Total Cost": 45479.1,
                          "Plan Rows": 253740,
                          "Plan Width": 4,
                          "Actual Startup Time": 141.786,
                          "Actual Total Time": 141.787,
                          "Actual Rows": 160019,
                          "Actual Loops": 6,
                          "Hash Buckets": 1048576,
                          "Original Hash Buckets": 1048576,
                          "Hash Batches": 1,
                          "Original Hash Batches": 1,
                          "Peak Memory Usage": 45856,
                          "Plans": [
                            {
                              "Node Type": "Seq Scan",
                              "Parent Relationship": "Outer",
                              "Parallel Aware": true,
                              "Relation Name": "title",
                              "Alias": "t",
                              "Startup Cost": 0.0,
                              "Total Cost": 45479.1,
                              "Plan Rows": 253740,
                              "Plan Width": 4,
                              "Actual Startup Time": 0.042,
                              "Actual Total Time": 80.886,
                              "Actual Rows": 160019,
                              "Actual Loops": 6,
                              "Filter": "((production_year < 2008) AND (kind_id = 7))",
                              "Rows Removed by Filter": 261366
                            }
                          ]
                        }
                      ]
                    },
                    {
                      "Node Type": "Index Only Scan",
                      "Parent Relationship": "Inner",
                      "Parallel Aware": false,
                      "Scan Direction": "Forward",
                      "Index Name": "movie_id_cast_info",
                      "Relation Name": "cast_info",
                      "Alias": "ci",
                      "Startup Cost": 0.56,
                      "Total Cost": 2.72,
                      "Plan Rows": 37,
                      "Plan Width": 4,
                      "Actual Startup Time": 0.007,
                      "Actual Total Time": 0.054,
                      "Actual Rows": 35,
                      "Actual Loops": 19721,
                      "Index Cond": "(movie_id = t.id)",
                      "Rows Removed by Index Recheck": 0,
                      "Heap Fetches": 700024
                    }
                  ]
                }
              ]
            }
          ]
        }
      ]
    },
    "Planning Time": 1.335,
    "Triggers": [],
    "Execution Time": 455.32
  }
]