[
  {
    "Plan": {
      "Node Type": "Aggregate",
      "Strategy": "Plain",
      "Partial Mode": "Finalize",
      "Parallel Aware": false,
      "Startup Cost": 281520.73,
      "Total Cost": 281520.74,
      "Plan Rows": 1,
      "Plan Width": 8,
      "Actual Startup Time": 206.744,
      "Actual Total Time": 234.161,
      "Actual Rows": 1,
      "Actual Loops": 1,
      "Plans": [
        {
          "Node Type": "Gather",
          "Parent Relationship": "Outer",
          "Parallel Aware": false,
          "Startup Cost": 281520.31,
          "Total Cost": 281520.72,
          "Plan Rows": 4,
          "Plan Width": 8,
          "Actual Startup Time": 206.578,
          "Actual Total Time": 234.149,
          "Actual Rows": 5,
          "Actual Loops": 1,
          "Workers Planned": 4,
          "Workers Launched": 4,
          "Single Copy": false,
          "Plans": [
            {
              "Node Type": "Aggregate",
              "Strategy": "Plain",
              "Partial Mode": "Partial",
              "Parent Relationship": "Outer",
              "Parallel Aware": false,
              "Startup Cost": 280520.31,
              "Total Cost": 280520.32,
              "Plan Rows": 1,
              "Plan Width": 8,
              "Actual Startup Time": 197.905,
              "Actual Total Time": 197.907,
              "Actual Rows": 1,
              "Actual Loops": 5,
              "Plans": [
                {
                  "Node Type": "Nested Loop",
                  "Parent Relationship": "Outer",
                  "Parallel Aware": false,
                  "Join Type": "Inner",
                  "Startup Cost": 0.56,
                  "Total Cost": 280425.57,
                  "Plan Rows": 37897,
                  "Plan Width": 0,
                  "Actual Startup Time": 61.47,
                  "Actual Total Time": 196.278,
                  "Actual Rows": 16979,
                  "Actual Loops": 5,
                  "Inner Unique": false,
                  "Plans": [
                    {
                      "Node Type": "Seq Scan",
                      "Parent Relationship": "Outer",
                      "Parallel Aware": true,
                      "Relation Name": "title",
                      "Alias": "t",
                      "Startup Cost": 0.0,
                      "Total Cost": 45479.1,
                      "Plan Rows": 2645,
                      "Plan Width": 4,
                      "Actual Startup Time": 61.333,
                      "Actual Total Time": 94.819,
                      "Actual Rows": 8564,
                      "Actual Loops": 5,
                      "Filter": "((production_year < 1913) AND (kind_id = 1))",
                      "Rows Removed by Filter": 497099
                    },
                    {
                      "Node Type": "Index Only Scan",
                      "Parent Relationship": "Inner",
                      "Parallel Aware": false,
                      "Scan Direction": "Forward",
                      "Index Name": "movie_id_cast_info",
                      "Relation Name": "cast_info",
                      "Alias": "ci",
                      "Startup Cost": 0.56,
                      "Total Cost": 88.46,
                      "Plan Rows": 37,
                      "Plan Width": 4,
                      "Actual Startup Time": 0.008,
                      "Actual Total Time": 0.011,
                      "Actual Rows": 2,
                      "Actual Loops": 42819,
                      "Index Cond": "(movie_id = t.id)",
                      "Rows Removed by Index Recheck": 0,
                      "Heap Fetches": 84896
                    }
                  ]
                }
              ]
            }
          ]
        }
      ]
    },
    "Planning Time": 0.58,
    "Triggers": [],
    "Execution Time": 234.239
  }
]