[
    {
        "Bao": {
            "Bao prediction": 448.77,
            "Bao recommended hint": "SET enable_mergejoin TO off; SET enable_indexscan TO off; "
        }
    },
    {
        "Plan": {
            "Node Type": "Aggregate",
            "Strategy": "Plain",
            "Partial Mode": "Finalize",
            "Parallel Aware": false,
            "Startup Cost": 344904.32,
            "Total Cost": 344904.33,
            "Plan Rows": 1,
            "Plan Width": 8,
            "Actual Startup Time": 794.411,
            "Actual Total Time": 830.523,
            "Actual Rows": 1,
            "Actual Loops": 1,
            "Output": [
                "count(*)"
            ],
            "Plans": [
                {
                    "Node Type": "Gather",
                    "Parent Relationship": "Outer",
                    "Parallel Aware": false,
                    "Startup Cost": 344903.7,
                    "Total Cost": 344904.3,
                    "Plan Rows": 6,
                    "Plan Width": 8,
                    "Actual Startup Time": 794.301,
                    "Actual Total Time": 830.513,
                    "Actual Rows": 7,
                    "Actual Loops": 1,
                    "Output": [
                        "(PARTIAL count(*))"
                    ],
                    "Workers Planned": 6,
                    "Workers Launched": 6,
                    "Single Copy": false,
                    "Plans": [
                        {
                            "Node Type": "Aggregate",
                            "Strategy": "Plain",
                            "Partial Mode": "Partial",
                            "Parent Relationship": "Outer",
                            "Parallel Aware": false,
                            "Startup Cost": 343903.7,
                            "Total Cost": 343903.71,
                            "Plan Rows": 1,
                            "Plan Width": 8,
                            "Actual Startup Time": 784.937,
                            "Actual Total Time": 784.938,
                            "Actual Rows": 1,
                            "Actual Loops": 7,
                            "Output": [
                                "PARTIAL count(*)"
                            ],
                            "Workers": [
                                {
                                    "Worker Number": 0,
                                    "Actual Startup Time": 782.988,
                                    "Actual Total Time": 782.989,
                                    "Actual Rows": 1,
                                    "Actual Loops": 1
                                },
                                {
                                    "Worker Number": 1,
                                    "Actual Startup Time": 783.297,
                                    "Actual Total Time": 783.298,
                                    "Actual Rows": 1,
                                    "Actual Loops": 1
                                },
                                {
                                    "Worker Number": 2,
                                    "Actual Startup Time": 783.339,
                                    "Actual Total Time": 783.339,
                                    "Actual Rows": 1,
                                    "Actual Loops": 1
                                },
                                {
                                    "Worker Number": 3,
                                    "Actual Startup Time": 783.375,
                                    "Actual Total Time": 783.377,
                                    "Actual Rows": 1,
                                    "Actual Loops": 1
                                },
                                {
                                    "Worker Number": 4,
                                    "Actual Startup Time": 783.729,
                                    "Actual Total Time": 783.73,
                                    "Actual Rows": 1,
                                    "Actual Loops": 1
                                },
                                {
                                    "Worker Number": 5,
                                    "Actual Startup Time": 784.355,
                                    "Actual Total Time": 784.356,
                                    "Actual Rows": 1,
                                    "Actual Loops": 1
                                }
                            ],
                            "Plans": [
                                {
                                    "Node Type": "Seq Scan",
                                    "Parent Relationship": "Outer",
                                    "Parallel Aware": true,
                                    "Relation Name": "cast_info",
                                    "Schema": "public",
                                    "Alias": "ci",
                                    "Startup Cost": 0.0,
                                    "Total Cost": 343318.94,
                                    "Plan Rows": 233902,
                                    "Plan Width": 0,
                                    "Actual Startup Time": 555.607,
                                    "Actual Total Time": 748.42,
                                    "Actual Rows": 603562,
                                    "Actual Loops": 7,
                                    "Output": [
                                        "id",
                                        "person_id",
                                        "movie_id",
                                        "person_role_id",
                                        "note",
                                        "nr_order",
                                        "role_id"
                                    ],
                                    "Filter": "((ci.person_id > 3285636) AND (ci.role_id > 3))",
                                    "Rows Removed by Filter": 4574202,
                                    "Workers": [
                                        {
                                            "Worker Number": 0,
                                            "Actual Startup Time": 553.661,
                                            "Actual Total Time": 747.195,
                                            "Actual Rows": 533119,
                                            "Actual Loops": 1
                                        },
                                        {
                                            "Worker Number": 1,
                                            "Actual Startup Time": 553.968,
                                            "Actual Total Time": 747.196,
                                            "Actual Rows": 535272,
                                            "Actual Loops": 1
                                        },
                                        {
                                            "Worker Number": 2,
                                            "Actual Startup Time": 554.003,
                                            "Actual Total Time": 748.046,
                                            "Actual Rows": 524530,
                                            "Actual Loops": 1
                                        },
                                        {
                                            "Worker Number": 3,
                                            "Actual Startup Time": 554.062,
                                            "Actual Total Time": 747.278,
                                            "Actual Rows": 532623,
                                            "Actual Loops": 1
                                        },
                                        {
                                            "Worker Number": 4,
                                            "Actual Startup Time": 554.395,
                                            "Actual Total Time": 747.926,
                                            "Actual Rows": 531067,
                                            "Actual Loops": 1
                                        },
                                        {
                                            "Worker Number": 5,
                                            "Actual Startup Time": 555.013,
                                            "Actual Total Time": 748.354,
                                            "Actual Rows": 535068,
                                            "Actual Loops": 1
                                        }
                                    ]
                                }
                            ]
                        }
                    ]
                }
            ]
        },
        "Planning Time": 550.181,
        "Triggers": [],
        "Execution Time": 830.667
    }
]