[
  {
    "Plan": {
      "Node Type": "Aggregate",
      "Strategy": "Plain",
      "Partial Mode": "Finalize",
      "Parallel Aware": false,
      "Startup Cost": 338247.11,
      "Total Cost": 338247.12,
      "Plan Rows": 1,
      "Plan Width": 8,
      "Actual Startup Time": 299.472,
      "Actual Total Time": 363.213,
      "Actual Rows": 1,
      "Actual Loops": 1,
      "Plans": [
        {
          "Node Type": "Gather",
          "Parent Relationship": "Outer",
          "Parallel Aware": false,
          "Startup Cost": 338246.69,
          "Total Cost": 338247.1,
          "Plan Rows": 4,
          "Plan Width": 8,
          "Actual Startup Time": 298.865,
          "Actual Total Time": 363.201,
          "Actual Rows": 5,
          "Actual Loops": 1,
          "Workers Planned": 4,
          "Workers Launched": 4,
          "Single Copy": false,
          "Plans": [
            {
              "Node Type": "Aggregate",
              "Strategy": "Plain",
              "Partial Mode": "Partial",
              "Parent Relationship": "Outer",
              "Parallel Aware": false,
              "Startup Cost": 337246.69,
              "Total Cost": 337246.7,
              "Plan Rows": 1,
              "Plan Width": 8,
              "Actual Startup Time": 294.362,
              "Actual Total Time": 294.363,
              "Actual Rows": 1,
              "Actual Loops": 5,
              "Plans": [
                {
                  "Node Type": "Nested Loop",
                  "Parent Relationship": "Outer",
                  "Parallel Aware": false,
                  "Join Type": "Inner",
                  "Startup Cost": 0.56,
                  "Total Cost": 337222.81,
                  "Plan Rows": 9553,
                  "Plan Width": 0,
                  "Actual Startup Time": 49.781,
                  "Actual Total Time": 292.845,
                  "Actual Rows": 17039,
                  "Actual Loops": 5,
                  "Inner Unique": false,
                  "Plans": [
                    {
                      "Node Type": "Seq Scan",
                      "Parent Relationship": "Outer",
                      "Parallel Aware": true,
                      "Relation Name": "title",
                      "Alias": "t",
                      "Startup Cost": 0.0,
                      "Total Cost": 45479.59,
                      "Plan Rows": 7894,
                      "Plan Width": 4,
                      "Actual Startup Time": 49.558,
                      "Actual Total Time": 76.723,
                      "Actual Rows": 3554,
                      "Actual Loops": 5,
                      "Filter": "((kind_id = 1) AND (production_year = 2007))",
                      "Rows Removed by Filter": 502108
                    },
                    {
                      "Node Type": "Index Scan",
                      "Parent Relationship": "Inner",
                      "Parallel Aware": false,
                      "Scan Direction": "Forward",
                      "Index Name": "movie_id_cast_info",
                      "Relation Name": "cast_info",
                      "Alias": "ci",
                      "Startup Cost": 0.56,
                      "Total Cost": 36.93,
                      "Plan Rows": 3,
                      "Plan Width": 4,
                      "Actual Startup Time": 0.044,
                      "Actual Total Time": 0.06,
                      "Actual Rows": 5,
                      "Actual Loops": 17772,
                      "Index Cond": "(movie_id = t.id)",
                      "Rows Removed by Index Recheck": 0,
                      "Filter": "((person_id > 2792524) AND (role_id > 3))",
                      "Rows Removed by Filter": 15
                    }
                  ]
                }
              ]
            }
          ]
        }
      ]
    },
    "Planning Time": 0.582,
    "Triggers": [],
    "Execution Time": 363.299
  }
]