[
  {
    "Plan": {
      "Node Type": "Aggregate",
      "Strategy": "Plain",
      "Partial Mode": "Finalize",
      "Parallel Aware": false,
      "Startup Cost": 42474.4,
      "Total Cost": 42474.41,
      "Plan Rows": 1,
      "Plan Width": 8,
      "Actual Startup Time": 139.114,
      "Actual Total Time": 148.886,
      "Actual Rows": 1,
      "Actual Loops": 1,
      "Plans": [
        {
          "Node Type": "Gather",
          "Parent Relationship": "Outer",
          "Parallel Aware": false,
          "Startup Cost": 42474.08,
          "Total Cost": 42474.39,
          "Plan Rows": 3,
          "Plan Width": 8,
          "Actual Startup Time": 138.743,
          "Actual Total Time": 148.875,
          "Actual Rows": 4,
          "Actual Loops": 1,
          "Workers Planned": 3,
          "Workers Launched": 3,
          "Single Copy": false,
          "Plans": [
            {
              "Node Type": "Aggregate",
              "Strategy": "Plain",
              "Partial Mode": "Partial",
              "Parent Relationship": "Outer",
              "Parallel Aware": false,
              "Startup Cost": 41474.08,
              "Total Cost": 41474.09,
              "Plan Rows": 1,
              "Plan Width": 8,
              "Actual Startup Time": 133.656,
              "Actual Total Time": 133.66,
              "Actual Rows": 1,
              "Actual Loops": 4,
              "Plans": [
                {
                  "Node Type": "Bitmap Heap Scan",
                  "Parent Relationship": "Outer",
                  "Parallel Aware": true,
                  "Relation Name": "movie_keyword",
                  "Alias": "mk",
                  "Startup Cost": 13859.17,
                  "Total Cost": 40947.26,
                  "Plan Rows": 210728,
                  "Plan Width": 0,
                  "Actual Startup Time": 44.469,
                  "Actual Total Time": 124.406,
                  "Actual Rows": 164591,
                  "Actual Loops": 4,
                  "Recheck Cond": "(keyword_id > 28560)",
                  "Rows Removed by Index Recheck": 0,
                  "Exact Heap Blocks": 9809,
                  "Lossy Heap Blocks": 0,
                  "Plans": [
                    {
                      "Node Type": "Bitmap Index Scan",
                      "Parent Relationship": "Outer",
                      "Parallel Aware": false,
                      "Index Name": "keyword_id_movie_keyword",
                      "Startup Cost": 0.0,
                      "Total Cost": 13695.85,
                      "Plan Rows": 653256,
                      "Plan Width": 0,
                      "Actual Startup Time": 45.617,
                      "Actual Total Time": 45.618,
                      "Actual Rows": 658363,
                      "Actual Loops": 1,
                      "Index Cond": "(keyword_id > 28560)"
                    }
                  ]
                }
              ]
            }
          ]
        }
      ]
    },
    "Planning Time": 0.113,
    "Triggers": [],
    "Execution Time": 148.932
  }
]