[
  {
    "Plan": {
      "Node Type": "Aggregate",
      "Strategy": "Plain",
      "Partial Mode": "Finalize",
      "Parallel Aware": false,
      "Startup Cost": 27229.05,
      "Total Cost": 27229.06,
      "Plan Rows": 1,
      "Plan Width": 8,
      "Actual Startup Time": 33.549,
      "Actual Total Time": 39.419,
      "Actual Rows": 1,
      "Actual Loops": 1,
      "Plans": [
        {
          "Node Type": "Gather",
          "Parent Relationship": "Outer",
          "Parallel Aware": false,
          "Startup Cost": 27228.84,
          "Total Cost": 27229.05,
          "Plan Rows": 2,
          "Plan Width": 8,
          "Actual Startup Time": 33.245,
          "Actual Total Time": 39.41,
          "Actual Rows": 3,
          "Actual Loops": 1,
          "Workers Planned": 2,
          "Workers Launched": 2,
          "Single Copy": false,
          "Plans": [
            {
              "Node Type": "Aggregate",
              "Strategy": "Plain",
              "Partial Mode": "Partial",
              "Parent Relationship": "Outer",
              "Parallel Aware": false,
              "Startup Cost": 26228.84,
              "Total Cost": 26228.85,
              "Plan Rows": 1,
              "Plan Width": 8,
              "Actual Startup Time": 27.371,
              "Actual Total Time": 27.373,
              "Actual Rows": 1,
              "Actual Loops": 3,
              "Plans": [
                {
                  "Node Type": "Nested Loop",
                  "Parent Relationship": "Outer",
                  "Parallel Aware": false,
                  "Join Type": "Inner",
                  "Startup Cost": 101.09,
                  "Total Cost": 26228.4,
                  "Plan Rows": 176,
                  "Plan Width": 0,
                  "Actual Startup Time": 3.521,
                  "Actual Total Time": 27.314,
                  "Actual Rows": 209,
                  "Actual Loops": 3,
                  "Inner Unique": true,
                  "Plans": [
                    {
                      "Node Type": "Bitmap Heap Scan",
                      "Parent Relationship": "Outer",
                      "Parallel Aware": true,
                      "Relation Name": "movie_keyword",
                      "Alias": "mk",
                      "Startup Cost": 100.66,
                      "Total Cost": 11847.89,
                      "Plan Rows": 1948,
                      "Plan Width": 4,
                      "Actual Startup Time": 2.463,
                      "Actual Total Time": 10.311,
                      "Actual Rows": 1350,
                      "Actual Loops": 3,
                      "Recheck Cond": "(keyword_id = 1749)",
                      "Rows Removed by Index Recheck": 0,
                      "Exact Heap Blocks": 2169,
                      "Lossy Heap Blocks": 0,
                      "Plans": [
                        {
                          "Node Type": "Bitmap Index Scan",
                          "Parent Relationship": "Outer",
                          "Parallel Aware": false,
                          "Index Name": "keyword_id_movie_keyword",
                          "Startup Cost": 0.0,
                          "Total Cost": 99.5,
                          "Plan Rows": 4675,
                          "Plan Width": 0,
                          "Actual Startup Time": 3.339,
                          "Actual Total Time": 3.34,
                          "Actual Rows": 4049,
                          "Actual Loops": 1,
                          "Index Cond": "(keyword_id = 1749)"
                        }
                      ]
                    },
                    {
                      "Node Type": "Index Scan",
                      "Parent Relationship": "Inner",
                      "Parallel Aware": false,
                      "Scan Direction": "Forward",
                      "Index Name": "title_pkey",
                      "Relation Name": "title",
                      "Alias": "t",
                      "Startup Cost": 0.43,
                      "Total Cost": 7.38,
                      "Plan Rows": 1,
                      "Plan Width": 4,
                      "Actual Startup Time": 0.012,
                      "Actual Total Time": 0.012,
                      "Actual Rows": 0,
                      "Actual Loops": 4049,
                      "Index Cond": "(id = mk.movie_id)",
                      "Rows Removed by Index Recheck": 0,
                      "Filter": "(production_year < 1960)",
                      "Rows Removed by Filter": 1
                    }
                  ]
                }
              ]
            }
          ]
        }
      ]
    },
    "Planning Time": 0.53,
    "Triggers": [],
    "Execution Time": 39.495
  }
]