{
  "Plan": {
    "Node Type": "Aggregate",
    "Strategy": "Plain",
    "Partial Mode": "Finalize",
    "Parallel Aware": false,
    "Startup Cost": 667353.43,
    "Total Cost": 667353.44,
    "Plan Rows": 1,
    "Plan Width": 8,
    "Actual Startup Time": 3603.95,
    "Actual Total Time": 3656.124,
    "Actual Rows": 1,
    "Actual Loops": 1,
    "Plans": [
      {
        "Node Type": "Gather",
        "Parent Relationship": "Outer",
        "Parallel Aware": false,
        "Startup Cost": 667353.31,
        "Total Cost": 667353.42,
        "Plan Rows": 1,
        "Plan Width": 8,
        "Actual Startup Time": 3603.138,
        "Actual Total Time": 3656.117,
        "Actual Rows": 2,
        "Actual Loops": 1,
        "Workers Planned": 1,
        "Workers Launched": 1,
        "Single Copy": false,
        "Plans": [
          {
            "Node Type": "Aggregate",
            "Strategy": "Plain",
            "Partial Mode": "Partial",
            "Parent Relationship": "Outer",
            "Parallel Aware": false,
            "Startup Cost": 666353.31,
            "Total Cost": 666353.32,
            "Plan Rows": 1,
            "Plan Width": 8,
            "Actual Startup Time": 3599.893,
            "Actual Total Time": 3599.897,
            "Actual Rows": 1,
            "Actual Loops": 2,
            "Plans": [
              {
                "Node Type": "Hash Join",
                "Parent Relationship": "Outer",
                "Parallel Aware": true,
                "Join Type": "Inner",
                "Startup Cost": 62323.41,
                "Total Cost": 660945.94,
                "Plan Rows": 2162949,
                "Plan Width": 0,
                "Actual Startup Time": 400.069,
                "Actual Total Time": 3530.807,
                "Actual Rows": 1440130,
                "Actual Loops": 2,
                "Inner Unique": true,
                "Hash Cond": "(ci.movie_id = t.id)",
                "Plans": [
                  {
                    "Node Type": "Seq Scan",
                    "Parent Relationship": "Outer",
                    "Parallel Aware": true,
                    "Relation Name": "cast_info",
                    "Alias": "ci",
                    "Startup Cost": 0.0,
                    "Total Cost": 572345.93,
                    "Plan Rows": 10010119,
                    "Plan Width": 4,
                    "Actual Startup Time": 169.794,
                    "Actual Total Time": 1816.249,
                    "Actual Rows": 8137450,
                    "Actual Loops": 2,
                    "Filter": "((person_id > 514212) AND (role_id < 3))",
                    "Rows Removed by Filter": 9984722
                  },
                  {
                    "Node Type": "Hash",
                    "Parent Relationship": "Inner",
                    "Parallel Aware": true,
                    "Startup Cost": 58306.47,
                    "Total Cost": 58306.47,
                    "Plan Rows": 321355,
                    "Plan Width": 4,
                    "Actual Startup Time": 224.172,
                    "Actual Total Time": 224.173,
                    "Actual Rows": 211938,
                    "Actual Loops": 2,
                    "Hash Buckets": 1048576,
                    "Original Hash Buckets": 1048576,
                    "Hash Batches": 1,
                    "Original Hash Batches": 1,
                    "Peak Memory Usage": 24800,
                    "Plans": [
                      {
                        "Node Type": "Seq Scan",
                        "Parent Relationship": "Outer",
                        "Parallel Aware": true,
                        "Relation Name": "title",
                        "Alias": "t",
                        "Startup Cost": 0.0,
                        "Total Cost": 58306.47,
                        "Plan Rows": 321355,
                        "Plan Width": 4,
                        "Actual Startup Time": 0.019,
                        "Actual Total Time": 159.119,
                        "Actual Rows": 211938,
                        "Actual Loops": 2,
                        "Filter": "((kind_id < 4) AND (production_year > 1995))",
                        "Rows Removed by Filter": 1052218
                      }
                    ]
                  }
                ]
              }
            ]
          }
        ]
      }
    ]
  },
  "Planning Time": 0.449,
  "Triggers": [],
  "Execution Time": 3656.19
}