{
  "Plan": {
    "Node Type": "Aggregate",
    "Strategy": "Plain",
    "Partial Mode": "Finalize",
    "Parallel Aware": false,
    "Startup Cost": 71653.82,
    "Total Cost": 71653.83,
    "Plan Rows": 1,
    "Plan Width": 8,
    "Actual Startup Time": 160.658,
    "Actual Total Time": 174.096,
    "Actual Rows": 1,
    "Actual Loops": 1,
    "Plans": [
      {
        "Node Type": "Gather",
        "Parent Relationship": "Outer",
        "Parallel Aware": false,
        "Startup Cost": 71653.71,
        "Total Cost": 71653.82,
        "Plan Rows": 1,
        "Plan Width": 8,
        "Actual Startup Time": 160.543,
        "Actual Total Time": 174.089,
        "Actual Rows": 2,
        "Actual Loops": 1,
        "Workers Planned": 1,
        "Workers Launched": 1,
        "Single Copy": false,
        "Plans": [
          {
            "Node Type": "Aggregate",
            "Strategy": "Plain",
            "Partial Mode": "Partial",
            "Parent Relationship": "Outer",
            "Parallel Aware": false,
            "Startup Cost": 70653.71,
            "Total Cost": 70653.72,
            "Plan Rows": 1,
            "Plan Width": 8,
            "Actual Startup Time": 154.863,
            "Actual Total Time": 154.865,
            "Actual Rows": 1,
            "Actual Loops": 2,
            "Plans": [
              {
                "Node Type": "Nested Loop",
                "Parent Relationship": "Outer",
                "Parallel Aware": false,
                "Join Type": "Inner",
                "Startup Cost": 0.43,
                "Total Cost": 70647.8,
                "Plan Rows": 2365,
                "Plan Width": 0,
                "Actual Startup Time": 89.699,
                "Actual Total Time": 154.702,
                "Actual Rows": 2377,
                "Actual Loops": 2,
                "Inner Unique": false,
                "Plans": [
                  {
                    "Node Type": "Seq Scan",
                    "Parent Relationship": "Outer",
                    "Parallel Aware": true,
                    "Relation Name": "title",
                    "Alias": "t",
                    "Startup Cost": 0.0,
                    "Total Cost": 58306.47,
                    "Plan Rows": 1322,
                    "Plan Width": 4,
                    "Actual Startup Time": 89.545,
                    "Actual Total Time": 132.82,
                    "Actual Rows": 2918,
                    "Actual Loops": 2,
                    "Filter": "((kind_id < 7) AND (production_year = 1916))",
                    "Rows Removed by Filter": 1261238
                  },
                  {
                    "Node Type": "Index Only Scan",
                    "Parent Relationship": "Inner",
                    "Parallel Aware": false,
                    "Scan Direction": "Forward",
                    "Index Name": "movie_id_movie_keyword",
                    "Relation Name": "movie_keyword",
                    "Alias": "mk",
                    "Startup Cost": 0.43,
                    "Total Cost": 8.89,
                    "Plan Rows": 45,
                    "Plan Width": 4,
                    "Actual Startup Time": 0.007,
                    "Actual Total Time": 0.007,
                    "Actual Rows": 1,
                    "Actual Loops": 5835,
                    "Index Cond": "(movie_id = t.id)",
                    "Rows Removed by Index Recheck": 0,
                    "Heap Fetches": 4754
                  }
                ]
              }
            ]
          }
        ]
      }
    ]
  },
  "Planning Time": 0.444,
  "Triggers": [],
  "Execution Time": 174.171
}