[
    {
        "Bao": {
            "Bao prediction": "NaN",
            "Bao recommended hint": "(no hint)"
        }
    },
    {
        "Plan": {
            "Node Type": "Aggregate",
            "Strategy": "Plain",
            "Partial Mode": "Finalize",
            "Parallel Aware": false,
            "Startup Cost": 33073.81,
            "Total Cost": 33073.82,
            "Plan Rows": 1,
            "Plan Width": 8,
            "Actual Startup Time": 73.55,
            "Actual Total Time": 76.692,
            "Actual Rows": 1,
            "Actual Loops": 1,
            "Output": [
                "count(*)"
            ],
            "Plans": [
                {
                    "Node Type": "Gather",
                    "Parent Relationship": "Outer",
                    "Parallel Aware": false,
                    "Startup Cost": 33073.39,
                    "Total Cost": 33073.8,
                    "Plan Rows": 4,
                    "Plan Width": 8,
                    "Actual Startup Time": 73.486,
                    "Actual Total Time": 76.685,
                    "Actual Rows": 5,
                    "Actual Loops": 1,
                    "Output": [
                        "(PARTIAL count(*))"
                    ],
                    "Workers Planned": 4,
                    "Workers Launched": 4,
                    "Single Copy": false,
                    "Plans": [
                        {
                            "Node Type": "Aggregate",
                            "Strategy": "Plain",
                            "Partial Mode": "Partial",
                            "Parent Relationship": "Outer",
                            "Parallel Aware": false,
                            "Startup Cost": 32073.39,
                            "Total Cost": 32073.4,
                            "Plan Rows": 1,
                            "Plan Width": 8,
                            "Actual Startup Time": 64.146,
                            "Actual Total Time": 64.147,
                            "Actual Rows": 1,
                            "Actual Loops": 5,
                            "Output": [
                                "PARTIAL count(*)"
                            ],
                            "Workers": [
                                {
                                    "Worker Number": 0,
                                    "Actual Startup Time": 61.595,
                                    "Actual Total Time": 61.597,
                                    "Actual Rows": 1,
                                    "Actual Loops": 1
                                },
                                {
                                    "Worker Number": 1,
                                    "Actual Startup Time": 61.813,
                                    "Actual Total Time": 61.814,
                                    "Actual Rows": 1,
                                    "Actual Loops": 1
                                },
                                {
                                    "Worker Number": 2,
                                    "Actual Startup Time": 62.241,
                                    "Actual Total Time": 62.242,
                                    "Actual Rows": 1,
                                    "Actual Loops": 1
                                },
                                {
                                    "Worker Number": 3,
                                    "Actual Startup Time": 62.269,
                                    "Actual Total Time": 62.27,
                                    "Actual Rows": 1,
                                    "Actual Loops": 1
                                }
                            ],
                            "Plans": [
                                {
                                    "Node Type": "Index Scan",
                                    "Parent Relationship": "Outer",
                                    "Parallel Aware": true,
                                    "Scan Direction": "Forward",
                                    "Index Name": "role_id_cast_info",
                                    "Relation Name": "cast_info",
                                    "Schema": "public",
                                    "Alias": "ci",
                                    "Startup Cost": 0.56,
                                    "Total Cost": 31429.0,
                                    "Plan Rows": 257754,
                                    "Plan Width": 0,
                                    "Actual Startup Time": 0.171,
                                    "Actual Total Time": 56.13,
                                    "Actual Rows": 117218,
                                    "Actual Loops": 5,
                                    "Output": [
                                        "id",
                                        "person_id",
                                        "movie_id",
                                        "person_role_id",
                                        "note",
                                        "nr_order",
                                        "role_id"
                                    ],
                                    "Index Cond": "(ci.role_id = 9)",
                                    "Rows Removed by Index Recheck": 0,
                                    "Filter": "(ci.person_id < 3483665)",
                                    "Rows Removed by Filter": 101494,
                                    "Workers": [
                                        {
                                            "Worker Number": 0,
                                            "Actual Startup Time": 0.164,
                                            "Actual Total Time": 54.095,
                                            "Actual Rows": 113848,
                                            "Actual Loops": 1
                                        },
                                        {
                                            "Worker Number": 1,
                                            "Actual Startup Time": 0.157,
                                            "Actual Total Time": 54.063,
                                            "Actual Rows": 89631,
                                            "Actual Loops": 1
                                        },
                                        {
                                            "Worker Number": 2,
                                            "Actual Startup Time": 0.152,
                                            "Actual Total Time": 54.547,
                                            "Actual Rows": 89290,
                                            "Actual Loops": 1
                                        },
                                        {
                                            "Worker Number": 3,
                                            "Actual Startup Time": 0.295,
                                            "Actual Total Time": 54.827,
                                            "Actual Rows": 113989,
                                            "Actual Loops": 1
                                        }
                                    ]
                                }
                            ]
                        }
                    ]
                }
            ]
        },
        "Planning Time": 212.826,
        "Triggers": [],
        "Execution Time": 76.78
    }
]