{
  "Plan": {
    "Node Type": "Aggregate",
    "Strategy": "Plain",
    "Partial Mode": "Finalize",
    "Parallel Aware": false,
    "Startup Cost": 113005.86,
    "Total Cost": 113005.87,
    "Plan Rows": 1,
    "Plan Width": 8,
    "Actual Startup Time": 493.913,
    "Actual Total Time": 513.765,
    "Actual Rows": 1,
    "Actual Loops": 1,
    "Plans": [
      {
        "Node Type": "Gather",
        "Parent Relationship": "Outer",
        "Parallel Aware": false,
        "Startup Cost": 113005.75,
        "Total Cost": 113005.86,
        "Plan Rows": 1,
        "Plan Width": 8,
        "Actual Startup Time": 493.331,
        "Actual Total Time": 513.756,
        "Actual Rows": 2,
        "Actual Loops": 1,
        "Workers Planned": 1,
        "Workers Launched": 1,
        "Single Copy": false,
        "Plans": [
          {
            "Node Type": "Aggregate",
            "Strategy": "Plain",
            "Partial Mode": "Partial",
            "Parent Relationship": "Outer",
            "Parallel Aware": false,
            "Startup Cost": 112005.75,
            "Total Cost": 112005.76,
            "Plan Rows": 1,
            "Plan Width": 8,
            "Actual Startup Time": 487.086,
            "Actual Total Time": 487.09,
            "Actual Rows": 1,
            "Actual Loops": 2,
            "Plans": [
              {
                "Node Type": "Hash Join",
                "Parent Relationship": "Outer",
                "Parallel Aware": true,
                "Join Type": "Inner",
                "Startup Cost": 79031.6,
                "Total Cost": 111968.05,
                "Plan Rows": 15079,
                "Plan Width": 0,
                "Actual Startup Time": 307.859,
                "Actual Total Time": 486.769,
                "Actual Rows": 3438,
                "Actual Loops": 2,
                "Inner Unique": true,
                "Hash Cond": "(mk.movie_id = t.id)",
                "Plans": [
                  {
                    "Node Type": "Bitmap Heap Scan",
                    "Parent Relationship": "Outer",
                    "Parallel Aware": true,
                    "Relation Name": "movie_keyword",
                    "Alias": "mk",
                    "Startup Cost": 20225.27,
                    "Total Cost": 51689.56,
                    "Plan Rows": 560823,
                    "Plan Width": 4,
                    "Actual Startup Time": 126.649,
                    "Actual Total Time": 241.926,
                    "Actual Rows": 477324,
                    "Actual Loops": 2,
                    "Recheck Cond": "(keyword_id < 894)",
                    "Rows Removed by Index Recheck": 0,
                    "Exact Heap Blocks": 15165,
                    "Lossy Heap Blocks": 0,
                    "Plans": [
                      {
                        "Node Type": "Bitmap Index Scan",
                        "Parent Relationship": "Outer",
                        "Parallel Aware": false,
                        "Index Name": "keyword_id_movie_keyword",
                        "Startup Cost": 0.0,
                        "Total Cost": 19986.92,
                        "Plan Rows": 953399,
                        "Plan Width": 0,
                        "Actual Startup Time": 120.761,
                        "Actual Total Time": 120.761,
                        "Actual Rows": 954647,
                        "Actual Loops": 1,
                        "Index Cond": "(keyword_id < 894)"
                      }
                    ]
                  },
                  {
                    "Node Type": "Hash",
                    "Parent Relationship": "Inner",
                    "Parallel Aware": true,
                    "Startup Cost": 58306.47,
                    "Total Cost": 58306.47,
                    "Plan Rows": 39989,
                    "Plan Width": 4,
                    "Actual Startup Time": 178.596,
                    "Actual Total Time": 178.597,
                    "Actual Rows": 37262,
                    "Actual Loops": 2,
                    "Hash Buckets": 131072,
                    "Original Hash Buckets": 131072,
                    "Hash Batches": 1,
                    "Original Hash Batches": 1,
                    "Peak Memory Usage": 3968,
                    "Plans": [
                      {
                        "Node Type": "Seq Scan",
                        "Parent Relationship": "Outer",
                        "Parallel Aware": true,
                        "Relation Name": "title",
                        "Alias": "t",
                        "Startup Cost": 0.0,
                        "Total Cost": 58306.47,
                        "Plan Rows": 39989,
                        "Plan Width": 4,
                        "Actual Startup Time": 0.05,
                        "Actual Total Time": 166.345,
                        "Actual Rows": 37262,
                        "Actual Loops": 2,
                        "Filter": "((kind_id = 7) AND (production_year = 2006))",
                        "Rows Removed by Filter": 1226894
                      }
                    ]
                  }
                ]
              }
            ]
          }
        ]
      }
    ]
  },
  "Planning Time": 0.513,
  "Triggers": [],
  "Execution Time": 513.867
}