[
  {
    "Plan": {
      "Node Type": "Aggregate",
      "Strategy": "Plain",
      "Partial Mode": "Finalize",
      "Parallel Aware": false,
      "Startup Cost": 46220.96,
      "Total Cost": 46220.97,
      "Plan Rows": 1,
      "Plan Width": 8,
      "Actual Startup Time": 157.515,
      "Actual Total Time": 166.883,
      "Actual Rows": 1,
      "Actual Loops": 1,
      "Plans": [
        {
          "Node Type": "Gather",
          "Parent Relationship": "Outer",
          "Parallel Aware": false,
          "Startup Cost": 46220.64,
          "Total Cost": 46220.95,
          "Plan Rows": 3,
          "Plan Width": 8,
          "Actual Startup Time": 157.264,
          "Actual Total Time": 166.873,
          "Actual Rows": 4,
          "Actual Loops": 1,
          "Workers Planned": 3,
          "Workers Launched": 3,
          "Single Copy": false,
          "Plans": [
            {
              "Node Type": "Aggregate",
              "Strategy": "Plain",
              "Partial Mode": "Partial",
              "Parent Relationship": "Outer",
              "Parallel Aware": false,
              "Startup Cost": 45220.64,
              "Total Cost": 45220.65,
              "Plan Rows": 1,
              "Plan Width": 8,
              "Actual Startup Time": 151.108,
              "Actual Total Time": 151.109,
              "Actual Rows": 1,
              "Actual Loops": 4,
              "Plans": [
                {
                  "Node Type": "Seq Scan",
                  "Parent Relationship": "Outer",
                  "Parallel Aware": true,
                  "Relation Name": "movie_keyword",
                  "Alias": "mk",
                  "Startup Cost": 0.0,
                  "Total Cost": 42695.65,
                  "Plan Rows": 1009995,
                  "Plan Width": 0,
                  "Actual Startup Time": 0.164,
                  "Actual Total Time": 117.163,
                  "Actual Rows": 779739,
                  "Actual Loops": 4,
                  "Filter": "(keyword_id > 1907)",
                  "Rows Removed by Filter": 351244
                }
              ]
            }
          ]
        }
      ]
    },
    "Planning Time": 0.104,
    "Triggers": [],
    "Execution Time": 166.916
  }
]