{
  "Plan": {
    "Node Type": "Aggregate",
    "Strategy": "Plain",
    "Partial Mode": "Finalize",
    "Parallel Aware": false,
    "Startup Cost": 386579.2,
    "Total Cost": 386579.21,
    "Plan Rows": 1,
    "Plan Width": 8,
    "Actual Startup Time": 1021.391,
    "Actual Total Time": 1043.925,
    "Actual Rows": 1,
    "Actual Loops": 1,
    "Plans": [
      {
        "Node Type": "Gather",
        "Parent Relationship": "Outer",
        "Parallel Aware": false,
        "Startup Cost": 386579.09,
        "Total Cost": 386579.2,
        "Plan Rows": 1,
        "Plan Width": 8,
        "Actual Startup Time": 1020.268,
        "Actual Total Time": 1043.917,
        "Actual Rows": 2,
        "Actual Loops": 1,
        "Workers Planned": 1,
        "Workers Launched": 1,
        "Single Copy": false,
        "Plans": [
          {
            "Node Type": "Aggregate",
            "Strategy": "Plain",
            "Partial Mode": "Partial",
            "Parent Relationship": "Outer",
            "Parallel Aware": false,
            "Startup Cost": 385579.09,
            "Total Cost": 385579.1,
            "Plan Rows": 1,
            "Plan Width": 8,
            "Actual Startup Time": 1013.906,
            "Actual Total Time": 1013.912,
            "Actual Rows": 1,
            "Actual Loops": 2,
            "Plans": [
              {
                "Node Type": "Hash Join",
                "Parent Relationship": "Outer",
                "Parallel Aware": true,
                "Join Type": "Inner",
                "Startup Cost": 321554.61,
                "Total Cost": 384690.35,
                "Plan Rows": 355494,
                "Plan Width": 0,
                "Actual Startup Time": 708.381,
                "Actual Total Time": 1012.621,
                "Actual Rows": 32504,
                "Actual Loops": 2,
                "Inner Unique": false,
                "Hash Cond": "(mk.movie_id = t.id)",
                "Plans": [
                  {
                    "Node Type": "Seq Scan",
                    "Parent Relationship": "Outer",
                    "Parallel Aware": true,
                    "Relation Name": "movie_keyword",
                    "Alias": "mk",
                    "Startup Cost": 0.0,
                    "Total Cost": 51065.35,
                    "Plan Rows": 2661135,
                    "Plan Width": 4,
                    "Actual Startup Time": 0.025,
                    "Actual Total Time": 152.199,
                    "Actual Rows": 2261965,
                    "Actual Loops": 2
                  },
                  {
                    "Node Type": "Hash",
                    "Parent Relationship": "Inner",
                    "Parallel Aware": true,
                    "Startup Cost": 319071.17,
                    "Total Cost": 319071.17,
                    "Plan Rows": 198675,
                    "Plan Width": 8,
                    "Actual Startup Time": 702.391,
                    "Actual Total Time": 702.396,
                    "Actual Rows": 19888,
                    "Actual Loops": 2,
                    "Hash Buckets": 524288,
                    "Original Hash Buckets": 524288,
                    "Hash Batches": 1,
                    "Original Hash Batches": 1,
                    "Peak Memory Usage": 5696,
                    "Plans": [
                      {
                        "Node Type": "Hash Join",
                        "Parent Relationship": "Outer",
                        "Parallel Aware": true,
                        "Join Type": "Inner",
                        "Startup Cost": 125120.47,
                        "Total Cost": 319071.17,
                        "Plan Rows": 198675,
                        "Plan Width": 8,
                        "Actual Startup Time": 301.382,
                        "Actual Total Time": 695.525,
                        "Actual Rows": 19888,
                        "Actual Loops": 2,
                        "Inner Unique": true,
                        "Hash Cond": "(mi.movie_id = t.id)",
                        "Plans": [
                          {
                            "Node Type": "Bitmap Heap Scan",
                            "Parent Relationship": "Outer",
                            "Parallel Aware": true,
                            "Relation Name": "movie_info",
                            "Alias": "mi",
                            "Startup Cost": 65065.95,
                            "Total Cost": 253470.26,
                            "Plan Rows": 2112905,
                            "Plan Width": 4,
                            "Actual Startup Time": 122.358,
                            "Actual Total Time": 276.547,
                            "Actual Rows": 1812488,
                            "Actual Loops": 2,
                            "Recheck Cond": "(info_type_id < 4)",
                            "Rows Removed by Index Recheck": 0,
                            "Exact Heap Blocks": 12475,
                            "Lossy Heap Blocks": 0,
                            "Plans": [
                              {
                                "Node Type": "Bitmap Index Scan",
                                "Parent Relationship": "Outer",
                                "Parallel Aware": false,
                                "Index Name": "info_type_id_movie_info",
                                "Startup Cost": 0.0,
                                "Total Cost": 64167.97,
                                "Plan Rows": 3591938,
                                "Plan Width": 0,
                                "Actual Startup Time": 118.607,
                                "Actual Total Time": 118.607,
                                "Actual Rows": 3624977,
                                "Actual Loops": 1,
                                "Index Cond": "(info_type_id < 4)"
                              }
                            ]
                          },
                          {
                            "Node Type": "Hash",
                            "Parent Relationship": "Inner",
                            "Parallel Aware": true,
                            "Startup Cost": 58306.47,
                            "Total Cost": 58306.47,
                            "Plan Rows": 139844,
                            "Plan Width": 4,
                            "Actual Startup Time": 177.189,
                            "Actual Total Time": 177.19,
                            "Actual Rows": 128453,
                            "Actual Loops": 2,
                            "Hash Buckets": 262144,
                            "Original Hash Buckets": 262144,
                            "Hash Batches": 1,
                            "Original Hash Batches": 1,
                            "Peak Memory Usage": 12128,
                            "Plans": [
                              {
                                "Node Type": "Seq Scan",
                                "Parent Relationship": "Outer",
                                "Parallel Aware": true,
                                "Relation Name": "title",
                                "Alias": "t",
                                "Startup Cost": 0.0,
                                "Total Cost": 58306.47,
                                "Plan Rows": 139844,
                                "Plan Width": 4,
                                "Actual Startup Time": 0.035,
                                "Actual Total Time": 145.521,
                                "Actual Rows": 128453,
                                "Actual Loops": 2,
                                "Filter": "((production_year > 2010) AND (kind_id = 7))",
                                "Rows Removed by Filter": 1135703
                              }
                            ]
                          }
                        ]
                      }
                    ]
                  }
                ]
              }
            ]
          }
        ]
      }
    ]
  },
  "Planning Time": 1.102,
  "Triggers": [],
  "Execution Time": 1044.03
}