[
  {
    "Plan": {
      "Node Type": "Aggregate",
      "Strategy": "Plain",
      "Partial Mode": "Finalize",
      "Parallel Aware": false,
      "Startup Cost": 23673.57,
      "Total Cost": 23673.58,
      "Plan Rows": 1,
      "Plan Width": 8,
      "Actual Startup Time": 33.484,
      "Actual Total Time": 37.306,
      "Actual Rows": 1,
      "Actual Loops": 1,
      "Plans": [
        {
          "Node Type": "Gather",
          "Parent Relationship": "Outer",
          "Parallel Aware": false,
          "Startup Cost": 23673.36,
          "Total Cost": 23673.57,
          "Plan Rows": 2,
          "Plan Width": 8,
          "Actual Startup Time": 33.338,
          "Actual Total Time": 37.297,
          "Actual Rows": 3,
          "Actual Loops": 1,
          "Workers Planned": 2,
          "Workers Launched": 2,
          "Single Copy": false,
          "Plans": [
            {
              "Node Type": "Aggregate",
              "Strategy": "Plain",
              "Partial Mode": "Partial",
              "Parent Relationship": "Outer",
              "Parallel Aware": false,
              "Startup Cost": 22673.36,
              "Total Cost": 22673.37,
              "Plan Rows": 1,
              "Plan Width": 8,
              "Actual Startup Time": 24.917,
              "Actual Total Time": 24.92,
              "Actual Rows": 1,
              "Actual Loops": 3,
              "Plans": [
                {
                  "Node Type": "Nested Loop",
                  "Parent Relationship": "Outer",
                  "Parallel Aware": false,
                  "Join Type": "Inner",
                  "Startup Cost": 131.04,
                  "Total Cost": 22673.32,
                  "Plan Rows": 15,
                  "Plan Width": 0,
                  "Actual Startup Time": 16.042,
                  "Actual Total Time": 24.91,
                  "Actual Rows": 7,
                  "Actual Loops": 3,
                  "Inner Unique": false,
                  "Plans": [
                    {
                      "Node Type": "Nested Loop",
                      "Parent Relationship": "Outer",
                      "Parallel Aware": false,
                      "Join Type": "Inner",
                      "Startup Cost": 130.61,
                      "Total Cost": 22238.44,
                      "Plan Rows": 31,
                      "Plan Width": 8,
                      "Actual Startup Time": 15.963,
                      "Actual Total Time": 24.662,
                      "Actual Rows": 11,
                      "Actual Loops": 3,
                      "Inner Unique": true,
                      "Plans": [
                        {
                          "Node Type": "Bitmap Heap Scan",
                          "Parent Relationship": "Outer",
                          "Parallel Aware": true,
                          "Relation Name": "movie_companies",
                          "Alias": "mc",
                          "Startup Cost": 130.18,
                          "Total Cost": 12720.2,
                          "Plan Rows": 1231,
                          "Plan Width": 4,
                          "Actual Startup Time": 1.138,
                          "Actual Total Time": 3.738,
                          "Actual Rows": 2050,
                          "Actual Loops": 3,
                          "Recheck Cond": "(company_id = 145)",
                          "Rows Removed by Index Recheck": 0,
                          "Filter": "(company_type_id < 2)",
                          "Rows Removed by Filter": 18,
                          "Exact Heap Blocks": 551,
                          "Lossy Heap Blocks": 0,
                          "Plans": [
                            {
                              "Node Type": "Bitmap Index Scan",
                              "Parent Relationship": "Outer",
                              "Parallel Aware": false,
                              "Index Name": "company_id_movie_companies",
                              "Startup Cost": 0.0,
                              "Total Cost": 129.44,
                              "Plan Rows": 6001,
                              "Plan Width": 0,
                              "Actual Startup Time": 2.766,
                              "Actual Total Time": 2.766,
                              "Actual Rows": 6205,
                              "Actual Loops": 1,
                              "Index Cond": "(company_id = 145)"
                            }
                          ]
                        },
                        {
                          "Node Type": "Index Scan",
                          "Parent Relationship": "Inner",
                          "Parallel Aware": false,
                          "Scan Direction": "Forward",
                          "Index Name": "title_pkey",
                          "Relation Name": "title",
                          "Alias": "t",
                          "Startup Cost": 0.43,
                          "Total Cost": 7.73,
                          "Plan Rows": 1,
                          "Plan Width": 4,
                          "Actual Startup Time": 0.01,
                          "Actual Total Time": 0.01,
                          "Actual Rows": 0,
                          "Actual Loops": 6150,
                          "Index Cond": "(id = mc.movie_id)",
                          "Rows Removed by Index Recheck": 0,
                          "Filter": "((kind_id > 1) AND (production_year = 2004))",
                          "Rows Removed by Filter": 1
                        }
                      ]
                    },
                    {
                      "Node Type": "Index Scan",
                      "Parent Relationship": "Inner",
                      "Parallel Aware": false,
                      "Scan Direction": "Forward",
                      "Index Name": "movie_id_movie_info",
                      "Relation Name": "movie_info",
                      "Alias": "mi",
                      "Startup Cost": 0.43,
                      "Total Cost": 13.99,
                      "Plan Rows": 4,
                      "Plan Width": 4,
                      "Actual Startup Time": 0.015,
                      "Actual Total Time": 0.022,
                      "Actual Rows": 1,
                      "Actual Loops": 32,
                      "Index Cond": "(movie_id = t.id)",
                      "Rows Removed by Index Recheck": 0,
                      "Filter": "(info_type_id = 4)",
                      "Rows Removed by Filter": 9
                    }
                  ]
                }
              ]
            }
          ]
        }
      ]
    },
    "Planning Time": 1.55,
    "Triggers": [],
    "Execution Time": 37.422
  }
]