[
  {
    "Plan": {
      "Node Type": "Aggregate",
      "Strategy": "Plain",
      "Partial Mode": "Finalize",
      "Parallel Aware": false,
      "Startup Cost": 248699.25,
      "Total Cost": 248699.26,
      "Plan Rows": 1,
      "Plan Width": 8,
      "Actual Startup Time": 549.344,
      "Actual Total Time": 593.085,
      "Actual Rows": 1,
      "Actual Loops": 1,
      "Plans": [
        {
          "Node Type": "Gather",
          "Parent Relationship": "Outer",
          "Parallel Aware": false,
          "Startup Cost": 248698.73,
          "Total Cost": 248699.24,
          "Plan Rows": 5,
          "Plan Width": 8,
          "Actual Startup Time": 548.104,
          "Actual Total Time": 593.071,
          "Actual Rows": 6,
          "Actual Loops": 1,
          "Workers Planned": 5,
          "Workers Launched": 5,
          "Single Copy": false,
          "Plans": [
            {
              "Node Type": "Aggregate",
              "Strategy": "Plain",
              "Partial Mode": "Partial",
              "Parent Relationship": "Outer",
              "Parallel Aware": false,
              "Startup Cost": 247698.73,
              "Total Cost": 247698.74,
              "Plan Rows": 1,
              "Plan Width": 8,
              "Actual Startup Time": 541.955,
              "Actual Total Time": 542.006,
              "Actual Rows": 1,
              "Actual Loops": 6,
              "Plans": [
                {
                  "Node Type": "Hash Join",
                  "Parent Relationship": "Outer",
                  "Parallel Aware": true,
                  "Join Type": "Inner",
                  "Startup Cost": 45754.21,
                  "Total Cost": 247607.85,
                  "Plan Rows": 36351,
                  "Plan Width": 0,
                  "Actual Startup Time": 124.165,
                  "Actual Total Time": 537.407,
                  "Actual Rows": 97835,
                  "Actual Loops": 6,
                  "Inner Unique": true,
                  "Hash Cond": "(mi.movie_id = t.id)",
                  "Plans": [
                    {
                      "Node Type": "Seq Scan",
                      "Parent Relationship": "Outer",
                      "Parallel Aware": true,
                      "Relation Name": "movie_info",
                      "Alias": "mi",
                      "Startup Cost": 0.0,
                      "Total Cost": 199108.24,
                      "Plan Rows": 1045865,
                      "Plan Width": 4,
                      "Actual Startup Time": 16.036,
                      "Actual Total Time": 324.585,
                      "Actual Rows": 878428,
                      "Actual Loops": 6,
                      "Filter": "(info_type_id > 15)",
                      "Rows Removed by Filter": 1594192
                    },
                    {
                      "Node Type": "Hash",
                      "Parent Relationship": "Inner",
                      "Parallel Aware": true,
                      "Startup Cost": 45479.59,
                      "Total Cost": 45479.59,
                      "Plan Rows": 21970,
                      "Plan Width": 4,
                      "Actual Startup Time": 93.927,
                      "Actual Total Time": 93.928,
                      "Actual Rows": 37026,
                      "Actual Loops": 6,
                      "Hash Buckets": 262144,
                      "Original Hash Buckets": 131072,
                      "Hash Batches": 1,
                      "Original Hash Batches": 1,
                      "Peak Memory Usage": 11904,
                      "Plans": [
                        {
                          "Node Type": "Seq Scan",
                          "Parent Relationship": "Outer",
                          "Parallel Aware": true,
                          "Relation Name": "title",
                          "Alias": "t",
                          "Startup Cost": 0.0,
                          "Total Cost": 45479.59,
                          "Plan Rows": 21970,
                          "Plan Width": 4,
                          "Actual Startup Time": 45.156,
                          "Actual Total Time": 75.277,
                          "Actual Rows": 37026,
                          "Actual Loops": 6,
                          "Filter": "((production_year < 1969) AND (kind_id = 1))",
                          "Rows Removed by Filter": 384360
                        }
                      ]
                    }
                  ]
                }
              ]
            }
          ]
        }
      ]
    },
    "Planning Time": 0.594,
    "Triggers": [],
    "Execution Time": 593.155
  }
]