[
  {
    "Plan": {
      "Node Type": "Aggregate",
      "Strategy": "Plain",
      "Partial Mode": "Finalize",
      "Parallel Aware": false,
      "Startup Cost": 248586.7,
      "Total Cost": 248586.71,
      "Plan Rows": 1,
      "Plan Width": 8,
      "Actual Startup Time": 600.652,
      "Actual Total Time": 643.624,
      "Actual Rows": 1,
      "Actual Loops": 1,
      "Plans": [
        {
          "Node Type": "Gather",
          "Parent Relationship": "Outer",
          "Parallel Aware": false,
          "Startup Cost": 248586.18,
          "Total Cost": 248586.69,
          "Plan Rows": 5,
          "Plan Width": 8,
          "Actual Startup Time": 599.134,
          "Actual Total Time": 643.613,
          "Actual Rows": 6,
          "Actual Loops": 1,
          "Workers Planned": 5,
          "Workers Launched": 5,
          "Single Copy": false,
          "Plans": [
            {
              "Node Type": "Aggregate",
              "Strategy": "Plain",
              "Partial Mode": "Partial",
              "Parent Relationship": "Outer",
              "Parallel Aware": false,
              "Startup Cost": 247586.18,
              "Total Cost": 247586.19,
              "Plan Rows": 1,
              "Plan Width": 8,
              "Actual Startup Time": 590.246,
              "Actual Total Time": 590.288,
              "Actual Rows": 1,
              "Actual Loops": 6,
              "Plans": [
                {
                  "Node Type": "Hash Join",
                  "Parent Relationship": "Outer",
                  "Parallel Aware": true,
                  "Join Type": "Inner",
                  "Startup Cost": 45758.6,
                  "Total Cost": 247492.46,
                  "Plan Rows": 37488,
                  "Plan Width": 0,
                  "Actual Startup Time": 137.708,
                  "Actual Total Time": 585.047,
                  "Actual Rows": 97835,
                  "Actual Loops": 6,
                  "Inner Unique": true,
                  "Hash Cond": "(mi.movie_id = t.id)",
                  "Plans": [
                    {
                      "Node Type": "Seq Scan",
                      "Parent Relationship": "Outer",
                      "Parallel Aware": true,
                      "Relation Name": "movie_info",
                      "Alias": "mi",
                      "Startup Cost": 0.0,
                      "Total Cost": 198952.16,
                      "Plan Rows": 1059693,
                      "Plan Width": 4,
                      "Actual Startup Time": 18.172,
                      "Actual Total Time": 342.639,
                      "Actual Rows": 878428,
                      "Actual Loops": 6,
                      "Filter": "(info_type_id > 15)",
                      "Rows Removed by Filter": 1594192
                    },
                    {
                      "Node Type": "Hash",
                      "Parent Relationship": "Inner",
                      "Parallel Aware": true,
                      "Startup Cost": 45479.1,
                      "Total Cost": 45479.1,
                      "Plan Rows": 22360,
                      "Plan Width": 4,
                      "Actual Startup Time": 103.583,
                      "Actual Total Time": 103.584,
                      "Actual Rows": 37026,
                      "Actual Loops": 6,
                      "Hash Buckets": 262144,
                      "Original Hash Buckets": 131072,
                      "Hash Batches": 1,
                      "Original Hash Batches": 1,
                      "Peak Memory Usage": 11840,
                      "Plans": [
                        {
                          "Node Type": "Seq Scan",
                          "Parent Relationship": "Outer",
                          "Parallel Aware": true,
                          "Relation Name": "title",
                          "Alias": "t",
                          "Startup Cost": 0.0,
                          "Total Cost": 45479.1,
                          "Plan Rows": 22360,
                          "Plan Width": 4,
                          "Actual Startup Time": 52.508,
                          "Actual Total Time": 85.082,
                          "Actual Rows": 37026,
                          "Actual Loops": 6,
                          "Filter": "((production_year < 1969) AND (kind_id = 1))",
                          "Rows Removed by Filter": 384360
                        }
                      ]
                    }
                  ]
                }
              ]
            }
          ]
        }
      ]
    },
    "Planning Time": 0.636,
    "Triggers": [],
    "Execution Time": 643.703
  }
]