[
  {
    "Plan": {
      "Node Type": "Aggregate",
      "Strategy": "Plain",
      "Partial Mode": "Finalize",
      "Parallel Aware": false,
      "Startup Cost": 32730.34,
      "Total Cost": 32730.35,
      "Plan Rows": 1,
      "Plan Width": 8,
      "Actual Startup Time": 97.425,
      "Actual Total Time": 106.087,
      "Actual Rows": 1,
      "Actual Loops": 1,
      "Plans": [
        {
          "Node Type": "Gather",
          "Parent Relationship": "Outer",
          "Parallel Aware": false,
          "Startup Cost": 32730.03,
          "Total Cost": 32730.34,
          "Plan Rows": 3,
          "Plan Width": 8,
          "Actual Startup Time": 97.313,
          "Actual Total Time": 106.078,
          "Actual Rows": 4,
          "Actual Loops": 1,
          "Workers Planned": 3,
          "Workers Launched": 3,
          "Single Copy": false,
          "Plans": [
            {
              "Node Type": "Aggregate",
              "Strategy": "Plain",
              "Partial Mode": "Partial",
              "Parent Relationship": "Outer",
              "Parallel Aware": false,
              "Startup Cost": 31730.03,
              "Total Cost": 31730.04,
              "Plan Rows": 1,
              "Plan Width": 8,
              "Actual Startup Time": 88.634,
              "Actual Total Time": 88.635,
              "Actual Rows": 1,
              "Actual Loops": 4,
              "Plans": [
                {
                  "Node Type": "Seq Scan",
                  "Parent Relationship": "Outer",
                  "Parallel Aware": true,
                  "Relation Name": "movie_companies",
                  "Alias": "mc",
                  "Startup Cost": 0.0,
                  "Total Cost": 31414.82,
                  "Plan Rows": 126083,
                  "Plan Width": 0,
                  "Actual Startup Time": 0.045,
                  "Actual Total Time": 78.814,
                  "Actual Rows": 137960,
                  "Actual Loops": 4,
                  "Filter": "((company_id < 1700) AND (company_type_id < 2))",
                  "Rows Removed by Filter": 514322
                }
              ]
            }
          ]
        }
      ]
    },
    "Planning Time": 0.142,
    "Triggers": [],
    "Execution Time": 106.127
  }
]