[
  {
    "Plan": {
      "Node Type": "Aggregate",
      "Strategy": "Plain",
      "Partial Mode": "Finalize",
      "Parallel Aware": false,
      "Startup Cost": 77687.37,
      "Total Cost": 77687.38,
      "Plan Rows": 1,
      "Plan Width": 8,
      "Actual Startup Time": 443.989,
      "Actual Total Time": 459.651,
      "Actual Rows": 1,
      "Actual Loops": 1,
      "Plans": [
        {
          "Node Type": "Gather",
          "Parent Relationship": "Outer",
          "Parallel Aware": false,
          "Startup Cost": 77687.06,
          "Total Cost": 77687.37,
          "Plan Rows": 3,
          "Plan Width": 8,
          "Actual Startup Time": 439.971,
          "Actual Total Time": 459.628,
          "Actual Rows": 4,
          "Actual Loops": 1,
          "Workers Planned": 3,
          "Workers Launched": 3,
          "Single Copy": false,
          "Plans": [
            {
              "Node Type": "Aggregate",
              "Strategy": "Plain",
              "Partial Mode": "Partial",
              "Parent Relationship": "Outer",
              "Parallel Aware": false,
              "Startup Cost": 76687.06,
              "Total Cost": 76687.07,
              "Plan Rows": 1,
              "Plan Width": 8,
              "Actual Startup Time": 434.326,
              "Actual Total Time": 434.33,
              "Actual Rows": 1,
              "Actual Loops": 4,
              "Plans": [
                {
                  "Node Type": "Hash Join",
                  "Parent Relationship": "Outer",
                  "Parallel Aware": true,
                  "Join Type": "Inner",
                  "Startup Cost": 46562.07,
                  "Total Cost": 75977.96,
                  "Plan Rows": 283638,
                  "Plan Width": 0,
                  "Actual Startup Time": 183.983,
                  "Actual Total Time": 414.623,
                  "Actual Rows": 425579,
                  "Actual Loops": 4,
                  "Inner Unique": true,
                  "Hash Cond": "(mc.movie_id = t.id)",
                  "Plans": [
                    {
                      "Node Type": "Seq Scan",
                      "Parent Relationship": "Outer",
                      "Parallel Aware": true,
                      "Relation Name": "movie_companies",
                      "Alias": "mc",
                      "Startup Cost": 0.0,
                      "Total Cost": 27206.55,
                      "Plan Rows": 841655,
                      "Plan Width": 4,
                      "Actual Startup Time": 0.011,
                      "Actual Total Time": 61.233,
                      "Actual Rows": 652282,
                      "Actual Loops": 4
                    },
                    {
                      "Node Type": "Hash",
                      "Parent Relationship": "Inner",
                      "Parallel Aware": true,
                      "Startup Cost": 43899.32,
                      "Total Cost": 43899.32,
                      "Plan Rows": 213020,
                      "Plan Width": 4,
                      "Actual Startup Time": 180.334,
                      "Actual Total Time": 180.335,
                      "Actual Rows": 213554,
                      "Actual Loops": 4,
                      "Hash Buckets": 1048576,
                      "Original Hash Buckets": 1048576,
                      "Hash Batches": 1,
                      "Original Hash Batches": 1,
                      "Peak Memory Usage": 41664,
                      "Plans": [
                        {
                          "Node Type": "Seq Scan",
                          "Parent Relationship": "Outer",
                          "Parallel Aware": true,
                          "Relation Name": "title",
                          "Alias": "t",
                          "Startup Cost": 0.0,
                          "Total Cost": 43899.32,
                          "Plan Rows": 213020,
                          "Plan Width": 4,
                          "Actual Startup Time": 0.034,
                          "Actual Total Time": 102.305,
                          "Actual Rows": 213554,
                          "Actual Loops": 4,
                          "Filter": "(kind_id < 4)",
                          "Rows Removed by Filter": 418524
                        }
                      ]
                    }
                  ]
                }
              ]
            }
          ]
        }
      ]
    },
    "Planning Time": 0.311,
    "Triggers": [],
    "Execution Time": 459.715
  }
]