[
  {
    "Plan": {
      "Node Type": "Aggregate",
      "Strategy": "Plain",
      "Partial Mode": "Finalize",
      "Parallel Aware": false,
      "Startup Cost": 136529.22,
      "Total Cost": 136529.23,
      "Plan Rows": 1,
      "Plan Width": 8,
      "Actual Startup Time": 115.351,
      "Actual Total Time": 132.607,
      "Actual Rows": 1,
      "Actual Loops": 1,
      "Plans": [
        {
          "Node Type": "Gather",
          "Parent Relationship": "Outer",
          "Parallel Aware": false,
          "Startup Cost": 136528.8,
          "Total Cost": 136529.21,
          "Plan Rows": 4,
          "Plan Width": 8,
          "Actual Startup Time": 115.208,
          "Actual Total Time": 132.599,
          "Actual Rows": 5,
          "Actual Loops": 1,
          "Workers Planned": 4,
          "Workers Launched": 4,
          "Single Copy": false,
          "Plans": [
            {
              "Node Type": "Aggregate",
              "Strategy": "Plain",
              "Partial Mode": "Partial",
              "Parent Relationship": "Outer",
              "Parallel Aware": false,
              "Startup Cost": 135528.8,
              "Total Cost": 135528.81,
              "Plan Rows": 1,
              "Plan Width": 8,
              "Actual Startup Time": 105.243,
              "Actual Total Time": 105.244,
              "Actual Rows": 1,
              "Actual Loops": 5,
              "Plans": [
                {
                  "Node Type": "Nested Loop",
                  "Parent Relationship": "Outer",
                  "Parallel Aware": false,
                  "Join Type": "Inner",
                  "Startup Cost": 0.43,
                  "Total Cost": 135521.95,
                  "Plan Rows": 2739,
                  "Plan Width": 0,
                  "Actual Startup Time": 3.323,
                  "Actual Total Time": 104.942,
                  "Actual Rows": 3053,
                  "Actual Loops": 5,
                  "Inner Unique": false,
                  "Plans": [
                    {
                      "Node Type": "Seq Scan",
                      "Parent Relationship": "Outer",
                      "Parallel Aware": true,
                      "Relation Name": "title",
                      "Alias": "t",
                      "Startup Cost": 0.0,
                      "Total Cost": 43898.92,
                      "Plan Rows": 730,
                      "Plan Width": 4,
                      "Actual Startup Time": 1.176,
                      "Actual Total Time": 80.596,
                      "Actual Rows": 703,
                      "Actual Loops": 5,
                      "Filter": "(production_year > 2013)",
                      "Rows Removed by Filter": 504959
                    },
                    {
                      "Node Type": "Index Scan",
                      "Parent Relationship": "Inner",
                      "Parallel Aware": false,
                      "Scan Direction": "Forward",
                      "Index Name": "movie_id_movie_info",
                      "Relation Name": "movie_info",
                      "Alias": "mi",
                      "Startup Cost": 0.43,
                      "Total Cost": 125.24,
                      "Plan Rows": 27,
                      "Plan Width": 4,
                      "Actual Startup Time": 0.017,
                      "Actual Total Time": 0.034,
                      "Actual Rows": 4,
                      "Actual Loops": 3515,
                      "Index Cond": "(movie_id = t.id)",
                      "Rows Removed by Index Recheck": 0,
                      "Filter": "(info_type_id < 16)",
                      "Rows Removed by Filter": 2
                    }
                  ]
                }
              ]
            }
          ]
        }
      ]
    },
    "Planning Time": 0.615,
    "Triggers": [],
    "Execution Time": 132.679
  }
]