[
  {
    "Plan": {
      "Node Type": "Aggregate",
      "Strategy": "Plain",
      "Partial Mode": "Finalize",
      "Parallel Aware": false,
      "Startup Cost": 75258.9,
      "Total Cost": 75258.91,
      "Plan Rows": 1,
      "Plan Width": 8,
      "Actual Startup Time": 211.278,
      "Actual Total Time": 227.729,
      "Actual Rows": 1,
      "Actual Loops": 1,
      "Plans": [
        {
          "Node Type": "Gather",
          "Parent Relationship": "Outer",
          "Parallel Aware": false,
          "Startup Cost": 75258.58,
          "Total Cost": 75258.89,
          "Plan Rows": 3,
          "Plan Width": 8,
          "Actual Startup Time": 210.197,
          "Actual Total Time": 227.721,
          "Actual Rows": 4,
          "Actual Loops": 1,
          "Workers Planned": 3,
          "Workers Launched": 3,
          "Single Copy": false,
          "Plans": [
            {
              "Node Type": "Aggregate",
              "Strategy": "Plain",
              "Partial Mode": "Partial",
              "Parent Relationship": "Outer",
              "Parallel Aware": false,
              "Startup Cost": 74258.58,
              "Total Cost": 74258.59,
              "Plan Rows": 1,
              "Plan Width": 8,
              "Actual Startup Time": 201.996,
              "Actual Total Time": 202.002,
              "Actual Rows": 1,
              "Actual Loops": 4,
              "Plans": [
                {
                  "Node Type": "Hash Join",
                  "Parent Relationship": "Outer",
                  "Parallel Aware": true,
                  "Join Type": "Inner",
                  "Startup Cost": 44445.5,
                  "Total Cost": 74227.52,
                  "Plan Rows": 12422,
                  "Plan Width": 0,
                  "Actual Startup Time": 144.464,
                  "Actual Total Time": 201.325,
                  "Actual Rows": 14006,
                  "Actual Loops": 4,
                  "Inner Unique": true,
                  "Hash Cond": "(mc.movie_id = t.id)",
                  "Plans": [
                    {
                      "Node Type": "Seq Scan",
                      "Parent Relationship": "Outer",
                      "Parallel Aware": true,
                      "Relation Name": "movie_companies",
                      "Alias": "mc",
                      "Startup Cost": 0.0,
                      "Total Cost": 29310.68,
                      "Plan Rows": 179558,
                      "Plan Width": 4,
                      "Actual Startup Time": 29.067,
                      "Actual Total Time": 61.817,
                      "Actual Rows": 142643,
                      "Actual Loops": 4,
                      "Filter": "(company_id > 71348)",
                      "Rows Removed by Filter": 509639
                    },
                    {
                      "Node Type": "Hash",
                      "Parent Relationship": "Inner",
                      "Parallel Aware": true,
                      "Startup Cost": 43898.92,
                      "Total Cost": 43898.92,
                      "Plan Rows": 43727,
                      "Plan Width": 4,
                      "Actual Startup Time": 112.018,
                      "Actual Total Time": 112.021,
                      "Actual Rows": 45239,
                      "Actual Loops": 4,
                      "Hash Buckets": 262144,
                      "Original Hash Buckets": 262144,
                      "Hash Batches": 1,
                      "Original Hash Batches": 1,
                      "Peak Memory Usage": 9184,
                      "Plans": [
                        {
                          "Node Type": "Seq Scan",
                          "Parent Relationship": "Outer",
                          "Parallel Aware": true,
                          "Relation Name": "title",
                          "Alias": "t",
                          "Startup Cost": 0.0,
                          "Total Cost": 43898.92,
                          "Plan Rows": 43727,
                          "Plan Width": 4,
                          "Actual Startup Time": 0.168,
                          "Actual Total Time": 96.591,
                          "Actual Rows": 45239,
                          "Actual Loops": 4,
                          "Filter": "(production_year < 1953)",
                          "Rows Removed by Filter": 586839
                        }
                      ]
                    }
                  ]
                }
              ]
            }
          ]
        }
      ]
    },
    "Planning Time": 0.615,
    "Triggers": [],
    "Execution Time": 227.796
  }
]