[
    {
        "Bao": {
            "Bao prediction": 2257.008,
            "Bao recommended hint": "SET enable_nestloop TO off; "
        }
    },
    {
        "Plan": {
            "Node Type": "Aggregate",
            "Strategy": "Plain",
            "Partial Mode": "Finalize",
            "Parallel Aware": false,
            "Startup Cost": 528870.78,
            "Total Cost": 528870.79,
            "Plan Rows": 1,
            "Plan Width": 64,
            "Actual Startup Time": 3059.073,
            "Actual Total Time": 3165.271,
            "Actual Rows": 1,
            "Actual Loops": 1,
            "Output": [
                "min(n.name)",
                "min(n.name)"
            ],
            "Plans": [
                {
                    "Node Type": "Gather",
                    "Parent Relationship": "Outer",
                    "Parallel Aware": false,
                    "Startup Cost": 528870.45,
                    "Total Cost": 528870.76,
                    "Plan Rows": 3,
                    "Plan Width": 32,
                    "Actual Startup Time": 3053.686,
                    "Actual Total Time": 3165.258,
                    "Actual Rows": 4,
                    "Actual Loops": 1,
                    "Output": [
                        "(PARTIAL min(n.name))"
                    ],
                    "Workers Planned": 3,
                    "Workers Launched": 3,
                    "Single Copy": false,
                    "Plans": [
                        {
                            "Node Type": "Aggregate",
                            "Strategy": "Plain",
                            "Partial Mode": "Partial",
                            "Parent Relationship": "Outer",
                            "Parallel Aware": false,
                            "Startup Cost": 527870.45,
                            "Total Cost": 527870.46,
                            "Plan Rows": 1,
                            "Plan Width": 32,
                            "Actual Startup Time": 3043.638,
                            "Actual Total Time": 3044.014,
                            "Actual Rows": 1,
                            "Actual Loops": 4,
                            "Output": [
                                "PARTIAL min(n.name)"
                            ],
                            "Workers": [
                                {
                                    "Worker Number": 0,
                                    "Actual Startup Time": 3040.678,
                                    "Actual Total Time": 3040.693,
                                    "Actual Rows": 1,
                                    "Actual Loops": 1
                                },
                                {
                                    "Worker Number": 1,
                                    "Actual Startup Time": 3040.399,
                                    "Actual Total Time": 3040.412,
                                    "Actual Rows": 1,
                                    "Actual Loops": 1
                                },
                                {
                                    "Worker Number": 2,
                                    "Actual Startup Time": 3040.558,
                                    "Actual Total Time": 3040.579,
                                    "Actual Rows": 1,
                                    "Actual Loops": 1
                                }
                            ],
                            "Plans": [
                                {
                                    "Node Type": "Hash Join",
                                    "Parent Relationship": "Outer",
                                    "Parallel Aware": true,
                                    "Join Type": "Inner",
                                    "Startup Cost": 497507.05,
                                    "Total Cost": 527870.21,
                                    "Plan Rows": 96,
                                    "Plan Width": 15,
                                    "Actual Startup Time": 2825.527,
                                    "Actual Total Time": 3031.023,
                                    "Actual Rows": 185976,
                                    "Actual Loops": 4,
                                    "Output": [
                                        "n.name"
                                    ],
                                    "Inner Unique": true,
                                    "Hash Cond": "(mc.company_id = cn.id)",
                                    "Workers": [
                                        {
                                            "Worker Number": 0,
                                            "Actual Startup Time": 2821.56,
                                            "Actual Total Time": 3026.99,
                                            "Actual Rows": 135144,
                                            "Actual Loops": 1
                                        },
                                        {
                                            "Worker Number": 1,
                                            "Actual Startup Time": 2822.861,
                                            "Actual Total Time": 3027.583,
                                            "Actual Rows": 194363,
                                            "Actual Loops": 1
                                        },
                                        {
                                            "Worker Number": 2,
                                            "Actual Startup Time": 2822.586,
                                            "Actual Total Time": 3028.217,
                                            "Actual Rows": 200814,
                                            "Actual Loops": 1
                                        }
                                    ],
                                    "Plans": [
                                        {
                                            "Node Type": "Hash Join",
                                            "Parent Relationship": "Outer",
                                            "Parallel Aware": true,
                                            "Join Type": "Inner",
                                            "Startup Cost": 491401.79,
                                            "Total Cost": 521764.7,
                                            "Plan Rows": 96,
                                            "Plan Width": 19,
                                            "Actual Startup Time": 2782.18,
                                            "Actual Total Time": 2954.016,
                                            "Actual Rows": 185976,
                                            "Actual Loops": 4,
                                            "Output": [
                                                "mc.company_id",
                                                "n.name"
                                            ],
                                            "Inner Unique": false,
                                            "Hash Cond": "(mc.movie_id = ci.movie_id)",
                                            "Workers": [
                                                {
                                                    "Worker Number": 0,
                                                    "Actual Startup Time": 2782.003,
                                                    "Actual Total Time": 2953.459,
                                                    "Actual Rows": 135144,
                                                    "Actual Loops": 1
                                                },
                                                {
                                                    "Worker Number": 1,
                                                    "Actual Startup Time": 2782.503,
                                                    "Actual Total Time": 2953.866,
                                                    "Actual Rows": 194363,
                                                    "Actual Loops": 1
                                                },
                                                {
                                                    "Worker Number": 2,
                                                    "Actual Startup Time": 2781.988,
                                                    "Actual Total Time": 2953.954,
                                                    "Actual Rows": 200814,
                                                    "Actual Loops": 1
                                                }
                                            ],
                                            "Plans": [
                                                {
                                                    "Node Type": "Seq Scan",
                                                    "Parent Relationship": "Outer",
                                                    "Parallel Aware": true,
                                                    "Relation Name": "movie_companies",
                                                    "Schema": "public",
                                                    "Alias": "mc",
                                                    "Startup Cost": 0.0,
                                                    "Total Cost": 27206.55,
                                                    "Plan Rows": 841655,
                                                    "Plan Width": 8,
                                                    "Actual Startup Time": 0.031,
                                                    "Actual Total Time": 65.157,
                                                    "Actual Rows": 652282,
                                                    "Actual Loops": 4,
                                                    "Output": [
                                                        "mc.id",
                                                        "mc.movie_id",
                                                        "mc.company_id",
                                                        "mc.company_type_id",
                                                        "mc.note"
                                                    ],
                                                    "Workers": [
                                                        {
                                                            "Worker Number": 0,
                                                            "Actual Startup Time": 0.037,
                                                            "Actual Total Time": 65.412,
                                                            "Actual Rows": 488840,
                                                            "Actual Loops": 1
                                                        },
                                                        {
                                                            "Worker Number": 1,
                                                            "Actual Startup Time": 0.031,
                                                            "Actual Total Time": 64.126,
                                                            "Actual Rows": 666066,
                                                            "Actual Loops": 1
                                                        },
                                                        {
                                                            "Worker Number": 2,
                                                            "Actual Startup Time": 0.04,
                                                            "Actual Total Time": 67.562,
                                                            "Actual Rows": 696501,
                                                            "Actual Loops": 1
                                                        }
                                                    ]
                                                },
                                                {
                                                    "Node Type": "Hash",
                                                    "Parent Relationship": "Inner",
                                                    "Parallel Aware": true,
                                                    "Startup Cost": 491401.54,
                                                    "Total Cost": 491401.54,
                                                    "Plan Rows": 20,
                                                    "Plan Width": 27,
                                                    "Actual Startup Time": 2781.565,
                                                    "Actual Total Time": 2781.938,
                                                    "Actual Rows": 25161,
                                                    "Actual Loops": 4,
                                                    "Output": [
                                                        "ci.movie_id",
                                                        "mk.movie_id",
                                                        "n.name",
                                                        "t.id"
                                                    ],
                                                    "Hash Buckets": 131072,
                                                    "Original Hash Buckets": 1024,
                                                    "Hash Batches": 1,
                                                    "Original Hash Batches": 1,
                                                    "Peak Memory Usage": 8344,
                                                    "Workers": [
                                                        {
                                                            "Worker Number": 0,
                                                            "Actual Startup Time": 2781.493,
                                                            "Actual Total Time": 2781.505,
                                                            "Actual Rows": 20916,
                                                            "Actual Loops": 1
                                                        },
                                                        {
                                                            "Worker Number": 1,
                                                            "Actual Startup Time": 2781.608,
                                                            "Actual Total Time": 2781.618,
                                                            "Actual Rows": 29025,
                                                            "Actual Loops": 1
                                                        },
                                                        {
                                                            "Worker Number": 2,
                                                            "Actual Startup Time": 2781.524,
                                                            "Actual Total Time": 2781.541,
                                                            "Actual Rows": 28195,
                                                            "Actual Loops": 1
                                                        }
                                                    ],
                                                    "Plans": [
                                                        {
                                                            "Node Type": "Hash Join",
                                                            "Parent Relationship": "Outer",
                                                            "Parallel Aware": true,
                                                            "Join Type": "Inner",
                                                            "Startup Cost": 160146.25,
                                                            "Total Cost": 491401.54,
                                                            "Plan Rows": 20,
                                                            "Plan Width": 27,
                                                            "Actual Startup Time": 1192.549,
                                                            "Actual Total Time": 2741.414,
                                                            "Actual Rows": 25161,
                                                            "Actual Loops": 4,
                                                            "Output": [
                                                                "ci.movie_id",
                                                                "mk.movie_id",
                                                                "n.name",
                                                                "t.id"
                                                            ],
                                                            "Inner Unique": false,
                                                            "Hash Cond": "(ci.movie_id = t.id)",
                                                            "Workers": [
                                                                {
                                                                    "Worker Number": 0,
                                                                    "Actual Startup Time": 1192.664,
                                                                    "Actual Total Time": 2750.148,
                                                                    "Actual Rows": 20916,
                                                                    "Actual Loops": 1
                                                                },
                                                                {
                                                                    "Worker Number": 1,
                                                                    "Actual Startup Time": 1192.515,
                                                                    "Actual Total Time": 2729.678,
                                                                    "Actual Rows": 29025,
                                                                    "Actual Loops": 1
                                                                },
                                                                {
                                                                    "Worker Number": 2,
                                                                    "Actual Startup Time": 1192.47,
                                                                    "Actual Total Time": 2743.582,
                                                                    "Actual Rows": 28195,
                                                                    "Actual Loops": 1
                                                                }
                                                            ],
                                                            "Plans": [
                                                                {
                                                                    "Node Type": "Hash Join",
                                                                    "Parent Relationship": "Outer",
                                                                    "Parallel Aware": true,
                                                                    "Join Type": "Inner",
                                                                    "Startup Cost": 69952.2,
                                                                    "Total Cost": 398918.85,
                                                                    "Plan Rows": 610298,
                                                                    "Plan Width": 19,
                                                                    "Actual Startup Time": 743.174,
                                                                    "Actual Total Time": 2174.429,
                                                                    "Actual Rows": 873348,
                                                                    "Actual Loops": 4,
                                                                    "Output": [
                                                                        "ci.movie_id",
                                                                        "n.name"
                                                                    ],
                                                                    "Inner Unique": true,
                                                                    "Hash Cond": "(ci.person_id = n.id)",
                                                                    "Workers": [
                                                                        {
                                                                            "Worker Number": 0,
                                                                            "Actual Startup Time": 743.193,
                                                                            "Actual Total Time": 2180.925,
                                                                            "Actual Rows": 713494,
                                                                            "Actual Loops": 1
                                                                        },
                                                                        {
                                                                            "Worker Number": 1,
                                                                            "Actual Startup Time": 743.178,
                                                                            "Actual Total Time": 2165.213,
                                                                            "Actual Rows": 1014002,
                                                                            "Actual Loops": 1
                                                                        },
                                                                        {
                                                                            "Worker Number": 2,
                                                                            "Actual Startup Time": 743.148,
                                                                            "Actual Total Time": 2175.721,
                                                                            "Actual Rows": 993436,
                                                                            "Actual Loops": 1
                                                                        }
                                                                    ],
                                                                    "Plans": [
                                                                        {
                                                                            "Node Type": "Seq Scan",
                                                                            "Parent Relationship": "Outer",
                                                                            "Parallel Aware": true,
                                                                            "Relation Name": "cast_info",
                                                                            "Schema": "public",
                                                                            "Alias": "ci",
                                                                            "Startup Cost": 0.0,
                                                                            "Total Cost": 313106.51,
                                                                            "Plan Rows": 6041951,
                                                                            "Plan Width": 8,
                                                                            "Actual Startup Time": 0.008,
                                                                            "Actual Total Time": 907.971,
                                                                            "Actual Rows": 9061086,
                                                                            "Actual Loops": 4,
                                                                            "Output": [
                                                                                "ci.id",
                                                                                "ci.person_id",
                                                                                "ci.movie_id",
                                                                                "ci.person_role_id",
                                                                                "ci.note",
                                                                                "ci.nr_order",
                                                                                "ci.role_id"
                                                                            ],
                                                                            "Workers": [
                                                                                {
                                                                                    "Worker Number": 0,
                                                                                    "Actual Startup Time": 0.009,
                                                                                    "Actual Total Time": 913.56,
                                                                                    "Actual Rows": 7069510,
                                                                                    "Actual Loops": 1
                                                                                },
                                                                                {
                                                                                    "Worker Number": 1,
                                                                                    "Actual Startup Time": 0.007,
                                                                                    "Actual Total Time": 887.642,
                                                                                    "Actual Rows": 10991464,
                                                                                    "Actual Loops": 1
                                                                                },
                                                                                {
                                                                                    "Worker Number": 2,
                                                                                    "Actual Startup Time": 0.008,
                                                                                    "Actual Total Time": 896.917,
                                                                                    "Actual Rows": 10298653,
                                                                                    "Actual Loops": 1
                                                                                }
                                                                            ]
                                                                        },
                                                                        {
                                                                            "Node Type": "Hash",
                                                                            "Parent Relationship": "Inner",
                                                                            "Parallel Aware": true,
                                                                            "Startup Cost": 68636.68,
                                                                            "Total Cost": 68636.68,
                                                                            "Plan Rows": 105242,
                                                                            "Plan Width": 19,
                                                                            "Actual Startup Time": 218.694,
                                                                            "Actual Total Time": 218.695,
                                                                            "Actual Rows": 101317,
                                                                            "Actual Loops": 4,
                                                                            "Output": [
                                                                                "n.name",
                                                                                "n.id"
                                                                            ],
                                                                            "Hash Buckets": 524288,
                                                                            "Original Hash Buckets": 524288,
                                                                            "Hash Batches": 1,
                                                                            "Original Hash Batches": 1,
                                                                            "Peak Memory Usage": 26208,
                                                                            "Workers": [
                                                                                {
                                                                                    "Worker Number": 0,
                                                                                    "Actual Startup Time": 219.512,
                                                                                    "Actual Total Time": 219.513,
                                                                                    "Actual Rows": 80855,
                                                                                    "Actual Loops": 1
                                                                                },
                                                                                {
                                                                                    "Worker Number": 1,
                                                                                    "Actual Startup Time": 216.248,
                                                                                    "Actual Total Time": 216.25,
                                                                                    "Actual Rows": 123832,
                                                                                    "Actual Loops": 1
                                                                                },
                                                                                {
                                                                                    "Worker Number": 2,
                                                                                    "Actual Startup Time": 219.521,
                                                                                    "Actual Total Time": 219.522,
                                                                                    "Actual Rows": 115043,
                                                                                    "Actual Loops": 1
                                                                                }
                                                                            ],
                                                                            "Plans": [
                                                                                {
                                                                                    "Node Type": "Seq Scan",
                                                                                    "Parent Relationship": "Outer",
                                                                                    "Parallel Aware": true,
                                                                                    "Relation Name": "name",
                                                                                    "Schema": "public",
                                                                                    "Alias": "n",
                                                                                    "Startup Cost": 0.0,
                                                                                    "Total Cost": 68636.68,
                                                                                    "Plan Rows": 105242,
                                                                                    "Plan Width": 19,
                                                                                    "Actual Startup Time": 53.25,
                                                                                    "Actual Total Time": 167.957,
                                                                                    "Actual Rows": 101317,
                                                                                    "Actual Loops": 4,
                                                                                    "Output": [
                                                                                        "n.name",
                                                                                        "n.id"
                                                                                    ],
                                                                                    "Filter": "(n.name ~~ 'S%'::text)",
                                                                                    "Rows Removed by Filter": 940556,
                                                                                    "Workers": [
                                                                                        {
                                                                                            "Worker Number": 0,
                                                                                            "Actual Startup Time": 53.203,
                                                                                            "Actual Total Time": 168.556,
                                                                                            "Actual Rows": 80855,
                                                                                            "Actual Loops": 1
                                                                                        },
                                                                                        {
                                                                                            "Worker Number": 1,
                                                                                            "Actual Startup Time": 53.361,
                                                                                            "Actual Total Time": 167.368,
                                                                                            "Actual Rows": 123832,
                                                                                            "Actual Loops": 1
                                                                                        },
                                                                                        {
                                                                                            "Worker Number": 2,
                                                                                            "Actual Startup Time": 53.204,
                                                                                            "Actual Total Time": 167.177,
                                                                                            "Actual Rows": 115043,
                                                                                            "Actual Loops": 1
                                                                                        }
                                                                                    ]
                                                                                }
                                                                            ]
                                                                        }
                                                                    ]
                                                                },
                                                                {
                                                                    "Node Type": "Hash",
                                                                    "Parent Relationship": "Inner",
                                                                    "Parallel Aware": true,
                                                                    "Startup Cost": 90193.95,
                                                                    "Total Cost": 90193.95,
                                                                    "Plan Rows": 8,
                                                                    "Plan Width": 8,
                                                                    "Actual Startup Time": 449.272,
                                                                    "Actual Total Time": 449.28,
                                                                    "Actual Rows": 10460,
                                                                    "Actual Loops": 4,
                                                                    "Output": [
                                                                        "mk.movie_id",
                                                                        "t.id"
                                                                    ],
                                                                    "Hash Buckets": 65536,
                                                                    "Original Hash Buckets": 1024,
                                                                    "Hash Batches": 1,
                                                                    "Original Hash Batches": 1,
                                                                    "Peak Memory Usage": 2744,
                                                                    "Workers": [
                                                                        {
                                                                            "Worker Number": 0,
                                                                            "Actual Startup Time": 449.296,
                                                                            "Actual Total Time": 449.302,
                                                                            "Actual Rows": 8524,
                                                                            "Actual Loops": 1
                                                                        },
                                                                        {
                                                                            "Worker Number": 1,
                                                                            "Actual Startup Time": 449.306,
                                                                            "Actual Total Time": 449.31,
                                                                            "Actual Rows": 12382,
                                                                            "Actual Loops": 1
                                                                        },
                                                                        {
                                                                            "Worker Number": 2,
                                                                            "Actual Startup Time": 449.207,
                                                                            "Actual Total Time": 449.22,
                                                                            "Actual Rows": 12444,
                                                                            "Actual Loops": 1
                                                                        }
                                                                    ],
                                                                    "Plans": [
                                                                        {
                                                                            "Node Type": "Hash Join",
                                                                            "Parent Relationship": "Outer",
                                                                            "Parallel Aware": true,
                                                                            "Join Type": "Inner",
                                                                            "Startup Cost": 45504.47,
                                                                            "Total Cost": 90193.95,
                                                                            "Plan Rows": 8,
                                                                            "Plan Width": 8,
                                                                            "Actual Startup Time": 225.64,
                                                                            "Actual Total Time": 413.764,
                                                                            "Actual Rows": 10460,
                                                                            "Actual Loops": 4,
                                                                            "Output": [
                                                                                "mk.movie_id",
                                                                                "t.id"
                                                                            ],
                                                                            "Inner Unique": false,
                                                                            "Hash Cond": "(t.id = mk.movie_id)",
                                                                            "Workers": [
                                                                                {
                                                                                    "Worker Number": 0,
                                                                                    "Actual Startup Time": 225.642,
                                                                                    "Actual Total Time": 419.266,
                                                                                    "Actual Rows": 8524,
                                                                                    "Actual Loops": 1
                                                                                },
                                                                                {
                                                                                    "Worker Number": 1,
                                                                                    "Actual Startup Time": 225.653,
                                                                                    "Actual Total Time": 407.62,
                                                                                    "Actual Rows": 12382,
                                                                                    "Actual Loops": 1
                                                                                },
                                                                                {
                                                                                    "Worker Number": 2,
                                                                                    "Actual Startup Time": 225.582,
                                                                                    "Actual Total Time": 412.614,
                                                                                    "Actual Rows": 12444,
                                                                                    "Actual Loops": 1
                                                                                }
                                                                            ],
                                                                            "Plans": [
                                                                                {
                                                                                    "Node Type": "Seq Scan",
                                                                                    "Parent Relationship": "Outer",
                                                                                    "Parallel Aware": true,
                                                                                    "Relation Name": "title",
                                                                                    "Schema": "public",
                                                                                    "Alias": "t",
                                                                                    "Startup Cost": 0.0,
                                                                                    "Total Cost": 42319.06,
                                                                                    "Plan Rows": 632106,
                                                                                    "Plan Width": 4,
                                                                                    "Actual Startup Time": 0.023,
                                                                                    "Actual Total Time": 92.189,
                                                                                    "Actual Rows": 632078,
                                                                                    "Actual Loops": 4,
                                                                                    "Output": [
                                                                                        "t.id",
                                                                                        "t.title",
                                                                                        "t.imdb_index",
                                                                                        "t.kind_id",
                                                                                        "t.production_year",
                                                                                        "t.imdb_id",
                                                                                        "t.phonetic_code",
                                                                                        "t.episode_of_id",
                                                                                        "t.season_nr",
                                                                                        "t.episode_nr",
                                                                                        "t.series_years",
                                                                                        "t.md5sum"
                                                                                    ],
                                                                                    "Workers": [
                                                                                        {
                                                                                            "Worker Number": 0,
                                                                                            "Actual Startup Time": 0.031,
                                                                                            "Actual Total Time": 95.3,
                                                                                            "Actual Rows": 532397,
                                                                                            "Actual Loops": 1
                                                                                        },
                                                                                        {
                                                                                            "Worker Number": 1,
                                                                                            "Actual Startup Time": 0.026,
                                                                                            "Actual Total Time": 89.005,
                                                                                            "Actual Rows": 759509,
                                                                                            "Actual Loops": 1
                                                                                        },
                                                                                        {
                                                                                            "Worker Number": 2,
                                                                                            "Actual Startup Time": 0.028,
                                                                                            "Actual Total Time": 92.072,
                                                                                            "Actual Rows": 709984,
                                                                                            "Actual Loops": 1
                                                                                        }
                                                                                    ]
                                                                                },
                                                                                {
                                                                                    "Node Type": "Hash",
                                                                                    "Parent Relationship": "Inner",
                                                                                    "Parallel Aware": true,
                                                                                    "Startup Cost": 45504.33,
                                                                                    "Total Cost": 45504.33,
                                                                                    "Plan Rows": 11,
                                                                                    "Plan Width": 4,
                                                                                    "Actual Startup Time": 225.472,
                                                                                    "Actual Total Time": 225.475,
                                                                                    "Actual Rows": 10460,
                                                                                    "Actual Loops": 4,
                                                                                    "Output": [
                                                                                        "mk.movie_id"
                                                                                    ],
                                                                                    "Hash Buckets": 65536,
                                                                                    "Original Hash Buckets": 1024,
                                                                                    "Hash Batches": 1,
                                                                                    "Original Hash Batches": 1,
                                                                                    "Peak Memory Usage": 2744,
                                                                                    "Workers": [
                                                                                        {
                                                                                            "Worker Number": 0,
                                                                                            "Actual Startup Time": 225.476,
                                                                                            "Actual Total Time": 225.48,
                                                                                            "Actual Rows": 8401,
                                                                                            "Actual Loops": 1
                                                                                        },
                                                                                        {
                                                                                            "Worker Number": 1,
                                                                                            "Actual Startup Time": 225.479,
                                                                                            "Actual Total Time": 225.481,
                                                                                            "Actual Rows": 13185,
                                                                                            "Actual Loops": 1
                                                                                        },
                                                                                        {
                                                                                            "Worker Number": 2,
                                                                                            "Actual Startup Time": 225.443,
                                                                                            "Actual Total Time": 225.446,
                                                                                            "Actual Rows": 11654,
                                                                                            "Actual Loops": 1
                                                                                        }
                                                                                    ],
                                                                                    "Plans": [
                                                                                        {
                                                                                            "Node Type": "Hash Join",
                                                                                            "Parent Relationship": "Outer",
                                                                                            "Parallel Aware": false,
                                                                                            "Join Type": "Inner",
                                                                                            "Startup Cost": 2626.14,
                                                                                            "Total Cost": 45504.33,
                                                                                            "Plan Rows": 11,
                                                                                            "Plan Width": 4,
                                                                                            "Actual Startup Time": 12.385,
                                                                                            "Actual Total Time": 204.699,
                                                                                            "Actual Rows": 10460,
                                                                                            "Actual Loops": 4,
                                                                                            "Output": [
                                                                                                "mk.movie_id"
                                                                                            ],
                                                                                            "Inner Unique": true,
                                                                                            "Hash Cond": "(mk.keyword_id = k.id)",
                                                                                            "Workers": [
                                                                                                {
                                                                                                    "Worker Number": 0,
                                                                                                    "Actual Startup Time": 14.631,
                                                                                                    "Actual Total Time": 214.585,
                                                                                                    "Actual Rows": 8401,
                                                                                                    "Actual Loops": 1
                                                                                                },
                                                                                                {
                                                                                                    "Worker Number": 1,
                                                                                                    "Actual Startup Time": 10.373,
                                                                                                    "Actual Total Time": 202.023,
                                                                                                    "Actual Rows": 13185,
                                                                                                    "Actual Loops": 1
                                                                                                },
                                                                                                {
                                                                                                    "Worker Number": 2,
                                                                                                    "Actual Startup Time": 10.811,
                                                                                                    "Actual Total Time": 197.007,
                                                                                                    "Actual Rows": 11654,
                                                                                                    "Actual Loops": 1
                                                                                                }
                                                                                            ],
                                                                                            "Plans": [
                                                                                                {
                                                                                                    "Node Type": "Seq Scan",
                                                                                                    "Parent Relationship": "Outer",
                                                                                                    "Parallel Aware": true,
                                                                                                    "Relation Name": "movie_keyword",
                                                                                                    "Schema": "public",
                                                                                                    "Alias": "mk",
                                                                                                    "Startup Cost": 0.0,
                                                                                                    "Total Cost": 39047.32,
                                                                                                    "Plan Rows": 1459332,
                                                                                                    "Plan Width": 8,
                                                                                                    "Actual Startup Time": 0.026,
                                                                                                    "Actual Total Time": 104.858,
                                                                                                    "Actual Rows": 1130982,
                                                                                                    "Actual Loops": 4,
                                                                                                    "Output": [
                                                                                                        "mk.id",
                                                                                                        "mk.movie_id",
                                                                                                        "mk.keyword_id"
                                                                                                    ],
                                                                                                    "Workers": [
                                                                                                        {
                                                                                                            "Worker Number": 0,
                                                                                                            "Actual Startup Time": 0.036,
                                                                                                            "Actual Total Time": 109.528,
                                                                                                            "Actual Rows": 907610,
                                                                                                            "Actual Loops": 1
                                                                                                        },
                                                                                                        {
                                                                                                            "Worker Number": 1,
                                                                                                            "Actual Startup Time": 0.027,
                                                                                                            "Actual Total Time": 104.332,
                                                                                                            "Actual Rows": 1417100,
                                                                                                            "Actual Loops": 1
                                                                                                        },
                                                                                                        {
                                                                                                            "Worker Number": 2,
                                                                                                            "Actual Startup Time": 0.033,
                                                                                                            "Actual Total Time": 102.336,
                                                                                                            "Actual Rows": 1304005,
                                                                                                            "Actual Loops": 1
                                                                                                        }
                                                                                                    ]
                                                                                                },
                                                                                                {
                                                                                                    "Node Type": "Hash",
                                                                                                    "Parent Relationship": "Inner",
                                                                                                    "Parallel Aware": false,
                                                                                                    "Startup Cost": 2626.12,
                                                                                                    "Total Cost": 2626.12,
                                                                                                    "Plan Rows": 1,
                                                                                                    "Plan Width": 4,
                                                                                                    "Actual Startup Time": 12.291,
                                                                                                    "Actual Total Time": 12.292,
                                                                                                    "Actual Rows": 1,
                                                                                                    "Actual Loops": 4,
                                                                                                    "Output": [
                                                                                                        "k.id"
                                                                                                    ],
                                                                                                    "Hash Buckets": 1024,
                                                                                                    "Original Hash Buckets": 1024,
                                                                                                    "Hash Batches": 1,
                                                                                                    "Original Hash Batches": 1,
                                                                                                    "Peak Memory Usage": 9,
                                                                                                    "Workers": [
                                                                                                        {
                                                                                                            "Worker Number": 0,
                                                                                                            "Actual Startup Time": 14.432,
                                                                                                            "Actual Total Time": 14.433,
                                                                                                            "Actual Rows": 1,
                                                                                                            "Actual Loops": 1
                                                                                                        },
                                                                                                        {
                                                                                                            "Worker Number": 1,
                                                                                                            "Actual Startup Time": 10.319,
                                                                                                            "Actual Total Time": 10.319,
                                                                                                            "Actual Rows": 1,
                                                                                                            "Actual Loops": 1
                                                                                                        },
                                                                                                        {
                                                                                                            "Worker Number": 2,
                                                                                                            "Actual Startup Time": 10.751,
                                                                                                            "Actual Total Time": 10.751,
                                                                                                            "Actual Rows": 1,
                                                                                                            "Actual Loops": 1
                                                                                                        }
                                                                                                    ],
                                                                                                    "Plans": [
                                                                                                        {
                                                                                                            "Node Type": "Seq Scan",
                                                                                                            "Parent Relationship": "Outer",
                                                                                                            "Parallel Aware": false,
                                                                                                            "Relation Name": "keyword",
                                                                                                            "Schema": "public",
                                                                                                            "Alias": "k",
                                                                                                            "Startup Cost": 0.0,
                                                                                                            "Total Cost": 2626.12,
                                                                                                            "Plan Rows": 1,
                                                                                                            "Plan Width": 4,
                                                                                                            "Actual Startup Time": 0.677,
                                                                                                            "Actual Total Time": 12.286,
                                                                                                            "Actual Rows": 1,
                                                                                                            "Actual Loops": 4,
                                                                                                            "Output": [
                                                                                                                "k.id"
                                                                                                            ],
                                                                                                            "Filter": "(k.keyword = 'character-name-in-title'::text)",
                                                                                                            "Rows Removed by Filter": 134169,
                                                                                                            "Workers": [
                                                                                                                {
                                                                                                                    "Worker Number": 0,
                                                                                                                    "Actual Startup Time": 0.798,
                                                                                                                    "Actual Total Time": 14.425,
                                                                                                                    "Actual Rows": 1,
                                                                                                                    "Actual Loops": 1
                                                                                                                },
                                                                                                                {
                                                                                                                    "Worker Number": 1,
                                                                                                                    "Actual Startup Time": 0.593,
                                                                                                                    "Actual Total Time": 10.314,
                                                                                                                    "Actual Rows": 1,
                                                                                                                    "Actual Loops": 1
                                                                                                                },
                                                                                                                {
                                                                                                                    "Worker Number": 2,
                                                                                                                    "Actual Startup Time": 0.633,
                                                                                                                    "Actual Total Time": 10.746,
                                                                                                                    "Actual Rows": 1,
                                                                                                                    "Actual Loops": 1
                                                                                                                }
                                                                                                            ]
                                                                                                        }
                                                                                                    ]
                                                                                                }
                                                                                            ]
                                                                                        }
                                                                                    ]
                                                                                }
                                                                            ]
                                                                        }
                                                                    ]
                                                                }
                                                            ]
                                                        }
                                                    ]
                                                }
                                            ]
                                        },
                                        {
                                            "Node Type": "Hash",
                                            "Parent Relationship": "Inner",
                                            "Parallel Aware": true,
                                            "Startup Cost": 4377.34,
                                            "Total Cost": 4377.34,
                                            "Plan Rows": 138234,
                                            "Plan Width": 4,
                                            "Actual Startup Time": 41.53,
                                            "Actual Total Time": 41.53,
                                            "Actual Rows": 58749,
                                            "Actual Loops": 4,
                                            "Output": [
                                                "cn.id"
                                            ],
                                            "Hash Buckets": 262144,
                                            "Original Hash Buckets": 262144,
                                            "Hash Batches": 1,
                                            "Original Hash Batches": 1,
                                            "Peak Memory Usage": 11296,
                                            "Workers": [
                                                {
                                                    "Worker Number": 0,
                                                    "Actual Startup Time": 38.83,
                                                    "Actual Total Time": 38.831,
                                                    "Actual Rows": 45741,
                                                    "Actual Loops": 1
                                                },
                                                {
                                                    "Worker Number": 1,
                                                    "Actual Startup Time": 39.713,
                                                    "Actual Total Time": 39.714,
                                                    "Actual Rows": 52676,
                                                    "Actual Loops": 1
                                                },
                                                {
                                                    "Worker Number": 2,
                                                    "Actual Startup Time": 39.757,
                                                    "Actual Total Time": 39.758,
                                                    "Actual Rows": 50853,
                                                    "Actual Loops": 1
                                                }
                                            ],
                                            "Plans": [
                                                {
                                                    "Node Type": "Seq Scan",
                                                    "Parent Relationship": "Outer",
                                                    "Parallel Aware": true,
                                                    "Relation Name": "company_name",
                                                    "Schema": "public",
                                                    "Alias": "cn",
                                                    "Startup Cost": 0.0,
                                                    "Total Cost": 4377.34,
                                                    "Plan Rows": 138234,
                                                    "Plan Width": 4,
                                                    "Actual Startup Time": 0.053,
                                                    "Actual Total Time": 16.351,
                                                    "Actual Rows": 58749,
                                                    "Actual Loops": 4,
                                                    "Output": [
                                                        "cn.id"
                                                    ],
                                                    "Workers": [
                                                        {
                                                            "Worker Number": 0,
                                                            "Actual Startup Time": 0.073,
                                                            "Actual Total Time": 15.377,
                                                            "Actual Rows": 45741,
                                                            "Actual Loops": 1
                                                        },
                                                        {
                                                            "Worker Number": 1,
                                                            "Actual Startup Time": 0.059,
                                                            "Actual Total Time": 15.636,
                                                            "Actual Rows": 52676,
                                                            "Actual Loops": 1
                                                        },
                                                        {
                                                            "Worker Number": 2,
                                                            "Actual Startup Time": 0.062,
                                                            "Actual Total Time": 15.511,
                                                            "Actual Rows": 50853,
                                                            "Actual Loops": 1
                                                        }
                                                    ]
                                                }
                                            ]
                                        }
                                    ]
                                }
                            ]
                        }
                    ]
                }
            ]
        },
        "Planning Time": 319.095,
        "Triggers": [],
        "Execution Time": 3165.747
    }
]