[
  {
    "Plan": {
      "Node Type": "Aggregate",
      "Strategy": "Plain",
      "Partial Mode": "Finalize",
      "Parallel Aware": false,
      "Startup Cost": 292051.31,
      "Total Cost": 292051.32,
      "Plan Rows": 1,
      "Plan Width": 8,
      "Actual Startup Time": 1212.915,
      "Actual Total Time": 1235.895,
      "Actual Rows": 1,
      "Actual Loops": 1,
      "Plans": [
        {
          "Node Type": "Gather",
          "Parent Relationship": "Outer",
          "Parallel Aware": false,
          "Startup Cost": 292050.79,
          "Total Cost": 292051.3,
          "Plan Rows": 5,
          "Plan Width": 8,
          "Actual Startup Time": 1200.334,
          "Actual Total Time": 1235.877,
          "Actual Rows": 6,
          "Actual Loops": 1,
          "Workers Planned": 5,
          "Workers Launched": 5,
          "Single Copy": false,
          "Plans": [
            {
              "Node Type": "Aggregate",
              "Strategy": "Plain",
              "Partial Mode": "Partial",
              "Parent Relationship": "Outer",
              "Parallel Aware": false,
              "Startup Cost": 291050.79,
              "Total Cost": 291050.8,
              "Plan Rows": 1,
              "Plan Width": 8,
              "Actual Startup Time": 1193.399,
              "Actual Total Time": 1193.829,
              "Actual Rows": 1,
              "Actual Loops": 6,
              "Plans": [
                {
                  "Node Type": "Hash Join",
                  "Parent Relationship": "Outer",
                  "Parallel Aware": true,
                  "Join Type": "Inner",
                  "Startup Cost": 85906.45,
                  "Total Cost": 289880.28,
                  "Plan Rows": 468204,
                  "Plan Width": 0,
                  "Actual Startup Time": 368.161,
                  "Actual Total Time": 1041.248,
                  "Actual Rows": 3703779,
                  "Actual Loops": 6,
                  "Inner Unique": false,
                  "Hash Cond": "(mi.movie_id = t.id)",
                  "Plans": [
                    {
                      "Node Type": "Seq Scan",
                      "Parent Relationship": "Outer",
                      "Parallel Aware": true,
                      "Relation Name": "movie_info",
                      "Alias": "mi",
                      "Startup Cost": 0.0,
                      "Total Cost": 198880.74,
                      "Plan Rows": 1046023,
                      "Plan Width": 4,
                      "Actual Startup Time": 14.641,
                      "Actual Total Time": 283.494,
                      "Actual Rows": 878428,
                      "Actual Loops": 6,
                      "Filter": "(info_type_id > 15)",
                      "Rows Removed by Filter": 1594192
                    },
                    {
                      "Node Type": "Hash",
                      "Parent Relationship": "Inner",
                      "Parallel Aware": true,
                      "Startup Cost": 82369.92,
                      "Total Cost": 82369.92,
                      "Plan Rows": 282922,
                      "Plan Width": 8,
                      "Actual Startup Time": 350.447,
                      "Actual Total Time": 350.874,
                      "Actual Rows": 174977,
                      "Actual Loops": 6,
                      "Hash Buckets": 2097152,
                      "Original Hash Buckets": 2097152,
                      "Hash Batches": 1,
                      "Original Hash Batches": 1,
                      "Peak Memory Usage": 57568,
                      "Plans": [
                        {
                          "Node Type": "Hash Join",
                          "Parent Relationship": "Outer",
                          "Parallel Aware": true,
                          "Join Type": "Inner",
                          "Startup Cost": 35978.07,
                          "Total Cost": 82369.92,
                          "Plan Rows": 282922,
                          "Plan Width": 8,
                          "Actual Startup Time": 120.23,
                          "Actual Total Time": 294.464,
                          "Actual Rows": 174977,
                          "Actual Loops": 6,
                          "Inner Unique": false,
                          "Hash Cond": "(t.id = mc.movie_id)",
                          "Plans": [
                            {
                              "Node Type": "Seq Scan",
                              "Parent Relationship": "Outer",
                              "Parallel Aware": true,
                              "Relation Name": "title",
                              "Alias": "t",
                              "Startup Cost": 0.0,
                              "Total Cost": 42318.81,
                              "Plan Rows": 632080,
                              "Plan Width": 4,
                              "Actual Startup Time": 0.013,
                              "Actual Total Time": 51.81,
                              "Actual Rows": 421385,
                              "Actual Loops": 6
                            },
                            {
                              "Node Type": "Hash",
                              "Parent Relationship": "Inner",
                              "Parallel Aware": true,
                              "Startup Cost": 31414.82,
                              "Total Cost": 31414.82,
                              "Plan Rows": 365060,
                              "Plan Width": 4,
                              "Actual Startup Time": 118.064,
                              "Actual Total Time": 118.065,
                              "Actual Rows": 174977,
                              "Actual Loops": 6,
                              "Hash Buckets": 2097152,
                              "Original Hash Buckets": 2097152,
                              "Hash Batches": 1,
                              "Original Hash Batches": 1,
                              "Peak Memory Usage": 57568,
                              "Plans": [
                                {
                                  "Node Type": "Seq Scan",
                                  "Parent Relationship": "Outer",
                                  "Parallel Aware": true,
                                  "Relation Name": "movie_companies",
                                  "Alias": "mc",
                                  "Startup Cost": 0.0,
                                  "Total Cost": 31414.82,
                                  "Plan Rows": 365060,
                                  "Plan Width": 4,
                                  "Actual Startup Time": 0.063,
                                  "Actual Total Time": 56.939,
                                  "Actual Rows": 174977,
                                  "Actual Loops": 6,
                                  "Filter": "((company_id > 159) AND (company_type_id < 2))",
                                  "Rows Removed by Filter": 259878
                                }
                              ]
                            }
                          ]
                        }
                      ]
                    }
                  ]
                }
              ]
            }
          ]
        }
      ]
    },
    "Planning Time": 0.462,
    "Triggers": [],
    "Execution Time": 1235.936
  }
]