[
  {
    "Plan": {
      "Node Type": "Aggregate",
      "Strategy": "Plain",
      "Partial Mode": "Finalize",
      "Parallel Aware": false,
      "Startup Cost": 43226.99,
      "Total Cost": 43227.0,
      "Plan Rows": 1,
      "Plan Width": 8,
      "Actual Startup Time": 146.962,
      "Actual Total Time": 156.149,
      "Actual Rows": 1,
      "Actual Loops": 1,
      "Plans": [
        {
          "Node Type": "Gather",
          "Parent Relationship": "Outer",
          "Parallel Aware": false,
          "Startup Cost": 43226.68,
          "Total Cost": 43226.99,
          "Plan Rows": 3,
          "Plan Width": 8,
          "Actual Startup Time": 146.719,
          "Actual Total Time": 156.138,
          "Actual Rows": 4,
          "Actual Loops": 1,
          "Workers Planned": 3,
          "Workers Launched": 3,
          "Single Copy": false,
          "Plans": [
            {
              "Node Type": "Aggregate",
              "Strategy": "Plain",
              "Partial Mode": "Partial",
              "Parent Relationship": "Outer",
              "Parallel Aware": false,
              "Startup Cost": 42226.68,
              "Total Cost": 42226.69,
              "Plan Rows": 1,
              "Plan Width": 8,
              "Actual Startup Time": 138.1,
              "Actual Total Time": 138.101,
              "Actual Rows": 1,
              "Actual Loops": 4,
              "Plans": [
                {
                  "Node Type": "Bitmap Heap Scan",
                  "Parent Relationship": "Outer",
                  "Parallel Aware": true,
                  "Relation Name": "movie_keyword",
                  "Alias": "mk",
                  "Startup Cost": 14471.62,
                  "Total Cost": 41676.5,
                  "Plan Rows": 220070,
                  "Plan Width": 0,
                  "Actual Startup Time": 52.01,
                  "Actual Total Time": 129.018,
                  "Actual Rows": 167122,
                  "Actual Loops": 4,
                  "Recheck Cond": "(keyword_id > 28025)",
                  "Rows Removed by Index Recheck": 0,
                  "Exact Heap Blocks": 10273,
                  "Lossy Heap Blocks": 0,
                  "Plans": [
                    {
                      "Node Type": "Bitmap Index Scan",
                      "Parent Relationship": "Outer",
                      "Parallel Aware": false,
                      "Index Name": "keyword_id_movie_keyword",
                      "Startup Cost": 0.0,
                      "Total Cost": 14301.07,
                      "Plan Rows": 682218,
                      "Plan Width": 0,
                      "Actual Startup Time": 56.349,
                      "Actual Total Time": 56.349,
                      "Actual Rows": 668489,
                      "Actual Loops": 1,
                      "Index Cond": "(keyword_id > 28025)"
                    }
                  ]
                }
              ]
            }
          ]
        }
      ]
    },
    "Planning Time": 0.157,
    "Triggers": [],
    "Execution Time": 156.23
  }
]