{
    "Plan": {
        "Node Type": "Aggregate",
        "Strategy": "Plain",
        "Partial Mode": "Simple",
        "Parallel Aware": false,
        "Startup Cost": 70021144020.36,
        "Total Cost": 70021144020.37,
        "Plan Rows": 1,
        "Plan Width": 96,
        "Actual Startup Time": 16740.615,
        "Actual Total Time": 16740.633,
        "Actual Rows": 1,
        "Actual Loops": 1,
        "Output": [
            "min(cn.name)",
            "min((lt.link)::text)",
            "min(t.title)"
        ],
        "Plans": [
            {
                "Node Type": "Nested Loop",
                "Parent Relationship": "Outer",
                "Parallel Aware": false,
                "Join Type": "Inner",
                "Startup Cost": 70021136714.62,
                "Total Cost": 70021144020.35,
                "Plan Rows": 1,
                "Plan Width": 48,
                "Actual Startup Time": 16669.99,
                "Actual Total Time": 16740.222,
                "Actual Rows": 1516,
                "Actual Loops": 1,
                "Output": [
                    "cn.name",
                    "lt.link",
                    "t.title"
                ],
                "Inner Unique": true,
                "Plans": [
                    {
                        "Node Type": "Hash Join",
                        "Parent Relationship": "Outer",
                        "Parallel Aware": false,
                        "Join Type": "Inner",
                        "Startup Cost": 60021136714.48,
                        "Total Cost": 60021144012.18,
                        "Plan Rows": 1,
                        "Plan Width": 52,
                        "Actual Startup Time": 16669.964,
                        "Actual Total Time": 16734.289,
                        "Actual Rows": 1594,
                        "Actual Loops": 1,
                        "Output": [
                            "cn.name",
                            "mc.company_type_id",
                            "lt.link",
                            "t.title"
                        ],
                        "Inner Unique": false,
                        "Hash Cond": "(cn.id = mc.company_id)",
                        "Plans": [
                            {
                                "Node Type": "Seq Scan",
                                "Parent Relationship": "Outer",
                                "Parallel Aware": false,
                                "Relation Name": "company_name",
                                "Schema": "public",
                                "Alias": "cn",
                                "Startup Cost": 10000000000.0,
                                "Total Cost": 10000007107.45,
                                "Plan Rows": 50732,
                                "Plan Width": 23,
                                "Actual Startup Time": 0.067,
                                "Actual Total Time": 63.018,
                                "Actual Rows": 48302,
                                "Actual Loops": 1,
                                "Output": [
                                    "cn.id",
                                    "cn.name",
                                    "cn.country_code",
                                    "cn.imdb_id",
                                    "cn.name_pcode_nf",
                                    "cn.name_pcode_sf",
                                    "cn.md5sum"
                                ],
                                "Filter": "(((cn.country_code)::text <> '[pl]'::text) AND ((cn.name ~~ '%Film%'::text) OR (cn.name ~~ '%Warner%'::text)))",
                                "Rows Removed by Filter": 186695
                            },
                            {
                                "Node Type": "Hash",
                                "Parent Relationship": "Inner",
                                "Parallel Aware": false,
                                "Startup Cost": 50021136714.45,
                                "Total Cost": 50021136714.45,
                                "Plan Rows": 2,
                                "Plan Width": 37,
                                "Actual Startup Time": 16667.431,
                                "Actual Total Time": 16667.443,
                                "Actual Rows": 3679,
                                "Actual Loops": 1,
                                "Output": [
                                    "mc.company_type_id",
                                    "mc.company_id",
                                    "lt.link",
                                    "t.title"
                                ],
                                "Hash Buckets": 4096,
                                "Original Hash Buckets": 1024,
                                "Hash Batches": 1,
                                "Original Hash Batches": 1,
                                "Peak Memory Usage": 271,
                                "Plans": [
                                    {
                                        "Node Type": "Hash Join",
                                        "Parent Relationship": "Outer",
                                        "Parallel Aware": false,
                                        "Join Type": "Inner",
                                        "Startup Cost": 50006255355.88,
                                        "Total Cost": 50021136714.45,
                                        "Plan Rows": 2,
                                        "Plan Width": 37,
                                        "Actual Startup Time": 13626.475,
                                        "Actual Total Time": 16666.717,
                                        "Actual Rows": 3679,
                                        "Actual Loops": 1,
                                        "Output": [
                                            "mc.company_type_id",
                                            "mc.company_id",
                                            "lt.link",
                                            "t.title"
                                        ],
                                        "Inner Unique": false,
                                        "Hash Cond": "(mk.keyword_id = k.id)",
                                        "Plans": [
                                            {
                                                "Node Type": "Merge Join",
                                                "Parent Relationship": "Outer",
                                                "Parallel Aware": false,
                                                "Join Type": "Inner",
                                                "Startup Cost": 40006252729.74,
                                                "Total Cost": 40021132985.96,
                                                "Plan Rows": 293955,
                                                "Plan Width": 41,
                                                "Actual Startup Time": 13589.988,
                                                "Actual Total Time": 16635.56,
                                                "Actual Rows": 91950,
                                                "Actual Loops": 1,
                                                "Output": [
                                                    "lt.link",
                                                    "mc.company_type_id",
                                                    "mc.company_id",
                                                    "mk.keyword_id",
                                                    "t.title"
                                                ],
                                                "Inner Unique": false,
                                                "Merge Cond": "(t.id = ml.movie_id)",
                                                "Plans": [
                                                    {
                                                        "Node Type": "Sort",
                                                        "Parent Relationship": "Outer",
                                                        "Parallel Aware": false,
                                                        "Startup Cost": 10006075375.56,
                                                        "Total Cost": 10006076769.1,
                                                        "Plan Rows": 557414,
                                                        "Plan Width": 25,
                                                        "Actual Startup Time": 12907.097,
                                                        "Actual Total Time": 12909.91,
                                                        "Actual Rows": 18141,
                                                        "Actual Loops": 1,
                                                        "Output": [
                                                            "mi.movie_id",
                                                            "t.title",
                                                            "t.id"
                                                        ],
                                                        "Sort Key": [
                                                            "mi.movie_id"
                                                        ],
                                                        "Sort Method": "quicksort",
                                                        "Sort Space Used": 69396,
                                                        "Sort Space Type": "Memory",
                                                        "Plans": [
                                                            {
                                                                "Node Type": "Nested Loop",
                                                                "Parent Relationship": "Outer",
                                                                "Parallel Aware": false,
                                                                "Join Type": "Inner",
                                                                "Startup Cost": 10000000000.94,
                                                                "Total Cost": 10006022174.88,
                                                                "Plan Rows": 557414,
                                                                "Plan Width": 25,
                                                                "Actual Startup Time": 2.463,
                                                                "Actual Total Time": 12625.45,
                                                                "Actual Rows": 569923,
                                                                "Actual Loops": 1,
                                                                "Output": [
                                                                    "mi.movie_id",
                                                                    "t.title",
                                                                    "t.id"
                                                                ],
                                                                "Inner Unique": false,
                                                                "Plans": [
                                                                    {
                                                                        "Node Type": "Seq Scan",
                                                                        "Parent Relationship": "Outer",
                                                                        "Parallel Aware": false,
                                                                        "Relation Name": "title",
                                                                        "Schema": "public",
                                                                        "Alias": "t",
                                                                        "Startup Cost": 0.0,
                                                                        "Total Cost": 73922.83,
                                                                        "Plan Rows": 1006447,
                                                                        "Plan Width": 21,
                                                                        "Actual Startup Time": 0.014,
                                                                        "Actual Total Time": 441.093,
                                                                        "Actual Rows": 1011476,
                                                                        "Actual Loops": 1,
                                                                        "Output": [
                                                                            "t.id",
                                                                            "t.title",
                                                                            "t.imdb_index",
                                                                            "t.kind_id",
                                                                            "t.production_year",
                                                                            "t.imdb_id",
                                                                            "t.phonetic_code",
                                                                            "t.episode_of_id",
                                                                            "t.season_nr",
                                                                            "t.episode_nr",
                                                                            "t.series_years",
                                                                            "t.md5sum"
                                                                        ],
                                                                        "Filter": "((t.production_year >= 1994) AND (t.production_year <= 2008))",
                                                                        "Rows Removed by Filter": 1516836
                                                                    },
                                                                    {
                                                                        "Node Type": "Bitmap Heap Scan",
                                                                        "Parent Relationship": "Inner",
                                                                        "Parallel Aware": false,
                                                                        "Relation Name": "movie_info",
                                                                        "Schema": "public",
                                                                        "Alias": "mi",
                                                                        "Startup Cost": 0.94,
                                                                        "Total Cost": 5.87,
                                                                        "Plan Rows": 4,
                                                                        "Plan Width": 4,
                                                                        "Actual Startup Time": 0.008,
                                                                        "Actual Total Time": 0.01,
                                                                        "Actual Rows": 1,
                                                                        "Actual Loops": 1011476,
                                                                        "Output": [
                                                                            "mi.id",
                                                                            "mi.movie_id",
                                                                            "mi.info_type_id",
                                                                            "mi.info",
                                                                            "mi.note"
                                                                        ],
                                                                        "Recheck Cond": "(mi.movie_id = t.id)",
                                                                        "Rows Removed by Index Recheck": 0,
                                                                        "Filter": "(mi.info = ANY ('{English,USA,Norway,Swedish,Bulgaria,German,Denish,Sweden,Germany}'::text[]))",
                                                                        "Rows Removed by Filter": 5,
                                                                        "Exact Heap Blocks": 3790595,
                                                                        "Lossy Heap Blocks": 0,
                                                                        "Plans": [
                                                                            {
                                                                                "Node Type": "Bitmap Index Scan",
                                                                                "Parent Relationship": "Outer",
                                                                                "Parallel Aware": false,
                                                                                "Index Name": "movie_id_movie_info",
                                                                                "Startup Cost": 0.0,
                                                                                "Total Cost": 0.94,
                                                                                "Plan Rows": 39,
                                                                                "Plan Width": 0,
                                                                                "Actual Startup Time": 0.004,
                                                                                "Actual Total Time": 0.004,
                                                                                "Actual Rows": 5,
                                                                                "Actual Loops": 1011476,
                                                                                "Index Cond": "(mi.movie_id = t.id)"
                                                                            }
                                                                        ]
                                                                    }
                                                                ]
                                                            }
                                                        ]
                                                    },
                                                    {
                                                        "Node Type": "Materialize",
                                                        "Parent Relationship": "Inner",
                                                        "Parallel Aware": false,
                                                        "Startup Cost": 30000173145.07,
                                                        "Total Cost": 30015056474.42,
                                                        "Plan Rows": 198015,
                                                        "Plan Width": 36,
                                                        "Actual Startup Time": 678.866,
                                                        "Actual Total Time": 3706.109,
                                                        "Actual Rows": 108918,
                                                        "Actual Loops": 1,
                                                        "Output": [
                                                            "lt.link",
                                                            "ml.movie_id",
                                                            "mc.movie_id",
                                                            "mc.company_type_id",
                                                            "mc.company_id",
                                                            "mk.movie_id",
                                                            "mk.keyword_id"
                                                        ],
                                                        "Plans": [
                                                            {
                                                                "Node Type": "Nested Loop",
                                                                "Parent Relationship": "Outer",
                                                                "Parallel Aware": false,
                                                                "Join Type": "Inner",
                                                                "Startup Cost": 30000173145.07,
                                                                "Total Cost": 30015055979.38,
                                                                "Plan Rows": 198015,
                                                                "Plan Width": 36,
                                                                "Actual Startup Time": 678.861,
                                                                "Actual Total Time": 3678.796,
                                                                "Actual Rows": 54010,
                                                                "Actual Loops": 1,
                                                                "Output": [
                                                                    "lt.link",
                                                                    "ml.movie_id",
                                                                    "mc.movie_id",
                                                                    "mc.company_type_id",
                                                                    "mc.company_id",
                                                                    "mk.movie_id",
                                                                    "mk.keyword_id"
                                                                ],
                                                                "Inner Unique": true,
                                                                "Plans": [
                                                                    {
                                                                        "Node Type": "Merge Join",
                                                                        "Parent Relationship": "Outer",
                                                                        "Parallel Aware": false,
                                                                        "Join Type": "Inner",
                                                                        "Startup Cost": 20000173144.93,
                                                                        "Total Cost": 20000218831.57,
                                                                        "Plan Rows": 3565703,
                                                                        "Plan Width": 28,
                                                                        "Actual Startup Time": 675.715,
                                                                        "Actual Total Time": 999.259,
                                                                        "Actual Rows": 732182,
                                                                        "Actual Loops": 1,
                                                                        "Output": [
                                                                            "mc.movie_id",
                                                                            "mc.company_type_id",
                                                                            "mc.company_id",
                                                                            "mk.movie_id",
                                                                            "mk.keyword_id",
                                                                            "ml.link_type_id",
                                                                            "ml.movie_id"
                                                                        ],
                                                                        "Inner Unique": false,
                                                                        "Merge Cond": "(ml.movie_id = mk.movie_id)",
                                                                        "Plans": [
                                                                            {
                                                                                "Node Type": "Index Scan",
                                                                                "Parent Relationship": "Outer",
                                                                                "Parallel Aware": false,
                                                                                "Scan Direction": "Forward",
                                                                                "Index Name": "movie_id_movie_link",
                                                                                "Relation Name": "movie_link",
                                                                                "Schema": "public",
                                                                                "Alias": "ml",
                                                                                "Startup Cost": 10000000000.29,
                                                                                "Total Cost": 10000001111.51,
                                                                                "Plan Rows": 29997,
                                                                                "Plan Width": 8,
                                                                                "Actual Startup Time": 0.07,
                                                                                "Actual Total Time": 8.552,
                                                                                "Actual Rows": 29997,
                                                                                "Actual Loops": 1,
                                                                                "Output": [
                                                                                    "ml.id",
                                                                                    "ml.movie_id",
                                                                                    "ml.linked_movie_id",
                                                                                    "ml.link_type_id"
                                                                                ]
                                                                            },
                                                                            {
                                                                                "Node Type": "Materialize",
                                                                                "Parent Relationship": "Inner",
                                                                                "Parallel Aware": false,
                                                                                "Startup Cost": 10000173141.12,
                                                                                "Total Cost": 10000563580.6,
                                                                                "Plan Rows": 11826955,
                                                                                "Plan Width": 20,
                                                                                "Actual Startup Time": 675.634,
                                                                                "Actual Total Time": 841.572,
                                                                                "Actual Rows": 805088,
                                                                                "Actual Loops": 1,
                                                                                "Output": [
                                                                                    "mc.movie_id",
                                                                                    "mc.company_type_id",
                                                                                    "mc.company_id",
                                                                                    "mk.movie_id",
                                                                                    "mk.keyword_id"
                                                                                ],
                                                                                "Plans": [
                                                                                    {
                                                                                        "Node Type": "Merge Join",
                                                                                        "Parent Relationship": "Outer",
                                                                                        "Parallel Aware": false,
                                                                                        "Join Type": "Inner",
                                                                                        "Startup Cost": 10000173141.12,
                                                                                        "Total Cost": 10000534013.21,
                                                                                        "Plan Rows": 11826955,
                                                                                        "Plan Width": 20,
                                                                                        "Actual Startup Time": 675.62,
                                                                                        "Actual Total Time": 729.543,
                                                                                        "Actual Rows": 112587,
                                                                                        "Actual Loops": 1,
                                                                                        "Output": [
                                                                                            "mc.movie_id",
                                                                                            "mc.company_type_id",
                                                                                            "mc.company_id",
                                                                                            "mk.movie_id",
                                                                                            "mk.keyword_id"
                                                                                        ],
                                                                                        "Inner Unique": false,
                                                                                        "Merge Cond": "(mc.movie_id = mk.movie_id)",
                                                                                        "Plans": [
                                                                                            {
                                                                                                "Node Type": "Sort",
                                                                                                "Parent Relationship": "Outer",
                                                                                                "Parallel Aware": false,
                                                                                                "Startup Cost": 10000173139.97,
                                                                                                "Total Cost": 10000176303.54,
                                                                                                "Plan Rows": 1265428,
                                                                                                "Plan Width": 12,
                                                                                                "Actual Startup Time": 675.552,
                                                                                                "Actual Total Time": 677.96,
                                                                                                "Actual Rows": 49158,
                                                                                                "Actual Loops": 1,
                                                                                                "Output": [
                                                                                                    "mc.movie_id",
                                                                                                    "mc.company_type_id",
                                                                                                    "mc.company_id"
                                                                                                ],
                                                                                                "Sort Key": [
                                                                                                    "mc.movie_id"
                                                                                                ],
                                                                                                "Sort Method": "quicksort",
                                                                                                "Sort Space Used": 108777,
                                                                                                "Sort Space Type": "Memory",
                                                                                                "Plans": [
                                                                                                    {
                                                                                                        "Node Type": "Seq Scan",
                                                                                                        "Parent Relationship": "Outer",
                                                                                                        "Parallel Aware": false,
                                                                                                        "Relation Name": "movie_companies",
                                                                                                        "Schema": "public",
                                                                                                        "Alias": "mc",
                                                                                                        "Startup Cost": 10000000000.0,
                                                                                                        "Total Cost": 10000044881.29,
                                                                                                        "Plan Rows": 1265428,
                                                                                                        "Plan Width": 12,
                                                                                                        "Actual Startup Time": 0.028,
                                                                                                        "Actual Total Time": 417.541,
                                                                                                        "Actual Rows": 1271989,
                                                                                                        "Actual Loops": 1,
                                                                                                        "Output": [
                                                                                                            "mc.movie_id",
                                                                                                            "mc.company_type_id",
                                                                                                            "mc.company_id"
                                                                                                        ],
                                                                                                        "Filter": "(mc.note IS NULL)",
                                                                                                        "Rows Removed by Filter": 1337140
                                                                                                    }
                                                                                                ]
                                                                                            },
                                                                                            {
                                                                                                "Node Type": "Materialize",
                                                                                                "Parent Relationship": "Inner",
                                                                                                "Parallel Aware": false,
                                                                                                "Startup Cost": 0.43,
                                                                                                "Total Cost": 188487.28,
                                                                                                "Plan Rows": 4523930,
                                                                                                "Plan Width": 8,
                                                                                                "Actual Startup Time": 0.061,
                                                                                                "Actual Total Time": 29.475,
                                                                                                "Actual Rows": 150507,
                                                                                                "Actual Loops": 1,
                                                                                                "Output": [
                                                                                                    "mk.id",
                                                                                                    "mk.movie_id",
                                                                                                    "mk.keyword_id"
                                                                                                ],
                                                                                                "Plans": [
                                                                                                    {
                                                                                                        "Node Type": "Index Scan",
                                                                                                        "Parent Relationship": "Outer",
                                                                                                        "Parallel Aware": false,
                                                                                                        "Scan Direction": "Forward",
                                                                                                        "Index Name": "movie_id_movie_keyword",
                                                                                                        "Relation Name": "movie_keyword",
                                                                                                        "Schema": "public",
                                                                                                        "Alias": "mk",
                                                                                                        "Startup Cost": 0.43,
                                                                                                        "Total Cost": 177177.46,
                                                                                                        "Plan Rows": 4523930,
                                                                                                        "Plan Width": 8,
                                                                                                        "Actual Startup Time": 0.044,
                                                                                                        "Actual Total Time": 15.173,
                                                                                                        "Actual Rows": 97855,
                                                                                                        "Actual Loops": 1,
                                                                                                        "Output": [
                                                                                                            "mk.id",
                                                                                                            "mk.movie_id",
                                                                                                            "mk.keyword_id"
                                                                                                        ]
                                                                                                    }
                                                                                                ]
                                                                                            }
                                                                                        ]
                                                                                    }
                                                                                ]
                                                                            }
                                                                        ]
                                                                    },
                                                                    {
                                                                        "Node Type": "Bitmap Heap Scan",
                                                                        "Parent Relationship": "Inner",
                                                                        "Parallel Aware": false,
                                                                        "Relation Name": "link_type",
                                                                        "Schema": "public",
                                                                        "Alias": "lt",
                                                                        "Startup Cost": 0.15,
                                                                        "Total Cost": 4.16,
                                                                        "Plan Rows": 1,
                                                                        "Plan Width": 16,
                                                                        "Actual Startup Time": 0.002,
                                                                        "Actual Total Time": 0.002,
                                                                        "Actual Rows": 0,
                                                                        "Actual Loops": 732182,
                                                                        "Output": [
                                                                            "lt.id",
                                                                            "lt.link"
                                                                        ],
                                                                        "Recheck Cond": "(lt.id = ml.link_type_id)",
                                                                        "Rows Removed by Index Recheck": 0,
                                                                        "Filter": "((lt.link)::text ~~ '%follow%'::text)",
                                                                        "Rows Removed by Filter": 1,
                                                                        "Exact Heap Blocks": 732182,
                                                                        "Lossy Heap Blocks": 0,
                                                                        "Plans": [
                                                                            {
                                                                                "Node Type": "Bitmap Index Scan",
                                                                                "Parent Relationship": "Outer",
                                                                                "Parallel Aware": false,
                                                                                "Index Name": "link_type_pkey",
                                                                                "Startup Cost": 0.0,
                                                                                "Total Cost": 0.15,
                                                                                "Plan Rows": 1,
                                                                                "Plan Width": 0,
                                                                                "Actual Startup Time": 0.001,
                                                                                "Actual Total Time": 0.001,
                                                                                "Actual Rows": 1,
                                                                                "Actual Loops": 732182,
                                                                                "Index Cond": "(lt.id = ml.link_type_id)"
                                                                            }
                                                                        ]
                                                                    }
                                                                ]
                                                            }
                                                        ]
                                                    }
                                                ]
                                            },
                                            {
                                                "Node Type": "Hash",
                                                "Parent Relationship": "Inner",
                                                "Parallel Aware": false,
                                                "Startup Cost": 10000002626.12,
                                                "Total Cost": 10000002626.12,
                                                "Plan Rows": 1,
                                                "Plan Width": 4,
                                                "Actual Startup Time": 19.538,
                                                "Actual Total Time": 19.539,
                                                "Actual Rows": 1,
                                                "Actual Loops": 1,
                                                "Output": [
                                                    "k.id"
                                                ],
                                                "Hash Buckets": 1024,
                                                "Original Hash Buckets": 1024,
                                                "Hash Batches": 1,
                                                "Original Hash Batches": 1,
                                                "Peak Memory Usage": 9,
                                                "Plans": [
                                                    {
                                                        "Node Type": "Seq Scan",
                                                        "Parent Relationship": "Outer",
                                                        "Parallel Aware": false,
                                                        "Relation Name": "keyword",
                                                        "Schema": "public",
                                                        "Alias": "k",
                                                        "Startup Cost": 10000000000.0,
                                                        "Total Cost": 10000002626.12,
                                                        "Plan Rows": 1,
                                                        "Plan Width": 4,
                                                        "Actual Startup Time": 1.591,
                                                        "Actual Total Time": 19.531,
                                                        "Actual Rows": 1,
                                                        "Actual Loops": 1,
                                                        "Output": [
                                                            "k.id"
                                                        ],
                                                        "Filter": "(k.keyword = 'sequel'::text)",
                                                        "Rows Removed by Filter": 134169
                                                    }
                                                ]
                                            }
                                        ]
                                    }
                                ]
                            }
                        ]
                    },
                    {
                        "Node Type": "Bitmap Heap Scan",
                        "Parent Relationship": "Inner",
                        "Parallel Aware": false,
                        "Relation Name": "company_type",
                        "Schema": "public",
                        "Alias": "ct",
                        "Startup Cost": 0.14,
                        "Total Cost": 4.15,
                        "Plan Rows": 1,
                        "Plan Width": 4,
                        "Actual Startup Time": 0.002,
                        "Actual Total Time": 0.002,
                        "Actual Rows": 1,
                        "Actual Loops": 1594,
                        "Output": [
                            "ct.id",
                            "ct.kind"
                        ],
                        "Recheck Cond": "(ct.id = mc.company_type_id)",
                        "Rows Removed by Index Recheck": 0,
                        "Filter": "((ct.kind)::text = 'production companies'::text)",
                        "Rows Removed by Filter": 0,
                        "Exact Heap Blocks": 1594,
                        "Lossy Heap Blocks": 0,
                        "Plans": [
                            {
                                "Node Type": "Bitmap Index Scan",
                                "Parent Relationship": "Outer",
                                "Parallel Aware": false,
                                "Index Name": "company_type_pkey",
                                "Startup Cost": 0.0,
                                "Total Cost": 0.14,
                                "Plan Rows": 1,
                                "Plan Width": 0,
                                "Actual Startup Time": 0.001,
                                "Actual Total Time": 0.001,
                                "Actual Rows": 1,
                                "Actual Loops": 1594,
                                "Index Cond": "(ct.id = mc.company_type_id)"
                            }
                        ]
                    }
                ]
            }
        ]
    },
    "Planning Time": 12.926,
    "Triggers": [],
    "Execution Time": 16740.881
}