[
    {
        "Bao": {
            "Bao prediction": "NaN",
            "Bao recommended hint": "(no hint)"
        }
    },
    {
        "Plan": {
            "Node Type": "Aggregate",
            "Strategy": "Plain",
            "Partial Mode": "Finalize",
            "Parallel Aware": false,
            "Startup Cost": 325288.76,
            "Total Cost": 325288.77,
            "Plan Rows": 1,
            "Plan Width": 8,
            "Actual Startup Time": 275.699,
            "Actual Total Time": 283.026,
            "Actual Rows": 1,
            "Actual Loops": 1,
            "Output": [
                "count(*)"
            ],
            "Plans": [
                {
                    "Node Type": "Gather",
                    "Parent Relationship": "Outer",
                    "Parallel Aware": false,
                    "Startup Cost": 325288.13,
                    "Total Cost": 325288.74,
                    "Plan Rows": 6,
                    "Plan Width": 8,
                    "Actual Startup Time": 274.633,
                    "Actual Total Time": 283.019,
                    "Actual Rows": 7,
                    "Actual Loops": 1,
                    "Output": [
                        "(PARTIAL count(*))"
                    ],
                    "Workers Planned": 6,
                    "Workers Launched": 6,
                    "Single Copy": false,
                    "Plans": [
                        {
                            "Node Type": "Aggregate",
                            "Strategy": "Plain",
                            "Partial Mode": "Partial",
                            "Parent Relationship": "Outer",
                            "Parallel Aware": false,
                            "Startup Cost": 324288.13,
                            "Total Cost": 324288.14,
                            "Plan Rows": 1,
                            "Plan Width": 8,
                            "Actual Startup Time": 264.263,
                            "Actual Total Time": 264.264,
                            "Actual Rows": 1,
                            "Actual Loops": 7,
                            "Output": [
                                "PARTIAL count(*)"
                            ],
                            "Workers": [
                                {
                                    "Worker Number": 0,
                                    "Actual Startup Time": 261.902,
                                    "Actual Total Time": 261.903,
                                    "Actual Rows": 1,
                                    "Actual Loops": 1
                                },
                                {
                                    "Worker Number": 1,
                                    "Actual Startup Time": 262.355,
                                    "Actual Total Time": 262.356,
                                    "Actual Rows": 1,
                                    "Actual Loops": 1
                                },
                                {
                                    "Worker Number": 2,
                                    "Actual Startup Time": 262.519,
                                    "Actual Total Time": 262.521,
                                    "Actual Rows": 1,
                                    "Actual Loops": 1
                                },
                                {
                                    "Worker Number": 3,
                                    "Actual Startup Time": 262.849,
                                    "Actual Total Time": 262.85,
                                    "Actual Rows": 1,
                                    "Actual Loops": 1
                                },
                                {
                                    "Worker Number": 4,
                                    "Actual Startup Time": 263.034,
                                    "Actual Total Time": 263.036,
                                    "Actual Rows": 1,
                                    "Actual Loops": 1
                                },
                                {
                                    "Worker Number": 5,
                                    "Actual Startup Time": 263.227,
                                    "Actual Total Time": 263.228,
                                    "Actual Rows": 1,
                                    "Actual Loops": 1
                                }
                            ],
                            "Plans": [
                                {
                                    "Node Type": "Bitmap Heap Scan",
                                    "Parent Relationship": "Outer",
                                    "Parallel Aware": true,
                                    "Relation Name": "cast_info",
                                    "Schema": "public",
                                    "Alias": "ci",
                                    "Startup Cost": 64318.07,
                                    "Total Cost": 323074.29,
                                    "Plan Rows": 485538,
                                    "Plan Width": 0,
                                    "Actual Startup Time": 133.022,
                                    "Actual Total Time": 239.06,
                                    "Actual Rows": 423328,
                                    "Actual Loops": 7,
                                    "Recheck Cond": "(ci.person_id < 288476)",
                                    "Rows Removed by Index Recheck": 0,
                                    "Exact Heap Blocks": 7324,
                                    "Lossy Heap Blocks": 0,
                                    "Workers": [
                                        {
                                            "Worker Number": 0,
                                            "Actual Startup Time": 130.987,
                                            "Actual Total Time": 237.2,
                                            "Actual Rows": 430924,
                                            "Actual Loops": 1
                                        },
                                        {
                                            "Worker Number": 1,
                                            "Actual Startup Time": 131.238,
                                            "Actual Total Time": 238.241,
                                            "Actual Rows": 446075,
                                            "Actual Loops": 1
                                        },
                                        {
                                            "Worker Number": 2,
                                            "Actual Startup Time": 131.237,
                                            "Actual Total Time": 237.893,
                                            "Actual Rows": 315189,
                                            "Actual Loops": 1
                                        },
                                        {
                                            "Worker Number": 3,
                                            "Actual Startup Time": 131.608,
                                            "Actual Total Time": 238.613,
                                            "Actual Rows": 424919,
                                            "Actual Loops": 1
                                        },
                                        {
                                            "Worker Number": 4,
                                            "Actual Startup Time": 131.84,
                                            "Actual Total Time": 238.359,
                                            "Actual Rows": 322359,
                                            "Actual Loops": 1
                                        },
                                        {
                                            "Worker Number": 5,
                                            "Actual Startup Time": 131.96,
                                            "Actual Total Time": 238.529,
                                            "Actual Rows": 315000,
                                            "Actual Loops": 1
                                        }
                                    ],
                                    "Plans": [
                                        {
                                            "Node Type": "Bitmap Index Scan",
                                            "Parent Relationship": "Outer",
                                            "Parallel Aware": false,
                                            "Index Name": "person_id_cast_info",
                                            "Startup Cost": 0.0,
                                            "Total Cost": 63589.76,
                                            "Plan Rows": 2913226,
                                            "Plan Width": 0,
                                            "Actual Startup Time": 137.381,
                                            "Actual Total Time": 137.381,
                                            "Actual Rows": 2963296,
                                            "Actual Loops": 1,
                                            "Index Cond": "(ci.person_id < 288476)"
                                        }
                                    ]
                                }
                            ]
                        }
                    ]
                }
            ]
        },
        "Planning Time": 190.148,
        "Triggers": [],
        "Execution Time": 283.115
    }
]