[
  {
    "Plan": {
      "Node Type": "Aggregate",
      "Strategy": "Plain",
      "Partial Mode": "Finalize",
      "Parallel Aware": false,
      "Startup Cost": 236853.23,
      "Total Cost": 236853.24,
      "Plan Rows": 1,
      "Plan Width": 8,
      "Actual Startup Time": 1448.629,
      "Actual Total Time": 1496.174,
      "Actual Rows": 1,
      "Actual Loops": 1,
      "Plans": [
        {
          "Node Type": "Gather",
          "Parent Relationship": "Outer",
          "Parallel Aware": false,
          "Startup Cost": 236852.71,
          "Total Cost": 236853.22,
          "Plan Rows": 5,
          "Plan Width": 8,
          "Actual Startup Time": 1444.071,
          "Actual Total Time": 1496.163,
          "Actual Rows": 6,
          "Actual Loops": 1,
          "Workers Planned": 5,
          "Workers Launched": 5,
          "Single Copy": false,
          "Plans": [
            {
              "Node Type": "Aggregate",
              "Strategy": "Plain",
              "Partial Mode": "Partial",
              "Parent Relationship": "Outer",
              "Parallel Aware": false,
              "Startup Cost": 235852.71,
              "Total Cost": 235852.72,
              "Plan Rows": 1,
              "Plan Width": 8,
              "Actual Startup Time": 1437.85,
              "Actual Total Time": 1437.852,
              "Actual Rows": 1,
              "Actual Loops": 6,
              "Plans": [
                {
                  "Node Type": "Nested Loop",
                  "Parent Relationship": "Outer",
                  "Parallel Aware": false,
                  "Join Type": "Inner",
                  "Startup Cost": 95681.41,
                  "Total Cost": 235250.51,
                  "Plan Rows": 240878,
                  "Plan Width": 0,
                  "Actual Startup Time": 353.469,
                  "Actual Total Time": 1365.241,
                  "Actual Rows": 1650396,
                  "Actual Loops": 6,
                  "Inner Unique": false,
                  "Join Filter": "(t.id = mi.movie_id)",
                  "Rows Removed by Join Filter": 0,
                  "Plans": [
                    {
                      "Node Type": "Merge Join",
                      "Parent Relationship": "Outer",
                      "Parallel Aware": false,
                      "Join Type": "Inner",
                      "Startup Cost": 95680.97,
                      "Total Cost": 141239.02,
                      "Plan Rows": 41024,
                      "Plan Width": 8,
                      "Actual Startup Time": 353.354,
                      "Actual Total Time": 536.662,
                      "Actual Rows": 79455,
                      "Actual Loops": 6,
                      "Inner Unique": true,
                      "Merge Cond": "(mi_idx.movie_id = t.id)",
                      "Plans": [
                        {
                          "Node Type": "Index Only Scan",
                          "Parent Relationship": "Outer",
                          "Parallel Aware": true,
                          "Scan Direction": "Forward",
                          "Index Name": "movie_id_movie_info_idx",
                          "Relation Name": "movie_info_idx",
                          "Alias": "mi_idx",
                          "Startup Cost": 0.43,
                          "Total Cost": 42581.41,
                          "Plan Rows": 276007,
                          "Plan Width": 4,
                          "Actual Startup Time": 0.121,
                          "Actual Total Time": 57.772,
                          "Actual Rows": 230006,
                          "Actual Loops": 6,
                          "Heap Fetches": 1380035
                        },
                        {
                          "Node Type": "Sort",
                          "Parent Relationship": "Inner",
                          "Parallel Aware": false,
                          "Startup Cost": 95680.32,
                          "Total Cost": 96619.84,
                          "Plan Rows": 375807,
                          "Plan Width": 4,
                          "Actual Startup Time": 353.199,
                          "Actual Total Time": 424.415,
                          "Actual Rows": 460290,
                          "Actual Loops": 6,
                          "Sort Key": [
                            "t.id"
                          ],
                          "Sort Method": "quicksort",
                          "Sort Space Used": 33915,
                          "Sort Space Type": "Memory",
                          "Workers": [
                            {
                              "Worker Number": 0,
                              "Sort Method": "quicksort",
                              "Sort Space Used": 33915,
                              "Sort Space Type": "Memory"
                            },
                            {
                              "Worker Number": 1,
                              "Sort Method": "quicksort",
                              "Sort Space Used": 33915,
                              "Sort Space Type": "Memory"
                            },
                            {
                              "Worker Number": 2,
                              "Sort Method": "quicksort",
                              "Sort Space Used": 33915,
                              "Sort Space Type": "Memory"
                            },
                            {
                              "Worker Number": 3,
                              "Sort Method": "quicksort",
                              "Sort Space Used": 33915,
                              "Sort Space Type": "Memory"
                            },
                            {
                              "Worker Number": 4,
                              "Sort Method": "quicksort",
                              "Sort Space Used": 33915,
                              "Sort Space Type": "Memory"
                            }
                          ],
                          "Plans": [
                            {
                              "Node Type": "Bitmap Heap Scan",
                              "Parent Relationship": "Outer",
                              "Parallel Aware": false,
                              "Relation Name": "title",
                              "Alias": "t",
                              "Startup Cost": 13554.68,
                              "Total Cost": 60881.28,
                              "Plan Rows": 375807,
                              "Plan Width": 4,
                              "Actual Startup Time": 46.606,
                              "Actual Total Time": 221.051,
                              "Actual Rows": 461364,
                              "Actual Loops": 6,
                              "Recheck Cond": "(kind_id < 3)",
                              "Rows Removed by Index Recheck": 0,
                              "Filter": "(production_year < 2004)",
                              "Rows Removed by Filter": 292313,
                              "Exact Heap Blocks": 35470,
                              "Lossy Heap Blocks": 0,
                              "Plans": [
                                {
                                  "Node Type": "Bitmap Index Scan",
                                  "Parent Relationship": "Outer",
                                  "Parallel Aware": false,
                                  "Index Name": "kind_id_title",
                                  "Startup Cost": 0.0,
                                  "Total Cost": 13460.73,
                                  "Plan Rows": 755240,
                                  "Plan Width": 0,
                                  "Actual Startup Time": 41.647,
                                  "Actual Total Time": 41.647,
                                  "Actual Rows": 753677,
                                  "Actual Loops": 6,
                                  "Index Cond": "(kind_id < 3)"
                                }
                              ]
                            }
                          ]
                        }
                      ]
                    },
                    {
                      "Node Type": "Index Only Scan",
                      "Parent Relationship": "Inner",
                      "Parallel Aware": false,
                      "Scan Direction": "Forward",
                      "Index Name": "movie_id_movie_info",
                      "Relation Name": "movie_info",
                      "Alias": "mi",
                      "Startup Cost": 0.43,
                      "Total Cost": 1.78,
                      "Plan Rows": 41,
                      "Plan Width": 4,
                      "Actual Startup Time": 0.003,
                      "Actual Total Time": 0.008,
                      "Actual Rows": 21,
                      "Actual Loops": 476728,
                      "Index Cond": "(movie_id = mi_idx.movie_id)",
                      "Rows Removed by Index Recheck": 0,
                      "Heap Fetches": 9902374
                    }
                  ]
                }
              ]
            }
          ]
        }
      ]
    },
    "Planning Time": 0.537,
    "Triggers": [],
    "Execution Time": 1502.404
  }
]