[
  {
    "Plan": {
      "Node Type": "Aggregate",
      "Strategy": "Plain",
      "Partial Mode": "Finalize",
      "Parallel Aware": false,
      "Startup Cost": 78978.76,
      "Total Cost": 78978.77,
      "Plan Rows": 1,
      "Plan Width": 8,
      "Actual Startup Time": 228.825,
      "Actual Total Time": 245.715,
      "Actual Rows": 1,
      "Actual Loops": 1,
      "Plans": [
        {
          "Node Type": "Gather",
          "Parent Relationship": "Outer",
          "Parallel Aware": false,
          "Startup Cost": 78978.44,
          "Total Cost": 78978.75,
          "Plan Rows": 3,
          "Plan Width": 8,
          "Actual Startup Time": 227.922,
          "Actual Total Time": 245.707,
          "Actual Rows": 4,
          "Actual Loops": 1,
          "Workers Planned": 3,
          "Workers Launched": 3,
          "Single Copy": false,
          "Plans": [
            {
              "Node Type": "Aggregate",
              "Strategy": "Plain",
              "Partial Mode": "Partial",
              "Parent Relationship": "Outer",
              "Parallel Aware": false,
              "Startup Cost": 77978.44,
              "Total Cost": 77978.45,
              "Plan Rows": 1,
              "Plan Width": 8,
              "Actual Startup Time": 219.178,
              "Actual Total Time": 219.181,
              "Actual Rows": 1,
              "Actual Loops": 4,
              "Plans": [
                {
                  "Node Type": "Hash Join",
                  "Parent Relationship": "Outer",
                  "Parallel Aware": true,
                  "Join Type": "Inner",
                  "Startup Cost": 45598.62,
                  "Total Cost": 77964.79,
                  "Plan Rows": 5460,
                  "Plan Width": 0,
                  "Actual Startup Time": 178.473,
                  "Actual Total Time": 218.316,
                  "Actual Rows": 17681,
                  "Actual Loops": 4,
                  "Inner Unique": true,
                  "Hash Cond": "(mc.movie_id = t.id)",
                  "Plans": [
                    {
                      "Node Type": "Seq Scan",
                      "Parent Relationship": "Outer",
                      "Parallel Aware": true,
                      "Relation Name": "movie_companies",
                      "Alias": "mc",
                      "Startup Cost": 0.0,
                      "Total Cost": 31414.82,
                      "Plan Rows": 362420,
                      "Plan Width": 4,
                      "Actual Startup Time": 33.911,
                      "Actual Total Time": 71.954,
                      "Actual Rows": 231843,
                      "Actual Loops": 4,
                      "Filter": "((company_id < 81316) AND (company_type_id = 2))",
                      "Rows Removed by Filter": 420439
                    },
                    {
                      "Node Type": "Hash",
                      "Parent Relationship": "Inner",
                      "Parallel Aware": true,
                      "Startup Cost": 45479.59,
                      "Total Cost": 45479.59,
                      "Plan Rows": 9523,
                      "Plan Width": 4,
                      "Actual Startup Time": 113.586,
                      "Actual Total Time": 113.587,
                      "Actual Rows": 25994,
                      "Actual Loops": 4,
                      "Hash Buckets": 131072,
                      "Original Hash Buckets": 65536,
                      "Hash Batches": 1,
                      "Original Hash Batches": 1,
                      "Peak Memory Usage": 5664,
                      "Plans": [
                        {
                          "Node Type": "Seq Scan",
                          "Parent Relationship": "Outer",
                          "Parallel Aware": true,
                          "Relation Name": "title",
                          "Alias": "t",
                          "Startup Cost": 0.0,
                          "Total Cost": 45479.59,
                          "Plan Rows": 9523,
                          "Plan Width": 4,
                          "Actual Startup Time": 63.406,
                          "Actual Total Time": 101.266,
                          "Actual Rows": 25994,
                          "Actual Loops": 4,
                          "Filter": "((kind_id < 7) AND (production_year < 1926))",
                          "Rows Removed by Filter": 606084
                        }
                      ]
                    }
                  ]
                }
              ]
            }
          ]
        }
      ]
    },
    "Planning Time": 0.699,
    "Triggers": [],
    "Execution Time": 245.782
  }
]