[
  {
    "Plan": {
      "Node Type": "Aggregate",
      "Strategy": "Plain",
      "Partial Mode": "Finalize",
      "Parallel Aware": false,
      "Startup Cost": 362849.31,
      "Total Cost": 362849.32,
      "Plan Rows": 1,
      "Plan Width": 8,
      "Actual Startup Time": 1112.016,
      "Actual Total Time": 1146.719,
      "Actual Rows": 1,
      "Actual Loops": 1,
      "Plans": [
        {
          "Node Type": "Gather",
          "Parent Relationship": "Outer",
          "Parallel Aware": false,
          "Startup Cost": 362848.69,
          "Total Cost": 362849.3,
          "Plan Rows": 6,
          "Plan Width": 8,
          "Actual Startup Time": 1097.17,
          "Actual Total Time": 1146.709,
          "Actual Rows": 7,
          "Actual Loops": 1,
          "Workers Planned": 6,
          "Workers Launched": 6,
          "Single Copy": false,
          "Plans": [
            {
              "Node Type": "Aggregate",
              "Strategy": "Plain",
              "Partial Mode": "Partial",
              "Parent Relationship": "Outer",
              "Parallel Aware": false,
              "Startup Cost": 361848.69,
              "Total Cost": 361848.7,
              "Plan Rows": 1,
              "Plan Width": 8,
              "Actual Startup Time": 1079.705,
              "Actual Total Time": 1079.711,
              "Actual Rows": 1,
              "Actual Loops": 7,
              "Plans": [
                {
                  "Node Type": "Hash Join",
                  "Parent Relationship": "Outer",
                  "Parallel Aware": true,
                  "Join Type": "Inner",
                  "Startup Cost": 98497.66,
                  "Total Cost": 359103.55,
                  "Plan Rows": 1098055,
                  "Plan Width": 0,
                  "Actual Startup Time": 406.528,
                  "Actual Total Time": 1034.028,
                  "Actual Rows": 847397,
                  "Actual Loops": 7,
                  "Inner Unique": false,
                  "Hash Cond": "(ci.movie_id = t.id)",
                  "Plans": [
                    {
                      "Node Type": "Index Scan",
                      "Parent Relationship": "Outer",
                      "Parallel Aware": true,
                      "Scan Direction": "Forward",
                      "Index Name": "role_id_cast_info",
                      "Relation Name": "cast_info",
                      "Alias": "ci",
                      "Startup Cost": 0.56,
                      "Total Cost": 251131.25,
                      "Plan Rows": 1582158,
                      "Plan Width": 4,
                      "Actual Startup Time": 0.079,
                      "Actual Total Time": 283.339,
                      "Actual Rows": 1340672,
                      "Actual Loops": 7,
                      "Index Cond": "(role_id > 4)",
                      "Rows Removed by Index Recheck": 0
                    },
                    {
                      "Node Type": "Hash",
                      "Parent Relationship": "Inner",
                      "Parallel Aware": true,
                      "Startup Cost": 91421.7,
                      "Total Cost": 91421.7,
                      "Plan Rows": 566031,
                      "Plan Width": 8,
                      "Actual Startup Time": 399.871,
                      "Actual Total Time": 399.875,
                      "Actual Rows": 62294,
                      "Actual Loops": 7,
                      "Hash Buckets": 2097152,
                      "Original Hash Buckets": 2097152,
                      "Hash Batches": 1,
                      "Original Hash Batches": 1,
                      "Peak Memory Usage": 33568,
                      "Plans": [
                        {
                          "Node Type": "Hash Join",
                          "Parent Relationship": "Outer",
                          "Parallel Aware": true,
                          "Join Type": "Inner",
                          "Startup Cost": 48543.62,
                          "Total Cost": 91421.7,
                          "Plan Rows": 566031,
                          "Plan Width": 8,
                          "Actual Startup Time": 207.571,
                          "Actual Total Time": 366.753,
                          "Actual Rows": 62294,
                          "Actual Loops": 7,
                          "Inner Unique": true,
                          "Hash Cond": "(mk.movie_id = t.id)",
                          "Plans": [
                            {
                              "Node Type": "Seq Scan",
                              "Parent Relationship": "Outer",
                              "Parallel Aware": true,
                              "Relation Name": "movie_keyword",
                              "Alias": "mk",
                              "Startup Cost": 0.0,
                              "Total Cost": 39047.32,
                              "Plan Rows": 1459332,
                              "Plan Width": 4,
                              "Actual Startup Time": 0.031,
                              "Actual Total Time": 72.697,
                              "Actual Rows": 646276,
                              "Actual Loops": 7
                            },
                            {
                              "Node Type": "Hash",
                              "Parent Relationship": "Inner",
                              "Parallel Aware": true,
                              "Startup Cost": 45479.1,
                              "Total Cost": 45479.1,
                              "Plan Rows": 245162,
                              "Plan Width": 4,
                              "Actual Startup Time": 206.243,
                              "Actual Total Time": 206.245,
                              "Actual Rows": 153499,
                              "Actual Loops": 7,
                              "Hash Buckets": 2097152,
                              "Original Hash Buckets": 1048576,
                              "Hash Batches": 1,
                              "Original Hash Batches": 1,
                              "Peak Memory Usage": 66720,
                              "Plans": [
                                {
                                  "Node Type": "Seq Scan",
                                  "Parent Relationship": "Outer",
                                  "Parallel Aware": true,
                                  "Relation Name": "title",
                                  "Alias": "t",
                                  "Startup Cost": 0.0,
                                  "Total Cost": 45479.1,
                                  "Plan Rows": 245162,
                                  "Plan Width": 4,
                                  "Actual Startup Time": 0.042,
                                  "Actual Total Time": 91.84,
                                  "Actual Rows": 153499,
                                  "Actual Loops": 7,
                                  "Filter": "((production_year > 1995) AND (kind_id = 7))",
                                  "Rows Removed by Filter": 207688
                                }
                              ]
                            }
                          ]
                        }
                      ]
                    }
                  ]
                }
              ]
            }
          ]
        }
      ]
    },
    "Planning Time": 1.379,
    "Triggers": [],
    "Execution Time": 1146.827
  }
]