[
  {
    "Plan": {
      "Node Type": "Aggregate",
      "Strategy": "Plain",
      "Partial Mode": "Finalize",
      "Parallel Aware": false,
      "Startup Cost": 30856.28,
      "Total Cost": 30856.29,
      "Plan Rows": 1,
      "Plan Width": 8,
      "Actual Startup Time": 94.554,
      "Actual Total Time": 102.713,
      "Actual Rows": 1,
      "Actual Loops": 1,
      "Plans": [
        {
          "Node Type": "Gather",
          "Parent Relationship": "Outer",
          "Parallel Aware": false,
          "Startup Cost": 30855.96,
          "Total Cost": 30856.27,
          "Plan Rows": 3,
          "Plan Width": 8,
          "Actual Startup Time": 94.255,
          "Actual Total Time": 102.705,
          "Actual Rows": 4,
          "Actual Loops": 1,
          "Workers Planned": 3,
          "Workers Launched": 3,
          "Single Copy": false,
          "Plans": [
            {
              "Node Type": "Aggregate",
              "Strategy": "Plain",
              "Partial Mode": "Partial",
              "Parent Relationship": "Outer",
              "Parallel Aware": false,
              "Startup Cost": 29855.96,
              "Total Cost": 29855.97,
              "Plan Rows": 1,
              "Plan Width": 8,
              "Actual Startup Time": 85.696,
              "Actual Total Time": 85.697,
              "Actual Rows": 1,
              "Actual Loops": 4,
              "Plans": [
                {
                  "Node Type": "Seq Scan",
                  "Parent Relationship": "Outer",
                  "Parallel Aware": true,
                  "Relation Name": "movie_companies",
                  "Alias": "mc",
                  "Startup Cost": 0.0,
                  "Total Cost": 29310.68,
                  "Plan Rows": 218112,
                  "Plan Width": 0,
                  "Actual Startup Time": 35.366,
                  "Actual Total Time": 78.507,
                  "Actual Rows": 172521,
                  "Actual Loops": 4,
                  "Filter": "(company_id > 47127)",
                  "Rows Removed by Filter": 479761
                }
              ]
            }
          ]
        }
      ]
    },
    "Planning Time": 0.163,
    "Triggers": [],
    "Execution Time": 102.771
  }
]