[
  {
    "Plan": {
      "Node Type": "Aggregate",
      "Strategy": "Plain",
      "Partial Mode": "Finalize",
      "Parallel Aware": false,
      "Startup Cost": 285916.77,
      "Total Cost": 285916.78,
      "Plan Rows": 1,
      "Plan Width": 8,
      "Actual Startup Time": 179.395,
      "Actual Total Time": 187.458,
      "Actual Rows": 1,
      "Actual Loops": 1,
      "Plans": [
        {
          "Node Type": "Gather",
          "Parent Relationship": "Outer",
          "Parallel Aware": false,
          "Startup Cost": 285916.14,
          "Total Cost": 285916.75,
          "Plan Rows": 6,
          "Plan Width": 8,
          "Actual Startup Time": 178.685,
          "Actual Total Time": 187.436,
          "Actual Rows": 7,
          "Actual Loops": 1,
          "Workers Planned": 6,
          "Workers Launched": 6,
          "Single Copy": false,
          "Plans": [
            {
              "Node Type": "Aggregate",
              "Strategy": "Plain",
              "Partial Mode": "Partial",
              "Parent Relationship": "Outer",
              "Parallel Aware": false,
              "Startup Cost": 284916.14,
              "Total Cost": 284916.15,
              "Plan Rows": 1,
              "Plan Width": 8,
              "Actual Startup Time": 170.713,
              "Actual Total Time": 170.716,
              "Actual Rows": 1,
              "Actual Loops": 7,
              "Plans": [
                {
                  "Node Type": "Bitmap Heap Scan",
                  "Parent Relationship": "Outer",
                  "Parallel Aware": true,
                  "Relation Name": "cast_info",
                  "Alias": "ci",
                  "Startup Cost": 28950.95,
                  "Total Cost": 284369.78,
                  "Plan Rows": 218546,
                  "Plan Width": 0,
                  "Actual Startup Time": 97.194,
                  "Actual Total Time": 157.431,
                  "Actual Rows": 194426,
                  "Actual Loops": 7,
                  "Recheck Cond": "(person_id < 135790)",
                  "Rows Removed by Index Recheck": 0,
                  "Exact Heap Blocks": 2782,
                  "Lossy Heap Blocks": 0,
                  "Plans": [
                    {
                      "Node Type": "Bitmap Index Scan",
                      "Parent Relationship": "Outer",
                      "Parallel Aware": false,
                      "Index Name": "person_id_cast_info",
                      "Startup Cost": 0.0,
                      "Total Cost": 28623.13,
                      "Plan Rows": 1311276,
                      "Plan Width": 0,
                      "Actual Startup Time": 100.873,
                      "Actual Total Time": 100.873,
                      "Actual Rows": 1360980,
                      "Actual Loops": 1,
                      "Index Cond": "(person_id < 135790)"
                    }
                  ]
                }
              ]
            }
          ]
        }
      ]
    },
    "Planning Time": 0.107,
    "Triggers": [],
    "Execution Time": 187.516
  }
]