[
    {
        "Bao": {
            "Bao prediction": 475.523,
            "Bao recommended hint": "(no hint)"
        }
    },
    {
        "Plan": {
            "Node Type": "Aggregate",
            "Strategy": "Plain",
            "Partial Mode": "Finalize",
            "Parallel Aware": false,
            "Startup Cost": 117135.06,
            "Total Cost": 117135.07,
            "Plan Rows": 1,
            "Plan Width": 8,
            "Actual Startup Time": 196.218,
            "Actual Total Time": 206.378,
            "Actual Rows": 1,
            "Actual Loops": 1,
            "Output": [
                "count(*)"
            ],
            "Plans": [
                {
                    "Node Type": "Gather",
                    "Parent Relationship": "Outer",
                    "Parallel Aware": false,
                    "Startup Cost": 117134.54,
                    "Total Cost": 117135.05,
                    "Plan Rows": 5,
                    "Plan Width": 8,
                    "Actual Startup Time": 196.157,
                    "Actual Total Time": 206.369,
                    "Actual Rows": 6,
                    "Actual Loops": 1,
                    "Output": [
                        "(PARTIAL count(*))"
                    ],
                    "Workers Planned": 5,
                    "Workers Launched": 5,
                    "Single Copy": false,
                    "Plans": [
                        {
                            "Node Type": "Aggregate",
                            "Strategy": "Plain",
                            "Partial Mode": "Partial",
                            "Parent Relationship": "Outer",
                            "Parallel Aware": false,
                            "Startup Cost": 116134.54,
                            "Total Cost": 116134.55,
                            "Plan Rows": 1,
                            "Plan Width": 8,
                            "Actual Startup Time": 187.099,
                            "Actual Total Time": 187.1,
                            "Actual Rows": 1,
                            "Actual Loops": 6,
                            "Output": [
                                "PARTIAL count(*)"
                            ],
                            "Workers": [
                                {
                                    "Worker Number": 0,
                                    "Actual Startup Time": 185.15,
                                    "Actual Total Time": 185.151,
                                    "Actual Rows": 1,
                                    "Actual Loops": 1
                                },
                                {
                                    "Worker Number": 1,
                                    "Actual Startup Time": 185.365,
                                    "Actual Total Time": 185.366,
                                    "Actual Rows": 1,
                                    "Actual Loops": 1
                                },
                                {
                                    "Worker Number": 2,
                                    "Actual Startup Time": 185.451,
                                    "Actual Total Time": 185.453,
                                    "Actual Rows": 1,
                                    "Actual Loops": 1
                                },
                                {
                                    "Worker Number": 3,
                                    "Actual Startup Time": 185.686,
                                    "Actual Total Time": 185.688,
                                    "Actual Rows": 1,
                                    "Actual Loops": 1
                                },
                                {
                                    "Worker Number": 4,
                                    "Actual Startup Time": 185.584,
                                    "Actual Total Time": 185.585,
                                    "Actual Rows": 1,
                                    "Actual Loops": 1
                                }
                            ],
                            "Plans": [
                                {
                                    "Node Type": "Index Scan",
                                    "Parent Relationship": "Outer",
                                    "Parallel Aware": true,
                                    "Scan Direction": "Forward",
                                    "Index Name": "role_id_cast_info",
                                    "Relation Name": "cast_info",
                                    "Schema": "public",
                                    "Alias": "ci",
                                    "Startup Cost": 0.56,
                                    "Total Cost": 115696.32,
                                    "Plan Rows": 175291,
                                    "Plan Width": 0,
                                    "Actual Startup Time": 0.135,
                                    "Actual Total Time": 182.982,
                                    "Actual Rows": 50051,
                                    "Actual Loops": 6,
                                    "Output": [
                                        "id",
                                        "person_id",
                                        "movie_id",
                                        "person_role_id",
                                        "note",
                                        "nr_order",
                                        "role_id"
                                    ],
                                    "Index Cond": "(ci.role_id = 10)",
                                    "Rows Removed by Index Recheck": 0,
                                    "Filter": "(ci.person_id < 748531)",
                                    "Rows Removed by Filter": 670452,
                                    "Workers": [
                                        {
                                            "Worker Number": 0,
                                            "Actual Startup Time": 0.148,
                                            "Actual Total Time": 181.049,
                                            "Actual Rows": 50170,
                                            "Actual Loops": 1
                                        },
                                        {
                                            "Worker Number": 1,
                                            "Actual Startup Time": 0.151,
                                            "Actual Total Time": 181.58,
                                            "Actual Rows": 45785,
                                            "Actual Loops": 1
                                        },
                                        {
                                            "Worker Number": 2,
                                            "Actual Startup Time": 0.185,
                                            "Actual Total Time": 181.401,
                                            "Actual Rows": 48003,
                                            "Actual Loops": 1
                                        },
                                        {
                                            "Worker Number": 3,
                                            "Actual Startup Time": 0.126,
                                            "Actual Total Time": 181.714,
                                            "Actual Rows": 48540,
                                            "Actual Loops": 1
                                        },
                                        {
                                            "Worker Number": 4,
                                            "Actual Startup Time": 0.123,
                                            "Actual Total Time": 181.51,
                                            "Actual Rows": 48899,
                                            "Actual Loops": 1
                                        }
                                    ]
                                }
                            ]
                        }
                    ]
                }
            ]
        },
        "Planning Time": 489.083,
        "Triggers": [],
        "Execution Time": 206.464
    }
]