{
    "Plan": {
        "Node Type": "Aggregate",
        "Strategy": "Plain",
        "Partial Mode": "Finalize",
        "Parallel Aware": false,
        "Startup Cost": 102055.3,
        "Total Cost": 102055.31,
        "Plan Rows": 1,
        "Plan Width": 8,
        "Actual Startup Time": 727.154,
        "Actual Total Time": 742.049,
        "Actual Rows": 1,
        "Actual Loops": 1,
        "Output": [
            "count(*)"
        ],
        "Plans": [
            {
                "Node Type": "Gather",
                "Parent Relationship": "Outer",
                "Parallel Aware": false,
                "Startup Cost": 102055.08,
                "Total Cost": 102055.29,
                "Plan Rows": 2,
                "Plan Width": 8,
                "Actual Startup Time": 720.167,
                "Actual Total Time": 742.039,
                "Actual Rows": 3,
                "Actual Loops": 1,
                "Output": [
                    "(PARTIAL count(*))"
                ],
                "Workers Planned": 2,
                "Workers Launched": 2,
                "Single Copy": false,
                "Plans": [
                    {
                        "Node Type": "Aggregate",
                        "Strategy": "Plain",
                        "Partial Mode": "Partial",
                        "Parent Relationship": "Outer",
                        "Parallel Aware": false,
                        "Startup Cost": 101055.08,
                        "Total Cost": 101055.09,
                        "Plan Rows": 1,
                        "Plan Width": 8,
                        "Actual Startup Time": 712.474,
                        "Actual Total Time": 713.181,
                        "Actual Rows": 1,
                        "Actual Loops": 3,
                        "Output": [
                            "PARTIAL count(*)"
                        ],
                        "Workers": [
                            {
                                "Worker Number": 0,
                                "Actual Startup Time": 708.454,
                                "Actual Total Time": 708.46,
                                "Actual Rows": 1,
                                "Actual Loops": 1
                            },
                            {
                                "Worker Number": 1,
                                "Actual Startup Time": 709.502,
                                "Actual Total Time": 709.508,
                                "Actual Rows": 1,
                                "Actual Loops": 1
                            }
                        ],
                        "Plans": [
                            {
                                "Node Type": "Hash Join",
                                "Parent Relationship": "Outer",
                                "Parallel Aware": true,
                                "Join Type": "Inner",
                                "Startup Cost": 84304.83,
                                "Total Cost": 100658.28,
                                "Plan Rows": 158721,
                                "Plan Width": 0,
                                "Actual Startup Time": 580.236,
                                "Actual Total Time": 699.761,
                                "Actual Rows": 341940,
                                "Actual Loops": 3,
                                "Inner Unique": false,
                                "Hash Cond": "(mi_idx.movie_id = t.id)",
                                "Workers": [
                                    {
                                        "Worker Number": 0,
                                        "Actual Startup Time": 576.522,
                                        "Actual Total Time": 695.394,
                                        "Actual Rows": 334159,
                                        "Actual Loops": 1
                                    },
                                    {
                                        "Worker Number": 1,
                                        "Actual Startup Time": 576.497,
                                        "Actual Total Time": 696.439,
                                        "Actual Rows": 335190,
                                        "Actual Loops": 1
                                    }
                                ],
                                "Plans": [
                                    {
                                        "Node Type": "Seq Scan",
                                        "Parent Relationship": "Outer",
                                        "Parallel Aware": true,
                                        "Relation Name": "movie_info_idx",
                                        "Schema": "public",
                                        "Alias": "mi_idx",
                                        "Startup Cost": 0.0,
                                        "Total Cost": 13685.15,
                                        "Plan Rows": 575015,
                                        "Plan Width": 4,
                                        "Actual Startup Time": 0.016,
                                        "Actual Total Time": 34.487,
                                        "Actual Rows": 460012,
                                        "Actual Loops": 3,
                                        "Output": [
                                            "mi_idx.id",
                                            "mi_idx.movie_id",
                                            "mi_idx.info_type_id",
                                            "mi_idx.info",
                                            "mi_idx.note"
                                        ],
                                        "Workers": [
                                            {
                                                "Worker Number": 0,
                                                "Actual Startup Time": 0.024,
                                                "Actual Total Time": 35.677,
                                                "Actual Rows": 445499,
                                                "Actual Loops": 1
                                            },
                                            {
                                                "Worker Number": 1,
                                                "Actual Startup Time": 0.013,
                                                "Actual Total Time": 35.731,
                                                "Actual Rows": 448919,
                                                "Actual Loops": 1
                                            }
                                        ]
                                    },
                                    {
                                        "Node Type": "Hash",
                                        "Parent Relationship": "Inner",
                                        "Parallel Aware": true,
                                        "Startup Cost": 81490.75,
                                        "Total Cost": 81490.75,
                                        "Plan Rows": 225126,
                                        "Plan Width": 8,
                                        "Actual Startup Time": 573.084,
                                        "Actual Total Time": 573.79,
                                        "Actual Rows": 167612,
                                        "Actual Loops": 3,
                                        "Output": [
                                            "t.id",
                                            "mc.movie_id"
                                        ],
                                        "Hash Buckets": 1048576,
                                        "Original Hash Buckets": 1048576,
                                        "Hash Batches": 1,
                                        "Original Hash Batches": 1,
                                        "Peak Memory Usage": 27904,
                                        "Workers": [
                                            {
                                                "Worker Number": 0,
                                                "Actual Startup Time": 575.377,
                                                "Actual Total Time": 575.381,
                                                "Actual Rows": 162220,
                                                "Actual Loops": 1
                                            },
                                            {
                                                "Worker Number": 1,
                                                "Actual Startup Time": 575.364,
                                                "Actual Total Time": 575.368,
                                                "Actual Rows": 164048,
                                                "Actual Loops": 1
                                            }
                                        ],
                                        "Plans": [
                                            {
                                                "Node Type": "Hash Join",
                                                "Parent Relationship": "Outer",
                                                "Parallel Aware": true,
                                                "Join Type": "Inner",
                                                "Startup Cost": 49194.16,
                                                "Total Cost": 81490.75,
                                                "Plan Rows": 225126,
                                                "Plan Width": 8,
                                                "Actual Startup Time": 349.151,
                                                "Actual Total Time": 524.637,
                                                "Actual Rows": 167612,
                                                "Actual Loops": 3,
                                                "Output": [
                                                    "t.id",
                                                    "mc.movie_id"
                                                ],
                                                "Inner Unique": true,
                                                "Hash Cond": "(mc.movie_id = t.id)",
                                                "Workers": [
                                                    {
                                                        "Worker Number": 0,
                                                        "Actual Startup Time": 349.089,
                                                        "Actual Total Time": 524.3,
                                                        "Actual Rows": 162220,
                                                        "Actual Loops": 1
                                                    },
                                                    {
                                                        "Worker Number": 1,
                                                        "Actual Startup Time": 349.173,
                                                        "Actual Total Time": 524.134,
                                                        "Actual Rows": 164048,
                                                        "Actual Loops": 1
                                                    }
                                                ],
                                                "Plans": [
                                                    {
                                                        "Node Type": "Seq Scan",
                                                        "Parent Relationship": "Outer",
                                                        "Parallel Aware": true,
                                                        "Relation Name": "movie_companies",
                                                        "Schema": "public",
                                                        "Alias": "mc",
                                                        "Startup Cost": 0.0,
                                                        "Total Cost": 31414.82,
                                                        "Plan Rows": 335915,
                                                        "Plan Width": 4,
                                                        "Actual Startup Time": 0.084,
                                                        "Actual Total Time": 83.273,
                                                        "Actual Rows": 307588,
                                                        "Actual Loops": 3,
                                                        "Output": [
                                                            "mc.id",
                                                            "mc.movie_id",
                                                            "mc.company_id",
                                                            "mc.company_type_id",
                                                            "mc.note"
                                                        ],
                                                        "Filter": "((mc.company_id > 419) AND (mc.company_type_id = 1))",
                                                        "Rows Removed by Filter": 562122,
                                                        "Workers": [
                                                            {
                                                                "Worker Number": 0,
                                                                "Actual Startup Time": 0.031,
                                                                "Actual Total Time": 84.148,
                                                                "Actual Rows": 298250,
                                                                "Actual Loops": 1
                                                            },
                                                            {
                                                                "Worker Number": 1,
                                                                "Actual Startup Time": 0.053,
                                                                "Actual Total Time": 84.425,
                                                                "Actual Rows": 300818,
                                                                "Actual Loops": 1
                                                            }
                                                        ]
                                                    },
                                                    {
                                                        "Node Type": "Hash",
                                                        "Parent Relationship": "Inner",
                                                        "Parallel Aware": true,
                                                        "Startup Cost": 43899.01,
                                                        "Total Cost": 43899.01,
                                                        "Plan Rows": 423612,
                                                        "Plan Width": 4,
                                                        "Actual Startup Time": 342.602,
                                                        "Actual Total Time": 342.603,
                                                        "Actual Rows": 566772,
                                                        "Actual Loops": 3,
                                                        "Output": [
                                                            "t.id"
                                                        ],
                                                        "Hash Buckets": 2097152,
                                                        "Original Hash Buckets": 2097152,
                                                        "Hash Batches": 1,
                                                        "Original Hash Batches": 1,
                                                        "Peak Memory Usage": 82976,
                                                        "Workers": [
                                                            {
                                                                "Worker Number": 0,
                                                                "Actual Startup Time": 348.791,
                                                                "Actual Total Time": 348.792,
                                                                "Actual Rows": 513112,
                                                                "Actual Loops": 1
                                                            },
                                                            {
                                                                "Worker Number": 1,
                                                                "Actual Startup Time": 348.771,
                                                                "Actual Total Time": 348.772,
                                                                "Actual Rows": 521338,
                                                                "Actual Loops": 1
                                                            }
                                                        ],
                                                        "Plans": [
                                                            {
                                                                "Node Type": "Seq Scan",
                                                                "Parent Relationship": "Outer",
                                                                "Parallel Aware": true,
                                                                "Relation Name": "title",
                                                                "Schema": "public",
                                                                "Alias": "t",
                                                                "Startup Cost": 0.0,
                                                                "Total Cost": 43899.01,
                                                                "Plan Rows": 423612,
                                                                "Plan Width": 4,
                                                                "Actual Startup Time": 0.062,
                                                                "Actual Total Time": 137.21,
                                                                "Actual Rows": 566772,
                                                                "Actual Loops": 3,
                                                                "Output": [
                                                                    "t.id"
                                                                ],
                                                                "Filter": "(t.production_year > 1992)",
                                                                "Rows Removed by Filter": 275999,
                                                                "Workers": [
                                                                    {
                                                                        "Worker Number": 0,
                                                                        "Actual Startup Time": 0.089,
                                                                        "Actual Total Time": 143.935,
                                                                        "Actual Rows": 513112,
                                                                        "Actual Loops": 1
                                                                    },
                                                                    {
                                                                        "Worker Number": 1,
                                                                        "Actual Startup Time": 0.082,
                                                                        "Actual Total Time": 144.272,
                                                                        "Actual Rows": 521338,
                                                                        "Actual Loops": 1
                                                                    }
                                                                ]
                                                            }
                                                        ]
                                                    }
                                                ]
                                            }
                                        ]
                                    }
                                ]
                            }
                        ]
                    }
                ]
            }
        ]
    },
    "Planning Time": 1.526,
    "Triggers": [],
    "Execution Time": 742.134
}