[
  {
    "Plan": {
      "Node Type": "Aggregate",
      "Strategy": "Plain",
      "Partial Mode": "Finalize",
      "Parallel Aware": false,
      "Startup Cost": 47122.38,
      "Total Cost": 47122.39,
      "Plan Rows": 1,
      "Plan Width": 8,
      "Actual Startup Time": 220.077,
      "Actual Total Time": 226.877,
      "Actual Rows": 1,
      "Actual Loops": 1,
      "Plans": [
        {
          "Node Type": "Gather",
          "Parent Relationship": "Outer",
          "Parallel Aware": false,
          "Startup Cost": 47122.06,
          "Total Cost": 47122.37,
          "Plan Rows": 3,
          "Plan Width": 8,
          "Actual Startup Time": 219.988,
          "Actual Total Time": 226.869,
          "Actual Rows": 4,
          "Actual Loops": 1,
          "Workers Planned": 3,
          "Workers Launched": 3,
          "Single Copy": false,
          "Plans": [
            {
              "Node Type": "Aggregate",
              "Strategy": "Plain",
              "Partial Mode": "Partial",
              "Parent Relationship": "Outer",
              "Parallel Aware": false,
              "Startup Cost": 46122.06,
              "Total Cost": 46122.07,
              "Plan Rows": 1,
              "Plan Width": 8,
              "Actual Startup Time": 210.911,
              "Actual Total Time": 210.912,
              "Actual Rows": 1,
              "Actual Loops": 4,
              "Plans": [
                {
                  "Node Type": "Seq Scan",
                  "Parent Relationship": "Outer",
                  "Parallel Aware": true,
                  "Relation Name": "movie_keyword",
                  "Alias": "mk",
                  "Startup Cost": 0.0,
                  "Total Cost": 42695.65,
                  "Plan Rows": 1370564,
                  "Plan Width": 0,
                  "Actual Startup Time": 0.138,
                  "Actual Total Time": 149.424,
                  "Actual Rows": 1060624,
                  "Actual Loops": 4,
                  "Filter": "(keyword_id < 56768)",
                  "Rows Removed by Filter": 70359
                }
              ]
            }
          ]
        }
      ]
    },
    "Planning Time": 0.101,
    "Triggers": [],
    "Execution Time": 226.91
  }
]