{
  "Plan": {
    "Node Type": "Aggregate",
    "Strategy": "Plain",
    "Partial Mode": "Finalize",
    "Parallel Aware": false,
    "Startup Cost": 822123.5,
    "Total Cost": 822123.51,
    "Plan Rows": 1,
    "Plan Width": 8,
    "Actual Startup Time": 3489.87,
    "Actual Total Time": 3515.463,
    "Actual Rows": 1,
    "Actual Loops": 1,
    "Plans": [
      {
        "Node Type": "Gather",
        "Parent Relationship": "Outer",
        "Parallel Aware": false,
        "Startup Cost": 822123.38,
        "Total Cost": 822123.49,
        "Plan Rows": 1,
        "Plan Width": 8,
        "Actual Startup Time": 3489.861,
        "Actual Total Time": 3515.457,
        "Actual Rows": 2,
        "Actual Loops": 1,
        "Workers Planned": 1,
        "Workers Launched": 1,
        "Single Copy": false,
        "Plans": [
          {
            "Node Type": "Aggregate",
            "Strategy": "Plain",
            "Partial Mode": "Partial",
            "Parent Relationship": "Outer",
            "Parallel Aware": false,
            "Startup Cost": 821123.38,
            "Total Cost": 821123.39,
            "Plan Rows": 1,
            "Plan Width": 8,
            "Actual Startup Time": 3478.081,
            "Actual Total Time": 3478.238,
            "Actual Rows": 1,
            "Actual Loops": 2,
            "Plans": [
              {
                "Node Type": "Merge Join",
                "Parent Relationship": "Outer",
                "Parallel Aware": false,
                "Join Type": "Inner",
                "Startup Cost": 806702.0,
                "Total Cost": 820254.91,
                "Plan Rows": 347388,
                "Plan Width": 0,
                "Actual Startup Time": 3090.839,
                "Actual Total Time": 3435.2,
                "Actual Rows": 1125216,
                "Actual Loops": 2,
                "Inner Unique": false,
                "Merge Cond": "(t.id = mi_idx.movie_id)",
                "Plans": [
                  {
                    "Node Type": "Sort",
                    "Parent Relationship": "Outer",
                    "Parallel Aware": false,
                    "Startup Cost": 644228.73,
                    "Total Cost": 645819.8,
                    "Plan Rows": 636431,
                    "Plan Width": 8,
                    "Actual Startup Time": 2667.005,
                    "Actual Total Time": 2758.388,
                    "Actual Rows": 696027,
                    "Actual Loops": 2,
                    "Sort Key": [
                      "t.id"
                    ],
                    "Sort Method": "quicksort",
                    "Sort Space Used": 57906,
                    "Sort Space Type": "Memory",
                    "Workers": [
                      {
                        "Worker Number": 0,
                        "Sort Method": "quicksort",
                        "Sort Space Used": 56500,
                        "Sort Space Type": "Memory"
                      }
                    ],
                    "Plans": [
                      {
                        "Node Type": "Hash Join",
                        "Parent Relationship": "Outer",
                        "Parallel Aware": true,
                        "Join Type": "Inner",
                        "Startup Cost": 54942.71,
                        "Total Cost": 582877.91,
                        "Plan Rows": 636431,
                        "Plan Width": 8,
                        "Actual Startup Time": 140.759,
                        "Actual Total Time": 2487.996,
                        "Actual Rows": 696031,
                        "Actual Loops": 2,
                        "Inner Unique": true,
                        "Hash Cond": "(ci.movie_id = t.id)",
                        "Plans": [
                          {
                            "Node Type": "Index Scan",
                            "Parent Relationship": "Outer",
                            "Parallel Aware": true,
                            "Scan Direction": "Forward",
                            "Index Name": "role_id_cast_info",
                            "Relation Name": "cast_info",
                            "Alias": "ci",
                            "Startup Cost": 0.56,
                            "Total Cost": 502630.18,
                            "Plan Rows": 9640203,
                            "Plan Width": 4,
                            "Actual Startup Time": 0.11,
                            "Actual Total Time": 1059.688,
                            "Actual Rows": 8060842,
                            "Actual Loops": 2,
                            "Index Cond": "(role_id > 2)",
                            "Rows Removed by Index Recheck": 0
                          },
                          {
                            "Node Type": "Hash",
                            "Parent Relationship": "Inner",
                            "Parallel Aware": true,
                            "Startup Cost": 53714.84,
                            "Total Cost": 53714.84,
                            "Plan Rows": 98185,
                            "Plan Width": 4,
                            "Actual Startup Time": 137.956,
                            "Actual Total Time": 137.958,
                            "Actual Rows": 152883,
                            "Actual Loops": 2,
                            "Hash Buckets": 524288,
                            "Original Hash Buckets": 262144,
                            "Hash Batches": 1,
                            "Original Hash Batches": 1,
                            "Peak Memory Usage": 18144,
                            "Plans": [
                              {
                                "Node Type": "Bitmap Heap Scan",
                                "Parent Relationship": "Outer",
                                "Parallel Aware": true,
                                "Relation Name": "title",
                                "Alias": "t",
                                "Startup Cost": 11864.58,
                                "Total Cost": 53714.84,
                                "Plan Rows": 98185,
                                "Plan Width": 4,
                                "Actual Startup Time": 38.385,
                                "Actual Total Time": 101.437,
                                "Actual Rows": 152883,
                                "Actual Loops": 2,
                                "Recheck Cond": "(kind_id = 1)",
                                "Rows Removed by Index Recheck": 0,
                                "Filter": "(production_year < 1988)",
                                "Rows Removed by Filter": 178530,
                                "Exact Heap Blocks": 8283,
                                "Lossy Heap Blocks": 0,
                                "Plans": [
                                  {
                                    "Node Type": "Bitmap Index Scan",
                                    "Parent Relationship": "Outer",
                                    "Parallel Aware": false,
                                    "Index Name": "kind_id_title",
                                    "Startup Cost": 0.0,
                                    "Total Cost": 11822.85,
                                    "Plan Rows": 663256,
                                    "Plan Width": 0,
                                    "Actual Startup Time": 37.971,
                                    "Actual Total Time": 37.971,
                                    "Actual Rows": 662825,
                                    "Actual Loops": 1,
                                    "Index Cond": "(kind_id = 1)"
                                  }
                                ]
                              }
                            ]
                          }
                        ]
                      }
                    ]
                  },
                  {
                    "Node Type": "Sort",
                    "Parent Relationship": "Inner",
                    "Parallel Aware": false,
                    "Startup Cost": 162473.21,
                    "Total Cost": 165923.29,
                    "Plan Rows": 1380035,
                    "Plan Width": 4,
                    "Actual Startup Time": 379.259,
                    "Actual Total Time": 460.773,
                    "Actual Rows": 2261510,
                    "Actual Loops": 2,
                    "Sort Key": [
                      "mi_idx.movie_id"
                    ],
                    "Sort Method": "quicksort",
                    "Sort Space Used": 113842,
                    "Sort Space Type": "Memory",
                    "Workers": [
                      {
                        "Worker Number": 0,
                        "Sort Method": "quicksort",
                        "Sort Space Used": 113842,
                        "Sort Space Type": "Memory"
                      }
                    ],
                    "Plans": [
                      {
                        "Node Type": "Seq Scan",
                        "Parent Relationship": "Outer",
                        "Parallel Aware": false,
                        "Relation Name": "movie_info_idx",
                        "Alias": "mi_idx",
                        "Startup Cost": 0.0,
                        "Total Cost": 21735.35,
                        "Plan Rows": 1380035,
                        "Plan Width": 4,
                        "Actual Startup Time": 0.034,
                        "Actual Total Time": 112.65,
                        "Actual Rows": 1380035,
                        "Actual Loops": 2
                      }
                    ]
                  }
                ]
              }
            ]
          }
        ]
      }
    ]
  },
  "Planning Time": 0.827,
  "Triggers": [],
  "Execution Time": 3524.394
}