{
  "Plan": {
    "Node Type": "Aggregate",
    "Strategy": "Plain",
    "Partial Mode": "Finalize",
    "Parallel Aware": false,
    "Startup Cost": 313721.76,
    "Total Cost": 313721.77,
    "Plan Rows": 1,
    "Plan Width": 8,
    "Actual Startup Time": 5029.215,
    "Actual Total Time": 5109.196,
    "Actual Rows": 1,
    "Actual Loops": 1,
    "Plans": [
      {
        "Node Type": "Gather",
        "Parent Relationship": "Outer",
        "Parallel Aware": false,
        "Startup Cost": 313721.64,
        "Total Cost": 313721.75,
        "Plan Rows": 1,
        "Plan Width": 8,
        "Actual Startup Time": 5029.139,
        "Actual Total Time": 5109.189,
        "Actual Rows": 2,
        "Actual Loops": 1,
        "Workers Planned": 1,
        "Workers Launched": 1,
        "Single Copy": false,
        "Plans": [
          {
            "Node Type": "Aggregate",
            "Strategy": "Plain",
            "Partial Mode": "Partial",
            "Parent Relationship": "Outer",
            "Parallel Aware": false,
            "Startup Cost": 312721.64,
            "Total Cost": 312721.65,
            "Plan Rows": 1,
            "Plan Width": 8,
            "Actual Startup Time": 5022.86,
            "Actual Total Time": 5022.864,
            "Actual Rows": 1,
            "Actual Loops": 2,
            "Plans": [
              {
                "Node Type": "Nested Loop",
                "Parent Relationship": "Outer",
                "Parallel Aware": false,
                "Join Type": "Inner",
                "Startup Cost": 59035.61,
                "Total Cost": 311953.58,
                "Plan Rows": 307224,
                "Plan Width": 0,
                "Actual Startup Time": 167.748,
                "Actual Total Time": 4923.238,
                "Actual Rows": 2106403,
                "Actual Loops": 2,
                "Inner Unique": false,
                "Join Filter": "(t.id = ci.movie_id)",
                "Rows Removed by Join Filter": 0,
                "Plans": [
                  {
                    "Node Type": "Hash Join",
                    "Parent Relationship": "Outer",
                    "Parallel Aware": true,
                    "Join Type": "Inner",
                    "Startup Cost": 59035.04,
                    "Total Cost": 123599.06,
                    "Plan Rows": 102208,
                    "Plan Width": 8,
                    "Actual Startup Time": 167.43,
                    "Actual Total Time": 585.795,
                    "Actual Rows": 351113,
                    "Actual Loops": 2,
                    "Inner Unique": true,
                    "Hash Cond": "(mk.movie_id = t.id)",
                    "Plans": [
                      {
                        "Node Type": "Seq Scan",
                        "Parent Relationship": "Outer",
                        "Parallel Aware": true,
                        "Relation Name": "movie_keyword",
                        "Alias": "mk",
                        "Startup Cost": 0.0,
                        "Total Cost": 57718.19,
                        "Plan Rows": 2607928,
                        "Plan Width": 4,
                        "Actual Startup Time": 0.019,
                        "Actual Total Time": 201.244,
                        "Actual Rows": 2210931,
                        "Actual Loops": 2,
                        "Filter": "(keyword_id > 99)",
                        "Rows Removed by Filter": 51034
                      },
                      {
                        "Node Type": "Hash",
                        "Parent Relationship": "Inner",
                        "Parallel Aware": true,
                        "Startup Cost": 58306.47,
                        "Total Cost": 58306.47,
                        "Plan Rows": 58286,
                        "Plan Width": 4,
                        "Actual Startup Time": 164.902,
                        "Actual Total Time": 164.902,
                        "Actual Rows": 101717,
                        "Actual Loops": 2,
                        "Hash Buckets": 262144,
                        "Original Hash Buckets": 131072,
                        "Hash Batches": 1,
                        "Original Hash Batches": 1,
                        "Peak Memory Usage": 11072,
                        "Plans": [
                          {
                            "Node Type": "Seq Scan",
                            "Parent Relationship": "Outer",
                            "Parallel Aware": true,
                            "Relation Name": "title",
                            "Alias": "t",
                            "Startup Cost": 0.0,
                            "Total Cost": 58306.47,
                            "Plan Rows": 58286,
                            "Plan Width": 4,
                            "Actual Startup Time": 0.145,
                            "Actual Total Time": 141.038,
                            "Actual Rows": 101717,
                            "Actual Loops": 2,
                            "Filter": "((kind_id < 7) AND (production_year < 1962))",
                            "Rows Removed by Filter": 1162439
                          }
                        ]
                      }
                    ]
                  },
                  {
                    "Node Type": "Index Scan",
                    "Parent Relationship": "Inner",
                    "Parallel Aware": false,
                    "Scan Direction": "Forward",
                    "Index Name": "movie_id_cast_info",
                    "Relation Name": "cast_info",
                    "Alias": "ci",
                    "Startup Cost": 0.56,
                    "Total Cost": 1.74,
                    "Plan Rows": 8,
                    "Plan Width": 4,
                    "Actual Startup Time": 0.009,
                    "Actual Total Time": 0.012,
                    "Actual Rows": 6,
                    "Actual Loops": 702226,
                    "Index Cond": "(movie_id = mk.movie_id)",
                    "Rows Removed by Index Recheck": 0,
                    "Filter": "((person_id > 2543939) AND (role_id > 1))",
                    "Rows Removed by Filter": 28
                  }
                ]
              }
            ]
          }
        ]
      }
    ]
  },
  "Planning Time": 0.961,
  "Triggers": [],
  "Execution Time": 5109.302
}