[
    {
        "Bao": {
            "Bao prediction": "NaN",
            "Bao recommended hint": "(no hint)"
        }
    },
    {
        "Plan": {
            "Node Type": "Aggregate",
            "Strategy": "Plain",
            "Partial Mode": "Simple",
            "Parallel Aware": false,
            "Startup Cost": 1246.21,
            "Total Cost": 1246.22,
            "Plan Rows": 1,
            "Plan Width": 8,
            "Actual Startup Time": 9.924,
            "Actual Total Time": 9.926,
            "Actual Rows": 1,
            "Actual Loops": 1,
            "Output": [
                "count(*)"
            ],
            "Plans": [
                {
                    "Node Type": "Nested Loop",
                    "Parent Relationship": "Outer",
                    "Parallel Aware": false,
                    "Join Type": "Inner",
                    "Startup Cost": 1.42,
                    "Total Cost": 1245.39,
                    "Plan Rows": 328,
                    "Plan Width": 0,
                    "Actual Startup Time": 0.075,
                    "Actual Total Time": 9.548,
                    "Actual Rows": 6442,
                    "Actual Loops": 1,
                    "Inner Unique": false,
                    "Plans": [
                        {
                            "Node Type": "Nested Loop",
                            "Parent Relationship": "Outer",
                            "Parallel Aware": false,
                            "Join Type": "Inner",
                            "Startup Cost": 0.86,
                            "Total Cost": 1135.74,
                            "Plan Rows": 29,
                            "Plan Width": 8,
                            "Actual Startup Time": 0.059,
                            "Actual Total Time": 1.606,
                            "Actual Rows": 233,
                            "Actual Loops": 1,
                            "Output": [
                                "t.id",
                                "mc.movie_id"
                            ],
                            "Inner Unique": true,
                            "Plans": [
                                {
                                    "Node Type": "Index Scan",
                                    "Parent Relationship": "Outer",
                                    "Parallel Aware": false,
                                    "Scan Direction": "Forward",
                                    "Index Name": "company_id_movie_companies",
                                    "Relation Name": "movie_companies",
                                    "Schema": "public",
                                    "Alias": "mc",
                                    "Startup Cost": 0.43,
                                    "Total Cost": 273.84,
                                    "Plan Rows": 102,
                                    "Plan Width": 4,
                                    "Actual Startup Time": 0.02,
                                    "Actual Total Time": 0.293,
                                    "Actual Rows": 233,
                                    "Actual Loops": 1,
                                    "Output": [
                                        "mc.id",
                                        "mc.movie_id",
                                        "mc.company_id",
                                        "mc.company_type_id",
                                        "mc.note"
                                    ],
                                    "Index Cond": "(mc.company_id = 18722)",
                                    "Rows Removed by Index Recheck": 0
                                },
                                {
                                    "Node Type": "Index Scan",
                                    "Parent Relationship": "Inner",
                                    "Parallel Aware": false,
                                    "Scan Direction": "Forward",
                                    "Index Name": "title_pkey",
                                    "Relation Name": "title",
                                    "Schema": "public",
                                    "Alias": "t",
                                    "Startup Cost": 0.43,
                                    "Total Cost": 8.45,
                                    "Plan Rows": 1,
                                    "Plan Width": 4,
                                    "Actual Startup Time": 0.005,
                                    "Actual Total Time": 0.005,
                                    "Actual Rows": 1,
                                    "Actual Loops": 233,
                                    "Output": [
                                        "t.id",
                                        "t.title",
                                        "t.imdb_index",
                                        "t.kind_id",
                                        "t.production_year",
                                        "t.imdb_id",
                                        "t.phonetic_code",
                                        "t.episode_of_id",
                                        "t.season_nr",
                                        "t.episode_nr",
                                        "t.series_years",
                                        "t.md5sum"
                                    ],
                                    "Index Cond": "(t.id = mc.movie_id)",
                                    "Rows Removed by Index Recheck": 0,
                                    "Filter": "(t.production_year < 1991)",
                                    "Rows Removed by Filter": 0
                                }
                            ]
                        },
                        {
                            "Node Type": "Index Scan",
                            "Parent Relationship": "Inner",
                            "Parallel Aware": false,
                            "Scan Direction": "Forward",
                            "Index Name": "movie_id_cast_info",
                            "Relation Name": "cast_info",
                            "Schema": "public",
                            "Alias": "ci",
                            "Startup Cost": 0.56,
                            "Total Cost": 3.48,
                            "Plan Rows": 30,
                            "Plan Width": 4,
                            "Actual Startup Time": 0.005,
                            "Actual Total Time": 0.031,
                            "Actual Rows": 28,
                            "Actual Loops": 233,
                            "Output": [
                                "ci.id",
                                "ci.person_id",
                                "ci.movie_id",
                                "ci.person_role_id",
                                "ci.note",
                                "ci.nr_order",
                                "ci.role_id"
                            ],
                            "Index Cond": "(ci.movie_id = t.id)",
                            "Rows Removed by Index Recheck": 0,
                            "Filter": "(ci.role_id < 7)",
                            "Rows Removed by Filter": 4
                        }
                    ]
                }
            ]
        },
        "Planning Time": 197.989,
        "Triggers": [],
        "Execution Time": 9.988
    }
]