{
  "Plan": {
    "Node Type": "Aggregate",
    "Strategy": "Plain",
    "Partial Mode": "Finalize",
    "Parallel Aware": false,
    "Startup Cost": 102182.73,
    "Total Cost": 102182.74,
    "Plan Rows": 1,
    "Plan Width": 8,
    "Actual Startup Time": 266.559,
    "Actual Total Time": 279.188,
    "Actual Rows": 1,
    "Actual Loops": 1,
    "Plans": [
      {
        "Node Type": "Gather",
        "Parent Relationship": "Outer",
        "Parallel Aware": false,
        "Startup Cost": 102182.62,
        "Total Cost": 102182.73,
        "Plan Rows": 1,
        "Plan Width": 8,
        "Actual Startup Time": 266.234,
        "Actual Total Time": 279.182,
        "Actual Rows": 2,
        "Actual Loops": 1,
        "Workers Planned": 1,
        "Workers Launched": 1,
        "Single Copy": false,
        "Plans": [
          {
            "Node Type": "Aggregate",
            "Strategy": "Plain",
            "Partial Mode": "Partial",
            "Parent Relationship": "Outer",
            "Parallel Aware": false,
            "Startup Cost": 101182.62,
            "Total Cost": 101182.63,
            "Plan Rows": 1,
            "Plan Width": 8,
            "Actual Startup Time": 260.738,
            "Actual Total Time": 260.742,
            "Actual Rows": 1,
            "Actual Loops": 2,
            "Plans": [
              {
                "Node Type": "Hash Join",
                "Parent Relationship": "Outer",
                "Parallel Aware": true,
                "Join Type": "Inner",
                "Startup Cost": 58747.02,
                "Total Cost": 101168.85,
                "Plan Rows": 5508,
                "Plan Width": 0,
                "Actual Startup Time": 195.935,
                "Actual Total Time": 260.608,
                "Actual Rows": 1944,
                "Actual Loops": 2,
                "Inner Unique": true,
                "Hash Cond": "(mc.movie_id = t.id)",
                "Plans": [
                  {
                    "Node Type": "Seq Scan",
                    "Parent Relationship": "Outer",
                    "Parallel Aware": true,
                    "Relation Name": "movie_companies",
                    "Alias": "mc",
                    "Startup Cost": 0.0,
                    "Total Cost": 41811.73,
                    "Plan Rows": 232422,
                    "Plan Width": 4,
                    "Actual Startup Time": 47.353,
                    "Actual Total Time": 97.527,
                    "Actual Rows": 114616,
                    "Actual Loops": 2,
                    "Filter": "((company_id < 1624) AND (company_type_id = 2))",
                    "Rows Removed by Filter": 1189948
                  },
                  {
                    "Node Type": "Hash",
                    "Parent Relationship": "Inner",
                    "Parallel Aware": true,
                    "Startup Cost": 58306.47,
                    "Total Cost": 58306.47,
                    "Plan Rows": 35244,
                    "Plan Width": 4,
                    "Actual Startup Time": 147.062,
                    "Actual Total Time": 147.063,
                    "Actual Rows": 34137,
                    "Actual Loops": 2,
                    "Hash Buckets": 131072,
                    "Original Hash Buckets": 65536,
                    "Hash Batches": 1,
                    "Original Hash Batches": 1,
                    "Peak Memory Usage": 4224,
                    "Plans": [
                      {
                        "Node Type": "Seq Scan",
                        "Parent Relationship": "Outer",
                        "Parallel Aware": true,
                        "Relation Name": "title",
                        "Alias": "t",
                        "Startup Cost": 0.0,
                        "Total Cost": 58306.47,
                        "Plan Rows": 35244,
                        "Plan Width": 4,
                        "Actual Startup Time": 0.038,
                        "Actual Total Time": 136.451,
                        "Actual Rows": 34137,
                        "Actual Loops": 2,
                        "Filter": "((kind_id > 2) AND (production_year = 2004))",
                        "Rows Removed by Filter": 1230019
                      }
                    ]
                  }
                ]
              }
            ]
          }
        ]
      }
    ]
  },
  "Planning Time": 0.491,
  "Triggers": [],
  "Execution Time": 279.257
}