{
  "Plan": {
    "Node Type": "Aggregate",
    "Strategy": "Plain",
    "Partial Mode": "Finalize",
    "Parallel Aware": false,
    "Startup Cost": 603801.46,
    "Total Cost": 603801.47,
    "Plan Rows": 1,
    "Plan Width": 8,
    "Actual Startup Time": 2845.288,
    "Actual Total Time": 2907.26,
    "Actual Rows": 1,
    "Actual Loops": 1,
    "Plans": [
      {
        "Node Type": "Gather",
        "Parent Relationship": "Outer",
        "Parallel Aware": false,
        "Startup Cost": 603801.35,
        "Total Cost": 603801.46,
        "Plan Rows": 1,
        "Plan Width": 8,
        "Actual Startup Time": 2844.534,
        "Actual Total Time": 2907.252,
        "Actual Rows": 2,
        "Actual Loops": 1,
        "Workers Planned": 1,
        "Workers Launched": 1,
        "Single Copy": false,
        "Plans": [
          {
            "Node Type": "Aggregate",
            "Strategy": "Plain",
            "Partial Mode": "Partial",
            "Parent Relationship": "Outer",
            "Parallel Aware": false,
            "Startup Cost": 602801.35,
            "Total Cost": 602801.36,
            "Plan Rows": 1,
            "Plan Width": 8,
            "Actual Startup Time": 2838.391,
            "Actual Total Time": 2838.395,
            "Actual Rows": 1,
            "Actual Loops": 2,
            "Plans": [
              {
                "Node Type": "Hash Join",
                "Parent Relationship": "Outer",
                "Parallel Aware": true,
                "Join Type": "Inner",
                "Startup Cost": 54238.44,
                "Total Cost": 601997.76,
                "Plan Rows": 321435,
                "Plan Width": 0,
                "Actual Startup Time": 125.1,
                "Actual Total Time": 2808.046,
                "Actual Rows": 701702,
                "Actual Loops": 2,
                "Inner Unique": true,
                "Hash Cond": "(ci.movie_id = t.id)",
                "Plans": [
                  {
                    "Node Type": "Seq Scan",
                    "Parent Relationship": "Outer",
                    "Parallel Aware": true,
                    "Relation Name": "cast_info",
                    "Alias": "ci",
                    "Startup Cost": 0.0,
                    "Total Cost": 519069.44,
                    "Plan Rows": 10929462,
                    "Plan Width": 4,
                    "Actual Startup Time": 0.015,
                    "Actual Total Time": 1437.927,
                    "Actual Rows": 9306157,
                    "Actual Loops": 2,
                    "Filter": "(person_id < 1852808)",
                    "Rows Removed by Filter": 8816015
                  },
                  {
                    "Node Type": "Hash",
                    "Parent Relationship": "Inner",
                    "Parallel Aware": true,
                    "Startup Cost": 53691.7,
                    "Total Cost": 53691.7,
                    "Plan Rows": 43739,
                    "Plan Width": 4,
                    "Actual Startup Time": 122.648,
                    "Actual Total Time": 122.649,
                    "Actual Rows": 103000,
                    "Actual Loops": 2,
                    "Hash Buckets": 262144,
                    "Original Hash Buckets": 131072,
                    "Hash Batches": 1,
                    "Original Hash Batches": 1,
                    "Peak Memory Usage": 11168,
                    "Plans": [
                      {
                        "Node Type": "Bitmap Heap Scan",
                        "Parent Relationship": "Outer",
                        "Parallel Aware": true,
                        "Relation Name": "title",
                        "Alias": "t",
                        "Startup Cost": 11841.44,
                        "Total Cost": 53691.7,
                        "Plan Rows": 43739,
                        "Plan Width": 4,
                        "Actual Startup Time": 36.003,
                        "Actual Total Time": 97.326,
                        "Actual Rows": 103000,
                        "Actual Loops": 2,
                        "Recheck Cond": "(kind_id = 1)",
                        "Rows Removed by Index Recheck": 0,
                        "Filter": "(production_year < 1965)",
                        "Rows Removed by Filter": 228413,
                        "Exact Heap Blocks": 8654,
                        "Lossy Heap Blocks": 0,
                        "Plans": [
                          {
                            "Node Type": "Bitmap Index Scan",
                            "Parent Relationship": "Outer",
                            "Parallel Aware": false,
                            "Index Name": "kind_id_title",
                            "Startup Cost": 0.0,
                            "Total Cost": 11822.85,
                            "Plan Rows": 663256,
                            "Plan Width": 0,
                            "Actual Startup Time": 37.62,
                            "Actual Total Time": 37.62,
                            "Actual Rows": 662825,
                            "Actual Loops": 1,
                            "Index Cond": "(kind_id = 1)"
                          }
                        ]
                      }
                    ]
                  }
                ]
              }
            ]
          }
        ]
      }
    ]
  },
  "Planning Time": 0.629,
  "Triggers": [],
  "Execution Time": 2907.365
}