{
  "Plan": {
    "Node Type": "Aggregate",
    "Strategy": "Plain",
    "Partial Mode": "Finalize",
    "Parallel Aware": false,
    "Startup Cost": 43556.37,
    "Total Cost": 43556.38,
    "Plan Rows": 1,
    "Plan Width": 8,
    "Actual Startup Time": 113.429,
    "Actual Total Time": 133.958,
    "Actual Rows": 1,
    "Actual Loops": 1,
    "Plans": [
      {
        "Node Type": "Gather",
        "Parent Relationship": "Outer",
        "Parallel Aware": false,
        "Startup Cost": 43556.26,
        "Total Cost": 43556.37,
        "Plan Rows": 1,
        "Plan Width": 8,
        "Actual Startup Time": 113.172,
        "Actual Total Time": 133.951,
        "Actual Rows": 2,
        "Actual Loops": 1,
        "Workers Planned": 1,
        "Workers Launched": 1,
        "Single Copy": false,
        "Plans": [
          {
            "Node Type": "Aggregate",
            "Strategy": "Plain",
            "Partial Mode": "Partial",
            "Parent Relationship": "Outer",
            "Parallel Aware": false,
            "Startup Cost": 42556.26,
            "Total Cost": 42556.27,
            "Plan Rows": 1,
            "Plan Width": 8,
            "Actual Startup Time": 107.024,
            "Actual Total Time": 107.026,
            "Actual Rows": 1,
            "Actual Loops": 2,
            "Plans": [
              {
                "Node Type": "Nested Loop",
                "Parent Relationship": "Outer",
                "Parallel Aware": false,
                "Join Type": "Inner",
                "Startup Cost": 211.59,
                "Total Cost": 42550.34,
                "Plan Rows": 2367,
                "Plan Width": 0,
                "Actual Startup Time": 12.905,
                "Actual Total Time": 106.629,
                "Actual Rows": 3851,
                "Actual Loops": 2,
                "Inner Unique": false,
                "Plans": [
                  {
                    "Node Type": "Nested Loop",
                    "Parent Relationship": "Outer",
                    "Parallel Aware": false,
                    "Join Type": "Inner",
                    "Startup Cost": 211.15,
                    "Total Cost": 37671.85,
                    "Plan Rows": 2909,
                    "Plan Width": 8,
                    "Actual Startup Time": 12.665,
                    "Actual Total Time": 29.275,
                    "Actual Rows": 2078,
                    "Actual Loops": 2,
                    "Inner Unique": true,
                    "Plans": [
                      {
                        "Node Type": "Bitmap Heap Scan",
                        "Parent Relationship": "Outer",
                        "Parallel Aware": true,
                        "Relation Name": "movie_companies",
                        "Alias": "mc",
                        "Startup Cost": 210.72,
                        "Total Cost": 16349.38,
                        "Plan Rows": 2909,
                        "Plan Width": 4,
                        "Actual Startup Time": 12.554,
                        "Actual Total Time": 16.394,
                        "Actual Rows": 2078,
                        "Actual Loops": 2,
                        "Recheck Cond": "(company_id = 846)",
                        "Rows Removed by Index Recheck": 0,
                        "Filter": "(company_type_id = 2)",
                        "Rows Removed by Filter": 3004,
                        "Exact Heap Blocks": 5004,
                        "Lossy Heap Blocks": 0,
                        "Plans": [
                          {
                            "Node Type": "Bitmap Index Scan",
                            "Parent Relationship": "Outer",
                            "Parallel Aware": false,
                            "Index Name": "company_id_movie_companies",
                            "Startup Cost": 0.0,
                            "Total Cost": 209.49,
                            "Plan Rows": 9741,
                            "Plan Width": 0,
                            "Actual Startup Time": 4.961,
                            "Actual Total Time": 4.961,
                            "Actual Rows": 10163,
                            "Actual Loops": 1,
                            "Index Cond": "(company_id = 846)"
                          }
                        ]
                      },
                      {
                        "Node Type": "Index Only Scan",
                        "Parent Relationship": "Inner",
                        "Parallel Aware": false,
                        "Scan Direction": "Forward",
                        "Index Name": "title_pkey",
                        "Relation Name": "title",
                        "Alias": "t",
                        "Startup Cost": 0.43,
                        "Total Cost": 7.33,
                        "Plan Rows": 1,
                        "Plan Width": 4,
                        "Actual Startup Time": 0.006,
                        "Actual Total Time": 0.006,
                        "Actual Rows": 1,
                        "Actual Loops": 4155,
                        "Index Cond": "(id = mc.movie_id)",
                        "Rows Removed by Index Recheck": 0,
                        "Heap Fetches": 4155
                      }
                    ]
                  },
                  {
                    "Node Type": "Index Scan",
                    "Parent Relationship": "Inner",
                    "Parallel Aware": false,
                    "Scan Direction": "Forward",
                    "Index Name": "movie_id_movie_info",
                    "Relation Name": "movie_info",
                    "Alias": "mi",
                    "Startup Cost": 0.43,
                    "Total Cost": 1.62,
                    "Plan Rows": 6,
                    "Plan Width": 4,
                    "Actual Startup Time": 0.012,
                    "Actual Total Time": 0.037,
                    "Actual Rows": 2,
                    "Actual Loops": 4155,
                    "Index Cond": "(movie_id = t.id)",
                    "Rows Removed by Index Recheck": 0,
                    "Filter": "(info_type_id < 3)",
                    "Rows Removed by Filter": 44
                  }
                ]
              }
            ]
          }
        ]
      }
    ]
  },
  "Planning Time": 0.98,
  "Triggers": [],
  "Execution Time": 134.058
}