[
  {
    "Plan": {
      "Node Type": "Aggregate",
      "Strategy": "Plain",
      "Partial Mode": "Finalize",
      "Parallel Aware": false,
      "Startup Cost": 95770.85,
      "Total Cost": 95770.86,
      "Plan Rows": 1,
      "Plan Width": 8,
      "Actual Startup Time": 403.314,
      "Actual Total Time": 422.404,
      "Actual Rows": 1,
      "Actual Loops": 1,
      "Plans": [
        {
          "Node Type": "Gather",
          "Parent Relationship": "Outer",
          "Parallel Aware": false,
          "Startup Cost": 95770.53,
          "Total Cost": 95770.84,
          "Plan Rows": 3,
          "Plan Width": 8,
          "Actual Startup Time": 400.355,
          "Actual Total Time": 422.395,
          "Actual Rows": 4,
          "Actual Loops": 1,
          "Workers Planned": 3,
          "Workers Launched": 3,
          "Single Copy": false,
          "Plans": [
            {
              "Node Type": "Aggregate",
              "Strategy": "Plain",
              "Partial Mode": "Partial",
              "Parent Relationship": "Outer",
              "Parallel Aware": false,
              "Startup Cost": 94770.53,
              "Total Cost": 94770.54,
              "Plan Rows": 1,
              "Plan Width": 8,
              "Actual Startup Time": 396.173,
              "Actual Total Time": 396.286,
              "Actual Rows": 1,
              "Actual Loops": 4,
              "Plans": [
                {
                  "Node Type": "Hash Join",
                  "Parent Relationship": "Outer",
                  "Parallel Aware": true,
                  "Join Type": "Inner",
                  "Startup Cost": 64020.23,
                  "Total Cost": 94625.2,
                  "Plan Rows": 58134,
                  "Plan Width": 0,
                  "Actual Startup Time": 249.81,
                  "Actual Total Time": 385.896,
                  "Actual Rows": 233002,
                  "Actual Loops": 4,
                  "Inner Unique": false,
                  "Hash Cond": "(mc.movie_id = t.id)",
                  "Plans": [
                    {
                      "Node Type": "Seq Scan",
                      "Parent Relationship": "Outer",
                      "Parallel Aware": true,
                      "Relation Name": "movie_companies",
                      "Alias": "mc",
                      "Startup Cost": 0.0,
                      "Total Cost": 27206.55,
                      "Plan Rows": 841655,
                      "Plan Width": 4,
                      "Actual Startup Time": 0.011,
                      "Actual Total Time": 59.426,
                      "Actual Rows": 652282,
                      "Actual Loops": 4
                    },
                    {
                      "Node Type": "Hash",
                      "Parent Relationship": "Inner",
                      "Parallel Aware": true,
                      "Startup Cost": 63110.64,
                      "Total Cost": 63110.64,
                      "Plan Rows": 72767,
                      "Plan Width": 8,
                      "Actual Startup Time": 221.397,
                      "Actual Total Time": 221.509,
                      "Actual Rows": 62226,
                      "Actual Loops": 4,
                      "Hash Buckets": 262144,
                      "Original Hash Buckets": 262144,
                      "Hash Batches": 1,
                      "Original Hash Batches": 1,
                      "Peak Memory Usage": 11840,
                      "Plans": [
                        {
                          "Node Type": "Hash Join",
                          "Parent Relationship": "Outer",
                          "Parallel Aware": true,
                          "Join Type": "Inner",
                          "Startup Cost": 46986.21,
                          "Total Cost": 63110.64,
                          "Plan Rows": 72767,
                          "Plan Width": 8,
                          "Actual Startup Time": 153.943,
                          "Actual Total Time": 204.699,
                          "Actual Rows": 62226,
                          "Actual Loops": 4,
                          "Inner Unique": true,
                          "Hash Cond": "(mi_idx.movie_id = t.id)",
                          "Plans": [
                            {
                              "Node Type": "Seq Scan",
                              "Parent Relationship": "Outer",
                              "Parallel Aware": true,
                              "Relation Name": "movie_info_idx",
                              "Alias": "mi_idx",
                              "Startup Cost": 0.0,
                              "Total Cost": 15122.68,
                              "Plan Rows": 381618,
                              "Plan Width": 4,
                              "Actual Startup Time": 0.014,
                              "Actual Total Time": 39.019,
                              "Actual Rows": 229962,
                              "Actual Loops": 4,
                              "Filter": "(info_type_id < 101)",
                              "Rows Removed by Filter": 115046
                            },
                            {
                              "Node Type": "Hash",
                              "Parent Relationship": "Inner",
                              "Parallel Aware": true,
                              "Startup Cost": 45479.59,
                              "Total Cost": 45479.59,
                              "Plan Rows": 120530,
                              "Plan Width": 4,
                              "Actual Startup Time": 125.171,
                              "Actual Total Time": 125.172,
                              "Actual Rows": 88807,
                              "Actual Loops": 4,
                              "Hash Buckets": 524288,
                              "Original Hash Buckets": 524288,
                              "Hash Batches": 1,
                              "Original Hash Batches": 1,
                              "Peak Memory Usage": 18048,
                              "Plans": [
                                {
                                  "Node Type": "Seq Scan",
                                  "Parent Relationship": "Outer",
                                  "Parallel Aware": true,
                                  "Relation Name": "title",
                                  "Alias": "t",
                                  "Startup Cost": 0.0,
                                  "Total Cost": 45479.59,
                                  "Plan Rows": 120530,
                                  "Plan Width": 4,
                                  "Actual Startup Time": 39.605,
                                  "Actual Total Time": 94.646,
                                  "Actual Rows": 88807,
                                  "Actual Loops": 4,
                                  "Filter": "((production_year > 1986) AND (kind_id = 1))",
                                  "Rows Removed by Filter": 543271
                                }
                              ]
                            }
                          ]
                        }
                      ]
                    }
                  ]
                }
              ]
            }
          ]
        }
      ]
    },
    "Planning Time": 0.651,
    "Triggers": [],
    "Execution Time": 422.452
  }
]