[
  {
    "Plan": {
      "Node Type": "Aggregate",
      "Strategy": "Plain",
      "Partial Mode": "Finalize",
      "Parallel Aware": false,
      "Startup Cost": 94952.96,
      "Total Cost": 94952.97,
      "Plan Rows": 1,
      "Plan Width": 8,
      "Actual Startup Time": 473.436,
      "Actual Total Time": 488.626,
      "Actual Rows": 1,
      "Actual Loops": 1,
      "Plans": [
        {
          "Node Type": "Gather",
          "Parent Relationship": "Outer",
          "Parallel Aware": false,
          "Startup Cost": 94952.64,
          "Total Cost": 94952.95,
          "Plan Rows": 3,
          "Plan Width": 8,
          "Actual Startup Time": 467.442,
          "Actual Total Time": 488.614,
          "Actual Rows": 4,
          "Actual Loops": 1,
          "Workers Planned": 3,
          "Workers Launched": 3,
          "Single Copy": false,
          "Plans": [
            {
              "Node Type": "Aggregate",
              "Strategy": "Plain",
              "Partial Mode": "Partial",
              "Parent Relationship": "Outer",
              "Parallel Aware": false,
              "Startup Cost": 93952.64,
              "Total Cost": 93952.65,
              "Plan Rows": 1,
              "Plan Width": 8,
              "Actual Startup Time": 459.312,
              "Actual Total Time": 459.316,
              "Actual Rows": 1,
              "Actual Loops": 4,
              "Plans": [
                {
                  "Node Type": "Hash Join",
                  "Parent Relationship": "Outer",
                  "Parallel Aware": true,
                  "Join Type": "Inner",
                  "Startup Cost": 48235.85,
                  "Total Cost": 92915.57,
                  "Plan Rows": 414830,
                  "Plan Width": 0,
                  "Actual Startup Time": 247.904,
                  "Actual Total Time": 447.729,
                  "Actual Rows": 257452,
                  "Actual Loops": 4,
                  "Inner Unique": true,
                  "Hash Cond": "(mk.movie_id = t.id)",
                  "Plans": [
                    {
                      "Node Type": "Seq Scan",
                      "Parent Relationship": "Outer",
                      "Parallel Aware": true,
                      "Relation Name": "movie_keyword",
                      "Alias": "mk",
                      "Startup Cost": 0.0,
                      "Total Cost": 42695.65,
                      "Plan Rows": 755835,
                      "Plan Width": 4,
                      "Actual Startup Time": 0.035,
                      "Actual Total Time": 110.039,
                      "Actual Rows": 588971,
                      "Actual Loops": 4,
                      "Filter": "(keyword_id < 5295)",
                      "Rows Removed by Filter": 542012
                    },
                    {
                      "Node Type": "Hash",
                      "Parent Relationship": "Inner",
                      "Parallel Aware": true,
                      "Startup Cost": 43899.32,
                      "Total Cost": 43899.32,
                      "Plan Rows": 346922,
                      "Plan Width": 4,
                      "Actual Startup Time": 242.03,
                      "Actual Total Time": 242.031,
                      "Actual Rows": 345363,
                      "Actual Loops": 4,
                      "Hash Buckets": 2097152,
                      "Original Hash Buckets": 2097152,
                      "Hash Batches": 1,
                      "Original Hash Batches": 1,
                      "Peak Memory Usage": 70528,
                      "Plans": [
                        {
                          "Node Type": "Seq Scan",
                          "Parent Relationship": "Outer",
                          "Parallel Aware": true,
                          "Relation Name": "title",
                          "Alias": "t",
                          "Startup Cost": 0.0,
                          "Total Cost": 43899.32,
                          "Plan Rows": 346922,
                          "Plan Width": 4,
                          "Actual Startup Time": 0.024,
                          "Actual Total Time": 113.347,
                          "Actual Rows": 345363,
                          "Actual Loops": 4,
                          "Filter": "(production_year > 2000)",
                          "Rows Removed by Filter": 286715
                        }
                      ]
                    }
                  ]
                }
              ]
            }
          ]
        }
      ]
    },
    "Planning Time": 0.285,
    "Triggers": [],
    "Execution Time": 488.665
  }
]