[
  {
    "Plan": {
      "Node Type": "Aggregate",
      "Strategy": "Plain",
      "Partial Mode": "Finalize",
      "Parallel Aware": false,
      "Startup Cost": 94969.84,
      "Total Cost": 94969.85,
      "Plan Rows": 1,
      "Plan Width": 8,
      "Actual Startup Time": 479.878,
      "Actual Total Time": 496.575,
      "Actual Rows": 1,
      "Actual Loops": 1,
      "Plans": [
        {
          "Node Type": "Gather",
          "Parent Relationship": "Outer",
          "Parallel Aware": false,
          "Startup Cost": 94969.52,
          "Total Cost": 94969.83,
          "Plan Rows": 3,
          "Plan Width": 8,
          "Actual Startup Time": 474.432,
          "Actual Total Time": 496.566,
          "Actual Rows": 4,
          "Actual Loops": 1,
          "Workers Planned": 3,
          "Workers Launched": 3,
          "Single Copy": false,
          "Plans": [
            {
              "Node Type": "Aggregate",
              "Strategy": "Plain",
              "Partial Mode": "Partial",
              "Parent Relationship": "Outer",
              "Parallel Aware": false,
              "Startup Cost": 93969.52,
              "Total Cost": 93969.53,
              "Plan Rows": 1,
              "Plan Width": 8,
              "Actual Startup Time": 462.493,
              "Actual Total Time": 462.498,
              "Actual Rows": 1,
              "Actual Loops": 4,
              "Plans": [
                {
                  "Node Type": "Hash Join",
                  "Parent Relationship": "Outer",
                  "Parallel Aware": true,
                  "Join Type": "Inner",
                  "Startup Cost": 48234.38,
                  "Total Cost": 92926.28,
                  "Plan Rows": 417296,
                  "Plan Width": 0,
                  "Actual Startup Time": 248.691,
                  "Actual Total Time": 450.998,
                  "Actual Rows": 257452,
                  "Actual Loops": 4,
                  "Inner Unique": true,
                  "Hash Cond": "(mk.movie_id = t.id)",
                  "Plans": [
                    {
                      "Node Type": "Seq Scan",
                      "Parent Relationship": "Outer",
                      "Parallel Aware": true,
                      "Relation Name": "movie_keyword",
                      "Alias": "mk",
                      "Startup Cost": 0.0,
                      "Total Cost": 42695.65,
                      "Plan Rows": 760477,
                      "Plan Width": 4,
                      "Actual Startup Time": 0.028,
                      "Actual Total Time": 111.205,
                      "Actual Rows": 588971,
                      "Actual Loops": 4,
                      "Filter": "(keyword_id < 5295)",
                      "Rows Removed by Filter": 542012
                    },
                    {
                      "Node Type": "Hash",
                      "Parent Relationship": "Inner",
                      "Parallel Aware": true,
                      "Startup Cost": 43898.92,
                      "Total Cost": 43898.92,
                      "Plan Rows": 346837,
                      "Plan Width": 4,
                      "Actual Startup Time": 240.808,
                      "Actual Total Time": 240.811,
                      "Actual Rows": 345363,
                      "Actual Loops": 4,
                      "Hash Buckets": 2097152,
                      "Original Hash Buckets": 2097152,
                      "Hash Batches": 1,
                      "Original Hash Batches": 1,
                      "Peak Memory Usage": 70496,
                      "Plans": [
                        {
                          "Node Type": "Seq Scan",
                          "Parent Relationship": "Outer",
                          "Parallel Aware": true,
                          "Relation Name": "title",
                          "Alias": "t",
                          "Startup Cost": 0.0,
                          "Total Cost": 43898.92,
                          "Plan Rows": 346837,
                          "Plan Width": 4,
                          "Actual Startup Time": 0.034,
                          "Actual Total Time": 110.608,
                          "Actual Rows": 345363,
                          "Actual Loops": 4,
                          "Filter": "(production_year > 2000)",
                          "Rows Removed by Filter": 286715
                        }
                      ]
                    }
                  ]
                }
              ]
            }
          ]
        }
      ]
    },
    "Planning Time": 0.582,
    "Triggers": [],
    "Execution Time": 496.65
  }
]