[
  {
    "Plan": {
      "Node Type": "Aggregate",
      "Strategy": "Plain",
      "Partial Mode": "Finalize",
      "Parallel Aware": false,
      "Startup Cost": 46499.37,
      "Total Cost": 46499.38,
      "Plan Rows": 1,
      "Plan Width": 8,
      "Actual Startup Time": 100.241,
      "Actual Total Time": 115.228,
      "Actual Rows": 1,
      "Actual Loops": 1,
      "Plans": [
        {
          "Node Type": "Gather",
          "Parent Relationship": "Outer",
          "Parallel Aware": false,
          "Startup Cost": 46498.95,
          "Total Cost": 46499.36,
          "Plan Rows": 4,
          "Plan Width": 8,
          "Actual Startup Time": 100.104,
          "Actual Total Time": 115.219,
          "Actual Rows": 5,
          "Actual Loops": 1,
          "Workers Planned": 4,
          "Workers Launched": 4,
          "Single Copy": false,
          "Plans": [
            {
              "Node Type": "Aggregate",
              "Strategy": "Plain",
              "Partial Mode": "Partial",
              "Parent Relationship": "Outer",
              "Parallel Aware": false,
              "Startup Cost": 45498.95,
              "Total Cost": 45498.96,
              "Plan Rows": 1,
              "Plan Width": 8,
              "Actual Startup Time": 92.062,
              "Actual Total Time": 92.064,
              "Actual Rows": 1,
              "Actual Loops": 5,
              "Plans": [
                {
                  "Node Type": "Seq Scan",
                  "Parent Relationship": "Outer",
                  "Parallel Aware": true,
                  "Relation Name": "title",
                  "Alias": "t",
                  "Startup Cost": 0.0,
                  "Total Cost": 45479.1,
                  "Plan Rows": 7940,
                  "Plan Width": 0,
                  "Actual Startup Time": 0.068,
                  "Actual Total Time": 91.138,
                  "Actual Rows": 7940,
                  "Actual Loops": 5,
                  "Filter": "((kind_id = 7) AND (production_year = 2001))",
                  "Rows Removed by Filter": 497723
                }
              ]
            }
          ]
        }
      ]
    },
    "Planning Time": 0.184,
    "Triggers": [],
    "Execution Time": 115.296
  }
]