[
  {
    "Plan": {
      "Node Type": "Aggregate",
      "Strategy": "Plain",
      "Partial Mode": "Finalize",
      "Parallel Aware": false,
      "Startup Cost": 75906.15,
      "Total Cost": 75906.16,
      "Plan Rows": 1,
      "Plan Width": 8,
      "Actual Startup Time": 209.677,
      "Actual Total Time": 226.187,
      "Actual Rows": 1,
      "Actual Loops": 1,
      "Plans": [
        {
          "Node Type": "Gather",
          "Parent Relationship": "Outer",
          "Parallel Aware": false,
          "Startup Cost": 75905.83,
          "Total Cost": 75906.14,
          "Plan Rows": 3,
          "Plan Width": 8,
          "Actual Startup Time": 209.342,
          "Actual Total Time": 226.179,
          "Actual Rows": 4,
          "Actual Loops": 1,
          "Workers Planned": 3,
          "Workers Launched": 3,
          "Single Copy": false,
          "Plans": [
            {
              "Node Type": "Aggregate",
              "Strategy": "Plain",
              "Partial Mode": "Partial",
              "Parent Relationship": "Outer",
              "Parallel Aware": false,
              "Startup Cost": 74905.83,
              "Total Cost": 74905.84,
              "Plan Rows": 1,
              "Plan Width": 8,
              "Actual Startup Time": 202.517,
              "Actual Total Time": 202.52,
              "Actual Rows": 1,
              "Actual Loops": 4,
              "Plans": [
                {
                  "Node Type": "Hash Join",
                  "Parent Relationship": "Outer",
                  "Parallel Aware": true,
                  "Join Type": "Inner",
                  "Startup Cost": 44020.07,
                  "Total Cost": 74883.16,
                  "Plan Rows": 9068,
                  "Plan Width": 0,
                  "Actual Startup Time": 94.871,
                  "Actual Total Time": 202.114,
                  "Actual Rows": 6728,
                  "Actual Loops": 4,
                  "Inner Unique": true,
                  "Hash Cond": "(mc.movie_id = t.id)",
                  "Plans": [
                    {
                      "Node Type": "Seq Scan",
                      "Parent Relationship": "Outer",
                      "Parallel Aware": true,
                      "Relation Name": "movie_companies",
                      "Alias": "mc",
                      "Startup Cost": 0.0,
                      "Total Cost": 29310.68,
                      "Plan Rows": 591395,
                      "Plan Width": 4,
                      "Actual Startup Time": 0.019,
                      "Actual Total Time": 67.335,
                      "Actual Rows": 454266,
                      "Actual Loops": 4,
                      "Filter": "(company_id < 31575)",
                      "Rows Removed by Filter": 198016
                    },
                    {
                      "Node Type": "Hash",
                      "Parent Relationship": "Inner",
                      "Parallel Aware": true,
                      "Startup Cost": 43898.92,
                      "Total Cost": 43898.92,
                      "Plan Rows": 9692,
                      "Plan Width": 4,
                      "Actual Startup Time": 93.707,
                      "Actual Total Time": 93.708,
                      "Actual Rows": 9739,
                      "Actual Loops": 4,
                      "Hash Buckets": 65536,
                      "Original Hash Buckets": 65536,
                      "Hash Batches": 1,
                      "Original Hash Batches": 1,
                      "Peak Memory Usage": 2112,
                      "Plans": [
                        {
                          "Node Type": "Seq Scan",
                          "Parent Relationship": "Outer",
                          "Parallel Aware": true,
                          "Relation Name": "title",
                          "Alias": "t",
                          "Startup Cost": 0.0,
                          "Total Cost": 43898.92,
                          "Plan Rows": 9692,
                          "Plan Width": 4,
                          "Actual Startup Time": 0.057,
                          "Actual Total Time": 89.009,
                          "Actual Rows": 9739,
                          "Actual Loops": 4,
                          "Filter": "(production_year = 1997)",
                          "Rows Removed by Filter": 622339
                        }
                      ]
                    }
                  ]
                }
              ]
            }
          ]
        }
      ]
    },
    "Planning Time": 0.52,
    "Triggers": [],
    "Execution Time": 226.245
  }
]