[
  {
    "Plan": {
      "Node Type": "Aggregate",
      "Strategy": "Plain",
      "Partial Mode": "Finalize",
      "Parallel Aware": false,
      "Startup Cost": 317931.11,
      "Total Cost": 317931.12,
      "Plan Rows": 1,
      "Plan Width": 8,
      "Actual Startup Time": 6067.753,
      "Actual Total Time": 6174.962,
      "Actual Rows": 1,
      "Actual Loops": 1,
      "Plans": [
        {
          "Node Type": "Gather",
          "Parent Relationship": "Outer",
          "Parallel Aware": false,
          "Startup Cost": 317930.79,
          "Total Cost": 317931.1,
          "Plan Rows": 3,
          "Plan Width": 8,
          "Actual Startup Time": 6065.942,
          "Actual Total Time": 6174.951,
          "Actual Rows": 4,
          "Actual Loops": 1,
          "Workers Planned": 3,
          "Workers Launched": 3,
          "Single Copy": false,
          "Plans": [
            {
              "Node Type": "Aggregate",
              "Strategy": "Plain",
              "Partial Mode": "Partial",
              "Parent Relationship": "Outer",
              "Parallel Aware": false,
              "Startup Cost": 316930.79,
              "Total Cost": 316930.8,
              "Plan Rows": 1,
              "Plan Width": 8,
              "Actual Startup Time": 6056.453,
              "Actual Total Time": 6056.457,
              "Actual Rows": 1,
              "Actual Loops": 4,
              "Plans": [
                {
                  "Node Type": "Nested Loop",
                  "Parent Relationship": "Outer",
                  "Parallel Aware": false,
                  "Join Type": "Inner",
                  "Startup Cost": 46657.9,
                  "Total Cost": 316235.92,
                  "Plan Rows": 277949,
                  "Plan Width": 0,
                  "Actual Startup Time": 191.538,
                  "Actual Total Time": 5977.217,
                  "Actual Rows": 1387237,
                  "Actual Loops": 4,
                  "Inner Unique": false,
                  "Join Filter": "(t.id = ci.movie_id)",
                  "Rows Removed by Join Filter": 0,
                  "Plans": [
                    {
                      "Node Type": "Hash Join",
                      "Parent Relationship": "Outer",
                      "Parallel Aware": true,
                      "Join Type": "Inner",
                      "Startup Cost": 46657.34,
                      "Total Cost": 76073.23,
                      "Plan Rows": 125455,
                      "Plan Width": 8,
                      "Actual Startup Time": 191.082,
                      "Actual Total Time": 460.899,
                      "Actual Rows": 237068,
                      "Actual Loops": 4,
                      "Inner Unique": true,
                      "Hash Cond": "(mc.movie_id = t.id)",
                      "Plans": [
                        {
                          "Node Type": "Seq Scan",
                          "Parent Relationship": "Outer",
                          "Parallel Aware": true,
                          "Relation Name": "movie_companies",
                          "Alias": "mc",
                          "Startup Cost": 0.0,
                          "Total Cost": 27206.55,
                          "Plan Rows": 841655,
                          "Plan Width": 4,
                          "Actual Startup Time": 0.021,
                          "Actual Total Time": 68.003,
                          "Actual Rows": 652282,
                          "Actual Loops": 4
                        },
                        {
                          "Node Type": "Hash",
                          "Parent Relationship": "Inner",
                          "Parallel Aware": true,
                          "Startup Cost": 45479.59,
                          "Total Cost": 45479.59,
                          "Plan Rows": 94220,
                          "Plan Width": 4,
                          "Actual Startup Time": 153.635,
                          "Actual Total Time": 153.636,
                          "Actual Rows": 110007,
                          "Actual Loops": 4,
                          "Hash Buckets": 524288,
                          "Original Hash Buckets": 524288,
                          "Hash Batches": 1,
                          "Original Hash Batches": 1,
                          "Peak Memory Usage": 21376,
                          "Plans": [
                            {
                              "Node Type": "Seq Scan",
                              "Parent Relationship": "Outer",
                              "Parallel Aware": true,
                              "Relation Name": "title",
                              "Alias": "t",
                              "Startup Cost": 0.0,
                              "Total Cost": 45479.59,
                              "Plan Rows": 94220,
                              "Plan Width": 4,
                              "Actual Startup Time": 66.193,
                              "Actual Total Time": 115.31,
                              "Actual Rows": 110007,
                              "Actual Loops": 4,
                              "Filter": "((production_year < 2006) AND (kind_id = 1))",
                              "Rows Removed by Filter": 522071
                            }
                          ]
                        }
                      ]
                    },
                    {
                      "Node Type": "Index Scan",
                      "Parent Relationship": "Inner",
                      "Parallel Aware": false,
                      "Scan Direction": "Forward",
                      "Index Name": "movie_id_cast_info",
                      "Relation Name": "cast_info",
                      "Alias": "ci",
                      "Startup Cost": 0.56,
                      "Total Cost": 1.85,
                      "Plan Rows": 5,
                      "Plan Width": 4,
                      "Actual Startup Time": 0.017,
                      "Actual Total Time": 0.022,
                      "Actual Rows": 6,
                      "Actual Loops": 948271,
                      "Index Cond": "(movie_id = mc.movie_id)",
                      "Rows Removed by Index Recheck": 0,
                      "Filter": "(person_id > 3098339)",
                      "Rows Removed by Filter": 27
                    }
                  ]
                }
              ]
            }
          ]
        }
      ]
    },
    "Planning Time": 1.533,
    "Triggers": [],
    "Execution Time": 6175.077
  }
]