[
  {
    "Plan": {
      "Node Type": "Aggregate",
      "Strategy": "Plain",
      "Partial Mode": "Finalize",
      "Parallel Aware": false,
      "Startup Cost": 32905.57,
      "Total Cost": 32905.58,
      "Plan Rows": 1,
      "Plan Width": 8,
      "Actual Startup Time": 84.888,
      "Actual Total Time": 89.68,
      "Actual Rows": 1,
      "Actual Loops": 1,
      "Plans": [
        {
          "Node Type": "Gather",
          "Parent Relationship": "Outer",
          "Parallel Aware": false,
          "Startup Cost": 32905.25,
          "Total Cost": 32905.56,
          "Plan Rows": 3,
          "Plan Width": 8,
          "Actual Startup Time": 84.805,
          "Actual Total Time": 89.675,
          "Actual Rows": 4,
          "Actual Loops": 1,
          "Workers Planned": 3,
          "Workers Launched": 3,
          "Single Copy": false,
          "Plans": [
            {
              "Node Type": "Aggregate",
              "Strategy": "Plain",
              "Partial Mode": "Partial",
              "Parent Relationship": "Outer",
              "Parallel Aware": false,
              "Startup Cost": 31905.25,
              "Total Cost": 31905.26,
              "Plan Rows": 1,
              "Plan Width": 8,
              "Actual Startup Time": 80.489,
              "Actual Total Time": 80.49,
              "Actual Rows": 1,
              "Actual Loops": 4,
              "Plans": [
                {
                  "Node Type": "Seq Scan",
                  "Parent Relationship": "Outer",
                  "Parallel Aware": true,
                  "Relation Name": "movie_companies",
                  "Alias": "mc",
                  "Startup Cost": 0.0,
                  "Total Cost": 31414.82,
                  "Plan Rows": 196173,
                  "Plan Width": 0,
                  "Actual Startup Time": 35.59,
                  "Actual Total Time": 70.676,
                  "Actual Rows": 220562,
                  "Actual Loops": 4,
                  "Filter": "((company_id > 12332) AND (company_type_id > 1))",
                  "Rows Removed by Filter": 431720
                }
              ]
            }
          ]
        }
      ]
    },
    "Planning Time": 0.085,
    "Triggers": [],
    "Execution Time": 89.704
  }
]