[
  {
    "Plan": {
      "Node Type": "Aggregate",
      "Strategy": "Plain",
      "Partial Mode": "Finalize",
      "Parallel Aware": false,
      "Startup Cost": 106851.25,
      "Total Cost": 106851.26,
      "Plan Rows": 1,
      "Plan Width": 8,
      "Actual Startup Time": 993.346,
      "Actual Total Time": 1017.051,
      "Actual Rows": 1,
      "Actual Loops": 1,
      "Plans": [
        {
          "Node Type": "Gather",
          "Parent Relationship": "Outer",
          "Parallel Aware": false,
          "Startup Cost": 106850.94,
          "Total Cost": 106851.25,
          "Plan Rows": 3,
          "Plan Width": 8,
          "Actual Startup Time": 979.93,
          "Actual Total Time": 1017.037,
          "Actual Rows": 4,
          "Actual Loops": 1,
          "Workers Planned": 3,
          "Workers Launched": 3,
          "Single Copy": false,
          "Plans": [
            {
              "Node Type": "Aggregate",
              "Strategy": "Plain",
              "Partial Mode": "Partial",
              "Parent Relationship": "Outer",
              "Parallel Aware": false,
              "Startup Cost": 105850.94,
              "Total Cost": 105850.95,
              "Plan Rows": 1,
              "Plan Width": 8,
              "Actual Startup Time": 970.368,
              "Actual Total Time": 970.8,
              "Actual Rows": 1,
              "Actual Loops": 4,
              "Plans": [
                {
                  "Node Type": "Hash Join",
                  "Parent Relationship": "Outer",
                  "Parallel Aware": true,
                  "Join Type": "Inner",
                  "Startup Cost": 71818.49,
                  "Total Cost": 105054.09,
                  "Plan Rows": 318740,
                  "Plan Width": 0,
                  "Actual Startup Time": 651.196,
                  "Actual Total Time": 929.807,
                  "Actual Rows": 705342,
                  "Actual Loops": 4,
                  "Inner Unique": false,
                  "Hash Cond": "(mc.movie_id = t.id)",
                  "Plans": [
                    {
                      "Node Type": "Seq Scan",
                      "Parent Relationship": "Outer",
                      "Parallel Aware": true,
                      "Relation Name": "movie_companies",
                      "Alias": "mc",
                      "Startup Cost": 0.0,
                      "Total Cost": 29310.68,
                      "Plan Rows": 692488,
                      "Plan Width": 4,
                      "Actual Startup Time": 0.101,
                      "Actual Total Time": 92.31,
                      "Actual Rows": 538554,
                      "Actual Loops": 4,
                      "Filter": "(company_id > 382)",
                      "Rows Removed by Filter": 113728
                    },
                    {
                      "Node Type": "Hash",
                      "Parent Relationship": "Inner",
                      "Parallel Aware": true,
                      "Startup Cost": 65757.09,
                      "Total Cost": 65757.09,
                      "Plan Rows": 484912,
                      "Plan Width": 8,
                      "Actual Startup Time": 644.184,
                      "Actual Total Time": 644.614,
                      "Actual Rows": 294920,
                      "Actual Loops": 4,
                      "Hash Buckets": 2097152,
                      "Original Hash Buckets": 2097152,
                      "Hash Batches": 1,
                      "Original Hash Batches": 1,
                      "Peak Memory Usage": 62592,
                      "Plans": [
                        {
                          "Node Type": "Hash Join",
                          "Parent Relationship": "Outer",
                          "Parallel Aware": true,
                          "Join Type": "Inner",
                          "Startup Cost": 50562.53,
                          "Total Cost": 65757.09,
                          "Plan Rows": 484912,
                          "Plan Width": 8,
                          "Actual Startup Time": 379.665,
                          "Actual Total Time": 536.912,
                          "Actual Rows": 294920,
                          "Actual Loops": 4,
                          "Inner Unique": true,
                          "Hash Cond": "(mi_idx.movie_id = t.id)",
                          "Plans": [
                            {
                              "Node Type": "Seq Scan",
                              "Parent Relationship": "Outer",
                              "Parallel Aware": true,
                              "Relation Name": "movie_info_idx",
                              "Alias": "mi_idx",
                              "Startup Cost": 0.0,
                              "Total Cost": 13685.15,
                              "Plan Rows": 575015,
                              "Plan Width": 4,
                              "Actual Startup Time": 0.021,
                              "Actual Total Time": 41.551,
                              "Actual Rows": 345009,
                              "Actual Loops": 4
                            },
                            {
                              "Node Type": "Hash",
                              "Parent Relationship": "Inner",
                              "Parallel Aware": true,
                              "Startup Cost": 43899.32,
                              "Total Cost": 43899.32,
                              "Plan Rows": 533057,
                              "Plan Width": 4,
                              "Actual Startup Time": 372.556,
                              "Actual Total Time": 372.558,
                              "Actual Rows": 529593,
                              "Actual Loops": 4,
                              "Hash Buckets": 4194304,
                              "Original Hash Buckets": 4194304,
                              "Hash Batches": 1,
                              "Original Hash Batches": 1,
                              "Peak Memory Usage": 115712,
                              "Plans": [
                                {
                                  "Node Type": "Seq Scan",
                                  "Parent Relationship": "Outer",
                                  "Parallel Aware": true,
                                  "Relation Name": "title",
                                  "Alias": "t",
                                  "Startup Cost": 0.0,
                                  "Total Cost": 43899.32,
                                  "Plan Rows": 533057,
                                  "Plan Width": 4,
                                  "Actual Startup Time": 0.061,
                                  "Actual Total Time": 137.972,
                                  "Actual Rows": 529593,
                                  "Actual Loops": 4,
                                  "Filter": "(production_year > 1967)",
                                  "Rows Removed by Filter": 102485
                                }
                              ]
                            }
                          ]
                        }
                      ]
                    }
                  ]
                }
              ]
            }
          ]
        }
      ]
    },
    "Planning Time": 0.927,
    "Triggers": [],
    "Execution Time": 1017.113
  }
]