[
  {
    "Plan": {
      "Node Type": "Aggregate",
      "Strategy": "Plain",
      "Partial Mode": "Finalize",
      "Parallel Aware": false,
      "Startup Cost": 31590.18,
      "Total Cost": 31590.19,
      "Plan Rows": 1,
      "Plan Width": 8,
      "Actual Startup Time": 107.363,
      "Actual Total Time": 113.538,
      "Actual Rows": 1,
      "Actual Loops": 1,
      "Plans": [
        {
          "Node Type": "Gather",
          "Parent Relationship": "Outer",
          "Parallel Aware": false,
          "Startup Cost": 31589.86,
          "Total Cost": 31590.17,
          "Plan Rows": 3,
          "Plan Width": 8,
          "Actual Startup Time": 107.231,
          "Actual Total Time": 113.53,
          "Actual Rows": 4,
          "Actual Loops": 1,
          "Workers Planned": 3,
          "Workers Launched": 3,
          "Single Copy": false,
          "Plans": [
            {
              "Node Type": "Aggregate",
              "Strategy": "Plain",
              "Partial Mode": "Partial",
              "Parent Relationship": "Outer",
              "Parallel Aware": false,
              "Startup Cost": 30589.86,
              "Total Cost": 30589.87,
              "Plan Rows": 1,
              "Plan Width": 8,
              "Actual Startup Time": 101.016,
              "Actual Total Time": 101.017,
              "Actual Rows": 1,
              "Actual Loops": 4,
              "Plans": [
                {
                  "Node Type": "Seq Scan",
                  "Parent Relationship": "Outer",
                  "Parallel Aware": true,
                  "Relation Name": "movie_companies",
                  "Alias": "mc",
                  "Startup Cost": 0.0,
                  "Total Cost": 29310.68,
                  "Plan Rows": 511672,
                  "Plan Width": 0,
                  "Actual Startup Time": 6.69,
                  "Actual Total Time": 82.458,
                  "Actual Rows": 396703,
                  "Actual Loops": 4,
                  "Filter": "(company_id > 5427)",
                  "Rows Removed by Filter": 255579
                }
              ]
            }
          ]
        }
      ]
    },
    "Planning Time": 0.151,
    "Triggers": [],
    "Execution Time": 113.583
  }
]