[
  {
    "Plan": {
      "Node Type": "Aggregate",
      "Strategy": "Plain",
      "Partial Mode": "Finalize",
      "Parallel Aware": false,
      "Startup Cost": 38595.65,
      "Total Cost": 38595.66,
      "Plan Rows": 1,
      "Plan Width": 8,
      "Actual Startup Time": 133.347,
      "Actual Total Time": 139.452,
      "Actual Rows": 1,
      "Actual Loops": 1,
      "Plans": [
        {
          "Node Type": "Gather",
          "Parent Relationship": "Outer",
          "Parallel Aware": false,
          "Startup Cost": 38595.33,
          "Total Cost": 38595.64,
          "Plan Rows": 3,
          "Plan Width": 8,
          "Actual Startup Time": 133.131,
          "Actual Total Time": 139.436,
          "Actual Rows": 4,
          "Actual Loops": 1,
          "Workers Planned": 3,
          "Workers Launched": 3,
          "Single Copy": false,
          "Plans": [
            {
              "Node Type": "Aggregate",
              "Strategy": "Plain",
              "Partial Mode": "Partial",
              "Parent Relationship": "Outer",
              "Parallel Aware": false,
              "Startup Cost": 37595.33,
              "Total Cost": 37595.34,
              "Plan Rows": 1,
              "Plan Width": 8,
              "Actual Startup Time": 127.499,
              "Actual Total Time": 127.5,
              "Actual Rows": 1,
              "Actual Loops": 4,
              "Plans": [
                {
                  "Node Type": "Bitmap Heap Scan",
                  "Parent Relationship": "Outer",
                  "Parallel Aware": true,
                  "Relation Name": "movie_keyword",
                  "Alias": "mk",
                  "Startup Cost": 10701.01,
                  "Total Cost": 37188.61,
                  "Plan Rows": 162688,
                  "Plan Width": 0,
                  "Actual Startup Time": 49.263,
                  "Actual Total Time": 119.896,
                  "Actual Rows": 123030,
                  "Actual Loops": 4,
                  "Recheck Cond": "(keyword_id > 36615)",
                  "Rows Removed by Index Recheck": 0,
                  "Exact Heap Blocks": 10058,
                  "Lossy Heap Blocks": 0,
                  "Plans": [
                    {
                      "Node Type": "Bitmap Index Scan",
                      "Parent Relationship": "Outer",
                      "Parallel Aware": false,
                      "Index Name": "keyword_id_movie_keyword",
                      "Startup Cost": 0.0,
                      "Total Cost": 10574.93,
                      "Plan Rows": 504333,
                      "Plan Width": 0,
                      "Actual Startup Time": 50.621,
                      "Actual Total Time": 50.621,
                      "Actual Rows": 492121,
                      "Actual Loops": 1,
                      "Index Cond": "(keyword_id > 36615)"
                    }
                  ]
                }
              ]
            }
          ]
        }
      ]
    },
    "Planning Time": 0.185,
    "Triggers": [],
    "Execution Time": 139.54
  }
]