{
  "Plan": {
    "Node Type": "Aggregate",
    "Strategy": "Plain",
    "Partial Mode": "Simple",
    "Parallel Aware": false,
    "Startup Cost": 91414.41,
    "Total Cost": 91414.42,
    "Plan Rows": 1,
    "Plan Width": 8,
    "Actual Startup Time": 663.363,
    "Actual Total Time": 663.365,
    "Actual Rows": 1,
    "Actual Loops": 1,
    "Plans": [
      {
        "Node Type": "Hash Join",
        "Parent Relationship": "Outer",
        "Parallel Aware": false,
        "Join Type": "Inner",
        "Startup Cost": 90354.85,
        "Total Cost": 91414.22,
        "Plan Rows": 73,
        "Plan Width": 0,
        "Actual Startup Time": 663.355,
        "Actual Total Time": 663.359,
        "Actual Rows": 2,
        "Actual Loops": 1,
        "Inner Unique": true,
        "Hash Cond": "(ci.movie_id = t.id)",
        "Plans": [
          {
            "Node Type": "Index Scan",
            "Parent Relationship": "Outer",
            "Parallel Aware": false,
            "Scan Direction": "Forward",
            "Index Name": "person_id_cast_info",
            "Relation Name": "cast_info",
            "Alias": "ci",
            "Startup Cost": 0.56,
            "Total Cost": 1059.67,
            "Plan Rows": 101,
            "Plan Width": 4,
            "Actual Startup Time": 0.675,
            "Actual Total Time": 0.683,
            "Actual Rows": 5,
            "Actual Loops": 1,
            "Index Cond": "(person_id = 2326582)",
            "Rows Removed by Index Recheck": 0,
            "Filter": "(role_id = 2)",
            "Rows Removed by Filter": 0
          },
          {
            "Node Type": "Hash",
            "Parent Relationship": "Inner",
            "Parallel Aware": false,
            "Startup Cost": 67601.66,
            "Total Cost": 67601.66,
            "Plan Rows": 1820210,
            "Plan Width": 4,
            "Actual Startup Time": 658.529,
            "Actual Total Time": 658.53,
            "Actual Rows": 1813245,
            "Actual Loops": 1,
            "Hash Buckets": 2097152,
            "Original Hash Buckets": 2097152,
            "Hash Batches": 1,
            "Original Hash Batches": 1,
            "Peak Memory Usage": 80131,
            "Plans": [
              {
                "Node Type": "Seq Scan",
                "Parent Relationship": "Outer",
                "Parallel Aware": false,
                "Relation Name": "title",
                "Alias": "t",
                "Startup Cost": 0.0,
                "Total Cost": 67601.66,
                "Plan Rows": 1820210,
                "Plan Width": 4,
                "Actual Startup Time": 0.031,
                "Actual Total Time": 304.832,
                "Actual Rows": 1813245,
                "Actual Loops": 1,
                "Filter": "(production_year > 1987)",
                "Rows Removed by Filter": 715067
              }
            ]
          }
        ]
      }
    ]
  },
  "Planning Time": 0.672,
  "Triggers": [],
  "Execution Time": 667.565
}