[
    {
        "Bao": {
            "Bao prediction": "NaN",
            "Bao recommended hint": "(no hint)"
        }
    },
    {
        "Plan": {
            "Node Type": "Aggregate",
            "Strategy": "Plain",
            "Partial Mode": "Finalize",
            "Parallel Aware": false,
            "Startup Cost": 32823.29,
            "Total Cost": 32823.3,
            "Plan Rows": 1,
            "Plan Width": 8,
            "Actual Startup Time": 79.636,
            "Actual Total Time": 84.866,
            "Actual Rows": 1,
            "Actual Loops": 1,
            "Output": [
                "count(*)"
            ],
            "Plans": [
                {
                    "Node Type": "Gather",
                    "Parent Relationship": "Outer",
                    "Parallel Aware": false,
                    "Startup Cost": 32822.97,
                    "Total Cost": 32823.28,
                    "Plan Rows": 3,
                    "Plan Width": 8,
                    "Actual Startup Time": 79.558,
                    "Actual Total Time": 84.859,
                    "Actual Rows": 4,
                    "Actual Loops": 1,
                    "Output": [
                        "(PARTIAL count(*))"
                    ],
                    "Workers Planned": 3,
                    "Workers Launched": 3,
                    "Single Copy": false,
                    "Plans": [
                        {
                            "Node Type": "Aggregate",
                            "Strategy": "Plain",
                            "Partial Mode": "Partial",
                            "Parent Relationship": "Outer",
                            "Parallel Aware": false,
                            "Startup Cost": 31822.97,
                            "Total Cost": 31822.98,
                            "Plan Rows": 1,
                            "Plan Width": 8,
                            "Actual Startup Time": 71.673,
                            "Actual Total Time": 71.674,
                            "Actual Rows": 1,
                            "Actual Loops": 4,
                            "Output": [
                                "PARTIAL count(*)"
                            ],
                            "Workers": [
                                {
                                    "Worker Number": 0,
                                    "Actual Startup Time": 68.934,
                                    "Actual Total Time": 68.935,
                                    "Actual Rows": 1,
                                    "Actual Loops": 1
                                },
                                {
                                    "Worker Number": 1,
                                    "Actual Startup Time": 69.125,
                                    "Actual Total Time": 69.125,
                                    "Actual Rows": 1,
                                    "Actual Loops": 1
                                },
                                {
                                    "Worker Number": 2,
                                    "Actual Startup Time": 69.388,
                                    "Actual Total Time": 69.389,
                                    "Actual Rows": 1,
                                    "Actual Loops": 1
                                }
                            ],
                            "Plans": [
                                {
                                    "Node Type": "Seq Scan",
                                    "Parent Relationship": "Outer",
                                    "Parallel Aware": true,
                                    "Relation Name": "movie_companies",
                                    "Schema": "public",
                                    "Alias": "mc",
                                    "Startup Cost": 0.0,
                                    "Total Cost": 31414.82,
                                    "Plan Rows": 163261,
                                    "Plan Width": 0,
                                    "Actual Startup Time": 15.536,
                                    "Actual Total Time": 68.812,
                                    "Actual Rows": 50669,
                                    "Actual Loops": 4,
                                    "Output": [
                                        "id",
                                        "movie_id",
                                        "company_id",
                                        "company_type_id",
                                        "note"
                                    ],
                                    "Filter": "((mc.company_id > 15433) AND (mc.company_type_id < 2))",
                                    "Rows Removed by Filter": 601614,
                                    "Workers": [
                                        {
                                            "Worker Number": 0,
                                            "Actual Startup Time": 12.815,
                                            "Actual Total Time": 66.208,
                                            "Actual Rows": 40925,
                                            "Actual Loops": 1
                                        },
                                        {
                                            "Worker Number": 1,
                                            "Actual Startup Time": 13.003,
                                            "Actual Total Time": 66.365,
                                            "Actual Rows": 41366,
                                            "Actual Loops": 1
                                        },
                                        {
                                            "Worker Number": 2,
                                            "Actual Startup Time": 13.269,
                                            "Actual Total Time": 66.716,
                                            "Actual Rows": 37442,
                                            "Actual Loops": 1
                                        }
                                    ]
                                }
                            ]
                        }
                    ]
                }
            ]
        },
        "Planning Time": 191.038,
        "Triggers": [],
        "Execution Time": 84.923
    }
]