[
  {
    "Plan": {
      "Node Type": "Aggregate",
      "Strategy": "Plain",
      "Partial Mode": "Finalize",
      "Parallel Aware": false,
      "Startup Cost": 346025.48,
      "Total Cost": 346025.49,
      "Plan Rows": 1,
      "Plan Width": 8,
      "Actual Startup Time": 687.83,
      "Actual Total Time": 733.467,
      "Actual Rows": 1,
      "Actual Loops": 1,
      "Plans": [
        {
          "Node Type": "Gather",
          "Parent Relationship": "Outer",
          "Parallel Aware": false,
          "Startup Cost": 346024.85,
          "Total Cost": 346025.46,
          "Plan Rows": 6,
          "Plan Width": 8,
          "Actual Startup Time": 687.716,
          "Actual Total Time": 733.458,
          "Actual Rows": 7,
          "Actual Loops": 1,
          "Workers Planned": 6,
          "Workers Launched": 6,
          "Single Copy": false,
          "Plans": [
            {
              "Node Type": "Aggregate",
              "Strategy": "Plain",
              "Partial Mode": "Partial",
              "Parent Relationship": "Outer",
              "Parallel Aware": false,
              "Startup Cost": 345024.85,
              "Total Cost": 345024.86,
              "Plan Rows": 1,
              "Plan Width": 8,
              "Actual Startup Time": 680.426,
              "Actual Total Time": 680.427,
              "Actual Rows": 1,
              "Actual Loops": 7,
              "Plans": [
                {
                  "Node Type": "Seq Scan",
                  "Parent Relationship": "Outer",
                  "Parallel Aware": true,
                  "Relation Name": "cast_info",
                  "Alias": "ci",
                  "Startup Cost": 0.0,
                  "Total Cost": 343316.27,
                  "Plan Rows": 683432,
                  "Plan Width": 0,
                  "Actual Startup Time": 337.868,
                  "Actual Total Time": 617.585,
                  "Actual Rows": 1308987,
                  "Actual Loops": 7,
                  "Filter": "((person_id > 2783151) AND (role_id > 2))",
                  "Rows Removed by Filter": 3868777
                }
              ]
            }
          ]
        }
      ]
    },
    "Planning Time": 0.108,
    "Triggers": [],
    "Execution Time": 733.515
  }
]