{
    "Plan": {
        "Node Type": "Aggregate",
        "Strategy": "Plain",
        "Partial Mode": "Simple",
        "Parallel Aware": false,
        "Startup Cost": 10003790355.41,
        "Total Cost": 10003790355.42,
        "Plan Rows": 1,
        "Plan Width": 8,
        "Actual Startup Time": 7147.017,
        "Actual Total Time": 7147.023,
        "Actual Rows": 1,
        "Actual Loops": 1,
        "Output": [
            "count(*)"
        ],
        "Plans": [
            {
                "Node Type": "Hash Join",
                "Parent Relationship": "Outer",
                "Parallel Aware": false,
                "Join Type": "Inner",
                "Startup Cost": 10000513637.46,
                "Total Cost": 10003786922.64,
                "Plan Rows": 1373110,
                "Plan Width": 0,
                "Actual Startup Time": 3805.178,
                "Actual Total Time": 6982.88,
                "Actual Rows": 4013896,
                "Actual Loops": 1,
                "Inner Unique": false,
                "Hash Cond": "(t.id = mi.movie_id)",
                "Plans": [
                    {
                        "Node Type": "Hash Join",
                        "Parent Relationship": "Outer",
                        "Parallel Aware": false,
                        "Join Type": "Inner",
                        "Startup Cost": 10000027862.6,
                        "Total Cost": 10000158631.24,
                        "Plan Rows": 462496,
                        "Plan Width": 8,
                        "Actual Startup Time": 195.615,
                        "Actual Total Time": 2673.353,
                        "Actual Rows": 459925,
                        "Actual Loops": 1,
                        "Output": [
                            "t.id",
                            "mi_idx.movie_id"
                        ],
                        "Inner Unique": false,
                        "Hash Cond": "(t.id = mi_idx.movie_id)",
                        "Plans": [
                            {
                                "Node Type": "Index Scan",
                                "Parent Relationship": "Outer",
                                "Parallel Aware": false,
                                "Scan Direction": "Forward",
                                "Index Name": "title_pkey",
                                "Relation Name": "title",
                                "Schema": "public",
                                "Alias": "t",
                                "Startup Cost": 10000000000.43,
                                "Total Cost": 10000110342.1,
                                "Plan Rows": 2528322,
                                "Plan Width": 4,
                                "Actual Startup Time": 0.018,
                                "Actual Total Time": 1547.018,
                                "Actual Rows": 2528312,
                                "Actual Loops": 1,
                                "Output": [
                                    "t.id",
                                    "t.title",
                                    "t.imdb_index",
                                    "t.kind_id",
                                    "t.production_year",
                                    "t.imdb_id",
                                    "t.phonetic_code",
                                    "t.episode_of_id",
                                    "t.season_nr",
                                    "t.episode_nr",
                                    "t.series_years",
                                    "t.md5sum"
                                ]
                            },
                            {
                                "Node Type": "Hash",
                                "Parent Relationship": "Inner",
                                "Parallel Aware": false,
                                "Startup Cost": 22080.97,
                                "Total Cost": 22080.97,
                                "Plan Rows": 462496,
                                "Plan Width": 4,
                                "Actual Startup Time": 190.996,
                                "Actual Total Time": 190.999,
                                "Actual Rows": 459925,
                                "Actual Loops": 1,
                                "Output": [
                                    "mi_idx.movie_id"
                                ],
                                "Hash Buckets": 524288,
                                "Original Hash Buckets": 524288,
                                "Hash Batches": 1,
                                "Original Hash Batches": 1,
                                "Peak Memory Usage": 20266,
                                "Plans": [
                                    {
                                        "Node Type": "Bitmap Heap Scan",
                                        "Parent Relationship": "Outer",
                                        "Parallel Aware": false,
                                        "Relation Name": "movie_info_idx",
                                        "Schema": "public",
                                        "Alias": "mi_idx",
                                        "Startup Cost": 8364.77,
                                        "Total Cost": 22080.97,
                                        "Plan Rows": 462496,
                                        "Plan Width": 4,
                                        "Actual Startup Time": 24.731,
                                        "Actual Total Time": 107.313,
                                        "Actual Rows": 459925,
                                        "Actual Loops": 1,
                                        "Output": [
                                            "mi_idx.movie_id"
                                        ],
                                        "Recheck Cond": "(mi_idx.info_type_id = 100)",
                                        "Rows Removed by Index Recheck": 0,
                                        "Exact Heap Blocks": 7934,
                                        "Lossy Heap Blocks": 0,
                                        "Plans": [
                                            {
                                                "Node Type": "Bitmap Index Scan",
                                                "Parent Relationship": "Outer",
                                                "Parallel Aware": false,
                                                "Index Name": "info_type_id_movie_info_idx",
                                                "Startup Cost": 0.0,
                                                "Total Cost": 8249.15,
                                                "Plan Rows": 462496,
                                                "Plan Width": 0,
                                                "Actual Startup Time": 23.741,
                                                "Actual Total Time": 23.741,
                                                "Actual Rows": 459925,
                                                "Actual Loops": 1,
                                                "Index Cond": "(mi_idx.info_type_id = 100)"
                                            }
                                        ]
                                    }
                                ]
                            }
                        ]
                    },
                    {
                        "Node Type": "Hash",
                        "Parent Relationship": "Inner",
                        "Parallel Aware": false,
                        "Startup Cost": 391945.31,
                        "Total Cost": 391945.31,
                        "Plan Rows": 7506364,
                        "Plan Width": 4,
                        "Actual Startup Time": 3565.379,
                        "Actual Total Time": 3565.38,
                        "Actual Rows": 7548855,
                        "Actual Loops": 1,
                        "Output": [
                            "mi.movie_id"
                        ],
                        "Hash Buckets": 8388608,
                        "Original Hash Buckets": 8388608,
                        "Hash Batches": 1,
                        "Original Hash Batches": 1,
                        "Peak Memory Usage": 330926,
                        "Plans": [
                            {
                                "Node Type": "Bitmap Heap Scan",
                                "Parent Relationship": "Outer",
                                "Parallel Aware": false,
                                "Relation Name": "movie_info",
                                "Schema": "public",
                                "Alias": "mi",
                                "Startup Cost": 136122.76,
                                "Total Cost": 391945.31,
                                "Plan Rows": 7506364,
                                "Plan Width": 4,
                                "Actual Startup Time": 330.717,
                                "Actual Total Time": 1813.637,
                                "Actual Rows": 7548855,
                                "Actual Loops": 1,
                                "Output": [
                                    "mi.movie_id"
                                ],
                                "Recheck Cond": "(mi.info_type_id > 7)",
                                "Rows Removed by Index Recheck": 0,
                                "Exact Heap Blocks": 113705,
                                "Lossy Heap Blocks": 0,
                                "Plans": [
                                    {
                                        "Node Type": "Bitmap Index Scan",
                                        "Parent Relationship": "Outer",
                                        "Parallel Aware": false,
                                        "Index Name": "info_type_id_movie_info",
                                        "Startup Cost": 0.0,
                                        "Total Cost": 134246.16,
                                        "Plan Rows": 7506364,
                                        "Plan Width": 0,
                                        "Actual Startup Time": 310.886,
                                        "Actual Total Time": 310.886,
                                        "Actual Rows": 7548855,
                                        "Actual Loops": 1,
                                        "Index Cond": "(mi.info_type_id > 7)"
                                    }
                                ]
                            }
                        ]
                    }
                ]
            }
        ]
    },
    "Planning Time": 3.846,
    "Triggers": [],
    "Execution Time": 7153.636
}