{
  "Plan": {
    "Node Type": "Aggregate",
    "Strategy": "Plain",
    "Partial Mode": "Simple",
    "Parallel Aware": false,
    "Startup Cost": 3142.81,
    "Total Cost": 3142.82,
    "Plan Rows": 1,
    "Plan Width": 8,
    "Actual Startup Time": 19.184,
    "Actual Total Time": 19.186,
    "Actual Rows": 1,
    "Actual Loops": 1,
    "Plans": [
      {
        "Node Type": "Nested Loop",
        "Parent Relationship": "Outer",
        "Parallel Aware": false,
        "Join Type": "Inner",
        "Startup Cost": 7.35,
        "Total Cost": 3142.56,
        "Plan Rows": 100,
        "Plan Width": 0,
        "Actual Startup Time": 1.285,
        "Actual Total Time": 19.118,
        "Actual Rows": 606,
        "Actual Loops": 1,
        "Inner Unique": false,
        "Plans": [
          {
            "Node Type": "Nested Loop",
            "Parent Relationship": "Outer",
            "Parallel Aware": false,
            "Join Type": "Inner",
            "Startup Cost": 6.78,
            "Total Cost": 3006.58,
            "Plan Rows": 7,
            "Plan Width": 8,
            "Actual Startup Time": 1.266,
            "Actual Total Time": 17.529,
            "Actual Rows": 16,
            "Actual Loops": 1,
            "Inner Unique": true,
            "Plans": [
              {
                "Node Type": "Bitmap Heap Scan",
                "Parent Relationship": "Outer",
                "Parallel Aware": false,
                "Relation Name": "movie_keyword",
                "Alias": "mk",
                "Startup Cost": 6.35,
                "Total Cost": 922.98,
                "Plan Rows": 248,
                "Plan Width": 4,
                "Actual Startup Time": 0.885,
                "Actual Total Time": 5.248,
                "Actual Rows": 1845,
                "Actual Loops": 1,
                "Recheck Cond": "(keyword_id = 1681)",
                "Rows Removed by Index Recheck": 0,
                "Exact Heap Blocks": 1777,
                "Lossy Heap Blocks": 0,
                "Plans": [
                  {
                    "Node Type": "Bitmap Index Scan",
                    "Parent Relationship": "Outer",
                    "Parallel Aware": false,
                    "Index Name": "keyword_id_movie_keyword",
                    "Startup Cost": 0.0,
                    "Total Cost": 6.29,
                    "Plan Rows": 248,
                    "Plan Width": 0,
                    "Actual Startup Time": 0.506,
                    "Actual Total Time": 0.507,
                    "Actual Rows": 1845,
                    "Actual Loops": 1,
                    "Index Cond": "(keyword_id = 1681)"
                  }
                ]
              },
              {
                "Node Type": "Index Scan",
                "Parent Relationship": "Inner",
                "Parallel Aware": false,
                "Scan Direction": "Forward",
                "Index Name": "title_pkey",
                "Relation Name": "title",
                "Alias": "t",
                "Startup Cost": 0.43,
                "Total Cost": 8.4,
                "Plan Rows": 1,
                "Plan Width": 4,
                "Actual Startup Time": 0.006,
                "Actual Total Time": 0.006,
                "Actual Rows": 0,
                "Actual Loops": 1845,
                "Index Cond": "(id = mk.movie_id)",
                "Rows Removed by Index Recheck": 0,
                "Filter": "(production_year > 2012)",
                "Rows Removed by Filter": 1
              }
            ]
          },
          {
            "Node Type": "Index Only Scan",
            "Parent Relationship": "Inner",
            "Parallel Aware": false,
            "Scan Direction": "Forward",
            "Index Name": "movie_id_cast_info",
            "Relation Name": "cast_info",
            "Alias": "ci",
            "Startup Cost": 0.56,
            "Total Cost": 19.06,
            "Plan Rows": 37,
            "Plan Width": 4,
            "Actual Startup Time": 0.015,
            "Actual Total Time": 0.092,
            "Actual Rows": 38,
            "Actual Loops": 16,
            "Index Cond": "(movie_id = t.id)",
            "Rows Removed by Index Recheck": 0,
            "Heap Fetches": 606
          }
        ]
      }
    ]
  },
  "Planning Time": 0.571,
  "Triggers": [],
  "Execution Time": 19.243
}