[
  {
    "Plan": {
      "Node Type": "Aggregate",
      "Strategy": "Plain",
      "Partial Mode": "Finalize",
      "Parallel Aware": false,
      "Startup Cost": 82950.19,
      "Total Cost": 82950.2,
      "Plan Rows": 1,
      "Plan Width": 8,
      "Actual Startup Time": 346.644,
      "Actual Total Time": 358.441,
      "Actual Rows": 1,
      "Actual Loops": 1,
      "Plans": [
        {
          "Node Type": "Gather",
          "Parent Relationship": "Outer",
          "Parallel Aware": false,
          "Startup Cost": 82949.77,
          "Total Cost": 82950.18,
          "Plan Rows": 4,
          "Plan Width": 8,
          "Actual Startup Time": 342.564,
          "Actual Total Time": 358.434,
          "Actual Rows": 5,
          "Actual Loops": 1,
          "Workers Planned": 4,
          "Workers Launched": 4,
          "Single Copy": false,
          "Plans": [
            {
              "Node Type": "Aggregate",
              "Strategy": "Plain",
              "Partial Mode": "Partial",
              "Parent Relationship": "Outer",
              "Parallel Aware": false,
              "Startup Cost": 81949.77,
              "Total Cost": 81949.78,
              "Plan Rows": 1,
              "Plan Width": 8,
              "Actual Startup Time": 333.84,
              "Actual Total Time": 333.846,
              "Actual Rows": 1,
              "Actual Loops": 5,
              "Plans": [
                {
                  "Node Type": "Hash Join",
                  "Parent Relationship": "Outer",
                  "Parallel Aware": true,
                  "Join Type": "Inner",
                  "Startup Cost": 35146.08,
                  "Total Cost": 81371.43,
                  "Plan Rows": 231338,
                  "Plan Width": 0,
                  "Actual Startup Time": 128.929,
                  "Actual Total Time": 326.296,
                  "Actual Rows": 151579,
                  "Actual Loops": 5,
                  "Inner Unique": false,
                  "Hash Cond": "(t.id = mc.movie_id)",
                  "Plans": [
                    {
                      "Node Type": "Seq Scan",
                      "Parent Relationship": "Outer",
                      "Parallel Aware": true,
                      "Relation Name": "title",
                      "Alias": "t",
                      "Startup Cost": 0.0,
                      "Total Cost": 42318.73,
                      "Plan Rows": 632073,
                      "Plan Width": 4,
                      "Actual Startup Time": 0.014,
                      "Actual Total Time": 64.216,
                      "Actual Rows": 505662,
                      "Actual Loops": 5
                    },
                    {
                      "Node Type": "Hash",
                      "Parent Relationship": "Inner",
                      "Parallel Aware": true,
                      "Startup Cost": 31414.82,
                      "Total Cost": 31414.82,
                      "Plan Rows": 298501,
                      "Plan Width": 4,
                      "Actual Startup Time": 124.565,
                      "Actual Total Time": 124.568,
                      "Actual Rows": 151579,
                      "Actual Loops": 5,
                      "Hash Buckets": 1048576,
                      "Original Hash Buckets": 1048576,
                      "Hash Batches": 1,
                      "Original Hash Batches": 1,
                      "Peak Memory Usage": 37920,
                      "Plans": [
                        {
                          "Node Type": "Seq Scan",
                          "Parent Relationship": "Outer",
                          "Parallel Aware": true,
                          "Relation Name": "movie_companies",
                          "Alias": "mc",
                          "Startup Cost": 0.0,
                          "Total Cost": 31414.82,
                          "Plan Rows": 298501,
                          "Plan Width": 4,
                          "Actual Startup Time": 1.064,
                          "Actual Total Time": 71.86,
                          "Actual Rows": 151579,
                          "Actual Loops": 5,
                          "Filter": "((company_id > 1413) AND (company_type_id = 1))",
                          "Rows Removed by Filter": 370247
                        }
                      ]
                    }
                  ]
                }
              ]
            }
          ]
        }
      ]
    },
    "Planning Time": 0.651,
    "Triggers": [],
    "Execution Time": 358.512
  }
]