{
  "Plan": {
    "Node Type": "Aggregate",
    "Strategy": "Plain",
    "Partial Mode": "Finalize",
    "Parallel Aware": false,
    "Startup Cost": 96940.4,
    "Total Cost": 96940.41,
    "Plan Rows": 1,
    "Plan Width": 8,
    "Actual Startup Time": 602.418,
    "Actual Total Time": 620.954,
    "Actual Rows": 1,
    "Actual Loops": 1,
    "Plans": [
      {
        "Node Type": "Gather",
        "Parent Relationship": "Outer",
        "Parallel Aware": false,
        "Startup Cost": 96940.29,
        "Total Cost": 96940.4,
        "Plan Rows": 1,
        "Plan Width": 8,
        "Actual Startup Time": 596.775,
        "Actual Total Time": 620.947,
        "Actual Rows": 2,
        "Actual Loops": 1,
        "Workers Planned": 1,
        "Workers Launched": 1,
        "Single Copy": false,
        "Plans": [
          {
            "Node Type": "Aggregate",
            "Strategy": "Plain",
            "Partial Mode": "Partial",
            "Parent Relationship": "Outer",
            "Parallel Aware": false,
            "Startup Cost": 95940.29,
            "Total Cost": 95940.3,
            "Plan Rows": 1,
            "Plan Width": 8,
            "Actual Startup Time": 586.475,
            "Actual Total Time": 586.479,
            "Actual Rows": 1,
            "Actual Loops": 2,
            "Plans": [
              {
                "Node Type": "Hash Join",
                "Parent Relationship": "Outer",
                "Parallel Aware": true,
                "Join Type": "Inner",
                "Startup Cost": 70374.83,
                "Total Cost": 95876.97,
                "Plan Rows": 25328,
                "Plan Width": 0,
                "Actual Startup Time": 549.659,
                "Actual Total Time": 585.418,
                "Actual Rows": 19446,
                "Actual Loops": 2,
                "Inner Unique": true,
                "Hash Cond": "(mk.movie_id = t.id)",
                "Plans": [
                  {
                    "Node Type": "Bitmap Heap Scan",
                    "Parent Relationship": "Outer",
                    "Parallel Aware": true,
                    "Relation Name": "movie_keyword",
                    "Alias": "mk",
                    "Startup Cost": 914.13,
                    "Total Cost": 26349.79,
                    "Plan Rows": 25328,
                    "Plan Width": 4,
                    "Actual Startup Time": 5.757,
                    "Actual Total Time": 26.992,
                    "Actual Rows": 19446,
                    "Actual Loops": 2,
                    "Recheck Cond": "(keyword_id < 47)",
                    "Rows Removed by Index Recheck": 0,
                    "Exact Heap Blocks": 10260,
                    "Lossy Heap Blocks": 0,
                    "Plans": [
                      {
                        "Node Type": "Bitmap Index Scan",
                        "Parent Relationship": "Outer",
                        "Parallel Aware": false,
                        "Index Name": "keyword_id_movie_keyword",
                        "Startup Cost": 0.0,
                        "Total Cost": 903.37,
                        "Plan Rows": 43058,
                        "Plan Width": 0,
                        "Actual Startup Time": 3.504,
                        "Actual Total Time": 3.504,
                        "Actual Rows": 38892,
                        "Actual Loops": 1,
                        "Index Cond": "(keyword_id < 47)"
                      }
                    ]
                  },
                  {
                    "Node Type": "Hash",
                    "Parent Relationship": "Inner",
                    "Parallel Aware": true,
                    "Startup Cost": 50870.31,
                    "Total Cost": 50870.31,
                    "Plan Rows": 1487231,
                    "Plan Width": 4,
                    "Actual Startup Time": 524.016,
                    "Actual Total Time": 524.017,
                    "Actual Rows": 1264156,
                    "Actual Loops": 2,
                    "Hash Buckets": 4194304,
                    "Original Hash Buckets": 4194304,
                    "Hash Batches": 1,
                    "Original Hash Batches": 1,
                    "Peak Memory Usage": 131712,
                    "Plans": [
                      {
                        "Node Type": "Seq Scan",
                        "Parent Relationship": "Outer",
                        "Parallel Aware": true,
                        "Relation Name": "title",
                        "Alias": "t",
                        "Startup Cost": 0.0,
                        "Total Cost": 50870.31,
                        "Plan Rows": 1487231,
                        "Plan Width": 4,
                        "Actual Startup Time": 0.026,
                        "Actual Total Time": 160.51,
                        "Actual Rows": 1264156,
                        "Actual Loops": 2
                      }
                    ]
                  }
                ]
              }
            ]
          }
        ]
      }
    ]
  },
  "Planning Time": 0.389,
  "Triggers": [],
  "Execution Time": 621.009
}