[
  {
    "Plan": {
      "Node Type": "Aggregate",
      "Strategy": "Plain",
      "Partial Mode": "Finalize",
      "Parallel Aware": false,
      "Startup Cost": 120971.05,
      "Total Cost": 120971.06,
      "Plan Rows": 1,
      "Plan Width": 8,
      "Actual Startup Time": 168.556,
      "Actual Total Time": 179.137,
      "Actual Rows": 1,
      "Actual Loops": 1,
      "Plans": [
        {
          "Node Type": "Gather",
          "Parent Relationship": "Outer",
          "Parallel Aware": false,
          "Startup Cost": 120970.53,
          "Total Cost": 120971.04,
          "Plan Rows": 5,
          "Plan Width": 8,
          "Actual Startup Time": 168.432,
          "Actual Total Time": 179.129,
          "Actual Rows": 6,
          "Actual Loops": 1,
          "Workers Planned": 5,
          "Workers Launched": 5,
          "Single Copy": false,
          "Plans": [
            {
              "Node Type": "Aggregate",
              "Strategy": "Plain",
              "Partial Mode": "Partial",
              "Parent Relationship": "Outer",
              "Parallel Aware": false,
              "Startup Cost": 119970.53,
              "Total Cost": 119970.54,
              "Plan Rows": 1,
              "Plan Width": 8,
              "Actual Startup Time": 160.317,
              "Actual Total Time": 160.318,
              "Actual Rows": 1,
              "Actual Loops": 6,
              "Plans": [
                {
                  "Node Type": "Index Scan",
                  "Parent Relationship": "Outer",
                  "Parallel Aware": true,
                  "Scan Direction": "Forward",
                  "Index Name": "role_id_cast_info",
                  "Relation Name": "cast_info",
                  "Alias": "ci",
                  "Startup Cost": 0.56,
                  "Total Cost": 119623.46,
                  "Plan Rows": 138828,
                  "Plan Width": 0,
                  "Actual Startup Time": 0.207,
                  "Actual Total Time": 157.836,
                  "Actual Rows": 38421,
                  "Actual Loops": 6,
                  "Index Cond": "(role_id = 10)",
                  "Rows Removed by Index Recheck": 0,
                  "Filter": "(person_id < 569352)",
                  "Rows Removed by Filter": 682082
                }
              ]
            }
          ]
        }
      ]
    },
    "Planning Time": 0.235,
    "Triggers": [],
    "Execution Time": 179.201
  }
]