{
  "Plan": {
    "Node Type": "Aggregate",
    "Strategy": "Plain",
    "Partial Mode": "Finalize",
    "Parallel Aware": false,
    "Startup Cost": 75592.94,
    "Total Cost": 75592.95,
    "Plan Rows": 1,
    "Plan Width": 8,
    "Actual Startup Time": 228.272,
    "Actual Total Time": 235.689,
    "Actual Rows": 1,
    "Actual Loops": 1,
    "Plans": [
      {
        "Node Type": "Gather",
        "Parent Relationship": "Outer",
        "Parallel Aware": false,
        "Startup Cost": 75592.82,
        "Total Cost": 75592.93,
        "Plan Rows": 1,
        "Plan Width": 8,
        "Actual Startup Time": 227.652,
        "Actual Total Time": 235.68,
        "Actual Rows": 2,
        "Actual Loops": 1,
        "Workers Planned": 1,
        "Workers Launched": 1,
        "Single Copy": false,
        "Plans": [
          {
            "Node Type": "Aggregate",
            "Strategy": "Plain",
            "Partial Mode": "Partial",
            "Parent Relationship": "Outer",
            "Parallel Aware": false,
            "Startup Cost": 74592.82,
            "Total Cost": 74592.83,
            "Plan Rows": 1,
            "Plan Width": 8,
            "Actual Startup Time": 221.606,
            "Actual Total Time": 221.61,
            "Actual Rows": 1,
            "Actual Loops": 2,
            "Plans": [
              {
                "Node Type": "Hash Join",
                "Parent Relationship": "Outer",
                "Parallel Aware": true,
                "Join Type": "Inner",
                "Startup Cost": 54998.21,
                "Total Cost": 74499.65,
                "Plan Rows": 37268,
                "Plan Width": 0,
                "Actual Startup Time": 158.603,
                "Actual Total Time": 220.17,
                "Actual Rows": 34995,
                "Actual Loops": 2,
                "Inner Unique": true,
                "Hash Cond": "(mi_idx.movie_id = t.id)",
                "Plans": [
                  {
                    "Node Type": "Seq Scan",
                    "Parent Relationship": "Outer",
                    "Parallel Aware": true,
                    "Relation Name": "movie_info_idx",
                    "Alias": "mi_idx",
                    "Startup Cost": 0.0,
                    "Total Cost": 18082.32,
                    "Plan Rows": 540622,
                    "Plan Width": 4,
                    "Actual Startup Time": 0.02,
                    "Actual Total Time": 56.291,
                    "Actual Rows": 459925,
                    "Actual Loops": 2,
                    "Filter": "(info_type_id < 101)",
                    "Rows Removed by Filter": 230092
                  },
                  {
                    "Node Type": "Hash",
                    "Parent Relationship": "Inner",
                    "Parallel Aware": true,
                    "Startup Cost": 53716.68,
                    "Total Cost": 53716.68,
                    "Plan Rows": 102522,
                    "Plan Width": 4,
                    "Actual Startup Time": 116.279,
                    "Actual Total Time": 116.281,
                    "Actual Rows": 80143,
                    "Actual Loops": 2,
                    "Hash Buckets": 262144,
                    "Original Hash Buckets": 262144,
                    "Hash Batches": 1,
                    "Original Hash Batches": 1,
                    "Peak Memory Usage": 8352,
                    "Plans": [
                      {
                        "Node Type": "Bitmap Heap Scan",
                        "Parent Relationship": "Outer",
                        "Parallel Aware": true,
                        "Relation Name": "title",
                        "Alias": "t",
                        "Startup Cost": 11866.42,
                        "Total Cost": 53716.68,
                        "Plan Rows": 102522,
                        "Plan Width": 4,
                        "Actual Startup Time": 37.457,
                        "Actual Total Time": 98.503,
                        "Actual Rows": 80143,
                        "Actual Loops": 2,
                        "Recheck Cond": "(kind_id = 1)",
                        "Rows Removed by Index Recheck": 0,
                        "Filter": "(production_year > 2008)",
                        "Rows Removed by Filter": 251270,
                        "Exact Heap Blocks": 8599,
                        "Lossy Heap Blocks": 0,
                        "Plans": [
                          {
                            "Node Type": "Bitmap Index Scan",
                            "Parent Relationship": "Outer",
                            "Parallel Aware": false,
                            "Index Name": "kind_id_title",
                            "Startup Cost": 0.0,
                            "Total Cost": 11822.85,
                            "Plan Rows": 663256,
                            "Plan Width": 0,
                            "Actual Startup Time": 37.65,
                            "Actual Total Time": 37.651,
                            "Actual Rows": 662825,
                            "Actual Loops": 1,
                            "Index Cond": "(kind_id = 1)"
                          }
                        ]
                      }
                    ]
                  }
                ]
              }
            ]
          }
        ]
      }
    ]
  },
  "Planning Time": 0.468,
  "Triggers": [],
  "Execution Time": 235.81
}