[
  {
    "Plan": {
      "Node Type": "Aggregate",
      "Strategy": "Plain",
      "Partial Mode": "Finalize",
      "Parallel Aware": false,
      "Startup Cost": 46151.06,
      "Total Cost": 46151.07,
      "Plan Rows": 1,
      "Plan Width": 8,
      "Actual Startup Time": 146.226,
      "Actual Total Time": 155.079,
      "Actual Rows": 1,
      "Actual Loops": 1,
      "Plans": [
        {
          "Node Type": "Gather",
          "Parent Relationship": "Outer",
          "Parallel Aware": false,
          "Startup Cost": 46150.74,
          "Total Cost": 46151.05,
          "Plan Rows": 3,
          "Plan Width": 8,
          "Actual Startup Time": 146.082,
          "Actual Total Time": 155.071,
          "Actual Rows": 4,
          "Actual Loops": 1,
          "Workers Planned": 3,
          "Workers Launched": 3,
          "Single Copy": false,
          "Plans": [
            {
              "Node Type": "Aggregate",
              "Strategy": "Plain",
              "Partial Mode": "Partial",
              "Parent Relationship": "Outer",
              "Parallel Aware": false,
              "Startup Cost": 45150.74,
              "Total Cost": 45150.75,
              "Plan Rows": 1,
              "Plan Width": 8,
              "Actual Startup Time": 140.938,
              "Actual Total Time": 140.939,
              "Actual Rows": 1,
              "Actual Loops": 4,
              "Plans": [
                {
                  "Node Type": "Seq Scan",
                  "Parent Relationship": "Outer",
                  "Parallel Aware": true,
                  "Relation Name": "movie_keyword",
                  "Alias": "mk",
                  "Startup Cost": 0.0,
                  "Total Cost": 42695.65,
                  "Plan Rows": 982036,
                  "Plan Width": 0,
                  "Actual Startup Time": 0.036,
                  "Actual Total Time": 108.824,
                  "Actual Rows": 763644,
                  "Actual Loops": 4,
                  "Filter": "(keyword_id < 11224)",
                  "Rows Removed by Filter": 367339
                }
              ]
            }
          ]
        }
      ]
    },
    "Planning Time": 0.082,
    "Triggers": [],
    "Execution Time": 155.113
  }
]