{
  "Plan": {
    "Node Type": "Aggregate",
    "Strategy": "Plain",
    "Partial Mode": "Finalize",
    "Parallel Aware": false,
    "Startup Cost": 1394023.84,
    "Total Cost": 1394023.85,
    "Plan Rows": 1,
    "Plan Width": 8,
    "Actual Startup Time": 6553.252,
    "Actual Total Time": 6626.366,
    "Actual Rows": 1,
    "Actual Loops": 1,
    "Plans": [
      {
        "Node Type": "Gather",
        "Parent Relationship": "Outer",
        "Parallel Aware": false,
        "Startup Cost": 1394023.73,
        "Total Cost": 1394023.84,
        "Plan Rows": 1,
        "Plan Width": 8,
        "Actual Startup Time": 6549.498,
        "Actual Total Time": 6626.357,
        "Actual Rows": 2,
        "Actual Loops": 1,
        "Workers Planned": 1,
        "Workers Launched": 1,
        "Single Copy": false,
        "Plans": [
          {
            "Node Type": "Aggregate",
            "Strategy": "Plain",
            "Partial Mode": "Partial",
            "Parent Relationship": "Outer",
            "Parallel Aware": false,
            "Startup Cost": 1393023.73,
            "Total Cost": 1393023.74,
            "Plan Rows": 1,
            "Plan Width": 8,
            "Actual Startup Time": 6541.844,
            "Actual Total Time": 6541.849,
            "Actual Rows": 1,
            "Actual Loops": 2,
            "Plans": [
              {
                "Node Type": "Nested Loop",
                "Parent Relationship": "Outer",
                "Parallel Aware": false,
                "Join Type": "Inner",
                "Startup Cost": 70804.65,
                "Total Cost": 1381638.19,
                "Plan Rows": 4554215,
                "Plan Width": 0,
                "Actual Startup Time": 463.07,
                "Actual Total Time": 6309.357,
                "Actual Rows": 5191382,
                "Actual Loops": 2,
                "Inner Unique": false,
                "Plans": [
                  {
                    "Node Type": "Hash Join",
                    "Parent Relationship": "Outer",
                    "Parallel Aware": true,
                    "Join Type": "Inner",
                    "Startup Cost": 70804.08,
                    "Total Cost": 110824.41,
                    "Plan Rows": 523867,
                    "Plan Width": 8,
                    "Actual Startup Time": 463.021,
                    "Actual Total Time": 830.36,
                    "Actual Rows": 341255,
                    "Actual Loops": 2,
                    "Inner Unique": true,
                    "Hash Cond": "(mc.movie_id = t.id)",
                    "Plans": [
                      {
                        "Node Type": "Seq Scan",
                        "Parent Relationship": "Outer",
                        "Parallel Aware": true,
                        "Relation Name": "movie_companies",
                        "Alias": "mc",
                        "Startup Cost": 0.0,
                        "Total Cost": 37974.77,
                        "Plan Rows": 779260,
                        "Plan Width": 4,
                        "Actual Startup Time": 47.463,
                        "Actual Total Time": 119.768,
                        "Actual Rows": 667442,
                        "Actual Loops": 2,
                        "Filter": "(company_type_id > 1)",
                        "Rows Removed by Filter": 637123
                      },
                      {
                        "Node Type": "Hash",
                        "Parent Relationship": "Inner",
                        "Parallel Aware": true,
                        "Startup Cost": 58306.47,
                        "Total Cost": 58306.47,
                        "Plan Rows": 999809,
                        "Plan Width": 4,
                        "Actual Startup Time": 401.344,
                        "Actual Total Time": 401.345,
                        "Actual Rows": 899575,
                        "Actual Loops": 2,
                        "Hash Buckets": 2097152,
                        "Original Hash Buckets": 2097152,
                        "Hash Batches": 1,
                        "Original Hash Batches": 1,
                        "Peak Memory Usage": 86816,
                        "Plans": [
                          {
                            "Node Type": "Seq Scan",
                            "Parent Relationship": "Outer",
                            "Parallel Aware": true,
                            "Relation Name": "title",
                            "Alias": "t",
                            "Startup Cost": 0.0,
                            "Total Cost": 58306.47,
                            "Plan Rows": 999809,
                            "Plan Width": 4,
                            "Actual Startup Time": 0.029,
                            "Actual Total Time": 171.732,
                            "Actual Rows": 899575,
                            "Actual Loops": 2,
                            "Filter": "((kind_id > 1) AND (production_year > 1947))",
                            "Rows Removed by Filter": 364581
                          }
                        ]
                      }
                    ]
                  },
                  {
                    "Node Type": "Index Scan",
                    "Parent Relationship": "Inner",
                    "Parallel Aware": false,
                    "Scan Direction": "Forward",
                    "Index Name": "movie_id_cast_info",
                    "Relation Name": "cast_info",
                    "Alias": "ci",
                    "Startup Cost": 0.56,
                    "Total Cost": 2.21,
                    "Plan Rows": 22,
                    "Plan Width": 4,
                    "Actual Startup Time": 0.006,
                    "Actual Total Time": 0.015,
                    "Actual Rows": 15,
                    "Actual Loops": 682510,
                    "Index Cond": "(movie_id = t.id)",
                    "Rows Removed by Index Recheck": 0,
                    "Filter": "(person_id > 1402667)",
                    "Rows Removed by Filter": 9
                  }
                ]
              }
            ]
          }
        ]
      }
    ]
  },
  "Planning Time": 1.135,
  "Triggers": [],
  "Execution Time": 6626.471
}