[
    {
        "Bao": {
            "Bao prediction": 611.403,
            "Bao recommended hint": "(no hint)"
        }
    },
    {
        "Plan": {
            "Node Type": "Aggregate",
            "Strategy": "Plain",
            "Partial Mode": "Simple",
            "Parallel Aware": false,
            "Startup Cost": 39455.22,
            "Total Cost": 39455.23,
            "Plan Rows": 1,
            "Plan Width": 8,
            "Actual Startup Time": 61.116,
            "Actual Total Time": 61.118,
            "Actual Rows": 1,
            "Actual Loops": 1,
            "Output": [
                "count(*)"
            ],
            "Plans": [
                {
                    "Node Type": "Bitmap Heap Scan",
                    "Parent Relationship": "Outer",
                    "Parallel Aware": false,
                    "Relation Name": "title",
                    "Schema": "public",
                    "Alias": "t",
                    "Startup Cost": 1813.57,
                    "Total Cost": 39323.51,
                    "Plan Rows": 52684,
                    "Plan Width": 0,
                    "Actual Startup Time": 19.182,
                    "Actual Total Time": 58.621,
                    "Actual Rows": 40884,
                    "Actual Loops": 1,
                    "Recheck Cond": "(t.kind_id = 3)",
                    "Rows Removed by Index Recheck": 0,
                    "Filter": "(t.production_year > 2001)",
                    "Rows Removed by Filter": 59653,
                    "Exact Heap Blocks": 12707,
                    "Lossy Heap Blocks": 0,
                    "Plans": [
                        {
                            "Node Type": "Bitmap Index Scan",
                            "Parent Relationship": "Outer",
                            "Parallel Aware": false,
                            "Index Name": "kind_id_title",
                            "Startup Cost": 0.0,
                            "Total Cost": 1800.4,
                            "Plan Rows": 100796,
                            "Plan Width": 0,
                            "Actual Startup Time": 14.163,
                            "Actual Total Time": 14.164,
                            "Actual Rows": 100537,
                            "Actual Loops": 1,
                            "Index Cond": "(t.kind_id = 3)"
                        }
                    ]
                }
            ]
        },
        "Planning Time": 470.635,
        "Triggers": [],
        "Execution Time": 61.238
    }
]