[
    {
        "Bao": {
            "Bao prediction": "NaN",
            "Bao recommended hint": "(no hint)"
        }
    },
    {
        "Plan": {
            "Node Type": "Aggregate",
            "Strategy": "Plain",
            "Partial Mode": "Finalize",
            "Parallel Aware": false,
            "Startup Cost": 324487.72,
            "Total Cost": 324487.73,
            "Plan Rows": 1,
            "Plan Width": 8,
            "Actual Startup Time": 237.176,
            "Actual Total Time": 243.313,
            "Actual Rows": 1,
            "Actual Loops": 1,
            "Output": [
                "count(*)"
            ],
            "Plans": [
                {
                    "Node Type": "Gather",
                    "Parent Relationship": "Outer",
                    "Parallel Aware": false,
                    "Startup Cost": 324487.1,
                    "Total Cost": 324487.71,
                    "Plan Rows": 6,
                    "Plan Width": 8,
                    "Actual Startup Time": 236.193,
                    "Actual Total Time": 243.305,
                    "Actual Rows": 7,
                    "Actual Loops": 1,
                    "Output": [
                        "(PARTIAL count(*))"
                    ],
                    "Workers Planned": 6,
                    "Workers Launched": 6,
                    "Single Copy": false,
                    "Plans": [
                        {
                            "Node Type": "Aggregate",
                            "Strategy": "Plain",
                            "Partial Mode": "Partial",
                            "Parent Relationship": "Outer",
                            "Parallel Aware": false,
                            "Startup Cost": 323487.1,
                            "Total Cost": 323487.11,
                            "Plan Rows": 1,
                            "Plan Width": 8,
                            "Actual Startup Time": 226.357,
                            "Actual Total Time": 226.358,
                            "Actual Rows": 1,
                            "Actual Loops": 7,
                            "Output": [
                                "PARTIAL count(*)"
                            ],
                            "Workers": [
                                {
                                    "Worker Number": 0,
                                    "Actual Startup Time": 223.998,
                                    "Actual Total Time": 224.0,
                                    "Actual Rows": 1,
                                    "Actual Loops": 1
                                },
                                {
                                    "Worker Number": 1,
                                    "Actual Startup Time": 224.063,
                                    "Actual Total Time": 224.064,
                                    "Actual Rows": 1,
                                    "Actual Loops": 1
                                },
                                {
                                    "Worker Number": 2,
                                    "Actual Startup Time": 224.774,
                                    "Actual Total Time": 224.775,
                                    "Actual Rows": 1,
                                    "Actual Loops": 1
                                },
                                {
                                    "Worker Number": 3,
                                    "Actual Startup Time": 225.062,
                                    "Actual Total Time": 225.063,
                                    "Actual Rows": 1,
                                    "Actual Loops": 1
                                },
                                {
                                    "Worker Number": 4,
                                    "Actual Startup Time": 225.166,
                                    "Actual Total Time": 225.167,
                                    "Actual Rows": 1,
                                    "Actual Loops": 1
                                },
                                {
                                    "Worker Number": 5,
                                    "Actual Startup Time": 225.559,
                                    "Actual Total Time": 225.56,
                                    "Actual Rows": 1,
                                    "Actual Loops": 1
                                }
                            ],
                            "Plans": [
                                {
                                    "Node Type": "Bitmap Heap Scan",
                                    "Parent Relationship": "Outer",
                                    "Parallel Aware": true,
                                    "Relation Name": "cast_info",
                                    "Schema": "public",
                                    "Alias": "ci",
                                    "Startup Cost": 63598.26,
                                    "Total Cost": 322286.79,
                                    "Plan Rows": 480122,
                                    "Plan Width": 0,
                                    "Actual Startup Time": 111.599,
                                    "Actual Total Time": 204.134,
                                    "Actual Rows": 418715,
                                    "Actual Loops": 7,
                                    "Recheck Cond": "(ci.person_id < 285084)",
                                    "Rows Removed by Index Recheck": 0,
                                    "Exact Heap Blocks": 6644,
                                    "Lossy Heap Blocks": 0,
                                    "Workers": [
                                        {
                                            "Worker Number": 0,
                                            "Actual Startup Time": 109.517,
                                            "Actual Total Time": 201.533,
                                            "Actual Rows": 288749,
                                            "Actual Loops": 1
                                        },
                                        {
                                            "Worker Number": 1,
                                            "Actual Startup Time": 109.215,
                                            "Actual Total Time": 202.123,
                                            "Actual Rows": 405304,
                                            "Actual Loops": 1
                                        },
                                        {
                                            "Worker Number": 2,
                                            "Actual Startup Time": 109.925,
                                            "Actual Total Time": 203.192,
                                            "Actual Rows": 395816,
                                            "Actual Loops": 1
                                        },
                                        {
                                            "Worker Number": 3,
                                            "Actual Startup Time": 110.747,
                                            "Actual Total Time": 203.867,
                                            "Actual Rows": 386711,
                                            "Actual Loops": 1
                                        },
                                        {
                                            "Worker Number": 4,
                                            "Actual Startup Time": 110.46,
                                            "Actual Total Time": 203.661,
                                            "Actual Rows": 391415,
                                            "Actual Loops": 1
                                        },
                                        {
                                            "Worker Number": 5,
                                            "Actual Startup Time": 110.757,
                                            "Actual Total Time": 203.435,
                                            "Actual Rows": 409762,
                                            "Actual Loops": 1
                                        }
                                    ],
                                    "Plans": [
                                        {
                                            "Node Type": "Bitmap Index Scan",
                                            "Parent Relationship": "Outer",
                                            "Parallel Aware": false,
                                            "Index Name": "person_id_cast_info",
                                            "Startup Cost": 0.0,
                                            "Total Cost": 62878.08,
                                            "Plan Rows": 2880735,
                                            "Plan Width": 0,
                                            "Actual Startup Time": 115.721,
                                            "Actual Total Time": 115.722,
                                            "Actual Rows": 2931008,
                                            "Actual Loops": 1,
                                            "Index Cond": "(ci.person_id < 285084)"
                                        }
                                    ]
                                }
                            ]
                        }
                    ]
                }
            ]
        },
        "Planning Time": 191.896,
        "Triggers": [],
        "Execution Time": 243.362
    }
]