{
  "Plan": {
    "Node Type": "Aggregate",
    "Strategy": "Plain",
    "Partial Mode": "Finalize",
    "Parallel Aware": false,
    "Startup Cost": 67478.63,
    "Total Cost": 67478.64,
    "Plan Rows": 1,
    "Plan Width": 8,
    "Actual Startup Time": 151.5,
    "Actual Total Time": 165.251,
    "Actual Rows": 1,
    "Actual Loops": 1,
    "Plans": [
      {
        "Node Type": "Gather",
        "Parent Relationship": "Outer",
        "Parallel Aware": false,
        "Startup Cost": 67478.52,
        "Total Cost": 67478.63,
        "Plan Rows": 1,
        "Plan Width": 8,
        "Actual Startup Time": 151.404,
        "Actual Total Time": 165.244,
        "Actual Rows": 2,
        "Actual Loops": 1,
        "Workers Planned": 1,
        "Workers Launched": 1,
        "Single Copy": false,
        "Plans": [
          {
            "Node Type": "Aggregate",
            "Strategy": "Plain",
            "Partial Mode": "Partial",
            "Parent Relationship": "Outer",
            "Parallel Aware": false,
            "Startup Cost": 66478.52,
            "Total Cost": 66478.53,
            "Plan Rows": 1,
            "Plan Width": 8,
            "Actual Startup Time": 145.436,
            "Actual Total Time": 145.437,
            "Actual Rows": 1,
            "Actual Loops": 2,
            "Plans": [
              {
                "Node Type": "Nested Loop",
                "Parent Relationship": "Outer",
                "Parallel Aware": false,
                "Join Type": "Inner",
                "Startup Cost": 0.43,
                "Total Cost": 66478.14,
                "Plan Rows": 152,
                "Plan Width": 0,
                "Actual Startup Time": 92.392,
                "Actual Total Time": 145.407,
                "Actual Rows": 149,
                "Actual Loops": 2,
                "Inner Unique": false,
                "Plans": [
                  {
                    "Node Type": "Seq Scan",
                    "Parent Relationship": "Outer",
                    "Parallel Aware": true,
                    "Relation Name": "title",
                    "Alias": "t",
                    "Startup Cost": 0.0,
                    "Total Cost": 58306.47,
                    "Plan Rows": 418,
                    "Plan Width": 4,
                    "Actual Startup Time": 92.064,
                    "Actual Total Time": 136.749,
                    "Actual Rows": 900,
                    "Actual Loops": 2,
                    "Filter": "((kind_id < 7) AND (production_year = 1902))",
                    "Rows Removed by Filter": 1263256
                  },
                  {
                    "Node Type": "Index Scan",
                    "Parent Relationship": "Inner",
                    "Parallel Aware": false,
                    "Scan Direction": "Forward",
                    "Index Name": "movie_id_movie_companies",
                    "Relation Name": "movie_companies",
                    "Alias": "mc",
                    "Startup Cost": 0.43,
                    "Total Cost": 19.53,
                    "Plan Rows": 2,
                    "Plan Width": 4,
                    "Actual Startup Time": 0.009,
                    "Actual Total Time": 0.009,
                    "Actual Rows": 0,
                    "Actual Loops": 1799,
                    "Index Cond": "(movie_id = t.id)",
                    "Rows Removed by Index Recheck": 0,
                    "Filter": "(company_id > 19485)",
                    "Rows Removed by Filter": 2
                  }
                ]
              }
            ]
          }
        ]
      }
    ]
  },
  "Planning Time": 0.536,
  "Triggers": [],
  "Execution Time": 165.332
}