[
  {
    "Plan": {
      "Node Type": "Aggregate",
      "Strategy": "Plain",
      "Partial Mode": "Finalize",
      "Parallel Aware": false,
      "Startup Cost": 417168.47,
      "Total Cost": 417168.48,
      "Plan Rows": 1,
      "Plan Width": 8,
      "Actual Startup Time": 2074.893,
      "Actual Total Time": 2139.323,
      "Actual Rows": 1,
      "Actual Loops": 1,
      "Plans": [
        {
          "Node Type": "Gather",
          "Parent Relationship": "Outer",
          "Parallel Aware": false,
          "Startup Cost": 417168.15,
          "Total Cost": 417168.46,
          "Plan Rows": 3,
          "Plan Width": 8,
          "Actual Startup Time": 2051.216,
          "Actual Total Time": 2139.308,
          "Actual Rows": 4,
          "Actual Loops": 1,
          "Workers Planned": 3,
          "Workers Launched": 3,
          "Single Copy": false,
          "Plans": [
            {
              "Node Type": "Aggregate",
              "Strategy": "Plain",
              "Partial Mode": "Partial",
              "Parent Relationship": "Outer",
              "Parallel Aware": false,
              "Startup Cost": 416168.15,
              "Total Cost": 416168.16,
              "Plan Rows": 1,
              "Plan Width": 8,
              "Actual Startup Time": 2032.86,
              "Actual Total Time": 2033.545,
              "Actual Rows": 1,
              "Actual Loops": 4,
              "Plans": [
                {
                  "Node Type": "Hash Join",
                  "Parent Relationship": "Outer",
                  "Parallel Aware": true,
                  "Join Type": "Inner",
                  "Startup Cost": 382865.58,
                  "Total Cost": 414404.26,
                  "Plan Rows": 705558,
                  "Plan Width": 0,
                  "Actual Startup Time": 1688.923,
                  "Actual Total Time": 1993.759,
                  "Actual Rows": 789348,
                  "Actual Loops": 4,
                  "Inner Unique": false,
                  "Hash Cond": "(mc.movie_id = t.id)",
                  "Plans": [
                    {
                      "Node Type": "Seq Scan",
                      "Parent Relationship": "Outer",
                      "Parallel Aware": true,
                      "Relation Name": "movie_companies",
                      "Alias": "mc",
                      "Startup Cost": 0.0,
                      "Total Cost": 27206.55,
                      "Plan Rows": 841655,
                      "Plan Width": 4,
                      "Actual Startup Time": 0.012,
                      "Actual Total Time": 62.014,
                      "Actual Rows": 652282,
                      "Actual Loops": 4
                    },
                    {
                      "Node Type": "Hash",
                      "Parent Relationship": "Inner",
                      "Parallel Aware": true,
                      "Startup Cost": 378449.8,
                      "Total Cost": 378449.8,
                      "Plan Rows": 353262,
                      "Plan Width": 8,
                      "Actual Startup Time": 1677.17,
                      "Actual Total Time": 1677.853,
                      "Actual Rows": 546967,
                      "Actual Loops": 4,
                      "Hash Buckets": 4194304,
                      "Original Hash Buckets": 4194304,
                      "Hash Batches": 1,
                      "Original Hash Batches": 1,
                      "Peak Memory Usage": 118400,
                      "Plans": [
                        {
                          "Node Type": "Hash Join",
                          "Parent Relationship": "Outer",
                          "Parallel Aware": true,
                          "Join Type": "Inner",
                          "Startup Cost": 48717.81,
                          "Total Cost": 378449.8,
                          "Plan Rows": 353262,
                          "Plan Width": 8,
                          "Actual Startup Time": 895.216,
                          "Actual Total Time": 1454.029,
                          "Actual Rows": 546967,
                          "Actual Loops": 4,
                          "Inner Unique": true,
                          "Hash Cond": "(ci.movie_id = t.id)",
                          "Plans": [
                            {
                              "Node Type": "Seq Scan",
                              "Parent Relationship": "Outer",
                              "Parallel Aware": true,
                              "Relation Name": "cast_info",
                              "Alias": "ci",
                              "Startup Cost": 0.0,
                              "Total Cost": 328211.39,
                              "Plan Rows": 579277,
                              "Plan Width": 4,
                              "Actual Startup Time": 628.026,
                              "Actual Total Time": 831.016,
                              "Actual Rows": 854920,
                              "Actual Loops": 4,
                              "Filter": "(person_id > 3435827)",
                              "Rows Removed by Filter": 8206166
                            },
                            {
                              "Node Type": "Hash",
                              "Parent Relationship": "Inner",
                              "Parallel Aware": true,
                              "Startup Cost": 43899.32,
                              "Total Cost": 43899.32,
                              "Plan Rows": 385479,
                              "Plan Width": 4,
                              "Actual Startup Time": 263.448,
                              "Actual Total Time": 263.449,
                              "Actual Rows": 385816,
                              "Actual Loops": 4,
                              "Hash Buckets": 2097152,
                              "Original Hash Buckets": 2097152,
                              "Hash Batches": 1,
                              "Original Hash Batches": 1,
                              "Peak Memory Usage": 76832,
                              "Plans": [
                                {
                                  "Node Type": "Seq Scan",
                                  "Parent Relationship": "Outer",
                                  "Parallel Aware": true,
                                  "Relation Name": "title",
                                  "Alias": "t",
                                  "Startup Cost": 0.0,
                                  "Total Cost": 43899.32,
                                  "Plan Rows": 385479,
                                  "Plan Width": 4,
                                  "Actual Startup Time": 0.055,
                                  "Actual Total Time": 112.919,
                                  "Actual Rows": 385816,
                                  "Actual Loops": 4,
                                  "Filter": "(kind_id = 7)",
                                  "Rows Removed by Filter": 246262
                                }
                              ]
                            }
                          ]
                        }
                      ]
                    }
                  ]
                }
              ]
            }
          ]
        }
      ]
    },
    "Planning Time": 1.453,
    "Triggers": [],
    "Execution Time": 2139.456
  }
]