[
  {
    "Plan": {
      "Node Type": "Aggregate",
      "Strategy": "Plain",
      "Partial Mode": "Finalize",
      "Parallel Aware": false,
      "Startup Cost": 81275.07,
      "Total Cost": 81275.08,
      "Plan Rows": 1,
      "Plan Width": 8,
      "Actual Startup Time": 307.427,
      "Actual Total Time": 324.614,
      "Actual Rows": 1,
      "Actual Loops": 1,
      "Plans": [
        {
          "Node Type": "Gather",
          "Parent Relationship": "Outer",
          "Parallel Aware": false,
          "Startup Cost": 81274.75,
          "Total Cost": 81275.06,
          "Plan Rows": 3,
          "Plan Width": 8,
          "Actual Startup Time": 303.358,
          "Actual Total Time": 324.605,
          "Actual Rows": 4,
          "Actual Loops": 1,
          "Workers Planned": 3,
          "Workers Launched": 3,
          "Single Copy": false,
          "Plans": [
            {
              "Node Type": "Aggregate",
              "Strategy": "Plain",
              "Partial Mode": "Partial",
              "Parent Relationship": "Outer",
              "Parallel Aware": false,
              "Startup Cost": 80274.75,
              "Total Cost": 80274.76,
              "Plan Rows": 1,
              "Plan Width": 8,
              "Actual Startup Time": 298.974,
              "Actual Total Time": 298.977,
              "Actual Rows": 1,
              "Actual Loops": 4,
              "Plans": [
                {
                  "Node Type": "Hash Join",
                  "Parent Relationship": "Outer",
                  "Parallel Aware": true,
                  "Join Type": "Inner",
                  "Startup Cost": 48354.71,
                  "Total Cost": 80144.72,
                  "Plan Rows": 52010,
                  "Plan Width": 0,
                  "Actual Startup Time": 187.244,
                  "Actual Total Time": 297.073,
                  "Actual Rows": 38922,
                  "Actual Loops": 4,
                  "Inner Unique": true,
                  "Hash Cond": "(mc.movie_id = t.id)",
                  "Plans": [
                    {
                      "Node Type": "Seq Scan",
                      "Parent Relationship": "Outer",
                      "Parallel Aware": true,
                      "Relation Name": "movie_companies",
                      "Alias": "mc",
                      "Startup Cost": 0.0,
                      "Total Cost": 31414.82,
                      "Plan Rows": 142931,
                      "Plan Width": 4,
                      "Actual Startup Time": 0.036,
                      "Actual Total Time": 68.108,
                      "Actual Rows": 160327,
                      "Actual Loops": 4,
                      "Filter": "((company_id < 2965) AND (company_type_id = 1))",
                      "Rows Removed by Filter": 491956
                    },
                    {
                      "Node Type": "Hash",
                      "Parent Relationship": "Inner",
                      "Parallel Aware": true,
                      "Startup Cost": 45479.59,
                      "Total Cost": 45479.59,
                      "Plan Rows": 230010,
                      "Plan Width": 4,
                      "Actual Startup Time": 184.36,
                      "Actual Total Time": 184.361,
                      "Actual Rows": 253592,
                      "Actual Loops": 4,
                      "Hash Buckets": 1048576,
                      "Original Hash Buckets": 1048576,
                      "Hash Batches": 1,
                      "Original Hash Batches": 1,
                      "Peak Memory Usage": 47936,
                      "Plans": [
                        {
                          "Node Type": "Seq Scan",
                          "Parent Relationship": "Outer",
                          "Parallel Aware": true,
                          "Relation Name": "title",
                          "Alias": "t",
                          "Startup Cost": 0.0,
                          "Total Cost": 45479.59,
                          "Plan Rows": 230010,
                          "Plan Width": 4,
                          "Actual Startup Time": 0.013,
                          "Actual Total Time": 106.989,
                          "Actual Rows": 253592,
                          "Actual Loops": 4,
                          "Filter": "((kind_id > 3) AND (production_year > 2000))",
                          "Rows Removed by Filter": 378486
                        }
                      ]
                    }
                  ]
                }
              ]
            }
          ]
        }
      ]
    },
    "Planning Time": 0.466,
    "Triggers": [],
    "Execution Time": 324.661
  }
]