[
  {
    "Plan": {
      "Node Type": "Aggregate",
      "Strategy": "Plain",
      "Partial Mode": "Finalize",
      "Parallel Aware": false,
      "Startup Cost": 81076.2,
      "Total Cost": 81076.21,
      "Plan Rows": 1,
      "Plan Width": 8,
      "Actual Startup Time": 269.914,
      "Actual Total Time": 284.729,
      "Actual Rows": 1,
      "Actual Loops": 1,
      "Plans": [
        {
          "Node Type": "Gather",
          "Parent Relationship": "Outer",
          "Parallel Aware": false,
          "Startup Cost": 81075.78,
          "Total Cost": 81076.19,
          "Plan Rows": 4,
          "Plan Width": 8,
          "Actual Startup Time": 266.528,
          "Actual Total Time": 284.718,
          "Actual Rows": 5,
          "Actual Loops": 1,
          "Workers Planned": 4,
          "Workers Launched": 4,
          "Single Copy": false,
          "Plans": [
            {
              "Node Type": "Aggregate",
              "Strategy": "Plain",
              "Partial Mode": "Partial",
              "Parent Relationship": "Outer",
              "Parallel Aware": false,
              "Startup Cost": 80075.78,
              "Total Cost": 80075.79,
              "Plan Rows": 1,
              "Plan Width": 8,
              "Actual Startup Time": 257.055,
              "Actual Total Time": 257.156,
              "Actual Rows": 1,
              "Actual Loops": 5,
              "Plans": [
                {
                  "Node Type": "Hash Join",
                  "Parent Relationship": "Outer",
                  "Parallel Aware": true,
                  "Join Type": "Inner",
                  "Startup Cost": 33217.51,
                  "Total Cost": 79974.37,
                  "Plan Rows": 40561,
                  "Plan Width": 0,
                  "Actual Startup Time": 125.181,
                  "Actual Total Time": 255.525,
                  "Actual Rows": 31138,
                  "Actual Loops": 5,
                  "Inner Unique": false,
                  "Hash Cond": "(t.id = mc.movie_id)",
                  "Plans": [
                    {
                      "Node Type": "Seq Scan",
                      "Parent Relationship": "Outer",
                      "Parallel Aware": true,
                      "Relation Name": "title",
                      "Alias": "t",
                      "Startup Cost": 0.0,
                      "Total Cost": 45479.1,
                      "Plan Rows": 229386,
                      "Plan Width": 4,
                      "Actual Startup Time": 0.015,
                      "Actual Total Time": 74.929,
                      "Actual Rows": 202873,
                      "Actual Loops": 5,
                      "Filter": "((kind_id > 3) AND (production_year > 2000))",
                      "Rows Removed by Filter": 302789
                    },
                    {
                      "Node Type": "Hash",
                      "Parent Relationship": "Inner",
                      "Parallel Aware": true,
                      "Startup Cost": 31414.82,
                      "Total Cost": 31414.82,
                      "Plan Rows": 144215,
                      "Plan Width": 4,
                      "Actual Startup Time": 122.254,
                      "Actual Total Time": 122.255,
                      "Actual Rows": 128261,
                      "Actual Loops": 5,
                      "Hash Buckets": 1048576,
                      "Original Hash Buckets": 524288,
                      "Hash Batches": 1,
                      "Original Hash Batches": 1,
                      "Peak Memory Usage": 37472,
                      "Plans": [
                        {
                          "Node Type": "Seq Scan",
                          "Parent Relationship": "Outer",
                          "Parallel Aware": true,
                          "Relation Name": "movie_companies",
                          "Alias": "mc",
                          "Startup Cost": 0.0,
                          "Total Cost": 31414.82,
                          "Plan Rows": 144215,
                          "Plan Width": 4,
                          "Actual Startup Time": 0.052,
                          "Actual Total Time": 64.548,
                          "Actual Rows": 128261,
                          "Actual Loops": 5,
                          "Filter": "((company_id < 2965) AND (company_type_id = 1))",
                          "Rows Removed by Filter": 393564
                        }
                      ]
                    }
                  ]
                }
              ]
            }
          ]
        }
      ]
    },
    "Planning Time": 0.681,
    "Triggers": [],
    "Execution Time": 284.799
  }
]