[
    {
        "Bao": {
            "Bao prediction": "NaN",
            "Bao recommended hint": "(no hint)"
        }
    },
    {
        "Plan": {
            "Node Type": "Aggregate",
            "Strategy": "Plain",
            "Partial Mode": "Finalize",
            "Parallel Aware": false,
            "Startup Cost": 350693.72,
            "Total Cost": 350693.73,
            "Plan Rows": 1,
            "Plan Width": 8,
            "Actual Startup Time": 945.237,
            "Actual Total Time": 980.673,
            "Actual Rows": 1,
            "Actual Loops": 1,
            "Output": [
                "count(*)"
            ],
            "Plans": [
                {
                    "Node Type": "Gather",
                    "Parent Relationship": "Outer",
                    "Parallel Aware": false,
                    "Startup Cost": 350693.09,
                    "Total Cost": 350693.7,
                    "Plan Rows": 6,
                    "Plan Width": 8,
                    "Actual Startup Time": 945.151,
                    "Actual Total Time": 980.664,
                    "Actual Rows": 7,
                    "Actual Loops": 1,
                    "Output": [
                        "(PARTIAL count(*))"
                    ],
                    "Workers Planned": 6,
                    "Workers Launched": 6,
                    "Single Copy": false,
                    "Plans": [
                        {
                            "Node Type": "Aggregate",
                            "Strategy": "Plain",
                            "Partial Mode": "Partial",
                            "Parent Relationship": "Outer",
                            "Parallel Aware": false,
                            "Startup Cost": 349693.09,
                            "Total Cost": 349693.1,
                            "Plan Rows": 1,
                            "Plan Width": 8,
                            "Actual Startup Time": 935.429,
                            "Actual Total Time": 935.43,
                            "Actual Rows": 1,
                            "Actual Loops": 7,
                            "Output": [
                                "PARTIAL count(*)"
                            ],
                            "Workers": [
                                {
                                    "Worker Number": 0,
                                    "Actual Startup Time": 933.224,
                                    "Actual Total Time": 933.225,
                                    "Actual Rows": 1,
                                    "Actual Loops": 1
                                },
                                {
                                    "Worker Number": 1,
                                    "Actual Startup Time": 933.417,
                                    "Actual Total Time": 933.418,
                                    "Actual Rows": 1,
                                    "Actual Loops": 1
                                },
                                {
                                    "Worker Number": 2,
                                    "Actual Startup Time": 933.704,
                                    "Actual Total Time": 933.705,
                                    "Actual Rows": 1,
                                    "Actual Loops": 1
                                },
                                {
                                    "Worker Number": 3,
                                    "Actual Startup Time": 933.993,
                                    "Actual Total Time": 933.993,
                                    "Actual Rows": 1,
                                    "Actual Loops": 1
                                },
                                {
                                    "Worker Number": 4,
                                    "Actual Startup Time": 934.388,
                                    "Actual Total Time": 934.389,
                                    "Actual Rows": 1,
                                    "Actual Loops": 1
                                },
                                {
                                    "Worker Number": 5,
                                    "Actual Startup Time": 934.578,
                                    "Actual Total Time": 934.579,
                                    "Actual Rows": 1,
                                    "Actual Loops": 1
                                }
                            ],
                            "Plans": [
                                {
                                    "Node Type": "Seq Scan",
                                    "Parent Relationship": "Outer",
                                    "Parallel Aware": true,
                                    "Relation Name": "cast_info",
                                    "Schema": "public",
                                    "Alias": "ci",
                                    "Startup Cost": 0.0,
                                    "Total Cost": 343318.94,
                                    "Plan Rows": 2549660,
                                    "Plan Width": 0,
                                    "Actual Startup Time": 415.253,
                                    "Actual Total Time": 810.901,
                                    "Actual Rows": 2060466,
                                    "Actual Loops": 7,
                                    "Output": [
                                        "id",
                                        "person_id",
                                        "movie_id",
                                        "person_role_id",
                                        "note",
                                        "nr_order",
                                        "role_id"
                                    ],
                                    "Filter": "((ci.person_id < 3725124) AND (ci.role_id > 2))",
                                    "Rows Removed by Filter": 3117298,
                                    "Workers": [
                                        {
                                            "Worker Number": 0,
                                            "Actual Startup Time": 413.036,
                                            "Actual Total Time": 811.576,
                                            "Actual Rows": 1838728,
                                            "Actual Loops": 1
                                        },
                                        {
                                            "Worker Number": 1,
                                            "Actual Startup Time": 413.251,
                                            "Actual Total Time": 811.573,
                                            "Actual Rows": 1823339,
                                            "Actual Loops": 1
                                        },
                                        {
                                            "Worker Number": 2,
                                            "Actual Startup Time": 413.548,
                                            "Actual Total Time": 812.289,
                                            "Actual Rows": 1834977,
                                            "Actual Loops": 1
                                        },
                                        {
                                            "Worker Number": 3,
                                            "Actual Startup Time": 413.817,
                                            "Actual Total Time": 811.775,
                                            "Actual Rows": 1845336,
                                            "Actual Loops": 1
                                        },
                                        {
                                            "Worker Number": 4,
                                            "Actual Startup Time": 414.225,
                                            "Actual Total Time": 813.181,
                                            "Actual Rows": 1831859,
                                            "Actual Loops": 1
                                        },
                                        {
                                            "Worker Number": 5,
                                            "Actual Startup Time": 414.393,
                                            "Actual Total Time": 812.209,
                                            "Actual Rows": 2965862,
                                            "Actual Loops": 1
                                        }
                                    ]
                                }
                            ]
                        }
                    ]
                }
            ]
        },
        "Planning Time": 343.912,
        "Triggers": [],
        "Execution Time": 980.73
    }
]