{
  "Plan": {
    "Node Type": "Aggregate",
    "Strategy": "Plain",
    "Partial Mode": "Finalize",
    "Parallel Aware": false,
    "Startup Cost": 583882.66,
    "Total Cost": 583882.67,
    "Plan Rows": 1,
    "Plan Width": 8,
    "Actual Startup Time": 3220.313,
    "Actual Total Time": 3273.543,
    "Actual Rows": 1,
    "Actual Loops": 1,
    "Plans": [
      {
        "Node Type": "Gather",
        "Parent Relationship": "Outer",
        "Parallel Aware": false,
        "Startup Cost": 583882.55,
        "Total Cost": 583882.66,
        "Plan Rows": 1,
        "Plan Width": 8,
        "Actual Startup Time": 3220.142,
        "Actual Total Time": 3273.535,
        "Actual Rows": 2,
        "Actual Loops": 1,
        "Workers Planned": 1,
        "Workers Launched": 1,
        "Single Copy": false,
        "Plans": [
          {
            "Node Type": "Aggregate",
            "Strategy": "Plain",
            "Partial Mode": "Partial",
            "Parent Relationship": "Outer",
            "Parallel Aware": false,
            "Startup Cost": 582882.55,
            "Total Cost": 582882.56,
            "Plan Rows": 1,
            "Plan Width": 8,
            "Actual Startup Time": 3214.46,
            "Actual Total Time": 3214.464,
            "Actual Rows": 1,
            "Actual Loops": 2,
            "Plans": [
              {
                "Node Type": "Hash Join",
                "Parent Relationship": "Outer",
                "Parallel Aware": true,
                "Join Type": "Inner",
                "Startup Cost": 59041.82,
                "Total Cost": 580775.17,
                "Plan Rows": 842952,
                "Plan Width": 0,
                "Actual Startup Time": 171.546,
                "Actual Total Time": 3214.362,
                "Actual Rows": 303,
                "Actual Loops": 2,
                "Inner Unique": true,
                "Hash Cond": "(ci.movie_id = t.id)",
                "Plans": [
                  {
                    "Node Type": "Seq Scan",
                    "Parent Relationship": "Outer",
                    "Parallel Aware": true,
                    "Relation Name": "cast_info",
                    "Alias": "ci",
                    "Startup Cost": 0.0,
                    "Total Cost": 465792.95,
                    "Plan Rows": 21310595,
                    "Plan Width": 4,
                    "Actual Startup Time": 0.017,
                    "Actual Total Time": 1523.578,
                    "Actual Rows": 18122172,
                    "Actual Loops": 2
                  },
                  {
                    "Node Type": "Hash",
                    "Parent Relationship": "Inner",
                    "Parallel Aware": true,
                    "Startup Cost": 58306.47,
                    "Total Cost": 58306.47,
                    "Plan Rows": 58828,
                    "Plan Width": 4,
                    "Actual Startup Time": 165.124,
                    "Actual Total Time": 165.125,
                    "Actual Rows": 42,
                    "Actual Loops": 2,
                    "Hash Buckets": 131072,
                    "Original Hash Buckets": 131072,
                    "Hash Batches": 1,
                    "Original Hash Batches": 1,
                    "Peak Memory Usage": 1088,
                    "Plans": [
                      {
                        "Node Type": "Seq Scan",
                        "Parent Relationship": "Outer",
                        "Parallel Aware": true,
                        "Relation Name": "title",
                        "Alias": "t",
                        "Startup Cost": 0.0,
                        "Total Cost": 58306.47,
                        "Plan Rows": 58828,
                        "Plan Width": 4,
                        "Actual Startup Time": 6.365,
                        "Actual Total Time": 164.925,
                        "Actual Rows": 42,
                        "Actual Loops": 2,
                        "Filter": "((kind_id > 1) AND (production_year < 1938))",
                        "Rows Removed by Filter": 1264114
                      }
                    ]
                  }
                ]
              }
            ]
          }
        ]
      }
    ]
  },
  "Planning Time": 0.46,
  "Triggers": [],
  "Execution Time": 3273.627
}