[
  {
    "Plan": {
      "Node Type": "Aggregate",
      "Strategy": "Plain",
      "Partial Mode": "Finalize",
      "Parallel Aware": false,
      "Startup Cost": 84173.51,
      "Total Cost": 84173.52,
      "Plan Rows": 1,
      "Plan Width": 8,
      "Actual Startup Time": 500.58,
      "Actual Total Time": 515.31,
      "Actual Rows": 1,
      "Actual Loops": 1,
      "Plans": [
        {
          "Node Type": "Gather",
          "Parent Relationship": "Outer",
          "Parallel Aware": false,
          "Startup Cost": 84173.2,
          "Total Cost": 84173.51,
          "Plan Rows": 3,
          "Plan Width": 8,
          "Actual Startup Time": 495.216,
          "Actual Total Time": 515.292,
          "Actual Rows": 4,
          "Actual Loops": 1,
          "Workers Planned": 3,
          "Workers Launched": 3,
          "Single Copy": false,
          "Plans": [
            {
              "Node Type": "Aggregate",
              "Strategy": "Plain",
              "Partial Mode": "Partial",
              "Parent Relationship": "Outer",
              "Parallel Aware": false,
              "Startup Cost": 83173.2,
              "Total Cost": 83173.21,
              "Plan Rows": 1,
              "Plan Width": 8,
              "Actual Startup Time": 484.308,
              "Actual Total Time": 484.312,
              "Actual Rows": 1,
              "Actual Loops": 4,
              "Plans": [
                {
                  "Node Type": "Hash Join",
                  "Parent Relationship": "Outer",
                  "Parallel Aware": true,
                  "Join Type": "Inner",
                  "Startup Cost": 56877.31,
                  "Total Cost": 82972.73,
                  "Plan Rows": 80188,
                  "Plan Width": 0,
                  "Actual Startup Time": 394.676,
                  "Actual Total Time": 482.158,
                  "Actual Rows": 22772,
                  "Actual Loops": 4,
                  "Inner Unique": true,
                  "Hash Cond": "(mk.movie_id = t.id)",
                  "Plans": [
                    {
                      "Node Type": "Bitmap Heap Scan",
                      "Parent Relationship": "Outer",
                      "Parallel Aware": true,
                      "Relation Name": "movie_keyword",
                      "Alias": "mk",
                      "Startup Cost": 7139.7,
                      "Total Cost": 32950.24,
                      "Plan Rows": 108523,
                      "Plan Width": 4,
                      "Actual Startup Time": 40.404,
                      "Actual Total Time": 95.603,
                      "Actual Rows": 83846,
                      "Actual Loops": 4,
                      "Recheck Cond": "(keyword_id > 49181)",
                      "Rows Removed by Index Recheck": 0,
                      "Exact Heap Blocks": 6434,
                      "Lossy Heap Blocks": 0,
                      "Plans": [
                        {
                          "Node Type": "Bitmap Index Scan",
                          "Parent Relationship": "Outer",
                          "Parallel Aware": false,
                          "Index Name": "keyword_id_movie_keyword",
                          "Startup Cost": 0.0,
                          "Total Cost": 7055.6,
                          "Plan Rows": 336422,
                          "Plan Width": 0,
                          "Actual Startup Time": 34.975,
                          "Actual Total Time": 34.976,
                          "Actual Rows": 335385,
                          "Actual Loops": 1,
                          "Index Cond": "(keyword_id > 49181)"
                        }
                      ]
                    },
                    {
                      "Node Type": "Hash",
                      "Parent Relationship": "Inner",
                      "Parallel Aware": true,
                      "Startup Cost": 43899.32,
                      "Total Cost": 43899.32,
                      "Plan Rows": 467063,
                      "Plan Width": 4,
                      "Actual Startup Time": 347.637,
                      "Actual Total Time": 347.638,
                      "Actual Rows": 466372,
                      "Actual Loops": 4,
                      "Hash Buckets": 2097152,
                      "Original Hash Buckets": 2097152,
                      "Hash Batches": 1,
                      "Original Hash Batches": 1,
                      "Peak Memory Usage": 89440,
                      "Plans": [
                        {
                          "Node Type": "Seq Scan",
                          "Parent Relationship": "Outer",
                          "Parallel Aware": true,
                          "Relation Name": "title",
                          "Alias": "t",
                          "Startup Cost": 0.0,
                          "Total Cost": 43899.32,
                          "Plan Rows": 467063,
                          "Plan Width": 4,
                          "Actual Startup Time": 0.067,
                          "Actual Total Time": 140.448,
                          "Actual Rows": 466372,
                          "Actual Loops": 4,
                          "Filter": "(kind_id > 1)",
                          "Rows Removed by Filter": 165706
                        }
                      ]
                    }
                  ]
                }
              ]
            }
          ]
        }
      ]
    },
    "Planning Time": 0.35,
    "Triggers": [],
    "Execution Time": 515.373
  }
]