[
  {
    "Plan": {
      "Node Type": "Aggregate",
      "Strategy": "Plain",
      "Partial Mode": "Finalize",
      "Parallel Aware": false,
      "Startup Cost": 341601.5,
      "Total Cost": 341601.51,
      "Plan Rows": 1,
      "Plan Width": 8,
      "Actual Startup Time": 318.062,
      "Actual Total Time": 349.976,
      "Actual Rows": 1,
      "Actual Loops": 1,
      "Plans": [
        {
          "Node Type": "Gather",
          "Parent Relationship": "Outer",
          "Parallel Aware": false,
          "Startup Cost": 341600.98,
          "Total Cost": 341601.49,
          "Plan Rows": 5,
          "Plan Width": 8,
          "Actual Startup Time": 318.046,
          "Actual Total Time": 349.967,
          "Actual Rows": 6,
          "Actual Loops": 1,
          "Workers Planned": 5,
          "Workers Launched": 5,
          "Single Copy": false,
          "Plans": [
            {
              "Node Type": "Aggregate",
              "Strategy": "Plain",
              "Partial Mode": "Partial",
              "Parent Relationship": "Outer",
              "Parallel Aware": false,
              "Startup Cost": 340600.98,
              "Total Cost": 340600.99,
              "Plan Rows": 1,
              "Plan Width": 8,
              "Actual Startup Time": 308.202,
              "Actual Total Time": 308.206,
              "Actual Rows": 1,
              "Actual Loops": 6,
              "Plans": [
                {
                  "Node Type": "Nested Loop",
                  "Parent Relationship": "Outer",
                  "Parallel Aware": false,
                  "Join Type": "Inner",
                  "Startup Cost": 50577.18,
                  "Total Cost": 340534.5,
                  "Plan Rows": 26594,
                  "Plan Width": 0,
                  "Actual Startup Time": 119.832,
                  "Actual Total Time": 303.572,
                  "Actual Rows": 61773,
                  "Actual Loops": 6,
                  "Inner Unique": false,
                  "Plans": [
                    {
                      "Node Type": "Hash Join",
                      "Parent Relationship": "Outer",
                      "Parallel Aware": true,
                      "Join Type": "Inner",
                      "Startup Cost": 50576.75,
                      "Total Cost": 312567.53,
                      "Plan Rows": 6996,
                      "Plan Width": 8,
                      "Actual Startup Time": 119.675,
                      "Actual Total Time": 147.137,
                      "Actual Rows": 5942,
                      "Actual Loops": 6,
                      "Inner Unique": true,
                      "Hash Cond": "(ci.movie_id = t.id)",
                      "Plans": [
                        {
                          "Node Type": "Bitmap Heap Scan",
                          "Parent Relationship": "Outer",
                          "Parallel Aware": true,
                          "Relation Name": "cast_info",
                          "Alias": "ci",
                          "Startup Cost": 5584.48,
                          "Total Cost": 267442.49,
                          "Plan Rows": 50578,
                          "Plan Width": 4,
                          "Actual Startup Time": 10.361,
                          "Actual Total Time": 19.36,
                          "Actual Rows": 43821,
                          "Actual Loops": 6,
                          "Recheck Cond": "(person_id < 30870)",
                          "Rows Removed by Index Recheck": 0,
                          "Exact Heap Blocks": 533,
                          "Lossy Heap Blocks": 0,
                          "Plans": [
                            {
                              "Node Type": "Bitmap Index Scan",
                              "Parent Relationship": "Outer",
                              "Parallel Aware": false,
                              "Index Name": "person_id_cast_info",
                              "Startup Cost": 0.0,
                              "Total Cost": 5521.25,
                              "Plan Rows": 252892,
                              "Plan Width": 0,
                              "Actual Startup Time": 9.865,
                              "Actual Total Time": 9.866,
                              "Actual Rows": 262928,
                              "Actual Loops": 1,
                              "Index Cond": "(person_id < 30870)"
                            }
                          ]
                        },
                        {
                          "Node Type": "Hash",
                          "Parent Relationship": "Inner",
                          "Parallel Aware": true,
                          "Startup Cost": 43899.32,
                          "Total Cost": 43899.32,
                          "Plan Rows": 87436,
                          "Plan Width": 4,
                          "Actual Startup Time": 107.62,
                          "Actual Total Time": 107.621,
                          "Actual Rows": 61072,
                          "Actual Loops": 6,
                          "Hash Buckets": 524288,
                          "Original Hash Buckets": 524288,
                          "Hash Batches": 1,
                          "Original Hash Batches": 1,
                          "Peak Memory Usage": 18528,
                          "Plans": [
                            {
                              "Node Type": "Seq Scan",
                              "Parent Relationship": "Outer",
                              "Parallel Aware": true,
                              "Relation Name": "title",
                              "Alias": "t",
                              "Startup Cost": 0.0,
                              "Total Cost": 43899.32,
                              "Plan Rows": 87436,
                              "Plan Width": 4,
                              "Actual Startup Time": 0.043,
                              "Actual Total Time": 79.235,
                              "Actual Rows": 61072,
                              "Actual Loops": 6,
                              "Filter": "(production_year < 1970)",
                              "Rows Removed by Filter": 360314
                            }
                          ]
                        }
                      ]
                    },
                    {
                      "Node Type": "Index Scan",
                      "Parent Relationship": "Inner",
                      "Parallel Aware": false,
                      "Scan Direction": "Forward",
                      "Index Name": "movie_id_movie_info",
                      "Relation Name": "movie_info",
                      "Alias": "mi",
                      "Startup Cost": 0.43,
                      "Total Cost": 3.73,
                      "Plan Rows": 27,
                      "Plan Width": 4,
                      "Actual Startup Time": 0.008,
                      "Actual Total Time": 0.025,
                      "Actual Rows": 10,
                      "Actual Loops": 35653,
                      "Index Cond": "(movie_id = t.id)",
                      "Rows Removed by Index Recheck": 0,
                      "Filter": "(info_type_id < 16)",
                      "Rows Removed by Filter": 6
                    }
                  ]
                }
              ]
            }
          ]
        }
      ]
    },
    "Planning Time": 0.657,
    "Triggers": [],
    "Execution Time": 350.059
  }
]