[
  {
    "Plan": {
      "Node Type": "Aggregate",
      "Strategy": "Plain",
      "Partial Mode": "Finalize",
      "Parallel Aware": false,
      "Startup Cost": 38310.19,
      "Total Cost": 38310.2,
      "Plan Rows": 1,
      "Plan Width": 8,
      "Actual Startup Time": 37.445,
      "Actual Total Time": 43.599,
      "Actual Rows": 1,
      "Actual Loops": 1,
      "Plans": [
        {
          "Node Type": "Gather",
          "Parent Relationship": "Outer",
          "Parallel Aware": false,
          "Startup Cost": 38309.97,
          "Total Cost": 38310.18,
          "Plan Rows": 2,
          "Plan Width": 8,
          "Actual Startup Time": 37.324,
          "Actual Total Time": 43.593,
          "Actual Rows": 3,
          "Actual Loops": 1,
          "Workers Planned": 2,
          "Workers Launched": 2,
          "Single Copy": false,
          "Plans": [
            {
              "Node Type": "Aggregate",
              "Strategy": "Plain",
              "Partial Mode": "Partial",
              "Parent Relationship": "Outer",
              "Parallel Aware": false,
              "Startup Cost": 37309.97,
              "Total Cost": 37309.98,
              "Plan Rows": 1,
              "Plan Width": 8,
              "Actual Startup Time": 32.947,
              "Actual Total Time": 32.948,
              "Actual Rows": 1,
              "Actual Loops": 3,
              "Plans": [
                {
                  "Node Type": "Nested Loop",
                  "Parent Relationship": "Outer",
                  "Parallel Aware": false,
                  "Join Type": "Inner",
                  "Startup Cost": 157.38,
                  "Total Cost": 37308.64,
                  "Plan Rows": 534,
                  "Plan Width": 0,
                  "Actual Startup Time": 3.587,
                  "Actual Total Time": 32.851,
                  "Actual Rows": 615,
                  "Actual Loops": 3,
                  "Inner Unique": false,
                  "Plans": [
                    {
                      "Node Type": "Nested Loop",
                      "Parent Relationship": "Outer",
                      "Parallel Aware": false,
                      "Join Type": "Inner",
                      "Startup Cost": 156.96,
                      "Total Cost": 36742.23,
                      "Plan Rows": 978,
                      "Plan Width": 8,
                      "Actual Startup Time": 3.482,
                      "Actual Total Time": 28.486,
                      "Actual Rows": 396,
                      "Actual Loops": 3,
                      "Inner Unique": true,
                      "Plans": [
                        {
                          "Node Type": "Bitmap Heap Scan",
                          "Parent Relationship": "Outer",
                          "Parallel Aware": true,
                          "Relation Name": "movie_keyword",
                          "Alias": "mk",
                          "Startup Cost": 156.53,
                          "Total Cost": 15809.74,
                          "Plan Rows": 3016,
                          "Plan Width": 4,
                          "Actual Startup Time": 3.35,
                          "Actual Total Time": 11.117,
                          "Actual Rows": 2004,
                          "Actual Loops": 3,
                          "Recheck Cond": "(keyword_id = 1732)",
                          "Rows Removed by Index Recheck": 0,
                          "Exact Heap Blocks": 3064,
                          "Lossy Heap Blocks": 0,
                          "Plans": [
                            {
                              "Node Type": "Bitmap Index Scan",
                              "Parent Relationship": "Outer",
                              "Parallel Aware": false,
                              "Index Name": "keyword_id_movie_keyword",
                              "Startup Cost": 0.0,
                              "Total Cost": 154.72,
                              "Plan Rows": 7238,
                              "Plan Width": 0,
                              "Actual Startup Time": 4.867,
                              "Actual Total Time": 4.867,
                              "Actual Rows": 6011,
                              "Actual Loops": 1,
                              "Index Cond": "(keyword_id = 1732)"
                            }
                          ]
                        },
                        {
                          "Node Type": "Index Scan",
                          "Parent Relationship": "Inner",
                          "Parallel Aware": false,
                          "Scan Direction": "Forward",
                          "Index Name": "title_pkey",
                          "Relation Name": "title",
                          "Alias": "t",
                          "Startup Cost": 0.43,
                          "Total Cost": 6.94,
                          "Plan Rows": 1,
                          "Plan Width": 4,
                          "Actual Startup Time": 0.008,
                          "Actual Total Time": 0.008,
                          "Actual Rows": 0,
                          "Actual Loops": 6011,
                          "Index Cond": "(id = mk.movie_id)",
                          "Rows Removed by Index Recheck": 0,
                          "Filter": "((kind_id > 1) AND (production_year > 2004))",
                          "Rows Removed by Filter": 1
                        }
                      ]
                    },
                    {
                      "Node Type": "Index Only Scan",
                      "Parent Relationship": "Inner",
                      "Parallel Aware": false,
                      "Scan Direction": "Forward",
                      "Index Name": "movie_id_movie_info_idx",
                      "Relation Name": "movie_info_idx",
                      "Alias": "mi_idx",
                      "Startup Cost": 0.43,
                      "Total Cost": 0.55,
                      "Plan Rows": 3,
                      "Plan Width": 4,
                      "Actual Startup Time": 0.01,
                      "Actual Total Time": 0.01,
                      "Actual Rows": 2,
                      "Actual Loops": 1189,
                      "Index Cond": "(movie_id = t.id)",
                      "Rows Removed by Index Recheck": 0,
                      "Heap Fetches": 1845
                    }
                  ]
                }
              ]
            }
          ]
        }
      ]
    },
    "Planning Time": 1.28,
    "Triggers": [],
    "Execution Time": 43.688
  }
]