[
  {
    "Plan": {
      "Node Type": "Aggregate",
      "Strategy": "Plain",
      "Partial Mode": "Finalize",
      "Parallel Aware": false,
      "Startup Cost": 28291.19,
      "Total Cost": 28291.2,
      "Plan Rows": 1,
      "Plan Width": 8,
      "Actual Startup Time": 44.531,
      "Actual Total Time": 51.169,
      "Actual Rows": 1,
      "Actual Loops": 1,
      "Plans": [
        {
          "Node Type": "Gather",
          "Parent Relationship": "Outer",
          "Parallel Aware": false,
          "Startup Cost": 28290.97,
          "Total Cost": 28291.18,
          "Plan Rows": 2,
          "Plan Width": 8,
          "Actual Startup Time": 44.281,
          "Actual Total Time": 51.163,
          "Actual Rows": 3,
          "Actual Loops": 1,
          "Workers Planned": 2,
          "Workers Launched": 2,
          "Single Copy": false,
          "Plans": [
            {
              "Node Type": "Aggregate",
              "Strategy": "Plain",
              "Partial Mode": "Partial",
              "Parent Relationship": "Outer",
              "Parallel Aware": false,
              "Startup Cost": 27290.97,
              "Total Cost": 27290.98,
              "Plan Rows": 1,
              "Plan Width": 8,
              "Actual Startup Time": 36.031,
              "Actual Total Time": 36.032,
              "Actual Rows": 1,
              "Actual Loops": 3,
              "Plans": [
                {
                  "Node Type": "Nested Loop",
                  "Parent Relationship": "Outer",
                  "Parallel Aware": false,
                  "Join Type": "Inner",
                  "Startup Cost": 106.69,
                  "Total Cost": 27290.07,
                  "Plan Rows": 359,
                  "Plan Width": 0,
                  "Actual Startup Time": 3.834,
                  "Actual Total Time": 35.916,
                  "Actual Rows": 615,
                  "Actual Loops": 3,
                  "Inner Unique": false,
                  "Plans": [
                    {
                      "Node Type": "Nested Loop",
                      "Parent Relationship": "Outer",
                      "Parallel Aware": false,
                      "Join Type": "Inner",
                      "Startup Cost": 106.26,
                      "Total Cost": 26909.93,
                      "Plan Rows": 657,
                      "Plan Width": 8,
                      "Actual Startup Time": 2.876,
                      "Actual Total Time": 31.755,
                      "Actual Rows": 396,
                      "Actual Loops": 3,
                      "Inner Unique": true,
                      "Plans": [
                        {
                          "Node Type": "Bitmap Heap Scan",
                          "Parent Relationship": "Outer",
                          "Parallel Aware": true,
                          "Relation Name": "movie_keyword",
                          "Alias": "mk",
                          "Startup Cost": 105.83,
                          "Total Cost": 12117.13,
                          "Plan Rows": 2011,
                          "Plan Width": 4,
                          "Actual Startup Time": 2.619,
                          "Actual Total Time": 11.283,
                          "Actual Rows": 2004,
                          "Actual Loops": 3,
                          "Recheck Cond": "(keyword_id = 1732)",
                          "Rows Removed by Index Recheck": 0,
                          "Exact Heap Blocks": 3866,
                          "Lossy Heap Blocks": 0,
                          "Plans": [
                            {
                              "Node Type": "Bitmap Index Scan",
                              "Parent Relationship": "Outer",
                              "Parallel Aware": false,
                              "Index Name": "keyword_id_movie_keyword",
                              "Startup Cost": 0.0,
                              "Total Cost": 104.63,
                              "Plan Rows": 4826,
                              "Plan Width": 0,
                              "Actual Startup Time": 4.903,
                              "Actual Total Time": 4.903,
                              "Actual Rows": 6011,
                              "Actual Loops": 1,
                              "Index Cond": "(keyword_id = 1732)"
                            }
                          ]
                        },
                        {
                          "Node Type": "Index Scan",
                          "Parent Relationship": "Inner",
                          "Parallel Aware": false,
                          "Scan Direction": "Forward",
                          "Index Name": "title_pkey",
                          "Relation Name": "title",
                          "Alias": "t",
                          "Startup Cost": 0.43,
                          "Total Cost": 7.36,
                          "Plan Rows": 1,
                          "Plan Width": 4,
                          "Actual Startup Time": 0.01,
                          "Actual Total Time": 0.01,
                          "Actual Rows": 0,
                          "Actual Loops": 6011,
                          "Index Cond": "(id = mk.movie_id)",
                          "Rows Removed by Index Recheck": 0,
                          "Filter": "((kind_id > 1) AND (production_year > 2004))",
                          "Rows Removed by Filter": 1
                        }
                      ]
                    },
                    {
                      "Node Type": "Index Only Scan",
                      "Parent Relationship": "Inner",
                      "Parallel Aware": false,
                      "Scan Direction": "Forward",
                      "Index Name": "movie_id_movie_info_idx",
                      "Relation Name": "movie_info_idx",
                      "Alias": "mi_idx",
                      "Startup Cost": 0.43,
                      "Total Cost": 0.55,
                      "Plan Rows": 3,
                      "Plan Width": 4,
                      "Actual Startup Time": 0.009,
                      "Actual Total Time": 0.01,
                      "Actual Rows": 2,
                      "Actual Loops": 1189,
                      "Index Cond": "(movie_id = t.id)",
                      "Rows Removed by Index Recheck": 0,
                      "Heap Fetches": 1845
                    }
                  ]
                }
              ]
            }
          ]
        }
      ]
    },
    "Planning Time": 1.329,
    "Triggers": [],
    "Execution Time": 51.265
  }
]