[
  {
    "Plan": {
      "Node Type": "Aggregate",
      "Strategy": "Plain",
      "Partial Mode": "Finalize",
      "Parallel Aware": false,
      "Startup Cost": 39404.14,
      "Total Cost": 39404.15,
      "Plan Rows": 1,
      "Plan Width": 8,
      "Actual Startup Time": 47.772,
      "Actual Total Time": 52.742,
      "Actual Rows": 1,
      "Actual Loops": 1,
      "Plans": [
        {
          "Node Type": "Gather",
          "Parent Relationship": "Outer",
          "Parallel Aware": false,
          "Startup Cost": 39403.92,
          "Total Cost": 39404.13,
          "Plan Rows": 2,
          "Plan Width": 8,
          "Actual Startup Time": 47.668,
          "Actual Total Time": 52.736,
          "Actual Rows": 3,
          "Actual Loops": 1,
          "Workers Planned": 2,
          "Workers Launched": 2,
          "Single Copy": false,
          "Plans": [
            {
              "Node Type": "Aggregate",
              "Strategy": "Plain",
              "Partial Mode": "Partial",
              "Parent Relationship": "Outer",
              "Parallel Aware": false,
              "Startup Cost": 38403.92,
              "Total Cost": 38403.93,
              "Plan Rows": 1,
              "Plan Width": 8,
              "Actual Startup Time": 40.091,
              "Actual Total Time": 40.092,
              "Actual Rows": 1,
              "Actual Loops": 3,
              "Plans": [
                {
                  "Node Type": "Nested Loop",
                  "Parent Relationship": "Outer",
                  "Parallel Aware": false,
                  "Join Type": "Inner",
                  "Startup Cost": 164.47,
                  "Total Cost": 38395.91,
                  "Plan Rows": 3205,
                  "Plan Width": 0,
                  "Actual Startup Time": 3.194,
                  "Actual Total Time": 39.682,
                  "Actual Rows": 2558,
                  "Actual Loops": 3,
                  "Inner Unique": true,
                  "Plans": [
                    {
                      "Node Type": "Bitmap Heap Scan",
                      "Parent Relationship": "Outer",
                      "Parallel Aware": true,
                      "Relation Name": "movie_keyword",
                      "Alias": "mk",
                      "Startup Cost": 164.04,
                      "Total Cost": 16394.0,
                      "Plan Rows": 3205,
                      "Plan Width": 4,
                      "Actual Startup Time": 3.04,
                      "Actual Total Time": 13.519,
                      "Actual Rows": 2558,
                      "Actual Loops": 3,
                      "Recheck Cond": "(keyword_id = 7078)",
                      "Rows Removed by Index Recheck": 0,
                      "Exact Heap Blocks": 4037,
                      "Lossy Heap Blocks": 0,
                      "Plans": [
                        {
                          "Node Type": "Bitmap Index Scan",
                          "Parent Relationship": "Outer",
                          "Parallel Aware": false,
                          "Index Name": "keyword_id_movie_keyword",
                          "Startup Cost": 0.0,
                          "Total Cost": 162.12,
                          "Plan Rows": 7691,
                          "Plan Width": 0,
                          "Actual Startup Time": 5.756,
                          "Actual Total Time": 5.757,
                          "Actual Rows": 7673,
                          "Actual Loops": 1,
                          "Index Cond": "(keyword_id = 7078)"
                        }
                      ]
                    },
                    {
                      "Node Type": "Index Only Scan",
                      "Parent Relationship": "Inner",
                      "Parallel Aware": false,
                      "Scan Direction": "Forward",
                      "Index Name": "title_pkey",
                      "Relation Name": "title",
                      "Alias": "t",
                      "Startup Cost": 0.43,
                      "Total Cost": 6.86,
                      "Plan Rows": 1,
                      "Plan Width": 4,
                      "Actual Startup Time": 0.009,
                      "Actual Total Time": 0.009,
                      "Actual Rows": 1,
                      "Actual Loops": 7673,
                      "Index Cond": "(id = mk.movie_id)",
                      "Rows Removed by Index Recheck": 0,
                      "Heap Fetches": 7673
                    }
                  ]
                }
              ]
            }
          ]
        }
      ]
    },
    "Planning Time": 0.631,
    "Triggers": [],
    "Execution Time": 52.843
  }
]