[
  {
    "Plan": {
      "Node Type": "Aggregate",
      "Strategy": "Plain",
      "Partial Mode": "Finalize",
      "Parallel Aware": false,
      "Startup Cost": 343164.84,
      "Total Cost": 343164.85,
      "Plan Rows": 1,
      "Plan Width": 8,
      "Actual Startup Time": 917.342,
      "Actual Total Time": 975.415,
      "Actual Rows": 1,
      "Actual Loops": 1,
      "Plans": [
        {
          "Node Type": "Gather",
          "Parent Relationship": "Outer",
          "Parallel Aware": false,
          "Startup Cost": 343164.21,
          "Total Cost": 343164.82,
          "Plan Rows": 6,
          "Plan Width": 8,
          "Actual Startup Time": 917.24,
          "Actual Total Time": 975.406,
          "Actual Rows": 7,
          "Actual Loops": 1,
          "Workers Planned": 6,
          "Workers Launched": 6,
          "Single Copy": false,
          "Plans": [
            {
              "Node Type": "Aggregate",
              "Strategy": "Plain",
              "Partial Mode": "Partial",
              "Parent Relationship": "Outer",
              "Parallel Aware": false,
              "Startup Cost": 342164.21,
              "Total Cost": 342164.22,
              "Plan Rows": 1,
              "Plan Width": 8,
              "Actual Startup Time": 909.873,
              "Actual Total Time": 909.874,
              "Actual Rows": 1,
              "Actual Loops": 7,
              "Plans": [
                {
                  "Node Type": "Seq Scan",
                  "Parent Relationship": "Outer",
                  "Parallel Aware": true,
                  "Relation Name": "cast_info",
                  "Alias": "ci",
                  "Startup Cost": 0.0,
                  "Total Cost": 328162.03,
                  "Plan Rows": 5600875,
                  "Plan Width": 0,
                  "Actual Startup Time": 39.424,
                  "Actual Total Time": 689.442,
                  "Actual Rows": 4794791,
                  "Actual Loops": 7,
                  "Filter": "(person_id > 257175)",
                  "Rows Removed by Filter": 382972
                }
              ]
            }
          ]
        }
      ]
    },
    "Planning Time": 0.13,
    "Triggers": [],
    "Execution Time": 975.473
  }
]