[
    {
        "Bao": {
            "Bao prediction": "NaN",
            "Bao recommended hint": "(no hint)"
        }
    },
    {
        "Plan": {
            "Node Type": "Aggregate",
            "Strategy": "Plain",
            "Partial Mode": "Simple",
            "Parallel Aware": false,
            "Startup Cost": 40733.5,
            "Total Cost": 40733.51,
            "Plan Rows": 1,
            "Plan Width": 8,
            "Actual Startup Time": 7.129,
            "Actual Total Time": 7.132,
            "Actual Rows": 1,
            "Actual Loops": 1,
            "Output": [
                "count(*)"
            ],
            "Plans": [
                {
                    "Node Type": "Bitmap Heap Scan",
                    "Parent Relationship": "Outer",
                    "Parallel Aware": false,
                    "Relation Name": "movie_info",
                    "Schema": "public",
                    "Alias": "mi",
                    "Startup Cost": 243.35,
                    "Total Cost": 40700.3,
                    "Plan Rows": 13280,
                    "Plan Width": 0,
                    "Actual Startup Time": 1.193,
                    "Actual Total Time": 6.211,
                    "Actual Rows": 6536,
                    "Actual Loops": 1,
                    "Recheck Cond": "(mi.info_type_id = 66)",
                    "Rows Removed by Index Recheck": 0,
                    "Exact Heap Blocks": 1314,
                    "Lossy Heap Blocks": 0,
                    "Plans": [
                        {
                            "Node Type": "Bitmap Index Scan",
                            "Parent Relationship": "Outer",
                            "Parallel Aware": false,
                            "Index Name": "info_type_id_movie_info",
                            "Startup Cost": 0.0,
                            "Total Cost": 240.03,
                            "Plan Rows": 13280,
                            "Plan Width": 0,
                            "Actual Startup Time": 0.822,
                            "Actual Total Time": 0.824,
                            "Actual Rows": 6536,
                            "Actual Loops": 1,
                            "Index Cond": "(mi.info_type_id = 66)"
                        }
                    ]
                }
            ]
        },
        "Planning Time": 321.911,
        "Triggers": [],
        "Execution Time": 7.21
    }
]