[
  {
    "Plan": {
      "Node Type": "Aggregate",
      "Strategy": "Plain",
      "Partial Mode": "Finalize",
      "Parallel Aware": false,
      "Startup Cost": 31121.18,
      "Total Cost": 31121.19,
      "Plan Rows": 1,
      "Plan Width": 8,
      "Actual Startup Time": 90.674,
      "Actual Total Time": 96.025,
      "Actual Rows": 1,
      "Actual Loops": 1,
      "Plans": [
        {
          "Node Type": "Gather",
          "Parent Relationship": "Outer",
          "Parallel Aware": false,
          "Startup Cost": 31120.87,
          "Total Cost": 31121.18,
          "Plan Rows": 3,
          "Plan Width": 8,
          "Actual Startup Time": 90.363,
          "Actual Total Time": 96.016,
          "Actual Rows": 4,
          "Actual Loops": 1,
          "Workers Planned": 3,
          "Workers Launched": 3,
          "Single Copy": false,
          "Plans": [
            {
              "Node Type": "Aggregate",
              "Strategy": "Plain",
              "Partial Mode": "Partial",
              "Parent Relationship": "Outer",
              "Parallel Aware": false,
              "Startup Cost": 30120.87,
              "Total Cost": 30120.88,
              "Plan Rows": 1,
              "Plan Width": 8,
              "Actual Startup Time": 86.153,
              "Actual Total Time": 86.154,
              "Actual Rows": 1,
              "Actual Loops": 4,
              "Plans": [
                {
                  "Node Type": "Bitmap Heap Scan",
                  "Parent Relationship": "Outer",
                  "Parallel Aware": true,
                  "Relation Name": "movie_keyword",
                  "Alias": "mk",
                  "Startup Cost": 4614.3,
                  "Total Cost": 29945.44,
                  "Plan Rows": 70171,
                  "Plan Width": 0,
                  "Actual Startup Time": 33.048,
                  "Actual Total Time": 82.407,
                  "Actual Rows": 54612,
                  "Actual Loops": 4,
                  "Recheck Cond": "(keyword_id < 156)",
                  "Rows Removed by Index Recheck": 0,
                  "Exact Heap Blocks": 12726,
                  "Lossy Heap Blocks": 0,
                  "Plans": [
                    {
                      "Node Type": "Bitmap Index Scan",
                      "Parent Relationship": "Outer",
                      "Parallel Aware": false,
                      "Index Name": "keyword_id_movie_keyword",
                      "Startup Cost": 0.0,
                      "Total Cost": 4559.91,
                      "Plan Rows": 217531,
                      "Plan Width": 0,
                      "Actual Startup Time": 31.613,
                      "Actual Total Time": 31.614,
                      "Actual Rows": 218447,
                      "Actual Loops": 1,
                      "Index Cond": "(keyword_id < 156)"
                    }
                  ]
                }
              ]
            }
          ]
        }
      ]
    },
    "Planning Time": 0.172,
    "Triggers": [],
    "Execution Time": 96.095
  }
]