[
  {
    "Plan": {
      "Node Type": "Aggregate",
      "Strategy": "Plain",
      "Partial Mode": "Finalize",
      "Parallel Aware": false,
      "Startup Cost": 59330.35,
      "Total Cost": 59330.36,
      "Plan Rows": 1,
      "Plan Width": 8,
      "Actual Startup Time": 101.083,
      "Actual Total Time": 112.956,
      "Actual Rows": 1,
      "Actual Loops": 1,
      "Plans": [
        {
          "Node Type": "Gather",
          "Parent Relationship": "Outer",
          "Parallel Aware": false,
          "Startup Cost": 59329.93,
          "Total Cost": 59330.34,
          "Plan Rows": 4,
          "Plan Width": 8,
          "Actual Startup Time": 100.974,
          "Actual Total Time": 112.949,
          "Actual Rows": 5,
          "Actual Loops": 1,
          "Workers Planned": 4,
          "Workers Launched": 4,
          "Single Copy": false,
          "Plans": [
            {
              "Node Type": "Aggregate",
              "Strategy": "Plain",
              "Partial Mode": "Partial",
              "Parent Relationship": "Outer",
              "Parallel Aware": false,
              "Startup Cost": 58329.93,
              "Total Cost": 58329.94,
              "Plan Rows": 1,
              "Plan Width": 8,
              "Actual Startup Time": 91.43,
              "Actual Total Time": 91.431,
              "Actual Rows": 1,
              "Actual Loops": 5,
              "Plans": [
                {
                  "Node Type": "Nested Loop",
                  "Parent Relationship": "Outer",
                  "Parallel Aware": false,
                  "Join Type": "Inner",
                  "Startup Cost": 0.43,
                  "Total Cost": 58326.65,
                  "Plan Rows": 1311,
                  "Plan Width": 0,
                  "Actual Startup Time": 4.668,
                  "Actual Total Time": 91.251,
                  "Actual Rows": 3153,
                  "Actual Loops": 5,
                  "Inner Unique": false,
                  "Plans": [
                    {
                      "Node Type": "Seq Scan",
                      "Parent Relationship": "Outer",
                      "Parallel Aware": true,
                      "Relation Name": "title",
                      "Alias": "t",
                      "Startup Cost": 0.0,
                      "Total Cost": 45479.1,
                      "Plan Rows": 1487,
                      "Plan Width": 4,
                      "Actual Startup Time": 0.99,
                      "Actual Total Time": 78.108,
                      "Actual Rows": 1176,
                      "Actual Loops": 5,
                      "Filter": "((kind_id < 7) AND (production_year = 1973))",
                      "Rows Removed by Filter": 504487
                    },
                    {
                      "Node Type": "Index Scan",
                      "Parent Relationship": "Inner",
                      "Parallel Aware": false,
                      "Scan Direction": "Forward",
                      "Index Name": "movie_id_movie_keyword",
                      "Relation Name": "movie_keyword",
                      "Alias": "mk",
                      "Startup Cost": 0.43,
                      "Total Cost": 8.42,
                      "Plan Rows": 22,
                      "Plan Width": 4,
                      "Actual Startup Time": 0.01,
                      "Actual Total Time": 0.011,
                      "Actual Rows": 3,
                      "Actual Loops": 5878,
                      "Index Cond": "(movie_id = t.id)",
                      "Rows Removed by Index Recheck": 0,
                      "Filter": "(keyword_id > 4908)",
                      "Rows Removed by Filter": 3
                    }
                  ]
                }
              ]
            }
          ]
        }
      ]
    },
    "Planning Time": 0.632,
    "Triggers": [],
    "Execution Time": 113.052
  }
]