[
  {
    "Plan": {
      "Node Type": "Aggregate",
      "Strategy": "Plain",
      "Partial Mode": "Finalize",
      "Parallel Aware": false,
      "Startup Cost": 46501.93,
      "Total Cost": 46501.94,
      "Plan Rows": 1,
      "Plan Width": 8,
      "Actual Startup Time": 84.646,
      "Actual Total Time": 96.846,
      "Actual Rows": 1,
      "Actual Loops": 1,
      "Plans": [
        {
          "Node Type": "Gather",
          "Parent Relationship": "Outer",
          "Parallel Aware": false,
          "Startup Cost": 46501.51,
          "Total Cost": 46501.92,
          "Plan Rows": 4,
          "Plan Width": 8,
          "Actual Startup Time": 84.462,
          "Actual Total Time": 96.83,
          "Actual Rows": 5,
          "Actual Loops": 1,
          "Workers Planned": 4,
          "Workers Launched": 4,
          "Single Copy": false,
          "Plans": [
            {
              "Node Type": "Aggregate",
              "Strategy": "Plain",
              "Partial Mode": "Partial",
              "Parent Relationship": "Outer",
              "Parallel Aware": false,
              "Startup Cost": 45501.51,
              "Total Cost": 45501.52,
              "Plan Rows": 1,
              "Plan Width": 8,
              "Actual Startup Time": 77.698,
              "Actual Total Time": 77.699,
              "Actual Rows": 1,
              "Actual Loops": 5,
              "Plans": [
                {
                  "Node Type": "Seq Scan",
                  "Parent Relationship": "Outer",
                  "Parallel Aware": true,
                  "Relation Name": "title",
                  "Alias": "t",
                  "Startup Cost": 0.0,
                  "Total Cost": 45479.59,
                  "Plan Rows": 8768,
                  "Plan Width": 0,
                  "Actual Startup Time": 68.024,
                  "Actual Total Time": 77.691,
                  "Actual Rows": 0,
                  "Actual Loops": 5,
                  "Filter": "((production_year < 1915) AND (kind_id = 7))",
                  "Rows Removed by Filter": 505662
                }
              ]
            }
          ]
        }
      ]
    },
    "Planning Time": 0.118,
    "Triggers": [],
    "Execution Time": 96.884
  }
]