[
  {
    "Plan": {
      "Node Type": "Aggregate",
      "Strategy": "Plain",
      "Partial Mode": "Finalize",
      "Parallel Aware": false,
      "Startup Cost": 47067.82,
      "Total Cost": 47067.83,
      "Plan Rows": 1,
      "Plan Width": 8,
      "Actual Startup Time": 97.501,
      "Actual Total Time": 108.214,
      "Actual Rows": 1,
      "Actual Loops": 1,
      "Plans": [
        {
          "Node Type": "Gather",
          "Parent Relationship": "Outer",
          "Parallel Aware": false,
          "Startup Cost": 47067.4,
          "Total Cost": 47067.81,
          "Plan Rows": 4,
          "Plan Width": 8,
          "Actual Startup Time": 97.249,
          "Actual Total Time": 108.205,
          "Actual Rows": 5,
          "Actual Loops": 1,
          "Workers Planned": 4,
          "Workers Launched": 4,
          "Single Copy": false,
          "Plans": [
            {
              "Node Type": "Aggregate",
              "Strategy": "Plain",
              "Partial Mode": "Partial",
              "Parent Relationship": "Outer",
              "Parallel Aware": false,
              "Startup Cost": 46067.4,
              "Total Cost": 46067.41,
              "Plan Rows": 1,
              "Plan Width": 8,
              "Actual Startup Time": 91.12,
              "Actual Total Time": 91.122,
              "Actual Rows": 1,
              "Actual Loops": 5,
              "Plans": [
                {
                  "Node Type": "Seq Scan",
                  "Parent Relationship": "Outer",
                  "Parallel Aware": true,
                  "Relation Name": "title",
                  "Alias": "t",
                  "Startup Cost": 0.0,
                  "Total Cost": 45479.1,
                  "Plan Rows": 235322,
                  "Plan Width": 0,
                  "Actual Startup Time": 0.03,
                  "Actual Total Time": 83.194,
                  "Actual Rows": 183586,
                  "Actual Loops": 5,
                  "Filter": "((kind_id < 7) AND (production_year > 1914))",
                  "Rows Removed by Filter": 322076
                }
              ]
            }
          ]
        }
      ]
    },
    "Planning Time": 0.104,
    "Triggers": [],
    "Execution Time": 108.249
  }
]