[
  {
    "Plan": {
      "Node Type": "Aggregate",
      "Strategy": "Plain",
      "Partial Mode": "Finalize",
      "Parallel Aware": false,
      "Startup Cost": 44295.59,
      "Total Cost": 44295.6,
      "Plan Rows": 1,
      "Plan Width": 8,
      "Actual Startup Time": 123.014,
      "Actual Total Time": 131.774,
      "Actual Rows": 1,
      "Actual Loops": 1,
      "Plans": [
        {
          "Node Type": "Gather",
          "Parent Relationship": "Outer",
          "Parallel Aware": false,
          "Startup Cost": 44295.28,
          "Total Cost": 44295.59,
          "Plan Rows": 3,
          "Plan Width": 8,
          "Actual Startup Time": 122.915,
          "Actual Total Time": 131.765,
          "Actual Rows": 4,
          "Actual Loops": 1,
          "Workers Planned": 3,
          "Workers Launched": 3,
          "Single Copy": false,
          "Plans": [
            {
              "Node Type": "Aggregate",
              "Strategy": "Plain",
              "Partial Mode": "Partial",
              "Parent Relationship": "Outer",
              "Parallel Aware": false,
              "Startup Cost": 43295.28,
              "Total Cost": 43295.29,
              "Plan Rows": 1,
              "Plan Width": 8,
              "Actual Startup Time": 116.064,
              "Actual Total Time": 116.065,
              "Actual Rows": 1,
              "Actual Loops": 4,
              "Plans": [
                {
                  "Node Type": "Seq Scan",
                  "Parent Relationship": "Outer",
                  "Parallel Aware": true,
                  "Relation Name": "movie_keyword",
                  "Alias": "mk",
                  "Startup Cost": 0.0,
                  "Total Cost": 42695.65,
                  "Plan Rows": 239849,
                  "Plan Width": 0,
                  "Actual Startup Time": 4.838,
                  "Actual Total Time": 106.304,
                  "Actual Rows": 184174,
                  "Actual Loops": 4,
                  "Filter": "(keyword_id > 25566)",
                  "Rows Removed by Filter": 946808
                }
              ]
            }
          ]
        }
      ]
    },
    "Planning Time": 0.119,
    "Triggers": [],
    "Execution Time": 131.815
  }
]