[
    {
        "Bao": {
            "Bao prediction": "NaN",
            "Bao recommended hint": "(no hint)"
        }
    },
    {
        "Plan": {
            "Node Type": "Aggregate",
            "Strategy": "Plain",
            "Partial Mode": "Finalize",
            "Parallel Aware": false,
            "Startup Cost": 41028.22,
            "Total Cost": 41028.23,
            "Plan Rows": 1,
            "Plan Width": 8,
            "Actual Startup Time": 116.443,
            "Actual Total Time": 122.204,
            "Actual Rows": 1,
            "Actual Loops": 1,
            "Output": [
                "count(*)"
            ],
            "Plans": [
                {
                    "Node Type": "Gather",
                    "Parent Relationship": "Outer",
                    "Parallel Aware": false,
                    "Startup Cost": 41027.9,
                    "Total Cost": 41028.21,
                    "Plan Rows": 3,
                    "Plan Width": 8,
                    "Actual Startup Time": 116.204,
                    "Actual Total Time": 122.195,
                    "Actual Rows": 4,
                    "Actual Loops": 1,
                    "Output": [
                        "(PARTIAL count(*))"
                    ],
                    "Workers Planned": 3,
                    "Workers Launched": 3,
                    "Single Copy": false,
                    "Plans": [
                        {
                            "Node Type": "Aggregate",
                            "Strategy": "Plain",
                            "Partial Mode": "Partial",
                            "Parent Relationship": "Outer",
                            "Parallel Aware": false,
                            "Startup Cost": 40027.9,
                            "Total Cost": 40027.91,
                            "Plan Rows": 1,
                            "Plan Width": 8,
                            "Actual Startup Time": 107.733,
                            "Actual Total Time": 107.734,
                            "Actual Rows": 1,
                            "Actual Loops": 4,
                            "Output": [
                                "PARTIAL count(*)"
                            ],
                            "Workers": [
                                {
                                    "Worker Number": 0,
                                    "Actual Startup Time": 104.728,
                                    "Actual Total Time": 104.73,
                                    "Actual Rows": 1,
                                    "Actual Loops": 1
                                },
                                {
                                    "Worker Number": 1,
                                    "Actual Startup Time": 105.079,
                                    "Actual Total Time": 105.081,
                                    "Actual Rows": 1,
                                    "Actual Loops": 1
                                },
                                {
                                    "Worker Number": 2,
                                    "Actual Startup Time": 105.337,
                                    "Actual Total Time": 105.338,
                                    "Actual Rows": 1,
                                    "Actual Loops": 1
                                }
                            ],
                            "Plans": [
                                {
                                    "Node Type": "Bitmap Heap Scan",
                                    "Parent Relationship": "Outer",
                                    "Parallel Aware": true,
                                    "Relation Name": "movie_keyword",
                                    "Schema": "public",
                                    "Alias": "mk",
                                    "Startup Cost": 12681.34,
                                    "Total Cost": 39545.81,
                                    "Plan Rows": 192837,
                                    "Plan Width": 0,
                                    "Actual Startup Time": 32.587,
                                    "Actual Total Time": 99.266,
                                    "Actual Rows": 147756,
                                    "Actual Loops": 4,
                                    "Recheck Cond": "(mk.keyword_id > 31095)",
                                    "Rows Removed by Index Recheck": 0,
                                    "Exact Heap Blocks": 10308,
                                    "Lossy Heap Blocks": 0,
                                    "Workers": [
                                        {
                                            "Worker Number": 0,
                                            "Actual Startup Time": 29.752,
                                            "Actual Total Time": 97.001,
                                            "Actual Rows": 87278,
                                            "Actual Loops": 1
                                        },
                                        {
                                            "Worker Number": 1,
                                            "Actual Startup Time": 29.918,
                                            "Actual Total Time": 97.351,
                                            "Actual Rows": 122117,
                                            "Actual Loops": 1
                                        },
                                        {
                                            "Worker Number": 2,
                                            "Actual Startup Time": 30.341,
                                            "Actual Total Time": 97.659,
                                            "Actual Rows": 121996,
                                            "Actual Loops": 1
                                        }
                                    ],
                                    "Plans": [
                                        {
                                            "Node Type": "Bitmap Index Scan",
                                            "Parent Relationship": "Outer",
                                            "Parallel Aware": false,
                                            "Index Name": "keyword_id_movie_keyword",
                                            "Startup Cost": 0.0,
                                            "Total Cost": 12531.9,
                                            "Plan Rows": 597795,
                                            "Plan Width": 0,
                                            "Actual Startup Time": 36.945,
                                            "Actual Total Time": 36.946,
                                            "Actual Rows": 591025,
                                            "Actual Loops": 1,
                                            "Index Cond": "(mk.keyword_id > 31095)"
                                        }
                                    ]
                                }
                            ]
                        }
                    ]
                }
            ]
        },
        "Planning Time": 178.457,
        "Triggers": [],
        "Execution Time": 122.292
    }
]