[
  {
    "Plan": {
      "Node Type": "Aggregate",
      "Strategy": "Plain",
      "Partial Mode": "Finalize",
      "Parallel Aware": false,
      "Startup Cost": 410767.33,
      "Total Cost": 410767.34,
      "Plan Rows": 1,
      "Plan Width": 8,
      "Actual Startup Time": 2123.699,
      "Actual Total Time": 2173.386,
      "Actual Rows": 1,
      "Actual Loops": 1,
      "Plans": [
        {
          "Node Type": "Gather",
          "Parent Relationship": "Outer",
          "Parallel Aware": false,
          "Startup Cost": 410766.7,
          "Total Cost": 410767.31,
          "Plan Rows": 6,
          "Plan Width": 8,
          "Actual Startup Time": 2102.996,
          "Actual Total Time": 2173.37,
          "Actual Rows": 7,
          "Actual Loops": 1,
          "Workers Planned": 6,
          "Workers Launched": 6,
          "Single Copy": false,
          "Plans": [
            {
              "Node Type": "Aggregate",
              "Strategy": "Plain",
              "Partial Mode": "Partial",
              "Parent Relationship": "Outer",
              "Parallel Aware": false,
              "Startup Cost": 409766.7,
              "Total Cost": 409766.71,
              "Plan Rows": 1,
              "Plan Width": 8,
              "Actual Startup Time": 2082.845,
              "Actual Total Time": 2082.848,
              "Actual Rows": 1,
              "Actual Loops": 7,
              "Plans": [
                {
                  "Node Type": "Hash Join",
                  "Parent Relationship": "Outer",
                  "Parallel Aware": true,
                  "Join Type": "Inner",
                  "Startup Cost": 50652.22,
                  "Total Cost": 402677.75,
                  "Plan Rows": 2835580,
                  "Plan Width": 0,
                  "Actual Startup Time": 465.606,
                  "Actual Total Time": 1981.175,
                  "Actual Rows": 2349321,
                  "Actual Loops": 7,
                  "Inner Unique": true,
                  "Hash Cond": "(ci.movie_id = t.id)",
                  "Plans": [
                    {
                      "Node Type": "Seq Scan",
                      "Parent Relationship": "Outer",
                      "Parallel Aware": true,
                      "Relation Name": "cast_info",
                      "Alias": "ci",
                      "Startup Cost": 0.0,
                      "Total Cost": 343316.27,
                      "Plan Rows": 3317809,
                      "Plan Width": 4,
                      "Actual Startup Time": 211.507,
                      "Actual Total Time": 674.166,
                      "Actual Rows": 2573948,
                      "Actual Loops": 7,
                      "Filter": "((person_id < 3097527) AND (role_id > 1))",
                      "Rows Removed by Filter": 2603815
                    },
                    {
                      "Node Type": "Hash",
                      "Parent Relationship": "Inner",
                      "Parallel Aware": true,
                      "Startup Cost": 43899.32,
                      "Total Cost": 43899.32,
                      "Plan Rows": 540232,
                      "Plan Width": 4,
                      "Actual Startup Time": 246.823,
                      "Actual Total Time": 246.825,
                      "Actual Rows": 306669,
                      "Actual Loops": 7,
                      "Hash Buckets": 4194304,
                      "Original Hash Buckets": 4194304,
                      "Hash Batches": 1,
                      "Original Hash Batches": 1,
                      "Peak Memory Usage": 116864,
                      "Plans": [
                        {
                          "Node Type": "Seq Scan",
                          "Parent Relationship": "Outer",
                          "Parallel Aware": true,
                          "Relation Name": "title",
                          "Alias": "t",
                          "Startup Cost": 0.0,
                          "Total Cost": 43899.32,
                          "Plan Rows": 540232,
                          "Plan Width": 4,
                          "Actual Startup Time": 0.06,
                          "Actual Total Time": 84.284,
                          "Actual Rows": 306669,
                          "Actual Loops": 7,
                          "Filter": "(production_year > 1965)",
                          "Rows Removed by Filter": 54518
                        }
                      ]
                    }
                  ]
                }
              ]
            }
          ]
        }
      ]
    },
    "Planning Time": 0.616,
    "Triggers": [],
    "Execution Time": 2173.466
  }
]