[
  {
    "Plan": {
      "Node Type": "Aggregate",
      "Strategy": "Plain",
      "Partial Mode": "Finalize",
      "Parallel Aware": false,
      "Startup Cost": 30847.37,
      "Total Cost": 30847.38,
      "Plan Rows": 1,
      "Plan Width": 8,
      "Actual Startup Time": 93.58,
      "Actual Total Time": 101.205,
      "Actual Rows": 1,
      "Actual Loops": 1,
      "Plans": [
        {
          "Node Type": "Gather",
          "Parent Relationship": "Outer",
          "Parallel Aware": false,
          "Startup Cost": 30847.05,
          "Total Cost": 30847.36,
          "Plan Rows": 3,
          "Plan Width": 8,
          "Actual Startup Time": 93.477,
          "Actual Total Time": 101.198,
          "Actual Rows": 4,
          "Actual Loops": 1,
          "Workers Planned": 3,
          "Workers Launched": 3,
          "Single Copy": false,
          "Plans": [
            {
              "Node Type": "Aggregate",
              "Strategy": "Plain",
              "Partial Mode": "Partial",
              "Parent Relationship": "Outer",
              "Parallel Aware": false,
              "Startup Cost": 29847.05,
              "Total Cost": 29847.06,
              "Plan Rows": 1,
              "Plan Width": 8,
              "Actual Startup Time": 87.342,
              "Actual Total Time": 87.343,
              "Actual Rows": 1,
              "Actual Loops": 4,
              "Plans": [
                {
                  "Node Type": "Seq Scan",
                  "Parent Relationship": "Outer",
                  "Parallel Aware": true,
                  "Relation Name": "movie_companies",
                  "Alias": "mc",
                  "Startup Cost": 0.0,
                  "Total Cost": 29310.68,
                  "Plan Rows": 214547,
                  "Plan Width": 0,
                  "Actual Startup Time": 32.58,
                  "Actual Total Time": 79.223,
                  "Actual Rows": 169508,
                  "Actual Loops": 4,
                  "Filter": "(company_id > 49144)",
                  "Rows Removed by Filter": 482775
                }
              ]
            }
          ]
        }
      ]
    },
    "Planning Time": 0.188,
    "Triggers": [],
    "Execution Time": 101.252
  }
]