[
  {
    "Plan": {
      "Node Type": "Aggregate",
      "Strategy": "Plain",
      "Partial Mode": "Finalize",
      "Parallel Aware": false,
      "Startup Cost": 637524.89,
      "Total Cost": 637524.9,
      "Plan Rows": 1,
      "Plan Width": 8,
      "Actual Startup Time": 4954.403,
      "Actual Total Time": 5040.341,
      "Actual Rows": 1,
      "Actual Loops": 1,
      "Plans": [
        {
          "Node Type": "Gather",
          "Parent Relationship": "Outer",
          "Parallel Aware": false,
          "Startup Cost": 637524.27,
          "Total Cost": 637524.88,
          "Plan Rows": 6,
          "Plan Width": 8,
          "Actual Startup Time": 4932.783,
          "Actual Total Time": 5040.33,
          "Actual Rows": 7,
          "Actual Loops": 1,
          "Workers Planned": 6,
          "Workers Launched": 6,
          "Single Copy": false,
          "Plans": [
            {
              "Node Type": "Aggregate",
              "Strategy": "Plain",
              "Partial Mode": "Partial",
              "Parent Relationship": "Outer",
              "Parallel Aware": false,
              "Startup Cost": 636524.27,
              "Total Cost": 636524.28,
              "Plan Rows": 1,
              "Plan Width": 8,
              "Actual Startup Time": 4910.628,
              "Actual Total Time": 4911.91,
              "Actual Rows": 1,
              "Actual Loops": 7,
              "Plans": [
                {
                  "Node Type": "Hash Join",
                  "Parent Relationship": "Outer",
                  "Parallel Aware": true,
                  "Join Type": "Inner",
                  "Startup Cost": 257537.92,
                  "Total Cost": 619864.06,
                  "Plan Rows": 6664084,
                  "Plan Width": 0,
                  "Actual Startup Time": 1101.029,
                  "Actual Total Time": 4487.002,
                  "Actual Rows": 10781247,
                  "Actual Loops": 7,
                  "Inner Unique": false,
                  "Hash Cond": "(ci.movie_id = t.id)",
                  "Plans": [
                    {
                      "Node Type": "Seq Scan",
                      "Parent Relationship": "Outer",
                      "Parallel Aware": true,
                      "Relation Name": "cast_info",
                      "Alias": "ci",
                      "Startup Cost": 0.0,
                      "Total Cost": 328162.03,
                      "Plan Rows": 5556248,
                      "Plan Width": 4,
                      "Actual Startup Time": 28.165,
                      "Actual Total Time": 599.514,
                      "Actual Rows": 4758881,
                      "Actual Loops": 7,
                      "Filter": "(person_id > 285187)",
                      "Rows Removed by Filter": 418883
                    },
                    {
                      "Node Type": "Hash",
                      "Parent Relationship": "Inner",
                      "Parallel Aware": true,
                      "Startup Cost": 249956.92,
                      "Total Cost": 249956.92,
                      "Plan Rows": 606480,
                      "Plan Width": 8,
                      "Actual Startup Time": 1065.943,
                      "Actual Total Time": 1067.223,
                      "Actual Rows": 603050,
                      "Actual Loops": 7,
                      "Hash Buckets": 8388608,
                      "Original Hash Buckets": 4194304,
                      "Hash Batches": 1,
                      "Original Hash Batches": 1,
                      "Peak Memory Usage": 263584,
                      "Plans": [
                        {
                          "Node Type": "Hash Join",
                          "Parent Relationship": "Outer",
                          "Parallel Aware": true,
                          "Join Type": "Inner",
                          "Startup Cost": 47239.94,
                          "Total Cost": 249956.92,
                          "Plan Rows": 606480,
                          "Plan Width": 8,
                          "Actual Startup Time": 148.947,
                          "Actual Total Time": 721.933,
                          "Actual Rows": 603050,
                          "Actual Loops": 7,
                          "Inner Unique": true,
                          "Hash Cond": "(mi.movie_id = t.id)",
                          "Plans": [
                            {
                              "Node Type": "Seq Scan",
                              "Parent Relationship": "Outer",
                              "Parallel Aware": true,
                              "Relation Name": "movie_info",
                              "Alias": "mi",
                              "Startup Cost": 0.0,
                              "Total Cost": 198952.16,
                              "Plan Rows": 1434213,
                              "Plan Width": 4,
                              "Actual Startup Time": 0.025,
                              "Actual Total Time": 287.344,
                              "Actual Rows": 1040981,
                              "Actual Loops": 7,
                              "Filter": "(info_type_id < 8)",
                              "Rows Removed by Filter": 1078408
                            },
                            {
                              "Node Type": "Hash",
                              "Parent Relationship": "Inner",
                              "Parallel Aware": true,
                              "Startup Cost": 43898.92,
                              "Total Cost": 43898.92,
                              "Plan Rows": 267282,
                              "Plan Width": 4,
                              "Actual Startup Time": 147.143,
                              "Actual Total Time": 147.145,
                              "Actual Rows": 153538,
                              "Actual Loops": 7,
                              "Hash Buckets": 2097152,
                              "Original Hash Buckets": 2097152,
                              "Hash Batches": 1,
                              "Original Hash Batches": 1,
                              "Peak Memory Usage": 58560,
                              "Plans": [
                                {
                                  "Node Type": "Seq Scan",
                                  "Parent Relationship": "Outer",
                                  "Parallel Aware": true,
                                  "Relation Name": "title",
                                  "Alias": "t",
                                  "Startup Cost": 0.0,
                                  "Total Cost": 43898.92,
                                  "Plan Rows": 267282,
                                  "Plan Width": 4,
                                  "Actual Startup Time": 0.042,
                                  "Actual Total Time": 74.396,
                                  "Actual Rows": 153538,
                                  "Actual Loops": 7,
                                  "Filter": "(production_year < 2001)",
                                  "Rows Removed by Filter": 207650
                                }
                              ]
                            }
                          ]
                        }
                      ]
                    }
                  ]
                }
              ]
            }
          ]
        }
      ]
    },
    "Planning Time": 1.283,
    "Triggers": [],
    "Execution Time": 5040.442
  }
]