[
  {
    "Plan": {
      "Node Type": "Aggregate",
      "Strategy": "Plain",
      "Partial Mode": "Finalize",
      "Parallel Aware": false,
      "Startup Cost": 351511.05,
      "Total Cost": 351511.06,
      "Plan Rows": 1,
      "Plan Width": 8,
      "Actual Startup Time": 869.989,
      "Actual Total Time": 928.99,
      "Actual Rows": 1,
      "Actual Loops": 1,
      "Plans": [
        {
          "Node Type": "Gather",
          "Parent Relationship": "Outer",
          "Parallel Aware": false,
          "Startup Cost": 351510.42,
          "Total Cost": 351511.03,
          "Plan Rows": 6,
          "Plan Width": 8,
          "Actual Startup Time": 869.777,
          "Actual Total Time": 928.98,
          "Actual Rows": 7,
          "Actual Loops": 1,
          "Workers Planned": 6,
          "Workers Launched": 6,
          "Single Copy": false,
          "Plans": [
            {
              "Node Type": "Aggregate",
              "Strategy": "Plain",
              "Partial Mode": "Partial",
              "Parent Relationship": "Outer",
              "Parallel Aware": false,
              "Startup Cost": 350510.42,
              "Total Cost": 350510.43,
              "Plan Rows": 1,
              "Plan Width": 8,
              "Actual Startup Time": 859.292,
              "Actual Total Time": 859.293,
              "Actual Rows": 1,
              "Actual Loops": 7,
              "Plans": [
                {
                  "Node Type": "Seq Scan",
                  "Parent Relationship": "Outer",
                  "Parallel Aware": true,
                  "Relation Name": "cast_info",
                  "Alias": "ci",
                  "Startup Cost": 0.0,
                  "Total Cost": 343257.03,
                  "Plan Rows": 2901357,
                  "Plan Width": 0,
                  "Actual Startup Time": 72.954,
                  "Actual Total Time": 745.279,
                  "Actual Rows": 2405530,
                  "Actual Loops": 7,
                  "Filter": "((person_id > 438774) AND (role_id < 3))",
                  "Rows Removed by Filter": 2772234
                }
              ]
            }
          ]
        }
      ]
    },
    "Planning Time": 0.195,
    "Triggers": [],
    "Execution Time": 929.056
  }
]