{
  "Plan": {
    "Node Type": "Aggregate",
    "Strategy": "Plain",
    "Partial Mode": "Simple",
    "Parallel Aware": false,
    "Startup Cost": 6873.88,
    "Total Cost": 6873.89,
    "Plan Rows": 1,
    "Plan Width": 96,
    "Actual Startup Time": 59.505,
    "Actual Total Time": 59.511,
    "Actual Rows": 1,
    "Actual Loops": 1,
    "Plans": [
      {
        "Node Type": "Nested Loop",
        "Parent Relationship": "Outer",
        "Parallel Aware": false,
        "Join Type": "Inner",
        "Startup Cost": 6184.57,
        "Total Cost": 6873.6,
        "Plan Rows": 37,
        "Plan Width": 60,
        "Actual Startup Time": 42.941,
        "Actual Total Time": 59.349,
        "Actual Rows": 864,
        "Actual Loops": 1,
        "Inner Unique": true,
        "Join Filter": "(ml.movie_id = t.id)",
        "Rows Removed by Join Filter": 0,
        "Plans": [
          {
            "Node Type": "Nested Loop",
            "Parent Relationship": "Outer",
            "Parallel Aware": false,
            "Join Type": "Inner",
            "Startup Cost": 6184.14,
            "Total Cost": 6844.47,
            "Plan Rows": 58,
            "Plan Width": 55,
            "Actual Startup Time": 42.928,
            "Actual Total Time": 58.231,
            "Actual Rows": 864,
            "Actual Loops": 1,
            "Inner Unique": true,
            "Plans": [
              {
                "Node Type": "Hash Join",
                "Parent Relationship": "Outer",
                "Parallel Aware": false,
                "Join Type": "Inner",
                "Startup Cost": 6183.72,
                "Total Cost": 6815.11,
                "Plan Rows": 65,
                "Plan Width": 40,
                "Actual Startup Time": 42.916,
                "Actual Total Time": 57.089,
                "Actual Rows": 864,
                "Actual Loops": 1,
                "Inner Unique": true,
                "Hash Cond": "(mc.company_type_id = ct.id)",
                "Plans": [
                  {
                    "Node Type": "Nested Loop",
                    "Parent Relationship": "Outer",
                    "Parallel Aware": false,
                    "Join Type": "Inner",
                    "Startup Cost": 6182.63,
                    "Total Cost": 6813.55,
                    "Plan Rows": 87,
                    "Plan Width": 44,
                    "Actual Startup Time": 42.873,
                    "Actual Total Time": 55.966,
                    "Actual Rows": 18908,
                    "Actual Loops": 1,
                    "Inner Unique": false,
                    "Join Filter": "(ml.movie_id = mc.movie_id)",
                    "Rows Removed by Join Filter": 0,
                    "Plans": [
                      {
                        "Node Type": "Hash Join",
                        "Parent Relationship": "Outer",
                        "Parallel Aware": false,
                        "Join Type": "Inner",
                        "Startup Cost": 6182.2,
                        "Total Cost": 6795.57,
                        "Plan Rows": 31,
                        "Plan Width": 8,
                        "Actual Startup Time": 42.853,
                        "Actual Total Time": 49.089,
                        "Actual Rows": 1422,
                        "Actual Loops": 1,
                        "Inner Unique": true,
                        "Hash Cond": "(ml.link_type_id = lt.id)",
                        "Plans": [
                          {
                            "Node Type": "Hash Join",
                            "Parent Relationship": "Outer",
                            "Parallel Aware": false,
                            "Join Type": "Inner",
                            "Startup Cost": 6180.8,
                            "Total Cost": 6794.06,
                            "Plan Rows": 31,
                            "Plan Width": 12,
                            "Actual Startup Time": 42.824,
                            "Actual Total Time": 48.864,
                            "Actual Rows": 1422,
                            "Actual Loops": 1,
                            "Inner Unique": false,
                            "Hash Cond": "(ml.movie_id = mk.movie_id)",
                            "Plans": [
                              {
                                "Node Type": "Seq Scan",
                                "Parent Relationship": "Outer",
                                "Parallel Aware": false,
                                "Relation Name": "movie_link",
                                "Alias": "ml",
                                "Startup Cost": 0.0,
                                "Total Cost": 462.97,
                                "Plan Rows": 29997,
                                "Plan Width": 8,
                                "Actual Startup Time": 0.014,
                                "Actual Total Time": 3.907,
                                "Actual Rows": 29997,
                                "Actual Loops": 1
                              },
                              {
                                "Node Type": "Hash",
                                "Parent Relationship": "Inner",
                                "Parallel Aware": false,
                                "Startup Cost": 6179.54,
                                "Total Cost": 6179.54,
                                "Plan Rows": 101,
                                "Plan Width": 4,
                                "Actual Startup Time": 42.778,
                                "Actual Total Time": 42.78,
                                "Actual Rows": 10536,
                                "Actual Loops": 1,
                                "Hash Buckets": 16384,
                                "Original Hash Buckets": 1024,
                                "Hash Batches": 1,
                                "Original Hash Batches": 1,
                                "Peak Memory Usage": 499,
                                "Plans": [
                                  {
                                    "Node Type": "Nested Loop",
                                    "Parent Relationship": "Outer",
                                    "Parallel Aware": false,
                                    "Join Type": "Inner",
                                    "Startup Cost": 10.82,
                                    "Total Cost": 6179.54,
                                    "Plan Rows": 101,
                                    "Plan Width": 4,
                                    "Actual Startup Time": 1.129,
                                    "Actual Total Time": 40.486,
                                    "Actual Rows": 10536,
                                    "Actual Loops": 1,
                                    "Inner Unique": false,
                                    "Plans": [
                                      {
                                        "Node Type": "Seq Scan",
                                        "Parent Relationship": "Outer",
                                        "Parallel Aware": false,
                                        "Relation Name": "keyword",
                                        "Alias": "k",
                                        "Startup Cost": 0.0,
                                        "Total Cost": 2793.84,
                                        "Plan Rows": 3,
                                        "Plan Width": 4,
                                        "Actual Startup Time": 0.139,
                                        "Actual Total Time": 14.182,
                                        "Actual Rows": 3,
                                        "Actual Loops": 1,
                                        "Filter": "(keyword = ANY ('{based-on-comic,hand-to-hand-combat,fight}'::text[]))",
                                        "Rows Removed by Filter": 134167
                                      },
                                      {
                                        "Node Type": "Bitmap Heap Scan",
                                        "Parent Relationship": "Inner",
                                        "Parallel Aware": false,
                                        "Relation Name": "movie_keyword",
                                        "Alias": "mk",
                                        "Startup Cost": 10.82,
                                        "Total Cost": 1125.49,
                                        "Plan Rows": 308,
                                        "Plan Width": 8,
                                        "Actual Startup Time": 1.562,
                                        "Actual Total Time": 8.161,
                                        "Actual Rows": 3512,
                                        "Actual Loops": 3,
                                        "Recheck Cond": "(keyword_id = k.id)",
                                        "Rows Removed by Index Recheck": 0,
                                        "Exact Heap Blocks": 8401,
                                        "Lossy Heap Blocks": 0,
                                        "Plans": [
                                          {
                                            "Node Type": "Bitmap Index Scan",
                                            "Parent Relationship": "Outer",
                                            "Parallel Aware": false,
                                            "Index Name": "keyword_id_movie_keyword",
                                            "Startup Cost": 0.0,
                                            "Total Cost": 10.74,
                                            "Plan Rows": 308,
                                            "Plan Width": 0,
                                            "Actual Startup Time": 0.806,
                                            "Actual Total Time": 0.806,
                                            "Actual Rows": 3512,
                                            "Actual Loops": 3,
                                            "Index Cond": "(keyword_id = k.id)"
                                          }
                                        ]
                                      }
                                    ]
                                  }
                                ]
                              }
                            ]
                          },
                          {
                            "Node Type": "Hash",
                            "Parent Relationship": "Inner",
                            "Parallel Aware": false,
                            "Startup Cost": 1.18,
                            "Total Cost": 1.18,
                            "Plan Rows": 18,
                            "Plan Width": 4,
                            "Actual Startup Time": 0.022,
                            "Actual Total Time": 0.023,
                            "Actual Rows": 18,
                            "Actual Loops": 1,
                            "Hash Buckets": 1024,
                            "Original Hash Buckets": 1024,
                            "Hash Batches": 1,
                            "Original Hash Batches": 1,
                            "Peak Memory Usage": 9,
                            "Plans": [
                              {
                                "Node Type": "Seq Scan",
                                "Parent Relationship": "Outer",
                                "Parallel Aware": false,
                                "Relation Name": "link_type",
                                "Alias": "lt",
                                "Startup Cost": 0.0,
                                "Total Cost": 1.18,
                                "Plan Rows": 18,
                                "Plan Width": 4,
                                "Actual Startup Time": 0.009,
                                "Actual Total Time": 0.014,
                                "Actual Rows": 18,
                                "Actual Loops": 1
                              }
                            ]
                          }
                        ]
                      },
                      {
                        "Node Type": "Index Scan",
                        "Parent Relationship": "Inner",
                        "Parallel Aware": false,
                        "Scan Direction": "Forward",
                        "Index Name": "movie_id_movie_companies",
                        "Relation Name": "movie_companies",
                        "Alias": "mc",
                        "Startup Cost": 0.43,
                        "Total Cost": 0.54,
                        "Plan Rows": 3,
                        "Plan Width": 36,
                        "Actual Startup Time": 0.001,
                        "Actual Total Time": 0.004,
                        "Actual Rows": 13,
                        "Actual Loops": 1422,
                        "Index Cond": "(movie_id = mk.movie_id)",
                        "Rows Removed by Index Recheck": 0,
                        "Filter": "(note IS NOT NULL)",
                        "Rows Removed by Filter": 2
                      }
                    ]
                  },
                  {
                    "Node Type": "Hash",
                    "Parent Relationship": "Inner",
                    "Parallel Aware": false,
                    "Startup Cost": 1.05,
                    "Total Cost": 1.05,
                    "Plan Rows": 3,
                    "Plan Width": 4,
                    "Actual Startup Time": 0.027,
                    "Actual Total Time": 0.028,
                    "Actual Rows": 3,
                    "Actual Loops": 1,
                    "Hash Buckets": 1024,
                    "Original Hash Buckets": 1024,
                    "Hash Batches": 1,
                    "Original Hash Batches": 1,
                    "Peak Memory Usage": 9,
                    "Plans": [
                      {
                        "Node Type": "Seq Scan",
                        "Parent Relationship": "Outer",
                        "Parallel Aware": false,
                        "Relation Name": "company_type",
                        "Alias": "ct",
                        "Startup Cost": 0.0,
                        "Total Cost": 1.05,
                        "Plan Rows": 3,
                        "Plan Width": 4,
                        "Actual Startup Time": 0.018,
                        "Actual Total Time": 0.021,
                        "Actual Rows": 3,
                        "Actual Loops": 1,
                        "Filter": "((kind IS NOT NULL) AND ((kind)::text <> 'distributors'::text))",
                        "Rows Removed by Filter": 1
                      }
                    ]
                  }
                ]
              },
              {
                "Node Type": "Index Scan",
                "Parent Relationship": "Inner",
                "Parallel Aware": false,
                "Scan Direction": "Forward",
                "Index Name": "company_name_pkey",
                "Relation Name": "company_name",
                "Alias": "cn",
                "Startup Cost": 0.42,
                "Total Cost": 0.45,
                "Plan Rows": 1,
                "Plan Width": 23,
                "Actual Startup Time": 0.001,
                "Actual Total Time": 0.001,
                "Actual Rows": 1,
                "Actual Loops": 864,
                "Index Cond": "(id = mc.company_id)",
                "Rows Removed by Index Recheck": 0,
                "Filter": "((country_code)::text <> '[pl]'::text)",
                "Rows Removed by Filter": 0
              }
            ]
          },
          {
            "Node Type": "Index Scan",
            "Parent Relationship": "Inner",
            "Parallel Aware": false,
            "Scan Direction": "Forward",
            "Index Name": "title_pkey",
            "Relation Name": "title",
            "Alias": "t",
            "Startup Cost": 0.43,
            "Total Cost": 0.49,
            "Plan Rows": 1,
            "Plan Width": 21,
            "Actual Startup Time": 0.001,
            "Actual Total Time": 0.001,
            "Actual Rows": 1,
            "Actual Loops": 864,
            "Index Cond": "(id = mk.movie_id)",
            "Rows Removed by Index Recheck": 0,
            "Filter": "(production_year > 1995)",
            "Rows Removed by Filter": 0
          }
        ]
      }
    ]
  },
  "Planning Time": 1.884,
  "Triggers": [],
  "Execution Time": 59.698
}