[
    {
        "Bao": {
            "Bao prediction": "NaN",
            "Bao recommended hint": "(no hint)"
        }
    },
    {
        "Plan": {
            "Node Type": "Aggregate",
            "Strategy": "Plain",
            "Partial Mode": "Finalize",
            "Parallel Aware": false,
            "Startup Cost": 33204.37,
            "Total Cost": 33204.38,
            "Plan Rows": 1,
            "Plan Width": 8,
            "Actual Startup Time": 89.21,
            "Actual Total Time": 95.647,
            "Actual Rows": 1,
            "Actual Loops": 1,
            "Output": [
                "count(*)"
            ],
            "Plans": [
                {
                    "Node Type": "Gather",
                    "Parent Relationship": "Outer",
                    "Parallel Aware": false,
                    "Startup Cost": 33204.06,
                    "Total Cost": 33204.37,
                    "Plan Rows": 3,
                    "Plan Width": 8,
                    "Actual Startup Time": 89.113,
                    "Actual Total Time": 95.639,
                    "Actual Rows": 4,
                    "Actual Loops": 1,
                    "Output": [
                        "(PARTIAL count(*))"
                    ],
                    "Workers Planned": 3,
                    "Workers Launched": 3,
                    "Single Copy": false,
                    "Plans": [
                        {
                            "Node Type": "Aggregate",
                            "Strategy": "Plain",
                            "Partial Mode": "Partial",
                            "Parent Relationship": "Outer",
                            "Parallel Aware": false,
                            "Startup Cost": 32204.06,
                            "Total Cost": 32204.07,
                            "Plan Rows": 1,
                            "Plan Width": 8,
                            "Actual Startup Time": 81.122,
                            "Actual Total Time": 81.123,
                            "Actual Rows": 1,
                            "Actual Loops": 4,
                            "Output": [
                                "PARTIAL count(*)"
                            ],
                            "Workers": [
                                {
                                    "Worker Number": 0,
                                    "Actual Startup Time": 78.264,
                                    "Actual Total Time": 78.265,
                                    "Actual Rows": 1,
                                    "Actual Loops": 1
                                },
                                {
                                    "Worker Number": 1,
                                    "Actual Startup Time": 78.564,
                                    "Actual Total Time": 78.565,
                                    "Actual Rows": 1,
                                    "Actual Loops": 1
                                },
                                {
                                    "Worker Number": 2,
                                    "Actual Startup Time": 78.829,
                                    "Actual Total Time": 78.829,
                                    "Actual Rows": 1,
                                    "Actual Loops": 1
                                }
                            ],
                            "Plans": [
                                {
                                    "Node Type": "Seq Scan",
                                    "Parent Relationship": "Outer",
                                    "Parallel Aware": true,
                                    "Relation Name": "movie_companies",
                                    "Schema": "public",
                                    "Alias": "mc",
                                    "Startup Cost": 0.0,
                                    "Total Cost": 31414.82,
                                    "Plan Rows": 315695,
                                    "Plan Width": 0,
                                    "Actual Startup Time": 42.118,
                                    "Actual Total Time": 74.097,
                                    "Actual Rows": 169674,
                                    "Actual Loops": 4,
                                    "Output": [
                                        "id",
                                        "movie_id",
                                        "company_id",
                                        "company_type_id",
                                        "note"
                                    ],
                                    "Filter": "((mc.company_id < 47618) AND (mc.company_type_id = 2))",
                                    "Rows Removed by Filter": 482608,
                                    "Workers": [
                                        {
                                            "Worker Number": 0,
                                            "Actual Startup Time": 39.257,
                                            "Actual Total Time": 71.417,
                                            "Actual Rows": 160653,
                                            "Actual Loops": 1
                                        },
                                        {
                                            "Worker Number": 1,
                                            "Actual Startup Time": 39.563,
                                            "Actual Total Time": 71.922,
                                            "Actual Rows": 162291,
                                            "Actual Loops": 1
                                        },
                                        {
                                            "Worker Number": 2,
                                            "Actual Startup Time": 39.82,
                                            "Actual Total Time": 71.91,
                                            "Actual Rows": 162462,
                                            "Actual Loops": 1
                                        }
                                    ]
                                }
                            ]
                        }
                    ]
                }
            ]
        },
        "Planning Time": 199.797,
        "Triggers": [],
        "Execution Time": 95.696
    }
]