[
  {
    "Plan": {
      "Node Type": "Aggregate",
      "Strategy": "Plain",
      "Partial Mode": "Finalize",
      "Parallel Aware": false,
      "Startup Cost": 289436.19,
      "Total Cost": 289436.2,
      "Plan Rows": 1,
      "Plan Width": 8,
      "Actual Startup Time": 139.334,
      "Actual Total Time": 149.402,
      "Actual Rows": 1,
      "Actual Loops": 1,
      "Plans": [
        {
          "Node Type": "Gather",
          "Parent Relationship": "Outer",
          "Parallel Aware": false,
          "Startup Cost": 289435.56,
          "Total Cost": 289436.17,
          "Plan Rows": 6,
          "Plan Width": 8,
          "Actual Startup Time": 138.986,
          "Actual Total Time": 149.384,
          "Actual Rows": 7,
          "Actual Loops": 1,
          "Workers Planned": 6,
          "Workers Launched": 6,
          "Single Copy": false,
          "Plans": [
            {
              "Node Type": "Aggregate",
              "Strategy": "Plain",
              "Partial Mode": "Partial",
              "Parent Relationship": "Outer",
              "Parallel Aware": false,
              "Startup Cost": 288435.56,
              "Total Cost": 288435.57,
              "Plan Rows": 1,
              "Plan Width": 8,
              "Actual Startup Time": 132.202,
              "Actual Total Time": 132.205,
              "Actual Rows": 1,
              "Actual Loops": 7,
              "Plans": [
                {
                  "Node Type": "Bitmap Heap Scan",
                  "Parent Relationship": "Outer",
                  "Parallel Aware": true,
                  "Relation Name": "cast_info",
                  "Alias": "ci",
                  "Startup Cost": 32112.47,
                  "Total Cost": 287829.55,
                  "Plan Rows": 242406,
                  "Plan Width": 0,
                  "Actual Startup Time": 51.648,
                  "Actual Total Time": 119.761,
                  "Actual Rows": 196932,
                  "Actual Loops": 7,
                  "Recheck Cond": "(person_id > 3794583)",
                  "Rows Removed by Index Recheck": 0,
                  "Exact Heap Blocks": 5976,
                  "Lossy Heap Blocks": 0,
                  "Plans": [
                    {
                      "Node Type": "Bitmap Index Scan",
                      "Parent Relationship": "Outer",
                      "Parallel Aware": false,
                      "Index Name": "person_id_cast_info",
                      "Startup Cost": 0.0,
                      "Total Cost": 31748.86,
                      "Plan Rows": 1454439,
                      "Plan Width": 0,
                      "Actual Startup Time": 54.659,
                      "Actual Total Time": 54.659,
                      "Actual Rows": 1378522,
                      "Actual Loops": 1,
                      "Index Cond": "(person_id > 3794583)"
                    }
                  ]
                }
              ]
            }
          ]
        }
      ]
    },
    "Planning Time": 0.118,
    "Triggers": [],
    "Execution Time": 149.452
  }
]