[
    {
        "Bao": {
            "Bao prediction": "NaN",
            "Bao recommended hint": "(no hint)"
        }
    },
    {
        "Plan": {
            "Node Type": "Aggregate",
            "Strategy": "Plain",
            "Partial Mode": "Finalize",
            "Parallel Aware": false,
            "Startup Cost": 25856.13,
            "Total Cost": 25856.14,
            "Plan Rows": 1,
            "Plan Width": 8,
            "Actual Startup Time": 20.629,
            "Actual Total Time": 23.711,
            "Actual Rows": 1,
            "Actual Loops": 1,
            "Output": [
                "count(*)"
            ],
            "Plans": [
                {
                    "Node Type": "Gather",
                    "Parent Relationship": "Outer",
                    "Parallel Aware": false,
                    "Startup Cost": 25855.91,
                    "Total Cost": 25856.12,
                    "Plan Rows": 2,
                    "Plan Width": 8,
                    "Actual Startup Time": 20.301,
                    "Actual Total Time": 23.704,
                    "Actual Rows": 3,
                    "Actual Loops": 1,
                    "Output": [
                        "(PARTIAL count(*))"
                    ],
                    "Workers Planned": 2,
                    "Workers Launched": 2,
                    "Single Copy": false,
                    "Plans": [
                        {
                            "Node Type": "Aggregate",
                            "Strategy": "Plain",
                            "Partial Mode": "Partial",
                            "Parent Relationship": "Outer",
                            "Parallel Aware": false,
                            "Startup Cost": 24855.91,
                            "Total Cost": 24855.92,
                            "Plan Rows": 1,
                            "Plan Width": 8,
                            "Actual Startup Time": 12.781,
                            "Actual Total Time": 12.783,
                            "Actual Rows": 1,
                            "Actual Loops": 3,
                            "Output": [
                                "PARTIAL count(*)"
                            ],
                            "Workers": [
                                {
                                    "Worker Number": 0,
                                    "Actual Startup Time": 9.05,
                                    "Actual Total Time": 9.052,
                                    "Actual Rows": 1,
                                    "Actual Loops": 1
                                },
                                {
                                    "Worker Number": 1,
                                    "Actual Startup Time": 9.298,
                                    "Actual Total Time": 9.3,
                                    "Actual Rows": 1,
                                    "Actual Loops": 1
                                }
                            ],
                            "Plans": [
                                {
                                    "Node Type": "Nested Loop",
                                    "Parent Relationship": "Outer",
                                    "Parallel Aware": false,
                                    "Join Type": "Inner",
                                    "Startup Cost": 94.75,
                                    "Total Cost": 24852.47,
                                    "Plan Rows": 1378,
                                    "Plan Width": 0,
                                    "Actual Startup Time": 0.726,
                                    "Actual Total Time": 12.683,
                                    "Actual Rows": 963,
                                    "Actual Loops": 3,
                                    "Inner Unique": true,
                                    "Workers": [
                                        {
                                            "Worker Number": 0,
                                            "Actual Startup Time": 0.353,
                                            "Actual Total Time": 9.01,
                                            "Actual Rows": 66,
                                            "Actual Loops": 1
                                        },
                                        {
                                            "Worker Number": 1,
                                            "Actual Startup Time": 0.331,
                                            "Actual Total Time": 9.25,
                                            "Actual Rows": 81,
                                            "Actual Loops": 1
                                        }
                                    ],
                                    "Plans": [
                                        {
                                            "Node Type": "Bitmap Heap Scan",
                                            "Parent Relationship": "Outer",
                                            "Parallel Aware": true,
                                            "Relation Name": "movie_keyword",
                                            "Schema": "public",
                                            "Alias": "mk",
                                            "Startup Cost": 94.32,
                                            "Total Cost": 11296.48,
                                            "Plan Rows": 1822,
                                            "Plan Width": 4,
                                            "Actual Startup Time": 0.571,
                                            "Actual Total Time": 4.101,
                                            "Actual Rows": 1415,
                                            "Actual Loops": 3,
                                            "Output": [
                                                "mk.id",
                                                "mk.movie_id",
                                                "mk.keyword_id"
                                            ],
                                            "Recheck Cond": "(mk.keyword_id = 7281)",
                                            "Rows Removed by Index Recheck": 0,
                                            "Exact Heap Blocks": 3050,
                                            "Lossy Heap Blocks": 0,
                                            "Workers": [
                                                {
                                                    "Worker Number": 0,
                                                    "Actual Startup Time": 0.128,
                                                    "Actual Total Time": 2.942,
                                                    "Actual Rows": 109,
                                                    "Actual Loops": 1
                                                },
                                                {
                                                    "Worker Number": 1,
                                                    "Actual Startup Time": 0.108,
                                                    "Actual Total Time": 2.909,
                                                    "Actual Rows": 118,
                                                    "Actual Loops": 1
                                                }
                                            ],
                                            "Plans": [
                                                {
                                                    "Node Type": "Bitmap Index Scan",
                                                    "Parent Relationship": "Outer",
                                                    "Parallel Aware": false,
                                                    "Index Name": "keyword_id_movie_keyword",
                                                    "Startup Cost": 0.0,
                                                    "Total Cost": 93.23,
                                                    "Plan Rows": 4373,
                                                    "Plan Width": 0,
                                                    "Actual Startup Time": 0.966,
                                                    "Actual Total Time": 0.966,
                                                    "Actual Rows": 4246,
                                                    "Actual Loops": 1,
                                                    "Index Cond": "(mk.keyword_id = 7281)"
                                                }
                                            ]
                                        },
                                        {
                                            "Node Type": "Index Scan",
                                            "Parent Relationship": "Inner",
                                            "Parallel Aware": false,
                                            "Scan Direction": "Forward",
                                            "Index Name": "title_pkey",
                                            "Relation Name": "title",
                                            "Schema": "public",
                                            "Alias": "t",
                                            "Startup Cost": 0.43,
                                            "Total Cost": 7.44,
                                            "Plan Rows": 1,
                                            "Plan Width": 4,
                                            "Actual Startup Time": 0.006,
                                            "Actual Total Time": 0.006,
                                            "Actual Rows": 1,
                                            "Actual Loops": 4246,
                                            "Output": [
                                                "t.id",
                                                "t.title",
                                                "t.imdb_index",
                                                "t.kind_id",
                                                "t.production_year",
                                                "t.imdb_id",
                                                "t.phonetic_code",
                                                "t.episode_of_id",
                                                "t.season_nr",
                                                "t.episode_nr",
                                                "t.series_years",
                                                "t.md5sum"
                                            ],
                                            "Index Cond": "(t.id = mk.movie_id)",
                                            "Rows Removed by Index Recheck": 0,
                                            "Filter": "(t.production_year > 1981)",
                                            "Rows Removed by Filter": 0,
                                            "Workers": [
                                                {
                                                    "Worker Number": 0,
                                                    "Actual Startup Time": 0.053,
                                                    "Actual Total Time": 0.053,
                                                    "Actual Rows": 1,
                                                    "Actual Loops": 109
                                                },
                                                {
                                                    "Worker Number": 1,
                                                    "Actual Startup Time": 0.051,
                                                    "Actual Total Time": 0.051,
                                                    "Actual Rows": 1,
                                                    "Actual Loops": 118
                                                }
                                            ]
                                        }
                                    ]
                                }
                            ]
                        }
                    ]
                }
            ]
        },
        "Planning Time": 193.23,
        "Triggers": [],
        "Execution Time": 23.776
    }
]