[
    {
        "Bao": {
            "Bao prediction": "NaN",
            "Bao recommended hint": "(no hint)"
        }
    },
    {
        "Plan": {
            "Node Type": "Aggregate",
            "Strategy": "Plain",
            "Partial Mode": "Finalize",
            "Parallel Aware": false,
            "Startup Cost": 24590.37,
            "Total Cost": 24590.38,
            "Plan Rows": 1,
            "Plan Width": 8,
            "Actual Startup Time": 54.352,
            "Actual Total Time": 58.744,
            "Actual Rows": 1,
            "Actual Loops": 1,
            "Output": [
                "count(*)"
            ],
            "Plans": [
                {
                    "Node Type": "Gather",
                    "Parent Relationship": "Outer",
                    "Parallel Aware": false,
                    "Startup Cost": 24590.05,
                    "Total Cost": 24590.36,
                    "Plan Rows": 3,
                    "Plan Width": 8,
                    "Actual Startup Time": 54.157,
                    "Actual Total Time": 58.736,
                    "Actual Rows": 4,
                    "Actual Loops": 1,
                    "Output": [
                        "(PARTIAL count(*))"
                    ],
                    "Workers Planned": 3,
                    "Workers Launched": 3,
                    "Single Copy": false,
                    "Plans": [
                        {
                            "Node Type": "Aggregate",
                            "Strategy": "Plain",
                            "Partial Mode": "Partial",
                            "Parent Relationship": "Outer",
                            "Parallel Aware": false,
                            "Startup Cost": 23590.05,
                            "Total Cost": 23590.06,
                            "Plan Rows": 1,
                            "Plan Width": 8,
                            "Actual Startup Time": 45.568,
                            "Actual Total Time": 45.569,
                            "Actual Rows": 1,
                            "Actual Loops": 4,
                            "Output": [
                                "PARTIAL count(*)"
                            ],
                            "Workers": [
                                {
                                    "Worker Number": 0,
                                    "Actual Startup Time": 42.636,
                                    "Actual Total Time": 42.637,
                                    "Actual Rows": 1,
                                    "Actual Loops": 1
                                },
                                {
                                    "Worker Number": 1,
                                    "Actual Startup Time": 42.761,
                                    "Actual Total Time": 42.762,
                                    "Actual Rows": 1,
                                    "Actual Loops": 1
                                },
                                {
                                    "Worker Number": 2,
                                    "Actual Startup Time": 43.043,
                                    "Actual Total Time": 43.044,
                                    "Actual Rows": 1,
                                    "Actual Loops": 1
                                }
                            ],
                            "Plans": [
                                {
                                    "Node Type": "Bitmap Heap Scan",
                                    "Parent Relationship": "Outer",
                                    "Parallel Aware": true,
                                    "Relation Name": "movie_companies",
                                    "Schema": "public",
                                    "Alias": "mc",
                                    "Startup Cost": 3862.23,
                                    "Total Cost": 23519.22,
                                    "Plan Rows": 28332,
                                    "Plan Width": 0,
                                    "Actual Startup Time": 7.264,
                                    "Actual Total Time": 42.657,
                                    "Actual Rows": 35710,
                                    "Actual Loops": 4,
                                    "Recheck Cond": "(mc.company_id < 39)",
                                    "Rows Removed by Index Recheck": 0,
                                    "Filter": "(mc.company_type_id < 2)",
                                    "Rows Removed by Filter": 9588,
                                    "Exact Heap Blocks": 9243,
                                    "Lossy Heap Blocks": 0,
                                    "Workers": [
                                        {
                                            "Worker Number": 0,
                                            "Actual Startup Time": 4.488,
                                            "Actual Total Time": 40.117,
                                            "Actual Rows": 15365,
                                            "Actual Loops": 1
                                        },
                                        {
                                            "Worker Number": 1,
                                            "Actual Startup Time": 4.504,
                                            "Actual Total Time": 40.21,
                                            "Actual Rows": 15131,
                                            "Actual Loops": 1
                                        },
                                        {
                                            "Worker Number": 2,
                                            "Actual Startup Time": 4.777,
                                            "Actual Total Time": 40.602,
                                            "Actual Rows": 15869,
                                            "Actual Loops": 1
                                        }
                                    ],
                                    "Plans": [
                                        {
                                            "Node Type": "Bitmap Index Scan",
                                            "Parent Relationship": "Outer",
                                            "Parallel Aware": false,
                                            "Index Name": "company_id_movie_companies",
                                            "Startup Cost": 0.0,
                                            "Total Cost": 3840.27,
                                            "Plan Rows": 179179,
                                            "Plan Width": 0,
                                            "Actual Startup Time": 12.684,
                                            "Actual Total Time": 12.684,
                                            "Actual Rows": 181192,
                                            "Actual Loops": 1,
                                            "Index Cond": "(mc.company_id < 39)"
                                        }
                                    ]
                                }
                            ]
                        }
                    ]
                }
            ]
        },
        "Planning Time": 201.179,
        "Triggers": [],
        "Execution Time": 58.841
    }
]