[
  {
    "Plan": {
      "Node Type": "Aggregate",
      "Strategy": "Plain",
      "Partial Mode": "Finalize",
      "Parallel Aware": false,
      "Startup Cost": 111481.48,
      "Total Cost": 111481.49,
      "Plan Rows": 1,
      "Plan Width": 8,
      "Actual Startup Time": 687.074,
      "Actual Total Time": 726.789,
      "Actual Rows": 1,
      "Actual Loops": 1,
      "Plans": [
        {
          "Node Type": "Gather",
          "Parent Relationship": "Outer",
          "Parallel Aware": false,
          "Startup Cost": 111481.16,
          "Total Cost": 111481.47,
          "Plan Rows": 3,
          "Plan Width": 8,
          "Actual Startup Time": 685.443,
          "Actual Total Time": 726.78,
          "Actual Rows": 4,
          "Actual Loops": 1,
          "Workers Planned": 3,
          "Workers Launched": 3,
          "Single Copy": false,
          "Plans": [
            {
              "Node Type": "Aggregate",
              "Strategy": "Plain",
              "Partial Mode": "Partial",
              "Parent Relationship": "Outer",
              "Parallel Aware": false,
              "Startup Cost": 110481.16,
              "Total Cost": 110481.17,
              "Plan Rows": 1,
              "Plan Width": 8,
              "Actual Startup Time": 680.472,
              "Actual Total Time": 680.537,
              "Actual Rows": 1,
              "Actual Loops": 4,
              "Plans": [
                {
                  "Node Type": "Nested Loop",
                  "Parent Relationship": "Outer",
                  "Parallel Aware": false,
                  "Join Type": "Inner",
                  "Startup Cost": 50929.89,
                  "Total Cost": 110434.4,
                  "Plan Rows": 18704,
                  "Plan Width": 0,
                  "Actual Startup Time": 141.093,
                  "Actual Total Time": 643.61,
                  "Actual Rows": 849389,
                  "Actual Loops": 4,
                  "Inner Unique": false,
                  "Join Filter": "(t.id = mi.movie_id)",
                  "Rows Removed by Join Filter": 0,
                  "Plans": [
                    {
                      "Node Type": "Hash Join",
                      "Parent Relationship": "Outer",
                      "Parallel Aware": true,
                      "Join Type": "Inner",
                      "Startup Cost": 50929.45,
                      "Total Cost": 76477.91,
                      "Plan Rows": 6328,
                      "Plan Width": 8,
                      "Actual Startup Time": 140.986,
                      "Actual Total Time": 186.246,
                      "Actual Rows": 22688,
                      "Actual Loops": 4,
                      "Inner Unique": true,
                      "Hash Cond": "(mk.movie_id = t.id)",
                      "Plans": [
                        {
                          "Node Type": "Bitmap Heap Scan",
                          "Parent Relationship": "Outer",
                          "Parallel Aware": true,
                          "Relation Name": "movie_keyword",
                          "Alias": "mk",
                          "Startup Cost": 4758.9,
                          "Total Cost": 30117.42,
                          "Plan Rows": 72361,
                          "Plan Width": 4,
                          "Actual Startup Time": 18.42,
                          "Actual Total Time": 46.7,
                          "Actual Rows": 57449,
                          "Actual Loops": 4,
                          "Recheck Cond": "(keyword_id > 63344)",
                          "Rows Removed by Index Recheck": 0,
                          "Exact Heap Blocks": 6465,
                          "Lossy Heap Blocks": 0,
                          "Plans": [
                            {
                              "Node Type": "Bitmap Index Scan",
                              "Parent Relationship": "Outer",
                              "Parallel Aware": false,
                              "Index Name": "keyword_id_movie_keyword",
                              "Startup Cost": 0.0,
                              "Total Cost": 4702.82,
                              "Plan Rows": 224319,
                              "Plan Width": 0,
                              "Actual Startup Time": 15.286,
                              "Actual Total Time": 15.286,
                              "Actual Rows": 229796,
                              "Actual Loops": 1,
                              "Index Cond": "(keyword_id > 63344)"
                            }
                          ]
                        },
                        {
                          "Node Type": "Hash",
                          "Parent Relationship": "Inner",
                          "Parallel Aware": true,
                          "Startup Cost": 45479.59,
                          "Total Cost": 45479.59,
                          "Plan Rows": 55277,
                          "Plan Width": 4,
                          "Actual Startup Time": 121.449,
                          "Actual Total Time": 121.45,
                          "Actual Rows": 89536,
                          "Actual Loops": 4,
                          "Hash Buckets": 524288,
                          "Original Hash Buckets": 262144,
                          "Hash Batches": 1,
                          "Original Hash Batches": 1,
                          "Peak Memory Usage": 20192,
                          "Plans": [
                            {
                              "Node Type": "Seq Scan",
                              "Parent Relationship": "Outer",
                              "Parallel Aware": true,
                              "Relation Name": "title",
                              "Alias": "t",
                              "Startup Cost": 0.0,
                              "Total Cost": 45479.59,
                              "Plan Rows": 55277,
                              "Plan Width": 4,
                              "Actual Startup Time": 0.048,
                              "Actual Total Time": 87.322,
                              "Actual Rows": 89536,
                              "Actual Loops": 4,
                              "Filter": "((kind_id < 3) AND (production_year < 1993))",
                              "Rows Removed by Filter": 542542
                            }
                          ]
                        }
                      ]
                    },
                    {
                      "Node Type": "Index Scan",
                      "Parent Relationship": "Inner",
                      "Parallel Aware": false,
                      "Scan Direction": "Forward",
                      "Index Name": "movie_id_movie_info",
                      "Relation Name": "movie_info",
                      "Alias": "mi",
                      "Startup Cost": 0.43,
                      "Total Cost": 5.1,
                      "Plan Rows": 21,
                      "Plan Width": 4,
                      "Actual Startup Time": 0.005,
                      "Actual Total Time": 0.017,
                      "Actual Rows": 37,
                      "Actual Loops": 90753,
                      "Index Cond": "(movie_id = mk.movie_id)",
                      "Rows Removed by Index Recheck": 0,
                      "Filter": "(info_type_id > 7)",
                      "Rows Removed by Filter": 15
                    }
                  ]
                }
              ]
            }
          ]
        }
      ]
    },
    "Planning Time": 0.64,
    "Triggers": [],
    "Execution Time": 726.854
  }
]