[
  {
    "Plan": {
      "Node Type": "Aggregate",
      "Strategy": "Plain",
      "Partial Mode": "Finalize",
      "Parallel Aware": false,
      "Startup Cost": 113325.67,
      "Total Cost": 113325.68,
      "Plan Rows": 1,
      "Plan Width": 8,
      "Actual Startup Time": 707.829,
      "Actual Total Time": 754.814,
      "Actual Rows": 1,
      "Actual Loops": 1,
      "Plans": [
        {
          "Node Type": "Gather",
          "Parent Relationship": "Outer",
          "Parallel Aware": false,
          "Startup Cost": 113325.35,
          "Total Cost": 113325.66,
          "Plan Rows": 3,
          "Plan Width": 8,
          "Actual Startup Time": 706.25,
          "Actual Total Time": 754.804,
          "Actual Rows": 4,
          "Actual Loops": 1,
          "Workers Planned": 3,
          "Workers Launched": 3,
          "Single Copy": false,
          "Plans": [
            {
              "Node Type": "Aggregate",
              "Strategy": "Plain",
              "Partial Mode": "Partial",
              "Parent Relationship": "Outer",
              "Parallel Aware": false,
              "Startup Cost": 112325.35,
              "Total Cost": 112325.36,
              "Plan Rows": 1,
              "Plan Width": 8,
              "Actual Startup Time": 697.397,
              "Actual Total Time": 697.46,
              "Actual Rows": 1,
              "Actual Loops": 4,
              "Plans": [
                {
                  "Node Type": "Nested Loop",
                  "Parent Relationship": "Outer",
                  "Parallel Aware": false,
                  "Join Type": "Inner",
                  "Startup Cost": 51278.35,
                  "Total Cost": 112273.6,
                  "Plan Rows": 20701,
                  "Plan Width": 0,
                  "Actual Startup Time": 149.419,
                  "Actual Total Time": 662.079,
                  "Actual Rows": 849389,
                  "Actual Loops": 4,
                  "Inner Unique": false,
                  "Join Filter": "(t.id = mi.movie_id)",
                  "Rows Removed by Join Filter": 0,
                  "Plans": [
                    {
                      "Node Type": "Hash Join",
                      "Parent Relationship": "Outer",
                      "Parallel Aware": true,
                      "Join Type": "Inner",
                      "Startup Cost": 51277.92,
                      "Total Cost": 76903.64,
                      "Plan Rows": 6875,
                      "Plan Width": 8,
                      "Actual Startup Time": 149.318,
                      "Actual Total Time": 196.745,
                      "Actual Rows": 22688,
                      "Actual Loops": 4,
                      "Inner Unique": true,
                      "Hash Cond": "(mk.movie_id = t.id)",
                      "Plans": [
                        {
                          "Node Type": "Bitmap Heap Scan",
                          "Parent Relationship": "Outer",
                          "Parallel Aware": true,
                          "Relation Name": "movie_keyword",
                          "Alias": "mk",
                          "Startup Cost": 5097.63,
                          "Total Cost": 30520.0,
                          "Plan Rows": 77469,
                          "Plan Width": 4,
                          "Actual Startup Time": 17.591,
                          "Actual Total Time": 47.725,
                          "Actual Rows": 57449,
                          "Actual Loops": 4,
                          "Recheck Cond": "(keyword_id > 63344)",
                          "Rows Removed by Index Recheck": 0,
                          "Exact Heap Blocks": 6575,
                          "Lossy Heap Blocks": 0,
                          "Plans": [
                            {
                              "Node Type": "Bitmap Index Scan",
                              "Parent Relationship": "Outer",
                              "Parallel Aware": false,
                              "Index Name": "keyword_id_movie_keyword",
                              "Startup Cost": 0.0,
                              "Total Cost": 5037.6,
                              "Plan Rows": 240155,
                              "Plan Width": 0,
                              "Actual Startup Time": 14.401,
                              "Actual Total Time": 14.402,
                              "Actual Rows": 229796,
                              "Actual Loops": 1,
                              "Index Cond": "(keyword_id > 63344)"
                            }
                          ]
                        },
                        {
                          "Node Type": "Hash",
                          "Parent Relationship": "Inner",
                          "Parallel Aware": true,
                          "Startup Cost": 45479.1,
                          "Total Cost": 45479.1,
                          "Plan Rows": 56095,
                          "Plan Width": 4,
                          "Actual Startup Time": 129.663,
                          "Actual Total Time": 129.664,
                          "Actual Rows": 89536,
                          "Actual Loops": 4,
                          "Hash Buckets": 524288,
                          "Original Hash Buckets": 262144,
                          "Hash Batches": 1,
                          "Original Hash Batches": 1,
                          "Peak Memory Usage": 20192,
                          "Plans": [
                            {
                              "Node Type": "Seq Scan",
                              "Parent Relationship": "Outer",
                              "Parallel Aware": true,
                              "Relation Name": "title",
                              "Alias": "t",
                              "Startup Cost": 0.0,
                              "Total Cost": 45479.1,
                              "Plan Rows": 56095,
                              "Plan Width": 4,
                              "Actual Startup Time": 0.079,
                              "Actual Total Time": 97.522,
                              "Actual Rows": 89536,
                              "Actual Loops": 4,
                              "Filter": "((kind_id < 3) AND (production_year < 1993))",
                              "Rows Removed by Filter": 542542
                            }
                          ]
                        }
                      ]
                    },
                    {
                      "Node Type": "Index Scan",
                      "Parent Relationship": "Inner",
                      "Parallel Aware": false,
                      "Scan Direction": "Forward",
                      "Index Name": "movie_id_movie_info",
                      "Relation Name": "movie_info",
                      "Alias": "mi",
                      "Startup Cost": 0.43,
                      "Total Cost": 4.87,
                      "Plan Rows": 22,
                      "Plan Width": 4,
                      "Actual Startup Time": 0.005,
                      "Actual Total Time": 0.017,
                      "Actual Rows": 37,
                      "Actual Loops": 90753,
                      "Index Cond": "(movie_id = mk.movie_id)",
                      "Rows Removed by Index Recheck": 0,
                      "Filter": "(info_type_id > 7)",
                      "Rows Removed by Filter": 15
                    }
                  ]
                }
              ]
            }
          ]
        }
      ]
    },
    "Planning Time": 1.398,
    "Triggers": [],
    "Execution Time": 754.935
  }
]