[
  {
    "Plan": {
      "Node Type": "Aggregate",
      "Strategy": "Plain",
      "Partial Mode": "Finalize",
      "Parallel Aware": false,
      "Startup Cost": 31618.62,
      "Total Cost": 31618.63,
      "Plan Rows": 1,
      "Plan Width": 8,
      "Actual Startup Time": 143.066,
      "Actual Total Time": 154.796,
      "Actual Rows": 1,
      "Actual Loops": 1,
      "Plans": [
        {
          "Node Type": "Gather",
          "Parent Relationship": "Outer",
          "Parallel Aware": false,
          "Startup Cost": 31618.31,
          "Total Cost": 31618.62,
          "Plan Rows": 3,
          "Plan Width": 8,
          "Actual Startup Time": 142.925,
          "Actual Total Time": 154.786,
          "Actual Rows": 4,
          "Actual Loops": 1,
          "Workers Planned": 3,
          "Workers Launched": 3,
          "Single Copy": false,
          "Plans": [
            {
              "Node Type": "Aggregate",
              "Strategy": "Plain",
              "Partial Mode": "Partial",
              "Parent Relationship": "Outer",
              "Parallel Aware": false,
              "Startup Cost": 30618.31,
              "Total Cost": 30618.32,
              "Plan Rows": 1,
              "Plan Width": 8,
              "Actual Startup Time": 134.209,
              "Actual Total Time": 134.21,
              "Actual Rows": 1,
              "Actual Loops": 4,
              "Plans": [
                {
                  "Node Type": "Seq Scan",
                  "Parent Relationship": "Outer",
                  "Parallel Aware": true,
                  "Relation Name": "movie_companies",
                  "Alias": "mc",
                  "Startup Cost": 0.0,
                  "Total Cost": 29310.68,
                  "Plan Rows": 523050,
                  "Plan Width": 0,
                  "Actual Startup Time": 0.043,
                  "Actual Total Time": 105.544,
                  "Actual Rows": 401908,
                  "Actual Loops": 4,
                  "Filter": "(company_id < 16690)",
                  "Rows Removed by Filter": 250374
                }
              ]
            }
          ]
        }
      ]
    },
    "Planning Time": 0.165,
    "Triggers": [],
    "Execution Time": 154.849
  }
]