{
  "Plan": {
    "Node Type": "Aggregate",
    "Strategy": "Plain",
    "Partial Mode": "Finalize",
    "Parallel Aware": false,
    "Startup Cost": 83234.86,
    "Total Cost": 83234.87,
    "Plan Rows": 1,
    "Plan Width": 8,
    "Actual Startup Time": 259.028,
    "Actual Total Time": 274.398,
    "Actual Rows": 1,
    "Actual Loops": 1,
    "Plans": [
      {
        "Node Type": "Gather",
        "Parent Relationship": "Outer",
        "Parallel Aware": false,
        "Startup Cost": 83234.75,
        "Total Cost": 83234.86,
        "Plan Rows": 1,
        "Plan Width": 8,
        "Actual Startup Time": 258.868,
        "Actual Total Time": 274.39,
        "Actual Rows": 2,
        "Actual Loops": 1,
        "Workers Planned": 1,
        "Workers Launched": 1,
        "Single Copy": false,
        "Plans": [
          {
            "Node Type": "Aggregate",
            "Strategy": "Plain",
            "Partial Mode": "Partial",
            "Parent Relationship": "Outer",
            "Parallel Aware": false,
            "Startup Cost": 82234.75,
            "Total Cost": 82234.76,
            "Plan Rows": 1,
            "Plan Width": 8,
            "Actual Startup Time": 253.041,
            "Actual Total Time": 253.044,
            "Actual Rows": 1,
            "Actual Loops": 2,
            "Plans": [
              {
                "Node Type": "Nested Loop",
                "Parent Relationship": "Outer",
                "Parallel Aware": false,
                "Join Type": "Inner",
                "Startup Cost": 58362.65,
                "Total Cost": 82199.16,
                "Plan Rows": 14236,
                "Plan Width": 0,
                "Actual Startup Time": 138.384,
                "Actual Total Time": 251.852,
                "Actual Rows": 26230,
                "Actual Loops": 2,
                "Inner Unique": false,
                "Join Filter": "(t.id = mi.movie_id)",
                "Rows Removed by Join Filter": 0,
                "Plans": [
                  {
                    "Node Type": "Hash Join",
                    "Parent Relationship": "Outer",
                    "Parallel Aware": true,
                    "Join Type": "Inner",
                    "Startup Cost": 58362.22,
                    "Total Cost": 76546.01,
                    "Plan Rows": 2435,
                    "Plan Width": 8,
                    "Actual Startup Time": 138.317,
                    "Actual Total Time": 233.626,
                    "Actual Rows": 2094,
                    "Actual Loops": 2,
                    "Inner Unique": true,
                    "Hash Cond": "(mi_idx.movie_id = t.id)",
                    "Plans": [
                      {
                        "Node Type": "Seq Scan",
                        "Parent Relationship": "Outer",
                        "Parallel Aware": true,
                        "Relation Name": "movie_info_idx",
                        "Alias": "mi_idx",
                        "Startup Cost": 0.0,
                        "Total Cost": 16052.85,
                        "Plan Rows": 811785,
                        "Plan Width": 4,
                        "Actual Startup Time": 0.018,
                        "Actual Total Time": 45.813,
                        "Actual Rows": 690018,
                        "Actual Loops": 2
                      },
                      {
                        "Node Type": "Hash",
                        "Parent Relationship": "Inner",
                        "Parallel Aware": true,
                        "Startup Cost": 58306.47,
                        "Total Cost": 58306.47,
                        "Plan Rows": 4460,
                        "Plan Width": 4,
                        "Actual Startup Time": 137.115,
                        "Actual Total Time": 137.116,
                        "Actual Rows": 4210,
                        "Actual Loops": 2,
                        "Hash Buckets": 8192,
                        "Original Hash Buckets": 8192,
                        "Hash Batches": 1,
                        "Original Hash Batches": 1,
                        "Peak Memory Usage": 448,
                        "Plans": [
                          {
                            "Node Type": "Seq Scan",
                            "Parent Relationship": "Outer",
                            "Parallel Aware": true,
                            "Relation Name": "title",
                            "Alias": "t",
                            "Startup Cost": 0.0,
                            "Total Cost": 58306.47,
                            "Plan Rows": 4460,
                            "Plan Width": 4,
                            "Actual Startup Time": 0.151,
                            "Actual Total Time": 135.645,
                            "Actual Rows": 4210,
                            "Actual Loops": 2,
                            "Filter": "((kind_id = 7) AND (production_year = 1966))",
                            "Rows Removed by Filter": 1259946
                          }
                        ]
                      }
                    ]
                  },
                  {
                    "Node Type": "Index Only Scan",
                    "Parent Relationship": "Inner",
                    "Parallel Aware": false,
                    "Scan Direction": "Forward",
                    "Index Name": "movie_id_movie_info",
                    "Relation Name": "movie_info",
                    "Alias": "mi",
                    "Startup Cost": 0.43,
                    "Total Cost": 1.8,
                    "Plan Rows": 42,
                    "Plan Width": 4,
                    "Actual Startup Time": 0.003,
                    "Actual Total Time": 0.007,
                    "Actual Rows": 13,
                    "Actual Loops": 4188,
                    "Index Cond": "(movie_id = mi_idx.movie_id)",
                    "Rows Removed by Index Recheck": 0,
                    "Heap Fetches": 52461
                  }
                ]
              }
            ]
          }
        ]
      }
    ]
  },
  "Planning Time": 0.975,
  "Triggers": [],
  "Execution Time": 274.48
}