{
  "Plan": {
    "Node Type": "Aggregate",
    "Strategy": "Plain",
    "Partial Mode": "Finalize",
    "Parallel Aware": false,
    "Startup Cost": 95888.04,
    "Total Cost": 95888.05,
    "Plan Rows": 1,
    "Plan Width": 8,
    "Actual Startup Time": 521.837,
    "Actual Total Time": 535.663,
    "Actual Rows": 1,
    "Actual Loops": 1,
    "Plans": [
      {
        "Node Type": "Gather",
        "Parent Relationship": "Outer",
        "Parallel Aware": false,
        "Startup Cost": 95887.93,
        "Total Cost": 95888.04,
        "Plan Rows": 1,
        "Plan Width": 8,
        "Actual Startup Time": 519.288,
        "Actual Total Time": 535.656,
        "Actual Rows": 2,
        "Actual Loops": 1,
        "Workers Planned": 1,
        "Workers Launched": 1,
        "Single Copy": false,
        "Plans": [
          {
            "Node Type": "Aggregate",
            "Strategy": "Plain",
            "Partial Mode": "Partial",
            "Parent Relationship": "Outer",
            "Parallel Aware": false,
            "Startup Cost": 94887.93,
            "Total Cost": 94887.94,
            "Plan Rows": 1,
            "Plan Width": 8,
            "Actual Startup Time": 510.613,
            "Actual Total Time": 510.617,
            "Actual Rows": 1,
            "Actual Loops": 2,
            "Plans": [
              {
                "Node Type": "Hash Join",
                "Parent Relationship": "Outer",
                "Parallel Aware": true,
                "Join Type": "Inner",
                "Startup Cost": 69177.25,
                "Total Cost": 94843.29,
                "Plan Rows": 17856,
                "Plan Width": 0,
                "Actual Startup Time": 473.464,
                "Actual Total Time": 510.017,
                "Actual Rows": 11100,
                "Actual Loops": 2,
                "Inner Unique": true,
                "Hash Cond": "(mk.movie_id = t.id)",
                "Plans": [
                  {
                    "Node Type": "Bitmap Heap Scan",
                    "Parent Relationship": "Outer",
                    "Parallel Aware": true,
                    "Relation Name": "movie_keyword",
                    "Alias": "mk",
                    "Startup Cost": 875.35,
                    "Total Cost": 26477.85,
                    "Plan Rows": 24206,
                    "Plan Width": 4,
                    "Actual Startup Time": 4.682,
                    "Actual Total Time": 27.57,
                    "Actual Rows": 18204,
                    "Actual Loops": 2,
                    "Recheck Cond": "(keyword_id < 43)",
                    "Rows Removed by Index Recheck": 0,
                    "Exact Heap Blocks": 9075,
                    "Lossy Heap Blocks": 0,
                    "Plans": [
                      {
                        "Node Type": "Bitmap Index Scan",
                        "Parent Relationship": "Outer",
                        "Parallel Aware": false,
                        "Index Name": "keyword_id_movie_keyword",
                        "Startup Cost": 0.0,
                        "Total Cost": 865.06,
                        "Plan Rows": 41150,
                        "Plan Width": 0,
                        "Actual Startup Time": 2.886,
                        "Actual Total Time": 2.887,
                        "Actual Rows": 36407,
                        "Actual Loops": 1,
                        "Index Cond": "(keyword_id < 43)"
                      }
                    ]
                  },
                  {
                    "Node Type": "Hash",
                    "Parent Relationship": "Inner",
                    "Parallel Aware": true,
                    "Startup Cost": 54588.39,
                    "Total Cost": 54588.39,
                    "Plan Rows": 1097081,
                    "Plan Width": 4,
                    "Actual Startup Time": 453.827,
                    "Actual Total Time": 453.828,
                    "Actual Rows": 932744,
                    "Actual Loops": 2,
                    "Hash Buckets": 2097152,
                    "Original Hash Buckets": 2097152,
                    "Hash Batches": 1,
                    "Original Hash Batches": 1,
                    "Peak Memory Usage": 89376,
                    "Plans": [
                      {
                        "Node Type": "Seq Scan",
                        "Parent Relationship": "Outer",
                        "Parallel Aware": true,
                        "Relation Name": "title",
                        "Alias": "t",
                        "Startup Cost": 0.0,
                        "Total Cost": 54588.39,
                        "Plan Rows": 1097081,
                        "Plan Width": 4,
                        "Actual Startup Time": 0.033,
                        "Actual Total Time": 173.129,
                        "Actual Rows": 932744,
                        "Actual Loops": 2,
                        "Filter": "(kind_id > 1)",
                        "Rows Removed by Filter": 331412
                      }
                    ]
                  }
                ]
              }
            ]
          }
        ]
      }
    ]
  },
  "Planning Time": 0.73,
  "Triggers": [],
  "Execution Time": 535.752
}