[
  {
    "Plan": {
      "Node Type": "Aggregate",
      "Strategy": "Plain",
      "Partial Mode": "Finalize",
      "Parallel Aware": false,
      "Startup Cost": 215369.83,
      "Total Cost": 215369.84,
      "Plan Rows": 1,
      "Plan Width": 8,
      "Actual Startup Time": 170.014,
      "Actual Total Time": 183.023,
      "Actual Rows": 1,
      "Actual Loops": 1,
      "Plans": [
        {
          "Node Type": "Gather",
          "Parent Relationship": "Outer",
          "Parallel Aware": false,
          "Startup Cost": 215369.3,
          "Total Cost": 215369.81,
          "Plan Rows": 5,
          "Plan Width": 8,
          "Actual Startup Time": 165.462,
          "Actual Total Time": 183.015,
          "Actual Rows": 6,
          "Actual Loops": 1,
          "Workers Planned": 5,
          "Workers Launched": 5,
          "Single Copy": false,
          "Plans": [
            {
              "Node Type": "Aggregate",
              "Strategy": "Plain",
              "Partial Mode": "Partial",
              "Parent Relationship": "Outer",
              "Parallel Aware": false,
              "Startup Cost": 214369.3,
              "Total Cost": 214369.31,
              "Plan Rows": 1,
              "Plan Width": 8,
              "Actual Startup Time": 157.85,
              "Actual Total Time": 157.853,
              "Actual Rows": 1,
              "Actual Loops": 6,
              "Plans": [
                {
                  "Node Type": "Hash Join",
                  "Parent Relationship": "Outer",
                  "Parallel Aware": true,
                  "Join Type": "Inner",
                  "Startup Cost": 49209.73,
                  "Total Cost": 214344.62,
                  "Plan Rows": 9873,
                  "Plan Width": 0,
                  "Actual Startup Time": 140.028,
                  "Actual Total Time": 156.555,
                  "Actual Rows": 24521,
                  "Actual Loops": 6,
                  "Inner Unique": true,
                  "Hash Cond": "(mi.movie_id = t.id)",
                  "Plans": [
                    {
                      "Node Type": "Bitmap Heap Scan",
                      "Parent Relationship": "Outer",
                      "Parallel Aware": true,
                      "Relation Name": "movie_info",
                      "Alias": "mi",
                      "Startup Cost": 2647.66,
                      "Total Cost": 167705.65,
                      "Plan Rows": 29296,
                      "Plan Width": 4,
                      "Actual Startup Time": 8.251,
                      "Actual Total Time": 17.218,
                      "Actual Rows": 24581,
                      "Actual Loops": 6,
                      "Recheck Cond": "(info_type_id = 107)",
                      "Rows Removed by Index Recheck": 0,
                      "Exact Heap Blocks": 1017,
                      "Lossy Heap Blocks": 0,
                      "Plans": [
                        {
                          "Node Type": "Bitmap Index Scan",
                          "Parent Relationship": "Outer",
                          "Parallel Aware": false,
                          "Index Name": "info_type_id_movie_info",
                          "Startup Cost": 0.0,
                          "Total Cost": 2611.04,
                          "Plan Rows": 146481,
                          "Plan Width": 0,
                          "Actual Startup Time": 7.581,
                          "Actual Total Time": 7.582,
                          "Actual Rows": 147487,
                          "Actual Loops": 1,
                          "Index Cond": "(info_type_id = 107)"
                        }
                      ]
                    },
                    {
                      "Node Type": "Hash",
                      "Parent Relationship": "Inner",
                      "Parallel Aware": true,
                      "Startup Cost": 43899.32,
                      "Total Cost": 43899.32,
                      "Plan Rows": 213020,
                      "Plan Width": 4,
                      "Actual Startup Time": 129.661,
                      "Actual Total Time": 129.662,
                      "Actual Rows": 142369,
                      "Actual Loops": 6,
                      "Hash Buckets": 1048576,
                      "Original Hash Buckets": 1048576,
                      "Hash Batches": 1,
                      "Original Hash Batches": 1,
                      "Peak Memory Usage": 41728,
                      "Plans": [
                        {
                          "Node Type": "Seq Scan",
                          "Parent Relationship": "Outer",
                          "Parallel Aware": true,
                          "Relation Name": "title",
                          "Alias": "t",
                          "Startup Cost": 0.0,
                          "Total Cost": 43899.32,
                          "Plan Rows": 213020,
                          "Plan Width": 4,
                          "Actual Startup Time": 0.036,
                          "Actual Total Time": 78.398,
                          "Actual Rows": 142369,
                          "Actual Loops": 6,
                          "Filter": "(kind_id < 4)",
                          "Rows Removed by Filter": 279016
                        }
                      ]
                    }
                  ]
                }
              ]
            }
          ]
        }
      ]
    },
    "Planning Time": 0.249,
    "Triggers": [],
    "Execution Time": 183.066
  }
]