[
  {
    "Plan": {
      "Node Type": "Aggregate",
      "Strategy": "Plain",
      "Partial Mode": "Finalize",
      "Parallel Aware": false,
      "Startup Cost": 428165.68,
      "Total Cost": 428165.69,
      "Plan Rows": 1,
      "Plan Width": 8,
      "Actual Startup Time": 1397.475,
      "Actual Total Time": 1454.719,
      "Actual Rows": 1,
      "Actual Loops": 1,
      "Plans": [
        {
          "Node Type": "Gather",
          "Parent Relationship": "Outer",
          "Parallel Aware": false,
          "Startup Cost": 428165.15,
          "Total Cost": 428165.66,
          "Plan Rows": 5,
          "Plan Width": 8,
          "Actual Startup Time": 1383.605,
          "Actual Total Time": 1454.691,
          "Actual Rows": 6,
          "Actual Loops": 1,
          "Workers Planned": 5,
          "Workers Launched": 5,
          "Single Copy": false,
          "Plans": [
            {
              "Node Type": "Aggregate",
              "Strategy": "Plain",
              "Partial Mode": "Partial",
              "Parent Relationship": "Outer",
              "Parallel Aware": false,
              "Startup Cost": 427165.15,
              "Total Cost": 427165.16,
              "Plan Rows": 1,
              "Plan Width": 8,
              "Actual Startup Time": 1369.326,
              "Actual Total Time": 1369.742,
              "Actual Rows": 1,
              "Actual Loops": 6,
              "Plans": [
                {
                  "Node Type": "Hash Join",
                  "Parent Relationship": "Outer",
                  "Parallel Aware": true,
                  "Join Type": "Inner",
                  "Startup Cost": 213381.86,
                  "Total Cost": 422907.41,
                  "Plan Rows": 1703096,
                  "Plan Width": 0,
                  "Actual Startup Time": 649.874,
                  "Actual Total Time": 1328.825,
                  "Actual Rows": 939009,
                  "Actual Loops": 6,
                  "Inner Unique": false,
                  "Hash Cond": "(mi.movie_id = t.id)",
                  "Plans": [
                    {
                      "Node Type": "Seq Scan",
                      "Parent Relationship": "Outer",
                      "Parallel Aware": true,
                      "Relation Name": "movie_info",
                      "Alias": "mi",
                      "Startup Cost": 0.0,
                      "Total Cost": 199108.24,
                      "Plan Rows": 1869633,
                      "Plan Width": 4,
                      "Actual Startup Time": 15.89,
                      "Actual Total Time": 333.388,
                      "Actual Rows": 1570867,
                      "Actual Loops": 6,
                      "Filter": "(info_type_id > 5)",
                      "Rows Removed by Filter": 901753
                    },
                    {
                      "Node Type": "Hash",
                      "Parent Relationship": "Inner",
                      "Parallel Aware": true,
                      "Startup Cost": 207623.85,
                      "Total Cost": 207623.85,
                      "Plan Rows": 460641,
                      "Plan Width": 8,
                      "Actual Startup Time": 628.492,
                      "Actual Total Time": 628.906,
                      "Actual Rows": 177576,
                      "Actual Loops": 6,
                      "Hash Buckets": 4194304,
                      "Original Hash Buckets": 4194304,
                      "Hash Batches": 1,
                      "Original Hash Batches": 1,
                      "Peak Memory Usage": 74560,
                      "Plans": [
                        {
                          "Node Type": "Hash Join",
                          "Parent Relationship": "Outer",
                          "Parallel Aware": true,
                          "Join Type": "Inner",
                          "Startup Cost": 49145.35,
                          "Total Cost": 207623.85,
                          "Plan Rows": 460641,
                          "Plan Width": 8,
                          "Actual Startup Time": 184.331,
                          "Actual Total Time": 537.94,
                          "Actual Rows": 177576,
                          "Actual Loops": 6,
                          "Inner Unique": true,
                          "Hash Cond": "(ci.movie_id = t.id)",
                          "Plans": [
                            {
                              "Node Type": "Index Scan",
                              "Parent Relationship": "Outer",
                              "Parallel Aware": true,
                              "Scan Direction": "Forward",
                              "Index Name": "role_id_cast_info",
                              "Relation Name": "cast_info",
                              "Alias": "ci",
                              "Startup Cost": 0.56,
                              "Total Cost": 155872.35,
                              "Plan Rows": 993034,
                              "Plan Width": 4,
                              "Actual Startup Time": 0.281,
                              "Actual Total Time": 201.122,
                              "Actual Rows": 412650,
                              "Actual Loops": 6,
                              "Index Cond": "(role_id > 8)",
                              "Rows Removed by Index Recheck": 0,
                              "Filter": "(person_id < 3208284)",
                              "Rows Removed by Filter": 542799
                            },
                            {
                              "Node Type": "Hash",
                              "Parent Relationship": "Inner",
                              "Parallel Aware": true,
                              "Startup Cost": 45479.59,
                              "Total Cost": 45479.59,
                              "Plan Rows": 293216,
                              "Plan Width": 4,
                              "Actual Startup Time": 181.505,
                              "Actual Total Time": 181.506,
                              "Actual Rows": 188151,
                              "Actual Loops": 6,
                              "Hash Buckets": 2097152,
                              "Original Hash Buckets": 2097152,
                              "Hash Batches": 1,
                              "Original Hash Batches": 1,
                              "Peak Memory Usage": 60608,
                              "Plans": [
                                {
                                  "Node Type": "Seq Scan",
                                  "Parent Relationship": "Outer",
                                  "Parallel Aware": true,
                                  "Relation Name": "title",
                                  "Alias": "t",
                                  "Startup Cost": 0.0,
                                  "Total Cost": 45479.59,
                                  "Plan Rows": 293216,
                                  "Plan Width": 4,
                                  "Actual Startup Time": 0.062,
                                  "Actual Total Time": 89.744,
                                  "Actual Rows": 188151,
                                  "Actual Loops": 6,
                                  "Filter": "((production_year < 2010) AND (kind_id = 7))",
                                  "Rows Removed by Filter": 233234
                                }
                              ]
                            }
                          ]
                        }
                      ]
                    }
                  ]
                }
              ]
            }
          ]
        }
      ]
    },
    "Planning Time": 0.474,
    "Triggers": [],
    "Execution Time": 1454.771
  }
]