[
  {
    "Plan": {
      "Node Type": "Aggregate",
      "Strategy": "Plain",
      "Partial Mode": "Finalize",
      "Parallel Aware": false,
      "Startup Cost": 31139.46,
      "Total Cost": 31139.47,
      "Plan Rows": 1,
      "Plan Width": 8,
      "Actual Startup Time": 93.455,
      "Actual Total Time": 101.54,
      "Actual Rows": 1,
      "Actual Loops": 1,
      "Plans": [
        {
          "Node Type": "Gather",
          "Parent Relationship": "Outer",
          "Parallel Aware": false,
          "Startup Cost": 31139.14,
          "Total Cost": 31139.45,
          "Plan Rows": 3,
          "Plan Width": 8,
          "Actual Startup Time": 93.337,
          "Actual Total Time": 101.534,
          "Actual Rows": 4,
          "Actual Loops": 1,
          "Workers Planned": 3,
          "Workers Launched": 3,
          "Single Copy": false,
          "Plans": [
            {
              "Node Type": "Aggregate",
              "Strategy": "Plain",
              "Partial Mode": "Partial",
              "Parent Relationship": "Outer",
              "Parallel Aware": false,
              "Startup Cost": 30139.14,
              "Total Cost": 30139.15,
              "Plan Rows": 1,
              "Plan Width": 8,
              "Actual Startup Time": 87.881,
              "Actual Total Time": 87.882,
              "Actual Rows": 1,
              "Actual Loops": 4,
              "Plans": [
                {
                  "Node Type": "Seq Scan",
                  "Parent Relationship": "Outer",
                  "Parallel Aware": true,
                  "Relation Name": "movie_companies",
                  "Alias": "mc",
                  "Startup Cost": 0.0,
                  "Total Cost": 29310.68,
                  "Plan Rows": 331383,
                  "Plan Width": 0,
                  "Actual Startup Time": 22.255,
                  "Actual Total Time": 76.961,
                  "Actual Rows": 259528,
                  "Actual Loops": 4,
                  "Filter": "(company_id > 15285)",
                  "Rows Removed by Filter": 392755
                }
              ]
            }
          ]
        }
      ]
    },
    "Planning Time": 0.154,
    "Triggers": [],
    "Execution Time": 101.585
  }
]