[
  {
    "Plan": {
      "Node Type": "Aggregate",
      "Strategy": "Plain",
      "Partial Mode": "Finalize",
      "Parallel Aware": false,
      "Startup Cost": 38683.44,
      "Total Cost": 38683.45,
      "Plan Rows": 1,
      "Plan Width": 8,
      "Actual Startup Time": 117.79,
      "Actual Total Time": 123.466,
      "Actual Rows": 1,
      "Actual Loops": 1,
      "Plans": [
        {
          "Node Type": "Gather",
          "Parent Relationship": "Outer",
          "Parallel Aware": false,
          "Startup Cost": 38683.12,
          "Total Cost": 38683.43,
          "Plan Rows": 3,
          "Plan Width": 8,
          "Actual Startup Time": 117.521,
          "Actual Total Time": 123.458,
          "Actual Rows": 4,
          "Actual Loops": 1,
          "Workers Planned": 3,
          "Workers Launched": 3,
          "Single Copy": false,
          "Plans": [
            {
              "Node Type": "Aggregate",
              "Strategy": "Plain",
              "Partial Mode": "Partial",
              "Parent Relationship": "Outer",
              "Parallel Aware": false,
              "Startup Cost": 37683.12,
              "Total Cost": 37683.13,
              "Plan Rows": 1,
              "Plan Width": 8,
              "Actual Startup Time": 111.686,
              "Actual Total Time": 111.687,
              "Actual Rows": 1,
              "Actual Loops": 4,
              "Plans": [
                {
                  "Node Type": "Bitmap Heap Scan",
                  "Parent Relationship": "Outer",
                  "Parallel Aware": true,
                  "Relation Name": "movie_keyword",
                  "Alias": "mk",
                  "Startup Cost": 10771.97,
                  "Total Cost": 37273.59,
                  "Plan Rows": 163810,
                  "Plan Width": 0,
                  "Actual Startup Time": 31.253,
                  "Actual Total Time": 104.08,
                  "Actual Rows": 127455,
                  "Actual Loops": 4,
                  "Recheck Cond": "(keyword_id > 35636)",
                  "Rows Removed by Index Recheck": 0,
                  "Exact Heap Blocks": 10898,
                  "Lossy Heap Blocks": 0,
                  "Plans": [
                    {
                      "Node Type": "Bitmap Index Scan",
                      "Parent Relationship": "Outer",
                      "Parallel Aware": false,
                      "Index Name": "keyword_id_movie_keyword",
                      "Startup Cost": 0.0,
                      "Total Cost": 10645.02,
                      "Plan Rows": 507811,
                      "Plan Width": 0,
                      "Actual Startup Time": 33.018,
                      "Actual Total Time": 33.019,
                      "Actual Rows": 509821,
                      "Actual Loops": 1,
                      "Index Cond": "(keyword_id > 35636)"
                    }
                  ]
                }
              ]
            }
          ]
        }
      ]
    },
    "Planning Time": 0.186,
    "Triggers": [],
    "Execution Time": 123.542
  }
]