[
  {
    "Plan": {
      "Node Type": "Aggregate",
      "Strategy": "Plain",
      "Partial Mode": "Finalize",
      "Parallel Aware": false,
      "Startup Cost": 78275.32,
      "Total Cost": 78275.33,
      "Plan Rows": 1,
      "Plan Width": 8,
      "Actual Startup Time": 233.77,
      "Actual Total Time": 248.647,
      "Actual Rows": 1,
      "Actual Loops": 1,
      "Plans": [
        {
          "Node Type": "Gather",
          "Parent Relationship": "Outer",
          "Parallel Aware": false,
          "Startup Cost": 78274.9,
          "Total Cost": 78275.31,
          "Plan Rows": 4,
          "Plan Width": 8,
          "Actual Startup Time": 232.49,
          "Actual Total Time": 248.638,
          "Actual Rows": 5,
          "Actual Loops": 1,
          "Workers Planned": 4,
          "Workers Launched": 4,
          "Single Copy": false,
          "Plans": [
            {
              "Node Type": "Aggregate",
              "Strategy": "Plain",
              "Partial Mode": "Partial",
              "Parent Relationship": "Outer",
              "Parallel Aware": false,
              "Startup Cost": 77274.9,
              "Total Cost": 77274.91,
              "Plan Rows": 1,
              "Plan Width": 8,
              "Actual Startup Time": 222.942,
              "Actual Total Time": 222.945,
              "Actual Rows": 1,
              "Actual Loops": 5,
              "Plans": [
                {
                  "Node Type": "Hash Join",
                  "Parent Relationship": "Outer",
                  "Parallel Aware": true,
                  "Join Type": "Inner",
                  "Startup Cost": 31471.63,
                  "Total Cost": 77133.36,
                  "Plan Rows": 56616,
                  "Plan Width": 0,
                  "Actual Startup Time": 96.123,
                  "Actual Total Time": 221.781,
                  "Actual Rows": 21438,
                  "Actual Loops": 5,
                  "Inner Unique": false,
                  "Hash Cond": "(t.id = mc.movie_id)",
                  "Plans": [
                    {
                      "Node Type": "Seq Scan",
                      "Parent Relationship": "Outer",
                      "Parallel Aware": true,
                      "Relation Name": "title",
                      "Alias": "t",
                      "Startup Cost": 0.0,
                      "Total Cost": 42318.73,
                      "Plan Rows": 632073,
                      "Plan Width": 4,
                      "Actual Startup Time": 0.01,
                      "Actual Total Time": 63.545,
                      "Actual Rows": 505662,
                      "Actual Loops": 5
                    },
                    {
                      "Node Type": "Hash",
                      "Parent Relationship": "Inner",
                      "Parallel Aware": true,
                      "Startup Cost": 30558.47,
                      "Total Cost": 30558.47,
                      "Plan Rows": 73053,
                      "Plan Width": 4,
                      "Actual Startup Time": 94.209,
                      "Actual Total Time": 94.21,
                      "Actual Rows": 21438,
                      "Actual Loops": 5,
                      "Hash Buckets": 262144,
                      "Original Hash Buckets": 262144,
                      "Hash Batches": 1,
                      "Original Hash Batches": 1,
                      "Peak Memory Usage": 6304,
                      "Plans": [
                        {
                          "Node Type": "Bitmap Heap Scan",
                          "Parent Relationship": "Outer",
                          "Parallel Aware": true,
                          "Relation Name": "movie_companies",
                          "Alias": "mc",
                          "Startup Cost": 9610.26,
                          "Total Cost": 30558.47,
                          "Plan Rows": 73053,
                          "Plan Width": 4,
                          "Actual Startup Time": 74.101,
                          "Actual Total Time": 87.254,
                          "Actual Rows": 21438,
                          "Actual Loops": 5,
                          "Recheck Cond": "(company_id < 330)",
                          "Rows Removed by Index Recheck": 0,
                          "Filter": "(company_type_id > 1)",
                          "Rows Removed by Filter": 67182,
                          "Exact Heap Blocks": 8042,
                          "Lossy Heap Blocks": 0,
                          "Plans": [
                            {
                              "Node Type": "Bitmap Index Scan",
                              "Parent Relationship": "Outer",
                              "Parallel Aware": false,
                              "Index Name": "company_id_movie_companies",
                              "Startup Cost": 0.0,
                              "Total Cost": 9553.65,
                              "Plan Rows": 446029,
                              "Plan Width": 0,
                              "Actual Startup Time": 34.856,
                              "Actual Total Time": 34.856,
                              "Actual Rows": 443098,
                              "Actual Loops": 1,
                              "Index Cond": "(company_id < 330)"
                            }
                          ]
                        }
                      ]
                    }
                  ]
                }
              ]
            }
          ]
        }
      ]
    },
    "Planning Time": 0.65,
    "Triggers": [],
    "Execution Time": 248.782
  }
]