{
  "Plan": {
    "Node Type": "Aggregate",
    "Strategy": "Plain",
    "Partial Mode": "Finalize",
    "Parallel Aware": false,
    "Startup Cost": 316921.19,
    "Total Cost": 316921.2,
    "Plan Rows": 1,
    "Plan Width": 8,
    "Actual Startup Time": 548.29,
    "Actual Total Time": 563.98,
    "Actual Rows": 1,
    "Actual Loops": 1,
    "Plans": [
      {
        "Node Type": "Gather",
        "Parent Relationship": "Outer",
        "Parallel Aware": false,
        "Startup Cost": 316921.08,
        "Total Cost": 316921.19,
        "Plan Rows": 1,
        "Plan Width": 8,
        "Actual Startup Time": 543.796,
        "Actual Total Time": 563.973,
        "Actual Rows": 2,
        "Actual Loops": 1,
        "Workers Planned": 1,
        "Workers Launched": 1,
        "Single Copy": false,
        "Plans": [
          {
            "Node Type": "Aggregate",
            "Strategy": "Plain",
            "Partial Mode": "Partial",
            "Parent Relationship": "Outer",
            "Parallel Aware": false,
            "Startup Cost": 315921.08,
            "Total Cost": 315921.09,
            "Plan Rows": 1,
            "Plan Width": 8,
            "Actual Startup Time": 532.402,
            "Actual Total Time": 532.405,
            "Actual Rows": 1,
            "Actual Loops": 2,
            "Plans": [
              {
                "Node Type": "Hash Join",
                "Parent Relationship": "Outer",
                "Parallel Aware": true,
                "Join Type": "Inner",
                "Startup Cost": 74675.46,
                "Total Cost": 315862.53,
                "Plan Rows": 23420,
                "Plan Width": 0,
                "Actual Startup Time": 521.049,
                "Actual Total Time": 531.941,
                "Actual Rows": 9468,
                "Actual Loops": 2,
                "Inner Unique": true,
                "Hash Cond": "(ci.movie_id = t.id)",
                "Plans": [
                  {
                    "Node Type": "Bitmap Heap Scan",
                    "Parent Relationship": "Outer",
                    "Parallel Aware": true,
                    "Relation Name": "cast_info",
                    "Alias": "ci",
                    "Startup Cost": 3800.73,
                    "Total Cost": 244917.63,
                    "Plan Rows": 26734,
                    "Plan Width": 4,
                    "Actual Startup Time": 13.569,
                    "Actual Total Time": 15.821,
                    "Actual Rows": 10276,
                    "Actual Loops": 2,
                    "Recheck Cond": "(person_id < 20993)",
                    "Rows Removed by Index Recheck": 0,
                    "Filter": "(role_id > 4)",
                    "Rows Removed by Filter": 73022,
                    "Exact Heap Blocks": 1045,
                    "Lossy Heap Blocks": 0,
                    "Plans": [
                      {
                        "Node Type": "Bitmap Index Scan",
                        "Parent Relationship": "Outer",
                        "Parallel Aware": false,
                        "Index Name": "person_id_cast_info",
                        "Startup Cost": 0.0,
                        "Total Cost": 3789.37,
                        "Plan Rows": 173441,
                        "Plan Width": 0,
                        "Actual Startup Time": 5.637,
                        "Actual Total Time": 5.637,
                        "Actual Rows": 166594,
                        "Actual Loops": 1,
                        "Index Cond": "(person_id < 20993)"
                      }
                    ]
                  },
                  {
                    "Node Type": "Hash",
                    "Parent Relationship": "Inner",
                    "Parallel Aware": true,
                    "Startup Cost": 54588.39,
                    "Total Cost": 54588.39,
                    "Plan Rows": 1302907,
                    "Plan Width": 4,
                    "Actual Startup Time": 486.022,
                    "Actual Total Time": 486.023,
                    "Actual Rows": 1101848,
                    "Actual Loops": 2,
                    "Hash Buckets": 4194304,
                    "Original Hash Buckets": 4194304,
                    "Hash Batches": 1,
                    "Original Hash Batches": 1,
                    "Peak Memory Usage": 119008,
                    "Plans": [
                      {
                        "Node Type": "Seq Scan",
                        "Parent Relationship": "Outer",
                        "Parallel Aware": true,
                        "Relation Name": "title",
                        "Alias": "t",
                        "Startup Cost": 0.0,
                        "Total Cost": 54588.39,
                        "Plan Rows": 1302907,
                        "Plan Width": 4,
                        "Actual Startup Time": 0.022,
                        "Actual Total Time": 178.866,
                        "Actual Rows": 1101848,
                        "Actual Loops": 2,
                        "Filter": "(production_year > 1960)",
                        "Rows Removed by Filter": 162308
                      }
                    ]
                  }
                ]
              }
            ]
          }
        ]
      }
    ]
  },
  "Planning Time": 0.786,
  "Triggers": [],
  "Execution Time": 564.069
}