[
  {
    "Plan": {
      "Node Type": "Aggregate",
      "Strategy": "Plain",
      "Partial Mode": "Finalize",
      "Parallel Aware": false,
      "Startup Cost": 345859.59,
      "Total Cost": 345859.6,
      "Plan Rows": 1,
      "Plan Width": 8,
      "Actual Startup Time": 422.1,
      "Actual Total Time": 452.156,
      "Actual Rows": 1,
      "Actual Loops": 1,
      "Plans": [
        {
          "Node Type": "Gather",
          "Parent Relationship": "Outer",
          "Parallel Aware": false,
          "Startup Cost": 345858.96,
          "Total Cost": 345859.57,
          "Plan Rows": 6,
          "Plan Width": 8,
          "Actual Startup Time": 421.92,
          "Actual Total Time": 452.144,
          "Actual Rows": 7,
          "Actual Loops": 1,
          "Workers Planned": 6,
          "Workers Launched": 6,
          "Single Copy": false,
          "Plans": [
            {
              "Node Type": "Aggregate",
              "Strategy": "Plain",
              "Partial Mode": "Partial",
              "Parent Relationship": "Outer",
              "Parallel Aware": false,
              "Startup Cost": 344858.96,
              "Total Cost": 344858.97,
              "Plan Rows": 1,
              "Plan Width": 8,
              "Actual Startup Time": 415.607,
              "Actual Total Time": 415.609,
              "Actual Rows": 1,
              "Actual Loops": 7,
              "Plans": [
                {
                  "Node Type": "Index Scan",
                  "Parent Relationship": "Outer",
                  "Parallel Aware": true,
                  "Scan Direction": "Forward",
                  "Index Name": "role_id_cast_info",
                  "Relation Name": "cast_info",
                  "Alias": "ci",
                  "Startup Cost": 0.56,
                  "Total Cost": 341155.22,
                  "Plan Rows": 1481498,
                  "Plan Width": 0,
                  "Actual Startup Time": 237.826,
                  "Actual Total Time": 382.783,
                  "Actual Rows": 683961,
                  "Actual Loops": 7,
                  "Index Cond": "(role_id = 1)",
                  "Rows Removed by Index Recheck": 0,
                  "Filter": "(person_id > 1075721)",
                  "Rows Removed by Filter": 1126137
                }
              ]
            }
          ]
        }
      ]
    },
    "Planning Time": 0.105,
    "Triggers": [],
    "Execution Time": 452.204
  }
]