[
    {
        "Bao": {
            "Bao prediction": "NaN",
            "Bao recommended hint": "(no hint)"
        }
    },
    {
        "Plan": {
            "Node Type": "Aggregate",
            "Strategy": "Plain",
            "Partial Mode": "Finalize",
            "Parallel Aware": false,
            "Startup Cost": 67871.49,
            "Total Cost": 67871.5,
            "Plan Rows": 1,
            "Plan Width": 8,
            "Actual Startup Time": 278.805,
            "Actual Total Time": 309.87,
            "Actual Rows": 1,
            "Actual Loops": 1,
            "Output": [
                "count(*)"
            ],
            "Plans": [
                {
                    "Node Type": "Gather",
                    "Parent Relationship": "Outer",
                    "Parallel Aware": false,
                    "Startup Cost": 67871.27,
                    "Total Cost": 67871.48,
                    "Plan Rows": 2,
                    "Plan Width": 8,
                    "Actual Startup Time": 278.448,
                    "Actual Total Time": 309.862,
                    "Actual Rows": 3,
                    "Actual Loops": 1,
                    "Output": [
                        "(PARTIAL count(*))"
                    ],
                    "Workers Planned": 2,
                    "Workers Launched": 2,
                    "Single Copy": false,
                    "Plans": [
                        {
                            "Node Type": "Aggregate",
                            "Strategy": "Plain",
                            "Partial Mode": "Partial",
                            "Parent Relationship": "Outer",
                            "Parallel Aware": false,
                            "Startup Cost": 66871.27,
                            "Total Cost": 66871.28,
                            "Plan Rows": 1,
                            "Plan Width": 8,
                            "Actual Startup Time": 270.584,
                            "Actual Total Time": 270.588,
                            "Actual Rows": 1,
                            "Actual Loops": 3,
                            "Output": [
                                "PARTIAL count(*)"
                            ],
                            "Workers": [
                                {
                                    "Worker Number": 0,
                                    "Actual Startup Time": 266.523,
                                    "Actual Total Time": 266.527,
                                    "Actual Rows": 1,
                                    "Actual Loops": 1
                                },
                                {
                                    "Worker Number": 1,
                                    "Actual Startup Time": 267.092,
                                    "Actual Total Time": 267.096,
                                    "Actual Rows": 1,
                                    "Actual Loops": 1
                                }
                            ],
                            "Plans": [
                                {
                                    "Node Type": "Nested Loop",
                                    "Parent Relationship": "Outer",
                                    "Parallel Aware": false,
                                    "Join Type": "Inner",
                                    "Startup Cost": 45527.96,
                                    "Total Cost": 66859.37,
                                    "Plan Rows": 4760,
                                    "Plan Width": 0,
                                    "Actual Startup Time": 122.526,
                                    "Actual Total Time": 269.914,
                                    "Actual Rows": 7695,
                                    "Actual Loops": 3,
                                    "Inner Unique": false,
                                    "Join Filter": "(t.id = ci.movie_id)",
                                    "Rows Removed by Join Filter": 0,
                                    "Workers": [
                                        {
                                            "Worker Number": 0,
                                            "Actual Startup Time": 118.988,
                                            "Actual Total Time": 265.885,
                                            "Actual Rows": 5637,
                                            "Actual Loops": 1
                                        },
                                        {
                                            "Worker Number": 1,
                                            "Actual Startup Time": 118.743,
                                            "Actual Total Time": 266.37,
                                            "Actual Rows": 3836,
                                            "Actual Loops": 1
                                        }
                                    ],
                                    "Plans": [
                                        {
                                            "Node Type": "Hash Join",
                                            "Parent Relationship": "Outer",
                                            "Parallel Aware": true,
                                            "Join Type": "Inner",
                                            "Startup Cost": 45527.4,
                                            "Total Cost": 61151.86,
                                            "Plan Rows": 1166,
                                            "Plan Width": 8,
                                            "Actual Startup Time": 122.209,
                                            "Actual Total Time": 154.731,
                                            "Actual Rows": 1484,
                                            "Actual Loops": 3,
                                            "Output": [
                                                "t.id",
                                                "mi_idx.movie_id"
                                            ],
                                            "Inner Unique": true,
                                            "Hash Cond": "(mi_idx.movie_id = t.id)",
                                            "Workers": [
                                                {
                                                    "Worker Number": 0,
                                                    "Actual Startup Time": 118.244,
                                                    "Actual Total Time": 142.351,
                                                    "Actual Rows": 1086,
                                                    "Actual Loops": 1
                                                },
                                                {
                                                    "Worker Number": 1,
                                                    "Actual Startup Time": 118.591,
                                                    "Actual Total Time": 145.013,
                                                    "Actual Rows": 738,
                                                    "Actual Loops": 1
                                                }
                                            ],
                                            "Plans": [
                                                {
                                                    "Node Type": "Seq Scan",
                                                    "Parent Relationship": "Outer",
                                                    "Parallel Aware": true,
                                                    "Relation Name": "movie_info_idx",
                                                    "Schema": "public",
                                                    "Alias": "mi_idx",
                                                    "Startup Cost": 0.0,
                                                    "Total Cost": 15122.68,
                                                    "Plan Rows": 191154,
                                                    "Plan Width": 4,
                                                    "Actual Startup Time": 0.026,
                                                    "Actual Total Time": 38.454,
                                                    "Actual Rows": 153308,
                                                    "Actual Loops": 3,
                                                    "Output": [
                                                        "mi_idx.id",
                                                        "mi_idx.movie_id",
                                                        "mi_idx.info_type_id",
                                                        "mi_idx.info",
                                                        "mi_idx.note"
                                                    ],
                                                    "Filter": "(mi_idx.info_type_id < 100)",
                                                    "Rows Removed by Filter": 306703,
                                                    "Workers": [
                                                        {
                                                            "Worker Number": 0,
                                                            "Actual Startup Time": 0.033,
                                                            "Actual Total Time": 32.58,
                                                            "Actual Rows": 132444,
                                                            "Actual Loops": 1
                                                        },
                                                        {
                                                            "Worker Number": 1,
                                                            "Actual Startup Time": 0.036,
                                                            "Actual Total Time": 34.264,
                                                            "Actual Rows": 87537,
                                                            "Actual Loops": 1
                                                        }
                                                    ]
                                                },
                                                {
                                                    "Node Type": "Hash",
                                                    "Parent Relationship": "Inner",
                                                    "Parallel Aware": true,
                                                    "Startup Cost": 45479.21,
                                                    "Total Cost": 45479.21,
                                                    "Plan Rows": 3855,
                                                    "Plan Width": 4,
                                                    "Actual Startup Time": 101.083,
                                                    "Actual Total Time": 101.084,
                                                    "Actual Rows": 2913,
                                                    "Actual Loops": 3,
                                                    "Output": [
                                                        "t.id"
                                                    ],
                                                    "Hash Buckets": 16384,
                                                    "Original Hash Buckets": 16384,
                                                    "Hash Batches": 1,
                                                    "Original Hash Batches": 1,
                                                    "Peak Memory Usage": 512,
                                                    "Workers": [
                                                        {
                                                            "Worker Number": 0,
                                                            "Actual Startup Time": 97.113,
                                                            "Actual Total Time": 97.114,
                                                            "Actual Rows": 2946,
                                                            "Actual Loops": 1
                                                        },
                                                        {
                                                            "Worker Number": 1,
                                                            "Actual Startup Time": 97.487,
                                                            "Actual Total Time": 97.488,
                                                            "Actual Rows": 1835,
                                                            "Actual Loops": 1
                                                        }
                                                    ],
                                                    "Plans": [
                                                        {
                                                            "Node Type": "Seq Scan",
                                                            "Parent Relationship": "Outer",
                                                            "Parallel Aware": true,
                                                            "Relation Name": "title",
                                                            "Schema": "public",
                                                            "Alias": "t",
                                                            "Startup Cost": 0.0,
                                                            "Total Cost": 45479.21,
                                                            "Plan Rows": 3855,
                                                            "Plan Width": 4,
                                                            "Actual Startup Time": 62.072,
                                                            "Actual Total Time": 99.861,
                                                            "Actual Rows": 2913,
                                                            "Actual Loops": 3,
                                                            "Output": [
                                                                "t.id"
                                                            ],
                                                            "Filter": "((t.kind_id = 1) AND (t.production_year = 2001))",
                                                            "Rows Removed by Filter": 839857,
                                                            "Workers": [
                                                                {
                                                                    "Worker Number": 0,
                                                                    "Actual Startup Time": 54.357,
                                                                    "Actual Total Time": 95.865,
                                                                    "Actual Rows": 2946,
                                                                    "Actual Loops": 1
                                                                },
                                                                {
                                                                    "Worker Number": 1,
                                                                    "Actual Startup Time": 60.348,
                                                                    "Actual Total Time": 96.152,
                                                                    "Actual Rows": 1835,
                                                                    "Actual Loops": 1
                                                                }
                                                            ]
                                                        }
                                                    ]
                                                }
                                            ]
                                        },
                                        {
                                            "Node Type": "Index Scan",
                                            "Parent Relationship": "Inner",
                                            "Parallel Aware": false,
                                            "Scan Direction": "Forward",
                                            "Index Name": "movie_id_cast_info",
                                            "Relation Name": "cast_info",
                                            "Schema": "public",
                                            "Alias": "ci",
                                            "Startup Cost": 0.56,
                                            "Total Cost": 4.76,
                                            "Plan Rows": 11,
                                            "Plan Width": 4,
                                            "Actual Startup Time": 0.05,
                                            "Actual Total Time": 0.077,
                                            "Actual Rows": 5,
                                            "Actual Loops": 4452,
                                            "Output": [
                                                "ci.id",
                                                "ci.person_id",
                                                "ci.movie_id",
                                                "ci.person_role_id",
                                                "ci.note",
                                                "ci.nr_order",
                                                "ci.role_id"
                                            ],
                                            "Index Cond": "(ci.movie_id = mi_idx.movie_id)",
                                            "Rows Removed by Index Recheck": 0,
                                            "Filter": "((ci.person_id < 2375348) AND (ci.role_id > 2))",
                                            "Rows Removed by Filter": 27,
                                            "Workers": [
                                                {
                                                    "Worker Number": 0,
                                                    "Actual Startup Time": 0.074,
                                                    "Actual Total Time": 0.112,
                                                    "Actual Rows": 5,
                                                    "Actual Loops": 1086
                                                },
                                                {
                                                    "Worker Number": 1,
                                                    "Actual Startup Time": 0.105,
                                                    "Actual Total Time": 0.162,
                                                    "Actual Rows": 5,
                                                    "Actual Loops": 738
                                                }
                                            ]
                                        }
                                    ]
                                }
                            ]
                        }
                    ]
                }
            ]
        },
        "Planning Time": 177.361,
        "Triggers": [],
        "Execution Time": 309.949
    }
]