[
  {
    "Plan": {
      "Node Type": "Aggregate",
      "Strategy": "Plain",
      "Partial Mode": "Finalize",
      "Parallel Aware": false,
      "Startup Cost": 31831.48,
      "Total Cost": 31831.49,
      "Plan Rows": 1,
      "Plan Width": 8,
      "Actual Startup Time": 105.771,
      "Actual Total Time": 113.558,
      "Actual Rows": 1,
      "Actual Loops": 1,
      "Plans": [
        {
          "Node Type": "Gather",
          "Parent Relationship": "Outer",
          "Parallel Aware": false,
          "Startup Cost": 31831.17,
          "Total Cost": 31831.48,
          "Plan Rows": 3,
          "Plan Width": 8,
          "Actual Startup Time": 105.659,
          "Actual Total Time": 113.55,
          "Actual Rows": 4,
          "Actual Loops": 1,
          "Workers Planned": 3,
          "Workers Launched": 3,
          "Single Copy": false,
          "Plans": [
            {
              "Node Type": "Aggregate",
              "Strategy": "Plain",
              "Partial Mode": "Partial",
              "Parent Relationship": "Outer",
              "Parallel Aware": false,
              "Startup Cost": 30831.17,
              "Total Cost": 30831.18,
              "Plan Rows": 1,
              "Plan Width": 8,
              "Actual Startup Time": 101.925,
              "Actual Total Time": 101.926,
              "Actual Rows": 1,
              "Actual Loops": 4,
              "Plans": [
                {
                  "Node Type": "Seq Scan",
                  "Parent Relationship": "Outer",
                  "Parallel Aware": true,
                  "Relation Name": "movie_companies",
                  "Alias": "mc",
                  "Startup Cost": 0.0,
                  "Total Cost": 29310.68,
                  "Plan Rows": 608194,
                  "Plan Width": 0,
                  "Actual Startup Time": 0.426,
                  "Actual Total Time": 79.489,
                  "Actual Rows": 471668,
                  "Actual Loops": 4,
                  "Filter": "(company_id > 1402)",
                  "Rows Removed by Filter": 180614
                }
              ]
            }
          ]
        }
      ]
    },
    "Planning Time": 0.198,
    "Triggers": [],
    "Execution Time": 113.616
  }
]