[
  {
    "Plan": {
      "Node Type": "Aggregate",
      "Strategy": "Plain",
      "Partial Mode": "Finalize",
      "Parallel Aware": false,
      "Startup Cost": 45886.2,
      "Total Cost": 45886.21,
      "Plan Rows": 1,
      "Plan Width": 8,
      "Actual Startup Time": 159.01,
      "Actual Total Time": 169.009,
      "Actual Rows": 1,
      "Actual Loops": 1,
      "Plans": [
        {
          "Node Type": "Gather",
          "Parent Relationship": "Outer",
          "Parallel Aware": false,
          "Startup Cost": 45885.88,
          "Total Cost": 45886.19,
          "Plan Rows": 3,
          "Plan Width": 8,
          "Actual Startup Time": 158.893,
          "Actual Total Time": 169.0,
          "Actual Rows": 4,
          "Actual Loops": 1,
          "Workers Planned": 3,
          "Workers Launched": 3,
          "Single Copy": false,
          "Plans": [
            {
              "Node Type": "Aggregate",
              "Strategy": "Plain",
              "Partial Mode": "Partial",
              "Parent Relationship": "Outer",
              "Parallel Aware": false,
              "Startup Cost": 44885.88,
              "Total Cost": 44885.89,
              "Plan Rows": 1,
              "Plan Width": 8,
              "Actual Startup Time": 153.709,
              "Actual Total Time": 153.71,
              "Actual Rows": 1,
              "Actual Loops": 4,
              "Plans": [
                {
                  "Node Type": "Seq Scan",
                  "Parent Relationship": "Outer",
                  "Parallel Aware": true,
                  "Relation Name": "movie_keyword",
                  "Alias": "mk",
                  "Startup Cost": 0.0,
                  "Total Cost": 42695.65,
                  "Plan Rows": 876091,
                  "Plan Width": 0,
                  "Actual Startup Time": 0.241,
                  "Actual Total Time": 120.896,
                  "Actual Rows": 678437,
                  "Actual Loops": 4,
                  "Filter": "(keyword_id > 2936)",
                  "Rows Removed by Filter": 452546
                }
              ]
            }
          ]
        }
      ]
    },
    "Planning Time": 0.18,
    "Triggers": [],
    "Execution Time": 169.061
  }
]