[
  {
    "Plan": {
      "Node Type": "Aggregate",
      "Strategy": "Plain",
      "Partial Mode": "Finalize",
      "Parallel Aware": false,
      "Startup Cost": 45898.91,
      "Total Cost": 45898.92,
      "Plan Rows": 1,
      "Plan Width": 8,
      "Actual Startup Time": 153.288,
      "Actual Total Time": 162.75,
      "Actual Rows": 1,
      "Actual Loops": 1,
      "Plans": [
        {
          "Node Type": "Gather",
          "Parent Relationship": "Outer",
          "Parallel Aware": false,
          "Startup Cost": 45898.59,
          "Total Cost": 45898.9,
          "Plan Rows": 3,
          "Plan Width": 8,
          "Actual Startup Time": 153.152,
          "Actual Total Time": 162.741,
          "Actual Rows": 4,
          "Actual Loops": 1,
          "Workers Planned": 3,
          "Workers Launched": 3,
          "Single Copy": false,
          "Plans": [
            {
              "Node Type": "Aggregate",
              "Strategy": "Plain",
              "Partial Mode": "Partial",
              "Parent Relationship": "Outer",
              "Parallel Aware": false,
              "Startup Cost": 44898.59,
              "Total Cost": 44898.6,
              "Plan Rows": 1,
              "Plan Width": 8,
              "Actual Startup Time": 147.516,
              "Actual Total Time": 147.517,
              "Actual Rows": 1,
              "Actual Loops": 4,
              "Plans": [
                {
                  "Node Type": "Seq Scan",
                  "Parent Relationship": "Outer",
                  "Parallel Aware": true,
                  "Relation Name": "movie_keyword",
                  "Alias": "mk",
                  "Startup Cost": 0.0,
                  "Total Cost": 42695.65,
                  "Plan Rows": 881175,
                  "Plan Width": 0,
                  "Actual Startup Time": 0.299,
                  "Actual Total Time": 116.291,
                  "Actual Rows": 678437,
                  "Actual Loops": 4,
                  "Filter": "(keyword_id > 2936)",
                  "Rows Removed by Filter": 452546
                }
              ]
            }
          ]
        }
      ]
    },
    "Planning Time": 0.132,
    "Triggers": [],
    "Execution Time": 162.791
  }
]