[
  {
    "Plan": {
      "Node Type": "Aggregate",
      "Strategy": "Plain",
      "Partial Mode": "Finalize",
      "Parallel Aware": false,
      "Startup Cost": 286284.6,
      "Total Cost": 286284.61,
      "Plan Rows": 1,
      "Plan Width": 8,
      "Actual Startup Time": 912.272,
      "Actual Total Time": 957.099,
      "Actual Rows": 1,
      "Actual Loops": 1,
      "Plans": [
        {
          "Node Type": "Gather",
          "Parent Relationship": "Outer",
          "Parallel Aware": false,
          "Startup Cost": 286284.08,
          "Total Cost": 286284.59,
          "Plan Rows": 5,
          "Plan Width": 8,
          "Actual Startup Time": 909.209,
          "Actual Total Time": 957.087,
          "Actual Rows": 6,
          "Actual Loops": 1,
          "Workers Planned": 5,
          "Workers Launched": 5,
          "Single Copy": false,
          "Plans": [
            {
              "Node Type": "Aggregate",
              "Strategy": "Plain",
              "Partial Mode": "Partial",
              "Parent Relationship": "Outer",
              "Parallel Aware": false,
              "Startup Cost": 285284.08,
              "Total Cost": 285284.09,
              "Plan Rows": 1,
              "Plan Width": 8,
              "Actual Startup Time": 901.511,
              "Actual Total Time": 901.612,
              "Actual Rows": 1,
              "Actual Loops": 6,
              "Plans": [
                {
                  "Node Type": "Hash Join",
                  "Parent Relationship": "Outer",
                  "Parallel Aware": true,
                  "Join Type": "Inner",
                  "Startup Cost": 79734.61,
                  "Total Cost": 284092.24,
                  "Plan Rows": 476737,
                  "Plan Width": 0,
                  "Actual Startup Time": 240.478,
                  "Actual Total Time": 886.06,
                  "Actual Rows": 304693,
                  "Actual Loops": 6,
                  "Inner Unique": false,
                  "Hash Cond": "(mi.movie_id = t.id)",
                  "Plans": [
                    {
                      "Node Type": "Seq Scan",
                      "Parent Relationship": "Outer",
                      "Parallel Aware": true,
                      "Relation Name": "movie_info",
                      "Alias": "mi",
                      "Startup Cost": 0.0,
                      "Total Cost": 191685.19,
                      "Plan Rows": 2969219,
                      "Plan Width": 4,
                      "Actual Startup Time": 0.034,
                      "Actual Total Time": 300.178,
                      "Actual Rows": 2472620,
                      "Actual Loops": 6
                    },
                    {
                      "Node Type": "Hash",
                      "Parent Relationship": "Inner",
                      "Parallel Aware": true,
                      "Startup Cost": 78097.66,
                      "Total Cost": 78097.66,
                      "Plan Rows": 130956,
                      "Plan Width": 8,
                      "Actual Startup Time": 238.363,
                      "Actual Total Time": 238.463,
                      "Actual Rows": 32552,
                      "Actual Loops": 6,
                      "Hash Buckets": 524288,
                      "Original Hash Buckets": 524288,
                      "Hash Batches": 1,
                      "Original Hash Batches": 1,
                      "Peak Memory Usage": 11840,
                      "Plans": [
                        {
                          "Node Type": "Hash Join",
                          "Parent Relationship": "Outer",
                          "Parallel Aware": true,
                          "Join Type": "Inner",
                          "Startup Cost": 46997.04,
                          "Total Cost": 78097.66,
                          "Plan Rows": 130956,
                          "Plan Width": 8,
                          "Actual Startup Time": 109.668,
                          "Actual Total Time": 225.308,
                          "Actual Rows": 32552,
                          "Actual Loops": 6,
                          "Inner Unique": true,
                          "Hash Cond": "(mc.movie_id = t.id)",
                          "Plans": [
                            {
                              "Node Type": "Seq Scan",
                              "Parent Relationship": "Outer",
                              "Parallel Aware": true,
                              "Relation Name": "movie_companies",
                              "Alias": "mc",
                              "Startup Cost": 0.0,
                              "Total Cost": 29310.68,
                              "Plan Rows": 681883,
                              "Plan Width": 4,
                              "Actual Startup Time": 0.056,
                              "Actual Total Time": 55.722,
                              "Actual Rows": 353435,
                              "Actual Loops": 6,
                              "Filter": "(company_id > 426)",
                              "Rows Removed by Filter": 81420
                            },
                            {
                              "Node Type": "Hash",
                              "Parent Relationship": "Inner",
                              "Parallel Aware": true,
                              "Startup Cost": 45479.59,
                              "Total Cost": 45479.59,
                              "Plan Rows": 121396,
                              "Plan Width": 4,
                              "Actual Startup Time": 108.368,
                              "Actual Total Time": 108.37,
                              "Actual Rows": 60277,
                              "Actual Loops": 6,
                              "Hash Buckets": 524288,
                              "Original Hash Buckets": 524288,
                              "Hash Batches": 1,
                              "Original Hash Batches": 1,
                              "Peak Memory Usage": 18336,
                              "Plans": [
                                {
                                  "Node Type": "Seq Scan",
                                  "Parent Relationship": "Outer",
                                  "Parallel Aware": true,
                                  "Relation Name": "title",
                                  "Alias": "t",
                                  "Startup Cost": 0.0,
                                  "Total Cost": 45479.59,
                                  "Plan Rows": 121396,
                                  "Plan Width": 4,
                                  "Actual Startup Time": 0.036,
                                  "Actual Total Time": 79.537,
                                  "Actual Rows": 60277,
                                  "Actual Loops": 6,
                                  "Filter": "((kind_id > 2) AND (production_year < 1991))",
                                  "Rows Removed by Filter": 361108
                                }
                              ]
                            }
                          ]
                        }
                      ]
                    }
                  ]
                }
              ]
            }
          ]
        }
      ]
    },
    "Planning Time": 0.54,
    "Triggers": [],
    "Execution Time": 957.158
  }
]