[
  {
    "Plan": {
      "Node Type": "Aggregate",
      "Strategy": "Plain",
      "Partial Mode": "Finalize",
      "Parallel Aware": false,
      "Startup Cost": 32831.53,
      "Total Cost": 32831.54,
      "Plan Rows": 1,
      "Plan Width": 8,
      "Actual Startup Time": 104.631,
      "Actual Total Time": 113.855,
      "Actual Rows": 1,
      "Actual Loops": 1,
      "Plans": [
        {
          "Node Type": "Gather",
          "Parent Relationship": "Outer",
          "Parallel Aware": false,
          "Startup Cost": 32831.22,
          "Total Cost": 32831.53,
          "Plan Rows": 3,
          "Plan Width": 8,
          "Actual Startup Time": 104.373,
          "Actual Total Time": 113.846,
          "Actual Rows": 4,
          "Actual Loops": 1,
          "Workers Planned": 3,
          "Workers Launched": 3,
          "Single Copy": false,
          "Plans": [
            {
              "Node Type": "Aggregate",
              "Strategy": "Plain",
              "Partial Mode": "Partial",
              "Parent Relationship": "Outer",
              "Parallel Aware": false,
              "Startup Cost": 31831.22,
              "Total Cost": 31831.23,
              "Plan Rows": 1,
              "Plan Width": 8,
              "Actual Startup Time": 95.977,
              "Actual Total Time": 95.98,
              "Actual Rows": 1,
              "Actual Loops": 4,
              "Plans": [
                {
                  "Node Type": "Seq Scan",
                  "Parent Relationship": "Outer",
                  "Parallel Aware": true,
                  "Relation Name": "movie_companies",
                  "Alias": "mc",
                  "Startup Cost": 0.0,
                  "Total Cost": 31414.82,
                  "Plan Rows": 166559,
                  "Plan Width": 0,
                  "Actual Startup Time": 50.523,
                  "Actual Total Time": 86.89,
                  "Actual Rows": 204923,
                  "Actual Loops": 4,
                  "Filter": "((company_id > 16547) AND (company_type_id > 1))",
                  "Rows Removed by Filter": 447359
                }
              ]
            }
          ]
        }
      ]
    },
    "Planning Time": 0.226,
    "Triggers": [],
    "Execution Time": 113.912
  }
]