[
  {
    "Plan": {
      "Node Type": "Aggregate",
      "Strategy": "Plain",
      "Partial Mode": "Finalize",
      "Parallel Aware": false,
      "Startup Cost": 77212.02,
      "Total Cost": 77212.03,
      "Plan Rows": 1,
      "Plan Width": 8,
      "Actual Startup Time": 216.026,
      "Actual Total Time": 233.276,
      "Actual Rows": 1,
      "Actual Loops": 1,
      "Plans": [
        {
          "Node Type": "Gather",
          "Parent Relationship": "Outer",
          "Parallel Aware": false,
          "Startup Cost": 77211.7,
          "Total Cost": 77212.01,
          "Plan Rows": 3,
          "Plan Width": 8,
          "Actual Startup Time": 215.822,
          "Actual Total Time": 233.267,
          "Actual Rows": 4,
          "Actual Loops": 1,
          "Workers Planned": 3,
          "Workers Launched": 3,
          "Single Copy": false,
          "Plans": [
            {
              "Node Type": "Aggregate",
              "Strategy": "Plain",
              "Partial Mode": "Partial",
              "Parent Relationship": "Outer",
              "Parallel Aware": false,
              "Startup Cost": 76211.7,
              "Total Cost": 76211.71,
              "Plan Rows": 1,
              "Plan Width": 8,
              "Actual Startup Time": 206.85,
              "Actual Total Time": 206.854,
              "Actual Rows": 1,
              "Actual Loops": 4,
              "Plans": [
                {
                  "Node Type": "Hash Join",
                  "Parent Relationship": "Outer",
                  "Parallel Aware": true,
                  "Join Type": "Inner",
                  "Startup Cost": 45774.69,
                  "Total Cost": 76172.95,
                  "Plan Rows": 15500,
                  "Plan Width": 0,
                  "Actual Startup Time": 182.114,
                  "Actual Total Time": 206.845,
                  "Actual Rows": 0,
                  "Actual Loops": 4,
                  "Inner Unique": true,
                  "Hash Cond": "(mc.movie_id = t.id)",
                  "Plans": [
                    {
                      "Node Type": "Seq Scan",
                      "Parent Relationship": "Outer",
                      "Parallel Aware": true,
                      "Relation Name": "movie_companies",
                      "Alias": "mc",
                      "Startup Cost": 0.0,
                      "Total Cost": 29310.68,
                      "Plan Rows": 414318,
                      "Plan Width": 4,
                      "Actual Startup Time": 0.022,
                      "Actual Total Time": 73.984,
                      "Actual Rows": 318562,
                      "Actual Loops": 4,
                      "Filter": "(company_type_id < 2)",
                      "Rows Removed by Filter": 333721
                    },
                    {
                      "Node Type": "Hash",
                      "Parent Relationship": "Inner",
                      "Parallel Aware": true,
                      "Startup Cost": 45479.1,
                      "Total Cost": 45479.1,
                      "Plan Rows": 23647,
                      "Plan Width": 4,
                      "Actual Startup Time": 104.498,
                      "Actual Total Time": 104.499,
                      "Actual Rows": 10,
                      "Actual Loops": 4,
                      "Hash Buckets": 131072,
                      "Original Hash Buckets": 131072,
                      "Hash Batches": 1,
                      "Original Hash Batches": 1,
                      "Peak Memory Usage": 1152,
                      "Plans": [
                        {
                          "Node Type": "Seq Scan",
                          "Parent Relationship": "Outer",
                          "Parallel Aware": true,
                          "Relation Name": "title",
                          "Alias": "t",
                          "Startup Cost": 0.0,
                          "Total Cost": 45479.1,
                          "Plan Rows": 23647,
                          "Plan Width": 4,
                          "Actual Startup Time": 24.949,
                          "Actual Total Time": 104.332,
                          "Actual Rows": 10,
                          "Actual Loops": 4,
                          "Filter": "((kind_id > 3) AND (production_year < 1942))",
                          "Rows Removed by Filter": 632068
                        }
                      ]
                    }
                  ]
                }
              ]
            }
          ]
        }
      ]
    },
    "Planning Time": 0.646,
    "Triggers": [],
    "Execution Time": 233.341
  }
]