{
  "Plan": {
    "Node Type": "Aggregate",
    "Strategy": "Plain",
    "Partial Mode": "Finalize",
    "Parallel Aware": false,
    "Startup Cost": 336265.74,
    "Total Cost": 336265.75,
    "Plan Rows": 1,
    "Plan Width": 8,
    "Actual Startup Time": 2395.873,
    "Actual Total Time": 2438.997,
    "Actual Rows": 1,
    "Actual Loops": 1,
    "Plans": [
      {
        "Node Type": "Gather",
        "Parent Relationship": "Outer",
        "Parallel Aware": false,
        "Startup Cost": 336265.63,
        "Total Cost": 336265.74,
        "Plan Rows": 1,
        "Plan Width": 8,
        "Actual Startup Time": 2394.108,
        "Actual Total Time": 2438.987,
        "Actual Rows": 2,
        "Actual Loops": 1,
        "Workers Planned": 1,
        "Workers Launched": 1,
        "Single Copy": false,
        "Plans": [
          {
            "Node Type": "Aggregate",
            "Strategy": "Plain",
            "Partial Mode": "Partial",
            "Parent Relationship": "Outer",
            "Parallel Aware": false,
            "Startup Cost": 335265.63,
            "Total Cost": 335265.64,
            "Plan Rows": 1,
            "Plan Width": 8,
            "Actual Startup Time": 2390.869,
            "Actual Total Time": 2390.873,
            "Actual Rows": 1,
            "Actual Loops": 2,
            "Plans": [
              {
                "Node Type": "Hash Join",
                "Parent Relationship": "Outer",
                "Parallel Aware": true,
                "Join Type": "Inner",
                "Startup Cost": 58276.12,
                "Total Cost": 330059.6,
                "Plan Rows": 2082409,
                "Plan Width": 0,
                "Actual Startup Time": 211.219,
                "Actual Total Time": 2259.203,
                "Actual Rows": 3260610,
                "Actual Loops": 2,
                "Inner Unique": true,
                "Hash Cond": "(mi.movie_id = t.id)",
                "Plans": [
                  {
                    "Node Type": "Seq Scan",
                    "Parent Relationship": "Outer",
                    "Parallel Aware": true,
                    "Relation Name": "movie_info",
                    "Alias": "mi",
                    "Startup Cost": 0.0,
                    "Total Cost": 248955.74,
                    "Plan Rows": 8696274,
                    "Plan Width": 4,
                    "Actual Startup Time": 0.012,
                    "Actual Total Time": 717.463,
                    "Actual Rows": 7417860,
                    "Actual Loops": 2
                  },
                  {
                    "Node Type": "Hash",
                    "Parent Relationship": "Inner",
                    "Parallel Aware": true,
                    "Startup Cost": 53824.47,
                    "Total Cost": 53824.47,
                    "Plan Rows": 356132,
                    "Plan Width": 4,
                    "Actual Startup Time": 173.171,
                    "Actual Total Time": 173.172,
                    "Actual Rows": 252588,
                    "Actual Loops": 2,
                    "Hash Buckets": 1048576,
                    "Original Hash Buckets": 1048576,
                    "Hash Batches": 1,
                    "Original Hash Batches": 1,
                    "Peak Memory Usage": 28000,
                    "Plans": [
                      {
                        "Node Type": "Bitmap Heap Scan",
                        "Parent Relationship": "Outer",
                        "Parallel Aware": true,
                        "Relation Name": "title",
                        "Alias": "t",
                        "Startup Cost": 11974.21,
                        "Total Cost": 53824.47,
                        "Plan Rows": 356132,
                        "Plan Width": 4,
                        "Actual Startup Time": 25.981,
                        "Actual Total Time": 98.587,
                        "Actual Rows": 252588,
                        "Actual Loops": 2,
                        "Recheck Cond": "(kind_id = 1)",
                        "Rows Removed by Index Recheck": 0,
                        "Filter": "(production_year > 1944)",
                        "Rows Removed by Filter": 78824,
                        "Exact Heap Blocks": 8091,
                        "Lossy Heap Blocks": 0,
                        "Plans": [
                          {
                            "Node Type": "Bitmap Index Scan",
                            "Parent Relationship": "Outer",
                            "Parallel Aware": false,
                            "Index Name": "kind_id_title",
                            "Startup Cost": 0.0,
                            "Total Cost": 11822.85,
                            "Plan Rows": 663256,
                            "Plan Width": 0,
                            "Actual Startup Time": 24.183,
                            "Actual Total Time": 24.184,
                            "Actual Rows": 662825,
                            "Actual Loops": 1,
                            "Index Cond": "(kind_id = 1)"
                          }
                        ]
                      }
                    ]
                  }
                ]
              }
            ]
          }
        ]
      }
    ]
  },
  "Planning Time": 0.297,
  "Triggers": [],
  "Execution Time": 2439.055
}