[
  {
    "Plan": {
      "Node Type": "Aggregate",
      "Strategy": "Plain",
      "Partial Mode": "Finalize",
      "Parallel Aware": false,
      "Startup Cost": 95005.81,
      "Total Cost": 95005.82,
      "Plan Rows": 1,
      "Plan Width": 8,
      "Actual Startup Time": 461.279,
      "Actual Total Time": 480.869,
      "Actual Rows": 1,
      "Actual Loops": 1,
      "Plans": [
        {
          "Node Type": "Gather",
          "Parent Relationship": "Outer",
          "Parallel Aware": false,
          "Startup Cost": 95005.49,
          "Total Cost": 95005.8,
          "Plan Rows": 3,
          "Plan Width": 8,
          "Actual Startup Time": 453.482,
          "Actual Total Time": 480.857,
          "Actual Rows": 4,
          "Actual Loops": 1,
          "Workers Planned": 3,
          "Workers Launched": 3,
          "Single Copy": false,
          "Plans": [
            {
              "Node Type": "Aggregate",
              "Strategy": "Plain",
              "Partial Mode": "Partial",
              "Parent Relationship": "Outer",
              "Parallel Aware": false,
              "Startup Cost": 94005.49,
              "Total Cost": 94005.5,
              "Plan Rows": 1,
              "Plan Width": 8,
              "Actual Startup Time": 441.438,
              "Actual Total Time": 441.444,
              "Actual Rows": 1,
              "Actual Loops": 4,
              "Plans": [
                {
                  "Node Type": "Hash Join",
                  "Parent Relationship": "Outer",
                  "Parallel Aware": true,
                  "Join Type": "Inner",
                  "Startup Cost": 49140.97,
                  "Total Cost": 93341.32,
                  "Plan Rows": 265671,
                  "Plan Width": 0,
                  "Actual Startup Time": 246.09,
                  "Actual Total Time": 436.163,
                  "Actual Rows": 101944,
                  "Actual Loops": 4,
                  "Inner Unique": true,
                  "Hash Cond": "(mk.movie_id = t.id)",
                  "Plans": [
                    {
                      "Node Type": "Seq Scan",
                      "Parent Relationship": "Outer",
                      "Parallel Aware": true,
                      "Relation Name": "movie_keyword",
                      "Alias": "mk",
                      "Startup Cost": 0.0,
                      "Total Cost": 42695.65,
                      "Plan Rows": 573215,
                      "Plan Width": 4,
                      "Actual Startup Time": 0.033,
                      "Actual Total Time": 116.26,
                      "Actual Rows": 446379,
                      "Actual Loops": 4,
                      "Filter": "(keyword_id < 2891)",
                      "Rows Removed by Filter": 684604
                    },
                    {
                      "Node Type": "Hash",
                      "Parent Relationship": "Inner",
                      "Parallel Aware": true,
                      "Startup Cost": 45479.1,
                      "Total Cost": 45479.1,
                      "Plan Rows": 292950,
                      "Plan Width": 4,
                      "Actual Startup Time": 238.208,
                      "Actual Total Time": 238.212,
                      "Actual Rows": 283122,
                      "Actual Loops": 4,
                      "Hash Buckets": 2097152,
                      "Original Hash Buckets": 2097152,
                      "Hash Batches": 1,
                      "Original Hash Batches": 1,
                      "Peak Memory Usage": 60736,
                      "Plans": [
                        {
                          "Node Type": "Seq Scan",
                          "Parent Relationship": "Outer",
                          "Parallel Aware": true,
                          "Relation Name": "title",
                          "Alias": "t",
                          "Startup Cost": 0.0,
                          "Total Cost": 45479.1,
                          "Plan Rows": 292950,
                          "Plan Width": 4,
                          "Actual Startup Time": 0.036,
                          "Actual Total Time": 120.957,
                          "Actual Rows": 283122,
                          "Actual Loops": 4,
                          "Filter": "((kind_id > 2) AND (production_year < 2008))",
                          "Rows Removed by Filter": 348956
                        }
                      ]
                    }
                  ]
                }
              ]
            }
          ]
        }
      ]
    },
    "Planning Time": 0.638,
    "Triggers": [],
    "Execution Time": 480.939
  }
]