[
  {
    "Plan": {
      "Node Type": "Aggregate",
      "Strategy": "Plain",
      "Partial Mode": "Finalize",
      "Parallel Aware": false,
      "Startup Cost": 31157.15,
      "Total Cost": 31157.16,
      "Plan Rows": 1,
      "Plan Width": 8,
      "Actual Startup Time": 95.838,
      "Actual Total Time": 103.912,
      "Actual Rows": 1,
      "Actual Loops": 1,
      "Plans": [
        {
          "Node Type": "Gather",
          "Parent Relationship": "Outer",
          "Parallel Aware": false,
          "Startup Cost": 31156.83,
          "Total Cost": 31157.14,
          "Plan Rows": 3,
          "Plan Width": 8,
          "Actual Startup Time": 95.722,
          "Actual Total Time": 103.903,
          "Actual Rows": 4,
          "Actual Loops": 1,
          "Workers Planned": 3,
          "Workers Launched": 3,
          "Single Copy": false,
          "Plans": [
            {
              "Node Type": "Aggregate",
              "Strategy": "Plain",
              "Partial Mode": "Partial",
              "Parent Relationship": "Outer",
              "Parallel Aware": false,
              "Startup Cost": 30156.83,
              "Total Cost": 30156.84,
              "Plan Rows": 1,
              "Plan Width": 8,
              "Actual Startup Time": 88.78,
              "Actual Total Time": 88.781,
              "Actual Rows": 1,
              "Actual Loops": 4,
              "Plans": [
                {
                  "Node Type": "Seq Scan",
                  "Parent Relationship": "Outer",
                  "Parallel Aware": true,
                  "Relation Name": "movie_companies",
                  "Alias": "mc",
                  "Startup Cost": 0.0,
                  "Total Cost": 29310.68,
                  "Plan Rows": 338459,
                  "Plan Width": 0,
                  "Actual Startup Time": 0.033,
                  "Actual Total Time": 74.405,
                  "Actual Rows": 263808,
                  "Actual Loops": 4,
                  "Filter": "(company_id < 6227)",
                  "Rows Removed by Filter": 388474
                }
              ]
            }
          ]
        }
      ]
    },
    "Planning Time": 0.187,
    "Triggers": [],
    "Execution Time": 104.092
  }
]