[
  {
    "Plan": {
      "Node Type": "Aggregate",
      "Strategy": "Plain",
      "Partial Mode": "Finalize",
      "Parallel Aware": false,
      "Startup Cost": 47176.08,
      "Total Cost": 47176.09,
      "Plan Rows": 1,
      "Plan Width": 8,
      "Actual Startup Time": 168.247,
      "Actual Total Time": 173.872,
      "Actual Rows": 1,
      "Actual Loops": 1,
      "Plans": [
        {
          "Node Type": "Gather",
          "Parent Relationship": "Outer",
          "Parallel Aware": false,
          "Startup Cost": 47175.77,
          "Total Cost": 47176.08,
          "Plan Rows": 3,
          "Plan Width": 8,
          "Actual Startup Time": 168.18,
          "Actual Total Time": 173.862,
          "Actual Rows": 4,
          "Actual Loops": 1,
          "Workers Planned": 3,
          "Workers Launched": 3,
          "Single Copy": false,
          "Plans": [
            {
              "Node Type": "Aggregate",
              "Strategy": "Plain",
              "Partial Mode": "Partial",
              "Parent Relationship": "Outer",
              "Parallel Aware": false,
              "Startup Cost": 46175.77,
              "Total Cost": 46175.78,
              "Plan Rows": 1,
              "Plan Width": 8,
              "Actual Startup Time": 162.562,
              "Actual Total Time": 162.563,
              "Actual Rows": 1,
              "Actual Loops": 4,
              "Plans": [
                {
                  "Node Type": "Seq Scan",
                  "Parent Relationship": "Outer",
                  "Parallel Aware": true,
                  "Relation Name": "movie_keyword",
                  "Alias": "mk",
                  "Startup Cost": 0.0,
                  "Total Cost": 42695.65,
                  "Plan Rows": 1392045,
                  "Plan Width": 0,
                  "Actual Startup Time": 0.037,
                  "Actual Total Time": 111.673,
                  "Actual Rows": 1079502,
                  "Actual Loops": 4,
                  "Filter": "(keyword_id < 67341)",
                  "Rows Removed by Filter": 51480
                }
              ]
            }
          ]
        }
      ]
    },
    "Planning Time": 0.072,
    "Triggers": [],
    "Execution Time": 173.896
  }
]