[
  {
    "Plan": {
      "Node Type": "Aggregate",
      "Strategy": "Plain",
      "Partial Mode": "Finalize",
      "Parallel Aware": false,
      "Startup Cost": 351138.67,
      "Total Cost": 351138.68,
      "Plan Rows": 1,
      "Plan Width": 8,
      "Actual Startup Time": 465.806,
      "Actual Total Time": 533.921,
      "Actual Rows": 1,
      "Actual Loops": 1,
      "Plans": [
        {
          "Node Type": "Gather",
          "Parent Relationship": "Outer",
          "Parallel Aware": false,
          "Startup Cost": 351138.25,
          "Total Cost": 351138.66,
          "Plan Rows": 4,
          "Plan Width": 8,
          "Actual Startup Time": 465.456,
          "Actual Total Time": 533.909,
          "Actual Rows": 5,
          "Actual Loops": 1,
          "Workers Planned": 4,
          "Workers Launched": 4,
          "Single Copy": false,
          "Plans": [
            {
              "Node Type": "Aggregate",
              "Strategy": "Plain",
              "Partial Mode": "Partial",
              "Parent Relationship": "Outer",
              "Parallel Aware": false,
              "Startup Cost": 350138.25,
              "Total Cost": 350138.26,
              "Plan Rows": 1,
              "Plan Width": 8,
              "Actual Startup Time": 459.36,
              "Actual Total Time": 459.361,
              "Actual Rows": 1,
              "Actual Loops": 5,
              "Plans": [
                {
                  "Node Type": "Nested Loop",
                  "Parent Relationship": "Outer",
                  "Parallel Aware": false,
                  "Join Type": "Inner",
                  "Startup Cost": 0.56,
                  "Total Cost": 349967.34,
                  "Plan Rows": 68365,
                  "Plan Width": 0,
                  "Actual Startup Time": 45.437,
                  "Actual Total Time": 455.419,
                  "Actual Rows": 42682,
                  "Actual Loops": 5,
                  "Inner Unique": false,
                  "Plans": [
                    {
                      "Node Type": "Seq Scan",
                      "Parent Relationship": "Outer",
                      "Parallel Aware": true,
                      "Relation Name": "title",
                      "Alias": "t",
                      "Startup Cost": 0.0,
                      "Total Cost": 45479.59,
                      "Plan Rows": 10447,
                      "Plan Width": 4,
                      "Actual Startup Time": 44.964,
                      "Actual Total Time": 90.023,
                      "Actual Rows": 7912,
                      "Actual Loops": 5,
                      "Filter": "((kind_id = 1) AND (production_year = 2012))",
                      "Rows Removed by Filter": 497750
                    },
                    {
                      "Node Type": "Index Scan",
                      "Parent Relationship": "Inner",
                      "Parallel Aware": false,
                      "Scan Direction": "Forward",
                      "Index Name": "movie_id_cast_info",
                      "Relation Name": "cast_info",
                      "Alias": "ci",
                      "Startup Cost": 0.56,
                      "Total Cost": 28.99,
                      "Plan Rows": 16,
                      "Plan Width": 4,
                      "Actual Startup Time": 0.024,
                      "Actual Total Time": 0.045,
                      "Actual Rows": 5,
                      "Actual Loops": 39560,
                      "Index Cond": "(movie_id = t.id)",
                      "Rows Removed by Index Recheck": 0,
                      "Filter": "((person_id < 2640681) AND (role_id > 1))",
                      "Rows Removed by Filter": 11
                    }
                  ]
                }
              ]
            }
          ]
        }
      ]
    },
    "Planning Time": 0.252,
    "Triggers": [],
    "Execution Time": 533.976
  }
]