{
    "Plan": {
        "Node Type": "Aggregate",
        "Strategy": "Plain",
        "Partial Mode": "Finalize",
        "Parallel Aware": false,
        "Startup Cost": 638416.71,
        "Total Cost": 638416.72,
        "Plan Rows": 1,
        "Plan Width": 8,
        "Actual Startup Time": 7560.368,
        "Actual Total Time": 7641.276,
        "Actual Rows": 1,
        "Actual Loops": 1,
        "Output": [
            "count(*)"
        ],
        "Plans": [
            {
                "Node Type": "Gather",
                "Parent Relationship": "Outer",
                "Parallel Aware": false,
                "Startup Cost": 638416.09,
                "Total Cost": 638416.7,
                "Plan Rows": 6,
                "Plan Width": 8,
                "Actual Startup Time": 7524.542,
                "Actual Total Time": 7641.237,
                "Actual Rows": 7,
                "Actual Loops": 1,
                "Output": [
                    "(PARTIAL count(*))"
                ],
                "Workers Planned": 6,
                "Workers Launched": 6,
                "Single Copy": false,
                "Plans": [
                    {
                        "Node Type": "Aggregate",
                        "Strategy": "Plain",
                        "Partial Mode": "Partial",
                        "Parent Relationship": "Outer",
                        "Parallel Aware": false,
                        "Startup Cost": 637416.09,
                        "Total Cost": 637416.1,
                        "Plan Rows": 1,
                        "Plan Width": 8,
                        "Actual Startup Time": 7496.993,
                        "Actual Total Time": 7497.972,
                        "Actual Rows": 1,
                        "Actual Loops": 7,
                        "Output": [
                            "PARTIAL count(*)"
                        ],
                        "Workers": [
                            {
                                "Worker Number": 0,
                                "Actual Startup Time": 7491.74,
                                "Actual Total Time": 7491.745,
                                "Actual Rows": 1,
                                "Actual Loops": 1
                            },
                            {
                                "Worker Number": 1,
                                "Actual Startup Time": 7491.868,
                                "Actual Total Time": 7491.874,
                                "Actual Rows": 1,
                                "Actual Loops": 1
                            },
                            {
                                "Worker Number": 2,
                                "Actual Startup Time": 7495.341,
                                "Actual Total Time": 7495.346,
                                "Actual Rows": 1,
                                "Actual Loops": 1
                            },
                            {
                                "Worker Number": 3,
                                "Actual Startup Time": 7492.051,
                                "Actual Total Time": 7492.055,
                                "Actual Rows": 1,
                                "Actual Loops": 1
                            },
                            {
                                "Worker Number": 4,
                                "Actual Startup Time": 7492.264,
                                "Actual Total Time": 7492.268,
                                "Actual Rows": 1,
                                "Actual Loops": 1
                            },
                            {
                                "Worker Number": 5,
                                "Actual Startup Time": 7492.139,
                                "Actual Total Time": 7492.145,
                                "Actual Rows": 1,
                                "Actual Loops": 1
                            }
                        ],
                        "Plans": [
                            {
                                "Node Type": "Hash Join",
                                "Parent Relationship": "Outer",
                                "Parallel Aware": true,
                                "Join Type": "Inner",
                                "Startup Cost": 260578.23,
                                "Total Cost": 614598.54,
                                "Plan Rows": 9127020,
                                "Plan Width": 0,
                                "Actual Startup Time": 1930.705,
                                "Actual Total Time": 6833.121,
                                "Actual Rows": 13339336,
                                "Actual Loops": 7,
                                "Inner Unique": false,
                                "Hash Cond": "(ci.movie_id = t.id)",
                                "Workers": [
                                    {
                                        "Worker Number": 0,
                                        "Actual Startup Time": 1925.885,
                                        "Actual Total Time": 6815.554,
                                        "Actual Rows": 13383991,
                                        "Actual Loops": 1
                                    },
                                    {
                                        "Worker Number": 1,
                                        "Actual Startup Time": 1926.162,
                                        "Actual Total Time": 6857.8,
                                        "Actual Rows": 12426609,
                                        "Actual Loops": 1
                                    },
                                    {
                                        "Worker Number": 2,
                                        "Actual Startup Time": 1926.234,
                                        "Actual Total Time": 6810.878,
                                        "Actual Rows": 13317865,
                                        "Actual Loops": 1
                                    },
                                    {
                                        "Worker Number": 3,
                                        "Actual Startup Time": 1926.199,
                                        "Actual Total Time": 6887.956,
                                        "Actual Rows": 15490087,
                                        "Actual Loops": 1
                                    },
                                    {
                                        "Worker Number": 4,
                                        "Actual Startup Time": 1926.437,
                                        "Actual Total Time": 6795.217,
                                        "Actual Rows": 12984870,
                                        "Actual Loops": 1
                                    },
                                    {
                                        "Worker Number": 5,
                                        "Actual Startup Time": 1926.267,
                                        "Actual Total Time": 6847.926,
                                        "Actual Rows": 12175680,
                                        "Actual Loops": 1
                                    }
                                ],
                                "Plans": [
                                    {
                                        "Node Type": "Seq Scan",
                                        "Parent Relationship": "Outer",
                                        "Parallel Aware": true,
                                        "Relation Name": "cast_info",
                                        "Schema": "public",
                                        "Alias": "ci",
                                        "Startup Cost": 0.0,
                                        "Total Cost": 313108.29,
                                        "Plan Rows": 6042129,
                                        "Plan Width": 4,
                                        "Actual Startup Time": 0.034,
                                        "Actual Total Time": 644.733,
                                        "Actual Rows": 5177763,
                                        "Actual Loops": 7,
                                        "Output": [
                                            "ci.id",
                                            "ci.person_id",
                                            "ci.movie_id",
                                            "ci.person_role_id",
                                            "ci.note",
                                            "ci.nr_order",
                                            "ci.role_id"
                                        ],
                                        "Workers": [
                                            {
                                                "Worker Number": 0,
                                                "Actual Startup Time": 0.045,
                                                "Actual Total Time": 672.295,
                                                "Actual Rows": 5235085,
                                                "Actual Loops": 1
                                            },
                                            {
                                                "Worker Number": 1,
                                                "Actual Startup Time": 0.03,
                                                "Actual Total Time": 655.352,
                                                "Actual Rows": 4783746,
                                                "Actual Loops": 1
                                            },
                                            {
                                                "Worker Number": 2,
                                                "Actual Startup Time": 0.037,
                                                "Actual Total Time": 676.298,
                                                "Actual Rows": 5176797,
                                                "Actual Loops": 1
                                            },
                                            {
                                                "Worker Number": 3,
                                                "Actual Startup Time": 0.033,
                                                "Actual Total Time": 641.913,
                                                "Actual Rows": 6058496,
                                                "Actual Loops": 1
                                            },
                                            {
                                                "Worker Number": 4,
                                                "Actual Startup Time": 0.039,
                                                "Actual Total Time": 682.118,
                                                "Actual Rows": 5009118,
                                                "Actual Loops": 1
                                            },
                                            {
                                                "Worker Number": 5,
                                                "Actual Startup Time": 0.038,
                                                "Actual Total Time": 662.04,
                                                "Actual Rows": 4688176,
                                                "Actual Loops": 1
                                            }
                                        ]
                                    },
                                    {
                                        "Node Type": "Hash",
                                        "Parent Relationship": "Inner",
                                        "Parallel Aware": true,
                                        "Startup Cost": 251030.26,
                                        "Total Cost": 251030.26,
                                        "Plan Rows": 763838,
                                        "Plan Width": 8,
                                        "Actual Startup Time": 1922.695,
                                        "Actual Total Time": 1923.673,
                                        "Actual Rows": 612770,
                                        "Actual Loops": 7,
                                        "Output": [
                                            "t.id",
                                            "mi.movie_id"
                                        ],
                                        "Hash Buckets": 8388608,
                                        "Original Hash Buckets": 4194304,
                                        "Hash Batches": 1,
                                        "Original Hash Batches": 1,
                                        "Peak Memory Usage": 266240,
                                        "Workers": [
                                            {
                                                "Worker Number": 0,
                                                "Actual Startup Time": 1925.02,
                                                "Actual Total Time": 1925.023,
                                                "Actual Rows": 622748,
                                                "Actual Loops": 1
                                            },
                                            {
                                                "Worker Number": 1,
                                                "Actual Startup Time": 1925.209,
                                                "Actual Total Time": 1925.213,
                                                "Actual Rows": 551455,
                                                "Actual Loops": 1
                                            },
                                            {
                                                "Worker Number": 2,
                                                "Actual Startup Time": 1925.178,
                                                "Actual Total Time": 1925.181,
                                                "Actual Rows": 595047,
                                                "Actual Loops": 1
                                            },
                                            {
                                                "Worker Number": 3,
                                                "Actual Startup Time": 1925.181,
                                                "Actual Total Time": 1925.183,
                                                "Actual Rows": 758885,
                                                "Actual Loops": 1
                                            },
                                            {
                                                "Worker Number": 4,
                                                "Actual Startup Time": 1925.525,
                                                "Actual Total Time": 1925.528,
                                                "Actual Rows": 591563,
                                                "Actual Loops": 1
                                            },
                                            {
                                                "Worker Number": 5,
                                                "Actual Startup Time": 1925.424,
                                                "Actual Total Time": 1925.428,
                                                "Actual Rows": 541309,
                                                "Actual Loops": 1
                                            }
                                        ],
                                        "Plans": [
                                            {
                                                "Node Type": "Hash Join",
                                                "Parent Relationship": "Outer",
                                                "Parallel Aware": true,
                                                "Join Type": "Inner",
                                                "Startup Cost": 49108.52,
                                                "Total Cost": 251030.26,
                                                "Plan Rows": 763838,
                                                "Plan Width": 8,
                                                "Actual Startup Time": 395.084,
                                                "Actual Total Time": 1178.987,
                                                "Actual Rows": 612770,
                                                "Actual Loops": 7,
                                                "Output": [
                                                    "t.id",
                                                    "mi.movie_id"
                                                ],
                                                "Inner Unique": true,
                                                "Hash Cond": "(mi.movie_id = t.id)",
                                                "Workers": [
                                                    {
                                                        "Worker Number": 0,
                                                        "Actual Startup Time": 395.015,
                                                        "Actual Total Time": 1178.73,
                                                        "Actual Rows": 622748,
                                                        "Actual Loops": 1
                                                    },
                                                    {
                                                        "Worker Number": 1,
                                                        "Actual Startup Time": 395.082,
                                                        "Actual Total Time": 1182.848,
                                                        "Actual Rows": 551455,
                                                        "Actual Loops": 1
                                                    },
                                                    {
                                                        "Worker Number": 2,
                                                        "Actual Startup Time": 395.089,
                                                        "Actual Total Time": 1177.865,
                                                        "Actual Rows": 595047,
                                                        "Actual Loops": 1
                                                    },
                                                    {
                                                        "Worker Number": 3,
                                                        "Actual Startup Time": 395.086,
                                                        "Actual Total Time": 1174.59,
                                                        "Actual Rows": 758885,
                                                        "Actual Loops": 1
                                                    },
                                                    {
                                                        "Worker Number": 4,
                                                        "Actual Startup Time": 395.007,
                                                        "Actual Total Time": 1179.154,
                                                        "Actual Rows": 591563,
                                                        "Actual Loops": 1
                                                    },
                                                    {
                                                        "Worker Number": 5,
                                                        "Actual Startup Time": 395.112,
                                                        "Actual Total Time": 1182.52,
                                                        "Actual Rows": 541309,
                                                        "Actual Loops": 1
                                                    }
                                                ],
                                                "Plans": [
                                                    {
                                                        "Node Type": "Seq Scan",
                                                        "Parent Relationship": "Outer",
                                                        "Parallel Aware": true,
                                                        "Relation Name": "movie_info",
                                                        "Schema": "public",
                                                        "Alias": "mi",
                                                        "Startup Cost": 0.0,
                                                        "Total Cost": 198880.74,
                                                        "Plan Rows": 1158476,
                                                        "Plan Width": 4,
                                                        "Actual Startup Time": 0.045,
                                                        "Actual Total Time": 389.33,
                                                        "Actual Rows": 840709,
                                                        "Actual Loops": 7,
                                                        "Output": [
                                                            "mi.id",
                                                            "mi.movie_id",
                                                            "mi.info_type_id",
                                                            "mi.info",
                                                            "mi.note"
                                                        ],
                                                        "Filter": "(mi.info_type_id < 7)",
                                                        "Rows Removed by Filter": 1278680,
                                                        "Workers": [
                                                            {
                                                                "Worker Number": 0,
                                                                "Actual Startup Time": 0.049,
                                                                "Actual Total Time": 394.534,
                                                                "Actual Rows": 860672,
                                                                "Actual Loops": 1
                                                            },
                                                            {
                                                                "Worker Number": 1,
                                                                "Actual Startup Time": 0.051,
                                                                "Actual Total Time": 389.505,
                                                                "Actual Rows": 755993,
                                                                "Actual Loops": 1
                                                            },
                                                            {
                                                                "Worker Number": 2,
                                                                "Actual Startup Time": 0.046,
                                                                "Actual Total Time": 397.403,
                                                                "Actual Rows": 813343,
                                                                "Actual Loops": 1
                                                            },
                                                            {
                                                                "Worker Number": 3,
                                                                "Actual Startup Time": 0.04,
                                                                "Actual Total Time": 382.689,
                                                                "Actual Rows": 1039313,
                                                                "Actual Loops": 1
                                                            },
                                                            {
                                                                "Worker Number": 4,
                                                                "Actual Startup Time": 0.048,
                                                                "Actual Total Time": 398.366,
                                                                "Actual Rows": 813287,
                                                                "Actual Loops": 1
                                                            },
                                                            {
                                                                "Worker Number": 5,
                                                                "Actual Startup Time": 0.061,
                                                                "Actual Total Time": 390.956,
                                                                "Actual Rows": 741744,
                                                                "Actual Loops": 1
                                                            }
                                                        ]
                                                    },
                                                    {
                                                        "Node Type": "Hash",
                                                        "Parent Relationship": "Inner",
                                                        "Parallel Aware": true,
                                                        "Startup Cost": 43899.01,
                                                        "Total Cost": 43899.01,
                                                        "Plan Rows": 416761,
                                                        "Plan Width": 4,
                                                        "Actual Startup Time": 389.562,
                                                        "Actual Total Time": 389.563,
                                                        "Actual Rows": 238756,
                                                        "Actual Loops": 7,
                                                        "Output": [
                                                            "t.id"
                                                        ],
                                                        "Hash Buckets": 2097152,
                                                        "Original Hash Buckets": 2097152,
                                                        "Hash Batches": 1,
                                                        "Original Hash Batches": 1,
                                                        "Peak Memory Usage": 81856,
                                                        "Workers": [
                                                            {
                                                                "Worker Number": 0,
                                                                "Actual Startup Time": 394.858,
                                                                "Actual Total Time": 394.86,
                                                                "Actual Rows": 201768,
                                                                "Actual Loops": 1
                                                            },
                                                            {
                                                                "Worker Number": 1,
                                                                "Actual Startup Time": 394.616,
                                                                "Actual Total Time": 394.618,
                                                                "Actual Rows": 253307,
                                                                "Actual Loops": 1
                                                            },
                                                            {
                                                                "Worker Number": 2,
                                                                "Actual Startup Time": 394.635,
                                                                "Actual Total Time": 394.636,
                                                                "Actual Rows": 284843,
                                                                "Actual Loops": 1
                                                            },
                                                            {
                                                                "Worker Number": 3,
                                                                "Actual Startup Time": 394.658,
                                                                "Actual Total Time": 394.658,
                                                                "Actual Rows": 198426,
                                                                "Actual Loops": 1
                                                            },
                                                            {
                                                                "Worker Number": 4,
                                                                "Actual Startup Time": 394.813,
                                                                "Actual Total Time": 394.814,
                                                                "Actual Rows": 194650,
                                                                "Actual Loops": 1
                                                            },
                                                            {
                                                                "Worker Number": 5,
                                                                "Actual Startup Time": 394.615,
                                                                "Actual Total Time": 394.616,
                                                                "Actual Rows": 174451,
                                                                "Actual Loops": 1
                                                            }
                                                        ],
                                                        "Plans": [
                                                            {
                                                                "Node Type": "Seq Scan",
                                                                "Parent Relationship": "Outer",
                                                                "Parallel Aware": true,
                                                                "Relation Name": "title",
                                                                "Schema": "public",
                                                                "Alias": "t",
                                                                "Startup Cost": 0.0,
                                                                "Total Cost": 43899.01,
                                                                "Plan Rows": 416761,
                                                                "Plan Width": 4,
                                                                "Actual Startup Time": 0.069,
                                                                "Actual Total Time": 121.069,
                                                                "Actual Rows": 238756,
                                                                "Actual Loops": 7,
                                                                "Output": [
                                                                    "t.id"
                                                                ],
                                                                "Filter": "(t.production_year < 2008)",
                                                                "Rows Removed by Filter": 122431,
                                                                "Workers": [
                                                                    {
                                                                        "Worker Number": 0,
                                                                        "Actual Startup Time": 0.078,
                                                                        "Actual Total Time": 125.977,
                                                                        "Actual Rows": 201768,
                                                                        "Actual Loops": 1
                                                                    },
                                                                    {
                                                                        "Worker Number": 1,
                                                                        "Actual Startup Time": 0.071,
                                                                        "Actual Total Time": 117.903,
                                                                        "Actual Rows": 253307,
                                                                        "Actual Loops": 1
                                                                    },
                                                                    {
                                                                        "Worker Number": 2,
                                                                        "Actual Startup Time": 0.077,
                                                                        "Actual Total Time": 121.531,
                                                                        "Actual Rows": 284843,
                                                                        "Actual Loops": 1
                                                                    },
                                                                    {
                                                                        "Worker Number": 3,
                                                                        "Actual Startup Time": 0.082,
                                                                        "Actual Total Time": 126.761,
                                                                        "Actual Rows": 198426,
                                                                        "Actual Loops": 1
                                                                    },
                                                                    {
                                                                        "Worker Number": 4,
                                                                        "Actual Startup Time": 0.082,
                                                                        "Actual Total Time": 126.229,
                                                                        "Actual Rows": 194650,
                                                                        "Actual Loops": 1
                                                                    },
                                                                    {
                                                                        "Worker Number": 5,
                                                                        "Actual Startup Time": 0.071,
                                                                        "Actual Total Time": 123.718,
                                                                        "Actual Rows": 174451,
                                                                        "Actual Loops": 1
                                                                    }
                                                                ]
                                                            }
                                                        ]
                                                    }
                                                ]
                                            }
                                        ]
                                    }
                                ]
                            }
                        ]
                    }
                ]
            }
        ]
    },
    "Planning Time": 1.522,
    "Triggers": [],
    "Execution Time": 7641.372
}