[
  {
    "Plan": {
      "Node Type": "Aggregate",
      "Strategy": "Plain",
      "Partial Mode": "Finalize",
      "Parallel Aware": false,
      "Startup Cost": 13761.25,
      "Total Cost": 13761.26,
      "Plan Rows": 1,
      "Plan Width": 8,
      "Actual Startup Time": 10.449,
      "Actual Total Time": 12.408,
      "Actual Rows": 1,
      "Actual Loops": 1,
      "Plans": [
        {
          "Node Type": "Gather",
          "Parent Relationship": "Outer",
          "Parallel Aware": false,
          "Startup Cost": 13761.14,
          "Total Cost": 13761.25,
          "Plan Rows": 1,
          "Plan Width": 8,
          "Actual Startup Time": 10.349,
          "Actual Total Time": 12.397,
          "Actual Rows": 2,
          "Actual Loops": 1,
          "Workers Planned": 1,
          "Workers Launched": 1,
          "Single Copy": false,
          "Plans": [
            {
              "Node Type": "Aggregate",
              "Strategy": "Plain",
              "Partial Mode": "Partial",
              "Parent Relationship": "Outer",
              "Parallel Aware": false,
              "Startup Cost": 12761.14,
              "Total Cost": 12761.15,
              "Plan Rows": 1,
              "Plan Width": 8,
              "Actual Startup Time": 7.407,
              "Actual Total Time": 7.41,
              "Actual Rows": 1,
              "Actual Loops": 2,
              "Plans": [
                {
                  "Node Type": "Nested Loop",
                  "Parent Relationship": "Outer",
                  "Parallel Aware": false,
                  "Join Type": "Inner",
                  "Startup Cost": 55.2,
                  "Total Cost": 12760.49,
                  "Plan Rows": 258,
                  "Plan Width": 0,
                  "Actual Startup Time": 2.729,
                  "Actual Total Time": 7.35,
                  "Actual Rows": 221,
                  "Actual Loops": 2,
                  "Inner Unique": false,
                  "Plans": [
                    {
                      "Node Type": "Nested Loop",
                      "Parent Relationship": "Outer",
                      "Parallel Aware": false,
                      "Join Type": "Inner",
                      "Startup Cost": 54.77,
                      "Total Cost": 12386.36,
                      "Plan Rows": 706,
                      "Plan Width": 8,
                      "Actual Startup Time": 2.588,
                      "Actual Total Time": 5.42,
                      "Actual Rows": 148,
                      "Actual Loops": 2,
                      "Inner Unique": true,
                      "Plans": [
                        {
                          "Node Type": "Bitmap Heap Scan",
                          "Parent Relationship": "Outer",
                          "Parallel Aware": true,
                          "Relation Name": "movie_companies",
                          "Alias": "mc",
                          "Startup Cost": 54.34,
                          "Total Cost": 6641.29,
                          "Plan Rows": 706,
                          "Plan Width": 4,
                          "Actual Startup Time": 2.44,
                          "Actual Total Time": 3.099,
                          "Actual Rows": 148,
                          "Actual Loops": 2,
                          "Recheck Cond": "(company_id = 292)",
                          "Rows Removed by Index Recheck": 0,
                          "Filter": "(company_type_id = 2)",
                          "Rows Removed by Filter": 1250,
                          "Exact Heap Blocks": 504,
                          "Lossy Heap Blocks": 0,
                          "Plans": [
                            {
                              "Node Type": "Bitmap Index Scan",
                              "Parent Relationship": "Outer",
                              "Parallel Aware": false,
                              "Index Name": "company_id_movie_companies",
                              "Startup Cost": 0.0,
                              "Total Cost": 54.04,
                              "Plan Rows": 2348,
                              "Plan Width": 0,
                              "Actual Startup Time": 2.404,
                              "Actual Total Time": 2.405,
                              "Actual Rows": 2795,
                              "Actual Loops": 1,
                              "Index Cond": "(company_id = 292)"
                            }
                          ]
                        },
                        {
                          "Node Type": "Index Only Scan",
                          "Parent Relationship": "Inner",
                          "Parallel Aware": false,
                          "Scan Direction": "Forward",
                          "Index Name": "title_pkey",
                          "Relation Name": "title",
                          "Alias": "t",
                          "Startup Cost": 0.43,
                          "Total Cost": 8.14,
                          "Plan Rows": 1,
                          "Plan Width": 4,
                          "Actual Startup Time": 0.015,
                          "Actual Total Time": 0.015,
                          "Actual Rows": 1,
                          "Actual Loops": 295,
                          "Index Cond": "(id = mc.movie_id)",
                          "Rows Removed by Index Recheck": 0,
                          "Heap Fetches": 295
                        }
                      ]
                    },
                    {
                      "Node Type": "Index Scan",
                      "Parent Relationship": "Inner",
                      "Parallel Aware": false,
                      "Scan Direction": "Forward",
                      "Index Name": "movie_id_movie_info_idx",
                      "Relation Name": "movie_info_idx",
                      "Alias": "mi_idx",
                      "Startup Cost": 0.43,
                      "Total Cost": 0.51,
                      "Plan Rows": 2,
                      "Plan Width": 4,
                      "Actual Startup Time": 0.012,
                      "Actual Total Time": 0.012,
                      "Actual Rows": 1,
                      "Actual Loops": 295,
                      "Index Cond": "(movie_id = t.id)",
                      "Rows Removed by Index Recheck": 0,
                      "Filter": "(info_type_id > 99)",
                      "Rows Removed by Filter": 1
                    }
                  ]
                }
              ]
            }
          ]
        }
      ]
    },
    "Planning Time": 1.442,
    "Triggers": [],
    "Execution Time": 12.518
  }
]