[
  {
    "Plan": {
      "Node Type": "Aggregate",
      "Strategy": "Plain",
      "Partial Mode": "Finalize",
      "Parallel Aware": false,
      "Startup Cost": 75132.92,
      "Total Cost": 75132.93,
      "Plan Rows": 1,
      "Plan Width": 8,
      "Actual Startup Time": 313.141,
      "Actual Total Time": 332.679,
      "Actual Rows": 1,
      "Actual Loops": 1,
      "Plans": [
        {
          "Node Type": "Gather",
          "Parent Relationship": "Outer",
          "Parallel Aware": false,
          "Startup Cost": 75132.6,
          "Total Cost": 75132.91,
          "Plan Rows": 3,
          "Plan Width": 8,
          "Actual Startup Time": 308.914,
          "Actual Total Time": 332.669,
          "Actual Rows": 4,
          "Actual Loops": 1,
          "Workers Planned": 3,
          "Workers Launched": 3,
          "Single Copy": false,
          "Plans": [
            {
              "Node Type": "Aggregate",
              "Strategy": "Plain",
              "Partial Mode": "Partial",
              "Parent Relationship": "Outer",
              "Parallel Aware": false,
              "Startup Cost": 74132.6,
              "Total Cost": 74132.61,
              "Plan Rows": 1,
              "Plan Width": 8,
              "Actual Startup Time": 301.648,
              "Actual Total Time": 301.652,
              "Actual Rows": 1,
              "Actual Loops": 4,
              "Plans": [
                {
                  "Node Type": "Hash Join",
                  "Parent Relationship": "Outer",
                  "Parallel Aware": true,
                  "Join Type": "Inner",
                  "Startup Cost": 53598.9,
                  "Total Cost": 74052.11,
                  "Plan Rows": 32194,
                  "Plan Width": 0,
                  "Actual Startup Time": 220.624,
                  "Actual Total Time": 298.648,
                  "Actual Rows": 44231,
                  "Actual Loops": 4,
                  "Inner Unique": true,
                  "Hash Cond": "(mc.movie_id = t.id)",
                  "Plans": [
                    {
                      "Node Type": "Bitmap Heap Scan",
                      "Parent Relationship": "Outer",
                      "Parallel Aware": true,
                      "Relation Name": "movie_companies",
                      "Alias": "mc",
                      "Startup Cost": 7386.33,
                      "Total Cost": 27550.88,
                      "Plan Rows": 109965,
                      "Plan Width": 4,
                      "Actual Startup Time": 26.699,
                      "Actual Total Time": 66.485,
                      "Actual Rows": 83614,
                      "Actual Loops": 4,
                      "Recheck Cond": "(company_id < 166)",
                      "Rows Removed by Index Recheck": 0,
                      "Exact Heap Blocks": 7664,
                      "Lossy Heap Blocks": 0,
                      "Plans": [
                        {
                          "Node Type": "Bitmap Index Scan",
                          "Parent Relationship": "Outer",
                          "Parallel Aware": false,
                          "Index Name": "company_id_movie_companies",
                          "Startup Cost": 0.0,
                          "Total Cost": 7301.1,
                          "Plan Rows": 340890,
                          "Plan Width": 0,
                          "Actual Startup Time": 22.478,
                          "Actual Total Time": 22.479,
                          "Actual Rows": 334457,
                          "Actual Loops": 1,
                          "Index Cond": "(company_id < 166)"
                        }
                      ]
                    },
                    {
                      "Node Type": "Hash",
                      "Parent Relationship": "Inner",
                      "Parallel Aware": true,
                      "Startup Cost": 43899.32,
                      "Total Cost": 43899.32,
                      "Plan Rows": 185060,
                      "Plan Width": 4,
                      "Actual Startup Time": 191.057,
                      "Actual Total Time": 191.058,
                      "Actual Rows": 188976,
                      "Actual Loops": 4,
                      "Hash Buckets": 1048576,
                      "Original Hash Buckets": 1048576,
                      "Hash Batches": 1,
                      "Original Hash Batches": 1,
                      "Peak Memory Usage": 37856,
                      "Plans": [
                        {
                          "Node Type": "Seq Scan",
                          "Parent Relationship": "Outer",
                          "Parallel Aware": true,
                          "Relation Name": "title",
                          "Alias": "t",
                          "Startup Cost": 0.0,
                          "Total Cost": 43899.32,
                          "Plan Rows": 185060,
                          "Plan Width": 4,
                          "Actual Startup Time": 0.041,
                          "Actual Total Time": 116.839,
                          "Actual Rows": 188976,
                          "Actual Loops": 4,
                          "Filter": "(production_year < 1993)",
                          "Rows Removed by Filter": 443102
                        }
                      ]
                    }
                  ]
                }
              ]
            }
          ]
        }
      ]
    },
    "Planning Time": 0.286,
    "Triggers": [],
    "Execution Time": 332.731
  }
]