[
  {
    "Plan": {
      "Node Type": "Aggregate",
      "Strategy": "Plain",
      "Partial Mode": "Finalize",
      "Parallel Aware": false,
      "Startup Cost": 33440.0,
      "Total Cost": 33440.01,
      "Plan Rows": 1,
      "Plan Width": 8,
      "Actual Startup Time": 106.999,
      "Actual Total Time": 115.338,
      "Actual Rows": 1,
      "Actual Loops": 1,
      "Plans": [
        {
          "Node Type": "Gather",
          "Parent Relationship": "Outer",
          "Parallel Aware": false,
          "Startup Cost": 33439.68,
          "Total Cost": 33439.99,
          "Plan Rows": 3,
          "Plan Width": 8,
          "Actual Startup Time": 106.892,
          "Actual Total Time": 115.331,
          "Actual Rows": 4,
          "Actual Loops": 1,
          "Workers Planned": 3,
          "Workers Launched": 3,
          "Single Copy": false,
          "Plans": [
            {
              "Node Type": "Aggregate",
              "Strategy": "Plain",
              "Partial Mode": "Partial",
              "Parent Relationship": "Outer",
              "Parallel Aware": false,
              "Startup Cost": 32439.68,
              "Total Cost": 32439.69,
              "Plan Rows": 1,
              "Plan Width": 8,
              "Actual Startup Time": 98.358,
              "Actual Total Time": 98.36,
              "Actual Rows": 1,
              "Actual Loops": 4,
              "Plans": [
                {
                  "Node Type": "Seq Scan",
                  "Parent Relationship": "Outer",
                  "Parallel Aware": true,
                  "Relation Name": "movie_companies",
                  "Alias": "mc",
                  "Startup Cost": 0.0,
                  "Total Cost": 31414.82,
                  "Plan Rows": 409944,
                  "Plan Width": 0,
                  "Actual Startup Time": 45.466,
                  "Actual Total Time": 84.859,
                  "Actual Rows": 303746,
                  "Actual Loops": 4,
                  "Filter": "((company_id < 146386) AND (company_type_id = 2))",
                  "Rows Removed by Filter": 348536
                }
              ]
            }
          ]
        }
      ]
    },
    "Planning Time": 0.111,
    "Triggers": [],
    "Execution Time": 115.37
  }
]