[
  {
    "Plan": {
      "Node Type": "Aggregate",
      "Strategy": "Plain",
      "Partial Mode": "Finalize",
      "Parallel Aware": false,
      "Startup Cost": 33432.46,
      "Total Cost": 33432.47,
      "Plan Rows": 1,
      "Plan Width": 8,
      "Actual Startup Time": 100.364,
      "Actual Total Time": 108.408,
      "Actual Rows": 1,
      "Actual Loops": 1,
      "Plans": [
        {
          "Node Type": "Gather",
          "Parent Relationship": "Outer",
          "Parallel Aware": false,
          "Startup Cost": 33432.14,
          "Total Cost": 33432.45,
          "Plan Rows": 3,
          "Plan Width": 8,
          "Actual Startup Time": 100.131,
          "Actual Total Time": 108.399,
          "Actual Rows": 4,
          "Actual Loops": 1,
          "Workers Planned": 3,
          "Workers Launched": 3,
          "Single Copy": false,
          "Plans": [
            {
              "Node Type": "Aggregate",
              "Strategy": "Plain",
              "Partial Mode": "Partial",
              "Parent Relationship": "Outer",
              "Parallel Aware": false,
              "Startup Cost": 32432.14,
              "Total Cost": 32432.15,
              "Plan Rows": 1,
              "Plan Width": 8,
              "Actual Startup Time": 94.579,
              "Actual Total Time": 94.58,
              "Actual Rows": 1,
              "Actual Loops": 4,
              "Plans": [
                {
                  "Node Type": "Seq Scan",
                  "Parent Relationship": "Outer",
                  "Parallel Aware": true,
                  "Relation Name": "movie_companies",
                  "Alias": "mc",
                  "Startup Cost": 0.0,
                  "Total Cost": 31414.82,
                  "Plan Rows": 406929,
                  "Plan Width": 0,
                  "Actual Startup Time": 47.116,
                  "Actual Total Time": 83.008,
                  "Actual Rows": 303746,
                  "Actual Loops": 4,
                  "Filter": "((company_id < 146386) AND (company_type_id = 2))",
                  "Rows Removed by Filter": 348536
                }
              ]
            }
          ]
        }
      ]
    },
    "Planning Time": 0.174,
    "Triggers": [],
    "Execution Time": 108.453
  }
]