[
    {
        "Bao": {
            "Bao prediction": "NaN",
            "Bao recommended hint": "(no hint)"
        }
    },
    {
        "Plan": {
            "Node Type": "Aggregate",
            "Strategy": "Plain",
            "Partial Mode": "Finalize",
            "Parallel Aware": false,
            "Startup Cost": 347646.53,
            "Total Cost": 347646.54,
            "Plan Rows": 1,
            "Plan Width": 8,
            "Actual Startup Time": 740.241,
            "Actual Total Time": 769.107,
            "Actual Rows": 1,
            "Actual Loops": 1,
            "Output": [
                "count(*)"
            ],
            "Plans": [
                {
                    "Node Type": "Gather",
                    "Parent Relationship": "Outer",
                    "Parallel Aware": false,
                    "Startup Cost": 347645.9,
                    "Total Cost": 347646.51,
                    "Plan Rows": 6,
                    "Plan Width": 8,
                    "Actual Startup Time": 740.13,
                    "Actual Total Time": 769.099,
                    "Actual Rows": 7,
                    "Actual Loops": 1,
                    "Output": [
                        "(PARTIAL count(*))"
                    ],
                    "Workers Planned": 6,
                    "Workers Launched": 6,
                    "Single Copy": false,
                    "Plans": [
                        {
                            "Node Type": "Aggregate",
                            "Strategy": "Plain",
                            "Partial Mode": "Partial",
                            "Parent Relationship": "Outer",
                            "Parallel Aware": false,
                            "Startup Cost": 346645.9,
                            "Total Cost": 346645.91,
                            "Plan Rows": 1,
                            "Plan Width": 8,
                            "Actual Startup Time": 730.716,
                            "Actual Total Time": 730.718,
                            "Actual Rows": 1,
                            "Actual Loops": 7,
                            "Output": [
                                "PARTIAL count(*)"
                            ],
                            "Workers": [
                                {
                                    "Worker Number": 0,
                                    "Actual Startup Time": 728.463,
                                    "Actual Total Time": 728.465,
                                    "Actual Rows": 1,
                                    "Actual Loops": 1
                                },
                                {
                                    "Worker Number": 1,
                                    "Actual Startup Time": 728.79,
                                    "Actual Total Time": 728.791,
                                    "Actual Rows": 1,
                                    "Actual Loops": 1
                                },
                                {
                                    "Worker Number": 2,
                                    "Actual Startup Time": 729.019,
                                    "Actual Total Time": 729.021,
                                    "Actual Rows": 1,
                                    "Actual Loops": 1
                                },
                                {
                                    "Worker Number": 3,
                                    "Actual Startup Time": 729.293,
                                    "Actual Total Time": 729.294,
                                    "Actual Rows": 1,
                                    "Actual Loops": 1
                                },
                                {
                                    "Worker Number": 4,
                                    "Actual Startup Time": 729.741,
                                    "Actual Total Time": 729.742,
                                    "Actual Rows": 1,
                                    "Actual Loops": 1
                                },
                                {
                                    "Worker Number": 5,
                                    "Actual Startup Time": 729.936,
                                    "Actual Total Time": 729.937,
                                    "Actual Rows": 1,
                                    "Actual Loops": 1
                                }
                            ],
                            "Plans": [
                                {
                                    "Node Type": "Seq Scan",
                                    "Parent Relationship": "Outer",
                                    "Parallel Aware": true,
                                    "Relation Name": "cast_info",
                                    "Schema": "public",
                                    "Alias": "ci",
                                    "Startup Cost": 0.0,
                                    "Total Cost": 343318.94,
                                    "Plan Rows": 1330785,
                                    "Plan Width": 0,
                                    "Actual Startup Time": 295.895,
                                    "Actual Total Time": 643.635,
                                    "Actual Rows": 1787000,
                                    "Actual Loops": 7,
                                    "Output": [
                                        "id",
                                        "person_id",
                                        "movie_id",
                                        "person_role_id",
                                        "note",
                                        "nr_order",
                                        "role_id"
                                    ],
                                    "Filter": "((ci.person_id > 2432289) AND (ci.role_id > 1))",
                                    "Rows Removed by Filter": 3390764,
                                    "Workers": [
                                        {
                                            "Worker Number": 0,
                                            "Actual Startup Time": 293.64,
                                            "Actual Total Time": 641.656,
                                            "Actual Rows": 1303139,
                                            "Actual Loops": 1
                                        },
                                        {
                                            "Worker Number": 1,
                                            "Actual Startup Time": 293.968,
                                            "Actual Total Time": 642.16,
                                            "Actual Rows": 1299640,
                                            "Actual Loops": 1
                                        },
                                        {
                                            "Worker Number": 2,
                                            "Actual Startup Time": 294.219,
                                            "Actual Total Time": 641.918,
                                            "Actual Rows": 1307281,
                                            "Actual Loops": 1
                                        },
                                        {
                                            "Worker Number": 3,
                                            "Actual Startup Time": 294.46,
                                            "Actual Total Time": 644.367,
                                            "Actual Rows": 2044874,
                                            "Actual Loops": 1
                                        },
                                        {
                                            "Worker Number": 4,
                                            "Actual Startup Time": 294.92,
                                            "Actual Total Time": 645.971,
                                            "Actual Rows": 2031737,
                                            "Actual Loops": 1
                                        },
                                        {
                                            "Worker Number": 5,
                                            "Actual Startup Time": 295.108,
                                            "Actual Total Time": 646.073,
                                            "Actual Rows": 2036373,
                                            "Actual Loops": 1
                                        }
                                    ]
                                }
                            ]
                        }
                    ]
                }
            ]
        },
        "Planning Time": 186.992,
        "Triggers": [],
        "Execution Time": 769.163
    }
]