[
    {
        "Bao": {
            "Bao prediction": "NaN",
            "Bao recommended hint": "(no hint)"
        }
    },
    {
        "Plan": {
            "Node Type": "Aggregate",
            "Strategy": "Plain",
            "Partial Mode": "Finalize",
            "Parallel Aware": false,
            "Startup Cost": 120791.79,
            "Total Cost": 120791.8,
            "Plan Rows": 1,
            "Plan Width": 8,
            "Actual Startup Time": 69.746,
            "Actual Total Time": 79.585,
            "Actual Rows": 1,
            "Actual Loops": 1,
            "Output": [
                "count(*)"
            ],
            "Plans": [
                {
                    "Node Type": "Gather",
                    "Parent Relationship": "Outer",
                    "Parallel Aware": false,
                    "Startup Cost": 120791.37,
                    "Total Cost": 120791.78,
                    "Plan Rows": 4,
                    "Plan Width": 8,
                    "Actual Startup Time": 69.35,
                    "Actual Total Time": 79.578,
                    "Actual Rows": 5,
                    "Actual Loops": 1,
                    "Output": [
                        "(PARTIAL count(*))"
                    ],
                    "Workers Planned": 4,
                    "Workers Launched": 4,
                    "Single Copy": false,
                    "Plans": [
                        {
                            "Node Type": "Aggregate",
                            "Strategy": "Plain",
                            "Partial Mode": "Partial",
                            "Parent Relationship": "Outer",
                            "Parallel Aware": false,
                            "Startup Cost": 119791.37,
                            "Total Cost": 119791.38,
                            "Plan Rows": 1,
                            "Plan Width": 8,
                            "Actual Startup Time": 59.327,
                            "Actual Total Time": 59.329,
                            "Actual Rows": 1,
                            "Actual Loops": 5,
                            "Output": [
                                "PARTIAL count(*)"
                            ],
                            "Workers": [
                                {
                                    "Worker Number": 0,
                                    "Actual Startup Time": 56.508,
                                    "Actual Total Time": 56.51,
                                    "Actual Rows": 1,
                                    "Actual Loops": 1
                                },
                                {
                                    "Worker Number": 1,
                                    "Actual Startup Time": 56.62,
                                    "Actual Total Time": 56.622,
                                    "Actual Rows": 1,
                                    "Actual Loops": 1
                                },
                                {
                                    "Worker Number": 2,
                                    "Actual Startup Time": 57.217,
                                    "Actual Total Time": 57.219,
                                    "Actual Rows": 1,
                                    "Actual Loops": 1
                                },
                                {
                                    "Worker Number": 3,
                                    "Actual Startup Time": 57.735,
                                    "Actual Total Time": 57.736,
                                    "Actual Rows": 1,
                                    "Actual Loops": 1
                                }
                            ],
                            "Plans": [
                                {
                                    "Node Type": "Nested Loop",
                                    "Parent Relationship": "Outer",
                                    "Parallel Aware": false,
                                    "Join Type": "Inner",
                                    "Startup Cost": 2107.78,
                                    "Total Cost": 119784.64,
                                    "Plan Rows": 2692,
                                    "Plan Width": 0,
                                    "Actual Startup Time": 5.259,
                                    "Actual Total Time": 59.059,
                                    "Actual Rows": 2438,
                                    "Actual Loops": 5,
                                    "Inner Unique": false,
                                    "Workers": [
                                        {
                                            "Worker Number": 0,
                                            "Actual Startup Time": 1.842,
                                            "Actual Total Time": 56.26,
                                            "Actual Rows": 1550,
                                            "Actual Loops": 1
                                        },
                                        {
                                            "Worker Number": 1,
                                            "Actual Startup Time": 2.777,
                                            "Actual Total Time": 56.37,
                                            "Actual Rows": 1082,
                                            "Actual Loops": 1
                                        },
                                        {
                                            "Worker Number": 2,
                                            "Actual Startup Time": 3.593,
                                            "Actual Total Time": 56.98,
                                            "Actual Rows": 1460,
                                            "Actual Loops": 1
                                        },
                                        {
                                            "Worker Number": 3,
                                            "Actual Startup Time": 4.716,
                                            "Actual Total Time": 57.506,
                                            "Actual Rows": 1294,
                                            "Actual Loops": 1
                                        }
                                    ],
                                    "Plans": [
                                        {
                                            "Node Type": "Bitmap Heap Scan",
                                            "Parent Relationship": "Outer",
                                            "Parallel Aware": true,
                                            "Relation Name": "title",
                                            "Schema": "public",
                                            "Alias": "t",
                                            "Startup Cost": 2107.21,
                                            "Total Cost": 38548.3,
                                            "Plan Rows": 606,
                                            "Plan Width": 4,
                                            "Actual Startup Time": 4.735,
                                            "Actual Total Time": 20.2,
                                            "Actual Rows": 762,
                                            "Actual Loops": 5,
                                            "Output": [
                                                "t.id",
                                                "t.title",
                                                "t.imdb_index",
                                                "t.kind_id",
                                                "t.production_year",
                                                "t.imdb_id",
                                                "t.phonetic_code",
                                                "t.episode_of_id",
                                                "t.season_nr",
                                                "t.episode_nr",
                                                "t.series_years",
                                                "t.md5sum"
                                            ],
                                            "Recheck Cond": "(t.kind_id = 4)",
                                            "Rows Removed by Index Recheck": 0,
                                            "Filter": "(t.production_year = 2000)",
                                            "Rows Removed by Filter": 22885,
                                            "Exact Heap Blocks": 7173,
                                            "Lossy Heap Blocks": 0,
                                            "Workers": [
                                                {
                                                    "Worker Number": 0,
                                                    "Actual Startup Time": 1.618,
                                                    "Actual Total Time": 14.928,
                                                    "Actual Rows": 466,
                                                    "Actual Loops": 1
                                                },
                                                {
                                                    "Worker Number": 1,
                                                    "Actual Startup Time": 2.516,
                                                    "Actual Total Time": 16.539,
                                                    "Actual Rows": 336,
                                                    "Actual Loops": 1
                                                },
                                                {
                                                    "Worker Number": 2,
                                                    "Actual Startup Time": 2.789,
                                                    "Actual Total Time": 16.098,
                                                    "Actual Rows": 455,
                                                    "Actual Loops": 1
                                                },
                                                {
                                                    "Worker Number": 3,
                                                    "Actual Startup Time": 3.413,
                                                    "Actual Total Time": 17.723,
                                                    "Actual Rows": 403,
                                                    "Actual Loops": 1
                                                }
                                            ],
                                            "Plans": [
                                                {
                                                    "Node Type": "Bitmap Index Scan",
                                                    "Parent Relationship": "Outer",
                                                    "Parallel Aware": false,
                                                    "Index Name": "kind_id_title",
                                                    "Startup Cost": 0.0,
                                                    "Total Cost": 2106.61,
                                                    "Plan Rows": 118157,
                                                    "Plan Width": 0,
                                                    "Actual Startup Time": 10.861,
                                                    "Actual Total Time": 10.861,
                                                    "Actual Rows": 118234,
                                                    "Actual Loops": 1,
                                                    "Index Cond": "(t.kind_id = 4)"
                                                }
                                            ]
                                        },
                                        {
                                            "Node Type": "Index Scan",
                                            "Parent Relationship": "Inner",
                                            "Parallel Aware": false,
                                            "Scan Direction": "Forward",
                                            "Index Name": "movie_id_cast_info",
                                            "Relation Name": "cast_info",
                                            "Schema": "public",
                                            "Alias": "ci",
                                            "Startup Cost": 0.56,
                                            "Total Cost": 133.93,
                                            "Plan Rows": 12,
                                            "Plan Width": 4,
                                            "Actual Startup Time": 0.022,
                                            "Actual Total Time": 0.05,
                                            "Actual Rows": 3,
                                            "Actual Loops": 3811,
                                            "Output": [
                                                "ci.id",
                                                "ci.person_id",
                                                "ci.movie_id",
                                                "ci.person_role_id",
                                                "ci.note",
                                                "ci.nr_order",
                                                "ci.role_id"
                                            ],
                                            "Index Cond": "(ci.movie_id = t.id)",
                                            "Rows Removed by Index Recheck": 0,
                                            "Filter": "((ci.person_id > 427492) AND (ci.role_id = 1))",
                                            "Rows Removed by Filter": 8,
                                            "Workers": [
                                                {
                                                    "Worker Number": 0,
                                                    "Actual Startup Time": 0.038,
                                                    "Actual Total Time": 0.087,
                                                    "Actual Rows": 3,
                                                    "Actual Loops": 466
                                                },
                                                {
                                                    "Worker Number": 1,
                                                    "Actual Startup Time": 0.051,
                                                    "Actual Total Time": 0.117,
                                                    "Actual Rows": 3,
                                                    "Actual Loops": 336
                                                },
                                                {
                                                    "Worker Number": 2,
                                                    "Actual Startup Time": 0.04,
                                                    "Actual Total Time": 0.089,
                                                    "Actual Rows": 3,
                                                    "Actual Loops": 455
                                                },
                                                {
                                                    "Worker Number": 3,
                                                    "Actual Startup Time": 0.042,
                                                    "Actual Total Time": 0.097,
                                                    "Actual Rows": 3,
                                                    "Actual Loops": 403
                                                }
                                            ]
                                        }
                                    ]
                                }
                            ]
                        }
                    ]
                }
            ]
        },
        "Planning Time": 178.189,
        "Triggers": [],
        "Execution Time": 79.71
    }
]