{
  "Plan": {
    "Node Type": "Aggregate",
    "Strategy": "Plain",
    "Partial Mode": "Finalize",
    "Parallel Aware": false,
    "Startup Cost": 74958.27,
    "Total Cost": 74958.28,
    "Plan Rows": 1,
    "Plan Width": 8,
    "Actual Startup Time": 147.533,
    "Actual Total Time": 158.183,
    "Actual Rows": 1,
    "Actual Loops": 1,
    "Plans": [
      {
        "Node Type": "Gather",
        "Parent Relationship": "Outer",
        "Parallel Aware": false,
        "Startup Cost": 74958.15,
        "Total Cost": 74958.26,
        "Plan Rows": 1,
        "Plan Width": 8,
        "Actual Startup Time": 147.354,
        "Actual Total Time": 158.178,
        "Actual Rows": 2,
        "Actual Loops": 1,
        "Workers Planned": 1,
        "Workers Launched": 1,
        "Single Copy": false,
        "Plans": [
          {
            "Node Type": "Aggregate",
            "Strategy": "Plain",
            "Partial Mode": "Partial",
            "Parent Relationship": "Outer",
            "Parallel Aware": false,
            "Startup Cost": 73958.15,
            "Total Cost": 73958.16,
            "Plan Rows": 1,
            "Plan Width": 8,
            "Actual Startup Time": 143.711,
            "Actual Total Time": 143.713,
            "Actual Rows": 1,
            "Actual Loops": 2,
            "Plans": [
              {
                "Node Type": "Nested Loop",
                "Parent Relationship": "Outer",
                "Parallel Aware": false,
                "Join Type": "Inner",
                "Startup Cost": 13440.22,
                "Total Cost": 73949.43,
                "Plan Rows": 3491,
                "Plan Width": 0,
                "Actual Startup Time": 49.288,
                "Actual Total Time": 143.346,
                "Actual Rows": 6765,
                "Actual Loops": 2,
                "Inner Unique": false,
                "Plans": [
                  {
                    "Node Type": "Bitmap Heap Scan",
                    "Parent Relationship": "Outer",
                    "Parallel Aware": true,
                    "Relation Name": "title",
                    "Alias": "t",
                    "Startup Cost": 13439.79,
                    "Total Cost": 56090.17,
                    "Plan Rows": 1951,
                    "Plan Width": 4,
                    "Actual Startup Time": 49.139,
                    "Actual Total Time": 126.486,
                    "Actual Rows": 1858,
                    "Actual Loops": 2,
                    "Recheck Cond": "(kind_id < 3)",
                    "Rows Removed by Index Recheck": 0,
                    "Filter": "(production_year = 1961)",
                    "Rows Removed by Filter": 374981,
                    "Exact Heap Blocks": 28272,
                    "Lossy Heap Blocks": 0,
                    "Plans": [
                      {
                        "Node Type": "Bitmap Index Scan",
                        "Parent Relationship": "Outer",
                        "Parallel Aware": false,
                        "Index Name": "kind_id_title",
                        "Startup Cost": 0.0,
                        "Total Cost": 13438.96,
                        "Plan Rows": 753937,
                        "Plan Width": 0,
                        "Actual Startup Time": 43.466,
                        "Actual Total Time": 43.467,
                        "Actual Rows": 753677,
                        "Actual Loops": 1,
                        "Index Cond": "(kind_id < 3)"
                      }
                    ]
                  },
                  {
                    "Node Type": "Index Only Scan",
                    "Parent Relationship": "Inner",
                    "Parallel Aware": false,
                    "Scan Direction": "Forward",
                    "Index Name": "movie_id_movie_keyword",
                    "Relation Name": "movie_keyword",
                    "Alias": "mk",
                    "Startup Cost": 0.43,
                    "Total Cost": 8.7,
                    "Plan Rows": 45,
                    "Plan Width": 4,
                    "Actual Startup Time": 0.008,
                    "Actual Total Time": 0.008,
                    "Actual Rows": 4,
                    "Actual Loops": 3715,
                    "Index Cond": "(movie_id = t.id)",
                    "Rows Removed by Index Recheck": 0,
                    "Heap Fetches": 13530
                  }
                ]
              }
            ]
          }
        ]
      }
    ]
  },
  "Planning Time": 0.281,
  "Triggers": [],
  "Execution Time": 158.247
}