[
  {
    "Plan": {
      "Node Type": "Aggregate",
      "Strategy": "Plain",
      "Partial Mode": "Finalize",
      "Parallel Aware": false,
      "Startup Cost": 83603.11,
      "Total Cost": 83603.12,
      "Plan Rows": 1,
      "Plan Width": 8,
      "Actual Startup Time": 147.643,
      "Actual Total Time": 166.857,
      "Actual Rows": 1,
      "Actual Loops": 1,
      "Plans": [
        {
          "Node Type": "Gather",
          "Parent Relationship": "Outer",
          "Parallel Aware": false,
          "Startup Cost": 83602.69,
          "Total Cost": 83603.1,
          "Plan Rows": 4,
          "Plan Width": 8,
          "Actual Startup Time": 147.491,
          "Actual Total Time": 166.848,
          "Actual Rows": 5,
          "Actual Loops": 1,
          "Workers Planned": 4,
          "Workers Launched": 4,
          "Single Copy": false,
          "Plans": [
            {
              "Node Type": "Aggregate",
              "Strategy": "Plain",
              "Partial Mode": "Partial",
              "Parent Relationship": "Outer",
              "Parallel Aware": false,
              "Startup Cost": 82602.69,
              "Total Cost": 82602.7,
              "Plan Rows": 1,
              "Plan Width": 8,
              "Actual Startup Time": 142.821,
              "Actual Total Time": 142.823,
              "Actual Rows": 1,
              "Actual Loops": 5,
              "Plans": [
                {
                  "Node Type": "Nested Loop",
                  "Parent Relationship": "Outer",
                  "Parallel Aware": false,
                  "Join Type": "Inner",
                  "Startup Cost": 0.43,
                  "Total Cost": 82579.67,
                  "Plan Rows": 9210,
                  "Plan Width": 0,
                  "Actual Startup Time": 54.119,
                  "Actual Total Time": 142.264,
                  "Actual Rows": 7472,
                  "Actual Loops": 5,
                  "Inner Unique": false,
                  "Plans": [
                    {
                      "Node Type": "Seq Scan",
                      "Parent Relationship": "Outer",
                      "Parallel Aware": true,
                      "Relation Name": "title",
                      "Alias": "t",
                      "Startup Cost": 0.0,
                      "Total Cost": 45479.59,
                      "Plan Rows": 5148,
                      "Plan Width": 4,
                      "Actual Startup Time": 52.589,
                      "Actual Total Time": 81.647,
                      "Actual Rows": 16329,
                      "Actual Loops": 5,
                      "Filter": "((production_year < 1919) AND (kind_id = 1))",
                      "Rows Removed by Filter": 489333
                    },
                    {
                      "Node Type": "Index Only Scan",
                      "Parent Relationship": "Inner",
                      "Parallel Aware": false,
                      "Scan Direction": "Forward",
                      "Index Name": "movie_id_movie_keyword",
                      "Relation Name": "movie_keyword",
                      "Alias": "mk",
                      "Startup Cost": 0.43,
                      "Total Cost": 6.75,
                      "Plan Rows": 46,
                      "Plan Width": 4,
                      "Actual Startup Time": 0.003,
                      "Actual Total Time": 0.003,
                      "Actual Rows": 0,
                      "Actual Loops": 81645,
                      "Index Cond": "(movie_id = t.id)",
                      "Rows Removed by Index Recheck": 0,
                      "Heap Fetches": 37359
                    }
                  ]
                }
              ]
            }
          ]
        }
      ]
    },
    "Planning Time": 0.584,
    "Triggers": [],
    "Execution Time": 166.929
  }
]