{
  "Plan": {
    "Node Type": "Aggregate",
    "Strategy": "Plain",
    "Partial Mode": "Finalize",
    "Parallel Aware": false,
    "Startup Cost": 70070.0,
    "Total Cost": 70070.01,
    "Plan Rows": 1,
    "Plan Width": 8,
    "Actual Startup Time": 48.828,
    "Actual Total Time": 56.57,
    "Actual Rows": 1,
    "Actual Loops": 1,
    "Plans": [
      {
        "Node Type": "Gather",
        "Parent Relationship": "Outer",
        "Parallel Aware": false,
        "Startup Cost": 70069.88,
        "Total Cost": 70069.99,
        "Plan Rows": 1,
        "Plan Width": 8,
        "Actual Startup Time": 48.702,
        "Actual Total Time": 56.564,
        "Actual Rows": 2,
        "Actual Loops": 1,
        "Workers Planned": 1,
        "Workers Launched": 1,
        "Single Copy": false,
        "Plans": [
          {
            "Node Type": "Aggregate",
            "Strategy": "Plain",
            "Partial Mode": "Partial",
            "Parent Relationship": "Outer",
            "Parallel Aware": false,
            "Startup Cost": 69069.88,
            "Total Cost": 69069.89,
            "Plan Rows": 1,
            "Plan Width": 8,
            "Actual Startup Time": 42.298,
            "Actual Total Time": 42.3,
            "Actual Rows": 1,
            "Actual Loops": 2,
            "Plans": [
              {
                "Node Type": "Nested Loop",
                "Parent Relationship": "Outer",
                "Parallel Aware": false,
                "Join Type": "Inner",
                "Startup Cost": 258.92,
                "Total Cost": 69062.95,
                "Plan Rows": 2773,
                "Plan Width": 0,
                "Actual Startup Time": 4.153,
                "Actual Total Time": 42.218,
                "Actual Rows": 495,
                "Actual Loops": 2,
                "Inner Unique": false,
                "Plans": [
                  {
                    "Node Type": "Nested Loop",
                    "Parent Relationship": "Outer",
                    "Parallel Aware": false,
                    "Join Type": "Inner",
                    "Startup Cost": 258.36,
                    "Total Cost": 65294.47,
                    "Plan Rows": 194,
                    "Plan Width": 8,
                    "Actual Startup Time": 4.02,
                    "Actual Total Time": 38.914,
                    "Actual Rows": 32,
                    "Actual Loops": 2,
                    "Inner Unique": true,
                    "Plans": [
                      {
                        "Node Type": "Bitmap Heap Scan",
                        "Parent Relationship": "Outer",
                        "Parallel Aware": true,
                        "Relation Name": "movie_keyword",
                        "Alias": "mk",
                        "Startup Cost": 257.93,
                        "Total Cost": 20793.42,
                        "Plan Rows": 7096,
                        "Plan Width": 4,
                        "Actual Startup Time": 3.52,
                        "Actual Total Time": 11.608,
                        "Actual Rows": 4284,
                        "Actual Loops": 2,
                        "Recheck Cond": "(keyword_id = 3636)",
                        "Rows Removed by Index Recheck": 0,
                        "Exact Heap Blocks": 3262,
                        "Lossy Heap Blocks": 0,
                        "Plans": [
                          {
                            "Node Type": "Bitmap Index Scan",
                            "Parent Relationship": "Outer",
                            "Parallel Aware": false,
                            "Index Name": "keyword_id_movie_keyword",
                            "Startup Cost": 0.0,
                            "Total Cost": 254.91,
                            "Plan Rows": 12064,
                            "Plan Width": 0,
                            "Actual Startup Time": 4.845,
                            "Actual Total Time": 4.845,
                            "Actual Rows": 8567,
                            "Actual Loops": 1,
                            "Index Cond": "(keyword_id = 3636)"
                          }
                        ]
                      },
                      {
                        "Node Type": "Index Scan",
                        "Parent Relationship": "Inner",
                        "Parallel Aware": false,
                        "Scan Direction": "Forward",
                        "Index Name": "title_pkey",
                        "Relation Name": "title",
                        "Alias": "t",
                        "Startup Cost": 0.43,
                        "Total Cost": 6.27,
                        "Plan Rows": 1,
                        "Plan Width": 4,
                        "Actual Startup Time": 0.006,
                        "Actual Total Time": 0.006,
                        "Actual Rows": 0,
                        "Actual Loops": 8567,
                        "Index Cond": "(id = mk.movie_id)",
                        "Rows Removed by Index Recheck": 0,
                        "Filter": "(production_year > 2012)",
                        "Rows Removed by Filter": 1
                      }
                    ]
                  },
                  {
                    "Node Type": "Index Only Scan",
                    "Parent Relationship": "Inner",
                    "Parallel Aware": false,
                    "Scan Direction": "Forward",
                    "Index Name": "movie_id_cast_info",
                    "Relation Name": "cast_info",
                    "Alias": "ci",
                    "Startup Cost": 0.56,
                    "Total Cost": 19.06,
                    "Plan Rows": 37,
                    "Plan Width": 4,
                    "Actual Startup Time": 0.024,
                    "Actual Total Time": 0.101,
                    "Actual Rows": 16,
                    "Actual Loops": 63,
                    "Index Cond": "(movie_id = t.id)",
                    "Rows Removed by Index Recheck": 0,
                    "Heap Fetches": 990
                  }
                ]
              }
            ]
          }
        ]
      }
    ]
  },
  "Planning Time": 0.923,
  "Triggers": [],
  "Execution Time": 56.665
}