{
  "Plan": {
    "Node Type": "Aggregate",
    "Strategy": "Plain",
    "Partial Mode": "Finalize",
    "Parallel Aware": false,
    "Startup Cost": 122234.49,
    "Total Cost": 122234.5,
    "Plan Rows": 1,
    "Plan Width": 8,
    "Actual Startup Time": 601.128,
    "Actual Total Time": 619.061,
    "Actual Rows": 1,
    "Actual Loops": 1,
    "Plans": [
      {
        "Node Type": "Gather",
        "Parent Relationship": "Outer",
        "Parallel Aware": false,
        "Startup Cost": 122234.38,
        "Total Cost": 122234.49,
        "Plan Rows": 1,
        "Plan Width": 8,
        "Actual Startup Time": 599.588,
        "Actual Total Time": 619.054,
        "Actual Rows": 2,
        "Actual Loops": 1,
        "Workers Planned": 1,
        "Workers Launched": 1,
        "Single Copy": false,
        "Plans": [
          {
            "Node Type": "Aggregate",
            "Strategy": "Plain",
            "Partial Mode": "Partial",
            "Parent Relationship": "Outer",
            "Parallel Aware": false,
            "Startup Cost": 121234.38,
            "Total Cost": 121234.39,
            "Plan Rows": 1,
            "Plan Width": 8,
            "Actual Startup Time": 593.514,
            "Actual Total Time": 593.518,
            "Actual Rows": 1,
            "Actual Loops": 2,
            "Plans": [
              {
                "Node Type": "Hash Join",
                "Parent Relationship": "Outer",
                "Parallel Aware": true,
                "Join Type": "Inner",
                "Startup Cost": 59266.83,
                "Total Cost": 120412.82,
                "Plan Rows": 328622,
                "Plan Width": 0,
                "Actual Startup Time": 258.149,
                "Actual Total Time": 578.174,
                "Actual Rows": 400714,
                "Actual Loops": 2,
                "Inner Unique": true,
                "Hash Cond": "(mk.movie_id = t.id)",
                "Plans": [
                  {
                    "Node Type": "Seq Scan",
                    "Parent Relationship": "Outer",
                    "Parallel Aware": true,
                    "Relation Name": "movie_keyword",
                    "Alias": "mk",
                    "Startup Cost": 0.0,
                    "Total Cost": 57718.19,
                    "Plan Rows": 1305825,
                    "Plan Width": 4,
                    "Actual Startup Time": 0.461,
                    "Actual Total Time": 185.509,
                    "Actual Rows": 1106342,
                    "Actual Loops": 2,
                    "Filter": "(keyword_id > 4964)",
                    "Rows Removed by Filter": 1155624
                  },
                  {
                    "Node Type": "Hash",
                    "Parent Relationship": "Inner",
                    "Parallel Aware": true,
                    "Startup Cost": 54588.39,
                    "Total Cost": 54588.39,
                    "Plan Rows": 374275,
                    "Plan Width": 4,
                    "Actual Startup Time": 247.763,
                    "Actual Total Time": 247.764,
                    "Actual Rows": 321486,
                    "Actual Loops": 2,
                    "Hash Buckets": 1048576,
                    "Original Hash Buckets": 1048576,
                    "Hash Batches": 1,
                    "Original Hash Batches": 1,
                    "Peak Memory Usage": 33376,
                    "Plans": [
                      {
                        "Node Type": "Seq Scan",
                        "Parent Relationship": "Outer",
                        "Parallel Aware": true,
                        "Relation Name": "title",
                        "Alias": "t",
                        "Startup Cost": 0.0,
                        "Total Cost": 54588.39,
                        "Plan Rows": 374275,
                        "Plan Width": 4,
                        "Actual Startup Time": 0.055,
                        "Actual Total Time": 156.376,
                        "Actual Rows": 321486,
                        "Actual Loops": 2,
                        "Filter": "(production_year < 1988)",
                        "Rows Removed by Filter": 942670
                      }
                    ]
                  }
                ]
              }
            ]
          }
        ]
      }
    ]
  },
  "Planning Time": 0.464,
  "Triggers": [],
  "Execution Time": 619.135
}