[
  {
    "Plan": {
      "Node Type": "Aggregate",
      "Strategy": "Plain",
      "Partial Mode": "Finalize",
      "Parallel Aware": false,
      "Startup Cost": 80284.28,
      "Total Cost": 80284.29,
      "Plan Rows": 1,
      "Plan Width": 8,
      "Actual Startup Time": 274.058,
      "Actual Total Time": 288.144,
      "Actual Rows": 1,
      "Actual Loops": 1,
      "Plans": [
        {
          "Node Type": "Gather",
          "Parent Relationship": "Outer",
          "Parallel Aware": false,
          "Startup Cost": 80283.96,
          "Total Cost": 80284.27,
          "Plan Rows": 3,
          "Plan Width": 8,
          "Actual Startup Time": 270.623,
          "Actual Total Time": 288.133,
          "Actual Rows": 4,
          "Actual Loops": 1,
          "Workers Planned": 3,
          "Workers Launched": 3,
          "Single Copy": false,
          "Plans": [
            {
              "Node Type": "Aggregate",
              "Strategy": "Plain",
              "Partial Mode": "Partial",
              "Parent Relationship": "Outer",
              "Parallel Aware": false,
              "Startup Cost": 79283.96,
              "Total Cost": 79283.97,
              "Plan Rows": 1,
              "Plan Width": 8,
              "Actual Startup Time": 262.503,
              "Actual Total Time": 262.507,
              "Actual Rows": 1,
              "Actual Loops": 4,
              "Plans": [
                {
                  "Node Type": "Hash Join",
                  "Parent Relationship": "Outer",
                  "Parallel Aware": true,
                  "Join Type": "Inner",
                  "Startup Cost": 47165.01,
                  "Total Cost": 79165.07,
                  "Plan Rows": 47557,
                  "Plan Width": 0,
                  "Actual Startup Time": 179.967,
                  "Actual Total Time": 258.54,
                  "Actual Rows": 99134,
                  "Actual Loops": 4,
                  "Inner Unique": true,
                  "Hash Cond": "(mc.movie_id = t.id)",
                  "Plans": [
                    {
                      "Node Type": "Seq Scan",
                      "Parent Relationship": "Outer",
                      "Parallel Aware": true,
                      "Relation Name": "movie_companies",
                      "Alias": "mc",
                      "Startup Cost": 0.0,
                      "Total Cost": 31414.82,
                      "Plan Rows": 222949,
                      "Plan Width": 4,
                      "Actual Startup Time": 0.032,
                      "Actual Total Time": 63.672,
                      "Actual Rows": 241883,
                      "Actual Loops": 4,
                      "Filter": "((company_id < 12539) AND (company_type_id = 1))",
                      "Rows Removed by Filter": 410400
                    },
                    {
                      "Node Type": "Hash",
                      "Parent Relationship": "Inner",
                      "Parallel Aware": true,
                      "Startup Cost": 45479.59,
                      "Total Cost": 45479.59,
                      "Plan Rows": 134834,
                      "Plan Width": 4,
                      "Actual Startup Time": 146.384,
                      "Actual Total Time": 146.385,
                      "Actual Rows": 139330,
                      "Actual Loops": 4,
                      "Hash Buckets": 1048576,
                      "Original Hash Buckets": 1048576,
                      "Hash Batches": 1,
                      "Original Hash Batches": 1,
                      "Peak Memory Usage": 30080,
                      "Plans": [
                        {
                          "Node Type": "Seq Scan",
                          "Parent Relationship": "Outer",
                          "Parallel Aware": true,
                          "Relation Name": "title",
                          "Alias": "t",
                          "Startup Cost": 0.0,
                          "Total Cost": 45479.59,
                          "Plan Rows": 134834,
                          "Plan Width": 4,
                          "Actual Startup Time": 58.753,
                          "Actual Total Time": 100.866,
                          "Actual Rows": 139330,
                          "Actual Loops": 4,
                          "Filter": "((production_year < 2011) AND (kind_id = 1))",
                          "Rows Removed by Filter": 492748
                        }
                      ]
                    }
                  ]
                }
              ]
            }
          ]
        }
      ]
    },
    "Planning Time": 0.704,
    "Triggers": [],
    "Execution Time": 288.216
  }
]