[
  {
    "Plan": {
      "Node Type": "Aggregate",
      "Strategy": "Plain",
      "Partial Mode": "Finalize",
      "Parallel Aware": false,
      "Startup Cost": 332312.69,
      "Total Cost": 332312.7,
      "Plan Rows": 1,
      "Plan Width": 8,
      "Actual Startup Time": 601.103,
      "Actual Total Time": 657.708,
      "Actual Rows": 1,
      "Actual Loops": 1,
      "Plans": [
        {
          "Node Type": "Gather",
          "Parent Relationship": "Outer",
          "Parallel Aware": false,
          "Startup Cost": 332312.06,
          "Total Cost": 332312.67,
          "Plan Rows": 6,
          "Plan Width": 8,
          "Actual Startup Time": 600.976,
          "Actual Total Time": 657.698,
          "Actual Rows": 7,
          "Actual Loops": 1,
          "Workers Planned": 6,
          "Workers Launched": 6,
          "Single Copy": false,
          "Plans": [
            {
              "Node Type": "Aggregate",
              "Strategy": "Plain",
              "Partial Mode": "Partial",
              "Parent Relationship": "Outer",
              "Parallel Aware": false,
              "Startup Cost": 331312.06,
              "Total Cost": 331312.07,
              "Plan Rows": 1,
              "Plan Width": 8,
              "Actual Startup Time": 592.75,
              "Actual Total Time": 592.752,
              "Actual Rows": 1,
              "Actual Loops": 7,
              "Plans": [
                {
                  "Node Type": "Seq Scan",
                  "Parent Relationship": "Outer",
                  "Parallel Aware": true,
                  "Relation Name": "cast_info",
                  "Alias": "ci",
                  "Startup Cost": 0.0,
                  "Total Cost": 328162.03,
                  "Plan Rows": 1260015,
                  "Plan Width": 0,
                  "Actual Startup Time": 0.046,
                  "Actual Total Time": 542.28,
                  "Actual Rows": 1106702,
                  "Actual Loops": 7,
                  "Filter": "(person_id < 753620)",
                  "Rows Removed by Filter": 4071062
                }
              ]
            }
          ]
        }
      ]
    },
    "Planning Time": 0.198,
    "Triggers": [],
    "Execution Time": 657.784
  }
]