{
  "Plan": {
    "Node Type": "Aggregate",
    "Strategy": "Plain",
    "Partial Mode": "Simple",
    "Parallel Aware": false,
    "Startup Cost": 889970.82,
    "Total Cost": 889970.83,
    "Plan Rows": 1,
    "Plan Width": 96,
    "Actual Startup Time": 22959.908,
    "Actual Total Time": 22960.05,
    "Actual Rows": 1,
    "Actual Loops": 1,
    "Plans": [
      {
        "Node Type": "Nested Loop",
        "Parent Relationship": "Outer",
        "Parallel Aware": false,
        "Join Type": "Inner",
        "Startup Cost": 802799.86,
        "Total Cost": 889970.82,
        "Plan Rows": 1,
        "Plan Width": 42,
        "Actual Startup Time": 5006.013,
        "Actual Total Time": 22943.903,
        "Actual Rows": 119406,
        "Actual Loops": 1,
        "Inner Unique": true,
        "Plans": [
          {
            "Node Type": "Hash Join",
            "Parent Relationship": "Outer",
            "Parallel Aware": false,
            "Join Type": "Inner",
            "Startup Cost": 802799.44,
            "Total Cost": 889459.12,
            "Plan Rows": 1153,
            "Plan Width": 46,
            "Actual Startup Time": 4998.062,
            "Actual Total Time": 7088.292,
            "Actual Rows": 12643408,
            "Actual Loops": 1,
            "Inner Unique": false,
            "Hash Cond": "(mk.movie_id = t.id)",
            "Plans": [
              {
                "Node Type": "Seq Scan",
                "Parent Relationship": "Outer",
                "Parallel Aware": false,
                "Relation Name": "movie_keyword",
                "Alias": "mk",
                "Startup Cost": 0.0,
                "Total Cost": 69693.3,
                "Plan Rows": 4523930,
                "Plan Width": 8,
                "Actual Startup Time": 0.007,
                "Actual Total Time": 307.036,
                "Actual Rows": 4523930,
                "Actual Loops": 1
              },
              {
                "Node Type": "Hash",
                "Parent Relationship": "Inner",
                "Parallel Aware": false,
                "Startup Cost": 802798.29,
                "Total Cost": 802798.29,
                "Plan Rows": 92,
                "Plan Width": 58,
                "Actual Startup Time": 4997.97,
                "Actual Total Time": 4998.11,
                "Actual Rows": 208258,
                "Actual Loops": 1,
                "Hash Buckets": 262144,
                "Original Hash Buckets": 1024,
                "Hash Batches": 1,
                "Original Hash Batches": 1,
                "Peak Memory Usage": 20660,
                "Plans": [
                  {
                    "Node Type": "Hash Join",
                    "Parent Relationship": "Outer",
                    "Parallel Aware": false,
                    "Join Type": "Inner",
                    "Startup Cost": 772535.09,
                    "Total Cost": 802798.29,
                    "Plan Rows": 92,
                    "Plan Width": 58,
                    "Actual Startup Time": 4523.13,
                    "Actual Total Time": 4938.018,
                    "Actual Rows": 208258,
                    "Actual Loops": 1,
                    "Inner Unique": true,
                    "Hash Cond": "(mc.company_type_id = ct.id)",
                    "Plans": [
                      {
                        "Node Type": "Hash Join",
                        "Parent Relationship": "Outer",
                        "Parallel Aware": false,
                        "Join Type": "Inner",
                        "Startup Cost": 772534.0,
                        "Total Cost": 802796.7,
                        "Plan Rows": 92,
                        "Plan Width": 62,
                        "Actual Startup Time": 4523.105,
                        "Actual Total Time": 4910.533,
                        "Actual Rows": 208258,
                        "Actual Loops": 1,
                        "Inner Unique": true,
                        "Hash Cond": "(mi_idx.info_type_id = it2.id)",
                        "Plans": [
                          {
                            "Node Type": "Hash Join",
                            "Parent Relationship": "Outer",
                            "Parallel Aware": false,
                            "Join Type": "Inner",
                            "Startup Cost": 772531.57,
                            "Total Cost": 802765.99,
                            "Plan Rows": 10385,
                            "Plan Width": 66,
                            "Actual Startup Time": 4523.071,
                            "Actual Total Time": 4862.621,
                            "Actual Rows": 620014,
                            "Actual Loops": 1,
                            "Inner Unique": false,
                            "Hash Cond": "(mi_idx.movie_id = t.id)",
                            "Plans": [
                              {
                                "Node Type": "Seq Scan",
                                "Parent Relationship": "Outer",
                                "Parallel Aware": false,
                                "Relation Name": "movie_info_idx",
                                "Alias": "mi_idx",
                                "Startup Cost": 0.0,
                                "Total Cost": 25185.44,
                                "Plan Rows": 1341456,
                                "Plan Width": 14,
                                "Actual Startup Time": 0.008,
                                "Actual Total Time": 162.566,
                                "Actual Rows": 1337634,
                                "Actual Loops": 1,
                                "Filter": "(info < '8.5'::text)",
                                "Rows Removed by Filter": 42401
                              },
                              {
                                "Node Type": "Hash",
                                "Parent Relationship": "Inner",
                                "Parallel Aware": false,
                                "Startup Cost": 772487.94,
                                "Total Cost": 772487.94,
                                "Plan Rows": 3491,
                                "Plan Width": 52,
                                "Actual Startup Time": 4522.92,
                                "Actual Total Time": 4523.054,
                                "Actual Rows": 255027,
                                "Actual Loops": 1,
                                "Hash Buckets": 262144,
                                "Original Hash Buckets": 4096,
                                "Hash Batches": 1,
                                "Original Hash Batches": 1,
                                "Peak Memory Usage": 24017,
                                "Plans": [
                                  {
                                    "Node Type": "Nested Loop",
                                    "Parent Relationship": "Outer",
                                    "Parallel Aware": false,
                                    "Join Type": "Inner",
                                    "Startup Cost": 761083.43,
                                    "Total Cost": 772487.94,
                                    "Plan Rows": 3491,
                                    "Plan Width": 52,
                                    "Actual Startup Time": 4371.265,
                                    "Actual Total Time": 4456.653,
                                    "Actual Rows": 255027,
                                    "Actual Loops": 1,
                                    "Inner Unique": false,
                                    "Join Filter": "(mi.info_type_id = it1.id)",
                                    "Rows Removed by Join Filter": 206538,
                                    "Plans": [
                                      {
                                        "Node Type": "Seq Scan",
                                        "Parent Relationship": "Outer",
                                        "Parallel Aware": false,
                                        "Relation Name": "info_type",
                                        "Alias": "it1",
                                        "Startup Cost": 0.0,
                                        "Total Cost": 2.41,
                                        "Plan Rows": 1,
                                        "Plan Width": 4,
                                        "Actual Startup Time": 0.004,
                                        "Actual Total Time": 0.012,
                                        "Actual Rows": 1,
                                        "Actual Loops": 1,
                                        "Filter": "((info)::text = 'countries'::text)",
                                        "Rows Removed by Filter": 112
                                      },
                                      {
                                        "Node Type": "Hash Join",
                                        "Parent Relationship": "Inner",
                                        "Parallel Aware": false,
                                        "Join Type": "Inner",
                                        "Startup Cost": 761083.43,
                                        "Total Cost": 767554.01,
                                        "Plan Rows": 394521,
                                        "Plan Width": 56,
                                        "Actual Startup Time": 4371.258,
                                        "Actual Total Time": 4424.414,
                                        "Actual Rows": 461565,
                                        "Actual Loops": 1,
                                        "Inner Unique": false,
                                        "Hash Cond": "(kt.id = t.kind_id)",
                                        "Plans": [
                                          {
                                            "Node Type": "Seq Scan",
                                            "Parent Relationship": "Outer",
                                            "Parallel Aware": false,
                                            "Relation Name": "kind_type",
                                            "Alias": "kt",
                                            "Startup Cost": 0.0,
                                            "Total Cost": 1.09,
                                            "Plan Rows": 2,
                                            "Plan Width": 4,
                                            "Actual Startup Time": 0.004,
                                            "Actual Total Time": 0.012,
                                            "Actual Rows": 2,
                                            "Actual Loops": 1,
                                            "Filter": "((kind)::text = ANY ('{movie,episode}'::text[]))",
                                            "Rows Removed by Filter": 5
                                          },
                                          {
                                            "Node Type": "Hash",
                                            "Parent Relationship": "Inner",
                                            "Parallel Aware": false,
                                            "Startup Cost": 743823.15,
                                            "Total Cost": 743823.15,
                                            "Plan Rows": 1380822,
                                            "Plan Width": 60,
                                            "Actual Startup Time": 4362.66,
                                            "Actual Total Time": 4362.79,
                                            "Actual Rows": 594160,
                                            "Actual Loops": 1,
                                            "Hash Buckets": 2097152,
                                            "Original Hash Buckets": 2097152,
                                            "Hash Batches": 1,
                                            "Original Hash Batches": 1,
                                            "Peak Memory Usage": 73349,
                                            "Plans": [
                                              {
                                                "Node Type": "Merge Join",
                                                "Parent Relationship": "Outer",
                                                "Parallel Aware": false,
                                                "Join Type": "Inner",
                                                "Startup Cost": 565333.17,
                                                "Total Cost": 743823.15,
                                                "Plan Rows": 1380822,
                                                "Plan Width": 60,
                                                "Actual Startup Time": 2044.302,
                                                "Actual Total Time": 4193.703,
                                                "Actual Rows": 594160,
                                                "Actual Loops": 1,
                                                "Inner Unique": false,
                                                "Merge Cond": "(t.id = mi.movie_id)",
                                                "Plans": [
                                                  {
                                                    "Node Type": "Index Scan",
                                                    "Parent Relationship": "Outer",
                                                    "Parallel Aware": false,
                                                    "Scan Direction": "Forward",
                                                    "Index Name": "title_pkey",
                                                    "Relation Name": "title",
                                                    "Alias": "t",
                                                    "Startup Cost": 0.43,
                                                    "Total Cost": 116680.33,
                                                    "Plan Rows": 1920413,
                                                    "Plan Width": 25,
                                                    "Actual Startup Time": 0.017,
                                                    "Actual Total Time": 1390.671,
                                                    "Actual Rows": 1921856,
                                                    "Actual Loops": 1,
                                                    "Filter": "(production_year < 2010)",
                                                    "Rows Removed by Filter": 603889
                                                  },
                                                  {
                                                    "Node Type": "Materialize",
                                                    "Parent Relationship": "Inner",
                                                    "Parallel Aware": false,
                                                    "Startup Cost": 565329.51,
                                                    "Total Cost": 604109.18,
                                                    "Plan Rows": 1818057,
                                                    "Plan Width": 35,
                                                    "Actual Startup Time": 2043.567,
                                                    "Actual Total Time": 2612.996,
                                                    "Actual Rows": 692447,
                                                    "Actual Loops": 1,
                                                    "Plans": [
                                                      {
                                                        "Node Type": "Merge Join",
                                                        "Parent Relationship": "Outer",
                                                        "Parallel Aware": false,
                                                        "Join Type": "Inner",
                                                        "Startup Cost": 565329.51,
                                                        "Total Cost": 599564.04,
                                                        "Plan Rows": 1818057,
                                                        "Plan Width": 35,
                                                        "Actual Startup Time": 2043.556,
                                                        "Actual Total Time": 2399.417,
                                                        "Actual Rows": 692447,
                                                        "Actual Loops": 1,
                                                        "Inner Unique": false,
                                                        "Merge Cond": "(mc.movie_id = mi.movie_id)",
                                                        "Plans": [
                                                          {
                                                            "Node Type": "Sort",
                                                            "Parent Relationship": "Outer",
                                                            "Parallel Aware": false,
                                                            "Startup Cost": 201396.62,
                                                            "Total Cost": 204879.38,
                                                            "Plan Rows": 1393104,
                                                            "Plan Width": 27,
                                                            "Actual Startup Time": 1106.981,
                                                            "Actual Total Time": 1180.661,
                                                            "Actual Rows": 1343936,
                                                            "Actual Loops": 1,
                                                            "Sort Key": [
                                                              "mc.movie_id"
                                                            ],
                                                            "Sort Method": "quicksort",
                                                            "Sort Space Used": 152556,
                                                            "Sort Space Type": "Memory",
                                                            "Plans": [
                                                              {
                                                                "Node Type": "Hash Join",
                                                                "Parent Relationship": "Outer",
                                                                "Parallel Aware": false,
                                                                "Join Type": "Inner",
                                                                "Startup Cost": 7500.88,
                                                                "Total Cost": 59231.25,
                                                                "Plan Rows": 1393104,
                                                                "Plan Width": 27,
                                                                "Actual Startup Time": 62.305,
                                                                "Actual Total Time": 728.175,
                                                                "Actual Rows": 1343936,
                                                                "Actual Loops": 1,
                                                                "Inner Unique": true,
                                                                "Hash Cond": "(mc.company_id = cn.id)",
                                                                "Plans": [
                                                                  {
                                                                    "Node Type": "Seq Scan",
                                                                    "Parent Relationship": "Outer",
                                                                    "Parallel Aware": false,
                                                                    "Relation Name": "movie_companies",
                                                                    "Alias": "mc",
                                                                    "Startup Cost": 0.0,
                                                                    "Total Cost": 44881.29,
                                                                    "Plan Rows": 2609129,
                                                                    "Plan Width": 12,
                                                                    "Actual Startup Time": 0.007,
                                                                    "Actual Total Time": 216.773,
                                                                    "Actual Rows": 2609129,
                                                                    "Actual Loops": 1
                                                                  },
                                                                  {
                                                                    "Node Type": "Hash",
                                                                    "Parent Relationship": "Inner",
                                                                    "Parallel Aware": false,
                                                                    "Startup Cost": 5932.46,
                                                                    "Total Cost": 5932.46,
                                                                    "Plan Rows": 125473,
                                                                    "Plan Width": 23,
                                                                    "Actual Startup Time": 61.749,
                                                                    "Actual Total Time": 61.75,
                                                                    "Actual Rows": 126230,
                                                                    "Actual Loops": 1,
                                                                    "Hash Buckets": 131072,
                                                                    "Original Hash Buckets": 131072,
                                                                    "Hash Batches": 1,
                                                                    "Original Hash Batches": 1,
                                                                    "Peak Memory Usage": 7968,
                                                                    "Plans": [
                                                                      {
                                                                        "Node Type": "Seq Scan",
                                                                        "Parent Relationship": "Outer",
                                                                        "Parallel Aware": false,
                                                                        "Relation Name": "company_name",
                                                                        "Alias": "cn",
                                                                        "Startup Cost": 0.0,
                                                                        "Total Cost": 5932.46,
                                                                        "Plan Rows": 125473,
                                                                        "Plan Width": 23,
                                                                        "Actual Startup Time": 0.022,
                                                                        "Actual Total Time": 35.931,
                                                                        "Actual Rows": 126230,
                                                                        "Actual Loops": 1,
                                                                        "Filter": "((country_code)::text <> '[us]'::text)",
                                                                        "Rows Removed by Filter": 108767
                                                                      }
                                                                    ]
                                                                  }
                                                                ]
                                                              }
                                                            ]
                                                          },
                                                          {
                                                            "Node Type": "Sort",
                                                            "Parent Relationship": "Inner",
                                                            "Parallel Aware": false,
                                                            "Startup Cost": 363932.8,
                                                            "Total Cost": 365634.71,
                                                            "Plan Rows": 680764,
                                                            "Plan Width": 8,
                                                            "Actual Startup Time": 936.559,
                                                            "Actual Total Time": 998.579,
                                                            "Actual Rows": 1201112,
                                                            "Actual Loops": 1,
                                                            "Sort Key": [
                                                              "mi.movie_id"
                                                            ],
                                                            "Sort Method": "quicksort",
                                                            "Sort Space Used": 58149,
                                                            "Sort Space Type": "Memory",
                                                            "Plans": [
                                                              {
                                                                "Node Type": "Gather",
                                                                "Parent Relationship": "Outer",
                                                                "Parallel Aware": false,
                                                                "Startup Cost": 1000.0,
                                                                "Total Cost": 297977.68,
                                                                "Plan Rows": 680764,
                                                                "Plan Width": 8,
                                                                "Actual Startup Time": 1.741,
                                                                "Actual Total Time": 801.906,
                                                                "Actual Rows": 716210,
                                                                "Actual Loops": 1,
                                                                "Workers Planned": 5,
                                                                "Workers Launched": 5,
                                                                "Single Copy": false,
                                                                "Plans": [
                                                                  {
                                                                    "Node Type": "Seq Scan",
                                                                    "Parent Relationship": "Outer",
                                                                    "Parallel Aware": true,
                                                                    "Relation Name": "movie_info",
                                                                    "Alias": "mi",
                                                                    "Startup Cost": 0.0,
                                                                    "Total Cost": 228901.28,
                                                                    "Plan Rows": 136153,
                                                                    "Plan Width": 8,
                                                                    "Actual Startup Time": 0.509,
                                                                    "Actual Total Time": 807.177,
                                                                    "Actual Rows": 119368,
                                                                    "Actual Loops": 6,
                                                                    "Filter": "(info = ANY ('{Sweden,Norway,Germany,Denmark,Swedish,Danish,Norwegian,German,USA,American}'::text[]))",
                                                                    "Rows Removed by Filter": 2353252
                                                                  }
                                                                ]
                                                              }
                                                            ]
                                                          }
                                                        ]
                                                      }
                                                    ]
                                                  }
                                                ]
                                              }
                                            ]
                                          }
                                        ]
                                      }
                                    ]
                                  }
                                ]
                              }
                            ]
                          },
                          {
                            "Node Type": "Hash",
                            "Parent Relationship": "Inner",
                            "Parallel Aware": false,
                            "Startup Cost": 2.41,
                            "Total Cost": 2.41,
                            "Plan Rows": 1,
                            "Plan Width": 4,
                            "Actual Startup Time": 0.016,
                            "Actual Total Time": 0.017,
                            "Actual Rows": 1,
                            "Actual Loops": 1,
                            "Hash Buckets": 1024,
                            "Original Hash Buckets": 1024,
                            "Hash Batches": 1,
                            "Original Hash Batches": 1,
                            "Peak Memory Usage": 9,
                            "Plans": [
                              {
                                "Node Type": "Seq Scan",
                                "Parent Relationship": "Outer",
                                "Parallel Aware": false,
                                "Relation Name": "info_type",
                                "Alias": "it2",
                                "Startup Cost": 0.0,
                                "Total Cost": 2.41,
                                "Plan Rows": 1,
                                "Plan Width": 4,
                                "Actual Startup Time": 0.01,
                                "Actual Total Time": 0.012,
                                "Actual Rows": 1,
                                "Actual Loops": 1,
                                "Filter": "((info)::text = 'rating'::text)",
                                "Rows Removed by Filter": 112
                              }
                            ]
                          }
                        ]
                      },
                      {
                        "Node Type": "Hash",
                        "Parent Relationship": "Inner",
                        "Parallel Aware": false,
                        "Startup Cost": 1.04,
                        "Total Cost": 1.04,
                        "Plan Rows": 4,
                        "Plan Width": 4,
                        "Actual Startup Time": 0.01,
                        "Actual Total Time": 0.01,
                        "Actual Rows": 4,
                        "Actual Loops": 1,
                        "Hash Buckets": 1024,
                        "Original Hash Buckets": 1024,
                        "Hash Batches": 1,
                        "Original Hash Batches": 1,
                        "Peak Memory Usage": 9,
                        "Plans": [
                          {
                            "Node Type": "Seq Scan",
                            "Parent Relationship": "Outer",
                            "Parallel Aware": false,
                            "Relation Name": "company_type",
                            "Alias": "ct",
                            "Startup Cost": 0.0,
                            "Total Cost": 1.04,
                            "Plan Rows": 4,
                            "Plan Width": 4,
                            "Actual Startup Time": 0.004,
                            "Actual Total Time": 0.005,
                            "Actual Rows": 4,
                            "Actual Loops": 1
                          }
                        ]
                      }
                    ]
                  }
                ]
              }
            ]
          },
          {
            "Node Type": "Index Scan",
            "Parent Relationship": "Inner",
            "Parallel Aware": false,
            "Scan Direction": "Forward",
            "Index Name": "keyword_pkey",
            "Relation Name": "keyword",
            "Alias": "k",
            "Startup Cost": 0.42,
            "Total Cost": 0.44,
            "Plan Rows": 1,
            "Plan Width": 4,
            "Actual Startup Time": 0.001,
            "Actual Total Time": 0.001,
            "Actual Rows": 0,
            "Actual Loops": 12643408,
            "Index Cond": "(id = mk.keyword_id)",
            "Rows Removed by Index Recheck": 0,
            "Filter": "(keyword = ANY ('{murder,murder-in-title,blood,violence}'::text[]))",
            "Rows Removed by Filter": 1
          }
        ]
      }
    ]
  },
  "Planning Time": 40.391,
  "Triggers": [],
  "Execution Time": 22999.678
}