[
  {
    "Plan": {
      "Node Type": "Aggregate",
      "Strategy": "Plain",
      "Partial Mode": "Finalize",
      "Parallel Aware": false,
      "Startup Cost": 268605.39,
      "Total Cost": 268605.4,
      "Plan Rows": 1,
      "Plan Width": 8,
      "Actual Startup Time": 72.744,
      "Actual Total Time": 77.962,
      "Actual Rows": 1,
      "Actual Loops": 1,
      "Plans": [
        {
          "Node Type": "Gather",
          "Parent Relationship": "Outer",
          "Parallel Aware": false,
          "Startup Cost": 268604.76,
          "Total Cost": 268605.37,
          "Plan Rows": 6,
          "Plan Width": 8,
          "Actual Startup Time": 72.539,
          "Actual Total Time": 77.954,
          "Actual Rows": 7,
          "Actual Loops": 1,
          "Workers Planned": 6,
          "Workers Launched": 6,
          "Single Copy": false,
          "Plans": [
            {
              "Node Type": "Aggregate",
              "Strategy": "Plain",
              "Partial Mode": "Partial",
              "Parent Relationship": "Outer",
              "Parallel Aware": false,
              "Startup Cost": 267604.76,
              "Total Cost": 267604.77,
              "Plan Rows": 1,
              "Plan Width": 8,
              "Actual Startup Time": 65.025,
              "Actual Total Time": 65.027,
              "Actual Rows": 1,
              "Actual Loops": 7,
              "Plans": [
                {
                  "Node Type": "Bitmap Heap Scan",
                  "Parent Relationship": "Outer",
                  "Parallel Aware": true,
                  "Relation Name": "cast_info",
                  "Alias": "ci",
                  "Startup Cost": 13400.4,
                  "Total Cost": 267351.87,
                  "Plan Rows": 101158,
                  "Plan Width": 0,
                  "Actual Startup Time": 25.297,
                  "Actual Total Time": 57.829,
                  "Actual Rows": 90962,
                  "Actual Loops": 7,
                  "Recheck Cond": "(person_id < 68213)",
                  "Rows Removed by Index Recheck": 0,
                  "Exact Heap Blocks": 2455,
                  "Lossy Heap Blocks": 0,
                  "Plans": [
                    {
                      "Node Type": "Bitmap Index Scan",
                      "Parent Relationship": "Outer",
                      "Parallel Aware": false,
                      "Index Name": "person_id_cast_info",
                      "Startup Cost": 0.0,
                      "Total Cost": 13248.66,
                      "Plan Rows": 606946,
                      "Plan Width": 0,
                      "Actual Startup Time": 31.074,
                      "Actual Total Time": 31.074,
                      "Actual Rows": 636735,
                      "Actual Loops": 1,
                      "Index Cond": "(person_id < 68213)"
                    }
                  ]
                }
              ]
            }
          ]
        }
      ]
    },
    "Planning Time": 0.108,
    "Triggers": [],
    "Execution Time": 78.003
  }
]