[
    {
        "Bao": {
            "Bao prediction": "NaN",
            "Bao recommended hint": "(no hint)"
        }
    },
    {
        "Plan": {
            "Node Type": "Aggregate",
            "Strategy": "Plain",
            "Partial Mode": "Finalize",
            "Parallel Aware": false,
            "Startup Cost": 31931.84,
            "Total Cost": 31931.85,
            "Plan Rows": 1,
            "Plan Width": 8,
            "Actual Startup Time": 96.289,
            "Actual Total Time": 102.722,
            "Actual Rows": 1,
            "Actual Loops": 1,
            "Output": [
                "count(*)"
            ],
            "Plans": [
                {
                    "Node Type": "Gather",
                    "Parent Relationship": "Outer",
                    "Parallel Aware": false,
                    "Startup Cost": 31931.52,
                    "Total Cost": 31931.83,
                    "Plan Rows": 3,
                    "Plan Width": 8,
                    "Actual Startup Time": 96.021,
                    "Actual Total Time": 102.714,
                    "Actual Rows": 4,
                    "Actual Loops": 1,
                    "Output": [
                        "(PARTIAL count(*))"
                    ],
                    "Workers Planned": 3,
                    "Workers Launched": 3,
                    "Single Copy": false,
                    "Plans": [
                        {
                            "Node Type": "Aggregate",
                            "Strategy": "Plain",
                            "Partial Mode": "Partial",
                            "Parent Relationship": "Outer",
                            "Parallel Aware": false,
                            "Startup Cost": 30931.52,
                            "Total Cost": 30931.53,
                            "Plan Rows": 1,
                            "Plan Width": 8,
                            "Actual Startup Time": 87.535,
                            "Actual Total Time": 87.539,
                            "Actual Rows": 1,
                            "Actual Loops": 4,
                            "Output": [
                                "PARTIAL count(*)"
                            ],
                            "Workers": [
                                {
                                    "Worker Number": 0,
                                    "Actual Startup Time": 84.545,
                                    "Actual Total Time": 84.547,
                                    "Actual Rows": 1,
                                    "Actual Loops": 1
                                },
                                {
                                    "Worker Number": 1,
                                    "Actual Startup Time": 84.862,
                                    "Actual Total Time": 84.864,
                                    "Actual Rows": 1,
                                    "Actual Loops": 1
                                },
                                {
                                    "Worker Number": 2,
                                    "Actual Startup Time": 85.093,
                                    "Actual Total Time": 85.095,
                                    "Actual Rows": 1,
                                    "Actual Loops": 1
                                }
                            ],
                            "Plans": [
                                {
                                    "Node Type": "Bitmap Heap Scan",
                                    "Parent Relationship": "Outer",
                                    "Parallel Aware": true,
                                    "Relation Name": "movie_companies",
                                    "Schema": "public",
                                    "Alias": "mc",
                                    "Startup Cost": 9768.45,
                                    "Total Cost": 30752.3,
                                    "Plan Rows": 71690,
                                    "Plan Width": 0,
                                    "Actual Startup Time": 25.397,
                                    "Actual Total Time": 81.536,
                                    "Actual Rows": 84528,
                                    "Actual Loops": 4,
                                    "Recheck Cond": "(mc.company_id < 352)",
                                    "Rows Removed by Index Recheck": 0,
                                    "Filter": "(mc.company_type_id = 1)",
                                    "Rows Removed by Filter": 27122,
                                    "Exact Heap Blocks": 9378,
                                    "Lossy Heap Blocks": 0,
                                    "Workers": [
                                        {
                                            "Worker Number": 0,
                                            "Actual Startup Time": 22.629,
                                            "Actual Total Time": 79.06,
                                            "Actual Rows": 44250,
                                            "Actual Loops": 1
                                        },
                                        {
                                            "Worker Number": 1,
                                            "Actual Startup Time": 22.735,
                                            "Actual Total Time": 79.522,
                                            "Actual Rows": 48994,
                                            "Actual Loops": 1
                                        },
                                        {
                                            "Worker Number": 2,
                                            "Actual Startup Time": 22.998,
                                            "Actual Total Time": 79.581,
                                            "Actual Rows": 45093,
                                            "Actual Loops": 1
                                        }
                                    ],
                                    "Plans": [
                                        {
                                            "Node Type": "Bitmap Index Scan",
                                            "Parent Relationship": "Outer",
                                            "Parallel Aware": false,
                                            "Index Name": "company_id_movie_companies",
                                            "Startup Cost": 0.0,
                                            "Total Cost": 9712.89,
                                            "Plan Rows": 453395,
                                            "Plan Width": 0,
                                            "Actual Startup Time": 30.126,
                                            "Actual Total Time": 30.133,
                                            "Actual Rows": 446597,
                                            "Actual Loops": 1,
                                            "Index Cond": "(mc.company_id < 352)"
                                        }
                                    ]
                                }
                            ]
                        }
                    ]
                }
            ]
        },
        "Planning Time": 211.86,
        "Triggers": [],
        "Execution Time": 102.837
    }
]