[
  {
    "Plan": {
      "Node Type": "Aggregate",
      "Strategy": "Plain",
      "Partial Mode": "Finalize",
      "Parallel Aware": false,
      "Startup Cost": 332065.34,
      "Total Cost": 332065.35,
      "Plan Rows": 1,
      "Plan Width": 8,
      "Actual Startup Time": 888.433,
      "Actual Total Time": 980.817,
      "Actual Rows": 1,
      "Actual Loops": 1,
      "Plans": [
        {
          "Node Type": "Gather",
          "Parent Relationship": "Outer",
          "Parallel Aware": false,
          "Startup Cost": 332064.71,
          "Total Cost": 332065.32,
          "Plan Rows": 6,
          "Plan Width": 8,
          "Actual Startup Time": 888.13,
          "Actual Total Time": 980.792,
          "Actual Rows": 7,
          "Actual Loops": 1,
          "Workers Planned": 6,
          "Workers Launched": 6,
          "Single Copy": false,
          "Plans": [
            {
              "Node Type": "Aggregate",
              "Strategy": "Plain",
              "Partial Mode": "Partial",
              "Parent Relationship": "Outer",
              "Parallel Aware": false,
              "Startup Cost": 331064.71,
              "Total Cost": 331064.72,
              "Plan Rows": 1,
              "Plan Width": 8,
              "Actual Startup Time": 876.806,
              "Actual Total Time": 876.808,
              "Actual Rows": 1,
              "Actual Loops": 7,
              "Plans": [
                {
                  "Node Type": "Seq Scan",
                  "Parent Relationship": "Outer",
                  "Parallel Aware": true,
                  "Relation Name": "cast_info",
                  "Alias": "ci",
                  "Startup Cost": 0.0,
                  "Total Cost": 328211.39,
                  "Plan Rows": 1141329,
                  "Plan Width": 0,
                  "Actual Startup Time": 0.074,
                  "Actual Total Time": 800.916,
                  "Actual Rows": 995205,
                  "Actual Loops": 7,
                  "Filter": "(person_id < 673475)",
                  "Rows Removed by Filter": 4182559
                }
              ]
            }
          ]
        }
      ]
    },
    "Planning Time": 0.325,
    "Triggers": [],
    "Execution Time": 980.901
  }
]