[
  {
    "Plan": {
      "Node Type": "Aggregate",
      "Strategy": "Plain",
      "Partial Mode": "Finalize",
      "Parallel Aware": false,
      "Startup Cost": 331987.81,
      "Total Cost": 331987.82,
      "Plan Rows": 1,
      "Plan Width": 8,
      "Actual Startup Time": 603.976,
      "Actual Total Time": 662.584,
      "Actual Rows": 1,
      "Actual Loops": 1,
      "Plans": [
        {
          "Node Type": "Gather",
          "Parent Relationship": "Outer",
          "Parallel Aware": false,
          "Startup Cost": 331987.18,
          "Total Cost": 331987.79,
          "Plan Rows": 6,
          "Plan Width": 8,
          "Actual Startup Time": 603.854,
          "Actual Total Time": 662.574,
          "Actual Rows": 7,
          "Actual Loops": 1,
          "Workers Planned": 6,
          "Workers Launched": 6,
          "Single Copy": false,
          "Plans": [
            {
              "Node Type": "Aggregate",
              "Strategy": "Plain",
              "Partial Mode": "Partial",
              "Parent Relationship": "Outer",
              "Parallel Aware": false,
              "Startup Cost": 330987.18,
              "Total Cost": 330987.19,
              "Plan Rows": 1,
              "Plan Width": 8,
              "Actual Startup Time": 593.559,
              "Actual Total Time": 593.56,
              "Actual Rows": 1,
              "Actual Loops": 7,
              "Plans": [
                {
                  "Node Type": "Seq Scan",
                  "Parent Relationship": "Outer",
                  "Parallel Aware": true,
                  "Relation Name": "cast_info",
                  "Alias": "ci",
                  "Startup Cost": 0.0,
                  "Total Cost": 328162.03,
                  "Plan Rows": 1130063,
                  "Plan Width": 0,
                  "Actual Startup Time": 0.049,
                  "Actual Total Time": 547.36,
                  "Actual Rows": 995205,
                  "Actual Loops": 7,
                  "Filter": "(person_id < 673475)",
                  "Rows Removed by Filter": 4182559
                }
              ]
            }
          ]
        }
      ]
    },
    "Planning Time": 0.179,
    "Triggers": [],
    "Execution Time": 662.657
  }
]