[
  {
    "Plan": {
      "Node Type": "Aggregate",
      "Strategy": "Plain",
      "Partial Mode": "Finalize",
      "Parallel Aware": false,
      "Startup Cost": 339312.75,
      "Total Cost": 339312.76,
      "Plan Rows": 1,
      "Plan Width": 8,
      "Actual Startup Time": 900.764,
      "Actual Total Time": 955.77,
      "Actual Rows": 1,
      "Actual Loops": 1,
      "Plans": [
        {
          "Node Type": "Gather",
          "Parent Relationship": "Outer",
          "Parallel Aware": false,
          "Startup Cost": 339312.13,
          "Total Cost": 339312.74,
          "Plan Rows": 6,
          "Plan Width": 8,
          "Actual Startup Time": 900.289,
          "Actual Total Time": 955.754,
          "Actual Rows": 7,
          "Actual Loops": 1,
          "Workers Planned": 6,
          "Workers Launched": 6,
          "Single Copy": false,
          "Plans": [
            {
              "Node Type": "Aggregate",
              "Strategy": "Plain",
              "Partial Mode": "Partial",
              "Parent Relationship": "Outer",
              "Parallel Aware": false,
              "Startup Cost": 338312.13,
              "Total Cost": 338312.14,
              "Plan Rows": 1,
              "Plan Width": 8,
              "Actual Startup Time": 890.694,
              "Actual Total Time": 890.695,
              "Actual Rows": 1,
              "Actual Loops": 7,
              "Plans": [
                {
                  "Node Type": "Seq Scan",
                  "Parent Relationship": "Outer",
                  "Parallel Aware": true,
                  "Relation Name": "cast_info",
                  "Alias": "ci",
                  "Startup Cost": 0.0,
                  "Total Cost": 328211.39,
                  "Plan Rows": 4040294,
                  "Plan Width": 0,
                  "Actual Startup Time": 0.06,
                  "Actual Total Time": 695.891,
                  "Actual Rows": 3483531,
                  "Actual Loops": 7,
                  "Filter": "(person_id < 2503513)",
                  "Rows Removed by Filter": 1694233
                }
              ]
            }
          ]
        }
      ]
    },
    "Planning Time": 0.102,
    "Triggers": [],
    "Execution Time": 955.817
  }
]