{
  "Plan": {
    "Node Type": "Aggregate",
    "Strategy": "Plain",
    "Partial Mode": "Finalize",
    "Parallel Aware": false,
    "Startup Cost": 50948.79,
    "Total Cost": 50948.8,
    "Plan Rows": 1,
    "Plan Width": 8,
    "Actual Startup Time": 328.78,
    "Actual Total Time": 390.395,
    "Actual Rows": 1,
    "Actual Loops": 1,
    "Plans": [
      {
        "Node Type": "Gather",
        "Parent Relationship": "Outer",
        "Parallel Aware": false,
        "Startup Cost": 50948.68,
        "Total Cost": 50948.79,
        "Plan Rows": 1,
        "Plan Width": 8,
        "Actual Startup Time": 328.401,
        "Actual Total Time": 390.386,
        "Actual Rows": 2,
        "Actual Loops": 1,
        "Workers Planned": 1,
        "Workers Launched": 1,
        "Single Copy": false,
        "Plans": [
          {
            "Node Type": "Aggregate",
            "Strategy": "Plain",
            "Partial Mode": "Partial",
            "Parent Relationship": "Outer",
            "Parallel Aware": false,
            "Startup Cost": 49948.68,
            "Total Cost": 49948.69,
            "Plan Rows": 1,
            "Plan Width": 8,
            "Actual Startup Time": 322.284,
            "Actual Total Time": 322.287,
            "Actual Rows": 1,
            "Actual Loops": 2,
            "Plans": [
              {
                "Node Type": "Nested Loop",
                "Parent Relationship": "Outer",
                "Parallel Aware": false,
                "Join Type": "Inner",
                "Startup Cost": 144.85,
                "Total Cost": 49945.18,
                "Plan Rows": 1398,
                "Plan Width": 0,
                "Actual Startup Time": 4.517,
                "Actual Total Time": 321.975,
                "Actual Rows": 2662,
                "Actual Loops": 2,
                "Inner Unique": false,
                "Plans": [
                  {
                    "Node Type": "Nested Loop",
                    "Parent Relationship": "Outer",
                    "Parallel Aware": false,
                    "Join Type": "Inner",
                    "Startup Cost": 144.28,
                    "Total Cost": 42449.09,
                    "Plan Rows": 3903,
                    "Plan Width": 8,
                    "Actual Startup Time": 3.476,
                    "Actual Total Time": 32.222,
                    "Actual Rows": 2866,
                    "Actual Loops": 2,
                    "Inner Unique": true,
                    "Plans": [
                      {
                        "Node Type": "Bitmap Heap Scan",
                        "Parent Relationship": "Outer",
                        "Parallel Aware": true,
                        "Relation Name": "movie_keyword",
                        "Alias": "mk",
                        "Startup Cost": 143.85,
                        "Total Cost": 14996.23,
                        "Plan Rows": 3903,
                        "Plan Width": 4,
                        "Actual Startup Time": 3.344,
                        "Actual Total Time": 12.017,
                        "Actual Rows": 2866,
                        "Actual Loops": 2,
                        "Recheck Cond": "(keyword_id = 249)",
                        "Rows Removed by Index Recheck": 0,
                        "Exact Heap Blocks": 3435,
                        "Lossy Heap Blocks": 0,
                        "Plans": [
                          {
                            "Node Type": "Bitmap Index Scan",
                            "Parent Relationship": "Outer",
                            "Parallel Aware": false,
                            "Index Name": "keyword_id_movie_keyword",
                            "Startup Cost": 0.0,
                            "Total Cost": 142.19,
                            "Plan Rows": 6635,
                            "Plan Width": 0,
                            "Actual Startup Time": 4.017,
                            "Actual Total Time": 4.018,
                            "Actual Rows": 5733,
                            "Actual Loops": 1,
                            "Index Cond": "(keyword_id = 249)"
                          }
                        ]
                      },
                      {
                        "Node Type": "Index Only Scan",
                        "Parent Relationship": "Inner",
                        "Parallel Aware": false,
                        "Scan Direction": "Forward",
                        "Index Name": "title_pkey",
                        "Relation Name": "title",
                        "Alias": "t",
                        "Startup Cost": 0.43,
                        "Total Cost": 7.03,
                        "Plan Rows": 1,
                        "Plan Width": 4,
                        "Actual Startup Time": 0.007,
                        "Actual Total Time": 0.007,
                        "Actual Rows": 1,
                        "Actual Loops": 5733,
                        "Index Cond": "(id = mk.movie_id)",
                        "Rows Removed by Index Recheck": 0,
                        "Heap Fetches": 5733
                      }
                    ]
                  },
                  {
                    "Node Type": "Index Scan",
                    "Parent Relationship": "Inner",
                    "Parallel Aware": false,
                    "Scan Direction": "Forward",
                    "Index Name": "movie_id_cast_info",
                    "Relation Name": "cast_info",
                    "Alias": "ci",
                    "Startup Cost": 0.56,
                    "Total Cost": 1.91,
                    "Plan Rows": 1,
                    "Plan Width": 4,
                    "Actual Startup Time": 0.073,
                    "Actual Total Time": 0.101,
                    "Actual Rows": 1,
                    "Actual Loops": 5733,
                    "Index Cond": "(movie_id = t.id)",
                    "Rows Removed by Index Recheck": 0,
                    "Filter": "(role_id = 5)",
                    "Rows Removed by Filter": 56
                  }
                ]
              }
            ]
          }
        ]
      }
    ]
  },
  "Planning Time": 0.667,
  "Triggers": [],
  "Execution Time": 390.543
}