{
  "Plan": {
    "Node Type": "Aggregate",
    "Strategy": "Plain",
    "Partial Mode": "Finalize",
    "Parallel Aware": false,
    "Startup Cost": 406785.41,
    "Total Cost": 406785.42,
    "Plan Rows": 1,
    "Plan Width": 64,
    "Actual Startup Time": 7646.482,
    "Actual Total Time": 7711.867,
    "Actual Rows": 1,
    "Actual Loops": 1,
    "Plans": [
      {
        "Node Type": "Gather",
        "Parent Relationship": "Outer",
        "Parallel Aware": false,
        "Startup Cost": 406785.3,
        "Total Cost": 406785.41,
        "Plan Rows": 1,
        "Plan Width": 64,
        "Actual Startup Time": 7620.659,
        "Actual Total Time": 7711.843,
        "Actual Rows": 2,
        "Actual Loops": 1,
        "Workers Planned": 1,
        "Workers Launched": 1,
        "Single Copy": false,
        "Plans": [
          {
            "Node Type": "Aggregate",
            "Strategy": "Plain",
            "Partial Mode": "Partial",
            "Parent Relationship": "Outer",
            "Parallel Aware": false,
            "Startup Cost": 405785.3,
            "Total Cost": 405785.31,
            "Plan Rows": 1,
            "Plan Width": 64,
            "Actual Startup Time": 7612.472,
            "Actual Total Time": 7612.492,
            "Actual Rows": 1,
            "Actual Loops": 2,
            "Plans": [
              {
                "Node Type": "Hash Join",
                "Parent Relationship": "Outer",
                "Parallel Aware": true,
                "Join Type": "Inner",
                "Startup Cost": 386976.21,
                "Total Cost": 405728.87,
                "Plan Rows": 11285,
                "Plan Width": 33,
                "Actual Startup Time": 7437.839,
                "Actual Total Time": 7600.363,
                "Actual Rows": 153675,
                "Actual Loops": 2,
                "Inner Unique": false,
                "Hash Cond": "(a1.person_id = n1.id)",
                "Plans": [
                  {
                    "Node Type": "Seq Scan",
                    "Parent Relationship": "Outer",
                    "Parallel Aware": true,
                    "Relation Name": "aka_name",
                    "Alias": "a1",
                    "Startup Cost": 0.0,
                    "Total Cost": 16698.02,
                    "Plan Rows": 530202,
                    "Plan Width": 20,
                    "Actual Startup Time": 0.029,
                    "Actual Total Time": 44.938,
                    "Actual Rows": 450672,
                    "Actual Loops": 2
                  },
                  {
                    "Node Type": "Hash",
                    "Parent Relationship": "Inner",
                    "Parallel Aware": true,
                    "Startup Cost": 386324.01,
                    "Total Cost": 386324.01,
                    "Plan Rows": 52176,
                    "Plan Width": 25,
                    "Actual Startup Time": 7432.91,
                    "Actual Total Time": 7432.926,
                    "Actual Rows": 264604,
                    "Actual Loops": 2,
                    "Hash Buckets": 1048576,
                    "Original Hash Buckets": 131072,
                    "Hash Batches": 1,
                    "Original Hash Batches": 1,
                    "Peak Memory Usage": 47360,
                    "Plans": [
                      {
                        "Node Type": "Nested Loop",
                        "Parent Relationship": "Outer",
                        "Parallel Aware": false,
                        "Join Type": "Inner",
                        "Startup Cost": 290147.11,
                        "Total Cost": 386324.01,
                        "Plan Rows": 52176,
                        "Plan Width": 25,
                        "Actual Startup Time": 4589.683,
                        "Actual Total Time": 7270.945,
                        "Actual Rows": 264604,
                        "Actual Loops": 2,
                        "Inner Unique": true,
                        "Plans": [
                          {
                            "Node Type": "Hash Join",
                            "Parent Relationship": "Outer",
                            "Parallel Aware": true,
                            "Join Type": "Inner",
                            "Startup Cost": 290146.68,
                            "Total Cost": 362568.41,
                            "Plan Rows": 52176,
                            "Plan Width": 21,
                            "Actual Startup Time": 4589.589,
                            "Actual Total Time": 6408.517,
                            "Actual Rows": 264604,
                            "Actual Loops": 2,
                            "Inner Unique": true,
                            "Hash Cond": "(mc.company_id = cn.id)",
                            "Plans": [
                              {
                                "Node Type": "Hash Join",
                                "Parent Relationship": "Outer",
                                "Parallel Aware": true,
                                "Join Type": "Inner",
                                "Startup Cost": 285374.57,
                                "Total Cost": 352985.17,
                                "Plan Rows": 1832779,
                                "Plan Width": 25,
                                "Actual Startup Time": 4560.409,
                                "Actual Total Time": 5855.706,
                                "Actual Rows": 8864414,
                                "Actual Loops": 2,
                                "Inner Unique": false,
                                "Hash Cond": "(mc.movie_id = ci.movie_id)",
                                "Plans": [
                                  {
                                    "Node Type": "Seq Scan",
                                    "Parent Relationship": "Outer",
                                    "Parallel Aware": true,
                                    "Relation Name": "movie_companies",
                                    "Alias": "mc",
                                    "Startup Cost": 0.0,
                                    "Total Cost": 34137.82,
                                    "Plan Rows": 1534782,
                                    "Plan Width": 8,
                                    "Actual Startup Time": 0.012,
                                    "Actual Total Time": 109.876,
                                    "Actual Rows": 1304564,
                                    "Actual Loops": 2
                                  },
                                  {
                                    "Node Type": "Hash",
                                    "Parent Relationship": "Inner",
                                    "Parallel Aware": true,
                                    "Startup Cost": 263175.46,
                                    "Total Cost": 263175.46,
                                    "Plan Rows": 1775929,
                                    "Plan Width": 29,
                                    "Actual Startup Time": 4541.144,
                                    "Actual Total Time": 4541.151,
                                    "Actual Rows": 2161509,
                                    "Actual Loops": 2,
                                    "Hash Buckets": 8388608,
                                    "Original Hash Buckets": 4194304,
                                    "Hash Batches": 1,
                                    "Original Hash Batches": 1,
                                    "Peak Memory Usage": 380160,
                                    "Plans": [
                                      {
                                        "Node Type": "Hash Join",
                                        "Parent Relationship": "Outer",
                                        "Parallel Aware": false,
                                        "Join Type": "Inner",
                                        "Startup Cost": 185251.58,
                                        "Total Cost": 263175.46,
                                        "Plan Rows": 1775929,
                                        "Plan Width": 29,
                                        "Actual Startup Time": 2462.133,
                                        "Actual Total Time": 3729.187,
                                        "Actual Rows": 2161509,
                                        "Actual Loops": 2,
                                        "Inner Unique": false,
                                        "Hash Cond": "(t.id = ci.movie_id)",
                                        "Plans": [
                                          {
                                            "Node Type": "Seq Scan",
                                            "Parent Relationship": "Outer",
                                            "Parallel Aware": true,
                                            "Relation Name": "title",
                                            "Alias": "t",
                                            "Startup Cost": 0.0,
                                            "Total Cost": 50869.75,
                                            "Plan Rows": 1487175,
                                            "Plan Width": 21,
                                            "Actual Startup Time": 0.036,
                                            "Actual Total Time": 150.501,
                                            "Actual Rows": 1264156,
                                            "Actual Loops": 2
                                          },
                                          {
                                            "Node Type": "Hash",
                                            "Parent Relationship": "Inner",
                                            "Parallel Aware": false,
                                            "Startup Cost": 147513.09,
                                            "Total Cost": 147513.09,
                                            "Plan Rows": 3019079,
                                            "Plan Width": 8,
                                            "Actual Startup Time": 2429.181,
                                            "Actual Total Time": 2429.185,
                                            "Actual Rows": 4323018,
                                            "Actual Loops": 2,
                                            "Hash Buckets": 8388608,
                                            "Original Hash Buckets": 4194304,
                                            "Hash Batches": 1,
                                            "Original Hash Batches": 1,
                                            "Peak Memory Usage": 234404,
                                            "Plans": [
                                              {
                                                "Node Type": "Nested Loop",
                                                "Parent Relationship": "Outer",
                                                "Parallel Aware": false,
                                                "Join Type": "Inner",
                                                "Startup Cost": 0.56,
                                                "Total Cost": 147513.09,
                                                "Plan Rows": 3019079,
                                                "Plan Width": 8,
                                                "Actual Startup Time": 0.213,
                                                "Actual Total Time": 1006.351,
                                                "Actual Rows": 4323018,
                                                "Actual Loops": 2,
                                                "Inner Unique": false,
                                                "Plans": [
                                                  {
                                                    "Node Type": "Seq Scan",
                                                    "Parent Relationship": "Outer",
                                                    "Parallel Aware": false,
                                                    "Relation Name": "role_type",
                                                    "Alias": "rt",
                                                    "Startup Cost": 0.0,
                                                    "Total Cost": 1.15,
                                                    "Plan Rows": 1,
                                                    "Plan Width": 4,
                                                    "Actual Startup Time": 0.065,
                                                    "Actual Total Time": 0.076,
                                                    "Actual Rows": 1,
                                                    "Actual Loops": 2,
                                                    "Filter": "((role)::text = 'miscellaneous crew'::text)",
                                                    "Rows Removed by Filter": 11
                                                  },
                                                  {
                                                    "Node Type": "Index Scan",
                                                    "Parent Relationship": "Inner",
                                                    "Parallel Aware": false,
                                                    "Scan Direction": "Forward",
                                                    "Index Name": "role_id_cast_info",
                                                    "Relation Name": "cast_info",
                                                    "Alias": "ci",
                                                    "Startup Cost": 0.56,
                                                    "Total Cost": 114576.53,
                                                    "Plan Rows": 3293541,
                                                    "Plan Width": 12,
                                                    "Actual Startup Time": 0.132,
                                                    "Actual Total Time": 614.444,
                                                    "Actual Rows": 4323018,
                                                    "Actual Loops": 2,
                                                    "Index Cond": "(role_id = rt.id)",
                                                    "Rows Removed by Index Recheck": 0
                                                  }
                                                ]
                                              }
                                            ]
                                          }
                                        ]
                                      }
                                    ]
                                  }
                                ]
                              },
                              {
                                "Node Type": "Hash",
                                "Parent Relationship": "Inner",
                                "Parallel Aware": true,
                                "Startup Cost": 4722.92,
                                "Total Cost": 4722.92,
                                "Plan Rows": 3935,
                                "Plan Width": 4,
                                "Actual Startup Time": 28.724,
                                "Actual Total Time": 28.725,
                                "Actual Rows": 3376,
                                "Actual Loops": 2,
                                "Hash Buckets": 8192,
                                "Original Hash Buckets": 8192,
                                "Hash Batches": 1,
                                "Original Hash Batches": 1,
                                "Peak Memory Usage": 384,
                                "Plans": [
                                  {
                                    "Node Type": "Seq Scan",
                                    "Parent Relationship": "Outer",
                                    "Parallel Aware": true,
                                    "Relation Name": "company_name",
                                    "Alias": "cn",
                                    "Startup Cost": 0.0,
                                    "Total Cost": 4722.92,
                                    "Plan Rows": 3935,
                                    "Plan Width": 4,
                                    "Actual Startup Time": 0.048,
                                    "Actual Total Time": 27.133,
                                    "Actual Rows": 3376,
                                    "Actual Loops": 2,
                                    "Filter": "((country_code)::text = '[jp]'::text)",
                                    "Rows Removed by Filter": 114122
                                  }
                                ]
                              }
                            ]
                          },
                          {
                            "Node Type": "Index Only Scan",
                            "Parent Relationship": "Inner",
                            "Parallel Aware": false,
                            "Scan Direction": "Forward",
                            "Index Name": "name_pkey",
                            "Relation Name": "name",
                            "Alias": "n1",
                            "Startup Cost": 0.43,
                            "Total Cost": 0.46,
                            "Plan Rows": 1,
                            "Plan Width": 4,
                            "Actual Startup Time": 0.003,
                            "Actual Total Time": 0.003,
                            "Actual Rows": 1,
                            "Actual Loops": 529207,
                            "Index Cond": "(id = ci.person_id)",
                            "Rows Removed by Index Recheck": 0,
                            "Heap Fetches": 529207
                          }
                        ]
                      }
                    ]
                  }
                ]
              }
            ]
          }
        ]
      }
    ]
  },
  "Planning Time": 1.913,
  "Triggers": [],
  "Execution Time": 7714.036
}