[
    {
        "Bao": {
            "Bao prediction": 678.877,
            "Bao recommended hint": "(no hint)"
        }
    },
    {
        "Plan": {
            "Node Type": "Aggregate",
            "Strategy": "Plain",
            "Partial Mode": "Finalize",
            "Parallel Aware": false,
            "Startup Cost": 366782.48,
            "Total Cost": 366782.49,
            "Plan Rows": 1,
            "Plan Width": 8,
            "Actual Startup Time": 790.861,
            "Actual Total Time": 814.926,
            "Actual Rows": 1,
            "Actual Loops": 1,
            "Output": [
                "count(*)"
            ],
            "Plans": [
                {
                    "Node Type": "Gather",
                    "Parent Relationship": "Outer",
                    "Parallel Aware": false,
                    "Startup Cost": 366781.86,
                    "Total Cost": 366782.47,
                    "Plan Rows": 6,
                    "Plan Width": 8,
                    "Actual Startup Time": 770.694,
                    "Actual Total Time": 814.913,
                    "Actual Rows": 7,
                    "Actual Loops": 1,
                    "Output": [
                        "(PARTIAL count(*))"
                    ],
                    "Workers Planned": 6,
                    "Workers Launched": 6,
                    "Single Copy": false,
                    "Plans": [
                        {
                            "Node Type": "Aggregate",
                            "Strategy": "Plain",
                            "Partial Mode": "Partial",
                            "Parent Relationship": "Outer",
                            "Parallel Aware": false,
                            "Startup Cost": 365781.86,
                            "Total Cost": 365781.87,
                            "Plan Rows": 1,
                            "Plan Width": 8,
                            "Actual Startup Time": 748.211,
                            "Actual Total Time": 748.215,
                            "Actual Rows": 1,
                            "Actual Loops": 7,
                            "Output": [
                                "PARTIAL count(*)"
                            ],
                            "Workers": [
                                {
                                    "Worker Number": 0,
                                    "Actual Startup Time": 744.174,
                                    "Actual Total Time": 744.179,
                                    "Actual Rows": 1,
                                    "Actual Loops": 1
                                },
                                {
                                    "Worker Number": 1,
                                    "Actual Startup Time": 744.182,
                                    "Actual Total Time": 744.185,
                                    "Actual Rows": 1,
                                    "Actual Loops": 1
                                },
                                {
                                    "Worker Number": 2,
                                    "Actual Startup Time": 744.417,
                                    "Actual Total Time": 744.42,
                                    "Actual Rows": 1,
                                    "Actual Loops": 1
                                },
                                {
                                    "Worker Number": 3,
                                    "Actual Startup Time": 744.29,
                                    "Actual Total Time": 744.294,
                                    "Actual Rows": 1,
                                    "Actual Loops": 1
                                },
                                {
                                    "Worker Number": 4,
                                    "Actual Startup Time": 744.403,
                                    "Actual Total Time": 744.406,
                                    "Actual Rows": 1,
                                    "Actual Loops": 1
                                },
                                {
                                    "Worker Number": 5,
                                    "Actual Startup Time": 746.197,
                                    "Actual Total Time": 746.2,
                                    "Actual Rows": 1,
                                    "Actual Loops": 1
                                }
                            ],
                            "Plans": [
                                {
                                    "Node Type": "Hash Join",
                                    "Parent Relationship": "Outer",
                                    "Parallel Aware": true,
                                    "Join Type": "Inner",
                                    "Startup Cost": 105711.6,
                                    "Total Cost": 364734.59,
                                    "Plan Rows": 418908,
                                    "Plan Width": 0,
                                    "Actual Startup Time": 439.018,
                                    "Actual Total Time": 721.766,
                                    "Actual Rows": 367593,
                                    "Actual Loops": 7,
                                    "Inner Unique": true,
                                    "Hash Cond": "(ci.movie_id = t.id)",
                                    "Workers": [
                                        {
                                            "Worker Number": 0,
                                            "Actual Startup Time": 435.433,
                                            "Actual Total Time": 716.927,
                                            "Actual Rows": 369614,
                                            "Actual Loops": 1
                                        },
                                        {
                                            "Worker Number": 1,
                                            "Actual Startup Time": 435.48,
                                            "Actual Total Time": 717.224,
                                            "Actual Rows": 367054,
                                            "Actual Loops": 1
                                        },
                                        {
                                            "Worker Number": 2,
                                            "Actual Startup Time": 435.554,
                                            "Actual Total Time": 717.156,
                                            "Actual Rows": 370293,
                                            "Actual Loops": 1
                                        },
                                        {
                                            "Worker Number": 3,
                                            "Actual Startup Time": 435.003,
                                            "Actual Total Time": 718.833,
                                            "Actual Rows": 355974,
                                            "Actual Loops": 1
                                        },
                                        {
                                            "Worker Number": 4,
                                            "Actual Startup Time": 435.334,
                                            "Actual Total Time": 717.475,
                                            "Actual Rows": 364471,
                                            "Actual Loops": 1
                                        },
                                        {
                                            "Worker Number": 5,
                                            "Actual Startup Time": 435.442,
                                            "Actual Total Time": 719.085,
                                            "Actual Rows": 366979,
                                            "Actual Loops": 1
                                        }
                                    ],
                                    "Plans": [
                                        {
                                            "Node Type": "Bitmap Heap Scan",
                                            "Parent Relationship": "Outer",
                                            "Parallel Aware": true,
                                            "Relation Name": "cast_info",
                                            "Schema": "public",
                                            "Alias": "ci",
                                            "Startup Cost": 55491.79,
                                            "Total Cost": 313415.15,
                                            "Plan Rows": 418908,
                                            "Plan Width": 4,
                                            "Actual Startup Time": 159.592,
                                            "Actual Total Time": 255.256,
                                            "Actual Rows": 367593,
                                            "Actual Loops": 7,
                                            "Output": [
                                                "ci.id",
                                                "ci.person_id",
                                                "ci.movie_id",
                                                "ci.person_role_id",
                                                "ci.note",
                                                "ci.nr_order",
                                                "ci.role_id"
                                            ],
                                            "Recheck Cond": "(ci.person_id > 3561661)",
                                            "Rows Removed by Index Recheck": 0,
                                            "Exact Heap Blocks": 5511,
                                            "Lossy Heap Blocks": 0,
                                            "Workers": [
                                                {
                                                    "Worker Number": 0,
                                                    "Actual Startup Time": 159.727,
                                                    "Actual Total Time": 255.952,
                                                    "Actual Rows": 369614,
                                                    "Actual Loops": 1
                                                },
                                                {
                                                    "Worker Number": 1,
                                                    "Actual Startup Time": 159.775,
                                                    "Actual Total Time": 256.639,
                                                    "Actual Rows": 367054,
                                                    "Actual Loops": 1
                                                },
                                                {
                                                    "Worker Number": 2,
                                                    "Actual Startup Time": 159.635,
                                                    "Actual Total Time": 255.824,
                                                    "Actual Rows": 370293,
                                                    "Actual Loops": 1
                                                },
                                                {
                                                    "Worker Number": 3,
                                                    "Actual Startup Time": 159.353,
                                                    "Actual Total Time": 260.509,
                                                    "Actual Rows": 355974,
                                                    "Actual Loops": 1
                                                },
                                                {
                                                    "Worker Number": 4,
                                                    "Actual Startup Time": 159.555,
                                                    "Actual Total Time": 255.767,
                                                    "Actual Rows": 364471,
                                                    "Actual Loops": 1
                                                },
                                                {
                                                    "Worker Number": 5,
                                                    "Actual Startup Time": 159.505,
                                                    "Actual Total Time": 256.729,
                                                    "Actual Rows": 366979,
                                                    "Actual Loops": 1
                                                }
                                            ],
                                            "Plans": [
                                                {
                                                    "Node Type": "Bitmap Index Scan",
                                                    "Parent Relationship": "Outer",
                                                    "Parallel Aware": false,
                                                    "Index Name": "person_id_cast_info",
                                                    "Startup Cost": 0.0,
                                                    "Total Cost": 54863.43,
                                                    "Plan Rows": 2513449,
                                                    "Plan Width": 0,
                                                    "Actual Startup Time": 149.852,
                                                    "Actual Total Time": 149.853,
                                                    "Actual Rows": 2573148,
                                                    "Actual Loops": 1,
                                                    "Index Cond": "(ci.person_id > 3561661)",
                                                    "Workers": [
                                                        {
                                                            "Worker Number": 3,
                                                            "Actual Startup Time": 149.852,
                                                            "Actual Total Time": 149.853,
                                                            "Actual Rows": 2573148,
                                                            "Actual Loops": 1
                                                        }
                                                    ]
                                                }
                                            ]
                                        },
                                        {
                                            "Node Type": "Hash",
                                            "Parent Relationship": "Inner",
                                            "Parallel Aware": true,
                                            "Startup Cost": 42318.81,
                                            "Total Cost": 42318.81,
                                            "Plan Rows": 632080,
                                            "Plan Width": 4,
                                            "Actual Startup Time": 272.108,
                                            "Actual Total Time": 272.109,
                                            "Actual Rows": 361187,
                                            "Actual Loops": 7,
                                            "Output": [
                                                "t.id"
                                            ],
                                            "Hash Buckets": 4194304,
                                            "Original Hash Buckets": 4194304,
                                            "Hash Batches": 1,
                                            "Original Hash Batches": 1,
                                            "Peak Memory Usage": 131808,
                                            "Workers": [
                                                {
                                                    "Worker Number": 0,
                                                    "Actual Startup Time": 275.032,
                                                    "Actual Total Time": 275.033,
                                                    "Actual Rows": 355504,
                                                    "Actual Loops": 1
                                                },
                                                {
                                                    "Worker Number": 1,
                                                    "Actual Startup Time": 275.043,
                                                    "Actual Total Time": 275.045,
                                                    "Actual Rows": 348987,
                                                    "Actual Loops": 1
                                                },
                                                {
                                                    "Worker Number": 2,
                                                    "Actual Startup Time": 275.29,
                                                    "Actual Total Time": 275.291,
                                                    "Actual Rows": 355387,
                                                    "Actual Loops": 1
                                                },
                                                {
                                                    "Worker Number": 3,
                                                    "Actual Startup Time": 275.253,
                                                    "Actual Total Time": 275.254,
                                                    "Actual Rows": 334730,
                                                    "Actual Loops": 1
                                                },
                                                {
                                                    "Worker Number": 4,
                                                    "Actual Startup Time": 275.28,
                                                    "Actual Total Time": 275.281,
                                                    "Actual Rows": 348046,
                                                    "Actual Loops": 1
                                                },
                                                {
                                                    "Worker Number": 5,
                                                    "Actual Startup Time": 275.357,
                                                    "Actual Total Time": 275.358,
                                                    "Actual Rows": 348579,
                                                    "Actual Loops": 1
                                                }
                                            ],
                                            "Plans": [
                                                {
                                                    "Node Type": "Seq Scan",
                                                    "Parent Relationship": "Outer",
                                                    "Parallel Aware": true,
                                                    "Relation Name": "title",
                                                    "Schema": "public",
                                                    "Alias": "t",
                                                    "Startup Cost": 0.0,
                                                    "Total Cost": 42318.81,
                                                    "Plan Rows": 632080,
                                                    "Plan Width": 4,
                                                    "Actual Startup Time": 0.037,
                                                    "Actual Total Time": 80.933,
                                                    "Actual Rows": 361187,
                                                    "Actual Loops": 7,
                                                    "Output": [
                                                        "t.id"
                                                    ],
                                                    "Workers": [
                                                        {
                                                            "Worker Number": 0,
                                                            "Actual Startup Time": 0.034,
                                                            "Actual Total Time": 83.834,
                                                            "Actual Rows": 355504,
                                                            "Actual Loops": 1
                                                        },
                                                        {
                                                            "Worker Number": 1,
                                                            "Actual Startup Time": 0.034,
                                                            "Actual Total Time": 83.005,
                                                            "Actual Rows": 348987,
                                                            "Actual Loops": 1
                                                        },
                                                        {
                                                            "Worker Number": 2,
                                                            "Actual Startup Time": 0.048,
                                                            "Actual Total Time": 83.494,
                                                            "Actual Rows": 355387,
                                                            "Actual Loops": 1
                                                        },
                                                        {
                                                            "Worker Number": 3,
                                                            "Actual Startup Time": 0.049,
                                                            "Actual Total Time": 83.017,
                                                            "Actual Rows": 334730,
                                                            "Actual Loops": 1
                                                        },
                                                        {
                                                            "Worker Number": 4,
                                                            "Actual Startup Time": 0.042,
                                                            "Actual Total Time": 83.473,
                                                            "Actual Rows": 348046,
                                                            "Actual Loops": 1
                                                        },
                                                        {
                                                            "Worker Number": 5,
                                                            "Actual Startup Time": 0.038,
                                                            "Actual Total Time": 83.366,
                                                            "Actual Rows": 348579,
                                                            "Actual Loops": 1
                                                        }
                                                    ]
                                                }
                                            ]
                                        }
                                    ]
                                }
                            ]
                        }
                    ]
                }
            ]
        },
        "Planning Time": 4275.031,
        "Triggers": [],
        "Execution Time": 815.063
    }
]