[
  {
    "Plan": {
      "Node Type": "Aggregate",
      "Strategy": "Plain",
      "Partial Mode": "Finalize",
      "Parallel Aware": false,
      "Startup Cost": 46693.13,
      "Total Cost": 46693.14,
      "Plan Rows": 1,
      "Plan Width": 8,
      "Actual Startup Time": 164.432,
      "Actual Total Time": 171.628,
      "Actual Rows": 1,
      "Actual Loops": 1,
      "Plans": [
        {
          "Node Type": "Gather",
          "Parent Relationship": "Outer",
          "Parallel Aware": false,
          "Startup Cost": 46692.82,
          "Total Cost": 46693.13,
          "Plan Rows": 3,
          "Plan Width": 8,
          "Actual Startup Time": 164.335,
          "Actual Total Time": 171.617,
          "Actual Rows": 4,
          "Actual Loops": 1,
          "Workers Planned": 3,
          "Workers Launched": 3,
          "Single Copy": false,
          "Plans": [
            {
              "Node Type": "Aggregate",
              "Strategy": "Plain",
              "Partial Mode": "Partial",
              "Parent Relationship": "Outer",
              "Parallel Aware": false,
              "Startup Cost": 45692.82,
              "Total Cost": 45692.83,
              "Plan Rows": 1,
              "Plan Width": 8,
              "Actual Startup Time": 156.86,
              "Actual Total Time": 156.861,
              "Actual Rows": 1,
              "Actual Loops": 4,
              "Plans": [
                {
                  "Node Type": "Seq Scan",
                  "Parent Relationship": "Outer",
                  "Parallel Aware": true,
                  "Relation Name": "movie_keyword",
                  "Alias": "mk",
                  "Startup Cost": 0.0,
                  "Total Cost": 42695.65,
                  "Plan Rows": 1198865,
                  "Plan Width": 0,
                  "Actual Startup Time": 0.055,
                  "Actual Total Time": 115.786,
                  "Actual Rows": 929918,
                  "Actual Loops": 4,
                  "Filter": "(keyword_id < 23040)",
                  "Rows Removed by Filter": 201065
                }
              ]
            }
          ]
        }
      ]
    },
    "Planning Time": 0.189,
    "Triggers": [],
    "Execution Time": 171.687
  }
]