{
    "Plan": {
        "Node Type": "Aggregate",
        "Strategy": "Plain",
        "Partial Mode": "Simple",
        "Parallel Aware": false,
        "Startup Cost": 38250.71,
        "Total Cost": 38250.72,
        "Plan Rows": 1,
        "Plan Width": 8,
        "Actual Startup Time": 44.648,
        "Actual Total Time": 44.649,
        "Actual Rows": 1,
        "Actual Loops": 1,
        "Output": [
            "count(*)"
        ],
        "Plans": [
            {
                "Node Type": "Nested Loop",
                "Parent Relationship": "Outer",
                "Parallel Aware": false,
                "Join Type": "Inner",
                "Startup Cost": 1.29,
                "Total Cost": 38236.31,
                "Plan Rows": 5758,
                "Plan Width": 0,
                "Actual Startup Time": 0.238,
                "Actual Total Time": 43.561,
                "Actual Rows": 13623,
                "Actual Loops": 1,
                "Inner Unique": false,
                "Plans": [
                    {
                        "Node Type": "Nested Loop",
                        "Parent Relationship": "Outer",
                        "Parallel Aware": false,
                        "Join Type": "Inner",
                        "Startup Cost": 0.86,
                        "Total Cost": 32541.33,
                        "Plan Rows": 3218,
                        "Plan Width": 8,
                        "Actual Startup Time": 0.219,
                        "Actual Total Time": 23.084,
                        "Actual Rows": 3529,
                        "Actual Loops": 1,
                        "Output": [
                            "t.id",
                            "mc.movie_id"
                        ],
                        "Inner Unique": true,
                        "Plans": [
                            {
                                "Node Type": "Index Scan",
                                "Parent Relationship": "Outer",
                                "Parallel Aware": false,
                                "Scan Direction": "Forward",
                                "Index Name": "company_id_movie_companies",
                                "Relation Name": "movie_companies",
                                "Schema": "public",
                                "Alias": "mc",
                                "Startup Cost": 0.43,
                                "Total Cost": 7853.28,
                                "Plan Rows": 3218,
                                "Plan Width": 4,
                                "Actual Startup Time": 0.193,
                                "Actual Total Time": 4.557,
                                "Actual Rows": 3529,
                                "Actual Loops": 1,
                                "Output": [
                                    "mc.id",
                                    "mc.movie_id",
                                    "mc.company_id",
                                    "mc.company_type_id",
                                    "mc.note"
                                ],
                                "Index Cond": "(mc.company_id = 419)",
                                "Rows Removed by Index Recheck": 0
                            },
                            {
                                "Node Type": "Index Only Scan",
                                "Parent Relationship": "Inner",
                                "Parallel Aware": false,
                                "Scan Direction": "Forward",
                                "Index Name": "title_pkey",
                                "Relation Name": "title",
                                "Schema": "public",
                                "Alias": "t",
                                "Startup Cost": 0.43,
                                "Total Cost": 7.67,
                                "Plan Rows": 1,
                                "Plan Width": 4,
                                "Actual Startup Time": 0.005,
                                "Actual Total Time": 0.005,
                                "Actual Rows": 1,
                                "Actual Loops": 3529,
                                "Output": [
                                    "t.id"
                                ],
                                "Index Cond": "(t.id = mc.movie_id)",
                                "Rows Removed by Index Recheck": 0,
                                "Heap Fetches": 3529
                            }
                        ]
                    },
                    {
                        "Node Type": "Index Only Scan",
                        "Parent Relationship": "Inner",
                        "Parallel Aware": false,
                        "Scan Direction": "Forward",
                        "Index Name": "movie_id_movie_keyword",
                        "Relation Name": "movie_keyword",
                        "Schema": "public",
                        "Alias": "mk",
                        "Startup Cost": 0.43,
                        "Total Cost": 1.31,
                        "Plan Rows": 46,
                        "Plan Width": 4,
                        "Actual Startup Time": 0.004,
                        "Actual Total Time": 0.005,
                        "Actual Rows": 4,
                        "Actual Loops": 3529,
                        "Output": [
                            "mk.movie_id"
                        ],
                        "Index Cond": "(mk.movie_id = t.id)",
                        "Rows Removed by Index Recheck": 0,
                        "Heap Fetches": 13623
                    }
                ]
            }
        ]
    },
    "Planning Time": 1.603,
    "Triggers": [],
    "Execution Time": 44.715
}