[
    {
        "Bao": {
            "Bao prediction": "NaN",
            "Bao recommended hint": "(no hint)"
        }
    },
    {
        "Plan": {
            "Node Type": "Aggregate",
            "Strategy": "Plain",
            "Partial Mode": "Finalize",
            "Parallel Aware": false,
            "Startup Cost": 32889.83,
            "Total Cost": 32889.84,
            "Plan Rows": 1,
            "Plan Width": 8,
            "Actual Startup Time": 89.46,
            "Actual Total Time": 94.336,
            "Actual Rows": 1,
            "Actual Loops": 1,
            "Output": [
                "count(*)"
            ],
            "Plans": [
                {
                    "Node Type": "Gather",
                    "Parent Relationship": "Outer",
                    "Parallel Aware": false,
                    "Startup Cost": 32889.51,
                    "Total Cost": 32889.82,
                    "Plan Rows": 3,
                    "Plan Width": 8,
                    "Actual Startup Time": 89.327,
                    "Actual Total Time": 94.328,
                    "Actual Rows": 4,
                    "Actual Loops": 1,
                    "Output": [
                        "(PARTIAL count(*))"
                    ],
                    "Workers Planned": 3,
                    "Workers Launched": 3,
                    "Single Copy": false,
                    "Plans": [
                        {
                            "Node Type": "Aggregate",
                            "Strategy": "Plain",
                            "Partial Mode": "Partial",
                            "Parent Relationship": "Outer",
                            "Parallel Aware": false,
                            "Startup Cost": 31889.51,
                            "Total Cost": 31889.52,
                            "Plan Rows": 1,
                            "Plan Width": 8,
                            "Actual Startup Time": 81.326,
                            "Actual Total Time": 81.327,
                            "Actual Rows": 1,
                            "Actual Loops": 4,
                            "Output": [
                                "PARTIAL count(*)"
                            ],
                            "Workers": [
                                {
                                    "Worker Number": 0,
                                    "Actual Startup Time": 78.653,
                                    "Actual Total Time": 78.655,
                                    "Actual Rows": 1,
                                    "Actual Loops": 1
                                },
                                {
                                    "Worker Number": 1,
                                    "Actual Startup Time": 78.92,
                                    "Actual Total Time": 78.921,
                                    "Actual Rows": 1,
                                    "Actual Loops": 1
                                },
                                {
                                    "Worker Number": 2,
                                    "Actual Startup Time": 78.744,
                                    "Actual Total Time": 78.745,
                                    "Actual Rows": 1,
                                    "Actual Loops": 1
                                }
                            ],
                            "Plans": [
                                {
                                    "Node Type": "Seq Scan",
                                    "Parent Relationship": "Outer",
                                    "Parallel Aware": true,
                                    "Relation Name": "movie_companies",
                                    "Schema": "public",
                                    "Alias": "mc",
                                    "Startup Cost": 0.0,
                                    "Total Cost": 31414.82,
                                    "Plan Rows": 189876,
                                    "Plan Width": 0,
                                    "Actual Startup Time": 46.276,
                                    "Actual Total Time": 77.089,
                                    "Actual Rows": 93885,
                                    "Actual Loops": 4,
                                    "Output": [
                                        "id",
                                        "movie_id",
                                        "company_id",
                                        "company_type_id",
                                        "note"
                                    ],
                                    "Filter": "((mc.company_id < 9087) AND (mc.company_type_id = 2))",
                                    "Rows Removed by Filter": 558397,
                                    "Workers": [
                                        {
                                            "Worker Number": 0,
                                            "Actual Startup Time": 43.603,
                                            "Actual Total Time": 74.477,
                                            "Actual Rows": 100330,
                                            "Actual Loops": 1
                                        },
                                        {
                                            "Worker Number": 1,
                                            "Actual Startup Time": 43.872,
                                            "Actual Total Time": 74.827,
                                            "Actual Rows": 97852,
                                            "Actual Loops": 1
                                        },
                                        {
                                            "Worker Number": 2,
                                            "Actual Startup Time": 43.688,
                                            "Actual Total Time": 74.605,
                                            "Actual Rows": 59991,
                                            "Actual Loops": 1
                                        }
                                    ]
                                }
                            ]
                        }
                    ]
                }
            ]
        },
        "Planning Time": 287.032,
        "Triggers": [],
        "Execution Time": 94.385
    }
]