[
  {
    "Plan": {
      "Node Type": "Aggregate",
      "Strategy": "Plain",
      "Partial Mode": "Finalize",
      "Parallel Aware": false,
      "Startup Cost": 139746.97,
      "Total Cost": 139746.98,
      "Plan Rows": 1,
      "Plan Width": 8,
      "Actual Startup Time": 106.811,
      "Actual Total Time": 125.248,
      "Actual Rows": 1,
      "Actual Loops": 1,
      "Plans": [
        {
          "Node Type": "Gather",
          "Parent Relationship": "Outer",
          "Parallel Aware": false,
          "Startup Cost": 139746.55,
          "Total Cost": 139746.96,
          "Plan Rows": 4,
          "Plan Width": 8,
          "Actual Startup Time": 106.618,
          "Actual Total Time": 125.24,
          "Actual Rows": 5,
          "Actual Loops": 1,
          "Workers Planned": 4,
          "Workers Launched": 4,
          "Single Copy": false,
          "Plans": [
            {
              "Node Type": "Aggregate",
              "Strategy": "Plain",
              "Partial Mode": "Partial",
              "Parent Relationship": "Outer",
              "Parallel Aware": false,
              "Startup Cost": 138746.55,
              "Total Cost": 138746.56,
              "Plan Rows": 1,
              "Plan Width": 8,
              "Actual Startup Time": 101.358,
              "Actual Total Time": 101.36,
              "Actual Rows": 1,
              "Actual Loops": 5,
              "Plans": [
                {
                  "Node Type": "Nested Loop",
                  "Parent Relationship": "Outer",
                  "Parallel Aware": false,
                  "Join Type": "Inner",
                  "Startup Cost": 0.43,
                  "Total Cost": 138739.72,
                  "Plan Rows": 2730,
                  "Plan Width": 0,
                  "Actual Startup Time": 36.518,
                  "Actual Total Time": 100.903,
                  "Actual Rows": 5452,
                  "Actual Loops": 5,
                  "Inner Unique": false,
                  "Plans": [
                    {
                      "Node Type": "Seq Scan",
                      "Parent Relationship": "Outer",
                      "Parallel Aware": true,
                      "Relation Name": "title",
                      "Alias": "t",
                      "Startup Cost": 0.0,
                      "Total Cost": 43899.32,
                      "Plan Rows": 780,
                      "Plan Width": 4,
                      "Actual Startup Time": 29.469,
                      "Actual Total Time": 74.312,
                      "Actual Rows": 560,
                      "Actual Loops": 5,
                      "Filter": "(production_year = 1936)",
                      "Rows Removed by Filter": 505103
                    },
                    {
                      "Node Type": "Index Scan",
                      "Parent Relationship": "Inner",
                      "Parallel Aware": false,
                      "Scan Direction": "Forward",
                      "Index Name": "movie_id_movie_info",
                      "Relation Name": "movie_info",
                      "Alias": "mi",
                      "Startup Cost": 0.43,
                      "Total Cost": 121.34,
                      "Plan Rows": 25,
                      "Plan Width": 4,
                      "Actual Startup Time": 0.014,
                      "Actual Total Time": 0.046,
                      "Actual Rows": 10,
                      "Actual Loops": 2798,
                      "Index Cond": "(movie_id = t.id)",
                      "Rows Removed by Index Recheck": 0,
                      "Filter": "(info_type_id < 13)",
                      "Rows Removed by Filter": 4
                    }
                  ]
                }
              ]
            }
          ]
        }
      ]
    },
    "Planning Time": 0.267,
    "Triggers": [],
    "Execution Time": 125.287
  }
]