[
    {
        "Bao": {
            "Bao prediction": "NaN",
            "Bao recommended hint": "(no hint)"
        }
    },
    {
        "Plan": {
            "Node Type": "Aggregate",
            "Strategy": "Plain",
            "Partial Mode": "Finalize",
            "Parallel Aware": false,
            "Startup Cost": 348530.81,
            "Total Cost": 348530.82,
            "Plan Rows": 1,
            "Plan Width": 8,
            "Actual Startup Time": 829.165,
            "Actual Total Time": 858.95,
            "Actual Rows": 1,
            "Actual Loops": 1,
            "Output": [
                "count(*)"
            ],
            "Plans": [
                {
                    "Node Type": "Gather",
                    "Parent Relationship": "Outer",
                    "Parallel Aware": false,
                    "Startup Cost": 348530.18,
                    "Total Cost": 348530.79,
                    "Plan Rows": 6,
                    "Plan Width": 8,
                    "Actual Startup Time": 829.069,
                    "Actual Total Time": 858.943,
                    "Actual Rows": 7,
                    "Actual Loops": 1,
                    "Output": [
                        "(PARTIAL count(*))"
                    ],
                    "Workers Planned": 6,
                    "Workers Launched": 6,
                    "Single Copy": false,
                    "Plans": [
                        {
                            "Node Type": "Aggregate",
                            "Strategy": "Plain",
                            "Partial Mode": "Partial",
                            "Parent Relationship": "Outer",
                            "Parallel Aware": false,
                            "Startup Cost": 347530.18,
                            "Total Cost": 347530.19,
                            "Plan Rows": 1,
                            "Plan Width": 8,
                            "Actual Startup Time": 819.393,
                            "Actual Total Time": 819.394,
                            "Actual Rows": 1,
                            "Actual Loops": 7,
                            "Output": [
                                "PARTIAL count(*)"
                            ],
                            "Workers": [
                                {
                                    "Worker Number": 0,
                                    "Actual Startup Time": 817.013,
                                    "Actual Total Time": 817.015,
                                    "Actual Rows": 1,
                                    "Actual Loops": 1
                                },
                                {
                                    "Worker Number": 1,
                                    "Actual Startup Time": 817.03,
                                    "Actual Total Time": 817.031,
                                    "Actual Rows": 1,
                                    "Actual Loops": 1
                                },
                                {
                                    "Worker Number": 2,
                                    "Actual Startup Time": 817.892,
                                    "Actual Total Time": 817.893,
                                    "Actual Rows": 1,
                                    "Actual Loops": 1
                                },
                                {
                                    "Worker Number": 3,
                                    "Actual Startup Time": 818.181,
                                    "Actual Total Time": 818.183,
                                    "Actual Rows": 1,
                                    "Actual Loops": 1
                                },
                                {
                                    "Worker Number": 4,
                                    "Actual Startup Time": 818.39,
                                    "Actual Total Time": 818.39,
                                    "Actual Rows": 1,
                                    "Actual Loops": 1
                                },
                                {
                                    "Worker Number": 5,
                                    "Actual Startup Time": 818.492,
                                    "Actual Total Time": 818.494,
                                    "Actual Rows": 1,
                                    "Actual Loops": 1
                                }
                            ],
                            "Plans": [
                                {
                                    "Node Type": "Seq Scan",
                                    "Parent Relationship": "Outer",
                                    "Parallel Aware": true,
                                    "Relation Name": "cast_info",
                                    "Schema": "public",
                                    "Alias": "ci",
                                    "Startup Cost": 0.0,
                                    "Total Cost": 343318.94,
                                    "Plan Rows": 1684497,
                                    "Plan Width": 0,
                                    "Actual Startup Time": 265.64,
                                    "Actual Total Time": 703.107,
                                    "Actual Rows": 2241566,
                                    "Actual Loops": 7,
                                    "Output": [
                                        "id",
                                        "person_id",
                                        "movie_id",
                                        "person_role_id",
                                        "note",
                                        "nr_order",
                                        "role_id"
                                    ],
                                    "Filter": "((ci.person_id > 2068390) AND (ci.role_id > 1))",
                                    "Rows Removed by Filter": 2936198,
                                    "Workers": [
                                        {
                                            "Worker Number": 0,
                                            "Actual Startup Time": 263.26,
                                            "Actual Total Time": 701.966,
                                            "Actual Rows": 1731563,
                                            "Actual Loops": 1
                                        },
                                        {
                                            "Worker Number": 1,
                                            "Actual Startup Time": 263.286,
                                            "Actual Total Time": 702.271,
                                            "Actual Rows": 1719414,
                                            "Actual Loops": 1
                                        },
                                        {
                                            "Worker Number": 2,
                                            "Actual Startup Time": 264.123,
                                            "Actual Total Time": 705.551,
                                            "Actual Rows": 2749846,
                                            "Actual Loops": 1
                                        },
                                        {
                                            "Worker Number": 3,
                                            "Actual Startup Time": 264.451,
                                            "Actual Total Time": 702.796,
                                            "Actual Rows": 1736143,
                                            "Actual Loops": 1
                                        },
                                        {
                                            "Worker Number": 4,
                                            "Actual Startup Time": 264.622,
                                            "Actual Total Time": 705.683,
                                            "Actual Rows": 2759747,
                                            "Actual Loops": 1
                                        },
                                        {
                                            "Worker Number": 5,
                                            "Actual Startup Time": 264.753,
                                            "Actual Total Time": 703.569,
                                            "Actual Rows": 1720800,
                                            "Actual Loops": 1
                                        }
                                    ]
                                }
                            ]
                        }
                    ]
                }
            ]
        },
        "Planning Time": 176.788,
        "Triggers": [],
        "Execution Time": 858.991
    }
]