[
  {
    "Plan": {
      "Node Type": "Aggregate",
      "Strategy": "Plain",
      "Partial Mode": "Finalize",
      "Parallel Aware": false,
      "Startup Cost": 32324.49,
      "Total Cost": 32324.5,
      "Plan Rows": 1,
      "Plan Width": 8,
      "Actual Startup Time": 129.022,
      "Actual Total Time": 137.453,
      "Actual Rows": 1,
      "Actual Loops": 1,
      "Plans": [
        {
          "Node Type": "Gather",
          "Parent Relationship": "Outer",
          "Parallel Aware": false,
          "Startup Cost": 32324.17,
          "Total Cost": 32324.48,
          "Plan Rows": 3,
          "Plan Width": 8,
          "Actual Startup Time": 128.9,
          "Actual Total Time": 137.441,
          "Actual Rows": 4,
          "Actual Loops": 1,
          "Workers Planned": 3,
          "Workers Launched": 3,
          "Single Copy": false,
          "Plans": [
            {
              "Node Type": "Aggregate",
              "Strategy": "Plain",
              "Partial Mode": "Partial",
              "Parent Relationship": "Outer",
              "Parallel Aware": false,
              "Startup Cost": 31324.17,
              "Total Cost": 31324.18,
              "Plan Rows": 1,
              "Plan Width": 8,
              "Actual Startup Time": 120.53,
              "Actual Total Time": 120.531,
              "Actual Rows": 1,
              "Actual Loops": 4,
              "Plans": [
                {
                  "Node Type": "Seq Scan",
                  "Parent Relationship": "Outer",
                  "Parallel Aware": true,
                  "Relation Name": "movie_companies",
                  "Alias": "mc",
                  "Startup Cost": 0.0,
                  "Total Cost": 29310.68,
                  "Plan Rows": 805395,
                  "Plan Width": 0,
                  "Actual Startup Time": 0.066,
                  "Actual Total Time": 91.043,
                  "Actual Rows": 624618,
                  "Actual Loops": 4,
                  "Filter": "(company_id < 151482)",
                  "Rows Removed by Filter": 27664
                }
              ]
            }
          ]
        }
      ]
    },
    "Planning Time": 0.194,
    "Triggers": [],
    "Execution Time": 137.507
  }
]