[
  {
    "Plan": {
      "Node Type": "Aggregate",
      "Strategy": "Plain",
      "Partial Mode": "Finalize",
      "Parallel Aware": false,
      "Startup Cost": 32321.79,
      "Total Cost": 32321.8,
      "Plan Rows": 1,
      "Plan Width": 8,
      "Actual Startup Time": 125.903,
      "Actual Total Time": 134.649,
      "Actual Rows": 1,
      "Actual Loops": 1,
      "Plans": [
        {
          "Node Type": "Gather",
          "Parent Relationship": "Outer",
          "Parallel Aware": false,
          "Startup Cost": 32321.47,
          "Total Cost": 32321.78,
          "Plan Rows": 3,
          "Plan Width": 8,
          "Actual Startup Time": 125.814,
          "Actual Total Time": 134.64,
          "Actual Rows": 4,
          "Actual Loops": 1,
          "Workers Planned": 3,
          "Workers Launched": 3,
          "Single Copy": false,
          "Plans": [
            {
              "Node Type": "Aggregate",
              "Strategy": "Plain",
              "Partial Mode": "Partial",
              "Parent Relationship": "Outer",
              "Parallel Aware": false,
              "Startup Cost": 31321.47,
              "Total Cost": 31321.48,
              "Plan Rows": 1,
              "Plan Width": 8,
              "Actual Startup Time": 120.077,
              "Actual Total Time": 120.078,
              "Actual Rows": 1,
              "Actual Loops": 4,
              "Plans": [
                {
                  "Node Type": "Seq Scan",
                  "Parent Relationship": "Outer",
                  "Parallel Aware": true,
                  "Relation Name": "movie_companies",
                  "Alias": "mc",
                  "Startup Cost": 0.0,
                  "Total Cost": 29310.68,
                  "Plan Rows": 804316,
                  "Plan Width": 0,
                  "Actual Startup Time": 0.036,
                  "Actual Total Time": 88.411,
                  "Actual Rows": 624618,
                  "Actual Loops": 4,
                  "Filter": "(company_id < 151482)",
                  "Rows Removed by Filter": 27664
                }
              ]
            }
          ]
        }
      ]
    },
    "Planning Time": 0.197,
    "Triggers": [],
    "Execution Time": 134.705
  }
]