[
  {
    "Plan": {
      "Node Type": "Aggregate",
      "Strategy": "Plain",
      "Partial Mode": "Finalize",
      "Parallel Aware": false,
      "Startup Cost": 33457.09,
      "Total Cost": 33457.1,
      "Plan Rows": 1,
      "Plan Width": 8,
      "Actual Startup Time": 104.333,
      "Actual Total Time": 112.089,
      "Actual Rows": 1,
      "Actual Loops": 1,
      "Plans": [
        {
          "Node Type": "Gather",
          "Parent Relationship": "Outer",
          "Parallel Aware": false,
          "Startup Cost": 33456.77,
          "Total Cost": 33457.08,
          "Plan Rows": 3,
          "Plan Width": 8,
          "Actual Startup Time": 104.215,
          "Actual Total Time": 112.076,
          "Actual Rows": 4,
          "Actual Loops": 1,
          "Workers Planned": 3,
          "Workers Launched": 3,
          "Single Copy": false,
          "Plans": [
            {
              "Node Type": "Aggregate",
              "Strategy": "Plain",
              "Partial Mode": "Partial",
              "Parent Relationship": "Outer",
              "Parallel Aware": false,
              "Startup Cost": 32456.77,
              "Total Cost": 32456.78,
              "Plan Rows": 1,
              "Plan Width": 8,
              "Actual Startup Time": 97.292,
              "Actual Total Time": 97.293,
              "Actual Rows": 1,
              "Actual Loops": 4,
              "Plans": [
                {
                  "Node Type": "Seq Scan",
                  "Parent Relationship": "Outer",
                  "Parallel Aware": true,
                  "Relation Name": "movie_companies",
                  "Alias": "mc",
                  "Startup Cost": 0.0,
                  "Total Cost": 31414.82,
                  "Plan Rows": 416780,
                  "Plan Width": 0,
                  "Actual Startup Time": 46.383,
                  "Actual Total Time": 83.878,
                  "Actual Rows": 331890,
                  "Actual Loops": 4,
                  "Filter": "((company_id > 6) AND (company_type_id > 1))",
                  "Rows Removed by Filter": 320392
                }
              ]
            }
          ]
        }
      ]
    },
    "Planning Time": 0.291,
    "Triggers": [],
    "Execution Time": 112.143
  }
]