{
  "Plan": {
    "Node Type": "Aggregate",
    "Strategy": "Plain",
    "Partial Mode": "Finalize",
    "Parallel Aware": false,
    "Startup Cost": 113901.21,
    "Total Cost": 113901.22,
    "Plan Rows": 1,
    "Plan Width": 8,
    "Actual Startup Time": 441.053,
    "Actual Total Time": 452.598,
    "Actual Rows": 1,
    "Actual Loops": 1,
    "Plans": [
      {
        "Node Type": "Gather",
        "Parent Relationship": "Outer",
        "Parallel Aware": false,
        "Startup Cost": 113901.1,
        "Total Cost": 113901.21,
        "Plan Rows": 1,
        "Plan Width": 8,
        "Actual Startup Time": 439.515,
        "Actual Total Time": 452.591,
        "Actual Rows": 2,
        "Actual Loops": 1,
        "Workers Planned": 1,
        "Workers Launched": 1,
        "Single Copy": false,
        "Plans": [
          {
            "Node Type": "Aggregate",
            "Strategy": "Plain",
            "Partial Mode": "Partial",
            "Parent Relationship": "Outer",
            "Parallel Aware": false,
            "Startup Cost": 112901.1,
            "Total Cost": 112901.11,
            "Plan Rows": 1,
            "Plan Width": 8,
            "Actual Startup Time": 433.078,
            "Actual Total Time": 433.082,
            "Actual Rows": 1,
            "Actual Loops": 2,
            "Plans": [
              {
                "Node Type": "Hash Join",
                "Parent Relationship": "Outer",
                "Parallel Aware": true,
                "Join Type": "Inner",
                "Startup Cost": 79100.28,
                "Total Cost": 112512.66,
                "Plan Rows": 155378,
                "Plan Width": 0,
                "Actual Startup Time": 279.946,
                "Actual Total Time": 419.89,
                "Actual Rows": 322616,
                "Actual Loops": 2,
                "Inner Unique": true,
                "Hash Cond": "(mk.movie_id = t.id)",
                "Plans": [
                  {
                    "Node Type": "Bitmap Heap Scan",
                    "Parent Relationship": "Outer",
                    "Parallel Aware": true,
                    "Relation Name": "movie_keyword",
                    "Alias": "mk",
                    "Startup Cost": 21359.85,
                    "Total Cost": 53217.46,
                    "Plan Rows": 592289,
                    "Plan Width": 4,
                    "Actual Startup Time": 58.356,
                    "Actual Total Time": 149.351,
                    "Actual Rows": 502731,
                    "Actual Loops": 2,
                    "Recheck Cond": "(keyword_id > 18327)",
                    "Rows Removed by Index Recheck": 0,
                    "Exact Heap Blocks": 13755,
                    "Lossy Heap Blocks": 0,
                    "Plans": [
                      {
                        "Node Type": "Bitmap Index Scan",
                        "Parent Relationship": "Outer",
                        "Parallel Aware": false,
                        "Index Name": "keyword_id_movie_keyword",
                        "Startup Cost": 0.0,
                        "Total Cost": 21108.12,
                        "Plan Rows": 1006892,
                        "Plan Width": 0,
                        "Actual Startup Time": 54.735,
                        "Actual Total Time": 54.736,
                        "Actual Rows": 1005462,
                        "Actual Loops": 1,
                        "Index Cond": "(keyword_id > 18327)"
                      }
                    ]
                  },
                  {
                    "Node Type": "Hash",
                    "Parent Relationship": "Inner",
                    "Parallel Aware": true,
                    "Startup Cost": 52863.55,
                    "Total Cost": 52863.55,
                    "Plan Rows": 390151,
                    "Plan Width": 4,
                    "Actual Startup Time": 171.964,
                    "Actual Total Time": 171.965,
                    "Actual Rows": 331412,
                    "Actual Loops": 2,
                    "Hash Buckets": 1048576,
                    "Original Hash Buckets": 1048576,
                    "Hash Batches": 1,
                    "Original Hash Batches": 1,
                    "Peak Memory Usage": 34144,
                    "Plans": [
                      {
                        "Node Type": "Bitmap Heap Scan",
                        "Parent Relationship": "Outer",
                        "Parallel Aware": true,
                        "Relation Name": "title",
                        "Alias": "t",
                        "Startup Cost": 11988.66,
                        "Total Cost": 52863.55,
                        "Plan Rows": 390151,
                        "Plan Width": 4,
                        "Actual Startup Time": 32.019,
                        "Actual Total Time": 95.088,
                        "Actual Rows": 331412,
                        "Actual Loops": 2,
                        "Recheck Cond": "(kind_id = 1)",
                        "Rows Removed by Index Recheck": 0,
                        "Exact Heap Blocks": 7746,
                        "Lossy Heap Blocks": 0,
                        "Plans": [
                          {
                            "Node Type": "Bitmap Index Scan",
                            "Parent Relationship": "Outer",
                            "Parallel Aware": false,
                            "Index Name": "kind_id_title",
                            "Startup Cost": 0.0,
                            "Total Cost": 11822.85,
                            "Plan Rows": 663256,
                            "Plan Width": 0,
                            "Actual Startup Time": 30.138,
                            "Actual Total Time": 30.138,
                            "Actual Rows": 662825,
                            "Actual Loops": 1,
                            "Index Cond": "(kind_id = 1)"
                          }
                        ]
                      }
                    ]
                  }
                ]
              }
            ]
          }
        ]
      }
    ]
  },
  "Planning Time": 0.467,
  "Triggers": [],
  "Execution Time": 452.705
}