[
  {
    "Plan": {
      "Node Type": "Aggregate",
      "Strategy": "Plain",
      "Partial Mode": "Finalize",
      "Parallel Aware": false,
      "Startup Cost": 217444.65,
      "Total Cost": 217444.66,
      "Plan Rows": 1,
      "Plan Width": 8,
      "Actual Startup Time": 135.878,
      "Actual Total Time": 156.584,
      "Actual Rows": 1,
      "Actual Loops": 1,
      "Plans": [
        {
          "Node Type": "Gather",
          "Parent Relationship": "Outer",
          "Parallel Aware": false,
          "Startup Cost": 217444.23,
          "Total Cost": 217444.64,
          "Plan Rows": 4,
          "Plan Width": 8,
          "Actual Startup Time": 135.761,
          "Actual Total Time": 156.576,
          "Actual Rows": 5,
          "Actual Loops": 1,
          "Workers Planned": 4,
          "Workers Launched": 4,
          "Single Copy": false,
          "Plans": [
            {
              "Node Type": "Aggregate",
              "Strategy": "Plain",
              "Partial Mode": "Partial",
              "Parent Relationship": "Outer",
              "Parallel Aware": false,
              "Startup Cost": 216444.23,
              "Total Cost": 216444.24,
              "Plan Rows": 1,
              "Plan Width": 8,
              "Actual Startup Time": 127.131,
              "Actual Total Time": 127.132,
              "Actual Rows": 1,
              "Actual Loops": 5,
              "Plans": [
                {
                  "Node Type": "Nested Loop",
                  "Parent Relationship": "Outer",
                  "Parallel Aware": false,
                  "Join Type": "Inner",
                  "Startup Cost": 0.43,
                  "Total Cost": 216411.0,
                  "Plan Rows": 13289,
                  "Plan Width": 0,
                  "Actual Startup Time": 0.315,
                  "Actual Total Time": 125.902,
                  "Actual Rows": 14902,
                  "Actual Loops": 5,
                  "Inner Unique": false,
                  "Plans": [
                    {
                      "Node Type": "Seq Scan",
                      "Parent Relationship": "Outer",
                      "Parallel Aware": true,
                      "Relation Name": "title",
                      "Alias": "t",
                      "Startup Cost": 0.0,
                      "Total Cost": 43898.92,
                      "Plan Rows": 2402,
                      "Plan Width": 4,
                      "Actual Startup Time": 0.11,
                      "Actual Total Time": 70.964,
                      "Actual Rows": 2062,
                      "Actual Loops": 5,
                      "Filter": "(production_year = 1962)",
                      "Rows Removed by Filter": 503601
                    },
                    {
                      "Node Type": "Index Scan",
                      "Parent Relationship": "Inner",
                      "Parallel Aware": false,
                      "Scan Direction": "Forward",
                      "Index Name": "movie_id_movie_info",
                      "Relation Name": "movie_info",
                      "Alias": "mi",
                      "Startup Cost": 0.43,
                      "Total Cost": 71.42,
                      "Plan Rows": 40,
                      "Plan Width": 4,
                      "Actual Startup Time": 0.011,
                      "Actual Total Time": 0.025,
                      "Actual Rows": 7,
                      "Actual Loops": 10308,
                      "Index Cond": "(movie_id = t.id)",
                      "Rows Removed by Index Recheck": 0,
                      "Filter": "(info_type_id > 1)",
                      "Rows Removed by Filter": 1
                    }
                  ]
                }
              ]
            }
          ]
        }
      ]
    },
    "Planning Time": 0.601,
    "Triggers": [],
    "Execution Time": 156.653
  }
]