[
  {
    "Plan": {
      "Node Type": "Aggregate",
      "Strategy": "Plain",
      "Partial Mode": "Finalize",
      "Parallel Aware": false,
      "Startup Cost": 46691.74,
      "Total Cost": 46691.75,
      "Plan Rows": 1,
      "Plan Width": 8,
      "Actual Startup Time": 199.413,
      "Actual Total Time": 206.128,
      "Actual Rows": 1,
      "Actual Loops": 1,
      "Plans": [
        {
          "Node Type": "Gather",
          "Parent Relationship": "Outer",
          "Parallel Aware": false,
          "Startup Cost": 46691.42,
          "Total Cost": 46691.73,
          "Plan Rows": 3,
          "Plan Width": 8,
          "Actual Startup Time": 199.294,
          "Actual Total Time": 206.118,
          "Actual Rows": 4,
          "Actual Loops": 1,
          "Workers Planned": 3,
          "Workers Launched": 3,
          "Single Copy": false,
          "Plans": [
            {
              "Node Type": "Aggregate",
              "Strategy": "Plain",
              "Partial Mode": "Partial",
              "Parent Relationship": "Outer",
              "Parallel Aware": false,
              "Startup Cost": 45691.42,
              "Total Cost": 45691.43,
              "Plan Rows": 1,
              "Plan Width": 8,
              "Actual Startup Time": 187.879,
              "Actual Total Time": 187.88,
              "Actual Rows": 1,
              "Actual Loops": 4,
              "Plans": [
                {
                  "Node Type": "Seq Scan",
                  "Parent Relationship": "Outer",
                  "Parallel Aware": true,
                  "Relation Name": "movie_keyword",
                  "Alias": "mk",
                  "Startup Cost": 0.0,
                  "Total Cost": 42695.65,
                  "Plan Rows": 1198306,
                  "Plan Width": 0,
                  "Actual Startup Time": 0.039,
                  "Actual Total Time": 140.88,
                  "Actual Rows": 929315,
                  "Actual Loops": 4,
                  "Filter": "(keyword_id < 22955)",
                  "Rows Removed by Filter": 201668
                }
              ]
            }
          ]
        }
      ]
    },
    "Planning Time": 0.142,
    "Triggers": [],
    "Execution Time": 206.175
  }
]