[
  {
    "Plan": {
      "Node Type": "Aggregate",
      "Strategy": "Plain",
      "Partial Mode": "Finalize",
      "Parallel Aware": false,
      "Startup Cost": 91170.21,
      "Total Cost": 91170.22,
      "Plan Rows": 1,
      "Plan Width": 8,
      "Actual Startup Time": 331.057,
      "Actual Total Time": 353.778,
      "Actual Rows": 1,
      "Actual Loops": 1,
      "Plans": [
        {
          "Node Type": "Gather",
          "Parent Relationship": "Outer",
          "Parallel Aware": false,
          "Startup Cost": 91169.89,
          "Total Cost": 91170.2,
          "Plan Rows": 3,
          "Plan Width": 8,
          "Actual Startup Time": 329.521,
          "Actual Total Time": 353.766,
          "Actual Rows": 4,
          "Actual Loops": 1,
          "Workers Planned": 3,
          "Workers Launched": 3,
          "Single Copy": false,
          "Plans": [
            {
              "Node Type": "Aggregate",
              "Strategy": "Plain",
              "Partial Mode": "Partial",
              "Parent Relationship": "Outer",
              "Parallel Aware": false,
              "Startup Cost": 90169.89,
              "Total Cost": 90169.9,
              "Plan Rows": 1,
              "Plan Width": 8,
              "Actual Startup Time": 320.719,
              "Actual Total Time": 320.808,
              "Actual Rows": 1,
              "Actual Loops": 4,
              "Plans": [
                {
                  "Node Type": "Hash Join",
                  "Parent Relationship": "Outer",
                  "Parallel Aware": true,
                  "Join Type": "Inner",
                  "Startup Cost": 46173.0,
                  "Total Cost": 90069.52,
                  "Plan Rows": 40147,
                  "Plan Width": 0,
                  "Actual Startup Time": 153.079,
                  "Actual Total Time": 315.449,
                  "Actual Rows": 102230,
                  "Actual Loops": 4,
                  "Inner Unique": true,
                  "Hash Cond": "(mk.movie_id = t.id)",
                  "Plans": [
                    {
                      "Node Type": "Seq Scan",
                      "Parent Relationship": "Outer",
                      "Parallel Aware": true,
                      "Relation Name": "movie_keyword",
                      "Alias": "mk",
                      "Startup Cost": 0.0,
                      "Total Cost": 42695.65,
                      "Plan Rows": 457474,
                      "Plan Width": 4,
                      "Actual Startup Time": 0.869,
                      "Actual Total Time": 109.955,
                      "Actual Rows": 353238,
                      "Actual Loops": 4,
                      "Filter": "(keyword_id > 11824)",
                      "Rows Removed by Filter": 777744
                    },
                    {
                      "Node Type": "Hash",
                      "Parent Relationship": "Inner",
                      "Parallel Aware": true,
                      "Startup Cost": 45479.59,
                      "Total Cost": 45479.59,
                      "Plan Rows": 55473,
                      "Plan Width": 4,
                      "Actual Startup Time": 149.543,
                      "Actual Total Time": 149.545,
                      "Actual Rows": 85467,
                      "Actual Loops": 4,
                      "Hash Buckets": 524288,
                      "Original Hash Buckets": 262144,
                      "Hash Batches": 1,
                      "Original Hash Batches": 1,
                      "Peak Memory Usage": 19584,
                      "Plans": [
                        {
                          "Node Type": "Seq Scan",
                          "Parent Relationship": "Outer",
                          "Parallel Aware": true,
                          "Relation Name": "title",
                          "Alias": "t",
                          "Startup Cost": 0.0,
                          "Total Cost": 45479.59,
                          "Plan Rows": 55473,
                          "Plan Width": 4,
                          "Actual Startup Time": 0.07,
                          "Actual Total Time": 113.187,
                          "Actual Rows": 85467,
                          "Actual Loops": 4,
                          "Filter": "((kind_id < 7) AND (production_year < 1985))",
                          "Rows Removed by Filter": 546611
                        }
                      ]
                    }
                  ]
                }
              ]
            }
          ]
        }
      ]
    },
    "Planning Time": 0.547,
    "Triggers": [],
    "Execution Time": 353.854
  }
]