[
  {
    "Plan": {
      "Node Type": "Aggregate",
      "Strategy": "Plain",
      "Partial Mode": "Finalize",
      "Parallel Aware": false,
      "Startup Cost": 296036.78,
      "Total Cost": 296036.79,
      "Plan Rows": 1,
      "Plan Width": 8,
      "Actual Startup Time": 2680.02,
      "Actual Total Time": 2770.494,
      "Actual Rows": 1,
      "Actual Loops": 1,
      "Plans": [
        {
          "Node Type": "Gather",
          "Parent Relationship": "Outer",
          "Parallel Aware": false,
          "Startup Cost": 296036.26,
          "Total Cost": 296036.77,
          "Plan Rows": 5,
          "Plan Width": 8,
          "Actual Startup Time": 2676.943,
          "Actual Total Time": 2770.482,
          "Actual Rows": 6,
          "Actual Loops": 1,
          "Workers Planned": 5,
          "Workers Launched": 5,
          "Single Copy": false,
          "Plans": [
            {
              "Node Type": "Aggregate",
              "Strategy": "Plain",
              "Partial Mode": "Partial",
              "Parent Relationship": "Outer",
              "Parallel Aware": false,
              "Startup Cost": 295036.26,
              "Total Cost": 295036.27,
              "Plan Rows": 1,
              "Plan Width": 8,
              "Actual Startup Time": 2666.14,
              "Actual Total Time": 2666.142,
              "Actual Rows": 1,
              "Actual Loops": 6,
              "Plans": [
                {
                  "Node Type": "Nested Loop",
                  "Parent Relationship": "Outer",
                  "Parallel Aware": false,
                  "Join Type": "Inner",
                  "Startup Cost": 64120.48,
                  "Total Cost": 292765.07,
                  "Plan Rows": 908475,
                  "Plan Width": 0,
                  "Actual Startup Time": 308.057,
                  "Actual Total Time": 2536.055,
                  "Actual Rows": 2578378,
                  "Actual Loops": 6,
                  "Inner Unique": false,
                  "Plans": [
                    {
                      "Node Type": "Merge Join",
                      "Parent Relationship": "Outer",
                      "Parallel Aware": false,
                      "Join Type": "Inner",
                      "Startup Cost": 64119.92,
                      "Total Cost": 157607.68,
                      "Plan Rows": 63363,
                      "Plan Width": 8,
                      "Actual Startup Time": 303.133,
                      "Actual Total Time": 607.341,
                      "Actual Rows": 52856,
                      "Actual Loops": 6,
                      "Inner Unique": false,
                      "Merge Cond": "(t.id = mk.movie_id)",
                      "Plans": [
                        {
                          "Node Type": "Index Only Scan",
                          "Parent Relationship": "Outer",
                          "Parallel Aware": true,
                          "Scan Direction": "Forward",
                          "Index Name": "title_pkey",
                          "Relation Name": "title",
                          "Alias": "t",
                          "Startup Cost": 0.43,
                          "Total Cost": 90125.02,
                          "Plan Rows": 505685,
                          "Plan Width": 4,
                          "Actual Startup Time": 0.215,
                          "Actual Total Time": 321.062,
                          "Actual Rows": 420996,
                          "Actual Loops": 6,
                          "Heap Fetches": 2525977
                        },
                        {
                          "Node Type": "Sort",
                          "Parent Relationship": "Inner",
                          "Parallel Aware": false,
                          "Startup Cost": 64084.07,
                          "Total Cost": 64876.1,
                          "Plan Rows": 316814,
                          "Plan Width": 4,
                          "Actual Startup Time": 219.243,
                          "Actual Total Time": 237.282,
                          "Actual Rows": 317136,
                          "Actual Loops": 6,
                          "Sort Key": [
                            "mk.movie_id"
                          ],
                          "Sort Method": "quicksort",
                          "Sort Space Used": 27154,
                          "Sort Space Type": "Memory",
                          "Workers": [
                            {
                              "Worker Number": 0,
                              "Sort Method": "quicksort",
                              "Sort Space Used": 27154,
                              "Sort Space Type": "Memory"
                            },
                            {
                              "Worker Number": 1,
                              "Sort Method": "quicksort",
                              "Sort Space Used": 27154,
                              "Sort Space Type": "Memory"
                            },
                            {
                              "Worker Number": 2,
                              "Sort Method": "quicksort",
                              "Sort Space Used": 27154,
                              "Sort Space Type": "Memory"
                            },
                            {
                              "Worker Number": 3,
                              "Sort Method": "quicksort",
                              "Sort Space Used": 27154,
                              "Sort Space Type": "Memory"
                            },
                            {
                              "Worker Number": 4,
                              "Sort Method": "quicksort",
                              "Sort Space Used": 27154,
                              "Sort Space Type": "Memory"
                            }
                          ],
                          "Plans": [
                            {
                              "Node Type": "Bitmap Heap Scan",
                              "Parent Relationship": "Outer",
                              "Parallel Aware": false,
                              "Relation Name": "movie_keyword",
                              "Alias": "mk",
                              "Startup Cost": 6723.74,
                              "Total Cost": 35137.92,
                              "Plan Rows": 316814,
                              "Plan Width": 4,
                              "Actual Startup Time": 40.562,
                              "Actual Total Time": 140.79,
                              "Actual Rows": 317136,
                              "Actual Loops": 6,
                              "Recheck Cond": "(keyword_id > 51439)",
                              "Rows Removed by Index Recheck": 0,
                              "Exact Heap Blocks": 21897,
                              "Lossy Heap Blocks": 0,
                              "Plans": [
                                {
                                  "Node Type": "Bitmap Index Scan",
                                  "Parent Relationship": "Outer",
                                  "Parallel Aware": false,
                                  "Index Name": "keyword_id_movie_keyword",
                                  "Startup Cost": 0.0,
                                  "Total Cost": 6644.54,
                                  "Plan Rows": 316814,
                                  "Plan Width": 0,
                                  "Actual Startup Time": 37.156,
                                  "Actual Total Time": 37.156,
                                  "Actual Rows": 317136,
                                  "Actual Loops": 6,
                                  "Index Cond": "(keyword_id > 51439)"
                                }
                              ]
                            }
                          ]
                        }
                      ]
                    },
                    {
                      "Node Type": "Index Only Scan",
                      "Parent Relationship": "Inner",
                      "Parallel Aware": false,
                      "Scan Direction": "Forward",
                      "Index Name": "movie_id_cast_info",
                      "Relation Name": "cast_info",
                      "Alias": "ci",
                      "Startup Cost": 0.56,
                      "Total Cost": 1.78,
                      "Plan Rows": 35,
                      "Plan Width": 4,
                      "Actual Startup Time": 0.005,
                      "Actual Total Time": 0.033,
                      "Actual Rows": 49,
                      "Actual Loops": 317136,
                      "Index Cond": "(movie_id = t.id)",
                      "Rows Removed by Index Recheck": 0,
                      "Heap Fetches": 15470267
                    }
                  ]
                }
              ]
            }
          ]
        }
      ]
    },
    "Planning Time": 1.294,
    "Triggers": [],
    "Execution Time": 2775.894
  }
]