[
  {
    "Plan": {
      "Node Type": "Aggregate",
      "Strategy": "Plain",
      "Partial Mode": "Finalize",
      "Parallel Aware": false,
      "Startup Cost": 82306.23,
      "Total Cost": 82306.24,
      "Plan Rows": 1,
      "Plan Width": 8,
      "Actual Startup Time": 437.104,
      "Actual Total Time": 452.404,
      "Actual Rows": 1,
      "Actual Loops": 1,
      "Plans": [
        {
          "Node Type": "Gather",
          "Parent Relationship": "Outer",
          "Parallel Aware": false,
          "Startup Cost": 82305.91,
          "Total Cost": 82306.22,
          "Plan Rows": 3,
          "Plan Width": 8,
          "Actual Startup Time": 427.732,
          "Actual Total Time": 452.395,
          "Actual Rows": 4,
          "Actual Loops": 1,
          "Workers Planned": 3,
          "Workers Launched": 3,
          "Single Copy": false,
          "Plans": [
            {
              "Node Type": "Aggregate",
              "Strategy": "Plain",
              "Partial Mode": "Partial",
              "Parent Relationship": "Outer",
              "Parallel Aware": false,
              "Startup Cost": 81305.91,
              "Total Cost": 81305.92,
              "Plan Rows": 1,
              "Plan Width": 8,
              "Actual Startup Time": 414.509,
              "Actual Total Time": 414.513,
              "Actual Rows": 1,
              "Actual Loops": 4,
              "Plans": [
                {
                  "Node Type": "Hash Join",
                  "Parent Relationship": "Outer",
                  "Parallel Aware": true,
                  "Join Type": "Inner",
                  "Startup Cost": 59949.33,
                  "Total Cost": 81119.8,
                  "Plan Rows": 74447,
                  "Plan Width": 0,
                  "Actual Startup Time": 379.728,
                  "Actual Total Time": 413.261,
                  "Actual Rows": 27104,
                  "Actual Loops": 4,
                  "Inner Unique": true,
                  "Hash Cond": "(mc.movie_id = t.id)",
                  "Plans": [
                    {
                      "Node Type": "Bitmap Heap Scan",
                      "Parent Relationship": "Outer",
                      "Parallel Aware": true,
                      "Relation Name": "movie_companies",
                      "Alias": "mc",
                      "Startup Cost": 9728.95,
                      "Total Cost": 30703.99,
                      "Plan Rows": 74447,
                      "Plan Width": 4,
                      "Actual Startup Time": 46.199,
                      "Actual Total Time": 59.153,
                      "Actual Rows": 27104,
                      "Actual Loops": 4,
                      "Recheck Cond": "(company_id < 341)",
                      "Rows Removed by Index Recheck": 0,
                      "Filter": "(company_type_id > 1)",
                      "Rows Removed by Filter": 84190,
                      "Exact Heap Blocks": 7358,
                      "Lossy Heap Blocks": 0,
                      "Plans": [
                        {
                          "Node Type": "Bitmap Index Scan",
                          "Parent Relationship": "Outer",
                          "Parallel Aware": false,
                          "Index Name": "company_id_movie_companies",
                          "Startup Cost": 0.0,
                          "Total Cost": 9671.25,
                          "Plan Rows": 451576,
                          "Plan Width": 0,
                          "Actual Startup Time": 16.384,
                          "Actual Total Time": 16.385,
                          "Actual Rows": 445175,
                          "Actual Loops": 1,
                          "Index Cond": "(company_id < 341)"
                        }
                      ]
                    },
                    {
                      "Node Type": "Hash",
                      "Parent Relationship": "Inner",
                      "Parallel Aware": true,
                      "Startup Cost": 42319.06,
                      "Total Cost": 42319.06,
                      "Plan Rows": 632106,
                      "Plan Width": 4,
                      "Actual Startup Time": 324.565,
                      "Actual Total Time": 324.566,
                      "Actual Rows": 632078,
                      "Actual Loops": 4,
                      "Hash Buckets": 4194304,
                      "Original Hash Buckets": 4194304,
                      "Hash Batches": 1,
                      "Original Hash Batches": 1,
                      "Peak Memory Usage": 131744,
                      "Plans": [
                        {
                          "Node Type": "Seq Scan",
                          "Parent Relationship": "Outer",
                          "Parallel Aware": true,
                          "Relation Name": "title",
                          "Alias": "t",
                          "Startup Cost": 0.0,
                          "Total Cost": 42319.06,
                          "Plan Rows": 632106,
                          "Plan Width": 4,
                          "Actual Startup Time": 0.037,
                          "Actual Total Time": 95.317,
                          "Actual Rows": 632078,
                          "Actual Loops": 4
                        }
                      ]
                    }
                  ]
                }
              ]
            }
          ]
        }
      ]
    },
    "Planning Time": 0.406,
    "Triggers": [],
    "Execution Time": 452.466
  }
]