[
  {
    "Plan": {
      "Node Type": "Aggregate",
      "Strategy": "Plain",
      "Partial Mode": "Finalize",
      "Parallel Aware": false,
      "Startup Cost": 78335.86,
      "Total Cost": 78335.87,
      "Plan Rows": 1,
      "Plan Width": 8,
      "Actual Startup Time": 251.264,
      "Actual Total Time": 265.583,
      "Actual Rows": 1,
      "Actual Loops": 1,
      "Plans": [
        {
          "Node Type": "Gather",
          "Parent Relationship": "Outer",
          "Parallel Aware": false,
          "Startup Cost": 78335.44,
          "Total Cost": 78335.85,
          "Plan Rows": 4,
          "Plan Width": 8,
          "Actual Startup Time": 250.422,
          "Actual Total Time": 265.571,
          "Actual Rows": 5,
          "Actual Loops": 1,
          "Workers Planned": 4,
          "Workers Launched": 4,
          "Single Copy": false,
          "Plans": [
            {
              "Node Type": "Aggregate",
              "Strategy": "Plain",
              "Partial Mode": "Partial",
              "Parent Relationship": "Outer",
              "Parallel Aware": false,
              "Startup Cost": 77335.44,
              "Total Cost": 77335.45,
              "Plan Rows": 1,
              "Plan Width": 8,
              "Actual Startup Time": 240.98,
              "Actual Total Time": 240.985,
              "Actual Rows": 1,
              "Actual Loops": 5,
              "Plans": [
                {
                  "Node Type": "Hash Join",
                  "Parent Relationship": "Outer",
                  "Parallel Aware": true,
                  "Join Type": "Inner",
                  "Startup Cost": 31530.62,
                  "Total Cost": 77193.23,
                  "Plan Rows": 56887,
                  "Plan Width": 0,
                  "Actual Startup Time": 106.69,
                  "Actual Total Time": 239.593,
                  "Actual Rows": 21683,
                  "Actual Loops": 5,
                  "Inner Unique": false,
                  "Hash Cond": "(t.id = mc.movie_id)",
                  "Plans": [
                    {
                      "Node Type": "Seq Scan",
                      "Parent Relationship": "Outer",
                      "Parallel Aware": true,
                      "Relation Name": "title",
                      "Alias": "t",
                      "Startup Cost": 0.0,
                      "Total Cost": 42318.73,
                      "Plan Rows": 632073,
                      "Plan Width": 4,
                      "Actual Startup Time": 0.014,
                      "Actual Total Time": 63.52,
                      "Actual Rows": 505662,
                      "Actual Loops": 5
                    },
                    {
                      "Node Type": "Hash",
                      "Parent Relationship": "Inner",
                      "Parallel Aware": true,
                      "Startup Cost": 30613.08,
                      "Total Cost": 30613.08,
                      "Plan Rows": 73403,
                      "Plan Width": 4,
                      "Actual Startup Time": 104.771,
                      "Actual Total Time": 104.772,
                      "Actual Rows": 21683,
                      "Actual Loops": 5,
                      "Hash Buckets": 262144,
                      "Original Hash Buckets": 262144,
                      "Hash Batches": 1,
                      "Original Hash Batches": 1,
                      "Peak Memory Usage": 6368,
                      "Plans": [
                        {
                          "Node Type": "Bitmap Heap Scan",
                          "Parent Relationship": "Outer",
                          "Parallel Aware": true,
                          "Relation Name": "movie_companies",
                          "Alias": "mc",
                          "Startup Cost": 9654.55,
                          "Total Cost": 30613.08,
                          "Plan Rows": 73403,
                          "Plan Width": 4,
                          "Actual Startup Time": 83.453,
                          "Actual Total Time": 97.08,
                          "Actual Rows": 21683,
                          "Actual Loops": 5,
                          "Recheck Cond": "(company_id < 341)",
                          "Rows Removed by Index Recheck": 0,
                          "Filter": "(company_type_id > 1)",
                          "Rows Removed by Filter": 67352,
                          "Exact Heap Blocks": 5570,
                          "Lossy Heap Blocks": 0,
                          "Plans": [
                            {
                              "Node Type": "Bitmap Index Scan",
                              "Parent Relationship": "Outer",
                              "Parallel Aware": false,
                              "Index Name": "company_id_movie_companies",
                              "Startup Cost": 0.0,
                              "Total Cost": 9597.66,
                              "Plan Rows": 448164,
                              "Plan Width": 0,
                              "Actual Startup Time": 38.706,
                              "Actual Total Time": 38.706,
                              "Actual Rows": 445175,
                              "Actual Loops": 1,
                              "Index Cond": "(company_id < 341)"
                            }
                          ]
                        }
                      ]
                    }
                  ]
                }
              ]
            }
          ]
        }
      ]
    },
    "Planning Time": 0.698,
    "Triggers": [],
    "Execution Time": 265.684
  }
]