{
  "Plan": {
    "Node Type": "Aggregate",
    "Strategy": "Plain",
    "Partial Mode": "Finalize",
    "Parallel Aware": false,
    "Startup Cost": 117535.49,
    "Total Cost": 117535.5,
    "Plan Rows": 1,
    "Plan Width": 8,
    "Actual Startup Time": 740.834,
    "Actual Total Time": 752.071,
    "Actual Rows": 1,
    "Actual Loops": 1,
    "Plans": [
      {
        "Node Type": "Gather",
        "Parent Relationship": "Outer",
        "Parallel Aware": false,
        "Startup Cost": 117535.38,
        "Total Cost": 117535.49,
        "Plan Rows": 1,
        "Plan Width": 8,
        "Actual Startup Time": 739.318,
        "Actual Total Time": 752.063,
        "Actual Rows": 2,
        "Actual Loops": 1,
        "Workers Planned": 1,
        "Workers Launched": 1,
        "Single Copy": false,
        "Plans": [
          {
            "Node Type": "Aggregate",
            "Strategy": "Plain",
            "Partial Mode": "Partial",
            "Parent Relationship": "Outer",
            "Parallel Aware": false,
            "Startup Cost": 116535.38,
            "Total Cost": 116535.39,
            "Plan Rows": 1,
            "Plan Width": 8,
            "Actual Startup Time": 733.754,
            "Actual Total Time": 733.758,
            "Actual Rows": 1,
            "Actual Loops": 2,
            "Plans": [
              {
                "Node Type": "Hash Join",
                "Parent Relationship": "Outer",
                "Parallel Aware": true,
                "Join Type": "Inner",
                "Startup Cost": 57247.47,
                "Total Cost": 115298.31,
                "Plan Rows": 494829,
                "Plan Width": 0,
                "Actual Startup Time": 242.019,
                "Actual Total Time": 673.728,
                "Actual Rows": 1249290,
                "Actual Loops": 2,
                "Inner Unique": true,
                "Hash Cond": "(mk.movie_id = t.id)",
                "Plans": [
                  {
                    "Node Type": "Seq Scan",
                    "Parent Relationship": "Outer",
                    "Parallel Aware": true,
                    "Relation Name": "movie_keyword",
                    "Alias": "mk",
                    "Startup Cost": 0.0,
                    "Total Cost": 51065.35,
                    "Plan Rows": 2661135,
                    "Plan Width": 4,
                    "Actual Startup Time": 0.015,
                    "Actual Total Time": 178.953,
                    "Actual Rows": 2261965,
                    "Actual Loops": 2
                  },
                  {
                    "Node Type": "Hash",
                    "Parent Relationship": "Inner",
                    "Parallel Aware": true,
                    "Startup Cost": 53790.64,
                    "Total Cost": 53790.64,
                    "Plan Rows": 276546,
                    "Plan Width": 4,
                    "Actual Startup Time": 159.615,
                    "Actual Total Time": 159.616,
                    "Actual Rows": 248012,
                    "Actual Loops": 2,
                    "Hash Buckets": 524288,
                    "Original Hash Buckets": 524288,
                    "Hash Batches": 1,
                    "Original Hash Batches": 1,
                    "Peak Memory Usage": 23552,
                    "Plans": [
                      {
                        "Node Type": "Bitmap Heap Scan",
                        "Parent Relationship": "Outer",
                        "Parallel Aware": true,
                        "Relation Name": "title",
                        "Alias": "t",
                        "Startup Cost": 11940.38,
                        "Total Cost": 53790.64,
                        "Plan Rows": 276546,
                        "Plan Width": 4,
                        "Actual Startup Time": 28.204,
                        "Actual Total Time": 103.249,
                        "Actual Rows": 248012,
                        "Actual Loops": 2,
                        "Recheck Cond": "(kind_id = 1)",
                        "Rows Removed by Index Recheck": 0,
                        "Filter": "(production_year < 2009)",
                        "Rows Removed by Filter": 83400,
                        "Exact Heap Blocks": 8926,
                        "Lossy Heap Blocks": 0,
                        "Plans": [
                          {
                            "Node Type": "Bitmap Index Scan",
                            "Parent Relationship": "Outer",
                            "Parallel Aware": false,
                            "Index Name": "kind_id_title",
                            "Startup Cost": 0.0,
                            "Total Cost": 11822.85,
                            "Plan Rows": 663256,
                            "Plan Width": 0,
                            "Actual Startup Time": 28.677,
                            "Actual Total Time": 28.677,
                            "Actual Rows": 662825,
                            "Actual Loops": 1,
                            "Index Cond": "(kind_id = 1)"
                          }
                        ]
                      }
                    ]
                  }
                ]
              }
            ]
          }
        ]
      }
    ]
  },
  "Planning Time": 0.357,
  "Triggers": [],
  "Execution Time": 752.122
}