[
  {
    "Plan": {
      "Node Type": "Aggregate",
      "Strategy": "Plain",
      "Partial Mode": "Finalize",
      "Parallel Aware": false,
      "Startup Cost": 265800.31,
      "Total Cost": 265800.32,
      "Plan Rows": 1,
      "Plan Width": 8,
      "Actual Startup Time": 154.093,
      "Actual Total Time": 181.411,
      "Actual Rows": 1,
      "Actual Loops": 1,
      "Plans": [
        {
          "Node Type": "Gather",
          "Parent Relationship": "Outer",
          "Parallel Aware": false,
          "Startup Cost": 265799.89,
          "Total Cost": 265800.3,
          "Plan Rows": 4,
          "Plan Width": 8,
          "Actual Startup Time": 153.733,
          "Actual Total Time": 181.403,
          "Actual Rows": 5,
          "Actual Loops": 1,
          "Workers Planned": 4,
          "Workers Launched": 4,
          "Single Copy": false,
          "Plans": [
            {
              "Node Type": "Aggregate",
              "Strategy": "Plain",
              "Partial Mode": "Partial",
              "Parent Relationship": "Outer",
              "Parallel Aware": false,
              "Startup Cost": 264799.89,
              "Total Cost": 264799.9,
              "Plan Rows": 1,
              "Plan Width": 8,
              "Actual Startup Time": 146.863,
              "Actual Total Time": 146.865,
              "Actual Rows": 1,
              "Actual Loops": 5,
              "Plans": [
                {
                  "Node Type": "Nested Loop",
                  "Parent Relationship": "Outer",
                  "Parallel Aware": false,
                  "Join Type": "Inner",
                  "Startup Cost": 0.56,
                  "Total Cost": 264743.0,
                  "Plan Rows": 22758,
                  "Plan Width": 0,
                  "Actual Startup Time": 0.442,
                  "Actual Total Time": 145.785,
                  "Actual Rows": 13101,
                  "Actual Loops": 5,
                  "Inner Unique": false,
                  "Plans": [
                    {
                      "Node Type": "Seq Scan",
                      "Parent Relationship": "Outer",
                      "Parallel Aware": true,
                      "Relation Name": "title",
                      "Alias": "t",
                      "Startup Cost": 0.0,
                      "Total Cost": 45479.59,
                      "Plan Rows": 2480,
                      "Plan Width": 4,
                      "Actual Startup Time": 0.113,
                      "Actual Total Time": 64.329,
                      "Actual Rows": 1620,
                      "Actual Loops": 5,
                      "Filter": "((kind_id = 7) AND (production_year = 1978))",
                      "Rows Removed by Filter": 504043
                    },
                    {
                      "Node Type": "Index Scan",
                      "Parent Relationship": "Inner",
                      "Parallel Aware": false,
                      "Scan Direction": "Forward",
                      "Index Name": "movie_id_cast_info",
                      "Relation Name": "cast_info",
                      "Alias": "ci",
                      "Startup Cost": 0.56,
                      "Total Cost": 88.19,
                      "Plan Rows": 22,
                      "Plan Width": 4,
                      "Actual Startup Time": 0.028,
                      "Actual Total Time": 0.049,
                      "Actual Rows": 8,
                      "Actual Loops": 8098,
                      "Index Cond": "(movie_id = t.id)",
                      "Rows Removed by Index Recheck": 0,
                      "Filter": "((person_id > 61105) AND (role_id > 1))",
                      "Rows Removed by Filter": 6
                    }
                  ]
                }
              ]
            }
          ]
        }
      ]
    },
    "Planning Time": 0.274,
    "Triggers": [],
    "Execution Time": 181.452
  }
]