[
    {
        "Bao": {
            "Bao prediction": "NaN",
            "Bao recommended hint": "(no hint)"
        }
    },
    {
        "Plan": {
            "Node Type": "Aggregate",
            "Strategy": "Plain",
            "Partial Mode": "Finalize",
            "Parallel Aware": false,
            "Startup Cost": 352558.59,
            "Total Cost": 352558.6,
            "Plan Rows": 1,
            "Plan Width": 8,
            "Actual Startup Time": 831.617,
            "Actual Total Time": 859.788,
            "Actual Rows": 1,
            "Actual Loops": 1,
            "Output": [
                "count(*)"
            ],
            "Plans": [
                {
                    "Node Type": "Gather",
                    "Parent Relationship": "Outer",
                    "Parallel Aware": false,
                    "Startup Cost": 352557.96,
                    "Total Cost": 352558.57,
                    "Plan Rows": 6,
                    "Plan Width": 8,
                    "Actual Startup Time": 831.519,
                    "Actual Total Time": 859.78,
                    "Actual Rows": 7,
                    "Actual Loops": 1,
                    "Output": [
                        "(PARTIAL count(*))"
                    ],
                    "Workers Planned": 6,
                    "Workers Launched": 6,
                    "Single Copy": false,
                    "Plans": [
                        {
                            "Node Type": "Aggregate",
                            "Strategy": "Plain",
                            "Partial Mode": "Partial",
                            "Parent Relationship": "Outer",
                            "Parallel Aware": false,
                            "Startup Cost": 351557.96,
                            "Total Cost": 351557.97,
                            "Plan Rows": 1,
                            "Plan Width": 8,
                            "Actual Startup Time": 821.796,
                            "Actual Total Time": 821.797,
                            "Actual Rows": 1,
                            "Actual Loops": 7,
                            "Output": [
                                "PARTIAL count(*)"
                            ],
                            "Workers": [
                                {
                                    "Worker Number": 0,
                                    "Actual Startup Time": 819.353,
                                    "Actual Total Time": 819.354,
                                    "Actual Rows": 1,
                                    "Actual Loops": 1
                                },
                                {
                                    "Worker Number": 1,
                                    "Actual Startup Time": 819.748,
                                    "Actual Total Time": 819.749,
                                    "Actual Rows": 1,
                                    "Actual Loops": 1
                                },
                                {
                                    "Worker Number": 2,
                                    "Actual Startup Time": 819.142,
                                    "Actual Total Time": 819.143,
                                    "Actual Rows": 1,
                                    "Actual Loops": 1
                                },
                                {
                                    "Worker Number": 3,
                                    "Actual Startup Time": 820.764,
                                    "Actual Total Time": 820.765,
                                    "Actual Rows": 1,
                                    "Actual Loops": 1
                                },
                                {
                                    "Worker Number": 4,
                                    "Actual Startup Time": 820.975,
                                    "Actual Total Time": 820.977,
                                    "Actual Rows": 1,
                                    "Actual Loops": 1
                                },
                                {
                                    "Worker Number": 5,
                                    "Actual Startup Time": 821.382,
                                    "Actual Total Time": 821.384,
                                    "Actual Rows": 1,
                                    "Actual Loops": 1
                                }
                            ],
                            "Plans": [
                                {
                                    "Node Type": "Seq Scan",
                                    "Parent Relationship": "Outer",
                                    "Parallel Aware": true,
                                    "Relation Name": "cast_info",
                                    "Schema": "public",
                                    "Alias": "ci",
                                    "Startup Cost": 0.0,
                                    "Total Cost": 343318.94,
                                    "Plan Rows": 3295609,
                                    "Plan Width": 0,
                                    "Actual Startup Time": 91.279,
                                    "Actual Total Time": 694.25,
                                    "Actual Rows": 2661893,
                                    "Actual Loops": 7,
                                    "Output": [
                                        "id",
                                        "person_id",
                                        "movie_id",
                                        "person_role_id",
                                        "note",
                                        "nr_order",
                                        "role_id"
                                    ],
                                    "Filter": "((ci.person_id > 665596) AND (ci.role_id < 4))",
                                    "Rows Removed by Filter": 2515870,
                                    "Workers": [
                                        {
                                            "Worker Number": 0,
                                            "Actual Startup Time": 88.834,
                                            "Actual Total Time": 692.704,
                                            "Actual Rows": 1920156,
                                            "Actual Loops": 1
                                        },
                                        {
                                            "Worker Number": 1,
                                            "Actual Startup Time": 89.246,
                                            "Actual Total Time": 692.986,
                                            "Actual Rows": 1919910,
                                            "Actual Loops": 1
                                        },
                                        {
                                            "Worker Number": 2,
                                            "Actual Startup Time": 88.623,
                                            "Actual Total Time": 692.141,
                                            "Actual Rows": 1920655,
                                            "Actual Loops": 1
                                        },
                                        {
                                            "Worker Number": 3,
                                            "Actual Startup Time": 90.251,
                                            "Actual Total Time": 696.722,
                                            "Actual Rows": 3045836,
                                            "Actual Loops": 1
                                        },
                                        {
                                            "Worker Number": 4,
                                            "Actual Startup Time": 90.455,
                                            "Actual Total Time": 696.131,
                                            "Actual Rows": 3067200,
                                            "Actual Loops": 1
                                        },
                                        {
                                            "Worker Number": 5,
                                            "Actual Startup Time": 90.866,
                                            "Actual Total Time": 696.558,
                                            "Actual Rows": 3068593,
                                            "Actual Loops": 1
                                        }
                                    ]
                                }
                            ]
                        }
                    ]
                }
            ]
        },
        "Planning Time": 192.954,
        "Triggers": [],
        "Execution Time": 859.833
    }
]