[
  {
    "Plan": {
      "Node Type": "Aggregate",
      "Strategy": "Plain",
      "Partial Mode": "Finalize",
      "Parallel Aware": false,
      "Startup Cost": 31916.08,
      "Total Cost": 31916.09,
      "Plan Rows": 1,
      "Plan Width": 8,
      "Actual Startup Time": 103.495,
      "Actual Total Time": 110.281,
      "Actual Rows": 1,
      "Actual Loops": 1,
      "Plans": [
        {
          "Node Type": "Gather",
          "Parent Relationship": "Outer",
          "Parallel Aware": false,
          "Startup Cost": 31915.76,
          "Total Cost": 31916.07,
          "Plan Rows": 3,
          "Plan Width": 8,
          "Actual Startup Time": 103.335,
          "Actual Total Time": 110.269,
          "Actual Rows": 4,
          "Actual Loops": 1,
          "Workers Planned": 3,
          "Workers Launched": 3,
          "Single Copy": false,
          "Plans": [
            {
              "Node Type": "Aggregate",
              "Strategy": "Plain",
              "Partial Mode": "Partial",
              "Parent Relationship": "Outer",
              "Parallel Aware": false,
              "Startup Cost": 30915.76,
              "Total Cost": 30915.77,
              "Plan Rows": 1,
              "Plan Width": 8,
              "Actual Startup Time": 100.016,
              "Actual Total Time": 100.017,
              "Actual Rows": 1,
              "Actual Loops": 4,
              "Plans": [
                {
                  "Node Type": "Seq Scan",
                  "Parent Relationship": "Outer",
                  "Parallel Aware": true,
                  "Relation Name": "movie_companies",
                  "Alias": "mc",
                  "Startup Cost": 0.0,
                  "Total Cost": 29310.68,
                  "Plan Rows": 642031,
                  "Plan Width": 0,
                  "Actual Startup Time": 0.015,
                  "Actual Total Time": 76.634,
                  "Actual Rows": 498847,
                  "Actual Loops": 4,
                  "Filter": "(company_id < 63881)",
                  "Rows Removed by Filter": 153435
                }
              ]
            }
          ]
        }
      ]
    },
    "Planning Time": 0.188,
    "Triggers": [],
    "Execution Time": 110.311
  }
]