{
  "Plan": {
    "Node Type": "Aggregate",
    "Strategy": "Plain",
    "Partial Mode": "Finalize",
    "Parallel Aware": false,
    "Startup Cost": 472552.08,
    "Total Cost": 472552.09,
    "Plan Rows": 1,
    "Plan Width": 8,
    "Actual Startup Time": 2140.471,
    "Actual Total Time": 2173.499,
    "Actual Rows": 1,
    "Actual Loops": 1,
    "Plans": [
      {
        "Node Type": "Gather",
        "Parent Relationship": "Outer",
        "Parallel Aware": false,
        "Startup Cost": 472551.97,
        "Total Cost": 472552.08,
        "Plan Rows": 1,
        "Plan Width": 8,
        "Actual Startup Time": 2139.669,
        "Actual Total Time": 2173.492,
        "Actual Rows": 2,
        "Actual Loops": 1,
        "Workers Planned": 1,
        "Workers Launched": 1,
        "Single Copy": false,
        "Plans": [
          {
            "Node Type": "Aggregate",
            "Strategy": "Plain",
            "Partial Mode": "Partial",
            "Parent Relationship": "Outer",
            "Parallel Aware": false,
            "Startup Cost": 471551.97,
            "Total Cost": 471551.98,
            "Plan Rows": 1,
            "Plan Width": 8,
            "Actual Startup Time": 2133.67,
            "Actual Total Time": 2133.674,
            "Actual Rows": 1,
            "Actual Loops": 2,
            "Plans": [
              {
                "Node Type": "Hash Join",
                "Parent Relationship": "Outer",
                "Parallel Aware": true,
                "Join Type": "Inner",
                "Startup Cost": 61910.61,
                "Total Cost": 470201.73,
                "Plan Rows": 540095,
                "Plan Width": 0,
                "Actual Startup Time": 208.918,
                "Actual Total Time": 2094.769,
                "Actual Rows": 902012,
                "Actual Loops": 2,
                "Inner Unique": true,
                "Hash Cond": "(ci.movie_id = t.id)",
                "Plans": [
                  {
                    "Node Type": "Index Scan",
                    "Parent Relationship": "Outer",
                    "Parallel Aware": true,
                    "Scan Direction": "Forward",
                    "Index Name": "role_id_cast_info",
                    "Relation Name": "cast_info",
                    "Alias": "ci",
                    "Startup Cost": 0.56,
                    "Total Cost": 400977.7,
                    "Plan Rows": 2786276,
                    "Plan Width": 4,
                    "Actual Startup Time": 0.068,
                    "Actual Total Time": 935.185,
                    "Actual Rows": 4977176,
                    "Actual Loops": 2,
                    "Index Cond": "(role_id = 1)",
                    "Rows Removed by Index Recheck": 0,
                    "Filter": "(person_id < 1357146)",
                    "Rows Removed by Filter": 1358168
                  },
                  {
                    "Node Type": "Hash",
                    "Parent Relationship": "Inner",
                    "Parallel Aware": true,
                    "Startup Cost": 58306.47,
                    "Total Cost": 58306.47,
                    "Plan Rows": 288286,
                    "Plan Width": 4,
                    "Actual Startup Time": 203.268,
                    "Actual Total Time": 203.269,
                    "Actual Rows": 250890,
                    "Actual Loops": 2,
                    "Hash Buckets": 524288,
                    "Original Hash Buckets": 524288,
                    "Hash Batches": 1,
                    "Original Hash Batches": 1,
                    "Peak Memory Usage": 23776,
                    "Plans": [
                      {
                        "Node Type": "Seq Scan",
                        "Parent Relationship": "Outer",
                        "Parallel Aware": true,
                        "Relation Name": "title",
                        "Alias": "t",
                        "Startup Cost": 0.0,
                        "Total Cost": 58306.47,
                        "Plan Rows": 288286,
                        "Plan Width": 4,
                        "Actual Startup Time": 0.03,
                        "Actual Total Time": 146.26,
                        "Actual Rows": 250890,
                        "Actual Loops": 2,
                        "Filter": "((kind_id > 1) AND (production_year > 2008))",
                        "Rows Removed by Filter": 1013266
                      }
                    ]
                  }
                ]
              }
            ]
          }
        ]
      }
    ]
  },
  "Planning Time": 0.627,
  "Triggers": [],
  "Execution Time": 2173.579
}