{
  "Plan": {
    "Node Type": "Aggregate",
    "Strategy": "Plain",
    "Partial Mode": "Simple",
    "Parallel Aware": false,
    "Startup Cost": 360414.06,
    "Total Cost": 360414.07,
    "Plan Rows": 1,
    "Plan Width": 64,
    "Actual Startup Time": 5030.885,
    "Actual Total Time": 5030.997,
    "Actual Rows": 1,
    "Actual Loops": 1,
    "Plans": [
      {
        "Node Type": "Gather",
        "Parent Relationship": "Outer",
        "Parallel Aware": false,
        "Startup Cost": 178188.64,
        "Total Cost": 360414.06,
        "Plan Rows": 1,
        "Plan Width": 32,
        "Actual Startup Time": 5030.879,
        "Actual Total Time": 5030.991,
        "Actual Rows": 0,
        "Actual Loops": 1,
        "Workers Planned": 1,
        "Workers Launched": 0,
        "Single Copy": false,
        "Plans": [
          {
            "Node Type": "Nested Loop",
            "Parent Relationship": "Outer",
            "Parallel Aware": false,
            "Join Type": "Inner",
            "Startup Cost": 177188.64,
            "Total Cost": 359413.96,
            "Plan Rows": 1,
            "Plan Width": 32,
            "Actual Startup Time": 5029.643,
            "Actual Total Time": 5029.65,
            "Actual Rows": 0,
            "Actual Loops": 1,
            "Inner Unique": true,
            "Plans": [
              {
                "Node Type": "Nested Loop",
                "Parent Relationship": "Outer",
                "Parallel Aware": false,
                "Join Type": "Inner",
                "Startup Cost": 177188.5,
                "Total Cost": 359413.77,
                "Plan Rows": 1,
                "Plan Width": 36,
                "Actual Startup Time": 5029.642,
                "Actual Total Time": 5029.648,
                "Actual Rows": 0,
                "Actual Loops": 1,
                "Inner Unique": true,
                "Plans": [
                  {
                    "Node Type": "Nested Loop",
                    "Parent Relationship": "Outer",
                    "Parallel Aware": false,
                    "Join Type": "Inner",
                    "Startup Cost": 177188.07,
                    "Total Cost": 358945.37,
                    "Plan Rows": 827,
                    "Plan Width": 29,
                    "Actual Startup Time": 899.174,
                    "Actual Total Time": 4951.734,
                    "Actual Rows": 48527,
                    "Actual Loops": 1,
                    "Inner Unique": false,
                    "Join Filter": "(t.id = mi.movie_id)",
                    "Rows Removed by Join Filter": 0,
                    "Plans": [
                      {
                        "Node Type": "Nested Loop",
                        "Parent Relationship": "Outer",
                        "Parallel Aware": false,
                        "Join Type": "Inner",
                        "Startup Cost": 177187.64,
                        "Total Cost": 353897.13,
                        "Plan Rows": 2994,
                        "Plan Width": 37,
                        "Actual Startup Time": 899.157,
                        "Actual Total Time": 4496.035,
                        "Actual Rows": 40417,
                        "Actual Loops": 1,
                        "Inner Unique": true,
                        "Plans": [
                          {
                            "Node Type": "Nested Loop",
                            "Parent Relationship": "Outer",
                            "Parallel Aware": false,
                            "Join Type": "Inner",
                            "Startup Cost": 177187.22,
                            "Total Cost": 349829.54,
                            "Plan Rows": 8253,
                            "Plan Width": 41,
                            "Actual Startup Time": 899.14,
                            "Actual Total Time": 4439.132,
                            "Actual Rows": 41426,
                            "Actual Loops": 1,
                            "Inner Unique": true,
                            "Plans": [
                              {
                                "Node Type": "Nested Loop",
                                "Parent Relationship": "Outer",
                                "Parallel Aware": false,
                                "Join Type": "Inner",
                                "Startup Cost": 177186.79,
                                "Total Cost": 345501.43,
                                "Plan Rows": 8253,
                                "Plan Width": 45,
                                "Actual Startup Time": 899.123,
                                "Actual Total Time": 4361.09,
                                "Actual Rows": 43561,
                                "Actual Loops": 1,
                                "Inner Unique": false,
                                "Plans": [
                                  {
                                    "Node Type": "Hash Join",
                                    "Parent Relationship": "Outer",
                                    "Parallel Aware": false,
                                    "Join Type": "Inner",
                                    "Startup Cost": 177186.36,
                                    "Total Cost": 343729.26,
                                    "Plan Rows": 3519,
                                    "Plan Width": 41,
                                    "Actual Startup Time": 899.085,
                                    "Actual Total Time": 4297.944,
                                    "Actual Rows": 19496,
                                    "Actual Loops": 1,
                                    "Inner Unique": true,
                                    "Hash Cond": "(ci.role_id = rt.id)",
                                    "Plans": [
                                      {
                                        "Node Type": "Nested Loop",
                                        "Parent Relationship": "Outer",
                                        "Parallel Aware": false,
                                        "Join Type": "Inner",
                                        "Startup Cost": 177185.2,
                                        "Total Cost": 343578.09,
                                        "Plan Rows": 42231,
                                        "Plan Width": 45,
                                        "Actual Startup Time": 898.272,
                                        "Actual Total Time": 4279.746,
                                        "Actual Rows": 221336,
                                        "Actual Loops": 1,
                                        "Inner Unique": false,
                                        "Plans": [
                                          {
                                            "Node Type": "Merge Join",
                                            "Parent Relationship": "Outer",
                                            "Parallel Aware": false,
                                            "Join Type": "Inner",
                                            "Startup Cost": 177184.63,
                                            "Total Cost": 180934.71,
                                            "Plan Rows": 43042,
                                            "Plan Width": 29,
                                            "Actual Startup Time": 898.124,
                                            "Actual Total Time": 1190.434,
                                            "Actual Rows": 107556,
                                            "Actual Loops": 1,
                                            "Inner Unique": false,
                                            "Merge Cond": "(t.id = mc.movie_id)",
                                            "Plans": [
                                              {
                                                "Node Type": "Sort",
                                                "Parent Relationship": "Outer",
                                                "Parallel Aware": false,
                                                "Startup Cost": 92609.03,
                                                "Total Cost": 93536.13,
                                                "Plan Rows": 370839,
                                                "Plan Width": 21,
                                                "Actual Startup Time": 442.999,
                                                "Actual Total Time": 566.796,
                                                "Actual Rows": 626957,
                                                "Actual Loops": 1,
                                                "Sort Key": [
                                                  "t.id"
                                                ],
                                                "Sort Method": "quicksort",
                                                "Sort Space Used": 68537,
                                                "Sort Space Type": "Memory",
                                                "Plans": [
                                                  {
                                                    "Node Type": "Seq Scan",
                                                    "Parent Relationship": "Outer",
                                                    "Parallel Aware": true,
                                                    "Relation Name": "title",
                                                    "Alias": "t",
                                                    "Startup Cost": 0.0,
                                                    "Total Cost": 58305.62,
                                                    "Plan Rows": 370839,
                                                    "Plan Width": 21,
                                                    "Actual Startup Time": 0.014,
                                                    "Actual Total Time": 268.771,
                                                    "Actual Rows": 627122,
                                                    "Actual Loops": 1,
                                                    "Filter": "((production_year >= 1998) AND (production_year <= 2006))",
                                                    "Rows Removed by Filter": 1901190
                                                  }
                                                ]
                                              },
                                              {
                                                "Node Type": "Sort",
                                                "Parent Relationship": "Inner",
                                                "Parallel Aware": false,
                                                "Startup Cost": 84575.55,
                                                "Total Cost": 85309.16,
                                                "Plan Rows": 293443,
                                                "Plan Width": 8,
                                                "Actual Startup Time": 455.111,
                                                "Actual Total Time": 494.471,
                                                "Actual Rows": 590994,
                                                "Actual Loops": 1,
                                                "Sort Key": [
                                                  "mc.movie_id"
                                                ],
                                                "Sort Method": "quicksort",
                                                "Sort Space Used": 52279,
                                                "Sort Space Type": "Memory",
                                                "Plans": [
                                                  {
                                                    "Node Type": "Seq Scan",
                                                    "Parent Relationship": "Outer",
                                                    "Parallel Aware": false,
                                                    "Relation Name": "movie_companies",
                                                    "Alias": "mc",
                                                    "Startup Cost": 0.0,
                                                    "Total Cost": 57926.93,
                                                    "Plan Rows": 293443,
                                                    "Plan Width": 8,
                                                    "Actual Startup Time": 0.023,
                                                    "Actual Total Time": 348.121,
                                                    "Actual Rows": 590994,
                                                    "Actual Loops": 1,
                                                    "Filter": "((note IS NOT NULL) AND ((note ~~ '%(USA)%'::text) OR (note ~~ '%(worldwide)%'::text)))",
                                                    "Rows Removed by Filter": 2018135
                                                  }
                                                ]
                                              }
                                            ]
                                          },
                                          {
                                            "Node Type": "Index Scan",
                                            "Parent Relationship": "Inner",
                                            "Parallel Aware": false,
                                            "Scan Direction": "Forward",
                                            "Index Name": "movie_id_cast_info",
                                            "Relation Name": "cast_info",
                                            "Alias": "ci",
                                            "Startup Cost": 0.56,
                                            "Total Cost": 3.76,
                                            "Plan Rows": 2,
                                            "Plan Width": 16,
                                            "Actual Startup Time": 0.018,
                                            "Actual Total Time": 0.028,
                                            "Actual Rows": 2,
                                            "Actual Loops": 107556,
                                            "Index Cond": "(movie_id = t.id)",
                                            "Rows Removed by Index Recheck": 0,
                                            "Filter": "(note = ANY ('{(writer),\"(executive producer)\",(voice),\"(as Marvita) (credit only)\"}'::text[]))",
                                            "Rows Removed by Filter": 31
                                          }
                                        ]
                                      },
                                      {
                                        "Node Type": "Hash",
                                        "Parent Relationship": "Inner",
                                        "Parallel Aware": false,
                                        "Startup Cost": 1.15,
                                        "Total Cost": 1.15,
                                        "Plan Rows": 1,
                                        "Plan Width": 4,
                                        "Actual Startup Time": 0.034,
                                        "Actual Total Time": 0.035,
                                        "Actual Rows": 1,
                                        "Actual Loops": 1,
                                        "Hash Buckets": 1024,
                                        "Original Hash Buckets": 1024,
                                        "Hash Batches": 1,
                                        "Original Hash Batches": 1,
                                        "Peak Memory Usage": 9,
                                        "Plans": [
                                          {
                                            "Node Type": "Seq Scan",
                                            "Parent Relationship": "Outer",
                                            "Parallel Aware": false,
                                            "Relation Name": "role_type",
                                            "Alias": "rt",
                                            "Startup Cost": 0.0,
                                            "Total Cost": 1.15,
                                            "Plan Rows": 1,
                                            "Plan Width": 4,
                                            "Actual Startup Time": 0.023,
                                            "Actual Total Time": 0.027,
                                            "Actual Rows": 1,
                                            "Actual Loops": 1,
                                            "Filter": "((role)::text = 'actress'::text)",
                                            "Rows Removed by Filter": 11
                                          }
                                        ]
                                      }
                                    ]
                                  },
                                  {
                                    "Node Type": "Index Only Scan",
                                    "Parent Relationship": "Inner",
                                    "Parallel Aware": false,
                                    "Scan Direction": "Forward",
                                    "Index Name": "person_id_aka_name",
                                    "Relation Name": "aka_name",
                                    "Alias": "an",
                                    "Startup Cost": 0.42,
                                    "Total Cost": 0.48,
                                    "Plan Rows": 2,
                                    "Plan Width": 4,
                                    "Actual Startup Time": 0.002,
                                    "Actual Total Time": 0.003,
                                    "Actual Rows": 2,
                                    "Actual Loops": 19496,
                                    "Index Cond": "(person_id = ci.person_id)",
                                    "Rows Removed by Index Recheck": 0,
                                    "Heap Fetches": 43561
                                  }
                                ]
                              },
                              {
                                "Node Type": "Index Only Scan",
                                "Parent Relationship": "Inner",
                                "Parallel Aware": false,
                                "Scan Direction": "Forward",
                                "Index Name": "char_name_pkey",
                                "Relation Name": "char_name",
                                "Alias": "chn",
                                "Startup Cost": 0.43,
                                "Total Cost": 0.52,
                                "Plan Rows": 1,
                                "Plan Width": 4,
                                "Actual Startup Time": 0.002,
                                "Actual Total Time": 0.002,
                                "Actual Rows": 1,
                                "Actual Loops": 43561,
                                "Index Cond": "(id = ci.person_role_id)",
                                "Rows Removed by Index Recheck": 0,
                                "Heap Fetches": 41426
                              }
                            ]
                          },
                          {
                            "Node Type": "Index Scan",
                            "Parent Relationship": "Inner",
                            "Parallel Aware": false,
                            "Scan Direction": "Forward",
                            "Index Name": "company_name_pkey",
                            "Relation Name": "company_name",
                            "Alias": "cn",
                            "Startup Cost": 0.42,
                            "Total Cost": 0.49,
                            "Plan Rows": 1,
                            "Plan Width": 4,
                            "Actual Startup Time": 0.001,
                            "Actual Total Time": 0.001,
                            "Actual Rows": 1,
                            "Actual Loops": 41426,
                            "Index Cond": "(id = mc.company_id)",
                            "Rows Removed by Index Recheck": 0,
                            "Filter": "((country_code)::text = '[us]'::text)",
                            "Rows Removed by Filter": 0
                          }
                        ]
                      },
                      {
                        "Node Type": "Index Scan",
                        "Parent Relationship": "Inner",
                        "Parallel Aware": false,
                        "Scan Direction": "Forward",
                        "Index Name": "movie_id_movie_info",
                        "Relation Name": "movie_info",
                        "Alias": "mi",
                        "Startup Cost": 0.43,
                        "Total Cost": 1.66,
                        "Plan Rows": 2,
                        "Plan Width": 8,
                        "Actual Startup Time": 0.005,
                        "Actual Total Time": 0.011,
                        "Actual Rows": 1,
                        "Actual Loops": 40417,
                        "Index Cond": "(movie_id = ci.movie_id)",
                        "Rows Removed by Index Recheck": 0,
                        "Filter": "((info IS NOT NULL) AND ((info ~~ 'Japan:%200%'::text) OR (info ~~ 'USA:%200%'::text)))",
                        "Rows Removed by Filter": 48
                      }
                    ]
                  },
                  {
                    "Node Type": "Index Scan",
                    "Parent Relationship": "Inner",
                    "Parallel Aware": false,
                    "Scan Direction": "Forward",
                    "Index Name": "name_pkey",
                    "Relation Name": "name",
                    "Alias": "n",
                    "Startup Cost": 0.43,
                    "Total Cost": 0.57,
                    "Plan Rows": 1,
                    "Plan Width": 19,
                    "Actual Startup Time": 0.001,
                    "Actual Total Time": 0.001,
                    "Actual Rows": 0,
                    "Actual Loops": 48527,
                    "Index Cond": "(id = ci.person_id)",
                    "Rows Removed by Index Recheck": 0,
                    "Filter": "((name ~~ '%Washington,%'::text) AND ((gender)::text = 'f'::text))",
                    "Rows Removed by Filter": 1
                  }
                ]
              },
              {
                "Node Type": "Index Scan",
                "Parent Relationship": "Inner",
                "Parallel Aware": false,
                "Scan Direction": "Forward",
                "Index Name": "info_type_pkey",
                "Relation Name": "info_type",
                "Alias": "it",
                "Startup Cost": 0.14,
                "Total Cost": 0.16,
                "Plan Rows": 1,
                "Plan Width": 4,
                "Actual Startup Time": 0.0,
                "Actual Total Time": 0.0,
                "Actual Rows": 0,
                "Actual Loops": 0,
                "Index Cond": "(id = mi.info_type_id)",
                "Rows Removed by Index Recheck": 0,
                "Filter": "((info)::text = 'release dates'::text)",
                "Rows Removed by Filter": 0
              }
            ]
          }
        ]
      }
    ]
  },
  "Planning Time": 3.487,
  "Triggers": [],
  "Execution Time": 5031.199
}