[
  {
    "Plan": {
      "Node Type": "Aggregate",
      "Strategy": "Plain",
      "Partial Mode": "Finalize",
      "Parallel Aware": false,
      "Startup Cost": 251207.44,
      "Total Cost": 251207.45,
      "Plan Rows": 1,
      "Plan Width": 8,
      "Actual Startup Time": 729.778,
      "Actual Total Time": 771.339,
      "Actual Rows": 1,
      "Actual Loops": 1,
      "Plans": [
        {
          "Node Type": "Gather",
          "Parent Relationship": "Outer",
          "Parallel Aware": false,
          "Startup Cost": 251206.92,
          "Total Cost": 251207.43,
          "Plan Rows": 5,
          "Plan Width": 8,
          "Actual Startup Time": 725.199,
          "Actual Total Time": 771.328,
          "Actual Rows": 6,
          "Actual Loops": 1,
          "Workers Planned": 5,
          "Workers Launched": 5,
          "Single Copy": false,
          "Plans": [
            {
              "Node Type": "Aggregate",
              "Strategy": "Plain",
              "Partial Mode": "Partial",
              "Parent Relationship": "Outer",
              "Parallel Aware": false,
              "Startup Cost": 250206.92,
              "Total Cost": 250206.93,
              "Plan Rows": 1,
              "Plan Width": 8,
              "Actual Startup Time": 714.855,
              "Actual Total Time": 714.858,
              "Actual Rows": 1,
              "Actual Loops": 6,
              "Plans": [
                {
                  "Node Type": "Hash Join",
                  "Parent Relationship": "Outer",
                  "Parallel Aware": true,
                  "Join Type": "Inner",
                  "Startup Cost": 46165.97,
                  "Total Cost": 249114.75,
                  "Plan Rows": 436865,
                  "Plan Width": 0,
                  "Actual Startup Time": 156.76,
                  "Actual Total Time": 698.285,
                  "Actual Rows": 407057,
                  "Actual Loops": 6,
                  "Inner Unique": true,
                  "Hash Cond": "(mi.movie_id = t.id)",
                  "Plans": [
                    {
                      "Node Type": "Seq Scan",
                      "Parent Relationship": "Outer",
                      "Parallel Aware": true,
                      "Relation Name": "movie_info",
                      "Alias": "mi",
                      "Startup Cost": 0.0,
                      "Total Cost": 198952.16,
                      "Plan Rows": 1522520,
                      "Plan Width": 4,
                      "Actual Startup Time": 15.487,
                      "Actual Total Time": 306.857,
                      "Actual Rows": 1258142,
                      "Actual Loops": 6,
                      "Filter": "(info_type_id > 7)",
                      "Rows Removed by Filter": 1214478
                    },
                    {
                      "Node Type": "Hash",
                      "Parent Relationship": "Inner",
                      "Parallel Aware": true,
                      "Startup Cost": 43898.92,
                      "Total Cost": 43898.92,
                      "Plan Rows": 181364,
                      "Plan Width": 4,
                      "Actual Startup Time": 137.334,
                      "Actual Total Time": 137.335,
                      "Actual Rows": 121831,
                      "Actual Loops": 6,
                      "Hash Buckets": 1048576,
                      "Original Hash Buckets": 1048576,
                      "Hash Batches": 1,
                      "Original Hash Batches": 1,
                      "Peak Memory Usage": 36896,
                      "Plans": [
                        {
                          "Node Type": "Seq Scan",
                          "Parent Relationship": "Outer",
                          "Parallel Aware": true,
                          "Relation Name": "title",
                          "Alias": "t",
                          "Startup Cost": 0.0,
                          "Total Cost": 43898.92,
                          "Plan Rows": 181364,
                          "Plan Width": 4,
                          "Actual Startup Time": 0.044,
                          "Actual Total Time": 82.039,
                          "Actual Rows": 121831,
                          "Actual Loops": 6,
                          "Filter": "(production_year < 1992)",
                          "Rows Removed by Filter": 299554
                        }
                      ]
                    }
                  ]
                }
              ]
            }
          ]
        }
      ]
    },
    "Planning Time": 0.558,
    "Triggers": [],
    "Execution Time": 771.418
  }
]