{
  "Plan": {
    "Node Type": "Aggregate",
    "Strategy": "Plain",
    "Partial Mode": "Finalize",
    "Parallel Aware": false,
    "Startup Cost": 94261.92,
    "Total Cost": 94261.93,
    "Plan Rows": 1,
    "Plan Width": 8,
    "Actual Startup Time": 375.138,
    "Actual Total Time": 412.685,
    "Actual Rows": 1,
    "Actual Loops": 1,
    "Plans": [
      {
        "Node Type": "Gather",
        "Parent Relationship": "Outer",
        "Parallel Aware": false,
        "Startup Cost": 94261.81,
        "Total Cost": 94261.92,
        "Plan Rows": 1,
        "Plan Width": 8,
        "Actual Startup Time": 374.138,
        "Actual Total Time": 412.677,
        "Actual Rows": 2,
        "Actual Loops": 1,
        "Workers Planned": 1,
        "Workers Launched": 1,
        "Single Copy": false,
        "Plans": [
          {
            "Node Type": "Aggregate",
            "Strategy": "Plain",
            "Partial Mode": "Partial",
            "Parent Relationship": "Outer",
            "Parallel Aware": false,
            "Startup Cost": 93261.81,
            "Total Cost": 93261.82,
            "Plan Rows": 1,
            "Plan Width": 8,
            "Actual Startup Time": 368.054,
            "Actual Total Time": 368.058,
            "Actual Rows": 1,
            "Actual Loops": 2,
            "Plans": [
              {
                "Node Type": "Nested Loop",
                "Parent Relationship": "Outer",
                "Parallel Aware": false,
                "Join Type": "Inner",
                "Startup Cost": 56190.12,
                "Total Cost": 93244.93,
                "Plan Rows": 6752,
                "Plan Width": 0,
                "Actual Startup Time": 143.429,
                "Actual Total Time": 356.338,
                "Actual Rows": 262767,
                "Actual Loops": 2,
                "Inner Unique": false,
                "Join Filter": "(t.id = mi.movie_id)",
                "Rows Removed by Join Filter": 0,
                "Plans": [
                  {
                    "Node Type": "Hash Join",
                    "Parent Relationship": "Outer",
                    "Parallel Aware": true,
                    "Join Type": "Inner",
                    "Startup Cost": 56189.69,
                    "Total Cost": 81541.97,
                    "Plan Rows": 1155,
                    "Plan Width": 8,
                    "Actual Startup Time": 143.354,
                    "Actual Total Time": 178.838,
                    "Actual Rows": 8598,
                    "Actual Loops": 2,
                    "Inner Unique": true,
                    "Hash Cond": "(mk.movie_id = t.id)",
                    "Plans": [
                      {
                        "Node Type": "Bitmap Heap Scan",
                        "Parent Relationship": "Outer",
                        "Parallel Aware": true,
                        "Relation Name": "movie_keyword",
                        "Alias": "mk",
                        "Startup Cost": 2142.9,
                        "Total Cost": 27339.29,
                        "Plan Rows": 59391,
                        "Plan Width": 4,
                        "Actual Startup Time": 9.692,
                        "Actual Total Time": 43.351,
                        "Actual Rows": 55773,
                        "Actual Loops": 2,
                        "Recheck Cond": "(keyword_id < 110)",
                        "Rows Removed by Index Recheck": 0,
                        "Exact Heap Blocks": 15051,
                        "Lossy Heap Blocks": 0,
                        "Plans": [
                          {
                            "Node Type": "Bitmap Index Scan",
                            "Parent Relationship": "Outer",
                            "Parallel Aware": false,
                            "Index Name": "keyword_id_movie_keyword",
                            "Startup Cost": 0.0,
                            "Total Cost": 2117.66,
                            "Plan Rows": 100964,
                            "Plan Width": 0,
                            "Actual Startup Time": 6.455,
                            "Actual Total Time": 6.456,
                            "Actual Rows": 111546,
                            "Actual Loops": 1,
                            "Index Cond": "(keyword_id < 110)"
                          }
                        ]
                      },
                      {
                        "Node Type": "Hash",
                        "Parent Relationship": "Inner",
                        "Parallel Aware": true,
                        "Startup Cost": 53685.4,
                        "Total Cost": 53685.4,
                        "Plan Rows": 28911,
                        "Plan Width": 4,
                        "Actual Startup Time": 120.951,
                        "Actual Total Time": 120.951,
                        "Actual Rows": 87199,
                        "Actual Loops": 2,
                        "Hash Buckets": 262144,
                        "Original Hash Buckets": 65536,
                        "Hash Batches": 1,
                        "Original Hash Batches": 1,
                        "Peak Memory Usage": 10432,
                        "Plans": [
                          {
                            "Node Type": "Bitmap Heap Scan",
                            "Parent Relationship": "Outer",
                            "Parallel Aware": true,
                            "Relation Name": "title",
                            "Alias": "t",
                            "Startup Cost": 11835.14,
                            "Total Cost": 53685.4,
                            "Plan Rows": 28911,
                            "Plan Width": 4,
                            "Actual Startup Time": 36.974,
                            "Actual Total Time": 98.176,
                            "Actual Rows": 87199,
                            "Actual Loops": 2,
                            "Recheck Cond": "(kind_id = 1)",
                            "Rows Removed by Index Recheck": 0,
                            "Filter": "(production_year < 1955)",
                            "Rows Removed by Filter": 244214,
                            "Exact Heap Blocks": 8686,
                            "Lossy Heap Blocks": 0,
                            "Plans": [
                              {
                                "Node Type": "Bitmap Index Scan",
                                "Parent Relationship": "Outer",
                                "Parallel Aware": false,
                                "Index Name": "kind_id_title",
                                "Startup Cost": 0.0,
                                "Total Cost": 11822.85,
                                "Plan Rows": 663256,
                                "Plan Width": 0,
                                "Actual Startup Time": 39.622,
                                "Actual Total Time": 39.622,
                                "Actual Rows": 662825,
                                "Actual Loops": 1,
                                "Index Cond": "(kind_id = 1)"
                              }
                            ]
                          }
                        ]
                      }
                    ]
                  },
                  {
                    "Node Type": "Index Only Scan",
                    "Parent Relationship": "Inner",
                    "Parallel Aware": false,
                    "Scan Direction": "Forward",
                    "Index Name": "movie_id_movie_info",
                    "Relation Name": "movie_info",
                    "Alias": "mi",
                    "Startup Cost": 0.43,
                    "Total Cost": 9.61,
                    "Plan Rows": 42,
                    "Plan Width": 4,
                    "Actual Startup Time": 0.005,
                    "Actual Total Time": 0.018,
                    "Actual Rows": 31,
                    "Actual Loops": 17197,
                    "Index Cond": "(movie_id = mk.movie_id)",
                    "Rows Removed by Index Recheck": 0,
                    "Heap Fetches": 525534
                  }
                ]
              }
            ]
          }
        ]
      }
    ]
  },
  "Planning Time": 0.975,
  "Triggers": [],
  "Execution Time": 412.805
}