{
    "Plan": {
        "Node Type": "Aggregate",
        "Strategy": "Plain",
        "Partial Mode": "Simple",
        "Parallel Aware": false,
        "Startup Cost": 69203.84,
        "Total Cost": 69203.85,
        "Plan Rows": 1,
        "Plan Width": 8,
        "Actual Startup Time": 346.164,
        "Actual Total Time": 346.168,
        "Actual Rows": 1,
        "Actual Loops": 1,
        "Output": [
            "count(*)"
        ],
        "Plans": [
            {
                "Node Type": "Hash Join",
                "Parent Relationship": "Outer",
                "Parallel Aware": false,
                "Join Type": "Inner",
                "Startup Cost": 68816.7,
                "Total Cost": 69203.82,
                "Plan Rows": 7,
                "Plan Width": 0,
                "Actual Startup Time": 342.323,
                "Actual Total Time": 346.15,
                "Actual Rows": 92,
                "Actual Loops": 1,
                "Inner Unique": true,
                "Hash Cond": "(mc.movie_id = t.id)",
                "Plans": [
                    {
                        "Node Type": "Bitmap Heap Scan",
                        "Parent Relationship": "Outer",
                        "Parallel Aware": false,
                        "Relation Name": "movie_companies",
                        "Schema": "public",
                        "Alias": "mc",
                        "Startup Cost": 5.21,
                        "Total Cost": 392.19,
                        "Plan Rows": 52,
                        "Plan Width": 4,
                        "Actual Startup Time": 3.304,
                        "Actual Total Time": 6.718,
                        "Actual Rows": 992,
                        "Actual Loops": 1,
                        "Output": [
                            "mc.id",
                            "mc.movie_id",
                            "mc.company_id",
                            "mc.company_type_id",
                            "mc.note"
                        ],
                        "Recheck Cond": "(mc.company_id = 400)",
                        "Rows Removed by Index Recheck": 0,
                        "Filter": "(mc.company_type_id = 2)",
                        "Rows Removed by Filter": 307,
                        "Exact Heap Blocks": 848,
                        "Lossy Heap Blocks": 0,
                        "Plans": [
                            {
                                "Node Type": "Bitmap Index Scan",
                                "Parent Relationship": "Outer",
                                "Parallel Aware": false,
                                "Index Name": "company_id_movie_companies",
                                "Startup Cost": 0.0,
                                "Total Cost": 5.19,
                                "Plan Rows": 102,
                                "Plan Width": 0,
                                "Actual Startup Time": 0.304,
                                "Actual Total Time": 0.305,
                                "Actual Rows": 1299,
                                "Actual Loops": 1,
                                "Index Cond": "(mc.company_id = 400)"
                            }
                        ]
                    },
                    {
                        "Node Type": "Hash",
                        "Parent Relationship": "Inner",
                        "Parallel Aware": false,
                        "Startup Cost": 64483.8,
                        "Total Cost": 64483.8,
                        "Plan Rows": 346215,
                        "Plan Width": 4,
                        "Actual Startup Time": 336.467,
                        "Actual Total Time": 336.468,
                        "Actual Rows": 277148,
                        "Actual Loops": 1,
                        "Output": [
                            "t.id"
                        ],
                        "Hash Buckets": 524288,
                        "Original Hash Buckets": 524288,
                        "Hash Batches": 1,
                        "Original Hash Batches": 1,
                        "Peak Memory Usage": 13840,
                        "Plans": [
                            {
                                "Node Type": "Bitmap Heap Scan",
                                "Parent Relationship": "Outer",
                                "Parallel Aware": false,
                                "Relation Name": "title",
                                "Schema": "public",
                                "Alias": "t",
                                "Startup Cost": 15507.92,
                                "Total Cost": 64483.8,
                                "Plan Rows": 346215,
                                "Plan Width": 4,
                                "Actual Startup Time": 40.661,
                                "Actual Total Time": 271.674,
                                "Actual Rows": 277148,
                                "Actual Loops": 1,
                                "Output": [
                                    "t.id"
                                ],
                                "Recheck Cond": "(t.kind_id < 4)",
                                "Rows Removed by Index Recheck": 0,
                                "Filter": "(t.production_year > 2005)",
                                "Rows Removed by Filter": 577066,
                                "Exact Heap Blocks": 35470,
                                "Lossy Heap Blocks": 0,
                                "Plans": [
                                    {
                                        "Node Type": "Bitmap Index Scan",
                                        "Parent Relationship": "Outer",
                                        "Parallel Aware": false,
                                        "Index Name": "kind_id_title",
                                        "Startup Cost": 0.0,
                                        "Total Cost": 15421.37,
                                        "Plan Rows": 865192,
                                        "Plan Width": 0,
                                        "Actual Startup Time": 35.728,
                                        "Actual Total Time": 35.728,
                                        "Actual Rows": 854214,
                                        "Actual Loops": 1,
                                        "Index Cond": "(t.kind_id < 4)"
                                    }
                                ]
                            }
                        ]
                    }
                ]
            }
        ]
    },
    "Planning Time": 1.022,
    "Triggers": [],
    "Execution Time": 346.797
}