[
  {
    "Plan": {
      "Node Type": "Aggregate",
      "Strategy": "Plain",
      "Partial Mode": "Finalize",
      "Parallel Aware": false,
      "Startup Cost": 44869.84,
      "Total Cost": 44869.85,
      "Plan Rows": 1,
      "Plan Width": 8,
      "Actual Startup Time": 126.804,
      "Actual Total Time": 136.136,
      "Actual Rows": 1,
      "Actual Loops": 1,
      "Plans": [
        {
          "Node Type": "Gather",
          "Parent Relationship": "Outer",
          "Parallel Aware": false,
          "Startup Cost": 44869.52,
          "Total Cost": 44869.83,
          "Plan Rows": 3,
          "Plan Width": 8,
          "Actual Startup Time": 126.67,
          "Actual Total Time": 136.128,
          "Actual Rows": 4,
          "Actual Loops": 1,
          "Workers Planned": 3,
          "Workers Launched": 3,
          "Single Copy": false,
          "Plans": [
            {
              "Node Type": "Aggregate",
              "Strategy": "Plain",
              "Partial Mode": "Partial",
              "Parent Relationship": "Outer",
              "Parallel Aware": false,
              "Startup Cost": 43869.52,
              "Total Cost": 43869.53,
              "Plan Rows": 1,
              "Plan Width": 8,
              "Actual Startup Time": 121.277,
              "Actual Total Time": 121.278,
              "Actual Rows": 1,
              "Actual Loops": 4,
              "Plans": [
                {
                  "Node Type": "Seq Scan",
                  "Parent Relationship": "Outer",
                  "Parallel Aware": true,
                  "Relation Name": "movie_keyword",
                  "Alias": "mk",
                  "Startup Cost": 0.0,
                  "Total Cost": 42695.65,
                  "Plan Rows": 469548,
                  "Plan Width": 0,
                  "Actual Startup Time": 0.044,
                  "Actual Total Time": 103.682,
                  "Actual Rows": 366804,
                  "Actual Loops": 4,
                  "Filter": "(keyword_id < 2086)",
                  "Rows Removed by Filter": 764179
                }
              ]
            }
          ]
        }
      ]
    },
    "Planning Time": 0.116,
    "Triggers": [],
    "Execution Time": 136.182
  }
]