[
  {
    "Plan": {
      "Node Type": "Aggregate",
      "Strategy": "Plain",
      "Partial Mode": "Finalize",
      "Parallel Aware": false,
      "Startup Cost": 44921.32,
      "Total Cost": 44921.33,
      "Plan Rows": 1,
      "Plan Width": 8,
      "Actual Startup Time": 136.434,
      "Actual Total Time": 146.229,
      "Actual Rows": 1,
      "Actual Loops": 1,
      "Plans": [
        {
          "Node Type": "Gather",
          "Parent Relationship": "Outer",
          "Parallel Aware": false,
          "Startup Cost": 44921.0,
          "Total Cost": 44921.31,
          "Plan Rows": 3,
          "Plan Width": 8,
          "Actual Startup Time": 136.31,
          "Actual Total Time": 146.219,
          "Actual Rows": 4,
          "Actual Loops": 1,
          "Workers Planned": 3,
          "Workers Launched": 3,
          "Single Copy": false,
          "Plans": [
            {
              "Node Type": "Aggregate",
              "Strategy": "Plain",
              "Partial Mode": "Partial",
              "Parent Relationship": "Outer",
              "Parallel Aware": false,
              "Startup Cost": 43921.0,
              "Total Cost": 43921.01,
              "Plan Rows": 1,
              "Plan Width": 8,
              "Actual Startup Time": 128.401,
              "Actual Total Time": 128.402,
              "Actual Rows": 1,
              "Actual Loops": 4,
              "Plans": [
                {
                  "Node Type": "Seq Scan",
                  "Parent Relationship": "Outer",
                  "Parallel Aware": true,
                  "Relation Name": "movie_keyword",
                  "Alias": "mk",
                  "Startup Cost": 0.0,
                  "Total Cost": 42695.65,
                  "Plan Rows": 490138,
                  "Plan Width": 0,
                  "Actual Startup Time": 1.645,
                  "Actual Total Time": 109.75,
                  "Actual Rows": 381536,
                  "Actual Loops": 4,
                  "Filter": "(keyword_id > 10512)",
                  "Rows Removed by Filter": 749446
                }
              ]
            }
          ]
        }
      ]
    },
    "Planning Time": 0.189,
    "Triggers": [],
    "Execution Time": 146.287
  }
]