[
  {
    "Plan": {
      "Node Type": "Aggregate",
      "Strategy": "Plain",
      "Partial Mode": "Finalize",
      "Parallel Aware": false,
      "Startup Cost": 130773.61,
      "Total Cost": 130773.62,
      "Plan Rows": 1,
      "Plan Width": 8,
      "Actual Startup Time": 844.377,
      "Actual Total Time": 866.043,
      "Actual Rows": 1,
      "Actual Loops": 1,
      "Plans": [
        {
          "Node Type": "Gather",
          "Parent Relationship": "Outer",
          "Parallel Aware": false,
          "Startup Cost": 130773.29,
          "Total Cost": 130773.6,
          "Plan Rows": 3,
          "Plan Width": 8,
          "Actual Startup Time": 833.981,
          "Actual Total Time": 866.024,
          "Actual Rows": 4,
          "Actual Loops": 1,
          "Workers Planned": 3,
          "Workers Launched": 3,
          "Single Copy": false,
          "Plans": [
            {
              "Node Type": "Aggregate",
              "Strategy": "Plain",
              "Partial Mode": "Partial",
              "Parent Relationship": "Outer",
              "Parallel Aware": false,
              "Startup Cost": 129773.29,
              "Total Cost": 129773.3,
              "Plan Rows": 1,
              "Plan Width": 8,
              "Actual Startup Time": 812.29,
              "Actual Total Time": 812.753,
              "Actual Rows": 1,
              "Actual Loops": 4,
              "Plans": [
                {
                  "Node Type": "Hash Join",
                  "Parent Relationship": "Outer",
                  "Parallel Aware": true,
                  "Join Type": "Inner",
                  "Startup Cost": 85362.48,
                  "Total Cost": 129548.8,
                  "Plan Rows": 89795,
                  "Plan Width": 0,
                  "Actual Startup Time": 605.358,
                  "Actual Total Time": 792.619,
                  "Actual Rows": 357234,
                  "Actual Loops": 4,
                  "Inner Unique": false,
                  "Hash Cond": "(mk.movie_id = t.id)",
                  "Plans": [
                    {
                      "Node Type": "Seq Scan",
                      "Parent Relationship": "Outer",
                      "Parallel Aware": true,
                      "Relation Name": "movie_keyword",
                      "Alias": "mk",
                      "Startup Cost": 0.0,
                      "Total Cost": 42695.65,
                      "Plan Rows": 320268,
                      "Plan Width": 4,
                      "Actual Startup Time": 1.566,
                      "Actual Total Time": 110.177,
                      "Actual Rows": 248514,
                      "Actual Loops": 4,
                      "Filter": "(keyword_id > 18607)",
                      "Rows Removed by Filter": 882469
                    },
                    {
                      "Node Type": "Hash",
                      "Parent Relationship": "Inner",
                      "Parallel Aware": true,
                      "Startup Cost": 82504.01,
                      "Total Cost": 82504.01,
                      "Plan Rows": 228678,
                      "Plan Width": 8,
                      "Actual Startup Time": 598.584,
                      "Actual Total Time": 599.045,
                      "Actual Rows": 227044,
                      "Actual Loops": 4,
                      "Hash Buckets": 1048576,
                      "Original Hash Buckets": 1048576,
                      "Hash Batches": 1,
                      "Original Hash Batches": 1,
                      "Peak Memory Usage": 43776,
                      "Plans": [
                        {
                          "Node Type": "Hash Join",
                          "Parent Relationship": "Outer",
                          "Parallel Aware": true,
                          "Join Type": "Inner",
                          "Startup Cost": 50354.42,
                          "Total Cost": 82504.01,
                          "Plan Rows": 228678,
                          "Plan Width": 8,
                          "Actual Startup Time": 362.356,
                          "Actual Total Time": 526.764,
                          "Actual Rows": 227044,
                          "Actual Loops": 4,
                          "Inner Unique": true,
                          "Hash Cond": "(mc.movie_id = t.id)",
                          "Plans": [
                            {
                              "Node Type": "Seq Scan",
                              "Parent Relationship": "Outer",
                              "Parallel Aware": true,
                              "Relation Name": "movie_companies",
                              "Alias": "mc",
                              "Startup Cost": 0.0,
                              "Total Cost": 31414.82,
                              "Plan Rows": 279912,
                              "Plan Width": 4,
                              "Actual Startup Time": 36.655,
                              "Actual Total Time": 87.487,
                              "Actual Rows": 267494,
                              "Actual Loops": 4,
                              "Filter": "((company_id > 3042) AND (company_type_id = 2))",
                              "Rows Removed by Filter": 384788
                            },
                            {
                              "Node Type": "Hash",
                              "Parent Relationship": "Inner",
                              "Parallel Aware": true,
                              "Startup Cost": 43899.32,
                              "Total Cost": 43899.32,
                              "Plan Rows": 516408,
                              "Plan Width": 4,
                              "Actual Startup Time": 320.844,
                              "Actual Total Time": 320.845,
                              "Actual Rows": 516138,
                              "Actual Loops": 4,
                              "Hash Buckets": 2097152,
                              "Original Hash Buckets": 2097152,
                              "Hash Batches": 1,
                              "Original Hash Batches": 1,
                              "Peak Memory Usage": 97184,
                              "Plans": [
                                {
                                  "Node Type": "Seq Scan",
                                  "Parent Relationship": "Outer",
                                  "Parallel Aware": true,
                                  "Relation Name": "title",
                                  "Alias": "t",
                                  "Startup Cost": 0.0,
                                  "Total Cost": 43899.32,
                                  "Plan Rows": 516408,
                                  "Plan Width": 4,
                                  "Actual Startup Time": 0.042,
                                  "Actual Total Time": 132.616,
                                  "Actual Rows": 516138,
                                  "Actual Loops": 4,
                                  "Filter": "(production_year < 2011)",
                                  "Rows Removed by Filter": 115940
                                }
                              ]
                            }
                          ]
                        }
                      ]
                    }
                  ]
                }
              ]
            }
          ]
        }
      ]
    },
    "Planning Time": 1.463,
    "Triggers": [],
    "Execution Time": 866.124
  }
]