{
  "Plan": {
    "Node Type": "Aggregate",
    "Strategy": "Plain",
    "Partial Mode": "Finalize",
    "Parallel Aware": false,
    "Startup Cost": 674596.43,
    "Total Cost": 674596.44,
    "Plan Rows": 1,
    "Plan Width": 32,
    "Actual Startup Time": 3509.207,
    "Actual Total Time": 3570.315,
    "Actual Rows": 1,
    "Actual Loops": 1,
    "Plans": [
      {
        "Node Type": "Gather",
        "Parent Relationship": "Outer",
        "Parallel Aware": false,
        "Startup Cost": 674596.32,
        "Total Cost": 674596.43,
        "Plan Rows": 1,
        "Plan Width": 32,
        "Actual Startup Time": 3363.381,
        "Actual Total Time": 3570.282,
        "Actual Rows": 2,
        "Actual Loops": 1,
        "Workers Planned": 1,
        "Workers Launched": 1,
        "Single Copy": false,
        "Plans": [
          {
            "Node Type": "Aggregate",
            "Strategy": "Plain",
            "Partial Mode": "Partial",
            "Parent Relationship": "Outer",
            "Parallel Aware": false,
            "Startup Cost": 673596.32,
            "Total Cost": 673596.33,
            "Plan Rows": 1,
            "Plan Width": 32,
            "Actual Startup Time": 3422.536,
            "Actual Total Time": 3423.096,
            "Actual Rows": 1,
            "Actual Loops": 2,
            "Plans": [
              {
                "Node Type": "Hash Join",
                "Parent Relationship": "Outer",
                "Parallel Aware": false,
                "Join Type": "Inner",
                "Startup Cost": 669372.5,
                "Total Cost": 673588.18,
                "Plan Rows": 3256,
                "Plan Width": 17,
                "Actual Startup Time": 3363.801,
                "Actual Total Time": 3423.047,
                "Actual Rows": 319,
                "Actual Loops": 2,
                "Inner Unique": true,
                "Hash Cond": "(mc.company_type_id = ct.id)",
                "Plans": [
                  {
                    "Node Type": "Hash Join",
                    "Parent Relationship": "Outer",
                    "Parallel Aware": true,
                    "Join Type": "Inner",
                    "Startup Cost": 669371.44,
                    "Total Cost": 673516.71,
                    "Plan Rows": 13024,
                    "Plan Width": 21,
                    "Actual Startup Time": 3359.151,
                    "Actual Total Time": 3421.279,
                    "Actual Rows": 29716,
                    "Actual Loops": 2,
                    "Inner Unique": false,
                    "Hash Cond": "(t.id = mc.movie_id)",
                    "Plans": [
                      {
                        "Node Type": "Merge Join",
                        "Parent Relationship": "Outer",
                        "Parallel Aware": false,
                        "Join Type": "Inner",
                        "Startup Cost": 626295.0,
                        "Total Cost": 629167.16,
                        "Plan Rows": 191440,
                        "Plan Width": 25,
                        "Actual Startup Time": 3085.926,
                        "Actual Total Time": 3111.795,
                        "Actual Rows": 167049,
                        "Actual Loops": 2,
                        "Inner Unique": true,
                        "Merge Cond": "(mi.info_type_id = it.id)",
                        "Plans": [
                          {
                            "Node Type": "Sort",
                            "Parent Relationship": "Outer",
                            "Parallel Aware": false,
                            "Startup Cost": 626289.02,
                            "Total Cost": 626767.62,
                            "Plan Rows": 191440,
                            "Plan Width": 29,
                            "Actual Startup Time": 3085.853,
                            "Actual Total Time": 3092.641,
                            "Actual Rows": 167049,
                            "Actual Loops": 2,
                            "Sort Key": [
                              "mi.info_type_id"
                            ],
                            "Sort Method": "quicksort",
                            "Sort Space Used": 23989,
                            "Sort Space Type": "Memory",
                            "Workers": [
                              {
                                "Worker Number": 0,
                                "Sort Method": "quicksort",
                                "Sort Space Used": 12965,
                                "Sort Space Type": "Memory"
                              }
                            ],
                            "Plans": [
                              {
                                "Node Type": "Merge Join",
                                "Parent Relationship": "Outer",
                                "Parallel Aware": false,
                                "Join Type": "Inner",
                                "Startup Cost": 598935.13,
                                "Total Cost": 609493.48,
                                "Plan Rows": 191440,
                                "Plan Width": 29,
                                "Actual Startup Time": 2676.64,
                                "Actual Total Time": 3050.049,
                                "Actual Rows": 167049,
                                "Actual Loops": 2,
                                "Inner Unique": true,
                                "Merge Cond": "(mi.movie_id = t.id)",
                                "Plans": [
                                  {
                                    "Node Type": "Sort",
                                    "Parent Relationship": "Outer",
                                    "Parallel Aware": false,
                                    "Startup Cost": 390719.63,
                                    "Total Cost": 391597.14,
                                    "Plan Rows": 351001,
                                    "Plan Width": 8,
                                    "Actual Startup Time": 1955.719,
                                    "Actual Total Time": 1972.186,
                                    "Actual Rows": 324153,
                                    "Actual Loops": 2,
                                    "Sort Key": [
                                      "mi.movie_id"
                                    ],
                                    "Sort Method": "quicksort",
                                    "Sort Space Used": 31719,
                                    "Sort Space Type": "Memory",
                                    "Workers": [
                                      {
                                        "Worker Number": 0,
                                        "Sort Method": "quicksort",
                                        "Sort Space Used": 17104,
                                        "Sort Space Type": "Memory"
                                      }
                                    ],
                                    "Plans": [
                                      {
                                        "Node Type": "Seq Scan",
                                        "Parent Relationship": "Outer",
                                        "Parallel Aware": true,
                                        "Relation Name": "movie_info",
                                        "Alias": "mi",
                                        "Startup Cost": 0.0,
                                        "Total Cost": 358390.48,
                                        "Plan Rows": 351001,
                                        "Plan Width": 8,
                                        "Actual Startup Time": 0.7,
                                        "Actual Total Time": 1878.353,
                                        "Actual Rows": 324153,
                                        "Actual Loops": 2,
                                        "Filter": "(info = ANY ('{America,Denmark,American,Norway,Denish,Swedish,USA,Norwegian,German,Bulgaria}'::text[]))",
                                        "Rows Removed by Filter": 7093707
                                      }
                                    ]
                                  },
                                  {
                                    "Node Type": "Sort",
                                    "Parent Relationship": "Inner",
                                    "Parallel Aware": false,
                                    "Startup Cost": 208215.15,
                                    "Total Cost": 211662.42,
                                    "Plan Rows": 1378907,
                                    "Plan Width": 21,
                                    "Actual Startup Time": 720.838,
                                    "Actual Total Time": 899.486,
                                    "Actual Rows": 1381128,
                                    "Actual Loops": 2,
                                    "Sort Key": [
                                      "t.id"
                                    ],
                                    "Sort Method": "quicksort",
                                    "Sort Space Used": 145245,
                                    "Sort Space Type": "Memory",
                                    "Workers": [
                                      {
                                        "Worker Number": 0,
                                        "Sort Method": "quicksort",
                                        "Sort Space Used": 145245,
                                        "Sort Space Type": "Memory"
                                      }
                                    ],
                                    "Plans": [
                                      {
                                        "Node Type": "Seq Scan",
                                        "Parent Relationship": "Outer",
                                        "Parallel Aware": false,
                                        "Relation Name": "title",
                                        "Alias": "t",
                                        "Startup Cost": 0.0,
                                        "Total Cost": 67600.46,
                                        "Plan Rows": 1378907,
                                        "Plan Width": 21,
                                        "Actual Startup Time": 0.03,
                                        "Actual Total Time": 309.682,
                                        "Actual Rows": 1381453,
                                        "Actual Loops": 2,
                                        "Filter": "(production_year > 2000)",
                                        "Rows Removed by Filter": 1146859
                                      }
                                    ]
                                  }
                                ]
                              }
                            ]
                          },
                          {
                            "Node Type": "Sort",
                            "Parent Relationship": "Inner",
                            "Parallel Aware": false,
                            "Startup Cost": 5.98,
                            "Total Cost": 6.27,
                            "Plan Rows": 113,
                            "Plan Width": 4,
                            "Actual Startup Time": 0.067,
                            "Actual Total Time": 0.07,
                            "Actual Rows": 18,
                            "Actual Loops": 2,
                            "Sort Key": [
                              "it.id"
                            ],
                            "Sort Method": "quicksort",
                            "Sort Space Used": 30,
                            "Sort Space Type": "Memory",
                            "Workers": [
                              {
                                "Worker Number": 0,
                                "Sort Method": "quicksort",
                                "Sort Space Used": 30,
                                "Sort Space Type": "Memory"
                              }
                            ],
                            "Plans": [
                              {
                                "Node Type": "Seq Scan",
                                "Parent Relationship": "Outer",
                                "Parallel Aware": false,
                                "Relation Name": "info_type",
                                "Alias": "it",
                                "Startup Cost": 0.0,
                                "Total Cost": 2.13,
                                "Plan Rows": 113,
                                "Plan Width": 4,
                                "Actual Startup Time": 0.04,
                                "Actual Total Time": 0.049,
                                "Actual Rows": 113,
                                "Actual Loops": 2
                              }
                            ]
                          }
                        ]
                      },
                      {
                        "Node Type": "Hash",
                        "Parent Relationship": "Inner",
                        "Parallel Aware": true,
                        "Startup Cost": 41811.73,
                        "Total Cost": 41811.73,
                        "Plan Rows": 101177,
                        "Plan Width": 8,
                        "Actual Startup Time": 271.592,
                        "Actual Total Time": 271.592,
                        "Actual Rows": 147814,
                        "Actual Loops": 2,
                        "Hash Buckets": 524288,
                        "Original Hash Buckets": 262144,
                        "Hash Batches": 1,
                        "Original Hash Batches": 1,
                        "Peak Memory Usage": 17728,
                        "Plans": [
                          {
                            "Node Type": "Seq Scan",
                            "Parent Relationship": "Outer",
                            "Parallel Aware": true,
                            "Relation Name": "movie_companies",
                            "Alias": "mc",
                            "Startup Cost": 0.0,
                            "Total Cost": 41811.73,
                            "Plan Rows": 101177,
                            "Plan Width": 8,
                            "Actual Startup Time": 0.059,
                            "Actual Total Time": 222.104,
                            "Actual Rows": 147814,
                            "Actual Loops": 2,
                            "Filter": "((note !~~ '%(TV)%'::text) AND (note ~~ '%(USA)%'::text))",
                            "Rows Removed by Filter": 1156750
                          }
                        ]
                      }
                    ]
                  },
                  {
                    "Node Type": "Hash",
                    "Parent Relationship": "Inner",
                    "Parallel Aware": false,
                    "Startup Cost": 1.05,
                    "Total Cost": 1.05,
                    "Plan Rows": 1,
                    "Plan Width": 4,
                    "Actual Startup Time": 0.068,
                    "Actual Total Time": 0.069,
                    "Actual Rows": 1,
                    "Actual Loops": 2,
                    "Hash Buckets": 1024,
                    "Original Hash Buckets": 1024,
                    "Hash Batches": 1,
                    "Original Hash Batches": 1,
                    "Peak Memory Usage": 9,
                    "Plans": [
                      {
                        "Node Type": "Seq Scan",
                        "Parent Relationship": "Outer",
                        "Parallel Aware": false,
                        "Relation Name": "company_type",
                        "Alias": "ct",
                        "Startup Cost": 0.0,
                        "Total Cost": 1.05,
                        "Plan Rows": 1,
                        "Plan Width": 4,
                        "Actual Startup Time": 0.052,
                        "Actual Total Time": 0.054,
                        "Actual Rows": 1,
                        "Actual Loops": 2,
                        "Filter": "((kind)::text = 'production companies'::text)",
                        "Rows Removed by Filter": 3
                      }
                    ]
                  }
                ]
              }
            ]
          }
        ]
      }
    ]
  },
  "Planning Time": 0.946,
  "Triggers": [],
  "Execution Time": 3570.443
}