[
  {
    "Plan": {
      "Node Type": "Aggregate",
      "Strategy": "Plain",
      "Partial Mode": "Finalize",
      "Parallel Aware": false,
      "Startup Cost": 149061.14,
      "Total Cost": 149061.15,
      "Plan Rows": 1,
      "Plan Width": 8,
      "Actual Startup Time": 1274.73,
      "Actual Total Time": 1313.878,
      "Actual Rows": 1,
      "Actual Loops": 1,
      "Plans": [
        {
          "Node Type": "Gather",
          "Parent Relationship": "Outer",
          "Parallel Aware": false,
          "Startup Cost": 149060.82,
          "Total Cost": 149061.13,
          "Plan Rows": 3,
          "Plan Width": 8,
          "Actual Startup Time": 1265.573,
          "Actual Total Time": 1313.867,
          "Actual Rows": 4,
          "Actual Loops": 1,
          "Workers Planned": 3,
          "Workers Launched": 3,
          "Single Copy": false,
          "Plans": [
            {
              "Node Type": "Aggregate",
              "Strategy": "Plain",
              "Partial Mode": "Partial",
              "Parent Relationship": "Outer",
              "Parallel Aware": false,
              "Startup Cost": 148060.82,
              "Total Cost": 148060.83,
              "Plan Rows": 1,
              "Plan Width": 8,
              "Actual Startup Time": 1251.615,
              "Actual Total Time": 1251.621,
              "Actual Rows": 1,
              "Actual Loops": 4,
              "Plans": [
                {
                  "Node Type": "Nested Loop",
                  "Parent Relationship": "Outer",
                  "Parallel Aware": false,
                  "Join Type": "Inner",
                  "Startup Cost": 52689.84,
                  "Total Cost": 147695.45,
                  "Plan Rows": 146149,
                  "Plan Width": 0,
                  "Actual Startup Time": 368.72,
                  "Actual Total Time": 1167.42,
                  "Actual Rows": 1843376,
                  "Actual Loops": 4,
                  "Inner Unique": false,
                  "Plans": [
                    {
                      "Node Type": "Hash Join",
                      "Parent Relationship": "Outer",
                      "Parallel Aware": true,
                      "Join Type": "Inner",
                      "Startup Cost": 52689.4,
                      "Total Cost": 77710.37,
                      "Plan Rows": 37485,
                      "Plan Width": 8,
                      "Actual Startup Time": 368.588,
                      "Actual Total Time": 409.96,
                      "Actual Rows": 28874,
                      "Actual Loops": 4,
                      "Inner Unique": true,
                      "Hash Cond": "(mk.movie_id = t.id)",
                      "Plans": [
                        {
                          "Node Type": "Bitmap Heap Scan",
                          "Parent Relationship": "Outer",
                          "Parallel Aware": true,
                          "Relation Name": "movie_keyword",
                          "Alias": "mk",
                          "Startup Cost": 2469.02,
                          "Total Cost": 27391.59,
                          "Plan Rows": 37485,
                          "Plan Width": 4,
                          "Actual Startup Time": 10.827,
                          "Actual Total Time": 35.089,
                          "Actual Rows": 28874,
                          "Actual Loops": 4,
                          "Recheck Cond": "(keyword_id > 78983)",
                          "Rows Removed by Index Recheck": 0,
                          "Exact Heap Blocks": 5686,
                          "Lossy Heap Blocks": 0,
                          "Plans": [
                            {
                              "Node Type": "Bitmap Index Scan",
                              "Parent Relationship": "Outer",
                              "Parallel Aware": false,
                              "Index Name": "keyword_id_movie_keyword",
                              "Startup Cost": 0.0,
                              "Total Cost": 2439.97,
                              "Plan Rows": 116205,
                              "Plan Width": 0,
                              "Actual Startup Time": 8.223,
                              "Actual Total Time": 8.224,
                              "Actual Rows": 115497,
                              "Actual Loops": 1,
                              "Index Cond": "(keyword_id > 78983)"
                            }
                          ]
                        },
                        {
                          "Node Type": "Hash",
                          "Parent Relationship": "Inner",
                          "Parallel Aware": true,
                          "Startup Cost": 42319.06,
                          "Total Cost": 42319.06,
                          "Plan Rows": 632106,
                          "Plan Width": 4,
                          "Actual Startup Time": 348.318,
                          "Actual Total Time": 348.318,
                          "Actual Rows": 632078,
                          "Actual Loops": 4,
                          "Hash Buckets": 4194304,
                          "Original Hash Buckets": 4194304,
                          "Hash Batches": 1,
                          "Original Hash Batches": 1,
                          "Peak Memory Usage": 131744,
                          "Plans": [
                            {
                              "Node Type": "Seq Scan",
                              "Parent Relationship": "Outer",
                              "Parallel Aware": true,
                              "Relation Name": "title",
                              "Alias": "t",
                              "Startup Cost": 0.0,
                              "Total Cost": 42319.06,
                              "Plan Rows": 632106,
                              "Plan Width": 4,
                              "Actual Startup Time": 0.046,
                              "Actual Total Time": 102.722,
                              "Actual Rows": 632078,
                              "Actual Loops": 4
                            }
                          ]
                        }
                      ]
                    },
                    {
                      "Node Type": "Index Scan",
                      "Parent Relationship": "Inner",
                      "Parallel Aware": false,
                      "Scan Direction": "Forward",
                      "Index Name": "movie_id_movie_info",
                      "Relation Name": "movie_info",
                      "Alias": "mi",
                      "Startup Cost": 0.43,
                      "Total Cost": 1.6,
                      "Plan Rows": 27,
                      "Plan Width": 4,
                      "Actual Startup Time": 0.005,
                      "Actual Total Time": 0.021,
                      "Actual Rows": 64,
                      "Actual Loops": 115497,
                      "Index Cond": "(movie_id = t.id)",
                      "Rows Removed by Index Recheck": 0,
                      "Filter": "(info_type_id > 4)",
                      "Rows Removed by Filter": 6
                    }
                  ]
                }
              ]
            }
          ]
        }
      ]
    },
    "Planning Time": 0.794,
    "Triggers": [],
    "Execution Time": 1313.947
  }
]