{
  "Plan": {
    "Node Type": "Aggregate",
    "Strategy": "Plain",
    "Partial Mode": "Finalize",
    "Parallel Aware": false,
    "Startup Cost": 58563.07,
    "Total Cost": 58563.08,
    "Plan Rows": 1,
    "Plan Width": 8,
    "Actual Startup Time": 176.863,
    "Actual Total Time": 184.107,
    "Actual Rows": 1,
    "Actual Loops": 1,
    "Plans": [
      {
        "Node Type": "Gather",
        "Parent Relationship": "Outer",
        "Parallel Aware": false,
        "Startup Cost": 58562.96,
        "Total Cost": 58563.07,
        "Plan Rows": 1,
        "Plan Width": 8,
        "Actual Startup Time": 176.507,
        "Actual Total Time": 184.1,
        "Actual Rows": 2,
        "Actual Loops": 1,
        "Workers Planned": 1,
        "Workers Launched": 1,
        "Single Copy": false,
        "Plans": [
          {
            "Node Type": "Aggregate",
            "Strategy": "Plain",
            "Partial Mode": "Partial",
            "Parent Relationship": "Outer",
            "Parallel Aware": false,
            "Startup Cost": 57562.96,
            "Total Cost": 57562.97,
            "Plan Rows": 1,
            "Plan Width": 8,
            "Actual Startup Time": 170.501,
            "Actual Total Time": 170.504,
            "Actual Rows": 1,
            "Actual Loops": 2,
            "Plans": [
              {
                "Node Type": "Hash Join",
                "Parent Relationship": "Outer",
                "Parallel Aware": true,
                "Join Type": "Inner",
                "Startup Cost": 39316.52,
                "Total Cost": 57500.31,
                "Plan Rows": 25059,
                "Plan Width": 0,
                "Actual Startup Time": 102.963,
                "Actual Total Time": 168.606,
                "Actual Rows": 46420,
                "Actual Loops": 2,
                "Inner Unique": true,
                "Hash Cond": "(mi_idx.movie_id = t.id)",
                "Plans": [
                  {
                    "Node Type": "Seq Scan",
                    "Parent Relationship": "Outer",
                    "Parallel Aware": true,
                    "Relation Name": "movie_info_idx",
                    "Alias": "mi_idx",
                    "Startup Cost": 0.0,
                    "Total Cost": 16052.85,
                    "Plan Rows": 811785,
                    "Plan Width": 4,
                    "Actual Startup Time": 0.02,
                    "Actual Total Time": 47.517,
                    "Actual Rows": 690018,
                    "Actual Loops": 2
                  },
                  {
                    "Node Type": "Hash",
                    "Parent Relationship": "Inner",
                    "Parallel Aware": true,
                    "Startup Cost": 38742.65,
                    "Total Cost": 38742.65,
                    "Plan Rows": 45910,
                    "Plan Width": 4,
                    "Actual Startup Time": 60.12,
                    "Actual Total Time": 60.121,
                    "Actual Rows": 37819,
                    "Actual Loops": 2,
                    "Hash Buckets": 131072,
                    "Original Hash Buckets": 131072,
                    "Hash Batches": 1,
                    "Original Hash Batches": 1,
                    "Peak Memory Usage": 4000,
                    "Plans": [
                      {
                        "Node Type": "Bitmap Heap Scan",
                        "Parent Relationship": "Outer",
                        "Parallel Aware": true,
                        "Relation Name": "title",
                        "Alias": "t",
                        "Startup Cost": 1842.64,
                        "Total Cost": 38742.65,
                        "Plan Rows": 45910,
                        "Plan Width": 4,
                        "Actual Startup Time": 14.533,
                        "Actual Total Time": 51.003,
                        "Actual Rows": 37819,
                        "Actual Loops": 2,
                        "Recheck Cond": "(kind_id = 3)",
                        "Rows Removed by Index Recheck": 0,
                        "Filter": "(production_year > 1981)",
                        "Rows Removed by Filter": 12450,
                        "Exact Heap Blocks": 10438,
                        "Lossy Heap Blocks": 0,
                        "Plans": [
                          {
                            "Node Type": "Bitmap Index Scan",
                            "Parent Relationship": "Outer",
                            "Parallel Aware": false,
                            "Index Name": "kind_id_title",
                            "Startup Cost": 0.0,
                            "Total Cost": 1823.13,
                            "Plan Rows": 102227,
                            "Plan Width": 0,
                            "Actual Startup Time": 13.782,
                            "Actual Total Time": 13.782,
                            "Actual Rows": 100537,
                            "Actual Loops": 1,
                            "Index Cond": "(kind_id = 3)"
                          }
                        ]
                      }
                    ]
                  }
                ]
              }
            ]
          }
        ]
      }
    ]
  },
  "Planning Time": 0.444,
  "Triggers": [],
  "Execution Time": 184.197
}