[
  {
    "Plan": {
      "Node Type": "Aggregate",
      "Strategy": "Plain",
      "Partial Mode": "Finalize",
      "Parallel Aware": false,
      "Startup Cost": 289061.91,
      "Total Cost": 289061.92,
      "Plan Rows": 1,
      "Plan Width": 8,
      "Actual Startup Time": 1157.688,
      "Actual Total Time": 1204.178,
      "Actual Rows": 1,
      "Actual Loops": 1,
      "Plans": [
        {
          "Node Type": "Gather",
          "Parent Relationship": "Outer",
          "Parallel Aware": false,
          "Startup Cost": 289061.39,
          "Total Cost": 289061.9,
          "Plan Rows": 5,
          "Plan Width": 8,
          "Actual Startup Time": 1152.392,
          "Actual Total Time": 1204.166,
          "Actual Rows": 6,
          "Actual Loops": 1,
          "Workers Planned": 5,
          "Workers Launched": 5,
          "Single Copy": false,
          "Plans": [
            {
              "Node Type": "Aggregate",
              "Strategy": "Plain",
              "Partial Mode": "Partial",
              "Parent Relationship": "Outer",
              "Parallel Aware": false,
              "Startup Cost": 288061.39,
              "Total Cost": 288061.4,
              "Plan Rows": 1,
              "Plan Width": 8,
              "Actual Startup Time": 1141.905,
              "Actual Total Time": 1141.979,
              "Actual Rows": 1,
              "Actual Loops": 6,
              "Plans": [
                {
                  "Node Type": "Hash Join",
                  "Parent Relationship": "Outer",
                  "Parallel Aware": true,
                  "Join Type": "Inner",
                  "Startup Cost": 81806.38,
                  "Total Cost": 286257.92,
                  "Plan Rows": 721387,
                  "Plan Width": 0,
                  "Actual Startup Time": 279.766,
                  "Actual Total Time": 1044.256,
                  "Actual Rows": 2398288,
                  "Actual Loops": 6,
                  "Inner Unique": false,
                  "Hash Cond": "(mi.movie_id = t.id)",
                  "Plans": [
                    {
                      "Node Type": "Seq Scan",
                      "Parent Relationship": "Outer",
                      "Parallel Aware": true,
                      "Relation Name": "movie_info",
                      "Alias": "mi",
                      "Startup Cost": 0.0,
                      "Total Cost": 191560.33,
                      "Plan Rows": 2956733,
                      "Plan Width": 4,
                      "Actual Startup Time": 0.016,
                      "Actual Total Time": 289.383,
                      "Actual Rows": 2472620,
                      "Actual Loops": 6
                    },
                    {
                      "Node Type": "Hash",
                      "Parent Relationship": "Inner",
                      "Parallel Aware": true,
                      "Startup Cost": 79878.7,
                      "Total Cost": 79878.7,
                      "Plan Rows": 154214,
                      "Plan Width": 8,
                      "Actual Startup Time": 265.772,
                      "Actual Total Time": 265.845,
                      "Actual Rows": 60760,
                      "Actual Loops": 6,
                      "Hash Buckets": 1048576,
                      "Original Hash Buckets": 1048576,
                      "Hash Batches": 1,
                      "Original Hash Batches": 1,
                      "Peak Memory Usage": 22528,
                      "Plans": [
                        {
                          "Node Type": "Hash Join",
                          "Parent Relationship": "Outer",
                          "Parallel Aware": true,
                          "Join Type": "Inner",
                          "Startup Cost": 33902.14,
                          "Total Cost": 79878.7,
                          "Plan Rows": 154214,
                          "Plan Width": 8,
                          "Actual Startup Time": 169.835,
                          "Actual Total Time": 232.089,
                          "Actual Rows": 60760,
                          "Actual Loops": 6,
                          "Inner Unique": false,
                          "Hash Cond": "(t.id = mc.movie_id)",
                          "Plans": [
                            {
                              "Node Type": "Seq Scan",
                              "Parent Relationship": "Outer",
                              "Parallel Aware": true,
                              "Relation Name": "title",
                              "Alias": "t",
                              "Startup Cost": 0.0,
                              "Total Cost": 42318.73,
                              "Plan Rows": 632073,
                              "Plan Width": 4,
                              "Actual Startup Time": 0.014,
                              "Actual Total Time": 55.428,
                              "Actual Rows": 421385,
                              "Actual Loops": 6
                            },
                            {
                              "Node Type": "Hash",
                              "Parent Relationship": "Inner",
                              "Parallel Aware": true,
                              "Startup Cost": 31414.82,
                              "Total Cost": 31414.82,
                              "Plan Rows": 198986,
                              "Plan Width": 4,
                              "Actual Startup Time": 98.253,
                              "Actual Total Time": 98.253,
                              "Actual Rows": 60760,
                              "Actual Loops": 6,
                              "Hash Buckets": 1048576,
                              "Original Hash Buckets": 1048576,
                              "Hash Batches": 1,
                              "Original Hash Batches": 1,
                              "Peak Memory Usage": 22528,
                              "Plans": [
                                {
                                  "Node Type": "Seq Scan",
                                  "Parent Relationship": "Outer",
                                  "Parallel Aware": true,
                                  "Relation Name": "movie_companies",
                                  "Alias": "mc",
                                  "Startup Cost": 0.0,
                                  "Total Cost": 31414.82,
                                  "Plan Rows": 198986,
                                  "Plan Width": 4,
                                  "Actual Startup Time": 17.246,
                                  "Actual Total Time": 61.928,
                                  "Actual Rows": 60760,
                                  "Actual Loops": 6,
                                  "Filter": "((company_id > 11586) AND (company_type_id < 2))",
                                  "Rows Removed by Filter": 374095
                                }
                              ]
                            }
                          ]
                        }
                      ]
                    }
                  ]
                }
              ]
            }
          ]
        }
      ]
    },
    "Planning Time": 1.404,
    "Triggers": [],
    "Execution Time": 1204.28
  }
]