{
  "Plan": {
    "Node Type": "Aggregate",
    "Strategy": "Plain",
    "Partial Mode": "Finalize",
    "Parallel Aware": false,
    "Startup Cost": 177081.61,
    "Total Cost": 177081.62,
    "Plan Rows": 1,
    "Plan Width": 8,
    "Actual Startup Time": 679.913,
    "Actual Total Time": 744.729,
    "Actual Rows": 1,
    "Actual Loops": 1,
    "Plans": [
      {
        "Node Type": "Gather",
        "Parent Relationship": "Outer",
        "Parallel Aware": false,
        "Startup Cost": 177081.5,
        "Total Cost": 177081.61,
        "Plan Rows": 1,
        "Plan Width": 8,
        "Actual Startup Time": 679.592,
        "Actual Total Time": 744.72,
        "Actual Rows": 2,
        "Actual Loops": 1,
        "Workers Planned": 1,
        "Workers Launched": 1,
        "Single Copy": false,
        "Plans": [
          {
            "Node Type": "Aggregate",
            "Strategy": "Plain",
            "Partial Mode": "Partial",
            "Parent Relationship": "Outer",
            "Parallel Aware": false,
            "Startup Cost": 176081.5,
            "Total Cost": 176081.51,
            "Plan Rows": 1,
            "Plan Width": 8,
            "Actual Startup Time": 673.207,
            "Actual Total Time": 673.211,
            "Actual Rows": 1,
            "Actual Loops": 2,
            "Plans": [
              {
                "Node Type": "Nested Loop",
                "Parent Relationship": "Outer",
                "Parallel Aware": false,
                "Join Type": "Inner",
                "Startup Cost": 39000.59,
                "Total Cost": 175672.39,
                "Plan Rows": 163644,
                "Plan Width": 0,
                "Actual Startup Time": 82.118,
                "Actual Total Time": 666.917,
                "Actual Rows": 128708,
                "Actual Loops": 2,
                "Inner Unique": false,
                "Join Filter": "(t.id = ci.movie_id)",
                "Rows Removed by Join Filter": 0,
                "Plans": [
                  {
                    "Node Type": "Hash Join",
                    "Parent Relationship": "Outer",
                    "Parallel Aware": true,
                    "Join Type": "Inner",
                    "Startup Cost": 39000.02,
                    "Total Cost": 99576.96,
                    "Plan Rows": 33164,
                    "Plan Width": 8,
                    "Actual Startup Time": 81.879,
                    "Actual Total Time": 323.476,
                    "Actual Rows": 24866,
                    "Actual Loops": 2,
                    "Inner Unique": true,
                    "Hash Cond": "(mk.movie_id = t.id)",
                    "Plans": [
                      {
                        "Node Type": "Seq Scan",
                        "Parent Relationship": "Outer",
                        "Parallel Aware": true,
                        "Relation Name": "movie_keyword",
                        "Alias": "mk",
                        "Startup Cost": 0.0,
                        "Total Cost": 57718.19,
                        "Plan Rows": 1089045,
                        "Plan Width": 4,
                        "Actual Startup Time": 0.638,
                        "Actual Total Time": 169.659,
                        "Actual Rows": 926056,
                        "Actual Loops": 2,
                        "Filter": "(keyword_id > 7469)",
                        "Rows Removed by Filter": 1335908
                      },
                      {
                        "Node Type": "Hash",
                        "Parent Relationship": "Inner",
                        "Parallel Aware": true,
                        "Startup Cost": 38433.91,
                        "Total Cost": 38433.91,
                        "Plan Rows": 45289,
                        "Plan Width": 4,
                        "Actual Startup Time": 78.906,
                        "Actual Total Time": 78.907,
                        "Actual Rows": 42260,
                        "Actual Loops": 2,
                        "Hash Buckets": 131072,
                        "Original Hash Buckets": 131072,
                        "Hash Batches": 1,
                        "Original Hash Batches": 1,
                        "Peak Memory Usage": 4384,
                        "Plans": [
                          {
                            "Node Type": "Bitmap Heap Scan",
                            "Parent Relationship": "Outer",
                            "Parallel Aware": true,
                            "Relation Name": "title",
                            "Alias": "t",
                            "Startup Cost": 1635.79,
                            "Total Cost": 38433.91,
                            "Plan Rows": 45289,
                            "Plan Width": 4,
                            "Actual Startup Time": 20.474,
                            "Actual Total Time": 69.452,
                            "Actual Rows": 42260,
                            "Actual Loops": 2,
                            "Recheck Cond": "(kind_id = 2)",
                            "Rows Removed by Index Recheck": 0,
                            "Filter": "(production_year > 1966)",
                            "Rows Removed by Filter": 3166,
                            "Exact Heap Blocks": 19325,
                            "Lossy Heap Blocks": 0,
                            "Plans": [
                              {
                                "Node Type": "Bitmap Index Scan",
                                "Parent Relationship": "Outer",
                                "Parallel Aware": false,
                                "Index Name": "kind_id_title",
                                "Startup Cost": 0.0,
                                "Total Cost": 1616.54,
                                "Plan Rows": 90681,
                                "Plan Width": 0,
                                "Actual Startup Time": 16.558,
                                "Actual Total Time": 16.559,
                                "Actual Rows": 90852,
                                "Actual Loops": 1,
                                "Index Cond": "(kind_id = 2)"
                              }
                            ]
                          }
                        ]
                      }
                    ]
                  },
                  {
                    "Node Type": "Index Scan",
                    "Parent Relationship": "Inner",
                    "Parallel Aware": false,
                    "Scan Direction": "Forward",
                    "Index Name": "movie_id_cast_info",
                    "Relation Name": "cast_info",
                    "Alias": "ci",
                    "Startup Cost": 0.56,
                    "Total Cost": 2.13,
                    "Plan Rows": 13,
                    "Plan Width": 4,
                    "Actual Startup Time": 0.005,
                    "Actual Total Time": 0.013,
                    "Actual Rows": 5,
                    "Actual Loops": 49733,
                    "Index Cond": "(movie_id = mk.movie_id)",
                    "Rows Removed by Index Recheck": 0,
                    "Filter": "(role_id = 1)",
                    "Rows Removed by Filter": 12
                  }
                ]
              }
            ]
          }
        ]
      }
    ]
  },
  "Planning Time": 1.062,
  "Triggers": [],
  "Execution Time": 744.857
}