{
  "Plan": {
    "Node Type": "Aggregate",
    "Strategy": "Plain",
    "Partial Mode": "Finalize",
    "Parallel Aware": false,
    "Startup Cost": 146138.92,
    "Total Cost": 146138.93,
    "Plan Rows": 1,
    "Plan Width": 8,
    "Actual Startup Time": 624.724,
    "Actual Total Time": 642.442,
    "Actual Rows": 1,
    "Actual Loops": 1,
    "Plans": [
      {
        "Node Type": "Gather",
        "Parent Relationship": "Outer",
        "Parallel Aware": false,
        "Startup Cost": 146138.81,
        "Total Cost": 146138.92,
        "Plan Rows": 1,
        "Plan Width": 8,
        "Actual Startup Time": 623.99,
        "Actual Total Time": 642.435,
        "Actual Rows": 2,
        "Actual Loops": 1,
        "Workers Planned": 1,
        "Workers Launched": 1,
        "Single Copy": false,
        "Plans": [
          {
            "Node Type": "Aggregate",
            "Strategy": "Plain",
            "Partial Mode": "Partial",
            "Parent Relationship": "Outer",
            "Parallel Aware": false,
            "Startup Cost": 145138.81,
            "Total Cost": 145138.82,
            "Plan Rows": 1,
            "Plan Width": 8,
            "Actual Startup Time": 617.384,
            "Actual Total Time": 617.391,
            "Actual Rows": 1,
            "Actual Loops": 2,
            "Plans": [
              {
                "Node Type": "Hash Join",
                "Parent Relationship": "Outer",
                "Parallel Aware": true,
                "Join Type": "Inner",
                "Startup Cost": 82741.11,
                "Total Cost": 145081.41,
                "Plan Rows": 22960,
                "Plan Width": 0,
                "Actual Startup Time": 464.663,
                "Actual Total Time": 610.868,
                "Actual Rows": 164597,
                "Actual Loops": 2,
                "Inner Unique": false,
                "Hash Cond": "(mk.movie_id = t.id)",
                "Plans": [
                  {
                    "Node Type": "Seq Scan",
                    "Parent Relationship": "Outer",
                    "Parallel Aware": true,
                    "Relation Name": "movie_keyword",
                    "Alias": "mk",
                    "Startup Cost": 0.0,
                    "Total Cost": 57718.19,
                    "Plan Rows": 1196546,
                    "Plan Width": 4,
                    "Actual Startup Time": 0.562,
                    "Actual Total Time": 185.363,
                    "Actual Rows": 1015282,
                    "Actual Loops": 2,
                    "Filter": "(keyword_id > 6069)",
                    "Rows Removed by Filter": 1246684
                  },
                  {
                    "Node Type": "Hash",
                    "Parent Relationship": "Inner",
                    "Parallel Aware": true,
                    "Startup Cost": 82384.39,
                    "Total Cost": 82384.39,
                    "Plan Rows": 28538,
                    "Plan Width": 8,
                    "Actual Startup Time": 338.451,
                    "Actual Total Time": 338.456,
                    "Actual Rows": 45316,
                    "Actual Loops": 2,
                    "Hash Buckets": 131072,
                    "Original Hash Buckets": 65536,
                    "Hash Batches": 1,
                    "Original Hash Batches": 1,
                    "Peak Memory Usage": 5120,
                    "Plans": [
                      {
                        "Node Type": "Hash Join",
                        "Parent Relationship": "Outer",
                        "Parallel Aware": true,
                        "Join Type": "Inner",
                        "Startup Cost": 22051.01,
                        "Total Cost": 82384.39,
                        "Plan Rows": 28538,
                        "Plan Width": 8,
                        "Actual Startup Time": 235.718,
                        "Actual Total Time": 327.114,
                        "Actual Rows": 45316,
                        "Actual Loops": 2,
                        "Inner Unique": false,
                        "Hash Cond": "(t.id = mc.movie_id)",
                        "Plans": [
                          {
                            "Node Type": "Seq Scan",
                            "Parent Relationship": "Outer",
                            "Parallel Aware": true,
                            "Relation Name": "title",
                            "Alias": "t",
                            "Startup Cost": 0.0,
                            "Total Cost": 50870.31,
                            "Plan Rows": 1487231,
                            "Plan Width": 4,
                            "Actual Startup Time": 0.01,
                            "Actual Total Time": 127.676,
                            "Actual Rows": 1264156,
                            "Actual Loops": 2
                          },
                          {
                            "Node Type": "Hash",
                            "Parent Relationship": "Inner",
                            "Parallel Aware": true,
                            "Startup Cost": 21694.29,
                            "Total Cost": 21694.29,
                            "Plan Rows": 28538,
                            "Plan Width": 4,
                            "Actual Startup Time": 47.075,
                            "Actual Total Time": 47.076,
                            "Actual Rows": 45316,
                            "Actual Loops": 2,
                            "Hash Buckets": 131072,
                            "Original Hash Buckets": 65536,
                            "Hash Batches": 1,
                            "Original Hash Batches": 1,
                            "Peak Memory Usage": 5120,
                            "Plans": [
                              {
                                "Node Type": "Bitmap Heap Scan",
                                "Parent Relationship": "Outer",
                                "Parallel Aware": true,
                                "Relation Name": "movie_companies",
                                "Alias": "mc",
                                "Startup Cost": 2061.19,
                                "Total Cost": 21694.29,
                                "Plan Rows": 28538,
                                "Plan Width": 4,
                                "Actual Startup Time": 8.711,
                                "Actual Total Time": 32.014,
                                "Actual Rows": 45316,
                                "Actual Loops": 2,
                                "Recheck Cond": "(company_id > 163310)",
                                "Rows Removed by Index Recheck": 0,
                                "Filter": "(company_type_id = 2)",
                                "Rows Removed by Filter": 0,
                                "Exact Heap Blocks": 2130,
                                "Lossy Heap Blocks": 0,
                                "Plans": [
                                  {
                                    "Node Type": "Bitmap Index Scan",
                                    "Parent Relationship": "Outer",
                                    "Parallel Aware": false,
                                    "Index Name": "company_id_movie_companies",
                                    "Startup Cost": 0.0,
                                    "Total Cost": 2049.06,
                                    "Plan Rows": 95551,
                                    "Plan Width": 0,
                                    "Actual Startup Time": 11.701,
                                    "Actual Total Time": 11.701,
                                    "Actual Rows": 90632,
                                    "Actual Loops": 1,
                                    "Index Cond": "(company_id > 163310)"
                                  }
                                ]
                              }
                            ]
                          }
                        ]
                      }
                    ]
                  }
                ]
              }
            ]
          }
        ]
      }
    ]
  },
  "Planning Time": 1.331,
  "Triggers": [],
  "Execution Time": 642.595
}