[
  {
    "Plan": {
      "Node Type": "Aggregate",
      "Strategy": "Plain",
      "Partial Mode": "Simple",
      "Parallel Aware": false,
      "Startup Cost": 3836.49,
      "Total Cost": 3836.5,
      "Plan Rows": 1,
      "Plan Width": 96,
      "Actual Startup Time": 102.838,
      "Actual Total Time": 102.843,
      "Actual Rows": 1,
      "Actual Loops": 1,
      "Plans": [
        {
          "Node Type": "Nested Loop",
          "Parent Relationship": "Outer",
          "Parallel Aware": false,
          "Join Type": "Inner",
          "Startup Cost": 11.97,
          "Total Cost": 3836.41,
          "Plan Rows": 10,
          "Plan Width": 46,
          "Actual Startup Time": 7.922,
          "Actual Total Time": 102.571,
          "Actual Rows": 432,
          "Actual Loops": 1,
          "Inner Unique": true,
          "Plans": [
            {
              "Node Type": "Nested Loop",
              "Parent Relationship": "Outer",
              "Parallel Aware": false,
              "Join Type": "Inner",
              "Startup Cost": 11.54,
              "Total Cost": 3791.7,
              "Plan Rows": 10,
              "Plan Width": 33,
              "Actual Startup Time": 7.837,
              "Actual Total Time": 89.772,
              "Actual Rows": 432,
              "Actual Loops": 1,
              "Inner Unique": true,
              "Plans": [
                {
                  "Node Type": "Nested Loop",
                  "Parent Relationship": "Outer",
                  "Parallel Aware": false,
                  "Join Type": "Inner",
                  "Startup Cost": 11.11,
                  "Total Cost": 3786.82,
                  "Plan Rows": 10,
                  "Plan Width": 24,
                  "Actual Startup Time": 7.753,
                  "Actual Total Time": 87.121,
                  "Actual Rows": 432,
                  "Actual Loops": 1,
                  "Inner Unique": true,
                  "Join Filter": "(ml.link_type_id = lt.id)",
                  "Rows Removed by Join Filter": 2665,
                  "Plans": [
                    {
                      "Node Type": "Nested Loop",
                      "Parent Relationship": "Outer",
                      "Parallel Aware": false,
                      "Join Type": "Inner",
                      "Startup Cost": 11.11,
                      "Total Cost": 3783.14,
                      "Plan Rows": 10,
                      "Plan Width": 16,
                      "Actual Startup Time": 7.728,
                      "Actual Total Time": 86.525,
                      "Actual Rows": 432,
                      "Actual Loops": 1,
                      "Inner Unique": false,
                      "Plans": [
                        {
                          "Node Type": "Nested Loop",
                          "Parent Relationship": "Outer",
                          "Parallel Aware": false,
                          "Join Type": "Inner",
                          "Startup Cost": 10.82,
                          "Total Cost": 3768.68,
                          "Plan Rows": 34,
                          "Plan Width": 4,
                          "Actual Startup Time": 7.676,
                          "Actual Total Time": 72.997,
                          "Actual Rows": 10307,
                          "Actual Loops": 1,
                          "Inner Unique": false,
                          "Plans": [
                            {
                              "Node Type": "Seq Scan",
                              "Parent Relationship": "Outer",
                              "Parallel Aware": false,
                              "Relation Name": "keyword",
                              "Alias": "k",
                              "Startup Cost": 0.0,
                              "Total Cost": 2626.12,
                              "Plan Rows": 1,
                              "Plan Width": 4,
                              "Actual Startup Time": 1.174,
                              "Actual Total Time": 12.211,
                              "Actual Rows": 1,
                              "Actual Loops": 1,
                              "Filter": "(keyword = 'death'::text)",
                              "Rows Removed by Filter": 134169
                            },
                            {
                              "Node Type": "Bitmap Heap Scan",
                              "Parent Relationship": "Inner",
                              "Parallel Aware": false,
                              "Relation Name": "movie_keyword",
                              "Alias": "mk",
                              "Startup Cost": 10.82,
                              "Total Cost": 1139.48,
                              "Plan Rows": 308,
                              "Plan Width": 8,
                              "Actual Startup Time": 6.492,
                              "Actual Total Time": 59.202,
                              "Actual Rows": 10307,
                              "Actual Loops": 1,
                              "Recheck Cond": "(keyword_id = k.id)",
                              "Rows Removed by Index Recheck": 0,
                              "Exact Heap Blocks": 8485,
                              "Lossy Heap Blocks": 0,
                              "Plans": [
                                {
                                  "Node Type": "Bitmap Index Scan",
                                  "Parent Relationship": "Outer",
                                  "Parallel Aware": false,
                                  "Index Name": "keyword_id_movie_keyword",
                                  "Startup Cost": 0.0,
                                  "Total Cost": 10.74,
                                  "Plan Rows": 308,
                                  "Plan Width": 0,
                                  "Actual Startup Time": 4.467,
                                  "Actual Total Time": 4.467,
                                  "Actual Rows": 10307,
                                  "Actual Loops": 1,
                                  "Index Cond": "(keyword_id = k.id)"
                                }
                              ]
                            }
                          ]
                        },
                        {
                          "Node Type": "Index Scan",
                          "Parent Relationship": "Inner",
                          "Parallel Aware": false,
                          "Scan Direction": "Forward",
                          "Index Name": "movie_id_movie_link",
                          "Relation Name": "movie_link",
                          "Alias": "ml",
                          "Startup Cost": 0.29,
                          "Total Cost": 0.38,
                          "Plan Rows": 5,
                          "Plan Width": 12,
                          "Actual Startup Time": 0.001,
                          "Actual Total Time": 0.001,
                          "Actual Rows": 0,
                          "Actual Loops": 10307,
                          "Index Cond": "(movie_id = mk.movie_id)",
                          "Rows Removed by Index Recheck": 0
                        }
                      ]
                    },
                    {
                      "Node Type": "Materialize",
                      "Parent Relationship": "Inner",
                      "Parallel Aware": false,
                      "Startup Cost": 0.0,
                      "Total Cost": 1.27,
                      "Plan Rows": 18,
                      "Plan Width": 16,
                      "Actual Startup Time": 0.0,
                      "Actual Total Time": 0.0,
                      "Actual Rows": 7,
                      "Actual Loops": 432,
                      "Plans": [
                        {
                          "Node Type": "Seq Scan",
                          "Parent Relationship": "Outer",
                          "Parallel Aware": false,
                          "Relation Name": "link_type",
                          "Alias": "lt",
                          "Startup Cost": 0.0,
                          "Total Cost": 1.18,
                          "Plan Rows": 18,
                          "Plan Width": 16,
                          "Actual Startup Time": 0.008,
                          "Actual Total Time": 0.013,
                          "Actual Rows": 17,
                          "Actual Loops": 1
                        }
                      ]
                    }
                  ]
                },
                {
                  "Node Type": "Index Scan",
                  "Parent Relationship": "Inner",
                  "Parallel Aware": false,
                  "Scan Direction": "Forward",
                  "Index Name": "title_pkey",
                  "Relation Name": "title",
                  "Alias": "t1",
                  "Startup Cost": 0.43,
                  "Total Cost": 0.49,
                  "Plan Rows": 1,
                  "Plan Width": 21,
                  "Actual Startup Time": 0.005,
                  "Actual Total Time": 0.005,
                  "Actual Rows": 1,
                  "Actual Loops": 432,
                  "Index Cond": "(id = mk.movie_id)",
                  "Rows Removed by Index Recheck": 0
                }
              ]
            },
            {
              "Node Type": "Index Scan",
              "Parent Relationship": "Inner",
              "Parallel Aware": false,
              "Scan Direction": "Forward",
              "Index Name": "title_pkey",
              "Relation Name": "title",
              "Alias": "t2",
              "Startup Cost": 0.43,
              "Total Cost": 4.47,
              "Plan Rows": 1,
              "Plan Width": 21,
              "Actual Startup Time": 0.029,
              "Actual Total Time": 0.029,
              "Actual Rows": 1,
              "Actual Loops": 432,
              "Index Cond": "(id = ml.linked_movie_id)",
              "Rows Removed by Index Recheck": 0
            }
          ]
        }
      ]
    },
    "Planning Time": 9.105,
    "Triggers": [],
    "Execution Time": 103.237
  }
]