[
  {
    "Plan": {
      "Node Type": "Aggregate",
      "Strategy": "Plain",
      "Partial Mode": "Finalize",
      "Parallel Aware": false,
      "Startup Cost": 391286.39,
      "Total Cost": 391286.4,
      "Plan Rows": 1,
      "Plan Width": 8,
      "Actual Startup Time": 1117.922,
      "Actual Total Time": 1146.117,
      "Actual Rows": 1,
      "Actual Loops": 1,
      "Plans": [
        {
          "Node Type": "Gather",
          "Parent Relationship": "Outer",
          "Parallel Aware": false,
          "Startup Cost": 391285.76,
          "Total Cost": 391286.37,
          "Plan Rows": 6,
          "Plan Width": 8,
          "Actual Startup Time": 1108.181,
          "Actual Total Time": 1146.104,
          "Actual Rows": 7,
          "Actual Loops": 1,
          "Workers Planned": 6,
          "Workers Launched": 6,
          "Single Copy": false,
          "Plans": [
            {
              "Node Type": "Aggregate",
              "Strategy": "Plain",
              "Partial Mode": "Partial",
              "Parent Relationship": "Outer",
              "Parallel Aware": false,
              "Startup Cost": 390285.76,
              "Total Cost": 390285.77,
              "Plan Rows": 1,
              "Plan Width": 8,
              "Actual Startup Time": 1093.166,
              "Actual Total Time": 1093.169,
              "Actual Rows": 1,
              "Actual Loops": 7,
              "Plans": [
                {
                  "Node Type": "Hash Join",
                  "Parent Relationship": "Outer",
                  "Parallel Aware": true,
                  "Join Type": "Inner",
                  "Startup Cost": 47400.53,
                  "Total Cost": 388015.37,
                  "Plan Rows": 908157,
                  "Plan Width": 0,
                  "Actual Startup Time": 176.62,
                  "Actual Total Time": 1060.481,
                  "Actual Rows": 736031,
                  "Actual Loops": 7,
                  "Inner Unique": true,
                  "Hash Cond": "(ci.movie_id = t.id)",
                  "Plans": [
                    {
                      "Node Type": "Index Scan",
                      "Parent Relationship": "Outer",
                      "Parallel Aware": true,
                      "Scan Direction": "Forward",
                      "Index Name": "role_id_cast_info",
                      "Relation Name": "cast_info",
                      "Alias": "ci",
                      "Startup Cost": 0.56,
                      "Total Cost": 335235.55,
                      "Plan Rows": 2049465,
                      "Plan Width": 4,
                      "Actual Startup Time": 12.46,
                      "Actual Total Time": 386.693,
                      "Actual Rows": 1756651,
                      "Actual Loops": 7,
                      "Index Cond": "(role_id < 2)",
                      "Rows Removed by Index Recheck": 0,
                      "Filter": "(person_id > 55901)",
                      "Rows Removed by Filter": 53447
                    },
                    {
                      "Node Type": "Hash",
                      "Parent Relationship": "Inner",
                      "Parallel Aware": true,
                      "Startup Cost": 43898.92,
                      "Total Cost": 43898.92,
                      "Plan Rows": 280084,
                      "Plan Width": 4,
                      "Actual Startup Time": 159.405,
                      "Actual Total Time": 159.406,
                      "Actual Rows": 158275,
                      "Actual Loops": 7,
                      "Hash Buckets": 2097152,
                      "Original Hash Buckets": 2097152,
                      "Hash Batches": 1,
                      "Original Hash Batches": 1,
                      "Peak Memory Usage": 59840,
                      "Plans": [
                        {
                          "Node Type": "Seq Scan",
                          "Parent Relationship": "Outer",
                          "Parallel Aware": true,
                          "Relation Name": "title",
                          "Alias": "t",
                          "Startup Cost": 0.0,
                          "Total Cost": 43898.92,
                          "Plan Rows": 280084,
                          "Plan Width": 4,
                          "Actual Startup Time": 0.04,
                          "Actual Total Time": 79.727,
                          "Actual Rows": 158275,
                          "Actual Loops": 7,
                          "Filter": "(production_year > 2004)",
                          "Rows Removed by Filter": 202912
                        }
                      ]
                    }
                  ]
                }
              ]
            }
          ]
        }
      ]
    },
    "Planning Time": 0.621,
    "Triggers": [],
    "Execution Time": 1146.207
  }
]