{
  "Plan": {
    "Node Type": "Aggregate",
    "Strategy": "Plain",
    "Partial Mode": "Finalize",
    "Parallel Aware": false,
    "Startup Cost": 102197.5,
    "Total Cost": 102197.51,
    "Plan Rows": 1,
    "Plan Width": 8,
    "Actual Startup Time": 493.398,
    "Actual Total Time": 510.439,
    "Actual Rows": 1,
    "Actual Loops": 1,
    "Plans": [
      {
        "Node Type": "Gather",
        "Parent Relationship": "Outer",
        "Parallel Aware": false,
        "Startup Cost": 102197.39,
        "Total Cost": 102197.5,
        "Plan Rows": 1,
        "Plan Width": 8,
        "Actual Startup Time": 490.593,
        "Actual Total Time": 510.432,
        "Actual Rows": 2,
        "Actual Loops": 1,
        "Workers Planned": 1,
        "Workers Launched": 1,
        "Single Copy": false,
        "Plans": [
          {
            "Node Type": "Aggregate",
            "Strategy": "Plain",
            "Partial Mode": "Partial",
            "Parent Relationship": "Outer",
            "Parallel Aware": false,
            "Startup Cost": 101197.39,
            "Total Cost": 101197.4,
            "Plan Rows": 1,
            "Plan Width": 8,
            "Actual Startup Time": 482.275,
            "Actual Total Time": 482.279,
            "Actual Rows": 1,
            "Actual Loops": 2,
            "Plans": [
              {
                "Node Type": "Hash Join",
                "Parent Relationship": "Outer",
                "Parallel Aware": true,
                "Join Type": "Inner",
                "Startup Cost": 72604.43,
                "Total Cost": 100894.97,
                "Plan Rows": 120968,
                "Plan Width": 0,
                "Actual Startup Time": 373.387,
                "Actual Total Time": 478.757,
                "Actual Rows": 74855,
                "Actual Loops": 2,
                "Inner Unique": true,
                "Hash Cond": "(mk.movie_id = t.id)",
                "Plans": [
                  {
                    "Node Type": "Bitmap Heap Scan",
                    "Parent Relationship": "Outer",
                    "Parallel Aware": true,
                    "Relation Name": "movie_keyword",
                    "Alias": "mk",
                    "Startup Cost": 9150.35,
                    "Total Cost": 36775.05,
                    "Plan Rows": 253656,
                    "Plan Width": 4,
                    "Actual Startup Time": 26.594,
                    "Actual Total Time": 87.895,
                    "Actual Rows": 209864,
                    "Actual Loops": 2,
                    "Recheck Cond": "(keyword_id > 41498)",
                    "Rows Removed by Index Recheck": 0,
                    "Exact Heap Blocks": 13275,
                    "Lossy Heap Blocks": 0,
                    "Plans": [
                      {
                        "Node Type": "Bitmap Index Scan",
                        "Parent Relationship": "Outer",
                        "Parallel Aware": false,
                        "Index Name": "keyword_id_movie_keyword",
                        "Startup Cost": 0.0,
                        "Total Cost": 9042.55,
                        "Plan Rows": 431215,
                        "Plan Width": 0,
                        "Actual Startup Time": 23.111,
                        "Actual Total Time": 23.111,
                        "Actual Rows": 419729,
                        "Actual Loops": 1,
                        "Index Cond": "(keyword_id > 41498)"
                      }
                    ]
                  },
                  {
                    "Node Type": "Hash",
                    "Parent Relationship": "Inner",
                    "Parallel Aware": true,
                    "Startup Cost": 54588.39,
                    "Total Cost": 54588.39,
                    "Plan Rows": 709255,
                    "Plan Width": 4,
                    "Actual Startup Time": 332.087,
                    "Actual Total Time": 332.088,
                    "Actual Rows": 596259,
                    "Actual Loops": 2,
                    "Hash Buckets": 2097152,
                    "Original Hash Buckets": 2097152,
                    "Hash Batches": 1,
                    "Original Hash Batches": 1,
                    "Peak Memory Usage": 63072,
                    "Plans": [
                      {
                        "Node Type": "Seq Scan",
                        "Parent Relationship": "Outer",
                        "Parallel Aware": true,
                        "Relation Name": "title",
                        "Alias": "t",
                        "Startup Cost": 0.0,
                        "Total Cost": 54588.39,
                        "Plan Rows": 709255,
                        "Plan Width": 4,
                        "Actual Startup Time": 0.03,
                        "Actual Total Time": 163.518,
                        "Actual Rows": 596259,
                        "Actual Loops": 2,
                        "Filter": "(production_year > 2003)",
                        "Rows Removed by Filter": 667897
                      }
                    ]
                  }
                ]
              }
            ]
          }
        ]
      }
    ]
  },
  "Planning Time": 0.447,
  "Triggers": [],
  "Execution Time": 510.531
}