[
  {
    "Plan": {
      "Node Type": "Aggregate",
      "Strategy": "Plain",
      "Partial Mode": "Finalize",
      "Parallel Aware": false,
      "Startup Cost": 374880.14,
      "Total Cost": 374880.15,
      "Plan Rows": 1,
      "Plan Width": 8,
      "Actual Startup Time": 1651.773,
      "Actual Total Time": 1720.43,
      "Actual Rows": 1,
      "Actual Loops": 1,
      "Plans": [
        {
          "Node Type": "Gather",
          "Parent Relationship": "Outer",
          "Parallel Aware": false,
          "Startup Cost": 374879.52,
          "Total Cost": 374880.13,
          "Plan Rows": 6,
          "Plan Width": 8,
          "Actual Startup Time": 1651.046,
          "Actual Total Time": 1720.419,
          "Actual Rows": 7,
          "Actual Loops": 1,
          "Workers Planned": 6,
          "Workers Launched": 6,
          "Single Copy": false,
          "Plans": [
            {
              "Node Type": "Aggregate",
              "Strategy": "Plain",
              "Partial Mode": "Partial",
              "Parent Relationship": "Outer",
              "Parallel Aware": false,
              "Startup Cost": 373879.52,
              "Total Cost": 373879.53,
              "Plan Rows": 1,
              "Plan Width": 8,
              "Actual Startup Time": 1642.065,
              "Actual Total Time": 1642.068,
              "Actual Rows": 1,
              "Actual Loops": 7,
              "Plans": [
                {
                  "Node Type": "Hash Join",
                  "Parent Relationship": "Outer",
                  "Parallel Aware": true,
                  "Join Type": "Inner",
                  "Startup Cost": 44264.42,
                  "Total Cost": 373181.21,
                  "Plan Rows": 279321,
                  "Plan Width": 0,
                  "Actual Startup Time": 94.758,
                  "Actual Total Time": 1635.86,
                  "Actual Rows": 87930,
                  "Actual Loops": 7,
                  "Inner Unique": true,
                  "Hash Cond": "(ci.movie_id = t.id)",
                  "Plans": [
                    {
                      "Node Type": "Seq Scan",
                      "Parent Relationship": "Outer",
                      "Parallel Aware": true,
                      "Relation Name": "cast_info",
                      "Alias": "ci",
                      "Startup Cost": 0.0,
                      "Total Cost": 313067.02,
                      "Plan Rows": 6038002,
                      "Plan Width": 4,
                      "Actual Startup Time": 0.022,
                      "Actual Total Time": 650.408,
                      "Actual Rows": 5177763,
                      "Actual Loops": 7
                    },
                    {
                      "Node Type": "Hash",
                      "Parent Relationship": "Inner",
                      "Parallel Aware": true,
                      "Startup Cost": 43898.92,
                      "Total Cost": 43898.92,
                      "Plan Rows": 29240,
                      "Plan Width": 4,
                      "Actual Startup Time": 88.771,
                      "Actual Total Time": 88.772,
                      "Actual Rows": 16837,
                      "Actual Loops": 7,
                      "Hash Buckets": 131072,
                      "Original Hash Buckets": 131072,
                      "Hash Batches": 1,
                      "Original Hash Batches": 1,
                      "Peak Memory Usage": 5760,
                      "Plans": [
                        {
                          "Node Type": "Seq Scan",
                          "Parent Relationship": "Outer",
                          "Parallel Aware": true,
                          "Relation Name": "title",
                          "Alias": "t",
                          "Startup Cost": 0.0,
                          "Total Cost": 43898.92,
                          "Plan Rows": 29240,
                          "Plan Width": 4,
                          "Actual Startup Time": 44.831,
                          "Actual Total Time": 80.065,
                          "Actual Rows": 16837,
                          "Actual Loops": 7,
                          "Filter": "(production_year < 1931)",
                          "Rows Removed by Filter": 344351
                        }
                      ]
                    }
                  ]
                }
              ]
            }
          ]
        }
      ]
    },
    "Planning Time": 0.65,
    "Triggers": [],
    "Execution Time": 1720.52
  }
]