[
  {
    "Plan": {
      "Node Type": "Aggregate",
      "Strategy": "Plain",
      "Partial Mode": "Finalize",
      "Parallel Aware": false,
      "Startup Cost": 452920.66,
      "Total Cost": 452920.67,
      "Plan Rows": 1,
      "Plan Width": 64,
      "Actual Startup Time": 1336.097,
      "Actual Total Time": 1437.346,
      "Actual Rows": 1,
      "Actual Loops": 1,
      "Plans": [
        {
          "Node Type": "Gather",
          "Parent Relationship": "Outer",
          "Parallel Aware": false,
          "Startup Cost": 452920.02,
          "Total Cost": 452920.63,
          "Plan Rows": 6,
          "Plan Width": 64,
          "Actual Startup Time": 1303.178,
          "Actual Total Time": 1437.297,
          "Actual Rows": 7,
          "Actual Loops": 1,
          "Workers Planned": 6,
          "Workers Launched": 6,
          "Single Copy": false,
          "Plans": [
            {
              "Node Type": "Aggregate",
              "Strategy": "Plain",
              "Partial Mode": "Partial",
              "Parent Relationship": "Outer",
              "Parallel Aware": false,
              "Startup Cost": 451920.02,
              "Total Cost": 451920.03,
              "Plan Rows": 1,
              "Plan Width": 64,
              "Actual Startup Time": 1286.841,
              "Actual Total Time": 1286.868,
              "Actual Rows": 1,
              "Actual Loops": 7,
              "Plans": [
                {
                  "Node Type": "Hash Join",
                  "Parent Relationship": "Outer",
                  "Parallel Aware": false,
                  "Join Type": "Inner",
                  "Startup Cost": 122688.54,
                  "Total Cost": 451910.27,
                  "Plan Rows": 1951,
                  "Plan Width": 33,
                  "Actual Startup Time": 1286.834,
                  "Actual Total Time": 1286.86,
                  "Actual Rows": 0,
                  "Actual Loops": 7,
                  "Inner Unique": true,
                  "Hash Cond": "(ci.role_id = rt.id)",
                  "Plans": [
                    {
                      "Node Type": "Hash Join",
                      "Parent Relationship": "Outer",
                      "Parallel Aware": false,
                      "Join Type": "Inner",
                      "Startup Cost": 122687.27,
                      "Total Cost": 451902.06,
                      "Plan Rows": 1951,
                      "Plan Width": 37,
                      "Actual Startup Time": 1286.374,
                      "Actual Total Time": 1286.398,
                      "Actual Rows": 0,
                      "Actual Loops": 7,
                      "Inner Unique": true,
                      "Hash Cond": "(mc.company_type_id = ct.id)",
                      "Plans": [
                        {
                          "Node Type": "Hash Join",
                          "Parent Relationship": "Outer",
                          "Parallel Aware": true,
                          "Join Type": "Inner",
                          "Startup Cost": 122686.18,
                          "Total Cost": 451890.42,
                          "Plan Rows": 1951,
                          "Plan Width": 41,
                          "Actual Startup Time": 1286.259,
                          "Actual Total Time": 1286.279,
                          "Actual Rows": 0,
                          "Actual Loops": 7,
                          "Inner Unique": true,
                          "Hash Cond": "(ci.person_role_id = chn.id)",
                          "Plans": [
                            {
                              "Node Type": "Hash Join",
                              "Parent Relationship": "Outer",
                              "Parallel Aware": true,
                              "Join Type": "Inner",
                              "Startup Cost": 68572.98,
                              "Total Cost": 397772.1,
                              "Plan Rows": 1951,
                              "Plan Width": 29,
                              "Actual Startup Time": 523.015,
                              "Actual Total Time": 912.299,
                              "Actual Rows": 719,
                              "Actual Loops": 7,
                              "Inner Unique": false,
                              "Hash Cond": "(ci.movie_id = t.id)",
                              "Plans": [
                                {
                                  "Node Type": "Seq Scan",
                                  "Parent Relationship": "Outer",
                                  "Parallel Aware": true,
                                  "Relation Name": "cast_info",
                                  "Alias": "ci",
                                  "Startup Cost": 0.0,
                                  "Total Cost": 328289.28,
                                  "Plan Rows": 241927,
                                  "Plan Width": 12,
                                  "Actual Startup Time": 152.2,
                                  "Actual Total Time": 739.842,
                                  "Actual Rows": 205063,
                                  "Actual Loops": 7,
                                  "Filter": "(note ~~ '%(producer)%'::text)",
                                  "Rows Removed by Filter": 4972701
                                },
                                {
                                  "Node Type": "Hash",
                                  "Parent Relationship": "Inner",
                                  "Parallel Aware": true,
                                  "Startup Cost": 68538.92,
                                  "Total Cost": 68538.92,
                                  "Plan Rows": 2725,
                                  "Plan Width": 29,
                                  "Actual Startup Time": 146.518,
                                  "Actual Total Time": 146.53,
                                  "Actual Rows": 2927,
                                  "Actual Loops": 7,
                                  "Hash Buckets": 32768,
                                  "Original Hash Buckets": 16384,
                                  "Hash Batches": 1,
                                  "Original Hash Batches": 1,
                                  "Peak Memory Usage": 2016,
                                  "Plans": [
                                    {
                                      "Node Type": "Hash Join",
                                      "Parent Relationship": "Outer",
                                      "Parallel Aware": true,
                                      "Join Type": "Inner",
                                      "Startup Cost": 39103.26,
                                      "Total Cost": 68538.92,
                                      "Plan Rows": 2725,
                                      "Plan Width": 29,
                                      "Actual Startup Time": 57.32,
                                      "Actual Total Time": 141.203,
                                      "Actual Rows": 2927,
                                      "Actual Loops": 7,
                                      "Inner Unique": true,
                                      "Hash Cond": "(mc.company_id = cn.id)",
                                      "Plans": [
                                        {
                                          "Node Type": "Hash Join",
                                          "Parent Relationship": "Outer",
                                          "Parallel Aware": true,
                                          "Join Type": "Inner",
                                          "Startup Cost": 33754.95,
                                          "Total Cost": 63170.84,
                                          "Plan Rows": 7531,
                                          "Plan Width": 33,
                                          "Actual Startup Time": 44.991,
                                          "Actual Total Time": 127.374,
                                          "Actual Rows": 6773,
                                          "Actual Loops": 7,
                                          "Inner Unique": true,
                                          "Hash Cond": "(mc.movie_id = t.id)",
                                          "Plans": [
                                            {
                                              "Node Type": "Seq Scan",
                                              "Parent Relationship": "Outer",
                                              "Parallel Aware": true,
                                              "Relation Name": "movie_companies",
                                              "Alias": "mc",
                                              "Startup Cost": 0.0,
                                              "Total Cost": 27206.55,
                                              "Plan Rows": 841655,
                                              "Plan Width": 12,
                                              "Actual Startup Time": 0.013,
                                              "Actual Total Time": 55.422,
                                              "Actual Rows": 372733,
                                              "Actual Loops": 7
                                            },
                                            {
                                              "Node Type": "Hash",
                                              "Parent Relationship": "Inner",
                                              "Parallel Aware": true,
                                              "Startup Cost": 33663.74,
                                              "Total Cost": 33663.74,
                                              "Plan Rows": 7297,
                                              "Plan Width": 21,
                                              "Actual Startup Time": 27.553,
                                              "Actual Total Time": 27.557,
                                              "Actual Rows": 3501,
                                              "Actual Loops": 7,
                                              "Hash Buckets": 32768,
                                              "Original Hash Buckets": 32768,
                                              "Hash Batches": 1,
                                              "Original Hash Batches": 1,
                                              "Peak Memory Usage": 1952,
                                              "Plans": [
                                                {
                                                  "Node Type": "Bitmap Heap Scan",
                                                  "Parent Relationship": "Outer",
                                                  "Parallel Aware": true,
                                                  "Relation Name": "title",
                                                  "Alias": "t",
                                                  "Startup Cost": 427.75,
                                                  "Total Cost": 33663.74,
                                                  "Plan Rows": 7297,
                                                  "Plan Width": 21,
                                                  "Actual Startup Time": 6.434,
                                                  "Actual Total Time": 25.544,
                                                  "Actual Rows": 3501,
                                                  "Actual Loops": 7,
                                                  "Recheck Cond": "(production_year < 1910)",
                                                  "Rows Removed by Index Recheck": 0,
                                                  "Exact Heap Blocks": 1727,
                                                  "Lossy Heap Blocks": 0,
                                                  "Plans": [
                                                    {
                                                      "Node Type": "Bitmap Index Scan",
                                                      "Parent Relationship": "Outer",
                                                      "Parallel Aware": false,
                                                      "Index Name": "idx_title_production_year",
                                                      "Startup Cost": 0.0,
                                                      "Total Cost": 422.09,
                                                      "Plan Rows": 22622,
                                                      "Plan Width": 0,
                                                      "Actual Startup Time": 4.005,
                                                      "Actual Total Time": 4.005,
                                                      "Actual Rows": 24508,
                                                      "Actual Loops": 1,
                                                      "Index Cond": "(production_year < 1910)"
                                                    }
                                                  ]
                                                }
                                              ]
                                            }
                                          ]
                                        },
                                        {
                                          "Node Type": "Hash",
                                          "Parent Relationship": "Inner",
                                          "Parallel Aware": true,
                                          "Startup Cost": 4722.92,
                                          "Total Cost": 4722.92,
                                          "Plan Rows": 50031,
                                          "Plan Width": 4,
                                          "Actual Startup Time": 11.977,
                                          "Actual Total Time": 11.979,
                                          "Actual Rows": 12120,
                                          "Actual Loops": 7,
                                          "Hash Buckets": 131072,
                                          "Original Hash Buckets": 131072,
                                          "Hash Batches": 1,
                                          "Original Hash Batches": 1,
                                          "Peak Memory Usage": 4416,
                                          "Plans": [
                                            {
                                              "Node Type": "Seq Scan",
                                              "Parent Relationship": "Outer",
                                              "Parallel Aware": true,
                                              "Relation Name": "company_name",
                                              "Alias": "cn",
                                              "Startup Cost": 0.0,
                                              "Total Cost": 4722.92,
                                              "Plan Rows": 50031,
                                              "Plan Width": 4,
                                              "Actual Startup Time": 0.039,
                                              "Actual Total Time": 7.696,
                                              "Actual Rows": 12120,
                                              "Actual Loops": 7,
                                              "Filter": "((country_code)::text = '[us]'::text)",
                                              "Rows Removed by Filter": 21451
                                            }
                                          ]
                                        }
                                      ]
                                    }
                                  ]
                                }
                              ]
                            },
                            {
                              "Node Type": "Hash",
                              "Parent Relationship": "Inner",
                              "Parallel Aware": true,
                              "Startup Cost": 44299.2,
                              "Total Cost": 44299.2,
                              "Plan Rows": 785120,
                              "Plan Width": 20,
                              "Actual Startup Time": 366.823,
                              "Actual Total Time": 366.825,
                              "Actual Rows": 448620,
                              "Actual Loops": 7,
                              "Hash Buckets": 4194304,
                              "Original Hash Buckets": 4194304,
                              "Hash Batches": 1,
                              "Original Hash Batches": 1,
                              "Peak Memory Usage": 205152,
                              "Plans": [
                                {
                                  "Node Type": "Seq Scan",
                                  "Parent Relationship": "Outer",
                                  "Parallel Aware": true,
                                  "Relation Name": "char_name",
                                  "Alias": "chn",
                                  "Startup Cost": 0.0,
                                  "Total Cost": 44299.2,
                                  "Plan Rows": 785120,
                                  "Plan Width": 20,
                                  "Actual Startup Time": 0.068,
                                  "Actual Total Time": 98.264,
                                  "Actual Rows": 448620,
                                  "Actual Loops": 7
                                }
                              ]
                            }
                          ]
                        },
                        {
                          "Node Type": "Hash",
                          "Parent Relationship": "Inner",
                          "Parallel Aware": false,
                          "Startup Cost": 1.04,
                          "Total Cost": 1.04,
                          "Plan Rows": 4,
                          "Plan Width": 4,
                          "Actual Startup Time": 0.068,
                          "Actual Total Time": 0.07,
                          "Actual Rows": 4,
                          "Actual Loops": 7,
                          "Hash Buckets": 1024,
                          "Original Hash Buckets": 1024,
                          "Hash Batches": 1,
                          "Original Hash Batches": 1,
                          "Peak Memory Usage": 9,
                          "Plans": [
                            {
                              "Node Type": "Seq Scan",
                              "Parent Relationship": "Outer",
                              "Parallel Aware": false,
                              "Relation Name": "company_type",
                              "Alias": "ct",
                              "Startup Cost": 0.0,
                              "Total Cost": 1.04,
                              "Plan Rows": 4,
                              "Plan Width": 4,
                              "Actual Startup Time": 0.048,
                              "Actual Total Time": 0.051,
                              "Actual Rows": 4,
                              "Actual Loops": 7
                            }
                          ]
                        }
                      ]
                    },
                    {
                      "Node Type": "Hash",
                      "Parent Relationship": "Inner",
                      "Parallel Aware": false,
                      "Startup Cost": 1.12,
                      "Total Cost": 1.12,
                      "Plan Rows": 12,
                      "Plan Width": 4,
                      "Actual Startup Time": 0.086,
                      "Actual Total Time": 0.087,
                      "Actual Rows": 12,
                      "Actual Loops": 7,
                      "Hash Buckets": 1024,
                      "Original Hash Buckets": 1024,
                      "Hash Batches": 1,
                      "Original Hash Batches": 1,
                      "Peak Memory Usage": 9,
                      "Plans": [
                        {
                          "Node Type": "Seq Scan",
                          "Parent Relationship": "Outer",
                          "Parallel Aware": false,
                          "Relation Name": "role_type",
                          "Alias": "rt",
                          "Startup Cost": 0.0,
                          "Total Cost": 1.12,
                          "Plan Rows": 12,
                          "Plan Width": 4,
                          "Actual Startup Time": 0.053,
                          "Actual Total Time": 0.059,
                          "Actual Rows": 12,
                          "Actual Loops": 7
                        }
                      ]
                    }
                  ]
                }
              ]
            }
          ]
        }
      ]
    },
    "Planning Time": 5.405,
    "Triggers": [],
    "Execution Time": 1437.802
  }
]