[
  {
    "Plan": {
      "Node Type": "Aggregate",
      "Strategy": "Plain",
      "Partial Mode": "Finalize",
      "Parallel Aware": false,
      "Startup Cost": 32007.15,
      "Total Cost": 32007.16,
      "Plan Rows": 1,
      "Plan Width": 8,
      "Actual Startup Time": 103.805,
      "Actual Total Time": 111.726,
      "Actual Rows": 1,
      "Actual Loops": 1,
      "Plans": [
        {
          "Node Type": "Gather",
          "Parent Relationship": "Outer",
          "Parallel Aware": false,
          "Startup Cost": 32006.84,
          "Total Cost": 32007.15,
          "Plan Rows": 3,
          "Plan Width": 8,
          "Actual Startup Time": 103.661,
          "Actual Total Time": 111.718,
          "Actual Rows": 4,
          "Actual Loops": 1,
          "Workers Planned": 3,
          "Workers Launched": 3,
          "Single Copy": false,
          "Plans": [
            {
              "Node Type": "Aggregate",
              "Strategy": "Plain",
              "Partial Mode": "Partial",
              "Parent Relationship": "Outer",
              "Parallel Aware": false,
              "Startup Cost": 31006.84,
              "Total Cost": 31006.85,
              "Plan Rows": 1,
              "Plan Width": 8,
              "Actual Startup Time": 99.465,
              "Actual Total Time": 99.467,
              "Actual Rows": 1,
              "Actual Loops": 4,
              "Plans": [
                {
                  "Node Type": "Seq Scan",
                  "Parent Relationship": "Outer",
                  "Parallel Aware": true,
                  "Relation Name": "movie_companies",
                  "Alias": "mc",
                  "Startup Cost": 0.0,
                  "Total Cost": 29310.68,
                  "Plan Rows": 678462,
                  "Plan Width": 0,
                  "Actual Startup Time": 0.157,
                  "Actual Total Time": 76.725,
                  "Actual Rows": 527755,
                  "Actual Loops": 4,
                  "Filter": "(company_id > 439)",
                  "Rows Removed by Filter": 124527
                }
              ]
            }
          ]
        }
      ]
    },
    "Planning Time": 0.127,
    "Triggers": [],
    "Execution Time": 111.767
  }
]