{
  "Plan": {
    "Node Type": "Aggregate",
    "Strategy": "Plain",
    "Partial Mode": "Finalize",
    "Parallel Aware": false,
    "Startup Cost": 332845.25,
    "Total Cost": 332845.26,
    "Plan Rows": 1,
    "Plan Width": 8,
    "Actual Startup Time": 292.148,
    "Actual Total Time": 304.915,
    "Actual Rows": 1,
    "Actual Loops": 1,
    "Plans": [
      {
        "Node Type": "Gather",
        "Parent Relationship": "Outer",
        "Parallel Aware": false,
        "Startup Cost": 332845.14,
        "Total Cost": 332845.25,
        "Plan Rows": 1,
        "Plan Width": 8,
        "Actual Startup Time": 291.361,
        "Actual Total Time": 304.907,
        "Actual Rows": 2,
        "Actual Loops": 1,
        "Workers Planned": 1,
        "Workers Launched": 1,
        "Single Copy": false,
        "Plans": [
          {
            "Node Type": "Aggregate",
            "Strategy": "Plain",
            "Partial Mode": "Partial",
            "Parent Relationship": "Outer",
            "Parallel Aware": false,
            "Startup Cost": 331845.14,
            "Total Cost": 331845.15,
            "Plan Rows": 1,
            "Plan Width": 8,
            "Actual Startup Time": 285.197,
            "Actual Total Time": 285.201,
            "Actual Rows": 1,
            "Actual Loops": 2,
            "Plans": [
              {
                "Node Type": "Hash Join",
                "Parent Relationship": "Outer",
                "Parallel Aware": true,
                "Join Type": "Inner",
                "Startup Cost": 72001.57,
                "Total Cost": 331729.46,
                "Plan Rows": 46272,
                "Plan Width": 0,
                "Actual Startup Time": 209.446,
                "Actual Total Time": 284.17,
                "Actual Rows": 21951,
                "Actual Loops": 2,
                "Inner Unique": true,
                "Hash Cond": "(ci.movie_id = t.id)",
                "Plans": [
                  {
                    "Node Type": "Bitmap Heap Scan",
                    "Parent Relationship": "Outer",
                    "Parallel Aware": true,
                    "Relation Name": "cast_info",
                    "Alias": "ci",
                    "Startup Cost": 10665.67,
                    "Total Cost": 269648.17,
                    "Plan Rows": 283955,
                    "Plan Width": 4,
                    "Actual Startup Time": 17.258,
                    "Actual Total Time": 44.979,
                    "Actual Rows": 228970,
                    "Actual Loops": 2,
                    "Recheck Cond": "(person_id > 3974242)",
                    "Rows Removed by Index Recheck": 0,
                    "Exact Heap Blocks": 3313,
                    "Lossy Heap Blocks": 0,
                    "Plans": [
                      {
                        "Node Type": "Bitmap Index Scan",
                        "Parent Relationship": "Outer",
                        "Parallel Aware": false,
                        "Index Name": "person_id_cast_info",
                        "Startup Cost": 0.0,
                        "Total Cost": 10544.99,
                        "Plan Rows": 482723,
                        "Plan Width": 0,
                        "Actual Startup Time": 16.391,
                        "Actual Total Time": 16.391,
                        "Actual Rows": 457939,
                        "Actual Loops": 1,
                        "Index Cond": "(person_id > 3974242)"
                      }
                    ]
                  },
                  {
                    "Node Type": "Hash",
                    "Parent Relationship": "Inner",
                    "Parallel Aware": true,
                    "Startup Cost": 58306.47,
                    "Total Cost": 58306.47,
                    "Plan Rows": 242355,
                    "Plan Width": 4,
                    "Actual Startup Time": 186.2,
                    "Actual Total Time": 186.201,
                    "Actual Rows": 150768,
                    "Actual Loops": 2,
                    "Hash Buckets": 524288,
                    "Original Hash Buckets": 524288,
                    "Hash Batches": 1,
                    "Original Hash Batches": 1,
                    "Peak Memory Usage": 15936,
                    "Plans": [
                      {
                        "Node Type": "Seq Scan",
                        "Parent Relationship": "Outer",
                        "Parallel Aware": true,
                        "Relation Name": "title",
                        "Alias": "t",
                        "Startup Cost": 0.0,
                        "Total Cost": 58306.47,
                        "Plan Rows": 242355,
                        "Plan Width": 4,
                        "Actual Startup Time": 0.034,
                        "Actual Total Time": 145.373,
                        "Actual Rows": 150768,
                        "Actual Loops": 2,
                        "Filter": "((production_year < 1990) AND (kind_id = 7))",
                        "Rows Removed by Filter": 1113388
                      }
                    ]
                  }
                ]
              }
            ]
          }
        ]
      }
    ]
  },
  "Planning Time": 0.582,
  "Triggers": [],
  "Execution Time": 305.018
}