[
  {
    "Plan": {
      "Node Type": "Sort",
      "Parallel Aware": false,
      "Startup Cost": 61669.13,
      "Total Cost": 61669.13,
      "Plan Rows": 1,
      "Plan Width": 23,
      "Actual Startup Time": 1537.47,
      "Actual Total Time": 1593.109,
      "Actual Rows": 219,
      "Actual Loops": 1,
      "Sort Key": [
        "(count(*)) DESC"
      ],
      "Sort Method": "quicksort",
      "Sort Space Used": 41,
      "Sort Space Type": "Memory",
      "Plans": [
        {
          "Node Type": "Aggregate",
          "Strategy": "Sorted",
          "Partial Mode": "Simple",
          "Parent Relationship": "Outer",
          "Parallel Aware": false,
          "Startup Cost": 61669.1,
          "Total Cost": 61669.12,
          "Plan Rows": 1,
          "Plan Width": 23,
          "Actual Startup Time": 1537.094,
          "Actual Total Time": 1592.99,
          "Actual Rows": 219,
          "Actual Loops": 1,
          "Group Key": [
            "n.name"
          ],
          "Plans": [
            {
              "Node Type": "Sort",
              "Parent Relationship": "Outer",
              "Parallel Aware": false,
              "Startup Cost": 61669.1,
              "Total Cost": 61669.1,
              "Plan Rows": 1,
              "Plan Width": 15,
              "Actual Startup Time": 1537.081,
              "Actual Total Time": 1592.77,
              "Actual Rows": 995,
              "Actual Loops": 1,
              "Sort Key": [
                "n.name COLLATE \"C\""
              ],
              "Sort Method": "quicksort",
              "Sort Space Used": 81,
              "Sort Space Type": "Memory",
              "Plans": [
                {
                  "Node Type": "Nested Loop",
                  "Parent Relationship": "Outer",
                  "Parallel Aware": false,
                  "Join Type": "Inner",
                  "Startup Cost": 1004.3,
                  "Total Cost": 61669.09,
                  "Plan Rows": 1,
                  "Plan Width": 15,
                  "Actual Startup Time": 42.295,
                  "Actual Total Time": 1591.962,
                  "Actual Rows": 995,
                  "Actual Loops": 1,
                  "Inner Unique": false,
                  "Plans": [
                    {
                      "Node Type": "Gather",
                      "Parent Relationship": "Outer",
                      "Parallel Aware": false,
                      "Startup Cost": 1004.3,
                      "Total Cost": 61666.67,
                      "Plan Rows": 1,
                      "Plan Width": 19,
                      "Actual Startup Time": 42.287,
                      "Actual Total Time": 1584.73,
                      "Actual Rows": 995,
                      "Actual Loops": 1,
                      "Workers Planned": 4,
                      "Workers Launched": 4,
                      "Single Copy": false,
                      "Plans": [
                        {
                          "Node Type": "Nested Loop",
                          "Parent Relationship": "Outer",
                          "Parallel Aware": false,
                          "Join Type": "Inner",
                          "Startup Cost": 4.3,
                          "Total Cost": 60666.57,
                          "Plan Rows": 1,
                          "Plan Width": 19,
                          "Actual Startup Time": 37.69,
                          "Actual Total Time": 1509.593,
                          "Actual Rows": 199,
                          "Actual Loops": 5,
                          "Inner Unique": true,
                          "Plans": [
                            {
                              "Node Type": "Nested Loop",
                              "Parent Relationship": "Outer",
                              "Parallel Aware": false,
                              "Join Type": "Inner",
                              "Startup Cost": 3.87,
                              "Total Cost": 60666.11,
                              "Plan Rows": 1,
                              "Plan Width": 27,
                              "Actual Startup Time": 37.598,
                              "Actual Total Time": 1504.931,
                              "Actual Rows": 199,
                              "Actual Loops": 5,
                              "Inner Unique": false,
                              "Plans": [
                                {
                                  "Node Type": "Nested Loop",
                                  "Parent Relationship": "Outer",
                                  "Parallel Aware": false,
                                  "Join Type": "Inner",
                                  "Startup Cost": 3.43,
                                  "Total Cost": 60554.37,
                                  "Plan Rows": 83,
                                  "Plan Width": 19,
                                  "Actual Startup Time": 7.949,
                                  "Actual Total Time": 524.852,
                                  "Actual Rows": 77161,
                                  "Actual Loops": 5,
                                  "Inner Unique": false,
                                  "Plans": [
                                    {
                                      "Node Type": "Nested Loop",
                                      "Parent Relationship": "Outer",
                                      "Parallel Aware": false,
                                      "Join Type": "Inner",
                                      "Startup Cost": 2.87,
                                      "Total Cost": 60404.79,
                                      "Plan Rows": 10,
                                      "Plan Width": 23,
                                      "Actual Startup Time": 6.748,
                                      "Actual Total Time": 473.492,
                                      "Actual Rows": 1260,
                                      "Actual Loops": 5,
                                      "Inner Unique": true,
                                      "Plans": [
                                        {
                                          "Node Type": "Hash Join",
                                          "Parent Relationship": "Outer",
                                          "Parallel Aware": false,
                                          "Join Type": "Inner",
                                          "Startup Cost": 2.44,
                                          "Total Cost": 60323.72,
                                          "Plan Rows": 10,
                                          "Plan Width": 4,
                                          "Actual Startup Time": 6.613,
                                          "Actual Total Time": 457.936,
                                          "Actual Rows": 1260,
                                          "Actual Loops": 5,
                                          "Inner Unique": true,
                                          "Hash Cond": "(pi.info_type_id = it2.id)",
                                          "Plans": [
                                            {
                                              "Node Type": "Seq Scan",
                                              "Parent Relationship": "Outer",
                                              "Parallel Aware": true,
                                              "Relation Name": "person_info",
                                              "Alias": "pi",
                                              "Startup Cost": 0.0,
                                              "Total Cost": 60319.82,
                                              "Plan Rows": 538,
                                              "Plan Width": 8,
                                              "Actual Startup Time": 1.528,
                                              "Actual Total Time": 456.352,
                                              "Actual Rows": 2943,
                                              "Actual Loops": 5,
                                              "Filter": "(info ~~* '%japan%'::text)",
                                              "Rows Removed by Filter": 589790
                                            },
                                            {
                                              "Node Type": "Hash",
                                              "Parent Relationship": "Inner",
                                              "Parallel Aware": false,
                                              "Startup Cost": 2.41,
                                              "Total Cost": 2.41,
                                              "Plan Rows": 2,
                                              "Plan Width": 4,
                                              "Actual Startup Time": 0.153,
                                              "Actual Total Time": 0.154,
                                              "Actual Rows": 3,
                                              "Actual Loops": 5,
                                              "Hash Buckets": 1024,
                                              "Original Hash Buckets": 1024,
                                              "Hash Batches": 1,
                                              "Original Hash Batches": 1,
                                              "Peak Memory Usage": 9,
                                              "Plans": [
                                                {
                                                  "Node Type": "Seq Scan",
                                                  "Parent Relationship": "Outer",
                                                  "Parallel Aware": false,
                                                  "Relation Name": "info_type",
                                                  "Alias": "it2",
                                                  "Startup Cost": 0.0,
                                                  "Total Cost": 2.41,
                                                  "Plan Rows": 2,
                                                  "Plan Width": 4,
                                                  "Actual Startup Time": 0.08,
                                                  "Actual Total Time": 0.136,
                                                  "Actual Rows": 3,
                                                  "Actual Loops": 5,
                                                  "Filter": "((info)::text ~~* '%birth%'::text)",
                                                  "Rows Removed by Filter": 110
                                                }
                                              ]
                                            }
                                          ]
                                        },
                                        {
                                          "Node Type": "Index Scan",
                                          "Parent Relationship": "Inner",
                                          "Parallel Aware": false,
                                          "Scan Direction": "Forward",
                                          "Index Name": "name_pkey",
                                          "Relation Name": "name",
                                          "Alias": "n",
                                          "Startup Cost": 0.43,
                                          "Total Cost": 8.11,
                                          "Plan Rows": 1,
                                          "Plan Width": 19,
                                          "Actual Startup Time": 0.012,
                                          "Actual Total Time": 0.012,
                                          "Actual Rows": 1,
                                          "Actual Loops": 6300,
                                          "Index Cond": "(id = pi.person_id)",
                                          "Rows Removed by Index Recheck": 0
                                        }
                                      ]
                                    },
                                    {
                                      "Node Type": "Index Scan",
                                      "Parent Relationship": "Inner",
                                      "Parallel Aware": false,
                                      "Scan Direction": "Forward",
                                      "Index Name": "person_id_cast_info",
                                      "Relation Name": "cast_info",
                                      "Alias": "ci",
                                      "Startup Cost": 0.56,
                                      "Total Cost": 9.86,
                                      "Plan Rows": 510,
                                      "Plan Width": 8,
                                      "Actual Startup Time": 0.015,
                                      "Actual Total Time": 0.032,
                                      "Actual Rows": 61,
                                      "Actual Loops": 6300,
                                      "Index Cond": "(person_id = n.id)",
                                      "Rows Removed by Index Recheck": 0
                                    }
                                  ]
                                },
                                {
                                  "Node Type": "Index Scan",
                                  "Parent Relationship": "Inner",
                                  "Parallel Aware": false,
                                  "Scan Direction": "Forward",
                                  "Index Name": "movie_id_movie_info",
                                  "Relation Name": "movie_info",
                                  "Alias": "mi",
                                  "Startup Cost": 0.43,
                                  "Total Cost": 1.34,
                                  "Plan Rows": 1,
                                  "Plan Width": 8,
                                  "Actual Startup Time": 0.012,
                                  "Actual Total Time": 0.012,
                                  "Actual Rows": 0,
                                  "Actual Loops": 385807,
                                  "Index Cond": "(movie_id = ci.movie_id)",
                                  "Rows Removed by Index Recheck": 0,
                                  "Filter": "((info ~~* '%adult%'::text) AND (info_type_id = 3))",
                                  "Rows Removed by Filter": 8
                                }
                              ]
                            },
                            {
                              "Node Type": "Index Only Scan",
                              "Parent Relationship": "Inner",
                              "Parallel Aware": false,
                              "Scan Direction": "Forward",
                              "Index Name": "title_pkey",
                              "Relation Name": "title",
                              "Alias": "t",
                              "Startup Cost": 0.43,
                              "Total Cost": 0.45,
                              "Plan Rows": 1,
                              "Plan Width": 4,
                              "Actual Startup Time": 0.022,
                              "Actual Total Time": 0.022,
                              "Actual Rows": 1,
                              "Actual Loops": 995,
                              "Index Cond": "(id = ci.movie_id)",
                              "Rows Removed by Index Recheck": 0,
                              "Heap Fetches": 995
                            }
                          ]
                        }
                      ]
                    },
                    {
                      "Node Type": "Seq Scan",
                      "Parent Relationship": "Inner",
                      "Parallel Aware": false,
                      "Relation Name": "info_type",
                      "Alias": "it1",
                      "Startup Cost": 0.0,
                      "Total Cost": 2.41,
                      "Plan Rows": 1,
                      "Plan Width": 4,
                      "Actual Startup Time": 0.002,
                      "Actual Total Time": 0.006,
                      "Actual Rows": 1,
                      "Actual Loops": 995,
                      "Filter": "(id = 3)",
                      "Rows Removed by Filter": 112
                    }
                  ]
                }
              ]
            }
          ]
        }
      ]
    },
    "Planning Time": 9.139,
    "Triggers": [],
    "Execution Time": 1593.481
  }
]