[
  {
    "Plan": {
      "Node Type": "Aggregate",
      "Strategy": "Plain",
      "Partial Mode": "Finalize",
      "Parallel Aware": false,
      "Startup Cost": 289584.57,
      "Total Cost": 289584.58,
      "Plan Rows": 1,
      "Plan Width": 8,
      "Actual Startup Time": 146.311,
      "Actual Total Time": 153.122,
      "Actual Rows": 1,
      "Actual Loops": 1,
      "Plans": [
        {
          "Node Type": "Gather",
          "Parent Relationship": "Outer",
          "Parallel Aware": false,
          "Startup Cost": 289583.95,
          "Total Cost": 289584.56,
          "Plan Rows": 6,
          "Plan Width": 8,
          "Actual Startup Time": 145.87,
          "Actual Total Time": 153.113,
          "Actual Rows": 7,
          "Actual Loops": 1,
          "Workers Planned": 6,
          "Workers Launched": 6,
          "Single Copy": false,
          "Plans": [
            {
              "Node Type": "Aggregate",
              "Strategy": "Plain",
              "Partial Mode": "Partial",
              "Parent Relationship": "Outer",
              "Parallel Aware": false,
              "Startup Cost": 288583.95,
              "Total Cost": 288583.96,
              "Plan Rows": 1,
              "Plan Width": 8,
              "Actual Startup Time": 135.822,
              "Actual Total Time": 135.823,
              "Actual Rows": 1,
              "Actual Loops": 7,
              "Plans": [
                {
                  "Node Type": "Bitmap Heap Scan",
                  "Parent Relationship": "Outer",
                  "Parallel Aware": true,
                  "Relation Name": "cast_info",
                  "Alias": "ci",
                  "Startup Cost": 32247.1,
                  "Total Cost": 287975.64,
                  "Plan Rows": 243323,
                  "Plan Width": 0,
                  "Actual Startup Time": 64.139,
                  "Actual Total Time": 122.239,
                  "Actual Rows": 215264,
                  "Actual Loops": 7,
                  "Recheck Cond": "(person_id < 150998)",
                  "Rows Removed by Index Recheck": 0,
                  "Exact Heap Blocks": 4477,
                  "Lossy Heap Blocks": 0,
                  "Plans": [
                    {
                      "Node Type": "Bitmap Index Scan",
                      "Parent Relationship": "Outer",
                      "Parallel Aware": false,
                      "Index Name": "person_id_cast_info",
                      "Startup Cost": 0.0,
                      "Total Cost": 31882.11,
                      "Plan Rows": 1459940,
                      "Plan Width": 0,
                      "Actual Startup Time": 70.761,
                      "Actual Total Time": 70.761,
                      "Actual Rows": 1506849,
                      "Actual Loops": 1,
                      "Index Cond": "(person_id < 150998)"
                    }
                  ]
                }
              ]
            }
          ]
        }
      ]
    },
    "Planning Time": 0.192,
    "Triggers": [],
    "Execution Time": 153.207
  }
]