[
  {
    "Plan": {
      "Node Type": "Aggregate",
      "Strategy": "Plain",
      "Partial Mode": "Finalize",
      "Parallel Aware": false,
      "Startup Cost": 46415.88,
      "Total Cost": 46415.89,
      "Plan Rows": 1,
      "Plan Width": 8,
      "Actual Startup Time": 170.77,
      "Actual Total Time": 180.244,
      "Actual Rows": 1,
      "Actual Loops": 1,
      "Plans": [
        {
          "Node Type": "Gather",
          "Parent Relationship": "Outer",
          "Parallel Aware": false,
          "Startup Cost": 46415.56,
          "Total Cost": 46415.87,
          "Plan Rows": 3,
          "Plan Width": 8,
          "Actual Startup Time": 170.526,
          "Actual Total Time": 180.235,
          "Actual Rows": 4,
          "Actual Loops": 1,
          "Workers Planned": 3,
          "Workers Launched": 3,
          "Single Copy": false,
          "Plans": [
            {
              "Node Type": "Aggregate",
              "Strategy": "Plain",
              "Partial Mode": "Partial",
              "Parent Relationship": "Outer",
              "Parallel Aware": false,
              "Startup Cost": 45415.56,
              "Total Cost": 45415.57,
              "Plan Rows": 1,
              "Plan Width": 8,
              "Actual Startup Time": 161.921,
              "Actual Total Time": 161.922,
              "Actual Rows": 1,
              "Actual Loops": 4,
              "Plans": [
                {
                  "Node Type": "Seq Scan",
                  "Parent Relationship": "Outer",
                  "Parallel Aware": true,
                  "Relation Name": "movie_keyword",
                  "Alias": "mk",
                  "Startup Cost": 0.0,
                  "Total Cost": 42695.65,
                  "Plan Rows": 1087964,
                  "Plan Width": 0,
                  "Actual Startup Time": 0.214,
                  "Actual Total Time": 123.638,
                  "Actual Rows": 841017,
                  "Actual Loops": 4,
                  "Filter": "(keyword_id > 1381)",
                  "Rows Removed by Filter": 289965
                }
              ]
            }
          ]
        }
      ]
    },
    "Planning Time": 0.158,
    "Triggers": [],
    "Execution Time": 180.295
  }
]