{
  "Plan": {
    "Node Type": "Aggregate",
    "Strategy": "Plain",
    "Partial Mode": "Finalize",
    "Parallel Aware": false,
    "Startup Cost": 77558.96,
    "Total Cost": 77558.97,
    "Plan Rows": 1,
    "Plan Width": 8,
    "Actual Startup Time": 145.098,
    "Actual Total Time": 153.959,
    "Actual Rows": 1,
    "Actual Loops": 1,
    "Plans": [
      {
        "Node Type": "Gather",
        "Parent Relationship": "Outer",
        "Parallel Aware": false,
        "Startup Cost": 77558.85,
        "Total Cost": 77558.96,
        "Plan Rows": 1,
        "Plan Width": 8,
        "Actual Startup Time": 144.846,
        "Actual Total Time": 153.954,
        "Actual Rows": 2,
        "Actual Loops": 1,
        "Workers Planned": 1,
        "Workers Launched": 1,
        "Single Copy": false,
        "Plans": [
          {
            "Node Type": "Aggregate",
            "Strategy": "Plain",
            "Partial Mode": "Partial",
            "Parent Relationship": "Outer",
            "Parallel Aware": false,
            "Startup Cost": 76558.85,
            "Total Cost": 76558.86,
            "Plan Rows": 1,
            "Plan Width": 8,
            "Actual Startup Time": 139.305,
            "Actual Total Time": 139.308,
            "Actual Rows": 1,
            "Actual Loops": 2,
            "Plans": [
              {
                "Node Type": "Hash Join",
                "Parent Relationship": "Outer",
                "Parallel Aware": true,
                "Join Type": "Inner",
                "Startup Cost": 56813.09,
                "Total Cost": 76558.52,
                "Plan Rows": 131,
                "Plan Width": 0,
                "Actual Startup Time": 124.202,
                "Actual Total Time": 139.278,
                "Actual Rows": 170,
                "Actual Loops": 2,
                "Inner Unique": true,
                "Hash Cond": "(mc.movie_id = t.id)",
                "Plans": [
                  {
                    "Node Type": "Bitmap Heap Scan",
                    "Parent Relationship": "Outer",
                    "Parallel Aware": true,
                    "Relation Name": "movie_companies",
                    "Alias": "mc",
                    "Startup Cost": 2142.9,
                    "Total Cost": 21810.36,
                    "Plan Rows": 29701,
                    "Plan Width": 4,
                    "Actual Startup Time": 4.252,
                    "Actual Total Time": 15.075,
                    "Actual Rows": 47066,
                    "Actual Loops": 2,
                    "Recheck Cond": "(company_id > 161140)",
                    "Rows Removed by Index Recheck": 0,
                    "Filter": "(company_type_id > 1)",
                    "Rows Removed by Filter": 0,
                    "Exact Heap Blocks": 1687,
                    "Lossy Heap Blocks": 0,
                    "Plans": [
                      {
                        "Node Type": "Bitmap Index Scan",
                        "Parent Relationship": "Outer",
                        "Parallel Aware": false,
                        "Index Name": "company_id_movie_companies",
                        "Startup Cost": 0.0,
                        "Total Cost": 2130.28,
                        "Plan Rows": 99446,
                        "Plan Width": 0,
                        "Actual Startup Time": 3.807,
                        "Actual Total Time": 3.808,
                        "Actual Rows": 94133,
                        "Actual Loops": 1,
                        "Index Cond": "(company_id > 161140)"
                      }
                    ]
                  },
                  {
                    "Node Type": "Hash",
                    "Parent Relationship": "Inner",
                    "Parallel Aware": true,
                    "Startup Cost": 54588.39,
                    "Total Cost": 54588.39,
                    "Plan Rows": 6544,
                    "Plan Width": 4,
                    "Actual Startup Time": 119.483,
                    "Actual Total Time": 119.483,
                    "Actual Rows": 5536,
                    "Actual Loops": 2,
                    "Hash Buckets": 16384,
                    "Original Hash Buckets": 16384,
                    "Hash Batches": 1,
                    "Original Hash Batches": 1,
                    "Peak Memory Usage": 608,
                    "Plans": [
                      {
                        "Node Type": "Seq Scan",
                        "Parent Relationship": "Outer",
                        "Parallel Aware": true,
                        "Relation Name": "title",
                        "Alias": "t",
                        "Startup Cost": 0.0,
                        "Total Cost": 54588.39,
                        "Plan Rows": 6544,
                        "Plan Width": 4,
                        "Actual Startup Time": 0.102,
                        "Actual Total Time": 117.545,
                        "Actual Rows": 5536,
                        "Actual Loops": 2,
                        "Filter": "(production_year = 1961)",
                        "Rows Removed by Filter": 1258620
                      }
                    ]
                  }
                ]
              }
            ]
          }
        ]
      }
    ]
  },
  "Planning Time": 0.188,
  "Triggers": [],
  "Execution Time": 154.001
}