[
  {
    "Plan": {
      "Node Type": "Aggregate",
      "Strategy": "Plain",
      "Partial Mode": "Finalize",
      "Parallel Aware": false,
      "Startup Cost": 374703.94,
      "Total Cost": 374703.95,
      "Plan Rows": 1,
      "Plan Width": 8,
      "Actual Startup Time": 1889.979,
      "Actual Total Time": 1991.979,
      "Actual Rows": 1,
      "Actual Loops": 1,
      "Plans": [
        {
          "Node Type": "Gather",
          "Parent Relationship": "Outer",
          "Parallel Aware": false,
          "Startup Cost": 374703.41,
          "Total Cost": 374703.92,
          "Plan Rows": 5,
          "Plan Width": 8,
          "Actual Startup Time": 1886.527,
          "Actual Total Time": 1991.967,
          "Actual Rows": 6,
          "Actual Loops": 1,
          "Workers Planned": 5,
          "Workers Launched": 5,
          "Single Copy": false,
          "Plans": [
            {
              "Node Type": "Aggregate",
              "Strategy": "Plain",
              "Partial Mode": "Partial",
              "Parent Relationship": "Outer",
              "Parallel Aware": false,
              "Startup Cost": 373703.41,
              "Total Cost": 373703.42,
              "Plan Rows": 1,
              "Plan Width": 8,
              "Actual Startup Time": 1875.465,
              "Actual Total Time": 1875.469,
              "Actual Rows": 1,
              "Actual Loops": 6,
              "Plans": [
                {
                  "Node Type": "Nested Loop",
                  "Parent Relationship": "Outer",
                  "Parallel Aware": false,
                  "Join Type": "Inner",
                  "Startup Cost": 44913.77,
                  "Total Cost": 372583.29,
                  "Plan Rows": 448048,
                  "Plan Width": 0,
                  "Actual Startup Time": 129.993,
                  "Actual Total Time": 1839.789,
                  "Actual Rows": 752428,
                  "Actual Loops": 6,
                  "Inner Unique": false,
                  "Join Filter": "(t.id = ci.movie_id)",
                  "Rows Removed by Join Filter": 0,
                  "Plans": [
                    {
                      "Node Type": "Hash Join",
                      "Parent Relationship": "Outer",
                      "Parallel Aware": true,
                      "Join Type": "Inner",
                      "Startup Cost": 44913.2,
                      "Total Cost": 244945.24,
                      "Plan Rows": 52811,
                      "Plan Width": 8,
                      "Actual Startup Time": 129.881,
                      "Actual Total Time": 510.618,
                      "Actual Rows": 70294,
                      "Actual Loops": 6,
                      "Inner Unique": true,
                      "Hash Cond": "(mi.movie_id = t.id)",
                      "Plans": [
                        {
                          "Node Type": "Seq Scan",
                          "Parent Relationship": "Outer",
                          "Parallel Aware": true,
                          "Relation Name": "movie_info",
                          "Alias": "mi",
                          "Startup Cost": 0.0,
                          "Total Cost": 198952.16,
                          "Plan Rows": 411380,
                          "Plan Width": 4,
                          "Actual Startup Time": 28.36,
                          "Actual Total Time": 286.496,
                          "Actual Rows": 348511,
                          "Actual Loops": 6,
                          "Filter": "(info_type_id < 3)",
                          "Rows Removed by Filter": 2124109
                        },
                        {
                          "Node Type": "Hash",
                          "Parent Relationship": "Inner",
                          "Parallel Aware": true,
                          "Startup Cost": 43898.92,
                          "Total Cost": 43898.92,
                          "Plan Rows": 81143,
                          "Plan Width": 4,
                          "Actual Startup Time": 98.78,
                          "Actual Total Time": 98.781,
                          "Actual Rows": 56308,
                          "Actual Loops": 6,
                          "Hash Buckets": 524288,
                          "Original Hash Buckets": 524288,
                          "Hash Batches": 1,
                          "Original Hash Batches": 1,
                          "Peak Memory Usage": 17408,
                          "Plans": [
                            {
                              "Node Type": "Seq Scan",
                              "Parent Relationship": "Outer",
                              "Parallel Aware": true,
                              "Relation Name": "title",
                              "Alias": "t",
                              "Startup Cost": 0.0,
                              "Total Cost": 43898.92,
                              "Plan Rows": 81143,
                              "Plan Width": 4,
                              "Actual Startup Time": 0.031,
                              "Actual Total Time": 76.056,
                              "Actual Rows": 56308,
                              "Actual Loops": 6,
                              "Filter": "(production_year < 1968)",
                              "Rows Removed by Filter": 365078
                            }
                          ]
                        }
                      ]
                    },
                    {
                      "Node Type": "Index Scan",
                      "Parent Relationship": "Inner",
                      "Parallel Aware": false,
                      "Scan Direction": "Forward",
                      "Index Name": "movie_id_cast_info",
                      "Relation Name": "cast_info",
                      "Alias": "ci",
                      "Startup Cost": 0.56,
                      "Total Cost": 2.14,
                      "Plan Rows": 22,
                      "Plan Width": 4,
                      "Actual Startup Time": 0.004,
                      "Actual Total Time": 0.018,
                      "Actual Rows": 11,
                      "Actual Loops": 421766,
                      "Index Cond": "(movie_id = mi.movie_id)",
                      "Rows Removed by Index Recheck": 0,
                      "Filter": "((person_id < 2962807) AND (role_id < 5))",
                      "Rows Removed by Filter": 4
                    }
                  ]
                }
              ]
            }
          ]
        }
      ]
    },
    "Planning Time": 1.314,
    "Triggers": [],
    "Execution Time": 1992.087
  }
]