[
  {
    "Plan": {
      "Node Type": "Aggregate",
      "Strategy": "Plain",
      "Partial Mode": "Finalize",
      "Parallel Aware": false,
      "Startup Cost": 36279.65,
      "Total Cost": 36279.66,
      "Plan Rows": 1,
      "Plan Width": 8,
      "Actual Startup Time": 54.651,
      "Actual Total Time": 62.432,
      "Actual Rows": 1,
      "Actual Loops": 1,
      "Plans": [
        {
          "Node Type": "Gather",
          "Parent Relationship": "Outer",
          "Parallel Aware": false,
          "Startup Cost": 36279.43,
          "Total Cost": 36279.64,
          "Plan Rows": 2,
          "Plan Width": 8,
          "Actual Startup Time": 54.45,
          "Actual Total Time": 62.426,
          "Actual Rows": 3,
          "Actual Loops": 1,
          "Workers Planned": 2,
          "Workers Launched": 2,
          "Single Copy": false,
          "Plans": [
            {
              "Node Type": "Aggregate",
              "Strategy": "Plain",
              "Partial Mode": "Partial",
              "Parent Relationship": "Outer",
              "Parallel Aware": false,
              "Startup Cost": 35279.43,
              "Total Cost": 35279.44,
              "Plan Rows": 1,
              "Plan Width": 8,
              "Actual Startup Time": 46.26,
              "Actual Total Time": 46.261,
              "Actual Rows": 1,
              "Actual Loops": 3,
              "Plans": [
                {
                  "Node Type": "Nested Loop",
                  "Parent Relationship": "Outer",
                  "Parallel Aware": false,
                  "Join Type": "Inner",
                  "Startup Cost": 139.54,
                  "Total Cost": 35275.75,
                  "Plan Rows": 1475,
                  "Plan Width": 0,
                  "Actual Startup Time": 2.665,
                  "Actual Total Time": 45.931,
                  "Actual Rows": 3433,
                  "Actual Loops": 3,
                  "Inner Unique": false,
                  "Plans": [
                    {
                      "Node Type": "Nested Loop",
                      "Parent Relationship": "Outer",
                      "Parallel Aware": false,
                      "Join Type": "Inner",
                      "Startup Cost": 139.11,
                      "Total Cost": 33837.13,
                      "Plan Rows": 2702,
                      "Plan Width": 8,
                      "Actual Startup Time": 2.471,
                      "Actual Total Time": 30.71,
                      "Actual Rows": 2167,
                      "Actual Loops": 3,
                      "Inner Unique": true,
                      "Plans": [
                        {
                          "Node Type": "Bitmap Heap Scan",
                          "Parent Relationship": "Outer",
                          "Parallel Aware": true,
                          "Relation Name": "movie_keyword",
                          "Alias": "mk",
                          "Startup Cost": 138.68,
                          "Total Cost": 14764.11,
                          "Plan Rows": 2702,
                          "Plan Width": 4,
                          "Actual Startup Time": 2.302,
                          "Actual Total Time": 9.459,
                          "Actual Rows": 2167,
                          "Actual Loops": 3,
                          "Recheck Cond": "(keyword_id = 355)",
                          "Rows Removed by Index Recheck": 0,
                          "Exact Heap Blocks": 3114,
                          "Lossy Heap Blocks": 0,
                          "Plans": [
                            {
                              "Node Type": "Bitmap Index Scan",
                              "Parent Relationship": "Outer",
                              "Parallel Aware": false,
                              "Index Name": "keyword_id_movie_keyword",
                              "Startup Cost": 0.0,
                              "Total Cost": 137.06,
                              "Plan Rows": 6484,
                              "Plan Width": 0,
                              "Actual Startup Time": 4.321,
                              "Actual Total Time": 4.322,
                              "Actual Rows": 6501,
                              "Actual Loops": 1,
                              "Index Cond": "(keyword_id = 355)"
                            }
                          ]
                        },
                        {
                          "Node Type": "Index Only Scan",
                          "Parent Relationship": "Inner",
                          "Parallel Aware": false,
                          "Scan Direction": "Forward",
                          "Index Name": "title_pkey",
                          "Relation Name": "title",
                          "Alias": "t",
                          "Startup Cost": 0.43,
                          "Total Cost": 7.06,
                          "Plan Rows": 1,
                          "Plan Width": 4,
                          "Actual Startup Time": 0.009,
                          "Actual Total Time": 0.009,
                          "Actual Rows": 1,
                          "Actual Loops": 6501,
                          "Index Cond": "(id = mk.movie_id)",
                          "Rows Removed by Index Recheck": 0,
                          "Heap Fetches": 6501
                        }
                      ]
                    },
                    {
                      "Node Type": "Index Only Scan",
                      "Parent Relationship": "Inner",
                      "Parallel Aware": false,
                      "Scan Direction": "Forward",
                      "Index Name": "movie_id_movie_info_idx",
                      "Relation Name": "movie_info_idx",
                      "Alias": "mi_idx",
                      "Startup Cost": 0.43,
                      "Total Cost": 0.5,
                      "Plan Rows": 3,
                      "Plan Width": 4,
                      "Actual Startup Time": 0.006,
                      "Actual Total Time": 0.006,
                      "Actual Rows": 2,
                      "Actual Loops": 6501,
                      "Index Cond": "(movie_id = t.id)",
                      "Rows Removed by Index Recheck": 0,
                      "Heap Fetches": 10300
                    }
                  ]
                }
              ]
            }
          ]
        }
      ]
    },
    "Planning Time": 1.315,
    "Triggers": [],
    "Execution Time": 62.525
  }
]