[
  {
    "Plan": {
      "Node Type": "Aggregate",
      "Strategy": "Plain",
      "Partial Mode": "Finalize",
      "Parallel Aware": false,
      "Startup Cost": 46507.61,
      "Total Cost": 46507.62,
      "Plan Rows": 1,
      "Plan Width": 8,
      "Actual Startup Time": 83.885,
      "Actual Total Time": 98.339,
      "Actual Rows": 1,
      "Actual Loops": 1,
      "Plans": [
        {
          "Node Type": "Gather",
          "Parent Relationship": "Outer",
          "Parallel Aware": false,
          "Startup Cost": 46507.19,
          "Total Cost": 46507.6,
          "Plan Rows": 4,
          "Plan Width": 8,
          "Actual Startup Time": 83.686,
          "Actual Total Time": 98.323,
          "Actual Rows": 5,
          "Actual Loops": 1,
          "Workers Planned": 4,
          "Workers Launched": 4,
          "Single Copy": false,
          "Plans": [
            {
              "Node Type": "Aggregate",
              "Strategy": "Plain",
              "Partial Mode": "Partial",
              "Parent Relationship": "Outer",
              "Parallel Aware": false,
              "Startup Cost": 45507.19,
              "Total Cost": 45507.2,
              "Plan Rows": 1,
              "Plan Width": 8,
              "Actual Startup Time": 79.66,
              "Actual Total Time": 79.662,
              "Actual Rows": 1,
              "Actual Loops": 5,
              "Plans": [
                {
                  "Node Type": "Seq Scan",
                  "Parent Relationship": "Outer",
                  "Parallel Aware": true,
                  "Relation Name": "title",
                  "Alias": "t",
                  "Startup Cost": 0.0,
                  "Total Cost": 45479.59,
                  "Plan Rows": 11042,
                  "Plan Width": 0,
                  "Actual Startup Time": 47.196,
                  "Actual Total Time": 78.422,
                  "Actual Rows": 25072,
                  "Actual Loops": 5,
                  "Filter": "((kind_id < 7) AND (production_year < 1934))",
                  "Rows Removed by Filter": 480590
                }
              ]
            }
          ]
        }
      ]
    },
    "Planning Time": 0.189,
    "Triggers": [],
    "Execution Time": 98.4
  }
]