[
  {
    "Plan": {
      "Node Type": "Aggregate",
      "Strategy": "Plain",
      "Partial Mode": "Finalize",
      "Parallel Aware": false,
      "Startup Cost": 352736.65,
      "Total Cost": 352736.66,
      "Plan Rows": 1,
      "Plan Width": 8,
      "Actual Startup Time": 801.64,
      "Actual Total Time": 862.091,
      "Actual Rows": 1,
      "Actual Loops": 1,
      "Plans": [
        {
          "Node Type": "Gather",
          "Parent Relationship": "Outer",
          "Parallel Aware": false,
          "Startup Cost": 352736.03,
          "Total Cost": 352736.64,
          "Plan Rows": 6,
          "Plan Width": 8,
          "Actual Startup Time": 801.522,
          "Actual Total Time": 862.081,
          "Actual Rows": 7,
          "Actual Loops": 1,
          "Workers Planned": 6,
          "Workers Launched": 6,
          "Single Copy": false,
          "Plans": [
            {
              "Node Type": "Aggregate",
              "Strategy": "Plain",
              "Partial Mode": "Partial",
              "Parent Relationship": "Outer",
              "Parallel Aware": false,
              "Startup Cost": 351736.03,
              "Total Cost": 351736.04,
              "Plan Rows": 1,
              "Plan Width": 8,
              "Actual Startup Time": 791.234,
              "Actual Total Time": 791.235,
              "Actual Rows": 1,
              "Actual Loops": 7,
              "Plans": [
                {
                  "Node Type": "Seq Scan",
                  "Parent Relationship": "Outer",
                  "Parallel Aware": true,
                  "Relation Name": "cast_info",
                  "Alias": "ci",
                  "Startup Cost": 0.0,
                  "Total Cost": 343257.03,
                  "Plan Rows": 3391599,
                  "Plan Width": 0,
                  "Actual Startup Time": 162.998,
                  "Actual Total Time": 677.109,
                  "Actual Rows": 2756547,
                  "Actual Loops": 7,
                  "Filter": "((person_id > 1269160) AND (role_id < 10))",
                  "Rows Removed by Filter": 2421217
                }
              ]
            }
          ]
        }
      ]
    },
    "Planning Time": 0.201,
    "Triggers": [],
    "Execution Time": 862.161
  }
]