[
  {
    "Plan": {
      "Node Type": "Aggregate",
      "Strategy": "Plain",
      "Partial Mode": "Finalize",
      "Parallel Aware": false,
      "Startup Cost": 315405.69,
      "Total Cost": 315405.7,
      "Plan Rows": 1,
      "Plan Width": 8,
      "Actual Startup Time": 1511.187,
      "Actual Total Time": 1564.114,
      "Actual Rows": 1,
      "Actual Loops": 1,
      "Plans": [
        {
          "Node Type": "Gather",
          "Parent Relationship": "Outer",
          "Parallel Aware": false,
          "Startup Cost": 315405.38,
          "Total Cost": 315405.69,
          "Plan Rows": 3,
          "Plan Width": 8,
          "Actual Startup Time": 1500.601,
          "Actual Total Time": 1564.103,
          "Actual Rows": 4,
          "Actual Loops": 1,
          "Workers Planned": 3,
          "Workers Launched": 3,
          "Single Copy": false,
          "Plans": [
            {
              "Node Type": "Aggregate",
              "Strategy": "Plain",
              "Partial Mode": "Partial",
              "Parent Relationship": "Outer",
              "Parallel Aware": false,
              "Startup Cost": 314405.38,
              "Total Cost": 314405.39,
              "Plan Rows": 1,
              "Plan Width": 8,
              "Actual Startup Time": 1482.979,
              "Actual Total Time": 1483.508,
              "Actual Rows": 1,
              "Actual Loops": 4,
              "Plans": [
                {
                  "Node Type": "Hash Join",
                  "Parent Relationship": "Outer",
                  "Parallel Aware": true,
                  "Join Type": "Inner",
                  "Startup Cost": 260797.86,
                  "Total Cost": 309356.65,
                  "Plan Rows": 2019489,
                  "Plan Width": 0,
                  "Actual Startup Time": 1236.364,
                  "Actual Total Time": 1466.467,
                  "Actual Rows": 395024,
                  "Actual Loops": 4,
                  "Inner Unique": false,
                  "Hash Cond": "(mk.movie_id = t.id)",
                  "Plans": [
                    {
                      "Node Type": "Seq Scan",
                      "Parent Relationship": "Outer",
                      "Parallel Aware": true,
                      "Relation Name": "movie_keyword",
                      "Alias": "mk",
                      "Startup Cost": 0.0,
                      "Total Cost": 39047.32,
                      "Plan Rows": 1459332,
                      "Plan Width": 4,
                      "Actual Startup Time": 0.038,
                      "Actual Total Time": 93.838,
                      "Actual Rows": 1130982,
                      "Actual Loops": 4
                    },
                    {
                      "Node Type": "Hash",
                      "Parent Relationship": "Inner",
                      "Parallel Aware": true,
                      "Startup Cost": 252050.94,
                      "Total Cost": 252050.94,
                      "Plan Rows": 699753,
                      "Plan Width": 8,
                      "Actual Startup Time": 1224.988,
                      "Actual Total Time": 1225.516,
                      "Actual Rows": 227793,
                      "Actual Loops": 4,
                      "Hash Buckets": 4194304,
                      "Original Hash Buckets": 4194304,
                      "Hash Batches": 1,
                      "Original Hash Batches": 1,
                      "Peak Memory Usage": 68512,
                      "Plans": [
                        {
                          "Node Type": "Hash Join",
                          "Parent Relationship": "Outer",
                          "Parallel Aware": true,
                          "Join Type": "Inner",
                          "Startup Cost": 49333.96,
                          "Total Cost": 252050.94,
                          "Plan Rows": 699753,
                          "Plan Width": 8,
                          "Actual Startup Time": 237.741,
                          "Actual Total Time": 1121.501,
                          "Actual Rows": 227793,
                          "Actual Loops": 4,
                          "Inner Unique": true,
                          "Hash Cond": "(mi.movie_id = t.id)",
                          "Plans": [
                            {
                              "Node Type": "Seq Scan",
                              "Parent Relationship": "Outer",
                              "Parallel Aware": true,
                              "Relation Name": "movie_info",
                              "Alias": "mi",
                              "Startup Cost": 0.0,
                              "Total Cost": 198952.16,
                              "Plan Rows": 1434213,
                              "Plan Width": 4,
                              "Actual Startup Time": 0.029,
                              "Actual Total Time": 453.028,
                              "Actual Rows": 1821716,
                              "Actual Loops": 4,
                              "Filter": "(info_type_id < 8)",
                              "Rows Removed by Filter": 1887214
                            },
                            {
                              "Node Type": "Hash",
                              "Parent Relationship": "Inner",
                              "Parallel Aware": true,
                              "Startup Cost": 45479.1,
                              "Total Cost": 45479.1,
                              "Plan Rows": 308389,
                              "Plan Width": 4,
                              "Actual Startup Time": 234.599,
                              "Actual Total Time": 234.6,
                              "Actual Rows": 329188,
                              "Actual Loops": 4,
                              "Hash Buckets": 2097152,
                              "Original Hash Buckets": 2097152,
                              "Hash Batches": 1,
                              "Original Hash Batches": 1,
                              "Peak Memory Usage": 67968,
                              "Plans": [
                                {
                                  "Node Type": "Seq Scan",
                                  "Parent Relationship": "Outer",
                                  "Parallel Aware": true,
                                  "Relation Name": "title",
                                  "Alias": "t",
                                  "Startup Cost": 0.0,
                                  "Total Cost": 45479.1,
                                  "Plan Rows": 308389,
                                  "Plan Width": 4,
                                  "Actual Startup Time": 0.048,
                                  "Actual Total Time": 111.707,
                                  "Actual Rows": 329188,
                                  "Actual Loops": 4,
                                  "Filter": "((production_year > 1974) AND (kind_id = 7))",
                                  "Rows Removed by Filter": 302890
                                }
                              ]
                            }
                          ]
                        }
                      ]
                    }
                  ]
                }
              ]
            }
          ]
        }
      ]
    },
    "Planning Time": 1.394,
    "Triggers": [],
    "Execution Time": 1564.206
  }
]