[
  {
    "Plan": {
      "Node Type": "Aggregate",
      "Strategy": "Plain",
      "Partial Mode": "Finalize",
      "Parallel Aware": false,
      "Startup Cost": 78888.5,
      "Total Cost": 78888.51,
      "Plan Rows": 1,
      "Plan Width": 8,
      "Actual Startup Time": 98.835,
      "Actual Total Time": 115.848,
      "Actual Rows": 1,
      "Actual Loops": 1,
      "Plans": [
        {
          "Node Type": "Gather",
          "Parent Relationship": "Outer",
          "Parallel Aware": false,
          "Startup Cost": 78888.18,
          "Total Cost": 78888.49,
          "Plan Rows": 3,
          "Plan Width": 8,
          "Actual Startup Time": 98.597,
          "Actual Total Time": 115.839,
          "Actual Rows": 4,
          "Actual Loops": 1,
          "Workers Planned": 3,
          "Workers Launched": 3,
          "Single Copy": false,
          "Plans": [
            {
              "Node Type": "Aggregate",
              "Strategy": "Plain",
              "Partial Mode": "Partial",
              "Parent Relationship": "Outer",
              "Parallel Aware": false,
              "Startup Cost": 77888.18,
              "Total Cost": 77888.19,
              "Plan Rows": 1,
              "Plan Width": 8,
              "Actual Startup Time": 94.359,
              "Actual Total Time": 94.362,
              "Actual Rows": 1,
              "Actual Loops": 4,
              "Plans": [
                {
                  "Node Type": "Nested Loop",
                  "Parent Relationship": "Outer",
                  "Parallel Aware": false,
                  "Join Type": "Inner",
                  "Startup Cost": 604.98,
                  "Total Cost": 77848.02,
                  "Plan Rows": 16063,
                  "Plan Width": 0,
                  "Actual Startup Time": 2.36,
                  "Actual Total Time": 92.929,
                  "Actual Rows": 24524,
                  "Actual Loops": 4,
                  "Inner Unique": false,
                  "Plans": [
                    {
                      "Node Type": "Nested Loop",
                      "Parent Relationship": "Outer",
                      "Parallel Aware": false,
                      "Join Type": "Inner",
                      "Startup Cost": 604.55,
                      "Total Cost": 61959.44,
                      "Plan Rows": 8978,
                      "Plan Width": 8,
                      "Actual Startup Time": 2.213,
                      "Actual Total Time": 57.567,
                      "Actual Rows": 6826,
                      "Actual Loops": 4,
                      "Inner Unique": true,
                      "Plans": [
                        {
                          "Node Type": "Bitmap Heap Scan",
                          "Parent Relationship": "Outer",
                          "Parallel Aware": true,
                          "Relation Name": "movie_companies",
                          "Alias": "mc",
                          "Startup Cost": 604.12,
                          "Total Cost": 20424.58,
                          "Plan Rows": 8978,
                          "Plan Width": 4,
                          "Actual Startup Time": 2.079,
                          "Actual Total Time": 12.377,
                          "Actual Rows": 6826,
                          "Actual Loops": 4,
                          "Recheck Cond": "(company_id = 27)",
                          "Rows Removed by Index Recheck": 0,
                          "Exact Heap Blocks": 3413,
                          "Lossy Heap Blocks": 0,
                          "Plans": [
                            {
                              "Node Type": "Bitmap Index Scan",
                              "Parent Relationship": "Outer",
                              "Parallel Aware": false,
                              "Index Name": "company_id_movie_companies",
                              "Startup Cost": 0.0,
                              "Total Cost": 597.16,
                              "Plan Rows": 27831,
                              "Plan Width": 0,
                              "Actual Startup Time": 4.139,
                              "Actual Total Time": 4.14,
                              "Actual Rows": 27303,
                              "Actual Loops": 1,
                              "Index Cond": "(company_id = 27)"
                            }
                          ]
                        },
                        {
                          "Node Type": "Index Only Scan",
                          "Parent Relationship": "Inner",
                          "Parallel Aware": false,
                          "Scan Direction": "Forward",
                          "Index Name": "title_pkey",
                          "Relation Name": "title",
                          "Alias": "t",
                          "Startup Cost": 0.43,
                          "Total Cost": 4.63,
                          "Plan Rows": 1,
                          "Plan Width": 4,
                          "Actual Startup Time": 0.006,
                          "Actual Total Time": 0.006,
                          "Actual Rows": 1,
                          "Actual Loops": 27303,
                          "Index Cond": "(id = mc.movie_id)",
                          "Rows Removed by Index Recheck": 0,
                          "Heap Fetches": 27303
                        }
                      ]
                    },
                    {
                      "Node Type": "Index Only Scan",
                      "Parent Relationship": "Inner",
                      "Parallel Aware": false,
                      "Scan Direction": "Forward",
                      "Index Name": "movie_id_movie_keyword",
                      "Relation Name": "movie_keyword",
                      "Alias": "mk",
                      "Startup Cost": 0.43,
                      "Total Cost": 1.31,
                      "Plan Rows": 46,
                      "Plan Width": 4,
                      "Actual Startup Time": 0.004,
                      "Actual Total Time": 0.005,
                      "Actual Rows": 4,
                      "Actual Loops": 27303,
                      "Index Cond": "(movie_id = t.id)",
                      "Rows Removed by Index Recheck": 0,
                      "Heap Fetches": 98098
                    }
                  ]
                }
              ]
            }
          ]
        }
      ]
    },
    "Planning Time": 0.954,
    "Triggers": [],
    "Execution Time": 115.914
  }
]