[
  {
    "Plan": {
      "Node Type": "Aggregate",
      "Strategy": "Plain",
      "Partial Mode": "Finalize",
      "Parallel Aware": false,
      "Startup Cost": 87981.42,
      "Total Cost": 87981.43,
      "Plan Rows": 1,
      "Plan Width": 8,
      "Actual Startup Time": 93.516,
      "Actual Total Time": 108.183,
      "Actual Rows": 1,
      "Actual Loops": 1,
      "Plans": [
        {
          "Node Type": "Gather",
          "Parent Relationship": "Outer",
          "Parallel Aware": false,
          "Startup Cost": 87981.0,
          "Total Cost": 87981.41,
          "Plan Rows": 4,
          "Plan Width": 8,
          "Actual Startup Time": 93.317,
          "Actual Total Time": 108.17,
          "Actual Rows": 5,
          "Actual Loops": 1,
          "Workers Planned": 4,
          "Workers Launched": 4,
          "Single Copy": false,
          "Plans": [
            {
              "Node Type": "Aggregate",
              "Strategy": "Plain",
              "Partial Mode": "Partial",
              "Parent Relationship": "Outer",
              "Parallel Aware": false,
              "Startup Cost": 86981.0,
              "Total Cost": 86981.01,
              "Plan Rows": 1,
              "Plan Width": 8,
              "Actual Startup Time": 86.391,
              "Actual Total Time": 86.394,
              "Actual Rows": 1,
              "Actual Loops": 5,
              "Plans": [
                {
                  "Node Type": "Nested Loop",
                  "Parent Relationship": "Outer",
                  "Parallel Aware": false,
                  "Join Type": "Inner",
                  "Startup Cost": 0.56,
                  "Total Cost": 86980.52,
                  "Plan Rows": 190,
                  "Plan Width": 0,
                  "Actual Startup Time": 84.281,
                  "Actual Total Time": 86.388,
                  "Actual Rows": 0,
                  "Actual Loops": 5,
                  "Inner Unique": false,
                  "Plans": [
                    {
                      "Node Type": "Seq Scan",
                      "Parent Relationship": "Outer",
                      "Parallel Aware": true,
                      "Relation Name": "title",
                      "Alias": "t",
                      "Startup Cost": 0.0,
                      "Total Cost": 45479.59,
                      "Plan Rows": 309,
                      "Plan Width": 4,
                      "Actual Startup Time": 51.274,
                      "Actual Total Time": 74.792,
                      "Actual Rows": 817,
                      "Actual Loops": 5,
                      "Filter": "((production_year < 1899) AND (kind_id = 1))",
                      "Rows Removed by Filter": 504845
                    },
                    {
                      "Node Type": "Index Scan",
                      "Parent Relationship": "Inner",
                      "Parallel Aware": false,
                      "Scan Direction": "Forward",
                      "Index Name": "movie_id_cast_info",
                      "Relation Name": "cast_info",
                      "Alias": "ci",
                      "Startup Cost": 0.56,
                      "Total Cost": 134.3,
                      "Plan Rows": 1,
                      "Plan Width": 4,
                      "Actual Startup Time": 0.014,
                      "Actual Total Time": 0.014,
                      "Actual Rows": 0,
                      "Actual Loops": 4085,
                      "Index Cond": "(movie_id = t.id)",
                      "Rows Removed by Index Recheck": 0,
                      "Filter": "((person_id < 973557) AND (role_id > 8))",
                      "Rows Removed by Filter": 1
                    }
                  ]
                }
              ]
            }
          ]
        }
      ]
    },
    "Planning Time": 0.273,
    "Triggers": [],
    "Execution Time": 108.221
  }
]