[
  {
    "Plan": {
      "Node Type": "Aggregate",
      "Strategy": "Plain",
      "Partial Mode": "Finalize",
      "Parallel Aware": false,
      "Startup Cost": 82043.32,
      "Total Cost": 82043.33,
      "Plan Rows": 1,
      "Plan Width": 8,
      "Actual Startup Time": 102.54,
      "Actual Total Time": 117.423,
      "Actual Rows": 1,
      "Actual Loops": 1,
      "Plans": [
        {
          "Node Type": "Gather",
          "Parent Relationship": "Outer",
          "Parallel Aware": false,
          "Startup Cost": 82042.9,
          "Total Cost": 82043.31,
          "Plan Rows": 4,
          "Plan Width": 8,
          "Actual Startup Time": 102.392,
          "Actual Total Time": 117.414,
          "Actual Rows": 5,
          "Actual Loops": 1,
          "Workers Planned": 4,
          "Workers Launched": 4,
          "Single Copy": false,
          "Plans": [
            {
              "Node Type": "Aggregate",
              "Strategy": "Plain",
              "Partial Mode": "Partial",
              "Parent Relationship": "Outer",
              "Parallel Aware": false,
              "Startup Cost": 81042.9,
              "Total Cost": 81042.91,
              "Plan Rows": 1,
              "Plan Width": 8,
              "Actual Startup Time": 92.663,
              "Actual Total Time": 92.665,
              "Actual Rows": 1,
              "Actual Loops": 5,
              "Plans": [
                {
                  "Node Type": "Nested Loop",
                  "Parent Relationship": "Outer",
                  "Parallel Aware": false,
                  "Join Type": "Inner",
                  "Startup Cost": 0.56,
                  "Total Cost": 81042.52,
                  "Plan Rows": 152,
                  "Plan Width": 0,
                  "Actual Startup Time": 90.592,
                  "Actual Total Time": 92.66,
                  "Actual Rows": 0,
                  "Actual Loops": 5,
                  "Inner Unique": false,
                  "Plans": [
                    {
                      "Node Type": "Seq Scan",
                      "Parent Relationship": "Outer",
                      "Parallel Aware": true,
                      "Relation Name": "title",
                      "Alias": "t",
                      "Startup Cost": 0.0,
                      "Total Cost": 45479.1,
                      "Plan Rows": 248,
                      "Plan Width": 4,
                      "Actual Startup Time": 59.239,
                      "Actual Total Time": 82.178,
                      "Actual Rows": 817,
                      "Actual Loops": 5,
                      "Filter": "((production_year < 1899) AND (kind_id = 1))",
                      "Rows Removed by Filter": 504845
                    },
                    {
                      "Node Type": "Index Scan",
                      "Parent Relationship": "Inner",
                      "Parallel Aware": false,
                      "Scan Direction": "Forward",
                      "Index Name": "movie_id_cast_info",
                      "Relation Name": "cast_info",
                      "Alias": "ci",
                      "Startup Cost": 0.56,
                      "Total Cost": 143.38,
                      "Plan Rows": 2,
                      "Plan Width": 4,
                      "Actual Startup Time": 0.012,
                      "Actual Total Time": 0.012,
                      "Actual Rows": 0,
                      "Actual Loops": 4085,
                      "Index Cond": "(movie_id = t.id)",
                      "Rows Removed by Index Recheck": 0,
                      "Filter": "((person_id < 973557) AND (role_id > 8))",
                      "Rows Removed by Filter": 1
                    }
                  ]
                }
              ]
            }
          ]
        }
      ]
    },
    "Planning Time": 0.681,
    "Triggers": [],
    "Execution Time": 117.498
  }
]