{
  "Plan": {
    "Node Type": "Aggregate",
    "Strategy": "Plain",
    "Partial Mode": "Finalize",
    "Parallel Aware": false,
    "Startup Cost": 87117.76,
    "Total Cost": 87117.77,
    "Plan Rows": 1,
    "Plan Width": 8,
    "Actual Startup Time": 166.842,
    "Actual Total Time": 179.183,
    "Actual Rows": 1,
    "Actual Loops": 1,
    "Plans": [
      {
        "Node Type": "Gather",
        "Parent Relationship": "Outer",
        "Parallel Aware": false,
        "Startup Cost": 87117.65,
        "Total Cost": 87117.76,
        "Plan Rows": 1,
        "Plan Width": 8,
        "Actual Startup Time": 166.554,
        "Actual Total Time": 179.174,
        "Actual Rows": 2,
        "Actual Loops": 1,
        "Workers Planned": 1,
        "Workers Launched": 1,
        "Single Copy": false,
        "Plans": [
          {
            "Node Type": "Aggregate",
            "Strategy": "Plain",
            "Partial Mode": "Partial",
            "Parent Relationship": "Outer",
            "Parallel Aware": false,
            "Startup Cost": 86117.65,
            "Total Cost": 86117.66,
            "Plan Rows": 1,
            "Plan Width": 8,
            "Actual Startup Time": 160.243,
            "Actual Total Time": 160.248,
            "Actual Rows": 1,
            "Actual Loops": 2,
            "Plans": [
              {
                "Node Type": "Hash Join",
                "Parent Relationship": "Outer",
                "Parallel Aware": true,
                "Join Type": "Inner",
                "Startup Cost": 66986.92,
                "Total Cost": 86107.6,
                "Plan Rows": 4019,
                "Plan Width": 0,
                "Actual Startup Time": 61.668,
                "Actual Total Time": 159.576,
                "Actual Rows": 14308,
                "Actual Loops": 2,
                "Inner Unique": false,
                "Hash Cond": "(mi_idx.movie_id = t.id)",
                "Plans": [
                  {
                    "Node Type": "Seq Scan",
                    "Parent Relationship": "Outer",
                    "Parallel Aware": true,
                    "Relation Name": "movie_info_idx",
                    "Alias": "mi_idx",
                    "Startup Cost": 0.0,
                    "Total Cost": 16052.85,
                    "Plan Rows": 811785,
                    "Plan Width": 4,
                    "Actual Startup Time": 0.018,
                    "Actual Total Time": 46.963,
                    "Actual Rows": 690018,
                    "Actual Loops": 2
                  },
                  {
                    "Node Type": "Hash",
                    "Parent Relationship": "Inner",
                    "Parallel Aware": true,
                    "Startup Cost": 66894.89,
                    "Total Cost": 66894.89,
                    "Plan Rows": 7362,
                    "Plan Width": 8,
                    "Actual Startup Time": 60.206,
                    "Actual Total Time": 60.208,
                    "Actual Rows": 7060,
                    "Actual Loops": 2,
                    "Hash Buckets": 16384,
                    "Original Hash Buckets": 16384,
                    "Hash Batches": 1,
                    "Original Hash Batches": 1,
                    "Peak Memory Usage": 704,
                    "Plans": [
                      {
                        "Node Type": "Nested Loop",
                        "Parent Relationship": "Outer",
                        "Parallel Aware": false,
                        "Join Type": "Inner",
                        "Startup Cost": 269.86,
                        "Total Cost": 66894.89,
                        "Plan Rows": 7362,
                        "Plan Width": 8,
                        "Actual Startup Time": 6.7,
                        "Actual Total Time": 57.928,
                        "Actual Rows": 7060,
                        "Actual Loops": 2,
                        "Inner Unique": true,
                        "Plans": [
                          {
                            "Node Type": "Bitmap Heap Scan",
                            "Parent Relationship": "Outer",
                            "Parallel Aware": true,
                            "Relation Name": "movie_keyword",
                            "Alias": "mk",
                            "Startup Cost": 269.43,
                            "Total Cost": 21138.9,
                            "Plan Rows": 7362,
                            "Plan Width": 4,
                            "Actual Startup Time": 6.573,
                            "Actual Total Time": 22.024,
                            "Actual Rows": 7060,
                            "Actual Loops": 2,
                            "Recheck Cond": "(keyword_id = 1382)",
                            "Rows Removed by Index Recheck": 0,
                            "Exact Heap Blocks": 7176,
                            "Lossy Heap Blocks": 0,
                            "Plans": [
                              {
                                "Node Type": "Bitmap Index Scan",
                                "Parent Relationship": "Outer",
                                "Parallel Aware": false,
                                "Index Name": "keyword_id_movie_keyword",
                                "Startup Cost": 0.0,
                                "Total Cost": 266.3,
                                "Plan Rows": 12516,
                                "Plan Width": 0,
                                "Actual Startup Time": 6.574,
                                "Actual Total Time": 6.574,
                                "Actual Rows": 14120,
                                "Actual Loops": 1,
                                "Index Cond": "(keyword_id = 1382)"
                              }
                            ]
                          },
                          {
                            "Node Type": "Index Only Scan",
                            "Parent Relationship": "Inner",
                            "Parallel Aware": false,
                            "Scan Direction": "Forward",
                            "Index Name": "title_pkey",
                            "Relation Name": "title",
                            "Alias": "t",
                            "Startup Cost": 0.43,
                            "Total Cost": 6.22,
                            "Plan Rows": 1,
                            "Plan Width": 4,
                            "Actual Startup Time": 0.005,
                            "Actual Total Time": 0.005,
                            "Actual Rows": 1,
                            "Actual Loops": 14120,
                            "Index Cond": "(id = mk.movie_id)",
                            "Rows Removed by Index Recheck": 0,
                            "Heap Fetches": 14120
                          }
                        ]
                      }
                    ]
                  }
                ]
              }
            ]
          }
        ]
      }
    ]
  },
  "Planning Time": 0.961,
  "Triggers": [],
  "Execution Time": 179.283
}