{
    "Plan": {
        "Node Type": "Aggregate",
        "Strategy": "Plain",
        "Partial Mode": "Finalize",
        "Parallel Aware": false,
        "Startup Cost": 382460.31,
        "Total Cost": 382460.32,
        "Plan Rows": 1,
        "Plan Width": 8,
        "Actual Startup Time": 1301.419,
        "Actual Total Time": 1350.305,
        "Actual Rows": 1,
        "Actual Loops": 1,
        "Output": [
            "count(*)"
        ],
        "Plans": [
            {
                "Node Type": "Gather",
                "Parent Relationship": "Outer",
                "Parallel Aware": false,
                "Startup Cost": 382459.68,
                "Total Cost": 382460.29,
                "Plan Rows": 6,
                "Plan Width": 8,
                "Actual Startup Time": 1295.017,
                "Actual Total Time": 1350.295,
                "Actual Rows": 7,
                "Actual Loops": 1,
                "Output": [
                    "(PARTIAL count(*))"
                ],
                "Workers Planned": 6,
                "Workers Launched": 6,
                "Single Copy": false,
                "Plans": [
                    {
                        "Node Type": "Aggregate",
                        "Strategy": "Plain",
                        "Partial Mode": "Partial",
                        "Parent Relationship": "Outer",
                        "Parallel Aware": false,
                        "Startup Cost": 381459.68,
                        "Total Cost": 381459.69,
                        "Plan Rows": 1,
                        "Plan Width": 8,
                        "Actual Startup Time": 1283.956,
                        "Actual Total Time": 1283.959,
                        "Actual Rows": 1,
                        "Actual Loops": 7,
                        "Output": [
                            "PARTIAL count(*)"
                        ],
                        "Workers": [
                            {
                                "Worker Number": 0,
                                "Actual Startup Time": 1281.952,
                                "Actual Total Time": 1281.954,
                                "Actual Rows": 1,
                                "Actual Loops": 1
                            },
                            {
                                "Worker Number": 1,
                                "Actual Startup Time": 1282.158,
                                "Actual Total Time": 1282.162,
                                "Actual Rows": 1,
                                "Actual Loops": 1
                            },
                            {
                                "Worker Number": 2,
                                "Actual Startup Time": 1282.113,
                                "Actual Total Time": 1282.116,
                                "Actual Rows": 1,
                                "Actual Loops": 1
                            },
                            {
                                "Worker Number": 3,
                                "Actual Startup Time": 1282.124,
                                "Actual Total Time": 1282.126,
                                "Actual Rows": 1,
                                "Actual Loops": 1
                            },
                            {
                                "Worker Number": 4,
                                "Actual Startup Time": 1282.341,
                                "Actual Total Time": 1282.344,
                                "Actual Rows": 1,
                                "Actual Loops": 1
                            },
                            {
                                "Worker Number": 5,
                                "Actual Startup Time": 1282.925,
                                "Actual Total Time": 1282.927,
                                "Actual Rows": 1,
                                "Actual Loops": 1
                            }
                        ],
                        "Plans": [
                            {
                                "Node Type": "Hash Join",
                                "Parent Relationship": "Outer",
                                "Parallel Aware": true,
                                "Join Type": "Inner",
                                "Startup Cost": 45996.98,
                                "Total Cost": 379996.49,
                                "Plan Rows": 585275,
                                "Plan Width": 0,
                                "Actual Startup Time": 370.899,
                                "Actual Total Time": 1257.158,
                                "Actual Rows": 531536,
                                "Actual Loops": 7,
                                "Inner Unique": true,
                                "Hash Cond": "(ci.movie_id = t.id)",
                                "Workers": [
                                    {
                                        "Worker Number": 0,
                                        "Actual Startup Time": 368.921,
                                        "Actual Total Time": 1252.069,
                                        "Actual Rows": 450295,
                                        "Actual Loops": 1
                                    },
                                    {
                                        "Worker Number": 1,
                                        "Actual Startup Time": 369.44,
                                        "Actual Total Time": 1254.944,
                                        "Actual Rows": 410077,
                                        "Actual Loops": 1
                                    },
                                    {
                                        "Worker Number": 2,
                                        "Actual Startup Time": 369.072,
                                        "Actual Total Time": 1256.971,
                                        "Actual Rows": 619510,
                                        "Actual Loops": 1
                                    },
                                    {
                                        "Worker Number": 3,
                                        "Actual Startup Time": 369.088,
                                        "Actual Total Time": 1256.973,
                                        "Actual Rows": 616959,
                                        "Actual Loops": 1
                                    },
                                    {
                                        "Worker Number": 4,
                                        "Actual Startup Time": 369.352,
                                        "Actual Total Time": 1255.11,
                                        "Actual Rows": 407550,
                                        "Actual Loops": 1
                                    },
                                    {
                                        "Worker Number": 5,
                                        "Actual Startup Time": 369.35,
                                        "Actual Total Time": 1259.515,
                                        "Actual Rows": 524024,
                                        "Actual Loops": 1
                                    }
                                ],
                                "Plans": [
                                    {
                                        "Node Type": "Seq Scan",
                                        "Parent Relationship": "Outer",
                                        "Parallel Aware": true,
                                        "Relation Name": "cast_info",
                                        "Schema": "public",
                                        "Alias": "ci",
                                        "Startup Cost": 0.0,
                                        "Total Cost": 328213.62,
                                        "Plan Rows": 2204147,
                                        "Plan Width": 4,
                                        "Actual Startup Time": 248.443,
                                        "Actual Total Time": 588.853,
                                        "Actual Rows": 1902880,
                                        "Actual Loops": 7,
                                        "Output": [
                                            "ci.id",
                                            "ci.person_id",
                                            "ci.movie_id",
                                            "ci.person_role_id",
                                            "ci.note",
                                            "ci.nr_order",
                                            "ci.role_id"
                                        ],
                                        "Filter": "(ci.person_id > 2340145)",
                                        "Rows Removed by Filter": 3274883,
                                        "Workers": [
                                            {
                                                "Worker Number": 0,
                                                "Actual Startup Time": 248.462,
                                                "Actual Total Time": 615.818,
                                                "Actual Rows": 1595785,
                                                "Actual Loops": 1
                                            },
                                            {
                                                "Worker Number": 1,
                                                "Actual Startup Time": 248.375,
                                                "Actual Total Time": 599.397,
                                                "Actual Rows": 1468833,
                                                "Actual Loops": 1
                                            },
                                            {
                                                "Worker Number": 2,
                                                "Actual Startup Time": 248.454,
                                                "Actual Total Time": 588.686,
                                                "Actual Rows": 2229826,
                                                "Actual Loops": 1
                                            },
                                            {
                                                "Worker Number": 3,
                                                "Actual Startup Time": 248.476,
                                                "Actual Total Time": 589.363,
                                                "Actual Rows": 2213928,
                                                "Actual Loops": 1
                                            },
                                            {
                                                "Worker Number": 4,
                                                "Actual Startup Time": 248.438,
                                                "Actual Total Time": 597.669,
                                                "Actual Rows": 1449530,
                                                "Actual Loops": 1
                                            },
                                            {
                                                "Worker Number": 5,
                                                "Actual Startup Time": 248.438,
                                                "Actual Total Time": 578.557,
                                                "Actual Rows": 1870097,
                                                "Actual Loops": 1
                                            }
                                        ]
                                    },
                                    {
                                        "Node Type": "Hash",
                                        "Parent Relationship": "Inner",
                                        "Parallel Aware": true,
                                        "Startup Cost": 43899.01,
                                        "Total Cost": 43899.01,
                                        "Plan Rows": 167838,
                                        "Plan Width": 4,
                                        "Actual Startup Time": 118.957,
                                        "Actual Total Time": 118.958,
                                        "Actual Rows": 94689,
                                        "Actual Loops": 7,
                                        "Output": [
                                            "t.id"
                                        ],
                                        "Hash Buckets": 1048576,
                                        "Original Hash Buckets": 1048576,
                                        "Hash Batches": 1,
                                        "Original Hash Batches": 1,
                                        "Peak Memory Usage": 34208,
                                        "Workers": [
                                            {
                                                "Worker Number": 0,
                                                "Actual Startup Time": 119.702,
                                                "Actual Total Time": 119.703,
                                                "Actual Rows": 78221,
                                                "Actual Loops": 1
                                            },
                                            {
                                                "Worker Number": 1,
                                                "Actual Startup Time": 119.91,
                                                "Actual Total Time": 119.911,
                                                "Actual Rows": 73404,
                                                "Actual Loops": 1
                                            },
                                            {
                                                "Worker Number": 2,
                                                "Actual Startup Time": 119.923,
                                                "Actual Total Time": 119.924,
                                                "Actual Rows": 109224,
                                                "Actual Loops": 1
                                            },
                                            {
                                                "Worker Number": 3,
                                                "Actual Startup Time": 119.773,
                                                "Actual Total Time": 119.774,
                                                "Actual Rows": 109437,
                                                "Actual Loops": 1
                                            },
                                            {
                                                "Worker Number": 4,
                                                "Actual Startup Time": 120.114,
                                                "Actual Total Time": 120.116,
                                                "Actual Rows": 72751,
                                                "Actual Loops": 1
                                            },
                                            {
                                                "Worker Number": 5,
                                                "Actual Startup Time": 120.118,
                                                "Actual Total Time": 120.119,
                                                "Actual Rows": 90282,
                                                "Actual Loops": 1
                                            }
                                        ],
                                        "Plans": [
                                            {
                                                "Node Type": "Seq Scan",
                                                "Parent Relationship": "Outer",
                                                "Parallel Aware": true,
                                                "Relation Name": "title",
                                                "Schema": "public",
                                                "Alias": "t",
                                                "Startup Cost": 0.0,
                                                "Total Cost": 43899.01,
                                                "Plan Rows": 167838,
                                                "Plan Width": 4,
                                                "Actual Startup Time": 39.887,
                                                "Actual Total Time": 75.547,
                                                "Actual Rows": 94689,
                                                "Actual Loops": 7,
                                                "Output": [
                                                    "t.id"
                                                ],
                                                "Filter": "(t.kind_id = 1)",
                                                "Rows Removed by Filter": 266498,
                                                "Workers": [
                                                    {
                                                        "Worker Number": 0,
                                                        "Actual Startup Time": 5.568,
                                                        "Actual Total Time": 76.625,
                                                        "Actual Rows": 78221,
                                                        "Actual Loops": 1
                                                    },
                                                    {
                                                        "Worker Number": 1,
                                                        "Actual Startup Time": 45.603,
                                                        "Actual Total Time": 76.574,
                                                        "Actual Rows": 73404,
                                                        "Actual Loops": 1
                                                    },
                                                    {
                                                        "Worker Number": 2,
                                                        "Actual Startup Time": 45.648,
                                                        "Actual Total Time": 75.681,
                                                        "Actual Rows": 109224,
                                                        "Actual Loops": 1
                                                    },
                                                    {
                                                        "Worker Number": 3,
                                                        "Actual Startup Time": 45.629,
                                                        "Actual Total Time": 75.892,
                                                        "Actual Rows": 109437,
                                                        "Actual Loops": 1
                                                    },
                                                    {
                                                        "Worker Number": 4,
                                                        "Actual Startup Time": 45.588,
                                                        "Actual Total Time": 76.561,
                                                        "Actual Rows": 72751,
                                                        "Actual Loops": 1
                                                    },
                                                    {
                                                        "Worker Number": 5,
                                                        "Actual Startup Time": 45.545,
                                                        "Actual Total Time": 75.351,
                                                        "Actual Rows": 90282,
                                                        "Actual Loops": 1
                                                    }
                                                ]
                                            }
                                        ]
                                    }
                                ]
                            }
                        ]
                    }
                ]
            }
        ]
    },
    "Planning Time": 0.708,
    "Triggers": [],
    "Execution Time": 1350.388
}