[
    {
        "Bao": {
            "Bao prediction": "NaN",
            "Bao recommended hint": "(no hint)"
        }
    },
    {
        "Plan": {
            "Node Type": "Aggregate",
            "Strategy": "Plain",
            "Partial Mode": "Finalize",
            "Parallel Aware": false,
            "Startup Cost": 40501.45,
            "Total Cost": 40501.46,
            "Plan Rows": 1,
            "Plan Width": 8,
            "Actual Startup Time": 127.209,
            "Actual Total Time": 134.668,
            "Actual Rows": 1,
            "Actual Loops": 1,
            "Output": [
                "count(*)"
            ],
            "Plans": [
                {
                    "Node Type": "Gather",
                    "Parent Relationship": "Outer",
                    "Parallel Aware": false,
                    "Startup Cost": 40501.13,
                    "Total Cost": 40501.44,
                    "Plan Rows": 3,
                    "Plan Width": 8,
                    "Actual Startup Time": 126.864,
                    "Actual Total Time": 134.66,
                    "Actual Rows": 4,
                    "Actual Loops": 1,
                    "Output": [
                        "(PARTIAL count(*))"
                    ],
                    "Workers Planned": 3,
                    "Workers Launched": 3,
                    "Single Copy": false,
                    "Plans": [
                        {
                            "Node Type": "Aggregate",
                            "Strategy": "Plain",
                            "Partial Mode": "Partial",
                            "Parent Relationship": "Outer",
                            "Parallel Aware": false,
                            "Startup Cost": 39501.13,
                            "Total Cost": 39501.14,
                            "Plan Rows": 1,
                            "Plan Width": 8,
                            "Actual Startup Time": 118.378,
                            "Actual Total Time": 118.38,
                            "Actual Rows": 1,
                            "Actual Loops": 4,
                            "Output": [
                                "PARTIAL count(*)"
                            ],
                            "Workers": [
                                {
                                    "Worker Number": 0,
                                    "Actual Startup Time": 115.336,
                                    "Actual Total Time": 115.338,
                                    "Actual Rows": 1,
                                    "Actual Loops": 1
                                },
                                {
                                    "Worker Number": 1,
                                    "Actual Startup Time": 115.555,
                                    "Actual Total Time": 115.557,
                                    "Actual Rows": 1,
                                    "Actual Loops": 1
                                },
                                {
                                    "Worker Number": 2,
                                    "Actual Startup Time": 115.992,
                                    "Actual Total Time": 115.994,
                                    "Actual Rows": 1,
                                    "Actual Loops": 1
                                }
                            ],
                            "Plans": [
                                {
                                    "Node Type": "Bitmap Heap Scan",
                                    "Parent Relationship": "Outer",
                                    "Parallel Aware": true,
                                    "Relation Name": "movie_keyword",
                                    "Schema": "public",
                                    "Alias": "mk",
                                    "Startup Cost": 12252.5,
                                    "Total Cost": 39035.36,
                                    "Plan Rows": 186309,
                                    "Plan Width": 0,
                                    "Actual Startup Time": 26.277,
                                    "Actual Total Time": 109.289,
                                    "Actual Rows": 146349,
                                    "Actual Loops": 4,
                                    "Recheck Cond": "(mk.keyword_id < 416)",
                                    "Rows Removed by Index Recheck": 0,
                                    "Exact Heap Blocks": 11913,
                                    "Lossy Heap Blocks": 0,
                                    "Workers": [
                                        {
                                            "Worker Number": 0,
                                            "Actual Startup Time": 23.404,
                                            "Actual Total Time": 107.04,
                                            "Actual Rows": 99639,
                                            "Actual Loops": 1
                                        },
                                        {
                                            "Worker Number": 1,
                                            "Actual Startup Time": 23.53,
                                            "Actual Total Time": 107.124,
                                            "Actual Rows": 98756,
                                            "Actual Loops": 1
                                        },
                                        {
                                            "Worker Number": 2,
                                            "Actual Startup Time": 23.989,
                                            "Actual Total Time": 107.601,
                                            "Actual Rows": 100728,
                                            "Actual Loops": 1
                                        }
                                    ],
                                    "Plans": [
                                        {
                                            "Node Type": "Bitmap Index Scan",
                                            "Parent Relationship": "Outer",
                                            "Parallel Aware": false,
                                            "Index Name": "keyword_id_movie_keyword",
                                            "Startup Cost": 0.0,
                                            "Total Cost": 12108.11,
                                            "Plan Rows": 577557,
                                            "Plan Width": 0,
                                            "Actual Startup Time": 30.618,
                                            "Actual Total Time": 30.619,
                                            "Actual Rows": 585396,
                                            "Actual Loops": 1,
                                            "Index Cond": "(mk.keyword_id < 416)"
                                        }
                                    ]
                                }
                            ]
                        }
                    ]
                }
            ]
        },
        "Planning Time": 190.364,
        "Triggers": [],
        "Execution Time": 134.74
    }
]