[
    {
        "Bao": {
            "Bao prediction": "NaN",
            "Bao recommended hint": "(no hint)"
        }
    },
    {
        "Plan": {
            "Node Type": "Aggregate",
            "Strategy": "Plain",
            "Partial Mode": "Finalize",
            "Parallel Aware": false,
            "Startup Cost": 337324.89,
            "Total Cost": 337324.9,
            "Plan Rows": 1,
            "Plan Width": 8,
            "Actual Startup Time": 795.203,
            "Actual Total Time": 826.133,
            "Actual Rows": 1,
            "Actual Loops": 1,
            "Output": [
                "count(*)"
            ],
            "Plans": [
                {
                    "Node Type": "Gather",
                    "Parent Relationship": "Outer",
                    "Parallel Aware": false,
                    "Startup Cost": 337324.27,
                    "Total Cost": 337324.88,
                    "Plan Rows": 6,
                    "Plan Width": 8,
                    "Actual Startup Time": 795.096,
                    "Actual Total Time": 826.123,
                    "Actual Rows": 7,
                    "Actual Loops": 1,
                    "Output": [
                        "(PARTIAL count(*))"
                    ],
                    "Workers Planned": 6,
                    "Workers Launched": 6,
                    "Single Copy": false,
                    "Plans": [
                        {
                            "Node Type": "Aggregate",
                            "Strategy": "Plain",
                            "Partial Mode": "Partial",
                            "Parent Relationship": "Outer",
                            "Parallel Aware": false,
                            "Startup Cost": 336324.27,
                            "Total Cost": 336324.28,
                            "Plan Rows": 1,
                            "Plan Width": 8,
                            "Actual Startup Time": 783.993,
                            "Actual Total Time": 783.994,
                            "Actual Rows": 1,
                            "Actual Loops": 7,
                            "Output": [
                                "PARTIAL count(*)"
                            ],
                            "Workers": [
                                {
                                    "Worker Number": 0,
                                    "Actual Startup Time": 781.785,
                                    "Actual Total Time": 781.786,
                                    "Actual Rows": 1,
                                    "Actual Loops": 1
                                },
                                {
                                    "Worker Number": 1,
                                    "Actual Startup Time": 781.777,
                                    "Actual Total Time": 781.779,
                                    "Actual Rows": 1,
                                    "Actual Loops": 1
                                },
                                {
                                    "Worker Number": 2,
                                    "Actual Startup Time": 781.967,
                                    "Actual Total Time": 781.968,
                                    "Actual Rows": 1,
                                    "Actual Loops": 1
                                },
                                {
                                    "Worker Number": 3,
                                    "Actual Startup Time": 781.992,
                                    "Actual Total Time": 781.993,
                                    "Actual Rows": 1,
                                    "Actual Loops": 1
                                },
                                {
                                    "Worker Number": 4,
                                    "Actual Startup Time": 782.876,
                                    "Actual Total Time": 782.876,
                                    "Actual Rows": 1,
                                    "Actual Loops": 1
                                },
                                {
                                    "Worker Number": 5,
                                    "Actual Startup Time": 783.269,
                                    "Actual Total Time": 783.271,
                                    "Actual Rows": 1,
                                    "Actual Loops": 1
                                }
                            ],
                            "Plans": [
                                {
                                    "Node Type": "Seq Scan",
                                    "Parent Relationship": "Outer",
                                    "Parallel Aware": true,
                                    "Relation Name": "cast_info",
                                    "Schema": "public",
                                    "Alias": "ci",
                                    "Startup Cost": 0.0,
                                    "Total Cost": 328213.62,
                                    "Plan Rows": 3244261,
                                    "Plan Width": 0,
                                    "Actual Startup Time": 196.056,
                                    "Actual Total Time": 637.406,
                                    "Actual Rows": 2787702,
                                    "Actual Loops": 7,
                                    "Output": [
                                        "id",
                                        "person_id",
                                        "movie_id",
                                        "person_role_id",
                                        "note",
                                        "nr_order",
                                        "role_id"
                                    ],
                                    "Filter": "(ci.person_id > 1656070)",
                                    "Rows Removed by Filter": 2390061,
                                    "Workers": [
                                        {
                                            "Worker Number": 0,
                                            "Actual Startup Time": 193.849,
                                            "Actual Total Time": 641.608,
                                            "Actual Rows": 3423570,
                                            "Actual Loops": 1
                                        },
                                        {
                                            "Worker Number": 1,
                                            "Actual Startup Time": 193.847,
                                            "Actual Total Time": 636.684,
                                            "Actual Rows": 2197565,
                                            "Actual Loops": 1
                                        },
                                        {
                                            "Worker Number": 2,
                                            "Actual Startup Time": 194.046,
                                            "Actual Total Time": 638.14,
                                            "Actual Rows": 2115189,
                                            "Actual Loops": 1
                                        },
                                        {
                                            "Worker Number": 3,
                                            "Actual Startup Time": 194.04,
                                            "Actual Total Time": 637.17,
                                            "Actual Rows": 2196769,
                                            "Actual Loops": 1
                                        },
                                        {
                                            "Worker Number": 4,
                                            "Actual Startup Time": 194.932,
                                            "Actual Total Time": 642.601,
                                            "Actual Rows": 3425550,
                                            "Actual Loops": 1
                                        },
                                        {
                                            "Worker Number": 5,
                                            "Actual Startup Time": 195.331,
                                            "Actual Total Time": 639.573,
                                            "Actual Rows": 3340827,
                                            "Actual Loops": 1
                                        }
                                    ]
                                }
                            ]
                        }
                    ]
                }
            ]
        },
        "Planning Time": 288.201,
        "Triggers": [],
        "Execution Time": 826.234
    }
]