[
  {
    "Plan": {
      "Node Type": "Aggregate",
      "Strategy": "Plain",
      "Partial Mode": "Finalize",
      "Parallel Aware": false,
      "Startup Cost": 110715.72,
      "Total Cost": 110715.73,
      "Plan Rows": 1,
      "Plan Width": 8,
      "Actual Startup Time": 654.465,
      "Actual Total Time": 672.029,
      "Actual Rows": 1,
      "Actual Loops": 1,
      "Plans": [
        {
          "Node Type": "Gather",
          "Parent Relationship": "Outer",
          "Parallel Aware": false,
          "Startup Cost": 110715.4,
          "Total Cost": 110715.71,
          "Plan Rows": 3,
          "Plan Width": 8,
          "Actual Startup Time": 651.026,
          "Actual Total Time": 672.02,
          "Actual Rows": 4,
          "Actual Loops": 1,
          "Workers Planned": 3,
          "Workers Launched": 3,
          "Single Copy": false,
          "Plans": [
            {
              "Node Type": "Aggregate",
              "Strategy": "Plain",
              "Partial Mode": "Partial",
              "Parent Relationship": "Outer",
              "Parallel Aware": false,
              "Startup Cost": 109715.4,
              "Total Cost": 109715.41,
              "Plan Rows": 1,
              "Plan Width": 8,
              "Actual Startup Time": 642.114,
              "Actual Total Time": 642.577,
              "Actual Rows": 1,
              "Actual Loops": 4,
              "Plans": [
                {
                  "Node Type": "Hash Join",
                  "Parent Relationship": "Outer",
                  "Parallel Aware": true,
                  "Join Type": "Inner",
                  "Startup Cost": 63051.71,
                  "Total Cost": 109413.47,
                  "Plan Rows": 120772,
                  "Plan Width": 0,
                  "Actual Startup Time": 364.714,
                  "Actual Total Time": 593.813,
                  "Actual Rows": 1101468,
                  "Actual Loops": 4,
                  "Inner Unique": false,
                  "Hash Cond": "(mk.movie_id = t.id)",
                  "Plans": [
                    {
                      "Node Type": "Seq Scan",
                      "Parent Relationship": "Outer",
                      "Parallel Aware": true,
                      "Relation Name": "movie_keyword",
                      "Alias": "mk",
                      "Startup Cost": 0.0,
                      "Total Cost": 42695.65,
                      "Plan Rows": 843435,
                      "Plan Width": 4,
                      "Actual Startup Time": 0.392,
                      "Actual Total Time": 114.002,
                      "Actual Rows": 652437,
                      "Actual Loops": 4,
                      "Filter": "(keyword_id > 3293)",
                      "Rows Removed by Filter": 478546
                    },
                    {
                      "Node Type": "Hash",
                      "Parent Relationship": "Inner",
                      "Parallel Aware": true,
                      "Startup Cost": 61166.15,
                      "Total Cost": 61166.15,
                      "Plan Rows": 150845,
                      "Plan Width": 8,
                      "Actual Startup Time": 328.205,
                      "Actual Total Time": 328.667,
                      "Actual Rows": 157475,
                      "Actual Loops": 4,
                      "Hash Buckets": 1048576,
                      "Original Hash Buckets": 524288,
                      "Hash Batches": 1,
                      "Original Hash Batches": 1,
                      "Peak Memory Usage": 36992,
                      "Plans": [
                        {
                          "Node Type": "Hash Join",
                          "Parent Relationship": "Outer",
                          "Parallel Aware": true,
                          "Join Type": "Inner",
                          "Startup Cost": 45971.59,
                          "Total Cost": 61166.15,
                          "Plan Rows": 150845,
                          "Plan Width": 8,
                          "Actual Startup Time": 202.531,
                          "Actual Total Time": 272.924,
                          "Actual Rows": 157475,
                          "Actual Loops": 4,
                          "Inner Unique": true,
                          "Hash Cond": "(mi_idx.movie_id = t.id)",
                          "Plans": [
                            {
                              "Node Type": "Seq Scan",
                              "Parent Relationship": "Outer",
                              "Parallel Aware": true,
                              "Relation Name": "movie_info_idx",
                              "Alias": "mi_idx",
                              "Startup Cost": 0.0,
                              "Total Cost": 13685.15,
                              "Plan Rows": 575015,
                              "Plan Width": 4,
                              "Actual Startup Time": 0.026,
                              "Actual Total Time": 31.189,
                              "Actual Rows": 345009,
                              "Actual Loops": 4
                            },
                            {
                              "Node Type": "Hash",
                              "Parent Relationship": "Inner",
                              "Parallel Aware": true,
                              "Startup Cost": 43898.92,
                              "Total Cost": 43898.92,
                              "Plan Rows": 165814,
                              "Plan Width": 4,
                              "Actual Startup Time": 168.033,
                              "Actual Total Time": 168.034,
                              "Actual Rows": 165706,
                              "Actual Loops": 4,
                              "Hash Buckets": 1048576,
                              "Original Hash Buckets": 1048576,
                              "Hash Batches": 1,
                              "Original Hash Batches": 1,
                              "Peak Memory Usage": 34176,
                              "Plans": [
                                {
                                  "Node Type": "Seq Scan",
                                  "Parent Relationship": "Outer",
                                  "Parallel Aware": true,
                                  "Relation Name": "title",
                                  "Alias": "t",
                                  "Startup Cost": 0.0,
                                  "Total Cost": 43898.92,
                                  "Plan Rows": 165814,
                                  "Plan Width": 4,
                                  "Actual Startup Time": 46.812,
                                  "Actual Total Time": 103.921,
                                  "Actual Rows": 165706,
                                  "Actual Loops": 4,
                                  "Filter": "(kind_id = 1)",
                                  "Rows Removed by Filter": 466372
                                }
                              ]
                            }
                          ]
                        }
                      ]
                    }
                  ]
                }
              ]
            }
          ]
        }
      ]
    },
    "Planning Time": 1.363,
    "Triggers": [],
    "Execution Time": 672.112
  }
]