{
  "Plan": {
    "Node Type": "Aggregate",
    "Strategy": "Plain",
    "Partial Mode": "Finalize",
    "Parallel Aware": false,
    "Startup Cost": 717226.62,
    "Total Cost": 717226.63,
    "Plan Rows": 1,
    "Plan Width": 8,
    "Actual Startup Time": 4621.174,
    "Actual Total Time": 4676.529,
    "Actual Rows": 1,
    "Actual Loops": 1,
    "Plans": [
      {
        "Node Type": "Gather",
        "Parent Relationship": "Outer",
        "Parallel Aware": false,
        "Startup Cost": 717226.51,
        "Total Cost": 717226.62,
        "Plan Rows": 1,
        "Plan Width": 8,
        "Actual Startup Time": 4618.769,
        "Actual Total Time": 4676.521,
        "Actual Rows": 2,
        "Actual Loops": 1,
        "Workers Planned": 1,
        "Workers Launched": 1,
        "Single Copy": false,
        "Plans": [
          {
            "Node Type": "Aggregate",
            "Strategy": "Plain",
            "Partial Mode": "Partial",
            "Parent Relationship": "Outer",
            "Parallel Aware": false,
            "Startup Cost": 716226.51,
            "Total Cost": 716226.52,
            "Plan Rows": 1,
            "Plan Width": 8,
            "Actual Startup Time": 4610.411,
            "Actual Total Time": 4610.417,
            "Actual Rows": 1,
            "Actual Loops": 2,
            "Plans": [
              {
                "Node Type": "Hash Join",
                "Parent Relationship": "Outer",
                "Parallel Aware": true,
                "Join Type": "Inner",
                "Startup Cost": 642613.07,
                "Total Cost": 715053.4,
                "Plan Rows": 469245,
                "Plan Width": 0,
                "Actual Startup Time": 4278.73,
                "Actual Total Time": 4593.458,
                "Actual Rows": 407314,
                "Actual Loops": 2,
                "Inner Unique": false,
                "Hash Cond": "(mk.movie_id = t.id)",
                "Plans": [
                  {
                    "Node Type": "Seq Scan",
                    "Parent Relationship": "Outer",
                    "Parallel Aware": true,
                    "Relation Name": "movie_keyword",
                    "Alias": "mk",
                    "Startup Cost": 0.0,
                    "Total Cost": 57718.19,
                    "Plan Rows": 956950,
                    "Plan Width": 4,
                    "Actual Startup Time": 0.014,
                    "Actual Total Time": 166.667,
                    "Actual Rows": 820450,
                    "Actual Loops": 2,
                    "Filter": "(keyword_id < 2489)",
                    "Rows Removed by Filter": 1441516
                  },
                  {
                    "Node Type": "Hash",
                    "Parent Relationship": "Inner",
                    "Parallel Aware": true,
                    "Startup Cost": 633497.2,
                    "Total Cost": 633497.2,
                    "Plan Rows": 729270,
                    "Plan Width": 8,
                    "Actual Startup Time": 4263.978,
                    "Actual Total Time": 4263.982,
                    "Actual Rows": 741218,
                    "Actual Loops": 2,
                    "Hash Buckets": 2097152,
                    "Original Hash Buckets": 2097152,
                    "Hash Batches": 1,
                    "Original Hash Batches": 1,
                    "Peak Memory Usage": 74400,
                    "Plans": [
                      {
                        "Node Type": "Hash Join",
                        "Parent Relationship": "Outer",
                        "Parallel Aware": true,
                        "Join Type": "Inner",
                        "Startup Cost": 58947.93,
                        "Total Cost": 633497.2,
                        "Plan Rows": 729270,
                        "Plan Width": 8,
                        "Actual Startup Time": 147.281,
                        "Actual Total Time": 4022.197,
                        "Actual Rows": 741218,
                        "Actual Loops": 2,
                        "Inner Unique": true,
                        "Hash Cond": "(ci.movie_id = t.id)",
                        "Plans": [
                          {
                            "Node Type": "Seq Scan",
                            "Parent Relationship": "Outer",
                            "Parallel Aware": true,
                            "Relation Name": "cast_info",
                            "Alias": "ci",
                            "Startup Cost": 0.0,
                            "Total Cost": 519069.44,
                            "Plan Rows": 21135138,
                            "Plan Width": 4,
                            "Actual Startup Time": 0.027,
                            "Actual Total Time": 1889.513,
                            "Actual Rows": 17964113,
                            "Actual Loops": 2,
                            "Filter": "(role_id < 11)",
                            "Rows Removed by Filter": 158059
                          },
                          {
                            "Node Type": "Hash",
                            "Parent Relationship": "Inner",
                            "Parallel Aware": true,
                            "Startup Cost": 58306.47,
                            "Total Cost": 58306.47,
                            "Plan Rows": 51317,
                            "Plan Width": 4,
                            "Actual Startup Time": 146.462,
                            "Actual Total Time": 146.463,
                            "Actual Rows": 48868,
                            "Actual Loops": 2,
                            "Hash Buckets": 131072,
                            "Original Hash Buckets": 131072,
                            "Hash Batches": 1,
                            "Original Hash Batches": 1,
                            "Peak Memory Usage": 4896,
                            "Plans": [
                              {
                                "Node Type": "Seq Scan",
                                "Parent Relationship": "Outer",
                                "Parallel Aware": true,
                                "Relation Name": "title",
                                "Alias": "t",
                                "Startup Cost": 0.0,
                                "Total Cost": 58306.47,
                                "Plan Rows": 51317,
                                "Plan Width": 4,
                                "Actual Startup Time": 0.038,
                                "Actual Total Time": 132.566,
                                "Actual Rows": 48868,
                                "Actual Loops": 2,
                                "Filter": "((kind_id > 2) AND (production_year = 2007))",
                                "Rows Removed by Filter": 1215288
                              }
                            ]
                          }
                        ]
                      }
                    ]
                  }
                ]
              }
            ]
          }
        ]
      }
    ]
  },
  "Planning Time": 1.081,
  "Triggers": [],
  "Execution Time": 4676.622
}