[
  {
    "Plan": {
      "Node Type": "Aggregate",
      "Strategy": "Plain",
      "Partial Mode": "Finalize",
      "Parallel Aware": false,
      "Startup Cost": 342453.25,
      "Total Cost": 342453.26,
      "Plan Rows": 1,
      "Plan Width": 8,
      "Actual Startup Time": 874.533,
      "Actual Total Time": 919.317,
      "Actual Rows": 1,
      "Actual Loops": 1,
      "Plans": [
        {
          "Node Type": "Gather",
          "Parent Relationship": "Outer",
          "Parallel Aware": false,
          "Startup Cost": 342452.63,
          "Total Cost": 342453.24,
          "Plan Rows": 6,
          "Plan Width": 8,
          "Actual Startup Time": 874.317,
          "Actual Total Time": 919.301,
          "Actual Rows": 7,
          "Actual Loops": 1,
          "Workers Planned": 6,
          "Workers Launched": 6,
          "Single Copy": false,
          "Plans": [
            {
              "Node Type": "Aggregate",
              "Strategy": "Plain",
              "Partial Mode": "Partial",
              "Parent Relationship": "Outer",
              "Parallel Aware": false,
              "Startup Cost": 341452.63,
              "Total Cost": 341452.64,
              "Plan Rows": 1,
              "Plan Width": 8,
              "Actual Startup Time": 865.378,
              "Actual Total Time": 865.379,
              "Actual Rows": 1,
              "Actual Loops": 7,
              "Plans": [
                {
                  "Node Type": "Seq Scan",
                  "Parent Relationship": "Outer",
                  "Parallel Aware": true,
                  "Relation Name": "cast_info",
                  "Alias": "ci",
                  "Startup Cost": 0.0,
                  "Total Cost": 328211.39,
                  "Plan Rows": 5296494,
                  "Plan Width": 0,
                  "Actual Startup Time": 68.35,
                  "Actual Total Time": 660.907,
                  "Actual Rows": 4514839,
                  "Actual Loops": 7,
                  "Filter": "(person_id > 449069)",
                  "Rows Removed by Filter": 662925
                }
              ]
            }
          ]
        }
      ]
    },
    "Planning Time": 0.167,
    "Triggers": [],
    "Execution Time": 919.381
  }
]