[
  {
    "Plan": {
      "Node Type": "Aggregate",
      "Strategy": "Plain",
      "Partial Mode": "Finalize",
      "Parallel Aware": false,
      "Startup Cost": 45919.65,
      "Total Cost": 45919.66,
      "Plan Rows": 1,
      "Plan Width": 8,
      "Actual Startup Time": 157.43,
      "Actual Total Time": 166.874,
      "Actual Rows": 1,
      "Actual Loops": 1,
      "Plans": [
        {
          "Node Type": "Gather",
          "Parent Relationship": "Outer",
          "Parallel Aware": false,
          "Startup Cost": 45919.34,
          "Total Cost": 45919.65,
          "Plan Rows": 3,
          "Plan Width": 8,
          "Actual Startup Time": 157.131,
          "Actual Total Time": 166.865,
          "Actual Rows": 4,
          "Actual Loops": 1,
          "Workers Planned": 3,
          "Workers Launched": 3,
          "Single Copy": false,
          "Plans": [
            {
              "Node Type": "Aggregate",
              "Strategy": "Plain",
              "Partial Mode": "Partial",
              "Parent Relationship": "Outer",
              "Parallel Aware": false,
              "Startup Cost": 44919.34,
              "Total Cost": 44919.35,
              "Plan Rows": 1,
              "Plan Width": 8,
              "Actual Startup Time": 148.929,
              "Actual Total Time": 148.93,
              "Actual Rows": 1,
              "Actual Loops": 4,
              "Plans": [
                {
                  "Node Type": "Seq Scan",
                  "Parent Relationship": "Outer",
                  "Parallel Aware": true,
                  "Relation Name": "movie_keyword",
                  "Alias": "mk",
                  "Startup Cost": 0.0,
                  "Total Cost": 42695.65,
                  "Plan Rows": 889473,
                  "Plan Width": 0,
                  "Actual Startup Time": 0.062,
                  "Actual Total Time": 118.144,
                  "Actual Rows": 688075,
                  "Actual Loops": 4,
                  "Filter": "(keyword_id < 7825)",
                  "Rows Removed by Filter": 442908
                }
              ]
            }
          ]
        }
      ]
    },
    "Planning Time": 0.178,
    "Triggers": [],
    "Execution Time": 166.927
  }
]