[
  {
    "Plan": {
      "Node Type": "Aggregate",
      "Strategy": "Plain",
      "Partial Mode": "Finalize",
      "Parallel Aware": false,
      "Startup Cost": 252199.32,
      "Total Cost": 252199.33,
      "Plan Rows": 1,
      "Plan Width": 8,
      "Actual Startup Time": 937.367,
      "Actual Total Time": 981.578,
      "Actual Rows": 1,
      "Actual Loops": 1,
      "Plans": [
        {
          "Node Type": "Gather",
          "Parent Relationship": "Outer",
          "Parallel Aware": false,
          "Startup Cost": 252198.8,
          "Total Cost": 252199.31,
          "Plan Rows": 5,
          "Plan Width": 8,
          "Actual Startup Time": 931.304,
          "Actual Total Time": 981.564,
          "Actual Rows": 6,
          "Actual Loops": 1,
          "Workers Planned": 5,
          "Workers Launched": 5,
          "Single Copy": false,
          "Plans": [
            {
              "Node Type": "Aggregate",
              "Strategy": "Plain",
              "Partial Mode": "Partial",
              "Parent Relationship": "Outer",
              "Parallel Aware": false,
              "Startup Cost": 251198.8,
              "Total Cost": 251198.81,
              "Plan Rows": 1,
              "Plan Width": 8,
              "Actual Startup Time": 923.399,
              "Actual Total Time": 923.403,
              "Actual Rows": 1,
              "Actual Loops": 6,
              "Plans": [
                {
                  "Node Type": "Hash Join",
                  "Parent Relationship": "Outer",
                  "Parallel Aware": true,
                  "Join Type": "Inner",
                  "Startup Cost": 45962.36,
                  "Total Cost": 249978.4,
                  "Plan Rows": 488161,
                  "Plan Width": 0,
                  "Actual Startup Time": 179.208,
                  "Actual Total Time": 880.342,
                  "Actual Rows": 859638,
                  "Actual Loops": 6,
                  "Inner Unique": true,
                  "Hash Cond": "(mi.movie_id = t.id)",
                  "Plans": [
                    {
                      "Node Type": "Seq Scan",
                      "Parent Relationship": "Outer",
                      "Parallel Aware": true,
                      "Relation Name": "movie_info",
                      "Alias": "mi",
                      "Startup Cost": 0.0,
                      "Total Cost": 199108.24,
                      "Plan Rows": 1869633,
                      "Plan Width": 4,
                      "Actual Startup Time": 19.094,
                      "Actual Total Time": 377.152,
                      "Actual Rows": 1570867,
                      "Actual Loops": 6,
                      "Filter": "(info_type_id > 5)",
                      "Rows Removed by Filter": 901753
                    },
                    {
                      "Node Type": "Hash",
                      "Parent Relationship": "Inner",
                      "Parallel Aware": true,
                      "Startup Cost": 43899.32,
                      "Total Cost": 43899.32,
                      "Plan Rows": 165043,
                      "Plan Width": 4,
                      "Actual Startup Time": 140.212,
                      "Actual Total Time": 140.213,
                      "Actual Rows": 110471,
                      "Actual Loops": 6,
                      "Hash Buckets": 1048576,
                      "Original Hash Buckets": 1048576,
                      "Hash Batches": 1,
                      "Original Hash Batches": 1,
                      "Peak Memory Usage": 34208,
                      "Plans": [
                        {
                          "Node Type": "Seq Scan",
                          "Parent Relationship": "Outer",
                          "Parallel Aware": true,
                          "Relation Name": "title",
                          "Alias": "t",
                          "Startup Cost": 0.0,
                          "Total Cost": 43899.32,
                          "Plan Rows": 165043,
                          "Plan Width": 4,
                          "Actual Startup Time": 44.176,
                          "Actual Total Time": 90.616,
                          "Actual Rows": 110471,
                          "Actual Loops": 6,
                          "Filter": "(kind_id = 1)",
                          "Rows Removed by Filter": 310914
                        }
                      ]
                    }
                  ]
                }
              ]
            }
          ]
        }
      ]
    },
    "Planning Time": 0.343,
    "Triggers": [],
    "Execution Time": 981.629
  }
]