{
  "Plan": {
    "Node Type": "Aggregate",
    "Strategy": "Plain",
    "Partial Mode": "Finalize",
    "Parallel Aware": false,
    "Startup Cost": 783048.74,
    "Total Cost": 783048.75,
    "Plan Rows": 1,
    "Plan Width": 96,
    "Actual Startup Time": 9968.184,
    "Actual Total Time": 10112.964,
    "Actual Rows": 1,
    "Actual Loops": 1,
    "Plans": [
      {
        "Node Type": "Gather",
        "Parent Relationship": "Outer",
        "Parallel Aware": false,
        "Startup Cost": 783048.63,
        "Total Cost": 783048.74,
        "Plan Rows": 1,
        "Plan Width": 96,
        "Actual Startup Time": 9955.721,
        "Actual Total Time": 10112.945,
        "Actual Rows": 2,
        "Actual Loops": 1,
        "Workers Planned": 1,
        "Workers Launched": 1,
        "Single Copy": false,
        "Plans": [
          {
            "Node Type": "Aggregate",
            "Strategy": "Plain",
            "Partial Mode": "Partial",
            "Parent Relationship": "Outer",
            "Parallel Aware": false,
            "Startup Cost": 782048.63,
            "Total Cost": 782048.64,
            "Plan Rows": 1,
            "Plan Width": 96,
            "Actual Startup Time": 9946.49,
            "Actual Total Time": 9946.505,
            "Actual Rows": 1,
            "Actual Loops": 2,
            "Plans": [
              {
                "Node Type": "Hash Join",
                "Parent Relationship": "Outer",
                "Parallel Aware": false,
                "Join Type": "Inner",
                "Startup Cost": 191058.01,
                "Total Cost": 782048.6,
                "Plan Rows": 4,
                "Plan Width": 66,
                "Actual Startup Time": 2968.701,
                "Actual Total Time": 9933.506,
                "Actual Rows": 71022,
                "Actual Loops": 2,
                "Inner Unique": true,
                "Hash Cond": "(mi_idx.info_type_id = it2.id)",
                "Plans": [
                  {
                    "Node Type": "Hash Join",
                    "Parent Relationship": "Outer",
                    "Parallel Aware": false,
                    "Join Type": "Inner",
                    "Startup Cost": 191055.59,
                    "Total Cost": 782044.84,
                    "Plan Rows": 491,
                    "Plan Width": 70,
                    "Actual Startup Time": 2968.224,
                    "Actual Total Time": 9908.005,
                    "Actual Rows": 213894,
                    "Actual Loops": 2,
                    "Inner Unique": true,
                    "Hash Cond": "(mi.info_type_id = it1.id)",
                    "Plans": [
                      {
                        "Node Type": "Hash Join",
                        "Parent Relationship": "Outer",
                        "Parallel Aware": true,
                        "Join Type": "Inner",
                        "Startup Cost": 191053.16,
                        "Total Cost": 781891.29,
                        "Plan Rows": 55489,
                        "Plan Width": 74,
                        "Actual Startup Time": 2378.577,
                        "Actual Total Time": 9871.066,
                        "Actual Rows": 226584,
                        "Actual Loops": 2,
                        "Inner Unique": true,
                        "Hash Cond": "(ci.person_id = n.id)",
                        "Plans": [
                          {
                            "Node Type": "Nested Loop",
                            "Parent Relationship": "Outer",
                            "Parallel Aware": false,
                            "Join Type": "Inner",
                            "Startup Cost": 97791.1,
                            "Total Cost": 687992.33,
                            "Plan Rows": 242630,
                            "Plan Width": 78,
                            "Actual Startup Time": 1883.576,
                            "Actual Total Time": 9167.163,
                            "Actual Rows": 1365720,
                            "Actual Loops": 2,
                            "Inner Unique": false,
                            "Plans": [
                              {
                                "Node Type": "Hash Join",
                                "Parent Relationship": "Outer",
                                "Parallel Aware": true,
                                "Join Type": "Inner",
                                "Startup Cost": 97790.54,
                                "Total Cost": 414266.78,
                                "Plan Rows": 135634,
                                "Plan Width": 86,
                                "Actual Startup Time": 1883.061,
                                "Actual Total Time": 2574.899,
                                "Actual Rows": 278799,
                                "Actual Loops": 2,
                                "Inner Unique": false,
                                "Hash Cond": "(mi.movie_id = t.id)",
                                "Plans": [
                                  {
                                    "Node Type": "Seq Scan",
                                    "Parent Relationship": "Outer",
                                    "Parallel Aware": true,
                                    "Relation Name": "movie_info",
                                    "Alias": "mi",
                                    "Startup Cost": 0.0,
                                    "Total Cost": 314746.6,
                                    "Plan Rows": 248479,
                                    "Plan Width": 51,
                                    "Actual Startup Time": 636.881,
                                    "Actual Total Time": 1178.229,
                                    "Actual Rows": 199414,
                                    "Actual Loops": 2,
                                    "Filter": "(info = ANY ('{Drama,Sci-Fi,War,Crime,Family,Action}'::text[]))",
                                    "Rows Removed by Filter": 7218446
                                  },
                                  {
                                    "Node Type": "Hash",
                                    "Parent Relationship": "Inner",
                                    "Parallel Aware": true,
                                    "Startup Cost": 87643.22,
                                    "Total Cost": 87643.22,
                                    "Plan Rows": 811785,
                                    "Plan Width": 35,
                                    "Actual Startup Time": 1240.077,
                                    "Actual Total Time": 1240.083,
                                    "Actual Rows": 690018,
                                    "Actual Loops": 2,
                                    "Hash Buckets": 2097152,
                                    "Original Hash Buckets": 2097152,
                                    "Hash Batches": 1,
                                    "Original Hash Batches": 1,
                                    "Peak Memory Usage": 115200,
                                    "Plans": [
                                      {
                                        "Node Type": "Hash Join",
                                        "Parent Relationship": "Outer",
                                        "Parallel Aware": true,
                                        "Join Type": "Inner",
                                        "Startup Cost": 69459.43,
                                        "Total Cost": 87643.22,
                                        "Plan Rows": 811785,
                                        "Plan Width": 35,
                                        "Actual Startup Time": 710.887,
                                        "Actual Total Time": 986.692,
                                        "Actual Rows": 690018,
                                        "Actual Loops": 2,
                                        "Inner Unique": true,
                                        "Hash Cond": "(mi_idx.movie_id = t.id)",
                                        "Plans": [
                                          {
                                            "Node Type": "Seq Scan",
                                            "Parent Relationship": "Outer",
                                            "Parallel Aware": true,
                                            "Relation Name": "movie_info_idx",
                                            "Alias": "mi_idx",
                                            "Startup Cost": 0.0,
                                            "Total Cost": 16052.85,
                                            "Plan Rows": 811785,
                                            "Plan Width": 14,
                                            "Actual Startup Time": 0.014,
                                            "Actual Total Time": 58.334,
                                            "Actual Rows": 690018,
                                            "Actual Loops": 2
                                          },
                                          {
                                            "Node Type": "Hash",
                                            "Parent Relationship": "Inner",
                                            "Parallel Aware": true,
                                            "Startup Cost": 50869.75,
                                            "Total Cost": 50869.75,
                                            "Plan Rows": 1487175,
                                            "Plan Width": 21,
                                            "Actual Startup Time": 695.609,
                                            "Actual Total Time": 695.61,
                                            "Actual Rows": 1264156,
                                            "Actual Loops": 2,
                                            "Hash Buckets": 4194304,
                                            "Original Hash Buckets": 4194304,
                                            "Hash Batches": 1,
                                            "Original Hash Batches": 1,
                                            "Peak Memory Usage": 174752,
                                            "Plans": [
                                              {
                                                "Node Type": "Seq Scan",
                                                "Parent Relationship": "Outer",
                                                "Parallel Aware": true,
                                                "Relation Name": "title",
                                                "Alias": "t",
                                                "Startup Cost": 0.0,
                                                "Total Cost": 50869.75,
                                                "Plan Rows": 1487175,
                                                "Plan Width": 21,
                                                "Actual Startup Time": 0.025,
                                                "Actual Total Time": 171.875,
                                                "Actual Rows": 1264156,
                                                "Actual Loops": 2
                                              }
                                            ]
                                          }
                                        ]
                                      }
                                    ]
                                  }
                                ]
                              },
                              {
                                "Node Type": "Index Scan",
                                "Parent Relationship": "Inner",
                                "Parallel Aware": false,
                                "Scan Direction": "Forward",
                                "Index Name": "movie_id_cast_info",
                                "Relation Name": "cast_info",
                                "Alias": "ci",
                                "Startup Cost": 0.56,
                                "Total Cost": 1.98,
                                "Plan Rows": 4,
                                "Plan Width": 8,
                                "Actual Startup Time": 0.01,
                                "Actual Total Time": 0.023,
                                "Actual Rows": 5,
                                "Actual Loops": 557598,
                                "Index Cond": "(movie_id = t.id)",
                                "Rows Removed by Index Recheck": 0,
                                "Filter": "(note = ANY ('{(voice),(producer),(writer),\"(executive producer)\",(uncredited)}'::text[]))",
                                "Rows Removed by Filter": 32
                              }
                            ]
                          },
                          {
                            "Node Type": "Hash",
                            "Parent Relationship": "Inner",
                            "Parallel Aware": true,
                            "Startup Cost": 86254.38,
                            "Total Cost": 86254.38,
                            "Plan Rows": 560615,
                            "Plan Width": 4,
                            "Actual Startup Time": 394.502,
                            "Actual Total Time": 394.503,
                            "Actual Rows": 480778,
                            "Actual Loops": 2,
                            "Hash Buckets": 1048576,
                            "Original Hash Buckets": 1048576,
                            "Hash Batches": 1,
                            "Original Hash Batches": 1,
                            "Peak Memory Usage": 45856,
                            "Plans": [
                              {
                                "Node Type": "Seq Scan",
                                "Parent Relationship": "Outer",
                                "Parallel Aware": true,
                                "Relation Name": "name",
                                "Alias": "n",
                                "Startup Cost": 0.0,
                                "Total Cost": 86254.38,
                                "Plan Rows": 560615,
                                "Plan Width": 4,
                                "Actual Startup Time": 106.293,
                                "Actual Total Time": 252.988,
                                "Actual Rows": 480778,
                                "Actual Loops": 2,
                                "Filter": "((gender)::text = 'f'::text)",
                                "Rows Removed by Filter": 1602968
                              }
                            ]
                          }
                        ]
                      },
                      {
                        "Node Type": "Hash",
                        "Parent Relationship": "Inner",
                        "Parallel Aware": false,
                        "Startup Cost": 2.41,
                        "Total Cost": 2.41,
                        "Plan Rows": 1,
                        "Plan Width": 4,
                        "Actual Startup Time": 0.048,
                        "Actual Total Time": 0.049,
                        "Actual Rows": 1,
                        "Actual Loops": 2,
                        "Hash Buckets": 1024,
                        "Original Hash Buckets": 1024,
                        "Hash Batches": 1,
                        "Original Hash Batches": 1,
                        "Peak Memory Usage": 9,
                        "Plans": [
                          {
                            "Node Type": "Seq Scan",
                            "Parent Relationship": "Outer",
                            "Parallel Aware": false,
                            "Relation Name": "info_type",
                            "Alias": "it1",
                            "Startup Cost": 0.0,
                            "Total Cost": 2.41,
                            "Plan Rows": 1,
                            "Plan Width": 4,
                            "Actual Startup Time": 0.016,
                            "Actual Total Time": 0.037,
                            "Actual Rows": 1,
                            "Actual Loops": 2,
                            "Filter": "((info)::text = 'genres'::text)",
                            "Rows Removed by Filter": 112
                          }
                        ]
                      }
                    ]
                  },
                  {
                    "Node Type": "Hash",
                    "Parent Relationship": "Inner",
                    "Parallel Aware": false,
                    "Startup Cost": 2.41,
                    "Total Cost": 2.41,
                    "Plan Rows": 1,
                    "Plan Width": 4,
                    "Actual Startup Time": 0.08,
                    "Actual Total Time": 0.082,
                    "Actual Rows": 1,
                    "Actual Loops": 2,
                    "Hash Buckets": 1024,
                    "Original Hash Buckets": 1024,
                    "Hash Batches": 1,
                    "Original Hash Batches": 1,
                    "Peak Memory Usage": 9,
                    "Plans": [
                      {
                        "Node Type": "Seq Scan",
                        "Parent Relationship": "Outer",
                        "Parallel Aware": false,
                        "Relation Name": "info_type",
                        "Alias": "it2",
                        "Startup Cost": 0.0,
                        "Total Cost": 2.41,
                        "Plan Rows": 1,
                        "Plan Width": 4,
                        "Actual Startup Time": 0.054,
                        "Actual Total Time": 0.06,
                        "Actual Rows": 1,
                        "Actual Loops": 2,
                        "Filter": "((info)::text = 'votes'::text)",
                        "Rows Removed by Filter": 112
                      }
                    ]
                  }
                ]
              }
            ]
          }
        ]
      }
    ]
  },
  "Planning Time": 2.214,
  "Triggers": [],
  "Execution Time": 10113.141
}