[
  {
    "Plan": {
      "Node Type": "Aggregate",
      "Strategy": "Plain",
      "Partial Mode": "Finalize",
      "Parallel Aware": false,
      "Startup Cost": 39990.39,
      "Total Cost": 39990.4,
      "Plan Rows": 1,
      "Plan Width": 8,
      "Actual Startup Time": 135.44,
      "Actual Total Time": 143.271,
      "Actual Rows": 1,
      "Actual Loops": 1,
      "Plans": [
        {
          "Node Type": "Gather",
          "Parent Relationship": "Outer",
          "Parallel Aware": false,
          "Startup Cost": 39990.08,
          "Total Cost": 39990.39,
          "Plan Rows": 3,
          "Plan Width": 8,
          "Actual Startup Time": 134.911,
          "Actual Total Time": 143.261,
          "Actual Rows": 4,
          "Actual Loops": 1,
          "Workers Planned": 3,
          "Workers Launched": 3,
          "Single Copy": false,
          "Plans": [
            {
              "Node Type": "Aggregate",
              "Strategy": "Plain",
              "Partial Mode": "Partial",
              "Parent Relationship": "Outer",
              "Parallel Aware": false,
              "Startup Cost": 38990.08,
              "Total Cost": 38990.09,
              "Plan Rows": 1,
              "Plan Width": 8,
              "Actual Startup Time": 127.693,
              "Actual Total Time": 127.695,
              "Actual Rows": 1,
              "Actual Loops": 4,
              "Plans": [
                {
                  "Node Type": "Bitmap Heap Scan",
                  "Parent Relationship": "Outer",
                  "Parallel Aware": true,
                  "Relation Name": "movie_keyword",
                  "Alias": "mk",
                  "Startup Cost": 11836.41,
                  "Total Cost": 38540.13,
                  "Plan Rows": 179978,
                  "Plan Width": 0,
                  "Actual Startup Time": 43.732,
                  "Actual Total Time": 119.707,
                  "Actual Rows": 139081,
                  "Actual Loops": 4,
                  "Recheck Cond": "(keyword_id > 33007)",
                  "Rows Removed by Index Recheck": 0,
                  "Exact Heap Blocks": 10077,
                  "Lossy Heap Blocks": 0,
                  "Plans": [
                    {
                      "Node Type": "Bitmap Index Scan",
                      "Parent Relationship": "Outer",
                      "Parallel Aware": false,
                      "Index Name": "keyword_id_movie_keyword",
                      "Startup Cost": 0.0,
                      "Total Cost": 11696.92,
                      "Plan Rows": 557932,
                      "Plan Width": 0,
                      "Actual Startup Time": 46.902,
                      "Actual Total Time": 46.902,
                      "Actual Rows": 556323,
                      "Actual Loops": 1,
                      "Index Cond": "(keyword_id > 33007)"
                    }
                  ]
                }
              ]
            }
          ]
        }
      ]
    },
    "Planning Time": 0.128,
    "Triggers": [],
    "Execution Time": 143.325
  }
]