{
    "Plan": {
        "Node Type": "Aggregate",
        "Strategy": "Plain",
        "Partial Mode": "Finalize",
        "Parallel Aware": false,
        "Startup Cost": 203450.32,
        "Total Cost": 203450.33,
        "Plan Rows": 1,
        "Plan Width": 8,
        "Actual Startup Time": 1030.901,
        "Actual Total Time": 1064.704,
        "Actual Rows": 1,
        "Actual Loops": 1,
        "Output": [
            "count(*)"
        ],
        "Plans": [
            {
                "Node Type": "Gather",
                "Parent Relationship": "Outer",
                "Parallel Aware": false,
                "Startup Cost": 203450.0,
                "Total Cost": 203450.31,
                "Plan Rows": 3,
                "Plan Width": 8,
                "Actual Startup Time": 1025.693,
                "Actual Total Time": 1064.695,
                "Actual Rows": 4,
                "Actual Loops": 1,
                "Output": [
                    "(PARTIAL count(*))"
                ],
                "Workers Planned": 3,
                "Workers Launched": 3,
                "Single Copy": false,
                "Plans": [
                    {
                        "Node Type": "Aggregate",
                        "Strategy": "Plain",
                        "Partial Mode": "Partial",
                        "Parent Relationship": "Outer",
                        "Parallel Aware": false,
                        "Startup Cost": 202450.0,
                        "Total Cost": 202450.01,
                        "Plan Rows": 1,
                        "Plan Width": 8,
                        "Actual Startup Time": 1015.452,
                        "Actual Total Time": 1015.456,
                        "Actual Rows": 1,
                        "Actual Loops": 4,
                        "Output": [
                            "PARTIAL count(*)"
                        ],
                        "Workers": [
                            {
                                "Worker Number": 0,
                                "Actual Startup Time": 1011.995,
                                "Actual Total Time": 1011.999,
                                "Actual Rows": 1,
                                "Actual Loops": 1
                            },
                            {
                                "Worker Number": 1,
                                "Actual Startup Time": 1012.432,
                                "Actual Total Time": 1012.436,
                                "Actual Rows": 1,
                                "Actual Loops": 1
                            },
                            {
                                "Worker Number": 2,
                                "Actual Startup Time": 1012.79,
                                "Actual Total Time": 1012.793,
                                "Actual Rows": 1,
                                "Actual Loops": 1
                            }
                        ],
                        "Plans": [
                            {
                                "Node Type": "Hash Join",
                                "Parent Relationship": "Outer",
                                "Parallel Aware": true,
                                "Join Type": "Inner",
                                "Startup Cost": 157943.89,
                                "Total Cost": 201794.47,
                                "Plan Rows": 262213,
                                "Plan Width": 0,
                                "Actual Startup Time": 686.319,
                                "Actual Total Time": 1009.956,
                                "Actual Rows": 72760,
                                "Actual Loops": 4,
                                "Inner Unique": true,
                                "Hash Cond": "(mk.movie_id = t.id)",
                                "Workers": [
                                    {
                                        "Worker Number": 0,
                                        "Actual Startup Time": 683.066,
                                        "Actual Total Time": 1006.379,
                                        "Actual Rows": 73570,
                                        "Actual Loops": 1
                                    },
                                    {
                                        "Worker Number": 1,
                                        "Actual Startup Time": 683.103,
                                        "Actual Total Time": 1007.23,
                                        "Actual Rows": 78838,
                                        "Actual Loops": 1
                                    },
                                    {
                                        "Worker Number": 2,
                                        "Actual Startup Time": 683.796,
                                        "Actual Total Time": 1007.402,
                                        "Actual Rows": 69929,
                                        "Actual Loops": 1
                                    }
                                ],
                                "Plans": [
                                    {
                                        "Node Type": "Bitmap Heap Scan",
                                        "Parent Relationship": "Outer",
                                        "Parallel Aware": true,
                                        "Relation Name": "movie_keyword",
                                        "Schema": "public",
                                        "Alias": "mk",
                                        "Startup Cost": 84322.51,
                                        "Total Cost": 124806.73,
                                        "Plan Rows": 1282417,
                                        "Plan Width": 4,
                                        "Actual Startup Time": 329.168,
                                        "Actual Total Time": 502.699,
                                        "Actual Rows": 995206,
                                        "Actual Loops": 4,
                                        "Output": [
                                            "mk.id",
                                            "mk.movie_id",
                                            "mk.keyword_id"
                                        ],
                                        "Recheck Cond": "(mk.keyword_id < 33824)",
                                        "Rows Removed by Index Recheck": 0,
                                        "Exact Heap Blocks": 5989,
                                        "Lossy Heap Blocks": 0,
                                        "Workers": [
                                            {
                                                "Worker Number": 0,
                                                "Actual Startup Time": 329.264,
                                                "Actual Total Time": 503.476,
                                                "Actual Rows": 993589,
                                                "Actual Loops": 1
                                            },
                                            {
                                                "Worker Number": 1,
                                                "Actual Startup Time": 328.902,
                                                "Actual Total Time": 500.892,
                                                "Actual Rows": 1026035,
                                                "Actual Loops": 1
                                            },
                                            {
                                                "Worker Number": 2,
                                                "Actual Startup Time": 329.195,
                                                "Actual Total Time": 504.439,
                                                "Actual Rows": 988200,
                                                "Actual Loops": 1
                                            }
                                        ],
                                        "Plans": [
                                            {
                                                "Node Type": "Bitmap Index Scan",
                                                "Parent Relationship": "Outer",
                                                "Parallel Aware": false,
                                                "Index Name": "keyword_id_movie_keyword",
                                                "Startup Cost": 0.0,
                                                "Total Cost": 83328.64,
                                                "Plan Rows": 3975494,
                                                "Plan Width": 0,
                                                "Actual Startup Time": 323.25,
                                                "Actual Total Time": 323.251,
                                                "Actual Rows": 3980823,
                                                "Actual Loops": 1,
                                                "Index Cond": "(mk.keyword_id < 33824)",
                                                "Workers": [
                                                    {
                                                        "Worker Number": 1,
                                                        "Actual Startup Time": 323.25,
                                                        "Actual Total Time": 323.251,
                                                        "Actual Rows": 3980823,
                                                        "Actual Loops": 1
                                                    }
                                                ]
                                            }
                                        ]
                                    },
                                    {
                                        "Node Type": "Hash",
                                        "Parent Relationship": "Inner",
                                        "Parallel Aware": true,
                                        "Startup Cost": 72005.88,
                                        "Total Cost": 72005.88,
                                        "Plan Rows": 129240,
                                        "Plan Width": 4,
                                        "Actual Startup Time": 354.266,
                                        "Actual Total Time": 354.267,
                                        "Actual Rows": 139485,
                                        "Actual Loops": 4,
                                        "Output": [
                                            "t.id"
                                        ],
                                        "Hash Buckets": 1048576,
                                        "Original Hash Buckets": 524288,
                                        "Hash Batches": 1,
                                        "Original Hash Batches": 1,
                                        "Peak Memory Usage": 34176,
                                        "Workers": [
                                            {
                                                "Worker Number": 0,
                                                "Actual Startup Time": 353.376,
                                                "Actual Total Time": 353.378,
                                                "Actual Rows": 137223,
                                                "Actual Loops": 1
                                            },
                                            {
                                                "Worker Number": 1,
                                                "Actual Startup Time": 353.82,
                                                "Actual Total Time": 353.821,
                                                "Actual Rows": 132174,
                                                "Actual Loops": 1
                                            },
                                            {
                                                "Worker Number": 2,
                                                "Actual Startup Time": 354.17,
                                                "Actual Total Time": 354.171,
                                                "Actual Rows": 136214,
                                                "Actual Loops": 1
                                            }
                                        ],
                                        "Plans": [
                                            {
                                                "Node Type": "Bitmap Heap Scan",
                                                "Parent Relationship": "Outer",
                                                "Parallel Aware": true,
                                                "Relation Name": "title",
                                                "Schema": "public",
                                                "Alias": "t",
                                                "Startup Cost": 29771.15,
                                                "Total Cost": 72005.88,
                                                "Plan Rows": 129240,
                                                "Plan Width": 4,
                                                "Actual Startup Time": 105.955,
                                                "Actual Total Time": 274.783,
                                                "Actual Rows": 139485,
                                                "Actual Loops": 4,
                                                "Output": [
                                                    "t.id"
                                                ],
                                                "Recheck Cond": "(t.kind_id > 3)",
                                                "Rows Removed by Index Recheck": 0,
                                                "Filter": "(t.production_year > 2007)",
                                                "Rows Removed by Filter": 279039,
                                                "Exact Heap Blocks": 9508,
                                                "Lossy Heap Blocks": 0,
                                                "Workers": [
                                                    {
                                                        "Worker Number": 0,
                                                        "Actual Startup Time": 105.138,
                                                        "Actual Total Time": 274.334,
                                                        "Actual Rows": 137223,
                                                        "Actual Loops": 1
                                                    },
                                                    {
                                                        "Worker Number": 1,
                                                        "Actual Startup Time": 105.666,
                                                        "Actual Total Time": 274.646,
                                                        "Actual Rows": 132174,
                                                        "Actual Loops": 1
                                                    },
                                                    {
                                                        "Worker Number": 2,
                                                        "Actual Startup Time": 105.863,
                                                        "Actual Total Time": 273.924,
                                                        "Actual Rows": 136214,
                                                        "Actual Loops": 1
                                                    }
                                                ],
                                                "Plans": [
                                                    {
                                                        "Node Type": "Bitmap Index Scan",
                                                        "Parent Relationship": "Outer",
                                                        "Parallel Aware": false,
                                                        "Index Name": "kind_id_title",
                                                        "Startup Cost": 0.0,
                                                        "Total Cost": 29641.9,
                                                        "Plan Rows": 1663130,
                                                        "Plan Width": 0,
                                                        "Actual Startup Time": 97.93,
                                                        "Actual Total Time": 97.93,
                                                        "Actual Rows": 1674098,
                                                        "Actual Loops": 1,
                                                        "Index Cond": "(t.kind_id > 3)"
                                                    }
                                                ]
                                            }
                                        ]
                                    }
                                ]
                            }
                        ]
                    }
                ]
            }
        ]
    },
    "Planning Time": 2.955,
    "Triggers": [],
    "Execution Time": 1065.168
}