{
  "Plan": {
    "Node Type": "Aggregate",
    "Strategy": "Plain",
    "Partial Mode": "Finalize",
    "Parallel Aware": false,
    "Startup Cost": 36623.91,
    "Total Cost": 36623.92,
    "Plan Rows": 1,
    "Plan Width": 8,
    "Actual Startup Time": 41.463,
    "Actual Total Time": 47.504,
    "Actual Rows": 1,
    "Actual Loops": 1,
    "Plans": [
      {
        "Node Type": "Gather",
        "Parent Relationship": "Outer",
        "Parallel Aware": false,
        "Startup Cost": 36623.79,
        "Total Cost": 36623.9,
        "Plan Rows": 1,
        "Plan Width": 8,
        "Actual Startup Time": 41.249,
        "Actual Total Time": 47.496,
        "Actual Rows": 2,
        "Actual Loops": 1,
        "Workers Planned": 1,
        "Workers Launched": 1,
        "Single Copy": false,
        "Plans": [
          {
            "Node Type": "Aggregate",
            "Strategy": "Plain",
            "Partial Mode": "Partial",
            "Parent Relationship": "Outer",
            "Parallel Aware": false,
            "Startup Cost": 35623.79,
            "Total Cost": 35623.8,
            "Plan Rows": 1,
            "Plan Width": 8,
            "Actual Startup Time": 35.085,
            "Actual Total Time": 35.087,
            "Actual Rows": 1,
            "Actual Loops": 2,
            "Plans": [
              {
                "Node Type": "Nested Loop",
                "Parent Relationship": "Outer",
                "Parallel Aware": false,
                "Join Type": "Inner",
                "Startup Cost": 107.86,
                "Total Cost": 35616.24,
                "Plan Rows": 3021,
                "Plan Width": 0,
                "Actual Startup Time": 1.92,
                "Actual Total Time": 34.442,
                "Actual Rows": 5101,
                "Actual Loops": 2,
                "Inner Unique": false,
                "Plans": [
                  {
                    "Node Type": "Nested Loop",
                    "Parent Relationship": "Outer",
                    "Parallel Aware": false,
                    "Join Type": "Inner",
                    "Startup Cost": 107.43,
                    "Total Cost": 33824.07,
                    "Plan Rows": 2927,
                    "Plan Width": 8,
                    "Actual Startup Time": 1.732,
                    "Actual Total Time": 19.746,
                    "Actual Rows": 1756,
                    "Actual Loops": 2,
                    "Inner Unique": true,
                    "Plans": [
                      {
                        "Node Type": "Bitmap Heap Scan",
                        "Parent Relationship": "Outer",
                        "Parallel Aware": true,
                        "Relation Name": "movie_keyword",
                        "Alias": "mk",
                        "Startup Cost": 107.0,
                        "Total Cost": 12387.58,
                        "Plan Rows": 2927,
                        "Plan Width": 4,
                        "Actual Startup Time": 1.575,
                        "Actual Total Time": 4.38,
                        "Actual Rows": 1756,
                        "Actual Loops": 2,
                        "Recheck Cond": "(keyword_id = 365)",
                        "Rows Removed by Index Recheck": 0,
                        "Exact Heap Blocks": 1040,
                        "Lossy Heap Blocks": 0,
                        "Plans": [
                          {
                            "Node Type": "Bitmap Index Scan",
                            "Parent Relationship": "Outer",
                            "Parallel Aware": false,
                            "Index Name": "keyword_id_movie_keyword",
                            "Startup Cost": 0.0,
                            "Total Cost": 105.75,
                            "Plan Rows": 4976,
                            "Plan Width": 0,
                            "Actual Startup Time": 2.417,
                            "Actual Total Time": 2.417,
                            "Actual Rows": 3511,
                            "Actual Loops": 1,
                            "Index Cond": "(keyword_id = 365)"
                          }
                        ]
                      },
                      {
                        "Node Type": "Index Only Scan",
                        "Parent Relationship": "Inner",
                        "Parallel Aware": false,
                        "Scan Direction": "Forward",
                        "Index Name": "title_pkey",
                        "Relation Name": "title",
                        "Alias": "t",
                        "Startup Cost": 0.43,
                        "Total Cost": 7.32,
                        "Plan Rows": 1,
                        "Plan Width": 4,
                        "Actual Startup Time": 0.008,
                        "Actual Total Time": 0.008,
                        "Actual Rows": 1,
                        "Actual Loops": 3511,
                        "Index Cond": "(id = mk.movie_id)",
                        "Rows Removed by Index Recheck": 0,
                        "Heap Fetches": 3511
                      }
                    ]
                  },
                  {
                    "Node Type": "Index Only Scan",
                    "Parent Relationship": "Inner",
                    "Parallel Aware": false,
                    "Scan Direction": "Forward",
                    "Index Name": "movie_id_movie_companies",
                    "Relation Name": "movie_companies",
                    "Alias": "mc",
                    "Startup Cost": 0.43,
                    "Total Cost": 0.56,
                    "Plan Rows": 5,
                    "Plan Width": 4,
                    "Actual Startup Time": 0.006,
                    "Actual Total Time": 0.007,
                    "Actual Rows": 3,
                    "Actual Loops": 3511,
                    "Index Cond": "(movie_id = t.id)",
                    "Rows Removed by Index Recheck": 0,
                    "Heap Fetches": 10202
                  }
                ]
              }
            ]
          }
        ]
      }
    ]
  },
  "Planning Time": 1.09,
  "Triggers": [],
  "Execution Time": 47.596
}