[
  {
    "Plan": {
      "Node Type": "Aggregate",
      "Strategy": "Plain",
      "Partial Mode": "Finalize",
      "Parallel Aware": false,
      "Startup Cost": 235660.75,
      "Total Cost": 235660.76,
      "Plan Rows": 1,
      "Plan Width": 8,
      "Actual Startup Time": 223.567,
      "Actual Total Time": 237.699,
      "Actual Rows": 1,
      "Actual Loops": 1,
      "Plans": [
        {
          "Node Type": "Gather",
          "Parent Relationship": "Outer",
          "Parallel Aware": false,
          "Startup Cost": 235660.23,
          "Total Cost": 235660.74,
          "Plan Rows": 5,
          "Plan Width": 8,
          "Actual Startup Time": 222.928,
          "Actual Total Time": 237.68,
          "Actual Rows": 6,
          "Actual Loops": 1,
          "Workers Planned": 5,
          "Workers Launched": 5,
          "Single Copy": false,
          "Plans": [
            {
              "Node Type": "Aggregate",
              "Strategy": "Plain",
              "Partial Mode": "Partial",
              "Parent Relationship": "Outer",
              "Parallel Aware": false,
              "Startup Cost": 234660.23,
              "Total Cost": 234660.24,
              "Plan Rows": 1,
              "Plan Width": 8,
              "Actual Startup Time": 212.2,
              "Actual Total Time": 212.204,
              "Actual Rows": 1,
              "Actual Loops": 6,
              "Plans": [
                {
                  "Node Type": "Hash Join",
                  "Parent Relationship": "Outer",
                  "Parallel Aware": true,
                  "Join Type": "Inner",
                  "Startup Cost": 68788.26,
                  "Total Cost": 234648.1,
                  "Plan Rows": 4852,
                  "Plan Width": 0,
                  "Actual Startup Time": 137.116,
                  "Actual Total Time": 211.652,
                  "Actual Rows": 6732,
                  "Actual Loops": 6,
                  "Inner Unique": true,
                  "Hash Cond": "(mi.movie_id = t.id)",
                  "Plans": [
                    {
                      "Node Type": "Bitmap Heap Scan",
                      "Parent Relationship": "Outer",
                      "Parallel Aware": true,
                      "Relation Name": "movie_info",
                      "Alias": "mi",
                      "Startup Cost": 23159.21,
                      "Total Cost": 188347.95,
                      "Plan Rows": 255659,
                      "Plan Width": 4,
                      "Actual Startup Time": 47.1,
                      "Actual Total Time": 86.822,
                      "Actual Rows": 216498,
                      "Actual Loops": 6,
                      "Recheck Cond": "(info_type_id = 4)",
                      "Rows Removed by Index Recheck": 0,
                      "Exact Heap Blocks": 2470,
                      "Lossy Heap Blocks": 0,
                      "Plans": [
                        {
                          "Node Type": "Bitmap Index Scan",
                          "Parent Relationship": "Outer",
                          "Parallel Aware": false,
                          "Index Name": "info_type_id_movie_info",
                          "Startup Cost": 0.0,
                          "Total Cost": 22839.64,
                          "Plan Rows": 1278294,
                          "Plan Width": 0,
                          "Actual Startup Time": 45.583,
                          "Actual Total Time": 45.584,
                          "Actual Rows": 1298989,
                          "Actual Loops": 1,
                          "Index Cond": "(info_type_id = 4)"
                        }
                      ]
                    },
                    {
                      "Node Type": "Hash",
                      "Parent Relationship": "Inner",
                      "Parallel Aware": true,
                      "Startup Cost": 45479.1,
                      "Total Cost": 45479.1,
                      "Plan Rows": 11996,
                      "Plan Width": 4,
                      "Actual Startup Time": 87.759,
                      "Actual Total Time": 87.76,
                      "Actual Rows": 6459,
                      "Actual Loops": 6,
                      "Hash Buckets": 65536,
                      "Original Hash Buckets": 65536,
                      "Hash Batches": 1,
                      "Original Hash Batches": 1,
                      "Peak Memory Usage": 2144,
                      "Plans": [
                        {
                          "Node Type": "Seq Scan",
                          "Parent Relationship": "Outer",
                          "Parallel Aware": true,
                          "Relation Name": "title",
                          "Alias": "t",
                          "Startup Cost": 0.0,
                          "Total Cost": 45479.1,
                          "Plan Rows": 11996,
                          "Plan Width": 4,
                          "Actual Startup Time": 0.331,
                          "Actual Total Time": 84.458,
                          "Actual Rows": 6459,
                          "Actual Loops": 6,
                          "Filter": "((kind_id < 7) AND (production_year = 2008))",
                          "Rows Removed by Filter": 414927
                        }
                      ]
                    }
                  ]
                }
              ]
            }
          ]
        }
      ]
    },
    "Planning Time": 0.66,
    "Triggers": [],
    "Execution Time": 237.795
  }
]