[
  {
    "Plan": {
      "Node Type": "Aggregate",
      "Strategy": "Plain",
      "Partial Mode": "Finalize",
      "Parallel Aware": false,
      "Startup Cost": 44481.15,
      "Total Cost": 44481.16,
      "Plan Rows": 1,
      "Plan Width": 8,
      "Actual Startup Time": 111.049,
      "Actual Total Time": 119.579,
      "Actual Rows": 1,
      "Actual Loops": 1,
      "Plans": [
        {
          "Node Type": "Gather",
          "Parent Relationship": "Outer",
          "Parallel Aware": false,
          "Startup Cost": 44480.83,
          "Total Cost": 44481.14,
          "Plan Rows": 3,
          "Plan Width": 8,
          "Actual Startup Time": 110.882,
          "Actual Total Time": 119.573,
          "Actual Rows": 4,
          "Actual Loops": 1,
          "Workers Planned": 3,
          "Workers Launched": 3,
          "Single Copy": false,
          "Plans": [
            {
              "Node Type": "Aggregate",
              "Strategy": "Plain",
              "Partial Mode": "Partial",
              "Parent Relationship": "Outer",
              "Parallel Aware": false,
              "Startup Cost": 43480.83,
              "Total Cost": 43480.84,
              "Plan Rows": 1,
              "Plan Width": 8,
              "Actual Startup Time": 107.25,
              "Actual Total Time": 107.251,
              "Actual Rows": 1,
              "Actual Loops": 4,
              "Plans": [
                {
                  "Node Type": "Seq Scan",
                  "Parent Relationship": "Outer",
                  "Parallel Aware": true,
                  "Relation Name": "movie_keyword",
                  "Alias": "mk",
                  "Startup Cost": 0.0,
                  "Total Cost": 42695.65,
                  "Plan Rows": 314071,
                  "Plan Width": 0,
                  "Actual Startup Time": 1.065,
                  "Actual Total Time": 95.69,
                  "Actual Rows": 242710,
                  "Actual Loops": 4,
                  "Filter": "(keyword_id > 19476)",
                  "Rows Removed by Filter": 888272
                }
              ]
            }
          ]
        }
      ]
    },
    "Planning Time": 0.075,
    "Triggers": [],
    "Execution Time": 119.604
  }
]