[
  {
    "Plan": {
      "Node Type": "Aggregate",
      "Strategy": "Plain",
      "Partial Mode": "Finalize",
      "Parallel Aware": false,
      "Startup Cost": 336563.08,
      "Total Cost": 336563.09,
      "Plan Rows": 1,
      "Plan Width": 8,
      "Actual Startup Time": 624.194,
      "Actual Total Time": 636.398,
      "Actual Rows": 1,
      "Actual Loops": 1,
      "Plans": [
        {
          "Node Type": "Gather",
          "Parent Relationship": "Outer",
          "Parallel Aware": false,
          "Startup Cost": 336562.45,
          "Total Cost": 336563.06,
          "Plan Rows": 6,
          "Plan Width": 8,
          "Actual Startup Time": 623.704,
          "Actual Total Time": 636.381,
          "Actual Rows": 7,
          "Actual Loops": 1,
          "Workers Planned": 6,
          "Workers Launched": 6,
          "Single Copy": false,
          "Plans": [
            {
              "Node Type": "Aggregate",
              "Strategy": "Plain",
              "Partial Mode": "Partial",
              "Parent Relationship": "Outer",
              "Parallel Aware": false,
              "Startup Cost": 335562.45,
              "Total Cost": 335562.46,
              "Plan Rows": 1,
              "Plan Width": 8,
              "Actual Startup Time": 614.308,
              "Actual Total Time": 614.31,
              "Actual Rows": 1,
              "Actual Loops": 7,
              "Plans": [
                {
                  "Node Type": "Bitmap Heap Scan",
                  "Parent Relationship": "Outer",
                  "Parallel Aware": true,
                  "Relation Name": "cast_info",
                  "Alias": "ci",
                  "Startup Cost": 73947.17,
                  "Total Cost": 335069.85,
                  "Plan Rows": 197039,
                  "Plan Width": 0,
                  "Actual Startup Time": 460.567,
                  "Actual Total Time": 593.725,
                  "Actual Rows": 359506,
                  "Actual Loops": 7,
                  "Recheck Cond": "(person_id < 335647)",
                  "Rows Removed by Index Recheck": 0,
                  "Filter": "(role_id = 1)",
                  "Rows Removed by Filter": 140733,
                  "Exact Heap Blocks": 8823,
                  "Lossy Heap Blocks": 0,
                  "Plans": [
                    {
                      "Node Type": "Bitmap Index Scan",
                      "Parent Relationship": "Outer",
                      "Parallel Aware": false,
                      "Index Name": "person_id_cast_info",
                      "Startup Cost": 0.0,
                      "Total Cost": 73651.61,
                      "Plan Rows": 3374273,
                      "Plan Width": 0,
                      "Actual Startup Time": 458.709,
                      "Actual Total Time": 458.71,
                      "Actual Rows": 3501677,
                      "Actual Loops": 1,
                      "Index Cond": "(person_id < 335647)"
                    }
                  ]
                }
              ]
            }
          ]
        }
      ]
    },
    "Planning Time": 0.087,
    "Triggers": [],
    "Execution Time": 636.432
  }
]