[
  {
    "Plan": {
      "Node Type": "Aggregate",
      "Strategy": "Plain",
      "Partial Mode": "Finalize",
      "Parallel Aware": false,
      "Startup Cost": 46340.32,
      "Total Cost": 46340.33,
      "Plan Rows": 1,
      "Plan Width": 8,
      "Actual Startup Time": 171.391,
      "Actual Total Time": 182.067,
      "Actual Rows": 1,
      "Actual Loops": 1,
      "Plans": [
        {
          "Node Type": "Gather",
          "Parent Relationship": "Outer",
          "Parallel Aware": false,
          "Startup Cost": 46340.0,
          "Total Cost": 46340.31,
          "Plan Rows": 3,
          "Plan Width": 8,
          "Actual Startup Time": 171.254,
          "Actual Total Time": 182.059,
          "Actual Rows": 4,
          "Actual Loops": 1,
          "Workers Planned": 3,
          "Workers Launched": 3,
          "Single Copy": false,
          "Plans": [
            {
              "Node Type": "Aggregate",
              "Strategy": "Plain",
              "Partial Mode": "Partial",
              "Parent Relationship": "Outer",
              "Parallel Aware": false,
              "Startup Cost": 45340.0,
              "Total Cost": 45340.01,
              "Plan Rows": 1,
              "Plan Width": 8,
              "Actual Startup Time": 165.712,
              "Actual Total Time": 165.713,
              "Actual Rows": 1,
              "Actual Loops": 4,
              "Plans": [
                {
                  "Node Type": "Seq Scan",
                  "Parent Relationship": "Outer",
                  "Parallel Aware": true,
                  "Relation Name": "movie_keyword",
                  "Alias": "mk",
                  "Startup Cost": 0.0,
                  "Total Cost": 42695.65,
                  "Plan Rows": 1057739,
                  "Plan Width": 0,
                  "Actual Startup Time": 0.035,
                  "Actual Total Time": 126.974,
                  "Actual Rows": 818833,
                  "Actual Loops": 4,
                  "Filter": "(keyword_id < 14460)",
                  "Rows Removed by Filter": 312149
                }
              ]
            }
          ]
        }
      ]
    },
    "Planning Time": 0.161,
    "Triggers": [],
    "Execution Time": 182.115
  }
]