[
  {
    "Plan": {
      "Node Type": "Aggregate",
      "Strategy": "Plain",
      "Partial Mode": "Finalize",
      "Parallel Aware": false,
      "Startup Cost": 46344.06,
      "Total Cost": 46344.07,
      "Plan Rows": 1,
      "Plan Width": 8,
      "Actual Startup Time": 159.639,
      "Actual Total Time": 169.313,
      "Actual Rows": 1,
      "Actual Loops": 1,
      "Plans": [
        {
          "Node Type": "Gather",
          "Parent Relationship": "Outer",
          "Parallel Aware": false,
          "Startup Cost": 46343.74,
          "Total Cost": 46344.05,
          "Plan Rows": 3,
          "Plan Width": 8,
          "Actual Startup Time": 159.498,
          "Actual Total Time": 169.304,
          "Actual Rows": 4,
          "Actual Loops": 1,
          "Workers Planned": 3,
          "Workers Launched": 3,
          "Single Copy": false,
          "Plans": [
            {
              "Node Type": "Aggregate",
              "Strategy": "Plain",
              "Partial Mode": "Partial",
              "Parent Relationship": "Outer",
              "Parallel Aware": false,
              "Startup Cost": 45343.74,
              "Total Cost": 45343.75,
              "Plan Rows": 1,
              "Plan Width": 8,
              "Actual Startup Time": 154.072,
              "Actual Total Time": 154.073,
              "Actual Rows": 1,
              "Actual Loops": 4,
              "Plans": [
                {
                  "Node Type": "Seq Scan",
                  "Parent Relationship": "Outer",
                  "Parallel Aware": true,
                  "Relation Name": "movie_keyword",
                  "Alias": "mk",
                  "Startup Cost": 0.0,
                  "Total Cost": 42695.65,
                  "Plan Rows": 1059235,
                  "Plan Width": 0,
                  "Actual Startup Time": 0.06,
                  "Actual Total Time": 118.294,
                  "Actual Rows": 818833,
                  "Actual Loops": 4,
                  "Filter": "(keyword_id < 14460)",
                  "Rows Removed by Filter": 312149
                }
              ]
            }
          ]
        }
      ]
    },
    "Planning Time": 0.181,
    "Triggers": [],
    "Execution Time": 169.367
  }
]