[
  {
    "Plan": {
      "Node Type": "Aggregate",
      "Strategy": "Plain",
      "Partial Mode": "Finalize",
      "Parallel Aware": false,
      "Startup Cost": 347680.07,
      "Total Cost": 347680.08,
      "Plan Rows": 1,
      "Plan Width": 8,
      "Actual Startup Time": 731.086,
      "Actual Total Time": 791.783,
      "Actual Rows": 1,
      "Actual Loops": 1,
      "Plans": [
        {
          "Node Type": "Gather",
          "Parent Relationship": "Outer",
          "Parallel Aware": false,
          "Startup Cost": 347679.45,
          "Total Cost": 347680.05,
          "Plan Rows": 6,
          "Plan Width": 8,
          "Actual Startup Time": 730.79,
          "Actual Total Time": 791.767,
          "Actual Rows": 7,
          "Actual Loops": 1,
          "Workers Planned": 6,
          "Workers Launched": 6,
          "Single Copy": false,
          "Plans": [
            {
              "Node Type": "Aggregate",
              "Strategy": "Plain",
              "Partial Mode": "Partial",
              "Parent Relationship": "Outer",
              "Parallel Aware": false,
              "Startup Cost": 346679.45,
              "Total Cost": 346679.46,
              "Plan Rows": 1,
              "Plan Width": 8,
              "Actual Startup Time": 721.15,
              "Actual Total Time": 721.152,
              "Actual Rows": 1,
              "Actual Loops": 7,
              "Plans": [
                {
                  "Node Type": "Seq Scan",
                  "Parent Relationship": "Outer",
                  "Parallel Aware": true,
                  "Relation Name": "cast_info",
                  "Alias": "ci",
                  "Startup Cost": 0.0,
                  "Total Cost": 343316.27,
                  "Plan Rows": 1345270,
                  "Plan Width": 0,
                  "Actual Startup Time": 256.931,
                  "Actual Total Time": 693.496,
                  "Actual Rows": 496428,
                  "Actual Loops": 7,
                  "Filter": "((person_id < 1236868) AND (role_id > 1))",
                  "Rows Removed by Filter": 4681336
                }
              ]
            }
          ]
        }
      ]
    },
    "Planning Time": 0.092,
    "Triggers": [],
    "Execution Time": 791.825
  }
]