{
  "Plan": {
    "Node Type": "Aggregate",
    "Strategy": "Plain",
    "Partial Mode": "Finalize",
    "Parallel Aware": false,
    "Startup Cost": 121252.82,
    "Total Cost": 121252.83,
    "Plan Rows": 1,
    "Plan Width": 8,
    "Actual Startup Time": 916.863,
    "Actual Total Time": 946.654,
    "Actual Rows": 1,
    "Actual Loops": 1,
    "Plans": [
      {
        "Node Type": "Gather",
        "Parent Relationship": "Outer",
        "Parallel Aware": false,
        "Startup Cost": 121252.71,
        "Total Cost": 121252.82,
        "Plan Rows": 1,
        "Plan Width": 8,
        "Actual Startup Time": 909.649,
        "Actual Total Time": 946.644,
        "Actual Rows": 2,
        "Actual Loops": 1,
        "Workers Planned": 1,
        "Workers Launched": 1,
        "Single Copy": false,
        "Plans": [
          {
            "Node Type": "Aggregate",
            "Strategy": "Plain",
            "Partial Mode": "Partial",
            "Parent Relationship": "Outer",
            "Parallel Aware": false,
            "Startup Cost": 120252.71,
            "Total Cost": 120252.72,
            "Plan Rows": 1,
            "Plan Width": 8,
            "Actual Startup Time": 897.516,
            "Actual Total Time": 897.52,
            "Actual Rows": 1,
            "Actual Loops": 2,
            "Plans": [
              {
                "Node Type": "Hash Join",
                "Parent Relationship": "Outer",
                "Parallel Aware": true,
                "Join Type": "Inner",
                "Startup Cost": 87152.4,
                "Total Cost": 119026.28,
                "Plan Rows": 490571,
                "Plan Width": 0,
                "Actual Startup Time": 672.864,
                "Actual Total Time": 875.233,
                "Actual Rows": 408922,
                "Actual Loops": 2,
                "Inner Unique": true,
                "Hash Cond": "(mk.movie_id = t.id)",
                "Plans": [
                  {
                    "Node Type": "Bitmap Heap Scan",
                    "Parent Relationship": "Outer",
                    "Parallel Aware": true,
                    "Relation Name": "movie_keyword",
                    "Alias": "mk",
                    "Startup Cost": 17691.7,
                    "Total Cost": 48277.83,
                    "Plan Rows": 490571,
                    "Plan Width": 4,
                    "Actual Startup Time": 50.014,
                    "Actual Total Time": 141.14,
                    "Actual Rows": 408922,
                    "Actual Loops": 2,
                    "Recheck Cond": "(keyword_id > 22373)",
                    "Rows Removed by Index Recheck": 0,
                    "Exact Heap Blocks": 9593,
                    "Lossy Heap Blocks": 0,
                    "Plans": [
                      {
                        "Node Type": "Bitmap Index Scan",
                        "Parent Relationship": "Outer",
                        "Parallel Aware": false,
                        "Index Name": "keyword_id_movie_keyword",
                        "Startup Cost": 0.0,
                        "Total Cost": 17483.21,
                        "Plan Rows": 833970,
                        "Plan Width": 0,
                        "Actual Startup Time": 46.429,
                        "Actual Total Time": 46.43,
                        "Actual Rows": 817844,
                        "Actual Loops": 1,
                        "Index Cond": "(keyword_id > 22373)"
                      }
                    ]
                  },
                  {
                    "Node Type": "Hash",
                    "Parent Relationship": "Inner",
                    "Parallel Aware": true,
                    "Startup Cost": 50870.31,
                    "Total Cost": 50870.31,
                    "Plan Rows": 1487231,
                    "Plan Width": 4,
                    "Actual Startup Time": 599.357,
                    "Actual Total Time": 599.358,
                    "Actual Rows": 1264156,
                    "Actual Loops": 2,
                    "Hash Buckets": 4194304,
                    "Original Hash Buckets": 4194304,
                    "Hash Batches": 1,
                    "Original Hash Batches": 1,
                    "Peak Memory Usage": 131712,
                    "Plans": [
                      {
                        "Node Type": "Seq Scan",
                        "Parent Relationship": "Outer",
                        "Parallel Aware": true,
                        "Relation Name": "title",
                        "Alias": "t",
                        "Startup Cost": 0.0,
                        "Total Cost": 50870.31,
                        "Plan Rows": 1487231,
                        "Plan Width": 4,
                        "Actual Startup Time": 0.026,
                        "Actual Total Time": 176.238,
                        "Actual Rows": 1264156,
                        "Actual Loops": 2
                      }
                    ]
                  }
                ]
              }
            ]
          }
        ]
      }
    ]
  },
  "Planning Time": 0.67,
  "Triggers": [],
  "Execution Time": 946.746
}