[
  {
    "Plan": {
      "Node Type": "Aggregate",
      "Strategy": "Plain",
      "Partial Mode": "Finalize",
      "Parallel Aware": false,
      "Startup Cost": 31961.93,
      "Total Cost": 31961.94,
      "Plan Rows": 1,
      "Plan Width": 8,
      "Actual Startup Time": 106.786,
      "Actual Total Time": 114.412,
      "Actual Rows": 1,
      "Actual Loops": 1,
      "Plans": [
        {
          "Node Type": "Gather",
          "Parent Relationship": "Outer",
          "Parallel Aware": false,
          "Startup Cost": 31961.61,
          "Total Cost": 31961.92,
          "Plan Rows": 3,
          "Plan Width": 8,
          "Actual Startup Time": 106.593,
          "Actual Total Time": 114.405,
          "Actual Rows": 4,
          "Actual Loops": 1,
          "Workers Planned": 3,
          "Workers Launched": 3,
          "Single Copy": false,
          "Plans": [
            {
              "Node Type": "Aggregate",
              "Strategy": "Plain",
              "Partial Mode": "Partial",
              "Parent Relationship": "Outer",
              "Parallel Aware": false,
              "Startup Cost": 30961.61,
              "Total Cost": 30961.62,
              "Plan Rows": 1,
              "Plan Width": 8,
              "Actual Startup Time": 101.669,
              "Actual Total Time": 101.67,
              "Actual Rows": 1,
              "Actual Loops": 4,
              "Plans": [
                {
                  "Node Type": "Seq Scan",
                  "Parent Relationship": "Outer",
                  "Parallel Aware": true,
                  "Relation Name": "movie_companies",
                  "Alias": "mc",
                  "Startup Cost": 0.0,
                  "Total Cost": 29310.68,
                  "Plan Rows": 660373,
                  "Plan Width": 0,
                  "Actual Startup Time": 0.204,
                  "Actual Total Time": 79.696,
                  "Actual Rows": 513466,
                  "Actual Loops": 4,
                  "Filter": "(company_id > 575)",
                  "Rows Removed by Filter": 138816
                }
              ]
            }
          ]
        }
      ]
    },
    "Planning Time": 0.133,
    "Triggers": [],
    "Execution Time": 114.453
  }
]