[
    {
        "Bao": {
            "Bao prediction": 1361.557,
            "Bao recommended hint": "(no hint)"
        }
    },
    {
        "Plan": {
            "Node Type": "Aggregate",
            "Strategy": "Plain",
            "Partial Mode": "Finalize",
            "Parallel Aware": false,
            "Startup Cost": 121821.99,
            "Total Cost": 121822.0,
            "Plan Rows": 1,
            "Plan Width": 8,
            "Actual Startup Time": 826.913,
            "Actual Total Time": 854.454,
            "Actual Rows": 1,
            "Actual Loops": 1,
            "Output": [
                "count(*)"
            ],
            "Plans": [
                {
                    "Node Type": "Gather",
                    "Parent Relationship": "Outer",
                    "Parallel Aware": false,
                    "Startup Cost": 121821.67,
                    "Total Cost": 121821.98,
                    "Plan Rows": 3,
                    "Plan Width": 8,
                    "Actual Startup Time": 807.684,
                    "Actual Total Time": 854.444,
                    "Actual Rows": 4,
                    "Actual Loops": 1,
                    "Output": [
                        "(PARTIAL count(*))"
                    ],
                    "Workers Planned": 3,
                    "Workers Launched": 3,
                    "Single Copy": false,
                    "Plans": [
                        {
                            "Node Type": "Aggregate",
                            "Strategy": "Plain",
                            "Partial Mode": "Partial",
                            "Parent Relationship": "Outer",
                            "Parallel Aware": false,
                            "Startup Cost": 120821.67,
                            "Total Cost": 120821.68,
                            "Plan Rows": 1,
                            "Plan Width": 8,
                            "Actual Startup Time": 799.124,
                            "Actual Total Time": 799.131,
                            "Actual Rows": 1,
                            "Actual Loops": 4,
                            "Output": [
                                "PARTIAL count(*)"
                            ],
                            "Workers": [
                                {
                                    "Worker Number": 0,
                                    "Actual Startup Time": 796.472,
                                    "Actual Total Time": 796.477,
                                    "Actual Rows": 1,
                                    "Actual Loops": 1
                                },
                                {
                                    "Worker Number": 1,
                                    "Actual Startup Time": 796.65,
                                    "Actual Total Time": 796.655,
                                    "Actual Rows": 1,
                                    "Actual Loops": 1
                                },
                                {
                                    "Worker Number": 2,
                                    "Actual Startup Time": 796.547,
                                    "Actual Total Time": 796.551,
                                    "Actual Rows": 1,
                                    "Actual Loops": 1
                                }
                            ],
                            "Plans": [
                                {
                                    "Node Type": "Hash Join",
                                    "Parent Relationship": "Outer",
                                    "Parallel Aware": true,
                                    "Join Type": "Inner",
                                    "Startup Cost": 89943.05,
                                    "Total Cost": 120661.23,
                                    "Plan Rows": 64176,
                                    "Plan Width": 0,
                                    "Actual Startup Time": 629.052,
                                    "Actual Total Time": 782.432,
                                    "Actual Rows": 255312,
                                    "Actual Loops": 4,
                                    "Inner Unique": false,
                                    "Hash Cond": "(mc.movie_id = t.id)",
                                    "Workers": [
                                        {
                                            "Worker Number": 0,
                                            "Actual Startup Time": 626.505,
                                            "Actual Total Time": 779.969,
                                            "Actual Rows": 252345,
                                            "Actual Loops": 1
                                        },
                                        {
                                            "Worker Number": 1,
                                            "Actual Startup Time": 626.3,
                                            "Actual Total Time": 780.358,
                                            "Actual Rows": 248707,
                                            "Actual Loops": 1
                                        },
                                        {
                                            "Worker Number": 2,
                                            "Actual Startup Time": 626.566,
                                            "Actual Total Time": 780.155,
                                            "Actual Rows": 250479,
                                            "Actual Loops": 1
                                        }
                                    ],
                                    "Plans": [
                                        {
                                            "Node Type": "Seq Scan",
                                            "Parent Relationship": "Outer",
                                            "Parallel Aware": true,
                                            "Relation Name": "movie_companies",
                                            "Schema": "public",
                                            "Alias": "mc",
                                            "Startup Cost": 0.0,
                                            "Total Cost": 29310.68,
                                            "Plan Rows": 320127,
                                            "Plan Width": 4,
                                            "Actual Startup Time": 12.225,
                                            "Actual Total Time": 84.808,
                                            "Actual Rows": 248672,
                                            "Actual Loops": 4,
                                            "Output": [
                                                "mc.id",
                                                "mc.movie_id",
                                                "mc.company_id",
                                                "mc.company_type_id",
                                                "mc.note"
                                            ],
                                            "Filter": "(mc.company_id > 16882)",
                                            "Rows Removed by Filter": 403610,
                                            "Workers": [
                                                {
                                                    "Worker Number": 0,
                                                    "Actual Startup Time": 12.24,
                                                    "Actual Total Time": 86.575,
                                                    "Actual Rows": 244706,
                                                    "Actual Loops": 1
                                                },
                                                {
                                                    "Worker Number": 1,
                                                    "Actual Startup Time": 12.238,
                                                    "Actual Total Time": 84.058,
                                                    "Actual Rows": 236687,
                                                    "Actual Loops": 1
                                                },
                                                {
                                                    "Worker Number": 2,
                                                    "Actual Startup Time": 12.255,
                                                    "Actual Total Time": 86.657,
                                                    "Actual Rows": 243119,
                                                    "Actual Loops": 1
                                                }
                                            ]
                                        },
                                        {
                                            "Node Type": "Hash",
                                            "Parent Relationship": "Inner",
                                            "Parallel Aware": true,
                                            "Startup Cost": 87899.29,
                                            "Total Cost": 87899.29,
                                            "Plan Rows": 163501,
                                            "Plan Width": 8,
                                            "Actual Startup Time": 613.887,
                                            "Actual Total Time": 613.891,
                                            "Actual Rows": 124376,
                                            "Actual Loops": 4,
                                            "Output": [
                                                "t.id",
                                                "mk.movie_id"
                                            ],
                                            "Hash Buckets": 524288,
                                            "Original Hash Buckets": 524288,
                                            "Hash Batches": 1,
                                            "Original Hash Batches": 1,
                                            "Peak Memory Usage": 23616,
                                            "Workers": [
                                                {
                                                    "Worker Number": 0,
                                                    "Actual Startup Time": 613.826,
                                                    "Actual Total Time": 613.83,
                                                    "Actual Rows": 118247,
                                                    "Actual Loops": 1
                                                },
                                                {
                                                    "Worker Number": 1,
                                                    "Actual Startup Time": 613.639,
                                                    "Actual Total Time": 613.641,
                                                    "Actual Rows": 112751,
                                                    "Actual Loops": 1
                                                },
                                                {
                                                    "Worker Number": 2,
                                                    "Actual Startup Time": 613.925,
                                                    "Actual Total Time": 613.928,
                                                    "Actual Rows": 116474,
                                                    "Actual Loops": 1
                                                }
                                            ],
                                            "Plans": [
                                                {
                                                    "Node Type": "Hash Join",
                                                    "Parent Relationship": "Outer",
                                                    "Parallel Aware": true,
                                                    "Join Type": "Inner",
                                                    "Startup Cost": 60972.34,
                                                    "Total Cost": 87899.29,
                                                    "Plan Rows": 163501,
                                                    "Plan Width": 8,
                                                    "Actual Startup Time": 457.458,
                                                    "Actual Total Time": 572.63,
                                                    "Actual Rows": 124376,
                                                    "Actual Loops": 4,
                                                    "Output": [
                                                        "t.id",
                                                        "mk.movie_id"
                                                    ],
                                                    "Inner Unique": true,
                                                    "Hash Cond": "(mk.movie_id = t.id)",
                                                    "Workers": [
                                                        {
                                                            "Worker Number": 0,
                                                            "Actual Startup Time": 457.367,
                                                            "Actual Total Time": 572.834,
                                                            "Actual Rows": 118247,
                                                            "Actual Loops": 1
                                                        },
                                                        {
                                                            "Worker Number": 1,
                                                            "Actual Startup Time": 457.277,
                                                            "Actual Total Time": 572.556,
                                                            "Actual Rows": 112751,
                                                            "Actual Loops": 1
                                                        },
                                                        {
                                                            "Worker Number": 2,
                                                            "Actual Startup Time": 457.544,
                                                            "Actual Total Time": 573.216,
                                                            "Actual Rows": 116474,
                                                            "Actual Loops": 1
                                                        }
                                                    ],
                                                    "Plans": [
                                                        {
                                                            "Node Type": "Bitmap Heap Scan",
                                                            "Parent Relationship": "Outer",
                                                            "Parallel Aware": true,
                                                            "Relation Name": "movie_keyword",
                                                            "Schema": "public",
                                                            "Alias": "mk",
                                                            "Startup Cost": 10752.54,
                                                            "Total Cost": 37250.29,
                                                            "Plan Rows": 163501,
                                                            "Plan Width": 4,
                                                            "Actual Startup Time": 45.129,
                                                            "Actual Total Time": 107.193,
                                                            "Actual Rows": 124376,
                                                            "Actual Loops": 4,
                                                            "Output": [
                                                                "mk.id",
                                                                "mk.movie_id",
                                                                "mk.keyword_id"
                                                            ],
                                                            "Recheck Cond": "(mk.keyword_id > 36238)",
                                                            "Rows Removed by Index Recheck": 0,
                                                            "Exact Heap Blocks": 6903,
                                                            "Lossy Heap Blocks": 0,
                                                            "Workers": [
                                                                {
                                                                    "Worker Number": 0,
                                                                    "Actual Startup Time": 45.145,
                                                                    "Actual Total Time": 108.956,
                                                                    "Actual Rows": 118247,
                                                                    "Actual Loops": 1
                                                                },
                                                                {
                                                                    "Worker Number": 1,
                                                                    "Actual Startup Time": 45.179,
                                                                    "Actual Total Time": 110.811,
                                                                    "Actual Rows": 112751,
                                                                    "Actual Loops": 1
                                                                },
                                                                {
                                                                    "Worker Number": 2,
                                                                    "Actual Startup Time": 45.255,
                                                                    "Actual Total Time": 109.246,
                                                                    "Actual Rows": 116474,
                                                                    "Actual Loops": 1
                                                                }
                                                            ],
                                                            "Plans": [
                                                                {
                                                                    "Node Type": "Bitmap Index Scan",
                                                                    "Parent Relationship": "Outer",
                                                                    "Parallel Aware": false,
                                                                    "Index Name": "keyword_id_movie_keyword",
                                                                    "Startup Cost": 0.0,
                                                                    "Total Cost": 10625.82,
                                                                    "Plan Rows": 506852,
                                                                    "Plan Width": 0,
                                                                    "Actual Startup Time": 39.591,
                                                                    "Actual Total Time": 39.592,
                                                                    "Actual Rows": 497506,
                                                                    "Actual Loops": 1,
                                                                    "Index Cond": "(mk.keyword_id > 36238)"
                                                                }
                                                            ]
                                                        },
                                                        {
                                                            "Node Type": "Hash",
                                                            "Parent Relationship": "Inner",
                                                            "Parallel Aware": true,
                                                            "Startup Cost": 42318.81,
                                                            "Total Cost": 42318.81,
                                                            "Plan Rows": 632080,
                                                            "Plan Width": 4,
                                                            "Actual Startup Time": 402.16,
                                                            "Actual Total Time": 402.161,
                                                            "Actual Rows": 632078,
                                                            "Actual Loops": 4,
                                                            "Output": [
                                                                "t.id"
                                                            ],
                                                            "Hash Buckets": 4194304,
                                                            "Original Hash Buckets": 4194304,
                                                            "Hash Batches": 1,
                                                            "Original Hash Batches": 1,
                                                            "Peak Memory Usage": 131776,
                                                            "Workers": [
                                                                {
                                                                    "Worker Number": 0,
                                                                    "Actual Startup Time": 412.136,
                                                                    "Actual Total Time": 412.137,
                                                                    "Actual Rows": 612922,
                                                                    "Actual Loops": 1
                                                                },
                                                                {
                                                                    "Worker Number": 1,
                                                                    "Actual Startup Time": 411.957,
                                                                    "Actual Total Time": 411.958,
                                                                    "Actual Rows": 586654,
                                                                    "Actual Loops": 1
                                                                },
                                                                {
                                                                    "Worker Number": 2,
                                                                    "Actual Startup Time": 412.184,
                                                                    "Actual Total Time": 412.185,
                                                                    "Actual Rows": 606982,
                                                                    "Actual Loops": 1
                                                                }
                                                            ],
                                                            "Plans": [
                                                                {
                                                                    "Node Type": "Seq Scan",
                                                                    "Parent Relationship": "Outer",
                                                                    "Parallel Aware": true,
                                                                    "Relation Name": "title",
                                                                    "Schema": "public",
                                                                    "Alias": "t",
                                                                    "Startup Cost": 0.0,
                                                                    "Total Cost": 42318.81,
                                                                    "Plan Rows": 632080,
                                                                    "Plan Width": 4,
                                                                    "Actual Startup Time": 0.032,
                                                                    "Actual Total Time": 119.299,
                                                                    "Actual Rows": 632078,
                                                                    "Actual Loops": 4,
                                                                    "Output": [
                                                                        "t.id"
                                                                    ],
                                                                    "Workers": [
                                                                        {
                                                                            "Worker Number": 0,
                                                                            "Actual Startup Time": 0.037,
                                                                            "Actual Total Time": 124.394,
                                                                            "Actual Rows": 612922,
                                                                            "Actual Loops": 1
                                                                        },
                                                                        {
                                                                            "Worker Number": 1,
                                                                            "Actual Startup Time": 0.036,
                                                                            "Actual Total Time": 119.706,
                                                                            "Actual Rows": 586654,
                                                                            "Actual Loops": 1
                                                                        },
                                                                        {
                                                                            "Worker Number": 2,
                                                                            "Actual Startup Time": 0.04,
                                                                            "Actual Total Time": 124.057,
                                                                            "Actual Rows": 606982,
                                                                            "Actual Loops": 1
                                                                        }
                                                                    ]
                                                                }
                                                            ]
                                                        }
                                                    ]
                                                }
                                            ]
                                        }
                                    ]
                                }
                            ]
                        }
                    ]
                }
            ]
        },
        "Planning Time": 4064.778,
        "Triggers": [],
        "Execution Time": 854.623
    }
]