{
  "Plan": {
    "Node Type": "Aggregate",
    "Strategy": "Plain",
    "Partial Mode": "Finalize",
    "Parallel Aware": false,
    "Startup Cost": 432222.44,
    "Total Cost": 432222.45,
    "Plan Rows": 1,
    "Plan Width": 8,
    "Actual Startup Time": 4997.389,
    "Actual Total Time": 5052.28,
    "Actual Rows": 1,
    "Actual Loops": 1,
    "Plans": [
      {
        "Node Type": "Gather",
        "Parent Relationship": "Outer",
        "Parallel Aware": false,
        "Startup Cost": 432222.33,
        "Total Cost": 432222.44,
        "Plan Rows": 1,
        "Plan Width": 8,
        "Actual Startup Time": 4990.625,
        "Actual Total Time": 5052.271,
        "Actual Rows": 2,
        "Actual Loops": 1,
        "Workers Planned": 1,
        "Workers Launched": 1,
        "Single Copy": false,
        "Plans": [
          {
            "Node Type": "Aggregate",
            "Strategy": "Plain",
            "Partial Mode": "Partial",
            "Parent Relationship": "Outer",
            "Parallel Aware": false,
            "Startup Cost": 431222.33,
            "Total Cost": 431222.34,
            "Plan Rows": 1,
            "Plan Width": 8,
            "Actual Startup Time": 4984.297,
            "Actual Total Time": 4984.303,
            "Actual Rows": 1,
            "Actual Loops": 2,
            "Plans": [
              {
                "Node Type": "Hash Join",
                "Parent Relationship": "Outer",
                "Parallel Aware": true,
                "Join Type": "Inner",
                "Startup Cost": 125414.09,
                "Total Cost": 423992.41,
                "Plan Rows": 2891967,
                "Plan Width": 0,
                "Actual Startup Time": 865.059,
                "Actual Total Time": 4072.312,
                "Actual Rows": 23022110,
                "Actual Loops": 2,
                "Inner Unique": false,
                "Hash Cond": "(mi.movie_id = t.id)",
                "Plans": [
                  {
                    "Node Type": "Seq Scan",
                    "Parent Relationship": "Outer",
                    "Parallel Aware": true,
                    "Relation Name": "movie_info",
                    "Alias": "mi",
                    "Startup Cost": 0.0,
                    "Total Cost": 248955.74,
                    "Plan Rows": 8696274,
                    "Plan Width": 4,
                    "Actual Startup Time": 0.016,
                    "Actual Total Time": 616.774,
                    "Actual Rows": 7417860,
                    "Actual Loops": 2
                  },
                  {
                    "Node Type": "Hash",
                    "Parent Relationship": "Inner",
                    "Parallel Aware": true,
                    "Startup Cost": 119231.81,
                    "Total Cost": 119231.81,
                    "Plan Rows": 494582,
                    "Plan Width": 8,
                    "Actual Startup Time": 854.634,
                    "Actual Total Time": 854.638,
                    "Actual Rows": 415712,
                    "Actual Loops": 2,
                    "Hash Buckets": 1048576,
                    "Original Hash Buckets": 1048576,
                    "Hash Batches": 1,
                    "Original Hash Batches": 1,
                    "Peak Memory Usage": 40736,
                    "Plans": [
                      {
                        "Node Type": "Hash Join",
                        "Parent Relationship": "Outer",
                        "Parallel Aware": true,
                        "Join Type": "Inner",
                        "Startup Cost": 87297.25,
                        "Total Cost": 119231.81,
                        "Plan Rows": 494582,
                        "Plan Width": 8,
                        "Actual Startup Time": 575.306,
                        "Actual Total Time": 765.67,
                        "Actual Rows": 415712,
                        "Actual Loops": 2,
                        "Inner Unique": true,
                        "Hash Cond": "(mk.movie_id = t.id)",
                        "Plans": [
                          {
                            "Node Type": "Bitmap Heap Scan",
                            "Parent Relationship": "Outer",
                            "Parallel Aware": true,
                            "Relation Name": "movie_keyword",
                            "Alias": "mk",
                            "Startup Cost": 17836.55,
                            "Total Cost": 48472.83,
                            "Plan Rows": 494582,
                            "Plan Width": 4,
                            "Actual Startup Time": 55.544,
                            "Actual Total Time": 141.266,
                            "Actual Rows": 415712,
                            "Actual Loops": 2,
                            "Recheck Cond": "(keyword_id > 22141)",
                            "Rows Removed by Index Recheck": 0,
                            "Exact Heap Blocks": 12850,
                            "Lossy Heap Blocks": 0,
                            "Plans": [
                              {
                                "Node Type": "Bitmap Index Scan",
                                "Parent Relationship": "Outer",
                                "Parallel Aware": false,
                                "Index Name": "keyword_id_movie_keyword",
                                "Startup Cost": 0.0,
                                "Total Cost": 17626.36,
                                "Plan Rows": 840790,
                                "Plan Width": 0,
                                "Actual Startup Time": 51.946,
                                "Actual Total Time": 51.946,
                                "Actual Rows": 831425,
                                "Actual Loops": 1,
                                "Index Cond": "(keyword_id > 22141)"
                              }
                            ]
                          },
                          {
                            "Node Type": "Hash",
                            "Parent Relationship": "Inner",
                            "Parallel Aware": true,
                            "Startup Cost": 50870.31,
                            "Total Cost": 50870.31,
                            "Plan Rows": 1487231,
                            "Plan Width": 4,
                            "Actual Startup Time": 503.882,
                            "Actual Total Time": 503.883,
                            "Actual Rows": 1264156,
                            "Actual Loops": 2,
                            "Hash Buckets": 4194304,
                            "Original Hash Buckets": 4194304,
                            "Hash Batches": 1,
                            "Original Hash Batches": 1,
                            "Peak Memory Usage": 131712,
                            "Plans": [
                              {
                                "Node Type": "Seq Scan",
                                "Parent Relationship": "Outer",
                                "Parallel Aware": true,
                                "Relation Name": "title",
                                "Alias": "t",
                                "Startup Cost": 0.0,
                                "Total Cost": 50870.31,
                                "Plan Rows": 1487231,
                                "Plan Width": 4,
                                "Actual Startup Time": 0.035,
                                "Actual Total Time": 152.183,
                                "Actual Rows": 1264156,
                                "Actual Loops": 2
                              }
                            ]
                          }
                        ]
                      }
                    ]
                  }
                ]
              }
            ]
          }
        ]
      }
    ]
  },
  "Planning Time": 0.823,
  "Triggers": [],
  "Execution Time": 5052.409
}