[
  {
    "Plan": {
      "Node Type": "Aggregate",
      "Strategy": "Plain",
      "Partial Mode": "Finalize",
      "Parallel Aware": false,
      "Startup Cost": 30837.68,
      "Total Cost": 30837.69,
      "Plan Rows": 1,
      "Plan Width": 8,
      "Actual Startup Time": 94.757,
      "Actual Total Time": 104.258,
      "Actual Rows": 1,
      "Actual Loops": 1,
      "Plans": [
        {
          "Node Type": "Gather",
          "Parent Relationship": "Outer",
          "Parallel Aware": false,
          "Startup Cost": 30837.36,
          "Total Cost": 30837.67,
          "Plan Rows": 3,
          "Plan Width": 8,
          "Actual Startup Time": 94.653,
          "Actual Total Time": 104.249,
          "Actual Rows": 4,
          "Actual Loops": 1,
          "Workers Planned": 3,
          "Workers Launched": 3,
          "Single Copy": false,
          "Plans": [
            {
              "Node Type": "Aggregate",
              "Strategy": "Plain",
              "Partial Mode": "Partial",
              "Parent Relationship": "Outer",
              "Parallel Aware": false,
              "Startup Cost": 29837.36,
              "Total Cost": 29837.37,
              "Plan Rows": 1,
              "Plan Width": 8,
              "Actual Startup Time": 87.825,
              "Actual Total Time": 87.826,
              "Actual Rows": 1,
              "Actual Loops": 4,
              "Plans": [
                {
                  "Node Type": "Seq Scan",
                  "Parent Relationship": "Outer",
                  "Parallel Aware": true,
                  "Relation Name": "movie_companies",
                  "Alias": "mc",
                  "Startup Cost": 0.0,
                  "Total Cost": 29310.68,
                  "Plan Rows": 210672,
                  "Plan Width": 0,
                  "Actual Startup Time": 0.035,
                  "Actual Total Time": 77.796,
                  "Actual Rows": 161172,
                  "Actual Loops": 4,
                  "Filter": "(company_id < 864)",
                  "Rows Removed by Filter": 491110
                }
              ]
            }
          ]
        }
      ]
    },
    "Planning Time": 0.18,
    "Triggers": [],
    "Execution Time": 104.308
  }
]