[
  {
    "Plan": {
      "Node Type": "Aggregate",
      "Strategy": "Plain",
      "Partial Mode": "Finalize",
      "Parallel Aware": false,
      "Startup Cost": 257923.71,
      "Total Cost": 257923.72,
      "Plan Rows": 1,
      "Plan Width": 8,
      "Actual Startup Time": 344.853,
      "Actual Total Time": 361.988,
      "Actual Rows": 1,
      "Actual Loops": 1,
      "Plans": [
        {
          "Node Type": "Gather",
          "Parent Relationship": "Outer",
          "Parallel Aware": false,
          "Startup Cost": 257923.09,
          "Total Cost": 257923.7,
          "Plan Rows": 6,
          "Plan Width": 8,
          "Actual Startup Time": 344.732,
          "Actual Total Time": 361.978,
          "Actual Rows": 7,
          "Actual Loops": 1,
          "Workers Planned": 6,
          "Workers Launched": 6,
          "Single Copy": false,
          "Plans": [
            {
              "Node Type": "Aggregate",
              "Strategy": "Plain",
              "Partial Mode": "Partial",
              "Parent Relationship": "Outer",
              "Parallel Aware": false,
              "Startup Cost": 256923.09,
              "Total Cost": 256923.1,
              "Plan Rows": 1,
              "Plan Width": 8,
              "Actual Startup Time": 333.969,
              "Actual Total Time": 333.97,
              "Actual Rows": 1,
              "Actual Loops": 7,
              "Plans": [
                {
                  "Node Type": "Index Scan",
                  "Parent Relationship": "Outer",
                  "Parallel Aware": true,
                  "Scan Direction": "Forward",
                  "Index Name": "role_id_cast_info",
                  "Relation Name": "cast_info",
                  "Alias": "ci",
                  "Startup Cost": 0.56,
                  "Total Cost": 255086.64,
                  "Plan Rows": 734578,
                  "Plan Width": 0,
                  "Actual Startup Time": 0.191,
                  "Actual Total Time": 290.154,
                  "Actual Rows": 991537,
                  "Actual Loops": 7,
                  "Index Cond": "(role_id > 4)",
                  "Rows Removed by Index Recheck": 0,
                  "Filter": "(person_id > 1951463)",
                  "Rows Removed by Filter": 349134
                }
              ]
            }
          ]
        }
      ]
    },
    "Planning Time": 0.2,
    "Triggers": [],
    "Execution Time": 362.047
  }
]