[
  {
    "Plan": {
      "Node Type": "Aggregate",
      "Strategy": "Plain",
      "Partial Mode": "Finalize",
      "Parallel Aware": false,
      "Startup Cost": 130121.71,
      "Total Cost": 130121.72,
      "Plan Rows": 1,
      "Plan Width": 8,
      "Actual Startup Time": 927.469,
      "Actual Total Time": 946.029,
      "Actual Rows": 1,
      "Actual Loops": 1,
      "Plans": [
        {
          "Node Type": "Gather",
          "Parent Relationship": "Outer",
          "Parallel Aware": false,
          "Startup Cost": 130121.39,
          "Total Cost": 130121.7,
          "Plan Rows": 3,
          "Plan Width": 8,
          "Actual Startup Time": 921.802,
          "Actual Total Time": 946.018,
          "Actual Rows": 4,
          "Actual Loops": 1,
          "Workers Planned": 3,
          "Workers Launched": 3,
          "Single Copy": false,
          "Plans": [
            {
              "Node Type": "Aggregate",
              "Strategy": "Plain",
              "Partial Mode": "Partial",
              "Parent Relationship": "Outer",
              "Parallel Aware": false,
              "Startup Cost": 129121.39,
              "Total Cost": 129121.4,
              "Plan Rows": 1,
              "Plan Width": 8,
              "Actual Startup Time": 913.039,
              "Actual Total Time": 913.321,
              "Actual Rows": 1,
              "Actual Loops": 4,
              "Plans": [
                {
                  "Node Type": "Hash Join",
                  "Parent Relationship": "Outer",
                  "Parallel Aware": true,
                  "Join Type": "Inner",
                  "Startup Cost": 82551.35,
                  "Total Cost": 128096.28,
                  "Plan Rows": 410045,
                  "Plan Width": 0,
                  "Actual Startup Time": 515.994,
                  "Actual Total Time": 847.691,
                  "Actual Rows": 1570510,
                  "Actual Loops": 4,
                  "Inner Unique": false,
                  "Hash Cond": "(mk.movie_id = t.id)",
                  "Plans": [
                    {
                      "Node Type": "Seq Scan",
                      "Parent Relationship": "Outer",
                      "Parallel Aware": true,
                      "Relation Name": "movie_keyword",
                      "Alias": "mk",
                      "Startup Cost": 0.0,
                      "Total Cost": 39047.32,
                      "Plan Rows": 1459332,
                      "Plan Width": 4,
                      "Actual Startup Time": 0.032,
                      "Actual Total Time": 89.854,
                      "Actual Rows": 1130982,
                      "Actual Loops": 4
                    },
                    {
                      "Node Type": "Hash",
                      "Parent Relationship": "Inner",
                      "Parallel Aware": true,
                      "Startup Cost": 80331.34,
                      "Total Cost": 80331.34,
                      "Plan Rows": 177601,
                      "Plan Width": 8,
                      "Actual Startup Time": 511.194,
                      "Actual Total Time": 511.475,
                      "Actual Rows": 234116,
                      "Actual Loops": 4,
                      "Hash Buckets": 1048576,
                      "Original Hash Buckets": 1048576,
                      "Hash Batches": 1,
                      "Original Hash Batches": 1,
                      "Peak Memory Usage": 44864,
                      "Plans": [
                        {
                          "Node Type": "Hash Join",
                          "Parent Relationship": "Outer",
                          "Parallel Aware": true,
                          "Join Type": "Inner",
                          "Startup Cost": 34279.34,
                          "Total Cost": 80331.34,
                          "Plan Rows": 177601,
                          "Plan Width": 8,
                          "Actual Startup Time": 155.48,
                          "Actual Total Time": 440.13,
                          "Actual Rows": 234116,
                          "Actual Loops": 4,
                          "Inner Unique": false,
                          "Hash Cond": "(t.id = mc.movie_id)",
                          "Plans": [
                            {
                              "Node Type": "Seq Scan",
                              "Parent Relationship": "Outer",
                              "Parallel Aware": true,
                              "Relation Name": "title",
                              "Alias": "t",
                              "Startup Cost": 0.0,
                              "Total Cost": 42318.73,
                              "Plan Rows": 632073,
                              "Plan Width": 4,
                              "Actual Startup Time": 0.01,
                              "Actual Total Time": 75.706,
                              "Actual Rows": 632078,
                              "Actual Loops": 4
                            },
                            {
                              "Node Type": "Hash",
                              "Parent Relationship": "Inner",
                              "Parallel Aware": true,
                              "Startup Cost": 31414.82,
                              "Total Cost": 31414.82,
                              "Plan Rows": 229162,
                              "Plan Width": 4,
                              "Actual Startup Time": 152.799,
                              "Actual Total Time": 152.8,
                              "Actual Rows": 234116,
                              "Actual Loops": 4,
                              "Hash Buckets": 1048576,
                              "Original Hash Buckets": 1048576,
                              "Hash Batches": 1,
                              "Original Hash Batches": 1,
                              "Peak Memory Usage": 44864,
                              "Plans": [
                                {
                                  "Node Type": "Seq Scan",
                                  "Parent Relationship": "Outer",
                                  "Parallel Aware": true,
                                  "Relation Name": "movie_companies",
                                  "Alias": "mc",
                                  "Startup Cost": 0.0,
                                  "Total Cost": 31414.82,
                                  "Plan Rows": 229162,
                                  "Plan Width": 4,
                                  "Actual Startup Time": 47.86,
                                  "Actual Total Time": 89.12,
                                  "Actual Rows": 234116,
                                  "Actual Loops": 4,
                                  "Filter": "((company_id > 10999) AND (company_type_id = 2))",
                                  "Rows Removed by Filter": 418167
                                }
                              ]
                            }
                          ]
                        }
                      ]
                    }
                  ]
                }
              ]
            }
          ]
        }
      ]
    },
    "Planning Time": 1.326,
    "Triggers": [],
    "Execution Time": 946.111
  }
]