[
  {
    "Plan": {
      "Node Type": "Aggregate",
      "Strategy": "Plain",
      "Partial Mode": "Finalize",
      "Parallel Aware": false,
      "Startup Cost": 343060.39,
      "Total Cost": 343060.4,
      "Plan Rows": 1,
      "Plan Width": 8,
      "Actual Startup Time": 307.081,
      "Actual Total Time": 320.589,
      "Actual Rows": 1,
      "Actual Loops": 1,
      "Plans": [
        {
          "Node Type": "Gather",
          "Parent Relationship": "Outer",
          "Parallel Aware": false,
          "Startup Cost": 343059.76,
          "Total Cost": 343060.37,
          "Plan Rows": 6,
          "Plan Width": 8,
          "Actual Startup Time": 306.041,
          "Actual Total Time": 320.578,
          "Actual Rows": 7,
          "Actual Loops": 1,
          "Workers Planned": 6,
          "Workers Launched": 6,
          "Single Copy": false,
          "Plans": [
            {
              "Node Type": "Aggregate",
              "Strategy": "Plain",
              "Partial Mode": "Partial",
              "Parent Relationship": "Outer",
              "Parallel Aware": false,
              "Startup Cost": 342059.76,
              "Total Cost": 342059.77,
              "Plan Rows": 1,
              "Plan Width": 8,
              "Actual Startup Time": 298.42,
              "Actual Total Time": 298.422,
              "Actual Rows": 1,
              "Actual Loops": 7,
              "Plans": [
                {
                  "Node Type": "Bitmap Heap Scan",
                  "Parent Relationship": "Outer",
                  "Parallel Aware": true,
                  "Relation Name": "cast_info",
                  "Alias": "ci",
                  "Startup Cost": 79135.53,
                  "Total Cost": 340799.45,
                  "Plan Rows": 504124,
                  "Plan Width": 0,
                  "Actual Startup Time": 124.663,
                  "Actual Total Time": 272.661,
                  "Actual Rows": 501356,
                  "Actual Loops": 7,
                  "Recheck Cond": "(person_id < 356575)",
                  "Rows Removed by Index Recheck": 0,
                  "Filter": "(role_id < 9)",
                  "Rows Removed by Filter": 29585,
                  "Exact Heap Blocks": 8876,
                  "Lossy Heap Blocks": 0,
                  "Plans": [
                    {
                      "Node Type": "Bitmap Index Scan",
                      "Parent Relationship": "Outer",
                      "Parallel Aware": false,
                      "Index Name": "person_id_cast_info",
                      "Startup Cost": 0.0,
                      "Total Cost": 78379.34,
                      "Plan Rows": 3590770,
                      "Plan Width": 0,
                      "Actual Startup Time": 125.428,
                      "Actual Total Time": 125.429,
                      "Actual Rows": 3716586,
                      "Actual Loops": 1,
                      "Index Cond": "(person_id < 356575)"
                    }
                  ]
                }
              ]
            }
          ]
        }
      ]
    },
    "Planning Time": 0.14,
    "Triggers": [],
    "Execution Time": 320.633
  }
]