[
  {
    "Plan": {
      "Node Type": "Aggregate",
      "Strategy": "Plain",
      "Partial Mode": "Finalize",
      "Parallel Aware": false,
      "Startup Cost": 126528.09,
      "Total Cost": 126528.1,
      "Plan Rows": 1,
      "Plan Width": 8,
      "Actual Startup Time": 739.705,
      "Actual Total Time": 759.278,
      "Actual Rows": 1,
      "Actual Loops": 1,
      "Plans": [
        {
          "Node Type": "Gather",
          "Parent Relationship": "Outer",
          "Parallel Aware": false,
          "Startup Cost": 126527.78,
          "Total Cost": 126528.09,
          "Plan Rows": 3,
          "Plan Width": 8,
          "Actual Startup Time": 736.183,
          "Actual Total Time": 759.27,
          "Actual Rows": 4,
          "Actual Loops": 1,
          "Workers Planned": 3,
          "Workers Launched": 3,
          "Single Copy": false,
          "Plans": [
            {
              "Node Type": "Aggregate",
              "Strategy": "Plain",
              "Partial Mode": "Partial",
              "Parent Relationship": "Outer",
              "Parallel Aware": false,
              "Startup Cost": 125527.78,
              "Total Cost": 125527.79,
              "Plan Rows": 1,
              "Plan Width": 8,
              "Actual Startup Time": 728.735,
              "Actual Total Time": 728.995,
              "Actual Rows": 1,
              "Actual Loops": 4,
              "Plans": [
                {
                  "Node Type": "Hash Join",
                  "Parent Relationship": "Outer",
                  "Parallel Aware": true,
                  "Join Type": "Inner",
                  "Startup Cost": 80299.29,
                  "Total Cost": 125218.36,
                  "Plan Rows": 123768,
                  "Plan Width": 0,
                  "Actual Startup Time": 386.911,
                  "Actual Total Time": 665.235,
                  "Actual Rows": 1255242,
                  "Actual Loops": 4,
                  "Inner Unique": false,
                  "Hash Cond": "(mk.movie_id = t.id)",
                  "Plans": [
                    {
                      "Node Type": "Seq Scan",
                      "Parent Relationship": "Outer",
                      "Parallel Aware": true,
                      "Relation Name": "movie_keyword",
                      "Alias": "mk",
                      "Startup Cost": 0.0,
                      "Total Cost": 39047.32,
                      "Plan Rows": 1459332,
                      "Plan Width": 4,
                      "Actual Startup Time": 0.036,
                      "Actual Total Time": 97.888,
                      "Actual Rows": 1130982,
                      "Actual Loops": 4
                    },
                    {
                      "Node Type": "Hash",
                      "Parent Relationship": "Inner",
                      "Parallel Aware": true,
                      "Startup Cost": 79434.61,
                      "Total Cost": 79434.61,
                      "Plan Rows": 69174,
                      "Plan Width": 8,
                      "Actual Startup Time": 343.354,
                      "Actual Total Time": 343.613,
                      "Actual Rows": 97568,
                      "Actual Loops": 4,
                      "Hash Buckets": 524288,
                      "Original Hash Buckets": 262144,
                      "Hash Batches": 1,
                      "Original Hash Batches": 1,
                      "Peak Memory Usage": 21504,
                      "Plans": [
                        {
                          "Node Type": "Hash Join",
                          "Parent Relationship": "Outer",
                          "Parallel Aware": true,
                          "Join Type": "Inner",
                          "Startup Cost": 47172.1,
                          "Total Cost": 79434.61,
                          "Plan Rows": 69174,
                          "Plan Width": 8,
                          "Actual Startup Time": 218.635,
                          "Actual Total Time": 303.317,
                          "Actual Rows": 97568,
                          "Actual Loops": 4,
                          "Inner Unique": true,
                          "Hash Cond": "(mc.movie_id = t.id)",
                          "Plans": [
                            {
                              "Node Type": "Seq Scan",
                              "Parent Relationship": "Outer",
                              "Parallel Aware": true,
                              "Relation Name": "movie_companies",
                              "Alias": "mc",
                              "Startup Cost": 0.0,
                              "Total Cost": 31414.82,
                              "Plan Rows": 322932,
                              "Plan Width": 4,
                              "Actual Startup Time": 34.754,
                              "Actual Total Time": 80.251,
                              "Actual Rows": 288256,
                              "Actual Loops": 4,
                              "Filter": "((company_id > 846) AND (company_type_id = 2))",
                              "Rows Removed by Filter": 364026
                            },
                            {
                              "Node Type": "Hash",
                              "Parent Relationship": "Inner",
                              "Parallel Aware": true,
                              "Startup Cost": 45479.59,
                              "Total Cost": 45479.59,
                              "Plan Rows": 135401,
                              "Plan Width": 4,
                              "Actual Startup Time": 145.394,
                              "Actual Total Time": 145.395,
                              "Actual Rows": 105166,
                              "Actual Loops": 4,
                              "Hash Buckets": 1048576,
                              "Original Hash Buckets": 1048576,
                              "Hash Batches": 1,
                              "Original Hash Batches": 1,
                              "Peak Memory Usage": 24704,
                              "Plans": [
                                {
                                  "Node Type": "Seq Scan",
                                  "Parent Relationship": "Outer",
                                  "Parallel Aware": true,
                                  "Relation Name": "title",
                                  "Alias": "t",
                                  "Startup Cost": 0.0,
                                  "Total Cost": 45479.59,
                                  "Plan Rows": 135401,
                                  "Plan Width": 4,
                                  "Actual Startup Time": 42.71,
                                  "Actual Total Time": 103.675,
                                  "Actual Rows": 105166,
                                  "Actual Loops": 4,
                                  "Filter": "((kind_id < 2) AND (production_year > 1971))",
                                  "Rows Removed by Filter": 526912
                                }
                              ]
                            }
                          ]
                        }
                      ]
                    }
                  ]
                }
              ]
            }
          ]
        }
      ]
    },
    "Planning Time": 0.558,
    "Triggers": [],
    "Execution Time": 759.326
  }
]