[
  {
    "Plan": {
      "Node Type": "Aggregate",
      "Strategy": "Plain",
      "Partial Mode": "Finalize",
      "Parallel Aware": false,
      "Startup Cost": 449923.67,
      "Total Cost": 449923.68,
      "Plan Rows": 1,
      "Plan Width": 8,
      "Actual Startup Time": 3406.203,
      "Actual Total Time": 3479.418,
      "Actual Rows": 1,
      "Actual Loops": 1,
      "Plans": [
        {
          "Node Type": "Gather",
          "Parent Relationship": "Outer",
          "Parallel Aware": false,
          "Startup Cost": 449923.35,
          "Total Cost": 449923.66,
          "Plan Rows": 3,
          "Plan Width": 8,
          "Actual Startup Time": 3390.778,
          "Actual Total Time": 3479.405,
          "Actual Rows": 4,
          "Actual Loops": 1,
          "Workers Planned": 3,
          "Workers Launched": 3,
          "Single Copy": false,
          "Plans": [
            {
              "Node Type": "Aggregate",
              "Strategy": "Plain",
              "Partial Mode": "Partial",
              "Parent Relationship": "Outer",
              "Parallel Aware": false,
              "Startup Cost": 448923.35,
              "Total Cost": 448923.36,
              "Plan Rows": 1,
              "Plan Width": 8,
              "Actual Startup Time": 3381.345,
              "Actual Total Time": 3382.833,
              "Actual Rows": 1,
              "Actual Loops": 4,
              "Plans": [
                {
                  "Node Type": "Hash Join",
                  "Parent Relationship": "Outer",
                  "Parallel Aware": true,
                  "Join Type": "Inner",
                  "Startup Cost": 397882.38,
                  "Total Cost": 446639.16,
                  "Plan Rows": 913675,
                  "Plan Width": 0,
                  "Actual Startup Time": 2018.023,
                  "Actual Total Time": 2981.223,
                  "Actual Rows": 10239879,
                  "Actual Loops": 4,
                  "Inner Unique": false,
                  "Hash Cond": "(mk.movie_id = t.id)",
                  "Plans": [
                    {
                      "Node Type": "Seq Scan",
                      "Parent Relationship": "Outer",
                      "Parallel Aware": true,
                      "Relation Name": "movie_keyword",
                      "Alias": "mk",
                      "Startup Cost": 0.0,
                      "Total Cost": 42695.65,
                      "Plan Rows": 1210224,
                      "Plan Width": 4,
                      "Actual Startup Time": 0.067,
                      "Actual Total Time": 110.66,
                      "Actual Rows": 933425,
                      "Actual Loops": 4,
                      "Filter": "(keyword_id > 750)",
                      "Rows Removed by Filter": 197558
                    },
                    {
                      "Node Type": "Hash",
                      "Parent Relationship": "Inner",
                      "Parallel Aware": true,
                      "Startup Cost": 393905.78,
                      "Total Cost": 393905.78,
                      "Plan Rows": 318128,
                      "Plan Width": 8,
                      "Actual Startup Time": 2011.349,
                      "Actual Total Time": 2012.835,
                      "Actual Rows": 787086,
                      "Actual Loops": 4,
                      "Hash Buckets": 4194304,
                      "Original Hash Buckets": 2097152,
                      "Hash Batches": 1,
                      "Original Hash Batches": 1,
                      "Peak Memory Usage": 172352,
                      "Plans": [
                        {
                          "Node Type": "Hash Join",
                          "Parent Relationship": "Outer",
                          "Parallel Aware": true,
                          "Join Type": "Inner",
                          "Startup Cost": 48352.67,
                          "Total Cost": 393905.78,
                          "Plan Rows": 318128,
                          "Plan Width": 8,
                          "Actual Startup Time": 686.591,
                          "Actual Total Time": 1669.361,
                          "Actual Rows": 787086,
                          "Actual Loops": 4,
                          "Inner Unique": true,
                          "Hash Cond": "(ci.movie_id = t.id)",
                          "Plans": [
                            {
                              "Node Type": "Seq Scan",
                              "Parent Relationship": "Outer",
                              "Parallel Aware": true,
                              "Relation Name": "cast_info",
                              "Alias": "ci",
                              "Startup Cost": 0.0,
                              "Total Cost": 343257.03,
                              "Plan Rows": 874696,
                              "Plan Width": 4,
                              "Actual Startup Time": 504.631,
                              "Actual Total Time": 906.958,
                              "Actual Rows": 1983484,
                              "Actual Loops": 4,
                              "Filter": "((person_id > 2886161) AND (role_id > 1))",
                              "Rows Removed by Filter": 7077602
                            },
                            {
                              "Node Type": "Hash",
                              "Parent Relationship": "Inner",
                              "Parallel Aware": true,
                              "Startup Cost": 45479.1,
                              "Total Cost": 45479.1,
                              "Plan Rows": 229886,
                              "Plan Width": 4,
                              "Actual Startup Time": 179.987,
                              "Actual Total Time": 179.988,
                              "Actual Rows": 215616,
                              "Actual Loops": 4,
                              "Hash Buckets": 1048576,
                              "Original Hash Buckets": 1048576,
                              "Hash Batches": 1,
                              "Original Hash Batches": 1,
                              "Peak Memory Usage": 41984,
                              "Plans": [
                                {
                                  "Node Type": "Seq Scan",
                                  "Parent Relationship": "Outer",
                                  "Parallel Aware": true,
                                  "Relation Name": "title",
                                  "Alias": "t",
                                  "Startup Cost": 0.0,
                                  "Total Cost": 45479.1,
                                  "Plan Rows": 229886,
                                  "Plan Width": 4,
                                  "Actual Startup Time": 0.039,
                                  "Actual Total Time": 103.837,
                                  "Actual Rows": 215616,
                                  "Actual Loops": 4,
                                  "Filter": "((kind_id < 7) AND (production_year > 1929))",
                                  "Rows Removed by Filter": 416462
                                }
                              ]
                            }
                          ]
                        }
                      ]
                    }
                  ]
                }
              ]
            }
          ]
        }
      ]
    },
    "Planning Time": 0.897,
    "Triggers": [],
    "Execution Time": 3479.523
  }
]