[
  {
    "Plan": {
      "Node Type": "Aggregate",
      "Strategy": "Plain",
      "Partial Mode": "Finalize",
      "Parallel Aware": false,
      "Startup Cost": 137325.71,
      "Total Cost": 137325.72,
      "Plan Rows": 1,
      "Plan Width": 8,
      "Actual Startup Time": 99.212,
      "Actual Total Time": 127.341,
      "Actual Rows": 1,
      "Actual Loops": 1,
      "Plans": [
        {
          "Node Type": "Gather",
          "Parent Relationship": "Outer",
          "Parallel Aware": false,
          "Startup Cost": 137325.29,
          "Total Cost": 137325.7,
          "Plan Rows": 4,
          "Plan Width": 8,
          "Actual Startup Time": 98.921,
          "Actual Total Time": 127.328,
          "Actual Rows": 5,
          "Actual Loops": 1,
          "Workers Planned": 4,
          "Workers Launched": 4,
          "Single Copy": false,
          "Plans": [
            {
              "Node Type": "Aggregate",
              "Strategy": "Plain",
              "Partial Mode": "Partial",
              "Parent Relationship": "Outer",
              "Parallel Aware": false,
              "Startup Cost": 136325.29,
              "Total Cost": 136325.3,
              "Plan Rows": 1,
              "Plan Width": 8,
              "Actual Startup Time": 92.423,
              "Actual Total Time": 92.425,
              "Actual Rows": 1,
              "Actual Loops": 5,
              "Plans": [
                {
                  "Node Type": "Nested Loop",
                  "Parent Relationship": "Outer",
                  "Parallel Aware": false,
                  "Join Type": "Inner",
                  "Startup Cost": 1728.11,
                  "Total Cost": 136323.35,
                  "Plan Rows": 776,
                  "Plan Width": 0,
                  "Actual Startup Time": 8.424,
                  "Actual Total Time": 92.281,
                  "Actual Rows": 1103,
                  "Actual Loops": 5,
                  "Inner Unique": false,
                  "Plans": [
                    {
                      "Node Type": "Bitmap Heap Scan",
                      "Parent Relationship": "Outer",
                      "Parallel Aware": true,
                      "Relation Name": "title",
                      "Alias": "t",
                      "Startup Cost": 1727.55,
                      "Total Cost": 38088.69,
                      "Plan Rows": 824,
                      "Plan Width": 4,
                      "Actual Startup Time": 5.843,
                      "Actual Total Time": 19.428,
                      "Actual Rows": 727,
                      "Actual Loops": 5,
                      "Recheck Cond": "(kind_id = 3)",
                      "Rows Removed by Index Recheck": 0,
                      "Filter": "(production_year = 2004)",
                      "Rows Removed by Filter": 19380,
                      "Exact Heap Blocks": 6297,
                      "Lossy Heap Blocks": 0,
                      "Plans": [
                        {
                          "Node Type": "Bitmap Index Scan",
                          "Parent Relationship": "Outer",
                          "Parallel Aware": false,
                          "Index Name": "kind_id_title",
                          "Startup Cost": 0.0,
                          "Total Cost": 1726.72,
                          "Plan Rows": 96839,
                          "Plan Width": 0,
                          "Actual Startup Time": 8.809,
                          "Actual Total Time": 8.81,
                          "Actual Rows": 100537,
                          "Actual Loops": 1,
                          "Index Cond": "(kind_id = 3)"
                        }
                      ]
                    },
                    {
                      "Node Type": "Index Scan",
                      "Parent Relationship": "Inner",
                      "Parallel Aware": false,
                      "Scan Direction": "Forward",
                      "Index Name": "movie_id_cast_info",
                      "Relation Name": "cast_info",
                      "Alias": "ci",
                      "Startup Cost": 0.56,
                      "Total Cost": 119.2,
                      "Plan Rows": 2,
                      "Plan Width": 4,
                      "Actual Startup Time": 0.091,
                      "Actual Total Time": 0.099,
                      "Actual Rows": 2,
                      "Actual Loops": 3637,
                      "Index Cond": "(movie_id = t.id)",
                      "Rows Removed by Index Recheck": 0,
                      "Filter": "(person_id > 3610737)",
                      "Rows Removed by Filter": 19
                    }
                  ]
                }
              ]
            }
          ]
        }
      ]
    },
    "Planning Time": 0.328,
    "Triggers": [],
    "Execution Time": 127.424
  }
]