[
  {
    "Plan": {
      "Node Type": "Aggregate",
      "Strategy": "Plain",
      "Partial Mode": "Finalize",
      "Parallel Aware": false,
      "Startup Cost": 206087.84,
      "Total Cost": 206087.85,
      "Plan Rows": 1,
      "Plan Width": 64,
      "Actual Startup Time": 8736.451,
      "Actual Total Time": 8746.043,
      "Actual Rows": 1,
      "Actual Loops": 1,
      "Plans": [
        {
          "Node Type": "Gather",
          "Parent Relationship": "Outer",
          "Parallel Aware": false,
          "Startup Cost": 206087.41,
          "Total Cost": 206087.82,
          "Plan Rows": 4,
          "Plan Width": 64,
          "Actual Startup Time": 8736.437,
          "Actual Total Time": 8746.034,
          "Actual Rows": 5,
          "Actual Loops": 1,
          "Workers Planned": 4,
          "Workers Launched": 4,
          "Single Copy": false,
          "Plans": [
            {
              "Node Type": "Aggregate",
              "Strategy": "Plain",
              "Partial Mode": "Partial",
              "Parent Relationship": "Outer",
              "Parallel Aware": false,
              "Startup Cost": 205087.41,
              "Total Cost": 205087.42,
              "Plan Rows": 1,
              "Plan Width": 64,
              "Actual Startup Time": 8674.731,
              "Actual Total Time": 8674.738,
              "Actual Rows": 1,
              "Actual Loops": 5,
              "Plans": [
                {
                  "Node Type": "Nested Loop",
                  "Parent Relationship": "Outer",
                  "Parallel Aware": false,
                  "Join Type": "Inner",
                  "Startup Cost": 136374.91,
                  "Total Cost": 205074.15,
                  "Plan Rows": 2652,
                  "Plan Width": 32,
                  "Actual Startup Time": 2231.727,
                  "Actual Total Time": 8637.078,
                  "Actual Rows": 338246,
                  "Actual Loops": 5,
                  "Inner Unique": false,
                  "Join Filter": "(n.id = an.person_id)",
                  "Rows Removed by Join Filter": 0,
                  "Plans": [
                    {
                      "Node Type": "Nested Loop",
                      "Parent Relationship": "Outer",
                      "Parallel Aware": false,
                      "Join Type": "Inner",
                      "Startup Cost": 136374.49,
                      "Total Cost": 204514.32,
                      "Plan Rows": 1105,
                      "Plan Width": 40,
                      "Actual Startup Time": 2230.805,
                      "Actual Total Time": 7856.405,
                      "Actual Rows": 525686,
                      "Actual Loops": 5,
                      "Inner Unique": true,
                      "Plans": [
                        {
                          "Node Type": "Nested Loop",
                          "Parent Relationship": "Outer",
                          "Parallel Aware": false,
                          "Join Type": "Inner",
                          "Startup Cost": 136374.07,
                          "Total Cost": 203158.64,
                          "Plan Rows": 3040,
                          "Plan Width": 44,
                          "Actual Startup Time": 2230.729,
                          "Actual Total Time": 3543.58,
                          "Actual Rows": 2056216,
                          "Actual Loops": 5,
                          "Inner Unique": false,
                          "Join Filter": "(t.id = mc.movie_id)",
                          "Rows Removed by Join Filter": 0,
                          "Plans": [
                            {
                              "Node Type": "Nested Loop",
                              "Parent Relationship": "Outer",
                              "Parallel Aware": false,
                              "Join Type": "Inner",
                              "Startup Cost": 136373.64,
                              "Total Cost": 202810.77,
                              "Plan Rows": 592,
                              "Plan Width": 52,
                              "Actual Startup Time": 2230.453,
                              "Actual Total Time": 2862.949,
                              "Actual Rows": 89642,
                              "Actual Loops": 5,
                              "Inner Unique": true,
                              "Plans": [
                                {
                                  "Node Type": "Hash Join",
                                  "Parent Relationship": "Outer",
                                  "Parallel Aware": false,
                                  "Join Type": "Inner",
                                  "Startup Cost": 136373.21,
                                  "Total Cost": 202504.11,
                                  "Plan Rows": 592,
                                  "Plan Width": 56,
                                  "Actual Startup Time": 2230.358,
                                  "Actual Total Time": 2668.216,
                                  "Actual Rows": 90636,
                                  "Actual Loops": 5,
                                  "Inner Unique": true,
                                  "Hash Cond": "(mi.info_type_id = it.id)",
                                  "Plans": [
                                    {
                                      "Node Type": "Nested Loop",
                                      "Parent Relationship": "Outer",
                                      "Parallel Aware": false,
                                      "Join Type": "Inner",
                                      "Startup Cost": 136370.78,
                                      "Total Cost": 202319.42,
                                      "Plan Rows": 66928,
                                      "Plan Width": 60,
                                      "Actual Startup Time": 2229.921,
                                      "Actual Total Time": 2627.932,
                                      "Actual Rows": 405061,
                                      "Actual Loops": 5,
                                      "Inner Unique": false,
                                      "Join Filter": "(t.id = mi.movie_id)",
                                      "Rows Removed by Join Filter": 0,
                                      "Plans": [
                                        {
                                          "Node Type": "Nested Loop",
                                          "Parent Relationship": "Outer",
                                          "Parallel Aware": false,
                                          "Join Type": "Inner",
                                          "Startup Cost": 136370.35,
                                          "Total Cost": 193035.37,
                                          "Plan Rows": 4678,
                                          "Plan Width": 52,
                                          "Actual Startup Time": 2229.842,
                                          "Actual Total Time": 2407.686,
                                          "Actual Rows": 9095,
                                          "Actual Loops": 5,
                                          "Inner Unique": true,
                                          "Plans": [
                                            {
                                              "Node Type": "Hash Join",
                                              "Parent Relationship": "Outer",
                                              "Parallel Aware": false,
                                              "Join Type": "Inner",
                                              "Startup Cost": 136369.92,
                                              "Total Cost": 181880.62,
                                              "Plan Rows": 20120,
                                              "Plan Width": 33,
                                              "Actual Startup Time": 2229.753,
                                              "Actual Total Time": 2350.481,
                                              "Actual Rows": 9099,
                                              "Actual Loops": 5,
                                              "Inner Unique": false,
                                              "Hash Cond": "(t.id = ci.movie_id)",
                                              "Plans": [
                                                {
                                                  "Node Type": "Seq Scan",
                                                  "Parent Relationship": "Outer",
                                                  "Parallel Aware": true,
                                                  "Relation Name": "title",
                                                  "Alias": "t",
                                                  "Startup Cost": 0.0,
                                                  "Total Cost": 43899.32,
                                                  "Plan Rows": 225629,
                                                  "Plan Width": 21,
                                                  "Actual Startup Time": 0.057,
                                                  "Actual Total Time": 58.256,
                                                  "Actual Rows": 180898,
                                                  "Actual Loops": 5,
                                                  "Filter": "(production_year > 2006)",
                                                  "Rows Removed by Filter": 324764
                                                },
                                                {
                                                  "Node Type": "Hash",
                                                  "Parent Relationship": "Inner",
                                                  "Parallel Aware": false,
                                                  "Startup Cost": 133551.58,
                                                  "Total Cost": 133551.58,
                                                  "Plan Rows": 225467,
                                                  "Plan Width": 12,
                                                  "Actual Startup Time": 2226.613,
                                                  "Actual Total Time": 2226.615,
                                                  "Actual Rows": 168791,
                                                  "Actual Loops": 5,
                                                  "Hash Buckets": 262144,
                                                  "Original Hash Buckets": 262144,
                                                  "Hash Batches": 1,
                                                  "Original Hash Batches": 1,
                                                  "Peak Memory Usage": 9265,
                                                  "Plans": [
                                                    {
                                                      "Node Type": "Nested Loop",
                                                      "Parent Relationship": "Outer",
                                                      "Parallel Aware": false,
                                                      "Join Type": "Inner",
                                                      "Startup Cost": 0.56,
                                                      "Total Cost": 133551.58,
                                                      "Plan Rows": 225467,
                                                      "Plan Width": 12,
                                                      "Actual Startup Time": 0.336,
                                                      "Actual Total Time": 2165.318,
                                                      "Actual Rows": 168791,
                                                      "Actual Loops": 5,
                                                      "Inner Unique": false,
                                                      "Plans": [
                                                        {
                                                          "Node Type": "Seq Scan",
                                                          "Parent Relationship": "Outer",
                                                          "Parallel Aware": false,
                                                          "Relation Name": "role_type",
                                                          "Alias": "rt",
                                                          "Startup Cost": 0.0,
                                                          "Total Cost": 1.15,
                                                          "Plan Rows": 1,
                                                          "Plan Width": 4,
                                                          "Actual Startup Time": 0.071,
                                                          "Actual Total Time": 0.075,
                                                          "Actual Rows": 1,
                                                          "Actual Loops": 5,
                                                          "Filter": "((role)::text = 'actress'::text)",
                                                          "Rows Removed by Filter": 11
                                                        },
                                                        {
                                                          "Node Type": "Index Scan",
                                                          "Parent Relationship": "Inner",
                                                          "Parallel Aware": false,
                                                          "Scan Direction": "Forward",
                                                          "Index Name": "role_id_cast_info",
                                                          "Relation Name": "cast_info",
                                                          "Alias": "ci",
                                                          "Startup Cost": 0.56,
                                                          "Total Cost": 131090.79,
                                                          "Plan Rows": 245964,
                                                          "Plan Width": 16,
                                                          "Actual Startup Time": 0.258,
                                                          "Actual Total Time": 2146.266,
                                                          "Actual Rows": 168791,
                                                          "Actual Loops": 5,
                                                          "Index Cond": "(role_id = rt.id)",
                                                          "Rows Removed by Index Recheck": 0,
                                                          "Filter": "(note = ANY ('{(uncredited),(writer),(producer),\"(as Terri Colombino)\"}'::text[]))",
                                                          "Rows Removed by Filter": 7283182
                                                        }
                                                      ]
                                                    }
                                                  ]
                                                }
                                              ]
                                            },
                                            {
                                              "Node Type": "Index Scan",
                                              "Parent Relationship": "Inner",
                                              "Parallel Aware": false,
                                              "Scan Direction": "Forward",
                                              "Index Name": "name_pkey",
                                              "Relation Name": "name",
                                              "Alias": "n",
                                              "Startup Cost": 0.43,
                                              "Total Cost": 0.55,
                                              "Plan Rows": 1,
                                              "Plan Width": 19,
                                              "Actual Startup Time": 0.006,
                                              "Actual Total Time": 0.006,
                                              "Actual Rows": 1,
                                              "Actual Loops": 45496,
                                              "Index Cond": "(id = ci.person_id)",
                                              "Rows Removed by Index Recheck": 0,
                                              "Filter": "((gender)::text = 'f'::text)",
                                              "Rows Removed by Filter": 0
                                            }
                                          ]
                                        },
                                        {
                                          "Node Type": "Index Scan",
                                          "Parent Relationship": "Inner",
                                          "Parallel Aware": false,
                                          "Scan Direction": "Forward",
                                          "Index Name": "movie_id_movie_info",
                                          "Relation Name": "movie_info",
                                          "Alias": "mi",
                                          "Startup Cost": 0.43,
                                          "Total Cost": 1.47,
                                          "Plan Rows": 41,
                                          "Plan Width": 8,
                                          "Actual Startup Time": 0.005,
                                          "Actual Total Time": 0.018,
                                          "Actual Rows": 45,
                                          "Actual Loops": 45476,
                                          "Index Cond": "(movie_id = ci.movie_id)",
                                          "Rows Removed by Index Recheck": 0
                                        }
                                      ]
                                    },
                                    {
                                      "Node Type": "Hash",
                                      "Parent Relationship": "Inner",
                                      "Parallel Aware": false,
                                      "Startup Cost": 2.41,
                                      "Total Cost": 2.41,
                                      "Plan Rows": 1,
                                      "Plan Width": 4,
                                      "Actual Startup Time": 0.098,
                                      "Actual Total Time": 0.098,
                                      "Actual Rows": 1,
                                      "Actual Loops": 5,
                                      "Hash Buckets": 1024,
                                      "Original Hash Buckets": 1024,
                                      "Hash Batches": 1,
                                      "Original Hash Batches": 1,
                                      "Peak Memory Usage": 9,
                                      "Plans": [
                                        {
                                          "Node Type": "Seq Scan",
                                          "Parent Relationship": "Outer",
                                          "Parallel Aware": false,
                                          "Relation Name": "info_type",
                                          "Alias": "it",
                                          "Startup Cost": 0.0,
                                          "Total Cost": 2.41,
                                          "Plan Rows": 1,
                                          "Plan Width": 4,
                                          "Actual Startup Time": 0.057,
                                          "Actual Total Time": 0.073,
                                          "Actual Rows": 1,
                                          "Actual Loops": 5,
                                          "Filter": "((info)::text = 'release dates'::text)",
                                          "Rows Removed by Filter": 112
                                        }
                                      ]
                                    }
                                  ]
                                },
                                {
                                  "Node Type": "Index Only Scan",
                                  "Parent Relationship": "Inner",
                                  "Parallel Aware": false,
                                  "Scan Direction": "Forward",
                                  "Index Name": "char_name_pkey",
                                  "Relation Name": "char_name",
                                  "Alias": "chn",
                                  "Startup Cost": 0.43,
                                  "Total Cost": 0.52,
                                  "Plan Rows": 1,
                                  "Plan Width": 4,
                                  "Actual Startup Time": 0.002,
                                  "Actual Total Time": 0.002,
                                  "Actual Rows": 1,
                                  "Actual Loops": 453182,
                                  "Index Cond": "(id = ci.person_role_id)",
                                  "Rows Removed by Index Recheck": 0,
                                  "Heap Fetches": 448208
                                }
                              ]
                            },
                            {
                              "Node Type": "Index Scan",
                              "Parent Relationship": "Inner",
                              "Parallel Aware": false,
                              "Scan Direction": "Forward",
                              "Index Name": "movie_id_movie_companies",
                              "Relation Name": "movie_companies",
                              "Alias": "mc",
                              "Startup Cost": 0.43,
                              "Total Cost": 0.53,
                              "Plan Rows": 5,
                              "Plan Width": 8,
                              "Actual Startup Time": 0.002,
                              "Actual Total Time": 0.005,
                              "Actual Rows": 23,
                              "Actual Loops": 448208,
                              "Index Cond": "(movie_id = mi.movie_id)",
                              "Rows Removed by Index Recheck": 0
                            }
                          ]
                        },
                        {
                          "Node Type": "Index Scan",
                          "Parent Relationship": "Inner",
                          "Parallel Aware": false,
                          "Scan Direction": "Forward",
                          "Index Name": "company_name_pkey",
                          "Relation Name": "company_name",
                          "Alias": "cn",
                          "Startup Cost": 0.42,
                          "Total Cost": 0.45,
                          "Plan Rows": 1,
                          "Plan Width": 4,
                          "Actual Startup Time": 0.002,
                          "Actual Total Time": 0.002,
                          "Actual Rows": 0,
                          "Actual Loops": 10281080,
                          "Index Cond": "(id = mc.company_id)",
                          "Rows Removed by Index Recheck": 0,
                          "Filter": "((country_code)::text = '[us]'::text)",
                          "Rows Removed by Filter": 1
                        }
                      ]
                    },
                    {
                      "Node Type": "Index Only Scan",
                      "Parent Relationship": "Inner",
                      "Parallel Aware": false,
                      "Scan Direction": "Forward",
                      "Index Name": "person_id_aka_name",
                      "Relation Name": "aka_name",
                      "Alias": "an",
                      "Startup Cost": 0.42,
                      "Total Cost": 0.48,
                      "Plan Rows": 2,
                      "Plan Width": 4,
                      "Actual Startup Time": 0.001,
                      "Actual Total Time": 0.001,
                      "Actual Rows": 1,
                      "Actual Loops": 2628430,
                      "Index Cond": "(person_id = ci.person_id)",
                      "Rows Removed by Index Recheck": 0,
                      "Heap Fetches": 1691231
                    }
                  ]
                }
              ]
            }
          ]
        }
      ]
    },
    "Planning Time": 38.305,
    "Triggers": [],
    "Execution Time": 8746.676
  }
]