[
  {
    "Plan": {
      "Node Type": "Aggregate",
      "Strategy": "Plain",
      "Partial Mode": "Finalize",
      "Parallel Aware": false,
      "Startup Cost": 32879.9,
      "Total Cost": 32879.91,
      "Plan Rows": 1,
      "Plan Width": 8,
      "Actual Startup Time": 98.822,
      "Actual Total Time": 107.199,
      "Actual Rows": 1,
      "Actual Loops": 1,
      "Plans": [
        {
          "Node Type": "Gather",
          "Parent Relationship": "Outer",
          "Parallel Aware": false,
          "Startup Cost": 32879.58,
          "Total Cost": 32879.89,
          "Plan Rows": 3,
          "Plan Width": 8,
          "Actual Startup Time": 98.699,
          "Actual Total Time": 107.191,
          "Actual Rows": 4,
          "Actual Loops": 1,
          "Workers Planned": 3,
          "Workers Launched": 3,
          "Single Copy": false,
          "Plans": [
            {
              "Node Type": "Aggregate",
              "Strategy": "Plain",
              "Partial Mode": "Partial",
              "Parent Relationship": "Outer",
              "Parallel Aware": false,
              "Startup Cost": 31879.58,
              "Total Cost": 31879.59,
              "Plan Rows": 1,
              "Plan Width": 8,
              "Actual Startup Time": 91.91,
              "Actual Total Time": 91.911,
              "Actual Rows": 1,
              "Actual Loops": 4,
              "Plans": [
                {
                  "Node Type": "Seq Scan",
                  "Parent Relationship": "Outer",
                  "Parallel Aware": true,
                  "Relation Name": "movie_companies",
                  "Alias": "mc",
                  "Startup Cost": 0.0,
                  "Total Cost": 31414.82,
                  "Plan Rows": 185906,
                  "Plan Width": 0,
                  "Actual Startup Time": 46.841,
                  "Actual Total Time": 82.777,
                  "Actual Rows": 216265,
                  "Actual Loops": 4,
                  "Filter": "((company_id > 13377) AND (company_type_id > 1))",
                  "Rows Removed by Filter": 436017
                }
              ]
            }
          ]
        }
      ]
    },
    "Planning Time": 0.177,
    "Triggers": [],
    "Execution Time": 107.248
  }
]