[
  {
    "Plan": {
      "Node Type": "Aggregate",
      "Strategy": "Plain",
      "Partial Mode": "Finalize",
      "Parallel Aware": false,
      "Startup Cost": 199801.74,
      "Total Cost": 199801.75,
      "Plan Rows": 1,
      "Plan Width": 8,
      "Actual Startup Time": 236.932,
      "Actual Total Time": 250.322,
      "Actual Rows": 1,
      "Actual Loops": 1,
      "Plans": [
        {
          "Node Type": "Gather",
          "Parent Relationship": "Outer",
          "Parallel Aware": false,
          "Startup Cost": 199801.12,
          "Total Cost": 199801.73,
          "Plan Rows": 6,
          "Plan Width": 8,
          "Actual Startup Time": 236.857,
          "Actual Total Time": 250.313,
          "Actual Rows": 7,
          "Actual Loops": 1,
          "Workers Planned": 6,
          "Workers Launched": 6,
          "Single Copy": false,
          "Plans": [
            {
              "Node Type": "Aggregate",
              "Strategy": "Plain",
              "Partial Mode": "Partial",
              "Parent Relationship": "Outer",
              "Parallel Aware": false,
              "Startup Cost": 198801.12,
              "Total Cost": 198801.13,
              "Plan Rows": 1,
              "Plan Width": 8,
              "Actual Startup Time": 226.604,
              "Actual Total Time": 226.605,
              "Actual Rows": 1,
              "Actual Loops": 7,
              "Plans": [
                {
                  "Node Type": "Index Scan",
                  "Parent Relationship": "Outer",
                  "Parallel Aware": true,
                  "Scan Direction": "Forward",
                  "Index Name": "role_id_cast_info",
                  "Relation Name": "cast_info",
                  "Alias": "ci",
                  "Startup Cost": 0.56,
                  "Total Cost": 197877.72,
                  "Plan Rows": 369357,
                  "Plan Width": 0,
                  "Actual Startup Time": 13.95,
                  "Actual Total Time": 226.57,
                  "Actual Rows": 256,
                  "Actual Loops": 7,
                  "Index Cond": "(role_id = 2)",
                  "Rows Removed by Index Recheck": 0,
                  "Filter": "(person_id < 1072199)",
                  "Rows Removed by Filter": 1064312
                }
              ]
            }
          ]
        }
      ]
    },
    "Planning Time": 0.228,
    "Triggers": [],
    "Execution Time": 250.386
  }
]