[
  {
    "Plan": {
      "Node Type": "Aggregate",
      "Strategy": "Plain",
      "Partial Mode": "Finalize",
      "Parallel Aware": false,
      "Startup Cost": 37464.24,
      "Total Cost": 37464.25,
      "Plan Rows": 1,
      "Plan Width": 8,
      "Actual Startup Time": 42.729,
      "Actual Total Time": 49.706,
      "Actual Rows": 1,
      "Actual Loops": 1,
      "Plans": [
        {
          "Node Type": "Gather",
          "Parent Relationship": "Outer",
          "Parallel Aware": false,
          "Startup Cost": 37464.03,
          "Total Cost": 37464.24,
          "Plan Rows": 2,
          "Plan Width": 8,
          "Actual Startup Time": 42.36,
          "Actual Total Time": 49.7,
          "Actual Rows": 3,
          "Actual Loops": 1,
          "Workers Planned": 2,
          "Workers Launched": 2,
          "Single Copy": false,
          "Plans": [
            {
              "Node Type": "Aggregate",
              "Strategy": "Plain",
              "Partial Mode": "Partial",
              "Parent Relationship": "Outer",
              "Parallel Aware": false,
              "Startup Cost": 36464.03,
              "Total Cost": 36464.04,
              "Plan Rows": 1,
              "Plan Width": 8,
              "Actual Startup Time": 34.191,
              "Actual Total Time": 34.193,
              "Actual Rows": 1,
              "Actual Loops": 3,
              "Plans": [
                {
                  "Node Type": "Nested Loop",
                  "Parent Relationship": "Outer",
                  "Parallel Aware": false,
                  "Join Type": "Inner",
                  "Startup Cost": 168.17,
                  "Total Cost": 36464.02,
                  "Plan Rows": 2,
                  "Plan Width": 0,
                  "Actual Startup Time": 23.731,
                  "Actual Total Time": 34.184,
                  "Actual Rows": 1,
                  "Actual Loops": 3,
                  "Inner Unique": true,
                  "Plans": [
                    {
                      "Node Type": "Bitmap Heap Scan",
                      "Parent Relationship": "Outer",
                      "Parallel Aware": true,
                      "Relation Name": "movie_companies",
                      "Alias": "mc",
                      "Startup Cost": 167.74,
                      "Total Cost": 14545.69,
                      "Plan Rows": 3189,
                      "Plan Width": 4,
                      "Actual Startup Time": 2.235,
                      "Actual Total Time": 10.202,
                      "Actual Rows": 2229,
                      "Actual Loops": 3,
                      "Recheck Cond": "(company_id = 302)",
                      "Rows Removed by Index Recheck": 0,
                      "Exact Heap Blocks": 2905,
                      "Lossy Heap Blocks": 0,
                      "Plans": [
                        {
                          "Node Type": "Bitmap Index Scan",
                          "Parent Relationship": "Outer",
                          "Parallel Aware": false,
                          "Index Name": "company_id_movie_companies",
                          "Startup Cost": 0.0,
                          "Total Cost": 165.83,
                          "Plan Rows": 7653,
                          "Plan Width": 0,
                          "Actual Startup Time": 4.414,
                          "Actual Total Time": 4.415,
                          "Actual Rows": 6686,
                          "Actual Loops": 1,
                          "Index Cond": "(company_id = 302)"
                        }
                      ]
                    },
                    {
                      "Node Type": "Index Scan",
                      "Parent Relationship": "Inner",
                      "Parallel Aware": false,
                      "Scan Direction": "Forward",
                      "Index Name": "title_pkey",
                      "Relation Name": "title",
                      "Alias": "t",
                      "Startup Cost": 0.43,
                      "Total Cost": 6.87,
                      "Plan Rows": 1,
                      "Plan Width": 4,
                      "Actual Startup Time": 0.01,
                      "Actual Total Time": 0.01,
                      "Actual Rows": 0,
                      "Actual Loops": 6686,
                      "Index Cond": "(id = mc.movie_id)",
                      "Rows Removed by Index Recheck": 0,
                      "Filter": "(production_year = 1933)",
                      "Rows Removed by Filter": 1
                    }
                  ]
                }
              ]
            }
          ]
        }
      ]
    },
    "Planning Time": 0.579,
    "Triggers": [],
    "Execution Time": 49.799
  }
]