[
  {
    "Plan": {
      "Node Type": "Aggregate",
      "Strategy": "Plain",
      "Partial Mode": "Finalize",
      "Parallel Aware": false,
      "Startup Cost": 236191.91,
      "Total Cost": 236191.92,
      "Plan Rows": 1,
      "Plan Width": 8,
      "Actual Startup Time": 200.957,
      "Actual Total Time": 230.06,
      "Actual Rows": 1,
      "Actual Loops": 1,
      "Plans": [
        {
          "Node Type": "Gather",
          "Parent Relationship": "Outer",
          "Parallel Aware": false,
          "Startup Cost": 236191.49,
          "Total Cost": 236191.9,
          "Plan Rows": 4,
          "Plan Width": 8,
          "Actual Startup Time": 200.745,
          "Actual Total Time": 230.051,
          "Actual Rows": 5,
          "Actual Loops": 1,
          "Workers Planned": 4,
          "Workers Launched": 4,
          "Single Copy": false,
          "Plans": [
            {
              "Node Type": "Aggregate",
              "Strategy": "Plain",
              "Partial Mode": "Partial",
              "Parent Relationship": "Outer",
              "Parallel Aware": false,
              "Startup Cost": 235191.49,
              "Total Cost": 235191.5,
              "Plan Rows": 1,
              "Plan Width": 8,
              "Actual Startup Time": 191.06,
              "Actual Total Time": 191.062,
              "Actual Rows": 1,
              "Actual Loops": 5,
              "Plans": [
                {
                  "Node Type": "Nested Loop",
                  "Parent Relationship": "Outer",
                  "Parallel Aware": false,
                  "Join Type": "Inner",
                  "Startup Cost": 1831.44,
                  "Total Cost": 235076.48,
                  "Plan Rows": 46005,
                  "Plan Width": 0,
                  "Actual Startup Time": 16.478,
                  "Actual Total Time": 186.966,
                  "Actual Rows": 62071,
                  "Actual Loops": 5,
                  "Inner Unique": false,
                  "Plans": [
                    {
                      "Node Type": "Bitmap Heap Scan",
                      "Parent Relationship": "Outer",
                      "Parallel Aware": true,
                      "Relation Name": "title",
                      "Alias": "t",
                      "Startup Cost": 1831.0,
                      "Total Cost": 38212.35,
                      "Plan Rows": 7868,
                      "Plan Width": 4,
                      "Actual Startup Time": 16.235,
                      "Actual Total Time": 33.674,
                      "Actual Rows": 8271,
                      "Actual Loops": 5,
                      "Recheck Cond": "(kind_id = 3)",
                      "Rows Removed by Index Recheck": 0,
                      "Filter": "(production_year < 1994)",
                      "Rows Removed by Filter": 11836,
                      "Exact Heap Blocks": 4804,
                      "Lossy Heap Blocks": 0,
                      "Plans": [
                        {
                          "Node Type": "Bitmap Index Scan",
                          "Parent Relationship": "Outer",
                          "Parallel Aware": false,
                          "Index Name": "kind_id_title",
                          "Startup Cost": 0.0,
                          "Total Cost": 1823.13,
                          "Plan Rows": 102227,
                          "Plan Width": 0,
                          "Actual Startup Time": 20.48,
                          "Actual Total Time": 20.48,
                          "Actual Rows": 100537,
                          "Actual Loops": 1,
                          "Index Cond": "(kind_id = 3)"
                        }
                      ]
                    },
                    {
                      "Node Type": "Index Only Scan",
                      "Parent Relationship": "Inner",
                      "Parallel Aware": false,
                      "Scan Direction": "Forward",
                      "Index Name": "movie_id_movie_info",
                      "Relation Name": "movie_info",
                      "Alias": "mi",
                      "Startup Cost": 0.43,
                      "Total Cost": 24.6,
                      "Plan Rows": 42,
                      "Plan Width": 4,
                      "Actual Startup Time": 0.008,
                      "Actual Total Time": 0.018,
                      "Actual Rows": 8,
                      "Actual Loops": 41357,
                      "Index Cond": "(movie_id = t.id)",
                      "Rows Removed by Index Recheck": 0,
                      "Heap Fetches": 310353
                    }
                  ]
                }
              ]
            }
          ]
        }
      ]
    },
    "Planning Time": 0.615,
    "Triggers": [],
    "Execution Time": 230.156
  }
]