[
  {
    "Plan": {
      "Node Type": "Aggregate",
      "Strategy": "Plain",
      "Partial Mode": "Finalize",
      "Parallel Aware": false,
      "Startup Cost": 46482.55,
      "Total Cost": 46482.56,
      "Plan Rows": 1,
      "Plan Width": 8,
      "Actual Startup Time": 90.51,
      "Actual Total Time": 103.577,
      "Actual Rows": 1,
      "Actual Loops": 1,
      "Plans": [
        {
          "Node Type": "Gather",
          "Parent Relationship": "Outer",
          "Parallel Aware": false,
          "Startup Cost": 46482.13,
          "Total Cost": 46482.54,
          "Plan Rows": 4,
          "Plan Width": 8,
          "Actual Startup Time": 90.388,
          "Actual Total Time": 103.569,
          "Actual Rows": 5,
          "Actual Loops": 1,
          "Workers Planned": 4,
          "Workers Launched": 4,
          "Single Copy": false,
          "Plans": [
            {
              "Node Type": "Aggregate",
              "Strategy": "Plain",
              "Partial Mode": "Partial",
              "Parent Relationship": "Outer",
              "Parallel Aware": false,
              "Startup Cost": 45482.13,
              "Total Cost": 45482.14,
              "Plan Rows": 1,
              "Plan Width": 8,
              "Actual Startup Time": 84.044,
              "Actual Total Time": 84.045,
              "Actual Rows": 1,
              "Actual Loops": 5,
              "Plans": [
                {
                  "Node Type": "Seq Scan",
                  "Parent Relationship": "Outer",
                  "Parallel Aware": true,
                  "Relation Name": "title",
                  "Alias": "t",
                  "Startup Cost": 0.0,
                  "Total Cost": 45479.1,
                  "Plan Rows": 1212,
                  "Plan Width": 0,
                  "Actual Startup Time": 0.409,
                  "Actual Total Time": 83.927,
                  "Actual Rows": 804,
                  "Actual Loops": 5,
                  "Filter": "((kind_id > 3) AND (production_year = 1954))",
                  "Rows Removed by Filter": 504858
                }
              ]
            }
          ]
        }
      ]
    },
    "Planning Time": 0.155,
    "Triggers": [],
    "Execution Time": 103.628
  }
]