[
  {
    "Plan": {
      "Node Type": "Aggregate",
      "Strategy": "Plain",
      "Partial Mode": "Finalize",
      "Parallel Aware": false,
      "Startup Cost": 48048.12,
      "Total Cost": 48048.13,
      "Plan Rows": 1,
      "Plan Width": 8,
      "Actual Startup Time": 48.514,
      "Actual Total Time": 53.785,
      "Actual Rows": 1,
      "Actual Loops": 1,
      "Plans": [
        {
          "Node Type": "Gather",
          "Parent Relationship": "Outer",
          "Parallel Aware": false,
          "Startup Cost": 48047.8,
          "Total Cost": 48048.11,
          "Plan Rows": 3,
          "Plan Width": 8,
          "Actual Startup Time": 48.053,
          "Actual Total Time": 53.778,
          "Actual Rows": 4,
          "Actual Loops": 1,
          "Workers Planned": 3,
          "Workers Launched": 3,
          "Single Copy": false,
          "Plans": [
            {
              "Node Type": "Aggregate",
              "Strategy": "Plain",
              "Partial Mode": "Partial",
              "Parent Relationship": "Outer",
              "Parallel Aware": false,
              "Startup Cost": 47047.8,
              "Total Cost": 47047.81,
              "Plan Rows": 1,
              "Plan Width": 8,
              "Actual Startup Time": 44.596,
              "Actual Total Time": 44.598,
              "Actual Rows": 1,
              "Actual Loops": 4,
              "Plans": [
                {
                  "Node Type": "Nested Loop",
                  "Parent Relationship": "Outer",
                  "Parallel Aware": false,
                  "Join Type": "Inner",
                  "Startup Cost": 20335.56,
                  "Total Cost": 47047.76,
                  "Plan Rows": 17,
                  "Plan Width": 0,
                  "Actual Startup Time": 40.812,
                  "Actual Total Time": 44.589,
                  "Actual Rows": 24,
                  "Actual Loops": 4,
                  "Inner Unique": true,
                  "Join Filter": "(mc.movie_id = t.id)",
                  "Rows Removed by Join Filter": 0,
                  "Plans": [
                    {
                      "Node Type": "Hash Join",
                      "Parent Relationship": "Outer",
                      "Parallel Aware": true,
                      "Join Type": "Inner",
                      "Startup Cost": 20335.13,
                      "Total Cost": 45115.17,
                      "Plan Rows": 583,
                      "Plan Width": 8,
                      "Actual Startup Time": 40.484,
                      "Actual Total Time": 43.088,
                      "Actual Rows": 185,
                      "Actual Loops": 4,
                      "Inner Unique": false,
                      "Hash Cond": "(mk.movie_id = mc.movie_id)",
                      "Plans": [
                        {
                          "Node Type": "Bitmap Heap Scan",
                          "Parent Relationship": "Outer",
                          "Parallel Aware": true,
                          "Relation Name": "movie_keyword",
                          "Alias": "mk",
                          "Startup Cost": 1221.45,
                          "Total Cost": 25906.98,
                          "Plan Rows": 18523,
                          "Plan Width": 4,
                          "Actual Startup Time": 10.181,
                          "Actual Total Time": 35.454,
                          "Actual Rows": 12924,
                          "Actual Loops": 4,
                          "Recheck Cond": "(keyword_id < 52)",
                          "Rows Removed by Index Recheck": 0,
                          "Exact Heap Blocks": 8274,
                          "Lossy Heap Blocks": 0,
                          "Plans": [
                            {
                              "Node Type": "Bitmap Index Scan",
                              "Parent Relationship": "Outer",
                              "Parallel Aware": false,
                              "Index Name": "keyword_id_movie_keyword",
                              "Startup Cost": 0.0,
                              "Total Cost": 1207.09,
                              "Plan Rows": 57421,
                              "Plan Width": 0,
                              "Actual Startup Time": 6.449,
                              "Actual Total Time": 6.45,
                              "Actual Rows": 51698,
                              "Actual Loops": 1,
                              "Index Cond": "(keyword_id < 52)"
                            }
                          ]
                        },
                        {
                          "Node Type": "Hash",
                          "Parent Relationship": "Inner",
                          "Parallel Aware": true,
                          "Startup Cost": 19052.25,
                          "Total Cost": 19052.25,
                          "Plan Rows": 4915,
                          "Plan Width": 4,
                          "Actual Startup Time": 3.796,
                          "Actual Total Time": 3.796,
                          "Actual Rows": 4140,
                          "Actual Loops": 4,
                          "Hash Buckets": 16384,
                          "Original Hash Buckets": 16384,
                          "Hash Batches": 1,
                          "Original Hash Batches": 1,
                          "Peak Memory Usage": 864,
                          "Plans": [
                            {
                              "Node Type": "Bitmap Heap Scan",
                              "Parent Relationship": "Outer",
                              "Parallel Aware": true,
                              "Relation Name": "movie_companies",
                              "Alias": "mc",
                              "Startup Cost": 330.51,
                              "Total Cost": 19052.25,
                              "Plan Rows": 4915,
                              "Plan Width": 4,
                              "Actual Startup Time": 0.274,
                              "Actual Total Time": 2.545,
                              "Actual Rows": 4140,
                              "Actual Loops": 4,
                              "Recheck Cond": "(company_id > 219405)",
                              "Rows Removed by Index Recheck": 0,
                              "Exact Heap Blocks": 445,
                              "Lossy Heap Blocks": 0,
                              "Plans": [
                                {
                                  "Node Type": "Bitmap Index Scan",
                                  "Parent Relationship": "Outer",
                                  "Parallel Aware": false,
                                  "Index Name": "company_id_movie_companies",
                                  "Startup Cost": 0.0,
                                  "Total Cost": 326.7,
                                  "Plan Rows": 15236,
                                  "Plan Width": 0,
                                  "Actual Startup Time": 0.872,
                                  "Actual Total Time": 0.872,
                                  "Actual Rows": 16561,
                                  "Actual Loops": 1,
                                  "Index Cond": "(company_id > 219405)"
                                }
                              ]
                            }
                          ]
                        }
                      ]
                    },
                    {
                      "Node Type": "Index Scan",
                      "Parent Relationship": "Inner",
                      "Parallel Aware": false,
                      "Scan Direction": "Forward",
                      "Index Name": "title_pkey",
                      "Relation Name": "title",
                      "Alias": "t",
                      "Startup Cost": 0.43,
                      "Total Cost": 3.3,
                      "Plan Rows": 1,
                      "Plan Width": 4,
                      "Actual Startup Time": 0.008,
                      "Actual Total Time": 0.008,
                      "Actual Rows": 0,
                      "Actual Loops": 740,
                      "Index Cond": "(id = mk.movie_id)",
                      "Rows Removed by Index Recheck": 0,
                      "Filter": "(production_year < 1971)",
                      "Rows Removed by Filter": 1
                    }
                  ]
                }
              ]
            }
          ]
        }
      ]
    },
    "Planning Time": 0.603,
    "Triggers": [],
    "Execution Time": 53.84
  }
]