{
  "Plan": {
    "Node Type": "Aggregate",
    "Strategy": "Plain",
    "Partial Mode": "Finalize",
    "Parallel Aware": false,
    "Startup Cost": 363040.13,
    "Total Cost": 363040.14,
    "Plan Rows": 1,
    "Plan Width": 8,
    "Actual Startup Time": 3484.473,
    "Actual Total Time": 3524.572,
    "Actual Rows": 1,
    "Actual Loops": 1,
    "Plans": [
      {
        "Node Type": "Gather",
        "Parent Relationship": "Outer",
        "Parallel Aware": false,
        "Startup Cost": 363040.02,
        "Total Cost": 363040.13,
        "Plan Rows": 1,
        "Plan Width": 8,
        "Actual Startup Time": 3479.844,
        "Actual Total Time": 3524.563,
        "Actual Rows": 2,
        "Actual Loops": 1,
        "Workers Planned": 1,
        "Workers Launched": 1,
        "Single Copy": false,
        "Plans": [
          {
            "Node Type": "Aggregate",
            "Strategy": "Plain",
            "Partial Mode": "Partial",
            "Parent Relationship": "Outer",
            "Parallel Aware": false,
            "Startup Cost": 362040.02,
            "Total Cost": 362040.03,
            "Plan Rows": 1,
            "Plan Width": 8,
            "Actual Startup Time": 3468.34,
            "Actual Total Time": 3468.344,
            "Actual Rows": 1,
            "Actual Loops": 2,
            "Plans": [
              {
                "Node Type": "Hash Join",
                "Parent Relationship": "Outer",
                "Parallel Aware": true,
                "Join Type": "Inner",
                "Startup Cost": 71029.43,
                "Total Cost": 342812.92,
                "Plan Rows": 7690842,
                "Plan Width": 0,
                "Actual Startup Time": 517.208,
                "Actual Total Time": 3224.553,
                "Actual Rows": 6139984,
                "Actual Loops": 2,
                "Inner Unique": true,
                "Hash Cond": "(mi.movie_id = t.id)",
                "Plans": [
                  {
                    "Node Type": "Seq Scan",
                    "Parent Relationship": "Outer",
                    "Parallel Aware": true,
                    "Relation Name": "movie_info",
                    "Alias": "mi",
                    "Startup Cost": 0.0,
                    "Total Cost": 248955.74,
                    "Plan Rows": 8696274,
                    "Plan Width": 4,
                    "Actual Startup Time": 0.008,
                    "Actual Total Time": 596.205,
                    "Actual Rows": 7417860,
                    "Actual Loops": 2
                  },
                  {
                    "Node Type": "Hash",
                    "Parent Relationship": "Inner",
                    "Parallel Aware": true,
                    "Startup Cost": 54588.39,
                    "Total Cost": 54588.39,
                    "Plan Rows": 1315283,
                    "Plan Width": 4,
                    "Actual Startup Time": 495.208,
                    "Actual Total Time": 495.209,
                    "Actual Rows": 1112668,
                    "Actual Loops": 2,
                    "Hash Buckets": 4194304,
                    "Original Hash Buckets": 4194304,
                    "Hash Batches": 1,
                    "Original Hash Batches": 1,
                    "Peak Memory Usage": 119840,
                    "Plans": [
                      {
                        "Node Type": "Seq Scan",
                        "Parent Relationship": "Outer",
                        "Parallel Aware": true,
                        "Relation Name": "title",
                        "Alias": "t",
                        "Startup Cost": 0.0,
                        "Total Cost": 54588.39,
                        "Plan Rows": 1315283,
                        "Plan Width": 4,
                        "Actual Startup Time": 0.027,
                        "Actual Total Time": 176.352,
                        "Actual Rows": 1112668,
                        "Actual Loops": 2,
                        "Filter": "(production_year > 1958)",
                        "Rows Removed by Filter": 151488
                      }
                    ]
                  }
                ]
              }
            ]
          }
        ]
      }
    ]
  },
  "Planning Time": 0.641,
  "Triggers": [],
  "Execution Time": 3524.642
}