[
  {
    "Plan": {
      "Node Type": "Aggregate",
      "Strategy": "Plain",
      "Partial Mode": "Finalize",
      "Parallel Aware": false,
      "Startup Cost": 47106.85,
      "Total Cost": 47106.86,
      "Plan Rows": 1,
      "Plan Width": 8,
      "Actual Startup Time": 160.044,
      "Actual Total Time": 169.203,
      "Actual Rows": 1,
      "Actual Loops": 1,
      "Plans": [
        {
          "Node Type": "Gather",
          "Parent Relationship": "Outer",
          "Parallel Aware": false,
          "Startup Cost": 47106.53,
          "Total Cost": 47106.84,
          "Plan Rows": 3,
          "Plan Width": 8,
          "Actual Startup Time": 159.926,
          "Actual Total Time": 169.195,
          "Actual Rows": 4,
          "Actual Loops": 1,
          "Workers Planned": 3,
          "Workers Launched": 3,
          "Single Copy": false,
          "Plans": [
            {
              "Node Type": "Aggregate",
              "Strategy": "Plain",
              "Partial Mode": "Partial",
              "Parent Relationship": "Outer",
              "Parallel Aware": false,
              "Startup Cost": 46106.53,
              "Total Cost": 46106.54,
              "Plan Rows": 1,
              "Plan Width": 8,
              "Actual Startup Time": 154.91,
              "Actual Total Time": 154.911,
              "Actual Rows": 1,
              "Actual Loops": 4,
              "Plans": [
                {
                  "Node Type": "Seq Scan",
                  "Parent Relationship": "Outer",
                  "Parallel Aware": true,
                  "Relation Name": "movie_keyword",
                  "Alias": "mk",
                  "Startup Cost": 0.0,
                  "Total Cost": 42695.65,
                  "Plan Rows": 1364352,
                  "Plan Width": 0,
                  "Actual Startup Time": 0.034,
                  "Actual Total Time": 112.364,
                  "Actual Rows": 1056404,
                  "Actual Loops": 4,
                  "Filter": "(keyword_id < 54114)",
                  "Rows Removed by Filter": 74579
                }
              ]
            }
          ]
        }
      ]
    },
    "Planning Time": 0.096,
    "Triggers": [],
    "Execution Time": 169.235
  }
]