[
  {
    "Plan": {
      "Node Type": "Aggregate",
      "Strategy": "Plain",
      "Partial Mode": "Finalize",
      "Parallel Aware": false,
      "Startup Cost": 44622.74,
      "Total Cost": 44622.75,
      "Plan Rows": 1,
      "Plan Width": 8,
      "Actual Startup Time": 122.834,
      "Actual Total Time": 130.612,
      "Actual Rows": 1,
      "Actual Loops": 1,
      "Plans": [
        {
          "Node Type": "Gather",
          "Parent Relationship": "Outer",
          "Parallel Aware": false,
          "Startup Cost": 44622.42,
          "Total Cost": 44622.73,
          "Plan Rows": 3,
          "Plan Width": 8,
          "Actual Startup Time": 122.73,
          "Actual Total Time": 130.604,
          "Actual Rows": 4,
          "Actual Loops": 1,
          "Workers Planned": 3,
          "Workers Launched": 3,
          "Single Copy": false,
          "Plans": [
            {
              "Node Type": "Aggregate",
              "Strategy": "Plain",
              "Partial Mode": "Partial",
              "Parent Relationship": "Outer",
              "Parallel Aware": false,
              "Startup Cost": 43622.42,
              "Total Cost": 43622.43,
              "Plan Rows": 1,
              "Plan Width": 8,
              "Actual Startup Time": 116.132,
              "Actual Total Time": 116.133,
              "Actual Rows": 1,
              "Actual Loops": 4,
              "Plans": [
                {
                  "Node Type": "Seq Scan",
                  "Parent Relationship": "Outer",
                  "Parallel Aware": true,
                  "Relation Name": "movie_keyword",
                  "Alias": "mk",
                  "Startup Cost": 0.0,
                  "Total Cost": 42695.65,
                  "Plan Rows": 370707,
                  "Plan Width": 0,
                  "Actual Startup Time": 3.254,
                  "Actual Total Time": 102.07,
                  "Actual Rows": 287562,
                  "Actual Loops": 4,
                  "Filter": "(keyword_id > 16184)",
                  "Rows Removed by Filter": 843420
                }
              ]
            }
          ]
        }
      ]
    },
    "Planning Time": 0.229,
    "Triggers": [],
    "Execution Time": 130.674
  }
]