[
  {
    "Plan": {
      "Node Type": "Aggregate",
      "Strategy": "Plain",
      "Partial Mode": "Finalize",
      "Parallel Aware": false,
      "Startup Cost": 339376.04,
      "Total Cost": 339376.05,
      "Plan Rows": 1,
      "Plan Width": 8,
      "Actual Startup Time": 764.571,
      "Actual Total Time": 809.282,
      "Actual Rows": 1,
      "Actual Loops": 1,
      "Plans": [
        {
          "Node Type": "Gather",
          "Parent Relationship": "Outer",
          "Parallel Aware": false,
          "Startup Cost": 339375.42,
          "Total Cost": 339376.03,
          "Plan Rows": 6,
          "Plan Width": 8,
          "Actual Startup Time": 764.406,
          "Actual Total Time": 809.266,
          "Actual Rows": 7,
          "Actual Loops": 1,
          "Workers Planned": 6,
          "Workers Launched": 6,
          "Single Copy": false,
          "Plans": [
            {
              "Node Type": "Aggregate",
              "Strategy": "Plain",
              "Partial Mode": "Partial",
              "Parent Relationship": "Outer",
              "Parallel Aware": false,
              "Startup Cost": 338375.42,
              "Total Cost": 338375.43,
              "Plan Rows": 1,
              "Plan Width": 8,
              "Actual Startup Time": 757.186,
              "Actual Total Time": 757.187,
              "Actual Rows": 1,
              "Actual Loops": 7,
              "Plans": [
                {
                  "Node Type": "Seq Scan",
                  "Parent Relationship": "Outer",
                  "Parallel Aware": true,
                  "Relation Name": "cast_info",
                  "Alias": "ci",
                  "Startup Cost": 0.0,
                  "Total Cost": 328211.39,
                  "Plan Rows": 4065610,
                  "Plan Width": 0,
                  "Actual Startup Time": 0.042,
                  "Actual Total Time": 597.069,
                  "Actual Rows": 3501701,
                  "Actual Loops": 7,
                  "Filter": "(person_id < 2519225)",
                  "Rows Removed by Filter": 1676063
                }
              ]
            }
          ]
        }
      ]
    },
    "Planning Time": 0.211,
    "Triggers": [],
    "Execution Time": 809.356
  }
]