[
  {
    "Plan": {
      "Node Type": "Aggregate",
      "Strategy": "Plain",
      "Partial Mode": "Finalize",
      "Parallel Aware": false,
      "Startup Cost": 437116.17,
      "Total Cost": 437116.18,
      "Plan Rows": 1,
      "Plan Width": 8,
      "Actual Startup Time": 2282.599,
      "Actual Total Time": 2349.233,
      "Actual Rows": 1,
      "Actual Loops": 1,
      "Plans": [
        {
          "Node Type": "Gather",
          "Parent Relationship": "Outer",
          "Parallel Aware": false,
          "Startup Cost": 437115.55,
          "Total Cost": 437116.16,
          "Plan Rows": 6,
          "Plan Width": 8,
          "Actual Startup Time": 2272.396,
          "Actual Total Time": 2349.208,
          "Actual Rows": 7,
          "Actual Loops": 1,
          "Workers Planned": 6,
          "Workers Launched": 6,
          "Single Copy": false,
          "Plans": [
            {
              "Node Type": "Aggregate",
              "Strategy": "Plain",
              "Partial Mode": "Partial",
              "Parent Relationship": "Outer",
              "Parallel Aware": false,
              "Startup Cost": 436115.55,
              "Total Cost": 436115.56,
              "Plan Rows": 1,
              "Plan Width": 8,
              "Actual Startup Time": 2260.226,
              "Actual Total Time": 2260.289,
              "Actual Rows": 1,
              "Actual Loops": 7,
              "Plans": [
                {
                  "Node Type": "Hash Join",
                  "Parent Relationship": "Outer",
                  "Parallel Aware": true,
                  "Join Type": "Inner",
                  "Startup Cost": 80386.16,
                  "Total Cost": 432528.26,
                  "Plan Rows": 1434914,
                  "Plan Width": 0,
                  "Actual Startup Time": 371.346,
                  "Actual Total Time": 2153.206,
                  "Actual Rows": 2568689,
                  "Actual Loops": 7,
                  "Inner Unique": false,
                  "Hash Cond": "(ci.movie_id = t.id)",
                  "Plans": [
                    {
                      "Node Type": "Seq Scan",
                      "Parent Relationship": "Outer",
                      "Parallel Aware": true,
                      "Relation Name": "cast_info",
                      "Alias": "ci",
                      "Startup Cost": 0.0,
                      "Total Cost": 328162.03,
                      "Plan Rows": 5160352,
                      "Plan Width": 4,
                      "Actual Startup Time": 52.221,
                      "Actual Total Time": 615.471,
                      "Actual Rows": 4400630,
                      "Actual Loops": 7,
                      "Filter": "(person_id > 524903)",
                      "Rows Removed by Filter": 777133
                    },
                    {
                      "Node Type": "Hash",
                      "Parent Relationship": "Inner",
                      "Parallel Aware": true,
                      "Startup Cost": 77551.36,
                      "Total Cost": 77551.36,
                      "Plan Rows": 226784,
                      "Plan Width": 8,
                      "Actual Startup Time": 315.346,
                      "Actual Total Time": 315.407,
                      "Actual Rows": 142717,
                      "Actual Loops": 7,
                      "Hash Buckets": 1048576,
                      "Original Hash Buckets": 1048576,
                      "Hash Batches": 1,
                      "Original Hash Batches": 1,
                      "Peak Memory Usage": 47360,
                      "Plans": [
                        {
                          "Node Type": "Hash Join",
                          "Parent Relationship": "Outer",
                          "Parallel Aware": true,
                          "Join Type": "Inner",
                          "Startup Cost": 46165.97,
                          "Total Cost": 77551.36,
                          "Plan Rows": 226784,
                          "Plan Width": 8,
                          "Actual Startup Time": 133.119,
                          "Actual Total Time": 263.082,
                          "Actual Rows": 142717,
                          "Actual Loops": 7,
                          "Inner Unique": true,
                          "Hash Cond": "(mc.movie_id = t.id)",
                          "Plans": [
                            {
                              "Node Type": "Seq Scan",
                              "Parent Relationship": "Outer",
                              "Parallel Aware": true,
                              "Relation Name": "movie_companies",
                              "Alias": "mc",
                              "Startup Cost": 0.0,
                              "Total Cost": 29310.68,
                              "Plan Rows": 790366,
                              "Plan Width": 4,
                              "Actual Startup Time": 0.029,
                              "Actual Total Time": 49.277,
                              "Actual Rows": 349574,
                              "Actual Loops": 7,
                              "Filter": "(company_id > 27)",
                              "Rows Removed by Filter": 23159
                            },
                            {
                              "Node Type": "Hash",
                              "Parent Relationship": "Inner",
                              "Parallel Aware": true,
                              "Startup Cost": 43898.92,
                              "Total Cost": 43898.92,
                              "Plan Rows": 181364,
                              "Plan Width": 4,
                              "Actual Startup Time": 131.204,
                              "Actual Total Time": 131.205,
                              "Actual Rows": 104426,
                              "Actual Loops": 7,
                              "Hash Buckets": 1048576,
                              "Original Hash Buckets": 1048576,
                              "Hash Batches": 1,
                              "Original Hash Batches": 1,
                              "Peak Memory Usage": 36864,
                              "Plans": [
                                {
                                  "Node Type": "Seq Scan",
                                  "Parent Relationship": "Outer",
                                  "Parallel Aware": true,
                                  "Relation Name": "title",
                                  "Alias": "t",
                                  "Startup Cost": 0.0,
                                  "Total Cost": 43898.92,
                                  "Plan Rows": 181364,
                                  "Plan Width": 4,
                                  "Actual Startup Time": 0.046,
                                  "Actual Total Time": 77.728,
                                  "Actual Rows": 104426,
                                  "Actual Loops": 7,
                                  "Filter": "(production_year < 1992)",
                                  "Rows Removed by Filter": 256761
                                }
                              ]
                            }
                          ]
                        }
                      ]
                    }
                  ]
                }
              ]
            }
          ]
        }
      ]
    },
    "Planning Time": 1.536,
    "Triggers": [],
    "Execution Time": 2349.333
  }
]