[
    {
        "Bao": {
            "Bao prediction": "NaN",
            "Bao recommended hint": "(no hint)"
        }
    },
    {
        "Plan": {
            "Node Type": "Aggregate",
            "Strategy": "Plain",
            "Partial Mode": "Finalize",
            "Parallel Aware": false,
            "Startup Cost": 309505.12,
            "Total Cost": 309505.13,
            "Plan Rows": 1,
            "Plan Width": 8,
            "Actual Startup Time": 310.156,
            "Actual Total Time": 315.41,
            "Actual Rows": 1,
            "Actual Loops": 1,
            "Output": [
                "count(*)"
            ],
            "Plans": [
                {
                    "Node Type": "Gather",
                    "Parent Relationship": "Outer",
                    "Parallel Aware": false,
                    "Startup Cost": 309504.5,
                    "Total Cost": 309505.11,
                    "Plan Rows": 6,
                    "Plan Width": 8,
                    "Actual Startup Time": 309.573,
                    "Actual Total Time": 315.4,
                    "Actual Rows": 7,
                    "Actual Loops": 1,
                    "Output": [
                        "(PARTIAL count(*))"
                    ],
                    "Workers Planned": 6,
                    "Workers Launched": 6,
                    "Single Copy": false,
                    "Plans": [
                        {
                            "Node Type": "Aggregate",
                            "Strategy": "Plain",
                            "Partial Mode": "Partial",
                            "Parent Relationship": "Outer",
                            "Parallel Aware": false,
                            "Startup Cost": 308504.5,
                            "Total Cost": 308504.51,
                            "Plan Rows": 1,
                            "Plan Width": 8,
                            "Actual Startup Time": 298.932,
                            "Actual Total Time": 298.934,
                            "Actual Rows": 1,
                            "Actual Loops": 7,
                            "Output": [
                                "PARTIAL count(*)"
                            ],
                            "Workers": [
                                {
                                    "Worker Number": 0,
                                    "Actual Startup Time": 296.779,
                                    "Actual Total Time": 296.78,
                                    "Actual Rows": 1,
                                    "Actual Loops": 1
                                },
                                {
                                    "Worker Number": 1,
                                    "Actual Startup Time": 296.982,
                                    "Actual Total Time": 296.984,
                                    "Actual Rows": 1,
                                    "Actual Loops": 1
                                },
                                {
                                    "Worker Number": 2,
                                    "Actual Startup Time": 297.232,
                                    "Actual Total Time": 297.234,
                                    "Actual Rows": 1,
                                    "Actual Loops": 1
                                },
                                {
                                    "Worker Number": 3,
                                    "Actual Startup Time": 297.236,
                                    "Actual Total Time": 297.237,
                                    "Actual Rows": 1,
                                    "Actual Loops": 1
                                },
                                {
                                    "Worker Number": 4,
                                    "Actual Startup Time": 297.315,
                                    "Actual Total Time": 297.316,
                                    "Actual Rows": 1,
                                    "Actual Loops": 1
                                },
                                {
                                    "Worker Number": 5,
                                    "Actual Startup Time": 297.954,
                                    "Actual Total Time": 297.956,
                                    "Actual Rows": 1,
                                    "Actual Loops": 1
                                }
                            ],
                            "Plans": [
                                {
                                    "Node Type": "Bitmap Heap Scan",
                                    "Parent Relationship": "Outer",
                                    "Parallel Aware": true,
                                    "Relation Name": "cast_info",
                                    "Schema": "public",
                                    "Alias": "ci",
                                    "Startup Cost": 49399.31,
                                    "Total Cost": 307687.91,
                                    "Plan Rows": 326635,
                                    "Plan Width": 0,
                                    "Actual Startup Time": 184.974,
                                    "Actual Total Time": 280.371,
                                    "Actual Rows": 306810,
                                    "Actual Loops": 7,
                                    "Recheck Cond": "(ci.person_id < 218827)",
                                    "Rows Removed by Index Recheck": 0,
                                    "Filter": "(ci.role_id < 10)",
                                    "Rows Removed by Filter": 13691,
                                    "Exact Heap Blocks": 3696,
                                    "Lossy Heap Blocks": 0,
                                    "Workers": [
                                        {
                                            "Worker Number": 0,
                                            "Actual Startup Time": 183.029,
                                            "Actual Total Time": 278.665,
                                            "Actual Rows": 320116,
                                            "Actual Loops": 1
                                        },
                                        {
                                            "Worker Number": 1,
                                            "Actual Startup Time": 183.128,
                                            "Actual Total Time": 278.875,
                                            "Actual Rows": 320009,
                                            "Actual Loops": 1
                                        },
                                        {
                                            "Worker Number": 2,
                                            "Actual Startup Time": 183.567,
                                            "Actual Total Time": 279.6,
                                            "Actual Rows": 310486,
                                            "Actual Loops": 1
                                        },
                                        {
                                            "Worker Number": 3,
                                            "Actual Startup Time": 183.238,
                                            "Actual Total Time": 279.102,
                                            "Actual Rows": 227034,
                                            "Actual Loops": 1
                                        },
                                        {
                                            "Worker Number": 4,
                                            "Actual Startup Time": 183.314,
                                            "Actual Total Time": 279.524,
                                            "Actual Rows": 311562,
                                            "Actual Loops": 1
                                        },
                                        {
                                            "Worker Number": 5,
                                            "Actual Startup Time": 183.952,
                                            "Actual Total Time": 279.923,
                                            "Actual Rows": 319051,
                                            "Actual Loops": 1
                                        }
                                    ],
                                    "Plans": [
                                        {
                                            "Node Type": "Bitmap Index Scan",
                                            "Parent Relationship": "Outer",
                                            "Parallel Aware": false,
                                            "Index Name": "person_id_cast_info",
                                            "Startup Cost": 0.0,
                                            "Total Cost": 48909.36,
                                            "Plan Rows": 2240639,
                                            "Plan Width": 0,
                                            "Actual Startup Time": 188.972,
                                            "Actual Total Time": 188.973,
                                            "Actual Rows": 2243503,
                                            "Actual Loops": 1,
                                            "Index Cond": "(ci.person_id < 218827)"
                                        }
                                    ]
                                }
                            ]
                        }
                    ]
                }
            ]
        },
        "Planning Time": 305.818,
        "Triggers": [],
        "Execution Time": 315.492
    }
]