[
    {
        "Bao": {
            "Bao prediction": "NaN",
            "Bao recommended hint": "(no hint)"
        }
    },
    {
        "Plan": {
            "Node Type": "Aggregate",
            "Strategy": "Plain",
            "Partial Mode": "Finalize",
            "Parallel Aware": false,
            "Startup Cost": 28846.41,
            "Total Cost": 28846.42,
            "Plan Rows": 1,
            "Plan Width": 8,
            "Actual Startup Time": 82.928,
            "Actual Total Time": 87.636,
            "Actual Rows": 1,
            "Actual Loops": 1,
            "Output": [
                "count(*)"
            ],
            "Plans": [
                {
                    "Node Type": "Gather",
                    "Parent Relationship": "Outer",
                    "Parallel Aware": false,
                    "Startup Cost": 28846.09,
                    "Total Cost": 28846.4,
                    "Plan Rows": 3,
                    "Plan Width": 8,
                    "Actual Startup Time": 82.617,
                    "Actual Total Time": 87.63,
                    "Actual Rows": 4,
                    "Actual Loops": 1,
                    "Output": [
                        "(PARTIAL count(*))"
                    ],
                    "Workers Planned": 3,
                    "Workers Launched": 3,
                    "Single Copy": false,
                    "Plans": [
                        {
                            "Node Type": "Aggregate",
                            "Strategy": "Plain",
                            "Partial Mode": "Partial",
                            "Parent Relationship": "Outer",
                            "Parallel Aware": false,
                            "Startup Cost": 27846.09,
                            "Total Cost": 27846.1,
                            "Plan Rows": 1,
                            "Plan Width": 8,
                            "Actual Startup Time": 73.867,
                            "Actual Total Time": 73.868,
                            "Actual Rows": 1,
                            "Actual Loops": 4,
                            "Output": [
                                "PARTIAL count(*)"
                            ],
                            "Workers": [
                                {
                                    "Worker Number": 0,
                                    "Actual Startup Time": 70.644,
                                    "Actual Total Time": 70.646,
                                    "Actual Rows": 1,
                                    "Actual Loops": 1
                                },
                                {
                                    "Worker Number": 1,
                                    "Actual Startup Time": 71.121,
                                    "Actual Total Time": 71.122,
                                    "Actual Rows": 1,
                                    "Actual Loops": 1
                                },
                                {
                                    "Worker Number": 2,
                                    "Actual Startup Time": 71.347,
                                    "Actual Total Time": 71.348,
                                    "Actual Rows": 1,
                                    "Actual Loops": 1
                                }
                            ],
                            "Plans": [
                                {
                                    "Node Type": "Bitmap Heap Scan",
                                    "Parent Relationship": "Outer",
                                    "Parallel Aware": true,
                                    "Relation Name": "movie_companies",
                                    "Schema": "public",
                                    "Alias": "mc",
                                    "Startup Cost": 7286.12,
                                    "Total Cost": 27712.41,
                                    "Plan Rows": 53470,
                                    "Plan Width": 0,
                                    "Actual Startup Time": 19.319,
                                    "Actual Total Time": 69.018,
                                    "Actual Rows": 65149,
                                    "Actual Loops": 4,
                                    "Recheck Cond": "(mc.company_id < 164)",
                                    "Rows Removed by Index Recheck": 0,
                                    "Filter": "(mc.company_type_id = 1)",
                                    "Rows Removed by Filter": 17331,
                                    "Exact Heap Blocks": 9939,
                                    "Lossy Heap Blocks": 0,
                                    "Workers": [
                                        {
                                            "Worker Number": 0,
                                            "Actual Startup Time": 16.153,
                                            "Actual Total Time": 66.488,
                                            "Actual Rows": 29691,
                                            "Actual Loops": 1
                                        },
                                        {
                                            "Worker Number": 1,
                                            "Actual Startup Time": 16.708,
                                            "Actual Total Time": 66.708,
                                            "Actual Rows": 31419,
                                            "Actual Loops": 1
                                        },
                                        {
                                            "Worker Number": 2,
                                            "Actual Startup Time": 16.854,
                                            "Actual Total Time": 66.908,
                                            "Actual Rows": 33940,
                                            "Actual Loops": 1
                                        }
                                    ],
                                    "Plans": [
                                        {
                                            "Node Type": "Bitmap Index Scan",
                                            "Parent Relationship": "Outer",
                                            "Parallel Aware": false,
                                            "Index Name": "company_id_movie_companies",
                                            "Startup Cost": 0.0,
                                            "Total Cost": 7244.68,
                                            "Plan Rows": 338167,
                                            "Plan Width": 0,
                                            "Actual Startup Time": 24.958,
                                            "Actual Total Time": 24.958,
                                            "Actual Rows": 329920,
                                            "Actual Loops": 1,
                                            "Index Cond": "(mc.company_id < 164)"
                                        }
                                    ]
                                }
                            ]
                        }
                    ]
                }
            ]
        },
        "Planning Time": 225.833,
        "Triggers": [],
        "Execution Time": 87.691
    }
]