[
    {
        "Bao": {
            "Bao prediction": "NaN",
            "Bao recommended hint": "(no hint)"
        }
    },
    {
        "Plan": {
            "Node Type": "Aggregate",
            "Strategy": "Plain",
            "Partial Mode": "Finalize",
            "Parallel Aware": false,
            "Startup Cost": 49450.18,
            "Total Cost": 49450.19,
            "Plan Rows": 1,
            "Plan Width": 8,
            "Actual Startup Time": 122.526,
            "Actual Total Time": 135.537,
            "Actual Rows": 1,
            "Actual Loops": 1,
            "Output": [
                "count(*)"
            ],
            "Plans": [
                {
                    "Node Type": "Gather",
                    "Parent Relationship": "Outer",
                    "Parallel Aware": false,
                    "Startup Cost": 49449.76,
                    "Total Cost": 49450.17,
                    "Plan Rows": 4,
                    "Plan Width": 8,
                    "Actual Startup Time": 122.395,
                    "Actual Total Time": 135.529,
                    "Actual Rows": 5,
                    "Actual Loops": 1,
                    "Output": [
                        "(PARTIAL count(*))"
                    ],
                    "Workers Planned": 4,
                    "Workers Launched": 4,
                    "Single Copy": false,
                    "Plans": [
                        {
                            "Node Type": "Aggregate",
                            "Strategy": "Plain",
                            "Partial Mode": "Partial",
                            "Parent Relationship": "Outer",
                            "Parallel Aware": false,
                            "Startup Cost": 48449.76,
                            "Total Cost": 48449.77,
                            "Plan Rows": 1,
                            "Plan Width": 8,
                            "Actual Startup Time": 112.617,
                            "Actual Total Time": 112.619,
                            "Actual Rows": 1,
                            "Actual Loops": 5,
                            "Output": [
                                "PARTIAL count(*)"
                            ],
                            "Workers": [
                                {
                                    "Worker Number": 0,
                                    "Actual Startup Time": 109.818,
                                    "Actual Total Time": 109.82,
                                    "Actual Rows": 1,
                                    "Actual Loops": 1
                                },
                                {
                                    "Worker Number": 1,
                                    "Actual Startup Time": 110.018,
                                    "Actual Total Time": 110.02,
                                    "Actual Rows": 1,
                                    "Actual Loops": 1
                                },
                                {
                                    "Worker Number": 2,
                                    "Actual Startup Time": 110.5,
                                    "Actual Total Time": 110.502,
                                    "Actual Rows": 1,
                                    "Actual Loops": 1
                                },
                                {
                                    "Worker Number": 3,
                                    "Actual Startup Time": 111.053,
                                    "Actual Total Time": 111.055,
                                    "Actual Rows": 1,
                                    "Actual Loops": 1
                                }
                            ],
                            "Plans": [
                                {
                                    "Node Type": "Nested Loop",
                                    "Parent Relationship": "Outer",
                                    "Parallel Aware": false,
                                    "Join Type": "Inner",
                                    "Startup Cost": 0.86,
                                    "Total Cost": 48448.03,
                                    "Plan Rows": 692,
                                    "Plan Width": 0,
                                    "Actual Startup Time": 62.21,
                                    "Actual Total Time": 112.113,
                                    "Actual Rows": 5068,
                                    "Actual Loops": 5,
                                    "Inner Unique": false,
                                    "Join Filter": "(t.id = mi.movie_id)",
                                    "Rows Removed by Join Filter": 0,
                                    "Workers": [
                                        {
                                            "Worker Number": 0,
                                            "Actual Startup Time": 59.435,
                                            "Actual Total Time": 109.341,
                                            "Actual Rows": 3661,
                                            "Actual Loops": 1
                                        },
                                        {
                                            "Worker Number": 1,
                                            "Actual Startup Time": 59.665,
                                            "Actual Total Time": 109.555,
                                            "Actual Rows": 3607,
                                            "Actual Loops": 1
                                        },
                                        {
                                            "Worker Number": 2,
                                            "Actual Startup Time": 60.147,
                                            "Actual Total Time": 109.983,
                                            "Actual Rows": 4107,
                                            "Actual Loops": 1
                                        },
                                        {
                                            "Worker Number": 3,
                                            "Actual Startup Time": 60.638,
                                            "Actual Total Time": 110.572,
                                            "Actual Rows": 5876,
                                            "Actual Loops": 1
                                        }
                                    ],
                                    "Plans": [
                                        {
                                            "Node Type": "Nested Loop",
                                            "Parent Relationship": "Outer",
                                            "Parallel Aware": false,
                                            "Join Type": "Inner",
                                            "Startup Cost": 0.43,
                                            "Total Cost": 48175.97,
                                            "Plan Rows": 138,
                                            "Plan Width": 8,
                                            "Actual Startup Time": 62.136,
                                            "Actual Total Time": 95.898,
                                            "Actual Rows": 697,
                                            "Actual Loops": 5,
                                            "Output": [
                                                "t.id",
                                                "mc.movie_id"
                                            ],
                                            "Inner Unique": false,
                                            "Workers": [
                                                {
                                                    "Worker Number": 0,
                                                    "Actual Startup Time": 59.346,
                                                    "Actual Total Time": 91.776,
                                                    "Actual Rows": 498,
                                                    "Actual Loops": 1
                                                },
                                                {
                                                    "Worker Number": 1,
                                                    "Actual Startup Time": 59.564,
                                                    "Actual Total Time": 92.702,
                                                    "Actual Rows": 514,
                                                    "Actual Loops": 1
                                                },
                                                {
                                                    "Worker Number": 2,
                                                    "Actual Startup Time": 60.065,
                                                    "Actual Total Time": 91.725,
                                                    "Actual Rows": 563,
                                                    "Actual Loops": 1
                                                },
                                                {
                                                    "Worker Number": 3,
                                                    "Actual Startup Time": 60.566,
                                                    "Actual Total Time": 93.345,
                                                    "Actual Rows": 799,
                                                    "Actual Loops": 1
                                                }
                                            ],
                                            "Plans": [
                                                {
                                                    "Node Type": "Seq Scan",
                                                    "Parent Relationship": "Outer",
                                                    "Parallel Aware": true,
                                                    "Relation Name": "title",
                                                    "Schema": "public",
                                                    "Alias": "t",
                                                    "Startup Cost": 0.0,
                                                    "Total Cost": 45479.21,
                                                    "Plan Rows": 134,
                                                    "Plan Width": 4,
                                                    "Actual Startup Time": 62.01,
                                                    "Actual Total Time": 89.32,
                                                    "Actual Rows": 363,
                                                    "Actual Loops": 5,
                                                    "Output": [
                                                        "t.id",
                                                        "t.title",
                                                        "t.imdb_index",
                                                        "t.kind_id",
                                                        "t.production_year",
                                                        "t.imdb_id",
                                                        "t.phonetic_code",
                                                        "t.episode_of_id",
                                                        "t.season_nr",
                                                        "t.episode_nr",
                                                        "t.series_years",
                                                        "t.md5sum"
                                                    ],
                                                    "Filter": "((t.kind_id = 1) AND (t.production_year = 1900))",
                                                    "Rows Removed by Filter": 505299,
                                                    "Workers": [
                                                        {
                                                            "Worker Number": 0,
                                                            "Actual Startup Time": 59.188,
                                                            "Actual Total Time": 84.577,
                                                            "Actual Rows": 258,
                                                            "Actual Loops": 1
                                                        },
                                                        {
                                                            "Worker Number": 1,
                                                            "Actual Startup Time": 59.448,
                                                            "Actual Total Time": 85.774,
                                                            "Actual Rows": 270,
                                                            "Actual Loops": 1
                                                        },
                                                        {
                                                            "Worker Number": 2,
                                                            "Actual Startup Time": 59.938,
                                                            "Actual Total Time": 84.138,
                                                            "Actual Rows": 296,
                                                            "Actual Loops": 1
                                                        },
                                                        {
                                                            "Worker Number": 3,
                                                            "Actual Startup Time": 60.421,
                                                            "Actual Total Time": 86.001,
                                                            "Actual Rows": 417,
                                                            "Actual Loops": 1
                                                        }
                                                    ]
                                                },
                                                {
                                                    "Node Type": "Index Only Scan",
                                                    "Parent Relationship": "Inner",
                                                    "Parallel Aware": false,
                                                    "Scan Direction": "Forward",
                                                    "Index Name": "movie_id_movie_companies",
                                                    "Relation Name": "movie_companies",
                                                    "Schema": "public",
                                                    "Alias": "mc",
                                                    "Startup Cost": 0.43,
                                                    "Total Cost": 20.08,
                                                    "Plan Rows": 5,
                                                    "Plan Width": 4,
                                                    "Actual Startup Time": 0.013,
                                                    "Actual Total Time": 0.017,
                                                    "Actual Rows": 2,
                                                    "Actual Loops": 1815,
                                                    "Output": [
                                                        "mc.movie_id"
                                                    ],
                                                    "Index Cond": "(mc.movie_id = t.id)",
                                                    "Rows Removed by Index Recheck": 0,
                                                    "Heap Fetches": 3487,
                                                    "Workers": [
                                                        {
                                                            "Worker Number": 0,
                                                            "Actual Startup Time": 0.02,
                                                            "Actual Total Time": 0.027,
                                                            "Actual Rows": 2,
                                                            "Actual Loops": 258
                                                        },
                                                        {
                                                            "Worker Number": 1,
                                                            "Actual Startup Time": 0.018,
                                                            "Actual Total Time": 0.024,
                                                            "Actual Rows": 2,
                                                            "Actual Loops": 270
                                                        },
                                                        {
                                                            "Worker Number": 2,
                                                            "Actual Startup Time": 0.019,
                                                            "Actual Total Time": 0.024,
                                                            "Actual Rows": 2,
                                                            "Actual Loops": 296
                                                        },
                                                        {
                                                            "Worker Number": 3,
                                                            "Actual Startup Time": 0.013,
                                                            "Actual Total Time": 0.017,
                                                            "Actual Rows": 2,
                                                            "Actual Loops": 417
                                                        }
                                                    ]
                                                }
                                            ]
                                        },
                                        {
                                            "Node Type": "Index Scan",
                                            "Parent Relationship": "Inner",
                                            "Parallel Aware": false,
                                            "Scan Direction": "Forward",
                                            "Index Name": "movie_id_movie_info",
                                            "Relation Name": "movie_info",
                                            "Schema": "public",
                                            "Alias": "mi",
                                            "Startup Cost": 0.43,
                                            "Total Cost": 1.55,
                                            "Plan Rows": 34,
                                            "Plan Width": 4,
                                            "Actual Startup Time": 0.01,
                                            "Actual Total Time": 0.022,
                                            "Actual Rows": 7,
                                            "Actual Loops": 3487,
                                            "Output": [
                                                "mi.id",
                                                "mi.movie_id",
                                                "mi.info_type_id",
                                                "mi.info",
                                                "mi.note"
                                            ],
                                            "Index Cond": "(mi.movie_id = mc.movie_id)",
                                            "Rows Removed by Index Recheck": 0,
                                            "Filter": "(mi.info_type_id > 2)",
                                            "Rows Removed by Filter": 1,
                                            "Workers": [
                                                {
                                                    "Worker Number": 0,
                                                    "Actual Startup Time": 0.015,
                                                    "Actual Total Time": 0.033,
                                                    "Actual Rows": 7,
                                                    "Actual Loops": 498
                                                },
                                                {
                                                    "Worker Number": 1,
                                                    "Actual Startup Time": 0.014,
                                                    "Actual Total Time": 0.031,
                                                    "Actual Rows": 7,
                                                    "Actual Loops": 514
                                                },
                                                {
                                                    "Worker Number": 2,
                                                    "Actual Startup Time": 0.014,
                                                    "Actual Total Time": 0.031,
                                                    "Actual Rows": 7,
                                                    "Actual Loops": 563
                                                },
                                                {
                                                    "Worker Number": 3,
                                                    "Actual Startup Time": 0.009,
                                                    "Actual Total Time": 0.02,
                                                    "Actual Rows": 7,
                                                    "Actual Loops": 799
                                                }
                                            ]
                                        }
                                    ]
                                }
                            ]
                        }
                    ]
                }
            ]
        },
        "Planning Time": 298.672,
        "Triggers": [],
        "Execution Time": 135.645
    }
]