[
  {
    "Plan": {
      "Node Type": "Aggregate",
      "Strategy": "Plain",
      "Partial Mode": "Finalize",
      "Parallel Aware": false,
      "Startup Cost": 21828.07,
      "Total Cost": 21828.08,
      "Plan Rows": 1,
      "Plan Width": 8,
      "Actual Startup Time": 29.938,
      "Actual Total Time": 35.321,
      "Actual Rows": 1,
      "Actual Loops": 1,
      "Plans": [
        {
          "Node Type": "Gather",
          "Parent Relationship": "Outer",
          "Parallel Aware": false,
          "Startup Cost": 21827.96,
          "Total Cost": 21828.07,
          "Plan Rows": 1,
          "Plan Width": 8,
          "Actual Startup Time": 29.842,
          "Actual Total Time": 35.314,
          "Actual Rows": 2,
          "Actual Loops": 1,
          "Workers Planned": 1,
          "Workers Launched": 1,
          "Single Copy": false,
          "Plans": [
            {
              "Node Type": "Aggregate",
              "Strategy": "Plain",
              "Partial Mode": "Partial",
              "Parent Relationship": "Outer",
              "Parallel Aware": false,
              "Startup Cost": 20827.96,
              "Total Cost": 20827.97,
              "Plan Rows": 1,
              "Plan Width": 8,
              "Actual Startup Time": 27.069,
              "Actual Total Time": 27.071,
              "Actual Rows": 1,
              "Actual Loops": 2,
              "Plans": [
                {
                  "Node Type": "Nested Loop",
                  "Parent Relationship": "Outer",
                  "Parallel Aware": false,
                  "Join Type": "Inner",
                  "Startup Cost": 56.84,
                  "Total Cost": 20827.06,
                  "Plan Rows": 361,
                  "Plan Width": 0,
                  "Actual Startup Time": 1.758,
                  "Actual Total Time": 26.973,
                  "Actual Rows": 656,
                  "Actual Loops": 2,
                  "Inner Unique": false,
                  "Plans": [
                    {
                      "Node Type": "Nested Loop",
                      "Parent Relationship": "Outer",
                      "Parallel Aware": false,
                      "Join Type": "Inner",
                      "Startup Cost": 56.41,
                      "Total Cost": 18623.73,
                      "Plan Rows": 1484,
                      "Plan Width": 8,
                      "Actual Startup Time": 1.574,
                      "Actual Total Time": 17.348,
                      "Actual Rows": 1206,
                      "Actual Loops": 2,
                      "Inner Unique": true,
                      "Plans": [
                        {
                          "Node Type": "Bitmap Heap Scan",
                          "Parent Relationship": "Outer",
                          "Parallel Aware": true,
                          "Relation Name": "movie_companies",
                          "Alias": "mc",
                          "Startup Cost": 55.98,
                          "Total Cost": 7014.99,
                          "Plan Rows": 1484,
                          "Plan Width": 4,
                          "Actual Startup Time": 1.501,
                          "Actual Total Time": 5.595,
                          "Actual Rows": 1206,
                          "Actual Loops": 2,
                          "Recheck Cond": "(company_id = 708)",
                          "Rows Removed by Index Recheck": 0,
                          "Exact Heap Blocks": 917,
                          "Lossy Heap Blocks": 0,
                          "Plans": [
                            {
                              "Node Type": "Bitmap Index Scan",
                              "Parent Relationship": "Outer",
                              "Parallel Aware": false,
                              "Index Name": "company_id_movie_companies",
                              "Startup Cost": 0.0,
                              "Total Cost": 55.34,
                              "Plan Rows": 2522,
                              "Plan Width": 0,
                              "Actual Startup Time": 2.314,
                              "Actual Total Time": 2.315,
                              "Actual Rows": 2411,
                              "Actual Loops": 1,
                              "Index Cond": "(company_id = 708)"
                            }
                          ]
                        },
                        {
                          "Node Type": "Index Only Scan",
                          "Parent Relationship": "Inner",
                          "Parallel Aware": false,
                          "Scan Direction": "Forward",
                          "Index Name": "title_pkey",
                          "Relation Name": "title",
                          "Alias": "t",
                          "Startup Cost": 0.43,
                          "Total Cost": 7.82,
                          "Plan Rows": 1,
                          "Plan Width": 4,
                          "Actual Startup Time": 0.009,
                          "Actual Total Time": 0.009,
                          "Actual Rows": 1,
                          "Actual Loops": 2411,
                          "Index Cond": "(id = mc.movie_id)",
                          "Rows Removed by Index Recheck": 0,
                          "Heap Fetches": 2411
                        }
                      ]
                    },
                    {
                      "Node Type": "Index Scan",
                      "Parent Relationship": "Inner",
                      "Parallel Aware": false,
                      "Scan Direction": "Forward",
                      "Index Name": "movie_id_movie_keyword",
                      "Relation Name": "movie_keyword",
                      "Alias": "mk",
                      "Startup Cost": 0.43,
                      "Total Cost": 1.42,
                      "Plan Rows": 6,
                      "Plan Width": 4,
                      "Actual Startup Time": 0.007,
                      "Actual Total Time": 0.007,
                      "Actual Rows": 1,
                      "Actual Loops": 2411,
                      "Index Cond": "(movie_id = t.id)",
                      "Rows Removed by Index Recheck": 0,
                      "Filter": "(keyword_id < 479)",
                      "Rows Removed by Filter": 3
                    }
                  ]
                }
              ]
            }
          ]
        }
      ]
    },
    "Planning Time": 1.481,
    "Triggers": [],
    "Execution Time": 35.435
  }
]