[
  {
    "Plan": {
      "Node Type": "Aggregate",
      "Strategy": "Plain",
      "Partial Mode": "Finalize",
      "Parallel Aware": false,
      "Startup Cost": 24284.69,
      "Total Cost": 24284.7,
      "Plan Rows": 1,
      "Plan Width": 8,
      "Actual Startup Time": 34.439,
      "Actual Total Time": 39.118,
      "Actual Rows": 1,
      "Actual Loops": 1,
      "Plans": [
        {
          "Node Type": "Gather",
          "Parent Relationship": "Outer",
          "Parallel Aware": false,
          "Startup Cost": 24284.58,
          "Total Cost": 24284.69,
          "Plan Rows": 1,
          "Plan Width": 8,
          "Actual Startup Time": 34.288,
          "Actual Total Time": 39.111,
          "Actual Rows": 2,
          "Actual Loops": 1,
          "Workers Planned": 1,
          "Workers Launched": 1,
          "Single Copy": false,
          "Plans": [
            {
              "Node Type": "Aggregate",
              "Strategy": "Plain",
              "Partial Mode": "Partial",
              "Parent Relationship": "Outer",
              "Parallel Aware": false,
              "Startup Cost": 23284.58,
              "Total Cost": 23284.59,
              "Plan Rows": 1,
              "Plan Width": 8,
              "Actual Startup Time": 28.15,
              "Actual Total Time": 28.152,
              "Actual Rows": 1,
              "Actual Loops": 2,
              "Plans": [
                {
                  "Node Type": "Nested Loop",
                  "Parent Relationship": "Outer",
                  "Parallel Aware": false,
                  "Join Type": "Inner",
                  "Startup Cost": 63.53,
                  "Total Cost": 23283.56,
                  "Plan Rows": 410,
                  "Plan Width": 0,
                  "Actual Startup Time": 4.247,
                  "Actual Total Time": 28.046,
                  "Actual Rows": 656,
                  "Actual Loops": 2,
                  "Inner Unique": false,
                  "Plans": [
                    {
                      "Node Type": "Nested Loop",
                      "Parent Relationship": "Outer",
                      "Parallel Aware": false,
                      "Join Type": "Inner",
                      "Startup Cost": 63.1,
                      "Total Cost": 20811.1,
                      "Plan Rows": 1688,
                      "Plan Width": 8,
                      "Actual Startup Time": 1.726,
                      "Actual Total Time": 17.097,
                      "Actual Rows": 1206,
                      "Actual Loops": 2,
                      "Inner Unique": true,
                      "Plans": [
                        {
                          "Node Type": "Bitmap Heap Scan",
                          "Parent Relationship": "Outer",
                          "Parallel Aware": true,
                          "Relation Name": "movie_companies",
                          "Alias": "mc",
                          "Startup Cost": 62.67,
                          "Total Cost": 7737.43,
                          "Plan Rows": 1688,
                          "Plan Width": 4,
                          "Actual Startup Time": 1.576,
                          "Actual Total Time": 4.948,
                          "Actual Rows": 1206,
                          "Actual Loops": 2,
                          "Recheck Cond": "(company_id = 708)",
                          "Rows Removed by Index Recheck": 0,
                          "Exact Heap Blocks": 1214,
                          "Lossy Heap Blocks": 0,
                          "Plans": [
                            {
                              "Node Type": "Bitmap Index Scan",
                              "Parent Relationship": "Outer",
                              "Parallel Aware": false,
                              "Index Name": "company_id_movie_companies",
                              "Startup Cost": 0.0,
                              "Total Cost": 61.95,
                              "Plan Rows": 2870,
                              "Plan Width": 0,
                              "Actual Startup Time": 2.361,
                              "Actual Total Time": 2.361,
                              "Actual Rows": 2411,
                              "Actual Loops": 1,
                              "Index Cond": "(company_id = 708)"
                            }
                          ]
                        },
                        {
                          "Node Type": "Index Only Scan",
                          "Parent Relationship": "Inner",
                          "Parallel Aware": false,
                          "Scan Direction": "Forward",
                          "Index Name": "title_pkey",
                          "Relation Name": "title",
                          "Alias": "t",
                          "Startup Cost": 0.43,
                          "Total Cost": 7.75,
                          "Plan Rows": 1,
                          "Plan Width": 4,
                          "Actual Startup Time": 0.009,
                          "Actual Total Time": 0.009,
                          "Actual Rows": 1,
                          "Actual Loops": 2411,
                          "Index Cond": "(id = mc.movie_id)",
                          "Rows Removed by Index Recheck": 0,
                          "Heap Fetches": 2411
                        }
                      ]
                    },
                    {
                      "Node Type": "Index Scan",
                      "Parent Relationship": "Inner",
                      "Parallel Aware": false,
                      "Scan Direction": "Forward",
                      "Index Name": "movie_id_movie_keyword",
                      "Relation Name": "movie_keyword",
                      "Alias": "mk",
                      "Startup Cost": 0.43,
                      "Total Cost": 1.4,
                      "Plan Rows": 6,
                      "Plan Width": 4,
                      "Actual Startup Time": 0.008,
                      "Actual Total Time": 0.009,
                      "Actual Rows": 1,
                      "Actual Loops": 2411,
                      "Index Cond": "(movie_id = t.id)",
                      "Rows Removed by Index Recheck": 0,
                      "Filter": "(keyword_id < 479)",
                      "Rows Removed by Filter": 3
                    }
                  ]
                }
              ]
            }
          ]
        }
      ]
    },
    "Planning Time": 1.456,
    "Triggers": [],
    "Execution Time": 39.217
  }
]