[
  {
    "Plan": {
      "Node Type": "Aggregate",
      "Strategy": "Plain",
      "Partial Mode": "Finalize",
      "Parallel Aware": false,
      "Startup Cost": 69731.33,
      "Total Cost": 69731.34,
      "Plan Rows": 1,
      "Plan Width": 8,
      "Actual Startup Time": 182.169,
      "Actual Total Time": 196.031,
      "Actual Rows": 1,
      "Actual Loops": 1,
      "Plans": [
        {
          "Node Type": "Gather",
          "Parent Relationship": "Outer",
          "Parallel Aware": false,
          "Startup Cost": 69731.02,
          "Total Cost": 69731.33,
          "Plan Rows": 3,
          "Plan Width": 8,
          "Actual Startup Time": 179.21,
          "Actual Total Time": 196.023,
          "Actual Rows": 4,
          "Actual Loops": 1,
          "Workers Planned": 3,
          "Workers Launched": 3,
          "Single Copy": false,
          "Plans": [
            {
              "Node Type": "Aggregate",
              "Strategy": "Plain",
              "Partial Mode": "Partial",
              "Parent Relationship": "Outer",
              "Parallel Aware": false,
              "Startup Cost": 68731.02,
              "Total Cost": 68731.03,
              "Plan Rows": 1,
              "Plan Width": 8,
              "Actual Startup Time": 169.895,
              "Actual Total Time": 169.9,
              "Actual Rows": 1,
              "Actual Loops": 4,
              "Plans": [
                {
                  "Node Type": "Nested Loop",
                  "Parent Relationship": "Outer",
                  "Parallel Aware": false,
                  "Join Type": "Inner",
                  "Startup Cost": 46886.99,
                  "Total Cost": 68725.42,
                  "Plan Rows": 2238,
                  "Plan Width": 0,
                  "Actual Startup Time": 143.44,
                  "Actual Total Time": 169.65,
                  "Actual Rows": 3573,
                  "Actual Loops": 4,
                  "Inner Unique": false,
                  "Plans": [
                    {
                      "Node Type": "Hash Join",
                      "Parent Relationship": "Outer",
                      "Parallel Aware": true,
                      "Join Type": "Inner",
                      "Startup Cost": 46886.56,
                      "Total Cost": 66062.38,
                      "Plan Rows": 4100,
                      "Plan Width": 8,
                      "Actual Startup Time": 143.301,
                      "Actual Total Time": 156.65,
                      "Actual Rows": 2938,
                      "Actual Loops": 4,
                      "Inner Unique": true,
                      "Hash Cond": "(mc.movie_id = t.id)",
                      "Plans": [
                        {
                          "Node Type": "Bitmap Heap Scan",
                          "Parent Relationship": "Outer",
                          "Parallel Aware": true,
                          "Relation Name": "movie_companies",
                          "Alias": "mc",
                          "Startup Cost": 1717.28,
                          "Total Cost": 20826.14,
                          "Plan Rows": 25509,
                          "Plan Width": 4,
                          "Actual Startup Time": 5.045,
                          "Actual Total Time": 11.217,
                          "Actual Rows": 19719,
                          "Actual Loops": 4,
                          "Recheck Cond": "(company_id > 170777)",
                          "Rows Removed by Index Recheck": 0,
                          "Exact Heap Blocks": 974,
                          "Lossy Heap Blocks": 0,
                          "Plans": [
                            {
                              "Node Type": "Bitmap Index Scan",
                              "Parent Relationship": "Outer",
                              "Parallel Aware": false,
                              "Index Name": "company_id_movie_companies",
                              "Startup Cost": 0.0,
                              "Total Cost": 1697.51,
                              "Plan Rows": 79077,
                              "Plan Width": 0,
                              "Actual Startup Time": 4.726,
                              "Actual Total Time": 4.727,
                              "Actual Rows": 78875,
                              "Actual Loops": 1,
                              "Index Cond": "(company_id > 170777)"
                            }
                          ]
                        },
                        {
                          "Node Type": "Hash",
                          "Parent Relationship": "Inner",
                          "Parallel Aware": true,
                          "Startup Cost": 43899.32,
                          "Total Cost": 43899.32,
                          "Plan Rows": 101597,
                          "Plan Width": 4,
                          "Actual Startup Time": 135.605,
                          "Actual Total Time": 135.607,
                          "Actual Rows": 105945,
                          "Actual Loops": 4,
                          "Hash Buckets": 524288,
                          "Original Hash Buckets": 524288,
                          "Hash Batches": 1,
                          "Original Hash Batches": 1,
                          "Peak Memory Usage": 20736,
                          "Plans": [
                            {
                              "Node Type": "Seq Scan",
                              "Parent Relationship": "Outer",
                              "Parallel Aware": true,
                              "Relation Name": "title",
                              "Alias": "t",
                              "Startup Cost": 0.0,
                              "Total Cost": 43899.32,
                              "Plan Rows": 101597,
                              "Plan Width": 4,
                              "Actual Startup Time": 0.049,
                              "Actual Total Time": 100.672,
                              "Actual Rows": 105945,
                              "Actual Loops": 4,
                              "Filter": "(production_year < 1974)",
                              "Rows Removed by Filter": 526133
                            }
                          ]
                        }
                      ]
                    },
                    {
                      "Node Type": "Index Only Scan",
                      "Parent Relationship": "Inner",
                      "Parallel Aware": false,
                      "Scan Direction": "Forward",
                      "Index Name": "movie_id_movie_info_idx",
                      "Relation Name": "movie_info_idx",
                      "Alias": "mi_idx",
                      "Startup Cost": 0.43,
                      "Total Cost": 0.62,
                      "Plan Rows": 3,
                      "Plan Width": 4,
                      "Actual Startup Time": 0.004,
                      "Actual Total Time": 0.004,
                      "Actual Rows": 1,
                      "Actual Loops": 11752,
                      "Index Cond": "(movie_id = t.id)",
                      "Rows Removed by Index Recheck": 0,
                      "Heap Fetches": 14293
                    }
                  ]
                }
              ]
            }
          ]
        }
      ]
    },
    "Planning Time": 0.996,
    "Triggers": [],
    "Execution Time": 196.105
  }
]