[
  {
    "Plan": {
      "Node Type": "Aggregate",
      "Strategy": "Plain",
      "Partial Mode": "Finalize",
      "Parallel Aware": false,
      "Startup Cost": 68832.17,
      "Total Cost": 68832.18,
      "Plan Rows": 1,
      "Plan Width": 8,
      "Actual Startup Time": 139.937,
      "Actual Total Time": 154.878,
      "Actual Rows": 1,
      "Actual Loops": 1,
      "Plans": [
        {
          "Node Type": "Gather",
          "Parent Relationship": "Outer",
          "Parallel Aware": false,
          "Startup Cost": 68831.75,
          "Total Cost": 68832.16,
          "Plan Rows": 4,
          "Plan Width": 8,
          "Actual Startup Time": 139.145,
          "Actual Total Time": 154.87,
          "Actual Rows": 5,
          "Actual Loops": 1,
          "Workers Planned": 4,
          "Workers Launched": 4,
          "Single Copy": false,
          "Plans": [
            {
              "Node Type": "Aggregate",
              "Strategy": "Plain",
              "Partial Mode": "Partial",
              "Parent Relationship": "Outer",
              "Parallel Aware": false,
              "Startup Cost": 67831.75,
              "Total Cost": 67831.76,
              "Plan Rows": 1,
              "Plan Width": 8,
              "Actual Startup Time": 128.997,
              "Actual Total Time": 129.001,
              "Actual Rows": 1,
              "Actual Loops": 5,
              "Plans": [
                {
                  "Node Type": "Nested Loop",
                  "Parent Relationship": "Outer",
                  "Parallel Aware": false,
                  "Join Type": "Inner",
                  "Startup Cost": 21233.97,
                  "Total Cost": 67827.18,
                  "Plan Rows": 1828,
                  "Plan Width": 0,
                  "Actual Startup Time": 99.984,
                  "Actual Total Time": 128.808,
                  "Actual Rows": 2859,
                  "Actual Loops": 5,
                  "Inner Unique": false,
                  "Plans": [
                    {
                      "Node Type": "Hash Join",
                      "Parent Relationship": "Outer",
                      "Parallel Aware": true,
                      "Join Type": "Inner",
                      "Startup Cost": 21233.54,
                      "Total Cost": 65658.63,
                      "Plan Rows": 3349,
                      "Plan Width": 8,
                      "Actual Startup Time": 99.805,
                      "Actual Total Time": 118.819,
                      "Actual Rows": 2350,
                      "Actual Loops": 5,
                      "Inner Unique": false,
                      "Hash Cond": "(t.id = mc.movie_id)",
                      "Plans": [
                        {
                          "Node Type": "Seq Scan",
                          "Parent Relationship": "Outer",
                          "Parallel Aware": true,
                          "Relation Name": "title",
                          "Alias": "t",
                          "Startup Cost": 0.0,
                          "Total Cost": 43898.92,
                          "Plan Rows": 103074,
                          "Plan Width": 4,
                          "Actual Startup Time": 0.021,
                          "Actual Total Time": 71.569,
                          "Actual Rows": 84756,
                          "Actual Loops": 5,
                          "Filter": "(production_year < 1974)",
                          "Rows Removed by Filter": 420907
                        },
                        {
                          "Node Type": "Hash",
                          "Parent Relationship": "Inner",
                          "Parallel Aware": true,
                          "Startup Cost": 20902.31,
                          "Total Cost": 20902.31,
                          "Plan Rows": 26499,
                          "Plan Width": 4,
                          "Actual Startup Time": 30.351,
                          "Actual Total Time": 30.352,
                          "Actual Rows": 15775,
                          "Actual Loops": 5,
                          "Hash Buckets": 131072,
                          "Original Hash Buckets": 131072,
                          "Hash Batches": 1,
                          "Original Hash Batches": 1,
                          "Peak Memory Usage": 4224,
                          "Plans": [
                            {
                              "Node Type": "Bitmap Heap Scan",
                              "Parent Relationship": "Outer",
                              "Parallel Aware": true,
                              "Relation Name": "movie_companies",
                              "Alias": "mc",
                              "Startup Cost": 1781.07,
                              "Total Cost": 20902.31,
                              "Plan Rows": 26499,
                              "Plan Width": 4,
                              "Actual Startup Time": 5.914,
                              "Actual Total Time": 21.956,
                              "Actual Rows": 15775,
                              "Actual Loops": 5,
                              "Recheck Cond": "(company_id > 170777)",
                              "Rows Removed by Index Recheck": 0,
                              "Exact Heap Blocks": 1118,
                              "Lossy Heap Blocks": 0,
                              "Plans": [
                                {
                                  "Node Type": "Bitmap Index Scan",
                                  "Parent Relationship": "Outer",
                                  "Parallel Aware": false,
                                  "Index Name": "company_id_movie_companies",
                                  "Startup Cost": 0.0,
                                  "Total Cost": 1760.53,
                                  "Plan Rows": 82147,
                                  "Plan Width": 0,
                                  "Actual Startup Time": 9.587,
                                  "Actual Total Time": 9.587,
                                  "Actual Rows": 78875,
                                  "Actual Loops": 1,
                                  "Index Cond": "(company_id > 170777)"
                                }
                              ]
                            }
                          ]
                        }
                      ]
                    },
                    {
                      "Node Type": "Index Only Scan",
                      "Parent Relationship": "Inner",
                      "Parallel Aware": false,
                      "Scan Direction": "Forward",
                      "Index Name": "movie_id_movie_info_idx",
                      "Relation Name": "movie_info_idx",
                      "Alias": "mi_idx",
                      "Startup Cost": 0.43,
                      "Total Cost": 0.62,
                      "Plan Rows": 3,
                      "Plan Width": 4,
                      "Actual Startup Time": 0.004,
                      "Actual Total Time": 0.004,
                      "Actual Rows": 1,
                      "Actual Loops": 11752,
                      "Index Cond": "(movie_id = t.id)",
                      "Rows Removed by Index Recheck": 0,
                      "Heap Fetches": 14293
                    }
                  ]
                }
              ]
            }
          ]
        }
      ]
    },
    "Planning Time": 1.355,
    "Triggers": [],
    "Execution Time": 154.983
  }
]