[
  {
    "Plan": {
      "Node Type": "Aggregate",
      "Strategy": "Plain",
      "Partial Mode": "Finalize",
      "Parallel Aware": false,
      "Startup Cost": 326959.56,
      "Total Cost": 326959.57,
      "Plan Rows": 1,
      "Plan Width": 8,
      "Actual Startup Time": 452.164,
      "Actual Total Time": 468.112,
      "Actual Rows": 1,
      "Actual Loops": 1,
      "Plans": [
        {
          "Node Type": "Gather",
          "Parent Relationship": "Outer",
          "Parallel Aware": false,
          "Startup Cost": 326958.94,
          "Total Cost": 326959.55,
          "Plan Rows": 6,
          "Plan Width": 8,
          "Actual Startup Time": 452.113,
          "Actual Total Time": 468.105,
          "Actual Rows": 7,
          "Actual Loops": 1,
          "Workers Planned": 6,
          "Workers Launched": 6,
          "Single Copy": false,
          "Plans": [
            {
              "Node Type": "Aggregate",
              "Strategy": "Plain",
              "Partial Mode": "Partial",
              "Parent Relationship": "Outer",
              "Parallel Aware": false,
              "Startup Cost": 325958.94,
              "Total Cost": 325958.95,
              "Plan Rows": 1,
              "Plan Width": 8,
              "Actual Startup Time": 444.384,
              "Actual Total Time": 444.385,
              "Actual Rows": 1,
              "Actual Loops": 7,
              "Plans": [
                {
                  "Node Type": "Index Scan",
                  "Parent Relationship": "Outer",
                  "Parallel Aware": true,
                  "Scan Direction": "Forward",
                  "Index Name": "role_id_cast_info",
                  "Relation Name": "cast_info",
                  "Alias": "ci",
                  "Startup Cost": 0.56,
                  "Total Cost": 322560.04,
                  "Plan Rows": 1359561,
                  "Plan Width": 0,
                  "Actual Startup Time": 0.098,
                  "Actual Total Time": 372.92,
                  "Actual Rows": 1393804,
                  "Actual Loops": 7,
                  "Index Cond": "(role_id > 3)",
                  "Rows Removed by Index Recheck": 0,
                  "Filter": "(person_id > 1148232)",
                  "Rows Removed by Filter": 336716
                }
              ]
            }
          ]
        }
      ]
    },
    "Planning Time": 0.167,
    "Triggers": [],
    "Execution Time": 468.16
  }
]