[
  {
    "Plan": {
      "Node Type": "Aggregate",
      "Strategy": "Plain",
      "Partial Mode": "Finalize",
      "Parallel Aware": false,
      "Startup Cost": 76091.23,
      "Total Cost": 76091.24,
      "Plan Rows": 1,
      "Plan Width": 8,
      "Actual Startup Time": 350.269,
      "Actual Total Time": 365.401,
      "Actual Rows": 1,
      "Actual Loops": 1,
      "Plans": [
        {
          "Node Type": "Gather",
          "Parent Relationship": "Outer",
          "Parallel Aware": false,
          "Startup Cost": 76090.91,
          "Total Cost": 76091.22,
          "Plan Rows": 3,
          "Plan Width": 8,
          "Actual Startup Time": 342.068,
          "Actual Total Time": 365.388,
          "Actual Rows": 4,
          "Actual Loops": 1,
          "Workers Planned": 3,
          "Workers Launched": 3,
          "Single Copy": false,
          "Plans": [
            {
              "Node Type": "Aggregate",
              "Strategy": "Plain",
              "Partial Mode": "Partial",
              "Parent Relationship": "Outer",
              "Parallel Aware": false,
              "Startup Cost": 75090.91,
              "Total Cost": 75090.92,
              "Plan Rows": 1,
              "Plan Width": 8,
              "Actual Startup Time": 330.625,
              "Actual Total Time": 330.629,
              "Actual Rows": 1,
              "Actual Loops": 4,
              "Plans": [
                {
                  "Node Type": "Hash Join",
                  "Parent Relationship": "Outer",
                  "Parallel Aware": true,
                  "Join Type": "Inner",
                  "Startup Cost": 50249.4,
                  "Total Cost": 75055.43,
                  "Plan Rows": 14193,
                  "Plan Width": 0,
                  "Actual Startup Time": 288.887,
                  "Actual Total Time": 330.383,
                  "Actual Rows": 3417,
                  "Actual Loops": 4,
                  "Inner Unique": true,
                  "Hash Cond": "(mk.movie_id = t.id)",
                  "Plans": [
                    {
                      "Node Type": "Bitmap Heap Scan",
                      "Parent Relationship": "Outer",
                      "Parallel Aware": true,
                      "Relation Name": "movie_keyword",
                      "Alias": "mk",
                      "Startup Cost": 1531.59,
                      "Total Cost": 26276.52,
                      "Plan Rows": 23274,
                      "Plan Width": 4,
                      "Actual Startup Time": 8.603,
                      "Actual Total Time": 37.495,
                      "Actual Rows": 18148,
                      "Actual Loops": 4,
                      "Recheck Cond": "(keyword_id < 66)",
                      "Rows Removed by Index Recheck": 0,
                      "Exact Heap Blocks": 8258,
                      "Lossy Heap Blocks": 0,
                      "Plans": [
                        {
                          "Node Type": "Bitmap Index Scan",
                          "Parent Relationship": "Outer",
                          "Parallel Aware": false,
                          "Index Name": "keyword_id_movie_keyword",
                          "Startup Cost": 0.0,
                          "Total Cost": 1513.56,
                          "Plan Rows": 72150,
                          "Plan Width": 0,
                          "Actual Startup Time": 5.711,
                          "Actual Total Time": 5.711,
                          "Actual Rows": 72592,
                          "Actual Loops": 1,
                          "Index Cond": "(keyword_id < 66)"
                        }
                      ]
                    },
                    {
                      "Node Type": "Hash",
                      "Parent Relationship": "Inner",
                      "Parallel Aware": true,
                      "Startup Cost": 43899.32,
                      "Total Cost": 43899.32,
                      "Plan Rows": 385479,
                      "Plan Width": 4,
                      "Actual Startup Time": 272.205,
                      "Actual Total Time": 272.206,
                      "Actual Rows": 385816,
                      "Actual Loops": 4,
                      "Hash Buckets": 2097152,
                      "Original Hash Buckets": 2097152,
                      "Hash Batches": 1,
                      "Original Hash Batches": 1,
                      "Peak Memory Usage": 76800,
                      "Plans": [
                        {
                          "Node Type": "Seq Scan",
                          "Parent Relationship": "Outer",
                          "Parallel Aware": true,
                          "Relation Name": "title",
                          "Alias": "t",
                          "Startup Cost": 0.0,
                          "Total Cost": 43899.32,
                          "Plan Rows": 385479,
                          "Plan Width": 4,
                          "Actual Startup Time": 0.037,
                          "Actual Total Time": 112.395,
                          "Actual Rows": 385816,
                          "Actual Loops": 4,
                          "Filter": "(kind_id = 7)",
                          "Rows Removed by Filter": 246262
                        }
                      ]
                    }
                  ]
                }
              ]
            }
          ]
        }
      ]
    },
    "Planning Time": 0.687,
    "Triggers": [],
    "Execution Time": 365.495
  }
]