[
  {
    "Plan": {
      "Node Type": "Aggregate",
      "Strategy": "Plain",
      "Partial Mode": "Finalize",
      "Parallel Aware": false,
      "Startup Cost": 76059.39,
      "Total Cost": 76059.4,
      "Plan Rows": 1,
      "Plan Width": 8,
      "Actual Startup Time": 308.503,
      "Actual Total Time": 323.378,
      "Actual Rows": 1,
      "Actual Loops": 1,
      "Plans": [
        {
          "Node Type": "Gather",
          "Parent Relationship": "Outer",
          "Parallel Aware": false,
          "Startup Cost": 76059.07,
          "Total Cost": 76059.38,
          "Plan Rows": 3,
          "Plan Width": 8,
          "Actual Startup Time": 303.493,
          "Actual Total Time": 323.37,
          "Actual Rows": 4,
          "Actual Loops": 1,
          "Workers Planned": 3,
          "Workers Launched": 3,
          "Single Copy": false,
          "Plans": [
            {
              "Node Type": "Aggregate",
              "Strategy": "Plain",
              "Partial Mode": "Partial",
              "Parent Relationship": "Outer",
              "Parallel Aware": false,
              "Startup Cost": 75059.07,
              "Total Cost": 75059.08,
              "Plan Rows": 1,
              "Plan Width": 8,
              "Actual Startup Time": 291.06,
              "Actual Total Time": 291.065,
              "Actual Rows": 1,
              "Actual Loops": 4,
              "Plans": [
                {
                  "Node Type": "Hash Join",
                  "Parent Relationship": "Outer",
                  "Parallel Aware": true,
                  "Join Type": "Inner",
                  "Startup Cost": 50220.76,
                  "Total Cost": 75023.98,
                  "Plan Rows": 14035,
                  "Plan Width": 0,
                  "Actual Startup Time": 251.838,
                  "Actual Total Time": 290.827,
                  "Actual Rows": 3417,
                  "Actual Loops": 4,
                  "Inner Unique": true,
                  "Hash Cond": "(mk.movie_id = t.id)",
                  "Plans": [
                    {
                      "Node Type": "Bitmap Heap Scan",
                      "Parent Relationship": "Outer",
                      "Parallel Aware": true,
                      "Relation Name": "movie_keyword",
                      "Alias": "mk",
                      "Startup Cost": 1519.15,
                      "Total Cost": 26261.76,
                      "Plan Rows": 23089,
                      "Plan Width": 4,
                      "Actual Startup Time": 8.129,
                      "Actual Total Time": 36.537,
                      "Actual Rows": 18148,
                      "Actual Loops": 4,
                      "Recheck Cond": "(keyword_id < 66)",
                      "Rows Removed by Index Recheck": 0,
                      "Exact Heap Blocks": 8051,
                      "Lossy Heap Blocks": 0,
                      "Plans": [
                        {
                          "Node Type": "Bitmap Index Scan",
                          "Parent Relationship": "Outer",
                          "Parallel Aware": false,
                          "Index Name": "keyword_id_movie_keyword",
                          "Startup Cost": 0.0,
                          "Total Cost": 1501.25,
                          "Plan Rows": 71576,
                          "Plan Width": 0,
                          "Actual Startup Time": 5.248,
                          "Actual Total Time": 5.249,
                          "Actual Rows": 72592,
                          "Actual Loops": 1,
                          "Index Cond": "(keyword_id < 66)"
                        }
                      ]
                    },
                    {
                      "Node Type": "Hash",
                      "Parent Relationship": "Inner",
                      "Parallel Aware": true,
                      "Startup Cost": 43898.92,
                      "Total Cost": 43898.92,
                      "Plan Rows": 384216,
                      "Plan Width": 4,
                      "Actual Startup Time": 236.056,
                      "Actual Total Time": 236.057,
                      "Actual Rows": 385816,
                      "Actual Loops": 4,
                      "Hash Buckets": 2097152,
                      "Original Hash Buckets": 2097152,
                      "Hash Batches": 1,
                      "Original Hash Batches": 1,
                      "Peak Memory Usage": 76800,
                      "Plans": [
                        {
                          "Node Type": "Seq Scan",
                          "Parent Relationship": "Outer",
                          "Parallel Aware": true,
                          "Relation Name": "title",
                          "Alias": "t",
                          "Startup Cost": 0.0,
                          "Total Cost": 43898.92,
                          "Plan Rows": 384216,
                          "Plan Width": 4,
                          "Actual Startup Time": 0.045,
                          "Actual Total Time": 101.699,
                          "Actual Rows": 385816,
                          "Actual Loops": 4,
                          "Filter": "(kind_id = 7)",
                          "Rows Removed by Filter": 246262
                        }
                      ]
                    }
                  ]
                }
              ]
            }
          ]
        }
      ]
    },
    "Planning Time": 0.661,
    "Triggers": [],
    "Execution Time": 323.468
  }
]