{
  "Plan": {
    "Node Type": "Aggregate",
    "Strategy": "Plain",
    "Partial Mode": "Finalize",
    "Parallel Aware": false,
    "Startup Cost": 120633.95,
    "Total Cost": 120633.96,
    "Plan Rows": 1,
    "Plan Width": 8,
    "Actual Startup Time": 855.519,
    "Actual Total Time": 878.197,
    "Actual Rows": 1,
    "Actual Loops": 1,
    "Plans": [
      {
        "Node Type": "Gather",
        "Parent Relationship": "Outer",
        "Parallel Aware": false,
        "Startup Cost": 120633.84,
        "Total Cost": 120633.95,
        "Plan Rows": 1,
        "Plan Width": 8,
        "Actual Startup Time": 849.405,
        "Actual Total Time": 878.189,
        "Actual Rows": 2,
        "Actual Loops": 1,
        "Workers Planned": 1,
        "Workers Launched": 1,
        "Single Copy": false,
        "Plans": [
          {
            "Node Type": "Aggregate",
            "Strategy": "Plain",
            "Partial Mode": "Partial",
            "Parent Relationship": "Outer",
            "Parallel Aware": false,
            "Startup Cost": 119633.84,
            "Total Cost": 119633.85,
            "Plan Rows": 1,
            "Plan Width": 8,
            "Actual Startup Time": 837.962,
            "Actual Total Time": 837.966,
            "Actual Rows": 1,
            "Actual Loops": 2,
            "Plans": [
              {
                "Node Type": "Hash Join",
                "Parent Relationship": "Outer",
                "Parallel Aware": true,
                "Join Type": "Inner",
                "Startup Cost": 86736.6,
                "Total Cost": 118436.21,
                "Plan Rows": 479049,
                "Plan Width": 0,
                "Actual Startup Time": 630.572,
                "Actual Total Time": 820.211,
                "Actual Rows": 401074,
                "Actual Loops": 2,
                "Inner Unique": true,
                "Hash Cond": "(mk.movie_id = t.id)",
                "Plans": [
                  {
                    "Node Type": "Bitmap Heap Scan",
                    "Parent Relationship": "Outer",
                    "Parallel Aware": true,
                    "Relation Name": "movie_keyword",
                    "Alias": "mk",
                    "Startup Cost": 17275.9,
                    "Total Cost": 47718.01,
                    "Plan Rows": 479049,
                    "Plan Width": 4,
                    "Actual Startup Time": 46.734,
                    "Actual Total Time": 137.362,
                    "Actual Rows": 401074,
                    "Actual Loops": 2,
                    "Recheck Cond": "(keyword_id > 23071)",
                    "Rows Removed by Index Recheck": 0,
                    "Exact Heap Blocks": 13522,
                    "Lossy Heap Blocks": 0,
                    "Plans": [
                      {
                        "Node Type": "Bitmap Index Scan",
                        "Parent Relationship": "Outer",
                        "Parallel Aware": false,
                        "Index Name": "keyword_id_movie_keyword",
                        "Startup Cost": 0.0,
                        "Total Cost": 17072.3,
                        "Plan Rows": 814383,
                        "Plan Width": 0,
                        "Actual Startup Time": 43.123,
                        "Actual Total Time": 43.124,
                        "Actual Rows": 802149,
                        "Actual Loops": 1,
                        "Index Cond": "(keyword_id > 23071)"
                      }
                    ]
                  },
                  {
                    "Node Type": "Hash",
                    "Parent Relationship": "Inner",
                    "Parallel Aware": true,
                    "Startup Cost": 50870.31,
                    "Total Cost": 50870.31,
                    "Plan Rows": 1487231,
                    "Plan Width": 4,
                    "Actual Startup Time": 562.613,
                    "Actual Total Time": 562.614,
                    "Actual Rows": 1264156,
                    "Actual Loops": 2,
                    "Hash Buckets": 4194304,
                    "Original Hash Buckets": 4194304,
                    "Hash Batches": 1,
                    "Original Hash Batches": 1,
                    "Peak Memory Usage": 131712,
                    "Plans": [
                      {
                        "Node Type": "Seq Scan",
                        "Parent Relationship": "Outer",
                        "Parallel Aware": true,
                        "Relation Name": "title",
                        "Alias": "t",
                        "Startup Cost": 0.0,
                        "Total Cost": 50870.31,
                        "Plan Rows": 1487231,
                        "Plan Width": 4,
                        "Actual Startup Time": 0.03,
                        "Actual Total Time": 157.844,
                        "Actual Rows": 1264156,
                        "Actual Loops": 2
                      }
                    ]
                  }
                ]
              }
            ]
          }
        ]
      }
    ]
  },
  "Planning Time": 0.682,
  "Triggers": [],
  "Execution Time": 878.283
}